TRXV5
3
4
4
9
string Extension=J
integer IsArchMeasurement=1
integer IsSpherical=1
string Generator=SPM
string GeneratorVersion=1.3.1 Dev
double ArchRadius=0.449999988079071
integer FrequencyAxisIndex=0
integer AzimuthAxisIndex=1
integer ElevationAxisIndex=2
Frequency
5 136 690000000 960000000 LIN
Azimuth
7 8 0 2.74889357189107 LIN
Elevation
7 15 -2.74889357189107 2.74889357189107 LIN
Polar H Real Part
13
Polar H Imaginary Part
14
Polar V Real Part
13
Polar V Imaginary Part
14
Polar H Magnitude (dB)
12 0xC0000002 0 1
Polar H Phase
7 0xC0000003 0 1
Polar V Magnitude (dB)
12 0xC0000002 2 3
Polar V Phase
7 0xC0000003 2 3
-0.0104293823242187 0.05303955078125 0.0758056640625 -0.006134033203125
0.0387458801269531 0.0365142822265625 0.0410041809082031 0.0180740356445313
0.0383720397949219 -0.0107688903808594 0.0446395874023438 0.026763916015625
0.0169658660888672 -0.0272979736328125 0.0707931518554688 0.011993408203125
-5.14984130859364E-05 -0.0279102325439453 0.0751953125 -0.0197525024414062
-0.0166397094726563 -0.0299015045166016 0.0601921081542969 -0.0495529174804688
-0.0182170867919922 -0.0235137939453125 0.0444793701171875 -0.0506591796875
-0.0126476287841797 -0.0237598419189453 0.0308361053466797 -0.0334815979003906
-0.00667381286621094 -0.0344028472900391 0.0169124603271484 -0.011906623840332
0.0167312622070313 -0.0280704498291016 -0.00307536125183105 -0.00352525711059571
0.0333919525146484 -0.00713348388671875 -0.0284824371337891 -0.0220088958740234
0.0302028656005859 0.0151309967041016 -0.0210189819335937 -0.0569877624511719
0.00621795654296875 0.0371513366699219 0.0316009521484375 -0.0929641723632813
-0.0190811157226562 0.0453758239746094 0.0622940063476562 -0.0816879272460937
-0.0420417785644531 0.0383682250976563 0.0344963073730469 -0.0507125854492187
-0.0319442749023437 0.0626411437988281 0.0685920715332031 0.0152778625488281
0.02276611328125 0.0577926635742187 0.0363883972167969 0.0386428833007813
0.0381355285644531 0.012420654296875 0.0459938049316406 0.0437088012695313
0.0294761657714844 -0.00980567932128906 0.0756378173828125 0.0273971557617187
0.0179195404052734 -0.0207328796386719 0.0817718505859375 -0.00667572021484375
0.00567626953125 -0.0329380035400391 0.0702133178710938 -0.0398788452148438
0.000802993774414065 -0.0320339202880859 0.0513076782226563 -0.0418052673339844
0.00382804870605469 -0.0297222137451172 0.0343418121337891 -0.0243339538574219
0.0127944946289063 -0.0381431579589844 0.0169944763183594 -0.000671386718750002
0.0340003967285156 -0.0258445739746094 -0.007354736328125 0.00929832458496093
0.0449104309082031 0.0026092529296875 -0.037628173828125 -0.00962448120117187
0.0367393493652344 0.0299301147460938 -0.0365867614746094 -0.0469245910644531
0.00144577026367187 0.0542182922363281 0.00894927978515625 -0.0891647338867188
-0.0332603454589844 0.0585441589355469 0.037628173828125 -0.0740966796875
-0.0585861206054687 0.0486831665039063 0.0114517211914062 -0.0396881103515625
-0.0522804260253906 0.0625190734863281 0.0506629943847656 0.0385627746582031
-0.00247955322265624 0.0716094970703125 0.0211715698242187 0.0632362365722656
0.0283927917480469 0.0373725891113281 0.0420379638671875 0.0654563903808594
0.0365791320800781 0.0145149230957031 0.076507568359375 0.0463027954101563
0.0355567932128906 -0.00594329833984375 0.0834426879882813 0.00921630859375
0.0298900604248047 -0.0300979614257813 0.0751419067382813 -0.026824951171875
0.0207252502441406 -0.0355796813964844 0.0518646240234375 -0.028533935546875
0.0200252532958984 -0.0299930572509766 0.0318527221679688 -0.0106906890869141
0.0277061462402344 -0.0374298095703125 0.0120058059692383 0.0135593414306641
0.0445098876953125 -0.0228843688964844 -0.0140552520751953 0.0227241516113281
0.0507774353027344 0.00670242309570312 -0.0464210510253906 0.00531387329101563
0.0421371459960938 0.0342826843261719 -0.05126953125 -0.0320968627929688
0.00568008422851563 0.0594978332519531 -0.0153350830078125 -0.0781097412109375
-0.0343551635742188 0.065582275390625 0.00973129272460937 -0.0586471557617188
-0.0643653869628906 0.0539627075195312 -0.0147628784179688 -0.0241718292236328
-0.0662002563476563 0.0511970520019531 0.0222396850585938 0.0593986511230469
-0.0287322998046875 0.0723037719726563 -0.00389862060546876 0.0868682861328125
0.0106163024902344 0.0566368103027344 0.0306320190429687 0.088043212890625
0.0353813171386719 0.0393409729003906 0.0689888000488281 0.0647201538085938
0.0460205078125 0.0126953125 0.0767822265625 0.02459716796875
0.0491714477539062 -0.0188941955566406 0.0703659057617188 -0.0108184814453125
0.0379219055175781 -0.0325546264648438 0.0437469482421875 -0.0129280090332031
0.0319557189941406 -0.0265121459960938 0.0235786437988281 0.003631591796875
0.0380477905273438 -0.0320014953613281 0.00479698181152344 0.0269298553466797
0.0490188598632813 -0.0194854736328125 -0.0199623107910156 0.035980224609375
0.0505027770996094 0.00816726684570313 -0.0512847900390625 0.0214500427246094
0.0414886474609375 0.033050537109375 -0.05975341796875 -0.0145721435546875
0.00926589965820312 0.0577468872070313 -0.032867431640625 -0.0594978332519531
-0.029510498046875 0.0632476806640625 -0.0115127563476563 -0.0363922119140625
-0.062164306640625 0.0516586303710938 -0.0389747619628906 -0.00528335571289063
-0.0651741027832031 0.0318145751953125 -0.00945281982421876 0.0715408325195313
-0.046234130859375 0.0579185485839844 -0.0349655151367188 0.101676940917969
-0.00998687744140624 0.060302734375 0.0106735229492187 0.102859497070313
0.0230255126953125 0.0545425415039063 0.0533905029296875 0.0770187377929688
0.0442848205566406 0.0295143127441406 0.0619125366210937 0.0346412658691406
0.0576629638671875 -0.00378036499023438 0.0560226440429688 0.00257110595703125
0.0476646423339844 -0.0230445861816406 0.02960205078125 0.00159835815429687
0.0384941101074219 -0.0195541381835938 0.0106897354125977 0.0171594619750977
0.04296875 -0.0234909057617188 -0.00448226928710938 0.0388755798339844
0.0495796203613281 -0.0115280151367188 -0.02679443359375 0.0465850830078125
0.0456008911132813 0.01153564453125 -0.0535011291503906 0.0329132080078125
0.0348300933837891 0.0317630767822266 -0.0610122680664063 -0.000274658203125002
0.005828857421875 0.0496826171875 -0.0403327941894531 -0.03924560546875
-0.0273208618164062 0.0509910583496094 -0.0244903564453125 -0.0123653411865234
-0.0573806762695313 0.0377655029296875 -0.0583953857421875 0.0133514404296875
-0.0493087768554688 0.00919342041015625 -0.036468505859375 0.0755233764648438
-0.0464935302734375 0.0317802429199219 -0.0618820190429688 0.10369873046875
-0.0233154296875 0.0457000732421875 -0.00941467285156251 0.107582092285156
0.00467300415039062 0.0516548156738281 0.0346298217773437 0.079193115234375
0.0299530029296875 0.0359840393066406 0.0439491271972656 0.0360641479492188
0.0509529113769531 0.0109024047851563 0.0362548828125 0.0109901428222656
0.0477142333984375 -0.0091094970703125 0.0122041702270508 0.0131206512451172
0.0387649536132813 -0.00954055786132813 -0.00339698791503906 0.0284080505371094
0.0431442260742188 -0.0123214721679688 -0.0148544311523437 0.0477027893066406
0.0463180541992188 -0.00128936767578125 -0.0337677001953125 0.0527229309082031
0.0387077331542969 0.0176544189453125 -0.0546493530273437 0.0386123657226563
0.0240192413330078 0.0344657897949219 -0.0589103698730469 0.00687408447265626
-0.00451278686523437 0.0414085388183594 -0.04119873046875 -0.0249481201171875
-0.0306434631347656 0.0321235656738281 -0.0308246612548828 0.00399017333984375
-0.0507164001464844 0.015655517578125 -0.0724716186523438 0.0253448486328125
-0.0223255157470703 -0.0124549865722656 -0.05047607421875 0.0723953247070313
-0.030364990234375 0.00270652770996094 -0.0768280029296875 0.0978775024414063
-0.0235767364501953 0.0185890197753906 -0.0227127075195313 0.103126525878906
-0.0111484527587891 0.0321998596191406 0.020599365234375 0.0739593505859375
0.00932693481445312 0.0310287475585938 0.0292758941650391 0.0317821502685547
0.0320987701416016 0.0217323303222656 0.0184974670410156 0.0128955841064453
0.0388069152832031 0.00638198852539062 -0.00513267517089843 0.018951416015625
0.0329570770263672 0.00176811218261719 -0.0168418884277344 0.0356292724609375
0.0378837585449219 -0.000152587890625 -0.0264167785644531 0.0524635314941406
0.0395393371582031 0.009735107421875 -0.0429458618164063 0.0540962219238281
0.0292167663574219 0.0241413116455078 -0.0579185485839844 0.0378608703613281
0.0119705200195313 0.0366020202636719 -0.0586471557617188 0.0076141357421875
-0.0191593170166016 0.0329532623291016 -0.0415382385253906 -0.0184326171875
-0.0364341735839844 0.0107994079589844 -0.0363540649414063 0.00981521606445312
-0.0420761108398438 -0.0114173889160156 -0.0829849243164063 0.0269927978515625
0.00750923156738282 -0.0314350128173828 -0.0504951477050781 0.0647926330566406
-0.00508689880371093 -0.0225200653076172 -0.0749282836914063 0.089447021484375
-0.0137968063354492 -0.0107479095458984 -0.024566650390625 0.0964202880859375
-0.0204086303710938 0.00421524047851562 0.0171432495117188 0.0656280517578125
-0.0115432739257813 0.0172328948974609 0.0241584777832031 0.0238723754882813
0.00755691528320312 0.0258445739746094 0.00592613220214844 0.00845432281494141
0.0225391387939453 0.0197525024414063 -0.017333984375 0.0186233520507813
0.0221767425537109 0.0126934051513672 -0.0296478271484375 0.0378646850585938
0.0270252227783203 0.0113315582275391 -0.0386428833007813 0.0535163879394531
0.0279636383056641 0.0196571350097656 -0.0540695190429688 0.0517120361328125
0.0181503295898438 0.0286617279052734 -0.0649795532226563 0.03314208984375
-0.000900268554687503 0.0359611511230469 -0.0604629516601563 0.00289154052734375
-0.0316925048828125 0.0224246978759766 -0.0435256958007813 -0.0194282531738281
-0.0385818481445313 -0.0115318298339844 -0.0420341491699219 0.00573730468749999
-0.0296211242675781 -0.0378341674804688 -0.0890579223632813 0.0187530517578125
-0.00186920166015625 0.0599517822265625 0.0870590209960938 -0.010589599609375
0.0503692626953125 0.0344963073730469 0.0497589111328125 0.014434814453125
0.0419235229492188 -0.0185813903808594 0.0491447448730469 0.0222587585449219
0.0141429901123047 -0.0348052978515625 0.073974609375 0.00690460205078125
-0.0060577392578125 -0.0321769714355469 0.0777435302734375 -0.02557373046875
-0.0258064270019531 -0.0303916931152344 0.0606498718261719 -0.0557060241699219
-0.0255031585693359 -0.0222759246826172 0.0458717346191406 -0.0572013854980469
-0.0200920104980469 -0.0232391357421875 0.0332412719726563 -0.037841796875
-0.0152778625488281 -0.0374069213867188 0.0214996337890625 -0.0138359069824219
0.0116729736328125 -0.0354804992675781 0.00111997127532959 -0.000993728637695315
0.0357131958007813 -0.0150909423828125 -0.0303955078125 -0.0166072845458984
0.0371589660644531 0.0103874206542969 -0.0277748107910156 -0.0549583435058594
0.0139884948730469 0.0419197082519531 0.0234603881835938 -0.101097106933594
-0.0142822265625 0.0569114685058594 0.0608901977539062 -0.0932464599609375
-0.0411796569824219 0.0517044067382812 0.0369453430175781 -0.0556564331054687
-0.0273590087890625 0.0718765258789063 0.0818634033203125 0.0138397216796875
0.0320205688476563 0.05853271484375 0.0474014282226563 0.0373039245605469
0.0420494079589844 0.00716400146484375 0.0531044006347656 0.0410385131835938
0.0288295745849609 -0.0154285430908203 0.0817031860351563 0.0233383178710938
0.0147533416748047 -0.0252475738525391 0.0870895385742187 -0.0124130249023438
-0.00119781494140625 -0.0355911254882812 0.0740585327148438 -0.0471649169921875
-0.00442314147949219 -0.0327167510986328 0.055206298828125 -0.0495567321777344
-0.000705718994140625 -0.0306568145751953 0.0396575927734375 -0.0292015075683594
0.00696182250976563 -0.0420608520507813 0.0240688323974609 -0.00174713134765625
0.0314102172851563 -0.0328369140625 -0.000763893127441405 0.0129632949829102
0.0493354797363281 -0.00340652465820313 -0.0375938415527344 -0.00226974487304687
0.0447006225585938 0.0275115966796875 -0.0425910949707031 -0.0414161682128906
0.00885391235351563 0.0598220825195312 -0.00067138671874999 -0.09326171875
-0.0310440063476563 0.0707931518554688 0.0351486206054688 -0.08160400390625
-0.0600471496582031 0.0628204345703125 0.013458251953125 -0.0399284362792969
-0.0524673461914063 0.0712966918945313 0.0647125244140625 0.0416755676269531
0.00310516357421875 0.0755996704101563 0.0342979431152344 0.066131591796875
0.0325851440429688 0.0362129211425781 0.0515251159667969 0.06427001953125
0.0384864807128906 0.0113182067871094 0.0851669311523438 0.0433578491210938
0.0351524353027344 -0.00960159301757813 0.0914764404296875 0.003997802734375
0.0269298553466797 -0.0331707000732422 0.0800933837890625 -0.0342864990234375
0.0183601379394531 -0.0382194519042969 0.0569915771484375 -0.0357208251953125
0.0184364318847656 -0.0329265594482422 0.0382461547851563 -0.0157546997070313
0.0255622863769531 -0.0416412353515625 0.0204925537109375 0.0129184722900391
0.045684814453125 -0.0291633605957031 -0.00595474243164062 0.0273876190185547
0.0552406311035156 0.002777099609375 -0.0443267822265625 0.0142288208007813
0.0489540100097656 0.0337753295898438 -0.0558738708496094 -0.0238533020019531
0.0106544494628906 0.065826416015625 -0.0244903564453125 -0.0779571533203125
-0.0337066650390625 0.076629638671875 0.00713348388671875 -0.0612602233886719
-0.0676765441894531 0.0667533874511719 -0.0137901306152344 -0.0198860168457031
-0.069610595703125 0.0585556030273438 0.0352859497070312 0.0667762756347656
-0.0275344848632813 0.0788345336914063 0.00859069824218751 0.0945053100585938
0.0127410888671875 0.0594673156738281 0.0417327880859375 0.08935546875
0.0387077331542969 0.0404396057128906 0.0792312622070313 0.0631561279296875
0.049072265625 0.0114517211914063 0.0858993530273438 0.020477294921875
0.0511322021484375 -0.0228271484375 0.0768051147460938 -0.0178298950195313
0.03912353515625 -0.0365829467773438 0.0500373840332031 -0.0183372497558594
0.0339775085449219 -0.02984619140625 0.0302162170410156 0.000402450561523436
0.039337158203125 -0.0359420776367188 0.0134372711181641 0.0273208618164063
0.0523910522460938 -0.0229873657226563 -0.0114059448242187 0.0407524108886719
0.0553436279296875 0.00658798217773438 -0.0477218627929688 0.0305061340332031
0.0474281311035156 0.034149169921875 -0.0622367858886719 -0.00504684448242187
0.0122413635253906 0.0630607604980469 -0.0406875610351563 -0.0563774108886719
-0.031524658203125 0.0726165771484375 -0.0134010314941406 -0.0347328186035156
-0.0684013366699219 0.0613899230957031 -0.0388946533203125 0.0028533935546875
-0.0728759765625 0.0349044799804687 -0.000717163085937501 0.0833816528320313
-0.050933837890625 0.0636672973632813 -0.0246658325195312 0.113128662109375
-0.01116943359375 0.0659141540527344 0.0226516723632812 0.108283996582031
0.0257987976074219 0.059783935546875 0.0641860961914062 0.0773239135742188
0.0494308471679688 0.0311813354492187 0.070404052734375 0.0310897827148438
0.0632896423339844 -0.00579833984375 0.0623893737792969 -0.00260162353515625
0.0519065856933594 -0.0277938842773438 0.0348339080810547 -0.00174903869628906
0.0433235168457031 -0.0229988098144531 0.0165920257568359 0.0157194137573242
0.0478858947753906 -0.0271034240722656 0.003082275390625 0.04010009765625
0.0551986694335938 -0.0143814086914063 -0.0182876586914062 0.0508155822753906
0.0517311096191406 0.0124015808105469 -0.0489387512207031 0.041900634765625
0.0394325256347656 0.0356559753417969 -0.0612983703613281 0.00880813598632812
0.00685882568359375 0.056121826171875 -0.0455131530761719 -0.0345077514648438
-0.0316352844238281 0.0583267211914063 -0.02520751953125 -0.00819969177246093
-0.0650634765625 0.0443649291992187 -0.0597038269042969 0.0229377746582031
-0.0587005615234375 0.00733184814453125 -0.03167724609375 0.0890121459960938
-0.0542106628417969 0.0337448120117188 -0.054901123046875 0.119209289550781
-0.0280265808105469 0.0507965087890625 0.0013580322265625 0.115371704101563
0.00523757934570313 0.0593528747558594 0.043853759765625 0.0813751220703125
0.0353469848632813 0.0414009094238281 0.0502700805664063 0.0341873168945313
0.0588455200195312 0.0116348266601563 0.0412216186523438 0.00816726684570313
0.0554428100585938 -0.012664794921875 0.0154485702514648 0.012324333190918
0.0452156066894531 -0.0121231079101563 0.00141334533691407 0.0293655395507812
0.0505332946777344 -0.0153465270996094 -0.00893020629882812 0.0500946044921875
0.0541496276855469 -0.00250625610351563 -0.0268211364746094 0.0575599670410156
0.0453300476074219 0.0197792053222656 -0.0503921508789063 0.0457000732421875
0.0288658142089844 0.0400199890136719 -0.0585594177246094 0.0144844055175781
-0.00677108764648437 0.0484695434570313 -0.0445404052734375 -0.0190048217773437
-0.0380935668945313 0.0373420715332031 -0.0318412780761719 0.0100364685058594
-0.0603904724121094 0.0181427001953125 -0.0758132934570313 0.0350570678710938
-0.0299949645996094 -0.0194568634033203 -0.0503082275390625 0.0854949951171875
-0.0395050048828125 -0.000312805175781255 -0.0727691650390625 0.113487243652344
-0.0309619903564453 0.0216312408447266 -0.0127105712890625 0.112228393554688
-0.0142097473144531 0.039764404296875 0.02899169921875 0.0751876831054688
0.0118484497070313 0.0381088256835938 0.0337734222412109 0.0292377471923828
0.0405616760253906 0.0249252319335938 0.0202598571777344 0.0107440948486328
0.0478057861328125 0.0040130615234375 -0.00409317016601562 0.0199661254882812
0.0410575866699219 0.000335693359375 -0.0151023864746094 0.0383453369140625
0.0466842651367187 -0.00228500366210938 -0.0220069885253906 0.0564231872558594
0.0489997863769531 0.00907135009765625 -0.0382804870605469 0.0587959289550781
0.0373687744140625 0.0279350280761719 -0.0555572509765625 0.0444679260253906
0.01690673828125 0.0436859130859375 -0.0581092834472656 0.0140876770019531
-0.0218544006347656 0.04119873046875 -0.0433616638183594 -0.0124778747558594
-0.0464096069335938 0.0145378112792969 -0.0383758544921875 0.0167579650878906
-0.0537643432617187 -0.0126800537109375 -0.0886077880859375 0.0356674194335938
0.00298309326171875 -0.0417747497558594 -0.051971435546875 0.0745925903320313
-0.0132789611816406 -0.0301971435546875 -0.0740509033203125 0.102935791015625
-0.0215530395507813 -0.012054443359375 -0.0159225463867188 0.104286193847656
-0.0272617340087891 0.00963592529296875 0.0241432189941406 0.0660133361816406
-0.0120353698730469 0.0252323150634766 0.0261211395263672 0.0198307037353516
0.0151271820068359 0.0324420928955078 0.00469541549682617 0.00619029998779297
0.0319118499755859 0.0198612213134766 -0.0198211669921875 0.0204086303710938
0.0297756195068359 0.0132007598876953 -0.0300216674804687 0.0420875549316406
0.0361175537109375 0.0099945068359375 -0.0369415283203125 0.0589866638183594
0.0375556945800781 0.0200042724609375 -0.0522956848144531 0.0570182800292969
0.0248031616210938 0.03265380859375 -0.0649681091308594 0.0391464233398437
0.0031890869140625 0.0438919067382813 -0.0626068115234375 0.00864410400390627
-0.0354843139648438 0.0308952331542969 -0.0463409423828125 -0.0145797729492187
-0.0494384765625 -0.00882720947265626 -0.0467491149902344 0.0115165710449219
-0.0414695739746094 -0.0421104431152344 -0.0978775024414063 0.0260467529296875
0.00937271118164062 0.0636672973632812 0.0953521728515625 -0.0188674926757812
0.0602149963378906 0.0281486511230469 0.0562896728515625 0.00677490234375
0.04168701171875 -0.0274429321289063 0.0509071350097656 0.017333984375
0.00914764404296875 -0.0402297973632813 0.0748748779296875 0.00189208984375
-0.0130672454833984 -0.0339546203613281 0.0774765014648438 -0.0309371948242188
-0.03424072265625 -0.0271968841552734 0.0590248107910156 -0.0605201721191406
-0.0323162078857422 -0.0178203582763672 0.0446510314941406 -0.0623703002929688
-0.0262470245361328 -0.0209579467773437 0.03485107421875 -0.043365478515625
-0.0240745544433594 -0.0360870361328125 0.0253753662109375 -0.0170688629150391
0.00468826293945312 -0.0406875610351563 0.00619220733642578 -0.000497817993164065
0.0351715087890625 -0.0236854553222656 -0.0285797119140625 -0.0109367370605469
0.0420417785644531 0.0036163330078125 -0.0320549011230469 -0.0499191284179688
0.0234832763671875 0.0438461303710938 0.0133514404296875 -0.103561401367188
-0.00469589233398438 0.0652313232421875 0.0558547973632812 -0.101615905761719
-0.0337142944335937 0.0635948181152344 0.0392570495605469 -0.0600242614746094
-0.0193405151367187 0.0772933959960937 0.0942535400390625 0.00807189941406251
0.0408515930175781 0.0555458068847656 0.0570526123046875 0.0310859680175781
0.0431365966796875 0.000637054443359375 0.0572280883789062 0.0355186462402344
0.0256175994873047 -0.0204181671142578 0.0844955444335937 0.0171661376953125
0.00968742370605469 -0.0271224975585938 0.0890655517578125 -0.0185623168945313
-0.00720024108886719 -0.0345230102539063 0.0736236572265625 -0.054443359375
-0.0104999542236328 -0.0319252014160156 0.0559272766113281 -0.0560684204101563
-0.0056610107421875 -0.0298080444335937 0.0429039001464844 -0.0350379943847656
-7.24792480468778E-05 -0.0427169799804688 0.0308380126953125 -0.00534820556640625
0.0274391174316406 -0.0378227233886719 0.0070343017578125 0.0135345458984375
0.050262451171875 -0.0111351013183594 -0.0334758758544922 0.00544929504394531
0.0502777099609375 0.0223350524902344 -0.0450019836425781 -0.03369140625
0.0165824890136719 0.0626335144042969 -0.00928497314453125 -0.0925521850585938
-0.0235443115234375 0.0811309814453125 0.03143310546875 -0.085479736328125
-0.0559158325195313 0.075897216796875 0.0167236328125 -0.0399703979492188
-0.0484542846679687 0.0783538818359375 0.0784912109375 0.0401992797851563
0.00995635986328124 0.0766067504882813 0.0465126037597656 0.0627288818359375
0.0347423553466797 0.0327548980712891 0.0590057373046875 0.0594024658203125
0.0385246276855469 0.00888824462890625 0.0902786254882813 0.0379867553710938
0.0331192016601562 -0.0117683410644531 0.0956954956054687 -0.00316619873046875
0.0231819152832031 -0.0351200103759766 0.08258056640625 -0.0420989990234375
0.0151557922363281 -0.0397758483886719 0.0598564147949219 -0.0435333251953125
0.0161037445068359 -0.0338649749755859 0.0428199768066406 -0.0220184326171875
0.0211715698242188 -0.0443000793457031 0.0288181304931641 0.00897979736328125
0.0434455871582031 -0.0334815979003906 0.00421714782714844 0.0282211303710938
0.0580101013183594 -0.00252532958984375 -0.0380744934082031 0.0219192504882812
0.0544776916503906 0.0308685302734375 -0.0558547973632813 -0.0146446228027344
0.0178794860839844 0.0697021484375 -0.03216552734375 -0.0736846923828125
-0.0291061401367187 0.0862655639648438 0.00511550903320312 -0.0620269775390625
-0.0665817260742188 0.0787811279296875 -0.00970458984375001 -0.0160446166992187
-0.0708160400390625 0.065643310546875 0.0493812561035156 0.0697479248046875
-0.025482177734375 0.0826797485351563 0.0229110717773438 0.0953292846679687
0.0154190063476563 0.0611343383789063 0.0512619018554688 0.0859298706054688
0.0415840148925781 0.0404052734375 0.0870819091796875 0.058349609375
0.0508842468261719 0.00976181030273438 0.0911636352539063 0.013671875
0.0505142211914063 -0.026397705078125 0.0802230834960938 -0.0257720947265625
0.0388679504394531 -0.0404243469238281 0.0541572570800781 -0.0252952575683594
0.0346641540527344 -0.0331897735595703 0.0358734130859375 -0.00553512573242188
0.0397834777832031 -0.0396499633789063 0.0229110717773438 0.0235404968261719
0.0536270141601563 -0.0272369384765625 -0.000396728515624996 0.0414009094238281
0.0589828491210938 0.00355148315429688 -0.0394096374511719 0.0370712280273438
0.0530014038085938 0.0342559814453125 -0.0592041015625 0.00434875488281249
0.0165443420410156 0.0667228698730469 -0.0445060729980469 -0.0502204895019531
-0.0302581787109375 0.0805282592773438 -0.0133991241455078 -0.0320034027099609
-0.0699844360351563 0.0717926025390625 -0.0347080230712891 0.009735107421875
-0.0792312622070312 0.0401458740234375 0.0120620727539062 0.0905685424804688
-0.0532417297363281 0.0688552856445312 -0.010284423828125 0.119155883789063
-0.0103836059570313 0.0706253051757813 0.0342941284179688 0.107269287109375
0.0296897888183594 0.06353759765625 0.072174072265625 0.0733108520507813
0.0538902282714844 0.0316925048828125 0.0761795043945313 0.0257339477539063
0.0673370361328125 -0.0104408264160156 0.0668144226074219 -0.00945281982421875
0.0551948547363281 -0.0327987670898438 0.0390472412109375 -0.0068817138671875
0.0462417602539063 -0.0266952514648438 0.0222530364990234 0.0115623474121094
0.0505752563476563 -0.0318260192871094 0.0115394592285156 0.0375595092773438
0.0595359802246094 -0.0178451538085938 -0.00738143920898437 0.0515670776367188
0.0566787719726563 0.0114021301269531 -0.0405120849609375 0.0465431213378906
0.0454139709472656 0.0378799438476563 -0.0571975708007813 0.0163764953613281
0.00821685791015625 0.0607719421386719 -0.0469627380371094 -0.0276756286621094
-0.0341987609863281 0.0651512145996094 -0.0234260559082031 -0.00319480895996094
-0.070587158203125 0.0527496337890625 -0.0564651489257813 0.031951904296875
-0.0674667358398438 0.00847244262695313 -0.0231094360351563 0.0990219116210938
-0.0626602172851563 0.0384483337402344 -0.0432205200195313 0.128349304199219
-0.0308189392089844 0.057373046875 0.013519287109375 0.116950988769531
0.00796890258789063 0.0664215087890625 0.05255126953125 0.0787429809570313
0.0404243469238281 0.0449142456054688 0.0549125671386719 0.0297164916992188
0.0663604736328125 0.00908660888671875 0.0445823669433594 0.00337600708007813
0.061248779296875 -0.0179557800292969 0.0183696746826172 0.00943565368652344
0.0515823364257813 -0.0170974731445312 0.00580215454101563 0.0275096893310547
0.0561599731445313 -0.02001953125 -0.0019378662109375 0.0485267639160156
0.0610198974609375 -0.00628662109375 -0.0179328918457031 0.0578651428222656
0.052581787109375 0.0201377868652344 -0.0430221557617187 0.0498275756835937
0.034881591796875 0.0436744689941406 -0.0543441772460938 0.0217475891113281
-0.00607299804687501 0.0553932189941406 -0.0438041687011719 -0.0131416320800781
-0.0442008972167969 0.044097900390625 -0.02923583984375 0.0155715942382813
-0.0697097778320313 0.0241317749023437 -0.0744094848632813 0.0451278686523438
-0.0401687622070312 -0.0230445861816406 -0.0451812744140625 0.0955276489257813
-0.0502471923828125 0.000408172607421867 -0.064605712890625 0.125114440917969
-0.0374832153320313 0.0257492065429688 -0.00148010253906249 0.1148681640625
-0.0150871276855469 0.0482330322265625 0.0357131958007813 0.073150634765625
0.0166969299316406 0.0444068908691406 0.0360832214355469 0.0259628295898438
0.0500907897949219 0.0250434875488281 0.0209159851074219 0.00806617736816406
0.0559539794921875 -0.000514984130859375 -0.00261306762695312 0.0201950073242188
0.0479774475097656 -0.00429916381835938 -0.0119209289550781 0.0395927429199219
0.0537071228027344 -0.00777435302734375 -0.0172042846679687 0.0569038391113281
0.0574417114257812 0.0058441162109375 -0.0315208435058594 0.0605735778808594
0.044891357421875 0.0287094116210938 -0.0502281188964844 0.0484886169433594
0.0232696533203125 0.0486068725585938 -0.0543441772460937 0.019439697265625
-0.022430419921875 0.0497360229492188 -0.0424156188964844 -0.0067596435546875
-0.054443359375 0.0216522216796875 -0.0372047424316406 0.023529052734375
-0.0654754638671875 -0.00908279418945314 -0.090087890625 0.0462417602539063
-0.00616455078125 -0.0497932434082031 -0.0509872436523438 0.0832366943359375
-0.0239124298095703 -0.0341758728027344 -0.0675125122070313 0.113655090332031
-0.0301132202148437 -0.0104312896728516 -0.0056915283203125 0.107398986816406
-0.0304355621337891 0.0173110961914062 0.0301094055175781 0.0631484985351563
-0.00948905944824218 0.0323047637939453 0.0261173248291016 0.0158557891845703
0.0245952606201172 0.0345687866210938 0.00206756591796875 0.00488710403442383
0.0401802062988281 0.016754150390625 -0.0215606689453125 0.0231647491455078
0.0371322631835938 0.00942611694335938 -0.028289794921875 0.0460968017578125
0.0430870056152344 0.00627899169921875 -0.0338516235351563 0.062286376953125
0.0460548400878906 0.0173149108886719 -0.0479621887207031 0.0610733032226563
0.0327033996582031 0.0336074829101562 -0.0613288879394531 0.0440521240234375
0.010467529296875 0.0491142272949219 -0.0600090026855469 0.0135040283203125
-0.0360527038574219 0.03936767578125 -0.0463638305664063 -0.00876235961914062
-0.0582656860351562 -0.00295639038085936 -0.0486106872558594 0.0197982788085937
-0.0541419982910156 -0.0410842895507812 -0.103462219238281 0.0352020263671875
0.0187530517578125 0.063232421875 0.101409912109375 -0.0272140502929688
0.0658683776855469 0.0196304321289063 0.0591049194335938 -0.00110626220703125
0.039276123046875 -0.034912109375 0.0500373840332031 0.0126914978027344
0.00328826904296875 -0.0435791015625 0.0734710693359375 -0.0013580322265625
-0.0192718505859375 -0.0330924987792969 0.0761032104492187 -0.0336380004882812
-0.0407981872558594 -0.0223121643066406 0.0573272705078125 -0.0627021789550781
-0.0361518859863281 -0.0132942199707031 0.0437698364257812 -0.0669898986816406
-0.0303115844726563 -0.0163745880126953 0.0355072021484375 -0.047393798828125
-0.0316390991210938 -0.0322532653808594 0.0296802520751953 -0.0208873748779297
-0.002716064453125 -0.04254150390625 0.011845588684082 -0.00152683258056641
0.0319747924804688 -0.0304660797119141 -0.0246181488037109 -0.00646209716796875
0.0445938110351562 -0.003448486328125 -0.0329055786132813 -0.0432472229003906
0.0327415466308594 0.0420722961425781 0.00614929199218751 -0.101432800292969
0.00553131103515624 0.0705642700195313 0.0514907836914063 -0.10693359375
-0.024810791015625 0.0716094970703125 0.0413398742675781 -0.0639381408691406
-0.0114593505859375 0.07928466796875 0.10284423828125 0.0012969970703125
0.0465774536132813 0.0502281188964844 0.0625801086425781 0.0234794616699219
0.0417060852050781 -0.00526046752929688 0.0583076477050781 0.0298728942871094
0.0217494964599609 -0.0227718353271484 0.0851821899414063 0.0137252807617187
0.00460052490234375 -0.0276012420654297 0.089385986328125 -0.0229568481445313
-0.0137176513671875 -0.0317249298095703 0.0731582641601563 -0.0585784912109375
-0.0136699676513672 -0.0290699005126953 0.0562858581542969 -0.0623245239257813
-0.00846290588378906 -0.0274028778076172 0.0445022583007813 -0.0416450500488281
-0.00601959228515625 -0.0411148071289063 0.0362205505371094 -0.0111618041992188
0.0219917297363281 -0.0406608581542969 0.0154247283935547 0.01153564453125
0.0491065979003906 -0.0166473388671875 -0.02667236328125 0.00947952270507812
0.0535125732421875 0.016876220703125 -0.0436058044433594 -0.026641845703125
0.0254402160644531 0.0631561279296875 -0.015228271484375 -0.087890625
-0.0153350830078125 0.0880584716796875 0.0279769897460938 -0.0881118774414062
-0.0493698120117187 0.0854568481445313 0.0211524963378906 -0.0405120849609375
-0.0447235107421875 0.0822525024414063 0.0907974243164063 0.0348587036132813
0.0141754150390625 0.0755691528320313 0.0556259155273437 0.0567474365234375
0.0348453521728516 0.0301284790039063 0.0622634887695313 0.0537528991699219
0.0375251770019531 0.00722122192382813 0.093109130859375 0.0330963134765625
0.0310878753662109 -0.0127925872802734 0.0972976684570313 -0.008270263671875
0.0192298889160156 -0.0344829559326172 0.08319091796875 -0.04840087890625
0.0129356384277344 -0.0396232604980469 0.0615348815917969 -0.0500068664550781
0.0145664215087891 -0.0339813232421875 0.0459709167480469 -0.0289421081542969
0.0190773010253906 -0.0438613891601563 0.0352058410644531 0.00297164916992187
0.0410919189453125 -0.0369300842285156 0.0133342742919922 0.0255966186523437
0.0591888427734375 -0.0068817138671875 -0.0298252105712891 0.0252590179443359
0.0583915710449219 0.0278205871582031 -0.0513916015625 -0.00703430175781249
0.0233001708984375 0.0713958740234375 -0.0355110168457031 -0.0675849914550781
-0.024261474609375 0.0933609008789063 0.00432586669921874 -0.0612869262695313
-0.0634384155273438 0.0885009765625 -0.00415420532226563 -0.0139331817626953
-0.07183837890625 0.0705413818359375 0.0621147155761719 0.0686416625976563
-0.0245819091796875 0.0854873657226563 0.0346755981445313 0.09161376953125
0.0155677795410156 0.0614471435546875 0.0575103759765625 0.080841064453125
0.0429000854492187 0.0410003662109375 0.090576171875 0.0534744262695313
0.0517654418945313 0.00926971435546875 0.0941696166992187 0.00792694091796875
0.0502815246582031 -0.0280685424804687 0.08203125 -0.0318756103515625
0.0382804870605469 -0.0431060791015625 0.056396484375 -0.0319061279296875
0.0349082946777344 -0.0352210998535156 0.0389785766601562 -0.0117378234863281
0.0392837524414063 -0.0418319702148438 0.0289497375488281 0.0172843933105469
0.0546340942382812 -0.0308341979980469 0.00880813598632813 0.0378532409667969
0.0619850158691406 0.001220703125 -0.0306243896484375 0.0395660400390625
0.0570259094238281 0.0331954956054688 -0.0532951354980469 0.0103034973144531
0.0206680297851562 0.070556640625 -0.0449790954589844 -0.0436592102050781
-0.0287017822265625 0.0877304077148438 -0.0114421844482422 -0.0299072265625
-0.0701141357421875 0.0807037353515625 -0.0287151336669922 0.0140342712402344
-0.0850906372070313 0.044921875 0.024139404296875 0.092987060546875
-0.0561370849609375 0.0739212036132813 0.00240325927734373 0.119712829589844
-0.0108184814453125 0.0747909545898438 0.0418777465820312 0.103157043457031
0.0331611633300781 0.0669593811035156 0.077117919921875 0.0691604614257813
0.0585060119628906 0.0320205688476563 0.0790176391601563 0.0202789306640625
0.0701522827148438 -0.0133705139160156 0.0680656433105469 -0.0154838562011719
0.0568885803222656 -0.0373153686523438 0.0414810180664063 -0.0118064880371094
0.0488967895507813 -0.0307159423828125 0.0256481170654297 0.00691986083984375
0.0533676147460938 -0.0358428955078125 0.0173625946044922 0.0327186584472656
0.0633544921875 -0.02239990234375 0.000179290771484375 0.0484466552734375
0.061737060546875 0.0100860595703125 -0.0320777893066406 0.047393798828125
0.0509490966796875 0.039886474609375 -0.0505828857421875 0.02105712890625
0.0105972290039063 0.0658226013183594 -0.0440330505371094 -0.0223426818847656
-0.0356597900390625 0.072662353515625 -0.0196781158447266 0.000675201416015631
-0.0741958618164063 0.0611343383789063 -0.0504951477050781 0.0378227233886719
-0.0773849487304688 0.01104736328125 -0.0131988525390625 0.105094909667969
-0.0694198608398438 0.0435676574707031 -0.0322494506835938 0.132232666015625
-0.0331993103027344 0.0634613037109375 0.021942138671875 0.113945007324219
0.0106735229492188 0.0724716186523438 0.0573654174804688 0.0743255615234375
0.0460433959960938 0.0470314025878906 0.0566749572753906 0.0257568359375
0.0727691650390625 0.00606536865234375 0.0456123352050781 -0.00106430053710937
0.0654983520507813 -0.0241737365722656 0.02069091796875 0.00692367553710937
0.05523681640625 -0.0220298767089844 0.00865364074707032 0.0252227783203125
0.0602798461914063 -0.0259246826171875 0.0029144287109375 0.0452766418457031
0.0669784545898438 -0.0112800598144531 -0.0114707946777344 0.0551605224609375
0.0593032836914062 0.01934814453125 -0.0356864929199219 0.0502510070800781
0.0415191650390625 0.0460243225097656 -0.0484390258789063 0.0241470336914063
-0.00452423095703125 0.0617637634277344 -0.0400466918945313 -0.00915145874023437
-0.048492431640625 0.0527992248535156 -0.0248470306396484 0.0200519561767578
-0.0768814086914063 0.0313339233398438 -0.0699234008789063 0.0518035888671875
-0.0517768859863281 -0.0240440368652344 -0.0400009155273437 0.103279113769531
-0.0600624084472656 0.00343322753906251 -0.0553131103515625 0.130821228027344
-0.0427398681640625 0.03173828125 0.00666809082031251 0.113449096679687
-0.0135765075683594 0.0560417175292969 0.0396270751953125 0.0698699951171875
0.0223617553710938 0.0492782592773438 0.035919189453125 0.0228347778320313
0.0582542419433594 0.0230445861816406 0.0209598541259766 0.00587081909179688
0.0611038208007813 -0.00656509399414063 -0.00221824645996093 0.0200595855712891
0.0527801513671875 -0.0100593566894531 -0.00933837890624999 0.0392684936523438
0.0592842102050781 -0.0137062072753906 -0.0134429931640625 0.0566177368164063
0.0641822814941406 0.000885009765625 -0.0273284912109375 0.0590782165527344
0.0523605346679688 0.0279693603515625 -0.044830322265625 0.0478324890136719
0.0308265686035156 0.0524024963378906 -0.0496063232421875 0.0218238830566406
-0.0209922790527344 0.0572624206542969 -0.0391502380371094 -0.00283813476562499
-0.0605697631835938 0.0296363830566406 -0.0339202880859375 0.0290737152099609
-0.07464599609375 -0.00283050537109374 -0.089263916015625 0.0536346435546875
-0.0165557861328125 -0.0540390014648438 -0.0492782592773437 0.0899124145507812
-0.0347881317138672 -0.0342292785644531 -0.061248779296875 0.119941711425781
-0.0380210876464844 -0.00692367553710937 0.00257873535156249 0.105598449707031
-0.0320072174072266 0.0253009796142578 0.0317268371582031 0.0580558776855469
-0.00455093383789063 0.0393524169921875 0.0233936309814453 0.0131168365478516
0.0326614379882813 0.0342121124267578 -5.67436218261702E-05 0.00504827499389649
0.0469245910644531 0.0123291015625 -0.0225410461425781 0.0257949829101563
0.0428276062011719 0.004425048828125 -0.0270652770996094 0.048492431640625
0.0494194030761719 0.000789642333984375 -0.0313568115234375 0.0643043518066406
0.0528907775878906 0.0120353698730469 -0.0453681945800781 0.0611000061035156
0.0404243469238281 0.033355712890625 -0.0581169128417969 0.0451812744140625
0.0176658630371094 0.0529060363769531 -0.0567893981933594 0.0158271789550781
-0.0348968505859375 0.0475273132324219 -0.0434150695800781 -0.00523757934570313
-0.0651893615722656 0.00468826293945313 -0.0471916198730469 0.0261497497558594
-0.0648384094238281 -0.03729248046875 -0.106216430664063 0.0429000854492188
0.0257682800292969 0.0614128112792969 0.106002807617188 -0.0346755981445312
0.0700416564941406 0.0124015808105469 0.0602455139160156 -0.00809478759765625
0.0357475280761719 -0.0400657653808594 0.04840087890625 0.0104598999023437
-0.00138473510742187 -0.0455970764160156 0.0729904174804688 -0.00164794921875
-0.0243682861328125 -0.0317153930664062 0.076812744140625 -0.03472900390625
-0.0451927185058594 -0.0172691345214844 0.0583152770996094 -0.0643730163574219
-0.0387153625488281 -0.00799179077148438 0.044189453125 -0.0709686279296875
-0.0331001281738281 -0.0121555328369141 0.0362815856933594 -0.0524635314941406
-0.0372962951660156 -0.027252197265625 0.0328197479248047 -0.0253124237060547
-0.00922012329101563 -0.0424118041992188 0.0170679092407227 -0.00390434265136719
0.027374267578125 -0.0364799499511719 -0.0197296142578125 -0.00403594970703125
0.0452461242675781 -0.00957489013671875 -0.0303840637207031 -0.0395622253417969
0.04034423828125 0.0395736694335938 0.00228118896484376 -0.098663330078125
0.0159912109375 0.0729827880859375 0.048919677734375 -0.11004638671875
-0.0163650512695312 0.07672119140625 0.0450668334960938 -0.0676612854003906
-0.006561279296875 0.0810012817382813 0.11114501953125 -0.00631713867187499
0.0498008728027344 0.0455551147460938 0.0661811828613281 0.0166702270507813
0.0398139953613281 -0.00883102416992188 0.0585212707519531 0.0263214111328125
0.0184040069580078 -0.0239982604980469 0.08575439453125 0.0121841430664062
0.00172615051269531 -0.0262432098388672 0.0909271240234375 -0.0250473022460938
-0.0165328979492187 -0.0280780792236328 0.0749282836914063 -0.0624313354492188
-0.0151176452636719 -0.0256843566894531 0.0585556030273437 -0.0682182312011719
-0.0101604461669922 -0.0252151489257813 0.0467338562011719 -0.0483932495117188
-0.00937652587890625 -0.0386123657226563 0.04046630859375 -0.0173263549804688
0.0180740356445312 -0.0419845581054688 0.0215969085693359 0.00844001770019531
0.0473861694335938 -0.0210647583007813 -0.0195541381835938 0.0103836059570312
0.0553550720214844 0.0128707885742188 -0.0388374328613281 -0.0218009948730469
0.0314369201660156 0.0627593994140625 -0.017791748046875 -0.0841217041015625
-0.00733947753906249 0.0928497314453125 0.0277862548828125 -0.09002685546875
-0.04345703125 0.0926742553710938 0.0260276794433594 -0.0425338745117187
-0.04315185546875 0.0855941772460938 0.100166320800781 0.0300750732421875
0.0166778564453125 0.0744705200195313 0.0619888305664063 0.0502662658691406
0.0337963104248047 0.0285549163818359 0.0637664794921875 0.0499801635742187
0.0366287231445313 0.00728988647460938 0.0956954956054688 0.0317840576171875
0.0303878784179688 -0.0121116638183594 0.099639892578125 -0.0116653442382813
0.017669677734375 -0.0327606201171875 0.0846786499023438 -0.053070068359375
0.0119132995605469 -0.0388031005859375 0.0628929138183594 -0.0568084716796875
0.0141429901123047 -0.0335845947265625 0.0482635498046875 -0.0361518859863281
0.0168266296386719 -0.0437660217285156 0.0405349731445313 -0.0045013427734375
0.0397605895996094 -0.0382843017578125 0.0208301544189453 0.0204963684082031
0.059783935546875 -0.009735107421875 -0.0223350524902344 0.0254058837890625
0.06170654296875 0.0255470275878906 -0.0455703735351562 -0.0031890869140625
0.0274734497070313 0.0730056762695313 -0.0354652404785156 -0.0626106262207031
-0.0202178955078125 0.100112915039063 0.00622177124023437 -0.0614738464355469
-0.0608291625976562 0.0961380004882813 0.00202178955078125 -0.0136604309082031
-0.0743560791015625 0.0757369995117187 0.0733261108398438 0.0653762817382813
-0.023773193359375 0.089202880859375 0.042236328125 0.0866241455078125
0.0145416259765625 0.0632858276367188 0.06005859375 0.0757980346679688
0.0442047119140625 0.04315185546875 0.093597412109375 0.0505523681640625
0.0532608032226563 0.008941650390625 0.0968475341796875 0.004425048828125
0.0511550903320313 -0.0293502807617188 0.0839309692382813 -0.0374755859375
0.038665771484375 -0.0454330444335938 0.0577201843261719 -0.03765869140625
0.0356826782226563 -0.0372962951660156 0.0408172607421875 -0.0184135437011719
0.0401268005371094 -0.0447807312011719 0.0334930419921875 0.0110340118408203
0.0566139221191406 -0.0334434509277344 0.0162467956542969 0.0326995849609375
0.0655975341796875 0.000164031982421875 -0.0221405029296875 0.0383758544921875
0.06195068359375 0.0329627990722656 -0.0466461181640625 0.0136375427246094
0.023345947265625 0.0738372802734375 -0.0433921813964844 -0.0397109985351562
-0.0271682739257812 0.0945205688476563 -0.00758743286132812 -0.0291881561279297
-0.0707931518554687 0.0884933471679688 -0.0222320556640625 0.0154476165771484
-0.0910415649414063 0.050567626953125 0.0342025756835938 0.0945587158203125
-0.060394287109375 0.0800323486328125 0.00999450683593751 0.117752075195313
-0.0125732421875 0.0803756713867188 0.0461883544921875 0.0993881225585938
0.0361251831054688 0.0714797973632812 0.0800704956054688 0.0665435791015625
0.0627021789550781 0.0327949523925781 0.0812454223632813 0.0174636840820313
0.0737533569335938 -0.0157546997070313 0.0698623657226563 -0.0200119018554688
0.0589408874511719 -0.0422134399414062 0.0434951782226563 -0.0158271789550781
0.0517234802246094 -0.0345077514648438 0.0279579162597656 0.00275421142578125
0.0570755004882813 -0.039703369140625 0.0208454132080078 0.0272026062011719
0.0669364929199219 -0.0247993469238281 0.00654220581054688 0.0437889099121094
0.0672988891601563 0.00969696044921875 -0.0250740051269531 0.0455894470214844
0.0559730529785156 0.0418586730957031 -0.0439834594726563 0.0223655700683594
0.01177978515625 0.0713577270507813 -0.0404777526855469 -0.019561767578125
-0.0381317138671875 0.080047607421875 -0.0152721405029297 0.00214481353759766
-0.0777130126953125 0.06805419921875 -0.0448570251464844 0.041107177734375
-0.0869979858398438 0.0161285400390625 -0.00574493408203127 0.109397888183594
-0.0763473510742188 0.0501785278320312 -0.0234909057617188 0.134979248046875
-0.0368423461914063 0.0701637268066406 0.0264053344726563 0.111602783203125
0.0137481689453125 0.079864501953125 0.0594863891601562 0.0721588134765625
0.0524177551269531 0.0494842529296875 0.0577125549316406 0.0232315063476563
0.0790328979492188 0.003692626953125 0.0463943481445313 -0.00477981567382813
0.0689849853515625 -0.0301513671875 0.0214595794677734 0.00476837158203125
0.0593109130859375 -0.02679443359375 0.0100078582763672 0.0223522186279297
0.064971923828125 -0.0307502746582031 0.0056304931640625 0.0424537658691406
0.0718536376953125 -0.0160980224609375 -0.00716400146484374 0.0515937805175781
0.0656623840332031 0.0193634033203125 -0.0327949523925781 0.0480842590332031
0.048492431640625 0.049102783203125 -0.0437088012695313 0.0245437622070313
-0.0029296875 0.0681991577148438 -0.0364265441894531 -0.00822448730468749
-0.0518875122070313 0.0612068176269531 -0.0200119018554688 0.0216751098632813
-0.08343505859375 0.0387802124023438 -0.0664291381835938 0.056182861328125
-0.0618705749511719 -0.0233192443847656 -0.035858154296875 0.109329223632812
-0.0698738098144531 0.00887680053710938 -0.0498199462890625 0.135124206542969
-0.0479240417480469 0.0380592346191406 0.0104446411132812 0.111709594726563
-0.0127754211425781 0.0634231567382813 0.0403900146484375 0.067413330078125
0.0289421081542969 0.0534858703613281 0.0359420776367188 0.0210418701171875
0.0661582946777344 0.0203666687011719 0.0204563140869141 0.00461769104003906
0.0666656494140625 -0.0127334594726562 -0.00203323364257812 0.0208835601806641
0.0579376220703125 -0.015045166015625 -0.009124755859375 0.0396957397460938
0.0641708374023438 -0.0198860168457031 -0.0127067565917969 0.0558357238769531
0.0705718994140625 -0.00440216064453125 -0.0251235961914063 0.0569725036621094
0.0595588684082031 0.0270957946777344 -0.0426483154296875 0.0462379455566406
0.0379066467285156 0.0547409057617187 -0.0463333129882812 0.0209579467773438
-0.0196800231933594 0.0645599365234375 -0.035736083984375 -0.00191116333007812
-0.0653495788574219 0.0387687683105469 -0.0304813385009766 0.0322837829589844
-0.082672119140625 0.00375366210937501 -0.0883865356445312 0.0595932006835938
-0.0267333984375 -0.0560874938964844 -0.0493392944335937 0.0951385498046875
-0.0449295043945313 -0.0328292846679688 -0.0573043823242187 0.124748229980469
-0.0445365905761719 -0.00216674804687501 0.00679779052734375 0.103500366210938
-0.0320549011230469 0.0330219268798828 0.0318794250488281 0.0556983947753906
0.000637054443359371 0.0442428588867188 0.0209865570068359 0.0113067626953125
0.0412406921386719 0.0330162048339844 -0.00263738632202148 0.00624799728393555
0.0531082153320313 0.00685882568359375 -0.0239219665527344 0.0292301177978516
0.0469818115234375 -0.000782012939453125 -0.0265693664550781 0.0516395568847656
0.0541839599609375 -0.0052642822265625 -0.0309906005859375 0.0650177001953125
0.0586967468261719 0.0071563720703125 -0.0442123413085937 0.0618400573730469
0.0475959777832031 0.0320587158203125 -0.0563087463378906 0.04486083984375
0.0241661071777344 0.0550651550292969 -0.05450439453125 0.0161972045898438
-0.0320091247558594 0.05523681640625 -0.0418128967285156 -0.00309371948242187
-0.0708236694335938 0.0135116577148437 -0.0460891723632813 0.0317916870117188
-0.0738449096679688 -0.032196044921875 -0.108734130859375 0.0498275756835937
0.0335311889648437 0.0601768493652344 0.111892700195313 -0.042724609375
0.0734100341796875 0.00478363037109375 0.0613021850585938 -0.0144996643066406
0.0338172912597656 -0.0450630187988281 0.0476837158203125 0.00875091552734375
-0.006744384765625 -0.0474815368652344 0.0743179321289063 -0.00220489501953125
-0.0294361114501953 -0.0304889678955078 0.0792770385742188 -0.035797119140625
-0.0494270324707031 -0.0117530822753906 0.0617561340332031 -0.0675621032714844
-0.040679931640625 -0.00329208374023437 0.0457916259765625 -0.0760879516601563
-0.0350685119628906 -0.00764656066894531 0.0381851196289062 -0.05792236328125
-0.042022705078125 -0.0225944519042969 0.03521728515625 -0.0313186645507813
-0.0152091979980469 -0.04229736328125 0.0217380523681641 -0.00889205932617188
0.0240554809570313 -0.0411033630371094 -0.0143918991088867 -0.00356197357177734
0.0450286865234375 -0.0155029296875 -0.0280494689941406 -0.0370674133300781
0.0467681884765625 0.03662109375 0.0011749267578125 -0.0983963012695312
0.0255203247070312 0.0753555297851563 0.0480422973632812 -0.115684509277344
-0.00775909423828125 0.0814666748046875 0.0494613647460937 -0.0743331909179688
-0.00328826904296876 0.0823822021484375 0.119865417480469 -0.0130691528320312
0.0537338256835938 0.0428123474121094 0.0696334838867188 0.00971603393554688
0.0378799438476563 -0.011138916015625 0.0577011108398437 0.0237770080566406
0.0158348083496094 -0.0245780944824219 0.0887985229492187 0.011962890625
-0.00138282775878906 -0.02435302734375 0.0955276489257813 -0.0281524658203125
-0.0200576782226563 -0.0242214202880859 0.07794189453125 -0.066070556640625
-0.0161800384521484 -0.022918701171875 0.0597686767578125 -0.075225830078125
-0.0114097595214844 -0.0229625701904297 0.0482330322265625 -0.05535888671875
-0.0119056701660156 -0.0360374450683594 0.0441741943359375 -0.0243339538574219
0.0155258178710937 -0.0428009033203125 0.0274028778076172 0.00212669372558594
0.0458412170410156 -0.0249404907226563 -0.0129489898681641 0.0104799270629883
0.0579566955566406 0.00864791870117188 -0.0349617004394531 -0.0196418762207031
0.0372276306152344 0.0635299682617188 -0.01727294921875 -0.0824203491210938
0.000289916992187506 0.0983505249023438 0.0280303955078125 -0.093902587890625
-0.0383834838867188 0.099334716796875 0.03265380859375 -0.0465812683105469
-0.0428085327148438 0.0908126831054688 0.110740661621094 0.02410888671875
0.0186843872070313 0.0757217407226563 0.0667533874511719 0.04461669921875
0.0333442687988281 0.0294551849365234 0.0649604797363281 0.0482177734375
0.0364990234375 0.00756454467773438 0.0987167358398438 0.0299072265625
0.0302391052246094 -0.0110340118408203 0.103622436523437 -0.0144577026367187
0.0169830322265625 -0.0325679779052734 0.0880966186523437 -0.0595779418945312
0.0118560791015625 -0.0396270751953125 0.0657463073730469 -0.0643424987792969
0.0151214599609375 -0.0339298248291016 0.0501174926757813 -0.043548583984375
0.0171012878417969 -0.044952392578125 0.043548583984375 -0.0123100280761719
0.0396614074707031 -0.0408172607421875 0.0274982452392578 0.0152454376220703
0.0617218017578125 -0.0123176574707031 -0.0156669616699219 0.0247745513916016
0.0654106140136719 0.0243759155273438 -0.0405769348144531 -0.000762939453125005
0.0332260131835937 0.0752182006835938 -0.0342025756835937 -0.0608329772949219
-0.0157241821289063 0.107765197753906 0.00797271728515625 -0.0638427734375
-0.0582656860351562 0.105690002441406 0.00832176208496093 -0.0155496597290039
-0.0791244506835938 0.0833358764648438 0.0841522216796875 0.0630874633789063
-0.0254364013671875 0.0943832397460937 0.0489501953125 0.0843734741210938
0.0142898559570313 0.0678291320800781 0.0623245239257813 0.07574462890625
0.0469779968261719 0.0467338562011719 0.0973968505859375 0.0505752563476563
0.0569000244140625 0.0102615356445313 0.100791931152344 0.000984191894531251
0.0531044006347656 -0.0305252075195312 0.0870819091796875 -0.04388427734375
0.0401077270507812 -0.0482749938964844 0.0604629516601563 -0.0457077026367188
0.0390586853027344 -0.0397682189941406 0.0426559448242188 -0.0253944396972656
0.0426445007324219 -0.047821044921875 0.0362815856933594 0.0044708251953125
0.0590896606445313 -0.0361900329589844 0.021240234375 0.0266036987304687
0.0704421997070313 -0.00159454345703125 -0.0172271728515625 0.0358543395996094
0.0666427612304688 0.0345420837402344 -0.0413169860839844 0.0146369934082031
0.0262298583984375 0.0793914794921875 -0.0409011840820313 -0.0377731323242187
-0.0267791748046875 0.10400390625 -0.0047760009765625 -0.0299777984619141
-0.0723342895507813 0.0987319946289063 -0.015380859375 0.0164051055908203
-0.0982284545898438 0.0577163696289063 0.0441207885742187 0.0953598022460938
-0.0639495849609375 0.0887527465820313 0.017608642578125 0.117424011230469
-0.0140609741210937 0.0871734619140625 0.0496902465820312 0.0991744995117188
0.0400390625 0.0778732299804688 0.083892822265625 0.0665435791015625
0.06890869140625 0.0350074768066406 0.0842361450195313 0.0152130126953125
0.07855224609375 -0.0191650390625 0.0726776123046875 -0.025970458984375
0.0630035400390625 -0.0470924377441406 0.0455360412597656 -0.0205650329589844
0.0562362670898438 -0.0393714904785156 0.0284633636474609 -0.00360107421875
0.0609130859375 -0.0449485778808594 0.0229587554931641 0.0221595764160156
0.0724411010742188 -0.0300445556640625 0.00864410400390626 0.0382766723632813
0.0743255615234375 0.00754547119140625 -0.0217437744140625 0.0434188842773438
0.0632247924804688 0.0429954528808594 -0.0395278930664062 0.0222206115722656
0.0152664184570312 0.0773162841796875 -0.0385971069335937 -0.0195274353027344
-0.03961181640625 0.0904464721679688 -0.0109643936157227 0.00181770324707032
-0.0824737548828125 0.0780181884765625 -0.04107666015625 0.0429534912109375
-0.0968399047851563 0.0213775634765625 0.0012359619140625 0.113380432128906
-0.084716796875 0.0587844848632813 -0.0180587768554688 0.137031555175781
-0.0394515991210937 0.0784683227539063 0.0288009643554687 0.111648559570313
0.0175704956054688 0.0875930786132813 0.0619735717773438 0.0729904174804688
0.0600204467773438 0.0528182983398438 0.0600242614746094 0.0222930908203125
0.0855255126953125 -0.001220703125 0.0477294921875 -0.00760269165039063
0.073333740234375 -0.037567138671875 0.0235576629638672 0.00252342224121093
0.0630722045898438 -0.0331153869628906 0.0109672546386719 0.0191879272460937
0.0690498352050781 -0.0379981994628906 0.00711059570312501 0.0395584106445313
0.0788497924804688 -0.02252197265625 -0.00580215454101562 0.0484619140625
0.0747528076171875 0.0180587768554688 -0.0291061401367188 0.0455589294433594
0.055816650390625 0.0523567199707031 -0.0397071838378906 0.0226554870605469
-0.00150299072265625 0.076751708984375 -0.0336017608642578 -0.00719070434570313
-0.05584716796875 0.0719451904296875 -0.0159130096435547 0.0235862731933594
-0.0897903442382813 0.0487518310546875 -0.06463623046875 0.0606727600097656
-0.0731582641601562 -0.0191497802734375 -0.032379150390625 0.116043090820313
-0.0796127319335937 0.0149307250976562 -0.045806884765625 0.140625
-0.0535964965820312 0.04644775390625 0.0142440795898437 0.112152099609375
-0.00994110107421875 0.0733871459960938 0.0423622131347656 0.0666160583496094
0.0353775024414063 0.0584144592285156 0.0346336364746094 0.0210418701171875
0.0742721557617188 0.0167465209960938 0.0190849304199219 0.00432586669921875
0.0711288452148438 -0.0193328857421875 -0.00170707702636718 0.02093505859375
0.0618934631347656 -0.0216560363769531 -0.00796890258789062 0.0399894714355469
0.0687103271484375 -0.0266189575195313 -0.0121803283691406 0.0554771423339844
0.0775909423828125 -0.0101776123046875 -0.0249481201171875 0.056427001953125
0.0683021545410156 0.0256996154785156 -0.0415878295898438 0.0457191467285156
0.0447578430175781 0.0581932067871094 -0.0440177917480469 0.0206489562988281
-0.0172576904296875 0.0726394653320313 -0.0322303771972656 -0.00199317932128905
-0.070465087890625 0.0492324829101562 -0.0272903442382813 0.0356712341308594
-0.0912399291992188 0.01165771484375 -0.0896148681640625 0.0656890869140625
-0.0368995666503906 -0.0573043823242187 -0.0486831665039063 0.103721618652344
-0.0552711486816406 -0.0310020446777344 -0.0552902221679687 0.130241394042969
-0.0512542724609375 0.00304794311523437 0.00876617431640625 0.102729797363281
-0.0323333740234375 0.0410881042480469 0.0307273864746094 0.0546836853027344
0.00565338134765625 0.0489158630371094 0.0187053680419922 0.0118370056152344
0.0494766235351563 0.0307502746582031 -0.00590753555297851 0.00671529769897461
0.0578193664550781 0.000408172607421875 -0.0241737365722656 0.0330448150634766
0.0506935119628906 -0.00699996948242188 -0.0274810791015625 0.055145263671875
0.0584335327148438 -0.0119438171386719 -0.0309677124023438 0.0681381225585938
0.0648689270019531 0.00168991088867188 -0.0459403991699219 0.0623741149902344
0.0545616149902344 0.030242919921875 -0.0584373474121094 0.0452346801757812
0.0309524536132813 0.0569686889648438 -0.0552558898925781 0.0157737731933594
-0.0307846069335937 0.0619964599609375 -0.0387992858886719 -0.00418090820312499
-0.0767593383789063 0.0213623046875 -0.0437698364257813 0.0364112854003906
-0.0833816528320313 -0.0264129638671875 -0.11358642578125 0.0570907592773438
0.0401802062988281 0.0584945678710938 0.118019104003906 -0.0531387329101562
0.0771942138671875 -0.00279998779296875 0.0617179870605469 -0.0220222473144531
0.02984619140625 -0.0506820678710938 0.0473670959472656 0.00792694091796875
-0.0124015808105469 -0.0487213134765625 0.0779266357421875 -0.00185394287109375
-0.0345306396484375 -0.0284023284912109 0.0837249755859375 -0.039215087890625
-0.0536918640136719 -0.0052642822265625 0.0640411376953125 -0.0729293823242188
-0.0430107116699219 0.00284194946289063 0.0467147827148437 -0.084197998046875
-0.0369529724121094 -0.0034027099609375 0.038421630859375 -0.0657691955566406
-0.0465164184570313 -0.0173225402832031 0.0371017456054688 -0.0388336181640625
-0.022491455078125 -0.0415611267089844 0.0256404876708984 -0.0132637023925781
0.0188217163085938 -0.046112060546875 -0.00938796997070312 -0.00557613372802735
0.0448760986328125 -0.0214576721191406 -0.0254707336425781 -0.0367088317871094
0.0543556213378906 0.0332717895507813 -0.00072479248046874 -0.100105285644531
0.0370864868164063 0.075531005859375 0.0462875366210937 -0.123069763183594
0.001495361328125 0.0858917236328125 0.0523605346679688 -0.0838623046875
0.00287628173828125 0.0850296020507813 0.128463745117188 -0.0237655639648437
0.0574569702148438 0.0388565063476563 0.0723724365234375 0.002105712890625
0.0365715026855469 -0.0143623352050781 0.0596237182617188 0.0234451293945313
0.0130386352539063 -0.0259361267089844 0.0934524536132813 0.0103530883789062
-0.00463485717773438 -0.0238685607910156 0.100151062011719 -0.0325698852539063
-0.0219497680664062 -0.020843505859375 0.081695556640625 -0.0742340087890625
-0.0177688598632813 -0.0207061767578125 0.06048583984375 -0.0853805541992187
-0.011383056640625 -0.0214271545410156 0.0488014221191406 -0.0648765563964844
-0.0152378082275391 -0.0344066619873047 0.046112060546875 -0.03411865234375
0.011505126953125 -0.0438652038574219 0.0335903167724609 -0.00381851196289063
0.045257568359375 -0.0298538208007813 -0.0075082778930664 0.00914955139160156
0.0602798461914063 0.00432205200195313 -0.030792236328125 -0.0178318023681641
0.0442657470703125 0.062957763671875 -0.0184173583984375 -0.0825881958007813
0.00853729248046876 0.10333251953125 0.0280075073242187 -0.0996322631835938
-0.0315399169921875 0.108322143554688 0.0372390747070313 -0.0538406372070312
-0.0418472290039063 0.0983123779296875 0.122261047363281 0.0161285400390625
0.0214462280273438 0.0786056518554688 0.07208251953125 0.0382080078125
0.0333652496337891 0.0307865142822266 0.0673370361328125 0.0459976196289063
0.0378837585449219 0.00931930541992188 0.104278564453125 0.0283889770507813
0.0309410095214844 -0.0105705261230469 0.109222412109375 -0.020050048828125
0.0168342590332031 -0.0322189331054688 0.0912551879882813 -0.0678482055664062
0.011688232421875 -0.0404167175292969 0.066802978515625 -0.0750961303710938
0.0158042907714844 -0.0361404418945313 0.0505485534667969 -0.0537071228027344
0.0163040161132813 -0.0464630126953125 0.0472335815429688 -0.0212516784667969
0.0403633117675781 -0.0436744689941406 0.0331001281738281 0.00749588012695312
0.0642280578613281 -0.0157432556152344 -0.00886917114257812 0.0221729278564453
0.07049560546875 0.0219650268554687 -0.0354347229003906 0.000198364257812503
0.0384521484375 0.0786285400390625 -0.0339584350585938 -0.0605735778808594
-0.00969696044921874 0.115936279296875 0.009002685546875 -0.0682716369628906
-0.055267333984375 0.117073059082031 0.0143585205078125 -0.0194168090820312
-0.0821380615234375 0.093048095703125 0.0967330932617188 0.0596237182617188
-0.0240936279296875 0.103591918945313 0.0562667846679688 0.0806045532226563
0.015533447265625 0.0737838745117187 0.0662078857421875 0.0736770629882813
0.0525245666503906 0.0492935180664062 0.103691101074219 0.049652099609375
0.0620307922363281 0.0103988647460938 0.10638427734375 -0.00388336181640625
0.0554237365722656 -0.0331497192382813 0.0896759033203125 -0.0524063110351563
0.0414962768554688 -0.0527839660644531 0.0621604919433594 -0.0541877746582031
0.0408935546875 -0.0451889038085938 0.0437240600585938 -0.0332717895507812
0.0441551208496094 -0.0530967712402344 0.038970947265625 -0.00353622436523438
0.0626678466796875 -0.0424537658691406 0.0258884429931641 0.0205783843994141
0.0766448974609375 -0.00496673583984375 -0.0118389129638672 0.0333003997802734
0.0748825073242188 0.03363037109375 -0.0367279052734375 0.0146408081054687
0.0316085815429687 0.084930419921875 -0.039581298828125 -0.0371932983398437
-0.0228347778320313 0.115264892578125 -0.00152778625488281 -0.0327644348144531
-0.0720901489257813 0.110916137695313 -0.0102071762084961 0.0158758163452149
-0.106819152832031 0.068450927734375 0.0553207397460937 0.0963211059570313
-0.066925048828125 0.100936889648438 0.0243911743164063 0.119361877441406
-0.0129013061523438 0.0970001220703125 0.053558349609375 0.0993576049804688
0.047271728515625 0.083740234375 0.0902633666992188 0.0666961669921875
0.0760040283203125 0.0357666015625 0.0890579223632813 0.0117645263671875
0.0840301513671875 -0.0247039794921875 0.0740737915039063 -0.0316619873046875
0.0653266906738281 -0.0551681518554688 0.0466575622558594 -0.0271987915039063
0.0584335327148437 -0.0462188720703125 0.0293827056884766 -0.008087158203125
0.0644111633300781 -0.0530853271484375 0.024871826171875 0.0165576934814453
0.0780029296875 -0.038360595703125 0.0131015777587891 0.0337963104248047
0.08258056640625 0.0054931640625 -0.0174713134765625 0.0410575866699219
0.0725250244140625 0.0449981689453125 -0.0357666015625 0.0213432312011719
0.0200119018554688 0.0858154296875 -0.0363807678222656 -0.0192527770996094
-0.0388031005859375 0.103271484375 -0.00652170181274414 0.000248432159423834
-0.086212158203125 0.091217041015625 -0.035125732421875 0.0464439392089844
-0.107513427734375 0.0299835205078125 0.0106658935546875 0.119384765625
-0.0911636352539063 0.0712738037109375 -0.0115509033203125 0.14227294921875
-0.0415420532226563 0.0902862548828125 0.0339584350585937 0.113410949707031
0.0252456665039063 0.0965576171875 0.0667953491210938 0.0742874145507813
0.0689201354980469 0.0545387268066406 0.06231689453125 0.0207290649414063
0.0935440063476563 -0.007476806640625 0.0482292175292969 -0.0117835998535156
0.0775985717773437 -0.0458221435546875 0.0238265991210938 -0.000755310058593753
0.0674858093261719 -0.0409355163574219 0.0115108489990234 0.0181636810302734
0.0739212036132813 -0.0481033325195313 0.00714492797851563 0.0383720397949219
0.0857009887695313 -0.0298309326171875 -0.00463485717773437 0.0454940795898438
0.082427978515625 0.0145034790039063 -0.0279388427734375 0.0439720153808594
0.0660438537597656 0.0538444519042969 -0.0382499694824219 0.0234451293945313
0.00395965576171875 0.0854263305664063 -0.0315284729003906 -0.00838088989257812
-0.0572586059570313 0.0853118896484375 -0.0119113922119141 0.0249881744384766
-0.0963897705078125 0.059967041015625 -0.0625152587890625 0.0670051574707031
-0.085205078125 -0.0143585205078125 -0.0271224975585938 0.124565124511719
-0.089141845703125 0.0249099731445313 -0.0413360595703125 0.147842407226563
-0.0581130981445312 0.0565910339355469 0.0178680419921875 0.114875793457031
-0.00463104248046874 0.0831985473632813 0.0442314147949219 0.0691757202148438
0.0451583862304688 0.0610313415527344 0.0350723266601563 0.0210857391357422
0.0834121704101563 0.0117874145507812 0.0181694030761719 0.0033111572265625
0.0763397216796875 -0.0289077758789063 -0.00198173522949218 0.0224208831787109
0.0658187866210938 -0.0295982360839844 -0.00820541381835937 0.0419197082519531
0.0732040405273438 -0.0365753173828125 -0.012420654296875 0.0572090148925781
0.0828018188476562 -0.0191574096679687 -0.0257911682128906 0.056610107421875
0.0767440795898437 0.0223541259765625 -0.0429534912109375 0.0457687377929687
0.0550117492675781 0.0596351623535156 -0.0444717407226563 0.0202560424804688
-0.01275634765625 0.0817489624023438 -0.0318450927734375 -0.00369834899902343
-0.0734024047851562 0.0615310668945313 -0.0233078002929688 0.03912353515625
-0.100509643554688 0.0227432250976562 -0.08978271484375 0.0741729736328125
-0.048065185546875 -0.055694580078125 -0.0486907958984375 0.114166259765625
-0.0659332275390625 -0.0246849060058594 -0.0522308349609375 0.138595581054688
-0.0569725036621094 0.0106735229492187 0.0115814208984375 0.105682373046875
-0.0305442810058594 0.0503311157226563 0.0306396484375 0.0558013916015625
0.0133628845214844 0.0530967712402344 0.0147438049316406 0.0131635665893555
0.0576438903808594 0.0272941589355469 -0.00848388671875 0.0101890563964844
0.0624122619628906 -0.00767898559570313 -0.0259132385253906 0.0379104614257813
0.0538558959960938 -0.0134315490722656 -0.0268592834472656 0.0598411560058594
0.0623588562011719 -0.01983642578125 -0.0318374633789063 0.07354736328125
0.0705795288085938 -0.0062103271484375 -0.0474014282226563 0.06634521484375
0.0621490478515625 0.0268783569335937 -0.060577392578125 0.0466079711914063
0.0396804809570313 0.0591964721679687 -0.0562705993652344 0.0164909362792969
-0.0273017883300781 0.0700035095214844 -0.0381622314453125 -0.00284957885742188
-0.0815658569335938 0.0327377319335938 -0.0415763854980469 0.0425529479980469
-0.0920791625976563 -0.0189971923828125 -0.117568969726562 0.06707763671875
0.0478019714355469 0.0542259216308594 0.1212158203125 -0.06719970703125
0.0781631469726563 -0.0137405395507813 0.0606422424316406 -0.0312843322753906
0.0252952575683594 -0.0566520690917969 0.0472564697265625 0.00714874267578125
-0.019317626953125 -0.0488166809082031 0.0813217163085938 -0.00405120849609375
-0.0397987365722656 -0.0245018005371094 0.0868301391601563 -0.0450515747070313
-0.0553207397460938 0.00347137451171875 0.064605712890625 -0.0808868408203125
-0.0431900024414062 0.00894927978515625 0.0442047119140625 -0.092864990234375
-0.0380363464355469 0.00236511230468751 0.0353775024414062 -0.0745697021484375
-0.0496978759765625 -0.00954437255859375 0.0360488891601562 -0.0485763549804687
-0.0283889770507813 -0.0393562316894531 0.0280780792236328 -0.0214996337890625
0.0122756958007813 -0.0498275756835937 -0.00566482543945312 -0.00730276107788086
0.0426750183105469 -0.0287590026855469 -0.0226402282714844 -0.0372886657714844
0.0610694885253906 0.0270118713378906 -0.00470733642578124 -0.102226257324219
0.0500869750976562 0.0738525390625 0.041839599609375 -0.131088256835938
0.0127639770507813 0.0887069702148438 0.0527420043945312 -0.0942840576171875
0.00878143310546874 0.0881500244140625 0.136268615722656 -0.037750244140625
0.0625724792480469 0.0346870422363281 0.0736846923828125 -0.0078887939453125
0.0348072052001953 -0.0173759460449219 0.0603675842285156 0.0212059020996094
0.00985527038574219 -0.0259208679199219 0.0991744995117188 0.00585174560546875
-0.00660896301269531 -0.0218524932861328 0.104583740234375 -0.0403518676757813
-0.0240612030029297 -0.0167865753173828 0.082244873046875 -0.0851287841796875
-0.0186920166015625 -0.0178985595703125 0.057037353515625 -0.0984039306640625
-0.0118484497070313 -0.0202426910400391 0.045806884765625 -0.0760269165039063
-0.0187664031982422 -0.0311851501464844 0.0454444885253906 -0.0451545715332031
0.00646209716796875 -0.0454254150390625 0.0378837585449219 -0.0115928649902344
0.0419158935546875 -0.0344085693359375 -0.00250387191772461 0.00498914718627929
0.0617561340332031 -0.00154495239257813 -0.0273818969726562 -0.0166797637939453
0.0525054931640625 0.0602798461914063 -0.0208206176757813 -0.0838394165039063
0.0212478637695313 0.107894897460938 0.0243759155273437 -0.107475280761719
-0.0212249755859375 0.116157531738281 0.0394973754882813 -0.0621376037597656
-0.0375747680664062 0.107345581054688 0.132591247558594 0.00353240966796876
0.026336669921875 0.0803985595703125 0.07666015625 0.0293655395507813
0.0340404510498047 0.0321369171142578 0.07086181640625 0.0430068969726563
0.0405502319335937 0.00933456420898437 0.110137939453125 0.0241012573242188
0.0325546264648438 -0.0121097564697266 0.113975524902344 -0.0294952392578125
0.0166397094726563 -0.0316753387451172 0.0920639038085937 -0.079559326171875
0.0116081237792969 -0.042388916015625 0.063720703125 -0.0872726440429688
0.0149765014648437 -0.0388374328613281 0.0471878051757813 -0.064208984375
0.0143699645996094 -0.0489463806152344 0.0462074279785156 -0.0324935913085938
0.0387802124023438 -0.0488243103027344 0.0364418029785156 -0.001129150390625
0.06573486328125 -0.0210380554199219 -0.00329017639160156 0.0181179046630859
0.0757064819335938 0.0171051025390625 -0.0303573608398437 -6.29425048828047E-05
0.0477981567382812 0.0808029174804688 -0.034759521484375 -0.05963134765625
9.91821289062398E-05 0.124687194824219 0.008056640625 -0.0735244750976562
-0.0472412109375 0.128028869628906 0.0187644958496094 -0.0252513885498047
-0.0824813842773437 0.106559753417969 0.109573364257813 0.0504150390625
-0.019439697265625 0.112037658691406 0.0647964477539063 0.0752792358398438
0.02032470703125 0.0804824829101563 0.0711669921875 0.0707168579101563
0.0599327087402344 0.0523567199707031 0.112052917480469 0.0459747314453125
0.0678749084472656 0.00850677490234375 0.111907958984375 -0.0113677978515625
0.05816650390625 -0.0392684936523438 0.091339111328125 -0.0632553100585938
0.0423088073730469 -0.0594100952148437 0.0618515014648438 -0.0649871826171875
0.0426788330078125 -0.0514297485351563 0.0424385070800781 -0.0426063537597656
0.0445671081542969 -0.0605506896972656 0.0384254455566406 -0.0134048461914063
0.0645637512207031 -0.0494804382324219 0.0288276672363281 0.0142536163330078
0.0824203491210938 -0.0119781494140625 -0.00691604614257812 0.0297107696533203
0.082733154296875 0.030548095703125 -0.0313949584960937 0.0137767791748047
0.0410003662109375 0.0903701782226563 -0.0393638610839844 -0.0374946594238281
-0.015655517578125 0.125175476074219 -0.000106811523437503 -0.0361061096191406
-0.0679550170898438 0.12640380859375 -0.00450897216796875 0.0137472152709961
-0.110755920410156 0.0838165283203125 0.0694808959960938 0.09442138671875
-0.065155029296875 0.113670349121094 0.035186767578125 0.11968994140625
-0.00828552246093749 0.108055114746094 0.06097412109375 0.0983810424804688
0.0578460693359375 0.087432861328125 0.09747314453125 0.0647048950195312
0.0858688354492188 0.0333633422851563 0.0940399169921875 0.006317138671875
0.0876693725585938 -0.0333099365234375 0.074859619140625 -0.041107177734375
0.0665779113769531 -0.0649795532226563 0.0467796325683594 -0.0340080261230469
0.0605354309082031 -0.0557861328125 0.0292491912841797 -0.0141754150390625
0.0645713806152344 -0.0640335083007813 0.0245857238769531 0.0105705261230469
0.0822219848632813 -0.0481338500976563 0.0149135589599609 0.0288429260253906
0.0913009643554688 -0.0014190673828125 -0.0151214599609375 0.0378952026367188
0.0834579467773438 0.04327392578125 -0.0325393676757812 0.0212745666503906
0.0279998779296875 0.0938491821289063 -0.0338859558105469 -0.0187206268310547
-0.0338668823242187 0.117156982421875 -0.0034027099609375 -0.00114369392395019
-0.085418701171875 0.10809326171875 -0.0305442810058594 0.0470809936523438
-0.11578369140625 0.043121337890625 0.0222854614257812 0.122406005859375
-0.09326171875 0.087860107421875 -0.0024566650390625 0.147491455078125
-0.0392532348632813 0.103340148925781 0.0412063598632812 0.113548278808594
0.0349044799804688 0.10528564453125 0.0727996826171875 0.0722503662109375
0.0809402465820313 0.0534820556640625 0.0643348693847656 0.0177497863769531
0.100234985351563 -0.0168914794921875 0.0473594665527344 -0.0170555114746094
0.0786056518554688 -0.0579071044921875 0.0248870849609375 -0.0037384033203125
0.0682411193847656 -0.0506134033203125 0.0109148025512695 0.0160942077636719
0.0754852294921875 -0.059478759765625 0.00730705261230469 0.0344314575195312
0.0897903442382813 -0.0411605834960937 -0.00392913818359374 0.0454292297363281
0.0943069458007813 0.0073394775390625 -0.0270423889160156 0.0420074462890625
0.0790939331054688 0.0506210327148438 -0.0361557006835937 0.0222358703613281
0.0131454467773438 0.0939483642578125 -0.0303668975830078 -0.00793266296386718
-0.0544357299804688 0.100326538085937 -0.00731849670410157 0.0254611968994141
-0.0982437133789063 0.0760955810546875 -0.0575180053710938 0.073394775390625
-0.0966110229492187 -0.00526428222656252 -0.0186538696289063 0.13507080078125
-0.0962753295898438 0.0382308959960938 -0.0327911376953125 0.156967163085938
-0.0590362548828125 0.0705947875976563 0.024322509765625 0.114707946777344
0.00428771972656251 0.0917205810546875 0.0493888854980469 0.0695075988769531
0.0573158264160156 0.061798095703125 0.0350532531738281 0.0198230743408203
0.09246826171875 0.00215911865234375 0.018096923828125 0.00222969055175781
0.0780410766601563 -0.0396347045898438 0.000156402587890629 0.0229911804199219
0.0670089721679688 -0.0389213562011719 -0.00689697265625 0.0437202453613281
0.0763397216796875 -0.0482177734375 -0.0108718872070312 0.0605850219726562
0.088531494140625 -0.0309829711914063 -0.0241470336914062 0.057891845703125
0.085906982421875 0.0159378051757813 -0.0432510375976563 0.0470085144042969
0.0684394836425781 0.0588417053222656 -0.0448951721191406 0.0212554931640625
-0.00569915771484375 0.0906219482421875 -0.0314598083496094 -0.0041961669921875
-0.0742340087890625 0.0764236450195312 -0.0180511474609375 0.0408592224121094
-0.106544494628906 0.0364837646484375 -0.0881881713867188 0.0849761962890625
-0.0593452453613281 -0.0529098510742188 -0.0430374145507813 0.125526428222656
-0.0763320922851563 -0.0158538818359375 -0.0459136962890625 0.148605346679688
-0.0622901916503906 0.021453857421875 0.0172348022460938 0.106559753417969
-0.0254898071289062 0.0600166320800781 0.0332603454589844 0.0563468933105469
0.0233421325683594 0.0552330017089844 0.014317512512207 0.0147199630737305
0.0653419494628906 0.01953125 -0.0105295181274414 0.0127954483032227
0.0652389526367188 -0.0168037414550781 -0.024993896484375 0.0445632934570313
0.0558738708496094 -0.0215606689453125 -0.0232963562011719 0.0664100646972656
0.0632667541503906 -0.0299568176269531 -0.0295028686523437 0.0782318115234375
0.0737228393554687 -0.0153732299804688 -0.0465316772460938 0.0713958740234375
0.0712127685546875 0.022491455078125 -0.0609664916992187 0.0513763427734375
0.050506591796875 0.0593986511230469 -0.0585708618164063 0.0181503295898438
-0.0207443237304688 0.0782699584960938 -0.0377960205078125 -0.00356674194335937
-0.0838851928710938 0.04595947265625 -0.0365829467773438 0.0492324829101563
-0.101081848144531 -0.00770568847656248 -0.118026733398438 0.0814437866210938
0.0561332702636719 0.048553466796875 0.118186950683594 -0.0841827392578125
0.0755081176757813 -0.0233001708984375 0.0570564270019531 -0.0385971069335938
0.0172653198242188 -0.0615463256835937 0.0476417541503906 0.00564193725585937
-0.0267906188964844 -0.0462532043457031 0.081085205078125 -0.00995635986328125
-0.0429191589355469 -0.0190925598144531 0.0869064331054687 -0.05267333984375
-0.0562095642089844 0.0130043029785156 0.062347412109375 -0.0903778076171875
-0.0426483154296875 0.0138359069824219 0.0388336181640625 -0.101547241210937
-0.03668212890625 0.00628662109375 0.0292205810546875 -0.0839767456054688
-0.0515251159667969 -0.00325393676757813 0.0327415466308594 -0.0557098388671875
-0.0360069274902344 -0.03399658203125 0.0275745391845703 -0.0292415618896484
0.00405502319335938 -0.052398681640625 -0.00257110595703125 -0.0121192932128906
0.0383224487304688 -0.0353965759277344 -0.0222129821777344 -0.0361213684082031
0.0656318664550781 0.0189170837402344 -0.00962066650390624 -0.10400390625
0.060760498046875 0.0658454895019531 0.03045654296875 -0.137176513671875
0.0261306762695313 0.0872650146484375 0.0464248657226563 -0.104400634765625
0.0161056518554687 0.089508056640625 0.137344360351563 -0.05572509765625
0.0640449523925781 0.0277938842773437 0.0699729919433594 -0.0167770385742187
0.0311031341552734 -0.0208816528320313 0.0620079040527344 0.0177116394042969
0.00543403625488281 -0.0252399444580078 0.0995864868164063 0.00223541259765625
-0.00801658630371094 -0.0202846527099609 0.104194641113281 -0.0512542724609375
-0.026031494140625 -0.0122547149658203 0.0789566040039063 -0.0939254760742188
-0.0178871154785156 -0.0135288238525391 0.0485153198242187 -0.108299255371094
-0.0115127563476563 -0.0190563201904297 0.0384521484375 -0.0876235961914063
-0.0188102722167969 -0.0285930633544922 0.0416183471679688 -0.0541954040527344
0.00362396240234375 -0.0453224182128906 0.0359382629394531 -0.0219230651855469
0.0391120910644531 -0.0395545959472656 0.000777721405029299 0.000493466854095457
0.0621070861816406 -0.00797653198242188 -0.0245723724365234 -0.0187473297119141
0.0604515075683594 0.0556793212890625 -0.0257339477539063 -0.0819168090820313
0.033966064453125 0.103996276855469 0.0180892944335938 -0.113327026367188
-0.0107879638671875 0.122024536132813 0.0385894775390625 -0.0728302001953125
-0.0305938720703125 0.115440368652344 0.138275146484375 -0.0144119262695312
0.03350830078125 0.0797119140625 0.079620361328125 0.01568603515625
0.0359382629394531 0.0317115783691406 0.0715866088867187 0.0385055541992187
0.0403671264648438 0.00869369506835938 0.114242553710938 0.016571044921875
0.0344352722167969 -0.0116863250732422 0.114082336425781 -0.0400390625
0.0161418914794922 -0.0318202972412109 0.0856475830078125 -0.0888214111328125
0.0107345581054688 -0.0441436767578125 0.0578994750976563 -0.0984725952148438
0.0126533508300781 -0.0417022705078125 0.0420455932617187 -0.0750045776367187
0.0106697082519531 -0.0509567260742187 0.0425643920898438 -0.0421257019042969
0.0349807739257813 -0.0521125793457031 0.0376167297363281 -0.0128021240234375
0.066009521484375 -0.02923583984375 0.00252056121826172 0.0142202377319336
0.0792007446289062 0.00981903076171875 -0.0254001617431641 -0.00120353698730469
0.0569076538085938 0.0767059326171875 -0.0379409790039063 -0.0568122863769531
0.0144424438476562 0.128158569335938 0.00321197509765625 -0.0773773193359375
-0.03558349609375 0.135917663574219 0.0214996337890625 -0.0306606292724609
-0.0767822265625 0.117729187011719 0.117568969726563 0.0383987426757813
-0.0102386474609375 0.117996215820313 0.07037353515625 0.0656585693359375
0.0271835327148437 0.0816421508789062 0.0760269165039063 0.0662994384765625
0.0651321411132813 0.0519294738769531 0.116798400878906 0.0369110107421875
0.0727691650390625 0.00353240966796875 0.114059448242188 -0.0243911743164063
0.0568580627441406 -0.0428619384765625 0.0837173461914063 -0.0727996826171875
0.0388221740722656 -0.0665740966796875 0.05645751953125 -0.0747756958007813
0.040069580078125 -0.0599555969238281 0.0394973754882813 -0.0495834350585938
0.041900634765625 -0.0673904418945313 0.0362472534179688 -0.022857666015625
0.0600700378417969 -0.0586433410644531 0.0281658172607422 0.00475311279296875
0.0858383178710937 -0.0206298828125 -0.00401306152343749 0.0225105285644531
0.0885391235351563 0.0233383178710937 -0.02716064453125 0.0119590759277344
0.05267333984375 0.0902481079101563 -0.0405082702636719 -0.0368690490722656
-0.00320434570312501 0.133163452148438 -0.000389099121093746 -0.039825439453125
-0.0571517944335938 0.138671875 -0.0015401840209961 0.0109109878540039
-0.110687255859375 0.1002197265625 0.0806961059570313 0.0850753784179688
-0.0565261840820312 0.130195617675781 0.0448760986328125 0.112525939941406
-0.000785827636718758 0.118354797363281 0.0641250610351562 0.0925369262695313
0.0690689086914063 0.0901718139648438 0.105682373046875 0.0572586059570313
0.0953216552734375 0.0295181274414063 0.0970230102539063 -0.000701904296874998
0.0897293090820313 -0.0421218872070313 0.0698471069335938 -0.050201416015625
0.0641098022460938 -0.0730667114257813 0.0434226989746094 -0.0443496704101563
0.0579757690429688 -0.0639610290527344 0.0246639251708984 -0.0190315246582031
0.0624847412109375 -0.0728683471679688 0.0238914489746094 0.00850296020507812
0.0786972045898438 -0.0598220825195312 0.0150184631347656 0.0218429565429687
0.097015380859375 -0.0112380981445313 -0.0115642547607422 0.0334701538085938
0.0921859741210937 0.0359115600585938 -0.0288600921630859 0.0187835693359375
0.0379409790039063 0.097198486328125 -0.0327091217041016 -0.0198497772216797
-0.020294189453125 0.127815246582031 -0.000485897064208986 -0.00480556488037109
-0.0769424438476563 0.123947143554687 -0.0218849182128906 0.0483551025390625
-0.120613098144531 0.0599365234375 0.0356369018554687 0.121467590332031
-0.0878982543945313 0.104164123535156 0.010345458984375 0.147735595703125
-0.032501220703125 0.114433288574219 0.048675537109375 0.113113403320313
0.0523452758789063 0.10552978515625 0.0793304443359375 0.0664596557617187
0.0874710083007813 0.0493850708007813 0.0659446716308594 0.0132102966308594
0.102699279785156 -0.0301132202148437 0.0493850708007813 -0.0210304260253906
0.0798873901367188 -0.07135009765625 0.0220050811767578 -0.00527572631835938
0.065826416015625 -0.0640525817871094 0.0111541748046875 0.0145559310913086
0.072845458984375 -0.0745010375976563 0.00750541687011719 0.0324192047119141
0.0911026000976563 -0.05389404296875 -0.00434494018554687 0.0393028259277344
0.0998306274414063 -0.00295257568359375 -0.0236244201660156 0.041473388671875
0.0900955200195313 0.0465545654296875 -0.0326976776123047 0.0218143463134766
0.0237655639648437 0.0984954833984375 -0.0303668975830078 -0.00887870788574218
-0.045806884765625 0.116729736328125 -0.00160789489746094 0.0250816345214844
-0.0968399047851562 0.0916366577148438 -0.0501022338867188 0.077392578125
-0.105873107910156 0.00902557373046876 -0.00760650634765626 0.139137268066406
-0.0986404418945313 0.0521240234375 -0.02032470703125 0.161697387695313
-0.0551376342773437 0.0831451416015625 0.0327224731445312 0.113868713378906
0.0159149169921875 0.0998001098632812 0.05474853515625 0.0677833557128906
0.0685806274414063 0.0576248168945313 0.0356597900390625 0.0196151733398438
0.0959548950195313 -0.01141357421875 0.0166034698486328 0.00139427185058594
0.0781936645507813 -0.0514297485351563 0.000642776489257817 0.0263957977294922
0.0658340454101563 -0.05108642578125 -0.00368118286132812 0.0466270446777344
0.07275390625 -0.0596771240234375 -0.00703811645507813 0.0617561340332031
0.0894393920898438 -0.0446243286132813 -0.0242996215820312 0.0602264404296875
0.0919876098632813 0.004547119140625 -0.0418472290039062 0.0489845275878906
0.0769882202148438 0.0519866943359375 -0.0454521179199219 0.019683837890625
0.00473022460937499 0.0952224731445313 -0.0329418182373047 -0.00597000122070312
-0.0671310424804688 0.0920867919921875 -0.0136451721191406 0.0430526733398438
-0.105705261230469 0.052764892578125 -0.0808868408203125 0.0948333740234375
-0.0693397521972656 -0.04571533203125 -0.0315780639648437 0.13360595703125
-0.0808868408203125 -0.0041961669921875 -0.03509521484375 0.15289306640625
-0.0658111572265625 0.0342979431152344 0.0223464965820313 0.10601806640625
-0.0184822082519531 0.06988525390625 0.0332489013671875 0.0529518127441406
0.0338935852050781 0.0551185607910156 0.0121469497680664 0.0165929794311523
0.06964111328125 0.008544921875 -0.012202262878418 0.0158023834228516
0.0642356872558594 -0.0283012390136719 -0.0217094421386719 0.0474166870117188
0.0535354614257813 -0.0294342041015625 -0.0190315246582031 0.0699348449707031
0.0618743896484375 -0.0409393310546875 -0.0230865478515625 0.0866165161132813
0.0740814208984375 -0.0267715454101563 -0.047271728515625 0.0734024047851563
0.0774612426757812 0.011566162109375 -0.0627098083496094 0.0533409118652344
0.0588912963867188 0.0527992248535156 -0.0546836853027344 0.0202522277832031
-0.0105819702148438 0.0852127075195312 -0.0350227355957031 -0.00139999389648437
-0.0826416015625 0.0587158203125 -0.0314712524414063 0.0555915832519531
-0.1043701171875 0.00472259521484377 -0.111679077148437 0.0944900512695313
0.0581436157226563 0.0413131713867188 0.109153747558594 -0.0942306518554687
0.0711212158203125 -0.0327682495117188 0.0482826232910156 -0.0422134399414063
0.0103034973144531 -0.0611763000488281 0.0450859069824219 0.00311660766601562
-0.0321693420410156 -0.0435981750488281 0.0805206298828125 -0.0134735107421875
-0.045562744140625 -0.0138511657714844 0.0842056274414063 -0.0595703125
-0.05316162109375 0.0197525024414063 0.0567398071289063 -0.0958251953125
-0.0377120971679688 0.0203590393066406 0.0284805297851563 -0.106552124023437
-0.0350875854492187 0.0122642517089844 0.0214920043945313 -0.0865325927734375
-0.0498847961425781 0.00616455078125 0.0268898010253906 -0.0622520446777344
-0.0384712219238281 -0.0262527465820312 0.0248050689697266 -0.0347747802734375
-0.00311279296875 -0.0506782531738281 -0.00224399566650391 -0.0153379440307617
0.0324478149414063 -0.0382766723632813 -0.0207901000976562 -0.0371360778808594
0.0669708251953125 0.0082855224609375 -0.013519287109375 -0.0999832153320312
0.06756591796875 0.0559463500976563 0.0225448608398438 -0.138053894042969
0.03619384765625 0.08038330078125 0.04107666015625 -0.111648559570312
0.02362060546875 0.0852890014648438 0.130172729492188 -0.0699234008789063
0.0624771118164063 0.0215568542480469 0.0652427673339844 -0.026641845703125
0.0265178680419922 -0.0209712982177734 0.0599403381347656 0.0136222839355469
0.00414085388183593 -0.0230693817138672 0.100433349609375 -0.00666046142578125
-0.00935554504394531 -0.0168437957763672 0.100486755371094 -0.0578536987304688
-0.0226421356201172 -0.00660133361816406 0.0711212158203125 -0.10333251953125
-0.0175552368164063 -0.0135879516601562 0.0401687622070312 -0.114036560058594
-0.0122613906860352 -0.0159521102905273 0.0292434692382812 -0.0912246704101563
-0.0210304260253906 -0.0236740112304688 0.0352554321289063 -0.0615196228027344
-0.000282287597656252 -0.0406951904296875 0.0347652435302734 -0.0298423767089844
0.0341110229492188 -0.0411529541015625 0.00562477111816406 -0.00564289093017578
0.0588150024414062 -0.0136528015136719 -0.0208816528320313 -0.0196361541748047
0.0630302429199219 0.0475959777832031 -0.026702880859375 -0.0792922973632813
0.042572021484375 0.0987472534179688 0.0111541748046875 -0.113212585449219
0.00423431396484376 0.117317199707031 0.03680419921875 -0.0789337158203125
-0.021392822265625 0.115142822265625 0.135505676269531 -0.0280532836914062
0.0372467041015625 0.0767669677734375 0.0748291015625 0.00946807861328126
0.0369644165039063 0.0300331115722656 0.0717239379882813 0.0343551635742188
0.0416717529296875 0.00639724731445313 0.114303588867188 0.0086517333984375
0.0327110290527344 -0.0146751403808594 0.111335754394531 -0.0481414794921875
0.0139350891113281 -0.0318336486816406 0.0784988403320313 -0.0987167358398438
0.00711441040039063 -0.04443359375 0.0467529296875 -0.105827331542969
0.0117073059082031 -0.043701171875 0.0312576293945313 -0.0804672241210937
0.00902557373046874 -0.0517311096191406 0.0354156494140625 -0.0502815246582031
0.0314979553222656 -0.0546607971191406 0.0345134735107422 -0.0201873779296875
0.0631980895996094 -0.0331611633300781 0.00385427474975586 0.00675106048583984
0.0798187255859375 0.00458526611328125 -0.0217399597167969 -0.00464820861816407
0.0619125366210938 0.0734405517578125 -0.03594970703125 -0.0565032958984375
0.025726318359375 0.125648498535156 0.000663757324218745 -0.0783309936523437
-0.0229415893554687 0.138214111328125 0.0224990844726563 -0.0369415283203125
-0.0679092407226562 0.127456665039063 0.121040344238281 0.024810791015625
-0.00322723388671876 0.120872497558594 0.071990966796875 0.0561447143554688
0.0322113037109375 0.0835037231445313 0.0761566162109375 0.0608444213867188
0.07171630859375 0.0444793701171875 0.117607116699219 0.0288238525390625
0.073760986328125 -0.00102996826171875 0.109428405761719 -0.02899169921875
0.0542068481445312 -0.0497322082519531 0.0771331787109375 -0.080902099609375
0.0330581665039063 -0.0691566467285156 0.0468292236328125 -0.082275390625
0.0351982116699219 -0.0634193420410156 0.0298080444335938 -0.056793212890625
0.0352020263671875 -0.0725479125976562 0.0310573577880859 -0.027313232421875
0.0580825805664063 -0.0636749267578125 0.0271110534667969 -0.00265693664550782
0.0838775634765625 -0.02838134765625 -0.00149726867675781 0.0183258056640625
0.0928421020507813 0.0173416137695313 -0.0230236053466797 0.008392333984375
0.0583572387695313 0.087921142578125 -0.0382308959960938 -0.0352363586425781
0.0093536376953125 0.13702392578125 -0.00149154663085938 -0.0413360595703125
-0.045257568359375 0.14398193359375 0.00475311279296875 0.00589704513549806
-0.102897644042969 0.112464904785156 0.0885391235351563 0.0768356323242188
-0.0469818115234375 0.13580322265625 0.0515289306640625 0.1058349609375
0.0084381103515625 0.119705200195313 0.0683670043945313 0.0883102416992188
0.0788497924804688 0.0835647583007813 0.105384826660156 0.0498199462890625
0.0983657836914063 0.0191421508789063 0.093902587890625 -0.0096588134765625
0.0856246948242187 -0.0517807006835937 0.0649032592773438 -0.0541725158691406
0.0565338134765625 -0.0815963745117188 0.0373611450195313 -0.0467529296875
0.0527420043945313 -0.0736160278320313 0.0228290557861328 -0.0225620269775391
0.055908203125 -0.0831069946289063 0.0210247039794922 -0.000297546386718755
0.07574462890625 -0.0688629150390625 0.013920783996582 0.0161104202270508
0.0973892211914063 -0.0215911865234375 -0.00985908508300781 0.0300388336181641
0.0979690551757813 0.0279312133789063 -0.0252876281738281 0.0153675079345703
0.0486373901367187 0.0948867797851563 -0.0338115692138672 -0.0202445983886719
-0.0110931396484375 0.132820129394531 0.00301313400268555 -0.00773096084594726
-0.0673904418945313 0.130233764648438 -0.0158119201660156 0.0470428466796875
-0.117416381835938 0.073638916015625 0.0447463989257813 0.11553955078125
-0.080718994140625 0.113838195800781 0.020965576171875 0.142333984375
-0.0215606689453125 0.122840881347656 0.0526962280273438 0.105484008789063
0.0610885620117188 0.104568481445313 0.0817489624023438 0.0635147094726563
0.0977249145507813 0.0394210815429688 0.0657463073730469 0.00835037231445313
0.100090026855469 -0.0400543212890625 0.0419120788574219 -0.0246963500976563
0.0698776245117188 -0.07916259765625 0.0218353271484375 -0.00970268249511719
0.0616378784179688 -0.0718994140625 0.0112905502319336 0.0123615264892578
0.0655136108398438 -0.0828781127929687 0.00726699829101563 0.03118896484375
0.0845947265625 -0.065826416015625 -0.00278472900390624 0.0381393432617187
0.1019287109375 -0.0124053955078125 -0.0236587524414062 0.0395927429199219
0.094696044921875 0.0374374389648438 -0.0322246551513672 0.0210952758789062
0.0322952270507813 0.100151062011719 -0.0311412811279297 -0.0116481781005859
-0.0359115600585937 0.121726989746094 0.00149917602539062 0.0209808349609375
-0.0870285034179688 0.103424072265625 -0.0411148071289063 0.0799102783203125
-0.104324340820313 0.0209808349609375 0.00518798828125001 0.138832092285156
-0.0926971435546875 0.065277099609375 -0.00688171386718751 0.158035278320312
-0.0477294921875 0.0921173095703125 0.0360641479492187 0.108245849609375
0.0266647338867188 0.099639892578125 0.0543746948242188 0.0634231567382813
0.0765380859375 0.0516128540039063 0.0349349975585938 0.0177631378173828
0.095489501953125 -0.0216140747070312 0.0146856307983399 0.00288772583007812
0.0696907043457031 -0.0624656677246094 0.00352478027343751 0.0255069732666016
0.0609512329101562 -0.0591812133789062 -0.00224304199218749 0.0453338623046875
0.0665206909179688 -0.0703964233398438 -0.00534439086914062 0.0602798461914063
0.0824661254882813 -0.0559310913085938 -0.0213813781738281 0.0595893859863281
0.0951309204101563 -0.004638671875 -0.0411911010742187 0.0497856140136719
0.0845489501953125 0.0443801879882812 -0.0429916381835937 0.0209579467773438
0.014007568359375 0.0977630615234375 -0.0297355651855469 -0.0063037872314453
-0.0564422607421875 0.101585388183594 -0.00627899169921876 0.0413093566894531
-0.101325988769531 0.0652999877929688 -0.071929931640625 0.0993194580078125
-0.0763702392578125 -0.0347213745117188 -0.022552490234375 0.138076782226563
-0.0837783813476563 0.00531768798828124 -0.023651123046875 0.156387329101563
-0.0596046447753906 0.0416259765625 0.0272750854492187 0.100944519042969
-0.00766754150390625 0.0710983276367188 0.0340538024902344 0.0538711547851563
0.0402946472167969 0.050811767578125 0.0114421844482422 0.017054557800293
0.072723388671875 0.00095367431640625 -0.0104084014892578 0.0207233428955078
0.0600624084472656 -0.0370101928710938 -0.0172843933105469 0.0523147583007813
0.0490646362304688 -0.037322998046875 -0.01348876953125 0.0722885131835938
0.0557746887207031 -0.0478096008300781 -0.0188674926757813 0.0858612060546875
0.0696907043457031 -0.0380325317382813 -0.04071044921875 0.0789718627929687
0.0791854858398438 0.0028839111328125 -0.0592880249023437 0.0574111938476563
0.06597900390625 0.0465927124023437 -0.056671142578125 0.0212478637695312
-0.00308990478515625 0.084747314453125 -0.0380401611328125 -0.00365447998046875
-0.07373046875 0.0688323974609375 -0.0240974426269531 0.0535392761230469
-0.102630615234375 0.0195770263671875 -0.103965759277344 0.10430908203125
0.0594291687011719 0.0356292724609375 0.102256774902344 -0.09912109375
0.0648307800292969 -0.0368309020996094 0.0411529541015625 -0.0445289611816406
0.00480270385742188 -0.0595893859863281 0.0430755615234375 0.00348281860351562
-0.0359077453613281 -0.0388565063476563 0.0799484252929688 -0.0153427124023438
-0.0459823608398438 -0.00994491577148438 0.081512451171875 -0.0620803833007813
-0.0486869812011719 0.0236053466796875 0.0539627075195312 -0.0973739624023438
-0.0338878631591797 0.0229396820068359 0.0226821899414062 -0.107620239257813
-0.0320663452148438 0.0146617889404297 0.0159378051757812 -0.0876235961914063
-0.0460662841796875 0.0111656188964844 0.0210304260253906 -0.064697265625
-0.039306640625 -0.0212440490722656 0.0231513977050781 -0.0397148132324219
-0.00868988037109375 -0.0479621887207031 0.000373840332031248 -0.0188827514648438
0.0285758972167969 -0.0400924682617188 -0.0186500549316406 -0.0377311706542969
0.0652503967285156 0.00182723999023438 -0.0140304565429688 -0.0953598022460938
0.0696601867675781 0.0474891662597656 0.0185699462890625 -0.137260437011719
0.0407485961914063 0.0743179321289063 0.0360946655273437 -0.113510131835938
0.0265045166015625 0.0811080932617188 0.122573852539062 -0.0761871337890625
0.0593185424804688 0.0170021057128906 0.0591392517089844 -0.0280952453613281
0.0234889984130859 -0.0200157165527344 0.0561981201171875 0.0135498046875
0.00153541564941406 -0.0229320526123047 0.0981979370117188 -0.00882720947265625
-0.00989913940429688 -0.0149831771850586 0.0969009399414063 -0.0616912841796875
-0.0203781127929688 -0.00412559509277344 0.0655059814453125 -0.104812622070312
-0.0156307220458984 -0.0115213394165039 0.0327224731445313 -0.11505126953125
-0.011444091796875 -0.0156574249267578 0.0222396850585938 -0.0924301147460938
-0.0195884704589844 -0.0213203430175781 0.0275650024414062 -0.0654678344726562
-0.00304794311523438 -0.0388069152832031 0.0313873291015625 -0.0365638732910156
0.0291976928710938 -0.0408134460449219 0.00530624389648438 -0.0103559494018555
0.0556526184082031 -0.0157890319824219 -0.0170307159423828 -0.0220470428466797
0.0644454956054687 0.0417671203613281 -0.025238037109375 -0.076019287109375
0.04803466796875 0.0925445556640625 0.0081634521484375 -0.112205505371094
0.0110015869140625 0.112724304199219 0.0333251953125 -0.082000732421875
-0.016693115234375 0.115463256835938 0.129646301269531 -0.03692626953125
0.0387420654296875 0.0738296508789063 0.0704727172851563 0.00456237792968751
0.0364837646484375 0.0308494567871094 0.0687179565429688 0.0312080383300781
0.0420265197753906 0.00574493408203125 0.11163330078125 0.00478363037109375
0.0325069427490234 -0.0141735076904297 0.107246398925781 -0.052093505859375
0.0143413543701172 -0.0311412811279297 0.072509765625 -0.100914001464844
0.00628662109375 -0.0445899963378906 0.0388259887695312 -0.107666015625
0.0107574462890625 -0.0442581176757813 0.02490234375 -0.0821533203125
0.00715255737304687 -0.0505447387695312 0.0288467407226562 -0.0535125732421875
0.028717041015625 -0.0546913146972656 0.0310535430908203 -0.0263347625732422
0.0602760314941406 -0.0356559753417969 0.00429415702819824 0.000397205352783201
0.0784988403320313 0.0001220703125 -0.0186424255371094 -0.00763893127441407
0.0645675659179688 0.0681686401367188 -0.0343742370605469 -0.0544166564941406
0.03192138671875 0.121490478515625 -0.000427246093749998 -0.0786972045898438
-0.0145263671875 0.136802673339844 0.022674560546875 -0.0417823791503906
-0.0616989135742187 0.130744934082031 0.118995666503906 0.014892578125
0.00286865234375001 0.119209289550781 0.0696945190429688 0.0488319396972656
0.0348739624023437 0.0841064453125 0.0739974975585938 0.0567779541015625
0.0737457275390625 0.0427017211914063 0.115066528320313 0.0239639282226563
0.0728530883789063 -0.00504302978515625 0.105125427246094 -0.03424072265625
0.0518646240234375 -0.0502243041992188 0.0712738037109375 -0.0839996337890625
0.0300674438476563 -0.0708694458007813 0.0398941040039063 -0.0842132568359375
0.0315284729003906 -0.0656242370605469 0.0234870910644531 -0.05841064453125
0.0317153930664063 -0.0738296508789063 0.0251636505126953 -0.03265380859375
0.0540847778320312 -0.0673446655273438 0.0235652923583984 -0.00973701477050782
0.082763671875 -0.0323715209960938 -0.00101375579833984 0.01287841796875
0.0936508178710938 0.0121307373046875 -0.0203819274902344 0.00471878051757812
0.0621871948242188 0.08331298828125 -0.0368423461914062 -0.035125732421875
0.01654052734375 0.134468078613281 -0.000694274902343745 -0.0437278747558594
-0.036865234375 0.144195556640625 0.0075845718383789 0.00167512893676759
-0.0967178344726563 0.118560791015625 0.0894927978515625 0.0676803588867188
-0.0402603149414062 0.137763977050781 0.0532302856445312 0.0969009399414063
0.0145950317382813 0.121147155761719 0.0678253173828125 0.082427978515625
0.0841827392578125 0.0794906616210938 0.104347229003906 0.0452117919921875
0.0993576049804687 0.013275146484375 0.0900497436523438 -0.0121612548828125
0.0823898315429687 -0.0551605224609375 0.0587081909179688 -0.0567245483398437
0.0505218505859375 -0.083740234375 0.0337600708007813 -0.0495071411132813
0.0479888916015625 -0.0771026611328125 0.0178184509277344 -0.025848388671875
0.0507354736328125 -0.0859832763671875 0.0173492431640625 -0.00289726257324219
0.0711593627929688 -0.0740737915039063 0.011713981628418 0.0118227005004883
0.0957565307617188 -0.0277328491210938 -0.00979232788085937 0.0257720947265625
0.0993118286132813 0.021820068359375 -0.0241603851318359 0.0122909545898438
0.0534515380859375 0.0926132202148438 -0.032440185546875 -0.0206680297851562
-0.00325775146484373 0.134979248046875 0.00299072265625 -0.00966358184814452
-0.0588150024414062 0.134391784667969 -0.0110244750976563 0.0433082580566406
-0.11260986328125 0.0819778442382812 0.0502471923828125 0.109611511230469
-0.0743560791015625 0.119056701660156 0.025054931640625 0.134452819824219
-0.015106201171875 0.126129150390625 0.0532684326171875 0.0998458862304688
0.0686264038085938 0.100349426269531 0.0808944702148437 0.0581207275390625
0.101348876953125 0.03326416015625 0.0630683898925781 0.00746536254882813
0.0974655151367187 -0.0468292236328125 0.0383529663085938 -0.0255470275878906
0.06292724609375 -0.0825958251953125 0.0200824737548828 -0.0105152130126953
0.0555801391601563 -0.0765304565429688 0.00949382781982422 0.0104351043701172
0.058868408203125 -0.0866165161132813 0.00622177124023438 0.0292778015136719
0.079254150390625 -0.0719223022460938 -0.00369834899902343 0.0351295471191406
0.10015869140625 -0.021026611328125 -0.0239219665527344 0.0373573303222656
0.0980987548828125 0.0312347412109375 -0.03155517578125 0.0167388916015625
0.0392913818359375 0.098297119140625 -0.0286579132080078 -0.0124645233154297
-0.0265960693359375 0.125228881835938 0.00479602813720703 0.0173444747924805
-0.0792160034179688 0.109886169433594 -0.0344696044921875 0.0772781372070313
-0.104286193847656 0.0290374755859375 0.0110244750976562 0.133888244628906
-0.0882797241210938 0.0737533569335938 -0.002044677734375 0.152923583984375
-0.0424728393554688 0.0972518920898438 0.0376510620117187 0.104217529296875
0.0352554321289063 0.0973129272460937 0.0541954040527344 0.0606193542480469
0.0804214477539063 0.045318603515625 0.0340633392333984 0.0169296264648438
0.09295654296875 -0.0285186767578125 0.0131301879882813 0.00263881683349609
0.0644149780273438 -0.0668373107910156 0.00391960144042969 0.0257167816162109
0.0549850463867187 -0.0641059875488281 -0.000301361083984372 0.0450515747070312
0.0593948364257813 -0.0749359130859375 -0.00407791137695312 0.0595359802246094
0.0781631469726563 -0.0615463256835937 -0.0209465026855469 0.0585899353027344
0.0939865112304688 -0.0127182006835938 -0.0403404235839844 0.0486488342285156
0.0881118774414063 0.0377960205078125 -0.042388916015625 0.0194625854492188
0.021636962890625 0.096771240234375 -0.0297317504882813 -0.00752830505371093
-0.049652099609375 0.105644226074219 -0.00254440307617188 0.038726806640625
-0.0947265625 0.0731201171875 -0.0640335083007813 0.0992431640625
-0.07965087890625 -0.0269546508789063 -0.0166473388671875 0.13494873046875
-0.082366943359375 0.0140609741210937 -0.0169219970703125 0.151565551757812
-0.0565223693847656 0.0478935241699219 0.026702880859375 0.096710205078125
-0.00102233886718749 0.0723037719726563 0.033599853515625 0.0527000427246094
0.0453300476074219 0.045562744140625 0.0100650787353516 0.0193862915039063
0.0704421997070313 -0.00778961181640625 -0.00960350036621093 0.0226249694824219
0.055389404296875 -0.0414505004882813 -0.0120429992675781 0.0537338256835937
0.0465164184570313 -0.0419158935546875 -0.00940704345703125 0.0724868774414063
0.0511856079101563 -0.0536918640136719 -0.015533447265625 0.0856475830078125
0.0665779113769531 -0.0434532165527344 -0.03887939453125 0.0788116455078125
0.0777130126953125 -0.003692626953125 -0.0571022033691406 0.0591506958007813
0.0695266723632813 0.0399246215820313 -0.0557289123535156 0.0216140747070313
0.00339508056640625 0.084136962890625 -0.0363883972167969 -0.00385284423828124
-0.0663909912109375 0.0750198364257813 -0.0177955627441406 0.0518569946289063
-0.0983123779296875 0.0277023315429688 -0.0965728759765625 0.10693359375
0.0599288940429688 0.0321502685546875 0.0992431640625 -0.100624084472656
0.0612144470214844 -0.0388603210449219 0.0378646850585938 -0.0439872741699219
0.00199890136718749 -0.0577468872070312 0.0417213439941406 0.00508499145507812
-0.0370750427246094 -0.0363197326660156 0.0798110961914063 -0.0146942138671875
-0.0462150573730469 -0.00612640380859376 0.0818405151367188 -0.06341552734375
-0.0457305908203125 0.0266036987304688 0.0532989501953125 -0.0995712280273437
-0.0316238403320313 0.0235748291015625 0.020294189453125 -0.108207702636719
-0.0306148529052734 0.0155925750732422 0.0131988525390625 -0.0891876220703125
-0.0431289672851563 0.0137405395507812 0.0181465148925781 -0.0664138793945313
-0.0392723083496094 -0.0176887512207031 0.0213851928710937 -0.0431747436523438
-0.0113677978515625 -0.0456771850585938 0.00134658813476562 -0.0224132537841797
0.0250320434570313 -0.0407791137695313 -0.0152969360351562 -0.0396842956542969
0.0638313293457031 -0.00176239013671875 -0.0112152099609375 -0.09417724609375
0.0703659057617188 0.0425567626953125 0.0182571411132813 -0.13568115234375
0.0429725646972656 0.0697860717773438 0.0357208251953125 -0.115898132324219
0.0271835327148438 0.0794601440429688 0.119537353515625 -0.0793533325195313
0.0577354431152344 0.0160331726074219 0.0542755126953125 -0.029144287109375
0.0221157073974609 -0.0182418823242188 0.0548667907714844 0.0145225524902344
0.000698089599609374 -0.0202541351318359 0.09710693359375 -0.00812530517578125
-0.0101261138916016 -0.0130224227905273 0.0963211059570312 -0.0624313354492188
-0.0184383392333984 -0.00226020812988281 0.0636215209960938 -0.106765747070313
-0.0143051147460938 -0.0113048553466797 0.0291519165039063 -0.116584777832031
-0.0110311508178711 -0.0153579711914063 0.0182342529296875 -0.0934906005859375
-0.0183963775634766 -0.0196189880371094 0.0244979858398438 -0.068115234375
-0.0033416748046875 -0.0365982055664063 0.0284347534179688 -0.0411949157714844
0.0274581909179688 -0.0402870178222656 0.00619602203369141 -0.0145654678344727
0.0541038513183594 -0.0165328979492188 -0.0145149230957031 -0.0257244110107422
0.0633773803710938 0.0397605895996094 -0.0222930908203125 -0.076019287109375
0.0499496459960937 0.0891036987304688 0.00869750976562501 -0.111442565917969
0.0139846801757813 0.110191345214844 0.0336837768554688 -0.0852203369140625
-0.014129638671875 0.116180419921875 0.127197265625 -0.0408935546875
0.0378799438476563 0.0727081298828125 0.0670967102050781 0.00136184692382813
0.0359611511230469 0.033050537109375 0.0668182373046875 0.0314979553222656
0.0421905517578125 0.00655746459960937 0.110542297363281 0.0041046142578125
0.0329246520996094 -0.014190673828125 0.105422973632813 -0.0539474487304688
0.0155200958251953 -0.0303287506103516 0.0701217651367188 -0.102317810058594
0.00713729858398437 -0.044921875 0.0349655151367187 -0.10870361328125
0.0106544494628906 -0.0454292297363281 0.0200347900390625 -0.0838775634765625
0.00803756713867188 -0.0510025024414063 0.0240707397460938 -0.0561408996582031
0.02789306640625 -0.0541954040527344 0.0275459289550781 -0.0311698913574219
0.0593795776367188 -0.0369606018066406 0.00385665893554688 -0.00459909439086914
0.0776824951171875 -0.00067901611328125 -0.0167484283447266 -0.0117101669311523
0.0653762817382813 0.06683349609375 -0.0318641662597656 -0.0549659729003906
0.0346832275390625 0.120033264160156 0.000358581542968744 -0.0801620483398437
-0.01104736328125 0.135948181152344 0.0235252380371094 -0.0454063415527344
-0.0592880249023438 0.132972717285156 0.117538452148438 0.00934600830078126
0.00379180908203126 0.120048522949219 0.0662269592285156 0.0450172424316406
0.0370254516601563 0.0865402221679687 0.0714263916015625 0.056060791015625
0.07537841796875 0.0417327880859375 0.114173889160156 0.0230789184570313
0.073974609375 -0.0062255859375 0.103729248046875 -0.0353851318359375
0.0511550903320313 -0.0510063171386719 0.0676956176757813 -0.083740234375
0.0292739868164062 -0.0723876953125 0.0358352661132813 -0.0858078002929688
0.0303115844726563 -0.0677833557128906 0.01934814453125 -0.0601615905761719
0.030853271484375 -0.0749588012695313 0.0206260681152344 -0.0343208312988281
0.0523681640625 -0.0691871643066406 0.0209674835205078 -0.0139427185058594
0.0826492309570313 -0.0347442626953125 -0.00221109390258789 0.00826025009155273
0.094635009765625 0.00885772705078125 -0.0195598602294922 0.000175476074218749
0.0647048950195313 0.0836715698242187 -0.0346641540527344 -0.0359535217285156
0.020263671875 0.135261535644531 -0.000202178955078129 -0.0454940795898437
-0.03302001953125 0.145034790039063 0.00984764099121094 -0.00236892700195312
-0.0951919555664063 0.123100280761719 0.0900344848632813 0.0622787475585938
-0.037261962890625 0.139877319335938 0.051025390625 0.0932846069335938
0.0183563232421875 0.124275207519531 0.0649261474609375 0.0811691284179688
0.087677001953125 0.0777435302734375 0.103469848632812 0.0443115234375
0.101455688476563 0.010711669921875 0.0885238647460938 -0.0127944946289063
0.0810317993164063 -0.0579299926757813 0.0563545227050781 -0.0562820434570313
0.0487747192382812 -0.0868606567382813 0.0304679870605469 -0.0507278442382813
0.045379638671875 -0.0797958374023438 0.015625 -0.0268325805664063
0.0478973388671875 -0.0890884399414063 0.0129690170288086 -0.00502490997314454
0.0692138671875 -0.077239990234375 0.00859165191650391 0.00851297378540039
0.096832275390625 -0.0319671630859375 -0.0125942230224609 0.0221595764160156
0.101509094238281 0.0182342529296875 -0.0244197845458984 0.0085906982421875
0.057159423828125 0.0926895141601563 -0.0310478210449219 -0.0228385925292969
0.00129699707031251 0.137039184570313 0.00433063507080078 -0.0133686065673828
-0.0552291870117188 0.136924743652344 -0.00882720947265626 0.0397300720214844
-0.110893249511719 0.088043212890625 0.0518569946289063 0.1068115234375
-0.071441650390625 0.122917175292969 0.0251007080078125 0.131294250488281
-0.012298583984375 0.130416870117188 0.0501251220703125 0.0985641479492188
0.0730667114257813 0.0997467041015625 0.0796432495117188 0.0580825805664063
0.103584289550781 0.0292739868164063 0.06195068359375 0.0072174072265625
0.0963134765625 -0.0504531860351563 0.0352783203125 -0.0241775512695313
0.06011962890625 -0.0856246948242188 0.0187168121337891 -0.0109634399414063
0.0531387329101563 -0.0793914794921875 0.00876808166503907 0.00992679595947265
0.0556411743164062 -0.0900344848632812 0.00492286682128907 0.0279121398925781
0.0768051147460937 -0.0761871337890625 -0.00588798522949218 0.0332279205322266
0.100517272949219 -0.0256271362304688 -0.0258255004882812 0.0353775024414063
0.0997695922851563 0.0277023315429688 -0.0315914154052734 0.0140495300292969
0.0426712036132813 0.0981521606445313 -0.0289554595947266 -0.0147953033447266
-0.0223922729492188 0.128364562988281 0.00609302520751953 0.0142478942871094
-0.075958251953125 0.112991333007813 -0.0317459106445313 0.0742874145507813
-0.104568481445312 0.0355606079101563 0.012420654296875 0.131919860839844
-0.0867691040039062 0.0779953002929688 -0.00100708007812502 0.149765014648438
-0.0391693115234375 0.102027893066406 0.0345001220703125 0.10284423828125
0.0405502319335937 0.096923828125 0.0529556274414063 0.0604972839355469
0.0833892822265625 0.04156494140625 0.0330810546875 0.019012451171875
0.0917816162109375 -0.0329818725585938 0.0125741958618164 0.0043191909790039
0.0613174438476563 -0.0703887939453125 0.00377082824707032 0.0248565673828125
0.0522270202636719 -0.0670433044433594 0.000938415527343755 0.0446243286132812
0.0556411743164062 -0.0792617797851562 -0.00553512573242187 0.0594711303710937
0.0751495361328125 -0.0663299560546875 -0.0222587585449219 0.0574951171875
0.0949249267578125 -0.017822265625 -0.0417861938476562 0.0472221374511719
0.090545654296875 0.0344085693359375 -0.0427322387695312 0.0177154541015625
0.0253524780273437 0.096771240234375 -0.0300064086914063 -0.00908088684082031
-0.0453414916992187 0.109626770019531 8.0108642578126E-05 0.0360794067382813
-0.0917587280273437 0.0775604248046875 -0.0610580444335937 0.097991943359375
-0.081298828125 -0.0224761962890625 -0.0143356323242187 0.135795593261719
-0.081634521484375 0.0191650390625 -0.0163726806640625 0.148895263671875
-0.0543670654296875 0.0520401000976563 0.0259323120117187 0.094940185546875
0.00319671630859375 0.0718994140625 0.0312995910644531 0.053192138671875
0.0485382080078125 0.0426559448242188 0.00824928283691407 0.0220260620117188
0.0696220397949219 -0.0113945007324219 -0.009246826171875 0.0251083374023438
0.0522880554199219 -0.0450630187988281 -0.0094757080078125 0.0541343688964844
0.0435676574707031 -0.0453300476074219 -0.00665283203124999 0.0729827880859375
0.0483512878417969 -0.0562515258789063 -0.0150299072265625 0.0861740112304688
0.0631370544433594 -0.0482826232910156 -0.0385208129882812 0.0786972045898438
0.0776443481445313 -0.007904052734375 -0.0579032897949219 0.0590057373046875
0.0711288452148438 0.0358810424804688 -0.0562705993652344 0.020416259765625
0.00643920898437501 0.0844497680664063 -0.0356826782226563 -0.00543975830078124
-0.0618515014648437 0.0788192749023438 -0.0147285461425781 0.0505027770996094
-0.095611572265625 0.0318145751953125 -0.0930938720703125 0.107948303222656
0.060882568359375 0.029998779296875 0.100502014160156 -0.10394287109375
0.0597763061523438 -0.040771484375 0.0357246398925781 -0.0443801879882812
0.0006561279296875 -0.0582237243652344 0.0419883728027344 0.00753402709960937
-0.038238525390625 -0.0346107482910156 0.08282470703125 -0.0133819580078125
-0.0475349426269531 -0.00386047363281249 0.0838699340820312 -0.0660552978515625
-0.0438079833984375 0.0290908813476563 0.0551681518554688 -0.104438781738281
-0.0306110382080078 0.0259990692138672 0.0196762084960937 -0.112533569335937
-0.0297603607177734 0.0169868469238281 0.0113372802734375 -0.0918655395507812
-0.0422630310058594 0.0161972045898438 0.0161056518554688 -0.0692672729492188
-0.0393600463867188 -0.0151443481445312 0.020599365234375 -0.0475349426269531
-0.0142784118652344 -0.0444793701171875 0.00186347961425781 -0.0266876220703125
0.0239143371582031 -0.0416069030761719 -0.013519287109375 -0.0431785583496094
0.0640525817871094 -0.0048828125 -0.00865173339843751 -0.095428466796875
0.0719528198242188 0.0396499633789063 0.019989013671875 -0.138381958007812
0.0455665588378906 0.0683250427246094 0.0377731323242188 -0.120964050292969
0.0287628173828125 0.0800018310546875 0.120864868164063 -0.0831298828125
0.0571136474609375 0.0154495239257813 0.0529136657714844 -0.0301361083984375
0.0220108032226563 -0.0173740386962891 0.0549278259277344 0.0166702270507812
0.00106239318847656 -0.0194568634033203 0.0998077392578125 -0.0078277587890625
-0.00943756103515625 -0.0120658874511719 0.0986480712890625 -0.0646591186523438
-0.0166721343994141 -0.00112247467041015 0.0653457641601563 -0.11090087890625
-0.0133810043334961 -0.0110082626342773 0.02716064453125 -0.120635986328125
-0.00977325439453125 -0.0159988403320313 0.015411376953125 -0.0967864990234375
-0.0165271759033203 -0.0191402435302734 0.0210494995117188 -0.0714187622070313
-0.00307846069335938 -0.0354499816894531 0.0269355773925781 -0.0462989807128906
0.026458740234375 -0.0404167175292969 0.00626182556152344 -0.0195903778076172
0.0539665222167969 -0.0171012878417969 -0.0122642517089844 -0.0295333862304688
0.0645256042480469 0.0389213562011719 -0.0197372436523437 -0.077545166015625
0.0512619018554688 0.088409423828125 0.010345458984375 -0.114692687988281
0.0156097412109375 0.11083984375 0.0361404418945312 -0.0900421142578125
-0.0143966674804688 0.119392395019531 0.129203796386719 -0.0442047119140625
0.0382461547851563 0.074951171875 0.064208984375 -9.91821289062454E-05
0.0372581481933594 0.0360145568847656 0.0657424926757813 0.0337562561035156
0.0443382263183594 0.00726318359375 0.113197326660156 0.00487518310546875
0.0348014831542969 -0.0141353607177734 0.107307434082031 -0.054901123046875
0.0170764923095703 -0.0302753448486328 0.0705718994140625 -0.105606079101563
0.00783157348632813 -0.0466156005859375 0.0326995849609375 -0.112556457519531
0.0105247497558594 -0.0474624633789063 0.0179901123046875 -0.087188720703125
0.00864410400390625 -0.0522842407226563 0.0216560363769531 -0.0601539611816406
0.0288047790527344 -0.0558891296386719 0.0257186889648438 -0.0359573364257813
0.0600471496582031 -0.0379257202148438 0.00349712371826172 -0.00911045074462891
0.0797348022460938 -0.0016326904296875 -0.0152750015258789 -0.0163087844848633
0.0675849914550781 0.0685157775878906 -0.0290946960449219 -0.057769775390625
0.0366668701171875 0.122116088867188 0.0021209716796875 -0.08404541015625
-0.00957489013671874 0.1385498046875 0.0256462097167969 -0.0504989624023437
-0.0595703125 0.138557434082031 0.119583129882812 0.00688171386718751
0.0047760009765625 0.124748229980469 0.0645370483398438 0.0443077087402344
0.0386734008789063 0.091461181640625 0.070159912109375 0.0581512451171875
0.0791549682617188 0.0433425903320313 0.116615295410156 0.0242691040039063
0.07757568359375 -0.00711822509765625 0.105812072753906 -0.035980224609375
0.0533561706542969 -0.0521736145019531 0.067657470703125 -0.0864181518554687
0.0294647216796875 -0.0753326416015625 0.0336990356445312 -0.0893096923828125
0.0301513671875 -0.0716934204101563 0.0166130065917969 -0.0624885559082031
0.0308303833007813 -0.0791549682617187 0.0170440673828125 -0.0368194580078125
0.0536041259765625 -0.0717849731445313 0.0175037384033203 -0.0179233551025391
0.084991455078125 -0.0375442504882813 -0.00362277030944824 0.00391077995300293
0.09796142578125 0.00849151611328125 -0.0189971923828125 -0.00384712219238282
0.0678863525390625 0.0861282348632813 -0.0329551696777344 -0.0394287109375
0.0233612060546875 0.139183044433594 0.00181961059570312 -0.0493812561035156
-0.0325775146484375 0.148681640625 0.0111045837402344 -0.0062723159790039
-0.0958938598632813 0.129844665527344 0.09161376953125 0.061798095703125
-0.036712646484375 0.144744873046875 0.0500335693359375 0.0917510986328125
0.0204315185546875 0.129859924316406 0.06427001953125 0.0833969116210938
0.09222412109375 0.0795516967773438 0.104385375976562 0.0448074340820313
0.105781555175781 0.0092315673828125 0.0891189575195313 -0.0117568969726563
0.0828094482421875 -0.0604629516601562 0.0556411743164063 -0.0566368103027344
0.0478897094726562 -0.0904006958007813 0.0291252136230469 -0.053375244140625
0.0445098876953125 -0.0845718383789063 0.0135250091552734 -0.0283756256103516
0.0467987060546875 -0.0943679809570313 0.0107555389404297 -0.0060873031616211
0.0693893432617188 -0.082366943359375 0.00582170486450196 0.00598526000976562
0.0990447998046875 -0.035552978515625 -0.0148448944091797 0.0190906524658203
0.106407165527344 0.0170745849609375 -0.0249423980712891 0.00439071655273437
0.0605926513671875 0.0963287353515625 -0.0315742492675781 -0.0258769989013672
0.00422668457031251 0.142501831054688 0.00556564331054688 -0.0161638259887695
-0.05450439453125 0.141860961914063 -0.0070648193359375 0.0374603271484375
-0.113731384277344 0.09454345703125 0.0522613525390625 0.106315612792969
-0.071502685546875 0.130058288574219 0.0243453979492188 0.130531311035156
-0.00923156738281251 0.136634826660156 0.049407958984375 0.10028076171875
0.07818603515625 0.101387023925781 0.0802459716796875 0.059234619140625
0.108444213867187 0.028350830078125 0.0627479553222656 0.00848388671875
0.0980148315429688 -0.0540237426757813 0.0350761413574219 -0.0237407684326172
0.0596237182617187 -0.0902175903320313 0.0182743072509766 -0.0122528076171875
0.052490234375 -0.0844879150390625 0.00803279876708985 0.00917053222656249
0.0550460815429687 -0.09576416015625 0.00167274475097657 0.0287208557128906
0.0767135620117188 -0.0820693969726563 -0.00848770141601562 0.0326709747314453
0.104034423828125 -0.03009033203125 -0.0283927917480469 0.0340538024902344
0.105094909667969 0.025909423828125 -0.0328006744384766 0.0108318328857422
0.0469207763671875 0.102668762207031 -0.0292758941650391 -0.0172576904296875
-0.019561767578125 0.134666442871094 0.007781982421875 0.0113077163696289
-0.076080322265625 0.119377136230469 -0.0303878784179688 0.0737228393554688
-0.108650207519531 0.0405044555664063 0.0132598876953125 0.133796691894531
-0.0872039794921875 0.083831787109375 -0.00157165527343751 0.151596069335938
-0.0380783081054687 0.1087646484375 0.0326004028320313 0.104209899902344
0.0457839965820312 0.0991363525390625 0.0522308349609375 0.0619621276855469
0.0875778198242187 0.0395660400390625 0.0325527191162109 0.0206241607666016
0.0922622680664063 -0.0370635986328125 0.011439323425293 0.00636768341064453
0.0609283447265625 -0.0752639770507813 0.00453567504882813 0.0258369445800781
0.0513992309570313 -0.0721054077148438 0.00141525268554688 0.0448799133300781
0.054718017578125 -0.0843887329101563 -0.00665664672851562 0.0609016418457031
0.0747146606445313 -0.071624755859375 -0.0241737365722656 0.058502197265625
0.09747314453125 -0.0218048095703125 -0.0445404052734375 0.0483818054199219
0.0948028564453125 0.0326461791992188 -0.0449600219726562 0.015869140625
0.02880859375 0.100082397460937 -0.0304050445556641 -0.0113735198974609
-0.042510986328125 0.115089416503906 0.00152587890625 0.0338821411132813
-0.0913238525390625 0.0817184448242187 -0.0606155395507813 0.100067138671875
-0.0846710205078125 -0.0196075439453125 -0.0154571533203125 0.138023376464844
-0.0824737548828125 0.02252197265625 -0.0176544189453125 0.15167236328125
-0.0545768737792969 0.0574264526367188 0.0234756469726562 0.0972824096679688
0.00834655761718751 0.074493408203125 0.0310249328613281 0.0550460815429688
0.0521278381347656 0.0418281555175781 0.00787925720214844 0.0252208709716797
0.0697135925292969 -0.0155982971191406 -0.00913619995117187 0.0287437438964844
0.0510787963867188 -0.0484962463378906 -0.00805664062499999 0.0561027526855469
0.0427284240722656 -0.0485649108886719 -0.00576019287109374 0.075469970703125
0.046234130859375 -0.0601539611816406 -0.0144729614257812 0.0887680053710938
0.0623054504394531 -0.0520210266113281 -0.0406646728515625 0.081573486328125
0.0795059204101563 -0.01141357421875 -0.0608253479003906 0.060516357421875
0.0748672485351563 0.0343093872070313 -0.0590972900390625 0.0189743041992188
0.00907135009765626 0.0865554809570313 -0.0365104675292969 -0.00783920288085937
-0.0610504150390625 0.0822296142578125 -0.0129890441894531 0.0496711730957031
-0.096221923828125 0.0358505249023437 -0.0940170288085938 0.110427856445312
0.0642852783203125 0.0284919738769531 0.102653503417969 -0.1112060546875
0.059814453125 -0.0440025329589844 0.0339241027832031 -0.0459365844726563
-0.00164794921875 -0.0600357055664063 0.0438461303710938 0.00905609130859375
-0.0412139892578125 -0.0340728759765625 0.0868988037109375 -0.0142059326171875
-0.0496139526367188 -0.000980377197265619 0.0872116088867188 -0.0709762573242188
-0.0434188842773438 0.0331687927246094 0.0553359985351562 -0.112579345703125
-0.0293140411376953 0.0281867980957031 0.0177154541015625 -0.119194030761719
-0.0294837951660156 0.0191688537597656 0.00821685791015625 -0.0976028442382813
-0.0412521362304688 0.0190582275390625 0.0134963989257813 -0.0750579833984375
-0.0414352416992187 -0.0123214721679688 0.0174560546875 -0.0533599853515625
-0.0171852111816406 -0.0444488525390625 0.00254440307617187 -0.0313358306884766
0.0220222473144531 -0.0446701049804687 -0.0118827819824219 -0.0475387573242188
0.0656623840332031 -0.00880050659179688 -0.00813293457031249 -0.100608825683594
0.0751495361328125 0.0370407104492187 0.0202484130859375 -0.145904541015625
0.0499916076660156 0.0682716369628906 0.0383377075195313 -0.129531860351562
0.0314178466796875 0.082763671875 0.124664306640625 -0.0908432006835938
0.0584716796875 0.0147438049316406 0.0517501831054688 -0.0325431823730469
0.022216796875 -0.0167884826660156 0.0565071105957031 0.0182685852050781
0.000841140747070312 -0.0186214447021484 0.104598999023437 -0.00868988037109375
-0.009521484375 -0.0107507705688477 0.102081298828125 -0.0708389282226563
-0.0150928497314453 0.000206947326660155 0.065521240234375 -0.119384765625
-0.0130243301391602 -0.0112533569335938 0.0242767333984375 -0.12786865234375
-0.010096549987793 -0.0162811279296875 0.0110244750976562 -0.1026611328125
-0.0160446166992187 -0.0195808410644531 0.0180282592773437 -0.0771942138671875
-0.00381088256835938 -0.03619384765625 0.0249137878417969 -0.0524711608886719
0.0256996154785156 -0.0411911010742188 0.00638198852539063 -0.0246601104736328
0.0554618835449219 -0.019134521484375 -0.0111141204833984 -0.0339279174804688
0.0680618286132813 0.0386772155761719 -0.0186843872070312 -0.08221435546875
0.0553741455078125 0.0901947021484375 0.0103759765625 -0.121101379394531
0.0193939208984375 0.114944458007813 0.03729248046875 -0.0978240966796875
-0.01214599609375 0.126518249511719 0.133087158203125 -0.0514602661132812
0.0410919189453125 0.0778427124023438 0.0638618469238281 -0.001708984375
0.0402107238769531 0.0390777587890625 0.0681877136230469 0.0359077453613281
0.0470161437988281 0.00794219970703125 0.117767333984375 0.0043182373046875
0.037322998046875 -0.0151634216308594 0.111129760742187 -0.0598831176757812
0.0189437866210937 -0.0317783355712891 0.0708847045898437 -0.112762451171875
0.00764846801757812 -0.0496940612792969 0.0299148559570313 -0.119796752929688
0.0104255676269531 -0.0503654479980469 0.0135116577148438 -0.09234619140625
0.00885772705078124 -0.05584716796875 0.0170860290527344 -0.0644721984863281
0.0295066833496094 -0.0591201782226563 0.0230484008789063 -0.0424842834472656
0.0617904663085938 -0.0413627624511719 0.00219917297363282 -0.0137290954589844
0.0836029052734375 -0.00348663330078125 -0.0149326324462891 -0.0203762054443359
0.072601318359375 0.07061767578125 -0.0297012329101563 -0.0613174438476562
0.0421142578125 0.126571655273437 0.00184631347656249 -0.0890121459960937
-0.00726318359375001 0.14544677734375 0.0278892517089844 -0.0564804077148437
-0.0591888427734375 0.148712158203125 0.124275207519531 0.00234222412109376
0.0076141357421875 0.130958557128906 0.0650672912597656 0.0434913635253906
0.0439682006835938 0.0979843139648438 0.072052001953125 0.0611114501953125
0.0849456787109375 0.043701171875 0.121002197265625 0.024200439453125
0.0817794799804688 -0.00975799560546875 0.108604431152344 -0.0394210815429688
0.0562057495117187 -0.0562286376953125 0.0684356689453125 -0.0916976928710938
0.02862548828125 -0.08056640625 0.031341552734375 -0.0946807861328125
0.0290069580078125 -0.0772552490234375 0.0136222839355469 -0.0668144226074219
0.0302276611328125 -0.0846710205078125 0.0137977600097656 -0.0403251647949219
0.0540313720703125 -0.0774993896484375 0.0149173736572266 -0.0224075317382813
0.0880889892578125 -0.0426864624023438 -0.00572109222412109 0.000396251678466794
0.103645324707031 0.00572967529296875 -0.0204753875732422 -0.00763511657714843
0.0743255615234375 0.0904312133789063 -0.034027099609375 -0.0424652099609375
0.02874755859375 0.1468505859375 0.00168228149414062 -0.0534896850585937
-0.0297698974609375 0.157485961914063 0.0134782791137695 -0.0102691650390625
-0.0984344482421875 0.141921997070313 0.0967025756835938 0.059814453125
-0.0345611572265625 0.154190063476562 0.0517807006835938 0.093170166015625
0.0265426635742187 0.139686584472656 0.0657501220703125 0.0869674682617188
0.101081848144531 0.0818939208984375 0.108100891113281 0.046478271484375
0.112701416015625 0.00597381591796875 0.0930099487304688 -0.0139236450195313
0.0866775512695312 -0.06646728515625 0.0564308166503906 -0.0590934753417969
0.0475387573242187 -0.0979156494140625 0.0272216796875 -0.0567550659179688
0.04351806640625 -0.0915908813476563 0.0116539001464844 -0.031005859375
0.045196533203125 -0.10186767578125 0.0080404281616211 -0.00635576248168946
0.0695266723632813 -0.089874267578125 0.00316429138183594 0.00402545928955078
0.104362487792969 -0.0419921875 -0.0171165466308594 0.0175914764404297
0.113578796386719 0.0139236450195313 -0.0270366668701172 0.00220108032226562
0.0683746337890625 0.101943969726562 -0.0323543548583984 -0.0287208557128906
0.00964355468749999 0.151260375976563 0.00644493103027344 -0.0195159912109375
-0.0531158447265625 0.151580810546875 -0.00468826293945313 0.0362091064453125
-0.117851257324219 0.106010437011719 0.0567474365234375 0.109321594238281
-0.0713729858398438 0.140182495117188 0.0260696411132812 0.134391784667969
-0.00527954101562499 0.14752197265625 0.0496673583984375 0.104522705078125
0.0869979858398438 0.105010986328125 0.0834426879882813 0.0609054565429688
0.116111755371094 0.0248260498046875 0.0653152465820313 0.00914382934570313
0.100776672363281 -0.0605010986328125 0.0360450744628906 -0.0228080749511719
0.0585708618164063 -0.0977935791015625 0.0181884765625 -0.0138187408447266
0.0511550903320312 -0.0922088623046875 0.00758457183837891 0.00894546508789062
0.0535202026367187 -0.104347229003906 0.000654220581054691 0.0297641754150391
0.0767135620117188 -0.0904083251953125 -0.0107307434082031 0.0330810546875
0.108955383300781 -0.03729248046875 -0.0317516326904297 0.0348491668701172
0.113174438476563 0.0220108032226563 -0.0363121032714844 0.00981903076171874
0.05389404296875 0.107879638671875 -0.0307598114013672 -0.0195903778076172
-0.0148468017578125 0.14385986328125 0.00877952575683594 0.0100860595703125
-0.0757217407226563 0.128166198730469 -0.0292205810546875 0.0758209228515625
-0.113449096679687 0.0491104125976563 0.015716552734375 0.138656616210938
-0.0893478393554687 0.0928268432617188 -0.000823974609375004 0.15655517578125
-0.0356369018554688 0.118972778320313 0.0341262817382813 0.108734130859375
0.05340576171875 0.10321044921875 0.0541305541992188 0.0648765563964844
0.0960311889648438 0.03753662109375 0.0340023040771484 0.0234050750732422
0.095611572265625 -0.0435638427734375 0.0118465423583984 0.00925731658935547
0.05938720703125 -0.08209228515625 0.00594329833984376 0.0272846221923828
0.0504684448242188 -0.07940673828125 0.0017242431640625 0.0471076965332031
0.053436279296875 -0.091156005859375 -0.00685882568359375 0.0646209716796875
0.0747146606445313 -0.0793914794921875 -0.0259857177734375 0.0618438720703125
0.102195739746094 -0.0283126831054687 -0.0471305847167969 0.0505332946777344
0.101417541503906 0.0293502807617187 -0.0479240417480469 0.0156135559082031
0.0354232788085937 0.105361938476563 -0.0321407318115234 -0.0137748718261719
-0.0394134521484375 0.124191284179688 0.00408554077148438 0.0338134765625
-0.0925064086914062 0.0907363891601563 -0.05999755859375 0.104179382324219
-0.090118408203125 -0.015167236328125 -0.0144500732421875 0.1461181640625
-0.0858001708984375 0.02947998046875 -0.0169830322265625 0.1580810546875
-0.0537796020507813 0.0649948120117188 0.0236129760742188 0.101020812988281
0.0131759643554688 0.0779876708984375 0.0312881469726563 0.0588836669921875
0.0573348999023437 0.0402145385742188 0.00913429260253907 0.0290031433105469
0.0722427368164063 -0.01983642578125 -0.00854301452636718 0.0330581665039062
0.0500717163085938 -0.0540351867675781 -0.00570297241210937 0.05914306640625
0.0422821044921875 -0.0544929504394531 -0.00300598144531249 0.0782546997070312
0.0454864501953125 -0.0663528442382813 -0.0140457153320313 0.0943603515625
0.0621261596679688 -0.05792236328125 -0.0415802001953125 0.0865020751953125
0.0837020874023438 -0.0166168212890625 -0.0645713806152344 0.0641708374023438
0.07977294921875 0.0322494506835938 -0.062530517578125 0.0197525024414062
0.0131759643554687 0.0908889770507813 -0.0386962890625 -0.00985717773437499
-0.0581283569335937 0.0904388427734375 -0.0101776123046875 0.0497817993164063
-0.09747314453125 0.0410079956054688 -0.094818115234375 0.117561340332031
0.06793212890625 0.0249786376953125 0.102447509765625 -0.122657775878906
0.0583915710449219 -0.0495071411132813 0.0318794250488281 -0.0484085083007813
-0.0059356689453125 -0.0623207092285156 0.0458641052246094 0.00923538208007812
-0.0450248718261719 -0.0316429138183594 0.092071533203125 -0.01763916015625
-0.0517692565917969 0.00331878662109376 0.0882949829101563 -0.0796127319335938
-0.0414314270019531 0.0384025573730469 0.0517730712890625 -0.123580932617188
-0.0276241302490234 0.0323371887207031 0.0108566284179687 -0.127601623535156
-0.0289192199707031 0.022552490234375 0.00145721435546875 -0.103767395019531
-0.0401573181152344 0.023712158203125 0.00780487060546875 -0.0805892944335938
-0.0432968139648437 -0.00873947143554688 0.0132369995117187 -0.0589790344238281
-0.0220947265625 -0.0434532165527344 0.001129150390625 -0.0364570617675781
0.01873779296875 -0.0473861694335938 -0.0129241943359375 -0.0524368286132813
0.0671195983886719 -0.0139999389648438 -0.0102691650390625 -0.1051025390625
0.08013916015625 0.0320663452148438 0.015960693359375 -0.154388427734375
0.0563201904296875 0.0667800903320313 0.0353851318359375 -0.140098571777344
0.036376953125 0.0846328735351563 0.1258544921875 -0.101814270019531
0.0606956481933594 0.0131912231445313 0.0499725341796875 -0.0355186462402344
0.0222930908203125 -0.017333984375 0.0591049194335938 0.0186347961425781
0.0009613037109375 -0.018768310546875 0.11053466796875 -0.0128173828125
-0.0103292465209961 -0.00980281829833984 0.103195190429688 -0.079010009765625
-0.0137338638305664 0.00174999237060547 0.0620651245117187 -0.130592346191406
-0.0128040313720703 -0.0112400054931641 0.017333984375 -0.136093139648438
-0.0109233856201172 -0.0171947479248047 0.00420379638671874 -0.108955383300781
-0.0162372589111328 -0.0188846588134766 0.01171875 -0.0829544067382813
-0.0047454833984375 -0.0368766784667969 0.0200347900390625 -0.0596237182617188
0.0239524841308594 -0.0429916381835938 0.00460433959960938 -0.0302047729492188
0.0564537048339844 -0.0225715637207031 -0.0113639831542969 -0.0388259887695313
0.0723495483398437 0.0359725952148438 -0.0212631225585937 -0.0858154296875
0.0627517700195313 0.0903472900390625 0.00657653808593752 -0.12872314453125
0.026458740234375 0.118186950683594 0.0362625122070313 -0.108253479003906
-0.00560760498046875 0.133811950683594 0.136680603027344 -0.0616455078125
0.0463790893554688 0.0804824829101563 0.0634727478027344 -0.00511550903320312
0.044891357421875 0.0410270690917969 0.0715713500976563 0.0364990234375
0.0510673522949219 0.00666046142578125 0.123985290527344 -9.15527343749996E-05
0.0393142700195313 -0.0175018310546875 0.113059997558594 -0.0687026977539063
0.0203838348388672 -0.0342693328857422 0.0673751831054688 -0.121932983398437
0.00540542602539062 -0.0530509948730469 0.022796630859375 -0.127288818359375
0.00766754150390626 -0.0545234680175781 0.00634002685546876 -0.0979232788085937
0.00656890869140625 -0.059478759765625 0.0116119384765625 -0.0693511962890625
0.0278396606445313 -0.0637550354003906 0.0182151794433594 -0.0485610961914063
0.0627975463867188 -0.0463294982910156 0.000274658203125005 -0.0188961029052734
0.0876007080078125 -0.0079193115234375 -0.0160694122314453 -0.0249404907226563
0.0803451538085938 0.0707321166992188 -0.0315742492675781 -0.0646018981933594
0.0508804321289062 0.131134033203125 -0.000648498535156249 -0.0952987670898437
0.000534057617187505 0.152587890625 0.0283393859863281 -0.0644950866699218
-0.0543365478515625 0.161392211914062 0.129325866699219 -0.00529479980468749
0.0148773193359375 0.138771057128906 0.0668907165527344 0.0417137145996094
0.0525436401367188 0.102584838867188 0.0771408081054688 0.062347412109375
0.0932998657226563 0.0422439575195313 0.127609252929688 0.0205078125
0.08685302734375 -0.0150070190429688 0.112052917480469 -0.0467453002929687
0.0566635131835938 -0.062713623046875 0.0665435791015625 -0.09857177734375
0.0253448486328125 -0.0870819091796875 0.0252532958984375 -0.101226806640625
0.0253143310546875 -0.0841064453125 0.00759124755859375 -0.0713653564453125
0.0264129638671875 -0.0921707153320313 0.00902175903320313 -0.0430564880371094
0.052337646484375 -0.08599853515625 0.0108261108398438 -0.0271816253662109
0.0914230346679688 -0.050872802734375 -0.00810575485229492 -0.00241994857788086
0.110244750976562 -0.000335693359375 -0.0225830078125 -0.0107860565185547
0.0841827392578125 0.09197998046875 -0.0364189147949219 -0.0454597473144531
0.03875732421875 0.154083251953125 8.01086425781215E-05 -0.0588302612304687
-0.0227813720703125 0.168212890625 0.0156078338623047 -0.0146465301513672
-0.0949554443359375 0.157119750976563 0.10321044921875 0.0567855834960938
-0.0279388427734375 0.166107177734375 0.0555343627929687 0.0938949584960938
0.036834716796875 0.148468017578125 0.070465087890625 0.0887222290039063
0.112236022949219 0.08056640625 0.11431884765625 0.0439300537109375
0.119606018066406 -0.0015411376953125 0.0968704223632813 -0.01812744140625
0.08770751953125 -0.075775146484375 0.0558357238769531 -0.0631637573242188
0.0426025390625 -0.106269836425781 0.0243644714355469 -0.0611038208007813
0.03887939453125 -0.100837707519531 0.00759506225585938 -0.0336132049560547
0.040618896484375 -0.111541748046875 0.00463676452636719 -0.0070323944091797
0.0678939819335938 -0.0997467041015625 0.000118017196655277 0.00247621536254882
0.107467651367187 -0.051849365234375 -0.0203075408935547 0.0166530609130859
0.122169494628906 0.00720977783203125 -0.0300464630126953 9.15527343750037E-05
0.07965087890625 0.105201721191406 -0.0345592498779297 -0.0309429168701172
0.0205535888671875 0.160720825195313 0.00657272338867188 -0.0231895446777344
-0.046417236328125 0.163467407226563 -0.00223922729492187 0.0350399017333984
-0.117752075195313 0.120880126953125 0.0640335083007812 0.110099792480469
-0.066925048828125 0.153030395507813 0.0308685302734375 0.138259887695313
0.00521850585937502 0.159164428710938 0.0552825927734375 0.107536315917969
0.0996475219726562 0.105636596679688 0.088623046875 0.0603179931640625
0.124809265136719 0.0176315307617187 0.06842041015625 0.00781631469726563
0.102577209472656 -0.0710296630859375 0.0365447998046875 -0.0243301391601563
0.0540008544921875 -0.107902526855469 0.0176792144775391 -0.0149784088134766
0.0462112426757813 -0.101707458496094 0.00659942626953125 0.00888633728027343
0.0480194091796875 -0.11474609375 0.000307083129882813 0.0316486358642578
0.074371337890625 -0.101119995117187 -0.0123767852783203 0.0345993041992187
0.112411499023438 -0.0476303100585938 -0.0338363647460938 0.036651611328125
0.121566772460938 0.0153121948242188 -0.0396194458007812 0.010009765625
0.0655441284179688 0.112030029296875 -0.0332546234130859 -0.0213890075683594
-0.00469970703124999 0.154251098632813 0.010624885559082 0.0068340301513672
-0.0712432861328125 0.140975952148438 -0.0258865356445313 0.0780105590820313
-0.116867065429688 0.061798095703125 0.0220794677734375 0.144760131835938
-0.087799072265625 0.105552673339844 0.00476074218750001 0.163116455078125
-0.02838134765625 0.130081176757813 0.0377960205078125 0.112434387207031
0.064453125 0.10498046875 0.058197021484375 0.06634521484375
0.103981018066406 0.0314483642578125 0.0369873046875 0.0255813598632813
0.0971298217773438 -0.052703857421875 0.0138225555419922 0.0117149353027344
0.0559463500976562 -0.0906753540039062 0.0077362060546875 0.0280532836914062
0.0465927124023437 -0.0877609252929688 0.00448226928710938 0.0491294860839844
0.0488510131835938 -0.101287841796875 -0.00461196899414062 0.0694427490234375
0.0718307495117188 -0.0899887084960938 -0.0264816284179688 0.0660247802734375
0.105514526367188 -0.0380859375 -0.049468994140625 0.05560302734375
0.109901428222656 0.0233154296875 -0.0521469116210937 0.0171089172363281
0.0444793701171875 0.110099792480469 -0.0349750518798828 -0.0140914916992187
-0.0324935913085938 0.134819030761719 0.00695228576660156 0.0329990386962891
-0.0904541015625 0.102218627929687 -0.0565567016601563 0.110984802246094
-0.0953521728515625 -0.00749206542968748 -0.0097503662109375 0.155166625976563
-0.0882492065429687 0.03887939453125 -0.0123443603515625 0.166152954101562
-0.0505218505859375 0.0746307373046875 0.0269012451171875 0.105094909667969
0.0209884643554688 0.081298828125 0.033843994140625 0.0616226196289063
0.0640983581542969 0.0365447998046875 0.010894775390625 0.0329475402832031
0.0746917724609375 -0.027252197265625 -0.00556945800781249 0.0374412536621094
0.0474777221679687 -0.06072998046875 -0.000919342041015619 0.0628471374511719
0.0388870239257813 -0.0609397888183594 0.00144195556640625 0.081787109375
0.041778564453125 -0.073272705078125 -0.00983428955078124 0.100563049316406
0.0594711303710938 -0.0669631958007813 -0.0404281616210937 0.0937881469726563
0.0859222412109375 -0.0242767333984375 -0.065887451171875 0.0708465576171875
0.085693359375 0.0272445678710937 -0.0661430358886719 0.0227127075195312
0.02093505859375 0.09527587890625 -0.0409507751464844 -0.00995254516601562
-0.0539169311523437 0.0992813110351563 -0.00608444213867188 0.0508270263671875
-0.0984115600585938 0.0505523681640625 -0.092193603515625 0.128433227539062
0.070953369140625 0.0194244384765625 0.0963592529296875 -0.133987426757813
0.0541000366210938 -0.05450439453125 0.0275382995605469 -0.0501937866210938
-0.0113143920898437 -0.062652587890625 0.0475997924804687 0.00857162475585937
-0.0486106872558594 -0.0279502868652344 0.094268798828125 -0.0230484008789063
-0.0521469116210938 0.00960922241210936 0.0844879150390625 -0.088226318359375
-0.0371971130371094 0.0434684753417969 0.0428466796875 -0.131401062011719
-0.0240554809570313 0.03570556640625 0.00109863281250001 -0.132072448730469
-0.0269641876220703 0.0259666442871094 -0.00754547119140624 -0.106536865234375
-0.0365333557128906 0.0275802612304687 0.000320434570312505 -0.08441162109375
-0.0432853698730469 -0.00347518920898438 0.00681686401367187 -0.0636367797851563
-0.0267333984375 -0.0404548645019531 -0.00175857543945312 -0.0411491394042969
0.0142250061035156 -0.0489082336425781 -0.0151481628417969 -0.0560379028320312
0.0662307739257813 -0.0206985473632813 -0.015716552734375 -0.107627868652344
0.0835418701171875 0.0254364013671875 0.0076141357421875 -0.159652709960938
0.0626792907714844 0.0624313354492188 0.0271759033203125 -0.1490478515625
0.0436935424804688 0.083831787109375 0.121711730957031 -0.114608764648438
0.0620040893554688 0.00921249389648438 0.0463676452636719 -0.0381965637207031
0.0213737487792969 -0.0181236267089844 0.0613975524902344 0.0172042846679688
-0.000606536865234375 -0.0174875259399414 0.1123046875 -0.0194931030273438
-0.0105772018432617 -0.00765228271484375 0.100044250488281 -0.0885772705078125
-0.0118246078491211 0.00368785858154297 0.0531005859375 -0.138832092285156
-0.0128688812255859 -0.0104999542236328 0.0054473876953125 -0.140823364257812
-0.0121793746948242 -0.0165491104125977 -0.00688171386718751 -0.112106323242188
-0.0169830322265625 -0.0182304382324219 0.0026397705078125 -0.0867156982421875
-0.00685882568359375 -0.0365333557128906 0.0128250122070313 -0.0648918151855469
0.0210342407226563 -0.0443801879882813 0.00174903869628907 -0.0348987579345703
0.0552101135253906 -0.0262374877929687 -0.0134925842285156 -0.0428924560546875
0.0762481689453125 0.0316009521484375 -0.0253448486328125 -0.0876007080078125
0.0703964233398437 0.0875778198242187 2.28881835937477E-05 -0.133712768554688
0.0352401733398438 0.118125915527344 0.0303421020507813 -0.116912841796875
0.00415802001953123 0.138763427734375 0.134994506835937 -0.0739593505859375
0.05303955078125 0.0804367065429688 0.0623435974121094 -0.00827026367187499
0.0503082275390625 0.0405921936035156 0.0744781494140625 0.0346145629882813
0.0541458129882812 0.00405502319335937 0.126953125 -0.00727081298828125
0.0393943786621094 -0.02020263671875 0.111061096191406 -0.077606201171875
0.0199394226074219 -0.0370025634765625 0.0601654052734375 -0.130508422851563
0.00194931030273438 -0.0554466247558594 0.0119552612304688 -0.132919311523437
0.00366973876953125 -0.0567359924316406 -0.00405120849609374 -0.100532531738281
0.00297927856445313 -0.0622444152832031 0.002960205078125 -0.0724716186523437
0.0240707397460937 -0.0670433044433594 0.0112419128417969 -0.0537109375
0.061248779296875 -0.0520401000976563 -0.00338172912597656 -0.0230484008789063
0.0896530151367187 -0.0146484375 -0.018402099609375 -0.0286159515380859
0.0876998901367188 0.0675811767578125 -0.0346183776855469 -0.0662612915039063
0.061737060546875 0.131088256835938 -0.00589752197265625 -0.0991134643554687
0.011505126953125 0.15679931640625 0.0254440307617187 -0.0720748901367187
-0.0430908203125 0.171127319335938 0.131500244140625 -0.015838623046875
0.025787353515625 0.142486572265625 0.068511962890625 0.038177490234375
0.0629806518554687 0.104095458984375 0.0811767578125 0.0604171752929688
0.100624084472656 0.03692626953125 0.130714416503906 0.0136032104492188
0.0888290405273438 -0.0224609375 0.111183166503906 -0.0544662475585938
0.0548515319824219 -0.0687599182128906 0.0605010986328125 -0.105140686035156
0.01873779296875 -0.0926132202148438 0.0171127319335938 -0.105323791503906
0.0180130004882812 -0.08917236328125 -0.00045013427734375 -0.0738067626953125
0.0194625854492187 -0.0978240966796875 0.00286102294921875 -0.0447883605957031
0.0467605590820313 -0.0932693481445313 0.00484275817871094 -0.0310173034667969
0.0899810791015625 -0.0596694946289063 -0.0115585327148437 -0.00487136840820313
0.114387512207031 -0.00911712646484375 -0.0249671936035156 -0.0136013031005859
0.0946426391601563 0.090057373046875 -0.0385055541992187 -0.0460395812988281
0.0526885986328125 0.156158447265625 -0.00267410278320312 -0.0626182556152344
-0.0110626220703125 0.175018310546875 0.0161590576171875 -0.0201759338378906
-0.08514404296875 0.170989990234375 0.108474731445313 0.0500259399414063
-0.0151214599609375 0.174468994140625 0.0596771240234375 0.0911865234375
0.0515594482421875 0.153076171875 0.0758895874023438 0.087158203125
0.123161315917969 0.0748443603515625 0.119430541992188 0.038330078125
0.123542785644531 -0.0115737915039063 0.0971908569335938 -0.0243301391601562
0.0842971801757813 -0.0854110717773437 0.0524635314941406 -0.0675315856933594
0.0349578857421875 -0.113754272460938 0.0187187194824219 -0.0646858215332031
0.0304641723632813 -0.107460021972656 0.00267410278320313 -0.0352630615234375
0.032257080078125 -0.119354248046875 0.00190258026123047 -0.0071253776550293
0.060638427734375 -0.109107971191406 -0.00328660011291504 0.00129580497741699
0.106689453125 -0.06353759765625 -0.0222129821777344 0.0170230865478516
0.127021789550781 -0.0031585693359375 -0.03192138671875 4.38690185546849E-05
0.0915298461914063 0.103378295898438 -0.0373268127441406 -0.0315933227539062
0.03521728515625 0.164886474609375 0.00509452819824219 -0.0269584655761719
-0.03564453125 0.1732177734375 0.00124549865722656 0.0328502655029297
-0.111000061035156 0.13592529296875 0.0718612670898438 0.107711791992188
-0.05621337890625 0.163803100585938 0.0381851196289062 0.138626098632813
0.0193634033203125 0.166152954101562 0.0618896484375 0.107223510742188
0.112800598144531 0.101631164550781 0.0934600830078125 0.0576324462890625
0.130714416503906 0.006439208984375 0.0707015991210938 0.00499725341796875
0.0997695922851563 -0.081756591796875 0.0361900329589844 -0.0251083374023438
0.0457916259765625 -0.1158447265625 0.0158300399780273 -0.0167150497436524
0.0376968383789063 -0.109039306640625 0.00562763214111328 0.00852918624877929
0.038818359375 -0.123466491699219 0.000665664672851564 0.0335617065429687
0.0670394897460938 -0.111228942871094 -0.0130348205566406 0.0356941223144531
0.112373352050781 -0.059783935546875 -0.0341529846191406 0.03961181640625
0.127418518066406 0.00466156005859375 -0.0416984558105469 0.0111083984375
0.0780410766601563 0.111236572265625 -0.0355186462402344 -0.0212059020996094
0.00842285156249999 0.16033935546875 0.011932373046875 0.00417613983154298
-0.0613861083984375 0.151687622070313 -0.019805908203125 0.079742431640625
-0.115081787109375 0.0752029418945313 0.03216552734375 0.148040771484375
-0.081756591796875 0.116653442382813 0.013946533203125 0.166458129882813
-0.017120361328125 0.139457702636719 0.0444488525390625 0.112495422363281
0.07684326171875 0.102821350097656 0.0618858337402344 0.0655441284179688
0.109535217285156 0.0223312377929687 0.0400009155273438 0.0260658264160156
0.0953521728515625 -0.0635833740234375 0.0160865783691406 0.0135507583618164
0.0479583740234375 -0.0990142822265625 0.0102596282958984 0.0288543701171875
0.0386581420898438 -0.0944747924804688 0.00725936889648438 0.0499801635742188
0.0397720336914063 -0.109268188476563 -0.000808715820312491 0.0727920532226563
0.064971923828125 -0.0988845825195312 -0.0241508483886719 0.0701866149902344
0.105514526367188 -0.0495529174804688 -0.048980712890625 0.0607986450195313
0.114906311035156 0.0131378173828125 -0.0537796020507812 0.0200004577636719
0.0562210083007812 0.110054016113281 -0.0370368957519531 -0.0141181945800781
-0.0203399658203125 0.1417236328125 0.0102081298828125 0.0305595397949219
-0.0836410522460937 0.113029479980469 -0.049285888671875 0.116424560546875
-0.0990219116210938 0.00228881835937502 -0.000717163085937512 0.160293579101563
-0.0870208740234375 0.0483169555664063 -0.00354003906250002 0.170486450195313
-0.0445404052734375 0.0830459594726563 0.0326919555664063 0.105438232421875
0.030120849609375 0.0812530517578125 0.0366935729980469 0.0629425048828125
0.0693283081054688 0.0298995971679687 0.0138092041015625 0.0357017517089844
0.0727615356445313 -0.0355300903320313 -0.00135421752929688 0.0415802001953125
0.041748046875 -0.066802978515625 0.00410842895507812 0.064117431640625
0.0332260131835938 -0.066192626953125 0.00763702392578126 0.0834503173828125
0.0348358154296875 -0.0797348022460938 -0.00232696533203125 0.105079650878906
0.0541915893554688 -0.07427978515625 -0.0356826782226563 0.099700927734375
0.0861129760742187 -0.033294677734375 -0.0639114379882812 0.0781326293945313
0.0908203125 0.01947021484375 -0.0679740905761719 0.0275650024414063
0.0300750732421875 0.0961761474609375 -0.0437698364257813 -0.00896072387695312
-0.0455474853515625 0.106788635253906 -0.00127029418945313 0.0504684448242188
-0.0956268310546875 0.0601272583007813 -0.0846405029296875 0.137741088867187
0.0706558227539063 0.01385498046875 0.087371826171875 -0.140853881835938
0.0489006042480469 -0.0577850341796875 0.0234184265136719 -0.0505828857421875
-0.0161285400390625 -0.0611419677734375 0.0481147766113281 0.00818252563476562
-0.0507774353027344 -0.0234565734863281 0.0933303833007813 -0.0279464721679688
-0.0501670837402344 0.0155220031738281 0.079132080078125 -0.0926742553710938
-0.0315132141113281 0.0465774536132813 0.0330810546875 -0.135002136230469
-0.0199813842773438 0.0377159118652344 -0.00861358642578125 -0.131622314453125
-0.0237178802490234 0.0279808044433594 -0.0159072875976563 -0.105270385742188
-0.0327033996582031 0.0302371978759766 -0.00743865966796875 -0.0835342407226562
-0.0425872802734375 0.000770568847656248 -0.000240325927734384 -0.0644683837890625
-0.0299224853515625 -0.035980224609375 -0.005584716796875 -0.0438232421875
0.00983428955078125 -0.04888916015625 -0.0171356201171875 -0.0575180053710938
0.0631179809570313 -0.0255622863769531 -0.0191650390625 -0.107376098632813
0.0839920043945313 0.0184326171875 -0.000289916992187481 -0.160446166992188
0.0667190551757813 0.0565528869628906 0.0189666748046875 -0.152023315429688
0.0486297607421875 0.0805740356445312 0.113677978515625 -0.122917175292969
0.0610923767089844 0.0061798095703125 0.0419349670410156 -0.0405616760253906
0.0204792022705078 -0.0184326171875 0.0620231628417969 0.0157318115234375
-0.000914573669433595 -0.0167608261108398 0.111854553222656 -0.0252304077148437
-0.00989437103271484 -0.00592803955078125 0.0938796997070313 -0.0940170288085937
-0.0093545913696289 0.00445461273193359 0.0422515869140625 -0.142593383789062
-0.0128087997436523 -0.00940322875976562 -0.005523681640625 -0.141021728515625
-0.0132761001586914 -0.0150976181030273 -0.0156402587890625 -0.110374450683594
-0.0166845321655273 -0.017430305480957 -0.00577545166015625 -0.086761474609375
-0.00818634033203126 -0.0347747802734375 0.0044708251953125 -0.0670127868652344
0.0178070068359375 -0.0443038940429688 -0.0025482177734375 -0.0380630493164063
0.0530052185058594 -0.0290107727050781 -0.0154609680175781 -0.045196533203125
0.0776443481445313 0.026275634765625 -0.0275192260742188 -0.0864486694335938
0.0754241943359375 0.0822067260742188 -0.00690460205078126 -0.134140014648438
0.0424880981445313 0.115348815917969 0.0242996215820313 -0.121665954589844
0.013092041015625 0.13861083984375 0.129722595214844 -0.0835418701171875
0.0578689575195313 0.0768814086914063 0.0588531494140625 -0.0116081237792969
0.0539169311523438 0.0390815734863281 0.0754547119140625 0.0316390991210938
0.0547294616699219 0.0009002685546875 0.125801086425781 -0.0134353637695312
0.038848876953125 -0.0220603942871094 0.105018615722656 -0.083526611328125
0.0192337036132813 -0.03814697265625 0.0501937866210937 -0.133918762207031
-0.00169754028320312 -0.0557098388671875 0.0013580322265625 -0.132568359375
-0.000694274902343756 -0.0569114685058594 -0.0133895874023437 -0.099029541015625
-0.000980377197265626 -0.0633964538574219 -0.00470733642578125 -0.0722122192382813
0.020111083984375 -0.0688209533691406 0.002899169921875 -0.0562057495117188
0.0577278137207031 -0.0556869506835938 -0.00701713562011718 -0.0260887145996094
0.0886764526367187 -0.0203628540039062 -0.0200214385986328 -0.0303993225097656
0.09228515625 0.0622940063476563 -0.0366973876953125 -0.0651168823242188
0.0708770751953125 0.127159118652344 -0.010986328125 -0.100456237792969
0.02166748046875 0.155426025390625 0.0218734741210938 -0.077117919921875
-0.031036376953125 0.174972534179687 0.128898620605469 -0.0249099731445312
0.034698486328125 0.14111328125 0.0674781799316406 0.0337600708007813
0.0722274780273437 0.101661682128906 0.0821762084960938 0.0569381713867188
0.10406494140625 0.0307846069335938 0.130950927734375 0.006805419921875
0.0874404907226563 -0.0287246704101563 0.107032775878906 -0.0603256225585938
0.050628662109375 -0.0732269287109375 0.0530548095703125 -0.108207702636719
0.0118789672851562 -0.0938873291015625 0.00757598876953126 -0.106285095214844
0.0110549926757813 -0.0902633666992188 -0.00832366943359375 -0.072174072265625
0.0123443603515625 -0.100357055664062 -0.00300216674804688 -0.0438766479492188
0.0399551391601562 -0.0974578857421875 -0.00155448913574218 -0.0322704315185547
0.0856246948242187 -0.066558837890625 -0.0145406723022461 -0.00655841827392579
0.114212036132813 -0.0170364379882813 -0.0264072418212891 -0.0148849487304688
0.101844787597656 0.0840606689453125 -0.0405006408691406 -0.0459098815917969
0.06378173828125 0.153778076171875 -0.00605010986328125 -0.0642738342285156
0.000869750976562499 0.175949096679687 0.0151844024658203 -0.0248870849609375
-0.0730743408203125 0.177978515625 0.110038757324219 0.0421371459960938
-0.00300598144531248 0.17633056640625 0.06268310546875 0.0875167846679688
0.06414794921875 0.151382446289063 0.07861328125 0.0840835571289063
0.129486083984375 0.0662307739257813 0.120491027832031 0.03240966796875
0.122840881347656 -0.0212020874023437 0.0944976806640625 -0.0292434692382812
0.0788803100585937 -0.091583251953125 0.0484848022460938 -0.0695304870605469
0.0261154174804688 -0.116241455078125 0.0126991271972656 -0.0654983520507813
0.0211868286132813 -0.110031127929687 -0.00173759460449219 -0.0346698760986328
0.0220184326171875 -0.122177124023438 -0.000970363616943358 -0.00677204132080079
0.0513763427734375 -0.114959716796875 -0.00716257095336914 0.000383377075195307
0.102188110351563 -0.0720062255859375 -0.0242099761962891 0.0166549682617187
0.127449035644531 -0.01336669921875 -0.0334835052490234 -0.000619888305664066
0.100486755371094 0.0984954833984375 -0.0389213562011719 -0.03082275390625
0.0478057861328125 0.164031982421875 0.004241943359375 -0.0304698944091797
-0.023681640625 0.176071166992188 0.00368118286132813 0.0288047790527344
-0.100784301757812 0.145889282226563 0.0772781372070313 0.10357666015625
-0.0437774658203125 0.168807983398438 0.0443038940429688 0.134986877441406
0.032745361328125 0.167327880859375 0.06524658203125 0.103477478027344
0.12127685546875 0.0929412841796875 0.0949554443359375 0.0537185668945313
0.130752563476563 -0.00328826904296875 0.0704727172851563 0.001861572265625
0.09356689453125 -0.0902099609375 0.0350017547607422 -0.0259761810302734
0.0364303588867187 -0.119186401367188 0.0139389038085938 -0.0176048278808594
0.02850341796875 -0.112396240234375 0.00467443466186524 0.00825405120849609
0.0281219482421875 -0.126991271972656 0.00158119201660156 0.0343227386474609
0.0568008422851563 -0.117156982421875 -0.0137252807617187 0.0369377136230469
0.107398986816406 -0.06982421875 -0.0343666076660156 0.0411949157714844
0.128074645996094 -0.0056304931640625 -0.0422210693359375 0.0118942260742188
0.0877838134765625 0.105712890625 -0.0373725891113281 -0.0204925537109375
0.022247314453125 0.161346435546875 0.0128850936889648 0.00162982940673829
-0.0503082275390625 0.156585693359375 -0.0143051147460938 0.0781478881835938
-0.109382629394531 0.0859909057617188 0.0397491455078125 0.145034790039063
-0.0725860595703125 0.123741149902344 0.0221405029296875 0.16375732421875
-0.00506591796875001 0.14251708984375 0.0480804443359375 0.109664916992188
0.0861968994140625 0.0975570678710937 0.0642013549804688 0.062957763671875
0.111518859863281 0.0129623413085938 0.0414314270019531 0.0248565673828125
0.0894088745117188 -0.0710601806640625 0.0186958312988281 0.0140190124511719
0.0392837524414063 -0.102531433105469 0.0119209289550781 0.0278129577636719
0.029510498046875 -0.0973052978515625 0.00945281982421876 0.04925537109375
0.030303955078125 -0.1126708984375 0.00395202636718749 0.0730667114257813
0.0561141967773438 -0.104698181152344 -0.0214996337890625 0.0717620849609375
0.100791931152344 -0.058685302734375 -0.0469741821289062 0.0638465881347656
0.116668701171875 0.0034637451171875 -0.0539627075195313 0.0224151611328125
0.0662307739257812 0.106452941894531 -0.0388755798339844 -0.0133705139160156
-0.00878906250000001 0.144317626953125 0.0127544403076172 0.0277557373046875
-0.07427978515625 0.119598388671875 -0.0413055419921875 0.117851257324219
-0.0981369018554688 0.0118331909179688 0.00825500488281248 0.162078857421875
-0.0826263427734375 0.0565261840820312 0.0051422119140625 0.169952392578125
-0.03662109375 0.0888595581054688 0.0357513427734375 0.104049682617188
0.03887939453125 0.0785293579101563 0.0386085510253906 0.0628089904785156
0.0719375610351563 0.0230636596679688 0.0170364379882813 0.0375404357910156
0.0691909790039063 -0.0421104431152344 0.00347518920898438 0.0428543090820313
0.0353546142578125 -0.0699043273925781 0.00956344604492187 0.06353759765625
0.0269126892089844 -0.0687370300292969 0.0134658813476563 0.0825729370117188
0.0270538330078125 -0.0824508666992188 0.00491333007812501 0.106071472167969
0.0467300415039063 -0.0780181884765625 -0.0299530029296875 0.101631164550781
0.082611083984375 -0.0409774780273438 -0.0599441528320313 0.08270263671875
0.0914764404296875 0.0115127563476563 -0.06787109375 0.0310440063476562
0.0382232666015625 0.094207763671875 -0.0440826416015625 -0.00823211669921874
-0.0363616943359375 0.110481262207031 0.00260543823242187 0.0481910705566406
-0.0890731811523437 0.0667495727539063 -0.0749664306640625 0.14239501953125
0.070037841796875 0.0102691650390625 0.080963134765625 -0.143173217773437
0.044891357421875 -0.058349609375 0.0203475952148438 -0.0492744445800781
-0.0192909240722656 -0.0581016540527344 0.0478363037109375 0.008697509765625
-0.0508689880371094 -0.0198211669921875 0.0927505493164062 -0.029571533203125
-0.0479011535644531 0.0184974670410156 0.0752334594726563 -0.093902587890625
-0.0268592834472656 0.0474052429199219 0.0262985229492188 -0.133567810058594
-0.0162124633789063 0.0378227233886719 -0.01470947265625 -0.129852294921875
-0.0217514038085937 0.0287513732910156 -0.0212020874023438 -0.102882385253906
-0.0293712615966797 0.0314121246337891 -0.0128631591796875 -0.0824661254882813
-0.04058837890625 0.00390243530273437 -0.00554656982421876 -0.0640945434570313
-0.0311546325683594 -0.0322933197021484 -0.00739669799804688 -0.0466499328613281
0.00669097900390625 -0.0478401184082031 -0.0177879333496094 -0.0590476989746094
0.0601081848144531 -0.0282821655273438 -0.0196685791015625 -0.1053466796875
0.0826034545898438 0.0136566162109375 -0.0041351318359375 -0.15887451171875
0.0670661926269531 0.0519180297851563 0.0137786865234375 -0.153793334960937
0.0501861572265625 0.0775070190429688 0.108131408691406 -0.12689208984375
0.0598907470703125 0.0042724609375 0.0392341613769531 -0.0398178100585938
0.0195636749267578 -0.0176372528076172 0.0610313415527344 0.0152587890625
-0.000988006591796876 -0.0156707763671875 0.109611511230469 -0.0272445678710938
-0.0084218978881836 -0.00438594818115234 0.08935546875 -0.0954132080078125
-0.00678634643554688 0.00431728363037109 0.0357208251953125 -0.14190673828125
-0.0115108489990234 -0.00904369354248047 -0.0118179321289063 -0.138710021972656
-0.0130195617675781 -0.01458740234375 -0.0219573974609375 -0.107109069824219
-0.0160608291625977 -0.0170097351074219 -0.0112380981445313 -0.0851058959960938
-0.00920486450195313 -0.0334339141845703 -0.001495361328125 -0.0672264099121094
0.0155181884765625 -0.0433540344238281 -0.00606918334960937 -0.0410537719726563
0.0508346557617188 -0.0300979614257813 -0.0166664123535156 -0.0474014282226563
0.0766143798828125 0.0233078002929688 -0.02783203125 -0.0861968994140625
0.076751708984375 0.0779190063476563 -0.00962066650390624 -0.133575439453125
0.0452957153320313 0.11151123046875 0.020782470703125 -0.123878479003906
0.0182571411132812 0.137413024902344 0.124458312988281 -0.0884628295898437
0.0593414306640625 0.0744552612304688 0.0554656982421875 -0.0125198364257812
0.0553016662597656 0.037445068359375 0.07470703125 0.03118896484375
0.0547294616699219 -0.00058746337890625 0.124160766601562 -0.016387939453125
0.0379562377929688 -0.0225791931152344 0.100242614746094 -0.0853118896484375
0.0188636779785156 -0.0394325256347656 0.0441131591796875 -0.133537292480469
-0.00343322753906249 -0.055328369140625 -0.00596618652343749 -0.130233764648438
-0.0030670166015625 -0.0562019348144531 -0.0192337036132813 -0.0958251953125
-0.00348663330078125 -0.0630264282226563 -0.0100631713867188 -0.0708999633789063
0.0171852111816406 -0.0689163208007813 -0.00286102294921875 -0.0561904907226563
0.0541801452636719 -0.0568084716796875 -0.0105953216552734 -0.027862548828125
0.0869522094726563 -0.0230865478515625 -0.0212230682373047 -0.0319061279296875
0.093719482421875 0.0586166381835938 -0.0364456176757812 -0.0650177001953125
0.07470703125 0.123603820800781 -0.0128860473632812 -0.100334167480469
0.026153564453125 0.152908325195313 0.0190505981445312 -0.0807037353515625
-0.023193359375 0.174911499023438 0.126014709472656 -0.0304031372070312
0.0405044555664062 0.138450622558594 0.0652694702148438 0.0313949584960938
0.076171875 0.0987091064453125 0.08172607421875 0.0556640625
0.105033874511719 0.0267181396484375 0.129127502441406 0.0040130615234375
0.0859375 -0.031890869140625 0.102828979492187 -0.0625228881835938
0.0482940673828125 -0.0746383666992188 0.0481491088867188 -0.108413696289063
0.00794219970703125 -0.0933074951171875 0.00224304199218751 -0.104156494140625
0.00669097900390625 -0.089752197265625 -0.0134811401367188 -0.0701255798339844
0.00682830810546876 -0.100433349609375 -0.00774765014648438 -0.0426902770996094
0.0351486206054688 -0.0984725952148438 -0.00669288635253906 -0.0321121215820313
0.082794189453125 -0.0699996948242188 -0.017333984375 -0.00775241851806641
0.112937927246094 -0.0216140747070313 -0.0276660919189453 -0.0167522430419922
0.105453491210937 0.0805816650390625 -0.0400924682617188 -0.0459022521972656
0.070281982421875 0.150665283203125 -0.00759506225585937 -0.0653457641601563
0.00659179687499998 0.174636840820313 0.0143833160400391 -0.0293426513671875
-0.06463623046875 0.180328369140625 0.109550476074219 0.0369720458984375
0.00451660156249998 0.174819946289063 0.0619659423828125 0.0845108032226563
0.07110595703125 0.147918701171875 0.077880859375 0.0815658569335938
0.132743835449219 0.060150146484375 0.118682861328125 0.0297393798828125
0.120651245117187 -0.0260467529296875 0.0929336547851563 -0.0307540893554688
0.0744094848632813 -0.094207763671875 0.0458755493164063 -0.069915771484375
0.0194168090820313 -0.115753173828125 0.00851821899414063 -0.0643730163574219
0.01519775390625 -0.10943603515625 -0.00507164001464843 -0.0325565338134766
0.0147933959960937 -0.123023986816406 -0.00253105163574219 -0.00574111938476563
0.045196533203125 -0.116683959960938 -0.0111007690429687 0.000599861145019524
0.0980453491210938 -0.07733154296875 -0.0255336761474609 0.0164508819580078
0.126609802246094 -0.0192184448242188 -0.0349445343017578 -0.00150299072265625
0.1051025390625 0.093780517578125 -0.0392494201660156 -0.0308685302734375
0.0560302734375 0.1619873046875 0.00337982177734376 -0.0323333740234375
-0.016571044921875 0.175216674804687 0.00511741638183594 0.0249137878417969
-0.09466552734375 0.150238037109375 0.0790557861328125 0.0986785888671875
-0.03594970703125 0.169937133789062 0.0461654663085937 0.131202697753906
0.04217529296875 0.165771484375 0.0647659301757813 0.100799560546875
0.125114440917969 0.0866165161132813 0.0941543579101563 0.0509262084960938
0.129150390625 -0.0099945068359375 0.0699462890625 0.000919342041015624
0.0888214111328125 -0.0941238403320313 0.0349292755126953 -0.0259304046630859
0.028961181640625 -0.119285583496094 0.0119962692260742 -0.0175666809082031
0.0207672119140625 -0.112258911132812 0.00290679931640625 0.00857496261596679
0.0201034545898438 -0.127731323242188 0.00162696838378906 0.0350818634033203
0.0496749877929688 -0.1197509765625 -0.0151748657226562 0.0363388061523437
0.102737426757812 -0.0753936767578125 -0.0348701477050781 0.0417594909667969
0.127494812011719 -0.0120620727539063 -0.0431098937988281 0.0124015808105469
0.0930862426757813 0.102020263671875 -0.0379676818847656 -0.0210800170898437
0.0306243896484375 0.160140991210937 0.0125112533569336 -0.0021677017211914
-0.0426177978515625 0.157562255859375 -0.0113372802734375 0.0749053955078125
-0.104171752929688 0.0922164916992187 0.0431976318359375 0.142822265625
-0.0665740966796875 0.126693725585938 0.0245819091796875 0.160720825195313
0.00398254394531249 0.14251708984375 0.0482559204101563 0.107810974121094
0.090667724609375 0.0921249389648437 0.0637130737304688 0.0621528625488281
0.110549926757813 0.006500244140625 0.0417098999023438 0.0248985290527344
0.0844573974609375 -0.0755386352539063 0.0202960968017578 0.0142726898193359
0.0324783325195313 -0.10247802734375 0.0129508972167969 0.0269222259521484
0.023529052734375 -0.0982131958007812 0.0108070373535156 0.0482635498046875
0.0231781005859375 -0.113121032714844 0.0064697265625 0.0729598999023438
0.0490341186523438 -0.10687255859375 -0.020294189453125 0.0722427368164063
0.0971603393554688 -0.0634841918945313 -0.0452804565429688 0.0651206970214844
0.115203857421875 -0.002044677734375 -0.0545578002929687 0.0238227844238281
0.0707473754882813 0.103233337402344 -0.03887939453125 -0.0129890441894531
-0.000488281250000003 0.143753051757813 0.0143585205078125 0.0242805480957031
-0.068115234375 0.121322631835938 -0.035980224609375 0.116127014160156
-0.096221923828125 0.0173873901367188 0.0125732421875 0.161331176757813
-0.0781631469726563 0.0604782104492187 0.00906372070312501 0.167938232421875
-0.030487060546875 0.09033203125 0.0350494384765625 0.102127075195313
0.042572021484375 0.0756607055664063 0.0384521484375 0.0631675720214844
0.071929931640625 0.01788330078125 0.01898193359375 0.0382614135742188
0.0654640197753906 -0.0462989807128906 0.00743103027343751 0.043487548828125
0.0297775268554688 -0.0701484680175781 0.011627197265625 0.0621681213378906
0.0216903686523438 -0.0695610046386719 0.0169525146484375 0.0804290771484375
0.0220794677734375 -0.083038330078125 0.00917053222656249 0.104438781738281
0.0415725708007813 -0.0798110961914063 -0.0267257690429687 0.102737426757813
0.07904052734375 -0.045196533203125 -0.057037353515625 0.0844268798828125
0.0910491943359375 0.00644683837890625 -0.0669441223144531 0.0329475402832031
0.0426559448242188 0.091644287109375 -0.0446319580078125 -0.00805282592773436
-0.0294113159179688 0.110771179199219 0.00483322143554688 0.0454025268554688
-0.08441162109375 0.0694198608398438 -0.0676727294921875 0.142013549804688
0.0692100524902344 0.00835418701171875 0.07952880859375 -0.1453857421875
0.0430259704589844 -0.0589828491210937 0.019317626953125 -0.0486412048339844
-0.0212898254394531 -0.0574913024902344 0.0486221313476563 0.0102806091308594
-0.0511970520019531 -0.0172920227050781 0.0935821533203125 -0.0297927856445313
-0.0462722778320313 0.0201644897460937 0.0736312866210938 -0.094757080078125
-0.0239067077636719 0.0476951599121094 0.0240707397460937 -0.134323120117188
-0.0141372680664062 0.0383110046386719 -0.0174636840820312 -0.129478454589844
-0.0202884674072266 0.0302047729492188 -0.0240325927734375 -0.102188110351563
-0.0271015167236328 0.0315361022949219 -0.0163726806640625 -0.0821380615234375
-0.039520263671875 0.0059814453125 -0.00844192504882813 -0.0644607543945313
-0.0323543548583984 -0.0295486450195313 -0.00936126708984376 -0.04913330078125
0.00460433959960937 -0.0473518371582031 -0.0174980163574219 -0.0619583129882813
0.0582351684570313 -0.029998779296875 -0.0185394287109375 -0.106452941894531
0.0820159912109375 0.0112457275390625 -0.0048980712890625 -0.160232543945313
0.0679550170898437 0.0498237609863281 0.0129241943359375 -0.156097412109375
0.0513687133789063 0.0766677856445313 0.105804443359375 -0.129310607910156
0.05914306640625 0.00326919555664063 0.0371742248535156 -0.0389862060546875
0.0194358825683594 -0.0173606872558594 0.0614166259765625 0.0170707702636719
-0.00120353698730469 -0.01422119140625 0.110603332519531 -0.0279388427734375
-0.00812101364135742 -0.00349760055541992 0.0879974365234375 -0.0959701538085937
-0.00511550903320313 0.00395727157592773 0.0325927734375 -0.142791748046875
-0.0109462738037109 -0.00877857208251953 -0.0150070190429688 -0.138450622558594
-0.0131874084472656 -0.014561653137207 -0.0251235961914063 -0.106269836425781
-0.0156850814819336 -0.0173883438110352 -0.0156936645507813 -0.0844268798828125
-0.00907516479492188 -0.03314208984375 -0.0059814453125 -0.06768798828125
0.0147781372070313 -0.04266357421875 -0.00844573974609375 -0.0435752868652344
0.0498924255371094 -0.0303306579589844 -0.0167350769042969 -0.050262451171875
0.0766448974609375 0.0221176147460938 -0.0259857177734375 -0.0879898071289063
0.0779190063476563 0.07598876953125 -0.00985717773437501 -0.134918212890625
0.046966552734375 0.110870361328125 0.0194168090820313 -0.127769470214844
0.0195999145507813 0.1373291015625 0.122413635253906 -0.0908737182617188
0.0604248046875 0.0739059448242187 0.0536537170410156 -0.0122451782226562
0.056640625 0.037994384765625 0.0738983154296875 0.0324554443359375
0.0557060241699219 -0.000629425048828125 0.124076843261719 -0.0165023803710938
0.0386390686035156 -0.0230560302734375 0.0990142822265625 -0.0858917236328125
0.0199241638183594 -0.0401077270507813 0.041412353515625 -0.133781433105469
-0.00395965576171875 -0.0552597045898437 -0.00918579101562499 -0.129730224609375
-0.00490951538085937 -0.0568008422851563 -0.022369384765625 -0.093994140625
-0.00515365600585938 -0.064178466796875 -0.014312744140625 -0.0700531005859375
0.0155868530273438 -0.0694923400878906 -0.00815200805664062 -0.056121826171875
0.0539436340332031 -0.0579299926757813 -0.0136165618896484 -0.0302505493164063
0.0868759155273438 -0.0242996215820313 -0.0218620300292969 -0.0354804992675781
0.0951614379882812 0.0580215454101563 -0.0353126525878906 -0.0664443969726563
0.0775909423828125 0.122703552246094 -0.0134658813476562 -0.10211181640625
0.027984619140625 0.153244018554688 0.0184097290039062 -0.0844345092773437
-0.0209503173828125 0.176055908203125 0.125091552734375 -0.0330429077148437
0.0431365966796875 0.138565063476563 0.0629692077636719 0.0316619873046875
0.0798492431640625 0.0988388061523438 0.08062744140625 0.0563278198242188
0.106559753417969 0.025177001953125 0.129035949707031 0.00379180908203125
0.0852890014648438 -0.0334320068359375 0.102142333984375 -0.0627365112304688
0.0479965209960938 -0.0763397216796875 0.0464859008789063 -0.108406066894531
0.00579833984374999 -0.0934066772460938 -0.00114440917968749 -0.103851318359375
0.00414276123046875 -0.0906448364257813 -0.0164413452148438 -0.0685157775878906
0.003936767578125 -0.101417541503906 -0.0101852416992188 -0.0423202514648438
0.032257080078125 -0.100059509277344 -0.0114421844482422 -0.0320510864257813
0.081085205078125 -0.07305908203125 -0.0211296081542969 -0.00975418090820313
0.113304138183594 -0.0246200561523438 -0.0290584564208984 -0.0189399719238281
0.10858154296875 0.0792999267578125 -0.0399971008300781 -0.0467758178710937
0.0749053955078125 0.150650024414062 -0.0081787109375 -0.0674591064453125
0.0093231201171875 0.175750732421875 0.0137901306152344 -0.0323677062988281
-0.060943603515625 0.183853149414063 0.109146118164063 0.0347137451171875
0.00720214843749999 0.17572021484375 0.0603103637695313 0.0835494995117188
0.076507568359375 0.148468017578125 0.076751708984375 0.0823211669921875
0.134910583496094 0.0583267211914063 0.1180419921875 0.0299148559570313
0.120567321777344 -0.0286331176757812 0.0918807983398438 -0.0307388305664063
0.07281494140625 -0.0973129272460937 0.0444526672363281 -0.0696525573730469
0.0163803100585937 -0.116928100585938 0.00648117065429688 -0.0644073486328125
0.0120697021484375 -0.110336303710938 -0.0073699951171875 -0.0322685241699219
0.01068115234375 -0.124832153320313 -0.00465202331542968 -0.00542163848876954
0.04168701171875 -0.118812561035156 -0.0146818161010742 0.00120830535888671
0.0964736938476562 -0.0816574096679688 -0.0284824371337891 0.0159530639648437
0.126907348632813 -0.022796630859375 -0.0364761352539062 -0.00220489501953125
0.109344482421875 0.0930252075195313 -0.0395774841308594 -0.0326347351074219
0.0607757568359375 0.162460327148438 0.00321578979492188 -0.0343894958496094
-0.0128326416015625 0.17645263671875 0.00535011291503906 0.02154541015625
-0.0907745361328125 0.154022216796875 0.07904052734375 0.098297119140625
-0.032470703125 0.172119140625 0.0449295043945313 0.131019592285156
0.04754638671875 0.16668701171875 0.0627975463867188 0.101570129394531
0.129364013671875 0.0842208862304688 0.0938034057617188 0.0521621704101563
0.130081176757813 -0.0129165649414063 0.0701217651367188 0.00122833251953125
0.086700439453125 -0.0968017578125 0.0350856781005859 -0.0261802673339844
0.02496337890625 -0.120697021484375 0.0111360549926758 -0.0175447463989258
0.0172653198242187 -0.113143920898438 0.00187301635742188 0.00909900665283202
0.0155792236328125 -0.129043579101562 0.000827789306640626 0.0353240966796875
0.04595947265625 -0.121559143066406 -0.0174102783203125 0.0375137329101562
0.102203369140625 -0.0790176391601563 -0.0362777709960938 0.0421180725097656
0.127830505371094 -0.016021728515625 -0.0449142456054687 0.01220703125
0.09808349609375 0.101600646972656 -0.0384445190429688 -0.0217132568359375
0.0360107421875 0.160934448242188 0.0125789642333984 -0.00452327728271483
-0.0398101806640625 0.159332275390625 -0.010528564453125 0.0722808837890625
-0.102066040039063 0.0957794189453125 0.043975830078125 0.14385986328125
-0.063232421875 0.129539489746094 0.0250091552734375 0.160964965820313
0.00892639160156249 0.144027709960938 0.0458145141601563 0.108421325683594
0.0946807861328125 0.0900421142578125 0.0629119873046875 0.062957763671875
0.111274719238281 0.0035858154296875 0.0428466796875 0.0261650085449219
0.0830307006835938 -0.0784225463867188 0.021942138671875 0.0142536163330078
0.0288925170898438 -0.103767395019531 0.0130157470703125 0.0273666381835937
0.0200271606445312 -0.0984115600585937 0.0108566284179688 0.0482597351074219
0.01837158203125 -0.114173889160156 0.00757598876953124 0.07366943359375
0.04443359375 -0.108436584472656 -0.020599365234375 0.0729217529296875
0.0948257446289063 -0.0673446655273437 -0.0458946228027344 0.0663871765136719
0.115669250488281 -0.00661468505859375 -0.0551490783691406 0.0242118835449219
0.0752487182617188 0.102607727050781 -0.0394020080566406 -0.0141258239746094
0.00468444824218752 0.144622802734375 0.0148811340332031 0.0223960876464844
-0.0650100708007813 0.123184204101563 -0.0344085693359375 0.114906311035156
-0.0954513549804688 0.0214614868164063 0.0139007568359375 0.162429809570313
-0.07623291015625 0.063323974609375 0.00830078125 0.1680908203125
-0.0263442993164063 0.091522216796875 0.033111572265625 0.103111267089844
0.0462112426757813 0.0746307373046875 0.0382804870605469 0.0650444030761719
0.0723876953125 0.0159683227539063 0.0196342468261719 0.0394401550292969
0.0632553100585938 -0.048309326171875 0.00992584228515626 0.0443077087402344
0.0269775390625 -0.071197509765625 0.0137405395507812 0.0623626708984375
0.0187454223632812 -0.0697555541992188 0.0185775756835938 0.0802459716796875
0.0182113647460937 -0.0838088989257813 0.0111083984375 0.104240417480469
0.0376739501953125 -0.0811843872070313 -0.0253448486328125 0.103874206542969
0.07720947265625 -0.0483169555664063 -0.0565109252929688 0.0861663818359375
0.0910491943359375 0.0037841796875 -0.0676116943359375 0.0334854125976562
0.0457916259765625 0.0914154052734375 -0.0453414916992188 -0.00936508178710936
-0.0253448486328125 0.111991882324219 0.00634384155273438 0.0432624816894531
-0.0822296142578125 0.070648193359375 -0.0654144287109375 0.142868041992188
0.07037353515625 0.007080078125 0.0796661376953125 -0.15155029296875
0.0424270629882813 -0.0603294372558594 0.0179023742675781 -0.0493888854980469
-0.0235214233398438 -0.0581550598144531 0.0506095886230469 0.0117416381835937
-0.0534744262695313 -0.0161361694335937 0.0970916748046875 -0.0306777954101563
-0.0465965270996094 0.0224342346191406 0.0752716064453125 -0.0973129272460937
-0.0218620300292969 0.0488700866699219 0.0221939086914062 -0.138198852539063
-0.0124473571777344 0.0396537780761719 -0.0205230712890625 -0.133522033691406
-0.0196495056152344 0.0308818817138672 -0.0263595581054688 -0.104705810546875
-0.0263423919677734 0.0327987670898438 -0.0192947387695313 -0.0839080810546875
-0.0396537780761719 0.00754165649414062 -0.0112457275390625 -0.0662765502929688
-0.0333251953125 -0.0287265777587891 -0.0119743347167969 -0.0525321960449219
0.00323867797851562 -0.0475196838378906 -0.0176200866699219 -0.0667495727539063
0.0573158264160156 -0.0316123962402344 -0.0170745849609375 -0.110305786132813
0.0826263427734375 0.0098419189453125 -0.00437927246093751 -0.164947509765625
0.0697097778320313 0.0501022338867188 0.012786865234375 -0.162261962890625
0.0527877807617187 0.0777435302734375 0.107231140136719 -0.135154724121094
0.0604972839355469 0.0034332275390625 0.037384033203125 -0.0392341613769531
0.0193748474121094 -0.0161552429199219 0.0627593994140625 0.0188217163085938
-0.001190185546875 -0.0141267776489258 0.114616394042969 -0.0282440185546875
-0.00675582885742187 -0.00282955169677734 0.0896148681640625 -0.0986404418945313
-0.0029911994934082 0.0032651424407959 0.031280517578125 -0.145797729492188
-0.00991058349609375 -0.00903797149658203 -0.0183563232421875 -0.141525268554688
-0.0124340057373047 -0.0148468017578125 -0.0286331176757813 -0.107856750488281
-0.0153694152832031 -0.0176734924316406 -0.0184326171875 -0.0854110717773437
-0.00909996032714844 -0.0331172943115234 -0.00966644287109374 -0.0697517395019531
0.0148429870605469 -0.0425758361816406 -0.0105133056640625 -0.0472450256347656
0.050079345703125 -0.0312995910644531 -0.0173301696777344 -0.0554084777832031
0.0785675048828125 0.0222091674804687 -0.0256881713867187 -0.0905075073242188
0.080657958984375 0.0770797729492188 -0.0100326538085937 -0.139434814453125
0.0485610961914063 0.1134033203125 0.0193557739257812 -0.133636474609375
0.0223541259765625 0.140495300292969 0.125251770019531 -0.0958938598632813
0.06219482421875 0.075469970703125 0.0538749694824219 -0.0123863220214844
0.05950927734375 0.0389213562011719 0.07464599609375 0.0350570678710938
0.0575637817382812 -0.00135040283203125 0.127578735351563 -0.017303466796875
0.0399055480957031 -0.0234375 0.100822448730469 -0.0879058837890625
0.020843505859375 -0.042236328125 0.0404891967773438 -0.137443542480469
-0.00421142578125 -0.0567054748535156 -0.0120468139648438 -0.13238525390625
-0.00526809692382813 -0.0579872131347656 -0.0260543823242188 -0.0955886840820312
-0.00626373291015624 -0.0657920837402344 -0.0178146362304688 -0.0707015991210938
0.0158538818359375 -0.0725860595703125 -0.0126190185546875 -0.0576171875
0.0544776916503906 -0.0598678588867188 -0.0174064636230469 -0.0330829620361328
0.0891342163085937 -0.02557373046875 -0.0233840942382812 -0.0390625
0.099090576171875 0.0589675903320313 -0.0355224609375 -0.0698165893554688
0.0814285278320313 0.125274658203125 -0.0131607055664063 -0.106178283691406
0.0302734375 0.157974243164063 0.0183334350585938 -0.0900421142578125
-0.0185394287109375 0.18218994140625 0.126701354980469 -0.036224365234375
0.0446319580078125 0.141250610351563 0.06329345703125 0.03240966796875
0.0837554931640625 0.101409912109375 0.0815200805664062 0.0588150024414063
0.111114501953125 0.0246124267578125 0.132331848144531 0.004425048828125
0.0877609252929688 -0.0353317260742188 0.104141235351563 -0.0641937255859375
0.0489425659179688 -0.0805740356445313 0.0466690063476562 -0.111320495605469
0.00470733642578124 -0.0965499877929688 -0.00298309326171876 -0.106193542480469
0.00218963623046875 -0.0928497314453125 -0.0186805725097656 -0.0691947937011719
0.00132751464843749 -0.104850769042969 -0.0131034851074219 -0.0423088073730469
0.0310287475585938 -0.104255676269531 -0.0156650543212891 -0.0330219268798828
0.0818252563476563 -0.0770034790039063 -0.0246181488037109 -0.0111255645751953
0.117523193359375 -0.0271759033203125 -0.0307159423828125 -0.0212802886962891
0.113723754882812 0.0809860229492188 -0.0405082702636719 -0.0501251220703125
0.0791473388671875 0.1541748046875 -0.00799560546875 -0.07183837890625
0.010498046875 0.180633544921875 0.0132408142089844 -0.0374679565429687
-0.05987548828125 0.19097900390625 0.112068176269531 0.0344161987304688
0.010101318359375 0.181060791015625 0.0599288940429688 0.0862960815429688
0.0823211669921875 0.152511596679688 0.0769424438476563 0.0850677490234375
0.140823364257813 0.0570831298828125 0.12042236328125 0.032257080078125
0.123275756835938 -0.0313949584960938 0.0933990478515625 -0.0309524536132813
0.073974609375 -0.101730346679688 0.0461273193359375 -0.0716018676757813
0.0145797729492187 -0.120353698730469 0.00474548339843749 -0.0659141540527344
0.00890350341796875 -0.112892150878906 -0.00931739807128906 -0.0317440032958984
0.00772094726562499 -0.129043579101563 -0.0069122314453125 -0.00452995300292969
0.0396575927734375 -0.123863220214844 -0.0175065994262695 0.00191593170166015
0.0985336303710937 -0.0860137939453125 -0.0314369201660156 0.0164241790771484
0.131637573242188 -0.0264205932617188 -0.0387535095214844 -0.00407791137695313
0.116416931152344 0.0941543579101563 -0.0396881103515625 -0.0352897644042969
0.06744384765625 0.166305541992188 0.0025482177734375 -0.0378913879394531
-0.011810302734375 0.182449340820313 0.004913330078125 0.0188388824462891
-0.0909423828125 0.161590576171875 0.0819091796875 0.100074768066406
-0.0307159423828125 0.177474975585938 0.04449462890625 0.133705139160156
0.0532073974609375 0.170913696289063 0.0622711181640625 0.105445861816406
0.135490417480469 0.0844573974609375 0.0948715209960938 0.054718017578125
0.133499145507813 -0.0162429809570313 0.0719985961914063 0.0023651123046875
0.08660888671875 -0.102775573730469 0.0365447998046875 -0.0262947082519531
0.0229339599609375 -0.123329162597656 0.0107498168945313 -0.0178604125976563
0.0153350830078125 -0.116615295410156 0.0012807846069336 0.010096549987793
0.0124053955078125 -0.133010864257813 0.000942230224609374 0.0368614196777344
0.042999267578125 -0.127426147460937 -0.0191802978515625 0.0388412475585937
0.1025390625 -0.0848846435546875 -0.0395240783691406 0.0438041687011719
0.131660461425781 -0.0192642211914063 -0.0466728210449219 0.0118904113769531
0.103828430175781 0.10308837890625 -0.0393562316894531 -0.0241889953613281
0.0412139892578125 0.165298461914063 0.0128641128540039 -0.00804710388183593
-0.0391387939453125 0.165145874023438 -0.010223388671875 0.0724411010742188
-0.103385925292969 0.102241516113281 0.045928955078125 0.147598266601563
-0.06219482421875 0.134658813476563 0.0236358642578125 0.165557861328125
0.012542724609375 0.148818969726563 0.0458145141601562 0.112007141113281
0.100997924804688 0.0912551879882813 0.0646324157714844 0.0664558410644531
0.113800048828125 0.000579833984375 0.0448570251464844 0.0284385681152344
0.0824966430664062 -0.0829696655273438 0.0244941711425781 0.0152187347412109
0.026824951171875 -0.107475280761719 0.0138626098632813 0.0267601013183594
0.0177230834960937 -0.101188659667969 0.0119857788085938 0.0490760803222656
0.0149154663085938 -0.118179321289063 0.00707244873046876 0.075286865234375
0.0430831909179688 -0.1136474609375 -0.0223388671875 0.0759429931640625
0.0962448120117187 -0.0725326538085937 -0.0483245849609375 0.0695571899414063
0.119117736816406 -0.00887298583984375 -0.0576133728027344 0.024627685546875
0.0806045532226562 0.104789733886719 -0.041168212890625 -0.0160140991210937
0.00973510742187501 0.149093627929688 0.0148277282714844 0.0196857452392578
-0.0644378662109375 0.126922607421875 -0.0344009399414063 0.116470336914063
-0.097015380859375 0.0257568359375 0.014892578125 0.168304443359375
-0.076751708984375 0.06768798828125 0.00717163085937498 0.1732177734375
-0.023345947265625 0.0957794189453125 0.0315475463867187 0.106964111328125
0.0503768920898437 0.0741043090820312 0.0392036437988281 0.06890869140625
0.073944091796875 0.0136337280273438 0.0217208862304688 0.0425872802734375
0.0637435913085938 -0.0516204833984375 0.0125923156738281 0.0457763671875
0.0246353149414062 -0.0736846923828125 0.0146217346191406 0.0634346008300781
0.0160064697265625 -0.0717086791992188 0.019134521484375 0.0814208984375
0.0157852172851563 -0.086578369140625 0.0131759643554687 0.106765747070313
0.035675048828125 -0.0846710205078125 -0.0261688232421875 0.106575012207031
0.0779266357421875 -0.0517654418945313 -0.0584564208984375 0.08978271484375
0.0936050415039063 0.001434326171875 -0.0702056884765625 0.0347023010253906
0.0497894287109375 0.0937347412109375 -0.046722412109375 -0.0100479125976563
-0.0228195190429688 0.115577697753906 0.0075836181640625 0.0419197082519531
-0.0823135375976563 0.073333740234375 -0.066131591796875 0.1461181640625
0.073638916015625 0.0052032470703125 0.0786590576171875 -0.161575317382813
0.04144287109375 -0.0644683837890625 0.0171318054199219 -0.0514869689941406
-0.0270271301269531 -0.0588912963867188 0.0534934997558594 0.0121421813964844
-0.0570640563964844 -0.0145149230957031 0.102424621582031 -0.0336456298828125
-0.0465583801269531 0.0260086059570312 0.07708740234375 -0.102584838867188
-0.0201797485351563 0.0502052307128906 0.0195159912109375 -0.143905639648437
-0.0102577209472656 0.0402870178222656 -0.025299072265625 -0.138519287109375
-0.0184841156005859 0.0333328247070313 -0.0323104858398437 -0.10693359375
-0.0248775482177734 0.0348758697509766 -0.0232620239257813 -0.0865707397460937
-0.0399131774902344 0.0101051330566406 -0.0149993896484375 -0.0680999755859375
-0.0360260009765625 -0.0269622802734375 -0.0150985717773438 -0.0571365356445313
0.001678466796875 -0.04913330078125 -0.0203018188476562 -0.0721435546875
0.0580406188964844 -0.035858154296875 -0.01898193359375 -0.116569519042969
0.0852203369140625 0.00693511962890625 -0.00787353515625001 -0.173019409179688
0.0739212036132812 0.049896240234375 0.00942993164062501 -0.17236328125
0.056884765625 0.0801773071289063 0.108413696289062 -0.145553588867188
0.06201171875 0.00218963623046875 0.0372467041015625 -0.0417404174804688
0.0199775695800781 -0.0172157287597656 0.0663909912109375 0.0196075439453125
-0.000560760498046875 -0.0132045745849609 0.119102478027344 -0.0312881469726563
-0.00653266906738281 -0.00227689743041992 0.0913772583007813 -0.104019165039063
-0.00241231918334961 0.00199484825134277 0.0282745361328125 -0.152191162109375
-0.0100488662719727 -0.0109643936157227 -0.0245819091796875 -0.145965576171875
-0.0138397216796875 -0.0152482986450195 -0.0336761474609375 -0.110832214355469
-0.0166130065917969 -0.0195140838623047 -0.0244140625 -0.0876693725585938
-0.00956535339355469 -0.0343589782714844 -0.0141220092773438 -0.0720596313476563
0.0141410827636719 -0.0437736511230469 -0.0154953002929688 -0.0524635314941406
0.0513648986816406 -0.0336685180664063 -0.0196113586425781 -0.0601272583007812
0.0810317993164063 0.0197982788085938 -0.0270309448242187 -0.096282958984375
0.08544921875 0.0773696899414063 -0.013031005859375 -0.14715576171875
0.0532684326171875 0.1168212890625 0.0175628662109375 -0.143722534179688
0.0271453857421875 0.147003173828125 0.12762451171875 -0.104408264160156
0.0674819946289063 0.0772552490234375 0.0546836853027344 -0.014068603515625
0.0640411376953125 0.039276123046875 0.0790176391601562 0.0365447998046875
0.0606346130371094 -0.00210189819335937 0.133270263671875 -0.0197219848632813
0.0422706604003906 -0.0257186889648437 0.103424072265625 -0.0932235717773438
0.0222930908203125 -0.0461349487304688 0.0384674072265625 -0.143600463867188
-0.00537490844726563 -0.0596046447753906 -0.0172271728515625 -0.137504577636719
-0.00790023803710937 -0.0606613159179687 -0.0316238403320313 -0.0972213745117188
-0.00876998901367188 -0.0697288513183594 -0.0222930908203125 -0.0724868774414062
0.0136184692382812 -0.0760040283203125 -0.0177040100097656 -0.0598602294921875
0.0552597045898438 -0.0644798278808594 -0.0220680236816406 -0.0358657836914063
0.092987060546875 -0.0298995971679688 -0.0259246826171875 -0.0435829162597656
0.106216430664063 0.0575332641601563 -0.0371475219726562 -0.0748138427734375
0.0899505615234375 0.128677368164062 -0.0152053833007812 -0.112510681152344
0.0352325439453125 0.16455078125 0.0170364379882813 -0.0981826782226562
-0.01409912109375 0.191207885742188 0.132049560546875 -0.0418014526367187
0.051849365234375 0.147140502929688 0.0648307800292969 0.0321884155273438
0.0929412841796875 0.103500366210938 0.0854263305664063 0.061767578125
0.118133544921875 0.0222930908203125 0.137802124023438 0.00363922119140625
0.0914306640625 -0.0398025512695313 0.107177734375 -0.0682449340820312
0.0492782592773438 -0.0873565673828125 0.04547119140625 -0.11639404296875
0.00136566162109376 -0.1009521484375 -0.00807189941406249 -0.110267639160156
-0.00118255615234376 -0.0975189208984375 -0.0238838195800781 -0.0699729919433594
-0.00256347656250001 -0.109619140625 -0.0171890258789062 -0.0429039001464844
0.0277252197265625 -0.1102294921875 -0.0207691192626953 -0.0337810516357422
0.0835418701171875 -0.0836410522460938 -0.0288124084472656 -0.0111293792724609
0.121925354003906 -0.032623291015625 -0.0338973999023437 -0.0237102508544922
0.123130798339844 0.0802764892578125 -0.0419731140136719 -0.0540046691894531
0.08984375 0.158615112304687 -0.00965881347656249 -0.0764541625976562
0.0164794921875 0.1904296875 0.0128631591796875 -0.0427055358886719
-0.0557403564453125 0.20184326171875 0.11798095703125 0.0317916870117188
0.016632080078125 0.188522338867188 0.0636062622070313 0.0874862670898438
0.0922698974609375 0.156661987304687 0.0807723999023438 0.08978271484375
0.150558471679688 0.0552978515625 0.126266479492188 0.0319671630859375
0.1292724609375 -0.0367355346679687 0.09735107421875 -0.033447265625
0.0740737915039063 -0.110649108886719 0.0469970703125 -0.0755996704101563
0.0109024047851563 -0.126396179199219 0.00205612182617188 -0.0678443908691406
0.00472259521484376 -0.119171142578125 -0.0121345520019531 -0.0316925048828125
0.00228118896484376 -0.135650634765625 -0.00937080383300781 -0.00368022918701173
0.0360183715820313 -0.131820678710938 -0.0217704772949219 0.00234603881835937
0.0995559692382812 -0.0948486328125 -0.0356254577636719 0.0181198120117187
0.136955261230469 -0.0331573486328125 -0.0410881042480469 -0.00434494018554687
0.127044677734375 0.0957717895507813 -0.0427131652832031 -0.0377426147460938
0.0766754150390625 0.172531127929688 0.00226211547851563 -0.0421562194824219
-0.00773620605468749 0.193450927734375 0.00477790832519531 0.0164461135864258
-0.0898895263671875 0.173751831054688 0.0875930786132813 0.102775573730469
-0.026031494140625 0.18743896484375 0.048553466796875 0.139289855957031
0.0628509521484375 0.177322387695313 0.0652389526367188 0.110855102539063
0.146865844726563 0.082763671875 0.0998687744140625 0.0557327270507813
0.139175415039063 -0.0207061767578125 0.0754547119140625 0.00209808349609375
0.0869369506835938 -0.110542297363281 0.0383758544921875 -0.0280303955078125
0.0190658569335937 -0.130500793457031 0.00989913940429688 -0.0185508728027344
0.010467529296875 -0.122566223144531 0.000871658325195313 0.0104484558105469
0.00671386718750001 -0.140151977539063 0.000926971435546873 0.0387039184570312
0.039642333984375 -0.135185241699219 -0.0224800109863281 0.0423469543457031
0.103660583496094 -0.0936431884765625 -0.0415458679199219 0.0465583801269531
0.137489318847656 -0.0267257690429688 -0.0493507385253906 0.0130157470703125
0.115455627441406 0.104400634765625 -0.042694091796875 -0.0272369384765625
0.05126953125 0.172592163085938 0.0129270553588867 -0.0104036331176758
-0.0359344482421875 0.174087524414063 -0.00888824462890626 0.073883056640625
-0.10443115234375 0.112327575683594 0.0509033203125 0.154876708984375
-0.059051513671875 0.14569091796875 0.0271453857421875 0.17266845703125
0.01971435546875 0.15576171875 0.0473556518554688 0.1171875
0.109550476074219 0.0907440185546875 0.0684089660644531 0.070098876953125
0.119216918945313 -0.003143310546875 0.0485305786132813 0.0294647216796875
0.0830841064453125 -0.091064453125 0.0276165008544922 0.01544189453125
0.023651123046875 -0.1134033203125 0.0145664215087891 0.0281887054443359
0.013458251953125 -0.107009887695313 0.0125045776367188 0.0518074035644531
0.0110092163085937 -0.124732971191406 0.0107421875 0.078521728515625
0.038604736328125 -0.1199951171875 -0.022125244140625 0.0804443359375
0.097076416015625 -0.0800628662109375 -0.0490264892578125 0.074462890625
0.124435424804687 -0.0142593383789062 -0.0599746704101562 0.0270843505859375
0.0905303955078125 0.106712341308594 -0.0434837341308594 -0.0176811218261719
0.01678466796875 0.155075073242188 0.0166454315185547 0.0180644989013672
-0.0638809204101562 0.135055541992188 -0.0329666137695313 0.1219482421875
-0.10040283203125 0.0316543579101563 0.01922607421875 0.178482055664063
-0.0772857666015625 0.0735015869140625 0.00964355468749999 0.181289672851563
-0.0195999145507812 0.100479125976563 0.0339508056640625 0.11212158203125
0.0576934814453125 0.0751113891601563 0.041015625 0.0732955932617188
0.0783462524414063 0.0107269287109375 0.0242729187011719 0.0451889038085938
0.0627975463867188 -0.0576667785644531 0.0160636901855469 0.047210693359375
0.0229263305664063 -0.077606201171875 0.0186386108398438 0.0652542114257813
0.0130615234375 -0.0747756958007812 0.0224227905273438 0.0841064453125
0.0117111206054688 -0.0912628173828125 0.0169906616210937 0.110435485839844
0.03289794921875 -0.0896072387695313 -0.0247573852539062 0.113113403320313
0.0791015625 -0.0577239990234375 -0.059234619140625 0.09600830078125
0.09783935546875 -0.00244140625 -0.0733642578125 0.0379409790039063
0.0566253662109375 0.0953216552734375 -0.0496635437011719 -0.01123046875
-0.01806640625 0.121124267578125 0.00896453857421875 0.0410232543945313
-0.0842514038085938 0.0794143676757812 -0.0644989013671875 0.154159545898438
0.0760421752929688 -0.0002899169921875 0.0725860595703125 -0.174453735351563
0.0383682250976563 -0.0697517395019531 0.0143356323242187 -0.054962158203125
-0.0325584411621094 -0.0582923889160156 0.056488037109375 0.0117683410644531
-0.058929443359375 -0.0101966857910156 0.105583190917969 -0.0398025512695313
-0.0457267761230469 0.0299339294433594 0.0756301879882813 -0.110847473144531
-0.0165672302246094 0.0531654357910156 0.012847900390625 -0.15081787109375
-0.00684356689453125 0.0419425964355469 -0.0345611572265625 -0.142929077148438
-0.01678466796875 0.0365982055664063 -0.0397109985351563 -0.109268188476563
-0.0237655639648438 0.0378150939941406 -0.0307846069335938 -0.0879058837890625
-0.0392265319824219 0.0135116577148438 -0.02056884765625 -0.0702972412109375
-0.0374755859375 -0.0237312316894531 -0.0202980041503906 -0.0606918334960938
-0.00225067138671875 -0.0503997802734375 -0.025054931640625 -0.0780105590820313
0.0566368103027344 -0.0409507751464844 -0.0228042602539063 -0.12152099609375
0.0881271362304688 0.0004730224609375 -0.01544189453125 -0.1807861328125
0.079833984375 0.0469131469726563 0.0027008056640625 -0.183395385742188
0.0641326904296875 0.079742431640625 0.1043701171875 -0.15966796875
0.0643959045410156 -0.002227783203125 0.0352554321289063 -0.0463409423828125
0.0197544097900391 -0.0181541442871094 0.0702590942382813 0.0187263488769531
-0.00182247161865234 -0.0133028030395508 0.123451232910156 -0.03851318359375
-0.00573253631591797 -0.00163936614990234 0.0906143188476563 -0.112533569335938
-0.00147056579589844 0.000856280326843262 0.0219573974609375 -0.159698486328125
-0.00969982147216797 -0.0109987258911133 -0.0344085693359375 -0.150588989257812
-0.0145111083984375 -0.0149641036987305 -0.042449951171875 -0.112403869628906
-0.0178127288818359 -0.0191898345947266 -0.0312652587890625 -0.0897674560546875
-0.0107479095458984 -0.0346946716308594 -0.0213699340820313 -0.0740737915039063
0.0130462646484375 -0.0452041625976563 -0.0202560424804688 -0.0547981262207031
0.05145263671875 -0.0369796752929688 -0.0239105224609375 -0.0656814575195313
0.0858001708984375 0.0168914794921875 -0.0306320190429688 -0.101112365722656
0.0931625366210938 0.0753402709960938 -0.0189056396484375 -0.15301513671875
0.0616989135742188 0.118865966796875 0.0112152099609375 -0.154159545898438
0.0356597900390625 0.151763916015625 0.127830505371094 -0.117698669433594
0.0742340087890625 0.0764083862304688 0.0553474426269531 -0.0164947509765625
0.0701217651367188 0.0383682250976563 0.0832901000976563 0.0358734130859375
0.0648612976074219 -0.00536727905273438 0.137557983398438 -0.0256423950195313
0.0439033508300781 -0.0292778015136719 0.103858947753906 -0.101913452148438
0.021240234375 -0.0512161254882813 0.03265380859375 -0.151107788085938
-0.00848007202148437 -0.062774658203125 -0.0268402099609375 -0.141128540039063
-0.0111808776855469 -0.0632781982421875 -0.0389480590820312 -0.0985031127929688
-0.0131072998046875 -0.0723495483398438 -0.0293655395507813 -0.0732803344726562
0.0093841552734375 -0.0805130004882813 -0.0248565673828125 -0.0605964660644531
0.0541915893554688 -0.0707931518554688 -0.027587890625 -0.037261962890625
0.0956268310546875 -0.0364303588867188 -0.0295829772949219 -0.0477409362792969
0.114852905273438 0.054779052734375 -0.0402984619140625 -0.0777816772460938
0.100929260253906 0.128349304199219 -0.0205612182617187 -0.118377685546875
0.0452117919921875 0.170089721679687 0.0121307373046875 -0.106986999511719
-0.00373840332031251 0.20111083984375 0.134567260742188 -0.0519027709960938
0.062286376953125 0.149932861328125 0.0678863525390625 0.0302696228027344
0.10406494140625 0.102775573730469 0.0909957885742188 0.0618972778320313
0.125045776367187 0.0162887573242187 0.143630981445313 -0.0020904541015625
0.0947799682617188 -0.0464630126953125 0.108749389648438 -0.0754776000976563
0.0471343994140625 -0.0951309204101563 0.0422439575195312 -0.123176574707031
-0.003509521484375 -0.105766296386719 -0.015106201171875 -0.112884521484375
-0.00659179687500001 -0.101058959960938 -0.0292434692382812 -0.0704345703125
-0.0100936889648437 -0.115562438964844 -0.0221405029296875 -0.0425453186035156
0.0223312377929688 -0.117652893066406 -0.0269794464111328 -0.0331840515136719
0.082855224609375 -0.0927047729492188 -0.0337886810302734 -0.0110187530517578
0.125625610351563 -0.04150390625 -0.0372772216796875 -0.0264816284179688
0.133819580078125 0.0771713256835938 -0.0460243225097656 -0.056610107421875
0.103897094726563 0.159927368164063 -0.0133819580078125 -0.0817337036132812
0.0268707275390625 0.197967529296875 0.0105857849121094 -0.0479621887207031
-0.04644775390625 0.215087890625 0.124046325683594 0.0264511108398438
0.02899169921875 0.196304321289063 0.0690689086914063 0.0886611938476563
0.107101440429688 0.158233642578125 0.0875244140625 0.0911178588867188
0.161270141601563 0.048828125 0.132545471191406 0.028045654296875
0.132858276367188 -0.0462493896484375 0.100387573242188 -0.038482666015625
0.0705718994140625 -0.120834350585938 0.0451507568359375 -0.0799484252929688
0.00440216064453126 -0.132652282714844 -0.00240325927734375 -0.0707778930664063
-0.000953674316406243 -0.123809814453125 -0.0157890319824219 -0.0318107604980469
-0.0071258544921875 -0.141265869140625 -0.010777473449707 -0.00205993652343751
0.0280075073242188 -0.139381408691406 -0.0255126953125 0.00574111938476562
0.0977859497070313 -0.106231689453125 -0.0380210876464844 0.0203781127929688
0.141555786132812 -0.043060302734375 -0.044189453125 -0.00455474853515625
0.139808654785156 0.0913925170898438 -0.04669189453125 -0.0399093627929688
0.0928192138671875 0.174575805664063 0.000389099121093759 -0.0467147827148437
0.0032806396484375 0.2020263671875 0.00551033020019531 0.0146379470825195
-0.0825347900390625 0.187255859375 0.0962905883789063 0.102142333984375
-0.0159149169921875 0.197525024414063 0.055145263671875 0.143630981445313
0.0778656005859375 0.181686401367188 0.0724334716796875 0.113624572753906
0.159011840820313 0.076812744140625 0.106613159179688 0.0554428100585938
0.14398193359375 -0.0313720703125 0.0795211791992188 -0.000762939453125002
0.0833587646484375 -0.121559143066406 0.0400238037109375 -0.0308647155761719
0.0120315551757813 -0.137367248535156 0.00883293151855469 -0.0196247100830078
0.00342559814453126 -0.126998901367188 0.000671386718750001 0.0114850997924805
-0.0036468505859375 -0.146286010742187 0.00260543823242188 0.04095458984375
0.03106689453125 -0.1431884765625 -0.0223312377929687 0.0463027954101562
0.102012634277344 -0.105674743652344 -0.0428848266601562 0.0515213012695313
0.142105102539063 -0.0367889404296875 -0.0520095825195312 0.0140647888183594
0.12799072265625 0.101852416992188 -0.0459403991699219 -0.0271148681640625
0.066253662109375 0.175628662109375 0.0129261016845703 -0.014012336730957
-0.02801513671875 0.184646606445313 -0.00632476806640625 0.0748291015625
-0.100860595703125 0.123695373535156 0.061004638671875 0.159255981445312
-0.0528411865234375 0.1546630859375 0.03497314453125 0.179351806640625
0.031524658203125 0.161209106445313 0.052520751953125 0.122161865234375
0.121940612792969 0.0864334106445313 0.0730056762695313 0.071685791015625
0.125 -0.0117111206054688 0.0520896911621094 0.0299835205078125
0.0801467895507813 -0.101142883300781 0.0301074981689453 0.0153007507324219
0.0165023803710937 -0.119522094726563 0.0167865753173828 0.0285358428955078
0.00673675537109375 -0.112174987792969 0.0153274536132812 0.0525970458984375
0.001983642578125 -0.130088806152344 0.0143203735351563 0.0816497802734375
0.0305862426757813 -0.127944946289063 -0.0212936401367187 0.0858840942382812
0.0958175659179688 -0.091339111328125 -0.0483856201171875 0.0800399780273438
0.129104614257813 -0.0241012573242187 -0.0620918273925781 0.0306739807128906
0.102729797363281 0.105049133300781 -0.0471458435058594 -0.0178298950195312
0.02813720703125 0.160430908203125 0.0181159973144531 0.0155849456787109
-0.058197021484375 0.144851684570312 -0.0277328491210938 0.127098083496094
-0.100990295410156 0.0412521362304687 0.028961181640625 0.186065673828125
-0.0746917724609375 0.082733154296875 0.018524169921875 0.190582275390625
-0.0127944946289063 0.106742858886719 0.037628173828125 0.117355346679688
0.0656051635742188 0.0730133056640625 0.0454635620117188 0.0769729614257813
0.0820693969726563 0.00531768798828125 0.0287895202636719 0.0469932556152344
0.0610084533691406 -0.0648117065429688 0.0208358764648438 0.0489997863769531
0.0168991088867187 -0.0822601318359375 0.0230026245117188 0.0665664672851563
0.00878143310546875 -0.0790023803710938 0.0271453857421875 0.08551025390625
0.00586700439453124 -0.0955123901367188 0.0241241455078125 0.1148681640625
0.0271759033203125 -0.0959091186523438 -0.0200881958007812 0.119697570800781
0.0780792236328125 -0.0662918090820313 -0.0565643310546875 0.104103088378906
0.101753234863281 -0.00921630859375 -0.0746078491210938 0.0431594848632813
0.0663909912109375 0.096038818359375 -0.0530166625976563 -0.0106124877929687
-0.00995635986328126 0.126327514648438 0.0111770629882812 0.0397453308105469
-0.0822296142578125 0.0875701904296875 -0.057830810546875 0.163436889648438
0.077301025390625 -0.0058135986328125 0.0606842041015625 -0.1846923828125
0.0330352783203125 -0.0736923217773438 0.00885772705078125 -0.0571632385253906
-0.0376472473144531 -0.0547218322753906 0.0584259033203125 0.00878906249999999
-0.0605926513671875 -0.00410842895507812 0.106201171875 -0.04681396484375
-0.0429878234863281 0.0344123840332031 0.0704498291015625 -0.116531372070313
-0.0116310119628906 0.0543899536132813 0.00282287597656251 -0.1539306640625
-0.00394821166992187 0.0416221618652344 -0.04498291015625 -0.142654418945313
-0.0127296447753906 0.0384254455566406 -0.0488204956054688 -0.108612060546875
-0.0208053588867187 0.0402984619140625 -0.0378952026367187 -0.0863189697265625
-0.0362396240234375 0.0167236328125 -0.0263175964355469 -0.07012939453125
-0.0386505126953125 -0.0204544067382812 -0.026702880859375 -0.0626296997070313
-0.00658798217773437 -0.0502281188964844 -0.0314712524414063 -0.0810546875
0.0527801513671875 -0.0455131530761719 -0.028594970703125 -0.124336242675781
0.0877914428710938 -0.00592041015625 -0.02484130859375 -0.184371948242188
0.083038330078125 0.0412063598632812 -0.0088958740234375 -0.188446044921875
0.0697402954101563 0.0773696899414063 0.095458984375 -0.171615600585938
0.0653305053710938 -0.007293701171875 0.0317306518554688 -0.0483055114746094
0.0187530517578125 -0.0177898406982422 0.0728378295898438 0.016845703125
-0.00249004364013672 -0.0121374130249023 0.124275207519531 -0.0467987060546875
-0.00411748886108398 6.91413879394525E-06 0.0862579345703125 -0.121284484863281
6.42240047454834E-05 -0.000403881072998047 0.011260986328125 -0.163543701171875
-0.0095205307006836 -0.0106430053710937 -0.044586181640625 -0.149459838867188
-0.0158586502075195 -0.0133657455444336 -0.0513916015625 -0.110626220703125
-0.0187702178955078 -0.0176372528076172 -0.0386505126953125 -0.087249755859375
-0.0130710601806641 -0.0350894927978516 -0.0288009643554687 -0.0739822387695313
0.0121078491210938 -0.0464057922363281 -0.0274276733398437 -0.0557441711425781
0.0494766235351563 -0.0405044555664062 -0.0289268493652344 -0.0679168701171875
0.08746337890625 0.0102310180664063 -0.0361251831054687 -0.102745056152344
0.0979156494140625 0.069732666015625 -0.02777099609375 -0.156387329101563
0.0697174072265625 0.117843627929688 0.002288818359375 -0.160247802734375
0.047210693359375 0.15301513671875 0.122222900390625 -0.130104064941406
0.0799102783203125 0.0724639892578125 0.0526771545410156 -0.0205039978027344
0.0753326416015625 0.03558349609375 0.0875625610351563 0.0339431762695313
0.0671577453613281 -0.00960159301757813 0.140838623046875 -0.0345611572265625
0.0435371398925781 -0.0330810546875 0.0990142822265625 -0.110748291015625
0.0179367065429687 -0.0547561645507813 0.0233154296875 -0.15606689453125
-0.0119667053222656 -0.0643768310546875 -0.0372772216796875 -0.141082763671875
-0.0155296325683594 -0.0632858276367188 -0.0471878051757813 -0.096893310546875
-0.0185623168945313 -0.072479248046875 -0.0352935791015625 -0.07220458984375
0.00396728515625 -0.0827789306640625 -0.0319290161132813 -0.05865478515625
0.0505218505859375 -0.075714111328125 -0.03302001953125 -0.0377731323242188
0.095123291015625 -0.0437240600585938 -0.0350532531738281 -0.0495567321777344
0.119438171386719 0.047821044921875 -0.0455551147460937 -0.0789108276367188
0.112625122070313 0.124069213867188 -0.0275650024414062 -0.121452331542969
0.05755615234375 0.170364379882813 0.00469970703125 -0.112815856933594
0.01104736328125 0.206008911132813 0.133872985839844 -0.0650482177734375
0.073211669921875 0.14697265625 0.0696601867675781 0.0273208618164063
0.112747192382813 0.0976486206054687 0.095458984375 0.0604934692382813
0.13037109375 0.0085296630859375 0.1466064453125 -0.0099029541015625
0.092529296875 -0.0535202026367188 0.105903625488281 -0.0826797485351563
0.0403671264648438 -0.101654052734375 0.0353317260742188 -0.128196716308594
-0.0112762451171875 -0.10906982421875 -0.024322509765625 -0.113555908203125
-0.0145111083984375 -0.102424621582031 -0.0356521606445312 -0.0699005126953125
-0.01898193359375 -0.117263793945312 -0.026580810546875 -0.0399894714355469
0.0124893188476562 -0.121490478515625 -0.0330772399902344 -0.0301494598388672
0.07794189453125 -0.101837158203125 -0.0383415222167969 -0.00983810424804689
0.126274108886719 -0.052734375 -0.0406608581542969 -0.0281028747558594
0.143585205078125 0.06829833984375 -0.0488853454589844 -0.0573959350585937
0.117645263671875 0.155441284179688 -0.0184707641601563 -0.0848159790039062
0.0404052734375 0.200698852539063 0.00607681274414063 -0.052215576171875
-0.0316619873046875 0.223800659179688 0.12738037109375 0.0158920288085938
0.0430450439453125 0.197036743164062 0.0746612548828125 0.085205078125
0.119644165039063 0.152786254882813 0.0940322875976563 0.0889358520507813
0.1689453125 0.0382080078125 0.136199951171875 0.0225372314453125
0.133216857910156 -0.0567855834960938 0.0997695922851563 -0.04443359375
0.0628585815429688 -0.129402160644531 0.0412368774414063 -0.0846481323242188
-0.00514984130859375 -0.134307861328125 -0.00800323486328125 -0.0714035034179688
-0.0114212036132812 -0.126747131347656 -0.0195064544677734 -0.0306625366210938
-0.0194091796875 -0.143417358398438 -0.0115938186645508 -0.00061798095703126
0.0175323486328125 -0.143997192382812 -0.0273265838623047 0.00786590576171875
0.0918502807617188 -0.116493225097656 -0.040283203125 0.0225181579589844
0.142074584960938 -0.0556182861328125 -0.0464897155761719 -0.00453567504882812
0.15087890625 0.0829925537109375 -0.0488014221191406 -0.0396194458007812
0.10791015625 0.170944213867188 -0.00281906127929687 -0.0499153137207031
0.0168304443359375 0.206878662109375 0.00605964660644531 0.0122461318969727
-0.0700225830078125 0.19805908203125 0.104728698730469 0.0957717895507813
-0.000640869140625011 0.202117919921875 0.0643463134765625 0.140884399414062
0.093170166015625 0.1807861328125 0.078094482421875 0.112648010253906
0.167922973632813 0.066436767578125 0.112686157226563 0.0526123046875
0.144821166992188 -0.042388916015625 0.0806655883789063 -0.0050201416015625
0.0760116577148437 -0.131782531738281 0.040191650390625 -0.0332565307617188
0.00112915039062499 -0.140426635742188 0.00712394714355469 -0.0200290679931641
-0.00569915771484374 -0.130584716796875 -3.71932983398446E-05 0.011138916015625
-0.01507568359375 -0.149017333984375 0.0054931640625 0.0418472290039062
0.019256591796875 -0.148666381835938 -0.0223159790039063 0.0491294860839844
0.0966033935546875 -0.117057800292969 -0.0414657592773438 0.0567741394042969
0.142776489257813 -0.0484619140625 -0.0534095764160156 0.0159416198730469
0.139846801757812 0.0945510864257812 -0.0479049682617187 -0.0255851745605469
0.0799407958984375 0.174468994140625 0.0113010406494141 -0.0172529220581055
-0.015838623046875 0.190505981445313 -0.00164794921875001 0.0755996704101563
-0.0924758911132812 0.134124755859375 0.0726318359375 0.15777587890625
-0.0411834716796875 0.162246704101562 0.0451812744140625 0.18115234375
0.044097900390625 0.161758422851563 0.0589141845703125 0.12384033203125
0.130203247070313 0.0766754150390625 0.0793685913085938 0.0702972412109375
0.126548767089844 -0.0225906372070313 0.0556449890136719 0.0276603698730469
0.0726089477539062 -0.109794616699219 0.0338993072509766 0.0139636993408203
0.007171630859375 -0.1214599609375 0.0192394256591797 0.0285110473632812
-0.00138092041015624 -0.114265441894531 0.0183296203613281 0.0530662536621094
-0.0093841552734375 -0.132720947265625 0.0196075439453125 0.082427978515625
0.02142333984375 -0.132240295410156 -0.0159683227539063 0.089141845703125
0.090301513671875 -0.100982666015625 -0.04412841796875 0.085418701171875
0.129585266113281 -0.034423828125 -0.0616912841796875 0.0352783203125
0.113906860351563 0.099639892578125 -0.0512657165527344 -0.01556396484375
0.0429229736328125 0.161163330078125 0.0191173553466797 0.011993408203125
-0.049163818359375 0.152236938476563 -0.019012451171875 0.129913330078125
-0.09893798828125 0.0500869750976562 0.041748046875 0.189132690429688
-0.0669708251953125 0.0895309448242188 0.0300750732421875 0.194366455078125
-0.0039825439453125 0.109504699707031 0.044036865234375 0.118888854980469
0.0729141235351563 0.0677413940429688 0.051116943359375 0.07733154296875
0.084625244140625 -0.000732421875 0.0345268249511719 0.0490036010742187
0.0573234558105469 -0.0700569152832031 0.0257225036621094 0.0487709045410156
0.0102920532226563 -0.0841827392578125 0.0295333862304688 0.0666046142578125
0.00327301025390625 -0.0814971923828125 0.03509521484375 0.0858993530273438
-0.00198364257812501 -0.0970687866210938 0.0309524536132812 0.115264892578125
0.0196990966796875 -0.0996170043945313 -0.0137405395507813 0.124374389648437
0.073974609375 -0.0723648071289063 -0.050506591796875 0.109565734863281
0.102020263671875 -0.0171737670898438 -0.0736236572265625 0.0487823486328125
0.0742950439453125 0.0919876098632813 -0.0561370849609375 -0.00934219360351563
-0.000404357910156249 0.127639770507813 0.0142402648925781 0.0376701354980469
-0.0774612426757812 0.094451904296875 -0.0485992431640625 0.169631958007813
0.0745468139648437 -0.00992584228515625 0.0489044189453125 -0.184738159179688
0.0275421142578125 -0.0743408203125 0.00403594970703125 -0.0549087524414063
-0.0407829284667969 -0.0521278381347656 0.0591239929199219 0.00802993774414062
-0.0590476989746094 -0.00144195556640624 0.104461669921875 -0.0492019653320313
-0.0378265380859375 0.0376472473144531 0.0617446899414062 -0.118888854980469
-0.0066680908203125 0.0525588989257812 -0.00488281249999999 -0.152313232421875
-0.00136566162109375 0.04071044921875 -0.0531005859375 -0.139320373535156
-0.00954055786132812 0.03955078125 -0.0548934936523438 -0.104331970214844
-0.0184745788574219 0.0407905578613281 -0.0444564819335938 -0.0840377807617187
-0.0352668762207031 0.0184516906738281 -0.0321273803710938 -0.0683746337890625
-0.0397911071777344 -0.0165443420410156 -0.0297660827636719 -0.0625267028808594
-0.0110626220703125 -0.0475311279296875 -0.03802490234375 -0.0814895629882813
0.0473594665527344 -0.0493278503417969 -0.0318679809570313 -0.122283935546875
0.0856170654296875 -0.0093536376953125 -0.0330810546875 -0.183990478515625
0.0852584838867188 0.0364303588867188 -0.0191497802734375 -0.189224243164062
0.0711898803710938 0.0725479125976563 0.08062744140625 -0.17510986328125
0.0652885437011719 -0.00905609130859375 0.0247383117675781 -0.0516128540039063
0.01995849609375 -0.0161952972412109 0.07147216796875 0.0148696899414062
-0.00028514862060547 -0.0113325119018555 0.12109375 -0.0527496337890625
-0.00165891647338867 0.00103175640106201 0.0788421630859375 -0.122932434082031
-0.00124490261077881 -0.00122082233428955 0.00344848632812499 -0.162139892578125
-0.00898361206054687 -0.0134515762329102 -0.0555267333984375 -0.144943237304688
-0.0163650512695313 -0.0115547180175781 -0.0587005615234375 -0.105117797851563
-0.0199108123779297 -0.0162887573242188 -0.0425872802734375 -0.0848464965820313
-0.0174617767333984 -0.0322341918945313 -0.0343170166015625 -0.0704727172851563
0.00706100463867187 -0.0473899841308594 -0.031494140625 -0.0539894104003906
0.0487251281738281 -0.043914794921875 -0.0342788696289063 -0.0710296630859375
0.0871200561523437 0.00751495361328125 -0.0393218994140625 -0.101333618164063
0.101669311523438 0.0637054443359375 -0.0345306396484375 -0.153778076171875
0.0769119262695313 0.111183166503906 -0.00935363769531251 -0.160690307617187
0.0546112060546875 0.148956298828125 0.113525390625 -0.136764526367188
0.0823287963867188 0.0672454833984375 0.0495033264160156 -0.0227508544921875
0.0750732421875 0.0313644409179688 0.0883865356445313 0.0290756225585938
0.0652732849121094 -0.011962890625 0.138252258300781 -0.0424575805664062
0.0426750183105469 -0.0355339050292969 0.0917816162109375 -0.113929748535156
0.0152244567871094 -0.0578422546386719 0.0129852294921875 -0.154190063476563
-0.0148277282714844 -0.0651206970214844 -0.044677734375 -0.137901306152344
-0.0188980102539063 -0.0610618591308594 -0.0528106689453125 -0.092803955078125
-0.0228729248046875 -0.0719223022460938 -0.040679931640625 -0.0675468444824219
-0.000160217285156259 -0.0841751098632813 -0.0388946533203125 -0.0552635192871094
0.0468597412109375 -0.0776519775390625 -0.0377082824707031 -0.0383071899414063
0.0912857055664063 -0.0493545532226562 -0.0369758605957031 -0.0515899658203125
0.121742248535156 0.0418777465820313 -0.0471725463867187 -0.0809478759765625
0.117485046386719 0.117118835449219 -0.0310745239257813 -0.121467590332031
0.0667877197265625 0.167282104492188 -0.00124359130859375 -0.114875793457031
0.0218505859375 0.20721435546875 0.126190185546875 -0.0735702514648437
0.0820236206054688 0.139533996582031 0.0662574768066406 0.0231781005859375
0.117111206054688 0.0932540893554688 0.0984878540039063 0.0586700439453125
0.130950927734375 -0.0014801025390625 0.144027709960937 -0.0179901123046875
0.0933914184570313 -0.0600967407226563 0.100967407226563 -0.08660888671875
0.0350265502929687 -0.105316162109375 0.0280227661132813 -0.129058837890625
-0.0171432495117187 -0.108314514160156 -0.031890869140625 -0.108734130859375
-0.0186386108398437 -0.100898742675781 -0.0396537780761719 -0.0633087158203125
-0.0265960693359375 -0.114639282226563 -0.0300254821777344 -0.0372734069824219
0.00409698486328126 -0.121986389160156 -0.0371971130371094 -0.0250740051269531
0.0719528198242187 -0.105667114257813 -0.0405044555664062 -0.00777053833007813
0.124244689941406 -0.0614013671875 -0.04388427734375 -0.0269508361816406
0.148468017578125 0.05841064453125 -0.0514411926269531 -0.0587425231933594
0.125335693359375 0.143234252929688 -0.0238189697265625 -0.0840682983398438
0.0526123046875 0.198379516601563 0.00231552124023438 -0.0565223693847656
-0.017120361328125 0.22186279296875 0.124771118164062 0.00976562500000001
0.056488037109375 0.19085693359375 0.0762252807617188 0.0807952880859375
0.129837036132813 0.146163940429688 0.0955657958984375 0.0872344970703125
0.169815063476563 0.0258026123046875 0.135948181152344 0.0199203491210937
0.130287170410156 -0.0636215209960938 0.0955429077148438 -0.0489120483398438
0.05145263671875 -0.132461547851563 0.0361480712890625 -0.08514404296875
-0.0141372680664063 -0.134162902832031 -0.0100631713867187 -0.0675926208496094
-0.0172882080078125 -0.127189636230469 -0.0223045349121094 -0.0289287567138672
-0.02789306640625 -0.13995361328125 -0.0140342712402344 0.00131797790527343
0.00718688964843751 -0.145675659179688 -0.0327720642089844 0.00959205627441406
0.0845413208007813 -0.120864868164063 -0.0401496887207031 0.0242347717285156
0.135665893554688 -0.0658416748046875 -0.0494956970214844 -0.00108718872070314
0.1556396484375 0.0702667236328125 -0.0525436401367188 -0.0394515991210937
0.119338989257813 0.16455078125 -0.00491714477539062 -0.0487518310546875
0.0305633544921875 0.205856323242188 0.00576591491699219 0.00973606109619142
-0.058013916015625 0.201705932617188 0.105438232421875 0.0918045043945313
0.013946533203125 0.2010498046875 0.0687637329101563 0.136428833007812
0.102676391601563 0.17462158203125 0.0864486694335938 0.112213134765625
0.172393798828125 0.054473876953125 0.113662719726563 0.0480728149414063
0.14068603515625 -0.051605224609375 0.0832977294921875 -0.00746917724609375
0.0657882690429688 -0.136505126953125 0.0405616760253906 -0.03759765625
-0.00699615478515626 -0.139656066894531 0.0060577392578125 -0.0212345123291016
-0.0129470825195312 -0.127647399902344 -0.00284767150878906 0.0133285522460937
-0.0254058837890625 -0.147262573242188 0.0065155029296875 0.0417289733886719
0.0101470947265625 -0.149734497070313 -0.022186279296875 0.054473876953125
0.0880889892578125 -0.124671936035156 -0.0377426147460938 0.0608177185058594
0.142227172851562 -0.058502197265625 -0.0517120361328125 0.0182952880859375
0.146484375 0.0831451416015625 -0.0489425659179687 -0.0266685485839844
0.0936279296875 0.16656494140625 0.0111827850341797 -0.0201034545898437
-0.00634765625000001 0.191024780273438 0.000648498535156249 0.0724716186523438
-0.08343505859375 0.142257690429688 0.07928466796875 0.152664184570313
-0.03216552734375 0.161849975585938 0.0559234619140625 0.175857543945313
0.053955078125 0.159576416015625 0.0636444091796875 0.12188720703125
0.136070251464844 0.066864013671875 0.0827789306640625 0.0679855346679688
0.123970031738281 -0.0294342041015625 0.0580940246582031 0.024932861328125
0.0631332397460938 -0.113227844238281 0.0340042114257813 0.0124568939208984
-0.00153350830078125 -0.123603820800781 0.0221939086914063 0.0296630859375
-0.0065155029296875 -0.110832214355469 0.0204505920410156 0.04913330078125
-0.0209274291992187 -0.133499145507813 0.02362060546875 0.0811843872070312
0.012359619140625 -0.131614685058594 -0.0135726928710937 0.0923004150390625
0.0817794799804687 -0.1083984375 -0.0392379760742187 0.0883712768554688
0.124687194824219 -0.0440902709960938 -0.0591278076171875 0.0358238220214844
0.119209289550781 0.0899810791015625 -0.0521812438964844 -0.0169830322265625
0.05572509765625 0.15618896484375 0.0170116424560547 0.00806522369384767
-0.0366363525390625 0.155807495117188 -0.0131988525390625 0.131736755371094
-0.0934677124023438 0.0554428100585938 0.052520751953125 0.184722900390625
-0.0588226318359375 0.0967559814453125 0.0380706787109375 0.193954467773438
0.00450134277343751 0.107276916503906 0.0460891723632813 0.117835998535156
0.0772857666015625 0.06219482421875 0.0545425415039063 0.077911376953125
0.08404541015625 -0.007110595703125 0.0396003723144531 0.0445709228515625
0.050445556640625 -0.07196044921875 0.0278816223144531 0.0458259582519531
0.001708984375 -0.0860061645507813 0.029998779296875 0.0644149780273438
-0.00250244140625 -0.0789871215820312 0.0350799560546875 0.08428955078125
-0.0096435546875 -0.0948333740234375 0.0378494262695312 0.110343933105469
0.0128402709960938 -0.0994338989257813 -0.00656890869140625 0.125617980957031
0.0694656372070313 -0.0793914794921875 -0.0475006103515625 0.112068176269531
0.100296020507813 -0.0226974487304688 -0.0730743408203125 0.0495529174804688
0.0831527709960938 0.0847091674804687 -0.0547981262207031 -0.00865936279296874
0.00711822509765624 0.125999450683594 0.0165843963623047 0.0335445404052734
-0.0718841552734375 0.0988388061523438 -0.037841796875 0.171279907226563
0.072601318359375 -0.01263427734375 0.0409393310546875 -0.185379028320313
0.0239639282226562 -0.0740509033203125 0.000743865966796874 -0.0543479919433594
-0.0403938293457031 -0.0480575561523438 0.0596351623535156 0.00890731811523437
-0.0581512451171875 0.00344848632812499 0.103347778320313 -0.0545196533203125
-0.0362052917480469 0.0390090942382812 0.0611038208007813 -0.120285034179688
-0.00516891479492188 0.0524215698242188 -0.00971984863281249 -0.150833129882813
0.00179672241210938 0.0396957397460938 -0.056884765625 -0.135406494140625
-0.00757980346679687 0.0378379821777344 -0.0573806762695312 -0.100250244140625
-0.0142936706542969 0.0406723022460938 -0.0455703735351563 -0.0809783935546875
-0.0327930450439453 0.0210323333740234 -0.0344085693359375 -0.0655860900878906
-0.0385055541992188 -0.0128135681152344 -0.0355110168457031 -0.0617256164550781
-0.01141357421875 -0.0453109741210938 -0.038604736328125 -0.0817031860351562
0.046661376953125 -0.0479850769042969 -0.0331039428710938 -0.12200927734375
0.0832138061523438 -0.0139312744140625 -0.0352325439453125 -0.18096923828125
0.0855941772460938 0.0333099365234375 -0.023590087890625 -0.188919067382812
0.07244873046875 0.0683059692382813 0.075775146484375 -0.1787109375
0.0612030029296875 -0.0121498107910156 0.0231704711914063 -0.0492515563964844
0.0173759460449219 -0.0186672210693359 0.072296142578125 0.014251708984375
0.00014019012451172 -0.0114955902099609 0.120292663574219 -0.0542449951171875
-0.00139832496643066 -2.36034393310548E-05 0.0757064819335938 -0.12396240234375
0.00183069705963135 -0.00190436840057373 -0.00283813476562501 -0.160308837890625
-0.0100011825561523 -0.0123519897460937 -0.05804443359375 -0.141250610351563
-0.0138692855834961 -0.0120029449462891 -0.0604095458984375 -0.101730346679687
-0.0186386108398437 -0.0158538818359375 -0.0479583740234375 -0.0808334350585938
-0.0149955749511719 -0.0319004058837891 -0.0374755859375 -0.0673408508300781
0.00743865966796875 -0.0459098815917969 -0.0357933044433594 -0.0539703369140625
0.0451126098632813 -0.0425872802734375 -0.0369606018066406 -0.0700531005859375
0.0846786499023438 0.00386810302734375 -0.0396804809570312 -0.102699279785156
0.10186767578125 0.0593795776367187 -0.0353851318359375 -0.154617309570313
0.0788803100585937 0.108345031738281 -0.011749267578125 -0.163909912109375
0.0576324462890625 0.145217895507813 0.10565185546875 -0.141632080078125
0.0836944580078125 0.0642013549804688 0.0467491149902344 -0.0247764587402344
0.0766372680664063 0.0294723510742188 0.0880126953125 0.031585693359375
0.0668449401855469 -0.0159568786621094 0.135086059570312 -0.0435104370117187
0.0430030822753906 -0.0375328063964844 0.0904541015625 -0.114021301269531
0.0133819580078125 -0.058197021484375 0.0096588134765625 -0.154006958007812
-0.0184783935546875 -0.0640182495117188 -0.050384521484375 -0.132865905761719
-0.0207176208496094 -0.0612525939941406 -0.056854248046875 -0.087493896484375
-0.0254402160644531 -0.0700912475585937 -0.0435523986816406 -0.063995361328125
-0.00473785400390624 -0.0810470581054687 -0.0415000915527344 -0.0524406433105469
0.04400634765625 -0.078125 -0.0402412414550781 -0.0346755981445313
0.089935302734375 -0.050994873046875 -0.0403518676757812 -0.0529518127441406
0.121330261230469 0.0374984741210938 -0.04766845703125 -0.0798721313476563
0.119682312011719 0.11077880859375 -0.0337753295898437 -0.12109375
0.0705413818359375 0.164581298828125 -0.00476074218749998 -0.116279602050781
0.028045654296875 0.201553344726563 0.121803283691406 -0.0757598876953125
0.0842437744140625 0.136634826660156 0.06689453125 0.0201797485351563
0.12158203125 0.0876235961914063 0.0973968505859375 0.0561141967773438
0.129684448242188 -0.00432586669921875 0.143096923828125 -0.019256591796875
0.0882339477539063 -0.0623855590820313 0.0988235473632813 -0.0878219604492188
0.02960205078125 -0.106643676757813 0.024139404296875 -0.127937316894531
-0.0213699340820313 -0.107070922851563 -0.0347137451171875 -0.106758117675781
-0.0236282348632813 -0.0991592407226563 -0.0426826477050781 -0.061370849609375
-0.03057861328125 -0.112800598144531 -0.0316867828369141 -0.034933090209961
-0.000450134277343752 -0.119697570800781 -0.0389938354492188 -0.0236396789550781
0.065643310546875 -0.108711242675781 -0.0419731140136719 -0.00550079345703126
0.120002746582031 -0.0642852783203125 -0.0454673767089844 -0.0290641784667969
0.148529052734375 0.0544891357421875 -0.0525093078613281 -0.0579833984375
0.130096435546875 0.14056396484375 -0.0230712890625 -0.0865020751953125
0.0571136474609375 0.195526123046875 0.00040054321289063 -0.058074951171875
-0.0107421875 0.222213745117188 0.124862670898438 0.00463867187500001
0.059234619140625 0.188522338867188 0.0765228271484375 0.0778045654296875
0.133613586425781 0.140151977539063 0.09649658203125 0.08441162109375
0.16949462890625 0.020050048828125 0.136383056640625 0.0145416259765625
0.125892639160156 -0.0700302124023438 0.0947952270507813 -0.0506439208984375
0.0478057861328125 -0.134086608886719 0.0334243774414062 -0.0874862670898438
-0.0184478759765625 -0.135139465332031 -0.0152130126953125 -0.0680122375488281
-0.0228271484375 -0.123146057128906 -0.0237007141113281 -0.0255374908447266
-0.0342941284179688 -0.139625549316406 -0.0137090682983398 0.00222587585449218
0.000518798828125011 -0.14300537109375 -0.03204345703125 0.0133113861083984
0.0782928466796875 -0.126319885253906 -0.0403289794921875 0.0261344909667969
0.135124206542969 -0.0702743530273438 -0.049713134765625 -0.00561523437500001
0.156875610351562 0.0656280517578125 -0.0527114868164062 -0.0393562316894531
0.124755859375 0.156768798828125 -0.00629043579101561 -0.0530319213867187
0.034149169921875 0.20355224609375 0.00465679168701172 0.00649261474609376
-0.047821044921875 0.202392578125 0.109794616699219 0.0838699340820313
0.01776123046875 0.197128295898438 0.0719680786132813 0.133720397949219
0.109512329101563 0.169525146484375 0.0843734741210938 0.109642028808594
0.173049926757813 0.0480194091796875 0.112823486328125 0.0449905395507813
0.138336181640625 -0.0575790405273438 0.0799407958984375 -0.009033203125
0.0571517944335938 -0.137298583984375 0.0391311645507813 -0.037139892578125
-0.0123519897460938 -0.139572143554688 0.00401496887207031 -0.0197658538818359
-0.0198211669921875 -0.127632141113281 -0.000401496887207032 0.013427734375
-0.031890869140625 -0.144485473632813 0.00709152221679687 0.0424690246582031
0.000183105468749992 -0.146820068359375 -0.0199470520019531 0.05389404296875
0.0819320678710938 -0.125938415527344 -0.037689208984375 0.0584793090820312
0.135551452636719 -0.064178466796875 -0.0529899597167969 0.0157966613769531
0.14642333984375 0.076446533203125 -0.0509567260742187 -0.0255393981933594
0.0977783203125 0.161880493164063 0.00939750671386719 -0.0225982666015625
0.0015716552734375 0.189437866210938 0.0032806396484375 0.0716629028320313
-0.075653076171875 0.14178466796875 0.0841522216796875 0.150039672851563
-0.0258026123046875 0.161102294921875 0.058685302734375 0.173568725585938
0.0611572265625 0.155731201171875 0.065216064453125 0.119659423828125
0.136177062988281 0.0618820190429688 0.0815582275390625 0.0670013427734375
0.120277404785156 -0.0361251831054688 0.0577316284179688 0.02471923828125
0.0585174560546875 -0.11639404296875 0.0360641479492188 0.00946807861328124
-0.00644683837890625 -0.119918823242188 0.0201892852783203 0.0263423919677734
-0.0135421752929688 -0.1116943359375 0.0202751159667969 0.0505294799804688
-0.0246810913085937 -0.128936767578125 0.0253448486328125 0.0791091918945312
0.00485992431640626 -0.131340026855469 -0.0106735229492188 0.0917282104492187
0.0765228271484375 -0.109321594238281 -0.0371246337890625 0.087982177734375
0.124008178710938 -0.0483169555664063 -0.0596084594726563 0.0360488891601563
0.121795654296875 0.0841827392578125 -0.0518379211425781 -0.0161895751953125
0.0579071044921875 0.1507568359375 0.0184116363525391 0.0074901580810547
-0.035003662109375 0.15435791015625 -0.0089263916015625 0.127578735351563
-0.0882568359375 0.0597991943359375 0.0579833984375 0.185211181640625
-0.056976318359375 0.0940170288085938 0.040985107421875 0.188446044921875
0.00817108154296875 0.108650207519531 0.0502090454101563 0.117721557617187
0.0793609619140625 0.0572433471679688 0.0562820434570313 0.07598876953125
0.0819473266601563 -0.01092529296875 0.03863525390625 0.045196533203125
0.0445327758789062 -0.074951171875 0.0314865112304687 0.0431175231933594
-0.000137329101562503 -0.0825729370117188 0.0341911315917969 0.0625801086425781
-0.00699615478515624 -0.0792617797851563 0.03851318359375 0.0808486938476563
-0.0135726928710938 -0.0944747924804688 0.0404205322265625 0.109573364257812
0.00689697265625 -0.0979080200195312 -0.0037078857421875 0.123886108398437
0.0630340576171875 -0.081085205078125 -0.0403976440429687 0.112403869628906
0.0992050170898438 -0.0284347534179688 -0.0684127807617188 0.0512313842773438
0.0847244262695313 0.0807723999023438 -0.0566635131835937 -0.00738525390625001
0.0148162841796875 0.123550415039063 0.0164966583251953 0.0329303741455078
-0.0667572021484375 0.100250244140625 -0.03167724609375 0.168914794921875
0.0708770751953125 -0.0140914916992188 0.03765869140625 -0.186843872070313
0.021484375 -0.0740509033203125 -0.00176239013671875 -0.0531578063964844
-0.0407752990722656 -0.0482025146484375 0.0607452392578125 0.0105781555175781
-0.0567054748535156 0.0045318603515625 0.104080200195313 -0.0549240112304688
-0.0342369079589844 0.0390777587890625 0.06195068359375 -0.121414184570313
-0.00397491455078125 0.0523338317871094 -0.010650634765625 -0.1507568359375
0.00397872924804688 0.0384712219238281 -0.0588531494140625 -0.134506225585938
-0.0053863525390625 0.0392684936523438 -0.0577163696289062 -0.0991134643554688
-0.0120773315429688 0.0407676696777344 -0.0476608276367188 -0.0797500610351563
-0.0305900573730469 0.021484375 -0.0349693298339844 -0.0652275085449219
-0.0380401611328125 -0.0123329162597656 -0.0377769470214844 -0.0617942810058594
-0.0123138427734375 -0.0442619323730469 -0.0405731201171875 -0.0832443237304688
0.0442543029785156 -0.0482711791992188 -0.03192138671875 -0.124313354492188
0.082122802734375 -0.014068603515625 -0.035552978515625 -0.182723999023438
0.0862503051757813 0.0316696166992188 -0.024810791015625 -0.192489624023438
0.072662353515625 0.0687942504882813 0.072113037109375 -0.180526733398438
0.0590553283691406 -0.0118980407714844 0.0204010009765625 -0.0492630004882813
0.0189208984375 -0.0172519683837891 0.0732421875 0.0159225463867188
0.00031566619873047 -0.0108709335327148 0.120574951171875 -0.0545501708984375
-3.72529029846194E-06 -0.000528931617736816 0.0760726928710938 -0.124565124511719
0.00143289566040039 -0.00274920463562012 -0.00363159179687501 -0.160552978515625
-0.0104656219482422 -0.0133571624755859 -0.060272216796875 -0.141510009765625
-0.0137710571289062 -0.0123367309570313 -0.0619354248046875 -0.100166320800781
-0.0188198089599609 -0.0168895721435547 -0.0505752563476563 -0.0798797607421875
-0.0148200988769531 -0.0322990417480469 -0.0397148132324219 -0.0667381286621094
0.00807571411132813 -0.0447998046875 -0.03851318359375 -0.0549697875976563
0.0449028015136719 -0.0432319641113281 -0.0387115478515625 -0.0728912353515625
0.0844039916992187 0.00395965576171875 -0.0385055541992187 -0.104904174804688
0.102218627929688 0.0587844848632813 -0.0352630615234375 -0.157257080078125
0.0805740356445313 0.108795166015625 -0.0139617919921875 -0.165969848632813
0.05853271484375 0.144989013671875 0.102035522460938 -0.143295288085938
0.0823516845703125 0.0628738403320312 0.04559326171875 -0.0243606567382812
0.0785980224609375 0.0293731689453125 0.0882110595703125 0.032470703125
0.0671653747558594 -0.0157241821289063 0.13555908203125 -0.0428848266601563
0.0430793762207031 -0.0385246276855469 0.0900497436523438 -0.113975524902344
0.0116767883300781 -0.0598411560058594 0.00898742675781251 -0.153701782226563
-0.0191574096679688 -0.0652122497558594 -0.05230712890625 -0.132171630859375
-0.0207023620605469 -0.0608367919921875 -0.0576858520507813 -0.0862350463867188
-0.0265884399414063 -0.070556640625 -0.0455474853515625 -0.0635643005371094
-0.00506591796875001 -0.0811614990234375 -0.0437088012695312 -0.0509033203125
0.042755126953125 -0.079833984375 -0.042724609375 -0.0350227355957031
0.0897750854492188 -0.0530242919921875 -0.0439605712890625 -0.0555381774902344
0.121856689453125 0.0360488891601563 -0.0472793579101563 -0.082672119140625
0.121414184570312 0.110122680664062 -0.0341110229492187 -0.123458862304687
0.07281494140625 0.164215087890625 -0.00677490234375001 -0.119476318359375
0.0294036865234375 0.201263427734375 0.121070861816406 -0.0791015625
0.0846405029296875 0.136032104492188 0.0656318664550781 0.0197677612304688
0.123863220214844 0.087371826171875 0.0967941284179688 0.0580368041992188
0.130790710449219 -0.006927490234375 0.143356323242188 -0.0180816650390625
0.0892333984375 -0.0646896362304687 0.0983810424804688 -0.0868911743164063
0.0275039672851562 -0.107513427734375 0.0224761962890625 -0.128326416015625
-0.022674560546875 -0.107673645019531 -0.0363388061523438 -0.106040954589844
-0.024993896484375 -0.0994949340820313 -0.0443840026855469 -0.059478759765625
-0.033599853515625 -0.112846374511719 -0.0335750579833984 -0.0342502593994141
-0.002899169921875 -0.119796752929687 -0.0413894653320313 -0.0213737487792969
0.064727783203125 -0.110069274902344 -0.0443916320800781 -0.00582504272460938
0.119400024414063 -0.0664443969726563 -0.0491065979003906 -0.0312995910644531
0.149093627929688 0.0533905029296875 -0.0532073974609375 -0.0603523254394531
0.132904052734375 0.139297485351563 -0.02374267578125 -0.08892822265625
0.05889892578125 0.196395874023438 -0.000831604003906246 -0.0601081848144531
-0.00758361816406249 0.222793579101563 0.12335205078125 0.000953674316406264
0.0613555908203125 0.187286376953125 0.0750045776367188 0.0763931274414063
0.136856079101563 0.140899658203125 0.0952682495117188 0.0866775512695313
0.172210693359375 0.01708984375 0.135848999023437 0.015167236328125
0.125167846679688 -0.0718536376953125 0.09576416015625 -0.0491790771484375
0.0446014404296875 -0.135856628417969 0.0344619750976562 -0.0879974365234375
-0.0220947265625 -0.133522033691406 -0.0165863037109375 -0.0662384033203125
-0.0258941650390625 -0.123153686523437 -0.0255279541015625 -0.0238628387451172
-0.0379409790039062 -0.139251708984375 -0.0151891708374023 0.00315856933593749
-0.00299072265625001 -0.143081665039063 -0.0331039428710938 0.0161552429199219
0.0756072998046875 -0.128181457519531 -0.0419197082519531 0.0288467407226562
0.132926940917969 -0.0734176635742188 -0.0515594482421875 -0.00704956054687502
0.159011840820313 0.0637969970703125 -0.0541000366210937 -0.0416336059570313
0.126678466796875 0.154922485351563 -0.00693893432617187 -0.0552101135253906
0.0361785888671875 0.205322265625 0.00380611419677735 0.00505542755126954
-0.0457611083984375 0.203338623046875 0.109237670898438 0.0836715698242188
0.0202484130859375 0.197525024414062 0.0705718994140625 0.132888793945313
0.112625122070313 0.167984008789063 0.0833587646484375 0.110603332519531
0.174591064453125 0.0430755615234375 0.113121032714844 0.0472793579101563
0.138053894042969 -0.0605087280273437 0.0804672241210938 -0.007537841796875
0.0548171997070313 -0.139297485351563 0.0379066467285156 -0.0382957458496094
-0.0167160034179688 -0.138786315917969 0.00331687927246094 -0.0188941955566406
-0.0222396850585937 -0.12713623046875 -0.00228023529052734 0.0149211883544922
-0.035491943359375 -0.145248413085938 0.0060272216796875 0.0429229736328125
-0.00183105468750001 -0.146743774414063 -0.0218963623046875 0.0557708740234375
0.0801162719726562 -0.1295166015625 -0.03875732421875 0.0603065490722656
0.134780883789063 -0.0678558349609375 -0.0555381774902344 0.0160903930664063
0.150543212890625 0.0748443603515625 -0.052490234375 -0.0286712646484375
0.100906372070313 0.159271240234375 0.00902748107910157 -0.0246753692626953
0.00402832031250002 0.191146850585938 0.00336074829101563 0.0693893432617188
-0.0731658935546875 0.144485473632813 0.085540771484375 0.149078369140625
-0.0226287841796875 0.161834716796875 0.0577239990234375 0.173736572265625
0.0639190673828125 0.155364990234375 0.0642318725585937 0.121665954589844
0.138961791992188 0.0587081909179687 0.0826492309570313 0.068603515625
0.121307373046875 -0.0377578735351563 0.05828857421875 0.0264968872070312
0.0541000366210938 -0.117401123046875 0.0362510681152344 0.00854873657226562
-0.0090179443359375 -0.12066650390625 0.0204696655273438 0.0273704528808594
-0.0167083740234375 -0.111572265625 0.0202445983886719 0.0516815185546875
-0.0277557373046875 -0.129447937011719 0.0262680053710937 0.0799331665039062
0.00127410888671876 -0.131584167480469 -0.0104751586914062 0.0930099487304687
0.0749053955078125 -0.1123046875 -0.0375289916992188 0.0897369384765625
0.123146057128906 -0.052398681640625 -0.0614166259765625 0.03497314453125
0.124885559082031 0.08251953125 -0.0538101196289062 -0.0172538757324219
0.061737060546875 0.150741577148438 0.0178985595703125 0.0046062469482422
-0.032501220703125 0.156204223632813 -0.0074462890625 0.12628173828125
-0.0860977172851563 0.0614776611328125 0.059234619140625 0.185028076171875
-0.05462646484375 0.0949859619140625 0.0422821044921875 0.190109252929687
0.0108489990234375 0.108642578125 0.0488967895507812 0.119903564453125
0.080963134765625 0.054779052734375 0.0568466186523438 0.0789031982421875
0.081207275390625 -0.0139541625976563 0.0403213500976563 0.0467033386230469
0.0420989990234375 -0.0769271850585938 0.0324058532714844 0.0427474975585937
-0.00253295898437499 -0.082916259765625 0.0340347290039062 0.0616188049316406
-0.00852203369140624 -0.0786972045898438 0.0391616821289063 0.0814132690429688
-0.0165481567382813 -0.0952301025390625 0.0416107177734375 0.1107177734375
0.00454711914062501 -0.09747314453125 -0.0030975341796875 0.125579833984375
0.061798095703125 -0.08270263671875 -0.0412216186523437 0.112876892089844
0.098388671875 -0.0310211181640625 -0.0710983276367188 0.05120849609375
0.0861587524414063 0.079345703125 -0.0583000183105469 -0.00861740112304686
0.0161666870117187 0.12213134765625 0.0158462524414062 0.0301589965820313
-0.0653610229492188 0.101150512695313 -0.0298919677734375 0.169540405273438
0.0709686279296875 -0.014404296875 0.035552978515625 -0.192047119140625
0.02044677734375 -0.0760650634765625 -0.00385284423828125 -0.0529861450195313
-0.0416603088378906 -0.0477066040039062 0.0625 0.0125312805175781
-0.0579833984375 0.00675582885742187 0.107452392578125 -0.0562515258789063
-0.03399658203125 0.0402030944824219 0.0634536743164063 -0.124786376953125
-0.00191879272460938 0.0531425476074219 -0.0119476318359375 -0.153533935546875
0.00480270385742187 0.0395545959472656 -0.0618896484375 -0.1376953125
-0.00342559814453125 0.0399513244628906 -0.060302734375 -0.101348876953125
-0.0105476379394531 0.0425186157226562 -0.0499801635742188 -0.0807418823242188
-0.0297431945800781 0.0226249694824219 -0.0367889404296875 -0.0670433044433594
-0.0378189086914063 -0.0105628967285156 -0.0407829284667969 -0.0635032653808594
-0.0126914978027344 -0.0443649291992188 -0.0426483154296875 -0.087158203125
0.043243408203125 -0.0492515563964844 -0.0313034057617188 -0.129676818847656
0.0834884643554688 -0.0150985717773438 -0.0361175537109375 -0.188766479492188
0.088470458984375 0.0311508178710937 -0.025909423828125 -0.19921875
0.0744552612304688 0.071014404296875 0.071258544921875 -0.185272216796875
0.0594596862792969 -0.0128555297851563 0.019073486328125 -0.0494346618652344
0.0201683044433594 -0.0177116394042969 0.076019287109375 0.0193710327148438
0.00122451782226563 -0.0106592178344727 0.123832702636719 -0.0559921264648438
0.000770270824432373 -0.0004730224609375 0.0776824951171875 -0.128273010253906
0.00107502937316895 -0.00322270393371582 -0.00469970703125002 -0.164108276367188
-0.00965499877929688 -0.0142316818237305 -0.06341552734375 -0.143722534179688
-0.0135622024536133 -0.0122966766357422 -0.065032958984375 -0.100631713867188
-0.019134521484375 -0.0166130065917969 -0.0530776977539062 -0.0800247192382813
-0.0147190093994141 -0.0323200225830078 -0.0433845520019531 -0.0673332214355469
0.00894546508789062 -0.044921875 -0.0422210693359375 -0.0564498901367187
0.045379638671875 -0.0438575744628906 -0.0415802001953125 -0.0771636962890625
0.085968017578125 0.0042724609375 -0.0376434326171875 -0.110389709472656
0.103927612304688 0.0601959228515625 -0.03607177734375 -0.1627197265625
0.0833740234375 0.111167907714844 -0.015106201171875 -0.172760009765625
0.0604248046875 0.149887084960937 0.10205078125 -0.148208618164063
0.0839614868164063 0.0640335083007813 0.043670654296875 -0.0245933532714844
0.081573486328125 0.0299301147460938 0.0907669067382813 0.0353012084960938
0.0695953369140625 -0.0169410705566406 0.139663696289063 -0.0433883666992188
0.0441703796386719 -0.0397872924804688 0.0923690795898437 -0.116279602050781
0.0112228393554687 -0.0616607666015625 0.00799560546874999 -0.157211303710938
-0.0204849243164063 -0.06695556640625 -0.0548248291015625 -0.134513854980469
-0.0220680236816406 -0.0622634887695313 -0.0604934692382812 -0.0862045288085938
-0.0281448364257813 -0.0715713500976562 -0.0480308532714844 -0.0634689331054688
-0.00650787353515625 -0.0832977294921875 -0.0470962524414062 -0.0507087707519531
0.0428619384765625 -0.0826339721679688 -0.0463600158691406 -0.0354957580566406
0.0918045043945313 -0.05499267578125 -0.047882080078125 -0.0586509704589844
0.124931335449219 0.0370559692382813 -0.0478744506835937 -0.0873794555664063
0.125389099121094 0.112022399902344 -0.0341644287109375 -0.128982543945313
0.074951171875 0.169204711914063 -0.0079345703125 -0.124382019042969
0.0315093994140625 0.206878662109375 0.122207641601563 -0.0826187133789062
0.0872650146484375 0.139007568359375 0.0643119812011719 0.0204391479492188
0.12890625 0.0887832641601563 0.0989303588867188 0.0615386962890625
0.134773254394531 -0.00914764404296875 0.147506713867188 -0.017791748046875
0.0908889770507813 -0.0679244995117188 0.101158142089844 -0.0889739990234375
0.0260467529296875 -0.110931396484375 0.023101806640625 -0.131340026855469
-0.0261917114257812 -0.110794067382813 -0.03875732421875 -0.106964111328125
-0.02728271484375 -0.101966857910156 -0.0476112365722656 -0.058807373046875
-0.0371170043945313 -0.11566162109375 -0.0356369018554688 -0.0336532592773438
-0.00498199462890624 -0.122482299804688 -0.0444755554199219 -0.02008056640625
0.0648651123046875 -0.114860534667969 -0.0473747253417969 -0.00481414794921876
0.121467590332031 -0.0705413818359375 -0.0531730651855469 -0.0341758728027344
0.154632568359375 0.0534515380859375 -0.0546531677246094 -0.0645523071289062
0.138137817382813 0.141921997070313 -0.024261474609375 -0.0931320190429687
0.0621185302734375 0.202011108398438 -0.0020904541015625 -0.0634193420410156
-0.00677490234374997 0.2294921875 0.125053405761719 -0.000541687011718736
0.06378173828125 0.190475463867188 0.0751266479492188 0.0774993896484375
0.1417236328125 0.143692016601563 0.0970230102539063 0.09149169921875
0.177291870117187 0.0153045654296875 0.139518737792969 0.016357421875
0.127418518066406 -0.0754852294921875 0.0983047485351563 -0.0492401123046875
0.04180908203125 -0.140281677246094 0.0338058471679688 -0.0891876220703125
-0.0248260498046875 -0.138015747070313 -0.0180091857910156 -0.0666885375976563
-0.0287399291992187 -0.126045227050781 -0.02752685546875 -0.0227870941162109
-0.0421905517578125 -0.142486572265625 -0.0164146423339844 0.00400447845458983
-0.006591796875 -0.14617919921875 -0.0361824035644531 0.0186080932617187
0.075469970703125 -0.134246826171875 -0.0445709228515625 0.0300521850585937
0.135932922363281 -0.0787200927734375 -0.0562248229980469 -0.00865554809570313
0.164566040039062 0.0637359619140625 -0.0564956665039062 -0.0450782775878906
0.131118774414063 0.15765380859375 -0.00843811035156249 -0.0594596862792969
0.039703369140625 0.210220336914063 0.00345134735107422 0.00329279899597169
-0.0442657470703125 0.208297729492188 0.111587524414063 0.0843582153320313
0.0225982666015625 0.201400756835938 0.071319580078125 0.135231018066406
0.1171875 0.172866821289063 0.0840682983398438 0.115562438964844
0.179000854492188 0.0418548583984375 0.115737915039063 0.04888916015625
0.140205383300781 -0.064208984375 0.0828170776367188 -0.00704193115234375
0.0529632568359375 -0.143951416015625 0.0387535095214844 -0.0392723083496094
-0.0199127197265625 -0.142822265625 0.00294303894042969 -0.0184497833251953
-0.025970458984375 -0.129371643066406 -0.00290966033935547 0.0168676376342773
-0.039886474609375 -0.147933959960938 0.00579071044921875 0.0445785522460937
-0.00544738769531252 -0.150650024414063 -0.0225677490234375 0.059539794921875
0.078216552734375 -0.134963989257813 -0.0407180786132812 0.0633087158203125
0.137420654296875 -0.0735244750976563 -0.0596809387207031 0.0152740478515625
0.155258178710938 0.074493408203125 -0.056060791015625 -0.0303230285644531
0.105682373046875 0.161346435546875 0.00916099548339845 -0.0271129608154297
0.00550842285156249 0.197479248046875 0.00355148315429688 0.0697135925292969
-0.0720672607421875 0.148590087890625 0.08734130859375 0.151718139648438
-0.0211944580078125 0.165847778320313 0.0581207275390625 0.17724609375
0.0677490234375 0.159469604492188 0.0653076171875 0.126823425292969
0.143875122070313 0.057647705078125 0.08404541015625 0.0719146728515625
0.123268127441406 -0.0412445068359375 0.0606765747070313 0.0278358459472656
0.05218505859375 -0.121246337890625 0.0374298095703125 0.00870513916015624
-0.0118942260742188 -0.123695373535156 0.0215396881103516 0.0276393890380859
-0.0194320678710938 -0.11419677734375 0.020721435546875 0.0540695190429687
-0.0328369140625 -0.132583618164063 0.0271835327148437 0.0830230712890625
-0.00148010253906249 -0.134010314941406 -0.011474609375 0.0970687866210937
0.074615478515625 -0.118110656738281 -0.038604736328125 0.0922088623046875
0.12542724609375 -0.0560836791992187 -0.0650634765625 0.0356636047363281
0.129531860351563 0.0822830200195313 -0.0565872192382812 -0.0186614990234375
0.064544677734375 0.152603149414063 0.0177764892578125 0.00278663635253907
-0.032073974609375 0.161956787109375 -0.00669860839843752 0.129585266113281
-0.0857772827148437 0.0637054443359375 0.0618743896484375 0.190643310546875
-0.0532379150390625 0.0972442626953125 0.04302978515625 0.19610595703125
0.0132217407226562 0.110610961914063 0.0495529174804688 0.12493896484375
0.083587646484375 0.054534912109375 0.0588531494140625 0.0824432373046875
0.083526611328125 -0.0170211791992188 0.0422821044921875 0.0486907958984375
0.0399398803710938 -0.0788726806640625 0.0346183776855469 0.0440406799316406
-0.00453186035156251 -0.0838546752929688 0.0365562438964844 0.0634765625
-0.0101165771484375 -0.0803451538085938 0.040283203125 0.0838088989257812
-0.01995849609375 -0.0975189208984375 0.0433425903320312 0.113174438476563
0.00215911865234375 -0.1004638671875 -0.00289154052734375 0.12994384765625
0.0614395141601563 -0.08673095703125 -0.0415191650390625 0.115821838378906
0.0995025634765625 -0.033843994140625 -0.0742340087890625 0.0525588989257813
0.0892715454101563 0.0793304443359375 -0.0611038208007812 -0.00981903076171873
0.0187530517578125 0.124824523925781 0.0164108276367188 0.0294685363769531
-0.0655288696289063 0.105171203613281 -0.0276641845703125 0.173370361328125
0.0725479125976562 -0.0158615112304687 0.0312347412109375 -0.200576782226563
0.018280029296875 -0.0796737670898438 -0.00629043579101562 -0.0531578063964844
-0.0437965393066406 -0.0479087829589844 0.0666007995605469 0.0145034790039062
-0.0584526062011719 0.00931167602539063 0.111434936523438 -0.0604324340820313
-0.0327072143554688 0.0432052612304687 0.0637283325195313 -0.131889343261719
-0.000404357910156248 0.0552177429199219 -0.0158538818359375 -0.159149169921875
0.0068359375 0.0404472351074219 -0.067535400390625 -0.141830444335938
-0.000915527343750002 0.0416183471679688 -0.06536865234375 -0.103202819824219
-0.00890350341796875 0.0442352294921875 -0.0547409057617187 -0.0824432373046875
-0.0291061401367187 0.0239048004150391 -0.040191650390625 -0.0687026977539063
-0.0389404296875 -0.00863647460937501 -0.0455589294433594 -0.0659446716308594
-0.0146942138671875 -0.0442047119140625 -0.04736328125 -0.0912933349609375
0.0426216125488281 -0.051544189453125 -0.0340957641601562 -0.136360168457031
0.0849990844726563 -0.0177154541015625 -0.0402374267578125 -0.19744873046875
0.0929107666015625 0.0297622680664063 -0.0317535400390625 -0.208953857421875
0.0784835815429688 0.0727081298828125 0.0679931640625 -0.196014404296875
0.0608482360839844 -0.0144119262695313 0.0170516967773438 -0.0508308410644531
0.0214576721191406 -0.0175323486328125 0.0807266235351563 0.0208053588867188
0.00189495086669922 -0.0101222991943359 0.128990173339844 -0.06048583984375
0.00166976451873779 -0.000957012176513672 0.0792465209960938 -0.135528564453125
0.00104904174804687 -0.00479602813720703 -0.00825500488281248 -0.169906616210938
-0.0108280181884766 -0.015498161315918 -0.069976806640625 -0.147323608398438
-0.0139255523681641 -0.0135717391967773 -0.07049560546875 -0.102607727050781
-0.0199432373046875 -0.0166130065917969 -0.0578536987304688 -0.0811767578125
-0.0157737731933594 -0.0327205657958984 -0.0472755432128906 -0.0682144165039063
0.00814437866210938 -0.0467033386230469 -0.0474967956542969 -0.0580978393554687
0.0468673706054688 -0.0460014343261719 -0.046722412109375 -0.081512451171875
0.0894241333007812 0.003662109375 -0.0405349731445313 -0.116752624511719
0.109710693359375 0.0597076416015625 -0.0398101806640625 -0.172012329101563
0.088714599609375 0.114356994628906 -0.0192413330078125 -0.182449340820312
0.065826416015625 0.155349731445313 0.10089111328125 -0.15765380859375
0.0884170532226563 0.0641937255859375 0.0431861877441406 -0.0257530212402344
0.0869903564453125 0.0303268432617188 0.0952911376953125 0.0381088256835938
0.0720672607421875 -0.0194854736328125 0.144744873046875 -0.0467529296875
0.0451164245605469 -0.0431098937988281 0.0943527221679688 -0.123237609863281
0.00945663452148438 -0.0654106140136719 0.00497436523437499 -0.163345336914063
-0.0238113403320313 -0.0706634521484375 -0.0609893798828125 -0.137496948242188
-0.0242919921875 -0.0648307800292969 -0.0656890869140625 -0.08673095703125
-0.0318832397460938 -0.0740585327148438 -0.0533294677734375 -0.0639572143554688
-0.00930023193359375 -0.0857772827148437 -0.0512962341308594 -0.0493545532226563
0.0426101684570313 -0.0866165161132813 -0.0508842468261719 -0.0362968444824219
0.0942153930664063 -0.0593185424804687 -0.0535850524902344 -0.0615386962890625
0.131950378417969 0.0363922119140625 -0.0513076782226562 -0.0925216674804688
0.133392333984375 0.113601684570313 -0.0377731323242188 -0.1365966796875
0.0825347900390625 0.175277709960938 -0.0120773315429688 -0.132156372070313
0.036865234375 0.214691162109375 0.122749328613281 -0.090362548828125
0.092529296875 0.142471313476563 0.0649604797363281 0.0199775695800781
0.136795043945313 0.0903854370117187 0.104476928710938 0.0645370483398438
0.14111328125 -0.01324462890625 0.153244018554688 -0.0203857421875
0.0930557250976563 -0.073486328125 0.104911804199219 -0.09344482421875
0.022705078125 -0.116813659667969 0.0210037231445313 -0.136428833007813
-0.0313491821289063 -0.115242004394531 -0.0435028076171875 -0.109725952148438
-0.0313491821289062 -0.105247497558594 -0.0516738891601563 -0.0581283569335938
-0.0430068969726562 -0.119125366210938 -0.0391349792480469 -0.0331878662109375
-0.00979614257812501 -0.1278076171875 -0.0484657287597656 -0.0169639587402344
0.0627670288085938 -0.122322082519531 -0.05145263671875 -0.00373077392578126
0.124244689941406 -0.0771865844726563 -0.0594978332519531 -0.0356903076171875
0.162261962890625 0.052032470703125 -0.05938720703125 -0.0685310363769531
0.146713256835938 0.144546508789063 -0.0269775390625 -0.099822998046875
0.0691070556640625 0.210494995117188 -0.00493240356445313 -0.0684165954589844
-0.0022430419921875 0.238449096679688 0.128143310546875 -0.00410461425781249
0.06939697265625 0.196640014648438 0.0771102905273438 0.0793685913085938
0.152099609375 0.147216796875 0.102577209472656 0.0959548950195313
0.184249877929688 0.0102996826171875 0.145706176757813 0.0166168212890625
0.130607604980469 -0.0823898315429688 0.102096557617188 -0.0512847900390625
0.03851318359375 -0.147430419921875 0.0337371826171875 -0.0935592651367188
-0.03131103515625 -0.143035888671875 -0.02142333984375 -0.0679740905761719
-0.0342025756835938 -0.129974365234375 -0.029937744140625 -0.0202198028564453
-0.05010986328125 -0.1470947265625 -0.0185699462890625 0.00630187988281249
-0.012451171875 -0.15106201171875 -0.0383834838867187 0.0219802856445312
0.072723388671875 -0.143173217773438 -0.0472068786621094 0.0317649841308594
0.138137817382813 -0.086273193359375 -0.0626754760742187 -0.00874710083007812
0.173614501953125 0.0623779296875 -0.0611953735351562 -0.047943115234375
0.141891479492188 0.160018920898438 -0.0103263854980469 -0.064239501953125
0.0464630126953125 0.219635009765625 0.00244593620300293 0.00145578384399415
-0.040740966796875 0.217971801757813 0.116081237792969 0.0842819213867188
0.027313232421875 0.208953857421875 0.0751800537109375 0.138893127441406
0.1279296875 0.17706298828125 0.0881805419921875 0.1212158203125
0.188430786132813 0.0375823974609375 0.122085571289063 0.0506057739257813
0.143997192382813 -0.0706329345703125 0.0866012573242188 -0.0069580078125
0.0496368408203125 -0.151275634765625 0.0400009155273437 -0.0418128967285156
-0.0261383056640625 -0.1474609375 0.00256919860839844 -0.0190086364746094
-0.03131103515625 -0.134994506835938 -0.00417137145996094 0.0193843841552734
-0.0488739013671875 -0.152877807617188 0.00637054443359375 0.0464591979980469
-0.0119476318359375 -0.156600952148438 -0.0237693786621094 0.0640678405761719
0.0757293701171875 -0.144271850585938 -0.0416641235351562 0.0672149658203125
0.139915466308594 -0.0814666748046875 -0.0646553039550781 0.0175704956054687
0.164413452148438 0.0727081298828125 -0.0605239868164062 -0.0312957763671875
0.115463256835938 0.164764404296875 0.00787162780761719 -0.0311412811279297
0.0104827880859375 0.206466674804688 0.00450897216796876 0.0709152221679688
-0.071380615234375 0.157470703125 0.093597412109375 0.156204223632813
-0.017852783203125 0.172866821289063 0.0624237060546875 0.184127807617188
0.0761566162109375 0.164764404296875 0.0694198608398438 0.132621765136719
0.150741577148438 0.0535888671875 0.0899505615234375 0.0751724243164063
0.126693725585938 -0.047698974609375 0.0644912719726563 0.0296630859375
0.0491561889648438 -0.12738037109375 0.0395126342773437 0.00824737548828124
-0.0176544189453125 -0.12738037109375 0.0227699279785156 0.0289173126220703
-0.0244979858398437 -0.118087768554688 0.021240234375 0.0573234558105469
-0.0396575927734375 -0.136802673339844 0.0297012329101563 0.085357666015625
-0.00712585449218749 -0.138870239257812 -0.00994110107421875 0.103034973144531
0.0715789794921875 -0.126907348632813 -0.0381698608398438 0.0973052978515625
0.128196716308594 -0.0634765625 -0.0695762634277343 0.038543701171875
0.137870788574219 0.0815277099609375 -0.0616798400878906 -0.0181159973144531
0.0726776123046875 0.155914306640625 0.0182113647460938 0.0018291473388672
-0.029052734375 0.168960571289063 -0.00339508056640624 0.133155822753906
-0.0867919921875 0.0687255859375 0.067657470703125 0.19775390625
-0.0525436401367188 0.10272216796875 0.0472869873046875 0.20330810546875
0.0177154541015625 0.115882873535156 0.0527114868164062 0.131156921386719
0.08856201171875 0.0519561767578125 0.0631332397460938 0.086395263671875
0.0848617553710937 -0.0210494995117187 0.0459060668945313 0.0518684387207031
0.037811279296875 -0.0833740234375 0.0371589660644531 0.0447769165039062
-0.00788116455078125 -0.0872573852539063 0.0397186279296875 0.0656089782714844
-0.0142822265625 -0.0830307006835938 0.0439682006835937 0.0864944458007813
-0.0251541137695312 -0.100730895996094 0.04833984375 0.11810302734375
-0.00256347656249999 -0.103401184082031 -0.000305175781249995 0.136070251464844
0.0601425170898438 -0.09295654296875 -0.039825439453125 0.122596740722656
0.102012634277344 -0.03924560546875 -0.0774688720703125 0.0554656982421875
0.0952682495117188 0.0799484252929687 -0.0656394958496094 -0.0100440979003906
0.0234298706054687 0.127967834472656 0.0176525115966797 0.0297393798828125
-0.0653457641601562 0.110908508300781 -0.024688720703125 0.180572509765625
0.07403564453125 -0.0181732177734375 0.0206298828125 -0.20880126953125
0.01336669921875 -0.0822525024414063 -0.0107421875 -0.0535812377929688
-0.0474967956542969 -0.0475425720214844 0.0717391967773438 0.0141448974609375
-0.0588188171386719 0.0132713317871094 0.114212036132813 -0.0671768188476563
-0.03076171875 0.0466423034667969 0.06048583984375 -0.140670776367188
0.00341796875 0.0565452575683594 -0.02288818359375 -0.16400146484375
0.00934219360351562 0.0405426025390625 -0.0771636962890625 -0.143341064453125
0.00259017944335938 0.0420036315917969 -0.0720062255859375 -0.103424072265625
-0.00529479980468751 0.0463409423828125 -0.0610275268554688 -0.0823135375976563
-0.0281467437744141 0.0267982482910156 -0.0458602905273437 -0.0698471069335938
-0.039794921875 -0.00596618652343749 -0.0520782470703125 -0.0669898986816406
-0.0165863037109375 -0.0435295104980469 -0.053985595703125 -0.0938644409179688
0.0411186218261719 -0.0543594360351563 -0.0393524169921875 -0.142623901367188
0.0864028930664063 -0.0221786499023438 -0.049835205078125 -0.204544067382813
0.09710693359375 0.0258560180664063 -0.0426025390625 -0.217300415039062
0.083740234375 0.0736083984375 0.058868408203125 -0.205841064453125
0.0602226257324219 -0.0178871154785156 0.01348876953125 -0.0523719787597656
0.0217723846435547 -0.0196762084960938 0.0858535766601563 0.0201568603515625
0.00205421447753906 -0.0106287002563477 0.131950378417969 -0.0671463012695312
0.00221848487854004 -0.00148534774780273 0.0760955810546875 -0.143630981445313
0.000985145568847656 -0.00521230697631836 -0.0158538818359375 -0.174774169921875
-0.0120687484741211 -0.0166044235229492 -0.0798187255859375 -0.149429321289063
-0.0137252807617187 -0.012791633605957 -0.0778274536132812 -0.101387023925781
-0.0204658508300781 -0.0162467956542969 -0.064697265625 -0.0808258056640625
-0.0173721313476563 -0.0330295562744141 -0.0532341003417969 -0.0681228637695313
0.00649642944335938 -0.0480918884277344 -0.053741455078125 -0.0577239990234375
0.0464935302734375 -0.0485343933105469 -0.0542678833007813 -0.084381103515625
0.0918655395507813 0.00090789794921875 -0.0459213256835938 -0.122055053710938
0.115936279296875 0.0571136474609375 -0.04827880859375 -0.178359985351563
0.0976638793945313 0.113922119140625 -0.0300750732421875 -0.19012451171875
0.0749359130859375 0.159011840820312 0.0949249267578125 -0.168411254882812
0.0926666259765625 0.0625839233398438 0.0414314270019531 -0.0283241271972656
0.0922317504882813 0.0275497436523438 0.101287841796875 0.0380859375
0.0748062133789063 -0.02392578125 0.14947509765625 -0.0535736083984375
0.0455703735351563 -0.0472793579101563 0.0937881469726563 -0.130973815917969
0.00539398193359375 -0.0681648254394531 -0.00173950195312501 -0.169036865234375
-0.0290679931640625 -0.072784423828125 -0.0701446533203125 -0.138420104980469
-0.0278816223144531 -0.0656356811523438 -0.0724945068359375 -0.084686279296875
-0.0368423461914063 -0.0749740600585937 -0.0592002868652344 -0.0622634887695312
-0.0145416259765625 -0.087982177734375 -0.0574150085449219 -0.0476531982421875
0.039398193359375 -0.0920028686523438 -0.0571098327636719 -0.0349273681640625
0.094329833984375 -0.0660324096679688 -0.0611114501953125 -0.0634384155273438
0.137992858886719 0.0325851440429688 -0.0569000244140625 -0.0963973999023438
0.143020629882813 0.110977172851563 -0.0448150634765625 -0.14300537109375
0.09375 0.178253173828125 -0.0202255249023437 -0.13873291015625
0.047393798828125 0.222213745117188 0.120307922363281 -0.0998458862304687
0.10076904296875 0.142730712890625 0.0661888122558594 0.0176620483398438
0.146987915039063 0.0878143310546875 0.110916137695313 0.0662155151367188
0.144546508789063 -0.020721435546875 0.158432006835937 -0.025909423828125
0.0920257568359375 -0.0803604125976562 0.10552978515625 -0.100265502929688
0.0163497924804687 -0.121849060058594 0.01556396484375 -0.142059326171875
-0.038970947265625 -0.118606567382812 -0.050994873046875 -0.110527038574219
-0.0382003784179687 -0.107498168945313 -0.0569496154785156 -0.0555801391601563
-0.0521011352539062 -0.120765686035156 -0.0438804626464844 -0.0307655334472656
-0.0179214477539063 -0.130218505859375 -0.0522956848144531 -0.0141029357910156
0.05755615234375 -0.130058288574219 -0.0551834106445312 -0.00168991088867187
0.124420166015625 -0.0861053466796875 -0.0664901733398438 -0.0358047485351563
0.17108154296875 0.0467529296875 -0.06500244140625 -0.07122802734375
0.159927368164063 0.142120361328125 -0.032989501953125 -0.104988098144531
0.081512451171875 0.215652465820312 -0.00965118408203125 -0.0727462768554688
0.00891113281250001 0.248092651367188 0.130203247070313 -0.0113906860351562
0.08038330078125 0.199752807617187 0.0807876586914063 0.078948974609375
0.16558837890625 0.14605712890625 0.109359741210938 0.0973052978515625
0.190750122070313 0.000518798828125 0.151458740234375 0.0120849609375
0.130760192871094 -0.0919036865234375 0.105026245117188 -0.0566558837890625
0.0311126708984375 -0.1544189453125 0.0307388305664063 -0.0984954833984375
-0.0413360595703125 -0.146392822265625 -0.0257453918457031 -0.0688438415527344
-0.042633056640625 -0.132469177246094 -0.0330677032470703 -0.0177497863769531
-0.0609588623046875 -0.148880004882812 -0.0193042755126953 0.00832366943359374
-0.0223846435546875 -0.155380249023438 -0.0395317077636719 0.027130126953125
0.0663909912109375 -0.152542114257813 -0.0488090515136719 0.0355644226074219
0.138328552246094 -0.0972976684570313 -0.0684967041015625 -0.00670242309570313
0.183090209960938 0.05584716796875 -0.0665664672851563 -0.0488357543945313
0.154556274414063 0.158584594726563 -0.0135993957519531 -0.0688438415527343
0.05780029296875 0.226516723632812 0.00158059597015381 -0.000596404075622545
-0.0329437255859375 0.228103637695312 0.12237548828125 0.0809478759765625
0.0379486083984375 0.213912963867188 0.0806121826171875 0.140655517578125
0.141708374023438 0.177932739257813 0.0957717895507813 0.123725891113281
0.195785522460938 0.028289794921875 0.128005981445313 0.0490570068359375
0.1446533203125 -0.0813751220703125 0.0907516479492188 -0.00959777832031251
0.0422210693359375 -0.157958984375 0.0391845703125 -0.0448265075683594
-0.0358734130859375 -0.151580810546875 0.000814437866210937 -0.0190887451171875
-0.0405044555664063 -0.136917114257813 -0.00421524047851563 0.0224208831787109
-0.0610504150390625 -0.155227661132813 0.0082550048828125 0.0494728088378906
-0.02215576171875 -0.16021728515625 -0.0219917297363281 0.0693168640136719
0.0688018798828125 -0.154754638671875 -0.0406723022460938 0.0717849731445312
0.139778137207031 -0.0926132202148438 -0.0693206787109375 0.0201454162597656
0.174652099609375 0.067291259765625 -0.0658226013183594 -0.0313644409179687
0.127655029296875 0.16424560546875 0.00663948059082032 -0.0349998474121094
0.0211181640625 0.2144775390625 0.00710296630859374 0.071502685546875
-0.065643310546875 0.166091918945313 0.103225708007812 0.157241821289063
-0.0104827880859375 0.179351806640625 0.0702362060546875 0.18829345703125
0.0879974365234375 0.167709350585938 0.0758819580078125 0.136711120605469
0.158432006835938 0.0474090576171875 0.095977783203125 0.0758438110351563
0.127830505371094 -0.0562667846679687 0.0693016052246094 0.0291252136230469
0.04266357421875 -0.133415222167969 0.0406074523925781 0.00671005249023437
-0.02587890625 -0.130867004394531 0.0249519348144531 0.0292148590087891
-0.0326766967773438 -0.120658874511719 0.0246696472167969 0.0597915649414062
-0.0506210327148438 -0.138946533203125 0.03460693359375 0.0878219604492187
-0.0166778564453125 -0.143157958984375 -0.00560760498046875 0.109024047851562
0.06634521484375 -0.135704040527344 -0.0361480712890625 0.103233337402344
0.128379821777344 -0.0734329223632813 -0.07220458984375 0.0427627563476563
0.147308349609375 0.07666015625 -0.0663032531738281 -0.0178871154785156
0.0830078125 0.15728759765625 0.0194664001464844 -0.0017261505126953
-0.0214385986328125 0.177902221679688 0.00197601318359375 0.136833190917969
-0.0861968994140625 0.07464599609375 0.078369140625 0.201904296875
-0.0493850708007812 0.108558654785156 0.05615234375 0.209793090820313
0.024871826171875 0.118919372558594 0.0599441528320312 0.135635375976563
0.0939483642578125 0.0479965209960937 0.0698928833007813 0.0888595581054688
0.0858306884765625 -0.0264511108398437 0.0510673522949219 0.052764892578125
0.032958984375 -0.0880203247070313 0.0410842895507813 0.0444908142089844
-0.0133895874023438 -0.0890121459960937 0.044036865234375 0.0663795471191406
-0.0200347900390625 -0.084686279296875 0.0492706298828125 0.0881729125976563
-0.033050537109375 -0.101951599121094 0.0554046630859375 0.120101928710938
-0.00885772705078124 -0.106697082519531 0.0061798095703125 0.142242431640625
0.0558853149414063 -0.0998687744140625 -0.0362396240234375 0.128532409667969
0.103050231933594 -0.046722412109375 -0.0792007446289063 0.0613250732421875
0.103050231933594 0.0773468017578125 -0.069854736328125 -0.00804519653320313
0.0299911499023438 0.130233764648438 0.0194091796875 0.0280666351318359
-0.0619354248046875 0.117935180664063 -0.0161590576171875 0.1866455078125
0.0742721557617187 -0.0210800170898437 0.00936889648437499 -0.212570190429688
0.00809478759765624 -0.0826950073242188 -0.0144271850585938 -0.0517463684082031
-0.0504493713378906 -0.0457191467285156 0.0752182006835937 0.012054443359375
-0.0575370788574219 0.0164642333984375 0.113853454589844 -0.0738525390625
-0.0273551940917969 0.0479888916015625 0.0543212890625 -0.145782470703125
0.00723648071289063 0.0562553405761719 -0.031219482421875 -0.165237426757813
0.0119400024414062 0.0400276184082031 -0.0865631103515625 -0.141403198242188
0.00568008422851562 0.0419273376464844 -0.0786972045898438 -0.100257873535156
-0.00127029418945313 0.0464820861816406 -0.067047119140625 -0.0795364379882813
-0.0259075164794922 0.0290012359619141 -0.0511665344238281 -0.0684814453125
-0.0393905639648438 -0.00314331054687501 -0.0574531555175781 -0.0651168823242188
-0.0186500549316406 -0.0427970886230469 -0.06005859375 -0.0943069458007812
0.0378189086914063 -0.0559959411621094 -0.045654296875 -0.145904541015625
0.0856094360351563 -0.0265274047851563 -0.0596771240234375 -0.207183837890625
0.099365234375 0.0210189819335938 -0.0550537109375 -0.219818115234375
0.0883865356445312 0.0717620849609375 0.0469818115234375 -0.212295532226563
0.0582656860351563 -0.0199470520019531 0.00925445556640625 -0.053009033203125
0.0218715667724609 -0.0206775665283203 0.0893402099609375 0.0179824829101563
0.0023956298828125 -0.0106191635131836 0.131256103515625 -0.0744476318359375
0.00305938720703125 -0.0019841194152832 0.0706939697265625 -0.149642944335938
0.000835418701171875 -0.00599861145019531 -0.025238037109375 -0.176483154296875
-0.0137414932250977 -0.016575813293457 -0.0883636474609375 -0.146957397460938
-0.0138616561889648 -0.0127677917480469 -0.0839080810546875 -0.0977554321289062
-0.0210647583007813 -0.0157814025878906 -0.0703506469726562 -0.0776901245117188
-0.0191078186035156 -0.0318031311035156 -0.0584869384765625 -0.0657081604003906
0.00450515747070313 -0.0487022399902344 -0.059600830078125 -0.055877685546875
0.0451316833496094 -0.05157470703125 -0.0607681274414062 -0.0843048095703125
0.0928192138671875 -0.00269317626953125 -0.0516586303710938 -0.124725341796875
0.119407653808594 0.0519332885742188 -0.0579986572265625 -0.18145751953125
0.104530334472656 0.111015319824219 -0.041290283203125 -0.193511962890625
0.083465576171875 0.159133911132813 0.0850067138671875 -0.176544189453125
0.0952529907226562 0.058807373046875 0.0384902954101563 -0.0301971435546875
0.0958251953125 0.0235214233398438 0.105697631835938 0.0357589721679688
0.0748291015625 -0.0289306640625 0.149398803710938 -0.0611572265625
0.0439643859863281 -0.0507392883300781 0.0891036987304688 -0.136856079101563
0.000984191894531248 -0.0695114135742188 -0.00990295410156251 -0.171417236328125
-0.0338516235351563 -0.0727615356445313 -0.0787277221679687 -0.136032104492188
-0.0314712524414062 -0.0652809143066406 -0.0779190063476563 -0.0797500610351563
-0.0419769287109375 -0.0738754272460938 -0.0640830993652344 -0.05859375
-0.0196075439453125 -0.0876693725585938 -0.0616264343261719 -0.0441207885742188
0.0347671508789063 -0.095428466796875 -0.0616073608398438 -0.0323104858398438
0.0926437377929687 -0.0713958740234375 -0.0674514770507813 -0.0627593994140625
0.14263916015625 0.0272674560546875 -0.0626907348632812 -0.0979843139648438
0.150924682617188 0.10546875 -0.0530242919921875 -0.145904541015625
0.103546142578125 0.176956176757813 -0.0282135009765625 -0.141754150390625
0.05908203125 0.223892211914063 0.114715576171875 -0.108253479003906
0.107803344726562 0.139007568359375 0.0653228759765625 0.0157012939453125
0.15435791015625 0.081787109375 0.116470336914063 0.0640106201171875
0.145233154296875 -0.0288238525390625 0.159561157226563 -0.0326080322265625
0.089141845703125 -0.0862960815429688 0.103126525878906 -0.106681823730469
0.00908660888671875 -0.124114990234375 0.00854492187500001 -0.1448974609375
-0.0472640991210937 -0.118202209472656 -0.0581207275390625 -0.108291625976563
-0.04412841796875 -0.106895446777344 -0.0606575012207031 -0.0507850646972656
-0.0604934692382813 -0.119621276855469 -0.0466461181640625 -0.0276451110839844
-0.0263519287109375 -0.130584716796875 -0.0553398132324219 -0.00987625122070315
0.0504074096679688 -0.135185241699219 -0.0586204528808594 0.00164794921875
0.121147155761719 -0.0948257446289063 -0.0718536376953125 -0.0340042114257813
0.1766357421875 0.0391845703125 -0.0699005126953125 -0.071380615234375
0.169601440429688 0.135879516601562 -0.0394515991210938 -0.108322143554688
0.0936279296875 0.215927124023437 -0.0148849487304687 -0.0749359130859375
0.021331787109375 0.252029418945313 0.128929138183594 -0.0184402465820312
0.089996337890625 0.198013305664063 0.0828781127929688 0.07568359375
0.177337646484375 0.139877319335938 0.115257263183594 0.0962677001953125
0.19305419921875 -0.00994873046875 0.15460205078125 0.0065155029296875
0.127052307128906 -0.100830078125 0.105148315429688 -0.0618972778320313
0.0218505859375 -0.1573486328125 0.0257568359375 -0.101150512695313
-0.0509185791015625 -0.146148681640625 -0.029876708984375 -0.0670280456542969
-0.050628662109375 -0.131637573242187 -0.0344295501708984 -0.0136528015136719
-0.071868896484375 -0.146820068359375 -0.0199508666992188 0.0104770660400391
-0.0320281982421875 -0.155853271484375 -0.0394058227539063 0.0313148498535156
0.05682373046875 -0.159011840820313 -0.0495758056640625 0.0391426086425781
0.134521484375 -0.106948852539063 -0.0722808837890625 -0.00384521484375002
0.189468383789063 0.0471954345703125 -0.0715103149414063 -0.0473785400390625
0.165512084960937 0.152297973632813 -0.0181503295898437 -0.0719528198242187
0.0701904296875 0.228439331054688 2.36034393310588E-05 -0.0021376609802246
-0.0207977294921875 0.233917236328125 0.1265869140625 0.0753021240234375
0.0482940673828125 0.215103149414063 0.086395263671875 0.1387939453125
0.154861450195313 0.174270629882812 0.101921081542969 0.123161315917969
0.19989013671875 0.0173187255859375 0.133064270019531 0.045196533203125
0.141830444335938 -0.0906982421875 0.0927886962890625 -0.0133895874023438
0.0323028564453125 -0.161895751953125 0.0376853942871094 -0.0471649169921875
-0.046356201171875 -0.15093994140625 -0.00054740905761719 -0.0178127288818359
-0.0487289428710938 -0.13592529296875 -0.00313186645507813 0.0253391265869141
-0.0729827880859375 -0.152694702148438 0.0099334716796875 0.0504608154296875
-0.03326416015625 -0.160385131835938 -0.019378662109375 0.0731353759765625
0.0590057373046875 -0.160964965820313 -0.0391845703125 0.0750503540039062
0.135879516601563 -0.1021728515625 -0.0719146728515625 0.0240097045898438
0.1820068359375 0.0589599609375 -0.0700607299804687 -0.0300979614257813
0.138320922851563 0.159652709960938 0.00392532348632814 -0.0380210876464844
0.03277587890625 0.217788696289063 0.00988769531250001 0.0711212158203125
-0.0576019287109375 0.171768188476563 0.111038208007813 0.1546630859375
-0.00141906738281248 0.181671142578125 0.078857421875 0.1875
0.0994873046875 0.166229248046875 0.0826034545898438 0.136421203613281
0.162155151367187 0.0381622314453125 0.101585388183594 0.0738449096679687
0.125465393066406 -0.06365966796875 0.07293701171875 0.0271530151367187
0.034088134765625 -0.137458801269531 0.0421905517578125 0.00465393066406249
-0.0345230102539063 -0.130584716796875 0.026885986328125 0.0287189483642578
-0.0402984619140625 -0.120285034179688 0.0279541015625 0.0609664916992188
-0.0617523193359375 -0.136917114257813 0.03948974609375 0.0880508422851562
-0.0267486572265625 -0.143310546875 -0.000221252441406241 0.112068176269531
0.0578155517578125 -0.1414794921875 -0.0313949584960937 0.10687255859375
0.125900268554688 -0.0825729370117188 -0.0736007690429687 0.0475997924804688
0.153793334960938 0.0698699951171875 -0.0698204040527343 -0.0160140991210937
0.0929412841796875 0.154556274414063 0.0188140869140625 -0.00445175170898437
-0.0120391845703125 0.182235717773438 0.00852203369140625 0.137138366699219
-0.0828170776367188 0.0803451538085938 0.088714599609375 0.200637817382813
-0.0449142456054688 0.111991882324219 0.0663604736328125 0.21197509765625
0.0324020385742188 0.120086669921875 0.0658035278320313 0.135841369628906
0.0974807739257813 0.042144775390625 0.0750503540039063 0.0888442993164063
0.0844039916992188 -0.0324783325195313 0.0556297302246094 0.052276611328125
0.0272216796875 -0.089874267578125 0.0446853637695313 0.0429725646972656
-0.0198974609375 -0.088958740234375 0.0490913391113281 0.0657958984375
-0.025299072265625 -0.0844802856445313 0.0544967651367187 0.0881881713867188
-0.041259765625 -0.100372314453125 0.0624008178710938 0.118560791015625
-0.0164871215820313 -0.106887817382812 0.0139923095703125 0.144760131835937
0.049560546875 -0.105064392089844 -0.0306396484375 0.132469177246094
0.100692749023438 -0.053680419921875 -0.0793533325195313 0.0665512084960938
0.10833740234375 0.07177734375 -0.0727005004882813 -0.00519561767578124
0.037017822265625 0.129058837890625 0.0212535858154297 0.0254573822021484
-0.0564651489257813 0.122940063476563 -0.00628662109375002 0.189071655273438
0.07379150390625 -0.0226974487304688 0.000228881835937525 -0.212127685546875
0.00365447998046874 -0.081573486328125 -0.0173759460449219 -0.0496444702148438
-0.052734375 -0.0435218811035156 0.0778350830078125 0.0105056762695312
-0.0554466247558594 0.0185775756835937 0.112541198730469 -0.0772171020507813
-0.0248794555664063 0.0480995178222656 0.049774169921875 -0.1480712890625
0.00974655151367187 0.0548439025878906 -0.0359649658203125 -0.164276123046875
0.0139427185058594 0.0387115478515625 -0.0914154052734375 -0.137802124023438
0.00836181640625 0.0401687622070313 -0.08209228515625 -0.0982894897460938
0.00236892700195313 0.0456695556640625 -0.0701751708984375 -0.0769424438476563
-0.0234851837158203 0.0298538208007813 -0.0542831420898438 -0.0666084289550781
-0.0376510620117187 -0.00101852416992187 -0.0611419677734375 -0.0629119873046875
-0.0194892883300781 -0.0415153503417969 -0.0641860961914062 -0.0944290161132813
0.0360298156738281 -0.0567855834960938 -0.049896240234375 -0.147048950195313
0.0835800170898438 -0.0295791625976562 -0.0655059814453125 -0.206893920898438
0.0999679565429688 0.0169525146484375 -0.0623626708984375 -0.21917724609375
0.0912704467773438 0.0698318481445312 0.0368499755859375 -0.213836669921875
0.0558319091796875 -0.0210990905761719 0.00562286376953125 -0.052001953125
0.0208797454833984 -0.0209884643554688 0.0917892456054687 0.0165786743164062
0.00327682495117188 -0.0107612609863281 0.130142211914063 -0.0780258178710938
0.00364899635314941 -0.00268197059631348 0.06585693359375 -0.151779174804688
-0.000196456909179687 -0.00669717788696289 -0.0305328369140625 -0.1761474609375
-0.014984130859375 -0.016606330871582 -0.09466552734375 -0.1431884765625
-0.0135974884033203 -0.0131959915161133 -0.08673095703125 -0.0942230224609375
-0.0213890075683594 -0.0152912139892578 -0.0739288330078125 -0.0743026733398438
-0.0199069976806641 -0.0309429168701172 -0.0625152587890625 -0.06304931640625
0.00364303588867188 -0.04833984375 -0.0630035400390625 -0.0538787841796875
0.043670654296875 -0.0527114868164062 -0.0655899047851563 -0.0837631225585937
0.092926025390625 -0.00496673583984375 -0.055328369140625 -0.126396179199219
0.120567321777344 0.04754638671875 -0.06365966796875 -0.181930541992188
0.107444763183594 0.107208251953125 -0.048309326171875 -0.1929931640625
0.0889129638671875 0.157791137695312 0.076019287109375 -0.179489135742188
0.0952224731445313 0.0562973022460938 0.0348415374755859 -0.0307464599609375
0.0974044799804688 0.0203094482421875 0.108123779296875 0.0342483520507813
0.0737533569335938 -0.031646728515625 0.14794921875 -0.0645904541015625
0.0426712036132812 -0.0521087646484375 0.085540771484375 -0.140182495117188
-0.00205612182617187 -0.0696449279785156 -0.0156707763671875 -0.170867919921875
-0.0380706787109375 -0.0716094970703125 -0.0839157104492188 -0.132369995117187
-0.0334968566894531 -0.0647506713867188 -0.080047607421875 -0.0756454467773438
-0.04498291015625 -0.0721817016601563 -0.0667343139648438 -0.0550994873046875
-0.0227890014648437 -0.0862579345703125 -0.064453125 -0.0404434204101563
0.030670166015625 -0.0966720581054687 -0.0650367736816406 -0.0299263000488281
0.0905380249023438 -0.074554443359375 -0.0715713500976563 -0.0614547729492188
0.143524169921875 0.0230255126953125 -0.0658493041992188 -0.0990753173828125
0.154266357421875 0.100311279296875 -0.0583648681640625 -0.14739990234375
0.109222412109375 0.174636840820313 -0.0345611572265625 -0.141769409179688
0.0670013427734375 0.223403930664063 0.108169555664063 -0.112701416015625
0.110282897949219 0.136459350585938 0.0629653930664063 0.0136146545410156
0.158981323242188 0.0772857666015625 0.118888854980469 0.0625076293945313
0.144088745117188 -0.0347900390625 0.15948486328125 -0.036102294921875
0.0864410400390625 -0.0894088745117187 0.101043701171875 -0.109115600585937
0.00353240966796874 -0.124031066894531 0.0037841796875 -0.144912719726563
-0.0522079467773437 -0.116859436035156 -0.061492919921875 -0.10552978515625
-0.048431396484375 -0.105628967285156 -0.06170654296875 -0.0461769104003906
-0.0659713745117187 -0.116157531738281 -0.0484886169433594 -0.0249137878417969
-0.0316925048828125 -0.128929138183594 -0.0564765930175781 -0.00608062744140625
0.044036865234375 -0.13702392578125 -0.0605506896972656 0.00403594970703125
0.117210388183594 -0.0988235473632813 -0.0758819580078125 -0.0321884155273437
0.17926025390625 0.033782958984375 -0.0730514526367187 -0.0720367431640625
0.174057006835938 0.129898071289063 -0.0435714721679688 -0.109382629394531
0.100662231445313 0.213882446289062 -0.0183944702148437 -0.0757064819335938
0.0291900634765625 0.252487182617188 0.125617980957031 -0.02386474609375
0.0948944091796875 0.195388793945312 0.0825881958007813 0.0734710693359375
0.182815551757813 0.134490966796875 0.118705749511719 0.0951385498046875
0.192001342773438 -0.017608642578125 0.155120849609375 0.003387451171875
0.123512268066406 -0.10479736328125 0.10394287109375 -0.0643768310546875
0.0143280029296875 -0.157135009765625 0.0228805541992188 -0.101531982421875
-0.0575714111328125 -0.143997192382813 -0.0334701538085938 -0.0650634765625
-0.0550689697265625 -0.130439758300781 -0.0347614288330078 -0.010467529296875
-0.0797119140625 -0.142807006835938 -0.0204067230224609 0.013031005859375
-0.039337158203125 -0.15399169921875 -0.0388832092285156 0.0341720581054687
0.04876708984375 -0.161544799804688 -0.0498580932617188 0.0414848327636719
0.129974365234375 -0.111793518066406 -0.0749664306640625 -0.00109100341796874
0.19244384765625 0.0408935546875 -0.0741806030273437 -0.0474319458007813
0.171401977539063 0.145355224609375 -0.0212631225585937 -0.0742568969726562
0.0783843994140625 0.22747802734375 -0.00127959251403808 -0.00321459770202635
-0.0133514404296875 0.235305786132813 0.1270751953125 0.0698699951171875
0.0538330078125 0.212142944335938 0.0884475708007812 0.135780334472656
0.161636352539063 0.16888427734375 0.10540771484375 0.121772766113281
0.199325561523438 0.010284423828125 0.133804321289063 0.0426177978515625
0.137908935546875 -0.0952377319335938 0.0936126708984375 -0.0146942138671875
0.024932861328125 -0.161880493164063 0.0356636047363281 -0.0481719970703125
-0.0531768798828125 -0.148452758789063 -0.0010519027709961 -0.0171098709106445
-0.054351806640625 -0.13360595703125 -0.00170135498046875 0.0275516510009766
-0.0809326171875 -0.148605346679688 0.0115165710449219 0.0505523681640625
-0.0406494140625 -0.157760620117188 -0.0167388916015625 0.0752029418945313
0.0506439208984375 -0.163558959960937 -0.0375747680664063 0.0766754150390625
0.131385803222656 -0.10791015625 -0.0728988647460937 0.0271072387695312
0.185028076171875 0.052215576171875 -0.0723876953125 -0.0288467407226562
0.14471435546875 0.15386962890625 0.00160598754882813 -0.0402336120605469
0.040252685546875 0.217269897460938 0.0116729736328125 0.0690422058105469
-0.0512237548828125 0.174545288085938 0.113388061523438 0.150802612304688
0.00477600097656249 0.182159423828125 0.0832672119140625 0.185333251953125
0.107192993164063 0.163131713867188 0.0859909057617188 0.136116027832031
0.163314819335938 0.031646728515625 0.103981018066406 0.0728073120117188
0.122100830078125 -0.068511962890625 0.0752182006835938 0.02593994140625
0.0277633666992187 -0.137321472167969 0.042755126953125 0.00315093994140624
-0.0409011840820312 -0.128555297851563 0.0281524658203125 0.0288448333740234
-0.0453109741210938 -0.1180419921875 0.0305519104003906 0.0616073608398438
-0.0688323974609375 -0.132904052734375 0.0422439575195312 0.0866470336914062
-0.03399658203125 -0.14178466796875 0.00396728515625001 0.113288879394531
0.0503692626953125 -0.144515991210938 -0.0282745361328125 0.107894897460937
0.121856689453125 -0.0878143310546875 -0.0733489990234375 0.0506210327148437
0.156570434570312 0.06365966796875 -0.0711746215820313 -0.0142364501953125
0.0987548828125 0.1500244140625 0.0182514190673828 -0.00732994079589843
-0.00566101074218749 0.183425903320313 0.01300048828125 0.135604858398438
-0.0790176391601562 0.082763671875 0.0951080322265625 0.198104858398437
-0.0402374267578125 0.113540649414062 0.0723724365234375 0.210357666015625
0.038543701171875 0.118309020996094 0.0699310302734375 0.135879516601563
0.0984649658203125 0.0377960205078125 0.078521728515625 0.0871734619140625
0.0817184448242188 -0.03533935546875 0.0588226318359375 0.052032470703125
0.0229949951171875 -0.08990478515625 0.0464553833007813 0.0412025451660156
-0.02349853515625 -0.0876541137695313 0.0512619018554688 0.0638427734375
-0.0286788940429688 -0.0826797485351563 0.0578460693359375 0.08685302734375
-0.0460128784179687 -0.0978012084960937 0.0667800903320313 0.115966796875
-0.0214996337890625 -0.105552673339844 0.0194854736328125 0.1446533203125
0.0437698364257812 -0.107017517089844 -0.0261688232421875 0.133644104003906
0.0977783203125 -0.0577392578125 -0.0780487060546875 0.0701980590820312
0.111480712890625 0.0673828125 -0.0742874145507813 -0.00363922119140625
0.0421524047851563 0.127113342285156 0.0221996307373047 0.0227432250976563
-0.0519485473632812 0.124870300292969 0.000244140624999989 0.187271118164062
0.0742263793945313 -0.0231475830078125 -0.003753662109375 -0.211837768554688
0.00121307373046875 -0.0809478759765625 -0.0196914672851562 -0.0479888916015625
-0.0534477233886719 -0.0431098937988281 0.0799331665039063 0.0106887817382812
-0.054473876953125 0.0190696716308594 0.113639831542969 -0.0798110961914063
-0.0236244201660156 0.0481681823730469 0.0478668212890625 -0.149337768554688
0.0104560852050781 0.0543136596679687 -0.0373382568359375 -0.164688110351563
0.0139541625976562 0.0380783081054688 -0.0937957763671875 -0.1375732421875
0.0105094909667969 0.0396080017089844 -0.0833206176757813 -0.0974807739257812
0.00452423095703125 0.0450210571289063 -0.0717239379882812 -0.0758438110351563
-0.0218048095703125 0.0300045013427734 -0.0559349060058594 -0.0666999816894531
-0.0368423461914063 -0.000545501708984383 -0.0632476806640625 -0.0626411437988281
-0.0194091796875 -0.041595458984375 -0.06634521484375 -0.0953445434570312
0.0343437194824219 -0.0567398071289062 -0.050811767578125 -0.1500244140625
0.0826263427734375 -0.0302505493164062 -0.06732177734375 -0.2091064453125
0.100067138671875 0.0155868530273437 -0.0644989013671875 -0.221054077148437
0.0927963256835938 0.0696487426757813 0.03314208984375 -0.214523315429688
0.0545616149902344 -0.0205459594726563 0.00337982177734376 -0.0514144897460938
0.0213146209716797 -0.0214557647705078 0.0940933227539062 0.0168609619140625
0.00360774993896484 -0.0114831924438477 0.131118774414063 -0.0795135498046875
0.00411295890808105 -0.00301694869995117 0.065216064453125 -0.153228759765625
-9.10758972167971E-05 -0.00722599029541016 -0.03240966796875 -0.176727294921875
-0.0155000686645508 -0.0167598724365234 -0.0968475341796875 -0.142074584960937
-0.0130844116210938 -0.0138254165649414 -0.08843994140625 -0.09259033203125
-0.0207462310791016 -0.0158805847167969 -0.0757827758789063 -0.0722732543945312
-0.0194110870361328 -0.0302715301513672 -0.0638580322265625 -0.0619735717773438
0.00356674194335938 -0.0481719970703125 -0.0652618408203125 -0.0532760620117187
0.0440444946289063 -0.0532264709472656 -0.068328857421875 -0.08489990234375
0.093414306640625 -0.0046844482421875 -0.0566864013671875 -0.129409790039063
0.120567321777344 0.0467453002929688 -0.065643310546875 -0.184921264648438
0.109489440917969 0.106613159179688 -0.0508270263671875 -0.195831298828125
0.0919342041015625 0.1583251953125 0.07177734375 -0.181503295898438
0.0939559936523438 0.056884765625 0.0321426391601563 -0.0305557250976562
0.0987701416015625 0.0196304321289062 0.110153198242188 0.0347213745117188
0.0740814208984375 -0.0330276489257813 0.149368286132813 -0.066131591796875
0.0426597595214844 -0.0532722473144531 0.0853729248046875 -0.141357421875
-0.00328826904296875 -0.0699501037597656 -0.017486572265625 -0.171524047851562
-0.040191650390625 -0.071380615234375 -0.0863189697265625 -0.131439208984375
-0.0337371826171875 -0.0652427673339844 -0.0808563232421875 -0.074005126953125
-0.0465850830078125 -0.0719451904296875 -0.0682258605957031 -0.053314208984375
-0.0244293212890625 -0.0855026245117188 -0.0659065246582031 -0.0386314392089844
0.0293350219726563 -0.0972976684570313 -0.0673179626464844 -0.0289268493652344
0.0901565551757813 -0.07611083984375 -0.07537841796875 -0.0623016357421875
0.145721435546875 0.022552490234375 -0.0669708251953125 -0.102569580078125
0.15576171875 0.098602294921875 -0.0605926513671875 -0.150161743164063
0.111541748046875 0.174606323242188 -0.0366668701171875 -0.14385986328125
0.0694580078125 0.224853515625 0.10498046875 -0.114242553710937
0.110015869140625 0.136070251464844 0.0608673095703125 0.0132980346679688
0.161788940429688 0.076080322265625 0.120826721191406 0.0636215209960937
0.144668579101563 -0.036895751953125 0.160873413085937 -0.037078857421875
0.086578369140625 -0.0908966064453125 0.101760864257812 -0.110183715820313
0.000801086425781247 -0.124176025390625 0.002288818359375 -0.145614624023437
-0.0555648803710937 -0.115921020507812 -0.0639114379882812 -0.1043701171875
-0.0497894287109375 -0.10577392578125 -0.0618476867675781 -0.043975830078125
-0.0690155029296875 -0.115219116210938 -0.0498161315917969 -0.0223655700683594
-0.034271240234375 -0.12811279296875 -0.0570793151855469 -0.00413894653320313
0.0410079956054688 -0.138397216796875 -0.0624008178710937 0.00515365600585938
0.116989135742188 -0.101303100585938 -0.0787811279296875 -0.0320281982421875
0.1812744140625 0.032318115234375 -0.0745925903320312 -0.0741958618164062
0.176513671875 0.127975463867187 -0.0458221435546875 -0.112220764160156
0.103515625 0.215255737304688 -0.0203857421875 -0.0769577026367187
0.0325775146484375 0.254043579101562 0.123725891113281 -0.0257720947265625
0.0955810546875 0.195205688476563 0.0805282592773438 0.0729751586914063
0.186721801757813 0.133468627929688 0.119499206542969 0.096923828125
0.192794799804688 -0.0202178955078125 0.156295776367188 0.0035552978515625
0.122787475585938 -0.106483459472656 0.10601806640625 -0.0645904541015625
0.0115814208984375 -0.157470703125 0.0219039916992187 -0.101951599121094
-0.06121826171875 -0.143447875976562 -0.0338287353515625 -0.0639724731445313
-0.0578231811523438 -0.130279541015625 -0.0339622497558594 -0.00770568847656251
-0.0833740234375 -0.140716552734375 -0.0213890075683594 0.0139694213867187
-0.04327392578125 -0.152694702148438 -0.0397453308105469 0.0366401672363281
0.0450897216796875 -0.162368774414063 -0.0507774353027344 0.0430030822753906
0.128440856933594 -0.114883422851563 -0.0781097412109375 -0.000793457031250019
0.1953125 0.03802490234375 -0.0756759643554687 -0.0489120483398437
0.174453735351563 0.144012451171875 -0.023651123046875 -0.0766830444335937
0.0813446044921875 0.228668212890625 -0.00208735466003417 -0.00399184226989745
-0.0101165771484375 0.237106323242188 0.126129150390625 0.0695877075195313
0.055389404296875 0.213043212890625 0.0884857177734375 0.13604736328125
0.166656494140625 0.16827392578125 0.105949401855469 0.124244689941406
0.19964599609375 0.0070343017578125 0.135047912597656 0.0437393188476563
0.137657165527344 -0.0970993041992188 0.0955734252929688 -0.014434814453125
0.0214385986328125 -0.161788940429688 0.0359840393066406 -0.0489234924316406
-0.056640625 -0.147857666015625 -0.00155258178710938 -0.0166330337524414
-0.0571365356445313 -0.134384155273438 -0.000400543212890632 0.0297260284423828
-0.0847015380859375 -0.146392822265625 0.0113029479980469 0.0515632629394531
-0.0447998046875 -0.156509399414063 -0.0165786743164062 0.0773468017578125
0.04656982421875 -0.16510009765625 -0.0375289916992188 0.0778884887695313
0.129241943359375 -0.110671997070313 -0.074493408203125 0.0279312133789063
0.187210083007813 0.0490570068359375 -0.0740280151367187 -0.029266357421875
0.14776611328125 0.151779174804688 0.000503540039062509 -0.0431976318359375
0.043731689453125 0.219512939453125 0.0115814208984375 0.0686798095703125
-0.0488739013671875 0.17572021484375 0.114944458007812 0.1497802734375
0.00559997558593751 0.182479858398437 0.0843048095703125 0.186431884765625
0.110748291015625 0.162628173828125 0.0867767333984375 0.137794494628906
0.163543701171875 0.0284271240234375 0.105247497558594 0.07391357421875
0.12127685546875 -0.0703201293945313 0.0775375366210938 0.0266189575195312
0.0247650146484375 -0.137199401855469 0.043548583984375 0.00241088867187499
-0.04400634765625 -0.12811279296875 0.0288658142089844 0.0289726257324219
-0.0473709106445313 -0.1173095703125 0.0321693420410156 0.062957763671875
-0.0727767944335938 -0.130165100097656 0.0434112548828125 0.0870742797851562
-0.03802490234375 -0.139854431152344 0.0052642822265625 0.113945007324219
0.045684814453125 -0.146041870117188 -0.0277252197265625 0.109230041503906
0.1199951171875 -0.0899124145507813 -0.0744705200195312 0.05218505859375
0.159011840820312 0.060882568359375 -0.0723419189453125 -0.0144119262695313
0.101211547851563 0.148529052734375 0.0175199508666992 -0.00914859771728515
-0.00270080566406252 0.185134887695313 0.014404296875 0.135169982910156
-0.0778121948242188 0.0835952758789062 0.0969085693359375 0.198455810546875
-0.0394973754882813 0.11376953125 0.0744476318359375 0.211105346679688
0.0412368774414063 0.118301391601563 0.0706100463867188 0.138160705566406
0.0987777709960938 0.035552978515625 0.08013916015625 0.0896987915039063
0.0812530517578125 -0.0363235473632813 0.0608444213867188 0.0518455505371094
0.0204696655273438 -0.0893478393554687 0.0487937927246094 0.0411949157714844
-0.0256500244140625 -0.087158203125 0.053314208984375 0.0633049011230469
-0.0303421020507812 -0.0822982788085938 0.060028076171875 0.0874176025390625
-0.049560546875 -0.095367431640625 0.0685043334960937 0.115570068359375
-0.0245132446289063 -0.104766845703125 0.020904541015625 0.145217895507813
0.0409317016601563 -0.108306884765625 -0.0245590209960937 0.133644104003906
0.0971908569335938 -0.059478759765625 -0.0784072875976563 0.07086181640625
0.112510681152344 0.065338134765625 -0.0755157470703125 -0.0034942626953125
0.0440826416015625 0.126502990722656 0.0225715637207031 0.0209980010986328
-0.0496368408203125 0.126808166503906 0.00311279296875 0.18695068359375
0.0772781372070313 -0.0239334106445313 -0.00485229492187498 -0.216842651367188
0.000587463378906247 -0.0819320678710938 -0.0213699340820313 -0.0473709106445313
-0.0552215576171875 -0.0438652038574219 0.0842971801757813 0.0120468139648437
-0.0551948547363281 0.02008056640625 0.117759704589844 -0.081695556640625
-0.0234146118164063 0.0490303039550781 0.0495147705078125 -0.15374755859375
0.0116958618164062 0.0551681518554688 -0.038299560546875 -0.169479370117188
0.01519775390625 0.0386734008789063 -0.0971832275390625 -0.141326904296875
0.0111885070800781 0.0392303466796875 -0.0864486694335938 -0.100662231445312
0.0058441162109375 0.0447959899902344 -0.074310302734375 -0.078033447265625
-0.0215663909912109 0.0314846038818359 -0.0585823059082031 -0.0682334899902344
-0.0365028381347656 0.000267028808593749 -0.0654487609863281 -0.0647621154785156
-0.0198783874511719 -0.0424613952636719 -0.0691986083984375 -0.09991455078125
0.0354652404785156 -0.0576133728027344 -0.051544189453125 -0.157272338867188
0.0838546752929688 -0.0307388305664063 -0.0679168701171875 -0.21697998046875
0.102691650390625 0.0156707763671875 -0.0658111572265625 -0.229736328125
0.0969009399414063 0.0730209350585938 0.031982421875 -0.219390869140625
0.0547409057617187 -0.0198173522949219 0.000595092773437503 -0.0514678955078125
0.0217037200927734 -0.0218276977539063 0.0979766845703125 0.0191650390625
0.00448703765869141 -0.0120038986206055 0.136161804199219 -0.0816574096679688
0.00538301467895508 -0.00388860702514648 0.0682525634765625 -0.157852172851563
-0.000186443328857422 -0.00755548477172852 -0.03302001953125 -0.181686401367188
-0.0167236328125 -0.0181446075439453 -0.100418090820313 -0.145965576171875
-0.0131196975708008 -0.01556396484375 -0.09033203125 -0.094757080078125
-0.0207405090332031 -0.0170631408691406 -0.0779037475585938 -0.0736236572265625
-0.01934814453125 -0.0310382843017578 -0.0665435791015625 -0.0630226135253906
0.0041656494140625 -0.0493049621582031 -0.0682029724121094 -0.0543632507324219
0.0454139709472656 -0.0548248291015625 -0.0715255737304687 -0.089691162109375
0.0964736938476562 -0.00412750244140625 -0.0582733154296875 -0.136878967285156
0.124076843261719 0.0479354858398437 -0.0670013427734375 -0.193374633789063
0.1119384765625 0.110450744628906 -0.051513671875 -0.203659057617188
0.095184326171875 0.164199829101562 0.072265625 -0.18548583984375
0.0949859619140625 0.05963134765625 0.0304317474365234 -0.0306205749511719
0.102523803710938 0.0205917358398438 0.113601684570313 0.0381317138671875
0.0768051147460938 -0.0341110229492188 0.155044555664063 -0.0666351318359375
0.0445938110351563 -0.0550613403320313 0.089447021484375 -0.145782470703125
-0.00460052490234375 -0.0721588134765625 -0.017791748046875 -0.176498413085938
-0.0422821044921875 -0.0731430053710938 -0.0892868041992187 -0.134307861328125
-0.034912109375 -0.0681915283203125 -0.0822906494140625 -0.0750045776367188
-0.0475540161132813 -0.0738296508789062 -0.0708847045898438 -0.053314208984375
-0.0248565673828125 -0.0876617431640625 -0.0685501098632813 -0.0388450622558594
0.03021240234375 -0.100112915039063 -0.0708465576171875 -0.0294418334960938
0.0929794311523438 -0.0784454345703125 -0.0791778564453125 -0.065765380859375
0.150665283203125 0.02362060546875 -0.0693130493164062 -0.109062194824219
0.160369873046875 0.1009521484375 -0.0625457763671875 -0.15771484375
0.1146240234375 0.18121337890625 -0.0382537841796875 -0.149856567382813
0.0715179443359375 0.232666015625 0.105682373046875 -0.11761474609375
0.1112060546875 0.141281127929688 0.0593299865722656 0.0142326354980469
0.16748046875 0.0784912109375 0.124542236328125 0.0679550170898438
0.14892578125 -0.038238525390625 0.166015625 -0.0360260009765625
0.0896530151367187 -0.0937423706054688 0.106208801269531 -0.113052368164063
0.000434875488281257 -0.127304077148438 0.00277709960937499 -0.150177001953125
-0.058380126953125 -0.119087219238281 -0.065948486328125 -0.106300354003906
-0.051239013671875 -0.109138488769531 -0.0624656677246094 -0.043914794921875
-0.07159423828125 -0.117988586425781 -0.0516738891601563 -0.021881103515625
-0.0361709594726563 -0.130989074707031 -0.0598068237304687 -0.00270080566406252
0.041229248046875 -0.142181396484375 -0.065948486328125 0.0058441162109375
0.120147705078125 -0.104904174804688 -0.0830764770507813 -0.0336761474609375
0.18829345703125 0.0335845947265625 -0.0777511596679688 -0.0798721313476562
0.181594848632813 0.131561279296875 -0.0481414794921875 -0.118614196777344
0.106170654296875 0.222671508789063 -0.0210189819335937 -0.0809097290039062
0.0330352783203125 0.262115478515625 0.124420166015625 -0.0255584716796875
0.0957183837890625 0.201431274414063 0.07989501953125 0.0758743286132813
0.19366455078125 0.137847900390625 0.1224365234375 0.1021728515625
0.198516845703125 -0.0213470458984375 0.16131591796875 0.0057830810546875
0.127250671386719 -0.109268188476563 0.111167907714844 -0.0656509399414063
0.0106201171875 -0.161331176757813 0.0226058959960938 -0.105758666992188
-0.06439208984375 -0.146759033203125 -0.0351524353027344 -0.0647315979003906
-0.0598526000976562 -0.133865356445313 -0.0333995819091797 -0.00581932067871095
-0.0872650146484375 -0.143707275390625 -0.0223522186279297 0.0157718658447266
-0.0457305908203125 -0.155853271484375 -0.0409736633300781 0.0391807556152344
0.0440673828125 -0.1671142578125 -0.0541725158691406 0.0443916320800781
0.1319580078125 -0.118728637695312 -0.0816268920898437 -0.000648498535156241
0.202560424804688 0.0393524169921875 -0.0794906616210938 -0.0526504516601562
0.18048095703125 0.147445678710938 -0.02557373046875 -0.0812606811523437
0.08380126953125 0.23760986328125 -0.00273799896240234 -0.00516891479492186
-0.0108795166015625 0.2445068359375 0.126800537109375 0.071197509765625
0.0557861328125 0.219894409179688 0.0880661010742188 0.140052795410156
0.172988891601563 0.173736572265625 0.108497619628906 0.129905700683594
0.205245971679688 0.00677490234375 0.139434814453125 0.0476837158203125
0.1417236328125 -0.099365234375 0.100364685058594 -0.014434814453125
0.0210723876953125 -0.165939331054688 0.0369415283203125 -0.0506935119628906
-0.0596466064453125 -0.151016235351562 -0.00087547302246094 -0.0158796310424805
-0.0591659545898438 -0.138069152832031 0.000291824340820307 0.0319728851318359
-0.08892822265625 -0.148880004882813 0.0116462707519531 0.0544242858886719
-0.048309326171875 -0.159820556640625 -0.0174713134765625 0.0804824829101562
0.04571533203125 -0.169418334960938 -0.0394973754882812 0.0807037353515625
0.132110595703125 -0.114730834960937 -0.07794189453125 0.0292129516601563
0.193801879882813 0.0497283935546875 -0.076904296875 -0.0322265625
0.152740478515625 0.155609130859375 -0.000854492187499995 -0.0456314086914062
0.04534912109375 0.227020263671875 0.0116691589355469 0.0694389343261719
-0.0500946044921875 0.18109130859375 0.116119384765625 0.154205322265625
0.00544738769531249 0.18756103515625 0.0839996337890625 0.191696166992187
0.1160888671875 0.167205810546875 0.087890625 0.14410400390625
0.168411254882813 0.0286407470703125 0.10845947265625 0.0784225463867188
0.125160217285156 -0.0718231201171875 0.0815048217773438 0.02880859375
0.025054931640625 -0.1402587890625 0.0452384948730469 0.00291442871093749
-0.0462799072265625 -0.130805969238281 0.0298175811767578 0.0306015014648437
-0.0492324829101563 -0.120887756347656 0.0343399047851563 0.066436767578125
-0.07568359375 -0.132400512695313 0.0443267822265625 0.090606689453125
-0.0405120849609375 -0.14300537109375 0.00534820556640624 0.118942260742187
0.0451507568359375 -0.150283813476563 -0.0286636352539062 0.112037658691406
0.122634887695313 -0.0939483642578125 -0.0771331787109375 0.0543746948242188
0.164260864257813 0.0621490478515625 -0.075775146484375 -0.0157012939453125
0.104690551757813 0.151748657226563 0.0176296234130859 -0.0112113952636719
-0.00274658203124999 0.191085815429688 0.0148239135742187 0.13800048828125
-0.07965087890625 0.0862655639648438 0.0984039306640625 0.204605102539063
-0.0402145385742188 0.117744445800781 0.07525634765625 0.21795654296875
0.0445556640625 0.121284484863281 0.0709686279296875 0.144058227539063
0.10125732421875 0.0356903076171875 0.082305908203125 0.09442138671875
0.08245849609375 -0.0370864868164063 0.0643348693847656 0.0544586181640625
0.0197296142578125 -0.0912628173828125 0.0506019592285156 0.0418891906738281
-0.0270538330078125 -0.089080810546875 0.0553169250488281 0.0652046203613281
-0.0315475463867188 -0.0845489501953125 0.0621871948242187 0.0906143188476563
-0.0515060424804688 -0.0966796875 0.0702896118164063 0.119651794433594
-0.0268707275390625 -0.106773376464844 0.0222015380859375 0.149627685546875
0.040496826171875 -0.111213684082031 -0.025634765625 0.137626647949219
0.0989990234375 -0.062530517578125 -0.0816497802734375 0.0732040405273438
0.116561889648438 0.06683349609375 -0.0787887573242187 -0.0045318603515625
0.045013427734375 0.129234313964844 0.0236396789550781 0.0194950103759766
-0.0508651733398438 0.130416870117188 0.00325012207031249 0.190887451171875
0.0821533203125 -0.026153564453125 -0.00888061523437499 -0.227645874023438
-0.000381469726562508 -0.0850296020507813 -0.025115966796875 -0.0475349426269531
-0.0590858459472656 -0.045074462890625 0.0905609130859375 0.0125350952148437
-0.05718994140625 0.0210533142089844 0.124618530273438 -0.0881195068359375
-0.0241241455078125 0.05145263671875 0.050811767578125 -0.162734985351563
0.0135993957519531 0.05780029296875 -0.041290283203125 -0.178390502929688
0.0164566040039063 0.0402793884277344 -0.104461669921875 -0.148117065429688
0.0134010314941406 0.0406036376953125 -0.0920791625976563 -0.105430603027344
0.00802230834960938 0.0460662841796875 -0.0789413452148438 -0.0815582275390625
-0.0204544067382812 0.0334033966064453 -0.0627365112304688 -0.0718231201171875
-0.037750244140625 0.000663757324218751 -0.0701103210449219 -0.0678367614746094
-0.021453857421875 -0.0442733764648438 -0.0751800537109375 -0.106727600097656
0.0361824035644531 -0.0605010986328125 -0.0556182861328125 -0.168548583984375
0.0870819091796875 -0.0331573486328125 -0.0737457275390625 -0.229660034179688
0.108085632324219 0.0153732299804688 -0.0710296630859375 -0.243759155273438
0.103782653808594 0.0760116577148438 0.029510498046875 -0.230682373046875
0.0568923950195313 -0.020111083984375 -0.00238418579101562 -0.0522041320800781
0.0233440399169922 -0.0231552124023438 0.105422973632813 0.0200424194335938
0.00461578369140625 -0.0131645202636719 0.143463134765625 -0.087066650390625
0.005889892578125 -0.00467777252197266 0.070556640625 -0.16741943359375
-0.000369071960449218 -0.00722742080688477 -0.036376953125 -0.19061279296875
-0.0185966491699219 -0.018524169921875 -0.108383178710937 -0.15191650390625
-0.0133419036865234 -0.0172433853149414 -0.0956497192382813 -0.0984725952148438
-0.0216484069824219 -0.018310546875 -0.0826950073242188 -0.0765762329101563
-0.0194625854492188 -0.0319995880126953 -0.0719528198242188 -0.0647964477539062
0.0041656494140625 -0.0520248413085938 -0.0738754272460938 -0.0568008422851562
0.04766845703125 -0.0575218200683594 -0.07830810546875 -0.0954360961914062
0.102012634277344 -0.00495147705078125 -0.063079833984375 -0.147445678710938
0.130706787109375 0.0490188598632812 -0.07305908203125 -0.205337524414062
0.119110107421875 0.115974426269531 -0.056854248046875 -0.216094970703125
0.10247802734375 0.173477172851563 0.0726470947265625 -0.196044921875
0.0998992919921875 0.0632781982421875 0.0290279388427734 -0.0312480926513672
0.108795166015625 0.0205917358398437 0.121719360351563 0.0405654907226563
0.0805892944335937 -0.0373306274414062 0.163467407226563 -0.07135009765625
0.0474624633789063 -0.0591278076171875 0.09356689453125 -0.154403686523438
-0.00604248046875 -0.0753250122070312 -0.0206451416015625 -0.185684204101563
-0.0464935302734375 -0.0763626098632813 -0.0961990356445313 -0.139396667480469
-0.0377197265625 -0.0718917846679687 -0.086639404296875 -0.0772857666015625
-0.051605224609375 -0.0772781372070313 -0.0756454467773437 -0.0547409057617188
-0.0271530151367187 -0.091400146484375 -0.073486328125 -0.0389175415039063
0.0301589965820313 -0.105278015136719 -0.0768890380859375 -0.0295639038085938
0.0973281860351563 -0.0840225219726563 -0.08636474609375 -0.0700759887695312
0.160552978515625 0.0237274169921875 -0.07537841796875 -0.117835998535156
0.170379638671875 0.104904174804688 -0.0685577392578125 -0.1688232421875
0.1229248046875 0.19122314453125 -0.0416107177734375 -0.159835815429688
0.0779876708984375 0.245803833007812 0.107696533203125 -0.124015808105469
0.116806030273438 0.149337768554688 0.0598487854003906 0.01580810546875
0.178680419921875 0.0813140869140625 0.132926940917969 0.0727005004882813
0.156631469726562 -0.041839599609375 0.176055908203125 -0.0382537841796875
0.09490966796875 -0.100059509277344 0.112892150878906 -0.120849609375
-0.00126647949218751 -0.133628845214844 0.00144958496093749 -0.158462524414063
-0.0649032592773438 -0.124702453613281 -0.0713653564453125 -0.110061645507813
-0.0558853149414062 -0.115898132324219 -0.0653800964355469 -0.043487548828125
-0.0778274536132812 -0.122421264648437 -0.0547103881835938 -0.0211753845214844
-0.0403976440429688 -0.136734008789063 -0.0642280578613281 -0.000545501708984381
0.04095458984375 -0.150726318359375 -0.071380615234375 0.00801086425781249
0.125709533691406 -0.111915588378906 -0.0900115966796875 -0.035797119140625
0.200698852539063 0.0335540771484375 -0.0841445922851562 -0.0859832763671875
0.193557739257813 0.136138916015625 -0.053619384765625 -0.128082275390625
0.11474609375 0.235824584960938 -0.0234603881835937 -0.0862350463867188
0.0379638671875 0.277786254882813 0.128257751464844 -0.0283355712890625
0.101486206054687 0.212905883789063 0.0826339721679688 0.0799942016601563
0.207794189453125 0.143844604492188 0.130195617675781 0.109657287597656
0.20867919921875 -0.0247344970703125 0.1715087890625 0.006622314453125
0.134422302246094 -0.117019653320313 0.118743896484375 -0.0702362060546875
0.00862121582031252 -0.169448852539063 0.0230331420898437 -0.11175537109375
-0.0709075927734375 -0.153335571289063 -0.038238525390625 -0.0664596557617188
-0.065032958984375 -0.141632080078125 -0.0341148376464844 -0.00396919250488282
-0.0944671630859375 -0.148971557617188 -0.0239200592041016 0.0184078216552734
-0.05126953125 -0.162490844726562 -0.0434608459472656 0.0437507629394531
0.0434417724609375 -0.176498413085938 -0.0578346252441406 0.0481147766113281
0.137351989746094 -0.127227783203125 -0.087493896484375 -0.00032806396484374
0.216064453125 0.03839111328125 -0.0854644775390625 -0.0575103759765625
0.192367553710937 0.152816772460937 -0.0286636352539062 -0.0882110595703125
0.0907745361328125 0.251495361328125 -0.00341606140136718 -0.00710678100585936
-0.00918579101562498 0.259765625 0.132240295410156 0.074798583984375
0.059844970703125 0.231918334960938 0.0917510986328125 0.147323608398438
0.186660766601563 0.18145751953125 0.114639282226563 0.139205932617188
0.216827392578125 0.004180908203125 0.147872924804688 0.051422119140625
0.148605346679688 -0.106430053710938 0.10797119140625 -0.0154342651367188
0.018951416015625 -0.174179077148438 0.0384445190429687 -0.0541038513183594
-0.066650390625 -0.158950805664063 -0.001495361328125 -0.0159797668457031
-0.0649871826171875 -0.145004272460938 0.00205612182617187 0.0359649658203125
-0.0966949462890625 -0.1536865234375 0.0121116638183594 0.0584259033203125
-0.0540618896484375 -0.166519165039063 -0.0175094604492187 0.0863876342773437
0.0440673828125 -0.1795654296875 -0.0415420532226563 0.0857162475585937
0.137115478515625 -0.123382568359375 -0.0831375122070312 0.0307388305664063
0.207015991210938 0.050384521484375 -0.082977294921875 -0.0343093872070312
0.16357421875 0.16107177734375 -0.00165939331054686 -0.0507926940917969
0.051025390625 0.240310668945313 0.0129547119140625 0.0720138549804688
-0.0506439208984375 0.19189453125 0.122024536132813 0.16162109375
0.00692749023437499 0.198776245117188 0.0892181396484375 0.201736450195312
0.126632690429688 0.175643920898438 0.0930328369140625 0.154998779296875
0.177032470703125 0.02740478515625 0.115730285644531 0.0843124389648438
0.1314697265625 -0.077606201171875 0.0880584716796875 0.0298309326171875
0.0234222412109375 -0.147384643554688 0.0481758117675781 0.00168609619140624
-0.0522384643554688 -0.136360168457031 0.0330123901367188 0.0318241119384766
-0.0541915893554687 -0.126853942871094 0.0377655029296875 0.07073974609375
-0.082794189453125 -0.137115478515625 0.0476455688476563 0.09576416015625
-0.0462493896484375 -0.148483276367188 0.00708770751953125 0.125709533691406
0.0441131591796875 -0.158798217773438 -0.0296401977539062 0.118705749511719
0.127479553222656 -0.101303100585938 -0.0815887451171875 0.0572586059570313
0.175582885742187 0.0630950927734375 -0.081207275390625 -0.0166702270507813
0.112762451171875 0.158126831054688 0.0185737609863281 -0.0141525268554687
0.000167846679687493 0.202972412109375 0.017303466796875 0.14410400390625
-0.0821075439453125 0.0923538208007813 0.103424072265625 0.215286254882813
-0.0408782958984375 0.125404357910156 0.08111572265625 0.229568481445313
0.0498504638671875 0.127708435058594 0.0755462646484375 0.154327392578125
0.107566833496094 0.0350570678710938 0.0887603759765625 0.101280212402344
0.0868606567382813 -0.0400772094726563 0.0699920654296875 0.0574874877929688
0.0193939208984375 -0.096466064453125 0.0547752380371094 0.0430564880371094
-0.0311965942382812 -0.0931243896484375 0.0602607727050781 0.0683212280273438
-0.0357742309570313 -0.0883255004882813 0.0670928955078125 0.0958023071289063
-0.0564422607421875 -0.0994949340820313 0.0755081176757813 0.125709533691406
-0.03131103515625 -0.111434936523438 0.0250701904296875 0.157806396484375
0.0397720336914062 -0.117950439453125 -0.025909423828125 0.144912719726563
0.103141784667969 -0.0673141479492188 -0.0861053466796875 0.0779800415039063
0.1234130859375 0.0689697265625 -0.0835037231445312 -0.00424194335937498
0.0495071411132812 0.135246276855469 0.0255279541015625 0.0187950134277344
-0.0510406494140625 0.138496398925781 0.00569152832031251 0.200149536132813
0.0870437622070313 -0.0318603515625 -0.019073486328125 -0.240676879882813
-0.00438690185546875 -0.0890121459960938 -0.029815673828125 -0.0470657348632813
-0.0647201538085938 -0.0450592041015625 0.0986709594726563 0.0101089477539062
-0.0598182678222656 0.0237655639648438 0.12933349609375 -0.0988616943359375
-0.0226058959960937 0.0550346374511719 0.0474090576171875 -0.174713134765625
0.0176467895507813 0.0609474182128906 -0.0504608154296875 -0.188430786132812
0.01947021484375 0.0414886474609375 -0.117950439453125 -0.153289794921875
0.0164070129394531 0.0410575866699219 -0.102409362792969 -0.108833312988281
0.0119056701660156 0.0470466613769531 -0.0879669189453125 -0.0838851928710937
-0.0188255310058594 0.0359649658203125 -0.0698013305664063 -0.0738983154296875
-0.0393600463867187 0.00283813476562499 -0.0783309936523438 -0.0702438354492188
-0.0247306823730469 -0.0456047058105469 -0.0852737426757813 -0.112022399902344
0.0355186462402344 -0.0652732849121094 -0.0664520263671875 -0.180221557617188
0.0903472900390625 -0.0380477905273438 -0.087799072265625 -0.243392944335938
0.116378784179688 0.01220703125 -0.085113525390625 -0.258773803710938
0.114837646484375 0.0768890380859375 0.0212249755859375 -0.24652099609375
0.0582618713378906 -0.0216827392578125 -0.00671005249023437 -0.0535202026367188
0.0238513946533203 -0.0254096984863281 0.113983154296875 0.0185317993164062
0.004364013671875 -0.0147085189819336 0.149856567382813 -0.0980072021484375
0.00651931762695313 -0.00578927993774414 0.0688934326171875 -0.181137084960938
-0.000498294830322265 -0.0083155632019043 -0.0456085205078125 -0.202255249023437
-0.0203475952148438 -0.0184173583984375 -0.121368408203125 -0.157241821289063
-0.0148162841796875 -0.019012451171875 -0.105354309082031 -0.101097106933594
-0.0229701995849609 -0.0199604034423828 -0.09210205078125 -0.0777740478515625
-0.0214824676513672 -0.0330753326416016 -0.0793609619140625 -0.0657196044921875
0.00286865234375 -0.0552291870117187 -0.0820846557617188 -0.0578155517578125
0.0485382080078125 -0.0631332397460938 -0.0885848999023437 -0.100250244140625
0.108627319335938 -0.0087432861328125 -0.074066162109375 -0.158111572265625
0.139869689941406 0.0472335815429688 -0.08697509765625 -0.21868896484375
0.131240844726563 0.119361877441406 -0.0684661865234375 -0.229751586914063
0.116653442382812 0.18121337890625 0.067535400390625 -0.210586547851563
0.107101440429687 0.0651321411132813 0.0271987915039063 -0.0324306488037109
0.117630004882813 0.0180740356445313 0.132843017578125 0.0404205322265625
0.0841751098632813 -0.0433425903320313 0.172271728515625 -0.08087158203125
0.0490951538085938 -0.0658340454101563 0.0949554443359375 -0.168212890625
-0.00933837890625001 -0.0801239013671875 -0.0287017822265625 -0.196914672851563
-0.0535659790039062 -0.0789871215820313 -0.107757568359375 -0.144271850585938
-0.0434646606445312 -0.0765151977539063 -0.0944290161132812 -0.0779647827148438
-0.0582733154296875 -0.0804443359375 -0.0826034545898438 -0.0539474487304688
-0.0322113037109375 -0.0956344604492188 -0.0804443359375 -0.0371932983398438
0.0278244018554687 -0.113258361816406 -0.0839462280273438 -0.0277023315429688
0.100982666015625 -0.0936203002929688 -0.0967025756835938 -0.0725021362304687
0.1732177734375 0.018951416015625 -0.08673095703125 -0.1268310546875
0.184524536132813 0.104446411132812 -0.080657958984375 -0.179885864257812
0.137832641601562 0.19976806640625 -0.0510711669921875 -0.170639038085938
0.0935821533203125 0.260482788085937 0.1075439453125 -0.135414123535156
0.129013061523438 0.156326293945313 0.0615730285644531 0.0157661437988281
0.195144653320313 0.0799713134765625 0.14471435546875 0.075286865234375
0.165023803710938 -0.050872802734375 0.187026977539063 -0.046142578125
0.0982894897460938 -0.111480712890625 0.11749267578125 -0.132316589355469
-0.00755310058593751 -0.141983032226563 -0.00463867187500001 -0.169265747070312
-0.0748443603515625 -0.129219055175781 -0.0804367065429687 -0.113189697265625
-0.0645675659179688 -0.122177124023438 -0.0695381164550781 -0.0426559448242188
-0.0884475708007812 -0.126945495605469 -0.0594139099121094 -0.0188407897949219
-0.0487060546875 -0.142974853515625 -0.0688514709472656 0.003448486328125
0.0367889404296875 -0.161956787109375 -0.07684326171875 0.0121612548828125
0.129493713378906 -0.124725341796875 -0.0991134643554688 -0.0356521606445313
0.217117309570313 0.0273895263671875 -0.0946044921875 -0.0920944213867188
0.211593627929688 0.136489868164063 -0.063140869140625 -0.137336730957031
0.131866455078125 0.24859619140625 -0.028839111328125 -0.0930938720703125
0.05181884765625 0.295501708984375 0.133148193359375 -0.0344924926757812
0.114364624023438 0.224655151367188 0.0879440307617188 0.08221435546875
0.228912353515625 0.144775390625 0.14312744140625 0.11541748046875
0.220932006835938 -0.03472900390625 0.1837158203125 0.002899169921875
0.139999389648438 -0.1302490234375 0.125625610351563 -0.0795135498046875
0.00202941894531251 -0.179779052734375 0.019317626953125 -0.120079040527344
-0.0832672119140625 -0.159713745117187 -0.0432090759277344 -0.0679435729980469
-0.0759735107421875 -0.1483154296875 -0.0352439880371094 -0.00117492675781251
-0.107620239257813 -0.15399169921875 -0.0249614715576172 0.0226001739501953
-0.06268310546875 -0.169418334960937 -0.0456886291503906 0.0495834350585937
0.036895751953125 -0.189483642578125 -0.0605430603027344 0.0541114807128906
0.140655517578125 -0.1417236328125 -0.0958633422851562 0.00223541259765624
0.233016967773438 0.031982421875 -0.0941314697265625 -0.0600128173828125
0.21136474609375 0.153732299804688 -0.035308837890625 -0.095123291015625
0.10760498046875 0.266464233398438 -0.00409364700317382 -0.0085020065307617
0.00103759765624999 0.2777099609375 0.140960693359375 0.0746002197265625
0.0708160400390625 0.24554443359375 0.100692749023438 0.154083251953125
0.207244873046875 0.185958862304687 0.128250122070313 0.146957397460938
0.23101806640625 -0.0040130615234375 0.160736083984375 0.0514984130859375
0.15631103515625 -0.119461059570313 0.116523742675781 -0.0207138061523438
0.01318359375 -0.184982299804688 0.0384941101074219 -0.0589065551757813
-0.0788726806640625 -0.164810180664063 -0.00176239013671875 -0.0157184600830078
-0.07568359375 -0.1519775390625 0.00495147705078125 0.0394363403320312
-0.109725952148437 -0.15826416015625 0.015380859375 0.0634498596191406
-0.065338134765625 -0.172927856445313 -0.0157318115234375 0.0941009521484375
0.0374755859375 -0.192047119140625 -0.0416793823242187 0.0932998657226562
0.140701293945313 -0.138092041015625 -0.0888900756835937 0.03594970703125
0.22296142578125 0.0434417724609375 -0.090362548828125 -0.0350570678710938
0.180816650390625 0.163848876953125 -0.00474929809570312 -0.0563888549804688
0.0649261474609375 0.255538940429688 0.0161819458007813 0.075439453125
-0.0463409423828125 0.207595825195313 0.133636474609375 0.168548583984375
0.014312744140625 0.211822509765625 0.100799560546875 0.211502075195313
0.142532348632812 0.181549072265625 0.104873657226563 0.164108276367188
0.190338134765625 0.0214996337890625 0.127822875976563 0.0876235961914063
0.137939453125 -0.08819580078125 0.0970458984375 0.0285186767578125
0.01788330078125 -0.15679931640625 0.0512237548828125 -0.00062561035156251
-0.0623931884765625 -0.14251708984375 0.0365867614746094 0.0336189270019531
-0.0642929077148438 -0.132637023925781 0.0443878173828125 0.0755157470703125
-0.09503173828125 -0.1402587890625 0.0545425415039063 0.100730895996094
-0.057159423828125 -0.154953002929688 0.0121841430664062 0.134941101074219
0.038177490234375 -0.170501708984375 -0.0276107788085938 0.127304077148438
0.130607604980469 -0.113685607910156 -0.0857009887695312 0.0640487670898438
0.190414428710938 0.0596466064453125 -0.0874862670898438 -0.0154647827148438
0.12713623046875 0.163330078125 0.0192604064941406 -0.0178546905517578
0.0091094970703125 0.217575073242188 0.0241241455078125 0.151885986328125
-0.083251953125 0.101394653320313 0.116119384765625 0.225982666015625
-0.0386886596679688 0.135147094726563 0.0937042236328125 0.241561889648438
0.0599822998046875 0.133621215820313 0.0855712890625 0.163742065429688
0.115631103515625 0.0322952270507813 0.10028076171875 0.106986999511719
0.0911026000976563 -0.0463790893554688 0.0782852172851562 0.0594940185546875
0.0156784057617188 -0.102279663085938 0.0597267150878906 0.0434646606445312
-0.0376739501953125 -0.0970687866210937 0.0669174194335938 0.070281982421875
-0.0416717529296875 -0.0927734375 0.0768203735351563 0.100196838378906
-0.064422607421875 -0.10260009765625 0.0853347778320313 0.131912231445313
-0.0382843017578125 -0.115203857421875 0.0320587158203125 0.168899536132813
0.0363922119140625 -0.126853942871094 -0.0220794677734375 0.1549072265625
0.106338500976563 -0.075714111328125 -0.0895614624023438 0.0863113403320313
0.1353759765625 0.0675048828125 -0.0900192260742188 -0.00201416015625001
0.058135986328125 0.142333984375 0.0285739898681641 0.0168495178222656
-0.0479278564453125 0.150161743164063 0.014434814453125 0.211288452148437
0.0897674560546875 -0.040924072265625 -0.0373687744140625 -0.250778198242187
-0.0112457275390625 -0.0913925170898438 -0.0356216430664063 -0.0444526672363281
-0.0722198486328125 -0.0422592163085938 0.105934143066406 0.004486083984375
-0.0607833862304688 0.0287437438964844 0.129356384277344 -0.112190246582031
-0.0196342468261719 0.0595359802246094 0.0388031005859375 -0.18560791015625
0.0243644714355469 0.0620346069335938 -0.0646209716796875 -0.195281982421875
0.0244789123535156 0.04217529296875 -0.134719848632813 -0.152816772460938
0.020751953125 0.040374755859375 -0.114776611328125 -0.108024597167969
0.0166702270507812 0.0465431213378906 -0.0980682373046875 -0.0822296142578125
-0.0150146484375 0.0390777587890625 -0.07952880859375 -0.0733489990234375
-0.0400314331054688 0.00581359863281249 -0.0872344970703125 -0.0692138671875
-0.0291519165039062 -0.045562744140625 -0.0988616943359375 -0.114295959472656
0.0325775146484375 -0.070526123046875 -0.0836639404296875 -0.187042236328125
0.0908660888671875 -0.04547119140625 -0.108627319335938 -0.251220703125
0.123497009277344 0.004486083984375 -0.106796264648437 -0.267959594726563
0.126274108886719 0.0725555419921875 0.00421142578124999 -0.259765625
0.05938720703125 -0.0248565673828125 -0.012451171875 -0.0530319213867187
0.0232601165771484 -0.0274505615234375 0.122383117675781 0.0124969482421875
0.00384902954101562 -0.0163059234619141 0.150894165039063 -0.112380981445313
0.00695323944091797 -0.00780725479125977 0.0600738525390625 -0.194320678710937
-0.00028085708618164 -0.00848388671875 -0.061431884765625 -0.208999633789063
-0.0227317810058594 -0.0181694030761719 -0.138473510742188 -0.155838012695312
-0.0170021057128906 -0.0201320648193359 -0.117286682128906 -0.0989913940429687
-0.0250911712646484 -0.0199737548828125 -0.10205078125 -0.0747833251953125
-0.0230674743652344 -0.0330944061279297 -0.0881423950195313 -0.0632400512695313
0.000160217285156253 -0.0575942993164063 -0.0908737182617187 -0.0550689697265625
0.0469894409179688 -0.0698776245117188 -0.101661682128906 -0.101112365722656
0.114044189453125 -0.0168533325195313 -0.0897064208984375 -0.164154052734375
0.149139404296875 0.040557861328125 -0.106887817382813 -0.226104736328125
0.146392822265625 0.116668701171875 -0.087677001953125 -0.239349365234375
0.1361083984375 0.182754516601563 0.0548858642578125 -0.225967407226563
0.115875244140625 0.063568115234375 0.0234642028808594 -0.0341014862060547
0.125656127929688 0.0108108520507813 0.1431884765625 0.0355987548828125
0.0853424072265625 -0.0510330200195312 0.176681518554688 -0.09619140625
0.0482330322265625 -0.073333740234375 0.0891571044921875 -0.183486938476563
-0.0155029296875 -0.0832290649414063 -0.0436248779296875 -0.204574584960938
-0.0626754760742188 -0.0789337158203125 -0.123092651367187 -0.142807006835938
-0.0511398315429688 -0.078155517578125 -0.103248596191406 -0.0746841430664063
-0.0671005249023437 -0.0801849365234375 -0.0906600952148437 -0.0501785278320313
-0.039764404296875 -0.0976181030273437 -0.0874252319335938 -0.032928466796875
0.021087646484375 -0.120361328125 -0.0914154052734375 -0.0230789184570313
0.0998153686523437 -0.104904174804687 -0.109024047851563 -0.0715866088867188
0.1844482421875 0.008087158203125 -0.101051330566406 -0.130722045898437
0.200271606445313 0.0967559814453125 -0.0986785888671875 -0.185836791992188
0.159393310546875 0.20306396484375 -0.065460205078125 -0.178268432617188
0.11676025390625 0.268325805664063 0.101608276367188 -0.149749755859375
0.144393920898438 0.15802001953125 0.0623321533203125 0.0137939453125
0.211456298828125 0.0711212158203125 0.158615112304688 0.072357177734375
0.170242309570313 -0.0647735595703125 0.194595336914063 -0.059478759765625
0.096954345703125 -0.124679565429688 0.115371704101563 -0.1478271484375
-0.01812744140625 -0.147964477539063 -0.016693115234375 -0.177276611328125
-0.0892333984375 -0.129730224609375 -0.0919647216796875 -0.111480712890625
-0.077239990234375 -0.124252319335938 -0.0746383666992188 -0.0386886596679687
-0.102340698242188 -0.126388549804688 -0.0635566711425781 -0.014251708984375
-0.06170654296875 -0.145614624023438 -0.07208251953125 0.0105133056640625
0.0267333984375 -0.171920776367188 -0.0810546875 0.0185775756835938
0.128097534179688 -0.140625 -0.109718322753906 -0.03216552734375
0.231292724609375 0.0131072998046875 -0.107627868652344 -0.0930938720703125
0.231613159179687 0.128555297851562 -0.077392578125 -0.142059326171875
0.15618896484375 0.254592895507813 -0.0366897583007813 -0.09771728515625
0.074981689453125 0.3095703125 0.135940551757813 -0.0442352294921875
0.134475708007813 0.230117797851562 0.0943450927734375 0.082275390625
0.251739501953125 0.137298583984375 0.159072875976563 0.1143798828125
0.230316162109375 -0.05120849609375 0.194442749023438 -0.0071258544921875
0.13983154296875 -0.146942138671875 0.12872314453125 -0.09246826171875
-0.010528564453125 -0.189071655273438 0.0121307373046875 -0.127281188964844
-0.100677490234375 -0.160903930664063 -0.0495223999023438 -0.0674018859863282
-0.091033935546875 -0.150146484375 -0.0343990325927734 0.00240516662597655
-0.124603271484375 -0.152481079101563 -0.0247726440429688 0.0269374847412109
-0.07843017578125 -0.1719970703125 -0.0441551208496094 0.0571517944335937
0.0242156982421875 -0.200942993164063 -0.0610198974609375 0.0623245239257812
0.137771606445313 -0.159393310546875 -0.101943969726563 0.00850677490234372
0.249008178710938 0.0166168212890625 -0.105293273925781 -0.058624267578125
0.232376098632812 0.146453857421875 -0.0453414916992187 -0.100135803222656
0.131942749023437 0.273727416992188 -0.00515174865722656 -0.0103588104248047
0.020538330078125 0.292877197265625 0.15069580078125 0.0698089599609375
0.091156005859375 0.255096435546875 0.113143920898438 0.155059814453125
0.233245849609375 0.181411743164063 0.144607543945313 0.149322509765625
0.241744995117188 -0.0207366943359375 0.17449951171875 0.044830322265625
0.157150268554688 -0.137039184570313 0.122795104980469 -0.029998779296875
1.19076598964433E-17 -0.194473266601563 0.0356712341308594 -0.064788818359375
-0.096221923828125 -0.166046142578125 -0.00261116027832032 -0.0149717330932617
-0.091461181640625 -0.153610229492187 0.0100440979003906 0.0430183410644531
-0.128143310546875 -0.156524658203125 0.020660400390625 0.0669174194335937
-0.082427978515625 -0.175338745117188 -0.0103378295898438 0.102500915527344
0.0237884521484375 -0.203842163085938 -0.0381622314453125 0.101776123046875
0.137420654296875 -0.154937744140625 -0.0931015014648438 0.0437850952148437
0.23980712890625 0.0300750732421875 -0.0995254516601562 -0.0320663452148438
0.201171875 0.15899658203125 -0.00976562499999999 -0.06134033203125
0.0859527587890625 0.265960693359375 0.022705078125 0.0772018432617188
-0.0334930419921875 0.221786499023438 0.149307250976563 0.16925048828125
0.0296478271484375 0.222930908203125 0.1175537109375 0.216339111328125
0.164901733398438 0.181289672851563 0.1204833984375 0.168350219726563
0.201187133789062 0.00872802734375 0.142166137695313 0.0854644775390625
0.139923095703125 -0.10260009765625 0.105682373046875 0.0230941772460937
0.00682067871093751 -0.165206909179688 0.0528793334960938 -0.00395202636718751
-0.0771484375 -0.143875122070313 0.0415725708007812 0.0336341857910156
-0.0774993896484375 -0.134681701660156 0.0537109375 0.0775375366210937
-0.110420227050781 -0.1395263671875 0.0639801025390625 0.103775024414062
-0.0714263916015625 -0.156417846679688 0.0219879150390625 0.142608642578125
0.026519775390625 -0.181259155273438 -0.020599365234375 0.136268615722656
0.128448486328125 -0.128425598144531 -0.087005615234375 0.0730133056640625
0.204452514648438 0.04876708984375 -0.093963623046875 -0.0116806030273437
0.144607543945313 0.161636352539063 0.0182361602783203 -0.0233097076416016
0.0252685546875 0.228607177734375 0.036224365234375 0.15716552734375
-0.0797500610351563 0.112739562988281 0.135696411132813 0.23175048828125
-0.0304718017578125 0.144744873046875 0.113327026367187 0.248703002929687
0.0736541748046875 0.136863708496094 0.101287841796875 0.168609619140625
0.123146057128906 0.0255279541015625 0.114501953125 0.1075439453125
0.0926055908203125 -0.0557632446289063 0.088165283203125 0.0570220947265625
0.009033203125 -0.107833862304687 0.0657615661621094 0.0415458679199219
-0.0484771728515625 -0.0982666015625 0.0762481689453125 0.06982421875
-0.0508041381835938 -0.0942459106445312 0.0890960693359375 0.100936889648437
-0.0760040283203125 -0.102119445800781 0.0987396240234375 0.133842468261719
-0.0498123168945312 -0.116455078125 0.04547119140625 0.176193237304688
0.0280303955078125 -0.135459899902344 -0.0134124755859375 0.164764404296875
0.105575561523438 -0.0879058837890625 -0.089080810546875 0.096160888671875
0.148056030273438 0.061920166015625 -0.0951995849609375 0.00241851806640623
0.0705108642578125 0.14508056640625 0.0309543609619141 0.0122165679931641
-0.039764404296875 0.161346435546875 0.029571533203125 0.220306396484375
0.0884780883789063 -0.049102783203125 -0.0571136474609375 -0.25201416015625
-0.01824951171875 -0.0907974243164062 -0.0400772094726563 -0.0395774841308594
-0.0771942138671875 -0.0367813110351563 0.109230041503906 -0.002838134765625
-0.0601615905761719 0.0335502624511719 0.124382019042969 -0.122756958007812
-0.0157737731933594 0.0615653991699219 0.0262451171875 -0.191207885742187
0.0302619934082031 0.0606155395507813 -0.07904052734375 -0.194549560546875
0.0288505554199219 0.0404205322265625 -0.14892578125 -0.146026611328125
0.0242118835449219 0.0379714965820313 -0.125167846679688 -0.101699829101563
0.0212745666503906 0.0437850952148438 -0.10626220703125 -0.0763626098632813
-0.0106353759765625 0.0401878356933594 -0.0867996215820312 -0.0700836181640625
-0.0387039184570312 0.00991058349609376 -0.0945053100585938 -0.064971923828125
-0.0329399108886719 -0.0442848205566406 -0.110954284667969 -0.110130310058594
0.0267486572265625 -0.0729141235351562 -0.099578857421875 -0.18585205078125
0.0882034301757813 -0.0517807006835938 -0.128646850585937 -0.248367309570313
0.1259765625 -0.005279541015625 -0.129226684570313 -0.26788330078125
0.134468078613281 0.063690185546875 -0.0162506103515625 -0.263992309570312
0.0580558776855469 -0.0279808044433594 -0.0189208984375 -0.0503196716308594
0.0210971832275391 -0.0294628143310547 0.126815795898438 0.0050506591796875
0.00307559967041016 -0.0175313949584961 0.14666748046875 -0.12506103515625
0.00669670104980469 -0.00934696197509766 0.0482025146484375 -0.201278686523438
-0.000536918640136718 -0.00927829742431641 -0.0772705078125 -0.208450317382813
-0.0244884490966797 -0.0164928436279297 -0.15277099609375 -0.14794921875
-0.0183620452880859 -0.0204048156738281 -0.126411437988281 -0.09283447265625
-0.0266551971435547 -0.0197105407714844 -0.109512329101563 -0.0688629150390625
-0.0248451232910156 -0.0322399139404297 -0.0949172973632813 -0.0578231811523438
-0.00386047363281249 -0.0578193664550781 -0.0975112915039062 -0.050018310546875
0.0428009033203125 -0.074188232421875 -0.113853454589844 -0.0969924926757813
0.115364074707031 -0.025421142578125 -0.1053466796875 -0.162246704101563
0.154144287109375 0.0304412841796875 -0.12615966796875 -0.223495483398438
0.157913208007813 0.108551025390625 -0.10748291015625 -0.240036010742187
0.153152465820313 0.176071166992188 0.0369720458984375 -0.233413696289062
0.122001647949219 0.0583343505859375 0.0186233520507813 -0.0338878631591797
0.129486083984375 0.00229644775390625 0.149749755859375 0.02783203125
0.0831375122070313 -0.0589828491210938 0.174057006835938 -0.108612060546875
0.0439682006835937 -0.0796737670898437 0.0782928466796875 -0.192901611328125
-0.022003173828125 -0.0834503173828125 -0.0595245361328125 -0.205001831054688
-0.0705108642578125 -0.0747528076171875 -0.13604736328125 -0.135292053222656
-0.0583038330078125 -0.0767440795898438 -0.109321594238281 -0.0684280395507812
-0.074066162109375 -0.077667236328125 -0.0957717895507813 -0.0434799194335938
-0.0474014282226562 -0.0961227416992188 -0.0916290283203125 -0.0258865356445312
0.0126724243164063 -0.123695373535156 -0.096221923828125 -0.0169677734375
0.0946502685546875 -0.114639282226562 -0.1187744140625 -0.0658416748046875
0.189178466796875 -0.0061187744140625 -0.11474609375 -0.127632141113281
0.210296630859375 0.0840606689453125 -0.115646362304687 -0.184127807617188
0.1778564453125 0.195098876953125 -0.079681396484375 -0.179122924804688
0.139068603515625 0.265640258789062 0.0908203125 -0.159286499023437
0.1578369140625 0.152114868164063 0.0614013671875 0.0112113952636719
0.222412109375 0.057403564453125 0.168716430664063 0.063751220703125
0.168563842773438 -0.07861328125 0.19622802734375 -0.073150634765625
0.0908660888671875 -0.135887145996094 0.108230590820312 -0.159332275390625
-0.0296173095703125 -0.148513793945313 -0.030517578125 -0.178421020507813
-0.101905822753906 -0.124488830566406 -0.101318359375 -0.10546875
-0.0883712768554688 -0.121391296386719 -0.0764923095703125 -0.0337677001953125
-0.114578247070312 -0.120315551757813 -0.0660820007324219 -0.00824356079101562
-0.0734100341796875 -0.143081665039063 -0.0730056762695313 0.0172653198242188
0.0133056640625 -0.176162719726563 -0.0818710327148437 0.0259933471679688
0.120285034179688 -0.152572631835938 -0.1165771484375 -0.0256423950195312
0.238006591796875 -0.0049896240234375 -0.119041442871094 -0.0892486572265625
0.244491577148437 0.112838745117187 -0.0910491943359375 -0.141098022460938
0.179046630859375 0.249893188476562 -0.044647216796875 -0.0988845825195312
0.099884033203125 0.310394287109375 0.1328125 -0.0548553466796875
0.152999877929688 0.22686767578125 0.09814453125 0.0777359008789063
0.268768310546875 0.121063232421875 0.171554565429688 0.10791015625
0.230987548828125 -0.0694732666015625 0.199859619140625 -0.0205841064453125
0.132476806640625 -0.161895751953125 0.12481689453125 -0.103790283203125
-0.025726318359375 -0.190841674804688 0.00145721435546876 -0.129638671875
-0.116043090820313 -0.1549072265625 -0.054443359375 -0.0632972717285156
-0.105026245117188 -0.14727783203125 -0.0331439971923828 0.00576782226562499
-0.139694213867188 -0.144363403320312 -0.0223941802978516 0.0313205718994141
-0.09320068359375 -0.1671142578125 -0.040618896484375 0.0638465881347656
0.00820922851562498 -0.205352783203125 -0.0586700439453125 0.0690574645996094
0.129058837890625 -0.173065185546875 -0.105873107910156 0.01519775390625
0.256149291992188 -0.0027923583984375 -0.114067077636719 -0.0540237426757813
0.247314453125 0.130706787109375 -0.0554046630859375 -0.100677490234375
0.156143188476563 0.271957397460938 -0.00634384155273437 -0.0118989944458008
0.0439453125 0.29827880859375 0.156280517578125 0.060882568359375
0.110504150390625 0.254531860351563 0.122406005859375 0.150894165039063
0.25262451171875 0.167984008789062 0.158645629882813 0.14447021484375
0.244522094726563 -0.0387725830078125 0.182281494140625 0.03515625
0.15142822265625 -0.153213500976563 0.124031066894531 -0.039459228515625
-0.0158233642578125 -0.196884155273437 0.0305366516113281 -0.0678672790527344
-0.111526489257812 -0.16058349609375 -0.00337600708007813 -0.0136604309082031
-0.10565185546875 -0.151016235351563 0.0160598754882812 0.0437469482421875
-0.143035888671875 -0.14825439453125 0.0260200500488281 0.0691909790039062
-0.09857177734375 -0.169692993164062 -0.00237274169921875 0.107040405273437
0.00738525390624999 -0.2086181640625 -0.0322189331054688 0.107467651367187
0.128326416015625 -0.16912841796875 -0.092987060546875 0.05120849609375
0.247085571289063 0.0108795166015625 -0.105064392089844 -0.0271682739257813
0.216476440429688 0.145370483398438 -0.0161705017089844 -0.0643653869628906
0.10845947265625 0.26611328125 0.0280990600585938 0.0747451782226563
-0.0171966552734375 0.228408813476563 0.161819458007813 0.16241455078125
0.0465545654296875 0.22576904296875 0.132080078125 0.21173095703125
0.183273315429688 0.17218017578125 0.13641357421875 0.165176391601563
0.204925537109375 -0.0063323974609375 0.152191162109375 0.07794189453125
0.134696960449219 -0.11572265625 0.110580444335938 0.0165863037109375
-0.00636291503906251 -0.16705322265625 0.0529937744140625 -0.00744247436523438
-0.0917816162109375 -0.139389038085938 0.04498291015625 0.0319862365722656
-0.0899734497070312 -0.131004333496094 0.0629806518554688 0.075836181640625
-0.123802185058594 -0.131637573242188 0.073638916015625 0.102615356445312
-0.085845947265625 -0.151046752929687 0.033233642578125 0.145706176757813
0.0120849609375 -0.185348510742187 -0.0112991333007813 0.140449523925781
0.12042236328125 -0.141143798828125 -0.0848007202148437 0.0807723999023438
0.213531494140625 0.032501220703125 -0.0985641479492187 -0.00677490234375002
0.159561157226563 0.152633666992188 0.0151481628417969 -0.0277271270751953
0.04425048828125 0.232315063476563 0.0484161376953125 0.15582275390625
-0.0720367431640625 0.121246337890625 0.153152465820313 0.226943969726563
-0.019927978515625 0.150772094726563 0.132034301757813 0.245376586914063
0.0866241455078125 0.132766723632813 0.115798950195313 0.16644287109375
0.127273559570312 0.0156326293945313 0.126564025878906 0.102035522460937
0.0910263061523438 -0.0641555786132813 0.0953750610351563 0.0519943237304687
-0.000114440917968749 -0.108924865722656 0.0701103210449219 0.0372428894042969
-0.0589218139648437 -0.0950546264648438 0.08349609375 0.0656890869140625
-0.060333251953125 -0.09210205078125 0.100090026855469 0.0969314575195313
-0.0855865478515625 -0.0971221923828125 0.110870361328125 0.129928588867188
-0.0599594116210938 -0.113090515136719 0.059417724609375 0.177734375
0.0170059204101563 -0.139091491699219 -0.0018463134765625 0.168472290039063
0.0993423461914063 -0.0979461669921875 -0.0846176147460938 0.104896545410156
0.155349731445313 0.051116943359375 -0.0971603393554687 0.00809478759765625
0.08270263671875 0.141387939453125 0.0317420959472656 0.00711822509765626
-0.02734375 0.16766357421875 0.0468597412109375 0.220413208007813
0.0849456787109375 -0.05523681640625 -0.0713043212890625 -0.247650146484375
-0.02264404296875 -0.0887222290039063 -0.042388916015625 -0.0342216491699219
-0.0791549682617188 -0.0310516357421875 0.109886169433594 -0.00818634033203125
-0.0588607788085937 0.0367317199707031 0.119140625 -0.128555297851563
-0.0124626159667969 0.0616950988769531 0.0178375244140625 -0.191390991210937
0.0342140197753906 0.0571479797363281 -0.088836669921875 -0.191375732421875
0.0319290161132813 0.0378837585449219 -0.156814575195312 -0.1378173828125
0.0263595581054688 0.0354995727539063 -0.131401062011719 -0.0960922241210937
0.0235977172851562 0.0402297973632813 -0.110931396484375 -0.0709075927734375
-0.00684738159179688 0.0394744873046875 -0.09100341796875 -0.0656661987304688
-0.0373573303222656 0.0120429992675781 -0.0987091064453125 -0.0616226196289063
-0.03533935546875 -0.0421142578125 -0.117996215820313 -0.105201721191406
0.0226211547851563 -0.0735702514648438 -0.109756469726562 -0.181121826171875
0.0851364135742188 -0.0550003051757813 -0.140914916992188 -0.241729736328125
0.125373840332031 -0.013458251953125 -0.142669677734375 -0.262496948242187
0.137908935546875 0.0557403564453125 -0.031982421875 -0.262252807617188
0.05633544921875 -0.0294151306152344 -0.0228118896484375 -0.0461616516113281
0.0201549530029297 -0.0294933319091797 0.128677368164063 -0.000450134277343752
0.0011444091796875 -0.0171995162963867 0.141921997070313 -0.131500244140625
0.00641727447509766 -0.0103321075439453 0.0385589599609375 -0.202987670898438
-0.000799179077148437 -0.00979709625244141 -0.08770751953125 -0.204559326171875
-0.0250453948974609 -0.0149383544921875 -0.16046142578125 -0.13946533203125
-0.0203475952148438 -0.0210361480712891 -0.130706787109375 -0.0860519409179688
-0.0274772644042969 -0.0197906494140625 -0.1129150390625 -0.0627288818359375
-0.0250282287597656 -0.0307464599609375 -0.0988845825195313 -0.0530548095703125
-0.00606918334960937 -0.0572357177734375 -0.100677490234375 -0.04559326171875
0.0394973754882813 -0.076568603515625 -0.121017456054688 -0.0921554565429688
0.113494873046875 -0.0308914184570312 -0.115768432617188 -0.15850830078125
0.154098510742188 0.0230865478515625 -0.13763427734375 -0.218093872070313
0.163681030273438 0.100387573242188 -0.120407104492187 -0.236907958984375
0.162353515625 0.168045043945313 0.0230255126953125 -0.234573364257813
0.124595642089844 0.0537033081054688 0.0140838623046875 -0.0324497222900391
0.130035400390625 -0.00418853759765625 0.152633666992188 0.0215301513671875
0.0801010131835938 -0.0631256103515625 0.170257568359375 -0.117568969726563
0.0395660400390625 -0.0835418701171875 0.068939208984375 -0.1966552734375
-0.0264968872070313 -0.0821914672851562 -0.070037841796875 -0.201522827148437
-0.0743637084960938 -0.0700454711914063 -0.142730712890625 -0.127059936523438
-0.062835693359375 -0.0746688842773437 -0.111663818359375 -0.0629119873046875
-0.0784988403320313 -0.0738143920898437 -0.0977859497070313 -0.037750244140625
-0.0519866943359375 -0.092315673828125 -0.0930557250976563 -0.0202178955078125
0.00616455078125 -0.123802185058594 -0.0979232788085937 -0.0118484497070313
0.0887451171875 -0.119537353515625 -0.124984741210937 -0.0606460571289063
0.189102172851562 -0.01611328125 -0.123939514160156 -0.124221801757812
0.21368408203125 0.0730438232421875 -0.126022338867187 -0.179412841796875
0.189071655273438 0.1866455078125 -0.089935302734375 -0.177581787109375
0.154632568359375 0.257980346679688 0.07989501953125 -0.164093017578125
0.165267944335938 0.1463623046875 0.0583877563476563 0.0103950500488281
0.226974487304688 0.0455474853515625 0.173263549804688 0.058135986328125
0.164871215820313 -0.08721923828125 0.194320678710938 -0.0821075439453125
0.084075927734375 -0.142379760742188 0.100799560546875 -0.165328979492188
-0.0381317138671875 -0.14599609375 -0.0397796630859375 -0.175933837890625
-0.1090087890625 -0.117378234863281 -0.106414794921875 -0.098968505859375
-0.0959243774414062 -0.116943359375 -0.0766754150390625 -0.0295257568359375
-0.121360778808594 -0.11370849609375 -0.0658645629882813 -0.00357818603515627
-0.0809555053710937 -0.1373291015625 -0.0714111328125 0.022735595703125
0.0034027099609375 -0.1761474609375 -0.081298828125 0.0308990478515625
0.112030029296875 -0.159408569335938 -0.120613098144531 -0.01971435546875
0.238525390625 -0.0175018310546875 -0.126983642578125 -0.085296630859375
0.249404907226562 0.0998077392578125 -0.10015869140625 -0.138198852539063
0.19281005859375 0.240936279296875 -0.0506134033203125 -0.0987777709960937
0.116180419921875 0.30548095703125 0.126556396484375 -0.0611572265625
0.163970947265625 0.220932006835938 0.0989151000976563 0.0746078491210938
0.276641845703125 0.107589721679688 0.179534912109375 0.102142333984375
0.22772216796875 -0.081329345703125 0.200775146484375 -0.029693603515625
0.12420654296875 -0.170913696289063 0.120552062988281 -0.11077880859375
-0.0361328125 -0.18768310546875 -0.00542449951171876 -0.128990173339844
-0.125137329101562 -0.14630126953125 -0.0571060180664063 -0.058837890625
-0.114181518554687 -0.141677856445313 -0.0304546356201172 0.00806808471679687
-0.147354125976562 -0.135208129882813 -0.0205936431884766 0.0336170196533203
-0.102188110351562 -0.16009521484375 -0.0365028381347656 0.0674629211425781
-0.00355529785156252 -0.205291748046875 -0.0547866821289063 0.0730972290039062
0.118850708007813 -0.179962158203125 -0.107322692871094 0.0207366943359375
0.256866455078125 -0.017364501953125 -0.119918823242187 -0.05023193359375
0.252822875976563 0.117843627929688 -0.06207275390625 -0.100090026855469
0.17181396484375 0.264678955078125 -0.00740051269531249 -0.0136251449584961
0.05908203125 0.2965087890625 0.156524658203125 0.053863525390625
0.122512817382813 0.250076293945313 0.126510620117187 0.14581298828125
0.263229370117188 0.154388427734375 0.16754150390625 0.13946533203125
0.242828369140625 -0.0517120361328125 0.185882568359375 0.0262603759765625
0.142654418945313 -0.162521362304688 0.122695922851563 -0.0458450317382813
-0.02667236328125 -0.194290161132813 0.0260009765625 -0.0679092407226563
-0.121505737304688 -0.151748657226562 -0.0032644271850586 -0.0123329162597656
-0.114990234375 -0.144317626953125 0.0206413269042969 0.0435295104980469
-0.151611328125 -0.138275146484375 0.0306282043457031 0.0695419311523437
-0.107254028320313 -0.161758422851563 0.00363159179687499 0.108726501464844
-0.0048065185546875 -0.208282470703125 -0.0271682739257813 0.110275268554687
0.118728637695312 -0.175613403320312 -0.0927276611328125 0.0565414428710937
0.248138427734375 -0.0030670166015625 -0.109062194824219 -0.0233078002929688
0.223602294921875 0.133819580078125 -0.0213356018066406 -0.0654869079589844
0.124267578125 0.261398315429688 0.0313720703125 0.071746826171875
-0.00457763671875002 0.230743408203125 0.167648315429687 0.1549072265625
0.0582427978515625 0.2242431640625 0.140625 0.20574951171875
0.194625854492188 0.161865234375 0.145584106445313 0.160018920898438
0.204818725585938 -0.0179290771484375 0.15777587890625 0.0710601806640625
0.129066467285156 -0.124565124511719 0.112091064453125 0.0102615356445312
-0.0160369873046875 -0.165069580078125 0.0519332885742188 -0.00843048095703126
-0.100593566894531 -0.131782531738281 0.047454833984375 0.03057861328125
-0.098663330078125 -0.125068664550781 0.0681381225585938 0.07342529296875
-0.1317138671875 -0.122879028320312 0.0791244506835937 0.100425720214844
-0.093963623046875 -0.143722534179688 0.0413055419921875 0.145843505859375
0.000274658203125008 -0.184539794921875 -0.00466918945312501 0.141632080078125
0.11181640625 -0.147415161132813 -0.0819549560546875 0.0857162475585938
0.2149658203125 0.0203857421875 -0.100303649902344 -0.00304412841796873
0.166244506835938 0.143218994140625 0.0124835968017578 -0.0306434631347656
0.0574951171875 0.230911254882813 0.055908203125 0.15081787109375
-0.0658798217773437 0.124130249023438 0.163116455078125 0.220993041992187
-0.0115203857421875 0.151473999023438 0.142333984375 0.239044189453125
0.0953369140625 0.127777099609375 0.12481689453125 0.162246704101563
0.127433776855469 0.0083160400390625 0.132644653320313 0.0958786010742188
0.087127685546875 -0.0699081420898438 0.099090576171875 0.046905517578125
-0.00687408447265626 -0.10797119140625 0.0710830688476563 0.0346527099609375
-0.0648651123046875 -0.089447021484375 0.087127685546875 0.06170654296875
-0.0667190551757813 -0.08782958984375 0.106643676757813 0.09234619140625
-0.0915679931640625 -0.0909423828125 0.118072509765625 0.125213623046875
-0.066925048828125 -0.1077880859375 0.0694580078125 0.175628662109375
0.0084228515625 -0.139541625976562 0.00669860839843749 0.168838500976563
0.0938339233398438 -0.102890014648438 -0.0803756713867188 0.109336853027344
0.158554077148438 0.0420379638671875 -0.0987091064453125 0.0116500854492188
0.0900344848632813 0.136322021484375 0.0310001373291016 0.00275230407714845
-0.0172576904296875 0.168533325195312 0.05828857421875 0.216140747070313
0.0826034545898438 -0.0586166381835937 -0.079376220703125 -0.2452392578125
-0.0254058837890625 -0.0873565673828125 -0.0433349609375 -0.0297775268554688
-0.07965087890625 -0.027252197265625 0.111297607421875 -0.010986328125
-0.0579833984375 0.0392189025878906 0.118049621582031 -0.131820678710938
-0.0108985900878906 0.0616455078125 0.0140533447265625 -0.191970825195313
0.0370292663574219 0.0547981262207031 -0.093536376953125 -0.190460205078125
0.0344123840332031 0.0356903076171875 -0.161666870117188 -0.133987426757812
0.027374267578125 0.0329837799072266 -0.135025024414063 -0.0937652587890625
0.0249862670898437 0.037139892578125 -0.113746643066406 -0.06890869140625
-0.00403213500976562 0.0381584167480469 -0.0940475463867188 -0.06402587890625
-0.0355415344238281 0.0137901306152344 -0.101783752441406 -0.0603408813476562
-0.0364341735839844 -0.040771484375 -0.122688293457031 -0.10321044921875
0.0200347900390625 -0.0739669799804688 -0.114776611328125 -0.178466796875
0.0835113525390625 -0.0567703247070313 -0.147064208984375 -0.240005493164062
0.124794006347656 -0.0178909301757813 -0.150253295898438 -0.26153564453125
0.139320373535156 0.050689697265625 -0.0411376953125 -0.261199951171875
0.0557365417480469 -0.029937744140625 -0.0253753662109375 -0.0423545837402344
0.0194606781005859 -0.0292015075683594 0.130172729492188 -0.00302886962890625
0.000387191772460939 -0.0167865753173828 0.1402587890625 -0.135086059570313
0.00598335266113281 -0.0115327835083008 0.0343017578125 -0.204147338867188
-0.000861167907714844 -0.0101175308227539 -0.0922698974609375 -0.2032470703125
-0.0247745513916016 -0.0141868591308594 -0.165084838867187 -0.134429931640625
-0.0211124420166016 -0.0213279724121094 -0.133132934570313 -0.0830001831054687
-0.0282688140869141 -0.0207328796386719 -0.11517333984375 -0.0601043701171875
-0.0242996215820313 -0.0315322875976562 -0.100532531738281 -0.0504684448242188
-0.00595855712890625 -0.0567169189453125 -0.103263854980469 -0.0433349609375
0.0378875732421875 -0.0774612426757813 -0.126068115234375 -0.0897750854492187
0.112617492675781 -0.0338668823242188 -0.12158203125 -0.156585693359375
0.154037475585937 0.019561767578125 -0.14447021484375 -0.215744018554687
0.16656494140625 0.09552001953125 -0.128173828125 -0.23626708984375
0.167739868164063 0.163192749023438 0.013458251953125 -0.235061645507812
0.126365661621094 0.052398681640625 0.0110263824462891 -0.029815673828125
0.131721496582031 -0.00728607177734375 0.156036376953125 0.0191802978515625
0.07879638671875 -0.065582275390625 0.169570922851563 -0.122039794921875
0.037567138671875 -0.086090087890625 0.06500244140625 -0.199508666992187
-0.0286483764648437 -0.0810470581054688 -0.0754241943359375 -0.199661254882812
-0.0767364501953125 -0.0672149658203125 -0.146163940429688 -0.122467041015625
-0.0660552978515625 -0.0740966796875 -0.112663269042969 -0.060455322265625
-0.0813217163085937 -0.0723114013671875 -0.0984954833984375 -0.034698486328125
-0.0532989501953125 -0.091278076171875 -0.0939254760742188 -0.0167999267578125
0.00353240966796875 -0.123458862304688 -0.0992431640625 -0.00838470458984375
0.0859909057617187 -0.122207641601562 -0.129661560058594 -0.0577850341796875
0.190032958984375 -0.02130126953125 -0.130233764648437 -0.121910095214844
0.214920043945313 0.0672607421875 -0.132461547851563 -0.177749633789062
0.195083618164063 0.182174682617188 -0.0956878662109375 -0.178070068359375
0.162384033203125 0.255157470703125 0.072723388671875 -0.165847778320312
0.169052124023437 0.14447021484375 0.0554122924804688 0.0117378234863281
0.230514526367188 0.039825439453125 0.178482055664063 0.0558624267578125
0.162841796875 -0.091705322265625 0.194229125976563 -0.0872650146484375
0.0798797607421875 -0.147003173828125 0.0974884033203125 -0.1685791015625
-0.0422515869140625 -0.144760131835938 -0.04498291015625 -0.174575805664063
-0.113471984863281 -0.1129150390625 -0.108482360839844 -0.0952301025390625
-0.100212097167969 -0.115036010742188 -0.0753250122070313 -0.0278091430664063
-0.125144958496094 -0.109329223632812 -0.065185546875 -0.000953674316406265
-0.0842742919921875 -0.133697509765625 -0.0701408386230469 0.0264091491699219
-0.00131225585937501 -0.176010131835938 -0.081451416015625 0.0338134765625
0.10833740234375 -0.16339111328125 -0.124687194824219 -0.017059326171875
0.239669799804688 -0.0246429443359375 -0.131622314453125 -0.0829238891601563
0.251510620117188 0.0933837890625 -0.105972290039062 -0.137298583984375
0.20123291015625 0.237518310546875 -0.0544891357421875 -0.100631713867187
0.12628173828125 0.304443359375 0.122718811035156 -0.063262939453125
0.169326782226563 0.21923828125 0.0971450805664063 0.0745697021484375
0.283111572265625 0.10028076171875 0.184814453125 0.0996551513671875
0.225967407226563 -0.08837890625 0.201858520507813 -0.034576416015625
0.119598388671875 -0.176467895507813 0.119003295898438 -0.114448547363281
-0.042083740234375 -0.185958862304688 -0.00914764404296876 -0.127464294433594
-0.130508422851563 -0.140762329101562 -0.0578575134277344 -0.0560493469238281
-0.119544982910156 -0.138412475585938 -0.0278453826904297 0.00896072387695312
-0.152664184570313 -0.129852294921875 -0.0184402465820313 0.0360260009765625
-0.10723876953125 -0.154937744140625 -0.0340728759765625 0.0710678100585937
-0.0101776123046875 -0.204788208007813 -0.0536575317382813 0.0751876831054687
0.113784790039063 -0.184600830078125 -0.109756469726562 0.0240478515625
0.257705688476563 -0.025604248046875 -0.124046325683594 -0.0478286743164063
0.255691528320313 0.1102294921875 -0.0673065185546875 -0.099700927734375
0.181060791015625 0.262588500976563 -0.00915813446044921 -0.0153656005859375
0.068756103515625 0.296295166015625 0.155776977539063 0.0511016845703125
0.129364013671875 0.2501220703125 0.12750244140625 0.144393920898438
0.271530151367187 0.147125244140625 0.173797607421875 0.137344360351563
0.242141723632813 -0.059478759765625 0.187911987304688 0.02197265625
0.138641357421875 -0.16925048828125 0.122840881347656 -0.0498275756835938
-0.0327911376953125 -0.192535400390625 0.0239830017089844 -0.067352294921875
-0.127349853515625 -0.145706176757813 -0.00247669219970704 -0.0115365982055664
-0.120162963867188 -0.140884399414062 0.0244903564453125 0.0434684753417969
-0.156417846679688 -0.131515502929687 0.0335426330566406 0.0701904296875
-0.112411499023438 -0.155838012695312 0.00819396972656248 0.111167907714844
-0.0124359130859375 -0.207260131835938 -0.0242233276367187 0.111831665039062
0.113021850585937 -0.180023193359375 -0.0932235717773437 0.0590362548828125
0.248825073242188 -0.01116943359375 -0.113059997558594 -0.0209732055664062
0.22674560546875 0.127059936523438 -0.025390625 -0.0664405822753906
0.133041381835937 0.259414672851563 0.032867431640625 0.0695953369140625
0.0022735595703125 0.23272705078125 0.169876098632813 0.152450561523438
0.0645599365234375 0.224380493164063 0.142791748046875 0.2037353515625
0.202178955078125 0.155746459960938 0.151443481445313 0.158462524414063
0.203994750976563 -0.0240631103515625 0.16119384765625 0.067169189453125
0.12567138671875 -0.130569458007813 0.112991333007813 0.00727081298828124
-0.0215911865234375 -0.163787841796875 0.0512237548828125 -0.00904464721679689
-0.105995178222656 -0.126251220703125 0.04931640625 0.0300712585449219
-0.103500366210937 -0.1221923828125 0.0730972290039063 0.071502685546875
-0.136184692382812 -0.116981506347656 0.0835342407226562 0.0998764038085937
-0.0989761352539062 -0.138847351074219 0.0468597412109375 0.14654541015625
-0.00695800781250002 -0.184463500976563 -0.000854492187499999 0.14300537109375
0.106643676757812 -0.151016235351563 -0.0812454223632813 0.0879974365234375
0.216217041015625 0.013702392578125 -0.103546142578125 -0.00133514404296873
0.170272827148438 0.138214111328125 0.00978088378906251 -0.0336170196533203
0.0651092529296875 0.229827880859375 0.0599365234375 0.148468017578125
-0.0619430541992188 0.126609802246094 0.168060302734375 0.219192504882813
-0.00691223144531251 0.15252685546875 0.14727783203125 0.23663330078125
0.101547241210938 0.124847412109375 0.129852294921875 0.160354614257813
0.127059936523438 0.00348663330078125 0.136787414550781 0.0930252075195313
0.0847015380859375 -0.073638916015625 0.10150146484375 0.044708251953125
-0.0107879638671875 -0.106048583984375 0.0723114013671875 0.0335845947265625
-0.0686187744140625 -0.0857925415039062 0.0898818969726563 0.0596923828125
-0.0707321166992188 -0.085418701171875 0.111305236816406 0.0898208618164063
-0.0954971313476563 -0.0866928100585938 0.123336791992188 0.124114990234375
-0.0703506469726562 -0.103813171386719 0.0753021240234375 0.175277709960938
0.00185394287109376 -0.139541625976563 0.00990295410156248 0.168930053710938
0.0902099609375 -0.10601806640625 -0.0785369873046875 0.112091064453125
0.160324096679687 0.0366058349609375 -0.1014404296875 0.013336181640625
0.0939178466796875 0.134078979492188 0.0297584533691406 -0.00113296508789062
-0.0117950439453125 0.169631958007812 0.064788818359375 0.213241577148438
0.0825576782226562 -0.061981201171875 -0.08624267578125 -0.248626708984375
-0.027008056640625 -0.0875320434570313 -0.0438919067382813 -0.0269622802734375
-0.0816268920898438 -0.0249862670898437 0.115127563476562 -0.0121688842773438
-0.05853271484375 0.0415153503417969 0.120223999023438 -0.136314392089844
-0.0100555419921875 0.0635147094726563 0.013458251953125 -0.196395874023438
0.0388908386230469 0.0539665222167969 -0.0980377197265625 -0.194198608398438
0.0369377136230469 0.034698486328125 -0.168426513671875 -0.135009765625
0.0281009674072266 0.0321292877197266 -0.14117431640625 -0.095062255859375
0.0252342224121094 0.0355339050292969 -0.11785888671875 -0.0700912475585938
-0.00187301635742187 0.0369873046875 -0.0978851318359375 -0.0648345947265625
-0.0343647003173828 0.0143756866455078 -0.10662841796875 -0.0610504150390625
-0.0374755859375 -0.0408058166503906 -0.127906799316406 -0.10467529296875
0.0191574096679688 -0.07513427734375 -0.11895751953125 -0.181533813476562
0.0844802856445313 -0.0582504272460938 -0.152618408203125 -0.244110107421875
0.126106262207031 -0.0206298828125 -0.157379150390625 -0.266632080078125
0.14306640625 0.0496368408203125 -0.048004150390625 -0.264984130859375
0.0565834045410156 -0.0301513671875 -0.0271224975585938 -0.0395774841308594
0.0206394195556641 -0.0292739868164063 0.135055541992187 -0.00400543212890625
1.52587890625016E-05 -0.0164823532104492 0.143234252929688 -0.14007568359375
0.00559520721435547 -0.0118446350097656 0.033905029296875 -0.209442138671875
-0.000626564025878906 -0.0106382369995117 -0.097381591796875 -0.206329345703125
-0.0250148773193359 -0.0144691467285156 -0.1707763671875 -0.135482788085937
-0.0220928192138672 -0.0227603912353516 -0.138046264648437 -0.0849151611328125
-0.0298233032226563 -0.0219078063964844 -0.119712829589844 -0.06005859375
-0.0239887237548828 -0.0323257446289063 -0.104110717773438 -0.0499649047851563
-0.00579452514648438 -0.0578460693359375 -0.108200073242187 -0.0436248779296875
0.0382537841796875 -0.0794906616210938 -0.131988525390625 -0.0908889770507813
0.115348815917969 -0.035369873046875 -0.126678466796875 -0.15911865234375
0.15679931640625 0.018310546875 -0.150970458984375 -0.219284057617188
0.17138671875 0.0950927734375 -0.135360717773438 -0.241989135742188
0.174774169921875 0.165176391601563 0.0078125 -0.240386962890625
0.129776000976563 0.0536041259765625 0.00840950012207032 -0.0268135070800781
0.135917663574219 -0.00946807861328125 0.162216186523438 0.0186767578125
0.0794525146484375 -0.0678482055664063 0.1734619140625 -0.12652587890625
0.0365447998046875 -0.090087890625 0.065093994140625 -0.20489501953125
-0.0302886962890625 -0.0821456909179688 -0.079010009765625 -0.202362060546875
-0.0791168212890625 -0.0667190551757813 -0.15045166015625 -0.12274169921875
-0.069427490234375 -0.07562255859375 -0.115371704101563 -0.0612335205078125
-0.0846710205078125 -0.0723495483398438 -0.101058959960938 -0.0340347290039063
-0.0550613403320312 -0.0926361083984375 -0.096282958984375 -0.0155868530273438
0.0025177001953125 -0.125946044921875 -0.102813720703125 -0.0077972412109375
0.0871353149414063 -0.126693725585938 -0.136245727539063 -0.0582351684570313
0.194808959960938 -0.0240936279296875 -0.135871887207031 -0.123756408691406
0.219558715820313 0.067291259765625 -0.139297485351562 -0.181427001953125
0.2015380859375 0.184677124023438 -0.101821899414063 -0.18280029296875
0.170440673828125 0.25970458984375 0.0687408447265625 -0.169815063476562
0.174468994140625 0.147781372070313 0.0540695190429688 0.01409912109375
0.23870849609375 0.0370025634765625 0.185592651367188 0.0561676025390625
0.165634155273437 -0.09661865234375 0.198684692382813 -0.0914459228515625
0.07989501953125 -0.153457641601563 0.0983123779296875 -0.174026489257813
-0.0456085205078125 -0.146347045898438 -0.0475311279296875 -0.176376342773438
-0.117912292480469 -0.111473083496094 -0.111549377441406 -0.0949478149414062
-0.105278015136719 -0.116912841796875 -0.0761032104492188 -0.02783203125
-0.130592346191406 -0.109642028808594 -0.066131591796875 0.000816345214843747
-0.0876007080078125 -0.134696960449219 -0.0714569091796875 0.0296859741210937
-0.00418090820312498 -0.1793212890625 -0.0836257934570312 0.0358734130859375
0.108657836914062 -0.169036865234375 -0.130661010742188 -0.01617431640625
0.245132446289062 -0.029632568359375 -0.138008117675781 -0.083648681640625
0.258041381835938 0.0925750732421875 -0.112510681152344 -0.140007019042969
0.209976196289063 0.24127197265625 -0.0593719482421875 -0.103469848632812
0.134613037109375 0.311309814453125 0.121330261230469 -0.0657958984375
0.176254272460938 0.224288940429688 0.0972518920898438 0.07769775390625
0.29388427734375 0.0986328125 0.193893432617188 0.10101318359375
0.230316162109375 -0.09283447265625 0.207611083984375 -0.03741455078125
0.119964599609375 -0.184417724609375 0.120567321777344 -0.119010925292969
-0.04595947265625 -0.187881469726563 -0.0106887817382813 -0.128242492675781
-0.13616943359375 -0.138885498046875 -0.0589828491210937 -0.0557975769042969
-0.124969482421875 -0.140052795410156 -0.0257415771484375 0.00955963134765624
-0.15869140625 -0.128921508789063 -0.0173988342285156 0.0389747619628906
-0.111358642578125 -0.154953002929688 -0.0329513549804688 0.0745315551757812
-0.0145263671875 -0.208847045898438 -0.0548248291015625 0.0785064697265625
0.113311767578125 -0.19061279296875 -0.114463806152344 0.025604248046875
0.263473510742188 -0.0300445556640625 -0.130325317382812 -0.048065185546875
0.261917114257812 0.110015869140625 -0.0722503662109375 -0.102813720703125
0.190048217773437 0.26751708984375 -0.0109758377075195 -0.01678466796875
0.076385498046875 0.303192138671875 0.157135009765625 0.05133056640625
0.135528564453125 0.255416870117188 0.129058837890625 0.14813232421875
0.282135009765625 0.14617919921875 0.181686401367188 0.139907836914063
0.246627807617188 -0.0643157958984375 0.193572998046875 0.02093505859375
0.139419555664063 -0.176925659179688 0.125312805175781 -0.0525741577148438
-0.0373992919921875 -0.194686889648438 0.0238456726074219 -0.0673980712890625
-0.132904052734375 -0.143753051757813 -0.0014486312866211 -0.0107307434082031
-0.1265869140625 -0.14154052734375 0.0277366638183594 0.0440483093261719
-0.16278076171875 -0.130462646484375 0.0366287231445312 0.0727462768554687
-0.117172241210937 -0.155426025390625 0.0107040405273437 0.115737915039062
-0.0179290771484375 -0.211334228515625 -0.0234527587890625 0.11468505859375
0.112457275390625 -0.185470581054688 -0.096893310546875 0.0615386962890625
0.254989624023438 -0.0158538818359375 -0.11822509765625 -0.0203323364257813
0.2322998046875 0.126708984375 -0.0290489196777344 -0.0693168640136719
0.141082763671875 0.265304565429688 0.0332756042480469 0.0696144104003906
0.0065460205078125 0.23822021484375 0.173248291015625 0.155593872070313
0.069091796875 0.229507446289063 0.14556884765625 0.207199096679688
0.211151123046875 0.156036376953125 0.157608032226563 0.161407470703125
0.208328247070313 -0.028656005859375 0.166366577148437 0.066986083984375
0.125640869140625 -0.136787414550781 0.116783142089844 0.00621032714843749
-0.0247039794921875 -0.165084838867188 0.0524063110351563 -0.00840377807617189
-0.110580444335937 -0.124061584472656 0.0517311096191406 0.030914306640625
-0.109107971191406 -0.121566772460938 0.0788040161132813 0.072174072265625
-0.142181396484375 -0.115341186523437 0.088165283203125 0.102378845214844
-0.102729797363281 -0.137565612792969 0.050750732421875 0.150405883789063
-0.0115509033203125 -0.187820434570313 0.000320434570312491 0.14630126953125
0.10528564453125 -0.156036376953125 -0.0837554931640625 0.0914459228515625
0.2215576171875 0.0103607177734375 -0.108894348144531 4.57763671874868E-05
0.175155639648438 0.13922119140625 0.00757598876953126 -0.0358238220214844
0.071075439453125 0.234420776367188 0.06219482421875 0.150100708007813
-0.0612335205078125 0.131591796875 0.173095703125 0.224197387695313
-0.00367736816406249 0.156173706054688 0.151885986328125 0.240280151367188
0.107192993164062 0.124519348144531 0.135223388671875 0.16290283203125
0.129127502441406 0.00067138671875 0.141616821289063 0.0940399169921875
0.0843582153320313 -0.0780258178710938 0.105331420898437 0.0451278686523437
-0.0127334594726562 -0.107315063476563 0.0743789672851562 0.0343704223632812
-0.0720977783203125 -0.0838623046875 0.0943603515625 0.0600128173828125
-0.0747146606445312 -0.0843658447265625 0.117156982421875 0.0899200439453125
-0.0991287231445312 -0.0859298706054687 0.129005432128906 0.126541137695312
-0.073455810546875 -0.102874755859375 0.0800323486328125 0.179214477539063
-0.00198364257812499 -0.142532348632813 0.012054443359375 0.172744750976563
0.0896148681640625 -0.109214782714844 -0.080810546875 0.115867614746094
0.165756225585937 0.035400390625 -0.106086730957031 0.01397705078125
0.0978546142578125 0.135879516601562 0.0288772583007813 -0.00332641601562499
-0.00872802734375001 0.173233032226563 0.0680389404296875 0.215682983398438
0.0838851928710938 -0.0670166015625 -0.0972747802734375 -0.256637573242187
-0.0303802490234375 -0.0902023315429688 -0.046234130859375 -0.0243453979492188
-0.08453369140625 -0.0225982666015625 0.121391296386719 -0.0148849487304688
-0.0599632263183594 0.0459518432617188 0.1239013671875 -0.146682739257813
-0.00854492187500001 0.0671501159667969 0.01129150390625 -0.205764770507813
0.0423774719238281 0.0544395446777344 -0.106124877929687 -0.202407836914063
0.0400161743164063 0.0330085754394531 -0.17901611328125 -0.13677978515625
0.0302581787109375 0.0312995910644531 -0.151153564453125 -0.0966033935546875
0.0268688201904297 0.0346565246582031 -0.126167297363281 -0.071380615234375
-9.91821289062463E-05 0.0365562438964844 -0.1048583984375 -0.0667648315429687
-0.0334205627441406 0.0153846740722656 -0.115097045898438 -0.0626068115234375
-0.0400810241699219 -0.0410537719726563 -0.137985229492188 -0.107307434082031
0.0178070068359375 -0.0775070190429688 -0.127120971679688 -0.1878662109375
0.0862808227539063 -0.0623550415039063 -0.163711547851562 -0.2535400390625
0.130599975585938 -0.0250778198242188 -0.170318603515625 -0.277542114257813
0.1497802734375 0.0483856201171875 -0.0582275390625 -0.2747802734375
0.0584182739257813 -0.0311431884765625 -0.0300788879394531 -0.0365524291992188
0.0223274230957031 -0.0295333862304687 0.143508911132813 -0.0064697265625
0.000144004821777345 -0.0164260864257813 0.147994995117188 -0.149826049804688
0.00524139404296875 -0.0127754211425781 0.0316925048828125 -0.219863891601563
4.57763671875005E-05 -0.0113754272460938 -0.105545043945313 -0.214614868164063
-0.0251197814941406 -0.0154628753662109 -0.181655883789063 -0.137115478515625
-0.0243606567382813 -0.0245304107666016 -0.147079467773438 -0.086578369140625
-0.0318737030029297 -0.0230884552001953 -0.127273559570312 -0.0612411499023438
-0.0241508483886719 -0.0348129272460937 -0.110954284667969 -0.0501251220703125
-0.00592422485351563 -0.0607261657714844 -0.115501403808594 -0.0438995361328125
0.0388412475585937 -0.0835037231445313 -0.143020629882813 -0.0928802490234375
0.119682312011719 -0.0388641357421875 -0.135726928710938 -0.164764404296875
0.163497924804687 0.017120361328125 -0.16290283203125 -0.228134155273438
0.180694580078125 0.096221923828125 -0.147430419921875 -0.252410888671875
0.186798095703125 0.16864013671875 0.000473022460937493 -0.2493896484375
0.137306213378906 0.0553741455078125 0.00670433044433595 -0.0249481201171875
0.143569946289063 -0.0123748779296875 0.173385620117188 0.016387939453125
0.0821380615234375 -0.0716552734375 0.17987060546875 -0.13616943359375
0.035675048828125 -0.0959854125976563 0.0645599365234375 -0.216079711914063
-0.0333099365234375 -0.0849685668945312 -0.0864410400390625 -0.209930419921875
-0.0836563110351563 -0.0671615600585938 -0.1605224609375 -0.124069213867188
-0.0749893188476563 -0.0782699584960937 -0.121589660644531 -0.0619430541992187
-0.09130859375 -0.0739593505859375 -0.107322692871094 -0.033355712890625
-0.0581130981445313 -0.0954360961914062 -0.100914001464844 -0.0135879516601563
0.000541687011718739 -0.131950378417969 -0.108818054199219 -0.00577545166015625
0.0889663696289063 -0.134750366210937 -0.147293090820313 -0.0584564208984375
0.203598022460937 -0.0294647216796875 -0.146942138671875 -0.12713623046875
0.22998046875 0.0665130615234375 -0.150894165039062 -0.188186645507813
0.215957641601563 0.189743041992188 -0.11260986328125 -0.19134521484375
0.184921264648438 0.269012451171875 0.06475830078125 -0.177261352539062
0.186538696289063 0.153564453125 0.054168701171875 0.0169448852539063
0.2525634765625 0.03350830078125 0.19964599609375 0.0551910400390625
0.171875 -0.104949951171875 0.207305908203125 -0.0996856689453125
0.0793609619140625 -0.163253784179687 0.100006103515625 -0.184341430664063
-0.0509185791015625 -0.151412963867188 -0.0533447265625 -0.182220458984375
-0.125267028808594 -0.111991882324219 -0.118598937988281 -0.095733642578125
-0.114395141601563 -0.119918823242187 -0.0790634155273438 -0.02825927734375
-0.14044189453125 -0.110458374023437 -0.0687484741210938 0.00331878662109375
-0.0936431884765625 -0.137527465820313 -0.073028564453125 0.0336761474609375
-0.00878906250000002 -0.187713623046875 -0.087677001953125 0.0401382446289062
0.11029052734375 -0.180038452148437 -0.140228271484375 -0.0137786865234375
0.256622314453125 -0.035858154296875 -0.148941040039062 -0.0851287841796875
0.271591186523438 0.0925750732421875 -0.121841430664062 -0.145553588867188
0.226470947265625 0.250076293945313 -0.065582275390625 -0.109001159667969
0.14776611328125 0.323272705078125 0.122138977050781 -0.0697402954101563
0.189361572265625 0.233200073242188 0.100166320800781 0.082275390625
0.3131103515625 0.096099853515625 0.207489013671875 0.102142333984375
0.239334106445313 -0.102020263671875 0.217239379882813 -0.0430450439453125
0.121185302734375 -0.197647094726563 0.124099731445313 -0.1270751953125
-0.05206298828125 -0.1937255859375 -0.01397705078125 -0.132400512695313
-0.144912719726563 -0.140060424804687 -0.06231689453125 -0.0559310913085938
-0.135955810546875 -0.143295288085937 -0.0246715545654297 0.00989723205566405
-0.169830322265625 -0.129989624023438 -0.0163230895996094 0.0420150756835937
-0.119613647460937 -0.15716552734375 -0.031585693359375 0.0802764892578125
-0.0214385986328125 -0.21746826171875 -0.0559463500976562 0.0834503173828125
0.114410400390625 -0.202987670898438 -0.122611999511719 0.0302505493164062
0.276123046875 -0.0378265380859375 -0.139984130859375 -0.0471115112304687
0.276016235351563 0.109542846679688 -0.0800552368164062 -0.107185363769531
0.20635986328125 0.276931762695313 -0.0134296417236328 -0.0182628631591797
0.0867919921875 0.31634521484375 0.162551879882813 0.0521240234375
0.147750854492187 0.266250610351563 0.1343994140625 0.154220581054688
0.30133056640625 0.145263671875 0.195587158203125 0.142059326171875
0.256149291992188 -0.073516845703125 0.20361328125 0.0181884765625
0.140274047851563 -0.19049072265625 0.130996704101562 -0.0573043823242188
-0.0425872802734375 -0.201080322265625 0.0233078002929687 -0.0688896179199219
-0.141921997070313 -0.144729614257813 -0.00155830383300782 -0.0106143951416016
-0.13739013671875 -0.14404296875 0.0327072143554688 0.0447959899902344
-0.174301147460938 -0.13055419921875 0.041656494140625 0.0770187377929687
-0.125396728515625 -0.157119750976563 0.01544189453125 0.1219482421875
-0.0257415771484375 -0.219635009765625 -0.0228652954101563 0.121223449707031
0.112640380859375 -0.197250366210938 -0.102577209472656 0.0673675537109375
0.267120361328125 -0.0229644775390625 -0.126594543457031 -0.0185317993164063
0.245773315429687 0.128143310546875 -0.0341567993164063 -0.0729217529296875
0.15460205078125 0.276077270507812 0.035491943359375 0.07122802734375
0.0131378173828125 0.2506103515625 0.183258056640625 0.160415649414063
0.078155517578125 0.239654541015625 0.154144287109375 0.215408325195313
0.226577758789063 0.157318115234375 0.1702880859375 0.165451049804687
0.215896606445313 -0.03521728515625 0.175689697265625 0.067047119140625
0.127471923828125 -0.147216796875 0.123207092285156 0.00402832031249999
-0.0298309326171875 -0.169937133789063 0.0547027587890625 -0.00796890258789064
-0.118743896484375 -0.124122619628906 0.0559463500976562 0.031829833984375
-0.118431091308594 -0.124008178710938 0.0863494873046875 0.0728683471679687
-0.151947021484375 -0.115203857421875 0.0965576171875 0.107177734375
-0.110321044921875 -0.139518737792969 0.057708740234375 0.157623291015625
-0.018646240234375 -0.195724487304688 0.00321960449218749 0.152862548828125
0.106521606445313 -0.16607666015625 -0.0870437622070313 0.0979690551757812
0.2335205078125 0.0052032470703125 -0.11639404296875 0.00301361083984375
0.1865234375 0.141830444335938 0.00537490844726564 -0.0394554138183594
0.0807647705078125 0.24462890625 0.067901611328125 0.154693603515625
-0.0598068237304687 0.138763427734375 0.184600830078125 0.232269287109375
0.000595092773437484 0.16326904296875 0.16119384765625 0.249069213867188
0.116325378417969 0.126441955566406 0.144699096679687 0.168060302734375
0.133743286132813 -0.00287628173828125 0.150299072265625 0.09552001953125
0.0857467651367188 -0.0845260620117188 0.112640380859375 0.0453872680664062
-0.015350341796875 -0.110588073730469 0.07843017578125 0.0358352661132812
-0.0775375366210937 -0.0826644897460938 0.100753784179688 0.0608596801757812
-0.08111572265625 -0.085296630859375 0.126708984375 0.0911102294921875
-0.106315612792969 -0.08502197265625 0.139938354492188 0.129890441894531
-0.0791091918945313 -0.104202270507813 0.089263916015625 0.186614990234375
-0.00738525390625002 -0.14849853515625 0.01556396484375 0.1800537109375
0.0908889770507813 -0.116989135742188 -0.0826644897460938 0.123329162597656
0.173965454101563 0.0322265625 -0.113105773925781 0.0179977416992188
0.104896545410156 0.139991760253906 0.0281143188476563 -0.00633049011230468
-0.004302978515625 0.181640625 0.07598876953125 0.223220825195312
0.0838623046875 -0.0753555297851563 -0.1160888671875 -0.263534545898438
-0.0358963012695312 -0.09185791015625 -0.0495948791503906 -0.0202140808105469
-0.088897705078125 -0.0189056396484375 0.1285400390625 -0.0206985473632812
-0.0598678588867188 0.0517768859863281 0.124618530273438 -0.160247802734375
-0.00484466552734375 0.071685791015625 0.00364685058593751 -0.218505859375
0.0484771728515625 0.0538978576660156 -0.121063232421875 -0.2093505859375
0.044647216796875 0.030303955078125 -0.196548461914063 -0.134674072265625
0.0330753326416016 0.0299472808837891 -0.165985107421875 -0.0943756103515625
0.0292854309082031 0.0336093902587891 -0.138778686523438 -0.0700302124023438
0.002685546875 0.0365028381347656 -0.115119934082031 -0.0654220581054688
-0.0328369140625 0.0175914764404297 -0.12548828125 -0.060638427734375
-0.0437393188476563 -0.040557861328125 -0.151809692382813 -0.107177734375
0.0151519775390625 -0.0813674926757813 -0.141265869140625 -0.193618774414063
0.0883941650390625 -0.068878173828125 -0.183120727539063 -0.260330200195313
0.135147094726563 -0.0326385498046875 -0.193267822265625 -0.285858154296875
0.159454345703125 0.043609619140625 -0.07666015625 -0.284515380859375
0.0604057312011719 -0.0339851379394531 -0.0329875946044922 -0.0337600708007813
0.0234088897705078 -0.0317478179931641 0.152725219726563 -0.0138702392578125
0.000333786010742186 -0.0157899856567383 0.150375366210938 -0.1646728515625
0.00473594665527344 -0.0137205123901367 0.0248260498046875 -0.233718872070313
8.86917114257819E-05 -0.0122537612915039 -0.120819091796875 -0.220230102539062
-0.0268306732177734 -0.0159435272216797 -0.1982421875 -0.13568115234375
-0.0263500213623047 -0.025360107421875 -0.160186767578125 -0.0846405029296875
-0.0356864929199219 -0.0236473083496094 -0.138824462890625 -0.0583877563476562
-0.0261764526367187 -0.0365753173828125 -0.119636535644531 -0.0479812622070313
-0.00685501098632813 -0.0636978149414063 -0.125869750976563 -0.0403900146484375
0.037384033203125 -0.090240478515625 -0.156951904296875 -0.0911102294921875
0.124404907226562 -0.0453262329101562 -0.151031494140625 -0.168014526367187
0.17230224609375 0.0115203857421875 -0.18194580078125 -0.233627319335938
0.194671630859375 0.0933990478515625 -0.168563842773438 -0.260086059570313
0.204833984375 0.16864013671875 -0.01531982421875 -0.260498046875
0.147293090820313 0.054046630859375 0.00489807128906251 -0.0225620269775391
0.153045654296875 -0.0196380615234375 0.186233520507812 0.0088348388671875
0.0837631225585938 -0.0790252685546875 0.184158325195313 -0.152740478515625
0.032379150390625 -0.103126525878906 0.0589447021484375 -0.230117797851563
-0.038360595703125 -0.0871658325195313 -0.100006103515625 -0.216445922851563
-0.090301513671875 -0.0665740966796875 -0.174514770507812 -0.122116088867188
-0.0835189819335937 -0.0789947509765625 -0.131729125976563 -0.0605316162109375
-0.1004638671875 -0.0731887817382812 -0.115928649902344 -0.0302886962890625
-0.0648956298828125 -0.0982666015625 -0.107086181640625 -0.00827789306640626
-0.0048370361328125 -0.138916015625 -0.115890502929688 0.000358581542968763
0.0882720947265625 -0.14697265625 -0.1607666015625 -0.0546417236328125
0.214202880859375 -0.03985595703125 -0.161819458007813 -0.127975463867188
0.243972778320313 0.0602874755859375 -0.1683349609375 -0.192398071289062
0.237380981445313 0.191085815429688 -0.129379272460937 -0.197433471679687
0.208694458007813 0.274322509765625 0.0563812255859375 -0.188125610351562
0.204086303710938 0.15478515625 0.0560836791992188 0.0194854736328125
0.271148681640625 0.0223846435546875 0.215286254882813 0.047882080078125
0.176406860351563 -0.117828369140625 0.215225219726563 -0.114425659179688
0.074676513671875 -0.178390502929688 0.0966339111328125 -0.19915771484375
-0.0602569580078125 -0.155502319335938 -0.0639801025390625 -0.188858032226563
-0.136810302734375 -0.11102294921875 -0.128593444824219 -0.0942764282226563
-0.127006530761719 -0.120780944824219 -0.0841064453125 -0.0274429321289062
-0.153564453125 -0.10845947265625 -0.0717086791992188 0.00732421874999998
-0.104499816894531 -0.139450073242187 -0.0747528076171875 0.0395126342773437
-0.0190277099609375 -0.1966552734375 -0.091278076171875 0.0471572875976563
0.108505249023438 -0.196044921875 -0.151611328125 -0.00677490234375002
0.270401000976563 -0.0504150390625 -0.163223266601563 -0.082366943359375
0.289306640625 0.085723876953125 -0.136917114257812 -0.148666381835938
0.251541137695313 0.254531860351563 -0.076629638671875 -0.112686157226563
0.1732177734375 0.333709716796875 0.121688842773438 -0.0768814086914062
0.211273193359375 0.240066528320313 0.106071472167969 0.0849609375
0.336761474609375 0.0845947265625 0.227035522460938 0.096527099609375
0.247573852539062 -0.11981201171875 0.227783203125 -0.055267333984375
0.117095947265625 -0.216156005859375 0.125846862792969 -0.139762878417969
-0.0639190673828125 -0.200302124023437 -0.0203170776367187 -0.136703491210938
-0.158706665039063 -0.138137817382813 -0.0671157836914063 -0.0544204711914063
-0.151168823242188 -0.144180297851562 -0.0238933563232422 0.0101394653320312
-0.186492919921875 -0.125518798828125 -0.0138320922851563 0.0467185974121094
-0.13262939453125 -0.158660888671875 -0.0284500122070313 0.087371826171875
-0.0346527099609375 -0.226959228515625 -0.0555038452148437 0.0916213989257813
0.110687255859375 -0.22021484375 -0.130393981933594 0.0379486083984375
0.291107177734375 -0.053741455078125 -0.1522216796875 -0.0419769287109375
0.295196533203125 0.102996826171875 -0.0914764404296875 -0.110137939453125
0.231903076171875 0.2850341796875 -0.0163745880126953 -0.0192642211914062
0.10858154296875 0.33026123046875 0.17034912109375 0.049774169921875
0.169052124023438 0.276687622070313 0.145736694335938 0.159225463867188
0.326934814453125 0.136688232421875 0.214492797851563 0.1400146484375
0.266555786132813 -0.090911865234375 0.215438842773438 0.00997924804687499
0.137527465820313 -0.20843505859375 0.135589599609375 -0.0665206909179688
-0.0539398193359375 -0.208114624023438 0.0218124389648437 -0.0720062255859375
-0.156143188476562 -0.142181396484375 -0.00040149688720704 -0.00968265533447266
-0.15240478515625 -0.14434814453125 0.0386924743652344 0.0443305969238281
-0.190521240234375 -0.126922607421875 0.050018310546875 0.0804519653320312
-0.139190673828125 -0.15716552734375 0.0234909057617187 0.129409790039063
-0.039398193359375 -0.227569580078125 -0.0190887451171875 0.1290283203125
0.108718872070313 -0.215042114257813 -0.106620788574219 0.0770416259765625
0.28173828125 -0.03753662109375 -0.136741638183594 -0.0119476318359375
0.264755249023438 0.123931884765625 -0.0404586791992188 -0.0763702392578125
0.178253173828125 0.284881591796875 0.0395965576171875 0.0724105834960938
0.0280914306640625 0.262924194335938 0.197463989257813 0.162460327148438
0.094329833984375 0.249954223632813 0.168914794921875 0.221755981445313
0.248626708984375 0.152984619140625 0.187789916992188 0.1651611328125
0.225296020507812 -0.0477294921875 0.188232421875 0.0630645751953125
0.124786376953125 -0.163589477539063 0.13018798828125 -0.00053405761718751
-0.0395355224609375 -0.176681518554688 0.0574722290039063 -0.00845718383789064
-0.130035400390625 -0.122306823730469 0.0621528625488281 0.0314788818359375
-0.131378173828125 -0.123214721679687 0.0968399047851563 0.071624755859375
-0.166229248046875 -0.112030029296875 0.109390258789062 0.109222412109375
-0.123367309570313 -0.139190673828125 0.0702667236328125 0.1654052734375
-0.0313873291015625 -0.202499389648438 0.010101318359375 0.1612548828125
0.103134155273438 -0.181289672851563 -0.0890045166015625 0.108154296875
0.2467041015625 -0.0074005126953125 -0.124488830566406 0.0098114013671875
0.202484130859375 0.141189575195313 0.00225067138671876 -0.0437202453613281
0.0984039306640625 0.254837036132812 0.0787200927734375 0.158493041992188
-0.0547943115234375 0.150222778320313 0.204513549804688 0.237747192382812
0.00982666015624999 0.172134399414063 0.179092407226562 0.255645751953125
0.130546569824219 0.126228332519531 0.159271240234375 0.170135498046875
0.1397705078125 -0.0102310180664063 0.162689208984375 0.094146728515625
0.0842666625976563 -0.0936737060546875 0.121482849121094 0.0424423217773437
-0.0220794677734375 -0.11492919921875 0.0843124389648437 0.0352935791015625
-0.0853424072265625 -0.0814285278320312 0.110580444335938 0.0590286254882812
-0.0907135009765625 -0.084503173828125 0.140121459960938 0.0885238647460938
-0.116378784179688 -0.0829086303710938 0.1571044921875 0.1312255859375
-0.0886459350585938 -0.103813171386719 0.105056762695313 0.193527221679688
-0.0172119140625 -0.154739379882812 0.0244140625 0.189361572265625
0.0888290405273438 -0.12762451171875 -0.082489013671875 0.134063720703125
0.185516357421875 0.02496337890625 -0.120338439941406 0.02520751953125
0.11761474609375 0.142562866210938 0.0276641845703125 -0.00982475280761718
0.004364013671875 0.19171142578125 0.091461181640625 0.23046875
0.0805816650390625 -0.0837173461914063 -0.140121459960938 -0.2620849609375
-0.0435867309570312 -0.091796875 -0.0509872436523438 -0.01416015625
-0.0918807983398437 -0.0126419067382813 0.132911682128906 -0.03070068359375
-0.0567512512207031 0.0589981079101563 0.119461059570312 -0.175811767578125
0.000938415527343743 0.0755233764648438 -0.0100250244140625 -0.227310180664063
0.0548171997070312 0.0508689880371094 -0.139602661132813 -0.210052490234375
0.0491752624511719 0.0257682800292969 -0.215118408203125 -0.125762939453125
0.0368461608886719 0.0277976989746094 -0.181564331054687 -0.086029052734375
0.0323352813720703 0.0316963195800781 -0.152252197265625 -0.062530517578125
0.005889892578125 0.0353851318359375 -0.126007080078125 -0.0608444213867187
-0.0307540893554688 0.0197505950927734 -0.136688232421875 -0.0537796020507813
-0.0480804443359375 -0.0386505126953125 -0.16650390625 -0.100799560546875
0.010101318359375 -0.0841827392578125 -0.159637451171875 -0.192596435546875
0.0862808227539063 -0.0767135620117188 -0.207763671875 -0.258544921875
0.137596130371094 -0.0432357788085937 -0.2208251953125 -0.28411865234375
0.1683349609375 0.0340576171875 -0.101959228515625 -0.286346435546875
0.0610237121582031 -0.0367546081542969 -0.0363426208496094 -0.0287322998046875
0.0241775512695313 -0.0343608856201172 0.15972900390625 -0.025299072265625
0.000531196594238283 -0.0162029266357422 0.145233154296875 -0.18133544921875
0.00478553771972656 -0.0137538909912109 0.00967407226562501 -0.244003295898437
0.000414848327636719 -0.0134706497192383 -0.139617919921875 -0.2215576171875
-0.0276508331298828 -0.0161533355712891 -0.215667724609375 -0.125900268554688
-0.0302906036376953 -0.0257968902587891 -0.174331665039063 -0.0760345458984375
-0.0391159057617188 -0.0225028991699219 -0.15118408203125 -0.05029296875
-0.0288925170898438 -0.0378952026367188 -0.128326416015625 -0.0406341552734375
-0.0104026794433594 -0.0657005310058594 -0.134513854980469 -0.03240966796875
0.0332107543945313 -0.0961380004882813 -0.171722412109375 -0.083251953125
0.126350402832031 -0.0543289184570313 -0.168121337890625 -0.165420532226563
0.17889404296875 0.0014495849609375 -0.206283569335938 -0.230789184570313
0.2093505859375 0.084381103515625 -0.195297241210938 -0.258880615234375
0.22418212890625 0.160491943359375 -0.0370025634765625 -0.26611328125
0.157745361328125 0.048583984375 0.00264739990234376 -0.0194606781005859
0.159439086914063 -0.0315704345703125 0.195999145507813 -0.00531005859375
0.0826187133789063 -0.0875625610351563 0.181686401367188 -0.170196533203125
0.0260086059570313 -0.109794616699219 0.045928955078125 -0.243087768554688
-0.0448989868164063 -0.0871658325195313 -0.117889404296875 -0.217315673828125
-0.0975799560546875 -0.062408447265625 -0.189971923828125 -0.113861083984375
-0.09283447265625 -0.077056884765625 -0.141387939453125 -0.054046630859375
-0.110038757324219 -0.0685272216796875 -0.12322998046875 -0.0219955444335938
-0.0732345581054688 -0.0981063842773437 -0.111564636230469 -0.00108337402343753
-0.01397705078125 -0.143630981445313 -0.122390747070313 0.0081939697265625
0.0817413330078125 -0.1595458984375 -0.174209594726563 -0.0450439453125
0.221221923828125 -0.0559539794921875 -0.177963256835938 -0.1221923828125
0.257461547851563 0.04730224609375 -0.190032958984375 -0.18890380859375
0.260818481445313 0.18353271484375 -0.150344848632812 -0.196334838867187
0.237411499023438 0.270233154296875 0.041473388671875 -0.196182250976562
0.223770141601563 0.149993896484375 0.0574073791503906 0.0199928283691406
0.2850341796875 0.002410888671875 0.228897094726563 0.0326080322265625
0.176010131835938 -0.134963989257812 0.216110229492188 -0.133468627929688
0.064117431640625 -0.191085815429688 0.0873870849609375 -0.213272094726562
-0.0720062255859375 -0.1566162109375 -0.078277587890625 -0.189987182617188
-0.148452758789063 -0.104232788085938 -0.139579772949219 -0.0882415771484375
-0.141769409179688 -0.116561889648438 -0.0882415771484375 -0.0229721069335938
-0.1680908203125 -0.100128173828125 -0.0740127563476563 0.0139312744140625
-0.118087768554688 -0.137214660644531 -0.074432373046875 0.0477828979492187
-0.033660888671875 -0.202377319335938 -0.0930862426757812 0.056304931640625
0.0985870361328125 -0.21246337890625 -0.161376953125 0.0042877197265625
0.279815673828125 -0.0719757080078125 -0.176712036132812 -0.0738372802734375
0.3062744140625 0.06988525390625 -0.154754638671875 -0.146194458007813
0.281646728515625 0.249237060546875 -0.0891952514648437 -0.1121826171875
0.204345703125 0.33447265625 0.117759704589844 -0.085906982421875
0.237014770507813 0.2371826171875 0.113571166992188 0.0842361450195313
0.35906982421875 0.06158447265625 0.243209838867188 0.0822296142578125
0.24932861328125 -0.14227294921875 0.233154296875 -0.07275390625
0.104324340820312 -0.23443603515625 0.121627807617188 -0.153030395507813
-0.080230712890625 -0.202438354492188 -0.0295257568359375 -0.138656616210937
-0.173538208007813 -0.130294799804688 -0.073028564453125 -0.0513534545898438
-0.16864013671875 -0.138076782226562 -0.0224170684814453 0.0108776092529297
-0.203521728515625 -0.115707397460937 -0.00926971435546876 0.0496101379394531
-0.148391723632813 -0.154067993164062 -0.0220260620117188 0.0943756103515625
-0.0532684326171875 -0.231704711914063 -0.0521316528320313 0.0995254516601562
0.09918212890625 -0.237899780273437 -0.135894775390625 0.0500335693359375
0.299957275390625 -0.076934814453125 -0.16253662109375 -0.032135009765625
0.314971923828125 0.087890625 -0.104248046875 -0.109115600585938
0.264801025390625 0.281051635742188 -0.0193119049072265 -0.0196456909179687
0.1373291015625 0.33612060546875 0.177047729492188 0.0417633056640625
0.196380615234375 0.2762451171875 0.15838623046875 0.157943725585938
0.352386474609375 0.116546630859375 0.23260498046875 0.12847900390625
0.26983642578125 -0.112106323242188 0.224578857421875 -0.00419616699218751
0.12677001953125 -0.227981567382813 0.137001037597656 -0.0779953002929688
-0.0714569091796875 -0.21142578125 0.0182647705078125 -0.0738983154296875
-0.170791625976563 -0.134536743164063 -0.00025939941406251 -0.00937843322753907
-0.16973876953125 -0.138046264648438 0.0447883605957031 0.0421066284179687
-0.20751953125 -0.115676879882813 0.0602264404296875 0.0808029174804687
-0.155197143554688 -0.15191650390625 0.0349884033203125 0.133468627929688
-0.0591583251953125 -0.232070922851562 -0.0109100341796875 0.13568115234375
0.0966644287109375 -0.23126220703125 -0.107749938964844 0.08837890625
0.29193115234375 -0.06005859375 -0.144149780273437 -0.00180053710937503
0.283355712890625 0.110565185546875 -0.04986572265625 -0.0781173706054687
0.207763671875 0.284393310546875 0.0457687377929688 0.0723419189453125
0.049163818359375 0.271682739257813 0.214202880859375 0.157150268554688
0.116363525390625 0.253524780273438 0.18731689453125 0.220428466796875
0.271011352539063 0.138565063476563 0.20574951171875 0.157928466796875
0.229598999023438 -0.06610107421875 0.19989013671875 0.0533447265625
0.116683959960938 -0.179595947265625 0.136711120605469 -0.00999450683593751
-0.053558349609375 -0.18072509765625 0.0593528747558594 -0.0107154846191406
-0.142547607421875 -0.114761352539063 0.0676307678222656 0.0288505554199219
-0.146377563476562 -0.117462158203125 0.10772705078125 0.0660018920898437
-0.181228637695313 -0.102218627929688 0.124588012695312 0.105857849121094
-0.13714599609375 -0.133590698242187 0.08685302734375 0.167510986328125
-0.0496063232421875 -0.206375122070312 0.0212249755859375 0.166717529296875
0.0937347412109375 -0.196258544921875 -0.0867462158203125 0.119941711425781
0.257003784179688 -0.0255584716796875 -0.129379272460937 0.0202178955078125
0.220626831054688 0.132766723632813 -0.00304412841796873 -0.0475921630859375
0.121673583984375 0.25811767578125 0.0925750732421875 0.157974243164063
-0.044586181640625 0.158782958984375 0.225982666015625 0.234146118164062
0.022491455078125 0.177032470703125 0.200714111328125 0.255081176757813
0.145706176757813 0.11920166015625 0.174942016601563 0.164779663085938
0.143081665039062 -0.020965576171875 0.175506591796875 0.0878753662109375
0.0793914794921875 -0.103721618652344 0.129928588867188 0.0357894897460938
-0.0317153930664063 -0.116897583007813 0.0904159545898438 0.0324325561523437
-0.094085693359375 -0.075927734375 0.120010375976563 0.053955078125
-0.100479125976563 -0.0796432495117188 0.1541748046875 0.0807342529296875
-0.1279296875 -0.0754165649414063 0.17529296875 0.124740600585937
-0.0990829467773437 -0.0997695922851563 0.123947143554688 0.194992065429688
-0.031036376953125 -0.156951904296875 0.0381927490234375 0.19500732421875
0.0820770263671875 -0.1400146484375 -0.0770111083984375 0.146240234375
0.1951904296875 0.0116424560546875 -0.12432861328125 0.0355453491210938
0.131912231445313 0.139778137207031 0.0263767242431641 -0.0152549743652344
0.0196075439453125 0.198822021484375 0.110931396484375 0.230743408203125
0.0740127563476563 -0.0898895263671875 -0.160125732421875 -0.251724243164062
-0.0490570068359375 -0.087860107421875 -0.0506820678710938 -0.00823974609375
-0.0920181274414062 -0.00542449951171874 0.133163452148438 -0.03985595703125
-0.0522575378417969 0.0648574829101563 0.108795166015625 -0.18603515625
0.00830841064453124 0.0765914916992188 -0.0254058837890625 -0.228713989257812
0.0603828430175781 0.0458908081054687 -0.156097412109375 -0.204193115234375
0.050140380859375 0.0196533203125 -0.22601318359375 -0.11151123046875
0.0384864807128906 0.02392578125 -0.191375732421875 -0.0728759765625
0.0340137481689453 0.0282192230224609 -0.16070556640625 -0.051300048828125
0.00887489318847656 0.0333194732666016 -0.132614135742188 -0.052764892578125
-0.0274982452392578 0.0206451416015625 -0.14251708984375 -0.0442352294921875
-0.0508956909179687 -0.0343055725097656 -0.17657470703125 -0.0895538330078125
0.00384521484375 -0.0840682983398438 -0.173858642578125 -0.184829711914063
0.0818252563476563 -0.0822525024414063 -0.228057861328125 -0.246246337890625
0.134986877441406 -0.0536041259765625 -0.243881225585938 -0.270477294921875
0.171524047851563 0.02203369140625 -0.124343872070313 -0.27716064453125
0.0599517822265625 -0.0395126342773438 -0.0374069213867188 -0.0230712890625
0.0238533020019531 -0.0362548828125 0.160308837890625 -0.0374908447265625
0.000472068786621094 -0.0160398483276367 0.134857177734375 -0.193206787109375
0.00446796417236328 -0.0136795043945313 -0.00602722167968752 -0.247161865234375
0.00103282928466797 -0.0144786834716797 -0.155715942382813 -0.214614868164063
-0.029541015625 -0.0156688690185547 -0.227279663085938 -0.1104736328125
-0.0333843231201172 -0.0253219604492188 -0.18304443359375 -0.063934326171875
-0.0414276123046875 -0.0200042724609375 -0.157333374023438 -0.038482666015625
-0.0309906005859375 -0.0375175476074219 -0.133941650390625 -0.0326995849609375
-0.013671875 -0.0665740966796875 -0.13897705078125 -0.022735595703125
0.027069091796875 -0.0993423461914062 -0.182052612304688 -0.0715179443359375
0.124656677246094 -0.06304931640625 -0.181793212890625 -0.155685424804688
0.180526733398438 -0.0097808837890625 -0.225173950195313 -0.21856689453125
0.216812133789063 0.070892333984375 -0.21636962890625 -0.247314453125
0.23822021484375 0.145645141601563 -0.0584716796875 -0.2618408203125
0.1639404296875 0.0400543212890625 0.000755310058593759 -0.0156764984130859
0.16046142578125 -0.044677734375 0.198013305664063 -0.0208282470703125
0.0781402587890625 -0.0937957763671875 0.171722412109375 -0.184127807617188
0.0183868408203125 -0.112136840820313 0.0292205810546875 -0.248428344726563
-0.0506668090820312 -0.0849380493164063 -0.133819580078125 -0.210693359375
-0.102699279785156 -0.0562362670898437 -0.199539184570313 -0.10040283203125
-0.100624084472656 -0.0714569091796875 -0.147689819335937 -0.0441436767578125
-0.116714477539063 -0.0599746704101563 -0.126869201660156 -0.0122146606445313
-0.08062744140625 -0.093719482421875 -0.113357543945313 0.00771331787109374
-0.02294921875 -0.144302368164062 -0.123527526855469 0.0182266235351562
0.0711212158203125 -0.167755126953125 -0.181854248046875 -0.0316162109375
0.220535278320313 -0.071929931640625 -0.18841552734375 -0.111312866210937
0.263031005859375 0.031402587890625 -0.206619262695312 -0.177459716796875
0.277908325195313 0.167709350585938 -0.1673583984375 -0.187942504882813
0.25958251953125 0.255355834960937 0.0248870849609375 -0.196884155273437
0.238250732421875 0.137725830078125 0.0580101013183594 0.01971435546875
0.290313720703125 -0.01995849609375 0.233734130859375 0.0150146484375
0.168853759765625 -0.149063110351563 0.209793090820313 -0.149505615234375
0.049468994140625 -0.19805908203125 0.074188232421875 -0.220474243164063
-0.084075927734375 -0.152267456054688 -0.0915679931640625 -0.185577392578125
-0.156387329101562 -0.0937347412109375 -0.146713256835938 -0.078643798828125
-0.153350830078125 -0.107589721679687 -0.0913467407226563 -0.0178375244140625
-0.177398681640625 -0.0868682861328125 -0.0728530883789063 0.0200119018554688
-0.12841796875 -0.129280090332031 -0.0715255737304688 0.0542449951171875
-0.048004150390625 -0.200653076171875 -0.0906219482421875 0.0643539428710937
0.0838623046875 -0.223114013671875 -0.165817260742188 0.0171661376953125
0.2784423828125 -0.0923919677734375 -0.1842041015625 -0.0620269775390625
0.314208984375 0.0501708984375 -0.168411254882813 -0.136383056640625
0.303802490234375 0.23248291015625 -0.0991134643554688 -0.1063232421875
0.231201171875 0.322662353515625 0.108528137207031 -0.0920181274414063
0.257537841796875 0.224380493164062 0.117935180664062 0.080810546875
0.368255615234375 0.03369140625 0.250473022460938 0.0629119873046875
0.241439819335937 -0.161895751953125 0.230087280273438 -0.08935546875
0.0868988037109375 -0.244277954101562 0.112045288085937 -0.162994384765625
-0.094512939453125 -0.198272705078125 -0.0388565063476563 -0.136077880859375
-0.183135986328125 -0.117691040039062 -0.0765380859375 -0.0457839965820313
-0.1820068359375 -0.127227783203125 -0.0216102600097656 0.0120277404785156
-0.21429443359375 -0.09912109375 -0.00363159179687502 0.0511245727539063
-0.160720825195313 -0.142929077148438 -0.0141372680664063 0.0972747802734375
-0.071075439453125 -0.228256225585938 -0.0458450317382813 0.104774475097656
0.0809783935546875 -0.24896240234375 -0.136558532714844 0.061981201171875
0.29937744140625 -0.1002197265625 -0.1671142578125 -0.0207061767578125
0.32421875 0.066436767578125 -0.114936828613281 -0.102989196777344
0.2894287109375 0.265869140625 -0.0220699310302734 -0.0181694030761719
0.163360595703125 0.3284912109375 0.177734375 0.031829833984375
0.2183837890625 0.266220092773438 0.167770385742188 0.150787353515625
0.365325927734375 0.089599609375 0.242828369140625 0.110671997070312
0.263824462890625 -0.132720947265625 0.226470947265625 -0.019256591796875
0.10968017578125 -0.240020751953125 0.133460998535156 -0.0884017944335938
-0.0867919921875 -0.206649780273438 0.0144729614257813 -0.0731964111328125
-0.180419921875 -0.121612548828125 0.000222682952880848 -0.00811767578125001
-0.1826171875 -0.126785278320312 0.0500030517578125 0.0378608703613281
-0.218399047851563 -0.098876953125 0.06939697265625 0.0774612426757813
-0.16705322265625 -0.139923095703125 0.0472564697265625 0.133285522460938
-0.0777435302734375 -0.227386474609375 -0.00220489501953125 0.137901306152344
0.07861328125 -0.241073608398438 -0.105110168457031 0.0976333618164062
0.291412353515625 -0.082977294921875 -0.146484375 0.00923156738281247
0.2945556640625 0.091888427734375 -0.0579376220703125 -0.0759124755859375
0.2330322265625 0.272994995117188 0.0504951477050781 0.0688133239746094
0.070098876953125 0.270034790039063 0.223968505859375 0.145370483398438
0.136215209960937 0.247787475585937 0.201339721679688 0.210983276367188
0.28424072265625 0.117462158203125 0.216033935546875 0.143875122070313
0.225265502929687 -0.083221435546875 0.204498291015625 0.04058837890625
0.103103637695313 -0.189788818359375 0.137680053710937 -0.0193862915039063
-0.0675048828125 -0.176528930664063 0.0602912902832031 -0.0127334594726563
-0.15081787109375 -0.103302001953125 0.071929931640625 0.0246429443359375
-0.156875610351563 -0.107330322265625 0.114700317382812 0.05718994140625
-0.190963745117187 -0.08740234375 0.136642456054688 0.0966262817382813
-0.147811889648438 -0.122222900390625 0.1016845703125 0.162765502929688
-0.06634521484375 -0.20233154296875 0.0323944091796875 0.16717529296875
0.0780181884765625 -0.205734252929687 -0.0802688598632813 0.127853393554688
0.25799560546875 -0.0459747314453125 -0.129714965820312 0.0301895141601563
0.232208251953125 0.118423461914063 -0.00852966308593749 -0.0490074157714844
0.143661499023438 0.25164794921875 0.104843139648438 0.150894165039063
-0.032623291015625 0.162933349609375 0.2430419921875 0.221725463867188
0.03594970703125 0.1756591796875 0.218063354492188 0.244888305664063
0.155914306640625 0.107330322265625 0.18658447265625 0.154830932617188
0.140655517578125 -0.031524658203125 0.182723999023438 0.0768890380859375
0.0707931518554688 -0.110572814941406 0.134284973144531 0.0263824462890625
-0.0407791137695313 -0.114654541015625 0.0947418212890625 0.0282363891601562
-0.0988388061523438 -0.0679855346679687 0.126335144042969 0.046173095703125
-0.107246398925781 -0.0715484619140625 0.162872314453125 0.0685272216796875
-0.134681701660156 -0.0645828247070313 0.188888549804688 0.111404418945313
-0.106536865234375 -0.0915451049804688 0.141159057617188 0.187881469726563
-0.043914794921875 -0.154067993164063 0.0511322021484375 0.194091796875
0.07086181640625 -0.14739990234375 -0.0689239501953125 0.15313720703125
0.198287963867188 -0.0038604736328125 -0.123466491699219 0.0452423095703125
0.14404296875 0.131301879882813 0.0233039855957031 -0.0194568634033203
0.0350189208984375 0.198760986328125 0.127670288085938 0.222518920898438
0.0670318603515625 -0.0925750732421875 -0.170761108398438 -0.238922119140625
-0.052276611328125 -0.0844192504882813 -0.0487174987792969 -0.00385284423828126
-0.0906982421875 -0.00087738037109377 0.131629943847656 -0.0457611083984375
-0.0472030639648438 0.0665473937988281 0.10040283203125 -0.190200805664063
0.0143661499023438 0.076171875 -0.0350189208984375 -0.226242065429688
0.0627403259277344 0.0400238037109375 -0.165679931640625 -0.197921752929688
0.0494003295898437 0.0150222778320312 -0.231674194335938 -0.0989990234375
0.0386924743652344 0.0200386047363281 -0.195571899414063 -0.061431884765625
0.034759521484375 0.0253143310546875 -0.164291381835938 -0.0410614013671875
0.0106868743896484 0.0304965972900391 -0.135955810546875 -0.04595947265625
-0.0243263244628906 0.0207080841064453 -0.144866943359375 -0.0370330810546875
-0.0517234802246094 -0.0306587219238281 -0.181045532226563 -0.0801239013671875
0.000160217285156255 -0.0824050903320313 -0.181259155273437 -0.17706298828125
0.0777435302734375 -0.0847930908203125 -0.2373046875 -0.234390258789063
0.130989074707031 -0.059722900390625 -0.253616333007813 -0.258331298828125
0.169891357421875 0.01397705078125 -0.137176513671875 -0.265579223632813
0.0584259033203125 -0.0410423278808594 -0.0378036499023437 -0.0180397033691406
0.0230216979980469 -0.0372848510742188 0.158065795898438 -0.0453948974609375
0.00136566162109375 -0.0155744552612305 0.125778198242188 -0.197662353515625
0.00500297546386719 -0.0139532089233398 -0.01641845703125 -0.244049072265625
0.00100517272949219 -0.0159072875976563 -0.164657592773437 -0.206756591796875
-0.0304851531982422 -0.0161762237548828 -0.231704711914063 -0.0982818603515625
-0.0352592468261719 -0.0247383117675781 -0.186767578125 -0.053466796875
-0.0426101684570312 -0.0182113647460938 -0.160369873046875 -0.028656005859375
-0.0323257446289063 -0.0373497009277344 -0.135261535644531 -0.0257034301757813
-0.0147933959960938 -0.0663604736328125 -0.14056396484375 -0.0152053833007813
0.0223236083984375 -0.099212646484375 -0.18603515625 -0.061370849609375
0.121734619140625 -0.0668411254882813 -0.188430786132813 -0.1470947265625
0.179367065429687 -0.0163726806640625 -0.233810424804688 -0.205703735351563
0.219650268554688 0.060394287109375 -0.227859497070313 -0.235305786132813
0.24359130859375 0.133193969726563 -0.0723724365234375 -0.252304077148438
0.166351318359375 0.033660888671875 6.10351562500105E-05 -0.0120563507080078
0.158966064453125 -0.0529022216796875 0.195343017578125 -0.0307769775390625
0.0740127563476563 -0.0970458984375 0.163497924804688 -0.190460205078125
0.0126800537109375 -0.1123046875 0.0188751220703125 -0.24737548828125
-0.0534744262695313 -0.0824356079101562 -0.142425537109375 -0.203262329101563
-0.104484558105469 -0.051483154296875 -0.203506469726563 -0.0891265869140625
-0.104721069335938 -0.0665512084960938 -0.149887084960938 -0.0368194580078125
-0.119026184082031 -0.0535736083984375 -0.126998901367188 -0.00482940673828127
-0.0842971801757812 -0.0896148681640625 -0.112648010253906 0.0138168334960938
-0.029022216796875 -0.142227172851563 -0.123275756835938 0.0248947143554688
0.0625457763671875 -0.170166015625 -0.184661865234375 -0.0208892822265625
0.217361450195313 -0.08111572265625 -0.193222045898438 -0.1019287109375
0.263702392578125 0.020355224609375 -0.215194702148437 -0.166458129882813
0.28546142578125 0.1541748046875 -0.175933837890625 -0.177719116210937
0.270217895507813 0.240829467773438 0.0130462646484375 -0.192276000976562
0.244720458984375 0.127182006835937 0.056854248046875 0.0213813781738281
0.288665771484375 -0.035919189453125 0.231796264648438 0.00177001953125
0.1607666015625 -0.156539916992188 0.201400756835938 -0.157684326171875
0.0384368896484375 -0.1990966796875 0.0643768310546875 -0.22186279296875
-0.089813232421875 -0.146011352539063 -0.0988311767578125 -0.178253173828125
-0.159881591796875 -0.0851593017578125 -0.149169921875 -0.069305419921875
-0.159088134765625 -0.0992584228515625 -0.091339111328125 -0.013641357421875
-0.181106567382813 -0.0760498046875 -0.0710296630859375 0.0244827270507812
-0.133247375488281 -0.121627807617188 -0.0677413940429688 0.057708740234375
-0.0576934814453125 -0.196868896484375 -0.0876388549804688 0.0692214965820312
0.0714874267578125 -0.226119995117187 -0.166885375976563 0.0269927978515625
0.274581909179688 -0.106613159179688 -0.186767578125 -0.0535430908203125
0.315704345703125 0.03643798828125 -0.176040649414062 -0.127593994140625
0.31591796875 0.21734619140625 -0.104789733886719 -0.100677490234375
0.24609375 0.309051513671875 0.100250244140625 -0.092193603515625
0.268035888671875 0.212890625 0.118690490722656 0.0784683227539063
0.36932373046875 0.0126953125 0.250167846679688 0.0493927001953125
0.231491088867188 -0.172683715820313 0.224777221679688 -0.09869384765625
0.07293701171875 -0.247421264648438 0.104644775390625 -0.166915893554688
-0.102920532226563 -0.191421508789062 -0.043365478515625 -0.131797790527344
-0.18682861328125 -0.107208251953125 -0.077362060546875 -0.0404205322265625
-0.1883544921875 -0.117141723632813 -0.0206222534179688 0.0118370056152344
-0.21734619140625 -0.08538818359375 0.000286102294921856 0.0510749816894531
-0.165634155273438 -0.133026123046875 -0.0077667236328125 0.0982437133789062
-0.0828094482421875 -0.221771240234375 -0.042022705078125 0.106925964355469
0.067413330078125 -0.251266479492187 -0.135208129882813 0.0699005126953125
0.293914794921875 -0.1158447265625 -0.167327880859375 -0.01239013671875
0.325286865234375 0.0516357421875 -0.121612548828125 -0.0976409912109375
0.3028564453125 0.251800537109375 -0.0232906341552734 -0.0171661376953125
0.1793212890625 0.31793212890625 0.1748046875 0.026885986328125
0.231460571289063 0.256103515625 0.171371459960938 0.145156860351563
0.367828369140625 0.068389892578125 0.243316650390625 0.0979156494140625
0.25543212890625 -0.145675659179688 0.223724365234375 -0.0285797119140625
0.095306396484375 -0.244003295898438 0.128623962402344 -0.0935821533203125
-0.096160888671875 -0.200698852539063 0.0125961303710937 -0.0711212158203125
-0.184539794921875 -0.110671997070313 0.000652790069580067 -0.00746250152587891
-0.188873291015625 -0.116256713867187 0.0521163940429687 0.0331230163574219
-0.222381591796875 -0.084381103515625 0.0742340087890625 0.0726699829101563
-0.171783447265625 -0.128890991210938 0.0549850463867187 0.131141662597656
-0.0894012451171875 -0.220230102539063 0.00370788574218749 0.138107299804688
0.0649566650390625 -0.243576049804688 -0.101943969726563 0.103591918945312
0.286865234375 -0.097869873046875 -0.14544677734375 0.016632080078125
0.29705810546875 0.0772705078125 -0.0630111694335938 -0.0741195678710937
0.247116088867188 0.26080322265625 0.0534210205078125 0.064605712890625
0.0833740234375 0.263839721679688 0.226181030273437 0.136810302734375
0.148406982421875 0.239410400390625 0.206832885742188 0.203384399414063
0.288909912109375 0.10003662109375 0.21820068359375 0.13275146484375
0.218399047851562 -0.0938873291015625 0.204635620117188 0.03204345703125
0.0914306640625 -0.193359375 0.135940551757813 -0.0259780883789063
-0.0760345458984375 -0.17120361328125 0.0609207153320312 -0.0130958557128906
-0.153900146484375 -0.0947418212890625 0.0741806030273437 0.0216751098632812
-0.162429809570313 -0.0970916748046875 0.117713928222656 0.0499191284179687
-0.194366455078125 -0.074127197265625 0.14276123046875 0.0880584716796875
-0.152389526367188 -0.112808227539062 0.111190795898437 0.157485961914063
-0.0773773193359375 -0.194732666015625 0.0389862060546875 0.165328979492188
0.065521240234375 -0.20819091796875 -0.0754776000976562 0.131538391113281
0.255050659179688 -0.0595855712890625 -0.127784729003906 0.03692626953125
0.237045288085938 0.106414794921875 -0.0129203796386719 -0.0499305725097656
0.157119750976563 0.243804931640625 0.110702514648438 0.142974853515625
-0.0241241455078125 0.162185668945312 0.249557495117188 0.210906982421875
0.044342041015625 0.17205810546875 0.225830078125 0.2353515625
0.160614013671875 0.0960693359375 0.189987182617187 0.14715576171875
0.136573791503906 -0.0377731323242188 0.18487548828125 0.0687103271484375
0.0631790161132812 -0.112739562988281 0.135040283203125 0.0201568603515625
-0.0466232299804688 -0.111000061035156 0.0966033935546875 0.0254135131835937
-0.100601196289063 -0.0611572265625 0.129905700683594 0.0394973754882813
-0.11090087890625 -0.0646438598632812 0.166641235351562 0.0579833984375
-0.137779235839844 -0.0550308227539063 0.195220947265625 0.099273681640625
-0.110038757324219 -0.0837173461914063 0.151519775390625 0.179824829101563
-0.052734375 -0.148330688476563 0.06005859375 0.19097900390625
0.06072998046875 -0.150558471679688 -0.0621490478515625 0.155364990234375
0.197586059570313 -0.014862060546875 -0.120658874511719 0.0508651733398438
0.1495361328125 0.12396240234375 0.0196437835693359 -0.0221405029296875
0.04656982421875 0.195541381835937 0.137283325195313 0.212417602539063
0.0627670288085938 -0.09307861328125 -0.175094604492187 -0.232437133789063
-0.05401611328125 -0.082794189453125 -0.0471229553222656 -0.0011749267578125
-0.08905029296875 0.00156402587890625 0.13128662109375 -0.048095703125
-0.0440711975097656 0.0686759948730469 0.0974273681640625 -0.192276000976562
0.0179214477539062 0.074676513671875 -0.038665771484375 -0.225555419921875
0.0632247924804688 0.035858154296875 -0.171340942382813 -0.194686889648437
0.0480575561523437 0.0115242004394531 -0.2352294921875 -0.09295654296875
0.038116455078125 0.0177078247070313 -0.198272705078125 -0.0550537109375
0.0347156524658203 0.0236625671386719 -0.166549682617188 -0.035369873046875
0.0116786956787109 0.0289955139160156 -0.138771057128906 -0.043182373046875
-0.02288818359375 0.0198554992675781 -0.14691162109375 -0.0341033935546875
-0.0517768859863281 -0.0280532836914062 -0.184173583984375 -0.075897216796875
-0.00145721435546875 -0.0802688598632813 -0.184555053710938 -0.17437744140625
0.07574462890625 -0.0855026245117188 -0.241912841796875 -0.22845458984375
0.129013061523438 -0.062744140625 -0.259384155273438 -0.251937866210937
0.168563842773438 0.010986328125 -0.143096923828125 -0.258529663085938
0.0590553283691406 -0.0413856506347656 -0.0374298095703125 -0.0144271850585938
0.0236625671386719 -0.0381355285644531 0.156982421875 -0.04864501953125
0.00210189819335937 -0.0150356292724609 0.122970581054687 -0.200942993164063
0.00609016418457031 -0.0146408081054688 -0.0202789306640625 -0.244293212890625
0.0015411376953125 -0.0174989700317383 -0.17034912109375 -0.20367431640625
-0.0320053100585938 -0.0163898468017578 -0.235031127929688 -0.0922088623046876
-0.0373764038085937 -0.0247039794921875 -0.18914794921875 -0.04803466796875
-0.0441055297851562 -0.0175323486328125 -0.161468505859375 -0.0233001708984375
-0.0329627990722656 -0.0380744934082031 -0.137870788574219 -0.0215072631835938
-0.0152091979980469 -0.0670852661132812 -0.141510009765625 -0.0117645263671875
0.0205917358398437 -0.09991455078125 -0.1890869140625 -0.05633544921875
0.121376037597656 -0.0681686401367188 -0.190933227539063 -0.143814086914063
0.179153442382813 -0.01873779296875 -0.238800048828125 -0.199844360351563
0.220611572265625 0.0558929443359375 -0.231842041015625 -0.23016357421875
0.245513916015625 0.128082275390625 -0.0800323486328125 -0.2462158203125
0.168411254882813 0.0312957763671875 -0.000781536102294912 -0.00819540023803711
0.158584594726563 -0.0580596923828125 0.1942138671875 -0.036285400390625
0.0723724365234375 -0.0981903076171875 0.160507202148438 -0.1929931640625
0.0102462768554688 -0.112846374511719 0.01483154296875 -0.247970581054688
-0.0548324584960937 -0.0815277099609375 -0.146270751953125 -0.199676513671875
-0.106010437011719 -0.049530029296875 -0.20562744140625 -0.083221435546875
-0.10833740234375 -0.0650787353515625 -0.151824951171875 -0.03228759765625
-0.120429992675781 -0.0500640869140625 -0.1275634765625 9.15527343749713E-05
-0.0856857299804688 -0.0884170532226563 -0.112884521484375 0.0170516967773438
-0.031768798828125 -0.142074584960938 -0.123588562011719 0.028350830078125
0.0583343505859375 -0.172164916992188 -0.187759399414063 -0.0151824951171875
0.217117309570313 -0.085693359375 -0.1959228515625 -0.098480224609375
0.264419555664063 0.0158538818359375 -0.21966552734375 -0.16058349609375
0.29052734375 0.1483154296875 -0.180511474609375 -0.173797607421875
0.275253295898438 0.234329223632813 0.00614929199218753 -0.188095092773437
0.248794555664063 0.123443603515625 0.05596923828125 0.02410888671875
0.289276123046875 -0.044647216796875 0.229705810546875 -0.00439453125
0.15771484375 -0.159927368164063 0.199264526367188 -0.161224365234375
0.033660888671875 -0.199966430664063 0.060455322265625 -0.222946166992187
-0.0925445556640625 -0.144241333007813 -0.101669311523438 -0.175445556640625
-0.161636352539063 -0.0813446044921875 -0.15045166015625 -0.0650482177734375
-0.163864135742188 -0.09588623046875 -0.0923919677734375 -0.011993408203125
-0.18316650390625 -0.0702972412109375 -0.069580078125 0.0263786315917969
-0.13592529296875 -0.117904663085938 -0.0658721923828125 0.0600395202636719
-0.0620574951171875 -0.194183349609375 -0.0870513916015625 0.0721588134765625
0.0655670166015625 -0.22845458984375 -0.169387817382813 0.0328521728515625
0.274490356445313 -0.113174438476562 -0.188446044921875 -0.0498809814453125
0.31610107421875 0.030426025390625 -0.180633544921875 -0.123916625976563
0.323486328125 0.210662841796875 -0.107650756835937 -0.09814453125
0.252593994140625 0.30267333984375 0.0953521728515625 -0.0900955200195312
0.275238037109375 0.208023071289063 0.117973327636719 0.0800323486328125
0.369964599609375 0.0020751953125 0.2479248046875 0.04278564453125
0.227493286132812 -0.177886962890625 0.222854614257813 -0.102462768554688
0.0659027099609375 -0.249496459960938 0.101974487304687 -0.168594360351563
-0.107437133789062 -0.188247680664063 -0.0447998046875 -0.129447937011719
-0.189071655273438 -0.101821899414063 -0.0773391723632813 -0.0375823974609375
-0.193191528320312 -0.112045288085938 -0.0201911926269531 0.0110301971435547
-0.220016479492188 -0.0776824951171875 0.00262451171874999 0.0507850646972656
-0.167877197265625 -0.12799072265625 -0.00450897216796876 0.0990753173828125
-0.0888824462890625 -0.218093872070313 -0.0405044555664062 0.109260559082031
0.06024169921875 -0.253005981445313 -0.136734008789063 0.0743942260742187
0.292510986328125 -0.124359130859375 -0.167938232421875 -0.00891113281249998
0.327606201171875 0.045135498046875 -0.125831604003906 -0.0952224731445313
0.312103271484375 0.244903564453125 -0.0242843627929687 -0.0173988342285156
0.186676025390625 0.312744140625 0.172927856445313 0.027069091796875
0.237197875976563 0.251296997070313 0.171356201171875 0.145462036132813
0.370147705078125 0.057159423828125 0.24249267578125 0.092529296875
0.25067138671875 -0.151611328125 0.223037719726563 -0.03277587890625
0.087860107421875 -0.246444702148437 0.127159118652344 -0.09661865234375
-0.100784301757812 -0.196823120117188 0.0132255554199219 -0.069732666015625
-0.186721801757813 -0.1053466796875 0.00256395339965819 -0.00679397583007813
-0.193267822265625 -0.110580444335938 0.0539512634277344 0.0302696228027344
-0.223602294921875 -0.07623291015625 0.0778656005859375 0.0692291259765625
-0.174301147460938 -0.123184204101562 0.0598220825195312 0.129623413085938
-0.0950775146484375 -0.2156982421875 0.00659179687499999 0.138221740722656
0.057159423828125 -0.245162963867188 -0.102020263671875 0.107009887695312
0.285736083984375 -0.107696533203125 -0.14520263671875 0.01910400390625
0.299713134765625 0.071075439453125 -0.0669479370117187 -0.0735244750976562
0.255416870117188 0.254470825195313 0.0537376403808594 0.0620193481445313
0.089996337890625 0.26080322265625 0.22686767578125 0.134918212890625
0.154327392578125 0.236114501953125 0.209243774414063 0.20233154296875
0.290985107421875 0.090179443359375 0.218307495117188 0.1287841796875
0.214935302734375 -0.0986480712890625 0.205474853515625 0.0286712646484375
0.085174560546875 -0.19488525390625 0.134941101074219 -0.027984619140625
-0.0800933837890625 -0.168960571289062 0.0624732971191406 -0.0129241943359375
-0.15576171875 -0.0892333984375 0.0765228271484375 0.0201263427734375
-0.166427612304688 -0.093231201171875 0.119903564453125 0.0451889038085937
-0.195480346679688 -0.0661163330078125 0.146896362304688 0.0826263427734375
-0.153854370117187 -0.107009887695313 0.11712646484375 0.154769897460937
-0.082672119140625 -0.1905517578125 0.041961669921875 0.163787841796875
0.05792236328125 -0.209365844726563 -0.07440185546875 0.133460998535156
0.254974365234375 -0.0688018798828125 -0.127067565917969 0.0392532348632812
0.239959716796875 0.100967407226562 -0.0161819458007812 -0.0508270263671875
0.1649169921875 0.2388916015625 0.112655639648438 0.138206481933594
-0.020263671875 0.161544799804688 0.252960205078125 0.207183837890625
0.0490875244140625 0.170623779296875 0.228790283203125 0.23187255859375
0.161758422851563 0.090301513671875 0.190643310546875 0.14569091796875
0.134284973144531 -0.0404052734375 0.185638427734375 0.066070556640625
0.05987548828125 -0.113937377929688 0.134841918945313 0.0169448852539062
-0.0493621826171875 -0.108924865722656 0.0988693237304688 0.024932861328125
-0.101219177246094 -0.0578079223632813 0.132911682128906 0.0360946655273437
-0.112960815429687 -0.0610885620117187 0.169189453125 0.051788330078125
-0.139236450195313 -0.0494232177734375 0.19940185546875 0.0926055908203125
-0.111953735351563 -0.0791854858398437 0.157928466796875 0.175552368164062
-0.0569915771484375 -0.144668579101562 0.0627899169921875 0.189117431640625
0.0552978515625 -0.150863647460938 -0.0599517822265625 0.157119750976562
0.197219848632813 -0.0223236083984375 -0.119354248046875 0.0531768798828125
0.153533935546875 0.120025634765625 0.016845703125 -0.0247306823730469
0.0520782470703125 0.19317626953125 0.140411376953125 0.206512451171875
0.0609664916992188 -0.093780517578125 -0.180908203125 -0.232574462890625
-0.0554428100585938 -0.083282470703125 -0.0478401184082031 0.000411987304687494
-0.0893020629882813 0.00218963623046876 0.134513854980469 -0.050323486328125
-0.0426712036132812 0.0709304809570313 0.0986785888671875 -0.197769165039063
0.0210342407226562 0.0754013061523437 -0.0399932861328125 -0.231094360351563
0.0641403198242188 0.0332984924316406 -0.179000854492188 -0.197708129882813
0.0474090576171875 0.0103378295898438 -0.242645263671875 -0.0914154052734375
0.0374870300292969 0.0165863037109375 -0.205551147460937 -0.0528106689453125
0.0348415374755859 0.0224876403808594 -0.172103881835938 -0.0325469970703125
0.0121307373046875 0.0274829864501953 -0.143814086914063 -0.042083740234375
-0.0221481323242188 0.0191135406494141 -0.151535034179688 -0.0330047607421875
-0.0524024963378906 -0.0273246765136719 -0.188949584960938 -0.0746612548828125
-0.00164794921875 -0.0797348022460938 -0.190048217773438 -0.17706298828125
0.0770187377929688 -0.0874557495117188 -0.247329711914062 -0.2305908203125
0.129371643066406 -0.0660018920898438 -0.265823364257812 -0.255874633789063
0.17041015625 0.011322021484375 -0.149612426757812 -0.258758544921875
0.0609550476074219 -0.0414047241210938 -0.0378570556640625 -0.0117683410644531
0.0251731872558594 -0.0402107238769531 0.159408569335938 -0.051513671875
0.00305843353271484 -0.0142927169799805 0.124374389648437 -0.206314086914062
0.00708103179931641 -0.0154685974121094 -0.0211181640625 -0.250411987304688
0.000938415527343748 -0.0200576782226563 -0.176376342773438 -0.2073974609375
-0.0339488983154297 -0.0172615051269531 -0.242706298828125 -0.0905609130859375
-0.040496826171875 -0.0257301330566406 -0.196762084960938 -0.046295166015625
-0.0458450317382812 -0.0181694030761719 -0.166854858398438 -0.0201263427734375
-0.0341339111328125 -0.0399398803710937 -0.142501831054688 -0.020263671875
-0.0154647827148437 -0.0697555541992188 -0.146514892578125 -0.010528564453125
0.0207748413085938 -0.101646423339844 -0.196182250976563 -0.0543365478515625
0.124565124511719 -0.0697784423828125 -0.1968994140625 -0.146347045898438
0.18316650390625 -0.01947021484375 -0.2457275390625 -0.201080322265625
0.22674560546875 0.0547332763671875 -0.239395141601562 -0.232879638671875
0.2506103515625 0.1290283203125 -0.084869384765625 -0.246185302734375
0.174057006835937 0.0321197509765625 -0.00125980377197265 -0.00512170791625976
0.162521362304688 -0.0624237060546875 0.196548461914063 -0.0383758544921875
0.07379150390625 -0.101325988769531 0.1624755859375 -0.199478149414063
0.00955200195312501 -0.115890502929688 0.0142059326171875 -0.253631591796875
-0.0564422607421875 -0.084320068359375 -0.15093994140625 -0.203155517578125
-0.110084533691406 -0.049407958984375 -0.211959838867187 -0.08154296875
-0.114265441894531 -0.0651397705078125 -0.157577514648438 -0.0312957763671875
-0.12420654296875 -0.0492706298828125 -0.131401062011719 0.00215148925781251
-0.0883407592773438 -0.0900497436523438 -0.116096496582031 0.0195388793945313
-0.033416748046875 -0.146087646484375 -0.126670837402344 0.0306854248046875
0.05859375 -0.176681518554688 -0.195327758789063 -0.0120391845703125
0.223342895507813 -0.0898590087890625 -0.2022705078125 -0.099456787109375
0.271209716796875 0.0144805908203125 -0.227142333984375 -0.161148071289062
0.300201416015625 0.148895263671875 -0.186279296875 -0.176162719726563
0.2828369140625 0.237518310546875 0.00215148925781251 -0.187667846679688
0.257522583007813 0.125320434570313 0.0563087463378906 0.0285148620605469
0.29510498046875 -0.051300048828125 0.23187255859375 -0.0067138671875
0.159271240234375 -0.165176391601563 0.202011108398438 -0.1663818359375
0.031768798828125 -0.20562744140625 0.0610809326171875 -0.227676391601563
-0.0960540771484375 -0.147308349609375 -0.104400634765625 -0.178268432617188
-0.166519165039062 -0.08056640625 -0.15447998046875 -0.06341552734375
-0.171524047851563 -0.0961456298828125 -0.0951690673828125 -0.0109100341796875
-0.188095092773438 -0.0684814453125 -0.0712661743164063 0.028289794921875
-0.139175415039063 -0.118881225585938 -0.0668830871582031 0.0628089904785156
-0.065399169921875 -0.198043823242187 -0.0895767211914063 0.0751876831054687
0.06390380859375 -0.234832763671875 -0.176254272460938 0.037139892578125
0.280990600585938 -0.120941162109375 -0.194229125976562 -0.0500030517578125
0.324859619140625 0.02899169921875 -0.18707275390625 -0.123825073242188
0.33514404296875 0.212066650390625 -0.111862182617188 -0.0995941162109375
0.2613525390625 0.30767822265625 0.0944061279296875 -0.0880355834960937
0.284820556640625 0.21112060546875 0.119598388671875 0.0847930908203125
0.37921142578125 -0.004486083984375 0.250839233398438 0.041656494140625
0.230575561523438 -0.18426513671875 0.227630615234375 -0.105682373046875
0.0642242431640625 -0.257232666015625 0.103347778320312 -0.172225952148438
-0.111480712890625 -0.19122314453125 -0.0445175170898438 -0.130416870117188
-0.194442749023438 -0.100738525390625 -0.0786361694335938 -0.036712646484375
-0.201858520507813 -0.11273193359375 -0.0204429626464844 0.0107059478759766
-0.225296020507813 -0.075286865234375 0.00452804565429686 0.0513648986816406
-0.171783447265625 -0.12689208984375 -0.00228118896484375 0.101448059082031
-0.093475341796875 -0.220230102539063 -0.04095458984375 0.112678527832031
0.057098388671875 -0.260223388671875 -0.142227172851563 0.07965087890625
0.299957275390625 -0.133270263671875 -0.173233032226562 -0.00886535644531252
0.336639404296875 0.042694091796875 -0.131683349609375 -0.0961685180664063
0.323760986328125 0.24664306640625 -0.0260219573974609 -0.0184783935546875
0.19268798828125 0.31744384765625 0.173660278320312 0.0304718017578125
0.247039794921875 0.255081176757813 0.175094604492188 0.15081787109375
0.379364013671875 0.05047607421875 0.2451171875 0.09271240234375
0.254226684570313 -0.157684326171875 0.2275390625 -0.0339813232421875
0.0859527587890625 -0.253402709960938 0.129074096679688 -0.0986175537109375
-0.104843139648438 -0.200515747070313 0.0145454406738281 -0.0697822570800781
-0.191009521484375 -0.104629516601563 0.00377273559570311 -0.0060420036315918
-0.202072143554688 -0.110580444335938 0.055908203125 0.0294265747070312
-0.229629516601562 -0.0732421875 0.0819168090820312 0.068572998046875
-0.178604125976563 -0.122039794921875 0.0641708374023437 0.132026672363281
-0.100982666015625 -0.217788696289063 0.00581359863281249 0.14166259765625
0.0534515380859375 -0.251327514648438 -0.10546875 0.112213134765625
0.29168701171875 -0.11505126953125 -0.148757934570312 0.020111083984375
0.308380126953125 0.069091796875 -0.0714950561523437 -0.074981689453125
0.267333984375 0.257278442382813 0.0548553466796875 0.0612030029296875
0.0937957763671875 0.264862060546875 0.2305908203125 0.13916015625
0.161117553710938 0.239715576171875 0.213150024414063 0.207672119140625
0.29736328125 0.0860595703125 0.221206665039063 0.131134033203125
0.218170166015625 -0.102386474609375 0.21038818359375 0.0290374755859375
0.083709716796875 -0.200592041015625 0.138381958007813 -0.0297317504882813
-0.0837554931640625 -0.171051025390625 0.0661430358886719 -0.0118141174316406
-0.159133911132812 -0.08843994140625 0.0801773071289062 0.019561767578125
-0.17144775390625 -0.0930328369140625 0.124191284179688 0.0417404174804688
-0.199920654296875 -0.063690185546875 0.152313232421875 0.08001708984375
-0.157546997070313 -0.10614013671875 0.122848510742187 0.156112670898438
-0.087127685546875 -0.191543579101563 0.0434417724609375 0.16766357421875
0.05517578125 -0.214340209960937 -0.0765457153320312 0.138069152832031
0.25982666015625 -0.075347900390625 -0.129806518554688 0.0406265258789062
0.24688720703125 0.10003662109375 -0.0193405151367187 -0.0535354614257812
0.1729736328125 0.240982055664063 0.115463256835938 0.137947082519531
-0.018707275390625 0.164215087890625 0.258041381835938 0.211807250976563
0.0516357421875 0.172500610351563 0.234283447265625 0.2366943359375
0.166290283203125 0.088409423828125 0.19403076171875 0.148880004882813
0.135536193847656 -0.0425949096679688 0.190750122070313 0.0673370361328125
0.0580368041992188 -0.116790771484375 0.138832092285156 0.0167465209960937
-0.0526580810546875 -0.110687255859375 0.103507995605469 0.0262680053710937
-0.104026794433594 -0.0568389892578125 0.137916564941406 0.0338134765625
-0.116607666015625 -0.05999755859375 0.174026489257813 0.0487060546875
-0.141998291015625 -0.0471343994140625 0.20654296875 0.089019775390625
-0.114158630371094 -0.078277587890625 0.165771484375 0.176773071289062
-0.06085205078125 -0.144821166992188 0.0650177001953125 0.19293212890625
0.05303955078125 -0.154052734375 -0.0615081787109375 0.161331176757812
0.201217651367188 -0.0272369384765625 -0.122489929199219 0.0552520751953125
0.159469604492188 0.119247436523438 0.0144195556640625 -0.0278530120849609
0.056396484375 0.1953125 0.144363403320313 0.206619262695313
0.0609970092773438 -0.0968093872070312 -0.192886352539062 -0.237869262695312
-0.0601882934570312 -0.0855712890625 -0.0500221252441406 0.00347137451171874
-0.0934371948242188 0.00405120849609377 0.139968872070313 -0.0548324584960938
-0.041229248046875 0.0753402709960938 0.0995635986328125 -0.209564208984375
0.0246505737304687 0.0772476196289063 -0.0454864501953125 -0.2425537109375
0.0666542053222656 0.0310173034667969 -0.193191528320313 -0.204437255859375
0.0475616455078125 0.00838088989257813 -0.25830078125 -0.0883636474609375
0.0381393432617188 0.0166893005371094 -0.219406127929688 -0.04864501953125
0.0360488891601563 0.0216789245605469 -0.182937622070312 -0.0284271240234375
0.0130558013916016 0.0263881683349609 -0.1539306640625 -0.041229248046875
-0.0221977233886719 0.0184116363525391 -0.161209106445313 -0.0320281982421875
-0.0541419982910156 -0.0266075134277344 -0.200790405273438 -0.074066162109375
-0.00251770019531251 -0.0818405151367187 -0.2025146484375 -0.182525634765625
0.0790939331054688 -0.092864990234375 -0.262481689453125 -0.236862182617187
0.132896423339844 -0.0714797973632813 -0.282928466796875 -0.264404296875
0.177352905273438 0.0099029541015625 -0.1612548828125 -0.264694213867188
0.0633087158203125 -0.0442733764648438 -0.0397720336914062 -0.00852203369140624
0.0257148742675781 -0.0436744689941406 0.1658935546875 -0.05615234375
0.00481796264648438 -0.0155477523803711 0.126815795898438 -0.218902587890625
0.00796985626220703 -0.0174942016601563 -0.025299072265625 -0.262557983398438
-0.000148773193359377 -0.0232315063476563 -0.189773559570312 -0.214797973632813
-0.0376663208007813 -0.0177764892578125 -0.256912231445312 -0.0872802734375
-0.0452079772949219 -0.0266075134277344 -0.209442138671875 -0.0423431396484375
-0.0488662719726563 -0.0188560485839844 -0.17718505859375 -0.0155792236328125
-0.0363883972167969 -0.0428314208984375 -0.150726318359375 -0.01788330078125
-0.016510009765625 -0.074737548828125 -0.154983520507813 -0.00781249999999998
0.0210113525390625 -0.106666564941406 -0.208480834960938 -0.05126953125
0.131263732910156 -0.0746841430664063 -0.209609985351563 -0.149917602539062
0.19195556640625 -0.0231170654296875 -0.260330200195313 -0.205474853515625
0.23779296875 0.0532989501953125 -0.2552490234375 -0.239715576171875
0.264205932617188 0.13189697265625 -0.0946807861328125 -0.252059936523438
0.184310913085937 0.0304107666015625 -0.00210142135620116 -0.00147855281829834
0.169403076171875 -0.0706939697265625 0.203109741210938 -0.0435028076171875
0.0764389038085938 -0.107498168945313 0.167434692382813 -0.212005615234375
0.00726318359375001 -0.122528076171875 0.0114288330078125 -0.2666015625
-0.0613327026367187 -0.0883407592773438 -0.162017822265625 -0.210189819335937
-0.11737060546875 -0.04925537109375 -0.224609375 -0.0797119140625
-0.124000549316406 -0.0662384033203125 -0.167739868164062 -0.0282745361328125
-0.132453918457031 -0.0492401123046875 -0.138900756835938 0.00672149658203127
-0.09442138671875 -0.0932464599609375 -0.1219482421875 0.0232162475585937
-0.0377044677734375 -0.153427124023438 -0.133438110351563 0.035247802734375
0.05706787109375 -0.186676025390625 -0.207489013671875 -0.00611877441406254
0.23443603515625 -0.100021362304688 -0.215408325195312 -0.101181030273438
0.28515625 0.011474609375 -0.242111206054688 -0.16400146484375
0.318145751953125 0.150177001953125 -0.199432373046875 -0.180831909179688
0.300567626953125 0.24365234375 -0.00318908691406246 -0.191757202148437
0.275482177734375 0.126861572265625 0.0579109191894531 0.0330734252929688
0.3095703125 -0.0623779296875 0.240859985351563 -0.01104736328125
0.163482666015625 -0.177108764648438 0.209442138671875 -0.177780151367188
0.0284271240234375 -0.217575073242188 0.06146240234375 -0.241073608398438
-0.103530883789062 -0.153472900390625 -0.111709594726562 -0.184661865234375
-0.177444458007813 -0.080657958984375 -0.163864135742188 -0.061431884765625
-0.185165405273437 -0.096405029296875 -0.101249694824219 -0.00957489013671874
-0.19964599609375 -0.0664520263671875 -0.0744857788085938 0.031036376953125
-0.147918701171875 -0.121261596679687 -0.0687637329101563 0.0676307678222656
-0.072784423828125 -0.206771850585938 -0.0935211181640625 0.0813446044921875
0.0622711181640625 -0.248443603515625 -0.187271118164062 0.0453033447265625
0.293670654296875 -0.13409423828125 -0.205703735351562 -0.04949951171875
0.341705322265625 0.02496337890625 -0.19940185546875 -0.125732421875
0.35821533203125 0.2152099609375 -0.119827270507812 -0.103431701660156
0.279296875 0.318145751953125 0.09429931640625 -0.089385986328125
0.304473876953125 0.217376708984375 0.125762939453125 0.0905380249023438
0.396759033203125 -0.01556396484375 0.260406494140625 0.0396575927734375
0.237701416015625 -0.198974609375 0.236068725585938 -0.11474609375
0.06134033203125 -0.271240234375 0.106414794921875 -0.182403564453125
-0.12042236328125 -0.198867797851562 -0.0478439331054688 -0.135398864746094
-0.206512451171875 -0.101150512695312 -0.0825958251953125 -0.0356979370117188
-0.217544555664063 -0.112518310546875 -0.0221118927001953 0.0105972290039062
-0.238815307617188 -0.0720977783203125 0.00594329833984373 0.0532722473144531
-0.182846069335937 -0.129501342773438 0.000381469726562483 0.106895446777344
-0.103012084960937 -0.22869873046875 -0.041748046875 0.118698120117187
0.05328369140625 -0.274444580078125 -0.150955200195313 0.0893096923828125
0.3131103515625 -0.148681640625 -0.183624267578125 -0.00669860839843754
0.35400390625 0.038299560546875 -0.141342163085938 -0.0983428955078125
0.347442626953125 0.25128173828125 -0.0278701782226562 -0.0198230743408203
0.207916259765625 0.329681396484375 0.180648803710937 0.0323486328125
0.265411376953125 0.263015747070313 0.184188842773438 0.158096313476563
0.39837646484375 0.042999267578125 0.25494384765625 0.093994140625
0.262588500976563 -0.169876098632813 0.237686157226563 -0.0392913818359375
0.0841827392578125 -0.267852783203125 0.134742736816406 -0.10614013671875
-0.114532470703125 -0.207717895507813 0.0166168212890625 -0.0718002319335938
-0.202789306640625 -0.104248046875 0.00492238998413085 -0.00652885437011719
-0.21661376953125 -0.11090087890625 0.0595855712890625 0.0279083251953125
-0.24224853515625 -0.07000732421875 0.08831787109375 0.068023681640625
-0.188812255859375 -0.123291015625 0.07183837890625 0.136459350585938
-0.110397338867188 -0.223648071289062 0.00796508789062501 0.149093627929688
0.049774169921875 -0.264419555664063 -0.111587524414063 0.121810913085937
0.303497314453125 -0.130828857421875 -0.156936645507812 0.022857666015625
0.3253173828125 0.065032958984375 -0.0784225463867187 -0.078033447265625
0.28778076171875 0.262176513671875 0.0578079223632813 0.0617141723632813
0.103408813476562 0.275909423828125 0.242828369140625 0.144805908203125
0.174575805664063 0.247573852539063 0.225631713867188 0.21575927734375
0.31353759765625 0.08184814453125 0.232070922851563 0.134994506835938
0.225921630859375 -0.111923217773438 0.221099853515625 0.0277099609375
0.0824127197265625 -0.212860107421875 0.145004272460938 -0.0329437255859375
-0.0921630859375 -0.176910400390625 0.0719146728515625 -0.011932373046875
-0.168380737304687 -0.087493896484375 0.0859298706054687 0.018951416015625
-0.184280395507813 -0.0922088623046875 0.131607055664063 0.0394821166992187
-0.210723876953125 -0.061187744140625 0.162368774414063 0.0787353515625
-0.166793823242187 -0.106735229492188 0.13433837890625 0.160751342773438
-0.0959930419921875 -0.196731567382812 0.0474853515625 0.17498779296875
0.052093505859375 -0.225128173828125 -0.080169677734375 0.147735595703125
0.27032470703125 -0.0879058837890625 -0.136253356933594 0.0442047119140625
0.262741088867188 0.098419189453125 -0.0238418579101562 -0.0574226379394531
0.187576293945313 0.24786376953125 0.122467041015625 0.140762329101563
-0.017181396484375 0.172500610351563 0.273361206054688 0.219711303710938
0.0574493408203125 0.179428100585938 0.249008178710938 0.24566650390625
0.175262451171875 0.0874481201171875 0.204483032226563 0.155014038085938
0.140274047851562 -0.0463485717773437 0.201339721679687 0.068267822265625
0.0579299926757813 -0.123908996582031 0.14666748046875 0.01611328125
-0.0584487915039062 -0.114028930664062 0.11212158203125 0.0264739990234375
-0.110008239746094 -0.05633544921875 0.146820068359375 0.031829833984375
-0.125106811523438 -0.0591049194335937 0.184722900390625 0.044403076171875
-0.149581909179688 -0.0438995361328125 0.219589233398438 0.086151123046875
-0.120292663574219 -0.078399658203125 0.179412841796875 0.180618286132812
-0.0669708251953125 -0.148452758789063 0.070587158203125 0.201889038085938
0.0498809814453125 -0.162033081054688 -0.0630950927734375 0.170379638671875
0.209609985351563 -0.035797119140625 -0.127967834472656 0.0592727661132812
0.170089721679688 0.120452880859375 0.0130424499511719 -0.0312137603759766
0.0636138916015625 0.201644897460938 0.15362548828125 0.211441040039063
0.059906005859375 -0.101791381835938 -0.214080810546875 -0.239593505859375
-0.067169189453125 -0.0868377685546875 -0.0519027709960938 0.0086517333984375
-0.0984115600585938 0.00803375244140627 0.146133422851563 -0.06256103515625
-0.03759765625 0.08111572265625 0.0963897705078125 -0.226455688476563
0.030914306640625 0.078765869140625 -0.05780029296875 -0.256668090820313
0.0702095031738281 0.0279388427734375 -0.215225219726562 -0.208038330078125
0.049163818359375 0.00653839111328125 -0.278961181640625 -0.0796661376953125
0.0402145385742188 0.015411376953125 -0.236648559570312 -0.0373077392578125
0.0381393432617188 0.0203437805175781 -0.196029663085937 -0.018768310546875
0.0146903991699219 0.0256900787353516 -0.166717529296875 -0.03717041015625
-0.0223331451416016 0.0192298889160156 -0.172714233398438 -0.0261383056640625
-0.0573272705078125 -0.024932861328125 -0.214553833007813 -0.0679779052734375
-0.00449371337890625 -0.0849075317382813 -0.221725463867188 -0.184616088867188
0.0799179077148438 -0.101608276367187 -0.285888671875 -0.237518310546875
0.135017395019531 -0.0818862915039063 -0.309417724609375 -0.267059326171875
0.188064575195313 0.0052032470703125 -0.180984497070313 -0.268463134765625
0.0657997131347656 -0.0484580993652344 -0.0428695678710937 -0.00329971313476562
0.0256881713867187 -0.0479087829589844 0.172622680664063 -0.06488037109375
0.00543975830078125 -0.0165119171142578 0.124557495117188 -0.236679077148438
0.00754165649414063 -0.0201797485351563 -0.0371551513671875 -0.27752685546875
-0.00259017944335938 -0.0258312225341797 -0.211532592773437 -0.218231201171875
-0.0420761108398438 -0.0172538757324219 -0.277267456054688 -0.0782928466796875
-0.0510902404785156 -0.0258255004882813 -0.225448608398438 -0.0317840576171875
-0.0538825988769531 -0.0177764892578125 -0.189483642578125 -0.00605773925781251
-0.040496826171875 -0.0448799133300781 -0.162506103515625 -0.011749267578125
-0.020843505859375 -0.0798110961914063 -0.165496826171875 -0.00105285644531252
0.0178756713867187 -0.113761901855469 -0.223861694335937 -0.0427398681640625
0.137435913085937 -0.084625244140625 -0.228530883789062 -0.149490356445313
0.202056884765625 -0.0323333740234375 -0.2830810546875 -0.20556640625
0.2532958984375 0.0454559326171875 -0.280471801757813 -0.242111206054687
0.284637451171875 0.12884521484375 -0.111373901367188 -0.257369995117188
0.197723388671875 0.0247344970703125 -0.00298142433166503 0.00326752662658692
0.176254272460938 -0.083831787109375 0.211776733398438 -0.0530548095703125
0.0764236450195313 -0.116783142089844 0.1676025390625 -0.23101806640625
0.00149536132812501 -0.131278991699219 0.00222778320312497 -0.2838134765625
-0.0693588256835937 -0.09112548828125 -0.180633544921875 -0.21533203125
-0.127334594726563 -0.0460357666015625 -0.240921020507812 -0.0708923339843749
-0.136940002441406 -0.0633392333984375 -0.180160522460938 -0.02032470703125
-0.143173217773438 -0.045074462890625 -0.147735595703125 0.014801025390625
-0.103721618652344 -0.0950469970703125 -0.129081726074219 0.0310516357421875
-0.04693603515625 -0.161697387695313 -0.141403198242188 0.04351806640625
0.05242919921875 -0.201385498046875 -0.222259521484375 0.00610351562499995
0.24517822265625 -0.117538452148438 -0.232986450195312 -0.0978546142578125
0.302642822265625 -0.000335693359375 -0.2618408203125 -0.161468505859375
0.343719482421875 0.144561767578125 -0.21923828125 -0.182159423828125
0.3280029296875 0.24615478515625 -0.01324462890625 -0.196853637695312
0.297576904296875 0.12188720703125 0.061279296875 0.0366325378417969
0.32330322265625 -0.082305908203125 0.250762939453125 -0.0203094482421875
0.165115356445313 -0.195709228515625 0.213119506835938 -0.19677734375
0.0186614990234375 -0.232147216796875 0.05523681640625 -0.25830078125
-0.117019653320313 -0.157394409179688 -0.125076293945313 -0.190567016601562
-0.190414428710938 -0.0753936767578125 -0.174606323242187 -0.055145263671875
-0.203567504882813 -0.0917816162109375 -0.108734130859375 -0.00457763671875
-0.214035034179688 -0.0594024658203125 -0.0786972045898438 0.0368499755859375
-0.162490844726563 -0.121673583984375 -0.0696258544921875 0.0750198364257812
-0.0868072509765625 -0.214370727539063 -0.096435546875 0.090484619140625
0.0532989501953125 -0.266021728515625 -0.19842529296875 0.0600738525390624
0.30499267578125 -0.15814208984375 -0.221878051757812 -0.043701171875
0.363128662109375 0.0103759765625 -0.217727661132812 -0.124114990234375
0.3900146484375 0.20989990234375 -0.132354736328125 -0.104049682617187
0.3087158203125 0.324310302734375 0.0947418212890625 -0.0936355590820312
0.333160400390625 0.21466064453125 0.1348876953125 0.0943527221679688
0.419464111328125 -0.0380859375 0.273635864257813 0.032257080078125
0.241943359375 -0.220916748046875 0.244430541992188 -0.13189697265625
0.049957275390625 -0.291015625 0.105712890625 -0.198272705078125
-0.136856079101562 -0.203903198242188 -0.053955078125 -0.140884399414063
-0.221878051757813 -0.0962677001953125 -0.0873489379882813 -0.03240966796875
-0.238739013671875 -0.1072998046875 -0.0233802795410156 0.0115966796875
-0.25531005859375 -0.0639801025390625 0.00828933715820311 0.0547904968261719
-0.19921875 -0.126632690429688 0.00627899169921873 0.11279296875
-0.119125366210938 -0.235427856445313 -0.0403900146484375 0.12872314453125
0.04229736328125 -0.29278564453125 -0.158050537109375 0.104293823242187
0.32373046875 -0.175537109375 -0.195556640625 0.000839233398437506
0.376617431640625 0.023468017578125 -0.155166625976562 -0.0981292724609375
0.381103515625 0.24713134765625 -0.0321846008300781 -0.0211925506591797
0.235076904296875 0.339141845703125 0.190200805664063 0.0308380126953125
0.293792724609375 0.266448974609375 0.199874877929688 0.163543701171875
0.422454833984375 0.02508544921875 0.270950317382812 0.08929443359375
0.269149780273438 -0.191818237304688 0.250076293945313 -0.0508575439453125
0.074127197265625 -0.288421630859375 0.13848876953125 -0.117599487304688
-0.13037109375 -0.214080810546875 0.017578125 -0.0762863159179688
-0.217926025390625 -0.09912109375 0.00719308853149413 -0.00618410110473634
-0.237564086914063 -0.105148315429688 0.0642776489257813 0.024444580078125
-0.258926391601563 -0.060791015625 0.09722900390625 0.0657958984375
-0.204010009765625 -0.120101928710937 0.0839080810546875 0.140068054199219
-0.127761840820312 -0.229415893554688 0.013702392578125 0.157562255859375
0.038238525390625 -0.281524658203125 -0.114967346191406 0.136512756347656
0.313720703125 -0.156097412109375 -0.166412353515625 0.030548095703125
0.34698486328125 0.05279541015625 -0.087860107421875 -0.080352783203125
0.317779541015625 0.262176513671875 0.0618400573730469 0.0608253479003906
0.121673583984375 0.2872314453125 0.260513305664063 0.146209716796875
0.196075439453125 0.25274658203125 0.245864868164062 0.221237182617188
0.336273193359375 0.069488525390625 0.248748779296875 0.134811401367188
0.23272705078125 -0.128036499023438 0.234588623046875 0.019561767578125
0.0749664306640625 -0.229583740234375 0.152969360351562 -0.0399627685546875
-0.105911254882812 -0.182144165039063 0.0790328979492188 -0.0151748657226563
-0.181304931640625 -0.0836334228515625 0.0936203002929687 0.0154190063476562
-0.201766967773438 -0.0868988037109375 0.141342163085938 0.032806396484375
-0.225433349609375 -0.0522918701171875 0.177078247070313 0.07232666015625
-0.18011474609375 -0.102752685546875 0.151382446289063 0.161453247070313
-0.110977172851563 -0.201324462890625 0.056884765625 0.183547973632813
0.0418548583984375 -0.238510131835937 -0.080169677734375 0.161605834960937
0.280075073242187 -0.108123779296875 -0.142684936523437 0.0514678955078125
0.28216552734375 0.089935302734375 -0.0299873352050781 -0.0613250732421875
0.211334228515625 0.2509765625 0.133285522460938 0.140625
-0.0105133056640625 0.18280029296875 0.296356201171875 0.22283935546875
0.069000244140625 0.185638427734375 0.27191162109375 0.250350952148438
0.18902587890625 0.08148193359375 0.221481323242188 0.157318115234375
0.1458740234375 -0.054962158203125 0.2166748046875 0.06439208984375
0.0537567138671875 -0.134254455566406 0.155868530273437 0.01092529296875
-0.0677642822265625 -0.117835998535156 0.123291015625 0.0240249633789062
-0.118019104003906 -0.0523300170898437 0.158279418945313 0.025482177734375
-0.136207580566406 -0.0556564331054688 0.197357177734375 0.035430908203125
-0.159942626953125 -0.037628173828125 0.237686157226562 0.0776824951171875
-0.130271911621094 -0.0765304565429688 0.20013427734375 0.180633544921875
-0.077789306640625 -0.151657104492188 0.08251953125 0.2100830078125
0.044219970703125 -0.172149658203125 -0.060211181640625 0.183975219726562
0.218338012695313 -0.04913330078125 -0.1328125 0.0674819946289063
0.185989379882813 0.117294311523438 0.00911712646484377 -0.0361328125
0.076446533203125 0.209197998046875 0.17041015625 0.214462280273438
0.0561981201171875 -0.107864379882813 -0.23858642578125 -0.233139038085938
-0.075958251953125 -0.0847396850585938 -0.0525054931640625 0.0151710510253906
-0.101593017578125 0.0154266357421875 0.149246215820313 -0.0738525390625
-0.031524658203125 0.0864791870117188 0.08538818359375 -0.242111206054688
0.038818359375 0.0782470703125 -0.0773773193359375 -0.265365600585938
0.0731277465820313 0.0230865478515625 -0.240219116210937 -0.201568603515625
0.04962158203125 0.00339889526367188 -0.297576904296875 -0.06121826171875
0.0414924621582031 0.013092041015625 -0.2508544921875 -0.0188446044921875
0.0399894714355469 0.0178184509277344 -0.20703125 -0.00349426269531254
0.0160140991210938 0.0235099792480469 -0.179183959960937 -0.0265350341796875
-0.0222396850585938 0.0194110870361328 -0.183807373046875 -0.015716552734375
-0.0605545043945313 -0.0219573974609375 -0.228683471679688 -0.05609130859375
-0.008636474609375 -0.0865936279296875 -0.24176025390625 -0.1776123046875
0.0759963989257813 -0.110832214355469 -0.311737060546875 -0.228973388671875
0.133621215820313 -0.093475341796875 -0.3392333984375 -0.258819580078125
0.1971435546875 -0.005706787109375 -0.206558227539062 -0.2635498046875
0.0663795471191406 -0.0544815063476563 -0.044281005859375 0.0027923583984375
0.0231437683105469 -0.0526809692382813 0.175094604492187 -0.0774078369140625
0.00660324096679687 -0.0188541412353516 0.114349365234375 -0.254638671875
0.00696372985839843 -0.0229873657226563 -0.057342529296875 -0.28973388671875
-0.00563812255859375 -0.0277385711669922 -0.23590087890625 -0.214630126953125
-0.0466690063476563 -0.0150642395019531 -0.2945556640625 -0.06048583984375
-0.0573616027832031 -0.0229148864746094 -0.2384033203125 -0.0139923095703125
-0.0586662292480469 -0.015167236328125 -0.199417114257813 0.00930786132812501
-0.0461082458496094 -0.0454025268554688 -0.17193603515625 -0.000579833984374965
-0.0271530151367187 -0.083770751953125 -0.174652099609375 0.009918212890625
0.0112152099609375 -0.120635986328125 -0.237167358398437 -0.0275115966796876
0.139503479003906 -0.0977096557617188 -0.2476806640625 -0.141311645507813
0.208908081054688 -0.046966552734375 -0.307891845703125 -0.19476318359375
0.266387939453125 0.03106689453125 -0.3077392578125 -0.23382568359375
0.3062744140625 0.1165771484375 -0.13323974609375 -0.255096435546875
0.209518432617188 0.013031005859375 -0.00309848785400389 0.00844621658325195
0.177780151367187 -0.101287841796875 0.215301513671875 -0.0681304931640625
0.0727386474609375 -0.127784729003906 0.158859252929688 -0.25177001953125
-0.00822448730468749 -0.138236999511719 -0.01580810546875 -0.297393798828125
-0.0789794921875 -0.0915603637695313 -0.204010009765625 -0.212982177734375
-0.136573791503906 -0.038818359375 -0.255874633789063 -0.054718017578125
-0.150466918945312 -0.054901123046875 -0.191162109375 -0.00625610351562499
-0.153533935546875 -0.0366363525390625 -0.154708862304688 0.028167724609375
-0.115257263183594 -0.0926284790039062 -0.133712768554688 0.0422439575195312
-0.0596923828125 -0.166549682617187 -0.146392822265625 0.0559844970703125
0.0409698486328125 -0.21417236328125 -0.232666015625 0.0243377685546875
0.248489379882812 -0.141098022460937 -0.249252319335937 -0.0874786376953125
0.315399169921875 -0.020355224609375 -0.283843994140625 -0.150482177734375
0.368896484375 0.126220703125 -0.241302490234375 -0.175033569335938
0.35992431640625 0.235321044921875 -0.027496337890625 -0.199081420898437
0.321136474609375 0.107330322265625 0.0655555725097656 0.0389862060546875
0.3319091796875 -0.110626220703125 0.257492065429688 -0.03564453125
0.15887451171875 -0.2144775390625 0.208877563476563 -0.219467163085937
0.00181579589843749 -0.244476318359375 0.0417633056640625 -0.274993896484375
-0.13360595703125 -0.155899047851563 -0.142440795898438 -0.190383911132813
-0.20452880859375 -0.064971923828125 -0.185012817382812 -0.0439910888671875
-0.222259521484375 -0.07965087890625 -0.115440368652344 0.00339508056640624
-0.229278564453125 -0.0460968017578125 -0.0800552368164063 0.0446548461914063
-0.177017211914063 -0.11553955078125 -0.0673980712890625 0.0837020874023438
-0.105621337890625 -0.217910766601562 -0.0964813232421875 0.10162353515625
0.03668212890625 -0.281890869140625 -0.20562744140625 0.0794525146484375
0.308349609375 -0.188995361328125 -0.2354736328125 -0.0314483642578125
0.38031005859375 -0.014434814453125 -0.235458374023438 -0.114501953125
0.422821044921875 0.1903076171875 -0.145599365234375 -0.099822998046875
0.34478759765625 0.318572998046875 0.09173583984375 -0.0986480712890625
0.36474609375 0.200927734375 0.145126342773438 0.09466552734375
0.433685302734375 -0.071258544921875 0.284210205078125 0.017486572265625
0.237106323242188 -0.246688842773438 0.245635986328125 -0.153076171875
0.029876708984375 -0.307891845703125 0.0981292724609375 -0.214920043945313
-0.157608032226563 -0.203460693359375 -0.0637054443359375 -0.143234252929688
-0.237991333007813 -0.08416748046875 -0.0915908813476563 -0.0261764526367188
-0.259979248046875 -0.0926971435546876 -0.02410888671875 0.0127029418945312
-0.2718505859375 -0.046722412109375 0.0118026733398437 0.0557174682617187
-0.215286254882812 -0.118576049804688 0.0151901245117187 0.11669921875
-0.140396118164062 -0.236862182617188 -0.034912109375 0.13812255859375
0.0225830078125 -0.30853271484375 -0.159912109375 0.123504638671875
0.325714111328125 -0.20916748046875 -0.205245971679687 0.012481689453125
0.39495849609375 -0.0015869140625 -0.169692993164062 -0.091827392578125
0.416015625 0.2301025390625 -0.0361251831054687 -0.0201339721679687
0.2684326171875 0.339263916015625 0.19952392578125 0.0240936279296875
0.326416015625 0.25634765625 0.217376708984375 0.160537719726563
0.441864013671875 -0.007232666015625 0.28509521484375 0.077239990234375
0.267990112304688 -0.21826171875 0.256240844726563 -0.070587158203125
0.055755615234375 -0.306976318359375 0.138725280761719 -0.131317138671875
-0.151168823242188 -0.21343994140625 0.0158538818359375 -0.080596923828125
-0.233383178710938 -0.0870513916015625 0.00858306884765624 -0.0066680908203125
-0.257843017578125 -0.0900726318359375 0.0678138732910156 0.019561767578125
-0.274734497070313 -0.0422210693359375 0.104957580566406 0.0600662231445313
-0.21942138671875 -0.109756469726563 0.0984878540039063 0.138832092285156
-0.148468017578125 -0.228271484375 0.0235748291015625 0.163986206054687
0.019561767578125 -0.295379638671875 -0.112884521484375 0.1533203125
0.3162841796875 -0.1873779296875 -0.172409057617187 0.0421905517578125
0.365814208984375 0.029876708984375 -0.099578857421875 -0.0788497924804688
0.35064697265625 0.249267578125 0.06707763671875 0.05792236328125
0.146087646484375 0.29193115234375 0.279373168945313 0.138565063476563
0.222885131835938 0.24957275390625 0.269561767578125 0.217010498046875
0.354278564453125 0.046875 0.266006469726563 0.126815795898438
0.234054565429687 -0.1488037109375 0.245925903320313 0.00550842285156249
0.0606689453125 -0.245208740234375 0.15838623046875 -0.0523834228515625
-0.123672485351562 -0.182144165039063 0.0852813720703125 -0.0212631225585938
-0.193328857421875 -0.0730133056640625 0.101242065429687 0.00868225097656249
-0.218185424804688 -0.0741729736328125 0.149002075195313 0.0213165283203125
-0.238632202148437 -0.035919189453125 0.189056396484375 0.06060791015625
-0.192611694335938 -0.0943145751953125 0.170181274414063 0.156021118164063
-0.12939453125 -0.199127197265625 0.070404052734375 0.188568115234375
0.025848388671875 -0.250335693359375 -0.074310302734375 0.176071166992187
0.283782958984375 -0.134765625 -0.14642333984375 0.062286376953125
0.300140380859375 0.07220458984375 -0.0379600524902343 -0.0631980895996094
0.237884521484375 0.245513916015625 0.146804809570313 0.136428833007813
0.00167846679687499 0.191604614257812 0.321929931640625 0.215911865234375
0.0847625732421875 0.186813354492188 0.297882080078125 0.24493408203125
0.20233154296875 0.069610595703125 0.241302490234375 0.150787353515625
0.148590087890625 -0.067474365234375 0.23065185546875 0.0520782470703125
0.044921875 -0.1434326171875 0.164840698242187 0.00215148925781249
-0.0789871215820312 -0.116508483886719 0.133903503417969 0.0164413452148437
-0.125419616699219 -0.044525146484375 0.168624877929688 0.0135040283203125
-0.146270751953125 -0.04644775390625 0.208465576171875 0.0191802978515625
-0.169464111328125 -0.025604248046875 0.25286865234375 0.0606231689453125
-0.13922119140625 -0.069061279296875 0.222930908203125 0.17193603515625
-0.090789794921875 -0.150726318359375 0.099151611328125 0.214248657226562
0.03302001953125 -0.18011474609375 -0.0518951416015625 0.197479248046875
0.222686767578125 -0.0690765380859375 -0.135147094726563 0.07781982421875
0.201797485351563 0.107269287109375 0.00426101684570313 -0.0404548645019531
0.0939788818359375 0.2105712890625 0.188919067382813 0.21002197265625
0.0510330200195313 -0.112754821777344 -0.257110595703125 -0.2186279296875
-0.0832748413085938 -0.0801544189453125 -0.0512580871582031 0.0214157104492187
-0.102020263671875 0.0228652954101563 0.148162841796875 -0.0836029052734375
-0.0243606567382813 0.0884857177734375 0.071136474609375 -0.25213623046875
0.04486083984375 0.0755615234375 -0.096435546875 -0.266128540039063
0.0742874145507813 0.0172653198242188 -0.260757446289062 -0.190093994140625
0.0488471984863281 -0.000820159912109375 -0.309051513671875 -0.039337158203125
0.0420875549316406 0.0101547241210938 -0.257492065429687 0.00306701660156254
0.0409126281738281 0.0145912170410156 -0.211288452148437 0.0144500732421875
0.0169906616210938 0.0209560394287109 -0.187667846679688 -0.01409912109375
-0.0211753845214844 0.0199203491210937 -0.189971923828125 -0.00294494628906253
-0.062225341796875 -0.0176467895507813 -0.236053466796875 -0.0405731201171875
-0.0133056640625 -0.0876617431640625 -0.256881713867188 -0.165924072265625
0.0689620971679688 -0.119041442871094 -0.330780029296875 -0.21240234375
0.127845764160156 -0.102981567382813 -0.361419677734375 -0.240936279296875
0.201644897460938 -0.0177764892578125 -0.22601318359375 -0.250442504882813
0.0641136169433594 -0.0597763061523437 -0.0434684753417969 0.01007080078125
0.0203895568847656 -0.0559768676757813 0.173873901367188 -0.0886688232421875
0.00725364685058594 -0.0203170776367187 0.0995941162109375 -0.267120361328125
0.004974365234375 -0.0248184204101563 -0.07757568359375 -0.292938232421875
-0.00922393798828125 -0.028533935546875 -0.256500244140625 -0.20257568359375
-0.0499000549316406 -0.0118865966796875 -0.304656982421875 -0.037841796875
-0.062408447265625 -0.018463134765625 -0.244552612304687 0.00616455078125
-0.0621185302734375 -0.0108795166015625 -0.202957153320313 0.0266876220703125
-0.0505790710449219 -0.0452499389648437 -0.177932739257813 0.0127716064453125
-0.03399658203125 -0.08477783203125 -0.178909301757813 0.0227508544921875
0.00387573242187499 -0.123710632324219 -0.242935180664063 -0.010040283203125
0.137138366699219 -0.110359191894531 -0.261062622070313 -0.127578735351562
0.20977783203125 -0.061859130859375 -0.3255615234375 -0.176910400390625
0.272659301757813 0.0135345458984375 -0.32781982421875 -0.217864990234375
0.321380615234375 0.098846435546875 -0.15167236328125 -0.246368408203125
0.215179443359375 -0.00177001953125 -0.00107955932617186 0.0136184692382813
0.17364501953125 -0.116531372070313 0.213943481445312 -0.08050537109375
0.0664215087890625 -0.135879516601562 0.144119262695313 -0.267135620117188
-0.0186614990234375 -0.140518188476563 -0.035919189453125 -0.303924560546875
-0.088043212890625 -0.0877914428710938 -0.2225341796875 -0.203384399414062
-0.142349243164063 -0.0297088623046875 -0.263839721679688 -0.0361175537109375
-0.160308837890625 -0.043670654296875 -0.195953369140625 0.00978088378906248
-0.15972900390625 -0.0254974365234375 -0.155853271484375 0.041717529296875
-0.124252319335938 -0.0880508422851563 -0.134132385253906 0.052703857421875
-0.073394775390625 -0.167449951171875 -0.14691162109375 0.0677795410156249
0.0261993408203125 -0.22174072265625 -0.23638916015625 0.0436553955078125
0.245223999023438 -0.162948608398438 -0.260467529296875 -0.0724029541015625
0.320587158203125 -0.04193115234375 -0.29876708984375 -0.134124755859375
0.38446044921875 0.102264404296875 -0.257415771484375 -0.161407470703125
0.384063720703125 0.214691162109375 -0.0404205322265625 -0.195465087890625
0.335906982421875 0.085723876953125 0.0695915222167969 0.0411949157714844
0.329986572265625 -0.138641357421875 0.258132934570313 -0.050445556640625
0.147628784179688 -0.230148315429688 0.197463989257812 -0.237716674804688
-0.016693115234375 -0.249481201171875 0.02423095703125 -0.283843994140625
-0.146804809570312 -0.150054931640625 -0.157440185546875 -0.184341430664062
-0.212860107421875 -0.0511016845703125 -0.189682006835938 -0.0298614501953125
-0.234725952148437 -0.0623321533203125 -0.118209838867188 0.0132293701171875
-0.237533569335938 -0.028533935546875 -0.0793609619140625 0.0521087646484375
-0.188201904296875 -0.105743408203125 -0.0626602172851563 0.0904922485351562
-0.123443603515625 -0.215835571289062 -0.0926971435546875 0.111579895019531
0.016693115234375 -0.2904052734375 -0.204864501953125 0.0990447998046875
0.30108642578125 -0.217254638671875 -0.243011474609375 -0.016845703125
0.386749267578125 -0.040863037109375 -0.2484130859375 -0.100692749023437
0.4442138671875 0.16290283203125 -0.155838012695313 -0.091796875
0.375213623046875 0.300994873046875 0.086212158203125 -0.100975036621094
0.38726806640625 0.17822265625 0.153594970703125 0.0919189453125
0.436370849609375 -0.106658935546875 0.28778076171875 0.00198364257812499
0.22479248046875 -0.268478393554688 0.23858642578125 -0.172286987304688
0.00622558593750001 -0.31640625 0.0870513916015625 -0.226318359375
-0.17449951171875 -0.19573974609375 -0.0725555419921875 -0.142120361328125
-0.247940063476563 -0.067840576171875 -0.0930099487304688 -0.0202484130859375
-0.273773193359375 -0.0730133056640625 -0.024658203125 0.0150718688964844
-0.280303955078125 -0.025848388671875 0.0153007507324219 0.0553703308105469
-0.2271728515625 -0.105316162109375 0.0244827270507812 0.116813659667969
-0.160598754882813 -0.230728149414062 -0.027496337890625 0.144378662109375
0.00064086914062502 -0.316253662109375 -0.155654907226562 0.141006469726563
0.3162841796875 -0.2393798828125 -0.209808349609375 0.026824951171875
0.402191162109375 -0.03131103515625 -0.180770874023438 -0.08294677734375
0.44091796875 0.2032470703125 -0.039337158203125 -0.01873779296875
0.297943115234375 0.3280029296875 0.204086303710938 0.0157928466796875
0.351104736328125 0.2362060546875 0.231201171875 0.153350830078125
0.44976806640625 -0.041534423828125 0.29254150390625 0.06268310546875
0.257919311523438 -0.24176025390625 0.255599975585938 -0.0877227783203125
0.03253173828125 -0.31707763671875 0.134124755859375 -0.144180297851563
-0.169631958007813 -0.20574951171875 0.01434326171875 -0.0838851928710938
-0.243148803710938 -0.071380615234375 0.011723518371582 -0.00780296325683594
-0.270858764648437 -0.0706481933593751 0.0700187683105469 0.0137977600097656
-0.28277587890625 -0.02105712890625 0.110862731933594 0.0519866943359375
-0.231369018554687 -0.0959930419921875 0.112083435058594 0.132804870605469
-0.167404174804687 -0.221221923828125 0.0341949462890625 0.167343139648438
-0.00198364257812502 -0.30120849609375 -0.105514526367188 0.16680908203125
0.306732177734375 -0.217010498046875 -0.1737060546875 0.0537109375
0.37469482421875 0.00360107421875 -0.10931396484375 -0.0748825073242188
0.37506103515625 0.226715087890625 0.0699996948242188 0.0536117553710938
0.170867919921875 0.287811279296875 0.293548583984375 0.1268310546875
0.244064331054688 0.237548828125 0.28662109375 0.20587158203125
0.363555908203125 0.018341064453125 0.277008056640625 0.11328125
0.227615356445313 -0.16845703125 0.249908447265625 -0.0103912353515625
0.0425567626953125 -0.253692626953125 0.159332275390625 -0.0636749267578125
-0.139022827148437 -0.175323486328125 0.0892562866210938 -0.0276718139648438
-0.200637817382813 -0.0594024658203125 0.106208801269531 0.000358581542968746
-0.228622436523438 -0.05682373046875 0.152938842773437 0.0080718994140625
-0.245391845703125 -0.0167083740234375 0.195892333984375 0.0452880859375
-0.202392578125 -0.0814361572265625 0.1861572265625 0.144332885742188
-0.145477294921875 -0.19244384765625 0.0839080810546875 0.187942504882813
0.00769042968750002 -0.255722045898438 -0.0648193359375 0.187210083007813
0.276763916015625 -0.160598754882813 -0.146408081054688 0.071746826171875
0.309722900390625 0.05096435546875 -0.0461006164550781 -0.0639152526855469
0.259292602539063 0.2310791015625 0.15631103515625 0.12701416015625
0.0157928466796875 0.195327758789063 0.342071533203125 0.2017822265625
0.0994873046875 0.183273315429688 0.31866455078125 0.230499267578125
0.210525512695313 0.0536651611328125 0.254379272460937 0.139785766601562
0.146255493164063 -0.0792694091796875 0.238021850585938 0.038177490234375
0.0338287353515625 -0.149185180664063 0.1693115234375 -0.00946044921875001
-0.0892715454101563 -0.111213684082031 0.141098022460938 0.00726318359374999
-0.129440307617188 -0.03570556640625 0.175186157226562 -0.000518798828125002
-0.152145385742188 -0.0348968505859375 0.21246337890625 0.0016937255859375
-0.173858642578125 -0.011962890625 0.261337280273438 0.040557861328125
-0.145736694335938 -0.0605621337890625 0.2396240234375 0.1561279296875
-0.102981567382813 -0.145523071289062 0.115524291992187 0.212615966796875
0.0200042724609375 -0.184478759765625 -0.0398406982421875 0.204849243164062
0.220169067382813 -0.087860107421875 -0.132781982421875 0.0869293212890625
0.211959838867188 0.0927734375 -0.00201797485351561 -0.0436286926269531
0.110458374023437 0.206497192382813 0.204574584960938 0.19964599609375
0.04693603515625 -0.114997863769531 -0.2685546875 -0.205520629882812
-0.0881118774414063 -0.0749435424804687 -0.0490226745605469 0.0269775390625
-0.101051330566406 0.0292587280273438 0.146926879882813 -0.090667724609375
-0.0181045532226562 0.0884552001953125 0.059234619140625 -0.258087158203125
0.049468994140625 0.0714569091796875 -0.111663818359375 -0.265396118164063
0.0740280151367188 0.012176513671875 -0.274581909179688 -0.176986694335938
0.0472869873046875 -0.0036773681640625 -0.313507080078125 -0.019500732421875
0.0420722961425781 0.00771331787109375 -0.258804321289062 0.0209808349609375
0.0407943725585938 0.0112533569335938 -0.211669921875 0.028411865234375
0.0165691375732422 0.0176658630371094 -0.192718505859375 -0.00340270996093748
-0.0207881927490234 0.0199165344238281 -0.193572998046875 0.00715637207031249
-0.0624313354492188 -0.0135993957519531 -0.239181518554688 -0.0297698974609375
-0.016265869140625 -0.0875167846679688 -0.265380859375 -0.155075073242188
0.0622406005859375 -0.123001098632813 -0.342193603515625 -0.1971435546875
0.121955871582031 -0.108985900878906 -0.372894287109375 -0.225555419921875
0.202713012695313 -0.0281829833984375 -0.238754272460938 -0.2374267578125
0.0623588562011719 -0.0626220703125 -0.0412940979003906 0.016265869140625
0.0183296203613281 -0.057464599609375 0.171707153320313 -0.09552001953125
0.00769805908203125 -0.0221729278564453 0.0867767333984375 -0.273361206054688
0.00319290161132813 -0.0265960693359375 -0.092742919921875 -0.2919921875
-0.0117073059082031 -0.0290889739990234 -0.270675659179688 -0.19061279296875
-0.0523872375488281 -0.00901412963867188 -0.30908203125 -0.0193176269531249
-0.0659408569335938 -0.0142669677734375 -0.246368408203125 0.023834228515625
-0.064453125 -0.00873184204101562 -0.202728271484375 0.04052734375
-0.0554008483886719 -0.0444984436035156 -0.179901123046875 0.0226287841796875
-0.0389175415039062 -0.08599853515625 -0.181243896484375 0.033050537109375
-0.00229644775390624 -0.124435424804687 -0.245925903320313 0.00286865234375005
0.133918762207031 -0.118995666503906 -0.26837158203125 -0.1170654296875
0.207992553710938 -0.072723388671875 -0.33477783203125 -0.161468505859375
0.273956298828125 0.0008087158203125 -0.340118408203125 -0.20330810546875
0.3292236328125 0.082855224609375 -0.163314819335937 -0.235244750976563
0.218002319335938 -0.0131378173828125 0.00128746032714845 0.0189838409423828
0.169021606445312 -0.12799072265625 0.211746215820312 -0.089111328125
0.06085205078125 -0.140945434570313 0.132003784179688 -0.27520751953125
-0.02740478515625 -0.141326904296875 -0.051605224609375 -0.305877685546875
-0.093902587890625 -0.0836639404296875 -0.235214233398438 -0.193862915039062
-0.145248413085938 -0.0220794677734375 -0.266891479492188 -0.0206298828125
-0.166229248046875 -0.0334014892578125 -0.196868896484375 0.0235443115234375
-0.1636962890625 -0.016571044921875 -0.1549072265625 0.05267333984375
-0.130401611328125 -0.0829010009765625 -0.1336669921875 0.0611419677734375
-0.0828094482421875 -0.166244506835938 -0.1463623046875 0.0767974853515625
0.0148162841796875 -0.225540161132812 -0.23565673828125 0.0584564208984374
0.2392578125 -0.179641723632813 -0.266265869140625 -0.0609588623046875
0.321014404296875 -0.058929443359375 -0.307861328125 -0.11993408203125
0.391937255859375 0.082977294921875 -0.267120361328125 -0.150192260742187
0.39825439453125 0.1968994140625 -0.049072265625 -0.189849853515625
0.343841552734375 0.06866455078125 0.0740966796875 0.0434722900390625
0.32440185546875 -0.159759521484375 0.256149291992188 -0.05975341796875
0.137710571289062 -0.240631103515625 0.18609619140625 -0.247390747070313
-0.0319061279296875 -0.251296997070313 0.0107421875 -0.289581298828125
-0.156356811523437 -0.142807006835938 -0.16845703125 -0.17852783203125
-0.217376708984375 -0.0392913818359375 -0.191177368164063 -0.0201873779296875
-0.242324829101563 -0.0480499267578125 -0.118888854980469 0.0209197998046875
-0.240737915039063 -0.0147247314453125 -0.0776748657226563 0.0583648681640625
-0.195297241210938 -0.0963592529296875 -0.0583267211914063 0.0946426391601563
-0.136428833007813 -0.211212158203125 -0.0890121459960938 0.118362426757812
0.000885009765624976 -0.293731689453125 -0.201065063476563 0.113815307617188
0.291748046875 -0.23809814453125 -0.246139526367187 -0.00546264648437497
0.38763427734375 -0.062103271484375 -0.255966186523438 -0.089202880859375
0.45562744140625 0.140106201171875 -0.1614990234375 -0.084503173828125
0.39495849609375 0.2835693359375 0.0827789306640625 -0.100303649902344
0.3992919921875 0.157806396484375 0.160476684570313 0.0893096923828125
0.432769775390625 -0.133392333984375 0.287841796875 -0.00918579101562501
0.212371826171875 -0.28253173828125 0.231170654296875 -0.1839599609375
-0.01190185546875 -0.319580078125 0.07684326171875 -0.233932495117188
-0.186904907226563 -0.187850952148438 -0.0786590576171875 -0.140594482421875
-0.252578735351563 -0.0537261962890625 -0.0913467407226563 -0.014984130859375
-0.281707763671875 -0.054107666015625 -0.0245227813720703 0.0165081024169922
-0.283538818359375 -0.00845336914062496 0.0169563293457031 0.05560302734375
-0.23272705078125 -0.093658447265625 0.0318145751953125 0.115623474121094
-0.17413330078125 -0.223922729492188 -0.0218505859375 0.14776611328125
-0.01690673828125 -0.31732177734375 -0.150009155273438 0.153732299804687
0.304168701171875 -0.260498046875 -0.211700439453125 0.0361480712890625
0.404205322265625 -0.0523681640625 -0.187728881835937 -0.075164794921875
0.454559326171875 0.1793212890625 -0.0420684814453125 -0.0172843933105469
0.318328857421875 0.31427001953125 0.207046508789063 0.0112457275390625
0.3665771484375 0.21905517578125 0.240005493164063 0.146759033203125
0.44915771484375 -0.069305419921875 0.295989990234375 0.051910400390625
0.246673583984375 -0.257156372070313 0.251693725585938 -0.0998992919921875
0.01434326171875 -0.320953369140625 0.128463745117188 -0.152572631835938
-0.181442260742188 -0.198043823242187 0.0124664306640625 -0.0863113403320313
-0.246688842773437 -0.0586395263671875 0.0147523880004883 -0.00946807861328126
-0.278518676757813 -0.053131103515625 0.0704498291015625 0.00884246826171875
-0.28497314453125 -0.00286865234374996 0.11334228515625 0.04583740234375
-0.236114501953125 -0.083343505859375 0.119972229003906 0.125823974609375
-0.179595947265625 -0.212509155273438 0.0421600341796875 0.167877197265625
-0.018585205078125 -0.302032470703125 -0.0981903076171875 0.177780151367187
0.296356201171875 -0.238189697265625 -0.173980712890625 0.0614471435546875
0.37664794921875 -0.017547607421875 -0.11651611328125 -0.0710678100585938
0.389373779296875 0.207183837890625 0.0723037719726563 0.0502166748046875
0.187347412109375 0.281158447265625 0.301727294921875 0.117034912109375
0.258392333984375 0.224212646484375 0.299224853515625 0.196319580078125
0.364837646484375 -0.00360107421875 0.28338623046875 0.102508544921875
0.219375610351563 -0.181442260742188 0.249588012695312 -0.021453857421875
0.0274505615234375 -0.257797241210938 0.158248901367188 -0.072479248046875
-0.149765014648438 -0.168167114257812 0.0921707153320313 -0.0334320068359375
-0.203140258789063 -0.0489044189453125 0.110237121582031 -0.00695037841796875
-0.233795166015625 -0.042999267578125 0.153564453125 -0.0015411376953125
-0.246597290039063 -0.000411987304687499 0.198455810546875 0.0328521728515625
-0.205825805664063 -0.070220947265625 0.195266723632813 0.132705688476563
-0.156280517578125 -0.184906005859375 0.092742919921875 0.186752319335937
-0.00602722167968749 -0.25628662109375 -0.0562286376953125 0.194046020507812
0.2677001953125 -0.177841186523438 -0.145004272460937 0.078094482421875
0.314483642578125 0.03350830078125 -0.0532798767089843 -0.0627937316894531
0.273895263671875 0.217697143554688 0.1617431640625 0.119354248046875
0.028045654296875 0.195907592773438 0.353057861328125 0.189605712890625
0.109939575195312 0.177841186523437 0.331298828125 0.218017578125
0.212875366210938 0.0393524169921875 0.262741088867188 0.130599975585938
0.142257690429688 -0.0880584716796875 0.240753173828125 0.0272064208984375
0.0250091552734375 -0.15106201171875 0.172042846679688 -0.0179290771484375
-0.09625244140625 -0.106559753417969 0.146652221679687 -0.00129699707031251
-0.129714965820312 -0.0286712646484375 0.17840576171875 -0.0114898681640625
-0.155197143554687 -0.0248870849609375 0.212570190429687 -0.0128021240234375
-0.173416137695313 -0.000106811523437511 0.264450073242188 0.0230560302734375
-0.149032592773438 -0.052215576171875 0.25054931640625 0.141738891601563
-0.110160827636719 -0.139305114746094 0.125930786132813 0.2098388671875
0.0102996826171875 -0.185226440429688 -0.030548095703125 0.210540771484375
0.21502685546875 -0.101699829101563 -0.131027221679687 0.0928573608398438
0.217697143554687 0.0809783935546875 -0.00786209106445311 -0.0455856323242188
0.121139526367188 0.200836181640625 0.212753295898438 0.18988037109375
0.0437545776367187 -0.118156433105469 -0.278091430664062 -0.197616577148438
-0.0917892456054688 -0.0709762573242187 -0.0469589233398438 0.0311164855957031
-0.100425720214844 0.0340805053710938 0.1473388671875 -0.09619140625
-0.0145492553710938 0.0884170532226563 0.052337646484375 -0.263351440429688
0.0532035827636719 0.0697059631347656 -0.12249755859375 -0.267379760742187
0.0738601684570313 0.00943756103515625 -0.28643798828125 -0.1705322265625
0.0464973449707031 -0.00547027587890625 -0.32012939453125 -0.00488281249999997
0.0417900085449219 0.00636672973632813 -0.261184692382812 0.0346221923828125
0.040191650390625 0.00874710083007813 -0.213638305664063 0.038848876953125
0.0155239105224609 0.015559196472168 -0.198699951171875 0.00538635253906246
-0.0206813812255859 0.0192966461181641 -0.198623657226563 0.0147857666015625
-0.0622062683105469 -0.010955810546875 -0.243179321289063 -0.022918701171875
-0.0185699462890625 -0.0879364013671875 -0.272872924804688 -0.150253295898438
0.0572357177734375 -0.126411437988281 -0.35211181640625 -0.1883544921875
0.118759155273438 -0.112861633300781 -0.38446044921875 -0.21795654296875
0.205825805664063 -0.0354461669921875 -0.248565673828125 -0.230026245117188
0.0618362426757812 -0.0651359558105469 -0.0387649536132812 0.0210685729980469
0.0169715881347656 -0.0595283508300781 0.17181396484375 -0.101913452148438
0.00818634033203125 -0.0249614715576172 0.0795745849609375 -0.2808837890625
0.00159835815429688 -0.0276432037353516 -0.104522705078125 -0.29571533203125
-0.0142498016357422 -0.0297317504882812 -0.282073974609375 -0.183624267578125
-0.0547294616699219 -0.00736618041992188 -0.314453125 -0.00613403320312502
-0.0693473815917969 -0.0111770629882813 -0.249038696289063 0.036895751953125
-0.0673179626464844 -0.00663375854492188 -0.204208374023438 0.05096435546875
-0.0588722229003906 -0.04498291015625 -0.184463500976563 0.030792236328125
-0.0436325073242188 -0.0875167846679688 -0.18511962890625 0.0409393310546875
-0.00579833984375 -0.126625061035156 -0.249313354492188 0.0126190185546875
0.132293701171875 -0.126609802246094 -0.275192260742187 -0.112228393554688
0.20703125 -0.0799713134765625 -0.343597412109375 -0.153167724609375
0.27734375 -0.0077056884765625 -0.349945068359375 -0.196319580078125
0.33819580078125 0.072601318359375 -0.171524047851562 -0.229446411132813
0.220367431640625 -0.02117919921875 0.00447082519531251 0.0236454010009766
0.166778564453125 -0.137771606445313 0.2122802734375 -0.09466552734375
0.057861328125 -0.146987915039063 0.12530517578125 -0.283416748046875
-0.0338897705078125 -0.1429443359375 -0.0628662109375 -0.311126708984375
-0.0981674194335938 -0.0822906494140625 -0.246078491210938 -0.189422607421875
-0.14935302734375 -0.0166168212890625 -0.27020263671875 -0.00978088378906252
-0.171890258789063 -0.0254669189453125 -0.198898315429688 0.0342254638671875
-0.1676025390625 -0.0100860595703125 -0.155410766601563 0.0616912841796875
-0.13665771484375 -0.080963134765625 -0.13427734375 0.0674209594726563
-0.0916900634765625 -0.167343139648438 -0.147567749023438 0.0837249755859375
0.00726318359374999 -0.229782104492188 -0.2369384765625 0.07025146484375
0.236618041992187 -0.193572998046875 -0.271896362304688 -0.0546875
0.324310302734375 -0.07037353515625 -0.315277099609375 -0.1114501953125
0.400848388671875 0.07122802734375 -0.274154663085937 -0.144683837890625
0.41302490234375 0.18609619140625 -0.0541229248046875 -0.186050415039062
0.351959228515625 0.056396484375 0.0779571533203125 0.0459442138671875
0.322174072265625 -0.175537109375 0.257064819335938 -0.066375732421875
0.131454467773438 -0.249343872070313 0.180084228515625 -0.25616455078125
-0.0430755615234375 -0.254501342773438 0.000701904296875022 -0.29681396484375
-0.163497924804688 -0.13909912109375 -0.176101684570312 -0.176162719726563
-0.221878051757813 -0.0318450927734375 -0.192398071289062 -0.01202392578125
-0.249313354492188 -0.03619384765625 -0.119979858398438 0.027984619140625
-0.24542236328125 -0.003814697265625 -0.076629638671875 0.0641250610351563
-0.201858520507813 -0.0914154052734375 -0.055694580078125 0.09783935546875
-0.147109985351562 -0.210174560546875 -0.0876693725585938 0.124298095703125
-0.00985717773437499 -0.298797607421875 -0.20037841796875 0.1260986328125
0.2867431640625 -0.254638671875 -0.251174926757813 0.00123596191406248
0.390899658203125 -0.07623291015625 -0.263275146484375 -0.0823516845703125
0.468048095703125 0.12554931640625 -0.166595458984375 -0.0811309814453125
0.41229248046875 0.273223876953125 0.0824508666992188 -0.100273132324219
0.411285400390625 0.14508056640625 0.16680908203125 0.090576171875
0.4334716796875 -0.154541015625 0.2911376953125 -0.015045166015625
0.205413818359375 -0.294921875 0.227783203125 -0.192459106445313
-0.025604248046875 -0.32470703125 0.071502685546875 -0.242340087890625
-0.19635009765625 -0.183319091796875 -0.0831298828125 -0.140655517578125
-0.257400512695313 -0.0455322265625 -0.0905380249023438 -0.0117645263671875
-0.290069580078125 -0.04144287109375 -0.0245590209960938 0.0179691314697266
-0.28814697265625 0.00448608398437496 0.0191650390625 0.0563621520996094
-0.2391357421875 -0.0862274169921875 0.0370635986328125 0.115257263183594
-0.185043334960938 -0.220352172851562 -0.0174102783203125 0.15264892578125
-0.02978515625 -0.32257080078125 -0.14654541015625 0.165939331054687
0.298095703125 -0.27886962890625 -0.215087890625 0.0418090820312499
0.408782958984375 -0.068206787109375 -0.195083618164062 -0.07000732421875
0.46807861328125 0.16455078125 -0.0434150695800781 -0.016845703125
0.33648681640625 0.3089599609375 0.21136474609375 0.00897216796875002
0.37969970703125 0.207855224609375 0.249298095703125 0.145233154296875
0.45123291015625 -0.08935546875 0.3009033203125 0.04620361328125
0.241729736328125 -0.269454956054688 0.251251220703125 -0.107620239257813
0.000854492187500022 -0.326446533203125 0.126785278320313 -0.160430908203125
-0.191452026367188 -0.194168090820312 0.0131149291992187 -0.0888214111328125
-0.251922607421875 -0.0500640869140625 0.0172557830810547 -0.0116491317749023
-0.285430908203125 -0.040008544921875 0.0709991455078125 0.005523681640625
-0.2886962890625 0.010833740234375 0.116043090820312 0.0416412353515625
-0.241195678710938 -0.0758514404296875 0.127273559570312 0.121696472167969
-0.190261840820313 -0.208267211914062 0.0478515625 0.171188354492188
-0.03106689453125 -0.30535888671875 -0.0928802490234375 0.18756103515625
0.28961181640625 -0.253662109375 -0.176406860351562 0.067474365234375
0.38177490234375 -0.031341552734375 -0.123451232910156 -0.069061279296875
0.402587890625 0.195648193359375 0.0731124877929688 0.0474929809570313
0.2032470703125 0.278717041015625 0.31036376953125 0.111846923828125
0.270050048828125 0.21710205078125 0.30950927734375 0.1910400390625
0.368408203125 -0.019378662109375 0.288482666015625 0.09796142578125
0.21624755859375 -0.192108154296875 0.252578735351563 -0.02874755859375
0.016510009765625 -0.2618408203125 0.160202026367188 -0.0785675048828125
-0.157333374023438 -0.164047241210938 0.0956649780273437 -0.0386810302734375
-0.207260131835938 -0.04168701171875 0.113883972167969 -0.0136260986328125
-0.238815307617188 -0.0310516357421875 0.154449462890625 -0.0088958740234375
-0.248397827148438 0.011199951171875 0.20208740234375 0.0250396728515625
-0.209930419921875 -0.0631866455078125 0.204269409179687 0.125213623046875
-0.163787841796875 -0.180007934570313 0.100418090820312 0.187957763671875
-0.0157318115234375 -0.25836181640625 -0.0501556396484375 0.201675415039062
0.263397216796875 -0.192642211914063 -0.146072387695313 0.0828857421875
0.319580078125 0.021240234375 -0.0600509643554687 -0.0638313293457031
0.284942626953125 0.21014404296875 0.16583251953125 0.115554809570313
0.0374603271484375 0.197494506835938 0.3646240234375 0.1832275390625
0.1170654296875 0.175048828125 0.341888427734375 0.211181640625
0.215118408203125 0.0299835205078125 0.270126342773438 0.126205444335938
0.140068054199219 -0.0940704345703125 0.245101928710938 0.0213165283203125
0.0186614990234375 -0.15411376953125 0.176132202148438 -0.0239105224609375
-0.101676940917969 -0.103240966796875 0.152236938476563 -0.00827026367187501
-0.130538940429688 -0.0237808227539063 0.182266235351562 -0.0213623046875
-0.15740966796875 -0.0166168212890625 0.213760375976563 -0.023345947265625
-0.174072265625 0.00862121582031248 0.267837524414063 0.010833740234375
-0.15130615234375 -0.0473175048828125 0.258956909179688 0.131378173828125
-0.116050720214844 -0.135971069335938 0.13543701171875 0.210281372070313
0.004150390625 -0.186630249023438 -0.0241546630859375 0.217117309570313
0.211746215820313 -0.1116943359375 -0.131599426269531 0.0965728759765625
0.222793579101563 0.07244873046875 -0.0137214660644531 -0.0472183227539062
0.129791259765625 0.198501586914063 0.220657348632813 0.18536376953125
0.0419464111328125 -0.122764587402344 -0.292388916015625 -0.194488525390625
-0.0958175659179687 -0.0686798095703125 -0.0459175109863281 0.0360603332519531
-0.101875305175781 0.0385589599609375 0.152023315429688 -0.102813720703125
-0.0112991333007812 0.0892715454101563 0.0464019775390625 -0.273681640625
0.0579605102539063 0.0695915222167969 -0.135848999023437 -0.274032592773438
0.0749130249023437 0.00649261474609375 -0.30364990234375 -0.16619873046875
0.0458106994628906 -0.00642776489257813 -0.33001708984375 0.00955200195312505
0.0422630310058594 0.00544357299804687 -0.266677856445312 0.048919677734375
0.0397491455078125 0.00714874267578125 -0.21942138671875 0.0478363037109375
0.013981819152832 0.0141916275024414 -0.208953857421875 0.0131988525390625
-0.0209140777587891 0.0195083618164063 -0.206649780273437 0.0229949951171875
-0.0623512268066406 -0.00909805297851563 -0.252639770507813 -0.0167388916015625
-0.0204391479492187 -0.0909881591796875 -0.284912109375 -0.14923095703125
0.0532302856445312 -0.131027221679688 -0.365264892578125 -0.184356689453125
0.118583679199219 -0.118423461914063 -0.401397705078125 -0.2178955078125
0.212203979492188 -0.042724609375 -0.26165771484375 -0.227493286132812
0.0621185302734375 -0.0679473876953125 -0.0364418029785156 0.0261154174804687
0.0159416198730469 -0.0628471374511719 0.17645263671875 -0.108779907226562
0.00817108154296875 -0.0272483825683594 0.07537841796875 -0.292236328125
0.000881195068359372 -0.0293502807617188 -0.1180419921875 -0.3050537109375
-0.0165786743164063 -0.0305442810058594 -0.29974365234375 -0.181182861328125
-0.0579490661621094 -0.00522994995117188 -0.324737548828125 0.00811767578125004
-0.0737533569335938 -0.00784301757812501 -0.254669189453125 0.0507659912109375
-0.0716094970703125 -0.00500488281249998 -0.209335327148438 0.062042236328125
-0.0638771057128906 -0.0459747314453125 -0.192245483398438 0.0393829345703125
-0.049835205078125 -0.0904006958007813 -0.191925048828125 0.048980712890625
-0.00845336914062499 -0.131065368652344 -0.2574462890625 0.0215301513671874
0.133445739746094 -0.136375427246094 -0.28826904296875 -0.110107421875
0.210800170898438 -0.0885009765625 -0.3570556640625 -0.148223876953125
0.286041259765625 -0.01422119140625 -0.365081787109375 -0.19464111328125
0.351837158203125 0.064697265625 -0.181243896484375 -0.228530883789062
0.227890014648437 -0.028656005859375 0.00823020935058595 0.0282039642333984
0.16680908203125 -0.149398803710938 0.218017578125 -0.101730346679688
0.056488037109375 -0.154953002929688 0.121612548828125 -0.295562744140625
-0.0405426025390625 -0.14678955078125 -0.074615478515625 -0.3218994140625
-0.105033874511719 -0.082000732421875 -0.260711669921875 -0.18798828125
-0.155563354492188 -0.01165771484375 -0.27886962890625 0.00146484375
-0.17974853515625 -0.0180206298828125 -0.203781127929688 0.044921875
-0.175155639648437 -0.0037384033203125 -0.15875244140625 0.0713348388671875
-0.144775390625 -0.0797119140625 -0.138336181640625 0.0744247436523437
-0.101394653320313 -0.171279907226562 -0.15216064453125 0.09283447265625
0.000381469726562476 -0.238937377929688 -0.243606567382813 0.0824737548828125
0.238021850585938 -0.210052490234375 -0.283477783203125 -0.0509033203125
0.33258056640625 -0.082763671875 -0.328369140625 -0.105712890625
0.416229248046875 0.061859130859375 -0.28643798828125 -0.142913818359375
0.433502197265625 0.178924560546875 -0.05938720703125 -0.186126708984375
0.36602783203125 0.04644775390625 0.08526611328125 0.0501632690429688
0.32647705078125 -0.195159912109375 0.265045166015625 -0.0727386474609375
0.128646850585938 -0.262496948242188 0.1790771484375 -0.26806640625
-0.0547332763671875 -0.261032104492188 -0.007537841796875 -0.30859375
-0.173187255859375 -0.138916015625 -0.187026977539062 -0.1776123046875
-0.230072021484375 -0.024993896484375 -0.197280883789063 -0.00651550292968748
-0.260971069335938 -0.0255279541015625 -0.122489929199219 0.0350189208984375
-0.254562377929688 0.00651550292968753 -0.0766525268554688 0.0711288452148438
-0.211639404296875 -0.0880279541015625 -0.0549240112304687 0.102806091308594
-0.159774780273438 -0.212860107421875 -0.0883712768554688 0.13336181640625
-0.020355224609375 -0.309051513671875 -0.202560424804688 0.140151977539062
0.286865234375 -0.275482177734375 -0.261154174804688 0.00746154785156252
0.402313232421875 -0.091827392578125 -0.2750244140625 -0.0770874023437499
0.4866943359375 0.11541748046875 -0.174346923828125 -0.0796661376953125
0.4365234375 0.26983642578125 0.0844039916992188 -0.102012634277344
0.42926025390625 0.13592529296875 0.1773681640625 0.0920867919921875
0.441436767578125 -0.17706298828125 0.29962158203125 -0.020294189453125
0.204315185546875 -0.311920166015625 0.228912353515625 -0.2030029296875
-0.0394287109375 -0.334014892578125 0.0662384033203125 -0.254364013671875
-0.208160400390625 -0.1826171875 -0.0889129638671875 -0.144210815429688
-0.267745971679688 -0.0385894775390625 -0.0918502807617188 -0.011322021484375
-0.301788330078125 -0.0288085937499999 -0.0243759155273438 0.0202789306640625
-0.297119140625 0.0172119140624999 0.022003173828125 0.0592155456542969
-0.249099731445313 -0.0809631347656251 0.0418472290039063 0.116615295410156
-0.198867797851563 -0.221481323242187 -0.0144195556640625 0.160186767578125
-0.0408935546875 -0.33294677734375 -0.14556884765625 0.179306030273437
0.298126220703125 -0.298980712890625 -0.223556518554688 0.0487213134765624
0.419952392578125 -0.08428955078125 -0.20562744140625 -0.0672149658203125
0.48919677734375 0.155548095703125 -0.0459136962890625 -0.0168838500976562
0.359161376953125 0.307342529296875 0.220169067382813 0.00711059570312502
0.39764404296875 0.20037841796875 0.262588500976563 0.14654541015625
0.461029052734375 -0.1102294921875 0.311187744140625 0.04290771484375
0.2412109375 -0.286376953125 0.256179809570313 -0.11566162109375
-0.0120849609375 -0.3377685546875 0.127517700195313 -0.1715087890625
-0.20404052734375 -0.194305419921875 0.0132293701171875 -0.0946884155273438
-0.261154174804688 -0.0437164306640625 0.0203819274902344 -0.01470947265625
-0.2962646484375 -0.0281982421875 0.073577880859375 0.0031585693359375
-0.296234130859375 0.0228881835937499 0.121070861816406 0.039093017578125
-0.250152587890625 -0.070098876953125 0.135696411132812 0.120079040527344
-0.20318603515625 -0.208023071289062 0.0545654296875 0.177322387695313
-0.04168701171875 -0.314422607421875 -0.09014892578125 0.199844360351562
0.288421630859375 -0.2735595703125 -0.182693481445312 0.0726013183593749
0.3935546875 -0.045989990234375 -0.132431030273437 -0.068084716796875
0.422943115234375 0.188690185546875 0.0756988525390625 0.0467529296875
0.220413208007813 0.280166625976563 0.324127197265625 0.1104736328125
0.284332275390625 0.214752197265625 0.32513427734375 0.192352294921875
0.376434326171875 -0.035430908203125 0.30035400390625 0.097259521484375
0.217300415039063 -0.204452514648438 0.259307861328125 -0.0342559814453125
0.00740051269531252 -0.270172119140625 0.16510009765625 -0.0868682861328125
-0.167770385742188 -0.163726806640625 0.100936889648437 -0.045257568359375
-0.2142333984375 -0.0372772216796875 0.119499206542969 -0.0202102661132813
-0.247879028320313 -0.020843505859375 0.15887451171875 -0.0159912109375
-0.254257202148438 0.02239990234375 0.2088623046875 0.017242431640625
-0.216766357421875 -0.0588226318359375 0.214324951171875 0.120407104492188
-0.175262451171875 -0.17974853515625 0.109756469726562 0.193267822265625
-0.0236358642578125 -0.265304565429688 -0.04534912109375 0.212783813476562
0.263275146484375 -0.208908081054688 -0.150390625 0.08831787109375
0.329986572265625 0.010955810546875 -0.06781005859375 -0.0647430419921875
0.30108642578125 0.207366943359375 0.17340087890625 0.114608764648438
0.0467376708984375 0.201065063476563 0.3822021484375 0.1817626953125
0.125640869140625 0.174942016601562 0.357879638671875 0.210418701171875
0.220672607421875 0.021759033203125 0.281402587890625 0.124298095703125
0.141708374023438 -0.100372314453125 0.254501342773438 0.016632080078125
0.012908935546875 -0.158889770507813 0.183975219726563 -0.0303497314453125
-0.108421325683594 -0.101814270019531 0.160675048828125 -0.01580810546875
-0.134605407714844 -0.0202713012695313 0.189544677734375 -0.0320587158203125
-0.16217041015625 -0.00997924804687498 0.21954345703125 -0.0326385498046875
-0.177505493164063 0.0167388916015625 0.27618408203125 -6.1035156249999E-05
-0.15679931640625 -0.0436859130859375 0.272140502929687 0.124862670898437
-0.123725891113281 -0.1351318359375 0.145919799804687 0.215301513671875
-0.00152587890624999 -0.191436767578125 -0.01824951171875 0.225997924804688
0.212936401367188 -0.123184204101563 -0.135459899902344 0.102294921875
0.231842041015625 0.065673828125 -0.0194778442382812 -0.0488624572753906
0.140914916992188 0.200973510742188 0.23126220703125 0.184677124023438
0.0376739501953125 -0.130233764648438 -0.313873291015625 -0.188140869140625
-0.102981567382813 -0.0653762817382812 -0.0445404052734375 0.0418472290039062
-0.10369873046875 0.0451812744140625 0.156600952148438 -0.114669799804688
-0.00768280029296875 0.092498779296875 0.03778076171875 -0.29022216796875
0.0645408630371094 0.0688743591308594 -0.1568603515625 -0.282562255859375
0.077239990234375 0.00287628173828125 -0.328857421875 -0.159820556640625
0.045989990234375 -0.00852584838867188 -0.344146728515625 0.02996826171875
0.0435028076171875 0.00431442260742187 -0.275375366210938 0.068206787109375
0.039642333984375 0.00501251220703125 -0.228134155273438 0.0628204345703124
0.0131549835205078 0.0137405395507812 -0.22100830078125 0.0264892578125
-0.0217952728271484 0.0197334289550781 -0.217010498046875 0.0352020263671875
-0.0639266967773437 -0.00682449340820312 -0.265838623046875 -0.00624084472656256
-0.0246200561523437 -0.094635009765625 -0.30450439453125 -0.145965576171875
0.0485153198242188 -0.137809753417969 -0.38775634765625 -0.1766357421875
0.118476867675781 -0.127662658691406 -0.42840576171875 -0.213531494140625
0.220352172851563 -0.0540618896484375 -0.281982421875 -0.224700927734375
0.0627670288085938 -0.0736160278320313 -0.0342674255371094 0.0318164825439453
0.0138473510742188 -0.06768798828125 0.182052612304688 -0.120635986328125
0.00767135620117188 -0.0311069488525391 0.065704345703125 -0.3095703125
-0.000366210937500002 -0.0311737060546875 -0.139678955078125 -0.316070556640625
-0.0200881958007812 -0.0322265625 -0.324859619140625 -0.1751708984375
-0.0625877380371094 -0.00240707397460937 -0.338653564453125 0.026763916015625
-0.0789031982421875 -0.00292205810546876 -0.262771606445313 0.0694427490234375
-0.0775985717773438 -0.000694274902343751 -0.216537475585938 0.0770111083984375
-0.0718841552734375 -0.0465011596679688 -0.202468872070313 0.052490234375
-0.0576171875 -0.0942611694335938 -0.200759887695313 0.0626068115234375
-0.013397216796875 -0.137969970703125 -0.26885986328125 0.03564453125
0.13409423828125 -0.150741577148438 -0.3067626953125 -0.1044921875
0.216415405273438 -0.10040283203125 -0.37933349609375 -0.138671875
0.300262451171875 -0.02716064453125 -0.390167236328125 -0.19122314453125
0.372650146484375 0.051025390625 -0.197402954101562 -0.227890014648438
0.237762451171875 -0.0401611328125 0.0135154724121094 0.0323753356933594
0.167465209960938 -0.166839599609375 0.225601196289062 -0.114181518554688
0.0520477294921875 -0.166351318359375 0.11505126953125 -0.314483642578125
-0.050079345703125 -0.152191162109375 -0.094970703125 -0.336761474609375
-0.114089965820313 -0.0820083618164062 -0.283111572265625 -0.184326171875
-0.163894653320313 -0.00415039062499997 -0.2908935546875 0.016448974609375
-0.191146850585937 -0.00759887695312498 -0.209869384765625 0.06060791015625
-0.185150146484375 0.00608825683593751 -0.162017822265625 0.0853118896484375
-0.157089233398438 -0.0779266357421875 -0.143280029296875 0.08648681640625
-0.116836547851563 -0.17584228515625 -0.15740966796875 0.1064453125
-0.010467529296875 -0.251922607421875 -0.250579833984375 0.099700927734375
0.239501953125 -0.233001708984375 -0.301025390625 -0.042724609375
0.343780517578125 -0.10052490234375 -0.347747802734375 -0.096527099609375
0.439727783203125 0.04754638671875 -0.30682373046875 -0.139373779296875
0.463653564453125 0.167022705078125 -0.067535400390625 -0.18896484375
0.38604736328125 0.031707763671875 0.0947952270507813 0.0518569946289063
0.330841064453125 -0.2227783203125 0.275146484375 -0.0843963623046875
0.123748779296875 -0.282501220703125 0.17608642578125 -0.287994384765625
-0.07080078125 -0.27099609375 -0.0238037109375 -0.326263427734375
-0.188003540039063 -0.138565063476563 -0.203933715820312 -0.1771240234375
-0.242889404296875 -0.01416015625 -0.205276489257813 0.00315856933593748
-0.275650024414063 -0.00961303710937499 -0.125526428222656 0.0449600219726563
-0.266952514648437 0.021026611328125 -0.0763320922851563 0.0802230834960938
-0.225875854492188 -0.0828704833984375 -0.0537185668945313 0.110588073730469
-0.179443359375 -0.21612548828125 -0.08807373046875 0.146408081054688
-0.036529541015625 -0.3250732421875 -0.204727172851562 0.159866333007813
0.286895751953125 -0.304931640625 -0.27581787109375 0.017822265625
0.4176025390625 -0.114227294921875 -0.292633056640625 -0.06903076171875
0.518463134765625 0.0994873046875 -0.186614990234375 -0.077606201171875
0.47247314453125 0.26129150390625 0.085723876953125 -0.106956481933594
0.456268310546875 0.12066650390625 0.193008422851563 0.0933685302734375
0.45147705078125 -0.21002197265625 0.31365966796875 -0.030120849609375
0.199493408203125 -0.3363037109375 0.231002807617188 -0.220184326171875
-0.0592041015625 -0.348602294921875 0.0577392578125 -0.272964477539063
-0.22625732421875 -0.182876586914062 -0.0989837646484375 -0.148178100585938
-0.282440185546875 -0.0275878906249999 -0.0955429077148438 -0.00866699218750001
-0.318115234375 -0.0114746093750001 -0.0237159729003907 0.0235767364501953
-0.309906005859375 0.03472900390625 0.0260734558105469 0.0619659423828125
-0.264007568359375 -0.0735473632812501 0.0485076904296875 0.11962890625
-0.220535278320313 -0.22137451171875 -0.00918579101562502 0.170684814453125
-0.058685302734375 -0.346832275390625 -0.142807006835938 0.199234008789062
0.295501708984375 -0.33074951171875 -0.234207153320312 0.0602111816406249
0.43572998046875 -0.108673095703125 -0.220413208007812 -0.061309814453125
0.522674560546875 0.14044189453125 -0.04974365234375 -0.0160675048828125
0.392913818359375 0.303741455078125 0.2330322265625 0.000991821289062519
0.4256591796875 0.191802978515625 0.28314208984375 0.14495849609375
0.475189208984375 -0.14031982421875 0.327880859375 0.035125732421875
0.240142822265625 -0.310546875 0.263717651367188 -0.129287719726563
-0.029998779296875 -0.352081298828125 0.126083374023438 -0.187210083007813
-0.222824096679687 -0.193588256835938 0.0117111206054687 -0.100921630859375
-0.275421142578125 -0.0332946777343749 0.0221157073974609 -0.0200138092041016
-0.311676025390625 -0.010986328125 0.07781982421875 -0.000579833984375001
-0.30767822265625 0.04150390625 0.129508972167969 0.0345458984375
-0.264617919921875 -0.0621337890625 0.14715576171875 0.117294311523438
-0.223464965820313 -0.20751953125 0.0651092529296875 0.185562133789063
-0.05841064453125 -0.32708740234375 -0.08355712890625 0.216262817382812
0.287445068359375 -0.30267333984375 -0.19073486328125 0.083160400390625
0.40997314453125 -0.067626953125 -0.145523071289062 -0.065948486328125
0.453094482421875 0.177032470703125 0.0804443359375 0.0455780029296875
0.246490478515625 0.281890869140625 0.34649658203125 0.105194091796875
0.306060791015625 0.21044921875 0.349334716796875 0.189483642578125
0.3897705078125 -0.056549072265625 0.3182373046875 0.091461181640625
0.218551635742188 -0.224212646484375 0.271209716796875 -0.044891357421875
-0.00698852539062497 -0.283843994140625 0.170547485351563 -0.100082397460938
-0.184707641601563 -0.162628173828125 0.106636047363281 -0.0545730590820313
-0.225509643554688 -0.0283050537109375 0.125762939453125 -0.0312042236328125
-0.259902954101563 -0.00718688964843745 0.16534423828125 -0.026123046875
-0.263580322265625 0.0374755859375 0.21990966796875 0.0070953369140625
-0.229507446289063 -0.0511322021484375 0.230514526367187 0.114410400390625
-0.191436767578125 -0.1781005859375 0.124481201171875 0.199371337890625
-0.037322998046875 -0.276611328125 -0.0366668701171875 0.227081298828125
0.265228271484375 -0.231689453125 -0.156936645507813 0.09814453125
0.34613037109375 -0.0054931640625 -0.0782089233398437 -0.0648040771484375
0.3265380859375 0.202972412109375 0.185623168945313 0.112930297851563
0.060791015625 0.207626342773438 0.408538818359375 0.176422119140625
0.138076782226563 0.175949096679688 0.384307861328125 0.206268310546875
0.228988647460937 0.0112152099609375 0.300933837890625 0.12115478515625
0.14276123046875 -0.111557006835938 0.268157958984375 0.00836181640624999
0.00469970703125 -0.166534423828125 0.193222045898438 -0.0405731201171875
-0.119178771972656 -0.100440979003906 0.1707763671875 -0.0272979736328125
-0.141311645507813 -0.01507568359375 0.198013305664063 -0.0462493896484375
-0.1695556640625 -0.000778198242187502 0.226547241210938 -0.0474853515625
-0.182571411132813 0.027862548828125 0.28863525390625 -0.015625
-0.1654052734375 -0.03765869140625 0.2901611328125 0.116241455078125
-0.135551452636719 -0.134811401367187 0.164810180664063 0.220321655273438
-0.0095672607421875 -0.199188232421875 -0.00915527343750001 0.238357543945312
0.2152099609375 -0.139785766601563 -0.139923095703125 0.112129211425781
0.245559692382812 0.0567626953125 -0.027496337890625 -0.0501670837402344
0.15765380859375 0.202651977539063 0.250137329101563 0.1839599609375
-0.0873852312608553 0.0578394368508372 -0.0132582515017363 -0.368869741021348
0.0199182469365525 0.121744265950586 -0.0420467440317693 -0.0254397720421731
0.0925877446478716 0.0737748697672141 0.20134939507627 0.0560402929970339
0.086231067718341 -0.0355289636057234 0.264803512568034 -0.135478614656553
0.020060093435035 -0.0741964019385114 0.157794762844529 -0.312581918987267
-0.0156568892494568 -0.0394390944764411 -0.0226415545258255 -0.369864607286493
-0.0114497265083974 -0.0386707205452218 -0.172512865108963 -0.313550880223126
-0.00719487822808226 -0.0418643591266141 -0.216543321834453 -0.227678964809103
-0.001351845649775 -0.0361744335075604 -0.170877152202677 -0.186076245051507
0.0154430029975546 -0.023119448274841 -0.14321994786207 -0.179763181669301
0.041477207773731 0.00283492863000514 -0.150658671574265 -0.192126016218344
0.0497592465572561 0.0600359865737951 -0.127835939532026 -0.259966924189029
-0.0258671459954072 0.104840260822128 -0.0470200053343604 -0.337889639128468
-0.112104779887815 0.0603109034608492 -0.0469613409017168 -0.417135359306333
-0.139301997508118 -0.0190136492980849 -0.114478045051878 -0.454047521363137
-0.13163098836723 -0.129910434893202 0.0114517089403083 -0.345012266531576
-0.100864411007443 -0.00722666332107374 -0.0458143948691391 0.00784421263206574
-0.0802318267742635 0.0496641327061745 0.236974338655139 0.11721684029217
-0.035529548290779 0.0467322740679173 0.329809895305365 -0.101219962232969
-0.00301392456610417 0.0548258073684549 0.2169462881542 -0.32546621602433
0.0212162069207222 0.0604039302342241 0.00643137210523683 -0.385433815547508
0.0559581361038094 0.0560991822677705 -0.152725251456923 -0.32178511035068
0.0716008224322407 0.0514878000264202 -0.204878422372473 -0.225592958011176
0.0666627921474884 0.068379623770144 -0.168150338693041 -0.177276010259991
0.024648695925228 0.0843941603958805 -0.140512186771416 -0.15101452688518
-0.0178228398359333 0.111246386733616 -0.153106445947124 -0.154372335193114
-0.0968515544778681 0.101393123538047 -0.161214414635839 -0.217218865818861
-0.184377370268631 0.0386281611406576 -0.090166907949739 -0.298547726730213
-0.190734318327506 -0.0934072899282235 -0.0962978566579742 -0.384696270740539
-0.158958666783618 -0.215952493089996 -0.128708185725507 -0.420011277012078
-0.141960907416387 -0.312185433583926 0.0380115711291547 -0.261509298316866
-0.19936683858935 -0.172453192212477 -0.0487277799398627 0.0803956597679757
-0.266147301405155 -0.0156495471329788 0.261614531726787 0.210959294440274
-0.19100872536745 0.11143253780597 0.391838840002403 -0.0292593940686464
-0.0562313436868726 0.188759184463636 0.284529459670954 -0.300588488264773
0.0405793731062056 0.167169598720187 0.0488186047330572 -0.361841678258641
0.109290227921978 0.149282677353753 -0.109439014255574 -0.290898811733599
0.14202787133294 0.137206123415958 -0.164040757854751 -0.189278260730652
0.136343469051324 0.155228988255019 -0.141816615806966 -0.130221871160722
0.0534171887710715 0.171771708940843 -0.125483689108474 -0.0866376712282505
-0.0370510945903 0.21134176868192 -0.157583514776045 -0.0862605411788583
-0.198926747898785 0.17149314317646 -0.200348057892066 -0.148995038164461
-0.319286426651508 0.0276474609443305 -0.140533781672353 -0.243990251157675
-0.274948284864635 -0.192863058494715 -0.130786981386406 -0.328662900474483
-0.180935852379041 -0.367867918394302 -0.132146282260731 -0.329666706790432
-0.115669150573248 -0.455703157334176 0.05961748237228 -0.121529116088582
-0.250666212136995 -0.34219351086938 -0.0555763661697491 0.184143845585894
-0.42326226936084 -0.118026967744524 0.257129768462948 0.320884252444982
-0.351612164639234 0.135270440548877 0.422950493379033 0.075403460011069
-0.133513971797431 0.297562860565861 0.337388289824954 -0.227192632938861
0.0395840565455016 0.261006421744913 0.0951631507780274 -0.293764457016273
0.139395792984592 0.227611845011941 -0.0496084390865648 -0.221323666889791
0.192263418365023 0.202347112366606 -0.0984491824814171 -0.123632336055559
0.194676344827132 0.215115196098964 -0.0910121913444257 -0.0595595917756432
0.0918782222258037 0.229794777008456 -0.0904138927976847 -0.00253368785204883
-0.0237387077975659 0.284257419022771 -0.147514514282504 -0.00159483707763847
-0.247023501141844 0.240080781297539 -0.221550600088698 -0.0667347303118099
-0.403475673910591 0.0462535731499805 -0.174289003969127 -0.178380709405452
-0.335737096547043 -0.240823615466331 -0.133421473172591 -0.261634410642826
-0.189416686446836 -0.458020760596584 -0.113183630121416 -0.20241243124135
-0.0633877036922536 -0.522307956622669 0.0676525503801464 0.0548859437334165
-0.234512772240552 -0.463190202184585 -0.0665625483228014 0.298938447615067
-0.492530602145361 -0.23122729475016 0.210392586952738 0.416443719895778
-0.462409409524438 0.104264481697327 0.395971842857843 0.190238779394736
-0.208334332379517 0.345886330789191 0.349211035230729 -0.11363077611366
0.0198221783561384 0.3163720022702 0.130268344063876 -0.184514053910576
0.143243987835668 0.272146539401285 0.0133431982409019 -0.121386731350288
0.213532931659407 0.235799533741636 -0.0212451520855737 -0.0406318205560797
0.225437247772973 0.241583371530702 -0.0229213576363802 0.0245180732039446
0.119514236075269 0.254232503849669 -0.0405564939759543 0.0855040453418319
-0.00230913141598318 0.315441264283032 -0.123679974864382 0.0847878878198434
-0.254683133672166 0.271948863303973 -0.218713806290845 0.0133377089674539
-0.429336887822799 0.05640213638753 -0.184488027326164 -0.116360308398055
-0.346874647214116 -0.258534255582167 -0.105045268670302 -0.19571535054902
-0.166630774793697 -0.485050753867338 -0.0754053723956654 -0.0614261367628422
-0.00309456357351784 -0.491726089193674 0.063980824810438 0.232785804567346
-0.164530854115588 -0.487448074117091 -0.0760292897345426 0.397645330908716
-0.452219058304271 -0.302344043516513 0.1357729476025 0.465586413577701
-0.473612254788317 0.0414134853210963 0.317456372385174 0.277303552694788
-0.24309129459621 0.319954591740497 0.311277807689437 0.00831885127167847
-0.00133725016426341 0.313752944551109 0.143292786451182 -0.0587722486892791
0.126753488268072 0.270377159548937 0.0704234455332019 -0.0108452446804905
0.201852291343768 0.233912987911643 0.0566417159522493 0.0465761133780191
0.222103432613304 0.235875476280918 0.0504183043134548 0.108269054465788
0.122675481037715 0.247543420299776 0.0115911309078599 0.168422245236991
0.00693123413091097 0.304815940418519 -0.0983063234573486 0.161361758329882
-0.24075560091752 0.255450776928093 -0.206669634106007 0.0762667082608692
-0.405579491228699 0.0374968282423028 -0.179934055157336 -0.0695131075968221
-0.304053420631483 -0.263289136803039 -0.0614198527775075 -0.137642283995726
-0.107015466813702 -0.452183816526421 -0.0332990869831239 0.074498332138421
0.0463737942297258 -0.368862496686274 0.0577505145830819 0.376971567431465
-0.0756664503778079 -0.404635529364324 -0.0698988887286144 0.462013266917346
-0.327985507261921 -0.289586264862129 0.0664078682172993 0.45961984478596
-0.383868623372818 -0.011431678135355 0.222306659953573 0.314357256061315
-0.216362946887062 0.240658165273132 0.244356598516598 0.105329949998454
-0.0124916451063351 0.256300595083638 0.140701953948899 0.0542706648558386
0.0958526793559646 0.222887167428317 0.116245273588371 0.0888217480573955
0.162752124746882 0.196835456105439 0.125119655550878 0.123803210550674
0.183715684348106 0.19923280787702 0.115689188055361 0.184882408102388
0.10240786216007 0.214452032224831 0.0524688210826829 0.241565447715538
0.00209588606673742 0.25922566911742 -0.0860171731899712 0.225599053274685
-0.2132373040424 0.201152875290308 -0.198964240502019 0.120457115438729
-0.34265290866346 -0.00200081899528161 -0.176760321219649 -0.0392441730759843
-0.218967084963399 -0.253684793371078 -0.0228244931524961 -0.0880754800360337
-0.0255101894299493 -0.368755232925241 -0.00604984263018506 0.194846979527414
0.0814978921075596 -0.179881624637327 0.0589476682982093 0.455682285317242
0.00751417480423646 -0.243043042097962 -0.0410579836842743 0.479146492612615
-0.167022866424217 -0.19963797104198 0.0293615810306875 0.413561327871474
-0.228779611387461 -0.0364658653218665 0.150808102153044 0.305681086121786
-0.143330583271819 0.134408189326608 0.183450184973949 0.162102962206316
-0.0144257132465511 0.159803275683842 0.134251951275428 0.132366432891543
0.0549836524219559 0.139462940152037 0.146829454886418 0.159512105334191
0.0997923131469384 0.128738302802413 0.174984752178391 0.180308260624978
0.118333963836057 0.135922842189552 0.16331983498302 0.245755704888316
0.0647669336225115 0.155256907000726 0.0733813429013697 0.298665432251543
-0.00828196803646112 0.184923425975899 -0.0940385570483922 0.275622409006502
-0.16648739346345 0.124325401256155 -0.207694166089493 0.144953029373687
-0.243645192222047 -0.0407723997508929 -0.182145155954771 -0.0263319330289815
-0.11117717508851 -0.216725536015136 -0.00110669107522855 -0.0476980987681351
0.0607506755008408 -0.238362627869502 -0.00335673698447029 0.289321356009341
-0.084302169450167 0.0663053153165613 -0.045893424500657 -0.376386720516913
0.0294009154818378 0.120808409800471 -0.0460947348014012 -0.0191751554533112
0.100647497788778 0.067513172640921 0.213468625098301 0.0423923834029491
0.0842850248304893 -0.042464017797131 0.262183312758936 -0.160596122539884
0.0123423607873957 -0.0770335184470734 0.135839437404959 -0.335748451635671
-0.0183849045478509 -0.037302677914964 -0.0564236150107912 -0.379841726783131
-0.0134820558408526 -0.0376272017117151 -0.206781679455076 -0.304180813125991
-0.0102456933428421 -0.042101824539436 -0.243573276961496 -0.210059066330189
-0.00310615453569279 -0.0358054715595306 -0.193759866339447 -0.175785975997095
0.0153233315668146 -0.0234004892947793 -0.166741429400791 -0.173334513005143
0.0432412921541382 0.00100735328326351 -0.17340928728875 -0.184635539894105
0.0544651039905058 0.0566160174283172 -0.153461209712984 -0.25606056159677
-0.0180741292972074 0.109902758380472 -0.0742609478622638 -0.344548941375517
-0.107961154053723 0.0691559829670014 -0.0791576536527427 -0.422143456257183
-0.143706011663472 -0.00884870283679749 -0.152128701117147 -0.460933785167085
-0.146297975793431 -0.123620288869612 -0.0168063833550951 -0.351984962506562
-0.105845959299802 -0.000527145391137174 -0.0465625179590874 0.0166255342777794
-0.0792190170659314 0.0579439839870038 0.253291229089809 0.103739534995088
-0.0345647754518544 0.0517857891898751 0.33142412153834 -0.129713280908953
0.000436868837335382 0.0573484680603677 0.196221182161651 -0.353725256036628
0.02785104880868 0.0620761122178907 -0.0275113662365738 -0.398623022264891
0.064223975491925 0.0532500066976525 -0.186716856763066 -0.314571270763372
0.0798083658752188 0.04633914894212 -0.231957597868533 -0.209261080779952
0.0766672213539718 0.065223187059209 -0.190649588721898 -0.166079342097817
0.033786154064977 0.0857995632096947 -0.160848532070958 -0.143836599110136
-0.00781179428681849 0.117619590120593 -0.173723408720223 -0.146327319964158
-0.0930893061265723 0.112870963022149 -0.184036695826707 -0.20824956422964
-0.186973360735025 0.0566724790079448 -0.115878572857002 -0.302202574632753
-0.202790281578047 -0.0818899707939317 -0.127773282133428 -0.386209057019513
-0.181334149637211 -0.209796637946544 -0.165436503559889 -0.424682817008885
-0.172425737677182 -0.309977386919075 0.0170973819215836 -0.268615694472333
-0.219760428578122 -0.161050385409016 -0.0434640030620971 0.0911978065907585
-0.275066635580114 0.00868405804054968 0.286228849535455 0.19718622675263
-0.189281168604325 0.131251527790927 0.400708832582199 -0.0607113808295776
-0.0412998639948689 0.199077204105799 0.267050000648091 -0.33536038728924
0.0567385748292118 0.17000695902959 0.0193124446069813 -0.377435696288314
0.126519448831132 0.144393771622951 -0.138522058068463 -0.287217781523186
0.160115462432011 0.1271452445271 -0.186462830815084 -0.17650553952686
0.156581083805049 0.147364169513871 -0.158862898533256 -0.120550678481426
0.0707769845350424 0.173793663554822 -0.139299241902634 -0.0785377399660444
-0.0183992929007253 0.221995245037692 -0.172433007077901 -0.075132444495894
-0.191738447437153 0.195063720257158 -0.219346194274133 -0.134218942549827
-0.325051313069421 0.0575835251598291 -0.164094795378349 -0.241581032573867
-0.29793883717622 -0.176561306211118 -0.160973908417654 -0.32713001813731
-0.217085325800648 -0.364481406912481 -0.161912663353466 -0.330267490025822
-0.158722694863466 -0.458168248153272 0.0507399403883755 -0.126429157267086
-0.285451354617845 -0.329817556220291 -0.041418072553099 0.197302436226755
-0.443988288479367 -0.0821642491284043 0.289620821932777 0.310604410635498
-0.352518018900731 0.168521976793035 0.439867524158581 0.0452650174221642
-0.110646747884821 0.317908495659079 0.328169786095282 -0.264503282386719
0.0615963965104777 0.266184759585255 0.073993896218061 -0.309531045865967
0.164592131935623 0.221606352399108 -0.0706184383655705 -0.221471100096247
0.218129856688104 0.188748686547657 -0.113147448392923 -0.116054043966716
0.221924259304094 0.201761630108862 -0.100432313345873 -0.0511815962122452
0.114177502330599 0.228408149792461 -0.0955201391118525 0.00468314937508224
0.00160469780403782 0.295572767971018 -0.155035281968526 0.0116568603614388
-0.234828038789385 0.269226165748355 -0.233943001393698 -0.0472022015625584
-0.410651105225065 0.0847666881969185 -0.194492124916335 -0.172080602913676
-0.365633253197146 -0.220006879352016 -0.159476821451034 -0.258180704130723
-0.234082947078008 -0.456625400012315 -0.13352713044037 -0.199943883951822
-0.111969185336223 -0.532377509880624 0.0733039647700103 0.054364816164223
-0.279915415222071 -0.456499436421665 -0.0439251189851808 0.316411596891528
-0.525732309841679 -0.192787621554775 0.247814827981937 0.412784468124275
-0.468028929209211 0.146983506827325 0.420860707469296 0.165806031098886
-0.18354778130849 0.374247409763587 0.349219963038433 -0.148659043210776
0.0475915852548854 0.324202078181771 0.119581800789422 -0.201235342973229
0.171894957959494 0.266708029479701 0.00428901006558806 -0.126067530278192
0.242606461819759 0.221986793346939 -0.0255630634605882 -0.038508670567948
0.256138874715115 0.226733083720472 -0.0218858223686519 0.0276910204243589
0.144412325215505 0.250437907283513 -0.0357002238001516 0.0913459142061049
0.0266124159408437 0.324796684461217 -0.122256411642785 0.0984329127213491
-0.238619662421766 0.302788031065712 -0.224168472785593 0.0344287049363492
-0.435776052365802 0.0979105322682139 -0.200479649358185 -0.107307864656448
-0.379134730970748 -0.236064381160261 -0.126366139579678 -0.193266822201134
-0.214630980629572 -0.485559469575057 -0.0830652760081242 -0.0576987560324965
-0.0476380214141553 -0.506059489738708 0.0833633673892277 0.237292944868121
-0.209012368614712 -0.486545901175425 -0.0450690280230647 0.417882382144126
-0.489271014969424 -0.269190303388324 0.174953987488294 0.469642835683211
-0.485432584705315 0.0825105644916413 0.346456022668943 0.261406910675654
-0.219550074644951 0.351298615852689 0.321277034690555 -0.0194682463507542
0.0262340921910702 0.322807970197293 0.144919341293402 -0.0724060805110587
0.15378873487643 0.266227478386491 0.073150353014448 -0.0181105123975468
0.22996394679461 0.221171861174864 0.0633109323484599 0.0422155232363041
0.249710814405152 0.219983414170054 0.0615898704060524 0.10733071508767
0.147446118474906 0.243978274064555 0.0268235099358708 0.171300788913152
0.0346419737524587 0.311987809187793 -0.0896359876800797 0.17604769800575
-0.226103915590626 0.283405766114845 -0.206434179660305 0.0980350062652163
-0.413280561434128 0.0757297242591293 -0.193310706637977 -0.0594434963842313
-0.334511860222739 -0.24401145399386 -0.077190637296777 -0.138760962895237
-0.150821092953466 -0.45796310051503 -0.0286683901264814 0.0790980957326352
0.0134677664575266 -0.383096883081586 0.0879633657040178 0.38505680752346
-0.110768643906043 -0.408513009975935 -0.0361273068472431 0.480945273845125
-0.360480566158347 -0.266542362106323 0.103548708243935 0.468074601129926
-0.396343569889662 0.0205881456848007 0.252905718222099 0.306576142213457
-0.200329652420004 0.26750719408537 0.261426307301707 0.0874611699523692
0.00932296349695748 0.264175736076905 0.15226861440144 0.0449663126899957
0.117765329736609 0.220268837597373 0.129697258135934 0.0800830889801506
0.185406819598691 0.185585515889373 0.14100331408731 0.11439848358778
0.20656039169741 0.186428727444897 0.136100932077399 0.177733080274799
0.123323980605352 0.210551400572172 0.0757346342630369 0.242461017128208
0.0253218341681945 0.264854875694179 -0.0709243826615975 0.241028278325556
-0.202220254768058 0.224342446893391 -0.196137266795437 0.141868047654389
-0.35099386633233 0.0284379768096545 -0.186935586169363 -0.028513541719942
-0.24679065901338 -0.240381282606806 -0.0340354995358928 -0.0914017966822947
-0.0587980375679641 -0.377318082280321 0.00922450554078197 0.201245459203099
0.0660193550795233 -0.191536810154902 0.0960003183797488 0.46631550834052
-0.0106592409906551 -0.248260199389571 -0.00361281634941228 0.494334027831366
-0.18800255805524 -0.188623035219929 0.0626996076016091 0.422939214069795
-0.238361340233862 -0.0182012604033178 0.178002225780465 0.303768347307651
-0.134526443904588 0.150722969180675 0.203763512735044 0.151708949106681
4.49668057323702E-05 0.164568940736574 0.152248556750487 0.124462348671401
0.0688085834349588 0.137714850962988 0.16815801728276 0.149390714073392
0.113825985752346 0.121333860829676 0.196956698090059 0.167290992363635
0.132883774981716 0.127028825949396 0.190376651154406 0.236228648505786
0.0797016125230714 0.154189720694865 0.102439997524432 0.29915615015757
0.0073056520427472 0.188833835935041 -0.0743712845556044 0.293615753070944
-0.160810120062704 0.141251547193182 -0.202648866458401 0.166138295288996
-0.252129964319852 -0.0204141092661583 -0.191453471632381 -0.0152536485019863
-0.132360649817405 -0.211401015529634 -0.00829125431215312 -0.0516368315388148
0.0412962674152079 -0.251031364217972 0.0211561164755666 0.298551609109272
-0.0783929642614302 0.0722701988496075 -0.0761768423929356 -0.372043980375442
0.0374974952548693 0.117062319499198 -0.0484707871610113 -0.0118447975316107
0.105678183583037 0.0591353954371639 0.218109627638753 0.0290405010486184
0.0803427273907593 -0.0481171857214979 0.253040061614908 -0.181132041956706
0.00388732524991109 -0.0761553883010425 0.110805369108051 -0.349694599954557
-0.0202673580837589 -0.0352176607397796 -0.089876543067695 -0.378237562061968
-0.0152287856517684 -0.0373175055232464 -0.233851422164256 -0.284327801364116
-0.0135983444033435 -0.0418995277255829 -0.261789489544757 -0.186768936460891
-0.00410090695786475 -0.0350855944794768 -0.21226991553272 -0.16117511217442
0.0150583371422661 -0.0238681547724101 -0.185333450563871 -0.160254543347094
0.0436383449170351 -0.00134661139730058 -0.190714471299535 -0.171437304833666
0.0572920695663775 0.0529595209769182 -0.173333980178588 -0.246151623609581
-0.00983333936604345 0.11183758460195 -0.0987171630039886 -0.341874135734415
-0.10172538851978 0.0759976997390374 -0.106877344113869 -0.416285560993334
-0.143844912557892 0.00244570388602168 -0.1848236485549 -0.454976093875481
-0.157042089634189 -0.113639108281053 -0.0456294795067265 -0.349112205645706
-0.106866977212771 0.00592148414062352 -0.0454557147660293 0.024074560103882
-0.0749244962496446 0.0650916128826365 0.2634023183542 0.0875510106921025
-0.0321209417935476 0.0558436696612852 0.324689556034456 -0.154893831156627
0.0033365315538073 0.0587039665800661 0.168669223918725 -0.373138247384054
0.0331743540238914 0.061550007725823 -0.0609131795499782 -0.398831366073479
0.0698092471305017 0.0485474058802873 -0.214365002106923 -0.29735456677022
0.0858171273665525 0.0389245956656734 -0.250747571783695 -0.186783577108768
0.0850886550377241 0.0588983388162594 -0.207977212431185 -0.150533938365176
0.0419602463314768 0.085260197628075 -0.176959838460947 -0.13054946120855
0.00229467905417933 0.120742344043331 -0.187959377281953 -0.132691285622577
-0.0863740729015427 0.12288947659786 -0.201153665841837 -0.193723339340981
-0.184042785579916 0.0726502191041582 -0.137863970751959 -0.296001589311242
-0.209017901125308 -0.0691598274708748 -0.154700177716932 -0.376283862809185
-0.198753450665901 -0.197557377727642 -0.196877020161848 -0.41683549604273
-0.198449717779231 -0.298303680417657 -0.00345785568816854 -0.267377411436304
-0.233703303960229 -0.145515920363472 -0.0355892027041645 0.0983731338169255
-0.275098108473973 0.0317513670387592 0.302747417243953 0.178988815222371
-0.182248684671007 0.147518731444249 0.39815593866136 -0.0897280466972496
-0.0258125052403518 0.204168454287842 0.240646009961068 -0.359676776480759
0.0708217881165078 0.16747707930884 -0.011780936455224 -0.38101783674514
0.139757517413469 0.135093079529441 -0.163543765734055 -0.275100809076027
0.17371905413324 0.113002023180077 -0.202216695894514 -0.157333649945564
0.171928892146037 0.133917342113304 -0.171561622545085 -0.106221466848504
0.0853411187140126 0.169445532947077 -0.14939278307108 -0.0672577113676056
0.00104958044590184 0.226027659014675 -0.182744565084034 -0.0615475513534673
-0.177975553381681 0.212840094006164 -0.230680327868859 -0.115605255977144
-0.323817256550689 0.0847123210936268 -0.183044621738926 -0.233020250173555
-0.313744259821197 -0.156734300852144 -0.185746228550856 -0.314725004688816
-0.24826029962315 -0.350045625159339 -0.187983224296173 -0.321648853766898
-0.198508873911729 -0.449897810997707 0.0400921866859931 -0.127490811702939
-0.312279267994866 -0.309603965241493 -0.0255345343905564 0.204954757659791
-0.452571003127209 -0.0460890938111683 0.314309998557666 0.29329928588356
-0.344267730782414 0.19774796111578 0.445478710519462 0.0143584493297367
-0.0849491505405858 0.329144361525145 0.307395748715461 -0.293659229402964
0.0842452050995187 0.263892903716009 0.0496956423138866 -0.317953241453342
0.183068783820802 0.209380699432337 -0.0888792056087359 -0.215258305310386
0.237454150218773 0.169085923371082 -0.123613145478127 -0.104587578400113
0.242034986869526 0.182347414621955 -0.106171978759858 -0.0420039949475431
0.133529094205377 0.221234380751704 -0.0980561105372417 0.0129910236944082
0.0271572154571698 0.297463392652056 -0.15781204309994 0.0251586980056815
-0.214626596298289 0.291298861576245 -0.238046470833009 -0.0267702552569282
-0.40624670600243 0.120278165748034 -0.210174198099843 -0.161049047603133
-0.385681006850059 -0.193234213295126 -0.181197401619915 -0.24673216275764
-0.272158033265962 -0.44147531166429 -0.149767395401139 -0.191608304041701
-0.155441440872016 -0.52588867266509 0.0763642928596398 0.0515088182141432
-0.315001527523241 -0.436043129117806 -0.0190768609930791 0.323379871904368
-0.542279553504227 -0.1487457514509 0.28050312992107 0.398411241128175
-0.461840291475531 0.183797339413405 0.434464873312062 0.137668590198395
-0.151758730067696 0.391407936109718 0.338050825830088 -0.17981102363981
0.0746827944012838 0.3226002018026 0.105261304648648 -0.210542820622284
0.19463119885886 0.253735582579466 -0.00494613980696637 -0.126344700181424
0.264739436424338 0.20111551082793 -0.028506597593422 -0.0356421145367199
0.278137164398987 0.20312788817059 -0.019578689153297 0.0308130757328447
0.165382135685826 0.240026135150976 -0.0294264617365305 0.0948998900918639
0.0536645793322979 0.323073370592203 -0.118994869529752 0.110906231554933
-0.216266342874318 0.323958464798118 -0.223079134669523 0.0553241241895696
-0.430226204325079 0.136417655206391 -0.211610769391093 -0.0955688845671002
-0.399566742148029 -0.207475408190931 -0.143520432317054 -0.186055953737614
-0.255572122897308 -0.471809067602978 -0.0881810826001235 -0.0512207471079851
-0.0907556483740361 -0.506082207647063 0.09984068695749 0.234965340658869
-0.247000317824077 -0.472885957113213 -0.0141334571645688 0.423932946265408
-0.512134010136081 -0.228597973035709 0.210062171329808 0.460236568876923
-0.482933729523742 0.121262891092114 0.366702676720103 0.239854086077697
-0.1905738251507 0.371867116371628 0.320190264114811 -0.0460667444543198
0.0527354539038339 0.322769196172375 0.14181134307178 -0.0839571948668557
0.177036653855547 0.255250299143574 0.0748589984758599 -0.0251567455517158
0.252201270260096 0.200454494590214 0.0666679253571209 0.0370047183007297
0.271267527505459 0.196734984922934 0.0712000603099578 0.102023754568912
0.167219345582384 0.232954876786502 0.0399883936916881 0.170598171832435
0.0608064042399847 0.309586451277766 -0.0782843543480934 0.186046358062921
-0.205081797313517 0.303545694121395 -0.200411377609165 0.116530526057796
-0.408375891156658 0.111478560419261 -0.200407403601956 -0.0481531465558978
-0.355685111925042 -0.218402349750556 -0.0919210698151501 -0.134727082287588
-0.188763912176501 -0.448859674908533 -0.0233516081504374 0.0819593886258087
-0.0194372998345717 -0.385737825376122 0.115675490342502 0.383316213604062
-0.141014842977394 -0.401775549109109 -0.000259186065804629 0.485292882031547
-0.381458453384967 -0.236572989608707 0.137622345922994 0.463661455035461
-0.39851538443656 0.0514521054099919 0.275503790863202 0.292551983904421
-0.177484541200608 0.285162534787545 0.269532391109782 0.0662281697078338
0.0322191958450857 0.264360924453753 0.159040731752558 0.0327490555807796
0.136387232362017 0.211542322892564 0.139553027657286 0.068212106962361
0.202776054810121 0.169901728632264 0.151647858522852 0.101133704884378
0.224267029521725 0.167156947914568 0.152321926601553 0.165778802415687
0.140623527954483 0.202275013098088 0.0966373853810534 0.237012315525483
0.0466178449151461 0.26207157969314 -0.0526028834950213 0.250556165600439
-0.186292039270943 0.241536636752445 -0.186197060288264 0.159218649950757
-0.34951422951473 0.0588721158232705 -0.192088569013171 -0.0173548066167462
-0.267140978327422 -0.220779089826036 -0.0453339950977267 -0.0909234131243297
-0.090649830867321 -0.374983755140972 0.025302605644476 0.201996728295131
0.0486583521151977 -0.196523719564317 0.129015303954602 0.462863775700715
-0.029086044459247 -0.248141389877606 0.0320696092418169 0.496040035317965
-0.201882906482198 -0.172655090544037 0.0920815045656907 0.420764650638692
-0.2409245691319 0.000317839569028028 0.201566186348572 0.294366051109793
-0.120681439317998 0.161617493270924 0.217262638728585 0.136210054642237
0.0151514258207133 0.164164063983176 0.165616995122251 0.11313476784227
0.0800338622074782 0.131853629906094 0.184330829943516 0.13418504118929
0.124772229001043 0.111932385354083 0.211416627649939 0.148575108268947
0.144165249535128 0.114520129728607 0.211763116619204 0.218031627809379
0.0933894565505806 0.147802057757556 0.128490132443461 0.290952090781728
0.0223631651957301 0.187833415110757 -0.0513771257474287 0.302801992065093
-0.15097562450375 0.154091225498249 -0.191015016857447 0.183661374410122
-0.253443571424536 0.00114812777205632 -0.195623769031668 -0.00313001047478272
-0.148721913768013 -0.199559711086267 -0.0160811884541769 -0.0536057678134953
0.0202744235472077 -0.255248069867266 0.0441250147093169 0.298650618860259
-0.0506123253763956 0.0969028539988369 -0.204151306989977 -0.323332968494245
0.0790711564532669 0.0948315462783634 -0.0546166851033966 0.0082021579352183
0.120930586326204 0.0127699810088401 0.211218684385769 -0.0433071630019206
0.0559682448477553 -0.0758270658615372 0.175956667765974 -0.256288948107461
-0.0257844692930792 -0.0724590563718782 -0.0188313132476123 -0.367317999328261
-0.0313264995252639 -0.0298092494733437 -0.224511700866167 -0.318801062824226
-0.0291697472318877 -0.0321582334044958 -0.322593930063605 -0.171396702302565
-0.0290386901823709 -0.0341967886537788 -0.308169179946885 -0.0700008622599633
-0.0148198763160335 -0.0313539119277746 -0.257226291915414 -0.0703761047535635
0.0070224296934283 -0.0261918038870838 -0.232695566438259 -0.0817639728808922
0.0405963548911644 -0.0160588203054294 -0.239045270851355 -0.0885166541140411
0.0714167779816477 0.0299062901461451 -0.247457885408833 -0.16847845493507
0.0294847259684955 0.107138283156606 -0.209336586522474 -0.287905620534688
-0.0670791068908651 0.108775958417674 -0.236769406654734 -0.351985533213801
-0.132458447653248 0.0537519429406051 -0.320035262601261 -0.359393148802675
-0.196480683755006 -0.0497930760523215 -0.159158933960733 -0.310787524098531
-0.0995152818189008 0.046538553957665 -0.0299660709473558 0.0371374699489747
-0.0441189876664061 0.0876077494653675 0.277399958067501 -0.0159940012083121
-0.00730815375578035 0.06448702386526 0.249056278281817 -0.264377131582629
0.0248653103711014 0.0508795811153436 0.0212781843643403 -0.411948265766245
0.0532584684903779 0.0398240958233222 -0.208380137179195 -0.348626008416063
0.0828392122662116 0.0171383458994197 -0.313946371035058 -0.192622122440132
0.0914550572331918 0.00320990882826046 -0.301003888349085 -0.0714932481027309
0.101234976201058 0.0220957234504143 -0.249643263185161 -0.0608973279123401
0.070930857835372 0.0654505005811734 -0.216434416489896 -0.0580740436563906
0.0470767499206256 0.11145121002331 -0.22502330939377 -0.0558015798573005
-0.0370745502554461 0.146665584741015 -0.252590320950614 -0.112388565589221
-0.146101934655655 0.133581966985283 -0.227990623686932 -0.230002956742047
-0.219239298136965 0.0125228386645765 -0.269835810932059 -0.294288732877177
-0.254151751326431 -0.116591210755198 -0.322624910496841 -0.313300814123053
-0.307428177906227 -0.210354553793788 -0.0838755240821712 -0.245339490578304
-0.276380784901852 -0.045987554376714 0.0165395813641571 0.101284733492908
-0.241407603363759 0.1338593915953 0.352159057640855 0.0451720456166572
-0.109429957181435 0.209015778910266 0.338587863651934 -0.239308875213038
0.0523994209322206 0.196108075582539 0.08726705185659 -0.429491557474482
0.126149967773399 0.12506065483342 -0.158469849689813 -0.349963746260912
0.181528481143962 0.0727658425888533 -0.261461621089046 -0.193931158860263
0.199548379908303 0.0386444809715581 -0.247601896317637 -0.0626376002944031
0.209269747155411 0.058448097463231 -0.201384540602376 -0.032038056002727
0.141237854955636 0.12798678074532 -0.169057254663219 -0.00960180709841472
0.0844315127385567 0.208708116697498 -0.197005103149934 0.00677381127323112
-0.0895692415554011 0.264437034347684 -0.251801190395498 -0.0308908797496071
-0.269955611661986 0.196147090421723 -0.246084314007188 -0.154017751875546
-0.347947168677562 -0.030672585480759 -0.278848844561124 -0.223656640492059
-0.354961189066146 -0.244232146617417 -0.285048238101778 -0.222714669406174
-0.363434005567535 -0.351678862900508 0.0120584633821884 -0.126192937167394
-0.413311113491952 -0.16922589166699 0.0735500578554823 0.198675496938532
-0.434561811426271 0.131388899735465 0.41033056998199 0.138453052865407
-0.238570643820797 0.318955808431218 0.419365418468074 -0.166769373081846
0.0455753253199183 0.332660359348315 0.168014221305755 -0.394363670164127
0.174471327025554 0.209967103869264 -0.0810239109853491 -0.313910361078925
0.250709661469926 0.128135494697717 -0.171611484627837 -0.169414610988017
0.278370311005184 0.0667239150457799 -0.157854437535863 -0.0429143769422153
0.290259548709499 0.0774769621756445 -0.117415092505444 0.00347310497769334
0.204303089637997 0.158358362212785 -0.0934574358960227 0.0459648043834869
0.133659737880196 0.263899321467424 -0.144349952172044 0.0779000376454257
-0.0945778072750438 0.350521169117768 -0.227393868711762 0.0525814161037138
-0.333801020445851 0.25773362284582 -0.245469992280057 -0.0770181040719575
-0.429148068783264 -0.0382633579989616 -0.252880443048424 -0.159886335347219
-0.412125230149815 -0.322436807281031 -0.208312836894931 -0.112493341032843
-0.352411916116143 -0.440966793452586 0.11115741543146 0.0319372549809443
-0.46380814716448 -0.28676398604569 0.125847684373625 0.309253053711139
-0.556768171688133 0.0693058328230789 0.422546516370598 0.245847012219625
-0.353591398164838 0.35334494006649 0.456186529005352 -0.0518520288559458
0.00796901827570029 0.416261647123548 0.235934123987869 -0.301551645630094
0.188152541106646 0.269084025412705 0.00908906203068192 -0.236582270927349
0.27865622908927 0.166367346064929 -0.0608285838295213 -0.12111539265021
0.315853109062587 0.0860887239139045 -0.046348079074467 -0.0169356090066166
0.330885902083684 0.0829029269627932 -0.0109192705966171 0.0395880006649012
0.240272496943843 0.163891784267181 -0.00109733946651342 0.0975365662815327
0.167728203351081 0.277678818504009 -0.077527905387015 0.142283492402393
-0.0837814558983368 0.381192908657824 -0.184849960342917 0.122315742822668
-0.349599255618723 0.28169138241317 -0.224877181369327 -0.0155856749257264
-0.447643348162401 -0.0453677147604835 -0.198586666085953 -0.114629751065722
-0.407730460296172 -0.35735892894905 -0.10522591854332 -0.00283858559112045
-0.280195529391079 -0.443787863440056 0.196214605459396 0.196591416816238
-0.411829757521537 -0.347388366070239 0.165220118410546 0.405864546323658
-0.557878247921235 -0.0160437438392414 0.382831296012097 0.331901242584118
-0.397269637724015 0.304735993758503 0.433266382290956 0.0683477597375364
-0.0344550587491764 0.41273124174456 0.268976264303261 -0.171565154716531
0.16837414503293 0.277654936098675 0.090753737270981 -0.132542625523237
0.263015615391392 0.174790306604345 0.0520779369049026 -0.0587365007910655
0.304137709030733 0.0918484058651255 0.0695019922870195 0.0117717985254273
0.321406266525876 0.0806436129610682 0.0995793797488531 0.0707204031952666
0.239577044329088 0.155019448018636 0.0915547976684397 0.141536369424501
0.167818737573438 0.262528437440247 -0.0125781642930347 0.198004472974582
-0.0805026474262316 0.358490173380018 -0.142026611739935 0.171754332789026
-0.337211384976204 0.250275912853774 -0.198613454111585 0.0257286622572063
-0.409721033401803 -0.0711500809165403 -0.134720645430256 -0.0860870475181916
-0.338201683056729 -0.357984171520199 -0.000954452757182277 0.0967036562946685
-0.164864518319123 -0.357880188371751 0.257053344475614 0.329559931084665
-0.28401498165468 -0.321349411686626 0.192073230883077 0.461529517769417
-0.440256726436355 -0.0734441070000664 0.313670237594884 0.368975261036003
-0.346414824285688 0.205762310408133 0.368872964936886 0.156068267967865
-0.054453448167235 0.328111728884866 0.265830853686094 -0.04568409075094
0.128724086742804 0.231873089628726 0.152423945824557 -0.0304947300614157
0.210066228250425 0.149269611397788 0.150202843056288 0.00278017634490606
0.248295033062286 0.0816888558044267 0.171195429073341 0.03732461466914
0.266471503033819 0.0708666899881091 0.19824029052545 0.0983264575491209
0.20374088794161 0.136017143302109 0.169115076846721 0.182821676534002
0.137759727266311 0.224029149870615 0.0361748042003031 0.248248534798589
-0.0865688020628747 0.291836075745063 -0.115695699322289 0.207316311401773
-0.30069726008895 0.18059958476105 -0.181374938344023 0.0520935133892368
-0.327109249718954 -0.106228937285328 -0.0770793354732466 -0.0625879201221037
-0.219416922664846 -0.323301574177815 0.0839458248859278 0.187754429772229
-0.0262502413608261 -0.202373555551597 0.291192147409398 0.397289729037183
-0.117860066700055 -0.21993272261483 0.215908203283034 0.460201883618028
-0.248599472523665 -0.0816273564741636 0.25051471564182 0.354146817401304
-0.220000404095872 0.096508671520533 0.30028156402937 0.193504562041071
-0.0476880635562451 0.194663965988639 0.247916847070242 0.0427961531722644
0.0764232112211283 0.145110517844221 0.192084579834365 0.0418085661754306
0.126175956242237 0.0954949636142499 0.219130275772441 0.047839022233959
0.155649495094164 0.0576667137712954 0.246789442784714 0.0563485149608986
0.173357888130696 0.0520602138633254 0.272565189172095 0.123614739059722
0.140546039200993 0.101983598774233 0.219392763013642 0.222205680818164
0.0877189566470035 0.164598061096162 0.0587284638812921 0.295491057875237
-0.0855946798843525 0.197513124960113 -0.111922025793285 0.233314731168354
-0.232244496908628 0.0916303552850292 -0.181632235166007 0.0674889852672816
-0.208807230919673 -0.129290965410585 -0.0375454213101729 -0.0401277950362563
-0.0721087149280162 -0.2486596919654 0.136134894541994 0.265217832872972
-0.0464323301346279 0.0989474066404044 -0.218688604091661 -0.313734297256562
0.0815337945965686 0.0904308890727362 -0.053467223964891 0.0141830902854195
0.119916109697151 0.00614433135451092 0.21320544216105 -0.0507060429248913
0.052113980247747 -0.0779127553793265 0.166459615372056 -0.266602337840146
-0.0291557505233881 -0.0685743370109093 -0.0370869674841647 -0.370531728438014
-0.031685993949391 -0.0286377551636345 -0.24371795057373 -0.309994065815253
-0.0302597309746956 -0.0315453458325912 -0.331537366972838 -0.153295948963587
-0.0312279855554534 -0.0330565191845548 -0.310925684759773 -0.0508321515789946
-0.0159807084820904 -0.0314744717864043 -0.26482384449791 -0.054891620213748
0.00740301031477117 -0.0263702109498402 -0.241338313430402 -0.0681197464025341
0.0411461532843255 -0.0174316793950271 -0.246258743045364 -0.0772427545202528
0.0718238588459788 0.0273308402618277 -0.25638073777103 -0.158193873322406
0.0341547766976256 0.106252617017187 -0.221816661341021 -0.283384485680181
-0.0628986723069101 0.110591893698293 -0.249520018294936 -0.343203186760982
-0.130034997097312 0.0595017607302412 -0.338602840173814 -0.350586516214535
-0.20086880234836 -0.0419808586238806 -0.172800970628755 -0.302506506403511
-0.0996951426052549 0.0503041598250847 -0.026760666941412 0.0414980724468852
-0.0408368522737659 0.0901878417553073 0.280244343747971 -0.0266895897145727
-0.00492979454706753 0.0673147728258202 0.239804791178452 -0.277064631583421
0.0273443796645667 0.0524435928657907 0.000485587191268096 -0.416988630307416
0.0565967454930262 0.0378810964127091 -0.228095611144389 -0.340034502816285
0.0848688382083216 0.0122613552472861 -0.323989293564982 -0.175378876673075
0.0929358462239947 -0.00298779429053357 -0.302748118494617 -0.0534480453183746
0.103786932932657 0.0148519277277561 -0.256610911498448 -0.0448618177078253
0.0764339355494246 0.0631552934840749 -0.223579797759661 -0.0454953353353924
0.0546676732937317 0.110231063108657 -0.230665470973696 -0.0436573855037465
-0.0310701022810967 0.151199215668405 -0.258375108173223 -0.100002158430577
-0.140381777894849 0.142476717675543 -0.239135626850776 -0.223436339611836
-0.221645025575997 0.0209918142448303 -0.281536461789803 -0.284138509351116
-0.261727382393911 -0.105738697575823 -0.338507779637509 -0.303089680773249
-0.319880192372097 -0.196714576479426 -0.0942080281642211 -0.239137741031857
-0.281447560892448 -0.0345910336944349 0.0228307932459973 0.103723004436881
-0.236017960423748 0.146605958485327 0.35781682274275 0.0310096645324515
-0.101586699700754 0.217188481097661 0.331298732913718 -0.254437499885635
0.0627200908821715 0.195352623740347 0.0654905759907762 -0.43520573185207
0.134245961112378 0.120295370049868 -0.177720891794257 -0.344299133015816
0.186817544858407 0.0642439867656805 -0.270707817792696 -0.178793063081958
0.203426220245789 0.0254770109593961 -0.250140154588186 -0.0467901978276517
0.213498627352078 0.0447464051069811 -0.204475992899772 -0.0186973293798959
0.149986590029492 0.122916457892999 -0.172547658627184 0.00107332780644046
0.0969957109355636 0.205444344234655 -0.199340393774111 0.0190490536621605
-0.0768097059358889 0.272411920202977 -0.253843212374636 -0.0190358200104834
-0.262188193074601 0.212334834066392 -0.255862747588669 -0.146160570782661
-0.353304657712564 -0.015232436316093 -0.288790025864839 -0.211595604833217
-0.370029208314202 -0.228812591811178 -0.297540939366841 -0.213127150367985
-0.384395950214255 -0.33790311986793 0.00618535645705632 -0.1226047322081
-0.422777370291814 -0.152617386843827 0.0831675964051678 0.197866174879165
-0.428964546338121 0.153241225045512 0.419545914639528 0.123258358108039
-0.226523387977144 0.334779156556066 0.416008757141289 -0.184274144360044
0.0640297126691284 0.333592006214203 0.148167944429904 -0.404980259930803
0.187276050456395 0.202742215350073 -0.0969165125639288 -0.312031714546392
0.258951186707715 0.115916655035785 -0.180045585252438 -0.159642542894602
0.283875636902345 0.0500256532323412 -0.159337412232041 -0.0323895639470102
0.296460963286961 0.058603717425679 -0.117867533462062 0.0120190039768206
0.214226161454184 0.149727023462815 -0.0930163262360082 0.052572488354579
0.148744225191866 0.258036450415451 -0.143098437901017 0.0889428794541386
-0.0770246654746559 0.359485661256482 -0.225993864574391 0.0651835323979579
-0.322154010241654 0.27927717863555 -0.253245833063583 -0.067559343382221
-0.433989540419179 -0.0191677587574864 -0.261379524415429 -0.148130297170516
-0.43215832989499 -0.304176812187225 -0.214759159133253 -0.104153663389305
-0.376458796133965 -0.424598884163321 0.112736913749578 0.0315795689166503
-0.479445729687724 -0.268235184550481 0.140471513490663 0.307240124518722
-0.555831520896945 0.0980391211838885 0.43667856212299 0.230941957282782
-0.340010070238404 0.37463028122872 0.458612858535922 -0.0694038461811659
0.0301545649223724 0.4180568899965 0.22152758159596 -0.314403419990134
0.203074928399262 0.261585640703027 -0.00140503956514008 -0.238389675839604
0.289262833972848 0.153571973973944 -0.0665068382309182 -0.11812812417801
0.32146707460117 0.0668627843631047 -0.0461566197588746 -0.0132438434060617
0.337056328342732 0.0615606756683703 -0.00902285133909492 0.041125049335192
0.25017369724116 0.152865354396373 0.00379755147568934 0.0984030891466101
0.183089071290332 0.269754671843788 -0.0719369912243247 0.150574533972111
-0.0647956294730552 0.388641584607782 -0.179819795729775 0.132892358134897
-0.335747721412733 0.302326692401877 -0.22990880099982 -0.00674592317655803
-0.451359640398264 -0.0248073647914898 -0.206623243994052 -0.105385997794588
-0.430139994296305 -0.338794771797941 -0.105710190421782 0.00126811418688604
-0.305270863270479 -0.431070393409561 0.205103194647615 0.19339661104759
-0.429943755718382 -0.33198836063826 0.18286659179366 0.401915973833906
-0.559723292001194 0.0131785403718469 0.399463159527183 0.318864903120753
-0.385618135024037 0.326738845958295 0.439777440994589 0.0529857635434347
-0.011947732944356 0.416296230131038 0.261642865824111 -0.185957655650309
0.184569772036037 0.270418691783208 0.0864080151571784 -0.137722615162538
0.274185258669445 0.162905957589336 0.0506039345967706 -0.0624436604234738
0.310819262937978 0.0733149666693557 0.0699365793745296 0.00794540836839629
0.32703867175874 0.060409070937036 0.103596158154832 0.0653927869422644
0.248452262460515 0.144134003679922 0.0996659022525739 0.137349885923582
0.182489109763605 0.253029066157695 -0.00340371298303811 0.202074544868884
-0.0634331770915428 0.364418951885487 -0.135411335586608 0.180649629960529
-0.325723614398235 0.270616956602617 -0.202800295390343 0.0340358661691819
-0.414731165305493 -0.052455027948558 -0.141581688279684 -0.0786851059569383
-0.359045820275399 -0.342811642397579 0.00389993151569828 0.0967564277559011
-0.183823180161462 -0.34918353726206 0.272025620917373 0.323857904396049
-0.299110707991053 -0.311131487127569 0.21156229612511 0.456449653379783
-0.44392873417514 -0.0512891335174388 0.330444314600958 0.358748816743441
-0.338522640057049 0.225523235793498 0.380053316175003 0.143331701811149
-0.03667149765964 0.332166584897681 0.265926787639853 -0.0584729344792144
0.141518138723674 0.225187763581756 0.153986042855146 -0.0383654345708665
0.21855422757814 0.139628303050464 0.151814343243039 -0.00707909595055882
0.254772388129197 0.0668500822720104 0.173329199629929 0.0266888248560749
0.271359473974255 0.05437734719032 0.203912817717232 0.0866559096433953
0.212090437357986 0.126157096210759 0.179699902925082 0.173957865424367
0.149606697972606 0.216729943497338 0.0491946954732185 0.249274211345308
-0.0728376769754422 0.298819747523512 -0.10666736789962 0.214945782212635
-0.291458409313406 0.197187670793589 -0.183649473662067 0.0603658976950137
-0.332941052906346 -0.0903740887123515 -0.0835306901017169 -0.058204038855096
-0.238610540408355 -0.313795539189776 0.0930821962217639 0.18486928137875
-0.0369001768826894 -0.200554313331185 0.308709605250109 0.390227174172663
-0.127587514354195 -0.215811477319547 0.234293046040157 0.453702268990107
-0.250935765655155 -0.0692088057298174 0.265894635569594 0.346907619658313
-0.216587425098853 0.108397108963735 0.312239301204815 0.183769180661618
-0.0369341221625622 0.197189186291222 0.252890833205429 0.0311956407445137
0.084280446917888 0.140103261328035 0.196861837956291 0.0324108096977904
0.131391236565577 0.0890994239379465 0.223286836278818 0.0339635580346683
0.159577119988941 0.0486623420405717 0.248093446994982 0.0408283538999119
0.176395654692037 0.0419052390379505 0.279072896296458 0.106914047683822
0.146085191434496 0.0950241405652554 0.231953859716922 0.210349862510667
0.0957537111362821 0.159797293932243 0.0747363426749295 0.295656597579728
-0.0774449717533289 0.203388595004375 -0.103170942917414 0.240799098428042
-0.226736021808429 0.104090140248662 -0.183199652696124 0.075109494737881
-0.215344634218456 -0.11881944064935 -0.0423370707653403 -0.0377794928441281
-0.0859701650816674 -0.245767904665256 0.149661380007782 0.260228148600627
-0.0426996082952437 0.101644021910324 -0.237123943533375 -0.309279497969386
0.0856737954104071 0.0880048558443471 -0.051985407658883 0.0203635428972074
0.120574308056301 -0.00054728286470342 0.218679264996426 -0.0599976890226119
0.0486517686103914 -0.0809623306451938 0.159344913878517 -0.281171348511029
-0.0326451627241479 -0.065277130136492 -0.0573890357780129 -0.378284759063516
-0.0333915260329802 -0.0283873296006727 -0.267315813029562 -0.303883941531329
-0.0323643432905079 -0.0316052031331124 -0.344323837184321 -0.137503393545023
-0.0335489290213601 -0.0318261931644993 -0.315851810080521 -0.0335177486452527
-0.0171386209308922 -0.0321523674640581 -0.275256339644352 -0.0392191966904052
0.00708105182812087 -0.0272907914642882 -0.252612995260982 -0.0549816039438273
0.0416051800519547 -0.019175634663168 -0.255931532901873 -0.0659953789391921
0.0734510390017475 0.0247600940285273 -0.268660908176605 -0.149424582351261
0.0393959006801405 0.107297657995212 -0.237384299912393 -0.281838557352695
-0.0602954627162176 0.114702616267796 -0.266700275083572 -0.342086544786526
-0.128363131558111 0.0668868768836658 -0.362228200137066 -0.346944076162601
-0.207877629809853 -0.0337402525916806 -0.18864728893944 -0.298595498912399
-0.101424788895281 0.0549437799226677 -0.0232893332423518 0.0464233380371192
-0.0384362434141148 0.0943301117235624 0.288210406374851 -0.0387293189817042
-0.00253802589489264 0.0710080685336319 0.233580542947754 -0.294125346591068
0.0316736176362361 0.054403718225869 -0.0214177739684539 -0.426804686480287
0.0599576371618485 0.0355610898995485 -0.252445542071106 -0.335638060108725
0.088295391779796 0.00791354396126455 -0.338177601094005 -0.159291616565455
0.0942618397492872 -0.00941866980277213 -0.308695628200487 -0.0352642025252369
0.108312379484184 0.00743994786650289 -0.26593428345191 -0.0291433243859324
0.0824985185742933 0.0615755563031548 -0.232825234593926 -0.0315803722788814
0.0625232405680074 0.110458140547561 -0.239455963390024 -0.0318288648999007
-0.0253980994136652 0.157890504072975 -0.268615390559723 -0.0902302739698697
-0.136730885758918 0.152886119505003 -0.25463848274661 -0.219318581471728
-0.227164817005375 0.0313766590146953 -0.297499643699037 -0.278715366002772
-0.272735294703079 -0.0961466867964508 -0.359661292057506 -0.296564216505446
-0.338626769364956 -0.186052109674606 -0.104980274282619 -0.23659809098408
-0.29011630015297 -0.0228097808030345 0.0294397309057264 0.107079923716168
-0.233354591364012 0.16130132211199 0.369356454423874 0.0173876204202927
-0.0937716653848435 0.229366572052348 0.328554479858344 -0.273798343825726
0.0752002271012914 0.198407316561373 0.043892153196768 -0.449153666605371
0.143622657376919 0.116429820557828 -0.199886422549963 -0.343353515704709
0.194909404842895 0.0563441557372511 -0.283564823605103 -0.166215284466991
0.20959267212692 0.0128449877490788 -0.254114242792819 -0.0313137694926297
0.221097494630475 0.0315014005811957 -0.21126250010121 -0.0052729050367878
0.160841703387414 0.118824618455825 -0.178349655651817 0.0125160741551563
0.11086937512178 0.205059789269163 -0.204299430778511 0.0323437595551822
-0.0657794168734984 0.284632509970992 -0.259961517145986 -0.00600914294796644
-0.257784223259457 0.2316245581347 -0.269676866952843 -0.138658466750557
-0.363574069316759 -4.17982279530093E-05 -0.302684117416374 -0.203733064343489
-0.391496514105699 -0.216370694428741 -0.314069992587385 -0.205401509358528
-0.409533057577693 -0.32399076444419 0.00348459780229469 -0.121797474611907
-0.441102313147257 -0.137127522177417 0.0950827163946945 0.200550997601604
-0.429105546845756 0.177688342073631 0.434878612836555 0.1083419882087
-0.216598246836689 0.356203495475915 0.419658652911921 -0.204808043718896
0.0828204789386783 0.338040114191694 0.129628555037985 -0.421643662745931
0.202877177700114 0.198506129538974 -0.114926713624841 -0.314094008900668
0.272148258009078 0.10491067690094 -0.190527446779135 -0.152826774587521
0.293188120252386 0.0322778415610677 -0.162360143765543 -0.0223623132461066
0.30483328060643 0.0396498565015372 -0.120669026231365 0.0208344498479156
0.227419935079627 0.142809094508242 -0.0933880435089191 0.0602121788284072
0.166381106324399 0.255975418515183 -0.142952414904218 0.101095751145066
-0.0603526864880635 0.373650894080834 -0.22783997206328 0.0782141181942183
-0.314471088360293 0.303222202617738 -0.264167558967741 -0.0586771314445191
-0.445615561999296 0.00114460179161697 -0.272772545243729 -0.139132886749939
-0.458323646955633 -0.289665089711996 -0.224770562114664 -0.0977169004283549
-0.407119290964801 -0.413693511153261 0.117459794351579 0.0324942694643325
-0.501186994493037 -0.254422985934444 0.15645403658308 0.309234112008438
-0.559129129609324 0.127325544210377 0.456000293999217 0.217251611093483
-0.330671924440781 0.40130185445075 0.467344165579839 -0.0892968228106596
0.0542884572628363 0.425401104837897 0.209222527131628 -0.332304489716102
0.221517874523723 0.256550197297628 -0.0120564729031741 -0.243317308195079
0.304594203156938 0.141212820655683 -0.0724399541247105 -0.116811234961442
0.333597236682158 0.0475492997251455 -0.0472456255891507 -0.00991209140478221
0.346010240116119 0.0411877746621277 -0.00739332414034429 0.0435178926164859
0.263406237683494 0.144480672563233 0.00865932477204878 0.101288807085901
0.200688806076737 0.264463621831272 -0.0657916340816917 0.160518610302504
-0.0460061918637597 0.402848679608826 -0.177768608252097 0.14623779685148
-0.326701087607082 0.328360514375584 -0.238719003615409 0.00376585568419673
-0.465591061195992 -0.00212551004272457 -0.215828287185512 -0.0964888757857722
-0.460286173202001 -0.325605801177862 -0.108142493434842 0.00610443130119851
-0.333877677544804 -0.423517094919206 0.218394135497052 0.193867104648589
-0.454496488478074 -0.319881971652476 0.203139249573175 0.404434354531204
-0.568654522103395 0.0393813303763492 0.421233051226408 0.309535552681785
-0.380108647492731 0.354471069726819 0.45509491413432 0.0371189510494153
0.00965451655670495 0.425472727062554 0.257927598592333 -0.202568299479065
0.203715530782234 0.265438196314911 0.0836126213119289 -0.144589492027281
0.289849461392675 0.151663559617086 0.0494978757087336 -0.0669944500909687
0.322560834681576 0.0552142702085729 0.0715589380894912 0.0043070587136022
0.336793826477349 0.0408474827891558 0.108039457510586 0.060533139204229
0.261626693604687 0.13483915973086 0.108357596259813 0.135271877720565
0.199057498053251 0.247911878684656 0.00757329448545643 0.208927379748955
-0.0467553677960798 0.377863602120479 -0.129794700750354 0.193000916693954
-0.31760986229682 0.294012975197797 -0.209346158043246 0.0440549047364858
-0.426072632290421 -0.0315801473350212 -0.149608582966527 -0.0724215946214917
-0.387101743958842 -0.333067061570692 0.00848414870058176 0.0989775433328839
-0.205599023192841 -0.347003001198901 0.292421676826438 0.324128999305195
-0.319535985909487 -0.3047282207299 0.234976913019866 0.459177132373229
-0.452400692369732 -0.030197056995258 0.353198979861632 0.352992997131245
-0.335311129825304 0.246183400475942 0.396070188526934 0.132391305594583
-0.0190392863423381 0.340462197472842 0.268708482908282 -0.0725062685637607
0.156579574503859 0.221401673335288 0.157904723779151 -0.0472089334646641
0.231324679019686 0.129957003347613 0.155421734093345 -0.0167338504663259
0.264138367942051 0.0521456686700873 0.176338424038037 0.0170135350715542
0.278496767000928 0.0383666985738587 0.211198241412041 0.0753842805963398
0.223261978622341 0.117944110914315 0.19253596546561 0.167508023840976
0.163379981804396 0.211926320529539 0.0635517481126768 0.254276035144702
-0.0603428774306443 0.310016994601332 -0.0995269079846684 0.226239697553461
-0.286681298525966 0.217074636046514 -0.189338564450098 0.0704670360932067
-0.344365027604979 -0.0759819338435393 -0.0895333080036873 -0.0538434808548476
-0.261309661408814 -0.307584449956862 0.104597398858303 0.183496408832593
-0.0478272179372022 -0.200526227441599 0.331699740634005 0.38990636949767
-0.139421696536205 -0.215293487772326 0.256457048788817 0.455745914013091
-0.256786038600872 -0.0590603219267433 0.285835297049593 0.342847849944577
-0.215674278651978 0.120553215998615 0.329643703264672 0.174935911893294
-0.0267447322587318 0.201797103636619 0.261520142151917 0.0205962985478855
0.0932506742955295 0.137090072895916 0.205975276603432 0.0232558843680136
0.138876281958556 0.0832439166495791 0.229466337284609 0.0202112453180984
0.165532412649801 0.0397359808601657 0.252735978625535 0.0262170793877786
0.180199398492518 0.0321625397075028 0.288362595263731 0.0919960631561537
0.15423612760211 0.0891091062830087 0.248178106251931 0.201232725869115
0.10536786546232 0.156463742433605 0.0922018141233869 0.299180461467723
-0.0690028484815547 0.212294525158267 -0.0955213914213873 0.25155838606245
-0.224249011217638 0.117790739239704 -0.187072886825469 0.0859738476447198
-0.223885510321987 -0.110371718740019 -0.0471485703100304 -0.0364588770687622
-0.101705271498257 -0.245796046212515 0.166049840001495 0.258515101941965
-0.0372191618389208 0.105232487451323 -0.263704781196081 -0.300690290925061
0.0914617935717845 0.0837027083419129 -0.0495601895861282 0.0273730340021771
0.120269146289206 -0.00828142880186736 0.225123148311006 -0.0738616486985272
0.044758897858354 -0.0846790358485003 0.146347472536504 -0.300033706001241
-0.0369356528210977 -0.0626827006453801 -0.0861345632727409 -0.386472952642071
-0.0357434717468594 -0.0265529565020845 -0.297978079305686 -0.293232186283606
-0.0350409151840333 -0.0305380325391492 -0.362073951228444 -0.115486038289534
-0.0365804667533379 -0.0300758811666207 -0.322970502635318 -0.0104938365955396
-0.0193871652385678 -0.0330168874195089 -0.287010953986809 -0.0165208103760538
0.00712547054135958 -0.0289693397381962 -0.266105077537418 -0.0364702669751915
0.0428902446038499 -0.0217573921228727 -0.268816000510432 -0.0504814172925345
0.07622750675021 0.0220573586718554 -0.284917917644215 -0.135893048211443
0.0465605462190374 0.106828354575357 -0.262380659796419 -0.277160518514024
-0.0545462410482169 0.120994330303524 -0.291532248751722 -0.33727267060657
-0.126315884242658 0.0761461047592109 -0.394302181243371 -0.337448572531392
-0.217232734636678 -0.0222327219963664 -0.211440664769724 -0.292669667059609
-0.102849760350654 0.0627313449505657 -0.0184998600184437 0.0517235770444424
-0.0350436488549961 0.0996216922306384 0.296271849506498 -0.0559738423525473
0.00148140184808611 0.0755474972850901 0.221952216369103 -0.317716013706663
0.0371985120063303 0.0556664319717816 -0.0523541977218007 -0.437998470042691
0.0649463576676187 0.0328628387709731 -0.284323437241448 -0.329001953449022
0.0922725064979277 0.00133696215358266 -0.356295481676048 -0.138862883523171
0.0967343876471555 -0.0174685621435626 -0.315202310229845 -0.011266043555357
0.11124069302061 -0.00207357695141023 -0.27595977039939 -0.00627447536257914
0.090598369708252 0.0576851193353366 -0.24290545015764 -0.0139388775548912
0.0730436841375786 0.109490715308394 -0.249209219819006 -0.0147545019144978
-0.0162993673460882 0.165969283605384 -0.281103417494178 -0.0747746169444987
-0.13073742917719 0.167451236133961 -0.276526957659475 -0.211978746667273
-0.23315517848973 0.046693899189708 -0.319522820910056 -0.267918868417675
-0.286905834744098 -0.0807034013279962 -0.390268763304619 -0.283425665481297
-0.361636450604363 -0.168687327957681 -0.12061424644581 -0.233393483575814
-0.302181527822964 -0.00619085794421029 0.0385752139873791 0.110489197782461
-0.229519159913061 0.181618854075882 0.382142015448568 -0.00384373101631752
-0.082458310398632 0.245218469297476 0.323046673998262 -0.301246000751511
0.0918800311455118 0.199524574621195 0.0128538286604948 -0.465365057380273
0.156709224481604 0.110377405402817 -0.229990996209846 -0.33909323992314
0.205729809070789 0.0431789052818893 -0.302032738324396 -0.150154594752187
0.216220757907804 -0.00429040936868609 -0.259319481923134 -0.0114768305933486
0.228874627943689 0.0131002655424707 -0.217851992186692 0.0134164375564483
0.175232761299651 0.111342923690163 -0.183937941699902 0.0287108075168929
0.128643904356046 0.203399870205882 -0.208512388479653 0.0490348979521777
-0.0478118468431812 0.299421251077691 -0.267302400194604 0.0111632799505608
-0.247619650383731 0.256782695442339 -0.288341707968119 -0.127262304960804
-0.375273139513202 0.0240559407366482 -0.321524393680448 -0.189884030693336
-0.418630176061806 -0.19620210173837 -0.3367743836082 -0.191185036596363
-0.444689695192973 -0.305786247882437 -0.00228332489480041 -0.12044575050178
-0.464943752719893 -0.113570024342065 0.111367747556842 0.202726544454185
-0.427476315956422 0.21071155614063 0.455300093928218 0.0858470958594017
-0.201057642488147 0.3825461805706 0.420978101063731 -0.235094598837249
0.109874666400305 0.341975798569422 0.10403482315253 -0.44160057574431
0.22250989996519 0.190618322476749 -0.138169459878743 -0.315692527055632
0.288762807398684 0.0883535093904084 -0.204991555613197 -0.141948716060463
0.303692892782636 0.00824021601758463 -0.165540762078172 -0.00969102802659142
0.314410787042891 0.015215646610256 -0.122638006370972 0.0330637150285396
0.244490498781301 0.132088211146299 -0.0922393590490968 0.07114791806586
0.189253146884929 0.249868419306851 -0.140297717128737 0.116047241754426
-0.0364234417070732 0.38973684956249 -0.229068117939504 0.096998973555297
-0.302274173840771 0.334866827517226 -0.278545610743373 -0.0441705807018731
-0.46050431658016 0.0319608109241455 -0.287821173754078 -0.124695618710559
-0.494656590038233 -0.265619712027776 -0.237939656579299 -0.0860119549477116
-0.445931276380339 -0.396866135051826 0.125144391743324 0.0305236896331797
-0.534206648317471 -0.228855329468792 0.180911490365662 0.310144498493538
-0.56383995055089 0.168054427107553 0.481560946050508 0.196423494261192
-0.31443089691567 0.437496720721815 0.47835243507556 -0.118747292541513
0.0871809236348433 0.432816414591362 0.191343157666782 -0.355715868001757
0.246572358385462 0.248684857004696 -0.0274746813629411 -0.249280105440426
0.325080791595928 0.124245650135077 -0.0814958175160527 -0.115073172155648
0.34672716694174 0.0212236278330527 -0.0484851855946766 -0.00532483978286341
0.356335122359034 0.0135618956820993 -0.00483100180718504 0.0464343511406919
0.282803525273926 0.131090311346615 0.0158113315734946 0.104526100395447
0.224609379821003 0.256442926418414 -0.0572261305971279 0.171934346365792
-0.019538839513065 0.419187635400492 -0.173807826971609 0.163447935300142
-0.311841351316094 0.361001449007976 -0.249948879075163 0.0188539230761389
-0.478927966825628 0.028588129123861 -0.2282797656348 -0.0837956747652161
-0.496657369487461 -0.301834665965929 -0.110568318032443 0.0132276936900975
-0.371536698694908 -0.411695581742051 0.238513809423975 0.190745585982359
-0.489276079534944 -0.302907018298613 0.234166800497327 0.406069363092816
-0.577887572401021 0.0794192735681971 0.450574749293771 0.292425633548665
-0.369396304212769 0.391931482769954 0.473711110092503 0.0118510073968288
0.0419255701253287 0.434672594136714 0.249467892958923 -0.224999760295402
0.227733016938335 0.25798013185313 0.0784432501381641 -0.154842179455501
0.310652815885243 0.135361670942631 0.046469592249889 -0.07327216587612
0.335241549451035 0.0297769470116931 0.0731453170357019 -0.0004355989996897
0.346447176727433 0.0137993592295458 0.114645663049173 0.0542675812683041
0.278940638333152 0.121137854335056 0.121752829744574 0.13127333895225
0.221175731472725 0.239420688679218 0.0222844214341707 0.216785514668892
-0.0223410980410191 0.39317055931017 -0.122036467809733 0.20806039880299
-0.304696342945406 0.32615935952267 -0.216545314628232 0.0592919655417209
-0.440749075197682 -0.00320904570077054 -0.159299509019816 -0.0632822767299044
-0.424237292447296 -0.313403883913276 0.0156601684349645 0.101010300701055
-0.23467817704913 -0.339066539820139 0.322459135855462 0.319891202518323
-0.349120418379384 -0.294741419040484 0.26863113296436 0.460291083347123
-0.463939009010905 -0.00135078212310845 0.383395007363357 0.341547752598426
-0.329614592512078 0.27593014796957 0.418315767250232 0.112362726732134
0.00574616383499121 0.349411723741975 0.271886975864372 -0.0925806295099841
0.176652891719321 0.214129934143831 0.162294332006556 -0.0588293513134688
0.248018584510614 0.116750512405648 0.158710672642563 -0.0299489234859273
0.274876296015697 0.0316653251303671 0.181508379317046 0.00430740379893066
0.287158692344756 0.0169912750223766 0.220966570453927 0.061890071232861
0.237333695461895 0.104966973455306 0.209838570271596 0.157254023622334
0.181296497907254 0.205354016439298 0.083116133750112 0.257991787287891
-0.0408883811402983 0.324037573071671 -0.0884431626027892 0.240544673972923
-0.277055327510935 0.243062334927852 -0.193866814604474 0.0851568006260877
-0.357609604009097 -0.0528285663093375 -0.0964711263975446 -0.0485939686241305
-0.292114077863915 -0.297253410737276 0.120531524367348 0.181814042346895
-0.0621819139508331 -0.200617813848836 0.366274290756659 0.384772567198545
-0.157262294520672 -0.21377304524211 0.290747719895394 0.454473880838205
-0.265652098242853 -0.044241364057661 0.313324468282011 0.335676464928223
-0.213613691969369 0.138099484725558 0.352055362068844 0.160408111473506
-0.0121416370811165 0.207037679723935 0.271156235947935 0.00379768086318863
0.104572636393621 0.130772515971258 0.216364021894374 0.00929772743003539
0.14803908125834 0.0746830378693509 0.236314750728871 0.00285332305999649
0.172450573545501 0.0279600996875445 0.258987767452753 0.00730130060210707
0.186103772663156 0.0193068479867204 0.301043730563542 0.0716188056287936
0.164835846962765 0.0801782456209349 0.269499298764734 0.18653556248571
0.118497576326741 0.152697906539391 0.115301119801531 0.301331683405759
-0.0567642105369021 0.223519504903651 -0.0829771578179689 0.26623279292576
-0.22106758417406 0.136195115104291 -0.190519607034643 0.101304861235321
-0.235568716500147 -0.0979289784448179 -0.052241803544083 -0.0339331979919811
-0.122155211735001 -0.244193886884325 0.188639120000077 0.253279729418422
-0.0302918298021016 0.108017700455078 -0.291221147709518 -0.283292361500909
0.0982193781154257 0.0768955113517622 -0.0450267958153736 0.0334193952449745
0.119423133698122 -0.0174420093008228 0.226919290216514 -0.0935674949857835
0.0384175055744619 -0.0885485269524506 0.124593673994211 -0.3166069553921
-0.0414178305529323 -0.0587195316366134 -0.121605764834253 -0.384206987789287
-0.0385424193977666 -0.0244442265759942 -0.331872106405325 -0.270870575852839
-0.0379632638624852 -0.0285384359765569 -0.376343218931182 -0.0842040642388641
-0.0395415849259436 -0.0271196343303183 -0.325170133175307 0.0178910139677201
-0.0232509404313947 -0.0319665541270234 -0.292575846042655 0.012509217278812
0.00498316532649771 -0.0304623545052502 -0.276031014381999 -0.0104380496097347
0.0434511974109946 -0.026483710180945 -0.278263573897512 -0.0275450943107479
0.0783788057428742 0.0171585288028271 -0.298990685663744 -0.114724691644312
0.0556386677372034 0.104576488056234 -0.287826075369112 -0.263067727033509
-0.0455511529952692 0.126448925279991 -0.319584910979234 -0.322099099070736
-0.120379449703828 0.0866092210882003 -0.42810069813014 -0.314526309316128
-0.223725880312808 -0.00561201692997691 -0.23611923270846 -0.278673413552917
-0.10188189969516 0.0715814587361125 -0.0123082827926755 0.0561280880645747
-0.0288144082807756 0.104514432767809 0.299677963544149 -0.0803092179607073
0.00805832749497775 0.0786128781291899 0.202132743153948 -0.340254606071942
0.0434569984937473 0.054830611007401 -0.0917037990013728 -0.439826991783154
0.0691172488027096 0.0280923390804953 -0.319418838074172 -0.307831540763192
0.0948921347719131 -0.00801274314809507 -0.372804061799911 -0.108737262996618
0.0969102084379857 -0.0271207332027659 -0.31562833713962 0.0167283659587822
0.112275547801793 -0.0138076170569329 -0.280384379230908 0.0223910906952985
0.0987094470571308 0.0504314009411431 -0.249759778847448 0.0107185102306386
0.0857316516647878 0.104690162034138 -0.255656619404124 0.00774003546851863
-0.00283069296483058 0.172013418713503 -0.290566878144735 -0.0529015085988249
-0.118631672736312 0.181174822071672 -0.298550006328053 -0.194651542941986
-0.232784008218505 0.0655327899854526 -0.342667207943697 -0.249420397168558
-0.298138922678137 -0.0585274785669998 -0.419347838302639 -0.259002387981133
-0.383147737599496 -0.140777075046971 -0.13748456630638 -0.22374990519646
-0.309596370323886 0.0181156792775584 0.0496186183041586 0.110818621490257
-0.218425624348926 0.203672066764332 0.389452199699786 -0.0330652033284143
-0.0638237838867625 0.258283462601631 0.306126091908577 -0.330949995985062
0.111929369004527 0.196028680570523 -0.0273160225476206 -0.472631916501164
0.168951090667293 0.0996703110391219 -0.263352200109131 -0.325113019338604
0.214638210249683 0.0247883167227123 -0.318400486291836 -0.124923306266842
0.218516286191255 -0.0256051912606134 -0.26023040622073 0.0127592343352922
0.23225801054382 -0.00969791746990812 -0.219038316168022 0.0377972829594113
0.189252130489531 0.0987695245671871 -0.184863193444618 0.04799125241905
0.149992869224861 0.194938097916523 -0.208264667767427 0.0699123246034169
-0.0228872471430071 0.310691653327147 -0.270071822145956 0.0351673292887262
-0.229265100851796 0.282499453986415 -0.304982393310956 -0.107652362672258
-0.381139239891864 0.0559943209616015 -0.339704551346095 -0.168422768438879
-0.442661193112882 -0.163723216988789 -0.357311856932066 -0.167709636826395
-0.477433000616036 -0.271810086562069 -0.00825882270825844 -0.118519104350297
-0.482113763232539 -0.0782326019555448 0.12995158395603 0.198325511049606
-0.415194460126799 0.250240164416918 0.468665449572875 0.0519592780613753
-0.172702347301934 0.407835767312867 0.411939314569157 -0.270358735441157
0.142229227828358 0.336558051575123 0.0653446750525204 -0.455569775589286
0.242487816051562 0.174914038209572 -0.167531143813634 -0.308037466434302
0.302821815893943 0.0639782410837613 -0.219228942361743 -0.126644983218037
0.308035510258626 -0.0208973974803132 -0.165351311870837 0.00653180279698323
0.319223270438317 -0.0161719290734875 -0.120504141682183 0.0479799309485788
0.261659931001951 0.113602250639117 -0.0884902513450033 0.082426505505998
0.214069748147685 0.236781816139502 -0.132927652237027 0.132809660095531
-0.0031132308442546 0.40199163461145 -0.224691587158638 0.119155849567954
-0.276026057392482 0.367286289610372 -0.288901899361036 -0.0222535318789643
-0.466058085902436 0.0717330757186794 -0.300721153474794 -0.103250020449672
-0.526208335360505 -0.227322872758788 -0.248652812555013 -0.068241431366472
-0.486675852494732 -0.364213859150693 0.133301286190887 0.0255795516736874
-0.564054978159904 -0.190845467874115 0.208732260699395 0.303058094552414
-0.556722142369064 0.216282481028274 0.503909801718389 0.162926143063141
-0.284128933203288 0.473571238336554 0.479609184823743 -0.156411495288863
0.127789709053771 0.43089102794252 0.161468868433416 -0.37647313978035
0.272079446090181 0.231245778952692 -0.047378140603505 -0.250962727755137
0.343668679578324 0.0964919402769985 -0.091476129565345 -0.109426562859789
0.352213457511254 -0.0126388787418694 -0.0470193115531312 -0.000518395015589841
0.360612395962805 -0.0216763103561866 -0.000827433006917737 0.0488586423329813
0.299159802953389 0.108206766575298 0.0247491785542496 0.105453795811322
0.249901594082522 0.24032356665685 -0.0427603888416897 0.182672531240592
0.0170163507290555 0.43058661200861 -0.162689104093819 0.182820333528838
-0.282538061415816 0.39603045472091 -0.254754194465782 0.0406027293339618
-0.484469818061376 0.0707786351810221 -0.23791168484094 -0.0662120763835849
-0.532627331926968 -0.262931412453043 -0.111567610538026 0.0227620679686741
-0.411866760050312 -0.384850558543567 0.260482439198228 0.179507778474527
-0.522471412890748 -0.268236221435381 0.269271650141983 0.395459580953447
-0.577130457940703 0.125962012445043 0.479782651346603 0.264153373542117
-0.343322807546634 0.429868329590739 0.484917832989172 -0.0241641419490696
0.0822109450160842 0.436869414674345 0.234299811508212 -0.248297037181022
0.253541767600391 0.241907890899013 0.0697406765325224 -0.164403390413349
0.328691492167138 0.109229763305028 0.0416290500122356 -0.0792413029825805
0.34181481438217 -0.00314406616219545 0.0745306108842222 -0.0068389101244155
0.350011194399475 -0.0197586910518909 0.119992390584291 0.0451613439569324
0.294274709936524 0.0977591464561388 0.134249815194175 0.122674017195993
0.243421257426964 0.222579684772534 0.0412802830391399 0.219711300068642
0.0120733336453274 0.403166918864622 -0.107127619069476 0.223321175608231
-0.277936001272693 0.358120679756 -0.217996120192191 0.0795387104327554
-0.448186184787111 0.035329393481731 -0.166215412867261 -0.0510756246703345
-0.459668235421857 -0.27923866412719 0.0246119775350775 0.100760563356514
-0.266013605933054 -0.323393987484928 0.35449366801199 0.303951476377439
-0.378743587798072 -0.272479287365553 0.309198345300739 0.448735793857007
-0.468071397671268 0.0362026807071689 0.413663304151013 0.319386504740745
-0.313013978675097 0.30949064726534 0.437344316580948 0.0826107218753338
0.0373393264864157 0.352545471548277 0.26748932996388 -0.116430720642339
0.197320486202336 0.200882507366961 0.163527087381525 -0.0744884926013719
0.262483647784834 0.096211414050464 0.15841925935792 -0.0452957819042709
0.281474276801963 0.00556715472190613 0.181784291718327 -0.0114192615866276
0.290759883895838 -0.0101436334465325 0.227824280480507 0.0420456651128546
0.250959331161792 0.0854823105208681 0.225840680279416 0.139203642333963
0.200765770198758 0.191610311772228 0.10693420560626 0.255584966462611
-0.0131778053199002 0.334489689006237 -0.0709080990449219 0.253030058755608
-0.257959929308355 0.270528211155318 -0.192854941653886 0.103594148334706
-0.366487555941483 -0.0235195416603882 -0.102218494878584 -0.0415434502162958
-0.323792704821458 -0.274403060237128 0.137451361038262 0.174331586941869
-0.0788963755551984 -0.196861082496228 0.404679553859903 0.364968075924908
-0.177297513339106 -0.20509166421654 0.330663225195819 0.442509636619877
-0.270831859353591 -0.0236952583205569 0.342767439362319 0.316944370026609
-0.206881251788445 0.15847235116362 0.372851189768041 0.134530311746859
0.00619996556873633 0.209746876883527 0.276776960197459 -0.0195021921443842
0.117076019197348 0.122438090079445 0.224139251984792 -0.0097570899952099
0.156817095811985 0.06241259403836 0.240075679684143 -0.0186553218709232
0.176616480214145 0.0117458211030939 0.2598522508131 -0.0159826261135173
0.188683294843951 0.00207604842035761 0.308840929651396 0.0435321315419438
0.17416808214191 0.0664476014097074 0.288646595075197 0.163885919821446
0.132621851873752 0.144245838585803 0.143038762692158 0.295612363650208
-0.0384159465534943 0.232930812602342 -0.0624973108703104 0.279157193882598
-0.210611751754004 0.155986396158521 -0.187465134806548 0.120103424590243
-0.246166308506444 -0.0786832347101012 -0.0560543670711584 -0.0303538329070056
-0.14589404324631 -0.235667549682584 0.21280054155155 0.240319420677073
-0.0169834740101012 0.10896783168205 -0.337150180165712 -0.221592686623573
0.108595725975364 0.0549088508373749 -0.0409330815056893 0.0449313278944749
0.112729139187135 -0.0447323859115143 0.204476678443624 -0.128391748375401
0.017852768689148 -0.0998596429900132 0.0659463942515436 -0.328621795031227
-0.0568445297166935 -0.0540051062829398 -0.191572592851376 -0.353086254816974
-0.0535969775814984 -0.0170710820276424 -0.373025548010322 -0.198432118118349
-0.0494557758397845 -0.0187634656262484 -0.378287873979732 -0.0100272136981188
-0.0461987317007963 -0.0148037535707313 -0.308460326471754 0.0761726684830243
-0.0307714144846919 -0.0240309276664388 -0.283578834096826 0.0657982196103443
0.000351989477429582 -0.0284943137093701 -0.274866545230438 0.0386509439502908
0.0374964499366319 -0.030987201394559 -0.278021522233018 0.0204046177383477
0.0801258678049748 0.007043611054718 -0.313339633233857 -0.0675325748053448
0.0710865522675422 0.0985465726028499 -0.326802935704245 -0.219575298375831
-0.0221266130951667 0.135654432693731 -0.362293737406082 -0.26956812213571
-0.104729830184199 0.108979381879911 -0.464439761025642 -0.243485432809486
-0.228522567097364 0.0393051554358693 -0.2737872653558 -0.232619771415403
-0.0847195894147754 0.0929706376140237 -0.000831260352703157 0.0517266656836501
-0.00475259022103619 0.105126233972667 0.274006982756243 -0.138651896729659
0.0251334795915555 0.0686765410737077 0.130907889563795 -0.371454897593527
0.0477582822591167 0.0366630237635725 -0.178951151328755 -0.410268919750295
0.0610423076188171 0.0119698927375042 -0.371128021036657 -0.23391517951241
0.0873826843736801 -0.0273630862021139 -0.385906968831989 -0.0312945049809754
0.0850705652623864 -0.0417875594163559 -0.298763692113642 0.0760466160222747
0.105615752092874 -0.0335250038528944 -0.270153835708213 0.0748283133349319
0.109187784501231 0.0333194951758157 -0.24729833377312 0.0550179126133683
0.104814363151487 0.0875800478118072 -0.251581126962011 0.0504046402650891
0.0320757956654773 0.176408107816988 -0.293246138677819 -0.0108861916993679
-0.0829909367137789 0.205565912766436 -0.32288360508152 -0.15154090207932
-0.21528051547392 0.10992106573197 -0.374273765370747 -0.188139970164425
-0.305656400899172 -0.00308264949113206 -0.448952900154915 -0.184004552458032
-0.407571799877592 -0.0588814052194448 -0.158096104084237 -0.201404760220938
-0.296429422199974 0.0850875318626807 0.0758137200836891 0.0858595791857153
-0.166191217506882 0.239816707017125 0.36804295208586 -0.12015832338135
-0.00474892095533818 0.258596491185669 0.228338699919795 -0.390410771689244
0.142262781635728 0.157781225117056 -0.128809615517707 -0.45199863975449
0.172936045032292 0.0609780670433064 -0.322984797654942 -0.258587509943185
0.21436690151743 -0.0204167655978973 -0.341420803121021 -0.0576701422299084
0.203894994719723 -0.0637639656775426 -0.245861970883205 0.0640141478036736
0.223967481628535 -0.0545300958045317 -0.207186295451318 0.0794999322006059
0.208538003509274 0.0619842693524027 -0.178624559268521 0.0808453156463247
0.185248566687711 0.162501078053592 -0.196409028311285 0.104187439318261
0.0404735582721681 0.317033310131265 -0.2599790707127 0.0695347431262247
-0.170796304347371 0.324770879793263 -0.311229499805314 -0.062833927255036
-0.361907955615427 0.128011363150673 -0.356048133988583 -0.103829884080304
-0.466302755248453 -0.0807613376923961 -0.373310713566086 -0.0981001515077061
-0.524380775234477 -0.165232346670982 -0.00427559596164219 -0.123891430355222
-0.481082420776027 0.027635387813091 0.176322276024523 0.150164615755058
-0.345641567092696 0.324502138973873 0.462619372803596 -0.0618058093354592
-0.0763562791028187 0.428467956268231 0.340169664662315 -0.359851570158083
0.201603868198595 0.288213228031546 -0.0409204857109035 -0.452725617459675
0.260564673204797 0.1186780516239 -0.228026429158389 -0.26035528224702
0.311559453243468 -0.000930330413512341 -0.248927475700725 -0.0790106391178771
0.292393159052293 -0.0762537969051647 -0.155862294447159 0.0420858608515731
0.30806618959458 -0.0801160551177375 -0.109139612487394 0.0729593423603073
0.282484425465887 0.060992746964329 -0.0780743081134492 0.0980499022673911
0.256119165041769 0.1897828417563 -0.113660898920937 0.152939075380533
0.0804561646931566 0.402119940959193 -0.20308889357898 0.143743982836033
-0.198467858917433 0.41536608022999 -0.281046236058403 0.0175901227986739
-0.441425837636675 0.15886114491124 -0.306510849954133 -0.0434001611448561
-0.560487872715653 -0.12757513552353 -0.250756766771389 -0.0126104286198242
-0.54861493518066 -0.252849306446937 0.163025519814589 -0.00774442826483758
-0.579537442773731 -0.0629820420422677 0.278895641507656 0.235192268635926
-0.486233860371434 0.321034845942205 0.52077466628577 0.0335492205857203
-0.169526458015855 0.517040020776797 0.426667527518821 -0.268633153595113
0.208621901475517 0.381190853700534 0.0645001010465113 -0.395074439531636
0.303456729968713 0.165762634006998 -0.102007307623305 -0.227404866725325
0.360711026716046 0.0209996038293511 -0.123968099000608 -0.087843182408259
0.336835932268906 -0.0791919571075225 -0.0442357159432195 0.0144561674452753
0.348262109484454 -0.0953776660187412 0.00717254958684183 0.0531470708123854
0.318381950653362 0.0463416795471721 0.0362761791146927 0.101306778795184
0.291231076576853 0.18491862565486 -0.0170505716422927 0.186730857833441
0.106164884123409 0.424434246586658 -0.133809375367369 0.196903637077173
-0.198426211183443 0.443393181099725 -0.236426195048852 0.0741664797196401
-0.458984771240544 0.161908008027095 -0.238150267348266 -0.0161774354947429
-0.571568825936138 -0.16137996284806 -0.103640767803006 0.0559981024375341
-0.47291351762108 -0.286917173467705 0.313132210530867 0.120324451176857
-0.555050837736693 -0.146839812239783 0.358324778452967 0.318339138994152
-0.526225396217345 0.239975178544468 0.520306928538396 0.137629616722586
-0.232735547706332 0.48977897408569 0.459617698667065 -0.141761540039757
0.16812527021642 0.398183846135472 0.160418068816586 -0.286440703392236
0.290869553249803 0.179503971519244 0.0285472551729816 -0.166997564307141
0.350084195203412 0.0358912524152015 0.0119801108459455 -0.085336374053499
0.329894566055443 -0.0684388193108858 0.0703743215267738 -0.0134733955588958
0.338220709395916 -0.0930611108565104 0.124526043855219 0.0271251829578356
0.310618413930872 0.0363612009546874 0.147347417281895 0.0987532395583227
0.281723846677618 0.168661794384176 0.0722955786629256 0.209115022645966
0.0956624864106789 0.397484828484021 -0.0722790743830887 0.228557794551266
-0.199483194557427 0.402809434600406 -0.194534787025504 0.108748087786026
-0.429790563741595 0.11848288188663 -0.16758350800346 -0.0123591373887096
-0.502892242450554 -0.192913642846791 0.0401724190656599 0.110194994445634
-0.315549014194681 -0.256635880161074 0.420334216909039 0.228590881003408
-0.414671664799286 -0.181082427367708 0.404695265315953 0.368840957956575
-0.438758741658789 0.130010909316642 0.468942062411681 0.211203566129337
-0.231069164384765 0.36719584963834 0.43819275555164 -0.0250466411147769
0.110443338236422 0.326885257925021 0.223894793010447 -0.165505742983406
0.230620215031165 0.149793845072492 0.138714949046266 -0.0991937328831772
0.282359109437952 0.0363097925111771 0.135022425774895 -0.075542290485675
0.274004543012794 -0.0495480193881979 0.172277138836514 -0.0403517071347753
0.28278450458649 -0.0711456065308612 0.228273048756277 0.00421965340721908
0.265176099413696 0.0312963697337014 0.24121030079872 0.0987610918130266
0.23347634692266 0.145810291996065 0.143183548914128 0.232384862500373
0.0567981252293732 0.333584872725072 -0.0313017700499626 0.253106791965425
-0.197156888408859 0.313314059103105 -0.167089920561877 0.130542151296985
-0.360929845369243 0.0455399553401603 -0.106184636338183 -0.0145379738676798
-0.365468453870477 -0.21313265940346 0.159623529643365 0.160672436379823
-0.105729081483527 -0.173327257684711 0.470679770797671 0.283327409411386
-0.203392554303848 -0.158621303516429 0.417155089933051 0.364883096902025
-0.259266967387272 0.0322149676693462 0.398991368474788 0.234762975688599
-0.159858227119353 0.197152302089296 0.388302759100147 0.0473384779695353
0.0526634503887637 0.196440501398568 0.257453617786311 -0.0740967062559455
0.139123204863886 0.0894850146794628 0.213183566135226 -0.0506542072735454
0.170336402688092 0.0250620754085957 0.223200998872387 -0.0664152946177333
0.174618042329958 -0.0248328617202374 0.245767476444536 -0.0592662303096121
0.186914283609336 -0.0401034288555285 0.306710802393628 -0.00877377960946764
0.18600274544443 0.0266487749277899 0.306592909509989 0.11115821654228
0.158636400326851 0.112472417385935 0.18620825700044 0.265588679090263
0.0117542128870176 0.237780063522272 -0.0176012377714406 0.279427755975999
-0.172406301254077 0.191297467980443 -0.160977550749748 0.147213373796843
-0.253292897500378 -0.0312179755437383 -0.0608861076293985 -0.0144324600277105
-0.183440623056324 -0.20785906782322 0.241921472473863 0.208538650227402
-0.0111741065788594 0.106306077425408 -0.341986007747134 -0.192194576327756
0.107813751578667 0.04706370631949 -0.0355939223462147 0.046575030260913
0.105109738048423 -0.0480501935974615 0.19403057963296 -0.139665202793175
0.0104016703518071 -0.0977553440789335 0.0442457774430552 -0.324087096553412
-0.0575590882982853 -0.0470920988760002 -0.209561361256028 -0.330392115572373
-0.0529322966774851 -0.0121551037302804 -0.379279633435264 -0.164536507350254
-0.0500402730218022 -0.0155003873044594 -0.368686407403755 0.0185476513723878
-0.0455804266259927 -0.0109379193828302 -0.291778599128965 0.0950498250884577
-0.0311075735479236 -0.0208816057995157 -0.269838361576033 0.0870245652927792
-0.00113053149214887 -0.0284817581115503 -0.265641597425649 0.0599856258456518
0.0350949998416546 -0.0334687137031157 -0.269026533064378 0.0397069543793489
0.078377213140391 0.00242650543269118 -0.308353120306246 -0.0475233628962247
0.0754531528998781 0.0914274924964742 -0.334073090345456 -0.19582713174388
-0.0123322221267296 0.130900692137313 -0.369044360395395 -0.242286820348527
-0.0945773544220272 0.110629602378735 -0.468199390658809 -0.211067108902853
-0.220475286097925 0.0541663980283853 -0.278277819625962 -0.208413017100306
-0.0785578963178541 0.0967371778013595 0.00382498891085889 0.0507766573136709
0.00119847565512853 0.104496663939987 0.260431079751617 -0.151926129421325
0.02898157851533 0.067180018367903 0.105751387858123 -0.370815176513513
0.0504081901704844 0.0332647503212385 -0.202191741680676 -0.385616605065635
0.0611018999779716 0.00873512537773117 -0.379590742079488 -0.199906179084172
0.0837435110599803 -0.0347248677407828 -0.376814893048566 -0.00161922369139866
0.0802056189097548 -0.0476345938581055 -0.282322988621412 0.0941868574252128
0.0997188620884777 -0.0407749523483229 -0.255124910831549 0.095804205195174
0.110127797905082 0.0238568379002684 -0.2375089827793 0.0740416747793373
0.10906611761797 0.077149660209861 -0.242038280806564 0.0672322357802973
0.0438346798021127 0.171455272187355 -0.285415267501774 0.00763802461971422
-0.0668420595338311 0.206094140429023 -0.324923623646696 -0.127797245127868
-0.20335584825284 0.119070374503419 -0.375067206038442 -0.162045414509627
-0.297603659859321 0.0156418471879222 -0.44927734820144 -0.151405306979928
-0.401328537650453 -0.0299482111826873 -0.163865833751997 -0.185242712678309
-0.284977071203795 0.10286439703796 0.0800861928372952 0.0790885085512677
-0.146731093513784 0.24505082381527 0.353546068502744 -0.139094897088959
0.0123336121093135 0.255437058199468 0.200918334275232 -0.395203021198276
0.150013358855337 0.144668879108139 -0.156498964667468 -0.429495538036163
0.173970773350931 0.048171302077483 -0.333073486829658 -0.228798480660731
0.208161329262269 -0.037896091738318 -0.334610773291151 -0.0299162808516888
0.193660051020019 -0.078184980651092 -0.23075993005124 0.0785409621675373
0.211389902243908 -0.0706350408250703 -0.193450915862695 0.0952869518618564
0.208752155272538 0.0445613630330738 -0.168008023609667 0.0937586025519606
0.192996885627376 0.144730175849539 -0.184530358257774 0.116060056295082
0.0632187384716855 0.308488181007686 -0.248276978371611 0.0850212733914249
-0.142988547009288 0.328499654554602 -0.309459867282942 -0.0419007996818716
-0.344117202899706 0.147838554807696 -0.352793838047986 -0.0806001868138825
-0.459603349943908 -0.0472779265020116 -0.370192646023855 -0.0719255627059561
-0.519040660284684 -0.125872496405688 -0.00863659786537266 -0.119918287812899
-0.469352580995212 0.0589022036433307 0.181922941721985 0.135876381140041
-0.315838611444287 0.338286516075843 0.44740400408022 -0.0869070714044733
-0.0464045599183955 0.42632818190367 0.312217522057692 -0.373010632596627
0.217115193503391 0.266111777739201 -0.0711383112247758 -0.435860297006375
0.26342256745565 0.097851191105819 -0.240548368358165 -0.237868507500915
0.304933048228852 -0.0264716149644844 -0.24733927782249 -0.0578595595383621
0.278058166618808 -0.0980373222136968 -0.145700777417687 0.0508989692078188
0.291207720661349 -0.101637716681653 -0.0985199571025796 0.081148576642077
0.280878931084018 0.0381262130916312 -0.0689158443947879 0.102329768038785
0.262402406709502 0.166366575072664 -0.0999158786752551 0.159524141582274
0.108265297993776 0.388743512944495 -0.187915790971433 0.155065607086093
-0.163410454769779 0.418075355838541 -0.274992072251968 0.0363898966117357
-0.419926921476622 0.183422795862297 -0.301239202804908 -0.0240518462645264
-0.554991920926701 -0.0867887397947536 -0.244355934257816 0.00322885057767366
-0.548973048613392 -0.208005732799592 0.162914922822458 -0.0172940980238511
-0.570830568898752 -0.024336321149448 0.287645384547471 0.212745254638496
-0.453730593615555 0.343369662330126 0.509842805830778 0.00400447996118016
-0.130318257668742 0.518562100293703 0.403176822138563 -0.288457727796511
0.229235901872766 0.356389677992791 0.0365347283631282 -0.385692095134142
0.30747984007441 0.140335655054662 -0.113693562708242 -0.215946634991308
0.35433769048231 -0.00782882327196092 -0.126013060681027 -0.0763496071363222
0.321037219861714 -0.102701459023859 -0.0396259106666798 0.0169675929225483
0.328465729941314 -0.119599294487267 0.0119596032276439 0.0529023836356801
0.314261088599911 0.021743916148134 0.0430859955747179 0.0969427250549495
0.295970342611052 0.159657914794214 -0.00338556953770744 0.185055335013508
0.13517258986655 0.408253336782018 -0.116702870211327 0.201584746123261
-0.161585946146784 0.444759516902381 -0.227667773678525 0.089580254587456
-0.435919694107085 0.187843517427114 -0.233099852057345 -0.00102047597283314
-0.566910930904279 -0.118033260762913 -0.0964388558922849 0.0607913699533328
-0.478509086558785 -0.247651725760585 0.31713166541178 0.0998100926991263
-0.551877671856945 -0.107570922508886 0.36977494522552 0.288867015071356
-0.496450802369981 0.267207200000167 0.515187611651638 0.105031121377311
-0.196879275737435 0.496770054478397 0.443642797954033 -0.16766379682673
0.19156619521946 0.374413479773636 0.136178857495072 -0.287094899463064
0.294200019604479 0.153201740936427 0.0184466962290312 -0.166273385325037
0.344252934418644 0.00751346664549869 0.00654921093264134 -0.0838916888710542
0.315607352330712 -0.0921434425720462 0.0683293411893792 -0.0180652653321579
0.319400332997709 -0.115950674563905 0.123086172031966 0.0187970803456401
0.306461098067209 0.0117867292469263 0.149704841430721 0.085078213282835
0.285265892533274 0.144229124465923 0.084541593407287 0.20003469677228
0.123138752518781 0.381935095263631 -0.0545518699455212 0.229606856627335
-0.16444096219909 0.405522749419263 -0.184817255903035 0.120563168584014
-0.408793016296832 0.145962867842133 -0.164198217324786 -0.00216291511315222
-0.501889266586321 -0.151366942300147 0.0467107716669948 0.104540122925972
-0.323674223252194 -0.228478181601702 0.428234170287576 0.19900109384909
-0.416946858908168 -0.150067122831323 0.41764544877994 0.336114247455095
-0.41836983014008 0.153872721992818 0.469268676484381 0.180579725732649
-0.200783512225527 0.376151714001145 0.427745154653251 -0.0516473353238298
0.130176062440904 0.309409364875451 0.205946437535246 -0.17462342018455
0.232997298369844 0.129028866718308 0.131720033013189 -0.108281984248334
0.277868311179871 0.0134200835229253 0.126161000770473 -0.0837732114970043
0.262479095904643 -0.0695845204989734 0.164770884380602 -0.050071098458816
0.266840199158866 -0.0911569485304979 0.220448933032904 -0.0118683568746966
0.260049220675701 0.0113653422358703 0.240228145877566 0.0775920100835714
0.236995836719439 0.125300380562964 0.155096356074363 0.217549016624619
0.0803968976696691 0.321804087138201 -0.0139186722951979 0.250975046554625
-0.168292725838803 0.317109841060735 -0.155769267077455 0.140067172687195
-0.346366198487629 0.0692136252005682 -0.1047815690684 -0.0080981588153856
-0.370455520467939 -0.180756861674151 0.166685084493894 0.145747824586229
-0.112794261581702 -0.161090583772027 0.477557256447141 0.24896626818955
-0.209760173718879 -0.141995728280234 0.430061131422604 0.331003533615991
-0.250155763475446 0.0468489437373563 0.401393916375999 0.206948666548922
-0.142637143176157 0.20389194489716 0.383275131225997 0.0209624107641043
0.0645466776825221 0.185993645953286 0.247224473280312 -0.0886009962827276
0.138559748491482 0.0755667073536425 0.206406568243793 -0.0661796610294955
0.166973312407727 0.0119630850361698 0.212329738080117 -0.0817626543879925
0.168249684600362 -0.03782621547973 0.232583792671688 -0.0740382410760158
0.177242276779806 -0.0525985866385683 0.294856226936921 -0.029760281392096
0.18253378896944 0.0119865322593523 0.304377352735304 0.0844802172166136
0.161870532278017 0.0986767565483744 0.199204131384237 0.24578536050305
0.0287621989593867 0.23194171946144 0.00072768364825509 0.2749731502907
-0.152900058743707 0.196349291969964 -0.148189175806098 0.155024732859786
-0.24581571728489 -0.0131935889355297 -0.0617211413200027 -0.0115680420115357
-0.192539222010727 -0.18808379847899 0.249647486755241 0.186971407982636
-0.00839614653636402 0.103821884108237 -0.342648898562582 -0.172763572322588
0.105842225790624 0.0418393333337321 -0.0335643490850782 0.0476759786355188
0.100331413241492 -0.0486300162451805 0.18678833539664 -0.145825793328266
0.00687169244714871 -0.0951909349400284 0.0313379786873815 -0.319638358042567
-0.0560205083637825 -0.0420613116621747 -0.219517521273387 -0.313339421633916
-0.0513550258185434 -0.00828026870071857 -0.380792741207647 -0.140101703322607
-0.0502425866180119 -0.0125059192896228 -0.359029923966902 0.0361372567711445
-0.0439674159510554 -0.00924872045939665 -0.279852855384128 0.104653350383418
-0.0306611532953194 -0.0186667688765744 -0.258346147495042 0.100085092747663
-0.00180787750096878 -0.0282794535179465 -0.258608506682739 0.0742434214851964
0.0330397631148164 -0.0353032599175724 -0.262012545277132 0.0508792583161386
0.0761582550667642 -2.56649807838134E-05 -0.302869527859183 -0.0364208808291088
0.0776588346472698 0.0862348097919898 -0.337132802586752 -0.180228631053966
-0.00752037279607537 0.125412038053852 -0.369881366833078 -0.223207900924985
-0.0883227617287833 0.109252235010969 -0.468537870663568 -0.191117532348053
-0.214735813924244 0.0609503896482339 -0.280274702616908 -0.191934534694935
-0.0741052863364938 0.098682242764808 0.00578827243517399 0.0500192602262372
0.00474754314380472 0.104394482805197 0.251738697416996 -0.159645367148863
0.0319802095169116 0.0667836642623147 0.0903942111628656 -0.36760928257973
0.0520299460053272 0.0313692465695061 -0.214838282690643 -0.367119225122664
0.0608851286133162 0.00654383088297085 -0.382493718346684 -0.175232791270323
0.0796841630016078 -0.0394508996070622 -0.367795861483875 0.0175182395856551
0.0768811156029186 -0.0518298226958362 -0.269817431558951 0.103477011342224
0.095486790648844 -0.0447380388601892 -0.242147708222243 0.107691831427613
0.110036545069807 0.0177412148162771 -0.229343952949905 0.0866784067798943
0.110541247395276 0.0699915831754384 -0.234550419693518 0.0777489744461251
0.051191953997094 0.167416287582849 -0.278740425288283 0.0180001792208159
-0.0568248942508987 0.204957213243246 -0.324868978707098 -0.113870311725177
-0.19475285104077 0.122355706353819 -0.373311428628324 -0.144702844919102
-0.29148925578456 0.0258370640289842 -0.446424380801609 -0.132001869674778
-0.395150490325529 -0.0124257939071866 -0.165526131264787 -0.175306585058527
-0.275581707301437 0.11295538086043 0.0812613143801809 0.074338159611099
-0.132835612549179 0.247884892077819 0.342292178529461 -0.149379389068218
0.0237009167854422 0.252956122243627 0.18359903705493 -0.395401824335242
0.154458646591679 0.1351403105132 -0.171645019880991 -0.410630247812009
0.173824431784785 0.0401503028111527 -0.338037228285666 -0.207971433634548
0.202444319106741 -0.0493792652426529 -0.327912361534206 -0.0123178581348942
0.185975303025324 -0.0878669625909709 -0.219658800083595 0.0859483707182468
0.202440099224812 -0.0797690608292777 -0.181913811439679 0.104952978677976
0.208132754513705 0.0334892724139103 -0.159911542680664 0.101456386256206
0.195438561083171 0.131598974578824 -0.175342792634588 0.123907627449378
0.0779007887169108 0.300969322621383 -0.238337587812178 0.0934126240469889
-0.125026048407843 0.327859621033259 -0.306260485596105 -0.0294123908898674
-0.33059171588771 0.157489932395746 -0.348372273210789 -0.0667523162851911
-0.452060724171092 -0.0284577993555589 -0.365754133614123 -0.0570622862773497
-0.512650833429569 -0.102299121562098 -0.0100061462699587 -0.117463776972509
-0.458351770271832 0.077588211091552 0.183830507220988 0.125757521693273
-0.295704286855289 0.344949163857093 0.438005963788445 -0.100079499995955
-0.0257913578935958 0.424790566982713 0.294344661782482 -0.378931637944308
0.225171797822966 0.250632590619364 -0.0879886877462065 -0.42005001800144
0.263008627629994 0.0850215586650905 -0.245648495220364 -0.222337453259237
0.29729974063662 -0.0436149106939139 -0.243711955256622 -0.0432366812919489
0.267148976084563 -0.111578928726505 -0.137104932514043 0.0552373360925336
0.276662106116027 -0.114123917011973 -0.0904035614062712 0.0855581340347785
0.277999080942965 0.0235134345004313 -0.0621680825309944 0.104557226823636
0.265061463489312 0.1501423185609 -0.0895386299256948 0.162546515655153
0.125938893041761 0.377453101834364 -0.176813711374626 0.161002847929526
-0.140600885841562 0.417281966149968 -0.269099687620865 0.046143596369637
-0.40235130542971 0.197920932888158 -0.295917351850676 -0.0131721941497814
-0.545919379483451 -0.0598246530809999 -0.239197374500135 0.0128187800872691
-0.543361731932746 -0.180455157033073 0.161252803882965 -0.0242376788869505
-0.562671817489123 0.00123203442934543 0.290508071363956 0.197032575756194
-0.429590081135512 0.354608054308958 0.500769569728614 -0.0124860806426605
-0.104914722180909 0.519597206517751 0.38757879416245 -0.300806404237394
0.240575342211637 0.337754508838199 0.018293847893603 -0.375583083602189
0.307668177212903 0.123747855116827 -0.120387727182368 -0.20767768524805
0.346348720001401 -0.0279109425457004 -0.126363702964941 -0.067609934003042
0.309462052461133 -0.118063274850759 -0.035754660668378 0.0169753945910467
0.311881721241014 -0.133812879125383 0.0165748808899978 0.0526887427744234
0.309320906821271 0.00659645734041306 0.0463272666164817 0.0926718616992964
0.296586656335207 0.142200707443327 0.00604862194047389 0.183431739506403
0.15341484423263 0.395046535826408 -0.105041124525639 0.204292582093412
-0.137331399739897 0.440803044994615 -0.221077876534168 0.0976014286614174
-0.416991637111091 0.20325610661682 -0.228194601459975 0.00664203121757599
-0.558984619401343 -0.0886721127387472 -0.0913779643406537 0.0630273349858303
-0.476195281645348 -0.220880570750066 0.316909594977082 0.0851724057276537
-0.546839439480139 -0.0837259452228652 0.373451737708606 0.269217152560098
-0.475689545949911 0.281055281683502 0.509519604752565 0.0873322431760751
-0.170964368365133 0.498649863923946 0.431299913498301 -0.182418101716901
0.204498594207803 0.356581795108777 0.121520492264722 -0.283795926893699
0.294365093728622 0.13630862873654 0.0126508071367387 -0.165901394879655
0.337396745008175 -0.0113351193229895 0.00277338258219539 -0.0821125231944704
0.303931657814529 -0.107282661396744 0.0675202071218892 -0.0219370257847579
0.302918358463754 -0.129080573982746 0.121290880111425 0.0137733030643977
0.300169214601809 -0.00346328565361643 0.149310674491186 0.0751827947354167
0.284919017062044 0.1277764181024 0.0925784267709705 0.194467723963981
0.140706323860718 0.369126333442298 -0.0440787628178972 0.229136770729959
-0.140934073900254 0.403277012794659 -0.177372006910138 0.126754804439994
-0.390652456743605 0.159852519172922 -0.161946713239573 0.00352945369557364
-0.498193738616561 -0.125330309340471 0.0508196270182014 0.100259452297306
-0.324890801003579 -0.209051584393877 0.429987142227043 0.179430334606034
-0.415409968736318 -0.130043186339806 0.422114050636474 0.31356476425875
-0.403675825686441 0.167877023102304 0.467024865798483 0.161815826894768
-0.179253333773053 0.379202747806199 0.419739696578286 -0.0690026548229934
0.140322126395185 0.295132184378423 0.195211626267022 -0.177585171328621
0.231762128548826 0.114873068752763 0.126014684634494 -0.114656631857921
0.271965741557922 -0.00148673763218043 0.119027106601226 -0.0889946368748616
0.252721541878038 -0.0823842632555017 0.158788595355525 -0.0567735086060452
0.253829604043248 -0.102680718080972 0.213953823414229 -0.0209562786453679
0.254876762708142 -0.00292634006114335 0.236672073819266 0.063330198234989
0.236390063822112 0.110892933866466 0.161532255451182 0.20769659125175
0.0950531087520069 0.312671455048522 -0.0021910757520855 0.248083941349054
-0.149502397231731 0.316821689592555 -0.147893513759618 0.145106372649138
-0.333350029937525 0.0829901987069901 -0.103822049859552 -0.00501659686936883
-0.370251181091298 -0.158661180381824 0.169972777795891 0.135183588196507
-0.116809718256553 -0.153242181587524 0.479933315455481 0.226552938745175
-0.211971500005272 -0.130220441462403 0.434502903540927 0.308534457437203
-0.242803242792465 0.055439441342327 0.400843865259586 0.189427021871171
-0.13090496726908 0.207998754395983 0.378271086192117 0.00453160613227091
0.0708296777693467 0.177960509553728 0.237722176949603 -0.0968338121741751
0.135895998047378 0.0676113867685477 0.201955090919979 -0.0777852100870619
0.163183887020468 0.00328021859727455 0.203012090861287 -0.0917452959155756
0.162082950393745 -0.0452144071994485 0.223138017643643 -0.0821290958154243
0.169165320641589 -0.0600368511664985 0.284508522685111 -0.0422475668501825
0.178179380526414 0.00224698129674472 0.298856962782903 0.0671201072913936
0.161786784430276 0.0884295591197304 0.205247371973779 0.232211083595725
0.0397017177498007 0.226610899108529 0.0121009648022965 0.270408538719877
-0.140163616948607 0.197836534689138 -0.140045723129448 0.15963692911725
-0.238590762995871 -0.00263972097599845 -0.0626571527723276 -0.00918143493735972
-0.196378604291215 -0.173900822230973 0.252630631872201 0.170851321699989
-0.00745180364268815 0.103026838873645 -0.344785970346469 -0.160893856655903
0.105711779116217 0.0387148756416189 -0.0327340958804415 0.0499585367493358
0.0991770118037171 -0.0493054557651478 0.183361109728407 -0.151943645620354
0.00398951726944209 -0.0939013230150328 0.0234487293065079 -0.320201538008377
-0.0550480412393618 -0.0396035949816508 -0.228782171062773 -0.304259963092202
-0.0502429196414919 -0.00554870309904068 -0.384801280015269 -0.123063074982811
-0.0504426539977233 -0.0106953048617463 -0.355994571444484 0.0506679838122498
-0.0433610349024522 -0.0081626129942543 -0.27360689726438 0.113645558470178
-0.0306309598956803 -0.0176866289994618 -0.252139995456979 0.110908275186501
-0.00211568888486053 -0.028234216415033 -0.255972819478499 0.0863263690426785
0.0319028852549628 -0.0373181501181907 -0.260405996227138 0.0593934578467968
0.0759553113228688 -0.00117586485596687 -0.303206939167787 -0.0301308777323942
0.0797192607351582 0.0836790821024683 -0.342773783843704 -0.172508292824658
-0.00580099138119724 0.122206541998583 -0.373624614429196 -0.214531266648223
-0.0857995748719224 0.110038780302705 -0.47422639280834 -0.180634377870804
-0.213372985622353 0.0675847225088257 -0.282636129649804 -0.182802789136733
-0.0718031622982508 0.101319670411568 0.0064251640583485 0.0507435116167649
0.00823170862749846 0.106213005451727 0.248234699992232 -0.166876537415689
0.0344562699963079 0.0683351072021072 0.0825688835273357 -0.370072798222669
0.0546099186485657 0.0297485458256969 -0.224988803376997 -0.356845151917415
0.0631500773239972 0.00560732435422793 -0.388345477091221 -0.159217079048537
0.0774530996665236 -0.0430096510882235 -0.363569313753801 0.0323911059132844
0.0745908842840956 -0.0559201320831821 -0.263038667347443 0.11043138698241
0.0933205984335709 -0.048117967472563 -0.235376906477327 0.117974442491193
0.111716968485432 0.013433303683819 -0.225944695519126 0.097072870910828
0.112871580159144 0.0650672355823372 -0.231709841387484 0.0860977048178714
0.0573704681305786 0.167341773814642 -0.276646414757067 0.0240450573575216
-0.0498800748280332 0.20588812346649 -0.330097036723647 -0.106168779010771
-0.19216234685632 0.124991540441824 -0.375496919656873 -0.136481271205825
-0.290488345956249 0.0326757603892319 -0.450150341425669 -0.12204612701371
-0.393238032190819 -0.000577277490226395 -0.167227638765029 -0.170335259966792
-0.272734233340033 0.121931108968609 0.0826123662081374 0.0727536773064546
-0.125866606406589 0.252909621205319 0.339869723217409 -0.157794304616341
0.0332382869815816 0.255276490242112 0.174730498448048 -0.401916870433115
0.159880915608534 0.129746927382734 -0.183292045878106 -0.401470165143067
0.176070586356722 0.0355030606491999 -0.344266645688713 -0.193984427610185
0.198910051059622 -0.0588747431616945 -0.325210852604378 0.00223725853094203
0.182091022280813 -0.0964011573497507 -0.213623113639574 0.0900137898988534
0.197508748632313 -0.0866805403157374 -0.174659433993287 0.112411468854318
0.210156144737977 0.0253163317059804 -0.155616375806577 0.108826313219586
0.199551031009518 0.12403511871806 -0.170179909009778 0.131091957972799
0.089172897183925 0.299507836161258 -0.233900578983717 0.099962164948429
-0.11420852247327 0.331093641210164 -0.308303113268244 -0.0219852760254694
-0.325907322565209 0.164671828242426 -0.349305791952593 -0.0585991768493325
-0.452401455192442 -0.0147999891888839 -0.365852140216189 -0.0476984124544401
-0.512722391846719 -0.0841843525693202 -0.0104459887270916 -0.118546726778161
-0.456303323363917 0.0915539222236995 0.18609384726424 0.121077377645974
-0.285046255382371 0.353850546719094 0.436069407716109 -0.109543456954165
-0.0111443449043586 0.429085243016124 0.286403211231053 -0.389168770332657
0.2336287117147 0.24262274078707 -0.0993601471747412 -0.412767472785127
0.266393295208498 0.0762695999749358 -0.252375087610524 -0.212566586881314
0.294906139337428 -0.0565040887246942 -0.241417480198955 -0.0321108734817129
0.261520994343309 -0.123306906183562 -0.132637879778341 0.057005156657558
0.268990110549544 -0.123301859572331 -0.0840060177843012 0.0901289026070891
0.279355849961581 0.013290492030311 -0.0585728758234222 0.10801508088736
0.269416312213277 0.140103290837063 -0.0835086977740005 0.167197413405327
0.141418250260836 0.373673452243857 -0.170441445728501 0.166084501320047
-0.125705627794656 0.419442970362183 -0.269071376805204 0.0532716156949698
-0.394975211995461 0.207598814210853 -0.295480863429136 -0.00568518963966093
-0.547288001970653 -0.0421746763588086 -0.236971362223837 0.0185183745574059
-0.546881763170657 -0.164720357433032 0.16307655691004 -0.0294333156839719
-0.563884213855656 0.0162491856123207 0.294052666823534 0.189481479108146
-0.418797602817001 0.365751481171119 0.500936197129308 -0.0229855934068529
-0.0877072939954721 0.526693770244546 0.382165269536048 -0.312138219151489
0.252068801066791 0.328311545594949 0.00897894491389598 -0.371971498890499
0.311245456470858 0.113615592653906 -0.125858905561717 -0.203712953754366
0.344177305746713 -0.0431405699519469 -0.126497191100285 -0.0617685888554224
0.303563542649749 -0.131777080501671 -0.0333661751931348 0.0164042507798444
0.30212298906575 -0.144057011075482 0.0203009881393776 0.0527509212113823
0.309203486204178 -0.00593135973877732 0.0480110265430834 0.0913924074751107
0.299751387793188 0.130504226579729 0.0121154341509417 0.185027958590367
0.168762989435022 0.389763793885195 -0.0977386389416215 0.209221621626213
-0.121110865187087 0.444326394458881 -0.21945083547813 0.104778633124772
-0.407600183079609 0.21354678705812 -0.22874036861065 0.0119311334178119
-0.561928153527912 -0.0713619837118044 -0.0883020548628808 0.0648845610922177
-0.479913157466789 -0.206365347991583 0.320821391719622 0.0758688080894297
-0.548200884050069 -0.0667598926044065 0.380124876913328 0.25747525645412
-0.466336685621467 0.294685390978798 0.511707161441888 0.0763933130083157
-0.152311919495217 0.508407272277193 0.428390023561299 -0.196775797188412
0.215711486877376 0.347919535439193 0.113394633412814 -0.284037125010847
0.297166212208118 0.127454189703968 0.00814354144143003 -0.167894586450279
0.33609423094876 -0.0266739086293077 -4.52362633007813E-05 -0.0811629761389806
0.297701713126085 -0.120392215006516 0.0674783836009807 -0.025524900852978
0.294700880062689 -0.139672731493975 0.121756661123313 0.00973538551658791
0.299295176888631 -0.0150795667885946 0.149990645297936 0.0683580727422952
0.287176790623992 0.116720319776116 0.0997180836688296 0.191975053127102
0.154885996829181 0.365011910636485 -0.035862815125635 0.231949602494638
-0.126452652997546 0.405709042695326 -0.174814201428181 0.132768678909707
-0.382724809644876 0.170526444523931 -0.162419199279779 0.00727308594841533
-0.500376730343173 -0.108038033930323 0.054720891709035 0.0978947680534922
-0.32792663820123 -0.1996397326257 0.434878273747979 0.166732136088094
-0.419609333350315 -0.117469901575573 0.429319674575462 0.300631241607643
-0.397666559828854 0.178542947417137 0.470619534369327 0.151972314430297
-0.166054451552085 0.386766063947622 0.418980942500348 -0.0817011176259598
0.150255478556674 0.288508062808209 0.189547181371595 -0.181776405758389
0.232738402428505 0.10733479192869 0.124143391124848 -0.120891420632899
0.270985038810626 -0.0130059383534864 0.115501588411374 -0.0929743199892667
0.248533116623444 -0.092693684277344 0.155825538168528 -0.0622613540984523
0.246467029759734 -0.110571664260198 0.21177186527658 -0.0279783194613867
0.253751744793468 -0.0121489058726221 0.235383157638506 0.053509166524804
0.238277790091903 0.103141650159313 0.167805229916279 0.202796645580733
0.107368122895896 0.309009452928271 0.00510249057523104 0.248797760634616
-0.136758941702084 0.319392593643627 -0.144803989957085 0.149316360200229
-0.326836343515926 0.0919231803292438 -0.104908104551311 -0.00315644600293286
-0.373725419723204 -0.145590752040116 0.174191550065827 0.129004757365817
-0.119240954428018 -0.149420338466594 0.485514616584313 0.213906256551504
-0.214884759688087 -0.123331786684991 0.441126236892601 0.295518182764683
-0.240081986081821 0.0629163416531419 0.405680048113823 0.181478436318975
-0.122695705228747 0.211845791514751 0.379343654644917 -0.00683927509455064
0.0769355551000604 0.172955090065878 0.234576447505455 -0.103770427336462
0.134592532374439 0.0628149744810707 0.200920192617535 -0.0865516374337858
0.162463460562239 -0.00234833622946207 0.198869215856848 -0.0998281579359759
0.159611932168256 -0.0521203418455054 0.218379138016592 -0.0885479449715064
0.163901522538118 -0.065550360084643 0.279673981474386 -0.0515000647970717
0.1776331617321 -0.0045417697604198 0.296318663119474 0.055580028138044
0.163513745447067 0.0827840802699617 0.211663005009138 0.225507021817537
0.0485196331686953 0.22470069290772 0.0191483409299362 0.270450565040502
-0.132634791068269 0.200951933803487 -0.135885655328203 0.162943444456958
-0.235602438870228 0.00414807306491308 -0.0637180484234064 -0.00904077620551529
-0.201374747453973 -0.166195671824001 0.256927601572512 0.162383325652393
-0.0057249096678973 0.105585197119383 -0.355487307480875 -0.150973475727846
0.107510821428484 0.0359433894411868 -0.0320809974817586 0.054834649436869
0.10021651850786 -0.0518419829553513 0.183490629349076 -0.16216133132133
0.00146797735324639 -0.0949625388092235 0.0146880032504616 -0.328799297173413
-0.0560204570931304 -0.0375465078820406 -0.244963434293744 -0.301449714478969
-0.0493312429301721 -0.00248225104937202 -0.397655133352257 -0.105605859782184
-0.0520557357310978 -0.00916107765923012 -0.359152639686176 0.0669703942203994
-0.0444710091489938 -0.00720334577374526 -0.274180094624492 0.125840390096162
-0.0316359600743743 -0.0173614369951076 -0.25036457348781 0.124567905208299
-0.00252934285354148 -0.0290936890647161 -0.257074787457741 0.101836503739955
0.0309045632171875 -0.0398653778982058 -0.2633969476045 0.0704686741265122
0.0764932592946408 -0.00290286906605888 -0.310419361998872 -0.022568975245127
0.0847273009059168 0.0819481199489429 -0.358028057163813 -0.164584382158097
-0.00516541494146991 0.121455796892198 -0.386100860516982 -0.207032269887395
-0.0853080551365993 0.113278003278721 -0.48964213624168 -0.169834068034577
-0.217004262271703 0.076859618863964 -0.292419270816055 -0.176706243888571
-0.0711658297748528 0.105902477075698 0.00697781813126189 0.0537352310605609
0.013837668250016 0.110254558960835 0.249262168409338 -0.178974939901397
0.039468368215582 0.0706910369101406 0.0724310245062555 -0.382099847017953
0.0584956669598752 0.0290072823990077 -0.241658150622797 -0.353623724251477
0.0668760893187643 0.00408247364067854 -0.401377904108346 -0.142842788920301
0.0763679433975259 -0.0486885887710448 -0.366446258159864 0.0503396660163409
0.0740655380125343 -0.062605121400693 -0.262547297954569 0.122003688952961
0.093438115347914 -0.0536630393179908 -0.231920614419978 0.132103636497145
0.115096491559142 0.00821229422006144 -0.226213684464632 0.111833487972709
0.117887341015313 0.0609838558636165 -0.232015221656387 0.0978590992648219
0.0658219453254716 0.170085432500348 -0.280863132323023 0.0322308428004079
-0.0432212858472597 0.212225847481545 -0.343105004796664 -0.0980610879380117
-0.194379289592402 0.131826934928806 -0.385557297064202 -0.126743941652242
-0.29693706505516 0.0431363182543213 -0.463744664031202 -0.110109957877683
-0.401949024539224 0.0141852771111656 -0.174538959142806 -0.16956452180744
-0.274087599924002 0.133612087028271 0.0849990205203537 0.0730032766471015
-0.118853049507941 0.264646247863481 0.343987843250799 -0.171862202351424
0.0461809459135289 0.263214381874696 0.166149603306618 -0.418298502524252
0.169530613506732 0.125868479729259 -0.200426599076099 -0.399847796201036
0.183646536210886 0.0294659243225795 -0.359224737024112 -0.180636275104665
0.199525033919393 -0.0704706497616194 -0.328077058250469 0.0176595672841554
0.180661598789951 -0.109107367968307 -0.212273525574407 0.0987931285798593
0.197100084151831 -0.097418172310916 -0.169980915889553 0.123281630744039
0.216786212268319 0.0165111153622358 -0.153908497156967 0.120442543237557
0.209140218493963 0.117937570715811 -0.168177276242309 0.14186271525164
0.105408164406043 0.303221151740142 -0.235297176908901 0.109223282635787
-0.103337067203346 0.342767699919095 -0.31817165502022 -0.0131615829881873
-0.327613778038168 0.177977371679044 -0.357340060280442 -0.04963938111653
-0.463733094269429 0.000368164042520694 -0.374482077354631 -0.0371209001864169
-0.526111816487788 -0.0689147618934393 -0.0131605755447233 -0.12186872542215
-0.462114969177411 0.109714847224351 0.192762559532796 0.11719736156256
-0.277672025746981 0.373012919225868 0.443615403541422 -0.125188958833787
0.00781737630178656 0.44286503884566 0.281500946849703 -0.409445339980931
0.248280770162686 0.237377861193876 -0.114683668921536 -0.414250181922542
0.277094387560995 0.06779620403464 -0.26549278589896 -0.20597600599123
0.297187574868119 -0.0731354634497599 -0.244660038330572 -0.0206164059171356
0.260820958827022 -0.14012172699056 -0.131663363379959 0.0615532664639948
0.267587046858892 -0.137191390647105 -0.0792732472982843 0.0961222006454163
0.286871632221698 0.00017621228583332 -0.0554538287635217 0.113997679746293
0.280710588678496 0.130993619555233 -0.0779563734880833 0.175100942505888
0.16202140738555 0.377080676338449 -0.166412743804173 0.175808440203828
-0.110636564987503 0.434629572335081 -0.275156119845897 0.0632342169685886
-0.394758169823006 0.225415059014103 -0.302080805792398 0.00240587522011949
-0.560781569405135 -0.0228268578060887 -0.240239278091749 0.0265540913945699
-0.561893320412939 -0.148591911404395 0.167064007440668 -0.0366986282097919
-0.573607255204807 0.0361785295185542 0.305085211332234 0.183269043639063
-0.415080126638706 0.390228729764563 0.513115048502839 -0.0377354693701748
-0.0669360830088547 0.545274564128657 0.382315272139303 -0.335335637638726
0.270419715722334 0.323614785804444 -0.00230760216714013 -0.376353264245293
0.322859372076843 0.103973822643426 -0.135294077667827 -0.204099118465666
0.348343446534379 -0.0609887945950783 -0.128900939563745 -0.0560279652589636
0.302980565449072 -0.150154187858025 -0.0325631817966428 0.0159512938074735
0.299127784875254 -0.158730542981739 0.0245764077103088 0.0530632352771388
0.315773978093623 -0.020364464954473 0.0522137700203595 0.0919693451780626
0.311091901245926 0.120581376568351 0.0214432703861113 0.189924772296452
0.19128751968555 0.391786312534884 -0.0907066128050054 0.217484293608986
-0.105420342001694 0.458669041648471 -0.222300072249002 0.114275418042808
-0.406731375383768 0.232380465073479 -0.233215429832734 0.0193258738900753
-0.576911035848811 -0.0489051502527894 -0.0859047380462695 0.0682358742483067
-0.496122751112648 -0.194458479951019 0.331166052686195 0.0658378361137389
-0.562447557213833 -0.0475658775411043 0.395728693491226 0.248943461499707
-0.466312511018315 0.318130110928137 0.527063513295417 0.0633316837652545
-0.133335757904635 0.526783933728814 0.431373005168904 -0.218342687443368
0.233415872611076 0.345083288113478 0.107319316730083 -0.29091998493288
0.307174154656593 0.118487658353515 0.00342561464869721 -0.173616132327314
0.341147666682121 -0.0441126445697445 -0.00147012425428583 -0.0824529085590265
0.29839334488928 -0.138477194379719 0.0673887439268906 -0.0298488457634
0.290876240919484 -0.153878165062077 0.125903551448916 0.00524116421411208
0.304483024273335 -0.0293295500831475 0.153467969838495 0.0638977056219339
0.296290238569785 0.107586041894225 0.110041986926604 0.193527077594055
0.175147746263549 0.366519744836091 -0.0264294648683331 0.238950495762118
-0.112790515551986 0.4190858207219 -0.176024763265778 0.141464287747041
-0.382579114539403 0.187181710075803 -0.16647284436524 0.0116662520937791
-0.514234148147493 -0.0894317809149109 0.0606113791567552 0.096660454866879
-0.341099047740257 -0.192001583797206 0.450840143620985 0.156441402465652
-0.432807813548594 -0.105365528390382 0.447677514276281 0.291778832207946
-0.399122207076409 0.196670343934582 0.486331350794659 0.14217772170415
-0.151983498605881 0.403721262060153 0.425209460302493 -0.10113838510109
0.164163759318081 0.286723100261079 0.188263684310152 -0.190346862343197
0.239917550747123 0.100448868780949 0.123624167768184 -0.131365085011608
0.275200276424936 -0.0265257623154973 0.114955460357694 -0.0998739977089421
0.249030112781749 -0.107830820443219 0.155881335790244 -0.0699838218219155
0.2446325751236 -0.122953718484368 0.213267453973437 -0.0364649330399639
0.257525193764982 -0.0246620974033861 0.238734973889442 0.0449811752159047
0.246459611848364 0.0946485902619724 0.179061641431637 0.201683246997924
0.123079950572175 0.311584420141222 0.0155055971692677 0.255302108290693
-0.126303751853293 0.330642941399664 -0.143953495733859 0.157062494884127
-0.327251376937746 0.104126510334171 -0.109110704476916 -0.000569850332459384
-0.386961867575866 -0.132190968615206 0.183258426247773 0.123835885051392
-0.126990420939882 -0.148068408908618 0.504637688719522 0.206010120608345
-0.22388430496982 -0.117885217710057 0.45974030677656 0.287816926734177
-0.242347796063263 0.0727464506186156 0.420421854374447 0.174488348349841
-0.115383684303296 0.221931720484957 0.386207674765174 -0.0225889105342379
0.0844180371161035 0.17264407528249 0.236618954976334 -0.114804284472964
0.137017860089589 0.0593092223993443 0.20311455195876 -0.100148645141089
0.165249902690578 -0.00928494235357556 0.197238443218093 -0.111075989759151
0.160645382240323 -0.0601425881299392 0.218515267599013 -0.0984456124551279
0.16282552964049 -0.0732942432511034 0.280617729722745 -0.0631358495492253
0.180110718366494 -0.0122441936300694 0.301892639986508 0.0436064192716619
0.16897235679422 0.0775318860753944 0.224839147790785 0.222765283756789
0.0592238351115831 0.227181860885361 0.0294883377655763 0.276509301436397
-0.127054015371947 0.20877801987034 -0.134702223588488 0.171332814255909
-0.237464521432522 0.0110647169571031 -0.0672883532743472 -0.00836920266446596
-0.210830851706884 -0.159884046515807 0.269324612012636 0.155356521678125
0.0039308985155278 0.111290971935104 -0.383264448769577 -0.122137393715548
0.111289330453163 0.0214825903099377 -0.029262992848437 0.0693862513094681
0.0932481006961815 -0.0700702268617136 0.173927036903323 -0.175948876260661
-0.0163609217225816 -0.0996395474957083 -0.0130155891994036 -0.334565410649884
-0.0662828153268805 -0.0306416535597323 -0.28218219265499 -0.281967045432333
-0.0531452797858704 0.00818563411891708 -0.41464271628561 -0.0593840213912569
-0.0559511219175837 0.00137415351377623 -0.351325827226888 0.111361621227606
-0.0463101550046481 -0.00037197129909031 -0.263831485383907 0.161954371383116
-0.0330558512899049 -0.0133055104097887 -0.243595778603677 0.162088923278428
-0.00570369553538137 -0.0327990826262267 -0.255766164541956 0.141964977855332
0.0251048770325427 -0.047906796062491 -0.267390684491497 0.10535272267395
0.0804098342020291 -0.01781411210943 -0.332668023216133 0.0101953950272875
0.101508480328546 0.0664124401985429 -0.400578620812941 -0.135248536474223
0.0120888014393248 0.119624670376615 -0.422241229628867 -0.183169629140771
-0.0756436740646307 0.121684511141424 -0.521214614356662 -0.135547654181159
-0.209892854287681 0.113422682182854 -0.318627127992733 -0.170559004376503
-0.0558147321573005 0.117050599275367 0.00634209971768369 0.0526603487477995
0.0311754672258125 0.106251571520747 0.226770026991131 -0.208468192791687
0.0498428884503493 0.0608077340705604 0.0275719136893199 -0.396902343427776
0.0559618482584056 0.0194176917979585 -0.287653400419598 -0.327552598462795
0.0646080582751166 -0.000236875324333048 -0.424063908377677 -0.0922466778023228
0.0670131920244264 -0.060088367572765 -0.363425013952886 0.105437567135617
0.0655439045021927 -0.0714151880197255 -0.249870609295719 0.15642537698517
0.0859796294345005 -0.0682074990179321 -0.222619398852144 0.166495285226414
0.119270808012199 -0.0114919555064688 -0.224088274937007 0.148505230017494
0.126707081092736 0.0413653476534592 -0.23415484964125 0.131105816709388
0.0949029439838617 0.159177968294421 -0.298270484442267 0.0603152010657187
-0.0113814780961715 0.2162981016301 -0.373644664662618 -0.0738948275696559
-0.183684718077138 0.153055679550634 -0.402739076840006 -0.0929207836626632
-0.306463373906426 0.0723319514876483 -0.476691003176037 -0.0631977331345007
-0.402514648851199 0.0762522798185625 -0.19277048039234 -0.187587720183338
-0.253963362946737 0.173647799973456 0.0859893966984274 0.0508977167695409
-0.0781110671702199 0.280966964522818 0.311448223885248 -0.223579831895135
0.0886317973648617 0.253042996733044 0.103586424104685 -0.446664249414105
0.180543230372071 0.100326660596088 -0.256002346569468 -0.37105701168627
0.185544324814044 0.00928768715020389 -0.386067244243158 -0.13195264591036
0.188844957269523 -0.103208551446217 -0.333549805406058 0.0749915080186067
0.167685207264477 -0.132597318982941 -0.200104886627579 0.127164080593125
0.183349795392105 -0.126787600544229 -0.157748078940814 0.149609280668518
0.222559473573084 -0.0171815285981225 -0.149960102336437 0.149087779718356
0.225517555839671 0.0857286455354953 -0.164413931072818 0.171028004134024
0.153479951470105 0.289423562029523 -0.244116703906039 0.133207649085592
-0.0563363351249276 0.357846285039693 -0.337250982593641 0.00608993558940208
-0.31774365569245 0.218438460432226 -0.3565792226691 -0.0109777075813427
-0.487072434594233 0.0491477195069349 -0.368133682419884 0.0120832397826711
-0.535896307192059 0.00886644401045449 -0.0168524137253839 -0.163224076037376
-0.444896018939838 0.175294057921812 0.201674299665734 0.0733419403805722
-0.220748012530294 0.413137608746466 0.409442148606622 -0.201362221194587
0.0816136911585713 0.439168763692919 0.206005124686545 -0.45717033304151
0.276499321039646 0.200165628293169 -0.177385053879338 -0.389280413423646
0.284683474472371 0.0351836613827782 -0.297131916878625 -0.164589466034529
0.288062566451645 -0.122199481457291 -0.258283218511692 0.0311694675417513
0.244561974027426 -0.174246929934345 -0.121261952590878 0.079255241181237
0.247854423564287 -0.176859021928073 -0.0677006314434439 0.109453385775126
0.290360023350908 -0.0424141665117887 -0.0498002482254936 0.131397913329744
0.29854515995811 0.0910172128936973 -0.0665497617208993 0.197436328845875
0.220402780579471 0.355866373895283 -0.166152337950961 0.195918397152087
-0.0536919008326704 0.452917957801997 -0.284553942050653 0.0768851909007494
-0.381573889655965 0.276414887866175 -0.288312603841148 0.036159285292115
-0.590956372441193 0.0381345336597417 -0.21730070000267 0.0704300317666355
-0.581600163341503 -0.0679586429883153 0.17998085220174 -0.0942493049175637
-0.565231852527485 0.115961728623414 0.327544323051196 0.121226415714246
-0.355442553290962 0.450756966980852 0.488890457183492 -0.131045802683878
0.0245654417901925 0.552668521102641 0.308924657779294 -0.400572238011849
0.312112068958104 0.282321706626675 -0.0645199574908158 -0.361994209664044
0.335817072023704 0.0635166670062117 -0.166073447391651 -0.177350021293612
0.342656543917159 -0.119502345524919 -0.148902011878119 -0.0176255279563722
0.285480120393537 -0.189957511938718 -0.0266433327576923 0.0209958029819474
0.276671650040096 -0.203376396449961 0.0333607300539488 0.0518836704933873
0.315451352904945 -0.0658741911494818 0.059264602542258 0.0955843804710876
0.327064593867771 0.0770358993959212 0.0390696615699764 0.200941272032538
0.251169869130815 0.367488731807492 -0.0821582951625283 0.231249638803404
-0.0459159229357699 0.476607342092439 -0.224204808358091 0.124304949859618
-0.392453970294361 0.286838932821305 -0.214893688509019 0.0463125679540371
-0.611744740457719 0.0155901112384947 -0.0521566116703926 0.101487708774848
-0.520558727490606 -0.125932055574137 0.361006734819876 0.00102068598257851
-0.565387722781367 0.0272395687529371 0.432145695533353 0.180126276871379
-0.415074640183079 0.384776175492614 0.519369549367862 -0.0328248291707835
-0.044586316875391 0.545894963022426 0.374749652788496 -0.291326005098527
0.280863406365961 0.307192155946998 0.0550424995243621 -0.290827431442336
0.324158873326595 0.079696076871196 -0.0218980202930688 -0.164564497947147
0.338266139948821 -0.101254654601373 -0.0243178084945361 -0.0618979829167644
0.282455072729687 -0.178598201643992 0.0699548111306179 -0.0374657822552251
0.268499821031753 -0.197077380990281 0.131273746041349 -0.0102708821826827
0.302477631797196 -0.0727560843816216 0.161238878556471 0.0530711568370982
0.309213181265491 0.0672808301968898 0.131779398728913 0.194415228874989
0.230162855195115 0.343507699775541 -0.0121034526580839 0.248165969183218
-0.058198854172644 0.438513351152935 -0.17050116320699 0.148435172985664
-0.370751744571984 0.23744013477568 -0.149191452376334 0.0322667819087733
-0.551071917997392 -0.0318075047726116 0.098686056139105 0.116673512795414
-0.36494220045987 -0.146926356703196 0.490565161452512 0.0956233193892448
-0.44055414490268 -0.0490010886641729 0.492183086347999 0.227837508421614
-0.366535435374418 0.254449623607608 0.496555373449601 0.0580428963810307
-0.0816534982701768 0.424192108112137 0.390485970014677 -0.168864720652356
0.20521387791175 0.258031114991196 0.152158120834571 -0.202436348182338
0.253213396900441 0.0695636025424602 0.106017349176367 -0.139629023559371
0.275431647342751 -0.0731941324146955 0.0925042797954173 -0.0990361937617682
0.237157677119801 -0.142076394500436 0.154031357954323 -0.0895349072288399
0.226911950147956 -0.157958921328863 0.216742896469349 -0.0634375329407003
0.255465695032061 -0.0592078126042823 0.248752441570503 0.0219376949765302
0.256752610771634 0.0633547120608756 0.206658065429564 0.192796053156075
0.16788419299152 0.297025060588029 0.0364119588645281 0.259685712999621
-0.0855643444345743 0.350037032863429 -0.13438189658083 0.165453403573085
-0.325030690865449 0.144906804770154 -0.0958921405998047 0.0159750930767278
-0.423209126409283 -0.0873780915541311 0.22054972789424 0.130903786864818
-0.143607773614011 -0.135552515857697 0.545890038274791 0.156981552646478
-0.233195769602369 -0.0918407052968969 0.503483384015694 0.235807030211913
-0.226140986059522 0.105655305617881 0.441942225383432 0.112654083551998
-0.0750424758003911 0.236287015928602 0.373166784711687 -0.0791274120600489
0.109290309243928 0.154982782868158 0.216601060900292 -0.137679506716998
0.14487800417678 0.0401475719534363 0.191915271634125 -0.12160456175399
0.166936586480823 -0.0383502497439968 0.178159158469948 -0.128471841932399
0.154730776839391 -0.0831428532472862 0.21195751498149 -0.125969294782866
0.15299128058064 -0.0962274076734507 0.282029279364435 -0.0997582261691097
0.178191569195848 -0.0361323834468313 0.314164793246538 0.0123000296957969
0.176953322304196 0.0572148867951939 0.257791761094311 0.207864059193478
0.0894745636102929 0.220927454916108 0.0572504018430371 0.281906231570554
-0.103383285219345 0.226554127705639 -0.12020128981643 0.184168889221759
-0.242247655060047 0.0388595963251155 -0.0610628105470995 0.0043241434927648
-0.240786155316796 -0.136347652644629 0.30170791840274 0.149210533513224
0.0114444404365723 0.113478832934541 -0.397812719620062 -0.0909759122613606
0.112667883845284 0.0136052613187698 -0.0225378253861138 0.0767729633333761
0.0895239517942427 -0.0781200323623867 0.164276892187038 -0.194300440265878
-0.0241088544891025 -0.0975188488670381 -0.0389812785071244 -0.34012640011461
-0.0673439656449556 -0.0248923262084878 -0.308199109775652 -0.25988462368149
-0.0517499883840104 0.0129167044341093 -0.421175740155224 -0.0197290219111182
-0.0573982394846529 0.00702507438008887 -0.342544551146462 0.145791803452374
-0.0472973107103038 0.00331295117491724 -0.25101676838538 0.18650853967094
-0.0340617775293973 -0.0115727800499883 -0.229247680106673 0.187242313935464
-0.00860283435681839 -0.0329773385533875 -0.243496166136805 0.168986029286787
0.0211838804209094 -0.0515511434060437 -0.262056828203287 0.128832547119229
0.0810726682730239 -0.0242803387299062 -0.339124166312133 0.0370310808193407
0.108052962879375 0.0571732608700705 -0.418577352514863 -0.102600403449511
0.0174405726791194 0.120623218877212 -0.438521063099873 -0.152335154178235
-0.0667308636721339 0.129339619275015 -0.542448279697638 -0.0953301459795772
-0.204502325424887 0.133237734743487 -0.336410717466768 -0.146103712903893
-0.0475559334678387 0.123853641867261 0.0117434243957415 0.0560871450514816
0.0418453687712375 0.105753128610927 0.215201093596635 -0.231831215970153
0.058356949241805 0.0584937536941881 -0.00433984009668797 -0.405456384001661
0.060175703881954 0.0144798060373508 -0.317864435214252 -0.30525083998712
0.0671840842146986 -0.00698414958441258 -0.434204430260469 -0.0521908447323856
0.0612842229915492 -0.06760355603097 -0.354630783688324 0.139562283166938
0.0585515013543108 -0.0797609044327882 -0.23650012154393 0.18010542182251
0.0806583213514574 -0.0779598483522538 -0.206622796009697 0.189303459291156
0.120371209844802 -0.0231508507864204 -0.211466798998842 0.173024986100337
0.131531446590262 0.0301222715003984 -0.225009639077426 0.153423144261536
0.111885037333099 0.154295684688063 -0.298851211467784 0.0841113306682684
0.0069375213738353 0.219302372545089 -0.386833062164137 -0.0426242573715944
-0.177428321007026 0.17192648419205 -0.412735120075651 -0.0629728558081164
-0.305935029597339 0.0998304894037167 -0.489866797867043 -0.0279249618294604
-0.401444200213618 0.110908943267958 -0.210387802864062 -0.174979081686533
-0.24417839062932 0.198513439892476 0.0914117291193294 0.0472977843431846
-0.0535932543826809 0.293068228781532 0.300106764583067 -0.253539461218677
0.116657177164426 0.250168152240128 0.0683229419749711 -0.464934209448668
0.192818672574291 0.0860109701279188 -0.288737123261616 -0.352763532462973
0.190859220578723 -0.0079534405889933 -0.400124599383077 -0.097489914215415
0.179496191565561 -0.123154063463631 -0.325378875474677 0.106522521297609
0.155376977936539 -0.152461920951558 -0.190172563507888 0.144979204690181
0.173236344875627 -0.145653509353984 -0.14308959160826 0.165667169973333
0.224537506886463 -0.0388642023173355 -0.137182141697117 0.167027720205898
0.235709169838865 0.0664992695505697 -0.149901347412173 0.189292190793369
0.184500802551438 0.280360203729237 -0.23559345938027 0.154391198649934
-0.025195815718871 0.366832330129696 -0.344540282917902 0.0362471209820297
-0.305927833389904 0.248135230786897 -0.361018682852502 0.0172965437138659
-0.490878986920969 0.0929740529654002 -0.371957843558376 0.0409002892622855
-0.541937789552629 0.0541321206522401 -0.0314214888339119 -0.164259195542453
-0.43703250965109 0.215317587713105 0.208264243715037 0.0601995197798193
-0.188203501598017 0.43891116138565 0.401241678223842 -0.237111263791399
0.125722734648148 0.439981688332231 0.171612557297432 -0.483234579388285
0.297725563231027 0.177598418654004 -0.209804569429452 -0.377570553336227
0.293987105227688 0.00988081597635899 -0.313036355783154 -0.140222510162393
0.278107287272021 -0.151929583563681 -0.252482473276017 0.0546250318300402
0.228679464075222 -0.202635104475817 -0.115758934546133 0.0892250637354193
0.233328021321433 -0.202109081875816 -0.0557344933333609 0.116126614493101
0.289727942643097 -0.0705805713515314 -0.0371793092919626 0.139790544011706
0.310149956745069 0.0648541810606631 -0.0480061947898093 0.206705130267957
0.259187869592817 0.340841168247117 -0.151934259181261 0.211715321776182
-0.0125784053763599 0.462659683705146 -0.2859644161511 0.103239819122281
-0.362908043048013 0.312314499117692 -0.28897615634402 0.059766055476251
-0.597433560370615 0.0931082447525228 -0.21242784887312 0.0880121939386598
-0.594186676351857 -0.0204067276668802 0.174374802571112 -0.111224542165474
-0.563031886574365 0.165647502499214 0.33942958140158 0.0968795091279042
-0.319955911355964 0.488085637738633 0.486954145834238 -0.172031678403436
0.0789212322190853 0.560148661333227 0.280089198656789 -0.434478786764546
0.341391712441673 0.256747564234524 -0.0924500239078513 -0.358848571703982
0.347803013651996 0.0342671405639076 -0.182851104298881 -0.165699775870847
0.333669142204541 -0.154877338219888 -0.147059767348412 -0.00419487209753408
0.268778781314861 -0.222671609126738 -0.0249770966214074 0.0221153605707943
0.259440213135812 -0.231195215976186 0.0403838141193887 0.0485411213205361
0.313217631489645 -0.0967098507801423 0.0691407389765265 0.092747583885434
0.337296232868042 0.049542579126025 0.0598480428587417 0.201202785369349
0.291666806810351 0.349060939452273 -0.0634008334022243 0.241332061813094
-0.00118461922859452 0.487193509740892 -0.220254883117918 0.146125596019644
-0.371857014037703 0.322722257351199 -0.214966154077702 0.0639406004964145
-0.617718536020524 0.0721067001436028 -0.0428628862385716 0.104877535585184
-0.538307924802283 -0.0834057112787785 0.365805088083413 -0.0272540802854649
-0.571211469347309 0.0755547753062941 0.449257202364213 0.147852021204472
-0.387493986160537 0.42648891769406 0.525877026778877 -0.0741204459554965
0.00696051676588436 0.559066782888219 0.353991855617053 -0.328517749137177
0.310971709047229 0.284963738821342 0.0336593083237818 -0.29687497775427
0.334842630891053 0.0518578503143576 -0.0360699652158066 -0.167093577027655
0.331790574308342 -0.135382711340198 -0.0264498746937358 -0.0610151827082282
0.266804140827605 -0.210401031152045 0.0669151262533573 -0.0461786658803066
0.252498930836334 -0.222954137840661 0.132115462986526 -0.0221030682276038
0.298575869469198 -0.101690908652523 0.166981896025293 0.0403605998230683
0.318473399117809 0.0413243656857934 0.15360434465378 0.185685745050765
0.267059643300624 0.327473625199099 0.0106005325827889 0.251852287360235
-0.0185035832383339 0.448259265029157 -0.16421613649471 0.167290302819831
-0.35573716237648 0.270363381406536 -0.149184875748774 0.045976178048506
-0.560187452511522 0.020401007853621 0.110294193814822 0.106876002708451
-0.382364465952302 -0.118775081346817 0.506104088086058 0.057784399679905
-0.451807224104676 -0.0124345216946806 0.514451257789473 0.190127479547205
-0.347950719819871 0.289239068075165 0.50850104731405 0.0202169940236854
-0.0432921831103092 0.437929767541059 0.380489387592449 -0.20507629942826
0.228839134233686 0.241709921197043 0.138226627983269 -0.216498265090466
0.261950001289098 0.0488413713938977 0.0939978366341027 -0.154044492853932
0.270143959484491 -0.100935627271173 0.0856173710571465 -0.109237600292162
0.224525244750598 -0.167773382659659 0.14719441648736 -0.104503448769964
0.2140373680541 -0.180448472604216 0.211781185272174 -0.084522887786591
0.252068726821744 -0.0843029049117891 0.251253720769916 0.00183654889524786
0.264487504224528 0.0418493762891667 0.227867253931345 0.17750931076598
0.199120037802695 0.28536380024015 0.0605637166583016 0.260861687105378
-0.0539443802667533 0.361228624931969 -0.12436335655272 0.180641185409342
-0.314642714240177 0.173204577020876 -0.098333550267992 0.0238526199890665
-0.434888868857999 -0.0497949761175095 0.234942493398864 0.110994163058725
-0.157651530214869 -0.125130603653373 0.56811174100429 0.116595945865658
-0.245098181062802 -0.0734313604061521 0.527535629325396 0.1971001429975
-0.219661026135644 0.125913207903587 0.456981961140004 0.0802191922091667
-0.0538155793583433 0.245445794910609 0.368990751942296 -0.111399135590363
0.123536284504372 0.145722854482633 0.208048082103905 -0.157235440480443
0.149016287250746 0.0291212821046024 0.183062509376223 -0.14375851075879
0.163662113234228 -0.0550369608080519 0.16746470735891 -0.1460056452163
0.146980089736549 -0.099786465198027 0.202148442311256 -0.1466082508563
0.145828616475058 -0.110532979700686 0.274507599760157 -0.126206816331135
0.176892692590146 -0.0532173081595989 0.316018284912712 -0.0142390941221358
0.182919822030484 0.0419882139744874 0.279646740248157 0.188823673619799
0.112849049963256 0.215627819792953 0.0818213023351999 0.281047426687085
-0.0828027513812209 0.23686031884397 -0.108855660913906 0.197329436186123
-0.240961258730835 0.058222655134867 -0.0641165476931743 0.00867732985627038
-0.254940564266979 -0.113605272476512 0.318766961057576 0.122801071856383
0.0195721297164258 0.1120562535514 -0.397764323117209 -0.0545849272632695
0.109824678354755 0.0051473670137653 -0.0115215064828751 0.0805753872295446
0.0812990787523149 -0.0836253288836484 0.146875187694937 -0.207612045265978
-0.0306764884440308 -0.0929878730436607 -0.0674255664585896 -0.333114354482381
-0.0661982282065212 -0.0186773639842141 -0.324899506568421 -0.22688859838905
-0.0475852377396585 0.0167551282342246 -0.410661854295696 0.02173078984253
-0.0558257215766497 0.0128642187951539 -0.320061292762411 0.174415317494389
-0.0464776913349721 0.00752295332032354 -0.227953645783902 0.20566282220352
-0.0351209103152415 -0.00860081394042165 -0.205484691702991 0.206095605745634
-0.0112932093726986 -0.0322152525100643 -0.221172023734861 0.189647965204385
0.015386855589217 -0.0525066094267969 -0.246041712425109 0.149933981921673
0.0780086579677778 -0.0300135829571494 -0.331800333486999 0.064127442796952
0.110104177252058 0.0460414027019407 -0.42034500319659 -0.0631763673036705
0.0231346825976565 0.118596121798559 -0.440780963166322 -0.11467674647018
-0.0551313161469355 0.133189151190162 -0.54245890936742 -0.0503084062407155
-0.189900208819419 0.149955508167694 -0.343492427075258 -0.115645753814317
-0.0378990501426074 0.127776713212965 0.0183619788500843 0.0576028088606579
0.0520671422678804 0.101552460141531 0.194335515091051 -0.24758196511689
0.0656066899865688 0.0533236721654881 -0.0383215542793232 -0.401171351112469
0.0622251100990187 0.00921409733981234 -0.336405546784446 -0.271318328745797
0.0674186040245461 -0.0139968822256617 -0.427520553817525 -0.00964534185573005
0.0522575223197897 -0.0719074063474102 -0.331293757435942 0.168901475205406
0.0482012845203335 -0.085113250254139 -0.215554076063887 0.196698745933392
0.0718374005927399 -0.0842835489042788 -0.181434484973131 0.205340198968715
0.116207526873825 -0.0347377255784777 -0.188124729637758 0.191056677482157
0.132155000619542 0.0172941056239469 -0.20697766896871 0.171723765354835
0.126823214269148 0.142382795394963 -0.28702920370007 0.107149721363013
0.0261088776624064 0.214106220897226 -0.38549308560024 -0.00769637163409318
-0.163874590431281 0.184733056025711 -0.407776779533375 -0.0286605325232242
-0.292667345926009 0.126467583647733 -0.484470092921093 0.0133948134499025
-0.386118092997148 0.144899197053304 -0.2220358083714 -0.153947130505309
-0.224103426457226 0.216348804887721 0.0939569931551994 0.042145364516159
-0.0251711570178666 0.294513200319178 0.275517026844587 -0.276167437237734
0.141154930063712 0.236706419164931 0.0272792812423719 -0.465118195670667
0.19841246230993 0.0677886911056731 -0.310690372294487 -0.320161246675554
0.18875494148855 -0.026200573854801 -0.399884076707465 -0.0581031795503264
0.163024301698237 -0.138395710105787 -0.303688438314945 0.132617639991446
0.135162884846039 -0.165926433226353 -0.17252827653497 0.158298625607491
0.155076867176719 -0.159985709424716 -0.121525676778866 0.174968382994043
0.216447042344438 -0.0606398642726349 -0.116220792135995 0.178251151408887
0.237913005925727 0.0434032513137405 -0.12884723744138 0.199513816911388
0.210628358988448 0.258538057814466 -0.219361899127507 0.171203157406519
0.0085765915636351 0.362142890665052 -0.337755032243128 0.0670984427570268
-0.282074400868268 0.271008287278433 -0.350920890422815 0.0454077985608902
-0.475807107689895 0.137201602227879 -0.362117694113665 0.0716981574619072
-0.52961971623669 0.101159272654222 -0.044840481089697 -0.15916101282139
-0.412648752841219 0.249316722756014 0.208970301506089 0.0435282628835602
-0.14446988196504 0.45030319676534 0.37753359823684 -0.268796359827522
0.168585318656034 0.422005382826348 0.12671204956229 -0.49239556338988
0.309112005346614 0.147289453391398 -0.235289257931095 -0.352151987534337
0.291254489388626 -0.0187602917737359 -0.319438244544814 -0.109906839650625
0.25654100759992 -0.176893653459526 -0.237802353887056 0.0746830212941862
0.201911007499311 -0.223312170406225 -0.104761890670031 0.0968397588094516
0.208585727797943 -0.22001330373391 -0.0413863425993982 0.118039191140771
0.277203952562846 -0.096856160156989 -0.0217315919477569 0.142097443924668
0.310076413532198 0.0349654820127089 -0.0259148534307269 0.20732364815696
0.290236053459956 0.310262033302785 -0.130201328606679 0.219887110818915
0.0315120919304804 0.455289991808777 -0.274924032938639 0.12955821746595
-0.331147565848264 0.338217747944399 -0.278597780327815 0.0822241080942657
-0.578556544304545 0.146979043234991 -0.201110370439186 0.102429829822556
-0.587374947038589 0.0309250552249686 0.161695447776545 -0.123835608449936
-0.541327304364876 0.210769038522817 0.339691898418282 0.0685599404118408
-0.27051627066504 0.511021006217248 0.466371805350066 -0.211605102970809
0.133333767751386 0.543768297182825 0.236295710655418 -0.453262371106692
0.358227185217819 0.221587748186201 -0.118045565703866 -0.343902213743393
0.346629084204624 0.00138899279227883 -0.194749606405352 -0.148276145558466
0.309348351129204 -0.183842206438239 -0.140285718714648 0.00771119716869614
0.238390011223055 -0.24666115611086 -0.0228756914520179 0.0225644874073519
0.231288541376099 -0.250854377457228 0.0453021093561691 0.0425818699908011
0.297922142284712 -0.125079908539048 0.0763604942112805 0.0862472662897333
0.334889467778923 0.017574836411409 0.0786983089345087 0.192649425638746
0.321534613416112 0.314038768697379 -0.0402269860997341 0.242816519444194
0.0442149661653269 0.477798164581571 -0.207537438791 0.164530285188412
-0.337601766839005 0.349206594114924 -0.205846982296857 0.0816923491634766
-0.599452984441269 0.129259076578082 -0.032769973159072 0.103265284397886
-0.536239815847899 -0.034933487173479 0.358045162698013 -0.0577708527860964
-0.555719623545411 0.123174221825896 0.452819044476818 0.109788211531038
-0.340964671361568 0.455146874412447 0.512264856978222 -0.117169232821005
0.0628004707584588 0.549084826460765 0.318234841999344 -0.35503400272612
0.32973298976044 0.250882318675352 0.010065189009762 -0.293139731699813
0.334694578217995 0.0203556893295411 -0.0513882137174735 -0.163408315022966
0.309691716314647 -0.165466230917685 -0.0284197821870491 -0.0585477090789034
0.23874779537681 -0.233958257587419 0.0608403268138435 -0.0512567417480832
0.224705374569098 -0.242847810809283 0.127309986519994 -0.0351984180540261
0.281971730802914 -0.129236478309438 0.166818618602606 0.0267281625386603
0.316383192394457 0.0113154215543055 0.169015047619838 0.169025870235025
0.295483484272153 0.295828159559807 0.0331776888580779 0.24667780360906
0.0243355356347138 0.44087956356022 -0.149408038429953 0.181337731625668
-0.325038213791794 0.295165121192381 -0.144643441966002 0.0579397681523034
-0.546282948575591 0.0738514023010026 0.118982870850598 0.092529383569445
-0.387472367627862 -0.0835971182029876 0.504801677999799 0.0150038386815536
-0.44612003892862 0.0286069432198342 0.520862585922563 0.144574151285722
-0.315819260778404 0.314659640405277 0.502714484412071 -0.0213549649844863
0.000141654052827957 0.434483203190676 0.354579523330565 -0.234566498616692
0.245323860973612 0.215045977278768 0.119362799948972 -0.224117301945248
0.261926291749594 0.0246527002122776 0.0783408929546984 -0.162697852789315
0.252931854785099 -0.124920840913373 0.0752310968972784 -0.116601583975798
0.201789910759292 -0.188513806190912 0.133024008864622 -0.115945298900445
0.191417501312147 -0.196868808216604 0.199426302648824 -0.102144824583129
0.238869306803308 -0.106963148622935 0.244039102942953 -0.0199693082155293
0.262555746634996 0.0174022966597083 0.240877615860138 0.153586497050297
0.224434703607565 0.260056220161885 0.0825840629588433 0.251156175279717
-0.0184088059148381 0.358418928343995 -0.109759310523791 0.190421773211863
-0.293671765358409 0.196343519712312 -0.0965669926911294 0.031916128838321
-0.429922541516611 -0.00557191251005504 0.241115288924695 0.0856405160042324
-0.166745743904777 -0.109313513691994 0.571266367870387 0.0684614669735345
-0.247513484110567 -0.0504715961528242 0.534307845122466 0.14886745158751
-0.204291746538422 0.141632758236269 0.456466611229527 0.042759320157042
-0.0293592196582311 0.245559198240155 0.351350095053603 -0.140935515520678
0.13269624206698 0.130288039645096 0.191153264168898 -0.171606798603854
0.14779123888382 0.0161460173528009 0.166136546664986 -0.161242955583221
0.154019405653175 -0.069531271912272 0.150550830477576 -0.159657045469516
0.133776786346379 -0.113499421998018 0.183594622008033 -0.160624946585743
0.131934351963734 -0.121818253259822 0.255058301169579 -0.148393459826188
0.168028179574109 -0.0691120115112975 0.305615601446302 -0.0411586105873652
0.183395096067083 0.0252835768015173 0.292475981076779 0.159914710338909
0.131850782526911 0.200139539864299 0.105160129044327 0.269245821151046
-0.0593227029096408 0.238115084054429 -0.0924793915193253 0.20527669863547
-0.231451567792225 0.076741080072018 -0.0649868937026834 0.0140427262272081
-0.259200467356496 -0.0865291458930945 0.322848533124259 0.0899483297477205
0.0252424928934179 0.108336399436885 -0.386689020358279 -0.0279693742472618
0.104316118266209 -6.92475979999019E-05 -0.00245863064818718 0.0802100159745138
0.0739923981400179 -0.0852289598688362 0.129736822610317 -0.212722297871359
-0.034657570304595 -0.0877211078989964 -0.0868849119147396 -0.317720844155499
-0.0628008445678438 -0.0149175365594208 -0.32608146330871 -0.197302006715622
-0.0425250122587965 0.0183955051864043 -0.389120939773656 0.0494296346897357
-0.0528404290802638 0.0166041547284399 -0.292596253357641 0.19022431877175
-0.0446408200357912 0.0107663054430177 -0.203395555261276 0.212475553779361
-0.0337322168802957 -0.00575396821212376 -0.180250032583468 0.212381700129873
-0.0131539743972186 -0.0298824524960396 -0.197209070315891 0.198541256098426
0.0105463852685737 -0.051596081192454 -0.227999093591596 0.159866586261221
0.0742910218657727 -0.0339553950928066 -0.318200416439017 0.082293284371459
0.107714360803128 0.0359157910242177 -0.408466537629376 -0.0325002098726099
0.0263216867514746 0.114926291855579 -0.429016307345815 -0.0869945366316048
-0.0451221824746496 0.130890852183715 -0.528317183643172 -0.0155931611065559
-0.174497790267489 0.15849746404214 -0.337057413547756 -0.0894035452230593
-0.0294306128934312 0.126724291470197 0.0236809021961127 0.0571370249120238
0.0585671331626989 0.095651933718763 0.172113371824956 -0.254420967685057
0.0697125880431707 0.0470040554510701 -0.0636475971738405 -0.38613967890336
0.0622777295954611 0.00443523013203941 -0.339936595919751 -0.239651207052502
0.0656026426373653 -0.0198226418809389 -0.408321488948712 0.0209351817607069
0.044704028474288 -0.0727972285468366 -0.301911068882967 0.182969557896593
0.0388233950755864 -0.086144322331996 -0.192941304157572 0.202401765549359
0.0622089967495974 -0.0871852645248055 -0.157270911438711 0.208658021404987
0.109314145098533 -0.0427609816959611 -0.165940372325831 0.197910603886865
0.12757222855111 0.00733423886782547 -0.187405008383366 0.178585626461304
0.13419775005502 0.127411994596037 -0.271769278417675 0.121318278455898
0.0380926179054747 0.203722106153701 -0.371600560348658 0.0200702771172906
-0.148815160741261 0.190274235003105 -0.392948556507369 -0.005395905173883
-0.274233082459975 0.141832376619014 -0.46687203058832 0.0408480183568043
-0.362250935883141 0.165701793821208 -0.223692947707673 -0.134554601038475
-0.203134054275774 0.224144309978419 0.0946942561728974 0.0371339242801598
-0.0028880796256778 0.285692814769137 0.24993017813233 -0.285298861696284
0.156379260331093 0.217846975841354 -0.0044733431604181 -0.451985062563757
0.196647562934513 0.0512569010762567 -0.316332620443398 -0.289407995886324
0.181802048183255 -0.040766021780767 -0.385798685598533 -0.027891537182979
0.145005308745228 -0.144580727695027 -0.278491745709188 0.146195694546682
0.114834589688948 -0.170537912613699 -0.154420412949348 0.162569155890289
0.136704728591846 -0.165518516019132 -0.101941965236977 0.175852408764361
0.204144464101756 -0.0747179115862083 -0.0965933274869172 0.18012623070102
0.231779955955937 0.0243618168592194 -0.109040150204581 0.200087558259376
0.223636812898727 0.233649706692504 -0.201257095890086 0.17786558337921
0.0327213353659524 0.347582824228962 -0.322588912714122 0.0884186107767015
-0.256093509844003 0.281305275243044 -0.333433245792781 0.0637761551415396
-0.448560738125384 0.164908199569251 -0.343840031457353 0.0890981182466924
-0.504569372435522 0.132093477796688 -0.0533947882520297 -0.149747889795345
-0.382393982431685 0.266201610965428 0.203856016963798 0.0322085141488657
-0.107994421049181 0.44326544089251 0.347843680764514 -0.283754094223958
0.194985240650881 0.393438385058248 0.0902698476842671 -0.483881483001528
0.307734216932367 0.12097836487703 -0.245302875803135 -0.324876830113857
0.280733825902491 -0.0402479779787291 -0.313976698746519 -0.0845395373920076
0.231043273425591 -0.188849882518049 -0.218443716666552 0.0851589460083317
0.174079038981742 -0.230752290669435 -0.0944030996263921 0.0990428854319042
0.183509027346151 -0.226647328738889 -0.0296952016239584 0.114624205894088
0.259566791760184 -0.114098609436115 -0.00869550765015593 0.139167534375929
0.301015413181491 0.0116437492064225 -0.0100541507943588 0.201182761818325
0.303512297709045 0.276845921235184 -0.111456935874199 0.219811230904763
0.0623055724697144 0.435130687097703 -0.257919932303138 0.144922267109673
-0.299270003127294 0.347902427641663 -0.261994085113528 0.0964883863035739
-0.545848132194677 0.180534329952762 -0.186328207982576 0.108548326679872
-0.564206291519352 0.0680131433232797 0.148367507220405 -0.128534154494635
-0.510441690661882 0.239516201668162 0.330871529328874 0.0477660208847224
-0.225575727093838 0.510248746357499 0.439433193657213 -0.233347457520168
0.170596831098986 0.513477439250169 0.196919911186385 -0.45231438404997
0.359383463045468 0.187867058157021 -0.133390876182854 -0.324718801959823
0.334740466426908 -0.0236381556664436 -0.197595925934186 -0.130626832800267
0.281964739586588 -0.199541961070913 -0.130729507758363 0.0135246209026173
0.207544711205018 -0.256249915176439 -0.0212770395137758 0.0228083923377279
0.202267095778582 -0.257718330546263 0.0468028547614735 0.0363478170238854
0.275005183845699 -0.141311210952027 0.0802943441027918 0.0790249315078258
0.323762361093054 -0.00631988815649748 0.0896256636051646 0.17942551604412
0.335528040255641 0.278609984632774 -0.0225014243300593 0.235268932182863
0.0772597731927785 0.455221131473328 -0.190441884865878 0.175506232284306
-0.303202562664609 0.358609402963711 -0.193138961889387 0.0911823243721303
-0.566516472103585 0.166525870764304 -0.0247052712906229 0.0992921644015863
-0.519823507944938 -0.000210591242091017 0.341684415465866 -0.0768543037160038
-0.52933677003909 0.155370213657767 0.441032451006508 0.079300150105702
-0.299502102632097 0.460965929000636 0.488439378430753 -0.144557031527294
0.0998834035447013 0.523713859406732 0.283136617905293 -0.362321627550558
0.333903336766514 0.218536425189578 -0.00672786580531549 -0.283775350899455
0.324286870597175 -0.00550293816565383 -0.0616911849548036 -0.155893783942347
0.28363392832748 -0.181532348912922 -0.0287937518250139 -0.0572243652738644
0.208657356891509 -0.244359725399442 0.0536716885571145 -0.0544641162181906
0.197396037038335 -0.249529633006478 0.119121737248558 -0.0433254830587062
0.260568015058894 -0.144069896795407 0.161467914579506 0.0154204893377533
0.304520526488872 -0.0107916391620871 0.174855276698725 0.149615824494359
0.307949539179413 0.261951630749369 0.0482547940579928 0.234609906056923
0.0555092126738011 0.420846562995727 -0.133927387107438 0.187242300743147
-0.293617415098329 0.305076051635835 -0.137061891039278 0.06538156893989
-0.518347038762485 0.110416260110439 0.119874683769563 0.0790665170191236
-0.379456488301253 -0.0544380045664355 0.489075583347282 -0.015343569050852
-0.428781058440633 0.0569480672854236 0.508425304315371 0.107206260001464
-0.281930293172627 0.32407192278468 0.48459461440055 -0.0509388157576627
0.0329191170853922 0.417174901587729 0.324418279038337 -0.248564212543708
0.249367098000145 0.190120931071562 0.102388059018356 -0.223374021338818
0.253541476892413 0.00531991191279637 0.0625089074859149 -0.165091302872902
0.231962402162726 -0.139571144388995 0.0655381303820953 -0.118164843336866
0.17812320275283 -0.197227057420852 0.119347660701759 -0.120097369964135
0.168972611423934 -0.20313831294677 0.182671007158441 -0.11153371035237
0.220439100025503 -0.119804628975251 0.232312895386735 -0.0341165840581081
0.253533813654258 -0.00169891404203053 0.242904572909016 0.130347157107423
0.236271399067224 0.232933939372948 0.096069423486827 0.236049821863927
0.00817818873510108 0.344466968561224 -0.0949338131306098 0.192788017450907
-0.269081304261478 0.207042908164267 -0.0929633295322114 0.0374695155034864
-0.410556345166935 0.0252418739648859 0.236304941825067 0.0650455865632264
-0.168331645267527 -0.0926665488639336 0.557386484210256 0.0317596398024154
-0.242775817606477 -0.0315297646573026 0.522481434247061 0.11106832547304
-0.186896136663943 0.149677297969947 0.443302097923031 0.0146868141541736
-0.0111813785210285 0.236893469841805 0.327786812988088 -0.157062932974638
0.134021986964507 0.115495329012596 0.173340600795676 -0.176805144241451
0.142634572419166 0.00637671312415287 0.146994878153059 -0.168671992270337
0.14130254194048 -0.0780043496297075 0.13353050156883 -0.163713438016861
0.118803124585075 -0.119934295311581 0.164250625109935 -0.16667647384159
0.117596305669192 -0.126394029008925 0.232949695558208 -0.158915805104588
0.155166586348827 -0.0789019993491019 0.287695551074941 -0.0584606471712204
0.177409930454658 0.0121004958429349 0.292096035416399 0.133510653120343
0.142123229762849 0.182621571240718 0.118674781730818 0.25186994915969
-0.0396514793130957 0.231226086240626 -0.0777636554359661 0.204676672249647
-0.216816422269916 0.0874055223209828 -0.0638662911667632 0.0174135274184392
-0.25242058219811 -0.0636693332133186 0.315234085166927 0.0642859276070302
0.0273796905394125 0.105952396112789 -0.374423041561857 -0.012049301094881
0.0996921373261621 -0.0016036164332354 0.00406263323809983 0.0789613405375312
0.0692985624197241 -0.0849737245793395 0.117379772558072 -0.213657827634646
-0.036098770860684 -0.0837522070248633 -0.0967766847777217 -0.3055498698211
-0.0598788420065163 -0.0132083704424811 -0.322075064394498 -0.178777816860828
-0.0392941379294418 0.0184068769107582 -0.36934509917693 0.0642753714207771
-0.0496274193171272 0.0193240047008711 -0.272793918739293 0.195131339960135
-0.0426945452944311 0.0123952182768076 -0.187315855742127 0.212920467960186
-0.0324181809888354 -0.00483145652831726 -0.162953263776357 0.21284308383801
-0.0138804935570223 -0.0288389919511644 -0.181662790495836 0.200550991906388
0.00718183442827292 -0.049969007293816 -0.215567876297762 0.164391439275437
0.0711088669908269 -0.0363197999404204 -0.305878278007573 0.0913809834645866
0.103365673234472 0.0303388457393731 -0.393748956382791 -0.0162804248116874
0.0272003268051894 0.112587530881136 -0.415845027584694 -0.0732116024766125
-0.0392981792279722 0.12864424628295 -0.514864869636369 0.00288925512397366
-0.162944167606241 0.162735059062839 -0.32972916770496 -0.0755112985418002
-0.024506267639484 0.125615937214569 0.0278225689884402 0.0557151990740498
0.0625205009136666 0.0911664937334898 0.158096684480314 -0.255348055578795
0.0718709237018724 0.0421883886231497 -0.0768024123496287 -0.372525678802642
0.0621343152130368 0.00077091596646919 -0.335434103115646 -0.220058404540625
0.0645877281032254 -0.0238458064966917 -0.390860962851203 0.0370308597425506
0.0387935221897973 -0.0714095513286783 -0.281538003396361 0.187892549061971
0.0315844204150039 -0.0855707992660258 -0.177085599298999 0.201957158502755
0.0558101964485804 -0.0875617019913636 -0.139225984674529 0.207347907601817
0.104389852729454 -0.0462048253498003 -0.149004313434331 0.198070106506921
0.123772045976465 0.00158021687601017 -0.175542586717299 0.180127710260397
0.137460511704981 0.117253527563932 -0.260523969644674 0.126743262866558
0.0439910880318167 0.195667685327515 -0.358936154684654 0.0335170267077939
-0.139507728695453 0.191906216701807 -0.37716084397737 0.00536169103775685
-0.260114560161271 0.148267857310581 -0.451341624849467 0.0540119674022168
-0.34516817982363 0.175971940901582 -0.22144559564386 -0.122981298844224
-0.188786258398049 0.225956566516827 0.0944044659740222 0.034717763763218
0.0107189362119933 0.278222779855479 0.231842493469869 -0.288440580829422
0.163380114141754 0.203890255521629 -0.0220775417134744 -0.43905169326344
0.194188221571494 0.0411350443565114 -0.314879402517528 -0.269792836436809
0.175418518820793 -0.0487868574020426 -0.372313734143641 -0.0112397202212992
0.132169432279108 -0.145284181192953 -0.25871153354769 0.149419008696105
0.09993767479191 -0.1710408103172 -0.142362523118959 0.161884243376569
0.124398683278585 -0.166140784847398 -0.0883790087008618 0.171858483717871
0.193588003350489 -0.0814144813592385 -0.083778278670274 0.178773845506883
0.224463505467882 0.0135640071382307 -0.0974447398838874 0.198218503513725
0.229020708086229 0.214975847644457 -0.18992377862051 0.179255506533451
0.0454268747731502 0.334678625818493 -0.308925892485192 0.0996834399466251
-0.239187110186091 0.283227507156198 -0.318440456281946 0.0708354313948633
-0.427537553726531 0.17789218935933 -0.330410961258538 0.0966786748289858
-0.484455563475506 0.147745913604279 -0.0568061459190565 -0.142969456824706
-0.361880181649349 0.274025032965971 0.199349425993626 0.0264100203425656
-0.0843547272653818 0.434928383050251 0.327505201195023 -0.289744134784019
0.209067769164533 0.372417878778145 0.0678483013385216 -0.47342420600946
0.304225513495579 0.103639165624201 -0.247294049439394 -0.307638744171951
0.270835593402277 -0.0530467570125736 -0.306883577931053 -0.0692282396951812
0.213125325176093 -0.191157518350959 -0.204328464833987 0.087926665423616
0.153864528555533 -0.232040318867797 -0.0871000995050665 0.0990983062166773
0.165401227364308 -0.227475128309691 -0.0219709772389309 0.110200089741982
0.245294649233366 -0.122193307021444 -0.00127174412665404 0.135539504739819
0.291445447554673 -0.00182070682090182 -0.000860456147480152 0.19443108240386
0.308611039897403 0.252396532936058 -0.100662579043599 0.216823963343238
0.0772817162497128 0.418247326139346 -0.244735873944288 0.152592666106891
-0.276960864353767 0.349172143912113 -0.24950536072266 0.100414320392252
-0.519944926050478 0.197495283400166 -0.17725678670389 0.109261048744702
-0.543847190869464 0.088017907517374 0.139119915095978 -0.129266230847543
-0.486786718869381 0.252093562896268 0.321760542487003 0.0363228987690833
-0.197585162112347 0.503679880830837 0.417747275919161 -0.242630837516236
0.188808874119254 0.490317310116472 0.17295736951889 -0.446692515640567
0.355809973446928 0.166902461492661 -0.138886736425217 -0.310613674153805
0.323187376554071 -0.0389097394889162 -0.197742812662006 -0.11927218250363
0.261744740082129 -0.204942681265201 -0.12233327180011 0.0150967727682673
0.184184123565364 -0.258509411991992 -0.0203301366908022 0.0222493684687177
0.182983282908509 -0.257572613755139 0.047628273555874 0.0327608717914264
0.259144938074875 -0.149293849059518 0.0817832025156416 0.073789006269976
0.31223259742432 -0.019891267705287 0.0949124848300526 0.168953414987628
0.338884097304853 0.252331292774273 -0.0132820366177647 0.228394631225178
0.0943181358508382 0.434887477239927 -0.17926039160028 0.180470807826677
-0.279066964251811 0.358955149277844 -0.184349049021656 0.0943448136996559
-0.538833708614328 0.183803940186939 -0.020884620446307 0.0942591529309113
-0.504184327441529 0.0205143314960603 0.329257414732884 -0.0857500130478696
-0.509291546843983 0.171962687040839 0.429211709951445 0.0625679666135327
-0.269609213004238 0.45887891690856 0.468764488125769 -0.157874243475003
0.121248699429039 0.50130599186056 0.259006947850901 -0.361014705257183
0.330778784548955 0.198366802864595 -0.0142857149591108 -0.276176553518951
0.313093906218659 -0.0189037905465266 -0.0682062737769707 -0.149413460208514
0.263544380036909 -0.187819443392682 -0.0283681586968915 -0.0573138306023413
0.186253381989441 -0.246328716209644 0.0485676934358037 -0.0540681062498503
0.177972386313276 -0.24991338776869 0.112610058982552 -0.0469372530499446
0.244740471459147 -0.15076282988167 0.157167522852985 0.00891615721988442
0.293736554278597 -0.0237662934894264 0.175321182516386 0.137669853931001
0.310357001377082 0.237684529368617 0.055198369671959 0.225201438286598
0.0719719871788369 0.403717830474088 -0.123785910668369 0.189114920678689
-0.271754407091429 0.306097197312794 -0.130902584531703 0.067151514990002
-0.494513138342092 0.127876511230636 0.118021077743212 0.0696519860466547
-0.370200774607888 -0.0373487968886236 0.474208009988581 -0.0319102847469419
-0.415178909737829 0.0717814170757036 0.493915692890347 0.0876216443237123
-0.259283786489756 0.325211851756469 0.468528764009961 -0.0665648139870462
0.0488198653337989 0.401249886943835 0.303566160124003 -0.252144252913837
0.247409297554047 0.173750029315943 0.0923230592980677 -0.219973618239859
0.244815690784449 -0.00477403871540705 0.0512246047482208 -0.163199982267316
0.215582623667517 -0.144128073402177 0.0590445734748409 -0.119229701775625
0.159371214456194 -0.199233611344286 0.109149559143253 -0.120587959420551
0.153254636110595 -0.20419951959781 0.169947557169133 -0.115397439071297
0.206349704595337 -0.125549778907143 0.221237833324168 -0.0410408200228406
0.244858496839106 -0.0123941603046085 0.240388143755739 0.115484706999872
0.239184536433027 0.212837392584318 0.101131539208673 0.22516101294671
0.0225852669737433 0.330213488824651 -0.0864889093639993 0.192214549699286
-0.25193256087991 0.209822528644504 -0.0908742269758083 0.0394310724280755
-0.393487884418527 0.0423148355420598 0.230193302949024 0.0522352963786631
-0.167246805242026 -0.0814312592310317 0.54414326850419 0.0126638826671134
-0.236991956916629 -0.0200486465428729 0.508171056261885 0.0918467387469865
-0.17493316261064 0.151345606385501 0.430988731722237 -0.000809396696980517
-0.000322026910285593 0.228956990054019 0.310363663858821 -0.162554679916507
0.131991205943017 0.106406347383175 0.162301996896359 -0.177302298952642
0.137370117221376 0.00138450169363624 0.133228545037977 -0.170768741096878
0.131452384374909 -0.0808055429129156 0.122128613508482 -0.164490167812646
0.106723472008109 -0.121955376775938 0.152111837244581 -0.166439443933233
0.10697749866118 -0.127712379377104 0.216113322820905 -0.162175712799582
0.145634286492805 -0.0830225600854148 0.274573835709162 -0.0664024585908337
0.171407975224818 0.00413545657483267 0.287086668932411 0.117139955221032
0.146784311163325 0.169024639188053 0.124123353760683 0.239701782637163
-0.0282528702835393 0.224324865223429 -0.0686338444803094 0.202755566298279
-0.205973225724033 0.0917901288313128 -0.064570726089025 0.0194936989357707
-0.243996298050145 -0.0511834938003204 0.307153547582554 0.0490158767360394
0.0463090075991917 0.0952533961266623 -0.382100681919825 0.0749994472223914
0.094315750130391 -0.0205588992695946 0.0261439783776653 0.0818397700179999
0.0470397204215823 -0.0962712649658193 0.0782648673563893 -0.237996527087065
-0.0560295789714703 -0.072159229052825 -0.154396471324649 -0.288360232516062
-0.0630475677100501 0.00149548523740341 -0.357309487456283 -0.111148728120119
-0.0323788505685349 0.0285407133847283 -0.347798962308384 0.138236152371199
-0.0418858256042734 0.0322430066070146 -0.226071813474278 0.240259823415776
-0.0383526321639697 0.0220687436554968 -0.136621880506144 0.245551535597741
-0.0325832997105522 0.00359388592972987 -0.112846024850789 0.243487270774612
-0.0212148994011317 -0.0238162201371874 -0.132634982169029 0.240632382813372
-0.00656333445466918 -0.0463007450493897 -0.176893586127932 0.211629398110405
0.0547285744636615 -0.0514482239758892 -0.285041085035079 0.16229494473605
0.0980769426997607 0.00369745308157192 -0.396602994932498 0.0758881820814311
0.0460155354068522 0.0993544081876475 -0.433339288478649 0.0135769721559438
-0.0187377577234053 0.129159627491509 -0.516017353098602 0.103472009051133
-0.120039396033155 0.184809501720574 -0.36180479559366 -0.00406960369520934
0.00462555419455331 0.124722029190219 0.035860033500575 0.0533039600054409
0.0790049065640049 0.0693402981570386 0.0981864972126535 -0.279539105770937
0.0738894251316075 0.0183846318475752 -0.154110071874424 -0.347255390234827
0.0548410187781657 -0.0114294521229912 -0.37333832520641 -0.143776008222987
0.0563567690544065 -0.0328711638220825 -0.369293588616596 0.118942473140011
0.0193870474902889 -0.0730205405466507 -0.226657186873528 0.238643638368059
0.0111039723165927 -0.0858194267279369 -0.12789751342824 0.232854007891163
0.0339396459208982 -0.0924114796629702 -0.0921847533273148 0.233898195927962
0.0881765459487161 -0.0646241070820861 -0.103078944645871 0.233396385859834
0.112597881118849 -0.0209433666096096 -0.133336831240904 0.219826458578127
0.149863252098657 0.0802504507552844 -0.23569187546731 0.186852358350445
0.0768106805171586 0.17216701928363 -0.356280807501291 0.113654092953563
-0.0972445962340721 0.212717549325682 -0.373000014682908 0.0753252217174519
-0.226317557887323 0.197407368255481 -0.43072727090589 0.132037258184047
-0.287777388206605 0.233210891308744 -0.271836912073389 -0.0824263810454132
-0.12959284085544 0.253721331351213 0.0882038071762293 0.0154853148109559
0.0713914841730676 0.255086605249251 0.15074050165426 -0.320702135373009
0.196517010889832 0.147284416801709 -0.123463252627726 -0.412330024134323
0.187171215070737 -0.00177753558563036 -0.358667014621916 -0.189482285006497
0.156016199170954 -0.0800803074455695 -0.357904563074072 0.0719464859189431
0.0891719487824393 -0.164022827437277 -0.206030562643814 0.200924372871072
0.0585092230960362 -0.181054229884559 -0.101963573546493 0.186070315633634
0.0815699366905234 -0.180911038760755 -0.0507500389005835 0.188927736046072
0.166876338738394 -0.116033861277029 -0.0431253835046349 0.201411529739029
0.211069953666476 -0.0291631148165623 -0.0524890238773585 0.221089478317079
0.258331486362895 0.153974687870401 -0.155912259493828 0.223745667745937
0.107670878670533 0.302091504386141 -0.299166582891018 0.16821286872379
-0.173118326788183 0.32296702970454 -0.298619671431574 0.120334922576632
-0.379154991804753 0.263094587666918 -0.29458585788628 0.139984406492816
-0.422035119809115 0.233824669176027 -0.115809725530184 -0.145725859077886
-0.281872176971131 0.335005614424289 0.18324780989778 -0.019699625837426
0.0167720956136734 0.421662507946944 0.230291061900284 -0.340663839502728
0.27851856486999 0.293367891712876 -0.0528828621391194 -0.454918255982748
0.30469828451909 0.0333052328738432 -0.298421454896803 -0.232670046552929
0.245046017594129 -0.105046921125497 -0.302662464799467 0.00644997398995256
0.153354808331789 -0.22637309221548 -0.159548591283947 0.135191230245505
0.0961989776444721 -0.25025491322983 -0.0625657535413636 0.11384757677772
0.108648208255021 -0.247785018018787 -0.000204083562413485 0.114871835867796
0.207647914134147 -0.164911160179481 0.0283429739798026 0.141161435239737
0.270991806202374 -0.0570980490137175 0.0426595676868837 0.197157007472464
0.341751109715782 0.173794666613312 -0.0610857086619569 0.241894193146654
0.155497518747192 0.374537379856242 -0.227437126483809 0.208777488064107
-0.193895212879488 0.394419745320226 -0.223109089614578 0.130831711581621
-0.462941801186536 0.304499499353171 -0.135957150225784 0.116285925375051
-0.489176472976403 0.191098108756234 0.0851143697746009 -0.17883399120812
-0.404114571106762 0.339681463547444 0.303882006090903 -0.0400170607534848
-0.0727679102086022 0.509722002213037 0.319382290376594 -0.316500336203251
0.2880762395575 0.406219459723051 0.0465052529814685 -0.447062846167729
0.367340917473332 0.0812630314259783 -0.192678723528592 -0.253754165347671
0.297598894624598 -0.103411019205868 -0.206118516071208 -0.0625930812684177
0.19526998128136 -0.251027022828384 -0.0930133264632486 0.0512961973669098
0.120065236465216 -0.281201251768781 -0.0132419348630871 0.025947866750015
0.118333887600622 -0.279986805101205 0.0504257081670694 0.0241626339743519
0.21544501321017 -0.193333456467203 0.096494383707865 0.062926938717793
0.287709872596484 -0.0774451705131117 0.131934752045821 0.150211475727049
0.371354915924596 0.168672360898372 0.0284002579548679 0.233974066336855
0.175245409917384 0.389471947798224 -0.156925970281454 0.221956803468596
-0.193211979892187 0.40392177476284 -0.160744939765314 0.109751394558025
-0.481301338423901 0.296823659672612 0.017504360632555 0.0693569935239187
-0.465793526157005 0.120435972865086 0.290754778022502 -0.176686676832394
-0.442303797242159 0.267831624187989 0.419287494179655 -0.0405130729216309
-0.149203962979271 0.482785052545119 0.386840987010643 -0.248453607825365
0.227438000933459 0.432536774469043 0.147228861683806 -0.383879841185224
0.351233894245899 0.113877937736527 -0.0648508517366582 -0.243878994860624
0.291114183089571 -0.0831287939341585 -0.0874638754859045 -0.119303188751261
0.20033691860809 -0.235845443145497 -0.0180273247805134 -0.0362603255830849
0.124805600325525 -0.271940155009806 0.0370755718298987 -0.0621873830887512
0.115574508649356 -0.272493406476799 0.097401455069117 -0.067031138304162
0.202489848775875 -0.191792825826978 0.155926981508339 -0.0175675598820827
0.270929381665877 -0.0767346199846734 0.204600962634992 0.0997420113681946
0.341425547939175 0.161304035975038 0.0967966558257559 0.215093926387928
0.148818795675433 0.36125198931452 -0.0999351908809981 0.218409548696804
-0.195853113962685 0.351658060199271 -0.113203292647173 0.0746311577735689
-0.447020011657135 0.232757465059795 0.149871292137917 0.0198861529896604
-0.350547881316396 0.0408364479230457 0.45662521845063 -0.150638282763349
-0.374364958200372 0.154504000462632 0.497713811962057 -0.028758855815665
-0.170518101099724 0.356662093463281 0.416220069180506 -0.162355503349243
0.138684605286905 0.356065355657923 0.219110841821381 -0.292051301966069
0.267188466332224 0.108567659014721 0.0486238739575068 -0.21618063921566
0.229277980987708 -0.0561338833693147 0.02355318646857 -0.160156326504345
0.166432352945257 -0.184232363172512 0.049572863914286 -0.116385121238841
0.108735274721644 -0.222242356598602 0.0823031859223612 -0.13842389315859
0.102177356877089 -0.224298705648432 0.139348801245223 -0.145852865272002
0.17172170799382 -0.161239497741649 0.207719626948554 -0.0830569547422955
0.228163169854972 -0.0568985517678328 0.262744207122647 0.0648171811945585
0.269554604466381 0.153943215218059 0.142833780654677 0.202810083870864
0.0876073540813656 0.304380085868111 -0.0577174912418266 0.211283499041942
-0.19657461663007 0.254153851362482 -0.0782971662622105 0.0437470257078732
-0.365383871610964 0.128033360240708 0.255552173735478 -0.0136678353811402
-0.169992788136194 -0.0399422945539649 0.547314696769585 -0.113980006195351
-0.225874203274928 0.0288579807621317 0.520670728940631 -0.0248542472565487
-0.128668753668878 0.176575460455075 0.408831623988018 -0.0924382946556304
0.0525721852784888 0.208027790663244 0.255592077178205 -0.214629385497242
0.144411861226164 0.069985756342807 0.124560482021101 -0.197342890656835
0.127903870865351 -0.0277488745706856 0.0984685745118568 -0.18924567149347
0.103831578496097 -0.106958353101949 0.094179734040342 -0.176476088456576
0.0755165079905167 -0.138344628736817 0.113528490620168 -0.19136953180188
0.0754343414037802 -0.143663855276005 0.175202484773965 -0.202673315409393
0.122425666258177 -0.10838382357445 0.254863980186258 -0.120658374946993
0.163592111418771 -0.0274895708452673 0.3092100255066 0.0553649977748187
0.172465856088859 0.131871449461049 0.170600258579911 0.212076310070054
0.0175837293401783 0.214852786057103 -0.0338250668795409 0.215763916824298
-0.178340924078525 0.131966608061899 -0.0551907743982228 0.0251798002707951
-0.24052142970297 0.00588461052425068 0.326655236171866 -0.0230277094438138
0.0511660891888895 0.0968197374918472 -0.384399727194146 0.0888794449748017
0.0958138631686277 -0.0223387112521642 0.0310640955621232 0.082613498607445
0.0448235248283456 -0.0999559052592574 0.0688813191213044 -0.243499460381688
-0.0584453744608554 -0.0709438304607438 -0.16709836475431 -0.286836166394188
-0.0632035070142368 0.00163841857460372 -0.363872941991223 -0.100078937353314
-0.0306278141870957 0.0284122105819302 -0.34451831441289 0.151209786645677
-0.0396169829667642 0.0346068230096024 -0.217155978970549 0.250559616725531
-0.0374906006376802 0.0243470598679077 -0.128057517379109 0.253093182898276
-0.0324789165394436 0.00429702774365916 -0.103502212552164 0.249120720014692
-0.0221454811937454 -0.0237308905051751 -0.123713509850347 0.248537207004132
-0.0085507048139286 -0.045639718782576 -0.171907122279626 0.221406446863741
0.0536050817147988 -0.05436747675897 -0.284085438065617 0.17571713952922
0.0972227356900252 0.000617964921067443 -0.39615349666037 0.0897937573492279
0.0494197721285103 0.101175063676817 -0.437532456577969 0.0242296985218949
-0.014400800427756 0.131983666984614 -0.521202997819439 0.1204940549954
-0.113664666048742 0.193577613448362 -0.367093066882372 0.00810613823001194
0.00950026386818182 0.128057171827912 0.0394029890313683 0.0534963438691604
0.0847274422195132 0.0658103145783947 0.0869108805826802 -0.286338006967786
0.0771379456728559 0.0149907155920376 -0.169671203166264 -0.346113492926763
0.0557104674796767 -0.0155899491422109 -0.38280822976353 -0.132983409049527
0.0560117963480413 -0.0372710966212031 -0.36616793885675 0.133324346180318
0.0166772924347187 -0.0739018153208229 -0.218882512054093 0.246952623244025
0.00590357074028514 -0.0861131907675023 -0.120163834574197 0.239650302635135
0.0302493059617756 -0.0956164512033752 -0.082611278635416 0.238156723582985
0.0867078780702308 -0.0700442060231371 -0.093598651131664 0.239626378981362
0.113483812147141 -0.0256006357186098 -0.127261392813833 0.227603555441921
0.156219477055315 0.0737904748894378 -0.234441195658369 0.198340074380957
0.0826051743920242 0.171197768654001 -0.356127586610974 0.128328861548082
-0.0918687678483775 0.221075473147858 -0.374678078691376 0.0842936104548388
-0.222122921855387 0.20873768096702 -0.435249995186279 0.147758640529013
-0.281218336976701 0.248365324614932 -0.278514099199355 -0.0748348218368644
-0.121705778734403 0.26271784839523 0.0909730461321984 0.0142900629401101
0.0845201700784595 0.254912919728705 0.13851016392697 -0.330600968510656
0.207088058904084 0.139323135228195 -0.140465538969587 -0.412739900290481
0.190270013617153 -0.0112830469731228 -0.371055574854877 -0.179839043477229
0.154911078181792 -0.0896033619686362 -0.357346372798824 0.0865699361124572
0.0826052999974181 -0.168546086620669 -0.198960223891375 0.207724734303187
0.0484850196602906 -0.184894588294407 -0.0962072249723836 0.191438298532209
0.0739550709185455 -0.186871276860282 -0.0427777584220141 0.191127934902506
0.164290960688961 -0.124802137088041 -0.0343039962985789 0.204402961106488
0.211427132461642 -0.0381533210043277 -0.045002405290284 0.225803312854958
0.269258719759393 0.142675269091256 -0.152702878079319 0.233566836973788
0.12017603805641 0.302168556328903 -0.296050293643701 0.181588723842963
-0.164497322459206 0.335359831472188 -0.298134171031235 0.128395996407348
-0.373012978120828 0.281323847869075 -0.295375073656605 0.149481170199616
-0.418950448673708 0.253708405125427 -0.122758451044753 -0.143644517594478
-0.273399724237537 0.350906970985529 0.185298754506356 -0.0248734299819427
0.0352601557024235 0.425904081759976 0.219283502861476 -0.353737548952596
0.296491807951827 0.283104763310006 -0.0717354258768669 -0.457871518300593
0.310829022154821 0.0203821959095226 -0.310778622319023 -0.226201181786143
0.243241912499692 -0.117765096929608 -0.306361393833471 0.0179837751329686
0.144623115387676 -0.234622167136751 -0.15554564245364 0.138464300587041
0.0827752750924019 -0.25544617536182 -0.0587120396002567 0.116782105593768
0.0976868703590801 -0.255035367422342 0.00400465254366879 0.114028932706255
0.203300338413913 -0.175268267230803 0.0354974806704717 0.141369874176062
0.271883732771621 -0.0682345585117742 0.050652587991807 0.197014796936799
0.35425628668503 0.158563080865459 -0.0552365150627239 0.248211027727449
0.173214979185459 0.372725135172927 -0.222288728666378 0.22065116361046
-0.182894568668676 0.407333791466657 -0.2221673673272 0.137715045217761
-0.454872152798944 0.326299958330289 -0.13484407951033 0.12087566824644
-0.487984864216515 0.212474743827064 0.0802826325814255 -0.184168105546077
-0.397926386868548 0.36052581222841 0.305931755055545 -0.0498937844067693
-0.0522939166070165 0.519520912920128 0.310382556031139 -0.331520873435819
0.309904208947569 0.39848187513739 0.0302910923270287 -0.452991984432773
0.375928216319606 0.0670884116297768 -0.203865788529135 -0.251116267785186
0.295494960900301 -0.117110253815772 -0.211851506221995 -0.0549452461679809
0.185079123059958 -0.26067840022366 -0.0922720758222074 0.0514367249321369
0.104899806746744 -0.288775308071796 -0.0130023285531986 0.0264420331432811
0.105588711362713 -0.288088341925075 0.0514709556665408 0.0218417965994345
0.20951550617055 -0.204322601074107 0.100321004430046 0.0599122175809487
0.287903290725071 -0.0901438175808854 0.139293712635404 0.147046810797125
0.382926989921227 0.152152582934863 0.0356067829848837 0.237528956454711
0.193557747468322 0.385272225689081 -0.150898513506479 0.23345926757936
-0.182160883573196 0.415322502453861 -0.159901840787691 0.11644755167989
-0.473399652931494 0.318501540650558 0.0192896788836105 0.0676720311913983
-0.465288730118032 0.140646766024467 0.289423130820651 -0.189440702435002
-0.436939077489373 0.289177397213739 0.421551285051723 -0.0535722773196552
-0.130999540282208 0.496650124672606 0.382293825916503 -0.265229307358847
0.248790860623511 0.428125578109354 0.134397295483372 -0.39081269276042
0.360435128704767 0.101494527638776 -0.0748362631501703 -0.245740524361662
0.291006690908649 -0.0960896387928061 -0.0944709124558735 -0.116066131990596
0.191810495359195 -0.24471619453747 -0.019986586803119 -0.0397301426476541
0.10959276566956 -0.278670344590353 0.0355578700625664 -0.0640941877522702
0.10336613867097 -0.279057186398584 0.0945303000084588 -0.0711846660469502
0.195676387995694 -0.201354769869178 0.156461212578858 -0.0234983131847159
0.27042862408213 -0.0885170544487536 0.210565359563861 0.0932433129492312
0.351946519035855 0.145708648885744 0.104509001243007 0.215448717084494
0.165358555618815 0.359181704624234 -0.0931650749425332 0.227906432884565
-0.185015635499752 0.361927213706304 -0.113112498654151 0.0802566898654869
-0.440634913918 0.253935543031378 0.151840257619204 0.0131623705339263
-0.352130162616199 0.055716070590296 0.458755549303618 -0.167983302333075
-0.372942099750066 0.171240789278241 0.500365434664953 -0.0448027407216637
-0.156866710270632 0.367881161290173 0.413912948260012 -0.178699326469682
0.154778519617425 0.353136060234489 0.210499081238858 -0.301254423027332
0.274652768292612 0.100154296153066 0.0422221819849907 -0.221112747541729
0.229440582128335 -0.0649843510250389 0.0163031731109629 -0.162121589282337
0.159431512622938 -0.192603772840376 0.0451961554341548 -0.121583491627006
0.0970778327106172 -0.228282203749186 0.0779580567703462 -0.142963813368623
0.0922395196047623 -0.230200306079533 0.134121126070743 -0.151630321913417
0.165423022939668 -0.169282284492158 0.206883440343708 -0.0894522343785373
0.227287139165699 -0.0664079874177912 0.267515499578429 0.0550324758427711
0.278592358727517 0.142016216552984 0.151084811138192 0.201512174659927
0.100373431615092 0.302616757190852 -0.051576029905568 0.219031901578868
-0.189850527817247 0.263460082384459 -0.0793158075848651 0.0483572562326981
-0.362129377665725 0.144115212653354 0.25769029618542 -0.0242409886767456
-0.172328513102587 -0.0326622331195935 0.552172205907731 -0.134122768459912
-0.226530918860756 0.0400849262939437 0.525728554160575 -0.0419105802496958
-0.123259801690473 0.184485002257765 0.410276805707185 -0.106043615649902
0.0607902055025297 0.208141019720288 0.251694227352947 -0.223225917931096
0.1481032938806 0.0666767776680182 0.119406586392345 -0.204023455238479
0.128448428928137 -0.0317755607254048 0.0905257053142813 -0.194842340345643
0.0994580273315998 -0.110833029172919 0.0877744729168206 -0.183479197266993
0.0683470740245448 -0.142660322333352 0.10833410487484 -0.198084075988133
0.0693039919087602 -0.148018449937428 0.167972507033477 -0.209186554584176
0.118305155664489 -0.114154722475296 0.25204099343705 -0.129627505259876
0.163677172830804 -0.0343912121672086 0.31440814653253 0.0432282776867573
0.179476352590117 0.12439555803456 0.179599126262704 0.209127762290333
0.0255760063334381 0.215149733492823 -0.0265850759263212 0.222121710281593
-0.174796059094613 0.138285128216304 -0.0572657180521309 0.0288335191693625
-0.240250082776807 0.0153266977329376 0.329719807405179 -0.0370247793335341
0.0600047648263125 0.0968047681380365 -0.38533657372566 0.115771652623682
0.0964798583269829 -0.0271377209004459 0.037661612122518 0.0823433701151218
0.0394364531335167 -0.105598810754326 0.0527318064789192 -0.250302890925424
-0.0631412741728574 -0.0686735082479713 -0.187658111558447 -0.279989614580368
-0.064206220238904 0.00456559816721467 -0.375065350278005 -0.0788338390435051
-0.0293657312291213 0.0288678790756762 -0.336242798019793 0.174872919458346
-0.0361371527161297 0.0378356535002563 -0.202138418794396 0.267792057543878
-0.0360038723937148 0.0276211825799896 -0.112295451223915 0.265170494430615
-0.0320969731269404 0.00567601666957676 -0.0867644486703617 0.259084315217253
-0.0239131570961981 -0.0231661476626164 -0.106595207892436 0.260174015446723
-0.0115527122484508 -0.0452025967588244 -0.160823381789376 0.237343209644777
0.0503470514679836 -0.0592539593511267 -0.277571788748753 0.199049165302897
0.0968749691847066 -0.00438872589193644 -0.395219317458359 0.114753115421501
0.0562870712988037 0.102013368202906 -0.442631116040194 0.0468598583054097
-0.00530994539885752 0.135126067733367 -0.524733541497242 0.157275362584611
-0.100732702228063 0.204962474298677 -0.373699306956 0.0317257485127805
0.0191605585966734 0.130303926927281 0.0446021398155982 0.053301028311587
0.0922943526288982 0.0595626841942606 0.0679124476309269 -0.295790677880611
0.0804692243824216 0.00814238026124873 -0.194804023637019 -0.340135641732646
0.0556683968726221 -0.021142542962652 -0.398259668450551 -0.110521203589319
0.0541675852971896 -0.0439552064119428 -0.360098988080371 0.159687764744166
0.0121296281455465 -0.0762155533153175 -0.204310602865325 0.26312866689639
-0.00129707645545105 -0.0871411225575422 -0.105591892871111 0.249691752453582
0.0228840423211929 -0.0998009067486263 -0.0673949752564724 0.245348849137281
0.0837005843067295 -0.0781917906428472 -0.0768725947217654 0.249390213408371
0.113974617120009 -0.0335303450005135 -0.114804305372265 0.239801319510848
0.163715026009913 0.0627537668504637 -0.226120108220701 0.219813855797192
0.0948117485817958 0.169169049061124 -0.352442724421937 0.152860945453327
-0.0785234537112629 0.23236062872494 -0.376137987835956 0.104832192018947
-0.210668031801165 0.227568099363331 -0.434996522416365 0.176728714711144
-0.268197527414595 0.271077225093297 -0.289698666710673 -0.0589377644435595
-0.105692599280605 0.276151600183492 0.0935386429759379 0.0107745383061523
0.105609198802785 0.251333083382285 0.11619041613764 -0.343004568183173
0.221901741385445 0.125796914630731 -0.170702460534501 -0.409584777376457
0.192560129711556 -0.0257177609763187 -0.389442892918007 -0.159858005093296
0.150509319409942 -0.103459586372577 -0.355536188975446 0.111394142541402
0.0715285543981085 -0.176194892972262 -0.18760237425066 0.220549482491951
0.0332687682891417 -0.189299466647609 -0.0843609906086657 0.19965940445972
0.0601759892416926 -0.195272169654807 -0.0308213224882159 0.194629222369571
0.158313847250647 -0.139622856123486 -0.0194424760832508 0.209407568843992
0.213053084823914 -0.0539967787139297 -0.0309694014130579 0.231815819703768
0.283983171553861 0.123682351360491 -0.141982140733078 0.249039390716568
0.142233263709232 0.299456582007194 -0.288405051285776 0.203695487289036
-0.144596934609123 0.352198375628289 -0.296668416675957 0.145319215252445
-0.358527997410686 0.31275443618444 -0.292582536162313 0.169719278853178
-0.407092057408611 0.284598820072811 -0.134903416800017 -0.138331172076219
-0.25457022838093 0.374834578496456 0.185759654745483 -0.0347650773652871
0.0679027421708933 0.429002876992505 0.196874396928829 -0.371030580984724
0.321950763790501 0.265986572500207 -0.103783614613078 -0.45909803378057
0.317304390741765 -0.00185430791146776 -0.331692188986771 -0.210218506434614
0.238748247056571 -0.137980281105134 -0.307829635067831 0.0400195234830819
0.129121672310187 -0.247031850576732 -0.148780049903757 0.147069823663112
0.0621721793527715 -0.262819292809188 -0.0515804413451096 0.120643043801335
0.0785500466290931 -0.265191560943645 0.011915732748565 0.114401488814749
0.193927950367016 -0.193008280071229 0.0461062920791926 0.140179149086936
0.271674079679569 -0.0885483933242435 0.0646308309056939 0.197390497620752
0.371589291056391 0.133265958087621 -0.0407264489725763 0.258469796332505
0.201402111828633 0.365523891672351 -0.21171607508726 0.240198259214344
-0.157529738139018 0.426995671164031 -0.219339333161199 0.152434469241131
-0.437880720567778 0.362853060870762 -0.131630038872125 0.12934106114228
-0.480236253415184 0.246739343285752 0.0694720629741298 -0.192153736369363
-0.378424884983799 0.392321195374448 0.306039425078703 -0.0680248037148323
-0.0157783705424016 0.530916642721793 0.291207393077826 -0.354912039982372
0.343249356405471 0.381080917515924 -0.000240116348815801 -0.459233919950254
0.386343096374766 0.0410429588748595 -0.22444702737768 -0.242888837024088
0.292207694192041 -0.140538106166582 -0.218225210552504 -0.0395043823929012
0.168283119546948 -0.276544827576783 -0.090156511309234 0.0546666169430411
0.0816899791006448 -0.298094955237124 -0.0111296754415877 0.0260733760047672
0.0848975663264834 -0.29904975832592 0.0527649051375062 0.0176141059927227
0.198996604078677 -0.221711768961645 0.106280089698096 0.0533087398774306
0.285823926620501 -0.111758363395254 0.150782882184893 0.139611728854937
0.399524184256343 0.123479412828881 0.0509625611887283 0.241086036833089
0.223930632399394 0.376883985565566 -0.137817851347996 0.248925543982411
-0.155336784135695 0.433520507586531 -0.157363351585375 0.126686994166439
-0.455657980960848 0.356706120727375 0.0226510533230939 0.0643912331243202
-0.463028443888237 0.173604018483452 0.281432203158128 -0.210324958213884
-0.425529062056628 0.323835715996545 0.423012568847397 -0.0801061985231806
-0.0972784798326836 0.512464861342307 0.368380801144072 -0.292266567477861
0.283296978839541 0.41401212960649 0.109597357458655 -0.402478220062059
0.373178558872254 0.0778193135137889 -0.0923946512038852 -0.244782247090585
0.289060171608358 -0.116687317921508 -0.103551496081972 -0.110763842521749
0.175160682343538 -0.260958431664822 -0.0238376938503519 -0.042218877876484
0.0879309883268733 -0.288073927027721 0.0307001625819812 -0.0690157074111086
0.0830405855770251 -0.289097197751905 0.0901769497502055 -0.0781394220789813
0.184327244793021 -0.217406160349631 0.156615554803984 -0.0336233260255317
0.268293560555757 -0.108364628876305 0.219162290759989 0.0802487871274666
0.36797378073742 0.120481323416785 0.118663042993814 0.213360601542552
0.19332553435758 0.350258651026259 -0.0796112655940889 0.239662088455591
-0.163542302482349 0.378187006175992 -0.112130765446219 0.0894377127563757
-0.427570283216752 0.285852243644153 0.153783487422098 0.00124856891654513
-0.352552872047731 0.0811804735737053 0.45686685234368 -0.20038715370796
-0.365296328068468 0.199960582428744 0.503862141159269 -0.0766600765688674
-0.132891257186855 0.384210872119139 0.408094996827674 -0.206660180827365
0.182468388327703 0.347400424993456 0.194043645901847 -0.316150889830469
0.285554272914056 0.0831707974966852 0.0291919216031649 -0.227230449168176
0.228569363720988 -0.0804643003078497 0.00563232696472333 -0.164568736967539
0.146998923873202 -0.204526599585057 0.0369275689636248 -0.128572210273127
0.0786992327407154 -0.236737620526358 0.0694502945735366 -0.1507337958348
0.0748501836095233 -0.238638529344645 0.124725506217388 -0.161562082703364
0.15582907220167 -0.181770125413251 0.202646054925705 -0.103982115913319
0.22616313935803 -0.0827966685194964 0.274205553827343 0.0378194836288081
0.292452809174501 0.121761113749073 0.165117458905061 0.19654151117861
0.122470739170957 0.297459462280323 -0.0387350583056857 0.228374100681455
-0.17486450976669 0.278559939606026 -0.0792490692119199 0.0552956453310336
-0.354903388697652 0.170296724474678 0.259701514743798 -0.0440016127169616
-0.175289259325702 -0.0212785195579344 0.555438255026221 -0.172076471118023
-0.226151189343346 0.0566240092739606 0.528886854828323 -0.0729161326916513
-0.111140593803274 0.195891138322958 0.410051103480411 -0.13238213947976
0.0758821051281915 0.207432308497897 0.241642265347897 -0.240329922253928
0.154589800693063 0.0583528589146009 0.109276089157159 -0.214606608481943
0.12801142603203 -0.0391778615206904 0.0786966346502368 -0.203706587547559
0.0926936306040622 -0.118361505895448 0.0760706363935449 -0.19301170351472
0.0571995800114395 -0.148640011678632 0.097599860136577 -0.207918952680667
0.0588530247896331 -0.154446048292758 0.155295805382969 -0.221862199445773
0.111062098634718 -0.123667404478211 0.246067466000822 -0.14671313082175
0.162954051371329 -0.0455731851957979 0.321291467877063 0.0224949760154167
0.189234256686782 0.111973464820277 0.195577133796969 0.202676158411713
0.0400212772697127 0.214105580810988 -0.0143667482065906 0.229769639223321
-0.168603907936781 0.150374734254467 -0.0581175579323674 0.0349389787517861
-0.241085729482771 0.0318269403719384 0.332783028591139 -0.0607177732650306
0.070166301712168 0.0914510496360146 -0.37187853910986 0.148004396431623
0.0945880782178692 -0.0333554372010373 0.0457121654461835 0.0792051196632432
0.0296815942354305 -0.10902585240416 0.0301220517137557 -0.251158178886161
-0.0682113884307731 -0.062832570306415 -0.209011697212032 -0.261848513705068
-0.0636317204188158 0.00963830816986581 -0.377667824351099 -0.0461413708669758
-0.0258330210752201 0.0292795259765069 -0.315303784105882 0.200883540111386
-0.031584759827677 0.0393708811740783 -0.174224624883018 0.282072557117143
-0.0327539816902334 0.0307362566348817 -0.0870878785029476 0.271736977454507
-0.0317380067015464 0.00796443817581142 -0.062793581296359 0.263503331062191
-0.0255462951708286 -0.021215382994376 -0.0806079965144753 0.266466252885867
-0.0147439747681435 -0.0433622721717222 -0.138365558753464 0.249854607164753
0.0441520001923246 -0.0627293424904038 -0.256727949453758 0.222718811660728
0.0938987071815932 -0.0113622057097682 -0.379847870283565 0.145218320555188
0.0647039917539395 0.0987385769960203 -0.435099664625824 0.0787942108221195
0.00680432971201668 0.133469756520832 -0.509869424194406 0.201025837684078
-0.0797006808304156 0.212195502035133 -0.369061105856761 0.0639369308339362
0.0307763895262797 0.128302543746302 0.0493384349009304 0.0501016186833758
0.0979549245433531 0.049409046942661 0.0408819749405824 -0.296171850146981
0.0814599497583581 -0.000234105341498984 -0.222576190521599 -0.320523539964698
0.0530576711963875 -0.0270858988120679 -0.403254793777625 -0.0765663187581195
0.0495537245111597 -0.0501253418661719 -0.339896696035532 0.188545850720801
0.00520205090197093 -0.0764619710676401 -0.178037072379061 0.276527217802572
-0.0101954760722105 -0.0850422943492355 -0.0823821624062389 0.255217769761483
0.0122852126532921 -0.101212304716989 -0.0442850187575381 0.2475431166714
0.0753601469657032 -0.0857638796260421 -0.0524838460818862 0.252325236760867
0.110101825529899 -0.0434757192923692 -0.0925899453476247 0.247539074065486
0.16764434702506 0.0456918932352956 -0.204880532078294 0.239260558601833
0.107885149266595 0.160064945485396 -0.334992857175176 0.179622754091188
-0.0574614202175448 0.239055260599806 -0.364868169165643 0.131238674765054
-0.18680473943548 0.243993473854553 -0.418964531688323 0.210564387382864
-0.240003416600305 0.291621685042323 -0.293727017181659 -0.0331501426732969
-0.0810013613925558 0.282347518898203 0.0933303063066296 0.00434452711729425
0.128602982388697 0.237585744219475 0.0843581127178619 -0.347422284721704
0.232749528161855 0.102718681887203 -0.20453963442094 -0.388922830358495
0.188957520011833 -0.0434861990559949 -0.400160142165594 -0.124744957596569
0.139454072401153 -0.117333622249607 -0.339824695272458 0.141785099762861
0.0544251458329775 -0.180189353274843 -0.166567299245593 0.231900076363956
0.013585363043824 -0.18799516889392 -0.0667163724412901 0.203141118121256
0.0399820682337132 -0.197973828539887 -0.0127099896338847 0.193328000793626
0.143328925177559 -0.153265601203239 0.00036647921153894 0.207675979823666
0.205866366063027 -0.0727652112147492 -0.0105237860554909 0.232248848623449
0.291724654507344 0.0941459928673939 -0.11894237887774 0.261201621374085
0.167951939047373 0.283863380400946 -0.267717005163193 0.226086522462292
-0.112165753130524 0.362087893317219 -0.282230536774062 0.16640336958361
-0.32373163682811 0.341197512338819 -0.278585264913302 0.190842465375063
-0.376712488662158 0.316793332488781 -0.147322771887682 -0.126161518335343
-0.219114391667964 0.394331159426117 0.180067067895599 -0.0476838485600515
0.107300191545703 0.417203249297052 0.161435277901303 -0.38218039539196
0.343879807899076 0.232691100600591 -0.142455746362829 -0.443738317910108
0.314399722186551 -0.0305800105025303 -0.347136626791884 -0.180076325655809
0.223419322049117 -0.158337111150732 -0.300152275911068 0.0678404418442186
0.103845288777849 -0.254916014502823 -0.135289597887393 0.155207306216511
0.034845149884245 -0.263827102084219 -0.0413213969217136 0.1229426686957
0.0512962184991508 -0.268271464662489 0.0212211111323134 0.110260886250965
0.173903968176721 -0.209463504255358 0.0585689067336605 0.134583023692994
0.260198573448436 -0.112445015842023 0.0806702591164263 0.189440940943844
0.379089542910509 0.0947909661494955 -0.0189606107487899 0.262037638896116
0.232391345260628 0.343877858407336 -0.18804782248166 0.255747175174759
-0.118380976673457 0.436543094545782 -0.204839910036667 0.166307558390104
-0.397018993958482 0.398862377266826 -0.121249738798382 0.136368863217251
-0.452445250360641 0.286837503379279 0.0512499855861491 -0.196038740116787
-0.339305776544688 0.421587319971095 0.294543192339049 -0.0905667455408443
0.0341695188419473 0.525842075471185 0.255277364358199 -0.373636258982367
0.375082955717777 0.344655090916923 -0.0391649583854232 -0.451867180657215
0.386687009946911 0.00622809528371648 -0.243562388865791 -0.220883721413183
0.276635283541052 -0.165463603543582 -0.21802011180965 -0.0190557289603328
0.139469166197995 -0.286682783206422 -0.0857239721032601 0.0584713237136563
0.0500762328069562 -0.299718021674802 -0.00954652810170513 0.026066010358158
0.0530394104855443 -0.300692810429608 0.0526035351878169 0.0128986290987928
0.175458564014996 -0.237485273508469 0.10988363015786 0.0434015874332213
0.272949037466408 -0.136447991599025 0.160261957476426 0.123955922096817
0.405656459527397 0.0830512935424432 0.0707356969202551 0.237531663962698
0.255777886821268 0.352038391306636 -0.114397287216515 0.259849311922077
-0.116190609592505 0.441246559635494 -0.146066642672624 0.138516301138344
-0.416413385449524 0.392531128169253 0.0257500602339133 0.0597647702024873
-0.442159774470504 0.212142870195776 0.260566351067765 -0.231938556690228
-0.391828842076994 0.357592461820127 0.409049101582379 -0.112443402911401
-0.0480543076111903 0.513420226402443 0.33766571408046 -0.317388810852696
0.318500177546907 0.384215402507682 0.0746620048813416 -0.404162978778341
0.376306037325051 0.0435745669264563 -0.112165240484939 -0.234473302247767
0.275366727109861 -0.141043894419938 -0.111530706636905 -0.0986772785105346
0.148559447634582 -0.272260501792249 -0.0287444260288616 -0.0425793735442072
0.0574086023121069 -0.290322250192909 0.0240927917416411 -0.0710377266262013
0.0525979437570104 -0.291186270057551 0.0815395982249878 -0.0850533942210862
0.162043586066067 -0.231142425724797 0.151251957370872 -0.0466600347640339
0.255245379221793 -0.130799820239082 0.223262561128709 0.0601450990515912
0.373785782397631 0.0832612651042152 0.136300093369494 0.203160892598328
0.22211387827458 0.327472765310064 -0.0576227237171425 0.246166028246102
-0.129538242344415 0.388093157734187 -0.104817079606426 0.0984592669875658
-0.393082524292002 0.321353977801524 0.151173405071804 -0.0153671973091556
-0.33977554753555 0.111599682935995 0.436401604884569 -0.236359882062829
-0.343189438861038 0.230864940108098 0.487992040575459 -0.116748031545724
-0.0947284561179608 0.391010133801823 0.385328318514699 -0.236011089480608
0.21213148990655 0.327197248593241 0.165943975628462 -0.326209658640484
0.290114637058776 0.0572651617384487 0.00992666520264402 -0.227534091352641
0.219397247286364 -0.0993992013348368 -0.00800545601988905 -0.16278380938429
0.126250382825271 -0.214031921544827 0.0240171837605977 -0.132766542920551
0.0534741995180027 -0.238940422709726 0.0554223754015122 -0.155552575058462
0.0507108502846639 -0.241447311641059 0.108324731332914 -0.170133080254097
0.136450177016138 -0.193426830261184 0.190780892650466 -0.118382780515707
0.216038431895097 -0.101616505644042 0.274082212432633 0.0133184721746658
0.298736013909555 0.0922028802918238 0.180540699307156 0.181964270764467
0.146794914860675 0.281521389190206 -0.0177789217148162 0.231272039129044
-0.149295092918849 0.289269764754094 -0.0751052592670118 0.0628299629631233
-0.332247449108798 0.199696725141494 0.252504054797904 -0.0683151519478045
-0.173517670961469 -0.00424950911059335 0.537256343121975 -0.216270497499309
-0.216123571276129 0.076763563119509 0.512998607367221 -0.115872072100189
-0.0906529144903101 0.203133737009721 0.394001937396756 -0.162593419308336
0.0943164953790328 0.198712870903278 0.219493198965311 -0.255711567906675
0.15820706427643 0.0453919638945567 0.0907693624987615 -0.22239257515424
0.124387718499016 -0.0484211151463163 0.06001603765153 -0.208494120067883
0.0801882408472753 -0.123649662041811 0.0578424157277809 -0.198576443955251
0.0408978317029762 -0.15121136794701 0.0780809107611434 -0.214152066679355
0.0430048997703984 -0.157308810795109 0.132906310280871 -0.230943980082993
0.0974955971760811 -0.131778212274618 0.22957613181321 -0.164256626944763
0.1570726166601 -0.0591229364486468 0.318471346001657 -0.0054550124260808
0.196547286144079 0.0926447364654903 0.21024969089899 0.184060126759551
0.0578703025750411 0.206914627236869 0.00671141871499118 0.230516516963506
-0.153229013840603 0.161908954702453 -0.0554661944277977 0.0414413465347817
-0.232857517702154 0.0530903778575295 0.32281369598001 -0.0918631604258215
0.0765000412444595 0.0815948147038412 -0.344468180458937 0.169765522467022
0.089156022768782 -0.0379441343529276 0.0510307023189534 0.0740515796974126
0.0197614472346783 -0.106773061299401 0.010677004013828 -0.240068844700676
-0.0694753107918531 -0.0551053473955293 -0.21947205635266 -0.234137633370069
-0.0597077061397664 0.0137399885772074 -0.362850784765864 -0.0167940244982727
-0.0222696181966187 0.0284206388098979 -0.283034871017396 0.214175344085148
-0.0259590770735928 0.0391122849722288 -0.143067892246581 0.281546424429224
-0.0276959706332672 0.0320989987169752 -0.0614341763195445 0.26419571674376
-0.0292326517308797 0.0100298344697028 -0.0381251198123213 0.254736761702866
-0.0256641254101974 -0.0186647243484549 -0.0549449706068303 0.25909807371781
-0.0167971208305945 -0.040217971282742 -0.113426893972076 0.248730875782818
0.0366296340065675 -0.0621235723442904 -0.226274504699731 0.231174943123838
0.0875309113712961 -0.0159927576612485 -0.350450715214908 0.164848214783964
0.0700835971653997 0.0910357079735126 -0.410705553981392 0.1025337105918
0.0170667042675192 0.125890608015117 -0.474530804250551 0.229713106595698
-0.0575789918155923 0.207831125926789 -0.348711659002017 0.0902117702961556
0.0396626344404508 0.120267787175142 0.0512052373008443 0.0460248245653374
0.097461961177388 0.0372688506219781 0.0167099462171936 -0.282989197235243
0.0786850217162106 -0.00786151686828781 -0.23572998771822 -0.288260200429738
0.0484708306411749 -0.0302338663807351 -0.38934190611723 -0.0427676662808469
0.0431795683618643 -0.0531960828754686 -0.30769333734058 0.204847822553176
-0.000795718562573097 -0.073530181785125 -0.147495335579935 0.275557986438343
-0.016886636043376 -0.0790303164602834 -0.0590469847880886 0.248434127667191
0.00297132203004625 -0.0968367318142945 -0.0228330051032829 0.237164079009259
0.0651940819555092 -0.088824473706988 -0.0300028830867461 0.243459363743291
0.101180571289347 -0.0503666196044615 -0.0698018014004863 0.243147330853935
0.163291372055278 0.0293100481628244 -0.17631311383944 0.244286516846074
0.115330496025409 0.145450037354889 -0.305264495882943 0.194698357759554
-0.0366920543091363 0.233550062075701 -0.339342596845582 0.148011641860645
-0.157331752124589 0.245277823553344 -0.387080854719444 0.231787558930052
-0.204814704044413 0.295878279290947 -0.284937598053108 -0.00902507881272071
-0.0554712252104226 0.275045232163809 0.0892160219817038 -0.000308609208147286
0.142053592093194 0.21408322939847 0.0539371033011672 -0.334487493288863
0.230885927435426 0.0780469412917489 -0.223879050066304 -0.355082339658123
0.177246431427989 -0.057304163632177 -0.390808295208183 -0.0892120155004505
0.122934384072101 -0.124123592755981 -0.31095629197284 0.161128927730792
0.0370493094872327 -0.175545786432778 -0.140667576496322 0.23157817079852
-0.00373758767436754 -0.178162275566307 -0.0480015849096154 0.19706422764108
0.0205018095089572 -0.190367795373889 0.00230636089630696 0.183421295583118
0.124319312772722 -0.159350876207362 0.0172373096168433 0.196664058536506
0.191012564656855 -0.0864125619706 0.00696517852147703 0.222305624940254
0.285794153011998 0.0638971123667258 -0.0932668134312281 0.260423251169808
0.181883490426921 0.257989687107719 -0.239079640253092 0.235530669630373
-0.0788026727749724 0.354521903541516 -0.258459173545818 0.17649224666647
-0.279923124801286 0.347720353935716 -0.253379622450508 0.201923040915558
-0.332585556230035 0.330700802771018 -0.152482388990663 -0.107787546945297
-0.178973608448594 0.39212700906563 0.16709276897973 -0.0556329123236444
0.136522123291691 0.387142072803839 0.124017140286452 -0.372344719181296
0.347180848312964 0.192710878763545 -0.16851650215421 -0.410074263875905
0.298103857317552 -0.0554720370181022 -0.345029586660732 -0.145284355759013
0.200204264646679 -0.169727346751377 -0.278396362870385 0.0875429270486795
0.078162177755855 -0.25027967713131 -0.117670054428721 0.155453989519406
0.00924875216324998 -0.250900397349168 -0.0303842024516075 0.119560647137766
0.0251443103793585 -0.257933056018936 0.0285395188698768 0.102795047373317
0.149149654764567 -0.213598622703925 0.0665088020249234 0.122165454411215
0.239508329441027 -0.128801451293301 0.0907566581029847 0.174004311446245
0.36830436138057 0.057957429576501 0.00314487981608448 0.253782116860034
0.249470117235393 0.309044134356257 -0.160535433393944 0.259487091500809
-0.0801693258750406 0.424915175599345 -0.184806361437712 0.17321312061057
-0.343740997879731 0.409009361080675 -0.108353556473304 0.136725909197806
-0.408072239885806 0.307759527163717 0.0324615798900658 -0.190034420719791
-0.293039220184305 0.42951419788625 0.272797080592495 -0.104992424137673
0.0767450341478906 0.49560302612185 0.214152197693895 -0.371190712653276
0.385907645780315 0.296020261015769 -0.0704538989622101 -0.42563429245751
0.368931481588155 -0.0250210978300569 -0.248268543828189 -0.191294625082264
0.250631704991865 -0.179686200560797 -0.207804633816437 -0.00105337639238655
0.109539521412019 -0.283285627475627 -0.0782332513553125 0.0591981058833261
0.0216278994770047 -0.285816880644019 -0.0077848523529683 0.0251698701891947
0.0242607302038138 -0.28928121442121 0.0503837521419512 0.00738351263804725
0.148910106881839 -0.239928360246086 0.107900319315339 0.0325196250496967
0.248260097038334 -0.152407959696496 0.161637292155599 0.10689500318661
0.39216740721173 0.0441407748979975 0.0863902889560005 0.222779476158661
0.272179954180173 0.313226102656266 -0.088685475911452 0.257927199789028
-0.0780052724911001 0.430483818200187 -0.12989961894918 0.142673868756999
-0.361714158245047 0.406529255996987 0.0267659779613609 0.0515890404938023
-0.402922352776601 0.236117968308528 0.230862354501968 -0.240707951926207
-0.34484168223717 0.370454225243761 0.378282093536657 -0.13505365465514
-0.00378900341992056 0.490176352017213 0.297255376888761 -0.324059896836567
0.335657982228189 0.340686584572664 0.0417999101472207 -0.389712735829133
0.362347347895137 0.0108184056978256 -0.12356410835003 -0.214013274106678
0.25223808879325 -0.156073006668907 -0.112929662887628 -0.0856140209963715
0.11925908267139 -0.268994555638585 -0.0317956028205393 -0.040464158792839
0.0289160490445512 -0.278569345906684 0.0170346071503723 -0.0700815139087181
0.0254034976876773 -0.279324035470538 0.0710270695342102 -0.0868084187810541
0.134907758046387 -0.232354458235775 0.140360825345771 -0.0552186424101991
0.232530420045063 -0.144953292915305 0.215879407360729 0.0398516965864657
0.360814133847266 0.0483691506273803 0.146332876733088 0.185512485076457
0.237590480267715 0.292619592471161 -0.0367558209367368 0.240750633034382
-0.0932161347909347 0.378310917826119 -0.0933574547788916 0.101980394887388
-0.34548499942226 0.335036057551249 0.14039184875408 -0.0289712418744726
-0.313145569418023 0.13240543502682 0.398197466882917 -0.258101453847737
-0.308217688294097 0.244997436424793 0.454029081240196 -0.144829759117223
-0.0575346032749745 0.377343346810722 0.348932608050839 -0.249920963924321
0.228606433261867 0.29430334819912 0.135409881696697 -0.321135327083894
0.280727159038986 0.0322229865053688 -0.00729047315007757 -0.21736926011866
0.202185144681228 -0.111294723858696 -0.0196592875546365 -0.1542863881996
0.10234775720728 -0.212054692439028 0.0122254472406883 -0.130220287130129
0.0302112422826551 -0.229198785704672 0.040866665965113 -0.153369472127021
0.0268059257427907 -0.23223842864995 0.089465283266871 -0.169280289910967
0.113913933486154 -0.194654021249952 0.172048793617272 -0.126420828152865
0.198435537958796 -0.113090759414883 0.261038445759044 -0.00863833473677702
0.289933795542505 0.0631676875413662 0.18621667664757 0.161516459093285
0.161706094102881 0.254862088594219 0.000102713270068097 0.224645518124369
-0.120545768151074 0.2853070314691 -0.0674373140773189 0.0668807398942373
-0.296602752429356 0.215804972544774 0.233844908325268 -0.0875529963124457
-0.164080971101857 0.00983951669793013 0.497958108257275 -0.246403131277634
-0.197337602128756 0.089172767673974 0.47812059728339 -0.146201154539661
-0.0685460070096919 0.198979491827391 0.363878707143851 -0.181389813537146
0.106444038253292 0.18277736638398 0.191933308839974 -0.257881743928557
0.154398682399357 0.0308692820670706 0.0709143376470449 -0.218736838893564
0.115510810808231 -0.0557115486553291 0.0417772803176306 -0.203860617329379
0.0665260612431275 -0.123204473458928 0.0393822337542162 -0.195056342271237
0.0251715758054001 -0.145466379347838 0.0588538436013181 -0.211356953019938
0.0268288122195776 -0.151532183690958 0.108787502575385 -0.228507636525955
0.081768177550241 -0.132685622168777 0.205594244496666 -0.171853390823382
0.144623460060507 -0.0685688448029125 0.302385523094444 -0.0297422420126981
0.193733963501614 0.0711597946430441 0.214286405649771 0.161153202043336
0.0703288506720311 0.190408400048701 0.0234908262603061 0.220911495980812
-0.134160826393474 0.164844929718531 -0.0507601239600308 0.0446330669076957
-0.214685487176782 0.0684850968735108 0.298779534656025 -0.114507228927913
0.080961774036193 0.0707835028382529 -0.283449626082517 0.225071211711013
0.0779345841030878 -0.0480942037617977 0.0674012442596501 0.0599611039279007
-0.00244765972151475 -0.101788929103949 -0.0285612936332949 -0.231530149261238
-0.0777519257465723 -0.0361426059504643 -0.248667267438948 -0.189123249229455
-0.0542551625440951 0.0283450548639336 -0.346370980193148 0.0475763075876427
-0.0143725136096476 0.0312124987315646 -0.228316119119487 0.248119260537147
-0.0151412653357087 0.0403555983900737 -0.09009655165298 0.29004620983171
-0.0197234216565415 0.0346453517321572 -0.0137284194660212 0.255965091753158
-0.0241094257625905 0.0143511040158198 0.00906142284598299 0.245828750459159
-0.0257091476835822 -0.011921361821226 -0.00388008494456849 0.252468277513413
-0.0206230329228374 -0.0320923079062741 -0.0605466964328403 0.252962001140841
0.0216640103965226 -0.0602623782184206 -0.168936358927551 0.254395988573857
0.0739909867808016 -0.0232428163549453 -0.294862849916114 0.213484745499744
0.0726670519201073 0.0744682506650088 -0.363590479052474 0.163429822151051
0.028530471861444 0.119572623939495 -0.405404657611489 0.287658956504563
-0.0257100271569864 0.203331240840521 -0.309962377837638 0.157522065318771
0.0563218626799808 0.103154889688459 0.058933671162934 0.0401302644616176
0.0887464914252884 0.0163795261354349 -0.0273031367830274 -0.260323508803557
0.0632761477319913 -0.0185040428684349 -0.265608736271006 -0.227374144991653
0.037604772157423 -0.0279436401074736 -0.368954726940814 0.0270501469703334
0.033820239037977 -0.0525432596821754 -0.250302114381705 0.240276225990828
-0.010001587222234 -0.0660532002570378 -0.0933039578681613 0.280324051762653
-0.0255290199772578 -0.0676715015807392 -0.0140809538104659 0.240089823868746
-0.0110567983689763 -0.0886914023358308 0.020595758344112 0.227860190322248
0.0474135634523377 -0.0911398571071742 0.0187339058519993 0.234548473649129
0.0879423436692672 -0.0574694994899169 -0.021695902943807 0.239915994234109
0.153782279369528 0.00462032415859849 -0.12389325095204 0.258598000449064
0.121877650726979 0.120269153863159 -0.249753231877837 0.236586850283469
-0.00329295855681817 0.221852143998712 -0.293230107570528 0.190841529476172
-0.11584012636047 0.255317806187601 -0.324689366495569 0.272767386833936
-0.149378334551724 0.301337903697955 -0.276157700151069 0.0585966678084465
-0.00742412353914927 0.25801536563486 0.0808420868114709 -0.0035908355912931
0.156045365765076 0.167924940590517 -0.000784019088726628 -0.30226445110939
0.213358271278249 0.032767288017621 -0.259378571780724 -0.279757065776379
0.14912770161861 -0.0720662850940044 -0.368669687621463 -0.0170509485773738
0.0971426563699788 -0.129729812318068 -0.258183183649781 0.197274130407403
0.0083877065973251 -0.164919309899503 -0.0914426216773826 0.233924798961075
-0.0279850959240648 -0.160552938424582 -0.0115582548097713 0.18991686862068
-0.00985531190654774 -0.178483640122743 0.0362046013544463 0.174425542280152
0.0918816311403671 -0.166011132040454 0.0549729397866533 0.184310134744249
0.165997253720976 -0.103459039280937 0.0455967297760923 0.206843033683372
0.273168809920489 0.0184218592726079 -0.0458430306867177 0.259826848945944
0.199130736926234 0.21379278658079 -0.180823105062244 0.265057109530725
-0.0237494370431491 0.341369493347386 -0.214208570149263 0.20061760618567
-0.213123378090264 0.367020221534417 -0.208178266322242 0.222177689346133
-0.26162834549712 0.347966425725965 -0.177664659581622 -0.055831741324237
-0.103825672523359 0.381145072184294 0.136502478089385 -0.0650131777581863
0.177751874118354 0.322421993245058 0.0543034035528049 -0.336870781530641
0.336605060448892 0.115468899446238 -0.21410469514842 -0.330567821970226
0.258412999529872 -0.0896880027990516 -0.327050782241967 -0.076624497597419
0.160616020020071 -0.183388653546514 -0.236665450851515 0.121168418931428
0.0341796556825503 -0.239264951261578 -0.0785509272296801 0.155104422365882
-0.0264890095025944 -0.22976329192165 -0.00760776128613728 0.114029859338491
-0.0162535653409354 -0.240492731322906 0.0471106925716295 0.0949796208419996
0.106344142896363 -0.221377608752889 0.0889069755274159 0.106775134854641
0.2059525655641 -0.149532226086798 0.114778322937338 0.147212838441816
0.350035446247334 -0.000907936828890805 0.0412636687000039 0.237740973385429
0.268201411511092 0.252126213472297 -0.10480413171737 0.276376452456077
-0.0119735343974485 0.405312948440981 -0.14764024352733 0.185432893435811
-0.261955596174912 0.430689170658044 -0.0843175212887381 0.137746571686995
-0.331000596049034 0.33384277771883 -0.0250843583826392 -0.166570885767047
-0.201931798508386 0.428430547155661 0.220595393755165 -0.129334348632883
0.139743978951083 0.42761268628673 0.132315384455245 -0.344812896440319
0.388090527052648 0.202236588713302 -0.12499423466439 -0.352556361426099
0.327430635422564 -0.0753265188316093 -0.241180993789378 -0.134920065186732
0.204587778764797 -0.200853392142345 -0.182520654853119 0.0257394657171307
0.0568355934059034 -0.274293768976221 -0.055632890286119 0.0575630971620759
-0.0209987964907882 -0.263962855102817 -0.0013087695197524 0.022353165701087
-0.0222188242559207 -0.2695425527857 0.0523972581641799 0.0028040422710362
0.101894708501309 -0.245705534403451 0.111671920393689 0.0161336613966568
0.211918359103924 -0.172435449972593 0.169073095003555 0.0712297479264836
0.370837879058818 -0.0164204839671579 0.112855755296344 0.194571032834459
0.289090441476359 0.25072821459384 -0.0379218768138526 0.263102886804652
-0.00764779633186348 0.407863985764269 -0.102072752109229 0.147832625442704
-0.276983642625669 0.428150462733931 0.0272281093521997 0.0374104642374561
-0.335058674913764 0.265005965778359 0.149161325374243 -0.253239904378122
-0.257361382614437 0.381854053256784 0.311687537898846 -0.177958338653653
0.0677503587057244 0.434123726167455 0.212838112933369 -0.316847310249723
0.35097002392307 0.247625702385039 -0.0172513073838382 -0.336822403472525
0.327130848748635 -0.0431679856171773 -0.128303128757613 -0.175932401356013
0.208967049235369 -0.179854633467912 -0.108107259535884 -0.0689106962821825
0.0666190684693829 -0.263600038049215 -0.0268953138210087 -0.0447334853465432
-0.0141557800812823 -0.258152103089845 0.00595899747858151 -0.0705762630518947
-0.0211067898067231 -0.261381379549603 0.0546269839948576 -0.0888804857673689
0.0905972654402433 -0.237018998005497 0.126307683635617 -0.0717066319999584
0.19800017656398 -0.164426517815896 0.207591388919877 -0.000231741025119476
0.343768321161145 -0.00816654921926669 0.162488687028652 0.149669882657037
0.254957129120978 0.237557613617266 0.00895090167894036 0.237680882759354
-0.0304939122537122 0.362884254583426 -0.0740922111858522 0.104809192533473
-0.271062582845463 0.358573741937576 0.121151880918352 -0.0550327705720353
-0.264690435785635 0.154897885691094 0.305918225556127 -0.30533905011916
-0.24188236867271 0.26091501012473 0.382853283962487 -0.204525459611431
0.00396838037352118 0.339733925939402 0.271772542605293 -0.265874152308466
0.250266184607674 0.222598151460775 0.0763372248241599 -0.295928452386153
0.2568151834431 -0.0146672164842483 -0.0257870874486814 -0.198249278899615
0.168431675478307 -0.13203314945352 -0.0355394742100822 -0.147754109201994
0.0597724976934045 -0.209031006971326 -0.00143809143439093 -0.133853501732434
-0.0066084333439282 -0.214172864233387 0.0143618435670073 -0.152206948147401
-0.012442753850724 -0.218614666451855 0.0578097144917865 -0.169270250287829
0.076384876835286 -0.198214221574543 0.142291203355609 -0.144840322778437
0.170289214351287 -0.131338965836337 0.240027046614303 -0.0538408347061936
0.281159044642367 0.0158962524601404 0.196375242897395 0.119156825124527
0.180511831338937 0.212137731998999 0.0393349354959836 0.214650672455
-0.0684841898946084 0.281719874398509 -0.0544941079114359 0.0677765162611327
-0.240952303268294 0.238366103696383 0.198573687076135 -0.12315060963428
-0.142421528733056 0.0211310193452954 0.408956048079044 -0.318363682542863
-0.164348856449489 0.101594159970651 0.411314991979435 -0.215469358294911
-0.0315670726686567 0.181187100136662 0.300586250468136 -0.218395163945786
0.122686406804852 0.140721694739766 0.136711586085992 -0.257801249965528
0.141479265883506 0.00289821479060418 0.0387259877407357 -0.214615777538016
0.0965182540936359 -0.0679855341173329 0.00933625307208126 -0.202097249051455
0.0396488320955642 -0.122633409951846 0.0106829806482608 -0.19661428012622
0.00060715578441909 -0.137171628237151 0.0210425323709412 -0.209215921461658
-0.000369931160696396 -0.144954274443057 0.063762793358207 -0.229800648675829
0.0556280416334868 -0.136275613867431 0.164561325898326 -0.193611346774893
0.127553635295828 -0.0827747390423897 0.274490493087932 -0.0823677311295149
0.192058273593721 0.0391052817502547 0.222701589833271 0.113044291162794
0.0888353847906433 0.165779824333108 0.0600062559271176 0.205116149547005
-0.0996888648930157 0.173063440125351 -0.0396923687250353 0.0464093857504033
-0.184688653880702 0.0900961630052873 0.256172365335371 -0.158344688516708
0.0795002657055662 0.0653989295536805 -0.270918201242272 0.217530064422255
0.0752101159631709 -0.0459081733307138 0.067043653439494 0.0574959029614766
-0.00347900000592455 -0.0969343102566244 -0.0264665262506679 -0.220062168083075
-0.0740417642126218 -0.0348430838980699 -0.238512747149398 -0.179299905332676
-0.0505770776202919 0.0267166760194059 -0.330184675861851 0.0460530443332263
-0.0141717901692583 0.0286864532745774 -0.215674352881542 0.235736365936718
-0.0141742973451584 0.0374214347115715 -0.0816870084674762 0.275519779225475
-0.017670642157988 0.0330094112197622 -0.0119224774575228 0.243613825367057
-0.022510442089418 0.0139218060849068 0.010079828176095 0.23371128356758
-0.0242203123205319 -0.0108780392968925 -0.00230703126739698 0.240121171214618
-0.0195724049900675 -0.0303917001465932 -0.0567777618046936 0.241818923398858
0.0215858324472894 -0.0568077414160332 -0.160078075415809 0.240674581826005
0.070572213365462 -0.0208052083820641 -0.280092942653964 0.202021404679182
0.0693329218086097 0.0719100849497043 -0.349136622023248 0.153924647763866
0.0269245894221478 0.113300574357229 -0.387787069479192 0.275543874245163
-0.0221973070856197 0.192603652771823 -0.29675320298277 0.152786715299332
0.0546220755297168 0.0991294754582298 0.0578513507684364 0.039658391696737
0.0848460083491841 0.0139853756625221 -0.0250792434101703 -0.246979291616996
0.0601668070994545 -0.0192279345053231 -0.254366377053928 -0.215816493834228
0.0359969108529061 -0.0269353903340291 -0.351797587174425 0.0263013076638904
0.0316204234747194 -0.0511584146303011 -0.236547444295518 0.22900120540619
-0.0100222494630629 -0.0628894622583865 -0.0865059677302455 0.26603257492806
-0.0250841130504952 -0.0630086999036801 -0.0126842857548191 0.228596485990791
-0.0112731865664634 -0.0842385584184883 0.0211711395529709 0.216141867603847
0.0440887654057947 -0.0879909072799249 0.0188015727214985 0.222376998621939
0.0831326618331313 -0.0556890032409298 -0.0199997406564177 0.22910561167547
0.146713517773732 0.00382439212027853 -0.116133918679577 0.245701067358706
0.116804306166458 0.115366570557077 -0.237048358011513 0.224860874709142
-0.00262484123636094 0.212859349130407 -0.281254468427072 0.180118382615101
-0.109908244013748 0.242162868640668 -0.312617050890833 0.261728446163062
-0.139120996552381 0.287031653206292 -0.26484936950638 0.0586429962285827
-0.00673759502065295 0.246886575101232 0.0785579426050107 -0.00149350026660391
0.150782793781312 0.157493298264099 -0.00105408797393921 -0.28500380008961
0.204154724799618 0.0282430028267226 -0.247550003386144 -0.266481957005869
0.142472714667325 -0.0703786117320641 -0.351631957083209 -0.0157102085987991
0.0915655166338397 -0.125460491316869 -0.242743590188946 0.187251859065385
0.00646471190023264 -0.1573063796355 -0.0861215803781963 0.221448608253714
-0.0285023568979318 -0.150930609204419 -0.0111806450639415 0.180833059466561
-0.0112285027454194 -0.167758610185337 0.0347071645735932 0.164167594349053
0.0861362056898775 -0.158839089080669 0.0528014209532845 0.174050337144717
0.157411006770262 -0.100136035649699 0.0443213030746763 0.197088728330277
0.260462568914157 0.014335826396297 -0.04111110810694 0.247618485283826
0.191827020364143 0.203130723343141 -0.17229391022034 0.253608903668027
-0.0215244942252982 0.325450031697637 -0.205638809471452 0.191243670150467
-0.200781791604988 0.349656563022243 -0.200503414410396 0.211994714126548
-0.246695516266243 0.333071564444868 -0.171414450394472 -0.0504487158195274
-0.0978442404933621 0.365300775691331 0.130495155540822 -0.058996213175059
0.171386433372711 0.304705324366017 0.0527415723270846 -0.31820643318247
0.322950318136631 0.105369233435937 -0.204319937388869 -0.313679893557629
0.247056663192671 -0.0882211979675572 -0.311777562850206 -0.0729109717254239
0.152412793397192 -0.176810774603928 -0.223175391415585 0.115423024813191
0.0295241505179778 -0.227735371758877 -0.0748688072792172 0.146460928633828
-0.0280426236376142 -0.215745730110028 -0.00799893468358328 0.107917984847403
-0.0186180185217326 -0.226939436010274 0.0446881420602977 0.089322298027114
0.0991061770301979 -0.212117802779756 0.0852599148217107 0.10093688347103
0.195203076408349 -0.143902976825193 0.11020931090082 0.139135176424158
0.333366622967109 -0.00447575255705539 0.0412138297954077 0.227123297969376
0.257534966129962 0.23724015566522 -0.0991952505668866 0.264408166350299
-0.00985198855919036 0.386800534497887 -0.142102900463657 0.175518767348512
-0.246314712704469 0.409447906141911 -0.0832129744672868 0.130576144856119
-0.313645381209416 0.317901299633293 -0.0258222963545589 -0.15687137432708
-0.18951643279806 0.411008479269045 0.210472715994004 -0.118644120621278
0.135294021568846 0.40561732146327 0.127483866390041 -0.325848993673542
0.373541316474605 0.187771437796069 -0.117732070428721 -0.334998289374179
0.31290580223599 -0.0750124104344956 -0.228711124109489 -0.127825812069307
0.194713186961334 -0.193121732951426 -0.172527644002469 0.0243365258338563
0.0512749573850264 -0.260930088295263 -0.0538911280392576 0.0526631104758677
-0.0233638730926667 -0.248838247338406 -0.00225887816999459 0.0200808765021084
-0.0242216592761044 -0.253662303355682 0.0490817338144004 0.00119995573199835
0.0946792587704902 -0.235504017447752 0.10599667933064 0.0146131068810242
0.20045101940685 -0.165966482902645 0.161295674822992 0.0666952219326376
0.352542356637115 -0.0183959052301573 0.110751588337572 0.185648266448077
0.278600684483002 0.23704620175392 -0.0345953034225868 0.252724212420505
-0.00613218762798141 0.388679099359084 -0.0987583756060128 0.141309385034871
-0.259372590062262 0.40615555818809 0.0227644706637561 0.0342210928912293
-0.31641126148297 0.252714558904838 0.141895507313973 -0.240098550455913
-0.243527470669993 0.365634633220022 0.296459045723421 -0.165789573769968
0.0689689681079247 0.410923446142406 0.203358965233301 -0.299753294526373
0.337691242994191 0.232551671906268 -0.0161621865196044 -0.320640280696112
0.311272608630802 -0.0431486418664801 -0.12198197899479 -0.16788491416375
0.19880898353404 -0.173610541853679 -0.102089210734651 -0.066384670666242
0.0605951133361991 -0.250679104388227 -0.0273517713587703 -0.0443880505857356
-0.0157844308056974 -0.243566390902911 0.00475152666661718 -0.0688406741381761
-0.0229432840528052 -0.246016832149734 0.0514416526814463 -0.0852859828697399
0.084259659781242 -0.225958216059821 0.119463244406744 -0.0684844009533477
0.187480187497847 -0.15812501030925 0.197196475477286 -0.000822351672664013
0.325475214640856 -0.0105899520531597 0.157563756929839 0.142664239832033
0.244700512084426 0.223132040706097 0.00939724479809249 0.228160259434581
-0.0279052248011242 0.344731552757547 -0.0712861029172725 0.100717759426728
-0.253212168134126 0.340286392891634 0.112813070169743 -0.0547408890165678
-0.250272944636552 0.149033381559419 0.292408395832258 -0.290579549901284
-0.228526350640454 0.249559034247514 0.363822647246671 -0.19121362197007
0.00594594292087256 0.32050441436272 0.260231532636163 -0.251394189401047
0.2412732161849 0.208992160071451 0.0737284127549631 -0.281691844911767
0.244430985862042 -0.0151363357461082 -0.0236473600451767 -0.190254339741948
0.160564569319227 -0.127540526269173 -0.0341131393417229 -0.142024852302291
0.0550208981919216 -0.199143020820251 -0.00366021376026215 -0.130015173081594
-0.00873282540705458 -0.202169468137194 0.0124652994270305 -0.146230250928827
-0.0143243671597327 -0.205612764176925 0.053909488510106 -0.161022870364468
0.0705532771874256 -0.189491581799625 0.134735183401257 -0.137276956279773
0.160997793131312 -0.125666714583038 0.228292046538535 -0.0522839041852957
0.267081650358343 0.0132435620039844 0.189316076963545 0.114090958644976
0.172843427464219 0.199804730452152 0.0395497750709756 0.2061663702153
-0.0647045433765977 0.267827457851494 -0.0524395604714774 0.065679823383605
-0.226063084143569 0.226826864109329 0.186821743273963 -0.119985129284605
-0.13407685587025 0.0209683005076095 0.390677717219242 -0.30488990103291
-0.15481563953967 0.0962921894048051 0.391849034197044 -0.201413865436914
-0.0283964644564443 0.170513499438124 0.28768600240444 -0.206414598345478
0.119543363603934 0.132973753807173 0.131491660329802 -0.245962797408156
0.134920097753394 0.00204988867641529 0.0373029091692318 -0.204889913187153
0.0921948954942147 -0.0652540500984508 0.00778980301306795 -0.194658556911363
0.0372572361660102 -0.11669548932107 0.00805046917634678 -0.188858428538555
-0.00149254965782899 -0.129281500358528 0.0185395161407652 -0.200855799505962
-0.00214892073379854 -0.136561333803688 0.0600246053477921 -0.218789254282109
0.0510699309921953 -0.129335598614415 0.156514536715956 -0.183938173701886
0.121230301412554 -0.0799036284222269 0.260166237934085 -0.0784830202027992
0.182549217107673 0.0354688020146131 0.213646758097691 0.108301951192485
0.0840771391492063 0.156040507358109 0.0578630191775791 0.196769345373074
-0.094034016535801 0.164380736246592 -0.0390309478254993 0.0447900677532299
-0.172412801711214 0.0854924809814291 0.241486542798633 -0.153567681160514
0.079230695135407 0.0639633288667943 -0.269959676883461 0.214066150595158
0.0763556304992683 -0.0441060720816728 0.067935979459425 0.0589099188250258
-0.00283213842712978 -0.0955187566935367 -0.0223895844056258 -0.217021548468421
-0.0724602624095651 -0.0348821421339058 -0.233219749939256 -0.18052742557932
-0.0496989471531742 0.0250787061842586 -0.32769570574129 0.0415031957867927
-0.0149579493452273 0.02699969361171 -0.214646081124978 0.227953437032877
-0.014019543503094 0.0366505203724365 -0.081562019563097 0.269648148066843
-0.0171628881623867 0.0330522643808473 -0.014150817326398 0.240523353771927
-0.02164106849917 0.0130374791355678 0.00796155570143139 0.230455316997861
-0.0238127590093709 -0.0112847610978363 -0.00459058425831521 0.237004340587902
-0.0190815432043919 -0.0295534518581667 -0.0599168191006597 0.238071149195422
0.0223508842516833 -0.0554589503499774 -0.161776156592597 0.233947693666333
0.0700140154352243 -0.0175353607623703 -0.278785190972807 0.19290089772734
0.0677534703515386 0.0739104895728709 -0.348799377935745 0.144029031457128
0.0246626685119653 0.111251020469678 -0.388382415563055 0.267952184466
-0.0224130425731323 0.188706362462673 -0.295539592551525 0.149709982084658
0.0537110900553499 0.0988730523792137 0.0588586605224552 0.0418643828676046
0.0836821599506412 0.0143245981225273 -0.0200485224988094 -0.243135054000004
0.0608063206509308 -0.0196636190275968 -0.248694185603811 -0.216513551368582
0.0367218950317459 -0.0276633802770734 -0.347309176337956 0.0210501431036949
0.0310973507276502 -0.0517413071168013 -0.234965127470725 0.220777026883406
-0.00978188460744003 -0.0619073482053701 -0.0874853435014647 0.260665940543345
-0.0241549277612365 -0.061260562641116 -0.0151222406892558 0.225431517648961
-0.0102372984412975 -0.0821025882511511 0.01840450287742 0.212481477044301
0.0444324615255062 -0.0866601995380507 0.0164268716080478 0.219395460668045
0.0831692131519909 -0.0544340502690027 -0.0224949936336612 0.225955855952434
0.145069343614418 0.0045781277258216 -0.117299413146661 0.240388558880692
0.114753889828836 0.116513801902612 -0.237469622729713 0.218108963525962
-0.00571278973051603 0.211558528515724 -0.281129220603048 0.171991668035983
-0.111036866352008 0.236804551523899 -0.3161301259912 0.255036745674097
-0.139568721221322 0.280976958227337 -0.264125885510596 0.0580558470726669
-0.00945854219433224 0.245506936757594 0.0786804705067486 0.00225985365414834
0.147661162247074 0.155599290677959 0.00489846628038204 -0.28066939577267
0.203014413200494 0.0284873914171223 -0.240584299841066 -0.266686392171801
0.142206027941609 -0.0693016173502026 -0.346952110944031 -0.0210636264097343
0.0910708489902897 -0.124465463890329 -0.240812050219133 0.180909213634736
0.00710359239693389 -0.154558839745473 -0.0872833454547637 0.215900132042473
-0.0277117947398386 -0.146886633742392 -0.0136063026153726 0.177951735953907
-0.0102776798075351 -0.164407906377716 0.0321993604814827 0.161271407155747
0.08574433311724 -0.157368700389444 0.0503801051023167 0.172698936742412
0.155933555714248 -0.0977243824939965 0.0413790555650809 0.194661542123721
0.256521438356967 0.0161377603766008 -0.04195032840261 0.243914355512909
0.188656781609529 0.20248812738451 -0.173864931419246 0.247912625804226
-0.0257218191046889 0.321888603304251 -0.207152040759459 0.184591691556456
-0.20180580423526 0.342208973750135 -0.204109381650488 0.206877021124946
-0.2451735612175 0.325130297716838 -0.169501658680682 -0.0497105722531959
-0.100680916414061 0.360984230093029 0.13076169763199 -0.052515370834873
0.167550263559054 0.30117792716291 0.057304327057915 -0.311823569491303
0.319974480708212 0.106048262549382 -0.195840356357146 -0.312754696396121
0.245687102545742 -0.0857200163131156 -0.30700326932598 -0.0769843671003686
0.151935655385178 -0.175213880301301 -0.220083652666587 0.110139856170085
0.0307408970865375 -0.224483039357566 -0.0769962566450427 0.141502034599977
-0.0267867205833039 -0.211047679277457 -0.00975324527259119 0.105443021018983
-0.0167558306677521 -0.221310110235974 0.0429283162372217 0.0871049920537921
0.099148867645971 -0.208926937438112 0.0825577955060908 0.0997492675766222
0.193258536809055 -0.141043836072844 0.106869461903446 0.138845429395957
0.328767908935475 -0.00253563645748569 0.0396829124917009 0.223877112744378
0.253980986188611 0.235614255896222 -0.101447681607541 0.261116806800131
-0.0149128552923969 0.38150660235655 -0.14409237109168 0.171506595993429
-0.246450867446254 0.39912647252702 -0.0867222841270434 0.127278717157899
-0.312896084920358 0.310602657884868 -0.0235513841113008 -0.15271033682247
-0.193137203113617 0.404566968269046 0.209784111183527 -0.110242985693897
0.130994084813605 0.398457106863648 0.131586495016157 -0.318390908270107
0.369259910854037 0.188406074190149 -0.111163160955433 -0.33262963060076
0.310902739753301 -0.0716930795082793 -0.224167356502509 -0.130601884430584
0.193972518951625 -0.190687549377737 -0.169630037421008 0.0205693171102806
0.0521758052046551 -0.256509832690277 -0.0561157803813751 0.0488415585244349
-0.0220370681399402 -0.24325513177382 -0.00356101628931632 0.0191377005118938
-0.0225887440621967 -0.247190113893404 0.048362901126348 0.000852800284880972
0.0951529906509214 -0.231623271191993 0.104346968218149 0.0152233693840598
0.198942113529954 -0.162547880405221 0.158612279061617 0.0674124465935096
0.347829418890462 -0.0165648271859549 0.109455255363628 0.184424438563383
0.272196817544822 0.234780666670286 -0.0374029280725556 0.250371402980045
-0.0108015370663385 0.384472731899216 -0.0996269533773909 0.137646391879389
-0.258306143942878 0.396534501121424 0.0196102173684246 0.0327753298921252
-0.314156841672983 0.246033603631536 0.143912888293659 -0.234110487778309
-0.245421882800881 0.361005984328235 0.296266723083133 -0.154412699619811
0.0634089060208619 0.40428263203038 0.206553044281733 -0.29090702787202
0.334044447742651 0.230781128590965 -0.0100596540101668 -0.31652480956951
0.309179710676805 -0.040453063221358 -0.11675729458486 -0.169060394153944
0.19851051029013 -0.170252858405567 -0.0990751142495395 -0.0681072761341805
0.0620802208261063 -0.246021115975302 -0.0284886991420486 -0.0465548691174045
-0.0154893382931372 -0.238286545644901 0.00418826660509249 -0.0692493106382265
-0.0219415594661993 -0.240391649429548 0.0519010609891511 -0.0838046242638098
0.0848913348751529 -0.222469356228069 0.118813630136585 -0.066437601735729
0.185902474655483 -0.155061339297848 0.194442860568047 0.00113964881736897
0.32155011634063 -0.00761840113118796 0.15589265427992 0.142866953102102
0.238923058536189 0.221388656133631 0.007030927322211 0.227531004188384
-0.0319999378611764 0.340005547928745 -0.0725496684827071 0.0983967902288741
-0.253066706057776 0.330758711738865 0.109258874659992 -0.0538506919950292
-0.247260581456866 0.143639914640261 0.294143575051197 -0.281725996478449
-0.228178905487169 0.242790484568432 0.363005576331906 -0.179215617148235
0.00252285442576356 0.314688349615301 0.262321194734626 -0.243725631316835
0.23715891429837 0.207197001947655 0.0780608589913181 -0.276318385601727
0.242857652736318 -0.0128476624086656 -0.0201973539229286 -0.189111061564664
0.160742946248571 -0.124027218261688 -0.0318788357389835 -0.142370079998807
0.0558905876640918 -0.19496318163491 -0.0043361379468858 -0.130293460920761
-0.00854724584367711 -0.197908928606751 0.0118249809384779 -0.146200752121909
-0.0127398729150243 -0.200859351433134 0.055681332900407 -0.159123172964306
0.071286321298254 -0.185401346709007 0.134828853126894 -0.133249460355214
0.160290111944254 -0.123869144399882 0.224767023333034 -0.0478760282899154
0.262792751511868 0.0161060133355089 0.186403563644357 0.114675017376934
0.16814277268761 0.197202081852207 0.0372190593475927 0.205788680313815
-0.0674986371156182 0.263130191235226 -0.0532012343344863 0.0648436984926938
-0.223387417447603 0.219158468670974 0.183890605219878 -0.118062068754982
-0.131119265990112 0.0191046950487044 0.393472007933069 -0.297015381486612
-0.153142023179817 0.0926150102319948 0.389907809418351 -0.190323274841714
-0.0300488339960769 0.165570201549035 0.288639542687473 -0.198387160299785
0.117751820079398 0.131469463219657 0.134592794203421 -0.240663941986259
0.133661401666795 0.0038489688017753 0.0401050950051252 -0.202469905182308
0.0918140153383927 -0.0628251643959412 0.00942865515276897 -0.192997041938253
0.0373914848356217 -0.11431604262033 0.00809544708933174 -0.18881138805211
-0.00123218606000604 -0.126453041687631 0.019150412820287 -0.200287450184999
-0.00194364713090516 -0.133432711494134 0.062584853361753 -0.214530371312327
0.0511889018644496 -0.126228346867138 0.156304796745682 -0.17908934202695
0.1201370630153 -0.0784597373090319 0.256943881129788 -0.073794692631611
0.179063123499235 0.036890076884894 0.210534438718048 0.109942976458642
0.0801822940572538 0.153725306058117 0.0551139787678152 0.196099152009217
-0.0949486382099643 0.160575120291751 -0.039960605928612 0.0443842453386332
-0.169181410761613 0.0815392262103141 0.238609805884647 -0.15166926582919
0.0819400601996976 0.0631990386418452 -0.277130136941972 0.222182574406707
0.0793420591564315 -0.0457128521580665 0.0728209886413561 0.0611424770298031
-0.00360168371824856 -0.0973593950752032 -0.0203916066543339 -0.222100638193523
-0.0743691028480177 -0.0355795404090404 -0.238836351874302 -0.184187530345709
-0.050698539166218 0.0249199318591095 -0.335555350819028 0.0421409532228199
-0.0158693863351293 0.0268755432765925 -0.220129482909774 0.23214366574622
-0.0140533794311957 0.0370962205509475 -0.0816411709562715 0.274642779321827
-0.0165796032274537 0.0337641992929965 -0.0136149290862291 0.247091692196245
-0.021608308284905 0.0130718331302408 0.00806739209841202 0.236801636882409
-0.0237209647061172 -0.0114546634861427 -0.00378051226872805 0.242851220982532
-0.0191975089952544 -0.0294335914983746 -0.061306981367516 0.24431268815125
0.0233040942986372 -0.056742381978987 -0.167733597828938 0.237973645613121
0.0719326368217876 -0.0163476814573819 -0.285836764408505 0.194852658784782
0.0695917089020297 0.0776767500187268 -0.359394141291714 0.143690535835873
0.0248491183615681 0.113748999077115 -0.402115306954372 0.2751446156786
-0.0215969127572758 0.192059804356117 -0.30480644701016 0.156976638767817
0.0553586060043336 0.102321577148671 0.0626063614777691 0.0447623488027187
0.0854131565431547 0.0133995692269664 -0.0184132201313141 -0.249140454684958
0.0627951178735778 -0.0210358674430605 -0.255025411902777 -0.221938255297011
0.0384271140031968 -0.0293484944871554 -0.356353300772087 0.0205894968133923
0.0311933776026555 -0.0547894729467447 -0.238803316376763 0.224655144159895
-0.0104738419957857 -0.0634212859260171 -0.0883393502675127 0.26463595137479
-0.0249039513247058 -0.0618685417285602 -0.0155315535216464 0.231165326660899
-0.0107187143874741 -0.0840040469674041 0.0187326888871565 0.217393230631581
0.0455472221736621 -0.0893207622267213 0.0166375129203459 0.224503224825531
0.0850394416516739 -0.0556545896427282 -0.024135941254374 0.231477275988958
0.14862517970841 0.00386513734551159 -0.12076894856535 0.245179647316099
0.118337347079258 0.120415237559421 -0.243338505214929 0.221345439103124
-0.0062249739547267 0.219206021314462 -0.290669244034903 0.173777249106338
-0.113938929557728 0.241302853677038 -0.32575888091706 0.262146306853445
-0.141559973511336 0.287311826993886 -0.272228150347493 0.0623829220360729
-0.00889037353975513 0.252924183457728 0.0828550574270926 0.00582288841465383
0.151702436924999 0.158091901327748 0.00840522570759623 -0.286002941689173
0.209108449554666 0.026985356207571 -0.246071481230282 -0.274080472493371
0.146816125649171 -0.0730073347820831 -0.355473699209162 -0.0226117483331521
0.0924393096761831 -0.129266503546138 -0.244859197084609 0.183402659834491
0.00672568634547555 -0.158026796946989 -0.0900344001822526 0.218801921197916
-0.0289399126075258 -0.148916393067016 -0.0145052169593973 0.181549925075235
-0.0111342802364786 -0.166841426307692 0.0329362641137675 0.164896237123712
0.086980343387533 -0.162115709365148 0.051598668089633 0.17608065485194
0.159342896018777 -0.100501893885436 0.0420841119770438 0.199083269924851
0.263084042042886 0.0147350374119549 -0.0433427623975801 0.249032103238498
0.194761136678756 0.206733308405939 -0.179146195739453 0.254074918371219
-0.0271891193365084 0.332005618900976 -0.213873887168679 0.187059033087078
-0.206614083322088 0.349890880162599 -0.213142534651947 0.212049971265454
-0.250899396347943 0.331100722634924 -0.174269397593962 -0.0472620768966992
-0.102683434922674 0.371594490985395 0.136024249099639 -0.0496260397559713
0.172166490437927 0.307294298847358 0.0618614080166615 -0.317833839322409
0.330201100076573 0.105411652434897 -0.200311064895529 -0.322047799229529
0.25254022296164 -0.0903573104178401 -0.314465908391041 -0.0802086097179619
0.154978709301022 -0.18109828142491 -0.224543925417088 0.110709884298797
0.029960191304289 -0.228801335122293 -0.0803527397722445 0.142267921804354
-0.0292996770335674 -0.213732604720489 -0.0113249919162783 0.107217227102403
-0.0179884993345277 -0.224436915501461 0.0433559068272319 0.0878165102591779
0.101001324760594 -0.214950014091649 0.0847881199337965 0.102158684543055
0.197150990553374 -0.145666537860031 0.109369266653439 0.141319715041213
0.336819893956065 -0.00375651625045891 0.0427504684098151 0.229164379029862
0.261417956114103 0.239815583197644 -0.104159994769746 0.268414891688315
-0.0161037347269435 0.393224156466959 -0.149171724698765 0.174257175947041
-0.250794593893914 0.407804885834968 -0.0920996480359238 0.129885223119317
-0.319317055312816 0.318030356455164 -0.0238747267244518 -0.154317502733683
-0.19831719605888 0.416089078359123 0.217053082974642 -0.108271101308456
0.134173357837543 0.406480429566262 0.137222576139298 -0.322988216761765
0.37911931864198 0.189191641218675 -0.113324680866086 -0.34161704508527
0.319634068788871 -0.0756353058085905 -0.229489273526257 -0.135775780616957
0.198743699427246 -0.196587224864267 -0.172710190387436 0.0190852160872169
0.0525296366293695 -0.262445127033873 -0.0593827316695608 0.0479509739474971
-0.0244420350552694 -0.246233180574473 -0.00470267233960315 0.0180269560139946
-0.0238202040251501 -0.250803586165738 0.049456779116777 -0.000655253704415237
0.0967713489164964 -0.237185717025108 0.106677517301883 0.0158099480884908
0.202823989608866 -0.167585890662869 0.162948765461752 0.0684955929704905
0.355681125829082 -0.0181937122692575 0.11402008669738 0.187683189753272
0.280520360898497 0.239447765514612 -0.0380606115399768 0.258998134101546
-0.0119144343594677 0.393724665029586 -0.103589628535624 0.140632913105271
-0.264498699323802 0.405074186056943 0.0169589347301483 0.0327546586774651
-0.320816280451688 0.251438727419206 0.149163501916734 -0.237770554645841
-0.251197911369727 0.369488014382699 0.304682726551317 -0.15343407371723
0.0661307302143014 0.412633606251305 0.214380938923289 -0.295654441867142
0.342835492580727 0.234140003395635 -0.00918996726783336 -0.324128408519703
0.318006487938106 -0.0426975761095565 -0.120420997664108 -0.173817183148335
0.203355173086374 -0.175917549412206 -0.10135548341408 -0.071631248002836
0.0618200597010575 -0.250954841152018 -0.0319587840428113 -0.0499627947285152
-0.0178474217076005 -0.241908482473844 0.00247488346136343 -0.0725343328999953
-0.022952702748089 -0.243351169665456 0.0523251327923489 -0.0875178800487365
0.0859827267383478 -0.227501078306612 0.122275300956616 -0.067299527904783
0.190077339670149 -0.158642058479264 0.198976820619881 0.000636137478420242
0.329780373151682 -0.00965374373176361 0.161246526467366 0.144948252313844
0.24478947982443 0.224659228303365 0.00831998424634084 0.23540925405407
-0.0343787066239965 0.348572240666084 -0.0748159368022165 0.101390289201497
-0.256092771719945 0.337688677456554 0.109905415864214 -0.0569023457872429
-0.251177416209655 0.146262130993622 0.304090795497245 -0.288713975473313
-0.23355738540477 0.249156754535285 0.374611077472459 -0.179848526575077
0.00238842637799858 0.319330169077648 0.270224556387329 -0.247464954110156
0.245749140881625 0.209675740093902 0.0806710268510062 -0.28303333598566
0.249174224046943 -0.0138189066397171 -0.0196232871678146 -0.193912015862202
0.165089420712685 -0.127826763738941 -0.0323703611262517 -0.147221576344858
0.0556878181073476 -0.199345814744886 -0.00625635904593931 -0.135468135311848
-0.0104474678234806 -0.200672429333815 0.0103957416031032 -0.152499485876793
-0.0148532550546892 -0.203351045064338 0.0572576073276516 -0.16380708822754
0.0709227164166219 -0.189176855566629 0.13923292788635 -0.13525806129776
0.162929857377695 -0.127163452705275 0.230063629266818 -0.0493026631707633
0.269528979614189 0.0151589748998989 0.191926397299564 0.1178519220245
0.171861294981227 0.200290611558112 0.0379499040340307 0.212747101930224
-0.0694133088301204 0.269226214864204 -0.0552065620989333 0.0669817125132694
-0.226491024270629 0.222980804905019 0.186722330043669 -0.123264802232099
-0.132296558979365 0.0189307135105796 0.405314613695439 -0.304446883890842
-0.155858376156008 0.0939201122402997 0.402810211230839 -0.191569270956801
-0.0308057731507048 0.168247140581279 0.297015957158198 -0.201650205787573
0.122639468547464 0.132557907480825 0.138076303979419 -0.245724881228522
0.137990924608033 0.0037094405583643 0.0421272258874483 -0.20864556747397
0.0955772233074912 -0.0645768297669041 0.00912494886472102 -0.199027234619904
0.0375840795818519 -0.116716207731989 0.00683529255503073 -0.194636647370661
-0.00318545413307974 -0.128776607483289 0.0174338191219611 -0.207895305664852
-0.00311445283548907 -0.136142080314656 0.063733178168672 -0.219235700276777
0.0507713811515193 -0.129327004518651 0.161531374663379 -0.18150892418634
0.122178526915598 -0.0805030102240004 0.262804444397466 -0.0750138261429419
0.183751318535109 0.0369519107667058 0.215690853087195 0.113288772542224
0.0812229860712159 0.157035037728889 0.0564195807326764 0.202631793866129
-0.0965819786218559 0.164067560632453 -0.0421902297285673 0.0462404026540516
-0.171040783398659 0.081948379929342 0.242516270749189 -0.15697452392658
0.0884089264829685 0.0602027380616303 -0.280308127392701 0.246006691039798
0.0816510301025287 -0.0513821901563995 0.081314735832536 0.0616737291515045
-0.00794792919820391 -0.101114641952609 -0.0278764609502145 -0.232607126222365
-0.0783445366226413 -0.0348399062453977 -0.25559797372598 -0.183970125896949
-0.0521022881368311 0.0270895376766559 -0.34898174492607 0.0552210538387845
-0.0163973494199379 0.0279051739874038 -0.220159281000516 0.248724634152227
-0.0130457216062993 0.0390787708654382 -0.0728950741194478 0.28780425252897
-0.0146361096155646 0.0361208263698278 -0.0046519855628953 0.25912766648673
-0.02158016505858 0.0135507575641186 0.0182110817235814 0.247531904551959
-0.0250538230364651 -0.0116390193251916 0.0063148636415546 0.25357169126585
-0.0204742812957907 -0.0292299946015259 -0.0558879629240052 0.25757888842135
0.0224089998346991 -0.0598764913113325 -0.167921036655871 0.253364136455434
0.0752831902941354 -0.0182823973099664 -0.292197001669226 0.210241280175994
0.0763193981320433 0.0805211800546908 -0.37261306421905 0.159587624983525
0.0300316399375733 0.117251550259916 -0.413082982902579 0.304525557573669
-0.0141870591987683 0.199649934476693 -0.312338222754322 0.179514820126148
0.0630296384726172 0.104661893184488 0.0701259286362735 0.0458094902711524
0.0895553146572107 0.0105745793724131 -0.0261485474838017 -0.258566216547846
0.0653171087293935 -0.0259409085034347 -0.273997712485196 -0.222195716163818
0.0391438627971754 -0.0339504081303471 -0.371702697793022 0.0341489098185496
0.0291476828786421 -0.0590302106934732 -0.240356257353207 0.242010056061236
-0.0128949123918281 -0.0658696580629043 -0.0819032882713965 0.277951192968278
-0.02777377514426 -0.0621102741579515 -0.00790751249119512 0.242443109857635
-0.0142682922927616 -0.0872372931023689 0.0273254019155314 0.226348598589379
0.0439264562289365 -0.0952240339185485 0.0258536580404925 0.233818940675726
0.0867964249435132 -0.0611031903860364 -0.0175707234574533 0.243185164938255
0.156369221917525 -0.00253791681379154 -0.117791308027144 0.259368681747008
0.129779459810496 0.12134779052848 -0.246758894019706 0.23914859693496
0.00138546174385274 0.231521183415956 -0.298901410521651 0.18835772745065
-0.109406167594217 0.256495788429536 -0.334098723796793 0.286801144801287
-0.13568887898043 0.303253587060952 -0.281426494630616 0.0794758117641917
0.000884260586362197 0.26518426387412 0.0891383058599514 0.00554647453857155
0.164464064818588 0.158277394684613 0.000256183724677949 -0.298787894649151
0.220120570257814 0.0170002478984839 -0.26825172845624 -0.276856883556024
0.15101186555545 -0.0833349687615675 -0.373696698354454 -0.0118458343596662
0.0906884380337349 -0.140050566601768 -0.248223804036271 0.198940289491513
-0.000504149821248055 -0.164686903080268 -0.0859851328717569 0.230744213365195
-0.036957205391782 -0.152017540025233 -0.00909444483199939 0.190559235045245
-0.0178847862662042 -0.172872413943892 0.0390154401753009 0.170125201346206
0.084007806995539 -0.172914253147208 0.0602731777203596 0.181587904990482
0.162369057425158 -0.111474802140708 0.0506822567243259 0.206342911136653
0.27474266794668 0.00379012129638899 -0.0352544351485937 0.260799151630266
0.21269612758058 0.208162746809598 -0.177396276222218 0.27177778016082
-0.0158682919089 0.349598149236374 -0.218932851823097 0.201418465063207
-0.201472289752697 0.371223968954903 -0.217205667667652 0.229416294547113
-0.246922817575477 0.354350841399047 -0.183237640192258 -0.0398297487162496
-0.0929272911853181 0.394042138579873 0.14264089688306 -0.0534780641947734
0.19157295170602 0.31197209305722 0.0551229217600944 -0.332085087516568
0.35014233887623 0.0941861926457597 -0.220543059794268 -0.327684719445208
0.262161849687471 -0.105721508821799 -0.332334905036071 -0.0733609858509226
0.154113978335512 -0.197642632742774 -0.2295996076378 0.12204063943076
0.0215323631177333 -0.239948162374086 -0.0803563111657268 0.150443918950024
-0.0401609567673542 -0.219747164990331 -0.00881259426379037 0.112021707872996
-0.0279825294209317 -0.231828410087365 0.0471652442138067 0.089051043793497
0.0958826832238656 -0.228536079801342 0.0922249253768541 0.102840358427045
0.199161518276874 -0.15942362381061 0.11953052470254 0.143817809894768
0.351180566272776 -0.0193234864509917 0.053721346917867 0.235912197841939
0.282415709522639 0.239190164590445 -0.0978155125335137 0.285438416675964
-0.00260585683873223 0.412068353054263 -0.150082326474969 0.186563384159576
-0.246234187832679 0.435716468078953 -0.0945004927819021 0.138384798096819
-0.319482706232362 0.342992254610381 -0.0294636930288442 -0.157812745868415
-0.191493694250198 0.443473862930276 0.225427387934865 -0.117108905089255
0.156547118431297 0.418494608081798 0.133573646764275 -0.340685827589988
0.406644572839474 0.178700590872801 -0.130496038726377 -0.351655085183715
0.331920698552485 -0.093131461278218 -0.244560063614051 -0.134530751444181
0.199474450088562 -0.216025623016517 -0.179013317294331 0.0243129817776983
0.0433926823918988 -0.275281786537013 -0.0625798430513445 0.050396114206374
-0.0376093057726028 -0.253859664686771 -0.00615932279540932 0.018369988612147
-0.0352682997887347 -0.258303646898318 0.0504743331499064 -0.0034491668159136
0.0906117760069124 -0.2513144321785 0.1117981526174 0.0123149394727449
0.203900389996495 -0.182825623466506 0.171585853591098 0.065472073123054
0.371597438423152 -0.0339307472048025 0.127070457728112 0.190037419745161
0.302405634670566 0.236153398319071 -0.0292239496550235 0.273765554356201
0.000739375967108336 0.412370846812192 -0.103206414534171 0.150944561662476
-0.258744190814837 0.430622339694236 0.0164641702960016 0.0321198470452655
-0.323181852022754 0.273452177577963 0.14900675442577 -0.252343401692745
-0.249159997524359 0.395039129247372 0.315640038597435 -0.167720959834919
0.0837236157640484 0.42597360363666 0.213786488652224 -0.314865642648975
0.370313601659 0.226221229232523 -0.0213056505984783 -0.336982212902413
0.332190280941665 -0.0582606522558112 -0.131347202630431 -0.178387143687568
0.206854581948862 -0.193136150542427 -0.107876928082171 -0.0730710985400663
0.0543590982893775 -0.264036088134241 -0.0378875243187647 -0.0528764521933692
-0.0305072848366432 -0.249459460837746 -0.00233399824916278 -0.0771020668224369
-0.0341228141882979 -0.250435848787683 0.0510612126100639 -0.094523525614801
0.0800901865485139 -0.240374426082694 0.125431915466504 -0.0739678981999424
0.190653484988256 -0.173155081227847 0.208129504459364 -0.00704133164950295
0.344215967140442 -0.0236317355691602 0.175007749041509 0.144277062636607
0.26423919288038 0.223553037872488 0.0190296047214729 0.247493795793469
-0.0229253803285022 0.365354163099973 -0.0749478135588184 0.108694672220959
-0.252749962957581 0.36156998738586 0.110537065693006 -0.0650239229466385
-0.255432445537283 0.161519173410279 0.308756894650142 -0.312994216875856
-0.234805407343588 0.268964002541262 0.386509191386729 -0.198005344090305
0.0152489458582259 0.331269743883404 0.274849524345909 -0.264985406997585
0.266225937901393 0.206769546908778 0.0747105438601339 -0.297111410484275
0.260581439054513 -0.0253907236872094 -0.0271142798826514 -0.202238265470776
0.168653962070653 -0.141484081058461 -0.039859764229648 -0.154997692703666
0.049816639506517 -0.209037146464279 -0.0144177399235743 -0.142452426905446
-0.0212967218796917 -0.207262487282142 0.00274389222100916 -0.160250354028286
-0.0236098865821291 -0.210398229010756 0.052979327778862 -0.174731986990023
0.0660399580413873 -0.199538174767463 0.140368671128578 -0.145640810367427
0.164622709439859 -0.139212624299324 0.238306462966196 -0.0597431347222393
0.282693992468225 0.00521410914725457 0.206173370076348 0.114681772140076
0.18539552851997 0.20081789906995 0.0492664844384756 0.22342457142032
-0.063310574790675 0.283574896764972 -0.0556756539883591 0.0725523528538993
-0.226226347061982 0.239738229030747 0.187706192192755 -0.138471656311295
-0.135767407711476 0.0238194394390537 0.414199877975811 -0.334370282368349
-0.159313278993855 0.103474325402474 0.415338227435714 -0.212340745709663
-0.0265906376586278 0.174870987023007 0.303964663727903 -0.219075312514945
0.134316843210463 0.131312144084873 0.136548246355254 -0.260413978986489
0.144774975873403 -0.00153646536033784 0.0368653446616374 -0.219131691233223
0.0988202810229013 -0.0715598487208356 0.00230008032431571 -0.209434914608397
0.0344821057889495 -0.122270301288597 -0.00203049990583314 -0.20485391979873
-0.00985981213591048 -0.13256633039063 0.00722713461649267 -0.219058196131069
-0.00865831257534402 -0.140449373166628 0.0577874607920644 -0.232369601255467
0.0472759833959472 -0.136312096512308 0.162574876109359 -0.195670413578843
0.124023748853557 -0.0891624661625525 0.271926501868825 -0.0871668033867582
0.193623123691428 0.0313127779612926 0.231215471532266 0.110963486090699
0.0893554826974805 0.159166215741829 0.0673810420964649 0.211662884178336
-0.0943463857915434 0.174202482600123 -0.0428357834308354 0.0503539319959843
-0.173258251757116 0.090582986904139 0.24499295152393 -0.175966680195362
0.0795757986573323 0.0799175223046643 -0.314856071401328 0.213337015324402
0.0911301818317116 -0.0400208303293319 0.080777820987204 0.0729539352015184
0.00421392605255454 -0.103050267629615 0.00632796194343225 -0.247071655656412
-0.0770318792613318 -0.0423059691325305 -0.240208991806906 -0.228400201047554
-0.0573168715024341 0.0254557296650978 -0.368706002907275 0.0101963517712017
-0.0213754561113207 0.0287264636268202 -0.260593185851714 0.224163560796905
-0.0186130162996462 0.0374655304388241 -0.114600328177041 0.286029214327312
-0.018915082873946 0.0358744380376014 -0.0415137706480304 0.266150477188609
-0.0242314949860673 0.00988341862867422 -0.0139501122238031 0.258837513924839
-0.0226858396770031 -0.0143944107897489 -0.0266684839442864 0.261633698452957
-0.0159970675851695 -0.0313328823171599 -0.0915390984816761 0.257167372171943
0.0286239347781031 -0.0560506946020253 -0.208688615070015 0.237406584447912
0.0760098957850772 -0.00317203475258026 -0.328323764509473 0.172511969324015
0.0597508487048237 0.097907171470386 -0.406301450751111 0.100411446361483
0.00715706007732611 0.132578130155031 -0.47243610457345 0.239034708780383
-0.0468229355148053 0.20339055030163 -0.3421529280038 0.146516291092679
0.0489663312642926 0.113925729871154 0.0697556109083968 0.061327464001975
0.0847939246635782 0.0235760823224944 0.0172046254350663 -0.266872006158459
0.0647447999557932 -0.0138966181958327 -0.244254722424357 -0.268155617784678
0.0437245488951754 -0.0217595732462685 -0.385175101949887 -0.0186900756750183
0.0382980907575678 -0.0528608775856889 -0.279087493320192 0.212039675943004
-0.0034082471913191 -0.0672615841169079 -0.121543630868509 0.272920509288259
-0.0153701520963407 -0.0658161998445152 -0.0425465450826071 0.248438634253429
-0.000674001768452711 -0.0912359913079797 -0.00105762573242105 0.238646334108411
0.0603119605014105 -0.0898113741187853 -0.00252975640760949 0.246458771342898
0.0998521658806121 -0.044711531426132 -0.054991430940363 0.248210808905525
0.157611972724559 0.0226811222041424 -0.166610265523233 0.250960787354508
0.106946489888531 0.149819629818642 -0.287800026096719 0.204849153208809
-0.0430180247320311 0.240325841072566 -0.331840507534274 0.1344825403886
-0.164163276328577 0.253686805275607 -0.378989589746657 0.230360658278489
-0.186721204933144 0.287010470435891 -0.302278351918513 0.0533596186317238
-0.0381633342289892 0.265189444770557 0.0926786083107254 0.0287365276383421
0.135907191803909 0.181460585524455 0.0539450728320171 -0.292532164212815
0.211960929631396 0.0495059105707646 -0.222719732587771 -0.316831830636241
0.163807905588869 -0.0553439799694023 -0.37401501545096 -0.070610591582034
0.113033363021975 -0.126277431587488 -0.278945545681538 0.165252582246565
0.0238104004605094 -0.165025590880249 -0.118234624611754 0.220788107187806
-0.0100883233294309 -0.158675924138596 -0.0377805066401757 0.194447526251847
0.00945432055097457 -0.178266812060194 0.0190583509849098 0.182684940260888
0.113899537548407 -0.162710392983571 0.0403151860706151 0.199134393736303
0.187443845558291 -0.0830298829712763 0.016401662696311 0.221613399543181
0.280191559518121 0.047651685975337 -0.0885969382702329 0.265729203803675
0.176727384528282 0.253710754102585 -0.223278012833589 0.247689123945581
-0.08136423400198 0.360213225428027 -0.250291146335771 0.154042870159738
-0.28022925342807 0.35738361478906 -0.244493330583573 0.186535463049461
-0.308686531403252 0.317014080058522 -0.190453653469271 -0.0521473116804737
-0.152410245896095 0.379035889295124 0.152585772791644 -0.0193174693985551
0.138961537122038 0.337849109736864 0.117025208186833 -0.309562124934775
0.330719902005033 0.142923403122754 -0.159699645397631 -0.355168041961278
0.277260256951214 -0.0616704303345701 -0.318227788490938 -0.130964725007858
0.186573159191489 -0.175887033092859 -0.247662345541223 0.0883277457238134
0.0566395370499641 -0.237695231268854 -0.0995009253278255 0.137096201359317
-0.00263131184055289 -0.228426608642203 -0.0267962036678601 0.113616622037236
0.00846751266172407 -0.239149595243171 0.0388384843025214 0.101199482154363
0.135046990342096 -0.218050701611991 0.0832069412050033 0.124253453237053
0.235061928716234 -0.126472524866802 0.094310920130003 0.16725765676446
0.363752728052742 0.0354433887279478 0.00292135101836686 0.256096532684823
0.244103617605807 0.298266200334277 -0.145089707212949 0.272087907487764
-0.0772483223885253 0.425657596911927 -0.17935480154309 0.147602241199403
-0.337193390470685 0.4153588350997 -0.0994221659479918 0.110103322304297
-0.378778722340799 0.288735909334249 -0.019810101846034 -0.149961473818513
-0.259142908750569 0.411938520911893 0.241853024605573 -0.0721677425506527
0.0876413349218932 0.436521207132055 0.194894120671111 -0.300132989539754
0.374358623899471 0.233500436673196 -0.0622567228909078 -0.35889906959384
0.34507699410357 -0.039676691787999 -0.215176902681732 -0.181000375888344
0.235432198960575 -0.188975832958657 -0.181047936640779 -0.00608311922587078
0.0839853983926671 -0.269776102830739 -0.0665851911974655 0.0356229011531445
0.00515471202179138 -0.263172584406636 -0.0113025390455394 0.0170649787613214
0.00501442616224703 -0.266387850258545 0.0543123595494372 0.00547618107731397
0.132369572461492 -0.242740074791553 0.116394028304276 0.0342781746945912
0.244695787701254 -0.150098457871539 0.158219052513188 0.095139606601603
0.388342808847035 0.022590009044298 0.0834744246220538 0.221073336431342
0.264248204452368 0.299012492205749 -0.0716523067677439 0.270344490435923
-0.0727642848816872 0.4262640080577 -0.125890163697871 0.119172883549741
-0.348785585904676 0.407794425543934 0.031703386188533 0.0184277297906985
-0.369060057112326 0.215077952862093 0.174454845623693 -0.223769643916294
-0.309542867827068 0.351661007004316 0.339419449256466 -0.112663939651902
0.0131166466925517 0.430718546377362 0.268821620524214 -0.261052574170943
0.3314831826037 0.274569431475443 0.0454702671953878 -0.325676501870105
0.339108969473707 -0.00739576429262114 -0.0912964994415814 -0.20750907808492
0.238890711365701 -0.165888810301333 -0.0947279607808443 -0.0962953081053926
0.0933271611112672 -0.25816055289805 -0.0263667013070214 -0.0668316119004272
0.0106245954579933 -0.258285458759179 0.00635884968835911 -0.081364402138761
0.00487373419631758 -0.258462675865998 0.067515931857974 -0.0886246496364911
0.119955585529918 -0.233626788919474 0.141757823986053 -0.0535827566232858
0.229626450892915 -0.143030048354175 0.206001413182008 0.0263742288144473
0.359394648358233 0.0286047543426312 0.139811306422612 0.179906084629534
0.227178137524164 0.27784918120204 -0.0180883643782168 0.250808693242409
-0.0887876480742622 0.372573274360522 -0.0902126822062707 0.0828626566384579
-0.328675794382352 0.332788649216094 0.141937273189416 -0.0637782174464133
-0.281655447399543 0.10997615811428 0.348645306950481 -0.265720010360843
-0.275061385591315 0.226010120797143 0.415807976888174 -0.13781445984437
-0.0396933370765936 0.326211227001816 0.318142895429615 -0.208152983436404
0.231762145449629 0.237389714362318 0.132223840210893 -0.273271067779938
0.261970306556535 0.0135720373447282 0.0156596422718352 -0.216211501608335
0.19186041850432 -0.119906626874452 -0.0138477081690161 -0.168706350715425
0.0809194555393608 -0.203670074632567 0.00914942404794623 -0.154864036893713
0.0121685260192797 -0.214465745263681 0.0237794592949039 -0.166532602515052
0.00933781493600038 -0.216161559638226 0.0797814341284293 -0.170660848404957
0.0993827275320286 -0.194282947695516 0.166997259135312 -0.125979232521401
0.196627883129366 -0.112715209334461 0.245085811835687 -0.0249536193094131
0.291364001710348 0.0492872837322548 0.179627076953484 0.15274444978
0.150661663766857 0.241251084185082 0.0179811733749385 0.231249210281526
-0.114248930491237 0.280679540850125 -0.0632650290227963 0.0536790848625815
-0.27830284041537 0.209175350285395 0.228633929326139 -0.121628250314629
-0.138461462094873 -0.0109232789955122 0.462973745026893 -0.27760934063956
-0.174464774122658 0.0711947646288538 0.45057585246413 -0.155334890897958
-0.0557564505964433 0.163127707778161 0.339847050233787 -0.166712000348062
0.111693889425986 0.142830282541368 0.183983087343556 -0.234099748944178
0.141598197850255 0.0184354459712477 0.0779706432107183 -0.220968867705361
0.109600978774183 -0.0593791635170629 0.0341181341408729 -0.217587499700803
0.0518140089914701 -0.118061074560238 0.028260474364987 -0.21581334414388
0.0111588715852418 -0.136773438380416 0.0358473914451276 -0.226265880017349
0.0130066217454638 -0.144099855271345 0.0917045721700367 -0.2311047405453
0.0699844657854862 -0.131955690006029 0.196589980040549 -0.175106393371716
0.145508499039676 -0.0694032227715391 0.283743041542284 -0.0489315883572113
0.196551941473303 0.0633421466767321 0.208782296574061 0.149525185851296
0.0592423443316912 0.181800491027712 0.0393287425573233 0.223491250129686
-0.127210337780726 0.162188233858055 -0.0475761314648592 0.0381907490713373
-0.194069574009513 0.0608325514989164 0.28671511983269 -0.145075816205014
0.0853309340911865 0.0686800365283018 -0.287879760007805 0.243541105944435
0.0862773151100353 -0.0482692753998793 0.0886571352237648 0.0644128583304861
-0.00564262832967073 -0.100924006473891 -0.0161315119811149 -0.244024730588317
-0.0795761309041804 -0.0343332034218699 -0.256732294489488 -0.202566077559884
-0.0536313583559103 0.0295827205458678 -0.361809801196943 0.0443722509846119
-0.0187662015343462 0.0302151113180947 -0.235072611025065 0.244108825243979
-0.0142440858833696 0.0380470406364777 -0.0845148933053753 0.291050495248026
-0.0141471080210504 0.037163092062828 -0.0136369693145209 0.26676421748276
-0.0225676639616394 0.0112677151371858 0.0115193540903546 0.256959620998818
-0.0231334671116176 -0.0127980712848193 -0.00151728593501032 0.259676104875527
-0.018410366665615 -0.0287443614179306 -0.0665582062976027 0.263218345105982
0.0228819418596829 -0.058038397918456 -0.184438986538484 0.253114640998524
0.0761344940790439 -0.00870790493524416 -0.308251572170826 0.196174917078861
0.0700817558927908 0.0925730970971919 -0.393058967084495 0.133282809870844
0.0196180959514672 0.128161999830018 -0.444015643684823 0.282661883976014
-0.0266637389645595 0.202033436181767 -0.320776976619854 0.181033307994223
0.0591918394780006 0.107898288043781 0.0774585942629178 0.0553349678454105
0.0856183911207024 0.0149225340887168 -0.00586931197252899 -0.263940630635781
0.0629493369927102 -0.0218047609749227 -0.265646695338262 -0.240484463204606
0.0411227960488972 -0.0269818051808225 -0.381216737977671 0.017488866522849
0.031362062805334 -0.0564252440727508 -0.254787910807959 0.233785497014875
-0.0108513736583339 -0.0659776996630628 -0.0931523757953642 0.278788274155771
-0.021715396155236 -0.0622803986716929 -0.0178781446735645 0.249255193337957
-0.00933197095648746 -0.0900076142442972 0.0215242684436687 0.236040218738873
0.051266768097934 -0.0948240872183463 0.0200847362313846 0.242868190637814
0.0947017990425127 -0.0535685308249851 -0.0310643291225943 0.250978441766898
0.157702858117974 0.00601492184287311 -0.1412376915104 0.261696249868556
0.120482629312403 0.137908630400103 -0.263960423619644 0.226347337400399
-0.0183305526447261 0.243404827303754 -0.31626705260156 0.160051653359
-0.136694357540613 0.264037038479808 -0.354040937765013 0.265952941777287
-0.156241425017647 0.298579421686562 -0.291408802999331 0.0852079351208794
-0.0114272061995468 0.266092343237398 0.0965041452200719 0.0221931863824306
0.151655346335629 0.164188878502593 0.0283755467680906 -0.292570961541355
0.215159712202542 0.0249472193080276 -0.247804219528125 -0.290117053401329
0.156273996372816 -0.0726030997225635 -0.376436149984662 -0.0344729012992524
0.0976911399062101 -0.136487898515317 -0.258366215191481 0.187774398024358
0.00612201406703083 -0.164607845018508 -0.0963421925821044 0.227495396693994
-0.0258126666345306 -0.153306071882752 -0.0187340857358194 0.195650782106613
-0.00838625237346314 -0.176111130125048 0.0351884017819172 0.178922555417313
0.0963245840003935 -0.171841786907362 0.0579942476608122 0.191901424952671
0.176509819745361 -0.100135391306259 0.0360455546554169 0.216784852866626
0.280449596746565 0.0174902818193502 -0.0626990176465187 0.26935386640796
0.199254783901972 0.231860955737669 -0.195872095469897 0.26375422983705
-0.0453511507606769 0.363963407433745 -0.233339207299993 0.172696761826099
-0.240271243385232 0.376830733819146 -0.225413024517699 0.207088505869846
-0.273259931059885 0.339504404115421 -0.190955465369274 -0.0298740908868728
-0.113656864803266 0.388680759644866 0.150252325268742 -0.0307587588190332
0.170201794603241 0.317417477218306 0.088040420528907 -0.314050690033578
0.340326369948379 0.104484537856462 -0.189710513921869 -0.332354922157647
0.267530049780037 -0.0902960320572787 -0.325447884813988 -0.0994175434635309
0.165171834480389 -0.192045278715638 -0.234853085139027 0.107599960291324
0.0316720800115216 -0.239322410378106 -0.0867182589741414 0.144356255201232
-0.0258962573301233 -0.221474032767605 -0.0163629573958801 0.115067009647754
-0.0151691312680361 -0.235041727167007 0.0459746985897009 0.09546941298072
0.110897599525356 -0.228465375319693 0.0940131211068985 0.113794814823961
0.218610127904221 -0.147333381976509 0.107337056717269 0.156196522620661
0.361832930530874 -0.00335139440155469 0.0269428475760919 0.250915918500429
0.268542428389894 0.267613917817947 -0.115318663300783 0.282328831311462
-0.0351910956653862 0.427174545864254 -0.163353714420355 0.15944104885699
-0.290043208888575 0.440119239175067 -0.0906255718290384 0.116783052153456
-0.344224019652228 0.31860228716503 -0.0320608570842284 -0.144508649046714
-0.215425559936525 0.430583144291902 0.232914345012899 -0.0902962308722942
0.129226386969963 0.418693884584887 0.165753895863513 -0.310117645804164
0.393369898121353 0.189221713628443 -0.092597641741356 -0.345483400497084
0.336396798688845 -0.0754862837285614 -0.228833128445355 -0.158620790305664
0.21254431553682 -0.210411252948515 -0.17874746165787 0.00918163661384999
0.0552740443894324 -0.27450915887801 -0.0644177085774984 0.0404870725885613
-0.0217936207957989 -0.256943842733191 -0.0114583922471432 0.0177275332406412
-0.0214439321225428 -0.261473855250754 0.0517425373288137 0.000444337640456744
0.106080217804096 -0.252297764571671 0.118344409231931 0.0222402985077628
0.225285195312283 -0.171007404109662 0.164036704099158 0.0792192203268822
0.384702379665708 -0.0178109996237684 0.103577435873735 0.20867954974446
0.289337168092785 0.266122338722547 -0.0428709853062819 0.274087517312172
-0.0317034304577627 0.427036488976151 -0.113313098414366 0.128145785626358
-0.301475740402418 0.433453532234951 0.0298541721278844 0.0136140830379773
-0.342377130783333 0.244423824977594 0.152150042797286 -0.235595096875983
-0.271074355634359 0.376942733102387 0.324617143814506 -0.140595925723292
0.0540852408422296 0.4208717891163 0.241285099172819 -0.278732790049655
0.35480627258413 0.232488036608036 0.0157896108939206 -0.322239197533614
0.333769583882599 -0.042711223764046 -0.109043069950134 -0.196922019506255
0.217923948717682 -0.188932460932403 -0.102604044487497 -0.0880318365182557
0.065796084720837 -0.262705589372784 -0.0342450819024342 -0.0642032030728337
-0.0166325433987138 -0.252276769326334 -0.00405811180263693 -0.0804397996799601
-0.0214000936823555 -0.253313547110173 0.0554978864799145 -0.0934700155536258
0.0942394576659514 -0.240759541765643 0.135146270576376 -0.0664328481024627
0.211920698381912 -0.163206601636896 0.20421448921114 0.0070080273040515
0.357205840522713 -0.00814070120110824 0.155345125147079 0.163132825295017
0.249211058223777 0.24978398843602 0.00812018176819946 0.250770925277065
-0.0525385353398463 0.375400157940401 -0.0806337017533937 0.0902762768235442
-0.289079210980727 0.356795276000724 0.130148561789629 -0.0780699044037274
-0.265400580491208 0.132805086605998 0.320127768814254 -0.294943938752623
-0.249452665633946 0.248297908713352 0.397338472070703 -0.172161994150759
-0.00865059192132919 0.32332227661481 0.295821632619482 -0.231830861949598
0.25268380551224 0.20689292518112 0.106861889191824 -0.279149898642383
0.260273542546095 -0.0137432055544016 -0.00297261894518156 -0.215025146168655
0.176964168436913 -0.138369715337233 -0.0302169377558175 -0.167167141700745
0.0596471144376324 -0.208200181002622 -0.00795228135083149 -0.15503041577049
-0.0106625927204504 -0.209474462957301 0.00361662474328212 -0.16629960334768
-0.0136269925485386 -0.212834985629654 0.0600988212863694 -0.175579407689232
0.0779935076989258 -0.200277505447522 0.152834008998304 -0.139869375687798
0.18142357184861 -0.130190769906028 0.238268882019236 -0.0466403502519301
0.292552528195552 0.0185787854447557 0.191181666220508 0.13284830880922
0.168888131036472 0.221801212357791 0.0422340141420638 0.227203486147002
-0.0867255040086674 0.28689912703525 -0.0573571057014872 0.059015832387414
-0.250032094821064 0.231026237123186 0.210635659578497 -0.144265092819715
-0.136380318238004 0.00196797582034529 0.430396925318293 -0.319211866938549
-0.16443463163606 0.0863254102229623 0.428200858616832 -0.192343216592354
-0.039455736017747 0.164349825570827 0.321473532918499 -0.193226384143804
0.124578958156414 0.126574755840517 0.161937198037215 -0.2461369501054
0.141320564191148 0.00369863915677712 0.0575792110029873 -0.225319566462178
0.102109569746341 -0.0701117015137694 0.0123756692619311 -0.219223238806469
0.0394687804565674 -0.12119371647824 0.00546612928780672 -0.216643165684356
-0.0044441929311693 -0.133999850270105 0.0104369702559013 -0.225898450634849
-0.00313135620295198 -0.142163467119484 0.0669376452282215 -0.23519772521165
0.0549257858750966 -0.135368973669715 0.177317698735812 -0.191169924611329
0.136007656299804 -0.083306223597968 0.274542462973627 -0.0740601498149607
0.198914161373416 0.0420817922471797 0.220539177410988 0.128346269513374
0.0733355642548529 0.172279922034521 0.0620144224201379 0.21727556323157
-0.110219409040524 0.170925276964577 -0.0431312382138714 0.0424382315041749
-0.182060958160762 0.0765179827164226 0.265164522701643 -0.172383705513199
0.0843720706216399 0.0574579523737961 -0.252562441760542 0.254282562838859
0.0785104476689636 -0.0516567807246543 0.0913779559275343 0.0546428695665938
-0.0124790699189995 -0.0942629328835118 -0.0304078691857437 -0.231774868820486
-0.0779792333745479 -0.0276680345129753 -0.256142919655884 -0.174933215147713
-0.0483802039110749 0.0318575286237837 -0.340212349114327 0.0671422161481185
-0.0165989357510612 0.0300247365577691 -0.206704689575177 0.246347215548628
-0.0111384713848182 0.0365487779226478 -0.0578314059165299 0.279797775863929
-0.00979771753392193 0.0352901842166548 0.00692692669686302 0.254464822414711
-0.0203415293519613 0.0115357563574816 0.0306861310250405 0.2437518432197
-0.0223348487316624 -0.0108704679647373 0.0174089630680177 0.247065962065213
-0.0186784443519028 -0.0258389769220742 -0.0447364000370373 0.254966064573955
0.0177842545818251 -0.0564693373549765 -0.158128078749736 0.252497130453919
0.0724896095154907 -0.0127877177157202 -0.279209866453778 0.20395559633372
0.0744651894302278 0.084580038517072 -0.366656104786632 0.150606253193235
0.027030417095496 0.118822902934568 -0.402422568021798 0.300251755834055
-0.0119041151988679 0.192216011150048 -0.288651679715746 0.198542446303893
0.0644146777959649 0.0989209401900417 0.0803407826404993 0.0479076254881186
0.0824022547119743 0.007603138035383 -0.0219665135635212 -0.25012075524114
0.0576520460124228 -0.0270157956076881 -0.266966285025908 -0.2090237225421
0.0365256361888946 -0.0297714805658761 -0.360514023889422 0.0418813659692727
0.0244673186996109 -0.0565316202398695 -0.224917746007073 0.23871500648684
-0.0152084425237561 -0.0623190647095792 -0.0679161708541642 0.269601843390239
-0.0247255091356294 -0.0571462612867944 0.00205582406776944 0.237823653254805
-0.0161407404275742 -0.0847891054818878 0.0382299696666125 0.223159001140012
0.041697727421265 -0.0940370548700949 0.0372052007843575 0.229281527209313
0.0861404525561269 -0.0578026580575591 -0.0133414020705594 0.241412764103533
0.149968842817391 -0.00643249861062768 -0.1161072137068 0.257907569395677
0.125799279403709 0.121784974018834 -0.234766652574854 0.230831068910534
0.00084922681201482 0.233070808456279 -0.290485472582927 0.171013178552759
-0.109953282159473 0.258178909574473 -0.318993061804288 0.277190574664835
-0.126680916441049 0.291975797608925 -0.267384881316381 0.105042764857393
0.00892646553626001 0.253915196240464 0.0960727363741671 0.0163155529891509
0.156417959208334 0.143340610702587 0.00865918789145472 -0.279360190984066
0.20579591420531 0.00493669125695589 -0.253579702677753 -0.257227180503185
0.142519738255299 -0.0819602233800574 -0.359470937060962 -0.00805817041567715
0.0806632546312 -0.137283678766063 -0.23182610793945 0.194643622721407
-0.00667689256489468 -0.156384704677929 -0.0750166812919161 0.222486930535374
-0.0358642197694313 -0.141627610326894 -0.00331703233061061 0.187363141758414
-0.0217694973710948 -0.16531642944678 0.0462334222427454 0.167960829001084
0.0784268045759068 -0.170786311308292 0.0688963460866741 0.17812675519708
0.160220877506529 -0.10787542938869 0.0481226526993738 0.204699959222591
0.267547578468429 -0.00630015995034923 -0.0411066761615493 0.259542937194026
0.206038894160171 0.204169141787382 -0.166624342707121 0.262748961906033
-0.0163523540859286 0.34978406705037 -0.211201165831585 0.177629011097779
-0.198436075290592 0.37301646593372 -0.201476968262269 0.212356075957582
-0.234912973273879 0.34012284305993 -0.18049357296676 -0.0122976273924742
-0.0787690930208826 0.378200344293328 0.14247969487989 -0.0366181412645659
0.184386251658947 0.285955295551584 0.0648024110703273 -0.302066083860128
0.330536139891614 0.0695022648753309 -0.201175885351606 -0.301485031595401
0.247004596740616 -0.108175282825858 -0.316188769396647 -0.072859853161974
0.140513889571466 -0.195961809536935 -0.215609593569276 0.117832762112578
0.011150238757886 -0.228883916592314 -0.0733314914757115 0.142095738449676
-0.04189400167689 -0.206210416668267 -0.00776240134414318 0.111018761150674
-0.0328164516649631 -0.220269137189755 0.0495104427247589 0.0884292275045082
0.0878121546926268 -0.224900528069443 0.0973251937169816 0.101347416306345
0.196013346270827 -0.155758449243665 0.111907275496489 0.14139329437631
0.342617122651663 -0.0316921715301075 0.0428564222528193 0.23550374988371
0.273962327574189 0.233100287255693 -0.0879394855913657 0.275747740378389
-0.00347652191267607 0.409873865066509 -0.144410690888668 0.160924464685565
-0.241344216462176 0.434267074484894 -0.0805147251797967 0.117011638460105
-0.303921241523954 0.32496205136689 -0.0390712797156532 -0.133037483691783
-0.173003658986127 0.425973799690737 0.216207305346522 -0.0983706326870266
0.152866618391873 0.385360941329359 0.139197661763826 -0.30341853308306
0.387999862093244 0.147413622033682 -0.109592651826629 -0.320276151358965
0.312979192419115 -0.0990717256932278 -0.227343660601766 -0.136545717885394
0.184174624998805 -0.216341437510449 -0.169586027553585 0.0197084789777787
0.0318341045485213 -0.263711169154181 -0.0597913519855348 0.0432748685752231
-0.0413268793533634 -0.239466613549382 -0.0108522315512663 0.0187862582901593
-0.040547732220249 -0.245432600416815 0.0470944746397156 -0.00260403781796755
0.0817444779458321 -0.246969341548775 0.114030719982238 0.0124303716546779
0.201364350241733 -0.178681124906013 0.159705596462874 0.064219682578996
0.363406909890453 -0.0480392099526544 0.112654774303581 0.189327586090741
0.291217762607553 0.228768302704065 -0.0189841723178085 0.263960805019889
-0.000789977143311367 0.409116631336003 -0.0989615993641628 0.127866980569941
-0.252272448248246 0.429410320872736 0.0263698770824896 0.00961655277947711
-0.306761174798558 0.254921633092364 0.128800642892655 -0.233699028678153
-0.228873830107274 0.377766624001392 0.299105666803844 -0.152101585070131
0.0815903231568268 0.39392862826708 0.212630671510968 -0.277986367664833
0.354256182822436 0.189872716699246 -0.00416660281420822 -0.305518592306329
0.313077920606577 -0.0668639906860375 -0.116097329914982 -0.181798803793753
0.192052436429488 -0.195856648769118 -0.103620835155564 -0.0784532416435779
0.0428675664615214 -0.253643152250854 -0.0395419376062366 -0.0592667473288676
-0.0360732019050112 -0.235390706286442 -0.0115722650163405 -0.0745314308035046
-0.0393378720202416 -0.23801441930905 0.0440431035285049 -0.0917657987487236
0.0715893963972244 -0.235342883169036 0.12365796677728 -0.0729414081354873
0.188635619111464 -0.170118204817795 0.19330041726192 -0.00679878419112623
0.338530877857419 -0.0365107914413886 0.159163950515648 0.142884913553968
0.252518167877066 0.21729113953665 0.0283968952979058 0.236878990596979
-0.0233477485768791 0.360364927023596 -0.0706285667897363 0.0900200184193179
-0.244673535694628 0.356919793013919 0.114899658855216 -0.0853299069746869
-0.242090779550458 0.143436339633767 0.283287320684016 -0.302859655053492
-0.218059281004663 0.252779828450909 0.366184651027332 -0.188605814676254
0.0152781034573057 0.30608331752366 0.266740956922331 -0.237814055804626
0.253759955310715 0.174812201919522 0.0855145276115845 -0.270821313766836
0.24495096451887 -0.0340946903910826 -0.0169925585503051 -0.205293792102377
0.157299732739657 -0.145169329301261 -0.0401003221959973 -0.15888272076117
0.0401745218142828 -0.202162135254352 -0.0198212942708017 -0.146973189454743
-0.0268593739488159 -0.195343905960655 -0.0105459921408404 -0.157256206180396
-0.0295250216506071 -0.199761704079663 0.0431160678208839 -0.170440309216833
0.0594935980366352 -0.194630642047671 0.135769071865548 -0.144675741483221
0.162813565009511 -0.136292025022967 0.221620080504254 -0.0604203228612748
0.277621082169447 -0.0058442095127644 0.191172524354002 0.112165041941019
0.174789022412616 0.197076877938573 0.0581420927007024 0.213208097063213
-0.0614444706665092 0.277713479014911 -0.0513025559366122 0.0584265893571015
-0.217614597931082 0.233703035823538 0.186449947259848 -0.15357853283645
-0.128535667367048 0.00964033906921821 0.38593813735618 -0.333980479451017
-0.148362068715273 0.0921498086529459 0.393713729992625 -0.211426289620351
-0.0262150262999869 0.157445931452163 0.293012128102088 -0.203454593272902
0.126228374282857 0.10840002880063 0.138581997111403 -0.24345807381179
0.134511549622448 -0.00758338917730928 0.0412113009864226 -0.21914179677909
0.0916201346742246 -0.0738400135689626 -0.00442698538576842 -0.211001361998
0.0278424034414772 -0.117376289055482 -0.011946869719509 -0.207292954144542
-0.0147900255638878 -0.124410936681337 -0.00925107420893783 -0.214695471526585
-0.0141910021810497 -0.134415887666372 0.0456082112922728 -0.22727412629029
0.0420359600904826 -0.131346942732427 0.154809652636467 -0.194877689552778
0.122704408973184 -0.089055513305792 0.254501475403697 -0.0890739480641581
0.191338112970202 0.0244034326405064 0.218684996237769 0.105910257155639
0.0795787883226832 0.158491300971372 0.0757870551635476 0.201660121492575
-0.0922934754475878 0.168476517293949 -0.0384440508247745 0.0433927030059002
-0.164946817286268 0.0830618521884267 0.23480001170336 -0.184732663797096
0.0804899764982541 0.0501600092348529 -0.226169202445999 0.249634208520003
0.0725176832846979 -0.0508892929562049 0.0907865687427755 0.0490761395700285
-0.0147028358155765 -0.0876843698465669 -0.0345460519499998 -0.219004576975862
-0.0744746979725117 -0.0237676828713415 -0.245234584606439 -0.157642815993172
-0.0450855360231922 0.0313376562923323 -0.319375874459266 0.0732456838797979
-0.0147795616899343 0.0289245755938586 -0.186877341246185 0.238358660816626
-0.00989914176603015 0.0343118738457894 -0.0444074066234923 0.264359634021675
-0.00700257290407244 0.0330390031555221 0.0168275491299154 0.24024258029626
-0.0190848734194487 0.0111230555737057 0.038380373774677 0.229802465514337
-0.0209686499573531 -0.0106925639623366 0.0237567707742185 0.233095898747402
-0.0181389380625751 -0.0231668184352697 -0.0341151746733617 0.242339861101027
0.01493411243821 -0.0539343050493925 -0.141949298617802 0.243369207249985
0.0691376523782039 -0.013518750485607 -0.258446825937332 0.197731923592711
0.0747952306339399 0.0777296680839605 -0.343182276651583 0.151343113295862
0.0281401048417422 0.110029718323146 -0.371284757470817 0.297984340889068
-0.00618061951360329 0.180749327803218 -0.262394500418942 0.198438784541681
0.0647484941679922 0.091482136695961 0.0805805494708499 0.0438398405121543
0.0779264777049339 0.00367550442986596 -0.0265710971123045 -0.236209912941856
0.0537425647633095 -0.0295085340712392 -0.256727095779034 -0.189776150523678
0.0337139044250526 -0.0304468165348057 -0.339874022189611 0.0511044422215672
0.0201173064384253 -0.0536233692541085 -0.204268452843442 0.230408540703581
-0.0174824646130842 -0.0578705794682825 -0.0549128402416107 0.255463843035162
-0.0247173433254934 -0.0522966886733856 0.0110907660177393 0.225166421047563
-0.0189365071373557 -0.0796774609096297 0.0443686794253049 0.210651463060743
0.0365600007791684 -0.0915260017556221 0.041409764565075 0.215370700854635
0.0799814767184196 -0.057408088565099 -0.0046390117112673 0.228674314532053
0.141003061328429 -0.0114216221230742 -0.102011479062105 0.246982633034471
0.122958282777031 0.110702737052521 -0.214624321720958 0.223279212753801
0.00938504236603272 0.221726739886503 -0.271073305332982 0.167527682830868
-0.0956717557176333 0.245086897653226 -0.294221390285981 0.272232051521589
-0.111522193192664 0.278824375385454 -0.24583400776993 0.10984712524614
0.0175202102110522 0.240008632569746 0.0945290694658959 0.0139975603122309
0.152486375344802 0.12842594513426 0.002466393420898 -0.263462909316924
0.193984566046951 -0.00591568716313416 -0.245374787700593 -0.234854139015027
0.13142058586297 -0.0841534195744316 -0.339750815579496 0.00419535046661783
0.0698172771440715 -0.13287603560352 -0.212683865438103 0.190274250247023
-0.0132224450418887 -0.147471333041114 -0.0634784328443693 0.211460174830043
-0.039226027428612 -0.131035952248135 0.00384443438546343 0.178317664242243
-0.0273021677431224 -0.155371285811448 0.0496090542805253 0.157675612141392
0.0679700732387544 -0.164071308237632 0.0710258017470062 0.166218041181622
0.147205082605743 -0.107646922807251 0.0513715258235656 0.193328333495733
0.250499489094664 -0.0162437691772627 -0.0303972050888981 0.245323193904464
0.201219394428332 0.184806421352199 -0.147808675016004 0.252680883641998
-0.00313074059116098 0.332078966572239 -0.195041244707795 0.172127154349982
-0.174334308635407 0.356288302600299 -0.185992286859083 0.207355331831877
-0.211116595396315 0.328422441347968 -0.168368970253742 -0.00428748362157774
-0.0609558174217739 0.360499857095002 0.136581807058216 -0.0363721580574181
0.183512427883988 0.262078169094362 0.0557626467209138 -0.285517816305355
0.314132602119497 0.050975476646855 -0.196847788757921 -0.278279748593329
0.228460100394837 -0.112268326752385 -0.301715018799322 -0.0601073765668359
0.124325340861505 -0.190216203296966 -0.199770421040939 0.116977714453805
0.00150410047935591 -0.216677888699115 -0.065044277299875 0.137064007542073
-0.0477694820579568 -0.1908880132516 -0.0042418496215307 0.105549774905475
-0.0392458404240829 -0.206207230467271 0.0493120442095544 0.083088554825433
0.0746764937601809 -0.216061469266849 0.0953710958802884 0.0922762541868775
0.179762247840426 -0.154409050989886 0.109388456771362 0.131325759099449
0.321401012996029 -0.0438459171511649 0.0484838681638997 0.21990629882259
0.265086857921078 0.210379445264271 -0.0726306608667532 0.262916849147872
0.0106076463383992 0.388492978204479 -0.132803304793172 0.154033372968214
-0.211657783730909 0.416250319023986 -0.0747618216287776 0.112311090786601
-0.277689133909952 0.316152409604789 -0.0391871566674247 -0.123135838135233
-0.14848739493867 0.406993977116025 0.2031937357513 -0.0969118484210968
0.156210743271692 0.356980325355139 0.125399805413087 -0.289333979122232
0.369313708994032 0.119879121569753 -0.110224249074348 -0.298415090791922
0.291384360423488 -0.106208105767887 -0.219354084251945 -0.122807456632026
0.165064536599555 -0.211108950778525 -0.159745220351971 0.0227678289202663
0.0187113079543692 -0.250465620559835 -0.0565394666982987 0.0426265793511654
-0.0486717264974723 -0.221766154474571 -0.0104123143385446 0.01922568375045
-0.0479833830442891 -0.228754116205776 0.043928528312763 -0.0020836153985091
0.0682736701267565 -0.235830087757952 0.108081853919726 0.00780510956468585
0.183713950458531 -0.176180858563956 0.152055393581051 0.0565984093412603
0.341066031241742 -0.0601936776936765 0.112181640088578 0.174343024011502
0.281552593825621 0.205172147025828 -0.00726794778209796 0.249051709788089
0.0132060476331801 0.388144674215385 -0.0901241804824638 0.121597415811441
-0.222247770439697 0.410820678964595 0.0229150523607427 0.0073254831600955
-0.282332776856314 0.249284979128725 0.115369950351404 -0.224148584747106
-0.203349240577666 0.362893276301263 0.278419195379378 -0.150489894969238
0.0892972094838994 0.366558786237297 0.195624954709775 -0.267053752262056
0.339136596372029 0.162570629002363 -0.0106418579945035 -0.286985201705756
0.292759648172192 -0.0758169236608921 -0.115166355958937 -0.16935864172114
0.173684243508177 -0.192689173120513 -0.101091929524736 -0.0712405636669561
0.0306238612872497 -0.241246957329919 -0.0407582513824542 -0.0550198107248824
-0.0431335053779696 -0.218393974690205 -0.0146328897611743 -0.0692095779798301
-0.0472390300947882 -0.221760967940398 0.0376252885410361 -0.0869106370524255
0.0589877387885085 -0.223749405232545 0.115004895709817 -0.0740399056140598
0.171757583147054 -0.166982176216994 0.181820779445303 -0.011985170703316
0.316999072071601 -0.0484014377406282 0.154854313119608 0.129074739306282
0.243723193658753 0.196170139576637 0.0368994378602292 0.222693927163108
-0.0106474229243943 0.341436282195221 -0.0641977505649876 0.0858468925781209
-0.218581119857887 0.34040266251406 0.102652525728483 -0.0855501695070839
-0.223974554143581 0.142284416215908 0.258102913486252 -0.294629738519293
-0.196956051325394 0.244726365430776 0.340680324964018 -0.188252530927941
0.0242891028254897 0.28535399079102 0.247463221008873 -0.230650274222552
0.244527937381957 0.152330492499944 0.0740762830479937 -0.257089059439238
0.23019839371923 -0.0418442811706201 -0.0215123515703427 -0.194911958923911
0.143132333950879 -0.142986886183832 -0.0445664446257114 -0.150812159449021
0.0300720600067662 -0.19148630844364 -0.0258851803924449 -0.139818855795929
-0.0334450495360216 -0.181143538137568 -0.0173786049367027 -0.146959171621131
-0.0360861444643726 -0.185977111557861 0.0341065198387705 -0.160930135602833
0.0482176915563236 -0.185355611453101 0.123251246831334 -0.141461405401608
0.147769289206222 -0.135194599110539 0.207392534055965 -0.0631115477013888
0.262727286065061 -0.0176321068848462 0.183737966671951 0.0987677658093833
0.169604631862658 0.1807436622493 0.0637889297846152 0.199106106195269
-0.0493516825364064 0.264302571294809 -0.0464760341108958 0.0566226223556991
-0.195897936837871 0.224548407163276 0.167028585034978 -0.152405272572637
-0.120903393427269 0.012604428787851 0.354294325200111 -0.327950215527653
-0.136928633322011 0.0906090013758016 0.365283995174135 -0.209646559775703
-0.0195225670668333 0.148042886928475 0.271911042220008 -0.199394248499038
0.12169948419744 0.0949402343195685 0.125221394319861 -0.233776277150638
0.126174523787714 -0.0116999174417311 0.0327955654555685 -0.210026114607079
0.0844690055487761 -0.0735338610371693 -0.0123066522492528 -0.201117354646661
0.0221967025919438 -0.111905019581606 -0.0197252792661773 -0.196502353863456
-0.0193098487443822 -0.115439292482453 -0.0172805863306317 -0.202257272291097
-0.0195818398543516 -0.124448288596555 0.0344610969405625 -0.215049625556405
0.0349470012774392 -0.12517803028191 0.139361777851681 -0.189326940695715
0.111507935636614 -0.0886177277327642 0.237429850852227 -0.0909881034690966
0.181194165856854 0.0154494820942633 0.209555562151921 0.0926486587827433
0.0789310524762131 0.147175883206377 0.0789436402270475 0.187979673967404
-0.0812872647084115 0.160932018160094 -0.0363694093951134 0.0418787235145697
-0.151301560635851 0.0804312932833002 0.212157758130538 -0.182954241695624
0.0768955091420737 0.0464549461929731 -0.213165797105032 0.243759009190865
0.0697503149469632 -0.0492738358683013 0.0910837894722176 0.0458809116032677
-0.014611759552565 -0.0840510796530581 -0.0339917575302307 -0.211787108689251
-0.0720730578882778 -0.0230166965752291 -0.235745894683485 -0.151868026024526
-0.0426926182762552 0.0297058084212845 -0.307796927903908 0.0717888194019064
-0.0146758667945777 0.0277602845481782 -0.17911792428889 0.230124434808524
-0.0093840977280316 0.0331842535165372 -0.0397103765569315 0.253189291238512
-0.00593070985796803 0.0311946354394014 0.0199819866984406 0.231425812921702
-0.0186066159569512 0.0102690355640756 0.0409286532953056 0.222292735766986
-0.0204787369720246 -0.010761027529835 0.0248152191226553 0.226054190832788
-0.0174193167384663 -0.0224760275575432 -0.0313373701149442 0.234619331236939
0.0139943838190465 -0.0516909147037226 -0.137307448340775 0.235493699537527
0.0678509954862929 -0.0133373154995393 -0.249247624678757 0.189573907526418
0.0741270528142582 0.0749645623000695 -0.332670805135608 0.145585136597673
0.0262659141178066 0.104638096270159 -0.356665246290424 0.291566929228952
-0.00507437173569977 0.173014763450392 -0.248842296834224 0.194678734854353
0.0634260607843626 0.0883946574333245 0.0816055545293397 0.0420121596221199
0.0754607960131143 0.00270899770017261 -0.0245863686312235 -0.228856885237434
0.0505393002507248 -0.0309515427128348 -0.247459279428394 -0.182241060214494
0.0318865260463216 -0.0308442129745192 -0.328562337425797 0.050109240452618
0.0182740043006435 -0.0518136486230289 -0.195980661114338 0.223297008713338
-0.0177886931326884 -0.0555099227639842 -0.0499778912628898 0.245446442697779
-0.0238061515293924 -0.0501033678163571 0.013663926591106 0.21770142141524
-0.0192523795853587 -0.0767702620420455 0.0453767969656551 0.203718012697274
0.0346867441203608 -0.0892028047559723 0.0424877623791372 0.208032090290177
0.076348727493988 -0.0558352470627034 -0.00302791222369502 0.222200988722992
0.134967936755484 -0.0131321375688515 -0.0972249792235263 0.238044483721193
0.119749699258201 0.105549424148507 -0.205879876791005 0.214677880800437
0.0120651420268042 0.214887433809835 -0.262429997774939 0.161200180530559
-0.0910877413198345 0.235661350542242 -0.281978175731904 0.266632696483102
-0.106168191298558 0.269975202567456 -0.233373193706546 0.108662223863771
0.0201272673474226 0.232215065973126 0.0943981352008259 0.0149775548374706
0.14746885236149 0.121751650312231 0.00360162620424675 -0.254207816974531
0.186236461109239 -0.0101139117172509 -0.236163963204984 -0.225720951646084
0.125097055549135 -0.0835897789212579 -0.329333143408545 0.00516266300843562
0.0649409216146636 -0.128217203396561 -0.203425803017358 0.183846298358051
-0.0150060563540068 -0.141750986837165 -0.059433872553666 0.204408543147301
-0.0399205204738537 -0.124761543986242 0.00570113752258689 0.172713159371369
-0.0284850372927325 -0.148768334360509 0.0498279386618549 0.153457980301761
0.0638026150438671 -0.160297124685642 0.0705144107412319 0.160280632285313
0.141073035225181 -0.105149998152999 0.0514790432952449 0.187532572443227
0.24169290167745 -0.0190427472438785 -0.028079162417277 0.236203696921773
0.195324084862106 0.176141137255421 -0.140914720797877 0.24327859578644
-1.88489260564764E-05 0.322217481971424 -0.18910680302922 0.164404971171443
-0.1671465171753 0.343326932478478 -0.178836677176961 0.201718095866247
-0.203078186310246 0.316188372250239 -0.159812039203326 -0.00155628574641732
-0.0553073733196585 0.347850134429917 0.134446842077614 -0.0337719070478107
0.178259431941151 0.249945468679139 0.0550121153124634 -0.276183810443282
0.302468767273349 0.0417885696198567 -0.189076212301014 -0.267963267132449
0.219707188453047 -0.112370748808373 -0.293274187426471 -0.0570517005991404
0.116862041016959 -0.184903033576736 -0.192043741136524 0.11309453425327
-0.00226507764224711 -0.208772942751662 -0.0623060437798592 0.132738839797283
-0.0484946220605061 -0.18127446482321 -0.00228788579826575 0.102774206006617
-0.0414868589969364 -0.197358615812426 0.0490866347555909 0.0812245740827321
0.0694373987547115 -0.210059982259173 0.0924596755787102 0.0884065370227905
0.171607639918427 -0.151085177677135 0.106575313070812 0.128248596793759
0.308989272135427 -0.0476235976855586 0.0477743563764338 0.21135840589462
0.256918519430945 0.19910883081907 -0.0670680154520871 0.253977550860509
0.0139594159837886 0.376890913823587 -0.128455939146491 0.147207711669318
-0.200006857210664 0.399716518784589 -0.0728148796497687 0.109337351881352
-0.265393389924938 0.306286145869633 -0.0364391147645752 -0.118474342698023
-0.139583778558949 0.39472965066348 0.197566301365842 -0.0921853407151479
0.153596461561686 0.340447691725684 0.122516474880126 -0.278500255351778
0.355151621636892 0.109431755936015 -0.105842601823599 -0.287711991377498
0.280222158755839 -0.10783074665372 -0.214431668831182 -0.119211855829846
0.156092927461692 -0.205626191931057 -0.154484944199256 0.0216390273232252
0.0142204610225411 -0.242509889620177 -0.055370369207464 0.0416386938875037
-0.0502105094444583 -0.211156409041889 -0.00989865173363665 0.0186314731973256
-0.0497246677142406 -0.218896257164332 0.0425792110636583 -0.00101734414890536
0.0631756715468988 -0.228214900748332 0.104664149402365 0.00636613267701519
0.175382831190026 -0.171778137924303 0.148048161110448 0.0553982519767061
0.327586404731238 -0.0640744073777242 0.108550390333139 0.167252639422879
0.272800214006418 0.195594190538565 -0.00378065934232181 0.240740942132652
0.0161204880814457 0.374470980471157 -0.0879912020997582 0.116012897725249
-0.210035040327026 0.39431367549891 0.0191343361820627 0.00559764794195191
-0.271026572301965 0.242106170617691 0.110975481037138 -0.21732863321189
-0.194122183070374 0.351965957501906 0.269986336962906 -0.144797880737257
0.0888188044787606 0.350816098131832 0.189680316154094 -0.258511668224305
0.326382927915224 0.150872252979231 -0.00926740437153478 -0.276575738309931
0.281345906558329 -0.0777148351348013 -0.112600488401551 -0.163936304759762
0.165319563501088 -0.187746954307052 -0.0991084350592759 -0.0698794741189605
0.0258269033272448 -0.233324421507869 -0.0414910033586886 -0.0532824334781204
-0.0455234066884679 -0.207680095449142 -0.0158377442658303 -0.0660241078908724
-0.0491394214368008 -0.211830623346879 0.0354628085006635 -0.082536778345524
0.0542617038210638 -0.217017533257233 0.109739084516934 -0.0722181302119154
0.163691928584955 -0.163852795186618 0.174137696046579 -0.0112639022273394
0.304994188587903 -0.0522114027602885 0.149638770857369 0.122448990487507
0.235787422890932 0.187546668774804 0.0393522843596868 0.214487834889616
-0.00796832357229996 0.329402287833765 -0.0633082257597361 0.0823250022999604
-0.207185012922809 0.326672491903715 0.0961038193099788 -0.0842387935829537
-0.215007864858539 0.138659275171551 0.246545727634774 -0.287092348847311
-0.18857754537365 0.237350389350375 0.327037836044581 -0.181983580150546
0.0245253952011498 0.272826431201213 0.239416252565581 -0.222895513570829
0.235345017322666 0.142007170243921 0.0716667185651231 -0.248575462941995
0.221331331588582 -0.0428654522116775 -0.0220281637180928 -0.190007742430151
0.136212054422693 -0.139782007347302 -0.045270393203896 -0.146260346268632
0.0269174726206848 -0.185320531941669 -0.027933275816813 -0.135553411685261
-0.0352084921928999 -0.171752318712524 -0.0188414544527893 -0.141421873192115
-0.0380848198476515 -0.177613616153515 0.0303947015185803 -0.154723793277998
0.0449909514110244 -0.17871236858976 0.117504430885806 -0.137633511431314
0.141529126867983 -0.131683837292953 0.199231596695394 -0.0608245447023318
0.251988487050141 -0.0209070201539082 0.177981873292758 0.0939403820043794
0.164103239712734 0.172854097233823 0.064196578129251 0.191450268856343
-0.0461021759000607 0.255322417710633 -0.0463774187250997 0.0539528492316168
-0.186193909609504 0.214586572154965 0.156599512027121 -0.149387308995584
-0.115728306136758 0.0125030799553704 0.338402133980802 -0.319740222650576
-0.131403354141885 0.087875547011493 0.350109723020402 -0.203401943507621
-0.018459190210472 0.141508150841727 0.262860417446098 -0.193084042097415
0.11673386105324 0.0884252004492528 0.121289549486253 -0.225802240992565
0.12243760951235 -0.0128006239080129 0.0312706679202239 -0.204266462048803
0.0805949713944046 -0.0717275263428534 -0.0142462123087624 -0.196027539646966
0.0197435444043395 -0.107382223730177 -0.0231944474302971 -0.191002698351686
-0.0203438219407727 -0.108508627093655 -0.020677751534003 -0.194526743122143
-0.0215179081705554 -0.118762160159568 0.0307014162179281 -0.207607645055157
0.0328654092107249 -0.119650046225131 0.132947946833259 -0.184396902913615
0.106268032246033 -0.0866075544995769 0.228037074204955 -0.0881948168001474
0.174520677104048 0.0118970198646803 0.20360406934143 0.0880361639141963
0.0762160409879475 0.142250932432434 0.0778336326297878 0.180820614946901
-0.076916435608032 0.154952792805377 -0.0359157229494528 0.0402429879446498
-0.1444109522518 0.075655411914872 0.200376831000145 -0.179949279094122
0.0917450233153461 0.0114970636847694 -0.0846738510558272 0.306037369589465
0.0419028992839367 -0.0730997465976121 0.102765540915204 -0.00159377726907069
-0.0479093425895982 -0.065715330740995 -0.124240444128994 -0.176814368551067
-0.0723348490160589 0.0131696309298314 -0.281463210203775 -0.0357922897581661
-0.0222248877028549 0.0463102717435969 -0.245276405612839 0.199982020335367
0.000583463690239231 0.0308876182656261 -0.0612531606678602 0.283181657613946
0.00468511404491205 0.0343561531770393 0.0736461047258409 0.244150221955958
0.00825080074325249 0.0290075107515688 0.119840862946998 0.198973943039262
-0.0129927833154898 0.0180410846881047 0.135924149181609 0.180856773871798
-0.0225324557242586 -0.00165103413596106 0.12139382882204 0.191729205796589
-0.0241984211759598 -0.011823045946274 0.0729667704108651 0.221791783849234
-0.0110640383189576 -0.0485018340536754 -0.0200325060579044 0.26739426948912
0.0542831374469317 -0.0395651508562608 -0.14222931205138 0.274537250149391
0.0963514962255738 0.0366879042547177 -0.243955877671223 0.272651234191524
0.0681617876760656 0.0875065712869293 -0.206334098108294 0.414240349484319
0.0670546213548188 0.158826462072462 -0.134748150076204 0.282328743567506
0.0916414106515699 0.0522978613923464 0.0972259255659232 0.000451964302961498
0.0671076855697757 -0.0248035112657958 -0.116832162925321 -0.19943618947626
0.031364620484958 -0.0440710076639258 -0.299733339289442 -0.0624216606674936
0.0193211263303797 -0.0381104173077428 -0.273595701217571 0.185359332550255
-0.00321041589706514 -0.0537580065418116 -0.0801667300393751 0.282530016238414
-0.0392077003608351 -0.0410844883484968 0.0596831783393512 0.239961240142926
-0.0419659921746641 -0.03745688925199 0.108562059249366 0.188328770892409
-0.0505098667445594 -0.0607177287728521 0.132511711079431 0.161718732255306
-0.00608389535758883 -0.0965404643379248 0.132022367118517 0.168371611435441
0.0477301684285677 -0.0830333329842811 0.0961787266522061 0.203033444412303
0.113950604381859 -0.065783268821697 0.018802247070192 0.262063501748943
0.151803312534855 0.0471748477275767 -0.0964257313089667 0.282565774922987
0.101033985753597 0.191624100293856 -0.182912656933991 0.253923638551507
0.0207006380794377 0.260447950320654 -0.156721675629905 0.352473290339618
0.0135599631036457 0.286148524170238 -0.155452968868858 0.204666450498796
0.10998307778966 0.197833207438052 0.101490673485664 -0.0269884831337441
0.177664633850196 0.0521013868850082 -0.094918587640671 -0.236198032716673
0.1566514118087 -0.0815974380990214 -0.303935304108767 -0.110630429523702
0.0800131656347709 -0.123398349716995 -0.295012916452112 0.142310773936059
0.00661357345165789 -0.141501870373422 -0.104685166618832 0.248699338438043
-0.0732407132851048 -0.118637903992159 0.0320127240966697 0.204564365654403
-0.0868655722079071 -0.0983108149190118 0.0820244906313811 0.150821757105571
-0.0886223852149391 -0.122151305910903 0.11555414220127 0.114686612675787
-0.00961300978181945 -0.173193187507069 0.137747583305461 0.112517462389398
0.085962976068314 -0.156237412955032 0.132361273227599 0.152069889135515
0.206375060707799 -0.117329723527944 0.0839203848272062 0.237950135460361
0.250791679409249 0.0813488677256272 -0.026803919457914 0.283658477522299
0.136207658966935 0.295353932178115 -0.120217071859565 0.226513498541782
0.000499696330328689 0.392500835617418 -0.0955893299375487 0.245113093214042
-0.0566508896740688 0.367871487907252 -0.136103245937032 0.0786722679277223
0.0885859752390672 0.331669384048753 0.119179614713453 -0.0841018579063125
0.255289735555216 0.153083977475677 -0.0505850905358868 -0.276210251107692
0.278678119835135 -0.0834813146654555 -0.273267614605304 -0.171108209388902
0.149774762248293 -0.187332078500569 -0.289473398623702 0.0656778981091037
0.0286782540175398 -0.213649275666189 -0.125932170663675 0.178416330747876
-0.0895992355125639 -0.184283239184578 -0.00173962561577772 0.139397936781553
-0.118465749438877 -0.145188796099562 0.0437623256279998 0.0915844617344135
-0.12050096793099 -0.160851136739366 0.0831193345144743 0.0506008597779777
-0.0247322199669662 -0.220380722462507 0.12762463378531 0.0370455269167302
0.0943899216402056 -0.211437512267323 0.158629267982915 0.0757543976910282
0.254819058285587 -0.173046659731438 0.145987217567623 0.186855816867784
0.317631483697153 0.0766177018197058 0.0437324149861394 0.264759165318494
0.17276145544458 0.338896348948984 -0.0749905640380428 0.187023377578639
-0.00448763837959321 0.458733316571292 -0.0423863070999426 0.113957669580943
-0.120692010873885 0.383137489280115 -0.0755496519896087 -0.0762456155040338
0.0291314784753502 0.407280940456988 0.150961179872827 -0.160955274851254
0.267889151370336 0.244722283215977 0.0114374947086768 -0.303489928901908
0.351074426310491 -0.0472648107524015 -0.201982078195778 -0.224313849609906
0.204569902392169 -0.208132486983899 -0.244911340247485 -0.0257680962781339
0.0548285731680172 -0.249589379499679 -0.131688495352357 0.0788550197502765
-0.088190139947329 -0.220957080117225 -0.0359158772317004 0.0528951981480521
-0.132471221473821 -0.17114288074356 4.11492371357962E-05 0.0200179794745427
-0.136840076247771 -0.177145068155371 0.0413135332805362 -0.0207439399141074
-0.0388773418337931 -0.234935699964599 0.102028759186656 -0.041725616136941
0.0882679103911048 -0.232615351204422 0.164942727113639 -0.00558772405871186
0.265922773647509 -0.197058397368663 0.183039394037941 0.121347147592563
0.330545159966617 0.0670744505299949 0.0954443302887044 0.226417303097472
0.174172667524181 0.335207346299771 -0.0511707793170053 0.142031486483555
-0.0149836870479699 0.456720141295447 -0.00174475403195461 -0.0183052246317769
-0.154399181419518 0.325978992560997 0.0140941691266909 -0.228766101291138
-0.037595672218857 0.39105706352719 0.190883317459672 -0.23836613570682
0.212319676772664 0.278477739555844 0.0796803806921613 -0.30945673196352
0.342571930972475 0.0010847227302409 -0.110356073160712 -0.253924760287675
0.217124496977947 -0.182210274587685 -0.171963064724641 -0.110841552237602
0.0690428858616119 -0.237542577041716 -0.121693112042665 -0.0276833013958419
-0.0745264047633952 -0.2181530030004 -0.0652706718670918 -0.0382120009318406
-0.126934869640409 -0.169085340629695 -0.0422446297502829 -0.0535886792406978
-0.13260400274027 -0.170802913672253 -0.00122875573290312 -0.0904151799989251
-0.0413806821495983 -0.220724903834643 0.0725869818436856 -0.114510883877196
0.0819066481087372 -0.220252849561555 0.159429330891546 -0.0774467514338007
0.250992633890066 -0.177979372133026 0.199517431976694 0.0645694182067362
0.293894630621721 0.0752430292126206 0.121973563171675 0.183724590702062
0.134051082746024 0.304556275556909 -0.04053188823146 0.0998168075576363
-0.0422308331061453 0.391923276125504 0.0325412395385866 -0.131387671732617
-0.145919733618754 0.20943074880945 0.10510846738327 -0.351679171240842
-0.0794421807171207 0.28586108357763 0.222631868163007 -0.296784957238073
0.124307555609329 0.23312357857227 0.133605744387916 -0.297793684419774
0.258223328941792 0.029212335773629 -0.028353753878326 -0.259599046179004
0.177194599698373 -0.127074126306406 -0.100799617972066 -0.170739371252525
0.0626860433386808 -0.182116742807997 -0.105773922753971 -0.117477842975114
-0.05298004937756 -0.176063827938228 -0.0885324878089808 -0.116868725502958
-0.102699201744506 -0.140388935826407 -0.0794116999522185 -0.119114786451752
-0.108826526280704 -0.144379957361655 -0.0380211128380075 -0.153019415777708
-0.0343034809213966 -0.181842635170378 0.0490916268021914 -0.176308885487872
0.0742534100284692 -0.18191447907497 0.159203948236918 -0.133099492585216
0.218023819041782 -0.127189188548587 0.208706233676857 0.0243046299747494
0.222803986568419 0.0928149179759426 0.134047531334292 0.149350776827043
0.0666855015962762 0.251509077996758 -0.0329218611189019 0.0667961836150655
-0.0741225789073765 0.277954499062086 0.0661230805705512 -0.213734767388318
-0.10736959220501 0.0557254943975484 0.171909053326874 -0.425247802339217
-0.0883450532194708 0.128886058125143 0.228520347095602 -0.327827766401384
0.033572242640223 0.132581204450936 0.160577112278908 -0.280081287007765
0.132523664076452 0.0300085228948827 0.0202241860781502 -0.25673351655648
0.100838182886357 -0.0601110601526395 -0.0597291588618056 -0.202856614468027
0.0412028626046598 -0.0980553327720145 -0.0995699172355926 -0.172194238531543
-0.0265873988122574 -0.104381807342106 -0.107721962793166 -0.166549945067267
-0.0631118074287233 -0.0887398894711544 -0.104668974360339 -0.165076056623959
-0.0687085285275787 -0.097518726314491 -0.0620515165725552 -0.200282920830518
-0.0204201832903266 -0.123194548088633 0.040924043558001 -0.223810567164952
0.0609756949658011 -0.125865382159309 0.171123017130691 -0.172053845478071
0.162748099998935 -0.0635062806903927 0.224780307632679 0.00397619971221067
0.13081086827888 0.101652716655795 0.141485723743335 0.131108402252874
-0.00459856030349416 0.173624731993814 -0.0245616281712231 0.0481197016708578
-0.0986649014049588 0.131493503607808 0.0998232989654712 -0.25401004253611
0.0916145106977003 0.0089658699490272 -0.0740087113283858 0.311125055752584
0.040725736992248 -0.074791814089672 0.105966896975409 -0.0064675724512274
-0.0490947578144879 -0.0650843888087766 -0.129862391432518 -0.177035412093427
-0.0734744485312345 0.0155490625457906 -0.285938248069701 -0.0311747277178848
-0.0216166248314178 0.0469918986068755 -0.243390574400717 0.209544931001103
0.000631068080132788 0.0313857174370265 -0.055384216108271 0.288707946399452
0.00569565075730068 0.0343791635988409 0.0809875775130683 0.24290745449371
0.00888775333490834 0.0282960535868792 0.128960786614106 0.196898413757547
-0.0131406520846141 0.0185456863866092 0.14404428333016 0.178525263992345
-0.0233691616883583 -0.00178454506501232 0.129624494133237 0.191280042194772
-0.0241067580149719 -0.0107294388485448 0.0803720933559489 0.223070699443269
-0.0117732944291663 -0.0478269044182255 -0.0131546095909821 0.270396740941456
0.0544307087026417 -0.0417858743219129 -0.139116284042202 0.279713425623603
0.0997665680779377 0.0340908442112584 -0.242311304285062 0.28084516763905
0.0698494453996543 0.0864803479479291 -0.196511383672087 0.426805576175546
0.0720714771055885 0.158323303793827 -0.125143519916263 0.289249422383145
0.0949145061332921 0.0500351548885588 0.100773543661735 -0.00338052434252411
0.0668475189380375 -0.0277981491187067 -0.122348486645761 -0.199978981450058
0.0282558955838558 -0.0459171891175184 -0.304684351701781 -0.0578122418500894
0.0170519460933901 -0.039870493399113 -0.273150485251483 0.19516005154452
-0.00559595845866895 -0.0543712616475478 -0.0738916962492151 0.28695747447072
-0.0414853286930603 -0.03974982334805 0.0674127280385341 0.239136960981987
-0.0430801140675352 -0.0359053564716447 0.117238761940694 0.186624144415293
-0.0533886584644527 -0.0593864426044401 0.141355203808004 0.159017315833147
-0.00991612592780353 -0.0984786649358031 0.139347685526105 0.167000905824292
0.0456256448966902 -0.0852365679325553 0.103569937653836 0.203726216454397
0.112778117069701 -0.070115884813056 0.0257185261243898 0.264339801865555
0.154732347746359 0.043135536673379 -0.0902563181080309 0.28566127872115
0.108447537364085 0.190907341640301 -0.180395934082068 0.26204799122718
0.0262280110409304 0.261527061925832 -0.147914793353589 0.362445038814606
0.0218042145185617 0.288798490508523 -0.148595668801591 0.211143566568263
0.118055067534969 0.196794441695596 0.104800549516893 -0.0309453631369036
0.180598801246675 0.0461958105982756 -0.100752364873347 -0.23808626485695
0.153377582909566 -0.0891312119844888 -0.310369504591974 -0.105162556501642
0.0753244365452824 -0.128337323445279 -0.297309713018092 0.152723891353805
0.00163358584890446 -0.143779914750101 -0.0999327089671165 0.253779520801616
-0.0782759455109767 -0.116879335538347 0.0387399977891383 0.204910564170307
-0.0900830218086594 -0.0951850875413168 0.0885228503210158 0.149788719197082
-0.0944424110530777 -0.120247384005153 0.121303299402839 0.112291994783993
-0.0158710601077507 -0.175719294963219 0.143459335646686 0.110148141777222
0.0819380835885655 -0.160417974312706 0.139230384731302 0.15163018765536
0.204332190827064 -0.125885843921867 0.0908885764995477 0.237803267985958
0.255247252320914 0.0746836912896958 -0.0197056011268657 0.286838231101705
0.147961203033723 0.294993292843186 -0.118627811603904 0.231819916316781
0.0109832550535998 0.394026619884608 -0.0907798082215823 0.251580719855745
-0.0468196641998603 0.372776559911254 -0.133754926882798 0.0834783066583746
0.0996407333540911 0.33297791980766 0.121496192121626 -0.0885142707379196
0.261723513932935 0.146048216806714 -0.0570295718756706 -0.2793719395185
0.276046713506378 -0.0946225785402205 -0.280486919354889 -0.166716121717276
0.143512566437396 -0.195442867062145 -0.293435857092693 0.0763324170450796
0.0219596565561004 -0.217952524507613 -0.123055344247231 0.183706669723178
-0.0970531160890694 -0.182631036877376 0.00187204039444544 0.140189725419135
-0.123595294183883 -0.141179152907991 0.0474843124144556 0.0910502622683361
-0.12787719893511 -0.157339926694243 0.0870476279832164 0.0487931952538902
-0.032781826918267 -0.223380001093909 0.131071851920577 0.0346827829266788
0.0883410966633101 -0.216957411582308 0.16400253697193 0.0743678702051594
0.250111972086007 -0.184650312440886 0.151488449544024 0.184454609009683
0.322100435736674 0.0672795590635135 0.0522437644094269 0.265044546370214
0.186163339333062 0.337512917013331 -0.0739371267838891 0.191154163457656
0.00680470726288372 0.462061769026434 -0.0414686875237257 0.117211444266167
-0.111168248403957 0.390553583793263 -0.0768537052208265 -0.0745024215093637
0.0428009043936942 0.410299764555428 0.150562400932726 -0.166010812361025
0.27569780453962 0.237286403834383 0.00560352979178556 -0.308281327099466
0.350074198564371 -0.0605475259266823 -0.210094099401368 -0.222916253767811
0.198730796981396 -0.217670348984563 -0.251027586366428 -0.0192470984492613
0.0467760375739796 -0.255001140606284 -0.132236311166789 0.083285307664276
-0.0970145877170932 -0.220128939185277 -0.0358626476052143 0.054184144652039
-0.138509102280897 -0.166339571253564 0.000284052293256331 0.020448275241454
-0.144698306448993 -0.172346706081427 0.0423539357398293 -0.0218790039161876
-0.0476894323781955 -0.237484298408849 0.102066528870369 -0.0443750033296901
0.0816110896545138 -0.237995887071441 0.168299925913757 -0.00939216898075933
0.259851624476529 -0.209317854098887 0.188114104896053 0.117474678004931
0.335564629464121 0.0565528862374285 0.103644193361023 0.224226628769176
0.187214505289547 0.333643889744682 -0.0500202159966437 0.145793281145622
-0.00337429801802055 0.459416340822525 -0.00524876751066214 -0.0180230585525638
-0.14616459893615 0.334291378298636 0.00809956774290781 -0.229914826453596
-0.0269297627668633 0.395816098521659 0.186422350979191 -0.245410600772459
0.222314442241194 0.273729416645613 0.0740320127509288 -0.314994906452917
0.343099848212128 -0.0112651355384902 -0.117218129476422 -0.254347496764167
0.212327200117807 -0.19218851649766 -0.179466047270266 -0.107942238444593
0.0613886924115759 -0.242943376329985 -0.125302784987595 -0.0248576742934917
-0.0830569168229311 -0.217395023647668 -0.0681517979613004 -0.0372480367866023
-0.132004047783782 -0.164672820204283 -0.0453570273133715 -0.0524856326388535
-0.14049510945299 -0.166396981695877 -0.00329226087459695 -0.0911781309111733
-0.0497342530083719 -0.222362726837631 0.0697414924389343 -0.116691129863017
0.0752450752718167 -0.2249234491807 0.161166271282343 -0.0817898966299357
0.246197339050694 -0.18948278217096 0.202240753162887 0.0592081660603601
0.299236281647603 0.0676727486110041 0.130045142783205 0.180732548058586
0.144317422521076 0.303834307367342 -0.0400636736727745 0.103177101982509
-0.0331046267170554 0.394394715928425 0.0251522057951896 -0.133403037680942
-0.141411762006283 0.214772819610353 0.0959824850697333 -0.358120368751235
-0.0722489904750378 0.290406722807026 0.21710866704567 -0.304007032745474
0.130909961441468 0.231709187056672 0.129461482740916 -0.302854949088888
0.25854111919831 0.0204529272088218 -0.0335166548354338 -0.26196588639611
0.174508954620059 -0.135637940858948 -0.108382548716015 -0.171228632432205
0.057172714189128 -0.186874125444794 -0.112687122782744 -0.116577697290762
-0.0598937114462865 -0.175965423511572 -0.0956899425549388 -0.11570701268917
-0.107203652474212 -0.135926172856372 -0.0857843979766228 -0.117265755882548
-0.115475046713013 -0.13990953021347 -0.0431544105297052 -0.153006832499713
-0.0401419670563822 -0.183461919154958 0.0432470684036225 -0.179007345302424
0.0684220797852511 -0.185839521547927 0.158221712413897 -0.137651017991627
0.213848642156207 -0.136503556478692 0.211633778435038 0.0188029814118355
0.22831500847025 0.0878717018892809 0.140406451656967 0.14595511337204
0.0746856166240943 0.2520740967575 -0.0327517004042141 0.069194163077574
-0.0681834909777058 0.281026406995364 0.0570315107673597 -0.217539680203523
-0.106027710862959 0.0587131507010887 0.160353489350523 -0.434087728292837
-0.0862291786703496 0.132198029713881 0.222945895860022 -0.335137585474943
0.0372814762756278 0.132909441342314 0.156568670261834 -0.285862810486399
0.13297817741146 0.025836784405547 0.0143369040210415 -0.26024563827193
0.100091973240108 -0.0643361304470281 -0.0666556141515112 -0.20509049557673
0.038443713647724 -0.100696045886999 -0.10762645976605 -0.173038385954401
-0.0295732508996846 -0.104440532484285 -0.11674561215038 -0.165952423863226
-0.0655051560044627 -0.0856959124029719 -0.112972493843076 -0.163184941615971
-0.0729946637985268 -0.0944841521280867 -0.0693520701074227 -0.199623934539253
-0.0245990771891531 -0.123044299500185 0.0340115862307179 -0.227686876159437
0.0569842842967293 -0.12921330682182 0.169012866728376 -0.177691973364772
0.161570378574432 -0.0700943783742321 0.227219053050184 -0.0011008098307444
0.13574789325126 0.100066078552403 0.146798767528049 0.128060255587358
-0.00051341094565114 0.174404140969841 -0.0244535086420782 0.0509718490803723
-0.0970585198897415 0.134409958652012 0.0900327446369446 -0.260146393206724
0.0900932977661923 0.0039927722278542 -0.0546307673061352 0.31350344526645
0.0375252497921744 -0.0774487487678183 0.106687896833299 -0.0136742194156795
-0.0516368139642895 -0.0625889617953962 -0.138877737947175 -0.172406122619326
-0.0733641528723036 0.0204483580582042 -0.288392455692903 -0.0182498643110147
-0.0202383097177767 0.0477772865672987 -0.234376416121096 0.222744104249248
0.00135845251737062 0.0312927406606059 -0.0408332675108365 0.2926643451885
0.00755899701489891 0.0344478861940828 0.0936936424783566 0.237841767269056
0.0103031245916119 0.0274239892710223 0.141277761035747 0.188620576392025
-0.0122390481145605 0.019078040122651 0.155839457044183 0.170164690347585
-0.024467473197924 -0.00130675680446313 0.142055387560394 0.185318312584913
-0.0240825301155313 -0.00890762679297727 0.0910544823746786 0.21920500008596
-0.0144255849066405 -0.046830544338843 -0.000295841122279697 0.271926841499488
0.0517720743290404 -0.0452217679754337 -0.126593017673631 0.284740735710214
0.102422700733078 0.0283887827536393 -0.230563891428329 0.293482829697127
0.0729363580762691 0.0823633659985262 -0.173316828807186 0.4395534721561
0.0793610853376517 0.154317848191283 -0.106478038864465 0.295443836544579
0.0982021304159129 0.0448273569998335 0.102665046254259 -0.0106421083365453
0.0654947969436679 -0.0319147644147247 -0.132791404321521 -0.194987458148793
0.0240968332065056 -0.0480535809429944 -0.308519607275724 -0.0437836911870824
0.0134148963504636 -0.0412195310604336 -0.265363153515851 0.212266213073791
-0.00960301238674253 -0.0545572037877401 -0.0596342823205188 0.29109614972955
-0.0443507920507719 -0.0366397731824504 0.0799184429476821 0.234132217279745
-0.0450850148026503 -0.0333887046043144 0.128778060109281 0.179804942987812
-0.0575231992732616 -0.0559990751857852 0.151759349427906 0.150900913385903
-0.0166360902132082 -0.0990633227236489 0.150026328582399 0.159973250307262
0.0417226435651012 -0.088066439363316 0.115165524459506 0.199477045719107
0.108380337409406 -0.0761905579077785 0.038396322251375 0.263150745796579
0.157027213440822 0.0347390246810182 -0.0767134084235323 0.288756160196769
0.119492631807064 0.185199344508592 -0.169417178321783 0.270093928947567
0.0390345566641381 0.25948620655578 -0.128741038002921 0.371847849831442
0.0377293869513514 0.287376232253239 -0.1346851974343 0.218684264196903
0.129772460999224 0.190429611467886 0.106415125514724 -0.0374775796831905
0.18290503618613 0.035115719553463 -0.112176978455386 -0.233887695293143
0.145803765911679 -0.0977865951868144 -0.315224120692477 -0.0907681462408946
0.066129256792048 -0.13347765680947 -0.290536203060672 0.170503842372356
-0.00706110052763312 -0.144748422130588 -0.0873419076963923 0.259480426566326
-0.0854161161467793 -0.111363156228393 0.0500619227913248 0.201505540012977
-0.0950839737671615 -0.0892019095962158 0.0975352501109092 0.143985272941409
-0.102095407473087 -0.113802821791077 0.129665712928923 0.105406999247416
-0.0274281686873899 -0.176874863410278 0.150764246393903 0.102898187770315
0.0732285791468249 -0.165097657762375 0.149418472069651 0.145324516316289
0.19621852781301 -0.137802185692734 0.102469910314572 0.233503667292485
0.259277469830008 0.0605636896159575 -0.0047179411026983 0.284764345948478
0.164212528559062 0.287198805048921 -0.108940530306112 0.238622486681636
0.030710837985235 0.392934755025147 -0.0782809272779685 0.258195403986534
-0.0253715872856179 0.374860255570346 -0.127714735771998 0.0902940258210777
0.118406543527549 0.327677176615557 0.119119505602329 -0.0950731170274781
0.268807700159256 0.130095734275777 -0.0702903957479085 -0.277136810508805
0.266945328943435 -0.111403864779824 -0.289245510156527 -0.154555604751379
0.130998807374964 -0.204798009157923 -0.292028895571242 0.0944682952382847
0.00863667794573409 -0.220049671831138 -0.114214481126882 0.190003801846574
-0.108915161512712 -0.176003886462731 0.00905672701651306 0.139531343557684
-0.131204793793146 -0.132858138189625 0.0523583125873327 0.0885181738673744
-0.137416084934606 -0.148602743846786 0.0912497476620132 0.0440009352338637
-0.0470029721836834 -0.223153636851181 0.133393088995097 0.0283214113275291
0.0764188093780865 -0.221889156234277 0.170625698078404 0.066609614128731
0.23818001851018 -0.199488398780284 0.160314909354599 0.176377122770574
0.325490730711924 0.049974114154155 0.0668187961368766 0.259669100692652
0.20420255740788 0.32782989172556 -0.0661705295672564 0.195981717659684
0.0319318289809847 0.458809739070457 -0.0372362386581356 0.121067065172049
-0.089833136948529 0.395808455741748 -0.080050497485468 -0.0698075499725369
0.0648383431060153 0.40911200796732 0.143620700118683 -0.173297769965684
0.287789796555121 0.22154620501161 -0.0083754116733759 -0.309056832042616
0.34414229818059 -0.0813807237997192 -0.22154617134697 -0.212939198591672
0.1845623278231 -0.230578091782923 -0.254902440200028 -0.00363507063536498
0.0313776559320827 -0.259587771918118 -0.128677081203147 0.0904574727753949
-0.110430058217402 -0.214261029510081 -0.0338327685335012 0.0563959100605752
-0.146836913098661 -0.156562259200014 0.00128198347235723 0.020329497358208
-0.155170127675851 -0.162203642461262 0.0419018991030075 -0.0236859329464058
-0.0620867114851159 -0.235362799688424 0.0999173750269556 -0.0488833951750955
0.0682831398029657 -0.242708111223347 0.169997537246316 -0.0171026577168454
0.24609861028999 -0.225590562512937 0.193491017359218 0.108307107258532
0.338613097851471 0.0400221433737939 0.116415487913298 0.216550562504139
0.204703952349956 0.324541815699907 -0.0435761446682291 0.149148991706638
0.020276588659954 0.45814059936426 -0.00916053271326687 -0.0163656835484094
-0.127496068209425 0.340831690794858 -0.0034739485579421 -0.230464072737878
-0.00485724965466747 0.398020045329954 0.175558969955156 -0.25235163096968
0.23443360468179 0.260860796223727 0.0597426203636195 -0.318737488382226
0.339414598212861 -0.0312042163242056 -0.129487653849425 -0.249068107502699
0.200929701189516 -0.205852764008778 -0.187027115073329 -0.0967734630225712
0.0468211317331248 -0.248247160674788 -0.128255277234911 -0.0186699993707586
-0.0958968831141958 -0.213231198714936 -0.0723308383595263 -0.0337289176077015
-0.140816550483572 -0.154745811534096 -0.0499523547598103 -0.0497211138339156
-0.150377723723682 -0.155666935740484 -0.00837357653413473 -0.0905271660100673
-0.0633503857911455 -0.21932883881169 0.0626495433479753 -0.119604173932903
0.0620761291901487 -0.229451909820539 0.158820271052449 -0.0893835710011282
0.233025534716977 -0.204383270178296 0.205006270772675 0.0501670710644188
0.302784938338494 0.0509960777446041 0.140231247123662 0.172340722168723
0.160761092601975 0.295330907010281 -0.0360743893828532 0.107095514974616
-0.0109746585953688 0.394383321412131 0.0143562073303863 -0.134102662207046
-0.128285769072491 0.221686407754163 0.0774941034238858 -0.362122277139412
-0.0567365828704812 0.294750230564173 0.200689757772409 -0.312902310149086
0.14160492911451 0.224001643834973 0.115620169784803 -0.308449983650379
0.25758670028683 0.00552440132006059 -0.0461604600391519 -0.260338748785059
0.165931323983814 -0.145638155124675 -0.11869310176407 -0.165347008272217
0.0459205603648638 -0.191367605809351 -0.120210312187965 -0.11179247510257
-0.0705479203097304 -0.172583922170554 -0.104526166952197 -0.1108073602001
-0.113489921589311 -0.128004943903931 -0.0943177731421813 -0.111650576763867
-0.123172676267945 -0.13041652236291 -0.0522879823812911 -0.150089044705363
-0.0518366850141203 -0.180750128066677 0.0334890397036933 -0.180366694188723
0.0578346164674502 -0.189501522289613 0.152709514203603 -0.146143142044887
0.204512473415887 -0.150125135875968 0.21176357033427 0.00939333572768281
0.233645976664939 0.075446074891269 0.148929457341256 0.137573060210401
0.087448678049672 0.247392716248834 -0.0302996913017792 0.0720834188435975
-0.0537532318946321 0.282685229056331 0.0411642112292143 -0.220049522395562
-0.10313941985505 0.0632935609050957 0.136222713583838 -0.442119124150076
-0.0789422074831484 0.135335266151836 0.203166349384975 -0.344126797159927
0.042939321279123 0.130283084629719 0.144159980467917 -0.292679637379771
0.132063690723341 0.0187833459363298 0.00281385760613068 -0.260904353002048
0.0963990516811451 -0.0706918462757864 -0.0788153198563289 -0.20304161376977
0.0324254483938657 -0.103706785388306 -0.118258516780304 -0.168569801698892
-0.0360340053201392 -0.102475728598332 -0.12945086097543 -0.159520308667449
-0.0693049681919469 -0.0802308586055179 -0.123821922712079 -0.155031841276969
-0.0778786656429146 -0.088110493866261 -0.0818304400794851 -0.195523346275562
-0.0321042870607224 -0.121663295738847 0.0213465491501791 -0.228787916623645
0.049447015858305 -0.131097998137483 0.161553165190851 -0.186480170266609
0.15641573977089 -0.0797315393965616 0.226871595221687 -0.0118798466503756
0.141711231372758 0.0926497208090566 0.153977535065578 0.120412695701031
0.00826124377881406 0.174297184069323 -0.0232966566651836 0.0525626670176994
-0.0900379049359499 0.138029153149811 0.0718668209209732 -0.263860795033853
0.0859645236715129 -0.00100288926469775 -0.0325904780711266 0.305478244712158
0.0325815075096773 -0.0780835250098165 0.104839738773499 -0.0206949810848279
-0.0536187735644255 -0.0582791379194269 -0.144343152801567 -0.160698657421935
-0.0705675687219717 0.0248296273453552 -0.282902535920879 -0.00326669341756777
-0.0178170760971318 0.0477978648498575 -0.215733148616897 0.231882921061962
0.00233418240688051 0.0306214364457927 -0.0227138473016988 0.289058996394142
0.00907331747272267 0.0332380112791014 0.104166941971311 0.224835343644098
0.0115223931235251 0.0257098313358865 0.150059085286146 0.174330789854792
-0.011324571066536 0.0191547000404023 0.164176790280544 0.156086881316447
-0.0245105432479186 0.000182041428253634 0.150656222313703 0.172553221653095
-0.0230059724749534 -0.00745312575312376 0.101372492391702 0.208909862605669
-0.0164343943565982 -0.0449485371491155 0.0143124974736822 0.264057552975151
0.0481776449334663 -0.0471053837194228 -0.109713567375351 0.282294568088898
0.102270836286231 0.021516964328147 -0.211031075162728 0.29834930833844
0.0738241264900639 0.0762770006744991 -0.142059528573562 0.437439350541463
0.0854076993677106 0.144765744926495 -0.0841215642498919 0.291524721094192
0.0990521026641781 0.0380101139445363 0.101478715164325 -0.0170595372131114
0.061914802717006 -0.0360952186692171 -0.140058961438415 -0.184308856545324
0.0188023389509582 -0.0472548153870863 -0.303841126492273 -0.0262215145897361
0.0090327935020957 -0.0418452496119829 -0.246826385136178 0.22300043113599
-0.0136402638413609 -0.053051018167951 -0.0419324204338062 0.28881727748309
-0.0458023700500287 -0.0323537786560937 0.0908043249753328 0.222741335967517
-0.0457667924173088 -0.0299326657907293 0.137339520533097 0.166901514323388
-0.0603514604131853 -0.050785639005901 0.158918259650683 0.137501600351632
-0.0234548625647799 -0.0963187358899745 0.157401000995984 0.1478363848829
0.0362120681439613 -0.0882228152900486 0.124137329284742 0.188359066700163
0.100527529791369 -0.0808450044491682 0.0514248429474108 0.254133343404016
0.154385072712181 0.0241668358743446 -0.0603462989969318 0.2831922218469
0.127716670758088 0.173249538023501 -0.152619216202319 0.273275007018148
0.0510010886130446 0.250369739874659 -0.103559567451525 0.369899667551317
0.0531610857028162 0.276541537112767 -0.11619010471554 0.220077217757213
0.137826811135444 0.177943687556695 0.103628168513733 -0.042977074514742
0.17998174187957 0.0217531270441097 -0.121908947592019 -0.223072872446627
0.133448792327114 -0.10370411523774 -0.312892595755519 -0.0716231595014552
0.0540585025048194 -0.134412584073058 -0.274658241176629 0.185843490714618
-0.0170720356891795 -0.141515405425889 -0.0708021715868016 0.258417198069718
-0.0909052830466448 -0.102185071267616 0.0601911836222415 0.192621959636671
-0.097176861030875 -0.0806689305534575 0.104325119143313 0.134419698926248
-0.10717796929139 -0.103159742529461 0.134043146771605 0.0941885792018297
-0.0388065877223195 -0.171812399469707 0.154160659858691 0.0920285650785667
0.0613110330438275 -0.165366213867233 0.155352965508273 0.133754605371826
0.181232344595787 -0.146738893776692 0.112487956252288 0.221537641845401
0.254732860843755 0.0435725567178603 0.0111419869244667 0.275092877726009
0.177614864658338 0.270200774756967 -0.0955882580103162 0.238851016047872
0.0499678850517646 0.378487189324002 -0.0621309851010976 0.25741576762595
-0.00158705646346203 0.365091203879772 -0.116990233396563 0.095107917461675
0.134849676720648 0.311795510200487 0.112659378571368 -0.0987410147563852
0.268042407186035 0.109522005131592 -0.082356799726831 -0.267033246840261
0.250128062197058 -0.124010871005524 -0.29101269621031 -0.134591538625655
0.112886948125361 -0.208082161733289 -0.280627563826494 0.112190630811173
-0.00616901573904083 -0.216684916099095 -0.100648811467909 0.192224550178031
-0.117136045301523 -0.163843507323063 0.016294761530091 0.13537167331873
-0.135027714246003 -0.120611428841371 0.0561934090848118 0.083649325047195
-0.143175403516602 -0.134638157588579 0.0924486676092619 0.0368238500073709
-0.0611502952589607 -0.215075965238586 0.132447315239481 0.0207002046798213
0.0608881622153473 -0.220465054509564 0.171559700535043 0.0559002155935223
0.217875808015637 -0.209985489765164 0.165322974861368 0.164323802744404
0.319719045217195 0.0287712912570048 0.0792889031178304 0.246647892223805
0.217938810881104 0.307685859604699 -0.0556758031644765 0.194417546681386
0.0556268473910691 0.442970175901539 -0.0309849225934308 0.121625093404704
-0.0637839724048222 0.388924110467057 -0.0806676649521389 -0.0631664005894277
0.0864797064009574 0.393698374179312 0.131504557296597 -0.175242885965881
0.291549030229786 0.197006511792548 -0.0237340204938612 -0.301201753107445
0.32646277218223 -0.0997839742859983 -0.227553439327224 -0.195649724961974
0.164591398026664 -0.236973108522476 -0.249515262563188 0.0140067395938029
0.0136932399609929 -0.256104339749897 -0.121055856430047 0.0960707149233798
-0.121702436939213 -0.201331505105734 -0.0313959162825748 0.0564607059499628
-0.152105744384652 -0.141926584145137 0.00105055164233321 0.0207059628327189
-0.160633917583289 -0.146371600190661 0.040400753493523 -0.0256458817148924
-0.0768301574183882 -0.225636772768733 0.0951140901262538 -0.0526016154607611
0.0516758534951099 -0.240851890173797 0.166467503226228 -0.0261526595118731
0.223288221744695 -0.235482760813495 0.193515113849251 0.0960938520153988
0.333292969595125 0.0173004032741638 0.125631473193168 0.202331783691473
0.219557222569462 0.304344010222608 -0.0364624881916688 0.148497678931652
0.0440936291967487 0.443373196235872 -0.0129005905389099 -0.0137309513298874
-0.103411517215679 0.338468954247022 -0.016299319391811 -0.223124449934401
0.0176445070454875 0.387985516363847 0.15712365002814 -0.253845072119385
0.242184534938906 0.239845024276065 0.0427599896091808 -0.312369756159722
0.32519606572725 -0.0503708065211596 -0.139367936540437 -0.235235480133342
0.181435778361338 -0.213683204085504 -0.189621834427368 -0.0815854891219739
0.0299133016357832 -0.246343888730094 -0.126774046359248 -0.0104484297210273
-0.107440178975143 -0.201330512172965 -0.0747254051166258 -0.0283406769122017
-0.144817998943234 -0.140905107212827 -0.0527859714846395 -0.0443855646128749
-0.154936977246621 -0.139732939298313 -0.0139007514541443 -0.0871603525760664
-0.0764801210774193 -0.210167872783941 0.0542651631217424 -0.119280278747285
0.0465815934617499 -0.227462977250571 0.151957904866636 -0.0959913039473242
0.212215293646444 -0.214808941478844 0.201944294547686 0.038055938477448
0.29796236033619 0.0324146123046265 0.147185089066027 0.157569693846122
0.173066570487874 0.27855552278704 -0.0302599935767783 0.106272911314988
0.00950320974485267 0.381460242961848 0.00273030608194476 -0.129904341738674
-0.112195191225845 0.221816682034359 0.0550641547651062 -0.355975290429656
-0.0389395191871493 0.289920394083066 0.178094456589368 -0.31307374289963
0.150071334465568 0.209095589674079 0.0977786631282633 -0.305386681063357
0.247676500310107 -0.00991315002990463 -0.0582653007142523 -0.250516881022929
0.152481751972004 -0.153567267156579 -0.126338413828623 -0.153648930310761
0.0323424229746995 -0.190222969427464 -0.125573614048963 -0.102278380789848
-0.079928431161695 -0.162980528897525 -0.11200574558116 -0.101823698482286
-0.11722212240613 -0.116524738553946 -0.0997633709780521 -0.101501829781538
-0.127057900808854 -0.11712891971029 -0.0605321713804236 -0.142290319666122
-0.0617520227650187 -0.172593315402805 0.022167750113877 -0.176695619378488
0.0444738977985494 -0.187994664152086 0.14216675716303 -0.150998625651467
0.188211689220281 -0.159153968967398 0.206968943012394 -0.00165774431214673
0.231830882834728 0.0598684525348761 0.153355580123274 0.124978239343482
0.0987753725159426 0.235346534223079 -0.026397772918879 0.0730937489332515
-0.0370043439436214 0.276946392101179 0.0231860752198085 -0.215114715900467
-0.0960862749340173 0.06672789276772 0.107454629660482 -0.436551990768439
-0.0690610399454163 0.135816481897212 0.178319203503268 -0.343128758887981
0.0483895571198865 0.124367177822844 0.125610947330367 -0.292099729662978
0.127860577344334 0.0102557559070313 -0.0109534815457986 -0.254133377273463
0.0897206394845201 -0.0758570480704643 -0.0885814746869491 -0.193825107717798
0.0247651145434138 -0.103600115577191 -0.126542959032411 -0.157683562960599
-0.041041187800876 -0.0967110518469116 -0.139056570866457 -0.147133334184397
-0.0708281358928893 -0.0726079196345032 -0.131966661322556 -0.141986331719422
-0.0802381502099555 -0.0784177495427236 -0.0924645956091027 -0.184332354515086
-0.0388766684923081 -0.116045580742689 0.00679789282012919 -0.222562784794769
0.0396124297075665 -0.130800632291292 0.147656138936702 -0.191063557919645
0.146191826680031 -0.0874956364456349 0.220875872533865 -0.0230685837074577
0.14384542375638 0.0819081825758514 0.156744008697634 0.108402902520753
0.0167481222292801 0.168266884135936 -0.0202184175083781 0.0538992736191541
-0.0806907168239543 0.138790464303023 0.0507259167233984 -0.259976655563765
0.0801548214745311 -0.00292286536981603 -0.0187249673526519 0.291682064274456
0.0282583489160536 -0.0755302180959927 0.100966648724082 -0.0245335040190213
-0.0528348554925053 -0.0539631599480844 -0.144247403088075 -0.149693544282395
-0.0664386227756946 0.0272850799782154 -0.271792630915467 0.0054684088055081
-0.0161048792610971 0.0468923104145872 -0.197583479458461 0.230968713269546
0.00208638004525192 0.0296113696740782 -0.0107305055989156 0.27873575514806
0.0100412343510034 0.0317923778855617 0.107718243840099 0.210754334929632
0.011513525189195 0.0230837229934049 0.151367263631019 0.159773255847939
-0.0104083346699303 0.0188001446036621 0.164610629309798 0.142635170185889
-0.0242668172185939 0.00108196220200897 0.15128846812138 0.159662913502884
-0.0212049363884442 -0.00624954910449734 0.103854570521373 0.195829529655431
-0.0170098834146469 -0.0424483791546848 0.0229371529269561 0.251352740382194
0.043796852658697 -0.0464949441857812 -0.0976847230929336 0.271404234022728
0.0991885406355575 0.0161751180528827 -0.192650184257873 0.292588682265301
0.0715468845529895 0.0706969287097283 -0.118633492034502 0.423686804912158
0.0858491812044082 0.135307150603584 -0.0677433778677713 0.28005283494032
0.0961522941670334 0.0322053692660939 0.0981374888718401 -0.0212518836561221
0.0580828158186456 -0.037728267077795 -0.140308519603673 -0.171346474915625
0.015016625036668 -0.0453985599872613 -0.291812435112446 -0.0159736360276983
0.00518245710449781 -0.0398352296427076 -0.22691725406166 0.224302262627914
-0.0167257742412677 -0.0499969049943873 -0.0294303916353743 0.278426132746054
-0.0448734019629929 -0.0284729719509768 0.0951049299105358 0.208502965482735
-0.044981649055857 -0.0266081346057767 0.138546237867271 0.15303286852152
-0.0602914607339659 -0.044927240723623 0.15848510915407 0.124449714622886
-0.0279242610509059 -0.0917038997642054 0.156962761367533 0.135515901186084
0.0313830591939454 -0.0859684690188511 0.126122455451636 0.17623687131447
0.092494706138379 -0.0817736751745531 0.0576389095107352 0.240749534166708
0.14809892566771 0.0181674983528071 -0.0496381084910883 0.26976233991818
0.129375602018211 0.159960450289987 -0.138369185095683 0.266145473828015
0.0557561950257431 0.235777686575758 -0.0836220386316869 0.357579306434959
0.0613579072607236 0.260390385588825 -0.101241529495451 0.213588707855139
0.138845732369132 0.164311286135309 0.0992842816969523 -0.045264167660109
0.17157918769044 0.0127657984464825 -0.123366695814429 -0.209289315419741
0.120910318878505 -0.103855283943232 -0.301830779956191 -0.0585110656664456
0.0441029462154387 -0.131427087367632 -0.254495195647013 0.191097516179335
-0.0237404849655646 -0.134900931045944 -0.0576425015413702 0.250848463157839
-0.0908249745079442 -0.0931560624194158 0.064120544684623 0.181661657190959
-0.0955391333639336 -0.0730052575016658 0.104930246251448 0.124671243068562
-0.106962657587973 -0.0929635572309043 0.133399355932068 0.0841305927309183
-0.0460769724353411 -0.16320743662981 0.151708089509259 0.0826424486478397
0.0524929523380256 -0.160786541990293 0.154748286814385 0.122425750950917
0.16604622115604 -0.14786002101866 0.114650396974347 0.208381668581457
0.245002022781823 0.0319008616498173 0.0184483791664724 0.260753713596262
0.180358946628043 0.25128356168758 -0.085010146640447 0.232093693845833
0.060381750425837 0.357986356314187 -0.0499576638412274 0.249027119822295
0.01248274203686 0.347495832508848 -0.106779892823516 0.0956702340776668
0.140647546411067 0.293005354932862 0.106008830369821 -0.0975032764409959
0.258679657183061 0.0924894537085799 -0.0873967740330423 -0.252219442954023
0.231460589135877 -0.128758550885845 -0.281819294109329 -0.118626893229267
0.0972386365071815 -0.204216320974808 -0.262651179615007 0.121315780805051
-0.0163959473789984 -0.207215847037307 -0.0892299869775874 0.18822258807501
-0.118999141201928 -0.151235475746341 0.0193397389326628 0.128249447911984
-0.132728228222039 -0.10816792169079 0.0566083291143163 0.0776551427726178
-0.141897422959331 -0.120260929627986 0.0906585260322818 0.03075217997352
-0.0693409432409477 -0.203266658782371 0.127993925968631 0.0156701780345581
0.0494307003954177 -0.213552047285323 0.168022179811728 0.047178841663754
0.197365282827922 -0.209654248603767 0.163238266863616 0.151549048698141
0.306040931868603 0.015163482828364 0.0838135783799518 0.230531731025395
0.21962001312967 0.285266978262415 -0.0480242459188352 0.189302657333403
0.0676139868483957 0.418781959801326 -0.0269027805212046 0.118360424547977
-0.045022628019822 0.371459673710203 -0.0786586927798437 -0.0565559073662719
0.0985405802609267 0.373865176083546 0.120925364399508 -0.170876667526007
0.282802970021324 0.176079081944781 -0.0318835440471262 -0.285703698136668
0.304810647108096 -0.10852450721791 -0.223065016394049 -0.178724915036241
0.145419734361465 -0.234299938167395 -0.237890301260539 0.0264975813089876
0.0010297187351444 -0.246606149418812 -0.112191885042443 0.0966621046816523
-0.125393931883261 -0.186203653471814 -0.029360234870403 0.0554904677325388
-0.149552451343931 -0.128283791002301 0.00130264270998622 0.0211538182069668
-0.159149117595272 -0.130997808970663 0.0380623013348931 -0.0261722638577752
-0.0834117237034463 -0.212970568364818 0.08970926283351 -0.0529259423230446
0.0396028103194568 -0.231980966484012 0.160015927392818 -0.0314167183910746
0.20125441287077 -0.235302101852898 0.188314471639939 0.086546606423829
0.316667322751247 0.00428830595482993 0.127006137288934 0.186785165090918
0.218649287798133 0.282380158878109 -0.0307206102241638 0.144383427269722
0.0574932980396888 0.417120016528412 -0.0150899615833519 -0.0106015967661817
-0.0850260422221202 0.32446702531742 -0.0231468153961154 -0.211483525416202
0.0315621526006691 0.369647965661772 0.14212293613263 -0.245660601420888
0.238755555886262 0.21947844107771 0.0309784337629914 -0.29875722481413
0.305833791975347 -0.0609917732564883 -0.140762626246562 -0.219624684621159
0.16297850481066 -0.212448686695063 -0.18452877750403 -0.0685504037231354
0.0166760448434797 -0.238187153078842 -0.123000325821859 -0.00536150084592624
-0.112196711919839 -0.187388112618186 -0.0752589001397907 -0.0235602713579862
-0.143115476224697 -0.12774457540508 -0.0536682069275224 -0.0388305573511633
-0.153059964242921 -0.124811543604821 -0.0167143948528064 -0.0826797350158746
-0.0830380304439317 -0.197967500503868 0.0475788599634566 -0.114617406699826
0.0352621262651746 -0.219073942508007 0.143461368680045 -0.0969594244832488
0.19231129342947 -0.213905099751434 0.194303788008496 0.0305510793237409
0.285874464816975 0.0183529063341642 0.145690200764369 0.143678498035271
0.175411862433178 0.258652004826423 -0.0261764046923705 0.104158725233941
0.0225404975514834 0.361509469992116 -0.00546748250544519 -0.122029446354223
-0.0981646740928591 0.214333263277788 0.0399025751289628 -0.340908901369308
-0.0260697196959743 0.278008153252678 0.159455239304373 -0.30207367239265
0.149253883709873 0.193881414456269 0.084566069141664 -0.293467177737578
0.234414112143131 -0.0187853913855754 -0.0631639419597838 -0.236960888338426
0.138019164489247 -0.154285137041515 -0.126761024109469 -0.141112822202383
0.0220964599519907 -0.18389291171956 -0.125039642477256 -0.0929576009845286
-0.0834649343022079 -0.15293479349788 -0.113662251944797 -0.0922029488551996
-0.115485906280261 -0.10572334496481 -0.101691375111515 -0.0914752428922783
-0.124824988593173 -0.104704309764475 -0.063938099931712 -0.132700395818405
-0.0670110064342467 -0.161446185362459 0.0149165048906802 -0.168442996945068
0.0342061151324545 -0.181158659001166 0.131807503590873 -0.149245496747341
0.171572801442518 -0.159539984906105 0.19850592823139 -0.00689780458147939
0.224348391138127 0.0473263302453084 0.15063100088908 0.112905905038696
0.103270551249244 0.220974233042627 -0.0233444696554399 0.071288809793519
-0.0252038296200704 0.263854560811422 0.00997022322162154 -0.204583668328602
-0.0887637305208434 0.0657151988919277 0.0873104642514375 -0.419914409013661
-0.0616608223292136 0.13144454590183 0.158510041427112 -0.331307293987693
0.0500777694782246 0.116593687310233 0.112412689349719 -0.281931764194716
0.120310305961891 0.00520321844416106 -0.0180753411248048 -0.242265544856658
0.0816114527172721 -0.076976798893442 -0.0922792309022411 -0.182959636424752
0.0187128575219897 -0.100578157153087 -0.129339504544358 -0.147663222963339
-0.0437629789173396 -0.0908929167971865 -0.141912813580269 -0.133977767669633
-0.0692402597319781 -0.0664701867253675 -0.133643964134908 -0.128551596701654
-0.0782626669738747 -0.0699585187207827 -0.0960999378677754 -0.171238586165735
-0.0420606430955412 -0.108646004869417 -0.00194397926392704 -0.212088311658769
0.0318386364740786 -0.125629666149569 0.134811065892515 -0.188322276339653
0.134998385007294 -0.0893935316357693 0.210608907666604 -0.028405114395606
0.140256386711669 0.0720281635867129 0.154080579272658 0.0978928351855711
0.0215855609600579 0.159956528043432 -0.0178137282239309 0.0526143249749748
-0.0714391301382896 0.134037187900487 0.0346581273187673 -0.248368558808242
0.080418478304793 0.00133791947820396 -0.0298850508177219 0.273957688864768
0.0304145974465028 -0.0719592334916478 0.0971169401636447 -0.0210970419501301
-0.0492329991284212 -0.0537937015209081 -0.13193045006558 -0.147946917573761
-0.0633880085101566 0.0259455847209207 -0.261621728047606 -0.00478505263476469
-0.0147311691651744 0.0453004300484038 -0.193618649341856 0.214241966724537
0.00179112868197852 0.028924291719038 -0.0189159350464815 0.264300200555288
0.00866788469118153 0.0333855169301967 0.0969295338694811 0.204855001073991
0.0101426431505048 0.0230190678523457 0.142901494092894 0.155381036304764
-0.0102135439506672 0.0194012283992882 0.156526169844686 0.139417104592175
-0.0230954987948208 0.000954279884814344 0.142998803644538 0.156306242104796
-0.0182135477897443 -0.0063299611605679 0.0929790289400893 0.190794786704007
-0.0134270305866617 -0.0367729651688601 0.0123004291709814 0.238354609820505
0.0422220924738896 -0.0388434215925863 -0.10466753925083 0.252209479144259
0.0916720608256348 0.0216104609627921 -0.198401633501245 0.272550882264625
0.066837098876459 0.0746860839262713 -0.135322195159127 0.397529765127808
0.0782084938673668 0.136039257887351 -0.070347673034734 0.263415490925427
0.0908612273538092 0.0353727738209253 0.0975157725376207 -0.0196619611762376
0.0563518972186518 -0.0321917299442767 -0.126185851589539 -0.172523119105744
0.0166394895457309 -0.0392681244884626 -0.279499432040454 -0.0291055444125165
0.00934964955043961 -0.0363477454149691 -0.224215907330387 0.205783120802792
-0.0135950301626089 -0.048491571840151 -0.0383199726419777 0.262834081291889
-0.0415798660304594 -0.0266999507516125 0.082794461705201 0.202417211746977
-0.04276397979837 -0.0277532804917268 0.129640668141276 0.148999214220697
-0.0562053439337528 -0.0443700718148626 0.151085712595673 0.121341877157388
-0.0251276929529909 -0.0902338802714951 0.150132191819954 0.132401934546704
0.035310514446335 -0.082970277675181 0.11842128433464 0.172816576830766
0.0925880220817029 -0.0714974417864668 0.0510652882082227 0.231551633247414
0.141116918347806 0.0267585327158068 -0.0591387154804422 0.25697858923553
0.117083836435312 0.161827629196177 -0.149405673566579 0.252514353763444
0.0487018321756692 0.231374739877509 -0.104627217321991 0.337503486769171
0.0461351010796346 0.256769898337016 -0.0946726295999396 0.200959807537669
0.124031918499404 0.165305853114846 0.103540840722866 -0.0433074905961288
0.16186040288356 0.0224078018247097 -0.105486066874372 -0.211762166226113
0.11878636423305 -0.090485942050046 -0.285953593573928 -0.0751890652480624
0.0508409778476984 -0.121580541991739 -0.251053612717586 0.169607520259795
-0.0173449144477077 -0.130901224869438 -0.0666950106805779 0.234621480831577
-0.0829311736079788 -0.091137672556757 0.0515403722635514 0.175090050989898
-0.090118812373683 -0.0745273904979771 0.0972162791620528 0.120607462071124
-0.0999137206028571 -0.0916743105423893 0.127741430476142 0.0815306530176379
-0.040786509157729 -0.160654317927637 0.147025308673923 0.0808934091957959
0.0577960704504 -0.155619858278727 0.150526587948948 0.121978526421964
0.165034285447043 -0.133945282649846 0.111094978050294 0.203271813770609
0.234994028448826 0.0433059288834517 0.00849619877605862 0.253198718297556
0.16442479247145 0.250060224426857 -0.0992936251663813 0.224388020355282
0.0500324051921729 0.347342985629924 -0.0704812937959983 0.237998678792246
-0.00784743853750663 0.338325067865465 -0.092538116215596 0.0909954342866998
0.118783806981042 0.289354034871309 0.116378948248302 -0.0930954034860159
0.240761666529319 0.104687617099195 -0.0647720591683286 -0.254298619968352
0.22326986440272 -0.108282571221143 -0.261990306606057 -0.136184386208861
0.103193256412193 -0.188625583795448 -0.258340568677591 0.0994483352085157
-0.00773299029428813 -0.200624852215315 -0.0960676197474019 0.172934901385351
-0.108653766593934 -0.148596770735695 0.00896034783372643 0.123358881527022
-0.124204937384931 -0.111017422084105 0.0503510872800836 0.0758418138722303
-0.132861815669707 -0.120370321058817 0.0878200660696159 0.0293312277291256
-0.0633936884300631 -0.20074998714976 0.126309801118098 0.0149763807815656
0.0559890475168047 -0.208099877979386 0.167271387071114 0.0486475611819659
0.197371550602392 -0.193952158570313 0.163494087196519 0.150297056375912
0.295380922194122 0.0292780659610684 0.0733818977716448 0.22899773509204
0.202409050904689 0.284970998500402 -0.0625476843503471 0.186447695080065
0.055559349466058 0.403558091616506 -0.0436459112672512 0.117281441668324
-0.066242500987505 0.357975907882044 -0.0575680128960132 -0.0505466282333837
0.0715649323989938 0.365566455082761 0.135808880162499 -0.160032806506228
0.259779767689201 0.18667775097478 -0.00705969119267193 -0.283369923209099
0.290680883101046 -0.0856595448219375 -0.200061047776856 -0.192431200290844
0.149392217544167 -0.214742706116542 -0.231417019466937 0.00828539281755547
0.0097588284035265 -0.237363860166613 -0.115752684500266 0.0841498160779003
-0.113464110441208 -0.183337524583844 -0.0372827159722653 0.0514728943166599
-0.13979374829201 -0.13092784036206 -0.00229576930449207 0.0197827382736667
-0.148993038514153 -0.130262284881222 0.038161838338017 -0.0268797510071435
-0.0771725474634667 -0.21107706249067 0.09098769183409 -0.0511069728002048
0.0464960702941529 -0.227199274508557 0.163626247628255 -0.0266590265932242
0.200845262979574 -0.218596379969061 0.190688081733687 0.0885820395127186
0.307870230951198 0.0177677874259832 0.117448779883371 0.189264073479323
0.202823174286998 0.281845546770706 -0.0437168724282298 0.144149263132007
0.0461676858413295 0.401590964866513 -0.0277330164447949 -0.00553663613782591
-0.105344411617572 0.31072097756837 0.000971870211094589 -0.195371111618479
0.00701106834377319 0.35860120060238 0.158906670349427 -0.228052967640207
0.213149498225401 0.223731130483615 0.0555372107138852 -0.290732005152821
0.289197386154242 -0.0414933177678012 -0.117242193306516 -0.226737804188289
0.164883029780227 -0.193622398950975 -0.176299178270539 -0.0810183331477044
0.0242954165616351 -0.22816532796611 -0.121891266065948 -0.0134486512314373
-0.101344800747548 -0.184591651773661 -0.0789559754376413 -0.0255964335084734
-0.133230881997964 -0.130666435366913 -0.053892847375005 -0.0380944621373425
-0.143463186840334 -0.125079945788376 -0.0135864847678086 -0.0815479293543098
-0.0765618808281662 -0.196067909938889 0.0517229860605361 -0.111636289781282
0.0412928673649176 -0.214074510085571 0.1482219218521 -0.0905929682105837
0.190551539612565 -0.2002340183935 0.198197743889537 0.0366341067721111
0.277406537662683 0.028984025390295 0.135885821861456 0.149295614639485
0.160279084994955 0.256894496594255 -0.0364444217948636 0.104680631478293
0.0130087765868815 0.346068053273076 -0.011447588211843 -0.111309753091913
-0.112542075792663 0.202778659485022 0.0628492807671485 -0.316360602966985
-0.0447961377027645 0.266884740293441 0.175395279491114 -0.278778925946752
0.12871477737418 0.19523542424198 0.104937822166159 -0.278964194713319
0.218427312128988 -0.0051317564085478 -0.0430557162819628 -0.236917688906592
0.136359634044136 -0.139409368392519 -0.11792686524117 -0.147490724550897
0.0268360780927166 -0.175544407116118 -0.120492726093015 -0.0971811670215222
-0.0750860165360893 -0.151072071397101 -0.113447062895789 -0.0918269037333226
-0.107135432605728 -0.107994383235822 -0.0979245406568135 -0.0888705409175421
-0.11724479915711 -0.104600514025893 -0.0580099979539302 -0.129883001772055
-0.0621861446960323 -0.159954233105308 0.0197299591411675 -0.162788187565576
0.0395530185334964 -0.176780914837059 0.137901419739799 -0.140422257581022
0.170443737685265 -0.148896658428903 0.201134178434698 0.00143082446319574
0.21673146383094 0.0552176365370252 0.140555019326239 0.119161193658063
0.091235585202477 0.217193043315033 -0.0319551883269513 0.0712235741098649
-0.0311936434181994 0.250316958471897 0.00987781167726443 -0.190941423481273
-0.0952378246172371 0.0588562944907535 0.10555679189276 -0.393025546430649
-0.0708815891962057 0.12313098912335 0.171096630387885 -0.30465773606217
0.0375767932989602 0.115109318203239 0.127867146991851 -0.262638874187894
0.110384015941285 0.0121413539111057 -0.00221007027513051 -0.234990990516752
0.0795070075503043 -0.0685068166616285 -0.0830295312719395 -0.182302165366164
0.0210700412854395 -0.0951199105711938 -0.121077456643706 -0.146708309512892
-0.0389815886512341 -0.0902256700126211 -0.137792942658951 -0.132145045206
-0.063838848839902 -0.0678016060038646 -0.127601557390525 -0.124489498033195
-0.0733920561513943 -0.0708709796652522 -0.0881636119069159 -0.166123410862001
-0.0388182193252294 -0.107272823307921 0.00444095623892199 -0.204054324998218
0.0349959289876884 -0.122976322501073 0.139433013637915 -0.176333236224638
0.133749034882986 -0.0827097123829747 0.210730982749129 -0.0181473048792521
0.135020635467867 0.0764798158170218 0.141917942050254 0.103944174892356
0.0145095587286982 0.155648865589456 -0.0247425508946072 0.0512028628864358
-0.0727176111002724 0.124210625075099 0.0383070811633282 -0.233019511701385
0.0773809204493437 0.00264065452428238 -0.0296037881371989 0.267823498902453
0.030932865605931 -0.0706702923589388 0.0975185837449422 -0.0214327791585779
-0.0479325592022841 -0.0537807904705673 -0.12801409452149 -0.147485991523633
-0.0620042857357055 0.0256972422097306 -0.259688175318895 -0.00680028889296048
-0.0150482263447446 0.0453597186104724 -0.192782759952511 0.210465231841527
0.000654213086091027 0.0296462821449676 -0.019236342635634 0.261624739736313
0.00884565549415534 0.0332745787928203 0.0948119624056703 0.20199298394241
0.00941243790390117 0.0224270218371763 0.142065823274664 0.152715171084876
-0.0104508467227164 0.0185684218999821 0.155851211972521 0.137592142056372
-0.023495841331539 0.000478067196081374 0.140849064031433 0.155099107577327
-0.0172902049967121 -0.00665953856367462 0.0895101997672142 0.189387714780337
-0.01269756494949 -0.0357247348408399 0.00967383006058358 0.233987883916398
0.0420439948896864 -0.0373047404327769 -0.108961121451072 0.245549549666649
0.0903036250258553 0.0210903739664822 -0.199289158856498 0.266372605773838
0.0640087871055123 0.0747643566282934 -0.135353585331854 0.389139693473747
0.0750467574444607 0.133387284964161 -0.0697236460383991 0.256883998666511
0.0893455833789883 0.0355611201749163 0.09862587878382 -0.0195856623449785
0.0547030975436627 -0.0325333754843921 -0.122273116170738 -0.17150222779906
0.0158768151398721 -0.0388103579073643 -0.275287126151753 -0.0328503550740204
0.00860215456691972 -0.0352587186801019 -0.221425752314062 0.202157635628408
-0.0144745782540282 -0.047512870459458 -0.0386572324138743 0.259668198088027
-0.0405756253141491 -0.0261144559113929 0.0807244573366803 0.199546233753927
-0.04175179969718 -0.0272954369222487 0.128634577314207 0.146306509896131
-0.0557268725225407 -0.0433268674523408 0.150283662673359 0.119493979002873
-0.0255377236553498 -0.0891213098248836 0.148499494904079 0.132205023778438
0.0362529460275469 -0.0824907910846765 0.115488438295175 0.17147275768137
0.0912971077161418 -0.0700257137579722 0.0473379133664815 0.228694399052429
0.138678164849846 0.02740620549923 -0.0633650389633928 0.250693336073797
0.114387727794153 0.159828552122993 -0.150603268284462 0.246388467841454
0.044603684378493 0.228376338833872 -0.10420984069269 0.330934475482211
0.0427326383888367 0.250278512222848 -0.0926180238883041 0.196629558206616
0.121592982939125 0.162959849989835 0.105336507128718 -0.0423008621986751
0.15766437178556 0.0214782434053493 -0.101174727508782 -0.209706914672491
0.11541775137629 -0.0882376533470903 -0.28062041715969 -0.0775655286752261
0.0481946971300125 -0.118697960097974 -0.247113827243837 0.167233955114394
-0.0180491174496739 -0.129182753628155 -0.0672517718930543 0.230570040219302
-0.0812669547974545 -0.0895914275328311 0.0494447968674783 0.1728711684788
-0.087981491789655 -0.0733806835189588 0.0961476700764129 0.119552687919708
-0.0980377662804784 -0.0897419872213697 0.126161491569341 0.0802674340362038
-0.041589133396675 -0.158319208836725 0.145873788925513 0.0811081213124515
0.0578568734406365 -0.154191929059866 0.148531047766577 0.120775512494004
0.16172035272865 -0.131057216144271 0.107180916916003 0.201657287531442
0.230831273366245 0.0442416707903548 0.00345263044117226 0.247129474288403
0.160185146049541 0.247929108929061 -0.101013775125546 0.219398162875657
0.0452564771890879 0.341090722379631 -0.0717177827969574 0.234507618621151
-0.00958192045563556 0.329180141075491 -0.0897406452451461 0.0895529835476033
0.114934924042079 0.286310028295741 0.118182869531481 -0.0896441739594591
0.234025967518606 0.102744873804514 -0.0603872169143922 -0.249685461333328
0.218001048511801 -0.105513250799339 -0.256133491922648 -0.136619867204919
0.0996477214347646 -0.185270513762947 -0.253307746683514 0.098669445110891
-0.00924291591425895 -0.198441576779279 -0.0956250512108107 0.170044379393402
-0.106569448857327 -0.145770159727693 0.00741629010560791 0.121383983155795
-0.121681260906986 -0.108686992628745 0.0500997780726126 0.0759674556462693
-0.129794058323941 -0.116943287872252 0.0868011941350449 0.0288773270993836
-0.0630646273782108 -0.198439673208642 0.126016636086842 0.0166980352903282
0.0564028691987071 -0.204845522281417 0.166114768889972 0.0495304621451933
0.192524649650546 -0.18963007586367 0.15909003157313 0.149951445474641
0.290951389855211 0.0299682205350078 0.0683602884376192 0.224167272190036
0.197307034259421 0.281609473621814 -0.0643864520718637 0.182849361664131
0.049341159191915 0.396228411864862 -0.0456010537108269 0.115986986722094
-0.068019029545663 0.348821723310745 -0.0549229179201619 -0.0491349679944868
0.0694385346502751 0.360430566224101 0.137352709727565 -0.154072224007899
0.252868383920837 0.184115023805954 -0.00215911248551816 -0.276854807339089
0.284600605270765 -0.0830910265678832 -0.194264273778433 -0.191048382518126
0.145738491328748 -0.211775698242306 -0.2263106659907 0.00859142017841831
0.00792445189694362 -0.234470853104386 -0.114972021341439 0.0824947110304546
-0.111742141880869 -0.180365912495494 -0.0378473927322925 0.0511646664755622
-0.136344853890055 -0.128675298319567 -0.0027649958256498 0.0214716938685199
-0.145251595751578 -0.12704983796218 0.0377681123135766 -0.0259888986622704
-0.0768721053139501 -0.207588038087069 0.0908069073612817 -0.0489748781059732
0.0459903071501656 -0.223354021573157 0.16225358001434 -0.0254068278897531
0.196456444704623 -0.21489086521149 0.186898912190562 0.0894099217801494
0.302075677852253 0.0187537804080696 0.112338481362504 0.185764619678768
0.197860014325204 0.278176879710539 -0.0447653187257263 0.142171319886801
0.0404985119380245 0.392918546814263 -0.0287534117041987 -0.00339321020259798
-0.105327793760741 0.301096946373159 0.00339757471497817 -0.191089396387333
0.00402469423798043 0.352693199959343 0.159372494292773 -0.219742423697933
0.206375164272654 0.221197758465496 0.060806909166077 -0.283199899010207
0.282373311609869 -0.0394221007215341 -0.111751754759103 -0.223845266809466
0.159757929815857 -0.19050396607913 -0.172371817893325 -0.0792424799698609
0.0219072145232148 -0.225593079383596 -0.120699942925523 -0.0142230231201178
-0.0999785741083276 -0.182386811188634 -0.0797941753910875 -0.0244152888363303
-0.130306078350811 -0.12764385678754 -0.0538590800501741 -0.0347482600704695
-0.139705786821214 -0.121905408264411 -0.0131004121649196 -0.0794829192119763
-0.0760095333038273 -0.191966278890208 0.0523762550716445 -0.108435992044856
0.0414660662129034 -0.210611987732806 0.147967891692371 -0.0885033506998389
0.186937112137753 -0.197478731226698 0.195125552862687 0.0390084114055964
0.272204764728482 0.0291811918890189 0.131784151243782 0.146776200275143
0.156487199118785 0.254326754937994 -0.0375119705256887 0.10328976519539
0.00941905962571294 0.338476668628606 -0.0135117956234337 -0.108096684008737
-0.112268151526878 0.196124716498966 0.0645241207879364 -0.309006188864059
-0.0457650659242412 0.261390897378815 0.175338816019807 -0.269530424419556
0.12398990576211 0.192590319121012 0.108207827355308 -0.27235397275851
0.213457797286892 -0.0031217563015911 -0.0393780738681838 -0.232962597506818
0.133502045317316 -0.136775192385652 -0.115094767710464 -0.144319912318814
0.0255891380771176 -0.173969409988501 -0.119816374590906 -0.0961061044050101
-0.0750352286639479 -0.148672412213754 -0.114194739724701 -0.0897082097878607
-0.104109911070542 -0.106155574842359 -0.0970626378350713 -0.0850642278657891
-0.113500134900804 -0.102254306820937 -0.0571029321891865 -0.126409125405312
-0.0616951936275274 -0.157313773178221 0.0209833056682546 -0.159204006670334
0.0388507788483123 -0.174046660197532 0.137171166438506 -0.136724990673824
0.166287348748396 -0.146661272960238 0.198671304959972 0.0044315718342954
0.212477671869016 0.0546057938260408 0.136950503260363 0.117425568815905
0.0880084083143837 0.214281971687165 -0.0327595402731145 0.0700099664782976
-0.0326013989260571 0.24422356723642 0.00720008158775764 -0.185836088096972
-0.0944182214739748 0.0563001969844135 0.107283583631257 -0.383453970620167
-0.0714437806100748 0.119981065589321 0.171316405731463 -0.294878299919596
0.0357812307754668 0.113174308942802 0.130095982936634 -0.256641392297225
0.107193886550422 0.0133242035231093 0.000882591455678463 -0.231284296893651
0.0773849479819286 -0.0675950961171826 -0.0813754620197537 -0.179838717117598
0.0203874772530535 -0.0935620867575986 -0.120984765374883 -0.14605966668531
-0.0382461969133288 -0.0890434941385256 -0.13831783998536 -0.12941095880505
-0.0611662465426641 -0.0666265263349947 -0.126330594873839 -0.120455701701316
-0.0703091753839071 -0.0689420097064053 -0.0873373083831574 -0.162270981562369
-0.0375580442723565 -0.105142680291459 0.00544840865034926 -0.200179469852857
0.0344111690762842 -0.120303428655109 0.139809322377854 -0.173065358636533
0.130995463458001 -0.0805369200536254 0.208702220037464 -0.0150628475010139
0.132317911476704 0.0754705144071008 0.138744483879731 0.102586494141327
0.0127972210193166 0.153074360791106 -0.0251761680774212 0.0504281385559993
-0.0719194929532458 0.119971096923454 0.0353268904647797 -0.227872377864245
0.0771230624597603 0.00446848021804815 -0.0295227891217607 0.268618892114916
0.032040538689591 -0.071105295997943 0.0998218749250317 -0.0224491346344852
-0.0488449071333373 -0.0549249304684679 -0.128701635620557 -0.151696516159357
-0.0618771005006288 0.0259754106458688 -0.264478596175267 -0.00944446587831956
-0.0152967701017617 0.0468489601961579 -0.195181745164762 0.213211633441638
0.000760303535321328 0.0316831317065293 -0.0191877003477738 0.265862309008106
0.00926610083534151 0.0339065928518261 0.0963866182132909 0.203663113958661
0.00960166532810932 0.0224925560542284 0.145354956617574 0.152051436759624
-0.0112510128567112 0.019171908424809 0.159831332265014 0.138047844315395
-0.0247138598686715 0.000893095392518754 0.143602212841236 0.158130483965318
-0.0168929682216161 -0.00837328700620196 0.0892562838239578 0.193239171564777
-0.0126048084909988 -0.0364903032834093 0.00779490182616532 0.235436115126482
0.0432002151141864 -0.0371959564774964 -0.114549892074291 0.246686016874406
0.091379390331769 0.0212017916206245 -0.204031148149147 0.267886088995684
0.0630371468310454 0.076779807021532 -0.137063198544887 0.393811250526344
0.0740865899402394 0.134883675939833 -0.0690982241578121 0.258238525266853
0.0907415935007075 0.0361123883942188 0.101708938805922 -0.0202068070395625
0.0539421805635588 -0.0341908070940462 -0.122393135445501 -0.174854873276139
0.0158650482396965 -0.0393551894762312 -0.280689911104987 -0.0350277903469402
0.00808096018099934 -0.0345582004585676 -0.223373834517033 0.20568752954372
-0.0158425255571601 -0.0465631840132057 -0.0391907524792572 0.263333995369721
-0.0410357959601716 -0.0262347007850207 0.0814954658109229 0.201812755458407
-0.0421926004078536 -0.0278952402979099 0.131621986763868 0.146708343883897
-0.0563882011586935 -0.0429246604216563 0.153280699607065 0.12021373102392
-0.0274897536071478 -0.0904918324812574 0.151447711292109 0.134776746027674
0.0371879878738237 -0.0845783887751697 0.116977763369294 0.175143490386146
0.0916280903242131 -0.0708436074895849 0.046408602379497 0.231177685276903
0.140004813295014 0.0282625723086494 -0.0683098719927261 0.251531745376887
0.115326644598279 0.16174612950881 -0.155174651359312 0.248835751268276
0.0421726550331421 0.231393673858822 -0.107002049341025 0.336140291797176
0.0422641582791437 0.251421592878858 -0.0924186652687454 0.197735132701309
0.12265558076373 0.165127418668189 0.108580417125431 -0.0422538318995984
0.157997052229149 0.0204027536815058 -0.100270812351601 -0.212468073272722
0.115992021421882 -0.0895115254664119 -0.28347526703105 -0.0802307482509265
0.0472471191699089 -0.119856170189276 -0.248805345070888 0.170351780702291
-0.0208579132288077 -0.129717679241489 -0.0677118372875111 0.23391019579022
-0.0828674755361938 -0.0899922797405706 0.0502834076567917 0.174579733583238
-0.0888809076519855 -0.0733961742659861 0.0986195720285292 0.12078613591329
-0.0991447402460204 -0.0894535463709395 0.128977400361643 0.0804202954078194
-0.0440533202591908 -0.160420959060498 0.149044476269798 0.0828494571949777
0.059176977641696 -0.15673521349129 0.15053940393865 0.123239280264761
0.162472558673102 -0.132721599356127 0.107257843198321 0.205430327648428
0.233384820420734 0.0441491383341081 0.000233458901147205 0.249199903413872
0.160576944598544 0.251286545210702 -0.104016785477679 0.221713965838336
0.0422764809657113 0.343910367130168 -0.0744052780259118 0.237453883151144
-0.0122765089316207 0.329672544524525 -0.0890247796491927 0.0902132092956266
0.116560635755516 0.289150860392764 0.122387119404287 -0.0891561904138483
0.235066187032496 0.103168777445709 -0.0580548254623727 -0.252943998443697
0.218769337623292 -0.107014012154025 -0.258333311811156 -0.139448518902023
0.0992755797905349 -0.187551515430186 -0.255283686974474 0.101214008804488
-0.0121694098110939 -0.200765897560861 -0.0973675785932658 0.172412773812165
-0.108598115341483 -0.146925255394788 0.00684111146516308 0.12332991833349
-0.122792407695786 -0.109420658837218 0.0514115688802278 0.0780024442014046
-0.130901858838433 -0.117611055799443 0.0881730008827945 0.0295333735844874
-0.0660334398453444 -0.200408118361771 0.128525867682253 0.0171117122952219
0.0574198027047771 -0.208204805506772 0.168614905672745 0.0501712888383009
0.193289362264416 -0.193098285231263 0.16055645969916 0.154197051655303
0.293157023725018 0.0296572282704324 0.0667207678872272 0.22674305642984
0.198698570414147 0.285422504943051 -0.0667674590856607 0.185238981906344
0.0475251850141273 0.399175859115667 -0.0480808840809982 0.118493162087976
-0.0700202498518203 0.349788147044235 -0.0534125802231369 -0.0482105540197155
0.0687671251152502 0.364091562864314 0.141866704879246 -0.15322038198683
0.253306691044129 0.185184306937103 0.00164170359745026 -0.279932152078758
0.285669520816095 -0.0832273409450525 -0.194487860331463 -0.194620682572033
0.144787895740586 -0.213363649287288 -0.22817409244959 0.0105507393258768
0.00535904027263238 -0.237988565012019 -0.11687366969448 0.0829670202355108
-0.114874035562829 -0.182060028024409 -0.0397485092506936 0.0526470949389151
-0.13763417015783 -0.129043394884278 -0.00209769905309486 0.0235201247006358
-0.145829849804166 -0.127401141196183 0.0379046062120544 -0.0262160408955827
-0.0791873204701948 -0.209213159078979 0.0934219444925127 -0.0489642679592717
0.0472010823769869 -0.226325414920899 0.165524961158833 -0.0256728688269671
0.19665090133578 -0.21881510065148 0.18917552161489 0.0933595515610137
0.305189022028109 0.0178983028676393 0.111277501681346 0.187282307377711
0.199736047441572 0.282182875078934 -0.0469734875249967 0.144417322726949
0.0373552394358063 0.39509852423434 -0.0317406481337077 -0.00188981251760338
-0.108260781900678 0.300981184464717 0.00599066113694649 -0.191023266119658
0.003331812936226 0.357055156861213 0.164463937478848 -0.219469528762929
0.207042331086041 0.223272196059097 0.0642269508103103 -0.2852655200975
0.284104053728089 -0.03824488683734 -0.111540347935302 -0.227585667621135
0.159763438082057 -0.193399393985906 -0.173383397690227 -0.0786250157715401
0.0200237725418931 -0.228721692088565 -0.1232276480513 -0.0148292355199398
-0.103079232254495 -0.183396141653039 -0.0828239337046164 -0.023533566211465
-0.131289490991707 -0.128801648865639 -0.0549947407745901 -0.0329353109117681
-0.140078706228382 -0.121811729540702 -0.0134624632651047 -0.0795334309286569
-0.0786052750072656 -0.193335827345369 0.0541334264209852 -0.108864445555776
0.0416092722840089 -0.213762224449225 0.151215707809808 -0.0900400822278489
0.186338409449227 -0.199766245320658 0.198296657160036 0.0414102334816707
0.274871859796088 0.0295085248638255 0.131680882643734 0.1480825578019
0.157634958869286 0.257551088575533 -0.0393807771003435 0.104238619202667
0.00777322848033935 0.340527628386686 -0.0164799296884606 -0.107499844021496
-0.114459808884298 0.195667184300454 0.0682260060880657 -0.31039588173545
-0.0474194385829806 0.264866048376029 0.179714049368061 -0.268846887769776
0.123961797592991 0.193807765753333 0.113126841932072 -0.273943422120642
0.214082955363034 -0.00223005526304784 -0.0372522725829817 -0.235656462473345
0.132976567931782 -0.138697416291248 -0.11588208811354 -0.144728715048194
0.0234595997594909 -0.175553522662274 -0.123055339540241 -0.0986617295343409
-0.076472862550485 -0.149640741534565 -0.118582527955999 -0.0893411658805339
-0.104866137700638 -0.106638720622621 -0.0995338724023173 -0.0833630402682922
-0.113550162039906 -0.101758675859777 -0.0584367801837435 -0.12656431211986
-0.0629232362221185 -0.158153123183313 0.022136937165402 -0.160338175387948
0.0396256276235303 -0.175705741848811 0.139541706180134 -0.138650943260085
0.166545584336057 -0.148448292706057 0.202018109306681 0.00559539814915179
0.21476789804972 0.0549148682617544 0.137727519969302 0.119295776163532
0.0881482741679793 0.217245777184107 -0.0345800964703339 0.0719202591152892
-0.0345849357525265 0.244763695040732 0.0044613826084797 -0.186062533256909
-0.0959899693901064 0.0549891147544136 0.110417014585902 -0.385527569568451
-0.0734049509544676 0.120606547041091 0.1753272970552 -0.294413084243019
0.0349381374925684 0.114350855538466 0.134491295829369 -0.258337917145712
0.107112192346668 0.0148292888835742 0.00361297348967487 -0.234011948055035
0.0765295183743122 -0.068754906004846 -0.0827140991282202 -0.181732023986896
0.0191909121665732 -0.0947192559915856 -0.124215678293969 -0.148053536821273
-0.0395346099741257 -0.0898885676687071 -0.143049524679448 -0.128856488432267
-0.0613405273287652 -0.0677302257497013 -0.129714281477049 -0.118857674703455
-0.0697287455052335 -0.0694156170295058 -0.0885861438886441 -0.162015085791963
-0.0384596128339388 -0.105291903829619 0.00562825154644615 -0.202176158548597
0.0344040076516651 -0.121483707170402 0.141681585209086 -0.175063870238239
0.131662650015706 -0.082008687012433 0.211977267962214 -0.0143228748258291
0.133785018798802 0.0762504271565821 0.139344957148209 0.105113676265534
0.011818443448484 0.154458607746251 -0.0271982526692265 0.0513044258029766
-0.0737018631519368 0.119689423639921 0.0326366421995811 -0.228424120458557
0.0778501813993837 0.00359354988182347 -0.0238173121148968 0.274860513638983
0.0318570156461342 -0.0740705779307352 0.103753463184985 -0.0264495309359064
-0.0515337138588569 -0.0553111286070586 -0.136022946517707 -0.154189578979413
-0.0629049665725655 0.0282646080164409 -0.274146824309876 -0.00472051861240236
-0.014534989431558 0.0491289736291294 -0.195845034723495 0.224136550982297
0.00176234677325367 0.0339176185265697 -0.0115784132913485 0.274497322366578
0.0107007337778822 0.0348857860235303 0.10478789308835 0.207628261335217
0.0103181466291755 0.0227770430070095 0.154117985565423 0.151447093079958
-0.0107564095104559 0.0200959214116309 0.169579879392461 0.136040699335953
-0.0257150547251772 0.001561606060522 0.15322542815457 0.15983589325048
-0.0168110451311665 -0.0087901721417575 0.0959116956948451 0.198836232224884
-0.0137151878490166 -0.0370948443925118 0.0118326595922583 0.24113414551505
0.0438077124833452 -0.0387210975823996 -0.11638616753865 0.255139400861089
0.0948207367563397 0.0193364918352144 -0.206444147306708 0.278883559583477
0.0654083211118408 0.0792160355437903 -0.1318638159896 0.405749320990882
0.0775639609294615 0.136250402952172 -0.0644536928679671 0.265300689492118
0.0949986729048053 0.0348714671717864 0.105600010966199 -0.024038849071148
0.0537388468081674 -0.037054254833842 -0.128891054804505 -0.178577221765589
0.0147814113723715 -0.0410572265410908 -0.290638074644024 -0.0308091852485671
0.00699303066906424 -0.0352111806600155 -0.224512788601937 0.216546964053241
-0.018182755156792 -0.046805695844235 -0.0332947831044323 0.272636786728683
-0.0425339685462492 -0.0250318536773971 0.0893413294072644 0.205149814715394
-0.0442128676769655 -0.0269422594558142 0.140435993078835 0.146391667432357
-0.0592291886619648 -0.042435442536523 0.162004735096604 0.118757116369416
-0.0320406935753231 -0.0920955014073042 0.160602254555736 0.135553521522298
0.0364237584181894 -0.0889670052540052 0.124479956345605 0.178479132825584
0.0926464044284903 -0.0753715699576048 0.0513445933813672 0.237345362202791
0.144964415147015 0.0260277927889207 -0.0677674611119661 0.259324440865638
0.122872931632255 0.163883364496 -0.156474843289292 0.258598352944102
0.0472429338084854 0.238101727046291 -0.102765937632672 0.345390043474421
0.0466328855251337 0.25595304406248 -0.0892416363367132 0.205376888979884
0.130888522333721 0.16689785440557 0.113009023764981 -0.0454552261665925
0.160695958355688 0.0163948710641247 -0.106624506042171 -0.217619218115296
0.115999238941985 -0.0951430437314453 -0.294127572016303 -0.0781272125917099
0.0448036231335123 -0.123608198536836 -0.251072306959784 0.181100113601343
-0.0259577361028137 -0.13249105946299 -0.0641581966179985 0.242790283908099
-0.0875795005131563 -0.0898861386130052 0.0557606890159114 0.178414626006203
-0.0931275773680522 -0.0726030416131014 0.105164628211517 0.121600792051508
-0.104347469963072 -0.0888491389992832 0.135525841993825 0.0788053787787035
-0.0515937812535605 -0.163737249272168 0.156660263488522 0.0821490558213786
0.0571305768856768 -0.163969681274675 0.158581961151189 0.124263378867877
0.163193141427859 -0.141392438937827 0.11410943273164 0.210183125000746
0.240994152556405 0.0408768570240649 0.00201419473788255 0.255221831833313
0.171318879588173 0.255427281228111 -0.103894950435735 0.230673931384273
0.0491008927290742 0.353273833815029 -0.0718800748937372 0.246008406270614
-0.00676484183012723 0.336518456272896 -0.0876871991301638 0.0953170358104158
0.127105165912521 0.295000333927735 0.126564887404645 -0.0934755070951669
0.241843365896145 0.0995725632602412 -0.0624234326386733 -0.258879629884916
0.220819420801435 -0.114971451319929 -0.268357561768185 -0.139241005840681
0.0962431717255841 -0.194850746041911 -0.258030462351752 0.111373194808071
-0.0200458720128082 -0.205792358020894 -0.0959328413793576 0.179768326183977
-0.116416825001196 -0.147622349390923 0.00992316167625584 0.127052581767997
-0.128512186709212 -0.108384959212323 0.0557622332401654 0.0796320719257262
-0.137254922981784 -0.11619047354791 0.0922932185661526 0.0276475489021752
-0.0746675290158755 -0.204762368431305 0.134766665313541 0.0153044887904269
0.0538525183552661 -0.216938907454154 0.175843555161892 0.0476421410020228
0.192257717976267 -0.20346934213103 0.168194629603824 0.15692615606281
0.302293378011804 0.0237040111021983 0.0710002056215624 0.229970303243801
0.210970825037839 0.290202475735286 -0.0663537950376873 0.192278627112239
0.0549806199848014 0.410537443261257 -0.0487267263629179 0.12377557312156
-0.0664235999138066 0.357065034029198 -0.054186504853342 -0.0481462137506356
0.0794173557878455 0.374722651750584 0.145209078695181 -0.158726618980179
0.26241757756251 0.184000001586168 -0.00152923464148357 -0.287355362103138
0.290588098454631 -0.0923256639072513 -0.203179723284938 -0.197004135942182
0.142065390449907 -0.223267053617587 -0.23170260942467 0.0174416379009613
-0.00386134445946015 -0.244601555838727 -0.118908561913832 0.088619608376723
-0.124569951247152 -0.184331825963537 -0.0412359712713147 0.0564999883182688
-0.144668948240534 -0.128908497315352 -0.000964207548674294 0.0258320794923853
-0.152905596391851 -0.125565041526561 0.038934949213471 -0.0275939371612396
-0.0887483338838552 -0.212906003448222 0.0961409119296012 -0.052571519924621
0.0428752905228767 -0.235036969503232 0.170879706264839 -0.0304556057057901
0.1934980242655 -0.229997769264776 0.197765768252052 0.0938980655694327
0.31470097879396 0.0108737507483978 0.116922725286862 0.189076701206461
0.211753781669253 0.28625494195799 -0.0463834652022648 0.149589990710949
0.0459520194947785 0.407007624597749 -0.0346880865453926 5.01513171526746E-05
-0.105753188368372 0.309014054199278 0.00416637548671675 -0.196017540359591
0.011194889631008 0.368186834780811 0.165752023428211 -0.225808109770172
0.216188847862461 0.224354084525332 0.063650821338444 -0.294261555735265
0.289820738107429 -0.0462140432161746 -0.117922466090565 -0.232264627355762
0.157664825160714 -0.202685288398295 -0.178499534341495 -0.0749730331217029
0.0123855528907113 -0.23586478224528 -0.129092049525754 -0.0122224126138494
-0.1125354472238 -0.185524234356951 -0.0880577232889394 -0.0210665104061112
-0.138026608659117 -0.128261275825754 -0.0569730552268052 -0.0302359426326664
-0.146309695104655 -0.120518059575661 -0.0157871343816473 -0.0805316820662962
-0.0867135523070183 -0.195938698522028 0.0541597217886317 -0.11303850767372
0.0376721320839097 -0.220974600911531 0.15403779723414 -0.0969627156577202
0.183939516707007 -0.210850518539491 0.206351188275637 0.0404659922771138
0.282875148585595 0.0229909184418765 0.137824052501864 0.149169086247705
0.168318750679754 0.261289173669176 -0.0396279785850793 0.108352892162005
0.014256684211907 0.34897325439655 -0.022541243068377 -0.108660526056377
-0.114466187253401 0.201483511281093 0.0651781917357606 -0.320304708500456
-0.0438957537214577 0.273424377613017 0.180432522517551 -0.277166302465136
0.129862136958082 0.196579304011072 0.113245451787626 -0.283413651958121
0.219504199884057 -0.00690512005519458 -0.0412638456236471 -0.241618775556992
0.132275636977228 -0.146389565988243 -0.121569501447901 -0.144501756684583
0.017803379694659 -0.181797684916104 -0.130858686685339 -0.09847225704191
-0.084363180051336 -0.151866814485134 -0.127131424054271 -0.0869219612628487
-0.109908874632701 -0.106598492479212 -0.104815935153351 -0.0801634041322374
-0.118238630176843 -0.100602328731333 -0.0625996083268257 -0.126915984440947
-0.0686976051848827 -0.160001109363735 0.0195585730967588 -0.165288326693785
0.0360284513564848 -0.182094842184822 0.14149218518388 -0.147285109395071
0.165506980124008 -0.156997803780129 0.209635237576405 0.00320038091104406
0.22132700538878 0.0508004407780965 0.143392823241823 0.119049378318769
0.0959407463022065 0.221163860966945 -0.0354145464468458 0.0748711891781671
-0.0311632950365296 0.250786333225931 -0.00330929649955264 -0.189317437821104
-0.0978766933978372 0.0577974561239626 0.107033876136528 -0.397332612021425
-0.0727598404274321 0.125786563878105 0.175221387021733 -0.302836326451945
0.0380579363540042 0.116633135062309 0.135740490986237 -0.268101401629655
0.110170886561372 0.0133343953270197 0.000519907273216623 -0.240082052593872
0.0762951893705086 -0.0726483339615566 -0.0883146285541465 -0.184060448972474
0.0168158163779881 -0.0979209224782511 -0.133969050893182 -0.149982444432998
-0.0437973398738189 -0.0909927116640929 -0.152954042139148 -0.126799834633855
-0.0642146934570907 -0.0677409043338851 -0.136514743991036 -0.11594531864306
-0.0719726662838561 -0.0691235362411661 -0.0950509241695975 -0.162266803423983
-0.0416170355573502 -0.106443072185338 0.00119750604992098 -0.2072972155305
0.0325118499720541 -0.124992925743792 0.141783780266519 -0.183471603734584
0.132212794084586 -0.0877291656792325 0.218675485737045 -0.0179368734955133
0.139105000748682 0.0755034774876099 0.145822359013501 0.105063894996549
0.0150453673240834 0.158343836839453 -0.0290248059645704 0.0540371003076082
-0.07365537638917 0.122505262487482 0.024813503223065 -0.232933602783639
0.0783900603423969 0.00149461359823164 -0.00982435444923903 0.28120685433961
0.0290651322156918 -0.0777569456199947 0.105228394472383 -0.0333056478720545
-0.0560578590813001 -0.0537695626426406 -0.148211305932675 -0.151542252837596
-0.0624650968125647 0.0317258068998134 -0.283190570185041 0.00937299999438601
-0.0114958008485678 0.0512918188339257 -0.18818444758514 0.239234476117247
0.00455624977449405 0.0355300477833795 0.00407208269776439 0.281679976838338
0.0140188469047525 0.0351487593899831 0.119282199170865 0.204842268526719
0.0118217885579317 0.0226878562851726 0.167118560627901 0.142792640332578
-0.0101979606378347 0.0215380561020871 0.18237485763005 0.128445532376586
-0.0265041904416961 0.0033888433778088 0.167814434338337 0.155598144619016
-0.0176445431447328 -0.00860726183720039 0.108518529918757 0.199953758762177
-0.0157995655786931 -0.0369198052715221 0.0223678195838134 0.245533958354905
0.043311157928875 -0.0414570972031761 -0.109884756941145 0.266598305346207
0.0983291753812146 0.0146342472991016 -0.197778618880434 0.296309840369073
0.0704084715057206 0.0789809227277248 -0.11323639620405 0.421037066277833
0.084168266799666 0.1354717448731 -0.0509313952883422 0.273338953919305
0.0996382990378993 0.0299881386139689 0.108467000066505 -0.031482735326039
0.0516291084827517 -0.0408609124413039 -0.141819491089307 -0.177103149928338
0.0124892777223426 -0.0430465740527918 -0.299926470854306 -0.0167522419660386
0.00501278003761227 -0.03638153246552 -0.216695473858782 0.232990264862678
-0.0214120760957598 -0.0456137670931696 -0.0180025353671323 0.281057255895946
-0.0447708517672886 -0.0228511480896275 0.103029546786427 0.204283011622716
-0.0467074043809067 -0.0249665362354144 0.153056589548586 0.139547677361117
-0.0630637616735311 -0.0390716742441814 0.173756731816099 0.110342702800838
-0.0391194777088334 -0.0921590168776901 0.17405587230657 0.130119510126067
0.0322594757930217 -0.0942585844477571 0.136408570987144 0.177904851402697
0.0903824845402909 -0.0820313496142487 0.0642407019101862 0.239938177084637
0.150035347210015 0.0193223845925046 -0.0594270143207432 0.267462822562195
0.134391112353432 0.161033369237494 -0.148338995391735 0.273007710472643
0.0596489679147403 0.240844283395085 -0.0867322801640562 0.359463191769627
0.0587323994654952 0.257546419783788 -0.0787446041050137 0.213204116303319
0.143772376969368 0.163378926275319 0.115578124002484 -0.0531013068916668
0.163179902039491 0.00743526643071208 -0.119476353657821 -0.217753886721613
0.111934200852897 -0.104244248385854 -0.30602167649913 -0.0651268092642799
0.0380251035715109 -0.12844914660641 -0.244819270454769 0.199937340932448
-0.0354342013336528 -0.132786312898195 -0.0512923381303578 0.252523612313385
-0.0952158085099078 -0.085529111592928 0.0671764415246944 0.179077579908644
-0.0988084506061002 -0.0684162018267152 0.115992512889069 0.1173508188632
-0.111643288048954 -0.0840604440966942 0.143743026983752 0.0718446580327375
-0.0634818911418582 -0.164027311238997 0.166877286214803 0.075782118992734
0.0493700085114628 -0.17191622066597 0.169215887887437 0.119288135143287
0.157140435829061 -0.153523285318761 0.127633828282772 0.210504902105428
0.248628066813692 0.0289555762788082 0.0126215973179459 0.260054487765311
0.190082706514175 0.25209235017627 -0.0964294332064438 0.241529083929787
0.0676569062211904 0.357624689375804 -0.0616298197447162 0.256192685002953
0.00798017988507235 0.342259541105964 -0.0827043076976602 0.101321929073933
0.146361658460218 0.294966646719777 0.127159501489386 -0.100281369743661
0.25027105595741 0.0884617974538418 -0.0754139510857061 -0.26219404070349
0.217556872532267 -0.130202468437626 -0.281749844104756 -0.129625023265058
0.0853478293158285 -0.203659485785956 -0.255391776184645 0.129040754859047
-0.0345648116671062 -0.208617934685424 -0.0880065699585011 0.190113861593305
-0.129232216823759 -0.143321298369531 0.0162839748103242 0.128624174698506
-0.137643097256626 -0.102530541309009 0.0629070626399356 0.0777695342963374
-0.146705692983894 -0.110039468034059 0.0962545308306258 0.0226180306239908
-0.0899553030262808 -0.204123140803403 0.140711488627962 0.00842991253631372
0.042530178772735 -0.22636385723248 0.182889216991029 0.0398405974346251
0.182940115789341 -0.219228887029838 0.180993836627449 0.153624589270608
0.310066937648999 0.00763081354512404 0.0821301414179052 0.231405891003181
0.232250078988806 0.286332463015049 -0.059074257775814 0.200761117511403
0.076526027492395 0.415553090892165 -0.0451460827121588 0.130821848287409
-0.0511463130261302 0.366810038671563 -0.0550712470027448 -0.0460868391512275
0.101129857334224 0.377886345769222 0.143088556744243 -0.167327495745477
0.275768693075214 0.173958516569105 -0.0132305108040851 -0.293806793531332
0.290339195134054 -0.110703504093201 -0.216925809494312 -0.192281526872555
0.130426050914765 -0.236174889626785 -0.233284314931813 0.0322241382801804
-0.0202159424485023 -0.250033761533862 -0.116919641614035 0.097385347874808
-0.13970904597574 -0.179430956409067 -0.0400260484144216 0.0603640748789884
-0.155111885836519 -0.122516278410254 0.00173270157445385 0.0274917817290224
-0.162707516061241 -0.11856373765701 0.0387395458417331 -0.0304115621041401
-0.104237786226941 -0.211984086236374 0.0968179561336702 -0.0589832801044296
0.0303055228973558 -0.244039700366524 0.173895056193826 -0.0414583635038075
0.182971825108875 -0.246448672648965 0.208225915714234 0.0868461283870141
0.321222482351467 -0.00624457197764555 0.128231664554814 0.18699412783938
0.232828131718213 0.282063719694452 -0.0409793186888619 0.155414757147907
0.0684508687249415 0.411411882749503 -0.0381487134694268 0.00367038665799302
-0.0945227573623899 0.320366683834785 -0.00338037490969072 -0.199975805397351
0.032017155123445 0.375977879711299 0.160473873131211 -0.236781467874206
0.230003976312411 0.218254909042327 0.0529651188644735 -0.302909520079374
0.292856589478047 -0.0621127614054282 -0.130614659728477 -0.231614507569189
0.148327244654525 -0.215759584492531 -0.183585702166317 -0.0655409972329005
-0.00397786752346722 -0.241166017477193 -0.133399733156881 -0.00587874227520448
-0.127844103830519 -0.18203561930275 -0.0932786626252335 -0.015213658151931
-0.149093667185282 -0.122393359389484 -0.0588412456595985 -0.025656933549882
-0.155349355766805 -0.113991655592324 -0.0202727443285553 -0.0810529346324275
-0.100894132087378 -0.194800492730309 0.0502388066749224 -0.118531038462587
0.0254972117138429 -0.228779182151141 0.153488259438782 -0.107361845357511
0.173516314495261 -0.226503232396698 0.214839704119852 0.0313751971788121
0.290526949883304 0.00771510128525162 0.14798200321563 0.144401397427021
0.186712466683362 0.25855821068714 -0.0359604193341298 0.1131517985846
0.0314072205073852 0.35441501280783 -0.0318179570335532 -0.107377863718558
-0.108431490258434 0.211319944385554 0.0524121115850608 -0.330008848465059
-0.0294159398126116 0.281936444226707 0.171824395021167 -0.289416165960415
0.142121589443957 0.19386386524616 0.103791225510647 -0.294384251298922
0.22340959170063 -0.0183165028711932 -0.0523932719138821 -0.244845332532177
0.125408868441105 -0.156891223765418 -0.129645380395915 -0.140226439140683
0.00599749086455296 -0.18610827568677 -0.140559749149744 -0.0933206613506368
-0.0967258006844067 -0.148397535533234 -0.13722019626957 -0.0803304075565793
-0.118884775673354 -0.102128076679846 -0.111260299894941 -0.0740265344711685
-0.124983158338148 -0.096270059639026 -0.0713341682318021 -0.125323431069774
-0.0797152677885175 -0.158172754796703 0.0115092121712937 -0.169392675546547
0.0265613975276785 -0.188447781282083 0.13775468547782 -0.158232495544723
0.158411261399997 -0.170294192881497 0.21625366628047 -0.00616026338826698
0.228316580690516 0.0394868383694168 0.153158759482598 0.114200034699072
0.109384645379475 0.221568355102778 -0.0340036835256653 0.0789792727550535
-0.0197408127151514 0.255900775009955 -0.017228064413881 -0.190174400669203
-0.0976416785405724 0.0637212965263566 0.0912459300260643 -0.411990104419539
-0.068072792561516 0.132129080621292 0.165279592061475 -0.315079390730384
0.0447575394622482 0.117054524821035 0.127293673305687 -0.281019409332587
0.11333059424607 0.00837630120656561 -0.00984358759057466 -0.24581134995821
0.0729093713351922 -0.0785159584492221 -0.0982419876555214 -0.18251088977472
0.0103996086959975 -0.100955891063455 -0.148013030325109 -0.145418664863978
-0.0508840041287992 -0.0886802095339572 -0.166668622812823 -0.11877280554055
-0.06906837355099 -0.065578222456637 -0.146194468608618 -0.107583314609557
-0.0767450321285791 -0.0664288159513484 -0.106371339792327 -0.158774529882923
-0.0477914715482567 -0.105584750103243 -0.0104774624006419 -0.211501242217891
0.0260453269513191 -0.129043055623059 0.136604390181488 -0.195710233013019
0.12965409161725 -0.0971217708364737 0.223848016152471 -0.0292537067597186
0.145957157816161 0.0692038438213187 0.154768588063274 0.100156071241295
0.0235657408821 0.16075456932316 -0.0283955415898292 0.0580403976822692
-0.0702427609101259 0.127150495355288 0.00947798592000993 -0.235991282247047
0.0714449565644682 0.0349204631724622 -0.130585988034512 0.248695992886659
0.0587605780560432 -0.0584043627708244 0.109504182007156 0.0161709234814128
-0.0284013334948999 -0.0696446159127206 -0.0690208535919902 -0.198763825631474
-0.0660452419513033 0.00432114755446345 -0.261280229516932 -0.111123568387293
-0.0278004244690247 0.0422833663549614 -0.269828022288398 0.136486081894052
-0.00816465592245891 0.035416628612606 -0.115686523467097 0.25619660774076
0.00017812425112201 0.0401179124223735 0.0203007975239653 0.234148590914318
0.00202960497285158 0.0256893126530263 0.0918525280080378 0.196037137332293
-0.0174273168131232 0.0148764357316318 0.113227158195668 0.189574999474757
-0.0244229535201508 -0.0078158443594793 0.0878822953904253 0.209187060658932
-0.0108137142002942 -0.0154518975849412 0.011958356522088 0.226510150530085
0.00322533392743144 -0.0364451269354568 -0.0871336691731832 0.226849736620769
0.0554893872865858 -0.0149385867065707 -0.217986468403813 0.191278044744579
0.0805832213404115 0.0587170481228387 -0.314822125597155 0.181385067875555
0.030703907130381 0.103242681023333 -0.299367633214508 0.327187308303332
0.0187491903776976 0.158223766019765 -0.16074393253485 0.224312691811356
0.0768603054751542 0.0691313723770638 0.111106416902718 0.0160934431635987
0.0632335809281801 -0.0117574795704293 -0.0535511144058759 -0.22177953383244
0.031517624981291 -0.0311241139799141 -0.268134255744135 -0.145430276886517
0.0240336429504239 -0.0285309113024331 -0.297664558134423 0.11826505010615
0.00217170758441934 -0.0485689732011254 -0.138444383560278 0.247343768470373
-0.0296764367762512 -0.0376051228690474 0.00547053923094645 0.227907131925532
-0.0306593511380214 -0.04232103648207 0.079775723588727 0.188022682939287
-0.0402691119563548 -0.0619492016873735 0.112406506258593 0.17088411474555
0.002619226945213 -0.100081942238627 0.104301262356911 0.18887100744595
0.0701083712311539 -0.0727192741700781 0.0508163631612806 0.219062950966177
0.116403635425691 -0.0338792508522816 -0.0443858233440095 0.243167273695737
0.125487576331522 0.0856507057478428 -0.174572369540083 0.217437853117997
0.0503634640932735 0.20632904974034 -0.263909894905565 0.18198734521988
-0.0480682852565803 0.243996874518797 -0.249025787336168 0.281563941876049
-0.057769755039054 0.25678423013195 -0.156443051463054 0.158684310633592
0.059917175789266 0.208952797567842 0.128961140365743 -0.00425691026271859
0.142040585015872 0.0799737232013735 -0.0155246017010898 -0.252462224019331
0.145084474921839 -0.0435182789581313 -0.253355303128757 -0.194360527137662
0.0927271669549093 -0.0969373331993117 -0.311422057883044 0.0744389740381203
0.0244618456728314 -0.134906435496958 -0.158150196686786 0.207932035428782
-0.0503437028195005 -0.116274132114861 -0.0177029532372416 0.190282969668469
-0.06013965555681 -0.104720571487615 0.0555258915534826 0.152658852815614
-0.0651050012664128 -0.122135111941713 0.101351431160101 0.123472560303017
0.00905260241853367 -0.176100421870611 0.12156252005493 0.136784503382336
0.118302098839589 -0.137561679078263 0.106831426197845 0.178922459684194
0.207293703698557 -0.0700017921540417 0.0294723874186553 0.24402587406407
0.211168413343658 0.136999959016836 -0.104344700864643 0.24489849572622
0.0627269993029441 0.312449262384712 -0.204879559028907 0.177120281515449
-0.0910199343134005 0.352332044969195 -0.18060466772485 0.198748300464889
-0.142344296860173 0.312384724890873 -0.10926152953344 0.0575083327304494
0.00506878528265605 0.331516960624352 0.162682718946222 -0.0445222853891727
0.185911558650173 0.191396343380098 0.0446998972396722 -0.2765906913844
0.2505166563448 -0.0218313860031369 -0.203243553989686 -0.244918547063409
0.166636308923448 -0.144123465794244 -0.293764371542545 0.0044921006858679
0.0565643602276213 -0.202512965024092 -0.166953994695873 0.135668286324621
-0.0581170022754952 -0.183125565066621 -0.0433848795045882 0.123537612780853
-0.0813234744813583 -0.151922345864522 0.0234715570761699 0.0965789977365927
-0.0868527864707889 -0.159957406256224 0.0791663754391051 0.0596804740768861
0.000847753818034216 -0.222240336160623 0.126132433296839 0.0644915525315335
0.134995378579128 -0.189973968337395 0.154206400124033 0.111402670976404
0.257604301058082 -0.11997040975515 0.104934012659299 0.216722976700953
0.276746667207109 0.143357226570541 -0.0265753658049465 0.250422324467677
0.0872242165688508 0.360356368556115 -0.154436734008488 0.157283966383464
-0.107207404988968 0.407836253841892 -0.108718494820298 0.0940549445069958
-0.208195481739066 0.309703693481739 -0.0186824941208586 -0.0636233385886236
-0.072398530238842 0.390166253839508 0.207152114017019 -0.098390650232161
0.172061882916337 0.280651345566148 0.117419213264129 -0.279812428543575
0.30558740087375 0.0271945604307663 -0.11617319008003 -0.275660347491737
0.219999561065688 -0.154056838565527 -0.23278581816427 -0.0760139187891537
0.0847468234749554 -0.234224706388013 -0.154877249416472 0.0388331588293003
-0.053685033541155 -0.221059633770998 -0.0652972208191251 0.0381301762395145
-0.0892763156637601 -0.177831411237388 -0.0111505548584337 0.0269792161513637
-0.0979003897523516 -0.174263083516993 0.0487213157483494 -0.0121862949657988
-0.00963860190315156 -0.236239438539228 0.11475593837544 -0.0132207037592031
0.130741035411726 -0.211397448257797 0.180847837924577 0.0339075680262273
0.267791783922749 -0.145847659662247 0.158758701149626 0.168602464465093
0.293140854717803 0.135139827338085 0.0361832764524864 0.231234336394288
0.0897513283306914 0.356070303809709 -0.117716995853444 0.125350203180846
-0.114043105489954 0.399403408725107 -0.0441667512132676 -0.0168075836358005
-0.229437383303541 0.249415480550563 0.0941319771783655 -0.18098814712043
-0.135195608451276 0.357498479418845 0.254121027308451 -0.151552895793902
0.111114387762989 0.300485506349776 0.183199765740266 -0.258690660163211
0.286670004440749 0.0702164456695028 -0.018705990575433 -0.273496260668604
0.224806529758299 -0.127882659282778 -0.145544088773576 -0.144094285622725
0.0957820692965549 -0.21951380803514 -0.124653379389759 -0.0611637163159767
-0.0428911189880823 -0.218764563325981 -0.0821770390469257 -0.0523635636262891
-0.0843464904707182 -0.174869228104833 -0.0438358510988166 -0.0457710252797746
-0.0935874103559104 -0.166940311283767 0.0162297912746783 -0.0814069228023631
-0.0132338404624418 -0.218663455021872 0.0969233442075762 -0.0863447863450853
0.120104300297419 -0.198962250940932 0.190498956253219 -0.0338788500414083
0.25105127014525 -0.132062040031719 0.18868732420305 0.121393922689274
0.2590442462403 0.132822181887638 0.0721789363776522 0.200646665360308
0.0577627676853544 0.31459962120441 -0.0936607095954634 0.0881200661431912
-0.122496315962787 0.332073345830975 0.0128153103797757 -0.113863058006764
-0.195520074813628 0.145026894718728 0.198886796439468 -0.273983587279303
-0.152003090552008 0.246208581700652 0.287076699001672 -0.190474942205139
0.0400370840265353 0.240384567371315 0.226622872224736 -0.225405334520345
0.204181754268459 0.080492341766888 0.0592644942056559 -0.250437146200969
0.178083021058659 -0.0848679471474576 -0.0618723600724769 -0.186902395224132
0.0812664357175402 -0.164732385628521 -0.0927659743606004 -0.145277452492032
-0.0281958240136613 -0.175356216345501 -0.0939956325443526 -0.128974507151537
-0.0659176801354086 -0.143880185329631 -0.0712338858261867 -0.10945480298813
-0.0746665057613352 -0.138343714747413 -0.0119828676048675 -0.141052521029487
-0.00884498708953019 -0.176738099856506 0.082556724720486 -0.14738136773321
0.102462080781275 -0.161585076710366 0.196050979575266 -0.0861166337338192
0.214571078260532 -0.088254895482168 0.205377514502449 0.0881705545103412
0.190418162186066 0.135383029088509 0.0888128919108414 0.175237708256125
0.00442761469343923 0.247770492773692 -0.0747126148038478 0.0567855495967119
-0.126284765856895 0.221142930765465 0.0657080739957207 -0.180812608079229
-0.121485940108749 0.017174628385506 0.264579618507123 -0.331404649862714
-0.123938921178807 0.0933849519449855 0.289378438106177 -0.212903873120638
-0.0148183395921066 0.127592809492254 0.241214811767786 -0.199024296025369
0.0945083465681159 0.0576701599071713 0.099038496988121 -0.228430508718431
0.0968615323362239 -0.0376271563049578 -0.0126052684467835 -0.210304660905352
0.0497046683238985 -0.0856895033665064 -0.0746081457899084 -0.195732840198812
-0.0111777635742598 -0.103098399764153 -0.102558833485219 -0.176083758860287
-0.0356541965419045 -0.0900125260112642 -0.0882398495174161 -0.154642182371962
-0.0425908849067219 -0.0911132705681744 -0.0294163023112775 -0.184279795627165
-0.000875373591747554 -0.115970645002207 0.0800833964860672 -0.193330973514601
0.077046839966744 -0.107525479703803 0.209359448168644 -0.119181589743862
0.158174927885786 -0.0346804039763383 0.220350743260515 0.0726001019928531
0.102773026277865 0.12634283305638 0.0957622842722769 0.162003045038946
-0.048075330658657 0.155052837575386 -0.0579051848969189 0.0388163780203073
-0.117647750093491 0.0831533404698982 0.112750085317022 -0.208392714926196
0.0701847754229066 0.0318123605311248 -0.11127993620892 0.250246421135792
0.0538087667261637 -0.060504471034132 0.109247727665088 0.00946502257364896
-0.0314789314752044 -0.0651537019804648 -0.0794207444284094 -0.18928743854714
-0.0644398451521389 0.00802202884856532 -0.262952061073403 -0.092299161354165
-0.0241770008973043 0.0433252001386049 -0.253873521685391 0.149514007839682
-0.00475290999473716 0.0359008231061648 -0.0953474113388145 0.256950836966813
0.00390682740521636 0.0394120315258415 0.0347825407040012 0.225990033589931
0.00444261493654702 0.0250536289366367 0.102656808585277 0.182515512086123
-0.0162807405151415 0.0163254199108815 0.124224605245977 0.176713344260621
-0.0252920068023031 -0.00631707101490359 0.100048642406887 0.199389667937358
-0.0110665340514285 -0.014754145926347 0.0251799773348607 0.221877259015294
0.00132942426628824 -0.0350376135900755 -0.0731463268957268 0.225516558482222
0.054603440715046 -0.0175499053290177 -0.204295617275213 0.197375211358344
0.0823646570646694 0.0522762280737752 -0.296422320047634 0.19441251363083
0.0352222876772159 0.0990258566736332 -0.268890518401143 0.334859472324937
0.0261504167693758 0.153772452018651 -0.141874546009166 0.227451860496703
0.0798849153909599 0.0630605777605113 0.111340689177689 0.00997913092077695
0.0600928934965974 -0.0154869104950638 -0.0651854727676022 -0.212573923852991
0.0281487289525555 -0.0334610409810502 -0.270961769045143 -0.125064326888144
0.0214840460975525 -0.029067435235071 -0.28088731175537 0.133703533504525
-0.00157455321228213 -0.0468758804059953 -0.118748829668177 0.249647729492992
-0.0307141901865691 -0.0337511709965178 0.0193983900850837 0.220574783223386
-0.0320137913359524 -0.0388151272494952 0.0902127572026147 0.175925915082585
-0.0434169512763076 -0.0564354340157343 0.121830219752479 0.157963507087807
-0.0051777993100273 -0.097857934674474 0.115728642961573 0.178175375174947
0.0643198993765021 -0.0762708911179597 0.0625657497839318 0.211550107313279
0.111436322092274 -0.039700826598483 -0.0293586121641825 0.238842191788388
0.128502101784889 0.0762702185962443 -0.159952601741527 0.219848602510425
0.0624493727561865 0.198464315849524 -0.246295000554996 0.19330761792373
-0.0322910799349747 0.240140553148 -0.225948622097395 0.289423141177611
-0.0428484532046146 0.253458960390256 -0.14095520670635 0.163510970794612
0.0717541139831316 0.200702353317781 0.128077588308926 -0.0099769088640796
0.142021390573912 0.0689592687010537 -0.0294458824185784 -0.244343143072507
0.137135716316237 -0.0526757654686856 -0.259050430338705 -0.174375849759846
0.0834481437548672 -0.0997930851465576 -0.297094429292433 0.0922083218947366
0.0143010985226953 -0.131672775747437 -0.14073512863207 0.2123134078381
-0.0568251564348847 -0.109196613374133 -0.00572191494772202 0.1852259169568
-0.0650432480509334 -0.0964476082790317 0.0656122039026708 0.144266344483788
-0.071842039214216 -0.113357007770198 0.107277474133702 0.112743013072736
-0.0040353702548018 -0.171056096337208 0.1291802293288 0.126854689442496
0.10685974346389 -0.142292325671854 0.115530025091648 0.169396095336682
0.19557543934287 -0.0814453646489156 0.0433768337797868 0.236618751783399
0.214099368458511 0.120329258446758 -0.0893794389639856 0.24223137530499
0.0807757846311753 0.301230507180356 -0.19079554579034 0.18339663889896
-0.0674431822705467 0.347847902880072 -0.164570121588274 0.205317736189147
-0.121669256392844 0.310777283203446 -0.100423680254797 0.0621006646286996
0.026068022785121 0.322789448910892 0.157904866102544 -0.0507006976423878
0.190231193158972 0.174130289793562 0.0281391355434239 -0.270828798756518
0.240548652477057 -0.038091730839345 -0.211445394385895 -0.227055233178109
0.151701444291578 -0.150947753883772 -0.282551748057856 0.0237573369113159
0.0398891429642387 -0.200253087798371 -0.15291540828028 0.143189233062833
-0.0700141989898272 -0.173290762637958 -0.0350343725258268 0.122799363057479
-0.0891169935074915 -0.141866151853709 0.0305409733317324 0.092278742975791
-0.0952176668789883 -0.147948076952788 0.0812904306631108 0.0519237875517764
-0.0152551961422089 -0.216270383078703 0.12873212565645 0.0554687218209569
0.118719253085147 -0.19426589691342 0.158676491352858 0.100009133480995
0.240343597789648 -0.133477014138631 0.116300237827168 0.205735163688242
0.277816734180869 0.122225750108298 -0.0131061514475733 0.243301392354661
0.107862267365136 0.346602064250154 -0.142228653735528 0.162034259879674
-0.0813561420832094 0.401838416110636 -0.102391564534407 0.0992334891389238
-0.186060915903136 0.311305382074927 -0.0202317346937153 -0.060326489494197
-0.045507275605331 0.385329948116279 0.198098984467104 -0.105424772241023
0.181845662235658 0.261921940541185 0.0999052502524867 -0.278214910453279
0.298146023727866 0.00635796790859115 -0.127936077283161 -0.261739192892875
0.202028660104128 -0.163364135545936 -0.227722919803566 -0.0578848337676185
0.0655382184607464 -0.23275829264398 -0.146866409274223 0.0476717380215356
-0.0688668623603493 -0.209558800068355 -0.0630414931118346 0.0412740486178477
-0.0988461218529871 -0.165218123520669 -0.00775513619762839 0.0274387963937686
-0.106301340153218 -0.161682568495761 0.0465370026359569 -0.0150580244315042
-0.0262042770723702 -0.228091149162095 0.112595868372024 -0.0197758336750486
0.113537774537394 -0.215292947398249 0.179071287527798 0.0226459971124204
0.248789453508896 -0.159423956570122 0.167054368285756 0.156069757166437
0.293463001488623 0.113484754130366 0.0471836344778963 0.220861796554145
0.110003613336007 0.34199529919102 -0.108922875067104 0.128436657541705
-0.0881987655431589 0.395984989717642 -0.0469806297043514 -0.0123740183701568
-0.209008393010303 0.254570332735972 0.0828987393281723 -0.180970358339335
-0.109090871678159 0.357042084513222 0.24021586097124 -0.159218099422457
0.124173652379968 0.285359967338947 0.166330855089588 -0.261249591479295
0.28157416788136 0.0498065410499355 -0.0322162142465303 -0.265887743362154
0.209266328140303 -0.139343393189727 -0.146360714898138 -0.129015359463833
0.0775486933847463 -0.219372408602412 -0.125000619497197 -0.0528228564549589
-0.0577339897455174 -0.20805210095006 -0.0847608373523368 -0.0453044203656525
-0.09357800785807 -0.163491913031887 -0.0455744463935748 -0.0399795350917191
-0.102109413566087 -0.154446509798979 0.0108388214182125 -0.0788028264629961
-0.0271547166164469 -0.210920763346583 0.0900869055593808 -0.0894307656606272
0.103422404527035 -0.202851050826952 0.183834945024623 -0.044666311252762
0.233289544395956 -0.145212477091769 0.192866055952931 0.108696590784258
0.260799667580083 0.11333322460459 0.0813694950650496 0.190035181032162
0.0755419317259119 0.303118536649696 -0.0869389194856008 0.0912700203980889
-0.100191871008566 0.329410681891981 0.00256818881955366 -0.109466959237663
-0.181678020724971 0.15146912785972 0.177967754168653 -0.278134359771262
-0.13341539133415 0.248980129880015 0.26876067045497 -0.198480467187858
0.0525002944222633 0.230263611425326 0.209932887570452 -0.231271587102848
0.203316964877716 0.0653369468575317 0.0451225930051279 -0.246460592334178
0.166379222429808 -0.0942753377803809 -0.0678726304424744 -0.177177792841294
0.0670648870539826 -0.165174794798878 -0.0996422004583516 -0.136446205353104
-0.0406531049850407 -0.167245685828893 -0.101639914847005 -0.118294412686918
-0.0733233388295804 -0.134991387292083 -0.0762764163623184 -0.100043500172291
-0.0804211239696799 -0.128584501220022 -0.0207642225447058 -0.134429053563423
-0.0202672475005211 -0.170115160150164 0.071694648672619 -0.148171847581557
0.0886548255881002 -0.163986022393936 0.186569337327446 -0.0955601850572038
0.200805853905375 -0.100238270169228 0.207251742888766 0.0749014422894904
0.193039039610617 0.119260767707996 0.096693590462473 0.164261106945716
0.0187762902079675 0.239786474981359 -0.0705157294385801 0.0602318114701393
-0.110433783517988 0.221419743907323 0.0493504984916906 -0.177671491292587
-0.117977624505794 0.0231748036795072 0.238926632118953 -0.337829969699606
-0.114788266120484 0.0975676876753327 0.269740987032175 -0.220313691847632
-0.00728892390904237 0.12387794219567 0.224820496439532 -0.206522462791227
0.0951424047617315 0.0506181484518972 0.0849329769566227 -0.227288355612093
0.090507467726866 -0.0423027034782237 -0.02311027099543 -0.203245014725812
0.0422164052624332 -0.0856710947150649 -0.0864929220263061 -0.186748082248358
-0.0182021200784404 -0.097783479394926 -0.113555528503847 -0.162833212188684
-0.0410809736802364 -0.0846233669717662 -0.0960924130743632 -0.141573593295751
-0.0468245295880971 -0.0861303620430696 -0.0396787064967081 -0.174990793531062
-0.00830324800406059 -0.112301251653685 0.0661346419359606 -0.192028867211237
0.0682298035198372 -0.110410585793032 0.197272154825502 -0.128639271015636
0.150751576685046 -0.04438710541838 0.219970804020968 0.0585288087856641
0.108161665115766 0.116122048668394 0.102566499392325 0.151170612117245
-0.0379648244427812 0.153159163914707 -0.0557743322814931 0.0426407628292093
-0.110406865319643 0.0866075716369444 0.0932142977243849 -0.208290530176662
0.0689244516755428 0.0306921007816412 -0.0964707582170713 0.245338965818727
0.0500988024176968 -0.06080006692089 0.107353129885176 0.00489561068362313
-0.0326068694193982 -0.0611793844739006 -0.0850488239678825 -0.1779532195577
-0.0620191807099069 0.0100634637623498 -0.258228803085452 -0.0777785607814348
-0.0207318083656192 0.0433400489372919 -0.238064980206853 0.154157936151176
-0.00219650159733598 0.0355237070432999 -0.0787817216016766 0.251639858044887
0.00643035623959038 0.0376825563312296 0.0445378166015529 0.215543936262059
0.0059918510855881 0.0236994711655222 0.107707706673831 0.169379605997336
-0.0152096923511446 0.0171275819595842 0.129722157085029 0.163606094647576
-0.0247191087597869 -0.00461289816467512 0.107195317886358 0.187717277421482
-0.0110913843848472 -0.0142456204618503 0.0339503102561376 0.213868945277298
0.000132931680068419 -0.0337895394145096 -0.0625029992874629 0.219265998516349
0.05292293812952 -0.0183267221934228 -0.191780211639404 0.197499606234331
0.0817699678963572 0.0461719590044951 -0.277547408491756 0.19792829105587
0.0378406117711978 0.0946498593173707 -0.245513889616125 0.332575197080617
0.030237486259399 0.147510231937522 -0.125650540802379 0.224528068553937
0.0809286927814667 0.0572794472286105 0.109812806395559 0.00555758258393432
0.0567014665372666 -0.0176936482886348 -0.0711465834449378 -0.200719257418887
0.0240952939828056 -0.0339517582570868 -0.266922398405353 -0.10988295955513
0.0195889154021931 -0.029006455966326 -0.264078307742164 0.140437879865043
-0.00362562948286006 -0.0445486859413112 -0.101032976927687 0.246028047067145
-0.030861052897127 -0.0304034403890423 0.0286605512544409 0.210781795162474
-0.0323108502280328 -0.035381941578803 0.0961486275755409 0.163487713890158
-0.0447556861648951 -0.0518557822288857 0.126120406962878 0.145409245907533
-0.0102244051851959 -0.0936632200855104 0.121828742890765 0.166940104168918
0.0590008812733652 -0.0776303620275795 0.0697107005517641 0.202996782323571
0.105586803880989 -0.0433350772823597 -0.0193945806314291 0.231076944211201
0.127645661982196 0.0685601510601946 -0.148029915576533 0.21672504655781
0.069199438255233 0.188368090228564 -0.230346670019446 0.194894801468134
-0.0220004040163606 0.23271501604928 -0.205318861015944 0.287162574396568
-0.0323331196291803 0.245813130152671 -0.126953556914908 0.163407428878215
0.0791551533619028 0.189976114434193 0.125547609561126 -0.0136825523840866
0.13829830203409 0.0599641937761379 -0.0377336395774519 -0.233385964244168
0.128259302217384 -0.0572392779321678 -0.256808473428399 -0.157907265477823
0.0751441604754111 -0.100231472377445 -0.280320158460182 0.101679152726248
0.00665896064770183 -0.126513164480196 -0.124704993971252 0.211123751485096
-0.060435304770425 -0.100820603490275 0.00213950183468067 0.178179159834548
-0.0668134709239156 -0.0893547305872094 0.0698128061530092 0.134764430873855
-0.0744124754247436 -0.104256922100357 0.109352997700689 0.103062302381618
-0.0136714001981502 -0.165067337897782 0.132936590099675 0.116582486842454
0.0962263886836857 -0.143906594326315 0.119726188421182 0.159546409927773
0.184130631050838 -0.0872728124498224 0.0515335677225425 0.226713938260066
0.212992887073552 0.107029048699029 -0.0794809774259979 0.235977363244539
0.0911393316184562 0.287113371782386 -0.177722968557211 0.184800295070725
-0.0514843724013044 0.337611049860575 -0.151367006732833 0.205176454218948
-0.106631475333763 0.303659472579332 -0.0922597654586223 0.0645579815187503
0.0401975619175051 0.30981517494524 0.152943896485079 -0.0528740554230431
0.189224195469215 0.159545777026289 0.018143540463084 -0.261274890451197
0.228088972575013 -0.0486575545868682 -0.212527730873363 -0.210827605774161
0.137798273969445 -0.152139208761966 -0.268206856129919 0.0354858628532677
0.026997834126108 -0.193711678126829 -0.139263541424677 0.144690745143952
-0.0763069022239339 -0.161312064521295 -0.0295517982884887 0.119641184193446
-0.0917504983193722 -0.130474550019178 0.0347004131481088 0.0871745261675854
-0.0983857917530855 -0.136951039872016 0.0811125636613531 0.0464653449709396
-0.0265208743619246 -0.207575777003231 0.128522465349087 0.0483947717353127
0.105633074508681 -0.19411178904814 0.157832967121252 0.0907357157040193
0.223577403323175 -0.139972572394471 0.121716983849246 0.194483318171092
0.27371393905088 0.106004129076317 -0.00531562690835933 0.233262361926864
0.119019963229655 0.330256461466796 -0.131845989094063 0.161601531581799
-0.0625026428088677 0.390452026733536 -0.0965606094564936 0.10080316730811
-0.168903878796927 0.307435806370572 -0.0196625006651671 -0.0571127314607393
-0.0273023367559868 0.373171840426682 0.189921607527386 -0.106737719653245
0.184701568809239 0.244414949009287 0.0873598439484036 -0.27106709840542
0.284769241076373 -0.00793989465180711 -0.133294045098444 -0.247306667342596
0.185677570468889 -0.166869935217039 -0.21892924397641 -0.0447637793942428
0.0496716440572821 -0.226796985384078 -0.138583790114237 0.0523347115748213
-0.0780753198938964 -0.19642525318647 -0.0601404054951686 0.0426654980568518
-0.103158610766583 -0.153639637914428 -0.00552594172612687 0.0270041127410232
-0.109669681729961 -0.149014659792175 0.044716487440802 -0.0160676530871909
-0.0371801777577865 -0.218000952593129 0.109233303658234 -0.023516805576529
0.09896213959298 -0.214045434090395 0.174246616646334 0.0145743950423027
0.230339451509069 -0.16454925053093 0.169110919004568 0.143990249815431
0.288033137788056 0.0954183947229153 0.0534892307154755 0.209385732117467
0.121551095401975 0.324888912016008 -0.100417242057876 0.128328759739541
-0.0681489929789682 0.383223295796141 -0.0489656612949554 -0.00811075074432116
-0.191686544933131 0.253464557077194 0.0735731122428781 -0.17729418152889
-0.0889388529497962 0.348510773438028 0.226671561358422 -0.159826733280276
0.130080638449677 0.269179937463037 0.151718960931061 -0.256650710819573
0.271989530494642 0.0356803040026594 -0.0402743641753941 -0.255385841717778
0.193599072232621 -0.143950821804273 -0.142562264025867 -0.117416344326331
0.0615500982183217 -0.213881373325096 -0.122862505830313 -0.045609679262821
-0.0677325748253517 -0.194849560542783 -0.086109136745033 -0.0391180997094696
-0.0981415369964787 -0.151569739523557 -0.0447833813934245 -0.0351220096539906
-0.105727281620979 -0.142156864104065 0.00731165819923721 -0.0763150973217687
-0.0374550924562406 -0.200466341322772 0.0843983062281131 -0.0895540309627755
0.0892076560460073 -0.200735675748721 0.176239953343162 -0.0514575711450233
0.215474042465517 -0.150581352789405 0.193270349263578 0.0972653906721609
0.255761576658011 0.0969318819388135 0.0858708961008812 0.178320087307329
0.0865307345487666 0.289048826534855 -0.0815104367912587 0.0921325121820641
-0.0830126524045423 0.320656998721519 -0.00542139633339488 -0.103087687953286
-0.169623928886581 0.152563583479513 0.161202570058148 -0.275310380908655
-0.116920920491267 0.245835326604325 0.252295006427192 -0.198642085896242
0.0586630811774948 0.219486078931573 0.195273782706137 -0.230135063875458
0.197787842979663 0.0539187774446223 0.0354161233508824 -0.239605667963852
0.154777938993763 -0.0989831269621363 -0.0693762900367182 -0.167405540138822
0.0555206092046347 -0.161670602311479 -0.102506626327543 -0.12749081371293
-0.0478328262020396 -0.156608824390875 -0.105919860296644 -0.107872443324634
-0.0775127444597027 -0.125229210134716 -0.0778850833189456 -0.0902217507188278
-0.0834879820160142 -0.119209380297139 -0.0248383491885759 -0.127710805381601
-0.0276737911465973 -0.162226089433964 0.0633838503920124 -0.144995185182372
0.0777963597621238 -0.162539117502417 0.1766942428724 -0.100352279878592
0.186744378049263 -0.106242889434665 0.205206487517784 0.0641247061765896
0.190895577437953 0.105617217719407 0.100158441718841 0.152583348905124
0.0289402632537049 0.230305788292458 -0.0669183535449813 0.0617536005344806
-0.0977762527524929 0.216471668202209 0.0367849429802239 -0.170688913483055
-0.113133628176401 0.0266132907487009 0.216789666909015 -0.334185150925925
-0.10616019835752 0.0985817657734757 0.252096652292889 -0.219083564943589
-0.00301607663202257 0.119256095376939 0.211082618129692 -0.206921166132519
0.0935959054424137 0.0448640928281953 0.0744425918924739 -0.222678073640967
0.0844266315974657 -0.0447533924786012 -0.0276630085614966 -0.194801970275776
0.0359384127639522 -0.083979231622715 -0.0921498154797047 -0.176852650461306
-0.0222971296995575 -0.0922758514862405 -0.118850993525371 -0.150648355373306
-0.0430742335904212 -0.0783072137422777 -0.098745147564448 -0.12965578468943
-0.0489113131380836 -0.0803862641284193 -0.0457324224687709 -0.165890590916761
-0.0126173503045688 -0.107028918130646 0.0545398057604601 -0.187050096677104
0.0599116827977373 -0.10932737077298 0.185528134557956 -0.133010281427115
0.141420358532364 -0.0499458433629859 0.216946880112119 0.0477687655613559
0.109109453804763 0.106665913479996 0.105487675471027 0.141098952240194
-0.0307963447389358 0.149073836938562 -0.0533162142886526 0.0437796138526226
-0.103992033822998 0.0868939746474341 0.0781379066140464 -0.201777814281869
0.0677535528880409 0.0301341762523161 -0.0854479209535918 0.239258532465146
0.0475710184761745 -0.0604127761700139 0.10675928384693 0.00232170405037998
-0.0324484148124975 -0.0583895127751307 -0.08620007578963 -0.170261781422336
-0.0599600628428863 0.0118669191681078 -0.252718516514682 -0.0677384378233902
-0.0179965264067342 0.0425525216136775 -0.226572503390559 0.155647125914102
0.000309574833770039 0.0343244604025094 -0.0669609219281886 0.246060372069626
0.0084793509750139 0.0350987859560025 0.0501727574671843 0.206615316748685
0.00721238891310957 0.0221537348014275 0.109986037161975 0.158940202035725
-0.0135723102295559 0.0179011569503822 0.13259095803372 0.153146145850707
-0.0248254835701357 -0.00320851894602919 0.112341512572612 0.179521798346377
-0.0111679825127986 -0.0141327969574828 0.039613852347581 0.207786914554793
-0.000444483766861199 -0.0323820358041375 -0.0560071051172661 0.213270697536966
0.0517438795509053 -0.0196222143862997 -0.183220024779463 0.195047061625825
0.0805719714039544 0.0417621286159258 -0.263578305460079 0.198423076348161
0.0388512567847328 0.0900716377929794 -0.228017115104555 0.328059609852057
0.0331432240472804 0.143409230600743 -0.114742810955024 0.220059400668647
0.0806701955482564 0.0524864636956747 0.10920880003349 0.00286652096860776
0.0541915428078681 -0.0186576758800582 -0.0737870851430625 -0.191350493753872
0.0209559361894906 -0.0341439451885207 -0.261915871782548 -0.0987529836283101
0.0179617026801613 -0.0283953985703349 -0.250696452365055 0.143472777748243
-0.00429869177947433 -0.0423331580524606 -0.0885789609774566 0.24066098728709
-0.0303600138291849 -0.0279626038606477 0.0344512396677497 0.20293680463616
-0.0315836260833861 -0.0334721791859327 0.098030909993642 0.153468151716118
-0.0448211526887855 -0.0468216351791652 0.128413197128752 0.136100645096702
-0.0140609374057618 -0.0903143574543996 0.125290772733125 0.158289825702278
0.0545978858386825 -0.0780323513330152 0.0742951695854006 0.195595511990171
0.100518992791539 -0.0451108716446421 -0.0128580553960552 0.224071250893177
0.126570982364393 0.0622450792266316 -0.140555486888259 0.213112205892703
0.0732427629330599 0.180200223193963 -0.218143235959129 0.194607882579905
-0.0147752504714095 0.225288101357828 -0.190297340397584 0.283717010626733
-0.0261432169095931 0.238222981725887 -0.117106243708549 0.160480834899313
0.0833771585041388 0.181453411081358 0.124100847581052 -0.0153323476639482
0.134562249843473 0.053938400259878 -0.0413209438610746 -0.224263935837805
0.11957744238176 -0.0600994009842393 -0.252935905664728 -0.145674724483369
0.0693911939198197 -0.0992637802897168 -0.266931016038143 0.105898110971946
0.00162181702758829 -0.121787928704634 -0.112350178046808 0.207837700124441
-0.0618253841766613 -0.0945111704978667 0.00731450901503597 0.172299380839843
-0.0667122372715317 -0.083503259189364 0.0723729652190281 0.127007039147918
-0.0752672585720804 -0.0972423264539341 0.109343744286009 0.095610917463946
-0.0197259586302118 -0.158761796414363 0.134397353328543 0.10900063146034
0.0889548605483615 -0.143424790030344 0.121833448978256 0.15239173412248
0.175118028070804 -0.090028928366071 0.0566434381942208 0.218228806944427
0.209605713273864 0.0970640873238204 -0.0735828607752619 0.229385545831978
0.0976543543442498 0.275570331578751 -0.166931511634733 0.183399890838339
-0.0407422936781382 0.327208610911607 -0.14160018493235 0.203436135250163
-0.0958203440311728 0.295858866507895 -0.085545755329365 0.0650498500031987
0.0496145086049038 0.298111259728231 0.150022129785357 -0.0535605469475062
0.186171211192392 0.149206878063388 0.0126927980771846 -0.252515011746512
0.216171819409147 -0.0540973813514587 -0.211085670567816 -0.197512448687367
0.127814301110583 -0.151284962422943 -0.255721176531245 0.0421612097922
0.0185463643606768 -0.187116976234514 -0.128932417450487 0.143332284980105
-0.0797637591650956 -0.151725970011131 -0.0253590550713818 0.116803750404226
-0.0925147935105729 -0.122191448197453 0.0372340770359169 0.082585664943165
-0.0996538015012871 -0.127272309828568 0.0803021350925446 0.0417599024569039
-0.0339026437856382 -0.199349329279223 0.128389176223818 0.0432549664821343
0.0953871859230983 -0.192642753476345 0.15647083059729 0.0835268023113105
0.211285535566999 -0.142481623298124 0.124340825368711 0.184744682859993
0.268512930812636 0.0937163430008953 -0.000864494844327817 0.225559166794069
0.126376896160418 0.316442928084835 -0.123152146440501 0.160156605576986
-0.0499418686417613 0.378628406009664 -0.0918798691008742 0.102200362878282
-0.157049504834775 0.301017522838546 -0.018909607629123 -0.0549351795129824
-0.0138767277911531 0.361960529544698 0.183521304069821 -0.105663967300037
0.183945860103977 0.231110939781167 0.079813688807467 -0.263600005314276
0.27288759931428 -0.0161981628421647 -0.134709195030817 -0.236144078678491
0.172732709068859 -0.16747844482744 -0.208851623447871 -0.0370107636700492
0.0399137056874143 -0.21955067071171 -0.131414068316967 0.0538246757846112
-0.0828685840503601 -0.184833726102124 -0.0582827572473959 0.0436593609561998
-0.10416463357527 -0.143456513561084 -0.00361609787605806 0.0267651182786432
-0.11087635715762 -0.139055163148157 0.0429421063130154 -0.0170188928450634
-0.0438187505720006 -0.20860174996081 0.107746445127055 -0.0259393318769588
0.0882953389975181 -0.211017524330179 0.170523241062818 0.00929943783045805
0.21497941410322 -0.167335509400895 0.169886922862173 0.13521146071828
0.281459592555509 0.0826354225561807 0.0552829037733765 0.199909920298812
0.127711541027303 0.31206456905411 -0.0943381188209396 0.126905404295315
-0.0557645823548102 0.371726908774989 -0.0494958500071905 -0.00481191964491304
-0.180639466881719 0.249157977341222 0.0676358629026156 -0.172983456780767
-0.0759849647758614 0.340487569774893 0.217530919700996 -0.157654536854413
0.132321352856908 0.257481694606019 0.142196132562917 -0.252027991720206
0.26241352717391 0.0262441878962182 -0.0436404601685908 -0.245604881824746
0.181504471635092 -0.14507037134995 -0.137223306278654 -0.109610451522642
0.051495525894594 -0.207674251728091 -0.119583076947189 -0.0420242950536518
-0.0728542747046376 -0.184572380871129 -0.0861904177248709 -0.0339431729450462
-0.0991699558670198 -0.141369618348451 -0.0432811799540124 -0.0313761067163436
-0.106209732531544 -0.132329430583832 0.00492407901862886 -0.0739606025612346
-0.0433614210944058 -0.192015238330981 0.0803750467869495 -0.0884631989492844
0.0796733004771335 -0.197809554457486 0.170058200691532 -0.0545367886291135
0.200902214121134 -0.153218542692517 0.191880178550753 0.0883068277851026
0.249667409426649 0.0846494802335292 0.0861501357792489 0.169093947631358
0.0926496353620422 0.277836860850031 -0.0770530777875808 0.0919910962700547
-0.0712607247040226 0.31086337077925 -0.0110832153012264 -0.0975863428313597
-0.161158494142169 0.151627394201011 0.149277442041813 -0.269436696141267
-0.106174060145075 0.241005961320068 0.240081139953636 -0.195701487827879
0.0615931895991775 0.210625300916765 0.184814644598446 -0.226953430307558
0.191432739211448 0.046226878869969 0.0294777559080484 -0.232414929504337
0.145115171566394 -0.100494600223182 -0.0690730375354543 -0.160214588253846
0.0473450186805835 -0.157209235804806 -0.104343845704409 -0.121310487739909
-0.0516370933178082 -0.148541988065851 -0.108130923980153 -0.0996820146575209
-0.0784216858602043 -0.117113561949694 -0.0773381892351767 -0.0826196549684983
-0.0845661667161832 -0.110916887432544 -0.0279832728503374 -0.121925245571467
-0.0320520034184632 -0.155286660445697 0.0579819906901405 -0.141534211226654
0.0690680283411392 -0.159720589220269 0.16873441457801 -0.102644521570524
0.174806008745226 -0.108820646219359 0.202836337877156 0.0565610977449669
0.187347280377307 0.0960247185206055 0.100076368306893 0.143869963246029
0.0341922633279842 0.221602982064963 -0.0640275022547302 0.0629439494037109
-0.0886746582768488 0.210580906553446 0.0276098154860065 -0.163662423947366
-0.108500241245215 0.0280885416594615 0.200047811516839 -0.327926068966872
-0.100662076024536 0.098528661538225 0.239350923091129 -0.216326854183788
-0.000692087456304268 0.115570671796017 0.200361547510623 -0.205381837390924
0.0912924374779633 0.040815922931878 0.068019030232001 -0.216930380580213
0.0789916341570912 -0.0461276101933497 -0.0304716649274017 -0.188148571595688
0.0315371888982289 -0.0817696072721074 -0.0961368878342889 -0.168701376167061
-0.0243874281043141 -0.0868494872717726 -0.122033433791079 -0.139936851183651
-0.0438457882423099 -0.0749257154619001 -0.0991061858954112 -0.119054691456215
-0.0498363352125169 -0.0751203103364251 -0.0484212814218156 -0.156849561640199
-0.0157055320057929 -0.103473731012151 0.0474608970563966 -0.181500880265266
0.0542041253392006 -0.107120961922872 0.176089507842134 -0.134513627470054
0.134065360371032 -0.0534581465043013 0.21281217030766 0.0399326337017134
0.108481534684812 0.0996479808321228 0.105161381428101 0.1326255704321
-0.0260301662634938 0.144644652125322 -0.0520349668609923 0.0457009961671895
-0.0983591549512986 0.0858244808287048 0.0665654454284045 -0.194495823552557
0.0676415807851823 0.0290720186150646 -0.0772926579362716 0.234536827199476
0.0458398096886378 -0.0611448335270207 0.105847563152265 -0.000558819354890503
-0.0325423308863319 -0.0565925869721799 -0.0867430412915136 -0.163537916164276
-0.0579276478493688 0.0129758466901927 -0.247942083618362 -0.0596651727056082
-0.0157223030006426 0.0416750487507198 -0.21694009411881 0.15636592264966
0.0021155058866925 0.0333062396298048 -0.057094190667087 0.240166307994244
0.0100513252544216 0.0334186324798019 0.055242388865635 0.199543096059354
0.00871519458197728 0.020585460976867 0.110800680901877 0.150534512997293
-0.0123487195288313 0.0180599628735868 0.134304664623983 0.144195456251083
-0.0243095316461805 -0.00219691357649868 0.116130445511244 0.172127704080023
-0.0108942696291243 -0.0139832853414955 0.044582788004844 0.202765470436723
-0.000978345610953574 -0.0318455665997374 -0.0514413205069062 0.208174032475147
0.0507046460227499 -0.0204535244021629 -0.176681361025897 0.19364139086581
0.0802088144648508 0.0380050981528183 -0.251830927786774 0.197914924725557
0.0395665563369396 0.0871157403764698 -0.21179969895981 0.322203941388531
0.0352018192889089 0.139859821172622 -0.105299651211186 0.216929868852214
0.0814955152739472 0.0482742742691321 0.109823591970196 0.000372554171055122
0.0520113499647863 -0.020185584716295 -0.0741071016074098 -0.184803349816689
0.0181760340004456 -0.0331363929272151 -0.25783825111185 -0.0896461448223292
0.016880911402356 -0.0286177263877154 -0.240454482085431 0.145927188789852
-0.00517025158061453 -0.0409271704344789 -0.0777530721741877 0.236374762694875
-0.0299668822385116 -0.0261229148843965 0.039741966987915 0.196011853130512
-0.0310787461506397 -0.0319125155961691 0.0998305465730485 0.145820353699901
-0.0447400327495508 -0.0436791731579526 0.129905555349333 0.128000012618925
-0.0171099498279519 -0.0866114723515745 0.129387066035286 0.151043598710308
0.0509688727048351 -0.0787300771591017 0.0780165098981559 0.190423984546796
0.0965133318741289 -0.0472459515348486 -0.00897339140440385 0.218297759687297
0.125515873616112 0.0573890444738604 -0.135227681242104 0.209917418041331
0.0764164434814903 0.173906966429565 -0.208932365984115 0.194045056841198
-0.00996759021684255 0.219206998252375 -0.179480219759909 0.279268758538694
-0.0204736139928278 0.233053737438247 -0.108634982908177 0.1589237639906
0.0869184122762395 0.174395211026772 0.12466468346647 -0.0172609221857921
0.131678366711693 0.0489296721181032 -0.0433072161155687 -0.215844833423627
0.113739228736888 -0.0618307249453772 -0.250685258618831 -0.136396549198538
0.0640520546835931 -0.0985919508560044 -0.254953724119888 0.109925993780057
-0.00195167459056736 -0.118253237527094 -0.101862035116667 0.204409891025305
-0.0627802143810969 -0.0891939265408831 0.0121696413244144 0.167855921574096
-0.0663146481367756 -0.0792115591355591 0.0740049256159547 0.120630541316932
-0.0756321886212887 -0.0909456335534919 0.110592582262723 0.0898347913393746
-0.0252967535701767 -0.153893154553584 0.13661693688044 0.102320550863945
0.0824012206458684 -0.144151021115249 0.123538296857669 0.146460857118421
0.167171888587606 -0.092787175600782 0.0606056025819415 0.211493779854658
0.206806589745009 0.0884290025937021 -0.0691941243826451 0.225047110405889
0.102579244256748 0.266884789708223 -0.158723045311628 0.181843919518768
-0.0323305403813804 0.318750647512389 -0.132931287180523 0.202353209680711
-0.0888331825014029 0.290759232430063 -0.0793757651059688 0.0648069463492923
0.0565505621435655 0.289138339655642 0.14900069852286 -0.0544966740547499
0.18318587988907 0.140318316870311 0.00892018495253015 -0.245245310092255
0.207249909144679 -0.0585768395462128 -0.210153583736563 -0.188039852153592
0.11955020722231 -0.150881203639383 -0.245215120258051 0.0470814848184545
0.0123680416752453 -0.181838680987205 -0.121161820209265 0.141884341737838
-0.0824352243635138 -0.144125942387833 -0.0223527129758685 0.115485317400612
-0.092772606166509 -0.116024606561488 0.0389822566622664 0.0790664428618671
-0.0995650909921441 -0.119362438591258 0.0793858993841605 0.0384468267691488
-0.0398908764692467 -0.192284158685814 0.128727492522543 0.0377243436176608
0.0867759739594124 -0.191443389331011 0.15653367565321 0.07809819564148
0.199647714415812 -0.144698241762935 0.126769199274728 0.177327855279656
0.264705115098616 0.0843877629551665 0.00238192900265586 0.219241463091989
0.132468153411587 0.306302634590406 -0.117884181899398 0.158184479880431
-0.0389328570795589 0.370512796315295 -0.0883180219108245 0.102984875238699
-0.146226844884026 0.296559382671073 -0.0187986088313008 -0.0529338405982967
-0.00268890730912657 0.352745706748394 0.179823050805927 -0.105382862554986
0.183482578630937 0.221456501526701 0.0746541636467302 -0.257712541173835
0.26343288916885 -0.0235925785686756 -0.135611929373598 -0.227937888831004
0.162684149220375 -0.168120977773839 -0.20093755723835 -0.0314513992408689
0.0307805484809175 -0.214858783563183 -0.126023331514301 0.0540035186415462
-0.0870865434504064 -0.17603137821957 -0.0571099039093091 0.0444967099804536
-0.105391205476956 -0.134921859910654 -0.00199471906483008 0.0262874452293937
-0.111693581115783 -0.130204540631077 0.0414222509146384 -0.0178005364976728
-0.0506907998165917 -0.201362686488231 0.106458421175655 -0.0283879251768712
0.0790371980337073 -0.209625961079926 0.167663404564341 0.004577574266872
0.202980412333676 -0.169658843764192 0.170549504070045 0.127061800215499
0.276615505936285 0.0731730187558359 0.0565986387368993 0.193147242869735
0.133999843593944 0.30117697099644 -0.0898469942568991 0.125534526904214
-0.0456872946358511 0.361413807956367 -0.0500643357094314 -0.000506798043715401
-0.171566668622569 0.246262591922597 0.0630893115079322 -0.169996911368704
-0.0643294006029776 0.333536574864322 0.212175973268084 -0.155941666650765
0.133442859374396 0.247617135498446 0.135935478125168 -0.248140699949058
0.254449373541369 0.0192532212557485 -0.0474707834830097 -0.238660443778997
0.171221987782035 -0.146311745564877 -0.132596531352889 -0.104817497941039
0.0425789357716064 -0.203666625532682 -0.117575171242321 -0.0391216673537253
-0.0762579432222158 -0.175433890708751 -0.0869421308756068 -0.0292033499422706
-0.100630078094067 -0.134089371388063 -0.0419413046067255 -0.0284652594740116
-0.106132036068782 -0.124122538837784 0.00273406131109783 -0.0712656108265487
-0.0489841150595039 -0.18495532763725 0.0779745148007524 -0.0885519240665914
0.0710561786987933 -0.195478403361429 0.165261227826348 -0.0584129905359529
0.189583739827484 -0.154798960708713 0.191220902215533 0.0815261116230561
0.245142099463376 0.0755412021798287 0.0870256259702056 0.161180855606626
0.0975799961567679 0.267912463450987 -0.0744474950868179 0.0917309941610995
-0.0612514378043953 0.303606109198033 -0.0153383429963555 -0.0920723411502425
-0.154693971490258 0.150844447867645 0.139799737499255 -0.26495718583197
-0.0968675182254685 0.237942151618365 0.232134028136116 -0.193375490780388
0.063736677177861 0.204424605757398 0.177849460465552 -0.224645780289036
0.187313414079042 0.0403536285316017 0.0249435530048087 -0.227312705723346
0.137659194926023 -0.101882917282407 -0.0676847525294374 -0.155366243680808
0.0403701249682643 -0.153835781411917 -0.105506766353484 -0.116851180044809
-0.0557678690078016 -0.141728284093656 -0.110418187595495 -0.0920732623642328
-0.0797802525375289 -0.110647487947111 -0.0764060313679309 -0.0771372507788576
-0.0848004866156176 -0.104393029469318 -0.0299663935437512 -0.117177738601888
-0.0356188670003609 -0.149863290421596 0.0539651153065796 -0.139382850004961
0.0622923511131901 -0.158193564914157 0.16261490970867 -0.104857201167563
0.165440301573588 -0.110487284349657 0.200839228628942 0.0491201994423025
0.184404589126017 0.0880904925604467 0.100518766526804 0.137131588425107
0.0390041401088397 0.214809228594742 -0.0622330291521538 0.0632129607460411
-0.0831803762004347 0.20568664379402 0.0203286578250725 -0.157337145598177
-0.105484173981489 0.0293230890606195 0.187616531113485 -0.322824436502385
-0.0957111032183909 0.0985658709143359 0.229341832089568 -0.21274678065666
0.00160251958706417 0.113061556198211 0.193399129114054 -0.20507564633043
0.0896414900762602 0.0378293502071967 0.0626432219433433 -0.212126905466523
0.0747393983704516 -0.0472302862295492 -0.0321456453983277 -0.184373796671765
0.0282813650122055 -0.0801250735109867 -0.100423881313221 -0.162699971640323
-0.0263180863470435 -0.0829708632556902 -0.124524530178811 -0.131363817906814
-0.0448951982016129 -0.0713250111552392 -0.0987861573887057 -0.111387021565719
-0.0507701561068346 -0.0714899548090725 -0.0510524522290937 -0.151284808457975
-0.0182673334070166 -0.100165927107744 0.0419815044055022 -0.177485946619627
0.0492269898412749 -0.105607882335314 0.167762150199041 -0.136292081300883
0.127775580011964 -0.0555806078866524 0.210321985670311 0.0337279011357937
0.107633382935758 0.0937488987681911 0.10493069874229 0.126310663717051
-0.0219802655660352 0.141522097429424 -0.0508154712770827 0.0471459395682619
-0.0949826483664426 0.0852026155969838 0.0581504923186497 -0.189197609155328
0.0571364177834327 0.0380948935331302 -0.114598724498746 0.212993680229753
0.0529571723566711 -0.0486950206340645 0.107279371448073 0.0205783421981987
-0.0174780195370191 -0.0591465526441762 -0.0486730891289503 -0.171748671443191
-0.0534255538494964 0.000569058426284196 -0.227851946685684 -0.103038040865375
-0.0199719308832493 0.0330593572052593 -0.235874806192094 0.110383892927166
-0.00257648194149419 0.029511597313169 -0.098114866244931 0.219425413261607
0.00553788665820638 0.0326588924556758 0.0164610282498909 0.203342102004941
0.00484707629753548 0.0198607107702053 0.0775500249890463 0.162083269380442
-0.0142360197365671 0.0151646047561294 0.103448230960788 0.162043566509858
-0.0229707760884339 -0.00715902494755505 0.0788443237548688 0.185698294620982
-0.0070476217673968 -0.0162593624621321 0.00374172501470177 0.202511063283651
0.00726236707719171 -0.0292609350312796 -0.0928193571774715 0.187485217275789
0.0532336924216007 -0.00664703812760704 -0.208953483631739 0.152177385733299
0.0698957902780805 0.0540849301837024 -0.284261844319099 0.145812190017489
0.0200838402710268 0.0912671609120388 -0.275597037738324 0.273610866041852
0.0059114989856516 0.135999545764787 -0.13917528796236 0.191627821674622
0.0678751127420556 0.0593963758897702 0.106283175268424 0.0228574945707927
0.0555448718302846 -0.00918973350720614 -0.0345985382232069 -0.18672846780848
0.025258815529687 -0.0294378093971503 -0.230452835327989 -0.131669833459375
0.023635998858419 -0.0273879785826537 -0.255824498479696 0.0967518610488849
0.00369346520901922 -0.041533329653966 -0.116730168720947 0.213054604968885
-0.0226325672542484 -0.0306034901282133 0.00101199513398243 0.196715004767079
-0.0236383016531331 -0.0374679355959277 0.0680040766149707 0.156700613540159
-0.0335034369893795 -0.0498815192878088 0.101133996026119 0.145606819966389
-0.000759093628509585 -0.086428015590361 0.0963262287691719 0.166536383552415
0.0643031768429002 -0.0665546758604778 0.0405473650892368 0.195313349331203
0.102124106247082 -0.0247844170843225 -0.049532954128032 0.205335082960705
0.109189237801944 0.0835845880394867 -0.169823708010768 0.178851086549996
0.0388884132424882 0.182873272517011 -0.243865122510091 0.15106346295583
-0.0541657454747113 0.206834872174366 -0.233996663007756 0.238966293297782
-0.064610526435552 0.212573126031648 -0.133508931162234 0.136263307538064
0.0527913435042553 0.178954004727658 0.118830484358226 0.00763593285568774
0.117532436266656 0.0708655441303932 -0.00153973863911393 -0.209175902007674
0.1181590004726 -0.0382672694442144 -0.213248651067622 -0.173188131830131
0.0805102334297676 -0.0844412132397971 -0.263198324027911 0.0607112824625188
0.0199327803995362 -0.113801224749595 -0.132757815906459 0.178839512741147
-0.043417693944535 -0.0953911966867724 -0.019854953292204 0.164063654654047
-0.0488087299619482 -0.0889385245302574 0.0485803776800842 0.128379230045063
-0.0544042446449465 -0.100428523512406 0.0901548213027084 0.10559227765958
0.00352148963132005 -0.150895842750186 0.113548192212861 0.120614685415892
0.106705812724426 -0.12261155258995 0.0941837622305389 0.158762988547919
0.176974517200621 -0.0540445759552324 0.02018189859359 0.211426609516592
0.18114895054112 0.131371973855509 -0.105706028073535 0.206463532677685
0.0449584012393402 0.277243341319889 -0.193952867052059 0.15067238780083
-0.0953301252231963 0.297889352374125 -0.172894642663392 0.173882928928695
-0.139403818085291 0.254900339698396 -0.0900837830948644 0.0506859502218865
0.00499126321852732 0.282918847941992 0.14496398082267 -0.0248354048803928
0.149045729056211 0.167011545077174 0.0510580830900496 -0.226395977173624
0.204771591630169 -0.0178608304489928 -0.165385165630421 -0.214473706045627
0.141485287306907 -0.122857068115735 -0.242676024783511 0.00361120868701963
0.0440882724372886 -0.171637652717989 -0.137992039260136 0.116322630673773
-0.0536649276456052 -0.14931538210783 -0.0433042243246918 0.106101655284821
-0.0675101226603751 -0.12872200772699 0.0223507975583707 0.0822491305578747
-0.07204183749839 -0.131558339752257 0.069844494419645 0.0504687519787791
-0.00348355773762003 -0.190474055708765 0.118787517347542 0.057455671528175
0.120007693318819 -0.167644311052152 0.138681725494297 0.0987130348275434
0.218026917602315 -0.0968265719541679 0.0931257501160451 0.190533561723787
0.237446624929238 0.13788835767475 -0.0334607416256793 0.214037928147988
0.0659082672157961 0.321061353308685 -0.148840505462969 0.136794575403678
-0.111704664318911 0.344738310257162 -0.109129347394633 0.0859461127049019
-0.19329949551639 0.251602142806564 -0.0108483015197512 -0.0514463945723161
-0.0612514947443511 0.333765120445561 0.182062751853177 -0.0704252912061063
0.134561270875066 0.244363076422752 0.11348553571266 -0.226421192364282
0.250532522534001 0.0252661762029139 -0.0869766369721453 -0.237174841325757
0.185532516966428 -0.129382057805911 -0.18604373531656 -0.0646620187383008
0.0677594621209142 -0.197447838168895 -0.128003315135847 0.0311818778731645
-0.0528591772600479 -0.179979095401976 -0.0636799802515941 0.0316043367723149
-0.0762050388794313 -0.149583937295526 -0.0054895060280861 0.0257831289741741
-0.0810544526322562 -0.143873403769503 0.0435954150218802 -0.00982896526793536
-0.0117849037193785 -0.200313010229793 0.109382985753203 -0.00968545474136339
0.115356665244097 -0.18517478177132 0.163504933031399 0.0299832979974646
0.224309956631485 -0.120223122011818 0.145646661023889 0.150139968734928
0.251313338185597 0.128464007373071 0.0249022693497177 0.198356803373261
0.0687410110838218 0.315969228502026 -0.115639315754287 0.11047978299746
-0.117631764301752 0.336212672055809 -0.0499219273786235 -0.00802862723544745
-0.206634495371399 0.20025279006953 0.0884661982718365 -0.14955401090457
-0.116696934011308 0.305286635648625 0.221620772050174 -0.114716895117732
0.0823932661006587 0.261483975890974 0.169606537874214 -0.207375165864572
0.234073412233844 0.0641678122391697 -0.00178339147697751 -0.231136158649858
0.189156478774382 -0.106912927871605 -0.1081410642435 -0.121101607181012
0.0772281660877634 -0.184234674640302 -0.104016677744396 -0.0579295253689009
-0.0437419474908027 -0.177789710128306 -0.0785829687078671 -0.0457263541871313
-0.0726890813841671 -0.14715801358256 -0.034180533916461 -0.0338277767057753
-0.0772525687065537 -0.137388108756493 0.01648997146842 -0.0681955159291831
-0.0125478393145039 -0.184054401523603 0.0928678031197697 -0.0722457593440753
0.10464147628354 -0.173503946509756 0.171653274516228 -0.0306426388824012
0.208644565984077 -0.108804695189636 0.174837022640326 0.110334650840735
0.220313636110071 0.124435634417977 0.0598901196557576 0.173516121666797
0.0405911567161953 0.276378033757494 -0.0937561675199761 0.0795424319263907
-0.120504642752693 0.276839946605049 0.00236585614850492 -0.0905454883601266
-0.173427740945924 0.116125357060023 0.179542537911777 -0.227984184341551
-0.130626054692274 0.211154500443974 0.250808682497592 -0.146763788565613
0.0244910023839049 0.209070734823111 0.205781643009785 -0.179465567165987
0.167621311176795 0.0728370654300213 0.0651878767465709 -0.20787627357534
0.148878210224843 -0.0688836849149147 -0.0368896296187622 -0.159893951710745
0.0660991858964867 -0.136963816411013 -0.079191628520922 -0.131274196651389
-0.0286735459263228 -0.142034062074932 -0.0902118774221236 -0.110348117232401
-0.0563171243655169 -0.121092211163144 -0.057528770661793 -0.0860287635695778
-0.0604375788859669 -0.11446194805282 -0.00611771725966151 -0.117427686665204
-0.00713266738387888 -0.147675779822615 0.0795610901108938 -0.123224882828428
0.0890913170878001 -0.138769665996726 0.177674865638046 -0.0747440980821831
0.176361840726289 -0.0729203295380844 0.189816803203952 0.0834522604007262
0.159591973865229 0.123641656752087 0.0758140421593295 0.15290700907666
-0.00615544085150707 0.213646832931823 -0.0763924323897623 0.0537931721474248
-0.120479638089936 0.179867943796912 0.050057854416955 -0.14790895305938
-0.102839048603642 0.0123135306048701 0.237155581305285 -0.27637209616715
-0.106439331336803 0.0804841719345133 0.256254494139972 -0.164890308677217
-0.0185413984120949 0.111454861487723 0.219344776850623 -0.158668415236446
0.0769938612481329 0.0532479054736942 0.099650550633269 -0.188742053869768
0.0801994875635556 -0.0282607658041787 0.00258940650931151 -0.181803318636304
0.0416247893734726 -0.0686419462718263 -0.0674115471640201 -0.175364254477138
-0.011093975151127 -0.0821764163945499 -0.0966623968453893 -0.150502506612986
-0.0301926687098979 -0.0767400684484968 -0.0724529954329528 -0.122588966321163
-0.0339791233547186 -0.0768890929085877 -0.0190124095730317 -0.153519783564887
0.00153420740454053 -0.0979338359002689 0.0750566167183435 -0.161358362731153
0.0666792138257063 -0.0908282100015032 0.188167313141578 -0.101947243062305
0.130665191083301 -0.0284562474022202 0.200514970801656 0.0715668668267381
0.0838385227258373 0.112906216047396 0.0810281968546055 0.143738898050152
-0.0505165824984487 0.130612294166103 -0.0622755007113775 0.0381256629560545
-0.109022863854298 0.0614991861726008 0.0933017016017259 -0.172303609479456
0.056692428879613 0.0369299209060295 -0.106366161915601 0.209151927918104
0.0505423616513634 -0.049786147195914 0.106777699316802 0.0180964563975151
-0.017926252836043 -0.0576082333626221 -0.0499962221141285 -0.165267927504418
-0.0519476625898097 0.00222159248342918 -0.222959992557452 -0.0950526425068322
-0.018190571990459 0.0315749416502541 -0.226677785365176 0.11091826510347
-0.000688563643267943 0.0277724504772433 -0.0888292508266757 0.213482460109995
0.00673682852856842 0.0307202526347347 0.0223037156376165 0.195708305204901
0.00566017084881318 0.0185597170141196 0.0789621117653987 0.153998780157356
-0.012501430296371 0.0150965501447033 0.105700106927142 0.153305399028652
-0.0221967912991439 -0.00539884290537075 0.0823993712088112 0.177415358235111
-0.00748015221866447 -0.015727448563486 0.00764050260141944 0.197225417691278
0.00621432793288925 -0.029072467332042 -0.0883126895857675 0.182532175698754
0.0524290464947264 -0.00764394726950301 -0.202326219274361 0.150259981953121
0.0694456773111218 0.0501556359634476 -0.27267884623476 0.144057147539832
0.0198665350266729 0.0875515154998169 -0.258819834861999 0.267715129638695
0.00759095548761656 0.131663916906462 -0.130632183049838 0.18867790391897
0.067855363171109 0.0548499156214046 0.10627951394911 0.0198057799807583
0.0530113262921766 -0.0108965246348557 -0.0358915707699854 -0.179967618540778
0.022812011271059 -0.0291258806184388 -0.226297529021129 -0.123268366751979
0.0219557940475651 -0.0272181531065774 -0.245013456285247 0.0987925612797886
0.0022610906246186 -0.0408431758243715 -0.106653087972729 0.207816916698215
-0.0219711220612137 -0.0288638377052757 0.00688647665703228 0.190071476033731
-0.0232926474271088 -0.0363451918468844 0.0695736944002859 0.148395811813629
-0.0336016394692857 -0.0471207490901394 0.103328510962168 0.137474630781315
-0.00368956070552502 -0.0829939566314894 0.0995248170128316 0.158897749155266
0.0602804577600576 -0.0672385916004765 0.0442103112466643 0.188856299254616
0.0976633144944663 -0.0267190511722844 -0.044842117129096 0.199271729248689
0.108154313633382 0.0785819320913383 -0.163011489692346 0.175420387395405
0.0425462136046503 0.176262922105491 -0.232177443937223 0.149236632265046
-0.0490650911574809 0.199684150827161 -0.219818208513619 0.234984311986089
-0.0591601714646163 0.207350499364939 -0.125474756609605 0.134002058925715
0.0549152777718534 0.171385103413743 0.118732425893739 0.00555683713166265
0.11396382130946 0.0653784732383554 -0.00378018896531066 -0.201611987243202
0.111787392601547 -0.0398915754114392 -0.210151880791451 -0.163450572442004
0.0752129353255536 -0.083736799520357 -0.251228129959578 0.0640782307882415
0.015792159547936 -0.110383890677907 -0.123357358502974 0.175053494153493
-0.0440060331877318 -0.0900919664665445 -0.0147473057472932 0.159281770338354
-0.0492499612999658 -0.0855179757111636 0.0500620707118095 0.122562314278123
-0.054681805603668 -0.0951344849439897 0.0906671748328222 0.100024667751084
-0.00138488158504022 -0.145562511787661 0.114973663275804 0.113669451051837
0.0998242449789728 -0.12252011757918 0.0952515308564388 0.15334842375167
0.169173122502835 -0.0581187413972119 0.0244472037630511 0.204301170128972
0.178347368183051 0.121699511620123 -0.100398104602626 0.201325057367664
0.0503896912804901 0.267452816521342 -0.184831437962542 0.148366113361318
-0.0865741414310906 0.288020334306609 -0.163887138581463 0.172358636109159
-0.13091899001834 0.248983660295263 -0.0846808208743837 0.0505438849884345
0.0121268816301982 0.273658998193952 0.14353007088017 -0.0258813834589439
0.147216370490341 0.15874827317635 0.0474833199236906 -0.219120800857893
0.195949204379067 -0.0220003584541942 -0.163709218262413 -0.204949243927646
0.132953141941347 -0.122317274517708 -0.231573553304405 0.00787243484699301
0.037903284564951 -0.166792644076565 -0.130536639751863 0.113516962272989
-0.0558133986165983 -0.141878887015812 -0.0394437896382023 0.104341399679925
-0.0687253077002313 -0.122619699035381 0.0246357171887476 0.0788629995630267
-0.0724729466620877 -0.124386971646983 0.0696048456377742 0.047474086699895
-0.00944936147383047 -0.182876345816793 0.118735852334323 0.0526474781834252
0.111436479724247 -0.166441426625172 0.137372612900451 0.0927576927911594
0.2067978393832 -0.100027825161782 0.0950340686213124 0.182627948796005
0.232966658004898 0.127287861798783 -0.0300305630355141 0.207066819979833
0.0718182085398117 0.309691901992606 -0.142488606872174 0.134054479764038
-0.101342930248109 0.333666149213387 -0.104760426324082 0.0869393200858787
-0.183585279176947 0.246289399959342 -0.00967831584345118 -0.0492535242593289
-0.05098907779746 0.324533035559427 0.177923165315483 -0.0703071361412606
0.134868478171614 0.234759174699053 0.107831290627015 -0.220307602743015
0.24086515234498 0.0191152943022304 -0.0874409900851231 -0.228019951089197
0.175220732038181 -0.129729886604398 -0.17824119620061 -0.0591168090158834
0.0593508901780783 -0.192535069411912 -0.123220224725565 0.0310923630653959
-0.0562750179717113 -0.171146070579671 -0.0615887132162777 0.0326261273531377
-0.0778851117802311 -0.141747507312097 -0.00422598008039306 0.0250357984177366
-0.081052639302476 -0.135193203591507 0.0428124070701139 -0.0101695976516531
-0.017397696208738 -0.192041918492791 0.107407263250741 -0.0125890741769115
0.106350938907628 -0.183404675851896 0.159669838580666 0.0246177699815047
0.211905864430299 -0.122001635169588 0.14579771518699 0.142574269749791
0.246273081133354 0.118706830029585 0.026262665761692 0.190543513973438
0.0737776060754047 0.304607343468169 -0.111283741845485 0.108459164739126
-0.105980469458018 0.325040980928523 -0.0500260341512743 -0.00455708991576949
-0.197029355488409 0.197297365928158 0.0834266559246048 -0.146115362242615
-0.105755567900097 0.298417233898998 0.214340596636006 -0.113150071714875
0.0842222327647914 0.25225229581754 0.161090527579579 -0.201991720893831
0.226974672395345 0.0574341896540391 -0.00453734579395042 -0.223906942659669
0.179442329119115 -0.107440459857339 -0.103819720491933 -0.116778591709291
0.0686345991776218 -0.179349752556029 -0.102487999932006 -0.0551257446925901
-0.0464417336480901 -0.169426083216474 -0.0792104839304793 -0.0417654707639898
-0.0743007007791204 -0.14005049339174 -0.0332289888810619 -0.0311926114081981
-0.0772729286995701 -0.128931190493604 0.014200783406133 -0.0661258284911674
-0.0182065623672059 -0.176765482197306 0.0903791116450896 -0.0720048555525127
0.0961566719695807 -0.17121142687391 0.166830899136425 -0.0338316066047133
0.19630039651459 -0.110528078147615 0.173046962403781 0.103203445236474
0.215252084019356 0.114241184280118 0.0604472569200822 0.165309918262119
0.0452590384237378 0.266672981463027 -0.0898793596098011 0.0790103044466485
-0.110947366646292 0.267716404040373 -0.00179021306075067 -0.0854885518173146
-0.165993080228377 0.114680993963737 0.169527494505031 -0.223486010876333
-0.121166602352812 0.206471222414658 0.240917538136559 -0.144681729263498
0.0273781055864495 0.202380877330832 0.19685095801151 -0.176043232697877
0.163340564945441 0.0665089093793615 0.0611106509722699 -0.201363137934625
0.141634209379168 -0.0708122847805505 -0.036090571074063 -0.155606661185938
0.060211875211359 -0.133357053404593 -0.081398111746062 -0.126563769678768
-0.0315262264967717 -0.135211443206783 -0.0912176720631993 -0.103656321046067
-0.0573623680633635 -0.115583634449676 -0.0567248582524944 -0.0810703184758826
-0.0603577752905823 -0.107522610499259 -0.00842394500641725 -0.112819403108066
-0.010871851434576 -0.142366890703656 0.0748077545347999 -0.121624050820297
0.0823511291963895 -0.136826606719625 0.171416640058701 -0.0768322641461447
0.166845514786912 -0.0746324088542278 0.18646283038288 0.0759673649048513
0.156164717739622 0.114981330265262 0.0758126645204421 0.14550850081513
-0.00182624107878195 0.206145753668989 -0.0737757426954994 0.0544110980448189
-0.113829089926445 0.174221580504579 0.0427371167111012 -0.141835638064537
-0.0998658874232222 0.0128306866002311 0.225678271417019 -0.271002866679872
-0.100269857734063 0.080327184546409 0.245597371203408 -0.162451891756335
-0.0155746430355087 0.109593109282734 0.210072034363285 -0.156810635361414
0.0763580048495713 0.0498361193108759 0.0945337374678964 -0.183192092346686
0.0764493901227941 -0.0290642763045088 0.00096412936946438 -0.177078895965708
0.0386595755346129 -0.0667723631852582 -0.0717846648263618 -0.169436795946224
-0.0126497248179449 -0.0788451778403649 -0.0989832375193901 -0.141689938324254
-0.0313010747265514 -0.0734723241561957 -0.0717643291107975 -0.115925939897644
-0.0339898633514749 -0.0727989203142915 -0.0221107992821168 -0.146800097390383
-0.00116034919662755 -0.094429930689491 0.0691137572036033 -0.157713730702945
0.0617103203335218 -0.0891896447546796 0.179641884126023 -0.103699523052376
0.124187807223184 -0.0307885477073561 0.196192685916605 0.0644959769073097
0.0835462473637763 0.106920821932857 0.0803241683331841 0.136401872077749
-0.0466328498965463 0.127796581119099 -0.0605114716325503 0.039427407962544
-0.10515474668152 0.0611590163601728 0.0845200216022254 -0.166108488046048
0.0555415421988926 0.0360414167494481 -0.100697823555607 0.203384494607635
0.0489371663972859 -0.0489063875772356 0.106678934032776 0.0158238488795097
-0.017708760135045 -0.0558462336026341 -0.0477870137029982 -0.160458970249729
-0.0506813712116093 0.00218607500972859 -0.217220987238014 -0.0903975684038818
-0.0175617847237772 0.0302649586876544 -0.220394882218537 0.108402891812279
-0.000353287167163841 0.0263419053337534 -0.0832533127648752 0.206424092442657
0.00749251440230849 0.0285708457080569 0.0253038494229167 0.187661273238701
0.00563520042322388 0.0167068366569943 0.0783943737398904 0.148116220300968
-0.0113106179790449 0.0141280195300804 0.105656917122507 0.14626149047292
-0.0215352578818935 -0.00444273363557071 0.0833571043532214 0.170667727310186
-0.00782763098324395 -0.0156258850177978 0.00954402594770718 0.19183254296536
0.00524925564444654 -0.0282037038590015 -0.0856829366799771 0.176321900785731
0.0512613084956618 -0.00809085861323682 -0.196370646610236 0.145688294130197
0.0675734799258579 0.0471609835253388 -0.262442069765384 0.138723361568328
0.0189852593456242 0.0841275386476003 -0.248335587497447 0.259668447513688
0.0084728888982184 0.128179982050331 -0.124484221381402 0.18283533917365
0.066423005158995 0.0517213752688787 0.106381461785913 0.0179197191091338
0.0504744145699907 -0.0112139490619883 -0.0338937844525485 -0.173883303464402
0.0211018051053184 -0.028262883459238 -0.219506481542826 -0.117869540974758
0.0204751928872586 -0.0274750141437892 -0.236831649117637 0.0969147548729324
0.0017276486779947 -0.0395985034471701 -0.10075333622243 0.200713645537672
-0.0213384856791603 -0.0277923312638342 0.00993124260068106 0.182991924477794
-0.0227444087102689 -0.0355134072369263 0.0694165592974926 0.143088874287111
-0.0319866005782503 -0.0450131727821555 0.102664601382172 0.131665085305933
-0.00497252911333648 -0.0798180076945809 0.100011542298015 0.152557550254578
0.0572035413355828 -0.0666042413400578 0.0448536459986312 0.184554408275646
0.0933112728426198 -0.0276076675930636 -0.0430061298509498 0.193155438135857
0.105372584740308 0.0751879979549174 -0.159094684416829 0.170018213727665
0.0427489787096537 0.169537275551789 -0.224472472688978 0.144453885835703
-0.047241531631933 0.19253832298342 -0.211682592041963 0.228102493863074
-0.0569564033290227 0.200743896626869 -0.119804789512792 0.12984178445068
0.0558164550963112 0.164202042772857 0.118384555978721 0.00468472022403991
0.110047384285704 0.062008587599658 -0.00259998881017877 -0.194435440132417
0.106776263061606 -0.0395231984961478 -0.204129132538931 -0.157629510754215
0.0710221111712459 -0.0822340122094287 -0.241728758793566 0.0623004709120536
0.0137793652088225 -0.107199782783562 -0.11741614269561 0.169106307326428
-0.0436297948801892 -0.0860019525239289 -0.0128192356241676 0.154120100180784
-0.0485287424376244 -0.0824111396818105 0.0507075498670163 0.117745147857455
-0.0531724065179318 -0.0907719373093119 0.09030647165744 0.0956364397450971
-0.00384876340732824 -0.140609829803128 0.114682084267822 0.107604194822528
0.0947534275371859 -0.121175010556888 0.0944169166918241 0.148396998415412
0.161787005664025 -0.0584278646489027 0.0248760899245406 0.197741699090207
0.174017611382896 0.11623698357488 -0.0984857225949534 0.194718474693376
0.0516222619709853 0.258419331570023 -0.179062139697092 0.143789758866334
-0.0831092409974224 0.277379445434756 -0.157769301410519 0.167967779605235
-0.126683038784828 0.241768890819619 -0.0809452289098878 0.0490368938049704
0.0143080470438115 0.264736175818087 0.141839484017881 -0.0255538993885148
0.142530573870536 0.152234648212321 0.0465074585075651 -0.211818800809042
0.187853852857355 -0.0225893301848321 -0.159152597776367 -0.197383568626222
0.126731964410868 -0.119855600661921 -0.222552538899415 0.00793822739127128
0.0338773896897296 -0.161472251078703 -0.125393437663681 0.109603895645519
-0.0554903851729659 -0.135030571350144 -0.0372716729399725 0.101468674937678
-0.0676651422425565 -0.118190003382545 0.0255689281664494 0.0758257944990966
-0.0708881021006996 -0.119022140297717 0.0685378090011264 0.0455233723264289
-0.0121279269771691 -0.175949413553345 0.117508428018025 0.0485238714679063
0.105155006370283 -0.163456279126232 0.134674581517687 0.0891360862142925
0.197328034001301 -0.0987769538908985 0.094593302335627 0.175808256652402
0.226670821157866 0.120686592242936 -0.0301304364603007 0.199564239483762
0.0721672893302251 0.299145445897322 -0.137246646965212 0.129861847341349
-0.0970416784990915 0.32125220229127 -0.100835569579079 0.0855972582787623
-0.178685120296995 0.238833998300128 -0.00830917296206624 -0.0476515460335962
-0.0464834262942929 0.313469841076099 0.174249030338697 -0.0678473984087502
0.131339746713245 0.226065587503988 0.105260949488559 -0.212526139042777
0.232417824636121 0.016460912516675 -0.0853687840878274 -0.220450814987335
0.167468225084366 -0.127523474588756 -0.170247308390259 -0.058083471322845
0.0541839839923893 -0.186031352143358 -0.119386801350523 0.0290637920465909
-0.0564664529655998 -0.163236144187223 -0.0604552037705046 0.0328605247066945
-0.0767987465950899 -0.136006711210178 -0.00331787565113839 0.0242102033921396
-0.0796452962661821 -0.128870046363407 0.0413587867559386 -0.00960382283566021
-0.019647566981654 -0.185065987990529 0.106255906638424 -0.0149370085888175
0.100102703577898 -0.179734542968945 0.155742919841003 0.0226600687702101
0.201391789067933 -0.120735117844024 0.143570868004822 0.136623389349699
0.23868485262374 0.111563665540332 0.0251557082886152 0.183039520172372
0.0744863592955882 0.294442879850826 -0.107029239138992 0.104936051238652
-0.101557728068983 0.312486879174824 -0.0499722488171593 -0.00226891312554897
-0.190862102612583 0.19170333357413 0.0813646291474757 -0.141458664390099
-0.0986133165126523 0.289808074209942 0.209151896084478 -0.109433199552774
0.0825253893379017 0.244461994700043 0.157162654270222 -0.196034841823777
0.219102469291119 0.0540436458654738 -0.00330260934395201 -0.21595757633098
0.171688041551818 -0.105406208489667 -0.0984964424603884 -0.114016750870155
0.0639032443420169 -0.173474300109522 -0.101086584097214 -0.0540305281373772
-0.0471316852432123 -0.161834591640665 -0.0787172307165061 -0.0382266540975701
-0.0735027109514381 -0.134040062635353 -0.0313217775209565 -0.0302889687892394
-0.0757955850309322 -0.12238228619057 0.0132001649642779 -0.0631919276740094
-0.0198358822808888 -0.169571356145521 0.0880585914490825 -0.0718619170850692
0.0906423796881016 -0.167378451721347 0.161132736390832 -0.0341003028775073
0.186052631479097 -0.108847263912598 0.170292374928257 0.0984086166513826
0.208924145931461 0.108423268199326 0.0576930586453361 0.158698982921614
0.0460348417554465 0.25717276661115 -0.0874132914513645 0.0767000729894772
-0.106026543294101 0.257807619085053 -0.00413268702890937 -0.0802908489354699
-0.160267165074913 0.111415419673807 0.164929174939477 -0.216507711230613
-0.115017065440469 0.200773841395552 0.233843092160075 -0.139505584905557
0.0278940122196553 0.196265684324652 0.191239582864945 -0.169119881957963
0.157351424565242 0.0635298564740548 0.0603160022290533 -0.194250589468848
0.135592103823588 -0.0689026268216557 -0.0336520673130726 -0.151406266531798
0.0565053729219773 -0.129131748359399 -0.0821296529309251 -0.122832904486533
-0.032427431036749 -0.129600799695188 -0.0920259731959865 -0.0980348878158968
-0.0572931616887618 -0.110969115876569 -0.0551686827038885 -0.076986929033669
-0.0593928587759165 -0.102310020365875 -0.00933822513976769 -0.10829413137718
-0.0124474377719795 -0.137041982316015 0.0723603334364605 -0.117774892937998
0.0776821009123049 -0.133441579032971 0.164863229870213 -0.075554389922579
0.158574315999507 -0.0741236042117167 0.183264049258141 0.0718654511311617
0.151965117704923 0.108994039848871 0.0727267533417712 0.139176500725382
-4.36731276433257E-05 0.199465355238939 -0.0720120817050424 0.0534127874770796
-0.10996724592401 0.168042928022085 0.0387413721506378 -0.13534087041132
-0.0970796390735001 0.0126546145618751 0.217607651265743 -0.261171709926813
-0.0962478932166997 0.078626551569359 0.237347937569285 -0.155926752785147
-0.0140774953373564 0.106078119340424 0.203720400029004 -0.152134634959673
0.0738822730718598 0.0476109046338709 0.0929763708622038 -0.176953427380052
0.0733276075543665 -0.0291002726571709 0.0012308311472619 -0.172711915902219
0.0369029797619665 -0.0643087880121966 -0.073537251421293 -0.163499684395549
-0.0125200296807473 -0.0755607662942644 -0.0996625139295367 -0.134719663956777
-0.0314130720256705 -0.0709887834306345 -0.0705425615015872 -0.110224768811746
-0.0337269100898682 -0.0692853455149656 -0.022630998790604 -0.140907794584442
-0.00199868237443202 -0.0909742024078239 0.0657286069717885 -0.152002694248761
0.0584707969154886 -0.0868132066777937 0.172785761375976 -0.101994268239051
0.118542484549256 -0.0308438299338143 0.192263831596653 0.060147552941138
0.0817657063282412 0.102831250911255 0.0773563863695539 0.130892378848278
-0.0447581357984856 0.123174172736077 -0.0594707071894947 0.039167668292309
-0.10167945091253 0.0593636449663896 0.0779469260720138 -0.15996936749551
0.0549133580596474 0.036740299496304 -0.0994884864963272 0.198453854151418
0.0471535626095515 -0.0486924425596089 0.106894305883699 0.0154595828787348
-0.01734999599718 -0.0553009557530446 -0.0443178641515337 -0.157997598303383
-0.0500136341004599 0.00214513956470823 -0.211870590764513 -0.0901049146352366
-0.0169251122313008 0.0293793063334116 -0.217077381758566 0.104609138891624
-0.000344298549737393 0.02531911055234 -0.0813811321839916 0.200748496445441
0.00747430059267575 0.0276834904000442 0.0251156032735148 0.181314925311957
0.00529866797174982 0.015434169126295 0.0766032451483762 0.144130331787529
-0.0104265464204841 0.0138514364514501 0.104255131835361 0.142042079701097
-0.0209761702063243 -0.00389339870587794 0.0817602774081834 0.166843444247058
-0.0069655713370036 -0.0154650552170797 0.00826312630999655 0.18916051021982
0.00546702749267393 -0.0275034515010097 -0.0866248980517743 0.170387427428653
0.0510236285908854 -0.00726673810026643 -0.195733700295741 0.140252626153519
0.065567601453985 0.0456826812541844 -0.258047821189541 0.132056613414399
0.0160442528922096 0.0821423404011412 -0.243930944633336 0.248664240949414
0.00689090016077572 0.126367242020014 -0.123219491995764 0.177849943143314
0.0650450868664602 0.0499673061840679 0.106621783168157 0.0178769300149783
0.0487820261352487 -0.011569689997367 -0.0301951495424773 -0.170522266452633
0.0197807912713443 -0.0275084274348515 -0.214070214256851 -0.116781197581189
0.0199346246347249 -0.0271506567632153 -0.232745200605166 0.0924556574931098
0.00145830209219359 -0.0392559211730319 -0.0990356313847005 0.195114994675349
-0.0208766847056687 -0.0270946307405648 0.0101671779583871 0.177904949263154
-0.0220785190629398 -0.0353559965648959 0.0685375231956745 0.139742682147559
-0.0312749709517712 -0.04428046316251 0.101795773201428 0.128151559881507
-0.00515686777522766 -0.0777614034546664 0.0987194547244404 0.148729816601477
0.0562185201419769 -0.0659094323485196 0.0439806076637214 0.181809273151717
0.0909265398190469 -0.0267625955800438 -0.0441654299267841 0.187675147420905
0.103147076408312 0.0738127325721498 -0.159241162300575 0.164738295467732
0.0411930089376688 0.165721386079868 -0.220605168181008 0.138423307461127
-0.0496598858716326 0.186021283179696 -0.208674633524834 0.220446185650585
-0.0580038500611666 0.19697839887295 -0.117701472379329 0.125905843349058
0.0547953925497548 0.16048552051208 0.118580108829619 0.0049819183723326
0.106471191291 0.0610730901409352 0.00114991720930052 -0.19001786496763
0.102921216364465 -0.0378454414215721 -0.198721736456905 -0.15532193096377
0.0694944823490947 -0.0805878261642505 -0.236275750894178 0.0582226546850642
0.0130502474610342 -0.105009905671696 -0.115435269666463 0.163488537033062
-0.0426668877599455 -0.0836189737239092 -0.0118061542926029 0.149756817714804
-0.0473663050382472 -0.0813307411105737 0.0498440765615635 0.11549001373486
-0.051896076326884 -0.0886394706147571 0.0889997308985567 0.0936669869362573
-0.00412932334476969 -0.136094115155146 0.114086467227507 0.105275375444133
0.0927250195855881 -0.11979749159548 0.0925931284707795 0.146718192653054
0.157048838184577 -0.0563174313303931 0.0231809753647544 0.19301336557345
0.170100392734617 0.114180607847956 -0.100237315266579 0.188797843095322
0.0496829510140273 0.253171613478448 -0.176569724914337 0.137687794349283
-0.085576378926492 0.268843073933822 -0.155191778526437 0.163432440701385
-0.126918276454533 0.236229115370574 -0.0787931715173878 0.0467830343481469
0.0140052176226013 0.257739016161703 0.142081625790464 -0.0239027531753391
0.137919274013352 0.150395632583711 0.0498568516644149 -0.205794220773703
0.182423453102177 -0.0213968156116327 -0.153599768482189 -0.194575767356193
0.123534917823331 -0.116566293200573 -0.216477756153452 0.00417889534912959
0.0327323032886666 -0.157453528779478 -0.123809132241481 0.105210836189336
-0.0544756464709302 -0.131014495635633 -0.0375841244415688 0.0991055705497841
-0.0658149435117628 -0.115260505432504 0.0249105601478389 0.0742983549113295
-0.0690550028818787 -0.115910965987935 0.0677371168212627 0.0455144809755443
-0.0125034576431693 -0.171208410013051 0.116592500994538 0.0467208239451942
0.103140426109496 -0.161076710770704 0.132407625625241 0.0886912610792305
0.191246978398373 -0.0964129379407009 0.0921356414839938 0.172052585698914
0.221242991434338 0.118705415027759 -0.0335657382330727 0.193910612088826
0.0689385907322129 0.292936568536525 -0.136340725906242 0.12520575748952
-0.0987211457792199 0.309797538394984 -0.0998532044367376 0.0847015185293667
-0.177145066059765 0.232711942604687 -0.00720130353719978 -0.047441900375879
-0.0462323098266256 0.306502482342985 0.173952320500075 -0.0641925781073061
0.126175239415544 0.222991236720856 0.107186692749392 -0.205128338357333
0.226176255314819 0.0175471675541917 -0.0805595578126603 -0.216099918321814
0.163120129976426 -0.123277541860298 -0.163421648154536 -0.059572187874498
0.0527425945533657 -0.181906922633941 -0.1178913905261 0.0265883175417792
-0.0553452780943708 -0.158861937773147 -0.0604326444836513 0.0321282025391408
-0.0751616774798304 -0.1326329229927 -0.00241723288953128 0.0230639462410974
-0.0769827425904654 -0.125292723751661 0.0411124287328724 -0.00768957968124947
-0.0194652799337082 -0.179708832317219 0.10549262072407 -0.0148550616770992
0.0975347109517205 -0.177147569957585 0.152682581206928 0.0237736046922846
0.195108915840593 -0.117143896910102 0.141417449331559 0.133819131290681
0.233220681973244 0.109392284627511 0.0212408723356552 0.178554056726253
0.071544039090136 0.287673361339043 -0.106726084855113 0.101115012819073
-0.102933950993713 0.303150318773384 -0.049453530635751 -0.00140561176896663
-0.190205677970096 0.185695795739087 0.0818280264430872 -0.138463335998228
-0.0972870314169693 0.283098335020742 0.207637895307593 -0.103884617655694
0.079538815442429 0.239306633536805 0.157596066791699 -0.187524773626553
0.212995047862564 0.0539904818663278 -0.000204232803430933 -0.211057792429427
0.16782345527778 -0.102391212717696 -0.0928541730562365 -0.114212447433135
0.0626522061760879 -0.168986439643531 -0.100471235937016 -0.0548665704663466
-0.0465744916698336 -0.156759646073927 -0.0790421121383672 -0.036470505440011
-0.0720122369598355 -0.130429345072298 -0.0304808441200197 -0.0296351997791639
-0.0730857523063044 -0.119592402296661 0.0139161557500043 -0.0602676180322426
-0.0189829866161669 -0.16476616162365 0.0876228935112594 -0.0700032947039902
0.0878083255667001 -0.164271562895613 0.158486125429889 -0.0325108662900265
0.180453815326178 -0.105689783874951 0.167260902131083 0.0965637159592746
0.203634824941898 0.106636830449276 0.0530145904174463 0.154937548607868
0.0431484826999925 0.251553263739426 -0.0871014717591971 0.0744349481513052
-0.106633209605103 0.249409371737514 -0.0052153837592148 -0.0769167494920792
-0.159442024140774 0.107100523364952 0.164170077179534 -0.209601945402884
-0.113706752812015 0.195075113745829 0.231480428224772 -0.132708036706505
0.0266304723939514 0.1918528213192 0.1910859266279 -0.162708025182993
0.153683089847997 0.0630047886351952 0.0627495752960022 -0.188918975628716
0.132500837364574 -0.0676501385824639 -0.0294128514030124 -0.150527797437975
0.0560551319402234 -0.125804007145449 -0.0816744967080375 -0.121595412818782
-0.0310385469533532 -0.125710457688 -0.0914223665820304 -0.0947278426145478
-0.0569038934419242 -0.107243166164143 -0.053561844218013 -0.0755328150035058
-0.0573436948120938 -0.0995080687717877 -0.00812243396020219 -0.104404915577956
-0.011881371511764 -0.133196278949341 0.0718406166973657 -0.115468275113385
0.0750117948570323 -0.130149091458601 0.161582348154255 -0.0728565844101405
0.152985621503429 -0.07184815430405 0.179541503042564 0.0706620117447574
0.147823499967171 0.107798915668131 0.0686230744010449 0.135908055071071
-0.00169717247461545 0.195409423435389 -0.071425992388254 0.0517505137382577
-0.109582149311283 0.162469262896855 0.0371183591787148 -0.129539631407864
-0.0961465080339606 0.0109058470839731 0.215640407530779 -0.253638885091476
-0.0944323504051525 0.0761716585210443 0.234727458908884 -0.148804404082651
-0.0135111564502234 0.104123285408712 0.202054440469186 -0.145746243601499
0.0719586499409657 0.0469790646335837 0.0943449533582095 -0.17147592390868
0.0713405267590117 -0.0280323531756996 0.00421636113450803 -0.170368883654791
0.0368082511219601 -0.0623929032850672 -0.0734157457790169 -0.160481644556775
-0.0119619489881436 -0.073472496848675 -0.0997737692517247 -0.130658135899529
-0.0317161346651577 -0.0690293800635704 -0.0679173479438629 -0.10799485248681
-0.0325081125075621 -0.0676886342902031 -0.0210179925149371 -0.136685102873638
-0.00186497877272951 -0.0889325873315687 0.0648867944655494 -0.148010985485479
0.0566203302094753 -0.0845803173392006 0.169490780208912 -0.0984049355151407
0.114840426164906 -0.0293943093689188 0.187572790579365 0.0592670476459064
0.0792646218512623 0.100749788943361 0.0731461757718899 0.127660626815585
-0.0453028627516772 0.119958418147208 -0.0595451666146361 0.038699627724075
-0.100576034562146 0.0563046222574239 0.0755873766663687 -0.153691814044025
0.0553002977460162 0.0378757155422983 -0.100953518142723 0.198515369832059
0.0473519958167038 -0.0490032210255335 0.109555143516965 0.0163530892432399
-0.0169703844580121 -0.0554698808801352 -0.0415595656654305 -0.159082131332066
-0.0497922419543627 0.00153007918605451 -0.211005283622709 -0.0922423890181272
-0.0176721142190579 0.0287107315216161 -0.219176322615329 0.102942809186547
-0.000917411557557347 0.0247739024817949 -0.082884138873068 0.198737124257638
0.00723330008426931 0.0269921241368644 0.0253620414216122 0.180168928720004
0.00490187417184515 0.0141867125756992 0.0761210037590346 0.143252619088228
-0.0102211779827551 0.0129323548701807 0.104886183664964 0.141606604902288
-0.0207733991405265 -0.00422295943344879 0.0821050099425681 0.167873072597716
-0.00696850617130363 -0.0158122872217297 0.0064170919966276 0.190419037387181
0.00472499331080701 -0.027099705868683 -0.0906180690724407 0.168738186089441
0.0518410113033858 -0.00712302961384449 -0.200368479129165 0.13743289839811
0.065320666193224 0.045102788354601 -0.259732393481067 0.126160568679576
0.0136992229030593 0.0829504447547569 -0.24593820053537 0.243920163001925
0.00601717777983292 0.126612765706489 -0.124856252857759 0.177023629977031
0.064112550214389 0.0500168997283382 0.109325976519183 0.018526141177601
0.0480249495549533 -0.0113789585767306 -0.0266724417285571 -0.170703220079799
0.0183199979915161 -0.0271617090534386 -0.212854094772701 -0.119565761542944
0.0195615016293463 -0.0274377045808683 -0.234532796787089 0.0887844179219013
0.00125846011909322 -0.0394563354627249 -0.100468786665907 0.192941211542307
-0.020340507274089 -0.0273524597389061 0.00989163849993098 0.176804488315986
-0.0226381363496591 -0.0359868800481003 0.0684255298530204 0.139227486879465
-0.0305248703782556 -0.0442938222542976 0.102554636480196 0.127892863972683
-0.00491028214348409 -0.0776939817380606 0.0993355299742698 0.149359220821918
0.0561111858452536 -0.0661784306809342 0.0428325213501523 0.183297394782745
0.0903945826237183 -0.026320738170474 -0.0473488735515076 0.186367063889994
0.102831456510045 0.0741575185096249 -0.163433355643009 0.161382786818167
0.0398398343697243 0.164876177588317 -0.222661931235704 0.133809097957588
-0.0533470726955343 0.184778200445557 -0.210208214648385 0.21702460214728
-0.0610303636739336 0.196355110067543 -0.118364949631047 0.124662075815754
0.0529486394476194 0.159851500890571 0.121803473526458 0.00613058273129394
0.104792359634875 0.0621323123592828 0.00583624300130976 -0.189347888535532
0.101834200033273 -0.0364334796602984 -0.19619869644096 -0.158548926467026
0.0694027732987401 -0.07985699435677 -0.236916302490114 0.0547652981055355
0.0131726387975389 -0.104697766981637 -0.116394146484637 0.161737844259816
-0.0416172655262506 -0.0829388707678392 -0.0126305349551714 0.149328480632424
-0.0469803827003754 -0.0812797981714893 0.0502530309761873 0.114555592882084
-0.0512335139617797 -0.0882552643302441 0.0906348217077579 0.0941050202669084
-0.00408503761310345 -0.136276164155428 0.114775159996494 0.105217547705131
0.0923019168489776 -0.12023602354382 0.0924335818879403 0.149048366241656
0.156259488383328 -0.0551846957846067 0.0212212725729599 0.19200785808522
0.169451866258762 0.115692125169278 -0.105344997304904 0.187007189600744
0.0476943002693104 0.253378324287422 -0.178624543734886 0.134100479741904
-0.0911311587405559 0.26575908138903 -0.156229991615894 0.161686745392919
-0.131483615655513 0.233719463370971 -0.0781445872471241 0.0451697925748846
0.0118354621190546 0.256600669191656 0.145722666970532 -0.0222106410444074
0.135436185834563 0.151997861553203 0.0548494481159345 -0.204387197694472
0.180770015870507 -0.0194061628247193 -0.150163676988563 -0.196783382995825
0.123909628232227 -0.115920930125254 -0.215251558542115 -0.000249030414942128
0.0326617658097546 -0.15681878783032 -0.125308719968672 0.10300181013457
-0.0533940049453874 -0.130414689752435 -0.0382660823294212 0.099048081765756
-0.0659622747081065 -0.115434228360968 0.025630457388155 0.0742096162647699
-0.0677446261941927 -0.115359163688023 0.0690429329368633 0.0466492001382362
-0.0116092757309197 -0.170704350555522 0.117829265734427 0.0462070189006756
0.103027872295522 -0.162623978255757 0.132438942817931 0.0911738809090278
0.189872965069058 -0.0952900810763537 0.0905893484118588 0.172123604806975
0.220190077213151 0.120046455609233 -0.0383340595523161 0.193281913386488
0.0672942169607625 0.293577632177812 -0.138665667830823 0.122440120271508
-0.104750031916987 0.306766434757487 -0.100803108478693 0.0844135359484831
-0.182056029000778 0.229617946388828 -0.00551803690326713 -0.0480374971102783
-0.0487257369125761 0.304225024656861 0.177220644502721 -0.0612979446298536
0.123269650709913 0.223815862878439 0.112368007108944 -0.203587005961175
0.224227783796465 0.0202168241389647 -0.0768270074204577 -0.217781879388658
0.163750025819127 -0.122263185632911 -0.161391687257401 -0.063538362522901
0.0536442976694878 -0.180826246982175 -0.119324979228086 0.024473422375633
-0.0542345304740674 -0.157261945113626 -0.0622303002063612 0.0330145551060319
-0.0748699734682218 -0.13222597035035 -0.00236502750785446 0.0226042126974848
-0.07570177021897 -0.125092658757757 0.0424140035466608 -0.00753949690496315
-0.0191559394357673 -0.178970559008733 0.107440495332209 -0.0151890709815099
0.0975891009174732 -0.176975781896727 0.153108716579547 0.0259010435699871
0.193507406969583 -0.115230521924258 0.140853045052591 0.134428089218541
0.232032811237198 0.111218269370858 0.0167729758976905 0.177446509088512
0.0690649919086668 0.288944487207416 -0.108903843723299 0.0988595807177167
-0.108188909958902 0.298916151341198 -0.0501140790865565 0.000248654487815949
-0.193748808432778 0.183246787165195 0.0842253024624502 -0.137002444922999
-0.0992175533444996 0.280511017522779 0.210773396025759 -0.100507609627569
0.0765541494743847 0.240634282556404 0.162172492499334 -0.184100503276715
0.211597745666867 0.0560364703057083 0.00397299006789518 -0.211066148206124
0.167387351454835 -0.101364852395974 -0.0903969599805444 -0.11734505854576
0.0632276292612515 -0.168441676177099 -0.101786629018336 -0.0565720985843501
-0.045793698296528 -0.155431890994812 -0.0800558868408997 -0.0354748680739084
-0.0719483647201548 -0.129419557400963 -0.0303505500318654 -0.0297218793526768
-0.0718709265449041 -0.118605474383102 0.0147825978589303 -0.0593655701753826
-0.0179369503312968 -0.164066918837937 0.0896475047108969 -0.0702598155495503
0.0874183529866822 -0.164069995986729 0.159133029450497 -0.0304867661640082
0.17828253586441 -0.103985660517214 0.167936959298944 0.0973699108273872
0.202618890571293 0.107892348387631 0.0497247043144068 0.15470336465061
0.041200245832198 0.25165699995238 -0.0888295802932702 0.0725962022969352
-0.111012889463112 0.245719748876446 -0.00513709381052516 -0.074766765007096
-0.161851622964795 0.105057190254266 0.167728337392298 -0.207272957997169
-0.114829183590837 0.193079352434316 0.234445466650583 -0.127622090142929
0.024782442379455 0.192440062612001 0.194224487265469 -0.158912155233425
0.152436708535681 0.0644884974118081 0.0664200069951307 -0.18740627346999
0.132161971775699 -0.0666448718387117 -0.0261124673594543 -0.152368045078793
0.056685691971015 -0.125012253706314 -0.0828598249112847 -0.122245210188587
-0.0305047848756419 -0.124857811060428 -0.0932023532603031 -0.0934295795143334
-0.0561799182796351 -0.107203943671322 -0.0527231503478869 -0.0753088603054906
-0.0563640010499399 -0.0992387661540979 -0.00712255058621935 -0.103510704673167
-0.0106617079212267 -0.133131035220628 0.0738249679617475 -0.114976837327078
0.0752870374643144 -0.129694009092757 0.162267367231795 -0.0709905331003911
0.151751595151811 -0.0694022574610502 0.179513702864905 0.0722845987969699
0.146744947793369 0.108774946411225 0.0650817422289558 0.135857196199356
-0.00391447537495392 0.194565754034191 -0.0730058750741855 0.051344033174134
-0.11198583940221 0.159626263040404 0.0363330918943774 -0.12712271221498
-0.0965488702482448 0.00998964313496834 0.220241509710984 -0.249458632269387
-0.0952431248886357 0.0751590691553731 0.236957699467888 -0.144039433563625
-0.0137805283355262 0.103487115685527 0.205249128376207 -0.142223640926442
0.0717805078673965 0.0476792480683026 0.0990390737897774 -0.16881414839145
0.0717490392933228 -0.0278744879013802 0.00723415376044749 -0.171184242784782
0.0375641336300366 -0.0621732797950505 -0.074515385857231 -0.161273100074446
-0.0116473519160967 -0.0728205191622643 -0.100620888768971 -0.129180806704898
-0.0310115468540779 -0.0685551926018864 -0.0677540743170455 -0.107391768827291
-0.0319810876505487 -0.066951925073398 -0.0193109317070406 -0.136132204269534
-0.00115220507512512 -0.0887809429016431 0.0669950282663332 -0.1474016278545
0.0568281086768332 -0.0833468775125422 0.169930215975784 -0.0967255035175502
0.113152876757345 -0.0279719136019115 0.188038713569735 0.061037809640672
0.0779881544688853 0.100794849171962 0.0708405412078781 0.128125407441562
-0.0469762845147639 0.119477326909658 -0.060742396791151 0.0389427452343291
-0.101170994632142 0.0549818378127469 0.0748566845641802 -0.150449951121294
0.0689387036212296 0.00184733320603421 0.0414653151162914 0.217375887541254
0.0101812285818639 -0.0665699777811846 0.100530906126606 -0.0584519781191452
-0.0479964735783284 -0.0359632481535024 -0.130368080925308 -0.107159858578058
-0.0402360273807361 0.0317590419510816 -0.230393524415958 0.0542726310748584
0.00263429082999003 0.034202010268283 -0.116673666551809 0.218042086514205
0.014206070887363 0.0199528849127937 0.0536001136530238 0.210703917257924
0.0227296483365584 0.0161444017317477 0.131823889031153 0.129042892708794
0.0126276070038274 0.00865363083833367 0.148910632584288 0.068363555476282
0.00110353266761506 0.0168578722382969 0.172702343787387 0.0478214322815571
-0.018418710552856 0.0092728784145411 0.170848548955611 0.0863893511160372
-0.0146188388682642 -0.00791192041958711 0.122912132632837 0.150893328307879
-0.0110318690324977 -0.0242350987901749 0.0270873679993772 0.194714079612212
0.0391357197004956 -0.0357537578746482 -0.0797225468180831 0.237340823921491
0.0808335277261325 -0.000264176739803111 -0.134090844928732 0.268053092656913
0.0606063300366236 0.0662646857022638 -0.0536422850237221 0.353128827809672
0.0762320847065842 0.10404971582676 0.0155010187464272 0.216785606539009
0.0797980850929099 0.00242577655677075 0.105353718515039 -0.0541870104655557
0.0307963923872783 -0.0370530634835307 -0.121200119416325 -0.127205819023792
-0.00220233163510098 -0.0304946817633711 -0.248355902011778 0.0293522057413385
-4.60317005592033E-05 -0.0326061997566135 -0.13709453151034 0.212901611926967
-0.0219171005628113 -0.032703341794669 0.0353985362192648 0.215259794648677
-0.0313333370635457 -0.0104315346371979 0.117012427007531 0.137143915510247
-0.0408051704001641 -0.0153074438611312 0.140823704211549 0.0700452812422123
-0.0513559478774254 -0.0173697061066268 0.163514539032637 0.0386407453924505
-0.051434742717647 -0.0606631466667292 0.174318856286606 0.0600800198592611
0.00548725023273848 -0.0891193467075202 0.147338393849218 0.123042002924583
0.0608654920285289 -0.0754970426597067 0.0734513799269941 0.182304914229411
0.135110319828771 0.000694103281264472 -0.0367489207595408 0.234150733463479
0.136043112343865 0.116074291888124 -0.102740953000183 0.25077828840687
0.0678685788233619 0.19467747528484 -0.0427834263493695 0.304410183746408
0.0589679162025984 0.200263883310972 -0.00592915470752022 0.174438475798761
0.13328269821111 0.0973036494855465 0.11101132648818 -0.0681984111793351
0.119451928417589 -0.00976904869526994 -0.101225586207331 -0.162989133711859
0.0590331522197849 -0.0849245304802097 -0.256371752680977 -0.0162633146561782
0.0100118569885487 -0.104017736218643 -0.16057619873256 0.184148092958003
-0.051448598768766 -0.0918521246144922 0.00233845059879058 0.19833292929376
-0.0823280847357284 -0.0419157684872436 0.0801055949630673 0.129067127361999
-0.0883159349519388 -0.0367889380558844 0.111714000183437 0.0614256811391164
-0.0956195803702586 -0.0411524570460387 0.133568732181757 0.0184335962794013
-0.0866799039686606 -0.109386064232093 0.159924428866042 0.0150215294147033
0.00128617367723055 -0.157195331708647 0.16568002851388 0.0644946032486126
0.0976333050240475 -0.140982245577069 0.132937424490659 0.145142359889688
0.218173202861012 -0.00587315983798617 0.026010169616169 0.217938455932359
0.199741257998706 0.184504863130888 -0.0692444562447503 0.224262077825613
0.0879931255016436 0.28565689543739 -0.035707727494526 0.221930060925717
0.0210093514535821 0.271141004225017 -0.0185004102925372 0.0908636314035396
0.154646919386682 0.198635256975862 0.115100169388878 -0.100664779201246
0.19643231182789 0.0454719832766397 -0.064871267252712 -0.203382511469971
0.132697718064656 -0.116032671321667 -0.239222004698325 -0.0790058034575608
0.0332357701321021 -0.164855934606252 -0.175884982460999 0.124622771119781
-0.0664534034904124 -0.145960912856893 -0.0405370513684932 0.155036115432921
-0.119552693597842 -0.0717564184294613 0.0266300992196317 0.104765314095341
-0.124261083882541 -0.0533333865410152 0.0667685845586016 0.0433786606971973
-0.125823122361926 -0.0532182148178758 0.0874760268275043 -0.00670614842427334
-0.115221095120688 -0.132900683149386 0.126539925330653 -0.036108275240619
-0.016157698681506 -0.19878252901033 0.162235297389444 -0.00701131858141605
0.101760194365473 -0.194606957911925 0.178657781796373 0.0854731378200846
0.265027629565516 -0.0361115258443243 0.0843123581513549 0.181669381507017
0.241804084439341 0.205437372439007 -0.0459740389012918 0.190660576039683
0.103590743121397 0.327093240716743 -0.039661820006572 0.122026870130023
-0.0237254538671889 0.295387136789487 -0.0156614212201886 -0.0259293634565185
0.133329328262139 0.270838190398486 0.116930485536869 -0.148041466822006
0.229149270927263 0.110608022416472 -0.0141647611267623 -0.234433390990855
0.189803101394334 -0.110341737395771 -0.187529694376954 -0.141918355622794
0.0612537930094999 -0.192675825397446 -0.17023054945283 0.0392693949432369
-0.0642193676246599 -0.17722908991136 -0.083805458241073 0.087101408929152
-0.136465163262424 -0.0926310652675646 -0.0336713578614355 0.0663003977763377
-0.141578980556114 -0.0606178417394641 0.012943147276106 0.0193377089876068
-0.138105415176031 -0.0557381043141821 0.0329703437256837 -0.0333913151623906
-0.126118127818509 -0.134933203723196 0.0800380148198998 -0.0800833850438619
-0.0302736841919816 -0.207798075517288 0.138694081233404 -0.0722545699267861
0.0913184432477053 -0.214051242795928 0.196052234741676 0.0232802305015059
0.269843826505705 -0.0515889357644128 0.119242831060762 0.134501766248855
0.240604620077292 0.199519329491176 -0.0368322701650853 0.152911151764008
0.0970366951169719 0.320814752867211 -0.0513075201458319 0.0211296426716938
-0.0601671674925095 0.26209592684212 0.00111176733603366 -0.151394157854625
0.0780212573974516 0.279264941690564 0.118323654202397 -0.198871011639199
0.200955053962496 0.150492849388584 0.0374959685021999 -0.246170181216479
0.200804212918228 -0.0747240054732197 -0.115183536564332 -0.184316752505713
0.0763533585442661 -0.178566689674348 -0.143618003541781 -0.0477196941982341
-0.0483574504284206 -0.173679179159452 -0.118500782992782 0.0120998400130799
-0.128588928698761 -0.0958402513991172 -0.0911186731250822 0.0223373377850015
-0.137517074301162 -0.0606099518069886 -0.0415924292300901 -0.00595378612510119
-0.131405488145976 -0.0534866972141087 -0.0216749320776564 -0.0580281964504066
-0.116472528825182 -0.123867326021595 0.03161656183771 -0.113625046965119
-0.0297985589245015 -0.191137674863 0.109278365571176 -0.121459949589981
0.0863509462463304 -0.195243676596149 0.195115922878768 -0.0234986336640326
0.242105291229445 -0.0361380549247156 0.131567660631168 0.0954804386610178
0.193380811271107 0.186209575374998 -0.03468867005543 0.118339492430937
0.0608418828747747 0.276650839957972 -0.0589868187181638 -0.0670990395741867
-0.0774890699391103 0.177441995243032 0.0204124976885893 -0.259843812812534
0.0161402725087306 0.218256495911261 0.117347957479242 -0.236008820152898
0.131397973770208 0.140642705817001 0.0757519283204892 -0.242896314920484
0.157786365443319 -0.0353967147969101 -0.0501345522001235 -0.200281341917726
0.0675714410505899 -0.130541713101728 -0.112515979096512 -0.113634244529996
-0.0287441369542429 -0.134237747549673 -0.142811066906506 -0.0514517421051027
-0.0985099183534097 -0.0802139307851654 -0.136459338215635 -0.0163684968909342
-0.111430028717891 -0.0518763032567371 -0.0882092630003841 -0.0286733859032954
-0.107225733916744 -0.0468366715958989 -0.0671286817618706 -0.0801259699815606
-0.0913868158902297 -0.102784879646517 -0.00894902620412295 -0.139780973391501
-0.0183858351578983 -0.154644644031633 0.0866536466576076 -0.156716805416892
0.0841480310112627 -0.150971117880543 0.189535125340989 -0.0517704923736669
0.195120620249024 -0.000435852203031425 0.133488478793419 0.0698695198541675
0.119633020294136 0.16628932525723 -0.033766023037279 0.0892283001978519
0.00545935699976174 0.203807965998919 -0.0537600890733581 -0.133722503135125
-0.0758835986606282 0.0607965474813083 0.0304130761141396 -0.328735797428351
-0.0346640940791626 0.11198583190696 0.105913006286189 -0.25306875550834
0.0487061679349098 0.0900916552754633 0.0897958515092247 -0.236611082930665
0.0836695624864267 -0.00360464439568502 -0.0145600441998382 -0.201446111514732
0.0408065032411655 -0.0631876248463569 -0.0968699179394354 -0.147084567613479
-0.00676890429230081 -0.0726631568285846 -0.159088721648667 -0.0857944008505979
-0.0525392832563103 -0.0504479302015229 -0.163450338856191 -0.0409564432164892
-0.0679656792030748 -0.0360566716162867 -0.119743740670121 -0.04556889024207
-0.0680292591828895 -0.0362342377532439 -0.0982693664118297 -0.0987383409539663
-0.0562629996280426 -0.0725277690023315 -0.0342619178820274 -0.161435899882884
-0.00420960891250324 -0.105173046556238 0.0779425961328036 -0.181342224477345
0.078407296621729 -0.0931013045815034 0.189925689834203 -0.0659751788562982
0.132700167946628 0.0371532928361843 0.134115268280044 0.0600987656994654
0.0353219507904364 0.130660069590603 -0.0289256167295211 0.070435633782591
-0.0500346210948034 0.108787892242918 -0.0332650263249845 -0.174678040077969
0.0714506730799624 -0.000265506180774977 0.0503780851134357 0.222724651326574
0.00809337979694524 -0.0686988513733285 0.103343039455926 -0.0652657731271781
-0.0502075590692062 -0.035608840309287 -0.136416140922337 -0.107586553396277
-0.0402477840483578 0.0338680512130097 -0.235639638407238 0.0627805202743083
0.00348109725617625 0.0358094861607396 -0.114282892871338 0.228132570032072
0.0149920482315276 0.0208419686965762 0.0615819984514659 0.214131778439044
0.0237304372485294 0.0147804095409321 0.13842470016718 0.127076498580534
0.012876173435272 0.00854752983751288 0.155360807512742 0.064579306838419
0.00125395385054418 0.0164920031257361 0.17901460662872 0.0413737381167179
-0.0183893627446854 0.0104536861187333 0.180061141910894 0.0822605199093769
-0.0150784828719555 -0.00765896740135768 0.131214153523059 0.152585639051367
-0.0118539181877329 -0.0238730651465074 0.030258103505407 0.199573091789994
0.0398100087540002 -0.0390719685367099 -0.0785803887510931 0.247272032176102
0.0815740273759049 -0.00242496071568234 -0.131332106855699 0.277425570928368
0.0636759350736961 0.0685083610892542 -0.0477824115052479 0.362259695104202
0.0813106950790596 0.105406627421653 0.0234133182770421 0.221846321387253
0.0814924279646775 3.95196662362699E-05 0.108363958151059 -0.0612819744114978
0.0307570530296413 -0.0385926413091351 -0.126208165160884 -0.129052669806951
-0.00329959586012254 -0.0301216900186958 -0.254345045380451 0.0372621734664672
-0.00150459024257683 -0.0330227701178161 -0.135398471185192 0.223688458431997
-0.0241738523124832 -0.0319413112210177 0.0426857451585756 0.219805868976087
-0.0322937920811499 -0.00942198707262713 0.124121544453037 0.135392018836725
-0.0428442565165827 -0.0143578205589214 0.146807074605873 0.065863401254577
-0.0531539652885171 -0.0158866629392805 0.16997992260204 0.0318636562540686
-0.0556367276304425 -0.0606225786007333 0.181807239269234 0.0554094874695033
0.00266973966492301 -0.0921774368871476 0.156860424076687 0.122534369445228
0.0598982067158861 -0.078159877421515 0.0780750866186278 0.184819278073682
0.138687207318297 -0.00390903860811605 -0.0337146577369869 0.242677012453029
0.141825765328793 0.115130886912259 -0.10007719608318 0.258720568945108
0.0730918437182337 0.200593924512308 -0.0366323374877017 0.312653922572414
0.0653377882503943 0.205500587898023 -0.00130149526423829 0.179197668263498
0.139293631599398 0.0952864975302746 0.11397317453823 -0.0751632910437347
0.122072342831609 -0.0131034436802606 -0.106052500620232 -0.166259151850376
0.0576112760938349 -0.0879979721938385 -0.264491481034832 -0.00971227392232961
0.00649268905444565 -0.106643315022568 -0.160999104218711 0.194301578505189
-0.0563289108701176 -0.0919732537706683 0.00718183051128855 0.203105213846103
-0.0844894720580351 -0.0396541895909557 0.0863151297702436 0.129609894303062
-0.0919105634875339 -0.034648350230729 0.116608146717453 0.0581440206145739
-0.0987374088996756 -0.038936424754114 0.13915120500007 0.0122746131666477
-0.0935400801719285 -0.109287220094158 0.164887451961098 0.00868848892399737
-0.00462125249092629 -0.161516673005623 0.174164933486374 0.0617875807179264
0.095313106145766 -0.146107397922666 0.13994608211419 0.14444453127064
0.223896882895113 -0.0137762566458516 0.0305685188217548 0.224874599883633
0.210443484776122 0.183427127810247 -0.0667826612606074 0.23222596007955
0.0949312524308557 0.292799344649124 -0.031357290619927 0.228500941922637
0.028163243321975 0.279291865090169 -0.016038040163174 0.0927899415125938
0.164433467508182 0.198153069783415 0.117047712722467 -0.108918322709729
0.203159778717077 0.0422249898562633 -0.0689973892575254 -0.208527580692414
0.132402564605386 -0.122300824110726 -0.247694278806087 -0.0752530261856313
0.0282432334482234 -0.170313726104428 -0.177974458694873 0.131410342208634
-0.073304257548047 -0.147358749291 -0.0380353726773522 0.160646385465873
-0.124477718990547 -0.0686783415639744 0.0309005093634907 0.108126410844888
-0.128817426710822 -0.0496416382132994 0.0701512929266771 0.041751478878312
-0.130572892237768 -0.0493397732719704 0.0917975044649579 -0.0111521434164329
-0.123017288777515 -0.132039875922597 0.128473888767371 -0.0430021014093846
-0.0244922187090136 -0.203590499800938 0.16868742212471 -0.0121257393472199
0.0969081802421389 -0.202163327699696 0.184741521683164 0.0813963940351347
0.271428440871678 -0.0452972062157961 0.0888927789233828 0.185508769531486
0.255350036318909 0.20456885278922 -0.0434863469188634 0.196454333140981
0.111654530557255 0.334322581754564 -0.0376545417060269 0.12660561281721
-0.0177902636172222 0.305596281681435 -0.0160907850444188 -0.027191042921429
0.144491200740025 0.273609818331095 0.117096628578413 -0.156822688056962
0.23871052324211 0.108178420016305 -0.0171233763131305 -0.241622217516084
0.191712670882414 -0.117700430944778 -0.196117611848973 -0.142142688445963
0.0560810090122218 -0.200148753553466 -0.174573467277792 0.0429860694405838
-0.0723538576189462 -0.18008146864245 -0.0848811363817438 0.0927087320165746
-0.142853318864389 -0.0889692742603812 -0.0325135827813089 0.0709044365607765
-0.147302607380174 -0.0568602158385719 0.0138819565011673 0.0190089932915582
-0.14289674889751 -0.0518411923235201 0.0341011123185442 -0.0364174330548174
-0.134175259589299 -0.133886039209439 0.0791062875831921 -0.0867508334529911
-0.0390230101229919 -0.212429296151399 0.14268560919189 -0.0787414667313256
0.0865143699430343 -0.221221783337154 0.202156081024296 0.0170851101746697
0.275170095420394 -0.0616588490885131 0.123902794334829 0.136943520665173
0.253449249847467 0.198396505760322 -0.0340130830971818 0.157824004732821
0.10487181043756 0.327426918538974 -0.0514301426478185 0.0245089898865809
-0.0559553869018673 0.271892705577058 -0.00238862314165458 -0.156834727079586
0.0878672173964035 0.284726640216902 0.116999167678938 -0.206916947445404
0.210789625402433 0.1494817010242 0.0350719177419761 -0.255055992066642
0.203798964876806 -0.0819695020520029 -0.122118860677396 -0.186994659689827
0.071592736254646 -0.185915947664882 -0.148979371872143 -0.0473887443579534
-0.0560138912316823 -0.176660984268495 -0.123187047566925 0.0163210615177759
-0.134636751865111 -0.0930699703752882 -0.092772598429228 0.0283710740188322
-0.142673540917088 -0.0570139177185781 -0.0433416704831937 -0.00485836082039426
-0.1354942419267 -0.0500347251329753 -0.022360697893082 -0.0598709456124578
-0.123880612548511 -0.122826805155061 0.0286393528511413 -0.119562301712578
-0.0370779695560402 -0.194373741337369 0.110667111906161 -0.127617911572967
0.0814006612011249 -0.201915126739173 0.200203697288184 -0.0304758569820751
0.247149284801086 -0.0447687431009072 0.136373407713822 0.0955241109126518
0.204237364686592 0.184951545699169 -0.0332712436515725 0.123216864364535
0.0671602685129578 0.283260631552067 -0.0617388370187587 -0.0654427141161155
-0.0753443506378567 0.186007417702719 0.0151773480303744 -0.268284592872544
0.022778609322099 0.223660456853128 0.114591068482138 -0.245195590773428
0.138249203583813 0.14058778049912 0.073702491365563 -0.251886771613503
0.161298781070002 -0.0412013229964266 -0.0542719035405719 -0.205415954940143
0.0647116402921323 -0.136016134942513 -0.118647210319618 -0.115512070151932
-0.0337174296989366 -0.137810679487957 -0.150253547231015 -0.0476532832738893
-0.102918888595133 -0.078470183594287 -0.140127803542942 -0.00958504840457036
-0.115078974419178 -0.0485128093406754 -0.0907881526931159 -0.0260338333613201
-0.110677798384914 -0.0444078340716907 -0.070776700687828 -0.0806677384298835
-0.0969722132807077 -0.101952855336208 -0.0130259087669905 -0.144422638880706
-0.0238639624176274 -0.157461019723552 0.0857146305652051 -0.16311056197489
0.0814969521090046 -0.15596063730136 0.193682681951519 -0.0595139618379863
0.200036145994877 -0.00690537981681756 0.137559084795041 0.0692218333853506
0.127114716197948 0.167637702607415 -0.0333235197368758 0.0930754301194679
0.00979588310292121 0.209115996747013 -0.0587920276680116 -0.13403901526376
-0.0765614689131288 0.0653272160614423 0.0231971913943366 -0.339021991115316
-0.0329265347502283 0.115622480460197 0.103791368590023 -0.261505326134222
0.0523931515651784 0.0906380702656519 0.0877331367758803 -0.244807322592281
0.0855133567470344 -0.00699973349721095 -0.0179426194900728 -0.208106610209436
0.0390879783482283 -0.0663110849335272 -0.102837124620135 -0.151629851375481
-0.00906757803685379 -0.0754635923354496 -0.167819943724618 -0.082121190468068
-0.0556842536022375 -0.0499373805508588 -0.169246421506505 -0.0340096078559822
-0.0705956926461975 -0.0343457008195307 -0.123835319513637 -0.0424630859910493
-0.07044625794113 -0.0348226417916671 -0.102628147954912 -0.0982939285628678
-0.0606174735366136 -0.0729955992422596 -0.0396992713572403 -0.164406109668443
-0.00784152481998826 -0.10761303193561 0.0754818982933641 -0.189175364912444
0.0778196604929023 -0.0978838661567634 0.193468344370488 -0.0737397955256747
0.136678988568382 0.0334149816136007 0.138381184197801 0.0588649452299349
0.039835369431481 0.134281823218956 -0.0286126885336453 0.0738411541612955
-0.0493072437631529 0.112847142857046 -0.0392071683691824 -0.176039627217131
0.0729139096327037 -0.00453220916949402 0.0636235560400561 0.222188933007965
0.0042418906712324 -0.0696965917056871 0.102660066398112 -0.0760379077072434
-0.0528375981606424 -0.0335289200452748 -0.142481816362829 -0.103449913134629
-0.0388147499252625 0.0372422439627727 -0.234553383376464 0.0752207111974699
0.00554063787411702 0.0363112727982268 -0.103598883154548 0.238336458159761
0.0164732539803208 0.0202132362621873 0.0729228001880379 0.212774961464634
0.0249343045811626 0.0129485235821982 0.145440864812006 0.118381374180916
0.0126046127978295 0.00808550353456708 0.159589033122671 0.0557422226534854
0.00204870497456673 0.0164498455845808 0.182146827285597 0.0305458914554896
-0.0185360947113224 0.0111780624386999 0.187394080573737 0.0738033844871078
-0.0155401306140456 -0.00711239110684189 0.1415711873331 0.148190987979387
-0.0132609512342935 -0.0232527545443953 0.0374691643137908 0.202555920444392
0.037902169431058 -0.0420681113663284 -0.0689383143495959 0.256688287403205
0.0816661763531163 -0.00694246051547409 -0.120547189144078 0.285023098037815
0.0677205825521681 0.0684591609734366 -0.0326509003738731 0.366590672494023
0.0878688132282676 0.103050848657427 0.035854362670139 0.222735088410623
0.0819166800121803 -0.00445733474633677 0.107576701612239 -0.0705043042529355
0.0287244568840535 -0.040106818111876 -0.133243373984905 -0.12603958190797
-0.00484417431254666 -0.0290181292727555 -0.255380292639888 0.0509546193857215
-0.00373529612269212 -0.0328149754486869 -0.125938664406789 0.234570655442995
-0.0263182869249811 -0.0308264312150674 0.0540588676718939 0.219429793120964
-0.0327926891079617 -0.00786916074238076 0.132008594831715 0.129002916348399
-0.0440516029003862 -0.0121431291339234 0.151689126425531 0.057868090354477
-0.0548014613121233 -0.0124556124778553 0.173799078396355 0.0209654448464501
-0.0597382852297975 -0.0578714822337032 0.187966680122159 0.0446864254707431
-0.00337945693673293 -0.0935599164414946 0.16629698844868 0.115431964622233
0.0560216670210263 -0.0820302050797306 0.0859367223399844 0.183950569706122
0.139731572415474 -0.0118844612186391 -0.0240644707726196 0.249855458706196
0.148859207560475 0.10914749024759 -0.0897546104637393 0.265236670682756
0.0820360302483295 0.201495568389681 -0.0231242519582844 0.316965533995146
0.077033148392494 0.205694499073967 0.00869721486419166 0.180507762094686
0.145723028349872 0.0886544017289009 0.112891320302333 -0.084797878731801
0.12310584628315 -0.018572055058162 -0.112882604188093 -0.164031965640591
0.0533585135781899 -0.0908646631573002 -0.268067253699346 0.00308843900048247
7.92865107926226E-05 -0.107731990982086 -0.15319283042288 0.205015412181964
-0.0622659146111057 -0.0894986378154891 0.0174975727536247 0.205635659982909
-0.0868837929020245 -0.0350989570849901 0.0946046867771911 0.126331693752215
-0.0951644255700871 -0.0294131896533065 0.120808376642864 0.0512136921971375
-0.101652577736667 -0.0328830222292803 0.141729254385013 0.00223847528799564
-0.10131451471847 -0.104303361114181 0.168100516787766 -0.00174771989937609
-0.0147695015277113 -0.163351502228387 0.181969934660344 0.0529382076687085
0.087937014885909 -0.152111182599736 0.147238491428526 0.138629507142609
0.225698474886575 -0.026269380142629 0.0398195465626786 0.228427619847658
0.22186493351691 0.17541197035309 -0.0572498108930315 0.236936498881194
0.107908802357217 0.293480026066657 -0.0203331606080385 0.231841526837971
0.0421490334351242 0.283614084865915 -0.011526745592815 0.0936469221290615
0.17672741751423 0.191694759806122 0.113927170120018 -0.117544743561968
0.208000834610117 0.0327671082317089 -0.0767476231558534 -0.209405993703356
0.1271230679231 -0.129538375845116 -0.254355873931476 -0.0637876217643581
0.0180564876030565 -0.173452920441962 -0.174405970883719 0.14162400270233
-0.0835117027146574 -0.144324270860311 -0.0308612696849189 0.1645596404973
-0.128396919065157 -0.0614198829045524 0.0382928133572414 0.108431143310928
-0.132943725180802 -0.042060304004706 0.0727374371355968 0.0371834104419814
-0.133576253207152 -0.0421332132284547 0.0930970863964366 -0.018811071056553
-0.131585692049402 -0.126114381776749 0.126962716966904 -0.0524112382679777
-0.0373654383353482 -0.204039812442395 0.172040625800155 -0.0218536438868258
0.0868634640214453 -0.208239596696495 0.190297583326 0.0720583322464343
0.272341882889316 -0.0597717322355359 0.0975130682057665 0.185667979857619
0.268797564038231 0.193408855401802 -0.0359612570558486 0.201083103945984
0.126957274796612 0.334833519980231 -0.0315275947601541 0.130357294348444
-0.00370801014612635 0.312611557490881 -0.0181579445581279 -0.0273399756298964
0.159962634788404 0.268556515327104 0.11154595602772 -0.165491467659931
0.247699812853717 0.0980628998856016 -0.0258819823242682 -0.244553587029594
0.187798671478418 -0.128539629517288 -0.204453320707624 -0.134573073992634
0.0445635185087676 -0.206028690318257 -0.174799641470008 0.0509990919273329
-0.0835977820746669 -0.178019845333039 -0.0824575990734657 0.0989410125589863
-0.14826262338609 -0.0810067232941348 -0.0279372651237468 0.0753702693921318
-0.152025483263919 -0.0481694569963828 0.0145455057443592 0.0177567588164358
-0.145798792150141 -0.0438190169105446 0.0342563219191099 -0.0406053155406854
-0.142873000524336 -0.127492331026329 0.074765933408423 -0.0935092984389336
-0.0517866109471025 -0.212250350571648 0.142192539648702 -0.087511821411608
0.074587913616895 -0.227257866766541 0.204592559150009 0.00660782022349356
0.274668471963821 -0.0771673245244626 0.130181287023911 0.133745358605443
0.267009794549642 0.187147677824372 -0.0289504222347345 0.161594728215099
0.118969645288054 0.327583729460454 -0.0499350300933412 0.027946315931417
-0.0443827101837759 0.28023850569273 -0.0103423661389722 -0.159026827378076
0.103860565782074 0.282958855034643 0.108973108553772 -0.215337505481309
0.221084889151003 0.140344306857072 0.0265563345640917 -0.26084852106593
0.201875675025914 -0.0940829179852134 -0.131421224841527 -0.184985418257688
0.0623346026833115 -0.192152974768162 -0.153756934247311 -0.0431119355373676
-0.0675201775726683 -0.175954435510805 -0.125119332936648 0.023960032029943
-0.139783955405686 -0.0856533127371619 -0.0908311758145312 0.0361555692273292
-0.146508544300503 -0.0484012038534665 -0.0433506156345345 -0.00245948754627991
-0.13848958769618 -0.0418508256946827 -0.0246536232075494 -0.0606771063842987
-0.131416756437036 -0.116484572938947 0.0213940392013813 -0.123708975906828
-0.0490039655552104 -0.193464348486378 0.106289349671801 -0.135862031233821
0.071135194167638 -0.205999576853559 0.200782633274213 -0.0425553088829736
0.247286459321481 -0.0588591204861687 0.140875461588409 0.0911262037120543
0.216349106372697 0.177297721158043 -0.0301073961274384 0.126264987160073
0.079484629348337 0.283693215593097 -0.0649445634016826 -0.0622538904384944
-0.0677333376230793 0.1927200797501 0.00301122843549741 -0.272515171979415
0.0340405102452175 0.224819534977223 0.105260497129707 -0.252368885030721
0.147434669100591 0.135191458760946 0.0654667493140594 -0.258759828088049
0.160248294572154 -0.0501362567083998 -0.0633586302430772 -0.206112715536478
0.0569977185474983 -0.14110308119541 -0.12557627580261 -0.114159652819859
-0.0424901592689192 -0.138043216643571 -0.155233055641702 -0.0386911732412295
-0.108001170573405 -0.0726532754368164 -0.140968851067592 0.00118305131412175
-0.118960918277374 -0.0417452423211407 -0.0931180440029117 -0.021100122312165
-0.113022801204319 -0.0381520401743721 -0.0745353260073879 -0.0785321726673918
-0.103129340695975 -0.0974529374718799 -0.0204702062752101 -0.146214334028157
-0.0328406086436816 -0.157484716178626 0.080223854226537 -0.169534058039267
0.0738330653762495 -0.160926894901868 0.193257164438837 -0.0715155835044996
0.200708117377424 -0.017773211346216 0.141135498744313 0.0643887807685411
0.136766023556542 0.163716675929621 -0.0299058831662137 0.0971073978321975
0.0178278035412791 0.211567310639127 -0.0651282936019222 -0.130580766325253
-0.074661844636488 0.0709449699677253 0.0088041996115639 -0.344515318827115
-0.0273220812234427 0.118117312581087 0.0932750841460929 -0.267698220126331
0.0578387487717598 0.0881259803731622 0.0789584841452732 -0.252339947658356
0.0852049237366159 -0.0116261788723149 -0.0253218277525382 -0.211845286004861
0.0350012814583802 -0.0697408542659261 -0.11192924046935 -0.15129565824269
-0.0138435787451311 -0.0757185471995612 -0.174800416556531 -0.0729803892798622
-0.058733597530709 -0.0468735126787607 -0.171927767771209 -0.0222546493698398
-0.0734762461457014 -0.0302632414910574 -0.127094217825605 -0.0351776495870024
-0.0730951421450195 -0.030757667223628 -0.108576629553521 -0.0943031964930521
-0.0651702718050493 -0.0701581364767288 -0.0478615896529623 -0.164710623644584
-0.0132082148390497 -0.10755768530436 0.0677360983419956 -0.194065869929779
0.0733756927280985 -0.101269138613181 0.192389759156529 -0.0850672715507471
0.139869935472642 0.0264815777111426 0.141018357361152 0.0539652901814047
0.0462142282608394 0.134141437078032 -0.0258237123896711 0.0772352234736126
-0.0451860967241575 0.116810367050067 -0.0478564374612135 -0.174221015123019
0.0719426286554449 -0.0086190063931698 0.0770470560307949 0.214656488620704
6.03619422742837E-06 -0.0683711794071227 0.0971880274822795 -0.084049698082628
-0.0543554819590204 -0.02990754216031 -0.145876718196668 -0.0968940667898824
-0.0357233123043264 0.0393238367253712 -0.227427495313853 0.0862202905199125
0.00780997586714269 0.0363766845528549 -0.0886244827961654 0.243288403309594
0.0178104285313858 0.0191091302340741 0.0830734243588193 0.205438604280588
0.0247196091499121 0.0107536199327437 0.148677985123184 0.106742752590496
0.0122225334584138 0.00702033170451995 0.160357804232893 0.0445679027542999
0.00283366151593059 0.0156498164423533 0.182001776111376 0.017684096355985
-0.0175061071857961 0.0123750043513279 0.190582889959226 0.0611088128308993
-0.0159028625329373 -0.00625019148180783 0.149153746837772 0.139077072335233
-0.0142472698741041 -0.0219548360683359 0.044713399138156 0.199551439163903
0.0348846001631442 -0.0445598195588645 -0.0558428390058051 0.259091042002109
0.0789263326667671 -0.0106479082098232 -0.106534809978608 0.286087621108578
0.0711293692549627 0.0662937032065007 -0.015342738121138 0.362220296185545
0.0927400615429438 0.0979418357765968 0.0484368304470507 0.218219069059259
0.0799837311953109 -0.00861381125411439 0.103933662030093 -0.0785188349211226
0.0265122556401605 -0.0408051782137999 -0.136435615052511 -0.119471391433091
-0.00680024952151065 -0.0277709472549325 -0.249406350507568 0.063534977584529
-0.0053996826041529 -0.0315824092052467 -0.111652771338316 0.240302884431266
-0.0278223137278142 -0.0281868420064876 0.0653987783241556 0.213810476615851
-0.032713366587495 -0.00627995774193038 0.137693718387972 0.118358929941222
-0.0442398528020884 -0.00910036513304736 0.152241815829314 0.0468105666607333
-0.0541023335460102 -0.00927312494121741 0.172662740274715 0.00789484131021142
-0.0626958274411802 -0.0529027853520017 0.189073025141466 0.0323292436120357
-0.00918729780256833 -0.091440952064577 0.172618380308494 0.1051001536006
0.0507713385684028 -0.0832733876975879 0.0921579395005259 0.1782311901325
0.137422041878532 -0.0193654090513651 -0.0126260917269597 0.250133183884114
0.152077452059459 0.0999366638543574 -0.0762073455049318 0.265454671514585
0.0910254842213381 0.197260258843511 -0.00777117638524415 0.312664780906179
0.0869352180185425 0.20033702945992 0.0181758604956151 0.177467196656787
0.14810380892487 0.0795415492884139 0.107469808182801 -0.0924614589462649
0.120819407354429 -0.0244889411815619 -0.117810301232466 -0.159091724467193
0.0473161373412243 -0.0917127634501438 -0.264087217330039 0.0177767604549737
-0.00677179871914812 -0.10643767356098 -0.140075508594232 0.210976767161232
-0.0670763380718373 -0.0839799224560055 0.0282702075385135 0.202259787820446
-0.0869249427183749 -0.0289848293412868 0.101061184777301 0.118956756697633
-0.09570472250091 -0.0228938946903563 0.121416910562327 0.0427468890968119
-0.10139113008533 -0.0258296798302944 0.140416571642666 -0.00858626569645494
-0.106446688932124 -0.0964879332532816 0.165509655255564 -0.0132345362271758
-0.0245733535710254 -0.160040732398816 0.184395510599686 0.0414073455486352
0.0776567290540794 -0.15440008630872 0.151062065274175 0.129481182264426
0.221219301537319 -0.0383623166056004 0.0499616386092972 0.225343651727157
0.228057574357704 0.160896178456676 -0.0455977269967672 0.235728314330739
0.120811729431635 0.287377750685446 -0.00875884839673325 0.229168490063683
0.0564705432585376 0.279584323657768 -0.00639695556246879 0.0933235243105418
0.184622230536422 0.17939927812796 0.107111498084016 -0.123652336892094
0.207815729405101 0.0221174494127314 -0.0836730497023137 -0.20557395856499
0.118605244487658 -0.134067820645282 -0.254961930291042 -0.0503794209732958
0.00758511016702105 -0.172420920110354 -0.165237583814674 0.149084504430729
-0.0910720540841916 -0.136837099018191 -0.0224675157614774 0.165162210092512
-0.128826570623963 -0.0531831069360237 0.04457703111054 0.10515387816388
-0.132999654072206 -0.0329879910729665 0.0733584227190147 0.0319771639291007
-0.132728979199778 -0.0330713333460871 0.0904739829430284 -0.0268574299153689
-0.137987252883525 -0.116086844780496 0.1224295154144 -0.0606139078117888
-0.0493483707532489 -0.198987602382243 0.17103460891483 -0.0318439762119536
0.0730150306957701 -0.209061437627763 0.190786296919148 0.0610028215688051
0.265105142728795 -0.0757333375424449 0.103816365230422 0.180208318992838
0.275807816404538 0.17605514501928 -0.0271615492800309 0.199937681467053
0.140323950922602 0.326731842555965 -0.0241026274267718 0.130336476470422
0.0127071800823149 0.310651938443147 -0.0195526879242681 -0.0271050697524662
0.173035901500831 0.256611079593322 0.102346934339583 -0.169740609236708
0.250192173522028 0.0844571726403524 -0.0350480305709682 -0.242412418415867
0.178392624192769 -0.136372771358632 -0.209146440192167 -0.12346931695791
0.0320103511428814 -0.205153894692472 -0.170467249531639 0.0584426979494531
-0.0941953046544041 -0.170689080111318 -0.0768537396286622 0.102891818853875
-0.148794980947274 -0.0704411114644085 -0.0221689314534235 0.0774488017286606
-0.151797590391895 -0.0377781857788321 0.0151754226381663 0.0167612209490537
-0.144855751335155 -0.0342455019081593 0.0314474265246803 -0.0440877299640242
-0.1482625644676 -0.116932958566345 0.0675847537500107 -0.0979502478899517
-0.064353910939219 -0.205867527834566 0.137302189936515 -0.0950970330804026
0.0605162006584611 -0.226254786827083 0.201985923703409 -0.00588494781486528
0.266404416753174 -0.0920430115620397 0.133847544769368 0.128007375574844
0.274131107395425 0.170292338703672 -0.0219113977692864 0.16158123406076
0.132464624416326 0.31983513615489 -0.047676593775812 0.0306674887008466
-0.0290083570158545 0.280375437237706 -0.0182014088382612 -0.157506211861224
0.117586026238678 0.273245566141197 0.0972945902300734 -0.217571844655929
0.225952373937169 0.127299530042563 0.0156544267976524 -0.26078333537565
0.193286811297487 -0.103266817078817 -0.138171778707728 -0.177136604953892
0.049005478179506 -0.193010432874713 -0.154133773390543 -0.0364541921602285
-0.0773910132978472 -0.16940983658281 -0.123093388442656 0.031335782847823
-0.141743419350924 -0.07552226197558 -0.0859426145491751 0.0429516603757547
-0.147273109384323 -0.0377719732257557 -0.043078397070522 0.000150503059411249
-0.137381141509536 -0.0332803285995315 -0.0273215583371793 -0.0594382679712482
-0.135807171045864 -0.10703128926891 0.0135734790257407 -0.1241559087629
-0.0597560535401695 -0.187869235566816 0.0996264082860332 -0.140730468299718
0.0580356301522222 -0.205686537307577 0.195772282699289 -0.0538066933067248
0.240918855579104 -0.0717548740685381 0.142065523964651 0.0842943917406923
0.223484746002025 0.16323594031417 -0.0240070132032664 0.127053923418184
0.0914419848864816 0.27731409954603 -0.0665975530447262 -0.0566396832892616
-0.0567804169130327 0.19512672537899 -0.0112596882828163 -0.270148457400301
0.0457002533532334 0.21955624754449 0.0914642161907709 -0.253553572529033
0.152503575130238 0.125427029676999 0.0536931526054442 -0.25987993860742
0.15454872742151 -0.0585540926913926 -0.0714316503871202 -0.202459644194696
0.0469365346251289 -0.142017081182498 -0.131279322296184 -0.108708750238175
-0.051287364991837 -0.134478552415845 -0.156957409191895 -0.0294872265456805
-0.109614764431427 -0.0650662037424852 -0.137909921893345 0.0116445873543367
-0.119746260603448 -0.0329009084940036 -0.0928638698178207 -0.0149365874699326
-0.112740467465371 -0.0306854788868045 -0.0768231714948647 -0.0742741274584112
-0.107398951800429 -0.0898961585271815 -0.0297442385875044 -0.143089996329839
-0.0410666371243238 -0.152870210143649 0.0711875559060479 -0.171692537275902
0.0637784487549855 -0.161166262241564 0.18702626351192 -0.081375038799349
0.197407187537442 -0.0285352147907944 0.14060488304607 0.0573363313518252
0.143783014733076 0.154650438123756 -0.0258514500643939 0.098051640316599
0.0278100815972317 0.209329503364929 -0.0703194353840492 -0.123854665661267
-0.070189054026057 0.0742345090935504 -0.00853730057990441 -0.341907455845218
-0.0208706528437756 0.118249985699613 0.0803371085363183 -0.266755099838276
0.0609461326350229 0.083598260267166 0.0667315120073151 -0.253786356576184
0.0828912706779952 -0.0167630842292933 -0.0348870034564534 -0.210314061381197
0.0296512026061831 -0.0701670412325013 -0.119070148058714 -0.145817544660332
-0.0188559390032713 -0.0746926664010724 -0.177569488166178 -0.0608860017796829
-0.0600481186884743 -0.0430608095300573 -0.169815421966439 -0.00958325408034086
-0.0740872317352644 -0.0246456065544429 -0.126361965594992 -0.0272142266060859
-0.0733598376071147 -0.0264769098698246 -0.111646384013535 -0.0868472088263614
-0.068468768496231 -0.0648211642490442 -0.0564822938552633 -0.159424930525159
-0.0185838266411129 -0.105828758148651 0.0576328513120579 -0.195613750958337
0.0661934410854222 -0.102975506712273 0.185747469840707 -0.0942959072553213
0.138943642680242 0.0184611960433923 0.140571266922339 0.0472108307960438
0.0526415605850338 0.131045050979501 -0.0222923013807381 0.0788400358009322
-0.039463568353778 0.118225514152245 -0.0555137573518769 -0.167697821390578
0.0699180631053594 -0.0109560013914296 0.0836003387135709 0.204867206682027
-0.00285437116194794 -0.0664712265663272 0.0909925569651964 -0.0887715274295838
-0.0538266749167706 -0.027505682124427 -0.144991688077691 -0.0909843132111474
-0.0327245709103083 0.0397667666199772 -0.217442382577664 0.0917943621839092
0.00953389964886192 0.0354724686417125 -0.0761644329407287 0.241233101616902
0.0179444315496682 0.0179258461820611 0.0891554462789296 0.196593288468587
0.0244953967145926 0.00885959797288184 0.146857076762247 0.0958684139513874
0.0122776343423838 0.00634254897579678 0.15747807439506 0.0359998559494568
0.0036121418192071 0.0148288749588216 0.176938773539274 0.00776410263667923
-0.0162047144842867 0.0130206707933315 0.189245436869589 0.0498916683496102
-0.0160150956368515 -0.00521464783295692 0.150808218438139 0.129742309249731
-0.0142832151610348 -0.0206393214489081 0.0481629119162141 0.195067474381547
0.0313943137997225 -0.045302856537467 -0.0459952417208227 0.255972177575526
0.075258441431423 -0.0128387778328624 -0.0945656521103514 0.280175901879342
0.0724186600501022 0.0634347745800643 -0.00414347921808575 0.352311913881235
0.093855530441252 0.091851033135565 0.0561449030093695 0.208889908178742
0.0776832767495941 -0.0115263141724952 0.0976212222606278 -0.0837840265811589
0.0241173019856152 -0.0408613928173264 -0.135864872954428 -0.113921289212108
-0.00760257260656319 -0.0261763270664342 -0.239675889846479 0.0710937940305199
-0.00659506417745385 -0.0302115174260381 -0.0988250921281418 0.238375640412395
-0.0278226145839773 -0.02592167920085 0.0714370473684648 0.204848797930566
-0.0318978685398413 -0.00520949905419658 0.137769627627693 0.108255541684195
-0.043549606873922 -0.00596121230164372 0.149606741603017 0.0378877346232794
-0.0526420437511788 -0.00665006768440914 0.167131720422461 -0.00163692502143369
-0.0630275141873479 -0.0480964545672146 0.186012336494816 0.0222553773794338
-0.0133284039335329 -0.0891637088529264 0.172932937087185 0.0949890525571779
0.0459882092660676 -0.0821266755874136 0.09381505551604 0.171445512921716
0.132045697351394 -0.0243306547792396 -0.00379786937264508 0.246066423799125
0.150509229476053 0.0913177302830596 -0.0665932063715039 0.259123345417557
0.0958520647619108 0.19062139027039 0.00240616660567806 0.30349709027092
0.0920919577508813 0.193664944306596 0.0243144224881686 0.171026160462183
0.147220871390932 0.071197763526456 0.101118463697847 -0.096449016780009
0.116621101868415 -0.028429184543555 -0.11876567017846 -0.15341354728823
0.0421041860797214 -0.090363607482003 -0.256072943977603 0.0260566096666552
-0.0113554475565807 -0.102310191496691 -0.127889305887876 0.210927695594036
-0.0690779107921569 -0.0777725546180269 0.0356890774741165 0.195718480398811
-0.0848931325631977 -0.0250159274286675 0.103029987076801 0.110414462350245
-0.0935009113311515 -0.0172819288836834 0.118944245311688 0.0356006496984324
-0.0983961215027807 -0.0206043980364068 0.135316512515604 -0.0161575101795029
-0.107711111067707 -0.0887300221144808 0.160984824343047 -0.021064081648814
-0.0313123590569729 -0.15493792881118 0.182532425630091 0.0324733993104768
0.0692384784017813 -0.151689824080064 0.149459201855052 0.12128817660637
0.213200390555142 -0.0463356036825046 0.0553843983704642 0.219699026830691
0.227683553142976 0.147789303983186 -0.0384345889771733 0.230244129641965
0.126640575456783 0.277572746296635 -0.0010490068182819 0.22323099392458
0.0652944763183497 0.271439113407575 -0.00354991991389182 0.0904132255327661
0.186431747072621 0.166477033580464 0.099830153304677 -0.126018406641564
0.20326935763384 0.0135352264157164 -0.0865530173018407 -0.199728105814568
0.109176421017709 -0.134072818982563 -0.249047977757668 -0.0406064096031839
-4.85401876859988E-05 -0.166381077684933 -0.15477477087305 0.150870314971601
-0.0948924761764261 -0.128755035114617 -0.0158594041606606 0.161962515196941
-0.126198547695679 -0.0459672149181249 0.0487503865580797 0.100229689052195
-0.130194413877859 -0.0253573258358834 0.0720277270812719 0.0270601949067705
-0.128843636006438 -0.0260899217389358 0.0866817660360489 -0.0319208400204513
-0.138557455226358 -0.106476725585383 0.116427026872125 -0.06440314878774
-0.0570638148751057 -0.191403853612505 0.166913106396785 -0.0390598595428373
0.0626490939717361 -0.204779192133949 0.186040630884513 0.0514801533122459
0.25408711440204 -0.0835830453918908 0.106170113325204 0.173600347640164
0.27573787691755 0.160376737766923 -0.021417340476002 0.195175454892676
0.146196961527806 0.315499978019314 -0.0186403984542495 0.127538068959591
0.0240741762398338 0.303031781255611 -0.0206119347953409 -0.0260004100473968
0.1787060874955 0.242415395889108 0.0936884664531393 -0.169491555883662
0.246994018825243 0.0726067855734869 -0.039943420401633 -0.237399033267189
0.167577034492211 -0.139585568901711 -0.206863365576194 -0.113004862729098
0.0218228999724816 -0.200181836439444 -0.164276919698632 0.0615259596713708
-0.0998631601681744 -0.160958112054209 -0.0714091126458239 0.104235202310826
-0.146160028615978 -0.0617337490761897 -0.0166096090599225 0.0771613286517119
-0.148035180833247 -0.0294475480708681 0.0151576597966159 0.0153224866760167
-0.139807737101252 -0.0264376968496455 0.0281095095605275 -0.046163318958866
-0.148765817389154 -0.107170561180333 0.0606564476462898 -0.0984760831951714
-0.072021845584984 -0.197450064167044 0.131535735530051 -0.0991749846318094
0.0490399096506583 -0.220683930969028 0.194684320011439 -0.0143753748661417
0.254766174929856 -0.100463644079178 0.133494263886008 0.121519273869798
0.273418449397263 0.154981035742419 -0.0178801410562771 0.158000240109523
0.138792657011792 0.308645185334438 -0.0449786139951549 0.0325310508982904
-0.0175895813811086 0.274994648394978 -0.0240820797795106 -0.152784634430574
0.124851530949236 0.260410909475823 0.0874108272970011 -0.214361332272998
0.224419243037725 0.11588754820138 0.0092877817557526 -0.255435915486605
0.183797402767421 -0.107761343994215 -0.139799633902568 -0.167705719511738
0.0395885640461372 -0.18879834204922 -0.152022746783421 -0.0313193389526146
-0.0841000423782664 -0.161446154472506 -0.119332021937222 0.0366054448851684
-0.139278717164721 -0.0677380688006979 -0.0799313458053412 0.0466640294932279
-0.143610094093911 -0.0296213361419124 -0.0417558260460098 0.00236744844050854
-0.132877261231081 -0.0262219179160051 -0.0293289903711507 -0.0583779585819963
-0.136292455896778 -0.0979381931761157 0.00779038012535265 -0.1212156450252
-0.0660499168035618 -0.179895046859266 0.0928673595424163 -0.141737599365117
0.0471859674598874 -0.200905082057312 0.18719221277494 -0.0612185281197913
0.230062626561477 -0.079405070850974 0.139363493135974 0.079038866196838
0.222968452492088 0.150454324612092 -0.0209608732834852 0.125654210107797
0.0968747106352999 0.26801987097929 -0.0665511025670685 -0.0510484604860636
-0.0481038230796615 0.193058577497016 -0.0209116657838344 -0.261910862465679
0.0528307311885598 0.211276174176505 0.0813685093308269 -0.247456117709339
0.152376630903559 0.116368339134834 0.0447562787928083 -0.256269449325814
0.147016802953686 -0.0626637909221772 -0.0754139695188844 -0.196257648039031
0.0392700308425819 -0.13958613777627 -0.132799052886845 -0.103605403536276
-0.0566808351510845 -0.127520574191827 -0.154251012916275 -0.0212072016631746
-0.108731284531227 -0.0589954581780321 -0.132010447157165 0.0182246883976902
-0.11650459153442 -0.0261285353305507 -0.0901850599501545 -0.0102467805340722
-0.109420484259187 -0.0253201244238697 -0.0780266649532884 -0.0697022966383727
-0.107795727301718 -0.0822014392978156 -0.0344289221293351 -0.137823260528481
-0.0467731078477587 -0.146910613923712 0.064398140290408 -0.171374236820213
0.0550707313803793 -0.157532183704939 0.178529148024143 -0.0880829986482658
0.189722893618636 -0.0359859873782639 0.137339267896516 0.0529301403497657
0.145366773974541 0.145404648875491 -0.0224166397292697 0.0976036013429956
0.0334219730762186 0.202948433899978 -0.0723207857604517 -0.116578348732659
-0.0655147846690247 0.0750697244515235 -0.0205193089057204 -0.331851523081361
-0.0159411467663521 0.115399486040054 0.070258184775993 -0.259818066078649
0.062138297803804 0.0783029480595268 0.0580748970227348 -0.249453302088386
0.0785297604487973 -0.0195460725061436 -0.0396125716151555 -0.204565580378175
0.024852467329516 -0.0684724446355395 -0.122085427709475 -0.140149617302222
-0.0222456810793616 -0.071976721536458 -0.175952445057994 -0.0516497477610452
-0.0595457257228867 -0.0393321320387253 -0.163787146100093 -0.000515701160574383
-0.0724678598859913 -0.0198051959459101 -0.122988039516782 -0.0208578339705656
-0.072030794203029 -0.0222151749046547 -0.111636604984883 -0.0802347309540913
-0.0692156031522774 -0.060469937627392 -0.0610402532391075 -0.152982325309297
-0.0222305090346101 -0.101569386950956 0.0496930967455755 -0.193190479874974
0.0602025657370505 -0.102615736915169 0.176995059439635 -0.0996481113259298
0.13566920049755 0.0122589918926453 0.137816166803273 0.0419316342560908
0.055977264112947 0.126053958327898 -0.0193079127301681 0.0790425216098402
-0.0347791099550634 0.11638926676688 -0.0602450147444774 -0.158440208067512
0.0685870383881172 0.0216865951527925 -0.00962972755967812 0.208755388702895
0.0253285270467921 -0.0590771657881325 0.114115847829753 -0.045674158188264
-0.0368605588197245 -0.047209746339996 -0.0947359723151675 -0.13935472728333
-0.0442633241948817 0.0214491756894522 -0.231952630755861 -0.00242836215035182
-0.00442247605323008 0.0335106854948906 -0.16447883344547 0.184651343644557
0.00874425145838617 0.0222678064587196 0.000351540810827887 0.209623237198671
0.0174099937585806 0.0163644473813426 0.0914291495502835 0.142919243934042
0.00871546932712062 0.0101203637394521 0.125026255698536 0.0932537433031452
-0.00156214446035503 0.014023719755795 0.15342140291371 0.0757247830216264
-0.0180357640227381 0.00409177760690587 0.150722380795449 0.119608310667034
-0.00959081444172601 -0.011737408353899 0.0808858433941685 0.17552134852973
-0.00230957104189208 -0.0230779387203977 -0.0397295497492267 0.194915451070977
0.048234903891795 -0.0271682833296905 -0.143950906908857 0.208934921647574
0.0736436557443441 0.0208951052403306 -0.194836096271655 0.213277506927262
0.0450566704815969 0.0903804537957606 -0.152288795685407 0.31491897283489
0.0440178545734348 0.126048902031798 -0.0259450359115001 0.196675792813489
0.0725083782031518 0.0231512133110937 0.12178280489033 -0.0426584085244991
0.0380076145790279 -0.0259049154300704 -0.0759606760103151 -0.162061036015715
0.00501082849567198 -0.0250382462037031 -0.246124569102717 -0.0329773909582209
0.00814986352194946 -0.0301197061999119 -0.186892885753775 0.173277508171897
-0.0145786181120613 -0.0343358703446526 -0.0205195413926985 0.2109844509791
-0.0253749278653331 -0.0180872485460493 0.0783122752662175 0.150503225625596
-0.0364877491401373 -0.0226803180804598 0.117401563369329 0.0916301284471533
-0.0426125977196141 -0.0272274664729436 0.148398260642831 0.0619419999366413
-0.0378412451188212 -0.0682999730405299 0.159684381113979 0.0922683739022805
0.0233247039755536 -0.0865332477220049 0.11602835676147 0.152769230846624
0.0750462905213384 -0.0558830320571488 0.0115924916238484 0.191836041611523
0.132613056282419 0.0285606659455294 -0.102722769700512 0.219193286016563
0.10342777524515 0.142201370477016 -0.164917416563447 0.211421887542785
0.0185392511907043 0.215404297702662 -0.132096521545169 0.271916963716768
-0.00245631575583648 0.217562102068673 -0.0283152432218833 0.148749163247489
0.0982635008573847 0.125067513694281 0.135456069631786 -0.055024101947588
0.115374386511497 0.0240557236028311 -0.0417693461310786 -0.196697318255015
0.0748241591795421 -0.0596775505263414 -0.245980938052388 -0.0838153523400717
0.0340269020454441 -0.0957291657169239 -0.205695768374172 0.135300546730968
-0.0294596658693896 -0.0962916311166632 -0.0520278127726765 0.188223097275574
-0.0638844345685789 -0.0559243376268572 0.0470734819423636 0.139835728849257
-0.0762194425737939 -0.0519972568235021 0.0921079157111553 0.0774776284436557
-0.0784524207033215 -0.0568116488077458 0.126759277198363 0.0346854189764709
-0.0630312924752426 -0.120893321099141 0.154700201361865 0.0418633214268507
0.031215856780271 -0.153037072268902 0.150605222426143 0.10038973720437
0.121869086318008 -0.109837723862813 0.0838898428281069 0.168659025176436
0.215344095640312 0.0380486898725025 -0.0387773134863476 0.220633880968789
0.15270912270268 0.21975333873739 -0.130409693447533 0.201135088424661
0.0148146631609547 0.304732702906859 -0.107084022543978 0.199122520834764
-0.0623010823757908 0.276975350916455 -0.0121779520170239 0.0661120382159243
0.0916758662359571 0.225431337732523 0.151596666322421 -0.0821732221899645
0.174707063525094 0.0970837402668098 0.0103054040617605 -0.229260940262137
0.15212917046437 -0.0700405942965651 -0.214046396034505 -0.146057157520496
0.0698040742718789 -0.147305077909452 -0.207045695835281 0.0685862329075766
-0.0326199351609924 -0.151161599627486 -0.0861347035213905 0.137297844160395
-0.091819091232341 -0.0903499906346971 0.0018387193723702 0.109685407602465
-0.105776019538344 -0.0731140346164998 0.0534153505863916 0.0524493440852239
-0.103125556313839 -0.0730027538245262 0.0896168621789927 0.00110208400784915
-0.084275705398067 -0.148374702978061 0.131480578721296 -0.0156593202119946
0.0212306869665056 -0.195752521045356 0.16553883727806 0.0300237416753897
0.135232094773076 -0.160274077854659 0.146235333835181 0.119851351281897
0.267042708456866 0.0175076949376231 0.0258751619740876 0.201171022095384
0.191855796232548 0.247372682795081 -0.102381617978741 0.179824384302694
0.0187191149563735 0.345202036799203 -0.0862487440365642 0.107647128397905
-0.113683682008025 0.287600863389385 0.0240955650123433 -0.0405085945703383
0.0527697142715443 0.288021974741762 0.16778759931711 -0.121771812354276
0.188232935125871 0.167867868527893 0.0721961905234038 -0.246427666341522
0.204420043856498 -0.0499249840956455 -0.145692756430121 -0.198757424502517
0.10316722318732 -0.167069102228809 -0.181031114640729 -0.0170969922019528
-0.023374437097019 -0.181940573804155 -0.113929071802143 0.0629729951977748
-0.102730427882864 -0.112082072862525 -0.0474893998425401 0.0635398088709203
-0.120808232711357 -0.0833806276256305 0.00711193745500852 0.019934002187115
-0.113193297320463 -0.0782321113473756 0.0437967343055972 -0.0342065064045268
-0.0923727423668863 -0.151798355113563 0.0950707948319526 -0.0672275344728755
0.00935262844318784 -0.205952101330149 0.15835910081323 -0.0374296255474754
0.1288858698596 -0.179180938480082 0.181399697297724 0.0637628943705536
0.273624320857985 0.00179909193097351 0.0707793704200369 0.165932130160577
0.191054104389144 0.241352175695445 -0.0839731684315941 0.14921241994594
0.0120690720413104 0.334945908287016 -0.0708839524335856 0.0120809008504733
-0.139773100705974 0.242377495893771 0.0706065702655448 -0.149991555018922
-0.00271496626752877 0.281880914509836 0.18150373910398 -0.160289669259751
0.150676631964215 0.196304961234831 0.125647254143964 -0.239878582025728
0.204845813419774 -0.0155681392728521 -0.0602958071422279 -0.222807878650812
0.113357556244831 -0.14889090229942 -0.132018701054251 -0.0969602314152903
-0.0098927723300505 -0.175815427509302 -0.12909029729138 -0.0172831930826074
-0.0940951118997077 -0.11433154570859 -0.091679080388709 0.0108044536915932
-0.116251193019997 -0.0812690818818814 -0.0383696081047103 -0.0143059890102903
-0.107686718946251 -0.0745312728960514 -0.00330081062941098 -0.0675231191336649
-0.0852055215111966 -0.139057288056978 0.056256585350099 -0.109326123961739
0.00746897492801681 -0.188471432497359 0.14115307681081 -0.0901149469086078
0.11996015276077 -0.16320047678513 0.194113190972165 0.0199470854911677
0.242308022123113 0.0112231632566686 0.092357425302453 0.130400397046048
0.14687563754901 0.218751594116549 -0.0744497276811564 0.11653977973411
-0.0108298683266486 0.280773846006416 -0.0533140269944736 -0.0717667992467397
-0.129905621912337 0.154010801518428 0.109896734289439 -0.241682317578801
-0.0452942030152316 0.207098987173642 0.186241951184122 -0.187779947082411
0.0856675778372195 0.166142365901504 0.157694399671033 -0.220610194503362
0.153560455249074 0.00865605748960551 0.0123491065136817 -0.218941808957996
0.0922073473495842 -0.104300460655979 -0.0817380644087805 -0.152273341299143
0.00144206886613146 -0.135407948017037 -0.13498042119837 -0.0826876469730489
-0.0714797197022991 -0.0942983980814602 -0.126517708668338 -0.0347447498591648
-0.0941536339613406 -0.0684932111406535 -0.0767030350321841 -0.0439591351940739
-0.0880457045641446 -0.064486347943412 -0.0418712837240191 -0.0952827397350291
-0.066216148590437 -0.115171403602935 0.0257031723420244 -0.139288581961974
0.0121081101096782 -0.151354355005844 0.12782194947272 -0.126956490481188
0.109623754143958 -0.121487510051058 0.196489028657251 -0.00735475156591707
0.188538966434696 0.0360899930940837 0.0998808207530878 0.106613001223794
0.0784091834852277 0.185534525056385 -0.0650174453624568 0.0882564888686576
-0.0458213061664636 0.197024851432774 -0.0281319129654735 -0.134272260501569
-0.093200638766908 0.0391861637793628 0.126637598728448 -0.29929970080888
-0.064536783278208 0.0944489472504779 0.176640704691131 -0.199206244797199
0.0213151209150826 0.0945299250680775 0.162480969854299 -0.203164366450918
0.0753253833608449 0.0164448225228116 0.049878267264999 -0.208006517641435
0.0506863809693024 -0.0478156456424044 -0.0550905261298659 -0.17896567257842
0.00942609696503173 -0.0722820068861232 -0.139405692871195 -0.117041492902667
-0.0364403582734622 -0.0584767586616777 -0.146613531387268 -0.065126361034176
-0.0570781257433573 -0.0455467603288358 -0.101000622856704 -0.0662919990203473
-0.0564851235797708 -0.0477026229355219 -0.067374115590528 -0.116508345513024
-0.0408072693456687 -0.0801873938580348 0.00840058262538765 -0.161744492214449
0.0165782822220874 -0.100907887737964 0.123271961689924 -0.151977053080136
0.0931045006604578 -0.0707963660806017 0.199504768733492 -0.0166983570287563
0.121100358131915 0.0602295456921462 0.103459641055276 0.0967143622021234
0.00449532525430462 0.136112590328492 -0.0545436184731042 0.0687540706222913
-0.0759159293881528 0.0917166319273717 0.0050467676010743 -0.168399434276096
0.0687884253321462 0.0206937608967112 -0.005429835742063 0.206443029527923
0.0240775002622155 -0.0591850842826988 0.111540574280323 -0.0503432335649905
-0.0375517960981589 -0.0464241289358287 -0.0960282468941736 -0.138612664234091
-0.0431413553464266 0.0226183151404737 -0.2292598213777 0.000867423243480982
-0.00342223016945246 0.03365177045646 -0.159809072172121 0.187951545786151
0.00887635813198074 0.0215742175195838 0.00485636097236212 0.207704248944498
0.0168331932908262 0.0153463117969851 0.092061406952551 0.137649185779254
0.0089453133595355 0.00976323314551264 0.125626218115997 0.088510527922282
-0.00133034917199981 0.0134657422668798 0.153555205351783 0.0692446254333621
-0.0171792222553234 0.00484431090902254 0.153157777523957 0.114011961554203
-0.0102343386215059 -0.011716909018457 0.0843063989822525 0.173877427155497
-0.00225397334278408 -0.0222424860026023 -0.0393489358118741 0.19582347262749
0.0467753788469405 -0.0283272864971573 -0.140155629289258 0.210585147363035
0.0725027094348857 0.0195717049753419 -0.191978236243618 0.212277584156829
0.0470082926973539 0.0906826077844735 -0.147886222702477 0.314879387546181
0.0466713090022873 0.125681154933648 -0.0221660992776979 0.195317245778483
0.0726476553955764 0.021181503698579 0.119786532755079 -0.0471422549803185
0.0373031389717415 -0.0268151734832452 -0.0770312370920898 -0.162114831175791
0.00411097073237492 -0.0244175133734315 -0.244644177120078 -0.0291996254151478
0.00741888846216867 -0.029885101286599 -0.181945181486634 0.175973715865998
-0.0149098946512354 -0.0333345703477039 -0.0158308714780976 0.209167630646927
-0.0254980784418909 -0.0179255049085029 0.0803371814678319 0.145838279765122
-0.0363643853817071 -0.021687019674737 0.117975178035993 0.0878010370528152
-0.0428203363927199 -0.0258319664314346 0.149246978716819 0.0562890679783998
-0.0391894569336978 -0.0667223231430406 0.161225502451194 0.0863712910892121
0.0210156017977573 -0.0870933633556388 0.118970549045978 0.149822512614881
0.0735016357515684 -0.0554976168016813 0.0122151385067892 0.191611045839577
0.131552422294839 0.0261712059202615 -0.099917199747269 0.22003892611024
0.104573368661836 0.140069172886855 -0.162428825794548 0.209880413498842
0.0218662611777285 0.216074827659495 -0.129510283582437 0.271161728612696
0.00169374994709409 0.217472493689806 -0.0261093192337513 0.147361017383359
0.0998149339178404 0.121709583169326 0.133508461754412 -0.0591045397544655
0.114961838489785 0.0217794411752702 -0.0425630204386335 -0.19752050251863
0.0732719300510092 -0.0597359914372448 -0.244350013688793 -0.0798017973439683
0.0311505379109176 -0.0954900324125977 -0.200785315943837 0.138412880008267
-0.031911671560712 -0.0946300308090413 -0.0475440835096072 0.188098803834344
-0.0640914533479356 -0.0545178057564481 0.0495194041996337 0.136516752686135
-0.0766105536995834 -0.048886452886848 0.0926636611420974 0.074034809346237
-0.0780898535889121 -0.054740815383184 0.126011254827368 0.0297372812622122
-0.0653363904288201 -0.118428500904208 0.154742237785658 0.0368141014096241
0.0271286898786702 -0.152698594127991 0.152806923868445 0.0958285268985993
0.118671495544399 -0.11041735205838 0.0837115101805131 0.165942426409196
0.213990755427596 0.0329835214118714 -0.0373367253631352 0.221223186809515
0.155362537154331 0.216596956769503 -0.12795085835561 0.200293786108244
0.0183168229864977 0.30562775937962 -0.103978585815486 0.198819874572717
-0.0559794995323287 0.278044872656351 -0.0116809975164094 0.0655120039139848
0.0954649768736182 0.221439903806663 0.149505627706924 -0.0849132004425271
0.175743071026575 0.093488976513547 0.00977047830961196 -0.231462250119752
0.149272947264065 -0.0717484555294091 -0.214282174943023 -0.142075691310194
0.066161743951613 -0.147443916563331 -0.203885224777278 0.071596045497945
-0.0366596450929161 -0.148872017759627 -0.0831055072302283 0.138600289307965
-0.0919460965170659 -0.0878728262005204 0.0049127494165877 0.108476079883233
-0.106304913398785 -0.069328445950083 0.0533045246203776 0.050916298205381
-0.102546295786564 -0.0701107486680511 0.088341830833877 -0.00321839960586748
-0.087660320638525 -0.144655576388697 0.130763162816641 -0.0190799998363754
0.0157451616823257 -0.194989524593002 0.166701887186705 0.025743533797614
0.130669363059778 -0.160282094716149 0.145195721334178 0.116206175539097
0.26498992870511 0.0116710303367659 0.02627951827445 0.200862503127751
0.194255944529415 0.242494093737317 -0.100939319478046 0.179654610484519
0.0226038663061399 0.345151945408071 -0.0843618125622942 0.107758865638667
-0.107880796290493 0.28836458047134 0.0221857144558272 -0.0412867765342106
0.0568928125234824 0.283733532999098 0.165138407139643 -0.123192222419194
0.190111325240327 0.163317063020218 0.0705979471803131 -0.247804058070259
0.201561223755963 -0.0525505607196043 -0.146672368749758 -0.195877720039057
0.0984071314922121 -0.167903214262264 -0.179425591885998 -0.0151894855166157
-0.0286295506204133 -0.178945258508463 -0.112297334582181 0.0655782150013866
-0.103365154118289 -0.109189702605128 -0.0446776543794067 0.0643014284662971
-0.120930751528334 -0.0793787697453196 0.00711496943331136 0.0195971125141521
-0.112609040836679 -0.0746027547578443 0.0414039961195287 -0.0367194811628181
-0.0960094127276374 -0.148340267830831 0.0931026709327078 -0.0697508680976295
0.00410870303430645 -0.204739541761479 0.158032494701074 -0.0415270270211459
0.12411655674087 -0.179700684745652 0.180330288504886 0.0596646497623122
0.270937983883982 -0.00405549354445245 0.070249383736866 0.164498064869806
0.194337393973695 0.2366213606837 -0.083947308966743 0.14919995368862
0.0160209584648453 0.333263878106652 -0.0704927124535354 0.0134319506587871
-0.135086063920001 0.244430496756203 0.0669490674841736 -0.149801481867421
0.00216164381613643 0.278529253892553 0.17795265011943 -0.16036128742004
0.152499921001865 0.192050753819146 0.123907360061751 -0.241273080510335
0.202647871051686 -0.0188714847186955 -0.0613308372122294 -0.220671481021166
0.109008253819475 -0.149722549580366 -0.132112785293322 -0.0963409896831064
-0.0146801686611375 -0.173973273809071 -0.129068920591485 -0.0137752159222551
-0.0957767445976986 -0.111714755209352 -0.0906621197666455 0.013908523786103
-0.116611879322323 -0.0769271112404513 -0.0381610612715036 -0.0123994668520611
-0.106845121970477 -0.0718649881920202 -0.00458764445790223 -0.0677121214956721
-0.0880691134487078 -0.135886918016059 0.0545872420281231 -0.10914262259956
0.00276229030629201 -0.187057055618294 0.1408037926004 -0.0942629027797961
0.115159077243563 -0.16262119002303 0.191559541850364 0.0154369112885108
0.240479265275226 0.00554376025425776 0.0913522596608268 0.129656771971555
0.150190999410951 0.216003597410324 -0.0743364165118434 0.117637975204446
-0.00773032242225874 0.281513174152129 -0.0545737636435989 -0.0693384534412301
-0.126680322366401 0.155831018898016 0.106118904602162 -0.241073880389321
-0.0413398050468513 0.206158238803899 0.183317984336001 -0.186434133938478
0.0879073107376883 0.163700028643305 0.155083989321075 -0.221800753072231
0.151689630107093 0.00567769540206477 0.0106093551553206 -0.218319942813017
0.0891149050361788 -0.105168832453298 -0.083840763453698 -0.152336030237451
-0.00247152753680629 -0.133662487988993 -0.137050666018395 -0.0781917248243579
-0.0722741240126864 -0.0921681617173516 -0.125146527140245 -0.0305806771808136
-0.093905069802961 -0.0644008739861325 -0.0764301459907408 -0.0415445931372339
-0.0879163329501606 -0.0620419021371043 -0.0429735267555675 -0.0941565604831563
-0.0683622438703212 -0.111976002328421 0.0230479913687304 -0.138811336243579
0.00884815818251139 -0.149252149694626 0.125925962226952 -0.129462410735818
0.105975790097474 -0.121828342381121 0.194573703764875 -0.0107998505239114
0.187408890577542 0.0317233784076834 0.099043891286109 0.10581234912202
0.0809943761998235 0.183569892175737 -0.0652337651686838 0.0900684239625107
-0.0439903967112616 0.197353561864797 -0.0296669287446412 -0.131814796125398
-0.0911898886689734 0.0408312184025626 0.122054315448142 -0.297965213105864
-0.0622124719169117 0.0944279977441414 0.173628306276098 -0.197702265786377
0.0221044072538143 0.0935028014145073 0.159693618796765 -0.203602675940516
0.0742003520988325 0.0147916237562884 0.0486451371935317 -0.208327753955967
0.0489869728021708 -0.0476763769528382 -0.0577295190570292 -0.180081435768743
0.00682263739418209 -0.0721551522854511 -0.140933034077729 -0.113242007686859
-0.0379136910733547 -0.0575407759045869 -0.146322894845051 -0.0598976612716664
-0.0574452921368419 -0.0428589641798003 -0.101472706138674 -0.0632575127703157
-0.0568868958010832 -0.0459541533364496 -0.068628760569126 -0.114019690509746
-0.0425809770641424 -0.0784875612920492 0.00560078251277189 -0.160810166371133
0.0140144594946155 -0.100430315047308 0.12110661783063 -0.153286654428246
0.0909410224267783 -0.0711095852419961 0.197367595531817 -0.0209032790891584
0.120207770465868 0.0567098794149713 0.102485574125887 0.0957968271528134
0.00691943081352138 0.13616886953176 -0.0538461713256383 0.070629238635182
-0.074835537417302 0.0932405142942544 0.00203037238212895 -0.1660295368152
0.0701070076614914 0.0185140416334154 0.00150601737503354 0.206294689963786
0.0221305786326338 -0.0598705393975893 0.109333641319406 -0.0557606491366279
-0.0396071613810706 -0.0459089979801467 -0.0997510080313713 -0.13724490112827
-0.0423064483266537 0.0244758167818776 -0.22912275084618 0.00659945738032059
-0.00168854043129646 0.0336662217734323 -0.152594933850902 0.19393689527858
0.00967943520243888 0.0212364745057556 0.0114988327780642 0.2070409692771
0.0170227398124774 0.0145018867993648 0.0948238079590361 0.133732448504525
0.00905522405140512 0.00882753109905083 0.128782571576595 0.0827454679910977
-0.000562767050643336 0.0127973393553046 0.156478880923091 0.0627130024607343
-0.0172872663999908 0.00552633358174101 0.158866072260284 0.107846566729154
-0.010523676984788 -0.0116354864104502 0.0903418488239451 0.172400386926792
-0.00271154877473875 -0.021796408398134 -0.035472807849929 0.200267051132081
0.045079008338626 -0.0299796950263607 -0.135042395527239 0.216257710352503
0.0729394897569685 0.018492979484964 -0.187868768132265 0.215753871871179
0.050898879721697 0.0907340257673549 -0.141064804969131 0.318384748263357
0.0513800017288862 0.125150917320005 -0.0167197919933864 0.195750502693481
0.0734706511753807 0.0184826155641474 0.117215053315568 -0.0524478455383167
0.0363700747460144 -0.0289345440181581 -0.0814262319220704 -0.1624662585586
0.00340343004052561 -0.0240604595352068 -0.245176880499325 -0.0223981232234693
0.0063302981298313 -0.0303153689393721 -0.175571668256551 0.18241884909226
-0.016914014949528 -0.0328039310526615 -0.00874125849325958 0.210068819081708
-0.0269561876660538 -0.0170586706559287 0.0842334639062681 0.141203771889031
-0.0371557459473344 -0.0202142077971902 0.120921305450226 0.0828540590200716
-0.0430617990318216 -0.024625414856378 0.150591002989243 0.0485965086895691
-0.0417701214926579 -0.0648321580459052 0.165406770021888 0.0794516995198115
0.0175847898733491 -0.0881408317722707 0.125752656419678 0.146570816272545
0.0722488407373567 -0.057663116065931 0.016184063817093 0.193629291737768
0.132938024657047 0.021192431455625 -0.094995341326051 0.224593917310601
0.109270453844584 0.137140870766876 -0.158484865702908 0.212186227905753
0.0291765472632046 0.217697417371071 -0.122152461948629 0.275869122036917
0.00904200272465896 0.219265476450853 -0.0223719320967486 0.148781379159873
0.104308561079632 0.118443552368651 0.131060613290673 -0.0641431426294831
0.116694374592556 0.0174183996106918 -0.0471773389925482 -0.199141305620142
0.0712436247022229 -0.0616015587583212 -0.24678741323266 -0.0732417749966462
0.0273677892592253 -0.0965340348828568 -0.196053919331475 0.144045918420368
-0.0355712278611953 -0.0931274282844832 -0.0411202612027206 0.189820258463106
-0.0661917906625303 -0.0523920352512759 0.0545580040837755 0.133495508554016
-0.0781899319104107 -0.0463916341086185 0.0949648009604705 0.0707256021087349
-0.0791510748914843 -0.0523574622011608 0.126659137337564 0.0231139273086384
-0.0701955050799976 -0.115436862423491 0.157266685630399 0.0299127248268844
0.020592821067535 -0.154563070586385 0.158030724472032 0.0905212339879641
0.115331233203103 -0.113667142052895 0.0871021631565562 0.165120485295462
0.215533366587298 0.0257186527244373 -0.0325961586730339 0.224529421536297
0.162411341969071 0.212356074640733 -0.125537138985476 0.203960619089351
0.0273150933183662 0.308442443715544 -0.0993516689932585 0.202488408293266
-0.0470706019805083 0.281311106844461 -0.0107012033278233 0.0659443269169629
0.102732270707773 0.21750470002426 0.14743586994217 -0.0901694148747725
0.180012485355524 0.0883756678015173 0.0049626217890861 -0.234831237352414
0.146709169652791 -0.0761969875496239 -0.217863008913654 -0.136634485206641
0.0602300387854825 -0.150421173895238 -0.201959455525129 0.076690764123915
-0.0428664399813906 -0.147342048845515 -0.078230630667637 0.141557390782158
-0.0948861983169943 -0.0850751513399329 0.00948749175647109 0.10767229539647
-0.108258241988661 -0.0649130670761163 0.054938564825144 0.0487325384563807
-0.103689326817453 -0.0666930662112772 0.0877351227911181 -0.00858471054777172
-0.0929193037471587 -0.141534583197489 0.130499124087482 -0.0250487489235722
0.00722155915372991 -0.196449651133404 0.169749221637583 0.0188341951789875
0.125348342426287 -0.164194338617444 0.147031460288259 0.11225825666778
0.266319610082747 0.00247725161087077 0.0304887580909688 0.202504466084441
0.203379936241623 0.237972720658197 -0.0980483373355306 0.183145330590596
0.031635457949738 0.348803774173278 -0.0822484454072312 0.11079345382244
-0.09890056784505 0.29381654062933 0.0195134378870996 -0.0418463622957053
0.0670615506359444 0.281984970275191 0.16209982599469 -0.127296165539181
0.197189087789109 0.158369307028651 0.0666410930591771 -0.253185308730242
0.20039515753815 -0.0591991490106265 -0.151295825603462 -0.19214526325435
0.0923945398984633 -0.171526369316685 -0.180235745695372 -0.0114943567417782
-0.0358272629668826 -0.178295047196446 -0.110384292999771 0.0693825031620683
-0.106642984036079 -0.10557801573841 -0.0417764724790821 0.0660907463419167
-0.123276045855384 -0.0738329852913454 0.00782014882145308 0.0197987139353747
-0.113735699316126 -0.0711825093348707 0.0401132809499919 -0.0399960635577034
-0.101087249090367 -0.145374338136299 0.0913660047459673 -0.0742523151997466
-0.00420547579575297 -0.205432969218769 0.159512699867665 -0.0490201400021324
0.118125926337928 -0.183327812446091 0.180687579863993 0.0538974447368919
0.271451933260604 -0.0139632491286411 0.0732407239944927 0.165658165517732
0.202696500179576 0.231425398256796 -0.0823186716625699 0.152943864484834
0.0246406173843078 0.337472959969746 -0.0704150442974656 0.0160450530099734
-0.126935430024416 0.250320696226444 0.0622092856875416 -0.152582695180515
0.010687447256909 0.278618274321199 0.174406922023339 -0.164495424964829
0.159395333230315 0.188844093649215 0.119863105333536 -0.247929612385303
0.202010372526168 -0.0252140809174876 -0.0660656719461542 -0.219938792157508
0.103247090022642 -0.153233389111867 -0.134708881101707 -0.094403026243196
-0.0217677767128583 -0.172892604394193 -0.130561231034883 -0.00951036417924631
-0.100029707071462 -0.108285470728953 -0.0891354844115894 0.0174628076892837
-0.119050726680371 -0.0719563075530295 -0.0384831492173108 -0.0107014500608278
-0.108142479038146 -0.0682473251628344 -0.00764126021138492 -0.0686182499038998
-0.0932601214412926 -0.132881915133456 0.050678625234814 -0.112356483390772
-0.00444721876014989 -0.187381121406601 0.139342038703272 -0.100685650235816
0.110008769880968 -0.165586067324719 0.191350213430135 0.00862504701744791
0.240576687811374 -0.00289899889749755 0.0937785555664636 0.128758427934021
0.157391758103944 0.211715249200378 -0.0733102415351395 0.121898831925698
-0.00080548709770002 0.283235668357223 -0.0564063945049203 -0.0679326335620305
-0.121782637074874 0.161230209806039 0.0994056177578656 -0.244942747828897
-0.035263672436244 0.207218700593278 0.179337787999093 -0.190679931391715
0.0931039939419899 0.161180190858589 0.151088529118484 -0.227589670378987
0.151628987555951 0.000941790896051609 0.0071711508981799 -0.22023244984684
0.0850134082335535 -0.108070047505811 -0.0879801036501687 -0.152821917507639
-0.00876178267800962 -0.133274187720156 -0.140462293629336 -0.0732812764297175
-0.0758110902082975 -0.0897578102394239 -0.125550906784992 -0.0250279391159513
-0.0958367937369718 -0.0596653098767536 -0.0769119013427667 -0.0381219909538246
-0.0892565654147859 -0.0584849662015675 -0.0475866263966095 -0.0930189514492894
-0.0724992309419429 -0.109766631469462 0.0188133338708453 -0.140299209245302
0.00378554408323332 -0.149911183002462 0.123170101287212 -0.135635135489368
0.102123059801356 -0.124561726697534 0.193381086916761 -0.0176412932637861
0.188085892482361 0.0258275550607121 0.101054208731096 0.104155341472863
0.0876692920704125 0.182659028776628 -0.0639327472855599 0.0933349286184481
-0.0382596826480852 0.200412277118429 -0.0337714018124973 -0.130295831438284
-0.0903790065190361 0.0444908384199517 0.115195439766135 -0.302154272436402
-0.0595890640801531 0.0967571963768961 0.170054716902366 -0.201033780888422
0.0248303048284328 0.0929940885289182 0.156686659413811 -0.208150538111287
0.0741302867374037 0.0125674181446051 0.0444336636575534 -0.211605455442797
0.0469776753472524 -0.0493429411265845 -0.0634969404867367 -0.181341002150359
0.00408178342015584 -0.0719385182554871 -0.146353321073526 -0.107676520970523
-0.0400393353997308 -0.056127056196842 -0.148620610515512 -0.05307497070473
-0.0586904784889989 -0.0397492544129806 -0.103301690676448 -0.0586638222444117
-0.0583743147103331 -0.043579863828376 -0.0733549184754433 -0.111882348481565
-0.0451042082801756 -0.0767374962370962 0.00150941941808038 -0.161244251808464
0.0109209564077266 -0.101306634583505 0.116923273149304 -0.159161368778273
0.0886008714235305 -0.0740416725951655 0.196494930017921 -0.0271069709271702
0.12249635182492 0.0527574156889945 0.104032509835164 0.0944241045053012
0.01199811547402 0.137217819114861 -0.0528501155266943 0.0739041162506606
-0.0723977947511394 0.0960711336282602 -0.0026112837060601 -0.165711859096727
0.070928518915437 0.0150008890099371 0.011788644046687 0.203819254422142
0.0188244765428814 -0.060279381855729 0.104058793380367 -0.0620687446584161
-0.041792427577378 -0.0437927442368826 -0.106234025955342 -0.132427667170376
-0.0403398048754657 0.0267323292699837 -0.226600693099127 0.01610558108073
0.000648735110376135 0.0335294808344937 -0.140425097763785 0.201522137659386
0.0112123882051223 0.0203318989150699 0.0226688445169865 0.203882617701984
0.0167813907210381 0.0134914541350268 0.0999402432614184 0.125756741641283
0.00911921102353574 0.00825756973335465 0.131350434083313 0.0739856391914782
0.000224412470372501 0.0120890105721635 0.158314429323286 0.0515472075057703
-0.0165747143459202 0.00640599238512886 0.164000909975329 0.0960034341735866
-0.0109048874014102 -0.0107916999050417 0.0993191197883945 0.167184406814995
-0.00363007982859107 -0.0207462516830544 -0.0269864080120189 0.203431399812784
0.0429729360179212 -0.032690387640386 -0.123717551012413 0.221462290524143
0.0727907581109444 0.0150778641108129 -0.178193934762599 0.22114084729577
0.0558274074294627 0.0886176469768781 -0.125740830302549 0.3225993636292
0.0577634932251456 0.122374189489895 -0.00681686746250375 0.195422571188567
0.0731628309984352 0.014373164320697 0.112484597425535 -0.0592362314177152
0.0342277876096886 -0.03118894764887 -0.0889891943537501 -0.159303428065189
0.001995411402943 -0.023304957431135 -0.243252563836897 -0.0114362707882906
0.0045480423220842 -0.0301331295921519 -0.163642298950566 0.190472561962203
-0.0182651056554119 -0.0309987929033062 0.00282607705289375 0.207433265085195
-0.0279605533052183 -0.0152365679110602 0.0902880465835899 0.133747858697304
-0.0381399107915381 -0.0175093392706163 0.1241155973532 0.0738024732905734
-0.0438363668964708 -0.0217585661400563 0.151940833228669 0.0376151870994606
-0.044922782286559 -0.0620948481279541 0.169093229125345 0.067978287486492
0.0113034558705487 -0.0883264486445807 0.133335797519675 0.138286716024497
0.0685429626671403 -0.0599706817759443 0.0235540969714627 0.192851110324734
0.132505648584535 0.0138151235224422 -0.0832993291326988 0.229900380976359
0.115039419802201 0.130699132404599 -0.148409912024412 0.217227587881951
0.0399877764054898 0.216276667474598 -0.108746321552848 0.27903131902671
0.0206538717648899 0.217538700765979 -0.0156278428369809 0.148888906718715
0.108981844124126 0.110986702407416 0.126049803580968 -0.0716299796540124
0.11655295771497 0.0106249323182879 -0.0555295010382793 -0.197908260831356
0.0664740302114376 -0.0646090065274535 -0.247415656747843 -0.060635144434571
0.0214962449441198 -0.0969775272068007 -0.186381250183165 0.152976381197878
-0.0411498431217891 -0.0895307021176657 -0.0298575477259974 0.189500540185563
-0.068879937171525 -0.0481696209555684 0.0613257825348286 0.127427833658387
-0.0797552440351808 -0.0410824595709763 0.0978300352503181 0.0637628929569175
-0.0801860918831547 -0.047442002017983 0.125455651108509 0.0137153590062137
-0.0760106312970592 -0.110104404188639 0.157811540353286 0.0189315369274937
0.0106913996321164 -0.154121013630989 0.162849109716147 0.0805654143183289
0.10855122179335 -0.118563451538877 0.0924862404168403 0.161256901181308
0.215049016778249 0.0137755119251135 -0.0225273354287286 0.226092671473964
0.172299701310068 0.202376405421198 -0.116094078904208 0.20697406944151
0.0427239784082511 0.30681295705185 -0.0893803387391276 0.20539759394399
-0.0314416728707816 0.282608893414201 -0.00821943823667953 0.0663160051716715
0.112831575975344 0.209790266682918 0.140720653106305 -0.097044509824472
0.183155969979526 0.0778049758124995 -0.00516042035936494 -0.235888794655789
0.14111394080246 -0.0830655392448326 -0.221903165081549 -0.124678557637979
0.0510416703063924 -0.151922906140159 -0.195677258258834 0.0851482964154561
-0.0516408706378822 -0.142513457121828 -0.069535849102082 0.144588297724502
-0.0985301580816092 -0.0788940326189238 0.0154962037398379 0.104902632698691
-0.11034793302504 -0.0574353900391499 0.0571410725102108 0.0447944641122658
-0.10528579996184 -0.0603034949892873 0.0855058511619907 -0.0151532995839094
-0.10010545603616 -0.134558379818142 0.128109431417405 -0.0338959086839968
-0.00480496273749739 -0.194693951051284 0.171140694443811 0.00800890690488493
0.115618870682281 -0.169218102404822 0.149727133233858 0.105520689506815
0.263811966839716 -0.012487076721727 0.0386172735459591 0.201296593662533
0.214052908165321 0.225930912438842 -0.0910934214614216 0.186496201841481
0.0493257016561845 0.34703000366501 -0.0768005761566282 0.113902546906711
-0.0817024545960407 0.297832429228117 0.0169858820122698 -0.0416229557012041
0.0797595349283746 0.275641495091465 0.154407747856493 -0.133894315819456
0.204019828707469 0.146050970663665 0.054715229276455 -0.256931945168584
0.194971633580918 -0.0690116655056058 -0.157968185682072 -0.183548291822415
0.0815174271606414 -0.174924783948119 -0.178798907008846 -0.00377775765475234
-0.046978865347127 -0.173134982742228 -0.105825904335097 0.074620817232002
-0.112051492154575 -0.0988948724716385 -0.0368842069347531 0.0673848403970079
-0.124746177020511 -0.0648036740537939 0.00910464313959588 0.0195690350782114
-0.115458664155696 -0.0647387525749806 0.0362332088166673 -0.0424764845395872
-0.109143281904273 -0.137326331890659 0.0858411386932122 -0.0796340003441757
-0.0160499705632382 -0.203680019483068 0.157295284634809 -0.0590890340395787
0.106837997142865 -0.187380704185423 0.180435138650604 0.0442360255087196
0.267969699537059 -0.0290550236117643 0.0790926100694496 0.162345614554927
0.21383211849657 0.219517370683737 -0.0759120039461971 0.156745567242878
0.0417972284257246 0.335437889545341 -0.0693346711531814 0.020158038958325
-0.11201221591615 0.255737010744067 0.0531032253050098 -0.153392187744632
0.0245121886054137 0.274577986234796 0.165445115849416 -0.1702712010511
0.168199018621594 0.178516382772144 0.108355223977355 -0.25319578649485
0.198248721738639 -0.0358723212656627 -0.075067189168332 -0.215249546953747
0.0942267310567343 -0.158500557998208 -0.138693020381041 -0.0896461886817721
-0.0325414661737588 -0.169360587733437 -0.130235285655749 -0.00210081225713319
-0.104385757944925 -0.101039181426752 -0.0865615801295675 0.0231131499865011
-0.120293352920292 -0.0637512645441416 -0.0378740031464977 -0.00828072633432738
-0.109879732372524 -0.0614155937140999 -0.0120899445432571 -0.0676501821471522
-0.0998295890272125 -0.125540262185389 0.0445268749824488 -0.114762697846349
-0.0153188183073257 -0.185182344464222 0.134064261361132 -0.10927258317214
0.0996799297513741 -0.169689308201434 0.188893085942625 -0.00154059610587254
0.237459244745589 -0.016364849751772 0.0978797336752388 0.125656324899948
0.167898009977962 0.202688202975576 -0.068002030844197 0.126033475000219
0.0124061745101655 0.284407457405783 -0.0589574185598935 -0.0635536935156426
-0.111707908729885 0.166687702600572 0.085892174723823 -0.247747226091897
-0.0244727616423571 0.206715353822437 0.169578077408563 -0.195700650684845
0.101114784605852 0.155786697988706 0.140927990213059 -0.234229465152723
0.150164326433012 -0.00658001785479478 -0.0020035710523784 -0.219502028761878
0.0782529075579823 -0.111825276747119 -0.095896622217097 -0.15034683712002
-0.0162354041079958 -0.131276342653596 -0.144227471373959 -0.0643782982508058
-0.0803649535981027 -0.0844702899066291 -0.125260000945149 -0.0167266576687893
-0.0974068212170611 -0.0531420390121333 -0.0773920125350697 -0.0334934107891784
-0.0907447197872985 -0.0531884072157565 -0.0524949616474711 -0.0889577038675344
-0.0784110752215128 -0.103463026911844 0.0118539357790137 -0.140058232763851
-0.00476625459231584 -0.148327914343597 0.116038982853214 -0.143252940249254
0.0941586779162513 -0.128299755501221 0.190131734902328 -0.0278750381866704
0.186937421956267 0.0140685372390838 0.103974692778232 0.100967275937975
0.0969255864033581 0.177427531135943 -0.0596008542522804 0.0974329486340918
-0.0279382112415664 0.202268968848974 -0.0402887407713538 -0.126859101628035
-0.0868947273825836 0.048785651472269 0.100100754902374 -0.305365872274946
-0.0543808697735589 0.0987837419839913 0.16084414056059 -0.205137956710817
0.0294984909221189 0.0904176471242559 0.146282071585978 -0.21502011478487
0.0732820320297874 0.00885408133179917 0.0355599575977872 -0.213347607070512
0.0442762114135472 -0.0513270866103918 -0.0734367097230794 -0.179089408190385
-0.000553992214960923 -0.070721009632999 -0.151191606709063 -0.0984024542882851
-0.0429207527736588 -0.0529697569903626 -0.149444906927819 -0.042862380655268
-0.0599120302614716 -0.0351146874813489 -0.104698507623865 -0.0523815789713899
-0.0598038588782849 -0.0393057492141965 -0.0778012425062285 -0.106044394689503
-0.0496171121254165 -0.072548361256137 -0.0063370514600786 -0.160472535634663
0.00594331348581589 -0.100235312514895 0.108476579254221 -0.164748722261412
0.0835189768684269 -0.0780138400778703 0.193782596654416 -0.0371241586892858
0.123618492478078 0.0455267209497185 0.106942879752732 0.0906661891737993
0.0195891061170525 0.13600974419472 -0.0492624900899566 0.0774933025400758
-0.0671174164372857 0.0996046176231582 -0.0112538326841683 -0.162446367234293
0.0698670658587261 0.0110173258081706 0.0225381251243413 0.195581541588369
0.0146333894507075 -0.0586535112838753 0.0958640807937836 -0.0655093496448001
-0.0433248962800004 -0.0401174000611489 -0.109814441505536 -0.122662313946153
-0.0371537800519769 0.0276487263522237 -0.216871692859202 0.0254732206892486
0.0027571721367211 0.0320638898823029 -0.123234244022183 0.200692150554876
0.0118245904638887 0.0189647472460759 0.0329322787719335 0.194099900577524
0.0167028457298944 0.0118187915599945 0.10034248759576 0.113983435770012
0.00863495203434166 0.00676555881583664 0.13014589505444 0.062784756319851
0.000771820520988944 0.0110295239953766 0.154342520843961 0.039051008596881
-0.0146299869844866 0.0064488836772763 0.163937405495811 0.0819598342782319
-0.0115745240194459 -0.00988017322403696 0.105740661234895 0.156080524688077
-0.00394600725050169 -0.019330729682468 -0.0167535436932558 0.199867858631959
0.038682760681122 -0.0335750674601202 -0.107585361059477 0.220218863608088
0.0711042132516595 0.0112037362077655 -0.162138394926922 0.220383139057396
0.0597675935301469 0.0819089926976102 -0.106000753877971 0.316286969811817
0.062657392847885 0.115040837763733 0.00337519046392306 0.188378690780573
0.0709793382860517 0.00910440800442895 0.104102536675507 -0.0635935381849855
0.0308363544020446 -0.0321094471701487 -0.093181309885443 -0.150243051933881
1.47125593317036E-05 -0.0220862865735214 -0.23405493104323 0.000512483224059507
0.00250282783927958 -0.0290154994875198 -0.146429260857638 0.191804532708315
-0.019723887024441 -0.0285745056525559 0.0142491690166833 0.198410568175982
-0.0275475134846178 -0.013025206362615 0.0934856887324306 0.122156363285851
-0.0372813292883534 -0.0149398834945522 0.123122004490596 0.0630492490856905
-0.0429816232127499 -0.0190671526351456 0.146853068433458 0.0260293836161647
-0.0473152006895249 -0.0572264259987521 0.166785095822546 0.0536966952426249
0.00551171121582354 -0.0860680127141402 0.137168317984658 0.12591538588775
0.062850938018661 -0.0611976640081766 0.0314139028542107 0.187844606276135
0.127262253169777 0.005939199621361 -0.0695540456058191 0.225974500719655
0.117445226006149 0.12074668309611 -0.13462052943984 0.214606202806448
0.0502831948420233 0.207649587822501 -0.0920230833733239 0.274161108465629
0.0324898286147883 0.209241445106396 -0.0079281823964302 0.144823143501297
0.110425152484259 0.100131946882003 0.117336668904973 -0.0753649703661572
0.112699716306352 0.00313066608024428 -0.0634346132409495 -0.190007425265186
0.0599867503018407 -0.0653567448372243 -0.240976820809469 -0.0469840524028567
0.0148314063303713 -0.0942771872849555 -0.170585207227231 0.156910277665997
-0.0448835359749244 -0.0830154328936849 -0.0187573568104177 0.183492477985573
-0.0689716887893182 -0.0422502097094683 0.0647676394288006 0.117800061322695
-0.0785678638030614 -0.0347614477546096 0.0974043812356615 0.0550154924088854
-0.0797288561150047 -0.041328499237983 0.120364287908884 0.0042750014860339
-0.0799498215535945 -0.101642356839142 0.15318081587817 0.00780167784478104
0.000223376882019406 -0.149346742937507 0.162369586706511 0.0676668412511519
0.0976679680000587 -0.118713473142369 0.0956760916885972 0.151997688827138
0.206708658383166 0.00140489349441922 -0.0103386231300422 0.220617265428408
0.176814126277052 0.185781428056408 -0.103652995941508 0.204242181818217
0.0570095180137178 0.295772671565419 -0.0762454340273689 0.202324981607666
-0.0140895004822309 0.274778877595196 -0.00556608818008856 0.0658963679542501
0.120024740716203 0.194907953108521 0.130272728802816 -0.10083485200271
0.181266999701597 0.0640813258530959 -0.0167968622995866 -0.22976592908214
0.131244704309234 -0.0870339936700093 -0.218277567669816 -0.110170843026207
0.039893704732074 -0.149227885439988 -0.183745548700542 0.0912276712995229
-0.0582544587640603 -0.132953275279941 -0.0592518708466689 0.142074780192027
-0.0996490693120979 -0.0700813351852376 0.0205267588586326 0.0994391301829471
-0.108505872245377 -0.0483068997163483 0.0579860973592848 0.0397693206917176
-0.104036435918699 -0.0525340700929673 0.0798978978190033 -0.0202139385089319
-0.104857200937002 -0.122628552040104 0.120975047514766 -0.0407998901083431
-0.0162024718744576 -0.187495837914721 0.166488641414599 -0.00322644760635994
0.101396564136345 -0.168137150416601 0.148265914984283 0.0948856353740941
0.252116200212736 -0.0272968670059078 0.0464006753196648 0.194406282214505
0.218785864466767 0.206685105221132 -0.0805341291243335 0.184092267622936
0.0652905678757249 0.333645347057388 -0.0686419418504285 0.114168599042135
-0.0627499706992326 0.291013814930236 0.0130294353904366 -0.040070555397584
0.0905815672115799 0.259746514576005 0.14223255132498 -0.135234546858368
0.204700223150828 0.12912931612173 0.041455180868118 -0.252467671202175
0.184463549621925 -0.0770162951764475 -0.159647387580513 -0.169297264469085
0.0675018045355605 -0.173089061884486 -0.171700017021776 0.0037492956156697
-0.0554592426813286 -0.16294901345607 -0.098277090329042 0.0771461221741621
-0.113305366599834 -0.0882486228578228 -0.0313009893394683 0.0665868803599294
-0.123087482394243 -0.054992088745472 0.0104061978447464 0.017920856410271
-0.113451611081264 -0.056091658454538 0.0314407193695185 -0.0431602895963684
-0.113146605893975 -0.125516924673544 0.0788195237631241 -0.0822703193884137
-0.0280556381281807 -0.195292008233502 0.149023258714295 -0.0671424111131045
0.0919901525259077 -0.185478641712502 0.174258841529976 0.0338331519430984
0.25524169958888 -0.0441149954238686 0.08326796071069 0.154652587790629
0.218131217009225 0.199981726001622 -0.0677367532071846 0.155892649350905
0.0576615381378222 0.323548175825669 -0.0657936577691532 0.0225424306241756
-0.0935185146996837 0.251851209324525 0.043136827279944 -0.14969890304525
0.0372598764884191 0.262961020158043 0.151530215812396 -0.170879257417538
0.172343925583645 0.162503948982593 0.0940537512160008 -0.251811999108224
0.189552302373213 -0.0443292196524922 -0.0809082079142445 -0.204487442417174
0.0807994254518578 -0.157738760868377 -0.137968304789511 -0.0815758581848866
-0.0418796126082162 -0.160055118865881 -0.12621177185931 0.00519374910973323
-0.106335868799357 -0.0917046050829342 -0.0815344495792835 0.0274720846279424
-0.118268397050706 -0.0537047786181679 -0.0370263639524121 -0.00593315722564253
-0.108397218672541 -0.0533101121120267 -0.0161244969266441 -0.0650080772462253
-0.103398580921013 -0.114329194055884 0.0369687908601116 -0.11345953776017
-0.0253437037571599 -0.177763702771233 0.12453004232827 -0.114476220284095
0.0863076773675721 -0.167769349185873 0.180595388182625 -0.0114004802284245
0.226685389259475 -0.0290483788555652 0.0993806358305886 0.118299887432128
0.172903617321234 0.185941821094842 -0.0601582632552727 0.126037452939927
0.0272386869434201 0.274686956661549 -0.0607570630067125 -0.057645857793062
-0.0978408156520284 0.165930786379959 0.0700540947455462 -0.241922741941823
-0.0135664533639861 0.200277668438879 0.15541263295088 -0.195533425165913
0.105677411518391 0.143705802657572 0.125178128990609 -0.233936051648825
0.143662735057429 -0.0146139656858441 -0.0112315653269629 -0.212094384057206
0.0680913682102683 -0.111809136513194 -0.101136765611724 -0.142110654304853
-0.0235828013523471 -0.124667757022747 -0.142748832795067 -0.0543329140524278
-0.0823955710703956 -0.0763671061933041 -0.120553796382622 -0.00848020969238354
-0.0956513841536845 -0.044096498817418 -0.0757760032220599 -0.0274760120022377
-0.0898270321661727 -0.0459945362322157 -0.0547078493520748 -0.0827818094735043
-0.0814745905999768 -0.0949835913966489 0.00424809393496166 -0.135870716350787
-0.0130248895589335 -0.142698462592558 0.104335604017068 -0.145697225052972
0.0834651843728638 -0.127939611686066 0.180849751912821 -0.0365342174002846
0.180116662508999 0.0029086016536059 0.103488856804629 0.0935343445530302
0.103209624234254 0.16547582613803 -0.0532133134712029 0.0986880702231549
-0.0170436622904566 0.197298700604971 -0.0450934884912201 -0.118963814021593
-0.0799981358719813 0.0518299777069945 0.0811869363824448 -0.298653876437259
-0.0469925609273379 0.0979704487228374 0.14714924307467 -0.203833298671325
0.0331153753275924 0.0855015958765223 0.131824843937625 -0.215129892144666
0.0704861995893729 0.0054405035490103 0.0253080701898031 -0.208865707089142
0.038900952314392 -0.0516313374850974 -0.0806825115516959 -0.170706685621242
-0.00462713040207006 -0.0684096240093897 -0.151737912632258 -0.0860232737455669
-0.0443011442707974 -0.0484345168388046 -0.145355131229679 -0.0317387754581758
-0.058721382148992 -0.0295330789758091 -0.102620577594425 -0.0438175850457022
-0.0596930156402046 -0.0340896410809466 -0.0807093865305898 -0.0973073396973947
-0.0520876389997608 -0.0664307509410158 -0.0144639797953428 -0.153731429736488
4.87337143172204E-06 -0.0969049717638786 0.0958486380537911 -0.165554388946684
0.0759223609927695 -0.0797786451448821 0.184288835394707 -0.0462535794393165
0.120617358167475 0.0364067815538345 0.106863385724456 0.0832791355921957
0.0271205358530061 0.130151496578671 -0.0431602836448578 0.0786770048752702
-0.0594717444351523 0.0999346455732933 -0.0191144873577234 -0.155911180126205
0.0700100638382185 0.00263138797499771 0.0388144277479223 0.180954257996945
0.00790360449617267 -0.0567988857913911 0.0799929853590342 -0.0710192444520307
-0.0469684932733603 -0.0319794218015227 -0.116442174014859 -0.100554534260366
-0.032262584327696 0.0303010841808217 -0.199263477152812 0.0520313803629214
0.0056155013240767 0.029452749935825 -0.0890361676633571 0.20359016970567
0.0136587573812005 0.0168336427880232 0.0538155787301899 0.177135561321306
0.0174169968325925 0.00961137689869824 0.107098037605096 0.0961471895190188
0.00893240098674176 0.00500619390552599 0.12730157490608 0.0413846896395921
0.00172960373259812 0.00937676840984151 0.147731382333763 0.0165940313379439
-0.0138438998685819 0.00675081941508664 0.163077248766065 0.0548499932739541
-0.0118108240477726 -0.00975031837704152 0.116921715080475 0.135130317164003
-0.00356208483263782 -0.0183620782508241 0.00702425671281462 0.193004299656888
0.0327998980296611 -0.036469795235751 -0.0755146081406062 0.218031805892661
0.0696633016163269 0.00256436266585065 -0.1234496761731 0.22258205507256
0.0695772772244258 0.0690512809528966 -0.0616700456696373 0.314603500120611
0.0774654011767446 0.103432212714069 0.019288844288282 0.168265024246983
0.0680215383991726 0.000258687264886944 0.0868255862432537 -0.0721085177866693
0.0232563899496798 -0.033817964019248 -0.107775104655248 -0.129559500972821
-0.00293264566671256 -0.0204404377518613 -0.21961440138183 0.0318301037236798
-0.00177939725968529 -0.0274929187060467 -0.113187035462311 0.199011312914474
-0.0209123365632018 -0.0240514745867411 0.0365185452225558 0.185313969960064
-0.0266954652925222 -0.008489919934341 0.100512747183183 0.104564182924681
-0.0368275118325755 -0.00991514919619321 0.121320442469551 0.0429030162752091
-0.042083141948019 -0.0137455598279844 0.137840777945604 0.00558372243994065
-0.0510355253054236 -0.0471905084665592 0.160842622794241 0.0271481840755752
-0.00668363694407532 -0.0817560821397613 0.141345192379525 0.101383194438418
0.0528883158750001 -0.0648985244078139 0.0498623490571342 0.173809372341535
0.120405799514411 -0.0120879713675674 -0.0363196286750223 0.218099083424049
0.125066557106446 0.0968994652834655 -0.0938910417090236 0.218554611067202
0.0768127556599647 0.184568566529957 -0.0533381091653026 0.275835208036425
0.0607242646026455 0.197952836068697 0.00349657233620223 0.120999778357294
0.114363131318828 0.0810480997574714 0.0965212158440045 -0.0875816600942119
0.103962108792498 -0.0109132411355443 -0.0878307955772394 -0.174197993741629
0.0481803651018919 -0.0668746829487283 -0.234568969551408 -0.0110025315951023
0.001888706640896 -0.0898778199810536 -0.142120786804963 0.171436641657867
-0.0511205363721907 -0.0713999763378557 0.00276710921880723 0.177273861835164
-0.0679370281554657 -0.0309107668295391 0.0733074539033511 0.104697492732829
-0.077144138387468 -0.0225229977740299 0.0968124671977967 0.0385937812220752
-0.0784572720390502 -0.0292226713304081 0.109764521418899 -0.0116268288373115
-0.0875773971536919 -0.0840305551688643 0.14064972561344 -0.0140947483539165
-0.0199924216788568 -0.139339098326202 0.157021471821668 0.0424968204284328
0.0769597922445898 -0.122301279057414 0.105953073274903 0.130518827359705
0.19269173335316 -0.0271724973233294 0.018580195986188 0.205062040494067
0.186766353740552 0.149256452348227 -0.0627373898068128 0.206350910970245
0.0938930038806419 0.264770624193222 -0.0478280419980146 0.20958415925516
0.0233261835871554 0.266429837160988 -0.000298340176776898 0.0404450155774714
0.133283628393292 0.16853915959804 0.105725879225041 -0.115722720249414
0.175126711592043 0.0377010026580897 -0.0502898206043853 -0.220240375230717
0.11167141403875 -0.0950700148601665 -0.224267241987894 -0.0744813076344992
0.018615405490811 -0.143869389936388 -0.165250914419288 0.11216522382151
-0.0694056914680632 -0.11657395399663 -0.0417639138241835 0.145088565437937
-0.0996929430334497 -0.0525871826073854 0.0287966559273131 0.0937938291066141
-0.106350681894803 -0.0313363901898433 0.0579836850035216 0.0290283073452367
-0.102587549071405 -0.0366324957639387 0.068638070685395 -0.0286869780806962
-0.112716808030983 -0.100538313677492 0.103687986457915 -0.0555562405019754
-0.0410340823878189 -0.172208418825595 0.151872175726516 -0.0245063273245756
0.0733764462005197 -0.168715117624872 0.147017476506061 0.0687658797056756
0.230480149308625 -0.0601772496897229 0.0698454269391034 0.171962204366358
0.227471360858056 0.162305397315479 -0.0402640399793542 0.185556113506681
0.105096828435847 0.298843845754491 -0.0501878807393915 0.125983881030293
-0.0211195444302682 0.287825340919989 0.00777374288416467 -0.0628546522404931
0.112982982327822 0.232879600601103 0.113897378693625 -0.152448385762653
0.205417302005999 0.0955698458909376 0.000491184089363061 -0.251714701990005
0.162274406989333 -0.0913584457613815 -0.178202137486965 -0.139736287258008
0.0421942775710278 -0.169771275739779 -0.16764839836991 0.0278046908959094
-0.0707774575821764 -0.144713586735884 -0.0867242114486747 0.0896897368055896
-0.114668671019578 -0.0689635225306288 -0.024766050241159 0.0701842134073129
-0.120505204661306 -0.0356423265504662 0.0116210749937897 0.0153404394864553
-0.112179992153827 -0.039409080453173 0.0211219318828086 -0.0441455429654412
-0.11985452974975 -0.101297265024665 0.0588214581213271 -0.088050532948493
-0.0522055256233771 -0.177213418808527 0.1272828488824 -0.0827050891543201
0.0620508755116646 -0.18249523590319 0.16435859046427 0.0079894360494596
0.230127824134385 -0.075815145482844 0.0996488835845371 0.130390660670547
0.225951176509671 0.157204005722857 -0.03102766172097 0.158001637100016
0.0953443885635255 0.291007857789584 -0.0589426784909926 0.0400145608221255
-0.0566366551065096 0.253316675095082 0.0260868469883699 -0.167293572317139
0.0632214691690612 0.241057272321448 0.119870796964802 -0.185853257199309
0.178307988693702 0.130707900642031 0.051928291804519 -0.257956676888861
0.171064330102504 -0.062001305556985 -0.108256183712444 -0.18493448686375
0.0561660192397713 -0.156935429389125 -0.147857000752833 -0.0568602258661429
-0.0576896570576702 -0.143463606964937 -0.122395885540195 0.0250218853450505
-0.108933284793562 -0.0722986555708205 -0.0768453970573498 0.0389556645247592
-0.115677710417852 -0.0347611856620319 -0.0351158294767827 -0.000827484773132763
-0.10714663476566 -0.0368242669286726 -0.0254615705026294 -0.0577072716713206
-0.10959681626978 -0.0925645285898428 0.0155128565167632 -0.111432673485078
-0.0476709072004154 -0.16111353091293 0.0991071757089177 -0.123240533610243
0.0587625343216915 -0.165490073042284 0.165483858723319 -0.0357844277204226
0.205240036962347 -0.0595521118584966 0.11028345667406 0.0952417637289742
0.182659430753583 0.149563441159955 -0.0300160679030184 0.12980413705883
0.0603326468157053 0.249434191101901 -0.0637936511786933 -0.0381378155324403
-0.0733018316444777 0.170443476904044 0.0433561016912048 -0.250124349158885
0.00908827439767396 0.188237003382199 0.123267403555304 -0.207577668150743
0.114140373185288 0.120650469955487 0.0868867401519424 -0.242567252991422
0.132062231689837 -0.0286321954044206 -0.0418881994194979 -0.202021257798767
0.0507311087647926 -0.112827547089638 -0.118721119171769 -0.120722019683662
-0.0368698110198995 -0.112693043167052 -0.144839387021763 -0.0298435696259875
-0.0851417360829109 -0.0611803883228004 -0.117673023525445 0.00963614062909568
-0.0932015638176819 -0.0291560430688201 -0.0741303960868732 -0.0159165551581997
-0.0885606885007168 -0.0312614888189497 -0.0627272124339884 -0.0699692605597785
-0.0863955265612937 -0.0760695446281343 -0.0160338193819831 -0.128431637436858
-0.0307999928803653 -0.12944103299025 0.0773470799053312 -0.150482034742123
0.0603826405962326 -0.128989473526756 0.164003262590611 -0.0592467922360534
0.16556626305383 -0.0229263972394268 0.111991144784259 0.0733491179397774
0.116136829191787 0.138727936704644 -0.0289657502750735 0.104509432270151
0.00931849450120132 0.184074315713013 -0.058166631783878 -0.100753842543466
-0.0712001568962327 0.0572596448024607 0.0478266311380462 -0.294909594734795
-0.0340405704345662 0.0962673258519423 0.116361486053085 -0.21133656786603
0.0395610357123625 0.0743538104714659 0.0975810339658025 -0.222960223491664
0.0657454579271169 -0.00300145038940885 -0.00505156422145767 -0.203052402978439
0.0302946065672256 -0.0530358961373476 -0.101722808193454 -0.151283828797954
-0.012706342131711 -0.0628421977775655 -0.155258982450115 -0.0599275074784686
-0.0475405462161034 -0.0393047153008186 -0.142865010924942 -0.0101582668685599
-0.0577044314642284 -0.0197037532449388 -0.100490693836908 -0.0281719690678921
-0.059447973420546 -0.0234742897547033 -0.0879339278051407 -0.0807469644444739
-0.0561227782832879 -0.0532874701930661 -0.0341375568129437 -0.142465272227076
-0.0136926582969367 -0.0886461211594879 0.0682177721251222 -0.16747065075468
0.0592195495997476 -0.0830150179414468 0.167377735374331 -0.0676868026800467
0.115737360354217 0.0162737206559774 0.113218195163619 0.0652030710389257
0.0416805905513779 0.116289409891264 -0.0261619035319892 0.0848922184112282
-0.0423998452685485 0.099546887676859 -0.0392499339438153 -0.140924435350744
0.0667909874891757 0.00272163799488656 0.0355860124017382 0.170987494959359
0.00783518928198683 -0.0535246038627801 0.075886217279539 -0.0659808040874105
-0.0448723461034044 -0.030116578769737 -0.10890492018684 -0.0962519186585932
-0.0307561636933531 0.0285920743085666 -0.189415072524505 0.0466107244177425
0.00561655803272483 0.0277683013458331 -0.0850985336477222 0.191235358951498
0.0124373415834695 0.0154696183500547 0.0486711328712468 0.167059030696199
0.0160340144403651 0.00911045818830144 0.0986018979239042 0.0910887674889854
0.00791539919208985 0.00451565997806573 0.119213236354067 0.0391231149589737
0.00155479236806254 0.00825233200486664 0.138192224047792 0.0155302369784451
-0.0124505669492283 0.00591633828195681 0.15414419127921 0.0508185675511994
-0.0109323850152945 -0.0094337366782981 0.109883603010776 0.128447762782282
-0.00279433575645376 -0.0174330094999281 0.00518835149109381 0.184575437881991
0.0303678090790766 -0.0339943209883642 -0.0730506791510611 0.20439510975317
0.0657360732289157 0.00263403241355419 -0.121037056598256 0.208413062462148
0.0656792897539039 0.0656044995634409 -0.0613434588285084 0.295334650730458
0.0735717536840205 0.0986315450383103 0.017210939076773 0.159519746108038
0.0635461507629595 0.000502369003833852 0.0815428527389726 -0.0671030916127567
0.0212761533069756 -0.0318065448663046 -0.100609263117586 -0.124672491480384
-0.00302917565753057 -0.0186611187462477 -0.208259457730333 0.0266328304503866
-0.00158339149582007 -0.0260818077822477 -0.108141208368135 0.1869634633925
-0.0196835880478214 -0.0221196248343074 0.0330556800623327 0.174941689996645
-0.0254500609274293 -0.00826422571449173 0.0926607104515516 0.0987290997949032
-0.0349504369793424 -0.00914873083309177 0.113278809212421 0.0399586734679615
-0.0396461349612314 -0.0134470134886745 0.12876977445215 0.00489051408185893
-0.0484509262609883 -0.0450762996191493 0.151470468019616 0.0245478277498914
-0.0064231298946222 -0.0772249436238807 0.133564502882631 0.0959092030285815
0.050831610871182 -0.0606048393182437 0.0454020094367757 0.166619521275692
0.112263663904114 -0.0103658289676927 -0.0367228271713823 0.205861705390328
0.117014790326336 0.092330470187097 -0.0932324114488926 0.20409932336807
0.0717713264625581 0.175577652336987 -0.0539652565303376 0.259652140489482
0.0566298354187899 0.187483964948742 0.002623536877416 0.115330027081479
0.107196431975091 0.0764840442691724 0.0906957873311896 -0.0807560011761928
0.0972911955503166 -0.0101590521077039 -0.0815364547225599 -0.166042704143255
0.0448722380352747 -0.0622919729424775 -0.220377155825112 -0.0137657996793116
0.0015609894084619 -0.0843408973630068 -0.135225918232306 0.16001877742331
-0.0478908686703948 -0.0673724590241598 0.00165687019423425 0.167101103885635
-0.063772435968051 -0.0292546352652508 0.067923364873676 0.0984874592578854
-0.0723901641394053 -0.0213355452470767 0.0905281010457247 0.0362653175847367
-0.0739524409557644 -0.0282527334727159 0.101611470280286 -0.0109089787799453
-0.0821481401693241 -0.0787546017143182 0.132712824526295 -0.0140018167616876
-0.019379010064377 -0.131992479948308 0.148877504059795 0.0396027743904252
0.0736566780865595 -0.115036161094916 0.0979924877514599 0.126456783711154
0.181237411419399 -0.0249975018887298 0.0152617969839659 0.194937129821651
0.17601521259343 0.142790894803906 -0.0634442715371639 0.194159014379151
0.0868999316582453 0.252116869575995 -0.0470823909002549 0.19747955443873
0.0210728349130073 0.251745277959465 -0.000864919851496288 0.039878484620906
0.124203582831082 0.15917127179161 0.100412256006373 -0.107534960713802
0.164726851984825 0.0353756045388826 -0.0455082298469748 -0.21037205694865
0.105470001592658 -0.088979447936446 -0.210117748468954 -0.0731062761064495
0.017108745368015 -0.13564212145888 -0.157358433585544 0.103960144459336
-0.0652790960816634 -0.109444942990702 -0.0407693515448513 0.136704612292617
-0.0935736787533697 -0.0500145980077946 0.0264839229296073 0.0884265236386471
-0.0997383183255023 -0.030092396175056 0.054593938797662 0.027132226356227
-0.0963726847466986 -0.0360438363948569 0.0638372425862745 -0.0271943626793852
-0.106355112794504 -0.0944902379553856 0.097433767252301 -0.0529317956386155
-0.0396022139335439 -0.162918819989768 0.143483919568694 -0.0241992069453119
0.0704484399472449 -0.158378121332713 0.137764582171552 0.0682002037978528
0.217246415386144 -0.0562806751091573 0.0636138052807531 0.164881562651308
0.214829269350634 0.155031360050118 -0.0418274747681485 0.175289725204184
0.0978734321517262 0.284697869755941 -0.0489245398374341 0.11890863683649
-0.021541338383873 0.271997980541373 0.00802953439865067 -0.0579556730519958
0.104860166022247 0.220724104711394 0.108591877425679 -0.141061983943078
0.193222541236161 0.0904704202678626 0.00395597577450256 -0.240225293728993
0.153810540903386 -0.0858779314218593 -0.165365214329389 -0.135104725462217
0.0393404127646298 -0.160022892238026 -0.159175194738855 0.024316661064452
-0.066731298994717 -0.135940254376925 -0.0833842543674543 0.084579697612984
-0.107921516043514 -0.0649770066197105 -0.0233125018840633 0.0658053204625657
-0.112920203391389 -0.033984014630575 0.0107487820024523 0.0137664818858064
-0.105220557356884 -0.0377916149717003 0.0190155806838422 -0.041724960049921
-0.113301823473311 -0.0956404521392227 0.0554979821086308 -0.0845167437989971
-0.0502370020391122 -0.167557310592654 0.12078447297187 -0.0792242023096632
0.0590555150890512 -0.171801559576625 0.154209551770483 0.00942179422238628
0.21656013711245 -0.0708773922780286 0.0921270700791075 0.126415674077747
0.212997739331623 0.149363310763852 -0.0324927015257402 0.150877193145337
0.0888384068582221 0.276507201031554 -0.056310250478394 0.038338698757881
-0.0556494057501553 0.238319226623212 0.0264012373707771 -0.15633190380869
0.0573498030656036 0.227779892560438 0.115730287529291 -0.172971945109969
0.167642317022471 0.12341274823018 0.0514134512895446 -0.244181359993498
0.16176672389652 -0.0576574772048674 -0.0985644436708797 -0.177480567739723
0.0530225464557493 -0.147334237236607 -0.139200923161863 -0.0573260658137133
-0.0543458502880016 -0.135260080783547 -0.1166830826049 0.0233812267452309
-0.102881778140095 -0.0675588020003681 -0.071858072599301 0.0369847359943466
-0.108751218427284 -0.0327461660436974 -0.0328441276670263 -0.00167006752423459
-0.10061686756233 -0.0351381150496571 -0.0242097096568377 -0.0543541155148392
-0.102849338833017 -0.0871471961847266 0.0151909120524969 -0.105591744611289
-0.0451326286005202 -0.151789676003044 0.0941099621885973 -0.117742572203215
0.0559174307722126 -0.155380378569448 0.155835548874473 -0.0316199329070279
0.192493887368168 -0.0547584368964559 0.103037170099684 0.0931274902928962
0.171858135623775 0.142035714934695 -0.0301734664751395 0.124443263795157
0.0557714652740589 0.237131091949162 -0.0599154188089866 -0.0363686915536494
-0.0707117336824898 0.160338081231067 0.0441048524814383 -0.235227847075272
0.0072219377083753 0.177518682435869 0.118575443487123 -0.193032349728434
0.107020946038059 0.11417773906002 0.0856418659740473 -0.230032358465881
0.124117594172703 -0.0260245630993674 -0.0356628546618333 -0.193012584546106
0.0479074140531937 -0.105555231204241 -0.112112243219382 -0.116404330028796
-0.0345358748825979 -0.106467461453925 -0.137089029627611 -0.028739762756056
-0.0799636281821655 -0.0576331800900678 -0.110137827716438 0.00893628422002284
-0.0870953334391167 -0.0273163184563415 -0.0693056728632946 -0.0157123731891723
-0.0833129050179741 -0.0302322569491239 -0.059509713969489 -0.0664454974091502
-0.0811231599482737 -0.0715712423162224 -0.014245266445417 -0.121755520491757
-0.0293774633613005 -0.122090927877669 0.0745929296160649 -0.142781890351184
0.0566908769088997 -0.120400483391351 0.154903529796918 -0.0547172211740717
0.155460599093844 -0.0201890787059149 0.104204337124488 0.0727120233977308
0.108770308662256 0.132011898498273 -0.0284762208250083 0.0997356363729186
0.00795985982233779 0.1746468102433 -0.0539735365498369 -0.0950659180607952
-0.0679817402453614 0.0539433260148948 0.0488275908723794 -0.278368719220331
-0.0324632270885567 0.0908252224563968 0.113270788978453 -0.197153911962729
0.0368541805950528 0.070259877770928 0.0954327092784468 -0.209876645841401
0.0616503250780768 -0.00202125068007936 -0.00138983735889208 -0.19339537124202
0.0287791938043921 -0.0498715197618748 -0.0964440530296612 -0.145125070204144
-0.0121102590290494 -0.0592193756997604 -0.146723184266961 -0.0564949072844568
-0.044806469153736 -0.0368100905144204 -0.134167228473201 -0.00991479278646294
-0.0532515164957793 -0.018339959661127 -0.0942014137440417 -0.0267434563606171
-0.0560873482504255 -0.0219188526847583 -0.0821902276881976 -0.0765614469561031
-0.0527276485188027 -0.0499897895565674 -0.0309567907118071 -0.135424934226977
-0.0123049222061348 -0.0839663550388173 0.0656604996850504 -0.158611756289077
0.0552716920638384 -0.0775686161624787 0.15804079137079 -0.0618317154536618
0.108291696194869 0.0160628388052227 0.105809762168343 0.0644936670455392
0.0392863797279964 0.109177705645912 -0.0249504257923253 0.0810013266395085
-0.0407342879265465 0.0936306459080164 -0.0362971713223893 -0.132515354101126
0.0655708259051731 0.00437592267467819 0.0295823875712873 0.167351709748596
0.00955148893369637 -0.0514562470863885 0.0758387015973549 -0.0609198471551345
-0.0429108341260067 -0.0304425687569652 -0.101549718111725 -0.0973538201897007
-0.0304682669320941 0.0273052006612811 -0.186001502435737 0.0373018327286579
0.00501208455584085 0.0263090036611751 -0.088631695449042 0.182826714198826
0.0113950089956912 0.015010742235509 0.0415455390559161 0.163860381680124
0.0149917649788384 0.00924078283262935 0.0905850851528704 0.0918370625589348
0.00735770976488803 0.00460785585596666 0.113095263909777 0.0410847888873834
0.000857141988134371 0.00667360847318559 0.131636615640068 0.0183460332870242
-0.0126149221677534 0.0047179095915621 0.146945058766662 0.0523752207481543
-0.0106576482447899 -0.00978111355958249 0.10374932173439 0.128587170318201
-0.00173449063699122 -0.016887449075211 -0.00208953267198844 0.18136661576928
0.0302172028878798 -0.0315159307627199 -0.0783874077691369 0.195444702190662
0.0635225819417585 0.00481876916440589 -0.126546538394896 0.196397770806381
0.0619907710176846 0.0651299671813566 -0.0706439257861481 0.284539382887017
0.0686047490773358 0.0977039552726431 0.0113242053880985 0.156240831957917
0.0617513833815842 0.00290492156546429 0.081448284049742 -0.0610523467529496
0.0206322054426142 -0.0299600828684994 -0.0932291353747318 -0.124634225639857
-0.00260235241154785 -0.017192971783397 -0.202762606328444 0.0179367236904425
-0.0007546780876335 -0.0250329327254649 -0.110382208717633 0.177536383108047
-0.0189206996370394 -0.0223921962673685 0.0261569070648645 0.170818206348065
-0.0235649926412651 -0.00810454833633274 0.0852092435572313 0.0978787181874673
-0.033481712245118 -0.0105606777836244 0.108137186376435 0.0411104698594557
-0.0383042429303601 -0.0152105165027844 0.123498234840299 0.00751611144791565
-0.0458247199611418 -0.0447225236453754 0.146063868781756 0.027008626144143
-0.00493750452033176 -0.0749162939640114 0.127190728946032 0.0967974180844606
0.0510969561753268 -0.0571745299176681 0.0382425987863608 0.164881967859707
0.108811608147318 -0.00608643767571423 -0.0433558132487819 0.198480222291837
0.111094044941526 0.0932816530373445 -0.0997502892692483 0.194359979513569
0.0645785413872475 0.172846528056619 -0.0616379804060587 0.249654022112857
0.0501395659731799 0.183703059117637 -0.000241422838953867 0.113702354626568
0.10135699969665 0.0772827793487853 0.0905068419334591 -0.0739806452768617
0.0938270893544128 -0.00707862585457769 -0.0734608190482179 -0.164959765386548
0.0452012765615562 -0.0583685540039679 -0.212783500510751 -0.0224094006538537
0.003832946102618 -0.081869412585228 -0.136097490527662 0.150593589723345
-0.0448736550951104 -0.0659125320092397 -0.00359145663026084 0.161571157270554
-0.0612891712549209 -0.0300534647049579 0.0622770397712469 0.0973259650269327
-0.0696494934702873 -0.0226649926468322 0.0861659871731231 0.0364443623037138
-0.0705872638137464 -0.0302747847456389 0.0983810730177164 -0.00798557395208357
-0.0779081782629815 -0.0788233345552484 0.128607268204738 -0.0110323589543009
-0.0162859604619891 -0.128272518339475 0.143581899637498 0.0423109134823787
0.0749681485333436 -0.10912702611814 0.0908216108394081 0.127654276772357
0.175908813729597 -0.0182015841092747 0.00797748870603604 0.19089875744424
0.166791248651464 0.143866883253374 -0.0703434589529615 0.18632730925158
0.0769860462235655 0.248378243185672 -0.0534516833807824 0.190612500691848
0.0129241253594126 0.244666733453869 -0.00186611795214316 0.0402707249963921
0.114762316819505 0.158676804361342 0.100853052461826 -0.098429136590706
0.157867157302509 0.0392228712483772 -0.0371834149120674 -0.206690062251925
0.104656360564965 -0.0829233086691277 -0.200467960395954 -0.0806638031025635
0.0200969652960637 -0.130426298031027 -0.155950453850047 0.0945243169079928
-0.0608260609478032 -0.107844180432573 -0.0436157754633214 0.131316579715443
-0.0894311652578275 -0.0510017633853217 0.0230542725071416 0.0861396007687674
-0.0959564510799618 -0.0315131962749213 0.0511767605712877 0.0268145782124151
-0.0924924002390994 -0.0385613779572719 0.0612467018244524 -0.0254069123370497
-0.100832306566155 -0.0942864394989487 0.0955101905370232 -0.0498265305166841
-0.0350927250213014 -0.159045167123209 0.140433799183951 -0.02083865476048
0.0724847516858018 -0.150910756832945 0.130744077202947 0.071911935884615
0.211335397635116 -0.0483820912418262 0.0555908219066181 0.16400712165544
0.204364982558651 0.157537722834821 -0.0475320948064482 0.169646541479678
0.0856767648297216 0.280899619080316 -0.0514697590880428 0.114860167711143
-0.0298669605932469 0.263155234165878 0.010009306983754 -0.0540117122811613
0.0945219399443186 0.216961345000363 0.109883838771923 -0.131466575766414
0.183002133262019 0.0942215847445547 0.0121247269968861 -0.23358418363542
0.151025843940949 -0.0779102686433018 -0.15478495017947 -0.138498831891665
0.0420062200350372 -0.153669085884405 -0.155858339260038 0.0164139273754387
-0.061454635101809 -0.133542663004309 -0.0834384823873617 0.0801630854871391
-0.103338693878521 -0.0652071779127929 -0.0239728729966143 0.0635327654131338
-0.107912210029475 -0.0355756341887294 0.0100819058186479 0.0132199258643242
-0.101044796584921 -0.0401441242807831 0.0188172225500426 -0.0401397266694142
-0.107317499608585 -0.0957097169336358 0.0557006165105607 -0.0805180618970507
-0.0450267648810036 -0.163565843421893 0.120097925379778 -0.0749901770496169
0.0617677888748132 -0.164866736925446 0.149177582914263 0.015625268870653
0.211345812769323 -0.0623778341736382 0.0844294838996862 0.128563378020279
0.203400541097316 0.151930513102728 -0.0373319112802371 0.14635238235965
0.0774049115555239 0.272887491128306 -0.0561071440884921 0.0358262878122673
-0.0621502938738794 0.229495858312179 0.0311467336127473 -0.150253070357481
0.0479931695337246 0.223262734039735 0.11825363088103 -0.161642750081572
0.157805701271327 0.124780002493989 0.0595442277114246 -0.236953430296336
0.157936838253167 -0.0509126822497249 -0.0881634586055392 -0.177654248553256
0.0550190102792687 -0.14113262377426 -0.134805865396442 -0.0615201367174738
-0.0493044688471681 -0.132199749142748 -0.114243771762702 0.0201458681275667
-0.0978824973269922 -0.068458428283961 -0.0703108583487213 0.0342258087035668
-0.103135397094318 -0.0343261745282228 -0.0315957957596539 -0.00272534024777435
-0.0961565361971563 -0.0372992409641592 -0.0224860990349625 -0.0532992024684521
-0.0971131440137864 -0.0870455738145326 0.0174059331104244 -0.102620638825976
-0.0404045926767083 -0.148723683314743 0.0946178442236034 -0.113047316126844
0.0580295694845896 -0.14832681650818 0.152465687258272 -0.0248822176964314
0.187124596073703 -0.0476022630726583 0.0961035371174221 0.0965991059238112
0.163658537719895 0.143309550177709 -0.0345563091927293 0.120472329628839
0.0469580991915745 0.232948651303292 -0.0575087182799898 -0.0363606894155326
-0.0736656959516899 0.153007503528832 0.0506877827962696 -0.226028317177468
0.000743230447711668 0.172747883266715 0.123055421916057 -0.181685963274253
0.0991713684379359 0.113828119940835 0.091350891721254 -0.220233127975039
0.120594999919672 -0.0215066776068584 -0.0264398952867102 -0.19068173101339
0.0486549510189924 -0.101064101692241 -0.106628779616809 -0.118888028910976
-0.0307596206961311 -0.104305607004614 -0.1326070526631 -0.0310084439501238
-0.0762821016288236 -0.0577181043418994 -0.106993382878734 0.00655370820336354
-0.0826103115214637 -0.0285252403549941 -0.0668129303295824 -0.0174199647107669
-0.0795454110449757 -0.0314761752502845 -0.055577497894029 -0.0652622343717894
-0.0764653749071194 -0.0711923674416455 -0.0100458312995024 -0.118932030970108
-0.0251208713845629 -0.119780814916591 0.0765658032932143 -0.136967191621595
0.058284904430731 -0.114512498300875 0.15149945251508 -0.0476079114188971
0.149990747664542 -0.0151453483102019 0.0987156542417382 0.0758612872322737
0.102331772711703 0.13123366571433 -0.0312789401352382 0.0965439023750918
0.00263239793718748 0.169886421229134 -0.0499544264573618 -0.0935270327959422
-0.0673803448896882 0.0496476726807044 0.0573263028943661 -0.268484171373558
-0.0340590844510237 0.0874195928959135 0.118406027390781 -0.187047190629632
0.0331666598936097 0.0692154871823193 0.10052768269918 -0.200693868170346
0.0595068583676164 7.82912095822898E-05 0.00674999344101979 -0.18942484518866
0.028543465839817 -0.0470749645809128 -0.0893097215087318 -0.145948667291376
-0.010537552112677 -0.0580988534941575 -0.141202860437936 -0.0597235287937897
-0.0423444646613368 -0.0360854728836219 -0.128915395950621 -0.0125235074435844
-0.0504299241432385 -0.019010612382974 -0.090563464103088 -0.0288595669650804
-0.0532849656597571 -0.0224720549624373 -0.0768427689627407 -0.0761561493555857
-0.0491406409247013 -0.0492024393393427 -0.0257655766036975 -0.13269378682483
-0.00879689293017864 -0.0817382481629368 0.068554798867061 -0.152378823733187
0.0556297850883589 -0.07295051476167 0.15598700714786 -0.0554077791107646
0.103420653347039 0.018938093309387 0.100497130039575 0.0673120726799386
0.0346819753921695 0.10727825022129 -0.0265583360192667 0.0786001430466571
-0.0418124704935441 0.0896408621180349 -0.0313143405437426 -0.128989602001632
0.0662245142115329 0.00694006841737384 0.0245197286130069 0.17033839502904
0.0119408912046707 -0.0515060721176111 0.0795343939759128 -0.0581287511344082
-0.0424355445514554 -0.0312540065550025 -0.0985460353011755 -0.102066279194389
-0.0310795891207493 0.0270062629064978 -0.190103498017598 0.0294968384867337
0.0045140271087006 0.0263353081708142 -0.0948204833096063 0.181385541188137
0.0107223188363226 0.0152651837127797 0.0363640061579683 0.165815186853123
0.0156232002863271 0.00951379252646372 0.0862251958684844 0.0961421290660529
0.00696647079580718 0.00422186794439965 0.111581683524762 0.0448041798865742
7.26106314151971E-05 0.00661242217875828 0.131681973185293 0.0220317584408823
-0.0126226776305404 0.00397723409985257 0.146081333683773 0.0567760855128776
-0.0109991476689529 -0.0100776821610208 0.100374392607884 0.133461147417336
-0.000414519883086978 -0.0172531331936107 -0.00854968604450264 0.184643676532917
0.0309489468794142 -0.0300502507654498 -0.0862168675442822 0.193740273461295
0.0634803438350421 0.00652616228563301 -0.137065951339829 0.192467587272334
0.0605708720765731 0.0677253716202988 -0.0822695681594802 0.283198020144328
0.0667336651705902 0.100507714985033 0.00623485356986633 0.158724848812858
0.0622038996432278 0.00404686031835521 0.0843113695580345 -0.0574609150958913
0.0211558581447406 -0.0293902253468766 -0.0895321946620039 -0.130111204088159
-0.00239758989669263 -0.0167909937131601 -0.205226760311202 0.00918145743797023
2.31312476924399E-05 -0.0253156746918385 -0.116905909592321 0.175200263375239
-0.0182197480833378 -0.0227876027374585 0.0206111667619802 0.171967569028806
-0.0236271479586301 -0.00916362391332085 0.0809178648149376 0.101232254105239
-0.0330181223517941 -0.0110034706114703 0.106177223593804 0.0440585354355622
-0.0379425072794667 -0.0169124030270293 0.122193412619519 0.010849558778633
-0.0446751201616332 -0.0466437721548357 0.145172952302988 0.030285311473928
-0.00327511593311898 -0.0756806104773345 0.125438160363994 0.10122606224565
0.0542105232639325 -0.0561302959476408 0.0323372816027737 0.169819020328619
0.109411519956306 -0.00223892041448862 -0.0518664585212298 0.199217850259261
0.108473256090158 0.0977538112103285 -0.109463040719619 0.191600632068043
0.0586296502815518 0.177166674909158 -0.0720692175545417 0.249500620537958
0.0446341965792194 0.186903316584399 -0.00413276421148501 0.115612977272388
0.0989591964271563 0.0811367873140306 0.0942731127144121 -0.0696430373070845
0.0938024158238599 -0.00419958557117933 -0.0674412194340022 -0.169877476581638
0.0469094807511493 -0.0568895619485183 -0.213080945214975 -0.0314483275762564
0.00600481752502634 -0.0814961974616055 -0.142691948230096 0.146329113116354
-0.0436088932586208 -0.0675917555673271 -0.00896748629861588 0.163014978144497
-0.0602586796727766 -0.0317725442223307 0.0585012097112087 0.0994090715040879
-0.068926834594582 -0.0244217967801573 0.0848520752045341 0.0385426219118213
-0.0699162675284855 -0.0340163348932852 0.0979804408404236 -0.00590052795492397
-0.0766636237033637 -0.0814683984839033 0.12901221515917 -0.00875589907180919
-0.0139339001169845 -0.129334729285662 0.14422788078546 0.0460755598471228
0.0789020070374387 -0.107476125739027 0.086281142617152 0.133882244607131
0.177342247634652 -0.0132652788783468 -0.000280644368016086 0.193839534849478
0.163531827783155 0.150675597256486 -0.0790415933064064 0.185693511675954
0.0692784665862873 0.253362703082549 -0.0609873486141518 0.189815660900641
0.00539972044951717 0.247272010243157 -0.00281465297559681 0.0422626032624692
0.110338915164999 0.163882499969958 0.105566660997651 -0.0936892758712259
0.157415912902155 0.0444267629055342 -0.0291521992010851 -0.210585944024109
0.107087275384124 -0.0791564331532564 -0.198371774044447 -0.0896735470862234
0.0234732048851228 -0.130571284178406 -0.161198495304016 0.0887254218681864
-0.0578829290920713 -0.109681955427238 -0.0480369204113747 0.130854020376904
-0.0880897411242631 -0.0535594772985304 0.0201769751962742 0.0868429967320739
-0.0950024451073151 -0.0340610485483554 0.0507601919084773 0.0281233534080363
-0.0915077489358005 -0.0428057146286554 0.0617231141849263 -0.0234596722325735
-0.0987107483743087 -0.0981390562790493 0.097500782304787 -0.0486575760562171
-0.0321445001351119 -0.161065782572667 0.142505068270419 -0.0180686708542593
0.0774066095928586 -0.149636115969228 0.129007625163305 0.0787561791058519
0.213523029674491 -0.041608666950224 0.0486513357388518 0.169372248668296
0.201501645369823 0.165239835315374 -0.0561145471581213 0.170779605460052
0.0770366667800742 0.287622010885457 -0.0568979429118265 0.114314033449142
-0.0389220274952766 0.264437828294628 0.0125798778210805 -0.0526752712554943
0.0876618917606634 0.221745706854413 0.115761382584833 -0.125926660617425
0.181453299079237 0.0999761550612902 0.0211982711820765 -0.236309004275254
0.154174406422745 -0.0737565993357746 -0.149663112208994 -0.147284320713884
0.0464236188952441 -0.15320731224475 -0.158389885702377 0.00963686241414279
-0.0590388030396645 -0.135994522408482 -0.0874991886721798 0.0786500547856222
-0.101769950376872 -0.0685371245443741 -0.026156969959186 0.062726320502465
-0.106660600850056 -0.0385529657644151 0.00883024800963354 0.0132887387692199
-0.100339564913348 -0.0443645396395863 0.0192369569431062 -0.0399077163843652
-0.105128794165361 -0.0996668248458417 0.0580613100313075 -0.080083754645758
-0.0419494417586643 -0.166205627701292 0.123105001383801 -0.0738461093883877
0.0673867863007997 -0.163111938299118 0.149316233754559 0.0217897785569254
0.21357526655795 -0.0564914007843758 0.0799923063478607 0.134147591638794
0.201082656787713 0.159929956036855 -0.0443727372985296 0.147859136787696
0.0695971720642232 0.27877054375482 -0.0580691557796212 0.0344830390869632
-0.0707825766915881 0.229924718235876 0.0373434048593638 -0.148903077103117
0.0412312986777182 0.227053327465792 0.125346702296835 -0.156059663908527
0.154145360258174 0.131236344101264 0.0687607407914925 -0.236972868619502
0.160408250917479 -0.0459588820804871 -0.0812846153161184 -0.184723728600395
0.0592843776353494 -0.140162611578078 -0.134918863281423 -0.0687652725285912
-0.0464295532335137 -0.134944174388774 -0.115938102357777 0.0167616059954195
-0.0962584270215416 -0.0714730516943899 -0.071170486897071 0.0317716080805088
-0.101883294972662 -0.037413059731892 -0.0317591985699275 -0.0040059102595933
-0.0954940001811093 -0.040712707272303 -0.0208810791009268 -0.054588223820985
-0.0953093253082739 -0.0903343204082908 0.020581953396235 -0.103381265037708
-0.0363242061388919 -0.150855617261591 0.0992999264858954 -0.112783593776239
0.0630054626835269 -0.146712153029085 0.153827859990555 -0.01883755730108
0.189395810430763 -0.0421574774308672 0.0928032405263954 0.103110326358254
0.160789390286462 0.149591690127653 -0.0391355477889818 0.122161597995295
0.0400323410370753 0.236450568549109 -0.0567586849194056 -0.0379326348865138
-0.0795934466063219 0.151528835265517 0.0597162401839044 -0.225696432760382
-0.00475560967011562 0.17445090282242 0.131673332677011 -0.176564320565155
0.0955279246014192 0.117840971167221 0.100261176687908 -0.219712373877072
0.122253960640174 -0.0170700952564805 -0.0189518365831631 -0.195054863647255
0.0518957920005155 -0.0996706653118323 -0.104698100800326 -0.124964270547787
-0.028380120582129 -0.105775554320535 -0.133382109248041 -0.0353603017947763
-0.0749082556384051 -0.0594690320191331 -0.10708251899371 0.00346848031879174
-0.0813505928721405 -0.0307500962207566 -0.066758948473053 -0.0199049561463901
-0.0788145971863 -0.0340577194752612 -0.0539159198831653 -0.067590653868355
-0.0743664964381064 -0.0733268347549156 -0.00637080777047663 -0.120637504000137
-0.021703714278322 -0.121787836781432 0.0814851819037628 -0.137347196438724
0.0622442323697853 -0.112226524530339 0.154252339599542 -0.041676855313903
0.150699561006135 -0.0100192720521934 0.0960468201396632 0.0827216610729122
0.0992643996003599 0.135240491821933 -0.0347401859654414 0.097682831872243
-0.00235667716727885 0.171251106350334 -0.0472680580280181 -0.0950248886489702
-0.0701466120042015 0.048252870344526 0.0678362705184624 -0.26865420840091
-0.0362158040403642 0.0866316137252873 0.127270977821605 -0.182002170239743
0.0307930752132036 0.0703708107051806 0.109284043425961 -0.198858731892727
0.0596299100252998 0.00262045291186429 0.0147459210235837 -0.193195492869082
0.0304408762456746 -0.0458882499856853 -0.0868949835004546 -0.151030729695249
-0.00873622644372815 -0.0589206079705568 -0.140761684042863 -0.0639375379084379
-0.0411743620918526 -0.0377508529976716 -0.128451678092157 -0.0162676854205811
-0.0490315078220048 -0.0203998229932473 -0.0900409566641411 -0.0322094844235003
-0.052855616725029 -0.0236900050024701 -0.0748961434242056 -0.079736855920971
-0.0479066000311541 -0.0508681526707508 -0.0215742649726603 -0.134425798494838
-0.00644967942052321 -0.0829164688430433 0.0745766990088687 -0.151942635983067
0.0582968244382537 -0.0712701693372193 0.158049949824407 -0.0496746782174016
0.102854705758925 0.0225050062102907 0.0985196403589572 0.073656494794036
0.0319988712113594 0.108981288950937 -0.0296482639848859 0.0786681783862579
-0.0457248102718617 0.0882188369966473 -0.0270125686603493 -0.130329553746357
0.0695988308578061 0.00726836435367323 0.0238772293955049 0.178126038500486
0.0131346602088859 -0.0539360986018674 0.0838384742088361 -0.058511479171055
-0.0441602476079586 -0.0323451667656973 -0.100697674533868 -0.108413559048742
-0.0324135378433337 0.0280821912127929 -0.19930105372058 0.0272215707667127
0.00477375000635517 0.0267361565228474 -0.100339756508603 0.187645726507107
0.011119640494994 0.0160609246579744 0.03584712736898 0.173302138233178
0.0159852971587336 0.00992634155535588 0.0872524992098921 0.101380154312677
0.00740112748300058 0.00422012350533268 0.114203493645405 0.0476273805600394
-4.27720627527736E-05 0.006385716784835 0.135091175151895 0.0233646953764029
-0.0137815655964379 0.00392177309048364 0.150666378515041 0.0594475533610706
-0.0112627023615665 -0.0105703220070007 0.103659523665941 0.140086791859108
0.000136095182079464 -0.0177736077257925 -0.0109188502577925 0.193527642461153
0.0321375656037395 -0.030724489069063 -0.0938237650683541 0.199529044485197
0.0650263249682526 0.0071848170704858 -0.146894846522565 0.197072681415026
0.0627392293091944 0.0708734191563716 -0.0903141167166485 0.293557158986802
0.0694273291864179 0.104953911479882 0.00532285327341556 0.166656698965154
0.0646027625051279 0.00497940887449484 0.0897010208386503 -0.0566979618358089
0.0218522442591359 -0.0300425969315126 -0.0900160294711908 -0.136940873752294
-0.00201439844868934 -0.0165846227720343 -0.21488109089231 0.00562546227076416
0.000832928864476343 -0.0265171575361746 -0.123359562703379 0.180293467041213
-0.0188142006325536 -0.0237882714182998 0.0192640879341718 0.179210225589991
-0.0242564074911323 -0.00960774035073749 0.0815199148149597 0.106337004599812
-0.0343895360833519 -0.0120289278698752 0.108203275832176 0.0466023507042096
-0.0393569394948848 -0.0183608629796758 0.125603139630709 0.0123111779969808
-0.0464536298890154 -0.0489324052853132 0.149748812141905 0.0313212170312316
-0.00327791192959958 -0.0786547085902346 0.129462092004241 0.106216065919984
0.056442292491801 -0.057989716749563 0.0313237072146757 0.178945901045657
0.11333892013944 -0.001028726158432 -0.0576615276686678 0.206718390420096
0.111641676084922 0.102275295399878 -0.118014699441519 0.19717830115765
0.0595252853132888 0.18561043817297 -0.0790246138548448 0.259414470028447
0.0457980171141602 0.194198733782001 -0.0051509007560823 0.12197470999251
0.10197905780019 0.0851624627804212 0.0998921970198305 -0.0689259163552821
0.0971868881875578 -0.00296746674528878 -0.0672442352892079 -0.178501721052287
0.049152046666051 -0.0575594606673609 -0.221589858939539 -0.0372368904890947
0.00692169650658848 -0.0853964736930888 -0.149697229304397 0.149831178349034
-0.0449282884924227 -0.0703814022231953 -0.0112741046148671 0.169046468691827
-0.0627087120805511 -0.033184845645458 0.0584966529138823 0.103262678825436
-0.0711971105264735 -0.0261580250330607 0.0866796176890686 0.0402764897109438
-0.0731402964295057 -0.0364981479554076 0.100678463050949 -0.00589487584994859
-0.0797145000829861 -0.0853674543101804 0.133443490906643 -0.00908303722796727
-0.0149556944423442 -0.134469264458021 0.149326936982423 0.0477382277775661
0.0830355931394554 -0.110759409912572 0.0877492043813841 0.141944238518326
0.18371883205386 -0.0116639071875383 -0.00318733262946771 0.203310781209916
0.168529184233018 0.157784289644588 -0.0870545478013948 0.19250971514218
0.0693676393460486 0.26582744720045 -0.0663067135600857 0.197457151347393
0.00366385942703686 0.257230551273507 -0.00301759533636935 0.0458531502745387
0.113255713062662 0.171351809910182 0.111692717372871 -0.0932583026431729
0.162763122233134 0.0474922594901922 -0.0274380328714383 -0.221105992886217
0.112404348704869 -0.0807459860303257 -0.205037734401435 -0.0981208301958763
0.0248424944766692 -0.135659959706842 -0.16865325992826 0.0903956933395439
-0.0604964711740529 -0.114541000986532 -0.0516482756839265 0.135987603882737
-0.0916420103196366 -0.0561051336555603 0.0198731216623023 0.0899564353931552
-0.0976530721702554 -0.0359154170998689 0.0514836045228255 0.0285773282306725
-0.0954428681235149 -0.0452434448117559 0.0628887558346418 -0.0241268461099081
-0.10270924323983 -0.102440971603313 0.100762571261371 -0.0505578023144637
-0.0332080666355956 -0.167005594280441 0.148254216848033 -0.01906084341753
0.0812939777344464 -0.154788021142713 0.132556037066577 0.0849859585146989
0.221853256382955 -0.0413077267264384 0.0482715399647433 0.178903774718031
0.209026803623878 0.172834345205437 -0.0623275140507456 0.178270569213144
0.0784544813587212 0.300778538568397 -0.061048042664388 0.119357377175391
-0.0429095460780751 0.274189348503719 0.0133733895152625 -0.0527975307199185
0.0889007569894669 0.231710322555098 0.122737388679254 -0.126350616500516
0.187018284668243 0.105910962033728 0.0256527653287712 -0.246959577302885
0.160426582768665 -0.0741961835922981 -0.153359295081546 -0.158499209941502
0.0484677826676461 -0.158598886206026 -0.166289288755647 0.00666872926006471
-0.060469820765427 -0.141371033451282 -0.0916877403488652 0.0810993479504869
-0.105377365342323 -0.0716778438544754 -0.0270724745824769 0.0648106098440094
-0.109828084349206 -0.0400526646041532 0.00908339652014687 0.0130098421966438
-0.103706003207894 -0.0466722381326742 0.0193526093568832 -0.0415298657667765
-0.109117737592264 -0.10361413278244 0.0597221482385578 -0.083979579321736
-0.0433914698542139 -0.17330928310919 0.129285565084352 -0.0775215094210228
0.0709456820913803 -0.167968197077433 0.154745456477603 0.0264264549863046
0.221623611370154 -0.0570563885600214 0.0813731159977003 0.143600547829525
0.208448127413724 0.16673357271357 -0.0492555045821664 0.154871048354721
0.0702972457395229 0.291655524338776 -0.0607120735507047 0.0360403281787339
-0.076207060709195 0.238103261812259 0.0406126112988097 -0.153396035554943
0.039848638156315 0.236737809552845 0.133445128185537 -0.158351806910162
0.158331868433352 0.137493661941048 0.075282017055498 -0.246278787761404
0.166735139080371 -0.0458533599311651 -0.0814079566523081 -0.195693071069395
0.0621510343827851 -0.144885695057854 -0.141668999428514 -0.0743346937884331
-0.0479666764561367 -0.140155023371649 -0.121250786060244 0.017098914809462
-0.0995440697649427 -0.0742328630599779 -0.0739436343117028 0.0332479907739465
-0.104619129987936 -0.0388293568600969 -0.0336785615396855 -0.00431072211200779
-0.0989474789173782 -0.043112466312173 -0.0221170119861628 -0.0570967856615746
-0.0982827511463564 -0.0944138025104056 0.0215561052774333 -0.107521170307056
-0.0381521098378107 -0.157264014128551 0.104357431195515 -0.118281664006543
0.065807198274152 -0.151240999565702 0.159820824906263 -0.0170159870263503
0.195811348392508 -0.0421989728364423 0.0948777422655211 0.11133325516008
0.16651939170664 0.156679746967949 -0.0429174519661652 0.128492391682764
0.0402000029450954 0.247867267150356 -0.0592308751718453 -0.0399407492346486
-0.0853159481961093 0.157267027509559 0.0651225138248022 -0.233403085017686
-0.0069626468987102 0.181491357122544 0.140015098418313 -0.179445143013332
0.0971547698569809 0.123306675943935 0.108398181657032 -0.226955791042708
0.126498776439936 -0.0164624372351534 -0.0160905183285137 -0.205577816900435
0.0545599297621808 -0.103008841547236 -0.10894576248672 -0.133207728400866
-0.030083939842357 -0.110267842421811 -0.138744396520881 -0.0368738818960047
-0.0773585743714138 -0.0622097847977289 -0.111237939248515 0.00307212451319469
-0.0830767682177 -0.0322524645955042 -0.0686450780807735 -0.0209264052437965
-0.081414229290525 -0.0355633863930335 -0.055542935456788 -0.0706968318857081
-0.0764843704432597 -0.077638167284053 -0.00575814058876806 -0.126117710683612
-0.0223822764517322 -0.127020472950304 0.0861480540598628 -0.143741380722081
0.0653779794708379 -0.115330279617503 0.160766411201339 -0.0415414799976446
0.155763672924165 -0.00914908865069921 0.0992167816460235 0.0891215874249662
0.101946949064162 0.141032155198928 -0.0382636225056654 0.102401966112512
-0.00479387784923194 0.177943167220969 -0.04826837767243 -0.0988569694517355
-0.0729400330826889 0.0496053640632171 0.0745654519804327 -0.27814734952277
-0.038342832364797 0.0893884617808492 0.136672317493534 -0.186619465742787
0.0303737857950739 0.0734074323708444 0.116907001561239 -0.204964297471176
0.0616903210428847 0.00347649963424667 0.0187631570803871 -0.202817831052886
0.0315428735681031 -0.0473299189514428 -0.0903296042008381 -0.159449152515881
-0.00910274956179871 -0.0622725329529566 -0.146064368438119 -0.0677807077010609
-0.0424904782144781 -0.0392713889923719 -0.133449550137643 -0.0174018696317987
-0.0504349749957939 -0.0213098431832288 -0.093305716304379 -0.034051185201895
-0.0543648050304553 -0.0246226722038007 -0.0772373238065246 -0.0830796370020807
-0.0488837784844407 -0.0528479901588318 -0.0216273095787291 -0.140793909429302
-0.00635286011027683 -0.0866253876700201 0.0787002274179969 -0.158879869995955
0.0613746396315636 -0.0730229300438789 0.165203788650245 -0.0494288978009488
0.105781653686682 0.0250068967555368 0.100902091743144 0.0796358423635868
0.0323371032111584 0.113139039812156 -0.0325111169180403 0.082182871821227
-0.0477686097513005 0.090900357194685 -0.0273087869042961 -0.135790433237021
0.073591581654316 -0.00555547649503739 0.0497141031671 0.187588046739787
0.00680987071759733 -0.0575297866616172 0.0816227123358052 -0.0711527967776877
-0.0493636680714732 -0.0269072894904503 -0.117951404440142 -0.0976158626060842
-0.0281316634724286 0.031799499482826 -0.202164274534937 0.0608935077757956
0.00627811838762037 0.0245679392888516 -0.0738086234376732 0.20989812574805
0.0126080969520753 0.0147428325309717 0.0637263140202522 0.174708862476827
0.0179134641187975 0.00782899576591938 0.10671255725765 0.0932747646713492
0.00710884843671354 0.00369728032404059 0.124216573168732 0.0317344832039918
0.000213231852849887 0.00685957770966704 0.143405756613837 0.00429692475225148
-0.0143493904505412 0.00630982003199291 0.16513480277823 0.0377586645814729
-0.0150284747191358 -0.00897722626367191 0.128565764088186 0.131203615125472
-0.00172250278018817 -0.0201109174008654 0.0168832696077723 0.206779733283269
0.0282162385677447 -0.0369450969015754 -0.0699667318423601 0.221778567099557
0.0679947465318444 -0.00336551749491089 -0.125246044063903 0.223995598352642
0.0759057704217105 0.062433587776705 -0.0539088343256249 0.319592758172866
0.0897627286268575 0.097559306885004 0.0225871212841537 0.172602135325633
0.0684689296204976 -0.00312837283247386 0.0833119099611496 -0.0714367051818601
0.0197332035011593 -0.0333416980452244 -0.116294603723528 -0.127509208386395
-0.0026067693732001 -0.0178795858385342 -0.222487596293215 0.042582416876793
-0.00576913177678501 -0.0299239229557501 -0.0985296140281761 0.208942082807181
-0.0242901340616433 -0.0224358321213829 0.0484690350032579 0.185003980658199
-0.0266089098124555 -0.00681041547522812 0.102878064027712 0.0995010738220088
-0.0376137551429064 -0.00693536512692652 0.118022516047521 0.0319553022323752
-0.0439847299247123 -0.0134202834563995 0.131287547106704 -0.00586140274481685
-0.0565666364185329 -0.0423189817566433 0.158965659219619 0.0096990408237917
-0.01719424932601 -0.0787758289951916 0.150035713531049 0.0923698616411703
0.0503180495366656 -0.0688592053596218 0.0574667567536252 0.185189466677746
0.11576011411108 -0.019065168053439 -0.0313024209902718 0.222843815914239
0.129226579980254 0.0871442170406439 -0.0946458021926084 0.218704396299519
0.0893783386557003 0.179496156169776 -0.0468428162824802 0.282812880016938
0.0802301730027553 0.196976551223082 0.000256705218748871 0.120799464953649
0.119125211657228 0.0750491834095344 0.089464860146443 -0.0865753806890392
0.102084705582197 -0.0166781167785518 -0.103443742108875 -0.174467102805631
0.0448300335772945 -0.067306271464576 -0.238289071705659 -9.57684735082974E-05
-0.00660286552417711 -0.0907879227721967 -0.130525681506508 0.183927141270566
-0.0576150446978836 -0.0665958440199714 0.0169526514048972 0.180867993257534
-0.069319098326524 -0.0257925909283924 0.0791224107783637 0.10089014174577
-0.0768224938623806 -0.016153050498136 0.0944116592002902 0.0280031162831943
-0.0807448849891053 -0.0265783179205209 0.102161872866077 -0.0205962577785832
-0.0951368034171522 -0.0746599406070815 0.134894632275164 -0.0300220174248373
-0.0365174674923754 -0.1331515072574 0.162369317340597 0.0287523428792629
0.0696467367872118 -0.126226262232112 0.110845530110093 0.13873228614128
0.186030396076764 -0.0404502494007594 0.0237405219932958 0.211085294048884
0.196067258749911 0.135740167615434 -0.0597887689501598 0.208570303661299
0.111390689441598 0.260751640124522 -0.0412063812085877 0.21672535212092
0.0467576025724209 0.270983404864561 -0.0111749242048099 0.0336428460696359
0.142624617225751 0.164197375550152 0.0954104669021858 -0.116264275163741
0.177389503515535 0.0277300351384905 -0.0729197515514228 -0.226892961091877
0.107317282888678 -0.0998811828692821 -0.234135217538697 -0.0644361816541792
0.00556362519816293 -0.145579462401006 -0.161333076377723 0.127499287968006
-0.0797594670790387 -0.110290588458679 -0.0286111544102999 0.15531998495425
-0.102370890879745 -0.0448150085551297 0.0377617006981208 0.093248041805888
-0.105225884299187 -0.0227299742656883 0.057019879021439 0.0218114056145789
-0.104799121943884 -0.0322593396804712 0.060198253060654 -0.0349871693064744
-0.120683010832345 -0.0881042554057443 0.0948343430633238 -0.06697489627626
-0.061026576569021 -0.164402601988122 0.150759739250945 -0.0412572919299417
0.0613605757844897 -0.170069045723212 0.14835236270429 0.0729143327836538
0.219785746309147 -0.076928395077862 0.0736464202360857 0.178464873918023
0.239855800910681 0.145189082570251 -0.0356948885963293 0.189599761415152
0.124913185759974 0.29521794577322 -0.0460579431169548 0.13451417292876
0.00142338275921047 0.297740548851644 -0.0078549091174417 -0.0766323466229196
0.126750265684211 0.232168499602312 0.101591012723227 -0.156109761625966
0.21136959455906 0.0858279063616861 -0.0244156234529141 -0.264165148961986
0.159071900350398 -0.0996181759180491 -0.192670862564904 -0.136668921070983
0.0281031661411085 -0.172211000197622 -0.174414845843917 0.0418040374553631
-0.0837792802842729 -0.13842850278954 -0.0791710099215825 0.105012403399991
-0.118771344446915 -0.0593152167994788 -0.0158715606195876 0.0761017434490096
-0.118191852714649 -0.0253215605906921 0.0112863388123979 0.0121145150311117
-0.113049020998145 -0.0328613973509801 0.012868121984552 -0.0454602679825916
-0.126515949627574 -0.0894124655237429 0.0471138587321633 -0.0953630175114489
-0.0714016834482484 -0.168416375048135 0.121892831205279 -0.0994727558232296
0.0482504785288516 -0.18224765812504 0.162049078850683 0.00796854140241969
0.216683368675013 -0.09310685926022 0.102905319000059 0.136857608879698
0.238269341406612 0.139631581849804 -0.0248639194275843 0.163544971173252
0.11551116158266 0.28741842787172 -0.0577956260177389 0.0483416238879915
-0.0389224332799687 0.265700955558921 0.00849252370503813 -0.186573681552708
0.0761751796289651 0.244512051741387 0.109255455537083 -0.192429895449759
0.186002557643577 0.123556121846862 0.0284973916953576 -0.273432852436423
0.169788077556708 -0.0691426897336302 -0.124339849173042 -0.188513118467522
0.0445170646738744 -0.159326325959036 -0.162603736930786 -0.0481726912617709
-0.0707717830406731 -0.13878135257778 -0.121081768038758 0.0437763025520263
-0.113163912232117 -0.0633820510485441 -0.0698869700894812 0.0503240062950489
-0.11230232076937 -0.0252340907307592 -0.0348298322693167 0.00030655075994507
-0.107285057037314 -0.029433000427098 -0.0323238602878365 -0.0551731741802519
-0.114278624293992 -0.0819358167104862 0.00472934695572599 -0.11460800727637
-0.06282738920259 -0.153567037128649 0.0905446076202709 -0.13802403742668
0.0458425311373357 -0.163938198689022 0.162089843587615 -0.0388799064563322
0.192521259004503 -0.0735805596904437 0.113327320358952 0.101204668349672
0.194345607117164 0.134821102520823 -0.023303660790974 0.136332548850275
0.0777703251104405 0.2472584171587 -0.0669743315793587 -0.0310204771703032
-0.061753788195899 0.182921158171577 0.026553860804452 -0.270044685110682
0.0196652252247826 0.192964240139128 0.116952855489767 -0.214927382090269
0.119700744423767 0.117409793957348 0.0691064070071944 -0.259875727505727
0.132375384123678 -0.0326415472555733 -0.0575200304282344 -0.211543896351745
0.043196606769445 -0.114492418390847 -0.139070361477588 -0.115779571097391
-0.0466901002577397 -0.110765635608691 -0.149189901435893 -0.0117891708803409
-0.0879106695561787 -0.0538534712304131 -0.113918213826725 0.0244320117726631
-0.0891269828251817 -0.0219960404429548 -0.0737373015833798 -0.0113259228049289
-0.0882113152211071 -0.0242230809579238 -0.0688357435350414 -0.0648663567213953
-0.0884305785178561 -0.067781305977894 -0.0262578773556035 -0.129387433771573
-0.041742143460639 -0.124640472187292 0.0677568028259952 -0.162004446213746
0.0506359240300134 -0.127047109686021 0.159959502637917 -0.0652747617581599
0.156677286949362 -0.0330947040681314 0.115017765155801 0.0779383227142352
0.125479340577028 0.128649204457489 -0.0216053215226714 0.110313793545288
0.0215297520233953 0.182328216704374 -0.064121042975322 -0.0949188464796263
-0.0666528766127403 0.0673341275732817 0.0359897069848731 -0.311465459995058
-0.0264886554839809 0.101694813390954 0.115167717956889 -0.21966747933492
0.0428377825964276 0.0748958663585835 0.0876144606891973 -0.237254372189469
0.0668811396896783 -0.00266015400289635 -0.0178847419020066 -0.214765099292617
0.0282893363145481 -0.0538256401073886 -0.123773690983629 -0.149613241046354
-0.0185832867463719 -0.063166075047423 -0.162716934036053 -0.0443780782636094
-0.0489728607302493 -0.0354092079342958 -0.141948021540547 0.00588809030466887
-0.0535211632781963 -0.0150180628240136 -0.101069528318945 -0.021464463275174
-0.0582905371992288 -0.016695888840027 -0.0924266839555363 -0.0744298605926035
-0.0566604187054964 -0.0464811676645908 -0.0435251550809723 -0.142706412605528
-0.0185960332631214 -0.0868711519963979 0.0584246694537912 -0.176132912361386
0.052112613790222 -0.0826585074045852 0.163533607968495 -0.0753687368284382
0.111085491214527 0.00968199222007884 0.116890453259727 0.0680301365830073
0.0498227853985422 0.110242885021568 -0.0187275395939549 0.0903561154967123
-0.035631173366267 0.0996006689010261 -0.04826679528498 -0.136434357462605
0.074560102529274 -0.0116253955190016 0.0651531394295472 0.186516852532096
0.00269012192818049 -0.059268716641674 0.0792616363043082 -0.0772083717076758
-0.051084578886378 -0.0232892257313605 -0.125604743450334 -0.0914402835565441
-0.0247973435589418 0.0344068253739261 -0.201965056004662 0.075126593513034
0.00812084878210537 0.0239004555020755 -0.0584279228357417 0.21761178436573
0.0135555052531704 0.0139258206361244 0.0767944831725134 0.171857317795968
0.0184783240343711 0.00593576376624163 0.114307017156572 0.0881408004960046
0.00710675233145003 0.00286803833336811 0.126153340540696 0.0237100300495244
-0.000513465788720056 0.00667826498549575 0.144330526907816 -0.00577706342599597
-0.0146702702147404 0.00747451423873768 0.168234899257361 0.0253095927314225
-0.0155304993131814 -0.0075235302110807 0.139718712363491 0.123023361731357
-0.00242074452613183 -0.0202142308616366 0.0318514557184159 0.208835712908269
0.0254154493645428 -0.038766752036725 -0.0551728241300835 0.228105144301323
0.0671786598930582 -0.00807613018103301 -0.113864416974999 0.234788218033527
0.0822818948723347 0.0569084459745339 -0.0313557571329576 0.326431694957732
0.0989643135335376 0.0905276405696198 0.036809947561347 0.173558603688913
0.0691337550267747 -0.00911857484899955 0.0814955108987979 -0.0772643203281631
0.0174233416010678 -0.0345897578578952 -0.125230039616114 -0.121608951924288
-0.00303217615968614 -0.0175639990998352 -0.222797841684947 0.0575205867248334
-0.00796703952362628 -0.0296807419310204 -0.0834797246515762 0.217461762666856
-0.0262377255335666 -0.0207237347177197 0.0632298291262348 0.182769666703185
-0.0266440741782155 -0.00500313977376254 0.109234034631174 0.0937262682754247
-0.0383069457606284 -0.00418055813498807 0.120124708739181 0.0230630531672478
-0.0463143872996569 -0.0102766215351628 0.130480572392782 -0.0156678495269554
-0.0602665284341625 -0.0380091724872124 0.16007515440256 -0.00337453268175195
-0.0237110374602731 -0.0778285892017669 0.158623569439997 0.0810024562450376
0.0462738898682717 -0.0728911184488892 0.0717906650902611 0.184408562164966
0.114761139447446 -0.0269922031004105 -0.0162748395694622 0.22769067199619
0.136198766729791 0.0782730371228054 -0.0818680285620409 0.228463127265664
0.104369648915908 0.174458248687412 -0.0267287804619096 0.288773610225842
0.0966908729513011 0.191913709953353 0.0109376536850745 0.123854712802894
0.125786674052896 0.0663475291724717 0.0861896268753215 -0.0923527963471245
0.101376839903464 -0.0239269676968614 -0.116398073659637 -0.170100770613356
0.0405733428736893 -0.0706769101363891 -0.24203496704242 0.0164183821439596
-0.0141006536950438 -0.0909905266932226 -0.118645590044856 0.194790233198969
-0.0635877885245302 -0.0624618424623131 0.0310884602156175 0.180778933979841
-0.0708688610474406 -0.0204748280265342 0.0860234311804196 0.095564177489269
-0.0782848063113697 -0.0107906751633131 0.0964122481676564 0.0214435210315916
-0.0838460524779937 -0.0205269996240177 0.0997393445402577 -0.0286620492101786
-0.102270575519335 -0.0666997454602074 0.132621628837515 -0.0408445665645618
-0.048483747915131 -0.131413269877575 0.164827866008723 0.0150645660585056
0.0608807640175314 -0.132151773293415 0.122096452007516 0.133915814841574
0.184032261741135 -0.0554777299379696 0.0392911390277999 0.212723125441267
0.207743409599154 0.121662206211423 -0.0479973142268554 0.215819903167572
0.132363143712454 0.255018992308288 -0.0261390294251336 0.22303184206735
0.0684719256015832 0.269349289706136 -0.00750331801118167 0.0372490198893344
0.156980119738322 0.154542802149395 0.0903704878583894 -0.122222925616278
0.180296734181581 0.0144435856525523 -0.0883941608267305 -0.224798512755447
0.10115183539068 -0.108072231248477 -0.241750256707014 -0.0504208327409397
-0.00596330413809472 -0.146649558738916 -0.154480940647845 0.139386704273332
-0.0896451976162143 -0.104272505246637 -0.0173674354160504 0.158263909079819
-0.106364636820491 -0.0370382143426835 0.0448070971464345 0.091382143243523
-0.107396093652255 -0.0147623986341649 0.0580829231252318 0.0175279776955993
-0.108666880995995 -0.0247558602586767 0.0562432612081629 -0.0391608904028081
-0.128942147623393 -0.079272844058536 0.0886940332579579 -0.0760926777122559
-0.0755047878130156 -0.160047688928173 0.148065978158829 -0.0548357043946799
0.0496406213652295 -0.175856077178834 0.155680875014433 0.0642624310118445
0.215334347576198 -0.0946881465619683 0.0868779325307332 0.177315904156748
0.253433701102794 0.127376216174589 -0.023974324059543 0.195464460386642
0.149390133842658 0.289613485986625 -0.036453696130288 0.140426291427646
0.0251151074661432 0.300434458182326 -0.0130760059966164 -0.0747728401922968
0.144670375745078 0.223623128027567 0.0934752006401778 -0.162220848270583
0.219499339720981 0.0706553632769376 -0.0432589669337782 -0.266065520091839
0.153327810313318 -0.111635311154576 -0.205696155171744 -0.125896557508258
0.0140573054723487 -0.176030892715998 -0.174684969393046 0.0547961627993925
-0.0966853316958266 -0.131893918437296 -0.0721902930077568 0.112044516250343
-0.124153614183541 -0.0494406338590366 -0.0100665905454739 0.0774604673743978
-0.120075144173794 -0.0164545220530015 0.0114675588330244 0.0110237399659789
-0.116578806645015 -0.0240992953952945 0.00816439460730924 -0.0469715499977607
-0.135536479927121 -0.0798330935865856 0.0398360758748741 -0.100405864316655
-0.0863527504950485 -0.164072670662121 0.114023945426246 -0.111509663993159
0.0347102251462083 -0.187327112870256 0.16500121929209 -0.00296602479409237
0.210976599862235 -0.11015395087884 0.114432364891109 0.133354482267572
0.251769533755501 0.121286875904257 -0.0138583519714825 0.169334199364555
0.138814413934862 0.281881239003128 -0.0546185652285089 0.0535848814542356
-0.0188120649242961 0.271169553212433 -0.00505042976027571 -0.186968064935957
0.0948772436027585 0.240575641832872 0.0986828455485205 -0.199978625515002
0.196433423952015 0.110692938596858 0.00899748047096743 -0.279159436252196
0.166218470102757 -0.081783849987848 -0.140214983324989 -0.183623155659639
0.0325334733200458 -0.164431994917014 -0.170196606402485 -0.0376662021106101
-0.0832520050050928 -0.133338941139857 -0.119039720081349 0.053572866225877
-0.119433605640419 -0.0541297857767509 -0.0662241066579412 0.0564586589753166
-0.114140406929281 -0.0163275605987414 -0.0360493767132862 0.00323874745455375
-0.110044284848881 -0.0209944294492309 -0.0376578737823087 -0.0530109051143254
-0.121742077848209 -0.0738346569809194 -0.00472579153158522 -0.116485375367541
-0.0768490499317236 -0.149319770894343 0.0795243142772603 -0.148542027842765
0.0340863535877323 -0.167627259125496 0.160273009233744 -0.0504255327539065
0.187621522557424 -0.0884695227121127 0.122604879849066 0.0965921735285887
0.206666321895918 0.120074614255387 -0.0130801589547257 0.14094956775134
0.0977472349404131 0.243479773677188 -0.0702257792976067 -0.0255851720141998
-0.0480171213684813 0.188741066461081 0.00691310166738235 -0.27387766856906
0.033868389433866 0.192978626631123 0.104139139066624 -0.224098167429641
0.128969732173921 0.110480068186727 0.0516734976241754 -0.266912736207057
0.131293246569767 -0.0422576336399154 -0.0728812937579476 -0.21197690607787
0.0350650772872339 -0.118280551789355 -0.150886836624825 -0.107590690068167
-0.0567575789645315 -0.107268587198385 -0.152059792459474 -0.000871926046520359
-0.0925646381960178 -0.0470500719395145 -0.113137294068426 0.034345282186245
-0.0905170466191224 -0.0147782425330383 -0.0761012916194314 -0.00555604005994852
-0.0901101127688861 -0.017287872826821 -0.074543118437862 -0.0595156228549699
-0.0947274105165539 -0.0612749394677197 -0.0365067566371032 -0.1290215557834
-0.0523403780498074 -0.122392151361667 0.0555361050495434 -0.170316283273738
0.0417317230598707 -0.13146604348759 0.155530905562877 -0.0769699146476477
0.154821918146321 -0.0441419121815927 0.123220568034665 0.0723097844494734
0.136441040489341 0.119849472876307 -0.0135137356566293 0.114505600150789
0.0355603634993395 0.182103314693151 -0.071886381779862 -0.0896136074422291
-0.0610384516198873 0.0729253277859774 0.013080549888801 -0.316913694923964
-0.0188755441235914 0.104062297854879 0.102160778877369 -0.229736037838683
0.0476172005685844 0.0723989381141926 0.0715291703917271 -0.245390954081981
0.0674594245229659 -0.00749183119656588 -0.0336178392058859 -0.218044191215475
0.0241290553741137 -0.0559655306162937 -0.137421460178053 -0.142234296099692
-0.0243087159960271 -0.0622107358595113 -0.168920693344881 -0.0328884693221767
-0.0517843581178946 -0.031781965329535 -0.142508200583814 0.0172256988600577
-0.054036233411809 -0.0108306479211911 -0.10355629360237 -0.0135298688440488
-0.0588253375931775 -0.0114448823551302 -0.0992850980509449 -0.0682172436904485
-0.0605401312296424 -0.0422923244433659 -0.0547787903295244 -0.141097036926152
-0.0258570126281348 -0.0853214204501967 0.0451963724583821 -0.18353895391384
0.0465568212308779 -0.0868622575610141 0.159662667376621 -0.0874984350105419
0.113037937404445 0.00211017307429501 0.123324225483557 0.0619309648204938
0.0586931054181736 0.107306086953768 -0.0125816424152521 0.0930996258311153
-0.029221978000847 0.102858701309972 -0.0590619266288508 -0.133869160672868
0.0710793222007384 -0.0174752975810446 0.0759353102434037 0.175833319377834
-0.0014387297464574 -0.0579327469979651 0.0733556048101307 -0.0803234199496494
-0.0504810669575629 -0.0188835445323069 -0.126659311328204 -0.0809607389458161
-0.0211330865037804 0.0340908061357809 -0.190574996064405 0.0859987485934284
0.00888576960021198 0.0220526119493099 -0.0418572596062743 0.211858220700722
0.0143492174378775 0.0127300731800424 0.0859494472299615 0.159911491118865
0.0181481975920793 0.00367994858838524 0.11589324152403 0.0785361531443756
0.00658855690746828 0.00245017354956365 0.122280491358306 0.0150982134868187
-0.000441529599436848 0.00646629346477077 0.137461719689302 -0.0150809194314154
-0.0139711685537785 0.00839565153359022 0.162877441110059 0.0122926024841709
-0.0153380505964199 -0.00566966917521852 0.142356683862542 0.110012411660596
-0.00296286794974249 -0.0200286199359567 0.0444854504084269 0.200446470903447
0.0219504324540711 -0.0388402644409204 -0.0391320007003896 0.222646541872576
0.0635683141722296 -0.0117874530310685 -0.097420264172777 0.232810785973298
0.0829247335094132 0.0492566363221693 -0.0094806468511062 0.31552217718416
0.101514674711265 0.0801092082502756 0.048963217639711 0.1661253748531
0.0650668216093911 -0.0138414561644555 0.0760710268762501 -0.0789270629586656
0.0142288171955547 -0.0343318516933527 -0.127559073590899 -0.110742673277773
-0.00362474295887027 -0.0164393182193064 -0.211859777280956 0.0692256517779037
-0.00975582922933225 -0.0286936906542877 -0.0656899585839498 0.214108061638652
-0.0262753209091725 -0.0176178211868504 0.0732367080657262 0.170856167399511
-0.0255331565520938 -0.00351806021118297 0.111367715539091 0.0832837096619583
-0.0370974567316348 -0.00158766587070698 0.115961361129199 0.0151654561126658
-0.046151807459896 -0.00698701256812478 0.123582807696258 -0.0236557450360242
-0.0612146069660789 -0.0324636162490905 0.152246728134205 -0.0137972086207862
-0.028224463266109 -0.0726124127984837 0.157754966843241 0.0671202059616258
0.0398893046428812 -0.0734392538366749 0.0813786147527847 0.174964048787678
0.10826234296455 -0.0340199465290188 -0.00161368364246068 0.219891821204671
0.135649873155617 0.0661283537876957 -0.066426426254458 0.224735954509486
0.111786700923505 0.161935951271399 -0.00704757232781222 0.279898726546488
0.10639867777513 0.176277001744159 0.0203222591383943 0.119899618091834
0.124939584029401 0.0549843422884968 0.0798402323730217 -0.0933189675963458
0.0953071745338511 -0.0294040486472267 -0.122206644342752 -0.158209723933727
0.0355741019532047 -0.0701850243050101 -0.233547709046776 0.0301819613271099
-0.0202766319510053 -0.0867879998908783 -0.102055563369696 0.195230034139126
-0.0658274885653142 -0.0552613590657506 0.0420328948531926 0.172106019902479
-0.0689878135944604 -0.0148159914041898 0.0884795631613433 0.0868153414628776
-0.0757534026413659 -0.0052456723648213 0.0927370710034503 0.0145865308036952
-0.0825367909311414 -0.0141107819887192 0.0924678689091407 -0.0329542068122449
-0.103150982563757 -0.0571211962812841 0.122960484532127 -0.0487532041972619
-0.0560568094717496 -0.122365809097904 0.158671351386376 0.00256458327584831
0.0500271067878984 -0.13091400249531 0.125965884332127 0.122792648682373
0.172753129733289 -0.0651586533198725 0.0513687663173618 0.203475078013971
0.207432589544686 0.102241372651598 -0.0342824032598391 0.211691926594931
0.144038148964957 0.237117316791394 -0.0106664808335534 0.217256229374145
0.08462198094157 0.253653953898874 -0.00353506545957066 0.0379354431405774
0.160208584975255 0.137221990645759 0.0820844271098935 -0.121528336543715
0.173336553628426 0.00207321524937887 -0.0997631215963084 -0.211980032135867
0.0905284620641424 -0.109915017666813 -0.237091234874573 -0.034542193918929
-0.0163000034117695 -0.140564483078373 -0.140483637489687 0.144077182455531
-0.0938634710915886 -0.0930845038099439 -0.00647318357142667 0.153329234737421
-0.10378985397481 -0.0280642902697915 0.0483575527809759 0.0846029785634811
-0.103191949181409 -0.00683858173399802 0.0556674362374369 0.0130806400347665
-0.106215102191192 -0.0164983745070393 0.0505044335363642 -0.0403837424374947
-0.129880785702625 -0.0670391670772719 0.0787989457665655 -0.0789285118945799
-0.0842296046109998 -0.148054711190976 0.136941523453942 -0.0647025194446823
0.035720969453382 -0.172371330177495 0.154127052804673 0.052803947776459
0.199923957129963 -0.105314881383971 0.0954018254897629 0.167169575708139
0.251685133150548 0.104400907960536 -0.0110670227714912 0.190979222551318
0.163099045322677 0.269066463724095 -0.0255923279462813 0.137710092448756
0.0449366371374072 0.286486684088856 -0.0161441173672913 -0.0693790393867245
0.154209422412467 0.205061142518127 0.0825107116365889 -0.159499900284747
0.214689776523913 0.0539192822789657 -0.0584812682708491 -0.254011482494128
0.140172830696018 -0.117095751187929 -0.206513003265348 -0.109830155491927
0.0010561082018633 -0.169902650692101 -0.166187890301275 0.0629930479508262
-0.102707413186427 -0.119213244400228 -0.0615096800969449 0.112704002871693
-0.122077785984819 -0.0390532970987508 -0.00485042522154683 0.0746380575244895
-0.115764079151661 -0.00827422336104381 0.0109146338442321 0.0105210792384665
-0.113818128477981 -0.0149372333110346 0.00329135058939956 -0.0445250838338553
-0.136221797643618 -0.0670148714535864 0.0297484383025652 -0.0992967595474627
-0.0958226758720236 -0.150874496471501 0.101103897872063 -0.116420103416027
0.021145188124974 -0.181179936968151 0.158167584054013 -0.0121890590856023
0.1939111160846 -0.120122024022116 0.119262390022469 0.123264136697071
0.249646440006506 0.0990424378751434 -0.00283544670096598 0.165082186507545
0.152883498256405 0.262293162360254 -0.0478724777219723 0.0559210254051774
0.000571551145317964 0.261141414774864 -0.0166097221110411 -0.177989100594972
0.10741892203812 0.224830397478796 0.0839450997720838 -0.197096312499152
0.195385698391068 0.0942311554265154 -0.00856405067979483 -0.269329008044135
0.154976578911716 -0.0902522536565786 -0.147035881998634 -0.16986098665575
0.0196117731473781 -0.15968385747929 -0.168131587245454 -0.0249733224521649
-0.0907282090767431 -0.121677747798719 -0.112018199705972 0.059492101037898
-0.118187557693307 -0.0432491354231957 -0.0598117274463058 0.0587593807917983
-0.109653788388953 -0.00838110389389186 -0.0345216278457641 0.0048685595666961
-0.106717539749302 -0.0126525407651883 -0.0402250942843527 -0.0475640760835923
-0.122129285722803 -0.0621726252598663 -0.012722947144705 -0.111342094691925
-0.0844793541380936 -0.138230679247943 0.0650895628537421 -0.149450635997173
0.0218322551810757 -0.162385205436627 0.151289396706213 -0.0582440971619836
0.173174153412273 -0.0966528952222397 0.124699319509991 0.0867963899029526
0.206008041256714 0.100560624077525 -0.00344138407980894 0.138748425803541
0.110218330195306 0.227093336282142 -0.0677131643722581 -0.0200991174646124
-0.0324591011214407 0.18437771085805 -0.0105178394626149 -0.262675272576039
0.0456999612643951 0.183117523403777 0.0868592338849955 -0.220563795527292
0.13022262901628 0.0983284561670623 0.0329889659571085 -0.260523461268899
0.123524497647193 -0.0490268082397353 -0.0838112438168404 -0.200678626130128
0.0254122695510022 -0.116018641774285 -0.15487972824234 -0.0938051162288033
-0.0636886646611266 -0.0983474713314521 -0.147124508447973 0.0103375925748771
-0.0925510293254512 -0.0386093673044854 -0.106422008581873 0.0404711677311465
-0.0871570214747692 -0.00859353740961724 -0.0740732568833386 -0.00048612248191913
-0.0865520450004556 -0.0102019529765789 -0.0763742751783888 -0.0519875396490652
-0.0953912727072116 -0.0520413888834768 -0.0441875960943659 -0.121755367696402
-0.0595120776777104 -0.114087538075875 0.0407383238758663 -0.16875222309172
0.0315583812498313 -0.128620897589414 0.145586176058317 -0.0839382914281
0.144582126192934 -0.0523239610653238 0.123315596656701 0.0630956379774726
0.139021611830933 0.105525860906552 -0.00538971186896668 0.112522942285654
0.046084047010216 0.172522168272077 -0.0746285050272181 -0.0812689268894868
-0.0528761762397025 0.0733523097841748 -0.00780887371283632 -0.306198612916085
-0.0105791774164335 0.101050100990725 0.0844263204565429 -0.226942150105124
0.0504406269572233 0.0662282877544524 0.0533572402826814 -0.240776730403756
0.0650504417487663 -0.0107610121238316 -0.0459977451615064 -0.209065722490893
0.0193916763810803 -0.055264919189397 -0.143094091757325 -0.127808469131149
-0.028550250303869 -0.0575123512119898 -0.16596231606243 -0.0197606294738197
-0.0522796571471423 -0.02664054148098 -0.135227921218632 0.0265577130881664
-0.051886423310386 -0.00713989124454855 -0.100371032811788 -0.00598158339731562
-0.057222286033368 -0.00674754372464038 -0.100331058481556 -0.0583506013423102
-0.0607666129836567 -0.0364285484413396 -0.062509862514112 -0.132336338223078
-0.0316528036347316 -0.0805277350144596 0.0302376515621707 -0.180859002727805
0.0390060337184036 -0.0864210096629209 0.148068409839245 -0.0941765989317664
0.107861842763172 -0.00501321064941162 0.12264537031063 0.0525641904223489
0.0634331909513002 0.0990804305429868 -0.00593536545425231 0.0916915330120557
-0.0217182914438509 0.100389831296359 -0.0658126097451298 -0.123909603435124
0.0660639813164708 -0.0191998917566664 0.0776528988431074 0.164504285515778
-0.00311119802036393 -0.0545307828222404 0.0691549258223954 -0.0779775146858386
-0.0477078933636749 -0.0161076998993031 -0.120766633509265 -0.0752616485425094
-0.0179283384924088 0.0317211837745921 -0.178907461827641 0.0857699077473142
0.00898441435557995 0.0199777881384875 -0.0342931554479985 0.200191745418468
0.0142148246589022 0.0119129716290529 0.0852108659838763 0.147937868820626
0.0172933501243549 0.00222492768624079 0.110888485388585 0.0722389089045867
0.00630569697514595 0.00191679862256311 0.115207538074735 0.0116684764823222
-0.00129488495592448 0.00622182239263859 0.127953676496272 -0.01708509144372
-0.0130848149888258 0.00783378193471669 0.15259128829486 0.00781002896977509
-0.0140483560060099 -0.00547863035103126 0.136898812466772 0.0997784069164284
-0.00326356815237263 -0.0191848805595119 0.0474025927767376 0.188426904044239
0.0195239264647668 -0.0362907041554993 -0.0332399514752816 0.209078379203178
0.0585022762483617 -0.0119063204772134 -0.0880400311700304 0.221013770634149
0.0784137179180938 0.0442946367332524 -0.00218646886924043 0.295811641845723
0.0975576383469385 0.0710119579781284 0.0516307139630236 0.155701828062464
0.0602812200446549 -0.0156147382809277 0.0721281464656323 -0.0765873509792595
0.0125832499732448 -0.0322030228066825 -0.122628645889001 -0.102836659050963
-0.00262769792244227 -0.0155636538119197 -0.199308112844428 0.069512012779027
-0.0102309063243802 -0.026494425323628 -0.0570077025409328 0.202466327982241
-0.0256472046036327 -0.0155365194067484 0.0728551530802597 0.159045135265906
-0.0236665224996177 -0.00298493263557909 0.105981683580089 0.0763895366943267
-0.0347080820235002 -0.000709083785766506 0.108670217181759 0.0118616012072226
-0.0439819168500054 -0.00467104466505261 0.114199632923756 -0.024677248283518
-0.0587624922454559 -0.0277963197684369 0.141799167748429 -0.0173200456065744
-0.028577874562055 -0.0673865835512952 0.14893293750612 0.0594801250199252
0.036409033216967 -0.0703197287063023 0.0813468012923401 0.163397368891344
0.100283481227923 -0.0338234599504285 0.00286432345906232 0.207650057860935
0.127741770612286 0.0586441678380473 -0.0591299529635249 0.213268805392099
0.108846419430385 0.149176631579778 0.000311973207327402 0.262855252506518
0.104950948503725 0.162082592181224 0.0235843967622961 0.11330516255792
0.118646613810964 0.0482184012113142 0.0757353195597438 -0.0894799065670139
0.0882521042519393 -0.0294653546186915 -0.117836117730689 -0.147224285445368
0.0320659900432914 -0.0666750102340079 -0.219860815649471 0.0323817475177677
-0.0217329708400414 -0.0806790091343762 -0.0916500438144969 0.184752856961969
-0.0633585119529845 -0.049457208680779 0.0435796178047133 0.160049407190585
-0.0648746146687277 -0.0124189241236933 0.0847958534929333 0.0793936640375921
-0.0716030718866842 -0.00298644259852606 0.0867681771878918 0.012477408884691
-0.0784748517678021 -0.0111249177308999 0.0847738275457457 -0.0325572954389055
-0.0993214225131258 -0.0500700045776977 0.112897698862529 -0.0490586739104027
-0.0568212933036366 -0.112937326243554 0.148076396637205 -0.00235230533039765
0.0434896714984639 -0.124676063653507 0.121955002604252 0.113811028308199
0.160028377533292 -0.0647025369307667 0.0523824063909416 0.191010498550247
0.197564252592238 0.0903342778905978 -0.0286196761190753 0.200880672828012
0.141231143945477 0.220175463069392 -0.00406921974321185 0.204049218990077
0.0864177610561882 0.234625924478391 -0.00032630827661022 0.0372007848785835
0.153718195737003 0.124188311952882 0.0770615600965164 -0.114556291118704
0.162218447438239 -0.0016194365384788 -0.0975899351182116 -0.198543981354039
0.0828351180545999 -0.105370589502556 -0.224864848401752 -0.0281419315437835
-0.0195379627245149 -0.13111338981768 -0.129925696634611 0.138572564920584
-0.0913909132182663 -0.0840123963242547 -0.00219305306958487 0.143866604622549
-0.0981603715684754 -0.0233850995272193 0.0469599963842832 0.0782774784367361
-0.096822525080743 -0.00419403991898911 0.0527465366692461 0.0117095052312601
-0.100361127213343 -0.0120489999143651 0.0456912250400673 -0.0382146937968252
-0.124790402782218 -0.058825138912032 0.0708813089577185 -0.075968625052636
-0.0842733534349489 -0.135474135638857 0.125281702989973 -0.0651916380829528
0.0289655467581119 -0.162109237940632 0.146248240828681 0.0479287953099251
0.183832739491857 -0.103546766662072 0.094134165333886 0.156149691903264
0.238455324942082 0.0916192248861697 -0.00647549983420193 0.181779186558325
0.160691359294155 0.249606297195353 -0.0198235332597164 0.129747098831059
0.0495467781837195 0.266998641838497 -0.0151942365187706 -0.063045402438219
0.149263062733675 0.188527769292404 0.0759664788761994 -0.14960404786682
0.202546173859 0.0457616989574193 -0.0597771393244552 -0.239160563074845
0.129126791566519 -0.113273514457646 -0.197726457770206 -0.0996061190366093
-0.00407063940646813 -0.158897541666555 -0.155789339681444 0.063312075713772
-0.100815552972084 -0.107694459566927 -0.0559748752793696 0.107978026810832
-0.115554932355012 -0.0330311845124317 -0.00190283315270836 0.0700052640568206
-0.107890192364798 -0.00424973805767346 0.0100709440428429 0.00972127437212048
-0.107414762252873 -0.0104556528655716 0.00125378209191126 -0.0410385019382523
-0.13045345941657 -0.0590007504221066 0.0248010434918657 -0.0932223180602456
-0.0946112373486702 -0.137863211198891 0.0896821431828106 -0.113544363558847
0.0150496853281399 -0.170521558334564 0.149393714646126 -0.0140890510483011
0.177908770507462 -0.116612116145176 0.116119500805997 0.115045127198829
0.236812212288817 0.0853415762670876 0.00130726143730183 0.157384420314693
0.150285674999907 0.242402269316919 -0.0429966459071143 0.0534285688274236
0.00697769230248318 0.244607053353501 -0.0184250665437223 -0.164953843900245
0.105982330683547 0.207685559247759 0.0769120628293623 -0.18464163657417
0.185212092848405 0.0848701962242426 -0.0141480443227963 -0.25355981711265
0.143876109128619 -0.0888732214507521 -0.142386888567579 -0.157624616729908
0.0133323676986737 -0.150458397057966 -0.160599408432785 -0.0193124700705984
-0.0893840365732616 -0.110478543392095 -0.104856566408578 0.05945882127399
-0.111890357668888 -0.0370960870053833 -0.0542717175649736 0.056626564214936
-0.102174813759081 -0.00523945748156219 -0.0327225345489014 0.00696688339553988
-0.0996748404884755 -0.00887658094842854 -0.039960966318259 -0.0425619201987707
-0.116993207297817 -0.0553279280773105 -0.016079031483867 -0.104115642989092
-0.0842611962551369 -0.126527713970811 0.0555583675009689 -0.143159275895096
0.0161748162971337 -0.153463556309264 0.14130419150366 -0.0567436316794006
0.159317018783278 -0.0941505020932625 0.120120194645459 0.0807044323363213
0.195766412711651 0.0887401401525914 0.000332311888989004 0.13190476441182
0.108577892079915 0.211038874945526 -0.0641358122363428 -0.0169848905582457
-0.0259075053288239 0.173147180858831 -0.0154397154991457 -0.245647360687615
0.0476093273383547 0.170757592388871 0.078619332430785 -0.207788095960124
0.124484575536246 0.0901195762968663 0.0256768525634062 -0.245618795285666
0.115244164226693 -0.0493801952049962 -0.0834793994881048 -0.188116342041864
0.0209111651271522 -0.109898285800823 -0.149476002287409 -0.0844267771515982
-0.063529565074672 -0.0897936802324514 -0.139069310205589 0.014359537588594
-0.0881049773788312 -0.0334071238974589 -0.0984093197016548 0.040599231149857
-0.0809043765591128 -0.00602095467197744 -0.0692893529647728 0.00165384760333986
-0.080595679598505 -0.00661608678416487 -0.0734289132382502 -0.0462218963102853
-0.0907321693859625 -0.0463535987485751 -0.0448881332241714 -0.113478574349015
-0.0596927833148851 -0.105400940160571 0.0323398727870309 -0.160240194163212
0.0264913916500656 -0.121731660344465 0.135882536383065 -0.0812605976582376
0.134143792595575 -0.0515357072264809 0.117488632610948 0.0584266618116615
0.133715273917074 0.0948456290216115 -0.00217160440069915 0.106899204546953
0.0468441103967712 0.1608631719666 -0.0723674531009195 -0.0747992585049857
-0.0477581594004913 0.0701792587027654 -0.0142538250163197 -0.286925275448205
-0.0071128330404015 0.09484146685349 0.0753794863205095 -0.214606354866793
0.0482161096130285 0.0615899156776657 0.0459622255045561 -0.226760223522685
0.0608833503251372 -0.0124633604823476 -0.0481347123677753 -0.197229019423091
0.0168807953703502 -0.052197614676145 -0.139290377341322 -0.117139742165789
-0.0296717799381339 -0.0526318249932329 -0.157766254148282 -0.0138715877142473
-0.0498402010255283 -0.0237380698610428 -0.126478565650749 0.0286299130584279
-0.0482353597855197 -0.00525960627075445 -0.09469425993591 -0.00361921960085267
-0.0521139844812591 -0.00447120210676976 -0.0961193634112896 -0.0517586917329249
-0.0576052122613121 -0.0322734622632 -0.0624967387941069 -0.123323838569264
-0.0319123502082689 -0.0747545447078722 0.0222490105067954 -0.171009933513909
0.0350819306867884 -0.0826664611579628 0.137139242947394 -0.0920183337464633
0.100508150638133 -0.00658486038444617 0.117236135288842 0.0484609362290415
0.0622329648793042 0.0905649668404097 -0.0028134970175747 0.0872647267982637
-0.0186216118677004 0.0947513508479618 -0.0654328517736843 -0.115274237730265
0.0632945481070477 -0.0180037855901765 0.0740861055195402 0.158095676060431
-0.00262469701285058 -0.0521393433432757 0.0694548309695175 -0.0747306280736759
-0.0452128246399771 -0.0164459940919633 -0.114006082096232 -0.0750300175401686
-0.0174950685242988 0.0296407797644253 -0.173673248247398 0.0788212346343895
0.00831144855043602 0.0192742666477769 -0.0358525794236571 0.190506412320425
0.0139988637185871 0.0115699778447781 0.0794270279392317 0.142668938100601
0.0163075200465564 0.0020992540916549 0.105431260347859 0.0716612491970147
0.00564986687232582 0.00210661594171597 0.110140966114718 0.0132101629055319
-0.0011257179241588 0.00681469570792258 0.122987901138263 -0.0143852377731664
-0.0127172849407984 0.00737128223655282 0.145510173502647 0.00942506038851505
-0.0132284521517985 -0.00565171550934071 0.129356438660533 0.0984727442342086
-0.00282865927792801 -0.0188315153201891 0.0416967186723666 0.18189398687629
0.0190726561545564 -0.0341058452471 -0.0366084800586873 0.198891864337488
0.0552439575575685 -0.00981661728787578 -0.0905995335751592 0.2098505402707
0.0743913314823238 0.0436277133297494 -0.0086508094264686 0.282437644229847
0.0925834273649534 0.0686320904363748 0.0498883767383126 0.150628898593138
0.0573367284736237 -0.0138306279574041 0.0733313648543985 -0.0724515242384061
0.0124169807882815 -0.030608601963506 -0.115672280746751 -0.102330282829575
-0.00198647238326508 -0.015518133910106 -0.192975146655782 0.0637671087707135
-0.00982673071896853 -0.025672555303785 -0.0576944461964087 0.192514290816574
-0.0238556130243568 -0.0145339833353715 0.0675395227293632 0.152928404130041
-0.0229494309869067 -0.0034826130085841 0.100257162722606 0.0754203527421533
-0.0334691190418117 -0.00131937278223268 0.103956595996985 0.0137552911588614
-0.0426350639833678 -0.00493884244539745 0.109808629283848 -0.0208205448251123
-0.0562167363524531 -0.0272111161679143 0.134849122008368 -0.0145389624483159
-0.0265436277740262 -0.0640807996982296 0.141907476036344 0.0585559488586877
0.0354643455618853 -0.0670920001941846 0.0758272234988632 0.160126921933156
0.0960233197064881 -0.0302046831338411 -0.00182563761869217 0.19871399132268
0.120395445982513 0.059127191773588 -0.0628508506631463 0.203476055572208
0.10207381524816 0.14495308912235 -0.00476772943997499 0.251268335242168
0.0982548034327806 0.155025784011292 0.0235877067046545 0.110467310209445
0.111347086302814 0.0469060187148326 0.07733887915776 -0.0831444571274623
0.0842867754569657 -0.0270116708696535 -0.110502140786023 -0.144892044081806
0.0322955386284017 -0.0630346794957724 -0.211940116375159 0.0266751034657079
-0.0206331933595618 -0.077541690888148 -0.0913216871483877 0.17538785065295
-0.0603245944962588 -0.0468655510070895 0.0392521828256998 0.153635472256365
-0.0619033122818863 -0.013045387515883 0.0801793138377984 0.0775849515277062
-0.0674795870141702 -0.00388617610827228 0.0827268965090473 0.0131071153190448
-0.0755222994285751 -0.0119997515870296 0.0810392153966939 -0.028723865152092
-0.0947769194596787 -0.0487144750562712 0.107617288803133 -0.0453697012510698
-0.0531876500590762 -0.107430910395117 0.140415899589004 -0.000823343532461948
0.0439283318374844 -0.118903263581477 0.115457343191522 0.112888438961139
0.153051367022625 -0.0594412324675759 0.0468132560468265 0.185199651355053
0.186409997913353 0.0900124254111148 -0.0315109922074144 0.192909904303978
0.132239261717674 0.212923739288296 -0.00686914198323562 0.195088365015624
0.0795730801588296 0.224163402908023 0.001324985330922 0.0369152509260893
0.144607023754867 0.120828415980678 0.0794363611726332 -0.107461918518136
0.15519036936343 0.00197408190147791 -0.089698337060754 -0.193022882774136
0.0809990989582426 -0.0999544984268196 -0.215535190732537 -0.0322413974598457
-0.0176657799059111 -0.12555657937776 -0.127633961605835 0.130154596187161
-0.0866842228600219 -0.0800152627569744 -0.00445002547417071 0.137977398131703
-0.0931670964622303 -0.0235413951722831 0.043992682144528 0.0750209848655662
-0.092008147454486 -0.00515758693339034 0.0494193037392448 0.0121520380764528
-0.0959832794827398 -0.0129805881739198 0.0424684221739819 -0.0349756607625838
-0.119583797092216 -0.0579116735948306 0.0678080086628043 -0.0718410298184416
-0.0796121808258364 -0.129106828404073 0.119232007836568 -0.0615699495761629
0.0302774791287712 -0.154798576849318 0.140347017464377 0.0496703409068108
0.176604375821011 -0.0961645037482046 0.0882508304481048 0.152594465115494
0.226174003736734 0.0904029338463673 -0.00964065905349243 0.174714482585767
0.149795346729354 0.241514725241379 -0.0200744085238385 0.124666571351731
0.0437309808369424 0.254218978033058 -0.0118305483018286 -0.0589190790471299
0.140141260714256 0.181608885508795 0.0787512024372254 -0.140168569252554
0.192418277252804 0.047850782891655 -0.0526679948898092 -0.230043205277044
0.125306128787 -0.10672675858923 -0.188184225704614 -0.0998859968300848
-0.00280857343147945 -0.151872438309969 -0.15129584746535 0.0583807315912437
-0.096257583965353 -0.102893982761245 -0.0553894571222367 0.102644831921341
-0.109877868087991 -0.0326793219418684 -0.00341149791496528 0.0667204457559095
-0.102144259681973 -0.00593920833539383 0.00926046052119456 0.00999809821975246
-0.10191810352853 -0.0112600203712799 0.00123445276672551 -0.0377476009107507
-0.1239192892412 -0.0575352618692267 0.0242528755436013 -0.0893272843175371
-0.089845682831963 -0.131590638048813 0.0854285466005483 -0.108228657984394
0.0168763158272309 -0.162571343942881 0.143503164550592 -0.00965535408144621
0.170994157970859 -0.108132654220765 0.109533070465724 0.113896441367539
0.224868320442375 0.0845772924755124 -0.00115248677350422 0.151969359528048
0.13974342215263 0.234676340618048 -0.0414425962492412 0.0503885795358753
0.00382685765785254 0.232832822710282 -0.0135000768336543 -0.156656121318082
0.0982183405759329 0.200175335861749 0.0791742917314862 -0.173654618045717
0.176047808752074 0.0849382933784455 -0.00792019520471866 -0.242808731596019
0.138653162906822 -0.0826090478732914 -0.134565381304837 -0.154477326217406
0.014586080838611 -0.143400480937464 -0.154205935557304 -0.0210047242409991
-0.0849720494240369 -0.105612927867537 -0.100880056722628 0.0563536011557635
-0.106538945865596 -0.0368592232901336 -0.0528226488984233 0.0528312795640642
-0.0966315267885595 -0.00696770012617017 -0.0316789082105358 0.00607634013221352
-0.0943639355283068 -0.00945489282895277 -0.0375876888186642 -0.0404496063107486
-0.111074761178388 -0.0537307398098879 -0.0139773775468325 -0.0996392117386066
-0.080153535297053 -0.121124184697121 0.05304647188404 -0.137199588064598
0.0177670939055055 -0.146125878889548 0.136499153402727 -0.0514037808595691
0.152461961947521 -0.0869306695384584 0.114724308995293 0.0815822923280135
0.186113996155182 0.0874257013555177 -0.000855199639141354 0.127268540386345
0.10094248491112 0.204193362440573 -0.0603568618457633 -0.0176355159142873
-0.027484136091658 0.164918742470697 -0.00963838774106292 -0.234374514727238
0.0434064716439756 0.164189058162502 0.0805569166320104 -0.195770578526763
0.117412461622646 0.0885980188834287 0.0292794498361272 -0.23394378068116
0.111420214607702 -0.0454468233478262 -0.0771359872032301 -0.183097059867517
0.0211202840312919 -0.104808658916335 -0.142468497942114 -0.0830449077300011
-0.0604743146894422 -0.0855000315196388 -0.133937840325098 0.0130508390370602
-0.0838540121032368 -0.0328330654372447 -0.0950893553321877 0.0379962832772403
-0.076505559309474 -0.00718006820842848 -0.0667522478742928 0.000793731241049955
-0.0760576056522872 -0.00770417435142687 -0.0696240584037711 -0.0445045035172081
-0.0867743515834928 -0.0452328291702597 -0.0418582673515188 -0.108552143821928
-0.0570671175158402 -0.101074005201494 0.0320621123627789 -0.153814464700394
0.0275975445639843 -0.115962158174916 0.130769788225067 -0.0749919629749025
0.128401384857191 -0.0458885747346224 0.11282818879633 0.0603096396801076
0.125912960082608 0.0920886013303816 -0.00249073527944216 0.103036549177249
0.0419771246257 0.155261323151595 -0.0684860379278552 -0.0727780672852198
-0.0459310203408081 0.0653550089213961 -0.00902753727526773 -0.273867040404155
-0.00776451084275527 0.0904380947842074 0.0769317874160735 -0.202884938293267
0.0452550723131107 0.0601851108269617 0.0488780237940177 -0.216295713056684
0.0584741322747402 -0.011425071224684 -0.0426769135664884 -0.190765452746027
0.0170289057521176 -0.0498404466720394 -0.132500066634369 -0.11367241129343
-0.0288503439103523 -0.0496209297744021 -0.151467156012445 -0.0138320050245563
-0.0472741127147767 -0.0229260674543784 -0.122165163103584 0.0258280363246186
-0.045342217964206 -0.00645543852797064 -0.090478868273458 -0.00429053201588385
-0.0489563299356631 -0.00487713610610098 -0.0915494337254176 -0.0506316616169819
-0.0546746227041858 -0.0313200498104578 -0.0584096747281999 -0.119257310740371
-0.0302246162324716 -0.0718041947302589 0.0235877882313106 -0.164106006877126
0.0341728645565223 -0.0784280380072183 0.132883616402559 -0.0851606185321114
0.0966459776844148 -0.00398953458077543 0.111295482218807 0.0503375593718395
0.0574848446857021 0.0877994953495186 -0.00380175406283839 0.0840785625165148
-0.0202333188153358 0.0904499932864531 -0.0614193429520399 -0.110546014748217
0.0637620730897176 -0.0087906386255464 0.0504390288535338 0.172195889329028
0.0057461278158592 -0.0512840759932835 0.0848365263431342 -0.062479158298385
-0.0401523110347419 -0.0235714798155733 -0.0984787989581729 -0.0947688665979678
-0.0220124065496433 0.0242680552935948 -0.182513843330566 0.0494294992811104
0.0032715121667665 0.019688241526713 -0.0653719705719139 0.179497807484276
0.0123824695624529 0.0132422721331373 0.0555603862643021 0.153054442160766
0.0159765564596928 0.00457330890648576 0.0935357282889939 0.0868578401295544
0.00580591561859017 0.00203345932546363 0.1060695904799 0.0326539255666124
-0.00197104255877853 0.00487553483717832 0.123609544701512 0.00751800273196455
-0.0130264074297188 0.00450732678267008 0.140979969581026 0.0346508011765313
-0.00942161218135593 -0.00797346920905822 0.110347288567652 0.120536514591778
0.00332444294201739 -0.0192824776748901 0.00898781833457186 0.188779844546959
0.0269205121743365 -0.0261920203979919 -0.0727817726186317 0.187383509383401
0.0568404037041196 0.00367061923558441 -0.129368662303418 0.188043604764054
0.0680917184300672 0.0568829513291201 -0.0617483659070887 0.27701920252004
0.0795334240040314 0.0794703195236713 0.0214585483806159 0.159561323124314
0.0578406023781199 -0.00379081608416128 0.0848591978331743 -0.0570389330718579
0.0176709667894287 -0.0276949174981193 -0.0964952595129162 -0.118527052569803
0.00151459213871719 -0.0165358956321365 -0.197756061596414 0.0326619481862582
-0.00595257867468245 -0.0268552872721603 -0.0865804957916406 0.179830073421423
-0.0199557298133669 -0.0186770153160439 0.0434928602822791 0.161726113926377
-0.0210079970061492 -0.00799609411307126 0.0883005277914425 0.0896804051059052
-0.0320209126152264 -0.00780107830491378 0.0986763884623724 0.0316887694461741
-0.0396169487237321 -0.0129717894614156 0.110596193464645 -0.00078292069170898
-0.0496305263938174 -0.0367217294378625 0.133690132660484 0.00969195341386165
-0.0130725535423845 -0.0670908416701531 0.127178934337522 0.083375167954324
0.049462615979217 -0.0595923508928321 0.0450341291733511 0.173096708008589
0.101621904345435 -0.0100673473016414 -0.0392500780091336 0.19224207037925
0.107666683196568 0.0814428221756772 -0.0993258350988334 0.185583896886087
0.0754903202050997 0.160548076902294 -0.0501493180972926 0.246440664766827
0.0724585577177819 0.164763777144259 -0.00460005210194653 0.113251376132846
0.100051219243813 0.0650419294776782 0.0878691634738696 -0.0668422983566571
0.0866584441495054 -0.0110486358632599 -0.0876574341766625 -0.156268775496214
0.0426363352652433 -0.0560493559775304 -0.211447417990216 -0.00349329605155916
-0.00700370791048824 -0.0785934688627106 -0.114912167825433 0.15995880223991
-0.0504248401378051 -0.0562161911602393 0.0176570237820781 0.157926202840079
-0.0579050050185711 -0.0234553016830784 0.0683301859720395 0.0895849842051012
-0.06508297464278 -0.016342379785347 0.0775703028565452 0.0278782555315128
-0.0709093720948924 -0.024739935773532 0.0835068820219747 -0.0130226093138286
-0.08332719399768 -0.0637115136302367 0.111534999788048 -0.0235817467710467
-0.0321221411941445 -0.1141483195825 0.134933796860995 0.0248590139013122
0.0658790931838294 -0.108860144907541 0.0929625037825758 0.134508900574739
0.161657065016454 -0.0297052943734667 0.0104580229382323 0.188330783737573
0.16598964524825 0.121489839717205 -0.0668653290838119 0.178079612135309
0.0923519090159527 0.23279587261529 -0.0414648073940962 0.188782304056491
0.0446785540287559 0.22984005210492 -0.0199564316459225 0.0340170400210195
0.120396012458891 0.142030427139346 0.0889330506910665 -0.0900786783698686
0.150699172983197 0.0284431543000149 -0.0637807902957234 -0.19805430841406
0.0963584827539295 -0.0829740144981032 -0.206722073600436 -0.0583445913940719
0.00415510633255716 -0.124376143478722 -0.142607853690177 0.112481693960575
-0.0708881221142993 -0.0921074457889558 -0.0215373653616822 0.136046347938109
-0.0871565928663529 -0.0392057110956901 0.033681828444256 0.0819084786306836
-0.0877715969347761 -0.0214762504111238 0.0456057202134599 0.0209626423992964
-0.0902903847434349 -0.029550723683014 0.0472170810624769 -0.0253763345814585
-0.105779173078252 -0.075650338726486 0.0768443971095157 -0.0558005720468674
-0.0549628086453486 -0.138959241013811 0.124323793200581 -0.0387561347779497
0.0581022362143086 -0.146560139504134 0.128467847873197 0.0774224026771703
0.189515203234984 -0.0620196078326068 0.0563795921546731 0.164785928155001
0.204987383613499 0.128629406604663 -0.041059587646591 0.164391795972529
0.103130763803533 0.263331229276538 -0.0407405573250675 0.115166733860161
0.00436017002887303 0.254334457553056 -0.0189421654339557 -0.0653872016497976
0.106298762310613 0.200327047443866 0.0906470875574955 -0.12402752320872
0.179618255761365 0.0794893515752362 -0.0248291241586647 -0.227917664806259
0.140583663761724 -0.0815801718612272 -0.171138596761341 -0.120319518892922
0.0239910787343485 -0.14747682637198 -0.15556211417045 0.0400603262646966
-0.0758008680041032 -0.115013513510868 -0.0650172075482113 0.0941449039081482
-0.102474766065142 -0.0503339102619364 -0.0115817653306834 0.0664833291628976
-0.0982242287206889 -0.0238004852026377 0.00718815089802326 0.0113009190845588
-0.0963735543354079 -0.0285482418539208 0.00731613566555841 -0.0352207776845665
-0.111335495309232 -0.0764746735028781 0.0369085625685268 -0.0806588619941407
-0.0647157953326942 -0.143182097877693 0.0992451568710911 -0.0902549178126832
0.0458941670620229 -0.157866648472179 0.142228890165151 0.0190036201590475
0.185868967115508 -0.076369797829832 0.0847992893326908 0.131259084345627
0.204642455202138 0.121432133183062 -0.0280811806138161 0.142983747297186
0.0942882129243281 0.25568577421775 -0.0495408602901429 0.0384314076419442
-0.0308781817616755 0.227861442204702 -0.00327250984422226 -0.16402848421697
0.0627389602796909 0.211580310626261 0.0967183851663465 -0.158210519799289
0.157720977483819 0.113369659374964 0.0201477904299696 -0.234887024538317
0.149984279387674 -0.0555968002010479 -0.110896298114686 -0.165377193279879
0.0396688218721553 -0.136624883643341 -0.147342100478327 -0.0376995818564475
-0.0652530073945422 -0.115818884775926 -0.103648398537791 0.0420442289416474
-0.0988374617149741 -0.0537051377960754 -0.0586512371209939 0.0462327819658004
-0.0925454294299468 -0.0233329581206246 -0.0323690181944903 0.000331919820287507
-0.0895552796823013 -0.0251494984189511 -0.0308862877168039 -0.0444427698782378
-0.0993942201914157 -0.0712951140564885 0.00115900579823518 -0.0978853180389559
-0.0576235903075038 -0.130888467812778 0.0725090114823352 -0.124220084609382
0.0431876850101279 -0.141049275567888 0.142502535370007 -0.0246425917633129
0.16441120775599 -0.0582248818804253 0.0965048045246504 0.100428851000954
0.165837317975164 0.117400868001484 -0.0222963703967445 0.120360318995698
0.0606214202062254 0.217835109625482 -0.0559914367657432 -0.0313222241123129
-0.0509364335157146 0.156644545050387 0.0172903732525976 -0.239139273038414
0.0149511097903737 0.167076262486521 0.104720430925543 -0.181356686530006
0.100257903143393 0.107328408669505 0.0575917284183515 -0.222692846566944
0.116891830388431 -0.0245846920855962 -0.0507584852620621 -0.186384033667537
0.0392787783946022 -0.0979318931957161 -0.126806456191005 -0.0984156096412887
-0.0450342056860227 -0.091880856379293 -0.129926390156064 -0.00602845293235307
-0.0772454569153261 -0.0458211732519421 -0.0983047985478415 0.025120754017526
-0.0728164493422189 -0.0206186660394146 -0.065801737175388 -0.0107213239293131
-0.072315345666049 -0.019944846302881 -0.0613112284038733 -0.0539805601125504
-0.0768204226452146 -0.0583495631792032 -0.023708518361112 -0.112506445398061
-0.0389511286265331 -0.108230693101538 0.0549560492986046 -0.144651918209885
0.0468866322579441 -0.109690548729223 0.141807075678105 -0.0489302924867464
0.133945617606687 -0.0234107613867771 0.0988820738376072 0.0788060986008885
0.106398147210748 0.111811527355181 -0.0193020034158653 0.0972861496582832
0.0113699202627406 0.159092323652716 -0.053443657188 -0.0858825667886086
-0.0547537530399574 0.0573362236965794 0.0314603078147761 -0.275516518324731
-0.0215213999468926 0.0864430259715299 0.105681399400972 -0.189942605168252
0.0346954870913988 0.0675424081723388 0.0778137789631774 -0.20465333391082
0.0593661256796516 -0.000260249285641459 -0.0145715266444819 -0.191528689900258
0.0255418005219282 -0.0461847281735891 -0.113051374160354 -0.12957161185537
-0.0196474224338065 -0.051573612652155 -0.145256985470764 -0.0361274294589125
-0.0439541763536314 -0.0298014294890376 -0.123060997396804 0.009160376134648
-0.043361685522351 -0.0138918993338288 -0.0890020846379941 -0.020110318599518
-0.0461265433698712 -0.012632867071931 -0.0810859037027705 -0.0641932600805587
-0.0486472816387133 -0.0390604240052106 -0.0377565254765047 -0.126022099856185
-0.0185365005848493 -0.0757860427337776 0.0497311672978446 -0.156613621809754
0.0461223001421274 -0.0721419643995851 0.146846561886103 -0.0592334209410296
0.0962309566671146 0.0118716511189562 0.100223617283566 0.0693871223729622
0.041374107738862 0.095113272978114 -0.0163889633737663 0.079212352350682
-0.0381702071174704 0.0847407223491488 -0.0408924617824546 -0.121249012690199
0.0651643773264251 -0.00893627731554342 0.0521452385579184 0.176619831949553
0.00625294945250028 -0.0520389553905904 0.0906270606914694 -0.0646416437994453
-0.040462511504305 -0.0244432555453187 -0.0993142084021534 -0.100175213821868
-0.0227980174873162 0.0242994836882441 -0.189327503800939 0.0484419094769315
0.00292984023093771 0.0199477764005934 -0.0702338520782015 0.183572708402936
0.0131004816876663 0.0137184072389359 0.0548276551591541 0.156716757379434
0.0156921394168628 0.00416091935041211 0.0956755741546377 0.0908131913315289
0.00545532492375386 0.00202239737237313 0.108832457084043 0.0352611036355477
-0.00232642799509786 0.00527645838357761 0.127196653791834 0.00925969875006472
-0.0139902567832773 0.00428023874344348 0.144421890535177 0.0371510722645628
-0.00950314989912566 -0.00855292596149743 0.11128322062089 0.125717365603238
0.00371626202059783 -0.0197527909052541 0.00650080782089795 0.195308403887833
0.0278653855948071 -0.0260182241621228 -0.079647831869753 0.190445749222772
0.0579715431817516 0.00583063771299462 -0.137811785510295 0.190375729422258
0.0691131467284595 0.0596296373859052 -0.0674020681920366 0.28300245224951
0.0800749703173867 0.0818307550350387 0.0226314673281813 0.163709287476877
0.0586484555490576 -0.00341739031886599 0.0917789094439641 -0.0587956972460426
0.0185647071984982 -0.0281742260169113 -0.0974568741906046 -0.123875047574954
0.00175982519990727 -0.0167849858605199 -0.204341204579778 0.0307909135071766
-0.00635953788379034 -0.0276557445341697 -0.0915189452895037 0.182675324760091
-0.0201512121114417 -0.0189404343783638 0.0431030779552776 0.165627490956582
-0.0217873557321619 -0.00892815676557902 0.0897278239728697 0.0941593634004255
-0.0332604657006021 -0.008843882395697 0.101928781987226 0.0339224139907914
-0.0411653317416722 -0.013822054798564 0.114474737280467 0.00094525758493245
-0.050833507002786 -0.0376893926028104 0.136570267836858 0.0116834717021641
-0.0121717198238896 -0.0694907179231885 0.12848566307361 0.0872025461486613
0.0519980150555092 -0.0616096494965748 0.0446245688085212 0.179387607777079
0.103554672487372 -0.00786419941211191 -0.0439772994019527 0.197240465496405
0.108597058051906 0.0854306983617567 -0.10625211340784 0.188436696692753
0.075699065895967 0.166706335314216 -0.0552342867988949 0.25105053921026
0.0713837420545424 0.16840584481185 -0.00324318814894944 0.116990217123996
0.101426749130576 0.066871527279707 0.0942027430379563 -0.0670867466807945
0.0890848603161217 -0.0101359533982546 -0.0871919909398047 -0.162982918703536
0.0446802421345451 -0.0572736650018763 -0.217827584867812 -0.00691101422606198
-0.00723573399855825 -0.0810410684834339 -0.120541464066484 0.162072167663642
-0.0515732455259369 -0.0574153662967775 0.0167711385867596 0.161478076604783
-0.059461426749319 -0.0248385393465512 0.0689429451666615 0.0919042647988952
-0.0662852887447903 -0.0177927129147197 0.0796187172871965 0.0297623016648562
-0.0724110820393077 -0.0257821845530559 0.0865680382627776 -0.0117275897151306
-0.0861246013154827 -0.0656633595197502 0.114008922239898 -0.0232416235312739
-0.0319289397686667 -0.117064210304497 0.137071178038652 0.0270767049522665
0.0688061959192431 -0.111704325892463 0.0944711707129613 0.140582851430051
0.165923287419351 -0.0276774333979681 0.00786311580001531 0.19422335555438
0.167876821408503 0.127396967992176 -0.0718517461677 0.182683652523138
0.0924401869136728 0.24071304365955 -0.0445264063669128 0.192557791985502
0.0420375482384352 0.234414646689754 -0.0182303350640657 0.0360053135891017
0.121131056409596 0.146254521034287 0.0966968625118075 -0.0896015152833989
0.15358974662677 0.0311702499425616 -0.0616608388407205 -0.204866656118761
0.0999308502946752 -0.083926934193329 -0.211737808091438 -0.0642419736904088
0.00499684775001694 -0.127252843335241 -0.148283211501599 0.11357576134248
-0.0724077605792066 -0.0941480839081141 -0.0229301102688105 0.139162719265388
-0.0890767468349038 -0.040605592389765 0.0330298400777041 0.0841759663655831
-0.0898753683204227 -0.0232578093212182 0.0467397645893709 0.0217131619692599
-0.0919488939901436 -0.030960906910874 0.0486275248518018 -0.0237402894943857
-0.109090058804282 -0.0778351966067231 0.0786978806375023 -0.0563654272642578
-0.0554945290349525 -0.142849120527498 0.126117409739948 -0.0386039291272156
0.0611692915005478 -0.150654264149994 0.131567575109103 0.0821026435748604
0.194645643411301 -0.0608835701673565 0.0563578233779967 0.171441694311623
0.207988867431891 0.134405040276814 -0.0452023565952209 0.168895111687392
0.103456551250665 0.272235835480714 -0.0433770118031965 0.117423923103717
0.000872194198167638 0.259270604478194 -0.016923749523855 -0.0656773195723291
0.105269142801937 0.206562850711586 0.0991695819395409 -0.123181154377716
0.183083349543116 0.0843672973904661 -0.0211488084130134 -0.23451906012446
0.145276603793678 -0.0826518681153137 -0.174087342836011 -0.126300897407523
0.025191536937482 -0.151099333820939 -0.160977435663621 0.0396243261096599
-0.0776861083333969 -0.116995322139506 -0.0674049565415219 0.0963892678707034
-0.10471265144437 -0.0524038223685429 -0.0130492559639266 0.0679088656476381
-0.0995479977142323 -0.0260580191092009 0.00678555815563964 0.0119001106310302
-0.0978214836787895 -0.0309079150242529 0.00762656466697904 -0.0340917589814104
-0.114238807838191 -0.0785917223998824 0.0384458868929923 -0.0818794579137515
-0.0662813677664115 -0.147059871827291 0.100454296460274 -0.0918659367848142
0.048387303048318 -0.160848984008604 0.146727011295605 0.0226909984640652
0.191133712110963 -0.0748257384011458 0.086546424566481 0.137655398934519
0.207741300390414 0.127354658053995 -0.0302376623733078 0.147351713649283
0.094139641462803 0.26377456255934 -0.0506635400125007 0.0381008263084743
-0.0356389419255793 0.23165256580782 0.000162372550231331 -0.166764991337933
0.0616052629499807 0.216989734977379 0.10498502575819 -0.158176496870612
0.160434043008258 0.119241122946 0.0251152068162769 -0.241070359774579
0.154673089426608 -0.0562594326176419 -0.111572190121288 -0.172522863115028
0.041505248647317 -0.139506306561154 -0.151338198836784 -0.0406719870098655
-0.0668057110657913 -0.117656794015994 -0.106139145731545 0.0422360855053467
-0.100915082539164 -0.055157148266636 -0.060186160217602 0.0467429177006312
-0.0941039306444223 -0.0255772579660345 -0.0330750415264011 0.000193830317735276
-0.09097783166851 -0.026867070582574 -0.0305549521458566 -0.0447621536370709
-0.102513549347169 -0.0729402813942752 0.00234349162558143 -0.10031921754555
-0.0589117828813312 -0.135051885691655 0.0734826199031475 -0.126853722222677
0.0452190515157841 -0.144902564759408 0.147130603751207 -0.0222587705080419
0.16902274928083 -0.0568326366208614 0.0988763167578283 0.106065438069894
0.167694155072744 0.121819322944162 -0.0238410521973686 0.123625116203939
0.0598584340782654 0.224494641218004 -0.0570183576972573 -0.0330901085272183
-0.0546209438685938 0.158810371278941 0.0226912812485789 -0.243634370054955
0.0137926815645873 0.170949240394658 0.111556600057122 -0.182312574185454
0.101541888208209 0.112262424059569 0.0643880106357367 -0.226881835647784
0.120207354962455 -0.0237745420111539 -0.0486238038093893 -0.193033290294449
0.0405420861825104 -0.10063650671213 -0.129534783707666 -0.102517913767178
-0.0459045567852259 -0.0932133303531686 -0.133561508291293 -0.00686359564983025
-0.0795411665765437 -0.046806482988801 -0.100889622563056 0.0250614199113975
-0.074280332572979 -0.0224881845155682 -0.0672958246235293 -0.011704798781601
-0.072768270750602 -0.0214067596527058 -0.0622579320149997 -0.0558526913410279
-0.0785892445074538 -0.0607091064233887 -0.0236915444289775 -0.115703543982855
-0.0398045115467486 -0.110649398827105 0.0568801487034557 -0.148172811428009
0.0485387275435126 -0.112408272811411 0.146582290811171 -0.0478575742925326
0.13805813737425 -0.0213253185581835 0.101251712560778 0.0840561355601401
0.107405580361403 0.115933108109167 -0.0198643127188647 0.0991223884937118
0.00980539436558997 0.164268839586442 -0.053934689282124 -0.088744150854115
-0.0566205990362548 0.0573645820939642 0.0373907590847192 -0.281002062397738
-0.0224244872945225 0.0874186069611527 0.11225302879141 -0.191696558653094
0.0343861500459192 0.0698828357906547 0.0844942688987419 -0.208704423873611
0.0612856713945769 -0.000378657414412273 -0.0115267083945429 -0.197433526451774
0.0261532701683682 -0.0466640670759739 -0.114027452976452 -0.134202156994594
-0.0205041833380551 -0.0516190537497573 -0.149501507108883 -0.0375134563492328
-0.0446709729319112 -0.0300637072903066 -0.126926145135017 0.00850218254117413
-0.0435891444010531 -0.0154915648692612 -0.0911675938014879 -0.0216785276269892
-0.0467114426854604 -0.0136401809215091 -0.0825277480574758 -0.0663898149304853
-0.0489507640105383 -0.0412229999336492 -0.037773745396548 -0.129213456632191
-0.0191659357001122 -0.0774948232149273 0.0517795781520509 -0.160365308517422
0.0482775643970834 -0.0739487480136533 0.151462919193519 -0.0585701453633495
0.0984832337249233 0.0142360250222072 0.102447818783201 0.0742189754930837
0.040749194657703 0.0978940819312439 -0.0181406255528525 0.0812235672869817
-0.0403955148075373 0.0871253527404169 -0.0406522280118876 -0.124177707811768
0.0669607559725583 -0.0116439392733508 0.061201233660867 0.179641644491308
0.00470729856385288 -0.0539266377883267 0.0938959667050646 -0.0709841173378341
-0.0426511871476313 -0.0241679181576456 -0.103727535314051 -0.102171330402976
-0.0231125721613522 0.0252986514829991 -0.195351903027055 0.0554592083887835
0.00319453601683063 0.0204526044769977 -0.068193329000974 0.192279894798491
0.0143605990003904 0.013662242557725 0.0610195774642222 0.159455322748673
0.0167132377101216 0.0036700598188942 0.101724545832338 0.0914945041787383
0.00487664614562154 0.00197321067156696 0.114383664952932 0.0340045102579274
-0.00291622611035096 0.00554787474257181 0.132325881397534 0.00569563610596464
-0.0142278203339042 0.00536169112099487 0.149799217692508 0.0345288036905438
-0.010037052538832 -0.00907830576400875 0.118901332197471 0.12840547964179
0.00358132758286223 -0.0207891520402344 0.0120235837690058 0.202532743225057
0.0279231661013246 -0.0270709996189574 -0.079053230960369 0.197112227239755
0.0598002118029631 0.00513692385088713 -0.140076070508667 0.200207136449009
0.0728610737909842 0.0595617936538692 -0.0625245646154181 0.292566537968341
0.0843905677759457 0.0812681769449096 0.0306724387691513 0.167993506882959
0.0599653752178721 -0.00462379340663462 0.0957546063939306 -0.0642260456124646
0.0177235537415803 -0.0294645590921025 -0.102685870992238 -0.127042712282848
0.00100191135845249 -0.0173106808924132 -0.211551811707759 0.0370371262984853
-0.00834670062022137 -0.0281038729457072 -0.0895345993230528 0.191221444807712
-0.0212948350624899 -0.0191550081139388 0.0493263739394495 0.169457965997807
-0.023344200100393 -0.00836470504479177 0.095642162348635 0.0949593165391904
-0.0346393938733556 -0.00826447175856956 0.106435741594273 0.0334528679263
-0.0431824234751693 -0.0129980808051113 0.11851765616141 -0.00195216276119036
-0.0542869899652072 -0.0367062885537743 0.14145909603466 0.00853427318747545
-0.0154367515577626 -0.0711832813519207 0.135280771758557 0.0877026939578342
0.0516513332310102 -0.0649420122603582 0.0509109455185885 0.185167790637353
0.106564300146768 -0.00960718836441573 -0.0409360070808958 0.205302824171321
0.113978836371055 0.0869827395036627 -0.106694741327872 0.19792546883549
0.0828645095185595 0.170583782954415 -0.0503850608614291 0.259701613327117
0.0783250563133412 0.170658955228744 0.00242553750381425 0.12091676300649
0.105810711904776 0.066677353062702 0.0997456885999629 -0.0723727534838575
0.0912840341440597 -0.012689642750287 -0.0932048426905065 -0.167897785068764
0.0442430665716965 -0.0606894647513262 -0.226007356010565 -0.00300294939037104
-0.0106525927985064 -0.0827211954825372 -0.120326304889489 0.170921819440307
-0.0546965215506781 -0.056523144735569 0.0218586443744975 0.166355706734652
-0.0617255571170471 -0.0236008161877577 0.0732613419268473 0.0931393963113069
-0.0693356432752017 -0.0163724807699684 0.0833557250561588 0.0287489985139953
-0.0759942248707186 -0.0245077403493495 0.089245724826927 -0.013045300807563
-0.0918767180940749 -0.0648500061340531 0.116927651031936 -0.0266974594735116
-0.0368695033418264 -0.119719419300455 0.141654843509506 0.0242163662446754
0.0677599897247495 -0.117265811494207 0.102011371132403 0.144392946762547
0.169769265411233 -0.0314652280003033 0.0135310075776486 0.201468686305581
0.17677187104527 0.127694605342454 -0.0704449870797553 0.190600982511906
0.102430544958383 0.246967062670025 -0.039990379419516 0.19877735903232
0.0486084076862884 0.24004393043988 -0.015530894205682 0.0388527100055351
0.128040302825072 0.14735250089857 0.102553293314482 -0.094657992481175
0.160031797307524 0.0290144526445313 -0.0681798705744948 -0.211278414903113
0.100914570869238 -0.0897502852597736 -0.220989009993589 -0.0618550137913327
0.00044770803888119 -0.13136838521802 -0.150622595149698 0.121308130649785
-0.0777132748656263 -0.0934062546561955 -0.0195714708357283 0.144445128309471
-0.0931688789894625 -0.0384443905303106 0.0366087814345753 0.0857833738084971
-0.0934661942692754 -0.0220906122055607 0.0485742946284787 0.0220228249356784
-0.0962266182067879 -0.0293183060624196 0.0501375409341438 -0.0248409359017802
-0.115827764362097 -0.0767348243124759 0.0793941350762375 -0.0599485130755217
-0.061875597046884 -0.145480705038767 0.1274651751422 -0.0431112161544264
0.0580525773459725 -0.15754538512833 0.139276774454779 0.0825754933024446
0.199065566626942 -0.0671470789280111 0.0634476628168712 0.177152378061215
0.217890424053603 0.133723504599841 -0.0418119449943211 0.175334381392429
0.115351077575924 0.279482754850872 -0.0406098196326905 0.120694790174813
0.00714698194590006 0.266139251232352 -0.0171742411256742 -0.0660287271239482
0.114150766599668 0.20983185549566 0.103480069792737 -0.128792053384054
0.191648272644035 0.0832235692510773 -0.0265513433836246 -0.242673080647053
0.147976572183933 -0.0898094511261251 -0.1835573437083 -0.12758376426005
0.0205374318858584 -0.156373717602356 -0.165365014434687 0.0451411355796246
-0.0843689775993669 -0.11709595746969 -0.0666602293649102 0.101740241274273
-0.109841370687332 -0.0504265043291355 -0.0112324831123637 0.0704061540399142
-0.102796794864989 -0.0245155098453772 0.00744617504940841 0.0126207476686687
-0.101911061558716 -0.0287418922773447 0.00723118406977001 -0.0349111455680643
-0.121694814332897 -0.0776701459323756 0.0371487975279194 -0.0851642722246403
-0.0733852395712149 -0.148788573054279 0.0989722232526692 -0.0972140232300727
0.0439511212640406 -0.167302179224635 0.1528987178033 0.0202347755546324
0.195204667836471 -0.0812627623777728 0.0950261307413133 0.142042052583301
0.217356570371565 0.126080306816411 -0.0261131943485066 0.153282612794553
0.105592802314557 0.270759383579823 -0.0502869803589547 0.039606914871909
-0.0311453281599265 0.239305389296994 -0.00242475360470124 -0.170363260587128
0.0694985477605595 0.221714253362379 0.108368993452298 -0.164002782724531
0.16903150086502 0.119643590762423 0.0211018154492835 -0.249137611911588
0.158083887066155 -0.0623450564354531 -0.119133510294828 -0.176389203827253
0.0378386520346992 -0.145456692708678 -0.157163869552699 -0.0382764311033404
-0.0730429519033721 -0.117456332417621 -0.108149747554061 0.0474126867220966
-0.106323532637623 -0.052918759013892 -0.0617118491087205 0.0501011889378973
-0.097369398230761 -0.0248726254273871 -0.034734865102507 0.00177269687967816
-0.0934846124864673 -0.0255991739423203 -0.0329020917879603 -0.0445396292685049
-0.108683269026314 -0.0721593505589286 -0.00055905378049433 -0.102929504149123
-0.0658267824365661 -0.136926317183898 0.0708220716397112 -0.133220861026488
0.0422638034036481 -0.150581860423319 0.15248854271486 -0.0256521861688418
0.173193761361653 -0.0622410122825134 0.106225404935134 0.109083285517148
0.176763323937063 0.121668428264656 -0.0205444737197962 0.128016130457926
0.0686790300571045 0.231438973985952 -0.0597000057805729 -0.0333018403640999
-0.0521502087970983 0.163862947030253 0.01739989576345 -0.250193484277944
0.0187865743947211 0.175489482069768 0.113818045516703 -0.188966816523637
0.108418188801283 0.113935602192692 0.062094621172055 -0.2358225292493
0.123590581080003 -0.0291362562127319 -0.0547917925211546 -0.198862486333709
0.0384896924718018 -0.105431818806669 -0.136720587819745 -0.103064579783322
-0.0508850947994872 -0.0925028988081874 -0.137713609389587 -0.00307155525293682
-0.0835814942353211 -0.0453419206342148 -0.10355974478643 0.0291873877369566
-0.0764702361453954 -0.02132655201617 -0.0713463516678836 -0.0104507569627756
-0.0745448370915616 -0.02032139623922 -0.0653029863055997 -0.0548884772868152
-0.0834607515359922 -0.0599896459199153 -0.0280062374762287 -0.118867124221793
-0.0453222842181109 -0.113336525350063 0.0530748306301383 -0.154825890187659
0.0464205679576465 -0.117467326574818 0.150975035744921 -0.0536829264454981
0.142249087750291 -0.0250134921077438 0.108713354744696 0.0861124322754357
0.113809998065082 0.11696244540488 -0.0173753053748185 0.102661951550973
0.0149658137776909 0.169730643889427 -0.0594199526535311 -0.0909353368096851
-0.0563440714660851 0.0593196646798891 0.0313545849364496 -0.290511156607232
-0.020378224938382 0.0899035344559075 0.113164336986402 -0.198354604905028
0.0382679819980548 0.0719870085599985 0.0826363816154489 -0.216889995211976
0.063202310746765 -0.002147238403153 -0.015743167473338 -0.20498024406986
0.0256422338394586 -0.0494965325567405 -0.121851855315772 -0.136293887686545
-0.0225071553678777 -0.0516113254608613 -0.156117160305442 -0.0339382076346128
-0.0474075460707614 -0.0288800805882948 -0.131238665127473 0.0134097051991161
-0.0451785326170103 -0.0151873459331201 -0.0957733784914199 -0.0193099378265459
-0.0475867338351395 -0.0127431154514655 -0.0870562733523425 -0.0654922231506665
-0.0518680517542205 -0.0410450094130716 -0.0427450714842007 -0.132980523593362
-0.0224253054281485 -0.0792898423420267 0.0479200739356063 -0.167234071157671
0.0469857541356082 -0.0778860377964909 0.1555269288696 -0.0644296901662725
0.102631860053595 0.0127002491757779 0.108750837192345 0.0763109832505952
0.0449306548941583 0.0994978372171693 -0.0163952799505126 0.0842207466805172
-0.0390512144651206 0.0913962952703377 -0.0469866698957304 -0.126951028697259
0.0658934358318131 -0.01516380567065 0.0734045639118143 0.176616581466346
0.00136373705590337 -0.0546785967075882 0.0924344068903594 -0.0785766594947217
-0.0441868347246063 -0.0223352752744875 -0.109043407642442 -0.0990040001098427
-0.0218268340314414 0.027463595602165 -0.194677872005637 0.0666155785895031
0.00414640010913792 0.0205390686569994 -0.0588533717758909 0.197342433659195
0.0157176978605197 0.0119648241731764 0.0699049658282764 0.156365409047729
0.0168420152471511 0.00247387400925884 0.107942138222524 0.0869047808743748
0.00474053752553004 0.00104590501379586 0.117744649504763 0.0277476923001972
-0.00301288376008731 0.00541544731560207 0.133880879445944 -0.00220472818891679
-0.0138894330278463 0.00662803563275098 0.152695134009352 0.0265432273661971
-0.0105684026968456 -0.0091501764931482 0.127215471405103 0.123403224342968
0.0022912308962915 -0.0214091643455775 0.0221109658822156 0.203349233883188
0.0269517208967872 -0.027551600344097 -0.071037142046334 0.201766292558245
0.0601481213558793 0.00324850210852275 -0.132447674089687 0.208356662541197
0.0763510746417778 0.0557342687873664 -0.0478242417002224 0.296328415578046
0.0887434348017952 0.0767914428372564 0.0426726164055296 0.166077693937825
0.0591939735563317 -0.00778992814454515 0.0960091020804818 -0.0717146758363815
0.0160448240916942 -0.0301011592061237 -0.109572073133056 -0.124153348148573
-0.000289443667532048 -0.017478202882269 -0.211896726891077 0.0481685611749731
-0.0107062833405258 -0.0277188755758043 -0.0811109562527637 0.197409011849247
-0.0220592501297113 -0.0177772675340751 0.0586968771272748 0.166722353430334
-0.0234642664980685 -0.00722996595867985 0.101374542516972 0.0908956178590521
-0.0362600330789226 -0.0068322143249164 0.109726251434251 0.0278184853945805
-0.0448678736963458 -0.0102980325561433 0.119501611333536 -0.00826756937329564
-0.0567503982781111 -0.0333797888251233 0.142132153061843 0.00145405496469979
-0.0190860521931239 -0.0708756600278994 0.140357677512633 0.0816541775720491
0.0484705164036895 -0.0683832947865224 0.0613153412104517 0.184872048283828
0.106879392910246 -0.0145798972671161 -0.0315956873858479 0.208057397924106
0.118505321312818 0.0820080455794379 -0.0982389347988443 0.204253337892
0.0927797022771508 0.167073186118492 -0.0367380006736826 0.262150947699592
0.0867546236306258 0.166953801863749 0.0123337183606966 0.121211760562529
0.109284708922558 0.0606572501431887 0.0999551293224809 -0.0789212870098235
0.0908280055680519 -0.0174339859959136 -0.101818017754365 -0.165246651538372
0.0411291840721731 -0.0633550807568409 -0.228377169790438 0.00878413006081907
-0.0161348265614692 -0.0823260227937306 -0.112569229103702 0.177872590036447
-0.058022585163663 -0.0531360622213746 0.0308787790701655 0.165442952675046
-0.0637163126532314 -0.0194937886449611 0.0782543475476691 0.0899156857175492
-0.0708198030352535 -0.0134298651682996 0.0862680780806942 0.0245799368573475
-0.0782963664730664 -0.0203203354150317 0.0896917354821029 -0.0179684417288794
-0.0965003142210064 -0.0582913419134717 0.115562808518431 -0.0326617102050919
-0.0445596422066636 -0.117923968689093 0.142151173690765 0.0176387149713455
0.0610868939229017 -0.121872956280608 0.110767803349843 0.140619695858245
0.16914032852551 -0.0397990262593729 0.0240062601746984 0.202212309761703
0.183690205798791 0.119773053233695 -0.0620567028685854 0.195094945426407
0.116946689205933 0.242968719768471 -0.0291882013976908 0.200354579219109
0.06091577297307 0.237519499332977 -0.0107309089123901 0.040262951207223
0.135832356966051 0.141195032003801 0.101700975263805 -0.100252415872445
0.161807784346811 0.0210874665306562 -0.0789292253867027 -0.20971176624793
0.0962246721334083 -0.096107800350614 -0.22655497876417 -0.0521695069889529
-0.00831010206761479 -0.132475094267475 -0.145469056146654 0.129543739214637
-0.0835167684488874 -0.088186751971133 -0.0120466916687002 0.145881758040537
-0.0956411042411731 -0.0328949855360687 0.0407689277888606 0.0841283662496086
-0.0949873331978493 -0.0179187881623971 0.0506944690061098 0.0198922746826432
-0.0986773487998099 -0.0238532547367635 0.0503365396862536 -0.0272695709305189
-0.121894134853661 -0.0691670070011264 0.076343189977475 -0.0643617680604678
-0.0715061890689611 -0.142022764898467 0.123994018827885 -0.0494667580492189
0.0487108870223979 -0.160897769374407 0.14558899702285 0.0770589964355787
0.19623995293987 -0.0768699830883156 0.0746776690671506 0.175973297872133
0.225887571355408 0.122519748706977 -0.0330635382324621 0.178321708134544
0.132460422572633 0.275026178238899 -0.0341409943005894 0.122015430793003
0.0199164286970151 0.266378141514293 -0.0178823156705773 -0.0643126352721847
0.125578329546445 0.204152103980448 0.101442606590388 -0.13357165264825
0.197594339321565 0.0743615986623811 -0.0385935620772653 -0.243433275393791
0.142873855534688 -0.0983835475075275 -0.190904365419244 -0.119980310241352
0.011362508894868 -0.158382768309259 -0.163859970133458 0.0532657161668936
-0.0913831269838836 -0.111052375204072 -0.0614629245279061 0.106063086631091
-0.112890561896733 -0.0429671900041706 -0.00809963983446751 0.0716696778504526
-0.104815444146483 -0.0199812271186665 0.00816564555818238 0.0128361317343387
-0.103725063545689 -0.0236015408413167 0.00596184247804299 -0.0343205090018036
-0.127044140846734 -0.0701021947439514 0.0320432828207065 -0.0875278153206913
-0.0835894593701697 -0.145474094650352 0.0924618114849264 -0.102640999231457
0.0342756140761643 -0.170176778033278 0.15636674480526 0.0134717471511905
0.191677543029148 -0.0913248030795549 0.104272969424332 0.138120920632337
0.225719236081947 0.11508201637177 -0.0178834016079428 0.15475895276739
0.121558809968787 0.266460700813164 -0.048176748629787 0.0414131850182337
-0.0195867799668216 0.240889483782804 -0.00960497848555603 -0.169299408428784
0.0807144658316161 0.217903707909506 0.103673707967354 -0.169004589603234
0.176714519766487 0.111778800241209 0.00929762670907469 -0.252227969390335
0.154968674386628 -0.0721910780162094 -0.128457530576981 -0.171913840153275
0.0283767188953338 -0.148972917204635 -0.16053070539897 -0.029848743872263
-0.0801959358164066 -0.112018367703201 -0.105714518690247 0.0533162608427556
-0.109574650085377 -0.0464285158106463 -0.0591514332423559 0.0537578750598475
-0.098654145540384 -0.0203284475942916 -0.0353760397375854 0.00386541303744429
-0.0952404459048883 -0.020474312718501 -0.0347700916412454 -0.0415139838179827
-0.114003757582349 -0.0650574939959479 -0.00685651440033824 -0.103550791250063
-0.0744282953658515 -0.133630309002618 0.0621583747424514 -0.137107431006767
0.0329237788124311 -0.153127844883898 0.152916342746008 -0.033458254682285
0.17091328090118 -0.0707307896591406 0.114765213349383 0.105642017718511
0.184785961105505 0.112448089290467 -0.0137996195889041 0.12963953733494
0.0833651392614201 0.228080606005419 -0.0617661415693467 -0.031234610690017
-0.0446918521425392 0.166425797776285 0.00581812397375018 -0.251193927372841
0.0280523754056592 0.173768951329173 0.107026186319378 -0.19467514637716
0.115649061778804 0.108927893896415 0.0512850218132662 -0.240273856337327
0.122266477842112 -0.0363456126896584 -0.0642913135527602 -0.19847891835397
0.0315070104109333 -0.108562155047926 -0.143260139307366 -0.0967174766160573
-0.0567629017525638 -0.0891373247768182 -0.139124961499488 0.00560481062461363
-0.0864324583268432 -0.0397508932834451 -0.10259188430569 0.0359095559145462
-0.0778386609462238 -0.018420197813357 -0.073090218113145 -0.0058765291245865
-0.0751631811853596 -0.0166035810113116 -0.0685449824642942 -0.0503837848864905
-0.0876226849417006 -0.0545195243878937 -0.0349658590511475 -0.117301770616953
-0.0523667962829829 -0.110308143798737 0.0434501961729624 -0.158122989672995
0.0394413221548394 -0.120621833910164 0.149901804432936 -0.0606951056105395
0.141656416397218 -0.0322246168289155 0.115812576574278 0.0822337343213264
0.12060027443042 0.110575438044407 -0.0123280426670196 0.10401884691882
0.0249154701229635 0.169210322716874 -0.0653322186241277 -0.0878461300661565
-0.0540045022649731 0.0612699575398935 0.0167496779712482 -0.292282756584891
-0.0161078266151826 0.0900716143984087 0.104964183521377 -0.203468951743073
0.0423841705219308 0.0699691817251679 0.0736671967854015 -0.222641848132798
0.0627894363244388 -0.00615565834579756 -0.0255153563472058 -0.207028953872022
0.0221771728806704 -0.0514419936626962 -0.130624249127511 -0.131082578434486
-0.0258226002519379 -0.0491326792544436 -0.159455773948137 -0.0240804708824127
-0.0489668636431479 -0.0255879474885659 -0.131655737733486 0.0219443452387733
-0.0456329861126271 -0.0134174160724077 -0.0981733061921409 -0.0139533646390307
-0.0470414916395213 -0.0112075568269598 -0.0914838072607193 -0.0603470444453174
-0.0544243667098561 -0.0374048011026395 -0.0514010490482943 -0.131450055691358
-0.0275484416874522 -0.078125019337214 0.0380855291651037 -0.170341977722391
0.042263807501197 -0.0808018390663016 0.153292053075395 -0.0725630620479611
0.104037960414955 0.00725296108096328 0.114633860397512 0.0716604948306652
0.0497721050017456 0.0981109944705815 -0.0123789039271914 0.0856526322716653
-0.0338602008874366 0.0937770214325882 -0.0544663126067129 -0.123824057949548
0.0625446246763037 -0.0179763356229223 0.0813795626830481 0.165398851427212
-0.00164079078459771 -0.0527104989801256 0.0871141278628185 -0.0829166259568133
-0.0445938904340653 -0.0199103636389582 -0.110096143595286 -0.0925608094946286
-0.0197193024532277 0.0270025904251195 -0.186196592275932 0.0742157215423916
0.00453834934407812 0.0195836844925864 -0.0475408297178054 0.195006264559727
0.0161955603588394 0.0101026749451416 0.0750582104257205 0.148233369135265
0.0164651530877302 0.000841211496987377 0.109751197347753 0.0788981121892751
0.00369777116530362 0.00104579671946822 0.116399263767094 0.0203967920766801
-0.00293210706076977 0.00599618874183236 0.129876712291639 -0.00917470475182279
-0.0128993253560479 0.0069451287156874 0.149312576738571 0.0182679906461397
-0.0106956451632514 -0.00893444689642096 0.129434054304916 0.114321093841849
0.0014092078609154 -0.0204160290207392 0.0313423796012767 0.197301482820704
0.0252117449743465 -0.0279832616368873 -0.0621856105055851 0.198431032096581
0.058342054225051 0.00171543814765253 -0.120920231774906 0.207712741648448
0.0763506593027686 0.0509087512051122 -0.0335116490217761 0.287509648069765
0.0886760867633553 0.0691991651907997 0.0515371587390749 0.157494949059836
0.0563902177809037 -0.0104522930876735 0.0914995806132489 -0.076147308207251
0.0135851061276178 -0.0299936659532432 -0.111381520103803 -0.116543472035362
-0.00142812447587839 -0.0168378702020697 -0.203874689424851 0.0564999930473638
-0.012419030998166 -0.0261408031060182 -0.0688953839466117 0.195948031603724
-0.0222435971662064 -0.0161167147679 0.0655134715190296 0.158102605143684
-0.0228401059255496 -0.00597810773366179 0.102341574421658 0.0826029032866488
-0.0358158666569151 -0.00465532118736708 0.108405056743154 0.0216574270567054
-0.0446943636791802 -0.00774423548741075 0.11632926294412 -0.0141650123874501
-0.0572099162242987 -0.028944116673939 0.137857529214492 -0.00554133897893208
-0.0227940086101407 -0.0677094386763958 0.139917093006047 0.0733771058268307
0.0427860062835937 -0.0680137801680177 0.0683652292056296 0.177120656541688
0.103506778660394 -0.0184517960790376 -0.0218985578335205 0.202884552745036
0.119086820564149 0.0753726179357045 -0.0866572924265064 0.202115859925718
0.0981501497130143 0.157756350442252 -0.0234339189615134 0.254074865700902
0.0910833264783227 0.156913190971613 0.0203829915197278 0.115883592932595
0.107824986178791 0.0539876083867393 0.0961757877736923 -0.0827947886064154
0.0865823142593662 -0.020765293003132 -0.105050086195452 -0.156242915124984
0.0363986290769533 -0.0628282395745766 -0.221119296213083 0.0182163543944472
-0.0207911555116371 -0.0786084690653312 -0.100929983650358 0.178311498207089
-0.0587992066129171 -0.0481938414974227 0.0380646735109989 0.158349729792122
-0.0618983245599336 -0.0160155036570796 0.0806206607527496 0.0832208526040286
-0.0697550860989758 -0.00957694360436057 0.0851601055924437 0.0203386752822585
-0.0773209432977006 -0.0158949629617629 0.0867777274198588 -0.0213553629052421
-0.0968744929656536 -0.0509846783017501 0.110615449802407 -0.0374458536644447
-0.0498104469221892 -0.112116123052849 0.138225382982664 0.0113271250530412
0.0527281704539599 -0.120733645803156 0.114689067860241 0.131931760548207
0.162554145322914 -0.0455848145117212 0.0327605904481618 0.194860780114142
0.183593383401943 0.10847627008054 -0.0505850979443847 0.191336398956107
0.125548150103467 0.229319119176534 -0.0191934256269632 0.1929518389548
0.0684004985874614 0.226415498793817 -0.0052962164683737 0.039696612053618
0.136954378017067 0.12914363366088 0.0975045217579678 -0.102551763233614
0.157784723841259 0.0134754571527464 -0.0847024246566949 -0.200803316541755
0.0881453382853784 -0.0975867006768376 -0.22252636878209 -0.0409172803484273
-0.0152641707243692 -0.126774166269513 -0.134775141799951 0.132127192324158
-0.0854656144116397 -0.079822269244919 -0.00411008529576008 0.141301340359508
-0.0937591344192811 -0.0266392064008537 0.0433182919479221 0.0793820289727751
-0.0932352176736895 -0.0129567070416816 0.0499787625737658 0.0168212771548907
-0.0967676866224106 -0.0185358496720451 0.0480280416914762 -0.0275463988105041
-0.122786940148858 -0.0596187989001483 0.0706331319700506 -0.0659835771462231
-0.0778898246876466 -0.134075711903363 0.11621177730303 -0.0519344408994789
0.0384954799998959 -0.157614601519418 0.145225460821401 0.0680882218439799
0.186975161301067 -0.0831249061054312 0.0812834699043595 0.167605918918242
0.224756299296025 0.108501111405249 -0.0239174635533548 0.17336041401158
0.142923682273188 0.259390201643057 -0.0273046475328401 0.117416520949142
0.0301837428199354 0.255821012886037 -0.0174836617938248 -0.0604381203503075
0.129985119743918 0.190729764125265 0.0959445770797484 -0.133828156995499
0.195032340842787 0.0628179129116455 -0.0472053804195996 -0.234459231654529
0.13331123549259 -0.102482969251239 -0.190610811511442 -0.108388554774201
0.00199357609208954 -0.153520848388507 -0.156406037697061 0.0595160429324154
-0.0942202473484764 -0.101798916255526 -0.0539431325095861 0.105931760935418
-0.111044790074507 -0.0352272685564281 -0.00428960910623407 0.0701181935744954
-0.102701088955575 -0.0145179503121312 0.00869098178119265 0.0120852398712378
-0.101281603476399 -0.0177251106935907 0.00497649150175786 -0.0331591860482633
-0.128298045540575 -0.0603326921249279 0.0266667336799248 -0.0854812847520601
-0.0895982812309413 -0.135863745265425 0.0824822835584479 -0.102206352503933
0.0239505083933292 -0.165884954330914 0.152737040849484 0.00594271304619979
0.182060945931638 -0.0967826392621201 0.109077596717337 0.129879848490899
0.223754573034603 0.100644859811377 -0.010729427247082 0.150099356449058
0.131988801078883 0.251953675531484 -0.0454114731860178 0.0401014906887202
-0.00947650648842029 0.233283688210928 -0.0147541615630981 -0.162452286293438
0.0880076382454509 0.206817025053419 0.0961371702123899 -0.167835664645516
0.176806445802381 0.10048123168816 -0.00113658964954546 -0.244339256175034
0.145809264663541 -0.0774971800611521 -0.131630333608206 -0.162315481032233
0.0193740381361929 -0.145592440452806 -0.156796128381869 -0.022475488970829
-0.0834461709953416 -0.103117398289797 -0.0993038108271205 0.0575837932809766
-0.108273256624143 -0.0383358929731418 -0.0550606228910662 0.0557812172581221
-0.0966594333671588 -0.0157636700388706 -0.0338392984244187 0.00622766311826673
-0.0930173713432889 -0.0159970876936507 -0.0351798211365436 -0.0381308819995157
-0.114524057476057 -0.0563845593142508 -0.0120687951964886 -0.0996338148958488
-0.0799325207382176 -0.125159074324152 0.0514971541462747 -0.134585193072446
0.0236547872610257 -0.149364526835921 0.147691513058742 -0.0392740811499909
0.162024578883729 -0.0763212618492951 0.117879746935402 0.0966215124769702
0.184431619195676 0.09991559536132 -0.00694729599129845 0.125233696984274
0.0913917430953307 0.217134375144374 -0.0618939632606429 -0.0283605139453777
-0.0369186659809763 0.162470436220739 -0.00312695860779083 -0.241870509149756
0.0342661155814816 0.165289813939636 0.0976688751386283 -0.19176990458359
0.117510377844225 0.0996646069454973 0.0390552929792546 -0.23431295466874
0.116036523098308 -0.0414328454051113 -0.0704111828824756 -0.191011187527005
0.0245338764937545 -0.106929806026985 -0.143350884235021 -0.0880911171921405
-0.0587310253835093 -0.0819937711417239 -0.134171425717243 0.0123124489833545
-0.0855191828641994 -0.0332882484571687 -0.0978597484709458 0.0402898003904884
-0.0766083198810283 -0.0147840186365919 -0.0711193643507108 -0.0013241288874298
-0.0728837106951928 -0.0133464438577047 -0.0685461705445921 -0.0453685702054633
-0.0878988307753584 -0.0477136437834366 -0.0400694906261597 -0.11208489737882
-0.0571697144154764 -0.104044659337246 0.0328451627351861 -0.154264545189763
0.0318007343947138 -0.117792330464411 0.142940412386398 -0.0654789497879976
0.136490168646479 -0.0371599162693997 0.117913309609346 0.0747317200997106
0.121996683264328 0.101839594672551 -0.00739771330100473 0.100932693980001
0.0325182426143482 0.162871114158823 -0.0675264500898143 -0.0820385484837489
-0.0497882410110554 0.0612843048357866 0.00404467205009536 -0.28328979293478
-0.0116865644476 0.086454678588321 0.0945325811696936 -0.200712232852213
0.0442705825779149 0.0658795879864609 0.0616034474922793 -0.218153835899037
0.0603062733082651 -0.00908121154525589 -0.0329142904429819 -0.200099963220371
0.0180801986211308 -0.0506125388598645 -0.133080596589714 -0.122042735105106
-0.0272705270929237 -0.0452515900275061 -0.154719862120514 -0.0149172333115487
-0.0484871302601082 -0.0214754370286697 -0.126378262084463 0.0285694265538195
-0.0446303266199201 -0.011324243986378 -0.0966983964838605 -0.00754844240153551
-0.0454573896330192 -0.00879938858472758 -0.0909576296731406 -0.0535903362240677
-0.0543925217782384 -0.0334574408956399 -0.056080858094112 -0.123742877078865
-0.0309307062614729 -0.0738169168284729 0.02797099234525 -0.166663932774471
0.0368605416724352 -0.0796613299615214 0.145467918131304 -0.0773064865580166
0.101868314832271 0.00185833222880339 0.11623159840648 0.0654468266767337
0.0527340997499544 0.0925254964353761 -0.00876998514788891 0.083245927330498
-0.0283015247727516 0.0923104381081982 -0.0595842073304715 -0.116485657272461
0.0594855350258415 -0.00883410304810995 0.0623057603624856 0.164403316997098
0.00461095546586006 -0.0486037047228189 0.0943009210643299 -0.0714745913838982
-0.0385849309554048 -0.0241092828242151 -0.0911781087367678 -0.103614690176196
-0.0227808668115829 0.0219545676580656 -0.181371673095296 0.0460434485435038
0.000246816671826575 0.0187041435390822 -0.0676719902618869 0.176454241244607
0.0124504926256294 0.00983471701846993 0.0536057001061185 0.148150867732628
0.015510823442557 0.00189565233022812 0.094948433551146 0.0869677132300073
0.00335083074183936 0.00126935340349392 0.108864646054257 0.0334227558754967
-0.00477355622275947 0.00446447444724675 0.126628553817075 0.00640897817667834
-0.0139243860449555 0.00459016573442817 0.141201069767107 0.035141590624604
-0.00923676107603229 -0.0108903658398942 0.111278518759857 0.127210704337314
0.00424530207408963 -0.0220762910161819 0.00584779246805461 0.196057299625422
0.0301189705147372 -0.0242380944679469 -0.0876659993829925 0.182974756148188
0.0576842502622507 0.008755385093539 -0.144870382181389 0.185080205220783
0.0685687678978555 0.0565972517662735 -0.0725432362073365 0.274231586565403
0.0720187033789536 0.0750430357028237 0.0303787397230942 0.158047591812087
0.0528808235802897 -0.00227691482703944 0.098718822843171 -0.0609617955526109
0.0169248160042175 -0.0253061980652083 -0.0871662136781598 -0.122824865501123
0.000788979914974201 -0.0165858962935514 -0.193434468009377 0.0277820740669443
-0.00911508696394845 -0.0263634311473377 -0.0848073442693141 0.173758591975542
-0.0199346869912332 -0.0193004654960523 0.0436902560037999 0.153890203088324
-0.0208483392822087 -0.00963529763770777 0.0880806345124644 0.0895302609533379
-0.0336993759335128 -0.00935763724004422 0.100666650112683 0.0340726971755587
-0.042115153018354 -0.0135174717741447 0.113745505291851 0.000520996832209462
-0.0515834893960987 -0.0343542316141281 0.133755070962334 0.013157948301392
-0.0138856276988008 -0.069071965795583 0.125148684414437 0.0909750348711671
0.0498055310206356 -0.0629906695371096 0.0438366055585194 0.182373989332978
0.103874019921115 -0.00691405876394395 -0.0508814122429943 0.191779459913492
0.106311732087245 0.086263966313526 -0.11468332009269 0.181064948118019
0.0770085093350443 0.161644993052988 -0.0613204324683468 0.238798902104444
0.06365718123368 0.155788195565717 0.000747569261935186 0.118955480867555
0.0913118219011141 0.0639347740057076 0.103162983067536 -0.0620776561983111
0.0835507702951212 -0.00658443641896778 -0.0766679388977778 -0.155411395035272
0.0423548513175321 -0.0538023748811234 -0.20364286641112 -0.00765429304327798
-0.00916879209050655 -0.0765732569150749 -0.110288069486324 0.154544641997788
-0.0498004347848995 -0.0535063866864481 0.0199348289288142 0.149423488202712
-0.056438711270377 -0.0232338915165398 0.0675257639921923 0.0871671807994738
-0.0654302991283888 -0.0181603313213597 0.0785561137535715 0.0292959875559903
-0.072191799006761 -0.0250480754716307 0.0868310644783155 -0.00863809933329755
-0.0870037024200629 -0.0594765687083545 0.111801095917474 -0.019173944739297
-0.034956870706504 -0.11315262309675 0.130705846007847 0.0331549710473576
0.0645886419496868 -0.111455206390563 0.0945611144684047 0.146307579884998
0.162791044058851 -0.026249343873934 0.00151713151608326 0.191543294026822
0.163772953962082 0.124678371505655 -0.0811562878076503 0.174564066753498
0.0955481467724129 0.234724316047256 -0.051776720937177 0.178770445694674
0.0341907525952118 0.21759034043236 -0.0188030602573336 0.0469650739747154
0.108386905645178 0.13762545643419 0.105436693421435 -0.0762450154008689
0.145054981244004 0.0342003254791379 -0.0524466967596698 -0.189309580854501
0.0955159597634193 -0.0790842378914986 -0.195920652646276 -0.0605862014738838
0.00305887894063037 -0.121407054680274 -0.13478243269512 0.108276030164051
-0.0698387458828005 -0.0862305994573218 -0.0172038145972751 0.128066311979881
-0.085166443175703 -0.0368820697656313 0.0329506186893991 0.0794362640875471
-0.0874733264775194 -0.0243696486935285 0.0451523113608069 0.0230491248707649
-0.0901848533982329 -0.0299895759781403 0.0505558028193098 -0.0188269405703239
-0.109539886906941 -0.0710169101029353 0.0775551524803199 -0.0498259266827528
-0.0589820011307981 -0.137161528191545 0.117739674500943 -0.0285853332733602
0.0548754916643932 -0.14771336428527 0.131523393282406 0.0889417907555439
0.189575767935511 -0.0599548658523585 0.0506414620809119 0.172460469329393
0.203196311301963 0.12990287712555 -0.0544294865177719 0.160197748251581
0.108190516019256 0.266144786725702 -0.0522030975436941 0.103072310564052
-0.00487314822388442 0.239895595575349 -0.0224472243237898 -0.0490889768456117
0.0929069621452745 0.192773468612576 0.103960737086333 -0.10360969893059
0.173528180944991 0.0851195155017809 -0.0154524184033743 -0.212623674447234
0.139455530377508 -0.0768621350549261 -0.158929843277463 -0.117516319023079
0.0235083357271534 -0.144047466232551 -0.146370817902673 0.0387317889865503
-0.0747619359198952 -0.107514496422354 -0.0593097422103376 0.0885020393846622
-0.100080438481015 -0.0467504434313856 -0.0112079860726061 0.0651995318692671
-0.0962423529207662 -0.0271462764817654 0.00569733572771594 0.0140411904969315
-0.0943864757149813 -0.0298444684747832 0.0101042904490036 -0.0285797493991917
-0.11493747760028 -0.0716075367882564 0.0382167788056037 -0.0747124335577241
-0.0697585946250443 -0.139378957480247 0.0916394948377548 -0.0811064130711255
0.0411642136038086 -0.156502257707809 0.147409522982351 0.02995854433498
0.185033546285877 -0.0734310210523373 0.0829453763962925 0.139797866866924
0.202609290432343 0.121404789474778 -0.038511183404073 0.138715820905867
0.0989152442260998 0.256957336983539 -0.0598673206664409 0.0259054029249553
-0.0388406658807162 0.213615475056724 -0.00887438298210902 -0.146553770920369
0.0526625309348917 0.201079094338635 0.105803997213205 -0.136136549777156
0.151895923638205 0.117530086429998 0.0263726251803002 -0.216591848927488
0.147891758211589 -0.0513171454572557 -0.0994443827748918 -0.160158500954304
0.0387768139448885 -0.133949778509184 -0.138258017405295 -0.036879271737837
-0.0636445718332601 -0.107440472501341 -0.0964780488619129 0.0387710171114072
-0.0967688588122335 -0.048410207696968 -0.056520191033046 0.0465959637378851
-0.0907433421195995 -0.0273594110033781 -0.0344689472180246 0.00247576111903293
-0.0860395160987116 -0.0270988739626458 -0.0281678407720207 -0.0380744884455599
-0.102258296357437 -0.066017089560685 0.00263636686319894 -0.0928052264618825
-0.0628766827347238 -0.127642377056011 0.0656046397960812 -0.116213455536003
0.0387358230901689 -0.140059291299329 0.147783369342165 -0.0151936766618402
0.164131941221306 -0.0568023017940097 0.0963208346928574 0.109163744724315
0.164503773038518 0.11633063066376 -0.0305325969646044 0.114747396442003
0.0643740066486108 0.219095767850319 -0.0656322815029025 -0.0422081335014216
-0.0554763356005407 0.144966564352464 0.0136067086420506 -0.22274739948249
0.00918984265336122 0.156571181888804 0.109610168798966 -0.161844679366489
0.0967242810815817 0.109093057070062 0.0616738400608251 -0.205477676503359
0.114566260892107 -0.0225143220732767 -0.0404939078850301 -0.180582899281992
0.0383470505954118 -0.0963160596420986 -0.119495153608381 -0.0962814027174647
-0.0430037793193537 -0.0841819856059869 -0.12448515403103 -0.0059231458724193
-0.0761726886506372 -0.0406531737384732 -0.0963501083544038 0.0279254933436872
-0.0717955320932724 -0.0241312952374964 -0.0683593681897977 -0.00878358728151052
-0.0666927954483706 -0.0219824590933131 -0.0590236982218374 -0.0493819259925095
-0.0785183369502673 -0.0552266897662309 -0.0240202923633169 -0.107984638908197
-0.0427079555074088 -0.104995099878304 0.0498842662956431 -0.138130283375016
0.0420263901926412 -0.108786645372648 0.145566891154876 -0.0426867636460724
0.134679008913206 -0.0223915587734214 0.100561309963142 0.0873075981950551
0.105739328189553 0.110296726833467 -0.0258617007756277 0.0918302485676435
0.0134212171202038 0.160475610685137 -0.0620309720520261 -0.0934459530306734
-0.0545799319894488 0.0495428536616326 0.0313127759687724 -0.263175536177836
-0.0226886867736003 0.0770064115507924 0.107946366109517 -0.174771981655742
0.0328929464727999 0.0671703939812353 0.0809643300368775 -0.191566451948028
0.0576379892914138 0.000237319878852398 -0.00571527518043303 -0.187576935378325
0.0244037188065789 -0.0455165634351235 -0.107666040563696 -0.127926134500161
-0.0177150547682072 -0.0451067390261115 -0.14223007395042 -0.0322211782488782
-0.0425744401440976 -0.0251797081362306 -0.121770643470688 0.0140479298340366
-0.0417007410459295 -0.0172494357020367 -0.0919378445826919 -0.0175941983142639
-0.041363074502681 -0.0136787188691471 -0.0798213412580245 -0.0608346980303046
-0.0473813354591838 -0.0372040911434605 -0.0384197867617617 -0.123225580275398
-0.0212684741907957 -0.0726902878604232 0.0460514530138309 -0.152854813864246
0.0421041607157205 -0.0714613937801419 0.149067434091493 -0.0552066556057416
0.0971697631233981 0.0117879993696764 0.10098324330656 0.0771867964415404
0.0400674918834397 0.0937032882532305 -0.021756961694266 0.0754145859274743
-0.0375489629781314 0.0862426613551053 -0.046333241488538 -0.124270057594913
0.057261334373438 -0.0073280795383349 0.0582839166462056 0.158783074449783
0.00519763040086804 -0.0465689916823543 0.0941291363164326 -0.0699264134212734
-0.0373998654369253 -0.0239364753620891 -0.0858393707687671 -0.105078813719723
-0.0224053321819446 0.021009203892291 -0.176866735111778 0.040842701574651
-0.000337150393518689 0.0186181317074977 -0.0692095551399901 0.170218639847167
0.0119587096507182 0.00936709298107133 0.0489889344036412 0.144540133306384
0.0146530660752889 0.000608889749668476 0.0913521391990298 0.0864571606575145
0.00238120721226813 0.000750847575570243 0.106305317442168 0.0344914379716163
-0.00501829310200781 0.00477234765807875 0.123346188866507 0.00803999529560977
-0.0137208317135402 0.00440770606708518 0.137251818975831 0.0365661257100841
-0.00918096232704286 -0.0109912261494627 0.106250505217246 0.126707913960222
0.00504817295747478 -0.021060043367585 0.001402851611723 0.191748077494515
0.030227460768352 -0.0227997838481322 -0.0915321375591684 0.175751989621146
0.0565462504802794 0.0104097560342921 -0.146863660024922 0.177380472323835
0.0654176346044215 0.0561620302275258 -0.0769432529396775 0.264263301475229
0.0683781557578175 0.0740415170908207 0.0287653504051729 0.152798717310692
0.0508263653150822 -0.000141261641321162 0.0994723440526605 -0.0584507867112066
0.0163658208115281 -0.0239719784993045 -0.0813065138053541 -0.123547300500734
0.00113083097555562 -0.0156514715545716 -0.189922880370517 0.0226720516118677
-0.00864231308755995 -0.0256746489516917 -0.0863161347929965 0.167706541879358
-0.0190556841999773 -0.0188429142382493 0.0401280401361377 0.150024740139422
-0.0199175899226735 -0.0102629461146119 0.0841588586867176 0.0894580803316441
-0.0333593817611067 -0.0100057396505354 0.0983130747249878 0.0341903530806474
-0.0414391782900774 -0.0134690836308207 0.111521594237086 0.00269696956284076
-0.0498250279122641 -0.0338676568155753 0.130124235780429 0.0147694742383831
-0.0130917649599348 -0.0673228302772015 0.120187849013413 0.0919039083088993
0.0502149221375732 -0.0598855690246371 0.0386986081064987 0.179612280447654
0.101417804555196 -0.0042389225105229 -0.0548903631271967 0.184900294175115
0.101419586508869 0.0873662768138596 -0.117325210789849 0.173451663596541
0.0718719299858146 0.158760515018537 -0.0648157099150173 0.229351894461949
0.0570885333623997 0.152399258650633 0.000724089699966627 0.114554066475982
0.0868398548009841 0.0642490462426504 0.104696210050879 -0.0594822589100101
0.0808857476068607 -0.004540567222868 -0.0697899572184553 -0.153628196146
0.0420176259349446 -0.0515902357713168 -0.199086469913931 -0.0127301980727713
-0.00821720647636407 -0.0746016764341216 -0.110812170421711 0.147236450857541
-0.0476383859221959 -0.0525633324726804 0.016087141785478 0.145440370284772
-0.0539889500528259 -0.0241171057374875 0.0637671172371445 0.0861690035260186
-0.0644230353997845 -0.0194262040874553 0.0767779296052648 0.0303760206022422
-0.0703544815890826 -0.0254820043119953 0.0856130345458594 -0.00708612825783619
-0.0842587716132238 -0.0589644338453504 0.109749512753396 -0.0165162744742854
-0.0335936249463587 -0.110857773714714 0.125992758173574 0.0372777341416156
0.0641680138758653 -0.106993921667003 0.0889598447083605 0.145028849353632
0.159724308224091 -0.0220714785565873 -0.00360331015014679 0.186540077108527
0.157148956512192 0.126355801141586 -0.0842117050089735 0.166441785489565
0.0890092409743334 0.22975432054174 -0.0544525873393365 0.170405033723752
0.0275093116342664 0.211560361764092 -0.0167100979309858 0.0445714599421909
0.101784568591211 0.135758899336987 0.106611502782241 -0.0721139078531586
0.140374166890951 0.0368316719238944 -0.0457173324775437 -0.186532773075565
0.0947402235494345 -0.0751368642614665 -0.190035809742308 -0.0643226825075419
0.00416689312681533 -0.117519197170864 -0.134210426008752 0.102307689938662
-0.0666534520418462 -0.0843655022379072 -0.018556385075225 0.124152789259334
-0.0818743546319805 -0.0374350981940909 0.029901862871101 0.0776589718351663
-0.0849830286407908 -0.0261027711870508 0.0445334398444595 0.0236483722481974
-0.0879553359932774 -0.0307542687913004 0.0504373902874563 -0.0174517546117384
-0.106306646858194 -0.0693567710338378 0.0767204974615358 -0.0476441710598245
-0.0568728443739227 -0.133855480216462 0.113801085378811 -0.0239652793268412
0.0549827596370078 -0.141817800108711 0.126516059350534 0.0903671036333446
0.186784847821512 -0.0543335362785404 0.0459113560706955 0.168638656474836
0.195221512010737 0.130825270704566 -0.058420692666058 0.153626054188101
0.100983214572036 0.260478690661456 -0.0541135112948662 0.0972777229164249
-0.0104191154077626 0.233168012351656 -0.0191253642153046 -0.0478258864495669
0.0857727911607873 0.188994716625885 0.106376538626148 -0.0982120820407649
0.166956403861467 0.086649462855451 -0.00843277605392907 -0.207395176151177
0.13656606175875 -0.0719353295594202 -0.151896790637164 -0.118946810112337
0.0241149041703495 -0.139654208337346 -0.143193938583996 0.0341979198476068
-0.0707924470875393 -0.104307695952699 -0.0592135342573305 0.0846359827303077
-0.0960704547192872 -0.0469577663022638 -0.0126326512229949 0.0634372364892447
-0.0934824836881271 -0.0288717169999271 0.00515235182661066 0.0136031117452379
-0.0911196454071813 -0.0310363564444807 0.0107199078806055 -0.0269204027899756
-0.111411151838479 -0.0698436310182711 0.0384068088296974 -0.0711557326447543
-0.0677387527066882 -0.13663764812316 0.0896825677423317 -0.0752991957708749
0.04225419780928 -0.151071084919702 0.14271898742959 0.0326668167484119
0.182342664601734 -0.0683240361075199 0.0783489728124232 0.138475395473894
0.196103593170075 0.122003995874735 -0.0418415948600494 0.13376820950185
0.0923213063463005 0.25124410365468 -0.0602234940966132 0.0225911619834335
-0.0427315417688885 0.207211170704231 -0.00396293436659708 -0.141430383905749
0.0457049565485898 0.196802490469968 0.107678179177128 -0.129325999799905
0.14579520336604 0.117791676295909 0.0315788968431418 -0.209899560615744
0.144302987130706 -0.0478765430143679 -0.0924948394950822 -0.15931692528682
0.0392444563463754 -0.129024935110543 -0.133986899819686 -0.0400526513668679
-0.0599908133748753 -0.104389107766652 -0.094757754150092 0.0362893620811459
-0.0931537899150288 -0.0480823350319194 -0.0564329261250423 0.0450195433603756
-0.0879676493714023 -0.0288017245200759 -0.0334427398538585 0.00259721896837319
-0.0826563795471509 -0.0281152076606644 -0.0258196026528212 -0.037125177551092
-0.0990485450659093 -0.0652357458171275 0.00407348087610653 -0.0894646593098704
-0.0599076993514328 -0.124394918174342 0.0650480639455613 -0.110313045765625
0.0395132895211607 -0.134660604943316 0.143643154746902 -0.0113911332184268
0.161051756965806 -0.0517812339352824 0.0924304663834 0.108242176261369
0.158680383603865 0.116098534799772 -0.0342352008798016 0.110478797533138
0.0587677661131986 0.213463027315529 -0.0650943839031311 -0.043374698595437
-0.0576846956520078 0.139561472976606 0.0194721820323403 -0.215475321499487
0.00428063549890638 0.151563303071361 0.111430632216707 -0.153713874879056
0.0921412212184518 0.108029772941548 0.065559397552395 -0.197168858267095
0.111760594068434 -0.0195271784498911 -0.034467145121016 -0.178574381056935
0.0379578718890935 -0.0927950533107031 -0.115027390183015 -0.097399259385603
-0.0402501103664529 -0.0816702197099813 -0.121131826993906 -0.00770968611067862
-0.0729757530149397 -0.0406379676643307 -0.0941200980871634 0.026606987058551
-0.0691443332646664 -0.0251036338515246 -0.0670708284155087 -0.00905870075093778
-0.0642385474650996 -0.0230895190006571 -0.0559977686413806 -0.0482899098862999
-0.0749741951306398 -0.0541696991449436 -0.0212072260621693 -0.105195004061763
-0.040522937175776 -0.101607457403654 0.0504169361782023 -0.133529374128467
0.0424342733362465 -0.104147255631196 0.14309772572086 -0.0382942676762782
0.131811938343616 -0.0194322558459506 0.097126430559034 0.0871574567662795
0.100757164610898 0.10973285618078 -0.0284897345892032 0.088034655256632
0.0102753940575775 0.155508217964671 -0.0597793990163549 -0.0924374978197804
-0.0548252094996404 0.0462994069567382 0.0371184275335977 -0.254212248251164
-0.0239152269113904 0.0740378852796775 0.110142222119788 -0.165555540608331
0.0309997107121046 0.0654379951752971 0.0841147780077735 -0.183803474112025
0.0556379684741145 0.000966188839505856 -0.000819260089387642 -0.184171270745929
0.0237873990362573 -0.0432871788079171 -0.102671262127591 -0.128194793172581
-0.0160486803030908 -0.043688866364519 -0.138459004386224 -0.0330515251184246
-0.0407557394983349 -0.0250213252024516 -0.118755858680834 0.0128444969955098
-0.0405568636475028 -0.0182091005639556 -0.0898659821250621 -0.0181640509638976
-0.0396144213302876 -0.0149824721307562 -0.0767991654319761 -0.0596948555188678
-0.0451696530901806 -0.0365930803275935 -0.0348186086919845 -0.119944967278473
-0.0204956252160279 -0.0705935452188092 0.0476621869318302 -0.147298674242588
0.0421546469621984 -0.0683159337035643 0.146550539688134 -0.0503680339064173
0.0943421302126732 0.0124079532183325 0.0973612052908532 0.0774175856384244
0.0369251960714468 0.0924098285759464 -0.0238609608162139 0.0726180653556405
-0.038415152512479 0.0825756652465236 -0.043386823911511 -0.120852655126381
0.0576536955346485 -0.00547558265548334 0.0551718353409133 0.160515895777194
0.00660182872136857 -0.0457162329810854 0.0979550994347527 -0.0693486552877045
-0.0371547143001377 -0.0250161657536597 -0.0820897154054657 -0.110295626212049
-0.0226564080939003 0.0207164853623735 -0.180824626690903 0.0361981959225152
-0.00120654835236035 0.0188449286354491 -0.0748047780565989 0.17030152969991
0.0115664358520336 0.00966208047702672 0.045478726502423 0.146161909152675
0.0142150548459468 0.000658621854452849 0.0898871407524118 0.0897634063697497
0.00187873850206009 0.000764900464993813 0.107835514418384 0.0366883536327459
-0.00534530052480467 0.00456374173683722 0.124829542544474 0.0103621300437805
-0.0141408034992559 0.00401135970932831 0.137485561139346 0.0402568771102883
-0.00934643479798815 -0.0117745913173181 0.104181196183 0.132124725779797
0.00607082920269879 -0.0212780736347958 -0.00498105548716507 0.194682633363666
0.0311130532737243 -0.0216116865464988 -0.0992853345631464 0.174012229732672
0.0571789160496088 0.0128057558496629 -0.155352322796497 0.173862443337125
0.0642215061005221 0.059009285052939 -0.086889082219315 0.262433658875776
0.0658327905719195 0.076498737841499 0.0256526946405157 0.153027721751067
0.0510849346881031 0.00134275818689635 0.103584672771293 -0.0582849241230458
0.017296551749116 -0.023445555566142 -0.0772181496244168 -0.12903292293698
0.00135060830836766 -0.0150094875826735 -0.192484500568897 0.017063802587718
-0.00871364068752158 -0.0255462525493235 -0.0923580912919438 0.167131840240431
-0.0186314959227939 -0.0197855894885904 0.035910948377298 0.152302055229561
-0.0199828343827969 -0.0114313408131428 0.0823916343269596 0.0916325714685093
-0.0337038777573008 -0.0110839804846196 0.0991632344228632 0.0365531801414127
-0.0417781427542191 -0.0141222038687356 0.112967087317048 0.0057271144484208
-0.0504977669694301 -0.0346556529519835 0.13145621232088 0.0181717241160828
-0.0122102521702625 -0.0682311042299076 0.119075991446323 0.0980524957527792
0.0524012135310365 -0.0591042421385456 0.0339872588196423 0.183637547437534
0.10327828921048 -0.000775749409861104 -0.0630209369923843 0.184125012222684
0.100627361161477 0.0917917016438092 -0.125687516119273 0.170851778153764
0.0678588730389186 0.162375474697603 -0.073672259869813 0.228316734612089
0.0529063030061873 0.155375948447706 -0.000700760310726924 0.115005237512126
0.0847784002668016 0.0673622950398246 0.109231320543422 -0.057622869473894
0.0819750596106746 -0.00159340188636818 -0.0640999906147835 -0.159109424789735
0.043917106454609 -0.0502489897317382 -0.200264779351087 -0.0195150433267945
-0.00731130627043843 -0.0746988837980129 -0.116301579565266 0.145259112434752
-0.0466588501375276 -0.0533246876830979 0.0125615526363388 0.146619368892375
-0.05408881252348 -0.0267320356483026 0.061443623861085 0.0891534592262666
-0.0649533504836175 -0.021661733585711 0.0774882060156579 0.0325420910234815
-0.0709124294072491 -0.0270742479019034 0.0868491506561304 -0.00484392634130367
-0.0842349760662842 -0.0605115130089692 0.111326144860593 -0.0140875507918673
-0.0318868642141583 -0.112324647258474 0.126447957267076 0.0415160913329497
0.067658076447282 -0.105486437460005 0.0854679945217305 0.149787381565819
0.162087490920434 -0.0174877114787786 -0.0105016306415059 0.187564887825047
0.154917107554984 0.132110831627599 -0.0919062005955564 0.165170152372161
0.0836937073428099 0.234234791258172 -0.0609383086476135 0.168486222154178
0.0211462794442454 0.213929506454077 -0.0165810245516956 0.0440535972285576
0.0975329777149211 0.140134707117829 0.112790757976913 -0.0695451674682721
0.14089570027655 0.0413933898116506 -0.0386179631411708 -0.19019940748642
0.0972981840292607 -0.071893073975272 -0.190496698430497 -0.0716158103471302
0.00607814585000625 -0.118404032105163 -0.138219259411469 0.0992799765121911
-0.0648808023134457 -0.0861269004111258 -0.0225522453793731 0.124191579476373
-0.0810491364251023 -0.0401307055752075 0.0276445008873026 0.0799545429293667
-0.0862539779215731 -0.0291795179531191 0.0445248108047198 0.024957152429414
-0.0876019667836816 -0.0330764959615729 0.0518172232857332 -0.0163947944467136
-0.106541556001803 -0.0716190250040497 0.0789725452658704 -0.0462016544110963
-0.0554528068778647 -0.135968548783314 0.116278543510454 -0.019928731821641
0.0592384984044418 -0.141570807913726 0.125945161253285 0.095812552862805
0.190229514921873 -0.0497320453192044 0.0410283763697203 0.170921045579511
0.194042013776733 0.13761043909169 -0.0645672719557219 0.152704504961071
0.0950841975340964 0.263854520411559 -0.0583051062937635 0.0951002966893017
-0.0189751536310484 0.234528476205241 -0.0154330181893884 -0.048426740795088
0.0794725366782535 0.192903141992973 0.113621206620514 -0.0950586846486394
0.166659077884862 0.0924290434758221 -0.000931858884862639 -0.209021247442698
0.139684142087995 -0.0688191804315291 -0.149592919785355 -0.126032475556692
0.026966563414414 -0.140148860377216 -0.145417835301732 0.0294840235094825
-0.0689995394064643 -0.106080233419382 -0.0613788540003773 0.0841138754383579
-0.0955127389279348 -0.0498746394620158 -0.014680011019751 0.0646393944762875
-0.0941008206104943 -0.0320904841922324 0.00510655351121869 0.0142398773195858
-0.0912686073350889 -0.0335643466338494 0.0121819118452945 -0.0267198781573776
-0.110965757808902 -0.072069875026073 0.040947717645095 -0.0707047103128108
-0.0665638997372892 -0.138239082373105 0.0921675676878189 -0.0721326602151389
0.0456717178761976 -0.150341719242592 0.143726177760641 0.0375476699271084
0.18627666205483 -0.0643302696213253 0.0748437457460828 0.140687951518486
0.194701597180548 0.128515781854735 -0.0489529413153196 0.132303286200388
0.0862693424777562 0.254536114010463 -0.0630742282224017 0.0192029585612951
-0.0505825600653224 0.207178377642617 0.00236773936021812 -0.142557253557907
0.0389391585663473 0.199522581442957 0.115087472868464 -0.125458046892825
0.144309562407636 0.122443433707558 0.0399315641484167 -0.208985011941235
0.146580583618863 -0.0438438133931939 -0.0881824774254793 -0.165180950061468
0.0418381748323576 -0.129083453180463 -0.134702086153551 -0.0452129870102566
-0.0577123208516796 -0.106011837881342 -0.096959346114298 0.034026354749626
-0.0920738033581196 -0.0507268483503795 -0.0583454034968201 0.0446322939281627
-0.0886475649041699 -0.0325399383434744 -0.0346569397733229 0.00183937331920274
-0.0821717708176377 -0.03138270302584 -0.0244699542222833 -0.0376821287430893
-0.098239324357935 -0.0667340793421669 0.00708409496252569 -0.0906647596184795
-0.0591050786051315 -0.126357478579614 0.0683345731615815 -0.108177760651903
0.042825988018064 -0.13393222466804 0.146143807772362 -0.00704389860684047
0.164159601010949 -0.0479711184080984 0.0908278323336775 0.112438234567355
0.157419469950761 0.121197175460451 -0.0394760625533134 0.109959635435251
0.053825013395245 0.21527056385915 -0.065826435562988 -0.0459108417009783
-0.0631549026052337 0.138861393744575 0.0277527872177497 -0.215555405653809
-0.00103180838138677 0.15280232597153 0.118443747766969 -0.149708048650745
0.0898858076213537 0.111456209128985 0.0737687027381582 -0.19537752381911
0.112552462822626 -0.0161508444807492 -0.0280983479960776 -0.182945852581541
0.0399810534648984 -0.0921036078750449 -0.113230045954197 -0.102996650977877
-0.0380583159770657 -0.0822622669702739 -0.12273023232017 -0.0109149741252339
-0.0722763659806074 -0.0425022410417865 -0.095434204375435 0.0254303630297583
-0.070043169078603 -0.0279225266832597 -0.0685347766554943 -0.00989058202223278
-0.0634258626738978 -0.0257731071447666 -0.0550040822991419 -0.0495356908091314
-0.0740651747410366 -0.0552184643259659 -0.0177880051332115 -0.106428652132882
-0.0393651569505841 -0.102737324928343 0.0540379232806572 -0.131422973673156
0.0446556225693189 -0.103271910172059 0.145722271475055 -0.0340892385837262
0.133913619075955 -0.0157213109644162 0.0954486666137563 0.0906160588177465
0.0984151663592463 0.113307009202107 -0.0332401052096778 0.0880876644758389
0.00593911159328257 0.156510132669242 -0.0586306093887514 -0.0946568386611981
-0.0571850279777681 0.0452492942129461 0.0465619902274457 -0.254313269433515
-0.0275386870345276 0.0731793006788003 0.117205754029006 -0.161849655585201
0.0291738713429195 0.0667628085513377 0.0911059426293214 -0.181620075974906
0.0555533778664546 0.00265721860387865 0.00609871561936573 -0.187638229728802
0.0246813032884721 -0.0424982925185775 -0.10031818157298 -0.133499826115148
-0.0146171694844079 -0.0436051534875161 -0.138394981106476 -0.0369704924763347
-0.0401285514861132 -0.025616941578089 -0.120082933040436 0.0114037164230609
-0.0408902104341424 -0.0195691117674752 -0.0910307931630379 -0.020152197454393
-0.0390462760370501 -0.0168000319336105 -0.074744810335984 -0.0617890066604988
-0.0443346366261385 -0.0378137092689967 -0.032240823359535 -0.121225035237988
-0.0191400170849183 -0.0711271989937416 0.0513799514421878 -0.146327176831766
0.0435833973149015 -0.0675719538366496 0.1495862282637 -0.045947881075804
0.0952399200309514 0.0150221677194828 0.0961678961958155 0.0820798189865875
0.0349936707141569 0.0938998865120311 -0.0286640726094297 0.0730589443398758
-0.041111582370508 0.0819515689398585 -0.0415453157926262 -0.121917916508846
