TRXV5
3
4
4
9
string Extension=J
integer IsArchMeasurement=1
integer IsSpherical=1
string Generator=SPM
string GeneratorVersion=1.3.1 Dev
double ArchRadius=0.449999988079071
integer FrequencyAxisIndex=0
integer AzimuthAxisIndex=1
integer ElevationAxisIndex=2
Frequency
5 136 690000000 960000000 LIN
Azimuth
7 8 0 2.74889357189107 LIN
Elevation
7 15 -2.74889357189107 2.74889357189107 LIN
Polar H Real Part
13
Polar H Imaginary Part
14
Polar V Real Part
13
Polar V Imaginary Part
14
Polar H Magnitude (dB)
12 0xC0000002 0 1
Polar H Phase
7 0xC0000003 0 1
Polar V Magnitude (dB)
12 0xC0000002 2 3
Polar V Phase
7 0xC0000003 2 3
0.01715087890625 0.10614013671875 0.141372680664063 -0.049652099609375
0.0959396362304688 0.0466537475585938 0.092559814453125 0.0157318115234375
0.0699920654296875 -0.0447578430175781 0.107337951660156 0.0238571166992187
0.0169410705566406 -0.0663986206054688 0.145675659179687 -0.021331787109375
-0.0186958312988281 -0.0556488037109375 0.133888244628906 -0.0829086303710938
-0.05169677734375 -0.0483856201171875 0.0884475708007813 -0.131988525390625
-0.052093505859375 -0.0354118347167969 0.0560226440429688 -0.125556945800781
-0.041259765625 -0.03997802734375 0.0393142700195312 -0.0833206176757812
-0.0340309143066406 -0.0654106140136719 0.0243663787841797 -0.0335826873779297
0.014617919921875 -0.0676155090332031 -0.009979248046875 -0.00677013397216797
0.0605430603027344 -0.0364570617675781 -0.0690231323242188 -0.0278396606445313
0.0693702697753906 0.00762557983398437 -0.0753326416015625 -0.099609375
0.0380935668945313 0.0699119567871094 0.00218200683593752 -0.201278686523438
-0.00954437255859374 0.102760314941406 0.0671539306640625 -0.205398559570312
-0.0536727905273438 0.0975189208984375 0.0382537841796875 -0.131446838378906
-0.0183944702148438 0.139190673828125 0.14044189453125 -0.00467681884765624
0.0784530639648437 0.09832763671875 0.0944595336914062 0.0574417114257813
0.08447265625 -0.0001220703125 0.1190185546875 0.0559234619140625
0.0520248413085938 -0.0399703979492188 0.164108276367188 0.007110595703125
0.0215492248535156 -0.0526771545410156 0.155975341796875 -0.0593109130859375
-0.00963211059570313 -0.0691871643066406 0.114799499511719 -0.119522094726563
-0.0200424194335938 -0.0642929077148438 0.0758743286132813 -0.11279296875
-0.0115737915039062 -0.0615692138671875 0.053375244140625 -0.067230224609375
0.000411987304687505 -0.08404541015625 0.0316886901855469 -0.0103626251220703
0.0491943359375 -0.0727462768554688 -0.00964927673339843 0.0209140777587891
0.088714599609375 -0.0249862670898438 -0.0787124633789063 0.00376892089843751
0.0911178588867188 0.0320510864257813 -0.100532531738281 -0.0687026977539062
0.0395050048828125 0.102874755859375 -0.041046142578125 -0.18048095703125
-0.0267715454101562 0.136680603027344 0.022613525390625 -0.1754150390625
-0.0781631469726562 0.129158020019531 0.00146484374999999 -0.0958328247070312
-0.057769775390625 0.1519775390625 0.120559692382813 0.0520782470703125
0.0385894775390625 0.14080810546875 0.0803909301757813 0.114219665527344
0.0814666748046875 0.0548477172851562 0.122962951660156 0.10028076171875
0.0820465087890625 0.00324249267578125 0.175216674804688 0.045257568359375
0.0645217895507813 -0.0346450805664063 0.168777465820313 -0.0281982421875
0.0394821166992187 -0.0774459838867188 0.132843017578125 -0.0949935913085937
0.0175933837890625 -0.0832901000976563 0.0859375 -0.0865325927734375
0.0196914672851563 -0.073089599609375 0.0573692321777344 -0.0400733947753906
0.031280517578125 -0.0906448364257813 0.0318679809570313 0.0189666748046875
0.0715484619140625 -0.0736846923828125 -0.0130119323730469 0.0523300170898437
0.101593017578125 -0.0202713012695313 -0.0858154296875 0.0393905639648437
0.102760314941406 0.0382919311523438 -0.120697021484375 -0.028900146484375
0.0511550903320313 0.113204956054688 -0.0837860107421875 -0.142501831054687
-0.0248260498046875 0.150863647460938 -0.0229721069335938 -0.129745483398438
-0.085968017578125 0.143280029296875 -0.0397720336914063 -0.0504188537597656
-0.0897674560546875 0.138542175292969 0.0797271728515625 0.108558654785156
-0.0120697021484375 0.157745361328125 0.045501708984375 0.173141479492188
0.0578765869140625 0.103416442871094 0.112091064453125 0.149795532226562
0.0932388305664063 0.0532073974609375 0.170120239257813 0.086517333984375
0.0961380004882813 -0.0033721923828125 0.164031982421875 0.0066375732421875
0.084564208984375 -0.067108154296875 0.133529663085938 -0.0605621337890625
0.053192138671875 -0.0875473022460937 0.0812759399414063 -0.0514144897460938
0.046234130859375 -0.0731964111328125 0.05035400390625 -0.0073089599609375
0.0551910400390625 -0.086395263671875 0.0265083312988281 0.0491600036621094
0.084075927734375 -0.068115234375 -0.016754150390625 0.0820083618164063
0.101699829101563 -0.0160675048828125 -0.0848388671875 0.0729751586914062
0.100776672363281 0.0358047485351563 -0.1259765625 0.0113067626953125
0.056610107421875 0.105659484863281 -0.108154296875 -0.0940704345703125
-0.01776123046875 0.143081665039063 -0.0519638061523438 -0.073455810546875
-0.0838165283203125 0.137283325195313 -0.0743637084960938 0.00141906738281249
-0.101768493652344 0.0998458862304688 0.02734375 0.1533203125
-0.0552749633789063 0.139404296875 -0.00500488281249999 0.219573974609375
0.019134521484375 0.122894287109375 0.082672119140625 0.190780639648438
0.0767288208007812 0.0907211303710938 0.146408081054688 0.120025634765625
0.102218627929688 0.0308456420898438 0.140884399414063 0.0355377197265625
0.110694885253906 -0.0413665771484375 0.115646362304687 -0.0246429443359375
0.079254150390625 -0.0743484497070313 0.0628204345703125 -0.0141220092773438
0.0644416809082031 -0.0628814697265625 0.0344944000244141 0.0270481109619141
0.0710601806640625 -0.0729827880859375 0.01580810546875 0.0777664184570313
0.0896987915039063 -0.0534210205078125 -0.0221710205078125 0.105941772460937
0.095367431640625 -0.0067291259765625 -0.0808334350585938 0.097503662109375
0.087432861328125 0.0382156372070312 -0.119094848632813 0.04046630859375
0.045562744140625 0.0926437377929688 -0.11114501953125 -0.049896240234375
-0.0205078125 0.118476867675781 -0.0633354187011719 -0.0200920104980469
-0.0816421508789063 0.107612609863281 -0.100799560546875 0.0477752685546875
-0.0861434936523438 0.045440673828125 -0.0219879150390625 0.17718505859375
-0.0731277465820312 0.0888214111328125 -0.055816650390625 0.241668701171875
-0.017333984375 0.101943969726563 0.0457916259765625 0.212432861328125
0.0389404296875 0.0973663330078125 0.111198425292969 0.136520385742187
0.078338623046875 0.054840087890625 0.106956481933594 0.0505218505859375
0.107421875 -0.007110595703125 0.08306884765625 0.00354766845703125
0.0896530151367188 -0.0470046997070313 0.0353240966796875 0.0182037353515625
0.071929931640625 -0.0431442260742188 0.0131187438964844 0.0571556091308594
0.0790557861328125 -0.0511398315429688 0.000602722167968747 0.101036071777344
0.091278076171875 -0.030670166015625 -0.0330429077148438 0.122467041015625
0.085662841796875 0.0102310180664063 -0.0801544189453125 0.10833740234375
0.0680160522460938 0.0493812561035156 -0.110092163085938 0.0533676147460938
0.0184707641601562 0.08349609375 -0.103630065917969 -0.0208511352539063
-0.0391464233398437 0.0835800170898438 -0.0651092529296875 0.0170974731445312
-0.0836410522460938 0.06011962890625 -0.121238708496094 0.07928466796875
-0.0484733581542969 -0.0140151977539062 -0.0526885986328125 0.179977416992187
-0.0601844787597656 0.0227470397949219 -0.088104248046875 0.240585327148437
-0.0351905822753906 0.0499038696289063 0.0192108154296875 0.213287353515625
-0.005340576171875 0.0693893432617188 0.081695556640625 0.133995056152344
0.0338821411132813 0.0585556030273438 0.0776138305664062 0.04949951171875
0.0785140991210938 0.0255584716796875 0.0477142333984375 0.0171470642089844
0.0814132690429688 -0.010955810546875 0.0060882568359375 0.0396080017089844
0.0681571960449219 -0.0173072814941406 -0.00966644287109374 0.0797042846679688
0.0766220092773438 -0.025360107421875 -0.01898193359375 0.118484497070313
0.08544921875 -0.00452423095703125 -0.0504150390625 0.130363464355469
0.0731582641601563 0.0297927856445313 -0.0880813598632812 0.109703063964844
0.0462570190429688 0.0625991821289063 -0.108741760253906 0.0532989501953125
-0.01434326171875 0.076568603515625 -0.09820556640625 -0.00831604003906248
-0.0637893676757813 0.04583740234375 -0.0709304809570313 0.0329971313476562
-0.08477783203125 0.00231933593750001 -0.140228271484375 0.090911865234375
-0.00127410888671875 -0.0681533813476562 -0.0572662353515625 0.165130615234375
-0.0276374816894531 -0.0416145324707031 -0.0911407470703125 0.224105834960938
-0.0350704193115234 -0.0130348205566406 0.0133819580078125 0.20263671875
-0.0401115417480469 0.0209007263183594 0.0725860595703125 0.11993408203125
-0.0147209167480469 0.0444259643554688 0.0621490478515625 0.0352058410644531
0.0333976745605469 0.0494766235351563 0.0204582214355469 0.0146732330322266
0.0587692260742188 0.0258712768554688 -0.0202293395996094 0.0463218688964844
0.0539169311523437 0.0126762390136719 -0.0332412719726563 0.0906982421875
0.0634422302246094 0.00517654418945313 -0.0427017211914062 0.128486633300781
0.0693817138671875 0.0226516723632813 -0.07421875 0.132431030273438
0.0526123046875 0.0458412170410156 -0.105758666992188 0.104019165039062
0.0204849243164062 0.0703964233398438 -0.117446899414063 0.0448684692382812
-0.0465545654296875 0.0632705688476563 -0.101371765136719 -0.0113754272460937
-0.0830764770507813 0.00367736816406251 -0.0833892822265625 0.0290145874023437
-0.0774917602539063 -0.0570068359375 -0.15667724609375 0.0804901123046875
0.0405120849609375 0.115715026855469 0.16021728515625 -0.0696258544921875
0.118423461914063 0.0338592529296875 0.108192443847656 0.00127410888671875
0.0713577270507813 -0.0652084350585938 0.114730834960937 0.01019287109375
0.00525665283203125 -0.079742431640625 0.150390625 -0.03662109375
-0.0343894958496094 -0.059844970703125 0.135154724121094 -0.09991455078125
-0.07086181640625 -0.0432357788085938 0.0826873779296875 -0.148468017578125
-0.0668182373046875 -0.0281333923339844 0.0513763427734375 -0.141326904296875
-0.0559577941894531 -0.0350303649902344 0.0402374267578125 -0.0964279174804688
-0.0548248291015625 -0.0649070739746094 0.0315666198730469 -0.0400657653808594
-0.000183105468750005 -0.0801773071289063 -0.00146317481994629 -0.00429153442382813
0.0597343444824219 -0.0555496215820313 -0.070343017578125 -0.0148849487304688
0.0812759399414063 -0.0068359375 -0.090667724609375 -0.0900421142578125
0.0598602294921875 0.0740432739257813 -0.024139404296875 -0.213592529296875
0.0100479125976562 0.123313903808594 0.0527801513671875 -0.229690551757813
-0.0404129028320313 0.124588012695313 0.0379180908203125 -0.144302368164062
3.05175781249864E-05 0.154617309570313 0.166732788085938 -0.0180816650390625
0.09979248046875 0.0936737060546875 0.117820739746094 0.04669189453125
0.0900192260742187 -0.0157089233398437 0.132675170898437 0.0434799194335937
0.0460472106933594 -0.0526008605957031 0.173980712890625 -0.0084381103515625
0.0108489990234375 -0.0590591430664063 0.163482666015625 -0.078460693359375
-0.0258522033691406 -0.0697441101074219 0.114387512207031 -0.139778137207031
-0.0333175659179688 -0.0628280639648438 0.0769577026367187 -0.131851196289063
-0.0232124328613281 -0.0613288879394531 0.0589065551757812 -0.0819320678710938
-0.0161056518554688 -0.08856201171875 0.0452003479003906 -0.0183448791503906
0.0400238037109375 -0.086944580078125 0.00473594665527344 0.0254745483398437
0.0925521850585938 -0.0420608520507813 -0.0748825073242188 0.019744873046875
0.105545043945313 0.0207366943359375 -0.111579895019531 -0.0526504516601562
0.0600509643554688 0.110939025878906 -0.0667266845703125 -0.182525634765625
-0.011444091796875 0.160919189453125 0.00901794433593752 -0.190582275390625
-0.0705413818359375 0.159500122070312 0.00278472900390626 -0.0991592407226562
-0.0478668212890625 0.171234130859375 0.152130126953125 0.0464019775390625
0.05584716796875 0.145477294921875 0.109893798828125 0.110565185546875
0.0901565551757813 0.0479049682617188 0.144012451171875 0.0905303955078125
0.0842666625976563 -0.005340576171875 0.193023681640625 0.030029296875
0.0616874694824219 -0.0427322387695313 0.181137084960938 -0.0480499267578125
0.03070068359375 -0.083770751953125 0.137252807617188 -0.116973876953125
0.00903320312500001 -0.088592529296875 0.0908279418945313 -0.106826782226563
0.0125503540039063 -0.0780258178710938 0.0663681030273438 -0.054962158203125
0.0213241577148438 -0.0996322631835938 0.049346923828125 0.0120048522949219
0.0681076049804688 -0.0874862670898438 0.00604248046875 0.0570220947265625
0.108001708984375 -0.0335159301757813 -0.0763626098632812 0.0577392578125
0.117469787597656 0.0302047729492187 -0.125625610351563 -0.00766754150390624
0.068817138671875 0.121475219726563 -0.1064453125 -0.135879516601563
-0.01312255859375 0.174758911132813 -0.032989501953125 -0.133071899414063
-0.081756591796875 0.17303466796875 -0.0373268127441406 -0.0427322387695312
-0.090545654296875 0.157608032226563 0.112838745117188 0.115570068359375
-0.003631591796875 0.171035766601563 0.0794677734375 0.180450439453125
0.0671234130859375 0.106124877929688 0.138687133789063 0.145355224609375
0.101936340332031 0.0521316528320313 0.193572998046875 0.0747222900390625
0.102325439453125 -0.00966644287109375 0.180679321289063 -0.0110626220703125
0.0842742919921875 -0.078765869140625 0.14202880859375 -0.0818328857421875
0.0509033203125 -0.0984115600585938 0.0895462036132813 -0.06884765625
0.0457534790039062 -0.0826034545898438 0.0612449645996094 -0.0193901062011719
0.0527801513671875 -0.0979843139648438 0.0453262329101563 0.0439414978027344
0.086578369140625 -0.0808868408203125 0.00518798828125 0.0867233276367188
0.110519409179688 -0.02593994140625 -0.0711135864257813 0.0911026000976562
0.114822387695313 0.0330734252929688 -0.125335693359375 0.0334548950195313
0.06927490234375 0.113761901855469 -0.12353515625 -0.0810165405273438
-0.0111236572265625 0.163131713867188 -0.0578155517578125 -0.0682868957519531
-0.0863800048828125 0.161666870117188 -0.0709686279296875 0.01708984375
-0.1136474609375 0.114082336425781 0.0560760498046875 0.170608520507813
-0.057861328125 0.155349731445313 0.0281982421875 0.238510131835938
0.0236892700195313 0.134025573730469 0.113128662109375 0.192977905273438
0.0884017944335938 0.0977630615234375 0.171554565429688 0.112258911132813
0.114524841308594 0.0291290283203125 0.158157348632813 0.022186279296875
0.119560241699219 -0.0530548095703125 0.125556945800781 -0.0418777465820313
0.084686279296875 -0.0890274047851563 0.0719833374023438 -0.0256500244140625
0.0698699951171875 -0.074371337890625 0.0464401245117188 0.0189285278320312
0.0766220092773438 -0.0853500366210938 0.0345535278320313 0.075286865234375
0.0985794067382813 -0.0644302368164063 -0.000663757324218752 0.111167907714844
0.107147216796875 -0.0110855102539062 -0.0647964477539063 0.112541198730469
0.100845336914063 0.040740966796875 -0.113960266113281 0.0616455078125
0.0533294677734375 0.103126525878906 -0.119537353515625 -0.0341415405273438
-0.022247314453125 0.135734558105469 -0.0639305114746094 -0.00885391235351563
-0.090850830078125 0.127685546875 -0.097503662109375 0.06903076171875
-0.104789733886719 0.0505447387695312 -0.000671386718750002 0.202072143554688
-0.0869140625 0.100479125976563 -0.0281829833984375 0.270034790039063
-0.0206222534179688 0.116615295410156 0.0768890380859375 0.221572875976563
0.047210693359375 0.111778259277344 0.136184692382813 0.132865905761719
0.0925827026367188 0.0601425170898437 0.121734619140625 0.0407180786132813
0.123741149902344 -0.0140914916992188 0.0919113159179688 -0.00762939453125
0.100860595703125 -0.0617828369140625 0.042816162109375 0.0133514404296875
0.0819854736328125 -0.0557403564453125 0.0248374938964844 0.0555648803710938
0.0898513793945312 -0.064056396484375 0.0168228149414063 0.102043151855469
0.104972839355469 -0.04168701171875 -0.013336181640625 0.128486633300781
0.100784301757813 0.00888824462890625 -0.0653610229492188 0.121849060058594
0.0820999145507813 0.0564117431640625 -0.104385375976563 0.07147216796875
0.022247314453125 0.0984649658203125 -0.106101989746094 -0.005126953125
-0.048004150390625 0.100166320800781 -0.0642662048339844 0.0310935974121094
-0.10064697265625 0.07421875 -0.121200561523438 0.104080200195312
-0.069366455078125 -0.0210037231445313 -0.039215087890625 0.207199096679688
-0.080841064453125 0.0254135131835938 -0.06646728515625 0.27294921875
-0.0468368530273438 0.0610389709472656 0.0472259521484375 0.226089477539063
-0.00498962402343749 0.0870895385742188 0.103286743164063 0.1322021484375
0.0457534790039063 0.0708465576171875 0.086334228515625 0.0409317016601563
0.0983963012695313 0.0244522094726563 0.0513648986816406 0.0106582641601563
0.09844970703125 -0.0230560302734375 0.00983047485351563 0.0408439636230469
0.08184814453125 -0.0278701782226563 -0.00145721435546875 0.083953857421875
0.0918502807617188 -0.0368728637695313 -0.00567626953124999 0.124839782714844
0.103408813476563 -0.0139541625976562 -0.0348892211914062 0.139732360839844
0.0907669067382813 0.0302352905273438 -0.0764541625976563 0.123062133789062
0.0613937377929687 0.0729598999023438 -0.103492736816406 0.0688705444335938
-0.0136795043945313 0.0949783325195312 -0.0997390747070313 0.00672149658203127
-0.0792617797851563 0.0610504150390625 -0.0715789794921875 0.0494232177734375
-0.1087646484375 0.00975799560546877 -0.145263671875 0.116287231445312
-0.0208053588867187 -0.0849075317382813 -0.0513916015625 0.188720703125
-0.0491943359375 -0.0503883361816406 -0.07513427734375 0.254409790039063
-0.0517158508300781 -0.00946044921875001 0.03948974609375 0.214111328125
-0.0484237670898438 0.0374984741210937 0.0909194946289062 0.115028381347656
-0.00885391235351563 0.0609893798828125 0.0653800964355469 0.0258941650390625
0.0526008605957031 0.0552215576171875 0.0176277160644531 0.0113105773925781
0.0782470703125 0.0191879272460938 -0.0225715637207031 0.0517959594726563
0.0693817138671875 0.00463485717773438 -0.0284271240234375 0.100921630859375
0.0803070068359375 -0.0036468505859375 -0.0329055786132813 0.139625549316406
0.0886764526367188 0.0157699584960938 -0.064422607421875 0.14544677734375
0.0706024169921875 0.0485305786132813 -0.0995101928710938 0.118850708007812
0.0352706909179688 0.0829391479492188 -0.11602783203125 0.0597000122070313
-0.0475082397460938 0.0841140747070312 -0.10540771484375 0.00386810302734374
-0.102188110351563 0.017303466796875 -0.0892333984375 0.0467910766601562
-0.105224609375 -0.055938720703125 -0.170150756835938 0.104248046875
0.06597900390625 0.114639282226563 0.171234130859375 -0.094268798828125
0.134346008300781 0.0123748779296875 0.116386413574219 -0.0200881958007812
0.0646209716796875 -0.0836639404296875 0.115203857421875 -0.00387573242187501
-0.0103378295898438 -0.0875015258789063 0.147674560546875 -0.0501861572265625
-0.0505828857421875 -0.0578575134277344 0.129508972167969 -0.113761901855469
-0.0873336791992188 -0.03021240234375 0.0727386474609375 -0.158767700195313
-0.0780563354492188 -0.0150070190429687 0.043426513671875 -0.154205322265625
-0.0676460266113281 -0.0235862731933594 0.0379104614257812 -0.107902526855469
-0.0740280151367188 -0.0554885864257812 0.0370292663574219 -0.0501174926757812
-0.0196762084960937 -0.0851287841796875 0.00916481018066406 -0.00570011138916016
0.052032470703125 -0.07305908203125 -0.0644454956054688 -0.00272369384765624
0.0865325927734375 -0.02508544921875 -0.098602294921875 -0.0751419067382813
0.0815353393554688 0.069244384765625 -0.049896240234375 -0.212265014648438
0.0379562377929687 0.134490966796875 0.0316009521484375 -0.245040893554688
-0.017486572265625 0.144439697265625 0.0352935791015625 -0.155853271484375
0.0215301513671875 0.160858154296875 0.186676025390625 -0.0407867431640625
0.117599487304688 0.07952880859375 0.134025573730469 0.0264816284179688
0.0875167846679688 -0.0309906005859375 0.138557434082031 0.0269699096679687
0.0362205505371094 -0.0605697631835937 0.177749633789063 -0.024871826171875
-0.00128555297851562 -0.0605392456054688 0.162033081054688 -0.0968170166015625
-0.0409660339355469 -0.0634384155273438 0.108016967773437 -0.156814575195313
-0.044219970703125 -0.0561904907226563 0.0718536376953125 -0.149932861328125
-0.0337333679199219 -0.0560035705566406 0.0595779418945313 -0.0984039306640625
-0.0327529907226562 -0.0851669311523438 0.0551681518554688 -0.0307083129882813
0.0253524780273437 -0.09527587890625 0.0218181610107422 0.0218448638916016
0.0888595581054688 -0.0589981079101563 -0.06268310546875 0.0328407287597656
0.114875793457031 0.0051727294921875 -0.113059997558594 -0.03302001953125
0.0820465087890625 0.109794616699219 -0.0885467529296875 -0.173370361328125
0.0129547119140625 0.177108764648438 -0.00666809082031249 -0.197677612304688
-0.0511322021484375 0.184585571289062 0.00524139404296876 -0.102020263671875
-0.033477783203125 0.184158325195313 0.180221557617188 0.0305633544921875
0.07244873046875 0.142181396484375 0.13531494140625 0.0937881469726563
0.0935745239257812 0.03857421875 0.15765380859375 0.0737152099609375
0.0819625854492188 -0.0123214721679688 0.202316284179688 0.011260986328125
0.0558815002441406 -0.0478553771972656 0.18536376953125 -0.0688934326171875
0.019195556640625 -0.0859527587890625 0.1343994140625 -0.138114929199219
-0.000671386718750007 -0.08941650390625 0.0894851684570313 -0.127029418945313
0.00547790527343749 -0.0789031982421875 0.0701065063476563 -0.0733413696289063
0.00941467285156249 -0.102317810058594 0.0630378723144531 -0.00236892700195313
0.0595016479492187 -0.0978240966796875 0.0275382995605469 0.0526008605957031
0.109382629394531 -0.047882080078125 -0.0590934753417969 0.0694122314453125
0.128128051757813 0.0183639526367188 -0.120391845703125 0.0134429931640625
0.0868072509765625 0.122810363769531 -0.121170043945313 -0.120147705078125
0.00579833984375002 0.191253662109375 -0.0414810180664063 -0.131797790527344
-0.0687255859375 0.198089599609375 -0.0294837951660156 -0.0369758605957031
-0.08709716796875 0.174667358398438 0.146499633789063 0.109405517578125
0.00785827636718751 0.179351806640625 0.11273193359375 0.172760009765625
0.0741348266601563 0.106010437011719 0.159896850585938 0.130126953125
0.109298706054687 0.0481948852539062 0.20867919921875 0.0558929443359375
0.105072021484375 -0.0170745849609375 0.188735961914062 -0.032623291015625
0.08013916015625 -0.0874710083007813 0.143478393554688 -0.104415893554688
0.04541015625 -0.107078552246094 0.0915451049804688 -0.0879974365234375
0.0428390502929688 -0.08990478515625 0.068450927734375 -0.0356254577636719
0.0476608276367187 -0.106765747070313 0.0614280700683594 0.0303878784179687
0.084197998046875 -0.092041015625 0.0279693603515625 0.0810317993164063
0.116462707519531 -0.0359954833984375 -0.0502395629882812 0.0997314453125
0.126457214355469 0.0262832641601562 -0.113716125488281 0.0532302856445313
0.08294677734375 0.117912292480469 -0.1297607421875 -0.06280517578125
-0.000549316406250016 0.179840087890625 -0.0578384399414063 -0.0606422424316406
-0.079315185546875 0.186264038085937 -0.0595817565917969 0.0294837951660156
-0.120628356933594 0.130653381347656 0.08984375 0.175201416015625
-0.0567169189453125 0.171112060546875 0.0645599365234375 0.241989135742188
0.0308990478515625 0.143203735351563 0.139862060546875 0.183609008789062
0.100936889648437 0.1019287109375 0.190185546875 0.0960540771484375
0.125755310058594 0.024169921875 0.1673583984375 0.00408935546875
0.12469482421875 -0.0661468505859375 0.128623962402344 -0.0612258911132813
0.0846939086914063 -0.10357666015625 0.0763397216796875 -0.0401992797851563
0.0708084106445313 -0.0860748291015625 0.0553550720214844 0.00665283203124999
0.0774307250976563 -0.098388671875 0.0501937866210938 0.0643730163574219
0.102981567382813 -0.0780715942382813 0.0220413208007813 0.105506896972656
0.117301940917969 -0.0188217163085938 -0.0432052612304688 0.118942260742188
0.114433288574219 0.0385589599609375 -0.0994644165039062 0.07684326171875
0.0635223388671875 0.111366271972656 -0.117889404296875 -0.0172576904296875
-0.01885986328125 0.152923583984375 -0.05767822265625 0.00171661376953126
-0.09381103515625 0.14947509765625 -0.0851669311523437 0.0870208740234375
-0.121879577636719 0.0612869262695313 0.027679443359375 0.21710205078125
-0.0971145629882812 0.116912841796875 0.007171630859375 0.283477783203125
-0.0204315185546875 0.131820678710938 0.10626220703125 0.216232299804688
0.0591049194335937 0.12353515625 0.153823852539063 0.120147705078125
0.108863830566406 0.0608978271484375 0.130409240722656 0.026702880859375
0.1378173828125 -0.0274124145507813 0.0949478149414063 -0.0213699340820313
0.107330322265625 -0.0791015625 0.0473251342773438 0.00537109374999999
0.0884246826171875 -0.0696258544921875 0.0340805053710938 0.0492324829101562
0.0959548950195312 -0.0803298950195313 0.0314559936523438 0.0959548950195313
0.115768432617188 -0.0563125610351563 0.00656890869140626 0.125350952148438
0.115898132324219 0.002777099609375 -0.0465621948242188 0.127059936523438
0.0980911254882813 0.0586013793945313 -0.0904922485351563 0.0834503173828125
0.0293807983398437 0.111213684082031 -0.100975036621094 0.00902557373046876
-0.0522079467773437 0.118637084960937 -0.0549278259277344 0.0442237854003906
-0.112861633300781 0.0940475463867188 -0.110580444335938 0.125068664550781
-0.0934600830078125 -0.0191497802734375 -0.01812744140625 0.226425170898438
-0.100822448730469 0.0360107421875 -0.036376953125 0.293060302734375
-0.0557098388671875 0.0753402709960938 0.076873779296875 0.224517822265625
0.0018310546875 0.104515075683594 0.120292663574219 0.120445251464844
0.0618820190429688 0.0785064697265625 0.0907745361328125 0.0306549072265625
0.117317199707031 0.0164718627929688 0.052215576171875 0.00307083129882813
0.110511779785156 -0.0399398803710937 0.0128326416015625 0.0404624938964844
0.0922088623046875 -0.0429229736328125 0.0072021484375 0.0845565795898437
0.102210998535156 -0.0536727905273438 0.00752258300781252 0.124649047851563
0.118087768554688 -0.0286178588867188 -0.018646240234375 0.140541076660156
0.107894897460937 0.025299072265625 -0.0614547729492187 0.129096984863281
0.07952880859375 0.077880859375 -0.0922317504882813 0.0799026489257813
-0.00653076171874999 0.112457275390625 -0.094512939453125 0.0198745727539063
-0.0897216796875 0.08233642578125 -0.0641098022460937 0.0650978088378906
-0.129150390625 0.026763916015625 -0.140487670898438 0.140220642089844
-0.046356201171875 -0.0947036743164063 -0.039215087890625 0.207015991210938
-0.07464599609375 -0.0494918823242188 -0.05023193359375 0.274337768554688
-0.0680465698242188 3.81469726563122E-06 0.06719970703125 0.212051391601562
-0.0504570007324219 0.0564918518066406 0.102447509765625 0.103294372558594
0.0041351318359375 0.074737548828125 0.0640602111816406 0.0158843994140625
0.0737991333007813 0.0535507202148438 0.0124673843383789 0.00919532775878907
0.0942611694335938 0.005706787109375 -0.0224533081054687 0.0586013793945312
0.0813064575195313 -0.008697509765625 -0.0211029052734375 0.108779907226562
0.0923080444335938 -0.0187759399414063 -0.021453857421875 0.145584106445313
0.104766845703125 0.00238037109375 -0.0513153076171875 0.151779174804687
0.0889816284179688 0.0442123413085938 -0.0879287719726562 0.127784729003906
0.0545425415039063 0.0888900756835938 -0.108146667480469 0.070831298828125
-0.0411376953125 0.102630615234375 -0.10113525390625 0.0174331665039063
-0.115646362304688 0.0373382568359375 -0.0861434936523438 0.0656967163085938
-0.132064819335938 -0.043304443359375 -0.17291259765625 0.129364013671875
0.0868988037109375 0.106147766113281 0.175323486328125 -0.119293212890625
0.141738891601563 -0.00970458984375 0.116668701171875 -0.0399169921875
0.0528335571289063 -0.0982208251953125 0.111030578613281 -0.0144195556640625
-0.0258636474609375 -0.09002685546875 0.14312744140625 -0.0584259033203125
-0.063446044921875 -0.0508346557617187 0.123443603515625 -0.121726989746094
-0.0973587036132813 -0.0143661499023438 0.066314697265625 -0.164337158203125
-0.0834732055664062 0.000450134277343763 0.035430908203125 -0.163040161132813
-0.0739517211914063 -0.010833740234375 0.0339889526367187 -0.118827819824219
-0.087646484375 -0.041473388671875 0.0405158996582031 -0.0612907409667969
-0.0378799438476562 -0.0827407836914063 0.0190067291259766 -0.0119724273681641
0.0389328002929688 -0.0858230590820313 -0.054168701171875 0.00386047363281248
0.0853347778320313 -0.0424041748046875 -0.0977554321289062 -0.0615158081054687
0.0994186401367187 0.0584945678710938 -0.0673370361328125 -0.202911376953125
0.0649032592773438 0.136123657226563 0.01416015625 -0.252716064453125
0.00810241699218749 0.154861450195313 0.0334930419921875 -0.1658935546875
0.039947509765625 0.160293579101563 0.199996948242188 -0.0663604736328125
0.127922058105469 0.0639724731445313 0.14166259765625 0.0040283203125
0.0803146362304688 -0.0436019897460938 0.138236999511719 0.0141525268554687
0.025787353515625 -0.0639381408691406 0.176345825195312 -0.0367431640625
-0.0117683410644531 -0.057647705078125 0.158676147460938 -0.109298706054688
-0.0505905151367187 -0.0532608032226563 0.101104736328125 -0.168350219726563
-0.0503578186035156 -0.0468711853027344 0.06549072265625 -0.16400146484375
-0.0398063659667969 -0.0483665466308594 0.0568771362304688 -0.114028930664063
-0.0446624755859375 -0.07763671875 0.0610122680664063 -0.0465660095214844
0.0109710693359375 -0.0975494384765625 0.036529541015625 0.0120773315429687
0.0817031860351563 -0.071868896484375 -0.0469284057617188 0.0379981994628906
0.117912292480469 -0.0105667114257812 -0.105606079101562 -0.0178298950195313
0.10003662109375 0.103874206542969 -0.100555419921875 -0.160049438476563
0.038604736328125 0.184738159179688 -0.01788330078125 -0.199905395507813
-0.028472900390625 0.2003173828125 0.0113983154296875 -0.106529235839844
-0.020904541015625 0.191757202148438 0.20172119140625 0.00895690917968751
0.084228515625 0.136550903320313 0.151382446289063 0.0730743408203125
0.092742919921875 0.0312118530273438 0.163177490234375 0.0571746826171875
0.0787734985351563 -0.0162811279296875 0.205169677734375 -0.00390625
0.0504188537597656 -0.0489120483398438 0.184234619140625 -0.085357666015625
0.0112686157226563 -0.0833740234375 0.12896728515625 -0.153671264648437
-0.00690460205078124 -0.0875244140625 0.08477783203125 -0.143722534179687
0.000549316406250001 -0.0785980224609375 0.0695037841796875 -0.0910568237304688
0.00135040283203124 -0.10150146484375 0.0714111328125 -0.0201644897460938
0.0509796142578125 -0.103897094726563 0.0448532104492188 0.0405044555664063
0.107406616210938 -0.0593414306640625 -0.038787841796875 0.0719680786132813
0.133934020996094 0.00681304931640625 -0.107414245605469 0.0272903442382813
0.102836608886719 0.120330810546875 -0.125862121582031 -0.103988647460937
0.0255126953125 0.20245361328125 -0.0454940795898437 -0.130096435546875
-0.052093505859375 0.217117309570313 -0.0183639526367188 -0.0360488891601562
-0.0829010009765625 0.188858032226562 0.173019409179687 0.094390869140625
0.0172119140625 0.184600830078125 0.136199951171875 0.1561279296875
0.07879638671875 0.106369018554687 0.171554565429688 0.114089965820312
0.114044189453125 0.0457839965820313 0.214874267578125 0.0392608642578125
0.106781005859375 -0.0212020874023438 0.190597534179688 -0.05023193359375
0.0767364501953125 -0.093353271484375 0.139556884765625 -0.121734619140625
0.0408401489257813 -0.113121032714844 0.0894012451171875 -0.104354858398438
0.0395889282226563 -0.0953598022460938 0.0699043273925781 -0.0528297424316406
0.0439376831054687 -0.112655639648438 0.0703048706054688 0.0130538940429687
0.0821075439453125 -0.101760864257813 0.0459022521972656 0.0679931640625
0.120246887207031 -0.0454559326171875 -0.0293502807617187 0.0989761352539063
0.135993957519531 0.0189437866210938 -0.0968780517578125 0.0640029907226562
0.0951309204101563 0.11956787109375 -0.12701416015625 -0.0477981567382812
0.0124053955078125 0.193572998046875 -0.0535507202148437 -0.0561676025390625
-0.0711669921875 0.206405639648438 -0.0447311401367188 0.0354080200195313
-0.126312255859375 0.147689819335937 0.1192626953125 0.170562744140625
-0.05511474609375 0.18646240234375 0.0944061279296875 0.233001708984375
0.03607177734375 0.151947021484375 0.1573486328125 0.168838500976563
0.112510681152344 0.104949951171875 0.199478149414063 0.0807952880859375
0.135284423828125 0.020050048828125 0.17132568359375 -0.0123748779296875
0.127159118652344 -0.0778045654296875 0.126708984375 -0.0776519775390625
0.0831451416015625 -0.116172790527344 0.0764007568359375 -0.0536575317382813
0.0715789794921875 -0.0975494384765625 0.0583267211914063 -0.00664901733398438
0.0777130126953125 -0.110710144042969 0.0595016479492188 0.0494575500488281
0.106552124023438 -0.0897903442382813 0.038055419921875 0.0927352905273438
0.126655578613281 -0.0269622802734375 -0.0244369506835937 0.115814208984375
0.127510070800781 0.0356903076171875 -0.0826416015625 0.0827178955078125
0.0736083984375 0.117973327636719 -0.110450744628906 -0.00527191162109376
-0.0129852294921875 0.169265747070313 -0.0480270385742188 0.00699615478515626
-0.0927581787109375 0.17047119140625 -0.0689849853515625 0.0971603393554688
-0.137870788574219 0.0764007568359375 0.0558013916015625 0.221359252929687
-0.104965209960938 0.135505676269531 0.03887939453125 0.28466796875
-0.0189056396484375 0.146621704101563 0.126724243164063 0.204879760742188
0.072052001953125 0.133171081542969 0.164581298828125 0.106399536132813
0.123855590820312 0.05999755859375 0.132415771484375 0.0140304565429688
0.147720336914063 -0.0414276123046875 0.09423828125 -0.0333099365234375
0.110191345214844 -0.0963897705078125 0.0491104125976563 -0.00173187255859376
0.0910873413085938 -0.0846710205078125 0.0383644104003906 0.0407981872558594
0.0996932983398438 -0.0960464477539063 0.0408706665039063 0.085845947265625
0.122764587402344 -0.071624755859375 0.0198135375976562 0.115653991699219
0.128402709960938 -0.005462646484375 -0.0312423706054687 0.123802185058594
0.114883422851563 0.0582504272460938 -0.075439453125 0.087066650390625
0.0395889282226562 0.122543334960937 -0.0918197631835938 0.017242431640625
-0.0526809692382813 0.139411926269531 -0.0425567626953125 0.0515823364257813
-0.120468139648438 0.115432739257812 -0.0967025756835938 0.139625549316406
-0.116470336914063 -0.010162353515625 0.002105712890625 0.2381591796875
-0.116973876953125 0.0515060424804687 -0.00814819335937499 0.300994873046875
-0.0608062744140625 0.0925521850585938 0.0970306396484375 0.215545654296875
0.0121078491210937 0.11956787109375 0.128158569335938 0.109588623046875
0.079345703125 0.0831527709960938 0.0895843505859375 0.021728515625
0.132804870605469 0.00379180908203125 0.0498733520507813 -0.00196456909179687
0.117530822753906 -0.0585708618164063 0.0143661499023438 0.040313720703125
0.0968856811523438 -0.059356689453125 0.0134124755859375 0.0833511352539063
0.107536315917969 -0.0715866088867188 0.016326904296875 0.120590209960938
0.127342224121094 -0.0463104248046875 -0.0076751708984375 0.136009216308594
0.123313903808594 0.0160598754882812 -0.0498199462890625 0.127761840820313
0.09814453125 0.0784378051757813 -0.0810165405273438 0.0830078125
0.003997802734375 0.126945495605469 -0.0846328735351563 0.0266571044921875
-0.093841552734375 0.10406494140625 -0.052642822265625 0.0750579833984375
-0.143783569335938 0.048309326171875 -0.130996704101562 0.158096313476563
-0.072479248046875 -0.0941238403320312 -0.0265350341796875 0.220870971679688
-0.09771728515625 -0.0416259765625 -0.027984619140625 0.28411865234375
-0.08056640625 0.01397705078125 0.08551025390625 0.203689575195313
-0.0463180541992187 0.07440185546875 0.106880187988281 0.0908889770507813
0.0185699462890625 0.0832138061523438 0.0581245422363281 0.0103797912597656
0.0919876098632813 0.045501708984375 0.00750923156738282 0.0103073120117188
0.1041259765625 -0.0110626220703125 -0.0219001770019531 0.0662040710449219
0.0886611938476563 -0.0244140625 -0.014404296875 0.114295959472656
0.0994873046875 -0.0367050170898438 -0.01239013671875 0.1492919921875
0.115821838378906 -0.0150070190429688 -0.042236328125 0.152908325195312
0.1041259765625 0.0355987548828125 -0.0788040161132813 0.130477905273438
0.0728378295898438 0.0901641845703125 -0.10015869140625 0.0765609741210938
-0.0312042236328125 0.118240356445313 -0.0935134887695313 0.0256271362304688
-0.123764038085938 0.0595855712890625 -0.0787124633789063 0.0808792114257812
-0.151138305664062 -0.0257415771484375 -0.170684814453125 0.151702880859375
0.101882934570313 0.0967636108398438 0.178451538085938 -0.141921997070313
0.143997192382813 -0.0300445556640625 0.11419677734375 -0.057037353515625
0.0410537719726562 -0.108406066894531 0.106231689453125 -0.0194625854492188
-0.039520263671875 -0.0893096923828125 0.14105224609375 -0.0626068115234375
-0.0739593505859375 -0.0438690185546875 0.121803283691406 -0.127388000488281
-0.103073120117188 0.00142669677734377 0.0641326904296875 -0.170425415039062
-0.0850677490234375 0.0144729614257812 0.0309906005859375 -0.17205810546875
-0.0766067504882812 0.000862121582031238 0.0301361083984375 -0.13031005859375
-0.0965423583984375 -0.0271530151367188 0.0423202514648437 -0.0737686157226563
-0.0526199340820313 -0.0781631469726563 0.0266456604003906 -0.0218505859375
0.0258331298828125 -0.0953750610351563 -0.0430564880371094 0.00496292114257812
0.0809478759765625 -0.05706787109375 -0.0921554565429688 -0.0539474487304687
0.113296508789063 0.0472869873046875 -0.0755767822265625 -0.1953125
0.0893783569335937 0.132652282714844 0.00228881835937503 -0.258651733398438
0.0310516357421875 0.159896850585938 0.033355712890625 -0.178970336914063
0.0538482666015625 0.158477783203125 0.209365844726563 -0.090179443359375
0.133232116699219 0.04974365234375 0.144012451171875 -0.0151519775390625
0.0731735229492187 -0.050750732421875 0.136985778808594 0.00514984130859375
0.0163116455078125 -0.0642166137695313 0.177703857421875 -0.043487548828125
-0.0192413330078125 -0.0525779724121094 0.158554077148438 -0.118988037109375
-0.0568161010742188 -0.0422439575195313 0.098602294921875 -0.178970336914063
-0.05316162109375 -0.0382919311523438 0.060760498046875 -0.17816162109375
-0.0429229736328125 -0.0417633056640625 0.0530929565429688 -0.129554748535156
-0.0517539978027344 -0.0691909790039063 0.0645370483398438 -0.0641136169433594
0.000320434570312494 -0.097198486328125 0.0475044250488281 -0.00122070312500001
0.0748748779296875 -0.0814208984375 -0.0317420959472656 0.0369033813476562
0.118415832519531 -0.02264404296875 -0.0957565307617187 -0.00953674316406251
0.11431884765625 0.0974044799804687 -0.104873657226562 -0.150177001953125
0.0597686767578125 0.18975830078125 -0.0245208740234375 -0.203292846679687
-0.00895690917968748 0.212188720703125 0.0172271728515625 -0.115554809570313
-0.011199951171875 0.1995849609375 0.2186279296875 -0.01300048828125
0.0911712646484375 0.132965087890625 0.161758422851563 0.05340576171875
0.0908660888671875 0.0286102294921875 0.16351318359375 0.04583740234375
0.077178955078125 -0.0169754028320313 0.208053588867188 -0.0131988525390625
0.0478973388671875 -0.0486564636230469 0.185684204101563 -0.0979156494140625
0.00695037841796875 -0.0799942016601563 0.126007080078125 -0.16845703125
-0.009521484375 -0.0869293212890625 0.0805511474609375 -0.160537719726562
-0.0013275146484375 -0.0780258178710938 0.0669326782226563 -0.10833740234375
-0.00288391113281251 -0.100715637207031 0.0753631591796875 -0.0394363403320313
0.0457000732421875 -0.107658386230469 0.0566673278808594 0.0247268676757812
0.106941223144531 -0.0675201416015625 -0.0221786499023437 0.06842041015625
0.139862060546875 -0.00244140625 -0.0924453735351563 0.0329742431640625
0.114997863769531 0.118637084960938 -0.125282287597656 -0.0933303833007813
0.042205810546875 0.212417602539062 -0.0459442138671875 -0.131401062011719
-0.0371551513671875 0.233566284179688 -0.00725936889648438 -0.0403251647949219
-0.080322265625 0.204452514648437 0.195037841796875 0.0787353515625
0.0226287841796875 0.192291259765625 0.152023315429688 0.140487670898438
0.08172607421875 0.109764099121094 0.177734375 0.101150512695313
0.120140075683594 0.0464401245117188 0.220733642578125 0.0285797119140625
0.110450744628906 -0.0241546630859375 0.192596435546875 -0.063446044921875
0.0758514404296875 -0.0980606079101563 0.137092590332031 -0.137229919433594
0.0383224487304688 -0.118850708007813 0.0871658325195313 -0.12109375
0.0403823852539063 -0.101669311523438 0.0683631896972656 -0.0686187744140625
0.041778564453125 -0.118843078613281 0.0745620727539063 -0.00463867187500001
0.081634521484375 -0.109718322753906 0.0572700500488281 0.0530319213867187
0.125663757324219 -0.053131103515625 -0.0135345458984375 0.092864990234375
0.145095825195313 0.0140228271484375 -0.0810546875 0.067047119140625
0.106170654296875 0.124099731445313 -0.12158203125 -0.0390777587890625
0.0229949951171875 0.207077026367188 -0.048126220703125 -0.0567398071289062
-0.0631561279296875 0.225814819335937 -0.0304679870605469 0.0354423522949219
-0.132827758789063 0.167572021484375 0.143234252929688 0.163330078125
-0.0537261962890625 0.203109741210938 0.113983154296875 0.224395751953125
0.0408935546875 0.163345336914063 0.166427612304688 0.156341552734375
0.124427795410156 0.109970092773438 0.206283569335938 0.0704345703125
0.1461181640625 0.0170135498046875 0.173599243164063 -0.0240478515625
0.131607055664063 -0.0885086059570313 0.125640869140625 -0.0912322998046875
0.0823898315429688 -0.128944396972656 0.07586669921875 -0.0665740966796875
0.0727310180664062 -0.10882568359375 0.0589027404785156 -0.0189552307128906
0.0788040161132813 -0.123321533203125 0.0631179809570313 0.0359382629394531
0.110740661621094 -0.103157043457031 0.0469512939453125 0.079437255859375
0.137229919433594 -0.0346145629882813 -0.0114593505859375 0.108016967773438
0.140449523925781 0.0333404541015625 -0.0680389404296875 0.0831451416015625
0.0833511352539063 0.126419067382813 -0.102935791015625 -0.000885009765624982
-0.00791931152343751 0.187484741210938 -0.0380592346191406 0.00843048095703127
-0.091827392578125 0.191665649414062 -0.0544662475585938 0.10205078125
-0.153472900390625 0.0948333740234375 0.07763671875 0.223892211914063
-0.112106323242187 0.157318115234375 0.05999755859375 0.284149169921875
-0.016998291015625 0.163055419921875 0.138336181640625 0.195999145507813
0.086822509765625 0.143936157226563 0.17071533203125 0.098175048828125
0.139778137207031 0.0585403442382812 0.133407592773438 0.005645751953125
0.1571044921875 -0.0556488037109375 0.092437744140625 -0.042633056640625
0.112068176269531 -0.11285400390625 0.0502204895019531 -0.00860977172851563
0.0939102172851563 -0.0997314453125 0.0404014587402344 0.0338478088378906
0.102592468261719 -0.113182067871094 0.043914794921875 0.0773468017578125
0.129020690917969 -0.0876998901367188 0.0265350341796875 0.105873107910156
0.141204833984375 -0.0150909423828125 -0.0219497680664063 0.117599487304687
0.129867553710938 0.0557708740234375 -0.0643768310546875 0.0858001708984375
0.0507736206054687 0.1343994140625 -0.0825119018554688 0.0195159912109375
-0.0511322021484375 0.160659790039063 -0.03143310546875 0.054351806640625
-0.126571655273438 0.138038635253906 -0.084442138671875 0.148712158203125
-0.136642456054688 0.00226593017578124 0.018646240234375 0.247711181640625
-0.131515502929688 0.0703506469726562 0.011871337890625 0.30645751953125
-0.0643234252929688 0.111671447753906 0.109085083007813 0.208587646484375
0.0233154296875 0.134254455566406 0.131515502929688 0.102485656738281
0.0974578857421875 0.0842666625976563 0.088134765625 0.0168914794921875
0.147567749023438 -0.010009765625 0.0477256774902344 -0.00527191162109375
0.121604919433594 -0.0770187377929688 0.0157279968261719 0.040069580078125
0.100723266601563 -0.0759429931640625 0.0167388916015625 0.08197021484375
0.111228942871094 -0.0896530151367187 0.0206527709960937 0.117073059082031
0.135505676269531 -0.0640411376953125 -0.00323486328124998 0.131736755371094
0.137222290039063 0.006500244140625 -0.0438079833984375 0.124679565429687
0.115753173828125 0.0776138305664063 -0.073760986328125 0.0823440551757813
0.0149612426757813 0.140419006347656 -0.0758590698242188 0.0283203125
-0.0953292846679688 0.128265380859375 -0.0410079956054688 0.0816192626953125
-0.155776977539063 0.0706634521484375 -0.1234130859375 0.173507690429688
-0.0950927734375 -0.0898895263671875 -0.017547607421875 0.233901977539062
-0.11767578125 -0.0289077758789062 -0.010894775390625 0.29241943359375
-0.0900726318359375 0.029052734375 0.0970458984375 0.196441650390625
-0.0408859252929688 0.0911178588867188 0.10528564453125 0.0847091674804688
0.0345687866210938 0.0901870727539063 0.0513267517089844 0.00860977172851563
0.108833312988281 0.034576416015625 0.00277996063232423 0.0139961242675781
0.111213684082031 -0.0279769897460937 -0.0206298828125 0.0740814208984375
0.092529296875 -0.0399551391601563 -0.010955810546875 0.120071411132812
0.103874206542969 -0.0530929565429688 -0.00776672363281249 0.1517333984375
0.123237609863281 -0.0321731567382812 -0.0384063720703125 0.154434204101563
0.118034362792969 0.02685546875 -0.0752334594726562 0.13177490234375
0.090057373046875 0.0894699096679688 -0.0944671630859375 0.0769729614257813
-0.0199050903320312 0.131439208984375 -0.086456298828125 0.0280303955078125
-0.127960205078125 0.0811233520507812 -0.0688552856445313 0.0916824340820313
-0.166793823242187 -0.00576782226562497 -0.169906616210938 0.171295166015625
0.117156982421875 0.0872039794921875 0.181076049804688 -0.166015625
0.145401000976563 -0.049652099609375 0.109954833984375 -0.0735549926757812
0.0297088623046875 -0.117172241210938 0.103866577148438 -0.022857666015625
-0.0524749755859375 -0.0887527465820313 0.143844604492188 -0.066864013671875
-0.0837326049804688 -0.0360336303710937 0.125091552734375 -0.13458251953125
-0.107818603515625 0.0180206298828125 0.0646209716796875 -0.18121337890625
-0.0851593017578125 0.0282058715820313 0.02618408203125 -0.185836791992188
-0.078704833984375 0.012725830078125 0.02606201171875 -0.143707275390625
-0.103546142578125 -0.0118331909179687 0.0420150756835937 -0.0888290405273438
-0.0662307739257813 -0.0721664428710938 0.0326442718505859 -0.033203125
0.01251220703125 -0.101730346679687 -0.0338211059570313 0.00244140625
0.0768890380859375 -0.0706253051757812 -0.0873565673828125 -0.0503387451171875
0.126235961914063 0.0338058471679688 -0.0821990966796875 -0.193191528320313
0.113975524902344 0.1280517578125 -0.00750732421874998 -0.270416259765625
0.0544891357421875 0.162567138671875 0.03399658203125 -0.196640014648438
0.0670013427734375 0.15911865234375 0.218460083007813 -0.116134643554688
0.139091491699219 0.0389862060546875 0.145599365234375 -0.034393310546875
0.0668563842773438 -0.0565032958984375 0.135955810546875 -0.000892639160156254
0.00998687744140625 -0.0647964477539063 0.182144165039063 -0.050262451171875
-0.0251884460449219 -0.0489654541015625 0.16259765625 -0.130462646484375
-0.0597686767578125 -0.0334968566894531 0.0992431640625 -0.193939208984375
-0.0544090270996094 -0.03082275390625 0.0550384521484375 -0.196319580078125
-0.0437507629394531 -0.0361137390136719 0.0479736328125 -0.147735595703125
-0.0575599670410156 -0.0620346069335938 0.06451416015625 -0.0830917358398438
-0.00832366943359375 -0.0972671508789063 0.05535888671875 -0.0167350769042969
0.0682296752929688 -0.0899429321289063 -0.0193424224853516 0.0321884155273437
0.1207275390625 -0.03448486328125 -0.085662841796875 -0.00734710693359374
0.128707885742188 0.091644287109375 -0.107559204101562 -0.145050048828125
0.0825958251953125 0.193328857421875 -0.030517578125 -0.212570190429688
0.0107879638671875 0.223464965820313 0.0233612060546875 -0.129081726074219
-0.00346374511718748 0.210769653320313 0.234939575195313 -0.0364532470703125
0.0991439819335938 0.133613586425781 0.168975830078125 0.035369873046875
0.0905990600585938 0.0288772583007813 0.1671142578125 0.038665771484375
0.0784530639648438 -0.0170364379882813 0.215621948242187 -0.0215606689453125
0.048614501953125 -0.0478134155273438 0.189712524414063 -0.111862182617188
0.00442504882812499 -0.078369140625 0.125228881835938 -0.18634033203125
-0.0114059448242188 -0.08734130859375 0.07611083984375 -0.180679321289063
-0.001708984375 -0.0801239013671875 0.0624465942382812 -0.127540588378906
-0.00682830810546876 -0.102493286132813 0.0768051147460938 -0.0591049194335938
0.0420303344726562 -0.113655090332031 0.0657119750976563 0.00835418701171874
0.108207702636719 -0.0766448974609375 -0.00844955444335937 0.0612983703613281
0.146865844726563 -0.010986328125 -0.0804519653320312 0.0347900390625
0.129737854003906 0.119110107421875 -0.124336242675781 -0.0880203247070313
0.06103515625 0.223052978515625 -0.045379638671875 -0.137611389160156
-0.0222930908203125 0.252456665039063 0.00304031372070313 -0.0492668151855469
-0.0797576904296875 0.225021362304688 0.21728515625 0.0622711181640625
0.0295257568359375 0.204498291015625 0.165924072265625 0.126144409179688
0.0865097045898438 0.118072509765625 0.183670043945313 0.0927581787109375
0.130165100097656 0.0488739013671875 0.22955322265625 0.0199127197265625
0.118087768554688 -0.02734375 0.198654174804688 -0.0773468017578125
0.0771331787109375 -0.104850769042969 0.13653564453125 -0.155166625976563
0.0365753173828125 -0.127487182617188 0.0842514038085938 -0.138320922851563
0.040252685546875 -0.110313415527344 0.0652923583984375 -0.0861434936523437
0.0407028198242187 -0.129287719726563 0.0763931274414063 -0.021270751953125
0.0838165283203125 -0.121185302734375 0.064697265625 0.0365982055664062
0.13385009765625 -0.0629501342773438 -0.00146484374999999 0.08514404296875
0.157669067382813 0.0074615478515625 -0.0693893432617188 0.0666389465332031
0.120010375976563 0.129730224609375 -0.118026733398437 -0.0362930297851562
0.037689208984375 0.225006103515625 -0.0430259704589844 -0.0606460571289062
-0.0540771484375 0.248214721679688 -0.0177745819091797 0.0329952239990235
-0.141525268554688 0.191452026367188 0.16705322265625 0.157196044921875
-0.0521392822265625 0.225418090820312 0.132949829101563 0.21826171875
0.0474700927734375 0.179290771484375 0.176254272460938 0.150390625
0.140571594238281 0.116661071777344 0.215240478515625 0.0639190673828125
0.159896850585938 0.0128936767578125 0.179229736328125 -0.035858154296875
0.13775634765625 -0.101966857910156 0.124610900878906 -0.105949401855469
0.082366943359375 -0.144058227539063 0.0750808715820313 -0.0796661376953125
0.0740127563476563 -0.124038696289063 0.0576705932617188 -0.0310821533203125
0.0796661376953125 -0.139167785644531 0.0643501281738281 0.0235214233398437
0.115364074707031 -0.119125366210938 0.0522842407226563 0.0669174194335937
0.1497802734375 -0.04559326171875 -0.00325012207031249 0.101829528808594
0.158279418945313 0.02996826171875 -0.0586166381835938 0.081329345703125
0.0971298217773438 0.137161254882813 -0.0966567993164063 -0.000335693359374982
0.00114440917968752 0.209716796875 -0.0294246673583984 0.00538063049316407
-0.0902557373046875 0.2178955078125 -0.0402603149414063 0.104972839355469
-0.168548583984375 0.118118286132813 0.099822998046875 0.228225708007813
-0.11663818359375 0.18328857421875 0.07928466796875 0.28631591796875
-0.0118408203125 0.1856689453125 0.150344848632813 0.191238403320313
0.104644775390625 0.155670166015625 0.178695678710938 0.0939788818359375
0.157546997070313 0.055938720703125 0.136650085449219 -0.000259399414062497
0.167434692382812 -0.0719146728515625 0.092041015625 -0.0528640747070313
0.114219665527344 -0.132820129394531 0.050018310546875 -0.0152359008789063
0.0955429077148437 -0.11724853515625 0.0414543151855469 0.0279045104980469
0.105010986328125 -0.132949829101563 0.0464706420898438 0.0710983276367187
0.136581420898438 -0.107948303222656 0.0294036865234375 0.0988006591796875
0.157562255859375 -0.0257720947265625 -0.0175323486328125 0.113746643066406
0.151077270507812 0.05364990234375 -0.05902099609375 0.0834579467773438
0.063323974609375 0.14874267578125 -0.0769424438476563 0.0180130004882812
-0.04705810546875 0.186538696289063 -0.0213356018066406 0.0536689758300781
-0.132064819335938 0.165390014648438 -0.073974609375 0.159469604492188
-0.157821655273438 0.0200958251953125 0.035430908203125 0.260177612304688
-0.144805908203125 0.09429931640625 0.0294189453125 0.31561279296875
-0.0672225952148438 0.132598876953125 0.119537353515625 0.206558227539063
0.03814697265625 0.151123046875 0.1368408203125 0.0998382568359375
0.115776062011719 0.0862350463867187 0.0880126953125 0.0154342651367188
0.161972045898438 -0.0264129638671875 0.0456047058105469 -0.007537841796875
0.126022338867188 -0.0976486206054688 0.0177993774414063 0.0411567687988281
0.103408813476563 -0.0938720703125 0.0183792114257813 0.0833587646484375
0.113876342773437 -0.110496520996094 0.0229721069335938 0.118782043457031
0.143081665039063 -0.084747314453125 -0.000694274902343755 0.129859924316406
0.153732299804687 -0.005462646484375 -0.0425949096679687 0.124137878417969
0.135795593261719 0.074951171875 -0.0699462890625 0.0813980102539063
0.028472900390625 0.155548095703125 -0.0713119506835938 0.0264205932617188
-0.0948944091796875 0.15478515625 -0.0304794311523438 0.0853042602539063
-0.166046142578125 0.096466064453125 -0.117355346679687 0.189834594726563
-0.117874145507812 -0.0809555053710938 -0.0081787109375 0.25115966796875
-0.135826110839844 -0.0130538940429688 0.00207519531249997 0.3056640625
-0.0989532470703125 0.0481033325195313 0.104965209960938 0.194625854492188
-0.0323867797851563 0.108612060546875 0.105880737304688 0.0823974609375
0.0513534545898438 0.09375 0.046112060546875 0.0103836059570313
0.12408447265625 0.0216217041015625 -0.000911712646484368 0.0183620452880859
0.115478515625 -0.0467910766601563 -0.0183334350585938 0.0824966430664063
0.094573974609375 -0.055023193359375 -0.00534820556640624 0.127853393554688
0.106414794921875 -0.071685791015625 -0.00375366210937501 0.160110473632812
0.130409240722656 -0.0503387451171875 -0.0381011962890625 0.160003662109375
0.132301330566406 0.0157394409179688 -0.0761642456054687 0.135208129882813
0.1083984375 0.0867233276367187 -0.0946884155273438 0.078765869140625
-0.00851440429687502 0.146041870117188 -0.0834426879882812 0.0282821655273438
-0.130516052246094 0.10595703125 -0.060943603515625 0.102218627929688
-0.181076049804687 0.0153961181640625 -0.170074462890625 0.193710327148438
0.132598876953125 0.0768203735351563 0.182998657226563 -0.197509765625
0.146575927734375 -0.0715179443359375 0.104721069335938 -0.0898208618164063
0.0165023803710938 -0.126724243164063 0.103561401367187 -0.0262374877929688
-0.0675125122070312 -0.0878524780273438 0.14971923828125 -0.0739288330078125
-0.0934829711914063 -0.02642822265625 0.128372192382813 -0.148330688476563
-0.110244750976563 0.0355987548828125 0.0628204345703125 -0.197830200195313
-0.0841445922851562 0.041748046875 0.0184783935546875 -0.204757690429688
-0.0785446166992188 0.0251998901367188 0.01776123046875 -0.160568237304688
-0.109001159667969 0.00392913818359374 0.0374755859375 -0.106613159179688
-0.0812530517578125 -0.064422607421875 0.0357131958007812 -0.0484199523925781
-0.00293731689453126 -0.1087646484375 -0.0261650085449219 -0.00296401977539064
0.0701522827148438 -0.084869384765625 -0.0840606689453125 -0.0499114990234375
0.139144897460938 0.018798828125 -0.0919036865234375 -0.19482421875
0.139389038085938 0.118980407714844 -0.02252197265625 -0.28704833984375
0.080230712890625 0.163223266601562 0.0298614501953125 -0.21990966796875
0.081451416015625 0.161483764648438 0.227890014648437 -0.149063110351563
0.14581298828125 0.0277099609375 0.145172119140625 -0.0541534423828125
0.0607719421386719 -0.0621070861816406 0.13800048828125 -0.0067901611328125
0.00231170654296875 -0.06451416015625 0.190780639648438 -0.0602569580078125
-0.0296669006347656 -0.0437889099121094 0.167510986328125 -0.147567749023438
-0.0628471374511719 -0.0231285095214844 0.09600830078125 -0.2154541015625
-0.0549697875976563 -0.0248451232910156 0.0456695556640625 -0.219284057617188
-0.0447616577148437 -0.0322494506835938 0.0389556884765625 -0.16876220703125
-0.0628585815429688 -0.0553207397460938 0.0608444213867187 -0.104331970214844
-0.0184478759765625 -0.0975418090820313 0.0601806640625 -0.0354690551757813
0.061309814453125 -0.0996627807617188 -0.0084075927734375 0.0242595672607422
0.121833801269531 -0.0471725463867188 -0.078369140625 -0.00707244873046874
0.145584106445313 0.0836639404296875 -0.113922119140625 -0.144424438476563
0.109085083007813 0.196517944335938 -0.0399017333984375 -0.226272583007813
0.03619384765625 0.235931396484375 0.025482177734375 -0.149246215820312
0.00814819335937498 0.22589111328125 0.251480102539063 -0.0663604736328125
0.110549926757813 0.135231018066406 0.175628662109375 0.015838623046875
0.0932998657226563 0.0298690795898438 0.17279052734375 0.030853271484375
0.08172607421875 -0.0182342529296875 0.226943969726563 -0.0340728759765625
0.0502128601074219 -0.0498161315917969 0.196441650390625 -0.131103515625
0.00363922119140625 -0.078948974609375 0.12188720703125 -0.209854125976562
-0.0141448974609375 -0.0900955200195313 0.0675201416015625 -0.2044677734375
-0.0036468505859375 -0.0850143432617188 0.0538787841796875 -0.148483276367188
-0.0111007690429687 -0.1065673828125 0.0732955932617188 -0.08099365234375
0.0375595092773437 -0.121612548828125 0.0709609985351563 -0.01141357421875
0.109466552734375 -0.0897369384765625 0.00263595581054689 0.0523643493652344
0.155776977539063 -0.0220794677734375 -0.0706558227539063 0.0343704223632812
0.1483154296875 0.1187744140625 -0.1258544921875 -0.0861434936523438
0.0864105224609375 0.236007690429688 -0.0501556396484375 -0.147613525390625
-0.00247192382812498 0.273818969726563 0.0111541748046875 -0.0628929138183594
-0.074066162109375 0.250518798828125 0.24041748046875 0.0403900146484375
0.0423126220703125 0.221817016601563 0.18048095703125 0.111968994140625
0.0969085693359375 0.128204345703125 0.193557739257813 0.08551025390625
0.1441650390625 0.0497283935546875 0.243408203125 0.008697509765625
0.128173828125 -0.03277587890625 0.2056884765625 -0.095489501953125
0.0778732299804688 -0.115226745605469 0.133468627929688 -0.17816162109375
0.0334930419921875 -0.140121459960938 0.0776214599609375 -0.16009521484375
0.0387115478515625 -0.123619079589844 0.059173583984375 -0.103874206542969
0.037994384765625 -0.143081665039063 0.0741195678710938 -0.0406417846679688
0.083740234375 -0.137451171875 0.0690383911132813 0.0189056396484375
0.142135620117188 -0.0776214599609375 0.0075225830078125 0.076202392578125
0.173324584960938 -0.0018310546875 -0.0588874816894531 0.0639686584472656
0.139579772949219 0.134880065917969 -0.11669921875 -0.0348129272460937
0.0578765869140625 0.24517822265625 -0.0410919189453125 -0.0681877136230469
-0.0395660400390625 0.276611328125 -0.00644111633300781 0.0277500152587891
-0.143936157226562 0.224380493164063 0.194290161132813 0.148162841796875
-0.04302978515625 0.253585815429688 0.153335571289063 0.213623046875
0.060638427734375 0.198699951171875 0.189743041992187 0.14532470703125
0.163711547851563 0.12042236328125 0.230728149414063 0.0551605224609375
0.178070068359375 0.0046234130859375 0.185379028320313 -0.048797607421875
0.143051147460938 -0.120681762695313 0.122718811035156 -0.123863220214844
0.0787811279296875 -0.16412353515625 0.0715408325195313 -0.09515380859375
0.0732269287109375 -0.142410278320313 0.0539016723632813 -0.0429344177246094
0.07818603515625 -0.162017822265625 0.0642509460449219 0.0102920532226562
0.118789672851563 -0.14129638671875 0.0560417175292969 0.0542945861816406
0.163848876953125 -0.0626068115234375 0.0034027099609375 0.0950088500976562
0.178268432617187 0.0213775634765625 -0.0505142211914062 0.0790328979492188
0.116500854492188 0.147689819335938 -0.0944061279296875 -0.000862121582031225
0.0169830322265625 0.235809326171875 -0.0225086212158203 0.000295639038085948
-0.0830841064453125 0.249862670898438 -0.0279998779296875 0.107986450195313
-0.180679321289063 0.14984130859375 0.125411987304688 0.231796264648438
-0.116867065429688 0.21710205078125 0.10272216796875 0.292327880859375
-0.00241088867187501 0.211822509765625 0.164093017578125 0.190200805664062
0.12939453125 0.166305541992188 0.192184448242188 0.089447021484375
0.181564331054688 0.0494537353515625 0.14178466796875 -0.008209228515625
0.178131103515625 -0.094696044921875 0.0895538330078125 -0.0626983642578125
0.112167358398437 -0.15679931640625 0.0504341125488281 -0.0224418640136719
0.0954437255859375 -0.139228820800781 0.0409889221191406 0.0232696533203125
0.103759765625 -0.158416748046875 0.0478019714355469 0.0670089721679687
0.14154052734375 -0.132644653320313 0.031890869140625 0.0937576293945312
0.174301147460938 -0.0431365966796875 -0.0141754150390625 0.11083984375
0.173538208007813 0.04632568359375 -0.0535049438476562 0.0818328857421875
0.0836944580078125 0.162612915039062 -0.0755844116210937 0.0162200927734375
-0.0362548828125 0.216537475585938 -0.0108375549316406 0.0530281066894531
-0.131240844726563 0.19921875 -0.061279296875 0.170501708984375
-0.177932739257813 0.0438995361328125 0.056793212890625 0.275604248046875
-0.154998779296875 0.124343872070312 0.0509033203125 0.32916259765625
-0.0644378662109375 0.160018920898438 0.134628295898438 0.206573486328125
0.0590972900390625 0.167526245117188 0.14532470703125 0.098541259765625
0.139495849609375 0.0832366943359375 0.0884552001953125 0.013580322265625
0.175216674804688 -0.04803466796875 0.0435028076171875 -0.00915145874023438
0.12628173828125 -0.122589111328125 0.0204048156738281 0.0441474914550781
0.102767944335938 -0.114997863769531 0.0225372314453125 0.0869293212890625
0.113372802734375 -0.135696411132813 0.0269622802734375 0.121864318847656
0.14727783203125 -0.11004638671875 0.00097656250000002 0.132652282714844
0.169647216796875 -0.022003173828125 -0.0424118041992187 0.126937866210938
0.1597900390625 0.067840576171875 -0.0692214965820312 0.0824203491210938
0.047149658203125 0.1702880859375 -0.0700531005859375 0.0245208740234375
-0.08966064453125 0.185638427734375 -0.0197296142578125 0.090484619140625
-0.173248291015625 0.12841796875 -0.109039306640625 0.2109375
-0.142593383789063 -0.06927490234375 0.00717163085937497 0.272842407226563
-0.153305053710938 0.00802612304687502 0.0203857421875 0.3221435546875
-0.105178833007813 0.0696792602539063 0.117431640625 0.195175170898438
-0.0194015502929688 0.127655029296875 0.108917236328125 0.083038330078125
0.0716323852539062 0.0964279174804687 0.0431251525878906 0.01397705078125
0.137809753417969 0.0040130615234375 -0.00381851196289062 0.0262031555175781
0.118461608886719 -0.0683746337890625 -0.0141372680664063 0.0943069458007813
0.0955581665039063 -0.073211669921875 0.00137329101562501 0.13836669921875
0.106575012207031 -0.092987060546875 0.00354003906249999 0.17108154296875
0.134735107421875 -0.0730667114257812 -0.035400390625 0.170501708984375
0.146255493164063 0.0011138916015625 -0.0767364501953125 0.143585205078125
0.128326416015625 0.08038330078125 -0.0966873168945312 0.0822219848632812
0.0080108642578125 0.16021728515625 -0.082489013671875 0.0284042358398438
-0.129661560058594 0.134956359863281 -0.0502471923828125 0.113151550292969
-0.194320678710938 0.0420684814453125 -0.167465209960938 0.222320556640625
0.147491455078125 0.0613555908203125 0.174468994140625 -0.234420776367188
0.142074584960938 -0.097686767578125 0.0932159423828125 -0.107887268066406
-0.00109863281249999 -0.135330200195313 0.103309631347656 -0.0317840576171875
-0.0845489501953125 -0.0820770263671875 0.1544189453125 -0.0869140625
-0.102775573730469 -0.01220703125 0.128219604492188 -0.168350219726563
-0.109733581542969 0.0555038452148438 0.0545654296875 -0.218795776367188
-0.0796356201171875 0.0568161010742187 0.000289916992187503 -0.224578857421875
-0.0765228271484375 0.0387954711914063 0.0019683837890625 -0.178451538085937
-0.111732482910156 0.0244979858398437 0.0273513793945312 -0.125068664550781
-0.094879150390625 -0.052093505859375 0.0331459045410156 -0.0654220581054688
-0.0216827392578125 -0.112571716308594 -0.0202255249023438 -0.0111351013183594
0.06024169921875 -0.100357055664063 -0.0831069946289063 -0.05059814453125
0.149810791015625 -0.003082275390625 -0.105133056640625 -0.196533203125
0.16552734375 0.10150146484375 -0.046905517578125 -0.303192138671875
0.109420776367188 0.159622192382812 0.0159149169921875 -0.24560546875
0.101409912109375 0.159942626953125 0.225738525390625 -0.191177368164063
0.151016235351562 0.009979248046875 0.140037536621094 -0.0767669677734375
0.053619384765625 -0.0673866271972656 0.139297485351563 -0.0157699584960938
-0.00421524047851563 -0.0625190734863281 0.197845458984375 -0.0782928466796875
-0.0351524353027344 -0.0387039184570313 0.16693115234375 -0.171951293945313
-0.0636367797851563 -0.0134162902832031 0.0842742919921875 -0.241607666015625
-0.0560455322265625 -0.0181121826171875 0.026214599609375 -0.244766235351563
-0.0462379455566406 -0.0285263061523438 0.0209808349609375 -0.190414428710937
-0.0682373046875 -0.0481414794921875 0.0488815307617188 -0.127662658691406
-0.0294113159179688 -0.0958480834960938 0.0601234436035156 -0.0570411682128906
0.0507736206054687 -0.110603332519531 -0.000535011291503903 0.0134954452514648
0.121810913085938 -0.0630569458007813 -0.0721893310546875 -0.00940704345703124
0.163848876953125 0.070220947265625 -0.1224365234375 -0.142074584960938
0.14013671875 0.192947387695312 -0.057952880859375 -0.239120483398438
0.0679931640625 0.244186401367188 0.0210418701171875 -0.171279907226562
0.0278472900390625 0.241592407226563 0.2611083984375 -0.105361938476562
0.126060485839844 0.133567810058594 0.179183959960938 -0.00773620605468749
0.0993270874023438 0.0295028686523438 0.177993774414063 0.0191192626953125
0.0868606567382812 -0.0218353271484375 0.238296508789063 -0.053802490234375
0.0516777038574219 -0.0530624389648438 0.198318481445313 -0.157577514648438
0.00189971923828125 -0.0795822143554687 0.110809326171875 -0.238250732421875
-0.0194625854492188 -0.09368896484375 0.0482025146484375 -0.231155395507813
-0.00666046142578125 -0.091644287109375 0.0368804931640625 -0.170989990234375
-0.0189132690429688 -0.111244201660156 0.0635452270507813 -0.104690551757813
0.0296173095703125 -0.132408142089844 0.0709915161132813 -0.0341415405273438
0.107955932617188 -0.105072021484375 0.0116806030273438 0.0396919250488281
0.162750244140625 -0.0392913818359375 -0.0613327026367188 0.0311660766601562
0.171340942382813 0.11212158203125 -0.129997253417969 -0.0826416015625
0.118865966796875 0.243759155273438 -0.0602569580078125 -0.157699584960937
0.028656005859375 0.29364013671875 0.0144424438476562 -0.0794448852539062
-0.059234619140625 0.28131103515625 0.261383056640625 0.00907897949218752
0.0652008056640625 0.23809814453125 0.19561767578125 0.0926971435546875
0.114494323730469 0.135879516601562 0.205352783203125 0.0736083984375
0.162918090820313 0.0433197021484375 0.258041381835937 -0.0118255615234375
0.137840270996094 -0.045318603515625 0.20794677734375 -0.119827270507813
0.0757064819335937 -0.129493713378906 0.122711181640625 -0.20361328125
0.0247650146484375 -0.154953002929688 0.0637969970703125 -0.18389892578125
0.0308914184570313 -0.140281677246094 0.0462112426757812 -0.123054504394531
0.0282440185546875 -0.159469604492188 0.0667648315429688 -0.0613822937011719
0.0775909423828125 -0.1568603515625 0.0697479248046875 -0.00051116943359376
0.148193359375 -0.0976409912109375 0.0151519775390625 0.0651130676269531
0.188980102539063 -0.019073486328125 -0.050079345703125 0.0602264404296875
0.164230346679688 0.133392333984375 -0.11785888671875 -0.0332489013671875
0.089752197265625 0.262863159179688 -0.043670654296875 -0.0767745971679687
-0.01318359375 0.305633544921875 0.00400924682617188 0.0182361602783203
-0.13677978515625 0.263626098632813 0.22357177734375 0.129959106445313
-0.023345947265625 0.28424072265625 0.179290771484375 0.20361328125
0.0848846435546875 0.218551635742188 0.206893920898438 0.13555908203125
0.19439697265625 0.119033813476562 0.24664306640625 0.0391082763671875
0.1961669921875 -0.01214599609375 0.191360473632812 -0.0677032470703125
0.143753051757813 -0.146072387695313 0.114898681640625 -0.144561767578125
0.069732666015625 -0.18682861328125 0.06353759765625 -0.112884521484375
0.066162109375 -0.165390014648438 0.0464096069335938 -0.0561943054199219
0.068115234375 -0.18658447265625 0.0613517761230469 -0.00297546386718751
0.114059448242187 -0.168716430664063 0.0566024780273438 0.0420150756835937
0.172561645507813 -0.0876922607421875 0.00854492187500001 0.0887908935546875
0.199752807617188 0.0035552978515625 -0.0427322387695312 0.07611083984375
0.143661499023438 0.152862548828125 -0.094818115234375 -0.00150299072265624
0.043792724609375 0.259170532226563 -0.0170450210571289 -0.00571155548095702
-0.062835693359375 0.28546142578125 -0.0124053955078125 0.108795166015625
-0.1846923828125 0.188796997070313 0.157455444335938 0.230850219726563
-0.105667114257812 0.255096435546875 0.132781982421875 0.29425048828125
0.0190887451171875 0.237762451171875 0.183990478515625 0.183486938476563
0.163375854492187 0.169937133789063 0.208602905273437 0.07818603515625
0.20526123046875 0.035125732421875 0.146514892578125 -0.020477294921875
0.1826171875 -0.124984741210938 0.0851516723632813 -0.07421875
0.102920532226563 -0.184890747070313 0.0491104125976563 -0.0303688049316406
0.0875701904296875 -0.16473388671875 0.0411720275878906 0.0193061828613281
0.093505859375 -0.187789916992187 0.0503082275390625 0.0629501342773437
0.138702392578125 -0.16412353515625 0.0349273681640625 0.0893325805664063
0.187774658203125 -0.0694122314453125 -0.011383056640625 0.109283447265625
0.1981201171875 0.0306243896484375 -0.0486068725585937 0.0810546875
0.111038208007813 0.173828125 -0.0743942260742187 0.0151519775390625
-0.0135345458984375 0.246810913085938 -0.000675201416015628 0.0493507385253906
-0.120208740234375 0.2373046875 -0.043426513671875 0.18304443359375
-0.191787719726563 0.0762176513671875 0.088623046875 0.28662109375
-0.15582275390625 0.162567138671875 0.083892822265625 0.34124755859375
-0.0528106689453125 0.190643310546875 0.152557373046875 0.2052001953125
0.09039306640625 0.179458618164063 0.157943725585938 0.0934600830078125
0.166915893554687 0.0734405517578125 0.0920028686523438 0.0104751586914063
0.183609008789063 -0.0771942138671875 0.0417442321777344 -0.0106849670410156
0.120010375976562 -0.151824951171875 0.0240364074707031 0.0468482971191406
0.0958099365234375 -0.141586303710938 0.0291595458984375 0.0896530151367187
0.104904174804688 -0.1650390625 0.0355987548828125 0.126022338867188
0.146163940429688 -0.141738891601563 0.00545501708984376 0.136451721191406
0.183792114257813 -0.047332763671875 -0.0388870239257812 0.132797241210938
0.18438720703125 0.05267333984375 -0.0679397583007813 0.0861587524414062
0.0740509033203125 0.182342529296875 -0.07080078125 0.0240631103515625
-0.0723419189453125 0.217529296875 -0.00582122802734375 0.0926361083984375
-0.17169189453125 0.166534423828125 -0.0924072265625 0.233718872070313
-0.164794921875 -0.04913330078125 0.0316162109375 0.2938232421875
-0.16729736328125 0.0353851318359375 0.048095703125 0.3397216796875
-0.104621887207031 0.09539794921875 0.132919311523437 0.194564819335937
0.00169372558593751 0.144866943359375 0.115753173828125 0.0820388793945313
0.0950851440429688 0.0930709838867188 0.0418968200683594 0.0173492431640625
0.1490478515625 -0.019317626953125 -0.00283050537109374 0.0356636047363281
0.115936279296875 -0.0927505493164063 -0.00591278076171875 0.107192993164063
0.092437744140625 -0.0936050415039063 0.0141143798828125 0.149887084960938
0.100288391113281 -0.118400573730469 0.0163421630859375 0.182647705078125
0.132942199707031 -0.100418090820313 -0.02764892578125 0.183853149414062
0.159881591796875 -0.020477294921875 -0.0742340087890625 0.156829833984375
0.151748657226563 0.0684051513671875 -0.097747802734375 0.0910415649414062
0.0295562744140625 0.173873901367188 -0.0813827514648438 0.03106689453125
-0.120559692382812 0.166488647460938 -0.0358047485351563 0.122871398925781
-0.202163696289062 0.0756378173828125 -0.155258178710937 0.25384521484375
0.15869140625 0.04010009765625 0.150497436523438 -0.268630981445313
0.125762939453125 -0.120819091796875 0.0755615234375 -0.122116088867188
-0.0233993530273438 -0.137733459472656 0.100257873535156 -0.0384445190429688
-0.0986862182617188 -0.0695571899414063 0.151885986328125 -0.1014404296875
-0.108268737792969 0.00310516357421877 0.118804931640625 -0.189620971679688
-0.099822998046875 0.0768280029296875 0.0347442626953125 -0.235275268554688
-0.069122314453125 0.0711288452148438 -0.0252838134765625 -0.236648559570312
-0.0699234008789063 0.0521278381347656 -0.0208892822265625 -0.190475463867188
-0.10552978515625 0.043121337890625 0.00973510742187501 -0.1407470703125
-0.105140686035156 -0.0349349975585938 0.0262603759765625 -0.0843963623046875
-0.0434341430664063 -0.109657287597656 -0.0196380615234375 -0.0202198028564453
0.0438461303710937 -0.110855102539062 -0.0831756591796875 -0.0497970581054688
0.152374267578125 -0.0294036865234375 -0.121292114257812 -0.19287109375
0.186248779296875 0.0748138427734375 -0.07696533203125 -0.30780029296875
0.13812255859375 0.142929077148438 -0.00831604003906248 -0.266525268554688
0.119827270507813 0.1524658203125 0.210845947265625 -0.2330322265625
0.151077270507813 -0.009246826171875 0.125747680664063 -0.0988311767578125
0.04461669921875 -0.0703811645507813 0.139915466308594 -0.0258331298828125
-0.012542724609375 -0.0589523315429688 0.196441650390625 -0.09869384765625
-0.0368499755859375 -0.0317497253417969 0.158523559570313 -0.198699951171875
-0.0602760314941406 -0.00112915039062499 0.062591552734375 -0.262496948242188
-0.052337646484375 -0.0121116638183594 -0.00514221191406253 -0.261734008789063
-0.0463027954101563 -0.0233802795410156 -0.005859375 -0.204498291015625
-0.0701217651367187 -0.0372314453125 0.0285186767578125 -0.146469116210937
-0.042205810546875 -0.0895233154296875 0.0524749755859375 -0.07879638671875
0.0350418090820312 -0.116928100585937 0.00161933898925781 0.000373005867004387
0.1141357421875 -0.0787734985351563 -0.0672149658203125 -0.0125656127929688
0.176254272460938 0.0484771728515625 -0.133491516113281 -0.137687683105469
0.1705322265625 0.176406860351563 -0.0798797607421875 -0.243072509765625
0.102371215820313 0.241195678710937 0.00732421875 -0.190994262695312
0.05572509765625 0.250137329101562 0.255157470703125 -0.149581909179687
0.142257690429688 0.126785278320313 0.173355102539063 -0.0330352783203125
0.103729248046875 0.0244598388671875 0.181243896484375 0.0048675537109375
0.0904617309570313 -0.0292892456054688 0.240310668945313 -0.078704833984375
0.0511398315429688 -0.0598220825195313 0.18865966796875 -0.18524169921875
-0.00437164306640625 -0.0808029174804688 0.08563232421875 -0.26104736328125
-0.0264816284179687 -0.0960617065429688 0.0195159912109375 -0.2508544921875
-0.0153961181640625 -0.0948715209960938 0.011260986328125 -0.18536376953125
-0.0308685302734375 -0.11395263671875 0.0452346801757813 -0.12396240234375
0.0190963745117188 -0.1390380859375 0.0614852905273438 -0.0551338195800781
0.0996551513671875 -0.121940612792969 0.0153636932373047 0.0257740020751953
0.164932250976563 -0.0604248046875 -0.0537490844726563 0.0266380310058594
0.1904296875 0.0962982177734375 -0.135177612304687 -0.0774307250976563
0.156631469726563 0.237762451171875 -0.0746002197265624 -0.162734985351562
0.067047119140625 0.302154541015625 0.00981903076171875 -0.0947036743164062
-0.030975341796875 0.30645751953125 0.271316528320313 -0.02886962890625
0.0922088623046875 0.243362426757813 0.206085205078125 0.066070556640625
0.134063720703125 0.136390686035156 0.213088989257813 0.05609130859375
0.17950439453125 0.0315399169921875 0.262481689453125 -0.0378570556640625
0.14208984375 -0.062347412109375 0.200851440429688 -0.147064208984375
0.0667572021484375 -0.144210815429687 0.10174560546875 -0.227920532226563
0.011199951171875 -0.165802001953125 0.03887939453125 -0.203369140625
0.017608642578125 -0.152587890625 0.025360107421875 -0.13726806640625
0.0108184814453125 -0.172622680664063 0.0522689819335937 -0.0772552490234375
0.063629150390625 -0.176956176757813 0.0626678466796875 -0.0211448669433594
0.14599609375 -0.120773315429688 0.0196571350097656 0.0512466430664062
0.199447631835938 -0.04217529296875 -0.0427742004394531 0.05377197265625
0.190811157226563 0.123336791992187 -0.118240356445312 -0.027618408203125
0.127822875976562 0.265777587890625 -0.0502853393554688 -0.0838470458984375
0.025115966796875 0.3231201171875 0.0122642517089844 0.00659751892089846
-0.113800048828125 0.30096435546875 0.24615478515625 0.102752685546875
0.010650634765625 0.30548095703125 0.202239990234375 0.182464599609375
0.113983154296875 0.227142333984375 0.221023559570313 0.117599487304688
0.22137451171875 0.105239868164063 0.259567260742188 0.0147705078125
0.20794677734375 -0.03668212890625 0.186477661132813 -0.0894012451171875
0.134140014648438 -0.170684814453125 0.0966033935546875 -0.162673950195313
0.0478515625 -0.206268310546875 0.049407958984375 -0.126289367675781
0.0490264892578125 -0.185791015625 0.0332832336425781 -0.0664176940917969
0.0482177734375 -0.208541870117188 0.0549774169921875 -0.0120391845703125
0.102142333984375 -0.19464111328125 0.0553054809570313 0.0277786254882812
0.17572021484375 -0.115814208984375 0.0131607055664063 0.0772476196289062
0.213241577148438 -0.01953125 -0.0384674072265625 0.0690040588378906
0.172637939453125 0.145370483398438 -0.0963592529296875 -0.000778198242187492
0.0810394287109375 0.276138305664063 -0.0143327713012695 -0.0155344009399414
-0.02972412109375 0.312408447265625 0.00410461425781249 0.101394653320313
-0.172592163085938 0.231460571289062 0.191635131835938 0.213485717773438
-0.080535888671875 0.287017822265625 0.169281005859375 0.28277587890625
0.0479736328125 0.257858276367188 0.201797485351563 0.1695556640625
0.198440551757812 0.16278076171875 0.219070434570312 0.062225341796875
0.226028442382812 0.009246826171875 0.147842407226563 -0.034881591796875
0.175949096679688 -0.157196044921875 0.076812744140625 -0.0866622924804688
0.0836181640625 -0.209869384765625 0.0428466796875 -0.0372428894042969
0.0711212158203125 -0.190475463867188 0.0381126403808594 0.0142173767089844
0.072296142578125 -0.215072631835938 0.0532951354980469 0.0570945739746094
0.124771118164062 -0.192291259765625 0.0359954833984375 0.0825424194335937
0.192398071289063 -0.102127075195313 -0.00480651855468748 0.107177734375
0.2178955078125 0.0025177001953125 -0.0456695556640625 0.0789337158203125
0.14251708984375 0.173965454101563 -0.0742111206054687 0.0139312744140625
0.022674560546875 0.27044677734375 0.00815200805664063 0.0460090637207031
-0.093109130859375 0.269775390625 -0.0191650390625 0.187301635742188
-0.195724487304688 0.1160888671875 0.1239013671875 0.28533935546875
-0.14276123046875 0.198348999023437 0.12371826171875 0.338623046875
-0.030181884765625 0.213302612304688 0.171768188476563 0.194198608398437
0.124313354492188 0.179931640625 0.168472290039063 0.08306884765625
0.190353393554687 0.0505218505859375 0.0901412963867188 0.0061492919921875
0.182540893554688 -0.111282348632813 0.0393180847167969 -0.00855255126953126
0.099578857421875 -0.17926025390625 0.0300178527832031 0.047698974609375
0.080718994140625 -0.162399291992188 0.0365982055664063 0.0917434692382813
0.0850677490234375 -0.192153930664063 0.0454864501953125 0.1259765625
0.133865356445313 -0.173065185546875 0.01324462890625 0.140609741210938
0.190185546875 -0.0791778564453125 -0.0311813354492187 0.138404846191406
0.205825805664063 0.0283203125 -0.06414794921875 0.0867843627929688
0.105438232421875 0.18511962890625 -0.070281982421875 0.0238571166992188
-0.0435638427734375 0.245376586914063 0.00875854492187499 0.0920562744140625
-0.153518676757813 0.205520629882813 -0.066375732421875 0.251434326171875
-0.183029174804688 -0.022979736328125 0.065155029296875 0.305816650390625
-0.16766357421875 0.06695556640625 0.086151123046875 0.34478759765625
-0.0954437255859375 0.122627258300781 0.151641845703125 0.185455322265625
0.027984619140625 0.1539306640625 0.121147155761719 0.0765457153320313
0.117507934570313 0.0807647705078125 0.0427360534667969 0.0185661315917969
0.149826049804688 -0.047119140625 -0.00133514404296874 0.0418014526367188
0.1015625 -0.118362426757813 0.0121078491210938 0.1153564453125
0.0806045532226562 -0.112892150878906 0.0311431884765625 0.154220581054688
0.083984375 -0.14007568359375 0.0336151123046875 0.190216064453125
0.12066650390625 -0.127426147460938 -0.01373291015625 0.192276000976562
0.16278076171875 -0.0501556396484375 -0.0667724609375 0.17047119140625
0.16949462890625 0.0472564697265625 -0.0932846069335938 0.100730895996094
0.059844970703125 0.179443359375 -0.081817626953125 0.0314483642578125
-0.098175048828125 0.195205688476563 -0.0181198120117188 0.128379821777344
-0.198654174804688 0.111968994140625 -0.1287841796875 0.284088134765625
0.160537719726563 0.019378662109375 0.118865966796875 -0.288848876953125
0.105438232421875 -0.135948181152344 0.0547103881835938 -0.127616882324219
-0.0413742065429688 -0.132591247558594 0.0966415405273438 -0.0411300659179688
-0.109245300292969 -0.0548858642578125 0.146499633789063 -0.114028930664063
-0.107254028320313 0.0186309814453125 0.105331420898437 -0.204421997070313
-0.0869979858398438 0.0918045043945313 0.014862060546875 -0.246551513671875
-0.0566253662109375 0.0796737670898438 -0.05126953125 -0.240219116210937
-0.0603675842285156 0.060302734375 -0.045501708984375 -0.193069458007813
-0.095611572265625 0.0601959228515625 -0.0126190185546875 -0.147796630859375
-0.106529235839844 -0.0165176391601562 0.012603759765625 -0.0937881469726563
-0.0586471557617188 -0.100135803222656 -0.0201702117919922 -0.029205322265625
0.0259933471679688 -0.115760803222656 -0.0810775756835938 -0.0510787963867187
0.146484375 -0.0529327392578125 -0.132247924804687 -0.181655883789063
0.19476318359375 0.0444488525390625 -0.104339599609375 -0.303985595703125
0.154876708984375 0.12054443359375 -0.0348663330078125 -0.2735595703125
0.134307861328125 0.139900207519531 0.183761596679688 -0.259674072265625
0.14501953125 -0.023345947265625 0.10546875 -0.111091613769531
0.032989501953125 -0.0711746215820313 0.134132385253906 -0.0340805053710938
-0.0178298950195313 -0.0543785095214844 0.190872192382813 -0.115859985351562
-0.0387535095214844 -0.025238037109375 0.140853881835938 -0.21588134765625
-0.0550460815429688 0.00807571411132811 0.0368194580078125 -0.27557373046875
-0.0501594543457031 -0.00700378417968749 -0.036468505859375 -0.265716552734375
-0.0448799133300781 -0.0198936462402344 -0.0343475341796875 -0.209304809570312
-0.0697059631347656 -0.0275115966796875 0.00550842285156251 -0.156326293945313
-0.0485687255859375 -0.0832672119140625 0.036163330078125 -0.09381103515625
0.0226669311523438 -0.1182861328125 0.00219058990478516 -0.0136423110961914
0.10406494140625 -0.0914154052734375 -0.0625572204589844 -0.0161323547363281
0.179855346679688 0.0276947021484375 -0.138053894042969 -0.12689208984375
0.1903076171875 0.152496337890625 -0.102508544921875 -0.2406005859375
0.131134033203125 0.226318359375 -0.0106201171875 -0.203933715820312
0.08013916015625 0.248611450195313 0.237533569335938 -0.183700561523437
0.152542114257813 0.113754272460937 0.16082763671875 -0.05401611328125
0.106307983398438 0.02178955078125 0.177627563476562 -0.0082550048828125
0.0887298583984375 -0.033966064453125 0.232589721679688 -0.100006103515625
0.0491523742675781 -0.0629844665527344 0.171722412109375 -0.204925537109375
-0.00654602050781251 -0.0801467895507813 0.0580596923828125 -0.274124145507813
-0.0334014892578125 -0.0960235595703125 -0.0123748779296875 -0.256820678710938
-0.0230865478515625 -0.09814453125 -0.016265869140625 -0.191787719726563
-0.03814697265625 -0.111663818359375 0.0208892822265625 -0.134971618652344
0.00379943847656249 -0.140762329101563 0.049407958984375 -0.0734024047851563
0.0866622924804688 -0.132743835449219 0.0149202346801758 0.0110197067260742
0.16131591796875 -0.0775146484375 -0.0484352111816406 0.0181312561035156
0.202362060546875 0.0761566162109375 -0.135452270507813 -0.0700912475585938
0.1834716796875 0.2213134765625 -0.087493896484375 -0.161148071289063
0.10272216796875 0.294921875 0.00394439697265626 -0.10906982421875
0.00131225585937503 0.319091796875 0.264938354492188 -0.067962646484375
0.118850708007813 0.239791870117187 0.2027587890625 0.04119873046875
0.150985717773438 0.131027221679688 0.212020874023438 0.03973388671875
0.187179565429688 0.0130157470703125 0.259414672851563 -0.062713623046875
0.141708374023438 -0.07806396484375 0.186325073242188 -0.167678833007813
0.054534912109375 -0.15234375 0.0755157470703125 -0.239486694335937
-0.00668334960937499 -0.170516967773438 0.0119476318359375 -0.21075439453125
0.00163269042968752 -0.161163330078125 0.00326538085937499 -0.14239501953125
-0.00576782226562501 -0.178604125976563 0.0337677001953125 -0.0883255004882813
0.0462799072265625 -0.186752319335938 0.0522270202636719 -0.0348434448242188
0.135635375976563 -0.141921997070313 0.0194206237792969 0.038818359375
0.198333740234375 -0.0661468505859375 -0.0358428955078125 0.0458450317382813
0.207839965820313 0.107162475585938 -0.117324829101562 -0.0248336791992187
0.16131591796875 0.257476806640625 -0.0555419921875 -0.0866546630859375
0.06292724609375 0.325775146484375 0.0161371231079102 -0.00584506988525389
-0.0841064453125 0.323760986328125 0.255599975585938 0.0675506591796875
0.0460205078125 0.314239501953125 0.212600708007813 0.157272338867188
0.14312744140625 0.22479248046875 0.22479248046875 0.100204467773438
0.241546630859375 0.0813140869140625 0.25738525390625 -0.00762939453124999
0.2122802734375 -0.0625762939453125 0.176925659179688 -0.10894775390625
0.116622924804688 -0.190048217773438 0.0780029296875 -0.172683715820312
0.0265655517578125 -0.216522216796875 0.0298004150390625 -0.133644104003906
0.0266571044921875 -0.197479248046875 0.0215988159179687 -0.0712356567382813
0.0229034423828125 -0.219772338867187 0.0433616638183594 -0.02301025390625
0.0789031982421875 -0.212844848632813 0.0473556518554688 0.01788330078125
0.1680908203125 -0.14215087890625 0.0133247375488281 0.0695762634277343
0.219314575195313 -0.0484619140625 -0.0325508117675781 0.0636482238769531
0.196670532226563 0.1339111328125 -0.0930252075195312 0.00132751464843751
0.11859130859375 0.2744140625 -0.0142040252685547 -0.0210533142089844
0.007293701171875 0.323211669921875 0.0176849365234375 0.0955276489257813
-0.151153564453125 0.262130737304688 0.213211059570313 0.191390991210938
-0.044647216796875 0.30792236328125 0.192108154296875 0.259750366210938
0.0811004638671875 0.264358520507813 0.211029052734375 0.150375366210938
0.2264404296875 0.143447875976563 0.222854614257813 0.0419158935546875
0.233413696289062 -0.0189666748046875 0.14044189453125 -0.0459365844726563
0.158370971679688 -0.182769775390625 0.063018798828125 -0.0899581909179688
0.0576171875 -0.2249755859375 0.0370597839355469 -0.0434722900390625
0.04656982421875 -0.202590942382813 0.0373382568359375 0.0107841491699219
0.04595947265625 -0.23126220703125 0.0498619079589844 0.0501060485839844
0.0988311767578125 -0.217193603515625 0.036956787109375 0.077972412109375
0.183929443359375 -0.129547119140625 -0.002838134765625 0.103958129882812
0.224380493164063 -0.025054931640625 -0.0414657592773437 0.0762710571289063
0.168411254882813 0.159927368164062 -0.0742950439453125 0.0139007568359375
0.0565948486328125 0.275558471679688 0.0153961181640625 0.0327396392822266
-0.060821533203125 0.292694091796875 0.00173950195312501 0.1854248046875
-0.18463134765625 0.148086547851562 0.154937744140625 0.274490356445313
-0.118621826171875 0.22515869140625 0.151885986328125 0.32501220703125
-0.00166320800781252 0.230255126953125 0.185012817382812 0.177444458007813
0.15386962890625 0.167739868164063 0.173110961914063 0.070068359375
0.202133178710938 0.027496337890625 0.0899810791015625 0.00144195556640625
0.168060302734375 -0.139404296875 0.03656005859375 -0.0116958618164063
0.0769805908203125 -0.195587158203125 0.0351181030273438 0.0461654663085937
0.0589599609375 -0.179336547851563 0.0459365844726563 0.089385986328125
0.0590972900390625 -0.207000732421875 0.053802490234375 0.124855041503906
0.10968017578125 -0.195175170898438 0.0218505859375 0.138832092285156
0.181655883789063 -0.106948852539063 -0.02557373046875 0.1417236328125
0.212448120117188 0.00018310546875 -0.0610198974609375 0.0900802612304688
0.132827758789063 0.175033569335938 -0.0701942443847656 0.0239295959472656
-0.00828552246093748 0.259414672851563 0.0215530395507813 0.0818405151367188
-0.128799438476563 0.231704711914063 -0.0365142822265625 0.255874633789063
-0.187484741210938 0.008087158203125 0.098907470703125 0.301788330078125
-0.160446166992188 0.09783935546875 0.11749267578125 0.3359375
-0.0787811279296875 0.143814086914062 0.160659790039062 0.1708984375
0.05413818359375 0.151779174804687 0.125350952148438 0.0706405639648438
0.13189697265625 0.0633773803710938 0.0408210754394531 0.0244178771972656
0.144805908203125 -0.0732421875 0.00473785400390625 0.0492935180664062
0.0848159790039062 -0.13427734375 0.0247802734375 0.117271423339844
0.0640640258789062 -0.127494812011719 0.0506439208984375 0.154983520507813
0.0635833740234375 -0.15618896484375 0.051849365234375 0.18939208984375
0.104110717773438 -0.147796630859375 0.001068115234375 0.19677734375
0.158950805664063 -0.0723724365234375 -0.0552978515625 0.175704956054687
0.178970336914063 0.02313232421875 -0.0891494750976562 0.104866027832031
0.0830078125 0.17144775390625 -0.078948974609375 0.0350265502929688
-0.0707244873046875 0.213027954101562 0.00213623046874998 0.123970031738281
-0.179641723632813 0.14300537109375 -0.097320556640625 0.30035400390625
0.159042358398438 0.0030975341796875 0.092742919921875 -0.297607421875
0.0874481201171875 -0.14373779296875 0.0380020141601563 -0.127182006835938
-0.0541305541992187 -0.124588012695312 0.0929946899414062 -0.041778564453125
-0.113555908203125 -0.0411148071289063 0.140640258789063 -0.119827270507813
-0.103050231933594 0.0312118530273437 0.0930328369140625 -0.211807250976563
-0.0726242065429688 0.0993423461914062 -0.000244140624999994 -0.251220703125
-0.0451507568359375 0.0828857421875 -0.0722808837890625 -0.23785400390625
-0.0505447387695313 0.0642166137695313 -0.064453125 -0.19061279296875
-0.0835037231445313 0.0705718994140625 -0.02984619140625 -0.148727416992188
-0.104133605957031 -0.00224304199218749 -0.000122070312500005 -0.102157592773438
-0.0694580078125 -0.0894241333007813 -0.0225448608398438 -0.0377197265625
0.0120697021484375 -0.114952087402344 -0.0799942016601563 -0.053680419921875
0.136680603027344 -0.068359375 -0.1356201171875 -0.173431396484375
0.193984985351563 0.0203399658203125 -0.1214599609375 -0.29620361328125
0.163742065429688 0.100067138671875 -0.05389404296875 -0.277206420898438
0.143844604492188 0.128677368164063 0.15802001953125 -0.275283813476563
0.136703491210938 -0.0321121215820313 0.0885162353515625 -0.115516662597656
0.0273361206054687 -0.0673828125 0.129096984863281 -0.0372314453125
-0.0213241577148438 -0.0488777160644531 0.182952880859375 -0.125045776367188
-0.0375595092773437 -0.0195426940917969 0.126495361328125 -0.225692749023437
-0.0480575561523438 0.0136070251464844 0.0158233642578125 -0.278717041015625
-0.0464286804199219 -0.00497817993164063 -0.0607452392578125 -0.263504028320313
-0.04327392578125 -0.0179824829101563 -0.056304931640625 -0.206649780273437
-0.0662078857421875 -0.0213623046875 -0.01531982421875 -0.158279418945313
-0.0521163940429688 -0.0753097534179687 0.0213088989257812 -0.104736328125
0.0116653442382812 -0.115928649902344 -0.00156211853027344 -0.0251331329345703
0.0940475463867188 -0.0976715087890625 -0.0607566833496094 -0.0227317810058594
0.1783447265625 0.0113983154296875 -0.138214111328125 -0.121551513671875
0.200729370117188 0.132080078125 -0.11492919921875 -0.23577880859375
0.149002075195313 0.210128784179687 -0.0249786376953125 -0.211837768554688
0.09869384765625 0.244354248046875 0.215805053710938 -0.205795288085938
0.158035278320313 0.102493286132813 0.146163940429688 -0.0654144287109375
0.108413696289063 0.0196609497070313 0.171554565429688 -0.0150146484375
0.0887451171875 -0.0380477905273438 0.22430419921875 -0.113174438476563
0.0470733642578125 -0.0652427673339844 0.154647827148437 -0.216461181640625
-0.00814819335937501 -0.0779647827148438 0.03631591796875 -0.277481079101563
-0.037933349609375 -0.0951004028320313 -0.037811279296875 -0.25579833984375
-0.0296249389648438 -0.0983810424804688 -0.03875732421875 -0.190261840820313
-0.0439071655273437 -0.109046936035156 0.000396728515624995 -0.137741088867188
-0.00579833984375 -0.139869689941406 0.0335006713867188 -0.0841445922851563
0.0773544311523438 -0.138877868652344 0.0101299285888672 -0.00154113769531251
0.154281616210938 -0.08917236328125 -0.0461387634277344 0.00937652587890625
0.207565307617188 0.06103515625 -0.133514404296875 -0.0665206909179687
0.2003173828125 0.205047607421875 -0.09637451171875 -0.160690307617187
0.125518798828125 0.284332275390625 -0.00246429443359374 -0.119735717773437
0.02618408203125 0.323028564453125 0.252838134765625 -0.09368896484375
0.136337280273438 0.232772827148437 0.194427490234375 0.023651123046875
0.16357421875 0.125961303710938 0.208145141601562 0.028533935546875
0.191909790039063 0.000701904296875 0.252410888671875 -0.077423095703125
0.139030456542969 -0.0904464721679687 0.171783447265625 -0.178985595703125
0.04571533203125 -0.156280517578125 0.053131103515625 -0.2418212890625
-0.019927978515625 -0.172134399414063 -0.01007080078125 -0.211395263671875
-0.0113525390625 -0.164596557617188 -0.0149993896484375 -0.143478393554688
-0.020294189453125 -0.180572509765625 0.0167770385742187 -0.091705322265625
0.0306396484375 -0.191986083984375 0.0389862060546875 -0.0445289611816406
0.125808715820313 -0.155624389648437 0.0143508911132813 0.0277519226074219
0.195220947265625 -0.0821990966796875 -0.0353507995605469 0.0366134643554687
0.219100952148438 0.0936431884765625 -0.114959716796875 -0.0243988037109375
0.18475341796875 0.24713134765625 -0.0590133666992187 -0.0898513793945312
0.08978271484375 0.32183837890625 0.0161781311035156 -0.017709732055664
-0.056549072265625 0.33843994140625 0.254669189453125 0.0420989990234375
0.071807861328125 0.313262939453125 0.214569091796875 0.135452270507813
0.163681030273438 0.22100830078125 0.223007202148438 0.0870208740234375
0.251632690429688 0.0630035400390625 0.252532958984375 -0.0230865478515625
0.210556030273438 -0.0810394287109375 0.1658935546875 -0.11737060546875
0.102127075195313 -0.200576782226563 0.0609283447265625 -0.175048828125
0.00738525390624999 -0.221389770507813 0.0152740478515625 -0.13653564453125
0.00860595703125001 -0.20391845703125 0.0105133056640625 -0.0728073120117188
0.00245666503906249 -0.2257080078125 0.0327358245849609 -0.0253677368164063
0.0597076416015625 -0.223403930664063 0.0389518737792969 0.0102653503417969
0.157318115234375 -0.160446166992188 0.0103302001953125 0.0622673034667969
0.21868896484375 -0.06890869140625 -0.0326385498046875 0.0557479858398437
0.210784912109375 0.120635986328125 -0.0919418334960937 0.000648498535156262
0.145492553710938 0.26788330078125 -0.0155735015869141 -0.0285053253173828
0.035888671875 0.326416015625 0.0258255004882813 0.0839614868164063
-0.12786865234375 0.28387451171875 0.223678588867188 0.1697998046875
-0.016998291015625 0.316650390625 0.202117919921875 0.241897583007813
0.10791015625 0.264114379882812 0.213516235351562 0.138076782226563
0.243698120117188 0.123260498046875 0.222381591796875 0.0290069580078125
0.235809326171875 -0.043060302734375 0.13507080078125 -0.0516891479492188
0.14166259765625 -0.198959350585938 0.0536651611328125 -0.090484619140625
0.0352630615234375 -0.232162475585938 0.0317306518554688 -0.0452957153320313
0.0268096923828125 -0.211532592773438 0.0335311889648438 0.00760650634765624
0.0215911865234375 -0.237167358398438 0.0474929809570313 0.0481147766113281
0.0786895751953125 -0.230133056640625 0.0336456298828125 0.0738601684570312
0.174484252929688 -0.151504516601562 -0.00296783447265624 0.100685119628906
0.22601318359375 -0.0475006103515625 -0.0413894653320312 0.0720291137695313
0.186508178710937 0.148300170898438 -0.0752410888671875 0.0123367309570313
0.087249755859375 0.275741577148438 0.0181179046630859 0.0241336822509766
-0.031951904296875 0.300750732421875 0.0165557861328125 0.176528930664063
-0.173095703125 0.172210693359375 0.172714233398438 0.26007080078125
-0.0969085693359375 0.241195678710938 0.17022705078125 0.309112548828125
0.0224151611328125 0.238021850585938 0.188369750976563 0.16448974609375
0.174087524414063 0.15386962890625 0.173507690429687 0.061859130859375
0.207366943359375 0.00494384765625 0.088714599609375 0.0003204345703125
0.1531982421875 -0.157180786132812 0.0346431732177734 -0.0100154876708984
0.0567779541015625 -0.204025268554688 0.0390701293945313 0.0443916320800781
0.04046630859375 -0.1875 0.0519027709960938 0.0858078002929687
0.03607177734375 -0.2159423828125 0.0591201782226563 0.121566772460938
0.0869903564453125 -0.208709716796875 0.0251541137695313 0.137863159179687
0.173507690429688 -0.128448486328125 -0.022552490234375 0.14141845703125
0.215377807617188 -0.0224151611328125 -0.05963134765625 0.0884552001953125
0.150238037109375 0.165374755859375 -0.0702133178710937 0.0224800109863281
0.02044677734375 0.263931274414063 0.0294418334960938 0.0741958618164063
-0.1041259765625 0.246780395507813 -0.015960693359375 0.253143310546875
-0.186843872070313 0.03082275390625 0.118499755859375 0.294830322265625
-0.14947509765625 0.11761474609375 0.137847900390625 0.32403564453125
-0.0615234375 0.156082153320312 0.164459228515625 0.1607666015625
0.075103759765625 0.14556884765625 0.125526428222656 0.0672683715820313
0.140625 0.045623779296875 0.0434150695800781 0.0289154052734375
0.133369445800781 -0.0887603759765625 0.0105552673339844 0.0534095764160156
0.066680908203125 -0.143157958984375 0.0371322631835937 0.116401672363281
0.04754638671875 -0.135116577148438 0.0631103515625 0.151809692382812
0.0451202392578125 -0.163299560546875 0.0653076171875 0.186004638671875
0.0856170654296875 -0.1595458984375 0.0117340087890625 0.198348999023438
0.151702880859375 -0.0905914306640625 -0.047637939453125 0.179519653320313
0.180328369140625 0.0029754638671875 -0.0861129760742187 0.106544494628906
0.0995635986328125 0.1632080078125 -0.078765869140625 0.0330581665039062
-0.0465545654296875 0.220932006835938 0.0150680541992187 0.117080688476563
-0.162322998046875 0.160873413085937 -0.071319580078125 0.30474853515625
0.157485961914062 -0.008453369140625 0.076751708984375 -0.30450439453125
0.0745697021484375 -0.14752197265625 0.0269393920898438 -0.124847412109375
-0.0626373291015625 -0.118507385253906 0.0928192138671875 -0.0407562255859375
-0.115982055664063 -0.030853271484375 0.140495300292969 -0.1248779296875
-0.100303649902344 0.0404205322265625 0.0861358642578125 -0.220489501953125
-0.0616302490234375 0.105003356933594 -0.0113067626953125 -0.258346557617188
-0.0370025634765625 0.0853424072265625 -0.08673095703125 -0.238174438476563
-0.044647216796875 0.0678215026855469 -0.0787200927734375 -0.189926147460938
-0.0739898681640625 0.0770034790039062 -0.0425567626953125 -0.150588989257813
-0.101570129394531 0.00802612304687502 -0.011444091796875 -0.10845947265625
-0.0768890380859375 -0.0806503295898437 -0.025970458984375 -0.0456581115722656
0.00297546386718749 -0.114051818847656 -0.0793533325195313 -0.0593719482421875
0.129585266113281 -0.0793533325195312 -0.13714599609375 -0.172103881835938
0.191787719726563 0.0037384033203125 -0.130889892578125 -0.294830322265625
0.168899536132813 0.0858154296875 -0.066741943359375 -0.2828369140625
0.150222778320313 0.121810913085938 0.141693115234375 -0.286102294921875
0.131683349609375 -0.0373458862304688 0.0767440795898438 -0.116981506347656
0.0241775512695312 -0.0638923645019531 0.127372741699219 -0.03765869140625
-0.0217094421386719 -0.0442619323730469 0.181167602539063 -0.13128662109375
-0.0359954833984375 -0.0157890319824219 0.117782592773438 -0.2347412109375
-0.0416030883789062 0.0159034729003906 0.00332641601562503 -0.285369873046875
-0.0437736511230469 -0.00448608398437501 -0.0779571533203125 -0.265090942382812
-0.0428466796875 -0.0172271728515625 -0.0731201171875 -0.2059326171875
-0.0629119873046875 -0.0174064636230469 -0.030792236328125 -0.160675048828125
-0.0531578063964844 -0.0700721740722656 0.00780487060546875 -0.112953186035156
0.00518035888671874 -0.114158630371094 -0.00658035278320313 -0.0345096588134766
0.087493896484375 -0.1009521484375 -0.0599632263183594 -0.03070068359375
0.177627563476563 0.0013275146484375 -0.137977600097656 -0.121444702148437
0.2066650390625 0.118484497070313 -0.123153686523437 -0.236221313476563
0.16015625 0.200042724609375 -0.0349884033203125 -0.220123291015625
0.111968994140625 0.243377685546875 0.202606201171875 -0.221511840820312
0.161651611328125 0.0985870361328125 0.135032653808594 -0.0709686279296875
0.112236022949219 0.0213165283203125 0.169265747070313 -0.0165863037109375
0.0905075073242187 -0.0404281616210938 0.222320556640625 -0.120925903320313
0.0476722717285156 -0.0678672790527344 0.14605712890625 -0.224624633789062
-0.0071563720703125 -0.0788040161132813 0.021484375 -0.282318115234375
-0.041229248046875 -0.0966339111328125 -0.055999755859375 -0.255706787109375
-0.0345001220703125 -0.100364685058594 -0.0560760498046875 -0.18975830078125
-0.04779052734375 -0.109214782714844 -0.0158920288085938 -0.1400146484375
-0.01214599609375 -0.141006469726563 0.01953125 -0.092437744140625
0.0710906982421875 -0.14398193359375 0.00383090972900391 -0.0115165710449219
0.151596069335938 -0.0973663330078125 -0.0471725463867187 0.000984191894531244
0.212753295898438 0.0518951416015625 -0.132461547851562 -0.0681915283203125
0.212860107421875 0.196044921875 -0.10198974609375 -0.1630859375
0.14190673828125 0.279647827148438 -0.00827026367187498 -0.130340576171875
0.044708251953125 0.329925537109375 0.244384765625 -0.11053466796875
0.14910888671875 0.230941772460938 0.186798095703125 0.014251708984375
0.174819946289063 0.1253662109375 0.206024169921875 0.0260467529296875
0.198089599609375 -0.007965087890625 0.25 -0.085845947265625
0.13836669921875 -0.0998687744140625 0.16522216796875 -0.186447143554688
0.04058837890625 -0.16119384765625 0.0400238037109375 -0.244140625
-0.0286407470703125 -0.175735473632813 -0.0257415771484375 -0.212142944335937
-0.0214385986328125 -0.1685791015625 -0.02862548828125 -0.14300537109375
-0.03070068359375 -0.183807373046875 0.00319671630859375 -0.0927047729492188
0.02056884765625 -0.197860717773438 0.0269050598144531 -0.0506935119628906
0.119033813476563 -0.166488647460938 0.00807380676269532 0.0202674865722656
0.1949462890625 -0.095245361328125 -0.0375709533691406 0.0284080505371094
0.228866577148438 0.0855712890625 -0.114875793457031 -0.0271148681640625
0.202041625976563 0.241119384765625 -0.0628280639648438 -0.0947113037109375
0.10845947265625 0.321258544921875 0.015594482421875 -0.0283222198486328
-0.0377197265625 0.351959228515625 0.253463745117188 0.02569580078125
0.089935302734375 0.31719970703125 0.212799072265625 0.124908447265625
0.182235717773438 0.22137451171875 0.222747802734375 0.082122802734375
0.261917114257813 0.0499420166015625 0.251358032226563 -0.031707763671875
0.210708618164062 -0.095916748046875 0.161270141601563 -0.123626708984375
0.0921630859375 -0.209136962890625 0.0504608154296875 -0.175796508789063
-0.00628662109375 -0.226974487304687 0.004486083984375 -0.1378173828125
-0.00540161132812498 -0.210113525390625 0.00225067138671874 -0.0736541748046875
-0.013031005859375 -0.230987548828125 0.02362060546875 -0.0261917114257813
0.045166015625 -0.233123779296875 0.0303630828857422 0.00661468505859374
0.150604248046875 -0.175765991210938 0.00471878051757814 0.0581855773925781
0.220870971679688 -0.085357666015625 -0.0356826782226562 0.0497093200683594
0.224365234375 0.113418579101563 -0.09368896484375 -0.00304412841796876
0.167312622070313 0.267120361328125 -0.0169944763183594 -0.03570556640625
0.056640625 0.33062744140625 0.0294036865234375 0.0745849609375
-0.1124267578125 0.301605224609375 0.228866577148438 0.156951904296875
0.00341796875000003 0.325958251953125 0.207626342773438 0.230682373046875
0.128067016601563 0.268646240234375 0.21466064453125 0.132339477539063
0.258819580078125 0.11083984375 0.222259521484375 0.0221710205078125
0.2381591796875 -0.0603179931640625 0.132980346679688 -0.0541610717773438
0.13043212890625 -0.210357666015625 0.0479049682617188 -0.0891265869140625
0.0190887451171875 -0.238662719726563 0.0276412963867187 -0.0461502075195313
0.0114593505859375 -0.218994140625 0.0312404632568359 0.00619888305664061
0.00352478027343748 -0.244308471679688 0.0441055297851562 0.0480117797851562
0.062164306640625 -0.241195678710938 0.0302276611328125 0.0719223022460937
0.16796875 -0.16876220703125 -0.00586700439453123 0.099639892578125
0.228851318359375 -0.0650177001953125 -0.044403076171875 0.0687751770019531
0.202346801757813 0.141738891601563 -0.0778579711914062 0.0100631713867188
0.10906982421875 0.278045654296875 0.0189266204833984 0.0167732238769531
-0.012664794921875 0.309295654296875 0.02520751953125 0.169952392578125
-0.163772583007813 0.191665649414063 0.183135986328125 0.252090454101563
-0.0810089111328125 0.254409790039063 0.179443359375 0.300537109375
0.04083251953125 0.245819091796875 0.190032958984375 0.160385131835938
0.191452026367188 0.14349365234375 0.17437744140625 0.057952880859375
0.212432861328125 -0.011810302734375 0.0892181396484375 0.0025634765625
0.142333984375 -0.170135498046875 0.0342140197753906 -0.00578689575195314
0.040924072265625 -0.211181640625 0.0422744750976563 0.0426292419433594
0.025787353515625 -0.194442749023438 0.0561294555664063 0.084075927734375
0.0191497802734375 -0.222671508789063 0.0619659423828125 0.121292114257812
0.0715179443359375 -0.219741821289063 0.0266265869140625 0.138656616210938
0.166610717773438 -0.144805908203125 -0.0224609375 0.143997192382812
0.217636108398438 -0.0394439697265625 -0.06170654296875 0.0889968872070313
0.165740966796875 0.159927368164063 -0.072723388671875 0.0202789306640625
0.040924072265625 0.268569946289063 0.0336952209472656 0.0660362243652344
-0.0858917236328125 0.257858276367188 -0.00376892089843749 0.25201416015625
-0.185562133789063 0.04852294921875 0.131103515625 0.292572021484375
-0.14093017578125 0.132522583007812 0.148590087890625 0.31951904296875
-0.0483551025390625 0.166595458984375 0.165573120117188 0.157974243164063
0.089935302734375 0.139617919921875 0.125938415527344 0.06793212890625
0.146514892578125 0.031829833984375 0.0456619262695313 0.0334510803222656
0.125808715820312 -0.102104187011719 0.0153732299804688 0.0591812133789062
0.0541229248046875 -0.150314331054688 0.046875 0.115745544433594
0.03607177734375 -0.140701293945313 0.072998046875 0.149581909179688
0.0313568115234375 -0.16900634765625 0.0734100341796875 0.186431884765625
0.07196044921875 -0.16900634765625 0.0178070068359375 0.200576782226562
0.145889282226563 -0.104965209960938 -0.0440521240234375 0.184890747070312
0.181869506835938 -0.011138916015625 -0.086761474609375 0.108657836914063
0.112564086914063 0.158370971679687 -0.0812225341796875 0.0323638916015625
-0.028717041015625 0.227264404296875 0.02301025390625 0.111274719238281
-0.1490478515625 0.17333984375 -0.055694580078125 0.30908203125
0.159866333007813 -0.0188446044921875 0.065185546875 -0.318511962890625
0.0652313232421875 -0.154434204101563 0.0188751220703125 -0.124984741210938
-0.07061767578125 -0.115806579589844 0.0961074829101562 -0.040802001953125
-0.1195068359375 -0.0227432250976562 0.144027709960938 -0.132583618164062
-0.0992813110351563 0.0500564575195312 0.0810394287109375 -0.234130859375
-0.0526275634765625 0.111869812011719 -0.023406982421875 -0.273025512695313
-0.0299758911132812 0.0891952514648437 -0.101654052734375 -0.2445068359375
-0.0400543212890625 0.0711212158203125 -0.0936431884765625 -0.193679809570313
-0.0661773681640625 0.08355712890625 -0.0559234619140625 -0.154891967773438
-0.100105285644531 0.017578125 -0.0232391357421875 -0.116424560546875
-0.0844268798828125 -0.07366943359375 -0.0312767028808594 -0.0536689758300781
-0.00588226318359375 -0.115989685058594 -0.082550048828125 -0.0665359497070313
0.125724792480469 -0.0906295776367188 -0.141845703125 -0.1773681640625
0.193740844726563 -0.010406494140625 -0.1424560546875 -0.302886962890625
0.177383422851563 0.0760040283203125 -0.080291748046875 -0.296142578125
0.159454345703125 0.118972778320313 0.13153076171875 -0.304351806640625
0.131256103515625 -0.041534423828125 0.0683059692382813 -0.11993408203125
0.0235023498535156 -0.0627326965332031 0.130233764648438 -0.0379180908203125
-0.0220565795898437 -0.0419425964355469 0.185287475585938 -0.14105224609375
-0.0352439880371094 -0.0130958557128906 0.113113403320313 -0.248580932617188
-0.0367202758789062 0.0178298950195313 -0.00973510742187502 -0.298858642578125
-0.0424842834472656 -0.00460433959960937 -0.0958251953125 -0.2708740234375
-0.0432281494140625 -0.0169868469238281 -0.090484619140625 -0.209320068359375
-0.0613479614257812 -0.0168418884277344 -0.04656982421875 -0.165084838867188
-0.0552177429199219 -0.0683784484863281 -0.00512695312500001 -0.122337341308594
-0.00130462646484374 -0.114761352539062 -0.0129280090332031 -0.0443344116210938
0.0842056274414063 -0.106216430664062 -0.0629615783691406 -0.0390434265136719
0.181793212890625 -0.007171630859375 -0.1419677734375 -0.126113891601563
0.216720581054688 0.110565185546875 -0.133346557617188 -0.243438720703125
0.173812866210938 0.196701049804688 -0.0444488525390625 -0.234588623046875
0.127288818359375 0.249649047851563 0.19549560546875 -0.238815307617188
0.169601440429688 0.098480224609375 0.128868103027344 -0.075714111328125
0.120841979980469 0.0220870971679688 0.172866821289063 -0.017974853515625
0.09576416015625 -0.0436172485351563 0.225997924804688 -0.131057739257813
0.0491943359375 -0.0726394653320313 0.142776489257812 -0.238433837890625
-0.0066986083984375 -0.0820159912109375 0.00924682617187501 -0.2943115234375
-0.0461196899414063 -0.100456237792969 -0.0741119384765625 -0.2620849609375
-0.0409088134765625 -0.104705810546875 -0.0728912353515625 -0.192413330078125
-0.0527114868164063 -0.112937927246094 -0.03173828125 -0.143539428710938
-0.017120361328125 -0.14569091796875 0.00670623779296874 -0.10101318359375
0.066741943359375 -0.151779174804688 -0.00340843200683593 -0.0195350646972656
0.153045654296875 -0.107086181640625 -0.0510139465332031 -0.00719451904296876
0.223617553710938 0.0465087890625 -0.135200500488281 -0.07281494140625
0.22998046875 0.192214965820313 -0.110595703125 -0.171005249023438
0.15863037109375 0.282501220703125 -0.01361083984375 -0.143630981445312
0.062042236328125 0.344146728515625 0.242691040039063 -0.127487182617187
0.165374755859375 0.235946655273438 0.18389892578125 0.00840759277343751
0.192092895507812 0.127655029296875 0.210296630859375 0.0248565673828125
0.208389282226563 -0.017120361328125 0.255096435546875 -0.0955963134765625
0.141571044921875 -0.111007690429688 0.161849975585938 -0.197555541992188
0.0369720458984375 -0.169921875 0.0297088623046875 -0.252059936523437
-0.0384521484375 -0.182952880859375 -0.04083251953125 -0.21722412109375
-0.0327911376953125 -0.176620483398437 -0.042510986328125 -0.145751953125
-0.04150390625 -0.1925048828125 -0.00992584228515624 -0.0946578979492188
0.01068115234375 -0.208251953125 0.0158233642578125 -0.0565261840820313
0.115859985351563 -0.18084716796875 0.000843048095703132 0.014674186706543
0.1998291015625 -0.109237670898438 -0.0422172546386719 0.0213203430175781
0.2451171875 0.08123779296875 -0.119041442871094 -0.0308914184570312
0.223800659179687 0.242568969726563 -0.06927490234375 -0.102508544921875
0.12744140625 0.32940673828125 0.0139923095703125 -0.0393180847167969
-0.02069091796875 0.37274169921875 0.258148193359375 0.012481689453125
0.11065673828125 0.32879638671875 0.215621948242188 0.1192626953125
0.205062866210938 0.226715087890625 0.228652954101562 0.081268310546875
0.278564453125 0.0391998291015625 0.256942749023438 -0.0400390625
0.2166748046875 -0.112823486328125 0.161758422851563 -0.130645751953125
0.086090087890625 -0.222381591796875 0.0431976318359375 -0.179641723632812
-0.0197906494140625 -0.236770629882813 -0.0050201416015625 -0.141754150390625
-0.0193939208984375 -0.220596313476563 -0.00608062744140624 -0.0752792358398438
-0.02801513671875 -0.242385864257813 0.0160274505615234 -0.0263290405273438
0.0322265625 -0.246078491210938 0.0223407745361328 0.00457191467285155
0.147674560546875 -0.194656372070313 -0.000865936279296864 0.0562629699707031
0.227813720703125 -0.103302001953125 -0.0415878295898437 0.0463294982910156
0.24359130859375 0.109603881835938 -0.097869873046875 -0.00522613525390626
0.191070556640625 0.271560668945313 -0.0199851989746094 -0.0437049865722656
0.076385498046875 0.342132568359375 0.0327873229980469 0.067596435546875
-0.1002197265625 0.326019287109375 0.239456176757813 0.150650024414063
0.0211181640625 0.34149169921875 0.215789794921875 0.2281494140625
0.15252685546875 0.278854370117188 0.221176147460938 0.133026123046875
0.278411865234375 0.10028076171875 0.228500366210938 0.0177154541015625
0.247695922851562 -0.0793304443359375 0.135551452636719 -0.0565338134765625
0.12359619140625 -0.227020263671875 0.0453338623046875 -0.0892868041992188
0.00415039062500001 -0.250152587890625 0.0245704650878906 -0.0490570068359375
-0.00376892089843749 -0.230728149414063 0.0297126770019531 0.00634384155273436
-0.012786865234375 -0.256195068359375 0.0428085327148438 0.0503158569335937
0.047332763671875 -0.256851196289063 0.026885986328125 0.07470703125
0.164382934570313 -0.189651489257813 -0.00945281982421873 0.102912902832031
0.235702514648437 -0.0835113525390625 -0.0489006042480469 0.0684356689453125
0.222366333007813 0.138778686523438 -0.0822906494140625 0.0076904296875
0.132476806640625 0.285919189453125 0.0193157196044922 0.00951766967773439
0.00534057617187501 0.32427978515625 0.03277587890625 0.169052124023438
-0.15863037109375 0.214614868164062 0.197280883789063 0.253463745117188
-0.0681304931640625 0.272537231445313 0.191314697265625 0.302276611328125
0.0601806640625 0.257919311523438 0.197219848632813 0.16143798828125
0.211013793945313 0.137374877929688 0.179595947265625 0.05743408203125
0.2215576171875 -0.0285186767578125 0.0928192138671875 0.0040435791015625
0.136459350585938 -0.186752319335937 0.0362129211425781 -0.00180435180664064
0.0265655517578125 -0.222244262695312 0.0461349487304688 0.0430030822753906
0.0117340087890625 -0.2060546875 0.0611724853515625 0.08526611328125
0.00291442871093752 -0.23388671875 0.0671310424804688 0.125450134277344
0.0579833984375 -0.234588623046875 0.0287628173828125 0.145156860351562
0.163726806640625 -0.164398193359375 -0.0232086181640625 0.15106201171875
0.22479248046875 -0.0566558837890625 -0.0665969848632812 0.0913772583007813
0.184341430664063 0.158432006835938 -0.0779495239257812 0.0194549560546875
0.0629425048828125 0.278701782226562 0.0377426147460938 0.0603408813476563
-0.0721435546875 0.274871826171875 0.008331298828125 0.25689697265625
-0.18878173828125 0.06646728515625 0.146575927734375 0.29949951171875
-0.136337280273438 0.148651123046875 0.16131591796875 0.32415771484375
-0.036102294921875 0.18060302734375 0.171585083007813 0.159011840820313
0.10614013671875 0.138008117675781 0.131172180175781 0.0703048706054688
0.155364990234375 0.0202178955078125 0.0508232116699219 0.0395736694335938
0.121147155761719 -0.115852355957031 0.0219955444335938 0.0667037963867187
0.04248046875 -0.158859252929688 0.0567474365234375 0.117362976074219
0.0259552001953125 -0.14990234375 0.0834808349609375 0.150665283203125
0.0189056396484375 -0.177566528320313 0.083953857421875 0.192245483398438
0.060516357421875 -0.179946899414063 0.0245361328125 0.209991455078125
0.143875122070312 -0.120498657226563 -0.0422821044921875 0.194778442382813
0.187835693359375 -0.0252838134765625 -0.0905609130859375 0.114189147949219
0.12762451171875 0.157928466796875 -0.0853271484375 0.0322723388671875
-0.012847900390625 0.237075805664062 0.03076171875 0.107864379882813
-0.140274047851562 0.188873291015625 -0.0426025390625 0.321258544921875
0.164352416992188 -0.033050537109375 0.048187255859375 -0.341522216796875
0.054962158203125 -0.164398193359375 0.00885009765625001 -0.127449035644531
-0.0823593139648438 -0.115066528320313 0.100776672363281 -0.0438385009765625
-0.125564575195313 -0.0125045776367188 0.1488037109375 -0.146209716796875
-0.0991058349609375 0.0631256103515625 0.071563720703125 -0.254287719726563
-0.0424575805664062 0.121902465820313 -0.04376220703125 -0.292022705078125
-0.0224685668945313 0.0960617065429688 -0.125595092773438 -0.253448486328125
-0.0344314575195313 0.0779190063476563 -0.115631103515625 -0.197830200195312
-0.0584030151367187 0.0923309326171875 -0.074249267578125 -0.1607666015625
-0.10028076171875 0.0283889770507812 -0.0390548706054688 -0.124305725097656
-0.0946426391601563 -0.0660934448242187 -0.0399856567382813 -0.0625076293945313
-0.0161590576171875 -0.118881225585938 -0.0890350341796875 -0.0742645263671875
0.12188720703125 -0.105049133300781 -0.15478515625 -0.183319091796875
0.199325561523438 -0.027435302734375 -0.165283203125 -0.3140869140625
0.1905517578125 0.064605712890625 -0.10211181640625 -0.314605712890625
0.17462158203125 0.115341186523437 0.118408203125 -0.330108642578125
0.133224487304688 -0.0488357543945313 0.0597381591796875 -0.124725341796875
0.0228958129882813 -0.0641326904296875 0.136390686035156 -0.0419921875
-0.0227928161621094 -0.0403594970703125 0.189804077148438 -0.158203125
-0.0350322723388672 -0.00938796997070312 0.1043701171875 -0.271072387695313
-0.0322971343994141 0.0203456878662109 -0.03179931640625 -0.318389892578125
-0.0434494018554687 -0.0037841796875 -0.122467041015625 -0.27923583984375
-0.0458488464355469 -0.016845703125 -0.114654541015625 -0.213790893554688
-0.061676025390625 -0.0150909423828125 -0.067230224609375 -0.171432495117188
-0.0592384338378906 -0.0669136047363281 -0.02294921875 -0.132713317871094
-0.00791931152343749 -0.1180419921875 -0.022003173828125 -0.0538177490234375
0.0813140869140625 -0.115814208984375 -0.069793701171875 -0.047332763671875
0.189346313476563 -0.0191192626953125 -0.152206420898438 -0.13092041015625
0.233505249023437 0.100418090820312 -0.152008056640625 -0.253799438476563
0.195114135742188 0.194931030273438 -0.0611419677734375 -0.253448486328125
0.150466918945313 0.257568359375 0.188583374023438 -0.26678466796875
0.185089111328125 0.0960845947265625 0.124229431152344 -0.0834426879882813
0.133148193359375 0.0200042724609375 0.180404663085938 -0.02227783203125
0.101898193359375 -0.0510330200195313 0.231689453125 -0.149551391601563
0.0503005981445313 -0.0802230834960937 0.136276245117187 -0.260452270507813
-0.00816345214843749 -0.0883331298828125 -0.010498046875 -0.311309814453125
-0.055023193359375 -0.105140686035156 -0.0998687744140625 -0.271408081054688
-0.0507583618164062 -0.109619140625 -0.0955963134765625 -0.196426391601563
-0.0615310668945313 -0.118331909179688 -0.050384521484375 -0.147735595703125
-0.02642822265625 -0.153396606445313 -0.0101165771484375 -0.110618591308594
0.0612030029296875 -0.165008544921875 -0.0123748779296875 -0.02716064453125
0.15570068359375 -0.123214721679687 -0.0574455261230469 -0.0142364501953125
0.24078369140625 0.035980224609375 -0.144973754882813 -0.0763092041015625
0.256149291992188 0.189010620117187 -0.125961303710937 -0.180023193359375
0.186737060546875 0.2891845703125 -0.0240478515625 -0.160232543945312
0.090301513671875 0.36407470703125 0.244155883789062 -0.151473999023437
0.191619873046875 0.241424560546875 0.186233520507813 0.000213623046875015
0.21728515625 0.127822875976563 0.221206665039063 0.019287109375
0.2230224609375 -0.0316619873046875 0.263427734375 -0.11248779296875
0.144805908203125 -0.12921142578125 0.159454345703125 -0.21697998046875
0.030517578125 -0.183929443359375 0.01519775390625 -0.266555786132813
-0.0540771484375 -0.193359375 -0.0617523193359375 -0.225921630859375
-0.048919677734375 -0.186767578125 -0.0606842041015625 -0.1488037109375
-0.0585784912109375 -0.202850341796875 -0.0241928100585938 -0.0965347290039063
-0.00367736816406248 -0.222915649414062 0.00218963623046875 -0.0627670288085938
0.111068725585938 -0.201187133789063 -0.00650405883789062 0.0112524032592773
0.206436157226563 -0.130874633789063 -0.0494766235351562 0.0178413391113281
0.268524169921875 0.071563720703125 -0.127128601074219 -0.0330123901367187
0.256149291992188 0.243927001953125 -0.0793609619140625 -0.11090087890625
0.157562255859375 0.342071533203125 0.0114402770996094 -0.051544189453125
0.00607299804687499 0.4017333984375 0.268646240234375 -0.00320434570312497
0.1400146484375 0.34356689453125 0.226516723632812 0.114227294921875
0.23980712890625 0.232131958007813 0.242095947265625 0.0774383544921875
0.302398681640625 0.02130126953125 0.267440795898438 -0.05352783203125
0.222747802734375 -0.1370849609375 0.163314819335938 -0.14508056640625
0.07708740234375 -0.243179321289063 0.0358734130859375 -0.188140869140625
-0.039886474609375 -0.25128173828125 -0.0186767578125 -0.147933959960938
-0.04010009765625 -0.234161376953125 -0.0167236328125 -0.0772933959960938
-0.05059814453125 -0.257110595703125 0.00840950012207031 -0.0253829956054688
0.01373291015625 -0.266098022460937 0.015167236328125 0.00334167480468748
0.142623901367187 -0.22039794921875 -0.00561523437499999 0.0584030151367187
0.235610961914063 -0.128189086914063 -0.0471305847167969 0.04632568359375
0.2713623046875 0.101654052734375 -0.105667114257812 -0.0066070556640625
0.226272583007813 0.27655029296875 -0.0255622863769531 -0.0519371032714844
0.10528564453125 0.360198974609375 0.0380935668945313 0.0620803833007813
-0.080657958984375 0.359161376953125 0.25799560546875 0.143585205078125
0.048583984375 0.3634033203125 0.2333984375 0.227645874023438
0.1875 0.289947509765625 0.2364501953125 0.131820678710938
0.3065185546875 0.085174560546875 0.239608764648438 0.00845336914062501
0.2569580078125 -0.105438232421875 0.140281677246094 -0.0645599365234375
0.114059448242187 -0.250625610351563 0.0439453125 -0.0918502807617188
-0.0173187255859375 -0.266860961914063 0.02130126953125 -0.0523681640625
-0.025115966796875 -0.246047973632813 0.0290794372558594 0.00533294677734374
-0.0361175537109375 -0.272537231445313 0.0438919067382812 0.0545845031738281
0.027984619140625 -0.277572631835937 0.0268096923828125 0.0782546997070312
0.160079956054688 -0.216903686523438 -0.0100479125976562 0.1099853515625
0.246261596679688 -0.10906982421875 -0.0548171997070312 0.0732192993164063
0.250717163085938 0.1329345703125 -0.0897064208984375 0.00804901123046874
0.167510986328125 0.295257568359375 0.0198879241943359 0.00178527832031252
0.030731201171875 0.346435546875 0.044677734375 0.170852661132813
-0.150360107421875 0.245498657226562 0.220748901367188 0.25665283203125
-0.05010986328125 0.297210693359375 0.214385986328125 0.306488037109375
0.0887451171875 0.275070190429688 0.211471557617188 0.162567138671875
0.237930297851563 0.12835693359375 0.190536499023438 0.053985595703125
0.233642578125 -0.051239013671875 0.100547790527344 0.0038604736328125
0.128097534179688 -0.209457397460938 0.041351318359375 0.000919342041015612
0.00794982910156251 -0.23779296875 0.0513763427734375 0.0422630310058594
-0.00714111328124999 -0.220199584960938 0.0694122314453125 0.0856170654296875
-0.01904296875 -0.249649047851563 0.0769729614257813 0.132171630859375
0.0389862060546875 -0.253952026367188 0.035186767578125 0.154083251953125
0.160491943359375 -0.190414428710937 -0.0205230712890625 0.162307739257813
0.234603881835938 -0.080291748046875 -0.0703048706054687 0.0996017456054688
0.211181640625 0.15521240234375 -0.0842514038085937 0.0214004516601562
0.092864990234375 0.29193115234375 0.0432395935058594 0.0551872253417969
-0.0523681640625 0.296783447265625 0.0251922607421875 0.267410278320313
-0.193008422851563 0.0900726318359375 0.1705322265625 0.3109130859375
-0.1298828125 0.17156982421875 0.184783935546875 0.3331298828125
-0.0193023681640625 0.198318481445313 0.184112548828125 0.161941528320313
0.126411437988281 0.135292053222656 0.139862060546875 0.073028564453125
0.165451049804688 0.00469970703125 0.05877685546875 0.0457382202148438
0.115631103515625 -0.133132934570313 0.0321578979492188 0.0731124877929688
0.0281829833984375 -0.170822143554688 0.070404052734375 0.119674682617188
0.0115509033203125 -0.161911010742188 0.0999755859375 0.15374755859375
0.00148010253906251 -0.189926147460938 0.100723266601563 0.2003173828125
0.045379638671875 -0.195648193359375 0.0370330810546875 0.22308349609375
0.140548706054688 -0.141433715820313 -0.036102294921875 0.211578369140625
0.196014404296875 -0.04376220703125 -0.0935897827148438 0.125755310058594
0.1484375 0.157257080078125 -0.0912551879882812 0.034698486328125
0.00914001464843747 0.251388549804687 0.0400390625 0.105010986328125
-0.130111694335937 0.209579467773438 -0.023590087890625 0.340545654296875
0.166610717773438 -0.05194091796875 0.01751708984375 -0.366058349609375
0.0387420654296875 -0.175613403320313 -0.00419616699218749 -0.12982177734375
-0.0981903076171875 -0.110107421875 0.104751586914063 -0.049896240234375
-0.131889343261719 0.00243377685546877 0.147903442382813 -0.166519165039063
-0.0953140258789063 0.0801849365234375 0.0525970458984375 -0.275650024414063
-0.027099609375 0.131965637207031 -0.0775146484375 -0.30670166015625
-0.00977325439453125 0.1025390625 -0.16058349609375 -0.255325317382813
-0.0257568359375 0.0852127075195313 -0.144729614257813 -0.196929931640625
-0.046875 0.101921081542969 -0.099639892578125 -0.161666870117188
-0.0979766845703125 0.0424270629882812 -0.0611343383789063 -0.128799438476563
-0.105384826660156 -0.0541000366210938 -0.0522117614746094 -0.0692710876464844
-0.0310821533203125 -0.120536804199219 -0.101318359375 -0.0787811279296875
0.114830017089844 -0.123603820800781 -0.175018310546875 -0.184921264648438
0.20233154296875 -0.0511627197265625 -0.19915771484375 -0.320068359375
0.204559326171875 0.0452423095703125 -0.136993408203125 -0.32940673828125
0.193695068359375 0.105438232421875 0.0915222167968751 -0.36053466796875
0.133857727050781 -0.06121826171875 0.0479202270507813 -0.131401062011719
0.0206527709960937 -0.06658935546875 0.141937255859375 -0.050872802734375
-0.0249252319335938 -0.0384559631347656 0.188873291015625 -0.181854248046875
-0.0346565246582031 -0.00507736206054687 0.084259033203125 -0.295501708984375
-0.0272884368896484 0.0229606628417969 -0.0667724609375 -0.334564208984375
-0.0439414978027344 -0.00156402587890624 -0.16009521484375 -0.282073974609375
-0.0489921569824219 -0.0142860412597656 -0.146469116210938 -0.211669921875
-0.0633201599121094 -0.0115737915039063 -0.0944061279296875 -0.172576904296875
-0.06634521484375 -0.0635566711425781 -0.0474624633789063 -0.139663696289063
-0.0191574096679688 -0.119880676269531 -0.0357131958007813 -0.0612602233886719
0.07415771484375 -0.128204345703125 -0.0797653198242188 -0.0530319213867187
0.195755004882812 -0.03790283203125 -0.1685791015625 -0.130874633789063
0.25347900390625 0.082855224609375 -0.181228637695312 -0.258285522460938
0.22271728515625 0.185409545898438 -0.0895538330078125 -0.270904541015625
0.184738159179688 0.259750366210938 0.170745849609375 -0.299835205078125
0.204116821289063 0.0870513916015625 0.117141723632813 -0.0945892333984375
0.147079467773438 0.01141357421875 0.18817138671875 -0.03375244140625
0.105804443359375 -0.0633010864257813 0.232391357421875 -0.17529296875
0.047088623046875 -0.0901412963867188 0.119110107421875 -0.286102294921875
-0.0137252807617188 -0.094635009765625 -0.04205322265625 -0.3271484375
-0.06805419921875 -0.107337951660156 -0.13543701171875 -0.27447509765625
-0.0659332275390625 -0.112327575683594 -0.126022338867188 -0.19439697265625
-0.0767745971679688 -0.120597839355469 -0.0751495361328125 -0.148056030273438
-0.0418701171875 -0.15972900390625 -0.0329971313476563 -0.116775512695313
0.048919677734375 -0.179122924804688 -0.0245113372802734 -0.0333232879638672
0.153549194335938 -0.144729614257813 -0.0668716430664062 -0.0179214477539062
0.258758544921875 0.0154266357421875 -0.158126831054687 -0.0742340087890625
0.289306640625 0.1754150390625 -0.148025512695313 -0.184005737304687
0.222930908203125 0.2880859375 -0.04205322265625 -0.17633056640625
0.133453369140625 0.37896728515625 0.239013671875 -0.183151245117187
0.227066040039063 0.23968505859375 0.188583374023438 -0.0129852294921875
0.24835205078125 0.1177978515625 0.232894897460938 0.00724792480468751
0.236312866210938 -0.0549163818359375 0.267257690429688 -0.13916015625
0.141387939453125 -0.152725219726563 0.147811889648437 -0.241729736328125
0.0161895751953125 -0.199417114257813 -0.00953674316406251 -0.2801513671875
-0.0783843994140625 -0.199783325195312 -0.091400146484375 -0.229965209960937
-0.0736236572265625 -0.1937255859375 -0.084564208984375 -0.147872924804687
-0.0843658447265625 -0.210525512695313 -0.0419235229492188 -0.0957183837890625
-0.0279083251953125 -0.2362060546875 -0.0150718688964844 -0.0661582946777344
0.0967559814453125 -0.22607421875 -0.015843391418457 0.0093107223510742
0.206405639648438 -0.160842895507813 -0.057464599609375 0.01666259765625
0.295135498046875 0.050445556640625 -0.138046264648437 -0.0294570922851563
0.297882080078125 0.234039306640625 -0.0952301025390625 -0.115753173828125
0.199920654296875 0.3486328125 0.00526809692382813 -0.0644683837890625
0.049346923828125 0.429412841796875 0.278457641601562 -0.0294952392578125
0.18511962890625 0.351806640625 0.241546630859375 0.101852416992188
0.2830810546875 0.225494384765625 0.258697509765625 0.06536865234375
0.325042724609375 -0.00775146484375 0.27587890625 -0.0765838623046875
0.222702026367188 -0.1710205078125 0.1591796875 -0.165328979492188
0.0566864013671875 -0.266754150390625 0.0209808349609375 -0.198257446289063
-0.0706329345703125 -0.261871337890625 -0.0370330810546875 -0.152236938476563
-0.0702972412109375 -0.244583129882813 -0.0305099487304688 -0.0773849487304688
-0.0833587646484375 -0.267684936523438 0.00154495239257812 -0.0231037139892578
-0.0159912109375 -0.283782958984375 0.00670623779296875 0.00371646881103514
0.12744140625 -0.251922607421875 -0.00899887084960937 0.0614089965820312
0.237808227539063 -0.16290283203125 -0.0533485412597656 0.0495681762695313
0.303558349609375 0.081695556640625 -0.114547729492187 -0.00252532958984375
0.271820068359375 0.271697998046875 -0.0338172912597656 -0.0583076477050781
0.14947509765625 0.37335205078125 0.0436668395996094 0.0534133911132813
-0.046051025390625 0.393707275390625 0.281585693359375 0.127838134765625
0.091033935546875 0.3829345703125 0.259780883789063 0.22027587890625
0.235137939453125 0.291900634765625 0.256973266601563 0.122909545898438
0.3360595703125 0.057891845703125 0.25152587890625 -0.0073394775390625
0.261016845703125 -0.1416015625 0.14385986328125 -0.077239990234375
0.0932159423828125 -0.278518676757813 0.0411224365234375 -0.0963287353515625
-0.049407958984375 -0.279556274414063 0.0157737731933594 -0.0559921264648438
-0.0572357177734375 -0.257797241210938 0.0276145935058594 0.00438499450683592
-0.07171630859375 -0.28594970703125 0.0489349365234375 0.0578498840332031
-0.00375366210937499 -0.29705810546875 0.0290451049804688 0.0830612182617188
0.144515991210938 -0.249542236328125 -0.00740051269531249 0.118644714355469
0.249313354492187 -0.145217895507812 -0.0579071044921875 0.0797805786132812
0.284515380859375 0.114990234375 -0.0974349975585937 0.0129165649414063
0.2135009765625 0.29718017578125 0.018798828125 -0.00614166259765623
0.070526123046875 0.365447998046875 0.0622100830078125 0.169784545898438
-0.130889892578125 0.280807495117188 0.253082275390625 0.252914428710938
-0.018585205078125 0.32281494140625 0.247161865234375 0.30572509765625
0.128631591796875 0.28570556640625 0.233078002929687 0.156356811523438
0.268295288085938 0.108367919921875 0.203079223632813 0.045257568359375
0.241073608398437 -0.083160400390625 0.108657836914063 -0.000396728515625005
0.110916137695313 -0.236419677734375 0.0480232238769531 0.00155258178710936
-0.021636962890625 -0.251754760742188 0.0589561462402344 0.0397987365722656
-0.0357818603515625 -0.231826782226563 0.0806655883789063 0.0844039916992187
-0.05145263671875 -0.262039184570313 0.0922698974609375 0.135826110839844
0.00991821289062498 -0.272613525390625 0.0481414794921875 0.162734985351562
0.146621704101563 -0.221466064453125 -0.0109710693359375 0.176498413085938
0.2391357421875 -0.112838745117188 -0.0711746215820313 0.111457824707031
0.242782592773438 0.141860961914063 -0.0907440185546875 0.026336669921875
0.133148193359375 0.298980712890625 0.0493278503417969 0.0474166870117188
-0.021881103515625 0.32025146484375 0.0516204833984375 0.275665283203125
-0.191192626953125 0.120086669921875 0.20721435546875 0.316802978515625
-0.115737915039062 0.198104858398438 0.21929931640625 0.336822509765625
0.00616455078124998 0.213912963867188 0.2037353515625 0.158126831054688
0.151626586914063 0.127029418945313 0.152664184570313 0.0697174072265625
0.17413330078125 -0.017730712890625 0.070953369140625 0.0487518310546875
0.104293823242188 -0.154159545898438 0.0469818115234375 0.077606201171875
0.00761413574218748 -0.1822509765625 0.088470458984375 0.117385864257812
-0.00917053222656251 -0.171279907226563 0.120330810546875 0.150665283203125
-0.022735595703125 -0.199615478515625 0.12677001953125 0.203445434570313
0.0220794677734375 -0.210479736328125 0.059112548828125 0.234161376953125
0.130767822265625 -0.16668701171875 -0.0214080810546875 0.229400634765625
0.201187133789063 -0.0696563720703125 -0.09210205078125 0.141372680664062
0.17578125 0.150253295898438 -0.0967864990234375 0.0421371459960938
0.04083251953125 0.263641357421875 0.052490234375 0.100631713867188
-0.111526489257813 0.23394775390625 0.00854492187499997 0.3592529296875
0.160995483398438 -0.0735931396484375 -0.024749755859375 -0.378753662109375
0.016326904296875 -0.180908203125 -0.0195083618164063 -0.127098083496094
-0.114219665527344 -0.0996551513671875 0.105239868164062 -0.0580291748046875
-0.132797241210938 0.0200271606445312 0.137557983398438 -0.18707275390625
-0.0833511352539063 0.0958099365234375 0.022552490234375 -0.288970947265625
-0.006256103515625 0.136665344238281 -0.11956787109375 -0.3067626953125
0.00597381591796876 0.104965209960937 -0.1971435546875 -0.243850708007813
-0.013916015625 0.090087890625 -0.174484252929688 -0.1824951171875
-0.0311965942382813 0.107696533203125 -0.126846313476563 -0.153060913085938
-0.0904541015625 0.0567398071289062 -0.0851364135742188 -0.124755859375
-0.112953186035156 -0.0382766723632813 -0.067291259765625 -0.071014404296875
-0.047210693359375 -0.116485595703125 -0.11492919921875 -0.0774002075195313
0.098480224609375 -0.139984130859375 -0.19635009765625 -0.175430297851562
0.197525024414063 -0.07708740234375 -0.237640380859375 -0.31085205078125
0.212905883789063 0.0192413330078125 -0.1796875 -0.3292236328125
0.209991455078125 0.0858306884765625 0.05078125 -0.382598876953125
0.128715515136719 -0.0758285522460938 0.0319900512695312 -0.134742736816406
0.0156211853027344 -0.0683135986328125 0.142166137695313 -0.0623931884765625
-0.0272865295410156 -0.0354385375976563 0.176864624023438 -0.206344604492188
-0.0327224731445313 5.53131103515573E-05 0.0523681640625 -0.312255859375
-0.0205879211425781 0.0242462158203125 -0.110443115234375 -0.3358154296875
-0.0433235168457031 0.00266647338867188 -0.200881958007812 -0.2694091796875
-0.0511741638183594 -0.00968551635742188 -0.180130004882813 -0.195632934570313
-0.0639419555664063 -0.00716018676757812 -0.123748779296875 -0.162490844726563
-0.0723953247070313 -0.0573501586914062 -0.07489013671875 -0.137100219726563
-0.0327529907226562 -0.116943359375 -0.0507164001464844 -0.0641708374023438
0.061126708984375 -0.137443542480469 -0.0918960571289063 -0.053192138671875
0.195175170898438 -0.060272216796875 -0.18505859375 -0.12158203125
0.26739501953125 0.05535888671875 -0.214019775390625 -0.250625610351563
0.248275756835938 0.16424560546875 -0.12493896484375 -0.27630615234375
0.22052001953125 0.247970581054688 0.1383056640625 -0.328338623046875
0.220062255859375 0.0677337646484375 0.105064392089844 -0.104011535644531
0.157058715820313 -0.0030975341796875 0.19024658203125 -0.04913330078125
0.104957580566406 -0.07672119140625 0.221267700195313 -0.202911376953125
0.0401077270507813 -0.0978546142578125 0.089141845703125 -0.306549072265625
-0.0220260620117188 -0.0978927612304688 -0.08209228515625 -0.330657958984375
-0.0827102661132812 -0.103904724121094 -0.174896240234375 -0.26300048828125
-0.0822296142578125 -0.108062744140625 -0.157089233398438 -0.180206298828125
-0.092926025390625 -0.117195129394531 -0.101249694824219 -0.139274597167969
-0.0618438720703125 -0.160186767578125 -0.058746337890625 -0.113883972167969
0.02984619140625 -0.190093994140625 -0.0381965637207031 -0.0346527099609375
0.14117431640625 -0.166183471679688 -0.076446533203125 -0.01837158203125
0.269332885742187 -0.0130767822265625 -0.17034912109375 -0.065093994140625
0.31890869140625 0.1470947265625 -0.1728515625 -0.178070068359375
0.262420654296875 0.270370483398438 -0.06640625 -0.18511962890625
0.184967041015625 0.3775634765625 0.220932006835938 -0.215255737304687
0.262405395507813 0.221633911132813 0.185745239257813 -0.029296875
0.275497436523438 0.09405517578125 0.238861083984375 -0.01300048828125
0.239669799804687 -0.0859375 0.259384155273438 -0.168838500976563
0.127822875976563 -0.175857543945313 0.124481201171875 -0.262649536132813
-0.00575256347656251 -0.208816528320312 -0.04168701171875 -0.28497314453125
-0.106033325195312 -0.197296142578125 -0.1243896484375 -0.222015380859375
-0.102081298828125 -0.189895629882813 -0.109367370605469 -0.136756896972656
-0.114669799804687 -0.2081298828125 -0.0599365234375 -0.08843994140625
-0.0579986572265625 -0.240768432617187 -0.0338325500488281 -0.0632972717285157
0.0718841552734375 -0.246231079101562 -0.0246448516845703 0.0104122161865234
0.194046020507812 -0.192428588867187 -0.0636978149414062 0.0186233520507812
0.313629150390625 0.017913818359375 -0.146957397460937 -0.0210723876953125
0.337249755859375 0.206878662109375 -0.11224365234375 -0.114334106445312
0.248504638671875 0.336700439453125 -0.00536346435546874 -0.0754776000976562
0.10614013671875 0.4404296875 0.278640747070313 -0.0616607666015625
0.23431396484375 0.34197998046875 0.251678466796875 0.0809326171875
0.32568359375 0.20050048828125 0.269454956054688 0.0446929931640625
0.33709716796875 -0.048736572265625 0.2740478515625 -0.104705810546875
0.208526611328125 -0.205535888671875 0.14581298828125 -0.184616088867188
0.026092529296875 -0.282928466796875 0.001953125 -0.203720092773438
-0.107009887695313 -0.260330200195313 -0.0584716796875 -0.149368286132813
-0.106170654296875 -0.241744995117188 -0.0451126098632813 -0.0719223022460938
-0.1226806640625 -0.2662353515625 -0.00526237487792969 -0.0184345245361328
-0.054656982421875 -0.290771484375 -0.00128173828125 0.00623273849487303
0.0987701416015625 -0.278030395507813 -0.0109062194824219 0.0654449462890625
0.225540161132813 -0.19976806640625 -0.0558929443359375 0.0541458129882812
0.327301025390625 0.04742431640625 -0.12127685546875 0.00511169433593751
0.3182373046875 0.248382568359375 -0.044342041015625 -0.0622673034667969
0.200042724609375 0.36767578125 0.0481643676757813 0.0423622131347656
0.00421142578125001 0.415740966796875 0.2998046875 0.1009521484375
0.142578125 0.384918212890625 0.284332275390625 0.199310302734375
0.2845458984375 0.27398681640625 0.272415161132813 0.10223388671875
0.35589599609375 0.01629638671875 0.255706787109375 -0.0312042236328125
0.249847412109375 -0.181427001953125 0.14111328125 -0.091766357421875
0.06005859375 -0.299163818359375 0.034912109375 -0.101333618164063
-0.089813232421875 -0.280670166015625 0.00799560546875 -0.0577888488769531
-0.094970703125 -0.256973266601563 0.025421142578125 0.00387573242187498
-0.114227294921875 -0.284698486328125 0.0540237426757812 0.0578231811523437
-0.045074462890625 -0.30609130859375 0.033050537109375 0.0849227905273437
0.115066528320313 -0.27886962890625 -0.000160217285156252 0.125457763671875
0.239273071289063 -0.183883666992188 -0.0570526123046875 0.0887374877929687
0.312530517578125 0.08416748046875 -0.102706909179688 0.0206069946289063
0.260604858398438 0.280059814453125 0.0162553787231445 -0.0150976181030273
0.119659423828125 0.368255615234375 0.0812530517578125 0.1612548828125
-0.0963134765625 0.310394287109375 0.2860107421875 0.23382568359375
0.02362060546875 0.33660888671875 0.283111572265625 0.289154052734375
0.175399780273437 0.280487060546875 0.252059936523438 0.139480590820313
0.293365478515625 0.07647705078125 0.212310791015625 0.0294952392578125
0.236083984375 -0.120010375976563 0.115089416503906 -0.00868225097656251
0.08221435546875 -0.258148193359375 0.0550079345703125 -0.00131607055664064
-0.0574493408203125 -0.254302978515625 0.0649642944335938 0.0337104797363281
-0.070068359375 -0.23297119140625 0.0901641845703125 0.0775146484375
-0.089752197265625 -0.262283325195313 0.110862731933594 0.131637573242187
-0.0296630859375 -0.28094482421875 0.064666748046875 0.16448974609375
0.120513916015625 -0.249038696289063 0.00502014160156249 0.186004638671875
0.230392456054688 -0.148757934570313 -0.0655975341796875 0.123184204101562
0.271652221679688 0.115280151367188 -0.0939788818359375 0.0346298217773438
0.1788330078125 0.290191650390625 0.0545539855957031 0.0370941162109375
0.019927978515625 0.331695556640625 0.0841827392578125 0.273773193359375
-0.177932739257813 0.151641845703125 0.2467041015625 0.30810546875
-0.0905303955078125 0.219802856445313 0.25836181640625 0.323516845703125
0.039794921875 0.221450805664062 0.222000122070312 0.145126342773438
0.174835205078125 0.108444213867187 0.16326904296875 0.0616302490234375
0.17486572265625 -0.044525146484375 0.0829925537109375 0.0463409423828125
0.0839996337890625 -0.172576904296875 0.0641860961914063 0.0760269165039062
-0.019500732421875 -0.186294555664062 0.106155395507813 0.109291076660156
-0.0350341796875 -0.173141479492187 0.141525268554688 0.1397705078125
-0.053192138671875 -0.201202392578125 0.155838012695312 0.195587158203125
-0.00779724121093748 -0.218643188476563 0.0871429443359375 0.23663330078125
0.110244750976563 -0.189682006835937 0.00201416015625001 0.241897583007813
0.1956787109375 -0.09912109375 -0.082763671875 0.15667724609375
0.201400756835938 0.131820678710938 -0.0978622436523437 0.0510482788085937
0.077911376953125 0.264358520507813 0.0641632080078125 0.0906524658203125
-0.08258056640625 0.25225830078125 0.052215576171875 0.366546630859375
0.149765014648438 -0.08990478515625 -0.066864013671875 -0.3759765625
-0.00569152832031251 -0.178558349609375 -0.0321273803710938 -0.119285583496094
-0.124565124511719 -0.0838546752929687 0.102767944335938 -0.064788818359375
-0.128005981445313 0.0360946655273438 0.121734619140625 -0.200454711914062
-0.0678787231445313 0.105842590332031 -0.00811767578125 -0.289642333984375
0.0136337280273437 0.133781433105469 -0.15484619140625 -0.29180908203125
0.0206451416015625 0.101417541503906 -0.224563598632812 -0.220077514648438
-0.00140380859375 0.089874267578125 -0.1954345703125 -0.160415649414063
-0.0153732299804688 0.107505798339844 -0.147216796875 -0.135665893554688
-0.0797042846679688 0.0673294067382813 -0.105117797851563 -0.112190246582031
-0.113761901855469 -0.0210647583007813 -0.0807647705078125 -0.0679702758789062
-0.0604629516601562 -0.106964111328125 -0.124420166015625 -0.0730209350585937
0.0791015625 -0.148910522460938 -0.209320068359375 -0.159912109375
0.183609008789062 -0.0993499755859375 -0.265960693359375 -0.28851318359375
0.210418701171875 -0.004974365234375 -0.215179443359375 -0.31488037109375
0.216903686523438 0.0646209716796875 0.00802612304687505 -0.386871337890625
0.118812561035156 -0.0861358642578125 0.0162506103515625 -0.131858825683594
0.00957107543945313 -0.0679130554199219 0.137367248535156 -0.07171630859375
-0.0291309356689453 -0.0314083099365234 0.157455444335938 -0.222396850585938
-0.0292091369628906 0.00440025329589843 0.0196533203125 -0.314666748046875
-0.0141239166259766 0.0233745574951172 -0.14862060546875 -0.3209228515625
-0.0409507751464844 0.00535964965820313 -0.23193359375 -0.243728637695313
-0.0512962341308594 -0.00472259521484374 -0.203353881835938 -0.171035766601562
-0.0625190734863281 -0.00260162353515625 -0.14617919921875 -0.14385986328125
-0.0757904052734375 -0.04937744140625 -0.09857177734375 -0.124763488769531
-0.0433425903320313 -0.110549926757813 -0.0659065246582031 -0.0621414184570313
0.04595947265625 -0.141952514648438 -0.101509094238281 -0.0508041381835938
0.186599731445313 -0.08056640625 -0.194549560546875 -0.108489990234375
0.270156860351563 0.026763916015625 -0.238021850585937 -0.232025146484375
0.262649536132813 0.13671875 -0.156600952148438 -0.2686767578125
0.246414184570312 0.224227905273438 0.10003662109375 -0.3419189453125
0.226455688476562 0.0458526611328125 0.0903396606445313 -0.108238220214844
0.160430908203125 -0.0181732177734375 0.185623168945313 -0.0631866455078125
0.0986099243164063 -0.0879974365234375 0.2012939453125 -0.223281860351562
0.0316085815429687 -0.102409362792969 0.057098388671875 -0.311981201171875
-0.0303955078125 -0.0983428955078125 -0.118621826171875 -0.317840576171875
-0.0938873291015625 -0.095062255859375 -0.205795288085938 -0.23968505859375
-0.0950546264648437 -0.0986175537109375 -0.17919921875 -0.156051635742188
-0.106010437011719 -0.108329772949219 -0.121330261230469 -0.12249755859375
-0.0788116455078125 -0.153549194335938 -0.0805740356445313 -0.103363037109375
0.0093994140625 -0.192581176757813 -0.0512351989746094 -0.0322837829589844
0.123092651367188 -0.181182861328125 -0.0839996337890625 -0.0163421630859375
0.268295288085938 -0.0412139892578125 -0.17572021484375 -0.053802490234375
0.333709716796875 0.112945556640625 -0.190658569335937 -0.165069580078125
0.28961181640625 0.242156982421875 -0.089996337890625 -0.1859130859375
0.22674560546875 0.357666015625 0.193557739257813 -0.237564086914062
0.28729248046875 0.193634033203125 0.176528930664063 -0.0429840087890625
0.29052734375 0.064117431640625 0.235824584960938 -0.0306549072265625
0.232574462890625 -0.112213134765625 0.241729736328125 -0.190597534179688
0.109085083007813 -0.1900634765625 0.096771240234375 -0.2716064453125
-0.0279541015625 -0.210586547851562 -0.0707244873046875 -0.276931762695313
-0.128204345703125 -0.183807373046875 -0.15008544921875 -0.203811645507812
-0.125015258789063 -0.177230834960937 -0.126976013183594 -0.118667602539063
-0.140625 -0.1956787109375 -0.0736312866210938 -0.0754547119140625
-0.086456298828125 -0.234756469726563 -0.0500907897949219 -0.0553092956542969
0.043365478515625 -0.255401611328125 -0.0326519012451172 0.0131950378417969
0.173629760742188 -0.214431762695312 -0.0687332153320312 0.0218849182128906
0.31842041015625 -0.016815185546875 -0.150634765625 -0.011474609375
0.36175537109375 0.170623779296875 -0.125999450683594 -0.107681274414062
0.283599853515625 0.31072998046875 -0.0181808471679687 -0.0826950073242187
0.156951904296875 0.42938232421875 0.267608642578125 -0.089752197265625
0.27313232421875 0.316314697265625 0.252395629882812 0.059600830078125
0.352996826171875 0.164276123046875 0.271072387695313 0.02294921875
0.333343505859375 -0.0870361328125 0.261917114257813 -0.127883911132812
0.1834716796875 -0.229232788085938 0.127059936523438 -0.195465087890625
-0.00592041015625003 -0.286865234375 -0.017608642578125 -0.200653076171875
-0.138397216796875 -0.246612548828125 -0.0765533447265625 -0.139266967773438
-0.136093139648438 -0.227828979492188 -0.0558395385742188 -0.0620613098144531
-0.156814575195312 -0.251022338867188 -0.00995540618896486 -0.0129852294921875
-0.0904541015625 -0.28485107421875 -0.00879669189453125 0.0113439559936523
0.06500244140625 -0.2908935546875 -0.0113906860351562 0.0681533813476562
0.202255249023438 -0.227401733398437 -0.0574722290039062 0.0585441589355469
0.33642578125 0.0106201171875 -0.124313354492187 0.0138626098632813
0.34918212890625 0.212615966796875 -0.0538330078125 -0.06317138671875
0.241241455078125 0.346649169921875 0.0478477478027344 0.03045654296875
0.0543212890625 0.41729736328125 0.30596923828125 0.07135009765625
0.188079833984375 0.368865966796875 0.29718017578125 0.17242431640625
0.32098388671875 0.2415771484375 0.278411865234375 0.0800628662109375
0.35955810546875 -0.025787353515625 0.250732421875 -0.0518646240234375
0.226272583007813 -0.211029052734375 0.1328125 -0.103103637695313
0.024566650390625 -0.306884765625 0.0280380249023437 -0.103370666503906
-0.123275756835938 -0.2679443359375 0.000293731689453123 -0.0563392639160156
-0.127426147460938 -0.243194580078125 0.0231590270996094 0.00418090820312499
-0.151641845703125 -0.26995849609375 0.0589141845703125 0.0556716918945312
-0.08349609375 -0.2991943359375 0.03692626953125 0.0853424072265625
0.080474853515625 -0.29339599609375 0.00807952880859377 0.128036499023437
0.216873168945313 -0.213607788085938 -0.0533676147460937 0.0948638916015625
0.326446533203125 0.04681396484375 -0.104393005371094 0.028167724609375
0.29669189453125 0.2501220703125 0.0105972290039063 -0.0219936370849609
0.162017822265625 0.35455322265625 0.095245361328125 0.146255493164063
-0.056640625 0.32318115234375 0.30792236328125 0.206298828125
0.065338134765625 0.33380126953125 0.305908203125 0.260711669921875
0.213729858398437 0.2598876953125 0.26019287109375 0.118850708007813
0.303375244140625 0.040374755859375 0.213882446289063 0.0137939453125
0.218856811523438 -0.148513793945313 0.11724853515625 -0.017303466796875
0.0490264892578125 -0.267593383789063 0.0597801208496094 -0.00651550292968752
-0.089691162109375 -0.244705200195313 0.0680465698242188 0.0274810791015625
-0.100570678710938 -0.221298217773438 0.0963211059570313 0.0683975219726562
-0.1241455078125 -0.2491455078125 0.125 0.121452331542969
-0.06524658203125 -0.274932861328125 0.0791168212890625 0.1597900390625
0.0883331298828125 -0.2637939453125 0.0221710205078125 0.188262939453125
0.211639404296875 -0.177444458007813 -0.0577926635742188 0.131172180175781
0.287811279296875 0.08392333984375 -0.0943603515625 0.0426254272460938
0.21502685546875 0.268630981445313 0.0546607971191406 0.0256309509277344
0.05938720703125 0.3277587890625 0.111572265625 0.259246826171875
-0.155517578125 0.174346923828125 0.277587890625 0.2855224609375
-0.0611114501953125 0.230331420898437 0.286407470703125 0.298828125
0.071136474609375 0.214569091796875 0.2305908203125 0.127609252929688
0.189498901367188 0.0844879150390625 0.168685913085938 0.0510406494140625
0.166397094726563 -0.0673065185546875 0.0926284790039063 0.0407333374023437
0.0606689453125 -0.182525634765625 0.0784225463867188 0.0688858032226563
-0.0440216064453125 -0.180526733398438 0.118522644042969 0.0955810546875
-0.0590362548828125 -0.16607666015625 0.155380249023438 0.122146606445312
-0.0796051025390625 -0.19189453125 0.176467895507813 0.1788330078125
-0.0362396240234375 -0.2149658203125 0.110733032226562 0.228713989257813
0.08465576171875 -0.201995849609375 0.02679443359375 0.243072509765625
0.181365966796875 -0.122634887695313 -0.0694427490234375 0.166259765625
0.216995239257813 0.107513427734375 -0.0963211059570312 0.0585174560546875
0.110748291015625 0.252517700195313 0.0717620849609375 0.0768203735351563
-0.05120849609375 0.257827758789063 0.091339111328125 0.356964111328125
0.1378173828125 -0.0996551513671875 -0.09637451171875 -0.36553955078125
-0.0211029052734375 -0.172622680664063 -0.040191650390625 -0.111228942871094
-0.129470825195313 -0.069976806640625 0.100601196289063 -0.0678634643554688
-0.121536254882812 0.0474624633789062 0.108489990234375 -0.206787109375
-0.0538177490234375 0.109710693359375 -0.0284423828125 -0.28411865234375
0.0283050537109375 0.126449584960938 -0.177474975585937 -0.273025512695313
0.0316848754882813 0.0952224731445312 -0.239486694335938 -0.197509765625
0.00746154785156249 0.087432861328125 -0.2060546875 -0.139877319335938
-0.00346374511718751 0.103973388671875 -0.15911865234375 -0.118118286132813
-0.0691452026367188 0.07330322265625 -0.117095947265625 -0.0990066528320313
-0.110694885253906 -0.00749969482421873 -0.0911636352539063 -0.0639724731445313
-0.0680465698242188 -0.09765625 -0.131088256835937 -0.0696792602539063
0.06201171875 -0.15179443359375 -0.2147216796875 -0.1474609375
0.16888427734375 -0.11212158203125 -0.281524658203125 -0.2684326171875
0.204055786132812 -0.0222320556640625 -0.238067626953125 -0.298492431640625
0.21746826171875 0.0477142333984375 -0.023162841796875 -0.382354736328125
0.109771728515625 -0.0916976928710938 0.00564575195312502 -0.126068115234375
0.00609588623046875 -0.0654373168945313 0.133628845214844 -0.0767898559570313
-0.0284004211425781 -0.0277805328369141 0.141937255859375 -0.230209350585937
-0.0245723724365234 0.00623321533203124 -0.00408935546875002 -0.310272216796875
-0.00934791564941406 0.0196247100830078 -0.172821044921875 -0.302154541015625
-0.0383071899414063 0.00671768188476563 -0.24908447265625 -0.21868896484375
-0.0504417419433594 -0.000984191894531259 -0.214935302734375 -0.147659301757812
-0.0607147216796875 -9.91821289062624E-05 -0.159255981445313 -0.12493896484375
-0.0765380859375 -0.0431442260742187 -0.114158630371094 -0.110816955566406
-0.0494384765625 -0.103507995605469 -0.0776138305664063 -0.0579452514648438
0.034942626953125 -0.141372680664063 -0.108322143554688 -0.0491104125976562
0.175994873046875 -0.0922698974609375 -0.19757080078125 -0.0985565185546875
0.26629638671875 0.0049285888671875 -0.250656127929687 -0.2154541015625
0.267288208007813 0.114715576171875 -0.178192138671875 -0.259613037109375
0.261093139648438 0.20257568359375 0.06903076171875 -0.344757080078125
0.227203369140625 0.0289306640625 0.0786056518554688 -0.1080322265625
0.1600341796875 -0.030181884765625 0.179962158203125 -0.0703277587890625
0.0924072265625 -0.0950164794921875 0.18377685546875 -0.232254028320312
0.0250625610351562 -0.103759765625 0.0330810546875 -0.30889892578125
-0.0358734130859375 -0.097869873046875 -0.1422119140625 -0.3018798828125
-0.0997467041015625 -0.086517333984375 -0.22308349609375 -0.21551513671875
-0.102149963378906 -0.0891265869140625 -0.19049072265625 -0.134078979492188
-0.114692687988281 -0.0993499755859375 -0.133071899414063 -0.105003356933594
-0.089691162109375 -0.1453857421875 -0.0959930419921875 -0.0900115966796875
-0.00616455078124999 -0.190231323242188 -0.0621299743652344 -0.0278549194335938
0.107742309570313 -0.188125610351563 -0.0896072387695313 -0.0144729614257813
0.2628173828125 -0.06103515625 -0.177444458007812 -0.0459136962890625
0.338592529296875 0.08477783203125 -0.20147705078125 -0.153549194335938
0.30340576171875 0.2174072265625 -0.107635498046875 -0.183258056640625
0.25390625 0.33642578125 0.169036865234375 -0.248855590820313
0.29901123046875 0.168975830078125 0.166213989257813 -0.050048828125
0.2965087890625 0.03997802734375 0.22979736328125 -0.0411224365234375
0.222991943359375 -0.130523681640625 0.22528076171875 -0.202285766601563
0.092620849609375 -0.196014404296875 0.0761260986328125 -0.272247314453125
-0.0435638427734375 -0.207595825195313 -0.090911865234375 -0.265701293945313
-0.14300537109375 -0.171005249023437 -0.165512084960938 -0.185302734375
-0.139419555664063 -0.162765502929688 -0.136207580566406 -0.10028076171875
-0.156982421875 -0.180831909179688 -0.0818862915039063 -0.063140869140625
-0.106903076171875 -0.224685668945313 -0.0616722106933594 -0.0446052551269531
0.0210113525390625 -0.25665283203125 -0.0394935607910156 0.0173988342285156
0.153778076171875 -0.227218627929688 -0.0723953247070312 0.0239334106445312
0.31622314453125 -0.042144775390625 -0.1507568359375 -0.00502014160156251
0.374603271484375 0.13775634765625 -0.134300231933594 -0.10211181640625
0.304046630859375 0.285247802734375 -0.0301361083984375 -0.0864791870117188
0.192718505859375 0.412109375 0.253448486328125 -0.107223510742187
0.29541015625 0.2894287109375 0.247848510742188 0.0438079833984375
0.366455078125 0.133087158203125 0.266220092773438 0.00889587402343751
0.32379150390625 -0.11541748046875 0.248809814453125 -0.140243530273438
0.162094116210938 -0.241607666015625 0.1114501953125 -0.199935913085938
-0.029693603515625 -0.283477783203125 -0.0313720703125 -0.195205688476563
-0.158370971679687 -0.230117797851563 -0.0873260498046875 -0.127555847167969
-0.155563354492188 -0.211410522460938 -0.0618209838867188 -0.0516014099121094
-0.178985595703125 -0.234039306640625 -0.0131101608276367 -0.00763034820556642
-0.116119384765625 -0.2728271484375 -0.0144500732421875 0.0168218612670898
0.03778076171875 -0.294708251953125 -0.01214599609375 0.0708541870117187
0.18017578125 -0.243728637695313 -0.0583267211914062 0.0613899230957031
0.33795166015625 -0.019317626953125 -0.12445068359375 0.0191879272460937
0.36639404296875 0.1810302734375 -0.0612869262695312 -0.0629920959472656
0.267242431640625 0.3233642578125 0.0438880920410156 0.0201797485351563
0.09136962890625 0.408966064453125 0.304229736328125 0.049072265625
0.21697998046875 0.348114013671875 0.299774169921875 0.151214599609375
0.3433837890625 0.2113037109375 0.276138305664063 0.0649261474609375
0.35528564453125 -0.057769775390625 0.243682861328125 -0.0635833740234375
0.204437255859375 -0.2279052734375 0.125419616699219 -0.108146667480469
-0.00323486328125 -0.304534912109375 0.022796630859375 -0.103172302246094
-0.146072387695312 -0.251129150390625 -0.00495529174804688 -0.0533638000488281
-0.148208618164062 -0.22662353515625 0.0209999084472656 0.00577926635742186
-0.175750732421875 -0.251434326171875 0.0622177124023437 0.0531883239746094
-0.112030029296875 -0.28692626953125 0.0385665893554687 0.085784912109375
0.051788330078125 -0.2984619140625 0.0133438110351562 0.129066467285156
0.19500732421875 -0.23175048828125 -0.0502395629882813 0.0981826782226562
0.330291748046875 0.018096923828125 -0.104270935058594 0.0333175659179687
0.318023681640625 0.221221923828125 0.00548362731933595 -0.0272350311279297
0.19049072265625 0.33642578125 0.100448608398438 0.131607055664063
-0.02490234375 0.326202392578125 0.3162841796875 0.18341064453125
0.09368896484375 0.323883056640625 0.314910888671875 0.23797607421875
0.23773193359375 0.237075805664063 0.259750366210938 0.104278564453125
0.304718017578125 0.0111083984375 0.211517333984375 0.00341796875
0.200714111328125 -0.166244506835938 0.117279052734375 -0.0237579345703125
0.0226898193359375 -0.268325805664063 0.0631332397460938 -0.0117454528808594
-0.111160278320313 -0.230804443359375 0.0692329406738281 0.0219879150390625
-0.119979858398438 -0.206939697265625 0.0993576049804687 0.0612945556640625
-0.146881103515625 -0.232391357421875 0.132514953613281 0.110984802246094
-0.0915374755859375 -0.264556884765625 0.087890625 0.155014038085937
0.061492919921875 -0.268600463867187 0.0341949462890625 0.186737060546875
0.19207763671875 -0.194915771484375 -0.0501937866210938 0.134986877441406
0.29376220703125 0.0562744140625 -0.093414306640625 0.04693603515625
0.239532470703125 0.24481201171875 0.0529136657714844 0.0155830383300781
0.087493896484375 0.3170166015625 0.127029418945312 0.243072509765625
-0.13427734375 0.187271118164062 0.295013427734375 0.26568603515625
-0.0380706787109375 0.2318115234375 0.299285888671875 0.277374267578125
0.0929718017578125 0.204421997070313 0.232025146484375 0.1156005859375
0.195281982421875 0.0634918212890625 0.171249389648437 0.044769287109375
0.154769897460938 -0.082794189453125 0.0992507934570313 0.0353622436523437
0.0399169921875 -0.184616088867188 0.0875244140625 0.059173583984375
-0.0614013671875 -0.1712646484375 0.125106811523438 0.0838470458984375
-0.0745391845703125 -0.156005859375 0.161407470703125 0.106903076171875
-0.0974273681640625 -0.179718017578125 0.18927001953125 0.161651611328125
-0.0577392578125 -0.205673217773437 0.126083374023438 0.21923828125
0.0628662109375 -0.207107543945313 0.044677734375 0.239852905273438
0.166244506835938 -0.136215209960938 -0.0591278076171875 0.170578002929688
0.225021362304688 0.0862884521484375 -0.0947113037109375 0.0629043579101563
0.133560180664063 0.23687744140625 0.0728759765625 0.0649337768554688
-0.0270538330078125 0.256332397460938 0.1168212890625 0.340789794921875
0.12939453125 -0.10626220703125 -0.118255615234375 -0.35968017578125
-0.031982421875 -0.167999267578125 -0.0452880859375 -0.1053466796875
-0.132850646972656 -0.0590744018554688 0.101173400878906 -0.0705947875976562
-0.116409301757812 0.0563201904296875 0.100616455078125 -0.212646484375
-0.0435791015625 0.112091064453125 -0.0434722900390625 -0.280502319335938
0.038421630859375 0.120536804199219 -0.19281005859375 -0.259628295898437
0.0395889282226562 0.0897750854492188 -0.251922607421875 -0.181259155273438
0.0143585205078125 0.0854873657226563 -0.214492797851563 -0.125
0.00457000732421876 0.101173400878906 -0.168121337890625 -0.105087280273438
-0.060333251953125 0.0768051147460938 -0.125579833984375 -0.0884475708007813
-0.107719421386719 0.00232696533203123 -0.101181030273438 -0.0615692138671875
-0.0735931396484375 -0.0908660888671875 -0.138092041015625 -0.0683517456054687
0.05010986328125 -0.153289794921875 -0.219436645507813 -0.1414794921875
0.158065795898438 -0.121185302734375 -0.29400634765625 -0.257232666015625
0.19940185546875 -0.0342559814453125 -0.254669189453125 -0.28961181640625
0.21844482421875 0.0360870361328125 -0.04693603515625 -0.381011962890625
0.103401184082031 -0.095855712890625 -0.00158691406249999 -0.122406005859375
0.00410842895507812 -0.0641365051269531 0.132911682128906 -0.0800933837890625
-0.0282993316650391 -0.0257720947265625 0.13201904296875 -0.236785888671875
-0.0212230682373047 0.00691986083984375 -0.01971435546875 -0.30731201171875
-0.00583744049072266 0.0161228179931641 -0.189727783203125 -0.28948974609375
-0.0367317199707031 0.00691986083984375 -0.2620849609375 -0.201126098632813
-0.0497360229492188 0.001129150390625 -0.223663330078125 -0.130355834960938
-0.0602798461914063 0.00104904174804689 -0.169570922851562 -0.11029052734375
-0.0770416259765625 -0.03851318359375 -0.125442504882813 -0.098846435546875
-0.05328369140625 -0.0984268188476563 -0.0887832641601563 -0.0547866821289063
0.027496337890625 -0.141265869140625 -0.115547180175781 -0.0489578247070312
0.168914794921875 -0.100982666015625 -0.201126098632812 -0.09429931640625
0.26434326171875 -0.0101165771484375 -0.260665893554687 -0.206893920898438
0.2711181640625 0.100662231445313 -0.195663452148438 -0.255050659179688
0.272430419921875 0.188568115234375 0.04779052734375 -0.348663330078125
0.227981567382813 0.0173492431640625 0.0714340209960938 -0.107833862304687
0.160842895507813 -0.03851318359375 0.177536010742187 -0.074493408203125
0.0893096923828125 -0.100486755371094 0.173324584960938 -0.239639282226563
0.0211181640625 -0.105850219726563 0.017578125 -0.307861328125
-0.0400161743164062 -0.099456787109375 -0.15875244140625 -0.290618896484375
-0.104324340820313 -0.08154296875 -0.236175537109375 -0.198471069335937
-0.1075439453125 -0.0830078125 -0.19830322265625 -0.117813110351563
-0.121841430664062 -0.0937423706054688 -0.14154052734375 -0.0912322998046875
-0.0987396240234375 -0.140625 -0.107872009277344 -0.0782852172851562
-0.0164031982421875 -0.189163208007813 -0.0717697143554688 -0.0238037109375
0.0972137451171875 -0.194061279296875 -0.0962600708007813 -0.0141754150390625
0.259780883789063 -0.076507568359375 -0.179656982421875 -0.0431060791015625
0.343841552734375 0.065185546875 -0.210464477539062 -0.147109985351563
0.3143310546875 0.201080322265625 -0.122299194335937 -0.183059692382813
0.27410888671875 0.3212890625 0.1522216796875 -0.256759643554687
0.308319091796875 0.151763916015625 0.160308837890625 -0.0538787841796875
0.302642822265625 0.022003173828125 0.227508544921875 -0.0468292236328125
0.216766357421875 -0.144317626953125 0.2161865234375 -0.21063232421875
0.082244873046875 -0.202316284179688 0.0631256103515625 -0.272613525390625
-0.0558624267578125 -0.20745849609375 -0.1046142578125 -0.257720947265625
-0.153472900390625 -0.161727905273438 -0.1767578125 -0.171188354492188
-0.1502685546875 -0.153213500976563 -0.14276123046875 -0.08734130859375
-0.170166015625 -0.17059326171875 -0.0876312255859375 -0.0535659790039063
-0.122787475585938 -0.218048095703125 -0.0706405639648438 -0.0340805053710938
0.00418090820312502 -0.259002685546875 -0.046051025390625 0.0218963623046875
0.140838623046875 -0.237686157226563 -0.07708740234375 0.02557373046875
0.31683349609375 -0.06243896484375 -0.153106689453125 -0.00262451171874997
0.384765625 0.11553955078125 -0.142410278320313 -0.099395751953125
0.320587158203125 0.269500732421875 -0.040130615234375 -0.0905838012695312
0.218780517578125 0.40155029296875 0.244888305664063 -0.120437622070312
0.313262939453125 0.27239990234375 0.24554443359375 0.0352783203125
0.37921142578125 0.1085205078125 0.26458740234375 0.00183105468750001
0.318450927734375 -0.136962890625 0.24176025390625 -0.14862060546875
0.146743774414063 -0.2520751953125 0.101974487304688 -0.202560424804688
-0.04840087890625 -0.282867431640625 -0.04010009765625 -0.192626953125
-0.173736572265625 -0.218643188476562 -0.0948562622070313 -0.119590759277344
-0.17010498046875 -0.199462890625 -0.0654983520507813 -0.0430755615234375
-0.19659423828125 -0.220779418945313 -0.015080451965332 -0.00295639038085939
-0.13677978515625 -0.264907836914063 -0.0188064575195313 0.0238780975341797
0.0166015625 -0.298858642578125 -0.0145492553710937 0.0748825073242187
0.165390014648438 -0.2564697265625 -0.0597343444824219 0.0638465881347656
0.34039306640625 -0.04083251953125 -0.126518249511719 0.0221633911132812
0.381500244140625 0.157562255859375 -0.068084716796875 -0.0646896362304688
0.285980224609375 0.30987548828125 0.0396804809570313 0.0122642517089844
0.11932373046875 0.405364990234375 0.304718017578125 0.03521728515625
0.239654541015625 0.3350830078125 0.303070068359375 0.13946533203125
0.361053466796875 0.188323974609375 0.2769775390625 0.0576324462890625
0.35321044921875 -0.08258056640625 0.239852905273438 -0.071380615234375
0.188888549804688 -0.240310668945313 0.121650695800781 -0.11279296875
-0.024078369140625 -0.30523681640625 0.0199432373046875 -0.104164123535156
-0.163864135742188 -0.24029541015625 -0.00803756713867189 -0.0514640808105469
-0.164291381835938 -0.214218139648438 0.0205459594726562 0.00704956054687499
-0.195114135742188 -0.237579345703125 0.0645828247070312 0.0523490905761719
-0.13421630859375 -0.278732299804687 0.039093017578125 0.088592529296875
0.0299072265625 -0.303985595703125 0.0166244506835938 0.13128662109375
0.179306030273438 -0.24560546875 -0.0488739013671875 0.101478576660156
0.335174560546875 -0.005340576171875 -0.105812072753906 0.036163330078125
0.336669921875 0.198699951171875 -9.53674316404218E-06 -0.0316791534423828
0.210968017578125 0.32476806640625 0.103240966796875 0.122520446777344
-0.00146484375000003 0.32928466796875 0.326080322265625 0.169586181640625
0.115997314453125 0.317596435546875 0.322784423828125 0.224334716796875
0.256576538085938 0.2208251953125 0.26177978515625 0.09722900390625
0.30657958984375 -0.012359619140625 0.211700439453125 -0.00177001953125
0.188339233398438 -0.18048095703125 0.119285583496094 -0.02783203125
0.00308227539062499 -0.268875122070313 0.065948486328125 -0.0162277221679688
-0.127609252929688 -0.219894409179688 0.0703048706054687 0.0183868408203125
-0.134735107421875 -0.196990966796875 0.10162353515625 0.0565338134765625
-0.165359497070313 -0.219512939453125 0.139305114746094 0.104034423828125
-0.111770629882812 -0.256118774414063 0.0946044921875 0.152725219726562
0.0412139892578125 -0.274139404296875 0.0427093505859375 0.187118530273438
0.177993774414063 -0.208847045898438 -0.0452651977539062 0.138908386230469
0.300445556640625 0.03594970703125 -0.09454345703125 0.0498733520507813
0.258544921875 0.22686767578125 0.0497627258300781 0.00766754150390626
0.1072998046875 0.310699462890625 0.137588500976562 0.23223876953125
-0.118240356445313 0.196029663085938 0.3084716796875 0.254180908203125
-0.02020263671875 0.23333740234375 0.30975341796875 0.265625
0.10992431640625 0.196395874023437 0.233474731445313 0.110015869140625
0.200454711914063 0.0466461181640625 0.17510986328125 0.0413360595703125
0.146896362304688 -0.0935211181640625 0.104591369628906 0.0313720703125
0.0242767333984375 -0.186004638671875 0.095611572265625 0.0521316528320312
-0.0739898681640625 -0.163742065429688 0.129753112792969 0.0748138427734375
-0.086029052734375 -0.148361206054688 0.166336059570313 0.09735107421875
-0.111297607421875 -0.170364379882813 0.19775390625 0.150100708007813
-0.0734710693359375 -0.200469970703125 0.137496948242188 0.212661743164062
0.04693603515625 -0.210922241210938 0.05731201171875 0.238555908203125
0.154998779296875 -0.14825439453125 -0.0519561767578125 0.174530029296875
0.231979370117188 0.0704498291015625 -0.094268798828125 0.066497802734375
0.150665283203125 0.225479125976563 0.07354736328125 0.05584716796875
-0.0113067626953125 0.255523681640625 0.134368896484375 0.3316650390625
0.124443054199219 -0.115196228027344 -0.1417236328125 -0.3634033203125
-0.041900634765625 -0.168319702148438 -0.0514144897460938 -0.103019714355469
-0.138214111328125 -0.0501022338867187 0.103355407714844 -0.0753097534179688
-0.11395263671875 0.0652008056640625 0.0951995849609375 -0.223098754882813
-0.0345916748046875 0.116111755371094 -0.055938720703125 -0.2843017578125
0.0473175048828125 0.115982055664063 -0.209396362304688 -0.253738403320313
0.0472946166992188 0.0860443115234375 -0.267486572265625 -0.17034912109375
0.0210113525390625 0.085662841796875 -0.2259521484375 -0.113143920898438
0.0116806030273437 0.10076904296875 -0.178131103515625 -0.094451904296875
-0.0535812377929688 0.0810089111328125 -0.135749816894531 -0.0807037353515625
-0.106132507324219 0.0107421875 -0.113082885742187 -0.0592269897460938
-0.0798187255859375 -0.0863723754882813 -0.1488037109375 -0.069183349609375
0.0391998291015625 -0.157241821289063 -0.22900390625 -0.140472412109375
0.150634765625 -0.1318359375 -0.31158447265625 -0.2523193359375
0.199874877929688 -0.0451202392578125 -0.276885986328125 -0.288482666015625
0.224472045898438 0.026336669921875 -0.070556640625 -0.3878173828125
0.100196838378906 -0.102142333984375 -0.00739288330078124 -0.12164306640625
0.00278091430664062 -0.0641746520996094 0.134750366210938 -0.0851898193359375
-0.0283775329589844 -0.0238132476806641 0.12567138671875 -0.24761962890625
-0.0182666778564453 0.00707054138183593 -0.0335693359375 -0.311981201171875
-0.0038909912109375 0.0122890472412109 -0.207855224609375 -0.283172607421875
-0.03564453125 0.00582504272460937 -0.278793334960938 -0.188201904296875
-0.0504074096679688 0.00336456298828124 -0.235382080078125 -0.117431640625
-0.061767578125 0.00280761718750001 -0.180145263671875 -0.0986328125
-0.0788192749023438 -0.035552978515625 -0.137947082519531 -0.089324951171875
-0.0577545166015625 -0.0963058471679688 -0.100936889648438 -0.0516891479492188
0.0206298828125 -0.144134521484375 -0.12615966796875 -0.050140380859375
0.166427612304688 -0.111343383789063 -0.208602905273437 -0.0932159423828125
0.2679443359375 -0.0241546630859375 -0.2764892578125 -0.202560424804688
0.280853271484375 0.08966064453125 -0.216018676757812 -0.256622314453125
0.28839111328125 0.17877197265625 0.02825927734375 -0.358551025390625
0.2337646484375 0.006927490234375 0.0664215087890625 -0.108726501464844
0.165435791015625 -0.04827880859375 0.179885864257812 -0.0797576904296875
0.087677001953125 -0.108177185058594 0.168685913085938 -0.251541137695313
0.0180740356445312 -0.110954284667969 0.00460815429687498 -0.313079833984375
-0.0467147827148438 -0.103118896484375 -0.176177978515625 -0.28656005859375
-0.110969543457031 -0.0794677734375 -0.25244140625 -0.18701171875
-0.114265441894531 -0.07843017578125 -0.208175659179688 -0.104843139648438
-0.130653381347656 -0.0898971557617187 -0.151824951171875 -0.0802459716796875
-0.109695434570313 -0.13885498046875 -0.119285583496094 -0.0675125122070312
-0.0270233154296875 -0.192337036132813 -0.08197021484375 -0.0191650390625
0.090087890625 -0.203781127929688 -0.104904174804687 -0.0139617919921875
0.263092041015625 -0.09271240234375 -0.186782836914063 -0.041015625
0.355438232421875 0.047515869140625 -0.223098754882812 -0.14532470703125
0.3321533203125 0.192291259765625 -0.139938354492187 -0.186538696289063
0.29840087890625 0.3155517578125 0.14044189453125 -0.270217895507813
0.3233642578125 0.13983154296875 0.158645629882813 -0.05841064453125
0.313385009765625 0.005096435546875 0.23101806640625 -0.0525054931640625
0.215774536132813 -0.160751342773438 0.212112426757812 -0.222549438476563
0.0735321044921875 -0.211746215820313 0.0526885986328125 -0.28009033203125
-0.0690460205078125 -0.212127685546875 -0.117889404296875 -0.257461547851563
-0.165802001953125 -0.156768798828125 -0.190048217773438 -0.162582397460938
-0.162506103515625 -0.147872924804688 -0.150558471679688 -0.0766448974609375
-0.186126708984375 -0.163528442382813 -0.0941696166992188 -0.0450363159179688
-0.139816284179688 -0.215835571289062 -0.0795211791992188 -0.0242080688476563
-0.0113525390625 -0.26593017578125 -0.053741455078125 0.0274085998535156
0.131057739257813 -0.252685546875 -0.0835189819335937 0.0274429321289062
0.32427978515625 -0.082733154296875 -0.158798217773437 -0.00105285644531249
0.403106689453125 0.095489501953125 -0.15338134765625 -0.0991668701171875
0.341552734375 0.260955810546875 -0.0519256591796875 -0.0958404541015625
0.247833251953125 0.39990234375 0.241058349609375 -0.133544921875
0.33673095703125 0.260650634765625 0.248489379882813 0.0293121337890625
0.39752197265625 0.088165283203125 0.27001953125 -0.0034637451171875
0.320465087890625 -0.1595458984375 0.241958618164063 -0.159072875976563
0.136077880859375 -0.26641845703125 0.097320556640625 -0.209014892578125
-0.066680908203125 -0.28839111328125 -0.0484771728515625 -0.193603515625
-0.19073486328125 -0.212905883789063 -0.103424072265625 -0.11383056640625
-0.185623168945313 -0.192855834960937 -0.0694046020507813 -0.0369491577148438
-0.2169189453125 -0.212265014648438 -0.0160932540893555 0.00147724151611327
-0.158493041992188 -0.262069702148438 -0.0218963623046875 0.0322189331054687
-0.00283813476562499 -0.3084716796875 -0.0163040161132812 0.0811691284179687
0.154937744140625 -0.274658203125 -0.0627899169921875 0.0679588317871094
0.3504638671875 -0.063873291015625 -0.129905700683594 0.0252151489257813
0.40264892578125 0.136932373046875 -0.0767364501953125 -0.0663833618164062
0.309051513671875 0.303009033203125 0.0350379943847656 0.00645065307617189
0.147125244140625 0.409393310546875 0.312408447265625 0.0220947265625
0.265380859375 0.329345703125 0.312713623046875 0.13226318359375
0.383331298828125 0.170623779296875 0.282958984375 0.052001953125
0.3577880859375 -0.10784912109375 0.243194580078125 -0.07989501953125
0.17901611328125 -0.257278442382813 0.121223449707031 -0.11822509765625
-0.044158935546875 -0.310699462890625 0.0176544189453125 -0.107994079589844
-0.181732177734375 -0.234039306640625 -0.0115089416503906 -0.0502777099609375
-0.180633544921875 -0.20806884765625 0.0208148956298828 0.00830650329589843
-0.216094970703125 -0.2294921875 0.0684394836425781 0.051910400390625
-0.156478881835938 -0.275527954101563 0.0419082641601563 0.09356689453125
0.00915527343749999 -0.313507080078125 0.0211105346679688 0.136466979980469
0.168441772460938 -0.264190673828125 -0.0489425659179688 0.106864929199219
0.346588134765625 -0.02667236328125 -0.109474182128906 0.03924560546875
0.3583984375 0.1810302734375 -0.00611877441406248 -0.0367546081542969
0.234588623046875 0.3216552734375 0.106147766113281 0.116706848144531
0.021209716796875 0.337982177734375 0.340179443359375 0.16046142578125
0.13897705078125 0.318817138671875 0.336700439453125 0.21856689453125
0.27874755859375 0.20819091796875 0.269577026367188 0.094329833984375
0.314208984375 -0.034027099609375 0.21844482421875 -0.0074615478515625
0.180755615234375 -0.196014404296875 0.123298645019531 -0.0325851440429688
-0.014801025390625 -0.27484130859375 0.069549560546875 -0.0209159851074219
-0.144302368164063 -0.215728759765625 0.072845458984375 0.0153656005859375
-0.150344848632813 -0.190582275390625 0.105690002441406 0.0541458129882812
-0.184432983398438 -0.21258544921875 0.147262573242188 0.0998382568359375
-0.133224487304688 -0.2530517578125 0.10308837890625 0.155792236328125
0.02313232421875 -0.283294677734375 0.0514068603515625 0.192398071289062
0.168624877929687 -0.225173950195312 -0.0416717529296875 0.146163940429688
0.312164306640625 0.01702880859375 -0.0977859497070312 0.0534591674804688
0.280685424804688 0.21337890625 0.0478515625 0.00137329101562501
0.127288818359375 0.31085205078125 0.149551391601563 0.227447509765625
-0.106613159179687 0.20880126953125 0.3297119140625 0.248748779296875
-0.00488281250000002 0.239608764648438 0.3260498046875 0.26141357421875
0.127243041992188 0.192428588867188 0.24151611328125 0.109329223632813
0.20843505859375 0.031707763671875 0.18341064453125 0.0399322509765625
0.142959594726563 -0.105911254882813 0.11309814453125 0.0274810791015625
0.011566162109375 -0.190826416015625 0.102409362792969 0.0452117919921875
-0.086822509765625 -0.160614013671875 0.136634826660156 0.0680389404296875
-0.097808837890625 -0.143524169921875 0.173797607421875 0.0910797119140625
-0.125259399414062 -0.165435791015625 0.20977783203125 0.142074584960938
-0.090087890625 -0.197219848632813 0.150833129882813 0.211624145507813
0.0338134765625 -0.218963623046875 0.0692901611328125 0.242767333984375
0.148330688476563 -0.161758422851562 -0.0462493896484375 0.182357788085937
0.24261474609375 0.0563201904296875 -0.0970001220703125 0.0711212158203125
0.169189453125 0.218582153320313 0.0746307373046875 0.0481109619140625
0.0026702880859375 0.258941650390625 0.154510498046875 0.3297119140625
0.118545532226563 -0.1278076171875 -0.174560546875 -0.368682861328125
-0.056915283203125 -0.16986083984375 -0.060638427734375 -0.101486206054688
-0.145736694335938 -0.0395355224609375 0.105667114257813 -0.083740234375
-0.111907958984375 0.0783843994140625 0.086761474609375 -0.238845825195312
-0.0247879028320312 0.121414184570313 -0.07501220703125 -0.2913818359375
0.0583343505859375 0.113082885742188 -0.233993530273437 -0.248443603515625
0.055908203125 0.0811920166015625 -0.289794921875 -0.15673828125
0.0296478271484375 0.08648681640625 -0.243331909179687 -0.099609375
0.0203628540039062 0.101425170898438 -0.19232177734375 -0.082061767578125
-0.0460433959960938 0.0866928100585938 -0.148193359375 -0.0704345703125
-0.105064392089844 0.0209732055664062 -0.127464294433594 -0.0542831420898438
-0.0883712768554688 -0.0809860229492187 -0.164443969726563 -0.0681304931640625
0.026824951171875 -0.16387939453125 -0.246902465820313 -0.13653564453125
0.143630981445313 -0.146209716796875 -0.338897705078125 -0.245391845703125
0.203155517578125 -0.06170654296875 -0.310089111328125 -0.286529541015625
0.233917236328125 0.0122222900390625 -0.1041259765625 -0.399383544921875
0.0955123901367187 -0.111213684082031 -0.0165863037109375 -0.123847961425781
0.000621795654296878 -0.0654754638671875 0.137374877929688 -0.0953216552734375
-0.028289794921875 -0.0220909118652344 0.116622924804688 -0.265487670898438
-0.0156393051147461 0.00715541839599609 -0.05438232421875 -0.321685791015625
-0.00301218032836914 0.00842761993408203 -0.234710693359375 -0.277694702148437
-0.0365638732910156 0.00569915771484375 -0.302886962890625 -0.17279052734375
-0.0502090454101563 0.00635528564453125 -0.251754760742188 -0.10150146484375
-0.0636367797851562 0.00597763061523436 -0.195785522460937 -0.0855560302734375
-0.08282470703125 -0.0322341918945313 -0.152999877929688 -0.0776214599609375
-0.0642547607421875 -0.0949249267578125 -0.115684509277344 -0.04583740234375
0.0123291015625 -0.14996337890625 -0.140579223632813 -0.0484161376953125
0.1641845703125 -0.126510620117188 -0.223358154296875 -0.0900115966796876
0.274566650390625 -0.044097900390625 -0.300811767578125 -0.197418212890625
0.298004150390625 0.0740966796875 -0.246505737304687 -0.257568359375
0.3118896484375 0.166351318359375 0.00180053710937502 -0.37554931640625
0.242813110351563 -0.00885009765625 0.0600051879882813 -0.115188598632813
0.170379638671875 -0.06268310546875 0.1845703125 -0.090972900390625
0.0851821899414063 -0.120010375976563 0.16070556640625 -0.2711181640625
0.0129165649414062 -0.118080139160156 -0.0130615234375 -0.324981689453125
-0.05682373046875 -0.1077880859375 -0.201507568359375 -0.28448486328125
-0.121086120605469 -0.076171875 -0.274612426757813 -0.172332763671875
-0.124862670898438 -0.0737533569335937 -0.223678588867188 -0.089385986328125
-0.143280029296875 -0.083892822265625 -0.163818359375 -0.067840576171875
-0.124198913574219 -0.135665893554688 -0.133056640625 -0.055511474609375
-0.0418243408203125 -0.1981201171875 -0.0941543579101562 -0.0114517211914063
0.0793304443359375 -0.219528198242188 -0.116767883300781 -0.0117263793945313
0.268096923828125 -0.1156005859375 -0.198318481445312 -0.037506103515625
0.373443603515625 0.022796630859375 -0.24346923828125 -0.14111328125
0.358978271484375 0.177520751953125 -0.163482666015625 -0.189849853515625
0.334197998046875 0.307464599609375 0.124481201171875 -0.290008544921875
0.347015380859375 0.121246337890625 0.158782958984375 -0.0671234130859375
0.32958984375 -0.019927978515625 0.238296508789063 -0.06488037109375
0.214370727539063 -0.185165405273438 0.209030151367188 -0.242095947265625
0.0626220703125 -0.227157592773438 0.0379638671875 -0.291656494140625
-0.0887908935546875 -0.21783447265625 -0.139907836914063 -0.258209228515625
-0.183639526367187 -0.151565551757813 -0.209396362304687 -0.151031494140625
-0.17999267578125 -0.140213012695313 -0.161087036132812 -0.065643310546875
-0.207611083984375 -0.155685424804688 -0.101470947265625 -0.035064697265625
-0.1636962890625 -0.213592529296875 -0.08843994140625 -0.0123519897460938
-0.03387451171875 -0.277740478515625 -0.0586891174316406 0.0365486145019531
0.117874145507813 -0.274063110351563 -0.0909271240234375 0.0312652587890625
0.333343505859375 -0.111968994140625 -0.167617797851562 0.00360107421874998
0.42645263671875 0.06787109375 -0.1689453125 -0.0975799560546875
0.375244140625 0.249114990234375 -0.067138671875 -0.10028076171875
0.290863037109375 0.398468017578125 0.240554809570313 -0.154617309570313
0.36920166015625 0.246978759765625 0.257308959960938 0.017974853515625
0.422943115234375 0.060943603515625 0.28070068359375 -0.0146636962890625
0.322357177734375 -0.19329833984375 0.242507934570313 -0.177703857421875
0.1224365234375 -0.28814697265625 0.0891265869140625 -0.222137451171875
-0.092010498046875 -0.296234130859375 -0.0615692138671875 -0.197372436523438
-0.214492797851563 -0.206756591796875 -0.116615295410156 -0.108650207519531
-0.20843505859375 -0.185394287109375 -0.0749435424804688 -0.0306472778320313
-0.243515014648438 -0.202728271484375 -0.017608642578125 0.00675773620605467
-0.187454223632812 -0.259002685546875 -0.0241889953613281 0.04156494140625
-0.02923583984375 -0.32171630859375 -0.0152359008789063 0.0896377563476562
0.140228271484375 -0.301025390625 -0.0654983520507813 0.0743026733398437
0.362518310546875 -0.0955810546875 -0.137893676757812 0.0298690795898438
0.431610107421875 0.108795166015625 -0.0885772705078125 -0.0686721801757813
0.344757080078125 0.294281005859375 0.0304412841796875 0.00134658813476564
0.187255859375 0.415283203125 0.325592041015625 0.00390625000000003
0.300567626953125 0.32269287109375 0.330413818359375 0.12103271484375
0.4146728515625 0.1466064453125 0.297821044921875 0.0430908203125
0.365234375 -0.142364501953125 0.249465942382813 -0.0943145751953125
0.1666259765625 -0.281707763671875 0.12127685546875 -0.129753112792969
-0.071441650390625 -0.3204345703125 0.0138015747070312 -0.113571166992188
-0.207611083984375 -0.228500366210938 -0.0147933959960938 -0.0502281188964844
-0.20526123046875 -0.200302124023438 0.0216197967529297 0.00995445251464843
-0.24468994140625 -0.21905517578125 0.0737533569335937 0.0513992309570312
-0.187301635742187 -0.2718505859375 0.0486602783203125 0.0994186401367188
-0.016845703125 -0.328033447265625 0.028717041015625 0.144683837890625
0.154205322265625 -0.28961181640625 -0.0462875366210937 0.115196228027344
0.362152099609375 -0.0584716796875 -0.115409851074219 0.0453109741210937
0.389862060546875 0.157257080078125 -0.0134468078613281 -0.0420265197753906
0.267333984375 0.319091796875 0.114776611328125 0.110771179199219
0.050628662109375 0.350982666015625 0.36669921875 0.1461181640625
0.170257568359375 0.32037353515625 0.362823486328125 0.209991455078125
0.30841064453125 0.193634033203125 0.2861328125 0.08734130859375
0.324462890625 -0.0635986328125 0.22900390625 -0.01580810546875
0.17138671875 -0.217239379882813 0.129745483398438 -0.0403518676757813
-0.03857421875 -0.28436279296875 0.07305908203125 -0.0284423828125
-0.16766357421875 -0.210662841796875 0.077239990234375 0.0107421875
-0.172439575195312 -0.184371948242188 0.113067626953125 0.0495147705078125
-0.210494995117188 -0.203903198242188 0.15948486328125 0.094268798828125
-0.160507202148438 -0.250579833984375 0.1160888671875 0.157119750976562
-0.00122070312500002 -0.297637939453125 0.0662841796875 0.19879150390625
0.156692504882813 -0.247772216796875 -0.0358428955078125 0.155364990234375
0.328125 -0.009552001953125 -0.10125732421875 0.0602569580078125
0.31011962890625 0.197021484375 0.0448799133300781 -0.00595092773437499
0.1556396484375 0.313995361328125 0.168441772460938 0.225082397460938
-0.09014892578125 0.226089477539063 0.3624267578125 0.240997314453125
0.0164031982421875 0.248260498046875 0.355804443359375 0.255279541015625
0.149642944335938 0.188446044921875 0.257858276367188 0.104782104492188
0.219207763671875 0.01165771484375 0.19622802734375 0.0337371826171875
0.137748718261719 -0.122291564941406 0.123001098632813 0.0213241577148437
-0.006378173828125 -0.197906494140625 0.112930297851563 0.037841796875
-0.103652954101562 -0.157974243164063 0.146499633789063 0.0599212646484375
-0.113357543945313 -0.139015197753906 0.18505859375 0.0819244384765625
-0.1446533203125 -0.159591674804688 0.228286743164063 0.131393432617188
-0.110427856445313 -0.194854736328125 0.17193603515625 0.21234130859375
0.0149078369140625 -0.229827880859375 0.0894012451171875 0.248916625976563
0.140121459960938 -0.179916381835938 -0.0372314453125 0.19354248046875
0.257553100585938 0.0378265380859375 -0.0994949340820312 0.0784835815429687
0.193801879882813 0.210845947265625 0.0767822265625 0.0411300659179688
0.0223541259765625 0.267623901367188 0.181488037109375 0.330230712890625
0.107818603515625 -0.143157958984375 -0.221435546875 -0.36444091796875
-0.0772247314453125 -0.168136596679688 -0.073638916015625 -0.0969619750976563
-0.152313232421875 -0.02392578125 0.105545043945312 -0.0946884155273437
-0.103996276855469 0.0935134887695312 0.0705108642578125 -0.256805419921875
-0.0105819702148438 0.126907348632812 -0.103729248046875 -0.294952392578125
0.0716018676757813 0.106986999511719 -0.264846801757813 -0.233734130859375
0.0657806396484375 0.0750808715820313 -0.315277099609375 -0.1326904296875
0.0416259765625 0.0842437744140625 -0.259765625 -0.0772552490234375
0.0328826904296875 0.0999679565429688 -0.207382202148437 -0.0629119873046875
-0.035308837890625 0.09295654296875 -0.161392211914063 -0.0566558837890625
-0.103103637695313 0.033721923828125 -0.1431884765625 -0.0439605712890625
-0.0983963012695312 -0.0728988647460938 -0.183425903320313 -0.05841064453125
0.00930786132812499 -0.16900634765625 -0.266860961914063 -0.12469482421875
0.130355834960938 -0.163726806640625 -0.37237548828125 -0.226531982421875
0.202545166015625 -0.0827789306640625 -0.35101318359375 -0.27154541015625
0.241851806640625 -0.009490966796875 -0.1497802734375 -0.404541015625
0.0875244140625 -0.123435974121094 -0.0305328369140625 -0.12396240234375
-0.00378036499023437 -0.0668525695800781 0.13714599609375 -0.108078002929688
-0.0288105010986328 -0.0204544067382813 0.098480224609375 -0.285888671875
-0.0136823654174805 0.00627326965332031 -0.08380126953125 -0.32696533203125
-0.00362920761108398 0.00510549545288086 -0.26934814453125 -0.264297485351562
-0.037261962890625 0.0063934326171875 -0.329437255859375 -0.14697265625
-0.0507354736328125 0.0104026794433594 -0.269668579101563 -0.0769348144531249
-0.0654640197753906 0.0110206604003906 -0.210220336914063 -0.0652313232421875
-0.0875930786132813 -0.0262451171875 -0.16778564453125 -0.0605010986328125
-0.0730819702148438 -0.09100341796875 -0.131072998046875 -0.0343551635742188
-0.0011138916015625 -0.155960083007813 -0.157180786132813 -0.04150390625
0.156234741210938 -0.145309448242188 -0.240158081054688 -0.07940673828125
0.27752685546875 -0.0714569091796875 -0.32891845703125 -0.180938720703125
0.315460205078125 0.04833984375 -0.284088134765625 -0.248565673828125
0.339935302734375 0.142791748046875 -0.0377197265625 -0.389129638671875
0.249664306640625 -0.0330963134765625 0.0510025024414063 -0.120979309082031
0.173171997070313 -0.0822296142578125 0.185791015625 -0.107040405273438
0.0789031982421875 -0.133583068847656 0.142913818359375 -0.294647216796875
0.0030975341796875 -0.125633239746094 -0.042327880859375 -0.33380126953125
-0.0711135864257812 -0.110061645507812 -0.2337646484375 -0.272842407226563
-0.133140563964844 -0.0688095092773438 -0.29998779296875 -0.149169921875
-0.136032104492188 -0.0640106201171875 -0.238815307617188 -0.0673828125
-0.157669067382813 -0.0724029541015625 -0.17669677734375 -0.049102783203125
-0.142532348632813 -0.127975463867188 -0.145828247070313 -0.0379486083984375
-0.0621337890625 -0.201400756835938 -0.104660034179688 0.000473022460937506
0.0606231689453125 -0.235946655273437 -0.129959106445313 -0.00422668457031251
0.26708984375 -0.14617919921875 -0.2108154296875 -0.0269317626953125
0.388336181640625 -0.014373779296875 -0.266342163085938 -0.128173828125
0.389434814453125 0.1512451171875 -0.1934814453125 -0.184707641601563
0.377288818359375 0.286285400390625 0.0979309082031251 -0.313018798828125
0.370880126953125 0.09051513671875 0.156951904296875 -0.0801239013671875
0.340545654296875 -0.054473876953125 0.24359130859375 -0.084014892578125
0.203704833984375 -0.215255737304687 0.195632934570313 -0.268081665039063
0.0428314208984375 -0.243499755859375 0.01580810546875 -0.3048095703125
-0.115814208984375 -0.219467163085937 -0.166305541992188 -0.252975463867188
-0.205810546875 -0.138916015625 -0.22967529296875 -0.133621215820313
-0.200592041015625 -0.127151489257813 -0.172271728515625 -0.0476531982421875
-0.23175048828125 -0.139236450195313 -0.10870361328125 -0.0219497680664063
-0.192672729492187 -0.203277587890625 -0.0951385498046875 0.00294494628906249
-0.063720703125 -0.284576416015625 -0.0627098083496094 0.0477142333984375
0.093994140625 -0.298431396484375 -0.0982284545898438 0.0393447875976562
0.335693359375 -0.151885986328125 -0.177169799804687 0.0146331787109375
0.450531005859375 0.02508544921875 -0.1873779296875 -0.0900115966796875
0.4146728515625 0.223785400390625 -0.0850753784179687 -0.100486755371094
0.341156005859375 0.384765625 0.23150634765625 -0.183395385742187
0.406494140625 0.217559814453125 0.267044067382813 -0.00149536132812499
0.447021484375 0.017578125 0.29168701171875 -0.034820556640625
0.314208984375 -0.234954833984375 0.236907958984375 -0.203582763671875
0.097625732421875 -0.311553955078125 0.07470703125 -0.236404418945313
-0.127349853515625 -0.29913330078125 -0.0807647705078125 -0.198928833007813
-0.243011474609375 -0.191970825195312 -0.130340576171875 -0.0984649658203125
-0.234420776367187 -0.168792724609375 -0.0802001953125 -0.0200271606445313
-0.274993896484375 -0.182586669921875 -0.0178928375244141 0.0122165679931641
-0.223312377929687 -0.246627807617188 -0.0229682922363281 0.0522041320800781
-0.064971923828125 -0.330902099609375 -0.0103073120117188 0.0986709594726562
0.11285400390625 -0.32794189453125 -0.06585693359375 0.082061767578125
0.3675537109375 -0.14013671875 -0.144546508789062 0.0400238037109375
0.460601806640625 0.065887451171875 -0.102485656738281 -0.0666732788085937
0.38739013671875 0.2730712890625 0.0266857147216797 -0.00435829162597655
0.2388916015625 0.412872314453125 0.3355712890625 -0.02655029296875
0.345550537109375 0.303497314453125 0.350830078125 0.09881591796875
0.44561767578125 0.107421875 0.313201904296875 0.024169921875
0.36285400390625 -0.18768310546875 0.251419067382813 -0.116668701171875
0.143341064453125 -0.31005859375 0.116256713867188 -0.144271850585938
-0.10943603515625 -0.32476806640625 0.00557708740234375 -0.119384765625
-0.237869262695313 -0.213180541992188 -0.020233154296875 -0.0486183166503906
-0.233154296875 -0.184463500976562 0.0227375030517578 0.0106849670410156
-0.277420043945313 -0.199172973632812 0.080841064453125 0.0478591918945312
-0.224716186523437 -0.258499145507813 0.05841064453125 0.103302001953125
-0.05401611328125 -0.3385009765625 0.0420989990234375 0.150863647460938
0.1278076171875 -0.31866455078125 -0.0408554077148437 0.122222900390625
0.370025634765625 -0.10186767578125 -0.119697570800781 0.0553054809570313
0.4217529296875 0.11932373046875 -0.0224227905273437 -0.0458259582519531
0.30950927734375 0.3045654296875 0.124900817871094 0.101753234863281
0.09246826171875 0.358978271484375 0.393798828125 0.119171142578125
0.21112060546875 0.313385009765625 0.3927001953125 0.187469482421875
0.341796875 0.1661376953125 0.304107666015625 0.071533203125
0.328460693359375 -0.1025390625 0.237701416015625 -0.033843994140625
0.154678344726563 -0.244598388671875 0.133148193359375 -0.053955078125
-0.07293701171875 -0.289337158203125 0.0754241943359375 -0.0383071899414063
-0.19573974609375 -0.198623657226562 0.080596923828125 0.00457000732421874
-0.197235107421875 -0.170867919921875 0.120857238769531 0.0413818359375
-0.239593505859375 -0.186630249023438 0.173675537109375 0.0827789306640625
-0.194427490234375 -0.238128662109375 0.135452270507813 0.155609130859375
-0.034576416015625 -0.30712890625 0.0869598388671875 0.202239990234375
0.13525390625 -0.2747802734375 -0.0250091552734375 0.164321899414062
0.33984375 -0.047271728515625 -0.103500366210937 0.0707321166992188
0.34112548828125 0.167327880859375 0.0409278869628906 -0.0132713317871094
0.192901611328125 0.309417724609375 0.193405151367188 0.214614868164063
-0.065704345703125 0.242843627929687 0.400543212890625 0.21832275390625
0.045074462890625 0.255111694335937 0.391082763671875 0.236297607421875
0.176742553710938 0.175689697265625 0.277191162109375 0.09197998046875
0.22625732421875 -0.014617919921875 0.209396362304688 0.0211639404296875
0.129547119140625 -0.142135620117188 0.133834838867188 0.0108184814453125
-0.029541015625 -0.2030029296875 0.123138427734375 0.025909423828125
-0.124114990234375 -0.14898681640625 0.157989501953125 0.0472564697265625
-0.1322021484375 -0.129783630371094 0.198287963867187 0.06622314453125
-0.167007446289063 -0.147262573242188 0.248504638671875 0.114654541015625
-0.136764526367187 -0.187271118164063 0.19720458984375 0.203506469726563
-0.01031494140625 -0.238311767578125 0.116592407226562 0.250411987304688
0.125320434570313 -0.200347900390625 -0.0220184326171875 0.204620361328125
0.271011352539063 0.0098724365234375 -0.0994415283203125 0.089630126953125
0.221481323242188 0.192367553710938 0.0790328979492188 0.0314102172851563
0.0502777099609375 0.273941040039063 0.220916748046875 0.322418212890625
0.0909881591796875 -0.156036376953125 -0.268707275390625 -0.34210205078125
-0.0965118408203125 -0.158599853515625 -0.0869293212890625 -0.0867919921875
-0.153762817382813 -0.00514221191406249 0.0995330810546875 -0.105911254882813
-0.0908737182617187 0.106590270996094 0.0463409423828125 -0.2684326171875
0.00635528564453126 0.126968383789063 -0.135040283203125 -0.288238525390625
0.0844039916992188 0.097198486328125 -0.292755126953125 -0.2061767578125
0.073272705078125 0.0644454956054688 -0.332183837890625 -0.0974426269531249
0.0530242919921875 0.0778274536132813 -0.269912719726563 -0.046142578125
0.0464630126953125 0.0948028564453125 -0.216339111328125 -0.0382080078125
-0.02276611328125 0.095306396484375 -0.170211791992188 -0.037200927734375
-0.0957489013671875 0.0456695556640625 -0.155715942382813 -0.02642822265625
-0.106857299804688 -0.059295654296875 -0.197189331054688 -0.042327880859375
-0.01123046875 -0.1690673828125 -0.2828369140625 -0.103912353515625
0.110366821289062 -0.178192138671875 -0.3997802734375 -0.193023681640625
0.194061279296875 -0.10723876953125 -0.3868408203125 -0.240936279296875
0.2413330078125 -0.0352935791015625 -0.199859619140625 -0.391632080078125
0.0733718872070313 -0.132247924804688 -0.0467910766601562 -0.119155883789063
-0.00876617431640625 -0.0664825439453125 0.130577087402344 -0.121253967285156
-0.0273857116699219 -0.0180549621582031 0.0714111328125 -0.30035400390625
-0.0101356506347656 0.00574302673339844 -0.1192626953125 -0.3204345703125
-0.00514793395996094 0.00140476226806641 -0.299957275390625 -0.2362060546875
-0.0396270751953125 0.00766372680664063 -0.347198486328125 -0.109222412109375
-0.0490074157714844 0.0149307250976563 -0.277252197265625 -0.04595947265625
-0.0650863647460938 0.0171623229980469 -0.219497680664063 -0.0384521484375
-0.0895233154296875 -0.0171127319335937 -0.177261352539062 -0.0379638671875
-0.0812530517578125 -0.08355712890625 -0.14178466796875 -0.0180206298828125
-0.01751708984375 -0.156936645507812 -0.171585083007813 -0.027435302734375
0.142486572265625 -0.162429809570312 -0.252578735351563 -0.0606842041015625
0.270095825195313 -0.10308837890625 -0.352386474609375 -0.152923583984375
0.3240966796875 0.0150146484375 -0.319976806640625 -0.2236328125
0.359039306640625 0.1065673828125 -0.0864257812499999 -0.389312744140625
0.24658203125 -0.060516357421875 0.036773681640625 -0.124458312988281
0.167556762695313 -0.102325439453125 0.181640625 -0.125198364257813
0.0660858154296875 -0.145599365234375 0.1162109375 -0.312347412109375
-0.00928497314453125 -0.129203796386719 -0.07672119140625 -0.3331298828125
-0.0872955322265625 -0.105850219726562 -0.26458740234375 -0.25067138671875
-0.143234252929688 -0.056396484375 -0.317626953125 -0.11456298828125
-0.143310546875 -0.050140380859375 -0.24615478515625 -0.0379638671875
-0.168670654296875 -0.0548858642578125 -0.18310546875 -0.0264129638671875
-0.159408569335938 -0.113006591796875 -0.153121948242188 -0.015167236328125
-0.085205078125 -0.197662353515625 -0.111274719238281 0.0159759521484375
0.035614013671875 -0.24591064453125 -0.13861083984375 0.00714874267578125
0.253631591796875 -0.177947998046875 -0.219161987304687 -0.0109710693359375
0.390777587890625 -0.05902099609375 -0.284698486328125 -0.105804443359375
0.411651611328125 0.1097412109375 -0.221847534179688 -0.169784545898438
0.41485595703125 0.2459716796875 0.0609130859375 -0.32733154296875
0.38250732421875 0.049591064453125 0.14788818359375 -0.0944061279296875
0.33953857421875 -0.094818115234375 0.240646362304688 -0.105331420898438
0.183578491210938 -0.242294311523438 0.171630859375 -0.2911376953125
0.0162506103515625 -0.252349853515625 -0.01495361328125 -0.309600830078125
-0.144561767578125 -0.209381103515625 -0.195755004882812 -0.23736572265625
-0.224822998046875 -0.11846923828125 -0.245330810546875 -0.105728149414063
-0.216384887695313 -0.1051025390625 -0.17742919921875 -0.0252838134765625
-0.252059936523438 -0.111557006835937 -0.1112060546875 -0.00635528564453126
-0.219924926757812 -0.181915283203125 -0.0970611572265625 0.0214920043945312
-0.097747802734375 -0.2813720703125 -0.062225341796875 0.0592231750488281
0.05963134765625 -0.3153076171875 -0.101470947265625 0.0491943359375
0.3228759765625 -0.193267822265625 -0.181869506835937 0.0283660888671875
0.459259033203125 -0.0286865234375 -0.202316284179687 -0.0748138427734375
0.4471435546875 0.181488037109375 -0.103462219238281 -0.09552001953125
0.3914794921875 0.34912109375 0.211029052734375 -0.210418701171875
0.435455322265625 0.173126220703125 0.267364501953125 -0.0269317626953125
0.45562744140625 -0.032684326171875 0.29400634765625 -0.06011962890625
0.29083251953125 -0.27520751953125 0.220062255859375 -0.228317260742188
0.063751220703125 -0.326904296875 0.052764892578125 -0.246017456054687
-0.16741943359375 -0.28692626953125 -0.100921630859375 -0.192398071289063
-0.267379760742188 -0.165390014648438 -0.14208984375 -0.0823974609375
-0.256393432617188 -0.14288330078125 -0.0822525024414063 -0.00696563720703126
-0.301055908203125 -0.15057373046875 -0.0158843994140625 0.0172910690307617
-0.25616455078125 -0.220565795898438 -0.0175971984863281 0.0611991882324219
-0.106903076171875 -0.3280029296875 -0.00145721435546876 0.104637145996094
0.07452392578125 -0.3470458984375 -0.0631561279296875 0.0889129638671875
0.356109619140625 -0.187255859375 -0.14697265625 0.053192138671875
0.473052978515625 0.00970458984375 -0.115020751953125 -0.0592575073242187
0.424530029296875 0.23358154296875 0.0207157135009766 -0.00856781005859374
0.28973388671875 0.388824462890625 0.335052490234375 -0.062957763671875
0.383270263671875 0.264617919921875 0.364288330078125 0.064666748046875
0.463623046875 0.054595947265625 0.31988525390625 -0.003936767578125
0.34429931640625 -0.234619140625 0.243682861328125 -0.141448974609375
0.10626220703125 -0.33001708984375 0.105316162109375 -0.158279418945313
-0.151336669921875 -0.3157958984375 -0.0053863525390625 -0.1241455078125
-0.2650146484375 -0.186996459960937 -0.0264663696289063 -0.0450210571289063
-0.255783081054688 -0.158920288085938 0.0239620208740234 0.0126819610595703
-0.30621337890625 -0.166748046875 0.0869064331054687 0.042266845703125
-0.258758544921875 -0.231231689453125 0.0699234008789062 0.10504150390625
-0.09906005859375 -0.336456298828125 0.059417724609375 0.151901245117188
0.0914306640625 -0.340545654296875 -0.0314483642578125 0.1285400390625
0.36309814453125 -0.149444580078125 -0.119865417480469 0.0661392211914062
0.4388427734375 0.069671630859375 -0.0331306457519531 -0.0465316772460937
0.349395751953125 0.27398681640625 0.133125305175781 0.0873870849609375
0.14007568359375 0.351165771484375 0.41259765625 0.0782470703125
0.249908447265625 0.291412353515625 0.417022705078125 0.150146484375
0.3646240234375 0.126495361328125 0.317230224609375 0.046051025390625
0.31884765625 -0.14630126953125 0.23968505859375 -0.055755615234375
0.126144409179688 -0.266952514648438 0.132499694824219 -0.0690536499023438
-0.110321044921875 -0.2823486328125 0.073638916015625 -0.0491714477539063
-0.220840454101563 -0.176361083984375 0.083099365234375 -0.00495910644531251
-0.2181396484375 -0.14874267578125 0.125442504882812 0.0304946899414062
-0.265579223632813 -0.158035278320313 0.184066772460937 0.065338134765625
-0.226211547851563 -0.213973999023437 0.154159545898438 0.145645141601563
-0.07293701171875 -0.307159423828125 0.111221313476563 0.197341918945312
0.102813720703125 -0.29400634765625 -0.0094757080078125 0.168777465820312
0.338226318359375 -0.091644287109375 -0.101234436035156 0.0815582275390625
0.36279296875 0.12591552734375 0.0358161926269531 -0.0204277038574219
0.2315673828125 0.290618896484375 0.21710205078125 0.194580078125
-0.0341033935546875 0.251373291015625 0.431671142578125 0.180389404296875
0.0781097412109375 0.24981689453125 0.422210693359375 0.20062255859375
0.200958251953125 0.155136108398437 0.2913818359375 0.069305419921875
0.2255859375 -0.044219970703125 0.218353271484375 0.002777099609375
0.111236572265625 -0.159439086914063 0.140235900878906 -0.00370025634765626
-0.0574493408203125 -0.1998291015625 0.128166198730469 0.00875854492187499
-0.14306640625 -0.1339111328125 0.166030883789063 0.0299530029296875
-0.147872924804688 -0.113494873046875 0.206680297851563 0.0457305908203125
-0.186172485351563 -0.127548217773438 0.264053344726563 0.0890655517578125
-0.160369873046875 -0.169235229492188 0.220382690429688 0.185958862304688
-0.0408477783203125 -0.2406005859375 0.145370483398438 0.241744995117188
0.102188110351563 -0.21746826171875 -0.00195312499999998 0.208328247070313
0.276123046875 -0.0235443115234375 -0.0943603515625 0.10052490234375
0.245498657226563 0.16534423828125 0.0785369873046875 0.0199661254882813
0.081390380859375 0.26971435546875 0.257537841796875 0.300079345703125
0.07135009765625 -0.161346435546875 -0.2998046875 -0.305755615234375
-0.113845825195313 -0.143356323242188 -0.0944061279296875 -0.0699310302734375
-0.148178100585938 0.0113677978515625 0.0910720825195312 -0.111640930175781
-0.0736770629882813 0.111846923828125 0.0215911865234375 -0.271270751953125
0.0226821899414062 0.124038696289062 -0.160125732421875 -0.272262573242187
0.0931320190429688 0.0839767456054688 -0.30865478515625 -0.1732177734375
0.0768890380859375 0.0524139404296875 -0.33538818359375 -0.0621643066406249
0.06158447265625 0.0686912536621094 -0.268112182617188 -0.0171356201171875
0.0555419921875 0.086517333984375 -0.215301513671875 -0.0130462646484375
-0.00921630859375001 0.093292236328125 -0.171661376953125 -0.01666259765625
-0.0863418579101563 0.0561599731445313 -0.161346435546875 -0.00657653808593747
-0.108695983886719 -0.0450210571289062 -0.204208374023438 -0.0244598388671875
-0.028045654296875 -0.16192626953125 -0.28936767578125 -0.079254150390625
0.0883941650390625 -0.183258056640625 -0.411529541015625 -0.15631103515625
0.179168701171875 -0.124908447265625 -0.40643310546875 -0.201690673828125
0.234146118164063 -0.0564422607421875 -0.240478515625 -0.36248779296875
0.055938720703125 -0.135307312011719 -0.057830810546875 -0.10772705078125
-0.0117149353027344 -0.0628242492675781 0.121383666992187 -0.130233764648438
-0.0254592895507813 -0.0164089202880859 0.040985107421875 -0.304412841796875
-0.00781774520874023 0.00246524810791016 -0.147125244140625 -0.306365966796875
-0.00703573226928711 -0.000415802001953124 -0.31744384765625 -0.19989013671875
-0.0369338989257813 0.00770187377929687 -0.35113525390625 -0.0703124999999999
-0.0450363159179688 0.01904296875 -0.274810791015625 -0.0119781494140626
-0.0599594116210938 0.0221290588378906 -0.218124389648438 -0.011810302734375
-0.089447021484375 -0.00711822509765625 -0.178985595703125 -0.0138702392578125
-0.0873260498046875 -0.0751953125 -0.147171020507813 0.000732421874999979
-0.0324249267578125 -0.14990234375 -0.17816162109375 -0.0108795166015625
0.122665405273438 -0.171173095703125 -0.256622314453125 -0.0427093505859375
0.253448486328125 -0.128143310546875 -0.362579345703125 -0.121673583984375
0.320892333984375 -0.01849365234375 -0.34051513671875 -0.191925048828125
0.364349365234375 0.06915283203125 -0.12921142578125 -0.372772216796875
0.235702514648438 -0.084564208984375 0.021392822265625 -0.122596740722656
0.156158447265625 -0.118682861328125 0.169479370117188 -0.137298583984375
0.05218505859375 -0.150802612304688 0.086669921875 -0.319305419921875
-0.02301025390625 -0.128654479980469 -0.10601806640625 -0.31866455078125
-0.0982513427734375 -0.0966873168945313 -0.28564453125 -0.219390869140625
-0.149032592773437 -0.0426025390625 -0.32354736328125 -0.0771484375
-0.145721435546875 -0.0343170166015625 -0.245071411132813 -0.00819396972656254
-0.172882080078125 -0.0349273681640625 -0.18218994140625 -0.00384521484375004
-0.167938232421875 -0.0933685302734375 -0.152084350585938 0.00746154785156248
-0.103561401367188 -0.186080932617188 -0.111473083496094 0.0301666259765625
0.00817871093749998 -0.244400024414062 -0.146270751953125 0.0205535888671875
0.230667114257813 -0.20233154296875 -0.220046997070312 0.00541687011718752
0.37799072265625 -0.0980224609375 -0.294342041015625 -0.0810546875
0.416748046875 0.06927490234375 -0.240509033203125 -0.1473388671875
0.434326171875 0.201995849609375 0.0238342285156251 -0.3306884765625
0.37860107421875 0.008544921875 0.133377075195313 -0.103775024414063
0.32470703125 -0.128570556640625 0.228225708007813 -0.12335205078125
0.155746459960938 -0.2606201171875 0.143707275390625 -0.299102783203125
-0.0109405517578125 -0.252899169921875 -0.04180908203125 -0.303131103515625
-0.167861938476563 -0.193038940429687 -0.21441650390625 -0.213485717773438
-0.234375 -0.0925750732421875 -0.250015258789063 -0.0771331787109375
-0.223983764648438 -0.0814971923828125 -0.175704956054688 -0.00291442871093754
-0.264389038085937 -0.082305908203125 -0.110679626464844 0.0108489990234375
-0.237091064453125 -0.15338134765625 -0.0949783325195313 0.0379409790039062
-0.12811279296875 -0.2674560546875 -0.0584983825683594 0.0697059631347656
0.026580810546875 -0.3182373046875 -0.105087280273438 0.0590133666992187
0.296600341796875 -0.227294921875 -0.180572509765625 0.0411529541015624
0.446868896484375 -0.0762939453125 -0.210845947265625 -0.0576629638671875
0.4583740234375 0.13409423828125 -0.117027282714844 -0.0850906372070312
0.420989990234375 0.303863525390625 0.181411743164063 -0.230209350585937
0.445159912109375 0.124359130859375 0.25946044921875 -0.0513458251953125
0.44366455078125 -0.080169677734375 0.28765869140625 -0.082366943359375
0.256744384765625 -0.30548095703125 0.199798583984375 -0.240829467773438
0.027435302734375 -0.33209228515625 0.0305938720703125 -0.24615478515625
-0.199661254882813 -0.267501831054688 -0.118667602539063 -0.180770874023438
-0.282379150390625 -0.13531494140625 -0.14483642578125 -0.0652313232421875
-0.2677001953125 -0.112197875976562 -0.0808792114257813 0.00314331054687501
-0.313720703125 -0.11383056640625 -0.0146579742431641 0.0193576812744141
-0.276092529296875 -0.186325073242188 -0.00943374633789064 0.0683021545410156
-0.1405029296875 -0.311920166015625 0.00459289550781249 0.109375
0.034820556640625 -0.35418701171875 -0.0617828369140625 0.0936126708984375
0.33001708984375 -0.22344970703125 -0.145965576171875 0.0638427734375
0.4630126953125 -0.044281005859375 -0.122550964355469 -0.0485153198242188
0.442138671875 0.1898193359375 0.0162954330444336 -0.0131692886352539
0.331298828125 0.349700927734375 0.3221435546875 -0.095458984375
0.403350830078125 0.220062255859375 0.3621826171875 0.03033447265625
0.4627685546875 0.0042724609375 0.316162109375 -0.029205322265625
0.31231689453125 -0.2691650390625 0.227554321289063 -0.157928466796875
0.07000732421875 -0.3408203125 0.090179443359375 -0.165008544921875
-0.1865234375 -0.291107177734375 -0.0187149047851563 -0.122238159179688
-0.281036376953125 -0.156219482421875 -0.0295066833496094 -0.0428390502929688
-0.270034790039062 -0.126358032226563 0.024139404296875 0.0109405517578125
-0.320281982421875 -0.128753662109375 0.0919952392578125 0.0345077514648438
-0.277908325195312 -0.19793701171875 0.0792617797851562 0.0998382568359375
-0.135894775390625 -0.32073974609375 0.0738983154296875 0.145706176757812
0.04888916015625 -0.34539794921875 -0.025054931640625 0.130264282226562
0.3431396484375 -0.188629150390625 -0.1165771484375 0.0783157348632812
0.440216064453125 0.017974853515625 -0.0437431335449218 -0.0448799133300781
0.37420654296875 0.232940673828125 0.135040283203125 0.0731201171875
0.17669677734375 0.3287353515625 0.413482666015625 0.037078857421875
0.276870727539063 0.259353637695313 0.42413330078125 0.111358642578125
0.373870849609375 0.085662841796875 0.31787109375 0.01922607421875
0.29693603515625 -0.181610107421875 0.236160278320313 -0.075653076171875
0.0929107666015625 -0.277374267578125 0.1258544921875 -0.0813446044921875
-0.140182495117188 -0.262344360351563 0.0685081481933594 -0.0585289001464844
-0.237747192382813 -0.1475830078125 0.0817413330078125 -0.012664794921875
-0.229782104492188 -0.121551513671875 0.126686096191406 0.0173873901367187
-0.27935791015625 -0.124725341796875 0.189422607421875 0.046966552734375
-0.244491577148438 -0.18243408203125 0.165908813476562 0.1309814453125
-0.107208251953125 -0.293212890625 0.129425048828125 0.184478759765625
0.070098876953125 -0.30206298828125 0.00442504882812499 0.168991088867187
0.323089599609375 -0.126556396484375 -0.0981369018554688 0.0888290405273437
0.371429443359375 0.080718994140625 0.0265235900878907 -0.0248031616210937
0.259735107421875 0.261642456054688 0.22821044921875 0.166839599609375
-0.00473022460937498 0.250152587890625 0.44378662109375 0.132781982421875
0.105270385742187 0.235748291015625 0.4342041015625 0.16009521484375
0.2139892578125 0.131393432617187 0.295989990234375 0.046783447265625
0.2132568359375 -0.0724639892578125 0.217178344726563 -0.014312744140625
0.08746337890625 -0.168960571289063 0.142257690429688 -0.0166473388671875
-0.0818328857421875 -0.188766479492187 0.128868103027344 -0.00649261474609376
-0.156707763671875 -0.114181518554687 0.165786743164063 0.0128936767578125
-0.158370971679688 -0.09381103515625 0.207595825195313 0.026885986328125
-0.198806762695313 -0.101318359375 0.267242431640625 0.0614166259765625
-0.175735473632813 -0.147171020507813 0.236419677734375 0.16497802734375
-0.0699920654296875 -0.22845458984375 0.167648315429687 0.22357177734375
0.076141357421875 -0.228164672851562 0.0180206298828125 0.2052001953125
0.269546508789063 -0.05596923828125 -0.0884857177734375 0.107826232910156
0.260345458984375 0.13330078125 0.0746307373046875 0.00643920898437501
0.110015869140625 0.257171630859375 0.2830810546875 0.26702880859375
0.0554962158203125 -0.160125732421875 -0.320220947265625 -0.27215576171875
-0.121223449707031 -0.12799072265625 -0.0985336303710938 -0.0567398071289063
-0.140960693359375 0.0240631103515625 0.0858917236328125 -0.114570617675781
-0.0604705810546875 0.11639404296875 0.00193786621093752 -0.269012451171875
0.0333480834960938 0.114776611328125 -0.174636840820313 -0.254470825195312
0.095306396484375 0.072265625 -0.312744140625 -0.144561767578125
0.0809249877929688 0.0441207885742188 -0.33270263671875 -0.03326416015625
0.0678138732910156 0.0607757568359375 -0.261215209960938 0.00540161132812497
0.0624542236328125 0.0777740478515625 -0.211654663085938 0.00634765624999996
0.000106811523437506 0.08892822265625 -0.169342041015625 -0.00167846679687497
-0.075958251953125 0.06005859375 -0.161834716796875 0.00602722167968753
-0.10833740234375 -0.0334091186523438 -0.206939697265625 -0.00784301757812499
-0.04150390625 -0.151779174804688 -0.28900146484375 -0.0635986328125
0.070098876953125 -0.182464599609375 -0.41455078125 -0.1258544921875
0.163726806640625 -0.134628295898438 -0.417144775390625 -0.169647216796875
0.222412109375 -0.0723724365234375 -0.26708984375 -0.334197998046875
0.0443191528320313 -0.135055541992187 -0.0661163330078125 -0.0954971313476563
-0.0138053894042969 -0.0611763000488281 0.112236022949219 -0.135665893554687
-0.0251331329345703 -0.0148849487304688 0.02203369140625 -0.301055908203125
-0.00704002380371094 0.00170373916625977 -0.164886474609375 -0.28790283203125
-0.0084071159362793 -0.00135231018066406 -0.323394775390625 -0.171600341796875
-0.037872314453125 0.011077880859375 -0.34857177734375 -0.0406188964843749
-0.0422477722167969 0.020172119140625 -0.269210815429688 0.0102691650390625
-0.0582046508789063 0.026458740234375 -0.213851928710937 0.00839233398437502
-0.0866546630859375 -0.00162506103515625 -0.176071166992187 0.00358581542968747
-0.0889663696289062 -0.0658340454101562 -0.146453857421875 0.01483154296875
-0.042816162109375 -0.143157958984375 -0.1829833984375 0.00144958496093751
0.1055908203125 -0.174591064453125 -0.25677490234375 -0.0272674560546875
0.236053466796875 -0.142959594726563 -0.365203857421875 -0.095977783203125
0.31182861328125 -0.04168701171875 -0.3531494140625 -0.163726806640625
0.361053466796875 0.041046142578125 -0.159149169921875 -0.3533935546875
0.221786499023437 -0.09832763671875 0.0105056762695313 -0.11761474609375
0.146316528320313 -0.128128051757813 0.158905029296875 -0.143844604492188
0.0399017333984375 -0.154449462890625 0.06280517578125 -0.317352294921875
-0.031402587890625 -0.126625061035156 -0.12481689453125 -0.304046630859375
-0.106460571289063 -0.0878067016601563 -0.293212890625 -0.190277099609375
-0.151290893554687 -0.0303955078125 -0.32025146484375 -0.0490112304687501
-0.146270751953125 -0.0228271484375 -0.236709594726563 0.0130615234375
-0.172378540039063 -0.0211181640625 -0.176483154296875 0.0149688720703125
-0.172149658203125 -0.0771026611328125 -0.148162841796875 0.0238494873046875
-0.116790771484375 -0.174026489257813 -0.10992431640625 0.043548583984375
-0.0108642578125 -0.242218017578125 -0.147537231445313 0.0316009521484375
0.209793090820313 -0.214004516601563 -0.219696044921875 0.0162200927734374
0.359375 -0.125 -0.29559326171875 -0.062408447265625
0.41485595703125 0.035369873046875 -0.251312255859375 -0.126602172851562
0.439849853515625 0.162811279296875 -0.00814819335937495 -0.320159912109375
0.36944580078125 -0.02020263671875 0.120216369628906 -0.108100891113281
0.310211181640625 -0.152313232421875 0.219146728515625 -0.13323974609375
0.130615234375 -0.269363403320313 0.121734619140625 -0.302215576171875
-0.0301513671875 -0.247528076171875 -0.061492919921875 -0.29193115234375
-0.182510375976562 -0.173858642578125 -0.224822998046875 -0.191925048828125
-0.23858642578125 -0.0735321044921875 -0.251266479492188 -0.0546875
-0.22662353515625 -0.0612640380859375 -0.169845581054688 0.0147705078125
-0.263397216796875 -0.057373046875 -0.105697631835938 0.0215835571289062
-0.244155883789063 -0.128463745117188 -0.0869827270507813 0.04949951171875
-0.148696899414063 -0.250030517578125 -0.052276611328125 0.07745361328125
-0.00302124023437501 -0.313720703125 -0.104179382324219 0.0667724609375
0.272384643554688 -0.245315551757812 -0.180435180664063 0.05126953125
0.430999755859375 -0.11175537109375 -0.213333129882812 -0.0447845458984375
0.460601806640625 0.0958251953125 -0.126289367675781 -0.0744781494140625
0.43701171875 0.263031005859375 0.158294677734375 -0.236236572265625
0.4415283203125 0.08612060546875 0.246139526367188 -0.0652313232421875
0.42974853515625 -0.115631103515625 0.275375366210938 -0.0977783203125
0.225830078125 -0.319488525390625 0.177993774414063 -0.250900268554688
-0.000762939453124974 -0.326080322265625 0.013580322265625 -0.242111206054688
-0.217178344726563 -0.241180419921875 -0.129547119140625 -0.168609619140625
-0.28900146484375 -0.109527587890625 -0.148040771484375 -0.0501708984375
-0.272598266601563 -0.08782958984375 -0.0777740478515625 0.0145797729492188
-0.316375732421875 -0.0819091796875 -0.0114097595214844 0.0255298614501953
-0.287109375 -0.15582275390625 -0.00442504882812502 0.0740509033203125
-0.168243408203125 -0.293121337890625 0.014129638671875 0.109222412109375
0.002349853515625 -0.348114013671875 -0.0588531494140625 0.0999679565429687
0.30517578125 -0.248046875 -0.141952514648437 0.07177734375
0.451202392578125 -0.079803466796875 -0.129562377929687 -0.0426712036132813
0.4508056640625 0.150482177734375 0.00824260711669925 -0.0132970809936523
0.35089111328125 0.315185546875 0.305633544921875 -0.11810302734375
0.41217041015625 0.18157958984375 0.352813720703125 0.00387573242187501
0.45367431640625 -0.033172607421875 0.310333251953125 -0.047454833984375
0.28375244140625 -0.290374755859375 0.216812133789063 -0.169784545898438
0.039276123046875 -0.33782958984375 0.076263427734375 -0.165634155273438
-0.209030151367187 -0.267837524414063 -0.0266494750976563 -0.1201171875
-0.28948974609375 -0.1260986328125 -0.0319938659667969 -0.0360641479492188
-0.275650024414063 -0.101791381835937 0.0260295867919922 0.0128231048583984
-0.325164794921875 -0.0976867675781249 0.0908966064453125 0.0288314819335937
-0.2918701171875 -0.165863037109375 0.0876922607421875 0.0968704223632812
-0.16217041015625 -0.302520751953125 0.0815887451171875 0.140205383300781
0.019439697265625 -0.3441162109375 -0.0194625854492187 0.130538940429687
0.319061279296875 -0.21551513671875 -0.114364624023437 0.0837478637695312
0.4293212890625 -0.02081298828125 -0.0494728088378906 -0.0414695739746094
0.3856201171875 0.20159912109375 0.135337829589844 0.0595626831054688
0.20263671875 0.30572509765625 0.406494140625 0.00335693359375002
0.29156494140625 0.226593017578125 0.420654296875 0.07781982421875
0.3746337890625 0.050933837890625 0.3135986328125 0.000244140625000003
0.273239135742187 -0.202011108398437 0.2261962890625 -0.087646484375
0.0652313232421875 -0.278701782226563 0.120407104492187 -0.0855712890625
-0.163558959960938 -0.243865966796875 0.0615196228027344 -0.0637474060058594
-0.2459716796875 -0.122909545898438 0.0780029296875 -0.0180892944335938
-0.236785888671875 -0.0981292724609375 0.124977111816406 0.0110702514648437
-0.284515380859375 -0.095611572265625 0.187820434570313 0.033355712890625
-0.25634765625 -0.155685424804688 0.1746826171875 0.117752075195312
-0.132354736328125 -0.27728271484375 0.140777587890625 0.17266845703125
0.038970947265625 -0.302581787109375 0.012420654296875 0.164749145507812
0.30419921875 -0.153045654296875 -0.0924301147460937 0.09588623046875
0.367279052734375 0.047271728515625 0.0195884704589844 -0.0279998779296875
0.274444580078125 0.236419677734375 0.2359619140625 0.14501953125
0.0211639404296875 0.239593505859375 0.446868896484375 0.097381591796875
0.121414184570313 0.218719482421875 0.4375 0.126129150390625
0.221115112304687 0.106857299804687 0.2943115234375 0.028411865234375
0.200973510742188 -0.0894012451171875 0.21649169921875 -0.027618408203125
0.0708160400390625 -0.17303466796875 0.138893127441406 -0.0274581909179688
-0.0967864990234375 -0.173690795898438 0.123954772949219 -0.0194015502929688
-0.16229248046875 -0.095916748046875 0.162551879882812 -0.00172424316406251
-0.161422729492188 -0.077056884765625 0.20391845703125 0.0100860595703125
-0.202590942382813 -0.0810089111328125 0.266754150390625 0.0390472412109375
-0.184341430664063 -0.125869750976562 0.245208740234375 0.142654418945313
-0.08734130859375 -0.219314575195313 0.182891845703125 0.204833984375
0.05352783203125 -0.227676391601563 0.0284423828125 0.20062255859375
0.255828857421875 -0.07818603515625 -0.0808486938476562 0.112510681152344
0.260238647460938 0.106719970703125 0.0679054260253906 0.00336456298828126
0.128387451171875 0.241470336914063 0.29644775390625 0.23712158203125
0.04345703125 -0.158248901367188 -0.3348388671875 -0.245819091796875
-0.128067016601563 -0.116104125976563 -0.099395751953125 -0.0447921752929688
-0.135955810546875 0.0322952270507812 0.0832977294921875 -0.117576599121094
-0.0497970581054687 0.117828369140625 -0.01287841796875 -0.2672119140625
0.0411148071289063 0.108535766601562 -0.187973022460937 -0.243057250976562
0.0994338989257813 0.0633468627929688 -0.31597900390625 -0.12408447265625
0.0816802978515625 0.036407470703125 -0.3304443359375 -0.011474609375
0.072296142578125 0.0529708862304688 -0.2567138671875 0.0216064453125
0.067962646484375 0.0703048706054688 -0.207046508789063 0.02130126953125
0.0079498291015625 0.0857467651367188 -0.166824340820313 0.010498046875
-0.0680122375488281 0.0642509460449219 -0.162734985351563 0.0185699462890625
-0.106460571289063 -0.0242996215820313 -0.209793090820312 0.00488281250000002
-0.050689697265625 -0.144119262695313 -0.290740966796875 -0.051483154296875
0.057373046875 -0.182891845703125 -0.41876220703125 -0.105316162109375
0.153457641601563 -0.144302368164063 -0.426788330078125 -0.147003173828125
0.214950561523438 -0.0828399658203125 -0.28814697265625 -0.3101806640625
0.0350570678710937 -0.133163452148437 -0.0711669921875 -0.0863265991210938
-0.0156517028808594 -0.060150146484375 0.108467102050781 -0.137496948242188
-0.0248050689697266 -0.0145950317382813 0.00543212890625002 -0.29931640625
-0.00623703002929688 -4.72068786621098E-05 -0.1781005859375 -0.275558471679688
-0.00956821441650391 -0.00124263763427734 -0.328521728515625 -0.14923095703125
-0.0387229919433594 0.0111656188964844 -0.345489501953125 -0.01617431640625
-0.0402717590332031 0.0206794738769531 -0.26324462890625 0.028961181640625
-0.0551109313964844 0.02862548828125 -0.209182739257813 0.0240631103515625
-0.08428955078125 0.00300598144531251 -0.173065185546875 0.0182342529296875
-0.0902481079101563 -0.060211181640625 -0.147491455078125 0.02783203125
-0.04962158203125 -0.139259338378906 -0.18646240234375 0.013824462890625
0.09307861328125 -0.176956176757813 -0.257797241210938 -0.018310546875
0.2239990234375 -0.154510498046875 -0.369384765625 -0.07879638671875
0.305999755859375 -0.059783935546875 -0.36468505859375 -0.14324951171875
0.359527587890625 0.02001953125 -0.1824951171875 -0.33648681640625
0.211334228515625 -0.108749389648438 0.00167846679687502 -0.111763000488281
0.138313293457031 -0.136283874511719 0.153762817382813 -0.149139404296875
0.0298919677734375 -0.157623291015625 0.04522705078125 -0.31768798828125
-0.0394744873046875 -0.125137329101563 -0.1402587890625 -0.29290771484375
-0.113624572753906 -0.0790786743164063 -0.300872802734375 -0.1700439453125
-0.152908325195313 -0.0210418701171875 -0.31787109375 -0.0257568359375
-0.146148681640625 -0.0129547119140625 -0.231658935546875 0.0310821533203125
-0.171127319335938 -0.00859069824218753 -0.171966552734375 0.0294036865234375
-0.175338745117188 -0.06378173828125 -0.14337158203125 0.038055419921875
-0.126968383789063 -0.1639404296875 -0.108451843261719 0.0542373657226562
-0.0265960693359375 -0.238433837890625 -0.151824951171875 0.0418853759765625
0.194229125976563 -0.222808837890625 -0.220901489257813 0.0249938964843749
0.346893310546875 -0.1470947265625 -0.2996826171875 -0.0496826171875
0.412994384765625 0.009857177734375 -0.26220703125 -0.111358642578125
0.445098876953125 0.13330078125 -0.0318603515625 -0.314453125
0.3626708984375 -0.0418701171875 0.110755920410156 -0.110565185546875
0.299407958984375 -0.170745849609375 0.21307373046875 -0.141326904296875
0.111648559570313 -0.275634765625 0.1041259765625 -0.305755615234375
-0.0472412109375 -0.244461059570312 -0.075958251953125 -0.28411865234375
-0.1939697265625 -0.158660888671875 -0.233566284179688 -0.175460815429688
-0.242752075195313 -0.0561981201171875 -0.249679565429688 -0.0349273681640625
-0.22900390625 -0.0443267822265625 -0.164840698242188 0.02886962890625
-0.264617919921875 -0.038055419921875 -0.101997375488281 0.03143310546875
-0.250473022460938 -0.1077880859375 -0.0814743041992188 0.0605545043945313
-0.166107177734375 -0.237411499023438 -0.0491180419921875 0.083953857421875
-0.024749755859375 -0.310760498046875 -0.106735229492188 0.0743179321289062
0.255050659179688 -0.260604858398438 -0.180130004882812 0.05908203125
0.417633056640625 -0.13836669921875 -0.21832275390625 -0.035980224609375
0.464202880859375 0.068023681640625 -0.134788513183594 -0.0667953491210938
0.44927978515625 0.233123779296875 0.1370849609375 -0.2418212890625
0.4412841796875 0.055999755859375 0.235458374023438 -0.0753631591796875
0.420074462890625 -0.142333984375 0.269927978515625 -0.108322143554688
0.20062255859375 -0.33221435546875 0.164703369140625 -0.255844116210938
-0.0238037109375 -0.32318115234375 0.001556396484375 -0.239181518554688
-0.233474731445312 -0.221847534179688 -0.137451171875 -0.158462524414063
-0.294036865234375 -0.086578369140625 -0.1485595703125 -0.0381011962890625
-0.2757568359375 -0.068115234375 -0.0741653442382813 0.0224990844726563
-0.320892333984375 -0.0578613281249999 -0.00893211364746095 0.0294094085693359
-0.295135498046875 -0.131805419921875 0.00200653076171872 0.0793304443359375
-0.189682006835938 -0.278762817382813 0.020965576171875 0.109848022460938
-0.023162841796875 -0.346221923828125 -0.058990478515625 0.104820251464844
0.2857666015625 -0.26763916015625 -0.142120361328125 0.0785980224609375
0.44085693359375 -0.110382080078125 -0.135467529296875 -0.0363235473632813
0.457000732421875 0.121551513671875 0.00284290313720706 -0.014155387878418
0.36920166015625 0.28863525390625 0.29107666015625 -0.132659912109375
0.417510986328125 0.152557373046875 0.347503662109375 -0.01263427734375
0.44915771484375 -0.0633544921875 0.30615234375 -0.059783935546875
0.258544921875 -0.30804443359375 0.207168579101563 -0.1787109375
0.0142822265625 -0.33526611328125 0.070709228515625 -0.167999267578125
-0.2266845703125 -0.248031616210938 -0.033447265625 -0.117576599121094
-0.296966552734375 -0.10394287109375 -0.033050537109375 -0.0328350067138672
-0.279586791992188 -0.079803466796875 0.0277919769287109 0.0150508880615234
-0.328643798828125 -0.069976806640625 0.0926895141601562 0.0253067016601562
-0.300567626953125 -0.140625 0.094024658203125 0.0941925048828125
-0.184051513671875 -0.287353515625 0.0907135009765625 0.135787963867187
-0.00769042968750002 -0.342041015625 -0.015380859375 0.133262634277344
0.299652099609375 -0.235076904296875 -0.112724304199219 0.0898895263671875
0.422882080078125 -0.05072021484375 -0.0561866760253906 -0.039642333984375
0.39544677734375 0.17523193359375 0.133644104003906 0.049896240234375
0.22119140625 0.28662109375 0.400665283203125 -0.0186767578125
0.302215576171875 0.20465087890625 0.417449951171875 0.05523681640625
0.37432861328125 0.024658203125 0.3128662109375 -0.0118408203125
0.254150390625 -0.219451904296875 0.221908569335938 -0.0972747802734375
0.0446319580078125 -0.278976440429688 0.116470336914063 -0.0919570922851563
-0.180572509765625 -0.225860595703125 0.0572052001953125 -0.0677146911621094
-0.251266479492187 -0.101608276367188 0.076019287109375 -0.0218887329101563
-0.241943359375 -0.078948974609375 0.12493896484375 0.00617218017578124
-0.289886474609375 -0.072967529296875 0.188385009765625 0.021728515625
-0.264404296875 -0.133316040039062 0.180740356445312 0.1102294921875
-0.153457641601563 -0.264450073242188 0.150466918945313 0.16290283203125
0.01556396484375 -0.302520751953125 0.017303466796875 0.163864135742187
0.289764404296875 -0.17333984375 -0.0913238525390625 0.10186767578125
0.36480712890625 0.0211181640625 0.0141372680664063 -0.0296573638916016
0.288818359375 0.217132568359375 0.240798950195313 0.1278076171875
0.0379791259765625 0.232177734375 0.4488525390625 0.071258544921875
0.133697509765625 0.204421997070313 0.439239501953125 0.10260009765625
0.22576904296875 0.088623046875 0.29534912109375 0.0157470703125
0.19073486328125 -0.102569580078125 0.217941284179687 -0.0381317138671875
0.0554656982421875 -0.175857543945313 0.138870239257813 -0.03662109375
-0.11004638671875 -0.16094970703125 0.122306823730469 -0.0283355712890625
-0.1668701171875 -0.0811309814453125 0.160659790039063 -0.0135955810546875
-0.167083740234375 -0.0646820068359375 0.202590942382812 -0.001617431640625
-0.206787109375 -0.0641632080078125 0.265625 0.0229949951171875
-0.191116333007813 -0.108688354492188 0.252593994140625 0.127609252929688
-0.104232788085938 -0.209213256835937 0.192489624023438 0.193618774414063
0.0354156494140625 -0.227005004882812 0.0377044677734375 0.198928833007813
0.245162963867188 -0.0950469970703125 -0.0782928466796875 0.116996765136719
0.2625732421875 0.0869293212890625 0.0648689270019531 -0.00109481811523437
0.142227172851563 0.229904174804687 0.307342529296875 0.214080810546875
0.033050537109375 -0.158309936523438 -0.352752685546875 -0.222442626953125
-0.13714599609375 -0.105720520019531 -0.0998764038085938 -0.034454345703125
-0.132278442382813 0.0404129028320312 0.082855224609375 -0.123115539550781
-0.0392608642578125 0.120147705078125 -0.0269012451171875 -0.2694091796875
0.0493698120117188 0.103660583496094 -0.202743530273437 -0.234207153320313
0.103935241699219 0.0550613403320313 -0.32379150390625 -0.105224609375
0.0832672119140625 0.0293502807617188 -0.33251953125 0.00979614257812499
0.0766677856445313 0.04541015625 -0.254714965820313 0.0380706787109375
0.07366943359375 0.063995361328125 -0.206100463867188 0.0360107421875
0.0151214599609375 0.0838394165039063 -0.1673583984375 0.022216796875
-0.0608291625976563 0.0678558349609375 -0.165390014648438 0.031402587890625
-0.105903625488281 -0.0166244506835937 -0.215530395507813 0.0179290771484375
-0.059356689453125 -0.138214111328125 -0.29803466796875 -0.040435791015625
0.045196533203125 -0.184814453125 -0.428558349609375 -0.085479736328125
0.1435546875 -0.154373168945313 -0.443023681640625 -0.122650146484375
0.211013793945313 -0.0943603515625 -0.311004638671875 -0.289794921875
0.025848388671875 -0.133659362792969 -0.0758895874023438 -0.0771713256835938
-0.0176467895507813 -0.0606040954589844 0.105926513671875 -0.143966674804688
-0.0251445770263672 -0.0148220062255859 -0.011322021484375 -0.3013916015625
-0.00634956359863281 -0.0019383430480957 -0.193878173828125 -0.267227172851563
-0.0109100341796875 -0.00103569030761719 -0.337921142578125 -0.128570556640625
-0.03997802734375 0.0131492614746094 -0.347564697265625 0.00683593749999996
-0.0389671325683594 0.0221023559570312 -0.260269165039063 0.0469970703125
-0.0528068542480469 0.0312652587890625 -0.206985473632812 0.040374755859375
-0.0835113525390625 0.00785064697265625 -0.172073364257813 0.031982421875
-0.0930938720703125 -0.0545120239257812 -0.149246215820313 0.040985107421875
-0.0569915771484375 -0.135581970214844 -0.192611694335938 0.0269012451171875
0.0833740234375 -0.181076049804688 -0.264389038085938 -0.00808715820312504
0.215011596679688 -0.168228149414063 -0.3785400390625 -0.062225341796875
0.303375244140625 -0.079132080078125 -0.38018798828125 -0.122833251953125
0.36236572265625 -0.001129150390625 -0.2081298828125 -0.322723388671875
0.204360961914063 -0.121124267578125 -0.0054473876953125 -0.107803344726563
0.1328125 -0.146804809570313 0.15087890625 -0.157196044921875
0.0199737548828125 -0.160781860351563 0.02960205078125 -0.321685791015625
-0.0487823486328125 -0.125045776367188 -0.1561279296875 -0.286590576171875
-0.121261596679688 -0.0712738037109375 -0.311004638671875 -0.151153564453125
-0.157363891601563 -0.010955810546875 -0.31915283203125 -0.00405883789062503
-0.147796630859375 -0.00405883789062503 -0.226974487304687 0.0491180419921875
-0.172653198242188 0.00331115722656253 -0.169540405273438 0.0440216064453125
-0.179656982421875 -0.05157470703125 -0.140182495117188 0.0517425537109375
-0.139434814453125 -0.155731201171875 -0.107833862304688 0.0655136108398437
-0.0419769287109375 -0.237625122070312 -0.156753540039062 0.0541534423828125
0.1817626953125 -0.235916137695313 -0.225112915039063 0.03472900390625
0.338531494140625 -0.168853759765625 -0.308868408203125 -0.0353088378906251
0.4173583984375 -0.01544189453125 -0.276397705078125 -0.0966949462890626
0.45660400390625 0.107696533203125 -0.05572509765625 -0.309783935546875
0.359405517578125 -0.0640869140625 0.102188110351563 -0.112831115722656
0.292205810546875 -0.191864013671875 0.210556030273438 -0.1507568359375
0.093475341796875 -0.28631591796875 0.08929443359375 -0.3125
-0.064178466796875 -0.242813110351562 -0.0900726318359375 -0.280136108398438
-0.207183837890625 -0.144271850585937 -0.244537353515625 -0.161056518554688
-0.250045776367188 -0.038848876953125 -0.251800537109375 -0.01739501953125
-0.232757568359375 -0.0283355712890625 -0.160781860351563 0.043121337890625
-0.269378662109375 -0.0175628662109374 -0.0989913940429688 0.0418472290039062
-0.258682250976563 -0.089141845703125 -0.0757369995117188 0.071685791015625
-0.185928344726563 -0.226531982421875 -0.0448837280273438 0.0917510986328125
-0.047088623046875 -0.310455322265625 -0.109504699707031 0.085693359375
0.239334106445313 -0.2783203125 -0.183792114257812 0.0692749023437499
0.41033935546875 -0.167266845703125 -0.2279052734375 -0.0260009765625
0.472900390625 0.038421630859375 -0.144577026367187 -0.0587158203125
0.4664306640625 0.205047607421875 0.118301391601563 -0.249160766601563
0.44378662109375 0.02911376953125 0.229049682617188 -0.085357666015625
0.414581298828125 -0.171051025390625 0.26849365234375 -0.120635986328125
0.178192138671875 -0.348663330078125 0.153457641601562 -0.265487670898438
-0.046783447265625 -0.323272705078125 -0.00914001464843748 -0.240219116210938
-0.2513427734375 -0.203201293945312 -0.146987915039063 -0.1492919921875
-0.30279541015625 -0.064544677734375 -0.150314331054688 -0.0257568359375
-0.281951904296875 -0.04766845703125 -0.0707321166992188 0.0318832397460937
-0.327056884765625 -0.033203125 -0.00598716735839846 0.0330829620361328
-0.306304931640625 -0.109405517578125 0.00963592529296873 0.08428955078125
-0.213027954101563 -0.26580810546875 0.0279998779296875 0.112586975097656
-0.04962158203125 -0.34661865234375 -0.0582656860351562 0.113800048828125
0.2696533203125 -0.2899169921875 -0.144668579101562 0.088775634765625
0.434295654296875 -0.14141845703125 -0.143798828125 -0.0306854248046875
0.469970703125 0.09466552734375 -0.00204277038574216 -0.0146398544311523
0.390167236328125 0.26519775390625 0.280868530273438 -0.149795532226562
0.428436279296875 0.125701904296875 0.344940185546875 -0.029693603515625
0.44989013671875 -0.094024658203125 0.306304931640625 -0.073883056640625
0.23675537109375 -0.328399658203125 0.201416015625 -0.190185546875
-0.0106201171875 -0.33892822265625 0.063812255859375 -0.17169189453125
-0.245574951171875 -0.229888916015625 -0.0409164428710938 -0.116195678710938
-0.306396484375 -0.081268310546875 -0.0337200164794922 -0.0286369323730469
-0.287689208984375 -0.0594787597656249 0.0304698944091797 0.0167255401611328
-0.337615966796875 -0.044952392578125 0.0949783325195312 0.0216751098632812
-0.31158447265625 -0.116729736328125 0.1029052734375 0.0928573608398437
-0.209884643554688 -0.2745361328125 0.100189208984375 0.133392333984375
-0.033447265625 -0.3436279296875 -0.0129852294921875 0.139564514160156
0.28485107421875 -0.258026123046875 -0.113121032714844 0.098663330078125
0.420440673828125 -0.080474853515625 -0.0634346008300781 -0.0378684997558594
0.411773681640625 0.15203857421875 0.134147644042969 0.0412063598632813
0.24163818359375 0.271957397460938 0.400238037109375 -0.04217529296875
0.31561279296875 0.18450927734375 0.422393798828125 0.033966064453125
0.379150390625 -0.001495361328125 0.315673828125 -0.0260009765625
0.237655639648438 -0.239059448242187 0.221649169921875 -0.108749389648438
0.023193359375 -0.28302001953125 0.114860534667969 -0.0991134643554688
-0.198471069335938 -0.210494995117188 0.0538177490234375 -0.0724563598632813
-0.260208129882813 -0.0832977294921875 0.075714111328125 -0.0259780883789063
-0.248794555664063 -0.0608367919921876 0.126716613769531 0.000251770019531246
-0.2978515625 -0.0494384765625 0.191909790039062 0.0114288330078125
-0.275344848632813 -0.1124267578125 0.191024780273437 0.101837158203125
-0.176727294921875 -0.2537841796875 0.161834716796875 0.154998779296875
-0.00793457031249999 -0.304351806640625 0.024139404296875 0.16815185546875
0.27838134765625 -0.19573974609375 -0.089935302734375 0.109161376953125
0.366302490234375 -0.004486083984375 0.00821304321289065 -0.0318260192871094
0.30560302734375 0.1998291015625 0.2479248046875 0.111541748046875
0.054290771484375 0.228652954101563 0.457275390625 0.043975830078125
0.146804809570313 0.19512939453125 0.4476318359375 0.07977294921875
0.23345947265625 0.0731201171875 0.30157470703125 0.0015869140625
0.181503295898438 -0.118087768554688 0.221466064453125 -0.0498809814453125
0.0413818359375 -0.179885864257813 0.14117431640625 -0.0449981689453125
-0.122940063476562 -0.150375366210938 0.12066650390625 -0.0371932983398438
-0.173049926757813 -0.067535400390625 0.16064453125 -0.02288818359375
-0.172225952148438 -0.0508270263671875 0.204177856445313 -0.01416015625
-0.213714599609375 -0.047393798828125 0.26849365234375 0.0076141357421875
-0.200897216796875 -0.09381103515625 0.263595581054688 0.114395141601563
-0.120925903320313 -0.201461791992188 0.205673217773438 0.183074951171875
0.018341064453125 -0.230484008789063 0.0476531982421875 0.2000732421875
0.23883056640625 -0.11328125 -0.0768890380859375 0.124313354492188
0.266815185546875 0.069061279296875 0.0622711181640625 -0.00644683837890625
0.159469604492188 0.220962524414062 0.32110595703125 0.193115234375
0.0228118896484375 -0.159210205078125 -0.3756103515625 -0.193359375
-0.14666748046875 -0.092132568359375 -0.100753784179688 -0.0220413208007812
-0.128776550292969 0.0511550903320312 0.079803466796875 -0.132637023925781
-0.027008056640625 0.123245239257812 -0.0469207763671875 -0.272125244140625
0.0590972900390625 0.0985336303710938 -0.224700927734375 -0.2236328125
0.108901977539062 0.0447616577148437 -0.3353271484375 -0.08172607421875
0.0857391357421875 0.0208663940429688 -0.33489990234375 0.0371093749999999
0.0816802978515625 0.0367050170898438 -0.254318237304688 0.060272216796875
0.0809249877929688 0.0554733276367188 -0.205276489257813 0.0540924072265625
0.02362060546875 0.080352783203125 -0.16827392578125 0.0360260009765625
-0.0525436401367188 0.0719528198242188 -0.167282104492188 0.04803466796875
-0.104660034179688 -0.00818634033203123 -0.220550537109375 0.0355682373046875
-0.0703811645507813 -0.132347106933594 -0.308502197265625 -0.023895263671875
0.0296173095703125 -0.188735961914063 -0.443511962890625 -0.0563659667968751
0.1324462890625 -0.168045043945313 -0.463104248046875 -0.0909423828125
0.207916259765625 -0.10931396484375 -0.340118408203125 -0.265106201171875
0.014892578125 -0.13433837890625 -0.0821914672851563 -0.067626953125
-0.0205917358398437 -0.0610771179199219 0.101654052734375 -0.154403686523438
-0.0241470336914062 -0.0145721435546875 -0.03204345703125 -0.30535888671875
-0.00663232803344726 -0.00328874588012695 -0.217437744140625 -0.256927490234375
-0.0129423141479492 -0.000531196594238284 -0.350860595703125 -0.1044921875
-0.0413322448730469 0.0164642333984375 -0.349090576171875 0.035736083984375
-0.0375747680664063 0.0240135192871094 -0.256561279296875 0.069671630859375
-0.0501289367675781 0.0348701477050781 -0.205673217773438 0.0597381591796875
-0.083282470703125 0.0138092041015625 -0.17095947265625 0.0489959716796875
-0.09747314453125 -0.048095703125 -0.149276733398438 0.056884765625
-0.0667953491210937 -0.132499694824219 -0.198440551757812 0.0442047119140625
0.0723419189453125 -0.18817138671875 -0.273300170898438 0.00834655761718746
0.203872680664063 -0.185501098632813 -0.39398193359375 -0.036712646484375
0.301605224609375 -0.10418701171875 -0.40045166015625 -0.09649658203125
0.36907958984375 -0.02789306640625 -0.23968505859375 -0.306671142578125
0.195724487304688 -0.136459350585938 -0.0146636962890625 -0.103904724121094
0.123992919921875 -0.161911010742188 0.1461181640625 -0.168975830078125
0.00674438476562501 -0.165985107421875 0.00683593749999998 -0.3275146484375
-0.0600662231445313 -0.123123168945312 -0.178268432617188 -0.279403686523438
-0.130203247070313 -0.0611495971679688 -0.326019287109375 -0.128936767578125
-0.16143798828125 0.00292968749999997 -0.322113037109375 0.02392578125
-0.149734497070313 0.00808715820312502 -0.223281860351563 0.0708770751953125
-0.174652099609375 0.0184173583984375 -0.1666259765625 0.061126708984375
-0.185745239257812 -0.035797119140625 -0.135444641113281 0.067901611328125
-0.154937744140625 -0.14556884765625 -0.105430603027344 0.079010009765625
-0.0621337890625 -0.23724365234375 -0.160171508789063 0.0717010498046875
0.167266845703125 -0.252517700195313 -0.231124877929687 0.0496978759765625
0.32830810546875 -0.198944091796875 -0.321014404296875 -0.01605224609375
0.422332763671875 -0.049041748046875 -0.293243408203125 -0.07598876953125
0.471893310546875 0.07275390625 -0.08477783203125 -0.3052978515625
0.356292724609375 -0.090911865234375 0.09381103515625 -0.116973876953125
0.2822265625 -0.21978759765625 0.20684814453125 -0.166763305664062
0.068878173828125 -0.29827880859375 0.069427490234375 -0.322265625
-0.08648681640625 -0.241119384765625 -0.109573364257813 -0.27813720703125
-0.223739624023438 -0.126251220703125 -0.258804321289063 -0.143417358398437
-0.258056640625 -0.0162353515625 -0.253524780273438 0.00570678710937498
-0.238113403320313 -0.00811767578124998 -0.155654907226563 0.0600738525390625
-0.274642944335937 0.00791931152343751 -0.0949478149414063 0.0533676147460937
-0.268966674804688 -0.0658721923828125 -0.0681076049804688 0.0828323364257813
-0.208770751953125 -0.212509155273437 -0.0391998291015625 0.10089111328125
-0.074798583984375 -0.31005859375 -0.110206604003906 0.100944519042969
0.22039794921875 -0.3016357421875 -0.186294555664063 0.0836029052734375
0.401275634765625 -0.204132080078125 -0.238311767578125 -0.010101318359375
0.48321533203125 0.003173828125 -0.156280517578125 -0.0472564697265625
0.48944091796875 0.170806884765625 0.096282958984375 -0.2579345703125
0.44940185546875 -0.003936767578125 0.222869873046875 -0.0995025634765625
0.407440185546875 -0.20867919921875 0.2681884765625 -0.139358520507813
0.149200439453125 -0.368438720703125 0.138198852539063 -0.279083251953125
-0.076080322265625 -0.32305908203125 -0.02325439453125 -0.243270874023438
-0.272293090820313 -0.181472778320312 -0.160369873046875 -0.139923095703125
-0.313720703125 -0.037567138671875 -0.152740478515625 -0.012542724609375
-0.289520263671875 -0.0225524902343749 -0.06549072265625 0.041656494140625
-0.33526611328125 -0.00213623046875004 -0.0019950866699219 0.0375556945800781
-0.31817626953125 -0.08099365234375 0.019744873046875 0.088836669921875
-0.241973876953125 -0.248428344726562 0.037139892578125 0.115119934082031
-0.081298828125 -0.345367431640625 -0.0551300048828125 0.125160217285156
0.24908447265625 -0.315673828125 -0.144454956054687 0.102142333984375
0.427520751953125 -0.179595947265625 -0.154388427734375 -0.020751953125
0.486663818359375 0.059173583984375 -0.00841808319091794 -0.0140562057495117
0.41705322265625 0.236480712890625 0.26885986328125 -0.171417236328125
0.441497802734375 0.092803955078125 0.3447265625 -0.052337646484375
0.448944091796875 -0.13372802734375 0.309112548828125 -0.093719482421875
0.209136962890625 -0.35198974609375 0.192367553710938 -0.206207275390625
-0.040496826171875 -0.340850830078125 0.0563201904296875 -0.179946899414063
-0.269699096679687 -0.20751953125 -0.04949951171875 -0.114059448242188
-0.317901611328125 -0.053436279296875 -0.0367698669433594 -0.0248756408691406
-0.296722412109375 -0.03387451171875 0.0351829528808594 0.0175628662109375
-0.346527099609375 -0.011566162109375 0.099273681640625 0.0160064697265625
-0.326385498046875 -0.0875244140625 0.115242004394531 0.08905029296875
-0.239913940429688 -0.257705688476563 0.111434936523437 0.129531860351562
-0.06671142578125 -0.34423828125 -0.00610351562500002 0.148086547851562
0.265899658203125 -0.286865234375 -0.111236572265625 0.112022399902344
0.417205810546875 -0.118438720703125 -0.0724105834960937 -0.034210205078125
0.431549072265625 0.121856689453125 0.135162353515625 0.0311737060546875
0.268356323242188 0.25421142578125 0.400146484375 -0.07293701171875
0.333953857421875 0.161163330078125 0.42828369140625 0.00561523437500001
0.38580322265625 -0.033477783203125 0.321868896484375 -0.04656982421875
0.216751098632812 -0.262680053710938 0.219711303710938 -0.1265869140625
-0.00268554687500002 -0.28759765625 0.112525939941406 -0.109504699707031
-0.219680786132812 -0.191574096679688 0.0488357543945312 -0.077789306640625
-0.270339965820313 -0.057891845703125 0.0753936767578125 -0.031524658203125
-0.257232666015625 -0.0374603271484375 0.130332946777344 -0.00722503662109375
-0.30694580078125 -0.0198059082031251 0.1954345703125 -0.00347900390625
-0.288299560546875 -0.086181640625 0.204452514648437 0.0899810791015625
-0.204803466796875 -0.239105224609375 0.176773071289063 0.145095825195312
-0.037261962890625 -0.307525634765625 0.0344390869140625 0.172500610351562
0.264068603515625 -0.22308349609375 -0.0860443115234375 0.120651245117187
0.368896484375 -0.03704833984375 0.00156402587890628 -0.0337028503417969
0.3271484375 0.1771240234375 0.25775146484375 0.092498779296875
0.074920654296875 0.224502563476563 0.4644775390625 0.00939941406250001
0.164352416992188 0.184616088867188 0.460235595703125 0.0499267578125
0.243453979492188 0.0525970458984375 0.309326171875 -0.017913818359375
0.17034912109375 -0.135955810546875 0.224319458007813 -0.0670166015625
0.023895263671875 -0.18359375 0.142593383789063 -0.057891845703125
-0.136711120605469 -0.138015747070313 0.118896484375 -0.048065185546875
-0.179962158203125 -0.050384521484375 0.161300659179688 -0.03717041015625
-0.178558349609375 -0.0349578857421875 0.205657958984375 -0.0292816162109375
-0.221099853515625 -0.0263214111328125 0.273040771484375 -0.0152587890625
-0.210647583007813 -0.0741729736328125 0.277740478515625 0.0958099365234375
-0.14288330078125 -0.1910400390625 0.22332763671875 0.168670654296875
-0.00341796875000002 -0.23480224609375 0.06158447265625 0.20263671875
0.230514526367188 -0.136444091796875 -0.0713653564453125 0.13397216796875
0.2735595703125 0.045257568359375 0.0588455200195313 -0.0129013061523437
0.180099487304688 0.209884643554688 0.339019775390625 0.167236328125
0.00881958007812499 -0.159515380859375 -0.39434814453125 -0.152374267578125
-0.155166625976563 -0.07421875 -0.10015869140625 -0.00855255126953127
-0.1226806640625 0.0632095336914063 0.0717010498046875 -0.142837524414063
-0.012603759765625 0.123008728027344 -0.0725555419921875 -0.269241333007813
0.0695114135742188 0.0896148681640625 -0.246749877929688 -0.201431274414062
0.112373352050781 0.0308456420898437 -0.341766357421875 -0.048675537109375
0.085784912109375 0.010986328125 -0.330169677734375 0.072601318359375
0.0845870971679687 0.0247039794921875 -0.246719360351563 0.0849609375
0.0873489379882813 0.0433807373046875 -0.198379516601563 0.0759124755859375
0.0324325561523438 0.0757827758789063 -0.165725708007812 0.0541229248046875
-0.04254150390625 0.0755615234375 -0.163436889648438 0.0676422119140625
-0.102783203125 0.00191497802734374 -0.220001220703125 0.05767822265625
-0.0817718505859375 -0.122695922851563 -0.315093994140625 0.00122070312500006
0.010498046875 -0.189315795898438 -0.451202392578125 -0.0165100097656251
0.113983154296875 -0.181015014648438 -0.475799560546875 -0.0458374023437501
0.198654174804688 -0.128067016601563 -0.367431640625 -0.225738525390625
0.000633239746093742 -0.131843566894531 -0.0870208740234375 -0.0555648803710938
-0.0261116027832031 -0.0602684020996094 0.0917510986328125 -0.165512084960938
-0.0246601104736328 -0.0138282775878906 -0.05999755859375 -0.3026123046875
-0.00699710845947266 -0.00415945053100586 -0.241836547851562 -0.236236572265625
-0.0135335922241211 0.000118255615234373 -0.358642578125 -0.06964111328125
-0.0406913757324219 0.0206451416015625 -0.343414306640625 0.071868896484375
-0.0344772338867187 0.0252723693847656 -0.24761962890625 0.095977783203125
-0.046417236328125 0.0384407043457031 -0.19769287109375 0.083038330078125
-0.0802841186523437 0.022003173828125 -0.164810180664062 0.0688018798828125
-0.100639343261719 -0.0386581420898438 -0.144546508789063 0.0754852294921875
-0.0782318115234375 -0.125755310058594 -0.198150634765625 0.0662078857421874
0.055023193359375 -0.193756103515625 -0.277252197265625 0.0308837890625
0.184097290039063 -0.204925537109375 -0.4017333984375 -0.00143432617187492
0.28985595703125 -0.133209228515625 -0.414276123046875 -0.055145263671875
0.3673095703125 -0.0628662109375 -0.271682739257812 -0.277008056640625
0.179794311523438 -0.152236938476563 -0.0244293212890625 -0.0974502563476563
0.109375 -0.174911499023437 0.134994506835938 -0.183242797851563
-0.0106658935546875 -0.167129516601563 -0.022125244140625 -0.328887939453125
-0.0735549926757812 -0.117279052734375 -0.204132080078125 -0.26251220703125
-0.137153625488281 -0.0460128784179687 -0.33599853515625 -0.095794677734375
-0.162948608398438 0.0213623046875 -0.31689453125 0.05718994140625
-0.148269653320313 0.023162841796875 -0.211105346679687 0.0939483642578125
-0.1724853515625 0.037078857421875 -0.158035278320313 0.080352783203125
-0.187301635742188 -0.0163116455078125 -0.12628173828125 0.0853271484375
-0.169204711914063 -0.128448486328125 -0.0983047485351563 0.0936813354492187
-0.085113525390625 -0.229721069335938 -0.157989501953125 0.0914764404296875
0.1435546875 -0.268661499023437 -0.231887817382813 0.0701446533203125
0.307769775390625 -0.231719970703125 -0.327789306640625 0.01373291015625
0.41839599609375 -0.0897216796875 -0.304595947265625 -0.045623779296875
0.479888916015625 0.02716064453125 -0.118255615234375 -0.29180908203125
0.3447265625 -0.123809814453125 0.0809478759765625 -0.121025085449219
0.261032104492188 -0.24981689453125 0.19610595703125 -0.185958862304688
0.037078857421875 -0.304168701171875 0.0413818359375 -0.328887939453125
-0.111328125 -0.230865478515625 -0.134368896484375 -0.268600463867188
-0.23663330078125 -0.100112915039063 -0.27154541015625 -0.117950439453125
-0.260513305664063 0.011932373046875 -0.250595092773438 0.0322723388671875
-0.23822021484375 0.0175018310546875 -0.144760131835938 0.0782318115234375
-0.273300170898438 0.0390625000000001 -0.087554931640625 0.0656051635742188
-0.274566650390625 -0.0354461669921875 -0.056793212890625 0.0936508178710938
-0.232879638671875 -0.18756103515625 -0.0300750732421875 0.108139038085937
-0.10821533203125 -0.300750732421875 -0.103744506835938 0.117225646972656
0.190704345703125 -0.323974609375 -0.182632446289062 0.101303100585938
0.378570556640625 -0.244354248046875 -0.245819091796875 0.0121154785156249
0.48614501953125 -0.04486083984375 -0.166061401367187 -0.030487060546875
0.5069580078125 0.12103271484375 0.06744384765625 -0.262725830078125
0.447296142578125 -0.048126220703125 0.211593627929688 -0.116073608398438
0.387786865234375 -0.251739501953125 0.25909423828125 -0.162979125976563
0.108856201171875 -0.38262939453125 0.114105224609375 -0.292205810546875
-0.10992431640625 -0.31378173828125 -0.0438385009765625 -0.2421875
-0.291107177734375 -0.149566650390625 -0.173309326171875 -0.123809814453125
-0.317718505859375 -0.00207519531249998 -0.151611328125 0.00469970703125002
-0.291046142578125 0.00936889648437502 -0.05633544921875 0.051025390625
-0.334991455078125 0.0375061035156249 0.00363159179687498 0.0395431518554687
-0.326263427734375 -0.04425048828125 0.0319290161132812 0.0899429321289063
-0.270172119140625 -0.219497680664062 0.0484237670898437 0.114860534667969
-0.119903564453125 -0.334991455078125 -0.0449676513671875 0.137359619140625
0.216796875 -0.342803955078125 -0.139007568359375 0.11810302734375
0.407135009765625 -0.223602294921875 -0.162399291992187 -0.00660705566406253
0.49407958984375 0.0111083984375 -0.0139541625976562 -0.01214599609375
0.440673828125 0.194549560546875 0.249908447265625 -0.194686889648438
0.44757080078125 0.049407958984375 0.33734130859375 -0.08050537109375
0.436248779296875 -0.180633544921875 0.30340576171875 -0.120147705078125
0.169219970703125 -0.37261962890625 0.17572021484375 -0.223678588867188
-0.076904296875 -0.333984375 0.04193115234375 -0.186203002929688
-0.2899169921875 -0.17486572265625 -0.0607681274414063 -0.109779357910156
-0.32244873046875 -0.0179443359375 -0.0368766784667969 -0.0195808410644531
-0.298553466796875 -0.000457763671875046 0.0403861999511719 0.0167274475097656
-0.34735107421875 0.030670166015625 0.101760864257812 0.0077667236328125
-0.33477783203125 -0.0500793457031251 0.126953125 0.0802383422851563
-0.270309448242188 -0.228958129882813 0.12445068359375 0.119514465332031
-0.105560302734375 -0.334564208984375 0.00755310058593749 0.153717041015625
0.2354736328125 -0.3157958984375 -0.103775024414062 0.124923706054687
0.402862548828125 -0.16229248046875 -0.0809402465820312 -0.0265884399414063
0.44488525390625 0.077545166015625 0.134696960449219 0.0173492431640625
0.293487548828125 0.2257080078125 0.39129638671875 -0.109649658203125
0.34771728515625 0.126617431640625 0.42822265625 -0.0322265625
0.383148193359375 -0.07489013671875 0.320343017578125 -0.074920654296875
0.18609619140625 -0.284576416015625 0.211029052734375 -0.14691162109375
-0.03369140625 -0.2847900390625 0.105522155761719 -0.122108459472656
-0.238433837890625 -0.163894653320313 0.0412139892578125 -0.0836563110351563
-0.274948120117188 -0.027557373046875 0.0732879638671875 -0.039031982421875
-0.2596435546875 -0.00801086425781247 0.132469177246094 -0.0183258056640625
-0.30889892578125 0.01715087890625 0.19580078125 -0.0221405029296875
-0.29608154296875 -0.052215576171875 0.215835571289062 0.0702667236328125
-0.232192993164063 -0.214141845703125 0.191207885742187 0.129074096679687
-0.071929931640625 -0.301727294921875 0.0511016845703125 0.173324584960937
0.239395141601563 -0.25128173828125 -0.0772628784179688 0.132133483886719
0.362152099609375 -0.076263427734375 -0.0058937072753906 -0.0344524383544922
0.346588134765625 0.143707275390625 0.263748168945313 0.064727783203125
0.097320556640625 0.214431762695313 0.4666748046875 -0.035430908203125
0.181411743164063 0.166366577148437 0.466400146484375 0.00927734375000001
0.249237060546875 0.0254669189453125 0.310272216796875 -0.0445556640625
0.151611328125 -0.15362548828125 0.221343994140625 -0.088531494140625
0.00167846679687499 -0.183181762695313 0.139915466308594 -0.0736312866210938
-0.150482177734375 -0.119338989257812 0.115028381347656 -0.0610122680664063
-0.183212280273437 -0.030029296875 0.156982421875 -0.053558349609375
-0.180496215820313 -0.0140228271484375 0.203887939453125 -0.0501861572265625
-0.223434448242188 0.00140380859375004 0.272506713867187 -0.04315185546875
-0.218231201171875 -0.0494842529296875 0.2889404296875 0.067779541015625
-0.164794921875 -0.172866821289063 0.240219116210937 0.1468505859375
-0.029937744140625 -0.232498168945313 0.0807647705078125 0.1990966796875
0.213973999023438 -0.160232543945313 -0.0606536865234375 0.143478393554688
0.276077270507813 0.0166778564453125 0.0542793273925781 -0.0197944641113281
0.200942993164062 0.190399169921875 0.353118896484375 0.129913330078125
-0.00460815429687501 -0.154510498046875 -0.397857666015625 -0.10455322265625
-0.156646728515625 -0.052764892578125 -0.09564208984375 0.00458526611328125
-0.112106323242188 0.073333740234375 0.0595550537109375 -0.1494140625
0.00180816650390626 0.117538452148438 -0.095458984375 -0.25726318359375
0.0758209228515625 0.0777511596679688 -0.260879516601562 -0.17108154296875
0.110382080078125 0.0168533325195313 -0.335235595703125 -0.01422119140625
0.0825576782226563 0.000457763671875 -0.313079833984375 0.10308837890625
0.0830154418945312 0.0120697021484375 -0.230819702148437 0.106826782226563
0.0885086059570313 0.029449462890625 -0.184005737304687 0.095184326171875
0.0399017333984375 0.0678138732910156 -0.155990600585938 0.0707855224609375
-0.0308074951171875 0.0753555297851563 -0.152587890625 0.0844573974609375
-0.0976791381835938 0.0110549926757812 -0.211517333984375 0.078369140625
-0.089874267578125 -0.109352111816406 -0.310638427734375 0.0288085937499999
-0.009033203125 -0.1827392578125 -0.443145751953125 0.026123046875
0.09124755859375 -0.185821533203125 -0.469512939453125 0.00292968750000006
0.183074951171875 -0.143585205078125 -0.38006591796875 -0.1781005859375
-0.011962890625 -0.124732971191406 -0.0887527465820313 -0.0411605834960938
-0.0304336547851563 -0.0569419860839844 0.076995849609375 -0.171585083007813
-0.0255603790283203 -0.0125293731689453 -0.08660888671875 -0.289947509765625
-0.00807857513427734 -0.00479316711425781 -0.25799560546875 -0.205780029296875
-0.0143899917602539 0.00107192993164063 -0.355621337890625 -0.0321350097656251
-0.0390167236328125 0.0247573852539063 -0.325836181640625 0.105224609375
-0.0317516326904297 0.0261459350585938 -0.22821044921875 0.118499755859375
-0.0408706665039063 0.0406417846679687 -0.18121337890625 0.101837158203125
-0.0750503540039063 0.0286483764648437 -0.15234375 0.085479736328125
-0.0999984741210938 -0.0286026000976562 -0.134170532226563 0.0915451049804688
-0.0872268676757813 -0.114791870117188 -0.1895751953125 0.0865631103515625
0.0361175537109375 -0.192474365234375 -0.272201538085937 0.0540313720703125
0.1580810546875 -0.216323852539063 -0.3946533203125 0.0363159179687501
0.26837158203125 -0.1583251953125 -0.412017822265625 -0.01104736328125
0.353179931640625 -0.097015380859375 -0.29425048828125 -0.237091064453125
0.159530639648438 -0.162246704101563 -0.033538818359375 -0.0870590209960938
0.089111328125 -0.18280029296875 0.118026733398438 -0.192398071289063
-0.0273284912109375 -0.16229248046875 -0.051361083984375 -0.3177490234375
-0.0834274291992187 -0.10711669921875 -0.223297119140625 -0.23638916015625
-0.138801574707031 -0.0289077758789062 -0.33587646484375 -0.0599365234375
-0.15692138671875 0.039398193359375 -0.299468994140625 0.0881652832031249
-0.141769409179688 0.0363922119140625 -0.191482543945312 0.11260986328125
-0.163131713867188 0.0549163818359375 -0.142684936523438 0.096771240234375
-0.182907104492188 0.00447082519531248 -0.111679077148438 0.0980148315429688
-0.177459716796875 -0.10638427734375 -0.0862960815429688 0.105316162109375
-0.105941772460938 -0.21466064453125 -0.14764404296875 0.108871459960937
0.114044189453125 -0.27587890625 -0.224288940429688 0.0895233154296875
0.274429321289063 -0.254074096679688 -0.3233642578125 0.044921875
0.398101806640625 -0.12823486328125 -0.305145263671875 -0.01165771484375
0.47137451171875 -0.021331787109375 -0.146499633789062 -0.267333984375
0.320709228515625 -0.15087890625 0.0661773681640625 -0.120216369628906
0.228988647460938 -0.270401000976563 0.177108764648438 -0.199295043945313
0.00393676757812501 -0.299102783203125 0.0103759765625 -0.32379150390625
-0.132095336914063 -0.212982177734375 -0.154891967773437 -0.250030517578125
-0.239593505859375 -0.0701751708984375 -0.275115966796875 -0.0870208740234374
-0.2520751953125 0.0416107177734375 -0.238189697265625 0.05841064453125
-0.228897094726563 0.041046142578125 -0.12744140625 0.0910186767578125
-0.260604858398438 0.0693359375 -0.0760345458984375 0.0748291015625
-0.26873779296875 -0.00318908691406254 -0.0424957275390625 0.0989761352539062
-0.246368408203125 -0.155838012695313 -0.0185470581054688 0.112136840820312
-0.136215209960938 -0.280258178710938 -0.0913848876953125 0.129776000976562
0.15350341796875 -0.335357666015625 -0.173324584960938 0.11614990234375
0.3427734375 -0.2760009765625 -0.243606567382813 0.0357208251953125
0.46917724609375 -0.09161376953125 -0.168380737304687 -0.0110626220703125
0.505950927734375 0.067108154296875 0.036041259765625 -0.257095336914063
0.42669677734375 -0.08843994140625 0.193450927734375 -0.128021240234375
0.351715087890625 -0.28546142578125 0.2403564453125 -0.182022094726563
0.064208984375 -0.382293701171875 0.0853271484375 -0.29461669921875
-0.138671875 -0.291534423828125 -0.06488037109375 -0.233352661132813
-0.29718017578125 -0.11138916015625 -0.180328369140625 -0.103012084960937
-0.308074951171875 0.033203125 -0.144790649414063 0.02130126953125
-0.280364990234375 0.039398193359375 -0.0447540283203125 0.0559921264648438
-0.319732666015625 0.07635498046875 0.0085334777832031 0.0400619506835938
-0.319976806640625 -0.00595092773437503 0.0436477661132812 0.0863723754882813
-0.28778076171875 -0.1806640625 0.0587158203125 0.109970092773437
-0.1527099609375 -0.311614990234375 -0.0312957763671875 0.142959594726562
0.175994873046875 -0.3558349609375 -0.127182006835938 0.130210876464844
0.371978759765625 -0.260772705078125 -0.163864135742187 0.011016845703125
0.483306884765625 -0.039886474609375 -0.0183086395263672 -0.0081634521484375
0.44940185546875 0.142913818359375 0.220809936523438 -0.209732055664063
0.43798828125 0.004302978515625 0.31884765625 -0.107330322265625
0.4078369140625 -0.22259521484375 0.28704833984375 -0.14453125
0.123291015625 -0.37744140625 0.151840209960938 -0.23394775390625
-0.109283447265625 -0.31512451171875 0.0252532958984375 -0.187713623046875
-0.29876708984375 -0.136627197265625 -0.0698089599609375 -0.101043701171875
-0.31439208984375 0.01953125 -0.0359611511230469 -0.0144882202148437
-0.288604736328125 0.0321350097656251 0.0457725524902344 0.0126304626464844
-0.332733154296875 0.071075439453125 0.100906372070313 -0.00133514404296875
-0.3287353515625 -0.00958251953125003 0.133842468261719 0.066162109375
-0.28857421875 -0.189239501953125 0.133102416992187 0.1051025390625
-0.14013671875 -0.313018798828125 0.0226287841796875 0.153945922851562
0.196258544921875 -0.331451416015625 -0.0914230346679688 0.13446044921875
0.37451171875 -0.201019287109375 -0.0867385864257812 -0.0175933837890625
0.44342041015625 0.030303955078125 0.128936767578125 0.00428009033203125
0.308837890625 0.187957763671875 0.368438720703125 -0.143402099609375
0.349517822265625 0.08819580078125 0.413665771484375 -0.0697021484375
0.3660888671875 -0.1143798828125 0.306732177734375 -0.1009521484375
0.14825439453125 -0.294769287109375 0.19354248046875 -0.162460327148438
-0.0632171630859375 -0.27117919921875 0.0933074951171875 -0.131423950195313
-0.247589111328125 -0.13092041015625 0.0318069458007812 -0.0861358642578125
-0.269088745117188 0.00453186035156245 0.0685043334960937 -0.0451011657714844
-0.251846313476563 0.02032470703125 0.129264831542969 -0.0309906005859375
-0.29608154296875 0.0540161132812501 0.188095092773438 -0.041290283203125
-0.292327880859375 -0.0159606933593751 0.21923828125 0.04669189453125
-0.249588012695313 -0.17987060546875 0.198394775390625 0.106430053710938
-0.10345458984375 -0.28411865234375 0.0667724609375 0.167724609375
0.205490112304688 -0.2696533203125 -0.0639114379882812 0.138626098632813
0.34283447265625 -0.112091064453125 -0.0134334564208984 -0.0329170227050781
0.352691650390625 0.104156494140625 0.259597778320313 0.0352325439453125
0.116806030273438 0.195999145507813 0.44879150390625 -0.07940673828125
0.192535400390625 0.142181396484375 0.455474853515625 -0.035247802734375
0.245132446289063 -0.00250244140625 0.299713134765625 -0.07110595703125
0.128738403320313 -0.164321899414063 0.209716796875 -0.107772827148438
-0.0184783935546875 -0.176177978515625 0.131256103515625 -0.0878219604492188
-0.157562255859375 -0.0968780517578125 0.105628967285156 -0.072296142578125
-0.180313110351562 -0.0083160400390625 0.147659301757813 -0.0688018798828125
-0.175750732421875 0.00613403320312503 0.1944580078125 -0.06854248046875
-0.215377807617188 0.028839111328125 0.259307861328125 -0.0706939697265625
-0.21575927734375 -0.0218048095703125 0.288970947265625 0.03631591796875
-0.179580688476563 -0.147323608398437 0.247940063476563 0.11761474609375
-0.0556182861328125 -0.221389770507813 0.097869873046875 0.188461303710938
0.189544677734375 -0.17779541015625 -0.04693603515625 0.148239135742188
0.2681884765625 -0.01214599609375 0.0472679138183594 -0.0261955261230469
0.214981079101563 0.163223266601563 0.353515625 0.0887451171875
-0.0146331787109375 -0.147537231445313 -0.386199951171875 -0.064483642578125
-0.15087890625 -0.0354156494140625 -0.0879592895507813 0.0145950317382813
-0.100448608398437 0.078704833984375 0.0479583740234375 -0.14984130859375
0.0112457275390625 0.109489440917969 -0.111175537109375 -0.239639282226563
0.0774917602539063 0.0662078857421875 -0.261245727539063 -0.143234252929688
0.104896545410156 0.00562286376953125 -0.320587158203125 0.0120849609374999
0.077392578125 -0.0072174072265625 -0.29034423828125 0.124298095703125
0.0786590576171875 0.00250244140625 -0.210494995117188 0.119857788085937
0.085723876953125 0.01788330078125 -0.16717529296875 0.106002807617188
0.04376220703125 0.0586891174316406 -0.143142700195313 0.0814971923828125
-0.0217971801757812 0.0720138549804687 -0.139312744140625 0.0948715209960938
-0.0911941528320313 0.0170974731445312 -0.198623657226563 0.0921173095703125
-0.0925674438476563 -0.0953750610351563 -0.298583984375 0.04962158203125
-0.02294921875 -0.171218872070313 -0.422821044921875 0.0570983886718751
0.071563720703125 -0.183624267578125 -0.44866943359375 0.038665771484375
0.16534423828125 -0.151596069335938 -0.376556396484375 -0.134765625
-0.0199813842773438 -0.114364624023438 -0.086029052734375 -0.0278778076171875
-0.0332260131835937 -0.0525779724121094 0.06341552734375 -0.172012329101563
-0.0249691009521484 -0.0114936828613281 -0.103775024414063 -0.271133422851563
-0.00836801528930664 -0.00522089004516602 -0.261505126953125 -0.176788330078125
-0.0143985748291016 0.00216865539550781 -0.340118408203125 -0.00354003906249996
-0.03607177734375 0.027191162109375 -0.3001708984375 0.126861572265625
-0.0294342041015625 0.0258827209472656 -0.20538330078125 0.129852294921875
-0.0362930297851563 0.0405807495117188 -0.162918090820313 0.11297607421875
-0.0676956176757813 0.0321235656738281 -0.136894226074219 0.0955047607421875
-0.0960693359375 -0.0194778442382813 -0.119827270507812 0.10125732421875
-0.091583251953125 -0.103179931640625 -0.177688598632813 0.0999298095703125
0.0207977294921875 -0.18572998046875 -0.260604858398438 0.0703125
0.133438110351562 -0.216033935546875 -0.377197265625 0.0635375976562499
0.243499755859375 -0.171127319335937 -0.39483642578125 0.021820068359375
0.3309326171875 -0.120269775390625 -0.299591064453125 -0.197418212890625
0.138687133789063 -0.162673950195313 -0.0376129150390625 -0.0756301879882813
0.0709381103515625 -0.182632446289063 0.10205078125 -0.194015502929688
-0.039764404296875 -0.152435302734375 -0.0711669921875 -0.29986572265625
-0.0880813598632813 -0.0956039428710937 -0.229766845703125 -0.2095947265625
-0.134002685546875 -0.01513671875 -0.323760986328125 -0.030731201171875
-0.146820068359375 0.0513763427734375 -0.27728271484375 0.109054565429688
-0.132347106933594 0.045196533203125 -0.169952392578125 0.12261962890625
-0.150177001953125 0.066253662109375 -0.125625610351563 0.104759216308594
-0.172378540039063 0.0193023681640625 -0.0962677001953125 0.104660034179688
-0.17724609375 -0.0863037109375 -0.0738296508789063 0.110755920410156
-0.117889404296875 -0.195693969726563 -0.134872436523438 0.119071960449219
0.08868408203125 -0.27178955078125 -0.212158203125 0.10211181640625
0.240631103515625 -0.263519287109375 -0.309600830078125 0.0671081542968749
0.3707275390625 -0.153106689453125 -0.292999267578125 0.014251708984375
0.44805908203125 -0.0576171875 -0.162033081054688 -0.237686157226562
0.29315185546875 -0.165008544921875 0.053497314453125 -0.114273071289063
0.19793701171875 -0.277069091796875 0.157669067382813 -0.203659057617188
-0.021331787109375 -0.284576416015625 -0.0123291015625 -0.309600830078125
-0.1419677734375 -0.191757202148437 -0.165817260742188 -0.227142333984375
-0.233016967773437 -0.0453948974609375 -0.26849365234375 -0.0619354248046875
-0.236541748046875 0.0623626708984375 -0.219528198242188 0.0753326416015625
-0.214019775390625 0.0575103759765625 -0.10955810546875 0.0968399047851563
-0.240707397460937 0.089019775390625 -0.0639266967773437 0.0792617797851563
-0.25439453125 0.0205688476562501 -0.0292434692382813 0.100196838378906
-0.247406005859375 -0.125320434570312 -0.00798797607421877 0.111656188964844
-0.15234375 -0.255172729492188 -0.078582763671875 0.13519287109375
0.11993408203125 -0.33294677734375 -0.1607666015625 0.124771118164063
0.302703857421875 -0.2901611328125 -0.234848022460937 0.053192138671875
0.442413330078125 -0.124847412109375 -0.16357421875 0.00479125976562498
0.48974609375 0.024078369140625 0.011962890625 -0.243667602539063
0.3985595703125 -0.115264892578125 0.173599243164063 -0.13214111328125
0.3138427734375 -0.30194091796875 0.219192504882813 -0.191009521484375
0.029449462890625 -0.36810302734375 0.061676025390625 -0.287139892578125
-0.154556274414063 -0.265792846679688 -0.0779571533203125 -0.219528198242188
-0.290557861328125 -0.0789794921875 -0.180068969726563 -0.084259033203125
-0.28961181640625 0.0599365234374999 -0.134017944335938 0.032989501953125
-0.263473510742188 0.0609283447265625 -0.0334129333496094 0.0566825866699219
-0.29571533203125 0.102630615234375 0.0140304565429687 0.0393218994140625
-0.302978515625 0.0238952636718749 0.0513229370117187 0.08013916015625
-0.2896728515625 -0.144744873046875 0.065155029296875 0.102706909179687
-0.172088623046875 -0.283111572265625 -0.019073486328125 0.143325805664062
0.139617919921875 -0.354888916015625 -0.114875793457031 0.135002136230469
0.331787109375 -0.27783203125 -0.161270141601562 0.0245208740234375
0.459197998046875 -0.076416015625 -0.0205020904541015 -0.0046234130859375
0.44061279296875 0.10040283203125 0.191696166992188 -0.21392822265625
0.41632080078125 -0.028533935546875 0.294525146484375 -0.122711181640625
0.371429443359375 -0.24749755859375 0.265472412109375 -0.157058715820313
0.08563232421875 -0.368560791015625 0.129837036132813 -0.234207153320313
-0.12896728515625 -0.289276123046875 0.011199951171875 -0.182861328125
-0.2928466796875 -0.10223388671875 -0.0740585327148438 -0.0903472900390625
-0.29705810546875 0.0469970703125001 -0.0337772369384766 -0.010498046875
-0.271697998046875 0.0556488037109375 0.0479621887207031 0.00860595703125
-0.307525634765625 0.0992736816406251 0.0972671508789062 -0.00775909423828124
-0.311370849609375 0.022216796875 0.136093139648437 0.0526809692382813
-0.291046142578125 -0.1517333984375 0.135574340820312 0.0911102294921875
-0.16033935546875 -0.28497314453125 0.0336151123046875 0.148529052734375
0.158966064453125 -0.33343505859375 -0.0792388916015625 0.1375732421875
0.338897705078125 -0.222076416015625 -0.0887908935546875 -0.0089263916015625
0.4263916015625 -0.0074462890625 0.12078857421875 -0.0050811767578125
0.309967041015625 0.15264892578125 0.337860107421875 -0.162567138671875
0.3387451171875 0.056793212890625 0.388580322265625 -0.09515380859375
0.340667724609375 -0.142120361328125 0.287261962890625 -0.117401123046875
0.11553955078125 -0.2911376953125 0.175384521484375 -0.16949462890625
-0.0822296142578125 -0.251144409179688 0.0809555053710937 -0.134422302246094
-0.244277954101563 -0.101211547851562 0.0239181518554687 -0.0853729248046875
-0.2552490234375 0.028472900390625 0.0629539489746094 -0.0485992431640625
-0.237258911132813 0.0414733886718751 0.1239013671875 -0.0401458740234375
-0.274383544921875 0.0806121826171875 0.176406860351563 -0.0538787841796875
-0.278091430664063 0.0123291015625 0.214370727539062 0.0269775390625
-0.253952026367188 -0.146392822265625 0.198165893554687 0.0862884521484375
-0.123809814453125 -0.260055541992187 0.07769775390625 0.156845092773437
0.173141479492188 -0.274078369140625 -0.0518569946289062 0.138771057128906
0.314849853515625 -0.1351318359375 -0.0194149017333984 -0.0300426483154297
0.345947265625 0.069732666015625 0.247665405273438 0.013214111328125
0.12652587890625 0.175750732421875 0.42156982421875 -0.109619140625
0.194046020507813 0.119903564453125 0.43310546875 -0.067535400390625
0.234664916992187 -0.025299072265625 0.282501220703125 -0.0882568359375
0.106719970703125 -0.166107177734375 0.194839477539063 -0.118743896484375
-0.03204345703125 -0.163665771484375 0.120193481445313 -0.0956878662109375
-0.157150268554688 -0.0767974853515625 0.0957107543945312 -0.0788116455078125
-0.171310424804688 0.00823974609375003 0.135665893554687 -0.0786514282226562
-0.16546630859375 0.0209503173828125 0.181427001953125 -0.0810546875
-0.20001220703125 0.0483245849609375 0.240829467773437 -0.0869903564453125
-0.20587158203125 0.000183105468750003 0.2783203125 0.011199951171875
-0.1839599609375 -0.122787475585938 0.244613647460937 0.0924072265625
-0.0718231201171875 -0.204620361328125 0.109054565429688 0.17376708984375
0.165267944335938 -0.184478759765625 -0.0346527099609375 0.146652221679688
0.25238037109375 -0.033599853515625 0.0391616821289063 -0.0291252136230469
0.21820068359375 0.137283325195312 0.3411865234375 0.0550537109375
-0.020233154296875 -0.140716552734375 -0.36920166015625 -0.0382385253906251
-0.143310546875 -0.023345947265625 -0.0801925659179688 0.0219192504882813
-0.0913009643554687 0.0804977416992188 0.0402679443359375 -0.148452758789063
0.0162506103515625 0.101585388183594 -0.117935180664062 -0.22509765625
0.0769271850585937 0.0572128295898438 -0.257354736328125 -0.122772216796875
0.099212646484375 -0.001007080078125 -0.30426025390625 0.0270080566406251
0.0722198486328125 -0.0112380981445313 -0.268905639648438 0.134658813476562
0.0733871459960937 -0.00392913818359375 -0.194686889648437 0.124969482421875
0.0804977416992188 0.009246826171875 -0.1529541015625 0.110198974609375
0.0453758239746094 0.0522422790527344 -0.132568359375 0.0863189697265625
-0.0161056518554688 0.0677909851074219 -0.127235412597656 0.0993270874023437
-0.0854949951171875 0.0204925537109375 -0.187576293945313 0.099273681640625
-0.0919570922851563 -0.0852584838867188 -0.2867431640625 0.0603637695312499
-0.030975341796875 -0.159805297851563 -0.402618408203125 0.0736083984375001
0.057891845703125 -0.178817749023438 -0.428741455078125 0.059112548828125
0.152008056640625 -0.154022216796875 -0.364227294921875 -0.10394287109375
-0.022674560546875 -0.104705810546875 -0.081390380859375 -0.0185775756835938
-0.0343093872070313 -0.04913330078125 0.05474853515625 -0.169647216796875
-0.0251941680908203 -0.0104198455810547 -0.112045288085938 -0.254531860351563
-0.00864315032958984 -0.00614070892333985 -0.257858276367188 -0.155899047851563
-0.0139741897583008 0.00362396240234375 -0.322998046875 0.01416015625
-0.0339260101318359 0.0288219451904297 -0.27874755859375 0.137481689453125
-0.0281028747558594 0.0246334075927734 -0.187240600585938 0.13446044921875
-0.0328254699707031 0.0393486022949219 -0.147628784179688 0.116653442382813
-0.0617599487304687 0.0333671569824219 -0.124099731445312 0.100288391113281
-0.0917510986328125 -0.0143814086914062 -0.108940124511719 0.105293273925781
-0.0922775268554688 -0.09344482421875 -0.166839599609375 0.106475830078125
0.0121307373046875 -0.178573608398438 -0.250503540039063 0.078948974609375
0.116012573242188 -0.211898803710938 -0.3602294921875 0.07843017578125
0.2232666015625 -0.17486572265625 -0.377655029296875 0.04150390625
0.311431884765625 -0.132080078125 -0.295745849609375 -0.16741943359375
0.125839233398438 -0.158660888671875 -0.0392799377441406 -0.0653152465820313
0.05841064453125 -0.17852783203125 0.090118408203125 -0.191360473632813
-0.046234130859375 -0.1431884765625 -0.0819091796875 -0.283599853515625
-0.0888214111328125 -0.0877532958984375 -0.229476928710938 -0.188552856445313
-0.128570556640625 -0.00617218017578127 -0.309356689453125 -0.0129394531250001
-0.137039184570313 0.0586700439453125 -0.256576538085938 0.119552612304688
-0.1248779296875 0.0495071411132812 -0.15234375 0.124237060546875
-0.139076232910156 0.0711593627929688 -0.112228393554688 0.107452392578125
-0.16107177734375 0.02838134765625 -0.0835113525390625 0.106239318847656
-0.172622680664063 -0.07220458984375 -0.0637969970703125 0.112884521484375
-0.123001098632813 -0.180908203125 -0.124794006347656 0.123687744140625
0.07196044921875 -0.265182495117187 -0.202789306640625 0.107681274414062
0.215469360351563 -0.263092041015625 -0.296966552734375 0.0797119140625
0.346405029296875 -0.1654052734375 -0.28155517578125 0.02923583984375
0.42578125 -0.076751708984375 -0.167861938476562 -0.213348388671875
0.271011352539063 -0.169097900390625 0.0454559326171875 -0.106636047363281
0.17425537109375 -0.27587890625 0.143569946289063 -0.202774047851563
-0.0350341796875 -0.27020263671875 -0.024993896484375 -0.295257568359375
-0.145278930664062 -0.17584228515625 -0.168197631835938 -0.210830688476562
-0.223907470703125 -0.0287322998046875 -0.258148193359375 -0.045074462890625
-0.221511840820313 0.07470703125 -0.203109741210937 0.08441162109375
-0.202178955078125 0.066558837890625 -0.0958938598632813 0.0966033935546875
-0.222763061523438 0.09991455078125 -0.0537643432617188 0.0802383422851563
-0.239181518554688 0.0348052978515625 -0.0204086303710938 0.0985183715820313
-0.24237060546875 -0.103988647460937 -0.00118255615234376 0.110458374023438
-0.160079956054688 -0.234542846679687 -0.0688705444335938 0.136566162109375
0.098052978515625 -0.32623291015625 -0.152008056640625 0.12847900390625
0.273040771484375 -0.29241943359375 -0.22674560546875 0.0639953613281249
0.41705322265625 -0.14105224609375 -0.1580810546875 0.013580322265625
0.468841552734375 -0.00335693359375 -0.00195312499999999 -0.227386474609375
0.37213134765625 -0.127105712890625 0.158126831054688 -0.12969970703125
0.28436279296875 -0.306732177734375 0.202362060546875 -0.192001342773438
0.0079345703125 -0.350616455078125 0.047607421875 -0.276748657226563
-0.160964965820312 -0.244735717773438 -0.0830230712890625 -0.207733154296875
-0.279098510742188 -0.057403564453125 -0.17510986328125 -0.071197509765625
-0.272171020507813 0.0754547119140625 -0.124053955078125 0.0392532348632813
-0.247344970703125 0.07232666015625 -0.0244712829589844 0.0547752380371094
-0.27362060546875 0.117095947265625 0.0180740356445312 0.0378913879394531
-0.285308837890625 0.042205810546875 0.0559616088867187 0.0749740600585937
-0.283905029296875 -0.118377685546875 0.06781005859375 0.0966339111328125
-0.180252075195313 -0.2589111328125 -0.011138916015625 0.140731811523437
0.1138916015625 -0.34735107421875 -0.106010437011719 0.136695861816406
0.30059814453125 -0.2841796875 -0.156875610351562 0.0328216552734375
0.43670654296875 -0.097198486328125 -0.0220470428466797 -0.00195693969726563
0.425537109375 0.072998046875 0.171112060546875 -0.209304809570313
0.3946533203125 -0.04705810546875 0.274459838867188 -0.128570556640625
0.341583251953125 -0.257720947265625 0.249298095703125 -0.161529541015625
0.060394287109375 -0.355377197265625 0.11553955078125 -0.229537963867188
-0.137222290039062 -0.268386840820312 0.00361633300781249 -0.1773681640625
-0.283294677734375 -0.0788879394531251 -0.0755386352539063 -0.0828475952148438
-0.279327392578125 0.0634002685546875 -0.0310993194580078 -0.00834465026855469
-0.255279541015625 0.0677947998046875 0.050445556640625 0.00463485717773438
-0.28466796875 0.115447998046875 0.094085693359375 -0.0118942260742187
-0.2933349609375 0.041534423828125 0.1346435546875 0.0443038940429688
-0.286224365234375 -0.12506103515625 0.134353637695312 0.080963134765625
-0.169876098632813 -0.26080322265625 0.0404052734375 0.142318725585937
0.134002685546875 -0.32904052734375 -0.0706329345703125 0.137016296386719
0.309173583984375 -0.2298583984375 -0.0886611938476563 -0.0027618408203125
0.408660888671875 -0.030364990234375 0.112846374511719 -0.01019287109375
0.304168701171875 0.129364013671875 0.3131103515625 -0.169464111328125
0.32537841796875 0.03717041015625 0.3656005859375 -0.107177734375
0.316986083984375 -0.1561279296875 0.270950317382813 -0.123825073242188
0.09234619140625 -0.283294677734375 0.162506103515625 -0.169647216796875
-0.09173583984375 -0.233840942382812 0.0727005004882813 -0.134666442871094
-0.236083984375 -0.080291748046875 0.0183029174804687 -0.0838394165039062
-0.24072265625 0.043487548828125 0.0580787658691406 -0.0500373840332031
-0.223098754882813 0.0532379150390625 0.119033813476562 -0.0459671020507813
-0.254501342773438 0.0946197509765626 0.165802001953125 -0.05963134765625
-0.26214599609375 0.030517578125 0.206710815429687 0.0142974853515625
-0.2508544921875 -0.1212158203125 0.192840576171875 0.072296142578125
-0.133392333984375 -0.2392578125 0.083526611328125 0.147537231445312
0.14898681640625 -0.272369384765625 -0.0436630249023437 0.137550354003906
0.290985107421875 -0.146728515625 -0.0240535736083984 -0.0273590087890625
0.334808349609375 0.046966552734375 0.23388671875 -0.000106811523437497
0.12945556640625 0.158721923828125 0.39666748046875 -0.12445068359375
0.191360473632812 0.103790283203125 0.410400390625 -0.0849609375
0.222244262695313 -0.0390777587890625 0.268096923828125 -0.0966796875
0.0910797119140625 -0.162872314453125 0.183563232421875 -0.122802734375
-0.039642333984375 -0.152435302734375 0.111320495605469 -0.0991744995117188
-0.151840209960938 -0.0623626708984375 0.08685302734375 -0.0818634033203125
-0.162078857421875 0.01849365234375 0.125968933105469 -0.0833969116210938
-0.15582275390625 0.029510498046875 0.1697998046875 -0.087066650390625
-0.18487548828125 0.0596923828125 0.22540283203125 -0.0958251953125
-0.19390869140625 0.0137481689453125 0.267196655273437 -0.0048065185546875
-0.182449340820313 -0.104415893554688 0.23785400390625 0.0751800537109375
-0.081268310546875 -0.1895751953125 0.1129150390625 0.16156005859375
0.146636962890625 -0.18560791015625 -0.0265045166015625 0.143508911132813
0.237152099609375 -0.0461578369140625 0.0324630737304688 -0.0307960510253906
0.215774536132813 0.1180419921875 0.324676513671875 0.03350830078125
-0.0236587524414062 -0.137481689453125 -0.358123779296875 -0.0215454101562501
-0.13787841796875 -0.0163421630859375 -0.0737457275390625 0.0270919799804688
-0.0853729248046875 0.0818405151367188 0.0360565185546875 -0.148696899414063
0.019195556640625 0.0968093872070313 -0.122482299804687 -0.216445922851563
0.076202392578125 0.0517959594726563 -0.254257202148437 -0.110809326171875
0.0961685180664063 -0.0052032470703125 -0.29461669921875 0.036285400390625
0.0693092346191406 -0.0139045715332031 -0.256637573242188 0.140914916992188
0.0694007873535156 -0.007965087890625 -0.184616088867188 0.128646850585937
0.0774154663085938 0.00350189208984375 -0.144073486328125 0.113357543945312
0.0465850830078125 0.0462379455566406 -0.125534057617188 0.0897979736328125
-0.012542724609375 0.0640373229980469 -0.12060546875 0.102142333984375
-0.0817642211914062 0.0226211547851562 -0.182418823242188 0.104644775390625
-0.0913162231445313 -0.0788040161132812 -0.281646728515625 0.06671142578125
-0.035064697265625 -0.152374267578125 -0.392486572265625 0.084136962890625
0.0506439208984375 -0.175064086914063 -0.416778564453125 0.07080078125
0.143753051757813 -0.155792236328125 -0.3564453125 -0.085601806640625
-0.023468017578125 -0.0988922119140625 -0.0777740478515625 -0.0107192993164063
-0.0349349975585937 -0.04644775390625 0.04974365234375 -0.168869018554688
-0.0247097015380859 -0.0104885101318359 -0.116943359375 -0.245620727539063
-0.00926780700683594 -0.0066070556640625 -0.256103515625 -0.143325805664063
-0.0136032104492188 0.0043172836303711 -0.31329345703125 0.0247802734375
-0.0317211151123047 0.0297832489013672 -0.26507568359375 0.144668579101562
-0.0279159545898438 0.0241622924804688 -0.176712036132813 0.13616943359375
-0.031768798828125 0.0380134582519531 -0.137947082519531 0.119346618652344
-0.0581130981445312 0.0332107543945313 -0.116172790527344 0.102783203125
-0.0890579223632813 -0.0116043090820313 -0.102508544921875 0.108436584472656
-0.0925827026367188 -0.0886917114257813 -0.161392211914062 0.11199951171875
0.00732421875000001 -0.173919677734375 -0.24652099609375 0.0847015380859375
0.10455322265625 -0.209182739257813 -0.3526611328125 0.0881652832031251
0.21240234375 -0.176773071289063 -0.369537353515625 0.0522155761718749
0.299957275390625 -0.13983154296875 -0.292327880859375 -0.148651123046875
0.1182861328125 -0.155685424804688 -0.0386276245117188 -0.0573158264160156
0.0510406494140625 -0.177001953125 0.0841827392578125 -0.190963745117188
-0.0506591796875 -0.138343811035156 -0.0874481201171875 -0.274520874023438
-0.090179443359375 -0.0831832885742188 -0.22845458984375 -0.177719116210938
-0.124565124511719 0.000152587890625021 -0.30072021484375 -0.00186157226562496
-0.131256103515625 0.06414794921875 -0.243270874023437 0.126632690429688
-0.121055603027344 0.0518646240234375 -0.141693115234375 0.12493896484375
-0.13262939453125 0.074462890625 -0.102882385253906 0.109428405761719
-0.154251098632813 0.0335540771484375 -0.0755081176757813 0.1082763671875
-0.170120239257812 -0.0630950927734375 -0.0577239990234375 0.114456176757813
-0.125701904296875 -0.171539306640625 -0.119461059570313 0.12811279296875
0.062652587890625 -0.26153564453125 -0.199371337890625 0.11151123046875
0.19989013671875 -0.263336181640625 -0.291351318359375 0.08856201171875
0.33343505859375 -0.171478271484375 -0.275802612304688 0.0384368896484375
0.414581298828125 -0.08905029296875 -0.170654296875 -0.196502685546875
0.258834838867187 -0.169540405273438 0.0413360595703125 -0.099853515625
0.161117553710938 -0.277603149414063 0.137451171875 -0.202072143554688
-0.044586181640625 -0.260787963867188 -0.031768798828125 -0.28729248046875
-0.14727783203125 -0.167190551757813 -0.169387817382813 -0.20172119140625
-0.217819213867188 -0.0186309814453125 -0.253097534179688 -0.0347900390625
-0.212387084960938 0.08282470703125 -0.19268798828125 0.089813232421875
-0.194931030273438 0.0719451904296875 -0.0867233276367188 0.0958480834960938
-0.212066650390625 0.106307983398437 -0.0473098754882813 0.0809783935546875
-0.229812622070313 0.0441741943359375 -0.0133895874023438 0.0975570678710937
-0.239654541015625 -0.090240478515625 0.00380706787109374 0.110404968261719
-0.16375732421875 -0.222244262695313 -0.064208984375 0.138481140136719
0.084869384765625 -0.322509765625 -0.148529052734375 0.131027221679687
0.254119873046875 -0.294219970703125 -0.223648071289062 0.0711975097656249
0.404144287109375 -0.15167236328125 -0.155303955078125 0.0196685791015625
0.457611083984375 -0.018585205078125 -0.010162353515625 -0.216537475585938
0.358306884765625 -0.133056640625 0.149765014648438 -0.126861572265625
0.26568603515625 -0.311126708984375 0.194900512695313 -0.192825317382813
-0.00540161132812502 -0.340728759765625 0.039947509765625 -0.2708740234375
-0.164688110351563 -0.233673095703125 -0.08636474609375 -0.201431274414063
-0.272186279296875 -0.0443115234375 -0.172561645507813 -0.0629730224609375
-0.260787963867188 0.0856933593750001 -0.117263793945313 0.0427932739257813
-0.238494873046875 0.08038330078125 -0.0186500549316406 0.0526313781738281
-0.259292602539062 0.125167846679687 0.0209159851074219 0.0375251770019531
-0.273834228515625 0.0536193847656251 0.0593795776367187 0.0717620849609375
-0.280303955078125 -0.1015625 0.0704727172851562 0.0941619873046875
-0.185577392578125 -0.244857788085937 -0.00680541992187502 0.140518188476562
0.0986328125 -0.344818115234375 -0.101974487304688 0.138229370117187
0.281463623046875 -0.287994384765625 -0.155715942382812 0.0390167236328125
0.42401123046875 -0.1099853515625 -0.0231609344482422 -0.00073051452636719
0.41851806640625 0.0552978515625 0.158523559570313 -0.205245971679688
0.382171630859375 -0.056793212890625 0.26239013671875 -0.129470825195313
0.32379150390625 -0.266632080078125 0.240524291992188 -0.163238525390625
0.04498291015625 -0.34661865234375 0.108322143554688 -0.22674560546875
-0.143356323242187 -0.2569580078125 0.000167846679687472 -0.175933837890625
-0.276473999023438 -0.06439208984375 -0.0765304565429688 -0.0785293579101563
-0.268112182617188 0.0746917724609375 -0.02838134765625 -0.00706672668457031
-0.246322631835938 0.07666015625 0.0519828796386719 0.00139617919921875
-0.269638061523437 0.124664306640625 0.0928268432617187 -0.0131912231445312
-0.281768798828125 0.0538330078125 0.133941650390625 0.0380859375
-0.283172607421875 -0.106231689453125 0.134231567382812 0.0755615234375
-0.175827026367188 -0.246688842773437 0.0438613891601562 0.139495849609375
0.11737060546875 -0.326080322265625 -0.0667724609375 0.137603759765625
0.291351318359375 -0.23626708984375 -0.0900115966796875 0.00151824951171875
0.399078369140625 -0.044891357421875 0.108207702636719 -0.0132980346679688
0.30072021484375 0.11346435546875 0.298736572265625 -0.17254638671875
0.3182373046875 0.02581787109375 0.352264404296875 -0.11468505859375
0.303466796875 -0.16644287109375 0.263534545898438 -0.127120971679687
0.0788726806640625 -0.278060913085937 0.156570434570313 -0.170394897460938
-0.09674072265625 -0.223220825195312 0.0685348510742187 -0.136711120605469
-0.231170654296875 -0.0676727294921875 0.0148239135742187 -0.0832366943359375
-0.230865478515625 0.05322265625 0.0555419921875 -0.0518608093261719
-0.215072631835937 0.0602874755859375 0.116226196289062 -0.0502777099609375
-0.240798950195313 0.104248046875 0.160064697265625 -0.06378173828125
-0.25213623046875 0.0423736572265624 0.203262329101563 0.0071868896484375
-0.248184204101563 -0.104644775390625 0.190444946289062 0.0641021728515625
-0.13946533203125 -0.226898193359375 0.086212158203125 0.142364501953125
0.134796142578125 -0.271347045898438 -0.0392990112304687 0.136604309082031
0.2769775390625 -0.153717041015625 -0.0273704528808594 -0.0255794525146485
0.32879638671875 0.03289794921875 0.2266845703125 -0.008636474609375
0.131912231445313 0.148971557617188 0.382843017578125 -0.132049560546875
0.189971923828125 0.09344482421875 0.3970947265625 -0.094696044921875
0.21466064453125 -0.048797607421875 0.26141357421875 -0.101028442382813
0.0810546875 -0.162246704101563 0.17816162109375 -0.126190185546875
-0.0433349609375 -0.146011352539063 0.107383728027344 -0.102821350097656
-0.14813232421875 -0.054229736328125 0.0812911987304687 -0.0843887329101563
-0.155975341796875 0.0261688232421875 0.119354248046875 -0.086944580078125
-0.149826049804688 0.0353546142578125 0.163497924804688 -0.09124755859375
-0.175369262695313 0.0665130615234375 0.215530395507813 -0.1007080078125
-0.187026977539063 0.022796630859375 0.260177612304687 -0.0137939453125
-0.181365966796875 -0.091705322265625 0.233551025390625 0.0653839111328125
-0.0871124267578125 -0.180618286132813 0.116012573242188 0.154373168945313
0.135055541992188 -0.186477661132813 -0.0219268798828125 0.141860961914063
0.228439331054688 -0.0531005859375 0.0274181365966797 -0.0316181182861328
0.216201782226563 0.105911254882813 0.315032958984375 0.020294189453125
-0.02886962890625 -0.137710571289063 -0.355682373046875 -0.00537109374999996
-0.135612487792969 -0.00930786132812499 -0.0685348510742188 0.0328216552734375
-0.0810089111328125 0.0858001708984375 0.0312347412109375 -0.152191162109375
0.0225296020507812 0.0944366455078125 -0.130691528320313 -0.212265014648438
0.077239990234375 0.0475997924804688 -0.257080078125 -0.100082397460937
0.0951080322265625 -0.00968170166015625 -0.291961669921875 0.046722412109375
0.0680084228515625 -0.0175819396972656 -0.249847412109375 0.151275634765625
0.0671234130859375 -0.0118408203125 -0.179168701171875 0.135833740234375
0.0749588012695313 -0.002105712890625 -0.1390380859375 0.118888854980469
0.0486488342285156 0.0421371459960938 -0.121528625488281 0.0955581665039062
-0.00897979736328125 0.0628433227539063 -0.11669921875 0.107658386230469
-0.079986572265625 0.0260543823242188 -0.180557250976562 0.11285400390625
-0.0929794311523437 -0.0741729736328125 -0.283294677734375 0.0769653320312499
-0.0402374267578125 -0.147964477539062 -0.390289306640625 0.098175048828125
0.043243408203125 -0.176071166992188 -0.41595458984375 0.08612060546875
0.137832641601563 -0.162445068359375 -0.357421875 -0.068115234375
-0.0248565673828125 -0.09552001953125 -0.0751266479492188 -0.00347900390625001
-0.036346435546875 -0.0450401306152344 0.0449676513671875 -0.172317504882813
-0.0260105133056641 -0.01043701171875 -0.1251220703125 -0.240951538085938
-0.0100002288818359 -0.00760841369628906 -0.259368896484375 -0.133193969726563
-0.0131988525390625 0.00504016876220703 -0.31109619140625 0.035614013671875
-0.0304012298583984 0.0319633483886719 -0.256698608398438 0.155059814453125
-0.0286083221435547 0.0246162414550781 -0.1695556640625 0.142425537109375
-0.0307197570800781 0.0379714965820313 -0.131576538085938 0.124603271484375
-0.0552253723144531 0.0336341857910156 -0.110649108886719 0.107826232910156
-0.0886154174804688 -0.00864410400390626 -0.0976333618164063 0.113700866699219
-0.09527587890625 -0.0847320556640625 -0.159164428710938 0.119888305664062
0.0012359619140625 -0.173751831054688 -0.24774169921875 0.0940093994140625
0.095703125 -0.210723876953125 -0.3516845703125 0.101654052734375
0.205337524414063 -0.184173583984375 -0.368072509765625 0.0662841796875
0.29498291015625 -0.151580810546875 -0.29583740234375 -0.132568359375
0.114517211914063 -0.15631103515625 -0.0385322570800781 -0.0511054992675781
0.043731689453125 -0.179168701171875 0.0793609619140625 -0.194198608398438
-0.05560302734375 -0.1357421875 -0.095977783203125 -0.270889282226563
-0.0935440063476562 -0.0803375244140625 -0.234619140625 -0.169540405273438
-0.123626708984375 0.00563049316406248 -0.29925537109375 0.00888061523437502
-0.127464294433594 0.0707855224609375 -0.235427856445312 0.136184692382813
-0.11962890625 0.056793212890625 -0.134117126464844 0.128135681152344
-0.128791809082031 0.0797805786132812 -0.09649658203125 0.113410949707031
-0.151229858398438 0.0392608642578125 -0.0692672729492188 0.111717224121094
-0.1712646484375 -0.05535888671875 -0.0522994995117188 0.1185302734375
-0.132095336914062 -0.166183471679688 -0.116317749023438 0.135276794433594
0.0519866943359375 -0.265045166015625 -0.200515747070312 0.119537353515625
0.187774658203125 -0.269180297851563 -0.2916259765625 0.10064697265625
0.326324462890625 -0.1829833984375 -0.27532958984375 0.0485687255859375
0.410919189453125 -0.10516357421875 -0.177047729492187 -0.184494018554688
0.25323486328125 -0.175384521484375 0.0385894775390625 -0.095947265625
0.149444580078125 -0.2843017578125 0.13262939453125 -0.207122802734375
-0.0551300048828125 -0.2574462890625 -0.04052734375 -0.28533935546875
-0.15374755859375 -0.162139892578125 -0.175933837890625 -0.19647216796875
-0.216262817382813 -0.00898742675781252 -0.252792358398438 -0.024993896484375
-0.207244873046875 0.09283447265625 -0.186004638671875 0.098175048828125
-0.192474365234375 0.079681396484375 -0.0796279907226563 0.09710693359375
-0.204910278320312 0.116455078125 -0.041290283203125 0.0839157104492188
-0.224273681640625 0.054840087890625 -0.00714874267578128 0.0993499755859375
-0.241363525390625 -0.078094482421875 0.00859832763671872 0.111915588378906
-0.173110961914062 -0.214401245117188 -0.0602264404296875 0.143798828125
0.071136474609375 -0.32733154296875 -0.14776611328125 0.137863159179687
0.23968505859375 -0.303192138671875 -0.224334716796875 0.0813446044921875
0.3978271484375 -0.1663818359375 -0.15625 0.02593994140625
0.456756591796875 -0.037017822265625 -0.018218994140625 -0.21026611328125
0.354766845703125 -0.14385986328125 0.14447021484375 -0.1268310546875
0.252960205078125 -0.3226318359375 0.19122314453125 -0.19866943359375
-0.01959228515625 -0.339080810546875 0.0330810546875 -0.272003173828125
-0.172927856445312 -0.227767944335938 -0.0935211181640625 -0.200942993164063
-0.271591186523438 -0.031585693359375 -0.17437744140625 -0.05572509765625
-0.254989624023437 0.098297119140625 -0.113059997558594 0.0474929809570313
-0.23431396484375 0.0908050537109375 -0.0133285522460938 0.0509567260742188
-0.251007080078125 0.137710571289062 0.024658203125 0.0372314453125
-0.26776123046875 0.0673980712890625 0.0648117065429687 0.0702400207519531
-0.283447265625 -0.086700439453125 0.0751495361328125 0.0928802490234375
-0.195556640625 -0.2359619140625 -0.00183105468750002 0.142913818359375
0.083343505859375 -0.349456787109375 -0.0998992919921875 0.14337158203125
0.266998291015625 -0.29766845703125 -0.157699584960937 0.046600341796875
0.420684814453125 -0.1265869140625 -0.0251979827880859 0.00043678283691405
0.42034912109375 0.038421630859375 0.150039672851563 -0.206405639648438
0.379669189453125 -0.069366455078125 0.255950927734375 -0.135055541992188
0.312591552734375 -0.281524658203125 0.238494873046875 -0.171218872070313
0.03076171875 -0.346466064453125 0.103042602539063 -0.230926513671875
-0.152114868164063 -0.251113891601562 -0.00608825683593753 -0.178848266601563
-0.27685546875 -0.0509033203125 -0.079833984375 -0.0754470825195313
-0.262252807617188 0.0878753662109375 -0.027578353881836 -0.00589752197265624
-0.242233276367188 0.08734130859375 0.0553436279296875 -0.0026092529296875
-0.260498046875 0.137252807617188 0.0933914184570312 -0.0166854858398437
-0.274856567382813 0.068206787109375 0.137001037597656 0.0339508056640625
-0.286102294921875 -0.091033935546875 0.137275695800781 0.0714950561523438
-0.186721801757812 -0.237335205078125 0.04901123046875 0.139183044433594
0.1016845703125 -0.332550048828125 -0.0629730224609375 0.14129638671875
0.278228759765625 -0.248306274414063 -0.0938949584960937 0.00571441650390622
0.39697265625 -0.061492919921875 0.105682373046875 -0.0170364379882813
0.304931640625 0.10101318359375 0.290557861328125 -0.179901123046875
0.318359375 0.0147705078125 0.345947265625 -0.12493896484375
0.295623779296875 -0.1810302734375 0.26177978515625 -0.1353759765625
0.066009521484375 -0.27911376953125 0.152801513671875 -0.177520751953125
-0.104965209960938 -0.219268798828125 0.063934326171875 -0.141632080078125
-0.231369018554688 -0.0565185546875 0.0106201171875 -0.083709716796875
-0.2265625 0.0649261474609375 0.0542831420898437 -0.0540847778320312
-0.211959838867188 0.0699462890625 0.116371154785156 -0.0560989379882812
-0.232025146484375 0.115814208984375 0.158309936523437 -0.069183349609375
-0.245925903320312 0.0554046630859375 0.204437255859375 -0.000976562499999997
-0.2509765625 -0.0914154052734375 0.192153930664063 0.0569610595703125
-0.149154663085937 -0.21856689453125 0.0913314819335938 0.140174865722656
0.122665405273438 -0.277801513671875 -0.0349655151367188 0.139198303222656
0.268569946289063 -0.165481567382812 -0.0318565368652344 -0.0242156982421875
0.330352783203125 0.017730712890625 0.22369384765625 -0.0178070068359375
0.137481689453125 0.1422119140625 0.37567138671875 -0.143310546875
0.1934814453125 0.0848541259765625 0.391326904296875 -0.108673095703125
0.211532592773437 -0.0599365234375 0.2603759765625 -0.10894775390625
0.0726776123046875 -0.163955688476563 0.177169799804688 -0.134536743164063
-0.0491485595703125 -0.144027709960938 0.104225158691406 -0.109817504882813
-0.148590087890625 -0.046234130859375 0.0767440795898437 -0.0881729125976562
-0.153762817382813 0.0334320068359375 0.115447998046875 -0.0924911499023438
-0.14813232421875 0.042083740234375 0.160491943359375 -0.099365234375
-0.169174194335937 0.0748138427734375 0.210968017578125 -0.108749389648438
-0.183349609375 0.0322418212890625 0.258697509765625 -0.0236358642578125
-0.183670043945313 -0.0813446044921875 0.234832763671875 0.0556793212890625
-0.094482421875 -0.174896240234375 0.121505737304687 0.150588989257813
0.127227783203125 -0.191360473632813 -0.017547607421875 0.143218994140625
0.224716186523438 -0.0627593994140625 0.0231361389160156 -0.0338878631591797
0.219100952148437 0.095184326171875 0.312896728515625 0.00750732421875001
-0.0383682250976562 -0.13775634765625 -0.35650634765625 0.016876220703125
-0.134651184082031 -0.000610351562499977 -0.0630111694335938 0.0394821166992187
-0.0755157470703125 0.0923080444335938 0.0229644775390625 -0.157058715820313
0.0270156860351562 0.0926132202148438 -0.143798828125 -0.2060546875
0.0791244506835938 0.0423355102539063 -0.2633056640625 -0.0850067138671875
0.0947113037109375 -0.0174102783203125 -0.29058837890625 0.063140869140625
0.0672264099121094 -0.0220298767089844 -0.241836547851563 0.167526245117187
0.0648117065429688 -0.017669677734375 -0.172393798828125 0.14727783203125
0.0730438232421875 -0.00858306884765625 -0.132171630859375 0.127914428710938
0.0512657165527344 0.0367317199707031 -0.116729736328125 0.103645324707031
-0.00443267822265626 0.062286376953125 -0.111343383789062 0.115974426269531
-0.0781936645507812 0.03082275390625 -0.1773681640625 0.1256103515625
-0.096893310546875 -0.0676727294921875 -0.2841796875 0.0946044921875001
-0.0482330322265625 -0.14422607421875 -0.3890380859375 0.121337890625
0.03326416015625 -0.179412841796875 -0.415435791015625 0.10992431640625
0.128707885742188 -0.173095703125 -0.36077880859375 -0.044403076171875
-0.0283584594726562 -0.0930404663085937 -0.0719375610351563 0.00468444824218749
-0.0385856628417969 -0.0429725646972656 0.0363006591796875 -0.177398681640625
-0.0273303985595703 -0.00888442993164063 -0.139175415039063 -0.235549926757813
-0.0118646621704102 -0.00752544403076172 -0.269195556640625 -0.118850708007813
-0.0125617980957031 0.00570011138916016 -0.308685302734375 0.0540161132812501
-0.0282173156738281 0.0343036651611328 -0.247177124023438 0.171356201171875
-0.0289039611816406 0.0260372161865234 -0.16131591796875 0.15155029296875
-0.0301971435546875 0.0391998291015625 -0.123939514160156 0.133163452148438
-0.0532417297363281 0.0358161926269531 -0.104072570800781 0.116058349609375
-0.08892822265625 -0.00383758544921873 -0.0908432006835937 0.121391296386719
-0.100753784179688 -0.0797805786132813 -0.155624389648438 0.132797241210937
-0.00863647460937498 -0.175521850585938 -0.249160766601562 0.110549926757813
0.083404541015625 -0.215728759765625 -0.350616455078125 0.124420166015625
0.196746826171875 -0.1968994140625 -0.369110107421875 0.0879821777343749
0.288238525390625 -0.17144775390625 -0.303741455078125 -0.113067626953125
0.108016967773438 -0.161849975585938 -0.0394096374511719 -0.0445480346679688
0.03302001953125 -0.183395385742188 0.0714874267578125 -0.20159912109375
-0.0648269653320312 -0.132919311523438 -0.110321044921875 -0.267486572265625
-0.100166320800781 -0.0767822265625 -0.245895385742188 -0.158172607421875
-0.123039245605469 0.0134506225585937 -0.2991943359375 0.0272216796875
-0.123138427734375 0.080291748046875 -0.22698974609375 0.150955200195313
-0.118095397949219 0.0647506713867188 -0.125755310058594 0.135749816894531
-0.124351501464844 0.0884780883789063 -0.0883407592773438 0.12017822265625
-0.147811889648438 0.04833984375 -0.061126708984375 0.11724853515625
-0.174880981445312 -0.0447845458984375 -0.045196533203125 0.1241455078125
-0.142364501953125 -0.15948486328125 -0.111007690429688 0.1456298828125
0.0364990234375 -0.270675659179688 -0.199844360351563 0.134124755859375
0.171920776367188 -0.280731201171875 -0.291290283203125 0.1192626953125
0.318939208984375 -0.2037353515625 -0.277053833007813 0.065582275390625
0.407257080078125 -0.131134033203125 -0.188064575195313 -0.171279907226562
0.247039794921875 -0.188690185546875 0.0341262817382813 -0.0940780639648438
0.13299560546875 -0.295989990234375 0.125 -0.21697998046875
-0.071044921875 -0.255325317382813 -0.05426025390625 -0.286102294921875
-0.164825439453125 -0.155029296875 -0.1890869140625 -0.188995361328125
-0.21600341796875 0.00477600097656252 -0.2552490234375 -0.00930786132812503
-0.201034545898437 0.107879638671875 -0.179031372070313 0.109573364257813
-0.18951416015625 0.0928802490234375 -0.0717391967773438 0.100227355957031
-0.197830200195313 0.129623413085938 -0.034332275390625 0.0866241455078125
-0.2213134765625 0.0691986083984375 0.00120544433593749 0.101158142089844
-0.246261596679687 -0.06207275390625 0.0167388916015625 0.113800048828125
-0.186996459960937 -0.205230712890625 -0.0536346435546875 0.151473999023438
0.051239013671875 -0.33544921875 -0.145355224609375 0.149307250976562
0.2216796875 -0.319366455078125 -0.224868774414063 0.0968170166015625
0.392822265625 -0.190887451171875 -0.158050537109375 0.0357513427734375
0.457611083984375 -0.064971923828125 -0.0301361083984375 -0.206634521484375
0.349517822265625 -0.1622314453125 0.138465881347656 -0.131576538085938
0.23455810546875 -0.3416748046875 0.18499755859375 -0.210479736328125
-0.039764404296875 -0.338623046875 0.020599365234375 -0.2767333984375
-0.188461303710938 -0.21978759765625 -0.105270385742188 -0.198822021484375
-0.272918701171875 -0.014068603515625 -0.178497314453125 -0.045013427734375
-0.2489013671875 0.117355346679687 -0.108604431152344 0.05462646484375
-0.231063842773438 0.106964111328125 -0.00766754150390626 0.0495872497558594
-0.241531372070313 0.155441284179688 0.02935791015625 0.0366134643554688
-0.262847900390625 0.085540771484375 0.0719146728515625 0.0675430297851563
-0.28851318359375 -0.0671691894531251 0.0820159912109375 0.0909423828125
-0.211776733398437 -0.224044799804688 0.00572204589843748 0.146270751953125
0.061065673828125 -0.35943603515625 -0.095245361328125 0.152618408203125
0.248687744140625 -0.3165283203125 -0.1600341796875 0.0576629638671875
0.418212890625 -0.15435791015625 -0.026926040649414 0.00250816345214843
0.42657470703125 0.01287841796875 0.139083862304688 -0.212203979492188
0.37921142578125 -0.09075927734375 0.249542236328125 -0.146209716796875
0.29644775390625 -0.3038330078125 0.2340087890625 -0.18487548828125
0.00820922851562501 -0.350311279296875 0.09381103515625 -0.239593505859375
-0.16876220703125 -0.24468994140625 -0.0167236328125 -0.181671142578125
-0.279800415039063 -0.03338623046875 -0.0850982666015625 -0.0704727172851563
-0.256820678710938 0.106903076171875 -0.0262851715087891 -0.00397491455078124
-0.237823486328125 0.104156494140625 0.0580101013183594 -0.00808715820312499
-0.249847412109375 0.156524658203125 0.0948333740234375 -0.0218353271484375
-0.26947021484375 0.0878143310546874 0.142440795898437 0.0265655517578125
-0.292144775390625 -0.071014404296875 0.142715454101562 0.0646514892578125
-0.203323364257812 -0.225494384765625 0.05718994140625 0.139030456542969
0.081817626953125 -0.342498779296875 -0.0570526123046875 0.147293090820313
0.263626098632813 -0.26715087890625 -0.0976715087890625 0.0130157470703125
0.3990478515625 -0.087432861328125 0.103179931640625 -0.023834228515625
0.313690185546875 0.082366943359375 0.282440185546875 -0.19427490234375
0.321807861328125 -0.004608154296875 0.340179443359375 -0.14263916015625
0.285919189453125 -0.202728271484375 0.259658813476563 -0.15020751953125
0.048248291015625 -0.2835693359375 0.146896362304688 -0.1884765625
-0.119705200195312 -0.215042114257812 0.056121826171875 -0.148971557617188
-0.23492431640625 -0.041473388671875 0.00498199462890624 -0.0843963623046875
-0.222183227539063 0.08203125 0.0518264770507812 -0.0577201843261719
-0.207809448242187 0.085205078125 0.115875244140625 -0.0651168823242188
-0.223709106445313 0.13201904296875 0.156646728515625 -0.0785369873046875
-0.24078369140625 0.072845458984375 0.20703125 -0.013031005859375
-0.257278442382813 -0.0732879638671875 0.19677734375 0.0460968017578125
-0.164810180664062 -0.208953857421875 0.0999298095703125 0.136360168457031
0.104888916015625 -0.28790283203125 -0.028656005859375 0.143035888671875
0.25848388671875 -0.18292236328125 -0.0378799438476562 -0.0226173400878906
0.33441162109375 -0.00341796875 0.220962524414063 -0.0320587158203125
0.14697265625 0.133987426757813 0.3704833984375 -0.16412353515625
0.199783325195312 0.0731658935546875 0.3880615234375 -0.130645751953125
0.208206176757813 -0.0757293701171875 0.259078979492188 -0.1239013671875
0.06158447265625 -0.169265747070312 0.1737060546875 -0.147659301757813
-0.0577850341796875 -0.142135620117188 0.0992355346679688 -0.119178771972656
-0.150970458984375 -0.035919189453125 0.07110595703125 -0.0933761596679688
-0.15118408203125 0.0454864501953125 0.110061645507812 -0.100074768066406
-0.145919799804688 0.0527496337890625 0.15753173828125 -0.111312866210938
-0.163650512695312 0.0863037109375 0.206466674804687 -0.12213134765625
-0.179534912109375 0.0458984375 0.260162353515625 -0.039398193359375
-0.1895751953125 -0.0683135986328125 0.238250732421875 0.0426025390625
-0.106613159179687 -0.168914794921875 0.131011962890625 0.145065307617188
0.115737915039063 -0.201416015625 -0.010040283203125 0.145721435546875
0.220687866210938 -0.0770263671875 0.0169029235839844 -0.0362358093261719
0.22662353515625 0.081268310546875 0.31243896484375 -0.01251220703125
-0.0509414672851563 -0.134262084960938 -0.350555419921875 0.0468139648437499
-0.131668090820312 0.0111618041992188 -0.0551872253417969 0.0458030700683594
-0.0662384033203125 0.0986557006835938 0.0108184814453125 -0.15960693359375
0.0339279174804688 0.0898361206054688 -0.158432006835937 -0.19305419921875
0.0818023681640625 0.0354232788085938 -0.266571044921875 -0.0635223388671875
0.0911636352539062 -0.0266342163085938 -0.28387451171875 0.0848999023437499
0.0640602111816406 -0.028472900390625 -0.226211547851563 0.186553955078125
0.0607566833496094 -0.0235862731933594 -0.159835815429688 0.160446166992187
0.0690193176269531 -0.016510009765625 -0.120925903320313 0.1383056640625
0.05322265625 0.0299034118652344 -0.107841491699219 0.112480163574219
0.00153732299804688 0.0609664916992188 -0.102241516113281 0.124382019042969
-0.0746307373046875 0.0367660522460937 -0.168594360351563 0.14129638671875
-0.100669860839844 -0.0584564208984375 -0.278076171875 0.11883544921875
-0.05853271484375 -0.137786865234375 -0.37799072265625 0.151947021484375
0.0175323486328125 -0.181610107421875 -0.40557861328125 0.143280029296875
0.11297607421875 -0.183135986328125 -0.360931396484375 -0.0127258300781249
-0.0328445434570312 -0.088653564453125 -0.0672760009765625 0.013092041015625
-0.0415000915527344 -0.0395050048828125 0.023834228515625 -0.181106567382813
-0.0284767150878906 -0.00663566589355469 -0.155838012695313 -0.223587036132813
-0.0139083862304688 -0.00727081298828125 -0.276016235351563 -0.0968627929687501
-0.0122842788696289 0.0053701400756836 -0.302825927734375 0.077056884765625
-0.0250205993652344 0.0363044738769531 -0.231033325195313 0.19024658203125
-0.0280075073242188 0.0277748107910156 -0.147628784179688 0.163436889648438
-0.0280113220214844 0.0406074523925781 -0.111557006835938 0.142791748046875
-0.0492744445800781 0.0384330749511719 -0.0932235717773438 0.124336242675781
-0.0876007080078125 0.00257110595703124 -0.0807342529296875 0.129478454589844
-0.105873107910156 -0.0716094970703125 -0.146392822265625 0.147445678710938
-0.02227783203125 -0.173751831054688 -0.242752075195313 0.1317138671875
0.0660400390625 -0.219085693359375 -0.340728759765625 0.1524658203125
0.179763793945313 -0.211639404296875 -0.363311767578125 0.117462158203125
0.272354125976562 -0.19482421875 -0.31024169921875 -0.084747314453125
0.09771728515625 -0.167739868164062 -0.040191650390625 -0.0365676879882813
0.018402099609375 -0.18524169921875 0.0570068359375 -0.20703125
-0.0756912231445313 -0.126762390136719 -0.12957763671875 -0.2576904296875
-0.106849670410156 -0.0691757202148437 -0.256637573242187 -0.138275146484375
-0.120567321777344 0.0230255126953125 -0.294281005859375 0.050872802734375
-0.114364624023438 0.0904159545898438 -0.21051025390625 0.16802978515625
-0.113502502441406 0.0741653442382812 -0.1131591796875 0.14306640625
-0.116767883300781 0.0979537963867187 -0.0763931274414063 0.1265869140625
-0.142181396484375 0.0592498779296875 -0.0499420166015625 0.121963500976563
-0.176361083984375 -0.03009033203125 -0.033721923828125 0.128753662109375
-0.154495239257813 -0.146713256835938 -0.100433349609375 0.157485961914063
0.0141448974609375 -0.27301025390625 -0.1925048828125 0.151596069335937
0.14739990234375 -0.290740966796875 -0.2830810546875 0.14422607421875
0.3021240234375 -0.22900390625 -0.272903442382812 0.0868682861328125
0.394927978515625 -0.16650390625 -0.199188232421875 -0.152236938476563
0.232864379882812 -0.205398559570312 0.0283737182617188 -0.091278076171875
0.108245849609375 -0.306365966796875 0.10955810546875 -0.226272583007813
-0.0913543701171875 -0.247604370117188 -0.073974609375 -0.281402587890625
-0.177459716796875 -0.142242431640625 -0.203353881835938 -0.174301147460938
-0.213485717773438 0.0233001708984375 -0.252655029296875 0.011260986328125
-0.189453125 0.125534057617188 -0.166305541992188 0.122909545898438
-0.181045532226563 0.108596801757812 -0.0615997314453125 0.102798461914062
-0.18377685546875 0.146133422851562 -0.0248794555664063 0.0887527465820313
-0.2119140625 0.087615966796875 0.0120620727539062 0.100234985351563
-0.248626708984375 -0.0404815673828125 0.0272903442382812 0.11370849609375
-0.20318603515625 -0.188079833984375 -0.0428619384765625 0.158004760742187
0.0233154296875 -0.339447021484375 -0.13641357421875 0.163101196289062
0.19268798828125 -0.3341064453125 -0.21923828125 0.116867065429687
0.375640869140625 -0.2237548828125 -0.156814575195312 0.048858642578125
0.45196533203125 -0.10284423828125 -0.045684814453125 -0.199234008789063
0.335784912109375 -0.18798828125 0.12823486328125 -0.136543273925781
0.20477294921875 -0.3609619140625 0.170547485351563 -0.2249755859375
-0.06744384765625 -0.3321533203125 0.000915527343749985 -0.278518676757813
-0.206207275390625 -0.20489501953125 -0.121429443359375 -0.19110107421875
-0.2701416015625 0.00976562499999997 -0.180343627929688 -0.0292510986328125
-0.235076904296875 0.138626098632812 -0.100868225097656 0.0627365112304688
-0.220687866210938 0.126358032226563 -0.00123977661132813 0.04736328125
-0.224044799804687 0.175277709960938 0.0348052978515625 0.0341911315917969
-0.250717163085938 0.107894897460938 0.0796737670898437 0.0619735717773438
-0.291290283203125 -0.040740966796875 0.0898971557617187 0.0844039916992188
-0.229507446289063 -0.204360961914062 0.0162200927734375 0.148513793945313
0.030059814453125 -0.363861083984375 -0.08575439453125 0.162109375
0.219573974609375 -0.334259033203125 -0.157745361328125 0.0723876953125
0.40570068359375 -0.188262939453125 -0.0286540985107422 0.00517463684082031
0.42559814453125 -0.023590087890625 0.121185302734375 -0.218521118164063
0.370697021484375 -0.12030029296875 0.235946655273438 -0.16094970703125
0.2696533203125 -0.32781982421875 0.222244262695313 -0.202560424804688
-0.019561767578125 -0.34716796875 0.0765380859375 -0.247756958007813
-0.189208984375 -0.23046875 -0.0309600830078125 -0.18157958984375
-0.278182983398438 -0.00894165039062504 -0.0891647338867188 -0.0618667602539063
-0.243453979492188 0.129440307617188 -0.0246353149414063 -0.00195312499999999
-0.227386474609375 0.124374389648438 0.0589675903320312 -0.0159072875976562
-0.232254028320312 0.177566528320313 0.0952529907226563 -0.0292816162109375
-0.256942749023438 0.111557006835937 0.145919799804687 0.014434814453125
-0.294342041015625 -0.04315185546875 0.148162841796875 0.0540008544921875
-0.22064208984375 -0.205947875976563 0.0671463012695312 0.135360717773438
0.05120849609375 -0.3482666015625 -0.04736328125 0.152603149414063
0.237152099609375 -0.286346435546875 -0.100059509277344 0.0221939086914062
0.390380859375 -0.12066650390625 0.0982208251953125 -0.0311279296875
0.31927490234375 0.0552978515625 0.2647705078125 -0.21240234375
0.320404052734375 -0.030548095703125 0.325836181640625 -0.16571044921875
0.267318725585938 -0.226608276367188 0.249664306640625 -0.169998168945312
0.0234375 -0.28594970703125 0.13397216796875 -0.201431274414063
-0.13751220703125 -0.204620361328125 0.0438232421875 -0.154617309570313
-0.23516845703125 -0.019989013671875 -0.00143432617187501 -0.0833206176757813
-0.21185302734375 0.102462768554687 0.0478515625 -0.0625
-0.1986083984375 0.103256225585938 0.110984802246094 -0.0769424438476563
-0.207931518554688 0.1507568359375 0.151123046875 -0.0908203125
-0.230361938476562 0.0943756103515625 0.206695556640625 -0.029449462890625
-0.260604858398438 -0.0484619140624999 0.199066162109375 0.031463623046875
-0.181777954101563 -0.192276000976562 0.110023498535156 0.129341125488281
0.0784912109375 -0.295928955078125 -0.01861572265625 0.145278930664063
0.239883422851562 -0.20367431640625 -0.0432586669921875 -0.0186309814453125
0.3336181640625 -0.031768798828125 0.215042114257813 -0.04962158203125
0.156692504882813 0.119842529296875 0.355743408203125 -0.1888427734375
0.20513916015625 0.055419921875 0.37579345703125 -0.158721923828125
0.2005615234375 -0.094207763671875 0.250808715820313 -0.143585205078125
0.0461578369140625 -0.172271728515625 0.162979125976563 -0.16357421875
-0.0699462890625 -0.136650085449219 0.0892715454101563 -0.128623962402344
-0.151962280273438 -0.021728515625 0.062652587890625 -0.0981216430664063
-0.145248413085938 0.06048583984375 0.101936340332031 -0.109176635742187
-0.1397705078125 0.065765380859375 0.148544311523437 -0.124862670898437
-0.153289794921875 0.100616455078125 0.196304321289063 -0.138427734375
-0.171783447265625 0.0621490478515625 0.256744384765625 -0.0600433349609375
-0.193130493164063 -0.04998779296875 0.240036010742188 0.0236968994140625
-0.1201171875 -0.157440185546875 0.141616821289063 0.134658813476563
0.0971221923828125 -0.210052490234375 1.49086331084775E-17 0.1463623046875
0.21160888671875 -0.0941925048828125 0.00876235961914063 -0.0373115539550781
0.231597900390625 0.0610504150390625 0.30694580078125 -0.038482666015625
-0.061767578125 -0.125160217285156 -0.33392333984375 0.0751342773437499
-0.124664306640625 0.0213088989257812 -0.0451202392578125 0.0498046875
-0.0539398193359375 0.101547241210938 -0.002105712890625 -0.156326293945313
0.0396728515625 0.083740234375 -0.168182373046875 -0.175186157226563
0.0814437866210938 0.02734375 -0.261138916015625 -0.039947509765625
0.0844192504882813 -0.0348968505859375 -0.267440795898438 0.10302734375
0.058837890625 -0.0344276428222656 -0.202377319335938 0.198776245117187
0.0543022155761719 -0.0283660888671875 -0.141937255859375 0.168304443359375
0.0619621276855469 -0.0225486755371094 -0.105972290039063 0.143798828125
0.0528640747070313 0.0218849182128906 -0.0965042114257813 0.118598937988281
0.00672531127929688 0.05743408203125 -0.0904617309570313 0.129470825195312
-0.0684432983398438 0.0415725708007813 -0.152801513671875 0.152816772460938
-0.1009521484375 -0.0473861694335937 -0.260330200195313 0.1387939453125
-0.0655136108398437 -0.126411437988281 -0.353271484375 0.176910400390625
0.000610351562499991 -0.176742553710938 -0.383819580078125 0.171417236328125
0.09283447265625 -0.186294555664063 -0.348541259765625 0.018585205078125
-0.0370712280273437 -0.082061767578125 -0.0604362487792969 0.0212249755859375
-0.0423622131347656 -0.0345230102539062 0.00965881347656248 -0.177978515625
-0.0286865234375 -0.00336837768554688 -0.167388916015625 -0.20404052734375
-0.0152959823608398 -0.00566864013671875 -0.27264404296875 -0.071624755859375
-0.0120687484741211 0.00547599792480469 -0.2861328125 0.098724365234375
-0.020660400390625 0.0369338989257813 -0.205825805664063 0.202606201171875
-0.0268497467041016 0.02923583984375 -0.12982177734375 0.16912841796875
-0.0253257751464844 0.0410270690917969 -0.095458984375 0.146926879882813
-0.0448226928710938 0.0393180847167969 -0.079742431640625 0.127952575683594
-0.083465576171875 0.00862121582031249 -0.0678939819335937 0.132102966308594
-0.107681274414062 -0.0609054565429688 -0.130645751953125 0.15704345703125
-0.0355072021484375 -0.165878295898438 -0.226333618164063 0.14984130859375
0.046539306640625 -0.21478271484375 -0.318939208984375 0.175506591796875
0.15655517578125 -0.219696044921875 -0.344482421875 0.1435546875
0.247039794921875 -0.2109375 -0.305755615234375 -0.0539550781250001
0.0827484130859375 -0.168380737304688 -0.0386886596679687 -0.0282020568847656
0.00305175781249999 -0.181564331054688 0.0405731201171875 -0.206069946289063
-0.0835113525390625 -0.115707397460938 -0.14453125 -0.239486694335937
-0.110801696777344 -0.0587997436523438 -0.25830078125 -0.113479614257812
-0.114494323730469 0.0320968627929687 -0.279571533203125 0.0726776123046874
-0.101936340332031 0.0975265502929688 -0.188003540039063 0.178665161132813
-0.104667663574219 0.0817337036132812 -0.096954345703125 0.14556884765625
-0.104362487792969 0.104141235351563 -0.061676025390625 0.128036499023438
-0.131523132324219 0.0684280395507813 -0.0362777709960937 0.121665954589844
-0.171066284179688 -0.0146484375 -0.0212554931640625 0.127952575683594
-0.160888671875 -0.1295166015625 -0.086334228515625 0.163589477539063
-0.00897216796875002 -0.265838623046875 -0.176773071289063 0.165603637695312
0.11761474609375 -0.29168701171875 -0.263641357421875 0.163818359375
0.2745361328125 -0.24688720703125 -0.259292602539063 0.106948852539062
0.368377685546875 -0.19232177734375 -0.204727172851563 -0.12750244140625
0.211151123046875 -0.216476440429688 0.0224609375 -0.0855712890625
0.07965087890625 -0.30633544921875 0.0909271240234375 -0.228805541992188
-0.108627319335937 -0.231185913085938 -0.0927734375 -0.26708984375
-0.18524169921875 -0.124008178710937 -0.21002197265625 -0.154129028320313
-0.203384399414063 0.04052734375 -0.24237060546875 0.0317840576171875
-0.169891357421875 0.138412475585938 -0.148239135742188 0.131378173828125
-0.165863037109375 0.120437622070313 -0.0502853393554687 0.101348876953125
-0.164108276367188 0.156936645507813 -0.0147323608398438 0.0874786376953125
-0.194839477539062 0.10174560546875 0.0219268798828125 0.0960845947265625
-0.24163818359375 -0.0175018310546875 0.0366134643554687 0.107925415039063
-0.212142944335937 -0.164825439453125 -0.02923583984375 0.15960693359375
-0.00714111328125 -0.330596923828125 -0.1219482421875 0.171875
0.157562255859375 -0.336700439453125 -0.204757690429688 0.132659912109375
0.346954345703125 -0.248138427734375 -0.14984130859375 0.060394287109375
0.4287109375 -0.137481689453125 -0.0598907470703125 -0.184906005859375
0.31121826171875 -0.20672607421875 0.113800048828125 -0.137405395507813
0.1689453125 -0.367156982421875 0.150619506835937 -0.2320556640625
-0.09271240234375 -0.31524658203125 -0.01934814453125 -0.270675659179688
-0.217742919921875 -0.182220458984375 -0.133285522460938 -0.176437377929687
-0.258834838867188 0.0321807861328125 -0.17498779296875 -0.0130767822265625
-0.213409423828125 0.154937744140625 -0.0900726318359375 0.0678176879882813
-0.20208740234375 0.141799926757812 0.00407409667968749 0.0426788330078125
-0.199508666992187 0.188995361328125 0.0385055541992187 0.0296134948730469
-0.22998046875 0.12591552734375 0.0848007202148437 0.0524673461914063
-0.282684326171875 -0.01287841796875 0.09521484375 0.0752334594726563
-0.238540649414063 -0.177154541015625 0.027069091796875 0.144760131835938
-0.00274658203125002 -0.3548583984375 -0.072601318359375 0.165863037109375
0.182037353515625 -0.33929443359375 -0.149459838867188 0.0854644775390625
0.3773193359375 -0.21710205078125 -0.0300464630126953 0.00784111022949217
0.41015625 -0.058441162109375 0.099639892578125 -0.21649169921875
0.3494873046875 -0.145111083984375 0.215591430664063 -0.170196533203125
0.233306884765625 -0.341827392578125 0.201370239257813 -0.21441650390625
-0.0478515625 -0.33270263671875 0.056396484375 -0.24725341796875
-0.203079223632812 -0.208053588867188 -0.0449066162109375 -0.174758911132813
-0.267852783203125 0.0157928466796875 -0.090240478515625 -0.0516281127929687
-0.222137451171875 0.1473388671875 -0.0219364166259766 -0.000881195068359363
-0.208755493164063 0.140548706054687 0.0572013854980469 -0.0231552124023437
-0.2059326171875 0.192672729492188 0.0917816162109375 -0.03668212890625
-0.235153198242188 0.130538940429688 0.145111083984375 0.00140380859375001
-0.286712646484375 -0.01409912109375 0.148239135742187 0.04046630859375
-0.23040771484375 -0.179061889648437 0.0764236450195312 0.127998352050781
0.0185546875 -0.3411865234375 -0.035675048828125 0.1536865234375
0.20343017578125 -0.295166015625 -0.09796142578125 0.0323486328125
0.368621826171875 -0.15069580078125 0.0901718139648438 -0.0385360717773438
0.31298828125 0.025787353515625 0.239547729492188 -0.223297119140625
0.307769775390625 -0.055877685546875 0.301361083984375 -0.182403564453125
0.238784790039063 -0.244003295898438 0.23046875 -0.184768676757813
-0.00128173828124998 -0.276779174804688 0.114212036132813 -0.20751953125
-0.1507568359375 -0.186691284179687 0.029815673828125 -0.154586791992188
-0.226318359375 0.00173950195312504 -0.00765991210937501 -0.07916259765625
-0.192733764648438 0.11834716796875 0.0426406860351562 -0.0649299621582031
-0.182632446289063 0.11761474609375 0.102073669433594 -0.0861968994140625
-0.185638427734375 0.164993286132812 0.140380859375 -0.100502014160156
-0.210464477539062 0.111846923828125 0.198684692382812 -0.0457611083984375
-0.254119873046875 -0.0224609375 0.195144653320312 0.0140838623046875
-0.191635131835938 -0.168792724609375 0.116584777832031 0.117378234863281
0.0498046875 -0.29266357421875 -0.00845336914062501 0.144027709960938
0.213150024414062 -0.215316772460938 -0.0471916198730469 -0.012176513671875
0.32086181640625 -0.06048583984375 0.201583862304688 -0.0658416748046875
0.161514282226563 0.101699829101563 0.330230712890625 -0.20904541015625
0.201950073242187 0.0352325439453125 0.349761962890625 -0.181549072265625
0.185455322265625 -0.10955810546875 0.233047485351562 -0.158981323242188
0.0287933349609375 -0.16961669921875 0.1455078125 -0.172958374023438
-0.079925537109375 -0.125930786132812 0.0758514404296875 -0.133110046386719
-0.147003173828125 -0.0075531005859375 0.0530624389648437 -0.09942626953125
-0.132743835449219 0.0725479125976563 0.0894088745117187 -0.114662170410156
-0.128829956054688 0.0766830444335938 0.132774353027344 -0.135116577148438
-0.137351989746094 0.11065673828125 0.18011474609375 -0.14984130859375
-0.157257080078125 0.0753631591796875 0.243850708007813 -0.08001708984375
-0.189544677734375 -0.0301971435546875 0.233291625976563 0.00396728515625
-0.12969970703125 -0.140701293945313 0.147506713867188 0.11962890625
0.07550048828125 -0.212173461914063 0.00933837890625002 0.1431884765625
0.196090698242188 -0.108871459960937 0.00107192993164063 -0.036102294921875
0.228668212890625 0.037841796875 0.29058837890625 -0.0626220703125
-0.0684280395507813 -0.114349365234375 -0.311676025390625 0.0928649902343749
-0.115097045898438 0.02777099609375 -0.0355987548828125 0.0503425598144531
-0.0434341430664062 0.09967041015625 -0.01055908203125 -0.149826049804688
0.0422210693359375 0.0779571533203125 -0.169265747070312 -0.157974243164063
0.0781478881835938 0.021209716796875 -0.2491455078125 -0.0247039794921876
0.07647705078125 -0.0395126342773438 -0.248825073242187 0.112899780273437
0.0525856018066406 -0.0375328063964844 -0.180343627929688 0.201095581054688
0.0477638244628906 -0.0298118591308594 -0.125503540039063 0.168670654296875
0.0544281005859375 -0.0258293151855469 -0.09234619140625 0.143356323242187
0.0503425598144531 0.0143928527832031 -0.08544921875 0.11883544921875
0.0103569030761719 0.0521697998046875 -0.0797958374023437 0.129226684570313
-0.0624504089355469 0.0438270568847656 -0.137359619140625 0.1563720703125
-0.0974197387695313 -0.03814697265625 -0.239700317382813 0.14764404296875
-0.0686798095703125 -0.115776062011719 -0.326385498046875 0.187164306640625
-0.011199951171875 -0.1673583984375 -0.356536865234375 0.185882568359375
0.0765228271484375 -0.182769775390625 -0.329193115234375 0.040435791015625
-0.0375747680664063 -0.0757675170898438 -0.0519790649414063 0.0253257751464844
-0.0418701171875 -0.0303497314453125 0.000305175781249992 -0.171035766601563
-0.0272922515869141 -0.00122261047363282 -0.16961669921875 -0.186294555664063
-0.015899658203125 -0.00497913360595703 -0.262954711914063 -0.0533447265625
-0.0116748809814453 0.00539016723632812 -0.26593017578125 0.109207153320312
-0.0176124572753906 0.0358238220214844 -0.183090209960938 0.204559326171875
-0.0254611968994141 0.0298748016357422 -0.113693237304688 0.1678466796875
-0.0233306884765625 0.0401229858398438 -0.0824127197265625 0.145538330078125
-0.0401687622070313 0.0378227233886719 -0.0678939819335938 0.126968383789063
-0.0783462524414062 0.012054443359375 -0.0576858520507813 0.130500793457031
-0.106063842773437 -0.05157470703125 -0.116546630859375 0.159622192382813
-0.0430450439453125 -0.155685424804688 -0.208633422851563 0.157470703125
0.0318603515625 -0.205459594726563 -0.29376220703125 0.1856689453125
0.1353759765625 -0.218154907226562 -0.32147216796875 0.1572265625
0.221710205078125 -0.215408325195313 -0.292510986328125 -0.03009033203125
0.0712127685546875 -0.164901733398437 -0.0351905822753906 -0.0212249755859375
-0.00756835937499999 -0.173370361328125 0.029510498046875 -0.200485229492188
-0.0860748291015625 -0.10491943359375 -0.149642944335938 -0.221878051757813
-0.110336303710937 -0.049530029296875 -0.251678466796875 -0.0941314697265625
-0.106277465820312 0.0376052856445313 -0.26068115234375 0.0848846435546875
-0.0898971557617187 0.0989456176757813 -0.166885375976563 0.1807861328125
-0.0959320068359375 0.0843276977539063 -0.0835418701171875 0.14263916015625
-0.0934524536132813 0.105674743652344 -0.0508346557617188 0.125350952148438
-0.119728088378906 0.0712356567382813 -0.0263137817382813 0.118049621582031
-0.163177490234375 -0.00393676757812502 -0.01275634765625 0.123756408691406
-0.1611328125 -0.114303588867187 -0.073455810546875 0.163909912109375
-0.024566650390625 -0.252410888671875 -0.160919189453125 0.1707763671875
0.0955810546875 -0.281768798828125 -0.242691040039063 0.172836303710937
0.246688842773438 -0.25091552734375 -0.243377685546875 0.117630004882813
0.339324951171875 -0.20562744140625 -0.201324462890625 -0.105255126953125
0.189956665039062 -0.217025756835937 0.0191192626953125 -0.0786285400390625
0.057586669921875 -0.297332763671875 0.0766448974609375 -0.224884033203125
-0.116348266601562 -0.213409423828125 -0.10198974609375 -0.250686645507813
-0.1854248046875 -0.107330322265625 -0.20892333984375 -0.13470458984375
-0.189407348632813 0.05072021484375 -0.227432250976563 0.044342041015625
-0.15179443359375 0.142166137695313 -0.131271362304688 0.132820129394531
-0.151824951171875 0.125503540039063 -0.0414810180664063 0.0967788696289063
-0.145660400390625 0.159652709960938 -0.00721740722656252 0.0831756591796875
-0.176422119140625 0.1077880859375 0.0288162231445312 0.0893707275390625
-0.230178833007813 -0.00135803222656249 0.0422134399414062 0.101531982421875
-0.21124267578125 -0.144485473632812 -0.0196075439453125 0.157455444335938
-0.027313232421875 -0.314453125 -0.10791015625 0.173919677734375
0.129302978515625 -0.327789306640625 -0.189453125 0.140853881835937
0.315948486328125 -0.25592041015625 -0.141510009765625 0.0673065185546875
0.39990234375 -0.156097412109375 -0.0673675537109375 -0.168777465820313
0.2862548828125 -0.214752197265625 0.101669311523438 -0.132232666015625
0.139190673828125 -0.3619384765625 0.133453369140625 -0.231643676757813
-0.106597900390625 -0.2935791015625 -0.0327911376953125 -0.258895874023438
-0.219802856445313 -0.161163330078125 -0.137161254882813 -0.16058349609375
-0.242218017578125 0.046630859375 -0.165283203125 -0.00129699707031253
-0.190994262695313 0.161727905273438 -0.07958984375 0.0689620971679688
-0.184005737304688 0.147430419921875 0.00678253173828124 0.0370140075683594
-0.175811767578125 0.19232177734375 0.0405693054199219 0.024871826171875
-0.207656860351563 0.133682250976562 0.0860748291015625 0.044189453125
-0.268539428710938 0.00582885742187499 0.0957412719726562 0.0672225952148438
-0.237823486328125 -0.15362548828125 0.0343017578125 0.139053344726563
-0.025299072265625 -0.337677001953125 -0.0613555908203125 0.165939331054687
0.1522216796875 -0.331787109375 -0.138725280761719 0.0926132202148438
0.347015380859375 -0.230010986328125 -0.0304298400878906 0.0101604461669922
0.3861083984375 -0.08123779296875 0.0834197998046875 -0.208221435546875
0.325653076171875 -0.157440185546875 0.195831298828125 -0.16912841796875
0.200408935546875 -0.34161376953125 0.182846069335937 -0.217193603515625
-0.066253662109375 -0.313079833984375 0.0398712158203125 -0.240234375
-0.20721435546875 -0.186538696289062 -0.053375244140625 -0.164352416992188
-0.251113891601562 0.0321502685546875 -0.0874710083007813 -0.0426025390625
-0.1986083984375 0.155227661132813 -0.0190868377685547 -0.000858306884765619
-0.189163208007813 0.147323608398437 0.053619384765625 -0.0283279418945312
-0.181930541992188 0.195907592773438 0.0874481201171875 -0.04083251953125
-0.212127685546875 0.138427734375 0.140045166015625 -0.00802612304687499
-0.272018432617188 0.00485229492187504 0.1444091796875 0.030120849609375
-0.23016357421875 -0.155059814453125 0.07958984375 0.11993408203125
-0.00415039062500002 -0.3265380859375 -0.026611328125 0.151565551757812
0.175445556640625 -0.29083251953125 -0.0937423706054687 0.039031982421875
0.342132568359375 -0.166534423828125 0.0809860229492188 -0.0405044555664063
0.29998779296875 0.00518798828125 0.21661376953125 -0.223312377929687
0.2899169921875 -0.07073974609375 0.27606201171875 -0.18792724609375
0.211700439453125 -0.2486572265625 0.210983276367187 -0.189498901367188
-0.0190887451171875 -0.262237548828125 0.0977783203125 -0.205459594726563
-0.156448364257813 -0.168472290039062 0.019134521484375 -0.1500244140625
-0.212921142578125 0.016387939453125 -0.0106582641601563 -0.0739822387695313
-0.173202514648438 0.1265869140625 0.0374374389648437 -0.0654487609863281
-0.165481567382812 0.124847412109375 0.0929794311523437 -0.0905914306640625
-0.162948608398438 0.1689453125 0.129669189453125 -0.104560852050781
-0.18927001953125 0.120223999023437 0.188812255859375 -0.0564117431640625
-0.242034912109375 -0.00375366210937495 0.186798095703125 0.0023193359375
-0.192352294921875 -0.147216796875 0.118064880371094 0.106826782226563
0.0281982421875 -0.2822265625 -0.000968933105468763 0.140106201171875
0.18817138671875 -0.216201782226562 -0.0486984252929687 -0.00721740722656251
0.301971435546875 -0.077789306640625 0.1849365234375 -0.0735626220703125
0.159866333007812 0.086151123046875 0.30291748046875 -0.2158203125
0.195022583007813 0.0205535888671875 0.321533203125 -0.190093994140625
0.168746948242188 -0.117645263671875 0.21417236328125 -0.164932250976563
0.0163421630859375 -0.162094116210938 0.1282958984375 -0.174560546875
-0.084808349609375 -0.114593505859375 0.064300537109375 -0.132041931152344
-0.138191223144531 0.00335693359374999 0.0439834594726562 -0.0974349975585937
-0.119354248046875 0.0784225463867188 0.0785293579101562 -0.115127563476563
-0.116828918457031 0.0825424194335937 0.119285583496094 -0.138526916503906
-0.121566772460937 0.114837646484375 0.163528442382813 -0.154388427734375
-0.142135620117188 0.0814666748046875 0.228546142578125 -0.09051513671875
-0.181671142578125 -0.0155181884765625 0.221847534179688 -0.0093536376953125
-0.131568908691406 -0.124237060546875 0.147232055664063 0.106353759765625
0.0579071044921875 -0.206024169921875 0.0157699584960937 0.1376953125
0.179290771484375 -0.114944458007813 -0.00487518310546874 -0.0326976776123047
0.219558715820313 0.0212860107421875 0.269943237304688 -0.076751708984375
-0.0703582763671875 -0.105613708496094 -0.29345703125 0.100616455078125
-0.107704162597656 0.0301284790039063 -0.0284500122070313 0.048675537109375
-0.0361785888671875 0.0965194702148437 -0.0145721435546875 -0.14434814453125
0.0441131591796875 0.0732879638671875 -0.166641235351562 -0.1475830078125
0.0754547119140625 0.0171890258789063 -0.238372802734375 -0.016998291015625
0.0696601867675781 -0.0410614013671875 -0.235824584960938 0.1153564453125
0.047119140625 -0.0392913818359375 -0.16558837890625 0.199005126953125
0.0428047180175781 -0.0301361083984375 -0.115707397460938 0.166549682617188
0.0482063293457031 -0.0263633728027344 -0.0845794677734375 0.1407470703125
0.0463447570800781 0.0101966857910156 -0.0783233642578125 0.118011474609375
0.0121917724609375 0.0476646423339844 -0.0737228393554688 0.127677917480469
-0.0575294494628906 0.0436820983886719 -0.127288818359375 0.155776977539063
-0.0937118530273438 -0.03240966796875 -0.224197387695313 0.149154663085938
-0.0684967041015625 -0.107887268066406 -0.30694580078125 0.18890380859375
-0.018096923828125 -0.15869140625 -0.335968017578125 0.18975830078125
0.065673828125 -0.177093505859375 -0.3118896484375 0.0523681640625
-0.0366134643554688 -0.0711135864257813 -0.0448074340820313 0.027679443359375
-0.0389328002929688 -0.027923583984375 -0.00408935546875001 -0.16552734375
-0.0254611968994141 1.33514404296928E-05 -0.167953491210938 -0.174362182617188
-0.016118049621582 -0.00369548797607422 -0.25238037109375 -0.044158935546875
-0.0112571716308594 0.00517845153808593 -0.250747680664063 0.112899780273437
-0.0156726837158203 0.0337772369384766 -0.167922973632813 0.20166015625
-0.0250186920166016 0.0297374725341797 -0.103729248046875 0.164016723632813
-0.0227432250976563 0.0393257141113281 -0.07391357421875 0.142120361328125
-0.0382537841796875 0.0350837707519531 -0.06103515625 0.124031066894531
-0.074127197265625 0.0125198364257812 -0.0515823364257813 0.128128051757812
-0.102706909179688 -0.0465316772460937 -0.106826782226563 0.159103393554688
-0.0457763671875 -0.146682739257813 -0.194305419921875 0.159652709960938
0.0249481201171875 -0.195938110351563 -0.275772094726563 0.187881469726562
0.121292114257813 -0.212295532226563 -0.3045654296875 0.161651611328125
0.20452880859375 -0.214569091796875 -0.279937744140625 -0.0152587890625
0.06500244140625 -0.159439086914063 -0.0303707122802734 -0.0159168243408203
-0.01275634765625 -0.166519165039063 0.0234222412109375 -0.194808959960937
-0.0855560302734375 -0.096923828125 -0.150039672851563 -0.209197998046875
-0.108818054199219 -0.0436325073242187 -0.243682861328125 -0.0830230712890625
-0.0993804931640625 0.039398193359375 -0.245803833007813 0.08917236328125
-0.0811233520507813 0.0976409912109375 -0.152374267578125 0.177566528320313
-0.0897903442382813 0.0849685668945312 -0.0757369995117187 0.137504577636719
-0.0859375 0.104354858398438 -0.0435638427734375 0.120697021484375
-0.111244201660156 0.0709304809570313 -0.0205535888671875 0.113540649414063
-0.155242919921875 0.000488281249999978 -0.00772857666015626 0.119773864746094
-0.157882690429687 -0.104248046875 -0.0657958984375 0.162506103515625
-0.0318603515625 -0.240325927734375 -0.149551391601563 0.171035766601562
0.0820465087890625 -0.2706298828125 -0.228347778320312 0.174728393554688
0.228012084960938 -0.248703002929688 -0.232131958007812 0.121841430664063
0.318023681640625 -0.208770751953125 -0.19500732421875 -0.089996337890625
0.176742553710937 -0.213363647460938 0.0185394287109375 -0.0715789794921875
0.045257568359375 -0.2879638671875 0.0679779052734375 -0.220245361328125
-0.118408203125 -0.200057983398437 -0.105072021484375 -0.238876342773438
-0.183395385742188 -0.096771240234375 -0.204360961914062 -0.122787475585937
-0.178009033203125 0.055511474609375 -0.21417236328125 0.0499267578125
-0.138092041015625 0.141876220703125 -0.1195068359375 0.130653381347656
-0.14117431640625 0.126296997070313 -0.0365447998046875 0.0912933349609375
-0.13287353515625 0.158111572265625 -0.00277709960937501 0.0785675048828125
-0.163650512695313 0.1087646484375 0.0320281982421875 0.084014892578125
-0.219284057617187 0.00695800781250004 0.0441513061523437 0.09649658203125
-0.207489013671875 -0.131088256835938 -0.01348876953125 0.154129028320313
-0.036956787109375 -0.30029296875 -0.0992431640625 0.172988891601562
0.11334228515625 -0.3160400390625 -0.17791748046875 0.14288330078125
0.294403076171875 -0.257171630859375 -0.135787963867188 0.0699462890625
0.377685546875 -0.164398193359375 -0.068817138671875 -0.15460205078125
0.269363403320313 -0.214218139648438 0.0955810546875 -0.125274658203125
0.12066650390625 -0.3526611328125 0.122650146484375 -0.228759765625
-0.112167358398437 -0.277252197265625 -0.0395050048828125 -0.248245239257813
-0.218292236328125 -0.146804809570313 -0.136566162109375 -0.150421142578125
-0.228195190429688 0.053314208984375 -0.156463623046875 0.00418090820312499
-0.173538208007813 0.161727905273438 -0.0717239379882813 0.0670089721679688
-0.170761108398438 0.148361206054688 0.00819396972656249 0.0323963165283203
-0.15863037109375 0.190322875976563 0.0419197082519531 0.0213432312011719
-0.190582275390625 0.134521484375 0.0861358642578125 0.03790283203125
-0.254928588867188 0.01629638671875 0.09490966796875 0.0608139038085938
-0.232986450195313 -0.138031005859375 0.0373992919921875 0.135139465332031
-0.0367431640625 -0.32275390625 -0.0539703369140625 0.163818359375
0.133819580078125 -0.3204345703125 -0.131431579589844 0.0956878662109375
0.324615478515625 -0.23284912109375 -0.030914306640625 0.0122585296630859
0.36810302734375 -0.0924072265625 0.0738067626953125 -0.198348999023437
0.307861328125 -0.160675048828125 0.183441162109375 -0.163421630859375
0.180572509765625 -0.335693359375 0.169891357421875 -0.215850830078125
-0.074249267578125 -0.296966552734375 0.0307769775390625 -0.232742309570313
-0.206649780273437 -0.171157836914063 -0.05694580078125 -0.156204223632813
-0.236404418945313 0.040679931640625 -0.0827407836914063 -0.0372390747070313
-0.180770874023438 0.156814575195313 -0.0168352127075195 -0.0015268325805664
-0.174713134765625 0.149566650390625 0.0509452819824219 -0.03204345703125
-0.16387939453125 0.194168090820313 0.0843887329101562 -0.0433883666992187
-0.1939697265625 0.1396484375 0.135658264160156 -0.0134735107421875
-0.257919311523437 0.01678466796875 0.13916015625 0.0240249633789063
-0.225784301757812 -0.138763427734375 0.0808563232421875 0.114181518554687
-0.0167236328125 -0.3116455078125 -0.021759033203125 0.149261474609375
0.156646728515625 -0.283355712890625 -0.0903778076171875 0.0429153442382812
0.32257080078125 -0.1729736328125 0.0742340087890625 -0.0402603149414063
0.287109375 -0.00604248046875 0.200820922851563 -0.216964721679688
0.276138305664063 -0.078399658203125 0.2581787109375 -0.184112548828125
0.193328857421875 -0.247528076171875 0.197311401367188 -0.189682006835938
-0.0277099609375 -0.249542236328125 0.08709716796875 -0.200607299804688
-0.157577514648438 -0.155288696289063 0.0126800537109375 -0.144912719726563
-0.2003173828125 0.023681640625 -0.0110321044921875 -0.0699806213378906
-0.15789794921875 0.128280639648437 0.0352859497070312 -0.0652046203613281
-0.152877807617188 0.126495361328125 0.0861663818359375 -0.0925064086914062
-0.147506713867187 0.16796875 0.121734619140625 -0.105667114257812
-0.173477172851562 0.121795654296875 0.180252075195312 -0.0616455078125
-0.230331420898437 0.00691223144531255 0.178955078125 -0.00384521484375
-0.189285278320312 -0.13232421875 0.116485595703125 0.0998992919921875
0.01580810546875 -0.270889282226563 0.00264739990234374 0.136993408203125
0.171859741210938 -0.212142944335938 -0.0495834350585937 -0.00276184082031251
0.286163330078125 -0.086883544921875 0.172744750976563 -0.0761566162109375
0.155914306640625 0.0760498046875 0.284332275390625 -0.21368408203125
0.186798095703125 0.0127410888671875 0.300537109375 -0.189910888671875
0.156005859375 -0.120498657226562 0.200363159179688 -0.16510009765625
0.0089111328125 -0.154403686523438 0.11737060546875 -0.173019409179688
-0.0858001708984375 -0.106170654296875 0.05767822265625 -0.129798889160156
-0.130241394042969 0.00891113281249997 0.0400924682617188 -0.0943756103515625
-0.108230590820313 0.0808334350585938 0.0717391967773437 -0.114463806152344
-0.107536315917969 0.0846710205078125 0.109375 -0.138336181640625
-0.110054016113281 0.11474609375 0.1529541015625 -0.154205322265625
-0.130409240722656 0.0833740234375 0.217071533203125 -0.0956573486328125
-0.173263549804688 -0.00599670410156247 0.211318969726563 -0.015655517578125
-0.130157470703125 -0.112716674804688 0.144882202148438 0.0984039306640625
0.0477752685546875 -0.199752807617188 0.0186614990234375 0.133537292480469
0.16680908203125 -0.115585327148438 -0.00867271423339843 -0.0287284851074219
0.210189819335938 0.01116943359375 0.25360107421875 -0.08233642578125
-0.0717926025390625 -0.100326538085938 -0.283294677734375 0.106689453125
-0.103858947753906 0.0317153930664063 -0.0235671997070313 0.0480613708496094
-0.0316085815429688 0.09515380859375 -0.0170440673828125 -0.142318725585938
0.0456085205078125 0.07073974609375 -0.1658935546875 -0.142562866210938
0.074127197265625 0.0150909423828125 -0.233612060546875 -0.0136566162109375
0.0655632019042969 -0.0427932739257812 -0.229644775390625 0.116775512695313
0.0428047180175781 -0.0403900146484375 -0.15789794921875 0.199203491210938
0.0396347045898438 -0.0303192138671875 -0.1099853515625 0.166610717773437
0.0440444946289062 -0.0268707275390625 -0.08074951171875 0.140609741210937
0.04315185546875 0.00654983520507812 -0.0751419067382813 0.118377685546875
0.0127105712890625 0.0440025329589844 -0.0707550048828125 0.128585815429687
-0.0546150207519531 0.0438995361328125 -0.122283935546875 0.156845092773438
-0.0912017822265625 -0.029388427734375 -0.21722412109375 0.149307250976563
-0.0682830810546875 -0.104141235351563 -0.2972412109375 0.189483642578125
-0.021728515625 -0.153579711914063 -0.32720947265625 0.191986083984375
0.0600128173828125 -0.173828125 -0.302459716796875 0.060272216796875
-0.0363731384277344 -0.068634033203125 -0.0391769409179688 0.0292243957519531
-0.037750244140625 -0.0278091430664062 -0.00601196289062499 -0.164382934570313
-0.02386474609375 0.000837326049804687 -0.167526245117188 -0.169113159179687
-0.0166454315185547 -0.00307464599609375 -0.24737548828125 -0.03973388671875
-0.0114355087280273 0.00472736358642578 -0.243209838867188 0.114654541015625
-0.0152473449707031 0.0324440002441406 -0.159454345703125 0.200729370117188
-0.0250186920166016 0.0302276611328125 -0.0994415283203125 0.163040161132813
-0.0233421325683594 0.0394134521484375 -0.069915771484375 0.14111328125
-0.0379371643066406 0.0337295532226563 -0.0565338134765625 0.123222351074219
-0.071868896484375 0.0121002197265625 -0.0483856201171875 0.128265380859375
-0.101127624511719 -0.0438766479492187 -0.10260009765625 0.160507202148438
-0.046875 -0.14215087890625 -0.188323974609375 0.160079956054688
0.020965576171875 -0.191482543945313 -0.267684936523438 0.189117431640625
0.1142578125 -0.209823608398438 -0.297027587890625 0.16522216796875
0.1949462890625 -0.21405029296875 -0.272491455078125 -0.00625610351562499
0.0621337890625 -0.156936645507813 -0.0257587432861328 -0.0125961303710938
-0.0149993896484375 -0.16436767578125 0.02044677734375 -0.19390869140625
-0.0849838256835937 -0.0930099487304687 -0.15069580078125 -0.203109741210938
-0.108779907226563 -0.0397109985351563 -0.240020751953125 -0.0772857666015625
-0.095703125 0.040313720703125 -0.237625122070312 0.091339111328125
-0.0764617919921875 0.0967330932617187 -0.14398193359375 0.176071166992187
-0.0867691040039063 0.0855789184570313 -0.0723342895507812 0.134605407714844
-0.0816650390625 0.104026794433594 -0.0401535034179688 0.118621826171875
-0.107498168945312 0.0697784423828125 -0.0169906616210938 0.111602783203125
-0.151107788085937 0.00331115722656248 -0.00556945800781251 0.11859130859375
-0.156906127929688 -0.09930419921875 -0.061492919921875 0.163436889648438
-0.035858154296875 -0.2349853515625 -0.143783569335937 0.172225952148437
0.0756072998046875 -0.265274047851563 -0.221115112304687 0.1761474609375
0.218673706054688 -0.248031616210938 -0.226638793945313 0.125778198242187
0.306182861328125 -0.2120361328125 -0.190719604492187 -0.0802001953125
0.171173095703125 -0.211883544921875 0.0206565856933594 -0.0670814514160157
0.038330078125 -0.284942626953125 0.06353759765625 -0.220458984375
-0.120132446289063 -0.193359375 -0.107254028320313 -0.233367919921875
-0.183029174804688 -0.0900115966796876 -0.202590942382813 -0.11724853515625
-0.171142578125 0.057464599609375 -0.207260131835938 0.052337646484375
-0.129180908203125 0.141311645507813 -0.11346435546875 0.12908935546875
-0.13525390625 0.127853393554688 -0.0345001220703125 0.0879898071289063
-0.12506103515625 0.157791137695313 -0.000282287597656264 0.0763626098632813
-0.155563354492188 0.108261108398438 0.0343475341796875 0.0804061889648438
-0.213088989257813 0.0115203857421875 0.0459671020507812 0.0947036743164063
-0.205551147460938 -0.124099731445312 -0.009735107421875 0.154586791992188
-0.042388916015625 -0.29364013671875 -0.0940704345703125 0.174285888671875
0.105316162109375 -0.3096923828125 -0.17254638671875 0.145538330078125
0.285064697265625 -0.25750732421875 -0.13348388671875 0.0733795166015625
0.36688232421875 -0.17034912109375 -0.0686492919921875 -0.146224975585938
0.260452270507813 -0.213470458984375 0.0942230224609375 -0.119827270507813
0.109100341796875 -0.350372314453125 0.116989135742188 -0.229339599609375
-0.114608764648437 -0.269134521484375 -0.04254150390625 -0.243408203125
-0.219070434570313 -0.13824462890625 -0.136749267578125 -0.145248413085938
-0.219863891601562 0.056610107421875 -0.15081787109375 0.00767517089843752
-0.163162231445312 0.162185668945313 -0.0679244995117188 0.0657691955566406
-0.163177490234375 0.150375366210937 0.00833511352539061 0.0288639068603516
-0.148971557617188 0.189804077148437 0.0430335998535156 0.01849365234375
-0.18096923828125 0.134841918945313 0.0866851806640625 0.0342330932617188
-0.2479248046875 0.022857666015625 0.0942764282226562 0.0578384399414062
-0.23089599609375 -0.130142211914063 0.0401763916015625 0.134567260742188
-0.042999267578125 -0.315338134765625 -0.0498199462890625 0.164703369140625
0.12432861328125 -0.3150634765625 -0.128067016601562 0.09844970703125
0.31463623046875 -0.236297607421875 -0.0319156646728515 0.0142955780029297
0.3590087890625 -0.099853515625 0.0697021484375 -0.191436767578125
0.299163818359375 -0.1639404296875 0.1776123046875 -0.159164428710938
0.167938232421875 -0.33636474609375 0.163238525390625 -0.216522216796875
-0.078857421875 -0.288177490234375 0.02581787109375 -0.22906494140625
-0.208389282226562 -0.161666870117187 -0.0591583251953125 -0.151840209960938
-0.227996826171875 0.0447540283203125 -0.0799942016601563 -0.0346450805664063
-0.169464111328125 0.157424926757813 -0.0151090621948242 -0.00242805480957031
-0.166275024414063 0.151092529296875 0.0489921569824219 -0.0354766845703125
-0.15338134765625 0.19427490234375 0.083465576171875 -0.045745849609375
-0.183120727539063 0.140060424804688 0.134323120117188 -0.017242431640625
-0.251373291015625 0.0242767333984375 0.136909484863281 0.0213470458984375
-0.223663330078125 -0.130386352539063 0.0821456909179687 0.112335205078125
-0.02423095703125 -0.304473876953125 -0.0179595947265625 0.149429321289062
0.147308349609375 -0.279510498046875 -0.0892333984375 0.046142578125
0.31304931640625 -0.17724609375 0.0706100463867188 -0.0396270751953125
0.28173828125 -0.013336181640625 0.193801879882813 -0.213882446289062
0.26873779296875 -0.082305908203125 0.250015258789063 -0.1817626953125
0.181640625 -0.2491455078125 0.190155029296875 -0.1904296875
-0.033660888671875 -0.242843627929688 0.0812530517578125 -0.199111938476563
-0.1593017578125 -0.147216796875 0.0104827880859375 -0.142745971679688
-0.193496704101563 0.027923583984375 -0.0102882385253906 -0.0679855346679688
-0.147079467773438 0.129776000976562 0.0338172912597656 -0.0657844543457031
-0.144638061523438 0.12890625 0.0820236206054687 -0.0956497192382812
-0.137451171875 0.16802978515625 0.119117736816406 -0.107864379882812
-0.163909912109375 0.122344970703125 0.176177978515625 -0.0648956298828125
-0.224044799804688 0.014556884765625 0.17523193359375 -0.00701904296875
-0.188064575195313 -0.124908447265625 0.116355895996094 0.0970077514648437
0.00859069824218747 -0.265487670898438 0.00447845458984376 0.137313842773437
0.163177490234375 -0.210433959960938 -0.0504837036132812 0.000640869140624987
0.277633666992187 -0.0923919677734375 0.165573120117188 -0.076812744140625
0.154647827148438 0.0702972412109375 0.275436401367188 -0.213150024414062
0.182907104492188 0.007537841796875 0.291015625 -0.1884765625
0.148574829101563 -0.123092651367188 0.193588256835937 -0.165695190429688
0.003692626953125 -0.150634765625 0.111465454101562 -0.171875
-0.0877151489257812 -0.1015625 0.054046630859375 -0.129081726074219
-0.125389099121094 0.0124435424804687 0.038238525390625 -0.093170166015625
-0.100257873535156 0.0817031860351563 0.0676498413085938 -0.114402770996094
-0.101608276367187 0.0865097045898438 0.103858947753906 -0.140388488769531
-0.103355407714844 0.115684509277344 0.147964477539063 -0.156036376953125
-0.122909545898438 0.0845794677734375 0.210891723632813 -0.09930419921875
-0.169281005859375 0.000183105468750025 0.20623779296875 -0.019500732421875
-0.129951477050781 -0.106483459472656 0.143798828125 0.0945281982421875
0.0414276123046875 -0.196365356445313 0.02001953125 0.132720947265625
0.160491943359375 -0.116287231445313 -0.0121288299560547 -0.0261383056640625
0.2056884765625 0.0055999755859375 0.244857788085938 -0.084808349609375
-0.0749664306640625 -0.097015380859375 -0.278656005859375 0.11663818359375
-0.101417541503906 0.0350494384765625 -0.01861572265625 0.0485916137695313
-0.0266036987304687 0.094573974609375 -0.02069091796875 -0.143524169921875
0.0489540100097656 0.0685043334960938 -0.171371459960938 -0.13922119140625
0.0750198364257813 0.0121231079101563 -0.234451293945313 -0.00866699218749999
0.0630035400390625 -0.0452728271484375 -0.227371215820312 0.12359619140625
0.0395050048828125 -0.0429153442382813 -0.151840209960937 0.205093383789063
0.0370254516601563 -0.0314216613769531 -0.106353759765625 0.172348022460938
0.0416450500488281 -0.0268478393554688 -0.07757568359375 0.145187377929687
0.0410957336425781 0.00439834594726563 -0.0725860595703125 0.121665954589844
0.01373291015625 0.0413246154785156 -0.0677413940429688 0.132850646972656
-0.0524520874023437 0.0455360412597656 -0.118377685546875 0.162063598632813
-0.0909271240234375 -0.0262603759765625 -0.214141845703125 0.15447998046875
-0.0706939697265625 -0.101226806640625 -0.2935791015625 0.197052001953125
-0.0272064208984375 -0.151824951171875 -0.324310302734375 0.202301025390625
0.053741455078125 -0.175018310546875 -0.300018310546875 0.07220458984375
-0.0362586975097656 -0.067657470703125 -0.0343418121337891 0.0315074920654297
-0.0371589660644531 -0.0279579162597656 -0.00999450683593752 -0.166595458984375
-0.0232124328613281 0.00101852416992188 -0.173477172851563 -0.166732788085938
-0.0169095993041992 -0.00225448608398437 -0.249282836914063 -0.034515380859375
-0.0117826461791992 0.00423145294189453 -0.241256713867188 0.121353149414062
-0.0146751403808594 0.0320377349853516 -0.153106689453125 0.206405639648438
-0.025390625 0.0308895111083984 -0.0955352783203125 0.167068481445313
-0.023040771484375 0.040313720703125 -0.06707763671875 0.144073486328125
-0.0381736755371094 0.0333900451660156 -0.0537109375 0.125602722167969
-0.0717391967773437 0.0126571655273438 -0.0454025268554688 0.131370544433594
-0.102302551269531 -0.0416030883789063 -0.0985107421875 0.166549682617188
-0.0496978759765625 -0.141220092773437 -0.184494018554688 0.165435791015625
0.0160675048828125 -0.19110107421875 -0.26409912109375 0.19720458984375
0.108291625976563 -0.212814331054688 -0.294647216796875 0.17529296875
0.189056396484375 -0.220016479492188 -0.271194458007813 0.004425048828125
0.0603790283203125 -0.15911865234375 -0.0222434997558594 -0.0101470947265625
-0.01904296875 -0.165878295898438 0.015380859375 -0.197845458984375
-0.0874786376953125 -0.0920333862304688 -0.156036376953125 -0.200775146484375
-0.111198425292969 -0.0359649658203125 -0.242828369140625 -0.0717315673828125
-0.0943145751953125 0.0427627563476563 -0.234848022460937 0.0973052978515625
-0.07275390625 0.0980300903320313 -0.139083862304688 0.180221557617187
-0.0847930908203125 0.0890350341796875 -0.0690383911132813 0.136962890625
-0.0790939331054688 0.107154846191406 -0.0368194580078125 0.120498657226563
-0.105461120605469 0.0723800659179688 -0.0128936767578125 0.112205505371094
-0.150619506835937 0.00700378417968747 -0.00166320800781251 0.120452880859375
-0.160247802734375 -0.09600830078125 -0.057952880859375 0.168685913085938
-0.0422515869140625 -0.23486328125 -0.139724731445312 0.178329467773438
0.069366455078125 -0.266525268554687 -0.218002319335938 0.183807373046875
0.212677001953125 -0.255615234375 -0.22515869140625 0.1336669921875
0.301788330078125 -0.222869873046875 -0.191421508789063 -0.07098388671875
0.168304443359375 -0.216522216796875 0.0227432250976563 -0.0644073486328125
0.029205322265625 -0.2891845703125 0.05810546875 -0.225799560546875
-0.124969482421875 -0.190673828125 -0.1138916015625 -0.232208251953125
-0.187896728515625 -0.0843505859375 -0.206436157226563 -0.112442016601562
-0.16876220703125 0.0623016357421875 -0.204071044921875 0.0577239990234375
-0.12322998046875 0.144699096679688 -0.108619689941406 0.131309509277344
-0.13153076171875 0.133110046386719 -0.0324478149414063 0.0876312255859375
-0.11932373046875 0.16265869140625 0.00292968749999999 0.0758819580078125
-0.151718139648438 0.1123046875 0.0383377075195312 0.0790023803710937
-0.211807250976562 0.018218994140625 0.0487442016601562 0.0938949584960938
-0.210540771484375 -0.118789672851563 -0.00592041015625 0.158447265625
-0.050933837890625 -0.293914794921875 -0.08953857421875 0.179641723632813
0.0970458984375 -0.311798095703125 -0.170089721679687 0.151626586914063
0.279434204101563 -0.267730712890625 -0.133415222167969 0.0788726806640625
0.362823486328125 -0.182373046875 -0.0715255737304687 -0.140243530273438
0.2579345703125 -0.221450805664063 0.0943145751953125 -0.118743896484375
0.098907470703125 -0.356170654296875 0.110580444335937 -0.236053466796875
-0.123214721679687 -0.265960693359375 -0.0492706298828125 -0.243728637695313
-0.2255859375 -0.131378173828125 -0.141250610351562 -0.142059326171875
-0.21685791015625 0.063201904296875 -0.148895263671875 0.01129150390625
-0.15447998046875 0.1671142578125 -0.0648460388183594 0.0669059753417969
-0.157745361328125 0.157196044921875 0.00823211669921874 0.0257663726806641
-0.1417236328125 0.195388793945313 0.0448951721191406 0.0159797668457031
-0.17462158203125 0.1395263671875 0.08917236328125 0.0306777954101563
-0.245620727539063 0.0318603515625 0.0965576171875 0.0555419921875
-0.235946655273438 -0.123245239257812 0.0445785522460937 0.136039733886719
-0.05389404296875 -0.315582275390625 -0.045074462890625 0.169601440429688
0.11566162109375 -0.31854248046875 -0.126976013183594 0.104278564453125
0.310211181640625 -0.246856689453125 -0.032327651977539 0.0169105529785156
0.35675048828125 -0.110076904296875 0.06585693359375 -0.190093994140625
0.296905517578125 -0.173614501953125 0.176025390625 -0.160659790039063
0.15838623046875 -0.343719482421875 0.157669067382813 -0.223983764648438
-0.087677001953125 -0.28521728515625 0.01947021484375 -0.2305908203125
-0.21533203125 -0.154464721679688 -0.0634918212890625 -0.1512451171875
-0.224990844726563 0.0511627197265625 -0.0784149169921875 -0.03240966796875
-0.1610107421875 0.162979125976563 -0.0146818161010742 -0.00305652618408202
-0.161163330078125 0.157455444335937 0.0472297668457031 -0.039459228515625
-0.145065307617188 0.199813842773438 0.0838088989257812 -0.0501022338867187
-0.175750732421875 0.14569091796875 0.135978698730469 -0.0228729248046875
-0.248992919921875 0.0343780517578125 0.138519287109375 0.0176773071289063
-0.228500366210938 -0.123260498046875 0.0859603881835937 0.112564086914062
-0.03363037109375 -0.305450439453125 -0.0128021240234375 0.153717041015625
0.139801025390625 -0.2835693359375 -0.089263916015625 0.0506744384765625
0.30963134765625 -0.18829345703125 0.06890869140625 -0.0414619445800781
0.28277587890625 -0.023895263671875 0.189804077148438 -0.216262817382812
0.268203735351563 -0.090728759765625 0.246505737304688 -0.185440063476563
0.173233032226563 -0.256927490234375 0.185470581054687 -0.197799682617188
-0.0416107177734375 -0.240509033203125 0.076141357421875 -0.201675415039063
-0.1654052734375 -0.14154052734375 0.00669860839843749 -0.143783569335938
-0.190719604492188 0.0342864990234375 -0.010986328125 -0.0678596496582031
-0.1392822265625 0.134201049804688 0.0324058532714844 -0.0681037902832031
-0.139106750488281 0.134246826171875 0.07818603515625 -0.10089111328125
-0.129745483398437 0.173263549804688 0.117225646972656 -0.113967895507812
-0.157196044921875 0.126861572265625 0.17608642578125 -0.0724334716796875
-0.22174072265625 0.0244598388671875 0.17462158203125 -0.0117645263671875
-0.192001342773438 -0.118362426757812 0.120124816894531 0.0957794189453125
7.6293945312516E-05 -0.266403198242188 0.00955963134765625 0.140403747558594
0.15728759765625 -0.215255737304687 -0.05242919921875 0.00422286987304685
0.2764892578125 -0.101669311523438 0.162811279296875 -0.081207275390625
0.157882690429688 0.0640411376953125 0.27093505859375 -0.219833374023437
0.183624267578125 0.0007781982421875 0.286468505859375 -0.19500732421875
0.14312744140625 -0.130035400390625 0.190017700195313 -0.170928955078125
-0.001922607421875 -0.148757934570313 0.107131958007812 -0.175262451171875
-0.0919418334960937 -0.097198486328125 0.0505218505859375 -0.132377624511719
-0.123512268066406 0.01556396484375 0.03717041015625 -0.0945816040039063
-0.0950546264648438 0.0862808227539063 0.0639877319335938 -0.118385314941406
-0.0970001220703125 0.0907669067382813 0.099517822265625 -0.146133422851563
-0.0970916748046875 0.119163513183594 0.144271850585938 -0.163330078125
-0.118270874023437 0.0887832641601563 0.209945678710938 -0.107009887695313
-0.167556762695313 0.0072784423828125 0.206390380859375 -0.0243682861328125
-0.133003234863281 -0.101776123046875 0.147109985351563 0.0913543701171875
0.0349884033203125 -0.198562622070312 0.024658203125 0.135879516601563
0.1573486328125 -0.121337890625 -0.0152511596679687 -0.0237922668457031
0.205886840820313 -0.0013275146484375 0.240478515625 -0.092376708984375
-0.0820236206054688 -0.0922088623046875 -0.271957397460938 0.134201049804687
-0.098785400390625 0.04107666015625 -0.0128860473632813 0.0486946105957031
-0.0205001831054688 0.0948715209960938 -0.0277557373046875 -0.144744873046875
0.0542335510253906 0.0651969909667969 -0.180709838867187 -0.132110595703125
0.0770797729492188 0.00797271728515625 -0.237884521484375 0.00283813476562502
0.0595207214355469 -0.0502128601074219 -0.223831176757813 0.136886596679687
0.0348129272460937 -0.0459175109863281 -0.14105224609375 0.216339111328125
0.0342750549316406 -0.0338878631591797 -0.097869873046875 0.18218994140625
0.0382423400878906 -0.02911376953125 -0.0708160400390625 0.152923583984375
0.0391464233398438 0.000972747802734375 -0.0669174194335937 0.127861022949219
0.0159530639648438 0.0385589599609375 -0.0611648559570312 0.139106750488281
-0.0500030517578125 0.0482521057128906 -0.110519409179687 0.171051025390625
-0.0918350219726563 -0.0213851928710938 -0.208358764648438 0.165664672851563
-0.0755844116210938 -0.0978927612304688 -0.285797119140625 0.214324951171875
-0.03582763671875 -0.150421142578125 -0.316497802734375 0.223114013671875
0.044891357421875 -0.178543090820312 -0.294769287109375 0.091949462890625
-0.0382537841796875 -0.0659904479980469 -0.0284957885742188 0.0331630706787109
-0.0380706787109375 -0.0278205871582031 -0.019500732421875 -0.169830322265625
-0.0221824645996094 0.000991821289062503 -0.18316650390625 -0.15960693359375
-0.0167245864868164 -0.00138092041015625 -0.25311279296875 -0.0216827392578125
-0.0119457244873047 0.00408172607421875 -0.23626708984375 0.134567260742188
-0.01422119140625 0.0320014953613281 -0.141998291015625 0.21673583984375
-0.0245838165283203 0.03338623046875 -0.0874481201171875 0.174789428710938
-0.021484375 0.0428314208984375 -0.0596466064453125 0.151092529296875
-0.03839111328125 0.0343093872070313 -0.0472946166992188 0.130508422851563
-0.0716094970703125 0.0148239135742187 -0.0380096435546875 0.136672973632813
-0.1055908203125 -0.0367202758789062 -0.0905303955078125 0.176422119140625
-0.0569305419921875 -0.140151977539063 -0.177597045898438 0.177322387695313
0.00782775878906251 -0.19232177734375 -0.256072998046875 0.21282958984375
0.0985870361328125 -0.219772338867188 -0.288818359375 0.1943359375
0.177581787109375 -0.232528686523437 -0.270294189453125 0.0233154296875
0.05413818359375 -0.164260864257813 -0.0185012817382812 -0.00708961486816407
-0.0287017822265625 -0.168701171875 0.0044097900390625 -0.202804565429688
-0.092193603515625 -0.0882492065429688 -0.16827392578125 -0.195022583007813
-0.114456176757812 -0.02911376953125 -0.248764038085937 -0.0599517822265625
-0.0920333862304688 0.0472488403320313 -0.231109619140625 0.110031127929688
-0.0669479370117188 0.101806640625 -0.128997802734375 0.18927001953125
-0.0809707641601563 0.0949554443359375 -0.0629119873046875 0.142120361328125
-0.0730819702148438 0.113471984863281 -0.0295867919921875 0.124008178710938
-0.102203369140625 0.0772247314453125 -0.00610351562500002 0.113571166992188
-0.151443481445313 0.014434814453125 0.00519561767578124 0.122627258300781
-0.167556762695313 -0.0888671875 -0.048187255859375 0.176345825195313
-0.0545196533203125 -0.235824584960938 -0.131195068359375 0.188140869140625
0.057098388671875 -0.271697998046875 -0.210662841796875 0.198562622070312
0.202407836914063 -0.26910400390625 -0.221527099609375 0.149398803710937
0.291748046875 -0.240936279296875 -0.194717407226562 -0.0569915771484375
0.160476684570312 -0.228500366210937 0.0233955383300781 -0.0634307861328125
0.013092041015625 -0.29595947265625 0.0454254150390625 -0.233749389648438
-0.135818481445312 -0.185333251953125 -0.12713623046875 -0.229156494140625
-0.1954345703125 -0.07293701171875 -0.214096069335938 -0.102432250976562
-0.164962768554688 0.0715789794921875 -0.201614379882813 0.068572998046875
-0.114044189453125 0.151611328125 -0.100967407226563 0.137619018554688
-0.124969482421875 0.142562866210938 -0.0295181274414063 0.088470458984375
-0.110122680664062 0.17047119140625 0.00841522216796874 0.07574462890625
-0.14599609375 0.119888305664062 0.0436477661132813 0.0767974853515625
-0.21209716796875 0.0299224853515625 0.054779052734375 0.0928497314453125
-0.219680786132813 -0.108489990234375 0.00373840332031249 0.163253784179687
-0.0673828125 -0.29473876953125 -0.0800628662109375 0.187896728515625
0.081939697265625 -0.3201904296875 -0.1634521484375 0.164413452148437
0.26904296875 -0.287628173828125 -0.13140869140625 0.089141845703125
0.354705810546875 -0.20526123046875 -0.0774307250976562 -0.133697509765625
0.25067138671875 -0.237869262695312 0.092010498046875 -0.121795654296875
0.07769775390625 -0.367828369140625 0.0977935791015625 -0.246902465820313
-0.137802124023437 -0.261734008789063 -0.0626068115234375 -0.242706298828125
-0.23626708984375 -0.117904663085938 -0.149810791015625 -0.136138916015625
-0.21343994140625 0.0745697021484376 -0.147308349609375 0.0191497802734375
-0.1435546875 0.175430297851563 -0.0606956481933594 0.0701904296875
-0.150161743164063 0.168441772460938 0.00887298583984374 0.0242424011230469
-0.129898071289062 0.205642700195313 0.047149658203125 0.0115814208984375
-0.166412353515625 0.149551391601563 0.093048095703125 0.0246200561523438
-0.245254516601563 0.046783447265625 0.101058959960937 0.0514068603515625
-0.245651245117188 -0.111007690429687 0.0534591674804687 0.137298583984375
-0.072052001953125 -0.31640625 -0.03521728515625 0.175537109375
0.100311279296875 -0.32666015625 -0.123046875 0.114013671875
0.300689697265625 -0.268280029296875 -0.0325698852539062 0.0203628540039062
0.35406494140625 -0.132537841796875 0.058624267578125 -0.192184448242188
0.29180908203125 -0.191253662109375 0.17205810546875 -0.167205810546875
0.138031005859375 -0.358642578125 0.145065307617188 -0.235671997070313
-0.105010986328125 -0.282745361328125 0.00854492187499998 -0.23358154296875
-0.2276611328125 -0.141738891601563 -0.07183837890625 -0.149795532226563
-0.222671508789062 0.0638580322265625 -0.0784988403320313 -0.0286026000976562
-0.149917602539062 0.171737670898438 -0.0137472152709961 -0.00356960296630859
-0.151748657226563 0.168777465820312 0.0439834594726562 -0.0449867248535156
-0.131973266601563 0.20928955078125 0.0830917358398437 -0.0576171875
-0.166488647460938 0.155838012695313 0.137008666992188 -0.0321807861328125
-0.246368408203125 0.0500640869140625 0.1414794921875 0.0104522705078125
-0.23779296875 -0.110885620117188 0.093475341796875 0.110954284667969
-0.051544189453125 -0.30743408203125 -0.00291442871093749 0.157257080078125
0.1248779296875 -0.2923583984375 -0.0884780883789062 0.0582809448242187
0.302581787109375 -0.20867919921875 0.06622314453125 -0.044342041015625
0.284423828125 -0.04071044921875 0.180923461914063 -0.226104736328125
0.265823364257813 -0.107437133789063 0.240158081054688 -0.1959228515625
0.157333374023437 -0.270828247070313 0.17462158203125 -0.20855712890625
-0.05584716796875 -0.239028930664062 0.06610107421875 -0.20758056640625
-0.175399780273438 -0.131607055664062 -0.00198364257812502 -0.146728515625
-0.189407348632812 0.0451202392578125 -0.0120315551757813 -0.0684432983398438
-0.129257202148438 0.141693115234375 0.029052734375 -0.07177734375
-0.131759643554688 0.1444091796875 0.072509765625 -0.1082763671875
-0.118927001953125 0.18267822265625 0.112907409667969 -0.124404907226563
-0.148513793945312 0.136672973632813 0.17486572265625 -0.083740234375
-0.220184326171875 0.03912353515625 0.175704956054688 -0.0210418701171875
-0.20098876953125 -0.107742309570313 0.12701416015625 0.0909500122070312
-0.015411376953125 -0.269500732421875 0.01910400390625 0.142578125
0.146728515625 -0.225311279296875 -0.0543479919433594 0.00926208496093749
0.273834228515625 -0.119354248046875 0.158462524414063 -0.0902557373046875
0.162368774414063 0.0543670654296875 0.262741088867188 -0.23455810546875
0.184295654296875 -0.0107269287109375 0.279510498046875 -0.209396362304688
0.135093688964844 -0.140350341796875 0.18218994140625 -0.181655883789063
-0.0111083984375 -0.148422241210937 0.0989990234375 -0.1822509765625
-0.0992202758789062 -0.0909500122070313 0.043121337890625 -0.137245178222656
-0.122299194335938 0.0229263305664062 0.0338287353515625 -0.097137451171875
-0.0878677368164063 0.09112548828125 0.0585784912109375 -0.123497009277344
-0.0911102294921875 0.0980911254882813 0.0899200439453125 -0.155364990234375
-0.089202880859375 0.126609802246094 0.136749267578125 -0.17523193359375
-0.11199951171875 0.0951690673828125 0.206466674804688 -0.120651245117188
-0.16680908203125 0.0196380615234375 0.206634521484375 -0.0356292724609375
-0.1405029296875 -0.0936203002929687 0.154388427734375 0.0853271484375
0.022857666015625 -0.202438354492188 0.0338134765625 0.137489318847656
0.15142822265625 -0.13092041015625 -0.0195407867431641 -0.0220527648925781
0.207321166992188 -0.0133514404296875 0.235946655273438 -0.106292724609375
-0.088043212890625 -0.083221435546875 -0.256057739257813 0.155609130859375
-0.0933303833007813 0.0475692749023437 -0.00556564331054688 0.0478057861328125
-0.0118637084960938 0.0941619873046875 -0.0381622314453125 -0.14300537109375
0.0596542358398438 0.0591697692871094 -0.189651489257812 -0.118057250976563
0.0777053833007812 0.00048828125 -0.235824584960938 0.0194854736328125
0.0534248352050781 -0.0550308227539063 -0.213165283203125 0.15264892578125
0.0283393859863281 -0.0486984252929688 -0.122543334960937 0.226470947265625
0.029632568359375 -0.0358047485351563 -0.0823974609375 0.190322875976563
0.0344409942626953 -0.0311203002929688 -0.058074951171875 0.159698486328125
0.0368804931640625 -0.00249481201171875 -0.0569229125976563 0.133842468261719
0.0177249908447266 0.0350246429443359 -0.0497283935546875 0.144607543945313
-0.0449714660644531 0.0511856079101562 -0.0968170166015625 0.179733276367188
-0.0908279418945313 -0.0141372680664062 -0.1956787109375 0.179962158203125
-0.0815582275390625 -0.0908660888671875 -0.26751708984375 0.233428955078125
-0.0467987060546875 -0.14556884765625 -0.297027587890625 0.24609375
0.0301666259765625 -0.17987060546875 -0.28155517578125 0.116302490234375
-0.0409431457519531 -0.063385009765625 -0.0217456817626953 0.0349750518798828
-0.0395278930664062 -0.0265884399414063 -0.03240966796875 -0.16845703125
-0.0210342407226563 0.00151824951171875 -0.1944580078125 -0.144989013671875
-0.0159435272216797 -0.000494003295898439 -0.2532958984375 -0.00277709960937501
-0.0117664337158203 0.00409507751464844 -0.224533081054687 0.150100708007813
-0.0127716064453125 0.0318775177001953 -0.123184204101562 0.226089477539063
-0.0230255126953125 0.0352058410644531 -0.0727691650390625 0.181961059570313
-0.0183296203613281 0.0447120666503906 -0.04595947265625 0.1566162109375
-0.0366668701171875 0.0360107421875 -0.036651611328125 0.134010314941406
-0.0699043273925781 0.0188636779785156 -0.0269317626953125 0.1405029296875
-0.107429504394531 -0.0289154052734375 -0.0758056640625 0.183929443359375
-0.065643310546875 -0.135009765625 -0.163681030273438 0.188873291015625
-0.00561523437500001 -0.190841674804688 -0.238388061523438 0.23187255859375
0.081695556640625 -0.225982666015625 -0.2723388671875 0.217422485351563
0.15899658203125 -0.244293212890625 -0.262481689453125 0.0472869873046875
0.0433807373046875 -0.1678466796875 -0.01422119140625 -0.00503826141357423
-0.042236328125 -0.166976928710938 -0.012237548828125 -0.20416259765625
-0.0975341796875 -0.0811538696289063 -0.181671142578125 -0.181793212890625
-0.115821838378906 -0.019500732421875 -0.251174926757813 -0.0416107177734375
-0.0868682861328125 0.0527801513671875 -0.219894409179687 0.12554931640625
-0.0586700439453125 0.105125427246094 -0.112350463867188 0.197357177734375
-0.07379150390625 0.101570129394531 -0.05206298828125 0.146484375
-0.0633316040039062 0.118980407714844 -0.0190963745117187 0.126899719238281
-0.0964584350585938 0.0834274291992187 0.00322723388671873 0.113471984863281
-0.149307250976563 0.0248565673828125 0.01513671875 0.122756958007813
-0.173797607421875 -0.0755767822265625 -0.0339508056640625 0.182357788085938
-0.0715484619140625 -0.230987548828125 -0.11627197265625 0.198089599609375
0.03759765625 -0.273529052734375 -0.194793701171875 0.214630126953125
0.181549072265625 -0.283355712890625 -0.20806884765625 0.16729736328125
0.26971435546875 -0.26287841796875 -0.194747924804687 -0.0381011962890625
0.144439697265625 -0.23968505859375 0.0226364135742188 -0.0628395080566406
-0.0115966796875 -0.29705810546875 0.0252838134765625 -0.23699951171875
-0.149307250976562 -0.174453735351563 -0.142623901367187 -0.218460083007813
-0.200393676757812 -0.056243896484375 -0.220016479492187 -0.086273193359375
-0.15777587890625 0.0829010009765625 -0.193679809570313 0.08233642578125
-0.100204467773438 0.157943725585937 -0.0886688232421875 0.14361572265625
-0.113479614257812 0.151901245117188 -0.0229110717773438 0.0903701782226563
-0.0944976806640625 0.1788330078125 0.0149078369140625 0.0741195678710938
-0.134651184082031 0.129318237304688 0.0501937866210937 0.0719528198242188
-0.2073974609375 0.04681396484375 0.062469482421875 0.089019775390625
-0.2276611328125 -0.0906829833984375 0.017333984375 0.164749145507813
-0.09039306640625 -0.288970947265625 -0.06463623046875 0.194107055664062
0.05902099609375 -0.323883056640625 -0.150802612304687 0.177200317382813
0.24627685546875 -0.30712890625 -0.123176574707031 0.100418090820313
0.337738037109375 -0.23095703125 -0.084259033203125 -0.12255859375
0.232940673828125 -0.255401611328125 0.0854263305664063 -0.124259948730469
0.046417236328125 -0.3740234375 0.0758819580078125 -0.253036499023438
-0.157699584960937 -0.248291015625 -0.0794677734375 -0.237045288085938
-0.244644165039063 -0.0971832275390625 -0.15875244140625 -0.12408447265625
-0.204696655273438 0.0902557373046875 -0.143356323242188 0.028778076171875
-0.127212524414063 0.183883666992188 -0.0532608032226563 0.07305908203125
-0.135269165039063 0.17950439453125 0.00890922546386718 0.021352767944336
-0.110031127929687 0.214691162109375 0.0489959716796875 0.00660705566406251
-0.151412963867188 0.160446166992188 0.095306396484375 0.015838623046875
-0.236923217773437 0.06689453125 0.10516357421875 0.0440750122070313
-0.253585815429688 -0.0900421142578125 0.0647125244140625 0.13580322265625
-0.096160888671875 -0.309417724609375 -0.01995849609375 0.177734375
0.075653076171875 -0.331756591796875 -0.114311218261719 0.124412536621094
0.278533935546875 -0.291290283203125 -0.0302944183349609 0.0242176055908203
0.34161376953125 -0.1600341796875 0.045623779296875 -0.191253662109375
0.2767333984375 -0.212203979492188 0.160232543945313 -0.17547607421875
0.10552978515625 -0.3675537109375 0.123870849609375 -0.244873046875
-0.1259765625 -0.271804809570313 -0.00859069824218753 -0.232330322265625
-0.237548828125 -0.12176513671875 -0.082672119140625 -0.143890380859375
-0.214279174804688 0.0805511474609375 -0.0780181884765625 -0.0232086181640625
-0.13250732421875 0.1807861328125 -0.0130834579467774 -0.00344753265380858
-0.136825561523438 0.180892944335938 0.0383453369140625 -0.0500411987304687
-0.111572265625 0.218948364257813 0.0788803100585938 -0.0667572021484375
-0.151519775390625 0.166290283203125 0.13446044921875 -0.0445404052734375
-0.238418579101563 0.0709075927734375 0.140975952148437 0.000320434570312504
-0.245697021484375 -0.0901336669921875 0.102333068847656 0.105300903320313
-0.0762939453125 -0.301483154296875 0.01068115234375 0.157302856445312
0.10211181640625 -0.2998046875 -0.0845794677734375 0.0662994384765625
0.28546142578125 -0.232818603515625 0.0617790222167969 -0.0480575561523438
0.277877807617188 -0.064117431640625 0.163970947265625 -0.234848022460938
0.256072998046875 -0.128143310546875 0.225723266601563 -0.208938598632813
0.133026123046875 -0.28265380859375 0.156875610351562 -0.21942138671875
-0.0747528076171875 -0.23138427734375 0.0504913330078125 -0.210433959960938
-0.185501098632813 -0.114212036132812 -0.0123748779296875 -0.145828247070313
-0.182907104492188 0.0594635009765625 -0.0151596069335938 -0.0670433044433594
-0.115036010742187 0.149749755859375 0.0240707397460937 -0.0743865966796875
-0.117645263671875 0.15386962890625 0.06146240234375 -0.115028381347656
-0.100357055664063 0.190536499023438 0.102348327636719 -0.134933471679688
-0.13470458984375 0.146469116210938 0.167465209960938 -0.09954833984375
-0.212890625 0.05804443359375 0.173370361328125 -0.0335845947265625
-0.208297729492188 -0.0890350341796875 0.133636474609375 0.0822525024414063
-0.0376739501953125 -0.2667236328125 0.0316619873046875 0.141372680664063
0.128494262695313 -0.235061645507813 -0.0549125671386719 0.0150909423828125
0.26251220703125 -0.141586303710938 0.148056030273438 -0.1016845703125
0.164199829101563 0.0395355224609375 0.244003295898438 -0.251068115234375
0.18096923828125 -0.0252838134765625 0.262725830078125 -0.225296020507813
0.120498657226563 -0.150253295898438 0.166549682617188 -0.19219970703125
-0.0222320556640625 -0.144317626953125 0.0849151611328125 -0.188125610351563
-0.105789184570313 -0.0802001953125 0.0322113037109375 -0.140625
-0.118759155273437 0.03265380859375 0.027679443359375 -0.0995635986328125
-0.0772247314453125 0.096649169921875 0.0489730834960937 -0.128448486328125
-0.0807952880859375 0.104484558105469 0.0760040283203125 -0.163131713867188
-0.0766067504882813 0.133056640625 0.120819091796875 -0.187713623046875
-0.101570129394531 0.103958129882813 0.19635009765625 -0.13824462890625
-0.161529541015625 0.0348358154296875 0.202194213867188 -0.0502777099609375
-0.147186279296875 -0.0812835693359375 0.159896850585938 0.073760986328125
0.006011962890625 -0.203598022460937 0.0448989868164063 0.134124755859375
0.140396118164063 -0.1417236328125 -0.0227069854736328 -0.0178546905517578
0.204696655273438 -0.030487060546875 0.22393798828125 -0.1234130859375
-0.0910263061523437 -0.0716629028320313 -0.231353759765625 0.169326782226562
-0.0851821899414063 0.0522232055664063 0.000820159912109369 0.0445747375488281
-0.00340270996093749 0.08966064453125 -0.0479278564453125 -0.135017395019531
0.0626258850097656 0.0507240295410156 -0.19091796875 -0.0994720458984375
0.0752716064453125 -0.0074462890625 -0.225418090820313 0.0361785888671875
0.0449333190917969 -0.0582008361816406 -0.194732666015625 0.163223266601563
0.0205535888671875 -0.0480155944824219 -0.100143432617188 0.227157592773438
0.0243034362792969 -0.0363807678222656 -0.06256103515625 0.191421508789063
0.0297355651855469 -0.0323028564453125 -0.04150390625 0.161285400390625
0.0332660675048828 -0.005462646484375 -0.0443496704101563 0.134933471679688
0.0191154479980469 0.0303897857666016 -0.0365753173828125 0.144378662109375
-0.0380783081054688 0.0529136657714844 -0.079010009765625 0.181732177734375
-0.08685302734375 -0.00637054443359374 -0.176025390625 0.187057495117188
-0.0844650268554687 -0.081451416015625 -0.2398681640625 0.244384765625
-0.056854248046875 -0.135536193847656 -0.266448974609375 0.259841918945313
0.014892578125 -0.174148559570312 -0.257461547851563 0.134445190429688
-0.0427169799804688 -0.0587577819824219 -0.0144596099853516 0.0339927673339844
-0.0402145385742188 -0.0240478515625 -0.0447845458984375 -0.160568237304688
-0.0197544097900391 0.00201988220214843 -0.1973876953125 -0.125381469726563
-0.0148067474365234 9.05990600585914E-05 -0.243759155273438 0.015350341796875
-0.0119123458862305 0.00320816040039063 -0.205474853515625 0.161239624023438
-0.0117073059082031 0.032012939453125 -0.100234985351563 0.22674560546875
-0.0206146240234375 0.0364189147949219 -0.055328369140625 0.18231201171875
-0.0147552490234375 0.0445747375488281 -0.0307464599609375 0.156234741210938
-0.0341300964355469 0.0371360778808594 -0.0245361328125 0.132621765136719
-0.0667572021484375 0.0218505859375 -0.0143280029296875 0.137947082519531
-0.10540771484375 -0.0195465087890625 -0.0577239990234375 0.185165405273438
-0.07269287109375 -0.125465393066406 -0.143951416015625 0.1944580078125
-0.0185089111328125 -0.183197021484375 -0.212127685546875 0.241607666015625
0.0610198974609375 -0.223602294921875 -0.2445068359375 0.231033325195313
0.133438110351563 -0.24700927734375 -0.24493408203125 0.0682373046874999
0.0311737060546875 -0.165725708007813 -0.0102291107177734 -0.00333309173583985
-0.0543670654296875 -0.158615112304688 -0.028961181640625 -0.195587158203125
-0.0998916625976562 -0.0713119506835938 -0.187759399414062 -0.161758422851563
-0.112495422363281 -0.00986480712890626 -0.244155883789063 -0.0213775634765625
-0.0798568725585937 0.0563812255859375 -0.20208740234375 0.136672973632812
-0.0485153198242187 0.105239868164063 -0.0916290283203125 0.1982421875
-0.063507080078125 0.104339599609375 -0.0383758544921875 0.145904541015625
-0.0510635375976563 0.119483947753906 -0.0071868896484375 0.124176025390625
-0.0864486694335938 0.087158203125 0.0122833251953125 0.109481811523438
-0.141738891601563 0.0341033935546875 0.0252304077148438 0.118148803710937
-0.173431396484375 -0.058837890625 -0.017120361328125 0.1806640625
-0.0863800048828125 -0.217727661132813 -0.0971527099609375 0.199813842773437
0.01702880859375 -0.26544189453125 -0.1707763671875 0.22216796875
0.1534423828125 -0.288726806640625 -0.186813354492188 0.179122924804687
0.240203857421875 -0.274322509765625 -0.18585205078125 -0.018157958984375
0.12213134765625 -0.24273681640625 0.0213775634765625 -0.0606956481933594
-0.036041259765625 -0.286163330078125 0.00460815429687499 -0.22979736328125
-0.157073974609375 -0.1563720703125 -0.152862548828125 -0.1993408203125
-0.197006225585937 -0.03778076171875 -0.217056274414063 -0.066009521484375
-0.145050048828125 0.0907440185546875 -0.178329467773438 0.0927886962890625
-0.0835418701171875 0.158920288085938 -0.07330322265625 0.144378662109375
-0.0969696044921875 0.156280517578125 -0.0157546997070313 0.088592529296875
-0.07452392578125 0.179840087890625 0.02130126953125 0.0693359375
-0.118766784667969 0.134628295898438 0.0549163818359375 0.0648880004882813
-0.194900512695313 0.060821533203125 0.067962646484375 0.0817413330078125
-0.226593017578125 -0.0691375732421875 0.03118896484375 0.16070556640625
-0.10943603515625 -0.272018432617187 -0.0471649169921875 0.192703247070313
0.032958984375 -0.31561279296875 -0.131393432617188 0.183822631835937
0.21441650390625 -0.31646728515625 -0.110321044921875 0.107437133789063
0.30615234375 -0.248870849609375 -0.0868988037109375 -0.107612609863281
0.205841064453125 -0.265411376953125 0.0762252807617188 -0.123153686523438
0.012908935546875 -0.364349365234375 0.050750732421875 -0.248214721679688
-0.171096801757813 -0.226638793945313 -0.0943603515625 -0.222381591796875
-0.242828369140625 -0.0721282958984375 -0.161575317382813 -0.107147216796875
-0.188812255859375 0.101913452148437 -0.133209228515625 0.03778076171875
-0.106552124023437 0.185409545898438 -0.0445938110351563 0.0734100341796875
-0.115585327148437 0.184356689453125 0.00914382934570312 0.0198841094970703
-0.0865631103515625 0.215744018554688 0.047637939453125 0.000442504882812513
-0.131607055664063 0.164962768554687 0.0941009521484375 0.00652313232421876
-0.221160888671875 0.083404541015625 0.105072021484375 0.0352554321289063
-0.251861572265625 -0.0655975341796875 0.0743789672851562 0.128120422363281
-0.117523193359375 -0.291778564453125 -0.00518798828124999 0.173263549804687
0.0478515625 -0.324554443359375 -0.100578308105469 0.130485534667969
0.247589111328125 -0.304107666015625 -0.02740478515625 0.0264396667480469
0.31439208984375 -0.180938720703125 0.0316314697265625 -0.18316650390625
0.2501220703125 -0.227066040039062 0.143524169921875 -0.177413940429688
0.069488525390625 -0.36273193359375 0.0991973876953125 -0.243270874023438
-0.142425537109375 -0.250717163085938 -0.02508544921875 -0.22222900390625
-0.238250732421875 -0.095550537109375 -0.08990478515625 -0.132164001464844
-0.198410034179688 0.0935821533203125 -0.0743637084960938 -0.017242431640625
-0.11181640625 0.182662963867188 -0.011836051940918 -0.00368213653564452
-0.116668701171875 0.185470581054688 0.03179931640625 -0.0520286560058594
-0.0875244140625 0.219818115234375 0.0705490112304688 -0.0725250244140625
-0.130081176757813 0.170761108398438 0.126602172851563 -0.055450439453125
-0.221176147460938 0.0879211425781249 0.136146545410156 -0.00969696044921874
-0.2435302734375 -0.0650177001953125 0.107894897460937 0.0954360961914063
-0.098388671875 -0.28497314453125 0.023406982421875 0.151153564453125
0.07525634765625 -0.296722412109375 -0.0770339965820313 0.0721893310546875
0.256515502929688 -0.248092651367188 0.054718017578125 -0.0501823425292969
0.261093139648438 -0.0844879150390625 0.142059326171875 -0.235214233398438
0.2362060546875 -0.143936157226563 0.202865600585938 -0.21435546875
0.102783203125 -0.282989501953125 0.133651733398438 -0.220672607421875
-0.0893402099609375 -0.215744018554688 0.0334625244140625 -0.205825805664063
-0.187835693359375 -0.0931243896484375 -0.023345947265625 -0.139747619628906
-0.169952392578125 0.0716400146484375 -0.0174789428710938 -0.0642738342285156
-0.0964813232421875 0.151473999023437 0.0179824829101563 -0.0747909545898437
-0.0997772216796875 0.157867431640625 0.0484161376953125 -0.116867065429687
-0.07879638671875 0.191131591796875 0.0863876342773438 -0.140251159667969
-0.1153564453125 0.1507568359375 0.154159545898438 -0.110488891601562
-0.196945190429688 0.07403564453125 0.163772583007813 -0.0450897216796875
-0.20733642578125 -0.067169189453125 0.135910034179688 0.0701904296875
-0.0584716796875 -0.254425048828125 0.0425643920898437 0.133438110351562
0.105087280273438 -0.235824584960937 -0.0531768798828125 0.0210609436035156
0.2415771484375 -0.158370971679688 0.133071899414063 -0.108718872070313
0.159744262695312 0.0240631103515625 0.217208862304688 -0.2579345703125
0.171234130859375 -0.0396881103515625 0.236831665039063 -0.233795166015625
0.101150512695313 -0.154342651367188 0.14642333984375 -0.194931030273438
-0.0330810546875 -0.134437561035156 0.068115234375 -0.187255859375
-0.108184814453125 -0.0665130615234375 0.02001953125 -0.137901306152344
-0.111236572265625 0.0415573120117188 0.0207595825195312 -0.098663330078125
-0.0652084350585938 0.0976715087890625 0.0365447998046875 -0.128501892089844
-0.0682144165039062 0.1068115234375 0.058380126953125 -0.164093017578125
-0.0608139038085937 0.133735656738281 0.100082397460937 -0.192611694335938
-0.0876007080078125 0.107040405273437 0.177719116210938 -0.149459838867188
-0.150054931640625 0.047882080078125 0.190032958984375 -0.06268310546875
-0.147720336914063 -0.064178466796875 0.159835815429688 0.0598907470703125
-0.01165771484375 -0.196151733398438 0.054412841796875 0.126190185546875
0.122756958007813 -0.1474609375 -0.0255813598632812 -0.0133113861083984
0.19378662109375 -0.0470123291015625 0.202850341796875 -0.135848999023437
-0.0897293090820313 -0.060821533203125 -0.206085205078125 0.1717529296875
-0.0768051147460938 0.0527267456054688 0.00484085083007812 0.0398941040039063
0.0017852783203125 0.0834426879882813 -0.0522689819335937 -0.126205444335938
0.0623283386230469 0.0433235168457031 -0.186264038085938 -0.0850677490234375
0.0702171325683594 -0.0132827758789063 -0.211380004882813 0.04473876953125
0.0370330810546875 -0.0576667785644531 -0.17669677734375 0.165679931640625
0.0144233703613281 -0.045166015625 -0.081207275390625 0.221771240234375
0.0192317962646484 -0.0348320007324219 -0.0467376708984375 0.185775756835937
0.0245647430419922 -0.0313205718994141 -0.0285491943359375 0.156097412109375
0.0291500091552734 -0.00752830505371094 -0.034637451171875 0.131240844726563
0.0182247161865234 0.0263957977294922 -0.026031494140625 0.139205932617188
-0.0319023132324219 0.0515632629394531 -0.063873291015625 0.176986694335938
-0.0810775756835938 -0.00141906738281249 -0.15753173828125 0.185470581054688
-0.0829315185546875 -0.0723190307617188 -0.213333129882812 0.242813110351563
-0.0614166259765625 -0.123954772949219 -0.236953735351562 0.259170532226563
0.00454711914062499 -0.163818359375 -0.231826782226563 0.141006469726563
-0.0419044494628906 -0.0547523498535156 -0.00916862487792969 0.0317344665527344
-0.0392646789550781 -0.0219497680664062 -0.0511474609375 -0.149642944335938
-0.0181217193603516 0.00192832946777344 -0.1927490234375 -0.108901977539063
-0.0141210556030273 -0.000475883483886718 -0.228836059570313 0.026519775390625
-0.0126008987426758 0.00260448455810547 -0.186065673828125 0.16375732421875
-0.0106391906738281 0.0313720703125 -0.081817626953125 0.220474243164062
-0.0184745788574219 0.0369796752929688 -0.04132080078125 0.17657470703125
-0.0121383666992188 0.0434150695800781 -0.0184173583984375 0.150253295898438
-0.0315208435058594 0.0362892150878906 -0.015869140625 0.127731323242188
-0.0627403259277344 0.0225181579589844 -0.0055694580078125 0.131500244140625
-0.100273132324219 -0.0137100219726562 -0.044158935546875 0.18011474609375
-0.0739288330078125 -0.115234375 -0.12677001953125 0.190933227539063
-0.02508544921875 -0.1719970703125 -0.186737060546875 0.240081787109375
0.0465850830078125 -0.214706420898438 -0.218368530273438 0.230911254882812
0.111968994140625 -0.239089965820313 -0.223114013671875 0.0787200927734375
0.02191162109375 -0.159683227539063 -0.00613117218017578 -0.00250816345214845
-0.0608367919921875 -0.148391723632813 -0.038848876953125 -0.182754516601563
-0.0980300903320313 -0.0624313354492188 -0.185638427734375 -0.143386840820312
-0.106819152832031 -0.00303649902343752 -0.230804443359375 -0.00836181640625
-0.0726547241210938 0.0569839477539063 -0.183761596679688 0.1395263671875
-0.0403518676757812 0.1019287109375 -0.0753326416015625 0.191970825195312
-0.054656982421875 0.103233337402344 -0.028350830078125 0.140823364257813
-0.0407333374023438 0.115531921386719 0.00105285644531251 0.118072509765625
-0.0772857666015625 0.0862884521484375 0.0184555053710938 0.102928161621094
-0.132476806640625 0.0391769409179687 0.0302963256835937 0.110931396484375
-0.167526245117188 -0.0460052490234375 -0.0050201416015625 0.174301147460938
-0.0930633544921875 -0.202178955078125 -0.0816802978515625 0.194427490234375
0.00329589843750001 -0.251983642578125 -0.14990234375 0.22039794921875
0.129913330078125 -0.281524658203125 -0.166473388671875 0.179351806640625
0.21124267578125 -0.271377563476563 -0.172470092773438 -0.00512695312500005
0.104217529296875 -0.2371826171875 0.0207099914550781 -0.0567665100097656
-0.0514373779296875 -0.268936157226563 -0.00981140136718751 -0.216079711914063
-0.156753540039063 -0.140045166015625 -0.154251098632813 -0.181243896484375
-0.187759399414063 -0.023529052734375 -0.207763671875 -0.0519561767578125
-0.131271362304687 0.0930023193359375 -0.162994384765625 0.095916748046875
-0.069976806640625 0.154144287109375 -0.0603790283203125 0.139724731445313
-0.0830841064453125 0.154647827148438 -0.0105438232421875 0.08465576171875
-0.0592498779296875 0.173934936523438 0.0244064331054687 0.0637550354003906
-0.104476928710938 0.132682800292969 0.0559234619140625 0.0578384399414063
-0.179656982421875 0.067626953125 0.0692214965820312 0.0740966796875
-0.218429565429688 -0.052032470703125 0.0398406982421875 0.152496337890625
-0.11895751953125 -0.253524780273438 -0.034027099609375 0.18426513671875
0.015533447265625 -0.2998046875 -0.1142578125 0.182510375976562
0.185760498046875 -0.312713623046875 -0.0980682373046875 0.108367919921875
0.275115966796875 -0.251693725585938 -0.084014892578125 -0.0941314697265625
0.181976318359375 -0.263076782226563 0.0699691772460938 -0.118049621582031
-0.00994873046874999 -0.345733642578125 0.03363037109375 -0.23529052734375
-0.173873901367188 -0.204833984375 -0.099639892578125 -0.204376220703125
-0.23333740234375 -0.0540771484375 -0.1578369140625 -0.0937347412109375
-0.172119140625 0.106094360351562 -0.122299194335938 0.0415802001953125
-0.0900115966796875 0.179916381835938 -0.0377960205078125 0.0707015991210938
-0.0986785888671875 0.181915283203125 0.0086832046508789 0.0174760818481445
-0.067413330078125 0.207733154296875 0.0453910827636719 -0.00368881225585936
-0.11431884765625 0.162353515625 0.0894088745117187 4.57763671875099E-05
-0.202911376953125 0.091033935546875 0.101890563964844 0.0288467407226563
-0.241424560546875 -0.04718017578125 0.0786209106445313 0.119827270507813
-0.127975463867188 -0.270782470703125 0.00425720214843749 0.163406372070312
0.0286865234375 -0.309478759765625 -0.08868408203125 0.130516052246094
0.216552734375 -0.30303955078125 -0.0247440338134765 0.0275592803955078
0.287017822265625 -0.18927001953125 0.0234527587890625 -0.171905517578125
0.224929809570313 -0.2279052734375 0.129364013671875 -0.17236328125
0.043121337890625 -0.347381591796875 0.0796661376953125 -0.232528686523438
-0.14837646484375 -0.22821044921875 -0.0352020263671875 -0.208541870117188
-0.230239868164063 -0.0753631591796876 -0.091583251953125 -0.11993408203125
-0.181182861328125 0.0993804931640625 -0.0689468383789063 -0.0135459899902344
-0.0944976806640625 0.177276611328125 -0.0111799240112305 -0.00345420837402343
-0.0994873046875 0.182388305664062 0.0253028869628906 -0.0514183044433594
-0.06781005859375 0.211776733398438 0.0612030029296875 -0.0739517211914062
-0.112091064453125 0.167678833007813 0.116737365722656 -0.0602951049804687
-0.201950073242188 0.096221923828125 0.128067016601563 -0.0156097412109375
-0.233230590820312 -0.0460662841796875 0.108009338378906 0.0863189697265625
-0.110336303710938 -0.26434326171875 0.0299224853515625 0.140762329101562
0.055419921875 -0.28363037109375 -0.0697708129882813 0.074432373046875
0.229019165039063 -0.2503662109375 0.0479049682617188 -0.0498428344726563
0.240692138671875 -0.09442138671875 0.123611450195313 -0.226699829101562
0.214828491210938 -0.148834228515625 0.18267822265625 -0.210968017578125
0.07830810546875 -0.272735595703125 0.114501953125 -0.212631225585938
-0.0966949462890625 -0.197158813476563 0.0215911865234375 -0.195816040039062
-0.181381225585938 -0.076385498046875 -0.0293502807617187 -0.130691528320313
-0.15557861328125 0.07733154296875 -0.0178375244140625 -0.0611534118652344
-0.08209228515625 0.1470947265625 0.01300048828125 -0.072845458984375
-0.0843963623046875 0.154983520507813 0.0373687744140625 -0.114181518554688
-0.0610809326171875 0.184646606445313 0.0723648071289063 -0.13946533203125
-0.099090576171875 0.147018432617188 0.13970947265625 -0.114173889160156
-0.179428100585937 0.0815582275390625 0.151779174804688 -0.0502777099609375
-0.19970703125 -0.0496978759765625 0.132942199707031 0.0602874755859375
-0.070587158203125 -0.23712158203125 0.04718017578125 0.123497009277344
0.0869598388671875 -0.229080200195313 -0.0500450134277344 0.0250053405761719
0.219207763671875 -0.164779663085937 0.1182861328125 -0.108650207519531
0.151229858398438 0.013671875 0.192977905273437 -0.252838134765625
0.158416748046875 -0.0464935302734375 0.213043212890625 -0.230316162109375
0.0842742919921875 -0.151107788085938 0.129714965820313 -0.189163208007813
-0.0383453369140625 -0.123931884765625 0.0554351806640625 -0.180191040039063
-0.104530334472656 -0.0557403564453125 0.0116424560546875 -0.130958557128906
-0.101119995117188 0.0452728271484375 0.0161285400390625 -0.09527587890625
-0.0550155639648438 0.0949172973632813 0.0275115966796875 -0.125465393066406
-0.0575332641601562 0.104774475097656 0.044281005859375 -0.158737182617188
-0.0473175048828125 0.130340576171875 0.08160400390625 -0.189361572265625
-0.0754318237304688 0.10552978515625 0.159881591796875 -0.153518676757813
-0.13677978515625 0.0544204711914062 0.175735473632812 -0.069000244140625
-0.143112182617188 -0.05023193359375 0.1544189453125 0.0487213134765625
-0.023284912109375 -0.184494018554688 0.0584945678710938 0.116561889648437
0.108551025390625 -0.146728515625 -0.0268039703369141 -0.00893020629882813
0.179794311523438 -0.0559234619140625 0.181869506835938 -0.138580322265625
-0.0853195190429688 -0.05316162109375 -0.187149047851563 0.167648315429688
-0.0704116821289063 0.0519180297851563 0.00709915161132812 0.0366325378417969
0.003692626953125 0.0776596069335938 -0.0523452758789063 -0.118293762207031
0.0608596801757813 0.037872314453125 -0.17919921875 -0.076446533203125
0.0657882690429688 -0.0162773132324219 -0.199234008789063 0.047454833984375
0.0312156677246094 -0.0561294555664063 -0.163650512695313 0.163101196289063
0.0110702514648438 -0.0414543151855469 -0.0701141357421875 0.21295166015625
0.0160598754882812 -0.0321826934814453 -0.0382537841796875 0.17913818359375
0.0217666625976562 -0.0293617248535156 -0.020782470703125 0.150146484375
0.0257816314697266 -0.00795364379882813 -0.0285873413085937 0.126472473144531
0.0166740417480469 0.023406982421875 -0.0211257934570313 0.133537292480469
-0.0279159545898437 0.0483474731445313 -0.0550689697265625 0.170257568359375
-0.0749969482421875 0.000625610351562493 -0.145248413085938 0.179977416992188
-0.07952880859375 -0.0668258666992187 -0.194793701171875 0.235107421875
-0.061431884765625 -0.114898681640625 -0.218093872070312 0.250015258789063
0.000396728515625003 -0.153488159179688 -0.212081909179688 0.139862060546875
-0.0399284362792969 -0.0513839721679687 -0.00568962097167969 0.0296134948730469
-0.03857421875 -0.0208625793457031 -0.0526809692382813 -0.14019775390625
-0.0164260864257813 0.000874519348144532 -0.185348510742188 -0.0992584228515625
-0.0138263702392578 -0.00105094909667969 -0.216293334960937 0.0298919677734375
-0.0133333206176758 0.00258922576904297 -0.173004150390625 0.160858154296875
-0.0100517272949219 0.0309772491455078 -0.0700836181640625 0.211715698242188
-0.0172920227050781 0.0367012023925781 -0.033203125 0.169692993164063
-0.0104217529296875 0.0417900085449219 -0.0117645263671875 0.144363403320313
-0.0297126770019531 0.035491943359375 -0.0109176635742188 0.122833251953125
-0.0600128173828125 0.02203369140625 -0.000953674316406243 0.1259765625
-0.09503173828125 -0.0106124877929687 -0.03570556640625 0.173294067382813
-0.071746826171875 -0.108100891113281 -0.115432739257813 0.184646606445312
-0.0274200439453125 -0.16265869140625 -0.169937133789062 0.232345581054688
0.03839111328125 -0.204605102539063 -0.19964599609375 0.22454833984375
0.0997161865234375 -0.228744506835937 -0.205657958984375 0.0816192626953125
0.0181732177734375 -0.152877807617188 -0.0030062198638916 -0.00229120254516603
-0.0629425048828125 -0.140007019042969 -0.0418243408203125 -0.171478271484375
-0.094329833984375 -0.0574264526367187 -0.17901611328125 -0.132080078125
-0.101325988769531 -0.000236511230468732 -0.21917724609375 -0.00280761718750002
-0.0677108764648438 0.0548591613769531 -0.169784545898438 0.136871337890625
-0.0360183715820312 0.098236083984375 -0.0650787353515625 0.184341430664063
-0.0493621826171875 0.10150146484375 -0.0227508544921875 0.135086059570313
-0.0346298217773437 0.110855102539063 0.00541687011718749 0.112495422363281
-0.0715103149414063 0.0835952758789062 0.020782470703125 0.0976409912109375
-0.124351501464844 0.0402145385742188 0.0326995849609375 0.104957580566406
-0.159896850585938 -0.039398193359375 0.00163269042968748 0.166961669921875
-0.093353271484375 -0.190933227539063 -0.0728912353515625 0.187103271484375
-0.00271606445312499 -0.238525390625 -0.135238647460938 0.21331787109375
0.11627197265625 -0.271530151367188 -0.152450561523438 0.1746826171875
0.192581176757813 -0.260726928710938 -0.159439086914063 0.00164794921874997
0.09429931640625 -0.229034423828125 0.0217819213867188 -0.0535469055175781
-0.05804443359375 -0.25384521484375 -0.0151824951171875 -0.20263671875
-0.152511596679688 -0.128158569335938 -0.151092529296875 -0.167861938476562
-0.178985595703125 -0.016632080078125 -0.198577880859375 -0.044952392578125
-0.121879577636719 0.0908584594726563 -0.151031494140625 0.094268798828125
-0.061920166015625 0.148056030273438 -0.0524444580078125 0.133888244628906
-0.074798583984375 0.15081787109375 -0.0081329345703125 0.0813446044921875
-0.04962158203125 0.166488647460938 0.0248985290527344 0.0595779418945312
-0.0948638916015625 0.128105163574219 0.0552749633789062 0.0528793334960938
-0.168350219726563 0.06903076171875 0.0686416625976562 0.0693130493164063
-0.208786010742187 -0.042327880859375 0.0433807373046875 0.145904541015625
-0.120635986328125 -0.237716674804687 -0.0284576416015625 0.176406860351562
0.00711059570312502 -0.28509521484375 -0.103424072265625 0.177322387695313
0.167694091796875 -0.30352783203125 -0.0899581909179687 0.105865478515625
0.252365112304688 -0.244491577148437 -0.0784988403320312 -0.084686279296875
0.166549682617188 -0.255081176757813 0.0665740966796875 -0.1123046875
-0.021636962890625 -0.3270263671875 0.0262451171875 -0.220504760742188
-0.170501708984375 -0.188858032226563 -0.0989532470703125 -0.191940307617187
-0.223190307617188 -0.04345703125 -0.151504516601562 -0.0849609375
-0.159652709960937 0.104812622070313 -0.113327026367188 0.0412673950195313
-0.0797119140625 0.172393798828125 -0.032867431640625 0.0674819946289063
-0.088104248046875 0.17706298828125 0.00807952880859375 0.0166902542114258
-0.05670166015625 0.198501586914062 0.0423355102539062 -0.00562286376953124
-0.102340698242188 0.156661987304688 0.0850143432617187 -0.00365447998046874
-0.187545776367187 0.0924835205078125 0.09765625 0.0251541137695313
-0.23016357421875 -0.0360565185546875 0.0783843994140625 0.11309814453125
-0.130859375 -0.253814697265625 0.00805664062499999 0.155563354492187
0.019317626953125 -0.29449462890625 -0.0809326171875 0.128005981445312
0.19757080078125 -0.295562744140625 -0.02325439453125 0.0272293090820312
0.2650146484375 -0.18597412109375 0.0209808349609375 -0.160858154296875
0.207672119140625 -0.22357177734375 0.121414184570313 -0.164138793945313
0.0284423828125 -0.329345703125 0.0699005126953125 -0.218887329101563
-0.146560668945312 -0.211212158203125 -0.0374603271484375 -0.19635009765625
-0.219924926757812 -0.0645904541015625 -0.089569091796875 -0.1116943359375
-0.167831420898437 0.098602294921875 -0.0637321472167969 -0.0132331848144531
-0.0832672119140625 0.169784545898437 -0.00977230072021485 -0.00420188903808593
-0.0884246826171875 0.177352905273437 0.0214805603027344 -0.0497665405273437
-0.05621337890625 0.202133178710937 0.054656982421875 -0.0730514526367187
-0.0997772216796875 0.16119384765625 0.1090087890625 -0.06243896484375
-0.185943603515625 0.097259521484375 0.120887756347656 -0.0177841186523437
-0.22259521484375 -0.0352325439453125 0.105720520019531 0.0804901123046875
-0.114105224609375 -0.248092651367188 0.0321121215820313 0.132949829101563
0.0450592041015625 -0.27178955078125 -0.0649871826171875 0.0745697021484375
0.209945678710938 -0.245803833007812 0.0427284240722656 -0.0476341247558594
0.224212646484375 -0.096435546875 0.113616943359375 -0.215591430664063
0.1990966796875 -0.146881103515625 0.170425415039063 -0.202041625976563
0.063751220703125 -0.260269165039063 0.103912353515625 -0.201644897460938
-0.095916748046875 -0.1827392578125 0.016815185546875 -0.185379028320313
-0.174041748046875 -0.065460205078125 -0.031585693359375 -0.122932434082031
-0.144287109375 0.077972412109375 -0.0171165466308594 -0.0593833923339844
-0.0719070434570313 0.140464782714844 0.010101318359375 -0.0714111328125
-0.0751495361328125 0.150299072265625 0.0301971435546875 -0.109626770019531
-0.0503692626953125 0.176422119140625 0.062774658203125 -0.135292053222656
-0.0871124267578125 0.141799926757813 0.128334045410156 -0.114082336425781
-0.165176391601562 0.0833282470703125 0.142593383789063 -0.050567626953125
-0.19012451171875 -0.0396270751953125 0.127609252929688 0.0557785034179688
-0.075958251953125 -0.223007202148438 0.0475997924804687 0.115898132324219
0.0754547119140625 -0.219146728515625 -0.0483589172363281 0.0271377563476562
0.202178955078125 -0.163009643554688 0.107215881347656 -0.105209350585938
0.142242431640625 0.008453369140625 0.177352905273438 -0.243148803710938
0.147689819335938 -0.0482177734375 0.197799682617188 -0.222137451171875
0.07354736328125 -0.145034790039063 0.11956787109375 -0.180755615234375
-0.038787841796875 -0.114723205566406 0.0491790771484375 -0.171478271484375
-0.1007080078125 -0.0492401123046875 0.00707244873046875 -0.124183654785156
-0.0935134887695313 0.0462188720703125 0.0136795043945312 -0.09210205078125
-0.0481643676757812 0.0910720825195312 0.0217056274414062 -0.120613098144531
-0.0501174926757813 0.101364135742187 0.0348358154296875 -0.152801513671875
-0.0393753051757813 0.1241455078125 0.069366455078125 -0.182769775390625
-0.0661849975585938 0.101417541503906 0.146575927734375 -0.150894165039063
-0.125656127929688 0.0558700561523437 0.164764404296875 -0.0685882568359375
-0.136283874511719 -0.0418319702148438 0.147567749023438 0.04296875
-0.0293731689453125 -0.173965454101563 0.0580596923828125 0.109153747558594
0.0978546142578125 -0.141983032226563 -0.0274219512939453 -0.00546455383300782
0.167495727539063 -0.0589141845703125 0.165908813476562 -0.134445190429687
-0.0815811157226563 -0.0486831665039062 -0.1771240234375 0.163406372070313
-0.0672073364257813 0.0512466430664063 0.00840377807617187 0.0347003936767578
0.00465393066406251 0.0743637084960938 -0.05157470703125 -0.114631652832031
0.05950927734375 0.0339622497558594 -0.174102783203125 -0.0719146728515625
0.0620689392089844 -0.0181312561035156 -0.19281005859375 0.0468902587890625
0.0268936157226563 -0.0535354614257812 -0.156402587890625 0.160507202148438
0.00824356079101563 -0.0384712219238281 -0.06390380859375 0.2081298828125
0.0144195556640625 -0.0301856994628906 -0.0324249267578125 0.175186157226563
0.0190849304199219 -0.0281600952148438 -0.0164337158203125 0.146041870117188
0.0232906341552734 -0.0075836181640625 -0.0263824462890625 0.124176025390625
0.0150794982910156 0.0212345123291016 -0.018341064453125 0.13037109375
-0.025299072265625 0.0464057922363281 -0.0511932373046875 0.16571044921875
-0.0706558227539063 0.000862121582031236 -0.138763427734375 0.175079345703125
-0.0776596069335937 -0.0634689331054688 -0.184295654296875 0.228591918945312
-0.0614013671875 -0.108726501464844 -0.208221435546875 0.24298095703125
-9.15527343749915E-05 -0.146820068359375 -0.199996948242188 0.137161254882813
-0.0387992858886719 -0.0493927001953125 -0.00290298461914062 0.0281734466552734
-0.0380516052246094 -0.0208587646484375 -0.0520172119140625 -0.134513854980469
-0.0156135559082031 2.38418579101575E-05 -0.180633544921875 -0.09393310546875
-0.0139875411987305 -0.00192928314208984 -0.208908081054688 0.029876708984375
-0.0147819519042969 0.00282478332519531 -0.165451049804688 0.157196044921875
-0.0102310180664062 0.0313262939453125 -0.0637359619140625 0.206710815429688
-0.0168991088867188 0.0375747680664062 -0.0287933349609375 0.165924072265625
-0.0102310180664062 0.0414237976074219 -0.00742340087890624 0.140419006347656
-0.0298004150390625 0.0338363647460938 -0.0084991455078125 0.120079040527344
-0.0586929321289062 0.0210723876953125 0.000831604003906243 0.122909545898438
-0.0915985107421875 -0.00959777832031248 -0.0312042236328125 0.16925048828125
-0.0701675415039063 -0.104827880859375 -0.110107421875 0.180206298828125
-0.0276947021484375 -0.156295776367188 -0.160888671875 0.226470947265625
0.0345306396484375 -0.197723388671875 -0.190750122070313 0.219497680664063
0.0940704345703125 -0.220611572265625 -0.19354248046875 0.082122802734375
0.0166015625 -0.1492919921875 -0.000171184539794921 -0.00167584419250489
-0.0642929077148438 -0.134880065917969 -0.0423126220703125 -0.16326904296875
-0.0918426513671875 -0.0551528930664063 -0.175186157226563 -0.126205444335938
-0.0982894897460938 0.000892639160156259 -0.211776733398438 -0.00161743164062496
-0.0659408569335938 0.0537147521972656 -0.1632080078125 0.133987426757813
-0.0334320068359375 0.0958404541015625 -0.058746337890625 0.179702758789062
-0.0467453002929688 0.100631713867187 -0.0197372436523438 0.132034301757812
-0.0320053100585938 0.107986450195313 0.0079345703125 0.109359741210938
-0.0686416625976562 0.0813446044921875 0.0223617553710937 0.0946884155273438
-0.120552062988281 0.0399856567382812 0.0332565307617187 0.102134704589844
-0.155380249023438 -0.0359344482421875 0.0051422119140625 0.163726806640625
-0.092987060546875 -0.184112548828125 -0.0690155029296875 0.182083129882813
-0.00395202636718752 -0.231781005859375 -0.12713623046875 0.208251953125
0.108749389648438 -0.26397705078125 -0.14569091796875 0.17108154296875
0.182205200195312 -0.253555297851562 -0.149383544921875 0.00526428222656247
0.089019775390625 -0.224090576171875 0.0237960815429688 -0.0507659912109375
-0.0608978271484375 -0.245574951171875 -0.016693115234375 -0.193267822265625
-0.148757934570313 -0.1224365234375 -0.147369384765625 -0.161148071289063
-0.173492431640625 -0.0136566162109375 -0.192153930664063 -0.0421142578125
-0.116508483886719 0.0894393920898437 -0.144638061523438 0.0918731689453125
-0.057037353515625 0.143783569335938 -0.0479354858398438 0.12982177734375
-0.06964111328125 0.14910888671875 -0.00696563720703125 0.0791473388671875
-0.044921875 0.16094970703125 0.0254974365234375 0.0570716857910156
-0.0902633666992187 0.124305725097656 0.054595947265625 0.0505905151367188
-0.16107177734375 0.06866455078125 0.0678825378417969 0.067291259765625
-0.202255249023438 -0.0380401611328125 0.045623779296875 0.142822265625
-0.120651245117188 -0.22979736328125 -0.02630615234375 0.171173095703125
0.00436401367187499 -0.276779174804688 -0.0976715087890625 0.173446655273437
0.158233642578125 -0.2972412109375 -0.0858993530273437 0.103408813476563
0.241012573242188 -0.238983154296875 -0.0730133056640625 -0.0785598754882813
0.158721923828125 -0.25006103515625 0.0665512084960938 -0.107749938964844
-0.02734375 -0.31610107421875 0.023162841796875 -0.210983276367188
-0.1676025390625 -0.180374145507812 -0.0971221923828125 -0.184188842773438
-0.21600341796875 -0.0389251708984375 -0.146759033203125 -0.0816650390625
-0.15264892578125 0.102951049804688 -0.108360290527344 0.0392074584960937
-0.0737762451171875 0.167678833007812 -0.0296707153320312 0.0649948120117188
-0.08203125 0.174285888671875 0.00692653656005859 0.0161838531494141
-0.0500030517578125 0.192398071289063 0.040069580078125 -0.00677490234374999
-0.0961456298828125 0.151611328125 0.0822219848632812 -0.00542449951171874
-0.1793212890625 0.0914764404296875 0.0956649780273437 0.02447509765625
-0.222335815429688 -0.0308990478515625 0.0793685913085937 0.111373901367188
-0.131179809570313 -0.244293212890625 0.0087890625 0.150848388671875
0.01544189453125 -0.285125732421875 -0.0765838623046875 0.125869750976562
0.1868896484375 -0.290069580078125 -0.022623062133789 0.0272121429443359
0.253372192382813 -0.181655883789063 0.0214691162109375 -0.154083251953125
0.197341918945313 -0.219131469726562 0.118621826171875 -0.157852172851563
0.020721435546875 -0.31884765625 0.066162109375 -0.209671020507813
-0.144210815429688 -0.201370239257812 -0.0375823974609375 -0.189178466796875
-0.21343994140625 -0.0586395263671875 -0.086669921875 -0.107032775878906
-0.160247802734375 0.097015380859375 -0.0606918334960938 -0.0135536193847656
-0.077972412109375 0.164443969726562 -0.00935459136962891 -0.00531482696533202
-0.0823822021484375 0.173629760742188 0.0185546875 -0.0491447448730469
-0.049407958984375 0.195480346679687 0.05047607421875 -0.0726699829101562
-0.0926513671875 0.155685424804688 0.104263305664063 -0.0627517700195312
-0.176239013671875 0.0965118408203125 0.117355346679687 -0.0170745849609375
-0.214630126953125 -0.0296630859375 0.104568481445312 0.0788726806640625
-0.11553955078125 -0.238479614257812 0.0311126708984375 0.129058837890625
0.039337158203125 -0.263031005859375 -0.0621414184570313 0.0743255615234375
0.198623657226563 -0.2418212890625 0.0400886535644531 -0.0452690124511719
0.214752197265625 -0.0950927734375 0.110397338867188 -0.208221435546875
0.190673828125 -0.145172119140625 0.164886474609375 -0.194992065429687
0.056488037109375 -0.251953125 0.0994415283203125 -0.193267822265625
-0.094696044921875 -0.17474365234375 0.0147705078125 -0.179046630859375
-0.169281005859375 -0.0602874755859375 -0.0302200317382813 -0.117835998535156
-0.137626647949219 0.0771942138671875 -0.0155181884765625 -0.0590591430664063
-0.06683349609375 0.136932373046875 0.00846862792968749 -0.0699386596679687
-0.0698394775390625 0.147705078125 0.025787353515625 -0.106315612792969
-0.0446319580078125 0.170242309570313 0.0565948486328125 -0.133094787597656
-0.080902099609375 0.137199401855469 0.122108459472656 -0.113227844238281
-0.156753540039062 0.083160400390625 0.137451171875 -0.0495529174804687
-0.183486938476563 -0.0341644287109375 0.124526977539063 0.0540313720703125
-0.0786590576171875 -0.21429443359375 0.0468902587890625 0.112030029296875
0.0690765380859375 -0.213333129882813 -0.0475692749023437 0.0286636352539062
0.191299438476562 -0.162979125976563 0.100715637207031 -0.102218627929688
0.137031555175781 0.00711822509765625 0.170013427734375 -0.235198974609375
0.140762329101563 -0.0484466552734375 0.189743041992187 -0.215377807617187
0.0676498413085938 -0.140129089355469 0.115753173828125 -0.174270629882813
-0.038543701171875 -0.109382629394531 0.0466766357421875 -0.166580200195313
-0.0975494384765625 -0.0454025268554688 0.00645446777343749 -0.119987487792969
-0.0897445678710938 0.0461807250976563 0.0135879516601562 -0.0913772583007813
-0.0444717407226562 0.0878448486328125 0.0180511474609375 -0.118370056152344
-0.0467376708984375 0.0989761352539062 0.0291595458984375 -0.148208618164063
-0.0347824096679688 0.120521545410156 0.0623931884765625 -0.1781005859375
-0.061248779296875 0.0977935791015625 0.1380615234375 -0.149505615234375
-0.11871337890625 0.0560836791992187 0.158782958984375 -0.0682373046875
-0.131797790527344 -0.0366897583007812 0.14276123046875 0.0412445068359375
-0.0326995849609375 -0.167098999023438 0.0564041137695312 0.10528564453125
0.0913925170898438 -0.139884948730469 -0.0279331207275391 -0.00316238403320314
0.159454345703125 -0.05987548828125 0.156295776367188 -0.130050659179688
-0.078704833984375 -0.0452804565429687 -0.170089721679687 0.163543701171875
-0.0645942687988281 0.0512351989746094 0.0101737976074219 0.0334911346435547
0.0054168701171875 0.07275390625 -0.0524749755859375 -0.112228393554688
0.0591278076171875 0.0311546325683594 -0.173248291015625 -0.068817138671875
0.0597648620605469 -0.0201187133789063 -0.190765380859375 0.0488433837890625
0.0237617492675781 -0.0521316528320313 -0.152725219726563 0.162643432617188
0.0071258544921875 -0.0366439819335938 -0.057708740234375 0.207839965820313
0.0132369995117187 -0.0290260314941406 -0.0270843505859375 0.175125122070313
0.0178813934326172 -0.0271568298339844 -0.011932373046875 0.145828247070313
0.02130126953125 -0.00833511352539063 -0.0236053466796875 0.124244689941406
0.0140018463134766 0.0203304290771484 -0.0164108276367188 0.130226135253906
-0.0235404968261719 0.0453987121582031 -0.0467987060546875 0.164871215820313
-0.0680389404296875 0.00121688842773436 -0.135177612304687 0.17523193359375
-0.0771636962890625 -0.0616531372070313 -0.179168701171875 0.227127075195313
-0.0619735717773437 -0.105110168457031 -0.202972412109375 0.24267578125
-0.000289916992187485 -0.143844604492188 -0.193023681640625 0.139007568359375
-0.0383949279785156 -0.0488815307617187 0.000162124633789061 0.0283660888671875
-0.0386428833007812 -0.02044677734375 -0.0531463623046875 -0.131904602050781
-0.0156383514404297 -0.000742912292480468 -0.180206298828125 -0.0902557373046875
-0.0146074295043945 -0.00210475921630859 -0.20697021484375 0.031494140625
-0.0160331726074219 0.00379467010498047 -0.160888671875 0.159072875976563
-0.00964546203613281 0.0326557159423828 -0.057952880859375 0.205886840820313
-0.0164604187011719 0.0387306213378906 -0.0237884521484375 0.166915893554688
-0.00923919677734375 0.0418357849121094 -0.00337982177734376 0.1397705078125
-0.0302047729492188 0.0344352722167969 -0.00579833984374999 0.119468688964844
-0.0594100952148437 0.0216560363769531 0.00295257568359374 0.122421264648438
-0.0906524658203125 -0.00878906250000002 -0.026763916015625 0.169143676757812
-0.0704574584960938 -0.103988647460938 -0.106246948242187 0.180191040039063
-0.02880859375 -0.154541015625 -0.15460205078125 0.224472045898438
0.0305938720703125 -0.19573974609375 -0.185272216796875 0.219573974609375
0.0906219482421875 -0.218917846679688 -0.186721801757813 0.0848541259765625
0.0142059326171875 -0.148941040039063 0.00333571434020996 -0.0014481544494629
-0.0670547485351562 -0.13238525390625 -0.0434722900390625 -0.159637451171875
-0.0916061401367187 -0.0536346435546875 -0.1744384765625 -0.122528076171875
-0.098052978515625 0.00241851806640626 -0.210342407226563 0.000320434570312491
-0.0648155212402344 0.0546531677246094 -0.159469604492188 0.134368896484375
-0.0311813354492188 0.0964202880859375 -0.0540924072265625 0.178802490234375
-0.044219970703125 0.102699279785156 -0.01629638671875 0.132087707519531
-0.0294342041015625 0.107719421386719 0.0106582641601563 0.108314514160156
-0.0665283203125 0.0812759399414063 0.02410888671875 0.094085693359375
-0.119232177734375 0.0412063598632812 0.0347137451171875 0.101249694824219
-0.154693603515625 -0.0329437255859375 0.010009765625 0.163848876953125
-0.0955810546875 -0.182968139648438 -0.0662384033203125 0.181549072265625
-0.00653076171874999 -0.22967529296875 -0.122207641601563 0.208328247070312
0.103256225585937 -0.2640380859375 -0.14166259765625 0.172073364257813
0.178009033203125 -0.253402709960938 -0.14453125 0.00820922851562501
0.085662841796875 -0.224014282226563 0.0260124206542969 -0.0497360229492188
-0.0667724609375 -0.241958618164063 -0.0185699462890625 -0.18914794921875
-0.1494140625 -0.11859130859375 -0.147598266601562 -0.157150268554688
-0.1724853515625 -0.010009765625 -0.190948486328125 -0.0398406982421875
-0.114570617675781 0.0901947021484375 -0.141494750976563 0.0921478271484375
-0.0537567138671875 0.143905639648438 -0.0441207885742188 0.128578186035156
-0.06585693359375 0.150955200195313 -0.00546264648437501 0.0796051025390625
-0.0405120849609375 0.160812377929688 0.0267181396484375 0.0566291809082031
-0.0866851806640625 0.12432861328125 0.0552597045898437 0.0490074157714844
-0.15826416015625 0.0704498291015625 0.0683937072753906 0.065948486328125
-0.2012939453125 -0.0335693359375 0.048980712890625 0.143478393554688
-0.125076293945313 -0.22625732421875 -0.0242919921875 0.170791625976563
0.000625610351562502 -0.273971557617187 -0.0935821533203125 0.174331665039062
0.151092529296875 -0.29803466796875 -0.0837478637695312 0.104278564453125
0.234710693359375 -0.239593505859375 -0.0689697265625 -0.0745315551757813
0.152847290039063 -0.251296997070313 0.06732177734375 -0.105842590332031
-0.0340576171875 -0.31182861328125 0.020111083984375 -0.206497192382813
-0.1678466796875 -0.175399780273438 -0.0984344482421875 -0.180908203125
-0.21533203125 -0.0335235595703125 -0.146102905273437 -0.0793914794921875
-0.149520874023437 0.103973388671875 -0.106246948242188 0.0386123657226563
-0.0691070556640625 0.1668701171875 -0.02734375 0.064239501953125
-0.0781097412109375 0.176712036132813 0.00713729858398437 0.0158185958862305
-0.0447845458984375 0.19097900390625 0.0389518737792969 -0.00743484497070311
-0.0916900634765625 0.150802612304688 0.0807723999023438 -0.00727081298828124
-0.174789428710938 0.093780517578125 0.0947036743164063 0.0231704711914063
-0.221527099609375 -0.0257415771484375 0.0824432373046875 0.111007690429687
-0.136642456054687 -0.240447998046875 0.01019287109375 0.150299072265625
0.00979614257812497 -0.283355712890625 -0.0735321044921875 0.127662658691406
0.1785888671875 -0.292205810546875 -0.0229873657226562 0.0276756286621094
0.248321533203125 -0.184173583984375 0.02252197265625 -0.1502685546875
0.192901611328125 -0.221633911132812 0.1180419921875 -0.156539916992188
0.013702392578125 -0.315521240234375 0.063262939453125 -0.20574951171875
-0.14605712890625 -0.196746826171875 -0.039306640625 -0.186630249023438
-0.2132568359375 -0.053253173828125 -0.0872421264648438 -0.105140686035156
-0.156707763671875 0.0992279052734375 -0.0594749450683594 -0.0148887634277344
-0.0730438232421875 0.163650512695313 -0.00948810577392579 -0.00601100921630858
-0.0776824951171875 0.17559814453125 0.0160942077636719 -0.0484809875488281
-0.0437469482421875 0.194076538085937 0.0473098754882813 -0.0731201171875
-0.0880889892578125 0.155044555664063 0.101654052734375 -0.0653076171875
-0.171249389648438 0.0990447998046875 0.115806579589844 -0.01763916015625
-0.212417602539063 -0.0248260498046875 0.105728149414062 0.0781326293945312
-0.12060546875 -0.233978271484375 0.0326385498046875 0.127723693847656
0.0336761474609375 -0.2611083984375 -0.0606842041015625 0.076202392578125
0.190719604492188 -0.244247436523438 0.0375747680664063 -0.0447769165039063
0.210311889648438 -0.097381591796875 0.107772827148438 -0.2052001953125
0.185440063476562 -0.147354125976563 0.161941528320313 -0.19366455078125
0.0497283935546875 -0.248794555664063 0.09759521484375 -0.190582275390625
-0.096160888671875 -0.170623779296875 0.0129852294921875 -0.177413940429688
-0.169052124023438 -0.055755615234375 -0.0314483642578125 -0.11676025390625
-0.134666442871094 0.0784225463867188 -0.0152740478515625 -0.0605010986328125
-0.0623626708984375 0.13580322265625 0.006744384765625 -0.0704269409179687
-0.0649566650390625 0.148590087890625 0.02197265625 -0.106788635253906
-0.0391998291015625 0.169113159179688 0.0519485473632812 -0.133094787597656
-0.0766677856445313 0.135597229003906 0.117324829101563 -0.116081237792969
-0.15130615234375 0.0848846435546875 0.135398864746094 -0.05035400390625
-0.181228637695313 -0.02880859375 0.124969482421875 0.0526885986328125
-0.083831787109375 -0.209808349609375 0.046844482421875 0.110404968261719
0.063201904296875 -0.213424682617188 -0.0478935241699219 0.0309410095214844
0.184951782226563 -0.1650390625 0.09552001953125 -0.100852966308594
0.135147094726563 0.0046539306640625 0.16595458984375 -0.2327880859375
0.137977600097656 -0.0500411987304688 0.185302734375 -0.214202880859375
0.0623397827148438 -0.139533996582031 0.11383056640625 -0.173202514648437
-0.0391693115234375 -0.107322692871094 0.044769287109375 -0.166168212890625
-0.0968780517578125 -0.0414199829101563 0.0050506591796875 -0.119178771972656
-0.0874099731445313 0.0476150512695312 0.0130996704101563 -0.0923538208007813
-0.0409088134765625 0.08795166015625 0.0152359008789062 -0.118316650390625
-0.0432815551757813 0.0993728637695313 0.0244903564453125 -0.14813232421875
-0.0305633544921875 0.118522644042969 0.0565032958984375 -0.178329467773438
-0.0580520629882813 0.0972900390625 0.132965087890625 -0.151580810546875
-0.115066528320313 0.057525634765625 0.155563354492188 -0.0684356689453125
-0.130020141601562 -0.0327529907226563 0.142486572265625 0.0391082763671875
-0.0376129150390625 -0.1640625 0.0573043823242187 0.103370666503906
0.0869522094726563 -0.140388488769531 -0.0293846130371094 -0.000408172607421885
0.155136108398438 -0.0625 0.150665283203125 -0.1295166015625
-0.077850341796875 -0.04229736328125 -0.1617431640625 0.167938232421875
-0.0616302490234375 0.0530815124511719 0.0129795074462891 0.033111572265625
0.00777435302734375 0.0716018676757813 -0.0548858642578125 -0.110755920410156
0.0592765808105469 0.0270729064941406 -0.175216674804687 -0.0624237060546875
0.0578079223632813 -0.0230636596679688 -0.189376831054688 0.0543670654296875
0.0207138061523438 -0.0508003234863281 -0.146148681640625 0.168899536132812
0.00566673278808593 -0.0351181030273438 -0.0485992431640625 0.2100830078125
0.0118160247802734 -0.0281391143798828 -0.0180816650390625 0.176742553710937
0.0163345336914063 -0.0271720886230469 -0.00483703613281249 0.146987915039063
0.0196361541748047 -0.00793647766113281 -0.01910400390625 0.126922607421875
0.0132827758789063 0.0198879241943359 -0.0116195678710937 0.131492614746094
-0.0216026306152344 0.0452690124511719 -0.0401763916015625 0.16571044921875
-0.0666847229003906 0.00243377685546874 -0.128463745117188 0.178421020507812
-0.07904052734375 -0.0588455200195312 -0.16986083984375 0.229278564453125
-0.0653076171875 -0.10107421875 -0.193923950195312 0.248260498046875
-0.00395202636718751 -0.142898559570313 -0.184005737304688 0.144912719726562
-0.03887939453125 -0.0480422973632813 0.00376129150390625 0.02740478515625
-0.039703369140625 -0.0188941955566406 -0.0560379028320312 -0.12908935546875
-0.0158472061157227 -0.00180912017822266 -0.182525634765625 -0.0843353271484375
-0.0156135559082031 -0.00180435180664062 -0.206344604492188 0.037628173828125
-0.0170688629150391 0.00524806976318359 -0.155838012695313 0.164932250976563
-0.008819580078125 0.0336055755615234 -0.0486297607421875 0.208175659179687
-0.0146980285644531 0.0414009094238281 -0.0153350830078125 0.1678466796875
-0.00831222534179688 0.0427131652832031 0.00327301025390625 0.140525817871094
-0.0299911499023438 0.0353126525878906 -0.0014801025390625 0.1204833984375
-0.0591087341308594 0.0232124328613281 0.00679016113281251 0.123130798339844
-0.0904006958007813 -0.00576019287109374 -0.0191192626953125 0.169723510742187
-0.0738143920898437 -0.102279663085938 -0.10028076171875 0.182861328125
-0.0332794189453125 -0.1534423828125 -0.146102905273438 0.228378295898438
0.0239410400390625 -0.195037841796875 -0.176727294921875 0.2244873046875
0.0839385986328125 -0.22052001953125 -0.179290771484375 0.0908355712890625
0.00941467285156249 -0.149566650390625 0.00677728652954102 -0.00117731094360352
-0.07244873046875 -0.129638671875 -0.0473175048828125 -0.156692504882813
-0.0931625366210938 -0.0506591796875 -0.178268432617188 -0.116287231445313
-0.0980758666992187 0.00653076171875 -0.209716796875 0.00663757324218749
-0.0636520385742188 0.0570793151855469 -0.154098510742188 0.139633178710938
-0.0273284912109375 0.09759521484375 -0.0457000732421875 0.180206298828125
-0.0395889282226562 0.105545043945312 -0.00959014892578125 0.133842468261719
-0.0251388549804687 0.109153747558594 0.0160598754882813 0.108154296875
-0.0643997192382813 0.083221435546875 0.0274505615234375 0.0932235717773438
-0.118515014648438 0.0453033447265625 0.0386810302734375 0.101165771484375
-0.155563354492188 -0.02728271484375 0.017608642578125 0.164962768554688
-0.102935791015625 -0.179885864257813 -0.0601348876953125 0.184188842773438
-0.0142822265625 -0.228897094726563 -0.114181518554688 0.211532592773437
0.0926055908203125 -0.267593383789063 -0.13470458984375 0.176254272460937
0.169219970703125 -0.258285522460937 -0.139396667480469 0.0143508911132812
0.077117919921875 -0.227615356445313 0.0277061462402344 -0.049560546875
-0.077301025390625 -0.238449096679687 -0.0239410400390625 -0.185302734375
-0.152542114257813 -0.113021850585938 -0.152236938476563 -0.15179443359375
-0.173446655273438 -0.00265502929687499 -0.192474365234375 -0.034820556640625
-0.111274719238281 0.0941925048828125 -0.138198852539063 0.0963287353515625
-0.0473175048828125 0.144744873046875 -0.0380325317382812 0.129676818847656
-0.059417724609375 0.155685424804688 -0.0017547607421875 0.0799713134765625
-0.034332275390625 0.162033081054688 0.0285110473632812 0.0555076599121094
-0.0817642211914063 0.126319885253906 0.0570945739746094 0.0470123291015625
-0.155166625976563 0.07623291015625 0.0707931518554687 0.06494140625
-0.202392578125 -0.0255889892578125 0.05694580078125 0.1429443359375
-0.134353637695313 -0.22235107421875 -0.018524169921875 0.172409057617188
-0.00894165039062501 -0.273544311523438 -0.0869293212890625 0.177139282226562
0.139007568359375 -0.303802490234375 -0.0798492431640625 0.107589721679688
0.226486206054688 -0.246658325195312 -0.0679931640625 -0.0707855224609375
0.144134521484375 -0.257049560546875 0.0669784545898438 -0.106735229492188
-0.0474853515625 -0.309326171875 0.014892578125 -0.203781127929688
-0.173995971679687 -0.168380737304688 -0.10357666015625 -0.17633056640625
-0.216690063476563 -0.02447509765625 -0.149124145507813 -0.0749664306640625
-0.144882202148438 0.109283447265625 -0.103981018066406 0.0411453247070313
-0.06231689453125 0.1685791015625 -0.0244064331054688 0.0637702941894532
-0.069427490234375 0.1812744140625 0.00652313232421875 0.0157108306884766
-0.0363922119140625 0.191802978515625 0.0374298095703125 -0.00830841064453124
-0.086090087890625 0.152572631835938 0.081146240234375 -0.0110626220703125
-0.16973876953125 0.099761962890625 0.0962677001953125 0.0214462280273438
-0.220687866210938 -0.01690673828125 0.0885238647460938 0.109916687011719
-0.147186279296875 -0.23468017578125 0.0145721435546875 0.150253295898437
-0.000366210937500012 -0.28289794921875 -0.0689163208007812 0.130088806152344
0.166229248046875 -0.298309326171875 -0.0227890014648437 0.030099868774414
0.241378784179688 -0.191421508789063 0.0203399658203125 -0.148590087890625
0.1834716796875 -0.228729248046875 0.114654541015625 -0.158172607421875
-6.1035156249985E-05 -0.314117431640625 0.056915283203125 -0.204376220703125
-0.151992797851563 -0.19024658203125 -0.0454559326171875 -0.184341430664062
-0.214767456054687 -0.04364013671875 -0.090545654296875 -0.102699279785156
-0.152969360351563 0.104141235351563 -0.0595741271972656 -0.0150337219238281
-0.0655975341796875 0.164947509765625 -0.00881195068359375 -0.00756645202636718
-0.0697174072265625 0.17987060546875 0.013214111328125 -0.0489425659179687
-0.0353851318359375 0.194625854492188 0.0428314208984375 -0.0750579833984375
-0.0814208984375 0.156326293945313 0.09759521484375 -0.06927490234375
-0.166046142578125 0.104537963867188 0.115310668945312 -0.0207443237304687
-0.21160888671875 -0.01519775390625 0.110160827636719 0.0762252807617188
-0.130996704101563 -0.228317260742187 0.0360488891601562 0.126693725585937
0.0241241455078125 -0.262054443359375 -0.0584716796875 0.0793304443359375
0.179351806640625 -0.2525634765625 0.0345115661621094 -0.04443359375
0.206375122070313 -0.1038818359375 0.103363037109375 -0.206451416015625
0.178558349609375 -0.153854370117188 0.157119750976563 -0.196670532226563
0.0378875732421875 -0.24951171875 0.0919189453125 -0.1917724609375
-0.101974487304688 -0.165908813476563 0.00718688964843751 -0.177459716796875
-0.170822143554688 -0.0482177734375 -0.0350570678710938 -0.116142272949219
-0.130523681640625 0.0834274291992188 -0.0167312622070313 -0.0624313354492187
-0.0556869506835938 0.137115478515625 0.00370025634765625 -0.0723648071289062
-0.0584716796875 0.1519775390625 0.0159149169921875 -0.107063293457031
-0.03179931640625 0.169403076171875 0.0445556640625 -0.135185241699219
-0.0707855224609375 0.136825561523437 0.111671447753906 -0.120880126953125
-0.14617919921875 0.0902557373046875 0.132965087890625 -0.0538406372070312
-0.180496215820313 -0.0213623046875 0.127716064453125 0.0498428344726563
-0.093475341796875 -0.20513916015625 0.050018310546875 0.109420776367187
0.0537109375 -0.2144775390625 -0.0475082397460938 0.0345840454101562
0.177108764648438 -0.170654296875 0.0912017822265625 -0.102630615234375
0.134674072265625 -6.103515625E-05 0.160369873046875 -0.236724853515625
0.134620666503906 -0.0551605224609375 0.17803955078125 -0.21844482421875
0.055633544921875 -0.140899658203125 0.109100341796875 -0.17578125
-0.0425262451171875 -0.104965209960938 0.038909912109375 -0.16680908203125
-0.098480224609375 -0.0367584228515625 0.00160980224609376 -0.119705200195313
-0.0844192504882813 0.0507965087890625 0.00994873046874999 -0.095367431640625
-0.0361404418945312 0.0875625610351563 0.00927734375 -0.119316101074219
-0.0384140014648438 0.10174560546875 0.0158233642578125 -0.1485595703125
-0.0248260498046875 0.1192626953125 0.046478271484375 -0.180435180664063
-0.0532073974609375 0.0976943969726563 0.125259399414063 -0.157516479492188
-0.110267639160156 0.061309814453125 0.152923583984375 -0.0726165771484375
-0.129432678222656 -0.0271072387695312 0.14337158203125 0.0354156494140625
-0.0449066162109375 -0.161148071289063 0.0598220825195313 0.101486206054687
0.0794830322265625 -0.143112182617188 -0.0310230255126953 0.0029010772705078
0.150787353515625 -0.067962646484375 0.143905639648438 -0.1328125
-0.076934814453125 -0.0373077392578125 -0.148773193359375 0.172882080078125
-0.0571212768554688 0.055511474609375 0.0165328979492187 0.0310001373291016
0.0117416381835937 0.0700225830078125 -0.05853271484375 -0.107131958007813
0.0593223571777344 0.0217475891113281 -0.175018310546875 -0.053314208984375
0.0542030334472656 -0.0261917114257813 -0.183761596679688 0.06243896484375
0.0161514282226562 -0.0504035949707031 -0.135284423828125 0.174331665039063
0.00330543518066407 -0.0334815979003906 -0.03466796875 0.21044921875
0.00985527038574219 -0.0281810760498047 -0.00563049316406251 0.17572021484375
0.0139541625976563 -0.0266628265380859 0.00521850585937499 0.144943237304688
0.0173168182373047 -0.00875377655029297 -0.0121002197265625 0.127571105957031
0.0129489898681641 0.0185737609863281 -0.00403594970703126 0.130821228027344
-0.0184440612792969 0.0444602966308594 -0.030792236328125 0.16387939453125
-0.0647315979003906 0.00454711914062499 -0.117324829101563 0.180435180664063
-0.0805435180664063 -0.0537796020507813 -0.155654907226563 0.232391357421875
-0.0684967041015625 -0.0943832397460937 -0.178268432617188 0.252197265625
-0.00985717773437501 -0.140609741210938 -0.171661376953125 0.150466918945313
-0.0405998229980469 -0.0459709167480469 0.00773811340332031 0.0261859893798828
-0.0405426025390625 -0.0160140991210937 -0.0598220825195313 -0.124259948730469
-0.0158529281616211 -0.00187969207763672 -0.183837890625 -0.0744781494140625
-0.0166282653808594 -0.000717163085937497 -0.201919555664063 0.0473480224609375
-0.017277717590332 0.00663280487060547 -0.144760131835938 0.170486450195312
-0.00634574890136718 0.0343456268310547 -0.035308837890625 0.207443237304688
-0.0118865966796875 0.0427436828613281 -0.00390624999999999 0.167098999023438
-0.00622177124023438 0.0432586669921875 0.0126571655273437 0.138389587402344
-0.0287055969238281 0.0366630554199219 0.0054779052734375 0.120384216308594
-0.0585403442382812 0.0257186889648438 0.0134963989257812 0.121696472167969
-0.0895538330078125 -0.00138854980468749 -0.008819580078125 0.168502807617187
-0.0774765014648438 -0.0988540649414063 -0.0896453857421875 0.184783935546875
-0.04022216796875 -0.149688720703125 -0.131668090820312 0.230300903320313
0.0140533447265625 -0.192230224609375 -0.162368774414062 0.229217529296875
0.0725250244140625 -0.221847534179688 -0.167953491210938 0.09820556640625
0.00195312500000001 -0.149200439453125 0.0100278854370117 -0.00171089172363282
-0.0790786743164063 -0.12347412109375 -0.0523681640625 -0.150619506835938
-0.09454345703125 -0.0456771850585938 -0.180679321289063 -0.10552978515625
-0.0967788696289063 0.0120010375976563 -0.207809448242187 0.0162506103515625
-0.0600128173828125 0.0596885681152344 -0.14471435546875 0.14520263671875
-0.0214920043945313 0.0977325439453125 -0.03411865234375 0.1790771484375
-0.0321273803710938 0.108230590820313 -0.0010528564453125 0.132926940917969
-0.0189895629882812 0.10968017578125 0.0226516723632812 0.106414794921875
-0.0599212646484375 0.0858688354492187 0.032257080078125 0.0906448364257813
-0.11468505859375 0.0508270263671875 0.0437240600585937 0.0987167358398437
-0.154937744140625 -0.01904296875 0.02752685546875 0.162429809570313
-0.111038208007812 -0.172866821289063 -0.0500946044921875 0.183990478515625
-0.0255126953125 -0.224960327148438 -0.101577758789063 0.21307373046875
0.0774688720703125 -0.26739501953125 -0.12347412109375 0.179946899414062
0.1541748046875 -0.262619018554688 -0.132247924804688 0.021575927734375
0.064178466796875 -0.229568481445313 0.0285606384277344 -0.0496559143066406
-0.08917236328125 -0.22998046875 -0.0307464599609375 -0.179443359375
-0.156387329101563 -0.104080200195313 -0.157119750976562 -0.141403198242188
-0.170700073242187 0.007415771484375 -0.191818237304687 -0.024993896484375
-0.104438781738281 0.0982208251953125 -0.131065368652344 0.100273132324219
-0.0387115478515625 0.145401000976563 -0.0289840698242188 0.128562927246094
-0.048797607421875 0.157974243164063 0.00273132324218749 0.0797195434570313
-0.024078369140625 0.161483764648437 0.03106689453125 0.0540428161621094
-0.0745391845703125 0.128211975097656 0.0590667724609375 0.04266357421875
-0.149246215820312 0.0828399658203125 0.0734329223632812 0.061492919921875
-0.2008056640625 -0.014923095703125 0.0657958984375 0.139122009277344
-0.145965576171875 -0.212356567382812 -0.009735107421875 0.171554565429688
-0.0230560302734375 -0.2694091796875 -0.07696533203125 0.178741455078125
0.12042236328125 -0.307220458984375 -0.073577880859375 0.110488891601563
0.211380004882812 -0.254745483398438 -0.0663795471191406 -0.0657234191894531
0.128021240234375 -0.261062622070312 0.06396484375 -0.106712341308594
-0.06439208984375 -0.3016357421875 0.00608825683593751 -0.199127197265625
-0.179641723632813 -0.156845092773438 -0.110336303710938 -0.168838500976562
-0.21441650390625 -0.01165771484375 -0.150390625 -0.06719970703125
-0.136810302734375 0.115066528320312 -0.100814819335938 0.0439376831054688
-0.0516815185546875 0.168716430664063 -0.0198287963867188 0.0628814697265625
-0.05682373046875 0.184097290039062 0.00694179534912109 0.0160064697265625
-0.0248870849609375 0.19140625 0.0362129211425781 -0.00988006591796874
-0.0761260986328125 0.154312133789063 0.0788116455078125 -0.0157546997070312
-0.161422729492188 0.106674194335937 0.096588134765625 0.0169219970703125
-0.218399047851563 -0.00465393066406253 0.0952987670898437 0.104896545410156
-0.159011840820313 -0.223281860351563 0.0213623046875 0.148391723632813
-0.0155487060546875 -0.278839111328125 -0.061798095703125 0.132125854492187
0.146514892578125 -0.302978515625 -0.0210514068603516 0.0314273834228515
0.227554321289063 -0.201126098632813 0.0164642333984375 -0.146453857421875
0.167922973632813 -0.234817504882812 0.107696533203125 -0.160125732421875
-0.018096923828125 -0.308197021484375 0.048187255859375 -0.20220947265625
-0.159164428710937 -0.179428100585938 -0.0531005859375 -0.179122924804688
-0.213775634765625 -0.030487060546875 -0.0943450927734375 -0.0976715087890625
-0.144287109375 0.110458374023438 -0.0589447021484375 -0.0139045715332031
-0.0556488037109375 0.165420532226563 -0.0088796615600586 -0.00861072540283202
-0.0564422607421875 0.181991577148437 0.00865173339843749 -0.0486488342285156
-0.022979736328125 0.193572998046875 0.0367355346679688 -0.0761260986328125
-0.071380615234375 0.156707763671875 0.0919265747070313 -0.0747833251953125
-0.156036376953125 0.111068725585937 0.112617492675781 -0.0254745483398437
-0.208633422851563 -0.00366210937499999 0.114852905273437 0.0710601806640625
-0.14337158203125 -0.21697998046875 0.0410385131835937 0.12408447265625
0.00901794433593751 -0.258499145507813 -0.0540695190429688 0.0822296142578125
0.162017822265625 -0.25714111328125 0.0307350158691406 -0.0443229675292969
0.198287963867188 -0.113189697265625 0.0935821533203125 -0.20684814453125
0.1668701171875 -0.161041259765625 0.147140502929688 -0.199737548828125
0.0224456787109375 -0.247268676757813 0.08270263671875 -0.191146850585938
-0.108444213867188 -0.157394409179687 -0.00131225585937502 -0.175064086914063
-0.170028686523437 -0.0370330810546875 -0.0395736694335938 -0.113311767578125
-0.122894287109375 0.0887908935546875 -0.0193977355957031 -0.0632209777832031
-0.0471343994140625 0.136505126953125 -0.000984191894531258 -0.07281494140625
-0.0475616455078125 0.153717041015625 0.00785064697265624 -0.105491638183594
-0.020111083984375 0.168319702148438 0.034637451171875 -0.135139465332031
-0.062225341796875 0.137062072753906 0.101951599121094 -0.125236511230469
-0.137153625488281 0.0959854125976562 0.129325866699219 -0.05865478515625
-0.177200317382813 -0.0105743408203125 0.129676818847656 0.0436172485351562
-0.104476928710938 -0.19598388671875 0.0534210205078125 0.105247497558594
0.0411376953125 -0.21331787109375 -0.0461502075195313 0.0380897521972656
0.163055419921875 -0.177520751953125 0.0833053588867188 -0.103492736816406
0.133010864257813 -0.00714874267578125 0.147415161132813 -0.238784790039062
0.128684997558594 -0.061553955078125 0.166030883789063 -0.222152709960938
0.045318603515625 -0.141036987304688 0.10028076171875 -0.177276611328125
-0.0478515625 -0.101387023925781 0.030029296875 -0.166183471679688
-0.0992202758789063 -0.02978515625 -0.00424194335937501 -0.119148254394531
-0.0794448852539062 0.0555648803710938 0.00490570068359373 -0.0974578857421875
-0.0298614501953125 0.0875473022460938 0.00186920166015624 -0.119331359863281
-0.0308837890625 0.102104187011719 0.00564575195312501 -0.146194458007813
-0.016204833984375 0.1180419921875 0.033782958984375 -0.179519653320313
-0.0470657348632812 0.098175048828125 0.112991333007813 -0.162017822265625
-0.104049682617188 0.0663223266601563 0.147720336914063 -0.0779876708984375
-0.126922607421875 -0.0187606811523437 0.143356323242188 0.028533935546875
-0.0543365478515625 -0.154571533203125 0.0627822875976563 0.0972671508789062
0.0692291259765625 -0.144424438476562 -0.0318050384521484 0.00664329528808593
0.14349365234375 -0.0744781494140625 0.134048461914063 -0.136054992675781
-0.074676513671875 -0.033477783203125 -0.133819580078125 0.171646118164062
-0.0517539978027344 0.0559616088867187 0.0192890167236328 0.0275936126708984
0.0146827697753906 0.0662040710449219 -0.0602951049804687 -0.101119995117188
0.0571632385253906 0.0166969299316406 -0.171005249023438 -0.0435638427734375
0.0498008728027344 -0.0282135009765625 -0.1756591796875 0.0685577392578125
0.012908935546875 -0.0480613708496094 -0.121734619140625 0.175384521484375
0.00142288208007813 -0.0313014984130859 -0.0217437744140625 0.204025268554688
0.00856590270996094 -0.0265579223632813 0.00582885742187498 0.169052124023438
0.0111522674560547 -0.0256481170654297 0.0138626098632812 0.139328002929688
0.0144023895263672 -0.00857734680175781 -0.00488281250000001 0.124908447265625
0.012394905090332 0.0175132751464844 0.0019073486328125 0.126937866210938
-0.0151557922363281 0.0427970886230469 -0.022064208984375 0.159149169921875
-0.0617218017578125 0.00577545166015626 -0.1058349609375 0.178146362304688
-0.0800323486328125 -0.0472564697265625 -0.140106201171875 0.229965209960938
-0.069549560546875 -0.0859832763671875 -0.160476684570312 0.249404907226562
-0.0151596069335937 -0.136268615722656 -0.155624389648438 0.151687622070313
-0.0405387878417969 -0.0432395935058594 0.011627197265625 0.0240535736083984
-0.0400428771972656 -0.0140609741210937 -0.0615692138671875 -0.116722106933594
-0.0160999298095703 -0.00237083435058594 -0.179885864257813 -0.063323974609375
-0.0168209075927734 5.72204589843748E-06 -0.193359375 0.053741455078125
-0.0165681838989258 0.00816440582275391 -0.131393432617187 0.17156982421875
-0.00496482849121094 0.0339622497558594 -0.02252197265625 0.201812744140625
-0.00893402099609375 0.0431861877441406 0.00726318359374999 0.161117553710937
-0.003997802734375 0.0424003601074219 0.0207290649414063 0.133209228515625
-0.0273895263671875 0.0370101928710938 0.0116348266601563 0.116539001464844
-0.0561180114746094 0.0278511047363281 0.018951416015625 0.118110656738281
-0.0861740112304688 0.00206756591796873 0.000152587890624995 0.16265869140625
-0.07989501953125 -0.0925445556640625 -0.0782623291015625 0.180419921875
-0.04522705078125 -0.141845703125 -0.116592407226563 0.227005004882812
0.005126953125 -0.185150146484375 -0.145919799804687 0.227157592773438
0.0603179931640625 -0.217880249023438 -0.153854370117187 0.101104736328125
-0.00482177734375001 -0.143707275390625 0.0130443572998047 -0.00229740142822267
-0.0821151733398438 -0.115013122558594 -0.05560302734375 -0.142364501953125
-0.0936050415039062 -0.0404052734375 -0.178024291992188 -0.093292236328125
-0.0933380126953125 0.0164718627929688 -0.2001953125 0.024871826171875
-0.0551300048828125 0.0610923767089844 -0.132919311523438 0.147262573242187
-0.0158843994140625 0.0953903198242188 -0.0225067138671875 0.173568725585938
-0.0244140625 0.107444763183594 0.00749969482421875 0.12872314453125
-0.0122833251953125 0.106605529785156 0.0289993286132813 0.101783752441406
-0.0541305541992188 0.0853042602539063 0.0356369018554687 0.0865097045898438
-0.109375 0.0547332763671875 0.0472259521484375 0.0941314697265625
-0.150604248046875 -0.010711669921875 0.0359649658203125 0.155197143554688
-0.1168212890625 -0.162338256835938 -0.040679931640625 0.17974853515625
-0.0347442626953125 -0.215408325195313 -0.0883331298828125 0.209030151367188
0.06182861328125 -0.261032104492188 -0.110549926757813 0.178970336914062
0.136993408203125 -0.260986328125 -0.123123168945312 0.0263748168945313
0.0503692626953125 -0.22430419921875 0.0289268493652344 -0.0493011474609375
-0.098663330078125 -0.21722412109375 -0.0358123779296875 -0.170303344726563
-0.155731201171875 -0.09326171875 -0.157135009765625 -0.1287841796875
-0.164230346679688 0.016265869140625 -0.18707275390625 -0.01617431640625
-0.0958633422851563 0.0998916625976562 -0.121818542480469 0.102897644042969
-0.0295867919921875 0.141708374023438 -0.0207901000976562 0.12396240234375
-0.0377349853515625 0.156402587890625 0.00760650634765624 0.0775375366210938
-0.0144195556640625 0.157546997070313 0.0339469909667969 0.0510139465332031
-0.0656585693359375 0.126998901367188 0.0590019226074219 0.03814697265625
-0.139945983886719 0.0874176025390625 0.0745773315429687 0.0572280883789063
-0.194229125976563 -0.00378417968750002 0.0723419189453125 0.131675720214844
-0.152786254882813 -0.197052001953125 -0.00222778320312501 0.165847778320313
-0.03521728515625 -0.258193969726563 -0.06573486328125 0.175643920898437
0.100616455078125 -0.301239013671875 -0.0654983520507813 0.110137939453125
0.191757202148438 -0.256072998046875 -0.0632781982421875 -0.0603141784667969
0.110443115234375 -0.257705688476562 0.06048583984375 -0.105499267578125
-0.077850341796875 -0.2874755859375 -0.000610351562500022 -0.190719604492188
-0.1802978515625 -0.14349365234375 -0.113510131835938 -0.156417846679688
-0.207733154296875 -0.000396728515624999 -0.14862060546875 -0.0581512451171875
-0.125740051269531 0.117988586425781 -0.0953521728515625 0.0454177856445312
-0.0411376953125 0.164215087890625 -0.0156440734863281 0.0600509643554688
-0.04388427734375 0.181686401367188 0.0071573257446289 0.0153007507324219
-0.0125274658203125 0.185623168945313 0.0344486236572266 -0.0109844207763672
-0.065704345703125 0.1512451171875 0.0748977661132813 -0.0189743041992187
-0.149520874023438 0.110641479492188 0.094268798828125 0.012664794921875
-0.21075439453125 0.00691223144531254 0.0995559692382812 0.097320556640625
-0.16656494140625 -0.206436157226563 0.02685546875 0.142730712890625
-0.028411865234375 -0.26806640625 -0.0538558959960937 0.131240844726562
0.126220703125 -0.298583984375 -0.0188579559326172 0.0317573547363281
0.210403442382813 -0.20465087890625 0.01214599609375 -0.140777587890625
0.150527954101563 -0.23492431640625 0.100128173828125 -0.158294677734375
-0.03460693359375 -0.295135498046875 0.03912353515625 -0.194931030273438
-0.161605834960938 -0.164901733398438 -0.05841064453125 -0.169647216796875
-0.207565307617188 -0.017242431640625 -0.0956878662109375 -0.0906829833984375
-0.133064270019531 0.113548278808594 -0.0580024719238281 -0.0133285522460937
-0.0447235107421875 0.160690307617187 -0.0093841552734375 -0.00940513610839843
-0.043212890625 0.179885864257812 0.00532150268554687 -0.0466690063476562
-0.011260986328125 0.187454223632813 0.0307693481445313 -0.0739822387695312
-0.0607452392578125 0.15399169921875 0.0841217041015625 -0.0768508911132812
-0.143997192382812 0.113906860351563 0.108444213867188 -0.0284271240234375
-0.200485229492188 0.0074005126953125 0.1163330078125 0.0634918212890625
-0.150283813476563 -0.200973510742188 0.0438919067382812 0.118278503417969
-0.00459289550781249 -0.249481201171875 -0.049163818359375 0.0830764770507812
0.142684936523438 -0.255599975585938 0.0272064208984375 -0.0425567626953125
0.186294555664063 -0.118865966796875 0.0841064453125 -0.201904296875
0.152099609375 -0.163116455078125 0.134292602539063 -0.198089599609375
0.00776672363281252 -0.238677978515625 0.0723419189453125 -0.187042236328125
-0.111663818359375 -0.146820068359375 -0.00828552246093752 -0.167877197265625
-0.165924072265625 -0.0258026123046875 -0.0434799194335938 -0.108627319335938
-0.113800048828125 0.0919647216796875 -0.0224723815917969 -0.0623283386230469
-0.0382232666015625 0.132217407226562 -0.00469970703125001 -0.0720138549804687
-0.0361785888671875 0.151397705078125 0.000648498535156258 -0.101539611816406
-0.00932312011718749 0.162063598632813 0.0247573852539062 -0.131553649902344
-0.0520095825195312 0.133567810058594 0.0903091430664063 -0.126678466796875
-0.126625061035156 0.0985336303710937 0.122360229492187 -0.0614471435546875
-0.17022705078125 -0.000534057617187507 0.128532409667969 0.0364151000976563
-0.112030029296875 -0.181793212890625 0.055206298828125 0.0999221801757812
0.0280914306640625 -0.206878662109375 -0.0435066223144531 0.0407791137695312
0.147613525390625 -0.178955078125 0.0741043090820313 -0.101661682128906
0.1275634765625 -0.0138320922851563 0.133392333984375 -0.235015869140625
0.120208740234375 -0.0653305053710938 0.150527954101563 -0.220367431640625
0.03485107421875 -0.13763427734375 0.090667724609375 -0.1746826171875
-0.0505828857421875 -0.0948486328125 0.0222625732421875 -0.161407470703125
-0.0966796875 -0.0231857299804688 -0.00930786132812499 -0.115737915039062
-0.0728683471679688 0.05780029296875 -0.000434875488281254 -0.096466064453125
-0.0238037109375 0.0838394165039062 -0.00537109375000001 -0.116340637207031
-0.0233154296875 0.0999832153320313 -0.00373840332031251 -0.14013671875
-0.00817871093750001 0.113784790039063 0.021453857421875 -0.173858642578125
-0.0400161743164063 0.0955657958984375 0.0992431640625 -0.162445068359375
-0.0960311889648437 0.0682830810546875 0.139289855957031 -0.0811386108398438
-0.122093200683594 -0.0117568969726562 0.140411376953125 0.0218353271484375
-0.0607147216796875 -0.14483642578125 0.063629150390625 0.0914382934570313
0.05865478515625 -0.141311645507813 -0.0309219360351563 0.00948905944824218
0.133590698242188 -0.07867431640625 0.12176513671875 -0.135269165039063
-0.0712738037109375 -0.0305099487304688 -0.122207641601563 0.166549682617188
-0.0468597412109375 0.054718017578125 0.0204620361328125 0.0248336791992188
0.01666259765625 0.0627021789550781 -0.0585403442382813 -0.0958786010742187
0.0535392761230469 0.0135917663574219 -0.164230346679688 -0.037811279296875
0.045684814453125 -0.0283164978027344 -0.167144775390625 0.06951904296875
0.0102386474609375 -0.0450325012207031 -0.1121826171875 0.171112060546875
0.000751495361328125 -0.0285472869873047 -0.012939453125 0.195663452148438
0.00747489929199219 -0.0247821807861328 0.012176513671875 0.161468505859375
0.00938987731933593 -0.0241374969482422 0.0182647705078125 0.131858825683594
0.0120115280151367 -0.00798892974853516 -0.000831604003906253 0.121147155761719
0.0113124847412109 0.0165109634399414 0.00550842285156251 0.122657775878906
-0.0129127502441406 0.0404548645019531 -0.0174407958984375 0.152084350585938
-0.0584793090820313 0.00640106201171876 -0.0970001220703125 0.1712646484375
-0.0769424438476562 -0.042724609375 -0.127532958984375 0.220626831054688
-0.06707763671875 -0.079681396484375 -0.1475830078125 0.239669799804688
-0.0171585083007812 -0.129852294921875 -0.142486572265625 0.147506713867187
-0.0395126342773438 -0.0404014587402344 0.0141277313232422 0.0215473175048828
-0.0389747619628906 -0.0125694274902344 -0.0606765747070312 -0.110710144042969
-0.0163202285766602 -0.00290584564208985 -0.172378540039063 -0.056427001953125
-0.0161027908325195 0.000751495361328125 -0.184417724609375 0.056182861328125
-0.0163478851318359 0.00873947143554687 -0.120880126953125 0.168121337890625
-0.00349998474121094 0.0335197448730469 -0.0140838623046875 0.192367553710938
-0.00678253173828125 0.0424346923828125 0.013427734375 0.153778076171875
-0.00250625610351562 0.04150390625 0.0253067016601562 0.126296997070313
-0.0262374877929688 0.0362739562988281 0.0147018432617188 0.112480163574219
-0.0545730590820313 0.02874755859375 0.0214309692382812 0.113456726074219
-0.0824661254882813 0.00416564941406249 0.00465393066406249 0.154953002929688
-0.0790786743164063 -0.0868682861328125 -0.072265625 0.1737060546875
-0.0462188720703125 -0.133758544921875 -0.10577392578125 0.217620849609375
0.000518798828125 -0.17633056640625 -0.134368896484375 0.219070434570313
0.0523223876953125 -0.20941162109375 -0.141571044921875 0.099456787109375
-0.00871276855468751 -0.137474060058594 0.0151815414428711 -0.00387191772460938
-0.0824508666992188 -0.10791015625 -0.0545806884765625 -0.134429931640625
-0.0904464721679687 -0.0368728637695313 -0.17181396484375 -0.085113525390625
-0.0886688232421875 0.0191116333007813 -0.191452026367188 0.0285491943359375
-0.0512466430664062 0.0600242614746094 -0.123641967773437 0.143508911132813
-0.012298583984375 0.0921096801757813 -0.0159149169921875 0.165786743164063
-0.0195999145507812 0.104850769042969 0.0128402709960937 0.122665405273438
-0.00823211669921875 0.103103637695313 0.0319595336914063 0.0966110229492188
-0.050384521484375 0.0831375122070313 0.037322998046875 0.0823974609375
-0.1038818359375 0.0553512573242187 0.0479354858398437 0.090087890625
-0.144561767578125 -0.00669860839843752 0.0400848388671875 0.146957397460938
-0.116836547851563 -0.152297973632813 -0.0350799560546875 0.172332763671875
-0.0387725830078125 -0.20477294921875 -0.078948974609375 0.201828002929688
0.052215576171875 -0.250015258789063 -0.101287841796875 0.172943115234375
0.124069213867188 -0.252593994140625 -0.113250732421875 0.0273513793945312
0.0419464111328125 -0.216064453125 0.0301666259765625 -0.048065185546875
-0.10076904296875 -0.204345703125 -0.03546142578125 -0.160873413085938
-0.15087890625 -0.085540771484375 -0.152313232421875 -0.119338989257812
-0.157257080078125 0.0204315185546875 -0.180343627929688 -0.01104736328125
-0.0892868041992188 0.0979156494140625 -0.114120483398437 0.100173950195313
-0.0244674682617188 0.1356201171875 -0.01611328125 0.117485046386719
-0.0294036865234375 0.1517333984375 0.0100631713867187 0.0739517211914063
-0.00833129882812501 0.150619506835938 0.0346336364746094 0.0479011535644531
-0.0599441528320312 0.122673034667969 0.0575408935546875 0.034942626953125
-0.131614685058594 0.0876388549804687 0.073150634765625 0.0528564453125
-0.186233520507812 0.00144958496093751 0.0754852294921875 0.124259948730469
-0.1529541015625 -0.184051513671875 0.0012054443359375 0.159042358398438
-0.04022216796875 -0.24530029296875 -0.058624267578125 0.16937255859375
0.08734130859375 -0.2901611328125 -0.0602798461914062 0.10662841796875
0.176620483398438 -0.250198364257813 -0.05804443359375 -0.0562248229980469
0.0980682373046875 -0.250030517578125 0.05853271484375 -0.102546691894531
-0.0838165283203125 -0.27093505859375 -0.00279235839843749 -0.180938720703125
-0.176376342773438 -0.131484985351563 -0.111358642578125 -0.14630126953125
-0.19818115234375 0.00689697265625003 -0.144790649414063 -0.052978515625
-0.116714477539063 0.115913391113281 -0.0903778076171875 0.044647216796875
-0.0346221923828125 0.15765380859375 -0.01336669921875 0.0552406311035156
-0.0346221923828125 0.17578125 0.00751399993896484 0.0147132873535156
-0.00515747070312501 0.177505493164063 0.0327606201171875 -0.0110874176025391
-0.0580291748046875 0.145584106445313 0.0700836181640625 -0.0212135314941406
-0.139610290527344 0.109779357910156 0.091033935546875 0.0107574462890625
-0.200515747070312 0.0127105712890625 0.0998764038085937 0.0909576416015625
-0.166351318359375 -0.192138671875 0.0286865234375 0.136505126953125
-0.0340423583984375 -0.254852294921875 -0.0484848022460938 0.12725830078125
0.1107177734375 -0.288970947265625 -0.0174388885498047 0.0313434600830078
0.19573974609375 -0.202056884765625 0.010986328125 -0.134925842285156
0.136627197265625 -0.22802734375 0.0942230224609375 -0.152969360351563
-0.043121337890625 -0.2813720703125 0.0349578857421875 -0.185577392578125
-0.158660888671875 -0.153732299804688 -0.05902099609375 -0.15960693359375
-0.198516845703125 -0.01025390625 -0.0937118530273438 -0.08526611328125
-0.123313903808594 0.111785888671875 -0.0565910339355469 -0.012664794921875
-0.0372772216796875 0.1539306640625 -0.00945091247558594 -0.0105533599853516
-0.0340576171875 0.173599243164062 0.00347137451171875 -0.0443954467773437
-0.00321960449218748 0.178619384765625 0.0264205932617188 -0.0711593627929688
-0.05322265625 0.14739990234375 0.0766448974609375 -0.0758132934570312
-0.1337890625 0.113121032714844 0.10455322265625 -0.0292282104492187
-0.190338134765625 0.0128173828125 0.114669799804688 0.0583877563476563
-0.150146484375 -0.18701171875 0.0443038940429687 0.112945556640625
-0.0115966796875 -0.237091064453125 -0.0452041625976563 0.08209228515625
0.1279296875 -0.2476806640625 0.0244789123535156 -0.0405807495117188
0.174514770507813 -0.119659423828125 0.0780487060546875 -0.194747924804687
0.139862060546875 -0.159698486328125 0.125473022460938 -0.191177368164063
-0.00114440917968748 -0.226593017578125 0.0670623779296875 -0.179031372070313
-0.1103515625 -0.136123657226563 -0.0110321044921875 -0.159164428710938
-0.158782958984375 -0.019439697265625 -0.0444107055664063 -0.103950500488281
-0.105316162109375 0.0909881591796875 -0.023468017578125 -0.0612869262695312
-0.0328140258789062 0.126502990722656 -0.00767135620117187 -0.070281982421875
-0.0282745361328125 0.14569091796875 -0.00341796875000001 -0.0963592529296875
-0.00300598144531249 0.154251098632812 0.0186920166015625 -0.125221252441406
-0.0456008911132812 0.128257751464844 0.0813751220703125 -0.123565673828125
-0.116851806640625 0.0968704223632813 0.116714477539062 -0.0616683959960937
-0.161117553710938 0.00382995605468753 0.125411987304688 0.0322799682617188
-0.112991333007813 -0.1693115234375 0.054473876953125 0.0946121215820312
0.0207061767578125 -0.197601318359375 -0.0415115356445312 0.0418853759765625
0.135284423828125 -0.174636840820313 0.06842041015625 -0.0975265502929688
0.121734619140625 -0.0179443359375 0.123992919921875 -0.226776123046875
0.111747741699219 -0.0652542114257813 0.139755249023438 -0.212631225585937
0.0278167724609375 -0.130630493164063 0.0832672119140625 -0.16796875
-0.0513534545898437 -0.0883407592773438 0.0179443359375 -0.154449462890625
-0.09222412109375 -0.0178451538085938 -0.0116424560546875 -0.111007690429688
-0.066925048828125 0.0572319030761719 -0.00349426269531251 -0.0944747924804688
-0.0197830200195313 0.07989501953125 -0.00999450683593749 -0.112037658691406
-0.0181655883789063 0.0958404541015625 -0.00959777832031251 -0.132865905761719
-0.00325012207031249 0.107902526855469 0.0136871337890625 -0.166458129882813
-0.034942626953125 0.0918121337890625 0.0886077880859375 -0.157974243164063
-0.0887985229492188 0.067047119140625 0.131752014160156 -0.0805892944335938
-0.115272521972656 -0.00748443603515625 0.135459899902344 0.0177001953125
-0.063201904296875 -0.135696411132813 0.0622100830078125 0.0863037109375
0.0508956909179687 -0.136154174804688 -0.0305843353271484 0.0125598907470703
0.124794006347656 -0.0781478881835938 0.112342834472656 -0.130577087402344
-0.0688743591308594 -0.0294456481933594 -0.115631103515625 0.160415649414063
-0.0436668395996094 0.0525779724121094 0.0214252471923828 0.0232696533203125
0.0167198181152344 0.0595130920410156 -0.0564422607421875 -0.09344482421875
0.0507164001464844 0.0120849609375 -0.15802001953125 -0.0364990234375
0.04327392578125 -0.02740478515625 -0.162109375 0.0686492919921875
0.00908660888671875 -0.0422515869140625 -0.106781005859375 0.167068481445312
0.000402450561523437 -0.0267963409423828 -0.009063720703125 0.189437866210938
0.00680160522460937 -0.0233306884765625 0.0160064697265625 0.155120849609375
0.0078887939453125 -0.0219001770019531 0.0196762084960938 0.12713623046875
0.0105304718017578 -0.00616931915283203 0.000785827636718761 0.11883544921875
0.0097503662109375 0.0153093338012695 0.0060882568359375 0.119705200195312
-0.0120849609375 0.0383224487304687 -0.0163726806640625 0.146392822265625
-0.0561065673828125 0.00561904907226562 -0.0941314697265625 0.164474487304688
-0.07415771484375 -0.039947509765625 -0.122055053710938 0.211868286132812
-0.064361572265625 -0.0756301879882812 -0.142684936523438 0.230422973632813
-0.0171966552734375 -0.125534057617188 -0.13470458984375 0.141921997070312
-0.03814697265625 -0.0388107299804688 0.0158920288085937 0.0193519592285156
-0.0376091003417969 -0.012451171875 -0.0576705932617187 -0.107521057128906
-0.0167713165283203 -0.00359630584716797 -0.1668701171875 -0.053680419921875
-0.016118049621582 0.00113010406494141 -0.178955078125 0.0554962158203125
-0.0160255432128906 0.00931072235107422 -0.1158447265625 0.163848876953125
-0.00293159484863281 0.0328292846679688 -0.010833740234375 0.1859130859375
-0.00529861450195312 0.0421333312988281 0.0160369873046875 0.148056030273438
-0.00270843505859375 0.0410690307617188 0.0265655517578125 0.121856689453125
-0.0261039733886719 0.0364456176757813 0.0158157348632813 0.110061645507813
-0.0532798767089844 0.0280189514160156 0.0224609375 0.110580444335937
-0.0792160034179688 0.0034027099609375 0.00642395019531248 0.149642944335937
-0.0773544311523438 -0.0838088989257812 -0.0697174072265625 0.167633056640625
-0.04534912109375 -0.128623962402344 -0.101119995117188 0.209701538085937
0.000762939453125017 -0.169189453125 -0.129257202148438 0.21038818359375
0.04949951171875 -0.2027587890625 -0.133995056152344 0.0951461791992188
-0.00899505615234374 -0.133049011230469 0.0175466537475586 -0.00535583496093751
-0.081146240234375 -0.103080749511719 -0.0514602661132813 -0.129814147949219
-0.088165283203125 -0.0358123779296875 -0.165679931640625 -0.08148193359375
-0.086151123046875 0.0194625854492188 -0.186447143554688 0.02850341796875
-0.0495643615722656 0.0581169128417969 -0.118759155273437 0.139625549316406
-0.0108566284179687 0.0892410278320312 -0.0130157470703125 0.159957885742188
-0.016693115234375 0.102439880371094 0.0147781372070312 0.118453979492188
-0.00679016113281251 0.100181579589844 0.0331802368164062 0.092864990234375
-0.0487060546875 0.0810089111328125 0.03729248046875 0.0797576904296875
-0.101058959960938 0.0549163818359375 0.0478668212890625 0.087890625
-0.139732360839844 -0.00563812255859373 0.041412353515625 0.14208984375
-0.114990234375 -0.146209716796875 -0.0339508056640625 0.166732788085938
-0.0377044677734375 -0.19744873046875 -0.0755157470703125 0.193756103515625
0.049560546875 -0.242111206054688 -0.0974578857421875 0.166580200195313
0.118667602539063 -0.24542236328125 -0.106674194335937 0.0259933471679687
0.03912353515625 -0.208908081054688 0.0316696166992188 -0.0481452941894531
-0.10015869140625 -0.196624755859375 -0.0325775146484375 -0.155349731445313
-0.146438598632812 -0.0820465087890625 -0.146759033203125 -0.113906860351563
-0.151138305664062 0.0218658447265625 -0.175338745117188 -0.00993347167968752
-0.0851058959960938 0.09466552734375 -0.110023498535156 0.0973434448242187
-0.02239990234375 0.131515502929688 -0.0143966674804687 0.112281799316406
-0.0255889892578125 0.147842407226563 0.0121383666992188 0.0711288452148438
-0.0059661865234375 0.146530151367187 0.0351181030273438 0.0461502075195313
-0.0566329956054688 0.119224548339844 0.0556640625 0.0337791442871094
-0.127128601074219 0.0854873657226563 0.0724334716796875 0.0518722534179688
-0.179946899414063 0.00334167480468746 0.0751495361328125 0.119583129882813
-0.150192260742187 -0.17669677734375 0.000900268554687492 0.154281616210937
-0.0398712158203125 -0.237396240234375 -0.055999755859375 0.164230346679687
0.0829620361328125 -0.280349731445313 -0.0577239990234375 0.10308837890625
0.169387817382812 -0.242965698242187 -0.0535316467285156 -0.0546722412109375
0.0926971435546875 -0.24188232421875 0.0587387084960937 -0.0996170043945313
-0.0847015380859375 -0.261016845703125 -0.00131225585937501 -0.173233032226563
-0.171142578125 -0.126663208007812 -0.106613159179688 -0.140060424804687
-0.191848754882812 0.00939941406250001 -0.140899658203125 -0.05096435546875
-0.111991882324219 0.1124267578125 -0.0875701904296875 0.0424652099609375
-0.0319976806640625 0.151840209960938 -0.0129051208496094 0.0518646240234375
-0.029571533203125 0.170745849609375 0.00746917724609375 0.0143280029296875
-0.00253295898437501 0.1712646484375 0.0320053100585938 -0.0103721618652344
-0.0550155639648438 0.140312194824219 0.067169189453125 -0.0207633972167969
-0.13385009765625 0.106651306152344 0.0897216796875 0.0107955932617188
-0.19342041015625 0.013641357421875 0.0988235473632812 0.0871734619140625
-0.1630859375 -0.183380126953125 0.0272979736328125 0.132438659667969
-0.03546142578125 -0.245254516601563 -0.0470123291015625 0.124374389648437
0.105194091796875 -0.279129028320313 -0.0169429779052734 0.0305347442626953
0.187973022460937 -0.197235107421875 0.013336181640625 -0.130592346191406
0.129852294921875 -0.220611572265625 0.0925445556640625 -0.148147583007813
-0.0457305908203125 -0.269149780273438 0.035064697265625 -0.178604125976563
-0.154022216796875 -0.14727783203125 -0.056304931640625 -0.152786254882813
-0.192276000976562 -0.00715637207031249 -0.0918121337890625 -0.0825958251953125
-0.11822509765625 0.108612060546875 -0.0557289123535156 -0.0135879516601562
-0.0351715087890625 0.148086547851563 -0.0101890563964844 -0.0120983123779297
-0.029876708984375 0.168655395507813 0.00200271606445313 -0.0425987243652344
0.000289916992187482 0.171493530273437 0.0247306823730469 -0.0685310363769531
-0.050445556640625 0.142013549804687 0.0723953247070313 -0.07427978515625
-0.128082275390625 0.109260559082031 0.101020812988281 -0.0284271240234375
-0.1832275390625 0.01385498046875 0.113563537597656 0.0558013916015625
-0.147933959960938 -0.177810668945313 0.04248046875 0.110015869140625
-0.0132598876953125 -0.229476928710938 -0.0445709228515625 0.0811538696289062
0.121749877929688 -0.239700317382813 0.0237922668457031 -0.038421630859375
0.167999267578125 -0.11761474609375 0.0768280029296875 -0.188278198242188
0.132919311523438 -0.154876708984375 0.121856689453125 -0.184783935546875
-0.00401306152343751 -0.217376708984375 0.0657806396484375 -0.172073364257813
-0.10748291015625 -0.130584716796875 -0.0101776123046875 -0.1531982421875
-0.152862548828125 -0.01611328125 -0.0431442260742188 -0.100738525390625
-0.100196838378906 0.0885009765625 -0.0240592956542969 -0.0611152648925781
-0.0302047729492187 0.12139892578125 -0.009307861328125 -0.0687713623046875
-0.0243911743164063 0.140480041503906 -0.00476837158203125 -0.0923004150390625
0.000350952148437506 0.14794921875 0.016357421875 -0.120407104492187
-0.0429840087890625 0.122970581054688 0.0759201049804688 -0.120536804199219
-0.111091613769531 0.0937728881835937 0.113075256347656 -0.05950927734375
-0.1546630859375 0.00457763671874997 0.12249755859375 0.030670166015625
-0.110595703125 -0.161148071289062 0.0518722534179688 0.09197998046875
0.0175933837890625 -0.190536499023438 -0.0403633117675781 0.0423774719238281
0.128997802734375 -0.169158935546875 0.0650787353515625 -0.0929183959960938
0.116493225097656 -0.0186843872070313 0.120574951171875 -0.218673706054687
0.106025695800781 -0.0633926391601563 0.134918212890625 -0.2047119140625
0.0241622924804687 -0.124794006347656 0.0811614990234375 -0.161819458007813
-0.0497817993164063 -0.0844573974609375 0.01763916015625 -0.148345947265625
-0.0887298583984375 -0.015899658203125 -0.0113143920898438 -0.108222961425781
-0.0633926391601563 0.0556144714355469 -0.00505065917968751 -0.0932464599609375
-0.0189971923828125 0.0763168334960938 -0.0117416381835938 -0.10931396484375
-0.0150299072265625 0.09222412109375 -0.0110244750976562 -0.127769470214844
-0.000793457031250002 0.103240966796875 0.0100860595703125 -0.159469604492188
-0.0333709716796875 0.087921142578125 0.0823516845703125 -0.152603149414062
-0.0839996337890625 0.0644378662109375 0.127410888671875 -0.0784454345703125
-0.110221862792969 -0.00674438476562501 0.131172180175781 0.0170440673828125
-0.0626373291015625 -0.128509521484375 0.0590972900390625 0.083770751953125
0.04730224609375 -0.131027221679688 -0.0303668975830078 0.0143566131591797
0.119331359863281 -0.0757369995117188 0.108001708984375 -0.1246337890625
-0.0678367614746094 -0.0288734436035156 -0.113861083984375 0.156707763671875
-0.0422821044921875 0.051422119140625 0.0224800109863281 0.0221920013427734
0.0167999267578125 0.0582199096679688 -0.0547561645507812 -0.093505859375
0.0485458374023438 0.0115242004394531 -0.156692504882813 -0.036773681640625
0.0420646667480469 -0.0273971557617187 -0.161117553710938 0.0678863525390625
0.00848388671875 -0.0410385131835938 -0.106246948242188 0.165679931640625
0.00077629089355469 -0.025390625 -0.006805419921875 0.187057495117187
0.00709152221679687 -0.0221786499023438 0.0177764892578125 0.15234375
0.00735092163085938 -0.0204010009765625 0.0202255249023437 0.125587463378906
0.00939178466796875 -0.00484561920166016 0.00146484375 0.1192626953125
0.00899314880371094 0.0157880783081055 0.00697326660156249 0.119140625
-0.0112380981445312 0.0366287231445313 -0.0174713134765625 0.145187377929688
-0.055084228515625 0.00510406494140625 -0.0953216552734375 0.16082763671875
-0.0724411010742188 -0.0380477905273438 -0.121734619140625 0.207122802734375
-0.0615921020507813 -0.0741806030273437 -0.14337158203125 0.225723266601562
-0.0161209106445313 -0.123756408691406 -0.131919860839844 0.13824462890625
-0.0364418029785156 -0.0383491516113281 0.0172500610351562 0.017542839050293
-0.037567138671875 -0.0123023986816406 -0.055694580078125 -0.106903076171875
-0.0173368453979492 -0.00402450561523438 -0.164276123046875 -0.054107666015625
-0.0165500640869141 0.00106906890869141 -0.178359985351563 0.0545806884765625
-0.0160331726074219 0.00988101959228516 -0.114593505859375 0.161972045898438
-0.00299072265625 0.0339736938476563 -0.00842285156250002 0.183837890625
-0.00473403930664062 0.0430870056152344 0.018280029296875 0.145782470703125
-0.00258636474609375 0.041839599609375 0.0279464721679688 0.120384216308594
-0.0268592834472656 0.03704833984375 0.0163726806640625 0.109817504882813
-0.0539321899414063 0.0285453796386719 0.0222549438476563 0.1104736328125
-0.0785064697265625 0.00303649902343749 0.00593566894531248 0.147964477539063
-0.0766220092773438 -0.0836029052734375 -0.0704803466796875 0.164474487304688
-0.0435791015625 -0.126144409179688 -0.100830078125 0.205642700195313
0.0019683837890625 -0.16650390625 -0.129623413085938 0.206192016601562
0.049468994140625 -0.200439453125 -0.130226135253906 0.092620849609375
-0.00827789306640624 -0.131622314453125 0.0198631286621094 -0.00647926330566407
-0.0810317993164062 -0.101814270019531 -0.0487213134765625 -0.129257202148438
-0.0879592895507813 -0.0360565185546875 -0.162734985351563 -0.081390380859375
-0.0849990844726563 0.0200881958007813 -0.18536376953125 0.027862548828125
-0.0494232177734375 0.0579261779785156 -0.117385864257812 0.138153076171875
-0.0103988647460938 0.08880615234375 -0.011962890625 0.157363891601563
-0.014892578125 0.102493286132813 0.0166778564453125 0.116416931152344
-0.00630950927734376 0.100135803222656 0.0339584350585938 0.0917434692382813
-0.048828125 0.0805816650390625 0.037139892578125 0.0796051025390625
-0.100517272949219 0.0548934936523438 0.0475616455078125 0.087921142578125
-0.1383056640625 -0.00577545166015623 0.04180908203125 0.140701293945313
-0.114532470703125 -0.144821166992188 -0.035614013671875 0.16461181640625
-0.036529541015625 -0.1947021484375 -0.0755157470703125 0.191177368164063
0.0502471923828125 -0.238067626953125 -0.0973052978515625 0.163604736328125
0.11724853515625 -0.242431640625 -0.102653503417969 0.0240707397460937
0.0389404296875 -0.206558227539062 0.0341987609863281 -0.04864501953125
-0.100357055664062 -0.193374633789063 -0.0301513671875 -0.153701782226563
-0.145355224609375 -0.08160400390625 -0.14288330078125 -0.112884521484375
-0.149734497070312 0.0226898193359375 -0.174362182617188 -0.0105133056640625
-0.08447265625 0.0936508178710937 -0.109283447265625 0.09521484375
-0.0216751098632813 0.129676818847656 -0.0139541625976563 0.110237121582031
-0.0232391357421875 0.147567749023438 0.01324462890625 0.0703964233398438
-0.0043182373046875 0.1446533203125 0.0357246398925781 0.0457229614257813
-0.0563430786132813 0.117454528808594 0.0546379089355469 0.0335578918457031
-0.126274108886719 0.0852127075195312 0.0719985961914062 0.0528640747070313
-0.17852783203125 0.00341796874999997 0.0760040283203125 0.11834716796875
-0.149368286132813 -0.174072265625 -0.000595092773437507 0.153091430664063
-0.0391693115234375 -0.234481811523438 -0.0562286376953125 0.162429809570313
0.083038330078125 -0.276947021484375 -0.0582122802734375 0.101638793945313
0.167984008789063 -0.240371704101563 -0.0506515502929687 -0.0545806884765625
0.09161376953125 -0.239486694335938 0.0607528686523438 -0.0989151000976563
-0.0851287841796875 -0.256561279296875 0.00209045410156249 -0.171127319335938
-0.168731689453125 -0.125595092773438 -0.103607177734375 -0.138229370117187
-0.1895751953125 0.010406494140625 -0.139900207519531 -0.0510101318359375
-0.110511779785156 0.110382080078125 -0.0866928100585937 0.0412750244140625
-0.0317230224609375 0.150177001953125 -0.0133094787597656 0.0499839782714844
-0.0273895263671875 0.169235229492188 0.00812053680419922 0.0145463943481445
-0.000808715820312495 0.169113159179688 0.03204345703125 -0.0104007720947266
-0.0545806884765625 0.138313293457031 0.0659065246582031 -0.0205574035644531
-0.132469177246094 0.105949401855469 0.0891036987304687 0.0112838745117188
-0.190948486328125 0.0135040283203125 0.0998611450195312 0.0861740112304688
-0.162307739257813 -0.180130004882812 0.0255050659179687 0.132011413574219
-0.0349578857421875 -0.24298095703125 -0.0469131469726562 0.123085021972656
0.104751586914063 -0.27630615234375 -0.0171890258789062 0.0308094024658203
0.185928344726563 -0.195449829101563 0.016357421875 -0.12933349609375
0.1278076171875 -0.217514038085938 0.0943603515625 -0.146392822265625
-0.0462493896484375 -0.264678955078125 0.037994384765625 -0.175033569335938
-0.151611328125 -0.145050048828125 -0.0535888671875 -0.151336669921875
-0.189437866210938 -0.00616455078124998 -0.0908584594726563 -0.0822067260742187
-0.116539001464844 0.107200622558594 -0.0553550720214844 -0.0153999328613281
-0.0344085693359375 0.145538330078125 -0.0106906890869141 -0.0131311416625976
-0.02716064453125 0.166793823242188 0.0022430419921875 -0.0416183471679687
0.00144958496093751 0.16876220703125 0.0244941711425781 -0.0677833557128906
-0.0495758056640625 0.138877868652344 0.070831298828125 -0.0731582641601563
-0.125656127929688 0.108345031738281 0.10107421875 -0.0274505615234375
-0.180816650390625 0.0136260986328125 0.112892150878906 0.0545578002929688
-0.146621704101562 -0.17462158203125 0.0402984619140625 0.109649658203125
-0.0130767822265625 -0.225250244140625 -0.0438232421875 0.0817794799804687
0.120361328125 -0.236557006835938 0.0236015319824219 -0.0370407104492188
0.1656494140625 -0.116836547851563 0.0789794921875 -0.185745239257813
0.130889892578125 -0.15191650390625 0.122848510742188 -0.181076049804688
-0.00518798828125001 -0.213104248046875 0.0678863525390625 -0.168289184570313
-0.105796813964844 -0.129142761230469 -0.00787353515625 -0.151092529296875
-0.150436401367188 -0.0157928466796875 -0.0429916381835938 -0.100517272949219
-0.098358154296875 0.0870895385742188 -0.0246925354003906 -0.0621070861816406
-0.0299758911132813 0.119003295898438 -0.0105781555175781 -0.0697402954101562
-0.0220260620117187 0.138931274414062 -0.0048675537109375 -0.090606689453125
0.0017547607421875 0.14520263671875 0.015289306640625 -0.118080139160156
-0.0423965454101562 0.120414733886719 0.0745315551757813 -0.118560791015625
-0.108856201171875 0.0918502807617187 0.113121032714844 -0.0583114624023437
-0.151657104492188 0.00450134277343749 0.122695922851562 0.0301971435546875
-0.10980224609375 -0.157485961914063 0.0496597290039062 0.0921859741210937
0.0171661376953125 -0.187103271484375 -0.0406990051269531 0.043975830078125
0.127166748046875 -0.166702270507813 0.0646209716796875 -0.0907058715820313
0.114013671875 -0.0197372436523437 0.121658325195313 -0.214935302734375
0.1036376953125 -0.0620498657226563 0.135147094726563 -0.200698852539063
0.0227127075195313 -0.121711730957031 0.0823516845703125 -0.159011840820313
-0.0479660034179687 -0.0827178955078125 0.019439697265625 -0.146377563476563
-0.086517333984375 -0.0152587890625 -0.0111312866210938 -0.107872009277344
-0.0623207092285156 0.0551910400390625 -0.00598144531249999 -0.0937652587890625
-0.0184707641601563 0.0740737915039063 -0.01348876953125 -0.108940124511719
-0.0135955810546875 0.090362548828125 -0.0119705200195313 -0.125160217285156
0.000617980957031239 0.100601196289063 0.00868225097656251 -0.156463623046875
-0.0324172973632813 0.0857696533203125 0.080352783203125 -0.150344848632812
-0.0820083618164063 0.0638351440429687 0.127593994140625 -0.0773162841796875
-0.107894897460938 -0.00656890869140625 0.130912780761719 0.0174713134765625
-0.0619277954101563 -0.126220703125 0.05706787109375 0.0844192504882812
0.0455551147460937 -0.128875732421875 -0.0305595397949219 0.0163650512695313
0.1177978515625 -0.0748672485351563 0.107322692871094 -0.122314453125
-0.0678863525390625 -0.0282516479492188 -0.112442016601563 0.158035278320313
-0.0411872863769531 0.0518112182617187 0.0241222381591797 0.0212154388427734
0.0178260803222656 0.0575027465820313 -0.0556716918945312 -0.09503173828125
0.0485191345214844 0.0114021301269531 -0.15771484375 -0.036102294921875
0.0413169860839844 -0.0289268493652344 -0.162582397460938 0.070159912109375
0.00774765014648438 -0.0404281616210938 -0.104690551757812 0.169677734375
0.000236511230468752 -0.0244274139404297 -0.00212097167968751 0.188156127929688
0.00658607482910156 -0.0217399597167969 0.0223541259765625 0.152084350585938
0.00708389282226563 -0.0193595886230469 0.0227203369140625 0.126716613769531
0.00899887084960938 -0.00354671478271484 0.00445556640625 0.12225341796875
0.00813007354736328 0.0159482955932617 0.00870513916015625 0.121421813964844
-0.01104736328125 0.0357742309570313 -0.01641845703125 0.1468505859375
-0.056243896484375 0.00472259521484374 -0.0955963134765625 0.162094116210938
-0.071807861328125 -0.0366973876953125 -0.121078491210937 0.2071533203125
-0.06195068359375 -0.0735015869140625 -0.144866943359375 0.227340698242188
-0.0172882080078125 -0.124847412109375 -0.130447387695313 0.139823913574219
-0.0364532470703125 -0.0383872985839844 0.0191078186035156 0.0165233612060547
-0.038299560546875 -0.0122261047363281 -0.05645751953125 -0.108901977539063
-0.0187892913818359 -0.00443267822265625 -0.165603637695312 -0.05322265625
-0.0166807174682617 0.00115585327148438 -0.180252075195313 0.0577850341796875
-0.0168476104736328 0.0102930068969727 -0.114059448242188 0.166015625
-0.00211715698242188 0.0347976684570312 -0.00480651855468749 0.184661865234375
-0.00347518920898438 0.0439567565917969 0.0227203369140625 0.145721435546875
-0.00250625610351562 0.0435218811035156 0.0304031372070313 0.120559692382813
-0.0273818969726563 0.0388336181640625 0.0187454223632812 0.112281799316406
-0.0547332763671875 0.0294876098632813 0.0241470336914062 0.113044738769531
-0.0796279907226563 0.00300598144531248 0.00807189941406248 0.149093627929688
-0.0790557861328125 -0.083984375 -0.071136474609375 0.16619873046875
-0.0435256958007812 -0.125892639160156 -0.099151611328125 0.206283569335938
0.00175476074218751 -0.167800903320313 -0.130722045898438 0.207794189453125
0.0478363037109375 -0.202301025390625 -0.128570556640625 0.0932540893554687
-0.0094757080078125 -0.132591247558594 0.0218276977539063 -0.00868225097656251
-0.0837936401367188 -0.101043701171875 -0.0491485595703125 -0.130760192871094
-0.089996337890625 -0.035858154296875 -0.164306640625 -0.0805816650390625
-0.0853958129882813 0.0211105346679687 -0.188156127929688 0.0301361083984375
-0.0492362976074219 0.0587158203125 -0.117141723632813 0.141525268554687
-0.00959777832031251 0.08966064453125 -0.00871276855468752 0.157684326171875
-0.0122451782226562 0.104362487792969 0.020050048828125 0.116279602050781
-0.004608154296875 0.101692199707031 0.0369873046875 0.0915145874023438
-0.0491409301757812 0.0826034545898438 0.0386810302734375 0.0815200805664063
-0.101715087890625 0.0571823120117188 0.0497894287109375 0.0893173217773437
-0.140342712402344 -0.00450897216796875 0.044647216796875 0.141311645507813
-0.118392944335937 -0.144485473632813 -0.0360107421875 0.166824340820313
-0.038238525390625 -0.195709228515625 -0.0742034912109375 0.192413330078125
0.049072265625 -0.241119384765625 -0.0981292724609375 0.165145874023437
0.114990234375 -0.246353149414063 -0.100868225097656 0.0242080688476562
0.0366363525390625 -0.208740234375 0.0359420776367188 -0.0509223937988281
-0.104766845703125 -0.192947387695313 -0.02972412109375 -0.1544189453125
-0.147491455078125 -0.0809478759765625 -0.144317626953125 -0.112945556640625
-0.150970458984375 0.0250091552734375 -0.177261352539063 -0.00825500488281248
-0.084625244140625 0.095184326171875 -0.109481811523438 0.0976791381835938
-0.0199813842773438 0.131233215332031 -0.0122909545898438 0.110244750976563
-0.0194091796875 0.14990234375 0.0147476196289063 0.070159912109375
-0.00173950195312502 0.146072387695313 0.0376052856445313 0.0451164245605469
-0.05615234375 0.118888854980469 0.0559730529785156 0.0338859558105469
-0.126388549804687 0.088043212890625 0.0742568969726562 0.0534210205078125
-0.180435180664063 0.00508117675781252 0.0793914794921875 0.118423461914062
-0.154342651367188 -0.173095703125 -0.000518798828125006 0.155487060546875
-0.0416717529296875 -0.236053466796875 -0.055419921875 0.164321899414062
0.08062744140625 -0.2803955078125 -0.0587005615234375 0.102981567382812
0.166473388671875 -0.244949340820313 -0.0489692687988281 -0.05584716796875
0.08905029296875 -0.241912841796875 0.0626220703125 -0.101371765136719
-0.090789794921875 -0.256072998046875 0.00273132324218748 -0.172164916992188
-0.171432495117188 -0.124862670898438 -0.103897094726562 -0.138633728027344
-0.1912841796875 0.0131683349609375 -0.143218994140625 -0.049530029296875
-0.110618591308594 0.1121826171875 -0.0879287719726563 0.0412979125976563
-0.030181884765625 0.151687622070312 -0.0132064819335938 0.0493965148925781
-0.0230255126953125 0.172088623046875 0.00849819183349609 0.0141668319702149
0.00285339355468751 0.170074462890625 0.0329036712646484 -0.0114402770996094
-0.053802490234375 0.139739990234375 0.0651435852050781 -0.02093505859375
-0.131690979003906 0.108810424804687 0.0911331176757812 0.01080322265625
-0.19287109375 0.015594482421875 0.103424072265625 0.0853347778320313
-0.16741943359375 -0.178955078125 0.0258407592773437 0.134185791015625
-0.0378875732421875 -0.244430541992187 -0.0464935302734375 0.125869750976562
0.102432250976563 -0.28021240234375 -0.0173301696777344 0.0315685272216797
0.184738159179688 -0.199691772460938 0.0171127319335937 -0.130203247070313
0.125640869140625 -0.22021484375 0.0957794189453125 -0.148056030273438
-0.0511322021484375 -0.264373779296875 0.0395355224609375 -0.177200317382813
-0.153472900390625 -0.144561767578125 -0.053466796875 -0.151763916015625
-0.190582275390625 -0.00285339355468753 -0.0931396484375 -0.0823822021484375
-0.116378784179688 0.109992980957031 -0.0570526123046875 -0.0165367126464844
-0.033477783203125 0.147293090820313 -0.0125703811645508 -0.014103889465332
-0.02264404296875 0.168212890625 0.00110244750976562 -0.0421180725097656
0.00532531738281251 0.169082641601563 0.02349853515625 -0.0684013366699219
-0.04840087890625 0.140220642089844 0.0692977905273438 -0.0744705200195312
-0.124671936035156 0.110771179199219 0.103622436523437 -0.0282516479492187
-0.180938720703125 0.015594482421875 0.117034912109375 0.0538787841796875
-0.150680541992188 -0.172897338867187 0.040771484375 0.111503601074219
-0.0166015625 -0.226898193359375 -0.04412841796875 0.0842514038085937
0.118804931640625 -0.239959716796875 0.0233268737792969 -0.0368995666503906
0.164474487304688 -0.121063232421875 0.080169677734375 -0.187652587890625
0.128814697265625 -0.153427124023438 0.12359619140625 -0.183013916015625
-0.00930786132812502 -0.212844848632813 0.06854248046875 -0.170364379882813
-0.108039855957031 -0.129142761230469 -0.00782775878906251 -0.152069091796875
-0.151275634765625 -0.0130157470703125 -0.0446014404296875 -0.101913452148438
-0.0974349975585938 0.0889434814453125 -0.0268478393554688 -0.0641746520996094
-0.0288772583007812 0.120124816894531 -0.01336669921875 -0.0710220336914062
-0.0190963745117188 0.14007568359375 -0.00749969482421876 -0.0909881591796875
0.0045623779296875 0.1451416015625 0.0134735107421875 -0.119117736816406
-0.0413360595703125 0.121170043945313 0.0719451904296875 -0.120262145996094
-0.107940673828125 0.0939483642578125 0.114501953125 -0.06024169921875
-0.152389526367187 0.00581359863281249 0.1243896484375 0.0290908813476563
-0.113265991210937 -0.156417846679688 0.0501174926757812 0.0938873291015625
0.0142059326171875 -0.188339233398438 -0.0406074523925781 0.0467910766601562
0.125869750976563 -0.16937255859375 0.064697265625 -0.0909194946289063
0.114021301269531 -0.0217132568359375 0.122909545898438 -0.217636108398438
0.102531433105469 -0.06182861328125 0.135421752929687 -0.2020263671875
0.0203399658203125 -0.120979309082031 0.08294677734375 -0.160858154296875
-0.0496444702148438 -0.0822830200195313 0.019012451171875 -0.147918701171875
-0.0872421264648438 -0.0135955810546875 -0.012847900390625 -0.109756469726563
-0.0609703063964844 0.0563621520996094 -0.00862884521484376 -0.0962677001953125
-0.0175933837890625 0.0745773315429688 -0.0167312622070312 -0.110099792480469
-0.0118484497070313 0.0905838012695313 -0.0155029296875 -0.125190734863281
0.00281524658203124 0.100067138671875 0.005584716796875 -0.157470703125
-0.0314788818359375 0.0863876342773437 0.0781402587890625 -0.1519775390625
-0.0810470581054688 0.0643234252929687 0.128425598144531 -0.07965087890625
-0.107864379882813 -0.00580596923828123 0.132469177246094 0.0160675048828125
-0.0635757446289062 -0.124786376953125 0.05743408203125 0.0859909057617187
0.0434417724609375 -0.129859924316406 -0.0309238433837891 0.0194568634033203
0.117622375488281 -0.076171875 0.106468200683594 -0.122940063476563
0.0222220948393222 0.0494559915215903 -0.188521557579994 -0.0134829449844063
0.0641045294139445 -0.000984171097407903 -0.00946261981266339 0.0210515885574761
0.0452856014818859 -0.0411896827090543 0.0459147524831376 -0.10533586161231
-0.00958125647040263 -0.0473250412472111 -0.0530557769775666 -0.15014559446304
-0.03569174378155 -0.0181648932248147 -0.153492437763526 -0.105078831103874
-0.0218804044365628 0.00315990611499975 -0.194480485493918 -0.014507020478592
-0.0211385575654143 0.000197028313171447 -0.175628704385159 0.0676929660337615
-0.022438750204318 -0.00148938184208531 -0.133224307438379 0.0962006410787278
-0.0187731481112348 -0.00447894858856133 -0.108340138824658 0.0768091499646207
-0.00981256052321954 -0.0119972753192753 -0.104067349177165 0.0635863065123157
0.00727207335909897 -0.0227485150628456 -0.111594785734798 0.0667544392305497
0.0382724005751948 -0.019297639051331 -0.145717516623438 0.0503787018741282
0.0526565276690512 0.0250554148530067 -0.182943019058226 0.00311021792277239
0.0214562155839131 0.064064432973223 -0.228029806243038 -0.00440277264565118
-0.0212549661640273 0.0709064399027078 -0.253258182698341 0.0267885655514618
-0.0793066697572297 0.0606605434621897 -0.17457250224638 -0.0247898949175169
-0.0120201737854289 0.0534574731343847 0.00678072459980006 0.0263279563347443
0.0204689278994957 0.0483353032166127 0.0813179681558659 -0.117800809743134
0.0245264922109788 0.0225593453921334 -0.029335175732583 -0.181355701316281
0.0301020028961056 0.00349491827206008 -0.154596602702067 -0.13748011792362
0.0335266731956465 -0.0089216233825849 -0.200617408068461 -0.0323639717109919
0.0331906365841302 -0.0277606114919857 -0.178978390243499 0.0558487165991987
0.0316509691984469 -0.0364745816219097 -0.131912712764729 0.0902466739407578
0.0399712800411032 -0.0328962392576374 -0.103260985743751 0.0752436401197036
0.0463198027584825 -0.00950197698392543 -0.0879214300776936 0.0632545555051612
0.0597215936166 0.0147691843721916 -0.091126551754244 0.0699668926660815
0.0506951973656791 0.0591455759991759 -0.124240964671333 0.0718460198266459
0.00842952683253672 0.103303905171656 -0.164819957690497 0.0312148219083983
-0.0635878951234811 0.095626110045693 -0.216244503472382 0.0243162874802935
-0.126037696490099 0.0691159137392892 -0.236731350427391 0.0373408283971004
-0.176094120241154 0.0542461095499071 -0.128897585796227 -0.0338735110349222
-0.104901462151823 0.0938109023445809 0.0433681060421384 0.0328029843333419
-0.0266172560356911 0.140562490393595 0.131181639375621 -0.122156795405915
0.0471565091836757 0.108626659683411 0.0134961065955333 -0.207229869029276
0.096511078363331 0.041194931143643 -0.134961061370192 -0.171480354641151
0.090700652887089 -0.011322512308818 -0.184554186639153 -0.0535396539973615
0.0860717047335334 -0.0485459745328147 -0.1594513491287 0.0335903226501414
0.0811525525746353 -0.0664716649720085 -0.110680245419959 0.0700507953531908
0.0903479057291837 -0.0625179168896614 -0.0780496618972276 0.0636376042173924
0.0938957253232377 -0.0185401124086409 -0.0536871429510881 0.0580524931656859
0.109991173445016 0.0316735880457572 -0.0544978556093012 0.0756888800948464
0.0800017019183898 0.116315217668618 -0.0902019510652292 0.0969514161192308
-0.00592433268816405 0.172238246996495 -0.139554551490185 0.0618462338901976
-0.120799040477198 0.132838143905276 -0.18978344823338 0.0470251685060947
-0.207252646237542 0.0709231355821251 -0.189809417584421 0.0456598204697196
-0.249034521198588 0.030775401114138 -0.0540103647958613 -0.0359438564774246
-0.19641671011226 0.10800827115664 0.0954127325375029 0.0437558343556892
-0.0915489852593282 0.214697204868336 0.187621250221091 -0.110674359374072
0.0472022724726221 0.193732636370125 0.0716644654090748 -0.214548639092659
0.146032222424486 0.0898073372265624 -0.0915273208978588 -0.193029833217753
0.138990382543532 -0.00216341290336337 -0.144506833512045 -0.0736568327951636
0.12855861517084 -0.0573387097294403 -0.118726873236835 0.00724947980203326
0.119021299299491 -0.0865423525682856 -0.0723886735310777 0.0403277965581045
0.125505529197296 -0.0880092368268728 -0.0376112887990949 0.0413770816820959
0.126288736218438 -0.0329027859994128 -0.00763378279638231 0.0452916137050455
0.147645739808236 0.0309234785725893 -0.00901442349944099 0.0754158088699386
0.11089674158676 0.145635323653942 -0.0471828902758909 0.112812357613474
-0.00222555356961269 0.217167933830252 -0.10647997303029 0.084956712209435
-0.149873619978487 0.160887037188699 -0.15457517715994 0.0545206299396626
-0.254645068364182 0.0689803438286934 -0.121312767974134 0.0440635643918365
-0.279532125561133 -0.000682666883395248 0.039103797831979 -0.0289078411399776
-0.257731017045515 0.091695534032327 0.153748182804774 0.056665532226207
-0.155476689207617 0.24177812560459 0.233535028695296 -0.0786727541412007
0.0232221935921793 0.247506913255914 0.129326600767378 -0.191474432604792
0.164276586697204 0.132443862418098 -0.03059864967266 -0.190885075906588
0.165638713442715 0.0120686329391958 -0.084685707535768 -0.0846176507446524
0.151669357153625 -0.0552536002628371 -0.0620948500408156 -0.0192743856663658
0.137972006169279 -0.0945761204862591 -0.0237220321280726 0.00566888273279551
0.142072233704818 -0.100919392516888 0.0104062092085356 0.011760086062477
0.141010579716043 -0.0444143158985653 0.0418346010648286 0.0247480444978292
0.164787918893042 0.0228306300770886 0.0373811844184698 0.0681639829390518
0.126561280486462 0.151456375500989 -0.00446459738993739 0.116081498565846
0.00101865983879755 0.230447680319431 -0.0735753187031239 0.0943793235507328
-0.159463769592384 0.165361499892801 -0.117593275434621 0.0445957883741314
-0.266062282345 0.0555392703409441 -0.0445703743979259 0.0340491307687948
-0.258519346327135 -0.0296606183216188 0.132466250350172 -0.0153067404802903
-0.264642319038105 0.0528916286884 0.205667843360713 0.0679242598454799
-0.188130070659302 0.214986001367461 0.254276229212234 -0.0369851104656613
-0.0108990398483279 0.247533819902969 0.168917872032103 -0.144510499131468
0.147671671718075 0.148063744594497 0.0304929417185515 -0.162256092150036
0.161912309498398 0.0227781161185331 -0.0186664908860597 -0.0827139953968843
0.149043368494664 -0.046621787394393 -0.000471123943751873 -0.0412803068615145
0.136787218882677 -0.0880128986845176 0.0272543760228038 -0.0285744896512659
0.139158765860035 -0.0984220303244633 0.0594987964072096 -0.0207175529818958
0.13791791005171 -0.0461161627285332 0.0887436250193711 0.00328481764148538
0.160009324123987 0.0173238902980448 0.0793414114310714 0.0604093660066586
0.117382142247944 0.143522805461429 0.0291203365454488 0.114229331610437
-0.00747037923954131 0.216055762488379 -0.0481336527935667 0.0956415382556664
-0.158365180455041 0.141709247421951 -0.0839665986642867 0.0262269535230663
-0.245109680027705 0.0276216592014611 0.0294546521887651 0.021372696960661
-0.189788230111784 -0.046495581690638 0.207848085047151 -0.00280520947666655
-0.21443456601028 0.0111172271530563 0.239707396981448 0.0691213216065381
-0.172089502090507 0.149497651107418 0.246631668429896 -0.00140795835550096
-0.0337298374555034 0.195969760683488 0.181624559188907 -0.0925640007513146
0.107725780819548 0.129279591524562 0.076577334675589 -0.12170841303906
0.131368965698679 0.0258415546753534 0.0402071315330858 -0.073548940380998
0.122432989142433 -0.0327370260226842 0.05445056132553 -0.0576412338896383
0.11432344400618 -0.0695562628395685 0.0720002017159838 -0.059100021380907
0.117733738566376 -0.0799660907180495 0.103594682926514 -0.0492882031121529
0.119350145319448 -0.0366921551483097 0.129723661769532 -0.0131223405940627
0.135332963067289 0.018133634963939 0.114088880786237 0.0583775221237177
0.090526042133672 0.125165998425504 0.0527592492363047 0.114267040227967
-0.0246384188905708 0.179490041671268 -0.0325212548200241 0.0951276371496564
-0.147219088179085 0.0976910503117864 -0.0548947780347516 0.00836351223042654
-0.195437914936234 -0.00942928471401397 0.0946636024126383 0.0146121030771204
-0.0878875992509846 -0.0530654107719415 0.248605027319711 0.00172100295648602
-0.123819805320104 -0.0219004959616478 0.25257175555152 0.0547819811638034
-0.115281753129711 0.0707465306600394 0.221155838734374 0.0131742595743215
-0.0368713971130058 0.113211860991221 0.171967519410157 -0.057611392309011
0.056838788096003 0.083818732487235 0.100213083983167 -0.0859967008944308
0.0807126433557365 0.0206253255959775 0.0791727216123712 -0.0639392979234215
0.0763868895913258 -0.0165625802558525 0.0931036285562687 -0.0677305513078532
0.0745128236780682 -0.0405420032910105 0.104864716502476 -0.079443712321419
0.0802727151489996 -0.0497256650575252 0.139728267128669 -0.0693115385188601
0.0858886971291662 -0.0207724278102873 0.161206836546413 -0.0183171957189711
0.0946036705677044 0.0195011814048867 0.139362491927708 0.0676199706868672
0.0524638165796274 0.0954450966206355 0.0637545922694528 0.120869727145067
-0.0393072467508014 0.123349409657671 -0.0277609154738668 0.0987230030293065
-0.120547902323361 0.0424185365816152 -0.0322367749574935 -0.00106946465752193
-0.121081715385249 -0.0462473127073806 0.145107184819495 0.0189180990003797
0.024434045117584 0.0482546701481701 -0.187482583876373 -0.00438462745749674
0.0628043496158862 -0.00409654585176711 -0.00702484528978224 0.0225815673874392
0.0429488568708241 -0.0423726096185939 0.0426939204804415 -0.107943298638978
-0.0108725779719985 -0.0460099847321977 -0.0601699110036476 -0.148650966222977
-0.0361374155682295 -0.0151554411557015 -0.158536711587972 -0.0976574480621438
-0.020617304813901 0.00373356078894184 -0.196083731626596 -0.00435760178386076
-0.0205588704886522 0.000807149105596129 -0.169876957256839 0.0772381660868129
-0.0224756899977172 -0.00115690278073088 -0.125793850072675 0.104175539724953
-0.0175026230124781 -0.0046230428912504 -0.105007005052826 0.0831476234140361
-0.00910568901458893 -0.0119413370733528 -0.101213828809855 0.0705019631771309
0.00706310772123763 -0.022554786499805 -0.108316385239948 0.0728288362008856
0.0367299309847521 -0.0200890194591395 -0.142935344625867 0.0569658762012979
0.0539730661611451 0.0231499919143366 -0.182371204402992 0.0108033911224104
0.0236260443562317 0.0615684143187594 -0.225853836892324 0.00376781090898571
-0.0180084974153367 0.0713691707835764 -0.252768372006724 0.0366261435236702
-0.0762331647859543 0.0636444120113187 -0.173654627215932 -0.0164545743247945
-0.010400339847807 0.0542151303103193 0.0103421714635189 0.0263195237394095
0.0231054221706041 0.0478385814312655 0.0769872747429918 -0.121479783385202
0.026326279749068 0.0226325169569782 -0.0367893970256861 -0.180137527765833
0.0305520632207998 0.00287996199912851 -0.161649389227318 -0.130285439440804
0.0335696703652206 -0.0109509071298483 -0.20254986965555 -0.0214954538849031
0.0318765705291963 -0.0299934767336532 -0.174178869978157 0.0657925318485865
0.0296979763410999 -0.0389445888336199 -0.125132959735016 0.0977297319658388
0.0388149915440165 -0.0359353185306306 -0.0988807234646648 0.0819576563275535
0.0469634477247438 -0.0124469061939437 -0.0855096889596981 0.0690944445379435
0.0617161036769617 0.0119833095485653 -0.0879178983031624 0.0750810778271283
0.0537153324089032 0.0574573211736604 -0.120129645183652 0.0779859717576271
0.0141365733766854 0.103386175206246 -0.164182051351193 0.0368313952874331
-0.05975411953535 0.097522025555248 -0.212730931988196 0.0323622095203476
-0.123120084673409 0.0745722399032381 -0.236347972291102 0.0469447089688006
-0.17351497381948 0.0625963099025587 -0.127883390781114 -0.0270431259721665
-0.100714499022937 0.0987732436312956 0.0467359342764499 0.0314028314435803
-0.01894570518838 0.141771723093602 0.126332798992251 -0.127900279510823
0.0523773869010467 0.107647685504296 0.00444374996272758 -0.208345088391415
0.098376553098493 0.0365345781925228 -0.144018021683542 -0.16489262048908
0.0909435926591371 -0.0150881777333044 -0.187066797756287 -0.0447158711564822
0.0835651783587968 -0.0531569692108315 -0.156336754085628 0.0425194731620755
0.0770186302484909 -0.0717366441897678 -0.104875195719242 0.0770492284970081
0.0868714681492821 -0.0685567548097965 -0.0739912261302674 0.0682927122950208
0.0936478559255653 -0.0231629237113676 -0.0513930998192584 0.06221766249417
0.112613826334235 0.0254988756133435 -0.0517026380802159 0.0799684690921978
0.0858775468713355 0.112869175194278 -0.0844483236661346 0.10178306302045
0.00293404130614772 0.173081904339829 -0.137501070957566 0.0677303232356216
-0.115021305054479 0.138012063772522 -0.186470950318454 0.0549924357064643
-0.20433760870103 0.0802520485041869 -0.188339644068329 0.0532673001838131
-0.247698287329448 0.0434578388762675 -0.0540174505099202 -0.0328049776763492
-0.190503728920086 0.117511101232088 0.0989764588977484 0.0390391423557558
-0.0790056549029877 0.218910396927858 0.183350934575997 -0.11859653833373
0.056448688862075 0.191686431650481 0.0625950818820939 -0.216768241686373
0.15092459605763 0.08175098700411 -0.1017560273801 -0.188529557770031
0.139256545459227 -0.00892651205316684 -0.147876443700313 -0.0672767238631515
0.125664462873285 -0.0644294595712841 -0.117332263653358 0.0132694210654393
0.113546040559726 -0.0946505853290633 -0.0693165840657934 0.0446299024926913
0.119854739796781 -0.095068035557237 -0.0351910205866623 0.0439278870459461
0.124864414469369 -0.0395518215637072 -0.00572679650552588 0.0466917118469183
0.149873805211888 0.0224371292916703 -0.00557646024038492 0.0771704642122434
0.118797338256391 0.140168800745248 -0.0409165744042984 0.115350004661397
0.00924458678515686 0.217092455355148 -0.103940401120177 0.0892372062290569
-0.142788971134058 0.168279612858264 -0.151642530637548 0.0612910052997926
-0.252235150320355 0.0814771239854948 -0.120152850566502 0.050052166054398
-0.279497623728877 0.0135050106625176 0.0389002785847161 -0.0301273401802408
-0.252341937133801 0.10366442483691 0.157388474298301 0.0498542591323726
-0.141587250731435 0.24841570370646 0.230365662189571 -0.0882376730543357
0.0345768364404315 0.246946510748607 0.121642737520075 -0.196033136751939
0.171485546429424 0.123258279094887 -0.0408323675043457 -0.189373350522739
0.166535883069941 0.00407284084307735 -0.0881062703267501 -0.0811881081953489
0.148415490236451 -0.0634727032249995 -0.0625638481495348 -0.01667824558083
0.132244561667282 -0.103185971611903 -0.022395259215333 0.00702117305294427
0.135694132063086 -0.109624676729558 0.0113886867375409 0.0116623468506416
0.138281147618253 -0.0514303344303565 0.0425184058876649 0.0234629607467382
0.165907401856535 0.0136017088065468 0.040682342611746 0.0674313999054127
0.134184546609448 0.14518705449557 0.00249213074923825 0.116720232865007
0.0136966954629755 0.229683778671744 -0.0704837699946932 0.0981333057814946
-0.15067774785051 0.172691063603299 -0.116191473843496 0.0506089744302455
-0.26453317584913 0.06900046240694 -0.0434828036910153 0.0362632604094556
-0.26026522350104 -0.0160545458205216 0.132725945411008 -0.0201744566159794
-0.261413699489814 0.064946712665417 0.209503235964974 0.0591781917229969
-0.176111315782526 0.223170951046614 0.252800054730737 -0.0473375732949364
0.00033498836257393 0.248488352286176 0.163501552318594 -0.150897796028922
0.155661129117765 0.139903085506844 0.0221698602142529 -0.164492084091603
0.163757850107211 0.0153171806897697 -0.021804030478688 -0.0827622589724891
0.147044737498442 -0.0535127442036376 -0.00298410438800936 -0.0419492332377545
0.131014237200126 -0.0964100087844758 0.0254902650568662 -0.0305602067124132
0.132883165444822 -0.106241455850691 0.0583005074771368 -0.0242798746523897
0.135464830799287 -0.0532047399457906 0.0884477126204824 -0.000562452314800041
0.159939779454002 0.00957177835542756 0.0833214087663007 0.0578184060625097
0.125001416935341 0.13701755170718 0.0355589668179003 0.11319864349785
0.00400214979137882 0.215404743093321 -0.0457107707530811 0.0981689966574746
-0.15045011385731 0.148780334226334 -0.0841659418937862 0.0312479604948092
-0.243431518779776 0.0399390346477008 0.0305575995966124 0.0204185453314003
-0.191876374536577 -0.0362735926430044 0.20811105442293 -0.0112451400293062
-0.212203308941833 0.0207024659056179 0.242471717044741 0.058083595004767
-0.162788302908429 0.157328721508722 0.245863347669927 -0.0120060790527946
-0.0242510126673487 0.197880278864226 0.177767025028944 -0.0999746876405553
0.11415676724559 0.122498160632147 0.0697489983021704 -0.125439246130851
0.132132667852576 0.0188800182655119 0.0365585910792875 -0.0765734888747597
0.120459042676321 -0.0387634827056843 0.0512500855465915 -0.0621328407363516
0.109622242975326 -0.0760021195213212 0.0678810804845584 -0.0626600808615544
0.112422936399663 -0.0865803592929255 0.100372885740949 -0.0562161316249769
0.117145099005858 -0.0426318077411158 0.128260665436423 -0.0199459382376752
0.135164222531803 0.010939728908986 0.117763910702194 0.0539055485975773
0.0960338543502177 0.12103490390188 0.0587051489540894 0.112148814420107
-0.015083472728359 0.179813865653262 -0.0297116303728641 0.0973964143891948
-0.141612503093573 0.104609448121196 -0.0561822656226705 0.0127038031163189
-0.195914703641809 0.0005038511197793 0.095718608075246 0.0101503905772163
-0.0903588434875861 -0.0474299170584859 0.249461863530881 -0.00785392410922588
-0.123109034468294 -0.0165511644148992 0.254042967953819 0.0433548803568125
-0.109764668411443 0.0753821425869294 0.220801249850932 0.00364383236337779
-0.0311074492115017 0.114823535183446 0.169888123789668 -0.0648261439855905
0.0610541092238849 0.0800315638575623 0.0957610346610803 -0.0918380054783519
0.0807266733172431 0.0155077794728402 0.075994201580589 -0.0689020063474203
0.0749558131450275 -0.0201895954789564 0.0887654838708504 -0.0742834702146818
0.0720130623804644 -0.0447206252674098 0.0993619697712964 -0.0852418183750283
0.0763864320257701 -0.0535208878775331 0.134813890420083 -0.0768336468607397
0.0845898764636309 -0.0249322493332495 0.15953671461461 -0.0269452572815092
0.0944086136784029 0.0148012454158905 0.143350395199823 0.0612414805129337
0.0562473177496004 0.0928522510792634 0.0692582865580902 0.117330948375827
-0.0321467521940162 0.124400320459695 -0.024715722271925 0.100414928070939
-0.116577064506271 0.0480884027807303 -0.0338663348743335 0.00163164941790154
-0.122813172097526 -0.0400388428226378 0.146026005789051 0.0121735369303203
0.0254928517834913 0.0453950879220343 -0.183023778531057 0.00441681169450879
0.0599978345258223 -0.00636339281913353 -0.0043562950827415 0.0226623850497556
0.0395024095897914 -0.0433333972048947 0.0385934983112373 -0.107319100397688
-0.0127626772444259 -0.0434841372869054 -0.0641918912940394 -0.143698532652478
-0.035154107660884 -0.0116249442256185 -0.160332458622576 -0.0889084366570853
-0.0191244340618412 0.0039201893220541 -0.192880095961427 0.00560620959406892
-0.0202901077162851 0.0010748594576302 -0.16137692877793 0.0846748866105738
-0.0218254228866654 -0.000124722881863257 -0.115955212636861 0.107990045831867
-0.0170492521362301 -0.00434888198437846 -0.0986855629800947 0.087503316702463
-0.0088655266447404 -0.0116878983667672 -0.0964411933787697 0.0755628475034135
0.00657429304181973 -0.0224813764538607 -0.102763075090975 0.0767044716293805
0.0354572745314747 -0.0206644335858629 -0.137380531246683 0.0617085994984023
0.053479841634094 0.0197487130115381 -0.178995911579988 0.0160776209459907
0.0249988490347581 0.0586629612822822 -0.219679579181942 0.0111547391549425
-0.0146199847927148 0.0702018348252087 -0.247595945572105 0.0449602082826397
-0.0725563818624821 0.0664280689185357 -0.168313527994177 -0.00817359046245384
-0.0082939436225349 0.0538793001038243 0.0128209418020764 0.0257321330164631
0.0248636872700565 0.0456794250984401 0.0712423916105889 -0.122144450219473
0.0269987933408221 0.0217008703083548 -0.0431784082383518 -0.17551275070297
0.0303610752456216 0.00245077603574032 -0.164602973859025 -0.120368348451207
0.0334173429693523 -0.0121224737114153 -0.200075601666626 -0.0113470647901097
0.0297733936896928 -0.0318186517641121 -0.165960380061887 0.0734621492101693
0.0268102856375802 -0.0402998673671824 -0.115339199476784 0.10237181038043
0.036485023583399 -0.0381557553048183 -0.0924011651593597 0.0855394890067321
0.045915024432636 -0.0145080492875864 -0.0805190163864519 0.0735984681099114
0.0616251016387305 0.00883448818025632 -0.0827244164267299 0.0791202454269525
0.0555755843761678 0.0553968746047261 -0.113285514829271 0.0814103273313127
0.0182394438395671 0.101012204853944 -0.159708760020659 0.0419814984015455
-0.0557591607821428 0.0973155414835838 -0.206079261809267 0.0397682927098434
-0.117880394065169 0.0781791949929761 -0.229988059122672 0.0551255294709524
-0.167462904601798 0.0686125883537006 -0.124952621435474 -0.0203259186167134
-0.0946330066409946 0.100868366930646 0.0485896620456046 0.0286630742962521
-0.0111883602047567 0.139633795760266 0.119583039108056 -0.130225451223916
0.0561902888946796 0.103674220311042 -0.00318990215412866 -0.203498881743088
0.0984048316303789 0.0317359533607118 -0.149415167991548 -0.154743901211926
0.0890693461974707 -0.0190914009176192 -0.18559530754087 -0.0348892535579283
0.0792878565949326 -0.0563094072177069 -0.149530666927804 0.0494867820769209
0.0714458297361666 -0.0752103539082115 -0.0968738322070156 0.0806158756468621
0.0814643404704055 -0.0727932280203582 -0.068600470101695 0.071862450481307
0.0911975523066056 -0.0269633060801793 -0.0470849679469614 0.0646274166278878
0.111840395378419 0.0195295324292668 -0.046733810507995 0.0822667556599447
0.0900265248022729 0.107790337684522 -0.0772012117342607 0.103104144527684
0.0116379333795439 0.169434273427075 -0.132926731472748 0.0714967138133387
-0.107543967481466 0.140287959715322 -0.17936201616216 0.0610006227015235
-0.197395929003923 0.0880269341391932 -0.182516608739519 0.0602015163868875
-0.24053409713954 0.053986401664249 -0.0526931401288726 -0.0289242411574198
-0.181260127614482 0.123192504406349 0.10048235448681 0.033668848208192
-0.0662141352986739 0.217314477775768 0.175594804213776 -0.123247743617707
0.0643242297002228 0.186318972981651 0.0529888119626234 -0.21521316935854
0.151917899717129 0.0730357321639234 -0.109441482649599 -0.179617586909688
0.137010473265286 -0.0150268486149619 -0.147696546193214 -0.059404308126186
0.120055766974633 -0.0692375378531709 -0.113128802575516 0.0186034460316104
0.105380178056108 -0.0995134888690778 -0.0639850585797261 0.0474048393431393
0.111867708147566 -0.100621941474987 -0.031294981059353 0.0453269651166632
0.120907190659135 -0.0443949800542172 -0.00356339076605299 0.047124922200957
0.148210914984209 0.014602495305751 -0.0015975357433377 0.0780285163881413
0.123948245326485 0.132816109477195 -0.0334680653062917 0.114990899238333
0.0204835812188504 0.211896701314801 -0.0990816059656809 0.0920026625081615
-0.132450973387364 0.170866236505239 -0.145481130791434 0.0667745522138782
-0.243740301814093 0.0915137562442111 -0.11566127525942 0.053616124953817
-0.272704497866881 0.0271000361162141 0.0381228027307385 -0.0299603051121941
-0.24223309390054 0.111731214960709 0.157828443014481 0.0418624307630117
-0.125626610616299 0.2497823735015 0.222615660406212 -0.0952195149189769
0.0444925335699046 0.241818328139103 0.112347995950676 -0.196109239119436
0.174037392143594 0.111984109253883 -0.049531759393232 -0.183220434258315
0.163876694730053 -0.00426964720910858 -0.0903051170332054 -0.0759908144854854
0.142436779869888 -0.0692649126335749 -0.0618603643348713 -0.0142485233946888
0.123271565899915 -0.108789091588097 -0.0210816504780461 0.00812111633836578
0.126040223320216 -0.115406858078525 0.0121447602206293 0.010991482703382
0.133445544993507 -0.0564684530303952 0.0430442887184359 0.021334603910008
0.1626024384391 0.00524996239866871 0.0437197485522742 0.0660298775566576
0.1393336646356 0.136411081032313 0.00872118165391001 0.114182611501982
0.025509742218851 0.224293815195335 -0.0669667238011162 0.0992648774559984
-0.139682595839319 0.176207288206235 -0.11211158361784 0.05582735719394
-0.256058980144364 0.0802785192606712 -0.0411291398509818 0.037648470546317
-0.255525225013937 -0.00256455981237756 0.129849864146277 -0.0247375157254648
-0.252562188147872 0.0740420836958269 0.20748200996706 0.0484424084930712
-0.160606163816031 0.22580810854619 0.245107197886073 -0.0553605503041214
0.0115577445042988 0.244544190389227 0.155090347874029 -0.153357882002253
0.159286640080096 0.128316732161398 0.0131797996729644 -0.161296598432575
0.160949297383736 0.00672101271026444 -0.0248361604585554 -0.0814615144282779
0.141368211462782 -0.0597802569558183 -0.00480735892557537 -0.0425216606128542
0.122484563115095 -0.101860971448638 0.0232245933724678 -0.0315165720245254
0.123434806625772 -0.11173625198175 0.0557831676147112 -0.0263164295535219
0.130345209977288 -0.0572320358625823 0.0865388194853918 -0.00521580442688558
0.156224943488831 0.00109278773785778 0.0846453253623396 0.0540771041620465
0.128358497542353 0.129008725811343 0.0408722191861112 0.10949471009821
0.0147946324602299 0.210524317508568 -0.0423115302047058 0.0990762258345291
-0.140267779019894 0.152417160502638 -0.0818693625623195 0.0354958378659993
-0.237826041102153 0.0512199194101008 0.0306691392062584 0.0183229395960729
-0.190183014516622 -0.0252938321595399 0.203672760068668 -0.017490961924255
-0.20668227272094 0.0297733673281447 0.239677249066802 0.0479593008360155
-0.150947330264735 0.160606924926496 0.240683484033622 -0.0205316853127823
-0.0148295858193721 0.195210428359321 0.17154106613486 -0.104631916005959
0.11803370464206 0.113595825330331 0.0623739093069902 -0.126290117689007
0.129923753654839 0.0119933924388298 0.0329830852690926 -0.0782759523033552
0.116110391923323 -0.0437154663882165 0.0466448808035922 -0.0647278473199733
0.103174976017129 -0.0804204634069972 0.0627805377200044 -0.0654162100786914
0.104604460275494 -0.0908051844139887 0.0948006593117632 -0.0598210052372742
0.11237704497292 -0.0469867444545072 0.124244563521534 -0.0256641867877094
0.131731510715182 0.00425065765538695 0.118706199713087 0.0481598457390958
0.0996645871017169 0.114122730365221 0.0624224723739638 0.107234078183674
-0.00507420362252317 0.176368224672132 -0.0267189324064942 0.0975233929245667
-0.132347566171462 0.109227333744261 -0.0552975882239173 0.0161025592128286
-0.191808588169704 0.00974009203174198 0.0939306072742545 0.00584283943322598
-0.0900546425548291 -0.0408334544452545 0.244041253132206 -0.0168184239533858
-0.120383273282104 -0.0112671878208698 0.249083327037553 0.0331031604208183
-0.102861077628219 0.0780533761672945 0.217127920933306 -0.00430330271925574
-0.0258921439440708 0.11408103101577 0.164966019740833 -0.0696727814151804
0.0631352216294452 0.0745172034525621 0.0900843295059 -0.0941799016320514
0.0798568563362943 0.0108995425824336 0.0717862708577589 -0.0729441167179779
0.0719741920140339 -0.0235616900778138 0.0827221380154273 -0.0786770698205728
0.0672028004896058 -0.0474391811116559 0.0920349299445818 -0.0892659792029075
0.0707439313431621 -0.0555406124353048 0.12686107738346 -0.0826753939152241
0.0814223598034087 -0.0280548439220822 0.154505488163352 -0.034196063627464
0.0928204322030762 0.00962411786007907 0.143727262382312 0.0541960551556886
0.058561414723779 0.0884813767153803 0.0732663126697393 0.112728080069761
-0.0251083679214127 0.122551657006706 -0.0216708940191608 0.0999074488652013
-0.110809774910842 0.0523173624217132 -0.0340909771652396 0.00446133481837923
-0.122533932722606 -0.0329367897750242 0.143650289952672 0.00495266376320231
0.0385570157645714 0.0351540940301023 -0.16814517084523 0.0623961494805354
0.0526976024685859 -0.0257828925720644 0.00386605214130379 0.024851572395038
0.0208590486866318 -0.0534863374694775 0.0040440839377102 -0.109234968080404
-0.0265572851787137 -0.0352909895513532 -0.103145782102016 -0.113653536604864
-0.0367850102554497 0.00126860710776432 -0.175843574867027 -0.0317279394761018
-0.0183376417495374 0.00932762987081191 -0.174837649845683 0.0696116551430584
-0.0198193280857037 0.00808663876476199 -0.116178523523603 0.132280010414163
-0.0204947496224146 0.0075366002236174 -0.0666412548353448 0.136356335775751
-0.0174896638761494 0.000993301717097425 -0.0605915475839108 0.113299964348028
-0.0110501797212102 -0.00868994620202036 -0.063327208427896 0.101442528530058
-0.000825055739917099 -0.0231122560228465 -0.0684700642507948 0.104073160477661
0.026142800651675 -0.0295188226273895 -0.107271344839191 0.0995579403297411
0.0555058662043834 0.00216475974956413 -0.160740771142867 0.0689908946080976
0.0425453131332301 0.0449590915618379 -0.197855705504043 0.0744010119278624
0.00883626861631179 0.0686443198640452 -0.21106236522137 0.112921242872276
-0.0464507511791022 0.0884109517705828 -0.157268481641001 0.0427906646025477
0.0102015502633981 0.0531912372594742 0.019531433901243 0.0171803220385211
0.0378011415740971 0.0325572409666719 0.024808499724122 -0.135504752375952
0.0328839477606591 0.00997948639276643 -0.0977683673652601 -0.148354780346882
0.0281419963521591 -0.00798795049939374 -0.191771174861902 -0.0576043487907134
0.0245630493973446 -0.0222677735125094 -0.18693334000422 0.0581019115236017
0.0163553976441665 -0.0388562934287133 -0.125674912602363 0.125104237075807
0.0103903366974241 -0.0445281611348973 -0.067172450628961 0.132668375246684
0.0199954382224425 -0.0477592331604697 -0.055536500323488 0.110035214996878
0.0386820200276047 -0.0286608222894247 -0.0504690745737052 0.0952231832456725
0.0594884417126262 -0.0130400266891503 -0.0503951163697591 0.100094115383509
0.0688872151761674 0.0334793524803174 -0.0793382585706373 0.108669497621167
0.0495069402076702 0.0873229355810333 -0.133923000136842 0.0856527098942393
-0.0184345352360656 0.10699753996215 -0.174556537483758 0.0983145688424323
-0.0847958136132336 0.108144073386352 -0.190638992763231 0.119260555381499
-0.133789755234632 0.124086514914906 -0.118802081008564 0.0137593562755687
-0.0525657278416721 0.126337453102514 0.0539251627827747 0.00361754786863342
0.0377643952041045 0.130906010539849 0.0620685549316168 -0.162531631993516
0.0887279598666673 0.0748950051820733 -0.0741309789624147 -0.18723359177441
0.0990402635355089 -0.00396101835136715 -0.190194526221349 -0.091073545413157
0.0726181766592256 -0.046834494916043 -0.18214660991421 0.0329267782928972
0.0538892153397788 -0.0788614272248912 -0.120557114176191 0.0993727372127454
0.0388976414907508 -0.0912655255600563 -0.05785093872632 0.107567344029728
0.0491971218641841 -0.0935836513840181 -0.0374337522628597 0.0898025187593416
0.0754244724233 -0.0544458314119445 -0.0232782650440446 0.0773040948309642
0.108332733429023 -0.0191861879940673 -0.0171124671877541 0.0925206818075231
0.11805213083827 0.0701479738836958 -0.0402347678415081 0.116537855399642
0.0653247653231949 0.151444351109907 -0.0995767486165604 0.104073499027402
-0.0522746600333191 0.163648905146434 -0.142730057509251 0.110923422546737
-0.15504063554867 0.142544400200718 -0.14334537952651 0.111849604951893
-0.208122564958764 0.134881652839908 -0.0522734022223641 -0.018351431838536
-0.124959383358734 0.176987448466879 0.104458274609941 -0.0123224244936739
0.0146676881208971 0.220687977938586 0.112679976893492 -0.178232045598439
0.125207422585947 0.147304262989699 -0.0289195995162206 -0.216346173561592
0.162031664579747 0.0142507873420964 -0.164641302704508 -0.125085342483832
0.118006978000354 -0.0593806756827868 -0.156445964389715 -0.00064428805793019
0.0878651994996567 -0.104455330164281 -0.0996498412247722 0.0587067810781915
0.0623758094288437 -0.124327321945404 -0.0395695024883021 0.0674903939339108
0.0681424169070535 -0.128921156848035 -0.0123157062052703 0.0540329419067442
0.0966806048964699 -0.0797682877449228 0.0110200606359132 0.0472507972324402
0.139377109592201 -0.0355857819853221 0.0217144076725247 0.0750621547204879
0.157572229424622 0.0821915857286497 0.00273917126044267 0.113068155137527
0.0874560313843805 0.187592539962822 -0.0617741746173295 0.112250753317804
-0.0647381669505937 0.200078847965864 -0.108780748978423 0.10644516609613
-0.198289573031405 0.161018683097105 -0.0827322884323192 0.08806555653919
-0.24618527969044 0.120539776684046 0.0325899158661885 -0.0489593168193633
-0.1850067497035 0.187102195978733 0.161754749289051 -0.0253984256700372
-0.028200099110951 0.270503251415952 0.164534790276206 -0.170803034047121
0.126827753882238 0.203542304720332 0.0288017746892882 -0.219559000221055
0.195135445662542 0.0421651608678544 -0.111841957342064 -0.146270745629292
0.14677764429 -0.0577590396200361 -0.109916194294736 -0.03483531170878
0.108956129866489 -0.11211759464807 -0.0648718020309935 0.0116713649299816
0.0751205722432413 -0.138395075136207 -0.0148442561773871 0.0180665956810628
0.0753502634283959 -0.146680537338161 0.0157289426034303 0.00786580898438896
0.103489988913133 -0.0946110668780165 0.0444595590829567 0.00909839900408691
0.149536469156404 -0.0493406756401694 0.0591380460653768 0.0497940823827786
0.172499374245907 0.0799232401632897 0.0408910377155612 0.100364974141272
0.0959945526926162 0.196754398932451 -0.0292623024708779 0.109143020819436
-0.070005080929312 0.207144887671161 -0.0812760169859418 0.0865502377915215
-0.213030579724217 0.155566370088336 -0.0197110955190221 0.0512387646649935
-0.239643643748536 0.0851658623666134 0.120159775498019 -0.0715771780708067
-0.206823926642869 0.155110079433781 0.212055048082413 -0.0331762620074587
-0.0678936948344583 0.260419741828883 0.200178812304346 -0.142333968730041
0.0979201128776908 0.218220854999251 0.0823644239579884 -0.19507523984864
0.188406644365561 0.0616318250960244 -0.0475929567461593 -0.147465058954981
0.148550484259781 -0.0475101367805233 -0.0515351276458364 -0.062034714082429
0.111503856499507 -0.103317963697523 -0.0229622032187441 -0.034221988569096
0.0774373141483688 -0.132169880775354 0.011245228814065 -0.0330354277453545
0.0746029038911691 -0.142116244664068 0.0427975498357268 -0.0408947414431383
0.100035262770453 -0.0945997014837366 0.075921390088398 -0.0295051835593737
0.141927460194791 -0.0498969042635503 0.0923004946181634 0.0245523545978185
0.160206034734234 0.0771495336041999 0.0688345439325851 0.0855120410737573
0.0820175202786625 0.187756482244004 -0.00757675361249658 0.101325260500325
-0.0779883885470531 0.185849988114167 -0.0606323206155837 0.0595190781242586
-0.2056924809872 0.122512761998849 0.0394866768465708 0.0123842670013986
-0.185116954866432 0.040969366054706 0.189618635144247 -0.0862004877985299
-0.179944922155971 0.0974209681939986 0.24190458493775 -0.0410526279898942
-0.0818441722153781 0.19677495693944 0.210775394816597 -0.106928741210565
0.056455451625994 0.182885773908294 0.117007986537332 -0.155810881286454
0.144998244180814 0.0623427118415982 0.0110020527746453 -0.132791908067222
0.122413526643197 -0.0331208176050481 0.00243835678361366 -0.0790684234727781
0.0935708217350035 -0.0802544235378316 0.0164956484798276 -0.0730780680964606
0.0671641139337286 -0.105870674447859 0.0344175249576055 -0.0780910180824534
0.0643944112968831 -0.116205312377974 0.0669800418735807 -0.0845917970576488
0.086971391367016 -0.0795931582365121 0.103829789420514 -0.0610622700890393
0.120921825754738 -0.0385535110736988 0.122086919071933 0.00793788581228962
0.128184145617269 0.0727876372111419 0.0887619712909039 0.0772227296448365
0.0519396709807513 0.161778700674536 0.00652961597749621 0.095919471378947
-0.0852283454810526 0.142724993247782 -0.0432131998366619 0.0343787195664398
-0.175791673061527 0.0699873180510576 0.091456939899436 -0.0186676573932915
-0.0974362299929993 -0.00803861189719301 0.224833330604878 -0.094180688197173
-0.114144389797721 0.0291081961668203 0.243989416346835 -0.0517767235835848
-0.0657380220211617 0.104866093499796 0.196909488145443 -0.0800475939390063
0.0180604123077081 0.111408301924128 0.126055625182469 -0.120489030513102
0.0830005496124206 0.0448739000597865 0.0490285201855573 -0.114447035833541
0.0759297364882162 -0.0172317099226292 0.0402887241636414 -0.0890565339958135
0.0595867697308715 -0.0464538766802179 0.0453160411468991 -0.0997154805814183
0.0460457691819006 -0.0651675092395186 0.0522617132647372 -0.109799467822971
0.0457435798272967 -0.0739574301755976 0.0871957962243716 -0.115369184135592
0.0651454934549457 -0.0524462569294891 0.128670520875929 -0.0794692952594071
0.087030482422559 -0.0205799201249235 0.147044001078751 0.00366665275250565
0.0818178140897617 0.0625266571777598 0.0999804801810506 0.0796823657503289
0.0165749522383664 0.119098065787509 0.0124568062837499 0.0979179314609049
-0.0833509838372884 0.0834136427080236 -0.0284435921472259 0.0170726485221453
-0.12404181481358 0.00819941879850459 0.133438232578801 -0.035221270526463
0.0379147811121883 0.0335582785790806 -0.162719412309358 0.0636995517312903
0.0503224861084496 -0.0252556229230148 0.00599176880447771 0.0241842690566709
0.0189313030151742 -0.0519347115977918 0.00357556217455561 -0.108401867599817
-0.0264444325684409 -0.0334944990604816 -0.10283636336425 -0.110666730235902
-0.0343525299264357 0.00224841769370132 -0.174409370492737 -0.0282486526819581
-0.0177884102009278 0.00940680548590933 -0.170975727697949 0.072602890008227
-0.0192689007223145 0.00792674797208339 -0.11007109116464 0.131597489895765
-0.0201371111870492 0.00788465254519677 -0.0602866388556222 0.134308487915236
-0.0170348668775376 0.000486462147030815 -0.0560839330652597 0.113841261170815
-0.010514168273769 -0.00855530701714375 -0.0595484049256589 0.102463708355723
-0.000482951980490155 -0.0228397584547957 -0.0648910858347395 0.103694128762924
0.025414357651509 -0.0283465054213692 -0.103530233570058 0.0991671765774286
0.0539415816356137 0.0014118898491044 -0.157418811021597 0.0692448611404521
0.0414028358815249 0.0440146286927571 -0.192778275652304 0.073492634261712
0.00972466003806305 0.0665063220118161 -0.20756702146337 0.1129516211396
-0.0447781401218184 0.087567737066848 -0.152317523498749 0.0441937931421443
0.0103261490916864 0.0529969113996323 0.0210456160330382 0.0165865171377814
0.0379311891343267 0.0317055529097171 0.0234667700287863 -0.134324896454775
0.0330356710207016 0.010322558393624 -0.09769056251152 -0.145158094462528
0.0281973214164356 -0.00827759902221668 -0.189949842513154 -0.052013536546096
0.0237430608155295 -0.0227905669260671 -0.182793077103889 0.0614301100866654
0.0147427551591209 -0.0389086477355293 -0.119710599571651 0.124334972109611
0.008379887837174 -0.0440308007364155 -0.0610615304837699 0.130086251133582
0.0180842318669234 -0.0478927173851828 -0.0509566851516768 0.110315217960877
0.0376992590841208 -0.0290525973412593 -0.046927863526762 0.0962251106201412
0.0583741595729294 -0.0140987842301405 -0.0472172763873402 0.100434671105248
0.0691296345112993 0.0320915781676279 -0.0758144176809718 0.107872955688249
0.0499742844641084 0.085106292303614 -0.131132417154166 0.0856079160132034
-0.0178796319695958 0.106336241310015 -0.169816797890207 0.0969035486323783
-0.0815472039903079 0.107484599045771 -0.185695313000575 0.11955997496531
-0.129497477516846 0.124621719497363 -0.11378950334348 0.015643534491744
-0.050195041619712 0.125786297335089 0.0545004714411322 0.00203047938336265
0.0394018716006232 0.127524732703796 0.0595982349846935 -0.160892452421087
0.0891756537605385 0.0728100590379046 -0.0749586457570887 -0.183472597266091
0.0976528814714718 -0.00583079412645051 -0.188898855411984 -0.0852412989635842
0.0706120877452169 -0.0475974727714403 -0.1781466726032 0.0362958479668187
0.051168004032776 -0.0783954391972862 -0.114997394649058 0.0993625840745628
0.0350997088967483 -0.090943414491686 -0.0523017203262297 0.106592422941447
0.0449852995794201 -0.0934748982129914 -0.0336628002509876 0.0895595631321756
0.073564730602864 -0.0550181279971837 -0.0203038392923371 0.0775578129479576
0.10586426663888 -0.022049630883037 -0.0146752593200169 0.0926241997489979
0.118044743141966 0.066581960993614 -0.0367118865623229 0.114598958121552
0.0675084515931178 0.147728294512381 -0.0972570243296373 0.103721755766639
-0.0497163704262136 0.162322498209568 -0.137518866146232 0.110195878867647
-0.150631794236068 0.142974039406744 -0.139674028223016 0.112393862097429
-0.20164006153791 0.13646245691784 -0.0494538311828496 -0.0167476811352393
-0.120395535197396 0.175784180914724 0.103320655331513 -0.0140647485067684
0.0186346183842281 0.215150870462379 0.108870938355571 -0.176095001411681
0.126355884501663 0.143300842768266 -0.0307097907776211 -0.212161506560397
0.159068783962309 0.011049368667631 -0.163621386866375 -0.11871234490736
0.115200599884587 -0.0608601863742582 -0.153562395981423 0.00291210140434188
0.0840150616105947 -0.104134264444545 -0.0953899720106877 0.059140102130527
0.0568375838511476 -0.124502510661445 -0.0357355186011427 0.0664747497102
0.0616637605215215 -0.128777008443014 -0.00966971879476953 0.05378894041212
0.0939767979196414 -0.0802572835868193 0.0121688006323229 0.0466999819821804
0.13549100936357 -0.0382737689500864 0.024246471246311 0.0744736806062654
0.156770907693602 0.0773109719314758 0.005505510315222 0.111346392362883
0.0903226145075018 0.182903309394061 -0.0601159561763165 0.111864432860487
-0.0607584189008652 0.198033059515642 -0.105017206661883 0.106136301905095
-0.192276025897738 0.162584680193647 -0.0804173386834911 0.0873056210636242
-0.24012937079496 0.123729125374168 0.0334339657030047 -0.0475304453632894
-0.178832932553661 0.186427988651113 0.159328434611916 -0.0265023519817613
-0.0217700371996929 0.264480804735971 0.159703238511552 -0.170063988976783
0.128912802722726 0.19923198113528 0.026570482567843 -0.21640675519323
0.192879509785224 0.0367668298192391 -0.112549199864864 -0.141637751701328
0.143120209528034 -0.0604154884891144 -0.108337746236557 -0.0324539541603602
0.104815058607648 -0.112842298371026 -0.0631258091708231 0.0123200872190829
0.0694007592608116 -0.138461556003835 -0.0135750714097562 0.0177880491286989
0.0687398232196752 -0.145581431231792 0.0162516538407543 0.00747783784764301
0.100202750377751 -0.095331464027105 0.0444382731389118 0.00794169490989439
0.144858176547023 -0.0511447452472435 0.060821776618123 0.0485159503480513
0.170629473139199 0.075462065755667 0.042673683472066 0.0980334876652237
0.0994081137881681 0.191217218925581 -0.0289613279617644 0.108749339328171
-0.0644415778128581 0.205124243446632 -0.0782838542910905 0.0869456526100137
-0.207215005646872 0.156940474530651 -0.0185612963397309 0.0505430283935481
-0.233302343964363 0.0899808231248627 0.118813075426427 -0.0709225317416223
-0.201139934400957 0.154941716660567 0.207399833080957 -0.0348445996445602
-0.0614278563536582 0.255442334793821 0.195252134200088 -0.142216476064913
0.101081362820209 0.213099457870576 0.0798830236516256 -0.193586750729247
0.185328187731934 0.0558226489025672 -0.049255596385643 -0.143974838642407
0.144814204279667 -0.0501822355017754 -0.0519381063982002 -0.0601140520365072
0.106594891210193 -0.104066082711236 -0.0238058312551663 -0.0334147818697241
0.071298735638209 -0.13226866279172 0.01042454871599 -0.0325851712175981
0.0677323822847113 -0.141434833334537 0.0404194237659353 -0.0407245842126711
0.0966876251998871 -0.0952498891685671 0.0740415003556777 -0.0306068621059478
0.137404226473284 -0.0519683805183856 0.0928262218064923 0.0230456637839133
0.158976122597142 0.0726478785642681 0.0696595951707787 0.0830338049515489
0.0849504291709266 0.181433118861635 -0.00627133613198572 0.10098141416569
-0.0726329532860266 0.183550659547285 -0.0579296996090531 0.0602469466040477
-0.199338297935658 0.125184438076561 0.0388849651994227 0.011071263626836
-0.180470069586598 0.0443977722775326 0.186780876380924 -0.0864359956744781
-0.175787182086234 0.0977014806046047 0.237183847509093 -0.0415325041229454
-0.0757768205034133 0.193788434845742 0.20490452988965 -0.107428955202909
0.0593867602181987 0.179103711813094 0.11460918325057 -0.155585342291444
0.143446264591359 0.0569108123067179 0.0082635971713664 -0.130131780547449
0.118920671673625 -0.0355145572044845 0.00134241088651607 -0.0785861887270724
0.0904371251311187 -0.0809209382153943 0.0138684882294597 -0.0728214038064676
0.0619536092827958 -0.106556860958893 0.0313787694270613 -0.0766540239857394
0.0590721429711795 -0.115535498653123 0.0628471708282742 -0.083615309540831
0.0837724377539786 -0.0796681249301702 0.099820291907351 -0.0622174308409319
0.116734248544483 -0.0405749379427885 0.120584999881817 0.00563671429509854
0.127378697190414 0.0693663311563099 0.0886540899908165 0.0746361016006333
0.0549782032895944 0.15693385497599 0.007245244303153 0.0956913283439921
-0.0803002985532737 0.140551127946575 -0.0420978847678126 0.0358178870620335
-0.171282825453157 0.0732104941500414 0.089241440211635 -0.0196363121836321
-0.0947979756241783 -0.0050414247613071 0.221404407980043 -0.094533054666077
-0.111570430314168 0.029697748367587 0.239707889157849 -0.0532880431990418
-0.0624505966845842 0.103315445461874 0.192675089140709 -0.0800216193599064
0.0199026054100199 0.108914826205487 0.123244759273795 -0.121138516735517
0.0816206375276243 0.0424736883397558 0.0473227223977763 -0.113732238156232
0.073093760389692 -0.0189025352512808 0.0378035252182831 -0.0888410244917453
0.0570467813456198 -0.0468664243992095 0.0408520558000592 -0.0988655490111664
0.0430190356262983 -0.0645887074097003 0.046934951550398 -0.108920459485134
0.0422725094173774 -0.0727784657508545 0.081987549376176 -0.11469984052037
0.0621898136630744 -0.0529841946542766 0.123749142826667 -0.0811316656227077
0.0842175222891722 -0.0223193235296107 0.14493839685279 0.000346697168820862
0.0816929058941347 0.0594751092575305 0.0990909792823043 0.0771640819577502
0.0191226114713458 0.115269429536555 0.0129426489392801 0.096945245189184
-0.0798321492384861 0.0828536116531624 -0.0276379177976888 0.0183603314495929
-0.121539186633638 0.0113928815635136 0.130602629812014 -0.0374581969362907
0.0377174792721223 0.0323457623386145 -0.160834155447748 0.0658845030793234
0.0495848281391592 -0.0256839458903964 0.00793200651922066 0.0234828698389544
0.0169968079679337 -0.0508645559389209 0.00306638850533415 -0.108855778279843
-0.0265683081171957 -0.0330979057938726 -0.105040029430295 -0.10884739538666
-0.0327982815563275 0.00331631860974182 -0.175277775347082 -0.0241025740209622
-0.0173845962536242 0.00936412685848664 -0.168874843577797 0.0770906240045598
-0.0192284414023468 0.00824156421330801 -0.105337567715771 0.132767680528997
-0.0193838706255725 0.00861102375597485 -0.0558431297590234 0.133911639501749
-0.0174349624191939 0.000464107072990075 -0.0522993361786481 0.11600809587042
-0.0104095424129237 -0.00948545162122529 -0.0560628424995585 0.105199390503633
-0.000782742789712377 -0.022950719959133 -0.0627314118266325 0.105491636645488
0.0250648193134389 -0.0282999408021762 -0.10094789119327 0.100502477072001
0.0537874155542922 0.000323404863809948 -0.156722428937091 0.0704364057104721
0.0413454412165413 0.0433709878984574 -0.191377239804277 0.0745754440244748
0.0109808509640154 0.065566697589987 -0.206834869859397 0.115711282535589
-0.043511874945711 0.0881199014823569 -0.149905379247227 0.0458124514211277
0.0106450304800128 0.0529064330993691 0.0224986037673475 0.0159174057853632
0.0376203986102153 0.0316953603359937 0.022450289092132 -0.135138079193759
0.0333825890667221 0.0101450466503887 -0.099535723944111 -0.143569665810569
0.0288326796854712 -0.00852728967468133 -0.190577251547738 -0.0478526856130244
0.0232264443299583 -0.0235731046717432 -0.180924325669953 0.0655022295970562
0.0139027611071813 -0.0393787971407428 -0.114723165242864 0.126760876839542
0.00663280607570186 -0.0447420866210075 -0.0561546947096103 0.130202329550708
0.0157850071884574 -0.0483459454708779 -0.0467671861682585 0.112507965129346
0.0374500710748211 -0.0308316392647963 -0.0439008700605658 0.0981803657284659
0.0583560608679712 -0.0155523881436139 -0.0444034894575413 0.101966336184719
0.0702090149375318 0.0315025329442163 -0.0735706518063047 0.108979506937466
0.0519035033612435 0.0836652858045777 -0.130459040365146 0.0872655775218633
-0.016295605598413 0.106699046208474 -0.167688895150476 0.0978455570518273
-0.079504585268631 0.108280999105749 -0.184517878778387 0.122310788880225
-0.127547445767744 0.127183026077681 -0.111746577204546 0.0172267918980494
-0.0481420942669141 0.126782363530451 0.0552988016690374 0.0011630136865371
0.0415156180507606 0.126469198064767 0.0579713994183488 -0.161544356024981
0.091148812506394 0.0721455781429903 -0.0767005622460197 -0.182373462501977
0.0979091631222988 -0.00807758807677506 -0.190546291742276 -0.081238247531952
0.0696206661230162 -0.0496978161509354 -0.177276391890035 0.040559442874258
0.0490489137392651 -0.0801416524688598 -0.111046881333906 0.101360722899588
0.0320156203026054 -0.0919476060634643 -0.0472527751673098 0.106224839673863
0.0412341322209722 -0.0950031069150346 -0.0303987575674855 0.0908235572119405
0.0727267328603588 -0.0572801748489967 -0.0177613307124234 0.0790494663447725
0.105404817084264 -0.0247339831431314 -0.0116014696005273 0.0931515742529781
0.120165723508216 0.0647109394154794 -0.0342341994548618 0.115125483557025
0.0713194887921302 0.14651769674658 -0.0966008848272051 0.105528926289942
-0.0471624568883572 0.163459883944595 -0.134846017168287 0.110943034468873
-0.147749529327277 0.146370735666974 -0.137717806247701 0.114174152458058
-0.198270322808107 0.14091031484768 -0.0471735489027997 -0.0157427727569603
-0.117574766366889 0.178260677961271 0.104364286003869 -0.0152421136345046
0.0235120339567895 0.214181212786446 0.106762893116625 -0.178406384315038
0.129530095132106 0.141439171287375 -0.0329751872921013 -0.2117352732842
0.159656084222285 0.00652046154566656 -0.165914169778331 -0.114331695258007
0.113947631564284 -0.0637773546363766 -0.153215540836194 0.00549365389678329
0.0814577270940543 -0.106799302304575 -0.0930206675322106 0.0604357710434642
0.0519988194715965 -0.125575801214143 -0.032240302436914 0.0667829316233971
0.0563271407254956 -0.129745406432467 -0.00701843521648335 0.0542022415215563
0.0922796002851361 -0.0826885939316026 0.0141091075108048 0.0471024026277701
0.133806231912734 -0.0418959677615069 0.0273313349766868 0.0746866346106498
0.159389469957226 0.0744904277549235 0.00783510951727264 0.111172330098942
0.095198610027248 0.180411571288811 -0.0592157094255166 0.113239664310536
-0.0577117787157561 0.199467580472178 -0.102084636524376 0.107627485926799
-0.188861467048228 0.167286574676151 -0.0787858955680092 0.0886821602541214
-0.235766150785054 0.128095465426647 0.0344554907041415 -0.0477979818511124
-0.175397842443341 0.189561174702288 0.158988939029146 -0.0290501627859061
-0.0159490408073354 0.263476110970143 0.15689751282987 -0.172081738577772
0.133959040695515 0.196749031578295 0.0244789088674718 -0.216969649023404
0.193201856420413 0.0315879108545231 -0.115900268348405 -0.1382543671497
0.141531509463327 -0.0639137555635827 -0.108981630821536 -0.0308488316747213
0.101549680415982 -0.115487025248016 -0.0621435403539983 0.0131974502547513
0.0641794946691065 -0.140202887973972 -0.0124975834573374 0.0178773868641186
0.0628362619886799 -0.147041038543624 0.0172054478046763 0.00747484827689526
0.0978938733154217 -0.0973014862732895 0.0449324135581179 0.00740529645272443
0.142994856595179 -0.0544070134474877 0.062719593852273 0.0475677233424282
0.173256796677194 0.0719271624425878 0.045110215453654 0.0975788733146847
0.10384264823335 0.188689047212154 -0.0270066463757075 0.110600986357535
-0.0606673552983265 0.206602550082188 -0.0754719341977416 0.0879461024379789
-0.203309493160152 0.162824450143674 -0.0179898972305141 0.0504407896879231
-0.230517704416111 0.0949074770481361 0.119366935457609 -0.0718423366609086
-0.198937691963429 0.15849628140476 0.207545835210957 -0.0369844165787388
-0.055330729114713 0.254998301522147 0.193341910832747 -0.144567436184489
0.105508893904651 0.211313444216585 0.0786061742845355 -0.195361215336207
0.186063892663169 0.050717713243274 -0.0519993637945408 -0.142338627211861
0.142901193578654 -0.0536211678274355 -0.0529603951869939 -0.0595286437896341
0.104753998197236 -0.106709907639437 -0.0242574425162985 -0.0335754648599871
0.0666703539400711 -0.134319040754895 0.00963449967878513 -0.0327764211570845
0.0619385554274738 -0.14214341592772 0.0391965689906536 -0.0411808991148279
0.0937597398772483 -0.0970950360691758 0.0727065166489864 -0.0321716237340925
0.135101095002436 -0.0548705767163509 0.0943814637525956 0.0211729448310318
0.16031983548323 0.0693002946258231 0.0719660919757228 0.0820410869994931
0.0897429326859663 0.178952179286396 -0.00528147150892328 0.102947823634225
-0.0689563958576738 0.184351831282939 -0.0564131017859493 0.0619619650153187
-0.196514091263257 0.130660721557746 0.038872521109168 0.0102748608784477
-0.178484619617278 0.0487104436236578 0.187025492466017 -0.0878021652355278
-0.173599641414064 0.100579598873141 0.236198171465834 -0.0441105483113173
-0.0716305207273886 0.193012775082243 0.203688251501829 -0.109140431497607
0.0626048605246558 0.17696346933817 0.111872256776731 -0.156917430883863
0.144221858667339 0.0532843579779462 0.00609839305833334 -0.130711437471059
0.116410395001832 -0.0382070493839903 -8.81650362946783E-05 -0.0794877367718677
0.0880382106989149 -0.0831576155178951 0.0113101752386197 -0.0733459631365984
0.0584821196086987 -0.108427685146042 0.0289144902852667 -0.0768062562081595
0.0549144330790521 -0.116602427275924 0.0596776804179515 -0.0849240135796345
0.0814874680800054 -0.0815773464747895 0.0983080595905126 -0.0643939721332447
0.115057226986698 -0.0427801046312194 0.121851623534146 0.00261419385607039
0.128445534068397 0.0668509339580743 0.0902034011510604 0.0734478272692956
0.0586279343095254 0.154216886867881 0.00813712723696162 0.0975956213571668
-0.077488770917283 0.14147350878637 -0.0405596498421131 0.0372666588076188
-0.169451775978456 0.0779554904560777 0.0888616371094272 -0.0218161924266411
-0.0935479572073993 -0.00345534036023661 0.221077097620625 -0.0971198925798862
-0.111031818132979 0.0316265454815242 0.238994305594701 -0.0551119062009861
-0.0601484802514195 0.102684527716801 0.191328623759316 -0.0824269078749715
0.022308740918369 0.108237894710968 0.122003304293689 -0.124149228793676
0.0820162233546045 0.0391711451011127 0.0443869814838944 -0.115073818683867
0.071660128589034 -0.0205979048147524 0.0360244446294529 -0.091011997601225
0.0558790393886051 -0.0478774698729925 0.0372168021857303 -0.100007064925446
0.04062489618159 -0.0655937405023519 0.0430332619916981 -0.108461120676318
0.0397157516453102 -0.0734299347292837 0.0777206005757109 -0.115560950854203
0.0604119012078054 -0.0545150479664938 0.12051544037143 -0.0839089313649835
0.0832856873899373 -0.0239193178586547 0.145062598565616 -0.00287863090327568
0.0831219269151113 0.058293134562155 0.101261798153798 0.0759245863265703
0.0218060104739336 0.113642277919023 0.0141669877599002 0.0983549002975384
-0.0774193543324549 0.0834681565489736 -0.0271789646347324 0.0197071905804459
-0.120737818699678 0.0145160922618346 0.129170016483042 -0.0402053000530869
0.0380865426783078 0.030970446548619 -0.158340233496247 0.0717324120087291
0.047892003434511 -0.0267440149012715 0.0104625820081725 0.0228125011347138
0.0145292289736488 -0.0507581787354257 0.000756916993643722 -0.110872874513778
-0.0270212631721272 -0.031500106547205 -0.109019431411635 -0.106443745945677
-0.0315547525923784 0.00435828873428632 -0.177433801627751 -0.0169960714654506
-0.0170804373313815 0.00949993624897141 -0.166524549376526 0.0848779589188064
-0.0194781025077006 0.00879685050147103 -0.0997001854603101 0.137039309133552
-0.0189375464720439 0.00913457434216761 -0.0492409954601564 0.134856635380396
-0.0178501921019737 0.00137983661063578 -0.0461176585346189 0.119351851392866
-0.0110349900177975 -0.00956378996762394 -0.0516336204410431 0.109280459182237
-0.00109276276504409 -0.0230265624164683 -0.0586310183028429 0.108813337517493
0.0239098669544612 -0.0288504055688847 -0.0982012376347863 0.104375032789572
0.0534765644980192 -0.00105037926161862 -0.156369682720525 0.0752250926353076
0.0425370935749487 0.0420434921827355 -0.189305217027943 0.0792167992470481
0.0130529495631082 0.0642251616671359 -0.204977447471474 0.122404361575483
-0.0409850779052696 0.0900090561554753 -0.147531458291641 0.0509879001071292
0.0120317639456002 0.0535864717651731 0.0247423798693218 0.014421403156073
0.0388297116571312 0.0312554625993345 0.0192322980349346 -0.137344127566214
0.0350355724766579 0.00953246039529157 -0.104567349952099 -0.14115479097737
0.029376322775262 -0.0100739180502486 -0.193710047412406 -0.0405253008768609
0.0221003367731834 -0.0244186317629354 -0.179179551392274 0.0742421540946333
0.0119664899945401 -0.0410990528802484 -0.109028323027265 0.130608476938501
0.00444719163007687 -0.0452142441496719 -0.0492569992471301 0.131106967035701
0.0129715193742652 -0.0495831341789775 -0.0401973025173499 0.115751894195819
0.0362796337352087 -0.0328847693684179 -0.038458738410439 0.101491370376082
0.0580344135270133 -0.0187711837163132 -0.0400157335900735 0.104792192160626
0.07209254809062 0.0294592006643291 -0.0701442426039853 0.11192031309787
0.0555875638528306 0.0823143184478696 -0.129180658855147 0.0921705242180408
-0.0133517212412931 0.107887492626496 -0.164910221440034 0.10190972983649
-0.0761134312359601 0.111887741879837 -0.182476779620286 0.128847574028501
-0.123433782075186 0.132900375720677 -0.109455948907135 0.0201439369077285
-0.045081661455865 0.129451761413992 0.0570761159516151 -0.000766153620226426
0.0463983223580667 0.125393880294363 0.0538241955311657 -0.164946695476373
0.0950082065946452 0.0693889624521898 -0.0822407920178425 -0.180893552364843
0.0987722289388483 -0.0122845638141216 -0.19444360797501 -0.0732151617676741
0.0684493705425473 -0.0526211151677066 -0.17623240670617 0.0475757153029594
0.0459120155452175 -0.0829109640197291 -0.106864866864778 0.105153130049571
0.0271478238924842 -0.0939608922745812 -0.0416801254019246 0.107351183200399
0.0357700325788743 -0.0968492562554287 -0.0245417679098697 0.0932208757800066
0.0714910303090107 -0.0609923242665196 -0.0136955406596194 0.0807276132246498
0.105192496492937 -0.0295545702104984 -0.0068125471380678 0.0951565893263467
0.123916488645769 0.0607850468189386 -0.0297942927018956 0.11672282671441
0.0775518316171913 0.143754684491547 -0.0936963718367182 0.110168013980419
-0.0415343484153718 0.166350919855276 -0.131374790828219 0.115081771390898
-0.14322012320148 0.153035614126725 -0.134863896859296 0.119140137718624
-0.193818094792442 0.148955542760153 -0.0461027621191003 -0.014748675490093
-0.11273880489962 0.18301880405671 0.104695564304809 -0.0186569629731556
0.031694920515872 0.212702093096315 0.101717969460077 -0.182391861143168
0.136365905742294 0.137895030047438 -0.0390853451345495 -0.212632343425213
0.160425338436706 1.43081573555203E-05 -0.171051971600934 -0.108062544668519
0.111983994327989 -0.0684538894030647 -0.153177853863902 0.0110155659605218
0.0773926511153299 -0.110695571680941 -0.0901148819935371 0.0637778431383655
0.0453941530121535 -0.128559155197232 -0.0289009632742234 0.0673705515046352
0.0497102974835729 -0.133035053198893 -0.00398277403298868 0.0549249090157371
0.0896099290921706 -0.0868933925344024 0.0168575154464022 0.0475500083052406
0.132636377125775 -0.0474692157022235 0.0312926076361761 0.0741730783653533
0.163096682698367 0.0688638885952068 0.0130566219313418 0.112090401450325
0.103113123733201 0.177159875755999 -0.055867035821354 0.117224357422448
-0.0502305397569389 0.20256653957013 -0.0984713510354306 0.11062990188956
-0.183280865712236 0.176210201617885 -0.0761972393578648 0.0918682649167342
-0.231725426808509 0.138218014336052 0.0363981474098732 -0.0486123219097267
-0.171011152295877 0.196505618619412 0.159767296353728 -0.0330788578841056
-0.00596546919633349 0.263507630744685 0.152613068637854 -0.177263202262744
0.141875104562352 0.194063187099522 0.019182603312409 -0.219986287800482
0.195124838023721 0.0238608975949926 -0.12104756221233 -0.133831970819449
0.139365828842504 -0.0696010600820765 -0.109541438874871 -0.0270150451464664
0.0973058959637062 -0.121048653140733 -0.0619778019287427 0.0152988162274163
0.0563000234779948 -0.14385572654941 -0.0109006510646038 0.0180381817327815
0.0546427021928836 -0.150481551756356 0.018033980967025 0.00711166488802911
0.0947223625434639 -0.102462434196134 0.0458514263283183 0.0060330586305681
0.140920584966292 -0.0606962869287497 0.0661253293227314 0.04549852476653
0.177030701087646 0.0652653795808085 0.0492320708658131 0.0960534993166823
0.112991998995269 0.184233187011277 -0.0239537678587297 0.113517921811312
-0.0526298721001834 0.209085998064908 -0.0722341542355099 0.0911678995282905
-0.197953225043775 0.172234408987536 -0.0158595788083943 0.0515402192311542
-0.226489348098882 0.103658209569646 0.120100776067489 -0.0761934028208245
-0.195024724833419 0.165927639207884 0.20739049313467 -0.0431497405188154
-0.0465550415052413 0.256661839757427 0.189572328029323 -0.150357479313817
0.114547281339895 0.208962071993249 0.0736024707272038 -0.199533991105419
0.18872984435824 0.0434300589063447 -0.0573549453629705 -0.140457084893472
0.140877183759213 -0.0597827703274445 -0.0548837081275157 -0.059316846179457
0.100781528057089 -0.111904643330474 -0.0258006885614057 -0.0332626777490374
0.0595373380342622 -0.137896556235062 0.0084514019670253 -0.0326741459712439
0.0547679241211983 -0.145158496925762 0.0379639852906628 -0.0427784939407993
0.0906403431385345 -0.101696792218092 0.0717406908846744 -0.0355619969769333
0.132241418396069 -0.0602161233610308 0.0963636108744032 0.0181386491101063
0.164609439297087 0.0630097243308178 0.075511111156018 0.0803572809159998
0.0978248263808504 0.175043462160971 -0.00180227746382179 0.104707295069341
-0.0614949486322647 0.187927815231006 -0.0532061585698757 0.064137479649753
-0.19180536768858 0.139639289693286 0.0394429645361855 0.00951528630054803
-0.17645030725454 0.0556484616488416 0.186602738487995 -0.0938891906926621
-0.171709143947355 0.106840444470939 0.236803992596443 -0.051550680316319
-0.0641271561065139 0.194894039460943 0.200995356118945 -0.115579660031401
0.070080550835681 0.176077321532607 0.108605196172624 -0.162927094022041
0.14654727095332 0.0468603606789334 0.00137110574557409 -0.131080489659765
0.114592740175118 -0.0433298111511341 -0.00279687491948436 -0.0808435433241157
0.084519695025677 -0.0872968100979328 0.00774536025320594 -0.0741699422263333
0.0528896542081791 -0.110655479679545 0.0251756845027948 -0.0772640796178116
0.0484669713784924 -0.11867528785341 0.0555024561969452 -0.0867084869635409
0.0787735334088541 -0.0852877174353448 0.0953912570884654 -0.0691876741594342
0.112739169801555 -0.047613142572286 0.123200879939441 -0.001914779272954
0.132133556076113 0.0620836947361969 0.0936392984505755 0.0712561725702416
0.0652757290768755 0.15190343138812 0.0118905746104638 0.099237975632141
-0.0717269471608955 0.144673025010196 -0.039176766710523 0.0390089139113616
-0.165882099490675 0.0857212823196297 0.0879082362807733 -0.0255732986535099
-0.0928595822463829 0.000517766635842597 0.220870365370522 -0.103764088986504
-0.111006525227393 0.0353656563445533 0.238401096615051 -0.061895186972302
-0.0561686178281553 0.104404325239066 0.189690959857726 -0.0880716566837208
0.0256706410185433 0.108060143862919 0.118959805997426 -0.129004482262779
0.0832193170614768 0.0351933040269041 0.0404489371978026 -0.117764771272869
0.0693133041496554 -0.0235715271592142 0.0333580575933538 -0.0935694963333042
0.053201758222807 -0.0503051677815658 0.0326645474173655 -0.10182791131392
0.0373114601775002 -0.0678026896852677 0.038000433835276 -0.108859139534584
0.0356139620379737 -0.0748736313753054 0.0715822361218731 -0.119358741643995
0.0581031413458651 -0.0569042507136696 0.11674690953433 -0.0893578449804653
0.0815294313211765 -0.0272179198277584 0.145996694309205 -0.00849206981753903
0.085728618146645 0.0558663272443653 0.10440366895793 0.073709229737127
0.025809315143128 0.112576812794012 0.0179271971848597 0.100034446168016
-0.0740070353597011 0.0859390282597485 -0.0264869303324071 0.0215745417099572
-0.12019629804984 0.0196007499008496 0.128264769199694 -0.0449980703069426
0.038264624663526 0.0286316452462049 -0.152692856487879 0.0793242100334963
0.0454561613448328 -0.0281598168637957 0.0129469456678076 0.0212927882448848
0.0118989058926124 -0.0499241342578922 -0.00404110653671127 -0.111920492795047
-0.0280590042549979 -0.0298169443813562 -0.113416804873874 -0.100171731651604
-0.0300378321139679 0.00582052112907117 -0.176670837303855 -0.0071663289280368
-0.0165859309622888 0.0105855231375292 -0.160555814361534 0.0950705215771674
-0.0190578064370666 0.00914020377943997 -0.0906628400575831 0.14044657630496
-0.0184174192539438 0.0102416757392313 -0.0404109364796335 0.134827745196296
-0.0179687451637478 0.00217535746986642 -0.0374183272354839 0.121695672884682
-0.0117732031496207 -0.00931074085690665 -0.0443011885909105 0.112670323664398
-0.00192712708905344 -0.0228426961852265 -0.0518183661734446 0.111584928164812
0.0226142494738696 -0.0291245823849235 -0.0917430619228961 0.107780779114263
0.0525523772144175 -0.0031073233766908 -0.152398830550885 0.0817777641543114
0.0439294386409347 0.0390305952053734 -0.185341996353454 0.0857826770432762
0.0157636566443561 0.0618889198462565 -0.198423601780477 0.131168061278121
-0.0365289673728511 0.092262586384159 -0.142296149415531 0.0574320827527766
0.0144233429876405 0.0531286695095815 0.0262977169655682 0.0126287413838421
0.0399979757884427 0.0296939329032734 0.0128696429350777 -0.138206941103722
0.0360685454314293 0.00813787558002228 -0.109996394088951 -0.13541394325844
0.0294131999214384 -0.0120549007670676 -0.194601929834219 -0.0287884970120208
0.0208854131552425 -0.0261543618811718 -0.173836219660768 0.0846011963119824
0.0091277358194681 -0.0419048323112839 -0.100063236917844 0.135106633493391
0.0018669338248979 -0.0456373033098592 -0.040153023128638 0.131121640011214
0.00923471359342309 -0.0500971359491367 -0.0315049029294325 0.117206833508859
0.0351180521043274 -0.0353903176402559 -0.0311831255769047 0.103466164415935
0.0567837643702777 -0.0226328136430505 -0.0336065495523012 0.106566904435249
0.0744741697277053 0.0257554331920544 -0.0635099052825777 0.113932356538819
0.0593786752470609 0.078518397399653 -0.12485811456903 0.0976446079792783
-0.00826082472312432 0.107534225839678 -0.159040202352549 0.107963655574074
-0.0697349127625641 0.114584668544156 -0.17450374579892 0.136656647544036
-0.115620537746923 0.137996798499487 -0.105911756045599 0.0250166023842954
-0.0390826296979678 0.131098071385563 0.0572770814627549 -0.00422968086378203
0.0528183848454039 0.12196668139764 0.0461282505809606 -0.166834236916179
0.0987880192323449 0.064238408148341 -0.0897949544408845 -0.175968952047222
0.0971624092324211 -0.0180276083809944 -0.196763977408555 -0.0611320943505778
0.0652437837135324 -0.0560280313776811 -0.172157058464761 0.0575239709895895
0.0404835635463795 -0.0855188437810541 -0.0983521093191168 0.109776099119836
0.0199983412886372 -0.0948067224423132 -0.0341877034950135 0.106836936328685
0.0287555829541721 -0.0978519022361906 -0.0173475679122447 0.0940397120796543
0.067520643309555 -0.0651484163646367 -0.00747171410420466 0.0819325947020283
0.102292215461301 -0.0357529715657916 -0.000921215196137824 0.0949455710956218
0.127513723728814 0.0538509903248245 -0.0230833434799485 0.117236752924779
0.0853987911058623 0.138154897089044 -0.0883105871968699 0.114021928234388
-0.0325692351434794 0.167066449118915 -0.124878588362451 0.119425253915488
-0.1337282648764 0.159485749412178 -0.128124239662238 0.125727180792187
-0.183749433232749 0.158119391816715 -0.0439848836353219 -0.0126982097320197
-0.103220512092109 0.187792617064261 0.103942862674967 -0.0242173078344716
0.0420686527240765 0.208463928500714 0.0925171702956564 -0.184932369451658
0.143791483743219 0.13055487167494 -0.0476871203035937 -0.209733979853909
0.159225539571449 -0.00953221230615497 -0.175473268056295 -0.0967341361613276
0.106903308963619 -0.0741020681373575 -0.150824391689475 0.0190664852490378
0.0702213095586303 -0.115804626618688 -0.0851955456949548 0.0683134938191438
0.0359472210549747 -0.130507524199824 -0.0235559373041229 0.0671771907890015
0.0398496163860502 -0.13388822110958 0.000485223874399187 0.0551341703909663
0.0844631236486559 -0.0921527251345093 0.0202734524879564 0.0466114127180514
0.128490592078492 -0.0545994209451277 0.0359044067405551 0.0721586094709881
0.167212053346662 0.0593502462512669 0.0192514547336062 0.110097054370265
0.112860278539754 0.169214754224278 -0.0504449917345585 0.119981408211388
-0.0387897870820906 0.204251917229173 -0.0918993037465378 0.114014070166005
-0.17169131553584 0.185355485182227 -0.0707021474893458 0.0946853447409019
-0.221185821414682 0.149076418297013 0.0357107447689476 -0.0510297379496895
-0.159658580604365 0.203970730772504 0.157729521859156 -0.0413062697398374
0.00754013359314111 0.260507928252292 0.143507522960935 -0.182188813979198
0.15267235376069 0.18504994756353 0.00906140421408456 -0.219463327122382
0.194542487945176 0.0112674190986498 -0.126964037563862 -0.12441010698185
0.134380169990099 -0.0774828512788056 -0.11008728736399 -0.0211862870585608
0.0897882599037934 -0.126579069546157 -0.0600126256365164 0.0182982911199543
0.0461665916307901 -0.146013374602892 -0.00823656497176106 0.0177842017291123
0.0437546956544655 -0.151345274435345 0.0187697714712801 0.00645829272489822
0.0884379817076795 -0.106966103061763 0.0461856491512747 0.00348996495410873
0.135582687042504 -0.0682742597832691 0.0695590820148402 0.0421092453970251
0.18009558504876 0.0547939338731513 0.0546351725562935 0.0942811280004496
0.122361541489962 0.175673999006837 -0.0179831771288876 0.115668856810579
-0.0406813787506286 0.211051578836235 -0.0662676040095335 0.093540518782228
-0.186132014334646 0.182361364149702 -0.0132810347058595 0.0517329111832472
-0.217759474964701 0.115082223183977 0.117329233488997 -0.0816215785770533
-0.185809330288631 0.174970295578873 0.204722922219617 -0.0524390213838852
-0.0321198542374756 0.255556375078286 0.181571863495934 -0.158043877383854
0.124391826475266 0.202116154020364 0.0647275481650384 -0.20181717471048
0.188833176312597 0.0313483112299595 -0.0647690965356533 -0.134780291894998
0.135747599761595 -0.0667992008370936 -0.0569722395908663 -0.0566979846098611
0.0925784225267568 -0.117768001406271 -0.0277134664290875 -0.0314995359334646
0.049246626341251 -0.140258692868404 0.00697029031878022 -0.0327628860033089
0.0441448402924861 -0.145734426447762 0.0349443158608082 -0.0436952725718935
0.0842927834056868 -0.106012511729285 0.0693433754341301 -0.039186840937613
0.12717291528471 -0.0669490296928667 0.0973117938185018 0.0126855922396519
0.167453642763076 0.0537671447651932 0.0804995577153644 0.0765762766712402
0.107764316533584 0.167281723563654 0.00434867056966857 0.10589215267665
-0.0503451933837593 0.18912936302498 -0.0497370971698652 0.0663793850200845
-0.181679412529271 0.149990717408404 0.0393903811872747 0.00709259829318291
-0.170597174196254 0.0645801184252391 0.182843652088389 -0.1023318607229
-0.165459137196183 0.114297907558504 0.23280035976888 -0.061888816772396
-0.0540075471923642 0.194985265302996 0.193668436606089 -0.122648854720746
0.0785295968774147 0.171502881908534 0.100879689538083 -0.167105123824701
0.146818521655571 0.037688115581222 -0.00548392613056386 -0.129193276826653
0.110421518829957 -0.0498678049299544 -0.00665372921019062 -0.080922364746252
0.0782917743243873 -0.0920471957665917 0.0032292860644593 -0.0737748583994747
0.0447139879425887 -0.113140328543457 0.0202537318129396 -0.0773513347191809
0.0394238117277012 -0.119770078288854 0.0493776343826408 -0.0886976918811187
0.0727080154676627 -0.0896549511665739 0.0893647236465516 -0.0742583612008681
0.108397730170411 -0.0526380189728045 0.121744468747111 -0.00882451572898331
0.134914239033697 0.0542757155362253 0.0971350782820654 0.0660514018162616
0.0738807399693982 0.145527025504452 0.0165780760597829 0.0988805533658376
-0.0625043807025523 0.146640483082721 -0.0365233894217891 0.0407543003092558
-0.159327441374298 0.0944863448704517 0.0855556671050039 -0.0303511093719293
-0.091215217842067 0.00550934911535205 0.214623636848164 -0.114054754020487
-0.108124615871712 0.0403938803435918 0.233607136176904 -0.0722686342169496
-0.050605974900109 0.104409189051702 0.183968526606004 -0.0948471994142546
0.0306725696567776 0.10553201463251 0.112568674084586 -0.134063185038546
0.0838260277228983 0.0300628160314659 0.0334726431331174 -0.118725577149684
0.0664572442428992 -0.027564982862984 0.0278981967807709 -0.0958476832424216
0.0495129900182522 -0.0525184882528771 0.0254911020537983 -0.102674270851233
0.0322888564208101 -0.0688502493744797 0.0310026956362537 -0.109408340767736
0.030104096091847 -0.0756196753363062 0.0630898504535774 -0.120587665185848
0.0541196489107845 -0.0595156395050392 0.109352276978991 -0.0953859074884171
0.078651031824491 -0.0308338642725567 0.14397971130647 -0.016952192712853
0.0882947354390407 0.0506679627146608 0.108030500087058 0.0682080739963648
0.0325439439689741 0.109039561446535 0.0226719458908002 0.0990370071296451
-0.067841901796791 0.0890450992301407 -0.0253865378391577 0.022572686327842
-0.117167103920962 0.0269097769036059 0.124220678357453 -0.0516104700460334
0.0390775213142192 0.0241452067672291 -0.133720853981425 0.0992926622361109
0.0382702098387902 -0.0336140535376093 0.0164466655296498 0.0200193679523415
0.00183765565409468 -0.0497160139127081 -0.0188035748457576 -0.105597543496677
-0.0343801303245555 -0.0237433487038491 -0.121379020115445 -0.0788392815549217
-0.0299863673658774 0.0117544955154124 -0.170073049448006 0.0202668982807629
-0.0162769122813414 0.0168422812697723 -0.137254100525732 0.115840306634504
-0.0170190397628271 0.0147216058485225 -0.0629583582892686 0.146982334434424
-0.0149912938390071 0.0140360797453447 -0.0179942496242485 0.132379875692941
-0.0157449301219169 0.00597910645491717 -0.0175403437513213 0.122131508632045
-0.0113466422649549 -0.00725536581300622 -0.0269719598442967 0.115374227309614
-0.00464627212755889 -0.0220894719296266 -0.0349484946056926 0.114724857201276
0.0191311970101715 -0.0307071525829296 -0.0758135388010624 0.114992161300821
0.0518720055256839 -0.00926398409937246 -0.138978692095628 0.0969717632161858
0.0492082667248845 0.0312945532545528 -0.167837881047936 0.103967905844227
0.0250169742946911 0.058521916665521 -0.174171708300815 0.147865274428544
-0.0208350629897301 0.0971289161885457 -0.127996756111231 0.0717676439525266
0.0232502952007376 0.049129558987704 0.0250579726930728 0.00675825812013293
0.0424560179288527 0.0202521428267633 -0.010748174729403 -0.132736623823441
0.0333701591037346 0.000201507382859312 -0.126566041168172 -0.111199019195794
0.0223006481358372 -0.0154231516348629 -0.19006785229011 0.00532202253878655
0.0136127733881206 -0.0238483549674592 -0.150756112598061 0.108465562977031
0.00139652755759628 -0.0401784630480857 -0.0729905645209517 0.145765758743271
-0.00482220672836927 -0.0415194216283616 -0.0168914418729912 0.129118802776857
0.00150273375361392 -0.0482801282097918 -0.0121324484842647 0.117202738435692
0.0294038054266029 -0.0400882377495248 -0.0158822087648667 0.105879105479137
0.052009435299411 -0.0303246076394997 -0.0181809027048955 0.107778837872155
0.077950022491143 0.0134941773650342 -0.048440216557475 0.116301728431326
0.0710499947611006 0.0673904527055743 -0.109642550791584 0.107748347622937
0.0098696489011126 0.104596539239808 -0.137973225536673 0.122542772294805
-0.0504109300692652 0.121235750990347 -0.148194983296304 0.151208375749863
-0.0873187215582654 0.15387327600074 -0.0983823729484088 0.0312149221263737
-0.0126922195352481 0.131086759621778 0.0498978181814067 -0.0167971651860537
0.0702369261169355 0.104535620609278 0.0119615269171831 -0.165539999832216
0.103394394034005 0.0415956767495148 -0.11800801281814 -0.152239548992219
0.0851111729064435 -0.0326392704582661 -0.197837124303982 -0.0224571586482348
0.0501965531884888 -0.0603959787955177 -0.152789239780982 0.0844481418723247
0.0241118295797773 -0.0893724749439032 -0.0768712433397152 0.123855335871014
0.00511642620464782 -0.0913676620050985 -0.0141479615737833 0.105459544898897
0.0116540516365608 -0.0978884550224037 -0.00091453053786699 0.0929095949777569
0.0558583869628272 -0.0745512225926875 0.0035937586705062 0.0819927042978759
0.0930621888009372 -0.0503781312834214 0.0115716646650092 0.0931466558785643
0.134601580464704 0.0310617696878261 -0.0106070034855021 0.114683028337781
0.104887586338866 0.119897132119534 -0.0725858126701913 0.117263524281789
-0.00497739656598789 0.165054539493806 -0.101590226805338 0.129434096419305
-0.105200683170549 0.173493381593923 -0.102406084502983 0.1357669279374
-0.147491028391837 0.18327492204798 -0.0441894034519707 -0.0178832774683359
-0.0630987800845761 0.195276725275727 0.0900888374048521 -0.0465035359802964
0.0750917938400182 0.188109027725301 0.0496799985567407 -0.192860708220341
0.158228920100235 0.0961650106392503 -0.0870424845955342 -0.19072354420149
0.14499878335117 -0.0360834343579115 -0.183817800724386 -0.0568979642317732
0.0870299406451423 -0.0854405305078098 -0.13874310873108 0.0464042263777135
0.047361270779609 -0.123783906039084 -0.0711774516949526 0.0836197509668073
0.0145365576435622 -0.127707154970742 -0.00952839753623282 0.0668858241005834
0.0151717575579729 -0.134334789118988 0.010589784904883 0.0530302871126249
0.0670846094882121 -0.103078789262333 0.0257929461391216 0.0444552723852655
0.114249823530216 -0.0730682104995131 0.0437977707491306 0.06689914225631
0.173472618350639 0.0285490268512731 0.0285333622974886 0.102793719271116
0.135827990319595 0.144183991602714 -0.0348169796870708 0.118354776848373
-0.00544365846567315 0.200936288180379 -0.0688720610984316 0.120860807063092
-0.138593497121307 0.203715576055818 -0.0498599706248201 0.10094926618526
-0.184322690527352 0.1807039528212 0.0273555077241833 -0.0666169207988826
-0.113819292586034 0.2197267702069 0.138787621155105 -0.0733386592245966
0.0524295943361902 0.242864380353123 0.0963614895094665 -0.199967795201973
0.177219318155697 0.146107208267658 -0.0364180673596131 -0.210177718471827
0.181550440140562 -0.0224977928209263 -0.143084439941197 -0.0903121911449093
0.11210992589602 -0.0935897629248733 -0.105839321829042 0.00117890200532644
0.0642224575322493 -0.138953206541766 -0.056192742380615 0.0324153871161092
0.0209675605304521 -0.144774576385957 -0.00314591208059402 0.0186543375483398
0.0164034563851106 -0.152539091834076 0.0203732286260472 0.00461320532121592
0.0678809829573458 -0.118186780010294 0.0446300426098035 -0.000311038175346015
0.118222290215442 -0.0866909650769776 0.0714468287363565 0.0335363113562758
0.185003269363942 0.0223519104597061 0.0603548102967733 0.0832895088539421
0.146130983665671 0.148026600031276 -0.00447383860527829 0.109217154250292
-0.00652905040376886 0.207651890892996 -0.0470047106828447 0.0977534065412395
-0.152364227543301 0.203657042943278 0.000451289350676941 0.0528582499284884
-0.186178031381375 0.145418826577734 0.101302034711043 -0.106394552238908
-0.142630846649503 0.194985188123958 0.184391461521991 -0.0923500215486928
0.0137728841604845 0.244150443521736 0.137249021295278 -0.183549064904177
0.154710776992612 0.167096537577434 0.0188346549902542 -0.203336671754134
0.181309000583943 -0.00415490990079768 -0.0854576821498422 -0.110796449750774
0.114622898505401 -0.0861725329956864 -0.0618435088004914 -0.0406040121528318
0.068472907827777 -0.132025722834526 -0.0337280804048579 -0.0206274377572812
0.0243685846126694 -0.140586222728557 0.00403328143933351 -0.031003113351698
0.0171800538973093 -0.147551835650209 0.0286638675575087 -0.0464920047826872
0.063188524766574 -0.116778091263675 0.0601769941744204 -0.044568435839998
0.110868590435738 -0.0846517770242402 0.0940816939296895 0.00156209870256097
0.171930050464631 0.022937936071346 0.0827191620306949 0.0632683493074776
0.129241363051073 0.141241343555787 0.0156008639231585 0.0978689092403983
-0.0188108738702245 0.188224391507709 -0.0346843202857001 0.0703692264490536
-0.153473772928627 0.170966445064155 0.0446026451682592 0.00404332133912032
-0.148989290237072 0.087380081802637 0.160979811572647 -0.133066448770912
-0.133903980497968 0.1337545540164 0.211295231168292 -0.103190357002975
-0.0163300244615374 0.191250570321458 0.158202833152125 -0.152707667834339
0.106401625131649 0.146159967508289 0.0608240915796885 -0.177518664368965
0.143440003357184 0.00832649831056405 -0.0288806622970467 -0.11719886062542
0.0943124657685179 -0.0656590921137623 -0.018517108138272 -0.0733713773830893
0.0587096721453342 -0.103933061605092 -0.0107178920884819 -0.066898303282369
0.0238901535898616 -0.114826908399053 0.00911648169708721 -0.0748976314578035
0.0167846253244759 -0.122109687964469 0.0357195808665042 -0.0901333547198593
0.0546278201190313 -0.0989673132217824 0.0750368934491758 -0.0807737967315125
0.0947344333628077 -0.068400707632868 0.114536712035318 -0.0224768660866805
0.140322858355398 0.0289236395830314 0.0989000113218926 0.0512470518672895
0.0930889602851857 0.12596111875708 0.0283150680231383 0.0902620904180814
-0.036750118395173 0.149031641397226 -0.0264073634191598 0.044781756349801
-0.13987805545734 0.113323879544713 0.0828908446084922 -0.0367164630980006
-0.0828659137886963 0.0160479594996034 0.190184269916935 -0.143851188006466
-0.0927413136818115 0.0531699709427235 0.213824050765884 -0.109205440059158
-0.0283372216425195 0.104927073306181 0.157120353374988 -0.122356613570017
0.0493270733868767 0.0919652838109215 0.0808220513809608 -0.147692905914251
0.0826685004984927 0.0115477891880853 0.012042712315249 -0.116468596900202
0.0569627999705577 -0.0382319121681599 0.0117722242981864 -0.0943491861138165
0.0380710896813422 -0.0611706018030722 0.00663049086743431 -0.0995970204074248
0.018977867902024 -0.0717125305489728 0.0131594904122579 -0.106160143654212
0.0152263670733837 -0.0790124160457394 0.0437960009038863 -0.122821082786418
0.0407144958288393 -0.0679379960707098 0.0916115430078231 -0.104036990136838
0.0696079052252679 -0.0433730164939225 0.134769731511478 -0.0335580509725356
0.0942618506002364 0.0326831327727361 0.109986736727327 0.0515624778033354
0.0480019783084768 0.097162096041685 0.0350283874930815 0.0907951149191854
-0.0511786030658921 0.0938278716624861 -0.0194153829477867 0.0264137042077698
-0.109381122110624 0.0411699643834636 0.114217137617138 -0.0616244311508701
0.0368187323412669 0.0219738236626601 -0.123326016056317 0.098308172383442
0.0349616742734287 -0.0321560768010754 0.0165366687261896 0.0186051519144876
0.00042993740071426 -0.0465001556468164 -0.0211689553764789 -0.100857020677881
-0.032858271075872 -0.021251070356643 -0.11778257490666 -0.0718480763798521
-0.0274652327748379 0.0117717319782227 -0.160528010323101 0.0252020641114832
-0.0145011324656523 0.0161281209857495 -0.125488914251713 0.116514408152666
-0.0158932511464482 0.0145075940555031 -0.0539587974951348 0.14211843539643
-0.0132279867038095 0.0134217165537922 -0.0119258303056323 0.12595772207655
-0.0144443389677632 0.0062814623916777 -0.0109959369586314 0.116373631049389
-0.0109990970895133 -0.00669287965297133 -0.0202258700503385 0.111383395631852
-0.0052715779502815 -0.0209990173954061 -0.0288989974052377 0.110435165239038
0.0173635751863438 -0.0295886950724215 -0.0690809506341511 0.110736850948791
0.0487910080680316 -0.0102632688486047 -0.130540706246874 0.0969439523284526
0.0468098368980681 0.028015394669518 -0.15738410271164 0.102276794250706
0.024553415241079 0.0538323625927869 -0.162875081942545 0.145789883280485
-0.0171134989071056 0.0937963529965629 -0.118827338656744 0.071908431882823
0.0230671825669789 0.0461307298307209 0.0245268008055764 0.00570086859227392
0.0415782184317421 0.0184376128373092 -0.013813275871165 -0.127283721908287
0.0322385897806121 -0.000845396554138537 -0.123519759032996 -0.102549281431819
0.0210653317798337 -0.01573893203115 -0.180221543401387 0.0119782518772922
0.0121745038277888 -0.0238057418247755 -0.138859002046511 0.109749460873634
-0.000910656932429832 -0.0388135269127498 -0.0636984344467871 0.141063762470851
-0.0065197465055654 -0.0395734441363992 -0.0111131937574394 0.121368485704742
-0.00097808026400699 -0.046211735811056 -0.00587931452006162 0.11175898122535
0.0265847850054671 -0.0395379972866358 -0.0102377661672781 0.102152322706598
0.0480179465118202 -0.0311343838647864 -0.013036744045815 0.103815269919109
0.0759124494652996 0.0102401399769705 -0.0426862093234286 0.111939671117994
0.069866153511664 0.0616392254439284 -0.102465548508153 0.105817206482422
0.0115317526753384 0.098960895035678 -0.128153857321251 0.119787223370157
-0.0443668273385171 0.116479705002814 -0.137229957031678 0.148711483367108
-0.0776038952887079 0.148869906920802 -0.0921611524139289 0.0322575738482695
-0.0081917647226517 0.126344305393564 0.046987702445682 -0.0181075468136269
0.0701723529210265 0.0975124272727224 0.00674373806531567 -0.158587087519611
0.101087824868693 0.0366889598700212 -0.116431218550044 -0.142692384311691
0.0799532882509657 -0.0342963909256323 -0.187808088250828 -0.0137096380111199
0.0464791862070102 -0.0592919766256274 -0.142362385900011 0.0865210755465673
0.0190127254093277 -0.0867759797115276 -0.0679254757246568 0.120137792796206
0.000688371106117821 -0.087334612362997 -0.00882633129514654 0.0987116306881681
0.00620874243675894 -0.0927717308638051 0.00384566723184578 0.088409714909559
0.0503899388132056 -0.0733739443787185 0.0078183173960986 0.0781964982681292
0.086053896346769 -0.0515280245725289 0.0147402220545038 0.0884625082889655
0.129939767442865 0.0247000557535527 -0.00593506283129086 0.109326968424955
0.103813142523892 0.109896864046345 -0.0662376071155935 0.114706307713399
0.000192921965723594 0.156696190747372 -0.0934516805553403 0.125632964069501
-0.0944366167720655 0.168395305329293 -0.0933459991477844 0.132013053802621
-0.133730907737057 0.178496107136808 -0.0418201755442559 -0.016193143576922
-0.054054429070599 0.18837915099855 0.0843192789089333 -0.0468087624195659
0.07679493212971 0.176265714679693 0.0427588199405307 -0.184402179129598
0.155574829406022 0.0869598180059082 -0.0877329915127436 -0.180396278938505
0.136378326815338 -0.0394259993660137 -0.175355747065586 -0.0470140315526495
0.0805087114770733 -0.0844123794531786 -0.130225690914199 0.0486690455876438
0.0393391859761336 -0.120357672196601 -0.0640724347799627 0.0819520638673066
0.00763358322938451 -0.122576000703467 -0.00626260510507112 0.0623120710054437
0.00830212936149696 -0.127609648790036 0.0128550780357517 0.0494264262275973
0.0598298642797381 -0.101043739735309 0.0271805704280559 0.0415292399892736
0.106092239332967 -0.0739989557072131 0.0448153369884502 0.062101823983314
0.166915871326705 0.0205765326510119 0.0310330634988176 0.0969669651268678
0.135030786040718 0.131428045861449 -0.0296952400516688 0.113991940892904
0.00191380469377808 0.19087342699011 -0.0627394958548524 0.115672907956248
-0.124150943879377 0.198593701788737 -0.0441289926262174 0.0971437801177217
-0.168433088996209 0.176546271357845 0.0250690404245864 -0.06540084058494
-0.102129903665629 0.213090622441959 0.130711499889561 -0.0743552115784849
0.0568131627329415 0.228869410095671 0.0874550699454926 -0.192828065913068
0.175370335388114 0.134298322742811 -0.0407898020039107 -0.2008076353901
0.171985113621392 -0.0282475792552892 -0.138021195491478 -0.0799651967310454
0.102700971949678 -0.0935696099728214 -0.10106368954599 0.00397103253193762
0.0545282813198697 -0.135289907055845 -0.0515433862765479 0.0326687486494212
0.0135307905431331 -0.138405789383217 -0.00200927060347523 0.0166903410246872
0.00816891001873817 -0.143792519931943 0.0204672150225998 0.00313318535360306
0.0597373647875088 -0.116030645591806 0.0423472278029817 -0.00187110525174115
0.109266340387898 -0.0868548634864535 0.0703089122144633 0.0293425249991875
0.177878119003762 0.0137670318120532 0.0606638814183487 0.0770905765583974
0.144299052677111 0.134450262521981 -0.000670057116840927 0.105061732513095
0.00120230306896652 0.197027264808236 -0.0422218339005147 0.0941055472454549
-0.137260022276878 0.198146774525682 0.00188689943266901 0.049927885202092
-0.171271559083747 0.143293489777745 0.0949073477084141 -0.105646099310829
-0.130027585552581 0.190725397205115 0.172503212527813 -0.0932775110099855
0.0200488641419354 0.230610406479396 0.126156119281663 -0.177804405154003
0.154431291615582 0.154273980096104 0.0117471077168649 -0.195380536911606
0.171330924656433 -0.0104043093003954 -0.0842968134512908 -0.101752273465346
0.105774083692427 -0.0855468532973467 -0.0607907723597635 -0.0376565836849274
0.0591631239771829 -0.128728838977251 -0.0329145674674053 -0.0183146177687557
0.0170285117416923 -0.134052053701536 0.00223717269811757 -0.0299606660526541
0.00900184421349497 -0.139694006016959 0.025678042882845 -0.04453680765515
0.0552988578754892 -0.11397252774289 0.0555718393402961 -0.0437187572530189
0.101596148213537 -0.0843175411909981 0.0902077738301907 -0.00225962625610598
0.164682958550067 0.0157023539392378 0.081322152282521 0.0579115839142297
0.128011132998129 0.129126875057738 0.0180397679263903 0.0938300459286951
-0.0111287787949381 0.179345094278298 -0.0308394206311337 0.0678742588218476
-0.138550526087385 0.16808192620746 0.0425601186210001 0.00192468208606575
-0.137960753202111 0.0870600333706999 0.15021784013355 -0.131990524818436
-0.123823248123633 0.132135072680927 0.198264093927232 -0.10405400783833
-0.0103453475840709 0.181878802519061 0.14742172861462 -0.148671112575461
0.107016804440893 0.136113765842943 0.0530084295643977 -0.171645353663683
0.135981667429247 0.00259023027041899 -0.0303024078097871 -0.109824689009668
0.0863835784624799 -0.0653135310845244 -0.0205365103583464 -0.0707669374723937
0.0512886023909704 -0.101808401521099 -0.0132242741863215 -0.0632239283710058
0.0173418562619587 -0.109933357322138 0.00614810255552734 -0.0707396968685442
0.0104013773189682 -0.115825730615722 0.0300344414526803 -0.0859325283321025
0.0474320358914613 -0.095965328219002 0.0676745528542677 -0.0795574662755698
0.0870720408543627 -0.0680379459731317 0.108615849841808 -0.0256094090360291
0.135061467139137 0.0220250671934898 0.0963509345676067 0.0463412434561114
0.0928887365955268 0.11529709982947 0.0299602970690872 0.0858389734633037
-0.0292014993352232 0.142136669160986 -0.0237951373125036 0.0431848405486525
-0.128088955988816 0.113240688283769 0.0772327525317514 -0.0378008649270177
-0.0777358220457058 0.0178278305683369 0.177678585615133 -0.142828658101697
-0.0867488392157207 0.0537868202809682 0.200105312054814 -0.10942485266162
-0.0237164500434545 0.0995880258958628 0.14659883530831 -0.120219657932853
0.0502235248811801 0.0859068998954421 0.0725081983655966 -0.143460046229576
0.0784556004399989 0.00823493620773965 0.00733707034488389 -0.110689511445447
0.051304826328461 -0.0380742572885624 0.00733339231694892 -0.0917065887288174
0.0330414975768557 -0.0592806366841914 0.00226281480377113 -0.0947357456695739
0.0153050809612647 -0.0684044449086242 0.0087035568660185 -0.100417124065387
0.0109721496097955 -0.0751488831327682 0.0360937263788781 -0.116529682917133
0.035342510155151 -0.0655719988427416 0.0819546541178827 -0.10193608023924
0.0643910828663451 -0.0429328881929794 0.127286656026512 -0.0367722838638005
0.0912735143266186 0.0275473766111546 0.106544140503902 0.0458106684569748
0.048603810668552 0.0896609329432926 0.0363168175004751 0.0857753409480296
-0.0450170669873673 0.0899357791993833 -0.017956024025537 0.026183020115469
-0.101996742199112 0.0435940347546815 0.106282447743117 -0.0630703510709391
0.0348710542805631 0.021149940492341 -0.11718811899551 0.0943317365570159
0.0333764369309031 -0.0308744874124377 0.0158250932103361 0.017966712766369
0.0011582480155343 -0.0437490607377659 -0.0205618163042434 -0.0971505511707169
-0.0309791065350889 -0.0202808589975611 -0.112498939903968 -0.0685907725418681
-0.0254517183349957 0.0109225476985634 -0.153025404565387 0.0255317146877196
-0.0131095680895709 0.0157473595494825 -0.117669372950742 0.113534118339881
-0.0153267375652921 0.0145680893310026 -0.0496024253920746 0.136290171955024
-0.0124939360329956 0.0126065654025228 -0.0105938069401821 0.119013245597965
-0.0136204957688729 0.00572604634471969 -0.00801996612247181 0.110811840950865
-0.0107460168518169 -0.00677666998021426 -0.0177912233185207 0.107845470491765
-0.00507532370058238 -0.0203165795527066 -0.0268352990810559 0.10580520354463
0.0169664150437066 -0.0281080426003155 -0.0661187429227824 0.10544959139321
0.0467170594516017 -0.0103088045448799 -0.125665410615031 0.0933212481419333
0.0434504997210706 0.0262396897024779 -0.150468630928952 0.0981912344416067
0.0227998470029959 0.0509918063629266 -0.156838868750511 0.140126407916274
-0.0164268761277705 0.0896209189894003 -0.113026710010114 0.0690388632500819
0.0227119550059861 0.0449815962446848 0.0231824830067532 0.00522059543203206
0.0402763120327353 0.0179098978328971 -0.0134965614333191 -0.122412395113104
0.0319586331393484 -0.000856607187698346 -0.118704027804952 -0.0985222932086207
0.0209405091651343 -0.0154097096810651 -0.171552118723814 0.012723810226145
0.0122769252476953 -0.0229745315999493 -0.131262957311091 0.10719402828022
-0.00204084380547243 -0.0373152465486597 -0.0582468688614316 0.135340288110207
-0.00703352698620579 -0.0385189980031541 -0.0102112280960153 0.114915769155045
-0.00146735791218284 -0.0439091247462426 -0.00291123045392841 0.106355025293617
0.0248379739906847 -0.0390676964432955 -0.00806921177501991 0.0984620295384613
0.0455544590665294 -0.0307520521608616 -0.0114024859626328 0.0994731932910111
0.0731662914698949 0.00951185994900333 -0.0404913021506655 0.106437028761365
0.0672240679594211 0.0583133798673094 -0.0981918358383276 0.102077074477165
0.0105713244253773 0.0939325997962367 -0.122623935238427 0.113958064665323
-0.0423586296407016 0.111077483635208 -0.131596080553112 0.142347239883545
-0.0734788675156766 0.142774349780691 -0.0870828286312672 0.029788155365033
-0.00699605645143904 0.121299096830194 0.0450268903674299 -0.0171906638271628
0.0680502856536723 0.0936097979224551 0.0067312279873316 -0.152023124180708
0.0979343155315281 0.0352460784268607 -0.111348984423546 -0.137403446447086
0.0764364283595869 -0.0343418579767392 -0.178445228046056 -0.0114580156797406
0.0445255017055072 -0.0574812586462633 -0.134905591933784 0.0842363956329967
0.0160750292277104 -0.0831300219977504 -0.0625249161046252 0.115078519320464
-0.00115850108585398 -0.083763861510005 -0.00831200275233357 0.0934672455696051
0.00486228328915635 -0.0883776332648452 0.00590926481168058 0.0832426270689934
0.0472610429430035 -0.0714546953627955 0.00889300293256673 0.0746795726459829
0.0819545021601458 -0.0506509122256632 0.0152806070594474 0.0844552809037354
0.125434252890005 0.0225638503636266 -0.00510258822133028 0.104323121215563
0.100691718263167 0.103784725004191 -0.0632228874384592 0.110239694511354
0.00085290356262804 0.149562719349507 -0.0891250675355281 0.120022176955041
-0.0898486366261036 0.161616889494748 -0.0895261812720233 0.127081962673785
-0.126578924569283 0.171213425464209 -0.0393750369615072 -0.0165222652472556
-0.0509879533755645 0.181098532942844 0.0804575232603938 -0.0452197768722039
0.0750522937277025 0.168370924571887 0.0412282882119568 -0.176488223328148
0.150654458272642 0.0826690859996682 -0.0851651097876075 -0.17359415448522
0.129927126253292 -0.0388711175949405 -0.166484559092986 -0.0436838612504697
0.0764531407964948 -0.0817669412802725 -0.124363726153207 0.047760209407711
0.0354346211996383 -0.116097668409038 -0.0597599307501173 0.0786815740932832
0.00529440463369654 -0.116973353281457 -0.0053274753094619 0.0578229180974571
0.00578077354584671 -0.120791529588477 0.0141976363025828 0.0466475527941602
0.0563203870687918 -0.0979621385081918 0.0265502482688653 0.0397025952873678
0.100226035267163 -0.0720188323471584 0.0443441553860108 0.0592182483902324
0.161185841568706 0.0177788697759589 0.0303948365561344 0.0924973333525985
0.12957639854909 0.123835327611252 -0.0281022643186794 0.110010446378971
0.0035721162076276 0.182101355410582 -0.0596649592286031 0.110472683057547
-0.116818227292649 0.190135184136775 -0.0417664294407289 0.092600875903529
-0.159424007146782 0.168736884621657 0.0238113410544031 -0.0632941276100277
-0.0964485770361218 0.204280471258691 0.124163387484839 -0.0709509474184905
0.055596324889154 0.218377504650169 0.0840270539717516 -0.184061545173
0.169806775469215 0.127365482342503 -0.038993975833645 -0.193101700581371
0.163984825840792 -0.0289945051584343 -0.13085537854314 -0.0751318106798972
0.097585286283277 -0.0899577696290242 -0.0970034339778624 0.00440300664129442
0.0494332495922464 -0.130579490092443 -0.048133004603649 0.0318563042643429
0.0103571404005487 -0.132385081322027 -0.00175376957883956 0.0148710547894838
0.00554127251585881 -0.136295754350366 0.0206543106537362 0.00232384224181549
0.0556538142611429 -0.111898252325682 0.0407259666405725 -0.00231368524319392
0.102916402507917 -0.0846275740420489 0.0677543052888141 0.0276456700920647
0.171082163869229 0.0113132538226014 0.0592526400402301 0.0733781875029338
0.139452962572545 0.126624786034049 7.9188677615945E-05 0.101234743959068
0.00355412877431367 0.187675226003354 -0.0407578210532081 0.0900889024361575
-0.129096737349 0.190503511606288 0.0026483956640745 0.04715188188756
-0.162448932344493 0.137652280614343 0.0905570003669062 -0.102423361916877
-0.123778861034028 0.183546483606665 0.165118985824578 -0.0896832000614918
0.020536343575606 0.220282888727879 0.121671398728307 -0.169765085169653
0.151097026754661 0.147237802549285 0.0108003139984889 -0.188610223484948
0.163497864954092 -0.012020228195217 -0.0798660953140844 -0.0962773703598183
0.100032776728969 -0.0824192957241592 -0.0587052746980625 -0.036509912603844
0.0541274555094283 -0.124213189825023 -0.0314854308084326 -0.0175271826888133
0.0140048633314585 -0.128811297761081 0.00202315392530306 -0.0287148104565012
0.006283168925136 -0.13241631347788 0.0240040103180976 -0.0424110461726805
0.0512214432451806 -0.109820153963015 0.0518893500569007 -0.0424801046376561
0.0962480492781644 -0.0811841386956778 0.0863712593522907 -0.00249059478153365
0.158684896008648 0.012648660123893 0.0792403210641044 0.0551897874456477
0.123213102819847 0.121588826878069 0.0182700022079184 0.0900413666571099
-0.00893184340052166 0.169962743881267 -0.0300632223568911 0.0651528521120806
-0.130777299643804 0.161338550623516 0.0404029241293132 0.00124499550463526
-0.131258256189446 0.0840030297196388 0.144166451374263 -0.127496699447819
-0.117528873762242 0.127462624822202 0.189780615012548 -0.0998859452208856
-0.00906769487116933 0.173724661937298 0.142041201678473 -0.141820645059904
0.104820182140457 0.129207819974482 0.0498553718425397 -0.165284969015658
0.129309978645085 0.00143337364889475 -0.0289387277371423 -0.104678229045715
0.0814148948935085 -0.0628194422307019 -0.0206125628910693 -0.0687804495542581
0.0468749618424298 -0.0978016564406482 -0.013427427444366 -0.0604809277638567
0.0151929821675679 -0.105154565203779 0.00523660989611891 -0.0675710143436251
0.00786481192393549 -0.109452137588939 0.0277650379716568 -0.081889484953866
0.0444735652987073 -0.09235807414921 0.0632227574680094 -0.0759334185802903
0.0822435334456603 -0.065558603919682 0.103722903582819 -0.0247917759772292
0.129537735370054 0.0189768866941324 0.0929671133237108 0.0437084706885216
0.0899206077153934 0.108788494669942 0.0292943246863102 0.0828241929889283
-0.0266430526334603 0.135200913390179 -0.0236984920437517 0.0416579401322492
-0.120971581427685 0.10922649505398 0.0732971253098376 -0.0364524607333949
-0.0743451626914458 0.0169396488881157 0.17067418417683 -0.137441177857823
-0.0824154762318296 0.052670046544625 0.191533736364294 -0.105829300056627
-0.0225889852456735 0.0954334711444322 0.141328909726916 -0.114341727095089
0.0491364303448153 0.0825697205574788 0.0687326044058734 -0.137882964586343
0.0748776262191048 0.00683792442995738 0.00658821450205841 -0.10640722048102
0.0478941925446733 -0.035540472013023 0.00572775185596269 -0.088916621813435
0.0302794847584312 -0.0574169726863403 5.74558073562962E-05 -0.0903325271535115
0.0132783352401885 -0.0660086039225364 0.00735330927792274 -0.0951493254579163
0.00963357269402172 -0.071181982330281 0.0326748043384878 -0.110903432019839
0.0332781684545005 -0.0632027201622593 0.0762878340728971 -0.0972992347139481
0.0608381367345787 -0.041434154445153 0.121242795995957 -0.0356397337616408
0.08758730643264 0.0252539632447134 0.103115625787498 0.0436875791303946
0.0469593177133113 0.0849354755512887 0.034815874006939 0.0820593407340962
-0.0416523119139642 0.0857088411541871 -0.0180534935451031 0.0248934395367418
-0.0962865011000988 0.0424855063331471 0.100955001530097 -0.0605393214507297
0.0333125629805791 0.0212228481852574 -0.114520257901432 0.0908744481036829
0.0327935001473274 -0.0293359904823247 0.0157316351963989 0.0181292939510725
0.00276883212169838 -0.0422360598298126 -0.0194210036252307 -0.0960929506132676
-0.0299571542698161 -0.020332380678344 -0.109252376632145 -0.0688538386152532
-0.0237735397036269 0.00985353987454891 -0.148998638307712 0.0232579104049501
-0.0122803691333276 0.0148742226682723 -0.114599177174286 0.111217835643691
-0.014619645654369 0.0143618266478517 -0.0483408583999422 0.132510550377117
-0.0119740038828711 0.0119569967391912 -0.0110625264036224 0.115571618341831
-0.0130902205561758 0.00536776439578031 -0.00737349291857685 0.107885231727372
-0.010423307762743 -0.00708601547818565 -0.0164037448578732 0.106143240573592
-0.00502146314710203 -0.0204982109069583 -0.0272152840348606 0.103303382161585
0.0171680406326387 -0.0266654668219066 -0.0665333912163785 0.101961805072401
0.0456113185137633 -0.00958718240234338 -0.125050093534421 0.0899264755442777
0.0405728888932204 0.0260424531175536 -0.148715556458675 0.0932685825518435
0.0210834501600636 0.0500913904126762 -0.155424027616313 0.134865091465244
-0.0167946604789304 0.0875587161559737 -0.110744810037615 0.0649907795401459
0.0218436748089246 0.0441966864227085 0.0225722888917527 0.00646696643021878
0.0403416878828617 0.0185471258468896 -0.0118660904748946 -0.120934529999856
0.0325242339507234 -0.000300749878967936 -0.114776777759704 -0.0984790621325335
0.02076826685608 -0.0155988777061462 -0.166514584445119 0.0114852461176253
0.0124423672622364 -0.0227416780680868 -0.127604780151196 0.105086090888153
-0.00224151083921728 -0.0364468084038905 -0.0568358468582195 0.131501664912368
-0.00727508997717843 -0.0377412614978471 -0.0105709605531517 0.111319635924816
-0.00155954370698122 -0.0428353864194753 -0.00206065537136707 0.102693139368362
0.0247999255536259 -0.038250479784086 -0.00747296170534599 0.0966528658539948
0.0443057834780984 -0.0302398121655332 -0.0115276440944506 0.0971654002820932
0.0720677800375647 0.00975700474456145 -0.0414477801962778 0.10301913044063
0.0652887776512236 0.0576969750969033 -0.0980120145328578 0.0988906681117712
0.00781889957860335 0.0922384768603029 -0.121882918135386 0.109313534481835
-0.0432496772237264 0.108350985053653 -0.13097117190253 0.137549037224138
-0.0729432952567724 0.138675528342746 -0.085311634297206 0.0271232735230954
-0.00784560178932504 0.118479641640888 0.0440148961151141 -0.0157262845192356
0.0661385220088227 0.092270037739985 0.00937601205348967 -0.149433658828895
0.0970719418029963 0.0350309772275496 -0.107618578747196 -0.136275433787924
0.075268269088545 -0.0333920991313842 -0.173481598303153 -0.0121973684825431
0.0440077846540615 -0.0563357174070062 -0.131627860047501 0.0819659954811441
0.0152135370535563 -0.0813722605808204 -0.0602788544117752 0.111758837747473
-0.00119237899456474 -0.0824111132650366 -0.00859599422345578 0.0899600060795562
0.00450435487441009 -0.0858281737157651 0.00680429991159697 0.0805252475571371
0.0465723595329723 -0.0701740341439531 0.00889205863332571 0.0740360095671165
0.0801419744416985 -0.0489137448352009 0.0150862159254162 0.0827175401166043
0.123504399769096 0.0222546669982684 -0.00627664678230944 0.100989296375781
0.0973960622971579 0.102091057692197 -0.0638625664923854 0.107370018368574
-0.00165281122025642 0.146098325259627 -0.0889783909512857 0.115626889074891
-0.0891620069253385 0.156898481209102 -0.0889770153730824 0.122382949703986
-0.125033494145579 0.165519804849153 -0.0385664815784956 -0.0181902965417782
-0.0514505605679589 0.176500065693551 0.0790774537102456 -0.0425670488769128
0.0719733113350133 0.165182015211724 0.0433043067401664 -0.172337164336221
0.148668725004256 0.0824597609833863 -0.0808304854505769 -0.172085570510644
0.127524050497513 -0.0373822554908004 -0.160958897988442 -0.0439955926086755
0.075293803436505 -0.0792860234752351 -0.121334527202178 0.0461292449326914
0.0338740321792929 -0.113746674498852 -0.0570812857534196 0.0761010463524548
0.00440593875794633 -0.11428309818657 -0.00572795446292156 0.0554039149145773
0.00600928124606779 -0.116714322899385 0.0146944412392396 0.0445447313012805
0.0550759095126746 -0.0960970069902986 0.0262903369172891 0.0391043398708767
0.0981022148088111 -0.0698278493338487 0.0433998428873754 0.0583491751746935
0.158611229465917 0.0180073061111149 0.0291182093572394 0.0898475916573613
0.125934536896206 0.121832527648837 -0.029189914678441 0.107802780767635
0.000937458722908457 0.177567386234372 -0.0604527558403461 0.107199275298702
-0.11583967949756 0.184663700286521 -0.042210211856418 0.0894883029117652
-0.157053669488393 0.16220105108778 0.0239645982410136 -0.0627986567813705
-0.0964549294453706 0.199308138988632 0.121528908666543 -0.0678506888937599
0.0519034510819648 0.213909794601652 0.0859639996964856 -0.178564293281229
0.167669756968203 0.126385194427106 -0.0365849552483181 -0.191134915362227
0.159563909362624 -0.0270296969380668 -0.125498796726144 -0.0740515042831518
0.0962294638318331 -0.0875112143264153 -0.0947062566051697 0.00314741351506747
0.0479356884252679 -0.1277804645886 -0.0467604509298599 0.0302321395826939
0.00935938971451737 -0.129511619849721 -0.00207575962489565 0.0137721711836059
0.00512057517434357 -0.131582467327752 0.0204955748166048 0.00168945825725845
0.0544093462087467 -0.109215832941929 0.0393996083817817 -0.00156230490641098
0.10074990124162 -0.081297959630253 0.0674574798827901 0.0272198273077462
0.168131942707653 0.0110369868770904 0.0578509963759276 0.0721461982921955
0.134889359774133 0.124171837796772 -0.00116759078063192 0.0989488526994853
0.00213693472993416 0.18226607475213 -0.041173389555756 0.0867627857406941
-0.126818603897653 0.18457458163991 0.00168709440407863 0.0454761003862309
-0.15974498250239 0.131750665154932 0.0897532116298034 -0.0990124875027631
-0.12302256613787 0.178755257885748 0.161743360070187 -0.0857450529287068
0.0175830451328805 0.215811966472822 0.122559467779545 -0.163709013882202
0.147735868302323 0.144742275690733 0.0128016799025319 -0.185170321058039
0.158903170948483 -0.0109267415118316 -0.0758439184129264 -0.0941738698562516
0.0977098333161983 -0.0792109216197557 -0.0577450649833253 -0.0368177844362697
0.0527126038314466 -0.121356317904129 -0.0302731843636464 -0.0172370494913707
0.0130856881300116 -0.125213871775846 0.00179942227642016 -0.0288845475476009
0.00583277887430464 -0.128089675201882 0.0239809683546762 -0.0414658651395352
0.0502343764363252 -0.106601672853472 0.0505916102889494 -0.0409558617191187
0.0936476894297261 -0.0786474044238205 0.0860059338930915 -0.00155308987001232
0.155523201450091 0.0126433091899019 0.0768690782599052 0.0542883787719488
0.119707338280233 0.118561190264326 0.016691864030123 0.0889434721877417
-0.00962298631179723 0.164899307636578 -0.0306959530191545 0.0630966681301041
-0.127678270528764 0.156729429422606 0.0396183443378823 0.00136865629124904
-0.128247670886557 0.0799632714577775 0.142949507637973 -0.122975656532647
-0.116205746035588 0.123303712873658 0.186123585575467 -0.095634127491468
-0.0106145487410613 0.169408070741384 0.141473681886569 -0.136074984886176
0.102293534262819 0.126904870245897 0.050854067527322 -0.161952437484097
0.125624116009878 0.0014724331501217 -0.0270087138195368 -0.102249766397041
0.0791624102837456 -0.059880671214116 -0.0207228335115603 -0.0682042048102054
0.0456529067093087 -0.0951780536257968 -0.0134541270948397 -0.0592931654026171
0.0140137478965285 -0.102607699773868 0.00539092536156504 -0.0660965586656645
0.00747661810274864 -0.105477940963631 0.0276114839748284 -0.0790923792554537
0.043184703937649 -0.0900866642459188 0.0611403504397821 -0.0731280668414462
0.0801385389176234 -0.0630905202147685 0.102010393410173 -0.0235484875965501
0.127328763285971 0.0189908743475078 0.0907548285125174 0.043414717315176
0.0863498346751035 0.106140625696382 0.0276980186042647 0.0817419137995199
-0.0267725133848121 0.130435916161512 -0.0238316445551523 0.0405728219744559
-0.118492706888563 0.10559131071757 0.0719212264120072 -0.0352456998330366
-0.0729052372522814 0.0160512823869754 0.169107096687088 -0.131870799448087
-0.0808016009678092 0.0502602246898259 0.187828062704499 -0.100426837727539
-0.0231363846023309 0.0930982063457927 0.140229287931847 -0.109512390261516
0.0484891633665155 0.0801467771903264 0.0682192558873117 -0.134886263182933
0.0723736294218766 0.00695490563015377 0.0076823028135393 -0.104163600203444
0.0461710610238527 -0.0330335146186298 0.00515314467978792 -0.0878233941855507
0.0299732707928064 -0.0557074021879157 -8.43644106034669E-06 -0.0883022547115626
0.0128695370498807 -0.0638209914255024 0.00778953787258254 -0.0926821861469274
0.00976952699017499 -0.0681504271100874 0.0322489829859296 -0.106864076321039
0.0329100778460366 -0.0611257678049311 0.0733131526848205 -0.0938806320136813
0.0595218636661938 -0.0397845015958225 0.118569020994302 -0.0332947507768352
0.0863437349016263 0.0251917076372052 0.100118023053845 0.0434842914049223
0.0446568478998696 0.0828127085007343 0.0334439517592632 0.0811392014632112
-0.040767310149307 0.0826042114747252 -0.0186627047258124 0.0244200490910491
-0.0936129953810129 0.0412740631295569 0.0985231687583369 -0.0588077643949078
0.0329598747392144 0.0224076874362341 -0.115050975967131 0.0899725521598583
0.0325711152502077 -0.0283316685049944 0.0165848524903315 0.0192426133427937
0.00393938156030044 -0.0424363096601909 -0.0190765958089703 -0.0972518526113031
-0.0294519977144251 -0.0202240837081779 -0.109146503435664 -0.0706472098788081
-0.0233388655158505 0.00929510359912346 -0.149566120265146 0.0232013179715214
-0.0119192390541204 0.0143582659149935 -0.113286563821954 0.1121695138978
-0.0145866443441631 0.0141083409296497 -0.0479264801042556 0.132397233131063
-0.0125152251561665 0.0118027614099127 -0.0115201254876292 0.115483733955499
-0.0131501847496959 0.00492259514929291 -0.00696943579848778 0.107956550338447
-0.0103253783962789 -0.00736970443576693 -0.0152742695886449 0.106741429144973
-0.00556210694061048 -0.0202748841267059 -0.0278103005127588 0.103405308718212
0.0179103286758384 -0.026408020344452 -0.0686191107659414 0.101437008815442
0.0458616402106631 -0.00920243900040275 -0.126760984135954 0.0898362342439381
0.0387108000729085 0.0272773575004924 -0.149536933606817 0.0906129925065186
0.0196850056344763 0.0507490304767746 -0.158808243555494 0.134090340065744
-0.018054737918537 0.0881320165006925 -0.111112521265184 0.0641754963468863
0.0214589130024784 0.0453096159686915 0.0237970530865561 0.00714368604160078
0.0412695732501771 0.0182756252566375 -0.0108248700595227 -0.121490095832426
0.0336415597221399 2.72265080665419E-05 -0.114574188708656 -0.100644976215161
0.0215873887603537 -0.0158935878904973 -0.166671292709685 0.0103989600179611
0.013722538976963 -0.0230255456598294 -0.127060044694467 0.105349899088857
-0.00259492433285887 -0.0361864967085802 -0.0558637440648766 0.130846713577084
-0.0077828004477191 -0.0382403198412192 -0.0110443956125533 0.11047637405881
-0.00118715589333164 -0.0433659025212095 -0.00126954320901225 0.102464935275845
0.0246062071243348 -0.0390922369843321 -0.00616493535746981 0.0973282647537159
0.044547928117114 -0.0301845871923846 -0.0118607017055696 0.0973276771506547
0.0731505374123614 0.0101981042148433 -0.0426834223423638 0.102564128603002
0.0653426584697478 0.0584774890843432 -0.100065975142654 0.0990876136970144
0.00622242685197485 0.0928463176831154 -0.122688136767784 0.107609012330889
-0.0448041179231481 0.108612295400224 -0.133417485850012 0.137018930569323
-0.0741743577932699 0.138571477499985 -0.0861453904316104 0.0260186683855744
-0.00892316413269651 0.119327797195899 0.0447179488221609 -0.0150981448501699
0.0664742685348037 0.0929534948948989 0.0110637284391445 -0.150078880963893
0.0990938803799882 0.0356062657461959 -0.107376375992578 -0.139273274581768
0.0758536944742195 -0.0333444606145328 -0.172704953895724 -0.013348023946936
0.0449645800229685 -0.0568201699861949 -0.131151476129645 0.0823776959944016
0.0144606281607037 -0.0815905660770975 -0.0592169611181257 0.111131178635783
-0.00250641944500742 -0.0826586312933495 -0.00921150527167916 0.0892052781804078
0.00425098631270297 -0.0856300589906074 0.00767192823956739 0.0799677460848716
0.0468635391578906 -0.0709788157146937 0.00987128072738591 0.0744329107564506
0.0806348777699526 -0.0495325082515498 0.0156096498592385 0.0830126687405661
0.124744909307393 0.021923136599943 -0.0077424590962894 0.100869179939869
0.0977605662814339 0.102508862612257 -0.0661111393966958 0.107699644124384
-0.00318392424347596 0.146972366165247 -0.0902519877019645 0.114331313133584
-0.0909945068084922 0.156886296688173 -0.0905359428965004 0.121907547724516
-0.12689327968182 0.164788700428591 -0.0384866561746376 -0.0188918614125294
-0.0529534879391646 0.177384055227434 0.08008444005743 -0.041235709180368
0.0717030861388314 0.167066000561424 0.0464700042260623 -0.173065504023028
0.150932864871735 0.0834031954272851 -0.0804382978658383 -0.174370754321534
0.128334156399302 -0.0376831823937516 -0.159498831392743 -0.0446295553405747
0.0763728454931358 -0.0796627908699985 -0.121275035882754 0.0455695882142578
0.0324871413758249 -0.113879448101458 -0.0562757491338318 0.0756544275198335
0.0034324207841603 -0.115076734122156 -0.0068393756426396 0.0547322147300675
0.00514260091643406 -0.116431687060962 0.0156168833001536 0.0439892567696922
0.0551592553516511 -0.0965027293444211 0.0265456187070727 0.0395847868905482
0.0978575723589882 -0.0699546130968213 0.0446872851610942 0.0588422548757896
0.159579563217755 0.0177709167150659 0.0293551266892367 0.0900469388784879
0.126265703677877 0.122291796197241 -0.0309801554137232 0.108500090727413
-0.000305805375927948 0.177864485572837 -0.0618464889309547 0.10623338215737
-0.117153184526759 0.185014052908578 -0.042940684196286 0.0888281443542254
-0.158454440621587 0.161607915916938 0.0244211520399221 -0.0633752106961838
-0.0982118333774874 0.199392496513654 0.123139310067043 -0.066521059223054
0.051423145405085 0.215404904128296 0.0884591414872532 -0.179173233037701
0.16949512724736 0.127581255888229 -0.0355290692116549 -0.19356212395858
0.160277481685072 -0.0270121367588521 -0.124207271172895 -0.0752329946471483
0.0969992427674848 -0.0871074903371833 -0.094466502231176 0.00264349715188668
0.0474107142966258 -0.128372727021803 -0.0459369812291671 0.0295108082348192
0.00820197394816686 -0.13032283665673 -0.00294468895469925 0.0129228123870472
0.00478767271791218 -0.131046027313553 0.0208842887426334 0.00102122612111416
0.0544005593669921 -0.109051769966254 0.039536501926207 -0.00106697699245076
0.100951794141981 -0.081276157046714 0.0679688212982865 0.0277383722267551
0.169397842135066 0.0103102453672295 0.057710472267065 0.0723598492796561
0.135550150259102 0.124083006183304 -0.00277096589617269 0.100336491356564
0.000345839729072756 0.181992216970641 -0.0425046273147611 0.0866772566952206
-0.128172921343194 0.185409130149583 0.00107451856276893 0.0448388701994129
-0.160494806626877 0.130558011525044 0.0908647279447808 -0.0997010557909724
-0.12424001969928 0.178423506614739 0.162947034159953 -0.0837195545847354
0.0165227564968331 0.216679170270675 0.125309183159347 -0.163229563232779
0.149565496857314 0.145019979168299 0.0131503523846306 -0.187156309762764
0.159337389724673 -0.0110147019421266 -0.0747719605426452 -0.0949368018722236
0.0985761646649324 -0.0788591096742943 -0.0579592021538051 -0.0387322362740403
0.0513039763677434 -0.121334776214726 -0.0296039175648457 -0.0174866295312274
0.012050981753166 -0.126083181111076 0.00115470434994272 -0.0297078532377861
0.00589688826476158 -0.12729186100194 0.024253278508498 -0.0418545133844536
0.0497101405866828 -0.107034668500718 0.0498596311907206 -0.0404298000266758
0.0941389004793797 -0.0778919232621651 0.0866700290531204 -0.00142215460408228
0.156207114027466 0.0116841442117012 0.0776681332312957 0.0551300434225912
0.119540231721208 0.118985679833725 0.0153675148127153 0.0900358983756055
-0.0106171871798545 0.164282918701696 -0.0319564473527129 0.0629805119317399
-0.128667858129521 0.156191512331691 0.0392181776872121 0.000824577389471288
-0.129158811838504 0.0790537162924435 0.144486563976067 -0.121698423911479
-0.117000984284361 0.123041396299144 0.187320417419722 -0.0938438399995559
-0.0113905244305053 0.169993114518849 0.143975645458782 -0.135028019606662
0.103574703092132 0.127119044890073 0.0509855150984371 -0.162441071860568
0.125355478673665 0.00146877023456389 -0.0255744575784208 -0.103158497954163
0.0794111702375098 -0.0591639012226396 -0.0213052699637859 -0.0695457011338551
0.044866749346229 -0.0961080898197691 -0.0130393889543103 -0.0592251013973675
0.0133485915068429 -0.103476290415113 0.00497774311725807 -0.0662460699328053
0.00755158585576957 -0.105103980191778 0.0280683536129278 -0.0792770911736184
0.0434327150264943 -0.0900349070268065 0.0604310304808484 -0.0723577884823079
0.0804542869569578 -0.0626751033588945 0.102615057194507 -0.0235911803725656
0.127775466905408 0.0195433834309704 0.0917768511879963 0.0441383215452446
0.0863184727149729 0.106462274481477 0.0270338587482224 0.0824042609089839
-0.0273433199017564 0.129746672074766 -0.0247570470737907 0.040750847860519
-0.118230447527705 0.105799577929481 0.0719997619453685 -0.0358479497976412
-0.0725348162186926 0.0154065495439597 0.171829550582231 -0.13070792329978
-0.081262884013544 0.0497735118995777 0.188687206715607 -0.0989160704434804
-0.0231458607472008 0.0930426177049408 0.142229787807455 -0.10817833338779
0.0488394475032814 0.0801054868124279 0.0692934137732953 -0.135197236743165
0.0716901803555703 0.00679218258969808 0.00752241793036057 -0.104086558389596
0.0465688062025146 -0.0321434758746266 0.00464561581518111 -0.0894782886676281
0.0297215815541789 -0.0553213567677064 -0.000377553641494674 -0.0881836347913715
0.0123709363133195 -0.064413076189286 0.00785579716289321 -0.0918312426356366
0.00953306292966388 -0.0675828391371806 0.0324514289888734 -0.106875686692383
0.0322344974248899 -0.0616790168659721 0.073026846448105 -0.0923257845048659
0.0595443190441466 -0.0397906858546026 0.118988229248597 -0.0331719142613831
0.0864828328605644 0.0250722032732389 0.100772936712439 0.0444803859606376
0.0445521524790986 0.0825321558760034 0.0327259872906576 0.0822835258655629
-0.041527537585618 0.0807633386850408 -0.0194303254391276 0.0248065701699455
-0.0931761726346124 0.0409554970306052 0.0989960146868895 -0.0589610796823877
0.0353760522587884 0.0215069947646834 -0.113366128514401 0.0981070241199067
0.0297277388513097 -0.030936353754673 0.0205371573403189 0.0213129380128431
-0.00157266782105527 -0.0431827406202495 -0.0210918904699636 -0.0969348890862219
-0.0328777269120956 -0.0169175675393772 -0.112753560027601 -0.0670343288168566
-0.0239514856063541 0.0128521662673641 -0.150197634359949 0.0324370902983963
-0.00962187063996404 0.0176812946133216 -0.105367917621202 0.120078877847852
-0.0131650656859213 0.017363942993316 -0.0370180079697053 0.134886658994309
-0.0114228177914346 0.0131341932244676 -0.00269368138630989 0.117309932988032
-0.0126448788429523 0.00607414560005686 0.00180256935966152 0.111149457149064
-0.0122487929769679 -0.0068920677845963 -0.00636187974098652 0.112455447046423
-0.0090107914989594 -0.0202280350822448 -0.0209666532702691 0.109588273702082
0.0146506293328677 -0.0298572630635079 -0.0659809446409234 0.111355044141334
0.0443281447488486 -0.0161786033170974 -0.128562864151842 0.103099323862692
0.0400421093312162 0.0230899501955613 -0.150812900435864 0.100520878861788
0.0219459739564055 0.0490081045807837 -0.157289688262383 0.142668369843434
-0.00803884616824425 0.0914330350512839 -0.115298999358461 0.0672948952226158
0.0261523980482791 0.0429780743560922 0.0221172348736098 0.00742727907334832
0.0426825595290415 0.0130065514589158 -0.0198844678136439 -0.118761764716405
0.0321236529871286 -0.00446557774670004 -0.122762258158895 -0.0925555740990265
0.0182070289465442 -0.0159943960653811 -0.165798012972413 0.0234023402305578
0.0121593646468643 -0.0219480403358229 -0.117765106677633 0.116396594322529
-0.00680444419872035 -0.0352913458915367 -0.04223008773876 0.137725992523016
-0.0109688014061969 -0.0371107857770732 -0.00190287164363502 0.111773954346294
-0.00610081245534248 -0.042419636612885 0.00783585812332358 0.1050281615197
0.0202564684596091 -0.0434164180107864 0.00182630384576417 0.102412746006267
0.0402087408248092 -0.0349361928893632 -0.00527690655933932 0.103005078196041
0.0740854088208899 0.00124154047465683 -0.0404797800861913 0.110419089359698
0.0697209473625732 0.0505664768610652 -0.101543439674738 0.108669160160062
0.0112394068054975 0.0928452148573987 -0.118505297968627 0.114383655096438
-0.0415159023864721 0.114445216528899 -0.124825065542758 0.14340252513395
-0.0591230506780618 0.145966708891431 -0.0949873882049501 0.023399118709111
0.0032069257494593 0.118959548848829 0.0378504971258742 -0.0178667416148767
0.0755768190990097 0.0845803993277128 -0.00648401564007072 -0.148180834160022
0.101941267443994 0.0234596095486679 -0.121817944156603 -0.127388315069755
0.0702923327112139 -0.0383994728820445 -0.171656372544779 0.00315387661743005
0.0408519713664429 -0.0587673302170296 -0.122817474772267 0.0941225550238021
0.00473175540467296 -0.0829612184357494 -0.0460842346327612 0.120745929819483
-0.00909037735904258 -0.0818845365109934 -0.0016555877414301 0.0892047165025439
-0.00426179753001001 -0.0860020896704479 0.0144383375848584 0.0806408827199653
0.0396199961417368 -0.0768737144626354 0.0166846573957783 0.0779812574307499
0.0744366935159918 -0.0569591242723687 0.0222054903060955 0.0867777846183505
0.127186446023564 0.00885916181552247 -0.00546436128427727 0.107112403477012
0.106523785485149 0.0930091246467755 -0.0673275899070755 0.113875427599831
0.00588934091830865 0.149281413317432 -0.0812259117492159 0.117219729468932
-0.085360789535881 0.168434576343733 -0.0775741363088843 0.124586134266818
-0.107996169299509 0.176388633111155 -0.0509494357459708 -0.0276867157579534
-0.0347359646395945 0.179818732102586 0.067814769822932 -0.0499666274312663
0.0878290289433109 0.157340149630442 0.0214000837460281 -0.173342825685497
0.159044139352903 0.0635520667288926 -0.102484472464649 -0.161555577165397
0.121301201442836 -0.0481761482461199 -0.16083011239039 -0.025885279576091
0.0693569094679285 -0.0850792993960255 -0.115054225645405 0.0584130162570755
0.0192386754681935 -0.118217173412043 -0.045301797816477 0.0873736465868683
-0.00666158144577529 -0.115133823472287 -0.00154636129077296 0.0542108803608412
-0.00708431978052118 -0.116285597382427 0.0203171712482088 0.0430187444556871
0.0457402502672918 -0.103129987369967 0.0310891141588176 0.0416655242105826
0.0903216605988152 -0.0787903552067127 0.0504472863213046 0.0604115309298654
0.161590522702033 0.00043853528102879 0.0314325366773323 0.0941341446396477
0.136937199275019 0.110604292813928 -0.0323459001184962 0.11148054922724
0.0114129488496941 0.181121168284962 -0.0516907048150667 0.105102176226384
-0.109828544143211 0.200157386405899 -0.026721197363708 0.087941143389017
-0.140407163698607 0.175189666763691 0.0112428034675087 -0.0781238920883686
-0.0777493748864343 0.206045011008419 0.108443400049355 -0.0804571049034848
0.073518754925975 0.206416609655266 0.059536397282397 -0.184282814352229
0.18236779399898 0.104691580723615 -0.0623849470629451 -0.181934951948278
0.153994797772678 -0.0419122157651184 -0.127194425759916 -0.0566778689596474
0.0893511781120724 -0.0942149272320187 -0.0918765869290522 0.0138735659858253
0.0313555262007117 -0.134365403538467 -0.0380027624567746 0.0417153820448472
-0.0028636996177354 -0.130435173338194 -0.000481364514046044 0.0123496528091037
-0.00836619263523794 -0.130528559919005 0.0217037819705302 -0.000796803396714971
0.0440357470132407 -0.115199714051055 0.0413690294596318 -0.000862344507738917
0.0921797983905665 -0.0897347007919692 0.0726497451350947 0.02653665067149
0.170794389338742 -0.00674462442397421 0.0610914601304533 0.0730200672999993
0.146645980550219 0.11243080911401 -0.00378965827739398 0.101569514555129
0.0133237622738179 0.186214862870037 -0.0326033296133845 0.0842944439328343
-0.119942449624218 0.20204123206571 0.0170534132859325 0.0404640568791717
-0.146150635947538 0.144126668939548 0.0791287726698365 -0.117072790656261
-0.106188412399163 0.18683705569055 0.149130988778603 -0.101786928268549
0.0395951594528202 0.211255648323528 0.0978958631997645 -0.173361567086217
0.164985505648277 0.125064378924086 -0.0141267023553313 -0.180168729878686
0.154477992615708 -0.0262670791391063 -0.0801959650031522 -0.0804134991233299
0.0910125888958029 -0.0862219299312104 -0.0579391910900154 -0.0301332432602241
0.0373186040198986 -0.128520097909292 -0.0268853772429936 -0.0071196313499563
0.00108873564490755 -0.126786756932241 0.000479891367621615 -0.0311562505467242
-0.00735605202513063 -0.126661699276897 0.0217865589665733 -0.0449590680562197
0.0393323480816515 -0.111732552737914 0.0489677797157355 -0.0418149823895881
0.0858363553760731 -0.0849506835826567 0.0899635947584818 -0.00490312327723482
0.158101727324468 -0.00396483401625208 0.0807315159612114 0.0537350729963721
0.130160829085192 0.108672018001709 0.0148750616122247 0.0889660141512264
0.00134475356325978 0.167787029136764 -0.0234705044620273 0.0600856379818267
-0.121665580048476 0.172113897545418 0.0525324996821086 -0.0054544807176703
-0.120363948077712 0.0887909138931615 0.136197746726027 -0.139995207555344
-0.10430460400413 0.130348176313527 0.176430179059851 -0.112403016072843
0.00704503974304573 0.167234721589732 0.122945148556846 -0.14781012334293
0.117667281986273 0.111846858894864 0.0281847458349557 -0.161360161124526
0.122835835042464 -0.0116775805414034 -0.0326187576426993 -0.0937161522718017
0.0738642276560301 -0.0648514289754954 -0.0244718714836045 -0.0657748374462434
0.0335288771055339 -0.101975677528062 -0.0149273356153994 -0.0517883352947762
0.00421386936793041 -0.104331794386842 0.00113000653004064 -0.0678320128886785
-0.00318586806079159 -0.105277193880308 0.0225652929482076 -0.083915500380937
0.0341708184511564 -0.0934182986460133 0.0567904881891188 -0.0763407630600492
0.0737384314070489 -0.0683236931856717 0.104560703662357 -0.0294140204185112
0.129747039807764 0.00665970936065818 0.0942697423134442 0.0412233502872112
0.0949959135095786 0.0990533234530525 0.0279698943951316 0.0803458809346984
-0.0189561345655562 0.133788625643314 -0.0179509789722704 0.038727914344662
-0.11372561451803 0.119810838218017 0.081885191957954 -0.0422611489783061
-0.0710609751579931 0.0195661385587959 0.16794639477279 -0.145993470807688
-0.0756203790923486 0.0543302870278318 0.182866927535186 -0.114941197260895
-0.0135135818928572 0.0924174457376466 0.129393429153158 -0.120282984616814
0.0572758158333675 0.0708869715825265 0.052806811575372 -0.13832904500172
0.0703090481149833 -0.00175521159240361 0.000179079318600729 -0.100995216123798
0.042515221123392 -0.0358224027456248 -0.00176647153189587 -0.0887977111104861
0.0230573117557981 -0.0601336268083434 -0.00739320324448025 -0.0847040809936487
0.00677487794388913 -0.0657001319441872 0.00178298091347524 -0.0939491231461855
0.00303785654039628 -0.068392342083468 0.02498117296219 -0.111398926816015
0.0266743016535328 -0.0636888968632596 0.0684591350477174 -0.0986820292967759
0.0554093191846622 -0.0432975633802726 0.120656604480889 -0.040492115980153
0.088186585569854 0.0172987491990495 0.104714360336937 0.0405569705082144
0.0505188410618547 0.078904822646765 0.0354162474556616 0.0804367186444454
-0.0367525139968398 0.084828908138619 -0.0151645434326302 0.0246198550087094
-0.0919611986415632 0.0506776270023283 0.104500438244584 -0.0652276850981965
0.036169957853191 0.0210385918055754 -0.109897874356949 0.103157232755397
0.0282798448030079 -0.0311935024116056 0.0235089792856296 0.0206715104373075
-0.00265995403236576 -0.0430937491486906 -0.0247894424644863 -0.097557544406362
-0.0329801243989054 -0.0153358141270856 -0.116674332410846 -0.0635416058418895
-0.0225671942185731 0.0133512946787743 -0.149066947203672 0.0390138745582716
-0.00876391726891124 0.0174614617939508 -0.0985576274312849 0.125447954481674
-0.0119679912787805 0.0181216661905642 -0.0301484751658232 0.137186768336857
-0.0110721796628789 0.0139621405657531 0.00290780622837163 0.117545578676351
-0.012627629677524 0.00647778839058544 0.00824652284357533 0.111955848885379
-0.0123969762741069 -0.00718132297142357 -6.83175074388372E-05 0.113276174739587
-0.0101825198139131 -0.0199503118314773 -0.016589318970962 0.11087176835282
0.0140385869829633 -0.0309771298507761 -0.0624727407165576 0.11508360113637
0.0436353747440997 -0.0181463212438364 -0.124862512732208 0.109672138673307
0.0402168389668413 0.0225777189172695 -0.147819471563246 0.105357459899148
0.023952406762961 0.0489665297800131 -0.154396853626172 0.149948161584192
-0.00414543006201135 0.0928241618225184 -0.113838129415451 0.0724628867793082
0.0275498810450245 0.0429926064593458 0.0240089344045593 0.00677321798131862
0.0439165987654033 0.0117087127100845 -0.0243047220056038 -0.120183256357389
0.0329663401904954 -0.00635869583564889 -0.127642878966864 -0.0894477293327446
0.0179816169345659 -0.0171765634959552 -0.165012880379097 0.0305952116907513
0.0115216174741825 -0.0234913717061683 -0.111286361898912 0.121803883796714
-0.00938788681765403 -0.0349970006972067 -0.0352688643031985 0.139032758905753
-0.0137660266619417 -0.0367998791360955 0.00301640723812143 0.111790648630888
-0.00816093507487708 -0.0429136909617785 0.0135045682001783 0.104160531209424
0.018385745662409 -0.0443330165344578 0.0079863642263746 0.10301046039761
0.0388082036608582 -0.0365684358182713 -6.39726206071196E-05 0.103802605791188
0.0757511407441445 -0.00235817095008532 -0.0374225191894031 0.112641301326237
0.0727416510994546 0.0482993315768782 -0.0982887812385677 0.114132768962548
0.0145192860290047 0.0943941373720439 -0.114270187440116 0.118169664287052
-0.0370708103358136 0.117481544962215 -0.120782907817734 0.149513599709366
-0.0537243827609518 0.150033969630202 -0.0948081095333763 0.0275617290807534
0.00768120126838561 0.119932296840988 0.0382802579153829 -0.0187044834132673
0.0805307765284069 0.0820408488057699 -0.0119081752791482 -0.149552332104441
0.105086143517159 0.0180892558886822 -0.128920571956956 -0.124163400627877
0.069033541767814 -0.0424365110133505 -0.171905712792644 0.00960938943897862
0.0385776070807659 -0.0617066214977645 -0.118275871583502 0.100470007592273
-5.62942391890368E-05 -0.0835257744875947 -0.03947512903997 0.122054912017715
-0.0145957340289063 -0.0822104371377205 0.00208079868091327 0.0895939150906482
-0.00882818032436937 -0.0860782223370614 0.0193586953245403 0.0794047580374163
0.0359867860324438 -0.0793622830000216 0.0219141187043605 0.0778990264784031
0.0720851704018038 -0.0612831674715294 0.0267341959375879 0.0866679326959654
0.129145953310003 0.00159712297305361 -0.00131192014329832 0.107729343902924
0.11177703859249 0.088889061689883 -0.0638969500510859 0.118194983770183
0.0111731171349084 0.151048877787848 -0.0777390748080258 0.120349184776279
-0.0789653223058184 0.174226558471055 -0.0732485980260079 0.128516003889752
-0.101765792270158 0.182162808006547 -0.0525633597988634 -0.0265041303892399
-0.0280708263033741 0.183068839473392 0.0670097063965086 -0.0514367112243575
0.0960537167735172 0.154474054643913 0.0153380358141751 -0.176581598333059
0.164470565171033 0.0559744853181647 -0.110508079397857 -0.159914994637939
0.119187574917653 -0.0547112119841123 -0.16135776733894 -0.0197126909583896
0.0662054467365135 -0.0893355511801804 -0.112421679140507 0.0630416619624058
0.0127095861962033 -0.119288608760105 -0.0399236185457184 0.0881086396548901
-0.0139733079623147 -0.115169856312135 0.000652151895161953 0.0538445088329653
-0.0123810783651924 -0.116176567738733 0.0224056301984567 0.0411854549604154
0.0407157733482986 -0.10587995506016 0.0341470619276169 0.0406183016658668
0.0874986336942159 -0.0831562261251269 0.0542725691801859 0.057683682511032
0.16369736573823 -0.00790141907601666 0.0353590868070173 0.0932528983886563
0.143558271171774 0.104910193455563 -0.0284497502508559 0.114883746257972
0.0186931212541485 0.181766787115743 -0.0478739101978988 0.108070238978675
-0.101267616537726 0.20712335365436 -0.0239392350023968 0.0890750516351473
-0.134100662720338 0.182078730095069 0.00815955786329901 -0.079699769973187
-0.0702294111996943 0.210462444617723 0.105624211462045 -0.084030243842405
0.0825868426605332 0.205488783940397 0.0537752903413927 -0.188232739306788
0.190267600166736 0.0960799570958291 -0.0712702396639749 -0.180832169725772
0.153177610573856 -0.0490971013596162 -0.129300092980638 -0.052208364104583
0.0855374382305059 -0.0995301154470635 -0.0920683675091592 0.0170580961787497
0.0243964058724546 -0.136790444671913 -0.0351439922737781 0.0426290380616281
-0.0111515033131951 -0.131225632715749 -0.000605684336401253 0.011138547378332
-0.0149943244225947 -0.13000446692165 0.0221459170426744 -0.00249053370178765
0.037974503161341 -0.118040983756812 0.0423242551798094 -0.00255889375203959
0.0882135609836367 -0.0944207374779289 0.0757248943942561 0.0230713349043042
0.172137077184671 -0.0161559174207818 0.0643441643326709 0.0708698680065349
0.152443414729282 0.105924753955103 -0.000155130246573513 0.103587181193597
0.0208195663312418 0.186177671209949 -0.0298909281533457 0.0859220387295116
-0.110926253737127 0.209069522369078 0.0185707110377531 0.0392459257041194
-0.141418816841223 0.150746097903727 0.0754684566578059 -0.120840990708494
-0.0989789596639129 0.192671746775139 0.146216853538673 -0.107572875403133
0.0492097012660941 0.211294156024942 0.0928948396295051 -0.178296476833837
0.173466879780237 0.117368776481711 -0.0225878218160533 -0.181430523668819
0.153870860265887 -0.0338430462771735 -0.0826400137706242 -0.0786686723954369
0.0876998967559083 -0.0909350370554814 -0.060280503602493 -0.0284430666861608
0.0297939445711674 -0.130983433136083 -0.0265446164810769 -0.00753796354167975
-0.00678662494272919 -0.127403842356195 -0.00156525023837789 -0.0314073948315469
-0.0132370616580872 -0.126119325402273 0.0198005130444309 -0.0464428920110629
0.0335778772419182 -0.113869855863843 0.0472864438973744 -0.0438286144529614
0.0821228371702863 -0.0892060569838236 0.090490460945751 -0.00958442978697646
0.159477161065018 -0.011966731002908 0.0832086158064473 0.0504320689163119
0.135893947187586 0.102777794114238 0.0191308497085919 0.0903856728285069
0.00777010946150361 0.168142552505031 -0.0218271999312167 0.0620613119919421
-0.114210223566833 0.179274119302172 0.0520765897770942 -0.00830918096789759
-0.117693224961857 0.0941595526495979 0.132550732374687 -0.146128801811071
-0.0996540535930963 0.135862522806666 0.173097499498359 -0.1193065719607
0.0146154302200412 0.168311988726069 0.118610045302003 -0.153264737468627
0.123653461129546 0.106424603020084 0.0213578531553247 -0.163309960030445
0.122280295588383 -0.01727865049732 -0.0358796988604899 -0.093383046939864
0.0715605767917561 -0.0686321317142919 -0.0284909960006889 -0.0651919926173231
0.0281813504553425 -0.104050515545918 -0.017547368054424 -0.0516784791474606
-0.0017859838149726 -0.104964150942079 -0.00216302211651381 -0.0685641685657306
-0.00794476644952816 -0.104754584900138 0.0182285226590825 -0.0840274528395072
0.0299988794641264 -0.0955128960663091 0.0534574045420913 -0.0782927768119321
0.0712859795164634 -0.0717685546241468 0.104523891689022 -0.0340482703629685
0.131025299362496 0.000307440036046206 0.0967611984474176 0.0373066572980754
0.100405347957644 0.0947298171461728 0.0313718504675516 0.0812326257990383
-0.0135831498067409 0.134608751789055 -0.017116031144375 0.040661742982462
-0.107848772330581 0.126001031324571 0.0803471627657006 -0.0468904873744068
-0.0707606325459416 0.0228852874845384 0.164499823967397 -0.153357702361569
-0.0740808853104565 0.0579451804132671 0.178507811697613 -0.121723679217563
-0.0094350086024862 0.0929321569239988 0.126325489298982 -0.125357235562871
0.0612544933676048 0.0689303307585421 0.0469415113995529 -0.140687846219855
0.0699692048737391 -0.00438572236452177 -0.00382923073028913 -0.101429988260645
0.0413014093699885 -0.0373886195871987 -0.00667850307790962 -0.0906105837147379
0.019778094468792 -0.0609316544840103 -0.0109666731405408 -0.0846640293269308
0.00288096591974685 -0.0662607174796475 -0.00256257454075763 -0.0943562912547546
-0.00035976290666484 -0.0684840329797024 0.0201310109524693 -0.112921333566095
0.0236196844744986 -0.0650810708990715 0.0640141392842808 -0.101241584553536
0.0530664846833926 -0.0456702119803637 0.120388260742411 -0.0467256629916968
0.0899000978418537 0.0131878044184145 0.107444060909671 0.0365345406640228
0.0541135613446063 0.0767121955654079 0.0390177946501555 0.0804038199185918
-0.033664699175078 0.0865701818626843 -0.0151600534441029 0.0264751887766693
-0.0892963075830963 0.0556104848118183 0.101736565643773 -0.0708666183347058
0.0369424483281221 0.0199954045596026 -0.103103889381728 0.105933142621394
0.026436444697884 -0.0309493500946321 0.025773439631311 0.0193341132243715
-0.00456707131195659 -0.0425811205058674 -0.0288542474092118 -0.095914889377873
-0.0327589311587091 -0.0136406666615812 -0.117730389721478 -0.0577689793402865
-0.0209794166408197 0.0132672392512466 -0.143900854632715 0.0450595497218673
-0.00727067794240656 0.016830782004021 -0.0883324804752541 0.126977061157054
-0.0110834550517792 0.018532160708993 -0.0220575343139562 0.135461425805105
-0.0102898394331633 0.0143224321924651 0.00884712985345419 0.114667844193466
-0.0118602156593203 0.00691880583855172 0.0144873430610435 0.108312994436888
-0.0127215322401006 -0.0064365934217797 0.00690269505395905 0.110780133940375
-0.0105730320065779 -0.0188518249445995 -0.0114578469742348 0.109755297342894
0.0126893754872973 -0.0310273530411838 -0.0572382617281992 0.115879501663471
0.0415321753576695 -0.0197002331639307 -0.117293562788622 0.113482468226178
0.040105536541275 0.0218426136188169 -0.140612993107846 0.108150220357258
0.0251687905320188 0.0472361020073458 -0.145234868498833 0.154927844870588
0.000301288711806359 0.0915305276965899 -0.10815250517887 0.0757539581238797
0.029080228718156 0.041369564585056 0.0255373954913638 0.00610510564259493
0.0445558965883562 0.00908865212964148 -0.0294867368864055 -0.118287049184647
0.0333413079549374 -0.00867525533680843 -0.130404950604769 -0.0820311033565964
0.0174147550596256 -0.0185474953706413 -0.159633680264611 0.0369446947338246
0.0103177758591352 -0.0245145998338884 -0.102069331438947 0.124521606940008
-0.0112410645021118 -0.0333953919245011 -0.0267459183044562 0.136397026971208
-0.0164092290211146 -0.0349830500953049 0.0085354679283601 0.108930152976755
-0.010711602561933 -0.0422047606940514 0.019562758530719 0.100325090282916
0.0155070447669176 -0.0445225314438892 0.0144714531130534 0.100077970955558
0.0357850753936833 -0.0380481531974161 0.00473835174591806 0.101620686510947
0.074533864156473 -0.00707520705469706 -0.0323719093244115 0.112576539737879
0.0729380416685519 0.0435323827323955 -0.0912760869535286 0.117213847997933
0.0176804013093332 0.093381504567408 -0.106937451191012 0.119596836920231
-0.0303271601058318 0.117390165044132 -0.112731174491334 0.151959304554479
-0.0456676230960922 0.150174398166731 -0.092215844674926 0.0307848383377414
0.0136958150185756 0.11795995737352 0.0376227409848273 -0.0195565413121899
0.0837165816015769 0.0763848447816603 -0.0180734278837476 -0.147584372614432
0.105214950163663 0.0108752391265029 -0.132762425366662 -0.116577756279118
0.0659399969409541 -0.0452313946717754 -0.16732377538658 0.0165078559978497
0.0346061723007208 -0.0633648922390165 -0.110299748001548 0.103899211020535
-0.00532468447280199 -0.081115930500307 -0.0315204400821046 0.119399159699339
-0.0200001350065605 -0.0790824633764446 0.00667669615859603 0.0865727337184161
-0.0137698590693642 -0.0834662045055197 0.0235102175430325 0.0751529602096059
0.030661954111279 -0.0799703775307844 0.0265502220466985 0.0747710341802187
0.0675887089702977 -0.0633265765868658 0.0311704110043267 0.0830567505305787
0.127954373355736 -0.0057635186519151 0.00301164163404874 0.105687832086715
0.113697965923623 0.0819619742988843 -0.0569946769377375 0.120525197730245
0.01744241860739 0.148411891972755 -0.0709786164177179 0.120668212475546
-0.0685783525040786 0.175310030447799 -0.0665995355378916 0.128694885262035
-0.0915105535904459 0.183843025348441 -0.0531763955009612 -0.023054462175127
-0.0191977917902856 0.180597273860875 0.0640889010886872 -0.0525964972349419
0.102284918621319 0.147046092371646 0.00739705869680223 -0.174522446245042
0.165741738091786 0.0456246235043633 -0.116479562249189 -0.151805776727185
0.114781113787424 -0.0595788449658346 -0.158030469220654 -0.0128707970604675
0.060510218650547 -0.0916979010095491 -0.106964065074034 0.0674605558296035
0.00509452894282674 -0.117086536647618 -0.0336722912374045 0.0860582010338676
-0.0216312827787958 -0.111888687886523 0.00305871182121046 0.0528086049836151
-0.01907927239835 -0.113172623263612 0.0243738760329271 0.038362281713601
0.0333119013870538 -0.105720475692626 0.0369858682684117 0.0379943288665428
0.0811764496623847 -0.0859705566252694 0.0563820774915567 0.0533874050746355
0.160977393857491 -0.0174226710699159 0.0390540404963974 0.0892168965382178
0.145765680730042 0.0957188126600609 -0.0221658822740513 0.115570988730512
0.0267871517172413 0.178512775680849 -0.0417876447544587 0.107600200563739
-0.0885751401148737 0.208485128920004 -0.0196882952350743 0.087105878761858
-0.123978215810918 0.184578272381208 0.00453883379012189 -0.0773144600745836
-0.0595310539900108 0.209980656612404 0.100608985479981 -0.0855988552437633
0.0920040216282694 0.197861163346781 0.0454065895451963 -0.187776381411186
0.193122623980825 0.0834590096751354 -0.0791646433477278 -0.174847871546693
0.147176006795844 -0.0563229688164866 -0.128628216413935 -0.0464301941750038
0.0791551543221301 -0.102636328325442 -0.0902316091057539 0.0204924986596235
0.0153795783506709 -0.133788360140025 -0.0318875106244495 0.0414700421532786
-0.0192432276163492 -0.12743318415779 -0.000708709550775769 0.0107309933138562
-0.0221233101210699 -0.126369115967081 0.0215081704089246 -0.00413566890708274
0.0302545501411012 -0.117498380932175 0.0421022657691489 -0.00440340304614215
0.0813472541929132 -0.0968868094853378 0.0754776001204904 0.0183355358261273
0.16846913272987 -0.0258446615175447 0.0661032336680286 0.0667038826636496
0.155093763331496 0.0959660038838495 0.00500799108164171 0.103246249955911
0.0287546832051767 0.181762288747339 -0.0256512488533332 0.086116561858875
-0.0977072442478803 0.21126517224798 0.0193778196557047 0.0367044934064793
-0.13198715806719 0.154076473503632 0.0689104720071034 -0.122051444643147
-0.0888308088580937 0.194096357153894 0.138583236790447 -0.111084566838757
0.058428994716837 0.204836799350857 0.0842511621777362 -0.17952156385124
0.177283843360982 0.105827585709128 -0.0307732112359489 -0.177185329214451
0.148886815888912 -0.0403763154275458 -0.0836804382796299 -0.0738374568711987
0.0823146980187396 -0.0940108940586113 -0.0616373590604673 -0.0252769310968023
0.0216762543191098 -0.129335697918187 -0.0266359129619671 -0.00687753599099314
-0.015154159631472 -0.124197006608386 -0.00349735510490899 -0.0306342508588723
-0.0204327187901266 -0.122215509628699 0.0166804305873304 -0.0466023318929077
0.0263202147651453 -0.113301175721566 0.0443946867110655 -0.04447166449726
0.0758923543360899 -0.0915706299813135 0.0888418089767302 -0.0146021998111846
0.15601209842733 -0.0210528050090391 0.0842320297872515 0.0455230970559763
0.138373510424863 0.0930624740185832 0.0227961123027416 0.0890383307980089
0.0146887874252752 0.164270383512325 -0.0186363828671367 0.06172623631659
-0.101730955793921 0.181874372833608 0.0506068991985722 -0.0114622866405445
-0.11130610529838 0.0982107909162473 0.124630146209294 -0.149765689383522
-0.0918171560399326 0.138171213679293 0.164350598979584 -0.123333874101175
0.022385638623734 0.164386998875992 0.111211459595036 -0.155613490605255
0.127504715057602 0.0978358756011433 0.0128363173926807 -0.160666880309179
0.11852053002046 -0.0224376699747305 -0.0392601707802787 -0.0898062222391014
0.0664637996115861 -0.070639615097187 -0.0327224729038624 -0.0635329731389581
0.0208039707175536 -0.102871782709448 -0.0194071108953415 -0.0501907720663138
-0.00899058643515149 -0.102421795187036 -0.0060945147718292 -0.0662875789045593
-0.0132896889353723 -0.101469314651923 0.0137848607568053 -0.0833339336356205
0.0240660264179845 -0.0951834837649784 0.0487889132317905 -0.0784961023550337
0.0661718503468919 -0.0733257624895403 0.10173058601117 -0.0394246266002809
0.12928636238828 -0.00789866819491161 0.0966840882212168 0.0319012204970965
0.102375074172246 0.0870542743197528 0.0343825880364083 0.0794004091382747
-0.00760803649860189 0.132242330094744 -0.0157699830098115 0.0414152758734709
-0.0980908331164095 0.128887965196439 0.0758332852201109 -0.05005048012247
-0.0684030542433726 0.0264932662891724 0.155545388072475 -0.157698384102594
-0.070235685539525 0.0600921002511843 0.169811674270758 -0.126582334684161
-0.0050668704819509 0.0912595744776425 0.119627529201352 -0.128314721276789
0.0635018305070648 0.0641174370424534 0.0395946306888105 -0.138955007947338
0.0672797884477457 -0.00745694771136265 -0.00811816068932967 -0.0996535413880337
0.0387973310656051 -0.0378362247197163 -0.0119771569385469 -0.0888358322360184
0.015340916480284 -0.0601825203049575 -0.0150886310943951 -0.0816652358326244
-0.0015875510610444 -0.0652093907559892 -0.00681430792247753 -0.0917109402626834
-0.00434099115960701 -0.0664379790270775 0.0133670055614254 -0.110332340175242
0.019288484366501 -0.0645613303915373 0.0569013700923616 -0.100949107700321
0.050156304274988 -0.0469381177285394 0.115165645784839 -0.0520896454738918
0.0891879773299368 0.00777404756832786 0.107563408325147 0.0306551443213954
0.0570564569513802 0.0721021110437751 0.0422574512971964 0.0776975165487112
-0.0291451459562105 0.0853944179738884 -0.0140114221125314 0.026912123277293
-0.0834356635268895 0.0588072436369846 0.0956112251978546 -0.074280416372983
0.0359790345665677 0.0194507549640825 -0.0960227559469342 0.104558504116978
0.0245987657185383 -0.0294546021469584 0.0267572099614222 0.01687189905425
-0.0050723290565717 -0.0406089103605064 -0.0308258296225617 -0.0929436193930103
-0.0317359548574504 -0.0127987178494658 -0.115870457678959 -0.0528352633116597
-0.0199137696249187 0.0128993491815429 -0.136600851114554 0.0466245370749429
-0.00642628531534107 0.0158108942210424 -0.0803224237302273 0.12398521636325
-0.00982671433605705 0.0183233881535804 -0.0161534118701632 0.130300254961829
-0.00934110650358038 0.0142022107450297 0.0118308550199859 0.109429956426433
-0.0115827236385514 0.00689220449555185 0.0183954618679205 0.102997316354531
-0.0126110996528948 -0.00565753814242096 0.0107950151720393 0.105915969517555
-0.0111458073290504 -0.0177223017769959 -0.00806721407568959 0.106286328919635
0.0113080526929371 -0.0302179383024333 -0.0526251575836301 0.113916439525706
0.0389969463026004 -0.0199825533467426 -0.109755873149424 0.112469356716806
0.0391398599886558 0.0217143338287808 -0.132832008884261 0.105799305634505
0.0256289309841153 0.0447949180843521 -0.137429836926252 0.153129585994692
0.00301530434083148 0.0889384402724889 -0.102497510593043 0.076179468857929
0.0295250640495631 0.0401703029847948 0.0263039250892534 0.00482443507000044
0.0437478522234693 0.00747948891473921 -0.0314772835451913 -0.114752984325491
0.0330517625893074 -0.00991900618775848 -0.128298266109786 -0.0764473960017913
0.0167299939726479 -0.0186902286243393 -0.152379058376952 0.0392683213687957
0.00895160017004331 -0.0248282308280287 -0.0938021908858131 0.122095219223104
-0.0122117219627495 -0.0313140561369164 -0.020530239614341 0.130439083557439
-0.0176154987743089 -0.0327772554883964 0.0115130427142783 0.103784336455069
-0.0118296044550114 -0.0397891114917419 0.0225825446159364 0.0945348098630679
0.0131416862585866 -0.0437173521832726 0.0182293293351026 0.0956092852812044
0.0334293894201139 -0.0376551817254573 0.00794427749747259 0.0979582672179798
0.0723117157202764 -0.00981176983207254 -0.0288943919674945 0.109636515989417
0.0712415964624379 0.0399565816509867 -0.0847715537028424 0.115594747799919
0.0193302885557619 0.0910009171814563 -0.100205393833321 0.116398370143861
-0.0262338537141406 0.114455319544972 -0.105694389345863 0.149346571093492
-0.0399242784005828 0.146347891840349 -0.0881644590090385 0.0318547606415773
0.0154815768733517 0.113597628692703 0.0370572104099736 -0.0193458043303958
0.0830880567230106 0.0713184923706213 -0.0209680588232307 -0.143259528483193
0.102833145298163 0.00644086072133093 -0.131981422768148 -0.109767304345138
0.0625380091933879 -0.0460309118688166 -0.160446689064844 0.0194034329558737
0.0314917437997112 -0.0633087453421694 -0.102220652955361 0.102958489171832
-0.00823142595318106 -0.0770303624126138 -0.0260972907854515 0.114143408551804
-0.0234809042263683 -0.074885804280639 0.00897172231454808 0.0828540707417294
-0.0163146600403961 -0.0796601742253033 0.0253733887119045 0.0708956947383281
0.0266405279523297 -0.0781270626022842 0.0288472046634563 0.070501557315384
0.0625358345604193 -0.0632573725894146 0.032913324948491 0.079055493961358
0.123716520255348 -0.0105946310444318 0.00560542238372818 0.102056380549921
0.111435160965574 0.0752987197316323 -0.0511932075569845 0.11878971291463
0.0202903566861548 0.143876300533686 -0.0652827093518549 0.116475288830232
-0.0604501034887463 0.171209333965343 -0.0614703862522294 0.125168447418564
-0.0838188878149252 0.179718130053865 -0.0519993342489346 -0.0212256875151243
-0.0146867456750942 0.175446529156117 0.0615960429777572 -0.0519491991026499
0.103844301037961 0.138513988721205 0.00289412894527096 -0.170021039930198
0.162428889155387 0.0374760911569697 -0.117246162650511 -0.144166964853659
0.109161859236617 -0.0608105465508736 -0.152329854916258 -0.00962606188711347
0.0554798081778674 -0.0912291765643151 -0.100857839130016 0.0677159228018957
0.000104939299665692 -0.111884006351901 -0.0294067646177065 0.0817834897516135
-0.0261566263538044 -0.106373114309388 0.00460236269399616 0.0502271522595785
-0.0226848036000311 -0.108191124581613 0.0243452078983223 0.0352901737168382
0.0281189111805287 -0.102989282840616 0.0369361658505596 0.0349881481105047
0.0752550865227003 -0.0856892261082369 0.0563427644195986 0.0495861838021899
0.154557280350732 -0.0234416345328007 0.0399535411411794 0.0853795930325048
0.143509866845396 0.0871288094254054 -0.0182480619284608 0.112672583570386
0.0299803075894538 0.171392431886034 -0.0381469885824566 0.104621327100631
-0.0786704289210552 0.203451505782417 -0.0174825673506181 0.0836056870163062
-0.114977513780628 0.181811385128757 0.00225391546580111 -0.0749612068322871
-0.0519780497227806 0.205286144493275 0.0956201379320425 -0.0843441296460245
0.0946222363356657 0.187688375397712 0.0397884612204424 -0.182410811076337
0.189331861709421 0.0733370806911624 -0.0813232889795769 -0.166201626622262
0.140586070428956 -0.0585915610139233 -0.124256689308089 -0.0428706175872297
0.0730017310684774 -0.101854876026428 -0.0865013614080868 0.0228327475521746
0.00945971053543065 -0.12956318255817 -0.0290135602825672 0.0390575418603789
-0.0248757009091403 -0.120791508854756 -0.000192214431914318 0.010527217261874
-0.0262268392387284 -0.120439453805337 0.0203639836849994 -0.00574092714415932
0.0247627742362844 -0.113830592867123 0.040721822798679 -0.00532221533764589
0.0759234472161293 -0.0956315854650023 0.0730667339610745 0.0149542002200289
0.161575681700564 -0.0314111070363311 0.0654144756540826 0.0626839617806854
0.152592174956436 0.0875171484019545 0.00824064626658751 0.100865551344358
0.0321986697618936 0.174184326340982 -0.0225290674714057 0.0834966981338859
-0.0870387851269982 0.206044154784429 0.0186216206971151 0.034113736340553
-0.123302202219668 0.152618334017774 0.0637620604706887 -0.1192837942164
-0.0808718078692509 0.189862450418322 0.130195300947846 -0.108651931809063
0.0626373277002759 0.195654916755243 0.0773347861046074 -0.175666623493548
0.173555641754231 0.0947689567181384 -0.0346825037472058 -0.169336925858085
0.141478081231649 -0.0432386030578831 -0.0823508257283947 -0.0694263952045581
0.0760332182392744 -0.0938666488414696 -0.0610305239555504 -0.0226232110839271
0.0151588709288065 -0.123877748138778 -0.0252811184406417 -0.00718799446346538
-0.0203995771279595 -0.118321870820562 -0.00455178017101981 -0.0287346947170482
-0.0236213007914681 -0.116499335054293 0.0145881947521434 -0.045289982873314
0.021725910922063 -0.109924224657923 0.0416929296796664 -0.0442644927215765
0.070374409685228 -0.0901782529811984 0.0855187304352287 -0.0173024560589472
0.14932035260575 -0.0263279186003151 0.0825772612509774 0.0406337741088088
0.135603630532607 0.0850412369267329 0.0248441806758505 0.0867030191374786
0.0186788515651677 0.158038737420686 -0.0165779640153722 0.0609119311675709
-0.0913518412855126 0.178024075236664 0.0472874244718786 -0.0132567711233068
-0.104612415318448 0.0984634888798906 0.11705168030279 -0.14724093936074
-0.0847848369371472 0.136349768821249 0.155268314166068 -0.122132186144061
0.0258767950631929 0.157228245377198 0.103776349852826 -0.1525616493898
0.126069076859485 0.089389862554489 0.00815975123132096 -0.154849515409208
0.112816095407329 -0.0252435659090207 -0.0389183285971851 -0.0865631569169938
0.0622125137395016 -0.0699587589720373 -0.0345170781516449 -0.0600701400593054
0.0160331941950804 -0.0989945867690567 -0.0208612190952117 -0.0485337193395996
-0.0136147154331673 -0.0974075428431172 -0.00781754405644652 -0.0637277682619536
-0.0165817413342696 -0.096880044139972 0.00955237507365359 -0.0798693809622642
0.0191574980318006 -0.0919002478190217 0.0444916599250732 -0.0762198548337912
0.0610477447346656 -0.0726705241818302 0.0962567843420517 -0.0412549046384413
0.123499128541241 -0.0123984313623838 0.0941157529062953 0.0282637273223791
0.101402043151127 0.079958692069313 0.0358254707550299 0.0769193406519737
-0.00399567919542551 0.126915710705006 -0.0141490765469729 0.0405787241134695
-0.0897311826629213 0.126538361841815 0.0711137777648163 -0.0502857812922493
-0.0650075358026407 0.0275462092893472 0.146925697508825 -0.156079816188206
-0.0664878275015021 0.0605405573886433 0.160883477772672 -0.125515307068851
-0.00306271785260164 0.0876075539382515 0.11305676251586 -0.125869354980009
0.0622473057443657 0.0598088062833955 0.0347158748926851 -0.134979100266825
0.0643702634312715 -0.00894954109125514 -0.0105760698066919 -0.0956435283862061
0.0363061007391043 -0.037764997340437 -0.014775582143277 -0.084834884108341
0.0126896789651044 -0.058123775988042 -0.0173698744481225 -0.0780695576423415
-0.00459806631306441 -0.0622866485364632 -0.00974443661962897 -0.0873011449961982
-0.00620849855612504 -0.0633420708945065 0.00907741119462275 -0.105242748647856
0.0160574388811724 -0.0628478353679832 0.0522346388902862 -0.0975840005718467
0.0466708475076996 -0.0466721826188005 0.109365095983736 -0.0533580189021679
0.085764335819979 0.00369091550666549 0.104144394416492 0.0263050365202132
0.0569185969962228 0.0669342502606542 0.0425994389891501 0.0748348597030961
-0.0261448966408421 0.0831763106696875 -0.0132202377082844 0.0272747269914646
-0.0777421099771498 0.0587200186067767 0.0895685091956639 -0.0743814150659554
0.0354521051844407 0.0186464754683689 -0.0932832901428009 0.101988606853401
0.0243721661801308 -0.0278839365253516 0.0272452906454369 0.0160922493674484
-0.00483686879593048 -0.0400364152363956 -0.0310171238649571 -0.0910603668669607
-0.030402590335974 -0.0126080668629833 -0.1129678373137 -0.0511562210415472
-0.0193809628588584 0.0114466707344786 -0.132787641312993 0.0460869597058618
-0.00600624046040774 0.0147118346100465 -0.0757073112698501 0.119685463619493
-0.00906056996382704 0.0178885590402609 -0.0141320635253848 0.124897212084992
-0.00930058569427339 0.0142389394497341 0.0121132259273123 0.105869310181038
-0.01104751360289 0.00645719956654271 0.0188262528403884 0.0990364304607048
-0.0122594495118994 -0.00531183200029219 0.0117518874176129 0.102065914528855
-0.0108590535342024 -0.0171588917506612 -0.00737127439203578 0.103608025682377
0.0111124918830512 -0.0299263371483155 -0.0519441240453998 0.111406007333554
0.0370348146819129 -0.0186890673244044 -0.106255272314149 0.109017384802836
0.0375925019473774 0.0228351005405523 -0.129437678331924 0.101394957233113
0.0241526757472766 0.0432932244344176 -0.134177281484335 0.149351814798337
0.00316666886127049 0.0870075816941081 -0.0990111263126124 0.0738855610676637
0.0287952801801497 0.0394731154225276 0.0262794142238883 0.00461583454541845
0.0428901754412866 0.0064961630736228 -0.0318929598777778 -0.111988141399986
0.0322881514774875 -0.0105591154691399 -0.125424005114382 -0.0741465952341452
0.0161665458404248 -0.0193476422813735 -0.147397775789714 0.0377761956840882
0.00847516215555833 -0.0252104807355774 -0.0889995907156839 0.118067043241047
-0.0120423653702415 -0.0296483368792722 -0.0191153617881243 0.125357307257951
-0.0179627312738023 -0.0308340644038528 0.011857595166007 0.0999921504035077
-0.0124875741468861 -0.0386256241360143 0.0227885826054606 0.09085831894788
0.0123088192476565 -0.0430214069289104 0.0187520954285609 0.0917569616512757
0.0322464968785542 -0.0365529469736098 0.00767841361767205 0.0950901439139214
0.0704648381542577 -0.0104596034998357 -0.0284506616553774 0.107303155214909
0.0691209879071354 0.0384570936118747 -0.0815806426776072 0.112964114280981
0.0188588481426127 0.0895682662190774 -0.0975836504517421 0.111859644005452
-0.0251507379905927 0.111220539912634 -0.103386640061836 0.144886967415807
-0.0378063761106296 0.142902300481897 -0.0853856305001774 0.0310448330282607
0.0155720171222059 0.110694937974202 0.0369753229801129 -0.0185774759474905
0.0824333388245934 0.068267960436492 -0.0217457632757343 -0.139236237281402
0.100331350156376 0.00463138819375324 -0.128870613292324 -0.1062840748691
0.0605033254359429 -0.0451938358263631 -0.15558577647996 0.0182773246805648
0.029638639392506 -0.0624190589812616 -0.0978532321784119 0.0999492683384271
-0.00911921035437295 -0.0744486910181776 -0.0243316142409769 0.109219521769329
-0.0242227317935168 -0.0718836371305511 0.00860398106203084 0.0799013106661558
-0.0172249002125542 -0.0772981568333641 0.0258540358169195 0.0673531518666103
0.0247534461013333 -0.0764877071744304 0.0293889933890529 0.0680309636483536
0.0602534547769726 -0.0620157798127724 0.0323097852619642 0.0761443109131841
0.120168094137491 -0.0122868797089875 0.00510631013465463 0.0991900233152671
0.108922677992596 0.0726558812656463 -0.049206344128276 0.115358224213873
0.0201326648163128 0.140385113739189 -0.0643434680339328 0.112161171780194
-0.0580657095219135 0.166659355773019 -0.0603541731161834 0.120880853463422
-0.0805155328131066 0.174369769387259 -0.0500591451313293 -0.02035645564164
-0.0133236108152079 0.171514352760243 0.0600498908644202 -0.0496937249470751
0.101864223820721 0.134067612378331 0.00205611974490341 -0.165421085219554
0.158272422234382 0.0340539739963606 -0.114051874692661 -0.139264152089542
0.105759751516528 -0.0598947708056604 -0.147746717167829 -0.010261740598143
0.0529565825030551 -0.0896882021849907 -0.0977429245074916 0.066300206496173
-0.00118068434092027 -0.108158019935534 -0.0282586591313925 0.0777088336251013
-0.0275227802139397 -0.101444498563883 0.00407870560668139 0.0486215465990733
-0.023412282760633 -0.104170731438282 0.0240605482153931 0.0332402785248709
0.026551794900046 -0.100176826159378 0.0369216610081116 0.0332748804660308
0.0722922038632616 -0.0835307392746008 0.0552374077055562 0.0476853435286555
0.149999968291621 -0.0253270754215771 0.0383385725182032 0.082943757487168
0.139075207826778 0.0836386317224667 -0.0166666325064404 0.110808161139177
0.0297391228014881 0.166916300059043 -0.0373303590756202 0.100627107942202
-0.0747850581437034 0.19796947634474 -0.0181179704447463 0.0802983021437109
-0.111308105757005 0.177306484588967 0.00278940133367665 -0.0726546740873344
-0.0506484517404137 0.200014349448151 0.0934082331252457 -0.0810790600180077
0.0938823328865908 0.181288908142314 0.0378914277809296 -0.178298709545913
0.184643019883906 0.0691426192668167 -0.0799898622925222 -0.161462423731725
0.1356295437218 -0.0577455625854019 -0.121348069550149 -0.042328507061583
0.0698999233641884 -0.0998763978225099 -0.0840493823936544 0.0227706855240766
0.00739822611479827 -0.124714472467387 -0.0285939244604258 0.036259624767403
-0.0267729220789705 -0.116188790740352 -0.000395361396342257 0.010466270370106
-0.0265918082586667 -0.115839579363869 0.0192963079580494 -0.00599394771969655
0.0222968441560994 -0.110169474307046 0.0401900256947474 -0.00562644139564009
0.0725868058592584 -0.0932103147428143 0.0714778754062136 0.0136835138582535
0.156423442221607 -0.0334246641540983 0.0636030130858247 0.0604074327852446
0.147288031547485 0.0829675407479877 0.00863502371707459 0.0990140286834269
0.031786406082943 0.168884708683205 -0.0223359685434108 0.0804169229196645
-0.0823607518601027 0.199546332755002 0.0173018093489054 0.0321542521427928
-0.1192022668579 0.149297045366622 0.0629655533019372 -0.115949755387811
-0.0782670120844168 0.185148072964522 0.127176683158116 -0.104884019749997
0.0620127747140447 0.18949680042332 0.0749289592060487 -0.170697279183246
0.169411962834403 0.0900869654962975 -0.0344278433275516 -0.1637472314428
0.13701990539171 -0.042845193920047 -0.079470538463037 -0.068311939186151
0.0728783219949789 -0.0917027061825842 -0.0602522049359631 -0.0211005715307553
0.0133972999226208 -0.119700840393438 -0.025293424125714 -0.00773389240735897
-0.0225017165456746 -0.113599950526298 -0.00494762799413886 -0.0276034013139268
-0.0244386576932999 -0.112730337832412 0.0130926226464241 -0.0433968432870316
0.0195393030486913 -0.106207268072468 0.0401320304061201 -0.0422037338449689
0.0676648123023045 -0.0877455026206344 0.0823944402208899 -0.0173515340369057
0.144532815869529 -0.0275759364520984 0.0799444730418841 0.0400808938658336
0.132121480743866 0.0800476077399728 0.0243502009612829 0.0854279346510532
0.0184625636072163 0.153227072342583 -0.0163966123610024 0.0589771859501099
-0.0865754972230108 0.172581779624068 0.045040285574558 -0.0131640710751099
-0.10127050168379 0.0956911051872388 0.114255730234551 -0.14262793558569
-0.0821832043060061 0.133185870474261 0.151341675605616 -0.117891017150429
0.026565616211342 0.15239500778884 0.101057619464222 -0.148565002351477
0.123056949633129 0.0852851223242773 0.00745903996311923 -0.149174074238436
0.108663421052846 -0.024548352346577 -0.0376731162171349 -0.0846473393103947
0.0594589858939983 -0.0683379551657401 -0.0342586477853137 -0.0578121663912399
0.0141593476784977 -0.0952168583991258 -0.0208041034848836 -0.0476080191522705
-0.0145067181092243 -0.0938807009742628 -0.00776813436925812 -0.060793575254216
-0.0172882472824451 -0.0939955595049122 0.00908642322338953 -0.076600052197858
0.0173565665038485 -0.0887261276250411 0.0428870398011253 -0.073268430824999
0.0584448680685927 -0.0703793828543226 0.0929706881274113 -0.0404258441614937
0.119265507071151 -0.0140200158285576 0.090839388867319 0.0274921794888095
0.0982508817528266 0.0764473944668959 0.0355083530834672 0.075631130396749
-0.0035306165286521 0.123098696527376 -0.0138575772911411 0.0400330465177834
-0.0851598134575572 0.12217454115052 0.0678604543488172 -0.0493897640695333
-0.0629050528047385 0.0276031901544016 0.143942100579258 -0.151550753474802
-0.0634871544707926 0.059178813045726 0.155560338017954 -0.121223890809505
-0.00218712508889434 0.0848993901987424 0.110407457828855 -0.12262070100688
0.0612565827736841 0.0571058727976222 0.0333734464393975 -0.130334097925933
0.0615311500239252 -0.00808576400797987 -0.00959302355153431 -0.0929774601431431
0.0348304427627226 -0.0359363934962381 -0.0165759478705472 -0.0821019027671967
0.0114776227112858 -0.0559559006209737 -0.0174304957474822 -0.0759837795280334
-0.00562332072155246 -0.0601559709292771 -0.00939005379084917 -0.0842069722488231
-0.00726484084417085 -0.0616629979882375 0.00778140710968847 -0.100933891153523
0.0147952383223718 -0.0607385061699173 0.0499935848253819 -0.0940233544513983
0.0448793925776217 -0.0455250937466967 0.105718729457023 -0.0519432668702875
0.0829745183214109 0.00208719609126015 0.101380011040514 0.0258264307168758
0.0546813722939365 0.063911112124173 0.0416627431787421 0.0735694115804754
-0.0250999002921765 0.0800817833686959 -0.0134325005471219 0.0274152474541944
-0.0738328407789449 0.056621689790584 0.0858223369138794 -0.0724776152027594
0.0367769601776034 0.0124962931956024 -0.075405576490667 0.123100172034409
0.0187992200980278 -0.0307147243456769 0.032757214455235 0.0110343874454358
-0.0125865889557035 -0.0373952974995094 -0.0454315644651124 -0.0872699934690429
-0.032360317899689 -0.0054608356468905 -0.122218168821496 -0.0345103112813164
-0.017050489034734 0.0159198491761099 -0.125047108533413 0.0688664223199065
-0.0022029779964166 0.0156305312456743 -0.0544031285882624 0.131299095591661
-0.00415610769408831 0.0197865629454962 0.00600299086458504 0.124227331015708
-0.00623803736018017 0.0154260483555254 0.03105079009733 0.10143854493524
-0.00939444445821946 0.00861000142106647 0.0373832744936808 0.0944986718891589
-0.0129859653208215 -0.00226834911571438 0.0321489048436752 0.100004391804966
-0.0135430697679345 -0.0128809869929736 0.0123306519971007 0.105480755501471
0.00363544781627911 -0.0302676270280774 -0.0302935941733739 0.123192679361991
0.0292307398232838 -0.0237789172569136 -0.0851390682079211 0.130887190951124
0.0386560146481775 0.0150472379234564 -0.113716033860054 0.125870223694215
0.0288141862422473 0.0392783666055616 -0.111602325324298 0.172776657854038
0.0182028760277359 0.0817774844581046 -0.0913596334111808 0.0975730335995296
0.0351775634121718 0.0324981353163082 0.0275730271846084 0.00204997115383971
0.0418435795421027 -0.00275315339278785 -0.0508900766654638 -0.103371370397118
0.0265349180345687 -0.0170836970755676 -0.137279702061283 -0.050199623817231
0.0110953822962466 -0.0199925434272858 -0.138794556541688 0.063866536213351
0.00468565610483196 -0.0248423790867093 -0.0651645013256901 0.131717424936496
-0.0167171009805106 -0.0246484942748869 0.00449263538902589 0.123634572398622
-0.0223986494271142 -0.0258225024398364 0.0294124769150156 0.09533897426485
-0.0183512916528215 -0.0342999445980237 0.0400701462976323 0.0863137484592431
0.00389674654838739 -0.0427626682291297 0.0374396245629043 0.0891782685189952
0.0240122700991909 -0.0388951008450968 0.0264247840849517 0.0941692010137524
0.0636967473213096 -0.0219344465502846 -0.00902715521711187 0.115025077799472
0.070202267023467 0.0251523916352288 -0.0626655810743142 0.131263699697595
0.0327500290820979 0.0844628100431625 -0.0801888877044619 0.126851597483273
-0.00648984151204151 0.114891221708517 -0.081061799731542 0.157690669661431
-0.011685463143216 0.141052062084254 -0.0892061610878306 0.0517295271017636
0.0355143908750135 0.102834211332603 0.0307783995916056 -0.0216769359857478
0.0900158212508718 0.0483102338441552 -0.0476079672343951 -0.127240849369637
0.0935131687192897 -0.0162554193209049 -0.145544361495885 -0.0759071503101778
0.0485857970949913 -0.0529809488582357 -0.146901222112461 0.0468269153798634
0.0182617305174382 -0.0643356459472296 -0.0751573501239346 0.114993061229693
-0.0229458723802403 -0.0678934829570386 -0.00100189093275288 0.107994712425517
-0.0357193043661989 -0.0636149309523966 0.0229542323547853 0.0764729949254392
-0.0293871609142162 -0.0702846428612269 0.0373735350620611 0.0625492160842175
0.0105731281818792 -0.0768345720351234 0.043396206675756 0.0640068456746555
0.0467889436910034 -0.0678405209497673 0.0474699668295343 0.0712573179980949
0.111666109855002 -0.0323961091380524 0.0226786257079341 0.102191490498284
0.114053142977599 0.0503244908327656 -0.0310578075718653 0.129457233551163
0.0438394824645529 0.133418308458787 -0.0477110213004696 0.118418760681731
-0.0279672716789312 0.174647930232685 -0.0422674579752917 0.122096361615753
-0.0462983293821102 0.178304790724025 -0.0657537465842828 -0.00753825026404362
0.0179951103359706 0.166085960207246 0.0456663031071671 -0.0561642291412775
0.120773111345411 0.106718359026798 -0.0313169225494335 -0.153198298219855
0.154274735505279 -0.000551408717199567 -0.137188558741688 -0.10628460938785
0.0884449883881591 -0.0755259612972043 -0.141936484395207 0.0180987636801637
0.034918039089587 -0.0945503285880418 -0.0791826237404642 0.0815230783649
-0.0224397919997605 -0.100917110818542 -0.00716672510407036 0.0773715566399925
-0.0444069035195036 -0.0919631867648029 0.0134380077936396 0.046400402007227
-0.0401293315905201 -0.0946268523221112 0.0297339888349106 0.0297268047623529
0.00799058400590063 -0.100389515959547 0.0450963504899514 0.0286004285130079
0.0546807631056504 -0.0898778756529398 0.0656088885967822 0.0382167614103388
0.137773743674274 -0.0502570618390227 0.0529404697178574 0.0801795117915586
0.145846322359965 0.0553195535348727 -0.000411845503075275 0.120080340575313
0.0582298318142536 0.157527511828119 -0.0244408496891329 0.101025556955804
-0.0372768343818928 0.208453857356964 -0.00736146152245215 0.0719370731003108
-0.0747894221136596 0.185811439650239 -0.022660075283877 -0.0713438374960265
-0.0121861938872036 0.199722929027676 0.0713241436076096 -0.0943738196572934
0.121505589625028 0.153406243369309 -0.00125713656583432 -0.170057738916912
0.185795870891577 0.0262589829119173 -0.107636270417441 -0.130281901110743
0.117404066474263 -0.0785802842398656 -0.119188393977666 -0.0167349795316988
0.0490337594749956 -0.107518510538228 -0.0726365247157105 0.0374680427518117
-0.0180647371573779 -0.118348804628991 -0.0127495774164049 0.0372692385769989
-0.0458477117730094 -0.105868433586587 0.00175483448266037 0.0103159354716031
-0.0458941541926804 -0.105531719733539 0.0179172961254901 -0.00738304604225942
0.00329754155828144 -0.10974195637105 0.0407380082954685 -0.0108617609839478
0.0537853537492099 -0.0992696166379156 0.075516295583049 0.00130700190920007
0.1432173348227 -0.0584935702371682 0.0740461657480985 0.0521109294234064
0.153760862077713 0.0530654305093316 0.0231491654893623 0.103764756997557
0.0612789661806307 0.158468274458509 -0.0133079088571003 0.0787200055674027
-0.0438776462990208 0.21040712090009 0.01984014467945 0.0170678159501154
-0.0869344467421762 0.160034355941811 0.0310710998674935 -0.127400866136947
-0.0414439933470906 0.189994318750882 0.100999973210078 -0.125536007299202
0.0933012677683081 0.16667061095327 0.0354282521316167 -0.170654400691925
0.176027970988076 0.0498137561388979 -0.0640769130607798 -0.141713278681247
0.121625566009608 -0.0649142439322481 -0.0832918882769022 -0.0493147345735403
0.0531741880663848 -0.100009828866962 -0.0572531681144403 -0.0100822619645414
-0.0117924768396719 -0.115693211160258 -0.0171835911113494 -0.00586434564401465
-0.0414533449992051 -0.104454393300659 -0.00881216746399824 -0.0267078687383547
-0.0431619523989364 -0.102699633711534 0.00549402812000448 -0.0438631746931994
0.00136891802782234 -0.105441558348415 0.0343870299953024 -0.0479167425462071
0.050455839478586 -0.0937154498612429 0.0801550334584184 -0.0318562681584724
0.133204722510826 -0.0516088646713019 0.0867290381670968 0.028365661606258
0.138539566555224 0.0537404148211177 0.0367405376256432 0.0866214961489586
0.0455187265047547 0.145088676756249 -0.0103389946077852 0.0563939407593211
-0.051624873852499 0.184315998181048 0.040902957463767 -0.0320542944595415
-0.0786316184811164 0.107782716869115 0.0819574703591477 -0.16682008855991
-0.0543902399416656 0.14079800672204 0.12465116052475 -0.144937492696453
0.0529602720147773 0.137742550738111 0.0667259029052844 -0.156971656247362
0.131269706736079 0.0540886626059256 -0.02074443791322 -0.13776661316983
0.0975489620563169 -0.0429890770121961 -0.0461413535536524 -0.0731509176193818
0.0447928610989378 -0.075410433524692 -0.0401721243436094 -0.0506026179995736
-0.00609085624348799 -0.0931722049560921 -0.0212943816939095 -0.0446329473767281
-0.0310313914464338 -0.0867844982229801 -0.0179673362236914 -0.0583951912572166
-0.0328867340362828 -0.0862634471823297 -0.00452163904345754 -0.0763847963681096
0.00209848761920432 -0.0879199665908322 0.0308497268420725 -0.0789558451672434
0.0449301021517338 -0.0764857876221351 0.0860001845940167 -0.0571399743139913
0.112170643676285 -0.0328279420150538 0.0958853748530162 0.0128469446127841
0.105774038065203 0.0549935771545187 0.0458519895256055 0.0739670216235293
0.0186768987922514 0.119483498669979 -0.010469222698758 0.0375187116190429
-0.058621759619397 0.134516473117726 0.058617278255862 -0.0704182701945445
-0.0531838524332919 0.0365190297543928 0.115147843883879 -0.182477010795324
-0.0498579383065966 0.0668526111008185 0.132577629944798 -0.150260992104433
0.0134101410087491 0.0794129249825033 0.0836995438722196 -0.137997725663456
0.0672377188758266 0.039891808533225 0.0093458382996044 -0.128625446161703
0.0557042599211899 -0.0191788631497612 -0.022867243974017 -0.0883590812468365
0.0262080383265446 -0.0400170397988596 -0.0280895092463252 -0.0776058365473652
-0.000859655537552367 -0.0547568625580424 -0.0254244659140566 -0.0720854786328581
-0.0165290533680237 -0.0560232137665229 -0.0237647387635681 -0.0804637942668176
-0.0172352236121461 -0.0577765047883495 -0.00986606280224963 -0.100366958930878
0.00410068700692151 -0.0611045204239459 0.0335368402540133 -0.101532038998937
0.036184619047278 -0.0506056047528513 0.096047467887924 -0.0712830223238309
0.0800801529295888 -0.0116944036566519 0.105475077998057 0.00861702207588099
0.0619778055459052 0.0513979398607294 0.0524575281765567 0.0687891917799096
-0.0102040897257486 0.0817730760154993 -0.00975598899720991 0.0261989606692565
-0.0598622911849162 0.0679729816194513 0.0742221520833047 -0.0927171552523969
0.0385113427347503 0.012773659200692 -0.0761445217497679 0.125859210763499
0.0196760389981925 -0.0308347062158047 0.0340568846508517 0.0107523403551563
-0.0130467757437501 -0.0385458424843529 -0.0478212964774836 -0.0884530332186269
-0.0331901453672199 -0.0056204388724667 -0.124649615877076 -0.0342046523280552
-0.0173351945149162 0.0157838832337907 -0.127124033751334 0.0703535407848506
-0.00234603540449974 0.0152714367136188 -0.0537643372180579 0.132733907862963
-0.00357949546436929 0.0198382528595046 0.00752839410704888 0.12577517982899
-0.00583517884414588 0.0158278364520586 0.032483613203407 0.102881128486649
-0.00938107881341972 0.00881318562332245 0.0393013914468226 0.0949913845040345
-0.0126447248393356 -0.00268337893169585 0.0343006598129621 0.101249631206417
-0.0136178674095644 -0.0126372784629804 0.0136464331901617 0.107584867739732
0.00298144541644655 -0.0301229636018855 -0.0296046721602752 0.126112472676516
0.029396620517567 -0.0236828683686735 -0.0860857214516381 0.132603404634343
0.0399938506206384 0.0161125271732569 -0.116701153383797 0.127135528970678
0.0296464361298125 0.0398506105758109 -0.114197285138462 0.177116328022464
0.0197589092280389 0.0836177784245945 -0.0925428978203245 0.0994572479935686
0.0365326724798996 0.0333241766531234 0.0286006742097975 0.00207036820773856
0.0427351192949143 -0.00388323250628649 -0.0537076672530154 -0.104121708821593
0.0266846880753221 -0.0181264541948338 -0.140294439698936 -0.0500911803492975
0.0108814575349092 -0.0212148262608753 -0.141096249984504 0.0656100175162627
0.00424190581502952 -0.0262911959641812 -0.0651627786034307 0.133424230477984
-0.0172015899602117 -0.0249513866336599 0.00544587162994632 0.124522129259263
-0.0235096950506122 -0.0256694086848658 0.0302908627905517 0.0965212755841341
-0.0190742909266578 -0.0349059676426102 0.0406446490975747 0.0863534562209527
0.00338317878310918 -0.0442354872278965 0.0393334628568047 0.0901952160788697
0.0241320445862977 -0.0397693516696453 0.0274990687536811 0.0962345945182642
0.0648626842196027 -0.023477908208033 -0.00898495610892516 0.118718829536906
0.0711991403361782 0.0259984085657566 -0.0632205401129295 0.133808898236745
0.0343256289912968 0.0866733746188856 -0.0832047069726219 0.127962162291074
-0.00561105158733871 0.117106691132134 -0.083053555441558 0.161343926312545
-0.0105987194954406 0.143635909768931 -0.091062637476935 0.0533643260688386
0.0370346746769566 0.10541781196898 0.0315448399516519 -0.0217522874913944
0.0924745943610999 0.0477587651948651 -0.0498764343972473 -0.128524657310976
0.0954337033501879 -0.018556584780186 -0.149194477965414 -0.0759807803774224
0.0488810361976965 -0.0550887357799486 -0.149470820840019 0.0478989906609646
0.0175853821320425 -0.0664032497063998 -0.0754965552977491 0.117325031973281
-0.0240287355771802 -0.0681957646199406 -0.000477074606367307 0.108355251370836
-0.0372649949296143 -0.0633301448599329 0.0235027677721151 0.0765692810687416
-0.0312702051801724 -0.0708866578668326 0.0381960348156241 0.0626773335493152
0.0101009919443941 -0.0787421276527013 0.0452551394375802 0.0641599460892118
0.0466773825253048 -0.0693355315933115 0.0486070186632808 0.0728718000294961
0.113127709292028 -0.0352367322366396 0.0236120670047445 0.104754360693452
0.116786606933693 0.0507494619498628 -0.030635792196211 0.13248399816481
0.0459426744913043 0.136810957810151 -0.0498351634387855 0.120146438622931
-0.0268298930809736 0.178211095409272 -0.0441372682996226 0.125152913050719
-0.0460563286058275 0.182254774605403 -0.0672350012145603 -0.00709292536518094
0.019422868464775 0.169207017977137 0.0464817232785311 -0.056226925366536
0.124710468601142 0.106494868138932 -0.033559893581881 -0.155387837668817
0.15673213789739 -0.003185667464102 -0.140321745072033 -0.107002593795912
0.0896812605219716 -0.0780890058286471 -0.144513110923136 0.0189315630701292
0.034039246415848 -0.0969067824568657 -0.0799232126483953 0.0839459975981045
-0.0239482456363227 -0.10204589712988 -0.00782554668477535 0.0775619719336168
-0.0466231635009638 -0.0916914254560165 0.013253034750647 0.0467961928937033
-0.0422639490560011 -0.0953681063366678 0.0302221633532762 0.0286617861666642
0.00718626602851601 -0.102276737277952 0.0465502052537923 0.0281897835989945
0.0551032697396932 -0.0928208975712753 0.0661904983574518 0.0384959001690393
0.139742642411919 -0.053217622536378 0.0546577771885927 0.0821052751124677
0.148698876920385 0.0552079069107292 0.000733463076496312 0.12289025174565
0.0605370076186838 0.160586781636122 -0.0255376080625637 0.102794922953892
-0.0357809306184843 0.212101681195983 -0.00813371996663681 0.0731351616909554
-0.0748799169674897 0.189724476164788 -0.0231079791897878 -0.0727392956656883
-0.0106433165408532 0.203672994779671 0.0722225058962947 -0.0952633454235992
0.125553969123923 0.154686624576208 -0.00262111582786989 -0.172565431268708
0.189304649181306 0.0245199993265105 -0.109954173962211 -0.13172800939648
0.118654262766776 -0.0816484095992476 -0.121565954685257 -0.0168585679678211
0.0486015215927473 -0.110148404133372 -0.073527568283881 0.0387110092435947
-0.0193673568576717 -0.119299633173868 -0.0139663681644037 0.0371055631837254
-0.0487978086250188 -0.105868570509264 0.00189014273570071 0.009792436614547
-0.0479365522548409 -0.105816297051688 0.0179069467355512 -0.00784378888006021
0.00210369914674202 -0.110993115128723 0.0417421246140146 -0.0114282847750236
0.054015495574659 -0.101908170530586 0.0763697277538436 0.000822269131676218
0.144425936251705 -0.0623454794282862 0.0760872881333395 0.0536159506430681
0.157448920888655 0.0519128916928725 0.0245215795737742 0.106740743254571
0.0628667333428684 0.161119748215022 -0.0139613924323892 0.0804709896036293
-0.0419017230927604 0.214672444638211 0.0193931051929491 0.0170253577248107
-0.0877812428876995 0.163680701347244 0.0316889050202722 -0.130264607964028
-0.0406971738030465 0.194213883231482 0.102738052974768 -0.127877762151533
0.0968276029270063 0.168303008832463 0.0356248175370064 -0.173582029879851
0.179997811541273 0.0483283978983462 -0.0662849153801272 -0.142667753116887
0.123258252110161 -0.0670621783317138 -0.085122047624074 -0.0501908857294751
0.053278316513718 -0.101898360065603 -0.0586395574066408 -0.00896245280336654
-0.0132470880447451 -0.115907150936869 -0.0183556381567818 -0.00669166169181659
-0.0440925010613159 -0.104094125837679 -0.0092426835894469 -0.0267000528833358
-0.0458386737682048 -0.102650743397648 0.0050198322119749 -0.0440941934516789
-0.000175074785976529 -0.10661437912533 0.0349467385559298 -0.0485488740629506
0.0500897881340837 -0.095716186284945 0.0814936272916884 -0.033012574932937
0.134154780614622 -0.0545590358314633 0.0882884970514949 0.0294960208758107
0.140762086571605 0.0525863621754913 0.0386668909916132 0.0894439550679969
0.0467042283197283 0.147395466557713 -0.0106512191411457 0.0571557557398022
-0.0504128897645594 0.186829849414428 0.0410000746294204 -0.0329219167365941
-0.078500032449639 0.110170060922952 0.0833660916668807 -0.170764721716308
-0.0538330687614529 0.144091775727738 0.126216287951813 -0.146481751632064
0.055042110551548 0.139569092762526 0.0674460782161022 -0.159751876179129
0.133430749999124 0.0536277968631912 -0.0211695538924307 -0.139198642602204
0.0994727886630819 -0.0436989539144167 -0.0474749466930315 -0.0742951020321464
0.0449081496127394 -0.0771537804746109 -0.0407248994342678 -0.0506870537624479
-0.00709865303126388 -0.0935812626473409 -0.0227022924517998 -0.0454043676721666
-0.0336155385551872 -0.0870317369201191 -0.0177649744483079 -0.0591023734503033
-0.0347443692774523 -0.0866451906213955 -0.00545181080645242 -0.07620267438113
0.00111715722187912 -0.0896669892107782 0.0310638754940994 -0.079916909193465
0.0450453723917866 -0.0780637594860289 0.0868681243937092 -0.058740232618407
0.113146439399357 -0.0357431754541476 0.0970285396822507 0.0130220657240788
0.107466307590253 0.054606004810974 0.0476266531388629 0.0756006943206304
0.0196186685477288 0.121377977044122 -0.0104965001936301 0.0393095457916853
-0.0578214884240733 0.136308394078647 0.0586217474682169 -0.0721779261099234
-0.0528375102881604 0.0371486074698811 0.117133695813074 -0.186650988966792
-0.0497690027722147 0.0684809178794074 0.134153083917569 -0.152754215468785
0.0143594954974987 0.0807473452064974 0.0847512574230556 -0.139983802110325
0.0687257808114114 0.0402301644042309 0.0094060133624243 -0.130580136852782
0.0563067989777626 -0.0198034284972496 -0.0232965647586195 -0.090018795679435
0.0268739121840426 -0.0406132599647428 -0.029473534145979 -0.0785760846997596
-0.001352498942286 -0.0549822283376369 -0.0269678044801412 -0.0731003564989035
-0.0177320479072763 -0.0564219687965769 -0.0241012476296791 -0.0816881185741965
-0.0183035232540999 -0.0587299059142038 -0.0107840218279588 -0.101461428341279
0.00321110405671331 -0.0620562496571142 0.0338574484533772 -0.10227837258061
0.0361566475327953 -0.0512954638735439 0.0971529289008379 -0.0733891050807441
0.0803202437149894 -0.0130791547020833 0.107388082781055 0.00899134788755594
0.0631179018173384 0.0515148181127535 0.054445247546982 0.0701190700864655
-0.0103896589352327 0.0827191449997231 -0.0100872791389509 0.0279210770280711
-0.0594248587262005 0.0688533815590914 0.0752347022980486 -0.0951110150370835
0.0407738199028139 0.0114313743406344 -0.073426455378671 0.131873081553507
0.0196728636370823 -0.0316919898455318 0.0352311099782643 0.00969518521027308
-0.0148588989913867 -0.0394458971485509 -0.0525447855628315 -0.0880538132073947
-0.0342829769811097 -0.00473371234974142 -0.128902629274588 -0.0304786637691951
-0.0177160284033924 0.0164224135642016 -0.127524180551582 0.076547649109009
-0.00227813788873104 0.014941219370597 -0.0497228887946249 0.136916829785022
-0.00241774578585248 0.0194759771956426 0.0128624672864217 0.127353340949929
-0.00503089661876135 0.0165103354254352 0.037208397109208 0.103265374615101
-0.00953716679215088 0.00904861648086331 0.0436762557529972 0.0952285164341675
-0.0135388849793254 -0.00207169868653525 0.0395782882553716 0.101520913081662
-0.0142888863374294 -0.012019801394614 0.0181072580403748 0.110096771513874
0.00197682816872853 -0.0310676676634954 -0.0254189501507246 0.131301182189137
0.0289015101607107 -0.0245139839483938 -0.0828259717023435 0.138407441721891
0.0420687239107081 0.0160496299891892 -0.115596868755911 0.133159883827027
0.0320257490377989 0.0394037136119907 -0.111333725161242 0.186270950633244
0.0240849300746393 0.0846134873369258 -0.0916524384103933 0.105616565219886
0.0393529010457445 0.0327824117187905 0.0298618853032052 0.000914336663456628
0.0437574645777574 -0.00659292803768731 -0.058611498454643 -0.103947286525468
0.0267090136614802 -0.020587370756874 -0.145827977220379 -0.0459260335002139
0.01005615599788 -0.0225593007939826 -0.142429342726785 0.071779265697765
0.00252765733998494 -0.0273391896123057 -0.0609507965883739 0.138143007451112
-0.0186087604187779 -0.0248358774302884 0.0100687339461125 0.1265645479631
-0.0252008838507347 -0.0244926518832586 0.0345203663792463 0.0976282173164594
-0.0215317157028072 -0.034605023544066 0.0451137839500448 0.0856226552900418
0.0020072040069846 -0.0453269224646568 0.0446085030008452 0.089761648892718
0.0230141710381732 -0.0419461168051822 0.0322633398753028 0.097741807180802
0.0650015730959827 -0.027568862618213 -0.00424206892884282 0.12299657171512
0.0740545808070839 0.023908858964183 -0.0594003074364006 0.138970926901804
0.0384291768730056 0.0881959111628902 -0.0818296862112291 0.133153356589948
-0.000724410272321542 0.120049986230736 -0.080426560872917 0.168372255740755
-0.00453608358441911 0.147404940443725 -0.0921558120260832 0.0579735440811688
0.0419007294619994 0.106335234848867 0.0321399645378878 -0.0227193225488296
0.0968327199579 0.0442589144299548 -0.0561589796809052 -0.129190999064142
0.0972571196072964 -0.0234835911364681 -0.155595235509741 -0.0722273456971534
0.0474304174114761 -0.0588614904179668 -0.151922649551951 0.0548188217592518
0.014301272393361 -0.0691386437600944 -0.0724858204856838 0.122668254449107
-0.0269636599391624 -0.0682975792018674 0.00298429665114532 0.110085566681332
-0.0416032750573263 -0.0618121349917977 0.027012694145295 0.0776830405074884
-0.0353267977702229 -0.0706146405155515 0.0410161630136776 0.0619962882239023
0.00666290524089302 -0.081579762782322 0.0491480241459355 0.0629528337306336
0.0450941970676263 -0.0727464637579376 0.0528238278762647 0.0724460094630987
0.113454047991452 -0.0417724936487191 0.0280818066809108 0.108019231757876
0.121518631224118 0.0473298217327218 -0.0264158849123716 0.136926513765843
0.0523387318755883 0.138480616963948 -0.0478841201340522 0.123870322268832
-0.0196403206505644 0.183032062242643 -0.0415062971614679 0.129130364073919
-0.0398194385922935 0.187988558804475 -0.0695792169537334 -0.00476634602882742
0.0273292280090804 0.173086902540469 0.0458310121619784 -0.059050501681127
0.132236321753121 0.103384443442463 -0.040357137808698 -0.156906377119094
0.160384136499245 -0.0108853906446262 -0.147954307795448 -0.103121107732023
0.0886641055062325 -0.0844595332938945 -0.148284086298042 0.0249650494313773
0.0303235747334483 -0.100841404246434 -0.0778578391211226 0.0893185889806321
-0.0289144356215925 -0.102727857561709 -0.00589333008829425 0.0785714855848783
-0.0523723362243412 -0.0901480382455738 0.014837470409965 0.0466282676528639
-0.0478427936880986 -0.0949804366122625 0.031482996441061 0.0285720573619014
0.00290023386912801 -0.10529695432897 0.0485116910859713 0.026663383331998
0.0523986186016696 -0.0969241411239155 0.0696237598525419 0.0370226922779971
0.14016612728248 -0.0618783489208681 0.0583502573309393 0.0829532521307588
0.154587231655622 0.0501133867956945 0.00552491585797659 0.12617353068274
0.0679330958652772 0.162429161757847 -0.0229781330164078 0.105750962824696
-0.0278308385611619 0.218049415658459 -0.00702290258263995 0.0753692452107521
-0.0697065996206411 0.196556078273964 -0.026719311941855 -0.0732815225546552
-0.00279755104444819 0.20888629699043 0.0708803452773204 -0.0992700720170824
0.135347934937669 0.15282615635818 -0.00900410291116564 -0.175732905982288
0.195013924982279 0.0161728996037832 -0.117189132428782 -0.129939113801022
0.118322472942503 -0.0889266277999279 -0.12568187484334 -0.0125532099147944
0.0446762227866873 -0.114828641801308 -0.0733456823522987 0.0432864755561222
-0.0248637388049897 -0.120452596834924 -0.0135377038631488 0.0376506835529841
-0.0549108512511526 -0.104399015945094 0.00170353835176783 0.00989358399634867
-0.0546061838584392 -0.10546521173461 0.017525553556327 -0.00869297977355251
-0.00179033971922328 -0.113624012849972 0.0423880520659824 -0.013722108037479
0.0510961534988759 -0.106715359084038 0.077508949732902 -0.00199518902115056
0.144400756521483 -0.0705873018450155 0.0802497395308796 0.0531024864280045
0.162211968014132 0.0465751203641642 0.0299320607888235 0.108677104625223
0.0707937011117475 0.162464264766853 -0.0119772832544188 0.0825728953364224
-0.0335720610237968 0.220690662711009 0.0197169750287556 0.0165879260170107
-0.0827795282587688 0.170844524654259 0.027931106220988 -0.134553474668971
-0.0335612164331765 0.200861165417171 0.100748954167993 -0.133075685889984
0.106051456518717 0.168214895539828 0.0297544330199312 -0.177751763655307
0.185793352873915 0.0414383369414856 -0.0718787575709044 -0.142464811740876
0.123374354121328 -0.0744407232997956 -0.0886307521093979 -0.0480097086605307
0.0504801480270779 -0.10673510190307 -0.0595985310958851 -0.00663990763680893
-0.0182731587971953 -0.117034046963576 -0.0199505638263623 -0.00688550214743218
-0.0501553142450048 -0.103040930366432 -0.0109452258728979 -0.0271754411896213
-0.0516667241223523 -0.102846139565948 0.00340144630884698 -0.0448411529064354
-0.00446807954107956 -0.108535710053892 0.0335043573642085 -0.0510884999030069
0.0469975137577241 -0.100900464176629 0.0818526745603458 -0.0364351251430394
0.134261786370178 -0.062007260742493 0.0918746016677006 0.0273482630892797
0.145844212998102 0.047879484071108 0.0438207841533682 0.0908563658013435
0.0533333178208044 0.149010886736045 -0.00919106475474758 0.0601223124552146
-0.0433692795722141 0.19299296813218 0.0394873981601602 -0.0360940530506594
-0.0755722811476228 0.115560725317583 0.0802580947351478 -0.178028460920055
-0.0489549365644327 0.149266673299352 0.124014898049496 -0.15362890126302
0.0623945912995548 0.140014199455774 0.0630810884304955 -0.164468374050644
0.138614126488603 0.0495977984506066 -0.0260144721678142 -0.141146996819085
0.100238525548999 -0.0491298818807242 -0.0512032182546983 -0.0744924096109476
0.0431244835170444 -0.0804731368838818 -0.0433751203223589 -0.0494627534296035
-0.0112521170796431 -0.0942148440792787 -0.0253683865411822 -0.0462737675684584
-0.0383709026046986 -0.0859779798366352 -0.0212041991008395 -0.0598238200386266
-0.0394899412399677 -0.0866934991755366 -0.00884806173220292 -0.0777051541827308
-0.00249557794146341 -0.091166282538518 0.0289134775359641 -0.0826453624402534
0.0428603648966252 -0.0814942957493221 0.0860149458210824 -0.063210866092116
0.113296742721402 -0.0413675246377589 0.100370149778434 0.0108905016504472
0.111605559823244 0.0513301958734126 0.0518230594380441 0.0767031492135907
0.0240208506665361 0.123177419043749 -0.00886199590769056 0.041686080254772
-0.0526554004076015 0.141129174395627 0.057300693235641 -0.0771212120994919
-0.0524873978702401 0.0402165677937068 0.114520492031276 -0.195984067546068
-0.04753043254673 0.0717036632282623 0.131940630801162 -0.160150376375565
0.0186832577450021 0.0818683640191258 0.0825334742823049 -0.145584514823321
0.072063104228299 0.0382809844059565 0.00592479107125788 -0.132430725714789
0.0571385430174532 -0.0214720181565314 -0.0268452854677391 -0.0913091037784893
0.0261226470217137 -0.0420824842358061 -0.0332691538472652 -0.0788322257924712
-0.00315321479393119 -0.0560614430653916 -0.0309540371392687 -0.0737657742283623
-0.0210068754999344 -0.0559453731815237 -0.0279290125838517 -0.0830725297016521
-0.0214403265120415 -0.0583066873037147 -0.0150354423398172 -0.102006984668621
0.00101763542093024 -0.062897759558187 0.0309247756336508 -0.105363324219574
0.0351478218891607 -0.0539282582680925 0.0963217417489673 -0.0790065668130691
0.0809501037391548 -0.017008841789883 0.110500321021752 0.00598152704995344
0.0665496136206832 0.0495404366739313 0.0589101768425394 0.070377262729051
-0.00797028988735242 0.0846780863002741 -0.00943580105630014 0.0297625171979963
-0.0573617827394765 0.072032407887317 0.072619524331237 -0.101039675548016
0.0420899821742432 0.00866919803257497 -0.0653911460858233 0.136763280707115
0.0184455286445743 -0.0329953782964958 0.0365042247605387 0.00769063175556199
-0.0173142534209288 -0.038540606372539 -0.0570374741817454 -0.0840060558202159
-0.0342980430093392 -0.00312004267153223 -0.130462907384968 -0.0230869895724204
-0.0168064683788209 0.0173620130515102 -0.122039115280895 0.0841511376889826
-0.00149944232698716 0.0144281297614675 -0.0401777763247997 0.138737866629212
-0.00123089666656499 0.0192620813273579 0.0209877987411496 0.126012818769572
-0.0036933676086586 0.0166729509996726 0.0436669615546954 0.100384219179248
-0.00888789429190289 0.00923579083108173 0.0497616717921584 0.0918272501935895
-0.0136566222046312 -0.00123504931498177 0.0459462047621437 0.0983921650727936
-0.014497613707895 -0.0115870408126278 0.0248873662984879 0.109026753270087
-0.000292369288729812 -0.0311909280537548 -0.0171796689265598 0.132316793059617
0.0270757910977692 -0.0255683557042587 -0.0747095197530373 0.142720973745363
0.0435157313618996 0.0139665777255042 -0.109010667793688 0.138028802475506
0.03432079446438 0.0371317092164966 -0.1003016463527 0.193705795857174
0.030217562791528 0.082566942903259 -0.085228408150139 0.111382853489653
0.0415546722442444 0.0307677798972362 0.0305744503136288 -0.000737508138117134
0.0429856813148944 -0.0100169179880485 -0.0646047818894394 -0.0991701064415536
0.0252592438023321 -0.0228364903989404 -0.148273889356084 -0.0371002524603712
0.00811928779218282 -0.0231481428912652 -0.137887350990072 0.0805268641464867
7.8013210031566E-05 -0.0280641591659976 -0.0517965822912843 0.140949670889889
-0.0197728438357638 -0.0242039937301024 0.0181107106729949 0.124437808764998
-0.0263189586598519 -0.0221346642876749 0.0404253109409555 0.0943948154868144
-0.0239982446152397 -0.0328800591708827 0.0499786084653014 0.0820607280633713
-0.00169256057615714 -0.0460238168438441 0.049948852535697 0.086236141190104
0.0203400299686524 -0.0433613257113254 0.0377667267394344 0.0960264614782132
0.0627920884109273 -0.0316032623604877 0.00365961167154089 0.123550984556774
0.075725096406054 0.0197827654980259 -0.0509767889084695 0.14160295315813
0.0448082165452974 0.0861963771224685 -0.0747714542119313 0.136737870416731
0.00709425907887306 0.119206018008217 -0.071353339224095 0.173144014158124
0.00508158886815067 0.147188604514254 -0.0888199582650516 0.0642511624745421
0.049071271908511 0.10347050731336 0.0315079354229498 -0.0241165644176125
0.0998791440674685 0.0368849841171129 -0.063741773596182 -0.124470361277453
0.0956128788552344 -0.0309913079444705 -0.159400259444076 -0.0618917579992574
0.0435612077404106 -0.062254862665794 -0.148508051082836 0.0638264330390137
0.00947452406400908 -0.0701955144682779 -0.0637834341970401 0.126091448607033
-0.0316665880342086 -0.0661022205689714 0.00919760866118175 0.108526336932967
-0.0454692244294476 -0.0579558230390603 0.0309587311369526 0.0750847160634717
-0.0404593926594223 -0.0677766639641585 0.0444356765764722 0.0587123009335872
0.000687648086588697 -0.0824821479443845 0.0525958396410239 0.0593369296757799
0.040410439028244 -0.0761273593994182 0.0568153378589369 0.0689571859750289
0.110204618661387 -0.0501882471985909 0.0351335838568768 0.106723746596812
0.123773014557608 0.0397378052036561 -0.0175944700790068 0.137822135505368
0.0614871451489158 0.1354090489354 -0.041340576436742 0.12607189358986
-0.00670257341745222 0.183392988807953 -0.0349339593480599 0.131464025326149
-0.0278895343250689 0.189918335441491 -0.0699053352240712 -0.000261339164085139
0.0376707814339289 0.170473794956972 0.0425897870526281 -0.0601895663744862
0.138840939324018 0.093932900490637 -0.0496444913203443 -0.152662536747268
0.159375380597846 -0.0222364746821996 -0.153420182423753 -0.0935167529151815
0.082781902083306 -0.0901048712010666 -0.146224014415076 0.0338772783600694
0.0241017792475077 -0.103135899647313 -0.0714643000610315 0.093837173557309
-0.0356813530174462 -0.100048820839248 -0.00201102439330503 0.0779359697935998
-0.0577509707693718 -0.0847079135530696 0.0173595912276111 0.0454795353768379
-0.0544155694601135 -0.0904120308512369 0.0329844836054469 0.0259240992284724
-0.00429463507422137 -0.105383959921619 0.0500604653624011 0.0228581810560415
0.0462364841641588 -0.100591622644107 0.0712945134341727 0.0324480661368012
0.134615904652462 -0.0717747798600133 0.0640920765299579 0.0801079765046491
0.157140743197702 0.0396158965954621 0.0140724644360895 0.125735521429919
0.0784136303358465 0.157454225147512 -0.0177020619598798 0.106885209078758
-0.0128368139585337 0.218336569003347 -0.00381815528465338 0.0753473709884332
-0.0561660363037945 0.200083966750122 -0.0310853158994524 -0.0713137007859031
0.0101573048258354 0.208826450580226 0.0644557939130776 -0.102145566541598
0.145254075088364 0.142741247075083 -0.0194900615291234 -0.173691171506519
0.195679488350713 0.00269324314479421 -0.124244286096371 -0.121596488718694
0.111948453050815 -0.0966555863475402 -0.125462410230113 -0.00470275486209133
0.0372126559388798 -0.117762209852702 -0.0700630786213706 0.0475697853880205
-0.0327772647576186 -0.117731407243214 -0.0126176446410721 0.0374065663475501
-0.0619887998979818 -0.0984334786099488 0.00199239240517732 0.00982928153133265
-0.0613416091957235 -0.100664528040666 0.016780279995176 -0.00966454837580789
-0.00967344933229734 -0.112883551433299 0.0411148867229973 -0.0165761734349663
0.0431997872875802 -0.109788770344504 0.0777168573942508 -0.00712642820081378
0.13865302652836 -0.0805627390592472 0.0838550543268542 0.0487767949820784
0.165452875841578 0.0353522811833696 0.0368709348725244 0.107062976123679
0.0808653402763259 0.157429839448676 -0.00807937452714467 0.0829815640548976
-0.0183391461280766 0.221282526805687 0.0193230493330459 0.0151393442986481
-0.0710091918225008 0.175673210616578 0.0199887123204491 -0.136342435958114
-0.0208173990560366 0.202671608693966 0.0921636556026934 -0.138091823601113
0.117374025525611 0.160029176358188 0.0190236334826074 -0.177773738955379
0.188146766881027 0.0286399572857547 -0.0798612888565995 -0.137333029047234
0.118504583472611 -0.0822038041815385 -0.09148356052284 -0.0424208884658413
0.0433351227725713 -0.109448167010022 -0.0597149743954668 -0.00290097487128212
-0.0260875499442816 -0.11539577818283 -0.0219493153845507 -0.0059214948056752
-0.0569849750481261 -0.0974499728572298 -0.012990026561337 -0.0264517140094959
-0.0581329610117592 -0.0977204086260667 0.000104809658359907 -0.0446249006165902
-0.0112707346694307 -0.107689921411382 0.0306352984539223 -0.0525253373107053
0.0405684171100621 -0.102861082426708 0.0789215906147484 -0.0418730336031357
0.128900188876905 -0.0707323725846079 0.093925445729293 0.0218129615463751
0.148344583779427 0.0375692206771019 0.0492310214262965 0.0882454811197921
0.0624156470265536 0.144635741084682 -0.00604782079644616 0.060679091604661
-0.0296857556986167 0.194300327448272 0.0363091051949087 -0.0390586884234381
-0.0672208012018755 0.119745127538958 0.0694211631853041 -0.182483422954987
-0.0389402786723103 0.151249766524268 0.11431748678197 -0.159881471856667
0.0717298352107256 0.134714341019785 0.0532178191691332 -0.1672527475991
0.142250311196231 0.0397121931637804 -0.0334222502190042 -0.13814402939442
0.0966738050905772 -0.0552947929213183 -0.0553200648753229 -0.0711622133702873
0.0379306240021234 -0.0824445703771525 -0.0463332332978789 -0.0466638915980241
-0.017020513514584 -0.0925672920283208 -0.0291269044339774 -0.0449625995179384
-0.0440698420965449 -0.0821446750388426 -0.0254663471920755 -0.0583336287045297
-0.0450804221427237 -0.0828652729828967 -0.0131354896704677 -0.0760020778706354
-0.00871538187822036 -0.0898861767412021 0.0237065570540151 -0.083246744095182
0.0376913016709856 -0.0834966765304128 0.0818685646520731 -0.0680852007780949
0.109364480545908 -0.0488733834920257 0.101577974662648 0.00521217150867433
0.113914069807957 0.043449155176667 0.0573454699123632 0.0743896632791926
0.0312001251676776 0.120711413187768 -0.00708312567672797 0.0428783081454944
-0.0425688288019928 0.143288496535343 0.0511120822853152 -0.0807347496825464
-0.0487455784973904 0.0428817760431572 0.103062860120727 -0.202595847381986
-0.0422956167548617 0.0740303680053513 0.121509532712175 -0.166009597414309
0.0236364332140649 0.0795778254793293 0.0746436042312857 -0.149559695078
0.0747495642317774 0.0333431927379983 -0.000707634625930756 -0.132352573023933
0.0559766436502287 -0.024912310791245 -0.0316271419751093 -0.0902315881373382
0.0240373860159128 -0.043910458952255 -0.0384447792127854 -0.0763878024284109
-0.00715791078062228 -0.055123002559142 -0.0357109196127094 -0.0716405742272023
-0.0249389142653542 -0.0533652906348442 -0.0328244380847101 -0.0808995828782531
-0.0256586098327804 -0.0564356733178454 -0.0209576314574925 -0.100039890786293
-0.00382551534901318 -0.0618135855846112 0.0241705009726902 -0.106310497020153
0.0310705608034786 -0.0556753166030934 0.0912006773469206 -0.0840984740116172
0.0792806086884513 -0.0222016520147791 0.110698316814046 -0.000776064608063963
0.0684642376715153 0.0445330447635734 0.0630367540317625 0.0677662407253077
-0.00249402203665586 0.0844243009715458 -0.0073041768269449 0.0309288978881613
-0.0520578304808635 0.0754361091021415 0.0655613589529177 -0.106037039222367
0.0421407605958091 0.00534302478479059 -0.0551143441869296 0.135081443846664
0.0163604056561837 -0.0324960690957339 0.0368322939951099 0.00526771265502099
-0.0192652865484675 -0.0361840566341949 -0.0590625090193553 -0.0771829032430663
-0.0327285258830449 -0.0013343807030013 -0.126953754053342 -0.0148177078435944
-0.0152018786382583 0.0174581919334173 -0.112951114042606 0.0864154064537344
-0.00131134451338502 0.0133858858686325 -0.0310879183631986 0.134519927409971
-0.000142976383478607 0.0177120341930081 0.0278418421434663 0.11881033135321
-0.00252070454081098 0.0160630723910946 0.0476508298570085 0.0931920690903362
-0.00769374952429663 0.00971525759955727 0.0530217218964931 0.0851848233052165
-0.01317736536437 -0.0006767393127131 0.049957342880256 0.0910653511158717
-0.0144619768252735 -0.00998310277562673 0.0298598208758598 0.103458978094774
-0.00195405487483629 -0.0293201506734171 -0.00825500710883071 0.127679639367948
0.0249442852952934 -0.0249547040631051 -0.063951960107896 0.139893641374846
0.0429497091998789 0.0113317116504075 -0.0990907004751088 0.13727429373464
0.0348131223458593 0.0335854844682974 -0.0866415550149782 0.191895375788288
0.0343854633010077 0.0772503216449432 -0.076534711455033 0.112468042654929
0.0419272381647603 0.0266934119870088 0.0297875883347144 -0.00248691221760804
0.040434134906771 -0.0125024472806063 -0.0668097752574481 -0.0911936358702775
0.0230129112888858 -0.0243014337623698 -0.144158669329435 -0.027775119449261
0.00644144379080183 -0.0228394519928678 -0.12777144078173 0.0849608905686694
-0.0018817242438363 -0.0272481185903585 -0.0411185454180933 0.137283344496891
-0.0205880724032209 -0.0219276138258162 0.0240635523247258 0.117648209236535
-0.0267105165852456 -0.0193382105700668 0.0439134538736551 0.0879880905070376
-0.0251793824665359 -0.0299412273430794 0.0525578363731028 0.0752797834456881
-0.00460618588783514 -0.0440399174106891 0.0527020124727954 0.0795269811258116
0.0168324530676504 -0.0432433209173235 0.0419212413773751 0.0898686837915662
0.0580960679724654 -0.0346610905875617 0.0110623005672614 0.118112538207634
0.0741695773584515 0.0154255274205211 -0.0413334125839795 0.138299671959059
0.0481367656813245 0.0806134575582666 -0.0659745886682029 0.134072933741133
0.0132889990532354 0.113497192809467 -0.0595432168600255 0.171270435903127
0.0130798989790478 0.140668152013452 -0.0819830728031738 0.0670419007333126
0.0528410763492779 0.0973062243527908 0.0297159360472052 -0.0243977110188676
0.0975952498335598 0.0288477914071591 -0.0674831017329744 -0.114766773995108
0.089559059401749 -0.0360738863547961 -0.156106255049159 -0.050427515014426
0.0374295332190481 -0.0624374985683806 -0.139119916079694 0.069634396356377
0.00466122829394321 -0.0679768104918175 -0.053537672570796 0.124251940824248
-0.0343801155515779 -0.0617167775027443 0.0145370851928345 0.102954970685396
-0.0472446770196779 -0.0518010250506578 0.0338309146635641 0.0699730853741961
-0.0429413249287326 -0.0616807415245544 0.045462309181316 0.0532763423920381
-0.00453019359972892 -0.0793755723170959 0.0541524335953954 0.0532378169307446
0.0339921464618993 -0.0754070448456749 0.0587812781957597 0.0630885974759767
0.10213442289354 -0.0549668014863328 0.0403964973774414 0.101121953154685
0.121769665386401 0.0309653490723492 -0.0103078183367837 0.13362416847621
0.0663334239793665 0.126850887438968 -0.0340050559899507 0.123265477518143
0.00401655301591478 0.175497020779745 -0.0275256742440548 0.128770273404804
-0.0158227415990325 0.183109717961256 -0.067908699002261 0.0046075499710022
0.0455834862177287 0.161694192958357 0.0381419365667428 -0.0589047068589938
0.138658948011949 0.0808955830719248 -0.055261909742535 -0.142258803499694
0.151996241412435 -0.0308990429346928 -0.151989776139893 -0.0811970234954826
0.0740941064838213 -0.091440169432721 -0.138020027832879 0.0405957671451892
0.0163832208110355 -0.100402791361755 -0.0625002926205702 0.0932438872216853
-0.0398702125159855 -0.0936577138069043 0.00169351321831648 0.0743654400659675
-0.0603645983078935 -0.0762989278424544 0.0186148810333525 0.0424340487805923
-0.0578694955927725 -0.082626467216283 0.032377771852146 0.0226847223472012
-0.0104132824638721 -0.100860927802195 0.0492219261808108 0.0187838281738204
0.0380002991510399 -0.0995183261148901 0.0702588149157873 0.0272019271163108
0.124147032402985 -0.0771631737094346 0.0667736468639884 0.074117020855574
0.153168733083301 0.0288912409594375 0.0201826299956399 0.11994654366934
0.0836963082303616 0.147287968008919 -0.0125911189714687 0.103762608277163
0.00103200141430859 0.209111861315126 -0.000636861978532695 0.0726317958885883
-0.042991958867022 0.195079722259447 -0.034354318587024 -0.0665727677665184
0.0215121152571312 0.200396787160086 0.0569804299113627 -0.10017950527978
0.147321441662949 0.127079602576287 -0.0271989499393085 -0.163701903597735
0.187898556562673 -0.00934181626068369 -0.124761840295863 -0.109633268412023
0.102268519312135 -0.098935485801927 -0.121059142800249 0.00189081845380398
0.0287151241468469 -0.114890572927375 -0.0638103933756729 0.0490955496056776
-0.0381926443449511 -0.110750016413941 -0.011013235452352 0.036119025676098
-0.0650206666919578 -0.08922927695257 0.00204921859233617 0.00925419410720601
-0.0643822739267995 -0.0912330821447289 0.015595855775718 -0.0100056689957057
-0.0160763151181281 -0.108324122934117 0.0383524835474209 -0.0179571453383374
0.0356657247452638 -0.108261755874395 0.0739116065654906 -0.0108624183778466
0.127228122655468 -0.0857251058564097 0.0842491347098866 0.0427713462038892
0.160492981172178 0.0238280864971246 0.0412390764625572 0.101027021834899
0.0859379675318812 0.146830264578565 -0.00322534157886214 0.0802964612664213
-0.00421650806296563 0.212066767544406 0.0179601240871694 0.0130949012939034
-0.058227040803852 0.171946948014664 0.0117597877967734 -0.131370372320975
-0.00872151097096771 0.19492474492707 0.0810629736737277 -0.135494336807288
0.121685877303163 0.145006555350291 0.009686110062442 -0.170657143774133
0.182578597793478 0.0163123329790197 -0.0824936556795979 -0.127023498832381
0.109264300245452 -0.0859715654483792 -0.0901625315960228 -0.0358271167916506
0.0356182730282632 -0.107606712136749 -0.0567093639374483 0.000289347348895157
-0.0311422372011531 -0.108375259564434 -0.0220198015286002 -0.0051341541472999
-0.0602792841856715 -0.0889545607557709 -0.0142998154899051 -0.0248065488311792
-0.0613418446668894 -0.0886036349864297 -0.00233615637889803 -0.0426701643425867
-0.0170530438957339 -0.102006588000674 0.0267735161207189 -0.0517396940158649
0.0329218332568511 -0.100753085722417 0.0732429330845524 -0.0443204733827175
0.11857549817362 -0.0758988711581358 0.0925743677656162 0.0167700333664234
0.144132083552265 0.027202598373946 0.0534080793062169 0.0826473793738981
0.0670707232348199 0.134938487619915 -0.00245929090358569 0.0592094599984341
-0.0169003328402895 0.186353708831771 0.0309441625729372 -0.0398483164202915
-0.0576954120829991 0.117892225034241 0.0572674797142431 -0.178866191559973
-0.0284716035273277 0.147329667916953 0.100331063166286 -0.157710698615733
0.0766770532136233 0.123861324853588 0.0435170830623839 -0.161726010373734
0.138982798425776 0.0295421303497022 -0.0384511584133388 -0.13060983046059
0.0898536649598281 -0.0587609642225322 -0.0568178301382201 -0.0659415032600883
0.0323414200624333 -0.0817246461173927 -0.0467092044756893 -0.042706831096564
-0.0213143939451633 -0.0871278132330907 -0.0313810252153994 -0.041654557121739
-0.0470768641544452 -0.074889812944033 -0.0276940982600316 -0.0548630139011359
-0.0482452520286164 -0.0754290334231706 -0.0172235102212885 -0.0722326389087048
-0.0133791845102945 -0.0857271468268926 0.0186277374091623 -0.0808830558687792
0.03140057497859 -0.0823304493577068 0.0749299252356342 -0.0698911662731945
0.101296668554629 -0.0537479861612257 0.0982392096434996 -2.11426258865091E-05
0.111406518084809 0.0347657059706182 0.0595828499504911 0.068153036186714
0.0364372022022668 0.113854019654309 -0.00428301375853167 0.0415022393910926
-0.0319389411616518 0.138859615888237 0.0433825785923607 -0.080512005562707
-0.0437579174736375 0.0438808954065196 0.0888839365622024 -0.201099021538582
-0.0353386009509397 0.073168474955783 0.108017970313284 -0.164373723546621
0.0276628599030558 0.0741584161670347 0.0641514431339407 -0.146485434298572
0.0731675747240304 0.0277960419950005 -0.00654985447788541 -0.127000099065131
0.0525555723949461 -0.0270529601668925 -0.034838832904529 -0.0852479913445782
0.0209593548983917 -0.0429516899475348 -0.0414216405336471 -0.0716849753855999
-0.00957775604796489 -0.0522544756918473 -0.0386644616020161 -0.0673666015444409
-0.0269229758886267 -0.048832532133716 -0.0363827309830628 -0.0767057178162846
-0.0280669949435601 -0.0520807926393705 -0.0256920605531153 -0.0943209222833337
-0.00689289001330422 -0.0592170898605688 0.0178139283609701 -0.103103211630133
0.0269720973164543 -0.0552610083813115 0.0827343857318532 -0.085321930140794
0.0744916206221457 -0.0260573843058132 0.106404464934883 -0.00618378807030903
0.0673375453248086 0.038758789981589 0.0646247049364266 0.0619558078629048
0.0017286644109885 0.0813370187359763 -0.0053813953731739 0.0304771373850344
-0.0444751466399919 0.0743578125686638 0.0559063383216273 -0.105418368438606
0.0405245542901238 0.00211162240494987 -0.027008510480454 0.136060971442278
0.0116969760094748 -0.0327873591733785 0.0370975090864086 -0.0020580303001169
-0.0241039601005636 -0.0299919094193225 -0.067524781726067 -0.0658619617329385
-0.0315504228198821 0.00606019625732836 -0.124222346194067 0.00335662798493164
-0.0103657512798743 0.0203690776249264 -0.0940638331794526 0.100210184161668
0.00177092128189864 0.0125522145749382 -0.00943317169689709 0.131295438684213
0.00388956971217005 0.015960179572164 0.0431390533860804 0.109852865616935
0.00061675592583747 0.0152489659590343 0.057978299848311 0.0808532223490305
-0.00564951610409211 0.00946501972039115 0.0634271251887059 0.0721053115757466
-0.0118446532898742 0.00121728126936754 0.0622220098999496 0.0777111929583087
-0.0140769704258097 -0.00708134216364534 0.0450246310995196 0.0927429936010195
-0.00555249928844447 -0.0256790033309944 0.0117202128381066 0.120712665315273
0.0195603793938527 -0.0241968388501259 -0.038233285262978 0.140297230182462
0.0401744313476031 0.00695397286669741 -0.0725303056370446 0.143220346504489
0.0365705543069815 0.0300816890771261 -0.0555454388356893 0.191939998008117
0.0411059661012969 0.0692214217971324 -0.0514088804314646 0.12157915591303
0.0425576071727721 0.0189622913786177 0.0303259621111441 -0.00565156207390051
0.0326183979992945 -0.016822775281724 -0.0731439971202432 -0.0750221111107552
0.0154699375113164 -0.0227673581675744 -0.138014775323729 -0.00479160980433057
0.00392718113294715 -0.0190130736480191 -0.106525624311248 0.0977150856015579
-0.00361748984624474 -0.0247702650928135 -0.01854043167152 0.134136711451036
-0.0209006405788761 -0.0177075113552582 0.0388412735045604 0.10735119774184
-0.0261153857707342 -0.0140591058450709 0.0538103257520132 0.0759766320417791
-0.0269521794942164 -0.0245364479609047 0.0619935792654846 0.0634444688945011
-0.00946978072375059 -0.040324079458348 0.0638412306240184 0.0662052495672461
0.0120080480785209 -0.0414324926019531 0.0538761604825732 0.0780966444571616
0.0497797608561968 -0.0385271854656197 0.0280885776638211 0.10992652308949
0.0695221229322687 0.00708440069935536 -0.016657190488931 0.13673391593985
0.0539862486007712 0.0701683728900069 -0.0437490685743259 0.134785277441719
0.0267433865302678 0.107553135605978 -0.0337838153058338 0.168258708906976
0.0283099785248176 0.129106911858285 -0.0657332261009471 0.0833631666380629
0.0612664149196485 0.0817131720568875 0.0262836984074091 -0.0233102539439566
0.0903185408215856 0.0133759561681238 -0.0743551296377293 -0.0930397881304901
0.0740628734236679 -0.0436560390121459 -0.148209090902947 -0.0226219655266555
0.0271762083985931 -0.0594033726314808 -0.117788006181774 0.083238744730572
-0.00315000246769168 -0.06350241921724 -0.0317325808368853 0.121659065768647
-0.0391207090342889 -0.0519578636024954 0.02765175684276 0.0927541069677486
-0.0491431300564043 -0.0416864282191766 0.0414316900902995 0.0599510677709084
-0.0479556858846632 -0.0515739377397431 0.0525369817686994 0.0436883234492207
-0.0143116767140393 -0.0733897804627194 0.0616635453983378 0.0421283003992049
0.024230881589061 -0.0739095537423388 0.0652731422068056 0.0504849337739567
0.0884504486263281 -0.0638384715116088 0.0525545224443878 0.0899732206858323
0.115399939850625 0.0152217649768299 0.01233717403299 0.128772227246792
0.0776594310296472 0.111025173633335 -0.0162054842735352 0.11933506980492
0.02493367167676 0.165549992824546 -0.0107090304004866 0.12368969437585
0.00634660714635824 0.171355267249462 -0.0638407699058382 0.0244776047423606
0.0628477729498849 0.141518966820432 0.0281578877141065 -0.0544926731487102
0.13414252597231 0.0546968661131373 -0.0647008476485824 -0.116238084176341
0.130628397193803 -0.048759442046673 -0.145085021813531 -0.0499586024789819
0.0562355878472233 -0.0910225977793178 -0.11882909348673 0.054066759433427
0.0033904262280119 -0.095098488808448 -0.0442345329452135 0.0929490443855345
-0.0491919206307103 -0.0804957002768733 0.0117164816324949 0.0655316251825461
-0.064757255415464 -0.0627338629142344 0.0237756703735518 0.0361516011511161
-0.0648160440491612 -0.0687814951793917 0.0358856463431174 0.0171155254005571
-0.0230120462547515 -0.0935400698219419 0.0521370248953293 0.0101642329144266
0.0247679672439472 -0.09651551237187 0.0707215319187368 0.0147822869069309
0.106607527922214 -0.0876650175366145 0.0731505891464635 0.0610297626119229
0.144944451144734 0.0098211207428821 0.0391477759047345 0.111752248018554
0.096771866764538 0.126676804154047 0.000928025967877668 0.0979732002871444
0.0268153141217104 0.196884493997022 0.00631233204213063 0.0671512579709527
-0.0175434323796784 0.183333727472317 -0.0450925799847232 -0.0468942024094436
0.0449196997636004 0.179394582008664 0.0377104155718851 -0.0940060387568852
0.148013029384465 0.0951489409100286 -0.0419720300465518 -0.137410543656168
0.166189654707157 -0.0349837236183406 -0.122037215181445 -0.077884289014822
0.0800527960975868 -0.102409964815088 -0.106047442600242 0.0149442648677498
0.0133940867457038 -0.110374001627218 -0.0512342770818514 0.0505188061707238
-0.0496952460773975 -0.0962894804688163 -0.00601605092546834 0.030133489027832
-0.0708082798249908 -0.0739454750368795 0.00323875960277551 0.00689118160329834
-0.0726254935984382 -0.0761084136912422 0.0151309623817481 -0.0119645437426523
-0.0294347732180702 -0.0992561511690632 0.0361914330247644 -0.0229260359078317
0.0217374434046488 -0.104559765334969 0.0681380114285775 -0.0217391401203002
0.108353269712386 -0.0968202801199884 0.0843344583195752 0.029340660998326
0.150734706563327 0.00432595450642377 0.057088654191357 0.0908228398261742
0.0982778266320233 0.125828861300354 0.00566883933600329 0.07517176826093
0.0223432184374877 0.19901346995184 0.0155167411219633 0.00916995337666571
-0.0349910408323227 0.162511813940626 -0.0136627787327331 -0.116272702150565
0.0168262410915985 0.178180925929595 0.0534059211697652 -0.131574885552373
0.127228156332183 0.113654586664239 -0.0109780770021898 -0.148730612617695
0.164692264067939 -0.0114250373679153 -0.0855984520071602 -0.0993925919481801
0.0873624478006594 -0.0917765339239951 -0.0820531428205924 -0.024757063222845
0.0193263790795788 -0.104458087035996 -0.0521189707029803 0.00312741490943286
-0.0432971188733092 -0.0951841928900941 -0.0216291833131388 -0.00734901004370721
-0.0664113018929439 -0.0740351919658286 -0.0175446495102119 -0.0225520572415916
-0.0692108457107658 -0.0742557659142938 -0.00647527416499585 -0.039847688121224
-0.0298983936517923 -0.0938474036849176 0.0193713849292927 -0.0525334815696306
0.0203166145672041 -0.0982081163625523 0.0616327709329203 -0.0523466814415124
0.102226314914771 -0.0859481064860768 0.0883377372307521 0.00407010052987068
0.135890345712085 0.00924164460406723 0.0644014925711168 0.071352860090883
0.0802118675655111 0.117337360861388 0.00313296480914549 0.0549695087638537
0.00747692411947665 0.175201624116496 0.0204961511637123 -0.0422246514351639
-0.0399401384028285 0.11170562771117 0.021170216877236 -0.170386941590052
-0.00817635305479134 0.136000490896447 0.0679079724022153 -0.157122476084718
0.0833232977869695 0.0999710886435267 0.020048828028698 -0.148294967529294
0.127726627793487 0.00608786794318604 -0.0475425089473641 -0.110744411554048
0.073179187215014 -0.0651515396943754 -0.0572759916201359 -0.0566964146250264
0.0191684719554053 -0.0797805060972479 -0.0495494145684645 -0.0375674961539342
-0.0318408704878988 -0.0769391492444913 -0.0357404232744645 -0.0400243338093889
-0.0529137215698204 -0.0628668221278111 -0.0336648135642317 -0.0487376508964534
-0.0557597945264402 -0.0635210353921629 -0.0252392384943197 -0.0649381220785161
-0.0241565662350396 -0.0785911169948285 0.0067498988151953 -0.078826014257328
0.0205488483779197 -0.0806145843335896 0.0588037537038354 -0.0768169284088188
0.0890115485873245 -0.0630720329937789 0.090703823448442 -0.0133562333914962
0.106400624463218 0.0196484950840869 0.0675181181207366 0.0566369282088567
0.0479760500488473 0.100855629373342 0.000354720514017631 0.0392522680286912
-0.0131853263184557 0.131743072223592 0.0267636828940561 -0.0821996787471211
-0.0358655205068392 0.0407106216237502 0.0480555441250586 -0.199848888328166
-0.0244522428608251 0.0684257409155891 0.0745792369406496 -0.168206720344706
0.033042162957435 0.0607813638310253 0.0393835475166814 -0.14164707380843
0.0688463505316862 0.0129743058839513 -0.0218335971051554 -0.114734168190183
0.0431434614333609 -0.0312551051554973 -0.0426023596498023 -0.0763906771518091
0.0135180752972633 -0.0421320072668047 -0.0486834526930634 -0.0641171459932201
-0.0165101709879382 -0.0462712975580095 -0.0464762591792097 -0.0615933732273895
-0.0318059923860695 -0.0416966626704049 -0.045053872826348 -0.0677691440440994
-0.0335862502157667 -0.0443975695825772 -0.037153637535113 -0.0848959201077029
-0.0144546097741163 -0.0545642852978417 0.00270156929722065 -0.0991336951631789
0.0192152323822618 -0.0551492632135852 0.0635151501298066 -0.0925709762839288
0.0671843289994557 -0.0339471978605795 0.0978877378414859 -0.0209494515457462
0.0662369257929847 0.0286096454695365 0.070909964862013 0.0495953237283292
0.0120606444757417 0.0757997527569133 -0.00167430887258027 0.0288110646895778
-0.032320277158718 0.0724549332260191 0.0357724126422235 -0.106619307153188
0.0390177091047384 0.00151466774750632 -0.0273080784680641 0.129912032760812
0.0122426094863445 -0.0313724664337211 0.0365749905323337 -0.00186892449667152
-0.0226361404768776 -0.0288735902894684 -0.0629167917223925 -0.0643404547431408
-0.0302580213553983 0.00527131321819441 -0.118887170049392 0.00139560614152537
-0.0101712478842008 0.0188832042880629 -0.0916795471901829 0.0938984755200936
0.000948300413505613 0.0116424105857985 -0.0108407023833181 0.124938050126295
0.00309268734221436 0.0151109108450535 0.0401072731556726 0.104404125115112
0.000893015068435071 0.0143999285595893 0.0544302030071056 0.0776149031765856
-0.00525460587013856 0.00899046697757619 0.0595704721248116 0.0694857666673498
-0.011194054035315 0.000860359406274683 0.0583811071736392 0.0744656873889895
-0.0129060663656338 -0.00681300731568984 0.0418586380442343 0.0893644927053357
-0.00477603033066249 -0.024653941787045 0.00919753835626685 0.114465647117128
0.0191183847802425 -0.0219738215319166 -0.039215056949187 0.132900378939667
0.0383379722208584 0.0075709187785895 -0.073167620715617 0.135126139848111
0.0335643580792058 0.0291254491491449 -0.0566520080127605 0.183652805529269
0.0387922207613892 0.0655655886150626 -0.0507465823274265 0.11626070203931
0.0409090073908814 0.0185519806064039 0.0299716337692957 -0.00440621263851255
0.0313576477645759 -0.0159620200225991 -0.0679111825799787 -0.0728991829966776
0.015149576521736 -0.0222750724222421 -0.131790340646117 -0.00685810477161367
0.00385870465781038 -0.0186429329605806 -0.103695497328429 0.0918107418238014
-0.00382536210579433 -0.0240474601249862 -0.0191981054778592 0.127333787053673
-0.0195187493087322 -0.0169056886768381 0.0359145798833303 0.10251108620158
-0.0245369274243481 -0.0131417760247486 0.0501832243095363 0.073334355284645
-0.0254250585775486 -0.023548010183864 0.0581817094528467 0.061291705721693
-0.00867174047615486 -0.0386611583021194 0.0598485577221231 0.0643755035509785
0.0116423924153605 -0.0392798281131026 0.0502551566531527 0.0757948313808269
0.0482032178918592 -0.0363870516164711 0.0256784962987038 0.104931210276973
0.0667769085195417 0.00827357271154766 -0.0188735097482066 0.130074914242573
0.0510635002377695 0.0682098181643782 -0.0449689311485618 0.127728011038276
0.0233383128657439 0.102283783064234 -0.0357456912039535 0.160947824945896
0.0258055241035536 0.123335886505653 -0.0638295438617148 0.0802286641208393
0.0575872371753936 0.0790842144202582 0.026786714158239 -0.0207372660468803
0.0855789085385678 0.0132688955015943 -0.0682913153960367 -0.0902605563652352
0.071081796278021 -0.0419151048118232 -0.140769680306502 -0.0244114403005149
0.0269733278904566 -0.057109088800599 -0.113627952069866 0.077513955811873
-0.00265901416955738 -0.060883179178647 -0.0315703288306899 0.115216049878465
-0.0365259865761766 -0.0500283485333509 0.0248533471865038 0.0881058428102656
-0.0463916992259086 -0.0394282078330638 0.0384007811428975 0.0578896417349544
-0.0447316865537171 -0.0490501906147911 0.0490802233805644 0.0421586347851672
-0.0129459966408553 -0.0704081180962545 0.057916645944218 0.0405409251491302
0.0237460182809118 -0.0705964889948144 0.061294916907342 0.049300648623632
0.0851381427144739 -0.0602227895254365 0.0488050862792265 0.0867790562064893
0.111053221756031 0.0161483785296247 0.00955304100043777 0.123218775878534
0.0726391580061549 0.107561201987461 -0.018749269476054 0.113683392980217
0.0215668258755453 0.158323906998577 -0.0134464481942947 0.118494401529708
0.00369405502410455 0.163508370372206 -0.0616087159497008 0.0230232825740999
0.0578737157646166 0.136883060433976 0.0288454035749001 -0.0511277592871497
0.127429261029697 0.053044845480884 -0.0589721730739645 -0.112284502161713
0.12565875935412 -0.0454196225461735 -0.137305934887849 -0.0500146266765984
0.0545396492296567 -0.08692157131751 -0.113898866352986 0.0498583931247829
0.00457885652296072 -0.0910770898083162 -0.0429741391129118 0.0871612396919802
-0.0457514871594502 -0.0772969693068952 0.00910833961602597 0.0624646899692987
-0.0608795385292255 -0.0596694678174353 0.0221483488882254 0.0349355814022662
-0.0608459306576918 -0.0653995247362642 0.0338166869243086 0.0168439788207162
-0.0209336252113912 -0.0896079705001583 0.049234544693976 0.0100115080260599
0.024837811143252 -0.0921815246166453 0.0672200484538198 0.0150579638872032
0.102338690456573 -0.0828909402876883 0.0695014983446499 0.0590970251882804
0.138234580158478 0.0107393776796721 0.0357464074835547 0.108191544419136
0.0905489774048954 0.122940025956048 -0.00170871419735873 0.0936730512307929
0.0226519890285268 0.187547720973038 0.00324016410647875 0.0648942338517853
-0.0192822199558572 0.174554701992524 -0.042355415011523 -0.0450800213256264
0.0404303442940027 0.172575145486999 0.0387796901597337 -0.0875284540696504
0.140179005023942 0.0921085935661015 -0.0366803058694308 -0.131464164756939
0.159819282497248 -0.0317872380050156 -0.115117345298981 -0.0768415455787576
0.0781282133979225 -0.0972711332055647 -0.101579693766362 0.0120881448530468
0.01373229445543 -0.105560852402497 -0.0493570541496865 0.0467918500592885
-0.0461993370239219 -0.0924517294611108 -0.00697978915367427 0.0288951643376513
-0.0667453612181624 -0.0709078089949782 0.00207031634185492 0.00703324866437632
-0.0681531908238111 -0.0721416234981521 0.0146301312027368 -0.0105874431135728
-0.0269586538390658 -0.0954096331033013 0.0347703050368353 -0.0211574087670523
0.0221278401386053 -0.0998700747640729 0.0648055867355479 -0.0198081376659712
0.104526448762045 -0.0910700514754151 0.0810478621024034 0.0294834707721371
0.143664268762114 0.00587672458502164 0.0532594818922538 0.0883217563909403
0.0927124006144067 0.121883836011276 0.00362901671403526 0.0716851167755012
0.0183835702125175 0.188850613594104 0.0126885481921272 0.00936783370222146
-0.0355166843562358 0.154854467933052 -0.0103377288412385 -0.110995953599357
0.0132041792188327 0.170345133970816 0.0546023160727147 -0.122965747602082
0.119706199964991 0.109812577412335 -0.00632220536140886 -0.14190087018775
0.157950388137967 -0.0098815856868993 -0.0798371764088134 -0.0969468801145169
0.0851875983848879 -0.0864440190734482 -0.0777183263851021 -0.0254998363238921
0.0200440447771977 -0.0997424629600348 -0.0495603707033933 0.00233709348053015
-0.0401160902043023 -0.0912152323279249 -0.0217125884173656 -0.00781782408967862
-0.0620897215060165 -0.0706870018953746 -0.0163357182522809 -0.0221357099557406
-0.0651365230432533 -0.0710052171939731 -0.0058494830101431 -0.038075891909195
-0.0272213452880961 -0.08996956271986 0.0189644693583893 -0.0503614366416508
0.0204176348357084 -0.0935997347122674 0.0593953768696965 -0.0498089471186228
0.0984848895986444 -0.0807006328922861 0.0853427569402374 0.00441668593581087
0.129664679485725 0.0103803988145057 0.0615896359989707 0.0698470730670619
0.073899198770907 0.11340667223502 0.002456142575104 0.0532034837998658
0.00459315881437134 0.166416451233424 0.0191939626380633 -0.0397511632739624
-0.0401572425545613 0.106087746117772 0.0241801294645728 -0.162753858600627
-0.00992280512048678 0.12976155798291 0.0691280637477442 -0.147745821715843
0.0780473618775917 0.0956655066671086 0.0224588577881568 -0.141458840975822
0.121921342811695 0.00700774198616825 -0.0431049970604047 -0.107057216263324
0.0709582239387742 -0.0615316282075756 -0.0539053808546427 -0.0556462276049408
0.0196182249895219 -0.0762333998476218 -0.0465537459648121 -0.0372988886970456
-0.0296127361058784 -0.0735158524235718 -0.0341583552547398 -0.0388559086970776
-0.0495499614992043 -0.059845755124535 -0.032531320268318 -0.0474052499093276
-0.0523928918622103 -0.0603164061102765 -0.0226893510660755 -0.0625592506399608
-0.0220147244257017 -0.075327225711597 0.00749977200252433 -0.0750405225000969
0.0207226918074459 -0.0767032555960357 0.0568632607572058 -0.0722053166985117
0.0853973922821808 -0.0585459507826289 0.0879602717847888 -0.012068308259523
0.10045546652285 0.0204512416946647 0.06498578934015 0.0555324943712704
0.044176896468731 0.0975914351713505 -0.000218705332210114 0.0376532092697811
-0.0138871806108848 0.124687569830594 0.0259448234658018 -0.0780763636654292
-0.0345712558676337 0.0387151492250742 0.0504361973332479 -0.190633082232053
-0.0240228319383273 0.0645061669429414 0.0752831940763512 -0.158407335182053
0.030787654278224 0.0580546762876727 0.0410169119530181 -0.134813998727649
0.0657512367300427 0.0133002259659175 -0.0182644657355241 -0.109696840506677
0.0415472001629235 -0.0292894316600292 -0.0388638343174103 -0.0742861082937291
0.0136926275255164 -0.0404366896716628 -0.0461820222019773 -0.0619237267109705
-0.0148461685210758 -0.0440641296264207 -0.0438673892283223 -0.0598615931918458
-0.0299452131332957 -0.0394664739130393 -0.0430234166148843 -0.0661215807420695
-0.031393047486584 -0.0423018017958242 -0.0340206355515588 -0.0812922277440416
-0.0131745214164751 -0.0522021885932747 0.00382401921570185 -0.0943870840266935
0.0192499520933216 -0.0524330251627848 0.0619142225758357 -0.0876252982113772
0.0642863459980141 -0.0309552181971117 0.0944815081879355 -0.0182519817413689
0.0621664204856978 0.0282423412951311 0.0671656754946716 0.0495138224697496
0.0100969649840816 0.072049696537937 -0.00207840842419836 0.027782256856486
-0.0316074600963322 0.0675914299222019 0.0342870055305312 -0.101945041096979
0.0385258708783041 0.00203022555240272 -0.0310549282901286 0.128550903897085
0.0132225345659847 -0.0307432501360546 0.0375565976959132 -0.000832397283058371
-0.0220035826559389 -0.0293020968839784 -0.0594313409028729 -0.065478144880786
-0.030078807828764 0.00443724735735274 -0.118029060353208 -0.00250515985587182
-0.0107683051641566 0.018298895462272 -0.0939418864634472 0.090080620042323
0.000426607703215256 0.0115061794213429 -0.0151216985680817 0.122062884047702
0.0022571646345205 0.0147179526764473 0.0366015246100029 0.10354118960077
0.000520700034387258 0.0140791561865581 0.0509899227616828 0.0788336137718537
-0.00549100074245358 0.00871811588504183 0.0571998926541521 0.0703231162608753
-0.0109271944724452 0.000587954464342056 0.0556335068488973 0.0755313633297987
-0.0124732830155479 -0.00707554923915145 0.0384149243085893 0.0901894017333488
-0.00371605938235435 -0.0239679593296859 0.00449204310837313 0.113454282117752
0.020219890505316 -0.0206266097866916 -0.0437845683681997 0.129268618618306
0.0381471757143911 0.00917382069565207 -0.0781088651511499 0.130564048342037
0.0320240405890223 0.0296509697050251 -0.0625791571722636 0.181125213433086
0.0365139378178316 0.0656164846928778 -0.0540197938580721 0.114677697402503
0.0400327089262652 0.0195533170959357 0.0306620699385738 -0.00352063864510319
0.0315036380938389 -0.0147427336009591 -0.0639888741588738 -0.0744022375315258
0.0158367806167352 -0.0218957350216113 -0.130308559045179 -0.0113984175201336
0.00449333679019011 -0.0188204665975104 -0.105883135718664 0.0875265659008823
-0.00334527975749019 -0.0243026767623169 -0.0230029501566879 0.1243027457099
-0.0192284379900276 -0.0173479123345769 0.0319021379973649 0.102189061999237
-0.0238421748096304 -0.0135384210376172 0.0468480825164852 0.073930833286076
-0.024243452925508 -0.0235125909435408 0.055547861793119 0.0621598044065493
-0.0077434882817943 -0.0388238764014464 0.0574602676697694 0.0648039279875675
0.0127515996981463 -0.0385304912337521 0.0472443066860757 0.0766133717169448
0.0485603709470839 -0.0350368452568578 0.0213411599059071 0.104678656781087
0.0664350224172263 0.0103427083544376 -0.0232151983533119 0.1277073647841
0.048169866787444 0.0697906045287049 -0.0496058411395906 0.124619299973414
0.0194426998436861 0.101516122097798 -0.041898985227398 0.158992645214932
0.0216960789184046 0.122474153629761 -0.0652863989474097 0.0782779177861023
0.0548685776939762 0.0805280088578243 0.0277648716054666 -0.0194504942779557
0.0844491050731769 0.0154430813093132 -0.0636971489622584 -0.0909609763319616
0.0713329347319505 -0.0398447069063352 -0.138860231405754 -0.028646101899314
0.028223855298286 -0.0563023853690589 -0.115096265474432 0.0725422663866902
-0.00118159715514723 -0.0610351870849596 -0.03494443797272 0.112164614890155
-0.0350059510565211 -0.0501003390384628 0.0210413095960233 0.0873986502555506
-0.0443812328169103 -0.0397036220497502 0.0361468417400224 0.0591706146128573
-0.0430515894498864 -0.0492258270959864 0.047094723449828 0.043188448243597
-0.0112316292539545 -0.0698774396789922 0.0558872112014962 0.0417667944362207
0.0254254797003929 -0.0689030960382213 0.0590970281376813 0.0508954230050226
0.0852584818608438 -0.0571255117769736 0.0463371158321167 0.0870251706096831
0.109498580750859 0.0194760045262802 0.00506672765014507 0.122117006231702
0.0683744395596121 0.109386883188972 -0.0226192645287542 0.111366194895116
0.0162948399346188 0.156023873332824 -0.0183192594688619 0.117716292221614
-0.00138528920131567 0.160992630047842 -0.0610586500344494 0.022502633478883
0.0531511824935711 0.137943943292173 0.0315276023211976 -0.0482048608312813
0.123997047368957 0.0557263963410129 -0.0531773420929294 -0.112608441406773
0.125726368454811 -0.0424494928735501 -0.134075638383612 -0.0541908231329519
0.0570066904176894 -0.0845117970093247 -0.114932906825446 0.0448531621229853
0.00675344447783911 -0.0902252974399061 -0.0454379706465597 0.0842168606877667
-0.0429730666984818 -0.0776042937955537 0.00679220115375774 0.0617439506812901
-0.0584403430550027 -0.0598890952943037 0.0196696826866056 0.0353727445429112
-0.057967072820228 -0.0652359725214037 0.0323716390504917 0.0172941461036941
-0.0182550388498248 -0.0890874667065783 0.0486584566250093 0.0116069499938545
0.0270247520282925 -0.0908170059637321 0.0663402837287363 0.0171724334467157
0.103576565934585 -0.0790236416392059 0.0679320673377831 0.0603098885421342
0.136819533953432 0.0143964700196555 0.0319339932508718 0.108457965875892
0.0857715695739977 0.125117323626309 -0.00573455495314521 0.0926751819803315
0.0164224642211592 0.185577487235481 0.000163853358038813 0.0651146566277777
-0.0246535652136787 0.172369930893714 -0.0396542844896634 -0.0450212321602807
0.0344100636364888 0.172808610173288 0.042922684104141 -0.0845805081915735
0.135659968110526 0.094526847918033 -0.0308495935577502 -0.131373344173216
0.159179315911574 -0.0275991107279403 -0.110929980925268 -0.0802067726692342
0.080664318825081 -0.0946668206240807 -0.101127691238571 0.00773067645454099
0.0168899407585677 -0.104564438747166 -0.050428946509955 0.0438208272174535
-0.0432528771002565 -0.0924248175736754 -0.00851920837866378 0.0273999402226541
-0.0636490945095537 -0.0708374555248623 0.0017515426857905 0.00695130869702366
-0.0651063680838972 -0.072224932184854 0.0143275266523572 -0.011024159198485
-0.0241609137198521 -0.0947655843637743 0.0350896684632276 -0.0199557314952522
0.0244451823175784 -0.0983525334218986 0.0650173111301724 -0.0172476570895787
0.1053479781518 -0.0873434489483775 0.0798034713281785 0.0308107826137956
0.141903553913379 0.00947430484635546 0.0502395889009666 0.0894925526622476
0.0872318435457828 0.123593025981124 0.000931402968592243 0.0718170043938403
0.0126301625040808 0.186344021936359 0.0110927767235077 0.0100881673171959
-0.0402638848763707 0.151558480938402 -0.0061384278203268 -0.10989606408929
0.00727232683618449 0.169386214093058 0.0593503194788157 -0.118692336156622
0.11438212280231 0.110998698054978 -0.000753415281362094 -0.139879402406846
0.156760824584958 -0.00585500710846128 -0.0752151240926962 -0.0990940143544564
0.0868503115091858 -0.0835058804451409 -0.0764606010152004 -0.0284258132514049
0.0230655796716444 -0.098726889450823 -0.0494336087757569 -0.000414286465070609
-0.0373807232552863 -0.0910592929670801 -0.0219628846835774 -0.00842567604832943
-0.0598142814574165 -0.0706870411564609 -0.0162711872804246 -0.0224847349338759
-0.0624093300229273 -0.0703584667413524 -0.00448343134677289 -0.0384746752947219
-0.0239552224208921 -0.0895919276689609 0.0207627714389809 -0.049044114767954
0.0229598139445664 -0.0920544168822291 0.0605110968172419 -0.0466994661786495
0.0991599910737685 -0.0775135393344716 0.0844674806271444 0.00703387951566061
0.127254508625233 0.013637044466083 0.059234853514235 0.0713357429711244
0.069487553026574 0.114480511583003 -1.04833493671636E-07 0.05325905896668
-0.000682982598182255 0.163563475745246 0.01924153545279 -0.0385471183949858
-0.0422852526492761 0.10352752499365 0.029645710851304 -0.160552277525359
-0.0142490677349829 0.127990325188151 0.0749325368768744 -0.142304446845226
0.0737263643299709 0.0964394784020807 0.027940888864273 -0.138163171779149
0.120428648039376 0.00950158274997851 -0.0384342259228718 -0.107493530052216
0.0720379213905301 -0.058589349386003 -0.0513596445221022 -0.0577394236380251
0.0223059394801235 -0.0750971894849135 -0.0456245104403838 -0.0383888125051365
-0.0267837177122486 -0.0731556172510664 -0.0338126261362364 -0.0402523557377133
-0.0476671510506682 -0.0597882751625922 -0.0313699303441629 -0.0483327203174945
-0.0498143732247744 -0.0605867271393166 -0.0205098605890681 -0.0626430639874248
-0.0196761884684532 -0.0748330128746508 0.0106064816375933 -0.0734205923191206
0.0225303751159224 -0.0757863066431162 0.0589526418001837 -0.0693577708877734
0.0863990094227022 -0.0557103935876538 0.0879829169657521 -0.00907049509074009
0.0986870850174795 0.0228130766063171 0.0625747078521794 0.0580710150394441
0.0406794826351864 0.0980250728800028 -0.00198578835648146 0.0375365804143403
-0.0174029747681897 0.121474410065513 0.0271096532684788 -0.0765019218330993
-0.0349135740885567 0.0367048925276898 0.0570056349350243 -0.187700494109345
-0.026007844873799 0.0623525305180454 0.0807856088603036 -0.153231644938077
0.0278031677210088 0.0577517840305126 0.0458928036632428 -0.132043769216546
0.0645350470170135 0.013926779864755 -0.0134562564027013 -0.109679740093288
0.0418512179934426 -0.0279497527533339 -0.0364251220592451 -0.0750984990496276
0.0150968715708461 -0.0398906267624861 -0.0443201692718888 -0.0634313254254088
-0.013627996315784 -0.0437703360845437 -0.0422947536142665 -0.0607326141979159
-0.0280180935734319 -0.0395350588664683 -0.0416081506919795 -0.0668352589440841
-0.0305264943857221 -0.0418418401633455 -0.0306329627262196 -0.0818924323171452
-0.011886017502991 -0.0513374528130683 0.00773225061970326 -0.0931482052468774
0.020746832747276 -0.0514375591531292 0.0642951177805781 -0.0841185397233138
0.0645153208575822 -0.0286212579761765 0.0949698954586761 -0.0144291502364193
0.060522359093826 0.0298387266065648 0.0660868893224223 0.0507218563515324
0.00752598588367994 0.0715936430308866 -0.00279681663062159 0.0275472713353847
-0.0325757467788214 0.0650078519203917 0.0362719630509421 -0.099983131247546
0.0395192048785282 0.00179224017638298 -0.0343262421149056 0.132449217536288
0.0149275530617874 -0.0318933399020817 0.0398588219282979 -0.000865822261351119
-0.0216360727763184 -0.0299406600348224 -0.058964933821911 -0.0691832103688491
-0.0311332751186218 0.00357364996836832 -0.120962270408022 -0.00515378230800912
-0.0117788465692453 0.0182713111625467 -0.0987386602994463 0.0902794265448744
-0.000251209432600476 0.0114599414587092 -0.0180882290117586 0.123980947175023
0.002167572460063 0.0154165391986129 0.0354952470334761 0.105736392767617
0.000696954047601471 0.014494978929673 0.0515582296440804 0.082121841716269
-0.00567544100449546 0.00837788915243368 0.0568025546296235 0.0735880282609597
-0.0113267098644685 0.000249435279984905 0.0559421589289946 0.0786564874041113
-0.0122898586980233 -0.00726051061657232 0.0371890674257909 0.0933083574516837
-0.00294776035230019 -0.0251052545106312 0.00163769582682797 0.116511837191113
0.021733423983007 -0.0203635179331686 -0.048457620868834 0.130820857212022
0.0393354010709091 0.0107878671689258 -0.0847510539431459 0.131814773667723
0.0317116367902095 0.0309851908300666 -0.0688248618044042 0.185132265421851
0.0357582120637675 0.0671835363570627 -0.0577887810466985 0.117946967068294
0.0412292349736081 0.0212551983038562 0.0330751165028755 -0.00279782563855026
0.0322703574250508 -0.0144226688692066 -0.0630936424692746 -0.0779846308096936
0.0166199661502212 -0.0230381861247902 -0.13370658534098 -0.0143261529750634
0.00481687128009859 -0.0198464131246547 -0.11059363663044 0.0873455966174734
-0.00343359177727664 -0.0250936497829432 -0.0262371384554413 0.125994232803413
-0.0195245653811043 -0.0178546494265354 0.0303568357411633 0.104302003942943
-0.0236212590613948 -0.0139368574243141 0.0466402596090779 0.0768362781381984
-0.0243899825447443 -0.0244444559531505 0.0554964610530517 0.0643255404731344
-0.00726455887106913 -0.0398026356198962 0.0577161781592588 0.0675446836404481
0.0141338796089478 -0.0392929070246905 0.0465750993667177 0.0799514960506054
0.0507447843683785 -0.0344793407728365 0.0195527798579432 0.107872708240166
0.0683894098871975 0.0118903063876447 -0.0271139833355188 0.130469346356976
0.0483092177082829 0.0736245261699799 -0.055476915750241 0.126608367234728
0.0177918671906618 0.104379992273783 -0.0474503468740998 0.163332275120601
0.0197518607461617 0.125384837074971 -0.0684099944874824 0.0800051301769327
0.0547033936376186 0.0844783590473725 0.0303462456610551 -0.0189224834338811
0.0862284661114626 0.0170482483106126 -0.0620815142365135 -0.0949957204570557
0.0743682729245199 -0.0402958869982696 -0.14193823998496 -0.0329802167787529
0.030365200735574 -0.0577025009501068 -0.120258840819029 0.0717668974234183
-0.000596469294934161 -0.0626392547485283 -0.0377551816338572 0.113515110325816
-0.0354002184894999 -0.0518890547226479 0.01933352629204 0.0898083274424431
-0.0446024056799004 -0.0408389537623441 0.0351089890251096 0.0612150909115326
-0.0429277290697812 -0.0507883664317003 0.0470760288767767 0.0448451948770792
-0.0106255318570506 -0.07187652571163 0.0567489256373116 0.043941766513594
0.0269613674125343 -0.0705795498535411 0.059793621933141 0.0534381736016366
0.088487867837609 -0.0572820221784521 0.0460313106917499 0.0900226426260848
0.112456563576802 0.0214720565027463 0.00239557794592679 0.12611757602069
0.0676543008497387 0.114834595254048 -0.0269568762756607 0.113619577817438
0.0131371497932647 0.160443591645506 -0.022557025261686 0.121301906224857
-0.00434780983274411 0.16510064775113 -0.062566498202792 0.0222886257860879
0.0519095985481826 0.143285042596038 0.0354339683161003 -0.048178900076862
0.126005688926768 0.0595990078128377 -0.0512623669372576 -0.116469584209123
0.129866613368888 -0.0422044660931796 -0.136149525527039 -0.0591067754767259
0.0603128485704044 -0.0865944143018697 -0.119329143989561 0.0433718228074884
0.00835527762184782 -0.0934225231395723 -0.0485351100211373 0.0846124345913139
-0.0426070175817929 -0.0799440154977908 0.00464848914142544 0.0635830136897606
-0.0585076337377542 -0.0611061575353917 0.0195720315725108 0.0365457764431713
-0.0577668483772672 -0.0674813097709331 0.0324390348660099 0.0181584498568598
-0.017662068667141 -0.091847440967594 0.0496846706070467 0.0127461724225267
0.0293560675458175 -0.0925122083473145 0.0675729516070141 0.0186714878211765
0.107454081972997 -0.0793932946934132 0.0682732265061275 0.0625051734243635
0.140248695331078 0.0169560857128436 0.0309956515507416 0.112805493058676
0.0856667821503868 0.130695361860847 -0.00829250751685359 0.0947041629441237
0.0126588050594948 0.189892835258443 -0.00244429828701759 0.0670624544586862
-0.0282365894056652 0.175677962619908 -0.0390584824474039 -0.0461527928810016
0.0322045478042773 0.17870726816527 0.0473876532755167 -0.0845636845584347
0.136758040854969 0.099184164133923 -0.0273105827996072 -0.135656732230458
0.164233747843639 -0.0266712895240994 -0.112227629432697 -0.0856270178722676
0.084606683601115 -0.0960984405203357 -0.104204792027447 0.00564538380294001
0.0188284952190554 -0.10740515094239 -0.0526260330056438 0.043008109166564
-0.0427430050529247 -0.0953729078144366 -0.0107148662422052 0.0281146090497108
-0.064021406988324 -0.0725113431772099 0.000686750686997223 0.00677352843275841
-0.0648272820708095 -0.0745755971458656 0.0143306858037964 -0.0109794099480985
-0.0233199038417188 -0.0979407970568984 0.0359238870596487 -0.0193894560199842
0.0269529222733675 -0.100388071725347 0.0670706837004281 -0.0165779854991265
0.110284432789908 -0.0879125726996748 0.0813296077519353 0.0325061322318234
0.14519754665909 0.012094609688226 0.0503903641995703 0.0933982969075863
0.0864053574155056 0.129364940267057 -0.00125980436567098 0.0739852339019517
0.00835949428448138 0.190467670145735 0.0103206526097842 0.0107734382402425
-0.0438720164638649 0.15434223934016 -0.00310195685025526 -0.112872738911612
0.00370629370726568 0.173854418486032 0.064949574657821 -0.119441333823954
0.114355574739993 0.115761472969841 0.0035332740455821 -0.143358932235188
0.161407758921913 -0.00403319926411741 -0.0746826046095915 -0.10337210526618
0.090935899992005 -0.0846496621594337 -0.0778819019787819 -0.0319012140449103
0.0253451703195105 -0.101473612290174 -0.0507694493488143 -0.00211448430588578
-0.036377240965483 -0.0938192562656238 -0.023622464277643 -0.00935093679496578
-0.0599709539067858 -0.0728572956249181 -0.0171273425715507 -0.0239310501939758
-0.0618720633809985 -0.0726901640053758 -0.00451025194226567 -0.0396536701158995
-0.0233471288815155 -0.0921576198409349 0.0227026221379592 -0.0495126081346188
0.0250970675791243 -0.0941017216795495 0.0634715796402597 -0.0469197633446183
0.103387526799402 -0.077694639159094 0.0868600378593539 0.00759039855472857
0.130155327291852 0.0165682928333045 0.0594807737653519 0.0753521027637255
0.0687952179318132 0.119628273569526 -0.000843592887053254 0.0544573546080264
-0.00439025179027113 0.167031738027707 0.0195733560523812 -0.0393121400513095
-0.0454484969195231 0.104697124294375 0.0353217421029513 -0.164562525056776
-0.0172846337692209 0.130988362705159 0.0812606509523054 -0.144266100542615
0.0729048069340227 0.100102429532667 0.0330462516111101 -0.141556925275888
0.123645224048034 0.0112634381441858 -0.0363936042716249 -0.11100113083739
0.0758837181955628 -0.0591606772329678 -0.05122511681033 -0.060406586122505
0.024010031055507 -0.0768039198049773 -0.0460840518194184 -0.0411569908138908
-0.026575677452599 -0.0754653784611372 -0.0351906488329155 -0.0420163019221684
-0.0477604065253121 -0.061647701036756 -0.0323073804925004 -0.0505643253374178
-0.0497505824325295 -0.062134729942291 -0.0196719990753434 -0.0646690615253096
-0.018858133203752 -0.076959277129607 0.0125892629628041 -0.0749914749765187
0.0245383909997647 -0.0771627605354061 0.06224599645706 -0.0697021190654411
0.089394986762763 -0.0559763156149444 0.0904424559271697 -0.00773020225682691
0.0999558457482847 0.0251248787473191 0.0639035585470436 0.0610797889006767
0.0394875222082348 0.10122421904644 -0.00287797993313146 0.0390012256628989
-0.0202599722625244 0.123386636149651 0.028478446441172 -0.0785094240605805
-0.0364813492320123 0.0363302321963146 0.0630528700758673 -0.192439190245505
-0.02826794623129 0.0633653558927527 0.0882515578495855 -0.155180654904769
0.0269569084777739 0.0590496346423538 0.051129357375464 -0.13422267151854
0.0662666020743083 0.0152554222197416 -0.0108188050880966 -0.112845972917904
0.044277733416518 -0.0275838151397905 -0.0353640579792459 -0.0782609828658422
0.0165291564904305 -0.0403645851565516 -0.044242121740908 -0.066208673588235
-0.0131586771873675 -0.0450961967621736 -0.0431950044094029 -0.0633525260657171
-0.028531910421303 -0.040527167303299 -0.0418682097029023 -0.0699639095919703
-0.0303722010317935 -0.0430458978701792 -0.029432954925821 -0.0843226753545465
-0.0111395162427385 -0.0526232919323411 0.0104718161370599 -0.095238471237763
0.022457886547678 -0.0525690693626423 0.0675269797401608 -0.0849873029074159
0.066428859125518 -0.0282822813196915 0.0975998566088976 -0.0133955979290612
0.06090506620275 0.0319781062440236 0.0668020049191317 0.054209532805555
0.0061937853696113 0.0736202498817608 -0.00403575114972101 0.0288438250925253
-0.0340402156697439 0.0651382984127229 0.0380042060840483 -0.101978690659259
0.0409025568003425 0.000327060921626564 -0.0325256985467749 0.140142678984914
0.0148084913270063 -0.0339892226542723 0.0428146547255161 -0.00152906872729642
-0.0232302853796614 -0.0308322254836185 -0.0617783740537208 -0.0725647875027274
-0.03261680706129 0.00385055044024905 -0.126250409710504 -0.0035589183142173
-0.012100767370478 0.0190055577932497 -0.102362944402359 0.0957676455476155
-0.00092608736559575 0.0119632193887916 -0.0176670705914348 0.129473707097144
0.00218273770243658 0.0154689030761519 0.0395687109301703 0.109634758854197
0.00116916487450252 0.0147112016098579 0.055153912049708 0.0851023734465168
-0.00557657829940965 0.00851035483118845 0.0613149045431783 0.0761842544390915
-0.011356231655874 0.000336083088154884 0.0598952153190106 0.0813956042449757
-0.0128144816121176 -0.00723936126031625 0.0403230358806289 0.0974847260991227
-0.00318302680646902 -0.0260908243965224 0.0023265473086107 0.121925031013636
0.0230953525903429 -0.0212973177934007 -0.0494861965227203 0.136368134996927
0.0422354914738814 0.0116091629372783 -0.0884917202566182 0.137742510439539
0.0340084612020617 0.0317644570462604 -0.0701348239710875 0.195327294568655
0.0387350650002244 0.0689842853229991 -0.057728765307792 0.125848964641682
0.0435962923476732 0.0212647145549486 0.0358877070419212 -0.00345656295155441
0.0333642497175378 -0.0157891510946529 -0.0666601908039721 -0.0811964438711778
0.0167341747155156 -0.0251302434708616 -0.140062232617385 -0.0130134409749168
0.00481583009819389 -0.0209053808424904 -0.115196543884889 0.0927349224597181
-0.00467084224011453 -0.0259579783298623 -0.0263863441267283 0.13184550569913
-0.0207130480699201 -0.0184213270853148 0.033331747499361 0.10815184207135
-0.0247557105216707 -0.0141044425529874 0.0506348656566183 0.0800949047157983
-0.0259241508499701 -0.0253825256682278 0.0589482363203643 0.0669399558154648
-0.00825309292001762 -0.0419947032986548 0.0616165163830857 0.0698275880451956
0.0140983004795565 -0.0414093282212943 0.0499400056080613 0.0830607206400301
0.0522596288731835 -0.0376533115026954 0.0214526900789046 0.112154518645556
0.0723425422589207 0.0114969439640824 -0.0266625097995189 0.136152134490052
0.0524786617641031 0.076988774184313 -0.0577874564463298 0.132825922340468
0.0200731051171445 0.108707064410892 -0.0480289352923485 0.172551544800041
0.0226090299549972 0.130554937563811 -0.0695890578680578 0.0866267602801801
0.059053216285907 0.087927860576416 0.0334867537228799 -0.0202461165925567
0.0903407133115484 0.0156870332360754 -0.0651352970434091 -0.0990557752180197
0.0768132966545202 -0.0447366820161335 -0.148787874559956 -0.0325386944217579
0.0303509357136274 -0.0616557233975344 -0.125355195181955 0.0767327270184104
-0.00244893124825314 -0.0660687050252025 -0.0385907364884698 0.118318947634784
-0.037903731677063 -0.0533991324718354 0.0215001109852154 0.0935567166951593
-0.0470100688738065 -0.0411195971095887 0.0379092113419498 0.0637725028263247
-0.0457653645081871 -0.0522690201306468 0.0497761390629808 0.0460323215696634
-0.0125337916932346 -0.0756779343817854 0.0596010488346042 0.0449113701724779
0.0273601850142156 -0.0739100263950845 0.0628890842317953 0.0549956997578063
0.0915589857269925 -0.0622194046383441 0.0485977025670016 0.0928811346736869
0.118324005796717 0.0206455447409293 0.00473194005546168 0.13189854337285
0.0731712067599478 0.119715100121552 -0.0273964176704992 0.118700704844776
0.0162710853694386 0.167044624002731 -0.0223383982173132 0.128117982929961
-0.00197608937269945 0.172108479115472 -0.0643766477646621 0.0254219047796359
0.0571187447176177 0.149765403174021 0.037913230550212 -0.0502182064971098
0.132885005194851 0.0594773629954689 -0.0535329966775505 -0.121436137617848
0.13498885581175 -0.0479269000493029 -0.143622558098566 -0.0594045365711257
0.061485090565037 -0.0928094862709256 -0.125395501373689 0.0467895958010164
0.00628300012944155 -0.0983202704892962 -0.0497994326343055 0.0884227801264161
-0.0468401920772845 -0.0820169078099795 0.00501394176990999 0.0661255643218083
-0.0625710851963474 -0.0623106601281376 0.0199450264012119 0.0382410772202672
-0.0615850538916411 -0.0689063644449342 0.0340370464083794 0.018691080267077
-0.0203245489800568 -0.0961456651037086 0.0519609884081275 0.0126840644398146
0.0288167862208324 -0.0972331719721349 0.0708170095266625 0.0191726661163485
0.110701361534999 -0.0854260624526895 0.0725784496649071 0.0640022898935886
0.146961637273572 0.0147384084420593 0.0342903526551203 0.117997643324963
0.0908438634758136 0.136103833280184 -0.00810533777462353 0.0994474087172409
0.0160685057989063 0.198185719394198 -0.00283639894273459 0.0709468634886683
-0.0272580812349427 0.18352076760069 -0.0406897381940842 -0.0473513310814732
0.036864071202358 0.186927003032987 0.0500725958072123 -0.0889238474157527
0.143943980018477 0.100764322045109 -0.0294637191290645 -0.140869308229773
0.171074393200967 -0.0318300848475773 -0.118348192214439 -0.0876999813876539
0.0871033262836972 -0.103105271943376 -0.109448973004092 0.00680868804330673
0.0172509515260798 -0.113321108631432 -0.054669685876785 0.0452599061683526
-0.0465455934271767 -0.0986151735540132 -0.0118605178211339 0.0294935436073844
-0.0684362785640171 -0.0742662327159207 0.000411162032080111 0.00764880428563255
-0.0686483406024845 -0.0765763421019308 0.013948718355112 -0.0117588526557811
-0.0262066620400806 -0.102003743564939 0.0377382166988682 -0.0207239403716139
0.0257613485508921 -0.105340882032334 0.0702177639124035 -0.0177039148737732
0.113531974713748 -0.0941156213703588 0.0861639083642853 0.0316341096140009
0.152027029196452 0.00965211743964763 0.0546157609780026 0.0976065013708686
0.0927572553280829 0.134516822094921 -0.000392800143149813 0.0770974954734966
0.0122046606008353 0.198841796368748 0.00979960424976073 0.0110656757381167
-0.042982695050444 0.161414676611975 -0.0039509052415541 -0.118224403909651
0.00696945133974803 0.183073844054779 0.0681697191700653 -0.125781916595685
0.121073856087041 0.119188862088735 0.00332056865496914 -0.150054885755593
0.169026036360279 -0.00803255147872709 -0.0789415762431156 -0.10734180963608
0.0943192545142845 -0.0909369205108503 -0.0825054522984672 -0.0321044602294336
0.0248999766254739 -0.10727862010764 -0.053685324015769 -0.00214875108344956
-0.0399216305345799 -0.0972896725357218 -0.0260196525406052 -0.00943911461115537
-0.0644752793307487 -0.0743615224670762 -0.0196325298394362 -0.0245171535816647
-0.0658442687830356 -0.0745928967302648 -0.00604137450208831 -0.0415430209786433
-0.0260655737401142 -0.0961286775848999 0.0230978794512291 -0.0524697496217721
0.0241000042207078 -0.0986961638301605 0.0655323479804406 -0.0494732090936429
0.107003123912125 -0.0839418745976807 0.0915885375793227 0.00656203423276917
0.135715371975178 0.0142898550999065 0.064528266524716 0.0786488017008044
0.0731262671017253 0.124268592751904 -9.83691531896432E-05 0.0573785973880706
-0.00131711037531632 0.174337143475523 0.0188710124041137 -0.0415423320315173
-0.0456747501061514 0.10952926991415 0.0350914427030289 -0.173650084050272
-0.0163645551791266 0.136800001140872 0.0847039464276216 -0.151503746514065
0.0772402625375507 0.102937233779751 0.033977684852791 -0.148257048712817
0.129526566407274 0.00831273409984908 -0.0395808959711391 -0.115745965138506
0.0783475260153105 -0.0637702638792595 -0.0540672663090907 -0.0627379217721249
0.0239883300594884 -0.0814063419211056 -0.0486964216402294 -0.0432625257834346
-0.0286574890528045 -0.077593654758192 -0.0380595690348187 -0.0435263185991327
-0.0513237160460137 -0.0624195093567116 -0.0354100058287106 -0.0525766017892371
-0.0524768975351649 -0.063555661252086 -0.0220114871233404 -0.0678811762379168
-0.0213343737198597 -0.0797068843780659 0.0125873547660649 -0.0788520187615122
0.02394889911922 -0.0806462660003016 0.0640390403060775 -0.0736381068564311
0.0924697526277814 -0.059885525883301 0.0955761542155789 -0.00966103976600031
0.104476024637643 0.0244118016435106 0.0690912680947138 0.063633075466029
0.0425135672591512 0.105732336769956 -0.00235461169041369 0.0410528784681819
-0.0190627741082946 0.128910335384537 0.0272069512420394 -0.0827259111713741
-0.0370293998232705 0.0376170785087021 0.0635544974868359 -0.203787445779986
-0.0286995396202988 0.0660364847546366 0.0912378092382874 -0.16319731293565
0.0283522717385043 0.0612624130303025 0.0531131585688341 -0.141378549909918
0.0693578060728056 0.0136846371816568 -0.0118679753938461 -0.117598184569935
0.0458001393661156 -0.0299436848042283 -0.037810019868007 -0.0818943012581402
0.0167796390867463 -0.0428414750461866 -0.0480993237341121 -0.0687722556345212
-0.0138628417524165 -0.0463302081244552 -0.047453032660631 -0.0650968766429708
-0.0304837755826094 -0.0405033339639641 -0.0467074685480236 -0.0724810311102058
-0.032527314234728 -0.0442962363326731 -0.0326210026202208 -0.0877864418184112
-0.0129453337233388 -0.0543595722748241 0.0101695279432476 -0.0999868099360197
0.0217134346494778 -0.0553075313920784 0.0698219173659411 -0.0889683913693629
0.068869747044183 -0.0308302556898413 0.102884112758982 -0.0154115008194314
0.0631653805897101 0.0324947226794975 0.0714991658004569 0.0562004723452151
0.00712400610634427 0.0767657922578461 -0.00376011148172574 0.0305851102932352
-0.0349500904922361 0.0675548724406849 0.0370764907374318 -0.107763070139878
0.0426637055969699 0.00953957651657063 -0.0539368478397569 0.136746642049311
0.0210063844121582 -0.031625980895318 0.0457858616659361 0.00362207632854065
-0.018746747079705 -0.0348396000502449 -0.0520710788665493 -0.0865354931374971
-0.033557625150594 0.000773276782151477 -0.131265943821036 -0.0253549679588237
-0.0143519749047277 0.0190214865370585 -0.121105080153432 0.0827821822495175
-0.00234663051119267 0.0134240201727464 -0.038898990206297 0.129950602286108
-0.000155300476633388 0.0161726797727383 0.0222223302614534 0.119370451747029
-0.000684303641498534 0.0155077571542824 0.0428743371336424 0.0968436628256798
-0.00755391309181933 0.00737037824051616 0.0515961819040473 0.0885898536548162
-0.011696382196692 -0.001680003835296 0.0486521525661093 0.0928082029623646
-0.0114312818454079 -0.00892548082628365 0.0264546775580346 0.107026018889427
-0.000144551822817356 -0.0257899431702787 -0.0177424104320952 0.126576877145376
0.0268844003229883 -0.0157993029944934 -0.0742585129413836 0.131225507067534
0.0397717384099561 0.0218623755150988 -0.11629648564299 0.124058686631197
0.0286416834555079 0.0423657165519296 -0.108868140148363 0.186070423543195
0.0270852081144313 0.0778511559218188 -0.0774232182307883 0.121222923552041
0.0401669020852422 0.0285568267387508 0.0399902317930937 0.00258599145452626
0.0347429014597478 -0.00967137584823799 -0.0516602412642548 -0.0948840910572031
0.0199362693188069 -0.0198107001929561 -0.139829573761979 -0.0377106076833285
0.00936798118926826 -0.0183036229029534 -0.133721915873603 0.0754345485618902
0.000306638464623331 -0.0268653249139517 -0.0483039129773899 0.129315157390713
-0.0172449141808224 -0.021804031061588 0.0163203144907993 0.115579481189184
-0.0211727580755868 -0.0188963280791776 0.0387701138284443 0.0912183319355848
-0.0220900983251398 -0.0303905038428025 0.0510264668555558 0.0792403136101207
-0.000361559568069712 -0.0445483624666279 0.053268292590068 0.0818719860708727
0.0234466913498366 -0.0393398201730363 0.037270496439072 0.0947506835418124
0.0599712211963524 -0.0284706783875859 0.000549866893211989 0.120890829773913
0.0705984781588613 0.0278803169849752 -0.0515183944372144 0.133750788451768
0.0375642409568067 0.0913746298020307 -0.0839080429629279 0.120233838188396
-0.000993539885475583 0.120479453996079 -0.0797237283646119 0.16312120072711
-0.000771162069879146 0.136463186256667 -0.0836581699090337 0.0815085226000825
0.0441987752795803 0.0976772348490325 0.0400194771270152 -0.0118854013886416
0.0852361682160365 0.0322663674292033 -0.0440238274056345 -0.110726662061688
0.082440800783743 -0.0306077983530256 -0.14251263667523 -0.0586293850039758
0.042492266003068 -0.0547734003553843 -0.140103492957075 0.0548353693455199
0.00946892502163175 -0.0667105131611765 -0.0584401164095526 0.113049807452039
-0.0292461747810601 -0.0599763825428924 0.00652324126137686 0.0973217167114057
-0.0387776961915827 -0.0506508625556618 0.0282881376106595 0.0720641752648623
-0.0365474192463522 -0.0616674297035547 0.0450020694817927 0.0558691240314061
0.00108427184329741 -0.0794036884718638 0.0560177322856731 0.0566803841277601
0.0433419863359549 -0.0699183884538322 0.0543618821249163 0.0696400731578607
0.105027615822461 -0.0468721952295101 0.0299347680552608 0.108278384739914
0.115998519883431 0.0465637114275465 -0.0191316400141677 0.134147916982019
0.0511713429246739 0.139028472343995 -0.051923832004241 0.110216617737708
-0.0170290969505939 0.180298162139643 -0.0442696930668222 0.119481419124539
-0.0343439622784537 0.172942260098802 -0.069980869703237 0.0222912298376369
0.0306615128642016 0.159397255075745 0.0495662239138513 -0.0397492414928215
0.120283350436215 0.082693713835855 -0.0256967685994519 -0.128378700036993
0.140629020778348 -0.0245608045805639 -0.127513813888591 -0.0848026470094864
0.0784248421953998 -0.080350783171114 -0.133177306098484 0.0217058177512624
0.024224429106601 -0.0985898304400729 -0.0651504369567232 0.0798136155330366
-0.0324590547737554 -0.090841161298403 -0.00586175955788314 0.0658324917479577
-0.0509232269500613 -0.0747897808813742 0.0134365452798391 0.0428401281431258
-0.0498677286515081 -0.0809081829269446 0.0330977231261702 0.0251950230986575
-0.00322590049619266 -0.101683141831282 0.053463564546629 0.0222617413172516
0.0500529360450687 -0.0939038903095738 0.0676206090953308 0.0337989426675026
0.129377661740004 -0.068136598572591 0.0586516481496453 0.0841508308814486
0.147128714926041 0.0462427532285871 0.0128266151338521 0.12495902676671
0.0665469920777742 0.159404364485579 -0.0289693453281257 0.0926710171223756
-0.0222865973054059 0.211987333718346 -0.0129969881999118 0.0621036282168292
-0.0625850149293385 0.178892130985256 -0.0345163922720943 -0.047453958322379
0.00345247329613519 0.192307122316184 0.0674587097201151 -0.0763768861958783
0.123216509051163 0.12539440224163 0.00331882116876754 -0.14164702007691
0.173615604838216 -0.00361117612954107 -0.0950348268528651 -0.107457236461422
0.105171300199222 -0.0867735463523513 -0.109406100561309 -0.0169849950880526
0.0374241858355698 -0.112099880859198 -0.0633049029681223 0.0343992934160731
-0.0298260019113064 -0.106922836829237 -0.0170400658371993 0.0247791326470183
-0.0545351805478983 -0.0880776185105671 -0.00203173864639474 0.00807849745307663
-0.0554816335322121 -0.0895225975847578 0.0176535670157638 -0.00919913401546639
-0.00849648819420403 -0.109211348221934 0.044611151445669 -0.014491041807515
0.0489317902609917 -0.102753407932469 0.073111363220126 -0.00400731478472673
0.134093243970104 -0.0766469364853471 0.078185996911312 0.0543351241570425
0.152830849380626 0.0423145291765308 0.0375487527138579 0.108038973020381
0.0688382312332067 0.157840353714618 -0.0171683861701744 0.0721069138218635
-0.027099876668864 0.2113684604187 0.0107509610140141 0.0031533772539922
-0.0752866586215432 0.151586470438479 0.0144770977487232 -0.114241707581008
-0.0262776133724168 0.182208970570697 0.0914012319821179 -0.110828678787972
0.097017754029687 0.139267354021621 0.0358356273479259 -0.144570941222388
0.166583876340102 0.0190147891827968 -0.051399860398773 -0.119542415204544
0.109795786408917 -0.0739808960372282 -0.0751087714720673 -0.0528938466865803
0.0437642283934251 -0.104756218684004 -0.0538437882228271 -0.0138442580695931
-0.023915092993217 -0.104590688912968 -0.0255917145901237 -0.0178847447318392
-0.0507944574354235 -0.0872686437719712 -0.0167537898631202 -0.0288390056331626
-0.0527002248214864 -0.0868650918563386 0.00195829843961306 -0.0436616899815592
-0.00908499146461089 -0.103071795816878 0.0341686803004481 -0.0484290249692682
0.045453324835676 -0.0964045901729099 0.0737905595863525 -0.0369030940474051
0.125626109292714 -0.0672449714512443 0.087965321434588 0.0288619919158519
0.135030573844466 0.0435613850705815 0.0512819917967067 0.0902356820867626
0.0509177356546585 0.142862677319308 -0.0131434478462359 0.0522839372335316
-0.0367040363195615 0.181706540113659 0.0296821044093293 -0.0479642771578931
-0.0683042664846311 0.097513557678125 0.0629375872709557 -0.165385764984923
-0.0418754149023788 0.132048461437521 0.111349243685435 -0.136310268663105
0.056138211741826 0.114656165854308 0.0641673939096875 -0.137689311965478
0.124831299377031 0.0285435404990808 -0.0124401823670311 -0.121315335297396
0.088362771360011 -0.0499566292089576 -0.0416270579806912 -0.0779890252109626
0.0379225027648133 -0.0787752095998591 -0.0427801119963494 -0.0546760648339153
-0.0160172058665502 -0.0831780595837708 -0.0325029319231285 -0.0536899082146949
-0.0404110949528264 -0.0730679719060785 -0.0293194927550058 -0.0594372793463579
-0.041890046358664 -0.0741012945274507 -0.0108294008804158 -0.0733153298308009
-0.0072140256622352 -0.0853027207852795 0.027753020973187 -0.0784668135235096
0.0421582507300566 -0.0791245750564908 0.0762940581772817 -0.0623985327472634
0.106822986080159 -0.045143500573852 0.0953571454255155 0.0111373591018884
0.101092243841458 0.0476114858003024 0.0585679793694136 0.07560874822883
0.0227469420739829 0.117233384329558 -0.0110765777870646 0.0365350128747497
-0.0456327716284215 0.129603024893363 0.0457648454153326 -0.0858873530773791
-0.0464023742894536 0.0268648158397467 0.0981718552658558 -0.194164349821885
-0.0415522408980797 0.0585341012475888 0.119385235865851 -0.149172228676909
0.0151659166599835 0.0632574842380314 0.0796962313630379 -0.130831333587974
0.0643502335722038 0.0234981477179918 0.0123826464191306 -0.120314475338824
0.0493451959361318 -0.0218932610130648 -0.0233904686670334 -0.0923518153714779
0.0242434194856134 -0.0411532550012413 -0.0374621474992651 -0.0801874181883317
-0.00644885294529728 -0.0495653805386307 -0.0382204253559734 -0.0771294575385262
-0.0239300163264038 -0.0473165101708952 -0.0363821973505975 -0.0823615932199943
-0.0248964967488281 -0.0505208803990443 -0.0191780076137021 -0.0957289047909318
-0.00298679726291475 -0.0580095185895933 0.0276623771791428 -0.100105072496143
0.0346352585094385 -0.0527043713554331 0.0848818651505229 -0.0774312157881675
0.0780055886200711 -0.0191604859641249 0.104347526493077 0.00460798598843917
0.0572729561010956 0.0474017378579204 0.0638651107397716 0.0685103386195751
-0.00756598249468054 0.0799555201277136 -0.00885392346334744 0.0272909985715003
-0.0498233870901771 0.0622042005875736 0.0598793739422862 -0.106339988240433
0.0421298886818436 0.00554725939106707 -0.0420525127865681 0.140238845533414
0.018514104160128 -0.033145478985169 0.0461407699180033 -3.25144016240792E-06
-0.0214097312814713 -0.032764292045067 -0.0576538448430385 -0.0823427818263174
-0.0331820072838905 0.0026741076373536 -0.131600638185448 -0.0157947766824644
-0.013119570555054 0.0194668041912823 -0.114320856140231 0.0909595760235665
-0.00177086895633795 0.0134795340489398 -0.0296434706257447 0.131308673750407
0.00113218403408679 0.0156566944927626 0.0310514306000689 0.11566339045609
0.000687624444017771 0.0149059427526737 0.0503073777071463 0.092375435921451
-0.00718179098653036 0.00739386192741142 0.0581311480178782 0.0843391375469159
-0.0114715159209694 -0.00140713733734131 0.0553533402007587 0.0883834060037844
-0.0116827732680123 -0.00854064619978425 0.0339236836170859 0.104552098673481
-0.00144190350306998 -0.0261303784863648 -0.00916120102548617 0.126488387696166
0.0262641936528472 -0.0168703773571933 -0.0646289134324623 0.133589676217054
0.0419840818228275 0.0190030711198804 -0.108019648831014 0.130368486201864
0.0311616009364596 0.0392678011606124 -0.0949396029425802 0.193279331455307
0.0318950452903209 0.0743868207968176 -0.0666131165169712 0.126347834010386
0.0423105711760676 0.0252887888163476 0.0409273775441143 -0.000133765186779463
0.033721414590108 -0.0123322126337581 -0.0576511041379533 -0.0904571458449963
0.018054546989775 -0.0221865596493766 -0.141251751204158 -0.0275530615314371
0.00782171335852821 -0.0194831867207547 -0.127127458044806 0.0843809932927102
-0.00204132357800408 -0.0266908500485224 -0.0383104957286898 0.131191888427947
-0.0188578737645358 -0.0204839710176797 0.0249312320978674 0.113011887929109
-0.0220938925137815 -0.0168947657109475 0.0450286974948762 0.0873208007953334
-0.0239209405329414 -0.0285955827930056 0.056831984655619 0.0747437270781547
-0.00388008366690568 -0.0441576538555193 0.0586739333698631 0.07706958798745
0.0205212134330634 -0.0399566582473178 0.0433968225140491 0.0911554965845544
0.0568126753034264 -0.0329857140383086 0.0089531122352366 0.119970728555669
0.0722398341548576 0.02238466919239 -0.0421294066242771 0.135419681963178
0.0443650619613472 0.0885622221443807 -0.0763953276036294 0.12477376784219
0.00784960000439108 0.118759181595866 -0.0679891225372378 0.168120260520598
0.00948226195596429 0.134859777773802 -0.0759678599157931 0.0880744557635302
0.0515779498138933 0.093268190601323 0.0403938245425154 -0.0144007101658115
0.0869011208039524 0.0243266012154258 -0.0503558082267783 -0.106088157137076
0.0789388395762262 -0.0377481836778627 -0.144319833348435 -0.0477457174654653
0.0375455312661845 -0.0580769588665765 -0.135109544383172 0.0646175286582739
0.00367803876516307 -0.06737383279657 -0.0495901101596634 0.115762124315059
-0.0329438286827069 -0.0575523106156623 0.013110971156575 0.0959565167795775
-0.0421904323229888 -0.0461726209325963 0.0330640324418039 0.0694832902221364
-0.0413972109888139 -0.0574689543106467 0.048652784257168 0.0523278099369702
-0.0047482566243833 -0.0792827981040689 0.0595920573358549 0.0521701044043296
0.0380605872385856 -0.0726336100780831 0.0590640376220298 0.0651591441089833
0.0999945423499351 -0.0547348137354505 0.0379590599572764 0.105108880571249
0.118623624462656 0.0369786122795567 -0.00948981709485076 0.134309337052136
0.0614100253657818 0.134666303955141 -0.0442542710874857 0.112334614748778
-0.00282118975067056 0.179167102644275 -0.0361315850030872 0.121774609267139
-0.0217622910807605 0.173418041842766 -0.0662788323050089 0.0280800746354929
0.0429592397572322 0.156352741597681 0.047861609698757 -0.0428074770059665
0.125046533755893 0.0723814000206403 -0.0336199702650306 -0.125279182816308
0.137317600095329 -0.0362584544536482 -0.131914496986034 -0.0750702917001637
0.071378063340578 -0.086669061946877 -0.131428609569715 0.0313289035014566
0.0153984347095976 -0.0996317838816504 -0.0587531214583447 0.0831452744910425
-0.0393299529133002 -0.087127048303104 -0.00155382453621355 0.0654759822703448
-0.0558475782279615 -0.0692665986477927 0.0166561526328242 0.0416941669615411
-0.0552412703233497 -0.0763360901223435 0.0341018697271689 0.0220697537400591
-0.0110482216476635 -0.100845240705662 0.0543682548330793 0.018394944264659
0.0420196727445839 -0.0968989234667479 0.0690672224321913 0.0290498673390198
0.122601495364811 -0.0786140098885733 0.0642622428896498 0.0789117692207774
0.14890481123456 0.0342214223270943 0.0224865884130924 0.122697983857206
0.0782595475915295 0.153847046491919 -0.0226663404554248 0.0931496761565895
-0.00584873755262671 0.211044315200244 -0.00958818797380193 0.062661764918038
-0.0491715941136498 0.180472866374009 -0.0365711259640821 -0.0442272732698765
0.0178180455990523 0.191056656711601 0.0622908791450404 -0.079554326431406
0.131361655866717 0.114653195524388 -0.00581184349808435 -0.139968858094359
0.171231551337996 -0.0184362899975445 -0.100865660751692 -0.0990137651916714
0.0977823226445869 -0.0949600732461654 -0.109913320347934 -0.00904983813945553
0.0280661276083857 -0.11440853239009 -0.0600536213948977 0.0375157597487724
-0.0383153846091 -0.103606598111477 -0.0157368804526015 0.0262247110148563
-0.0609412755391949 -0.0817352839412625 -0.00181800040843152 0.0082699454030872
-0.0617196456570836 -0.0836860753040794 0.0161336448112493 -0.010512778772047
-0.0164526733345759 -0.107253326787015 0.0435668601627061 -0.0175350056118456
0.0408643700777393 -0.10565261238575 0.0717262130378792 -0.00851356104508122
0.126477402115342 -0.0870485529372784 0.0817698044503215 0.0475332462333391
0.153746645773253 0.0295114367111924 0.0460777986476559 0.104273045034534
0.0795384908606972 0.15194087934742 -0.0125142919328909 0.0718549329103338
-0.0108709617550859 0.209966601320067 0.00945043973764991 0.00242954015791886
-0.0635357130295962 0.155016625345921 0.00642928927006017 -0.113825753787207
-0.0120094631624952 0.182979444606711 0.0837072698385989 -0.115595657560072
0.106238815351291 0.130051091468458 0.0269837581811862 -0.14443610882398
0.166185035126015 0.00487783035099434 -0.0589950976826393 -0.114405978228701
0.102726397607515 -0.0826103221157353 -0.0774615120231222 -0.0472112133240647
0.0342935996670351 -0.107624419144441 -0.0548163459350392 -0.0105008477537197
-0.0318479344971641 -0.101331987666176 -0.0275633777548862 -0.0152911807706055
-0.0574762935522081 -0.081387726906483 -0.0197302682954659 -0.0259115386539881
-0.0589213907980893 -0.0813245893997964 -0.00173202992029713 -0.0429084060267367
-0.0175741866364986 -0.101417708533195 0.030773552723882 -0.050776042074328
0.0383113083566893 -0.0989562537075748 0.0701681646498108 -0.0414830139190425
0.118886423542643 -0.0766604429368076 0.0890492609985765 0.0220731608194257
0.136393413480743 0.0324001516761322 0.0592818689896498 0.0850635730982126
0.0607157664433813 0.137600211493529 -0.0091780944055273 0.0525475708063255
-0.0221889153721408 0.181487432646752 0.024288231911373 -0.0500106281957192
-0.0604930278903401 0.100695447045189 0.050917773360946 -0.168895622098339
-0.0311611292021088 0.13379378939569 0.101575824412246 -0.142628733635266
0.0638933514906938 0.108538954092682 0.0550890773524377 -0.140609897194249
0.12511817849994 0.0173075072690573 -0.0195573203416983 -0.119068469324301
0.0833836950893758 -0.0568468887538754 -0.0460305935434128 -0.0747999304527371
0.0312120407087425 -0.0814865635780041 -0.0471880693269973 -0.0519284892238956
-0.0221166067930354 -0.0817423350670898 -0.0368268291540241 -0.0506825734174919
-0.0456484123639102 -0.0678811130849611 -0.0342066208033266 -0.0565286581949738
-0.0475707755626215 -0.0692276615634653 -0.0170378370274163 -0.0715090178661121
-0.0137955579888498 -0.0835688358307179 0.0217906498040281 -0.0797677287486275
0.0350206790586932 -0.0810905096791344 0.0709786702819102 -0.0664537047731317
0.101866660006874 -0.0538134075151732 0.0959198126134965 0.00396166674375389
0.102326606980638 0.0399624999328274 0.0651466491704982 0.070468088386829
0.0307507278337561 0.11452199707585 -0.00845400269471143 0.0369564866330127
-0.034858320255218 0.130781980546298 0.0373010640698289 -0.0891564432801444
-0.0436886486174966 0.0290279877887542 0.0831381985809801 -0.200464079022984
-0.0371824122104803 0.060156337698893 0.108429255531229 -0.156293181540741
0.0198647064198463 0.0614592069889633 0.0709260802262089 -0.134147298737677
0.0648819001709627 0.017118087103123 0.00488033966150283 -0.119805334810866
0.0475120930901718 -0.0258207655377223 -0.0285135998902805 -0.0902066479985761
0.0203238531560992 -0.0430195038526697 -0.0440181176818685 -0.0775186410769916
-0.0102907148737845 -0.0480319836809816 -0.0444922986097956 -0.0738220202772585
-0.0276605964451343 -0.0441851798542629 -0.0436267606655545 -0.0777140082706127
-0.0285890666485617 -0.0478802200624317 -0.0263711586386769 -0.0928659285931026
-0.00747167224867738 -0.0572409970017701 0.0201643914244094 -0.101519928047104
0.0300293144751601 -0.0550547203195013 0.0778768443065165 -0.0831877242596133
0.0753676054319971 -0.0251343507161908 0.103722825748068 -0.00268868930034717
0.0594237916517848 0.0426841472057585 0.0688903848358479 0.0633559695693449
-0.00150392528928075 0.079032918654641 -0.00760456080008702 0.0278373732631243
-0.0441843788174961 0.0640078425856739 0.0494100111815419 -0.11034736519182
0.0397601470478171 0.00272618645759005 -0.0313167646945138 0.136329474193145
0.0159582050405044 -0.0326002522137146 0.044872038833654 -0.00296379431009341
-0.0217692893387773 -0.0297854328790967 -0.0586259968643121 -0.0764798255163759
-0.0314355796404506 0.00402842825005222 -0.125617655946423 -0.00899584424774794
-0.0113855908284725 0.0188164711870026 -0.105015950426881 0.0921258160323942
-0.000856311657379375 0.0131335471470015 -0.0219521358855562 0.126414067045144
0.00164232546761108 0.0146610684572569 0.0356568540373293 0.10786865493812
0.00178387845698278 0.0137908507606292 0.0531603890934997 0.0860103282375725
-0.0064364995713541 0.00731452225957134 0.0602703007566485 0.0773106937958033
-0.0111255355424715 -0.0013117042872648 0.0572645244181695 0.0815994658614195
-0.0113202072445727 -0.00708985548679237 0.0379861543190322 0.0981750193386622
-0.00258852574852547 -0.0248308078640754 -0.00289619687633325 0.121665204643882
0.0247741922069516 -0.0175081708482782 -0.0564793157598127 0.129982655565587
0.0421061899632843 0.0160099054773194 -0.0984227402114484 0.128835839695304
0.0315732156997526 0.0356667279957835 -0.0812819591347394 0.189976897372168
0.0334741095078501 0.0690260613336093 -0.055365626111067 0.124849535748417
0.0419727426409879 0.0219921706314228 0.0402569277951371 -0.00235793247289277
0.0317302703695995 -0.013433886401892 -0.0580721492127796 -0.0844356901998893
0.0157578388740524 -0.0231267521274646 -0.13544064033137 -0.0194725066016143
0.00618139029704827 -0.0192625653358862 -0.117405395968738 0.0872500004029802
-0.00381823150543909 -0.0249396143444579 -0.0303379276702635 0.127232800555046
-0.0191281010026045 -0.0185591733350735 0.0296611304024125 0.105839969154514
-0.0216738627001852 -0.0148295518546175 0.0477433152221417 0.0807958368029624
-0.0248188566382563 -0.0263459136453945 0.0578656794856099 0.0687544807176762
-0.00591285488160083 -0.0425262525169472 0.0599532221595612 0.0707877584851283
0.0176832401343043 -0.0396557826005221 0.046279391386857 0.0860634635915971
0.0522829990459949 -0.0351951492020022 0.0143313239349418 0.11402782346654
0.0708145582256619 0.0174552648338715 -0.0340434376443551 0.130317328470665
0.0478634987869887 0.082877077830055 -0.0677231706572982 0.122106442243609
0.0132720045891767 0.112069670696575 -0.0572068066830549 0.164626390353018
0.0149042594873914 0.127366350335832 -0.0665388385908687 0.0889017532874945
0.0546714387880875 0.0868449032007325 0.0393850937652553 -0.0156015791567181
0.0840239542205027 0.0184817317954742 -0.052386561273763 -0.099277887572269
0.073021719468772 -0.041165693893326 -0.139194562753643 -0.0388232787542575
0.0324079792226804 -0.0581794033035734 -0.126323425574927 0.0683946486858336
-0.000531392602437197 -0.0643996164233043 -0.0419022997021874 0.112441505661442
-0.0351649761105912 -0.0530296432393169 0.0167831362060412 0.0908865815660574
-0.0426777150264987 -0.0413690508358513 0.0355507669194148 0.0652066703185375
-0.0428970299309655 -0.0526600302554011 0.0486997853371028 0.0484578747473999
-0.0089015697375824 -0.0755043567950646 0.0598052760466099 0.0465836994623985
0.0326227821523797 -0.0716705538512565 0.0596788611414324 0.0601746538575267
0.0920840929951105 -0.0578828780934053 0.040844039783363 0.0982966883939205
0.114876936200957 0.0281779533636207 -0.00232936848073373 0.128182457841191
0.0660142664172493 0.125868298760037 -0.038524493307761 0.108832243910034
0.00640572711699265 0.170349000918501 -0.0290285367318609 0.118627847008971
-0.0123886106071227 0.165960526619698 -0.0608411144407493 0.0302970712777659
0.049618834556174 0.14700881536776 0.0446858967358359 -0.0423548207329559
0.12260357044386 0.0614102653658298 -0.0366398835014757 -0.11768471266351
0.128511630545126 -0.0441298302097488 -0.129355472345348 -0.0653254389059873
0.0631447316078572 -0.0870173623868997 -0.123849680940597 0.0365183710740632
0.00822679648513021 -0.0958510563364986 -0.052449704171443 0.0819639298708326
-0.0427438187403436 -0.0812143377980264 0.000936281119860785 0.0633814289395899
-0.0569954381576658 -0.062172627615426 0.0179377827148532 0.0397644065564218
-0.0570305914358324 -0.069476259881964 0.0335374339222362 0.0204581872629532
-0.0162959847186802 -0.0956812657667843 0.0528208729065678 0.0145360081472644
0.0352149299814924 -0.0944185391835846 0.0676479259389768 0.0252938561678704
0.112283246819318 -0.0819709915127022 0.0649129102284913 0.0719252891525456
0.143204474882197 0.0243062785435107 0.0280120012538225 0.115509353751991
0.0829472794342056 0.143561716493257 -0.0182732604153948 0.0898108290382723
0.00486146486874044 0.200360131694235 -0.0069373222085256 0.0608104423151869
-0.0382412822358977 0.174574499800091 -0.0362214758424255 -0.0407879672747505
0.0267713611581712 0.181379743782108 0.0569662732846945 -0.078603775175363
0.131203059472177 0.102068187111236 -0.0111236473850854 -0.13311764449462
0.161703246301701 -0.0281683276357486 -0.100083985214045 -0.0899601812897569
0.087548992473196 -0.0965974443998276 -0.105982694957565 -0.00428538248610279
0.019378468113653 -0.110835272637193 -0.0561449822547144 0.0384901188730041
-0.0423943445750272 -0.0968508980249556 -0.0146193733343622 0.0262981760422943
-0.0622571550466441 -0.0735578237209213 -0.00148778128270283 0.00871108716634409
-0.0634488369346889 -0.0761762903596863 0.0145629641266722 -0.0104214192508695
-0.0218162165428441 -0.10166168976364 0.0409240831394982 -0.0192077066153749
0.03301506138067 -0.102980149381241 0.06793771668512 -0.0113064083046115
0.115714313951954 -0.091311899172269 0.0803218157473099 0.0413651094128491
0.147849679528068 0.0197730863702217 0.050110469823007 0.0970644240942629
0.0842575031140651 0.141602733466722 -0.00882751146006714 0.0691198863695523
0.000622293283205942 0.200050256238978 0.00857446242039037 0.00217023973147304
-0.053151181109327 0.150821221917802 0.00101162536591341 -0.109186655307369
-0.00184158968147935 0.175567654766036 0.0755402861793313 -0.114116783666788
0.10767126567526 0.117472880885976 0.0205413868431608 -0.139162191093487
0.158051150232418 -0.00624580203954228 -0.0605476638115702 -0.106363240929259
0.093574606073594 -0.0851809713360979 -0.0765906505298817 -0.0423321489613995
0.0266640697882518 -0.104986590942525 -0.0534197845225524 -0.00819182749239505
-0.0358096180829462 -0.0951990313436808 -0.0278965137948097 -0.0131683452278536
-0.0590145706104874 -0.0734956608915726 -0.0202994938139097 -0.0230743419346495
-0.0608794887554303 -0.0739486163712038 -0.00405804713214723 -0.0399877506058078
-0.0226371148495044 -0.0955720198500782 0.0270278764187307 -0.050506483723191
0.0310534641658024 -0.0966241932728247 0.0648126855425524 -0.0434165209427217
0.108959326070184 -0.0806368052897968 0.0865270331487464 0.0159386375884931
0.131261526850917 0.0240661864680706 0.0615128740818089 0.0776560022918565
0.0647542494898844 0.129607514400209 -0.00636008529961273 0.050216446572763
-0.0118509249405878 0.172686167435959 0.0190203100287927 -0.0485840755911151
-0.0525952602460918 0.0992687441185606 0.0400486531062355 -0.164459488903078
-0.0231661476122166 0.129409967688603 0.0905589746105198 -0.140504475508654
0.0663943059114956 0.100109995614151 0.0475120428621121 -0.136747635316014
0.12001444923808 0.00869286197410934 -0.0231896098613284 -0.113071849507944
0.0763461934397686 -0.0590939134480742 -0.0477610636769695 -0.0701790019690265
0.0249938860940945 -0.0799903802482556 -0.0483775421272547 -0.0480595148709164
-0.025475435790892 -0.0769250180744468 -0.0387986335496115 -0.0470075305224341
-0.0471086927457685 -0.061658337122531 -0.0361353007054204 -0.0514128366329116
-0.0490787067669985 -0.0631436953176436 -0.0202882426319001 -0.0667579675797479
-0.0173879027511189 -0.0788666435218325 0.0167012657929762 -0.0772526934977169
0.0292681418383703 -0.0790758707966112 0.0640657963882106 -0.0670195048105758
0.0944613380581854 -0.0570390272599945 0.0914551768231816 -0.0011890209351262
0.0995077373807043 0.0329138957457278 0.0664730460027499 0.0637790518241867
0.0348245505200993 0.10777659930346 -0.00637402966626487 0.0352004504270525
-0.026666753349867 0.124883084336633 0.0298751556006546 -0.0868664828948491
-0.0402828121054512 0.0294196111704181 0.0690639555199331 -0.196305491208115
-0.0321644082323068 0.0590251928487786 0.0957686272262393 -0.153878872964925
0.0213885457034691 0.0572058902999127 0.0627850218388788 -0.131247203653301
0.0616545737547838 0.0120217024203773 -0.000682023640534334 -0.114826483270291
0.0440231611817212 -0.0273088564857363 -0.0314476706611377 -0.0860886688689223
0.0173763311382531 -0.0421988787512071 -0.0464804064777646 -0.0731896988036566
-0.0125470219846362 -0.0454791615866385 -0.0470766536018866 -0.0684491239855269
-0.0282044221651533 -0.0396533411402726 -0.046539301575645 -0.0714256111161613
-0.0301413153544852 -0.0437200495759558 -0.0301231123870411 -0.0869217839121514
-0.0104978209458669 -0.053434994674419 0.0140256620488287 -0.0985823740472258
0.0250647818992938 -0.0541905160475597 0.0707331719576288 -0.0831195630594853
0.0698611234162431 -0.0281559136826857 0.0999945918906064 -0.00789808587066532
0.0583139459020723 0.038599025551514 0.0693405729223115 0.0564946190697877
0.00242727072130684 0.0753620143347753 -0.00606306553140098 0.0272464863497412
-0.0385089048751759 0.0615711964920679 0.0402390707872482 -0.107453170590433
0.0370121749388713 0.00176111505093328 -0.0267283761664769 0.130275331181048
0.015106296343794 -0.0310157209234506 0.0440900372595352 -0.00422125085260752
-0.0207787694248622 -0.0276686163198773 -0.0562470177696524 -0.0727814913939974
-0.0299335726262786 0.00415839850453995 -0.119397251669589 -0.00791903208971791
-0.0106455714873251 0.0184199572129369 -0.098928860311566 0.0884679350624673
-0.000904566602856892 0.012172959973419 -0.0200510286640728 0.120284941170804
0.00176803350877914 0.0137286800249352 0.0350634358154656 0.101177328062128
0.00207023052024536 0.0125667516396806 0.0524359202357993 0.0807453430336254
-0.00611621335250876 0.00683438154644498 0.0591186531538262 0.0724526519976683
-0.0103674838673943 -0.00136018681145412 0.0553793675328458 0.0771603682635389
-0.0106668945287687 -0.00703528740707639 0.0371645463543126 0.0931041757976885
-0.00264332552384429 -0.0234634379833514 -0.0021372235569371 0.115654735670652
0.0241308866175141 -0.0169097903474364 -0.0531010411273373 0.123110269447948
0.0407095234369162 0.0149543609855932 -0.0936123120096923 0.12341808748255
0.0296050851619973 0.0333192311395834 -0.0752010478134115 0.182280947574899
0.0326762763506898 0.0650352960287923 -0.049474093117937 0.119800439551754
0.0401478071632827 0.0204310579969679 0.0394438657967705 -0.0031947056899413
0.0299879540183484 -0.0134222272773296 -0.0557810907124218 -0.0801257482630438
0.0141656658910906 -0.0224275590710979 -0.128923357108895 -0.0171147532546567
0.00538006814772167 -0.018652509537181 -0.110779605004625 0.0839548012187623
-0.00444022213976923 -0.0234580094435791 -0.0275448650806613 0.120493737657275
-0.0188205107144181 -0.0172522761910119 0.0294451727127275 0.09987408406361
-0.0206782168968054 -0.0137214210688463 0.0474561071353261 0.0765516397879169
-0.0238791699468996 -0.0244272374782777 0.0569347566731008 0.0648148932004813
-0.00655639749202454 -0.0405671578146195 0.057451980648514 0.0670704406804474
0.0160280939140887 -0.0382396464361438 0.0449579867483072 0.0816676759515209
0.0493787622582496 -0.0337837009681098 0.0145555798612621 0.107951997751794
0.0672773429267204 0.0156848164786711 -0.0310020279607867 0.124185376989341
0.0469043697369433 0.0782648601747496 -0.06436231996071 0.116074835792535
0.01344783358795 0.106092483636718 -0.0525341316235791 0.158256744159991
0.015492779516825 0.120893004631853 -0.0605610120765565 0.0852448204968019
0.0536254640140383 0.0824639603685598 0.0386450321760839 -0.0148423972245461
0.0801614815487771 0.0160940037028194 -0.0497557482758955 -0.0944018269431642
0.0683926540081326 -0.0414516867207239 -0.132483042281992 -0.0356765796381414
0.0296336302181767 -0.0566065057805971 -0.119610163914071 0.0662854741905078
-0.00239042193473946 -0.0607948562377059 -0.0388706454916994 0.107007706528166
-0.0344199499286625 -0.0490995956856545 0.0172916718196502 0.0858341512592904
-0.0410252720916064 -0.0381975966343932 0.0349162665121384 0.0612122224841089
-0.0415444318466233 -0.0490735704121559 0.0476948527680171 0.0455595635608839
-0.00984640114745482 -0.0716845795359542 0.0575126081277678 0.0436110633448791
0.0298367723624703 -0.0687209324690508 0.0572566974328751 0.0573128046941646
0.0863637741893662 -0.0572933083087237 0.0399911676984375 0.0925906961511836
0.109305980024223 0.0254199097101684 -0.000661683370709493 0.121329449527406
0.0648836116960176 0.119407474915559 -0.0359602160548637 0.103114929787422
0.00806771512596149 0.161022470904407 -0.0271800604903979 0.113538615796858
-0.0100132422930813 0.158080470875296 -0.0559864286590098 0.0300301699724166
0.0497180148512489 0.139166322057908 0.0435216079417261 -0.0406490739421886
0.117280935930504 0.0561424036576733 -0.0351420257278404 -0.111855559384781
0.120574301078089 -0.0449895250888875 -0.122780403137862 -0.0607722824009259
0.0575811308045103 -0.0851410075376212 -0.118262425876052 0.035571246499169
0.00587550364919853 -0.0914348404867409 -0.0492268688349113 0.0784235193603274
-0.0428136623193476 -0.0765784825238037 0.00168005025136961 0.0597781911723336
-0.0547671919873607 -0.0573283634757613 0.0177093457315852 0.0379477631387521
-0.0550047764630409 -0.0640835669979019 0.0325716378166253 0.0191230497623903
-0.0171970056465156 -0.0907500906360161 0.0506973438351708 0.0130906639842267
0.0320917332484011 -0.0905388812411655 0.0647225101911726 0.0234783058860461
0.10510375763985 -0.0801464451813081 0.0626501005959562 0.0669121408654348
0.136064032231479 0.0209556698220178 0.0291193986093081 0.10948690825481
0.0811408174445401 0.136080777630824 -0.0170653044021475 0.0847343320342883
0.00753817796428025 0.189256292496783 -0.00661122959723744 0.0581122180039089
-0.0340907606778053 0.166567422058986 -0.0343440788796071 -0.037565694575973
0.0283614143721929 0.172121325331941 0.0545207481897918 -0.0744198262581908
0.125761766049295 0.0945844364009009 -0.0101445812293424 -0.126384432721912
0.152702026354353 -0.0305362737272084 -0.0956091111801866 -0.084705986122909
0.0809892232275715 -0.0938039431811737 -0.101194750934801 -0.0031602584038477
0.0167713290594043 -0.106005480686661 -0.0534755521355523 0.0370783552418348
-0.0425968362516961 -0.0914347916308056 -0.0139858032164388 0.0253348304288655
-0.0605405645898614 -0.0680768800984239 -0.00167077242578558 0.00839146665733711
-0.0618191147324596 -0.0706673131187432 0.0139226674864053 -0.00921116152898558
-0.0220986254435691 -0.0962224154942955 0.0384342437668742 -0.0194192153403072
0.0298747204459617 -0.0985152113382067 0.0645747644343479 -0.0111264726324897
0.10809481879391 -0.0890712582028468 0.0759644508447987 0.038207514944487
0.140355140923068 0.0164929100387291 0.0498038219369992 0.0914020449231512
0.0816281404977716 0.133620297652396 -0.00824761325032082 0.0653576967863567
0.00344741832755041 0.188893311253515 0.00643950589122037 0.00201130741391619
-0.0490948844819916 0.143822952255214 0.00034405842917427 -0.104183505614368
0.000284141456048316 0.166660293880213 0.0709943190308394 -0.108838394832172
0.103263151840593 0.110053930728166 0.0190202129725816 -0.132237715360652
0.148949791593884 -0.00942464230863954 -0.0577121423393539 -0.100841260367362
0.0868019839557566 -0.0832164180487483 -0.0740527462687751 -0.0401559217371073
0.0233965533526736 -0.100740448207626 -0.0514937030792064 -0.00783867718624314
-0.0361588603660503 -0.0902425321900492 -0.0273203347291209 -0.0118334721493001
-0.0572799713950957 -0.0682664843674252 -0.0197930170898284 -0.02132656183672
-0.0588397136638874 -0.0687915439802613 -0.00515275295760479 -0.0369915412302223
-0.0221747196217162 -0.0905258477849426 0.0244993835815194 -0.0486162552411526
0.0280138015336902 -0.092184833614553 0.0611739194259051 -0.0412495159521909
0.102188215883265 -0.0790421373964769 0.0822579827082742 0.0138463676215252
0.124603951131244 0.0213612067242057 0.059997219033839 0.0732478893693821
0.0640804686459582 0.122351595028419 -0.00630900910127052 0.0474462811936847
-0.00860042950660213 0.163415363484798 0.0165836452326393 -0.0466605641004807
-0.0491452052187707 0.0945267193557036 0.0362347489948452 -0.157460226013907
-0.020495183339256 0.122735991101143 0.0847822999135309 -0.133538068493295
0.0635629175072802 0.0937393666996027 0.0446537723829702 -0.130518204044626
0.113342924416936 0.00557117981283476 -0.0225307871281198 -0.107434233446358
0.0716555821651474 -0.0578271572040673 -0.0463031790656697 -0.0671399168153606
0.0225363563269267 -0.0764839519702469 -0.0472231732836809 -0.0451209736600982
-0.025919300839357 -0.0726930808910784 -0.0385801612944054 -0.0438088687849552
-0.0460431485168222 -0.0564473653531893 -0.0358592482631953 -0.0477797125699138
-0.0479173800661114 -0.0585098295149763 -0.0205558901742302 -0.0627303685015177
-0.0176988049880181 -0.0747389210175909 0.0145907599988312 -0.0741752199013386
0.0269856380642077 -0.0759146239920144 0.0606553864870805 -0.0646706274339351
0.0884776808411951 -0.0562575892923153 0.0867558422267552 -0.00218655207556241
0.0943005185965147 0.0302119030579173 0.0646056028627355 0.0594158948787025
0.0342567951532097 0.101733685500665 -0.00633131687415842 0.0334669981288981
-0.0235305106292192 0.11732400943246 0.0255796676627871 -0.0830360315688809
-0.038276617361505 0.0282118922812029 0.0634015995490184 -0.187045627671176
-0.0301515253983832 0.0557930501660422 0.0897792947030118 -0.147115434216207
0.0210046916900834 0.0533716286841217 0.0594615869536868 -0.125642488833361
0.0584606859231871 0.010229146035213 -0.00184951294157764 -0.109709369553048
0.0415887998444013 -0.0266375815280109 -0.03122506880896 -0.081999274162486
0.0157876976061835 -0.0404535028279354 -0.0460480879733421 -0.0685775089392099
-0.0127385419457998 -0.0432709670403231 -0.0467100583195397 -0.0645677212860609
-0.0275183172142835 -0.0366625662510644 -0.0460532272793002 -0.0667240576858975
-0.0298847900772705 -0.0397482497111544 -0.0294015215448788 -0.0821928618583601
-0.0100932038681277 -0.0504008897883495 0.0118116606496526 -0.0944494329030768
0.0234770794978339 -0.052339591326774 0.0662233248612833 -0.0790502133524516
0.0662770090351124 -0.0280625231287655 0.095025974622081 -0.00886808778981755
0.0556646160051171 0.0363523545675704 0.0668508850713653 0.0528343216254582
0.0029444264874047 0.0714566992399611 -0.00595179341375129 0.025812910852085
-0.0360147739816643 0.0579238765897862 0.0353181177059601 -0.102619174926638
0.0353493653934961 0.00234881587511328 -0.0261801535396545 0.125658855516919
0.0154363235180677 -0.0300891849866067 0.0433596832116862 -0.00398207555520572
-0.0196729514460895 -0.0269849216281861 -0.0538784966843362 -0.0718538265095345
-0.0293972349454637 0.00360209929118935 -0.11543941159668 -0.0104633861783935
-0.0105672766391143 0.0174670562487649 -0.0979321034066983 0.084717579856613
-0.00133867400240991 0.0119606505253798 -0.0211283822368648 0.116278850580401
0.000854351363971673 0.0132543004340978 0.0334571182832743 0.0980539552146838
0.00177110833903465 0.0118323745315263 0.0507371051119545 0.0787346239436442
-0.0064187723544103 0.00634668030270697 0.0573221095510689 0.0715567134559313
-0.00971462372796211 -0.00140193309763377 0.0528908417616457 0.0762371601545849
-0.00984923353051866 -0.00682426127432955 0.0345428341836933 0.091235922187003
-0.00239774596054695 -0.0225052901827644 -0.00376621849930379 0.112810839121767
0.0238450701276137 -0.0162019485461656 -0.0543493630771377 0.118421729974944
0.0403126222961297 0.0143169805644791 -0.0947312944968881 0.11819352983634
0.0276623124163904 0.0326685483297556 -0.0757751020603334 0.177121051611328
0.0304532441187408 0.0632216855704054 -0.0480541051530074 0.115162939849721
0.0393492869397272 0.0207831593488841 0.0397034481056681 -0.00271226250177223
0.0289727567638028 -0.0127324042568119 -0.0526835037313986 -0.0793591537499379
0.0135010437279444 -0.0225645327024695 -0.124830993716775 -0.0195246227092178
0.00537773502516977 -0.0185984728590074 -0.109326801067046 0.0796128434194978
-0.00421455867262416 -0.0226080075759164 -0.0286310561317649 0.11649596609293
-0.0183469728591496 -0.0165818736769564 0.027469923811954 0.096686910959401
-0.0195326457279278 -0.0132649262704989 0.0456702342161467 0.0747997420822322
-0.0230410789210167 -0.0238739686685329 0.0553948462764161 0.063473505976216
-0.00579385140222385 -0.0396288672616275 0.0555224287726509 0.0661545533659262
0.0164011548490293 -0.0366662283303373 0.0428783107121449 0.0804283587756201
0.0481721692801671 -0.032440298774835 0.0122629153789431 0.105404682511188
0.0654343710107788 0.0156643132851543 -0.0324856545671268 0.119807544533564
0.0453278897802455 0.0768911183359458 -0.0658974461933915 0.11130119385149
0.0112164897435313 0.10287675797531 -0.0532471126266644 0.153779290688135
0.0133030071704126 0.117670404735535 -0.058604534603577 0.0823922802563979
0.0515623136428401 0.0807179423991686 0.0396047431993621 -0.0142321895155342
0.0773898522480304 0.0160833687798226 -0.0463072528297267 -0.0935621531540417
0.0659981265871195 -0.0404149981122569 -0.127741944687061 -0.0373515648758151
0.028724526571294 -0.0551820851357264 -0.118121953781936 0.0628464640573652
-0.00218107259887707 -0.0589187370238361 -0.0392702264699894 0.103485395207601
-0.0336384465241737 -0.0476563842286342 0.0162353305136201 0.0838184291565766
-0.0392422107531278 -0.0370834003180746 0.0337823922990841 0.0602154581993549
-0.0399727191191181 -0.0477019206690546 0.0466901483477858 0.0446474607237158
-0.00904280048379295 -0.0702965510588904 0.055598955051593 0.0433787465558181
0.0298684111049485 -0.0667282127160541 0.0550784816286492 0.0567331755246071
0.0841920849343343 -0.0551490816358035 0.0374046016909017 0.0911120784750876
0.105906943142148 0.0258790531384412 -0.00228711970137683 0.117707398452351
0.0625635647090548 0.11712974580599 -0.037893027754101 0.0988306333998723
0.00586089733442991 0.155998765059607 -0.0279018504197077 0.110627182613257
-0.0123553095364178 0.153776882346131 -0.0539365054748002 0.0284620775965461
0.0471404729746659 0.136398570123071 0.0443809639400848 -0.0387462591350141
0.112653407333625 0.0557274705793421 -0.0309977602245509 -0.110322171187112
0.11677897898818 -0.0436449525759418 -0.117480076414631 -0.0614982877556234
0.0562142561816998 -0.0826381038532936 -0.11613244679858 0.0336093564449394
0.00607038917011739 -0.0884750847846015 -0.0491539546460694 0.0755650665612399
-0.0408901057175488 -0.0743341261438834 0.000680214564268208 0.0588998089529649
-0.0526739277507539 -0.0549933184138274 0.0171916020010222 0.03696748747688
-0.0530086863740122 -0.0623462085537844 0.0315953587985834 0.0196044269058119
-0.0158023262554039 -0.0884387114676927 0.0497420579223256 0.0137748878783723
0.0320885685758277 -0.0876200471603459 0.0631981834674632 0.0241801435335948
0.101999623727606 -0.0774310847719542 0.060061417462567 0.0659331496815256
0.131924197576763 0.0219868885272164 0.0269804720285353 0.106384639153822
0.0775207402691852 0.133519145130709 -0.0185872241679591 0.0816999626235385
0.00458295307704496 0.183124637547261 -0.00822625738155427 0.0574708962915254
-0.0358741696373233 0.161709765348033 -0.0322083130899951 -0.0371412111754274
0.0259744666762359 0.168334637098649 0.0557054275333831 -0.071621658785157
0.120550288444314 0.0922674836182261 -0.00681926205373525 -0.123669241074389
0.147304200605181 -0.029275151551374 -0.0905281469901558 -0.0848357049396523
0.0791794385123872 -0.0916445792338647 -0.0995763564189953 -0.00510214368931796
0.0167598522311066 -0.103060534799319 -0.0530543382773962 0.0352843498940343
-0.0411436030008783 -0.0890217075480795 -0.0140099567431407 0.0247453425682493
-0.0582791895446931 -0.0652864116697439 -0.00173848508335541 0.00883924561886081
-0.0598266275281028 -0.0687471547223644 0.0137829869465574 -0.008119963863524
-0.0205333378900242 -0.0941857003595392 0.0370726525221299 -0.0176238973548264
0.0298773288321724 -0.0953859605422667 0.0630934593166465 -0.00969140465881392
0.105414073305316 -0.0863125974877487 0.0734312684829656 0.0379160818063126
0.135918879582169 0.0177345673513387 0.0475019202373313 0.0890009171493242
0.0782074275121582 0.131720558100584 -0.00967415512808586 0.0630378513652897
0.000901221748727119 0.182705379555829 0.0052762343756164 0.0022381449730438
-0.0494877850489813 0.139709176065143 0.00211196534828684 -0.101945038794085
-0.00157413682495689 0.162577265097963 0.0714734031095373 -0.104108696683014
0.0989545173022406 0.107437288262966 0.0216113702051972 -0.129298004276767
0.144350362294946 -0.008718624035654 -0.0539532012459615 -0.0992673855670496
0.0855477119773418 -0.0803320198579372 -0.0718130172203382 -0.0402320133179075
0.0231960173901561 -0.0970547802338012 -0.0507346220084006 -0.00826373078834894
-0.0344398948726135 -0.0873744298115887 -0.0270758443252873 -0.0117756590895677
-0.0550927792359524 -0.065554331106016 -0.0195181348143323 -0.02064772699743
-0.0572623361650669 -0.0669655150107018 -0.00370031476518873 -0.0362404519264174
-0.0208111590558419 -0.088275763256484 0.024756757470428 -0.0466528716414207
0.0277778026195656 -0.0896668674335704 0.0601174952493161 -0.0384521067884015
0.0995019365305537 -0.0765013653893996 0.0794498571565542 0.0139482692680803
0.120392593163667 0.02222785446782 0.0582635243107721 0.071451160948613
0.0602619744714747 0.119687479953987 -0.007334703250247 0.0458433417564978
-0.0109158095963852 0.157176720374174 0.0147375471077016 -0.0449900531334358
-0.0490584072383161 0.0911540833015504 0.037553780893725 -0.15265041637179
-0.0213453511019434 0.119221167236133 0.0852191369733064 -0.128499699527577
0.0603361699119135 0.0911345769222084 0.0461819933902115 -0.126265558937432
0.10914883602558 0.00606373189329483 -0.0195275797770367 -0.10553818184377
0.0697724420969671 -0.0558522905752013 -0.0448080681077808 -0.0665464934217164
0.0224197875367677 -0.0744428293457726 -0.0459489743575817 -0.0452925273016665
-0.0245820699960302 -0.0705548257623275 -0.0378607924966508 -0.0431286068504501
-0.0439375285006311 -0.0545431121188608 -0.0348032260010936 -0.0467405293480168
-0.0466312227851505 -0.0565629467780219 -0.019057341461984 -0.0609101812001552
-0.0165724396040478 -0.0728194117070543 0.0151420753441258 -0.0720873526224988
0.0266622308817495 -0.0736510019612156 0.0601816892487715 -0.060750482206115
0.0862179371565035 -0.0547900849082722 0.0846376205877326 -0.00144048136769697
0.0912521794612592 0.0307522365349866 0.0628385855194311 0.0582589142090155
0.031994332158861 0.0992131566829297 -0.00719318232589631 0.0329567737397438
-0.024410873596755 0.112910330069898 0.024367561050712 -0.080119956311491
-0.037331098299399 0.0265698115767353 0.0634488028983638 -0.181278701632067
-0.0295553556738289 0.0538611411424313 0.0891281849482996 -0.141459051490958
0.0190583988910772 0.0523542648936634 0.0594598297649444 -0.121232715114069
0.0561113212949842 0.0101704140734681 0.000875276246971883 -0.106971795895007
0.0404534383791457 -0.0258232003132429 -0.0290981943343994 -0.0808972850579502
0.0160708658630337 -0.0395057523161449 -0.0445730852106414 -0.0680161824585361
-0.0116974255680194 -0.0415420458102366 -0.0461279537647351 -0.0639286766752551
-0.0263010167888132 -0.0350354291519878 -0.0447240277781136 -0.0652885910057649
-0.0286718873097791 -0.0384737330168504 -0.0284388832869393 -0.0802959262042323
-0.0093217710308504 -0.0487455229495599 0.0128547979945413 -0.0915164031282287
0.0225608773518734 -0.0504468046832882 0.066006309302614 -0.0756579648819311
0.0640962900580758 -0.0271948652246819 0.0921882181486124 -0.00761792157034411
0.0533347182753096 0.036508561597288 0.0647983142375494 0.0518689751089409
0.00202167477362198 0.0691613945235307 -0.00672750120914969 0.0253122680471744
-0.035749312444068 0.0549137302853914 0.0340274457252454 -0.0992061827955488
0.0348047255118795 -0.01229515271321 0.0283789028298638 0.124499179160812
0.00208566315025274 -0.0334349137454902 0.0380546190055076 -0.023339273244135
-0.0283774124006549 -0.0158396640348411 -0.0804931844380163 -0.0435032454406477
-0.0236425640126025 0.0166189751394002 -0.111718798891451 0.0387803344275565
-0.000694789662463412 0.0199684426215872 -0.0535381847618409 0.119039033855862
0.00449914883655483 0.0110395907910522 0.0292421993150228 0.114964031748554
0.00643625421679935 0.0119316411508071 0.0714397285752218 0.0755927411037788
0.00644932150824237 0.00958919939494807 0.0801064847846706 0.050619133702092
-0.00300272620036957 0.0087613736153724 0.0828826941222914 0.0403688435382648
-0.0100951702137927 0.00212392802313244 0.081183660151307 0.0469285905712253
-0.0114212267336576 -0.00213058837128955 0.0696734362860578 0.0680309065446655
-0.0108320752759038 -0.0177597486678804 0.0434931882807712 0.103445613886425
0.0152413891587394 -0.0240192655594182 -0.0013797440740529 0.130012420641911
0.0423141434873481 -0.00246141275660295 -0.0402650774318202 0.14838887827806
0.0397120631096575 0.02028844065113 -6.72236217995399E-05 0.19482542806273
0.0534709768013536 0.0462333559092016 0.00628361211286868 0.125159944850742
0.0435414969959054 0.00330834673261683 0.0371175437060114 -0.021019347631672
0.0212726309285019 -0.0214925895871904 -0.0805716448774458 -0.0531697424747713
0.00351859351275471 -0.0235234150573239 -0.122872753667264 0.031813145438607
-0.000798853724431903 -0.0190649684923175 -0.06733840089485 0.118502282875386
-0.0120705934814654 -0.0190548147021027 0.0215516296017661 0.117447521774612
-0.0234664404760575 -0.00709245559926769 0.0648287621261251 0.0768004761694942
-0.023867773747469 -0.00516036269332904 0.0736216742168018 0.0483374927322738
-0.0314296636649082 -0.0124285067263815 0.0781664840484933 0.033872642104114
-0.0218336029068072 -0.0346985804585585 0.0800314109583772 0.0357084334923869
0.000875565625191324 -0.0411343222891336 0.0746195718954608 0.0560057024402225
0.0303087332586899 -0.0476967640025823 0.0582240282141926 0.093042268015004
0.0668530643681185 -0.0109288940591419 0.0188618288802563 0.124314280042465
0.0734233209359448 0.0534643418386127 -0.020161115951151 0.130955177333572
0.0549912679373784 0.0931268693117297 0.0072761909862437 0.162858693982399
0.0582997843844765 0.102760163159301 -0.0156035045207735 0.100814461430559
0.0771748776768306 0.0523186105155013 0.0339829976756084 -0.0312337239968503
0.0760437056240752 -0.0135304005921458 -0.0782808525806589 -0.0701562920055324
0.0427992143030622 -0.060455856838043 -0.132373997447554 0.014532696307539
0.00563203519880819 -0.0608654214713177 -0.083692956621902 0.105548445188359
-0.0246478391268594 -0.0528508543466773 0.00591579559745602 0.109616391125411
-0.0497931743666094 -0.0292658851621804 0.0478000714808699 0.0689484476042339
-0.051143549332756 -0.0191374200787621 0.0564587978310302 0.0396434315907756
-0.0562157311173793 -0.0273504681825725 0.0622032987453855 0.0202739812070927
-0.0370084184397624 -0.0617958080223811 0.0707491749192325 0.0144812404294653
0.001247826082452 -0.0740901446546596 0.0775992955884485 0.0296917494306649
0.0537851962875516 -0.0833944379255936 0.0774732679580342 0.070523506305074
0.108843582444755 -0.0175140197669897 0.0457656305193372 0.111273594639239
0.1060576191531 0.0836906022216861 -0.00149328162891112 0.109207931295357
0.0735618288693794 0.144641878342337 0.00989452404908946 0.112067196364819
0.0481678420592601 0.145888737730813 -0.0323780237952297 0.051548371847426
0.0948400771687155 0.105181034417474 0.0297131457599597 -0.0549106123501587
0.122700386044684 0.00829478711337134 -0.0686821796385463 -0.0931245899231605
0.0859870398298293 -0.0830024931403496 -0.131434945514044 -0.0141296699631743
0.0193351673260276 -0.0963174909105547 -0.0948573701471778 0.0759854576848712
-0.0293819036389653 -0.0833047893156219 -0.015391293486901 0.0876301438876839
-0.0670918305842707 -0.0503284606026927 0.0229226114472124 0.050996699159716
-0.0704824619351547 -0.0305449695948434 0.0316772147148346 0.0257740966200229
-0.0746897218336593 -0.035737274659077 0.0387401390217319 0.0034435240779271
-0.0511835721159817 -0.0761160252779595 0.0525282119335353 -0.0103419724611458
-0.00629888979422145 -0.095414802266658 0.0720086318797178 -0.00269873651325506
0.0608341547335912 -0.112277225363193 0.090029177220272 0.0394946738050932
0.131586199004873 -0.0317892774698691 0.0688613708708713 0.089963927587627
0.12711064012653 0.0923877035828274 0.00797003909453016 0.0868126537864346
0.0848264830908162 0.169438035439067 0.00456566791075782 0.054395400133683
0.0282511976752495 0.162857031286573 -0.0392782248178819 -0.0171413479973741
0.0872862290373179 0.14278223745152 0.026657584566823 -0.0880912763078611
0.143454682321463 0.0391430047440093 -0.0500221856067989 -0.115015081490646
0.118998377800072 -0.0827688973409826 -0.114331956260083 -0.0469175990211706
0.0359762181435655 -0.113566128158726 -0.0954698345277458 0.0337929497820701
-0.0263409710412557 -0.100670026664595 -0.0359711400481422 0.0519092108789502
-0.0730669267072006 -0.064205630437153 -0.00568586661469326 0.0264461748213687
-0.0798203539520258 -0.0375146849661386 0.00183598848605522 0.00782536682529324
-0.0828439676090943 -0.0391221535774826 0.0102728680799822 -0.0145794454135869
-0.0576887724071824 -0.0787322051280216 0.0284544234281241 -0.0343589227786669
-0.0109244513876494 -0.102365142691892 0.0580395991431163 -0.0345756201493246
0.060563376150541 -0.122244544064366 0.0907716864447029 0.00777332110824374
0.134007572642108 -0.037210033426769 0.0807988924719386 0.0654498221952564
0.127181351743219 0.09003014934624 0.0092365514350415 0.0658117568102838
0.0807783493538482 0.170088813963559 -0.00503878438420057 -0.00173758079190358
0.00549932510446601 0.14805791381133 -0.0353039525535852 -0.0895696909762046
0.0592588668819849 0.148545735240756 0.0271672265038394 -0.123980937858547
0.129343427716206 0.0609600170904068 -0.0260118347566438 -0.129751172444999
0.123247103429278 -0.0623987935219669 -0.0860903803095323 -0.0749690026095771
0.044846559385244 -0.105413617972127 -0.084647335706861 -0.011529669723609
-0.0185723018993612 -0.0986521362942284 -0.0519887230024175 0.0115160902803226
-0.0667397984920734 -0.0652824430210487 -0.0332304014653505 -0.00141135611007276
-0.0768001583369764 -0.0385838212217805 -0.0270218526625647 -0.011110841341744
-0.0796789356681265 -0.0379409376426588 -0.0181806351612485 -0.0320667641877851
-0.0555548243595646 -0.0729839682803543 0.00346936187963883 -0.0552463019903017
-0.0103399321251378 -0.0957460723058297 0.0433958556918341 -0.0591856367416231
0.0590650619686236 -0.111378900559584 0.0864138742491581 -0.0159226879042703
0.121668725357004 -0.0271241721355352 0.0823209021682802 0.0446344887548716
0.10577760413993 0.0858690118563217 0.00477831228925201 0.0486993206798946
0.0585013785905395 0.151331836718961 -0.0142331615529204 -0.0496718671816212
-0.0130133555747004 0.103667614104975 -0.024906701093216 -0.152096735879131
0.02401921407188 0.117134743617561 0.028315132483659 -0.151514167691419
0.0871505108378403 0.0606190455371976 -0.00400158279693799 -0.135795782823648
0.0976377150106154 -0.0360023723155754 -0.0575182300877964 -0.0925927414155934
0.0406997155833386 -0.0775138223474887 -0.0703581417848347 -0.0457093390818537
-0.0101294152293881 -0.0764617123701262 -0.0631225366729178 -0.0233753188620632
-0.0505341845899844 -0.0538960581221675 -0.0556472910635471 -0.0256808677670716
-0.0623558060799717 -0.032383213636103 -0.0517661510587245 -0.0283943849800061
-0.0649747459888173 -0.0330996125484398 -0.0429385290196468 -0.0477716189975346
-0.0449032112819898 -0.0604324394085846 -0.0158265350932389 -0.0735564979357261
-0.00555362044742717 -0.0802608230257953 0.0328185993168217 -0.0792104783716081
0.056033766161713 -0.0857484245095885 0.0825549000449569 -0.0322646922613238
0.09834009562928 -0.00680810823163041 0.0802418814351242 0.0303861603832072
0.0709424537463108 0.0786314085992656 0.000951275960966201 0.0350543143979369
0.0261408956272637 0.115238770619455 -0.0174385886574913 -0.08618288520586
-0.0277615611555285 0.0396898725807523 -0.0144403325715113 -0.190774462722127
-0.00895461501951509 0.0613502862488949 0.0245477113059093 -0.164977623559848
0.0349292945084085 0.041113013203995 0.00807495816246191 -0.13507261040272
0.0513596515563811 -0.0122830328321648 -0.0413167521235058 -0.100096209273252
0.0258236218950453 -0.0385089141670053 -0.0614704404281159 -0.0644377858644585
-0.00175908772216439 -0.0420954362388874 -0.0705032154153568 -0.0438097495913261
-0.0271944979033668 -0.0328255063289844 -0.0712023650436851 -0.0399505779432872
-0.0377004577026869 -0.021313797295187 -0.0690190929414172 -0.040667153843897
-0.0419946620632009 -0.0237287691424361 -0.0595575616389359 -0.0612199990135301
-0.0287047078954408 -0.0415116190181977 -0.0267117444935348 -0.0897939919751787
3.79420768092179E-05 -0.0567187288934935 0.0313478796744731 -0.0956189536327978
0.0475942530945163 -0.0518240926779086 0.0849792768687256 -0.041155057467749
0.0656141095294445 0.0135589722015627 0.0790652025975127 0.0228712271498759
0.0297508283295596 0.0633646645045441 0.000434974314856865 0.0262505000839625
-0.0102664534395125 0.0661878704621597 -0.0132375512888305 -0.107389017803146
0.0344885730141279 -0.0129026522940639 0.0317873009354544 0.125898949357468
0.00191954613333213 -0.0345625289453642 0.0389199555004213 -0.0250995137410435
-0.0288479893061453 -0.0156145514693684 -0.082087887740618 -0.0448605901348858
-0.0248242083027644 0.017141900907261 -0.114659845079877 0.0401756964764794
-0.00114921501902569 0.0204898876106683 -0.053981831936774 0.122818784444494
0.00444298273745313 0.0115434329650395 0.03102724145955 0.117734913464567
0.00703062145799408 0.0123957236913409 0.0731275652839988 0.0758726792411188
0.00653923366875531 0.00924925089291561 0.0829095585348914 0.0493372722704798
-0.00313241007024114 0.00906948489164686 0.0860225290010244 0.0399533944061926
-0.0103112011971682 0.00235555729466493 0.0843373755615384 0.0472000029735923
-0.0112133450157647 -0.00195981412241778 0.0720336069172018 0.0688018454832937
-0.0111307227167105 -0.0179850308208178 0.0451618327209418 0.105399601465388
0.0152600876306921 -0.0247088480100173 -0.00144962702799816 0.132257243209919
0.0435119249031125 -0.00282754825241047 -0.0407910576703342 0.151878589057717
0.0400720546441968 0.0207602998849909 0.0023640919456999 0.199754688578088
0.0546863422146242 0.0466687897623115 0.00889494653936465 0.126693435784386
0.0445073499170358 0.00266900108265631 0.0381538773045451 -0.0232254241741984
0.0214878943467415 -0.0226272443309905 -0.0828780200562936 -0.0543962222650075
0.00266512160824671 -0.0239129962129567 -0.125436848033087 0.0328622684255262
-0.00170464043917772 -0.0191607788205212 -0.0683256787741739 0.122031757111694
-0.013118261497737 -0.0192081499149823 0.0225034392803756 0.11992717320322
-0.0242704791192457 -0.006803869936007 0.0665405487686064 0.0774300007992715
-0.0240981031275866 -0.00496980515812969 0.0763149346381068 0.0480407942507957
-0.0323472550119313 -0.0120362286999726 0.0805228311055998 0.0331372369156331
-0.023419912564549 -0.0356670019633502 0.0824290653631034 0.0357006471887036
0.000659737694708554 -0.0419651779592736 0.0770078375466792 0.0569448998225736
0.0306879704296307 -0.0494458388498064 0.059700888203423 0.0948164999730906
0.068002547664523 -0.0117916497569011 0.0195468856527347 0.125854073739249
0.075962671741478 0.0534771857636917 -0.0204914715845002 0.13444964535042
0.0567675821796602 0.0942346450940417 0.00920272056200389 0.166712043256172
0.0608942400871239 0.104386016258867 -0.0141860308178198 0.102369064861141
0.0800586403797731 0.052883474306256 0.035118298959638 -0.0332469305920394
0.0771233456239662 -0.0151986804038359 -0.0800662755436319 -0.0721097513826765
0.041359205000723 -0.0623793825341656 -0.13525209224765 0.0152234053031189
0.00424054684150204 -0.0620222510264969 -0.0846402594098841 0.108729103596088
-0.0262971815875961 -0.0540532277021051 0.00695199388594967 0.111766216450032
-0.0511756270947391 -0.028930460404789 0.0492465577594058 0.0690632230154173
-0.0521687109570073 -0.018311327070727 0.0586077224572568 0.0396614662442608
-0.0586592792600825 -0.0265548640989863 0.0647993578685397 0.0196895454645086
-0.0391755020743722 -0.0630565492320507 0.0729666447160064 0.0141249168663129
-6.33772466477342E-06 -0.0760977515206339 0.0798976787343463 0.0297952522974842
0.0536008970878246 -0.086649062564967 0.0794015381610388 0.0715422546969686
0.110796514695474 -0.0199164887389261 0.0476957375043352 0.11237647135156
0.110063874281359 0.0844393055539102 -0.00184722970596192 0.112383932574072
0.0757740464702324 0.146227142383889 0.010751055111607 0.115008571850343
0.0512370852300511 0.148438272366592 -0.0317433367445814 0.0522000495777786
0.0982380608353712 0.106109578679233 0.0309776892639645 -0.0565901988641674
0.125055010612148 0.00696707121025511 -0.0707421674261312 -0.0949723272049107
0.0856263864304809 -0.0860591885591346 -0.134057945302284 -0.0136449973260953
0.0176784257686399 -0.0992322932356803 -0.0966065460884063 0.0794807480494771
-0.0315455637591174 -0.084488510081498 -0.0146239486966635 0.0895370969811678
-0.0695568029159876 -0.0500891714471799 0.0236340099703478 0.0521111891492642
-0.0721180829212042 -0.0294704321950188 0.0328971537403315 0.0259057826088918
-0.0764555680197827 -0.0349097709369602 0.0400003145078522 0.0029502643805221
-0.0540972859518413 -0.0769750312938432 0.0539580982050019 -0.0112091818234947
-0.00725552671539438 -0.0976264608075614 0.0741875198669072 -0.00328708298479317
0.059753624642532 -0.115731388187536 0.0919877124500186 0.0395382346016177
0.133875481276476 -0.0338813398568168 0.0711263029111094 0.0902112687375652
0.131681393744668 0.0928423499733593 0.00800320074286387 0.088675140469883
0.0876224155538698 0.172149808686633 0.00500486633581672 0.0564106046263676
0.0309440031523699 0.165904447826866 -0.0395833449373453 -0.0166392064255828
0.0907929483641715 0.144706133187926 0.0273512575100667 -0.0908830092812329
0.146430515064088 0.038135861162426 -0.0514619408254287 -0.117263002961151
0.118570875693584 -0.0860685361389642 -0.117377135654233 -0.0470746038383382
0.0341432178363749 -0.116122149824881 -0.0983224092347575 0.0359768437555864
-0.0285316158850381 -0.102549734297667 -0.0370824556058051 0.0539031430596962
-0.0761856443254014 -0.0639264178078159 -0.00612701530617042 0.0271107012933781
-0.0811161129742657 -0.0363661660649059 0.0021021739097275 0.00786287588341873
-0.0850902203084085 -0.0375178745301478 0.0109965893394006 -0.0149973034633467
-0.06097474704937 -0.0798710712113691 0.0287590732339151 -0.0352880140206807
-0.0128911496217166 -0.103774272995407 0.0601323728855276 -0.0353822987411292
0.0585553671666747 -0.126082795885819 0.0932108494340242 0.00792986892324429
0.136401485961404 -0.0398599230491042 0.0832871798729257 0.0651807613819326
0.131355864765864 0.0907474163917008 0.00890377793810772 0.0677639782248724
0.0833924243610525 0.172326160776653 -0.0066550941103045 -0.000569367963740092
0.0077052303471746 0.151292971954325 -0.0367628395683174 -0.0914748572302136
0.0617702737020625 0.151265845446152 0.0272077988229405 -0.126760665977433
0.132158165638922 0.0611548795013708 -0.0269736867819327 -0.132129949829013
0.123908897535389 -0.0656130407409008 -0.08867697858491 -0.0762615449297787
0.0442285526515852 -0.108263465267539 -0.0874082991944773 -0.00990517042682878
-0.0206181652464622 -0.100310588057167 -0.0536583461462333 0.0127555020935371
-0.069355520540304 -0.0655933875074202 -0.0345083918873282 -0.00121412197995502
-0.0782961560987704 -0.0368884962655253 -0.027793714380952 -0.0106754224902326
-0.0820081252317074 -0.0368176749987954 -0.0185936186087276 -0.0326336764655722
-0.0583042165574456 -0.0736706946783986 0.00332380267934268 -0.0559653793314344
-0.0121501895531675 -0.0974460278774545 0.0441940886230569 -0.0608918397150945
0.057737210877051 -0.114768715440427 0.0881682570928366 -0.0170135740068496
0.124206867371675 -0.0287866320205655 0.0848855517895565 0.0445585994282953
0.109361411965741 0.0868215473770384 0.00454852065718867 0.0500423692985804
0.0606474459527097 0.153175798423749 -0.0162340953207569 -0.0499894484884889
-0.011584840765129 0.105590390673633 -0.0273646212253342 -0.154363579099959
0.0260980775491275 0.119582054766586 0.0279515798961951 -0.154283225300175
0.0894603837433461 0.0612149895830314 -0.00457381122670285 -0.138680416046211
0.0979668077108282 -0.0385638680356911 -0.0591974227390211 -0.0944491371539874
0.0400930523966186 -0.0799796249899548 -0.0729050552615591 -0.0466020387952721
-0.0114392771166861 -0.0789109160077602 -0.0652726412778905 -0.0237324307904097
-0.0530215221842157 -0.0540441976344178 -0.0585372599545788 -0.0252793465195397
-0.0628613918539562 -0.0317318287881738 -0.0539429355746859 -0.0272978611582193
-0.0672422241023473 -0.0315467310360984 -0.0445525371165453 -0.0486008981079469
-0.0470370038998786 -0.0613192844725251 -0.0171651880685918 -0.0744756016555523
-0.00669972836642549 -0.0818233421517171 0.032958243856753 -0.0814819476808156
0.0552452294462674 -0.0884459694287063 0.0840947476024341 -0.0333386849255595
0.10057671655339 -0.00825072038131684 0.082468134202554 0.0298320977003443
0.0736271128772069 0.0796772733995034 0.00116468097885957 0.0360429708302147
0.0270714261513575 0.11675378264509 -0.020093054535246 -0.0870113404483788
-0.0276676338365191 0.0401498175266269 -0.0170288757905953 -0.194425585947953
-0.00845305098098366 0.062155704558611 0.0235533894472244 -0.167568029469959
0.035887271160218 0.0414982269066917 0.00795032334890575 -0.138093951119382
0.0517497625424328 -0.0129809786157723 -0.0425511970696446 -0.102301495366664
0.0256923629032964 -0.0397265937499958 -0.0642201431413996 -0.0656701620509361
-0.0022360741854023 -0.0434161595643406 -0.0731576977467476 -0.0444803737941526
-0.0281932424048177 -0.0331753230549827 -0.0742137660564682 -0.0397605559930728
-0.0382994982520454 -0.0205513630212283 -0.0714933135674776 -0.0392579252833432
-0.0426927030630503 -0.0227785380918776 -0.0619001392258393 -0.0618828853702212
-0.0294861875167884 -0.0418196176176714 -0.0283045231940451 -0.090785702524748
-0.000301357796613659 -0.0576459919262316 0.0313579066212757 -0.0979663081277107
0.0478589396744159 -0.0534064007119999 0.0867809967252052 -0.043359088666624
0.0677721159863769 0.0131092550919289 0.0807933234864234 0.0220584453517013
0.0308339049925018 0.0641171085849285 0.000386506626875886 0.0276987388337804
-0.0101166608046016 0.0670413136463211 -0.0157206772028123 -0.108591841553628
0.033808874846658 -0.0141348374232926 0.0376542911208184 0.125079584233888
0.000426952330701846 -0.0348893705503425 0.0391177500810433 -0.0278839788754351
-0.0294202634242466 -0.0147828034268624 -0.0853203359241809 -0.0428627232143075
-0.0243776111044804 0.0189679593402957 -0.115003894394841 0.0443346709580411
-0.000310236422787011 0.0207894377222137 -0.0504031187682742 0.127086669273727
0.00450943446103409 0.0119016525198672 0.0357231827205018 0.118554824776369
0.00733657873706474 0.0124281185330984 0.0761789892248814 0.0735579979860332
0.00709769766107607 0.00920304969807873 0.0855800914164256 0.0462434996498152
-0.00304252582093248 0.00956630774858725 0.089372991361001 0.0359972411502498
-0.011012554807207 0.00286120732421088 0.0878630292608405 0.0441011209717485
-0.0111018747811258 -0.00132340853845507 0.0758997463327922 0.066757086596027
-0.0120709683744731 -0.0177098513185663 0.0495618520733639 0.105254118826117
0.0144214584867559 -0.0258979967999568 0.00268015170326053 0.133611985198579
0.0441671665894054 -0.00474234179674559 -0.0368528213302355 0.155432283921975
0.0407042314218019 0.0196384704342195 0.0107740114640814 0.202043874138262
0.0567519014101526 0.044983446099391 0.0146961722491607 0.127113406281789
0.0452019909826316 0.000956804375522195 0.0383809921721633 -0.0257199219803297
0.0205221387988952 -0.0238993082051585 -0.0858983249344374 -0.0526279048935916
0.00115645847345631 -0.0238380125735279 -0.126388043976728 0.0369397622409682
-0.00323556359805036 -0.0193622232375436 -0.0650518065717728 0.127600204980332
-0.0142368940495438 -0.0190395324752313 0.0276097917507455 0.121122087735437
-0.0249364494306913 -0.00548613307998832 0.0698545366964406 0.0749676149005082
-0.02459150922358 -0.00370559244179983 0.0798616824667111 0.0454196440772072
-0.0332002503967925 -0.0103609045249515 0.0836807966123176 0.0296046078557448
-0.0255729336943985 -0.035070388833832 0.0861560314828714 0.0327665823670137
-0.0010000548076921 -0.0426754926021583 0.0804148442460275 0.0547292411180343
0.0284703668507123 -0.0509982595376668 0.063696171453764 0.0933754786903471
0.0682296600910461 -0.0148721388685784 0.0236393268338927 0.125851454686333
0.0790839860404884 0.0510152975840324 -0.0170523032988134 0.136895447433051
0.0600603200687723 0.0932388530741386 0.0161312778811047 0.168428097221309
0.0652263674495303 0.103005113756396 -0.00946692961490519 0.103662781791914
0.0831568014414876 0.0504329806019589 0.0355396511121149 -0.0355841135166678
0.0768779330356653 -0.0193015619456054 -0.0835475132993675 -0.0709384128740104
0.0384323386965643 -0.0642620528834612 -0.137165681907803 0.0202833070055377
0.000599704493088537 -0.0629786387221843 -0.0821004519695305 0.115015973393237
-0.0291862535635167 -0.053737996904119 0.0108830128887322 0.113141531796293
-0.0532101841537608 -0.0263453593969823 0.0524425240370643 0.067988389857713
-0.0525553505285697 -0.0162237871632772 0.061219486666131 0.0373736301984335
-0.0599993928380836 -0.0242019417545568 0.066704652261297 0.0168331778559423
-0.0432679108357921 -0.0626736327452804 0.074845410779441 0.0118043403465972
-0.00293303373238242 -0.0769083023439969 0.0830380490317068 0.0268937675943982
0.0501198171546522 -0.0896528873085157 0.0830500611959872 0.0695938719094843
0.111137267631953 -0.0237929572733289 0.0519011971255107 0.110905531982796
0.115145666604665 0.0808872059165417 0.000920377621228295 0.113782504652824
0.0811594934865488 0.144734071657139 0.0157499686888776 0.116834968144634
0.0573113964259744 0.147938626380609 -0.0295988966394562 0.05379704578774
0.103269970553358 0.103647842537631 0.0302138157538158 -0.0591167105221645
0.126376079778377 0.00155437119849487 -0.0746041409604522 -0.0945820474566941
0.0813098333447813 -0.0903118211004654 -0.137018513860271 -0.00931282951764937
0.0128851672947076 -0.10081025134671 -0.0956923937514332 0.085536897885784
-0.0359532137128779 -0.0849062379870055 -0.0122772941273512 0.091300275493922
-0.0725425773705661 -0.0469909515172699 0.0257127361236484 0.051566370994588
-0.0732973141186309 -0.0264836082466545 0.0339135574489835 0.0248434019393607
-0.0787823739399947 -0.0316016090853009 0.0415032416193129 0.000916029057076746
-0.0582840500820291 -0.0762625320277704 0.0544875535886061 -0.0131500667181541
-0.0115516355159575 -0.0981614560723832 0.0763838568795374 -0.00621125157572653
0.0545895313457292 -0.119676309031753 0.0943496649253848 0.0372072889350437
0.134107383867413 -0.0395094975219926 0.0750181044311314 0.0874646349466279
0.136857093980086 0.0892383566152554 0.0108513039157693 0.0903345414379141
0.0945178475253831 0.169441152958619 0.00616482376985164 0.0571704713881286
0.0378014921507901 0.16651703901105 -0.0405682010090993 -0.0154093960564113
0.0980116178179544 0.143205682500417 0.0251531254909957 -0.0931672661695168
0.148800895873634 0.0317423751849186 -0.0556719246698946 -0.117613598376108
0.115343423069918 -0.091797874788779 -0.120580681016998 -0.0446751879791055
0.0289951057794726 -0.119095918808086 -0.0991105974877833 0.0413480877878534
-0.033802223909613 -0.103131720567459 -0.0358317976790553 0.055927540697739
-0.0794626249637944 -0.0608730798947632 -0.00528505087985981 0.027795475822097
-0.0830551705202443 -0.0322716368804903 0.00233364996990156 0.00825217962454794
-0.0873332210192557 -0.0334562242963066 0.010959273204829 -0.0163351273456694
-0.0654919968779321 -0.0783516776111361 0.0280433517434546 -0.0364031628384817
-0.0175451169517231 -0.104290692328394 0.0605251162123764 -0.0381624282560929
0.053037318921689 -0.129937259404508 0.0944308058731433 0.00441793228224805
0.136501345847694 -0.0450403732295018 0.0860660057492919 0.061850816198419
0.136462981201139 0.0863188847608229 0.0114473710011226 0.0691412023150455
0.0901573286534703 0.170602256891003 -0.0080833996683048 3.93389841781104E-05
0.0136133839220251 0.151627315106756 -0.0400362931880099 -0.0902348192981008
0.0684909688775827 0.150564596079433 0.0230341012446708 -0.128821600678074
0.134856418371457 0.0558746389906155 -0.030850176678126 -0.133283556544435
0.121426522330132 -0.0713277054371441 -0.0925011387071276 -0.0747375821384403
0.0392062151514628 -0.111844024326478 -0.0899454477898422 -0.0060205121901104
-0.0258345824036355 -0.10141686969348 -0.0546104328397352 0.0147623692506228
-0.0731107621588605 -0.0630075573964762 -0.0360714656951733 0.000532535150211126
-0.0798402523122617 -0.0338142758121543 -0.0290852950840276 -0.00914335630849491
-0.0836663132330805 -0.0326255663444481 -0.019491578133436 -0.0322819512188769
-0.0622052002207034 -0.0725642625948962 0.00167480212626451 -0.0563331644422291
-0.0163683004045506 -0.0982142305156708 0.0434959206124127 -0.0632681176275087
0.0518923413557871 -0.118731958313791 0.0879008049997354 -0.020016039337623
0.124798850578466 -0.0340507101343164 0.0872535927145869 0.0405828858233868
0.113659785830893 0.0833756402100373 0.00687130917918064 0.0511748848964001
0.0669014047390397 0.152105090394953 -0.0198018946250735 -0.0488476272534813
-0.00818530436553214 0.106978461650777 -0.0327625277788705 -0.155354048924619
0.0307546950735026 0.119750290052008 0.0225036257710934 -0.156476363706918
0.0923322293875307 0.0584671854809127 -0.00817320866721505 -0.139520495928008
0.096368857627336 -0.0419620351514465 -0.0627987799908526 -0.0934341326551097
0.0370613241395434 -0.0824187805509641 -0.0758285622157791 -0.0436748996701883
-0.0155351113531705 -0.0792141042658068 -0.0679644299675791 -0.0209869526968728
-0.0559062513140246 -0.052524109123124 -0.0614423204453095 -0.02290296819966
-0.0644197419041846 -0.0287729520794042 -0.0560816289820785 -0.0248588055671736
-0.0688889221466469 -0.0284018767517557 -0.0468449527101108 -0.047076364704694
-0.0505519416395203 -0.0599967282913124 -0.0198347677303165 -0.074386332335246
-0.0102747224393066 -0.0821008779788133 0.0313190703356814 -0.083852212405099
0.0514626469797477 -0.0922399017572543 0.083902777936923 -0.0362655234982529
0.101851473041262 -0.0124271418471018 0.0842352718053713 0.0263902745941607
0.0772273272237612 0.0776719520865364 0.00254158468686117 0.0370682875331402
0.0314139409164004 0.117023464230634 -0.0251424608270739 -0.086547389041668
-0.0261605349752609 0.0413132309226491 -0.0252572493838039 -0.1956449656496
-0.00634773912741882 0.0628736554594128 0.0181821474343218 -0.169563481044965
0.0378129264433067 0.0407919605436031 0.00446811008230323 -0.139822715157522
0.0510649510832204 -0.0144570166528472 -0.0458616157046671 -0.102537323018536
0.0241070047060298 -0.0416434210919688 -0.0680683174537652 -0.0640098075206032
-0.0047485214664618 -0.0437225940144107 -0.0769976945739485 -0.0425057151636294
-0.0300664035982882 -0.0322293248851492 -0.0780420168643495 -0.0365676038951766
-0.0391130997032852 -0.0189396066325937 -0.0746598590131318 -0.0357946810579777
-0.0434350668999034 -0.0207684846758489 -0.0647023942343627 -0.0592884921805022
-0.0319689030255797 -0.0414165431634407 -0.0326899525898367 -0.0906921990141473
-0.00334620383962479 -0.0579847206977957 0.028420589310635 -0.100457478306466
0.045447186597521 -0.0559076087963196 0.0859546557850271 -0.0465283222697559
0.0692250292485561 0.0107629508836304 0.0820571332524808 0.019466992474169
0.0335150803209996 0.063555480952728 0.00120441727946012 0.0282349349781481
-0.00823304665668897 0.0679609968436926 -0.0217386662566143 -0.108062254824631
0.0319454085289371 -0.0145400934719513 0.0431776078700496 0.119752280159893
-0.000798999967071169 -0.0342661336609477 0.0376159881012635 -0.0300828113609833
-0.029293253783623 -0.0135298909275208 -0.0858161387729922 -0.0392101395904544
-0.0233239645992577 0.0199052237249405 -0.112287680215365 0.047993245185341
2.96728227837683E-05 0.0208109638164849 -0.0441556247640316 0.127745684310173
0.00460483050828236 0.0116879357365514 0.0400888063933544 0.115542186997872
0.00773849970918216 0.0122121943154675 0.0780065923318055 0.0690159023868917
0.00687064540000187 0.00830882501211969 0.0868473732767346 0.0410446363722014
-0.00296698820877878 0.00970191861897149 0.0905129468037353 0.0306371714657339
-0.0111965429396448 0.00353583865217961 0.089693808112162 0.0396085058415582
-0.0108422928199392 -0.00105697213471278 0.0773640996006937 0.0629033266679873
-0.0127118908664502 -0.0168594897434335 0.0529446028449815 0.101121600249955
0.0129489599183985 -0.025784164835611 0.00659850188740777 0.130947383638349
0.0433182745767552 -0.00704681995928674 -0.0309261299589119 0.155068097136189
0.0399518317201331 0.0177419147035683 0.0203264041142769 0.198984047073644
0.0575290347477533 0.0419801486668559 0.0207966357391012 0.123251802461604
0.045135041954164 -0.00151963952978416 0.0375532029738381 -0.0273998091352967
0.0192720842774264 -0.0253012927014597 -0.086945167342754 -0.048636982590172
-0.000595143181788475 -0.0234614612267479 -0.124125992826651 0.0415534205785705
-0.00490767232437683 -0.0181884348988186 -0.0581476121430787 0.129024140769984
-0.0154515117992011 -0.0182250478848856 0.0324320589494172 0.118486912304398
-0.0245016397072049 -0.00395106386339112 0.0719854516088299 0.0699788344697298
-0.0243835169985956 -0.00272625435449489 0.0801012023457217 0.0404176421464159
-0.0334719366304273 -0.00869756217451357 0.0848124647936317 0.0250782759848584
-0.0273651792784946 -0.0335682361812121 0.0867081796124926 0.0287086503040782
-0.00268965066507877 -0.0418578022577398 0.0823700190677644 0.0502675963720553
0.0256071984570058 -0.0516418004497975 0.066508022498423 0.0895661999614233
0.0665136139132336 -0.0174711457192123 0.0274947795197802 0.122833692628566
0.080517394097748 0.0467194858080934 -0.0117391260839055 0.136248616458175
0.0627130281167551 0.0890528448390297 0.0231887122812887 0.165735426751354
0.0688735724802659 0.0976822043611173 -0.00380338689433978 0.101980209202417
0.084417218109029 0.0455676009200277 0.0340495448091781 -0.0373071561978239
0.074326170167696 -0.0230413466079311 -0.0854686433726674 -0.0669462110683185
0.0334198619658848 -0.0647369894874705 -0.134555730440668 0.0247093122726385
-0.00298247249611205 -0.0623045752802476 -0.0752950329128887 0.118071648226669
-0.0321581889819914 -0.0515747926275986 0.0152655244410967 0.111192740097392
-0.0534390882918901 -0.0231607805078477 0.0545848057794625 0.0644809750996446
-0.0523844370203776 -0.0134283793215104 0.0618355281611355 0.0341026180660158
-0.0605087435130854 -0.0203968347400653 0.0675203145184823 0.0127611731507741
-0.0465225994457049 -0.0592030529648317 0.0750129678761939 0.00788202771806204
-0.00632565915781805 -0.0757798524387352 0.0836034838871669 0.0233142606575153
0.044599349161721 -0.0901011974275544 0.0844203829336482 0.0655284594440453
0.108534524875562 -0.0285292333317958 0.0545704455877864 0.106963209023369
0.117094068567421 0.0746254304860274 0.00525315757159166 0.11315566752178
0.0857515483636027 0.138891953806035 0.0202249553442217 0.114840816307506
0.0633096792003829 0.142306196388672 -0.0262951028877672 0.0540426489180129
0.107368417381614 0.0972311922669113 0.0283452180319719 -0.0594151185666073
0.122929182443676 -0.00407412298996246 -0.0770337585136699 -0.0902774211438057
0.074789705546188 -0.0923043016894224 -0.135333492803502 -0.00352076293762761
0.00704475012211143 -0.100305508209975 -0.0902778800642166 0.0898394321683041
-0.04025068315384 -0.0822637706913917 -0.00814286932392245 0.0912681718676263
-0.0736126208006712 -0.0421531059899269 0.0274408297711803 0.0496761143618051
-0.0732776476195217 -0.0223220554616874 0.0346394682618547 0.0231048808227318
-0.0789623546659703 -0.0265292587839285 0.041291295661962 -0.00161848145332728
-0.061928930966282 -0.0722423199871845 0.0538810466155129 -0.0153436959238699
-0.0159187711748885 -0.0962099642695828 0.0755572106212785 -0.0100894787731795
0.0474952257110552 -0.120061245228261 0.0943297365350885 0.0328182572118372
0.129894658397637 -0.0453897031204867 0.0768494645269241 0.0826602727598105
0.138976723084876 0.0814144923175417 0.0133880192348295 0.0891057603755178
0.0991939461670713 0.162104089792372 0.00806731220048654 0.0575800865757975
0.0449093345732573 0.161314342552138 -0.0402944509192814 -0.0135905008206853
0.103435597992026 0.136597134008364 0.0217860052628402 -0.0923735755406776
0.146922354658894 0.0248793949772637 -0.0590786920619161 -0.11364489848117
0.107696615822955 -0.0951430278178753 -0.12047024810453 -0.038649537669157
0.0219152359095088 -0.11882625927683 -0.0955359887318481 0.0463559094408768
-0.0391440604503472 -0.100468600682489 -0.0329884226127709 0.0574720511019053
-0.0812792204937951 -0.0557040985372939 -0.00484217099343602 0.027795942802276
-0.082470526512153 -0.0279409335725592 0.00219839842376368 0.00867510749194509
-0.0870385248414532 -0.0279126587408235 0.00961601368217334 -0.0162824063260909
-0.068939198711375 -0.0741688285914492 0.0262597206914597 -0.0369526379825423
-0.0225973566613137 -0.102241183136453 0.0591152760046723 -0.0403014027816051
0.0449402129380837 -0.130372654448279 0.093014517897586 0.000995373359580206
0.131870068415268 -0.0513498765695256 0.0871308906497937 0.0561052620556572
0.138247937309588 0.0788997328061656 0.0139701029689079 0.0680606377852722
0.0944953955670566 0.162949530937609 -0.00831666230754501 0.0020616470035766
0.0204259226803696 0.148502128138091 -0.0428314410323282 -0.087225319487871
0.0744598138386164 0.145126633675343 0.017852908053248 -0.127025778744389
0.134641494418457 0.0489481629614502 -0.0352877893843593 -0.129808492879577
0.114901340287361 -0.0749629820260951 -0.0936443128932399 -0.0696291901315087
0.03285163339529 -0.11226474795185 -0.0892374639509611 -0.00114912929782506
-0.0306597336175368 -0.0989173756466216 -0.0534622882106654 0.0171749745002179
-0.0758829726971944 -0.0581383887605538 -0.0361035899092393 0.00264909463721055
-0.079592434880423 -0.0293519879489611 -0.0294992877278815 -0.00723733849476524
-0.0838894949582662 -0.0267192193239043 -0.0210205808748562 -0.0303802439048273
-0.0656498739700698 -0.0680374611871978 -0.000511029626303922 -0.0551742651074865
-0.0209026284832476 -0.0956475728820081 0.0412774795354465 -0.0647536354915684
0.0448921766584863 -0.11882286652343 0.08646004482719 -0.0227117911477468
0.121085190778813 -0.0392864696583125 0.0875912615237287 0.0352406281195632
0.116016259169308 0.0771799873615639 0.00862759766159164 0.050222821822574
0.0715890099690243 0.146315267035173 -0.0225555723280589 -0.0460876762729352
-0.0027376764333344 0.104994788768809 -0.0386394472458752 -0.151059867253761
0.0350719072205643 0.116600389916194 0.0162510342188658 -0.153789723516566
0.0928797185554127 0.0532335759998735 -0.0131360856763677 -0.137117502335114
0.0917294477729235 -0.0456497178038761 -0.0660812890706554 -0.0898085698846447
0.0321071981860512 -0.0832784737895896 -0.0773404887517653 -0.0396044514082499
-0.0195266237616986 -0.0776149686928625 -0.0685718542203221 -0.017638220682967
-0.0577925948477939 -0.0490270410173419 -0.0626067324370708 -0.018692717799625
-0.0639983424558889 -0.0246981130906554 -0.0570890935048423 -0.0211593516859352
-0.0680954698908185 -0.0236752655571467 -0.0484393248350972 -0.0438142155134621
-0.0533961073950927 -0.0564044531547856 -0.0230764486375957 -0.0718238159291228
-0.0143471503977478 -0.0798832016701715 0.0281930048743314 -0.0844529422205535
0.0456694278214866 -0.0929800858342817 0.0815624802314178 -0.0384001473399332
0.0995080409003499 -0.0170442759491924 0.0845497713941319 0.0215313993003507
0.0790811720055043 0.0728366457576563 0.00368994767062914 0.0368783104978546
0.0355736756387333 0.113350179850915 -0.0301979635266152 -0.0826198347197727
-0.0239920559942365 0.0414861280919042 -0.0329556826008593 -0.191105909732746
-0.0039068256377746 0.0621579603181771 0.0108460318058769 -0.166780752043864
0.0384047316890743 0.0384137903602719 -0.000424142311315551 -0.1380004555623
0.0486456067712803 -0.0162994762163935 -0.0493295508092461 -0.0988704517383477
0.0214410079324432 -0.042241454883752 -0.070445963175647 -0.0603067411848019
-0.0071189999346999 -0.0430987034608642 -0.0785921316491115 -0.0386202851776128
-0.0310643369719401 -0.0303071693361874 -0.079843941635321 -0.031768529611186
-0.0383297676887698 -0.0167628265988599 -0.0761126428704959 -0.0312868651913794
-0.0431930857284903 -0.017311627403582 -0.067466842716586 -0.0553642611988656
-0.0335144282183932 -0.0387137936006554 -0.0360948865676049 -0.0873977301321568
-0.00593141662549789 -0.0570596383388081 0.0244004697843273 -0.10048654510921
0.0416974674862623 -0.0570030595231827 0.0834748051475067 -0.0488723732942409
0.0685392774651532 0.00757614760750129 0.0824468572461203 0.0152430829583666
0.0352696797211405 0.0612142226809505 0.00263736202481591 0.0283188398462824
-0.00545115426117006 0.0670280302154556 -0.0274157024633613 -0.10465740862902
0.030045406517289 -0.014347926565344 0.0443608878140423 0.113866555006299
-0.00143348144431734 -0.0332050057639396 0.0359529558869158 -0.0305679932628406
-0.028908299576641 -0.0125655814213245 -0.0840470154961492 -0.0364053108170988
-0.0213928490703579 0.0203530480055501 -0.107655593021243 0.048465260921664
0.000253350224403964 0.0204156458157367 -0.0392612139792144 0.124341470816119
0.00426081006858063 0.0113476642156405 0.0421288624558673 0.111078485552531
0.00781380993907469 0.0114671241829664 0.0769644021486642 0.0644810184602304
0.00682173612558265 0.0082327115430313 0.0859502877015044 0.0367011201944122
-0.00295428055624453 0.00927757287463979 0.0886267253371872 0.0268618556189895
-0.0109518055056372 0.00356706668688744 0.087782927226231 0.0358013777440212
-0.0101691069593402 -0.00101601305852074 0.0761745915445509 0.0592529741736242
-0.0123990628275324 -0.0158688472734731 0.0533579742363048 0.0967124402046728
0.0119307270651857 -0.0251228531986077 0.00796847450869158 0.126103488567337
0.0420398962675451 -0.00816934646229505 -0.0268540761829844 0.150713077405707
0.0385084774533838 0.0165889838409158 0.024303813290617 0.191166652662818
0.0561784689729648 0.0389281299291239 0.0239089797299435 0.118024648767612
0.0433540647973353 -0.00262588328401529 0.036183697926153 -0.0284357579639231
0.017770756880341 -0.0250304051881811 -0.0850620636491392 -0.0456831625582456
-0.00176373758019667 -0.0224726509844549 -0.118786031168745 0.0423319831374598
-0.00584211890836791 -0.0174842628583581 -0.051870052026893 0.12685917163882
-0.0159515264563414 -0.0170102637120382 0.0345009555035775 0.114053337169336
-0.0236732376444994 -0.00278213408740905 0.071268831057835 0.0660692421049882
-0.0233937566484865 -0.0017776298809389 0.0793100847892722 0.0367163722251858
-0.0328938920406365 -0.00678878372778033 0.0829880709070598 0.0208775095505762
-0.0284767718586507 -0.0318167328337416 0.0852657655477273 0.0254418133606132
-0.00367198377689036 -0.0407597399327943 0.081087557408075 0.0469232465714862
0.0232521727389164 -0.0506079342293438 0.0661363549432784 0.0850979006855121
0.0637749113165777 -0.0186807251223647 0.0282951524752953 0.117165081216852
0.0790961926048841 0.0426380443843833 -0.00932877563409049 0.132025713750532
0.0615337604767255 0.0843325391963774 0.0270561837733542 0.159658307748971
0.0687258193189688 0.092460540564526 -0.000469989922224924 0.0978842948441106
0.0830089817911505 0.0415963660173411 0.0332788552858724 -0.0372145544033065
0.0706218898740602 -0.0242430431914526 -0.0839856257666149 -0.0628622102548942
0.0297889993780848 -0.0629257263877449 -0.128866570377449 0.0273419965112277
-0.00518375621610158 -0.0596346105631938 -0.0696705641595016 0.117111995822554
-0.0332594119837108 -0.0491375610760105 0.018162081489053 0.107695127736193
-0.0521268886493217 -0.0206189942349028 0.0541087886833959 0.0602215856547677
-0.0508173490746195 -0.0111556120492688 0.0606986462105382 0.0310128256958989
-0.0587126407428947 -0.0173527243417697 0.0660089870883305 0.00967633431499443
-0.0471032646247685 -0.0561703283566682 0.0731940871151792 0.00580045496915844
-0.00851922054788404 -0.0731082224790333 0.0822138837530102 0.0202904995350844
0.0393071979567961 -0.088495538376592 0.0827616599935172 0.0617537862168228
0.103534606265046 -0.0300725323169359 0.0545427782649192 0.100875785793412
0.115255089287257 0.0687330423516635 0.00701771839128832 0.109444984114551
0.0849871948400505 0.131237723329162 0.0220962120770716 0.11081185963276
0.0643216721478697 0.134868241951638 -0.0233251895880354 0.05267418457749
0.105888244979247 0.0913085533186089 0.0266894906014625 -0.0582084109951107
0.118115204100862 -0.0079131018303224 -0.076453962438368 -0.0853308685287625
0.0684549541016225 -0.0905792175593269 -0.130676873149396 -0.000666917378441169
0.0029884362751039 -0.0967983567524286 -0.0841648123656977 0.0901809913159781
-0.0418194020651831 -0.0785019648423291 -0.00527111011654941 0.0884485321863134
-0.0723089315069643 -0.03823983604741 0.0272312222314296 0.0473064780388429
-0.0705344771540272 -0.0190359981062984 0.0339570706903453 0.0217013825446679
-0.0768823252727394 -0.0226538316222746 0.0395333423769124 -0.00272150596034347
-0.0627433041425267 -0.0675460420906789 0.0520405394379157 -0.0163671345013329
-0.0180055376004316 -0.0924149140717331 0.0735396795211322 -0.0117511228456063
0.0413202112161479 -0.117850132187326 0.0919048527301953 0.0298460990053356
0.124061947655992 -0.0469116048831808 0.0752642995898782 0.0770583923225876
0.136219567811269 0.0751047170384977 0.0146847259617533 0.0866118395443323
0.0984286648066686 0.153630741154413 0.00944013605958248 0.0557684273576524
0.047365203460104 0.153688960353377 -0.0384558483871637 -0.0118916284771708
0.102863947195831 0.129701633261453 0.019942499366701 -0.0889778019674987
0.141840669641361 0.0198075935194283 -0.0594732600600668 -0.107825331366002
0.100434059956949 -0.0943881789007635 -0.117178877741527 -0.0346471132870799
0.0166575242000478 -0.115874808734845 -0.0899981563486914 0.0485975419376372
-0.0414419344943881 -0.0959856191248605 -0.0303883335625791 0.0561356400178658
-0.0801375843709337 -0.0507796760205235 -0.00433163612724729 0.0276193018912599
-0.0799066404068882 -0.0243345881697101 0.00237697457268453 0.00877441598259147
-0.0844162350886286 -0.0236189163880301 0.00965881399366443 -0.0159466517530825
-0.0691913340917943 -0.0690934098671343 0.0247894667651513 -0.0359694598055662
-0.0244152678534803 -0.0980191234140513 0.0567719710373507 -0.0408627456401015
0.0386815304001677 -0.127522098285564 0.0900281738887156 -0.000587098176170237
0.126156389661369 -0.052706330499578 0.0854319113260235 0.0515774905021961
0.135694073402034 0.0730504712196996 0.0145603878049076 0.0659221844032706
0.0949509737135091 0.154230352676536 -0.00894762758840564 0.00297073141446124
0.0235919607187052 0.141982876633834 -0.0432568859495718 -0.0829809743723886
0.0757665274475591 0.138575974273221 0.0154562631379629 -0.122319659204181
0.130314572566004 0.0434856324170539 -0.0364502287087031 -0.124837607323056
0.10779656924135 -0.0750290295728897 -0.0914443512137891 -0.0650420986503168
0.0277243168097359 -0.109923277986531 -0.0855375306919778 0.00256619198731182
-0.0334119739185961 -0.0948007790705611 -0.0517330258530464 0.0180049874943275
-0.0751436958873562 -0.0536878160581029 -0.0360142573814754 0.0043298307255067
-0.0767080543454113 -0.0255742344185316 -0.0291739525482919 -0.00511742432788225
-0.08066892995866 -0.0231394107490104 -0.021262839200398 -0.029070016497144
-0.0655239516266535 -0.0638647060089824 -0.00206421131051165 -0.0528736637690335
-0.0234714925922598 -0.0919896719790533 0.0385996904146644 -0.0639049387708082
0.0389255084031064 -0.116590295618371 0.0826123517583914 -0.0235610589737233
0.115514680021237 -0.041359374657701 0.084970640317243 0.0315531399917598
0.113503553806677 0.0718560780407964 0.00914974801466404 0.0493923118672552
0.0717329965750583 0.138406586653222 -0.024243868357493 -0.0425142529106373
0.000267463730195251 0.100663522961735 -0.0403605658316318 -0.143678516797071
0.0371999301657719 0.111714005353623 0.0126494063092796 -0.147959252468216
0.0904937863351522 0.049278067455961 -0.0147110075215997 -0.132270851422401
0.0864598995156158 -0.046296010475386 -0.0651256629530956 -0.08562200696192
0.0278887442512708 -0.0820103893112732 -0.0753812667274654 -0.0355991416889442
-0.0217958063790701 -0.0748944814655265 -0.067233434476389 -0.0154154039292402
-0.0573927009805426 -0.0453228852400954 -0.0619504321470007 -0.0154059500338469
-0.0617795505984862 -0.022214008433949 -0.056128655319933 -0.0179393201657627
-0.065537118865067 -0.0202532154369805 -0.0480576678298406 -0.0407429172552404
-0.0527201780914056 -0.0522740042323647 -0.0237648260890882 -0.0688348907900572
-0.0160666207238658 -0.0769481829055766 0.0255712305200663 -0.0820992400213132
0.0404298752908084 -0.0911750497503151 0.0782787716767731 -0.0388903884047211
0.095318865875811 -0.0192731869176209 0.0818463878305121 0.0189983531694334
0.0779580364885144 0.0685899795913499 0.00458437208339613 0.035769967222398
0.0365465385825747 0.107749079632371 -0.0325892701768866 -0.077670406773054
-0.0219575556118534 0.0403558446759601 -0.0362695788183462 -0.182969208377919
-0.00239161653257685 0.0595869827239175 0.0072390735534298 -0.159142665560935
0.0377181277628679 0.0363316079915611 -0.00244013983618808 -0.13323933471931
0.0461606712174761 -0.0169672404308073 -0.0493759338580884 -0.0951022494910262
0.0192081298446498 -0.0420177425464938 -0.0697025739740526 -0.05665042590068
-0.00833214223554081 -0.041273541703547 -0.0778660925078631 -0.0351219891006273
-0.030343276269311 -0.0284942902221406 -0.0793326216697624 -0.0273711917272466
-0.0370711767130211 -0.0149319723863055 -0.0741751321464718 -0.0269834617339833
-0.0413451750713714 -0.0150353632789296 -0.0666751711462654 -0.0506608348990159
-0.0334115642935007 -0.0358815316637502 -0.0366034244343433 -0.0830405953563791
-0.00696923263037662 -0.0544151240854625 0.0208155397378038 -0.0983278798026896
0.0383430769260602 -0.056425012864402 0.0798679479472002 -0.0482817347468781
0.0668567106663202 0.00499214172819781 0.0796147175799872 0.0126495012926089
0.0352775915418216 0.0586550343464573 0.00283736397247934 0.0277869287746677
-0.00364009295568189 0.0642853788051078 -0.0303032779020608 -0.0987855840866307
0.0309665170741033 -0.0124836039750121 0.0365370177067846 0.110954223515104
0.00013717096356429 -0.0327683841940283 0.0360020942907734 -0.0282689064715509
-0.0271931255649986 -0.013405289156948 -0.079210709485386 -0.0389992442544563
-0.0209191491610875 0.0190395103496191 -0.107193756430114 0.0420454096411961
0.000317959712442837 0.0195219893606635 -0.0427159656914238 0.118727596846816
0.00386594191962874 0.0113105199781483 0.0355291418708014 0.108736706551862
0.00789146240508163 0.0124254569844002 0.0717703970607734 0.0654224140829627
0.00618218825506526 0.00816139577330241 0.0819446326590681 0.0377084233641518
-0.00251262238287894 0.00918800019116172 0.0856688472780285 0.0282857486453365
-0.01047092509948 0.00305671063550365 0.083957138886741 0.0376994799827501
-0.00876481740937765 -0.00127875165976827 0.0708849147305106 0.0604560422087164
-0.00979226175257621 -0.0145462440262182 0.0461567601205387 0.0945746524430401
0.0127201192942736 -0.0220361912472953 0.000156281233906069 0.121085744011257
0.040668418049517 -0.00443210092478519 -0.0351018041192419 0.14503259811963
0.0376147970634716 0.0193077882584264 0.0112196207985024 0.185547007792891
0.0530181003195683 0.0419830936817878 0.0183696877130431 0.113419515061866
0.0417696603001396 0.000118730416637361 0.0367171460074971 -0.0274202657231332
0.0184418859630837 -0.0226146746224257 -0.079494018820561 -0.0498317726945353
0.00032785172424319 -0.0202612584329342 -0.118010910804438 0.0338648799845827
-0.00346265794263019 -0.0171107392076011 -0.0563603589325208 0.11980605649077
-0.0146262177863526 -0.0172449336248921 0.0273696669963421 0.111067403888882
-0.0223198815921479 -0.0033681790591125 0.0651687957992803 0.0669205618628454
-0.0227245155793439 -0.00300005626981087 0.0755501617015127 0.0372230762228258
-0.031670351447766 -0.00734734924457531 0.0800781596174895 0.0222533533522407
-0.0264385896103521 -0.0323659943215139 0.0823179126394265 0.0266329633665996
-0.000810696202788762 -0.0404895756951749 0.0776559381106053 0.0480676736708561
0.0255221523181896 -0.04634002678594 0.0614224123250305 0.0842866815609521
0.0628794936824464 -0.0130129089875635 0.0212127855565082 0.114639380662708
0.0747561846150881 0.0464662703945384 -0.0177181854214459 0.12902757255632
0.0576262684417351 0.0855121417181284 0.0139333729361016 0.156336932489776
0.0615038412331091 0.095129327195342 -0.00113454899644601 0.0929458327376461
0.0773388025552292 0.0458136292458541 0.0356868728955673 -0.0368148265289573
0.0691787339820575 -0.0182064737277493 -0.0773590760860783 -0.0685878652433194
0.0325473902398042 -0.0571117494802057 -0.127137780706515 0.0161951454919859
-0.000673894950841327 -0.0574117857500931 -0.0729811982884383 0.108339132218204
-0.0293786728148544 -0.0493327522018409 0.0103066393542752 0.104139821027019
-0.0491813234659444 -0.0216362809511992 0.0479083807508961 0.0611952951418136
-0.0492275685542227 -0.0135819711300476 0.0573725514958436 0.032096057972405
-0.056074027604268 -0.0190794530013943 0.063441959245191 0.0109802751827404
-0.0446816661159071 -0.0568095222316511 0.0715195942753225 0.00672768596735697
-0.00470394167887104 -0.0731535346551612 0.0805001525864173 0.0219571423476245
0.0432651529329097 -0.0830936201369227 0.0808273030639603 0.0620277012736307
0.102793650322324 -0.0228980502615038 0.0483328842201855 0.101512607947478
0.108859094380635 0.0736953393965748 -0.00150825494701835 0.109648521306772
0.0785658596971327 0.130999905419051 0.0112245890093843 0.111108026897177
0.0538969566532357 0.136800936398365 -0.0189115119482398 0.0491116294619132
0.0961663057805536 0.0958673375940769 0.0329173274007505 -0.0583607208983332
0.114191693614631 0.00127121998822124 -0.0670429985713438 -0.0915489706598721
0.0703540135628148 -0.0812919485308579 -0.126782674375573 -0.012563082646256
0.00895215680732917 -0.0926892666471346 -0.0878848949376291 0.081065533471278
-0.0367056233498965 -0.0781323960516913 -0.0116872397925585 0.0841674417092394
-0.0681766595546774 -0.0402692973081467 0.021895139578714 0.0477231958065973
-0.0679863190376603 -0.0224652276688914 0.0311069658657387 0.0220455701213354
-0.0734974013553958 -0.0247494111961892 0.0388584168947254 -0.00299287826848873
-0.0599103815619695 -0.0691588300240418 0.0521300376411798 -0.0152918397524475
-0.0137159241431004 -0.092577928479141 0.0747925589710747 -0.00993454612057418
0.0456158778114786 -0.111404591488344 0.0918462036494693 0.0309203263294688
0.123812908321552 -0.0389807817124209 0.0710551410741286 0.0796347100314639
0.129669867129537 0.0803456048895981 0.00731051416540158 0.0883982835892436
0.0909654155719569 0.152402047609852 0.00105087249694539 0.0584487080764869
0.0352048082977513 0.154170714199661 -0.0290372082614942 -0.0132730440035575
0.0909081401556467 0.13317776820486 0.0288633156154257 -0.0879363314005119
0.134743414861871 0.0300338683926537 -0.0480210228114409 -0.112975540936167
0.10077595386603 -0.0828030210811965 -0.111002515575572 -0.0457677588915725
0.0229334498227323 -0.109835685430722 -0.0919757691832358 0.0397361110501095
-0.0354448187774669 -0.0955065617385586 -0.0347587877718067 0.0521980292717909
-0.0756998617782619 -0.0534870252715523 -0.00817505265738012 0.0272400617626622
-0.0772726244363511 -0.0281830533303695 0.000680636043716741 0.00882452477374996
-0.0811454953707319 -0.0265773825330951 0.00972077557109396 -0.0167833150046722
-0.0662640349195324 -0.070992457456355 0.0263621275145236 -0.0351293376385016
-0.0195600301059831 -0.0982137801554871 0.0598514695211235 -0.0393710084984664
0.0430307570648547 -0.121516338148655 0.092334664897691 0.00122912637746341
0.126412106737675 -0.0450819671892953 0.0818901747140359 0.0560102965498622
0.12909158239684 0.0775611126869081 0.00818196065527249 0.0689941650497813
0.0868352346546701 0.15213999533954 -0.0129600372003163 0.00671908143007514
0.0118927806088457 0.141110732097387 -0.0304782518940758 -0.0814643225547689
0.062902738000063 0.140580502871541 0.0267718916440022 -0.118634775309669
0.121861762488347 0.0523906602544706 -0.0242421203659269 -0.126517905782232
0.106776476115308 -0.0646064234296818 -0.0843658519594342 -0.0733806372615736
0.032340741428723 -0.103257621207831 -0.0851048911196331 -0.00507486161447092
-0.0279992156488843 -0.0938009276045532 -0.0532683538445683 0.0144411735852181
-0.0703881271852361 -0.0562361203091883 -0.0377849773670726 0.00406722048091494
-0.0742204790145772 -0.0287971973598591 -0.0288063141555745 -0.00565400077258853
-0.0774350217266584 -0.0256056974271665 -0.0199301027605275 -0.0298720005119675
-0.0628007273867539 -0.0651741949672149 0.000825570799997689 -0.0529172634783584
-0.018837053278031 -0.0926985959998512 0.0431448272967363 -0.0621719631896159
0.0426201714547865 -0.111373615486719 0.0869465312534988 -0.0210456709086574
0.115997954078718 -0.0348008409284825 0.0824765615427479 0.0367947492151636
0.107562724043133 0.0752863445669258 0.00428396421598404 0.0516677366638968
0.06496815836298 0.135589326093858 -0.024855191165392 -0.0385529375680159
-0.00907800461253764 0.0995992782994118 -0.0263380686705079 -0.140296110113804
0.0272005130485782 0.111855629094856 0.0243642233286836 -0.141956152447824
0.0825792740947729 0.0546391915398362 -0.00248609261431858 -0.130873762124657
0.0841401970082418 -0.0377020441640142 -0.0565378950327473 -0.0898308891031612
0.0310779091229121 -0.0764454941366336 -0.0732549400602904 -0.0407299681355595
-0.0177819507963297 -0.073318118486621 -0.0664720450924168 -0.0184031379208388
-0.0538687712621887 -0.0470229264993763 -0.062262637624027 -0.0162500155518389
-0.0593220283547536 -0.02530800919991 -0.0544218438152421 -0.0180763746105446
-0.062953076223802 -0.0225056506683876 -0.0451810763599022 -0.0413266379060664
-0.050447886348356 -0.0539318558388383 -0.0197701878968486 -0.0679733188480975
-0.012719294248008 -0.076797865485415 0.030777917061659 -0.080265557587784
0.0431484876994101 -0.0869209677462784 0.0817465867467058 -0.035474631743948
0.0953287506514166 -0.0144555945271014 0.0792383755182164 0.0245531523248925
0.0729101673279681 0.070808816291882 8.57817089363204E-05 0.0377349070004263
0.0311150778645077 0.10480126336169 -0.0299078286782916 -0.0733044652425237
-0.0262482787819355 0.0390793030271985 -0.0222668795618751 -0.177890876243679
-0.00800707727148924 0.0584263244901978 0.0188227573227669 -0.152653028071569
0.0325370095910292 0.0382850221795473 0.00781241451303196 -0.128918653599468
0.0437181867993051 -0.0117699936272784 -0.0411949260581149 -0.0958487684646615
0.0200571254344081 -0.0386922154644833 -0.0653408023467122 -0.0598132669773845
-0.0061708379531455 -0.0400003147827412 -0.0749227115604465 -0.0377367554006323
-0.0292417392431363 -0.0294772680037149 -0.0776264141534825 -0.0286258848963148
-0.0350489395413265 -0.0172625792029941 -0.0714532717344232 -0.0274732367014725
-0.0396184318545054 -0.0170227155757676 -0.0630375784767111 -0.0513875975244558
-0.0321948695823044 -0.0370107639798158 -0.0323892973601591 -0.0820929270628635
-0.00514292150282722 -0.0543121185900328 0.0262722202459807 -0.0950156849014573
0.0399043168382519 -0.0539149710467552 0.0832566819431387 -0.0436363479669578
0.0659320269282191 0.0081194050028675 0.0765380548175594 0.0185892733181654
0.0314428695307733 0.0586674223970043 -0.000585633444128417 0.0284163052435502
-0.00650901784640232 0.0615865896174087 -0.0253989178931868 -0.0948299084672706
0.0307919001004441 -0.0112453723184983 0.0344106920618469 0.10982430729413
0.000678476236899385 -0.0323353230360342 0.0369114073046015 -0.0279822014703722
-0.0272488856761302 -0.0138816568844826 -0.0777631538566852 -0.040812626672322
-0.0207846750330776 0.0186753313539422 -0.108015085464212 0.0394692442107924
5.24101437579533E-05 0.0197067837199987 -0.0441524004430338 0.117533638255961
0.0037153562609433 0.0118527316870188 0.0340257554888895 0.109116519762118
0.00768390651607646 0.0127172038847845 0.0705533020715078 0.0660181137367668
0.00604702182473097 0.00840860360800136 0.0817603764704811 0.037975891569931
-0.00279384669445444 0.00940067797553035 0.0853041753354862 0.0289074663548481
-0.0108835657639088 0.00306595159888081 0.0832289693760438 0.0386127596701663
-0.00861104883014017 -0.00192402047196641 0.0692676010645797 0.0620370222151932
-0.0092678042629927 -0.0142548028270986 0.0437266574801382 0.0945910815182819
0.0131914039082448 -0.0215390340965638 -0.00389566762647034 0.120401172964405
0.0403383093981736 -0.00434381841952075 -0.0383710526645242 0.143083031094009
0.0367630128621589 0.0208021881873976 0.00799905204695596 0.183965209924996
0.051610700465351 0.0421565615136168 0.0170068849942957 0.112201905551193
0.0423937801544791 0.000773246539024773 0.0379565818203267 -0.0269394316097143
0.018084847441296 -0.0223662954628271 -0.0783951859663542 -0.0511187869594335
0.000469967270279446 -0.0198964724876959 -0.117931878270777 0.0313082490252998
-0.00340667256890432 -0.0165834196905851 -0.0577454289263665 0.117948897617328
-0.0149282078965904 -0.0166910580897987 0.0256619883709694 0.111253250041715
-0.0219968785305186 -0.00311176986886522 0.0635598641477472 0.0676221667871012
-0.0227815593765002 -0.00337684641617615 0.0747842607523801 0.0376106629025116
-0.0310366671737573 -0.00758681523158032 0.0796899387281687 0.0226856375751248
-0.0266214785460636 -0.0320717511801896 0.0819487853878557 0.0275214513025318
-0.000224609556487177 -0.0410952882283459 0.0765905707272934 0.0492187085397555
0.0261763589225504 -0.0455137322358919 0.0589665299956832 0.0848523191276589
0.0629993259644942 -0.0114817430160849 0.0170257799350679 0.114208879209872
0.0735757240143599 0.047492325804816 -0.0206263706106514 0.128273128267483
0.055103530802303 0.0859932857368537 0.010920633255858 0.155477908965218
0.0589099743003919 0.0944071707180399 -0.00234076064580678 0.0917831815204408
0.0763074440417962 0.0468090077657302 0.0370492569603712 -0.0365687703320644
0.0683838376106639 -0.0176741032511464 -0.0749323984669191 -0.069783237039783
0.0322631905243221 -0.0563406012749382 -0.126801805493987 0.0135413903712644
-0.000579874924087059 -0.0565869901640527 -0.0736937638798355 0.106907059735102
-0.0294903190090008 -0.0491526495779546 0.00886506361598951 0.10357313005745
-0.0483223738065411 -0.0221634414896959 0.0461435571954864 0.0617561856839743
-0.0485221353131251 -0.0140723504315267 0.0570162606945972 0.0325430883265425
-0.0555808747548968 -0.0190142810023818 0.0630455269397048 0.0112163729135938
-0.0443364100931508 -0.0567867246365142 0.0718605508236687 0.00787505752628511
-0.00327037362996105 -0.0726119452561108 0.0805547583376519 0.0231423870630165
0.043603010696143 -0.0819830498328578 0.0787491788184935 0.0634497659834418
0.102701478072113 -0.0212360366321622 0.044971138158246 0.101571687892741
0.106699943951889 0.0748688188809294 -0.00447268294802849 0.109199687735341
0.0743446267201422 0.131274815624108 0.00915644460139723 0.110535789904634
0.0505515368857715 0.134961017398098 -0.0188377712063957 0.0483024731427549
0.0943804716969265 0.096441767897239 0.0345399785628474 -0.0569308346146975
0.112317127431923 0.0027784152186745 -0.0644017654517244 -0.0921334791859594
0.0701188101881503 -0.0790541110678487 -0.125258297355578 -0.0146335005769357
0.00939671400497635 -0.0915568486775236 -0.0868690798362738 0.079597195688077
-0.0365152248891933 -0.0783668340767676 -0.0128599005227932 0.0837621420061765
-0.0672607172147951 -0.0407202653909738 0.0202745604530015 0.0482465211043964
-0.0671135214137772 -0.0231815720476516 0.0308308599740602 0.0228640251477944
-0.072108054303548 -0.0253258735528228 0.0387223961287622 -0.00210720107430249
-0.0587114551469105 -0.0692851021584342 0.0523897864421886 -0.0143212109262183
-0.0122267089594721 -0.0924888382916712 0.074908322816465 -0.00910862558586614
0.046027917209561 -0.110194821734662 0.090893874848678 0.0330921526053455
0.12325285999763 -0.0368482998587828 0.0680721866033942 0.0806032773785909
0.127516051407232 0.0820113360835901 0.00507433965129472 0.0885392249896858
0.0864454831026663 0.152806488569258 -0.000394336420904931 0.0587359042259424
0.0319082999583378 0.15253174328117 -0.0280433301389259 -0.0136730247524468
0.0878808563636349 0.133869228745701 0.0312157383262714 -0.0858472063270578
0.132425949568226 0.0316455054357708 -0.0447077554317366 -0.113022712748318
0.100234772310963 -0.0804999910638066 -0.108711470761797 -0.0478682495728431
0.0232268877341555 -0.108505556657688 -0.091296660011476 0.0382728033195725
-0.0356105823654977 -0.0952456991485095 -0.0352480474380174 0.0515039156059227
-0.0743260198954081 -0.0541363975116479 -0.00927990791513029 0.0276045527394482
-0.0756922477930515 -0.0287722204767619 0.00116948069244289 0.00946621379192731
-0.0793011006722562 -0.027034883285435 0.0097930414428342 -0.0162574110932244
-0.0654488673251972 -0.0707159987966525 0.0275079798483323 -0.0348836887908894
-0.0184281756761297 -0.0982326000989903 0.0608390075713491 -0.0383906334612062
0.043620860418495 -0.120198760157589 0.0921203437380823 0.00335895044725473
0.125869242629418 -0.0430138159370537 0.0791975929201478 0.0567634585263773
0.126781887731361 0.0794091490781158 0.00640848165536356 0.0687242552023564
0.0823850020767363 0.152334197215708 -0.0136373862766753 0.00759700505445705
0.00882192662446746 0.139757293916639 -0.028233301556695 -0.0808199923401076
0.0602972946005942 0.140615688244608 0.029788877217598 -0.116763425518174
0.119424909743137 0.0539355571150581 -0.0199323623811399 -0.125927374580708
0.105982406736203 -0.0621195719853894 -0.0810447266930872 -0.0744699202298315
0.0326094123613457 -0.101765176319752 -0.0838379631918726 -0.00572473958621135
-0.0276747375757419 -0.0932589441228121 -0.0537919540243139 0.0134614454014124
-0.069461697611765 -0.0562678372859275 -0.0382919742776666 0.00404909538664204
-0.072612807815473 -0.0300804321557792 -0.0289003160288044 -0.00484424226525857
-0.0758701939522723 -0.0263247263680022 -0.0194008756340228 -0.0293889096412116
-0.0618359958496838 -0.0653659162375946 0.00226505990361359 -0.0524687717488542
-0.0173460743832639 -0.0915566374854466 0.0443620621916913 -0.0614056533155267
0.0428067921134044 -0.109968948946362 0.0867896993496307 -0.0186308963981907
0.115110089214802 -0.032864484222327 0.0806809805484007 0.0379093464835025
0.105465479632808 0.0765842921510491 0.0031153195439404 0.052037246730036
0.0610978909589565 0.135513844673141 -0.0245595952887819 -0.0373444531731114
-0.0110898495324161 0.0976102859164134 -0.0229302959500867 -0.139475484124663
0.0246180835395831 0.111499870958066 0.0278993620485158 -0.139629884120841
0.0806653836004357 0.0560070313587864 0.00108117252711676 -0.129621744694807
0.0835736860471927 -0.0353041491354235 -0.0539182181002196 -0.0903223694617871
0.0308679243450804 -0.0750340945300215 -0.071980620517233 -0.0410068987086169
-0.0177852437047756 -0.0729610460669518 -0.0666103320233272 -0.0194143488109318
-0.0532100943120154 -0.0475422409003782 -0.0624642408029789 -0.0164035280443365
-0.0584325746904665 -0.0256078181630835 -0.0540194363809443 -0.0175781760169783
-0.0617671546818315 -0.0228001440059063 -0.0444295595930968 -0.0412254719138155
-0.0496709081778101 -0.0537845902765485 -0.0184785696266508 -0.0678310811463338
-0.0117111369937177 -0.0763782349181299 0.0321470972477818 -0.0792240882322837
0.0433550839225619 -0.0859466387119084 0.0825790869303119 -0.033448651029481
0.0945756243817389 -0.0129402142726806 0.0779899231000721 0.025503165337316
0.0712022770817707 0.0715169316742648 -0.000785604599273088 0.0375620785803939
0.0287440131458798 0.103719289760468 -0.0296759768224053 -0.0721672814968116
-0.0269092748316312 0.0374305632569704 -0.0182469977714923 -0.176022711611662
-0.00945535274851434 0.0578119917098942 0.0220685835944838 -0.149387702779748
0.0308376147326683 0.0383659033020065 0.011636351526356 -0.127980668465012
0.0428991990636536 -0.0104277571336963 -0.0381918491152007 -0.0962003329168067
0.0201235694726454 -0.0377408725826964 -0.0647142717516242 -0.0603423688186571
-0.0059360129466164 -0.0397531551930411 -0.0749392064111188 -0.0385395983582248
-0.02869046022087 -0.0296457671114582 -0.0776710183281771 -0.0285001548549132
-0.0343439213463189 -0.0175193791781872 -0.0708937720845767 -0.0268258057520023
-0.0380787643845758 -0.0168151813026191 -0.0616154059612238 -0.0509191984156085
-0.0313003044908981 -0.0365792879889538 -0.0308383957782617 -0.0819188329397492
-0.00437592012493874 -0.0538685896519604 0.0280410217910719 -0.0938692344541812
0.0401333174420449 -0.0530078210579385 0.0833748578646753 -0.0417625481123538
0.0647219116877468 0.0091775839982714 0.0754270731743015 0.0196300287643421
0.0296396806935828 0.058446244758595 -0.00149816064107869 0.0289603350809597
-0.00807569525247222 0.059859812302989 -0.0250786735614948 -0.0934105923674493
0.0310651636989692 -0.010718566291863 0.0337692146067216 0.111377085668222
0.00163079893284113 -0.0331702345679023 0.0381035198417989 -0.0292489287300579
-0.0274757237357979 -0.0144186942267877 -0.0792089654175447 -0.0431420435917099
-0.0207956177579716 0.0188011676199631 -0.11198998447732 0.0386662436145601
0.000251407480431934 0.0204072358169633 -0.0463351242827119 0.119092631172029
0.00426196239862701 0.012802947834784 0.0340981725589179 0.1115129424116
0.0077350626012081 0.0129845779688632 0.0713731708350146 0.0681563121079892
0.0060426406993407 0.00836560526388231 0.0829854317443646 0.038472535506159
-0.0029315556228979 0.00981727520764178 0.0875306946759922 0.0297544312050735
-0.0114586292025605 0.00301733398338497 0.0859245640635335 0.0406225209057185
-0.0083972971470698 -0.0029347329002383 0.0699064689898174 0.0642549036669824
-0.00918383940450952 -0.0149828657639551 0.0429115433551635 0.0969747885175007
0.0137926407322786 -0.0213088753030974 -0.00714335822610834 0.122790848366791
0.0411638044442629 -0.00384520967505851 -0.0417654029841083 0.145209125265184
0.0364121805482273 0.0220862799468034 0.00632927193985485 0.187258019595761
0.0512329143326836 0.0435515498669053 0.0160153495207121 0.113912069961802
0.042726601081553 0.00109335922267819 0.0394676697653942 -0.0279766495211798
0.0179511770137429 -0.0227186022085979 -0.0793001632075081 -0.0540820871737386
0.000414697759120976 -0.0198782980550797 -0.121713417346492 0.0298368511275767
-0.00348775191434019 -0.016638665709787 -0.0595074911048585 0.12003465715332
-0.015066837563019 -0.0169152018112793 0.0251453826655788 0.11399884614039
-0.022223181252738 -0.00327350397013842 0.0645341945614572 0.0693350031423691
-0.0230405200358075 -0.00340456036189853 0.076333808774504 0.0385661512428591
-0.031549352708505 -0.00791181503169143 0.0813665068493757 0.0236670110547554
-0.0276265384257911 -0.0329944158550872 0.0840884615544254 0.0294315536323049
0.000104573370738965 -0.0421003824930513 0.0777005193767448 0.0516935445320514
0.0267763532011489 -0.0464607594768454 0.0590606011766252 0.088091243125363
0.0642761357668753 -0.0112373231233204 0.0143120472163093 0.116826890275166
0.0741037757332551 0.0494634876658134 -0.0237106645373028 0.130627389260644
0.0543994551085423 0.0886981495558553 0.00883447864356679 0.159013054972915
0.0578610296708168 0.0957562499382173 -0.00268118565192016 0.0931495642246105
0.077202407736419 0.0482129331712448 0.0395400688174145 -0.0373837615686364
0.0688113984929929 -0.0174535589344317 -0.0748334360844903 -0.0724250340080761
0.0329867474152557 -0.0565472794902767 -0.129587117603139 0.0117071989810983
-0.000736415375261439 -0.0574869705169944 -0.0760234453944774 0.108391239940117
-0.0300975469994318 -0.0495692746100603 0.00843653260301067 0.106343735593673
-0.0491058505836053 -0.0223873170750498 0.0465703285929467 0.0635879116297155
-0.0489874226274052 -0.0147492308134562 0.0584802905689177 0.0336072449617794
-0.0561835314765745 -0.0198075923685776 0.064648798189646 0.0114523410567856
-0.045735047343493 -0.0585108751602243 0.0738140508323699 0.00882399873625419
-0.00290687273285902 -0.0748975992869506 0.0821626748721061 0.0245226760167064
0.0451415384007199 -0.0831878815593512 0.0794648843660815 0.0657381354006462
0.104289565877513 -0.0204978039585109 0.0430340070684167 0.103884191898552
0.108010389347959 0.0776316223893645 -0.00679523381643607 0.111747091407706
0.0735598434325557 0.134802579677271 0.00726892321006448 0.113154804774199
0.0491693029750192 0.137388431250987 -0.0185554117625927 0.0488402986929858
0.0948700070338062 0.099640438905605 0.0373944553766379 -0.0576311323123972
0.113393872490687 0.00379179249712474 -0.0635270564309818 -0.0953423871221514
0.0716837850326617 -0.0800061108573512 -0.128122525569466 -0.0175072644238381
0.00974504590757466 -0.0928578059383622 -0.0887501208091879 0.0810790379713691
-0.0378269857544079 -0.0799031372924864 -0.0140888057018256 0.085328941384358
-0.0685479811969999 -0.0416896792111322 0.0204399609394879 0.0494398255246546
-0.0682070809489397 -0.0243917351432554 0.0319814395237485 0.0239973117893662
-0.0730099339946856 -0.0257248145006414 0.039433609548756 -0.00211964094079837
-0.0604134006214163 -0.0708479455804337 0.0543750322888161 -0.0138709773247605
-0.011861845939104 -0.0947756504388703 0.0769943510274279 -0.00829574205246068
0.0477990748980847 -0.111901196218124 0.0924053194813372 0.0357394689375061
0.126101140154037 -0.0360536638345952 0.0670854157137217 0.0829194614975391
0.128762888244219 0.0853562873663247 0.00384354245350379 0.0907466629955561
0.0852670514910342 0.156357736041776 -0.00175076503079685 0.0610186862493213
0.0297451245416874 0.154543213770349 -0.0274688474217983 -0.0137677309971452
0.0880979785269908 0.138027392821786 0.0346085255838551 -0.0868603053537
0.134045987312567 0.0340607988951923 -0.0426483898563398 -0.116226339412259
0.102312815388764 -0.0805346737222328 -0.109709842602543 -0.0507612060427581
0.0239548121281903 -0.109810099357249 -0.0925347494482578 0.0390278964178974
-0.0361358359775202 -0.0973417687922441 -0.0365622510752363 0.0521509540870191
-0.0760268028599165 -0.0551901318480583 -0.010183545189668 0.0286260293939525
-0.0767939817901716 -0.0297279232777246 0.00160698582313365 0.0105453370783587
-0.0804706646206205 -0.0277123390539237 0.0102595814570807 -0.0162349418472296
-0.0667495501567973 -0.0723967171652265 0.0287865785064508 -0.0349040538529903
-0.0178318064105832 -0.100126207848971 0.0627077714307604 -0.0388794965453939
0.0442251687974345 -0.122153771583674 0.0942618854401006 0.00521403676842192
0.128885625341071 -0.0428554849528597 0.0794304560406766 0.0587792442263047
0.128802151778634 0.0828418901319049 0.0051335855583756 0.0707647753349522
0.0812679294309478 0.156144868977867 -0.0146052889974883 0.00871893131597653
0.00646220724349536 0.141236006705222 -0.0267881631653209 -0.082717688988098
0.0596022364179769 0.144193375594397 0.0329597473995724 -0.117457128022898
0.120880387117401 0.0565351841495254 -0.0175139532258845 -0.128579583525249
0.107842324604409 -0.0611701182930663 -0.0812762786412669 -0.0774863229472726
0.0332461504606803 -0.103815349272763 -0.0850042128249674 -0.00581962819917733
-0.0285174567109379 -0.0954710450508138 -0.0555966145508674 0.013392451068462
-0.0713193921703289 -0.0578218659992138 -0.0397588922239716 0.00490121307332454
-0.0736318732087771 -0.0311163845341238 -0.0290549843771479 -0.00373270074731675
-0.0763517022814592 -0.0272109244008487 -0.0195693998747353 -0.0294523242367594
-0.0630477624305836 -0.0667267715886944 0.0034813754012299 -0.0530531210570132
-0.0172216157194695 -0.0942877128059603 0.0458502672103021 -0.0626957130073553
0.0437708128066004 -0.111887347720233 0.089306621637124 -0.0177916851725407
0.117371615202609 -0.0329700457442575 0.0815153113509303 0.0398322500505143
0.106666002544855 0.079622761395249 0.00209478292236689 0.0533212735975664
0.0599346708293597 0.138561236052412 -0.0256127513184994 -0.0371777670999058
-0.01335121555633 0.098449932790879 -0.0201989812178758 -0.141634055284461
0.0234031549939258 0.1137445847936 0.0310987533364507 -0.140744833989547
0.0809343345142035 0.0580800500313292 0.00439575488458865 -0.132378495465155
0.085127352830438 -0.0350185973026384 -0.05318272537843 -0.0926482126603364
0.0316810694731225 -0.0766672074566308 -0.072656337650863 -0.0425456823642819
-0.0180164027223896 -0.0743624124941732 -0.0686030593317575 -0.0201455182991116
-0.0542497011662679 -0.0484548560852168 -0.0647337903998312 -0.0163100616769398
-0.0586427054878982 -0.0267145715276018 -0.0551354775667686 -0.0170723127073646
-0.0616298820212505 -0.0238953233595173 -0.0448388061954485 -0.0417830958938881
-0.0500734342639298 -0.0544205119616798 -0.0177160966057762 -0.069167133271539
-0.0113252596398136 -0.0780779286132303 0.0337879876808875 -0.0811836043794306
0.044533588516185 -0.0871979050442024 0.0853796050202509 -0.0323397687304873
0.0965119778222635 -0.0119350036793379 0.0786983142986099 0.0269426353896206
0.0711957123293758 0.0741220857150818 -0.00135516554686925 0.03895476987097
0.0273172224834603 0.105527623773784 -0.030679762402028 -0.0726578010575263
-0.0282793775014392 0.0373125183174313 -0.0153399013674158 -0.179290775838174
-0.0104722490454279 0.0586743924949024 0.0252276388654057 -0.150914967144556
0.0310062984044307 0.0399371440168556 0.0145235807369165 -0.130301646528014
0.0441873636260573 -0.00953100512779423 -0.0374936923052853 -0.09884370034529
0.0206138105807246 -0.0385913889433469 -0.0653674336478639 -0.0620713525094968
-0.00617518617031242 -0.0402099653630704 -0.0772606107771504 -0.0393937475304738
-0.0290749431273787 -0.029880810885649 -0.080123391111014 -0.0283145232188338
-0.0342490622874033 -0.0177257694239242 -0.0720708369670996 -0.0270413405068991
-0.0382127592401044 -0.0176210263136915 -0.0622809789130044 -0.0513158134615238
-0.0315376271867791 -0.0374375030551187 -0.0300678839134413 -0.0836561419029873
-0.00414256328411042 -0.0548779462364595 0.0297849228630411 -0.0953847536634761
0.0406610709957207 -0.0533533177243741 0.0864105518073502 -0.0413276711703949
0.0661089235889871 0.0101039774021785 0.0763848644185911 0.0215089184427694
0.0294049790967122 0.0601622838916192 -0.00249741841688143 0.0298280330194871
-0.00893239402068706 0.0604415424475936 -0.0258881740974184 -0.0943155995979455
0.0315478995103413 -0.0108304500385861 0.0363337775897358 0.114204241406639
0.00123332441122422 -0.0341871716114367 0.0397494149554791 -0.0312825664470038
-0.0288285807525124 -0.014955965794319 -0.082647665250484 -0.0443975523357405
-0.0214728564672556 0.0196186540117351 -0.116339918000803 0.0419645925259732
0.000662045697221411 0.0216850204247199 -0.0463009482308586 0.12456193685929
0.00477147882478232 0.0137225052651027 0.0375470803244039 0.115629493736695
0.00860140688420525 0.013603757325296 0.0752146188207126 0.0694617528697404
0.00635978123179732 0.00844506546234203 0.0867539592835478 0.0377769716918304
-0.0030729826680272 0.0102952397459609 0.0916311214600538 0.0283987063850419
-0.0117847460472888 0.00364782315565504 0.0898891520008168 0.0411136166437898
-0.00892721254067093 -0.00304877073227356 0.0735385414028638 0.0668650517351628
-0.0097167013436062 -0.0155695843627948 0.0447661497318657 0.1003571847493
0.0143307533558501 -0.0220955080916713 -0.0079907612965085 0.126925324916979
0.0429466708692526 -0.00476114197560123 -0.0428660382510356 0.151303485288074
0.0379868468219893 0.0230311131741313 0.00848946520145295 0.193704928065175
0.0528708892855133 0.0441079966111607 0.0185500051757436 0.117181492074325
0.0447454498506566 0.000549735299240174 0.0415482990100185 -0.0300142017910901
0.0177103250146842 -0.0240992303656532 -0.0827947243499586 -0.0555823714120783
5.40193565433771E-05 -0.0210951011883411 -0.127067895209346 0.0319513355403537
-0.00379060214789474 -0.0166360647388307 -0.0599886174210903 0.125407659051303
-0.0159039363708031 -0.0167291276856313 0.0283244463948416 0.118011974980791
-0.0226483734543354 -0.00312474608377809 0.0678418989553163 0.0707976873164595
-0.0236019702894566 -0.00325021754218859 0.0803855812584686 0.038177399407768
-0.0327684760428098 -0.00728663879836736 0.0849318792899283 0.0223179725690995
-0.0296867245054506 -0.0334582439756604 0.0885207948699052 0.0289716540069107
-0.000606583995239365 -0.0444236856670331 0.0815077063561223 0.0531900140990662
0.0271945556467488 -0.0484159798124196 0.0619810373469758 0.0906130854544097
0.0666761879322251 -0.0119195837141101 0.0146351603850026 0.120875520959693
0.0778251408398279 0.050165434671824 -0.0242841784189856 0.136075441640553
0.0571099662783323 0.091626794053243 0.0110650419488765 0.164377750619633
0.0599836521352224 0.0984738944510233 -0.00106800092003761 0.0959657848025782
0.0810485434702976 0.0490991394572379 0.0413911285345049 -0.0398875702824295
0.0701483193523633 -0.0190946947438709 -0.0780758473211151 -0.0748452098325642
0.0329688033483791 -0.0590637404339985 -0.135453963827728 0.0130768627060606
-0.00198874918852497 -0.0586856715652308 -0.0764466798568632 0.113933342388213
-0.0325498215213322 -0.0504386705046306 0.0101054284718064 0.110030213654476
-0.0513154470538382 -0.0228231331111934 0.0492802962179898 0.0650648931894892
-0.0508991639688109 -0.0145297059227525 0.0616460302299027 0.0331803746856435
-0.0583750369818075 -0.0191176307488207 0.0673116850399071 0.0105388873537147
-0.0491433538760379 -0.0592165671059468 0.0777725955395106 0.00801509566681725
-0.0041065751579609 -0.0778734706723943 0.0859078626324494 0.0245123271388051
0.0450400317174596 -0.0867395132611602 0.0835016072665852 0.0685214312194447
0.107983157375665 -0.0223162113669947 0.0442400450328329 0.107439051809485
0.112911819787168 0.0796513689144343 -0.00659408228478462 0.116116479933764
0.0774548012983802 0.139050029317086 0.00856118237998064 0.11759201100771
0.0512363648700225 0.141021663720747 -0.0185240052988724 0.0505136955110864
0.100128214472781 0.102093352415286 0.0391622088217099 -0.0600410079187417
0.116541567989538 0.00203785339619264 -0.0659787860599531 -0.0985169048852369
0.0725968272213419 -0.083537614488684 -0.132603070079534 -0.0171118839620939
0.00785445577123131 -0.0959022406235261 -0.0900433432160364 0.0852499023311358
-0.0413077102229541 -0.0812994929649551 -0.0134105603218474 0.0888781294989743
-0.0720525128532408 -0.041762557641806 0.0217124097285115 0.0510178593935773
-0.0705622637018442 -0.0236304181357752 0.0338965496479109 0.0244461848580924
-0.0756761076433178 -0.0253428419686393 0.0412363853394859 -0.00335310080708083
-0.0644877558772957 -0.0721776802473048 0.057074390231129 -0.0154372534876788
-0.0134191536781849 -0.0983362927562075 0.0799910904770957 -0.00993584319043071
0.0466525746516211 -0.116624295727606 0.0969660051799264 0.0368302766584539
0.130411377377915 -0.0390875621781346 0.069446589695688 0.0849857040828987
0.135305619739604 0.087158031145233 0.00407285708570911 0.0940295081591918
0.0895330981912867 0.161365973239466 -0.00134201788633986 0.0636007341755215
0.0312239608353207 0.1589209894617 -0.027367099284398 -0.0140052811523154
0.0931861889066628 0.141878226222388 0.0364082889194625 -0.0898324594616092
0.138440404097269 0.0334688658553469 -0.0447439385878938 -0.120048016155739
0.104367721062097 -0.0850224434222903 -0.114357479008163 -0.0518121300515358
0.0226103449158274 -0.113902876483107 -0.0941376844696547 0.042281186722324
-0.0404570366652239 -0.099581989906964 -0.0376837896695418 0.0549908699693034
-0.0802001955043695 -0.055618964453785 -0.0103619729459115 0.0299302292716996
-0.0797427072074909 -0.0291859782940973 0.0020195174725891 0.0115880489801334
-0.0833665884592804 -0.0269058441556822 0.010575547573413 -0.0171274598307909
-0.0708953699954468 -0.0735714670252644 0.0304822825612924 -0.0368384315957187
-0.0200900138136692 -0.104579493555331 0.0645158512137647 -0.0415048843619569
0.0429645498551998 -0.127129508632763 0.0985601950981876 0.00507165602317141
0.132456458540725 -0.0458984611727047 0.0822650108674261 0.0598460302333364
0.1344184580187 0.0845178789479951 0.00598891609411478 0.073613173402598
0.0851468854857682 0.160734571248265 -0.015914404728616 0.0101204803192529
0.00734028053433204 0.1453107914518 -0.0274996188361279 -0.0852000421902383
0.0638089274973645 0.149438541577211 0.0344006611617737 -0.121643356624416
0.124714538089429 0.0567861086050099 -0.0183978716961581 -0.133386444760878
0.111306759326077 -0.0650986784442384 -0.084550461507148 -0.080118303715166
0.0323697146577564 -0.107860194722011 -0.0868845751870277 -0.00477842546142251
-0.0319284816295956 -0.097922307697272 -0.0575364909761835 0.0149482345908748
-0.0749946358015495 -0.0578749098430639 -0.0415343236670025 0.00591849631985343
-0.0762997995115824 -0.0304729260189688 -0.0294750051773037 -0.00270683225607267
-0.0789232573379637 -0.0262651188762136 -0.0199694207801936 -0.0301259943089889
-0.0665519788387821 -0.0675040576554753 0.00334111721479061 -0.0550916770550712
-0.0192511048450088 -0.097199415174955 0.0473594390911552 -0.0658920541397904
0.0428422660797089 -0.116405770360969 0.0935053446988906 -0.0184509306040861
0.12086080673277 -0.0358653706894776 0.0842399068280762 0.0404167518655939
0.111451880851086 0.081032646840292 0.00216833750817829 0.0553615998594505
0.0634891381713528 0.142645869740704 -0.0280491585249663 -0.0371765412695943
-0.0131347214872366 0.102023982349266 -0.0224205063003723 -0.14584587528386
0.0259155067781334 0.118103812359316 0.0318760611008715 -0.145165580341854
0.0843541066541233 0.0589574498755331 0.00405702964922 -0.137486757506686
0.087302203089625 -0.0370567776433954 -0.0551277884200262 -0.0963860648669225
0.0306059522153493 -0.0793291093095218 -0.0748817152149727 -0.0420439606480426
-0.0209210051256203 -0.076574972112109 -0.0721275190231093 -0.0198531751181054
-0.0576964971565086 -0.0484276473591526 -0.067953126954333 -0.0147422750385685
-0.0610408154332453 -0.0265772225137048 -0.0568093962009327 -0.0155247344653027
-0.0639548982654634 -0.023574609602058 -0.0470165558420723 -0.0417440466785585
-0.0530785848138533 -0.0553077784902054 -0.0190683060721293 -0.0713977657462478
-0.012917603669718 -0.0808361439664447 0.0343270229945973 -0.0846859057513298
0.0437164253287217 -0.0905736361828226 0.0890044644141825 -0.0342239104162168
0.0992088572732081 -0.0141938675251672 0.0817821285804169 0.0270484788169508
0.0748494458897189 0.0759876681214036 -0.0014887337931019 0.0408031379000542
0.0284975770283015 0.108105987654031 -0.0336241610983966 -0.0731201645737566
-0.0292643065998599 0.0386450178688282 -0.0172691451312354 -0.185013124526467
-0.010200414667831 0.0613737169858515 0.0258857552607453 -0.155429113897441
0.0324073142844177 0.0405573995898924 0.0146663127932475 -0.135572117849222
0.045913016840298 -0.0100710556154219 -0.0386738363132999 -0.102077539049288
0.0197653831970932 -0.0398901910872277 -0.0682371487579523 -0.0628739495292856
-0.00741392970533295 -0.0415152904079042 -0.0814264841652424 -0.039827553496382
-0.0309331035026594 -0.0301753111006879 -0.0844019223804572 -0.0266867903019948
-0.0357079884178435 -0.0182709790141953 -0.0751861491629709 -0.0253277495847273
-0.0392362900450829 -0.0177095799417836 -0.0652524657628224 -0.0516381728189113
-0.032450036940187 -0.0376468314851783 -0.032320955697618 -0.0861243531933653
-0.00478737159884452 -0.0561459786878037 0.0296411106997348 -0.0994885381050946
0.0411213396925675 -0.055587091533682 0.089905416972697 -0.0436430589763398
0.0686504566568137 0.00926112196569013 0.0796324128536103 0.0216251050235186
0.0313457689268701 0.0622736547564341 -0.00290333505289353 0.0311498841902484
-0.00944495638017529 0.0618572848075854 -0.0290442759181554 -0.0956239112770924
0.0317908781249017 -0.0113820923960179 0.0423549088936064 0.115401495864864
0.000150912707759522 -0.035678467313124 0.039345223372931 -0.0345270077459653
-0.0302824887584748 -0.0137958257255506 -0.0878389654503736 -0.04224223824213
-0.0208117620076497 0.0208706805259705 -0.118944391868783 0.0480023800890799
0.00189880828729919 0.0222396963612312 -0.0423915380011945 0.130540324744528
0.00618431297504551 0.0144729344331306 0.0448879944970692 0.117215053124267
0.00981557693292012 0.0133509826570162 0.0804694510961854 0.0670528277849374
0.00663081462724725 0.0086333023754489 0.0909291817315027 0.0332436156654034
-0.00287056216549097 0.0108207175252065 0.0963878033708459 0.0240309897569618
-0.0126702825696332 0.004324176324916 0.0957183340269929 0.0376869267848905
-0.00901938531884269 -0.00327821995854876 0.0788472788600057 0.066447335842096
-0.0106191891810492 -0.0155183225100264 0.0491489737289831 0.101733011641948
0.0145789098725563 -0.0232674167437842 -0.00428721836549318 0.131715300091399
0.0437471092066716 -0.00714637908705859 -0.0378704074070042 0.157943234093207
0.040391036045669 0.0226255594222486 0.0169433749310941 0.198604207127792
0.0555603475298581 0.0437702186140781 0.0242325077705178 0.118853715013478
0.0462353823567919 -0.00201718124749732 0.0416965552313914 -0.0334088639743123
0.0165613960866096 -0.025360847543421 -0.0876729503110533 -0.0539585022797984
-0.00110484784845235 -0.0219140159640327 -0.130564488089355 0.0383653613386633
-0.00458198945627868 -0.0168630336086737 -0.0558891965259084 0.13180907710352
-0.0172346154626769 -0.0159227049516339 0.034953025845598 0.120376216520542
-0.023368683215988 -0.00165788646503093 0.0732038701087082 0.069552366399576
-0.0246327599659358 -0.00194811618732999 0.0847257427270672 0.0342830041088003
-0.0337349616077915 -0.00560219520859299 0.0892411396173157 0.0184406847584812
-0.0325291387769575 -0.0328616544175441 0.0936834872232194 0.0256262859856316
-0.00232209325203421 -0.0462007409179672 0.0867365502927228 0.051833943262095
0.0251162720840273 -0.0511761043216079 0.0670727297217299 0.0912917062429471
0.0682222513113568 -0.0152944037402821 0.0183814601540876 0.12414784463732
0.082613769832015 0.048665950143709 -0.0198783737053135 0.140848433305391
0.0627367057032329 0.0918727479744863 0.0181962066613771 0.169057641946289
0.0648717911289951 0.0984048653236648 0.00337445288839042 0.0983742468409628
0.0861230723623765 0.0466050813436165 0.0413407297474927 -0.0428300240784926
0.0704989834380698 -0.0222040569308606 -0.0833346805256822 -0.0741342744285812
0.030555740854899 -0.0621965154713795 -0.139298650015134 0.0186533907676298
-0.00488216474758909 -0.0603501469839484 -0.0731261101348937 0.120819287871513
-0.0365867281326186 -0.0497202768019384 0.0160638449140635 0.113453029618241
-0.0537677265742203 -0.0202897663994741 0.0537896626594369 0.0646775510939323
-0.0528248635011495 -0.0123614301169564 0.0651305920099906 0.0310428969861264
-0.0606312550918312 -0.0165797468578913 0.0703490522300014 0.00709307084868023
-0.0539928652419247 -0.0582441000101187 0.0811371896668803 0.00475441099327457
-0.00775490406106222 -0.0810297299500206 0.0900217480474605 0.0220100319353965
0.041660704518038 -0.0911888629304217 0.0888868416623666 0.0671763302801993
0.110390983135107 -0.0281416525681839 0.0484785283603432 0.108929105764007
0.120156639542589 0.0774682409995017 -0.00222357052995825 0.119881906917715
0.0849831438265664 0.140215102628502 0.0137255380083595 0.121423239294105
0.0578152806664449 0.142356292409438 -0.0159474400616724 0.0525627409647978
0.108218212425023 0.10035409200683 0.0388709080644296 -0.0637177900952764
0.118927540850708 -0.00255312129362363 -0.0712724280672095 -0.0989976570636712
0.0703743912539099 -0.0893621611206406 -0.137994029488206 -0.0123565455789996
0.00303842047363009 -0.0982796039334386 -0.0881164785843626 0.0925643118949234
-0.0474119049317629 -0.0815170476426782 -0.00932737513069059 0.0925644943199115
-0.0759583068841062 -0.0389689698534941 0.0244257934034957 0.0518994672078262
-0.0736555206206835 -0.0207349861005216 0.0366848193221306 0.0234693122474097
-0.0787679895323616 -0.0215211100274104 0.0425290797772014 -0.00563768067214231
-0.0704628896837565 -0.0704816000561178 0.0587671674659316 -0.0187558055105506
-0.0188997015720156 -0.101489340214503 0.0825501088567379 -0.0137985055038244
0.0419027453918652 -0.122035908825954 0.10192281863177 0.0340572412331199
0.13209313676136 -0.0462962402472017 0.0739151660656032 0.0848658580268372
0.143555841247638 0.08356455770418 0.00786782076091054 0.0974612037574851
0.0980319555883833 0.162649041885421 0.000594255125684011 0.0667452018760232
0.0376315022334289 0.161645227046937 -0.0280889057223069 -0.0134928781088084
0.103379512066121 0.141922909643931 0.0348271282872171 -0.0941674366904062
0.14322125716739 0.0280283986679284 -0.0497907206447593 -0.122477795530367
0.103077400507147 -0.0920042543769363 -0.119907785264276 -0.0483157726043986
0.017008810382381 -0.118264106540869 -0.093861694783778 0.0480018048910112
-0.0477813351732974 -0.100382169156916 -0.03609893951258 0.0583602825421845
-0.0858902720489152 -0.0521699583121773 -0.00974088708639385 0.032031431904605
-0.0831605364372317 -0.0259736839333957 0.00323000123001021 0.0119371391102108
-0.0863941406140754 -0.0236095648218587 0.0102268898778326 -0.0180726611153336
-0.0770930742107189 -0.0716940194858657 0.029953235315007 -0.0394500022348995
-0.0258722662426121 -0.107168417281639 0.0645624836020741 -0.0457318791958413
0.0372984640763438 -0.132755254837972 0.102543101679492 0.00102184440227172
0.134105036413789 -0.0539460710093664 0.0865450723858288 0.0584886307757536
0.14246206601307 0.0815253531596669 0.00876634437411959 0.0758510623252921
0.0940493850043747 0.161429323428701 -0.0169576980752414 0.0125960344765519
0.01270648813252 0.148826484267286 -0.0308905212942709 -0.0867271420262088
0.0731592369456694 0.151223000470032 0.0313121339806358 -0.125710658871335
0.130437885660554 0.0534076785037924 -0.0228717106941707 -0.136686261197476
0.110913626218185 -0.0715201880198226 -0.0901969391119039 -0.0788364417777931
0.0274728257428173 -0.11229312578141 -0.0884006169719418 -0.000419680266457797
-0.0389406797774076 -0.0987535299013235 -0.0594197846365441 0.0181986355577409
-0.0811326905667021 -0.0547801841086333 -0.0435259451212225 0.00939808793751016
-0.0801879288082084 -0.0273580337049773 -0.03020095461333 -0.000498803912227585
-0.0818653827417867 -0.02308401013882 -0.0219166593521945 -0.0296032429085524
-0.0717288228129536 -0.0655779834272811 0.00119292189740125 -0.0567243478120436
-0.0248142003760479 -0.0996484495776393 0.0458982783267591 -0.0702276854505605
0.0373321251859719 -0.12141685557158 0.0965028615156975 -0.0229456479726797
0.122557515756287 -0.0423667799892598 0.0876774976019932 0.0373049731206903
0.11892329705811 0.0791068873988628 0.00425605443622332 0.057165327705476
0.0700315747537065 0.143739300016689 -0.0314067916298568 -0.0352056986346439
-0.00971429991808129 0.10513928211897 -0.0280384505238337 -0.150297756272688
0.0323470220281184 0.120785158182757 0.0278762601358615 -0.149597735067676
0.0885748725131681 0.0568391274459177 -0.000868247134987491 -0.141788355775059
0.0883950238028291 -0.041639515311816 -0.0603146919019062 -0.0972511277771325
0.0271723049940814 -0.0830645445978193 -0.077896169261195 -0.0404754556593327
-0.0259439867569887 -0.0773923959645214 -0.0759750000976032 -0.0169145123072439
-0.0621746780795403 -0.0462368354360455 -0.0712774683827274 -0.010548862492569
-0.0637785434818814 -0.0240852226685669 -0.0587188390551938 -0.0124028876264546
-0.0661433384482493 -0.0208402968840159 -0.0500625060814836 -0.040312416181929
-0.0566727756825592 -0.0537573708253105 -0.0225942633260341 -0.0726126198833204
-0.0176717577445057 -0.0823756470147479 0.0315547312110586 -0.0894101633155981
0.039379383041666 -0.0950165161458771 0.0913003399129838 -0.0388888850996525
0.101397450917458 -0.0197136209452558 0.0850558701657563 0.0241620728746311
0.0804847410514094 0.0741530882446575 -0.000423908610525181 0.0426719461867512
0.0340025511584049 0.109858302310933 -0.0390220460437256 -0.0721655770945504
-0.0289949256804619 0.0412754480483073 -0.0249723734066739 -0.190046997419054
-0.00791446130449232 0.0633858301448237 0.0209936291899776 -0.160242603734474
0.0350181757034402 0.0407848738059812 0.0102030713292349 -0.140076037334053
0.0462650703297002 -0.011972501555612 -0.0434211706916919 -0.103820548624269
0.018278351000048 -0.0420134885940009 -0.0723443257127433 -0.0616633611762391
-0.00982116311845059 -0.0427615674855461 -0.0870131162340447 -0.0367450750640842
-0.0331383926401669 -0.0296971605743938 -0.0890324640600418 -0.022678047885152
-0.0379000374137914 -0.0173497471589497 -0.0777933908409876 -0.0213279219611561
-0.0407434714726404 -0.0162461060888288 -0.0693145706522155 -0.049168455009226
-0.0350124469343089 -0.0370264161264573 -0.0373331840167903 -0.0866629630135512
-0.00838393400368653 -0.057940593575002 0.0263770701421371 -0.10454747334829
0.0390163703570141 -0.0587521339209443 0.0915269634307713 -0.0488480159951826
0.0702862044456161 0.00688449953809697 0.0834355981443722 0.018422418735236
0.0346448970519876 0.0627752047945407 -0.00218509102126224 0.0323942732558831
-0.00768000407496207 0.0637073030006376 -0.0352966412124369 -0.0954229482341096
0.0344557362086066 0.00339187854142325 -0.012705604172316 0.122957437396499
0.0151363274950361 -0.0324880375218149 0.0513933060480353 -0.0132650792112331
-0.021308109447791 -0.0244035073313849 -0.0603627432665762 -0.0762089495203478
-0.0267022772000713 0.0104024984594021 -0.130067872424798 -0.00786833806523423
-0.00604267644926663 0.0204313698757076 -0.0941930688832201 0.099630391138611
0.000618972805364312 0.0157954325281115 -0.0106620719579528 0.125818116600767
0.00440423012279608 0.0170573073310877 0.0434685992761658 0.0956274692885368
0.00323877616054071 0.0105601789936003 0.068103136203322 0.0678132841191147
-0.00701833291688903 0.00837552610883188 0.077616821578353 0.061920407779343
-0.0125625299281153 -0.00116470702844692 0.0707678315669053 0.0747594858243069
-0.00636132149264098 -0.00693280529410465 0.0417112415821653 0.0942982718628857
-0.00143337374863985 -0.017221697696592 -0.00136526093938404 0.111845580017269
0.0234130638348909 -0.0131798691499524 -0.0647092215377049 0.117090198264674
0.0422664919802986 0.0146958924283828 -0.108298595599871 0.126764835962533
0.0270428707835231 0.0389569382388813 -0.0791890898300998 0.187042307293401
0.031232581999898 0.0638032926618843 -0.0294473359074232 0.117410103612062
0.042477805739966 0.0185888559816015 0.0519801165947116 -0.0124697747012644
0.0259665991829634 -0.0143863258525739 -0.0560735684579962 -0.0877143464131172
0.00951817515359841 -0.0192969896167868 -0.137021424712507 -0.0217997497677751
0.00515820107706289 -0.0172210647880173 -0.108879003853736 0.0950010615524215
-0.00783840352988595 -0.0214560777003275 -0.0217370470961337 0.124830634833871
-0.0199844654433904 -0.0112474500780645 0.0353611358293453 0.094853234496399
-0.0212721509108787 -0.0128884575886963 0.0613890650221745 0.0664031829735005
-0.02829348305043 -0.0196635852780943 0.0735432352060562 0.0534682781701626
-0.0155718248560125 -0.043677457029122 0.0741254967254516 0.0624365074277132
0.0179764176870049 -0.0437667064512587 0.0568872554303092 0.0842890898515889
0.0461067293536068 -0.0342077001291218 0.0208381873985281 0.111178209720113
0.0688691803772956 0.0178183583920334 -0.040194981196061 0.121610336599111
0.053409603451792 0.0820700767926531 -0.0859296020157337 0.120718134510406
0.016128161182142 0.11077952927556 -0.0655169328614358 0.1606951972771
0.0147823191016655 0.117398483548742 -0.03721340306799 0.0892754231561041
0.0573386862135978 0.0805774521938341 0.0565566741581449 -0.0230193146049747
0.0732258480046386 0.0126364147635251 -0.0441961431853371 -0.105480286473914
0.055398939495644 -0.0414604543250868 -0.136948360316898 -0.0450805586110663
0.0238625511223573 -0.0563123921627849 -0.121473037593225 0.0776179357671482
-0.0110445490529598 -0.0608661036237569 -0.036796716000516 0.110811236321292
-0.0401342471726833 -0.0409377609834055 0.0195016634776801 0.0821565250883014
-0.042844000548602 -0.0342233826473593 0.0453214630097446 0.0555178005385239
-0.0476389882541239 -0.0408263542299776 0.0607554910512203 0.0354654057539051
-0.0246502077873816 -0.0762729171761216 0.0720353578923527 0.0378678131637467
0.0282463221212028 -0.0778692211837045 0.0741339379242477 0.0578601483251642
0.0775379595291163 -0.0634994539303586 0.0524499719894464 0.0990570369045771
0.11287616193638 0.0252497641371795 -0.00469906767220285 0.122511279907485
0.0755857607411103 0.123838957373487 -0.0614274745278073 0.110697099762634
0.0158233722913449 0.164117936277343 -0.048205268718776 0.115849343094485
-0.0114304567947476 0.154385457697516 -0.0331142953599874 0.0396416537916733
0.0537470739150403 0.139674933190372 0.0639748877805217 -0.0441916519303106
0.108306069963877 0.0518628392570246 -0.0218518800120971 -0.124043049863849
0.102046670916675 -0.0483694160448679 -0.12203352410912 -0.0743842104161853
0.047452993331795 -0.0869290435568032 -0.123467876662719 0.0445124477060128
-0.00790565435601092 -0.0937129378404037 -0.051455680984286 0.0815885268061633
-0.0530209718058469 -0.0676391280120977 -0.0016435287042675 0.0584028522889566
-0.0579405126939341 -0.0511385514565019 0.0229867573899588 0.0367121860110855
-0.0618059012339844 -0.053450127490611 0.0410790684027901 0.0124336819632525
-0.0350967259548219 -0.0942199779649487 0.0621607794577297 0.007139036279628
0.0264469173856638 -0.101435385159715 0.0831618310281456 0.0216312312146838
0.0908009684843328 -0.0920450477233799 0.080390772134311 0.074560054190493
0.140365475558968 0.0174141032114508 0.0297451500758978 0.112338455079944
0.0935441912433574 0.140293075989699 -0.0416922760776366 0.0946319246800988
0.0181070052265077 0.189638299151073 -0.0348308148297117 0.0604287161309273
-0.0391038746789579 0.163642381646333 -0.014742688281076 -0.025231805295491
0.0304631841497166 0.175668415250037 0.0743925859586074 -0.0741752763458832
0.11616212550154 0.0908974403339283 0.00881867383696412 -0.136680220537515
0.132404122091607 -0.0366324397378732 -0.0898402196115109 -0.100443775399513
0.0676104587502432 -0.0981285016898843 -0.110130532454818 0.00131098750313104
-6.541451142246E-05 -0.111071356158253 -0.0611504566645045 0.0385733191296952
-0.0567234816691543 -0.0840922514064394 -0.024105827415265 0.0259666854028524
-0.0650603654026175 -0.0603009124551222 -0.00220435027770512 0.0126747245735313
-0.0678794864605261 -0.0578795785661656 0.0177166692292868 -0.0128432689977888
-0.040812552007275 -0.0978432670977062 0.0451574805390511 -0.0235478681476281
0.0220165745166235 -0.11005221965411 0.0815790538748854 -0.0151913863896091
0.0906512066611873 -0.10369865517581 0.0957393871132481 0.045120436094627
0.145550783606464 0.0112065078739067 0.0531460190415642 0.0935951459254952
0.0939412758956764 0.136699921224961 -0.0312353154839023 0.0755895350326109
0.0143627846090995 0.186779705932585 -0.0253219167817082 0.00346696345722454
-0.0560138507586864 0.141961854507156 0.0150294130065294 -0.0931644763122291
-0.000910052324991812 0.171118641552784 0.0860188595884969 -0.10318075326644
0.0934225201775068 0.108256421885266 0.0400892993967903 -0.138630342370457
0.129808323241481 -0.0149755694011469 -0.047695613169423 -0.114736780610692
0.0739964669609171 -0.0876154556972439 -0.083743192389485 -0.0408504820611245
0.00652896543009087 -0.105540283272325 -0.0638701107040876 -0.00791459844452335
-0.0509620896637492 -0.0840868095399762 -0.0450298908912698 -0.00930517125730965
-0.0613228337137263 -0.0598498924071484 -0.0270603389744937 -0.012196735646592
-0.0646140617776451 -0.0556493591157379 -0.00651598765224855 -0.0367263581557663
-0.0387118263529524 -0.0900714803543447 0.0265314008860939 -0.0516028845985852
0.0199834359600143 -0.102236152728551 0.0746204232819592 -0.0454105991818301
0.0857354770764866 -0.0940677083840242 0.100823447053492 0.0210682037429565
0.130018920926823 0.0161236827847717 0.0643464407554662 0.0753507949718775
0.0733804389407692 0.124326102761825 -0.026388467424303 0.0558690593263544
0.000650547036545624 0.15984753960513 -0.0152735181082557 -0.0463080692271585
-0.0579887510707391 0.0924942803582658 0.0448380016397726 -0.148630311298549
-0.0255084035381257 0.126195891975118 0.0929875675073087 -0.12585932942085
0.0536600593858764 0.092691470726251 0.0634372526343195 -0.131254017280737
0.0964774878641121 0.00179531393204496 -0.0120054871154739 -0.117198488210284
0.0606506791585842 -0.061836350692733 -0.0555105359365232 -0.071830003327276
0.00878633873318441 -0.0802489756847425 -0.0638132728778634 -0.0473976717359091
-0.0383073985740645 -0.0683585899540549 -0.0611276980104699 -0.03983533440615
-0.0485511682061586 -0.0501212145468672 -0.0477253021150578 -0.0345697188568312
-0.0509314456910656 -0.0465711398858666 -0.0277028598439521 -0.0572295815661595
-0.0297018666185064 -0.0730229215801394 0.0114468304607501 -0.0753806703486683
0.019457097136776 -0.0831531844989322 0.0692303874982255 -0.0683970143722954
0.076047707266397 -0.0697637681148466 0.102806778874445 0.00457364914597705
0.100322703849474 0.027801405409212 0.0670979881084983 0.0619976279674558
0.0402293775167318 0.102931321579992 -0.0233497192378658 0.0404304504270272
-0.0176512121115037 0.113647366534332 -0.00444419047315916 -0.082756732508862
-0.0469301037953291 0.0259563673550019 0.0639900715783417 -0.183361530921282
-0.037121682636276 0.0554809421740563 0.0914194277282993 -0.136142730384216
0.0122540802228485 0.0534944127779597 0.0735711680453281 -0.123027431893366
0.045901046320729 0.0101333697671336 0.0069215992844234 -0.114773244075377
0.0339281438884539 -0.0284076932942072 -0.0392226652950677 -0.0879817088854479
0.00876715607428612 -0.0417625706013338 -0.0641058727896679 -0.0711362789331229
-0.0192656992050646 -0.0402302178562955 -0.0721163204193712 -0.0576777648099342
-0.0271583538433995 -0.0320567203897493 -0.0615018029314528 -0.0510319667472296
-0.0300466489411274 -0.0322474995133329 -0.0408285654643585 -0.0731410117100623
-0.0166000685249001 -0.0488500065868113 0.00417884419797667 -0.0936640865528987
0.0169173242646235 -0.0563228343520291 0.0708371667164646 -0.0835689662017171
0.0613312133289979 -0.0377160680191016 0.106379281492328 -0.003207388651479
0.0617749023074463 0.0374693582903361 0.0672849588204505 0.0558419112857031
0.00417104046343668 0.071446143020069 -0.0198788642862552 0.0296109266706018
-0.0350012228572891 0.0539618838439699 0.011051631228493 -0.102559695229514
0.0336036728784134 0.00242417554990946 -0.00635908546389688 0.120861840073955
0.0133517849556013 -0.0325837100318042 0.050369260332227 -0.015560553903805
-0.021862636024263 -0.0229755866431875 -0.0636821408754574 -0.0714488721196595
-0.0256322459210719 0.0112686694514674 -0.128202300477588 -0.000947713738835658
-0.0048755024213076 0.0205444925430421 -0.0871866412545699 0.102605775484295
0.00190275396605609 0.0153864592522767 -0.00334933067893797 0.123575695318761
0.00585470300103498 0.0164884740145511 0.0478356919360141 0.0908082146007597
0.0036627812123339 0.010323245085154 0.0703553428836462 0.0621774302962208
-0.00642536938631658 0.00924286428753714 0.0802792924456284 0.055765292692073
-0.012668941952201 -0.000342216744529715 0.0743398736355843 0.069398571415204
-0.00687788724779011 -0.00663770944961134 0.0463208362765268 0.0915504047108259
-0.00279079084695059 -0.0168513480233504 0.00380366836653567 0.109287857776484
0.0227938173037781 -0.0138509911775134 -0.0588247417660011 0.117826827902704
0.0422911683636436 0.0120056823365947 -0.099819106920622 0.1296791710003
0.0280769787821365 0.0367336550909263 -0.0679847493783503 0.186849442049031
0.0334937467814704 0.0611254836128186 -0.0222338222053021 0.116099539050121
0.0430998304157483 0.0158061386303028 0.0514380582760776 -0.0147689033575319
0.0245020400181202 -0.0153131034783916 -0.059623158114669 -0.0829244911471033
0.00807379941215825 -0.0197906604265984 -0.135835612165146 -0.0146170115341785
0.00443885648621195 -0.0169259595948162 -0.101462730599961 0.0989550188539653
-0.00889227617601917 -0.0203877289521655 -0.0141144144900042 0.123854748276224
-0.019691083214822 -0.00960928440022708 0.0398651219180899 0.0902030682963276
-0.0211018565148678 -0.0111254505599582 0.063857795948352 0.0608271531120795
-0.028997649131729 -0.0173810511893894 0.0752685072603651 0.0475021555631032
-0.0186490927657043 -0.0417309803845714 0.0769728733192443 0.0570845816408746
0.0150471290608034 -0.0442060520880969 0.0604053093933717 0.0802400872953181
0.0435281910549816 -0.0356178919080923 0.0255206243118463 0.108076204020959
0.0686249949334726 0.0141696274021855 -0.0345388332293566 0.12134387557873
0.0566504766614865 0.0767817125922132 -0.0786323611409635 0.122536144035486
0.021192369728402 0.108061268235955 -0.0561261263007939 0.160769658227329
0.0198549489985558 0.114189241742717 -0.0313550145890745 0.0890198244626897
0.0606283901816296 0.0753956883876705 0.0554312169965619 -0.0254712005208545
0.0722559630374401 0.00850202338727185 -0.0485666505439978 -0.101259884065963
0.0507979272706881 -0.0437320727216266 -0.136401392957771 -0.0369073035742509
0.0199673933728229 -0.0558627157540296 -0.113614096482524 0.0822561106284551
-0.0147091608659422 -0.058386029985989 -0.0295779208560847 0.110570624433544
-0.0420223315240978 -0.0372045374312205 0.0232485392310126 0.0790695848240798
-0.0433220296829126 -0.0305265828388786 0.0479033173130536 0.0507738089415258
-0.0486145190184068 -0.0366792004080119 0.0617573865131054 0.0309285547781845
-0.0293917653660905 -0.0725173632185204 0.0738676418850496 0.0336094831584164
0.0230149142132688 -0.0786773319078328 0.0760191816047403 0.0536350350875269
0.071785578898985 -0.0666056852754129 0.0569958871724019 0.0948469298097979
0.111907425327421 0.0188255951501813 -0.000192257073582858 0.119989000567338
0.0804996449058013 0.11773361501631 -0.0546857530898112 0.111382475242137
0.0231406853099468 0.159860893578836 -0.0422520868018817 0.116061937581153
-0.00489881321718496 0.151396495938138 -0.0296406288998601 0.0403889889351512
0.0601764127030091 0.134366250999011 0.0621862229555703 -0.0462712337901962
0.107901526728356 0.0453692383566617 -0.0270580074895492 -0.120521963799545
0.0963655679493022 -0.0530455600963985 -0.123337781689527 -0.0668257731872199
0.0411435428674024 -0.0871247934244145 -0.117258697868003 0.0507137852717777
-0.0135122539384466 -0.0909752574976069 -0.0452968748210397 0.0823568627298716
-0.0561182256320513 -0.0625943849518655 0.00121194943726776 0.0572945706733633
-0.0598811731705306 -0.0459470199949082 0.0252290728130506 0.0345106252444343
-0.0631782175254452 -0.0482363566642278 0.0411685388882883 0.00967301188354001
-0.0403690802850513 -0.0899450097034867 0.0622543619352533 0.0034326228797901
0.020361757101982 -0.101910546923663 0.0827268852821968 0.0171298285359478
0.0823355522961857 -0.094604736553828 0.0830361638161175 0.0696063028284922
0.138587820668901 0.00969102423765999 0.0336218198888074 0.108411368714524
0.099414462107805 0.13254195126507 -0.0369700769405985 0.09468672255661
0.0267448815385356 0.184591168202325 -0.0316419464343366 0.0616211533193202
-0.0310967401481767 0.16179042501791 -0.0142362144590005 -0.0245666250193704
0.0398801749778877 0.170674742723545 0.070655009234647 -0.0754562560160944
0.117840062509086 0.0833441364793489 0.00296974489659524 -0.133912762697817
0.126958739501354 -0.0425594885673782 -0.0923799265920186 -0.0940245202007593
0.0607182449286585 -0.0997370199279871 -0.106283233938203 0.00714954098900249
-0.00737342464784705 -0.10785323383289 -0.0572396710030427 0.0411631261626183
-0.0611854718554651 -0.0779603729228882 -0.0228444308840604 0.0265605490809663
-0.0666596747326786 -0.0545187923643163 -0.000718585036702091 0.0129955012974811
-0.0697337619373202 -0.0518971596549469 0.0165918849625968 -0.0133823322708326
-0.045974278910079 -0.0928376935927353 0.0436996286367043 -0.0258958595662914
0.0155981220427157 -0.109176534237701 0.0797929129656935 -0.0191594225872432
0.0816705206834908 -0.106267045571206 0.0969967037533435 0.0399026439902279
0.143331270786959 0.00288592786777835 0.0562604836157508 0.0891210528835927
0.099676452444122 0.129224758038517 -0.027312973287113 0.0758639596246172
0.0234014952286467 0.181939658560233 -0.0252944628765625 0.00581070943071669
-0.0484387999579907 0.141095027792473 0.0110098283263733 -0.0919736264749536
0.00830851958272353 0.167755326687134 0.0799761135681861 -0.105061729390589
0.0963844650010411 0.101437199591407 0.033945938083961 -0.136956797110762
0.125838790798437 -0.0215726396938145 -0.0520311073325039 -0.110550533344916
0.0668871795231542 -0.0898699299123775 -0.0820866283618296 -0.0355174624135371
-0.000741323197305986 -0.103524182426343 -0.0634607025451268 -0.00470875869145823
-0.0554697692429521 -0.0788111207631212 -0.0453461451599314 -0.00616494039560648
-0.0636195652938431 -0.0546577011591502 -0.0263022687812696 -0.00982791016330309
-0.0656730456023324 -0.0499330649235888 -0.00843325417103882 -0.0350731298381003
-0.0433179523399982 -0.0854523227977202 0.0238794647798265 -0.0518186065615325
0.0136333468763351 -0.101936674598637 0.0714051148197549 -0.0483964127416658
0.0772104135499376 -0.0967484713321733 0.101338753347222 0.0152399782350138
0.128138273890704 0.00866957852507863 0.0665226130432649 0.0702768324809943
0.0786451117590858 0.118056285389376 -0.0236519009420382 0.0563661609260999
0.00870280045647866 0.155826418540712 -0.0193040501047201 -0.0431638286717638
-0.0527824432885209 0.0932228331867076 0.0371475097042387 -0.148036881688668
-0.0179518472196597 0.124653962610006 0.0863033925168439 -0.12610005527104
0.0568889979651489 0.088166173715761 0.0574228765518798 -0.13125760417901
0.0940707815081081 -0.00264544207086784 -0.0167539140316443 -0.114082444490142
0.0551110530446444 -0.063263767761063 -0.0567427665579622 -0.0674917474569849
0.00395662824947981 -0.0786942073041274 -0.0655908086582656 -0.0436037563935378
-0.041557519581152 -0.0639911258527753 -0.0631300389150716 -0.0343722726067007
-0.0499789048467457 -0.0456254148546049 -0.0486645921285137 -0.0303845436201105
-0.0523957085858533 -0.0424525450830838 -0.0297040261978004 -0.0538884214135272
-0.0333642105149742 -0.0691895659434234 0.00774153935279192 -0.0742104386400988
0.013859640961623 -0.0827108940828461 0.0646301351394703 -0.0705652214678864
0.0700749193167437 -0.0718048545388993 0.102322152928238 -0.000489254424878057
0.0997213662928361 0.0217061706115801 0.0686436595182674 0.0569404733208081
0.0446213219559272 0.0985586807372249 -0.0214756731197086 0.0408849183263219
-0.0124064125608729 0.111375359699955 -0.0100739324491924 -0.0794031964397759
-0.0450454391625472 0.0280772751668159 0.0536372661887048 -0.18244798834013
-0.0337019643349068 0.0565578706184071 0.0835513686845716 -0.135860958302769
0.0143206298270989 0.0518324089973514 0.0672381753058185 -0.12412098445918
0.0450782766836683 0.00813896260166803 0.0021646268489903 -0.11313756137103
0.0314095443985526 -0.0294707428652526 -0.0424562801673535 -0.0848172099234662
0.00563811029155172 -0.0411608930414361 -0.0667261395545307 -0.0663309956162812
-0.0208986793374963 -0.0379004866277461 -0.0740941941221196 -0.0515236563597708
-0.0282290698956681 -0.0297557175078021 -0.0624562476787013 -0.045252181743448
-0.0312011025734979 -0.0296341796140578 -0.0435145977218289 -0.0683926533356411
-0.0188682912176467 -0.0464507512146718 -0.000813996544277335 -0.0920778315026049
0.0133730324801191 -0.0561647699121366 0.0653874041441172 -0.0857401720908881
0.0567151470860058 -0.0400409039887611 0.104956737741642 -0.00864444153294367
0.0621764056457717 0.0332937712374627 0.0687931997561797 0.0512559983985273
0.0069921426810716 0.0701838049149005 -0.0182443825472288 0.0306259454234653
-0.0321366304680081 0.053737294970451 0.00433316121701076 -0.0994663792010532
0.0328163257341146 0.00261867584612373 -0.0019091904418297 0.117543448864318
0.0119079350112359 -0.0322769219971974 0.0491969852211646 -0.0168694683779483
-0.0218502053780843 -0.0210112671128175 -0.0634329619964457 -0.067330388244846
-0.0246376215529937 0.0119010199368581 -0.125017915568104 0.00373140486346705
-0.00346738762586332 0.0205210279029501 -0.0808930856996671 0.101607761256069
0.00291190483213368 0.0154710599680048 0.00238497433353061 0.119555525252902
0.0067867932610799 0.0151700990869811 0.0496735703234388 0.0861752675533249
0.00449211330584513 0.00962385767385554 0.0705110984757153 0.0564713270352176
-0.0057637080313547 0.00919126679655639 0.0802743944690639 0.0504743590570513
-0.0126882816173517 0.000327609251193539 0.0756256323290809 0.0646537186848887
-0.00683082415276216 -0.00670928572903773 0.0481804532037778 0.0880203552262007
-0.00264302324071824 -0.0161429271967695 0.00652866517724337 0.10634782410693
0.0221552885237103 -0.0139938322554152 -0.0551373566949886 0.116311429249621
0.0415505664461093 0.00981469304889086 -0.0933943778267766 0.12842494136546
0.0283805364468563 0.0346822390647866 -0.0593832066392857 0.182960732954552
0.0338130074485335 0.0588340894572304 -0.0173174925780579 0.113378196737863
0.0427572887518431 0.0140352836164322 0.0505749255843924 -0.0161644261145945
0.0229413846066216 -0.0152605063785163 -0.0601551090521365 -0.0781486815430229
0.00611218298367581 -0.0192923780165905 -0.132468822605156 -0.00935247028270846
0.00377520049197693 -0.016680670866617 -0.0943894438790042 0.0991111397510159
-0.00902543883367806 -0.0190657666096282 -0.00861091214685852 0.12028960622022
-0.0191725104521066 -0.00834152338138467 0.0416426481879441 0.0858727320370893
-0.0208794906881776 -0.0100183260520399 0.0640869447840717 0.0558053248909109
-0.0283980684001324 -0.0154545316798067 0.0754769112576239 0.0426041263913807
-0.0198838192232589 -0.0398333534615378 0.0780582467026747 0.0527664345360177
0.0130303046788 -0.0440923172165808 0.0619652897903593 0.0766924107060289
0.040417715266427 -0.0362113865908626 0.0278022269278039 0.103908591415183
0.0673551971385203 0.011558602457503 -0.031462103596886 0.118389497306878
0.0579484934483066 0.0726403504080193 -0.0726108837753994 0.120903936303099
0.0236381659529398 0.10385690499887 -0.0486515387891618 0.15768273500252
0.0218579540267925 0.110328388843566 -0.0272007545466316 0.0871997529621839
0.0617718634927693 0.070722320385228 0.0546743634555022 -0.0259255114386769
0.0690130565842987 0.00602899846951497 -0.0496157926467147 -0.0962613084196802
0.0470133161293661 -0.0444539583406814 -0.13376942981352 -0.0314844208394911
0.0169270091822619 -0.0550685619278766 -0.106234225269744 0.0834553717608416
-0.0166162892844033 -0.0554916372194661 -0.023814174752117 0.108291184024317
-0.0418814109948749 -0.0338964368285207 0.0253346557965232 0.0756925364403888
-0.0429478051207009 -0.028194519601077 0.0487156039202165 0.0471074094464364
-0.0486171472930353 -0.0330116485013765 0.0613317298394224 0.0272707998116381
-0.0318589130278774 -0.069347513992273 0.0740586459869821 0.0295235278034557
0.018875884020117 -0.0776793616523268 0.0760759288609807 0.0500723824280707
0.0665293495100112 -0.066652392338067 0.0580330612443114 0.0906163091639955
0.108874634269735 0.0143389345961556 0.0024769583962083 0.116446901133301
0.0819954966772689 0.111588180403304 -0.0504424282797697 0.109282805436434
0.0274293228816163 0.153549294573725 -0.037571548612196 0.114284065702498
-0.000571160013316657 0.146975516526153 -0.0263023166510898 0.0396444305885504
0.0637424666866088 0.127462321510412 0.0600570230172497 -0.0463163539864649
0.105402803977114 0.0405956061403462 -0.028524757632106 -0.115967228535896
0.0905903855296466 -0.0551061590501929 -0.121513857391121 -0.0610621379384476
0.0360783741638802 -0.0855863587549023 -0.110722206937787 0.0527855086710363
-0.0172847866621776 -0.0870482802422887 -0.0406953006128789 0.0809962854204679
-0.0568238091150242 -0.0572092191679265 0.00266696039303809 0.0555373933017099
-0.0588520262804277 -0.0418443112563011 0.0258554219344219 0.0320483002151424
-0.0629056619376697 -0.0432349652759126 0.0403729029523581 0.0073955388842955
-0.0428430789148146 -0.0851876771092391 0.0614595791595584 0.00143577918023958
0.0155667443846633 -0.0999011506336774 0.0815401763169012 0.013807304954726
0.0758564648499835 -0.0943685057351075 0.0835070339514764 0.0648643414120301
0.134917305160427 0.00446745300447086 0.03500989736341 0.103382953347856
0.101165144792583 0.125498053304335 -0.0336295248783554 0.0933562243348501
0.0315687275493724 0.177892224651598 -0.0292878877777232 0.0617337735583683
-0.0258584617612834 0.157327356290917 -0.0136906695445516 -0.023708790700293
0.0445050652939317 0.164257037427141 0.0674681426529101 -0.0743647314935856
0.116036333944157 0.0770732706751381 1.1215299841072E-05 -0.129565201063793
0.120007191558533 -0.0456299158390986 -0.0916141564755827 -0.088674640875994
0.0543552115030306 -0.0984734575112088 -0.100777860571505 0.0102077299951224
-0.0121638455989368 -0.103852648017671 -0.0539618555103247 0.0414219540845218
-0.0626154387775609 -0.0717190762744199 -0.0218482444023166 0.0270914969320135
-0.0664225527773043 -0.0495539816653979 0.000101203477525017 0.0124214787341998
-0.0690636672619677 -0.04708907979606 0.0157959709600552 -0.0135467679684994
-0.048186042774254 -0.087748804372282 0.0425301923789297 -0.0264717850848143
0.0105622378045107 -0.107049698673289 0.0770679848387631 -0.0209860299077886
0.0742270830548585 -0.105699212645327 0.0966849082990577 0.0355645766969673
0.139011514969877 -0.00190836112611845 0.0568223934790475 0.0838403595056815
0.10149663988802 0.122140277813436 -0.024630800823754 0.0744763487410019
0.0282643170406489 0.175466526357784 -0.0253692682017431 0.00755005610924853
-0.0437244789600251 0.137998487207125 0.00864447427031445 -0.0887959828319591
0.0137963660147031 0.162245478574219 0.0758808668921708 -0.102902524423093
0.0955747184805927 0.0949944201612382 0.0296694728015146 -0.13347945071231
0.120283132402903 -0.0251826448124402 -0.0535675599574435 -0.105670948808114
0.0608114870492071 -0.0893687038412603 -0.0787671682253031 -0.0317626116277135
-0.00514254190917295 -0.099674442325334 -0.0616136039056292 -0.00278863453861641
-0.0572949490917512 -0.0730231260465847 -0.0446933351070661 -0.00371366803230135
-0.0635415321991747 -0.0501896699004415 -0.0258361704556124 -0.00805822542028805
-0.0658165208784001 -0.0450714022595875 -0.00932908126893878 -0.0337742610359772
-0.0454352454714508 -0.0801201536451775 0.0219287604805514 -0.0509425525423859
0.0087035094410503 -0.0989961183738732 0.0677423257113204 -0.0496655474333826
0.0700294978915625 -0.0963962318415607 0.0997032853494355 0.0116003080322723
0.124466147794993 0.00372230634299407 0.0659110390211932 0.0652537355300287
0.0806651508170215 0.111369849252867 -0.0215715692995205 0.0562268752973657
0.0131104665831261 0.150516268653934 -0.0210938775441373 -0.0399001104711235
-0.0484762713389552 0.0913417418452454 0.0316522932744916 -0.144398858827073
-0.0130504908403789 0.121618502508814 0.0809865971187615 -0.123304343583276
0.0570807486089886 0.0835490257936228 0.0525604186557662 -0.129275238054465
0.0904736067137989 -0.00613340093485604 -0.0185304502539741 -0.110690667068722
0.0508115432851938 -0.0633124567156794 -0.0553554055700743 -0.0640955004266844
7.32994287063251E-05 -0.0757784467108406 -0.0650795474232866 -0.0400018829186614
-0.0426124603878821 -0.059200349822924 -0.0632141979210359 -0.030302478447293
-0.0501980974209306 -0.0419049995258668 -0.0476909400430777 -0.0266532998565318
-0.0525035513693567 -0.0388714682750702 -0.0303089899214623 -0.0504039682639518
-0.0345840238456785 -0.0656764026979137 0.00521580684216517 -0.071446172847345
0.010012505824672 -0.0807471058307561 0.0609049825425153 -0.0709284216603854
0.0640785179679527 -0.0722070822907256 0.0999981701629524 -0.00405949991130536
0.0972390860670177 0.0169843924112899 0.0682599294085759 0.0524706809440935
0.0470386897139156 0.0944338050054387 -0.0200351138279257 0.0406311127643408
-0.00863799198999526 0.107844604775605 -0.0132606018422131 -0.0752438221540225
-0.0426235801070647 0.0283234176635506 0.046461890755113 -0.178418238632503
-0.0307843097527998 0.0560465451031915 0.0780758118867344 -0.132813168045328
0.0151282234610303 0.0496424426838803 0.0623278769407756 -0.122287272864896
0.0437491869205957 0.00605976852546868 -0.000540491361166379 -0.109673369727556
0.0285575747579459 -0.0297954962359553 -0.0427875478205317 -0.0812515714069034
0.0036031903995722 -0.0397958829963404 -0.0682613994563431 -0.0620060957583446
-0.021423532477343 -0.0354741834942188 -0.0744332331926818 -0.0461436402261885
-0.0284023403239929 -0.0278187862395195 -0.0618446763325563 -0.0399168413801953
-0.0309344163067501 -0.0274567884698518 -0.0440904656979933 -0.0638339535370813
-0.0200322452804783 -0.0442266209274519 -0.0038716899781918 -0.0881035395558973
0.0104871520395819 -0.0546491887205898 0.0603596483651934 -0.0854472403396351
0.05279899682996 -0.0407350568415918 0.102349113315739 -0.0118708922644878
0.0614168580430516 0.0301341652188354 0.0679065193369296 0.0469049319242729
0.00922177001471571 0.0672542091652012 -0.0178026322831618 0.030944905034783
-0.029743213928914 0.0531516102467249 -0.000149985879232805 -0.0951312369574557
0.0325402282332305 0.00276732306059788 0.000825070372521202 0.114032421090919
0.0117019239805611 -0.0315823432870503 0.0484824574698844 -0.0175256056800078
-0.0212539564164946 -0.0204030360507451 -0.0629456187143635 -0.0636484368666767
-0.0239204973345847 0.0120328262275264 -0.121649741514123 0.00591416168414432
-0.00249071983382838 0.0196607718965371 -0.0774953942138274 0.100468960600389
0.00394937418923875 0.0144061237704324 0.00552839740791561 0.116312530988412
0.00736913038145031 0.0142784566831395 0.0501917548040778 0.0825569321922389
0.00444913530053731 0.00894862954251173 0.0696982930693506 0.0526584509436362
-0.004981290222115 0.0096815387272044 0.0794140602252087 0.0468404507158902
-0.0123385749933308 0.000664553166194879 0.0758607471632627 0.0615037870581282
-0.00641486680007881 -0.00650268788348291 0.0490609377134318 0.0848574975898244
-0.00265901125049635 -0.0155738702148644 0.00734987676996984 0.103040734686569
0.0212066198109223 -0.0139777777853003 -0.0525926681285813 0.113849110121513
0.0405513298664661 0.00874860271396818 -0.0884239509613663 0.125980787820175
0.0280558107845557 0.0338067036421512 -0.0540830116771636 0.178599830966243
0.0337185148210198 0.0572445510064096 -0.0142730470246301 0.110087433177393
0.0419846254009626 0.0123595662460605 0.0502665360824343 -0.0168132554049382
0.0216418756727483 -0.0154594764839136 -0.0591758364483077 -0.0748058549293761
0.00510259011191198 -0.0192838257869845 -0.129089133173578 -0.00661506796096546
0.00308320533210393 -0.0161872900007755 -0.0896864991724645 0.0978369171244922
-0.00906386760871491 -0.0181374984613451 -0.00493957856091158 0.11699352892562
-0.0187678886577744 -0.00770760750824395 0.0421128364775565 0.0826834796415697
-0.0200067568192003 -0.00919862762580829 0.0637051952786599 0.0518896514705671
-0.0281364115935904 -0.0134487969997776 0.0744923898736375 0.0394032213402729
-0.0208538327756976 -0.038126894263094 0.0780829058568058 0.049364917266757
0.0118089372631396 -0.0436328083230799 0.0623647217123462 0.0737931061785364
0.0385432717850292 -0.0357973322618489 0.0289181416755647 0.10109521790103
0.0662015696985783 0.00997026652559865 -0.0301413096899855 0.11619386527274
0.0579822947579157 0.0698901840112314 -0.068627816869974 0.118976893374875
0.0251789894627189 0.100555153553465 -0.0450909771292232 0.154042039604072
0.0229820141675812 0.107324662084552 -0.0238027200742304 0.0848044187644288
0.0620929979025721 0.0676029399858729 0.0543539900278109 -0.026126284392693
0.0672923876029821 0.00437024812044421 -0.0488584195809069 -0.0926905613519242
0.0435917591872779 -0.044168386216454 -0.130976981288069 -0.0283515211808766
0.0150995576471048 -0.05385595528084 -0.101009548657519 0.083086710720582
-0.017603720822174 -0.0531869293123287 -0.0203366984417653 0.105237675074868
-0.0410605134741019 -0.0316295878713594 0.0261901593864137 0.0731315729190156
-0.0419093408543127 -0.0260279034523526 0.0479798442361633 0.0444529188678798
-0.0480090969336529 -0.0303086238122999 0.0605732902989859 0.0250935514102586
-0.0328421585819862 -0.0663524902036556 0.0737017824691019 0.0270855457684012
0.0167324107986856 -0.0764121493159659 0.0758062842784497 0.0472126223729693
0.0629448945566071 -0.0662961644454817 0.0587146066664892 0.0867960860781105
0.106607669200527 0.0115569645134844 0.00309838570569393 0.113222451778169
0.0830421854829361 0.107118781415272 -0.0472553644565073 0.107033628983074
0.0295140964858118 0.148433826743908 -0.0343548171911551 0.112778164730258
0.00105398694985758 0.142869069513006 -0.0241369654240128 0.0385294578439972
0.0650314542154752 0.12313355427348 0.0594580796161073 -0.0456181797423413
0.102299435965973 0.0373807240389634 -0.028912323855551 -0.112003113701199
0.085673073933659 -0.0550857236578533 -0.119172339063214 -0.0573897552005118
0.0329257761998749 -0.0840475262422829 -0.105865381165537 0.0528673137498557
-0.0192538087631133 -0.0834319648682215 -0.0369291659660544 0.0795698410685391
-0.0570110599250155 -0.0535900190167568 0.00345631201069099 0.0538466255016322
-0.0579202203488371 -0.0389490475057578 0.0257347840233933 0.0304418138115136
-0.0621258342737154 -0.04003374863217 0.0396705079184927 0.00619078269348632
-0.044416878665442 -0.0809647054979578 0.0610799497328685 -0.000616577105087647
0.0125430393542522 -0.0981959574049849 0.0802905246702174 0.0119451388891456
0.0712177898538409 -0.0934915312417211 0.0830297363631485 0.0616178325894653
0.131246273711538 0.0016680330143726 0.0347996785845387 0.100103900526047
0.101347556748226 0.120409633633155 -0.0309723302715797 0.0912772571931768
0.0336582304258955 0.172354599100552 -0.0279861343704512 0.0615083631247818
-0.0231265203099786 0.153879301780082 -0.0130077872433746 -0.0227711539819238
0.0475651556554166 0.1587642457315 0.0662019038528097 -0.072886829362953
0.113352028908069 0.0730959138872486 -0.00120971325124228 -0.12621228198574
0.115072958081021 -0.0470046608871652 -0.0904135659202715 -0.0850725228592392
0.0502318130390577 -0.097096890898666 -0.0962463198792054 0.0114817222646569
-0.0147039179368412 -0.0998860175778498 -0.0507500521100595 0.0409349292257335
-0.0627021233412741 -0.0673284673446096 -0.0212622951304871 0.0273346588443282
-0.0654446939115324 -0.0458996768299744 0.000609802008543732 0.0119710198702428
-0.068032243567105 -0.0434345919506809 0.0150291397936221 -0.0135164336264482
-0.0495799090437389 -0.0837226992631991 0.041425771887023 -0.0271155467523628
0.00740145174784698 -0.104454772180073 0.0753281788184773 -0.0223439070605025
0.068815488634802 -0.104300668380087 0.0956432693450514 0.0326946178370506
0.135309383193929 -0.00567372540322731 0.0556628444822554 0.0805455784221743
0.101622736750697 0.117003865470887 -0.0227526970214198 0.0729290738199305
0.0301478067773854 0.169710611996693 -0.0248112430263356 0.00926987449610522
-0.0412165763315535 0.134988326830991 0.00716306801378742 -0.087218005947928
0.017105473229888 0.157430476971017 0.0739727256329635 -0.100204701463777
0.0946820809435105 0.0909650420101011 0.0278402497244825 -0.130256592368676
0.115452983306156 -0.0268852062223661 -0.0530992559758365 -0.102483193116709
0.0565775482424678 -0.0881183554412967 -0.0757661843107282 -0.030043550041706
-0.00789347942114355 -0.0963084055776695 -0.05991982636199 -0.0019200022529325
-0.0574753907901867 -0.0683742183822752 -0.0445373861794914 -0.00198403063336325
-0.0627951383885533 -0.0468122063862468 -0.0246371760480344 -0.00668650785345642
-0.0642949805894375 -0.0414300853908168 -0.00910605890474548 -0.0324959115796271
-0.0460738947687319 -0.0768932513242033 0.0213477321275629 -0.0499205113817853
0.00624801837658938 -0.0970640985915423 0.06503753749809 -0.0498546390486927
0.0648461031757717 -0.0948209207720557 0.0983272857598856 0.00909763635634676
0.120686789073952 0.00110807497429183 0.0650444291994932 0.0623287739003412
0.080980439982379 0.10719669184559 -0.0201840335926097 0.0549439371286491
0.0152964584625311 0.145481815961599 -0.0218612745959772 -0.0372931052988227
-0.0460816023871673 0.0898408390089874 0.028670988867879 -0.141375781188211
-0.010177328794581 0.118481847514068 0.0779081664639302 -0.120451801412711
0.0565968380739207 0.0803688189464125 0.0500622135432296 -0.12637702282684
0.0873775101110178 -0.00741919135257608 -0.0195476528504698 -0.107682447268113
0.0473609100280677 -0.0628793841413853 -0.0536585407473147 -0.0617549833486341
-0.0020761679391762 -0.0732691604135914 -0.0648474709415918 -0.0382609616663314
-0.0429733152322187 -0.055444943990169 -0.0628347227171376 -0.0267174271202899
-0.0496325179884409 -0.0392548322729168 -0.0463201891880878 -0.0242271985159206
-0.051160596799665 -0.0356872212428259 -0.0302487558877187 -0.0481771249146828
-0.0352700381408036 -0.0624926058993182 0.00434808148815277 -0.0696083040439906
0.00771710964059747 -0.0790358205897379 0.0585199337201371 -0.070611856710271
0.0597806737049731 -0.0714361703577198 0.0984500700120268 -0.00658992560877189
0.0944789773248912 0.0147379916050335 0.0669688206123866 0.0495515597461158
0.0472687045616587 0.090517638557937 -0.0189684125725138 0.0407495437483561
-0.00650898261792907 0.104509217330645 -0.0153110606798909 -0.0715573877982583
-0.0410247657385708 0.0282800542293117 0.0418011580796596 -0.173954785045299
-0.0288845616738067 0.0549823206601957 0.0747316201837234 -0.129091402725156
0.0150566257946682 0.0483373046376825 0.0596974505508039 -0.120487815402076
0.0428260150613842 0.00513812283767347 -0.00221724782352483 -0.106583377469552
0.0268424942110722 -0.0292092533448601 -0.0419554050604302 -0.0788043577960628
0.00248978253663227 -0.038063914071991 -0.0680048426079673 -0.0590125233112356
-0.0218175698864517 -0.0336459182690169 -0.0739552352362238 -0.0417161644174251
-0.0278206705850896 -0.0258732627540227 -0.0599685618190694 -0.0366292824258487
-0.0306840890474323 -0.0258575251094003 -0.0433880099126687 -0.0607269628790559
-0.0199520834548054 -0.0422074347869443 -0.00553547392509386 -0.085595414792583
0.0089223103014028 -0.0530805035615751 0.0571943055154675 -0.0843716452329717
0.0501639093092261 -0.0406043056129721 0.100460763777335 -0.0133753011868187
0.0599685024018375 0.0277937262341095 0.0668752223298711 0.0440592089704345
0.00980751974119146 0.0652979633076519 -0.0168893221561643 0.0311478377284193
-0.0288135269979962 0.0516667617324098 -0.00270974498192481 -0.0909336464585618
0.0324271872404318 0.00284878544931528 0.00251816072879451 0.111319125494782
0.0111551978424305 -0.0319216511999204 0.0484624137948413 -0.0184491580637479
-0.0208898229736638 -0.0195984316650717 -0.0619971151775969 -0.0615309562763239
-0.0237003767473214 0.0123089798268682 -0.119547330815977 0.00766056205769983
-0.0018593206659714 0.0190995754520566 -0.0745729273974586 0.0995501415215553
0.00443997167999484 0.0138618651247285 0.0080390030301812 0.113412647997693
0.00762905568887096 0.0135156742555576 0.0514295740817812 0.0794616286025882
0.0051541533977679 0.00803003806213909 0.069071397561685 0.0494257023190131
-0.00448843588614649 0.00928428251886541 0.079770222514635 0.0434789049843053
-0.0126473149363667 0.000897578286420541 0.0767728841497886 0.0583595810687529
-0.00664975420615308 -0.00692738459260716 0.0498348001497453 0.083243787198416
-0.00295155042291058 -0.0157864571951558 0.00742531756899595 0.101075290788788
0.0211696228418421 -0.0145249650191533 -0.051461730517042 0.112495504435006
0.0398889467116906 0.00764021102201175 -0.0849675868530357 0.124553751590711
0.0280746673360081 0.0327758961409241 -0.0501609222815421 0.174971153590924
0.0344401398117002 0.0563281732739383 -0.0120344661249212 0.107704600597912
0.0420411795898669 0.0104769298312378 0.050296100749962 -0.0175506385963679
0.0212094713382909 -0.0151832452789816 -0.0585082499450966 -0.0725624505377918
0.00371408216680258 -0.0185763799532187 -0.127070078814405 -0.00417425527500137
0.0029316262596441 -0.0161105433847504 -0.0864379579101446 0.0972039536274177
-0.00931132434197018 -0.0177453165793046 -0.00233920990598797 0.114324753137978
-0.0179123086205518 -0.00716939872337257 0.043550473809182 0.0800287979853725
-0.0196970909241435 -0.00897054636618923 0.0630024935165916 0.0494420467605278
-0.0272953881672609 -0.0125801803926848 0.0743558290097601 0.0370406745921298
-0.0219157047400586 -0.0364025427258576 0.0785406682804296 0.0470521171989499
0.0106299048551931 -0.0433759409636354 0.0623518075269062 0.0724134396447496
0.0371607604769875 -0.0361748455018364 0.0289557212088565 0.0987729974581213
0.0652694135783974 0.00810183002831442 -0.029215179034346 0.114435018357753
0.058339826212753 0.0678221281602286 -0.0661299710354035 0.11709639391431
0.0254958658350212 0.0984417302074659 -0.0417180981770596 0.151546831322578
0.0235962544414105 0.105031788248823 -0.0216280590448074 0.082919993926272
0.0624338886939491 0.0650716675695972 0.0547192148122516 -0.0266269605622814
0.0654172270836598 0.00334781400074121 -0.0483996102472478 -0.0902052227242509
0.0415300168194214 -0.0437414499094672 -0.128887518241961 -0.0260026258410642
0.0136202573592277 -0.0527274501181904 -0.0974226880083604 0.0823202849552097
-0.017875380185201 -0.0517777653749222 -0.0180649024772313 0.103377892123311
-0.0409894225231947 -0.0297987750064139 0.0268384919039616 0.0715064176705756
-0.0408310137229955 -0.0245222090386261 0.0476553981649565 0.0421893465693596
-0.0471043266061802 -0.0286490699848517 0.0597613194934368 0.0230914596671783
-0.0344407711147163 -0.0637876553208986 0.0741333419119179 0.024527019965959
0.0147359842026035 -0.0758691348752137 0.0757915395576439 0.0453893955290665
0.061133268733088 -0.0665909866233002 0.0583672665390535 0.0847050020068323
0.105003699660989 0.00932881001278776 0.00313798086846191 0.111278590755874
0.0834131419670846 0.10367437994433 -0.0453071763488739 0.106041594490784
0.0302540871929001 0.145130750395695 -0.0321340795346473 0.111166282816893
0.00191555042785171 0.140361002075011 -0.0223339005818663 0.0378864334094913
0.0659512618555301 0.119276270953996 0.0593949730831257 -0.0458312378098633
0.10074936719616 0.0355313032676517 -0.0284130444906798 -0.109718389390376
0.0825619818085451 -0.0551897607100764 -0.117501664069411 -0.0546739311450997
0.0300727412511711 -0.083008370400626 -0.101836384309442 0.0533576736728829
-0.0204814682905189 -0.0813188735280619 -0.0346921208205096 0.0781042649507235
-0.0570153304974208 -0.0507093794428708 0.00444224545817775 0.0529078018407745
-0.0570799133944461 -0.0370658360037712 0.0262270804455876 0.0290013210239281
-0.0611024656785089 -0.037513180235818 0.0391548942816634 0.0055921784456445
-0.0458477666394857 -0.0782344797239538 0.0610668481504049 -0.00170233388321079
0.0102296275063111 -0.0967856999967582 0.0793962719230178 0.010529414345754
0.0674049836218593 -0.0930878915833772 0.0833334237471035 0.059279585632798
0.128338715094479 -0.000904700406759431 0.0343691284990552 0.0977658462242519
0.102345796528114 0.116307332807951 -0.0300230518022222 0.0899045262788685
0.035039874084908 0.167830671098695 -0.0272318710670133 0.0614057000014433
-0.021979464704852 0.15144743646941 -0.0120726148037473 -0.0223498977589631
0.0496536233241916 0.154773254423757 0.0657205353158576 -0.0715832762948455
0.111634717032899 0.0699285521280017 -0.0014957458984223 -0.123896387629876
0.111264134990173 -0.0479173186351301 -0.0900256023398646 -0.0827202829170318
0.0465697957583404 -0.095555443308947 -0.0929042761755491 0.011737684728037
-0.017016351910177 -0.0972075052840719 -0.0494107609083414 0.0406144200306527
-0.0624765807322983 -0.0643194174968118 -0.0207509936272756 0.0277777886125653
-0.0642207214516484 -0.0434444171359643 0.00116580536557374 0.0120720065218478
-0.0670017151936927 -0.04034065943526 0.0147394959619696 -0.0131190496154692
-0.0501177432383204 -0.0809403075745583 0.0414119690152362 -0.0276409627396803
0.0042695504330629 -0.102927280929945 0.074123432970112 -0.0228649958194718
0.0647215483988997 -0.103332408971501 0.0949130730778766 0.0303705686675518
0.132461625269733 -0.00787083985577131 0.0548833704602983 0.0782012217418355
0.101511852856911 0.113557503738311 -0.0216891418563346 0.0718662385260918
0.0321966054298495 0.165568717296826 -0.0249544067176146 0.010756214166887
-0.038669597201366 0.132916233207707 0.00663705800559019 -0.085590001319771
0.0197632735229494 0.154507106866823 0.0723512011542535 -0.0990836546583914
0.0934928214308379 0.0885531684398655 0.0267420783809155 -0.128437494627398
0.111868403098133 -0.0276156871376589 -0.0527323000036712 -0.100084703736674
0.0532427886205192 -0.0872379712813452 -0.0732824468772178 -0.029447891270601
-0.0101311886283086 -0.0933707163582395 -0.0591275098896762 -0.00157225756404105
-0.05720473707505 -0.0640130841870574 -0.0438577970353484 -0.000252840306666063
-0.0622710846199591 -0.0439380030345866 -0.0237817434682284 -0.00644405120954446
-0.0632132507841042 -0.0387247849010458 -0.00943648939429542 -0.0319144334859857
-0.0470144588040164 -0.0738734331544782 0.0208597935131326 -0.0496593762077401
0.0038780404237573 -0.0955164497174224 0.0639165228094107 -0.0498116612400539
0.0613499980414174 -0.0941722540829993 0.0974999903630556 0.00695603324115198
0.118352967834157 -0.00114693894312963 0.0633165846015279 0.0601463822376478
0.0812890582081718 0.103742622856038 -0.0192287347885963 0.054690939042084
0.0172071434240912 0.141989591554426 -0.0227748450800486 -0.0343990242182536
-0.0446503493273508 0.0886190809253528 0.0266800214507203 -0.138140128576074
-0.00821323331984708 0.116115052423261 0.0759504714731234 -0.118118353086903
0.055927041623862 0.0781113515027704 0.0481856845070157 -0.124830807064911
0.0852270254242594 -0.00844027158694273 -0.0198914748072444 -0.105281901943661
0.0447701010323924 -0.0621697207313592 -0.0527618673311823 -0.0607920329269192
-0.00372707172591047 -0.0713330866882061 -0.0643719587907519 -0.036568287835053
-0.0435242684991351 -0.052981889918677 -0.0627863302042413 -0.0238305563671703
-0.049231214880355 -0.0372649275705518 -0.0453480786201593 -0.0219274265360101
-0.0511840858535124 -0.0335805214463576 -0.0306010466692375 -0.0466018887639662
-0.0355258329645601 -0.0604464047085104 0.00319870563005251 -0.0685328110695037
0.00608396916756551 -0.0772200318251269 0.0564697540659337 -0.069568732179164
0.0568505533266942 -0.0704793562925335 0.097384861377049 -0.00822776590120431
0.092906429534521 0.0122418390041127 0.0658433314219126 0.0470854337385173
0.0474217228282942 0.0875871290511995 -0.0186379327512646 0.0406216425318847
-0.00508103398675824 0.102194785112915 -0.016858637687514 -0.0684090349801803
-0.0402710966303863 0.0275483531516977 0.0399588394527449 -0.170364088440649
-0.0279591606256003 0.0544888767408945 0.0730424263452441 -0.127337474714338
0.0153370197907792 0.0469717006476626 0.0573092534149422 -0.119130588094892
0.0422776251515493 0.00394630867254884 -0.00223459942682398 -0.103903832357674
0.0257071487975476 -0.029371939280554 -0.0417367308472839 -0.0780570052097256
0.00172795692651607 -0.0375401354442937 -0.0688452235129249 -0.0568293688981859
-0.0221346429498432 -0.0322229686312374 -0.0740101647550822 -0.0390846938344556
-0.0284614498838486 -0.0251787189129381 -0.0586914863353542 -0.0342754866702765
-0.0306737440227945 -0.0241269957649907 -0.0429670752197358 -0.0583571446538134
-0.0202132765705932 -0.0412820503184793 -0.00656633105788445 -0.0831368429527232
0.00777881720107889 -0.0524109154738896 0.0550351149894487 -0.084387842346876
0.0475816624629034 -0.0409087450171058 0.0986093023990187 -0.0158436910970565
0.0593106058575773 0.0262095027922367 0.0655914727257929 0.0424879936907439
0.0105162622215903 0.0638148139570482 -0.0162281468342856 0.0315040618449208
-0.0279429207458828 0.0505201786251439 -0.00464141703860606 -0.0876967536702061
0.0291011049556072 0.0089174106796357 -0.0173375466187599 0.109156484962613
0.0156719483581428 -0.0277692640161634 0.0526259560002284 -0.00821105798799738
-0.0147848333347821 -0.0235012662815263 -0.0458307381141665 -0.071909750736832
-0.0231261235060434 0.00599449041096424 -0.117157669974553 -0.0156604803192447
-0.00462006754268307 0.0158661041656481 -0.0902747138516589 0.0814325210370932
0.0017414000844834 0.0126258582412552 -0.0141437741917627 0.110734332153679
0.00574959740972677 0.0135897676713167 0.0340205120390485 0.0874287966158827
0.00341460391435669 0.00836512303254664 0.0560511837071169 0.0602709840163511
-0.00573488048686023 0.00816173320517124 0.0683645803587902 0.0570317196848941
-0.0114749510776228 -0.00123315657353507 0.0620379555999534 0.0707633527562159
-0.00477696514251035 -0.00836100277109226 0.0308107372100402 0.0901836740222985
0.00145197896955307 -0.0147901509048976 -0.014587618567748 0.0983176541533831
0.024014980648671 -0.00827154658484805 -0.0733151825995016 0.0985064258472711
0.0375865279795613 0.0165980706023584 -0.109008976242608 0.104412662593216
0.0196352660826526 0.0371583722177038 -0.0878332542351204 0.162000405103112
0.0205448630046593 0.058892418075756 -0.0321143754330114 0.103482815380187
0.0378115498344736 0.0179991811895796 0.0529324387853827 -0.0063004039549479
0.0238934910976679 -0.0110691155411811 -0.0405136749615165 -0.0797481671767661
0.00791451720313391 -0.0173259057900091 -0.120509404256133 -0.0286204106975593
0.00639061915408621 -0.01690720162189 -0.101169233729163 0.0773270352228168
-0.0052330622013907 -0.0197135896210976 -0.0236850538642965 0.109814109840081
-0.0150112831478841 -0.0103913404043029 0.0259679980196509 0.0862205446309669
-0.0170022016073944 -0.0127209263382303 0.0504194907363332 0.0596834616189314
-0.023217511710797 -0.0173097292843074 0.064238650857006 0.0492566038456369
-0.0138334015349799 -0.0393817634057904 0.0664970984975834 0.0593593890797565
0.0192470755160095 -0.0403385305976271 0.0465264321407574 0.0809325400133222
0.0438102139938763 -0.0264808065951101 0.00799505732997468 0.0992306937855185
0.0612868799469126 0.0233309907446422 -0.0503609651604833 0.105339284105832
0.0425519196615966 0.0777733366187237 -0.0889478125430323 0.10269966795539
0.00321668634569455 0.0992631749939026 -0.0742545759318591 0.14089117819405
0.000282558849849398 0.102913526751008 -0.0368975142904862 0.0776869076059031
0.0473630212938049 0.0730320182467733 0.0562036118477745 -0.0136963870823437
0.0622888291844386 0.01570710179456 -0.0279352120621419 -0.0935848562568562
0.0475071816029374 -0.0337408592920978 -0.117905641238138 -0.049061392127346
0.0234116841162509 -0.0491146356880738 -0.108901950740793 0.0617351090358476
-0.00751345324332927 -0.0530499853446319 -0.0355473090203251 0.095964936685841
-0.0330620484265695 -0.0360700040562816 0.0113383858584997 0.074663404080639
-0.0346348131036762 -0.0319759886132978 0.0378464249257555 0.0497908764246507
-0.0392115486377589 -0.0364407443381281 0.05370602987533 0.033235332159085
-0.0206996828953762 -0.0676566955222354 0.0662121497440389 0.0370571755597289
0.0295652309130583 -0.0704740651741372 0.0644417795749622 0.0565210449911025
0.072154284750746 -0.0503966144413527 0.0407659605059595 0.0918335285629441
0.0995681680557467 0.0335357573601005 -0.0175245211781445 0.108917417127837
0.058456771552345 0.118056196461029 -0.0667367951634817 0.0964607544719659
-0.00166825495748503 0.145570953315689 -0.055729481524137 0.103938218087604
-0.0259843805546463 0.132383568553335 -0.0295105233602719 0.0341477702306122
0.0414183576553522 0.124805038282856 0.062963046828283 -0.031651891534116
0.0895503722179906 0.0533976524497874 -0.00619919871538621 -0.107821233941175
0.0877908857262218 -0.0364999395929476 -0.101334986238454 -0.0742425081963225
0.0449296270659269 -0.0739822407834196 -0.106809112758783 0.0329472267297717
-0.00433119592974573 -0.0814791891952227 -0.0470627036345227 0.0686243766144241
-0.0445407664644566 -0.0578357767956871 -0.0065003373616024 0.0523223560228638
-0.0475923310959937 -0.0470612986295676 0.0195948738903971 0.0335903452233965
-0.0506407470701412 -0.0474667717917026 0.0366384831653165 0.0126561099524937
-0.0285855829715225 -0.0836451991612799 0.0598728785242206 0.00825644631579396
0.029466551077317 -0.0915075806656525 0.0754316539560345 0.0230903087820529
0.0834018632557231 -0.0744731532994929 0.0699758318997759 0.0713420026899932
0.125335119583613 0.0282539779046186 0.0164604344232033 0.101926239648502
0.0744672358977285 0.134268310212201 -0.0486041686935663 0.0846597752328213
-0.00195639894395176 0.168713306419961 -0.039985159274659 0.0560413427450565
-0.0502243651917377 0.138466089273431 -0.0085960464121382 -0.022265793099686
0.0194220378132604 0.155851167360215 0.0728702906090485 -0.0558211800708854
0.0933103029689417 0.088734468924871 0.0218902027071188 -0.115823986899189
0.113417217959553 -0.0235619575774079 -0.0687790413245961 -0.0942202001084369
0.0629023156048977 -0.0820202605378837 -0.0913695663503211 -0.00501025412854819
0.00218345906661061 -0.0955589423486729 -0.0539640912877323 0.0301431556911994
-0.0479322257183246 -0.0716261964015521 -0.0257046763594152 0.0221992478286519
-0.0543231449534186 -0.055136212084393 -0.00089560498838767 0.0117623060393853
-0.0552566174645266 -0.0516270924430908 0.0170469924075409 -0.0106213427964333
-0.032666049916143 -0.0865676967811777 0.0458917811270317 -0.0194903588889187
0.0250848995054083 -0.0982351075586177 0.0763235387013919 -0.0112129268323956
0.0822765996544904 -0.0846297155413464 0.0875937041506451 0.0456945095303852
0.1295470894329 0.0221048787319873 0.0403703898398155 0.0864027534996333
0.0750690476452815 0.130183367065835 -0.0368985279663137 0.0686971622021802
-0.00479041737984897 0.165477609540978 -0.0270602820193644 0.00650467155643211
-0.0625329627453051 0.11803382545862 0.0213728550899331 -0.0793879318782848
-0.00858071277967258 0.150857674875115 0.0840658379135912 -0.0815302362357469
0.072403320691423 0.102791567281613 0.0490281401983823 -0.114710615684438
0.111180593786155 -0.00427387930031826 -0.0303559359477215 -0.103535133154045
0.0678374191631102 -0.0720631019228856 -0.0645427009360551 -0.0413624366379301
0.00845399639748111 -0.0906033389926817 -0.0555830752997536 -0.0128579929921701
-0.0427866989918474 -0.0715980894102923 -0.0427840083258431 -0.0094416975389236
-0.0514325114613413 -0.0541596139988326 -0.0211703199981719 -0.00988870156216658
-0.0524884604641477 -0.0494298838326782 -0.00293399660388293 -0.0318673907562636
-0.030609771700138 -0.0796745510953991 0.0300492168986994 -0.0448375927922735
0.0225580395642993 -0.0906820145918614 0.0715830842630357 -0.0384124537740049
0.0777261410576459 -0.0765018797902911 0.0950549748271363 0.024130645047845
0.114502883082562 0.0246263169419786 0.0524975295203385 0.070423091460738
0.0570129159426581 0.116957696207213 -0.0312705350866553 0.0518049504505727
-0.0144105238278753 0.139592897837121 -0.0151300279407838 -0.0374535168414932
-0.0588695969978318 0.0757839075389568 0.0508156595546761 -0.127181371000686
-0.0272273849412475 0.109814293897442 0.0930918611816558 -0.0993528128127245
0.0393864301501502 0.0872990357507125 0.0690741843078269 -0.107734366334051
0.0814232198058745 0.00924184540940611 0.0024055325023782 -0.103138055744213
0.0549156649297278 -0.049861369397017 -0.0392413425711565 -0.067839802762139
0.0104869268671044 -0.0679345064044317 -0.0544899607083892 -0.0478547529655275
-0.0313184415372176 -0.0576230445458546 -0.0567268456157647 -0.0361613604000319
-0.0403541710000797 -0.0455744444408233 -0.0380241802645454 -0.0299354694327106
-0.0411222311273689 -0.0414863448200513 -0.0193172934677461 -0.050939151469076
-0.022275059910012 -0.064129183703077 0.0178053217285449 -0.0658375626160142
0.0208999276230182 -0.0731509783332125 0.0684731344277998 -0.0588333055742463
0.0678065978175782 -0.0555735380134882 0.0974086323156673 0.00982572839291221
0.0866674848043727 0.032530368546048 0.0568309689749797 0.0587679844823022
0.0272190586315502 0.0945296929743255 -0.0275706195434943 0.0379535521031098
-0.0274238443926056 0.0964384928839701 -0.00185664948401457 -0.0696837296741884
-0.0422054797256286 0.020165557092641 0.0705169407777616 -0.15710945505556
-0.0347934425501648 0.0483991788456509 0.092925715304248 -0.109259070229996
0.00560596064822528 0.0495905281445057 0.0781057333871334 -0.101946182692343
0.0391147087606945 0.0131098935130367 0.0187663172803394 -0.0999914759990593
0.03091011817991 -0.0217466489150337 -0.0253032417581085 -0.0820978832363479
0.00961354222045556 -0.0347561663000263 -0.056287800357056 -0.0683835773332916
-0.0150621692889002 -0.0340729599833205 -0.063823395249539 -0.0522895624446369
-0.0223700751190334 -0.0298882103383718 -0.0492734808692341 -0.0433584223689028
-0.0238478994051972 -0.0292983138154749 -0.0295893324034498 -0.0647568193060579
-0.0118269374353587 -0.0432998707562185 0.0115946194829623 -0.0815086159842428
0.0181860278040222 -0.0483060989942542 0.0702684559614656 -0.0715240718836387
0.0531934738541164 -0.0292818822741434 0.100798352050485 0.00450582918059432
0.0517813063877573 0.0380314616871229 0.0570690668657033 0.0549398309297785
-0.00383606740351716 0.063833335825738 -0.0239910005031472 0.0288482258399488
-0.0379432470656148 0.042401844536254 0.0134630668784365 -0.0865362109846664
0.0295238994088748 0.00855895094608248 -0.015683045393799 0.106452677169147
0.0157880650676703 -0.0275261035238539 0.0526216370699475 -0.00907623876202232
-0.0146295616264559 -0.0225885010179352 -0.044811087919045 -0.0696780483450051
-0.0222196714679067 0.00651395696396221 -0.114559315189936 -0.0141607672459115
-0.0046687434655055 0.0152308359280263 -0.0885106122348885 0.0800033444809775
0.00239225495504866 0.0122242316862441 -0.0121750711752261 0.107687268900328
0.00577555231966654 0.0127303331895633 0.0347888060859417 0.084040598090208
0.00356162168916363 0.00752838664171115 0.0554409341195477 0.0575758112913851
-0.00473363525733313 0.00785760623981296 0.0680993644773508 0.0534104001902042
-0.0117372613704089 -0.000798323158003085 0.0622789476737532 0.068168247846564
-0.00501948820531378 -0.00826632299146126 0.0317130954513014 0.0880901248478686
0.000875983709756516 -0.0145913985846347 -0.0140506802938948 0.0957814501370309
0.0236646780545084 -0.00838758168816241 -0.0721410941451426 0.0969960300640026
0.036949010887331 0.0147315166001251 -0.105218336003638 0.101770416764546
0.0191981446545806 0.0358533753059505 -0.0834893409299515 0.157904578071588
0.020285682048798 0.0576345089326285 -0.0294761221228336 0.100861335826793
0.0373741975768401 0.0169540670538593 0.0522752625760146 -0.0074231580455636
0.023226314385621 -0.0113668488130945 -0.0396052225052906 -0.0773961223365534
0.0070315901367112 -0.0169674029855936 -0.118648965602069 -0.0262020002050852
0.00598461396874367 -0.0164445702560239 -0.0980152612489254 0.0760826341624515
-0.0051582505268794 -0.0189958054798354 -0.0209097035313394 0.106543425352394
-0.0147986340135754 -0.00974637658685987 0.0270280330434583 0.0832156264263167
-0.0165185049174233 -0.0131127249208702 0.0502954827894461 0.0562890249231342
-0.0224378986577614 -0.0164418334707017 0.064236869358491 0.0465738901526826
-0.0141546498681717 -0.037670029815256 0.0669843153618208 0.0564694887741924
0.0177578172719249 -0.0399554129525479 0.0471393277116983 0.0784473917526548
0.0420085649055388 -0.0267299959559857 0.00845625152731723 0.0967419689282674
0.0609894848166364 0.0220371655468723 -0.0500404788826365 0.103717807061329
0.0422086584912272 0.0746020099000479 -0.086609806828818 0.100519118237015
0.00370956700061109 0.0962855670400358 -0.0706390027132139 0.13794583860819
0.00106803577527834 0.100782073137761 -0.034362068712932 0.0757793607281028
0.0472447682705255 0.0699582987253252 0.0561771251324394 -0.0142466792070169
0.0604409182822756 0.0145216115264315 -0.0270099215307736 -0.0911056918851234
0.0452184814844771 -0.0334959907515009 -0.115632274432088 -0.0466873329762713
0.0223375179279909 -0.0481880021728693 -0.104711849888833 0.0607352110713074
-0.00831518378868985 -0.0518405034956481 -0.0333002239674813 0.093564870108407
-0.0325468504145665 -0.0343507773416209 0.0128146683482746 0.0724284700523064
-0.0339391559149299 -0.0308377689944144 0.0377716597881693 0.0476582876281748
-0.0383208848006636 -0.0348801159763449 0.0531071592933268 0.0317601392807512
-0.0216946087200154 -0.0653344875081435 0.0663499943709521 0.0346166501644495
0.0271594386599771 -0.069572160227513 0.0643716758420644 0.054403712499594
0.0689136037061443 -0.0504091168325308 0.0408364300622284 0.0890721764992766
0.0980535664739138 0.0308950411105733 -0.016834001008667 0.106081021781208
0.0589881048771829 0.114580355699881 -0.0647872958823343 0.0944633318676799
-0.000757881329342526 0.141158463737961 -0.053478855270377 0.102259740170969
-0.0250888838881758 0.129556399042994 -0.0272524874171475 0.033573800064289
0.0422544985557208 0.120747347964815 0.0631531569485109 -0.0311466822729887
0.0875408176479414 0.0514885669694013 -0.00582497171350445 -0.104470686676735
0.0844805540656241 -0.0366091787983241 -0.0990620302899981 -0.0712112000255591
0.042534404886286 -0.072469180850667 -0.102937126759927 0.032732002334909
-0.00600826240891476 -0.0788924097736119 -0.0448605463261247 0.0668149240976249
-0.0441787562862929 -0.0549769823018275 -0.00575700461429009 0.0510476456208408
-0.0468862169880914 -0.0449976645077195 0.0195530910822056 0.0319185302643858
-0.0492342516038457 -0.0452779689179061 0.036611882842671 0.011493585703906
-0.0297434192042669 -0.0803171719436183 0.0594674813352226 0.00660000790231704
0.0266007038511269 -0.0901389039479918 0.0743981932866899 0.0216585134842443
0.0796011990317272 -0.0734469596710808 0.0695004413765265 0.0687365074478746
0.122698060952976 0.02551856530086 0.0160073672705753 0.0988000189734217
0.0745743229428155 0.129762110538323 -0.0470400125946602 0.08270853349525
-0.000361639068625389 0.163463176639765 -0.0386175844597526 0.0562672372648173
-0.0485176908923888 0.135831293222082 -0.00741068561961754 -0.0217151055061574
0.0214168054043801 0.152054104467158 0.0717442484047464 -0.0553154805866001
0.0917037558735169 0.0860618281185312 0.0209499574348186 -0.112873038188281
0.109832598293676 -0.0240843640308782 -0.0682023736415679 -0.0915562801638818
0.0601088620062508 -0.0811680376367227 -0.087581784718809 -0.0048711593924278
0.000500097059088314 -0.0931899377014285 -0.0521695577732695 0.0288989627568838
-0.0477584438555964 -0.068105837018107 -0.0248936889152768 0.0225677757606062
-0.0531842706482212 -0.052315568974335 -0.000321833600724578 0.0116050656058735
-0.0541805087793426 -0.049086081905049 0.0169613298199209 -0.0100041638971445
-0.033578139022655 -0.0832004264504781 0.0454437130288799 -0.0206353939545245
0.0225954147388252 -0.0964010442834426 0.0744172074199131 -0.0116600054267658
0.0786489460213944 -0.0835396948303527 0.086659924741608 0.0435467277432984
0.126513772000806 0.0196218923083001 0.0395397942951705 0.0833270126845522
0.0747393035798468 0.126474885423573 -0.0354664260204905 0.067438174614511
-0.00269664935652926 0.160224201164126 -0.0266991117975973 0.00737261012751338
-0.0609007715728688 0.1157370233534 0.0210252572641329 -0.0781265194742171
-0.00584816863534583 0.146888834008957 0.082124940550284 -0.079797316376131
0.0716936529436837 0.0998864425142438 0.04776867351185 -0.112235194034556
0.107494888947886 -0.00586347823198387 -0.0301951973336187 -0.101102718680848
0.0644592142600031 -0.0717228041566297 -0.0620590037160534 -0.0403896360985212
0.00652161410668247 -0.0881623948414594 -0.0549540796332693 -0.0120875638447179
-0.043188051730259 -0.0679427516382618 -0.0430461735071815 -0.00814350088394723
-0.0508563760705009 -0.051894495475048 -0.0199842338877988 -0.00941767172065089
-0.051019441275184 -0.0469433487803474 -0.00334454965634941 -0.0308109626550711
-0.0313773412874742 -0.0760526710917994 0.0298746750775839 -0.0443780409050544
0.0197761981764293 -0.0888807255864442 0.0700627454931747 -0.0387352985477758
0.0728722131594686 -0.075495445340426 0.093245064378839 0.0218897617777608
0.112048194312412 0.0223421712942365 0.0517985220271036 0.0680398407497569
0.0568640888205712 0.113051511547115 -0.0303992936198519 0.0510778257591821
-0.0126857264005917 0.135006296968632 -0.0159836216901654 -0.0347804511098122
-0.0568406236655539 0.0744882386822744 0.0487200302958821 -0.124251816349057
-0.025606169269891 0.107300847904598 0.0903379747933358 -0.097100152649038
0.0392264479421499 0.0844955503381065 0.067135893422185 -0.105118903787937
0.07965708539763 0.00757175662420246 0.0023336695893793 -0.100180615004644
0.0528826757630622 -0.0490260116606607 -0.0377260002788285 -0.0667806173132777
0.00851399051303699 -0.0659988660590168 -0.0551588140565283 -0.0461030417903216
-0.0316643681187942 -0.0548218936449026 -0.0561104985188464 -0.0336465104783636
-0.0400316371533756 -0.0433354664412487 -0.0374775110148611 -0.0278694742492541
-0.0402808506162418 -0.0397054431126616 -0.0195030627187488 -0.0484091710808042
-0.0229871927152388 -0.0615980735368981 0.0167688647496012 -0.0644956044183582
0.0187646842973823 -0.0714123332884169 0.0661829466189932 -0.0583458431548712
0.0642377288263832 -0.0548794433655259 0.095927723014215 0.00832045916753504
0.0846257949352361 0.0305490665487645 0.0551698061693819 0.0565564921717193
0.0278753140556067 0.0920813125702129 -0.0269333998177646 0.0375927958952986
-0.0263339179886027 0.0940832113329033 -0.00407943744079899 -0.0669404249395194
-0.0412246684756804 0.0197624293668418 0.0679148831821525 -0.153122001832492
-0.0336429629339772 0.0480034486851701 0.0903365944781176 -0.106152894191772
0.00683849530435864 0.0488046991136562 0.0754357148059143 -0.0997058355662141
0.0384210827594005 0.0126005381006953 0.0179145624014246 -0.0969849582061949
0.0292305877971051 -0.0215246366217499 -0.0243789182404016 -0.0810162785176839
0.00848352333968554 -0.0330989632206374 -0.0565389716345486 -0.0663618200222529
-0.0148262704774171 -0.0324155918611724 -0.0647694817619325 -0.0493017715319181
-0.0223525155916625 -0.0285656250626711 -0.0480654098526983 -0.0410716367462127
-0.0237719517035335 -0.0276977491060803 -0.0294983025609109 -0.0620831056222761
-0.0115623046154309 -0.0415362879807059 0.0103591847086626 -0.079372233315435
0.0163522222956475 -0.0465980722626711 0.0677711671090114 -0.0708114345828913
0.0509079535861783 -0.0286937642103253 0.0987306564367207 0.00221727669767996
0.0507270041454733 0.0362915416264554 0.0557307770358754 0.0523364349150907
-0.00370565248192361 0.0622996145140418 -0.0236272000751089 0.0291690038159612
-0.0368449240623004 0.0419604891846604 0.0115679806980857 -0.0833828978098599
0.02847637803802 0.00842947064396856 -0.0151338864317922 0.103229907512607
0.0150119345140326 -0.0274022512666266 0.0525633275304836 -0.00937881486946938
-0.0144359406022935 -0.0227448065943185 -0.0431968443396385 -0.0686813440455737
-0.0219762281216472 0.0064199847239514 -0.111748886835703 -0.0143507070979644
-0.00426574495028912 0.014525244803723 -0.0864863098224037 0.0778906903309844
0.00217232586552309 0.0114263715041626 -0.0109860476456197 0.104074424002355
0.00561210321964642 0.0123579180461847 0.0348866417813162 0.0808711042579325
0.00344408964097583 0.00682188181783824 0.0543376671818437 0.0560720607419309
-0.00463173346247658 0.00792129334927134 0.0671963114832008 0.0514998209484409
-0.0112056421594167 -0.000766719588756805 0.0611604433935386 0.0654473580760272
-0.0049416713088661 -0.00779459108531576 0.0312133846158998 0.0863269642850114
0.00121913956429938 -0.014130937944276 -0.0148134831620882 0.0934478378938863
0.0239049911136085 -0.00852235953829525 -0.0714012790317443 0.0939137753308738
0.0361254625702807 0.0144802223371499 -0.103213572618786 0.0984231910409926
0.0182695451230706 0.03521139077133 -0.0817335305909104 0.152398260739045
0.019599270959968 0.0565610259269854 -0.0284082203184701 0.0983965332381048
0.0361171928830641 0.0156846789598533 0.05269896083823 -0.00736744619299826
0.022106607030382 -0.0109921465618743 -0.0374530832806671 -0.0758120438257178
0.00654436095884663 -0.0166234235991653 -0.115715366220076 -0.0265022730339208
0.0056868434293667 -0.0162662309633005 -0.0956745946499479 0.0738757742562323
-0.00519291352724275 -0.0188061262700673 -0.0202300304101656 0.103171648929833
-0.0141411990250311 -0.00985159424576736 0.0266473291625352 0.080804488271869
-0.0163163960871157 -0.0127937797632779 0.0489034629280268 0.0546842281952863
-0.0218494779274262 -0.0163972804434798 0.0636317551626179 0.0453691388478261
-0.0143953241251249 -0.0362631899463561 0.0659302196494695 0.0554482141512035
0.0169569334348468 -0.0394001677456907 0.0457977560603519 0.0770769963599736
0.0406159074896909 -0.026408898312421 0.00775035327317275 0.0947090117672433
0.059454883146613 0.021697565617637 -0.0498723451742053 0.100397920201083
0.0412678684929243 0.0730286958627703 -0.084414127520353 0.0970104453553012
0.00290773170826166 0.0935815588610906 -0.0690389208453087 0.133665388921685
0.000291909990499185 0.0982544206214724 -0.0337298552717426 0.0736650681794897
0.0463173551676632 0.0680858792404107 0.0564084104021929 -0.0142779858165025
0.0586348033753439 0.0144276142539077 -0.0250560664048977 -0.0887626746269098
0.0435950035589813 -0.0323859328060932 -0.112421918015656 -0.0461783181711368
0.0213471501247781 -0.047250510040232 -0.101916976078437 0.058300944988138
-0.00837470413450256 -0.0504333522648901 -0.0325652566631527 0.0906194610245764
-0.031651931770316 -0.0327865575303923 0.0125368254349037 0.0704948083655966
-0.0335795630805974 -0.0303106248377312 0.0365852337734994 0.0461554156009512
-0.0366943711982986 -0.0331389118447978 0.0523836678637629 0.0306393218456435
-0.0211769808857391 -0.0629869540590166 0.0660099785847827 0.0332288480683572
0.0260690785416193 -0.0686270971327152 0.0632823675558332 0.053398015808687
0.0662470934928338 -0.0488755208505167 0.039356314012816 0.0869240767654854
0.0956846330358451 0.0304770422007465 -0.0181320166252902 0.103770340134663
0.0577411788384443 0.111706864208023 -0.0636053573092114 0.0911613649110861
-0.00244579913928088 0.137140346981118 -0.0526503518956954 0.0992228686165518
-0.0253066423954044 0.126368518378093 -0.0266405432746121 0.0319982353329818
0.0413431497715013 0.11815567028592 0.062977135804403 -0.0300690359092803
0.0851820505911588 0.0500407493016041 -0.00432178606496228 -0.102126993448389
0.0816887662262302 -0.0355674441287524 -0.0961775609157359 -0.0697032683408275
0.0412534127603661 -0.0707706824459859 -0.0998053329823657 0.0301892158001515
-0.00630372740532012 -0.0769084579143069 -0.0439406693023476 0.0643683231468903
-0.0432398576950616 -0.0533371332409551 -0.00558315367878188 0.0496143777395176
-0.0463706302689064 -0.0435097592391005 0.0195997436424324 0.0309678011665007
-0.0477510432751014 -0.0438288664442358 0.0361286278629009 0.0114888935190457
-0.0295598078885227 -0.0776213752749428 0.0587379879682206 0.00579278709482188
0.0255692309812665 -0.0883691801961462 0.0731941924723539 0.0210993159312975
0.0763099940813542 -0.0714374818328171 0.0682205697844254 0.0671989801927998
0.119303562323478 0.0248744667247493 0.0142324331115776 0.096051295900677
0.0726668718567013 0.126794317390523 -0.0464986372548962 0.0800178922515491
-0.00152046456690659 0.158404379309162 -0.0379077269984074 0.0548843027095305
-0.0488749471076666 0.13248752026819 -0.00726233327848822 -0.0217181970406246
0.0211316451839978 0.148183924786018 0.0716321954361786 -0.0533908818492056
0.0891372304278791 0.0840309029778135 0.0221546288834623 -0.110024131285502
0.106530656706611 -0.023420000796986 -0.0655591520891644 -0.0894041919504019
0.0578392727370441 -0.0789538145392444 -0.0845316272639372 -0.00597769747789971
-0.000206850634542568 -0.0903932949441286 -0.0516255191886562 0.0275257916435491
-0.0468269621423253 -0.0654215870610673 -0.0248915758464926 0.0220981745035162
-0.0520154632088976 -0.0507163864038519 0.000303742482825202 0.0111644497848515
-0.0524903305168081 -0.0468163648542437 0.0163541905623534 -0.0100925243524705
-0.0332827403874774 -0.0803597127563249 0.0450834785863018 -0.0208953931089318
0.0211717971943571 -0.0945167692479953 0.0735783778630242 -0.0115723544204481
0.0748463935974833 -0.0813371095644505 0.0849755454839435 0.0421800215298351
0.123201967293845 0.0186761555760135 0.0374487889110327 0.0815122859866446
0.0733364863665769 0.12336243764754 -0.0356089637005669 0.0650635010117805
-0.00376124370694681 0.155931955618819 -0.0266657621151246 0.00804529164074656
-0.0599967634038278 0.112732546234885 0.0213382336952226 -0.0764753078816432
-0.00540591789492112 0.143378491691465 0.0816989635435783 -0.0766931946806255
0.0697111796316853 0.0980667034587313 0.0477097246484526 -0.109074295896341
0.10471191745747 -0.00509000089048398 -0.0281323121788088 -0.0984727104482627
0.0623830961824159 -0.0693358335749957 -0.059589849618065 -0.0407850563830729
0.00602580107206967 -0.0853094504150253 -0.0548007941230733 -0.0128490693250048
-0.0421597403657484 -0.0657036436214027 -0.0418994489666686 -0.00681543492991101
-0.0500297669454388 -0.0495952564955596 -0.0194542167407948 -0.00883281723111334
-0.0491357147438332 -0.0449985035068991 -0.00352487967798993 -0.0303536990280388
-0.0311524466530402 -0.0735281130071325 0.0296524839420154 -0.0438597885422646
0.0190438861743197 -0.0866932615926066 0.0685868509091705 -0.0381686517387247
0.0697983906081698 -0.0734051553538218 0.0924185100628425 0.0211660703619589
0.108660046848508 0.0216744029283277 0.0493584729962202 0.0657531397359153
0.055267999114457 0.110409637374239 -0.0304368895880209 0.0497720759470096
-0.0133682946383725 0.131456296925214 -0.0158912067750334 -0.0331145911894355
-0.0566938900818696 0.0723544100661552 0.0491574060382583 -0.120973324213816
-0.0248481602289295 0.104490949018042 0.0894416760368429 -0.093893324112168
0.0381536290446309 0.0830421687992893 0.0665463247474318 -0.1022888542664
0.0774857915091344 0.00784546976889645 0.00345198229748033 -0.0970767838707975
0.0508107663068696 -0.0479469663025035 -0.0356245266299181 -0.0662286424230153
0.0084018555055543 -0.0640702952058777 -0.0549492016010636 -0.0455999826090291
-0.0306140185955066 -0.0529621701333248 -0.0558789353594382 -0.031792913321057
-0.0390255515948316 -0.042022449872294 -0.0360924641393077 -0.027125846408933
-0.0388740417927969 -0.037906900012847 -0.0189113229959715 -0.0474671583417087
-0.0223635577129435 -0.0602022338428204 0.0169250879068968 -0.0630560170747717
0.0179219975495425 -0.0696959061419056 0.0643436699808137 -0.0571725669276581
0.0617095586022241 -0.0533126752207232 0.0941573239580114 0.0082081066902023
0.0821407148648817 0.0295199548126972 0.053080071158882 0.054919572300228
0.0261874793811104 0.0895229900615951 -0.0267513207651963 0.0372078002406155
-0.0260950240733611 0.0906510211389121 -0.00445856382579373 -0.0636129673401784
-0.0406891521370077 0.0189446018764266 0.0669859551875312 -0.148619393797288
-0.032389759384878 0.0467381783267473 0.0886484168602143 -0.102748069951617
0.00683595045099169 0.0479610560506848 0.0743952721368989 -0.0966474001314519
0.037329550065258 0.012161567828663 0.0191836886740196 -0.0946386615793967
0.0284066984591099 -0.0206169992492669 -0.0234392086538077 -0.0797638501730744
0.00853363454215876 -0.0325308747394039 -0.0566509239225369 -0.0648030626356785
-0.0146939922166579 -0.0318299000804449 -0.0638276344247692 -0.0469508016483079
-0.0219854647861805 -0.0273202095445135 -0.0462972638153067 -0.0398958309137342
-0.0225477243554892 -0.0264472754539374 -0.0278140946653163 -0.060189674370675
-0.0115112229126033 -0.04036046143899 0.00961793397374045 -0.0773362832006164
0.0160046653723428 -0.0457654079254266 0.0653392574486568 -0.0693122679798732
0.0488965716305534 -0.028167275405462 0.0966165468684657 0.00234806978628563
0.0488907048214154 0.0352295764579441 0.0532791516206535 0.0509617278845397
-0.00372316096535996 0.0606479963933325 -0.0232042906897345 0.028837404431503
-0.0367792262602066 0.0404081783096222 0.0105309782974398 -0.0801730415613984
0.0287989217912424 0.00904678300967645 -0.0162501013356057 0.102516514545877
0.0150623634779534 -0.0270666092188739 0.0537101347671064 -0.00926671358116756
-0.014172205485321 -0.0223563453905814 -0.0406794118104918 -0.0690076534470627
-0.0217492495821707 0.00589002447513606 -0.110069228290215 -0.0148992784361997
-0.00441034094196273 0.0144019011766339 -0.0869199559502172 0.075445424870195
0.00209612622671025 0.010952752050247 -0.0125198559207597 0.101806079908005
0.00540131899751964 0.0118105386763845 0.0342680154259298 0.0793483043873768
0.00285949002679449 0.0059873761129959 0.0527992691825815 0.0554358221150652
-0.00437459277765825 0.0072505437489455 0.0661555598985586 0.0508287068543128
-0.0109872711899192 -0.000365157470310839 0.0602037690360845 0.0655230085123617
-0.00454213608099573 -0.0078637760925394 0.0298767035573674 0.0861333052584219
0.00087138476745678 -0.0142765337120322 -0.0172933924836584 0.0915290201145115
0.0237952586694866 -0.00814822552913039 -0.0733409802690308 0.0909400829923513
0.0350344958190692 0.0143556623036225 -0.103854979596297 0.0939797733472699
0.0165052033529404 0.0352373601368396 -0.0825877895872375 0.147805782282873
0.0187146425634867 0.0563730026475037 -0.0297487326377978 0.0961750034533249
0.0355164105458128 0.015892142503378 0.0535876472149996 -0.00741302819537293
0.0216089621896662 -0.0104825707686427 -0.035509791949722 -0.0759420552500889
0.0060980187562612 -0.0162132952717938 -0.113720037741582 -0.0281181924759797
0.00551559156969515 -0.0162099863112998 -0.0958891849640252 0.0711497293089367
-0.00515490322738211 -0.0184919679545819 -0.0213079713251207 0.100911575503444
-0.0138530408586687 -0.00972645520854742 0.026394658346575 0.0795926874542676
-0.0162346974827289 -0.0128089052742943 0.0483372226358206 0.0545136335822382
-0.0210133447596185 -0.0161955988901543 0.062695967865305 0.0446493996999463
-0.0138865898149221 -0.0357551247289467 0.0651970472871677 0.0545515170813401
0.0170774966719651 -0.0388266460051838 0.0448802652244404 0.0774341133074129
0.040078367866175 -0.0255188668656095 0.00534252018595127 0.0933202864443024
0.0584250413105436 0.0216088043820347 -0.0521194200518717 0.0985978527538532
0.0400245706414998 0.0722885969256284 -0.0852303372045929 0.0934287912907966
0.00020998337953693 0.0913181881171377 -0.070218354972251 0.130680416849052
-0.00123062396685772 0.0974414772412241 -0.0340142448640308 0.0716623401036864
0.0446479491344451 0.0670329738435434 0.0572683990290072 -0.0138259848679512
0.0573035725194517 0.0148336811245245 -0.0224247807853955 -0.0880019777436466
0.0424800270206459 -0.0311776053213812 -0.109970708477034 -0.0474858070245953
0.0214660355765777 -0.0466846487498378 -0.101200881218241 0.055241784084985
-0.00824074693650654 -0.0495682411924472 -0.0330789324768391 0.0883046493803951
-0.0303724862866208 -0.032527080912653 0.012258158004187 0.0692417129431002
-0.0327275011883022 -0.0301894467169911 0.036162689779502 0.0455985449764368
-0.0359391517204361 -0.0334403600811824 0.0519461679432879 0.0299137156662403
-0.0207011280943256 -0.0619773906740365 0.0651754267881705 0.0325791627138639
0.0262327538518925 -0.067810327024507 0.0621989263900994 0.054441547256176
0.0654803521541883 -0.0473202599591287 0.0377684650656995 0.0859493078278148
0.0940229687686888 0.0310097357344802 -0.0208384538958236 0.101962675008494
0.055375238513398 0.110589866572763 -0.064921600771876 0.0883840678822668
-0.00532325561326169 0.133975886122612 -0.0535493476242527 0.0978781516946268
-0.0271284176981992 0.124508847429524 -0.0262664428179824 0.0307312806656954
0.0392937303482629 0.116435266923541 0.0639348053359373 -0.0291187949769263
0.0824792752882964 0.0509059193675391 -0.00158036909171582 -0.100531981852639
0.0801771599291797 -0.0332716926825657 -0.0931448669702962 -0.0708288880195074
0.0408875513917603 -0.0691053801501619 -0.0979931497662793 0.0279363010034002
-0.0055874892710819 -0.0756255611131788 -0.0448050702297252 0.062703462463659
-0.0422184043050499 -0.052480617294616 -0.00632546998923094 0.0489744657326818
-0.0451717930868203 -0.0433971707288238 0.0193632090497868 0.0305532494837704
-0.0467946553868782 -0.0436954038514644 0.0357158046726732 0.0116759154778448
-0.0285764593499778 -0.0765208928976219 0.0588861803876853 0.00576269204759255
0.0252330578052166 -0.0878866464308656 0.072384070953197 0.0224271876627384
0.0757092003694729 -0.0696956904136175 0.0667353231698846 0.0663799309044249
0.117724201314997 0.0258754600154974 0.0109225073091622 0.0955266691620197
0.0705889160141524 0.126256164875509 -0.0473713701351919 0.0774823760110897
-0.00523739234667141 0.155150749521756 -0.0382658745590775 0.0543094644944957
-0.0506873172499469 0.129967419437904 -0.00587389223160073 -0.0215475674779481
0.0185284330174068 0.145772823598721 0.0727561878241149 -0.0513738531994105
0.0863905440101459 0.0849822880813859 0.0248052154839957 -0.108192536086331
0.104645975692563 -0.0214200133919182 -0.0627384045760672 -0.0901472388099058
0.0577353636845142 -0.07693163042301 -0.0826059133107263 -0.00804962395964733
0.000689373729079204 -0.0887030638246427 -0.051837386948198 0.0256789184363075
-0.0451102901142984 -0.0642098989143104 -0.02532982341748 0.0223355332180621
-0.0513087537080131 -0.0504661475415461 -1.32696053127821E-05 0.0107179443857299
-0.0507900702978362 -0.0469011935288975 0.0165925772180939 -0.00908531222220215
-0.0321785215783144 -0.0790011178084606 0.0455696568175533 -0.0207244712087554
0.0213027630543819 -0.0934877929105638 0.072753366324027 -0.0102465206446775
0.0738991969027226 -0.0789754276920915 0.0838854662598042 0.0422100730930227
0.121368259477612 0.0200421895239449 0.0344119550066179 0.0807947241962759
0.0706925735295696 0.122561027944031 -0.036683176232889 0.0630832745530352
-0.00698835416416461 0.152190249392891 -0.0262804280292455 0.00847581923009925
-0.0621085121583361 0.110152067986175 0.0226803768390067 -0.0751291345450621
-0.00709231744409406 0.140761340999077 0.0831327524178554 -0.0742353740198394
0.0671769316588197 0.0979286544343354 0.0506023540290206 -0.105758169214567
0.102529097161185 -0.00367661167942174 -0.0256355543875403 -0.0979819115629794
0.0623532166619895 -0.067310150809337 -0.0575015783854942 -0.0424363589470053
0.00655209611715106 -0.0836959158115063 -0.0547767655289821 -0.0136716149337316
-0.0409805590558622 -0.0639238522983408 -0.0423589333142001 -0.00685879426711457
-0.0488034463623064 -0.0493879368527696 -0.0194061856098178 -0.00937802302020801
-0.0482956162808113 -0.0444040623731685 -0.00196122215973702 -0.0292740462323116
-0.0294322296757747 -0.0725656913522538 0.0303003273482471 -0.0437390361481913
0.0187806792517358 -0.0858747809637641 0.068223258000322 -0.0365681633106996
0.0687950724960418 -0.0708751195158899 0.0912202245043874 0.0211994088540518
0.106539457484348 0.0228055643612018 0.0461009571553892 0.0657494635155595
0.0527971894197011 0.109031977175863 -0.0312988468890332 0.0485101866040794
-0.0159800984938014 0.128643373441431 -0.0156817952604502 -0.0317466081889919
-0.05724687449318 0.0704023129826543 0.05108433404741 -0.118754583586198
-0.0252708486524434 0.102254867512023 0.0906411705837072 -0.090214343161388
0.0367499194067705 0.0824670628262818 0.0686163104125828 -0.0994125904564749
0.0759741382047455 0.00867820103978756 0.00622021802255926 -0.0960697793391821
0.0504619423760156 -0.0464871159684006 -0.033437929148238 -0.0667526094980828
0.00893130852034506 -0.0629790566198412 -0.0545109698629189 -0.0455328836755661
-0.0299430373911016 -0.0519345338541681 -0.0550859542666077 -0.0313871849205746
-0.0381845715328174 -0.0412352798399891 -0.0345410379226677 -0.0268550265538867
-0.0376711124605165 -0.037495492633077 -0.017662739765358 -0.0463447931008243
-0.0216334857301121 -0.0588559620828 0.0177171515301922 -0.0620320582618919
0.0180172609368424 -0.0684052400863532 0.0645946253416528 -0.0555758251259613
0.0603928170206638 -0.0510170621599216 0.0932989324344343 0.00881804762897707
0.0810671643545682 0.0301639039545028 0.0504020001715671 0.0553113665931892
0.0246762861200335 0.0884785542975043 -0.0269941953036586 0.0364668192109577
-0.0280314037555347 0.0884688834107746 -0.00331345554993081 -0.0616630672060324
-0.0407418260762081 0.0181138177729223 0.0697935276360457 -0.145364537235576
-0.0324269166506106 0.0450609552530781 0.0904551929516559 -0.0982532781078124
0.00646396336213227 0.0474559308327949 0.075828917272778 -0.093883524450836
0.0368862674745912 0.0125273389565224 0.0218523937723528 -0.0928153610735851
0.0278311390900261 -0.0203886409445829 -0.0207853310702928 -0.0803956004156148
0.00896105771964111 -0.032011508977545 -0.056248531990245 -0.0643359425368724
-0.0138786570802975 -0.0309391233085791 -0.0630354822762228 -0.0460770310968106
-0.0215249946488849 -0.0271948987881821 -0.0452701023312608 -0.0398961526046369
-0.0217652165317963 -0.0265751708673727 -0.0267766941910534 -0.0591014204158106
-0.0112498379673937 -0.0403086814839999 0.0112462214133637 -0.0759145965712977
0.0159485956918168 -0.044622526061269 0.0656670721511127 -0.0675866363461034
0.0481471437385311 -0.0265483173288992 0.0955996884091747 0.00304731236230029
0.0476572171497701 0.0356997829062344 0.0509717718788047 0.0509389051314579
-0.00455055590306315 0.0596522744944085 -0.0233241720427989 0.0283561958672849
-0.0369574372129918 0.038834646630747 0.0106317506202396 -0.0777563325596121
0.0294238987114416 0.0100496834673987 -0.0180332379669969 0.103118901043236
0.015249934914686 -0.0273265294482043 0.0548768563788144 -0.00860775898896298
-0.0139528699578138 -0.0230329033471222 -0.0391515831393168 -0.0702441322141413
-0.0220998930765437 0.00551348523698834 -0.111250676118003 -0.0175944778327488
-0.00491726921203816 0.0145281086584453 -0.0901890797883376 0.0751980160857519
0.00148695641870371 0.0108462583004033 -0.014235274747402 0.102308193237217
0.00557557122581463 0.0116983887961238 0.0332873076625645 0.0794745854404701
0.0026729903561118 0.00632260355041547 0.0522265377661774 0.0558553012448989
-0.00421634120134899 0.00680229264104535 0.0664634437197106 0.0516520287667457
-0.0103933324951728 -0.000728681801374927 0.0605493164982625 0.0664854069851489
-0.00490387237069402 -0.00784826007518543 0.0284998089895726 0.0874203107346932
0.000878448977583236 -0.0138470359054903 -0.0202946855184203 0.0918000977337265
0.0244662107144238 -0.0077557288193082 -0.077159073412591 0.0911156216367838
0.0348227137012528 0.0145154018001457 -0.106505445117012 0.0920072169397153
0.0152217641267929 0.0362137812032223 -0.0864053743811238 0.146076365097591
0.0175309336432235 0.0574517800039779 -0.0313750367427367 0.0963990436443001
0.0355446496588058 0.0161211842133989 0.0557496004870056 -0.00629122781980531
0.0217111283343258 -0.0101063092820302 -0.0328183914802684 -0.0773683498262989
0.00624079182985169 -0.0155618596087372 -0.114220990418205 -0.0301683056234482
0.00542977069909334 -0.0163863004225994 -0.0984622284051776 0.0696232635280434
-0.00537247340136994 -0.019098028476842 -0.0234484271156202 0.100791163690771
-0.0139768560935757 -0.0103306738095841 0.0252872531533323 0.0796484705850978
-0.0162942970639147 -0.0135851874060096 0.0482498834247264 0.0551482360018933
-0.0211097210075536 -0.016462663436323 0.063029552386577 0.0453795306960032
-0.0138429120114979 -0.0360219007830704 0.0654355414328901 0.0557621644907151
0.0172067892058895 -0.0396269389818373 0.0443402051279306 0.0790077633915957
0.0399136261969908 -0.0245973431128374 0.00309860069074414 0.0941578129865623
0.0588112306495888 0.0222573564678935 -0.0558485707685468 0.0979879748426115
0.0388651175415529 0.0735082100305579 -0.0883082738825197 0.0914465256589222
-0.00283458700286896 0.0922531582710863 -0.0733580566909501 0.129049088859529
-0.0040700191520391 0.0985870872408372 -0.0352973736421971 0.0718396541577289
0.0440467936353586 0.0679627934153601 0.058945291353942 -0.0134488062098331
0.0564762825854459 0.0162912638037937 -0.0197562423788807 -0.0890263629355803
0.0428056760369765 -0.0300538716409562 -0.110472964873967 -0.0503705607213762
0.021736542680181 -0.0460726440159554 -0.103490352611327 0.0532975397488763
-0.00762257682695235 -0.0498685040608029 -0.0349565352514601 0.0881769681096711
-0.0303099761471273 -0.0326917867672024 0.0109886166158109 0.0699063203953133
-0.0329189450511933 -0.0308558254072744 0.0361405713467724 0.0461385496823409
-0.0358254985292568 -0.0338453292445596 0.0525895289268378 0.0309015199143012
-0.020180214877131 -0.0623939689043553 0.0663102048804566 0.0334291733665388
0.0266248266662375 -0.0684008608632586 0.0625887345843683 0.0558162230095533
0.0664157642144788 -0.0468512227662037 0.0361258761789743 0.0866872678339738
0.0941675262585239 0.0326813175352156 -0.0238025670342972 0.102565835557834
0.0543477977072665 0.112583068341125 -0.0676034720459994 0.0873429937323453
-0.00985451028388817 0.134649062999096 -0.0555205058713518 0.0971431140401125
-0.0308337741706529 0.125335569365947 -0.0265069400541748 0.0304526909379641
0.0378190070693317 0.117701235104924 0.066309775122316 -0.0290420419392691
0.0816178886052731 0.0535323294866169 0.00181644566010962 -0.101668949323676
0.0806037011719619 -0.0316356419817805 -0.0929528337472779 -0.0735549278646562
0.0421509038895928 -0.0690742810970204 -0.0990055559006019 0.0249729528535084
-0.00475693134568637 -0.0761870705950905 -0.04644454222015 0.0616386246322273
-0.0416484246346411 -0.0528450358265603 -0.00692889010206023 0.0500409623575568
-0.0451154326778408 -0.0441532995944091 0.0194390496957406 0.0304651175167633
-0.0464408659483504 -0.0440885887762062 0.0365012008383459 0.0120373820493963
-0.0278716664148719 -0.0774211586079041 0.0600496531473634 0.00577515802578814
0.0259434209560688 -0.0885625761172732 0.0733901538080765 0.0243001957390541
0.0762643648917967 -0.0689198223294348 0.0660433697547065 0.0681308839224971
0.11812063893964 0.0279666995157895 0.00832561302883415 0.0966047792423944
0.0686940597200684 0.128373581671476 -0.0503655592405905 0.0764638046240462
-0.00915056583710052 0.155203818797231 -0.039779341878169 0.0544056435727024
-0.0543972892390204 0.130202547687507 -0.00539220673148531 -0.0219880324716495
0.0165046466997421 0.146230783609004 0.0755723232461255 -0.0506298915080228
0.0853251088310778 0.0873042051073404 0.028623048247539 -0.107590319927233
0.105131558556537 -0.0194641923569123 -0.0607920557861019 -0.0924768552834946
0.0593413750374481 -0.0762357661313252 -0.0826189775011249 -0.0112785844370577
0.00193046165404079 -0.0889752164652093 -0.0536189607537267 0.0243482848123995
-0.044579211922523 -0.064732227968641 -0.026287606255113 0.0224419067275018
-0.050995786437334 -0.0505261915665341 0.000239989437004878 0.010941507549996
-0.0507316541066505 -0.0476574657639868 0.0175020323001328 -0.00876264824193707
-0.0310751069784552 -0.0797365204946769 0.0467692874758637 -0.0215691327471296
0.0220474826610682 -0.0942243338956021 0.0741589018007552 -0.00868623776667249
0.0748985194028743 -0.0781698435045126 0.0842405052009471 0.0435959157826644
0.121727123074854 0.0221976527305117 0.0321696097346968 0.0822298327532224
0.0686114360662747 0.125047808162975 -0.0389787502403188 0.0625997162009057
-0.0111000510073024 0.152189868829822 -0.0270462792098724 0.00873951246863088
-0.0656278634179685 0.109608329295947 0.0247627575470166 -0.0747553896338015
-0.00940273435113499 0.141385845134038 0.086126054235037 -0.0731322073939125
0.0659042727187347 0.0999787700598541 0.0543395229917537 -0.105226036164453
0.103613351041153 -0.00152950248234013 -0.0227623457505688 -0.0996461957725952
0.0633772244097524 -0.0669606522337757 -0.0561292412655444 -0.0446470208083958
0.00797863669718292 -0.0841753615002349 -0.0554165013102323 -0.0144964582553561
-0.0403015439357734 -0.0650709196739123 -0.04326055735018 -0.00654956800275461
-0.0486578797317337 -0.0499564637572787 -0.0190543834515867 -0.00978097022683617
-0.0472221803798819 -0.0455312830268975 -0.00118276750123867 -0.028883999084592
-0.0288048409701537 -0.0732289491571612 0.031678574186611 -0.0440153483754786
0.0199152018616419 -0.0862927137628895 0.0697478435077806 -0.0352457152714568
0.0692679371663871 -0.0697283177820001 0.0920776839084189 0.0225609084364728
0.107367406705891 0.0242929058953925 0.0444345485405182 0.0668935553565055
0.0511949616591343 0.111306884974913 -0.0326796560411897 0.0481318586306852
-0.0195696812501878 0.128049671547648 -0.0156276243360158 -0.0315968239140059
-0.0598412166220671 0.069645044636376 0.0539184543217175 -0.117989213943856
-0.0272733888117861 0.102568664110322 0.094203467146168 -0.0883371609526163
0.0353251120196608 0.0838168268423306 0.0724070663218076 -0.0981407535640377
0.0763428070443568 0.00980769715096385 0.00897544352078326 -0.0962832421041845
0.051649823815448 -0.0461462024911029 -0.0312510822883251 -0.0689485291946039
0.0104477601162077 -0.0631966551625494 -0.0553479909278002 -0.0467644276192222
-0.0290265015900597 -0.0522007309852496 -0.0561866219396348 -0.0312144828141483
-0.0382403987975159 -0.0414306024786766 -0.0343910557278266 -0.0276980543348453
-0.0372243942981546 -0.0386836896901772 -0.0167084010824328 -0.0466095284527637
-0.0211135032029856 -0.0599937980682637 0.0194168633576429 -0.062629708871124
0.018808543875694 -0.0685327635648152 0.0662173235952401 -0.0544607580734199
0.0614023541077635 -0.0502032309052968 0.0944837810644342 0.00983064991722175
0.0805065172807072 0.0313709976097874 0.0494008599731001 0.0565177198605547
0.0233286311819285 0.0900371167004245 -0.0281897160025112 0.036058137328696
-0.030261403677867 0.0882354018284557 -0.00326090429799157 -0.0611556387801343
-0.0415616998161345 0.0174558527486364 0.0733184826154294 -0.144383840047164
-0.0334337697290982 0.0441860002358394 0.0931625551616794 -0.0958730642808094
0.00605852127800103 0.0471203337442435 0.0786336956583903 -0.0927351960761935
0.0368798064464313 0.0129400956050191 0.0249786300544702 -0.0929716734545994
0.0284820340300588 -0.020420733762595 -0.0190105183810359 -0.0816229613065035
0.00972738393867141 -0.0319968453580117 -0.0564679320320336 -0.0650750160088266
-0.0136422938055119 -0.0313407281663012 -0.0633733958022093 -0.0463878308044235
-0.0213348917040064 -0.0273054128644614 -0.0449304638966679 -0.0405648417969827
-0.0214985325020034 -0.0271137217521896 -0.0261084678720123 -0.0598067685004658
-0.0103409904383461 -0.0402399175415211 0.0127361484959537 -0.0758561551599883
0.0167442999998803 -0.0444258695173094 0.0669838689393303 -0.0667271360634763
0.0489321223565847 -0.0258428342930162 0.0966641022067071 0.0052954749912613
0.0476883497507905 0.0368058281759091 0.049808799580011 0.0528497915507911
-0.005870816462447 0.0599305463662854 -0.025048775128405 0.0287168025202381
-0.0382291837794504 0.0383011774589091 0.0111472948527964 -0.0767884860123686
0.0311924408340061 -0.00757074821337433 0.0484827425497653 0.0937331567089669
-0.00324321982092286 -0.0308657409732545 0.0402187495285 -0.042994305180662
-0.025454161802115 -0.0106591579262845 -0.075635708246831 -0.0355351731800986
-0.0152184107749768 0.0179723827821756 -0.10327235105479 0.0537712151983836
0.00409404717525295 0.0146000603641925 -0.0285738489721559 0.116213427979172
0.00780574832112316 0.00771196620719432 0.0501775113380463 0.0925097570064951
0.0114509710569859 0.0057091618555314 0.0765660994920186 0.0446034805023947
0.00612462098497833 0.00293950081064068 0.0774770201672132 0.0133851901807878
0.000755930678946592 0.0078525496882724 0.0860405514066542 0.000285820915322509
-0.008897456049297 0.00572611762165068 0.0912337173567264 0.0182667693224262
-0.00825397200454312 -0.00371311721638898 0.0775035772520622 0.0542548585299762
-0.00663745434695988 -0.0121503223577837 0.0387817154478092 0.089252635990162
0.0164644559764041 -0.020475061291376 -0.00823423713032427 0.122883231804362
0.038048744974963 -0.00792929269490877 -0.03090836338177 0.144451110839316
0.0348190627240272 0.0239384748457403 0.0171473135851427 0.1756461937021
0.0473591794578 0.0392243696730135 0.0368050829061769 0.0965602237183093
0.0377558421193422 -0.00744555968662779 0.0443071718804373 -0.0406610811235447
0.0108840224757743 -0.0209421728269985 -0.072551669988141 -0.0467795456265334
-0.00428175089796443 -0.0151906224785456 -0.113830791821286 0.0436039430102265
-0.00482487010229915 -0.016010417251175 -0.0390601926117093 0.116103017458495
-0.0151701961156628 -0.0122944394143934 0.0415654446028095 0.0959387505761099
-0.016693738072772 -0.000529016312418563 0.0699222816388092 0.0497824183786118
-0.0211674656571443 -0.00109036880145948 0.0733365812919841 0.015402726447332
-0.0269967277214979 -0.000880934207902464 0.0804626334822472 -0.00273633659980116
-0.0331918261118056 -0.0219392373912817 0.0894012783157512 0.00536872494872304
-0.00980498133340968 -0.043872433553856 0.0851653035628631 0.0384162427047432
0.0196284696260142 -0.0449025677017611 0.0592295440212156 0.0762683897968008
0.0658545678973395 -0.0164106913727147 0.0133481386765332 0.116294235578473
0.0784831803967903 0.0389716478068206 -0.0175688457613208 0.133136350261268
0.0548966691009095 0.0829540332164176 0.0167855827243382 0.151538420955501
0.0516250299523247 0.0866715121522154 0.0216299267612839 0.0789312725394926
0.0740270442358132 0.0298538994896931 0.0446945659188629 -0.0473852291505893
0.0555624732388528 -0.0190815115632339 -0.0668605540883477 -0.0653777423394524
0.0174177431012105 -0.0474823967465016 -0.122093925046141 0.0224119672448992
-0.00903212945279867 -0.0502989849510398 -0.0536705209897137 0.104688036894323
-0.0357669803356541 -0.0361586288499165 0.02376303548479 0.0916395464752729
-0.043275949846506 -0.0086159393976811 0.0509708182033377 0.0506456257248882
-0.0460068788574373 -0.00527331260862898 0.0582202108814878 0.0152081421230998
-0.0499026115385766 -0.00646512621986681 0.063448588679456 -0.00799553903774175
-0.0552227025800276 -0.0398699521211708 0.0758128447074971 -0.0133899380024214
-0.0202107231319082 -0.0738171170191227 0.0859217288920044 0.00806765537770191
0.028136298223511 -0.0794830611755941 0.0824593512565337 0.0500461136542009
0.103092208465261 -0.0303556113082243 0.0416535989066139 0.100555973237051
0.116610268794419 0.0631749153215427 -0.00458471741405102 0.116949713106569
0.0755335910427135 0.123127568870564 0.00961735705018592 0.112181753805416
0.0435304220355357 0.124394044242874 0.00570960332176305 0.0419326021194805
0.0969444853073569 0.0737749511552226 0.0429560490031009 -0.0625838643843533
0.0977468306326317 -0.00333563567807557 -0.0538130812385058 -0.0881833202608837
0.0469583837116285 -0.0702855274659472 -0.120931880340395 -0.00945532433200929
-0.00571118811494678 -0.0803660763632981 -0.067769881552017 0.0779859715211475
-0.0489391212578584 -0.0590923724769257 -0.00229281649488966 0.0772339452369426
-0.0646814346251526 -0.0177839067650448 0.0234449555447514 0.0461030225087851
-0.0642751484122261 -0.00877977590466111 0.0351615474274215 0.0126435463373158
-0.0651152236361691 -0.00858201394324625 0.0386460774861073 -0.0135103304691704
-0.0703643203584518 -0.047084825785471 0.0533042443982463 -0.0331562964397406
-0.0329968103276343 -0.0908724911519253 0.0742704915173264 -0.0244370878466743
0.0223033630593335 -0.104726470620914 0.095780611075644 0.0157673323435433
0.120522759084951 -0.0500258745358191 0.0646233457103411 0.0749601003766359
0.139435029616004 0.0663300485297415 0.00309812218057264 0.0982471699601124
0.0889951762821896 0.14031841504416 -0.00511339328060915 0.0664213431918675
0.0256799372168282 0.141440012968567 -0.00799179948875762 -0.0128295895993056
0.0961923663515937 0.109694715642137 0.0377979071596829 -0.0841023362203755
0.120541703303263 0.0227296686608683 -0.0338186277852989 -0.108426500793464
0.0740602835628666 -0.0747449382539829 -0.104423969391212 -0.0452110758601691
0.00430015808866891 -0.0962703944052293 -0.0760199054059069 0.0372041882214127
-0.0514337568116596 -0.0738075474750283 -0.0301954262949873 0.0503926792123381
-0.0742335693160658 -0.025185106213747 -0.00954070549893662 0.0360765884294251
-0.0729776778104842 -0.0105371913258279 0.00682807204691869 0.00816588007255082
-0.0704012343891821 -0.00873121253432766 0.0103470588620942 -0.0190195996931538
-0.0753212375066323 -0.047260632520717 0.0262940961215942 -0.0471818728404775
-0.0399453585022347 -0.0934950727202309 0.0547817919975761 -0.0522742902151294
0.0161228056221233 -0.111776766909894 0.0960040620443013 -0.0154325138555248
0.119630343844198 -0.057817030097871 0.0753299283548033 0.0485287744540086
0.137882940641907 0.0630562095200181 0.00325132157810712 0.0798872379117934
0.0859901366495699 0.13802586140773 -0.0228186886588014 0.0206843411439982
0.00572897037804313 0.129465670878995 -0.0163218410852963 -0.0740348344242771
0.0716934427018013 0.120016938116933 0.0320973055294498 -0.108003078940432
0.111692224782442 0.0443467501314539 -0.0107031993617604 -0.120987187942741
0.0824899090935626 -0.0593110988939002 -0.0760676590773524 -0.0738578500494172
0.0128286480703248 -0.0912677489646437 -0.0746346153371245 -0.00595309122043081
-0.0435221924366669 -0.0736962857365512 -0.0560718094926336 0.0198103571010229
-0.0705507063532312 -0.028180180141438 -0.0409932665291652 0.0219305532553592
-0.0702830523414291 -0.0112666004279306 -0.0207802313284541 0.00299991462034775
-0.0672672801942989 -0.00851210180864347 -0.0177408367443857 -0.0237382991003049
-0.069503610741466 -0.0429586370177595 -0.000238350423602932 -0.0569376351721664
-0.0370846634789685 -0.0849354471966617 0.0349150284469785 -0.0707787292215224
0.016582711206481 -0.101351180216363 0.0894207118390724 -0.0373897015733918
0.108388266802998 -0.0465756048399338 0.0761226754149138 0.0281947293906785
0.113862617850048 0.0624170256153121 -0.000355217192032985 0.0625322106274529
0.0641652857914141 0.121112220763051 -0.0374305595083827 -0.0196694892081503
-0.0123903402817359 0.0922163859733501 -0.0207703038870681 -0.126577945934791
0.0351000436262305 0.0980853725739425 0.0271896510120941 -0.126242912191324
0.0771698040661153 0.0476168818184357 0.00720635726161367 -0.124697143423951
0.0673409779350707 -0.0349655185111976 -0.0473376416419477 -0.089775384420474
0.0152542463607958 -0.0671740603182776 -0.0678966708577061 -0.0403717551177607
-0.0284904482122418 -0.0580580592250799 -0.0750921787198996 -0.00602064629895591
-0.0542238299017098 -0.0243586942016275 -0.0666427359488689 0.010309208587917
-0.0569801116012002 -0.0106603966670494 -0.0454259385466452 -0.00154951321653676
-0.0548700295772021 -0.00918635697088586 -0.0412570646104951 -0.0282294885550267
-0.0539813868540766 -0.0366994891393778 -0.0219032933626995 -0.0640873628699131
-0.0272527364570585 -0.0694909027952669 0.020723528527758 -0.0849846179200401
0.0213710883745027 -0.0795550704745441 0.0835381026648645 -0.0494786726711724
0.0898986366975873 -0.0246281631114085 0.0740454728444726 0.0165463428481578
0.0763062209769968 0.0618740316728114 -0.00358271811091288 0.0494740569531083
0.0294260369367099 0.0943777053236765 -0.0436489198229656 -0.0514569511804736
-0.0261190001793912 0.0377561045411498 -0.0246819892437278 -0.160493952799403
-0.00239696607669043 0.0543971768382037 0.0200666451546358 -0.132870617184521
0.032034934615982 0.0344463206212727 0.0142847269767959 -0.123742531479862
0.036629145604376 -0.0110062772557828 -0.0323057726651374 -0.0945015678830333
0.0113956529195768 -0.0329621394317847 -0.0654124313080167 -0.0576419923142735
-0.010730453613153 -0.0319194960311857 -0.0862813866220814 -0.0190733003098565
-0.0292188593129117 -0.0168369650439507 -0.081609007492244 0.00239855537483047
-0.0343029434324864 -0.00920218599865335 -0.0611542646003798 -0.00581147245186538
-0.0351628927470052 -0.00909622251532956 -0.0570646439966504 -0.0339002387300686
-0.0336688429803655 -0.0269610125358388 -0.0350710686950185 -0.0714156064908267
-0.0135531986411191 -0.0480882208294627 0.0143104816402181 -0.0955048431456413
0.0258631263680604 -0.0520106098926201 0.081900064187313 -0.0553778902143119
0.0649563588799497 0.00123692978499823 0.0723813347621103 0.012392355690335
0.0323899309184312 0.0555017390779303 -0.00439286487030026 0.0396982868532547
-0.00820109423711685 0.0563675503080184 -0.0397390858320541 -0.073095723078902
0.0323454265467302 -0.00888172355320325 0.0530621091039487 0.0952490753268421
-0.00441442411689282 -0.0321048308120397 0.0411904360648448 -0.0471637280891074
-0.0265179391140669 -0.0106577328974672 -0.078736646979553 -0.0359703574952404
-0.0150773278401097 0.0194834457645536 -0.105681387149993 0.0580238199452292
0.00479603322276248 0.0157470059045095 -0.0265751407873304 0.122783517060892
0.00843220290095275 0.00797965538313984 0.0542792541940593 0.0936514993021508
0.0117659889342475 0.00516534250767711 0.0794498026375178 0.0434557116437794
0.00552799493146822 0.00321858836005208 0.0799903965451957 0.0107213613859125
0.00126786128161508 0.00804469569423692 0.0893775688891067 -0.00336822465975082
-0.00911946072587474 0.00621923475327085 0.0955409447304583 0.0160934903144484
-0.00884527454967476 -0.00340381690738121 0.0826186880402091 0.0556054587178651
-0.00682610412815642 -0.0118262176704807 0.0402585087453897 0.0922980165330929
0.0162908596339302 -0.0221084462078183 -0.00700678477953464 0.128610250886021
0.0384410139812559 -0.00917550346841011 -0.0304192981627017 0.149488300973535
0.0363301441213542 0.0251022394786918 0.0198964167468875 0.180991828462728
0.0504941751313787 0.0397638239148941 0.0405923752632855 0.0983585030427087
0.0384851871199636 -0.00851411828351527 0.0448441986460399 -0.0448877818319217
0.0109964062587948 -0.0218703136767128 -0.0761484023282782 -0.0470876883522314
-0.00509123528968107 -0.0150397748932993 -0.117039915728497 0.0469535134012183
-0.00551948185318388 -0.0162218897807049 -0.0378534905807625 0.121700740357708
-0.0161654648316162 -0.0118962185581689 0.0447744236502383 0.0993535479436798
-0.0170857300870729 0.000409281503284625 0.0733086694846994 0.0493998827507177
-0.0222092065261399 -0.000462112110367166 0.0763433197142651 0.0135573060259397
-0.0281067416721205 3.00187040003551E-05 0.0832603564705376 -0.00623142987690654
-0.0348031180636271 -0.0212041966967662 0.0924835303917192 0.00288077242658133
-0.0111973586499966 -0.0449954445728042 0.0898248738106052 0.0374210402971835
0.0193547314761946 -0.0465567288250831 0.0619548283138162 0.0779903468640209
0.0672862031243268 -0.0182672192037978 0.0149336267703676 0.121372631993307
0.0817562233483031 0.0386839513382905 -0.0164953325225093 0.137873996528787
0.0576950534218541 0.0863204735501032 0.0193933975554089 0.155742233088575
0.0554775315037994 0.0888484759028412 0.0240102357731176 0.0814224445035689
0.0775246794633952 0.0293551302529432 0.0462570571076633 -0.051123191328844
0.0568841191439768 -0.0207015962855235 -0.0698627506999119 -0.0673291247502857
0.0166955845137994 -0.0492511282304429 -0.126849563455973 0.0259183114632212
-0.0107924654808851 -0.0515880409726625 -0.0544270628306286 0.109969136304926
-0.0381162181283001 -0.0364664206086889 0.0265656492376775 0.094624754546442
-0.0454444106798338 -0.00765979390891535 0.0543613646332433 0.0514056907876384
-0.0476883857053309 -0.00448299549734411 0.0602595574125951 0.0138873995695359
-0.0515633885390889 -0.00510248553253975 0.0660827912665779 -0.0109721714973241
-0.0587210593188168 -0.0395597829128956 0.0785157401621807 -0.0174818206289816
-0.0235195583892248 -0.0760537057074116 0.0900025252544688 0.0062760742583681
0.0267376074805045 -0.0828718804620963 0.0856425562248874 0.0499344356956901
0.105600164647232 -0.0341866291335542 0.0444263270153112 0.103766788056288
0.122375126930818 0.0620369054567283 -0.00266554589503821 0.121238129991012
0.0795984790908135 0.127051642200056 0.0121153439753826 0.116201823658921
0.0476396232918913 0.128674796003907 0.00631778395528194 0.042682814719532
0.102165367291673 0.0739672499467144 0.0436605892227329 -0.0671444800654278
0.101074177253195 -0.005211828962649 -0.0558218556214825 -0.0917102382970511
0.0470650926917981 -0.073866806419067 -0.125485723635097 -0.00801660100952933
-0.00763742621083954 -0.0830367782614795 -0.0694422555008134 0.0815983677822516
-0.052582430673022 -0.0597972913506968 -0.000767071952685221 0.0798506081426892
-0.0667168776662367 -0.0163642453060606 0.0260004859153311 0.0475608350689457
-0.066499845083863 -0.00671518440353691 0.0366180569380008 0.0116014798510367
-0.0671837251148517 -0.00650225720405264 0.0401076282521036 -0.0165353834201452
-0.0741285026192652 -0.0471984998121464 0.0546854409736731 -0.0360846268597664
-0.0371275212401423 -0.0927294236759104 0.0777311349751011 -0.0276324808394618
0.0207654440461086 -0.107808103375479 0.0990964626574276 0.014925205085024
0.123327532521739 -0.0548661907141443 0.0673166899276148 0.0773803903288376
0.146256285725833 0.0657722764466257 0.0041217952595859 0.101155584862607
0.0944358601509949 0.144764371903645 -0.00349090086435255 0.0689055896143112
0.0296424908507119 0.14629885218205 -0.00842844578960772 -0.013883055198193
0.102127716844419 0.110939968224449 0.0372311533511648 -0.0889860475920263
0.125278562151367 0.0209187283452259 -0.0356311618338661 -0.112532106421795
0.0749706957504788 -0.0786997772357762 -0.108626784561495 -0.0452167818984514
0.00150443803781608 -0.0997375830453524 -0.0779880728360499 0.0398313663623887
-0.0552646808657267 -0.0749423334345711 -0.0309414480536162 0.0541024248542308
-0.0769306663844991 -0.0239776888297163 -0.00842354895795723 0.0382167415979798
-0.0753359207741298 -0.00825903456449503 0.00728777295971183 0.00836770523895509
-0.0725805932253721 -0.00703619505413547 0.0104861357352402 -0.0206558684914634
-0.0792014488065668 -0.0457871393434659 0.0259260873363376 -0.0501138861048964
-0.0443977430945263 -0.0946808038827507 0.0563721364903082 -0.0558790262185887
0.0137078547584127 -0.115007360622645 0.0988894294341889 -0.0183421323451696
0.123034629949419 -0.06309003014821 0.0781816002019108 0.0495392266186362
0.144426282087797 0.0623680498391905 0.00421153801272589 0.0822688689260175
0.0900464284291405 0.142206721561625 -0.0229775668524138 0.0225664706899963
0.00815876574181188 0.135395733728078 -0.0180869697127708 -0.0765163691899166
0.0767631310596891 0.122548214459739 0.031072930024434 -0.112854547572325
0.11701051190032 0.0432158152423198 -0.011670798834684 -0.125134533015896
0.0841680861183413 -0.0628731858571322 -0.0793353395149935 -0.0759306030143133
0.0107433997568235 -0.0947611521161134 -0.0774150701531497 -0.00589669356612237
-0.0474641069407714 -0.0747832772696843 -0.0578405762664772 0.0225299603925248
-0.0731607148180474 -0.0269263514354587 -0.0415619332258992 0.0256144645818633
-0.0728939355394721 -0.00926576913898918 -0.0214681863635463 0.00404126316821532
-0.0687456680216642 -0.00712053438599509 -0.0182996261848362 -0.0246889713270275
-0.0719728029199421 -0.0422379846446505 -0.00181892130478643 -0.0592158323225418
-0.0408699791587169 -0.0863423688506423 0.0356003801594292 -0.074856708056099
0.0140851322882279 -0.104646848312018 0.0920605536378965 -0.0411682036853795
0.110876872184495 -0.0511306707420341 0.0791384984885014 0.028674549126127
0.119429176242877 0.062122341376074 0.000393009930935502 0.0650685595520554
0.0669021310358413 0.124605383887505 -0.038616723480117 -0.0185435052588013
-0.0113214346548277 0.0969574015509522 -0.0235766591109923 -0.131556586997049
0.0385109378750058 0.10060225496285 0.0260145361522028 -0.130667622953884
0.080884758938266 0.047780272997313 0.00642824916758699 -0.129424617883607
0.0689437707791868 -0.0379553259572113 -0.0501685301967172 -0.09246705330615
0.0135693227189986 -0.0700798889497269 -0.0714941303376217 -0.0418965270819388
-0.0319034319629524 -0.0589140139989939 -0.0782309665633956 -0.0038467093008966
-0.0566552459662948 -0.0235354853173278 -0.0683818740620495 0.0137095250828922
-0.0587733760421933 -0.0094861466480831 -0.0464996831756311 -0.000459820073838739
-0.0563053100749267 -0.00810751996023418 -0.0429035356031614 -0.0292835128261208
-0.0567406485233505 -0.0368769363117718 -0.0241041129992041 -0.066465056047656
-0.0292625640008 -0.0709032670544543 0.0201151600577881 -0.0883237274084534
0.0195674027659756 -0.0818733830528387 0.08572296432238 -0.0539494097830046
0.0923376704391859 -0.0270362144702473 0.0760381262090382 0.0163519358944345
0.0800927036597147 0.0626987795260327 -0.00294018495951919 0.0516865645481287
0.031601827429157 0.0967745857178349 -0.0459383258615119 -0.0515079919119613
-0.0264743648951339 0.0396129227224244 -0.0279510171148783 -0.166149058151148
-0.00158586904340695 0.056464150609423 0.0185222268678643 -0.137388241814074
0.0333814442709748 0.0345605652366558 0.0129924503550784 -0.128804745655784
0.0372510837319689 -0.0121568831341583 -0.0346702574919791 -0.09821406336634
0.0103504447150563 -0.0343589010273314 -0.0690033920075697 -0.0593905641981011
-0.0122427205874124 -0.0327477049959921 -0.0899223801244177 -0.0170700767469438
-0.0307316521247497 -0.0162928658860002 -0.0841628028343165 0.00572466253468767
-0.0359108347880003 -0.00817699521847935 -0.0627131524703407 -0.00408482414785483
-0.0358685001454048 -0.00852156046680742 -0.0596097901974087 -0.0335235494122006
-0.0356874258757475 -0.0273639097975656 -0.0382077201808516 -0.073101472816912
-0.0151675110033107 -0.0491824634281502 0.0133549133757857 -0.0989344494043446
0.0250495387106259 -0.053369120969831 0.0839598099739698 -0.0593597085381557
0.0674527447831536 -0.000678353404828958 0.0742256821738689 0.0123475191001647
0.0346226657184578 0.0573461618619238 -0.00416065885142846 0.0415956215146752
-0.00827003572349485 0.0585358299980745 -0.0416684821450259 -0.0735300043304598
0.0327712513113414 -0.0106834243972296 0.0593390482843063 0.0947504959631137
-0.00612848942265155 -0.0321242534543264 0.0402120318262025 -0.0520123417355633
-0.027855439880353 -0.00971286191037788 -0.081849963903325 -0.0338864876398921
-0.0144770626046887 0.0203771693977367 -0.105233677253417 0.0638753959664885
0.00536292105958 0.0161993556733607 -0.0216756143956699 0.12671789868382
0.00919983063240814 0.00782936855466152 0.0589624881139635 0.0931722557232915
0.0123215330648315 0.00455136403425095 0.0827804964645671 0.0391675442030983
0.00556254477572001 0.00305163494224546 0.0818610825740565 0.00740125717417412
0.00118084106052869 0.00816039907607797 0.0902388012163389 -0.00839068973908645
-0.00912043342803483 0.00682276229621272 0.0989129546232404 0.0110350356258586
-0.00892489572561634 -0.00350138690036434 0.0869509210216145 0.0529417815649782
-0.00774350295681589 -0.0118419248711028 0.0440377557097991 0.0936710609107
0.0154538340495398 -0.0234270301400731 -0.00244030049336644 0.133110374265193
0.0382255430758204 -0.010774283072187 -0.0253460112270231 0.152781731342681
0.0385241698626548 0.0250735919920251 0.0272985408385742 0.182886228566667
0.0529108064235691 0.0388511922548916 0.0469368391376063 0.0986130045993257
0.0389683679026093 -0.0107533534617025 0.0441774588749339 -0.0495520915745488
0.0100581162734048 -0.0225754155746445 -0.0790369021889486 -0.0458190924168454
-0.00587047550472739 -0.0144687804223974 -0.116802468183899 0.0534292338102203
-0.00653309814517082 -0.0160460132819799 -0.0337805543290062 0.126960726486866
-0.0170195712335902 -0.0111497203093925 0.0505541381612793 0.098607865356568
-0.0174014061527385 0.00097212431899626 0.0767737907511605 0.0460840841970849
-0.0233030056060952 0.000519683255572282 0.0774269901103442 0.00928508611930674
-0.0284510465189165 0.00151549058966179 0.0841058538762918 -0.0111987418164544
-0.0368132266364966 -0.0201861983750223 0.0950017554964541 -0.00246252553016746
-0.0140600595561199 -0.0454433169659698 0.0946210291706421 0.0338576245242412
0.0174104723629599 -0.0476396477254502 0.0655321519676761 0.0778459402472555
0.0681618822713948 -0.0220113054289991 0.0203682070881008 0.124391018075138
0.0848721121333263 0.0359407567461046 -0.0117620176504401 0.140257673458517
0.0623522653806382 0.086267461531311 0.0262514642344844 0.157802461657321
0.0610180539330968 0.0887562519333359 0.0286122491172275 0.0816899933272397
0.0797820353058111 0.0262084955280293 0.0451513500557249 -0.0559042582452768
0.0570624243999521 -0.0234799695344816 -0.0729826083008985 -0.0666057993585329
0.0145173739070903 -0.0503169121030547 -0.127966834521747 0.0314176653949539
-0.0130636136470558 -0.0516495644775361 -0.0497948810762023 0.114705081692844
-0.0408928704400147 -0.0341796952529188 0.0309321950503849 0.0953956307743383
-0.0455959917882819 -0.00525185126244545 0.0579622164765171 0.0496449605337238
-0.0490593027006458 -0.00163147725170394 0.0620946000234051 0.0102964540407208
-0.0523005949401075 -0.00200743088554498 0.0667817710163142 -0.0159797552930252
-0.0617752440768834 -0.0374215665621268 0.0788440937476107 -0.0220838271969041
-0.0283755161315589 -0.0763644612054014 0.0933125697501964 0.00207879620287032
0.0230181925141065 -0.0843269633185356 0.0890095717675061 0.0476640983619677
0.106140049457406 -0.0397939959095161 0.0490394566240024 0.105396619474155
0.127671304862339 0.0577597425805247 0.00154939006806195 0.123547741978034
0.0861108133259903 0.128068136041105 0.0170485594652561 0.117489724855984
0.0548220460869956 0.130175248282158 0.00892691630045249 0.0433636098313085
0.107961278524117 0.0703577112048021 0.0423718948570721 -0.0710913959908051
0.103519031664023 -0.00942110945893712 -0.0601251866907989 -0.0917439256141092
0.0446237019987788 -0.0770887280791724 -0.128581096031414 -0.00252268546642613
-0.0126253455493629 -0.0839176754839349 -0.0678579213632338 0.0862190909482379
-0.0568899086321952 -0.0581359568948938 0.0026722712296738 0.0816394102189826
-0.0680368597907947 -0.0129575279384427 0.0287805015813342 0.0477421557539334
-0.0682773570554335 -0.00320362204479145 0.0374485931777424 0.00965446338933829
-0.0681260132202784 -0.00314691763279241 0.0403247336109343 -0.0200405005405195
-0.0783984904630086 -0.0433117119661764 0.0534237649519485 -0.040796346967386
-0.0430596980405553 -0.0927334626926774 0.0791371405131682 -0.0326762424388487
0.0160724382116021 -0.110482422230851 0.100887920076252 0.010178092513371
0.123582549769789 -0.0623135134439658 0.0717880186507188 0.0774232944051988
0.152375441740537 0.0599500393675441 0.00767510255229704 0.103828144843408
0.100241344999903 0.144820579643675 -0.000423591503277132 0.0706182900124333
0.0368100845738405 0.148976740460381 -0.00920121247407638 -0.0138769555040616
0.10896632516067 0.108658868850965 0.0354501057057625 -0.0932993526816079
0.128781814631246 0.0163722032286232 -0.0396048841632934 -0.114817690996836
0.0728593122650284 -0.0837107613204404 -0.113261198438717 -0.0417075593889048
-0.00389547548843131 -0.101706310597608 -0.0785276468196167 0.043512534123227
-0.0606239026052759 -0.0730956581226531 -0.0296643459507861 0.0565348938191148
-0.0789530699510329 -0.0198047710554018 -0.00599556655762907 0.0396366134463864
-0.0772797999310383 -0.00433808296623691 0.00773728471556836 0.007834000120505
-0.0734295059833724 -0.00281528815099954 0.0103591613900664 -0.0226998410203318
-0.0829788517646472 -0.0428166481195647 0.0231538562469359 -0.0531349294246361
-0.0508123944375262 -0.0946068737093924 0.0559786227553237 -0.059961631197171
0.00795075752359324 -0.116700255499657 0.0996699769861499 -0.0238800329653385
0.121906288036322 -0.0701982914522326 0.0812539159574484 0.048557515417912
0.150398878638966 0.0568057723223278 0.00709200462761415 0.0837409882354571
0.0969473820666362 0.141772758588696 -0.0216614971336604 0.0245393746258121
0.01373744178326 0.138488325515356 -0.0218170087842256 -0.0775897255503049
0.0837126550599749 0.12100009359684 0.0275923747148104 -0.116865264852503
0.121401539388652 0.0396170812227116 -0.0163766235431869 -0.128324720811938
0.082615484915852 -0.0683261413644013 -0.0842625417724708 -0.074761488519718
0.00568209982549519 -0.0973954142666593 -0.0798847071726895 -0.00329113729690707
-0.0522540324896572 -0.0742927614600936 -0.0588927099248951 0.0262324836720263
-0.0751151181534135 -0.0228628393458618 -0.040723213191161 0.0291461581049896
-0.0742776399460114 -0.00508790434599164 -0.0218817036743059 0.00512935068449282
-0.0694095827579051 -0.00349289528534568 -0.019662463424031 -0.0249881915932054
-0.0756793078962235 -0.0397663579281905 -0.00495173930972518 -0.0610796348834571
-0.0455318260856255 -0.0858191721736141 0.0337027649183435 -0.0782817063351899
0.0101978836818442 -0.106554288730053 0.0916962173641204 -0.0466838925933694
0.110846499124036 -0.0571808444249775 0.0808005334222893 0.0269750874572784
0.124723525331359 0.0578302378694926 0.00271742311869993 0.0675078948475702
0.0729185462324184 0.125866251440359 -0.0397584401658016 -0.0164787834865462
-0.00700246588867665 0.0998534268997121 -0.0295645233763383 -0.133220607196675
0.043771560049256 0.101165485626419 0.0212148535210849 -0.133251748860587
0.0845954576798789 0.0446895984691881 0.00208471196106553 -0.133268813316925
0.0680666393624914 -0.0419101987460929 -0.0546757853411689 -0.0934879655543534
0.00969857963105679 -0.0721474246458942 -0.0754235271149599 -0.0411537962333809
-0.0359407290744437 -0.0591113150709558 -0.0804530785711244 0.000805787773175029
-0.058073785509206 -0.0210792573786871 -0.0682421277128576 0.0185609741701122
-0.0601559532348513 -0.00566564573531652 -0.0467586511693278 0.00204580254209058
-0.057216713490419 -0.00466494411196407 -0.0451058945198623 -0.0283118930552592
-0.0595293115915484 -0.034188435803541 -0.0278383632312159 -0.0666170515107067
-0.0331010193442213 -0.0710659560335309 0.0166437074949549 -0.0913081336953851
0.0163817159876759 -0.0841740712238078 0.0849754478918193 -0.0591280889860183
0.0934277801416862 -0.0316402634688402 0.077286500900857 0.0141050400413784
0.0845800622663646 0.0601516291924541 -0.000959109498239507 0.0536183891712926
0.0358553077974587 0.0979406697433791 -0.0486369271692327 -0.0492992432629082
-0.0255549960684883 0.0412277910282818 -0.0353362414186041 -0.168354662737992
0.000824521620239767 0.0576133620986852 0.0138855311702323 -0.140262928720615
0.035665115499281 0.0338293600136254 0.008457773581518 -0.131673227666375
0.0372062351037066 -0.0140852946868003 -0.0380849409693174 -0.100038384559393
0.00851274480997073 -0.0351160484730119 -0.0732652693904027 -0.0587685438299612
-0.0142040886533569 -0.0333161210862819 -0.0930067470691893 -0.0125825842491827
-0.0318050110299609 -0.0150175996554754 -0.0850840230586557 0.0114993537316767
-0.0367996679375458 -0.00619368534944382 -0.0638962788557019 -0.00061872808895073
-0.0367528441771514 -0.00711369434979064 -0.0618179360791357 -0.0312918243947878
-0.0382237698223636 -0.0256966297510037 -0.0420326410042948 -0.0727623552181794
-0.0177196460135174 -0.0492987584589679 0.00946792806314151 -0.101674018132894
0.0234995380183212 -0.0559795806183835 0.0828128488839289 -0.0642820507406025
0.0683965783706231 -0.00361185707873885 0.0756922754509778 0.00975224446871036
0.0377853078888636 0.0575965859130921 -0.00184335276244045 0.0433994882800519
-0.00580350020907191 0.0607151432801586 -0.0458193530721512 -0.0725425199037406
0.0318911946504616 -0.0125755232381005 0.0641855666496115 0.0904028594032409
-0.00778904892715568 -0.0316129464473256 0.0372744400222163 -0.0552094864000249
-0.028096145552035 -0.00815866380644058 -0.0833965917252733 -0.0307605609818185
-0.0127164530456253 0.0212662559685187 -0.101581337706831 0.068527268078908
0.00687780070968716 0.0159832510470201 -0.0150112874260388 0.127965308594457
0.00931263413275167 0.00722306189152944 0.0635758618732562 0.0897775454823087
0.0122293459401518 0.00294605251665794 0.0830602706114237 0.0344349510194274
0.00555507224903398 0.00283330365246912 0.0814152916136734 0.00269528169850867
0.00201033024734374 0.00816157414605107 0.0891782170230291 -0.0143009429240679
-0.00841085892319215 0.00753608420614394 0.0994840902072022 0.00521830664579817
-0.00940445913869177 -0.00292656284135529 0.0902852835870062 0.0489271651171662
-0.00808220028316545 -0.0111243035129348 0.0473727544880703 0.0925665407103514
0.0142030413346728 -0.0245673779355022 0.00373749111884552 0.134007852373337
0.036865432633276 -0.011909434281056 -0.0188026150819299 0.152932711669608
0.0401098782218523 0.0239782916738846 0.0344827959010527 0.180469337619333
0.0548396132346949 0.0363022277286955 0.0517677138955681 0.0958738103260395
0.0376173625250847 -0.0126995504499429 0.0410802593219605 -0.0535761977671903
0.00887412125827706 -0.0226670732558217 -0.0804528933409562 -0.0431456767338085
-0.00633527762275861 -0.013781724952849 -0.11392525161093 0.0586081226568278
-0.0070003202546208 -0.0149790975493741 -0.0266236317840587 0.128583679072804
-0.0175434913714172 -0.00989516102428044 0.0553017864025824 0.0955056995863113
-0.0168520994000271 0.00136863538839518 0.0784609738926181 0.0412821127267445
-0.0231696786805392 0.00211851871875468 0.077856903729001 0.00468141131869836
-0.0280364128510613 0.00267488391665932 0.0828178387644541 -0.0172734450240878
-0.0382815506268684 -0.0178668468402408 0.0944209605054895 -0.00833001046735136
-0.016467837728338 -0.0441558803002256 0.0966825145905131 0.0287467021736668
0.0148058543602045 -0.048005833864976 0.0676808822414965 0.0748202500925726
0.066449548300682 -0.0256613712989675 0.024883284767054 0.124241426897822
0.0858679992896 0.0315578042668146 -0.00580817451667638 0.139967406076238
0.0661901808624022 0.0850224535720319 0.0326488899769666 0.155767444894784
0.0649888586119567 0.0863787260282047 0.0320521198309551 0.0797688303667939
0.0806094944726548 0.0213866941877646 0.0420644965019601 -0.0592155942905891
0.0558616012420972 -0.0256739783476218 -0.0747572692122212 -0.064644638091127
0.0118361777837824 -0.0502099675368872 -0.125404092189383 0.0380220011174442
-0.0162431656130543 -0.050358413212184 -0.0443050132841919 0.117124706692639
-0.0425652922600326 -0.0320388459019675 0.0354166198512935 0.0940038771511317
-0.0457469031308371 -0.00293308921375519 0.0605505272724664 0.0459438366433269
-0.0488965608491467 0.00115959946196019 0.0620898696936747 0.00702344409490789
-0.052111818104202 0.000840558731751393 0.0651906586788312 -0.0205556388391737
-0.0633033509887545 -0.0331102942828293 0.077353688427997 -0.0269890098886958
-0.0319133219155234 -0.0746967235510055 0.0938852039602384 -0.0035999143168646
0.019256994670577 -0.0852023487461766 0.0903678085301312 0.0431764366254054
0.103155283487244 -0.0457665127806563 0.0533286166912065 0.104287878356939
0.129705461185909 0.0514673375712036 0.00604547196704276 0.12292682536911
0.0909363044488973 0.124510531450974 0.0223365521866647 0.116077345148509
0.0605331823665563 0.127868404809669 0.0105019485498915 0.0421760818188199
0.110547366549802 0.0648231600924022 0.0381985746249809 -0.0736369479065249
0.102453229213886 -0.0142973652719912 -0.0629141311181871 -0.090412561415213
0.0403920549437349 -0.0783088914366081 -0.128604787393607 0.0035926711474911
-0.0169342153211749 -0.0832244494377591 -0.063117639492218 0.0891197951192176
-0.059959621799954 -0.0544785494914912 0.00632147796761007 0.0816618849040976
-0.0675292411198287 -0.00944615100044144 0.0317623415288129 0.0458848714513906
-0.0670997833113146 0.000880394591610167 0.0378908744571779 0.00800330061567209
-0.0672524229201832 0.00074621911158874 0.0392585498144325 -0.0233828668964847
-0.08038030970982 -0.0387910678365878 0.0514104543056545 -0.0438247579552494
-0.0480738219635718 -0.0898274280218297 0.0778776641620878 -0.0368965651341541
0.0101664303510289 -0.109956167554678 0.100624343883091 0.00533338600542739
0.119475996755336 -0.0681483116790245 0.0744397553508877 0.0748929127809293
0.154585627159291 0.0520468722626391 0.0116145958758753 0.102834841191646
0.106195484869895 0.141039325728252 0.00290111754671559 0.0700843815997628
0.0441278050992627 0.147815576419142 -0.0103330139005635 -0.0137145884214413
0.11395911439618 0.102447297828074 0.0306779288810247 -0.0946797259318125
0.129820965194993 0.00993369302565862 -0.0433547579689928 -0.113611235793154
0.0680671375541994 -0.086129543247466 -0.114410504572704 -0.036923636534906
-0.008997894898428 -0.10098621276298 -0.0761596047665086 0.0463254985521239
-0.0645671645586802 -0.069379344784655 -0.0265976852831348 0.0587895206197923
-0.0787660367385696 -0.0151141626382605 -0.00298514155718943 0.0406024996397939
-0.0763941758379466 0.000203342409505885 0.00818425973060577 0.00724267764903728
-0.0723584693059986 0.00133806433697776 0.00917777607644581 -0.0242246283349026
-0.084410713540983 -0.0379826755796243 0.0198227602914482 -0.0551493635235929
-0.0550631990338816 -0.0908045028480916 0.0534391476654561 -0.0636297001297789
0.00201132437524741 -0.116311682151876 0.0980808132085492 -0.0288938589513705
0.117768156611821 -0.0762885282149996 0.0821515285516047 0.0454972508671101
0.152063855689936 0.0489645350357086 0.0106089015704857 0.083966122616548
0.102436271335097 0.138021661674974 -0.0203278821637281 0.0252142919116249
0.0206747749874695 0.138190375303186 -0.0254817283507257 -0.0760752994748993
0.0894552557773104 0.116070413851773 0.02194434287182 -0.117070163715113
0.122380934922161 0.0331234086334778 -0.0212531076814072 -0.127709519238876
0.0790571580458946 -0.0719264140941734 -0.0863013587631873 -0.0711768945181646
0.000416628723279625 -0.0966729869066637 -0.0801311014738019 -0.00108124300424689
-0.0573991877874492 -0.071176816083822 -0.0577882288438833 0.029773679499898
-0.0756914540151068 -0.0188581126926094 -0.037642913710101 0.0318221856069925
-0.0737140006884062 -0.000778576864601896 -0.0212559857723564 0.00583458717645875
-0.0681479049253444 0.000161950024901624 -0.0201632310716671 -0.0250908444730011
-0.0773615972668676 -0.0349803868151765 -0.00880205679144372 -0.0612605847934023
-0.0506187982873969 -0.0833387764890004 0.0302047856321694 -0.0803904034040468
0.003502454389351 -0.105272963357145 0.0883084389988807 -0.0515201622448908
0.107012690135619 -0.0624212088079566 0.0813951323495256 0.0238997913959129
0.126711323497718 0.0521361409123357 0.00530504693255811 0.0673476801115175
0.0779861685484594 0.122414603827949 -0.0398469913211687 -0.0143814215145349
-0.00251746365539785 0.0996894696753141 -0.0359786807980978 -0.131605902859819
0.0479107533078554 0.0983192812304632 0.015533656831183 -0.13334976561871
0.0865034049049331 0.0406117069506185 -0.00315438550213658 -0.133130546643816
0.0653936098657927 -0.0451468282189363 -0.0580565156125989 -0.0915823162712838
0.00552130712571315 -0.0717633491757285 -0.0774828409342533 -0.0383877235015103
-0.0394175522373263 -0.0570366717700151 -0.0803620519217656 0.00529205420077312
-0.058765057865474 -0.0179954680386958 -0.0654624645853817 0.0233264344048067
-0.0595366382087535 -0.00226449274007319 -0.0464420154284028 0.00440406120669071
-0.0564462966385314 -0.00246368227070241 -0.0461042661705975 -0.0255910549501978
-0.0612541949564024 -0.030765765779045 -0.0311618311427254 -0.064972726944995
-0.0367465418033739 -0.0682678675599868 0.0135768648085991 -0.0920632428912998
0.0119407031988412 -0.0840178047896141 0.0815174177951353 -0.0636626208613474
0.0905259601955984 -0.0365933581324095 0.0773270691744259 0.0111710358442098
0.0870439833729242 0.0559934853732805 0.00119565557266611 0.0536352714896664
0.0395463007166635 0.0965166566197865 -0.0499649677584692 -0.0464679142397006
-0.0232539660376676 0.0432940406536697 -0.0423074638421168 -0.166942048297863
0.00373029310759125 0.0571983268942232 0.00857430957335745 -0.139407707810514
0.0370785841959232 0.0314251423501081 0.00265008498727962 -0.132186194884203
0.0361327968534802 -0.0165382005949418 -0.0426215176495778 -0.0992071571653218
0.00634476027888018 -0.0351911691086537 -0.0765804929303163 -0.0561710754309877
-0.0164083848378217 -0.0325362834769866 -0.093841920641636 -0.00724844010681304
-0.0322004239258885 -0.0137256800906329 -0.0828512016045982 0.0163750902149066
-0.0366285031048583 -0.00395291137688245 -0.063773915987213 0.00250509810564512
-0.0371286327279499 -0.00494684650869294 -0.0630401503258286 -0.0288429499540443
-0.0391625089954451 -0.0235199739438423 -0.0455929887426579 -0.0701142931827639
-0.0200557317534327 -0.0478936384334688 0.00492884014297127 -0.101870825699996
0.0202693580604151 -0.0557173663435169 0.0795128668012451 -0.0686906930624175
0.0673294701220711 -0.00709266421240211 0.0758538827530897 0.00755199835977768
0.039977671366274 0.0553016716810524 9.44180469953321E-06 0.0440287876182502
-0.00373802592717578 0.0604791465918309 -0.0484222062802575 -0.0687856958096464
0.0312440604078804 -0.0128166052162779 0.0662594713145376 0.085535466328272
-0.00867954347158978 -0.0305499385927501 0.0341534927869576 -0.0571057376934023
-0.0281991822322069 -0.00718620594591505 -0.0820759892097763 -0.0286666239429362
-0.0112409072527425 0.0215614049899794 -0.0973267678509228 0.0698988007278836
0.00717170519274081 0.0154108862227119 -0.0100709302107242 0.126665743487226
0.00963461282362526 0.00674737448886874 0.0649827088865852 0.0854224566164911
0.012044663763187 0.00245333480648052 0.0810945546256359 0.0298802857331094
0.00547921424980247 0.00234547711548819 0.079387423705655 -0.00101957737198008
0.00238570042939847 0.00771959301165115 0.0863880109190686 -0.0177934108416865
-0.00760602537263101 0.00797398567888562 0.098142500534288 0.000814551133326214
-0.00965679577625709 -0.0025781130089448 0.0899196012662202 0.0447312431907327
-0.00843619624479777 -0.0102477363753223 0.0483333025338139 0.090463873267662
0.0125474280397003 -0.0247564692986385 0.00773950888632554 0.132447043038393
0.0353852942503588 -0.0126332523518292 -0.014765865835857 0.149527841006393
0.0403596537076582 0.0227477614070992 0.0381934679754637 0.175850800712273
0.0549602515326131 0.0336936981782776 0.0536135582421149 0.0912386688951441
0.0363464903432809 -0.0134637729974075 0.0383498573715929 -0.055224621029125
0.00802769158669506 -0.0225909091562062 -0.0796721443223092 -0.0409451761388572
-0.00672893353986105 -0.0130232630437786 -0.109772117268801 0.0613876135112086
-0.00756155468549265 -0.0145462779451175 -0.0211719395476487 0.127134399970316
-0.0171485803652823 -0.00919732037237915 0.0571036682312557 0.0914411123491159
-0.0166176172990044 0.00175859798328528 0.0774534766374052 0.0365391417349543
-0.0225959517884504 0.00299164437099178 0.0751649899223612 0.00129855207062827
-0.0271462520182052 0.00380181448670008 0.0800305663786254 -0.0212663685989748
-0.0378863124680814 -0.0157551813547187 0.0928363518675509 -0.0123564261713856
-0.0181539247018274 -0.0427988296842062 0.0962079369797821 0.0247252044707153
0.0129127428211817 -0.0473729431408398 0.0683331968354594 0.0720270534535525
0.0637504316468363 -0.0274913670948364 0.0284565214964329 0.121908152192066
0.0850399582233301 0.028619984226446 -0.0026144770019833 0.136444965753705
0.0676751698955462 0.0821710330477093 0.0359707924698293 0.151397504766755
0.0668631121989788 0.0827954352472721 0.0342525152515126 0.0767916166038271
0.0796148524595204 0.0184625922782743 0.0393782405467496 -0.0607979572111532
0.0541744375729416 -0.0270785345578952 -0.0746089633834816 -0.0621038394133345
0.0100471817952897 -0.0492233370680349 -0.121570469082097 0.040992670486181
-0.0180633738715831 -0.0488387543488443 -0.0389088954600229 0.116101049378801
-0.043090981601414 -0.0294176699611429 0.0376250877000254 0.0907364436519975
-0.0444287076125905 -0.00128475731498315 0.061103276012152 0.0422358538005162
-0.0474783923698028 0.00378334629313523 0.0603623597414192 0.00364753834449587
-0.0500916345494327 0.0029870407947824 0.0623646227382464 -0.0238995792443611
-0.063446602538227 -0.0300430786827792 0.0742542874949337 -0.0301039933986196
-0.0345834203282245 -0.0718508057091934 0.0925989822176126 -0.00737171462185137
0.0155426964883177 -0.0836925175536886 0.0887213893736249 0.0403174200514606
0.0992723160998425 -0.048159078395659 0.0552292903127425 0.101244095945578
0.128982651717096 0.0456470036878121 0.0085976431138129 0.119313339467796
0.0932716224572359 0.120771536424645 0.024953340167093 0.112785030880363
0.0639677729856906 0.12421509791141 0.0113107340780992 0.0406195472619531
0.110076336209567 0.0594132118679109 0.0352292560984279 -0.0743278742833708
0.100150324906703 -0.0175682248829019 -0.0639271714120724 -0.0882650829945131
0.037112914853861 -0.0782454291171275 -0.12522679235642 0.00706152106167337
-0.0200200512703684 -0.0804183833772073 -0.0590491416871829 0.0897061762778037
-0.060878652205881 -0.050415324883692 0.00890401201530425 0.079976607991432
-0.0657874060358822 -0.00685537960255498 0.0332986779272014 0.0439630090013873
-0.0654477330838692 0.00363623580391833 0.0364286625677828 0.00569202662738025
-0.0643945008537401 0.0035694187606374 0.0371839133732506 -0.0256728365926796
-0.0801353615613006 -0.0346397773833544 0.0475275586871946 -0.0450005927927502
-0.0512317222862907 -0.0858232719887621 0.0757700636129145 -0.0402102185185002
0.00561341595461652 -0.107464322039353 0.0981753258943649 0.00181856105501978
0.114193401112727 -0.0712285267580111 0.0750181268739931 0.0720575559067843
0.153046034395936 0.0458519109353276 0.0133335825295553 0.100789881976261
0.108299040772415 0.136258682602985 0.00511393226671558 0.0686848495887798
0.0484302569867379 0.144262473213133 -0.010675417981389 -0.0128415921575574
0.114900901647575 0.0960918837871963 0.027213647284424 -0.0935743514258905
0.127716043978911 0.00590604297674836 -0.0452142855155761 -0.111295560018192
0.0637523719381026 -0.0868839227614478 -0.112946183765119 -0.0329882857113935
-0.0128605560304377 -0.0983206013834126 -0.0732190698816842 0.0470991291001256
-0.0666115880884263 -0.0652629103229912 -0.0247584390661607 0.0588035281659329
-0.0765708418526866 -0.0126755927304215 -0.000551381268779848 0.0404436316656595
-0.0744200657123965 0.00337830024038423 0.00822096166760151 0.00692755788599337
-0.069988978515778 0.00337364196571696 0.00750306867440935 -0.0250688331755857
-0.084210290368279 -0.0335128880574929 0.01698762245359 -0.054421355810162
-0.057785524243488 -0.0867188093146152 0.0511051528054697 -0.0648098483083677
-0.00213590174148914 -0.112997361318126 0.0940309471379623 -0.0319089711929846
0.112448421756495 -0.0791521821306157 0.0818036957216672 0.0430862047863066
0.150911246245794 0.0430880874998959 0.0113522217281992 0.0824013056701736
0.103979915857271 0.132962558092319 -0.0190513071372736 0.025915677710801
0.0251460566784027 0.13544172638948 -0.0280669510305274 -0.0743922418916841
0.0912450646044859 0.110188658954871 0.0185716659661391 -0.115082375249545
0.121436760966698 0.0285584628415873 -0.0235667304852857 -0.126273625188587
0.0745107708887669 -0.0730124739450784 -0.0869622334626378 -0.0678328756687466
-0.00320374057881701 -0.0944249570425285 -0.0790303719560662 0.00111236589255142
-0.0583533809136998 -0.0664853882100584 -0.0555723265864257 0.0315830947858748
-0.073604152026497 -0.0153152685174955 -0.0345166490577252 0.0330219363291131
-0.0715751328599563 0.0024305641934827 -0.0209001717410364 0.00702621255617978
-0.0664251353027623 0.00224154918029999 -0.0216120326668448 -0.0244414530604075
-0.0766480302276627 -0.0312823259821035 -0.0109714761904733 -0.0589117561939866
-0.0524590834596299 -0.0792723707781373 0.0275993828723537 -0.0803510262702538
0.000325022920164507 -0.102942859083184 0.0847271225823099 -0.0536184668532357
0.102092329738585 -0.065519056598598 0.0795401508341376 0.0215614737968649
0.126157569448883 0.0462384670102084 0.00630692492997954 0.0665670487856776
0.0793613832395429 0.11814859479155 -0.0393632931144997 -0.0118928496428045
0.000865640360345988 0.0983317471868424 -0.0388707072890641 -0.128126969225908
0.0502432918235252 0.0943441485362434 0.012061512941933 -0.130418857325168
0.0856681019751181 0.0366001911483441 -0.00592861760757247 -0.131186090943394
0.0623637052534262 -0.046174710240811 -0.0594992294806477 -0.0885889392208247
0.00263589833205715 -0.0699010234356573 -0.0779457654322868 -0.0358417459933286
-0.0413484092356738 -0.054057099273165 -0.0790741889473888 0.00846310671015044
-0.0574370789693869 -0.0151610002584291 -0.0623267625461671 0.0258245677354915
-0.0582825136007034 4.27344539878725E-06 -0.0451213460837456 0.00637047494230832
-0.0544429025587296 -8.18643625441647E-05 -0.0457919531634868 -0.0240320052436024
-0.0606711632188643 -0.0282956530512869 -0.0325639916082521 -0.0629405998452951
-0.0385220500738156 -0.0655671810837156 0.0105514196632199 -0.0913186896316025
0.00866955354112472 -0.081625829188144 0.0773028854216665 -0.0653831856139091
0.0871059306396998 -0.0390137224800814 0.0754925782484872 0.00983809735097099
0.0870348308553363 0.0526230692251558 0.0020838255383349 0.0533832953715063
0.0414563137875074 0.0936353860698431 -0.0501903677405254 -0.0433103982915311
-0.0215241658677479 0.0428424556297817 -0.0469623003801231 -0.161950663578975
0.00567490271180535 0.0558122074282916 0.00504622688365179 -0.135744422661386
0.0369451073518607 0.0295144980253935 0.000232065922007422 -0.130070194885009
0.0340330931666442 -0.0172342533488805 -0.0442232605315082 -0.0972169155877348
0.00444491734711446 -0.0343362537407969 -0.0769699193764505 -0.0534060785325993
-0.0179152250397917 -0.0309745903408448 -0.0920614060412965 -0.00255867333101846
-0.0319085219953556 -0.0121467085166607 -0.0793739463159124 0.0199464892611184
-0.035914822431917 -0.00165649034361399 -0.0616258744730767 0.00511254423573195
-0.0362533709063213 -0.00326237495486239 -0.0627598295323356 -0.0255776433229783
-0.0389006365490851 -0.0215389463575345 -0.0467178347904045 -0.0673737528432826
-0.0215214707528243 -0.0465559320905279 0.00195947925475119 -0.100494332970975
0.0180869236606683 -0.0549219281335105 0.0759540569730625 -0.0699085593926009
0.0655311701937078 -0.0093595795993721 0.0741026945621319 0.00563793088614094
0.0411687185333064 0.0530930412177719 0.00172430869388471 0.0442816908935903
-0.00167509799618488 0.059188535810079 -0.0498767495744992 -0.0649761041155098
0.0348770916157646 0.00221008987498065 0.0226573811236483 0.100563752626433
0.00530228204475186 -0.0306311017511187 0.0517916216044786 -0.0390519993576579
-0.0219766743110952 -0.0181992789268064 -0.0628672001580713 -0.0592822780814209
-0.0187572464512171 0.0141182257351079 -0.116064426296784 0.0249171276225169
0.000964680690782042 0.0156119012246269 -0.0599997406210185 0.109669672733571
0.00530173710285509 0.00957889540967343 0.0235008494553516 0.102809804309206
0.0089605766440517 0.00652686610154004 0.060211863128575 0.0596064892705017
0.00392293876505387 0.00439121665610917 0.0706956571009502 0.0310680718689664
-0.000795542563373442 0.00719115026424839 0.0839763107768475 0.0178719137048441
-0.00943533017224357 0.00329619357882499 0.0883593876182877 0.0397773983821766
-0.00629962012658185 -0.00657654617504269 0.0617939369413093 0.0765423229972011
-0.00161270598232004 -0.0126297311732175 0.00447038191495165 0.102041225250534
0.0225584064119472 -0.0170286869048952 -0.0471378246522935 0.121072958004378
0.037599037066285 0.00397740987660296 -0.0728288444773463 0.128430812989502
0.0308027942983976 0.0396751030441233 -0.0404394284493563 0.175351250451095
0.0351706601777137 0.0565166056072126 0.0134732371296338 0.0968550099788463
0.0377506533219975 0.00399614207186662 0.0563321037666152 -0.0377368321785038
0.0165358600961608 -0.0163112471321883 -0.0556884772777657 -0.0723353190555265
0.00037374947107623 -0.0134948603195539 -0.125344122791875 0.0102031587854589
-6.34694761856677E-05 -0.0169002054131214 -0.0726760248593952 0.105721681560066
-0.0120818008040738 -0.0153221181528758 0.0126292243566196 0.105233260007462
-0.0153203235376 -0.00518664321796654 0.0540638388390123 0.0639300809478524
-0.0212093102260001 -0.00600717195287759 0.0667441705083898 0.030708752315607
-0.0254046353295862 -0.00785859323801093 0.0792323391407673 0.0120328787187693
-0.0276880855322267 -0.0290636019890158 0.089124972292704 0.0248248950596312
0.000535560018573124 -0.0466519852139975 0.0761261915033444 0.0604729140402597
0.0313317222235983 -0.037442801778235 0.030076366940807 0.0932763823918804
0.0703549327333541 -0.000303575021363298 -0.0245146368037424 0.121722674074886
0.0672498608015975 0.0592720521497888 -0.0583749140134597 0.124604837813908
0.0329265557423782 0.102970574956024 -0.0355471574044495 0.151804302489034
0.0237274486086282 0.106399811678746 0.00694660419234953 0.073837398941232
0.0621133862247896 0.0505921617818032 0.0615618250907365 -0.0437777152078678
0.0598577367354726 -0.00105610445781029 -0.0417029713065668 -0.0929193108422671
0.0299770512062866 -0.0383305821792968 -0.12964938539705 -0.0140216015686822
0.00498729073576027 -0.0510296931844661 -0.0859829939241662 0.0882093211716732
-0.0259041370054595 -0.0434741938038656 -0.0054785241733752 0.0969480283598529
-0.0382744165001924 -0.0194694661656215 0.0369031571766144 0.0629116570362168
-0.0438940512954718 -0.0154841402643765 0.0520321686484853 0.0271046087849998
-0.0454050457820064 -0.0173358861140369 0.0642041025275825 0.00193260719787111
-0.0461344159877437 -0.051737680243239 0.0797503286009123 0.00169639531400793
-0.00393987729235946 -0.0792454707261639 0.0860572959620648 0.0300739094625857
0.047757175832829 -0.068923136575035 0.0626568069025848 0.0724912600007395
0.111222436511624 -0.00622611791695272 0.0080911028168537 0.11498804549744
0.100518414486276 0.0913206743358492 -0.0411833643405517 0.116730115129448
0.0417227694569112 0.147980574298005 -0.0321705741303937 0.113591171765571
0.00189844500442073 0.142600644953671 0.00571409714406111 0.031902995568763
0.0711685360591144 0.0998214518483807 0.0661888591517432 -0.0584492698791048
0.0970772606989011 0.0268885452699846 -0.0196962593435523 -0.1143772831575
0.0656807609813779 -0.0516850827731546 -0.120831047659955 -0.0487905204828751
0.01696335464714 -0.079497065909473 -0.0941342078386389 0.0554689617038714
-0.0334473612335303 -0.0694282980026288 -0.0284563814982572 0.0759199264529896
-0.0548698544334054 -0.0327111673456995 0.0119822251752854 0.0534006226912873
-0.0599592010376286 -0.0225104064801184 0.0303624653544459 0.0199491929181454
-0.058901927286062 -0.0230318308590532 0.0426114212155826 -0.00980371981578077
-0.0589938903868053 -0.0623693082115685 0.0613626748829403 -0.0234276199286374
-0.0132891295562354 -0.0980189312726018 0.0847626625766492 -0.00569219636125771
0.0473876668624735 -0.0948450077011967 0.0872489660982061 0.0411307571193677
0.133700589487973 -0.0227748417034482 0.0381260557264108 0.0974513034096564
0.123124055474585 0.099650129264114 -0.0295562260427487 0.103476768853764
0.0491742257297041 0.167094325521069 -0.0328528098799425 0.0664579426689031
-0.0212781715517235 0.153507085046775 0.0104154774290153 -0.0244793117110591
0.05956098366635 0.134366454668427 0.0695221793060314 -0.0791156037398335
0.111391459637068 0.0592817284193037 0.00903214784818627 -0.129387306506785
0.0930121320679452 -0.0479957775587362 -0.0923196075858615 -0.0823188561210264
0.030412264399561 -0.0921153285621017 -0.0908903479206822 0.010504479680095
-0.0320981959965194 -0.0844018662500189 -0.0500725697065197 0.0430386881525828
-0.0623023999884961 -0.0421031178504919 -0.0176763646514128 0.0368324138120383
-0.0675682305137242 -0.0259051912241041 0.00454700251783761 0.00901690604650225
-0.0634987084911526 -0.024317091562599 0.0164035389853475 -0.0214677977407801
-0.0623902885574341 -0.0628533746365607 0.0375922786408353 -0.0444056852039627
-0.019494351330366 -0.101411294788019 0.0724549139698522 -0.0381016440069345
0.0423710382035798 -0.102933288921295 0.0982595174876648 0.0089530771348063
0.13473453321792 -0.0308738552322703 0.0559759429684882 0.0737958683851618
0.122169908728303 0.0957937931619418 -0.023932293142813 0.0867094593498472
0.0457787845650053 0.162313189438146 -0.0361481592814435 0.0181960435427849
-0.0387898924248294 0.135296860162358 0.0198723584980662 -0.0835414021157188
0.0321988339844358 0.136661839065537 0.0714003848992427 -0.0992979227546103
0.0959196126739281 0.0771110241679219 0.0355985359446884 -0.132131929132777
0.0964283841634973 -0.0317590646728407 -0.0533914661956634 -0.103863134214059
0.037115890200448 -0.0841718028299333 -0.0763142677119256 -0.0344996345393483
-0.0247939793392468 -0.0828464240361399 -0.066392156643314 0.00564255349844787
-0.0583344053901924 -0.0437863717262016 -0.0450786467150113 0.0164531770198574
-0.0648473385615363 -0.0259451779360167 -0.0211997212873277 -0.00158533546430721
-0.0601945386689032 -0.0240064119906236 -0.00972334566556774 -0.0319427456510832
-0.057232425848188 -0.0578435100331062 0.0141156601172801 -0.0593106552806441
-0.0176354562965509 -0.0922320491487849 0.0583372141839187 -0.0613821098418451
0.0398196035774998 -0.0931736408688715 0.0994552570191514 -0.0150643626364069
0.119747393530195 -0.0227130744884403 0.0625491160314351 0.0544128276785369
0.0977172912192459 0.0892884882867231 -0.0228488349698676 0.0689498094756029
0.0281783784685669 0.139107227938176 -0.0372972251282378 -0.0247197111396406
-0.043919556330478 0.0907860309385932 0.0288517348315824 -0.133176306777324
0.00294378764888625 0.104885592743904 0.0708066197722568 -0.113516675306398
0.060525864540193 0.069046769274056 0.0537040531932559 -0.126460301323158
0.073877183640606 -0.0135207814228318 -0.0176368133242323 -0.110237321616539
0.0320959565469288 -0.0596047653633918 -0.0585937474162837 -0.0668653865858153
-0.0145930660902088 -0.06411255619809 -0.0772660760928158 -0.0246673017185222
-0.0444043983336965 -0.0368392940875863 -0.066811925757662 -0.00150661360981391
-0.0522000336464183 -0.0224251072664662 -0.0429045526030071 -0.0120157888115471
-0.0486472785867571 -0.0214194669501782 -0.0314171878386399 -0.0413169843154558
-0.0441597511263933 -0.0480523809466877 -0.00367206060124126 -0.0711230030378908
-0.0105005500622829 -0.0742969160790827 0.0472370516262128 -0.0779023904755018
0.0398213273767808 -0.0706724784658492 0.0968147782362828 -0.0272991942359825
0.0950926062142639 -0.00408982424136332 0.0634016049339131 0.0417994121884484
0.0601911815525616 0.0807201128131853 -0.0210845206771558 0.0540498444018148
0.00225216719909212 0.10145433612924 -0.0328154206697522 -0.0582557278899623
-0.0389274165631721 0.0296834603312902 0.0304418173783579 -0.163381094586514
-0.0197613665678004 0.0518597754919096 0.0647111143570536 -0.118907688696217
0.0200465609811779 0.0414714214217262 0.0577105870432018 -0.119552896018121
0.0363760401077225 -7.09199385492645E-05 0.000218062369300691 -0.109917695571458
0.0183595189139456 -0.0274822690904996 -0.0492658003472371 -0.0821583254836646
-0.00287847658531844 -0.0346679929992198 -0.0829293218260321 -0.041005347842792
-0.0230278109431083 -0.0236734507913408 -0.079702453052743 -0.0137278196957012
-0.0315248516516922 -0.0158380885320428 -0.0567527466653933 -0.0194128287041034
-0.0315390738772461 -0.0174170140241515 -0.0460623336431586 -0.0488394547428432
-0.0275066268826363 -0.0340475380949016 -0.0137764689589724 -0.0805348168681251
-0.00201794968356799 -0.0500424062235161 0.0432728629496893 -0.0890721370181045
0.037121936924674 -0.043253078887347 0.0973682661757215 -0.0313309761740618
0.0646265175153312 0.0157495937785581 0.0631025214335587 0.0368001293039924
0.0180969276338176 0.0648006017706261 -0.0188559782270416 0.0431973125992591
-0.0248500120526985 0.0537248848622233 -0.0204595804134868 -0.0789674601260836
0.0351827671579101 0.00146601196888209 0.0243497306948726 0.0995895992299439
0.00500974303413838 -0.030444010181439 0.0506253377120379 -0.0406871857159424
-0.0227350689612638 -0.0183949286987062 -0.063931025387884 -0.0591647055775723
-0.0182549888830639 0.0146872234397231 -0.114846051481255 0.0255782094764569
0.00131051047546324 0.0156638779008076 -0.0585946680351714 0.110815946675204
0.00584725374206398 0.00904967051268913 0.0248058915574407 0.101992319658604
0.00868788111323366 0.00672506585872431 0.0601699702582148 0.0573579075284822
0.00435688583295028 0.00426968893483671 0.0711185278160348 0.0285437830169945
-0.000369364236024912 0.00640821471279589 0.0839074796993806 0.0154868512478303
-0.00938740848606955 0.0030748748254783 0.0892151246744107 0.0378683101174609
-0.00644119006078506 -0.00651983769100996 0.0631636613252019 0.0759407010063079
-0.00173892338071092 -0.0117770327752939 0.0046222084721529 0.103430094494411
0.0218386033593897 -0.0176915632505233 -0.0458992180843918 0.122651355467698
0.0368921787066634 0.00376785581558759 -0.0726961806129481 0.127675466224711
0.0318075483307139 0.038931556195248 -0.0395695821554458 0.174891696133711
0.0367173759018608 0.056221595389131 0.0149046099447727 0.0961355078206802
0.0380329289053104 0.00315891776175994 0.0549338641604155 -0.0391498824640087
0.0162915087923872 -0.0171043711023662 -0.0561191342514607 -0.0730354272444983
-9.33642306753609E-05 -0.0134951866312879 -0.12470386403313 0.0116247139276157
-0.000529798513402204 -0.0164847081223256 -0.0707127816976243 0.107104829274631
-0.0120510013119686 -0.0149978238309961 0.014429838668818 0.104716499257695
-0.0153330885094319 -0.00521261077564307 0.0543542762200482 0.0621520682751513
-0.0213785477424469 -0.005837585648088 0.067441332736748 0.029212938483833
-0.0250903352223297 -0.00754750487625486 0.0787434055574289 0.00969258081891002
-0.0278711210108305 -0.0287851175711706 0.0894910266300748 0.0229743274980934
-0.000663850831866153 -0.0463827762297803 0.0772001651987942 0.0593590643737781
0.0306946908185315 -0.0375322060816257 0.0300579677567775 0.0937090451409651
0.0701054347662192 -0.0018624481781302 -0.0237138405193965 0.122665152087684
0.0678820476023018 0.0587965107303278 -0.057490197195476 0.12439277779023
0.0340091245682616 0.103976167473377 -0.0347149898147853 0.151947450404294
0.0247371052362414 0.106887506224026 0.0071454672286307 0.0736081938832247
0.0625073589357852 0.0493848474512824 0.0609602387442889 -0.0456201920597378
0.0596337671943706 -0.00210260956103974 -0.0420506127952904 -0.0936093722711719
0.0294122391563786 -0.0381187504148726 -0.129606632323719 -0.0132349014215537
0.00403850583697661 -0.05088264095157 -0.0843500828860974 0.0897647331746487
-0.0270965545349794 -0.0429614801039834 -0.00399566670639894 0.0971523912298305
-0.0380501625260879 -0.0187645205027838 0.0379591498928941 0.0614148986995139
-0.0435780550736036 -0.0146043172411054 0.0522811569351045 0.0260088711736164
-0.0453287954306491 -0.0172644839682204 0.0641114484758593 -0.000713924006576591
-0.0466152038060771 -0.0502818847202872 0.0804179622853946 -0.000628366918286273
-0.005669080495791 -0.0786829568679422 0.0872152106325038 0.0283461193289509
0.0458312423251547 -0.0696486196901007 0.0627968861457955 0.0721055704097296
0.111451085014983 -0.00844241270925317 0.00839122983959341 0.115930705539386
0.101313294786776 0.0900441667000171 -0.0412548375997591 0.11649037830981
0.0430702699362618 0.148907821081719 -0.0310304366228978 0.114382379780901
0.00436111631458435 0.143031195799353 0.00550083238336907 0.0321122741693573
0.0725043133138865 0.0981713022069338 0.0656375829654838 -0.0598957320403462
0.0975721684975822 0.0257756353776795 -0.0197868631438598 -0.115446822092151
0.0648621140555106 -0.0525982374455754 -0.120704254967909 -0.047393268133141
0.0149136384932336 -0.0799647357407546 -0.0929753881712253 0.0565692472354517
-0.0346521010615905 -0.0681549606167878 -0.0267488450417133 0.0763778470791633
-0.0549870722787955 -0.0316527479076477 0.0130759143638221 0.0528342772419516
-0.0597014669585721 -0.0213366873495902 0.0308303304611815 0.0191439302980986
-0.0581487362725689 -0.0220401278019021 0.0420322862436638 -0.0116532504258452
-0.0598903490637825 -0.0609008031237811 0.0610541680424186 -0.0249001902656812
-0.0154384874669928 -0.0976640662852655 0.0850098360546848 -0.00824196936132364
0.0457170098193517 -0.0949519586541132 0.0873086980564367 0.0397663856475091
0.133150440337016 -0.0250254472288119 0.038262394366965 0.0976806196506016
0.124643532404608 0.0979082560761863 -0.0296097638259334 0.103488544816764
0.0510823880229221 0.167592007352467 -0.0324864257285304 0.0671841227450306
-0.018839647927767 0.154970725482741 0.00958898396251659 -0.0249386733849866
0.0607063453382502 0.132948903962045 0.0686021911581764 -0.0792218631568592
0.112355303729977 0.0573115267447567 0.00847447144989353 -0.130740861506333
0.0917303844778547 -0.0488894700457881 -0.0929864325029133 -0.0819450357892922
0.0283577245603661 -0.0924806961964385 -0.0906575878246882 0.0111456997142102
-0.0346982939848249 -0.0837877805985869 -0.0496105222762597 0.0438273987995057
-0.0624974437929808 -0.0410742821487129 -0.0166505478803735 0.0369434744726568
-0.0678286491027577 -0.0242250296469731 0.00477472175590092 0.00927462698232097
-0.0631101112203165 -0.0235202120066092 0.0152506352634611 -0.0227226274344913
-0.0635248833812721 -0.0616596199971471 0.0364606871289282 -0.0452803280917498
-0.0218366143347306 -0.101122661880605 0.0728684387726063 -0.0399797698581914
0.0404278700799536 -0.103007784901512 0.0968361639926438 0.00717751942426388
0.13341868999395 -0.0332027288379408 0.0557865143626995 0.0743200905188391
0.12355798916808 0.0942825813272409 -0.024569718689922 0.0872901049424151
0.0472188148642795 0.162779287345828 -0.0363372622968194 0.0186416100337338
-0.0363649205705291 0.136399796868215 0.0187340163946072 -0.0839862529958211
0.0340282848378187 0.135826554255024 0.0703831040551332 -0.0993012519575893
0.097173346141392 0.0757929451573086 0.0357072181831262 -0.133554225837124
0.095482911518145 -0.0325925536326724 -0.0535705408159869 -0.103527448816977
0.0357662582533722 -0.0843576834990472 -0.0765255020558832 -0.0342336773786794
-0.0266838307019003 -0.081911900556073 -0.0671545839734158 0.00735765413734347
-0.0584691287445911 -0.0427590093539881 -0.0443579974936544 0.0173405876048855
-0.0647806712325141 -0.0242366670849189 -0.0217023575861483 -0.000768694578795205
-0.0595852214350844 -0.0227669552564081 -0.0107350289944081 -0.0321828881234815
-0.0579856169752656 -0.0563251022874765 0.013472451193944 -0.0597490672435623
-0.0195561853021338 -0.0917935428474067 0.0582568355261755 -0.0628666411575346
0.0384329373604927 -0.092203420322175 0.0978361554634861 -0.0164904973941126
0.118963287311918 -0.0248429606601868 0.0625883393238177 0.0547645115896552
0.0990501233377212 0.0886093364661702 -0.0233101364493055 0.0695704798259549
0.0290823174471924 0.13915527231682 -0.0377628373296467 -0.0237571371382964
-0.0424645744470229 0.0915842698095544 0.0269980277589263 -0.132877664410979
0.00437850960199715 0.104221239081303 0.0704495989852597 -0.112736493600458
0.0613203296205502 0.0679343374708541 0.0536751883094527 -0.127772552244012
0.073297098584489 -0.0142642405593302 -0.0184014777377006 -0.111243046162087
0.0308209738662122 -0.0600567743400698 -0.0591753009882847 -0.0672730543739506
-0.015882207716547 -0.0635026774332418 -0.0777567017219983 -0.0229965437823334
-0.0448902697238573 -0.036195538038928 -0.0662966001893199 0.000173393724457841
-0.0521491042828921 -0.0208065419761685 -0.0422701706572168 -0.0108436178075917
-0.0486025720910926 -0.020627645111999 -0.0326145696713522 -0.0406813801535113
-0.0451906760821434 -0.0474792641943437 -0.00437890000425913 -0.0711085207688317
-0.0117577220604069 -0.0739216815916856 0.0470996120250385 -0.0790384100673528
0.0383509825378187 -0.0712158685208687 0.0966285219751539 -0.0291802192755004
0.0952168403749038 -0.00557005522982428 0.0631993290893084 0.0418364946378848
0.0608918847800745 0.0799005847419772 -0.0211708736086541 0.0547552990307075
0.00237272273218917 0.101581317665034 -0.0328317158283045 -0.0573299974704735
-0.0386451665659838 0.0307766343829738 0.0291103213000818 -0.163113689437047
-0.0187876726190387 0.0516746882074802 0.065459323356486 -0.117760525513219
0.0198339152696094 0.0412579060360051 0.0571370324929789 -0.120112879126482
0.0357385755044573 -0.000817804502975375 3.82176898241693E-05 -0.110448282843942
0.0179055128416339 -0.0271956255088246 -0.0508149780611686 -0.083184482807556
-0.00421489020866007 -0.0348202087144948 -0.0842583134959074 -0.0384593308246155
-0.0235764436291195 -0.0230462658884066 -0.079329709796684 -0.0113365603611527
-0.0314240287159993 -0.0148382276427014 -0.0570626507591399 -0.0182295476411222
-0.0319225821924846 -0.0163718506068982 -0.0464929258874736 -0.0477176871602534
-0.0278437027985247 -0.0334127284234383 -0.0148352050352125 -0.07979592428126
-0.00264004580172512 -0.0502898109855456 0.0425179776143404 -0.0901962913295608
0.0365087820243784 -0.0436325697946824 0.0964616876087527 -0.0329306510733837
0.0643565933239587 0.0144915385886451 0.0630628729619041 0.0373353650783204
0.0192089102123144 0.0651051998864593 -0.0186465747847639 0.0439292698982525
-0.0241483731646662 0.0538974907016161 -0.0213544968589879 -0.0773757517869354
0.0355955635181785 0.000885337757846773 0.0274563766367043 0.0989620630694886
0.00429302918892418 -0.0305534455360344 0.0497928127933606 -0.0433491492967844
-0.0234038285117279 -0.0181013602366551 -0.0658848160489415 -0.0589708674255707
-0.017792826005112 0.0153047603013403 -0.115405035107925 0.0283147828118658
0.00202791886384612 0.0157697270768514 -0.0554828620884416 0.113854076627946
0.0058444758170608 0.00922030370181402 0.0278948261343581 0.101697025889422
0.0087354726855732 0.00591068171382584 0.061196358764509 0.0553874113602028
0.00413087283017752 0.00370989256605046 0.0722743096343798 0.0264489540624666
-0.000337265727319348 0.00661928178256277 0.0844334676175222 0.0124083137005019
-0.00891564872699481 0.00348081909336523 0.0915636504635437 0.0343296720977026
-0.00676164245666857 -0.00643492247471592 0.0663568860232675 0.0752756599812647
-0.00180545894898483 -0.0120348796563291 0.00656995712973983 0.105487510490696
0.0211952301055119 -0.0187490668281909 -0.0439918119469117 0.125068165452749
0.0375769529162982 0.00330967880804808 -0.0715059922273423 0.130115905864712
0.0332642768500629 0.0384817170950724 -0.0366522918187593 0.178084278483453
0.0386450570907342 0.0561118353476978 0.0177914095030139 0.0965248541552231
0.0381180047849784 0.00206557048150391 0.0542476122379435 -0.0420358268725784
0.0157910257594858 -0.0175971274410519 -0.0588536310678352 -0.0732911986736005
-0.000429445477379968 -0.0133201801668395 -0.125182466512809 0.0145665840537862
-0.00101007780633981 -0.016137087500405 -0.0679923568212997 0.109816400636412
-0.0129573865501346 -0.0144577764899478 0.0179411404606138 0.104789764532266
-0.0160213892255331 -0.00491853142905897 0.0562546663410518 0.0602677417825673
-0.0216958170092825 -0.00492879998344187 0.0677994945877761 0.0271593634516422
-0.02518993088165 -0.00682031045831505 0.0795420774386253 0.0061886321770251
-0.0295075880048703 -0.0275679868157074 0.091227347696996 0.0191841441674613
-0.0021992817934788 -0.0467913426721192 0.079936623746228 0.0574730577710445
0.0302463469905233 -0.0381193348388708 0.0316812337979032 0.0950441992655671
0.0702971749591672 -0.00389203527522755 -0.0211665240835952 0.124862309070766
0.0698703139575316 0.0575435146844517 -0.0559904321172877 0.126343481716359
0.0374488805303013 0.105228862602641 -0.0322463358967124 0.153837965654818
0.0285667069679761 0.107527541668956 0.00936651758611618 0.0744122927309768
0.0643506776638999 0.0473351362760352 0.0594953807227578 -0.048343924269113
0.0601713289184698 -0.0036818975728223 -0.0445474128133497 -0.0947456871171977
0.0284353664551145 -0.0390983210344809 -0.130306477257855 -0.0107435320571386
0.00248460543361198 -0.0512672885651909 -0.0823519012376254 0.0926562894144272
-0.028755221243705 -0.042043619154357 -0.000871565266062995 0.0979630422168805
-0.0387379380935706 -0.017747947046037 0.0397965958911718 0.0597103832681144
-0.0442803587018937 -0.0133875543878402 0.0533589440035811 0.024436410524274
-0.0458390725306247 -0.015915490830209 0.0639024780702537 -0.00370068380847499
-0.0488599592046325 -0.048938251863483 0.0810093330301704 -0.00380849702509147
-0.00858036476931045 -0.0793573469140361 0.089122481798847 0.025479924373771
0.0444440447400706 -0.0711878480048408 0.0638593541048538 0.0720223390979135
0.111821525775341 -0.0118819772182632 0.0112765821802793 0.117119929663035
0.105266859252682 0.0883508232378762 -0.0400620613265036 0.118358309573114
0.047118152485605 0.150560092762227 -0.0288228916337793 0.115810107126289
0.00875518833127731 0.145127072387885 0.00542575112807528 0.0320598743513673
0.0754767613712086 0.0964920478645233 0.0641635912839772 -0.0618597318349505
0.0994983579313977 0.0227874578892567 -0.022082718573411 -0.117942052558001
0.0639184029454252 -0.0546926175261368 -0.122351538350144 -0.0453479977606308
0.0126427040231353 -0.0808506821617863 -0.0920029312883059 0.0587067736608821
-0.0374239875633901 -0.0670786860650662 -0.0251420072702138 0.0776741783556179
-0.0562445074573093 -0.0307343774648549 0.0147213178467898 0.0523911239932471
-0.0607056385454735 -0.0189654093356733 0.0312412487393544 0.0177606498230193
-0.0590742126061614 -0.0206131016492151 0.041250752183412 -0.0139224737156944
-0.0628159220393063 -0.0587398880338281 0.0607111321790906 -0.0282381797744587
-0.0193959386319005 -0.0977977269373916 0.0864929005839392 -0.011115133666684
0.0435453573510512 -0.0965409392287024 0.0877692543018564 0.0378571529269489
0.133698125160687 -0.0290322153011764 0.0401286871949414 0.0985288462854203
0.128663812523096 0.0958952721109211 -0.0285829431543593 0.105743199805463
0.055630852886932 0.169753559948417 -0.0311640083219446 0.0683015416210264
-0.0148746260748676 0.157094050234984 0.00851374223623146 -0.0246602395986092
0.0653190370852425 0.131689586320506 0.0673030426581489 -0.0816573368130564
0.114803829135001 0.0546047928732218 0.00651004693147842 -0.133163075429575
0.0914758954978231 -0.051885198878282 -0.0950830938407045 -0.0797609774453768
0.0255570646305611 -0.094045791227702 -0.0908145407525044 0.0127032594876246
-0.0376131417167827 -0.0829897038024358 -0.0489817770199068 0.0457166988539408
-0.064058258660302 -0.0392887003612351 -0.0154513979953173 0.0372739868944804
-0.0683147680962361 -0.0217867760952161 0.00503807935164017 0.00940650983023384
-0.0635524459527105 -0.021508284955934 0.0142222940873047 -0.0241687537642606
-0.0660778568412277 -0.0594012164570734 0.0355018054743265 -0.0470518350597958
-0.0252327714383281 -0.100949018830611 0.072878301229023 -0.0435359036388183
0.0376406927078554 -0.104153282380781 0.0976592876630045 0.00446694319266081
0.13394187907801 -0.0377254188308932 0.0579249623466218 0.0745992255079162
0.12750124966328 0.0920407202896743 -0.0235433916983398 0.0893518225267975
0.0516945357200553 0.164421293793183 -0.0359624319539015 0.020165643402553
-0.0329212738590287 0.138953783852286 0.0167018876494402 -0.0847495124339145
0.0380485171005204 0.135437603568629 0.0693333051659391 -0.101171433772406
0.100095790216393 0.0736423751686817 0.0336794866865782 -0.136631536446874
0.0952938839008379 -0.0359584197174558 -0.0557844139601541 -0.103958488958646
0.0329318558541157 -0.0862066628823765 -0.0783004078837822 -0.0335910274582218
-0.030557424212541 -0.0812104447365666 -0.0675485901480095 0.00957117960707948
-0.0606164697414522 -0.0410588070574355 -0.043594888622259 0.0195440062237935
-0.0653038229237162 -0.0219241285194908 -0.0214685935164931 -0.000328015250059528
-0.0603072623214643 -0.0217248872238828 -0.0118981083595492 -0.0318386528057913
-0.0602305279955213 -0.054565719313179 0.0119828165653457 -0.0611974329522079
-0.0223484921962639 -0.0917581604102405 0.0573718110355348 -0.0669567956678927
0.0358695491860297 -0.0940155664365102 0.0975713760940928 -0.0191258971084352
0.118868381008783 -0.0289904355403382 0.0636275876017829 0.0548189411499055
0.103056896054349 0.0868011373321515 -0.0221735565100919 0.0723308091165226
0.0333590178259481 0.140865636033412 -0.0382570453130793 -0.0230496823669138
-0.0402012130927265 0.0934338780685157 0.0242083881248931 -0.134836699177853
0.00698026976929185 0.10526295381641 0.0688171828025354 -0.11491474199147
0.0635370771196998 0.0673076836534243 0.0517324099355733 -0.13054555866059
0.0729690031178458 -0.0162586598291258 -0.0201701642420011 -0.112017772811097
0.0292767022286927 -0.0613514022352332 -0.0619188399022386 -0.0678127308817584
-0.0188967530679361 -0.0628910472613356 -0.0793895126668034 -0.0206317882028312
-0.0461952323684518 -0.0349520592021113 -0.0663157985112038 0.00214394617565904
-0.0530173701214038 -0.0186693304855597 -0.0429008969483334 -0.00943553484914756
-0.0490934374369903 -0.019035419826122 -0.0342795366709914 -0.0399470735823984
-0.0473356077668471 -0.0459264490475352 -0.00637937399801591 -0.0717514673436903
-0.0141795873744035 -0.0739428231293709 0.0457870661094303 -0.0823230160184514
0.0368888518672036 -0.071645193823405 0.0960335965362628 -0.0319792050717232
0.0952192135459464 -0.00817560335600562 0.0641668670979773 0.0418893203617934
0.0642627172847662 0.0794879783513006 -0.0209813085693761 0.0572474945134457
0.00512663339231257 0.103222803002661 -0.0347622818417282 -0.0565582661491248
-0.037927456795725 0.0321564815409475 0.0253982192357782 -0.165975932223633
-0.0180856468572522 0.0524532260401549 0.0634383007913658 -0.119495705102139
0.0210682056716317 0.0408787350167055 0.0554596874772479 -0.122142551276794
0.0359297484835156 -0.00131778831772888 -0.00197057590534876 -0.112529292755978
0.0171755334214384 -0.0279156618883313 -0.053819523435716 -0.0836086837052638
-0.00535736656228395 -0.0343402388568693 -0.0860724566820986 -0.0362385405750691
-0.024693318279971 -0.0231333528364895 -0.0800624709989036 -0.00883794840690139
-0.0319156961005247 -0.0135815296434276 -0.0574647918546802 -0.0164640493240328
-0.0318006404530323 -0.0154810680902863 -0.0483050651498829 -0.04695052694209
-0.0291513975446573 -0.0328433763746943 -0.0166990834893305 -0.0802291764874083
-0.00463268670524932 -0.050168294654694 0.040647339509182 -0.092584432995014
0.0358666067035251 -0.0449734853820331 0.0961899540969962 -0.0360165921209759
0.0653416441782751 0.0123779459263874 0.0640598215438934 0.0370024915790413
0.0213250294270911 0.0653253995375894 -0.0177936091882798 0.0461676274383135
-0.023214196658069 0.0553503032431221 -0.0235422491923526 -0.0775374984121563
0.035515750792198 -0.000892247672350052 0.0324840589474736 0.0977112233064192
0.00240035928266302 -0.0303804382107847 0.0467395972713557 -0.0461023608160634
-0.0245261708378292 -0.0166733603208297 -0.0687479253670893 -0.0561475023784107
-0.0169721453707251 0.0165814584498085 -0.113190655120129 0.0328077331782201
0.00324763740576293 0.0153918088530599 -0.0489667061482768 0.116314332557312
0.00657678531706325 0.0086345200178954 0.0328361572829294 0.0992044944035597
0.00887131448420167 0.00530326516348485 0.0624871401198842 0.0517352520190433
0.00441379957076289 0.00373853937336148 0.0726717761602023 0.0213919330688681
0.000329336672982815 0.0060467721239177 0.0844485741619585 0.00663100164007423
-0.00854051487486323 0.00399321396653647 0.0936555330494849 0.0285049401785686
-0.00741582115896705 -0.00637754407478842 0.06981968924955 0.0724124220059374
-0.00222325257031234 -0.0114932041120717 0.0104624223802194 0.106547189727788
0.0202301295135605 -0.0193379086858144 -0.0381546955715119 0.12702029330213
0.0373081585597256 0.00156210632469759 -0.0663963493269203 0.132081171931235
0.0358418762426097 0.0378531668489357 -0.029866608325071 0.178543180136685
0.0413621734615082 0.0542159634364665 0.0218412899395889 0.0952180489293847
0.037910670167501 0.000207226122198564 0.0512340031525257 -0.0449177236244604
0.0150627637216066 -0.0185551270041866 -0.0619441139604507 -0.0714942994984257
-0.00147537959603133 -0.0131867150923374 -0.123853810403109 0.0200588103927756
-0.00178781512737454 -0.0165938422192969 -0.0622413089151672 0.112857307177301
-0.0138372799495783 -0.01374493920764 0.023169637901682 0.103392269031452
-0.0159570907367541 -0.00413917407558423 0.058724080395712 0.0563908571662874
-0.0218398837532228 -0.00394981892124697 0.0688696486383105 0.0226364767580017
-0.025354356093224 -0.00560184734346327 0.078792308037056 0.000903149619805871
-0.0306466858362782 -0.0255178552376024 0.0924837686975657 0.0131533498174947
-0.00551446233345798 -0.0470479163390767 0.0832100964489032 0.0535068347539435
0.0283470909151677 -0.0398535793973849 0.0353139396224882 0.0949697624075737
0.069854451402004 -0.00709070111754083 -0.0153180381344801 0.12621390503485
0.0721805926524998 0.0545057216489561 -0.051759861556467 0.12755449376599
0.0432949675619627 0.103675196210106 -0.0256206333270938 0.155323044675204
0.0340926585521027 0.105885563676301 0.0120998280511457 0.073791012046095
0.0663177212664499 0.0439173460887951 0.0566869302003688 -0.0513204960650269
0.0605340261978828 -0.00724170444211091 -0.0489911784681134 -0.0940124315476179
0.026189648711477 -0.0404515242028166 -0.130526330431331 -0.0047609945719292
-0.00051679343327995 -0.0508115721606578 -0.0768427668010254 0.0953992758348423
-0.0307153398118419 -0.0394006879083599 0.00410289481148808 0.0968282924806972
-0.0396949978741183 -0.0154723402678492 0.0422225312727525 0.056908514559343
-0.0448356722290791 -0.0104262139886376 0.054239051446827 0.0210465561774387
-0.0457413098948601 -0.0134086252935902 0.0632083578524798 -0.00794894214896696
-0.0516391258004653 -0.0457602730778639 0.080805631400223 -0.00920419283309645
-0.0130336194033152 -0.078996138250139 0.0907656282828873 0.0205259266105995
0.0409420093526396 -0.0726697809582628 0.0662274323860702 0.0696164791600348
0.110723755575659 -0.0173214531286195 0.0161390762921502 0.117858936078668
0.109203880835584 0.0829891434541264 -0.035738203694385 0.119147949896739
0.0545301363840567 0.148873615016049 -0.0238434277058771 0.11686351753896
0.0158280849684434 0.144177154243586 0.00665296453356288 0.03230758311132
0.0800970580211789 0.0923478393858132 0.0612513298489622 -0.0647464695772782
0.100312358579858 0.0182958836289576 -0.0270676486158254 -0.118298045800588
0.060545731028804 -0.0573073510110613 -0.12383183936531 -0.0401309362347036
0.00813532935359571 -0.0809981869949184 -0.0892605693041569 0.0625076691469074
-0.0417259972285038 -0.0645486919340351 -0.0209803840323613 0.0788618557236368
-0.0581221045148929 -0.0275364574914647 0.0171082798709112 0.0507829737417057
-0.0612822680996498 -0.0154050545430477 0.0315328865867312 0.0161537708654277
-0.0591223966012305 -0.0176714391170923 0.0392267210131892 -0.0175860992972514
-0.066102896779528 -0.0550784120526634 0.0593165422820986 -0.0316053646905575
-0.0248738991919439 -0.0969181904330476 0.0863288101625749 -0.0165400258723366
0.0381734601294171 -0.0981330992116336 0.0884431946814181 0.0346771719657898
0.131113105528762 -0.0362565614561408 0.0441976377565517 0.0979174706483302
0.13328055344458 0.0889979073440731 -0.0250739166885074 0.10647114791885
0.06300229670027 0.168173393807397 -0.0280797839680436 0.0693574256990729
-0.00681182571535054 0.157856694834718 0.00683969614916329 -0.0248001709808822
0.0711628051275788 0.128281693721539 0.0637428080732828 -0.0846802766016076
0.117778806266395 0.0489331146675138 0.00117387045412262 -0.135040426539501
0.0883306674605197 -0.0564562646624956 -0.0975696471985246 -0.0760137722907151
0.020331297762571 -0.0954030664166153 -0.089766208162247 0.0157412564134565
-0.0424535352161549 -0.0798640614561509 -0.0465255186669288 0.0481866406168012
-0.0656381995057805 -0.0358114942077006 -0.0132290289291227 0.0380466934816294
-0.068685005943643 -0.018001807314929 0.00548725692201535 0.00961178722679324
-0.063907367256082 -0.0191394168219046 0.0120517032837279 -0.0248558197048332
-0.0691801617118046 -0.0555532269795638 0.0331062113024656 -0.0496727636580279
-0.0312637275164513 -0.0995874917867028 0.0714384744593558 -0.0485248132274269
0.0320994304901099 -0.105629544270682 0.0968804901012068 0.000416193512512136
0.130884099917381 -0.0449144561950726 0.0603820944895247 0.0733231198042384
0.132109603942715 0.0856029045179598 -0.0201629375973699 0.0903335866716967
0.0591144831661404 0.163200666193216 -0.0349468522702474 0.0220168571256172
-0.0258555261530255 0.140222004459799 0.0123834700194266 -0.0849776046812394
0.0435643014244653 0.133313690488091 0.0648803655618733 -0.103631886483815
0.103485643071029 0.0686203766646358 0.0285431976560899 -0.139038299599117
0.093153399270924 -0.0397036768295863 -0.0597040112921256 -0.101620084273639
0.0279843748585234 -0.0879477114819689 -0.0800811724105494 -0.0313770788329851
-0.0348841195876196 -0.0788445783866557 -0.0669949988291507 0.0127250527394207
-0.0625712196127493 -0.0377862914700875 -0.0424738019988291 0.0216293852274664
-0.065784612156586 -0.0178648123454781 -0.02103365697616 0.000993934724624302
-0.060547029825738 -0.018437272299077 -0.01443063225216 -0.0318557497148867
-0.0629474893113028 -0.0511058746690184 0.00833410381374592 -0.0619725451148028
-0.0273768413637612 -0.0900544424453927 0.0545556459944457 -0.0708126366935515
0.0311006763873754 -0.0950632825616022 0.0958068370420812 -0.0238956776698755
0.116918952185898 -0.034804582215536 0.0658095496417088 0.052532743459639
0.107056479451239 0.081358825846481 -0.0196030564616018 0.0741805679143358
0.0395350265821547 0.140046539232146 -0.039875685545899 -0.0207517152559385
-0.0352886886562022 0.0960075877066769 0.0183947940734038 -0.135710047178563
0.0116535614408386 0.10415815331086 0.0642262421267953 -0.116535552462971
0.0664283511514444 0.0638897239990983 0.0464689330838186 -0.13292802055084
0.0716242039008295 -0.0194735238850967 -0.0247505754134478 -0.111859842411512
0.0258996301560116 -0.0626013772916999 -0.0656091741893774 -0.0657040460742168
-0.0223452061169564 -0.0615971798415561 -0.0810901151701554 -0.0162136787938417
-0.0480787990682446 -0.0323598717597624 -0.0658315134884602 0.00658868884949067
-0.0526664892340671 -0.015707149212952 -0.042351647548034 -0.00706252380142438
-0.0498589076145686 -0.016410562845932 -0.0364546791717333 -0.0379603806453854
-0.0491458267283897 -0.0426445023189008 -0.0101420378674351 -0.0710578387456796
-0.0178086535597871 -0.072724845893103 0.041648931477669 -0.0853406014850126
0.0324146167657949 -0.0733568969407591 0.0935975110837934 -0.036608165538927
0.0943615183087756 -0.0134282989105936 0.0652964332983094 0.0398759138956695
0.0682374332830268 0.0763877069197466 -0.0183528390017867 0.0590522246100468
0.0101028359839534 0.103394945626284 -0.0372096875447702 -0.0537758960335567
-0.0359910609000487 0.0341027807467139 0.0189496160738805 -0.166371725651954
-0.0154503451221868 0.0532158310779609 0.0592645862504914 -0.121041268223139
0.0229070546771372 0.0398822172430668 0.0505590957992 -0.124900079321369
0.035550198965889 -0.0028796463545324 -0.00643860320041823 -0.112954860726894
0.0157816046168538 -0.0285109665233321 -0.0582787975829024 -0.0820429944991028
-0.00766687581481489 -0.0335690213094307 -0.0878346504279425 -0.0317284583831296
-0.0256328672289786 -0.0217191971840893 -0.079939899310896 -0.00389649904649444
-0.0318827329476673 -0.0111719066988334 -0.057661609747731 -0.0134619054706153
-0.0325097374972181 -0.0135303121818673 -0.0504691552963311 -0.0444320284438294
-0.0315213603490836 -0.0307626701686855 -0.0204507775145504 -0.0790217273161617
-0.00714480156825518 -0.0498829925742683 0.0363785000870177 -0.0947759595665015
0.0331710605984947 -0.0470929048619751 0.0938459284414517 -0.0405826507317644
0.0656073092923146 0.00913715085259008 0.065031837353103 0.03449077966667
0.0249418829737551 0.0645468268321578 -0.0161346811154436 0.0476663038674628
-0.020866117018205 0.0570335924553549 -0.027417201362203 -0.0752122396219139
0.0348017487965234 -0.00238357163230475 0.0362920994490437 0.0924286426518325
0.000566919768267481 -0.0297177430845669 0.0412843370292195 -0.0467652207362189
-0.024827680802367 -0.0154473004066797 -0.0694109570807651 -0.051056042899049
-0.0155028164855043 0.0166775423516701 -0.108382107456353 0.036438417411986
0.00398318731212316 0.0148081423682043 -0.0411270902406432 0.115067300448154
0.0065319816437852 0.00783327204344473 0.036662951292461 0.0941553813007938
0.00834164724813599 0.00459137649236882 0.0616099196585997 0.0464600703852443
0.00365633098129775 0.00318550637451879 0.0714141615029227 0.0169117341667598
0.000650287729089269 0.00585731669495048 0.081509367002989 0.00112882822307308
-0.00817909143820098 0.0038988024172571 0.0923534902618504 0.0218461525204224
-0.00686026838018578 -0.00569824167294321 0.0721182493816553 0.066615911811739
-0.00235011734293569 -0.0110364699972253 0.0151739467017399 0.104534778662688
0.0179327694837657 -0.0196917209241516 -0.030653939552644 0.124789707040701
0.0364817816663998 0.000277621734650809 -0.059511214878097 0.130379241517842
0.0368356588217964 0.0352507065519126 -0.0201494262218839 0.173970228408653
0.0431934249305121 0.0504896977615088 0.0258449377870068 0.0918876492082673
0.0364994085576324 -0.00257383258190197 0.0466797699859687 -0.046153537714944
0.0127537533795497 -0.0192868157806969 -0.0633873361086738 -0.0669762617270903
-0.00183918051441705 -0.0121024021174271 -0.118917793007099 0.0250187062395906
-0.00230941813253288 -0.0155932655276167 -0.0538970607148811 0.112094744963355
-0.013662634624417 -0.0121862316430436 0.0273061254567431 0.0976966164406621
-0.0159021064580283 -0.00298884073022492 0.058286238799412 0.0509394532287286
-0.0210495303342149 -0.00243192474681502 0.0676626213072387 0.0177649294377425
-0.0244313670928531 -0.00404996320806675 0.0757442849353672 -0.00452447074155121
-0.0313343655734561 -0.0237833358953371 0.0898778961282368 0.00729702826073592
-0.00736574979101823 -0.044993835302675 0.0841313407383499 0.0470265440352985
0.0254389317939149 -0.039493027619381 0.0387223481597841 0.091452548002127
0.0667999994476057 -0.0101780488233093 -0.00926298021389192 0.123335303443867
0.0727613520399997 0.049497647413001 -0.045074762763658 0.125336400627674
0.0469182894409841 0.0989435534287116 -0.017814008791255 0.151578920167063
0.0389113396357591 0.101334940658728 0.0155135905723622 0.0706611326153758
0.0662879097804765 0.0391928948889261 0.0523544885273256 -0.0520638038319177
0.0574646157099013 -0.0104703939651074 -0.0515195172508283 -0.0896034965065286
0.0233611270842882 -0.0400701349736276 -0.125812378735412 0.00105266603991766
-0.00336277446885284 -0.0490802612755172 -0.0696008012182895 0.0962768129750946
-0.0321607696760726 -0.0361834704858827 0.00898489875430276 0.0937536440536547
-0.0393994387602108 -0.0132006996809759 0.0430287531240863 0.0522759801196218
-0.0435731227610545 -0.00778534252697722 0.0531406114978584 0.017275917189065
-0.0449924026394759 -0.0108527742753803 0.0596835109256373 -0.0116915008805342
-0.0521910249582172 -0.0413264561207369 0.0766681736103499 -0.0137136181447597
-0.0173777278308952 -0.0757786059819838 0.0896583013279947 0.0146861848856479
0.0360561917235724 -0.0720888672625346 0.067134594810727 0.0654304846811862
0.105207958128089 -0.022532993892949 0.0206141340391439 0.114258072068351
0.110247482112504 0.0750525561549251 -0.0302449260711735 0.117294047576749
0.0606129581852264 0.142551571178221 -0.018483484150712 0.114265436562092
0.0235230647863063 0.139177613060659 0.00796574818734238 0.0312098344476584
0.0814981167043878 0.0849479952827407 0.0560925017346123 -0.0655899768067199
0.0981527933198682 0.0116178321843586 -0.0317088848193352 -0.114968274641697
0.0558558236992897 -0.0580150497704679 -0.12077334470883 -0.0331772967183139
0.00313767444626867 -0.0785571286945467 -0.0827066540943464 0.0642195191869917
-0.0438745274488316 -0.0597303328149449 -0.0164449028519413 0.07677067398403
-0.0571557254032341 -0.0226961126573031 0.0192671387687002 0.0481528306861087
-0.0594721275395911 -0.0114036004810586 0.0315378014368669 0.0136699641352123
-0.0577685693893533 -0.0140766423891816 0.0363457388006496 -0.0192572345135326
-0.0661960885673835 -0.0497000329673978 0.0550775381658296 -0.034882085892395
-0.0301951292293675 -0.0922707942378425 0.0829015370819254 -0.0212070227313099
0.0320776469940133 -0.0962323477586003 0.0869148453024295 0.0301307931036174
0.124871987475894 -0.0421619592195029 0.046911346927802 0.0937499923530633
0.133727901389697 0.0797508689878254 -0.02036559696227 0.105139062191617
0.0697760091729564 0.161186991031795 -0.023787557408083 0.0687247398665199
0.00135532555900552 0.153114806726271 0.00499978891669206 -0.0235905110057271
0.0747423319215865 0.12018304561733 0.0577282311694998 -0.0844097571737999
0.116757061196479 0.0410256088474247 -0.00464831206449266 -0.131978284814327
0.0826077637912958 -0.0588985458938017 -0.0977897089621182 -0.0699532667356928
0.0140587070862997 -0.0926934710876518 -0.0862512135918784 0.0192762744414119
-0.0455348187319511 -0.0745647396406283 -0.0428610941415289 0.0487013981745
-0.0658793505819906 -0.0307187896075658 -0.0103589502710269 0.0370945269344651
-0.0667369725964779 -0.0133653598429267 0.00614305064272789 0.00823500015137937
-0.0617477855947107 -0.0149111956226783 0.00962228335008327 -0.0252418819923256
-0.070356777250956 -0.0493972447806218 0.0288594880310626 -0.0503266967435604
-0.0357655360622579 -0.0946738732219674 0.066964474464255 -0.0513480875674407
0.0254372903653058 -0.103368118417162 0.0928330807350355 -0.00382233639890112
0.124166928516116 -0.0504098723516887 0.0612594969675198 0.0696252842153446
0.132221044863826 0.0758854486137659 -0.0161360129933782 0.0893403802659917
0.0656599947655754 0.155962301373199 -0.0330854614349174 0.0231101717361298
-0.0176126792599595 0.137210960735907 0.00777776368426886 -0.08216467600546
0.0489210568791409 0.126619610593014 0.058325926665436 -0.103056107960996
0.10364069467194 0.0605170814351174 0.0216797241763251 -0.137401231346516
0.0885541504062711 -0.0436324456753172 -0.0619240815629441 -0.0966021857320802
0.0219900377166806 -0.0862240533547548 -0.079732641658882 -0.027417389585934
-0.0380102337524201 -0.0739944255774997 -0.0644335575423437 0.0159260689349665
-0.0622813617011832 -0.0330076716514456 -0.0391854145978523 0.0238510744635079
-0.0639831428772867 -0.0129867114833801 -0.0202114913592227 0.00189228582141192
-0.0591654662732601 -0.0147326550821673 -0.0157538079253176 -0.0299633701611003
-0.0633404365586603 -0.0457407137869159 0.00497399787401614 -0.060997175905337
-0.0316357087721358 -0.085583968004479 0.0490818206045082 -0.0721108989462988
0.0252707926293108 -0.0932425057414031 0.0907724505839816 -0.0272017550257403
0.110602015590732 -0.039292304190343 0.0655021024469174 0.0492001556683867
0.107568559339887 0.0740103761819771 -0.0156448392879817 0.0737996939113446
0.0445242169546569 0.134423577137199 -0.0393232476628739 -0.0176927150630555
-0.0290393696123221 0.0943088482713394 0.0115252105593979 -0.132067893836927
0.0162900821228918 0.100295027683085 0.0578959684206294 -0.115179921693251
0.0672446432180041 0.0582184081548396 0.0391259112399605 -0.131857953072013
0.0683923495781372 -0.0228626457422206 -0.0280172000118188 -0.108271955329432
0.0212293387930457 -0.0618903752278167 -0.0671671023991982 -0.0617508978012227
-0.0250237311704204 -0.0583308768002579 -0.0794965431928307 -0.0109665502239227
-0.0478620150803181 -0.0279866471906613 -0.0623600641437418 0.00977114848798051
-0.051035690397592 -0.0117048866508787 -0.0414069646898673 -0.00459813281812402
-0.0486245039658094 -0.0134966520400199 -0.0368760006649266 -0.0347420406795996
-0.0500684278101445 -0.0385205131562251 -0.0127209336448462 -0.0687769659266143
-0.0213279274925932 -0.069697846311724 0.0363232243011742 -0.0856507776179887
0.027780831353576 -0.0723244537205017 0.0882257950193572 -0.0400136759303092
0.0899819531079777 -0.01777355267468 0.0649076394397852 0.0367827606890863
0.0700885017792892 0.0709381560601383 -0.0151552554832344 0.059059332822153
0.0149843195464746 0.100358045076973 -0.038771550381726 -0.0505075198967942
-0.0330302750586199 0.034310203019629 0.0104910223113971 -0.161571616227092
-0.0121659676543792 0.0520709456044323 0.0534045993266573 -0.119693883036057
0.0244955007957261 0.0373249474815677 0.0437314194993635 -0.123939921027467
0.0339255625294079 -0.00415101501087389 -0.0103705388619192 -0.110075515309353
0.0133355815771265 -0.0286124425074267 -0.061418503886003 -0.077031071793049
-0.00847881486537719 -0.0321400490068109 -0.086976359430014 -0.0253807548806087
-0.0261748556968772 -0.0189817646607617 -0.077205912695041 0.00104749314514707
-0.0313137161584028 -0.00871657633223464 -0.0559755555334181 -0.00977504028991469
-0.0320731816453076 -0.0110943739677911 -0.0509221103190087 -0.0399751533955719
-0.0315780796218809 -0.0275035398370762 -0.0231180036853936 -0.0760027221496661
-0.00895456724591359 -0.047683043730406 0.0302128400675466 -0.0947101775011035
0.0292796408997203 -0.0462862744170059 0.089187320569976 -0.0442634368515978
0.0634089384994202 0.00539504490311981 0.0645913533858281 0.0314898874597776
0.0275254243899227 0.061106817964732 -0.0129138096526356 0.0479950262876368
-0.0172351668684238 0.0561912114471725 -0.0298325370453611 -0.0720119836357122
0.0345689979385621 -0.00662430201293749 0.0416573217090778 0.0832355504330804
-0.00215189935855657 -0.0282194600023478 0.0336074044574694 -0.0480316205483303
-0.0258160764684332 -0.0113058396421153 -0.0707260242017593 -0.039981083577314
-0.0132392789048199 0.0171016586144155 -0.0966584889874089 0.0476452038947335
0.00460335061878206 0.0132854943993496 -0.0243902658654322 0.113144883019537
0.00756314286330277 0.00701438510022244 0.0452444167648394 0.0842212358392149
0.0085812264255583 0.00326418292486735 0.0635023581150141 0.0369719732411433
0.00373499858359951 0.00218049244980416 0.0676960314677378 0.00644324518334091
0.000759359447610778 0.00495922246103798 0.0758326630190166 -0.00876003234388625
-0.00762818192576406 0.0039874660260267 0.0887562941878989 0.00867292933506006
-0.00719419746156676 -0.00478324618120694 0.0754901255440988 0.0552827309674983
-0.00235859305448989 -0.0105519504497654 0.0259791168636285 0.0982627359071045
0.0148085107647202 -0.0209000788395971 -0.0151190695284359 0.120273784693458
0.0353652601779205 -0.00384826443518662 -0.0398484683105455 0.127795498063031
0.0407839963781796 0.0280337991614992 0.00140080958242602 0.168364135252011
0.0488451065885195 0.0438284685683103 0.0307927892063935 0.0796782134594259
0.0343399488899006 -0.00585723589471935 0.036942367112748 -0.0485395245530585
0.00887345366555781 -0.0194082354362794 -0.0688328990914919 -0.0552273638120624
-0.00342256219613633 -0.0107809632440035 -0.10880190672376 0.0389140445335415
-0.00457043745178284 -0.0141856693851 -0.036787201692223 0.112835477324003
-0.0140556829195351 -0.00970231276552369 0.0371217686277311 0.0900484711945163
-0.0147472223178099 -0.000639497646694875 0.0606386707668245 0.0418497303699558
-0.0201925046766119 -8.68961102121956E-05 0.0645227053698733 0.00801241141817533
-0.0235064734187134 -0.00146549899052568 0.069481385416593 -0.0128009304794373
-0.0323001915110819 -0.0182867623098511 0.084110667128402 -0.00496896377726936
-0.0131628926388557 -0.0415852252562823 0.0836040230481238 0.0344255982183656
0.0204169643257092 -0.0405701405937709 0.0460095535703339 0.08259332247422
0.0613743084831169 -0.019224932017731 0.00644203840114523 0.116602424607461
0.0741413616412626 0.0369083407503955 -0.0248967408322368 0.122717196222211
0.0579672348078888 0.0853370385783853 0.000974789110278795 0.148709447335687
0.0515255946630951 0.0927421567905916 0.018075308965788 0.0577679682774418
0.0666369665042421 0.0293368789111271 0.04030581180961 -0.0564236395373733
0.0523084190037923 -0.0163226532160798 -0.0621756788771761 -0.0796214705877045
0.0171172508048286 -0.0394740529310279 -0.119907763931586 0.0182969828567935
-0.00912880526777953 -0.0458048676939313 -0.0544889604831652 0.100406453075778
-0.0341008674153182 -0.0302284353938717 0.0191453396330918 0.088953970187535
-0.0373947491091553 -0.00747497114479522 0.0464244873712733 0.0449734391060169
-0.0413913289072495 -0.00175622594452338 0.0517354550910908 0.00918736573784527
-0.0432932748619805 -0.00517430918273464 0.0529361577417771 -0.0177514653475191
-0.0538162865984957 -0.0321432934698178 0.0688652122126488 -0.0231526448707086
-0.026606009826152 -0.0683120386197625 0.0840374875211155 0.00303962843789785
0.0254168134109893 -0.071772947090464 0.0697677238484327 0.0539968222120535
0.0958740546937896 -0.035657517930782 0.0340240193894787 0.103005316862885
0.11147802708747 0.056087479286749 -0.00869305577899879 0.114008353506365
0.0756909574379556 0.123987404374672 -0.00295401565300902 0.114801459388648
0.0412858630160599 0.131727228956614 0.00684943784460103 0.0182028197452298
0.0858768239416465 0.0704207530560381 0.0420421868499315 -0.0708491962275644
0.0928701346767711 -0.000736046350189127 -0.0477026162512108 -0.106622645928506
0.0456649029797898 -0.0603983680421599 -0.120701365902234 -0.0152647032947697
-0.00702481075817998 -0.0738947589229389 -0.0722435830825418 0.073208924599096
-0.0475508739833396 -0.050370920673859 -0.00755561721477008 0.077045379240571
-0.0556412696138421 -0.0149772676944478 0.0227632505901901 0.0443896484977457
-0.0567703919064121 -0.00348651652777634 0.0312817402641399 0.0087283829670764
-0.0555647358257158 -0.00656759120830888 0.0303423681298711 -0.0216133650937508
-0.0677692326503829 -0.0372586604949026 0.0454222057750399 -0.0397773137382037
-0.0402155755260121 -0.0824749946307809 0.0735824609824286 -0.0303288891008874
0.0185122179350714 -0.0937699826462705 0.0834873242674279 0.0174563093203504
0.110639060864577 -0.0556331442200608 0.0562569698217306 0.0800479221932373
0.133464604084788 0.0575577848664708 0.000428596140784399 0.101082418372809
0.0855688221015269 0.140090398403221 -0.0138146274824327 0.0734231298531928
0.0215760390997985 0.147663363510013 -1.31452725943858E-05 -0.0352037410207592
0.0829902006960522 0.104760048968162 0.0424055424304851 -0.0892665756397925
0.113823936645291 0.0245927392866252 -0.024944231008234 -0.128085960531555
0.0708273431168207 -0.0639079358013756 -0.104282322603266 -0.0533994383060094
0.00218228060309691 -0.0888934859883849 -0.0826676184947557 0.0308682846002062
-0.0508896878011753 -0.0641223167873206 -0.0357977840386239 0.0539995195371841
-0.064168940907728 -0.021366488329822 -0.00630563147005042 0.0387188987292103
-0.0639112354719725 -0.00460979333747188 0.00612892814068771 0.00718412233598762
-0.0603853719590712 -0.00721131497154512 0.0046633041725916 -0.0236762663552239
-0.0710904993228457 -0.0374997124975635 0.0185848227219737 -0.0510224057071971
-0.0464797747025446 -0.0834153880294173 0.0540953604955233 -0.056818645240927
0.011409272724309 -0.099176544513178 0.0855137011255268 -0.0154362235432866
0.108178461203587 -0.0636057343846866 0.066814967429294 0.0557642852116549
0.131780813009018 0.0543531939376515 0.00261525034966195 0.0868824336898844
0.0808790926621785 0.136616762633971 -0.0268492869746598 0.0308778976632527
0.000313049087875973 0.133832323966315 -0.00322289146200143 -0.0900305005237279
0.0587573774055356 0.113768438473407 0.0415984652303791 -0.107451898195811
0.103816683544035 0.0452270907795462 0.00015822863372049 -0.136782301103997
0.0779814112373994 -0.0495620303128399 -0.073809894158303 -0.0838582262297091
0.010827229883934 -0.0835275701580514 -0.0814907993427524 -0.0145713229494415
-0.0441039007443068 -0.0651582185367827 -0.0607423305506439 0.02626657972939
-0.0618988160968762 -0.0234724179365229 -0.0357027661060615 0.0283900857890934
-0.0609130101095886 -0.00477720344940217 -0.0183727697513959 0.00406878550252498
-0.0567631138932147 -0.00696088197118583 -0.0199508652276023 -0.0256916179293049
-0.0647174323106616 -0.0343323372400725 -0.00454485943556812 -0.0577229824799953
-0.040694163141346 -0.0756370392841654 0.0354347272123062 -0.0737249763499365
0.0117971486507662 -0.089345792762459 0.0810511122602932 -0.0377468560763092
0.0968383397279284 -0.0522773221811245 0.0682668553199711 0.0368284657192531
0.109144120228834 0.0548303643661903 0.000297775437772285 0.072310647603072
0.0588827817514803 0.119381553990322 -0.0382656598892211 -0.00776029385497151
-0.0162550222495788 0.093655351241798 -0.00341623971136178 -0.133924402118235
0.0260925309580145 0.0921279269491991 0.0405591946435593 -0.118509562853809
0.069719998690828 0.0465964137944297 0.019999205277894 -0.133490523646934
0.0618553756065474 -0.0281871625863431 -0.0422860354833951 -0.0997990807027879
0.0132157527605565 -0.0604366293912169 -0.0747079076243323 -0.0494913553787321
-0.0300290172526944 -0.051395889647619 -0.0780984801991513 0.00114583943975399
-0.0480177145851594 -0.0205915509517286 -0.0596943398898992 0.0185718346228623
-0.0488071645250272 -0.0048115773004417 -0.0392367845041541 0.000740472587316064
-0.0471401246895566 -0.00686038407292621 -0.0396131306143932 -0.0278321205952784
-0.0507427445190174 -0.0289945521649782 -0.0222094826377039 -0.063200489589272
-0.0289544409638012 -0.0612160547864604 0.0223745046164197 -0.0851380326669425
0.0170364257311265 -0.0701944640804116 0.0779112588819921 -0.049041142739533
0.0807697257738372 -0.029202981911753 0.0666782834554214 0.0252543182594629
0.0733951222638635 0.0564940465073517 -0.00200277900514682 0.0589238562577561
0.0263584197291887 0.0914971045833279 -0.0427520068609059 -0.0399565033462579
-0.0278375684616523 0.0361992111702236 -0.00581370709559873 -0.157528091391949
-0.00614171436047593 0.0499331736064061 0.0374426290843103 -0.12058600884139
0.0264939041088928 0.0319372333202224 0.0267095160611385 -0.12478513906854
0.0308725392309331 -0.00754991345994701 -0.0249592814808942 -0.104030225036892
0.00964854817649439 -0.028334346406923 -0.0691230082949718 -0.0656048630965833
-0.0122292350095001 -0.0289485715244634 -0.0860242793072971 -0.0126487196722373
-0.0270132584190526 -0.0141300926218128 -0.0735387575152713 0.0112369264148485
-0.0295895442211487 -0.00397932801690066 -0.0533236404624328 -0.00250563603046431
-0.0316707708367793 -0.00639451785125825 -0.052250389460959 -0.0312895599336435
-0.03267127412922 -0.0207219572799544 -0.0323917815563648 -0.0684916065261084
-0.0148525347577529 -0.0428103546991199 0.0166446476017947 -0.0929712474126911
0.0211786893608786 -0.0467741234074463 0.0784042720799207 -0.0526892726237328
0.0587929376650264 -0.0039426265619092 0.0660127833515777 0.0223172315720336
0.0334737646251973 0.0524006681644541 -0.00339631785323317 0.0487885068645321
-0.0090891871196714 0.0541673656602014 -0.0373989926512125 -0.0622061386363845
0.0329180124838393 -0.00603121308582759 0.0390909937411567 0.079902306983842
-0.00170643102548632 -0.0269037235275363 0.0320465066759456 -0.0449730133622171
-0.0244175969745967 -0.0107182382009355 -0.0664456347129586 -0.0390002325885985
-0.0124479534834143 0.0165074617338061 -0.0928926240121798 0.043400336933166
0.00467889288796023 0.0122756873404699 -0.0236534174112266 0.107222410821272
0.0069723340725606 0.00653013738947251 0.0412868372772166 0.0799148191474386
0.0083046864860381 0.00341264882842101 0.058919387022558 0.0358839260047058
0.00338098514013749 0.00197442072159615 0.0637339780530564 0.00675409905446608
0.000508013787102287 0.00419021502533363 0.0712930347380005 -0.00775633982648402
-0.00742821594146213 0.00381486687202446 0.0839513225715551 0.00807222951674579
-0.00738703493473901 -0.00526913643226566 0.0713232721598286 0.0531055010298448
-0.00171294391420952 -0.0100375532100281 0.0230116209690655 0.094923301145096
0.0137948010033011 -0.0192934656351191 -0.0157045686930755 0.114024147086797
0.0336738029901753 -0.00360081420648232 -0.0410155143707756 0.119981645866747
0.0384995254890024 0.0265544700576805 -0.00168282911291799 0.159991659929581
0.0468831273621159 0.0419762976086816 0.0284558461027654 0.0763559313165337
0.0322239033778254 -0.0052817053500792 0.0355470317748511 -0.0449845475050098
0.0080975936951386 -0.0179365304755853 -0.0645231930177684 -0.0542508055776997
-0.00341798616693623 -0.0100130115241885 -0.103964765166539 0.0345423296968718
-0.00428638208574546 -0.0136176421295164 -0.0359402116179111 0.106155679230027
-0.0133698408569889 -0.0095041696462499 0.0340385172892761 0.0854060167187631
-0.0138729430108657 -0.000881115821739994 0.0560732306965051 0.040464955272492
-0.0192863684814116 -0.000238305294627526 0.0606244697181408 0.00782444982899737
-0.022355421681513 -0.00196801810856878 0.0651664550374867 -0.0119223470993549
-0.0307544995486483 -0.0173134585832684 0.0794531657903133 -0.00505402975760252
-0.0126054788222484 -0.0395076106845819 0.079216008900931 0.0331982365293028
0.019310971302462 -0.0379413305038503 0.0431266537846698 0.0799717100892682
0.0582956659787739 -0.0171233136755219 0.00389681192228044 0.110467256144052
0.070215850494757 0.0359180455090872 -0.0266103407030217 0.116341325636362
0.0541160264856585 0.0821760337495939 -0.000800638829265246 0.140936573755543
0.0483437125345459 0.0885355586084937 0.0168305262206308 0.0557661503281488
0.0621605885309706 0.0280140542862588 0.0390657614737779 -0.0523436218950163
0.0489858165631068 -0.0152440885307302 -0.0579342382584107 -0.0774868636489572
0.016216025349618 -0.0368714972696249 -0.113989885715596 0.0151374427614643
-0.00872126631862988 -0.0434312296757925 -0.0530487619206436 0.094336736746879
-0.0318680002125385 -0.0286713131980931 0.0169921005187424 0.0842039235700199
-0.0355509626548543 -0.00717636875705608 0.0432172958139447 0.043065436800245
-0.039293570682537 -0.00199026159326734 0.0481502153507428 0.00899657998248051
-0.0403122346777421 -0.00551304921226691 0.0497640828265808 -0.0169215887019135
-0.0508623020563347 -0.0307155269002044 0.0652665175173958 -0.0222251302782814
-0.0253794941142278 -0.0653956003362866 0.0801426918005689 0.003114627755254
0.0246686105573454 -0.0678593341754078 0.0653158866238629 0.0534970864061677
0.0905310601980728 -0.0322941523930489 0.0300073400746983 0.0984522619688769
0.105202351963504 0.0542936714631383 -0.0113185821512747 0.10854399274251
0.0704930938133005 0.118952093130654 -0.00453037391581003 0.108790209403106
0.0375271615581116 0.125576976835588 0.00713701695159173 0.0182244108365559
0.080774510536463 0.0677016242390901 0.0409468003160865 -0.0658289039720082
0.0872985129884869 0.000144292528832599 -0.0435576365928693 -0.103009520456373
0.0438617157735904 -0.0561017886037642 -0.113765988516124 -0.0170854596948095
-0.00582829982709411 -0.0697664184481386 -0.0689562804167976 0.0679119999314862
-0.0448095256533542 -0.0478270892055608 -0.00785756648713999 0.0730118898859484
-0.0525599374155244 -0.0143210345278924 0.0209844268256645 0.0421207839354963
-0.0535714865099537 -0.00385382851805107 0.0291924924066998 0.00817833147756674
-0.0525690309359313 -0.00707482793061408 0.0283957997807698 -0.0205608488572115
-0.0639203248145845 -0.0359928906766656 0.0429051875024435 -0.0380855315036544
-0.0379230316682932 -0.0783567070089157 0.0693639375768705 -0.0287285214935353
0.0182813957688192 -0.0887575421699409 0.0791094682038385 0.0180741468141457
0.105236494833964 -0.0524246512133069 0.052220296867244 0.0782515162338116
0.126165224581031 0.0558390259497841 -0.00216378520584308 0.0964040781263746
0.0798348613708336 0.134370767066825 -0.013725279189105 0.0700001325235751
0.0190056711650293 0.140205803388524 0.000877897180285793 -0.0326859412155035
0.0777402886134894 0.100147102276501 0.0411622868765553 -0.0832853694395011
0.106968156455769 0.024662476396301 -0.0214095980855295 -0.12259074567493
0.0678361542650419 -0.0598781024746362 -0.097462484829431 -0.0532485529596275
0.00236562088058044 -0.0843052045464118 -0.079086640093434 0.0278352485012069
-0.0479893313056805 -0.0607906677615356 -0.0349864140425011 0.0516349964662348
-0.0608346798505758 -0.0204072552468723 -0.00631270837417719 0.0365350502128749
-0.0598476621836173 -0.00425518247619537 0.00544210874705286 0.00668188921865469
-0.0571032002246249 -0.00740747877802804 0.00442711204033627 -0.0225562881072955
-0.0667709151359916 -0.0354926170138801 0.0179885913792521 -0.048388611857764
-0.0433790719982547 -0.0791289310461601 0.0522574357590382 -0.0542477158558086
0.011673362575011 -0.0938857952829414 0.0807123586968261 -0.013013403791901
0.102820820846007 -0.0595696592799787 0.0626444348048332 0.0550562592046113
0.124886385150935 0.0529941160236171 0.000809974990188253 0.0830126125430379
0.0748060774525476 0.130700197010344 -0.0263412969083542 0.0292348156759234
-0.000851177839708352 0.127433855585248 -0.0011527489704952 -0.0845823264130636
0.0541891059680906 0.108754389507116 0.0415078256122665 -0.100536969803405
0.097589460456202 0.0437255767918592 0.00247905586861167 -0.130252884809963
0.07390555453518 -0.0466875113342214 -0.0681868635122412 -0.0815645271698821
0.0102393997103264 -0.0788023009959647 -0.0775410121835055 -0.0160045405866455
-0.0416903519937097 -0.0614293406110578 -0.0585086879988107 0.0246386901169405
-0.0583208613636802 -0.0226858351191172 -0.0335363778218391 0.0271735092221013
-0.057239844612392 -0.00458617752930333 -0.017111587652954 0.00338265670215389
-0.0536061918309779 -0.00729471290165665 -0.0184819860274622 -0.0245167783570023
-0.0606332418849147 -0.0328118648187775 -0.0038689923524549 -0.0551125831533819
-0.0382898317930468 -0.0718839802051262 0.0346060244987579 -0.0706995768178665
0.0115423430418616 -0.0842466060872897 0.0776171733346609 -0.0342719047104292
0.0917974693506207 -0.0481749650354044 0.0642856213223722 0.0370583299270381
0.10341305279567 0.0530177337053749 -0.000846505421482377 0.0690793026500563
0.0548048282990846 0.114190064709113 -0.0365183156248457 -0.0079474938867054
-0.0169728414022832 0.0889778492193903 -0.00137187404419528 -0.126936897796343
0.0234531218163526 0.0879284473053929 0.0408509805283523 -0.111288222124771
0.0652193404522824 0.0450113078058415 0.0209041574041149 -0.126551997629555
0.0584051902787979 -0.0261929512266153 -0.0383597071540115 -0.0966175266822435
0.0125625789389742 -0.0570872637154065 -0.0704236251248703 -0.0486635213553587
-0.0284446552422422 -0.0486737218388611 -0.0737958755640445 0.00101325597630842
-0.0456353635684337 -0.0197383135040889 -0.0559663967775561 0.0175712892351247
-0.0458499214921252 -0.00494750002895869 -0.0374944633288336 0.000476600008656233
-0.0440081883719096 -0.00637753658944001 -0.0372854073081579 -0.0270508732076215
-0.047754277534619 -0.0275228193639135 -0.0206722596190822 -0.0600753782085027
-0.0270400868158035 -0.0583234687298636 0.0221111979950808 -0.0812050869312516
0.0165344431175133 -0.0664092095981399 0.0741090548116497 -0.0456148484401844
0.0759271560749361 -0.0263606341806498 0.0627162394854105 0.0260987901483869
0.0693026609483234 0.0543685152701914 -0.00277022317914164 0.056487788679965
0.0239581165849413 0.0866396028364127 -0.0396571385573454 -0.0378727406259828
-0.0268775347178342 0.0341858451631277 -0.0032570624776651 -0.149174881099998
-0.00645785999281585 0.0471491289518776 0.0381961267463316 -0.11322058306106
0.0243856548148412 0.0298254809946039 0.0272667860838412 -0.11859215017921
0.0295547860098712 -0.00672470626937316 -0.0219030603308263 -0.0998741934707116
0.00889615911386784 -0.0268237179590535 -0.0661811423913898 -0.0637743891584646
-0.0112203607673998 -0.0276141689673267 -0.0818349647041041 -0.0130031546459728
-0.0251647761008472 -0.0132646130761921 -0.0692861362783203 0.0106203945319702
-0.0276358232788201 -0.00402255020099132 -0.0501372156764432 -0.00296481002350374
-0.0299490544930344 -0.00579413925323573 -0.0495391213049392 -0.0300689530932263
-0.0306610897736785 -0.0197118872209405 -0.0300700811200984 -0.065664525469373
-0.0137847055947792 -0.0406494120071308 0.0167798367835008 -0.0879716162719397
0.0207940518815625 -0.0441287572610685 0.075569746871064 -0.0493773310359448
0.0550682114797613 -0.00301593133549256 0.0619885472798445 0.0226458305285507
0.0315284634855298 0.0499904495733375 -0.00347591031071557 0.0466226218810331
-0.00922640401247114 0.0514193331034026 -0.035136221107548 -0.0593860917013903
0.0326134703178048 -0.00449347076437356 0.0349030607733643 0.079363275565768
-0.000361287448124609 -0.026225144653893 0.0330114600428866 -0.0420552997664339
-0.0237200032367734 -0.0108384271785368 -0.0633149273406706 -0.0410738252858478
-0.0129879515540041 0.0161077632494653 -0.0934125944059749 0.0375771587708757
0.00446313534352848 0.0121626947687637 -0.0272941686351695 0.103340169817453
0.00618629011989413 0.0063217956079872 0.0376098607650561 0.0795935162225826
0.00810088996852252 0.0034766460937452 0.0549461795222298 0.0369623225381348
0.00343712492486458 0.00212529824938488 0.061066904837583 0.00866649603731074
0.000136011849938791 0.00393676454727822 0.0691211957985283 -0.00585656641838362
-0.00733819716372526 0.00292413255651205 0.0812530896041852 0.0103377702474925
-0.00738030096122524 -0.00536986047159598 0.0676038446753447 0.0539160520481405
-0.00109213335278704 -0.00988962792569135 0.0197825775306034 0.0940398361446376
0.0138890475905943 -0.0185315603653555 -0.0202917836955932 0.109997430775615
0.0326551008399307 -0.00227324533201557 -0.0460580557763652 0.115077386781115
0.0368038024279219 0.0276535552712355 -0.00817500371403184 0.15541599160685
0.044308283524499 0.042370893676211 0.02497966154788 0.076070747503878
0.0317539572641522 -0.00406902243737972 0.0359512448859313 -0.0422467587601186
0.00849104255550496 -0.0172322808899968 -0.0608128496988577 -0.0555691168225091
-0.00292430017488402 -0.00955317639917827 -0.103392566233895 0.0291931394656123
-0.00388832293158373 -0.0135425224028685 -0.0388028169241923 0.102047694857992
-0.0125541506410881 -0.00936179387884506 0.0298361327152382 0.0835456649453675
-0.0136207962381706 -0.00157514664511184 0.052277472977563 0.0410011350156833
-0.0185290320707737 -0.00080664629323909 0.0579719329549742 0.00955501292944572
-0.0214081899044936 -0.0031867125098309 0.0625920088097196 -0.00948944806549623
-0.0290823293922057 -0.0178933755100883 0.0771388365689882 -0.00263979726231197
-0.0116049828327816 -0.0388290755710138 0.0761541189972556 0.0351612127171781
0.0207609452018128 -0.0364208032523836 0.0386327569706705 0.0809733711528875
0.0567669496069899 -0.0141736572231728 -0.000471847744742907 0.107910681466864
0.0666186068241027 0.0377779205183047 -0.0314000325928827 0.112177219950727
0.0500586543578886 0.0824144034078663 -0.00734046321540954 0.137247752992611
0.0443861530526631 0.0881204139900671 0.0145038902359303 0.0555841932210136
0.0594942005122174 0.029728770787448 0.0402470686895441 -0.0491455987039295
0.0477498804428683 -0.0130552121537509 -0.0538818486510701 -0.0780499882861259
0.0168498537945947 -0.0354440841200039 -0.111512212603567 0.00933833275405851
-0.00692722556739617 -0.0424939886482655 -0.0550219713193 0.0901066805079051
-0.0305019229281288 -0.0288648713400599 0.0131460707961303 0.0827729023056744
-0.0340693966176115 -0.00833140160928298 0.0400407110918165 0.043659311015652
-0.0379676568357134 -0.00376610455623622 0.046646532138504 0.00999715278833971
-0.0395552904401073 -0.00691642490862535 0.0481244907871892 -0.0144827663661497
-0.0488444490516484 -0.0315808164047566 0.0637031682595823 -0.0202517571392692
-0.0228515316289978 -0.0644827187583365 0.0780564176694536 0.00520673072359705
0.0263746050760822 -0.0650196257359236 0.0617651745370359 0.0548732843734445
0.0892948316508133 -0.0280097468612289 0.0254657663999105 0.097973198157273
0.100460944952834 0.0570547458913935 -0.0164033976855756 0.105620597275892
0.0645240002441029 0.119171212636996 -0.00899321993806299 0.106281910968426
0.0327692362194417 0.123726686382656 0.00621747156171609 0.0183753634041463
0.0754886456512567 0.0687224933272669 0.0427158457252078 -0.061624547980523
0.084636822839702 0.00334795818258388 -0.0387071931695724 -0.102646678952873
0.0440656171926677 -0.0529794076614687 -0.109841972030796 -0.0223245963836406
-0.00405263195091642 -0.0681747518762675 -0.0705587609001548 0.063383004632445
-0.0421761830526306 -0.0476160723165229 -0.00987132980664332 0.0712310872463522
-0.0503073620348936 -0.0162653872693262 0.0188612991346336 0.0419427790586223
-0.0514420537208586 -0.00520153194987332 0.0277066692141997 0.00911138101093515
-0.0509831598514658 -0.00918144012475549 0.0274994291720014 -0.0192224355555499
-0.0616876533613081 -0.0368901196060815 0.0428042892228701 -0.0362825960030435
-0.0352727745490188 -0.0769296502391617 0.0691008171451917 -0.0266835544083877
0.020754647110368 -0.0852482116249631 0.0763910296353356 0.0222308139603457
0.103641243020755 -0.0471369927589208 0.0472906082518339 0.0794240740439404
0.12135310206382 0.059268388547816 -0.006251112871415 0.0948884405276604
0.0733468272161034 0.13508144187554 -0.0163945486871438 0.0677302258827538
0.0134622838532664 0.137681354605793 0.00216273047904129 -0.0309035708836328
0.0712106271952586 0.100163671443196 0.0437863525215198 -0.0785413071617001
0.102873254165849 0.0273110511997437 -0.016645530669491 -0.121025390985786
0.0678818262967466 -0.0558043898222134 -0.0922367983075075 -0.0565757211961145
0.00483888512195325 -0.0816253419459142 -0.0786884229378807 0.0228023872230398
-0.0450066747139828 -0.0608067228996973 -0.035540626224604 0.0489813135720614
-0.0583677422343498 -0.0220100536067445 -0.00704040463454164 0.0355116173524714
-0.0579121383936645 -0.0066398066713764 0.00576159884470699 0.006346543710983
-0.0546184825384844 -0.00952604674750315 0.00436851397061006 -0.0219045836604694
-0.0644436080962884 -0.0369423055295898 0.0187994820938754 -0.0469226648550189
-0.0405320001879161 -0.0785926157575189 0.052473492304678 -0.0521250154317024
0.0140903032588857 -0.0906063948057261 0.079523366746552 -0.00897049266835832
0.101438377709904 -0.054279253870235 0.059033875822878 0.0572926707975877
0.120311314564785 0.056113615993786 -0.00312849617941015 0.0818592009106024
0.0695132332728966 0.130881385158045 -0.0265728492342864 0.02789254407848
-0.00587142290346303 0.123794061258624 0.00186532907258741 -0.0823862216512689
0.0492214877002595 0.107782515629232 0.0444772495012165 -0.0951997174413612
0.0933299518092691 0.0461202581657461 0.00744304919591607 -0.127376166941626
0.0734563852505365 -0.0423293374756826 -0.0619934488516921 -0.0835873162698777
0.0126525603643481 -0.0762229574699668 -0.076153717821646 -0.0186960196362359
-0.0385161072068853 -0.0609632387607638 -0.058165224484839 0.0219415399635924
-0.0558114739680276 -0.0239761121260595 -0.0330626547092883 0.0254375524598878
-0.0547014948663757 -0.00626571097445907 -0.0173549718023572 0.00272830721369462
-0.0518463514017584 -0.00922501168194948 -0.0171669745197721 -0.0240722762572071
-0.0577063961119154 -0.0336897692888123 -0.00213040125783515 -0.0541227525802437
-0.0355655695408767 -0.0712762921830787 0.0363405451401343 -0.0689704206659716
0.0140547161922086 -0.0813899080257316 0.076113431544011 -0.029877565218798
0.0909432581969475 -0.0442525405767792 0.0615793324079069 0.0401757436667086
0.0995461526531501 0.0554069631441052 -0.00406553569446761 0.0680459014374158
0.0490985567090473 0.113979716280582 -0.0351910138348707 -0.00866089426911263
-0.0199173808402444 0.0857073948488052 0.00421005629058966 -0.123538895640844
0.0191485009388248 0.08615044643886 0.0448626230127861 -0.10553263285121
0.0620522228954021 0.0458688676044044 0.0252082960698404 -0.12337699945915
0.0575406691655693 -0.0230408683670971 -0.0326046082672246 -0.0966998974952581
0.0138919530695457 -0.0550830699504634 -0.0681838471626058 -0.0507228660276636
-0.0261357515367687 -0.048355855141838 -0.072442258936837 -0.00184184512349724
-0.0433529489294969 -0.0205971542240551 -0.0545423361060851 0.0152823063419794
-0.0438391981416079 -0.00580795967629616 -0.0358464923577004 -0.00144369604687938
-0.0424986795474003 -0.00805593808476737 -0.0351170685691803 -0.0272366466992649
-0.0449316124688482 -0.0286220119478874 -0.0173787242948409 -0.0593377487679988
-0.0243100797372599 -0.0579486957708886 0.0245336090244621 -0.0791136894717162
0.0181973966958164 -0.0631653350292552 0.0741891324475547 -0.0411699129931322
0.0743559507060432 -0.0230821594282459 0.0606665303422148 0.0292987256404077
0.0657139676224033 0.055247680164506 -0.00543828463540669 0.0558555953646779
0.0204795201227094 0.085729985241868 -0.0373908236616388 -0.0387378680761821
-0.0277111894628101 0.0320607210671286 0.0027701716160196 -0.145538800345077
-0.00780905963859104 0.0454675161875772 0.042282119547097 -0.108312476880535
0.0225641524568666 0.029829645094553 0.0318998094971074 -0.114343303141911
0.0292856480620871 -0.00551810716126751 -0.0161942328604267 -0.0992605313086849
0.0100556066033396 -0.0256868355289643 -0.0628752247305352 -0.0651517349693578
-0.010506260644322 -0.0272544852236054 -0.079478741433008 -0.0148342719325833
-0.0239950976975086 -0.0139877516949736 -0.0675626323496123 0.00782447491136531
-0.0263021554590042 -0.00495805362633492 -0.0491234232994078 -0.00454183724091896
-0.028696269352422 -0.00627562923560341 -0.0466789358386859 -0.0309825130670995
-0.0288619366093874 -0.0203107225738878 -0.0263840896775763 -0.0649197843180426
-0.012200989683965 -0.0405538616092681 0.0193206436668989 -0.0857883065969006
0.0208652566685518 -0.0418316005468209 0.075414575756296 -0.0452609170126871
0.0537872090890666 -0.000869993881404146 0.0594036125754549 0.0255658002120082
0.0290277027459351 0.0497701162446358 -0.00543754882163194 0.0455180128925922
-0.0108036476882729 0.049403545160563 -0.0315866091090817 -0.0588141832232014
0.0334308486226244 -0.00376015755608955 0.0326046168555232 0.0820679640989559
0.000956542109825054 -0.0264337184922631 0.0353578189603642 -0.0405427055884813
-0.0239058374926386 -0.0115129834245395 -0.0620627251214265 -0.0443011228831152
-0.0133077721571824 0.0158373102251641 -0.0962727632621689 0.0341354858082784
0.00414260542965923 0.0121068930350491 -0.0315458909532433 0.10343040122324
0.00608762739692092 0.00659943625511188 0.0348671378465742 0.0822350650570968
0.00804334006506147 0.00394641967634887 0.0526962851426315 0.0405634852130336
0.00308381894876919 0.00204182374540515 0.0606833911912556 0.011145913257402
-0.00024666147363964 0.00352872389303587 0.0692421817932007 -0.00332198085818882
-0.00745367774669894 0.00295572250005051 0.0820649509662561 0.0129447525746933
-0.00685564230867405 -0.00526279110934727 0.0665342283969366 0.0580562277506223
-0.000545466663212846 -0.0101175988224835 0.0160739710279785 0.096877721640249
0.0146425333848689 -0.017493849732066 -0.0257033074038409 0.110537645585156
0.0325363809637632 -0.00102160564229472 -0.0527974576324805 0.114570106475525
0.0362596310634949 0.0289811665355439 -0.0151282982038881 0.156893625175141
0.0436930436946452 0.0446193369293657 0.0229814108489492 0.0779110795906106
0.0321214246005333 -0.00313315377942095 0.0387957983978654 -0.0406240207851254
0.00889014810881834 -0.0166635205867252 -0.0584606284177694 -0.0587961352653991
-0.00268469552410176 -0.00968401078792947 -0.105676104630325 0.0245222592573915
-0.00291002213934473 -0.0137695807751598 -0.0436214512787188 0.101802452440913
-0.0122295273474552 -0.00992480197008963 0.0268032812903316 0.0860938108003028
-0.0136579837475165 -0.00187862513028429 0.0503091415214415 0.0437586712137761
-0.0187992195182063 -0.00142565375345523 0.0579809446892087 0.0117459788713018
-0.0219872519939209 -0.00416170458292386 0.0629212740611443 -0.00733291714919483
-0.0293204147354308 -0.0191085670775539 0.0775461708101457 -0.00049307468322542
-0.0105278046503016 -0.0395521585856622 0.0756120437687099 0.0380439545484221
0.0224000976378427 -0.0358155996814265 0.0356310108236512 0.0843605579795076
0.0578640005716436 -0.0123704953543565 -0.00570345106427743 0.109535743870328
0.0660867981351199 0.0407123910452736 -0.0380806241264065 0.111846551664195
0.0473234488173562 0.0854185006241733 -0.0132602193405621 0.138699390987046
0.0419244039330465 0.0906549577187984 0.0126668466309188 0.0574517256178717
0.058882113399148 0.0318868236949603 0.0429844726016416 -0.0467238493411961
0.0481844692944873 -0.0115268230591007 -0.0507031507682555 -0.0819304611703254
0.0182338038386834 -0.0343729342672252 -0.112894737202009 0.00390533046573627
-0.00575891781585114 -0.0430846096753739 -0.0597335475222748 0.0881975294243771
-0.0296225179498816 -0.0303620192381287 0.0104656414535312 0.0840169811091035
-0.0342922159850535 -0.00963776208760398 0.038123460570993 0.0450584164373934
-0.0376878697198142 -0.00457718496142403 0.0459077839376275 0.011146361976455
-0.039963713750019 -0.00893877946679231 0.0489331965198778 -0.0132718045516343
-0.0488638418577856 -0.0331519964880312 0.0648377191992003 -0.0188388479847432
-0.0215360375429251 -0.0655981544154458 0.0792517682923794 0.00732230214919582
0.029010485839848 -0.0639526044177175 0.0598068418211926 0.0595176770671857
0.0909779808200878 -0.0254246305971611 0.0216740411810016 0.101055786260924
0.0999679914435316 0.0616509159713988 -0.0221957538607145 0.106303790561347
0.0601730414499031 0.123846034887593 -0.0135546680372702 0.107345853520774
0.0283407398075037 0.126200905668161 0.00585621154285413 0.0194463404435523
0.0738083103310527 0.0724985210903725 0.0458780109437939 -0.0595872389118151
0.0848556123720315 0.00651337035432948 -0.0347098508027173 -0.106029137376327
0.0466628660404637 -0.0519719980908162 -0.110183665561169 -0.0278656690870989
-0.00155911126244256 -0.069226324893142 -0.074168664941714 0.0600111913981523
-0.041003800680008 -0.0494796143870221 -0.0129723340428373 0.0713087422209815
-0.0506927616123597 -0.0178660116411366 0.017575206943223 0.0427646433916867
-0.0520069189223378 -0.00700046808140536 0.0276696337784705 0.00962661221908904
-0.0510971066654455 -0.0113494971182581 0.0280618952471946 -0.0186334598853245
-0.0613044689212824 -0.0397898129565807 0.0440061000486977 -0.0351792444326993
-0.0334211191613236 -0.0786439041382305 0.0708821844992462 -0.0253583764626625
0.0239043626053301 -0.0853562139133816 0.075793514212206 0.0261312284192003
0.106341322860657 -0.0440116958116186 0.0447751376089627 0.0829947939376159
0.121042986524071 0.0644080636693116 -0.0112718766239421 0.0958991594650443
0.0690833312961128 0.139591968222135 -0.0194244454790299 0.0684261993558958
0.00793552876120372 0.139592151921786 0.00361757237660631 -0.0305562213848144
0.0684876608235994 0.104385343168178 0.0474528801227743 -0.0773316245697914
0.102891457857482 0.0315569740851807 -0.0111988149117949 -0.123957163420089
0.0706570976302636 -0.0537131563298296 -0.0915166103376097 -0.0622769273070483
0.00739309817165425 -0.0823148757889517 -0.0810939418414645 0.0193149088616882
-0.04373834448229 -0.0623592986967946 -0.0380687903250154 0.0484659586538553
-0.0581470018386926 -0.0238796970996399 -0.00838572572725627 0.0354957853863796
-0.0575357395442599 -0.00806732110139783 0.00527390798355216 0.00652229840920217
-0.055344419109799 -0.0121357039068823 0.00458032446683247 -0.0219984413204749
-0.0635037444356266 -0.0393325452072831 0.020398348717822 -0.0472257884749734
-0.0386273158082183 -0.0807936463688173 0.0551965745291095 -0.0515053784555951
0.0175742633363699 -0.0908523935684919 0.08027038182542 -0.00520843133912908
0.10372293241577 -0.0511932421873016 0.057154223080607 0.0615785943560529
0.120029340792778 0.0609840419331973 -0.00676205120756133 0.0834028638030669
0.0652711055600671 0.135769186246775 -0.0279335516772722 0.0275560109165838
-0.0110698443078661 0.125197365806905 0.00616562956510006 -0.0828228606567744
0.0452103217553988 0.110871873332462 0.0493809808280258 -0.0934425118159059
0.0922295610468787 0.0499106939240509 0.0131939977613339 -0.129096857565273
0.075739294097474 -0.0398441467043113 -0.0594441524242932 -0.0883337399170246
0.0150618693031536 -0.0766732879628995 -0.0769014112476176 -0.0232584441254979
-0.0370244349464807 -0.0630661838945614 -0.0594075045456519 0.020627783715897
-0.0556360837207357 -0.0255884245870794 -0.0343819847823954 0.0246663920693754
-0.0547422063156054 -0.00844498357547251 -0.0175157590863841 0.0021915344960654
-0.0521320420586047 -0.0117451182318136 -0.0173327970248863 -0.0248913958995015
-0.0574293766178031 -0.0369951489449148 -0.000124623551680393 -0.055134613104769
-0.0332815343206922 -0.0733062020691109 0.03845826180194 -0.0687883700652724
0.0173364823530434 -0.081409913254358 0.0783911034028978 -0.026797291532352
0.0926106495338502 -0.0411076324025063 0.0602792323661964 0.044278896275073
0.0978739881900021 0.0593672450420012 -0.00687966425147838 0.0696061313256739
0.045641722419333 0.117085952309037 -0.0355716103509908 -0.0098330858674631
-0.0235160564406419 0.0859625759132612 0.00976126131507646 -0.124784611556971
0.0164335997967555 0.08813762411961 0.050782905296926 -0.10404959158011
0.0599876740735269 0.0485262383105999 0.0314558550121079 -0.12357501838557
0.0590155769269852 -0.0210400654306725 -0.0288541488780347 -0.10035769047093
0.0159075899118102 -0.0551105875968242 -0.067159580982144 -0.054985991196919
-0.0251574728163356 -0.0497622601466211 -0.0730540204127222 -0.00378726637627775
-0.0428880668444224 -0.0226433471148908 -0.0551905286846529 0.013596612978553
-0.0433518028784083 -0.00761471731310849 -0.0365528618874535 -0.00232039741995539
-0.042487606185363 -0.0100857407042825 -0.0347947682742353 -0.0288497712416583
-0.0448883705799355 -0.0302940356544469 -0.0157973165772623 -0.0613831359356626
-0.0232849997153209 -0.0598390350316415 0.027545136141448 -0.0799757057968175
0.0207985121087392 -0.0626743982766509 0.0763033018331912 -0.0383306512591917
0.0753708455752099 -0.0202836622801812 0.0599986235400666 0.0328684748431301
0.0648990417846795 0.0583311056490664 -0.00791606824712924 0.05691816169814
0.0172912404225424 0.0880366819709613 -0.0361065464787774 -0.0397387884739892
-0.0292259474123161 0.0314884248603767 0.00902396806458629 -0.147144859680483
-0.00943629141730268 0.046244502515506 0.0477946863784454 -0.107118473088289
0.0215362682353926 0.0310538559753285 0.0373420456987232 -0.114543624600061
0.0289929257503315 -0.0044363478262732 -0.0129406258406565 -0.102851721857237
0.0102444578516627 -0.0251606408842835 -0.0619939901130836 -0.0693195308043406
-0.00983056476600942 -0.0283147095172341 -0.0794651389247988 -0.0172504118398012
-0.024149297339533 -0.0147423283596555 -0.0683044357029094 0.00609215131447273
-0.0256947887306838 -0.00546301110573072 -0.0491429881041033 -0.00645321812081022
-0.028402886897419 -0.00734366406524107 -0.0459372608782667 -0.0329215597159984
-0.0284288720532349 -0.0209819279857378 -0.024671267279719 -0.0671960829303378
-0.01073254995476 -0.0412397231849955 0.0228793725664843 -0.0863726221335379
0.0230846929279143 -0.0410202070424475 0.0773557186764461 -0.0421793731002015
0.0534696589560673 0.00170307376186075 0.0599275141808744 0.0291496228434882
0.0276741146937479 0.0510114558724089 -0.0071866517210059 0.0466010942032626
-0.0128750726938747 0.0489887977641848 -0.0295100504638332 -0.0601301896505701
0.0356206080187657 -0.00339908090377623 0.033555464776838 0.0867685020472933
0.0014758159332887 -0.0277910604280419 0.0383741339374886 -0.0419051910582716
-0.0243919659321387 -0.0122778336237342 -0.0637652640892766 -0.0476571208456392
-0.0136205457904165 0.0166132332244487 -0.102103868393071 0.0342079230728402
0.00416300603418595 0.0126208546733503 -0.0339441675859075 0.107624662324967
0.00627403164125409 0.00689318520927987 0.0345119274117835 0.0864213401899664
0.00827710998928337 0.00397579898305476 0.0537462937808604 0.0436199206379726
0.0028459861286272 0.00208326309183912 0.0628593521815291 0.0127032375089933
-0.000636501592899572 0.00341098257527466 0.0720143592252857 -0.00233204363529868
-0.00808965380315551 0.00266530268115863 0.0843092724629682 0.0144375237089569
-0.00728335481149946 -0.00584154689812793 0.0691153103245411 0.0618421827118727
-8.02697559097272E-05 -0.0106568916318767 0.0147748401701818 0.102752384134056
0.0160735489514532 -0.0180311387986843 -0.0294445824652847 0.114740718650635
0.0342952564895901 -0.000755455706028786 -0.0590441208159765 0.117840942612722
0.0378550260331737 0.0308578745924918 -0.0196154484601958 0.164025701261713
0.0453713545373192 0.0469758996837257 0.0225840601122438 0.0826521124808881
0.0341647891259158 -0.00287937346897284 0.0415549028134857 -0.0410391770034786
0.00952847760503502 -0.0173576659751521 -0.0605292396471901 -0.0633385854017538
-0.00261078889165391 -0.00924763092368499 -0.111252912184528 0.0235043882162949
-0.00285356680597694 -0.0145148361380304 -0.0468831017382654 0.105404226602863
-0.0130860911264124 -0.0104266862670639 0.0266418044228174 0.0900134770587998
-0.0141453276926843 -0.00216023179103244 0.0511908241159687 0.0464458296987222
-0.0193264110134069 -0.00216622806778061 0.0597847716384146 0.0125398630957093
-0.0231726297149149 -0.00528045558354931 0.0651696804588043 -0.00720950600249023
-0.0304904641416765 -0.0209408440162331 0.0806996246081737 0.000200112798341517
-0.0104391479747923 -0.0415854217959859 0.0791518828509205 0.040819001937455
0.0238400437235275 -0.0370863358731602 0.0362108900537001 0.0897578089526186
0.0607917084268757 -0.011240169730554 -0.00856295432482364 0.114760970089681
0.0681900745405081 0.0433705642415029 -0.0428109071013632 0.115969733291683
0.0479264110536824 0.0898826440020691 -0.0169537135860675 0.145274156207023
0.0425134369975973 0.0954569893717631 0.0130508811434128 0.0607338358272707
0.0609042020022352 0.0341683342414592 0.0458213194638004 -0.0472966900693156
0.0502001239008256 -0.0110716117136206 -0.0516302904243127 -0.0867647250103666
0.0198787644330169 -0.035319592653298 -0.118222428405378 0.00111209193924789
-0.0053431680080979 -0.0449458277833025 -0.0636156146329297 0.090787562026177
-0.0302153003871148 -0.0316054648376885 0.00957540118049672 0.0878892020146508
-0.0356244471993764 -0.0103039863610695 0.0387365251600631 0.0475770101471783
-0.0390255311686191 -0.00565306741430786 0.0476962798774344 0.0119375950444346
-0.0416000173368866 -0.0107252048918273 0.0498371020716699 -0.0131738969285515
-0.050386228192175 -0.0355364702342153 0.0680401351280932 -0.0193722860388145
-0.0225751297652978 -0.0685622560394154 0.0824851027265277 0.00837648815943551
0.0314576368752685 -0.067075499489242 0.0615171788479885 0.0640369854264968
0.0950076020919546 -0.0249418620887656 0.0200033056097289 0.107438365770899
0.103702889668191 0.0656615714412982 -0.0261372143810971 0.111073861008778
0.0619629823793298 0.130973784359657 -0.0165716227249671 0.112789337407901
0.0277385335396792 0.132394506560885 0.00619248311104349 0.0217688468540479
0.0757554922728313 0.0770857216256 0.0498594952742034 -0.0598430371380415
0.0882517028843288 0.00813434755703197 -0.0342416089298072 -0.112364947242703
0.0494676430155499 -0.0530790864160491 -0.114791785296609 -0.0319049101871571
-0.00107809728717684 -0.0720758496860526 -0.0789724275113349 0.0614781490842261
-0.0420314942684726 -0.0521141280618565 -0.0148242782131574 0.0744484797141085
-0.0526023912706721 -0.0188961054412228 0.0178143908484992 0.0449943062403606
-0.0534412225131349 -0.007691867570516 0.0281773584960315 0.0101101245147484
-0.0534563237790435 -0.0132805945640069 0.0284007590183622 -0.0189293905626934
-0.063501368216255 -0.0415699302714486 0.0459113251659229 -0.0367486819939358
-0.0344565939430168 -0.0830325091185574 0.0742574493569968 -0.0264981520093571
0.0265102011104927 -0.0883899253555071 0.0789895428393511 0.0296377193688533
0.110872452362482 -0.0442157073936845 0.0451977236522146 0.0892847684881779
0.125982432044994 0.0687547334033884 -0.0142925368346825 0.101689586816025
0.0703421884093213 0.148086271621106 -0.0216468981424353 0.0714493118463796
0.00687719156181503 0.146043831747005 0.00420167141280287 -0.0310584778691752
0.0703692729699964 0.110236068013938 0.0520335844282686 -0.0777336420468666
0.106395862036271 0.0349441830373625 -0.00959966491099161 -0.130520161484371
0.0741063564862407 -0.0547098058897497 -0.0939198293885704 -0.0681264724857672
0.00865157974510029 -0.0857224945024852 -0.0860024067025105 0.0184622917040169
-0.0452545798562862 -0.0659076050955124 -0.0410618736832565 0.0503108914892829
-0.0601979117313998 -0.0253344162850059 -0.00873733413530956 0.036720108731625
-0.0595219433946779 -0.00924874304503985 0.00488958033557353 0.00661821027642976
-0.0569299596967967 -0.0132977058749797 0.00474208130403438 -0.0227794433989997
-0.0662774787741936 -0.0415854907514874 0.0217915358460491 -0.0492195237527045
-0.0402140194559323 -0.0846815305355313 0.0578762916699405 -0.0544441436820546
0.0194514534015619 -0.093856614415739 0.0838111421305902 -0.0035195669143225
0.109251287984831 -0.0519241785757663 0.0588439896324658 0.0668558397216178
0.124354595114059 0.065460585067999 -0.00894158132866334 0.0881267583155806
0.0664711609822769 0.143771485729918 -0.0301271058348062 0.0287720770029713
-0.0141423138400232 0.131065789661134 0.00821258245628504 -0.0858980064151677
0.0458483630389976 0.117097554738665 0.0540730945504909 -0.0952887648990574
0.095155895966385 0.0534881723946835 0.016120225053031 -0.135338259319843
0.0800466911958996 -0.0401995864583368 -0.0606090170059059 -0.0949533094751134
0.0165648305876352 -0.0795401981320886 -0.0812591905419368 -0.0258829034795542
-0.0387008456670999 -0.0663813499187735 -0.062343997038818 0.0205886786823109
-0.0575584930809754 -0.0272278833053521 -0.0357289460797658 0.025269808810731
-0.0568464191991689 -0.00934755265204211 -0.0182916733066734 0.00167504241828824
-0.0533900533021408 -0.0123079449239054 -0.0173532688145302 -0.0266531599658393
-0.059314997947209 -0.0387645925757497 -0.000515403240957635 -0.0578089882358512
-0.0348591130618218 -0.0771693270703208 0.0416255500027314 -0.072320365679527
0.0190044488089924 -0.0838004141272072 0.081848465820369 -0.0263675765080732
0.097025282418348 -0.0414577590273379 0.0626560546282793 0.0487031485535518
0.10215413224361 0.0632885478697719 -0.00866313277023272 0.0737825134227816
0.0463419312942698 0.124141598972646 -0.0370441557127467 -0.0101104046011539
-0.0261566651823146 0.0897385180451112 0.0124957658265772 -0.129616962259127
0.0161604891916659 0.092165546993173 0.0557326350850798 -0.106690043524006
0.0612866654580985 0.0520175464984802 0.0352081940584771 -0.128940392946619
0.0617657966859588 -0.0208381599762931 -0.0279581762311142 -0.106870045431198
0.0168552545033159 -0.0572521969007553 -0.070808294948062 -0.0593847204096761
-0.0261325451132996 -0.0525494627514962 -0.0767660567297584 -0.00482522984806536
-0.0446831152172864 -0.0235183402860896 -0.0576001860443284 0.013586598323858
-0.0447016193597459 -0.00842728910842097 -0.0382902422526545 -0.00314820551206894
-0.0441038256394329 -0.0104968767735031 -0.0360083341543232 -0.0304634955176441
-0.0461031208143024 -0.0320728745581226 -0.015984958211142 -0.0642216034755239
-0.0234707240667171 -0.0623489209377495 0.0300413631642841 -0.0835642475513393
0.0224385160277919 -0.0652582428419185 0.0807372412362192 -0.0389484756191434
0.0783026086197523 -0.0199246909486222 0.0623602536547239 0.0371952975743282
0.0672786067275916 0.0615924363767965 -0.00828669969189792 0.0596217415224496
0.0168449165392421 0.0915079397239376 -0.0372842261250153 -0.0421104164862036
-0.031139493718669 0.0326258865564289 0.0124776458822216 -0.154183778773538
-0.00996846254142537 0.047828438900589 0.052963262986931 -0.110953001905124
0.0219199001891936 0.0330010992959257 0.0418400971922589 -0.119627137613291
0.0303922357547607 -0.00336002477674987 -0.0113806401613788 -0.108934329118526
0.0113969299425133 -0.0256432485416546 -0.0638867652009704 -0.0738309074550321
-0.0102011030388226 -0.0295823477915178 -0.0833964772256529 -0.0195934982031739
-0.0243838832827439 -0.0159567760779339 -0.0708649290068109 0.00541616851329503
-0.0267651485958934 -0.00629244141830291 -0.0512188303643978 -0.00743012328070283
-0.0292472558200117 -0.00807954347422975 -0.0477051857323974 -0.0345191711773198
-0.0291431847091644 -0.0220468767535694 -0.0243970562466723 -0.0707857175903261
-0.0103567536336673 -0.0435602190817242 0.0253786917295746 -0.0905503849913724
0.0247599043467194 -0.0422369766820037 0.0819568405849787 -0.0422159302649604
0.0559597634311567 0.00219215279267682 0.0618167880740885 0.0326185383728848
0.0282483667968506 0.0540302912169793 -0.00829444610200776 0.0487915095756532
-0.0135818619758279 0.0511991262804744 -0.030249409629313 -0.0627742044190882
0.0365153105094336 -0.0100134322281164 0.0473975461124332 0.0888484397330337
-0.0020141989889562 -0.029323737287129 0.035349559546453 -0.0482516649506365
-0.0267738136278266 -0.00967019665246456 -0.0722987160519494 -0.0412217223859892
-0.0115594678659931 0.0177431114544386 -0.100924514438437 0.0510962828093023
0.00461289522320742 0.0113690284690156 -0.0187614982204136 0.117238126816715
0.00658741076430834 0.0061076525397067 0.0490594670200865 0.0851921976793861
0.00895859338130551 0.00265542930659958 0.0638698077584867 0.0383112326653685
0.00343560179690802 0.00210186185917318 0.0663322872315521 0.00443343167263509
-0.000473846156282691 0.00352541413257292 0.07389958327842 -0.012467838710588
-0.0085190064925247 0.00388647394019465 0.0898821126679169 0.00239022684915139
-0.00920658476086622 -0.0044609815447812 0.0811316866541823 0.0550030946911522
-0.00154442160013471 -0.0118258829194489 0.030566433623392 0.107433097479632
0.0134362155197529 -0.0210158185703721 -0.0152785616570964 0.123964243507529
0.0348140726900327 -0.00612916328543342 -0.0456741229238768 0.131017426632858
0.0442941874414029 0.0256926956027323 0.000820257153202855 0.174674691042556
0.0552067733484078 0.0414922256377949 0.0314601883328137 0.0839030070835689
0.0353465151087328 -0.00715567017691259 0.0372966557698352 -0.047708493042848
0.00812850561645228 -0.0191094605340976 -0.0729280796612812 -0.0564047504442652
-0.00325117516934163 -0.0107178796190905 -0.112570815381075 0.0427245297240152
-0.0061375366154992 -0.0152835078211826 -0.0318423113350062 0.117724427903492
-0.0156424719870033 -0.00953025091461301 0.0417792874435601 0.0914014775918053
-0.0145672089709473 -0.000604367856281293 0.0614922140249087 0.0421110303758022
-0.020518624725649 0.000990879227603596 0.063108405608124 0.00504019744071717
-0.0252465532429159 -0.00173586882121769 0.0666594020628875 -0.0169880404909485
-0.034198343460585 -0.0158506573931002 0.0836411800014887 -0.0115986021872408
-0.0179769590269736 -0.0405148067293839 0.0881638654607509 0.0316270869212225
0.0200458512732295 -0.0424507574412936 0.0498941541790555 0.0908692680337387
0.0606481293970143 -0.0210701023938729 0.00598088657325798 0.121273895971848
0.0766366506051848 0.0344291250114729 -0.0284188464927908 0.126334278086655
0.0630431766168274 0.0852698447432614 0.00208337634413641 0.155484885591293
0.0603913604951725 0.0935160071208687 0.0150071636853083 0.0598243040236013
0.0689838104576669 0.0286117797827303 0.0394348376918236 -0.0557864153610922
0.0519476396399955 -0.0180641839737307 -0.0695843016674848 -0.0827141011879523
0.0167042559157991 -0.0398878760771242 -0.124855543461839 0.0212608270151894
-0.0128772008893974 -0.0465433093344144 -0.0513869872428751 0.107315412698084
-0.0367754592332542 -0.028944564590485 0.0250143359098912 0.0921179189100307
-0.0385707621318565 -0.00617363322491908 0.0484491340714244 0.0452633124601497
-0.041990559628946 8.10140051078036E-05 0.0505207379263225 0.00583526382383511
-0.0446182967784672 -0.00498740172337106 0.0500015205645476 -0.020759605618308
-0.0575210139619172 -0.0285031144945696 0.0664962497106997 -0.0296055538961754
-0.0337364763793388 -0.066872669805816 0.0874473957431959 -0.00287992089611174
0.0234196629897777 -0.0735143120788549 0.0728951570258637 0.0611511885023124
0.0942712302669642 -0.0399655627147404 0.0347754734799968 0.108978131873934
0.116183060408577 0.0521743363824753 -0.0110364349398082 0.11757992885555
0.0829169846679678 0.125200323059107 -0.0021575747209895 0.120917797761575
0.0511710310106163 0.135818093734829 0.000489440685921292 0.0158157582842268
0.0905706737788823 0.0712944807302743 0.0394968789756985 -0.0709794693114808
0.0948473410551784 -0.00311090073875895 -0.0579629078239403 -0.111870900978239
0.0457596851595883 -0.0623602823371288 -0.127848030833448 -0.0128579159364408
-0.0118530454214368 -0.0755244716886497 -0.0724802496330215 0.0802953044503
-0.0523272714894843 -0.0485446864755999 -0.00191488341877533 0.0825819425990801
-0.0568550219277236 -0.0124583295535225 0.0268060457665957 0.0458768050028164
-0.056362256666858 -0.000593681876706542 0.0303356755371272 0.0063345809640634
-0.0566774041618908 -0.00546220209346907 0.0264814887040319 -0.023461877930688
-0.0717081312615767 -0.0333517716020515 0.0414464229691259 -0.0448817689662114
-0.0490211288266264 -0.0796957727480178 0.0741169019391848 -0.0373398511068803
0.0149261004895595 -0.0952795272031566 0.0857640539148509 0.0217787394597423
0.107449407813339 -0.0624428205143195 0.0582502830281238 0.0863345400004065
0.139499202756423 0.0522774293537768 0.000726692492312353 0.105431251376973
0.094520570624055 0.141218848748981 -0.0128769892237422 0.0789344462014171
0.031454072532856 0.154409575731414 -0.00943375732218364 -0.042100380904876
0.0891532714456393 0.107062244790767 0.0387011734337542 -0.091051187107798
0.118181318015296 0.0224677259468215 -0.0367649386559526 -0.135240209869692
0.0715024834762408 -0.0670182736848513 -0.113091952512788 -0.0540867821852244
-0.00302694635170954 -0.0908012955302352 -0.0875047835704798 0.0372301735404697
-0.0568943051336939 -0.0624656437184369 -0.0326233378995225 0.0621772922079514
-0.0663836722655289 -0.0181934052980061 -0.00229433268724678 0.0419236537032473
-0.0625026408704433 -0.00111188311718139 0.00614080749718077 0.0059277478543817
-0.0617183666103173 -0.00511412225288979 0.000918656241167607 -0.0240630810556097
-0.07368180637333 -0.0334439254587939 0.0144988447144462 -0.0542968237155692
-0.0536510762610195 -0.0800989401576565 0.0526197841978342 -0.0646011642437617
0.00682314687146967 -0.0995294079441522 0.086403395420343 -0.0140965138483304
0.103656695749128 -0.0702357611020258 0.0692671473870442 0.0616897056322164
0.13835399612693 0.0484152207766768 0.00398240967286312 0.0911554176620459
0.0895385883794041 0.137968743519885 -0.0272450338836143 0.0352912835698975
0.00774906071340159 0.142012289472637 -0.012117233932975 -0.100781931407171
0.0641162299516647 0.117980799409867 0.0393083045512113 -0.11090173215018
0.108378012227011 0.0441673258571496 -0.00994742084928639 -0.145386261491582
0.0794643424453018 -0.0523887345036965 -0.0824532082222229 -0.0880037762210094
0.00691888679730929 -0.0858466081462351 -0.09036402298016 -0.010446948900521
-0.0498689550555176 -0.0637033530211991 -0.0605191606388281 0.0346503047096778
-0.0638682200390146 -0.0208070892686008 -0.032663201980486 0.0338194453129735
-0.0596879699851394 -0.0015154652213147 -0.0189001144790409 0.00451080347910088
-0.0578562821187134 -0.00522796899450339 -0.0226423584902035 -0.024881925975448
-0.0665780294669243 -0.0311854560711756 -0.00945980971329833 -0.059680055797061
-0.0471157050446993 -0.0733416575925969 0.0327687053899091 -0.081424270741953
0.00811254746533835 -0.0891260947810989 0.0816126158708427 -0.0380804768536926
0.0926461871387874 -0.0568759524820887 0.0713399864361892 0.0421055135491527
0.114900720835546 0.0500460270388706 0.00274050718835357 0.0764128876022429
0.0654281829269222 0.120442026393541 -0.0393769684297466 -0.00514734191913829
-0.0121511210389051 0.100529920258064 -0.0107796612333739 -0.146011276776257
0.0296099497931246 0.0966543316995756 0.0406605638793384 -0.123041580673247
0.0726946186613592 0.0475730651349054 0.0129666271848053 -0.143015169501998
0.0636366819170361 -0.0294093128703081 -0.0501813030554467 -0.106644170896415
0.010704775234524 -0.0619744109314889 -0.0852439286375749 -0.0477099562018
-0.0342878506051241 -0.0510771809860664 -0.0800415434585145 0.00892323579908072
-0.049379615379293 -0.0186785483639344 -0.0578322479713605 0.0255858541948769
-0.0465550828277364 -0.00306818131980856 -0.0400743248311881 0.00239943701531804
-0.0465730870774242 -0.00472196894514537 -0.0420242850715897 -0.0261376533285361
-0.0512031617295865 -0.0269994811687618 -0.026481477282379 -0.0649228617133942
-0.0326903356384661 -0.0600994441562488 0.0191283846665785 -0.0913686386029079
0.0140778141858344 -0.0699157074241536 0.0780108783641041 -0.0514831648489142
0.0772169134747283 -0.0315581082938635 0.070136918039082 0.0300338880481366
0.0780585090626076 0.0533281835055199 0.000724563576356704 0.0628769933014118
0.0311133517405682 0.0918954689695773 -0.0446675911211778 -0.0383022964249175
-0.0263794532000862 0.0408385834765852 -0.010933337368412 -0.168558498177641
-0.00341217554682173 0.052417432478915 0.0396514404559777 -0.125947421319802
0.0273323769211729 0.0328395294501629 0.023803441868066 -0.133346337256888
0.0329539897975389 -0.00690161433545526 -0.03096485750708 -0.112375766265771
0.00956300656321174 -0.0290841529440455 -0.080720704123127 -0.0659262586769452
-0.0147497103147589 -0.0298503583217588 -0.0904176799145918 -0.00588294819881011
-0.0272328280662294 -0.0133490926469384 -0.0732496454774889 0.0187255313944754
-0.0279378017124184 -0.00344105482881396 -0.0536577477991294 -0.00032108526941879
-0.0304638436478843 -0.00381772696372054 -0.0548491897072397 -0.0294478647330914
-0.0321652972979353 -0.0188241604054379 -0.0360113880534874 -0.0701210679974758
-0.0165256335193107 -0.0425481818232855 0.013240056192579 -0.0983357139947536
0.0190691676791663 -0.046717370633486 0.0793754526092742 -0.0563588255214562
0.0578238632516519 -0.00511507366684571 0.0691842961206694 0.025648225225315
0.0369307703964056 0.0508099954858916 -0.000654663073752908 0.052492766980557
-0.00766900375078442 0.0544105470623876 -0.0410511530778174 -0.0616586671332851
0.0362508210257473 -0.0135122514833312 0.0550309761231334 0.08767117097719
-0.00406239445110104 -0.0297920391950664 0.0335890874270083 -0.0517004987668446
-0.0276595874098155 -0.00733985286218006 -0.0761556143942654 -0.0376914160989462
-0.0105741031682125 0.0188796224264214 -0.100759928607037 0.0586324041702462
0.00537929521985496 0.011213192738794 -0.0108040491801968 0.120243386386935
0.00737835646379381 0.00608714963036705 0.0561484842864273 0.0831916884049824
0.009923356679337 0.00222018202951608 0.0664898113949255 0.0355542814416279
0.00324159330476302 0.00183951811741051 0.0670509975031603 -0.000593246792341907
-0.00073057003670994 0.00384329416625038 0.0741422607013669 -0.0180428721346341
-0.0082283487519293 0.00491034115108032 0.0911007366439985 -0.00404941457370668
-0.00972163513323637 -0.00425862758116467 0.086849851262936 0.0504237159332233
-0.0017011281538567 -0.0125753681131304 0.0383091499289371 0.107812141029965
0.012073481083406 -0.0222976831361573 -0.00746555900169807 0.127565674028684
0.0345973615681844 -0.00843043699860225 -0.0391158034702271 0.135981039701155
0.046727020387729 0.0226247700836692 0.0133203065127773 0.177423676010789
0.05956680601503 0.037683212804484 0.0388886998202596 0.08336034631961
0.0352521853154424 -0.0101214112902756 0.0361986026123069 -0.0507381269485797
0.00666944063953086 -0.0196247309334648 -0.0779780404756073 -0.0533654330537724
-0.00325399741374 -0.00982024382788479 -0.112607836938175 0.0502347430378801
-0.00758209610421951 -0.0157973841963922 -0.0242996310457929 0.121935439455279
-0.016488145658359 -0.00787506367608966 0.0494107246574492 0.0898564822970278
-0.0148589231753942 0.000514655101764825 0.0646231280852389 0.038920799432552
-0.020841107115169 0.00224802269684637 0.0637865302708425 0.00106064137194976
-0.0260233873111929 -0.000408285049222442 0.0658258816024978 -0.0216902373970857
-0.0365687124339755 -0.0136103715231005 0.0833713584076522 -0.0185946817366567
-0.0212504957854448 -0.0391680239647136 0.0922236999542308 0.0258307028723017
0.0175163347415587 -0.0443379264745706 0.0572575894004563 0.0896303367888497
0.0597805764522995 -0.0255243576448659 0.0147929956703069 0.123075419766013
0.0800997280686087 0.029424860567092 -0.0219517514610293 0.130153938022735
0.070372440175165 0.0819325757375313 0.0119882242305257 0.157989702154786
0.0688592922376114 0.0908469254533437 0.0206157276530621 0.0603506508853256
0.0721688791126228 0.0238236259068188 0.0378588086563347 -0.0587510383717411
0.0515941019733852 -0.0219980871961613 -0.0764245145602404 -0.0793727655637249
0.0142651278879058 -0.0411689606320942 -0.126250019770415 0.0299096330617715
-0.0165776113961991 -0.0466860743852703 -0.0447741644747063 0.112443247517113
-0.0392623659036541 -0.0258119036380485 0.0314818633992487 0.0916448034622458
-0.039308479017494 -0.00321983519532077 0.0524791544174094 0.0423494098172862
-0.0417436101287434 0.00285976185562835 0.0506540481229151 0.00261074296179817
-0.0458044492790422 -0.00203531829196834 0.0475151670167822 -0.0245922773934387
-0.0607469891259188 -0.024333326738419 0.0644401377028801 -0.0355507049701669
-0.0394547820692356 -0.0645221724949447 0.0882350359075778 -0.00940173542316314
0.0187574130422273 -0.0768032244562436 0.0789806350587738 0.0578499736021818
0.0924149187885066 -0.0469700835511924 0.0429944441680117 0.109355908114446
0.121758160017372 0.0445022214238933 -0.00391259086195125 0.121300051990034
0.0930527999416558 0.120614412264319 0.00690748143209091 0.12398332898302
0.0623739826355486 0.134132610733139 0.00260334152317352 0.0168480206936271
0.0974494688914828 0.0660320758588624 0.0370293211094956 -0.0740350387455059
0.0958615671223866 -0.0102436044983057 -0.0663164495066261 -0.110671239833134
0.0422717852185154 -0.0663900831423965 -0.131406298693107 -0.0054876782833596
-0.0176232353719382 -0.0757806966167676 -0.0685008966242956 0.0864988985753944
-0.0564533549969756 -0.0450020319482185 0.00405455278420212 0.0839104143669554
-0.0587937322700702 -0.00874070961336294 0.0301478664539125 0.0443259699779688
-0.0567868424575289 0.00307636920824546 0.0308298507593627 0.00446098250673061
-0.0579554857614097 -0.00159456608008274 0.0246283894486933 -0.0254921877576435
-0.075337515726683 -0.0279193993924853 0.0378502007948093 -0.0483960788765596
-0.0560601188704985 -0.0763914548398021 0.0714034947079562 -0.0443430206470797
0.00874948487328921 -0.0974708675163282 0.0890235614597962 0.017017702505969
0.104374200884583 -0.070886433982482 0.0654615182510238 0.0851966061827056
0.145730076651602 0.0427308031966869 0.00697954460152852 0.108241128831865
0.106465409364919 0.137123257191118 -0.00688843213112353 0.0813888284932401
0.0433110180413071 0.154746888525252 -0.0115322718027031 -0.0410268739307113
0.0983116327743472 0.102711776503918 0.0346003265488045 -0.0946158162265469
0.120621393946029 0.014451731294304 -0.0462960863995285 -0.135961178700937
0.0678001458203 -0.0730128992949994 -0.118759519541105 -0.0482642121561277
-0.00984150937033272 -0.0918752465179243 -0.0871077606625147 0.043668600826432
-0.0626284353328423 -0.0583600495605547 -0.0283592406180252 0.0657088158373883
-0.0685405594986393 -0.0131751113789656 0.000926360307929314 0.0423118272138601
-0.0633711610762536 0.00321184924941243 0.00619983711830884 0.00555881942986671
-0.062885706138831 -0.00114471858029 -0.000723006949942341 -0.0244052024444319
-0.077864970954272 -0.0281770332682593 0.00970987188386222 -0.0563067177368132
-0.0611351658721399 -0.0770691798077247 0.047856562899871 -0.0703598999747671
-0.000251592384048887 -0.101326937859119 0.0872296670563584 -0.0190602671131918
0.0995522751728024 -0.0784582352302602 0.0756517286231487 0.0589240318986485
0.143686591947728 0.0388505232406878 0.0105251942814503 0.0934774004101258
0.101180459848958 0.133942761388163 -0.0250494425897879 0.0379448921835775
0.0179468287573222 0.143177460772276 -0.0186213562424004 -0.100436625747678
0.0737805071174651 0.115365635824763 0.0330282706804967 -0.114591256717357
0.112806432831078 0.0375433747591349 -0.0196548968523518 -0.148108920575721
0.0773036339686174 -0.058952329782524 -0.0909073330337625 -0.0848763450103496
0.000561480893713468 -0.0874791389204178 -0.0938317691954292 -0.00442559694994979
-0.0555217476527069 -0.0604911620364231 -0.0586470275648144 0.0396317242004532
-0.0659214739498415 -0.0160445855376624 -0.030436458591797 0.036971639686135
-0.0597139716460396 0.00202444836141282 -0.0186242096759315 0.00594984226327788
-0.0584906239871422 -0.000834561557212194 -0.0248508960401405 -0.023459349278019
-0.0695783363913583 -0.026597393849214 -0.0142933584531119 -0.0603527156318052
-0.0533445853541659 -0.0706288894571227 0.026479138448374 -0.0863817933146896
0.00201206848968595 -0.0905686393766119 0.0804451082725109 -0.0439738607405238
0.0893173380915573 -0.0639903053062617 0.0762629496020059 0.0389948694026293
0.119965769927335 0.0419670132051823 0.00828473567421106 0.0784408002503976
0.0757390730308909 0.117303352770239 -0.0404476459756491 -0.00202279219164888
-0.0047930057583455 0.103064546801286 -0.0207980969082635 -0.147164547158635
0.037364876674724 0.0959636055064825 0.0343960974012262 -0.127683840858826
0.0765674813138247 0.0430622922368658 0.00352790479758422 -0.145854165996712
0.0627775676054849 -0.0340005932214461 -0.0578882269427639 -0.106861709347678
0.00689772608227206 -0.06357153047416 -0.0910515123709294 -0.0430084771917267
-0.0395005651197097 -0.0490787458548555 -0.0811091108425058 0.0154800834375914
-0.0516889177349719 -0.0152435411482912 -0.0564580970683024 0.0297892025894599
-0.0471982737069507 0.000316088908728263 -0.0402008968477794 0.00501662590773405
-0.0475263775401799 -0.000600672142253458 -0.0450999213017517 -0.0234820764934405
-0.0544358746619328 -0.0227010763176981 -0.0317481716766728 -0.0637428886367353
-0.0380983347747986 -0.0588097405592635 0.0124442513652991 -0.0950967864446155
0.00997939976283503 -0.0714977540641633 0.0762702398908088 -0.0571206002253174
0.0757396912998476 -0.0374046043572382 0.0733602072029019 0.0264323930700662
0.0826971005067764 0.0479188011742866 0.00517460830959567 0.0646723986720261
0.0376453037471074 0.0910010715887994 -0.0482248167845215 -0.035306512159079
-0.0230467984288284 0.0429707155032998 -0.0223712603405825 -0.170643349700903
0.000176219504175682 0.0537936392302582 0.0326845735312825 -0.130675320539364
0.0298248768983345 0.0317912243378021 0.0160830484607921 -0.137317586715074
0.0325751792373499 -0.00938257920371568 -0.0391427488497302 -0.113282047177876
0.00720593700347635 -0.0295580081972571 -0.0875525057950786 -0.0613765885316538
-0.0179067707281582 -0.029122017488683 -0.0928563312888668 0.000423703736030298
-0.0287004607885323 -0.011758493083251 -0.0735146968998601 0.0243399404959136
-0.0278442484575234 -0.00120495970578154 -0.0545798289146015 0.00343514319924481
-0.0305736703019623 -0.00106743187143618 -0.0580455589576269 -0.0260588843447046
-0.0335483554135511 -0.0164963372592839 -0.0414485842449104 -0.0691780032407556
-0.020328501246134 -0.0419064452805446 0.00593178080935694 -0.101177699352865
0.0167211323200624 -0.0484167923852535 0.0773200769558239 -0.061917406736624
0.0580750541735014 -0.00918327212503283 0.0722183461880487 0.0215891699213626
0.0406373673534352 0.0491196973488223 0.00314132275054992 0.0533629412402921
-0.00391772836377012 0.0559694799313327 -0.0461580037740667 -0.0594477950264169
0.0341305673111372 -0.0157006901899168 0.0594964940596109 0.0816873354356483
-0.00610177068220265 -0.0288359165416212 0.0309973332184355 -0.052105416351654
-0.0271359460358581 -0.00517892112085877 -0.0757922797061851 -0.0325410956443872
-0.00767430919929204 0.0186964617204849 -0.0950525329855038 0.0632415363781485
0.00556616989487043 0.0102372036422859 -0.00240010866470638 0.116827455302864
0.00786392343594124 0.00608377034738891 0.059722780072675 0.0768806203262001
0.0093237042647862 0.00126542408094369 0.066655481545807 0.0311204444954706
0.00280903622482372 0.00162550520804549 0.0650853175598114 -0.00387661276749987
-0.000407096509028935 0.00409540386536249 0.0703633468472378 -0.0221871258593025
-0.00788009887616862 0.00527908852545213 0.0867784195455499 -0.0100535461190043
-0.00939119746957369 -0.00348633434833325 0.0872129939910017 0.0437066288202398
-0.00222636501956278 -0.0118524069791801 0.0438682686997861 0.102666258054233
0.0100928825186661 -0.0214250129943778 2.18164997670053E-05 0.12348353669514
0.0327022720385262 -0.0099713453297468 -0.0306583712354021 0.134249214230733
0.0466367249085473 0.0192771312671892 0.0227150064564721 0.171017555628177
0.0602390305520929 0.0324204603766451 0.0438485074144767 0.0790969188947387
0.0335012997307184 -0.0123348642140055 0.0330594576888195 -0.051238906150263
0.00525911173119034 -0.0194120088352495 -0.0784330322077663 -0.0479511590101158
-0.00306207094536923 -0.00959477127322743 -0.10663222173731 0.0553311137119082
-0.00827382799252882 -0.0146089806350776 -0.0163551391746403 0.119547014114693
-0.0162421253565271 -0.00639422988042766 0.0536455191567035 0.0839849416475656
-0.0141467807767662 0.00107253703565677 0.0647059848553498 0.0340479500587242
-0.0201538253367533 0.00337080839322488 0.0608681191359956 -0.00281990583031093
-0.025618567345538 0.00164364681881781 0.0617936604434926 -0.0249033573585299
-0.0366481461309603 -0.010912956641177 0.0787356305808119 -0.0232019537356836
-0.0230048257147805 -0.0364252925275624 0.0904693279648954 0.019250019399734
0.0149669823402591 -0.0445141922384456 0.0612181127010319 0.0848477713954503
0.0558184624839287 -0.0280571628271143 0.0209906788770478 0.118475236859342
0.0786939707369029 0.0238842588592242 -0.0144132271914115 0.127669919479743
0.0731511453402446 0.0750575468943039 0.0215215752741204 0.152335957832555
0.0726169798559339 0.0825231003095098 0.0248175132888879 0.0579359724675603
0.0713511455307305 0.0181857947738855 0.033919114297533 -0.0583522439854792
0.0480056672612993 -0.0246134759387047 -0.0783682033582325 -0.0733060347142191
0.0121011410194131 -0.0406466039539979 -0.120668634659706 0.0359990595610534
-0.0193028641296817 -0.0442641862141656 -0.0367399450853422 0.11161626341061
-0.0401824575248516 -0.0225591345501758 0.0363274406311754 0.0863205882361985
-0.037794328213015 -0.000805790566708697 0.0528788708290197 0.0381762146819282
-0.0402346339947435 0.00548365609767653 0.0490306585166306 -0.000300616850082318
-0.044829894229917 0.00125174886441409 0.0444881167069344 -0.0264800940587603
-0.0604676847802616 -0.0194894044189832 0.0592165785720756 -0.038193548352725
-0.0424489811433884 -0.0590161276984645 0.0838930242307511 -0.0152818872681976
0.0139070773204007 -0.0753749832412279 0.0800568681532359 0.0522205395893055
0.0860935055937713 -0.0514117865335717 0.0479880369485105 0.103867587252565
0.120087976689764 0.0353399653336262 0.00219768667936165 0.117838283677202
0.0980924225040622 0.111979911438068 0.0143657908556014 0.119690758371777
0.0685317107830675 0.125054460615544 0.00397994293256986 0.0176294008959034
0.0977286282006546 0.0571501400431795 0.0331598467846521 -0.0727044966263908
0.0915059864077189 -0.015442848737785 -0.0711402744366633 -0.103547129679094
0.036756540879075 -0.0663630153320886 -0.127976337577005 0.00164733124495661
-0.0223241452824979 -0.0720092332176198 -0.0619077660597952 0.0875231074969485
-0.0578177360146891 -0.0391744681071253 0.00937783155657271 0.0811325328542317
-0.0568128348524036 -0.00436367137635826 0.0318324018243357 0.0409957816259703
-0.0545487534496895 0.00684745476666754 0.0292238432219886 0.00301541726494827
-0.0568280615572952 0.00230650598517078 0.0216854583217261 -0.0260263758922766
-0.0748646779787027 -0.0222798081255472 0.0333027623310052 -0.0495105567108867
-0.0593450939867472 -0.0695069468604178 0.0651464095103939 -0.0483521876421826
0.0018073404582097 -0.0946094981375155 0.0878686714484893 0.0117797984743226
0.095825950961373 -0.074904707759781 0.0688220056719008 0.0801766966795991
0.143440776388332 0.0316935217872441 0.0133517258573974 0.105118426998941
0.111699980398215 0.12639177161598 -0.00130083017652142 0.0792751872200554
0.0521743009412054 0.146534436437684 -0.0127974637011706 -0.0383179663125992
0.101041544102389 0.0924380589561089 0.0292851311209554 -0.0926092537088568
0.117607922265463 0.00694446375277097 -0.0529195790442234 -0.129716116383863
0.0615702929995655 -0.0747452529840298 -0.118390518853997 -0.040484533586379
-0.0161475909548105 -0.0884162336517677 -0.0829711827619699 0.0473539806729832
-0.0649927698920855 -0.0516559072388181 -0.0237510345542847 0.0648537864671497
-0.066778415768556 -0.00834346696148798 0.00308544128521321 0.0408141598949799
-0.060459720464313 0.00695864012747556 0.00598833360818304 0.00546801835612595
-0.0605761194495593 0.00344177812208469 -0.00292883323825094 -0.0231189868024541
-0.0771465583592335 -0.0215514627335747 0.00588696885879027 -0.0547357304112417
-0.0647458311930692 -0.0700134055877604 0.0409695283474532 -0.0721117269970381
-0.00647578480609608 -0.097572770413104 0.0835086154129266 -0.0231184080542375
0.0907709681498479 -0.082466246833134 0.0775074885273297 0.0543514211778636
0.141198340907903 0.0274469330420339 0.0155414522188516 0.0907600419635241
0.106530160433457 0.123417288024742 -0.0215815317260173 0.0383744747036877
0.0268447678560329 0.137749476439091 -0.0238897279168178 -0.0955926910467099
0.0783281625876776 0.106328759401887 0.0268962957163274 -0.112152686463489
0.110962002643673 0.030035324649224 -0.0281301762211673 -0.142143155067208
0.0708883882567208 -0.0614339871908285 -0.0933099197614044 -0.077749963981962
-0.00538979591921542 -0.0845324753102867 -0.0923152183064914 0.000891555581036785
-0.0584586598951712 -0.0540606850442347 -0.0550928848709612 0.0417095723171573
-0.0651854431584797 -0.0107006741912798 -0.0264510953801997 0.0379015500842423
-0.0568538069746367 0.00617930920980028 -0.0180833068485627 0.00736925458859732
-0.0565602850323161 0.00314232907604658 -0.0264586990962832 -0.0204635942037901
-0.0689673589296098 -0.0209501524742535 -0.0178960683271971 -0.0574771733813628
-0.0569696120042754 -0.064364420037229 0.0198679615539821 -0.0858785183715593
-0.00342779491370921 -0.0874081404494184 0.0752115201271964 -0.0468041018025022
0.0816019165672841 -0.0672654249575232 0.0765428983721563 0.0342293464261127
0.11861432637364 0.0325460018997308 0.0126007129783823 0.0763474601494194
0.0803709581861516 0.109146805039042 -0.0392060972602135 0.000374285628625369
0.00180181600435234 0.0995874655284386 -0.0287055407639453 -0.140780812603557
0.0419492443380642 0.0901815126318213 0.026155458856735 -0.124923654961492
0.0763732343621894 0.0377354103778053 -0.00509648546383758 -0.141529544701008
0.0584929913911657 -0.0368795933560399 -0.0631571276707193 -0.100258571539799
0.00210129278526506 -0.0613628645516506 -0.0922533652514597 -0.0356719372604633
-0.0417857695313425 -0.0443283567614679 -0.0776334880059895 0.019962729311655
-0.0506388268316139 -0.0109102454991176 -0.052449990611329 0.0321523297848753
-0.0450375506836328 0.0033122044764761 -0.0386240203765304 0.0077992787720927
-0.0451667086811408 0.00233906629061583 -0.0449608181154252 -0.019656369775529
-0.0537344099322834 -0.0188664509783005 -0.0348906515042063 -0.0598087574999189
-0.0410311633229963 -0.0548202240619217 0.00506751192719533 -0.0934462566201214
0.00495342974589895 -0.0699684543646833 0.0705528266950145 -0.0599986492255918
0.0702480106482061 -0.0404590640175616 0.0737129298529177 0.0222203674685006
0.0830800384500525 0.0407010317637013 0.00917529201393996 0.0631088133127096
0.0417804713981174 0.0855710943283009 -0.0490344968667824 -0.0307927924520761
-0.0194593803672515 0.0433445499801356 -0.0320455468953803 -0.163683119291989
0.00411186562399449 0.0515484244590058 0.0246804106441409 -0.128308547814195
0.0307721821732004 0.0291094785541581 0.00699114756853493 -0.133400348549167
0.0309654019202113 -0.0109754497146103 -0.0446767846296995 -0.108056677367141
0.00530636433627301 -0.0290685846789392 -0.089647368379103 -0.05436312907977
-0.0192133896028976 -0.0267035822296057 -0.0903424165217397 0.00728095755975451
-0.0285507427112965 -0.00929451704195359 -0.0690565038730686 0.0277877087580117
-0.0269013293276223 -1.62169006670929E-05 -0.052577642906848 0.00695576550601965
-0.0296199588210951 0.000732931097574807 -0.0578165239886536 -0.0205618021250617
-0.0340750041668091 -0.0140056272322755 -0.0448681778531539 -0.0646520595727389
-0.02236040762594 -0.039470416003486 -0.000515527757402273 -0.0983636586867084
0.0133769527303118 -0.0479728493497011 0.0713351148519968 -0.064851949141508
0.0553841983353424 -0.0119011045241381 0.0718404979672694 0.0175589727090798
0.042269421723304 0.0445568513373824 0.00649167298122979 0.0513936016974716
-0.000549617368019756 0.0539988163102487 -0.0484957140002764 -0.0545294569607739
0.0318668706427558 -0.0158699263659881 0.0587283490555723 0.0761507826291166
-0.00624525809852964 -0.0275156805398095 0.0294550636472593 -0.0508382090648221
-0.0251958714289203 -0.00443996119387729 -0.072569300260107 -0.0298155347116188
-0.00666738140719535 0.0177524590338004 -0.0884543739824459 0.0618357831947771
0.00563232072729863 0.00926677781724467 -0.000628497895044744 0.109935779365929
0.00749876667740956 0.00569129927329787 0.0583759403312541 0.0708755010327277
0.00876238636542848 0.000586293067730105 0.0643212734395961 0.0284053458706896
0.00296736739425597 0.00118581849782564 0.0616349879318436 -0.00476101910684974
-0.000907783415801374 0.00373583202290157 0.0660483208988382 -0.0220165348896169
-0.00724593085065576 0.00494156833898809 0.0819145645879362 -0.0115013785147656
-0.00907560485446245 -0.00315030728900737 0.0838328532006839 0.0393228656405762
-0.00250541292455796 -0.0115766847095474 0.0441642928044057 0.0975361947016
0.0090637203660697 -0.0203639918290686 0.00147098388907397 0.116586697698813
0.0304688561547691 -0.0099457778387194 -0.0281267961216437 0.127374000948403
0.0443176657771466 0.0166401839212373 0.0252334720713012 0.1610588328217
0.0573269585636439 0.0284806329291559 0.0446596960154855 0.0740808590544254
0.0310764855119325 -0.012606764633608 0.0316474614397839 -0.0495034071258013
0.00467230154595526 -0.0181459143811798 -0.0753204865534353 -0.0450833223270577
-0.00274296956171344 -0.00880362773941869 -0.100799671085873 0.0543240734301746
-0.00880983847560656 -0.0134219694732913 -0.0128568795873251 0.112670538033496
-0.0156617797834741 -0.00601848879653947 0.0522706798250107 0.0781072574418143
-0.0135241265856893 0.00148502494613223 0.0621208834340994 0.0316581111575603
-0.0186553062747674 0.00341900210558078 0.0574578229649799 -0.0036048452768003
-0.0243437295738917 0.00209054350236051 0.0572616237174718 -0.0239745084275931
-0.0346984294774563 -0.00904132152567647 0.0734176698196441 -0.0237373904407118
-0.0226638486214393 -0.0338795291962072 0.0851080064971853 0.0160791866303659
0.0132134010068428 -0.0425310021230876 0.0598613578373946 0.0796122287000302
0.0521439255409605 -0.0276625675238685 0.0218635779521386 0.112078131476246
0.0744170871017236 0.0213813054795009 -0.0123793507566228 0.121261787094773
0.0708574237012564 0.0696048311358735 0.023788541063861 0.143347181161186
0.0702723862008985 0.0759581306417225 0.0258035942915103 0.055089533763394
0.0672371580596514 0.015296862155555 0.0332162356383905 -0.0558526510952353
0.044822473107293 -0.0236208538553984 -0.0757908518679859 -0.0691088403646496
0.010607213617702 -0.0384056470866025 -0.11443050329616 0.0356807100445923
-0.0192301262970338 -0.041025686465268 -0.0330869618932962 0.106040344476422
-0.0382033398928636 -0.0199200815157293 0.0362794682145984 0.0810558020912689
-0.0353611065838226 0.000357168383788419 0.0508042334169234 0.0350418534890791
-0.0376044718505788 0.00605806424728813 0.0455923202900924 -0.00142055221488296
-0.0426806245342859 0.00211726411121219 0.0411574743392399 -0.0253147171135223
-0.0577342227918745 -0.0162660238385151 0.0546879218981647 -0.0373381070234152
-0.0418335350948137 -0.0546229665625543 0.0786305542947975 -0.0166132307859902
0.0113208261309359 -0.0715219050649974 0.0775154663469186 0.0483794629340237
0.0797553979439325 -0.0505060121216629 0.047728678208829 0.0982179352541537
0.114131724302857 0.0309318766107438 0.00395741502234249 0.111922840541128
0.0955599866016743 0.104338930058556 0.0159537625159131 0.112630895203572
0.0681305123891042 0.116107913318654 0.00557644032399366 0.0168353431516192
0.0932844806887291 0.0513619243613555 0.0313075212502988 -0.069185845205401
0.0862842272227268 -0.0158166240263064 -0.0692626203714153 -0.0979105913756783
0.033465584097853 -0.0635633473165402 -0.121750657486381 0.0037480269771683
-0.022653333889714 -0.067618111822512 -0.0568693923859837 0.0839711303211814
-0.0560262468772334 -0.0350172267680493 0.0103244804871664 0.0763097339582629
-0.0536165624314451 -0.00271001929695449 0.0304906485158252 0.037893091483683
-0.0504944492118245 0.00748959851890296 0.0276999412921092 0.00179589833841806
-0.0534249941879985 0.00342675770575506 0.0193095888293283 -0.0240565536883812
-0.0713678514275375 -0.0188239525549984 0.0299706510162388 -0.0474072145038468
-0.0579999850099498 -0.0635263543533215 0.0597127987755005 -0.0475603804183858
-0.000577411454337476 -0.0895432486100883 0.0834533059273539 0.0103419215222342
0.0885389893764999 -0.07295453204059 0.0668552174331783 0.0752238473470315
0.136264126137825 0.0263299335165025 0.0138308571748296 0.100110405607401
0.10836117397665 0.117487298757674 0.000938381690853199 0.0750889943553019
0.0521608483360737 0.136949259139388 -0.0122189907910743 -0.0349947999643214
0.0973514033031218 0.0852277643830752 0.027409302866588 -0.0869436574323976
0.110832715964248 0.00467167747090752 -0.0525290247649393 -0.121834516808261
0.0563991093504199 -0.0718857981028771 -0.11393085544537 -0.0360377672514032
-0.0174000315750314 -0.0829997386326894 -0.0781221901498279 0.0462102206491749
-0.0628288616010161 -0.0469594062789203 -0.021197626613222 0.0621769314533554
-0.063381136135641 -0.00637789634632104 0.00356240710619364 0.0382811411195443
-0.0564903070165307 0.00801503291100801 0.00540870272234128 0.00526564145759958
-0.0572098063367555 0.00456422630637033 -0.0037372075335255 -0.0210159005002859
-0.0737338411881959 -0.0183044877622945 0.0034966723531788 -0.0512736100574155
-0.0631838640208043 -0.063493780372366 0.0359138027957569 -0.069832904114662
-0.00786599629514406 -0.0919287758149518 0.0787041390164169 -0.0232212861004228
0.0834398260096621 -0.0788657184055208 0.074545603523105 0.0508360419013082
0.133809732839111 0.0229396654281992 0.0166848087181422 0.0866305425686077
0.102912707060561 0.114323815428326 -0.0186745227697757 0.0370549205033792
0.0287426060474654 0.128780475082362 -0.0238392400594186 -0.0891547175047842
0.0767397448338497 0.0988726950436198 0.0241544052016018 -0.105621783999423
0.105313725364089 0.0266518618145642 -0.0292149447000959 -0.134047824689868
0.0660408979160457 -0.0596480123813847 -0.0896677686587619 -0.0726019652389291
-0.00718850512514168 -0.0791947586836309 -0.0878571383504694 0.00323318412687304
-0.0569908096622065 -0.0489481178284372 -0.051104502483244 0.0416613347165546
-0.0613677189984463 -0.0084748497857973 -0.0249913188994403 0.0359027558221833
-0.0533738384726304 0.00652018150169963 -0.0166141104655371 0.00711967809390652
-0.0523550878581866 0.00436270718026192 -0.0251398370986072 -0.0180309127155158
-0.0660078806640935 -0.0179631832897749 -0.018422914839745 -0.0536448231110934
-0.0554960665824015 -0.0586691845249363 0.015375771951556 -0.0820623623131679
-0.00526664431413765 -0.0826486363051182 0.0707279604674118 -0.0454239821123821
0.0754986741348576 -0.0645656985156182 0.0738431940982729 0.0320960039444001
0.112364769873889 0.0277155721097941 0.0137747245986329 0.0724145044273019
0.0779766165616248 0.10110743132492 -0.0371042539917053 0.00152208992843123
0.00445746212730418 0.0940144029301236 -0.0298287995303132 -0.132249751570505
0.0418666831370787 0.083850857325884 0.0231683635733834 -0.117814137530354
0.072963857740965 0.034445178883836 -0.00673488887372306 -0.13388255517259
0.0543963633799581 -0.0360626681348571 -0.0616958423496097 -0.0943468702255832
0.000544506748195791 -0.0582671403942143 -0.0885862225313984 -0.031912037803003
-0.0409954614004669 -0.0402175175070482 -0.0738489472616107 0.0212999746170151
-0.0480328064043946 -0.00933655606784198 -0.0487444182335768 0.0322295570144767
-0.0421427396282064 0.00386073221238301 -0.0364931202662583 0.0079387193569533
-0.0419588187540355 0.0032403077199338 -0.0432674318490627 -0.0174067041961812
-0.0512760521098532 -0.0165864091789185 -0.0344767671760548 -0.0556766939828525
-0.0402954250417059 -0.0502363912007256 0.00153961429520246 -0.0889079946539033
0.00311610764277183 -0.0662973486414321 0.0650639670836719 -0.0575422394132631
0.0658662355677832 -0.0390716510150063 0.0706717995881235 0.0203611191117198
0.079143102451141 0.0368698130888938 0.0104161377713467 0.0600630111102516
0.0412216138039794 0.0799286504639516 -0.0468779310072684 -0.0278531179025354
-0.016800056568526 0.0406835339242922 -0.0331083767530534 -0.1539396919359
0.00500772904464315 0.0486596403235742 0.021279127335864 -0.121956379934551
0.0293015464942479 0.027207744225403 0.00498678773236217 -0.126762254545778
0.0293802241172698 -0.0111854532217718 -0.0448770315243036 -0.102116219990964
0.00468149312603393 -0.0275993031812535 -0.0871609833660648 -0.0495774939397442
-0.0194777191291129 -0.0238440116569157 -0.0858310282306787 0.00871141185043775
-0.0269732154757809 -0.00787307958603698 -0.0642831322213004 0.0285061299649799
-0.0249203514946907 0.000761108321344642 -0.0499256215871571 0.00776944569684777
-0.027073469482602 0.00161305702372215 -0.0549772379450979 -0.018643110171537
-0.0322810435564672 -0.0122504411594584 -0.0441081385429404 -0.0600927176622207
-0.0228275592618454 -0.0364983387739187 -0.00355986536759874 -0.0936587388104932
0.0110648519554527 -0.045661704707866 0.0658601145699163 -0.0621491102832941
0.0515266110907791 -0.0119858691761124 0.0691282986815617 0.0159888233589899
0.0410003494565666 0.0411299709123382 0.00759042482205767 0.0493323277883548
0.000187194650540139 0.0508692074579764 -0.0471592974852662 -0.0500150471315942
0.031054949857132 -0.015495646973609 0.0565912670682734 0.0739157354855634
-0.00589257141750444 -0.0263165413031173 0.0301132658083588 -0.0493701532393107
-0.0239681273120681 -0.00490593545639155 -0.0695195175426326 -0.0314476227011362
-0.00656678665010817 0.0162185412203574 -0.0876647967460139 0.0580910915126226
0.00493851782062361 0.00899979825633484 -0.00250671486026658 0.106007918156344
0.00720495760181409 0.00565165907560836 0.0546307906291401 0.0693558831558399
0.00823669520354425 0.000358725672666135 0.0620593540819108 0.0286511478027136
0.00255590626385101 0.00121975646193121 0.0597014418231526 -0.00276325189190184
-0.00123401615207332 0.00390345619515679 0.0636048955559083 -0.0197684863919103
-0.00752040109202915 0.00479868995292616 0.0787484480157298 -0.00919470073521457
-0.00814736128182077 -0.00301448071779853 0.0797144542220525 0.0399030546322795
-0.00224700196373004 -0.0111822985098204 0.0408674344436509 0.0949726988002238
0.00899863923373806 -0.0192123626753319 -0.00174117783741922 0.11202919672932
0.0289409719650981 -0.00829065109629056 -0.0308835031397142 0.122244151584706
0.0426370487829673 0.0170859777909789 0.02026662264449 0.155183870877128
0.0548472633106118 0.0282116320029948 0.0428591360644567 0.0722642527137145
0.0294458576258325 -0.0119769990168146 0.0327928021964981 -0.0476979125169306
0.00465314361518638 -0.0173673926934597 -0.071919104807436 -0.0458256882733459
-0.00229754339357605 -0.00891552018493022 -0.0986687058686779 0.0501702279679983
-0.00863871985561613 -0.0130776161154634 -0.0145371558691288 0.108176765639992
-0.0148865211025642 -0.00526877731169807 0.048894102880316 0.0757824507077936
-0.0129116307936983 0.00073679834631943 0.0593896716550083 0.031429810830545
-0.0183002956856197 0.00318920577822221 0.0556652648013446 -0.0021665233319576
-0.0233259949852578 0.00171726002641249 0.0554234652091728 -0.0217489051027332
-0.0340860366167185 -0.00921514903924115 0.0707239678566776 -0.0212190224967255
-0.0210669066548249 -0.0330382119379783 0.0821650527748505 0.017310953377945
0.0137032126279949 -0.0409340852445614 0.0566993327876856 0.0783085056638558
0.0509818063921835 -0.0254098100199069 0.018417658817248 0.108568719806981
0.0704845824529394 0.0222070492179784 -0.0156645604263457 0.11704900250172
0.0672819470788145 0.068597530211577 0.0197084918696549 0.138415545761274
0.0664159664728019 0.0731589114610168 0.0253690084119271 0.0535565897960578
0.0641857033133146 0.0156818790422362 0.034512631680128 -0.0533264420038139
0.0432650035732737 -0.0216776397792539 -0.0718875618384666 -0.0689825440194658
0.0113790197977456 -0.0369656379553823 -0.111660876282313 0.0320135871744049
-0.0186070478916862 -0.0396086579348326 -0.0340353972021814 0.101319062961615
-0.0368869474809768 -0.0191236358924128 0.0335288667309706 0.0784052454911255
-0.0340698015656318 -0.000714806738221512 0.0484915690798093 0.0347753322464078
-0.0364128517593961 0.00483649960327748 0.0439668506145204 0.000301280648851584
-0.041318805888343 0.00171609141261638 0.039393424015561 -0.0226530257193542
-0.055702439789456 -0.0166984490706459 0.053033427013005 -0.0346666808472154
-0.0393362953921835 -0.0527038564576992 0.0748679098961954 -0.0149673259534102
0.012111892862101 -0.0690134328332235 0.0737209010068238 0.0486428552070059
0.0778238296572511 -0.04653599759567 0.0439436008362732 0.095832150277467
0.108672745031798 0.0315374772044804 0.00111795961014634 0.108359350065857
0.0901567571779346 0.102315720830118 0.0135057144448497 0.107941736314384
0.0633193005230214 0.112106502739986 0.0060935950366337 0.0169608155155602
0.0888418124317099 0.05117660311155 0.0328956093375885 -0.0653818541974665
0.0829656803083692 -0.0136224952380777 -0.0643052509262499 -0.0962993973689104
0.0336155018107532 -0.0605664393813567 -0.11820151191394 0.000474910998826427
-0.0209373637258742 -0.0650533078403416 -0.0570764371573755 0.0794418236487798
-0.053363784754229 -0.0343840175592756 0.00811211423128447 0.0735692818393609
-0.0512810539942797 -0.00322590831249581 0.028451059052388 0.0368169753515458
-0.048363958748543 0.00593519501933349 0.0263719824373739 0.00305019154080577
-0.0517943215306607 0.00260513115171694 0.0185839555584037 -0.0221485270297647
-0.0684235449557044 -0.018749128506411 0.0286954350531371 -0.0445249882815201
-0.0552927921233705 -0.0612817645306767 0.0577406546100205 -0.0449519644611388
0.00115310752475213 -0.0864439451736252 0.0811986556354067 0.0122753573043129
0.0859245376684771 -0.068373247223839 0.0631606625364133 0.0743084398839024
0.130274645930607 0.0275673055465114 0.011823302472435 0.0974087455923945
0.102148444066197 0.115255693950071 -0.000485743348068329 0.0724805716518611
0.0476492962811553 0.131952981387729 -0.00956675216605034 -0.0330268630323023
0.0917599820582641 0.0833036839547477 0.0301156012751283 -0.0823853304126965
0.106452113665705 0.00671454320444504 -0.0475485296668186 -0.118585863132698
0.0559979167400107 -0.0684686353947759 -0.10924556027458 -0.038615820727489
-0.0154395432472786 -0.0797284207957602 -0.0768101571376305 0.0432652199334434
-0.060238454787787 -0.0450584401765053 -0.0213900918807749 0.0597714178163676
-0.0605765640400351 -0.00667688499392099 0.00284934245814834 0.037246666650081
-0.0541040811221234 0.00618276245092891 0.00517659027745768 0.00536692544428733
-0.0545489282320696 0.0037016047803899 -0.00311440292060718 -0.0197771511394929
-0.0710651339148339 -0.0183013042666909 0.00396141785274138 -0.0495918409324698
-0.0600090290829783 -0.0614720267657947 0.0348834613557104 -0.0668166234089747
-0.00627853280774246 -0.0886211075643183 0.0771453281434961 -0.0203543518055504
0.0813417148354808 -0.0740572433201226 0.0712811611140486 0.0510223620555148
0.128703621718299 0.0241010083976425 0.0151910182383985 0.0845318461586595
0.0974801873434122 0.11225877017638 -0.0182365560499938 0.0346970958086078
0.0250772312775466 0.124001306058719 -0.0206737963302207 -0.0854080213742621
0.0715382716895026 0.0962788337967148 0.0269725202056889 -0.0999106881023392
0.100608011239024 0.0278835389284945 -0.0249477046074486 -0.129912531280164
0.0650026895922555 -0.0564842584371273 -0.0855297873311891 -0.0725542875074225
-0.00626642949252662 -0.0764390182010651 -0.0857298304388663 0.00149305722622924
-0.0544143441436565 -0.0469218456320953 -0.0502601461864473 0.0394019100532289
-0.0587192509130393 -0.00928848409604377 -0.0242550708140668 0.0342056593711209
-0.0506898645310793 0.00505899694792751 -0.0169636369323195 0.00728519431397575
-0.0505927624504999 0.00315594606614651 -0.024066825778802 -0.0175894484805593
-0.0636337033716304 -0.0179732682530319 -0.0171702001130467 -0.0517808389014734
-0.0533103906816689 -0.0572168256513204 0.0149369985646607 -0.0793230771957478
-0.00384131223798813 -0.0795871529762821 0.0696158670558876 -0.0419672167044024
0.073413104822178 -0.060494061635677 0.071126549135959 0.0332137027945623
0.10754665665985 0.0282272205672309 0.0124815580843582 0.0705382199806362
0.0734540135068074 0.0988451003472998 -0.0347216045443642 0.000502499682704854
0.00208465878640822 0.0900105845866588 -0.0249646775903526 -0.127267824709443
0.0387331391782717 0.0818592601604248 0.0261776109999115 -0.112161266390616
0.0694357690197787 0.0348778112487815 -0.00366981130981143 -0.129296560406172
0.0535314380504688 -0.0335245640042234 -0.0578795903926754 -0.0929558779200491
0.00111771384975293 -0.0564627303597066 -0.0857487186688621 -0.032204822641709
-0.0393489591624044 -0.038653201319672 -0.0714348632301473 0.0201902217673831
-0.0458543810621803 -0.00953048799403196 -0.0475065658023046 0.030254318461366
-0.0404734422797553 0.00291370138248985 -0.0355253220723734 0.0072385438061611
-0.0401611931598659 0.0024040865310874 -0.0413639330135569 -0.0170039082155352
-0.0494187470641586 -0.0166067237002895 -0.0324649133957795 -0.0543930165657284
-0.0387579215334465 -0.0485832348457938 0.00246328089599113 -0.0859098028565399
0.00431315675254071 -0.0634077046812798 0.0646045699020566 -0.0538532966007577
0.0641029489622179 -0.0360434500955571 0.0677519361218283 0.0220245351024444
0.0753275197227202 0.0363149749265706 0.00937131285780075 0.0578873148288828
0.0378595327649914 0.0778102478397183 -0.0448905289170825 -0.0283266473047563
-0.0170272234629777 0.0384699695290337 -0.0287247852661791 -0.148733045094433
0.00435494503234564 0.046668621690536 0.0240064209479672 -0.116089182953396
0.027850532953542 0.0268993557850019 0.00735970507338053 -0.121595460285525
0.0281998721235655 -0.0100646381319042 -0.0409689056712256 -0.100168213660823
0.00469418993011795 -0.0264749275649925 -0.0830121574495291 -0.0488666204311794
-0.0185765449483154 -0.0228668693953705 -0.0830858003543458 0.00734327487721022
-0.0262681271820155 -0.00770027683235309 -0.0629941048249175 0.0264968523296605
-0.0237600136643923 0.000159747444601351 -0.0480760105288319 0.006222598849061
-0.0258722593240663 0.000963523516817316 -0.052408430590674 -0.0180590574681072
-0.0307138405706017 -0.012226500669377 -0.0413844616981206 -0.0587800084657539
-0.0216069461384392 -0.0352594117257579 -0.0026852073392333 -0.0906834339715362
0.0117364385678027 -0.0439065087783348 0.0645446154142436 -0.0585338364267767
0.0497907607678858 -0.0104976944666127 0.0662288029505198 0.0176205980244147
0.0387635324917438 0.0402063807629184 0.0070555309070414 0.0480700493901825
-0.00115464633558546 0.0490017725422579 -0.0448132068578313 -0.0488659595982038
0.0322559052775296 -0.0107278009004499 0.0455203738376514 0.0849142889623678
-0.00136646425406502 -0.0265436441339986 0.0402360057044966 -0.0444340274630113
-0.0227791490470175 -0.00899972517175148 -0.0618031360109285 -0.0438312337396863
-0.00959407580746461 0.014011259168708 -0.095178086647878 0.0427473562286404
0.00252198401823168 0.00967798553855463 -0.0199734440251342 0.103302874887616
0.00675695373204167 0.0060195413447144 0.0427123850215684 0.0776350470390347
0.008043801938267 0.00135504697628948 0.0568202556834148 0.0383919372852836
0.0023198896853404 0.00124261282203965 0.0589569561813465 0.00719084236973351
-0.00161749081878946 0.00299652436140545 0.0666085846765461 -0.00864313863189786
-0.00762388405017624 0.00307977818156628 0.0790222473080413 0.00441253283682978
-0.00609933082448816 -0.00494268854103839 0.0712546204635072 0.054475633964371
0.00131906940792335 -0.0118512109719894 0.0228601608808084 0.102301601351463
0.0138801582860975 -0.0157921913341796 -0.0233726516873766 0.109443901882789
0.0307671580100522 -0.00140011404656787 -0.0545002485295725 0.114423546993548
0.0404242829465806 0.0247041968834194 -0.00999781435233787 0.157882759277443
0.0492339900835891 0.0352124597355968 0.0288251306554392 0.080442364473626
0.0304520697027492 -0.00630148832913372 0.0416516463507846 -0.040940080234072
0.00743566890750442 -0.016028836221116 -0.0632524265159726 -0.0563537183462792
-0.00038550527881924 -0.00980801769936598 -0.105186393019325 0.0345582062610206
-0.00612042703027026 -0.0143736108195643 -0.0316204427846409 0.104090925167847
-0.0132803955073544 -0.00800568086147664 0.036564544783411 0.0828388878411088
-0.013000478453812 -0.00205089712900509 0.0537151332492825 0.0404485321392142
-0.0183851836661697 -0.000707858283313136 0.0547643180887531 0.00789224382753509
-0.0230021918925082 -0.00277360762321711 0.0589751698820211 -0.0114145441093402
-0.0313181347905403 -0.0152548902557959 0.0725141780006791 -0.00783110194070426
-0.0139121581130713 -0.0357019568717824 0.0773370773433248 0.0323195780519534
0.0219323804790112 -0.0381754278069176 0.0417377950353949 0.0893355590884569
0.0552843975866508 -0.014619380880548 -0.0023811080699576 0.109953861364499
0.0655903536487679 0.0357025203623181 -0.0377515670229972 0.111101892366962
0.0544252165023805 0.0800550156398217 -0.00688817536745987 0.139893845932094
0.053613734569572 0.0817627287830574 0.0107228065559514 0.0584131316522025
0.0595012815197178 0.0266774891758268 0.0423839127996872 -0.0452615416092185
0.0465125028946167 -0.0132813312354286 -0.0605596106647629 -0.0778429592573427
0.0182104624572052 -0.0341656587688464 -0.114473486634286 0.0157714148284842
-0.0112256062434815 -0.0416918392915287 -0.0484381728063873 0.095352399966792
-0.0325468127531437 -0.0252075622170495 0.0223217685815533 0.0827925008788708
-0.0333765785251855 -0.00685502633539678 0.0430021006989738 0.0422658956603074
-0.0364319302947051 -0.00201959888725501 0.0433066009133465 0.00760283072335145
-0.0404594727498729 -0.00566821988923759 0.0427898945848712 -0.0147519976823108
-0.0515377188538438 -0.0262355021167178 0.0572694501689993 -0.0241137595838605
-0.0284580684777088 -0.0587508405312713 0.0754696381307207 -2.47856356290801E-05
0.0254978086868084 -0.0660930086892044 0.0641781417354322 0.0631933869777023
0.0858040230303343 -0.0314621893605264 0.0246908958994336 0.102226266910595
0.101102805946495 0.0513671716874709 -0.0198545252162542 0.104732809405995
0.07044211573749 0.11726601953511 -0.00672543883758985 0.108297781697959
0.0446140749068148 0.119273744849442 -0.00494191347752661 0.0178311347772531
0.0776126295916907 0.0654548432417313 0.0412389707171664 -0.0570379932089999
0.0833892939574947 0.00093412931875754 -0.0505479919778137 -0.101369323780079
0.0439530156945141 -0.0532589153476684 -0.116710347791377 -0.0145335476604609
-0.00929040131207859 -0.0665891463982249 -0.0672994726301897 0.0723610539738786
-0.0467113058220661 -0.0424013003010072 -0.000502142489039875 0.0743180206361984
-0.0500027099643426 -0.0122614385104047 0.0236433636142385 0.0413966807409689
-0.0487689445898464 -0.00278078341691595 0.0249192754505551 0.0074382902057227
-0.050937777005148 -0.00670363081822301 0.0223747414424351 -0.0174313493415162
-0.0642951478956729 -0.0300259195604539 0.0352794907787213 -0.0378987442711311
-0.0428203789374103 -0.0699786212832784 0.0631953969695525 -0.0332614972717908
0.0175252101813766 -0.0846952200858421 0.0779685415760085 0.0284272446668726
0.097235419380101 -0.0512496330139172 0.0471838583556593 0.084501532929737
0.122476113431204 0.0508455038978432 -0.00748058174713371 0.095009295338266
0.0800000181762933 0.132726034672786 -0.0140227021531354 0.069263936311754
0.026340638758799 0.135860757718039 -0.0139128728516976 -0.0360294479340799
0.0760160665723246 0.0974197168261983 0.0389024948015703 -0.0753719633999455
0.103604758481269 0.0255431234776381 -0.0316677804505241 -0.120527246412437
0.0671590452974026 -0.0566198392175992 -0.101778102198625 -0.0504258988580255
-0.00117548712272702 -0.0801203727116599 -0.0808586729893961 0.0340765535334255
-0.0511297739370705 -0.0537241504785774 -0.0280295450532794 0.0559433564574858
-0.0588062167155976 -0.0170991985767137 -0.00118056039869264 0.0376424548747985
-0.0535419721546988 -0.00338181130428084 0.00409189016168064 0.0058786729715838
-0.0535768831573472 -0.00626434135180112 -8.97303806016391E-05 -0.0187970421332824
-0.0664154551396169 -0.0305740685140509 0.0117488519075796 -0.0469193643797749
-0.0482590891637951 -0.0704757084486898 0.0444222382723624 -0.0585157593659257
0.0098003715414899 -0.0884266272350253 0.0795372804871771 -0.00387506390886088
0.0931525801551993 -0.0582678253400147 0.0599804157089684 0.0637512917472055
0.12120078126366 0.0463431011692048 -0.00100301573628332 0.0827710318310015
0.0749834354394852 0.128282119056837 -0.0248601345357525 0.029014413815111
0.00547807364973312 0.125305546472885 -0.0148452164103946 -0.0905591549584202
0.0540452324231914 0.106788677171693 0.0385242985941833 -0.0941863272538187
0.0944107729664472 0.0449217783286732 -0.00800895544782242 -0.12858434550678
0.073622057699814 -0.0437460073997436 -0.0744226106397473 -0.0810841636221022
0.00780408859368104 -0.0753296706005144 -0.0833965386369522 -0.00848017481775635
-0.0450248172388279 -0.0547301620390145 -0.0528871419041245 0.0318081864114147
-0.0565929959803026 -0.0191257011372206 -0.0280592586270965 0.031515137980089
-0.0504562549869449 -0.00395483837702735 -0.0174189379214999 0.00337851058188002
-0.0494473800064798 -0.00570972109560099 -0.020853982618955 -0.0204379251292239
-0.059474185897001 -0.0285310974540791 -0.00825260771581594 -0.0526002966595709
-0.0423597719351829 -0.065008513424549 0.0269069133733758 -0.0748602772210698
0.0108314959281712 -0.0794507141279293 0.0753048093393487 -0.027874834883007
0.0828811308757265 -0.0461201431608439 0.0640663720722218 0.0455956735263449
0.100403574704085 0.0473833972169559 7.84852074358105E-05 0.0694967486056571
0.0533916565963903 0.110944129025884 -0.0353590345096098 -0.00781109418215735
-0.0118541584486268 0.0884582409683993 -0.0112390377085848 -0.132291537092421
0.0238680899192144 0.0868488875213598 0.04093619370153 -0.107074992717187
0.0627452135343328 0.046660312018103 0.0130391126610482 -0.12645819937334
0.0586854995186101 -0.0232136546232334 -0.0430811403600997 -0.0982856585048633
0.0115529773968043 -0.0548050374753933 -0.0787508935381731 -0.0428589230895805
-0.0317927708023622 -0.0438441475342261 -0.0718467270136387 0.00838804810459502
-0.0446764129266165 -0.0170405331012682 -0.0505287968920726 0.0229652178666111
-0.0396635372944164 -0.00460149731125066 -0.0360292018574404 0.00118829415777931
-0.0394587603066206 -0.0045305182957593 -0.0373426684277958 -0.0231898819611141
-0.0455453939228342 -0.0242807016516679 -0.0233020793883593 -0.0584722238025351
-0.0297753376629402 -0.0539735762245791 0.0165196946346494 -0.0835490324163172
0.0157549194989881 -0.0625321415638317 0.0733802860476998 -0.0409757329258787
0.0690614655796798 -0.024403739540313 0.0626879453196196 0.033850887748673
0.0676466467296932 0.0494566794763928 -0.000616050721489925 0.0564668491504595
0.0220766189117563 0.083746644217391 -0.0392369039577534 -0.0373781767928225
-0.0230083044962217 0.0353838572374799 -0.00636714217636061 -0.153608266134453
-0.00323735556233656 0.0461286554370636 0.041433350683942 -0.112011667600476
0.0228624577242464 0.0317342956941534 0.0249037598971847 -0.118735388974902
0.0303741068078164 -0.00451508484092255 -0.0260607113230929 -0.103844538525369
0.00926175716847811 -0.0255753729239856 -0.0740466095608347 -0.0596740948616122
-0.0142921943218604 -0.0245727966508165 -0.0823849827472752 -0.00585976384320418
-0.0246788111013321 -0.0117144884282714 -0.0659306807391593 0.01772068258676
-0.0230508504215504 -0.00460207883976612 -0.0487945390780147 -0.00196479514374345
-0.0253210622100803 -0.00339253237290901 -0.0487417840347069 -0.0269603054842397
-0.0283631809475635 -0.017697981683093 -0.0311385871142661 -0.0644537235361518
-0.0156780123853875 -0.0385302092773104 0.0128654462404607 -0.0891011334201312
0.0187581196795645 -0.0419616581991291 0.0749604038565481 -0.0462518599932203
0.0513910206859358 -0.00182378685142655 0.0619844642821677 0.0292633764301071
0.0303873705223096 0.0461336413196444 -0.00172150402417878 0.047168513643226
-0.0115141435382083 0.0485260012364786 -0.0357824878008614 -0.057601951740818
0.0332324592434519 -0.0105375861833554 0.0472563564278112 0.0873999328226536
-0.00144757713532488 -0.0274369603385465 0.0434481334834607 -0.0462056437014167
-0.0228051608882626 -0.0094850475876456 -0.0633204986448274 -0.0472732207459684
-0.0100409249543994 0.0141387821300837 -0.100086476474295 0.043281542131726
0.00253781752866114 0.00982706635114788 -0.0226381940050979 0.105987431481953
0.00703659783130783 0.00604856223581169 0.0431570302078869 0.0803341993527446
0.00790706615165261 0.00136632436829906 0.0582164882242972 0.0405252642369505
0.00240276146115731 0.00129341861997285 0.0606809413912118 0.00890424398494455
-0.00190183622523445 0.00306518407646033 0.0690868897485532 -0.00760352399179814
-0.00810866584107733 0.00331408507239065 0.081940593214287 0.00563825379417476
-0.00662779210452625 -0.00531688640159402 0.0728818801630222 0.0577321654934861
0.00183423868151996 -0.0126117135307456 0.0220018624320458 0.106549371892867
0.0146369273820072 -0.0153017047188316 -0.0265794993270572 0.112196243942621
0.0316825511869775 -0.000447643763392713 -0.0599866592549727 0.11687099528585
0.0413638055600256 0.0260809868123958 -0.0133300205403528 0.162150495383467
0.0496136262841142 0.0367044340868109 0.0301746978641033 0.0835518447478877
0.0310780545803456 -0.00596511681703681 0.0450546395084504 -0.042258750589752
0.00797409149576779 -0.0161695198554321 -0.0634196566327805 -0.0603118871862625
-0.000258231478033275 -0.00999241287011502 -0.109479460724944 0.0332745298243856
-0.00670318244138487 -0.0153044439128402 -0.0343808466255013 0.107187259223972
-0.0133800334683946 -0.00813660058568381 0.0364915498559452 0.0856389231149108
-0.0134637009633313 -0.0022017160942523 0.055456193319357 0.0434772482865895
-0.019562099866013 -0.000880469456873772 0.0565841884377586 0.00911104384639315
-0.0242333149646252 -0.00306166829721822 0.0607532361771021 -0.0101829090115738
-0.0319677589378781 -0.0156172355582418 0.075144837563458 -0.00742020718691035
-0.0139795836902965 -0.0372291606273688 0.0786901190634583 0.0346711056776506
0.0232600814163081 -0.0392095670503893 0.0417183492195486 0.0936559881161008
0.0576383517751229 -0.0135621044301328 -0.00563882530615555 0.112987776591632
0.0666535278389163 0.0386159032848522 -0.0417101411966209 0.11422859408481
0.0548884549683921 0.0840805249237281 -0.00903588207780736 0.143991614726139
0.053602326414499 0.0845918096742401 0.0113442234969715 0.0604954774017969
0.0607742431709115 0.0281563919783565 0.0460109988994765 -0.0458991121010933
0.0476501661626318 -0.0134153872111017 -0.0600986223706776 -0.0819691000302593
0.0192764533627468 -0.0353304015215512 -0.11832109878874 0.0135014827795311
-0.0115114148677795 -0.0431741380879624 -0.0520752025250322 0.0975086936800964
-0.0332090519375417 -0.0260069453747027 0.0212685230042956 0.0856862621606319
-0.0345189854820809 -0.00714024033231502 0.043285079083063 0.0442239139136827
-0.0375241897882788 -0.00297138146673728 0.0446403060247036 0.00914881573637078
-0.0417533568402975 -0.00653858566342321 0.0445880647131765 -0.0138197127084604
-0.0533262115626655 -0.0270196113253208 0.0593930923045354 -0.0237953284383659
-0.0289992207777583 -0.0604455132172869 0.0771900454115544 0.000953904173240101
0.0270676124411647 -0.0678299662725111 0.0656795896535489 0.0673069734385874
0.0885059165349956 -0.0300938891624921 0.023435726749388 0.106165399983647
0.103112947102473 0.0545925477287609 -0.0229411978901393 0.107823502704824
0.0709835431766959 0.122716784766907 -0.00869017300425364 0.111269717307363
0.044152033469105 0.122626790718113 -0.00370374076460251 0.018595472242756
0.0789020826256082 0.0685502383975539 0.0454767463470606 -0.0581324807938731
0.0858757144020896 0.00281527563079308 -0.049702811218719 -0.106315324189438
0.0462226295364882 -0.0542406049988992 -0.119872137970913 -0.0180176411833591
-0.00939809553245773 -0.0688891604833141 -0.0708072808947325 0.07302166832401
-0.047416155088892 -0.0433216633790163 -0.00205188213885961 0.0771004117559585
-0.0516167129179328 -0.0139439905300856 0.0235841887854831 0.0432643783070036
-0.0499485424714889 -0.00407397378022841 0.026090195442146 0.00851829140969224
-0.0522490081617174 -0.00746028240644685 0.0232689619246427 -0.016977036561259
-0.0661138849448487 -0.0316873364984016 0.0367336840365714 -0.0380615720420492
-0.0436294507621574 -0.0717281005819729 0.0640855283787829 -0.0334766026282677
0.0191886687293132 -0.087443657150881 0.0805301407706227 0.0311890663427644
0.100629998611314 -0.0509712873229595 0.0479185265098914 0.0891611521016985
0.125238227717113 0.0541147390365945 -0.00851547897196792 0.0982106394274882
0.0807076918078696 0.138564164315525 -0.0145114624078986 0.0706469048119139
0.0248111780907395 0.139942710586316 -0.0125182415846888 -0.0365757768997751
0.0762881936054627 0.101495537883724 0.0433558866247576 -0.0752549515106409
0.106247643179949 0.029017660646466 -0.030456703310072 -0.1254334297077
0.0699093805002782 -0.0575589763130868 -0.104766633695739 -0.055057620342671
-0.000660262639660209 -0.0826312378820349 -0.0841277950427752 0.0339139354515297
-0.0522027784667997 -0.0550569771818694 -0.0291509127998913 0.0572939394481203
-0.0605949779654386 -0.0184127920618341 -0.00226999672191589 0.0388837258839938
-0.0550785687973965 -0.00454535074051111 0.00362623208513723 0.00678217226121185
-0.0551815371618079 -0.00709064172615272 0.000263420017110745 -0.0188886365384643
-0.0683723570285623 -0.0324175427054406 0.0125527137533055 -0.048093112014295
-0.0491642995967871 -0.0727426100838717 0.0453993353753305 -0.0598001031143123
0.0110852613033135 -0.0915967739213479 0.0828976227429486 -0.00252550485444347
0.0964727561254921 -0.0581600281794697 0.061545308572108 0.0676315144796614
0.124295000381343 0.0497888516417767 -0.00226377834533638 0.0854142637718909
0.0759317063810057 0.134222739377767 -0.0256297720226176 0.028700537503449
0.00322052492253573 0.128988089919392 -0.0129987555371696 -0.092604749827761
0.0537731121699341 0.110267396520414 0.0434547380045937 -0.0952014002925059
0.0963826810493092 0.0484856406090318 -0.00589266226282487 -0.132755508372448
0.0765666172396435 -0.0442603469384234 -0.0747007062906746 -0.0852597739527086
0.00891859180640892 -0.0779090928782582 -0.0860981331379583 -0.00966933173338523
-0.0464389605701003 -0.0563438673029091 -0.05514992791629 0.032205400997087
-0.0582317645796214 -0.019563911154232 -0.0295313318288855 0.0317887607025697
-0.0520629685408683 -0.00554871023233392 -0.0184519162820841 0.00406837187946991
-0.05020654930299 -0.00635345731083372 -0.0207705317185032 -0.0208888569943761
-0.061212077722171 -0.0304251593497303 -0.0085582284840845 -0.054903663459366
-0.043028797283156 -0.0667472700978125 0.0279242970644549 -0.0763376590144209
0.0113972991381886 -0.0817307758558579 0.0787727485289022 -0.0274610374567813
0.0860721502495405 -0.0459607149214945 0.0657476249290794 0.0496255052308132
0.102345720216058 0.0498757455767906 -0.000879400094237499 0.0721692797292693
0.0532589062836088 0.115504405277079 -0.0357664973054761 -0.00846921431472495
-0.0135373323662494 0.0909296103586092 -0.00778847258250149 -0.136591262586704
0.0237298396689321 0.0891539096983139 0.0454258616263684 -0.108600429181814
0.0635914455798115 0.0497858260693531 0.0165617729363817 -0.129374546058805
0.0611280218584515 -0.0234728274378512 -0.0428456803745328 -0.102105377922421
0.0121249453173504 -0.0564981671413185 -0.0811488467583216 -0.0454947821360812
-0.0326133847130937 -0.0445716513692648 -0.0740953952286844 0.00833023568866381
-0.0454539886603429 -0.0178500050618444 -0.0532155381589991 0.023543858430135
-0.0404513601602041 -0.00599479671570594 -0.0373036697821306 0.000496486669044052
-0.039901310619444 -0.00543393734826788 -0.0383170325927806 -0.0239334185583995
-0.0467944677740596 -0.0256922035375734 -0.0228514458593829 -0.0610554469740324
-0.0306669019029069 -0.0556892026292284 0.0170563421203164 -0.0864969281020892
0.016838088537515 -0.0637978255976065 0.0768550713732382 -0.0406772556440911
0.0717880287364906 -0.023433860548559 0.0647360640917349 0.037852324014309
0.0686317965359796 0.0518241498134915 -0.00118942929410405 0.0588486158783316
0.0210996898963754 0.0875902889562142 -0.0399598588146841 -0.0391044948981341
-0.0238166115787326 0.0354827548324432 -0.00351502549744122 -0.158361338214615
-0.00362387993133707 0.0471453404511438 0.044950735097243 -0.113827496870225
0.0231019280160243 0.0333076665979204 0.029262137693117 -0.121860308665723
0.03137660108636 -0.00468327038165256 -0.0244713386407439 -0.107787865531006
0.0100177968321818 -0.0262814679033087 -0.0759854234920402 -0.0632144271730191
-0.0149716625166603 -0.0253320456275793 -0.0856725735914479 -0.00618023670877853
-0.0258553266854994 -0.0124320008238881 -0.0683744286258309 0.0172482406071876
-0.0235688631010733 -0.00480790406656952 -0.050699974804442 -0.00266823709909935
-0.0249777107424374 -0.00377987978951364 -0.0500211899752788 -0.0285234818701963
-0.0291266466508047 -0.0181623153882003 -0.0310389211328955 -0.0670678835184809
-0.0159421699350941 -0.0398081715366274 0.0147152725734139 -0.0918583042139918
0.0199075094355461 -0.0432311658167766 0.0784933346602312 -0.0461850746442626
0.0533662669781938 -0.000883482023166155 0.0638000089137459 0.0325973323349621
0.0310177058534967 0.0478561455479158 -0.00272338562696153 0.0486482104314173
-0.012410008055442 0.0497828934176606 -0.036001915372277 -0.0594380796071202
0.0339319319906754 -0.0120230378138402 0.0525840358723172 0.0889136406929045
-0.00205952379168796 -0.0285905060919913 0.0452388466103213 -0.0504406701408281
-0.0242839264204681 -0.00951682327569101 -0.0665573588496486 -0.0483398018492655
-0.0100539313877375 0.0148329466655016 -0.103585979754105 0.046982298828873
0.00206037998503726 0.0101791078760228 -0.021097672275581 0.111233162901428
0.00770804322826317 0.00601746702158787 0.0463338139277659 0.0822322711731245
0.00860694588462715 0.00132046710015069 0.0626295754108717 0.0413704453450789
0.00226968856949829 0.00115283353732584 0.0642931963529525 0.00768999954520551
-0.00224821195239891 0.00341548011187039 0.0722212336238201 -0.00967030049731086
-0.00873214540422747 0.00373706451901783 0.0850990740681783 0.00428857338806708
-0.00667379363162654 -0.00575391140482209 0.0780552650082897 0.0593694701754391
0.00170318342229184 -0.0131839000950517 0.0255993054661278 0.110645493877696
0.015180030222263 -0.0158346940800344 -0.0269319334220429 0.116955304273178
0.0327450404873892 -0.000221384180502427 -0.0607082463308151 0.123118760404409
0.0433559179157845 0.0268610743027941 -0.0101870605201327 0.168556725938271
0.0521168816864731 0.0365632712488193 0.0341980884110689 0.0856638673639652
0.0324171714816575 -0.00688349973530417 0.0473942439355275 -0.0461256871471777
0.00810830854913886 -0.0171777248327322 -0.0672262580930855 -0.0620063625383957
-0.000660646346360541 -0.0102586198523122 -0.113100814205058 0.0372648341298275
-0.00788208588760255 -0.0153595268394734 -0.0337392982636803 0.111971167177564
-0.014055465973569 -0.00852520673601302 0.0401624215757843 0.0878978028944682
-0.0141848554870409 -0.00221716025299985 0.058827811293786 0.0433760064475532
-0.0198259784811225 -0.000569960588222345 0.0597303167128805 0.00828078917126183
-0.0253394361430404 -0.00279654037056516 0.0636977526259821 -0.0124260462334743
-0.0342403434650302 -0.0149721582707167 0.0776692013060323 -0.00922704565676
-0.0152452598191191 -0.0387359693247026 0.0827311401235959 0.0341941337985358
0.0228961056661939 -0.0414795787888049 0.0456709216986531 0.0970093322108647
0.0593677211449057 -0.0145033505654966 -0.00378683503531402 0.117831744348128
0.0703649210565231 0.0388239219060922 -0.0421380084178045 0.119588350433431
0.0589700231425211 0.0858121707787988 -0.0056268520284328 0.149355246336235
0.0573259434686655 0.0860450408588976 0.0149397120130029 0.0625953521183426
0.063189153991259 0.0277842725806088 0.0489324333054478 -0.0496064182426999
0.0490107214372151 -0.0146030634203461 -0.064482094151701 -0.0844082213308946
0.0187922453192844 -0.037105902846444 -0.123444859344169 0.0171209944850881
-0.0137215712802242 -0.0441715862023206 -0.0519534399499461 0.102591645999157
-0.0349501076020489 -0.0255922391565298 0.0247148828745043 0.0884874833763172
-0.0357387372621424 -0.00622792018004298 0.0462994246450669 0.0447745999746128
-0.0389466639508153 -0.0016460394059884 0.0462911394812241 0.00869562320203024
-0.0433466703787921 -0.00575445409827869 0.0462180530261104 -0.0152822977069462
-0.0564083316122818 -0.0261305590427646 0.0607089089757858 -0.0265599676794396
-0.0322528096993401 -0.0619770213323876 0.0797204319548904 -0.000706014685692468
0.0261723999198617 -0.0717549010812736 0.0699511217859383 0.0694166989188354
0.0913109317264886 -0.0328208685576226 0.0265507737582844 0.110756826654484
0.108111920345526 0.0549782811320452 -0.0213865676501768 0.112959504990758
0.0772272314374946 0.125495379660399 -0.00610946470810239 0.115640071072886
0.0479577058128174 0.12597639726206 -0.00168020619870215 0.019892379072207
0.0829663474650672 0.0683423343179961 0.0481172236837872 -0.0608587789565924
0.0894698690966334 0.00112228116862637 -0.0546536425945678 -0.109748146612623
0.046691102084581 -0.0575353367975858 -0.125505857008467 -0.0162794815187002
-0.0121838174816284 -0.0714185633920524 -0.0722916466857179 0.0776434706677882
-0.0507173567055343 -0.0428627122766931 0.000445040864409596 0.0799723902624064
-0.0535783983913712 -0.0123707166512281 0.0256454781920147 0.0438152338191638
-0.0521176933445709 -0.00321596588082804 0.0276638339167563 0.0076272249297555
-0.0547527544333693 -0.00635640247750868 0.0239008264394697 -0.0173654091543416
-0.0699259824707259 -0.0301934146664522 0.0368651516694453 -0.0405350796958767
-0.0472368384279477 -0.0733633096449322 0.0655516583824305 -0.0358057264383749
0.0172540139190389 -0.0912931323099607 0.084639219987512 0.030757709218518
0.103381804971891 -0.0546100798123908 0.0527203161946555 0.092440036465162
0.131146513924546 0.0534161519060476 -0.00682372049124127 0.102385537730026
0.0881296695906419 0.141987055292483 -0.0130114423616422 0.073403138484858
0.0285036622159766 0.144531932927542 -0.0123211320851172 -0.0370740918926584
0.0813932332094692 0.103319015020858 0.0460128829925402 -0.0791524549476467
0.110881472569603 0.0275530745902097 -0.0335348870010353 -0.129875592701942
0.0710679072302319 -0.0618667494473411 -0.110190826274269 -0.0552866054316681
-0.00317039971906666 -0.0859003524730835 -0.0872224277597181 0.0371162978881511
-0.055743350978729 -0.054597578421794 -0.0291190200339114 0.0609137877665187
-0.0628230393850038 -0.0168446579417539 -0.00125818526816258 0.040060444851398
-0.057261011717759 -0.00376788726119392 0.00426826389813081 0.00672376944975162
-0.056784391750813 -0.00629371523968897 -0.00021693808256126 -0.0184425431487426
-0.0722459043781334 -0.0308204953100799 0.0115773329390249 -0.0499627305973517
-0.0533434969375501 -0.0740904852569229 0.0443642494076556 -0.0629565498763712
0.00880940957012401 -0.0953765462489226 0.0867021325101383 -0.00384357371283004
0.0992590121375962 -0.0620396801278062 0.0665633763067518 0.0697145224112317
0.129925751612296 0.0489956527280582 2.22281363427173E-06 0.088641363253224
0.0824981554236286 0.137416512913952 -0.0253687110329452 0.0302929622289115
0.00546973922758134 0.132934641003448 -0.0146526649327141 -0.0950232723750931
0.058627039409853 0.113421384971148 0.0450901619848499 -0.0990938181150223
0.101711055422754 0.0484508052697103 -0.00772443152474324 -0.13781203991624
0.0783624833889988 -0.0484587609612627 -0.0798304982862954 -0.0877566980548719
0.00646203704832462 -0.0812509650741441 -0.0902258585790565 -0.00821908186558091
-0.0500440327854087 -0.0557641785798169 -0.0560298158737219 0.0354901588072123
-0.0610278090711866 -0.0185190536327523 -0.0300491378487976 0.033881070386063
-0.0533672838667858 -0.00470241153063354 -0.0191337158504205 0.0049140885338348
-0.0521804025438642 -0.00568677084002014 -0.022179578994619 -0.0203530870417364
-0.06468421498062 -0.0293097567792159 -0.00984996933947248 -0.056341076497134
-0.0471468169362692 -0.0682682719856558 0.0260101837315531 -0.0799975533318694
0.00975199041570185 -0.084828826014871 0.08223549867527 -0.0294871946256051
0.0885401987045738 -0.0489234608452012 0.0705809414430336 0.0503316186421837
0.107285951711804 0.049753816930388 0.000935594752517362 0.0748120567650006
0.0589918293507949 0.11924076760446 -0.0373548291469481 -0.00894939793376071
-0.0123417595356285 0.0940727084795789 -0.0102690921755031 -0.140348962606289
0.0269659414709654 0.091491807840419 0.0464415976705072 -0.112919090751115
0.0678633186685038 0.0501196276663636 0.0154013618264695 -0.135079671737055
0.0628461271726934 -0.0264601401427055 -0.0467071038116614 -0.10614325117188
0.0107681673464157 -0.0587094851626819 -0.0851319718159297 -0.0452153068699991
-0.0353040276368399 -0.0442272844696855 -0.0771615905748195 0.0114374195406558
-0.0485067636945763 -0.0165723471866965 -0.0545417840464401 0.0264848541343332
-0.0424307173491182 -0.00539294137932651 -0.0391960867545656 0.00175541338021918
-0.0413948130202311 -0.00477586313863678 -0.0404896270663192 -0.023216495502859
-0.0495794511810136 -0.0249598884176025 -0.0259709993053306 -0.0622335322852106
-0.0335425967679837 -0.0569428040553141 0.0149267571332262 -0.0902357984008679
0.0151686572386461 -0.0664836817073643 0.0791080990233251 -0.0439223116910041
0.0740185886780925 -0.0252954520446614 0.0694673580371317 0.0381235321350489
0.0729039473593986 0.0522510143597916 -0.000454151817629338 0.0612228448578877
0.0245753914242547 0.0907224025951567 -0.0426332925991262 -0.0399634377012339
-0.0241313294078245 0.0370616430286457 -0.00698181673843647 -0.163158735550271
-0.00265293189710773 0.0483990607052441 0.0455620814846742 -0.118396220245582
0.0252663596609359 0.0344138641343892 0.0283461824967031 -0.127709615726474
0.031860483169492 -0.00545364828394064 -0.027272736516572 -0.112732491839131
0.00931536858866397 -0.0278507090156241 -0.0806480697032937 -0.0634280287285744
-0.0158426335567138 -0.0249576982801682 -0.0893663335185398 -0.00343336476522606
-0.0267822143032741 -0.0111808882068577 -0.070451368309464 0.020036943137928
-0.024509616104739 -0.00506073327281006 -0.0527840471082612 -0.00152330660204914
-0.0257183464760864 -0.00350461888101663 -0.05241153087931 -0.0277060724261024
-0.0300002279136205 -0.0175239008001823 -0.0344345481152982 -0.069235577771594
-0.0177401625280259 -0.0402215254804874 0.0118465637583754 -0.0961931859251567
0.0193846923795651 -0.045321457261464 0.0803211885131947 -0.0494261195308358
0.055600851477729 -0.00173398723576519 0.068154497645446 0.0330166802188521
0.0327974878319157 0.049376286668741 -0.000833537514164073 0.0504604367109586
-0.011864330533411 0.0523922200303514 -0.0397092518060084 -0.0608962118083574
0.0337266366402152 -0.0143677188671587 0.0588409617269275 0.0864802397756608
-0.0039696354109218 -0.0287611673727946 0.0443693711074518 -0.054638752912732
-0.0252112929122571 -0.00844629837670855 -0.0700872454921112 -0.0469334490425583
-0.00965503557984633 0.0155775575258457 -0.102657824597309 0.0534307492090274
0.00266094008243302 0.0102367597987738 -0.015943466336435 0.113966755082759
0.00861912859950328 0.00517148737690663 0.0513749868633901 0.0803760711674359
0.00879942581819266 0.000336845320427058 0.065765879648331 0.0387472868186765
0.00152851121070537 0.00117188308719757 0.0659026858386685 0.00420317214235615
-0.00228307221078525 0.00360523033693547 0.0729037026189648 -0.0135798871838713
-0.00849929393522311 0.00426584881669001 0.0861944812712002 -0.000253282916306677
-0.00717124102863459 -0.00565310155279194 0.082056772490839 0.0558940581507279
0.000815298914807066 -0.0133658709480261 0.0314563850762831 0.111410768327227
0.0144048199680481 -0.0167383466676411 -0.0221894647730057 0.119386365090416
0.0336814754221579 -0.00132137560785883 -0.0564280220711625 0.127422152446653
0.0449453343814191 0.0249023919757211 -0.00206996748068678 0.170195634564682
0.0542690966210022 0.0343231613881714 0.0412008262182205 0.0832322827874732
0.0322085621950719 -0.00886225776334644 0.047295024322319 -0.0499397098955426
0.00740634418025444 -0.0175221934779987 -0.071512584490852 -0.0598593844002055
-0.0011757922012047 -0.0104485849413978 -0.11262465283399 0.0440841861085486
-0.00891964138049859 -0.0147304744948267 -0.0282865272676775 0.114920444716483
-0.0145881708384841 -0.00782624548642839 0.0453664606706263 0.0862859622442553
-0.0142271380229901 -0.0015331793953218 0.0623829551588699 0.0405361892623649
-0.0210704346958471 0.000309510517222335 0.0611182634705427 0.00559844359796233
-0.0261067852051359 -0.00124873529385538 0.0641909404497588 -0.0157112387532608
-0.035308298765739 -0.0128183295520076 0.0779483896556601 -0.0135564102061134
-0.0178217826483448 -0.0379049973885256 0.0850665268119453 0.0311828640517179
0.0206482397876644 -0.0435567167625488 0.0520330415638262 0.0961929493926278
0.0594492302745573 -0.017265729192735 0.00228090590952897 0.119109693244128
0.0730676378120089 0.0361068571624078 -0.0370104668517342 0.123149551267403
0.0651413615270783 0.0838702633340366 0.00166593689379066 0.150548820774381
0.0617236272127559 0.0830773038149162 0.0202320098735593 0.0626796818994465
0.0651756909448411 0.0245175369201499 0.0491373812685666 -0.0540827866617162
0.0486323619302028 -0.0171793630678104 -0.0694398348893771 -0.0828625756732638
0.017106865916999 -0.0389203328294232 -0.124969617362001 0.0231707172398206
-0.0168745580185788 -0.0438611258340085 -0.0474265002639691 0.106222761972924
-0.0368446340243226 -0.0236537277519006 0.0294183411055668 0.0877640287147511
-0.0362505686184302 -0.00438425984210653 0.0490593725434242 0.04258999061321
-0.0399322834211624 -0.000368170389769969 0.0476943985907013 0.00647418427848372
-0.0448526349854054 -0.00309967938145585 0.0465479138139837 -0.0182467477209834
-0.0586384118907211 -0.0224933215938672 0.0601801411439323 -0.0293123814408405
-0.0360760775214685 -0.0613253226878732 0.0800020916814571 -0.00454251539242937
0.0224118964701979 -0.0736359332421288 0.0751183578326422 0.0670216993982202
0.090913328293258 -0.0373507454998132 0.0326491562621033 0.110716653962378
0.112004920173931 0.0503741078944895 -0.0161060091489158 0.115376340730399
0.0856035195703073 0.123249326910585 0.00020707716870825 0.115981643987134
0.0540751216753272 0.124155317417444 0.00114180960802131 0.0203159706242917
0.0874037485233132 0.0654226898213827 0.0485673903722733 -0.0649656669898077
0.0907236278146909 -0.00314001122248629 -0.0601996661407749 -0.10912915638717
0.0436356644353576 -0.0609559754946445 -0.127807300700152 -0.0105634702256343
-0.0168223261083309 -0.0709599693442241 -0.0694239549861681 0.0820538866450058
-0.0537991035863567 -0.0405434990880579 0.00494599421642259 0.0805582825123258
-0.0547466365041823 -0.00901766347974197 0.028098023776876 0.0430633404097073
-0.052947168372199 -0.000929004004901632 0.0283805309310567 0.00694870217924761
-0.0548931091849093 -0.00379127220076541 0.023526363948299 -0.0188391147970955
-0.0732150116462411 -0.0263357254507532 0.0352268478004987 -0.042006176807062
-0.052774626250855 -0.0713127357774616 0.0630461593959333 -0.0392366464224493
0.0124510455056338 -0.093094826280483 0.0878027095515786 0.0276887577064663
0.101364211888272 -0.0600210632082708 0.0587924894190104 0.0913750336576542
0.135790205823559 0.0473050477663805 -0.00187665302851938 0.103533060805817
0.0967018373666959 0.139372500831698 -0.00987576278217989 0.0735955364002759
0.0354397176082646 0.143376921132006 -0.0126071313683748 -0.0361242684524631
0.0872871874638021 0.0997172641811667 0.0453521002049245 -0.0821265969774934
0.114010493496109 0.0220248699404646 -0.0401819586182053 -0.130251305754043
0.0687076576219765 -0.0664642979379513 -0.114175971795583 -0.051105164908895
-0.00845753539140983 -0.0862699233258535 -0.086183221251939 0.0422305253861061
-0.0593737784479814 -0.0510307869977075 -0.0255515434155038 0.0629666866311764
-0.0642729641897107 -0.0128393893430033 0.00031209415433123 0.0405841662910971
-0.0578173180356819 -0.00141704424575805 0.00503851231858746 0.00671947409477855
-0.0577897098032738 -0.00345486743254176 -0.000234206122675045 -0.0192398039664548
-0.0754063174421402 -0.0264239245091656 0.00905308065093898 -0.0506939571285213
-0.0582235915518314 -0.071611575266788 0.0407389510371709 -0.0652588712845711
0.00347833725073885 -0.096307515550857 0.0880745677206587 -0.00815207272316665
0.0966390805007743 -0.0668664620264069 0.072656796913959 0.0674430128877413
0.134122912671587 0.0430164712424874 0.00466046563659696 0.0897379041663789
0.0915950459417783 0.134742391200069 -0.0247377863162344 0.0310172173431742
0.011976956068639 0.133037013900383 -0.0183976529285144 -0.0945736323021519
0.0641758910158706 0.110900861490397 0.0431000324022187 -0.101561002742198
0.105853008110767 0.0438478671690897 -0.0144814656588615 -0.139346447818719
0.0766595334099144 -0.0532917588441725 -0.0849224921586108 -0.0856189330300189
0.00185970543473472 -0.0823785073615985 -0.0917683492028367 -0.00356141099878187
-0.0532376280738401 -0.0524647032741502 -0.0551982160868111 0.0389335427591342
-0.0629002914412284 -0.0147641485150349 -0.0280739255731712 0.0361359686811879
-0.0539908883965434 -0.00260680911826983 -0.0196844539529909 0.00613564430413011
-0.0526074539071439 -0.0027907536790038 -0.023259386580747 -0.0190637196231798
-0.0674358094458316 -0.0251408119534945 -0.0130397303167836 -0.0561702686031695
-0.0520008584730906 -0.0659235653909187 0.0211931546495583 -0.0812376035234861
0.00498418278748223 -0.0865916369142215 0.0823985579456687 -0.0336463602335657
0.0871565917435815 -0.0532936609791605 0.0749852912928908 0.0474983547486455
0.111521775585399 0.04422586139747 0.00482422114469776 0.0750485740467751
0.0664318331791123 0.117306343577073 -0.0384669401023415 -0.00763638895938543
-0.00788634955555511 0.0951633461759162 -0.0170186217599378 -0.140945067813616
0.0314419355220424 0.0910704673386133 0.0428324748382809 -0.115742657196677
0.0718875522200601 0.0475522423412608 0.0089199926063645 -0.137308431848989
0.0614180773447547 -0.0299233507009207 -0.051911020880308 -0.105868329363084
0.00748851113604492 -0.0603349951056049 -0.0885532663718847 -0.0417450971150795
-0.0378307272018109 -0.0423149271116026 -0.0771453079358891 0.0159112176059151
-0.0490459453670363 -0.0131643978823593 -0.0533591278537941 0.0301187692677069
-0.0430637927004128 -0.00364403229319519 -0.0401727680245499 0.00429806223154704
-0.0416095032101807 -0.00294448508800483 -0.0421713988746553 -0.0211057635513764
-0.0516868614982267 -0.0223289016175989 -0.0296464597804197 -0.0612696767239001
-0.0373768501149502 -0.0553575135243835 0.00950862108754237 -0.0913909564031412
0.0116360036552358 -0.0683186080884647 0.0781436246904189 -0.0484075161524403
0.0745483349101418 -0.0295701318843646 0.0728784935021186 0.0348328536698752
0.076080465297949 0.0487753324966893 0.00302837505296821 0.0612895606596761
0.0295115672726594 0.090229737392146 -0.0455496942947007 -0.038051137625527
-0.0226934468421356 0.0376766470650216 -0.0145862500083258 -0.164933871213177
-0.000572878933233369 0.0482732448279351 0.0415926106577404 -0.121641840409919
0.0273759175871822 0.0329793854132081 0.0228675440994514 -0.129770629496052
0.0321317586939604 -0.00813274310300182 -0.0331653481702411 -0.113003435851539
0.00766850051104019 -0.0283820261956269 -0.0850785255129851 -0.0607446733974054
-0.0174289229515835 -0.0231220464728094 -0.0903667541936977 0.00129300489382686
-0.0279052374392076 -0.00921722851353401 -0.0702234466469638 0.0251593062847721
-0.0252446713822321 -0.00439788256787054 -0.0540673803871772 0.00228403917840636
-0.0253229250998546 -0.00250488115707616 -0.0549497702412569 -0.0248775567183449
-0.0314924895630348 -0.0160020786547444 -0.0386567944411029 -0.0680781928302922
-0.0203749466181174 -0.0399237569293281 0.00671596048395477 -0.0977302165955119
0.0169200551776716 -0.0464790804268736 0.0795948135609621 -0.0540413752512656
0.0566974434757964 -0.00459639145573606 0.0715105046738158 0.0308350369866036
0.0359210859736892 0.0477807167630494 0.000864778371592677 0.0513872423466645
-0.00902350844275569 0.0537343396174723 -0.0435231372415301 -0.0591134326650511
0.0316552559890639 -0.0152696840803522 0.0622878053527611 0.0799143302504783
-0.00601904873127577 -0.0280101529104894 0.0413422164174739 -0.0564355593786835
-0.025007454127828 -0.00699822258064426 -0.0695780121281244 -0.043026527626735
-0.00866844548659552 0.0156875289285779 -0.0974747607452817 0.0572733762415762
0.00295567760774502 0.00968100075236508 -0.0103585442132981 0.112282082566823
0.00873746943551334 0.0042750255621825 0.0533944089264011 0.0755817381610065
0.00866120617885616 -0.000409679612292233 0.0658762992765317 0.0345129603485835
0.00158080771275362 0.000646978696421108 0.0650248820884145 0.000916264377407077
-0.00249966333851346 0.00362266479672549 0.0708915836662689 -0.0170079154610237
-0.00837428644591583 0.00447167712539975 0.0845902237840242 -0.00435244711553589
-0.00729949899519443 -0.00530938293211204 0.0832351128537638 0.0514005018415739
9.05740334509533E-05 -0.012745106642617 0.0360548152696639 0.107719746452189
0.0131249407945877 -0.0161913513248818 -0.0174947755886433 0.117255421541412
0.0326004397132858 -0.00203322828055137 -0.0503909164067846 0.126823083367793
0.045102729635439 0.0220598514758254 0.00438135684369743 0.165030590973166
0.0539511142010117 0.0297114309593895 0.0448744366033799 0.0785140655817386
0.0301883138088456 -0.00960237246401651 0.0446899387647899 -0.0522837498309393
0.00567208421171951 -0.0174507772609168 -0.0718580374272788 -0.0563395870601734
-0.001617242194101 -0.0100959595678491 -0.108464258550245 0.0479712678156684
-0.0102101826130325 -0.0137226708155008 -0.0226191812924455 0.113726700157736
-0.0145341119523796 -0.00704151628259276 0.0480058104173159 0.0818362668425688
-0.0132220952124017 -0.000979447390804539 0.0622927452793065 0.0370235549762168
-0.0207034129889975 0.00118531272379898 0.0604859955969242 0.00236914543524252
-0.0253532408621606 0.00060985032804589 0.061391003753458 -0.0183247951316015
-0.0353320759159383 -0.0106031307765777 0.0755154891343624 -0.0165928609204827
-0.0197779753610824 -0.0364754663210115 0.0841026918074774 0.0266822199626189
0.0179149009539537 -0.0431405564459531 0.0545745333076172 0.0922611718672762
0.05754524951749 -0.0194107269407366 0.00650895508887649 0.116144554685222
0.0729427571249459 0.0328600362605858 -0.0311886779250105 0.121368149758663
0.0673092730631108 0.0786984545572046 0.00675024802628327 0.145412518371327
0.0627780539339104 0.0782182501799258 0.024036069156438 0.0592003349123071
0.0635824418314572 0.0207790851363474 0.0468052765149938 -0.0548370772616612
0.0465690025895922 -0.0186830120924394 -0.0709380598044586 -0.078553611447731
0.0146176314635193 -0.0379212714914322 -0.121014327631088 0.0277924959081058
-0.0185556776732335 -0.0414140791014378 -0.0414989490006465 0.105800833141788
-0.0366754030240769 -0.0209437694157565 0.0329458504604778 0.0835496284102511
-0.0355992777191709 -0.00287032169319755 0.0499727305637628 0.039461561038507
-0.039066445395455 0.00192959984808153 0.0475533020942565 0.00404450212166755
-0.0436608774790547 -0.000888695764012832 0.0445564489341717 -0.0192999371495952
-0.0584188291407717 -0.0187240678747186 0.0568640211459697 -0.0311631935292604
-0.0384709770216939 -0.0577972551187729 0.0771961831430166 -0.00679822545683521
0.0178272046138381 -0.0726525449684721 0.0765226522426822 0.0621723724596556
0.087163820563188 -0.0398837079489289 0.0373702990137911 0.10631224063815
0.111425922707499 0.0449934987587193 -0.0116830263225488 0.112648383758056
0.0888442752844848 0.116258773263082 0.00463528633995259 0.111919211944506
0.0578090146722936 0.118237976260253 0.00333937091478338 0.0196119343816468
0.0871870504757243 0.0592965669417204 0.0460215821004844 -0.0653908650806917
0.0878463076960132 -0.00654929526381118 -0.0623747297098904 -0.104278489072475
0.0395581717130466 -0.0611391388561166 -0.12563226674826 -0.00511527702259604
-0.019955984748428 -0.0678757379281881 -0.0635292637745971 0.0831510242410258
-0.0534281000806392 -0.0358096556295176 0.0079595350182487 0.07819384672754
-0.0535428622471855 -0.00624037972631326 0.0292495028672377 0.0405417398986314
-0.0516010665841162 0.00164865660643897 0.0281219911126097 0.00579542377429291
-0.0546249273425376 -0.000900577012286525 0.0225517302611569 -0.0191080098144645
-0.0727912627869888 -0.021214156453436 0.0322962316530143 -0.0429036048416941
-0.0552012509300761 -0.0667467882231303 0.0589048204130399 -0.0406757678487628
0.00699908213524973 -0.0913967000482435 0.0875638337527599 0.0237208092894985
0.0965209191361087 -0.0625748126253761 0.0617410952929483 0.0861109774246922
0.134021363254127 0.0402246773262153 0.00245130844889454 0.100583391251635
0.101130772772723 0.130631922740405 -0.00663132784897097 0.0711012640390496
0.0399449528289024 0.138158155316147 -0.0120815163729153 -0.034538889843283
0.0884956144676214 0.0932577826579378 0.0424475389615832 -0.081897314676604
0.111962350197022 0.0170197529519406 -0.0448564746044469 -0.125592403910048
0.0631233263880683 -0.068122809325315 -0.113711448939894 -0.0455732022283866
-0.0132762007680657 -0.0833100014705355 -0.0817119790261347 0.0444972410643313
-0.0602596438302567 -0.04628143337679 -0.0221423278038763 0.0627471719743106
-0.0626007115536331 -0.00914970200907252 0.00232002190646575 0.0395183764988466
-0.0567961936202335 0.000587419375387355 0.00489307073601687 0.00682737817037485
-0.0565403121481438 -0.000559289444653287 -0.00103078602448943 -0.0176822731584111
-0.0747333944967163 -0.0215094843562011 0.00664510105144964 -0.0494472875061224
-0.0610892813133441 -0.066837692882316 0.0354936757137916 -0.065042572726961
-0.00202591258177721 -0.0934709212242086 0.085358225958441 -0.0119234226238484
0.0918157139713355 -0.0696318487512244 0.0739704850374305 0.0621952657637179
0.13273019542297 0.0354602578857701 0.00861103073747179 0.0868106489547179
0.0957558794834473 0.12668661253267 -0.0227318103333607 0.0305184765480228
0.0170695971829651 0.1287617875166 -0.0201923741821623 -0.0909194083621938
0.0672255947329826 0.104477137501697 0.0390666965539614 -0.10061501372107
0.105711620152951 0.037943662460902 -0.019773358180614 -0.134994264535753
0.0717540242908038 -0.0554592597399643 -0.0860626590550095 -0.0804380823962853
-0.00287040674882821 -0.0802138447549126 -0.0897313473712255 -0.000463345214791924
-0.0543246688858371 -0.0479177002990048 -0.0514218925860421 0.0404531499101832
-0.0613955589363927 -0.0109039861177528 -0.0260146392555188 0.0364992902366692
-0.0530139735138914 -0.000567780839279457 -0.0186112365210511 0.00722200636636636
-0.0513853282331158 -0.000993893751151375 -0.0228272194249672 -0.0172594598049444
-0.0670444476699349 -0.0206679108822407 -0.0154866009439472 -0.0533971040989175
-0.0547460163449476 -0.0616246927646535 0.0157817729854087 -0.0791889989976184
3.99577980622129E-05 -0.0835615258511569 0.0787715947740211 -0.0368294850890776
0.0827098724091137 -0.0563580120344401 0.0764619093971295 0.0438514954692776
0.110556440266475 0.0382566933538695 0.00782494983184987 0.0723230478817916
0.0702617963682529 0.111047604675069 -0.0383886887385638 -0.00633804427467416
-0.00429907045656463 0.092390741521962 -0.0212268211508186 -0.135595266262556
0.0338292409893568 0.0860636071902745 0.0379875259540377 -0.113947769196826
0.0721896132360289 0.0432889027746349 0.00385297486667608 -0.13337579579035
0.0584686908307536 -0.0323568810920668 -0.0547397735366656 -0.101547789191025
0.00361540957922603 -0.059393306262381 -0.0881032007279047 -0.0368364387664309
-0.0388543608484301 -0.0386479585935169 -0.0740499470661549 0.0194933473173389
-0.0484955934447885 -0.0101967270642587 -0.0507384710255859 0.0322322238887114
-0.0423450213673804 -0.00196678799760018 -0.039327096469412 0.00657772161959682
-0.0403385428059722 -0.00143855997530805 -0.0417319424278403 -0.0185820825497598
-0.051272720061264 -0.0188326013270638 -0.0321079508066809 -0.0578467534688135
-0.0395769090098427 -0.0518020489934437 0.00419910583293045 -0.0883625096041921
0.00797996861715755 -0.0671483252706303 0.0741906560678337 -0.0502485754549883
0.0714289817021583 -0.0322683260250092 0.0737132561115993 0.0316066476070785
0.0759376185571915 0.0442009206847271 0.00520577559390738 0.0591249032284967
0.033091599275446 0.086121576730969 -0.0463767721590081 -0.0351510033710596
-0.0208912133026638 0.0377090081048337 -0.0207708793626102 -0.159418089686972
0.000828910322562944 0.0463905541832422 0.036026134262653 -0.119427809950736
0.0283719224325015 0.0302946396860553 0.0167212074920475 -0.127068993743029
0.0305180816676105 -0.00901595809432422 -0.0368455922892467 -0.110247910076256
0.00538990161323181 -0.0278870273814796 -0.0854124955688122 -0.0563739780561897
-0.0176356418740395 -0.0211384594531036 -0.0879730288546589 0.00612584005816726
-0.0272666809546928 -0.00748458212601983 -0.067272005225491 0.0281895008198371
-0.0249498385016342 -0.00300266715046597 -0.0527924171708176 0.00505276607232021
-0.0247591699328126 -0.00177385653368455 -0.0541247172048011 -0.0213112602085983
-0.031553320581992 -0.0140628495332541 -0.0410375846499857 -0.0633677967896342
-0.0225029717347851 -0.0380256105274458 0.00131934295312464 -0.0949452291015768
0.0131675682275864 -0.0459899442197736 0.0749962766095888 -0.0562713191984067
0.0554819652981739 -0.00712981914609491 0.0717243703834509 0.0267930505437313
0.0369103202107174 0.04455531430785 0.00265973187006451 0.050099349094068
-0.00631348736727675 0.0526671439991478 -0.0455124833703538 -0.0545747098275557
0.0310921039287027 -0.0105099672633407 0.0513424951476519 0.0820695713106546
-0.00162095232355899 -0.0256986569029041 0.0462203523493753 -0.0506304953772105
-0.0222914943715617 -0.00996864884442873 -0.0606775889893578 -0.0512289437440622
-0.0105611566775201 0.0130309293026137 -0.0978149898212612 0.0409267275690473
0.000516207261463454 0.00946745867739065 -0.022971225322719 0.104041092295036
0.00664380838397695 0.00459636655696157 0.0419975768124583 0.077292733170389
0.00800190877128892 -8.37185839303405E-05 0.0589015209203934 0.0396611008525501
0.00116365068235724 0.000611555208668793 0.062279096927735 0.00844347620030048
-0.00301316598719224 0.00313990165810712 0.0704091712615877 -0.00828161615892849
-0.00830676668570058 0.00293379981903663 0.0817936866089907 0.00594876105284241
-0.00650245654072735 -0.00686308521611354 0.0741796872018225 0.0603831429506542
0.00215783775521951 -0.0138636947353083 0.0215500153418854 0.110245530069788
0.0166676302929163 -0.0151099379478202 -0.0333823888297263 0.111399686737215
0.0325010212250477 0.00190421065843228 -0.0663203066623308 0.116585038324385
0.0416597969517374 0.0258233755759818 -0.0186792514105566 0.161401043100737
0.0452252486415166 0.0350150434735262 0.0334997102576853 0.0818682981894945
0.0287261522828329 -0.00492401255202037 0.0499680923468742 -0.0443607756273926
0.00775895118236554 -0.0148688840262228 -0.0589976202609524 -0.0625856869413268
-0.000555452173086682 -0.00991355558843825 -0.105924270624124 0.0312501758852723
-0.0078138908563363 -0.0143807555909213 -0.0333020318648712 0.104079007453449
-0.0131977097962645 -0.00906068596333948 0.0359900911332971 0.0815357998260648
-0.0125658405206998 -0.00300607704983099 0.055085660607285 0.0422253126197001
-0.020045435602358 -0.00130154706661187 0.0576252232761036 0.00959705580055623
-0.0249361485133223 -0.0034316417012314 0.0622080442173563 -0.0102473595373569
-0.0329394862510388 -0.0142059944264141 0.0753043757219981 -0.00600651085564977
-0.0145945705822123 -0.037932722820035 0.0779499380469895 0.0388575658776021
0.0224370386938813 -0.0406338743921469 0.0420381016750676 0.0980597441370394
0.0590821186689094 -0.0122633022984041 -0.0108760094512966 0.11267196017827
0.0666746165197855 0.0399998302312203 -0.0495867708002256 0.112518600363462
0.055912627374715 0.0833581650918288 -0.0152229063518495 0.140517320729497
0.0480681610494512 0.0802561557460384 0.0139295620829527 0.063369564689787
0.0562943597380571 0.0282215150844148 0.0533581304697269 -0.0446164688012257
0.0459912642125224 -0.0107825248070245 -0.0547374295085496 -0.0807361940029769
0.018987242718652 -0.0337108531984954 -0.113709374099881 0.0118037091750994
-0.0120722786855553 -0.0415961865160716 -0.0489444457711376 0.0934852297116836
-0.0325501477517429 -0.0246953885753774 0.0218411361334079 0.0813554542466463
-0.0332495855971917 -0.00752485315006517 0.0432683947353523 0.0425602510224391
-0.0376146985518193 -0.00349254353630267 0.0449093456750981 0.00989488033401251
-0.0424218465008589 -0.00618965972439961 0.0460124448773282 -0.0126221556143335
-0.0538698878733527 -0.0248177388366503 0.0598213623602916 -0.0212944941760008
-0.0304051674072237 -0.059840532721618 0.0761109234156541 0.00620351942217951
0.0254650323391088 -0.0687031212273772 0.0668497167541307 0.0727688435703323
0.0892523117843026 -0.0293646894694509 0.0189528978707776 0.107764861125261
0.102303705224377 0.0560367273568501 -0.0304764714595401 0.106012950064257
0.0730898178375946 0.121807443166211 -0.015224205588968 0.107009442569054
0.0377198486781156 0.116947009466134 -0.00356173174632612 0.025320551185749
0.0724901617832414 0.0662952799549122 0.052782863161057 -0.0518390739574103
0.0831427373052853 0.00575054068016293 -0.0439923868365994 -0.101311311721865
0.0458837489370019 -0.0519319638883165 -0.11307721661337 -0.0188251829807816
-0.00931512259074204 -0.0667978766735664 -0.0663640692724072 0.0705503484748396
-0.0460370608207188 -0.0408747023326861 2.65346282793328E-05 0.0720128088232718
-0.0495543973361198 -0.0125103475647238 0.0236115227897706 0.0416293511076094
-0.0498812390939706 -0.00532836303219222 0.0262225345502293 0.00907260720936986
-0.0520713392418434 -0.00779573343188455 0.0250574471310963 -0.0151236325631693
-0.0672162450860089 -0.0286401965030459 0.0377485250432271 -0.035218472395122
-0.045258217552219 -0.0704021472698572 0.0625913649233795 -0.0274480077934527
0.0163988891084947 -0.0873265658016337 0.0824551308525911 0.0367852689177218
0.100531567008643 -0.0504110821489041 0.0456818796533462 0.0919984539524038
0.12431295047123 0.053901880426796 -0.0163341535171362 0.0964624270301125
0.0832704028609646 0.137569726689572 -0.0217261627667132 0.0651633978544266
0.0187320423976449 0.132965610690222 -0.0143009657356204 -0.0273779558142624
0.06914262736523 0.0974574427628473 0.0499708532115564 -0.0662346299285004
0.102687815133374 0.0311918585865468 -0.0249366059530823 -0.116538819584355
0.0691812531636807 -0.0546301016705969 -0.0975795085933047 -0.0532588916582427
-0.000147225791753841 -0.0804120659361875 -0.0781166855099381 0.0327435162797341
-0.0502221920327878 -0.0517367570412181 -0.0265193958651136 0.0537901020407161
-0.0588217602839347 -0.0167304279404509 -0.00201900801420884 0.0378503418961826
-0.0546605744916383 -0.00673947724082041 0.00379305975027582 0.00769583455891786
-0.0536614450216885 -0.0081399920728061 0.00199662886231038 -0.0162839131385451
-0.0687878996307923 -0.029330119674632 0.0138560523759218 -0.044494144540038
-0.0513548709716414 -0.0707158610722047 0.0430508403830431 -0.0538836168007469
0.00876399868847789 -0.0903690119672323 0.0855861645675518 0.00202814076315633
0.0959107045734709 -0.0573723769163332 0.0609055451812845 0.0715820559432877
0.123741418708714 0.049371789432436 -0.00835094466355916 0.0834529247209157
0.0781706458756779 0.133200903677131 -0.032914681351098 0.0234736873342787
-0.00150758329963224 0.121740891307752 -0.0155467855640294 -0.0822891970234438
0.0477918644373888 0.105512910644176 0.0476696805341924 -0.084627207551765
0.0937346889045518 0.0500811424995408 -0.00128171964327104 -0.122754947032406
0.0759339495807821 -0.0411283037454698 -0.0682602549209287 -0.0822823504617055
0.00878601379548526 -0.0764805386212329 -0.0800908994215464 -0.00965002191074984
-0.0439820762951659 -0.0523313300119022 -0.0517038746701136 0.0295609499308743
-0.0563839861844985 -0.0172884099615513 -0.0278550464011247 0.0319750609035216
-0.051129514393343 -0.00689647983052431 -0.019177652285913 0.00550108746252837
-0.0483595955573374 -0.00737150180891086 -0.0191374179229605 -0.0179710541559354
-0.0611170433141243 -0.0274121294187553 -0.0071911090653148 -0.0514115128012459
-0.0452008422152446 -0.0646584934079498 0.0255814510143486 -0.0713115793617151
0.00940396798318592 -0.0806466213807389 0.0819694371746202 -0.0232369002416408
0.0855128484762127 -0.0456218145575151 0.0653641912282475 0.0530511382871687
0.101718845847492 0.0489837132255174 -0.00664245968572004 0.0700287227257514
0.0554015018096317 0.115081187396996 -0.0426747198213861 -0.0137353048926576
-0.0161073909992122 0.0850579386475953 -0.0100050399606399 -0.127102801666057
0.0194268190821674 0.0838944212787531 0.0467984042014203 -0.0989623753409613
0.0614118945926226 0.0501425250647565 0.019147565508136 -0.119892829769006
0.0599684282386504 -0.0218592032063121 -0.037116522176632 -0.099005719057104
0.0119544558573811 -0.0551498467686439 -0.0760489017441237 -0.0444418901208713
-0.030261557840566 -0.0413110053502024 -0.0711936258035442 0.00841047825608793
-0.0445678312970508 -0.01552722320378 -0.051395476730246 0.0249012018967973
-0.0401098252342342 -0.00785567064512014 -0.0384566808088312 0.00202919422645186
-0.0382476157696649 -0.00645190374511052 -0.0364571274764088 -0.0215856941069885
-0.0468324845537638 -0.0236123783744572 -0.0223091286137819 -0.0580541976721961
-0.0319041105560002 -0.0537989163471628 0.0150987233921657 -0.0822300503888485
0.0141981329343729 -0.063124628429377 0.0784744483751132 -0.037546248989202
0.072041038246311 -0.0235750484268693 0.0652948594740183 0.0404452382541272
0.0683625568518723 0.0511907723607663 -0.00588400188008578 0.0566392576673317
0.0224632698406007 0.0873193597019855 -0.0450064702982179 -0.042323998535161
-0.0245467034975371 0.0315261416105224 -0.00411255876413127 -0.15049873136974
-0.0055751910004878 0.0426567987871395 0.0464450136677503 -0.106774699219265
0.0226950466339741 0.0325149905872542 0.0299272896519477 -0.114738963045401
0.030158320380326 -0.00429427752497245 -0.0198033615237506 -0.105922785587501
0.00954343525476061 -0.0255941383862309 -0.0726347965047718 -0.0619325162098969
-0.0129857088560604 -0.0223407218331367 -0.0831269972691521 -0.00440606299154066
-0.0248529288157645 -0.00990026392696288 -0.0664374880258868 0.0196668450567412
-0.0233619496993141 -0.00668544155173033 -0.0517538757305913 -0.00121106692149524
-0.0228110677353179 -0.00452468920618914 -0.0487381116024921 -0.0260407844828285
-0.028227031686493 -0.0167902007967768 -0.0315856031347429 -0.0649954743488059
-0.0172139171690851 -0.0377307395987534 0.0123428774127182 -0.088739101854905
0.0173787815088957 -0.0418957090270874 0.0795020684060516 -0.0438754102689809
0.0531987794454905 -0.00146377268427843 0.0645249375865786 0.0354887832672764
0.0302870340890291 0.0475660992191777 -0.00578751235420386 0.0466160146073531
-0.0119166745604887 0.0504009361736786 -0.0391646673707424 -0.0604025652434702
0.0302345170061104 -0.00960000286554896 0.0494424244855812 0.0802771537668489
-0.00133159714294419 -0.0248387601499166 0.0468717607251597 -0.0496343072916941
-0.0220927376280607 -0.00977254783367247 -0.0575955691423017 -0.0520583739315183
-0.0105570217497189 0.0125723412795317 -0.0968662027219993 0.0382265334348141
0.000398676582527821 0.00988501904127451 -0.0245112306360799 0.101118831859343
0.00639305731283125 0.00472402161943146 0.0391067115984533 0.0764627043627349
0.0074845275727576 -0.00016569712994212 0.0572015633097045 0.0404257864396542
0.00101546222242225 0.000756253651344235 0.0613699376373065 0.00935763313157741
-0.0034801737182942 0.00303854298194016 0.0690189572421103 -0.00734723277912525
-0.00851018608493763 0.00287265762351594 0.0798602467881861 0.00725703603351379
-0.00651343337419168 -0.00669134034416852 0.0712978318349582 0.0611776281893499
0.00224872804653834 -0.0134778582768939 0.018287472289374 0.108031067319747
0.0167778480768222 -0.0139262395286933 -0.0368280940912524 0.107865688376346
0.0322268676730068 0.00286276161966751 -0.0688866574069054 0.112917054867679
0.0396028765854619 0.0259689046291423 -0.0223885348334879 0.156559470157622
0.0434362119512075 0.0350190214693771 0.0318549247490542 0.0797248896003671
0.0281517994600985 -0.0034310625503926 0.0510053204258254 -0.043907954766573
0.0078025674931029 -0.0145612079874057 -0.0557964668104199 -0.0631580409191866
-0.000247314986320066 -0.00921843184336388 -0.104354727775027 0.0278381120547188
-0.0075818180740702 -0.0138899401777681 -0.034826967261426 0.100908314498787
-0.0130040913597257 -0.00869585095631279 0.0336445047733784 0.0803317733819331
-0.012091147111079 -0.00370120621717163 0.0530413812477084 0.0425520708145924
-0.0197615058632158 -0.0025567623443412 0.0562349640653767 0.0104099567330188
-0.0247746828305875 -0.00338441964683943 0.0612922613755355 -0.00911848956319775
-0.031792305829045 -0.0145866092999472 0.0737611863578784 -0.00471567488068908
-0.0140998081005018 -0.0374478983530862 0.0759941316743702 0.040067287850829
0.0226984111775917 -0.0392568091587168 0.0389758484422259 0.0974781767146581
0.0583457960145209 -0.0106704126766881 -0.0141680437726656 0.110181935179911
0.0647075940377348 0.0413501960812421 -0.0514419381145968 0.108856933194331
0.0528224254468852 0.0823603018924652 -0.0179297502894197 0.136566123055574
0.0449406914409733 0.0796044321376024 0.0133229477203755 0.0611985946844995
0.0537857859471709 0.0286043723793621 0.0541639559795568 -0.0425424786458824
0.0446055975772391 -0.00930231678236897 -0.0513422822658729 -0.0809687021844514
0.0189662468984678 -0.0324497563254968 -0.111807435842382 0.00865222953428592
-0.0112355070150122 -0.0403679141131397 -0.0501916654746161 0.0904540012445987
-0.0312289377021505 -0.0246790056304921 0.0200718743227877 0.079121500009677
-0.0318802489089148 -0.00804356561089317 0.0409754016376189 0.0429203356079705
-0.0369873609154316 -0.0047159823910963 0.0442755776913907 0.0105492344794956
-0.0410419459651259 -0.00716766004378181 0.0457490625463771 -0.0114036486369505
-0.0523964988752052 -0.0245458164412912 0.058671971186172 -0.0197924940206925
-0.029145895165232 -0.0588044155938498 0.0737078952887503 0.00780061592892384
0.0263718432072203 -0.0666869679678044 0.0637470001825152 0.072421898743057
0.0880550445742779 -0.026590054707209 0.0150853789506899 0.106028512466888
0.0987094418827134 0.0571834911182533 -0.0333508672366163 0.1029948527556
0.0689613944520281 0.120495531866296 -0.0179826776160068 0.103057905649087
0.0340689693084873 0.115411861281479 -0.00283138357012358 0.024464112527478
0.0690102400001191 0.0666256510105218 0.0544061947902272 -0.0493898502477557
0.0809405299300117 0.00774228554109308 -0.039578605151627 -0.100466152252039
0.0453744384963102 -0.0495550340502528 -0.110386671008269 -0.0212319004226728
-0.00837418383704212 -0.0654829734933489 -0.0663880424483638 0.0668102076926634
-0.043979301770399 -0.0402375885845486 -0.00164175302800268 0.0703526536570952
-0.0476806688212818 -0.0132609949207899 0.0221670072619553 0.0411703556242041
-0.048963852091449 -0.00644963837539284 0.0256366615086799 0.00944159898154895
-0.0507659041884102 -0.00863172073333923 0.0256926949851934 -0.0137046507924593
-0.0654550136511188 -0.0284293349417777 0.0377731003110719 -0.0337176925447514
-0.0439872548560133 -0.0689462561564145 0.061420378221408 -0.0247757437430236
0.0180425683367323 -0.0844769455904674 0.0797993831764313 0.0379237794737898
0.0994590733439981 -0.0468853797333236 0.0422381537365254 0.0910474923098703
0.120616612248619 0.0556967281469125 -0.0192383199558027 0.0929363993615809
0.0787227884492322 0.135680727776066 -0.0241898150664889 0.062338302873766
0.0152565499179376 0.130482312082491 -0.0116919238243327 -0.0267939581637229
0.0643739312780005 0.0968864977878229 0.0521413091225136 -0.0634831872317331
0.0997507491786399 0.0323412191378667 -0.0206011262989453 -0.115012483902264
0.0686580260355318 -0.052208690867682 -0.0942110284364649 -0.0548671318789248
0.000709801552247412 -0.0784840311275266 -0.077340250501481 0.0294053124809922
-0.048371446428338 -0.0506278464582112 -0.0272123060415335 0.0517840257310313
-0.0562365464038877 -0.0170909210522133 -0.00289185639811738 0.0371089355877543
-0.0532416332093355 -0.00770858389926199 0.00325210527119316 0.00774152924646896
-0.0524899683970541 -0.00932072240211512 0.00296648710855067 -0.0155253167712681
-0.0675137371142765 -0.0286303443556818 0.0150148660727748 -0.0431974252053234
-0.0492443151400647 -0.0698140066356389 0.0426108768894828 -0.0508061863755477
0.0101908570659069 -0.0872780269414358 0.0836984193973874 0.00432257125121274
0.0959104755841719 -0.0543226962956082 0.057817703091109 0.0709746141271111
0.119781097376178 0.05076199313177 -0.0112882348511745 0.0808314064384511
0.074314079078345 0.131483665869028 -0.0333738180910103 0.0215999322564228
-0.00468147580089568 0.118780824927574 -0.0121980116929651 -0.0807416940729606
0.043624128492248 0.103945710513358 0.0497334274351908 -0.0810730078408282
0.0904719384059385 0.050797624307908 0.00206164027327595 -0.11891746160132
0.0745192185673143 -0.0391623706205974 -0.0642989994111939 -0.0829276722131035
0.0093081059778957 -0.073997125733025 -0.078441599812315 -0.0116525472294052
-0.0419591489776485 -0.0511445304676804 -0.0510295542329372 0.0281722753262522
-0.0544454657428543 -0.0178160705556065 -0.0286045762915176 0.0305304309486991
-0.0503792654200112 -0.00826132137205981 -0.0187459697033072 0.00489153194336251
-0.04709058760647 -0.00862679931143252 -0.0177695878701722 -0.0177707322835401
-0.0595960569294323 -0.0271481343354295 -0.00554222863355566 -0.0504128643179706
-0.0435987006981373 -0.0631172074338345 0.0260348384371763 -0.0683753948739076
0.0102556202847853 -0.0778200197968798 0.0809217050936416 -0.0205750703805991
0.0847301337527261 -0.0431187860629263 0.0635799307265041 0.0534971907854988
0.0989006306151962 0.0501077016268589 -0.00841217123386106 0.06754389480964
0.0519351866114491 0.113281009762261 -0.0419323734090093 -0.0145012036366382
-0.0184393932884097 0.0824935850753001 -0.00600010634662458 -0.123838240753057
0.0167659863141765 0.0822367483086731 0.0495552495321064 -0.0950876139227472
0.0594560603463143 0.0504845089450942 0.0222955507553476 -0.115915909143361
0.0586568935677395 -0.0204368627478236 -0.033467331931609 -0.0984306042377506
0.0119248609074498 -0.0532891648738242 -0.0734795240069185 -0.045231312432774
-0.0287118585350677 -0.0401731699000471 -0.069723722684158 0.00660773415930237
-0.0427117343774706 -0.0154006470391397 -0.0507111933020968 0.0238762396267048
-0.0396953013729203 -0.00805222145333926 -0.0378555981665634 0.00192630554482095
-0.0367118980740737 -0.00768267350089282 -0.0353304407973747 -0.0213326972137152
-0.0451338707045552 -0.0234576701478822 -0.0207482017207324 -0.0565935964277394
-0.0312036706400721 -0.0526071375565246 0.0163321658077125 -0.0793722545758633
0.0146492329498743 -0.0610606055568531 0.0778578291442086 -0.0348929669296545
0.0710038290129665 -0.0218421117224515 0.0635201390215717 0.0411783167048819
0.0652996443147296 0.0510299824858589 -0.00767921569447146 0.0550653796466731
0.0205642358820962 0.0850207188332672 -0.0437556649943442 -0.0425800173324299
-0.0246526359194491 0.0302977866230629 0.000107801353865594 -0.147228415353205
-0.00691392120907544 0.0413140955781232 0.0480632461639261 -0.101675784737784
0.0217213340281267 0.0320683760017762 0.0328866071114944 -0.110928616063852
0.0296787835014963 -0.00359004022199648 -0.0166580873964603 -0.104977163274239
0.00886493120426495 -0.0245581413214338 -0.0698404339499561 -0.0629164491821734
-0.0120055260395772 -0.0217701578330678 -0.0813020683623042 -0.00540224910031392
-0.0240787198327747 -0.0100432466977011 -0.0653533084082442 0.0192435540993036
-0.0229360958509123 -0.00672559631613938 -0.0507739239007497 -0.00164383807563915
-0.0222989049714721 -0.00560708555087604 -0.0468483515258043 -0.0261325551085582
-0.0266040050602164 -0.0163709624525202 -0.0290098886839587 -0.0642160257322908
-0.015908147870091 -0.0367111834682783 0.014083022123479 -0.0865141167229054
0.0173615192607621 -0.0404498883738814 0.0789776438408836 -0.0411380506929224
0.0522835036258202 -0.000530347537707854 0.0625623954140334 0.0363331938001854
0.0285537438958138 0.0469051799748984 -0.00720808658661193 0.0452648730876523
-0.0130142185442266 0.0486764554502644 -0.0374009204014805 -0.059518047821184
0.0308604884756049 -0.00879128304946694 0.0480162469339794 0.0822326076676057
-0.00022885468884522 -0.0245929043371106 0.0493966474118465 -0.050281000216038
-0.0218979402081438 -0.0105787794573369 -0.0565204030795571 -0.0559842523671661
-0.010584167799117 0.0123987260931161 -0.0994471872862027 0.0352868440528876
-5.21915091697912E-05 0.00985182159927621 -0.0276090327703157 0.101995624492977
0.00634810364140102 0.00442871043232212 0.0373066493041177 0.0785117288545877
0.00760522865349164 -0.00056756264747458 0.0568706215219162 0.0423501793876011
0.000916308510379811 0.000411124194894367 0.0627046363721834 0.0110273701561645
-0.00344526893844228 0.00335784910045502 0.0702299218154733 -0.00540221256531819
-0.00860443811329612 0.0028116073794934 0.0811980447270018 0.00974077935179578
-0.00625152021768913 -0.00687393268706082 0.0711064826044696 0.0641681062745501
0.00265077321046925 -0.01404418082632 0.0152286650968606 0.111228668785291
0.0173499043299341 -0.0135667899406996 -0.0417586587802981 0.108155222753632
0.032893556150037 0.00452654428765424 -0.0740733979697146 0.112324225067972
0.0394049538289489 0.0276436876880951 -0.0285138294863903 0.157187196795009
0.0422285432019384 0.0366635768978265 0.0306659145692562 0.0804041233412395
0.0282599289744592 -0.00287308909645673 0.0539604431052139 -0.0433573974086656
0.00830430488022977 -0.0141760633351176 -0.0545431127641184 -0.0668087587429615
0.000470722101815608 -0.00937004974732232 -0.107130181298844 0.0250928290602665
-0.00731614075412623 -0.0139727281815071 -0.0380973202866293 0.10066933777103
-0.0131855771573053 -0.00933260592459519 0.0316413701068927 0.0820899989020978
-0.0127985564645451 -0.00454233019564176 0.0528753779562579 0.0442904785599074
-0.0201757988779149 -0.00285134756181368 0.0574352933321649 0.0116095014510032
-0.0249842718327021 -0.00345263239464446 0.0627596613909853 -0.00765412169389997
-0.0322011016532612 -0.01506987612291 0.0749145835332056 -0.00234969671890983
-0.0137777631253414 -0.0378889008229307 0.0762194776413618 0.0431278478011609
0.0250047867327517 -0.0394441769475963 0.0361819526421725 0.100474653733904
0.0597653594482695 -0.00899206055656662 -0.0190068796972435 0.110759988060687
0.0646317621587581 0.0442383134937497 -0.0567560204453674 0.107908860751436
0.0509471361025308 0.0853773313383409 -0.0231137786842277 0.136104684701359
0.0423517911139626 0.0819501978893561 0.0130505033421633 0.06164122817189
0.052560937293888 0.0308588024118574 0.0574737285406224 -0.0425299459056676
0.0460545285266211 -0.00775929349950089 -0.0487868485772514 -0.0844649678758954
0.0201910715337423 -0.0319583162649141 -0.113479396532419 0.00461284642818069
-0.0107672982847249 -0.0412126848503444 -0.0535287276386784 0.0899516487842656
-0.0311053525166828 -0.025444786043017 0.0179051192763178 0.0803653785542474
-0.0323590015072293 -0.00954604220147427 0.0401786785081818 0.0448224669665894
-0.0377614202556174 -0.00570112557222604 0.0447221268892477 0.011542692403984
-0.0419920901018956 -0.00788629502697234 0.0472569573445992 -0.0102780564381491
-0.0527354247421864 -0.0253682449009871 0.0606592426802835 -0.0182914388724473
-0.0287511519273456 -0.0601473733760274 0.0745787662771333 0.0108723359443119
0.0290733954378934 -0.0663876082882562 0.0624307387464127 0.0766711990815918
0.0908917066588128 -0.0243137351103125 0.0118883636495453 0.107674977135619
0.0991221724412233 0.0614358293154136 -0.0382600958446957 0.103091622792202
0.0664520037346098 0.123778532070136 -0.0219468824983291 0.103053853228753
0.0305225480410071 0.116931532272859 -0.00218461843415816 0.0240309072012048
0.0669474185350116 0.0697474363430681 0.05792880640358 -0.0488961024289126
0.0821208073098666 0.0103036021471429 -0.0365015052707 -0.103320404963958
0.0475342681650808 -0.0486455380085901 -0.111455526541662 -0.0253487768299746
-0.00733591955080649 -0.0660097551578017 -0.0697689368114584 0.06589159073605
-0.0434478546773723 -0.0414498821454568 -0.00387056316662721 0.0704579551882309
-0.048383052271702 -0.015124438326959 0.0207832055435352 0.0430313376336795
-0.0494688186302225 -0.00779647709911111 0.0258175661292177 0.0101100612599158
-0.0517938732190895 -0.0101099323661196 0.026361823918759 -0.0132987691984672
-0.0657557267242313 -0.0296210612468588 0.0394743835472624 -0.033081100737316
-0.0435109026927644 -0.0705044966383749 0.0632016826519944 -0.0222316215879694
0.0207393750292464 -0.0845097503184487 0.0802152578230651 0.042057397174861
0.102708443098892 -0.0445374755500346 0.0392978793398787 0.0936376588734442
0.121094097387465 0.0602202665986383 -0.023688556848811 0.0937425229286452
0.0761072999751063 0.139848954536243 -0.0267415904707821 0.0612705214895331
0.0101613796092062 0.132065233914557 -0.0101441610722958 -0.0276939902119328
0.061762506460693 0.100577396649911 0.0563192714595687 -0.06243292488858
0.100330184061919 0.0361236329519219 -0.016372429586419 -0.117314322038355
0.0707594625225799 -0.0503638162397431 -0.0935238980528924 -0.0594387444394559
0.00218946831523741 -0.0789314835405694 -0.0796835901751987 0.0270063212209387
-0.0472350300575677 -0.0519626008571297 -0.02886273147026 0.0517033382130744
-0.0564490001002656 -0.0186561768469877 -0.00384825556992294 0.037334422494656
-0.0538213065784202 -0.00950382979173478 0.00357986283740074 0.00792190826779245
-0.0528701276745416 -0.0103345735311963 0.00409020663613377 -0.0156105959525425
-0.0675431536079325 -0.030164072727841 0.0160018582760432 -0.0431588149677837
-0.0492814015018781 -0.0710433686675175 0.0447418322551215 -0.0496022876096257
0.0124172656127252 -0.0876119975827288 0.0853754173146293 0.00702998227062396
0.0990269478825756 -0.0524861030184779 0.0564166276410621 0.0732223102689286
0.120120603016224 0.0543504394364038 -0.0152976944951761 0.0813644252453995
0.0710615241760156 0.13449619576616 -0.0358159199772865 0.0203415557942456
-0.00916063340567703 0.120446409428795 -0.00912562409816414 -0.0820623979273823
0.0400681632078474 0.106412058380121 0.05457527055681 -0.0797363003508841
0.090459295411757 0.0541475929599292 0.00637401482964789 -0.120094923820688
0.0762207941843837 -0.0370745331017111 -0.0628331716733155 -0.0870525930629486
0.0107092936919459 -0.0744894624180121 -0.0794878359220154 -0.0152130247177161
-0.0410156343415914 -0.0523270480684961 -0.0527457064954691 0.0273859966597417
-0.054385222345895 -0.0197869268337382 -0.0298792561644471 0.0307659957133119
-0.0507446788635865 -0.0099891791316829 -0.0191515356240198 0.00451414876027528
-0.0472102467742135 -0.0102550435897008 -0.0175890479654799 -0.0185015235344773
-0.0601633053156528 -0.0285613377435948 -0.00436674342555725 -0.0507856713449493
-0.0429536789562075 -0.0648662298073809 0.0283206428379979 -0.067856691400771
0.0122786520432021 -0.0782362201313987 0.0826206060445705 -0.0181099266850835
0.0870798092431341 -0.0414517406025079 0.062526802294394 0.0554655855063076
0.0985644691183197 0.0533307891735436 -0.0124357965266459 0.0682705197940558
0.0492885412954428 0.115457461780348 -0.04331898619902 -0.0164315912296982
-0.0218810839216852 0.0834393375789626 -0.00071295669768808 -0.125111312997365
0.013541294308336 0.0839521231043323 0.0544515489535906 -0.093920321950921
0.0584337292420932 0.0525472841187143 0.0268138250658482 -0.115768470655175
0.0601226172053454 -0.0189959823571744 -0.0306517883839921 -0.102643595089733
0.0133112289633425 -0.0534315437447496 -0.0732523995888866 -0.0486735183748168
-0.0279608660038535 -0.0413581904225657 -0.0704185587139481 0.00490756858121776
-0.0425409202435029 -0.0171619723309512 -0.0516706349401993 0.0234878292074459
-0.0400226734884638 -0.0096092715219363 -0.0388431279073275 0.00108556509511617
-0.0366293366857028 -0.0091463624118895 -0.0347839289963122 -0.0226855651598682
-0.0443359923218889 -0.0245076572190672 -0.0198097536748911 -0.0578419386937613
-0.0300145845495826 -0.0535458703694963 0.0187380997280914 -0.0794375956511377
0.0160693883842727 -0.0607789026746386 0.0798899329395502 -0.0329510512828529
0.0728459325488835 -0.0203719715502609 0.0629040467395948 0.0438929188684441
0.0650056767635385 0.0535165757606628 -0.0101616745703114 0.0550760603237651
0.0180771545638337 0.0863444493923839 -0.043580343015523 -0.0437601194722943
-0.0267479949142704 0.0301110800321999 0.00625420240573376 -0.148561971699152
-0.00848512786063134 0.0412244224487247 0.0530995818564325 -0.100974636379115
0.0207586840799664 0.0328269279738628 0.0376980899415544 -0.110520691624406
0.0302718974436041 -0.00264131002169293 -0.0131955593201279 -0.108106102827592
0.00965879427471269 -0.0242886928587892 -0.0692873613268425 -0.0667935361782279
-0.0113132326470193 -0.0219634410165699 -0.081985482981886 -0.00801811908453808
-0.0235767638885236 -0.0110087491077394 -0.0663655178758216 0.0183855863425407
-0.0232459330999161 -0.00721692152457045 -0.0512894283236902 -0.0023746762801644
-0.0219517086491349 -0.00627438562302293 -0.0463378186783324 -0.0279588303708864
-0.0268321329535608 -0.0174957917208141 -0.0277657519259767 -0.0653587300679266
-0.0153749311139294 -0.0374781680465308 0.0166457834200737 -0.0868249983925991
0.0186128383056783 -0.0406307531505604 0.0808668809968481 -0.0385005696006497
0.0533232653986735 0.000946280280675563 0.0626303266121392 0.0390349857015666
0.0279504290793364 0.0482646322333161 -0.0099181862047085 0.0463950376222929
-0.0145660552579145 0.0490090679296523 -0.0366860851327669 -0.0609326755114179
