TRXV5
3
4
4
9
string Extension=J
integer IsArchMeasurement=1
integer IsSpherical=1
string Generator=SPM
string GeneratorVersion=1.3.1 Dev
double ArchRadius=0.449999988079071
integer FrequencyAxisIndex=0
integer AzimuthAxisIndex=1
integer ElevationAxisIndex=2
Frequency
5 136 690000000 960000000 LIN
Azimuth
7 8 0 2.74889357189107 LIN
Elevation
7 15 -2.74889357189107 2.74889357189107 LIN
Polar H Real Part
13
Polar H Imaginary Part
14
Polar V Real Part
13
Polar V Imaginary Part
14
Polar H Magnitude (dB)
12 0xC0000002 0 1
Polar H Phase
7 0xC0000003 0 1
Polar V Magnitude (dB)
12 0xC0000002 2 3
Polar V Phase
7 0xC0000003 2 3
0.111068725585938 -0.128562927246094 0.3812255859375 -0.2047119140625
0.0094451904296875 -0.17388916015625 0.146026611328125 -0.19970703125
-0.117034912109375 -0.0585098266601562 -0.100166320800781 0.00637817382812501
-0.102836608886719 0.0412445068359375 -0.00517272949218752 0.215499877929688
-0.0550041198730469 0.0614509582519531 0.18719482421875 0.209945678710938
-0.0223617553710937 0.0838699340820313 0.352813720703125 0.09954833984375
0.00873565673828125 0.073638916015625 0.419464111328125 -0.064239501953125
-0.0138168334960937 0.0735626220703125 0.406707763671875 -0.135284423828125
-0.0422897338867188 0.0800857543945313 0.38287353515625 -0.09429931640625
-0.0741653442382812 0.0533218383789062 0.335296630859375 0.0205078125
-0.083831787109375 -0.0102310180664062 0.229873657226562 0.0837554931640625
-0.0634841918945313 -0.0677986145019531 0.109901428222656 0.08905029296875
0.0339813232421875 -0.115036010742188 0.115989685058594 -0.00122070312500001
0.157073974609375 -0.0874481201171875 0.391754150390625 -0.0792236328125
0.20947265625 -0.013885498046875 0.6151123046875 0.18292236328125
-0.150253295898438 -0.134140014648438 0.383697509765625 -0.220703125
-0.210922241210937 -0.105148315429688 0.1463623046875 -0.211044311523437
-0.237442016601563 0.0675506591796875 -0.073028564453125 -0.02203369140625
-0.127395629882813 0.20318603515625 0.0096435546875 0.16864013671875
0.00988769531250002 0.195327758789062 0.172622680664063 0.157623291015625
0.13055419921875 0.158279418945313 0.33184814453125 0.060577392578125
0.171585083007813 0.07733154296875 0.378021240234375 -0.091766357421875
0.132743835449219 0.0772018432617187 0.36480712890625 -0.161041259765625
0.126457214355469 0.0925140380859375 0.3538818359375 -0.12213134765625
0.0896682739257813 0.117835998535156 0.32733154296875 -0.00631713867187499
0.0203170776367188 0.11456298828125 0.228317260742188 0.053741455078125
-0.0299453735351563 0.102935791015625 0.13299560546875 0.0638046264648438
-0.0691680908203125 0.050445556640625 0.176116943359375 -0.0187225341796875
-0.0625 0.00732040405273437 0.4420166015625 -0.068695068359375
-0.0566558837890625 0.0133171081542969 0.65460205078125 0.201904296875
-0.3890380859375 -0.108734130859375 0.314971923828125 -0.237945556640625
-0.396697998046875 -0.00320434570312499 0.108322143554687 -0.209457397460938
-0.314239501953125 0.198333740234375 -0.0483741760253906 -0.0415267944335937
-0.1221923828125 0.33984375 0.0251007080078125 0.106765747070313
0.082305908203125 0.2965087890625 0.139862060546875 0.0845108032226563
0.266937255859375 0.2054443359375 0.26580810546875 0.00856018066406251
0.308349609375 0.06829833984375 0.28173828125 -0.1072998046875
0.259902954101562 0.069488525390625 0.267745971679688 -0.162857055664063
0.2801513671875 0.0942230224609375 0.27001953125 -0.13360595703125
0.242263793945312 0.172500610351562 0.267974853515625 -0.0354461669921875
0.120040893554688 0.236480712890625 0.193695068359375 0.00767517089843751
-0.00180053710937498 0.272247314453125 0.144317626953125 0.0206451416015625
-0.1820068359375 0.209732055664062 0.2266845703125 -0.0358428955078125
-0.286346435546875 0.091064453125 0.4444580078125 -0.03741455078125
-0.320526123046875 0.030059814453125 0.61029052734375 0.21575927734375
-0.572998046875 -0.0479736328124999 0.186981201171875 -0.237594604492188
-0.520416259765625 0.126068115234375 0.0440216064453124 -0.181808471679688
-0.32952880859375 0.32489013671875 -0.0239334106445313 -0.0514488220214844
-0.07440185546875 0.435150146484375 0.0336074829101562 0.0330734252929688
0.15777587890625 0.348724365234375 0.0855560302734375 0.00335693359375002
0.368743896484375 0.21044921875 0.162017822265625 -0.0415191650390625
0.398284912109375 0.04364013671875 0.144256591796875 -0.105621337890625
0.347991943359375 0.051910400390625 0.127830505371094 -0.140106201171875
0.39154052734375 0.08367919921875 0.139617919921875 -0.126052856445313
0.35784912109375 0.2049560546875 0.162216186523438 -0.064178466796875
0.199462890625 0.3310546875 0.125106811523438 -0.0497512817382812
0.020263671875 0.40997314453125 0.135276794433594 -0.0374526977539062
-0.278564453125 0.33624267578125 0.253631591796875 -0.0526123046875
-0.474853515625 0.152496337890625 0.389007568359375 0.00515747070312501
-0.534759521484375 0.037109375 0.480926513671875 0.214080810546875
-0.67376708984375 0.02593994140625 0.0204925537109375 -0.2095947265625
-0.57080078125 0.24761962890625 -0.0326614379882813 -0.123153686523437
-0.291748046875 0.414337158203125 -0.00358200073242189 -0.0509376525878906
-0.00570678710937504 0.47235107421875 0.0278892517089844 -0.0405769348144531
0.2203369140625 0.34808349609375 0.0117149353027344 -0.0682868957519531
0.4232177734375 0.181121826171875 0.0337905883789063 -0.0752410888671875
0.430206298828125 0.0107421875 -0.0121002197265625 -0.0826263427734375
0.381683349609375 0.027557373046875 -0.0307388305664062 -0.0951309204101563
0.44012451171875 0.0611572265625 -0.017303466796875 -0.102569580078125
0.414337158203125 0.208282470703125 0.02349853515625 -0.0917282104492187
0.240814208984375 0.3697509765625 0.0303192138671875 -0.111968994140625
0.035186767578125 0.477813720703125 0.105209350585938 -0.100250244140625
-0.330108642578125 0.403533935546875 0.2479248046875 -0.06744384765625
-0.58111572265625 0.18572998046875 0.279800415039062 0.049957275390625
-0.662109375 0.04119873046875 0.2852783203125 0.196685791015625
-0.679931640625 0.0885620117187499 -0.166290283203125 -0.159774780273438
-0.544921875 0.3197021484375 -0.115501403808594 -0.0438079833984375
-0.222900390625 0.441436767578125 0.00613403320312499 -0.0387802124023437
0.05804443359375 0.44549560546875 0.00485992431640625 -0.0998077392578125
0.250457763671875 0.2989501953125 -0.072265625 -0.11669921875
0.41400146484375 0.124481201171875 -0.0996856689453125 -0.0841903686523437
0.39691162109375 -0.02606201171875 -0.164657592773437 -0.039459228515625
0.35638427734375 -0.00238037109375 -0.184417724609375 -0.03546142578125
0.41693115234375 0.03143310546875 -0.17327880859375 -0.067108154296875
0.394500732421875 0.171783447265625 -0.120643615722656 -0.112983703613281
0.237213134765625 0.335784912109375 -0.068115234375 -0.164962768554687
0.043975830078125 0.44989013671875 0.06329345703125 -0.154937744140625
-0.313934326171875 0.39111328125 0.211822509765625 -0.0742645263671875
-0.57574462890625 0.1878662109375 0.13836669921875 0.091033935546875
-0.67822265625 0.0484008789062499 0.0609130859375 0.167831420898438
-0.58477783203125 0.113525390625 -0.348876953125 -0.1068115234375
-0.4495849609375 0.314208984375 -0.198806762695313 0.0319061279296875
-0.14947509765625 0.38739013671875 -0.000746726989746104 -0.0167074203491211
0.09088134765625 0.35394287109375 -0.0298690795898437 -0.1346435546875
0.233566284179688 0.215789794921875 -0.149520874023437 -0.136199951171875
0.3438720703125 0.06243896484375 -0.217071533203125 -0.069244384765625
0.306976318359375 -0.0518798828125 -0.2896728515625 0.01373291015625
0.276260375976563 -0.029449462890625 -0.308929443359375 0.02801513671875
0.32147216796875 -0.003173828125 -0.300689697265625 -0.0268249511718749
0.306793212890625 0.0992431640625 -0.239501953125 -0.124755859375
0.1932373046875 0.234222412109375 -0.145278930664063 -0.198165893554687
0.053314208984375 0.33282470703125 0.0245513916015625 -0.188247680664062
-0.224853515625 0.309051513671875 0.16015625 -0.068084716796875
-0.460296630859375 0.16644287109375 -0.00439453125000003 0.124687194824219
-0.58001708984375 0.0601806640625 -0.15283203125 0.136199951171875
-0.40655517578125 0.109832763671875 -0.499053955078125 -0.070648193359375
-0.29962158203125 0.23760986328125 -0.276031494140625 0.0827178955078126
-0.07415771484375 0.268051147460938 -0.0261726379394531 0.010519027709961
0.09100341796875 0.218963623046875 -0.0680389404296875 -0.141357421875
0.172683715820313 0.113555908203125 -0.207077026367187 -0.130157470703125
0.2197265625 0.0005340576171875 -0.30279541015625 -0.038726806640625
0.1732177734375 -0.0667266845703125 -0.371734619140625 0.0675048828124999
0.15338134765625 -0.0510406494140625 -0.386627197265625 0.087158203125
0.176528930664063 -0.03857421875 -0.3787841796875 0.0131225585937499
0.175399780273438 0.005615234375 -0.3115234375 -0.12298583984375
0.12841796875 0.090301513671875 -0.186111450195312 -0.206253051757813
0.069061279296875 0.162017822265625 1.62577630331903E-17 -0.196456909179688
-0.0852813720703125 0.194915771484375 0.108734130859375 -0.0489730834960937
-0.265228271484375 0.143814086914063 -0.114593505859375 0.149261474609375
-0.396392822265625 0.0846862792968749 -0.31695556640625 0.111541748046875
0.104049682617188 -0.156784057617188 0.354888916015625 -0.25067138671875
-0.0186309814453125 -0.193023681640625 0.118453979492188 -0.223861694335937
-0.13824462890625 -0.0488204956054688 -0.106193542480469 0.0146484375
-0.1090087890625 0.0613784790039063 0.01129150390625 0.217910766601563
-0.0516815185546875 0.080841064453125 0.205795288085937 0.196044921875
-0.00720977783203126 0.0995559692382813 0.366546630859375 0.070220947265625
0.0272140502929687 0.0840988159179688 0.412841796875 -0.1053466796875
0.001220703125 0.0866851806640625 0.39324951171875 -0.179534912109375
-0.027435302734375 0.0991897583007813 0.375701904296875 -0.13641357421875
-0.0709075927734375 0.0759735107421875 0.33929443359375 -0.013702392578125
-0.0959548950195313 0.00534057617187501 0.243804931640625 0.061370849609375
-0.0827484130859375 -0.063232421875 0.127265930175781 0.0821380615234375
0.0181884765625 -0.131820678710938 0.121009826660156 -0.000854492187500008
0.157516479492188 -0.122787475585938 0.38140869140625 -0.1082763671875
0.223983764648438 -0.049835205078125 0.62786865234375 0.1363525390625
-0.158599853515625 -0.135986328125 0.35748291015625 -0.27215576171875
-0.23150634765625 -0.102081298828125 0.118698120117187 -0.237350463867188
-0.246658325195313 0.0878753662109374 -0.0826416015625 -0.0192794799804688
-0.11761474609375 0.225143432617188 0.02093505859375 0.167694091796875
0.0270233154296875 0.206771850585938 0.18438720703125 0.141281127929688
0.152420043945313 0.157028198242188 0.337066650390625 0.0274658203125
0.189224243164063 0.0699615478515625 0.365875244140625 -0.131805419921875
0.148422241210938 0.073944091796875 0.345428466796875 -0.20458984375
0.142349243164063 0.0922698974609375 0.341552734375 -0.16571044921875
0.099578857421875 0.120658874511719 0.329315185546875 -0.04534912109375
0.0215377807617188 0.119285583496094 0.242279052734375 0.0263519287109375
-0.03131103515625 0.103141784667969 0.151290893554688 0.05145263671875
-0.067352294921875 0.04266357421875 0.18231201171875 -0.0280609130859375
-0.0529251098632813 -0.004791259765625 0.43792724609375 -0.1044921875
-0.0401611328125 0.00551986694335938 0.675537109375 0.14739990234375
-0.39501953125 -0.0844421386718749 0.291351318359375 -0.2867431640625
-0.404083251953125 0.0209045410156251 0.0827178955078125 -0.2352294921875
-0.30755615234375 0.22393798828125 -0.0606422424316406 -0.0439720153808594
-0.096282958984375 0.357818603515625 0.0301971435546875 0.102096557617188
0.108856201171875 0.298126220703125 0.143142700195313 0.0671234130859375
0.289764404296875 0.18731689453125 0.261917114257813 -0.0224609375
0.32177734375 0.043792724609375 0.26458740234375 -0.140670776367188
0.273666381835938 0.0500946044921875 0.243148803710938 -0.197906494140625
0.29510498046875 0.07318115234375 0.252517700195313 -0.172225952148438
0.25909423828125 0.156112670898438 0.268508911132813 -0.0731353759765625
0.135726928710937 0.229629516601562 0.204132080078125 -0.0207672119140625
0.016998291015625 0.270950317382813 0.160263061523437 0.00334167480468752
-0.163497924804688 0.214523315429688 0.234298706054688 -0.054351806640625
-0.272659301757813 0.104629516601562 0.44818115234375 -0.076324462890625
-0.306610107421875 0.0508422851562499 0.63763427734375 0.16485595703125
-0.57281494140625 0.000610351562499964 0.16644287109375 -0.279067993164063
-0.511138916015625 0.166229248046875 0.0231781005859375 -0.203598022460938
-0.304840087890625 0.351043701171875 -0.0381851196289063 -0.0591011047363281
-0.038238525390625 0.445526123046875 0.0315456390380859 0.0251636505126953
0.1904296875 0.33941650390625 0.0804672241210938 -0.01214599609375
0.39068603515625 0.1783447265625 0.14959716796875 -0.0660858154296875
0.4053955078125 0.005615234375 0.124732971191406 -0.126426696777344
0.35772705078125 0.01947021484375 0.103790283203125 -0.16204833984375
0.404541015625 0.04669189453125 0.120498657226563 -0.153961181640625
0.380859375 0.173309326171875 0.158111572265625 -0.095672607421875
0.228424072265625 0.31597900390625 0.128265380859375 -0.0760421752929688
0.0567626953125 0.407745361328125 0.146881103515625 -0.0574493408203125
-0.247406005859375 0.35394287109375 0.262130737304688 -0.078338623046875
-0.456390380859375 0.18939208984375 0.399383544921875 -0.03106689453125
-0.52545166015625 0.0835876464843749 0.5123291015625 0.17431640625
-0.6688232421875 0.09039306640625 0.00703430175781245 -0.237564086914063
-0.545074462890625 0.300323486328125 -0.045074462890625 -0.138763427734375
-0.25439453125 0.4393310546875 -0.0173606872558594 -0.0617408752441406
0.040802001953125 0.473175048828125 0.0181503295898438 -0.0491523742675781
0.2540283203125 0.326324462890625 -0.000190734863281236 -0.0794677734375
0.437591552734375 0.1353759765625 0.0166702270507813 -0.0900497436523438
0.429229736328125 -0.03533935546875 -0.0313949584960937 -0.0880203247070312
0.3861083984375 -0.01300048828125 -0.0513839721679687 -0.100936889648437
0.44903564453125 0.013946533203125 -0.035736083984375 -0.113754272460938
0.4376220703125 0.163177490234375 0.0154571533203125 -0.111030578613281
0.2783203125 0.34686279296875 0.0254974365234375 -0.13134765625
0.083587646484375 0.474365234375 0.108451843261719 -0.121871948242187
-0.2921142578125 0.430206298828125 0.2548828125 -0.0977935791015625
-0.56365966796875 0.23895263671875 0.29736328125 0.022003173828125
-0.658203125 0.10638427734375 0.317840576171875 0.174468994140625
-0.6727294921875 0.16046142578125 -0.170379638671875 -0.169448852539063
-0.51068115234375 0.38006591796875 -0.116722106933594 -0.0519638061523437
-0.178131103515625 0.464447021484375 -0.00457382202148439 -0.0519752502441406
0.1058349609375 0.43719482421875 -0.0101547241210937 -0.107322692871094
0.282623291015625 0.26904296875 -0.0880889892578125 -0.118507385253906
0.423126220703125 0.073486328125 -0.11700439453125 -0.0849456787109375
0.389312744140625 -0.0718994140625 -0.177993774414063 -0.02911376953125
0.356658935546875 -0.042633056640625 -0.198104858398437 -0.0246124267578125
0.418304443359375 -0.01947021484375 -0.18914794921875 -0.060394287109375
0.41339111328125 0.1240234375 -0.132369995117188 -0.117866516113281
0.27392578125 0.3104248046875 -0.0805511474609375 -0.1749267578125
0.09503173828125 0.444580078125 0.0577850341796875 -0.173263549804687
-0.2718505859375 0.419189453125 0.217010498046875 -0.103103637695312
-0.560882568359375 0.24554443359375 0.1600341796875 0.07684326171875
-0.675537109375 0.12109375 0.0907135009765625 0.167510986328125
-0.57952880859375 0.1826171875 -0.3446044921875 -0.0970458984375001
-0.416046142578125 0.37152099609375 -0.189727783203125 0.03387451171875
-0.1048583984375 0.408233642578125 -0.00753402709960938 -0.0289020538330078
0.13470458984375 0.344482421875 -0.0478591918945312 -0.137069702148437
0.260726928710938 0.184799194335938 -0.166885375976562 -0.128097534179688
0.347503662109375 0.014862060546875 -0.23089599609375 -0.05657958984375
0.294708251953125 -0.09429931640625 -0.295654296875 0.0394287109375
0.26953125 -0.06610107421875 -0.313720703125 0.055694580078125
0.317047119140625 -0.046142578125 -0.311676025390625 -0.00354003906249999
0.316192626953125 0.05560302734375 -0.253097534179688 -0.11492919921875
0.220306396484375 0.208404541015625 -0.1630859375 -0.197952270507813
0.095367431640625 0.32196044921875 0.0136566162109375 -0.201873779296875
-0.186187744140625 0.33087158203125 0.163162231445313 -0.0923919677734375
-0.443115234375 0.2213134765625 0.0192794799804687 0.126235961914063
-0.578125 0.13226318359375 -0.126785278320313 0.15753173828125
-0.404632568359375 0.163238525390625 -0.495574951171875 -0.041290283203125
-0.276885986328125 0.284423828125 -0.26190185546875 0.0955047607421875
-0.04205322265625 0.286895751953125 -0.0300388336181641 0.00182151794433596
0.125457763671875 0.211380004882813 -0.087249755859375 -0.13861083984375
0.19244384765625 0.0874176025390625 -0.223648071289062 -0.113204956054688
0.219253540039063 -0.035430908203125 -0.311492919921875 -0.012359619140625
0.158294677734375 -0.097198486328125 -0.36834716796875 0.10552978515625
0.142715454101563 -0.076507568359375 -0.38116455078125 0.125396728515625
0.165313720703125 -0.0680999755859375 -0.381988525390625 0.0484008789062501
0.172393798828125 -0.026458740234375 -0.324798583984375 -0.10223388671875
0.14068603515625 0.0670623779296875 -0.205215454101563 -0.197097778320312
0.0961456298828125 0.148590087890625 -0.013397216796875 -0.203643798828125
-0.0541534423828125 0.2042236328125 0.11083984375 -0.0653762817382812
-0.248443603515625 0.184066772460938 -0.089691162109375 0.165084838867188
-0.39288330078125 0.142730712890625 -0.295806884765625 0.151580810546875
0.0870361328125 -0.179656982421875 0.307861328125 -0.279632568359375
-0.051727294921875 -0.19989013671875 0.082000732421875 -0.23248291015625
-0.154037475585938 -0.0306854248046875 -0.108917236328125 0.0242767333984375
-0.107391357421875 0.08209228515625 0.0251617431640625 0.213607788085938
-0.0423660278320313 0.0963592529296875 0.213851928710938 0.175811767578125
0.0122299194335937 0.108566284179688 0.361846923828125 0.04022216796875
0.0476303100585938 0.0866775512695313 0.389251708984375 -0.137451171875
0.0216522216796875 0.0926361083984375 0.359039306640625 -0.20989990234375
-0.00560760498046874 0.111236572265625 0.349273681640625 -0.16900634765625
-0.059417724609375 0.0961532592773438 0.326171875 -0.046478271484375
-0.100982666015625 0.0246734619140625 0.246078491210937 0.034454345703125
-0.100357055664062 -0.0520706176757813 0.139549255371094 0.0686798095703125
-0.00299072265624999 -0.141937255859375 0.1246337890625 -0.00102233886718751
0.143508911132813 -0.15435791015625 0.35711669921875 -0.125823974609375
0.222412109375 -0.087738037109375 0.61029052734375 0.0921630859375
-0.163772583007813 -0.135650634765625 0.30859375 -0.30584716796875
-0.246444702148438 -0.0935668945312501 0.0811767578125 -0.249374389648438
-0.246963500976562 0.107467651367188 -0.0903854370117188 -0.013275146484375
-0.100830078125 0.238571166992188 0.03045654296875 0.1607666015625
0.0451812744140625 0.210159301757813 0.185958862304688 0.1199951171875
0.168701171875 0.148773193359375 0.32391357421875 -0.00283813476562499
0.200241088867188 0.0578765869140625 0.335693359375 -0.15985107421875
0.160446166992188 0.0664520263671875 0.306732177734375 -0.23272705078125
0.155105590820313 0.08770751953125 0.3084716796875 -0.19866943359375
0.108146667480469 0.121200561523438 0.313018798828125 -0.081207275390625
0.0224151611328125 0.121383666992187 0.24163818359375 -0.00437927246093749
-0.03338623046875 0.101570129394531 0.162384033203125 0.032958984375
-0.0675621032714844 0.032012939453125 0.183685302734375 -0.0364837646484375
-0.0475807189941406 -0.0215988159179688 0.414398193359375 -0.131622314453125
-0.0259819030761719 -0.0100822448730469 0.6639404296875 0.0953369140625
-0.384857177734375 -0.0619812011718749 0.245574951171875 -0.31927490234375
-0.39813232421875 0.04119873046875 0.0476226806640625 -0.246414184570313
-0.2913818359375 0.240875244140625 -0.0725021362304688 -0.0412216186523437
-0.069488525390625 0.36273193359375 0.0313262939453125 0.0938568115234375
0.130950927734375 0.288299560546875 0.137092590332031 0.049041748046875
0.301544189453125 0.161834716796875 0.242645263671875 -0.0478363037109375
0.32232666015625 0.018890380859375 0.232650756835938 -0.16162109375
0.27667236328125 0.030517578125 0.2049560546875 -0.218185424804688
0.298248291015625 0.052154541015625 0.21856689453125 -0.199142456054688
0.265609741210938 0.136138916015625 0.250244140625 -0.10797119140625
0.144821166992188 0.216384887695313 0.200714111328125 -0.050628662109375
0.0312957763671875 0.258316040039063 0.168243408203125 -0.0184478759765625
-0.144256591796875 0.207534790039063 0.234329223632813 -0.071136474609375
-0.250152587890625 0.106430053710937 0.430755615234375 -0.10797119140625
-0.279632568359375 0.0616302490234376 0.63555908203125 0.10955810546875
-0.548370361328125 0.040740966796875 0.131011962890625 -0.306304931640625
-0.48223876953125 0.19464111328125 -0.00584411621093755 -0.21478271484375
-0.274444580078125 0.361297607421875 -0.0526580810546875 -0.0600357055664062
-0.00323486328124999 0.435943603515625 0.0252342224121094 0.0186538696289063
0.2122802734375 0.3150634765625 0.0678367614746094 -0.0246772766113281
0.392791748046875 0.13946533203125 0.126640319824219 -0.08282470703125
0.394683837890625 -0.02783203125 0.0963668823242188 -0.13629150390625
0.350921630859375 -0.00885009765625 0.0718231201171875 -0.171676635742188
0.3974609375 0.012054443359375 0.0903778076171875 -0.169967651367188
0.383087158203125 0.135040283203125 0.140579223632813 -0.123336791992187
0.245391845703125 0.28778076171875 0.121017456054688 -0.100921630859375
0.085174560546875 0.3870849609375 0.149383544921875 -0.0799713134765625
-0.211700439453125 0.35235595703125 0.259368896484375 -0.102645874023437
-0.424285888671875 0.20947265625 0.39215087890625 -0.064727783203125
-0.489532470703125 0.117095947265625 0.5203857421875 0.126312255859375
-0.63140869140625 0.14312744140625 -0.0150451660156251 -0.257278442382813
-0.495941162109375 0.333526611328125 -0.0626220703125 -0.1494140625
-0.211334228515625 0.441192626953125 -0.0329971313476563 -0.066925048828125
0.078277587890625 0.450469970703125 0.00622940063476563 -0.0535850524902344
0.271484375 0.29046630859375 -0.01629638671875 -0.0834197998046875
0.429931640625 0.09088134765625 -0.00507354736328123 -0.0954742431640625
0.406341552734375 -0.07330322265625 -0.0506591796875 -0.085174560546875
0.370635986328125 -0.047088623046875 -0.072265625 -0.0975723266601563
0.434173583984375 -0.02911376953125 -0.0580520629882812 -0.116561889648438
0.43475341796875 0.115509033203125 -9.15527343749658E-05 -0.125595092773438
0.29791259765625 0.3101806640625 0.01397705078125 -0.146026611328125
0.121917724609375 0.44903564453125 0.104339599609375 -0.141204833984375
-0.2447509765625 0.432464599609375 0.249038696289062 -0.124725341796875
-0.522491455078125 0.275115966796875 0.300048828125 -0.00769042968749998
-0.61846923828125 0.15826416015625 0.33563232421875 0.140899658203125
-0.63092041015625 0.21856689453125 -0.174774169921875 -0.177719116210938
-0.449462890625 0.41448974609375 -0.118698120117188 -0.06072998046875
-0.127471923828125 0.460205078125 -0.0189971923828125 -0.0599441528320312
0.144439697265625 0.40673828125 -0.0260086059570312 -0.10748291015625
0.294952392578125 0.227081298828125 -0.103218078613281 -0.114204406738281
0.40802001953125 0.02783203125 -0.132728576660156 -0.0796051025390625
0.360260009765625 -0.109405517578125 -0.184738159179687 -0.01513671875
0.334197998046875 -0.07733154296875 -0.204864501953125 -0.00914001464843746
0.39599609375 -0.0621337890625 -0.200180053710938 -0.049713134765625
0.407073974609375 0.073760986328125 -0.14404296875 -0.117355346679688
0.292083740234375 0.27001953125 -0.094635009765625 -0.177536010742187
0.13531494140625 0.4144287109375 0.047454833984375 -0.18646240234375
-0.221466064453125 0.423431396484375 0.20965576171875 -0.130142211914062
-0.516571044921875 0.288421630859375 0.17266845703125 0.0553436279296875
-0.63458251953125 0.18359375 0.118301391601562 0.15386962890625
-0.54351806640625 0.239654541015625 -0.33233642578125 -0.09027099609375
-0.3603515625 0.406280517578125 -0.177169799804688 0.0290679931640625
-0.055816650390625 0.404815673828125 -0.0183258056640625 -0.0382652282714843
0.170440673828125 0.313079833984375 -0.0646743774414063 -0.132736206054687
0.26934814453125 0.144332885742188 -0.177597045898437 -0.11444091796875
0.327301025390625 -0.02777099609375 -0.236434936523438 -0.040679931640625
0.264144897460938 -0.125045776367188 -0.288482666015625 0.0629272460937499
0.24554443359375 -0.0939483642578125 -0.304962158203125 0.0802001953125
0.29205322265625 -0.081207275390625 -0.310272216796875 0.019500732421875
0.303375244140625 0.014068603515625 -0.259979248046875 -0.10125732421875
0.231903076171875 0.171981811523438 -0.176834106445313 -0.189697265625
0.127593994140625 0.292510986328125 -0.000122070312499991 -0.2080078125
-0.141815185546875 0.33135986328125 0.156036376953125 -0.113418579101562
-0.402587890625 0.261474609375 0.0424880981445312 0.117088317871094
-0.54193115234375 0.194580078125 -0.0917510986328125 0.164642333984375
-0.380767822265625 0.20965576171875 -0.472259521484375 -0.020172119140625
-0.235931396484375 0.31622314453125 -0.2406005859375 0.097442626953125
-0.00506591796874997 0.287567138671875 -0.0358924865722656 -0.00555419921874998
0.152206420898438 0.188796997070313 -0.102836608886719 -0.128059387207031
0.199569702148438 0.054962158203125 -0.229751586914062 -0.0901031494140625
0.20306396484375 -0.0675048828125 -0.305755615234375 0.0132751464843749
0.130996704101563 -0.117874145507813 -0.348358154296875 0.135406494140625
0.120567321777344 -0.0951690673828125 -0.35784912109375 0.154815673828125
0.142303466796875 -0.09051513671875 -0.36883544921875 0.07733154296875
0.155029296875 -0.054962158203125 -0.32470703125 -0.079559326171875
0.142105102539063 0.03900146484375 -0.215499877929688 -0.18206787109375
0.114479064941406 0.122703552246094 -0.028076171875 -0.204681396484375
-0.0201416015625 0.199050903320312 0.106681823730469 -0.0799484252929687
-0.214553833007812 0.212722778320313 -0.0589599609375 0.167953491210938
-0.3631591796875 0.193939208984375 -0.25439453125 0.17730712890625
0.067352294921875 -0.19378662109375 0.258453369140625 -0.283203125
-0.081512451171875 -0.197280883789063 0.049713134765625 -0.225448608398437
-0.162490844726562 -0.012451171875 -0.109504699707031 0.032989501953125
-0.10125732421875 0.0996551513671875 0.0322418212890625 0.206161499023438
-0.0299835205078125 0.109100341796875 0.211898803710937 0.159820556640625
0.0314865112304688 0.111343383789063 0.34979248046875 0.020294189453125
0.0672988891601562 0.0833969116210937 0.3599853515625 -0.1502685546875
0.040802001953125 0.0926055908203125 0.32421875 -0.221771240234375
0.0169143676757813 0.116043090820313 0.31732177734375 -0.183990478515625
-0.0429611206054688 0.110763549804687 0.306182861328125 -0.0645751953125
-0.100990295410156 0.0435104370117188 0.23883056640625 0.0145721435546875
-0.11151123046875 -0.0374755859375 0.145843505859375 0.0551910400390625
-0.0235137939453125 -0.14520263671875 0.129539489746094 0.00194549560546874
0.122909545898438 -0.178131103515625 0.3326416015625 -0.123199462890625
0.210250854492188 -0.11895751953125 0.579345703125 0.0704345703125
-0.16510009765625 -0.13897705078125 0.25909423828125 -0.314605712890625
-0.257339477539063 -0.0864410400390625 0.0472564697265625 -0.244369506835937
-0.2432861328125 0.121047973632812 -0.0952835083007813 -0.00598144531249997
-0.087646484375 0.2459716796875 0.031707763671875 0.153152465820313
0.0577850341796875 0.210174560546875 0.177536010742188 0.105087280273438
0.179885864257813 0.139801025390625 0.303558349609375 -0.018951416015625
0.2069091796875 0.0477294921875 0.302459716796875 -0.169769287109375
0.168914794921875 0.0595855712890625 0.267227172851563 -0.237884521484375
0.165267944335938 0.0835113525390625 0.27056884765625 -0.211410522460938
0.114540100097656 0.122589111328125 0.288421630859375 -0.1021728515625
0.0208816528320313 0.126441955566406 0.231216430664063 -0.0274810791015625
-0.0391616821289062 0.09979248046875 0.16571044921875 0.0154266357421875
-0.0734405517578125 0.0196685791015625 0.1842041015625 -0.0406036376953125
-0.0474090576171875 -0.0421409606933594 0.3892822265625 -0.13873291015625
-0.0176830291748047 -0.0307903289794922 0.63519287109375 0.0650634765625
-0.367462158203125 -0.0545349121093749 0.197998046875 -0.330718994140625
-0.38739013671875 0.04888916015625 0.015167236328125 -0.243576049804688
-0.276397705078125 0.245590209960937 -0.0819091796875 -0.0359115600585937
-0.051422119140625 0.356414794921875 0.0279541015625 0.0874710083007813
0.140472412109375 0.27593994140625 0.124008178710937 0.0377655029296875
0.30133056640625 0.143890380859375 0.218307495117188 -0.058837890625
0.31494140625 0.00262451171875 0.199874877929688 -0.165191650390625
0.27313232421875 0.01739501953125 0.167572021484375 -0.220870971679687
0.294158935546875 0.0390625 0.181716918945313 -0.207717895507813
0.261795043945313 0.122848510742187 0.224746704101563 -0.128707885742188
0.143112182617187 0.205642700195313 0.188003540039063 -0.0733184814453125
0.032989501953125 0.243255615234375 0.168624877929688 -0.0381927490234375
-0.134124755859375 0.189804077148438 0.230514526367187 -0.0818023681640625
-0.232406616210938 0.0933074951171875 0.40997314453125 -0.12359619140625
-0.252227783203125 0.05462646484375 0.6136474609375 0.07489013671875
-0.5118408203125 0.0575561523437499 0.09356689453125 -0.31842041015625
-0.451812744140625 0.200439453125 -0.032196044921875 -0.215499877929688
-0.250579833984375 0.354736328125 -0.065521240234375 -0.057403564453125
0.015472412109375 0.417388916015625 0.016667366027832 0.0143003463745117
0.215301513671875 0.292266845703125 0.0519599914550781 -0.0300521850585937
0.37994384765625 0.1148681640625 0.1011962890625 -0.0871505737304687
0.373321533203125 -0.045989990234375 0.069671630859375 -0.133674621582031
0.33612060546875 -0.02557373046875 0.0413970947265625 -0.168060302734375
0.380859375 -0.0081787109375 0.0593109130859375 -0.173004150390625
0.37152099609375 0.110565185546875 0.117721557617188 -0.139816284179688
0.24481201171875 0.264083862304688 0.1082763671875 -0.119300842285156
0.096282958984375 0.36090087890625 0.145965576171875 -0.0989532470703125
-0.1875 0.333282470703125 0.252334594726562 -0.118942260742187
-0.391632080078125 0.208465576171875 0.378997802734375 -0.084869384765625
-0.448394775390625 0.1258544921875 0.5096435546875 0.090606689453125
-0.5816650390625 0.16448974609375 -0.036956787109375 -0.268722534179688
-0.4481201171875 0.334869384765625 -0.079437255859375 -0.1552734375
-0.17987060546875 0.423004150390625 -0.0481834411621094 -0.0674095153808593
0.095306396484375 0.42083740234375 -0.00585174560546874 -0.0548629760742187
0.269500732421875 0.260147094726563 -0.031463623046875 -0.0826339721679687
0.406829833984375 0.0623779296875 -0.0261154174804687 -0.0926437377929688
0.376800537109375 -0.09161376953125 -0.0667877197265625 -0.077392578125
0.3466796875 -0.0660400390625 -0.0903701782226562 -0.08941650390625
0.40625 -0.0538330078125 -0.0780944824218749 -0.112930297851563
0.416656494140625 0.08251953125 -0.0176315307617187 -0.134742736816406
0.2984619140625 0.2764892578125 0.0013275146484375 -0.1571044921875
0.13909912109375 0.4129638671875 0.0969085693359375 -0.156280517578125
-0.2109375 0.41351318359375 0.238616943359375 -0.143524169921875
-0.480194091796875 0.282989501953125 0.29486083984375 -0.029937744140625
-0.5665283203125 0.1802978515625 0.33941650390625 0.11212158203125
-0.575439453125 0.24517822265625 -0.178558349609375 -0.187850952148438
-0.39251708984375 0.415252685546875 -0.12408447265625 -0.0718002319335938
-0.093902587890625 0.43646240234375 -0.0338592529296875 -0.0640220642089843
0.1605224609375 0.369110107421875 -0.0389251708984375 -0.104270935058594
0.28814697265625 0.191680908203125 -0.113883972167969 -0.107704162597656
0.375396728515625 0.000152587890625 -0.14434814453125 -0.07177734375
0.324951171875 -0.124786376953125 -0.187652587890625 -0.00332641601562497
0.3057861328125 -0.094085693359375 -0.207138061523437 0.00289916992187499
0.363739013671875 -0.08526611328125 -0.206756591796875 -0.039642333984375
0.383209228515625 0.039276123046875 -0.153671264648437 -0.117294311523438
0.29150390625 0.23333740234375 -0.105056762695312 -0.178756713867187
0.153350830078125 0.377777099609375 0.037384033203125 -0.195541381835937
-0.183624267578125 0.405120849609375 0.197525024414063 -0.147842407226563
-0.468994140625 0.30328369140625 0.17742919921875 0.034881591796875
-0.58203125 0.2138671875 0.136795043945312 0.133552551269531
-0.495269775390625 0.268798828125 -0.318023681640625 -0.096771240234375
-0.305999755859375 0.411041259765625 -0.169204711914063 0.014862060546875
-0.022369384765625 0.385284423828125 -0.0301170349121094 -0.0445632934570312
0.186172485351563 0.27825927734375 -0.0753250122070313 -0.125587463378906
0.261627197265625 0.109878540039063 -0.181716918945312 -0.102066040039062
0.2969970703125 -0.053680419921875 -0.23638916015625 -0.0286865234375
0.22760009765625 -0.13702392578125 -0.275970458984375 0.0763702392578125
0.216461181640625 -0.106735229492187 -0.2923583984375 0.093505859375
0.259719848632813 -0.09954833984375 -0.302581787109375 0.033477783203125
0.277542114257813 -0.014862060546875 -0.260589599609375 -0.0927581787109375
0.226699829101563 0.139053344726563 -0.183517456054687 -0.182723999023437
0.141937255859375 0.25860595703125 -0.0110321044921875 -0.209518432617187
-0.106201171875 0.3143310546875 0.144989013671875 -0.128631591796875
-0.357666015625 0.278350830078125 0.0584869384765625 0.10205078125
-0.490509033203125 0.226806640625 -0.0595855712890625 0.157455444335938
-0.348052978515625 0.238555908203125 -0.442626953125 -0.018585205078125
-0.193389892578125 0.32818603515625 -0.22247314453125 0.0855560302734375
0.02392578125 0.277481079101563 -0.0447425842285156 -0.01287841796875
0.166671752929687 0.162384033203125 -0.111747741699219 -0.117088317871094
0.194290161132813 0.0277252197265625 -0.22601318359375 -0.072265625
0.1783447265625 -0.0885467529296875 -0.293670654296875 0.0279846191406249
0.100997924804688 -0.124626159667969 -0.323211669921875 0.148193359375
0.095703125 -0.101997375488281 -0.333038330078125 0.169464111328125
0.114822387695312 -0.0992507934570313 -0.349853515625 0.0930480957031249
0.129234313964844 -0.0727005004882813 -0.31756591796875 -0.065673828125
0.133224487304688 0.0151443481445313 -0.217086791992187 -0.168930053710938
0.120620727539062 0.0948104858398438 -0.03741455078125 -0.200759887695312
0.00531005859375001 0.182708740234375 0.09991455078125 -0.0903701782226562
-0.177215576171875 0.22479248046875 -0.032867431640625 0.15838623046875
-0.3197021484375 0.22271728515625 -0.211563110351563 0.1822509765625
0.05023193359375 -0.204971313476563 0.220077514648438 -0.273468017578125
-0.106704711914063 -0.1915283203125 0.025665283203125 -0.212478637695312
-0.1693115234375 0.00395202636718746 -0.109657287597656 0.040283203125
-0.095306396484375 0.115425109863281 0.03375244140625 0.202621459960938
-0.0172271728515625 0.11859130859375 0.205490112304688 0.15264892578125
0.0495681762695312 0.11224365234375 0.33648681640625 0.01519775390625
0.0837554931640625 0.0788650512695313 0.3416748046875 -0.149749755859375
0.057098388671875 0.0889358520507813 0.29974365234375 -0.21795654296875
0.0382537841796875 0.116485595703125 0.293792724609375 -0.185546875
-0.0262832641601563 0.121536254882813 0.28985595703125 -0.070648193359375
-0.09820556640625 0.0602493286132812 0.230560302734375 0.00250244140625
-0.120536804199219 -0.0232620239257813 0.148818969726563 0.0449676513671875
-0.0421600341796875 -0.146240234375 0.137138366699219 0.00550842285156249
0.102874755859375 -0.197097778320313 0.320892333984375 -0.111846923828125
0.1966552734375 -0.143173217773438 0.55438232421875 0.0728759765625
-0.16741943359375 -0.147628784179688 0.21856689453125 -0.30877685546875
-0.269943237304687 -0.08453369140625 0.021820068359375 -0.233505249023438
-0.244476318359375 0.130218505859375 -0.0999679565429688 0.00102233886718749
-0.07940673828125 0.252639770507813 0.0293426513671875 0.149566650390625
0.0659027099609375 0.212890625 0.167510986328125 0.099945068359375
0.18951416015625 0.137252807617188 0.28619384765625 -0.022216796875
0.214248657226562 0.0417938232421875 0.279006958007813 -0.165267944335938
0.17724609375 0.0553741455078125 0.23760986328125 -0.232620239257813
0.175811767578125 0.0826263427734375 0.243682861328125 -0.21051025390625
0.120536804199219 0.127052307128906 0.26666259765625 -0.110549926757813
0.0181961059570313 0.134841918945313 0.220672607421875 -0.0411834716796875
-0.0490951538085937 0.103385925292969 0.166976928710938 0.00166320800781251
-0.0847396850585938 0.007904052734375 0.187850952148437 -0.0410919189453125
-0.0543632507324219 -0.0647773742675781 0.374420166015625 -0.132354736328125
-0.0146942138671875 -0.05450439453125 0.6102294921875 0.05908203125
-0.354278564453125 -0.0624694824218751 0.160736083984375 -0.328125
-0.385040283203125 0.045501708984375 -0.01025390625 -0.23663330078125
-0.273788452148438 0.2447509765625 -0.0902023315429688 -0.0302658081054687
-0.044219970703125 0.353363037109375 0.0215911865234375 0.0850753784179688
0.143585205078125 0.271774291992188 0.110359191894531 0.0345077514648438
0.30145263671875 0.137603759765625 0.19769287109375 -0.05889892578125
0.3109130859375 -0.002471923828125 0.176132202148438 -0.1572265625
0.271759033203125 0.0130462646484375 0.138900756835938 -0.21136474609375
0.292938232421875 0.0360107421875 0.152435302734375 -0.205093383789063
0.257781982421875 0.119796752929688 0.201187133789063 -0.138275146484375
0.137847900390625 0.204421997070313 0.175460815429688 -0.0894012451171875
0.025787353515625 0.234909057617188 0.168075561523438 -0.05450439453125
-0.137008666992188 0.170944213867188 0.230926513671875 -0.08734130859375
-0.225982666015625 0.0728912353515625 0.3974609375 -0.125701904296875
-0.234359741210937 0.0356597900390625 0.59356689453125 0.06158447265625
-0.485107421875 0.0504760742187499 0.062042236328125 -0.322174072265625
-0.43463134765625 0.19024658203125 -0.0546112060546875 -0.213058471679687
-0.242919921875 0.342315673828125 -0.077850341796875 -0.053680419921875
0.019134521484375 0.403472900390625 0.0075531005859375 0.014063835144043
0.212249755859375 0.281890869140625 0.0372047424316406 -0.029754638671875
0.36944580078125 0.10809326171875 0.080780029296875 -0.0822067260742188
0.358795166015625 -0.0498046875 0.04840087890625 -0.124519348144531
0.32550048828125 -0.03033447265625 0.0177459716796875 -0.158233642578125
0.368743896484375 -0.014373779296875 0.0337066650390625 -0.168624877929687
0.358856201171875 0.101348876953125 0.095733642578125 -0.149322509765625
0.234710693359375 0.25213623046875 0.0953826904296875 -0.133575439453125
0.091888427734375 0.342254638671875 0.142532348632813 -0.115325927734375
-0.182891845703125 0.31097412109375 0.249435424804688 -0.128097534179687
-0.373626708984375 0.1927490234375 0.369354248046875 -0.092742919921875
-0.41827392578125 0.11376953125 0.498626708984375 0.073699951171875
-0.543670654296875 0.160552978515625 -0.05712890625 -0.279617309570313
-0.419281005859375 0.320159912109375 -0.0970916748046875 -0.160690307617187
-0.169769287109375 0.402587890625 -0.0627861022949219 -0.0667953491210937
0.09576416015625 0.39874267578125 -0.0162734985351563 -0.0525550842285156
0.25799560546875 0.244171142578125 -0.0448532104492187 -0.0804061889648438
0.385406494140625 0.0546875 -0.0431060791015625 -0.086456298828125
0.35400390625 -0.093475341796875 -0.0801010131835937 -0.0682449340820313
0.32867431640625 -0.068603515625 -0.105049133300781 -0.0786895751953125
0.382904052734375 -0.058990478515625 -0.095947265625 -0.107017517089844
0.396759033203125 0.06817626953125 -0.0354461669921875 -0.141464233398438
0.288543701171875 0.25836181640625 -0.00991821289062497 -0.166961669921875
0.138885498046875 0.387725830078125 0.09130859375 -0.170486450195313
-0.196807861328125 0.39056396484375 0.232040405273438 -0.15576171875
-0.451751708984375 0.272857666015625 0.290283203125 -0.043975830078125
-0.5281982421875 0.1761474609375 0.337921142578125 0.091064453125
-0.53363037109375 0.246429443359375 -0.185791015625 -0.204620361328125
-0.3570556640625 0.400634765625 -0.134048461914063 -0.0848236083984375
-0.078277587890625 0.411376953125 -0.0487632751464844 -0.0659370422363281
0.160247802734375 0.341644287109375 -0.0491409301757813 -0.10052490234375
0.2725830078125 0.172317504882813 -0.122604370117187 -0.102897644042969
0.349029541015625 -0.00811767578125 -0.154617309570312 -0.0646820068359375
0.296600341796875 -0.123443603515625 -0.189849853515625 0.00408935546875001
0.2822265625 -0.095458984375 -0.210968017578125 0.0110321044921875
0.33563232421875 -0.089569091796875 -0.214309692382812 -0.0334320068359375
0.35723876953125 0.025146484375 -0.165145874023437 -0.119873046875
0.279678344726563 0.210983276367187 -0.1142578125 -0.182907104492188
0.15484619140625 0.34814453125 0.0304412841796875 -0.205078125
-0.16436767578125 0.382659912109375 0.188034057617187 -0.161270141601562
-0.434326171875 0.2996826171875 0.179107666015625 0.0185546875
-0.53680419921875 0.21868896484375 0.148300170898437 0.1148681640625
-0.45587158203125 0.277252197265625 -0.3104248046875 -0.114410400390625
-0.266876220703125 0.401397705078125 -0.170547485351563 -0.00389099121093751
-0.00341796875000002 0.363006591796875 -0.0443458557128906 -0.0497245788574218
0.18804931640625 0.249710083007813 -0.0838088989257813 -0.120002746582031
0.247344970703125 0.087982177734375 -0.183731079101563 -0.0951385498046875
0.268035888671875 -0.0635223388671875 -0.2369384765625 -0.022003173828125
0.197830200195312 -0.134292602539062 -0.268310546875 0.0805511474609375
0.193023681640625 -0.105926513671875 -0.284576416015625 0.0988464355468751
0.231475830078125 -0.102462768554687 -0.298919677734375 0.038848876953125
0.250595092773438 -0.0272216796875 -0.263442993164063 -0.0919036865234374
0.21429443359375 0.117385864257812 -0.187179565429687 -0.181350708007813
0.142044067382813 0.230667114257813 -0.0180511474609375 -0.213943481445312
-0.08575439453125 0.293365478515625 0.136322021484375 -0.139274597167969
-0.323272705078125 0.276519775390625 0.0680389404296875 0.0849838256835938
-0.448028564453125 0.2371826171875 -0.0357513427734375 0.143234252929688
-0.3201904296875 0.252410888671875 -0.425628662109375 -0.035491943359375
-0.162994384765625 0.329010009765625 -0.21673583984375 0.0648040771484375
0.0422821044921875 0.2666015625 -0.055206298828125 -0.0181045532226562
0.172821044921875 0.140090942382813 -0.117240905761719 -0.108291625976562
0.184326171875 0.00726318359375 -0.221694946289063 -0.06207275390625
0.154510498046875 -0.0977325439453125 -0.283843994140625 0.033538818359375
0.075775146484375 -0.122344970703125 -0.306365966796875 0.14996337890625
0.0741958618164062 -0.0997390747070312 -0.31549072265625 0.169677734375
0.090576171875 -0.0987777709960938 -0.335357666015625 0.096282958984375
0.104057312011719 -0.0797576904296875 -0.312469482421875 -0.06201171875
0.119422912597656 -0.0021820068359375 -0.216827392578125 -0.164169311523437
0.118072509765625 0.0708465576171875 -0.0412139892578125 -0.20025634765625
0.0218658447265625 0.164031982421875 0.0948028564453125 -0.0983352661132812
-0.145584106445313 0.226959228515625 -0.014984130859375 0.143722534179688
-0.2816162109375 0.236968994140625 -0.17724609375 0.172897338867188
0.0319671630859375 -0.21807861328125 0.193817138671875 -0.25970458984375
-0.133255004882813 -0.1861572265625 0.0081024169921875 -0.197967529296875
-0.17681884765625 0.021514892578125 -0.112068176269531 0.0488357543945313
-0.0870437622070313 0.133247375488281 0.0343475341796875 0.205841064453125
-0.00457000732421874 0.128952026367187 0.204666137695313 0.15313720703125
0.06927490234375 0.111907958984375 0.3350830078125 0.0147705078125
0.102165222167969 0.0711517333984375 0.3336181640625 -0.146209716796875
0.074859619140625 0.0850753784179688 0.28839111328125 -0.213470458984375
0.0602264404296875 0.115127563476562 0.279830932617187 -0.183486938476562
-0.00823211669921874 0.130104064941406 0.280136108398438 -0.073516845703125
-0.0937576293945312 0.0788040161132813 0.22650146484375 -0.00459289550781249
-0.128555297851563 -0.00903320312499998 0.154144287109375 0.036834716796875
-0.06268310546875 -0.14764404296875 0.148849487304688 0.00802612304687499
0.0803070068359375 -0.215652465820313 0.3221435546875 -0.098419189453125
0.18280029296875 -0.166519165039063 0.546295166015625 0.086334228515625
-0.17633056640625 -0.163604736328125 0.189788818359375 -0.298614501953125
-0.290496826171875 -0.082489013671875 0.001953125 -0.221725463867188
-0.251007080078125 0.143829345703125 -0.105796813964844 0.00875091552734375
-0.07403564453125 0.266403198242188 0.0261383056640625 0.152114868164063
0.076812744140625 0.221176147460938 0.159744262695313 0.101287841796875
0.204849243164063 0.136276245117188 0.277618408203125 -0.0206146240234375
0.226531982421875 0.0360565185546875 0.266311645507812 -0.157028198242188
0.189804077148438 0.052276611328125 0.21990966796875 -0.223876953125
0.191848754882813 0.0823211669921875 0.2235107421875 -0.206344604492188
0.132225036621094 0.134750366210938 0.251693725585938 -0.115737915039062
0.0177001953125 0.148681640625 0.212051391601563 -0.0535430908203125
-0.0601806640625 0.112022399902344 0.16912841796875 -0.010986328125
-0.102149963378906 -0.00134277343750001 0.198760986328125 -0.0435943603515625
-0.0683364868164062 -0.0869903564453125 0.375946044921875 -0.12506103515625
-0.0185775756835938 -0.0803146362304688 0.60205078125 0.0650634765625
-0.353424072265625 -0.0780639648437499 0.131134033203125 -0.32598876953125
-0.396728515625 0.042633056640625 -0.031982421875 -0.228607177734375
-0.279052734375 0.249908447265625 -0.100021362304688 -0.0237960815429687
-0.041351318359375 0.359893798828125 0.0146026611328125 0.0877304077148438
0.149093627929688 0.277023315429687 0.100021362304688 0.037322998046875
0.307342529296875 0.137664794921875 0.18402099609375 -0.05322265625
0.315948486328125 -0.00543212890625 0.159942626953125 -0.147506713867188
0.277618408203125 0.0125885009765625 0.119186401367188 -0.200942993164063
0.30078125 0.035003662109375 0.13055419921875 -0.200149536132813
0.261962890625 0.124679565429688 0.182159423828125 -0.144851684570313
0.13336181640625 0.211822509765625 0.164474487304687 -0.1038818359375
0.0150604248046875 0.2364501953125 0.16845703125 -0.070404052734375
-0.15020751953125 0.158401489257813 0.2388916015625 -0.0944061279296875
-0.232269287109375 0.0515594482421875 0.398529052734375 -0.12506103515625
-0.2291259765625 0.011383056640625 0.58929443359375 0.0582275390625
-0.473846435546875 0.0348205566406251 0.03363037109375 -0.325897216796875
-0.43603515625 0.17987060546875 -0.0773773193359375 -0.21044921875
-0.248046875 0.337066650390625 -0.09063720703125 -0.0488052368164062
0.018280029296875 0.40228271484375 -0.00268459320068359 0.0164422988891602
0.209503173828125 0.28411865234375 0.0223426818847656 -0.0257492065429687
0.36700439453125 0.10919189453125 0.0660552978515625 -0.0747909545898438
0.355926513671875 -0.048431396484375 0.034149169921875 -0.112922668457031
0.3238525390625 -0.02978515625 -0.00111389160156248 -0.145065307617188
0.36712646484375 -0.0140380859375 0.011749267578125 -0.162704467773438
0.354888916015625 0.10113525390625 0.0743255615234375 -0.155471801757813
0.230178833007813 0.253662109375 0.081298828125 -0.1474609375
0.083343505859375 0.338134765625 0.140037536621094 -0.132209777832031
-0.189605712890625 0.296356201171875 0.253250122070313 -0.140533447265625
-0.371978759765625 0.17529296875 0.3692626953125 -0.10125732421875
-0.404693603515625 0.0961608886718749 0.497894287109375 0.06243896484375
-0.525360107421875 0.1505126953125 -0.081085205078125 -0.291534423828125
-0.409881591796875 0.305999755859375 -0.117813110351563 -0.165725708007812
-0.171966552734375 0.3900146484375 -0.0780410766601563 -0.0642471313476562
0.09027099609375 0.389495849609375 -0.0283050537109375 -0.0501670837402344
0.250534057617188 0.242401123046875 -0.05712890625 -0.0762786865234375
0.375518798828125 0.056396484375 -0.0574951171875 -0.078643798828125
0.343353271484375 -0.0887451171875 -0.09271240234375 -0.0575790405273438
0.320465087890625 -0.06573486328125 -0.11993408203125 -0.0675125122070312
0.373504638671875 -0.059173583984375 -0.114578247070312 -0.100509643554688
0.3851318359375 0.065582275390625 -0.055389404296875 -0.146560668945313
0.281524658203125 0.251922607421875 -0.0252838134765625 -0.178878784179687
0.132232666015625 0.37744140625 0.084075927734375 -0.18756103515625
-0.198516845703125 0.374542236328125 0.231124877929688 -0.171066284179687
-0.442291259765625 0.26141357421875 0.29071044921875 -0.0576171875
-0.508544921875 0.164764404296875 0.343414306640625 0.076446533203125
-0.509124755859375 0.24163818359375 -0.202316284179688 -0.2244873046875
-0.336334228515625 0.386566162109375 -0.15203857421875 -0.0986480712890624
-0.07427978515625 0.394561767578125 -0.0650520324707031 -0.0664100646972656
0.15423583984375 0.325286865234375 -0.0596847534179687 -0.0987091064453125
0.25909423828125 0.163803100585937 -0.132125854492187 -0.0992279052734375
0.330963134765625 -0.00714111328125 -0.166000366210937 -0.05853271484375
0.279190063476563 -0.1173095703125 -0.19775390625 0.01177978515625
0.267715454101563 -0.0917510986328125 -0.22015380859375 0.019927978515625
0.318267822265625 -0.087677001953125 -0.226455688476562 -0.0264434814453125
0.3402099609375 0.019378662109375 -0.181884765625 -0.123092651367188
0.270370483398438 0.20111083984375 -0.127243041992187 -0.190521240234375
0.149932861328125 0.33221435546875 0.022186279296875 -0.217941284179687
-0.15966796875 0.364990234375 0.1832275390625 -0.17529296875
-0.418670654296875 0.29315185546875 0.181930541992188 0.00338745117187502
-0.51031494140625 0.21356201171875 0.15948486328125 0.0979766845703125
-0.431915283203125 0.281890869140625 -0.31695556640625 -0.140625
-0.241485595703125 0.395294189453125 -0.183868408203125 -0.0238800048828124
0.00711059570312496 0.348358154296875 -0.0604515075683594 -0.0522727966308593
0.185958862304688 0.229598999023437 -0.0927200317382813 -0.116157531738281
0.2342529296875 0.0748443603515625 -0.1883544921875 -0.0907745361328125
0.24664306640625 -0.0650177001953125 -0.242660522460937 -0.0180664062500001
0.17742919921875 -0.126510620117188 -0.269775390625 0.0837249755859375
0.17559814453125 -0.101089477539063 -0.286376953125 0.104278564453125
0.211471557617188 -0.097686767578125 -0.30401611328125 0.04364013671875
0.228729248046875 -0.031219482421875 -0.2745361328125 -0.0926208496093749
0.20147705078125 0.103546142578125 -0.197921752929688 -0.184295654296875
0.137771606445313 0.210189819335937 -0.0255889892578125 -0.222625732421875
-0.0772857666015625 0.275634765625 0.130447387695313 -0.150558471679687
-0.300079345703125 0.27471923828125 0.0736083984375 0.069793701171875
-0.41717529296875 0.2401123046875 -0.01788330078125 0.125999450683594
-0.30078125 0.266937255859375 -0.42364501953125 -0.0594482421874999
-0.137115478515625 0.33062744140625 -0.223983764648437 0.0443572998046875
0.059722900390625 0.2572021484375 -0.0707550048828125 -0.021514892578125
0.1768798828125 0.1209716796875 -0.123733520507812 -0.103912353515625
0.1749267578125 -0.009185791015625 -0.221054077148437 -0.0574493408203125
0.133857727050781 -0.103950500488281 -0.282135009765625 0.03656005859375
0.054595947265625 -0.116561889648438 -0.299285888671875 0.14892578125
0.0569229125976563 -0.0943222045898437 -0.3084716796875 0.170013427734375
0.070098876953125 -0.0936050415039063 -0.333587646484375 0.09783935546875
0.0809402465820313 -0.0817489624023438 -0.316741943359375 -0.0638427734375
0.103713989257812 -0.0157318115234375 -0.220138549804688 -0.166168212890625
0.113739013671875 0.0503387451171875 -0.0458221435546875 -0.204910278320313
0.0328826904296875 0.145919799804688 0.092071533203125 -0.107154846191406
-0.118759155273438 0.225234985351562 -0.00286102294921875 0.13037109375
-0.25115966796875 0.246307373046875 -0.151641845703125 0.159088134765625
0.00799560546874998 -0.232070922851563 0.172271728515625 -0.245574951171875
-0.164505004882813 -0.176773071289063 -0.00625610351562501 -0.184890747070313
-0.183837890625 0.0443878173828125 -0.113449096679688 0.0611724853515625
-0.0762176513671875 0.153335571289063 0.039520263671875 0.213638305664063
0.0136642456054687 0.139801025390625 0.210433959960937 0.155792236328125
0.0919723510742188 0.108741760253906 0.341888427734375 0.012725830078125
0.121406555175781 0.0595703125 0.33624267578125 -0.148284912109375
0.0930938720703125 0.076507568359375 0.283233642578125 -0.2139892578125
0.0834808349609375 0.109306335449219 0.2735595703125 -0.186111450195312
0.0137786865234375 0.138252258300781 0.276763916015625 -0.07806396484375
-0.0857925415039063 0.098968505859375 0.22564697265625 -0.0135498046875
-0.136337280273438 0.0104598999023438 0.160003662109375 0.0266571044921875
-0.086883544921875 -0.1448974609375 0.165969848632812 0.00588989257812499
0.0518798828125 -0.233917236328125 0.335418701171875 -0.0916748046875
0.166305541992188 -0.192962646484375 0.557525634765625 0.09942626953125
-0.19805908203125 -0.178115844726563 0.1622314453125 -0.290130615234375
-0.31884765625 -0.0744323730468749 -0.01800537109375 -0.2098388671875
-0.25946044921875 0.16375732421875 -0.111831665039063 0.019439697265625
-0.0625 0.285308837890625 0.025787353515625 0.159454345703125
0.094268798828125 0.231536865234375 0.159744262695313 0.104965209960938
0.226913452148438 0.133270263671875 0.277725219726563 -0.0184478759765625
0.243377685546875 0.0258636474609375 0.262298583984375 -0.154495239257813
0.2071533203125 0.04473876953125 0.208999633789062 -0.218231201171875
0.213455200195313 0.0765228271484375 0.20928955078125 -0.204498291015625
0.150314331054688 0.14190673828125 0.239593505859375 -0.122329711914062
0.023773193359375 0.1680908203125 0.205276489257812 -0.0656585693359375
-0.0695114135742187 0.127510070800781 0.171798706054688 -0.026611328125
-0.125938415527344 -0.00426483154296876 0.212844848632813 -0.051544189453125
-0.09320068359375 -0.107063293457031 0.385894775390625 -0.126251220703125
-0.0304107666015625 -0.107383728027344 0.61224365234375 0.06732177734375
-0.368988037109375 -0.0919494628906249 0.0991821289062499 -0.32281494140625
-0.420196533203125 0.0471801757812499 -0.0557861328125 -0.21917724609375
-0.2889404296875 0.267303466796875 -0.110404968261719 -0.0145187377929688
-0.0341796875 0.377197265625 0.00978851318359375 0.094390869140625
0.162628173828125 0.28619384765625 0.0914077758789063 0.04339599609375
0.32745361328125 0.13525390625 0.176895141601563 -0.0468597412109375
0.3291015625 -0.012847900390625 0.150634765625 -0.138458251953125
0.2916259765625 0.00543212890625 0.103073120117188 -0.189315795898438
0.31683349609375 0.030853271484375 0.110977172851563 -0.193832397460938
0.275527954101562 0.128631591796875 0.16339111328125 -0.151031494140625
0.1375732421875 0.225845336914063 0.152557373046875 -0.117996215820313
0.00672912597656251 0.247756958007812 0.16619873046875 -0.0908050537109375
-0.169967651367188 0.153274536132813 0.249649047851562 -0.110321044921875
-0.251007080078125 0.0342864990234375 0.407257080078125 -0.135345458984375
-0.236053466796875 -0.0113067626953125 0.5986328125 0.0511474609375
-0.480255126953125 0.0224609374999999 -9.1654879234295E-18 -0.33056640625
-0.450347900390625 0.18023681640625 -0.105224609375 -0.205780029296875
-0.258819580078125 0.34735107421875 -0.105941772460938 -0.03997802734375
0.019775390625 0.412872314453125 -0.0119762420654297 0.0228824615478516
0.217620849609375 0.290679931640625 0.0110797882080078 -0.02020263671875
0.379119873046875 0.10870361328125 0.0540847778320313 -0.0653419494628906
0.36383056640625 -0.051666259765625 0.021209716796875 -0.100151062011719
0.331695556640625 -0.033233642578125 -0.0181427001953125 -0.131378173828125
0.374603271484375 -0.01800537109375 -0.010650634765625 -0.152679443359375
0.361907958984375 0.10223388671875 0.05096435546875 -0.160202026367187
0.2333984375 0.259979248046875 0.064056396484375 -0.162429809570313
0.079071044921875 0.34368896484375 0.132598876953125 -0.1551513671875
-0.20367431640625 0.292724609375 0.25823974609375 -0.160903930664062
-0.382781982421875 0.16375732421875 0.37652587890625 -0.115875244140625
-0.406402587890625 0.0795593261718751 0.506927490234375 0.047454833984375
-0.52154541015625 0.14288330078125 -0.114044189453125 -0.304229736328125
-0.412811279296875 0.300048828125 -0.147811889648438 -0.167144775390625
-0.17852783203125 0.388885498046875 -0.0965194702148438 -0.0583877563476563
0.087738037109375 0.39056396484375 -0.0403022766113281 -0.0447807312011719
0.248916625976563 0.245437622070313 -0.0723648071289063 -0.0692062377929687
0.3770751953125 0.05853271484375 -0.0722503662109375 -0.0674896240234375
0.342254638671875 -0.087738037109375 -0.105323791503906 -0.0436325073242187
0.32135009765625 -0.065338134765625 -0.136184692382812 -0.052001953125
0.37237548828125 -0.058990478515625 -0.136032104492188 -0.0890579223632812
0.383331298828125 0.062469482421875 -0.0814971923828125 -0.1490478515625
0.281097412109375 0.251373291015625 -0.0460205078125 -0.19061279296875
0.13031005859375 0.376251220703125 0.0726318359375 -0.207382202148437
-0.20489501953125 0.37103271484375 0.23046875 -0.193649291992187
-0.444854736328125 0.258453369140625 0.295257568359375 -0.07562255859375
-0.501434326171875 0.15765380859375 0.351959228515625 0.05718994140625
-0.496551513671875 0.2406005859375 -0.231796264648438 -0.24322509765625
-0.326263427734375 0.3812255859375 -0.179840087890625 -0.106643676757812
-0.074859619140625 0.38720703125 -0.0860443115234375 -0.0631942749023437
0.1514892578125 0.317474365234375 -0.0731353759765625 -0.0944976806640625
0.252822875976563 0.161651611328125 -0.14739990234375 -0.0936279296874999
0.324005126953125 -0.0052490234375 -0.180404663085937 -0.04791259765625
0.27099609375 -0.110610961914063 -0.209182739257812 0.0241241455078125
0.262619018554688 -0.0881195068359375 -0.231338500976562 0.0352020263671875
0.310546875 -0.085418701171875 -0.244171142578125 -0.0147705078125
0.330108642578125 0.017974853515625 -0.205337524414062 -0.121780395507813
0.26458740234375 0.194580078125 -0.148117065429687 -0.198028564453125
0.148223876953125 0.3223876953125 0.0076751708984375 -0.234878540039062
-0.15826416015625 0.358062744140625 0.177734375 -0.19488525390625
-0.409027099609375 0.292694091796875 0.184127807617187 -0.0151214599609375
-0.495208740234375 0.21380615234375 0.169998168945312 0.0775909423828125
-0.413604736328125 0.29058837890625 -0.34100341796875 -0.162994384765625
-0.220703125 0.393402099609375 -0.207473754882813 -0.0373687744140625
0.01715087890625 0.33746337890625 -0.08038330078125 -0.0514144897460937
0.185287475585938 0.213516235351563 -0.104881286621094 -0.112060546875
0.223922729492188 0.0655670166015625 -0.199615478515625 -0.0858917236328125
0.231307983398437 -0.0653228759765625 -0.254531860351563 -0.0103607177734375
0.162628173828125 -0.118331909179688 -0.276596069335938 0.0933685302734375
0.16497802734375 -0.095062255859375 -0.293182373046875 0.115753173828125
0.19659423828125 -0.09259033203125 -0.316802978515625 0.053466796875
0.210922241210938 -0.0316314697265625 -0.294464111328125 -0.089813232421875
0.1903076171875 0.0946807861328125 -0.214767456054688 -0.18927001953125
0.133163452148438 0.195266723632813 -0.0376739501953125 -0.234237670898438
-0.0695037841796875 0.262954711914063 0.12335205078125 -0.166900634765625
-0.279464721679687 0.274307250976563 0.0780029296875 0.0534133911132813
-0.391815185546875 0.2449951171875 -0.00284576416015628 0.106742858886719
-0.2802734375 0.285675048828125 -0.439483642578125 -0.08160400390625
-0.110107421875 0.33563232421875 -0.244140625 0.0280609130859375
0.078399658203125 0.25018310546875 -0.0888824462890625 -0.020111083984375
0.182449340820312 0.101089477539063 -0.132713317871094 -0.0971527099609375
0.164932250976563 -0.0248260498046875 -0.2255859375 -0.050933837890625
0.1138916015625 -0.108123779296875 -0.287078857421875 0.0417175292968749
0.03546142578125 -0.107521057128906 -0.299530029296875 0.154022216796875
0.0419692993164063 -0.0873184204101562 -0.311126708984375 0.177337646484375
0.0521240234375 -0.0855255126953125 -0.340484619140625 0.10345458984375
0.0583572387695313 -0.07904052734375 -0.33154296875 -0.060699462890625
0.0862960815429688 -0.025482177734375 -0.232955932617188 -0.169265747070312
0.104660034179688 0.0315170288085938 -0.05517578125 -0.213821411132812
0.0422515869140625 0.128593444824219 0.0866012573242188 -0.119590759277344
-0.0922698974609375 0.222763061523438 0.00584411621093749 0.11505126953125
-0.2208251953125 0.252426147460938 -0.131072998046875 0.142715454101563
-0.026092529296875 -0.240737915039063 0.150634765625 -0.231643676757813
-0.198471069335937 -0.15447998046875 -0.02020263671875 -0.167495727539063
-0.184051513671875 0.073455810546875 -0.111640930175781 0.0760116577148438
-0.0534820556640625 0.173660278320313 0.0535430908203125 0.22161865234375
0.0395050048828125 0.146148681640625 0.224136352539063 0.153762817382813
0.117912292480469 0.095703125 0.35418701171875 -0.00186157226562499
0.1385498046875 0.039886474609375 0.338653564453125 -0.16119384765625
0.112838745117187 0.0609359741210937 0.277999877929688 -0.222412109375
0.109123229980469 0.0950775146484375 0.265274047851563 -0.192733764648438
0.0417633056640625 0.139175415039063 0.272964477539063 -0.087066650390625
-0.0691757202148438 0.118606567382813 0.223281860351563 -0.027618408203125
-0.139091491699219 0.0350341796875 0.164688110351563 0.010833740234375
-0.114463806152344 -0.13507080078125 0.184707641601563 -0.00595092773437501
0.0122833251953125 -0.245452880859375 0.35333251953125 -0.100067138671875
0.138687133789063 -0.219436645507813 0.58026123046875 0.09735107421875
-0.230850219726563 -0.184814453125 0.133102416992187 -0.27923583984375
-0.351043701171875 -0.049285888671875 -0.03765869140625 -0.192657470703125
-0.26153564453125 0.19512939453125 -0.11505126953125 0.0348358154296875
-0.039764404296875 0.306365966796875 0.032440185546875 0.168716430664063
0.121566772460938 0.236480712890625 0.163925170898438 0.106918334960938
0.25421142578125 0.118118286132813 0.281585693359375 -0.024322509765625
0.260833740234375 0.0035552978515625 0.259628295898438 -0.157485961914063
0.225601196289063 0.0290069580078125 0.19769287109375 -0.217437744140625
0.237701416015625 0.0618896484375 0.194839477539063 -0.204879760742188
0.175750732421875 0.141204833984375 0.225067138671875 -0.129592895507813
0.0394439697265625 0.185455322265625 0.194442749023437 -0.082855224609375
-0.0717010498046875 0.149276733398438 0.171554565429688 -0.0469207763671875
-0.153213500976563 0.00292968750000002 0.225387573242188 -0.0696563720703125
-0.128883361816406 -0.118637084960937 0.399078369140625 -0.140960693359375
-0.053955078125 -0.131355285644531 0.62811279296875 0.05401611328125
-0.39434814453125 -0.093536376953125 0.061248779296875 -0.313568115234375
-0.4459228515625 0.068206787109375 -0.0825653076171875 -0.202072143554687
-0.292083740234375 0.293914794921875 -0.119499206542969 0.00202178955078126
-0.01312255859375 0.39556884765625 0.0089111328125 0.104324340820313
0.187713623046875 0.29180908203125 0.0884170532226563 0.0485382080078125
0.3516845703125 0.122161865234375 0.175247192382813 -0.0428924560546875
0.34295654296875 -0.03192138671875 0.144927978515625 -0.130722045898437
0.306915283203125 -0.00885009765625 0.0889892578125 -0.1776123046875
0.337249755859375 0.015289306640625 0.0913238525390625 -0.185653686523438
0.296905517578125 0.1241455078125 0.140731811523438 -0.154586791992188
0.152984619140625 0.238540649414063 0.131744384765625 -0.134429931640625
0.00776672363281252 0.2637939453125 0.157211303710938 -0.115310668945312
-0.1903076171875 0.161407470703125 0.255691528320313 -0.135238647460938
-0.277236938476563 0.030609130859375 0.414825439453125 -0.15692138671875
-0.253677368164062 -0.0273590087890625 0.6121826171875 0.02886962890625
-0.494384765625 0.0222778320312499 -0.0430603027343751 -0.3265380859375
-0.466064453125 0.1953125 -0.135604858398438 -0.193099975585938
-0.26263427734375 0.36590576171875 -0.120384216308594 -0.0244216918945312
0.034332275390625 0.42840576171875 -0.0195140838623047 0.0326385498046875
0.2366943359375 0.295013427734375 7.34329223632954E-05 -0.00909042358398436
0.398956298828125 0.098052978515625 0.0442352294921875 -0.0548553466796875
0.372711181640625 -0.065216064453125 0.0113067626953125 -0.0851058959960938
0.34124755859375 -0.045654296875 -0.0327224731445312 -0.112266540527344
0.387603759765625 -0.031585693359375 -0.0311660766601562 -0.138084411621094
0.375244140625 0.094940185546875 0.0223541259765625 -0.158981323242188
0.24676513671875 0.264251708984375 0.0390777587890625 -0.173934936523437
0.08526611328125 0.354278564453125 0.117111206054688 -0.179977416992187
-0.21453857421875 0.300811767578125 0.256805419921875 -0.191818237304687
-0.39874267578125 0.16705322265625 0.3804931640625 -0.144927978515625
-0.41558837890625 0.072784423828125 0.51806640625 0.0198974609375
-0.522796630859375 0.145965576171875 -0.160797119140625 -0.3050537109375
-0.4144287109375 0.309173583984375 -0.182403564453125 -0.155868530273438
-0.178802490234375 0.397430419921875 -0.11590576171875 -0.0424118041992187
0.09381103515625 0.397064208984375 -0.0523681640625 -0.0359535217285156
0.258758544921875 0.248184204101563 -0.0875091552734375 -0.0571746826171875
0.38702392578125 0.05279541015625 -0.08489990234375 -0.0514373779296875
0.34710693359375 -0.0943603515625 -0.115966796875 -0.0232315063476563
0.324371337890625 -0.0723876953125 -0.149810791015625 -0.026885986328125
0.37750244140625 -0.0689697265625 -0.157562255859375 -0.0687408447265625
0.388153076171875 0.053924560546875 -0.112091064453125 -0.140220642089844
0.2886962890625 0.248748779296875 -0.075164794921875 -0.196670532226562
0.13812255859375 0.37823486328125 0.051055908203125 -0.229202270507812
-0.204833984375 0.376373291015625 0.219894409179688 -0.222015380859375
-0.44720458984375 0.266937255859375 0.294677734375 -0.102203369140625
-0.5 0.158721923828125 0.361480712890625 0.02911376953125
-0.484100341796875 0.24761962890625 -0.275436401367188 -0.249343872070312
-0.312774658203125 0.382965087890625 -0.215744018554688 -0.103256225585937
-0.068572998046875 0.38397216796875 -0.107421875 -0.051849365234375
0.1541748046875 0.3109130859375 -0.0892868041992187 -0.0842056274414063
0.25067138671875 0.158218383789063 -0.164260864257812 -0.08148193359375
0.32061767578125 -0.0078125 -0.194595336914062 -0.0309600830078125
0.266311645507813 -0.108154296875 -0.218124389648437 0.045989990234375
0.261032104492188 -0.0891265869140625 -0.2430419921875 0.05987548828125
0.305328369140625 -0.0877685546875 -0.26177978515625 0.00866699218750001
0.326019287109375 0.0113525390625 -0.233749389648437 -0.1090087890625
0.264053344726563 0.18707275390625 -0.17901611328125 -0.198638916015625
0.15032958984375 0.315399169921875 -0.017303466796875 -0.248992919921875
-0.154144287109375 0.356201171875 0.1619873046875 -0.219375610351563
-0.397674560546875 0.30145263671875 0.182830810546875 -0.03875732421875
-0.48126220703125 0.218963623046875 0.176513671875 0.05108642578125
-0.389739990234375 0.303314208984375 -0.378875732421875 -0.1728515625
-0.19403076171875 0.3931884765625 -0.239501953125 -0.039764404296875
0.028839111328125 0.3280029296875 -0.101707458496094 -0.0410537719726562
0.185882568359375 0.196044921875 -0.119743347167969 -0.103263854980469
0.214065551757812 0.0546112060546875 -0.212600708007813 -0.074188232421875
0.216964721679688 -0.0664825439453125 -0.26593017578125 0.00772094726562497
0.150238037109375 -0.109649658203125 -0.282135009765625 0.11102294921875
0.156326293945312 -0.089599609375 -0.29791259765625 0.1376953125
0.185958862304687 -0.087127685546875 -0.328338623046875 0.07586669921875
0.195419311523438 -0.0302734375 -0.319366455078125 -0.076507568359375
0.17950439453125 0.08673095703125 -0.240676879882813 -0.18438720703125
0.129623413085938 0.181396484375 -0.061859130859375 -0.245162963867187
-0.062042236328125 0.252395629882813 0.107681274414063 -0.18603515625
-0.257293701171875 0.275070190429688 0.0789337158203125 0.0347671508789063
-0.366455078125 0.251373291015625 0.00806427001953123 0.0839462280273438
-0.250244140625 0.305908203125 -0.46905517578125 -0.0879211425781251
-0.075958251953125 0.337921142578125 -0.271469116210938 0.025634765625
0.100540161132813 0.23724365234375 -0.109046936035156 -0.0101242065429687
0.184036254882813 0.0782012939453125 -0.14483642578125 -0.0870208740234375
0.150741577148438 -0.0413665771484375 -0.232177734375 -0.0397491455078125
0.0917739868164063 -0.109542846679688 -0.29205322265625 0.0557861328125
0.0169830322265625 -0.094512939453125 -0.30126953125 0.16943359375
0.0285491943359375 -0.0763931274414063 -0.310272216796875 0.193145751953125
0.0362167358398438 -0.072418212890625 -0.347198486328125 0.1204833984375
0.0356521606445313 -0.0705642700195312 -0.34942626953125 -0.04827880859375
0.0659561157226563 -0.0319900512695313 -0.252578735351563 -0.164306640625
0.0913467407226563 0.013031005859375 -0.073089599609375 -0.222198486328125
0.04986572265625 0.107704162597656 0.0767822265625 -0.134620666503906
-0.0627593994140625 0.2152099609375 0.0126419067382813 0.0987319946289063
-0.184906005859375 0.25750732421875 -0.1142578125 0.124298095703125
-0.064849853515625 -0.235809326171875 0.130233764648437 -0.209625244140625
-0.224990844726563 -0.118026733398438 -0.031341552734375 -0.146804809570313
-0.17437744140625 0.10565185546875 -0.102287292480469 0.0918045043945312
-0.025115966796875 0.1865234375 0.0754241943359375 0.222625732421875
0.0667800903320313 0.139289855957031 0.238067626953125 0.142669677734375
0.138809204101563 0.0740585327148438 0.3583984375 -0.024200439453125
0.150360107421875 0.0107879638671875 0.33135986328125 -0.178924560546875
0.124740600585938 0.0392913818359375 0.263763427734375 -0.23345947265625
0.129150390625 0.0712356567382813 0.255233764648438 -0.200454711914063
0.0702896118164062 0.1297607421875 0.262649536132813 -0.099609375
-0.0422210693359375 0.133895874023438 0.215042114257813 -0.042999267578125
-0.132171630859375 0.0610809326171875 0.163070678710938 -0.0072784423828125
-0.138786315917969 -0.110931396484375 0.1973876953125 -0.0269775390625
-0.029937744140625 -0.24114990234375 0.362884521484375 -0.118896484375
0.0972442626953125 -0.234725952148438 0.5968017578125 0.076171875
-0.265731811523438 -0.17193603515625 0.105026245117187 -0.258758544921875
-0.3704833984375 -0.00897216796874999 -0.0536346435546875 -0.168426513671875
-0.247573852539062 0.2281494140625 -0.109664916992188 0.0527801513671875
-0.00653076171874997 0.315582275390625 0.0458526611328125 0.172210693359375
0.154449462890625 0.229446411132813 0.16790771484375 0.1031494140625
0.27362060546875 0.0903778076171875 0.282073974609375 -0.035736083984375
0.268402099609375 -0.0273895263671875 0.251846313476563 -0.164321899414063
0.236114501953125 0.0013427734375 0.18524169921875 -0.216522216796875
0.256179809570313 0.0320587158203125 0.179168701171875 -0.201766967773438
0.203048706054688 0.12689208984375 0.206130981445313 -0.131607055664063
0.063507080078125 0.193069458007813 0.177047729492187 -0.09417724609375
-0.0635986328125 0.171234130859375 0.160324096679688 -0.066802978515625
-0.172775268554688 0.02191162109375 0.227371215820312 -0.0952606201171875
-0.164260864257813 -0.114044189453125 0.3985595703125 -0.1661376953125
-0.0853424072265625 -0.14312744140625 0.63653564453125 0.0245361328125
-0.4189453125 -0.0817871093749999 0.025634765625 -0.291839599609375
-0.456939697265625 0.10589599609375 -0.105606079101563 -0.173309326171875
-0.27874755859375 0.325927734375 -0.123908996582031 0.0202178955078125
0.018402099609375 0.406097412109375 0.012908935546875 0.112457275390625
0.21673583984375 0.28204345703125 0.0846633911132813 0.055328369140625
0.372222900390625 0.088836669921875 0.172409057617188 -0.0421905517578125
0.348724365234375 -0.061126708984375 0.138511657714844 -0.124069213867188
0.31414794921875 -0.0335693359375 0.0805816650390625 -0.164962768554687
0.3502197265625 -0.012451171875 0.07257080078125 -0.171951293945312
0.31744384765625 0.107147216796875 0.11444091796875 -0.151626586914063
0.17205810546875 0.240264892578125 0.109603881835938 -0.141952514648437
0.0177154541015625 0.280120849609375 0.139015197753906 -0.136924743652344
-0.202774047851562 0.178298950195313 0.247909545898437 -0.167205810546875
-0.3011474609375 0.036651611328125 0.40936279296875 -0.189117431640625
-0.273162841796875 -0.0358123779296875 0.6136474609375 -0.0074462890625
-0.50653076171875 0.0362548828125001 -0.0849609375 -0.302764892578125
-0.467803955078125 0.223785400390625 -0.162841796875 -0.161941528320312
-0.2476806640625 0.387603759765625 -0.128265380859375 -0.00247192382812496
0.05926513671875 0.42987060546875 -0.0200881958007812 0.0462493896484375
0.259735107421875 0.28778076171875 -0.00639438629150389 0.00483989715576174
0.41302490234375 0.07421875 0.0402259826660157 -0.0415496826171875
0.375640869140625 -0.087677001953125 0.00932312011718753 -0.0663032531738281
0.34375 -0.06396484375 -0.0409011840820312 -0.0892333984375
0.39276123046875 -0.0531005859375 -0.0505752563476562 -0.114959716796875
0.38653564453125 0.07720947265625 -0.00512695312499998 -0.146957397460937
0.264236450195313 0.261062622070313 0.00621032714843753 -0.178604125976562
0.098602294921875 0.356719970703125 0.0886688232421875 -0.198013305664062
-0.216827392578125 0.312774658203125 0.23779296875 -0.224044799804687
-0.408935546875 0.180999755859375 0.370941162109375 -0.174957275390625
-0.41937255859375 0.0734252929687501 0.51422119140625 -0.0198974609375
-0.517669677734375 0.155670166015625 -0.20648193359375 -0.284210205078125
-0.40679931640625 0.3226318359375 -0.21661376953125 -0.130905151367187
-0.1695556640625 0.408447265625 -0.131858825683594 -0.022216796875
0.10882568359375 0.3961181640625 -0.0634689331054687 -0.0186080932617187
0.27313232421875 0.2403564453125 -0.102203369140625 -0.0401611328125
0.390289306640625 0.034698486328125 -0.0902328491210937 -0.0302581787109375
0.342071533203125 -0.10784912109375 -0.118209838867187 0.00170135498046874
0.32427978515625 -0.083648681640625 -0.152114868164062 0.000839233398437472
0.374176025390625 -0.082855224609375 -0.17132568359375 -0.035980224609375
0.39178466796875 0.038604736328125 -0.139533996582031 -0.121192932128906
0.29736328125 0.240203857421875 -0.106475830078125 -0.192047119140625
0.148895263671875 0.37060546875 0.01715087890625 -0.239639282226562
-0.19677734375 0.383270263671875 0.194747924804688 -0.247283935546875
-0.4407958984375 0.278411865234375 0.278594970703125 -0.132476806640625
-0.490936279296875 0.16558837890625 0.355865478515625 -0.00912475585937499
-0.461700439453125 0.255706787109375 -0.319122314453125 -0.232147216796875
-0.29180908203125 0.383697509765625 -0.24737548828125 -0.0808410644531249
-0.05987548828125 0.376617431640625 -0.124580383300781 -0.0313186645507813
0.157958984375 0.299407958984375 -0.100318908691406 -0.0683746337890625
0.248291015625 0.151321411132813 -0.174789428710937 -0.0592803955078125
0.315643310546875 -0.016326904296875 -0.202667236328125 -0.007415771484375
0.259353637695313 -0.109207153320313 -0.217864990234375 0.0725555419921875
0.253860473632812 -0.0928497314453125 -0.239547729492187 0.0895233154296875
0.29925537109375 -0.093597412109375 -0.267837524414063 0.0393218994140624
0.317108154296875 0.0052490234375 -0.25732421875 -0.0816497802734375
0.2640380859375 0.175140380859375 -0.206558227539063 -0.18280029296875
0.154876708984375 0.305816650390625 -0.048370361328125 -0.254928588867188
-0.141754150390625 0.354827880859375 0.134292602539063 -0.241439819335937
-0.379913330078125 0.30859375 0.16827392578125 -0.0621185302734375
-0.45733642578125 0.22503662109375 0.175003051757813 0.015960693359375
-0.35650634765625 0.311065673828125 -0.417449951171875 -0.160980224609375
-0.16400146484375 0.382720947265625 -0.269012451171875 -0.025177001953125
0.043304443359375 0.31024169921875 -0.11932373046875 -0.0223541259765625
0.1805419921875 0.176406860351563 -0.134719848632812 -0.0878677368164063
0.200653076171875 0.0452728271484375 -0.223342895507812 -0.05340576171875
0.200347900390625 -0.067352294921875 -0.268997192382813 0.0307464599609376
0.143142700195313 -0.0977935791015625 -0.276565551757813 0.135467529296875
0.146774291992188 -0.0843658447265625 -0.290313720703125 0.165283203125
0.174301147460938 -0.0777740478515625 -0.33013916015625 0.102752685546875
0.181045532226563 -0.025909423828125 -0.337738037109375 -0.046844482421875
0.161849975585938 0.0816192626953125 -0.264846801757813 -0.166702270507812
0.122695922851563 0.166290283203125 -0.0892333984375 -0.243087768554687
-0.056243896484375 0.238082885742188 0.083404541015625 -0.201080322265625
-0.23126220703125 0.26898193359375 0.0703048706054687 0.0170974731445313
-0.3333740234375 0.253662109375 0.01226806640625 0.055908203125
-0.213104248046875 0.312225341796875 -0.497100830078125 -0.0780944824218751
-0.0382080078125 0.323486328125 -0.294677734375 0.0368652343750001
0.1180419921875 0.213119506835937 -0.12274169921875 0.00762939453125002
0.176895141601563 0.049468994140625 -0.153976440429687 -0.0681304931640625
0.128936767578125 -0.052734375 -0.2320556640625 -0.0188446044921875
0.0680313110351563 -0.101531982421875 -0.290771484375 0.076263427734375
0.00619506835937499 -0.0756912231445312 -0.2896728515625 0.183135986328125
0.0213279724121094 -0.0642890930175781 -0.299957275390625 0.21295166015625
0.0245094299316406 -0.0568084716796875 -0.346435546875 0.142242431640625
0.0171546936035156 -0.0557899475097656 -0.3646240234375 -0.024749755859375
0.0435981750488281 -0.031707763671875 -0.273330688476563 -0.147018432617188
0.0719680786132813 -0.00019073486328125 -0.0964508056640625 -0.218734741210938
0.0485610961914062 0.0836944580078125 0.0604400634765625 -0.14483642578125
-0.03314208984375 0.196182250976563 0.01385498046875 0.0823287963867188
-0.148406982421875 0.251251220703125 -0.102729797363281 0.0989990234375
-0.0970306396484375 -0.213943481445313 0.119766235351562 -0.180267333984375
-0.231536865234375 -0.075775146484375 -0.0303726196289063 -0.120391845703125
-0.151687622070313 0.128158569335938 -0.0867538452148438 0.100784301757813
0.00654602050781248 0.182205200195313 0.08935546875 0.21295166015625
0.0898513793945313 0.123825073242188 0.241241455078125 0.125930786132813
0.148056030273438 0.0427703857421875 0.349578857421875 -0.04425048828125
0.146331787109375 -0.0142059326171875 0.31787109375 -0.19171142578125
0.126708984375 0.0139541625976563 0.247360229492188 -0.23541259765625
0.135185241699219 0.0408096313476563 0.236862182617188 -0.200881958007813
0.0903396606445313 0.109748840332031 0.2493896484375 -0.103561401367187
-0.016845703125 0.133903503417969 0.20025634765625 -0.052001953125
-0.114089965820312 0.0814895629882813 0.1533203125 -0.02337646484375
-0.150283813476563 -0.081634521484375 0.199310302734375 -0.048309326171875
-0.06842041015625 -0.219573974609375 0.36260986328125 -0.134857177734375
0.058135986328125 -0.232070922851562 0.59832763671875 0.053466796875
-0.289764404296875 -0.150299072265625 0.0849609375 -0.223709106445313
-0.3697509765625 0.032867431640625 -0.0577774047851563 -0.137428283691406
-0.220916748046875 0.250534057617188 -0.10076904296875 0.0667800903320313
0.02716064453125 0.31103515625 0.0564117431640625 0.16949462890625
0.17529296875 0.208084106445313 0.170501708984375 0.097808837890625
0.28118896484375 0.054901123046875 0.274673461914063 -0.0462493896484375
0.26300048828125 -0.054351806640625 0.242340087890625 -0.1639404296875
0.23486328125 -0.02374267578125 0.172271728515625 -0.205673217773438
0.259613037109375 0.00360107421875 0.162139892578125 -0.190628051757813
0.217147827148438 0.106002807617188 0.187896728515625 -0.128021240234375
0.087677001953125 0.193771362304688 0.155181884765625 -0.0975494384765625
-0.0491790771484375 0.184722900390625 0.142303466796875 -0.0821685791015625
-0.185226440429688 0.0470428466796875 0.21954345703125 -0.118316650390625
-0.19525146484375 -0.0965423583984375 0.387908935546875 -0.184844970703125
-0.116409301757812 -0.144454956054688 0.626708984375 -0.00244140625000001
-0.43438720703125 -0.0613708496093751 -0.000122070312500029 -0.254531860351563
-0.451263427734375 0.139984130859375 -0.111862182617188 -0.140670776367188
-0.2542724609375 0.342437744140625 -0.116737365722656 0.0399703979492188
0.049835205078125 0.396392822265625 0.02142333984375 0.11669921875
0.237274169921875 0.262939453125 0.0866165161132813 0.0591506958007813
0.37347412109375 0.05908203125 0.166534423828125 -0.041015625
0.33990478515625 -0.08526611328125 0.134284973144531 -0.1142578125
0.309967041015625 -0.0570068359375 0.0727386474609375 -0.145233154296875
0.34735107421875 -0.03961181640625 0.0606689453125 -0.152603149414063
0.324493408203125 0.086181640625 0.0944061279296875 -0.137481689453125
0.19171142578125 0.234710693359375 0.0797271728515625 -0.138870239257812
0.03192138671875 0.2841796875 0.112152099609375 -0.145904541015625
-0.208099365234375 0.192047119140625 0.22894287109375 -0.1875
-0.31939697265625 0.0514526367187499 0.38787841796875 -0.2091064453125
-0.29034423828125 -0.033416748046875 0.596435546875 -0.0389404296875
-0.507965087890625 0.0486145019531249 -0.115509033203125 -0.264602661132812
-0.45574951171875 0.24505615234375 -0.175399780273438 -0.124282836914063
-0.231842041015625 0.39776611328125 -0.1268310546875 0.020294189453125
0.08111572265625 0.42425537109375 -0.0192985534667969 0.0566825866699219
0.273529052734375 0.271530151367188 -0.00862121582031248 0.0176124572753906
0.410491943359375 0.046875 0.03668212890625 -0.0306625366210937
0.36492919921875 -0.105712890625 0.00998687744140627 -0.0476799011230469
0.338531494140625 -0.08343505859375 -0.0402565002441406 -0.0634994506835938
0.38726806640625 -0.075347900390625 -0.0549850463867187 -0.0876007080078125
0.386810302734375 0.057891845703125 -0.0244827270507812 -0.125129699707031
0.2747802734375 0.248794555664063 -0.0206298828125 -0.16632080078125
0.1090087890625 0.354461669921875 0.056884765625 -0.203399658203125
-0.212921142578125 0.321533203125 0.209716796875 -0.24090576171875
-0.40972900390625 0.1912841796875 0.345123291015625 -0.196807861328125
-0.4222412109375 0.0740966796875001 0.492218017578125 -0.05078125
-0.506500244140625 0.158294677734375 -0.23681640625 -0.247894287109375
-0.388824462890625 0.326629638671875 -0.22998046875 -0.094146728515625
-0.158905029296875 0.40673828125 -0.132164001464844 0.00308990478515629
0.11883544921875 0.38543701171875 -0.0637969970703125 -0.00421142578124999
0.272628784179688 0.23028564453125 -0.101829528808594 -0.019012451171875
0.3870849609375 0.019775390625 -0.09222412109375 -0.0106964111328125
0.334564208984375 -0.11322021484375 -0.109909057617187 0.0247726440429688
0.3172607421875 -0.094635009765625 -0.142776489257812 0.0288238525390625
0.36651611328125 -0.095184326171875 -0.168838500976562 -0.00889587402343748
0.382232666015625 0.02496337890625 -0.153656005859375 -0.0917205810546875
0.300750732421875 0.22686767578125 -0.134017944335937 -0.170166015625
0.156005859375 0.360687255859375 -0.014068603515625 -0.234786987304687
-0.1893310546875 0.37994384765625 0.161483764648438 -0.263900756835938
-0.428558349609375 0.28460693359375 0.254837036132813 -0.150894165039062
-0.47576904296875 0.165130615234375 0.3336181640625 -0.0367431640625
-0.438751220703125 0.25189208984375 -0.3499755859375 -0.20037841796875
-0.272125244140625 0.37066650390625 -0.266265869140625 -0.0500946044921875
-0.054412841796875 0.366607666015625 -0.130531311035156 -0.00626373291015623
0.152374267578125 0.288909912109375 -0.106193542480469 -0.0492706298828125
0.243392944335938 0.145355224609375 -0.177581787109375 -0.0369415283203125
0.304931640625 -0.018157958984375 -0.19830322265625 0.017791748046875
0.2525634765625 -0.106475830078125 -0.20587158203125 0.0961456298828125
0.247573852539063 -0.0921478271484375 -0.225189208984375 0.115966796875
0.289642333984375 -0.0928955078125 -0.261444091796875 0.0704193115234375
0.30419921875 0.00152587890625 -0.265762329101563 -0.051025390625
0.255706787109375 0.16595458984375 -0.228118896484375 -0.15850830078125
0.153045654296875 0.2891845703125 -0.0787811279296875 -0.242507934570313
-0.13299560546875 0.3427734375 0.1011962890625 -0.245697021484375
-0.3583984375 0.3028564453125 0.148361206054687 -0.0782318115234375
-0.432281494140625 0.220550537109375 0.15899658203125 -0.00988769531249999
-0.32061767578125 0.302459716796875 -0.442901611328125 -0.134613037109375
-0.1361083984375 0.3604736328125 -0.2890625 0.000305175781249984
0.046966552734375 0.284698486328125 -0.128761291503906 -0.000236511230468714
0.167816162109375 0.158477783203125 -0.137481689453125 -0.067169189453125
0.18280029296875 0.042999267578125 -0.222183227539063 -0.03216552734375
0.185745239257813 -0.057464599609375 -0.263076782226562 0.0535888671875
0.135169982910156 -0.0865325927734375 -0.261810302734375 0.154571533203125
0.141937255859375 -0.07550048828125 -0.2725830078125 0.184677124023438
0.168060302734375 -0.0708465576171875 -0.318511962890625 0.131927490234375
0.168716430664063 -0.017364501953125 -0.3380126953125 -0.0164794921874999
0.149581909179688 0.079193115234375 -0.277908325195312 -0.141769409179687
0.109710693359375 0.154373168945313 -0.113876342773437 -0.230087280273438
-0.053314208984375 0.218215942382813 0.0568084716796875 -0.201873779296875
-0.208099365234375 0.252487182617188 0.0585823059082031 0.00042343139648439
-0.300262451171875 0.238555908203125 0.0034351348876953 0.0302715301513672
-0.168609619140625 0.305145263671875 -0.51177978515625 -0.0586242675781249
-0.00888061523437498 0.297149658203125 -0.3114013671875 0.0546875
0.126083374023438 0.18292236328125 -0.126701354980469 0.0276336669921875
0.15850830078125 0.0288543701171875 -0.154052734375 -0.0496978759765625
0.106002807617188 -0.0549545288085938 -0.226486206054688 -0.00541687011718754
0.0486679077148437 -0.0875015258789063 -0.280548095703125 0.0915069580078125
0.000301361083984374 -0.0537071228027344 -0.275527954101563 0.196182250976562
0.0163803100585938 -0.0457649230957031 -0.280670166015625 0.224624633789062
0.0219459533691406 -0.0365371704101563 -0.331634521484375 0.162689208984375
0.00529289245605469 -0.0321884155273438 -0.360687255859375 0.00256347656249993
0.0209941864013672 -0.0223426818847656 -0.279495239257813 -0.127304077148437
0.04949951171875 -0.00546646118164063 -0.113967895507813 -0.206832885742187
0.0420989990234375 0.0610084533691406 0.03887939453125 -0.146209716796875
-0.0167694091796875 0.169509887695313 0.00783920288085938 0.0656661987304688
-0.111968994140625 0.228652954101563 -0.101310729980469 0.07354736328125
-0.115234375 -0.187225341796875 0.119766235351562 -0.150192260742188
-0.22442626953125 -0.0414886474609375 -0.0228195190429688 -0.0997085571289063
-0.128181457519531 0.13848876953125 -0.0724716186523438 0.103569030761719
0.029693603515625 0.171539306640625 0.0971832275390625 0.20196533203125
0.101577758789062 0.105941772460937 0.237625122070313 0.113967895507812
0.145355224609375 0.0173187255859375 0.33734130859375 -0.05426025390625
0.137290954589844 -0.0348663330078125 0.3052978515625 -0.193145751953125
0.121505737304688 -0.00611114501953125 0.235122680664063 -0.229217529296875
0.132400512695313 0.0169448852539063 0.226318359375 -0.193984985351563
0.100944519042969 0.0885086059570313 0.2379150390625 -0.0991973876953125
0.00484466552734376 0.127418518066406 0.186248779296875 -0.0531005859375
-0.0949325561523437 0.0900115966796875 0.140975952148438 -0.0309906005859375
-0.150054931640625 -0.05523681640625 0.193634033203125 -0.0634918212890625
-0.0882720947265625 -0.19219970703125 0.356109619140625 -0.14434814453125
0.0294189453125 -0.218582153320312 0.590576171875 0.0430908203125
-0.301849365234375 -0.127685546875 0.08013916015625 -0.187591552734375
-0.3580322265625 0.061798095703125 -0.051544189453125 -0.112373352050781
-0.197708129882812 0.257354736328125 -0.0901260375976563 0.073883056640625
0.04986572265625 0.29632568359375 0.062957763671875 0.164794921875
0.184890747070313 0.187423706054688 0.169189453125 0.094879150390625
0.274932861328125 0.0277557373046875 0.26495361328125 -0.0477294921875
0.251434326171875 -0.072296142578125 0.236907958984375 -0.158645629882813
0.22802734375 -0.0413970947265625 0.167373657226563 -0.193771362304687
0.253433227539063 -0.0203704833984375 0.156539916992188 -0.17608642578125
0.224639892578125 0.0872650146484375 0.17633056640625 -0.116119384765625
0.104522705078125 0.187347412109375 0.137107849121094 -0.0927658081054687
-0.035369873046875 0.191452026367187 0.123634338378906 -0.0849990844726562
-0.188552856445313 0.0660552978515625 0.207077026367188 -0.12994384765625
-0.214004516601563 -0.07666015625 0.375030517578125 -0.193206787109375
-0.140457153320313 -0.137008666992188 0.6092529296875 -0.01226806640625
-0.438201904296875 -0.0477294921875 -0.00819396972656253 -0.214859008789063
-0.437469482421875 0.1610107421875 -0.106033325195313 -0.110748291015625
-0.233734130859375 0.34661865234375 -0.107246398925781 0.0528945922851563
0.0673828125 0.3824462890625 0.0264968872070312 0.118797302246094
0.243545532226563 0.243057250976563 0.0861663818359375 0.0647354125976563
0.364410400390625 0.03436279296875 0.1619873046875 -0.0370941162109375
0.32757568359375 -0.09991455078125 0.135597229003906 -0.103126525878906
0.300872802734375 -0.072265625 0.0741195678710938 -0.128730773925781
0.339141845703125 -0.05731201171875 0.05950927734375 -0.132499694824219
0.324951171875 0.070404052734375 0.083343505859375 -0.1187744140625
0.20172119140625 0.22796630859375 0.0613555908203125 -0.128135681152344
0.040130615234375 0.284820556640625 0.089508056640625 -0.1451416015625
-0.211685180664062 0.2030029296875 0.207809448242187 -0.197250366210938
-0.33074951171875 0.0628662109375001 0.36956787109375 -0.216461181640625
-0.302947998046875 -0.03399658203125 0.56982421875 -0.05035400390625
-0.50579833984375 0.0521240234374999 -0.1256103515625 -0.224166870117187
-0.443634033203125 0.253082275390625 -0.172210693359375 -0.092742919921875
-0.21978759765625 0.398101806640625 -0.119903564453125 0.037078857421875
0.092559814453125 0.412322998046875 -0.0141448974609375 0.0653610229492188
0.275802612304688 0.256576538085938 -0.00601768493652342 0.0297012329101563
0.400634765625 0.03033447265625 0.0390434265136719 -0.0193023681640625
0.3546142578125 -0.113861083984375 0.0180397033691406 -0.0332756042480469
0.32965087890625 -0.091461181640625 -0.0306205749511719 -0.044342041015625
0.376922607421875 -0.085174560546875 -0.0519905090332031 -0.0648880004882813
0.380615234375 0.04644775390625 -0.0325088500976562 -0.100776672363281
0.275543212890625 0.240585327148437 -0.038360595703125 -0.148590087890625
0.111083984375 0.348175048828125 0.03271484375 -0.194778442382812
-0.214019775390625 0.32073974609375 0.183486938476563 -0.245834350585937
-0.410491943359375 0.193359375 0.318817138671875 -0.20501708984375
-0.42169189453125 0.0691223144531249 0.464508056640625 -0.062835693359375
-0.496429443359375 0.151458740234375 -0.249191284179687 -0.210556030273438
-0.3807373046875 0.32000732421875 -0.230560302734375 -0.062896728515625
-0.155975341796875 0.40032958984375 -0.127723693847656 0.0238418579101563
0.119537353515625 0.37701416015625 -0.0592727661132812 0.00976943969726564
0.270904541015625 0.22406005859375 -0.09832763671875 -0.00121307373046875
0.376495361328125 0.0125732421875 -0.085479736328125 0.00467681884765624
0.326904296875 -0.1136474609375 -0.0967559814453125 0.0395889282226562
0.309814453125 -0.096832275390625 -0.128746032714844 0.0467376708984375
0.356781005859375 -0.097137451171875 -0.159591674804687 0.0143585205078125
0.372528076171875 0.0220947265625 -0.155746459960937 -0.065643310546875
0.293731689453125 0.220123291015625 -0.146530151367187 -0.149063110351562
0.151885986328125 0.351654052734375 -0.0374298095703125 -0.222686767578125
-0.18963623046875 0.371978759765625 0.132492065429688 -0.260467529296875
-0.419921875 0.276519775390625 0.229888916015625 -0.15631103515625
-0.467132568359375 0.152313232421875 0.30889892578125 -0.053558349609375
-0.420562744140625 0.234649658203125 -0.361328125 -0.170654296875
-0.263702392578125 0.348907470703125 -0.271377563476563 -0.0222930908203125
-0.060455322265625 0.35235595703125 -0.128898620605469 0.015838623046875
0.14111328125 0.280792236328125 -0.102752685546875 -0.0322189331054687
0.23248291015625 0.146102905273438 -0.172714233398437 -0.01922607421875
0.295989990234375 -0.013702392578125 -0.188186645507812 0.03424072265625
0.249847412109375 -0.0985107421875 -0.188919067382813 0.108306884765625
0.244094848632813 -0.087677001953125 -0.206878662109375 0.129669189453125
0.282867431640625 -0.087005615234375 -0.24786376953125 0.0892486572265624
0.29412841796875 0.006103515625 -0.261962890625 -0.0253753662109375
0.242828369140625 0.165573120117187 -0.23406982421875 -0.136138916015625
0.142578125 0.279739379882812 -0.09765625 -0.2264404296875
-0.135406494140625 0.326873779296875 0.076446533203125 -0.239944458007812
-0.346466064453125 0.287841796875 0.127471923828125 -0.0824508666992187
-0.414306640625 0.201934814453125 0.138229370117187 -0.02593994140625
-0.297027587890625 0.280517578125 -0.450042724609375 -0.113616943359375
-0.12811279296875 0.32916259765625 -0.297576904296875 0.02142333984375
0.0399169921875 0.263351440429688 -0.126106262207031 0.0194625854492187
0.149032592773438 0.15008544921875 -0.1337890625 -0.0506362915039062
0.16741943359375 0.0476837158203125 -0.213363647460938 -0.017303466796875
0.175994873046875 -0.044647216796875 -0.251968383789063 0.0657196044921875
0.135444641113281 -0.0716171264648438 -0.246688842773437 0.161972045898438
0.14111328125 -0.064910888671875 -0.254302978515625 0.1923828125
0.165863037109375 -0.0585174560546875 -0.302947998046875 0.1444091796875
0.159530639648438 -0.0033721923828125 -0.33087158203125 0.00534057617187494
0.135398864746094 0.0862579345703125 -0.278884887695313 -0.120452880859375
0.0930023193359375 0.149581909179688 -0.126785278320313 -0.214309692382813
-0.060333251953125 0.200439453125 0.03692626953125 -0.193283081054688
-0.198455810546875 0.229583740234375 0.0443077087402344 -0.00573348999023436
-0.279815673828125 0.213241577148437 -0.0102996826171875 0.0100679397583008
-0.1409912109375 0.281829833984375 -0.516265869140625 -0.0451965332031251
0.00209045410156252 0.26580810546875 -0.31719970703125 0.07073974609375
0.119400024414063 0.157562255859375 -0.125282287597656 0.0440673828125
0.138412475585938 0.0181884765625 -0.147171020507813 -0.036407470703125
0.0867156982421875 -0.0491104125976563 -0.2159423828125 0.00387573242187498
0.0384330749511719 -0.0687179565429688 -0.26629638671875 0.097381591796875
0.00408935546875 -0.03546142578125 -0.261123657226563 0.197540283203125
0.0186691284179688 -0.0317649841308594 -0.264129638671875 0.226486206054687
0.0256729125976563 -0.0197830200195313 -0.31829833984375 0.170257568359375
0.00182723999023437 -0.0119647979736328 -0.35284423828125 0.0176391601562499
0.00699138641357422 -0.00692272186279297 -0.278289794921875 -0.110671997070313
0.0303230285644531 -0.00329971313476562 -0.12298583984375 -0.19439697265625
0.0285911560058594 0.0445518493652344 0.0234832763671875 -0.1417236328125
-0.0117034912109375 0.139205932617188 -0.00215911865234375 0.0526542663574219
-0.0927581787109375 0.198989868164063 -0.106765747070313 0.047576904296875
-0.123260498046875 -0.1658935546875 0.130790710449219 -0.123870849609375
-0.214126586914063 -0.0193634033203125 -0.01007080078125 -0.0851516723632813
-0.110137939453125 0.142181396484375 -0.063262939453125 0.102920532226563
0.0445709228515625 0.159820556640625 0.0991668701171875 0.194686889648438
0.107284545898437 0.0914688110351563 0.23431396484375 0.111038208007813
0.139427185058594 -0.00054931640625 0.33062744140625 -0.0562744140625
0.128570556640625 -0.0481185913085938 0.301788330078125 -0.190338134765625
0.115142822265625 -0.0191192626953125 0.233169555664063 -0.222000122070313
0.126731872558594 -0.00051116943359375 0.226119995117188 -0.185516357421875
0.104927062988281 0.0713577270507813 0.236007690429687 -0.090576171875
0.0188827514648438 0.118743896484375 0.17822265625 -0.0476837158203125
-0.0810546875 0.0934600830078125 0.131942749023438 -0.0318603515625
-0.145355224609375 -0.036712646484375 0.19036865234375 -0.0721893310546875
-0.097808837890625 -0.169677734375 0.357086181640625 -0.14825439453125
0.011077880859375 -0.203933715820313 0.5888671875 0.0469970703125
-0.30865478515625 -0.112945556640625 0.08843994140625 -0.157318115234375
-0.34820556640625 0.078521728515625 -0.038543701171875 -0.0936737060546875
-0.183395385742188 0.258758544921875 -0.0810394287109375 0.0774002075195313
0.061187744140625 0.284515380859375 0.0654754638671875 0.162796020507813
0.1881103515625 0.173934936523438 0.167251586914063 0.0973052978515625
0.266937255859375 0.0124969482421875 0.261672973632813 -0.044677734375
0.242279052734375 -0.0826416015625 0.2392578125 -0.152114868164063
0.22271728515625 -0.05230712890625 0.1715087890625 -0.182861328125
0.248580932617187 -0.033843994140625 0.1585693359375 -0.163497924804688
0.227691650390625 0.0744781494140625 0.174880981445313 -0.102462768554688
0.115386962890625 0.1834716796875 0.127159118652344 -0.0830459594726562
-0.0263214111328125 0.196563720703125 0.111442565917969 -0.0828399658203125
-0.190933227539063 0.0808563232421875 0.198486328125 -0.13616943359375
-0.227386474609375 -0.0613555908203125 0.370758056640625 -0.192962646484375
-0.158889770507813 -0.13140869140625 0.6002197265625 -0.00683593750000001
-0.4443359375 -0.0423278808593751 -0.00234985351562505 -0.182327270507813
-0.43109130859375 0.1705322265625 -0.0947036743164063 -0.09027099609375
-0.225494384765625 0.3463134765625 -0.09765625 0.060638427734375
0.07403564453125 0.372955322265625 0.0307159423828125 0.121002197265625
0.244400024414063 0.233383178710938 0.0875167846679688 0.0719146728515625
0.355926513671875 0.02362060546875 0.162628173828125 -0.0298309326171875
0.321258544921875 -0.1060791015625 0.143264770507813 -0.09454345703125
0.29815673828125 -0.07861328125 0.0835494995117188 -0.115898132324219
0.334930419921875 -0.0654296875 0.0645294189453125 -0.117301940917969
0.3245849609375 0.0634765625 0.0823974609375 -0.100982666015625
0.207717895507813 0.226028442382813 0.0511550903320313 -0.1153564453125
0.042205810546875 0.28973388671875 0.0752639770507812 -0.138954162597656
-0.218765258789063 0.211944580078125 0.195037841796875 -0.20001220703125
-0.343231201171875 0.069427490234375 0.35791015625 -0.215423583984375
-0.31817626953125 -0.03662109375 0.55584716796875 -0.04583740234375
-0.510894775390625 0.0470886230468751 -0.1234130859375 -0.193359375
-0.44256591796875 0.25164794921875 -0.162246704101563 -0.069976806640625
-0.220733642578125 0.39654541015625 -0.111610412597656 0.0487136840820313
0.093231201171875 0.406646728515625 -0.0093536376953125 0.0719375610351563
0.273330688476563 0.252975463867188 -0.00218582153320311 0.0409889221191406
0.394989013671875 0.024932861328125 0.0433235168457031 -0.00967025756835937
0.351776123046875 -0.11474609375 0.0293941497802735 -0.0241718292236328
0.328094482421875 -0.0931396484375 -0.0176753997802734 -0.0313549041748047
0.374176025390625 -0.08831787109375 -0.0436019897460937 -0.0486221313476563
0.377899169921875 0.0447998046875 -0.0318679809570312 -0.081695556640625
0.274383544921875 0.24298095703125 -0.047454833984375 -0.133346557617187
0.106475830078125 0.35198974609375 0.0179901123046875 -0.185943603515625
-0.22393798828125 0.3233642578125 0.167022705078125 -0.24432373046875
-0.420257568359375 0.1922607421875 0.30572509765625 -0.201934814453125
-0.430999755859375 0.05792236328125 0.446075439453125 -0.0625
-0.4989013671875 0.13714599609375 -0.250335693359375 -0.18414306640625
-0.3848876953125 0.310302734375 -0.225418090820313 -0.0406341552734375
-0.16436767578125 0.399169921875 -0.120086669921875 0.0380020141601563
0.112823486328125 0.37774658203125 -0.0540771484375 0.0197105407714844
0.267410278320313 0.228012084960938 -0.0926589965820313 0.0106353759765625
0.37176513671875 0.015899658203125 -0.0792236328125 0.0142440795898437
0.328765869140625 -0.109649658203125 -0.083831787109375 0.0480422973632813
0.31060791015625 -0.09375 -0.114341735839844 0.0572128295898437
0.356689453125 -0.093841552734375 -0.150238037109375 0.028228759765625
0.369293212890625 0.026947021484375 -0.15228271484375 -0.0478363037109375
0.2886962890625 0.224578857421875 -0.151779174804688 -0.133132934570313
0.14263916015625 0.35308837890625 -0.050048828125 -0.211349487304688
-0.201141357421875 0.36602783203125 0.116073608398437 -0.255035400390625
-0.425018310546875 0.268829345703125 0.213668823242187 -0.154037475585937
-0.468597412109375 0.13427734375 0.288330078125 -0.0560302734375
-0.4205322265625 0.212890625 -0.365478515625 -0.1513671875
-0.271240234375 0.331451416015625 -0.27313232421875 -0.00256347656249995
-0.074798583984375 0.345062255859375 -0.123489379882813 0.0304183959960938
0.128173828125 0.283203125 -0.097412109375 -0.0219345092773438
0.226730346679688 0.155136108398438 -0.166107177734375 -0.00825500488281252
0.29351806640625 -0.003509521484375 -0.181320190429687 0.0423431396484375
0.254638671875 -0.09014892578125 -0.177780151367187 0.113372802734375
0.246795654296875 -0.0800323486328125 -0.193634033203125 0.136077880859375
0.28594970703125 -0.078521728515625 -0.23822021484375 0.10040283203125
0.291168212890625 0.017730712890625 -0.257125854492188 -0.00993347167968754
0.233810424804688 0.173690795898438 -0.235565185546875 -0.122085571289063
0.129150390625 0.28192138671875 -0.10675048828125 -0.2142333984375
-0.147552490234375 0.3175048828125 0.0609893798828125 -0.231613159179688
-0.3489990234375 0.268798828125 0.112693786621094 -0.0812911987304687
-0.41229248046875 0.17779541015625 0.118614196777344 -0.0338516235351562
-0.291748046875 0.255157470703125 -0.45758056640625 -0.1024169921875
-0.1326904296875 0.306549072265625 -0.30316162109375 0.036712646484375
0.0239105224609375 0.251602172851563 -0.123031616210937 0.0339126586914062
0.129669189453125 0.152328491210938 -0.127555847167969 -0.0401687622070312
0.15679931640625 0.05908203125 -0.205963134765625 -0.01080322265625
0.173980712890625 -0.0281829833984375 -0.244003295898438 0.07037353515625
0.142105102539063 -0.058746337890625 -0.238143920898438 0.162734985351563
0.145706176757813 -0.054443359375 -0.243698120117187 0.194488525390625
0.171295166015625 -0.0458526611328125 -0.294586181640625 0.15106201171875
0.159942626953125 0.0121612548828125 -0.3255615234375 0.01495361328125
0.125389099121094 0.0986099243164062 -0.27813720703125 -0.10968017578125
0.076324462890625 0.15350341796875 -0.132614135742188 -0.203140258789062
-0.0759735107421875 0.1893310546875 0.024688720703125 -0.185989379882813
-0.201461791992188 0.207565307617188 0.0306587219238281 -0.00803947448730468
-0.275115966796875 0.18695068359375 -0.0260868072509766 -0.00487899780273436
-0.130783081054687 0.259201049804688 -0.5225830078125 -0.0445556640624999
0.00181579589843749 0.241607666015625 -0.325164794921875 0.080474853515625
0.107040405273438 0.14202880859375 -0.121528625488281 0.0558700561523438
0.118896484375 0.0164642333984375 -0.1407470703125 -0.029571533203125
0.07427978515625 -0.0387039184570313 -0.207473754882813 0.00540161132812502
0.0356979370117188 -0.050323486328125 -0.259307861328125 0.0963897705078125
0.0112991333007813 -0.020965576171875 -0.25616455078125 0.192901611328125
0.0241966247558594 -0.0206680297851563 -0.257217407226563 0.223678588867187
0.0329017639160156 -0.00667572021484375 -0.3126220703125 0.17034912109375
0.00512027740478516 0.00588274002075195 -0.348114013671875 0.02301025390625
-0.00148582458496094 0.00895786285400391 -0.275650024414062 -0.10394287109375
0.015110969543457 0.00331497192382813 -0.126602172851563 -0.186752319335938
0.0128669738769531 0.03399658203125 0.0141525268554688 -0.136375427246094
-0.0173797607421875 0.115852355957031 -0.0128440856933594 0.0454673767089844
-0.087432861328125 0.172271728515625 -0.119590759277344 0.02630615234375
-0.128555297851563 -0.150436401367187 0.14849853515625 -0.104263305664063
-0.206771850585938 -0.00238037109375002 0.00396728515624998 -0.0762176513671875
-0.0969085693359375 0.145889282226563 -0.0567398071289062 0.103828430175781
0.0560760498046875 0.151748657226563 0.1019287109375 0.19384765625
0.111930847167969 0.0797653198242188 0.23651123046875 0.113296508789063
0.133995056152344 -0.0148086547851563 0.334320068359375 -0.056396484375
0.121833801269531 -0.0596466064453125 0.30841064453125 -0.19171142578125
0.110458374023438 -0.0301284790039063 0.24029541015625 -0.221099853515625
0.12237548828125 -0.0142135620117188 0.233383178710938 -0.182418823242188
0.107589721679688 0.0588455200195313 0.242828369140625 -0.08599853515625
0.0295944213867188 0.111732482910156 0.177581787109375 -0.0422821044921875
-0.0704879760742188 0.0958938598632812 0.127265930175781 -0.031036376953125
-0.140975952148438 -0.0231170654296875 0.191635131835937 -0.0809478759765625
-0.103790283203125 -0.154388427734375 0.366424560546875 -0.1527099609375
-0.000579833984374999 -0.19342041015625 0.6033935546875 0.055908203125
-0.319244384765625 -0.103271484375 0.10394287109375 -0.13458251953125
-0.346588134765625 0.0931396484375 -0.0255584716796875 -0.0825729370117188
-0.17681884765625 0.26446533203125 -0.0744705200195313 0.08123779296875
0.0692901611328125 0.279678344726563 0.0689239501953125 0.164718627929688
0.192855834960937 0.167251586914062 0.171096801757813 0.102630615234375
0.26361083984375 0.0016937255859375 0.265960693359375 -0.0415496826171875
0.240829467773438 -0.0919952392578125 0.249252319335938 -0.151046752929687
0.222396850585938 -0.0620269775390625 0.182403564453125 -0.178085327148438
0.249099731445313 -0.04541015625 0.168289184570313 -0.157196044921875
0.233978271484375 0.0658111572265625 0.1815185546875 -0.09228515625
0.12591552734375 0.18206787109375 0.124298095703125 -0.0746536254882812
-0.01995849609375 0.205520629882813 0.104454040527344 -0.0802841186523437
-0.19586181640625 0.0957183837890625 0.1973876953125 -0.142974853515625
-0.24169921875 -0.04931640625 0.37652587890625 -0.195404052734375
-0.177169799804688 -0.12847900390625 0.60906982421875 0.00335693359374999
-0.46014404296875 -0.038330078125 0.00857543945312495 -0.159820556640625
-0.435516357421875 0.17962646484375 -0.082855224609375 -0.07598876953125
-0.22503662109375 0.353790283203125 -0.0914535522460938 0.067291259765625
0.07879638671875 0.3740234375 0.0339584350585938 0.125946044921875
0.250595092773438 0.23284912109375 0.0915069580078125 0.0804901123046875
0.356842041015625 0.016815185546875 0.168289184570313 -0.023712158203125
0.32427978515625 -0.112884521484375 0.155670166015625 -0.0903778076171875
0.30126953125 -0.085418701171875 0.096527099609375 -0.110099792480469
0.3406982421875 -0.07415771484375 0.0739517211914063 -0.106735229492188
0.333648681640625 0.0599365234375 0.08819580078125 -0.0882186889648438
0.216873168945313 0.23162841796875 0.0465774536132813 -0.10565185546875
0.045074462890625 0.302154541015625 0.0659713745117188 -0.134780883789063
-0.23046875 0.224899291992188 0.18994140625 -0.204086303710938
-0.362518310546875 0.077728271484375 0.3597412109375 -0.21661376953125
-0.339691162109375 -0.04058837890625 0.556365966796875 -0.037506103515625
-0.528594970703125 0.0437927246093749 -0.11798095703125 -0.17205810546875
-0.455078125 0.256591796875 -0.15411376953125 -0.0552215576171875
-0.228118896484375 0.40655517578125 -0.104385375976563 0.0586929321289063
0.0924072265625 0.413116455078125 -0.0042724609375 0.0778732299804688
0.280487060546875 0.258926391601563 0.00287628173828126 0.0503501892089844
0.397857666015625 0.0255126953125 0.0484161376953125 -0.00171279907226562
0.3604736328125 -0.117767333984375 0.0418167114257813 -0.019378662109375
0.336029052734375 -0.096435546875 -0.00433349609374998 -0.0246543884277344
0.38214111328125 -0.09112548828125 -0.0360908508300781 -0.0378074645996094
0.387664794921875 0.048126220703125 -0.0280838012695312 -0.068115234375
0.28192138671875 0.253021240234375 -0.0525054931640625 -0.12249755859375
0.105438232421875 0.364410400390625 0.00794982910156252 -0.179595947265625
-0.239410400390625 0.33349609375 0.15869140625 -0.245803833007812
-0.441375732421875 0.19464111328125 0.30108642578125 -0.203033447265625
-0.453216552734375 0.0478210449218749 0.441162109375 -0.0574951171875
-0.517120361328125 0.125885009765625 -0.2525634765625 -0.165267944335938
-0.401611328125 0.310211181640625 -0.223388671875 -0.02288818359375
-0.1800537109375 0.40673828125 -0.114990234375 0.0493316650390625
0.107421875 0.389434814453125 -0.0490913391113281 0.0272865295410157
0.272003173828125 0.237823486328125 -0.0876312255859375 0.0201187133789063
0.379058837890625 0.021240234375 -0.0736083984375 0.0220489501953125
0.340423583984375 -0.108642578125 -0.0735855102539062 0.0536041259765625
0.320831298828125 -0.0931396484375 -0.103981018066406 0.063629150390625
0.367767333984375 -0.092437744140625 -0.14483642578125 0.0393829345703125
0.378509521484375 0.03472900390625 -0.151016235351563 -0.033843994140625
0.292755126953125 0.237030029296875 -0.157455444335937 -0.123016357421875
0.136199951171875 0.36614990234375 -0.06005859375 -0.204940795898437
-0.21856689453125 0.3734130859375 0.106338500976562 -0.253311157226562
-0.446044921875 0.263824462890625 0.20587158203125 -0.15240478515625
-0.486175537109375 0.11968994140625 0.278488159179687 -0.0552978515625
-0.43621826171875 0.197509765625 -0.375518798828125 -0.139739990234375
-0.289215087890625 0.324188232421875 -0.277435302734375 0.0138092041015625
-0.092987060546875 0.352294921875 -0.119682312011719 0.0426025390625
0.1181640625 0.29632568359375 -0.0921478271484375 -0.0140228271484375
0.228286743164063 0.169723510742188 -0.162460327148437 -0.00157165527343748
0.301116943359375 0.00738525390625 -0.17779541015625 0.0489044189453125
0.267837524414063 -0.084930419921875 -0.171951293945312 0.118011474609375
0.25750732421875 -0.076416015625 -0.18634033203125 0.142410278320313
0.2979736328125 -0.072357177734375 -0.235214233398438 0.110015869140625
0.299072265625 0.028717041015625 -0.2569580078125 0.00125122070312499
0.233840942382812 0.190185546875 -0.240478515625 -0.113250732421875
0.11944580078125 0.2930908203125 -0.11474609375 -0.208038330078125
-0.167816162109375 0.317657470703125 0.0518646240234375 -0.227508544921875
-0.366363525390625 0.260650634765625 0.103309631347656 -0.0792236328125
-0.42584228515625 0.158905029296875 0.104736328125 -0.0391464233398437
-0.299102783203125 0.237823486328125 -0.47332763671875 -0.0981445312499999
-0.147003173828125 0.293670654296875 -0.313720703125 0.05035400390625
0.00686645507812499 0.250885009765625 -0.120292663574219 0.0450973510742188
0.116714477539063 0.161102294921875 -0.1234130859375 -0.0350341796875
0.1536865234375 0.0733489990234375 -0.204208374023438 -0.00653076171874997
0.1807861328125 -0.0139617919921875 -0.24322509765625 0.0739898681640625
0.154373168945313 -0.049560546875 -0.237533569335938 0.16558837890625
0.156021118164063 -0.0482025146484375 -0.241363525390625 0.19830322265625
0.183273315429688 -0.03717041015625 -0.295013427734375 0.15826416015625
0.167510986328125 0.0260772705078125 -0.328826904296875 0.023468017578125
0.122993469238281 0.114791870117188 -0.282562255859375 -0.104461669921875
0.065338134765625 0.163803100585938 -0.138168334960938 -0.198501586914063
-0.09368896484375 0.186233520507813 0.0175018310546875 -0.181732177734375
-0.215667724609375 0.193679809570313 0.0201263427734375 -0.00805473327636718
-0.282684326171875 0.165435791015625 -0.0430755615234375 -0.0160713195800781
-0.129043579101563 0.244369506835937 -0.538970947265625 -0.0469665527343749
-0.00419616699218751 0.226119995117187 -0.338775634765625 0.089447021484375
0.0965805053710938 0.134407043457031 -0.119590759277344 0.0651702880859375
0.104827880859375 0.01995849609375 -0.136039733886719 -0.0260696411132813
0.0674209594726563 -0.0273399353027344 -0.205108642578125 0.00422668457031246
0.0386123657226563 -0.0347747802734375 -0.26068115234375 0.0962371826171875
0.0204620361328125 -0.010467529296875 -0.260177612304688 0.192153930664063
0.0312976837158203 -0.0123119354248047 -0.259567260742188 0.225051879882812
0.0429000854492188 0.00346755981445313 -0.317138671875 0.175689697265625
0.0107803344726562 0.0210857391357422 -0.354248046875 0.027008056640625
-0.00580787658691406 0.0245532989501953 -0.280517578125 -0.102569580078125
0.00324440002441406 0.0124454498291016 -0.1304931640625 -0.185226440429688
-0.00274658203125 0.0291156768798828 0.0090789794921875 -0.1336669921875
-0.0268020629882812 0.100013732910156 -0.02423095703125 0.041900634765625
-0.09039306640625 0.152145385742188 -0.137710571289063 0.00885009765624998
-0.135772705078125 -0.136947631835937 0.171295166015625 -0.09271240234375
-0.20208740234375 0.0149688720703125 0.0173873901367187 -0.0726776123046875
-0.084381103515625 0.152603149414062 -0.0502548217773438 0.105712890625
0.0686798095703125 0.144989013671875 0.109100341796875 0.197021484375
0.118865966796875 0.0694808959960938 0.247543334960937 0.11370849609375
0.130134582519531 -0.0277633666992188 0.345001220703125 -0.063568115234375
0.115264892578125 -0.0717620849609375 0.319061279296875 -0.203887939453125
0.106552124023438 -0.0426025390625 0.249298095703125 -0.229568481445313
0.118827819824219 -0.0283355712890625 0.244415283203125 -0.189773559570313
0.112220764160156 0.0460968017578125 0.255828857421875 -0.0884857177734375
0.0402603149414063 0.10626220703125 0.182403564453125 -0.040863037109375
-0.06060791015625 0.100433349609375 0.126747131347656 -0.0320892333984375
-0.138984680175781 -0.00987243652343752 0.195526123046875 -0.094146728515625
-0.1116943359375 -0.141998291015625 0.38079833984375 -0.1673583984375
-0.012725830078125 -0.187103271484375 0.63201904296875 0.05523681640625
-0.33636474609375 -0.089752197265625 0.12188720703125 -0.120086669921875
-0.349853515625 0.112152099609375 -0.0124893188476563 -0.0766525268554688
-0.1695556640625 0.277557373046875 -0.067718505859375 0.0859146118164063
0.08245849609375 0.279052734375 0.0765533447265625 0.169326782226563
0.204620361328125 0.161407470703125 0.180557250976563 0.107467651367188
0.266036987304688 -0.0106353759765625 0.276992797851563 -0.0438232421875
0.241729736328125 -0.10711669921875 0.262313842773438 -0.159317016601563
0.22479248046875 -0.0759124755859375 0.194320678710938 -0.184402465820313
0.25323486328125 -0.0615234375 0.179275512695313 -0.159027099609375
0.245712280273438 0.054443359375 0.1929931640625 -0.0907440185546875
0.142807006835938 0.183090209960938 0.12646484375 -0.0708465576171875
-0.010040283203125 0.217864990234375 0.100173950195313 -0.0801620483398437
-0.201950073242188 0.114990234375 0.197296142578125 -0.15557861328125
-0.259841918945313 -0.033966064453125 0.3887939453125 -0.207763671875
-0.199951171875 -0.123550415039062 0.634033203125 0.00286865234374999
-0.485015869140625 -0.0272521972656251 0.020721435546875 -0.143585205078125
-0.446075439453125 0.200714111328125 -0.07275390625 -0.06585693359375
-0.2252197265625 0.372467041015625 -0.0844802856445313 0.0750732421875
0.09100341796875 0.38031005859375 0.0418930053710938 0.131393432617188
0.2646484375 0.232345581054687 0.101531982421875 0.0873947143554688
0.36541748046875 0.00714111328125 0.178741455078125 -0.0216522216796875
0.33221435546875 -0.127044677734375 0.169601440429688 -0.0948638916015625
0.309814453125 -0.09906005859375 0.109321594238281 -0.111961364746094
0.351654052734375 -0.08935546875 0.0842514038085938 -0.104385375976562
0.350311279296875 0.051177978515625 0.0971450805664063 -0.0825576782226562
0.236190795898438 0.237701416015625 0.043609619140625 -0.0989837646484375
0.05462646484375 0.31927490234375 0.058349609375 -0.134300231933594
-0.241378784179688 0.24786376953125 0.185348510742187 -0.215194702148437
-0.387451171875 0.0949401855468751 0.365325927734375 -0.228668212890625
-0.368255615234375 -0.037078857421875 0.57342529296875 -0.03875732421875
-0.55963134765625 0.0509338378906251 -0.114578247070313 -0.155075073242188
-0.4708251953125 0.277130126953125 -0.14801025390625 -0.0408172607421875
-0.234405517578125 0.431427001953125 -0.0979156494140625 0.067901611328125
0.102264404296875 0.429168701171875 0.00270843505859375 0.0843582153320313
0.2957763671875 0.26507568359375 0.0102920532226563 0.0583267211914063
0.41290283203125 0.01959228515625 0.0567779541015625 0.00352859497070313
0.373809814453125 -0.1317138671875 0.0550155639648438 -0.0190963745117188
0.349456787109375 -0.109161376953125 0.00774955749511721 -0.0217361450195313
0.39892578125 -0.10357666015625 -0.0280342102050781 -0.0290603637695313
0.40692138671875 0.042236328125 -0.0232467651367187 -0.0577163696289063
0.301544189453125 0.26220703125 -0.059356689453125 -0.114372253417969
0.114715576171875 0.38494873046875 -0.0023651123046875 -0.178726196289062
-0.254425048828125 0.357452392578125 0.151443481445312 -0.25457763671875
-0.468505859375 0.212005615234375 0.30157470703125 -0.21112060546875
-0.48345947265625 0.0489196777343749 0.448394775390625 -0.059478759765625
-0.546905517578125 0.129791259765625 -0.259979248046875 -0.150253295898437
-0.423614501953125 0.32550048828125 -0.223434448242188 -0.00610351562500002
-0.191162109375 0.4326171875 -0.109123229980469 0.061279296875
0.11456298828125 0.408111572265625 -0.0438690185546875 0.0336532592773438
0.28961181640625 0.24993896484375 -0.0839004516601563 0.0284957885742188
0.396759033203125 0.02032470703125 -0.0696945190429687 0.0310859680175781
0.358642578125 -0.11761474609375 -0.0647315979003906 0.058013916015625
0.33673095703125 -0.102294921875 -0.094329833984375 0.0709991455078125
0.385833740234375 -0.10107421875 -0.139923095703125 0.0524978637695313
0.39764404296875 0.033935546875 -0.15087890625 -0.0218963623046875
0.30755615234375 0.250823974609375 -0.166976928710937 -0.114212036132813
0.14306640625 0.38653564453125 -0.07183837890625 -0.202102661132812
-0.233856201171875 0.394683837890625 0.095733642578125 -0.258834838867188
-0.472381591796875 0.27783203125 0.20196533203125 -0.156417846679687
-0.51580810546875 0.117950439453125 0.274490356445313 -0.05792236328125
-0.4608154296875 0.19635009765625 -0.393524169921875 -0.126220703125
-0.308746337890625 0.331695556640625 -0.284637451171875 0.0323486328125
-0.10748291015625 0.37091064453125 -0.116287231445312 0.0554275512695313
0.119171142578125 0.315185546875 -0.0896987915039062 -0.00876617431640622
0.240997314453125 0.184051513671875 -0.161911010742187 0.00651550292968752
0.319183349609375 0.012481689453125 -0.178192138671875 0.05853271484375
0.285888671875 -0.088775634765625 -0.1683349609375 0.126312255859375
0.274002075195313 -0.0809783935546875 -0.181427001953125 0.152008056640625
0.316741943359375 -0.076202392578125 -0.235153198242187 0.1251220703125
0.316436767578125 0.033599853515625 -0.262359619140625 0.0149688720703125
0.245040893554688 0.204391479492188 -0.251968383789063 -0.10443115234375
0.121124267578125 0.310760498046875 -0.126708984375 -0.205352783203125
-0.18463134765625 0.3336181640625 0.0420379638671875 -0.229080200195312
-0.389007568359375 0.266998291015625 0.0952377319335937 -0.0793838500976562
-0.44940185546875 0.15338134765625 0.0925369262695312 -0.0431442260742187
-0.312255859375 0.23321533203125 -0.49859619140625 -0.0887451171875001
-0.161224365234375 0.293365478515625 -0.32781982421875 0.068603515625
-0.00617980957031251 0.2601318359375 -0.118972778320313 0.0574111938476562
0.11138916015625 0.175582885742188 -0.123016357421875 -0.0305023193359375
0.159408569335938 0.086517333984375 -0.206390380859375 -0.00210571289062499
0.193817138671875 -0.00457763671875 -0.2476806640625 0.0823516845703125
0.170333862304688 -0.0477142333984375 -0.239532470703125 0.175872802734375
0.169403076171875 -0.0468902587890625 -0.241470336914063 0.209991455078125
0.200286865234375 -0.0359039306640625 -0.299468994140625 0.173309326171875
0.181137084960938 0.0362396240234375 -0.33831787109375 0.037109375
0.128211975097656 0.131675720214844 -0.294586181640625 -0.0974731445312499
0.0604095458984375 0.178512573242188 -0.149459838867187 -0.197097778320313
-0.110443115234375 0.192031860351562 0.00869750976562501 -0.181869506835938
-0.23321533203125 0.191055297851562 0.0108270645141601 -0.00680160522460936
-0.298065185546875 0.15582275390625 -0.061920166015625 -0.0236244201660156
-0.12921142578125 0.237533569335938 -0.57098388671875 -0.04058837890625
-0.01007080078125 0.219329833984375 -0.356231689453125 0.108184814453125
0.0890426635742188 0.13128662109375 -0.118820190429688 0.076690673828125
0.095489501953125 0.0252838134765625 -0.136634826660156 -0.0230712890625
0.0648574829101563 -0.0181198120117188 -0.209548950195313 0.00569152832031254
0.0444183349609375 -0.0233535766601563 -0.267654418945313 0.102127075195313
0.0315303802490234 -0.00249099731445313 -0.267379760742188 0.201644897460938
0.0399131774902344 -0.0069122314453125 -0.264739990234375 0.236038208007813
0.0548248291015625 0.00954437255859375 -0.324920654296875 0.189605712890625
0.0195503234863281 0.0346851348876953 -0.36773681640625 0.0386962890625
-0.00672149658203125 0.0406303405761719 -0.29339599609375 -0.098663330078125
-0.00552940368652344 0.0221900939941406 -0.140533447265625 -0.186279296875
-0.0172157287597656 0.0271739959716797 0.00209808349609375 -0.133682250976563
-0.0379180908203125 0.08953857421875 -0.0343780517578125 0.042572021484375
-0.0950393676757813 0.139205932617188 -0.160385131835937 -0.00216674804687499
-0.14398193359375 -0.120620727539062 0.19342041015625 -0.090362548828125
-0.19696044921875 0.03564453125 0.0292205810546875 -0.0725555419921875
-0.0675811767578125 0.159271240234375 -0.0409774780273438 0.109390258789063
0.0830612182617188 0.135101318359375 0.123306274414062 0.196640014648438
0.125579833984375 0.0557785034179688 0.262039184570313 0.10662841796875
0.123619079589844 -0.0425949096679688 0.3543701171875 -0.08197021484375
0.106178283691406 -0.0860671997070313 0.322784423828125 -0.226287841796875
0.099639892578125 -0.0554885864257813 0.251953125 -0.24993896484375
0.113296508789063 -0.0440826416015625 0.249862670898437 -0.207443237304687
0.115943908691406 0.030914306640625 0.266921997070313 -0.102279663085938
0.0523910522460937 0.0988082885742188 0.187759399414063 -0.0454864501953125
-0.0489044189453125 0.105293273925781 0.126495361328125 -0.0363998413085937
-0.135200500488281 0.00534820556640626 0.19549560546875 -0.11199951171875
-0.121109008789062 -0.126670837402344 0.38970947265625 -0.195220947265625
-0.02880859375 -0.180343627929688 0.66729736328125 0.0330810546875
-0.354522705078125 -0.0667419433593751 0.140472412109375 -0.113632202148437
-0.348114013671875 0.141448974609375 -0.00137329101562503 -0.0731048583984375
-0.155364990234375 0.294647216796875 -0.0587387084960938 0.091156005859375
0.101043701171875 0.276596069335938 0.08929443359375 0.171417236328125
0.21893310546875 0.149505615234375 0.19635009765625 0.105239868164063
0.267715454101563 -0.0293426513671875 0.2884521484375 -0.05572509765625
0.238906860351563 -0.128341674804688 0.270462036132813 -0.17822265625
0.223724365234375 -0.0961151123046875 0.200546264648438 -0.19989013671875
0.254852294921875 -0.084747314453125 0.18701171875 -0.169692993164063
0.257827758789063 0.03619384765625 0.204025268554688 -0.0980377197265625
0.16351318359375 0.178512573242188 0.1279296875 -0.0716552734375
0.00738525390625 0.228836059570313 0.0953903198242188 -0.0825958251953125
-0.203155517578125 0.140045166015625 0.192230224609375 -0.172897338867188
-0.277938842773438 -0.00965881347656252 0.39288330078125 -0.23468017578125
-0.225143432617187 -0.111038208007813 0.66162109375 -0.017822265625
-0.510894775390625 -0.000946044921875055 0.031768798828125 -0.131973266601563
-0.450225830078125 0.235107421875 -0.0637893676757813 -0.0579490661621094
-0.2144775390625 0.398956298828125 -0.075439453125 0.0829315185546875
0.11151123046875 0.3880615234375 0.0531539916992188 0.135391235351563
0.28704833984375 0.224365234375 0.114852905273438 0.090362548828125
0.375579833984375 -0.012298583984375 0.189743041992188 -0.0264892578125
0.3360595703125 -0.1522216796875 0.180160522460938 -0.107162475585938
0.314697265625 -0.12359619140625 0.118400573730469 -0.120689392089844
0.3597412109375 -0.116546630859375 0.09197998046875 -0.10601806640625
0.368621826171875 0.032318115234375 0.105575561523438 -0.08221435546875
0.26336669921875 0.234710693359375 0.0402297973632813 -0.094818115234375
0.075439453125 0.3350830078125 0.0489044189453125 -0.135147094726562
-0.243621826171875 0.28009033203125 0.17559814453125 -0.232070922851562
-0.4091796875 0.126129150390625 0.3663330078125 -0.25140380859375
-0.398834228515625 -0.019378662109375 0.5927734375 -0.0584716796875
-0.587890625 0.07867431640625 -0.112739562988281 -0.138404846191406
-0.48065185546875 0.312286376953125 -0.141983032226563 -0.0266265869140625
-0.2265625 0.463348388671875 -0.0893096923828125 0.0785903930664063
0.12530517578125 0.441650390625 0.0121994018554688 0.0897979736328125
0.3245849609375 0.260162353515625 0.0199394226074219 0.0654258728027344
0.429473876953125 0.00048828125 0.0660171508789063 0.00614547729492187
0.383209228515625 -0.15728759765625 0.0665092468261719 -0.0230903625488281
0.359405517578125 -0.133544921875 0.018545150756836 -0.0225620269775391
0.412872314453125 -0.1318359375 -0.0197219848632812 -0.0216045379638672
0.427703857421875 0.023040771484375 -0.0187187194824218 -0.0500984191894531
0.330169677734375 0.263031005859375 -0.06707763671875 -0.105720520019531
0.137420654296875 0.401947021484375 -0.016998291015625 -0.1767578125
-0.257049560546875 0.391632080078125 0.136795043945313 -0.267410278320313
-0.49029541015625 0.246124267578125 0.297882080078125 -0.228515625
-0.51458740234375 0.07025146484375 0.455841064453125 -0.074676513671875
-0.57598876953125 0.154296875 -0.26904296875 -0.1285400390625
-0.43310546875 0.357666015625 -0.221923828125 0.0142059326171875
-0.188201904296875 0.46575927734375 -0.10162353515625 0.0731201171875
0.133514404296875 0.42608642578125 -0.0377845764160156 0.0398178100585938
0.316619873046875 0.25091552734375 -0.0782699584960937 0.0390777587890625
0.418609619140625 0.006256103515625 -0.0638580322265625 0.0398635864257813
0.37225341796875 -0.14093017578125 -0.0548095703125 0.0628166198730469
0.350372314453125 -0.123321533203125 -0.08343505859375 0.0782318115234375
0.404144287109375 -0.124053955078125 -0.133430480957031 0.06787109375
0.42047119140625 0.019317626953125 -0.149765014648437 -0.00625610351562499
0.336639404296875 0.254638671875 -0.1788330078125 -0.100265502929688
0.163116455078125 0.404083251953125 -0.0883941650390625 -0.197723388671875
-0.237640380859375 0.425384521484375 0.080078125 -0.266204833984375
-0.490478515625 0.310150146484375 0.194747924804688 -0.16546630859375
-0.54443359375 0.13458251953125 0.271453857421875 -0.0679473876953125
-0.480712890625 0.212738037109375 -0.414398193359375 -0.10137939453125
-0.31976318359375 0.35498046875 -0.28924560546875 0.05816650390625
-0.10711669921875 0.395782470703125 -0.109939575195313 0.0691604614257813
0.131378173828125 0.333709716796875 -0.0879974365234375 -0.00186920166015625
0.262313842773438 0.18896484375 -0.16241455078125 0.0181884765625
0.340179443359375 0.00445556640625 -0.17633056640625 0.07330322265625
0.302947998046875 -0.104583740234375 -0.162124633789062 0.138351440429688
0.28814697265625 -0.096038818359375 -0.173065185546875 0.1661376953125
0.335052490234375 -0.092620849609375 -0.23077392578125 0.146743774414063
0.33746337890625 0.026580810546875 -0.265411376953125 0.035888671875
0.26611328125 0.212570190429688 -0.26611328125 -0.0885467529296875
0.134124755859375 0.326690673828125 -0.144149780273438 -0.199050903320312
-0.19097900390625 0.3560791015625 0.0269927978515625 -0.231658935546875
-0.406524658203125 0.288726806640625 0.0872268676757812 -0.0808944702148437
-0.471923828125 0.1654052734375 0.0797805786132812 -0.0483016967773438
-0.32147216796875 0.241729736328125 -0.52813720703125 -0.0626220703124999
-0.16845703125 0.303070068359375 -0.33782958984375 0.09747314453125
-0.00941467285156253 0.273468017578125 -0.114898681640625 0.07110595703125
0.113494873046875 0.188522338867188 -0.124137878417969 -0.0233383178710937
0.171295166015625 0.094329833984375 -0.210098266601563 0.00849914550781248
0.210052490234375 -0.00390625 -0.249664306640625 0.100006103515625
0.186477661132813 -0.0543670654296875 -0.23760986328125 0.193359375
0.18194580078125 -0.0538177490234375 -0.235916137695313 0.228607177734375
0.216217041015625 -0.042877197265625 -0.298736572265625 0.19866943359375
0.198348999023437 0.0381927490234375 -0.345733642578125 0.0606079101562501
0.14056396484375 0.1441650390625 -0.309906005859375 -0.0821228027343749
0.0635528564453125 0.192550659179688 -0.166229248046875 -0.191665649414062
-0.121597290039062 0.204986572265625 -0.00363159179687502 -0.180953979492188
-0.2469482421875 0.19940185546875 0.0024442672729492 -0.00483131408691405
-0.31231689453125 0.158233642578125 -0.082855224609375 -0.0257720947265625
-0.125823974609375 0.236282348632813 -0.60382080078125 -0.0150756835937499
-0.00987243652343748 0.2156982421875 -0.369354248046875 0.136993408203125
0.0851593017578125 0.129280090332031 -0.115486145019531 0.0901947021484375
0.0883255004882813 0.0299224853515625 -0.138252258300781 -0.0168075561523437
0.0641899108886719 -0.0100784301757813 -0.214462280273438 0.0130615234375
0.0529975891113281 -0.0145912170410156 -0.272109985351563 0.117233276367188
0.0434341430664063 0.0017242431640625 -0.269821166992188 0.22021484375
0.04986572265625 -0.00439834594726563 -0.262680053710938 0.256210327148438
0.068115234375 0.012054443359375 -0.327911376953125 0.21514892578125
0.0321578979492188 0.0447616577148437 -0.38037109375 0.0626831054687501
-0.00337600708007812 0.056549072265625 -0.31005859375 -0.08502197265625
-0.0115852355957031 0.0341739654541016 -0.15643310546875 -0.183074951171875
-0.0308990478515625 0.0292873382568359 -0.00799560546875001 -0.133750915527344
-0.047698974609375 0.083587646484375 -0.0433006286621094 0.0450630187988281
-0.0995330810546875 0.132148742675781 -0.185562133789063 -0.00454711914062498
-0.148681640625 -0.100006103515625 0.211700439453125 -0.0947723388671875
-0.183700561523437 0.0567626953125 0.0381622314453125 -0.0748291015625
-0.04754638671875 0.161056518554688 -0.0295333862304688 0.109428405761719
0.0958404541015625 0.119163513183594 0.138351440429688 0.188796997070312
0.127540588378906 0.0387649536132813 0.274490356445313 0.0903167724609375
0.112823486328125 -0.056304931640625 0.3544921875 -0.10626220703125
0.091461181640625 -0.0979156494140625 0.31396484375 -0.252044677734375
0.0886611938476563 -0.0680160522460938 0.240936279296875 -0.27032470703125
0.101905822753906 -0.0588226318359375 0.244384765625 -0.227066040039063
0.11492919921875 0.01373291015625 0.26898193359375 -0.121063232421875
0.0628814697265625 0.086883544921875 0.188430786132813 -0.055877685546875
-0.0345687866210938 0.106636047363281 0.123390197753906 -0.0418319702148437
-0.127166748046875 0.0203475952148437 0.186233520507812 -0.131301879882813
-0.128059387207031 -0.107620239257813 0.383941650390625 -0.22723388671875
-0.044189453125 -0.167938232421875 0.68603515625 -0.00787353515625001
-0.362640380859375 -0.034332275390625 0.1563720703125 -0.112579345703125
-0.333740234375 0.173004150390625 0.00853729248046873 -0.0720367431640625
-0.130279541015625 0.30657958984375 -0.0473861694335938 0.0939178466796875
0.12152099609375 0.2650146484375 0.10382080078125 0.16644287109375
0.230392456054688 0.128860473632813 0.209747314453125 0.0950775146484375
0.2613525390625 -0.05133056640625 0.29205322265625 -0.0738525390625
0.225494384765625 -0.150039672851563 0.267608642578125 -0.200286865234375
0.214126586914063 -0.1173095703125 0.1964111328125 -0.2169189453125
0.246749877929687 -0.110183715820313 0.186172485351563 -0.183013916015625
0.263290405273438 0.0111236572265625 0.208145141601563 -0.110748291015625
0.1832275390625 0.16473388671875 0.126350402832031 -0.0750198364257813
0.02947998046875 0.233139038085938 0.0887832641601563 -0.0843505859375
-0.193115234375 0.164840698242188 0.178115844726563 -0.19012451171875
-0.28582763671875 0.0211181640625 0.383148193359375 -0.264129638671875
-0.245071411132812 -0.0884704589843751 0.67449951171875 -0.056396484375
-0.52178955078125 0.0389099121093751 0.0423736572265625 -0.12200927734375
-0.4365234375 0.27386474609375 -0.0536079406738282 -0.0510902404785156
-0.187957763671875 0.419403076171875 -0.063018798828125 0.0876388549804688
0.13836669921875 0.38201904296875 0.0670318603515625 0.133834838867188
0.305755615234375 0.203704833984375 0.128311157226563 0.0861740112304688
0.375213623046875 -0.0390625 0.196792602539063 -0.036224365234375
0.326507568359375 -0.181243896484375 0.182998657226563 -0.123611450195313
0.308563232421875 -0.15130615234375 0.120445251464844 -0.13134765625
0.354461669921875 -0.148773193359375 0.0963668823242188 -0.109695434570313
0.378387451171875 0.00244140625 0.10992431640625 -0.0862045288085937
0.2896728515625 0.21966552734375 0.0361251831054688 -0.0915908813476562
0.103302001953125 0.33953857421875 0.0366058349609375 -0.132949829101562
-0.2315673828125 0.311004638671875 0.15625 -0.244903564453125
-0.4150390625 0.165679931640625 0.352081298828125 -0.275726318359375
-0.4193115234375 0.0106506347656249 0.59832763671875 -0.091064453125
-0.6005859375 0.11907958984375 -0.108718872070313 -0.118858337402344
-0.468780517578125 0.351776123046875 -0.132606506347656 -0.0121688842773437
-0.200897216796875 0.49090576171875 -0.0763473510742188 0.0862350463867188
0.154144287109375 0.44268798828125 0.0230636596679688 0.0910263061523438
0.347869873046875 0.242706298828125 0.0319633483886719 0.0680427551269531
0.436279296875 -0.027862548828125 0.0755996704101563 0.0054473876953125
0.379058837890625 -0.189117431640625 0.0738906860351563 -0.0303802490234375
0.35540771484375 -0.162841796875 0.027008056640625 -0.0260276794433594
0.411865234375 -0.166778564453125 -0.0110702514648437 -0.016118049621582
0.44091796875 -0.00775146484375 -0.013702392578125 -0.0441627502441406
0.359710693359375 0.247344970703125 -0.0737838745117187 -0.0935821533203125
0.167724609375 0.405517578125 -0.0324859619140625 -0.169357299804687
-0.2413330078125 0.424407958984375 0.114501953125 -0.275344848632813
-0.49151611328125 0.28912353515625 0.28204345703125 -0.2452392578125
-0.53363037109375 0.10247802734375 0.452850341796875 -0.09759521484375
-0.5850830078125 0.1900634765625 -0.272171020507813 -0.100204467773438
-0.424407958984375 0.391571044921875 -0.213943481445313 0.037109375
-0.165069580078125 0.492950439453125 -0.0892105102539063 0.0834274291992188
0.161956787109375 0.431915283203125 -0.0305938720703125 0.0452499389648438
0.3414306640625 0.235504150390625 -0.0698776245117187 0.0475578308105469
0.43060302734375 -0.019744873046875 -0.0541915893554687 0.0485115051269531
0.37164306640625 -0.170867919921875 -0.0440254211425781 0.0652275085449219
0.35028076171875 -0.150665283203125 -0.0708084106445312 0.0825958251953125
0.407073974609375 -0.15594482421875 -0.120704650878906 0.0828094482421875
0.43365478515625 -0.007659912109375 -0.14434814453125 0.00971984863281247
0.36273193359375 0.242218017578125 -0.186553955078125 -0.0811920166015624
0.191986083984375 0.40679931640625 -0.105911254882812 -0.185684204101562
-0.223052978515625 0.456451416015625 0.057403564453125 -0.268051147460937
-0.491485595703125 0.349365234375 0.18096923828125 -0.173614501953125
-0.55682373046875 0.167266845703125 0.261856079101562 -0.0806732177734375
-0.4854736328125 0.23883056640625 -0.42425537109375 -0.0645141601562499
-0.313446044921875 0.37847900390625 -0.283966064453125 0.0877685546875001
-0.0938720703125 0.41802978515625 -0.0992202758789063 0.0815505981445313
0.151336669921875 0.342315673828125 -0.083740234375 0.00650787353515627
0.283233642578125 0.181243896484375 -0.157974243164062 0.0315399169921875
0.35443115234375 -0.013763427734375 -0.168136596679687 0.089111328125
0.308349609375 -0.128143310546875 -0.149978637695312 0.149368286132813
0.292510986328125 -0.11602783203125 -0.15673828125 0.1785888671875
0.3411865234375 -0.11761474609375 -0.215911865234375 0.168533325195313
0.352996826171875 0.008026123046875 -0.260894775390625 0.059967041015625
0.289459228515625 0.20745849609375 -0.274566650390625 -0.0641326904296874
0.154266357421875 0.332611083984375 -0.161087036132813 -0.184417724609375
-0.184173583984375 0.380340576171875 0.00778198242187497 -0.22821044921875
-0.40625 0.318084716796875 0.0768356323242187 -0.0822906494140625
-0.48052978515625 0.18743896484375 0.0639915466308593 -0.0511245727539062
-0.321746826171875 0.25335693359375 -0.543212890625 -0.0226135253906249
-0.164642333984375 0.311920166015625 -0.335357666015625 0.131134033203125
-0.00521850585937501 0.283935546875 -0.10595703125 0.0842132568359375
0.121124267578125 0.197296142578125 -0.122840881347656 -0.0139846801757812
0.18310546875 0.0937957763671875 -0.209014892578125 0.02410888671875
0.222763061523437 -0.01104736328125 -0.244186401367188 0.118728637695313
0.195663452148438 -0.066558837890625 -0.22601318359375 0.210800170898438
0.188568115234375 -0.06524658203125 -0.219589233398438 0.246505737304687
0.226028442382813 -0.05718994140625 -0.28509521484375 0.22479248046875
0.213836669921875 0.031341552734375 -0.34320068359375 0.0908813476562499
0.156967163085938 0.148239135742187 -0.318572998046875 -0.05670166015625
0.0731201171875 0.20159912109375 -0.18243408203125 -0.177658081054687
-0.123550415039062 0.22021484375 -0.0187530517578125 -0.176254272460938
-0.25164794921875 0.212509155273437 -0.00493383407592775 -0.000997066497802722
-0.317626953125 0.167236328125 -0.102287292480469 -0.021392822265625
-0.117431640625 0.233230590820313 -0.6220703125 0.0264892578125001
-0.00645446777343752 0.209320068359375 -0.368499755859375 0.17138671875
0.082366943359375 0.125938415527344 -0.106399536132813 0.102333068847656
0.0830841064453125 0.0342864990234375 -0.13726806640625 -0.00737762451171877
0.0647735595703125 -0.00492477416992188 -0.215133666992188 0.025848388671875
0.0621490478515625 -0.010467529296875 -0.268539428710938 0.136001586914062
0.055267333984375 0.00149917602539063 -0.2606201171875 0.239959716796875
0.05810546875 -0.00475692749023438 -0.248779296875 0.277023315429688
0.079345703125 0.009918212890625 -0.316375732421875 0.2437744140625
0.0460891723632813 0.0501213073730469 -0.380706787109375 0.094207763671875
0.00541305541992188 0.0701637268066406 -0.320770263671875 -0.0616455078124999
-0.0136795043945313 0.0447158813476563 -0.171356201171875 -0.171218872070312
-0.0427665710449219 0.0344047546386719 -0.01885986328125 -0.129608154296875
-0.0557174682617188 0.0811004638671875 -0.0492210388183594 0.0499000549316406
-0.100791931152344 0.12628173828125 -0.20782470703125 0.00234985351562505
-0.145187377929688 -0.07940673828125 0.223297119140625 -0.1011962890625
-0.164703369140625 0.0711669921875 0.0452194213867187 -0.0778656005859375
-0.0288543701171875 0.155197143554688 -0.0195770263671875 0.105171203613281
0.101310729980469 0.101600646972656 0.148406982421875 0.17608642578125
0.124198913574219 0.0240936279296875 0.275558471679688 0.071502685546875
0.0991058349609375 -0.0643463134765625 0.34332275390625 -0.127410888671875
0.0753936767578125 -0.102790832519531 0.2955322265625 -0.26873779296875
0.0751953125 -0.0748214721679688 0.2236328125 -0.280059814453125
0.0876541137695313 -0.0685958862304688 0.230300903320313 -0.239822387695313
0.108596801757813 -0.000732421875 0.261138916015625 -0.137298583984375
0.0683364868164063 0.0734024047851563 0.1837158203125 -0.063079833984375
-0.0218887329101562 0.102485656738281 0.118125915527344 -0.045379638671875
-0.115234375 0.0309982299804688 0.172149658203125 -0.144317626953125
-0.128135681152344 -0.0884628295898438 0.367034912109375 -0.248779296875
-0.055877685546875 -0.15069580078125 0.68328857421875 -0.04595947265625
-0.357330322265625 -0.00531005859375003 0.167495727539062 -0.111297607421875
-0.308807373046875 0.1934814453125 0.0159835815429687 -0.0716629028320312
-0.105010986328125 0.306304931640625 -0.035888671875 0.0920791625976563
0.134750366210937 0.247283935546875 0.114471435546875 0.1568603515625
0.230972290039062 0.10809326171875 0.215484619140625 0.0810699462890625
0.2479248046875 -0.067779541015625 0.2867431640625 -0.089752197265625
0.206634521484375 -0.163742065429688 0.254974365234375 -0.21624755859375
0.197952270507813 -0.132232666015625 0.185104370117188 -0.22662353515625
0.2308349609375 -0.1287841796875 0.179229736328125 -0.191696166992188
0.257980346679688 -0.011962890625 0.204559326171875 -0.1221923828125
0.194534301757813 0.145965576171875 0.121818542480469 -0.077301025390625
0.0484161376953125 0.228424072265625 0.0810623168945313 -0.0833358764648437
-0.176498413085938 0.181961059570312 0.159881591796875 -0.198394775390625
-0.28216552734375 0.049224853515625 0.362823486328125 -0.282196044921875
-0.254501342773438 -0.0639190673828125 0.6678466796875 -0.08880615234375
-0.512939453125 0.0733947753906251 0.0529937744140625 -0.112724304199219
-0.4080810546875 0.29620361328125 -0.04345703125 -0.0460166931152343
-0.157745361328125 0.425872802734375 -0.0505294799804688 0.0878448486328125
0.15814208984375 0.364776611328125 0.0770034790039063 0.127456665039063
0.312774658203125 0.178558349609375 0.137031555175781 0.0783615112304688
0.36566162109375 -0.0625 0.197601318359375 -0.0472259521484375
0.3072509765625 -0.202178955078125 0.178436279296875 -0.135498046875
0.2908935546875 -0.170440673828125 0.117462158203125 -0.13922119140625
0.337982177734375 -0.173736572265625 0.0974655151367188 -0.112884521484375
0.37396240234375 -0.02587890625 0.110595703125 -0.0904922485351563
0.303497314453125 0.198089599609375 0.0321197509765625 -0.0861892700195312
0.1265869140625 0.33233642578125 0.0260086059570313 -0.125602722167969
-0.21063232421875 0.329833984375 0.133712768554688 -0.248077392578125
-0.40655517578125 0.197967529296875 0.329315185546875 -0.289520263671875
-0.4237060546875 0.039886474609375 0.58544921875 -0.1158447265625
-0.591064453125 0.1529541015625 -0.0992584228515626 -0.100616455078125
-0.442230224609375 0.3775634765625 -0.120681762695313 -0.00149536132812496
-0.17059326171875 0.50140380859375 -0.0630950927734375 0.0881881713867188
0.178680419921875 0.42987060546875 0.0325164794921875 0.0886459350585938
0.35882568359375 0.216796875 0.0421638488769531 0.0666961669921875
0.429595947265625 -0.0540771484375 0.0820388793945313 0.002105712890625
0.362152099609375 -0.21405029296875 0.0773849487304688 -0.0374374389648438
0.340576171875 -0.18475341796875 0.0325298309326172 -0.0301170349121094
0.396575927734375 -0.194732666015625 -0.00146675109863279 -0.0131435394287109
0.43841552734375 -0.036651611328125 -0.00806808471679685 -0.0399246215820313
0.375 0.224853515625 -0.0769424438476562 -0.0807571411132812
0.192291259765625 0.396331787109375 -0.0436248779296875 -0.156845092773437
-0.218048095703125 0.44268798828125 0.0906829833984375 -0.273101806640625
-0.477752685546875 0.3216552734375 0.259902954101562 -0.253585815429688
-0.532257080078125 0.132720947265625 0.4393310546875 -0.11572265625
-0.57623291015625 0.21795654296875 -0.26397705078125 -0.072174072265625
-0.401611328125 0.412841796875 -0.199493408203125 0.0536651611328125
-0.139190673828125 0.503997802734375 -0.075225830078125 0.0879745483398438
0.184539794921875 0.42449951171875 -0.0223007202148437 0.0470161437988282
0.35540771484375 0.2149658203125 -0.0598678588867187 0.0525131225585938
0.42877197265625 -0.044036865234375 -0.0426750183105468 0.0527992248535156
0.3607177734375 -0.193389892578125 -0.0340957641601562 0.0641555786132813
0.339324951171875 -0.17181396484375 -0.0572357177734375 0.083160400390625
0.395751953125 -0.183135986328125 -0.104537963867187 0.0913543701171875
0.434112548828125 -0.0340576171875 -0.13458251953125 0.0214920043945312
0.378936767578125 0.222320556640625 -0.1864013671875 -0.061676025390625
0.212921142578125 0.39837646484375 -0.11651611328125 -0.168136596679688
-0.200927734375 0.470947265625 0.037261962890625 -0.260162353515625
-0.476776123046875 0.37603759765625 0.164260864257812 -0.175613403320312
-0.5531005859375 0.191986083984375 0.246612548828125 -0.0887908935546875
-0.4774169921875 0.257568359375 -0.418212890625 -0.030487060546875
-0.298309326171875 0.391754150390625 -0.269485473632813 0.1099853515625
-0.0762939453125 0.42877197265625 -0.0864944458007813 0.0881805419921875
0.167144775390625 0.340789794921875 -0.0775833129882812 0.0124359130859375
0.29534912109375 0.167388916015625 -0.148117065429687 0.042510986328125
0.358734130859375 -0.031982421875 -0.154800415039063 0.09930419921875
0.303924560546875 -0.147674560546875 -0.135177612304688 0.155258178710938
0.28643798828125 -0.13336181640625 -0.1385498046875 0.182647705078125
0.336883544921875 -0.138031005859375 -0.195419311523437 0.181594848632813
0.35711669921875 -0.011566162109375 -0.246963500976562 0.0789642333984375
0.30364990234375 0.195526123046875 -0.272003173828125 -0.0410003662109375
0.170257568359375 0.328369140625 -0.170242309570312 -0.165115356445312
-0.169525146484375 0.391937255859375 -0.00868225097656249 -0.217681884765625
-0.395233154296875 0.338043212890625 0.066009521484375 -0.0789108276367188
-0.474609375 0.2044677734375 0.0490760803222656 -0.0498886108398437
-0.3128662109375 0.25909423828125 -0.54052734375 0.01629638671875
-0.1568603515625 0.31353759765625 -0.32159423828125 0.156036376953125
0.000640869140624997 0.28704833984375 -0.0936508178710938 0.0915756225585938
0.127334594726563 0.199676513671875 -0.118217468261719 -0.005584716796875
0.19000244140625 0.08978271484375 -0.201400756835938 0.036468505859375
0.230148315429688 -0.0202178955078125 -0.23046875 0.133132934570312
0.198944091796875 -0.07879638671875 -0.20953369140625 0.219863891601563
0.189468383789063 -0.07513427734375 -0.198883056640625 0.254562377929688
0.228500366210938 -0.0710906982421875 -0.260894775390625 0.241531372070313
0.222671508789063 0.0211944580078125 -0.328460693359375 0.114959716796875
0.169631958007813 0.146240234375 -0.316558837890625 -0.0320434570312499
0.0816497802734375 0.204376220703125 -0.190261840820312 -0.158462524414063
-0.1207275390625 0.229354858398437 -0.0301971435546875 -0.165985107421875
-0.247665405273437 0.222503662109375 -0.0107831954956055 0.00410175323486329
-0.313751220703125 0.17315673828125 -0.116462707519531 -0.0138702392578125
-0.108200073242188 0.225540161132813 -0.61865234375 0.0651855468750001
-0.00552368164062501 0.199935913085938 -0.35504150390625 0.197509765625
0.0766677856445313 0.120956420898438 -0.095306396484375 0.110092163085938
0.0787200927734375 0.0388412475585938 -0.133148193359375 0.000328063964843744
0.0647735595703125 -4.1961669921875E-05 -0.209243774414063 0.0362701416015625
0.0697860717773438 -0.00833892822265625 -0.257568359375 0.149169921875
0.0644760131835938 -0.000392913818359375 -0.24462890625 0.252685546875
0.06475830078125 -0.0065155029296875 -0.228515625 0.28814697265625
0.0869827270507813 0.00545501708984375 -0.295166015625 0.261199951171875
0.0591392517089844 0.0505332946777344 -0.36822509765625 0.120941162109375
0.0151824951171875 0.0781936645507813 -0.319244384765625 -0.0384521484374999
-0.012725830078125 0.0556449890136719 -0.180328369140625 -0.154388427734375
-0.0510520935058594 0.041351318359375 -0.0273895263671875 -0.121467590332031
-0.0627822875976562 0.079437255859375 -0.0526199340820312 0.0539054870605469
-0.100936889648437 0.119392395019531 -0.222564697265625 0.01177978515625
-0.13714599609375 -0.06524658203125 0.233688354492188 -0.103347778320313
-0.146957397460938 0.077117919921875 0.0514068603515625 -0.0793685913085938
-0.01739501953125 0.146270751953125 -0.0128326416015625 0.09967041015625
0.100341796875 0.0868606567382812 0.150680541992188 0.165023803710938
0.116836547851562 0.013336181640625 0.271896362304688 0.0597686767578125
0.0866470336914063 -0.0665664672851563 0.330474853515625 -0.136688232421875
0.0616531372070313 -0.10235595703125 0.280349731445313 -0.273025512695313
0.0634765625 -0.0768051147460937 0.210296630859375 -0.28131103515625
0.0752410888671875 -0.0723800659179688 0.218841552734375 -0.242218017578125
0.100830078125 -0.0107498168945312 0.252700805664063 -0.144546508789063
0.0686721801757813 0.0620880126953125 0.1783447265625 -0.06573486328125
-0.0128326416015625 0.0966644287109375 0.113510131835937 -0.0453414916992187
-0.103141784667969 0.0353469848632812 0.159927368164063 -0.148529052734375
-0.122978210449219 -0.0742340087890625 0.350341796875 -0.2574462890625
-0.0592193603515625 -0.134033203125 0.6710205078125 -0.06378173828125
-0.344879150390625 0.0122985839843751 0.1788330078125 -0.108367919921875
-0.2861328125 0.200164794921875 0.0242996215820312 -0.0710678100585937
-0.088287353515625 0.298919677734375 -0.0282821655273438 0.0872955322265625
0.13751220703125 0.22998046875 0.118255615234375 0.148162841796875
0.225204467773438 0.09295654296875 0.2147216796875 0.0715484619140625
0.234832763671875 -0.0756988525390625 0.27972412109375 -0.0978546142578125
0.189453125 -0.167388916015625 0.2451171875 -0.2216796875
0.183074951171875 -0.137603759765625 0.176361083984375 -0.228439331054688
0.214111328125 -0.137619018554688 0.174026489257813 -0.19329833984375
0.24945068359375 -0.02606201171875 0.200469970703125 -0.127685546875
0.197738647460938 0.130844116210938 0.118423461914063 -0.0754013061523437
0.0595550537109375 0.220962524414062 0.076263427734375 -0.079254150390625
-0.162994384765625 0.189224243164063 0.145553588867188 -0.198974609375
-0.274856567382813 0.06671142578125 0.34454345703125 -0.28485107421875
-0.255783081054688 -0.04522705078125 0.65362548828125 -0.10345458984375
-0.50006103515625 0.0928955078125 0.0657272338867187 -0.10552978515625
-0.3857421875 0.304168701171875 -0.0328750610351563 -0.0432510375976562
-0.13787841796875 0.42083740234375 -0.04168701171875 0.0843429565429688
0.16497802734375 0.348297119140625 0.0826797485351563 0.121147155761719
0.30914306640625 0.162078857421875 0.140594482421875 0.071319580078125
0.352508544921875 -0.07421875 0.196456909179688 -0.05224609375
0.289794921875 -0.20941162109375 0.174270629882813 -0.141433715820313
0.276504516601563 -0.178268432617188 0.114883422851563 -0.141464233398438
0.321746826171875 -0.185821533203125 0.0993194580078125 -0.113693237304688
0.3653564453125 -0.042633056640625 0.110855102539063 -0.0921630859375
0.3082275390625 0.18170166015625 0.0307464599609375 -0.08026123046875
0.13812255859375 0.3236083984375 0.020904541015625 -0.116989135742187
-0.196533203125 0.337249755859375 0.118576049804688 -0.243927001953125
-0.395660400390625 0.216033935546875 0.31146240234375 -0.2904052734375
-0.42205810546875 0.057861328125 0.5701904296875 -0.125
-0.57745361328125 0.16949462890625 -0.0858230590820313 -0.0877532958984375
-0.4197998046875 0.383941650390625 -0.107498168945313 0.00392150878906253
-0.15032958984375 0.500579833984375 -0.0535049438476563 0.0861053466796875
0.18658447265625 0.417938232421875 0.0390853881835938 0.08526611328125
0.358245849609375 0.199859619140625 0.0484962463378906 0.0636749267578125
0.419281005859375 -0.067535400390625 0.0872802734375 -0.000526428222656254
0.345672607421875 -0.2225341796875 0.0789947509765625 -0.0424880981445313
0.326141357421875 -0.19366455078125 0.0364456176757813 -0.0329856872558594
0.38177490234375 -0.2069091796875 0.00636577606201174 -0.0123968124389649
0.430419921875 -0.053253173828125 -0.00204849243164059 -0.0381736755371094
0.37994384765625 0.208160400390625 -0.0754776000976562 -0.0710296630859375
0.20135498046875 0.386474609375 -0.0485382080078125 -0.1439208984375
-0.203033447265625 0.447540283203125 0.0760955810546875 -0.264144897460938
-0.464385986328125 0.337738037109375 0.2440185546875 -0.250396728515625
-0.527313232421875 0.147613525390625 0.422210693359375 -0.120025634765625
-0.5653076171875 0.23089599609375 -0.25030517578125 -0.054443359375
-0.38543701171875 0.41717529296875 -0.1854248046875 0.0624542236328126
-0.123565673828125 0.5064697265625 -0.0646820068359375 0.0883102416992188
0.1949462890625 0.417266845703125 -0.015472412109375 0.047210693359375
0.356903076171875 0.20001220703125 -0.0502090454101562 0.0542030334472656
0.422943115234375 -0.058074951171875 -0.0336418151855468 0.0532035827636719
0.34881591796875 -0.20513916015625 -0.0266151428222656 0.0612831115722656
0.328460693359375 -0.18115234375 -0.0480422973632812 0.0806045532226562
0.383331298828125 -0.196136474609375 -0.0903778076171875 0.0935821533203125
0.428436279296875 -0.048187255859375 -0.123039245605469 0.0267257690429688
0.383636474609375 0.209381103515625 -0.181594848632812 -0.0483245849609375
0.21966552734375 0.387969970703125 -0.119186401367187 -0.15313720703125
-0.189178466796875 0.47454833984375 0.0249481201171875 -0.2486572265625
-0.462860107421875 0.38861083984375 0.151992797851562 -0.170181274414063
-0.54620361328125 0.20172119140625 0.23248291015625 -0.0885772705078125
-0.46978759765625 0.261566162109375 -0.40576171875 -0.00961303710937493
-0.28948974609375 0.3912353515625 -0.254852294921875 0.120864868164063
-0.067291259765625 0.43084716796875 -0.0762100219726562 0.089752197265625
0.174652099609375 0.338775634765625 -0.0711822509765625 0.0153884887695313
0.298004150390625 0.159393310546875 -0.1378173828125 0.0467376708984375
0.357421875 -0.04278564453125 -0.141860961914062 0.102767944335938
0.298095703125 -0.15631103515625 -0.123977661132813 0.154281616210938
0.280792236328125 -0.14117431640625 -0.125274658203125 0.1805419921875
0.33026123046875 -0.149993896484375 -0.177261352539062 0.185287475585938
0.355560302734375 -0.02288818359375 -0.232437133789062 0.087615966796875
0.309478759765625 0.187652587890625 -0.264556884765625 -0.0264129638671875
0.175994873046875 0.323486328125 -0.171218872070313 -0.149581909179687
-0.162384033203125 0.39605712890625 -0.0165863037109375 -0.205459594726563
-0.385955810546875 0.344512939453125 0.0586318969726562 -0.0735015869140625
-0.469451904296875 0.207183837890625 0.0366897583007812 -0.0450630187988281
-0.307281494140625 0.254425048828125 -0.528839111328125 0.0379943847656249
-0.15496826171875 0.308746337890625 -0.308502197265625 0.168365478515625
6.10351562500146E-05 0.2886962890625 -0.0848388671875 0.0946578979492188
0.128555297851563 0.203338623046875 -0.112403869628906 -0.00161743164062497
0.192138671875 0.0887603759765625 -0.192535400390625 0.0422210693359375
0.233062744140625 -0.02532958984375 -0.217300415039062 0.137298583984375
0.200241088867187 -0.0852508544921875 -0.197311401367187 0.221542358398438
0.188430786132813 -0.0800628662109375 -0.183441162109375 0.252761840820313
0.227218627929688 -0.0790557861328125 -0.24139404296875 0.24652099609375
0.227203369140625 0.01483154296875 -0.3115234375 0.1259765625
0.176742553710938 0.144927978515625 -0.308624267578125 -0.01690673828125
0.084716796875 0.205474853515625 -0.190750122070313 -0.143356323242188
-0.121337890625 0.233551025390625 -0.0351715087890625 -0.154739379882812
-0.246673583984375 0.224258422851562 -0.0144309997558594 0.00878620147705079
-0.311920166015625 0.16949462890625 -0.127853393554688 -0.00743103027343747
-0.105728149414063 0.213180541992187 -0.60968017578125 0.08441162109375
-0.0098876953125 0.189804077148438 -0.342376708984375 0.209503173828125
0.0695419311523437 0.119377136230469 -0.08673095703125 0.111854553222656
0.0738525390625 0.0450897216796875 -0.127227783203125 0.00445556640624997
0.0654869079589844 0.00457382202148438 -0.2022705078125 0.041015625
0.076263427734375 -0.00787353515625 -0.246124267578125 0.1541748046875
0.0720977783203125 -0.00362396240234375 -0.232650756835938 0.25555419921875
0.0699691772460938 -0.00773239135742187 -0.213623046875 0.287078857421875
0.0930557250976562 0.0021209716796875 -0.277618408203125 0.267044067382812
0.0686759948730469 0.0495262145996094 -0.351898193359375 0.134063720703125
0.024200439453125 0.0833663940429688 -0.312164306640625 -0.024200439453125
-0.0121002197265625 0.0626182556152344 -0.180877685546875 -0.141433715820313
-0.0577163696289063 0.0468177795410156 -0.0306777954101562 -0.113853454589844
-0.0696258544921875 0.0778579711914063 -0.0560417175292969 0.0565071105957031
-0.103721618652344 0.109931945800781 -0.23309326171875 0.0186614990234375
-0.129608154296875 -0.0572052001953125 0.247650146484375 -0.103988647460938
-0.134613037109375 0.0788040161132813 0.0587844848632812 -0.0821456909179687
-0.00997924804687499 0.139167785644531 -0.00951385498046874 0.0944671630859375
0.0979766845703125 0.0766448974609375 0.152130126953125 0.15887451171875
0.112220764160156 0.0076141357421875 0.269699096679688 0.054473876953125
0.0790786743164063 -0.0670318603515625 0.324615478515625 -0.139556884765625
0.0527114868164063 -0.10150146484375 0.276199340820312 -0.275634765625
0.0548858642578125 -0.0770034790039063 0.207275390625 -0.281051635742188
0.0656356811523438 -0.0745773315429688 0.216079711914063 -0.24249267578125
0.0943069458007812 -0.0170974731445313 0.249725341796875 -0.148193359375
0.0682029724121094 0.05401611328125 0.177230834960938 -0.0664215087890625
-0.00858306884765625 0.0916213989257813 0.112007141113281 -0.0445632934570313
-0.094635009765625 0.03704833984375 0.1529541015625 -0.150527954101563
-0.118507385253906 -0.0658111572265625 0.3436279296875 -0.26055908203125
-0.0596847534179688 -0.121849060058594 0.67083740234375 -0.0684814453125
-0.33837890625 0.0213012695312501 0.193893432617187 -0.10638427734375
-0.27386474609375 0.201736450195313 0.0324554443359375 -0.0719070434570312
-0.080535888671875 0.29345703125 -0.0239715576171875 0.0834808349609375
0.136947631835937 0.221237182617188 0.120925903320313 0.143280029296875
0.220672607421875 0.086883544921875 0.215362548828125 0.06689453125
0.227294921875 -0.0778656005859375 0.278488159179687 -0.10198974609375
0.180099487304688 -0.169143676757813 0.241744995117188 -0.225021362304688
0.175048828125 -0.139404296875 0.175567626953125 -0.22930908203125
0.206008911132813 -0.142425537109375 0.17413330078125 -0.194442749023438
0.24432373046875 -0.0346832275390625 0.199737548828125 -0.1304931640625
0.199798583984375 0.122589111328125 0.118507385253906 -0.073516845703125
0.0662689208984375 0.218109130859375 0.074951171875 -0.0753555297851562
-0.154983520507812 0.194290161132812 0.13909912109375 -0.197982788085938
-0.271636962890625 0.0781097412109375 0.33837890625 -0.28472900390625
-0.258102416992188 -0.0333709716796875 0.65240478515625 -0.105712890625
-0.49566650390625 0.0997924804687501 0.0802536010742187 -0.0992660522460938
-0.373382568359375 0.30621337890625 -0.0237350463867188 -0.0419998168945312
-0.13067626953125 0.4190673828125 -0.0364761352539063 0.0809326171875
0.165740966796875 0.341522216796875 0.08660888671875 0.117179870605469
0.306121826171875 0.15472412109375 0.143722534179688 0.0685882568359375
0.34716796875 -0.078460693359375 0.19854736328125 -0.05596923828125
0.280853271484375 -0.212615966796875 0.1746826171875 -0.145355224609375
0.269271850585938 -0.1820068359375 0.116958618164063 -0.142898559570313
0.3131103515625 -0.192291259765625 0.102745056152344 -0.113983154296875
0.36163330078125 -0.0521240234375 0.113838195800781 -0.093505859375
0.312225341796875 0.1734619140625 0.0313720703125 -0.0761947631835937
0.14459228515625 0.32171630859375 0.01971435546875 -0.110313415527344
-0.189910888671875 0.344268798828125 0.110565185546875 -0.240341186523438
-0.393341064453125 0.228179931640625 0.3040771484375 -0.286651611328125
-0.425445556640625 0.066131591796875 0.5667724609375 -0.125
-0.57537841796875 0.17572021484375 -0.071868896484375 -0.0798721313476562
-0.411590576171875 0.385955810546875 -0.0979995727539063 0.00694274902343751
-0.14373779296875 0.5008544921875 -0.0472869873046875 0.0837860107421875
0.190765380859375 0.413848876953125 0.043426513671875 0.0832443237304688
0.35821533203125 0.193511962890625 0.0543479919433594 0.0616226196289063
0.417388916015625 -0.07421875 0.0924530029296875 -0.00261688232421875
0.339202880859375 -0.228546142578125 0.0826339721679688 -0.046356201171875
0.322479248046875 -0.1982421875 0.04083251953125 -0.0356636047363281
0.37567138671875 -0.21392822265625 0.0139331817626953 -0.0124540328979492
0.42840576171875 -0.0615234375 0.00287246704101565 -0.037841796875
0.3837890625 0.200927734375 -0.0732574462890625 -0.0641937255859375
0.2073974609375 0.38690185546875 -0.0494232177734375 -0.135337829589844
-0.19964599609375 0.45526123046875 0.068572998046875 -0.257675170898437
-0.4635009765625 0.349334716796875 0.236862182617187 -0.24566650390625
-0.530548095703125 0.152435302734375 0.415924072265625 -0.117401123046875
-0.56597900390625 0.2325439453125 -0.239852905273438 -0.044708251953125
-0.38250732421875 0.418212890625 -0.176010131835938 0.0669403076171875
-0.118896484375 0.51165771484375 -0.059112548828125 0.0872116088867188
0.199676513671875 0.418121337890625 -0.0100784301757812 0.0457000732421875
0.359130859375 0.1964111328125 -0.0436935424804687 0.0535507202148438
0.424774169921875 -0.06329345703125 -0.0262947082519531 0.0527000427246094
0.346588134765625 -0.210968017578125 -0.0213470458984375 0.0582847595214844
0.32684326171875 -0.185455322265625 -0.0416259765625 0.0775909423828125
0.380584716796875 -0.2027587890625 -0.0802688598632812 0.0938262939453125
0.428955078125 -0.05682373046875 -0.116111755371094 0.0287628173828125
0.390289306640625 0.204742431640625 -0.178268432617187 -0.041290283203125
0.2255859375 0.388458251953125 -0.11871337890625 -0.143539428710938
-0.188873291015625 0.482269287109375 0.0193634033203125 -0.240158081054687
-0.463226318359375 0.396484375 0.146163940429687 -0.16436767578125
-0.548858642578125 0.203033447265625 0.224136352539062 -0.083404541015625
-0.4730224609375 0.259735107421875 -0.398284912109375 0.00161743164062506
-0.29229736328125 0.39111328125 -0.246597290039063 0.127227783203125
-0.067108154296875 0.437896728515625 -0.070770263671875 0.0902557373046875
0.1788330078125 0.34429931640625 -0.0662689208984375 0.0158729553222656
0.302001953125 0.15826416015625 -0.131385803222656 0.0475387573242188
0.36175537109375 -0.048065185546875 -0.134170532226563 0.103813171386719
0.299102783203125 -0.16259765625 -0.118438720703125 0.152908325195312
0.280654907226563 -0.1451416015625 -0.117889404296875 0.177764892578125
0.33026123046875 -0.156097412109375 -0.166412353515625 0.186126708984375
0.359039306640625 -0.029083251953125 -0.223373413085937 0.0909576416015625
0.3162841796875 0.18621826171875 -0.26019287109375 -0.019195556640625
0.178375244140625 0.325714111328125 -0.170242309570313 -0.140228271484375
-0.164703369140625 0.40155029296875 -0.0194091796875 -0.197555541992187
-0.3887939453125 0.349700927734375 0.0546112060546875 -0.0683250427246093
-0.4732666015625 0.2042236328125 0.0277900695800781 -0.0398025512695312
-0.312744140625 0.249114990234375 -0.526153564453125 0.0491027832031249
-0.16217041015625 0.30645751953125 -0.302032470703125 0.176483154296875
-0.00308227539062503 0.294189453125 -0.0804061889648438 0.0957183837890625
0.12982177734375 0.21148681640625 -0.1085205078125 0.000137329101562504
0.194839477539062 0.0916900634765625 -0.187149047851563 0.043121337890625
0.239334106445313 -0.0284881591796875 -0.210784912109375 0.139572143554687
0.204025268554688 -0.0899200439453125 -0.191696166992188 0.221908569335938
0.192779541015625 -0.083038330078125 -0.176849365234375 0.250640869140625
0.2308349609375 -0.083770751953125 -0.232040405273438 0.246963500976562
0.23291015625 0.01104736328125 -0.3028564453125 0.130889892578125
0.1844482421875 0.14727783203125 -0.3040771484375 -0.01025390625
0.0862579345703125 0.209854125976563 -0.190093994140625 -0.136016845703125
-0.125457763671875 0.240158081054688 -0.0364532470703125 -0.148101806640625
-0.252059936523438 0.226730346679687 -0.0185089111328125 0.012939453125
-0.31781005859375 0.162811279296875 -0.138725280761719 -0.00325012207031247
-0.110321044921875 0.203826904296875 -0.60809326171875 0.0925903320312501
-0.0180206298828125 0.184814453125 -0.33795166015625 0.2158203125
0.0627365112304687 0.122016906738281 -0.0826416015625 0.112991333007813
0.0719985961914063 0.053680419921875 -0.124664306640625 0.00526428222656252
0.0671272277832031 0.0097503662109375 -0.198776245117188 0.041839599609375
0.0836715698242188 -0.00682830810546875 -0.241546630859375 0.155410766601562
0.07928466796875 -0.00635528564453125 -0.228805541992188 0.256072998046875
0.075653076171875 -0.00875091552734375 -0.2073974609375 0.285797119140625
0.0984039306640625 -0.00048065185546875 -0.26934814453125 0.269058227539063
0.077056884765625 0.0486373901367188 -0.343292236328125 0.1412353515625
0.0313796997070312 0.0881423950195313 -0.30859375 -0.0166015625
-0.0110588073730469 0.0697288513183594 -0.181594848632812 -0.135101318359375
-0.0640792846679688 0.0524635314941406 -0.0318527221679687 -0.109016418457031
-0.077392578125 0.0777511596679688 -0.060394287109375 0.0589981079101563
-0.10955810546875 0.101722717285156 -0.245986938476562 0.0216064453125
-0.123886108398437 -0.0525054931640625 0.267623901367188 -0.108169555664063
-0.125694274902344 0.0809860229492187 0.0677337646484375 -0.0860977172851563
-0.00550079345703126 0.135444641113281 -0.00685882568359375 0.0924072265625
0.0975418090820313 0.0694656372070313 0.156051635742188 0.15771484375
0.111167907714844 0.00313568115234375 0.2740478515625 0.05206298828125
0.0750198364257813 -0.0685806274414063 0.328033447265625 -0.146453857421875
0.0464859008789063 -0.101837158203125 0.277099609375 -0.284698486328125
0.0478897094726563 -0.07843017578125 0.210479736328125 -0.2867431640625
0.0587081909179688 -0.077392578125 0.218963623046875 -0.248565673828125
0.0903549194335938 -0.0217666625976563 0.254013061523438 -0.154205322265625
0.06781005859375 0.0478744506835938 0.180938720703125 -0.06781005859375
-0.00493621826171874 0.0894699096679688 0.114082336425781 -0.044677734375
-0.088897705078125 0.0379638671875 0.151473999023438 -0.155670166015625
-0.116378784179688 -0.0593032836914063 0.349639892578125 -0.26739501953125
-0.059844970703125 -0.113700866699219 0.6883544921875 -0.07403564453125
-0.339599609375 0.02667236328125 0.213882446289062 -0.107894897460937
-0.268936157226563 0.20648193359375 0.0412139892578125 -0.0743637084960938
-0.075958251953125 0.29498291015625 -0.0214004516601563 0.0812149047851563
0.13812255859375 0.219863891601563 0.125274658203125 0.141647338867188
0.222137451171875 0.0838165283203125 0.221359252929688 0.0651397705078125
0.227188110351563 -0.0819091796875 0.284271240234375 -0.10723876953125
0.175994873046875 -0.172286987304687 0.246612548828125 -0.232803344726562
0.17266845703125 -0.144195556640625 0.179733276367188 -0.23529052734375
0.202056884765625 -0.149307250976563 0.180160522460938 -0.199005126953125
0.245697021484375 -0.0431365966796875 0.205032348632813 -0.135391235351563
0.206024169921875 0.118423461914063 0.120834350585938 -0.0734024047851563
0.07220458984375 0.22100830078125 0.0769195556640625 -0.0732498168945313
-0.15264892578125 0.202407836914062 0.136077880859375 -0.20074462890625
-0.273956298828125 0.09088134765625 0.3433837890625 -0.290435791015625
-0.265777587890625 -0.023712158203125 0.66888427734375 -0.10894775390625
-0.5025634765625 0.107391357421875 0.0979232788085937 -0.0983734130859375
-0.373626708984375 0.314697265625 -0.0155677795410156 -0.042724609375
-0.127410888671875 0.427032470703125 -0.0337600708007813 0.0793991088867188
0.17047119140625 0.34588623046875 0.0915145874023438 0.116958618164063
0.31085205078125 0.153533935546875 0.1502685546875 0.0669403076171875
0.3497314453125 -0.08367919921875 0.204986572265625 -0.0599822998046875
0.28021240234375 -0.218902587890625 0.179275512695313 -0.15252685546875
0.269134521484375 -0.188934326171875 0.122711181640625 -0.148056030273438
0.3145751953125 -0.2020263671875 0.110763549804688 -0.117721557617188
0.36749267578125 -0.0614013671875 0.118804931640625 -0.0975494384765625
0.323822021484375 0.17108154296875 0.0336761474609375 -0.0733108520507812
0.15325927734375 0.328369140625 0.0203781127929688 -0.106643676757813
-0.190704345703125 0.3585205078125 0.107650756835938 -0.241073608398437
-0.40020751953125 0.2440185546875 0.30694580078125 -0.28961181640625
-0.439178466796875 0.075469970703125 0.5792236328125 -0.12628173828125
-0.58966064453125 0.18157958984375 -0.0597381591796875 -0.075775146484375
-0.416473388671875 0.3946533203125 -0.0916061401367188 0.00894165039062501
-0.141845703125 0.513519287109375 -0.0442886352539063 0.0837020874023438
0.19866943359375 0.42303466796875 0.0481033325195313 0.0820465087890625
0.367095947265625 0.19476318359375 0.0602149963378906 0.0612411499023438
0.42608642578125 -0.079925537109375 0.100112915039063 -0.00553894042968751
0.343017578125 -0.237030029296875 0.0870895385742188 -0.0514373779296875
0.325714111328125 -0.206329345703125 0.0462303161621094 -0.0387191772460938
0.3795166015625 -0.225494384765625 0.021413803100586 -0.0135211944580078
0.4375 -0.071441650390625 0.00728607177734378 -0.0392494201660156
0.399078369140625 0.202178955078125 -0.07269287109375 -0.060272216796875
0.21710205078125 0.396575927734375 -0.0498886108398437 -0.131294250488281
-0.201812744140625 0.472015380859375 0.066162109375 -0.257705688476563
-0.47265625 0.366302490234375 0.2376708984375 -0.246047973632812
-0.54742431640625 0.1597900390625 0.423065185546875 -0.116119384765625
-0.58172607421875 0.240234375 -0.233489990234375 -0.0387115478515625
-0.39263916015625 0.4295654296875 -0.172134399414063 0.07232666015625
-0.117645263671875 0.528717041015625 -0.0560684204101562 0.08917236328125
0.210479736328125 0.430938720703125 -0.00676345825195312 0.0460090637207032
0.3697509765625 0.199615478515625 -0.0393257141113281 0.0536994934082031
0.4366455078125 -0.071533203125 -0.0204048156738281 0.0519790649414062
0.3524169921875 -0.220062255859375 -0.0177154541015625 0.0563583374023437
0.3333740234375 -0.194122314453125 -0.0369644165039062 0.0763702392578125
0.387237548828125 -0.213958740234375 -0.0739288330078125 0.0946578979492187
0.43975830078125 -0.06536865234375 -0.113296508789062 0.030242919921875
0.404876708984375 0.20672607421875 -0.178741455078125 -0.0354766845703125
0.23590087890625 0.400299072265625 -0.120796203613281 -0.139183044433594
-0.192596435546875 0.501068115234375 0.0172882080078125 -0.238021850585937
-0.47454833984375 0.41363525390625 0.146347045898437 -0.162399291992187
-0.567138671875 0.20672607421875 0.22357177734375 -0.08074951171875
-0.490203857421875 0.26397705078125 -0.40020751953125 0.00924682617187498
-0.303131103515625 0.40155029296875 -0.245559692382813 0.13555908203125
-0.067138671875 0.454833984375 -0.0682830810546875 0.0930328369140625
0.18731689453125 0.359161376953125 -0.0639114379882812 0.0167655944824219
0.3126220703125 0.163482666015625 -0.129829406738281 0.0493850708007813
0.373779296875 -0.054443359375 -0.13031005859375 0.105178833007813
0.306854248046875 -0.17205810546875 -0.115921020507812 0.154861450195312
0.290435791015625 -0.15179443359375 -0.114959716796875 0.179107666015625
0.33905029296875 -0.165863037109375 -0.161514282226562 0.189682006835938
0.371002197265625 -0.0347900390625 -0.221939086914062 0.0948638916015625
0.330596923828125 0.18988037109375 -0.262527465820313 -0.0124053955078125
0.18450927734375 0.3360595703125 -0.173095703125 -0.135330200195312
-0.17022705078125 0.416961669921875 -0.0208740234375 -0.193771362304687
-0.400604248046875 0.3626708984375 0.0529708862304687 -0.0642471313476562
-0.491455078125 0.204254150390625 0.0197982788085937 -0.0350990295410156
-0.326171875 0.2486572265625 -0.535064697265625 0.057373046875
-0.17376708984375 0.31195068359375 -0.305633544921875 0.185821533203125
-0.00668334960937501 0.307525634765625 -0.0795974731445312 0.100181579589844
0.136077880859375 0.225082397460938 -0.108345031738281 0.00115203857421874
0.203140258789063 0.0965423583984375 -0.187576293945313 0.0445709228515625
0.250991821289063 -0.0318603515625 -0.210006713867187 0.143798828125
0.213241577148438 -0.096954345703125 -0.192108154296875 0.227081298828125
0.201416015625 -0.087432861328125 -0.175643920898438 0.254562377929688
0.23968505859375 -0.0899505615234375 -0.228683471679688 0.251953125
0.244232177734375 0.007232666015625 -0.302154541015625 0.136749267578125
0.195083618164063 0.152099609375 -0.30731201171875 -0.00424194335937504
0.089691162109375 0.220550537109375 -0.193710327148438 -0.131607055664062
-0.133392333984375 0.252731323242188 -0.037750244140625 -0.145095825195312
-0.262985229492187 0.2342529296875 -0.0222053527832031 0.0165023803710938
-0.332244873046875 0.160186767578125 -0.152481079101563 0.00198364257812498
-0.117431640625 0.200775146484375 -0.62255859375 0.10284423828125
-0.0269012451171875 0.185409545898438 -0.34393310546875 0.226409912109375
0.0579605102539062 0.127967834472656 -0.0812911987304688 0.116958618164063
0.0722198486328125 0.0628280639648438 -0.12542724609375 0.00539398193359373
0.0703582763671875 0.0147781372070312 -0.201812744140625 0.0428466796875
0.0918426513671875 -0.00710296630859375 -0.244232177734375 0.159378051757813
0.0876617431640625 -0.0101242065429688 -0.231689453125 0.263214111328125
0.0830535888671875 -0.0105209350585937 -0.20904541015625 0.291290283203125
0.105949401855469 -0.00363922119140625 -0.26910400390625 0.276077270507813
0.0870361328125 0.0483322143554688 -0.344268798828125 0.14862060546875
0.0389404296875 0.0935287475585937 -0.3131103515625 -0.01171875
-0.0101852416992187 0.0774078369140625 -0.1854248046875 -0.13238525390625
-0.0716171264648438 0.06005859375 -0.03302001953125 -0.106849670410156
-0.0864105224609375 0.0793838500976562 -0.0665245056152344 0.0626869201660156
-0.12005615234375 0.0967864990234375 -0.263900756835938 0.0256652832031251
-0.122886657714844 -0.0473785400390625 0.289703369140625 -0.121002197265625
-0.118682861328125 0.08636474609375 0.0761337280273437 -0.0932693481445313
0.00109100341796875 0.134254455566406 -0.00333404541015625 0.091278076171875
0.0988540649414063 0.0629348754882813 0.165878295898438 0.155593872070313
0.110450744628906 -0.0025177001953125 0.283843994140625 0.04486083984375
0.071014404296875 -0.0727462768554688 0.3343505859375 -0.16143798828125
0.0401687622070312 -0.104583740234375 0.27862548828125 -0.30352783203125
0.0419769287109375 -0.082366943359375 0.211212158203125 -0.3031005859375
0.05206298828125 -0.0816268920898438 0.222000122070313 -0.263137817382813
0.0872879028320313 -0.0291671752929688 0.25848388671875 -0.167510986328125
0.0704193115234375 0.043182373046875 0.18646240234375 -0.0742645263671875
6.86645507812446E-05 0.0887451171875 0.118057250976563 -0.0490341186523438
-0.0848007202148438 0.0407638549804687 0.148529052734375 -0.16741943359375
-0.117477416992187 -0.0522232055664063 0.354522705078125 -0.2862548828125
-0.0615921020507812 -0.1063232421875 0.71673583984375 -0.09405517578125
-0.34771728515625 0.0391845703125 0.236343383789062 -0.11602783203125
-0.265579223632813 0.219879150390625 0.050201416015625 -0.0788345336914062
-0.068115234375 0.303131103515625 -0.01788330078125 0.081512451171875
0.14617919921875 0.219345092773438 0.134407043457031 0.140342712402344
0.22967529296875 0.0791015625 0.231781005859375 0.06024169921875
0.229904174804687 -0.09051513671875 0.2913818359375 -0.12054443359375
0.173507690429688 -0.18194580078125 0.249649047851562 -0.2503662109375
0.170166015625 -0.15423583984375 0.183074951171875 -0.2493896484375
0.199432373046875 -0.162734985351562 0.184646606445312 -0.211624145507813
0.250015258789062 -0.0560302734375 0.210220336914063 -0.147735595703125
0.217788696289063 0.112686157226563 0.124519348144531 -0.0769577026367188
0.0858154296875 0.226699829101562 0.0790252685546875 -0.0759963989257813
-0.147872924804687 0.218154907226562 0.133163452148438 -0.210311889648437
-0.280105590820313 0.109848022460938 0.3482666015625 -0.30810546875
-0.276031494140625 -0.00942993164062505 0.694580078125 -0.12713623046875
-0.519683837890625 0.124847412109375 0.115097045898437 -0.101356506347656
-0.37530517578125 0.334991455078125 -0.00720977783203127 -0.0424880981445312
-0.11822509765625 0.444244384765625 -0.0293960571289063 0.0813064575195313
0.186553955078125 0.35223388671875 0.0996322631835938 0.115776062011719
0.324859619140625 0.15045166015625 0.160247802734375 0.0634307861328125
0.359527587890625 -0.09808349609375 0.214370727539063 -0.0697784423828125
0.281524658203125 -0.235137939453125 0.184707641601563 -0.1654052734375
0.271728515625 -0.204666137695313 0.127395629882813 -0.159469604492187
0.316192626953125 -0.221923828125 0.117034912109375 -0.125328063964844
0.37896728515625 -0.07916259765625 0.12261962890625 -0.10614013671875
0.344329833984375 0.165802001953125 0.034088134765625 -0.0747222900390625
0.171051025390625 0.3380126953125 0.0198822021484375 -0.107688903808594
-0.1856689453125 0.382598876953125 0.10369873046875 -0.249893188476562
-0.408203125 0.273040771484375 0.311370849609375 -0.304840087890625
-0.45770263671875 0.0953063964843749 0.59912109375 -0.1422119140625
-0.6087646484375 0.205078125 -0.048583984375 -0.0723495483398437
-0.421905517578125 0.421112060546875 -0.0850601196289063 0.0137939453125
-0.130859375 0.539703369140625 -0.0396728515625 0.0862884521484375
0.22021484375 0.434722900390625 0.055084228515625 0.0816116333007813
0.386138916015625 0.19256591796875 0.0678176879882813 0.0601272583007813
0.440582275390625 -0.097930908203125 0.107002258300781 -0.0109176635742188
0.34735107421875 -0.257049560546875 0.0923004150390625 -0.059295654296875
0.331878662109375 -0.225860595703125 0.0519828796386719 -0.0449981689453125
0.387054443359375 -0.249664306640625 0.0280189514160156 -0.0159950256347656
0.453155517578125 -0.093780517578125 0.00954055786132815 -0.0427513122558594
0.4241943359375 0.19647216796875 -0.0750656127929687 -0.0567474365234375
0.2391357421875 0.40948486328125 -0.0535888671875 -0.129386901855469
-0.197021484375 0.5028076171875 0.060455322265625 -0.262176513671875
-0.48175048828125 0.402191162109375 0.240371704101563 -0.2559814453125
-0.56854248046875 0.1807861328125 0.434417724609375 -0.126617431640625
-0.60400390625 0.261962890625 -0.231857299804688 -0.02801513671875
-0.39801025390625 0.456573486328125 -0.169265747070313 0.082733154296875
-0.1075439453125 0.557830810546875 -0.0510330200195313 0.0938262939453125
0.23370361328125 0.44744873046875 -0.00281143188476562 0.0469245910644531
0.39312744140625 0.198883056640625 -0.0353584289550781 0.0553512573242188
0.454559326171875 -0.088653564453125 -0.0142478942871093 0.0527534484863281
0.35986328125 -0.24176025390625 -0.0133514404296875 0.0569000244140625
0.34222412109375 -0.2138671875 -0.031768798828125 0.0769729614257812
0.3966064453125 -0.2373046875 -0.0671157836914062 0.0987625122070312
0.458251953125 -0.084075927734375 -0.112556457519531 0.0337677001953125
0.431976318359375 0.20294189453125 -0.183853149414062 -0.028076171875
0.25714111328125 0.414764404296875 -0.126922607421875 -0.133811950683594
-0.189300537109375 0.532196044921875 0.0125732421875 -0.240325927734375
-0.48370361328125 0.448577880859375 0.145660400390625 -0.165618896484375
-0.591064453125 0.22869873046875 0.22515869140625 -0.083221435546875
-0.5098876953125 0.283172607421875 -0.407958984375 0.026580810546875
-0.31158447265625 0.424102783203125 -0.246505737304688 0.152435302734375
-0.059173583984375 0.481658935546875 -0.0654678344726563 0.100212097167969
0.208648681640625 0.37646484375 -0.0634078979492187 0.0190582275390625
0.33294677734375 0.16400146484375 -0.129379272460937 0.0531005859375
0.39251708984375 -0.07000732421875 -0.127792358398437 0.111289978027344
0.31622314453125 -0.19091796875 -0.112869262695312 0.16229248046875
0.30059814453125 -0.1685791015625 -0.110366821289062 0.185684204101563
0.349395751953125 -0.18658447265625 -0.155899047851562 0.200576782226563
0.3883056640625 -0.050994873046875 -0.222396850585938 0.103836059570312
0.35540771484375 0.188323974609375 -0.270111083984375 -0.0034027099609375
0.202362060546875 0.35015869140625 -0.180282592773438 -0.129928588867188
-0.169189453125 0.445404052734375 -0.02593994140625 -0.1942138671875
-0.41064453125 0.391265869140625 0.0514488220214843 -0.0625877380371093
-0.514373779296875 0.221160888671875 0.0118732452392578 -0.0314216613769531
-0.3419189453125 0.26080322265625 -0.553070068359375 0.07879638671875
-0.182098388671875 0.327423095703125 -0.309600830078125 0.207733154296875
-0.001708984375 0.32623291015625 -0.0767822265625 0.107597351074219
0.149932861328125 0.239028930664063 -0.109909057617187 0.00459289550781253
0.217987060546875 0.100341796875 -0.190399169921875 0.05084228515625
0.266769409179688 -0.0417938232421875 -0.210693359375 0.153778076171875
0.223434448242188 -0.1114501953125 -0.191482543945313 0.24072265625
0.211990356445313 -0.0986328125 -0.172271728515625 0.2666015625
0.250991821289063 -0.10406494140625 -0.225799560546875 0.267257690429688
0.259506225585938 -0.0020751953125 -0.30487060546875 0.150238037109375
0.213653564453125 0.1546630859375 -0.3162841796875 0.00704956054687504
0.09930419921875 0.23272705078125 -0.203689575195313 -0.126922607421875
-0.136428833007812 0.271896362304688 -0.041412353515625 -0.14483642578125
-0.27362060546875 0.251846313476563 -0.0260601043701172 0.0226459503173828
-0.34979248046875 0.1683349609375 -0.169021606445313 0.011627197265625
-0.124969482421875 0.2044677734375 -0.6484375 0.1253662109375
-0.034271240234375 0.191162109375 -0.351837158203125 0.24761962890625
0.0575027465820312 0.134567260742187 -0.0795059204101562 0.125541687011719
0.0776824951171875 0.0714035034179688 -0.128669738769531 0.0100555419921875
0.07550048828125 0.0197219848632813 -0.20697021484375 0.0481414794921875
0.101043701171875 -0.011474609375 -0.247406005859375 0.1707763671875
0.0958404541015625 -0.0168838500976563 -0.233367919921875 0.280349731445313
0.0914306640625 -0.0150985717773438 -0.208282470703125 0.305206298828125
0.114906311035156 -0.00885009765625 -0.26824951171875 0.2930908203125
0.097900390625 0.045501708984375 -0.34881591796875 0.165283203125
0.0500946044921875 0.0994720458984375 -0.323760986328125 -0.000549316406250015
-0.00806427001953125 0.0860595703125 -0.195831298828125 -0.129562377929688
-0.0779571533203125 0.0697097778320313 -0.0366744995117188 -0.107383728027344
-0.0946502685546875 0.086334228515625 -0.072265625 0.06964111328125
-0.130783081054688 0.0961074829101562 -0.287689208984375 0.0372619628906251
-0.121261596679687 -0.04022216796875 0.30767822265625 -0.144927978515625
-0.108695983886719 0.094390869140625 0.0812759399414063 -0.104331970214844
0.010711669921875 0.13189697265625 0.00244140624999999 0.0899276733398438
0.100494384765625 0.0537948608398438 0.179336547851563 0.147491455078125
0.109779357910156 -0.011993408203125 0.294464111328125 0.029998779296875
0.0649337768554688 -0.078582763671875 0.332794189453125 -0.186279296875
0.0312042236328125 -0.106986999511719 0.2711181640625 -0.330718994140625
0.0335617065429688 -0.0850677490234375 0.202484130859375 -0.3250732421875
0.0420761108398438 -0.0867385864257813 0.216339111328125 -0.284576416015625
0.0832977294921875 -0.0377044677734375 0.257247924804688 -0.187713623046875
0.0732574462890625 0.036224365234375 0.188583374023437 -0.0864715576171875
0.00710296630859374 0.08782958984375 0.120635986328125 -0.0569610595703125
-0.0802001953125 0.0449676513671875 0.140533447265625 -0.180740356445313
-0.119125366210938 -0.0428466796875 0.3516845703125 -0.3157958984375
-0.0640182495117188 -0.0974273681640625 0.74078369140625 -0.1357421875
-0.352874755859375 0.0621643066406249 0.2548828125 -0.134414672851562
-0.254714965820312 0.240081787109375 0.0569534301757812 -0.0858001708984375
-0.05126953125 0.31207275390625 -0.0127105712890625 0.0818862915039063
0.159881591796875 0.214996337890625 0.147369384765625 0.134246826171875
0.238983154296875 0.06719970703125 0.242813110351563 0.0475921630859375
0.23004150390625 -0.106475830078125 0.294403076171875 -0.14154052734375
0.166091918945313 -0.196121215820313 0.244338989257813 -0.274459838867188
0.163558959960938 -0.168624877929688 0.178985595703125 -0.269805908203125
0.192459106445313 -0.18035888671875 0.18292236328125 -0.23016357421875
0.251846313476563 -0.0767059326171875 0.209747314453125 -0.165512084960937
0.232376098632813 0.099884033203125 0.125801086425781 -0.0849533081054688
0.104141235351562 0.228164672851563 0.0791168212890625 -0.080810546875
-0.137176513671875 0.2347412109375 0.12353515625 -0.223648071289062
-0.279891967773438 0.136398315429687 0.34423828125 -0.3358154296875
-0.2874755859375 0.013336181640625 0.71612548828125 -0.16796875
-0.528656005859375 0.15948486328125 0.130943298339844 -0.110382080078125
-0.362396240234375 0.364013671875 -0.000339508056640652 -0.0435523986816406
-0.096527099609375 0.4635009765625 -0.0237274169921875 0.0830078125
0.21044921875 0.35321044921875 0.109748840332031 0.111183166503906
0.34368896484375 0.135986328125 0.170211791992188 0.0548095703125
0.3662109375 -0.122894287109375 0.219284057617188 -0.0863037109375
0.276092529296875 -0.258621215820313 0.183197021484375 -0.183624267578125
0.267440795898438 -0.226837158203125 0.12677001953125 -0.175262451171875
0.311492919921875 -0.250152587890625 0.11932373046875 -0.137779235839844
0.3843994140625 -0.109375 0.122871398925781 -0.117683410644531
0.36773681640625 0.148590087890625 0.0328521728515625 -0.075042724609375
0.200775146484375 0.343048095703125 0.0181198120117188 -0.108314514160156
-0.168487548828125 0.4114990234375 0.0914306640625 -0.259063720703125
-0.406890869140625 0.31414794921875 0.30419921875 -0.32672119140625
-0.4708251953125 0.12811279296875 0.6142578125 -0.17620849609375
-0.6226806640625 0.246826171875 -0.0384140014648438 -0.0689811706542969
-0.410797119140625 0.4583740234375 -0.0774993896484375 0.0206222534179688
-0.10418701171875 0.56451416015625 -0.032318115234375 0.0908126831054688
0.25311279296875 0.439117431640625 0.0641326904296875 0.0803070068359375
0.412994384765625 0.1778564453125 0.0769195556640625 0.0558013916015625
0.450958251953125 -0.128143310546875 0.113670349121094 -0.0193557739257813
0.344024658203125 -0.287261962890625 0.09454345703125 -0.0690689086914063
0.330474853515625 -0.25372314453125 0.0554656982421875 -0.0534934997558594
0.38348388671875 -0.283294677734375 0.03582763671875 -0.0204505920410156
0.461822509765625 -0.126312255859375 0.0112991333007813 -0.0459251403808594
0.456024169921875 0.177276611328125 -0.0779342651367187 -0.0512466430664062
0.27471923828125 0.412567138671875 -0.0581817626953125 -0.124687194824219
-0.174957275390625 0.537200927734375 0.0477447509765625 -0.268936157226562
-0.477630615234375 0.449310302734375 0.234237670898437 -0.271102905273438
-0.58624267578125 0.22003173828125 0.44073486328125 -0.148590087890625
-0.61798095703125 0.30487060546875 -0.229156494140625 -0.0128936767578125
-0.389923095703125 0.49627685546875 -0.1611328125 0.098358154296875
-0.0792236328125 0.585693359375 -0.0434188842773438 0.100265502929688
0.270416259765625 0.45330810546875 0.00338363647460939 0.0470237731933594
0.421142578125 0.185516357421875 -0.0295448303222656 0.0576133728027344
0.468597412109375 -0.1217041015625 -0.00676727294921872 0.0532798767089844
0.35955810546875 -0.272674560546875 -0.00702667236328123 0.0558357238769531
0.343017578125 -0.2420654296875 -0.0237579345703125 0.0764389038085937
0.397552490234375 -0.272003173828125 -0.0565948486328125 0.104057312011719
0.4698486328125 -0.119354248046875 -0.110527038574219 0.0398635864257812
0.463592529296875 0.1854248046875 -0.188613891601562 -0.0153350830078125
0.291168212890625 0.4202880859375 -0.134193420410156 -0.125877380371094
-0.16650390625 0.56817626953125 -0.000869750976562495 -0.243148803710938
-0.47698974609375 0.496185302734375 0.141357421875 -0.1724853515625
-0.6072998046875 0.26678466796875 0.225128173828125 -0.09124755859375
-0.523529052734375 0.319183349609375 -0.4127197265625 0.0544738769531251
-0.306640625 0.458648681640625 -0.239593505859375 0.17559814453125
-0.035491943359375 0.5074462890625 -0.0575485229492187 0.108139038085938
0.243316650390625 0.38427734375 -0.0616455078125 0.0225753784179688
0.359375 0.154052734375 -0.126655578613281 0.0602645874023438
0.40704345703125 -0.09820556640625 -0.121109008789062 0.121231079101563
0.319671630859375 -0.22076416015625 -0.105224609375 0.17181396484375
0.30462646484375 -0.194488525390625 -0.0999603271484375 0.194793701171875
0.354095458984375 -0.215576171875 -0.143417358398437 0.212432861328125
0.401641845703125 -0.079437255859375 -0.219329833984375 0.118865966796875
0.384185791015625 0.176116943359375 -0.275161743164063 0.015655517578125
0.23175048828125 0.356536865234375 -0.191024780273437 -0.11895751953125
-0.153961181640625 0.4775390625 -0.0355377197265625 -0.1947021484375
-0.406494140625 0.43084716796875 0.0486907958984375 -0.061370849609375
-0.52947998046875 0.25262451171875 0.00430488586425778 -0.0263214111328125
-0.349365234375 0.28564453125 -0.56414794921875 0.11639404296875
-0.1795654296875 0.350341796875 -0.30621337890625 0.236602783203125
0.0123291015625 0.34381103515625 -0.0694656372070313 0.118003845214844
0.17333984375 0.248687744140625 -0.110504150390625 0.01080322265625
0.236160278320313 0.0958251953125 -0.191619873046875 0.0613555908203125
0.279205322265625 -0.0611114501953125 -0.205276489257813 0.168914794921875
0.229095458984375 -0.131790161132813 -0.182296752929687 0.2579345703125
0.218353271484375 -0.117202758789062 -0.161178588867188 0.28082275390625
0.257781982421875 -0.124679565429687 -0.214080810546875 0.28668212890625
0.27349853515625 -0.021148681640625 -0.301300048828125 0.171844482421875
0.236373901367188 0.149215698242188 -0.323516845703125 0.028076171875
0.117889404296875 0.240936279296875 -0.214584350585938 -0.11474609375
-0.1300048828125 0.295562744140625 -0.049102783203125 -0.14324951171875
-0.273178100585937 0.2786865234375 -0.0279388427734375 0.0287513732910156
-0.36260986328125 0.187591552734375 -0.183929443359375 0.02691650390625
-0.1268310546875 0.21240234375 -0.66650390625 0.16748046875
-0.0339202880859375 0.19866943359375 -0.351287841796875 0.28057861328125
0.0624847412109375 0.141036987304688 -0.073486328125 0.136787414550781
0.0859298706054688 0.0768585205078125 -0.130508422851562 0.0173416137695313
0.0829849243164063 0.020538330078125 -0.209503173828125 0.060699462890625
0.109107971191406 -0.0183029174804688 -0.245513916015625 0.189773559570313
0.102493286132813 -0.0268707275390625 -0.2266845703125 0.3031005859375
0.0983657836914063 -0.0227432250976563 -0.19793701171875 0.325958251953125
0.123428344726563 -0.018096923828125 -0.2581787109375 0.315887451171875
0.108833312988281 0.0392303466796875 -0.346405029296875 0.190887451171875
0.0636062622070313 0.101776123046875 -0.33233642578125 0.020050048828125
-0.0016021728515625 0.09539794921875 -0.208145141601563 -0.1190185546875
-0.0809783935546875 0.0827255249023437 -0.04290771484375 -0.106002807617188
-0.100074768066406 0.0955581665039063 -0.0747528076171875 0.0795364379882813
-0.139289855957031 0.100227355957031 -0.30682373046875 0.05999755859375
-0.1185302734375 -0.0308685302734375 0.314666748046875 -0.17315673828125
-0.0944900512695312 0.0998458862304688 0.0825576782226563 -0.114448547363281
0.0211181640625 0.126213073730469 0.00836944580078125 0.0867691040039063
0.100151062011719 0.0435256958007813 0.1888427734375 0.132827758789063
0.104713439941406 -0.0209732055664063 0.297454833984375 0.008209228515625
0.0570831298828125 -0.0819168090820312 0.321075439453125 -0.20947265625
0.0206222534179688 -0.107337951660156 0.249176025390625 -0.353607177734375
0.0229034423828125 -0.0858078002929687 0.18328857421875 -0.341796875
0.0296096801757813 -0.0885162353515625 0.20013427734375 -0.30206298828125
0.07574462890625 -0.0459060668945313 0.246231079101563 -0.207763671875
0.0740509033203125 0.02764892578125 0.184616088867188 -0.100234985351563
0.0158538818359375 0.0849609375 0.11749267578125 -0.0651931762695313
-0.0734710693359375 0.048614501953125 0.126541137695313 -0.191253662109375
-0.117622375488281 -0.0314865112304688 0.33392333984375 -0.34246826171875
-0.0658416748046875 -0.0862579345703125 0.74285888671875 -0.191650390625
-0.34716796875 0.088775634765625 0.2635498046875 -0.157821655273438
-0.2333984375 0.256668090820312 0.0610733032226562 -0.0932388305664063
-0.0291748046875 0.314300537109375 -0.00448608398437501 0.0797576904296875
0.1729736328125 0.203033447265625 0.157135009765625 0.121292114257813
0.2427978515625 0.0498504638671875 0.248443603515625 0.028717041015625
0.221633911132813 -0.123886108398437 0.28631591796875 -0.1650390625
0.151412963867188 -0.207992553710938 0.227752685546875 -0.29681396484375
0.149917602539062 -0.18060302734375 0.163604736328125 -0.28607177734375
0.176315307617188 -0.196182250976563 0.17291259765625 -0.24658203125
0.2442626953125 -0.098297119140625 0.2005615234375 -0.183120727539063
0.241928100585938 0.0810089111328125 0.121871948242188 -0.0931396484375
0.124771118164062 0.223037719726563 0.0767135620117188 -0.0853424072265625
-0.119140625 0.249420166015625 0.10687255859375 -0.231796264648437
-0.2691650390625 0.164215087890625 0.324981689453125 -0.35968017578125
-0.2867431640625 0.039825439453125 0.7154541015625 -0.21942138671875
-0.5220947265625 0.199615478515625 0.14312744140625 -0.12176513671875
-0.33709716796875 0.392425537109375 0.00785827636718748 -0.0451545715332031
-0.062835693359375 0.471832275390625 -0.0154266357421875 0.0828933715820313
0.235931396484375 0.340118408203125 0.120399475097656 0.102081298828125
0.356170654296875 0.113555908203125 0.177154541015625 0.041778564453125
0.359161376953125 -0.152374267578125 0.216903686523438 -0.104278564453125
0.258651733398438 -0.279693603515625 0.174880981445313 -0.201828002929688
0.252593994140625 -0.24993896484375 0.118728637695313 -0.188873291015625
0.292205810546875 -0.27734375 0.11602783203125 -0.150039672851563
0.37841796875 -0.141357421875 0.117256164550781 -0.127708435058594
0.385162353515625 0.1192626953125 0.0303115844726563 -0.0753326416015625
0.23236083984375 0.334320068359375 0.0138320922851563 -0.106170654296875
-0.139312744140625 0.4334716796875 0.0745849609375 -0.264175415039063
-0.38433837890625 0.35113525390625 0.285736083984375 -0.34649658203125
-0.469635009765625 0.16851806640625 0.6097412109375 -0.21881103515625
-0.614501953125 0.29498291015625 -0.0274772644042969 -0.0676422119140625
-0.382232666015625 0.491912841796875 -0.0662765502929688 0.0260772705078125
-0.0634765625 0.5767822265625 -0.0230941772460937 0.0916748046875001
0.289703369140625 0.426116943359375 0.0727920532226563 0.0747756958007813
0.431182861328125 0.14892578125 0.0835342407226563 0.0491409301757813
0.446746826171875 -0.16558837890625 0.116943359375 -0.0301437377929688
0.32666015625 -0.31536865234375 0.0921096801757813 -0.0803375244140625
0.3155517578125 -0.280853271484375 0.0566787719726563 -0.062744140625
0.366058349609375 -0.31756591796875 0.0403175354003906 -0.0263252258300781
0.455291748046875 -0.16583251953125 0.00934600830078128 -0.0479736328125
0.477508544921875 0.14361572265625 -0.07928466796875 -0.0424652099609375
0.311492919921875 0.400482177734375 -0.063232421875 -0.118049621582031
-0.138702392578125 0.5615234375 0.0310516357421875 -0.269775390625
-0.448394775390625 0.493377685546875 0.21893310546875 -0.282562255859375
-0.58154296875 0.265869140625 0.434906005859375 -0.176513671875
-0.6094970703125 0.352294921875 -0.217178344726563 0.00491333007812503
-0.35931396484375 0.528778076171875 -0.14501953125 0.112472534179688
-0.0373535156250001 0.60040283203125 -0.0333175659179688 0.1033935546875
0.3094482421875 0.44268798828125 0.00956344604492189 0.0466804504394532
0.443389892578125 0.157470703125 -0.0225486755371094 0.0587310791015625
0.46514892578125 -0.160430908203125 0.00159454345703128 0.0512809753417969
0.345489501953125 -0.306549072265625 -0.000907897949218732 0.0525398254394531
0.331268310546875 -0.272613525390625 -0.0157394409179687 0.0730133056640625
0.382110595703125 -0.307708740234375 -0.042938232421875 0.105613708496094
0.465240478515625 -0.1580810546875 -0.105308532714844 0.0461807250976563
0.489227294921875 0.1534423828125 -0.187896728515625 0.00100708007812503
0.328277587890625 0.406768798828125 -0.139572143554687 -0.11328125
-0.12786865234375 0.5914306640625 -0.0142669677734375 -0.240646362304687
-0.44744873046875 0.5379638671875 0.131973266601562 -0.178543090820312
-0.6025390625 0.3096923828125 0.217987060546875 -0.102005004882813
-0.513031005859375 0.3597412109375 -0.404205322265625 0.08538818359375
-0.2835693359375 0.4864501953125 -0.222763061523438 0.196670532226563
-0.000335693359375051 0.519500732421875 -0.044830322265625 0.113677978515625
0.280059814453125 0.37677001953125 -0.0563316345214844 0.0259857177734375
0.379150390625 0.131561279296875 -0.1197509765625 0.0678634643554688
0.408447265625 -0.134063720703125 -0.109054565429687 0.127998352050781
0.3094482421875 -0.249053955078125 -0.0907440185546875 0.178512573242187
0.297027587890625 -0.221435546875 -0.08544921875 0.197967529296875
0.34393310546875 -0.2479248046875 -0.124603271484375 0.222396850585938
0.40167236328125 -0.11309814453125 -0.210174560546875 0.134048461914063
0.4066162109375 0.149688720703125 -0.27392578125 0.0381317138671875
0.263519287109375 0.348358154296875 -0.196090698242188 -0.10113525390625
-0.123748779296875 0.499359130859375 -0.0464935302734375 -0.189102172851562
-0.382568359375 0.4658203125 0.0448112487792969 -0.0600090026855469
-0.526641845703125 0.289031982421875 -0.00238037109375003 -0.019601821899414
-0.34442138671875 0.311553955078125 -0.558990478515625 0.158447265625
-0.166351318359375 0.367218017578125 -0.287567138671875 0.264556884765625
0.03326416015625 0.35345458984375 -0.0575485229492187 0.127250671386719
0.197647094726563 0.243759155273438 -0.108779907226562 0.0180740356445313
0.250839233398437 0.082611083984375 -0.186141967773437 0.0740966796875
0.28179931640625 -0.08587646484375 -0.191879272460937 0.18365478515625
0.226028442382812 -0.154342651367187 -0.16448974609375 0.274032592773438
0.21539306640625 -0.137603759765625 -0.142425537109375 0.291595458984375
0.253692626953125 -0.148361206054688 -0.19140625 0.302825927734375
0.27728271484375 -0.0435333251953125 -0.289306640625 0.192626953125
0.255416870117188 0.133834838867188 -0.322113037109375 0.0545654296875
0.138748168945313 0.240310668945312 -0.221786499023438 -0.0966339111328125
-0.113494873046875 0.31402587890625 -0.0572280883789063 -0.136039733886719
-0.2603759765625 0.30267333984375 -0.0271072387695313 0.0351715087890625
-0.3624267578125 0.2098388671875 -0.190933227539063 0.0481719970703125
-0.121414184570313 0.21966552734375 -0.66339111328125 0.21875
-0.028472900390625 0.203384399414063 -0.33392333984375 0.312774658203125
0.0692596435546875 0.141845703125 -0.0612335205078125 0.145034790039063
0.0960769653320313 0.0774002075195313 -0.129280090332031 0.026580810546875
0.0884780883789062 0.0190963745117187 -0.206939697265625 0.0737152099609375
0.113502502441406 -0.028076171875 -0.232376098632812 0.207794189453125
0.106010437011719 -0.0387802124023438 -0.20703125 0.32293701171875
0.102912902832031 -0.032745361328125 -0.17779541015625 0.339813232421875
0.127761840820313 -0.029998779296875 -0.23651123046875 0.33856201171875
0.116584777832031 0.029022216796875 -0.331390380859375 0.216064453125
0.0777053833007813 0.099151611328125 -0.33111572265625 0.0452575683593751
0.00696563720703125 0.100692749023437 -0.217453002929688 -0.10174560546875
-0.0790786743164063 0.0961456298828125 -0.0484771728515625 -0.101020812988281
-0.0991287231445312 0.106033325195313 -0.0735855102539062 0.087860107421875
-0.143218994140625 0.107528686523437 -0.315399169921875 0.0901184082031251
-0.112228393554688 -0.0233688354492188 0.30877685546875 -0.194091796875
-0.077423095703125 0.100257873535156 0.0807647705078125 -0.121925354003906
0.0284576416015625 0.119171142578125 0.0127334594726562 0.0829620361328125
0.0964584350585938 0.034088134765625 0.192703247070313 0.117050170898437
0.09820556640625 -0.02764892578125 0.29248046875 -0.012603759765625
0.0476760864257813 -0.0837020874023438 0.300048828125 -0.224884033203125
0.0106277465820312 -0.10406494140625 0.2210693359375 -0.361419677734375
0.0138015747070313 -0.0842971801757813 0.159393310546875 -0.34722900390625
0.017730712890625 -0.0878677368164063 0.18096923828125 -0.310699462890625
0.0664138793945313 -0.0504074096679688 0.228042602539063 -0.21856689453125
0.072021484375 0.0196304321289063 0.17510986328125 -0.108139038085937
0.0206375122070313 0.0796966552734375 0.112167358398438 -0.0711135864257813
-0.0665206909179688 0.0486335754394531 0.10833740234375 -0.19366455078125
-0.110572814941406 -0.0206451416015625 0.3077392578125 -0.354583740234375
-0.063201904296875 -0.0753326416015625 0.72216796875 -0.2313232421875
-0.330535888671875 0.107879638671875 0.265899658203125 -0.17529296875
-0.206985473632813 0.262954711914063 0.0642547607421875 -0.098541259765625
-0.00918579101562499 0.306121826171875 0.00103759765625001 0.0755767822265625
0.18121337890625 0.188583374023438 0.162460327148438 0.107254028320313
0.240386962890625 0.0316162109375 0.24407958984375 0.0117340087890625
0.206787109375 -0.1373291015625 0.271896362304688 -0.180221557617188
0.132919311523437 -0.213394165039063 0.206329345703125 -0.303436279296875
0.13531494140625 -0.184310913085938 0.14666748046875 -0.294830322265625
0.155319213867188 -0.204666137695313 0.157135009765625 -0.254287719726562
0.229598999023437 -0.115097045898437 0.186065673828125 -0.192001342773438
0.24395751953125 0.0618743896484375 0.116859436035156 -0.0967025756835938
0.1422119140625 0.207855224609375 0.0707931518554688 -0.0877914428710937
-0.09918212890625 0.253860473632813 0.0913238525390625 -0.232192993164063
-0.250091552734375 0.181671142578125 0.299957275390625 -0.3692626953125
-0.27642822265625 0.062103271484375 0.6932373046875 -0.2601318359375
-0.4984130859375 0.228729248046875 0.150619506835937 -0.134231567382812
-0.3035888671875 0.40057373046875 0.0148582458496094 -0.0481414794921875
-0.033050537109375 0.463897705078125 -0.00834655761718749 0.079833984375
0.253326416015625 0.318634033203125 0.123855590820313 0.0887603759765625
0.355865478515625 0.0865478515625 0.176376342773438 0.028289794921875
0.345977783203125 -0.173828125 0.2117919921875 -0.115997314453125
0.236419677734375 -0.29095458984375 0.1602783203125 -0.209609985351563
0.231430053710938 -0.262954711914063 0.107223510742188 -0.196762084960938
0.267669677734375 -0.291015625 0.1114501953125 -0.157089233398438
0.35882568359375 -0.16461181640625 0.108993530273438 -0.135025024414063
0.388031005859375 0.0892333984375 0.0289077758789063 -0.0756454467773438
0.25372314453125 0.31365966796875 0.00981140136718752 -0.103584289550781
-0.106231689453125 0.4364013671875 0.0567169189453125 -0.259841918945313
-0.355316162109375 0.378448486328125 0.265228271484375 -0.352874755859375
-0.453399658203125 0.199127197265625 0.58984375 -0.2467041015625
-0.58709716796875 0.325927734375 -0.0165939331054688 -0.0715103149414062
-0.342620849609375 0.503387451171875 -0.0518646240234375 0.0261344909667969
-0.02716064453125 0.57598876953125 -0.0117263793945312 0.0894470214843751
0.310577392578125 0.40228271484375 0.0745925903320313 0.066864013671875
0.433746337890625 0.12213134765625 0.085784912109375 0.0392379760742188
0.4285888671875 -0.1923828125 0.116561889648438 -0.03759765625
0.3026123046875 -0.332489013671875 0.089599609375 -0.0881729125976563
0.29180908203125 -0.2978515625 0.0534248352050782 -0.0691795349121094
0.339111328125 -0.336273193359375 0.0432586669921875 -0.0324935913085938
0.436553955078125 -0.19818115234375 0.01007080078125 -0.0504417419433594
0.48309326171875 0.109954833984375 -0.0784454345703125 -0.0353240966796875
0.335113525390625 0.37677001953125 -0.0644912719726562 -0.107666015625
-0.09857177734375 0.56561279296875 0.015838623046875 -0.260467529296875
-0.40875244140625 0.51385498046875 0.201751708984375 -0.283905029296875
-0.5579833984375 0.29736328125 0.416046142578125 -0.19342041015625
-0.5814208984375 0.3836669921875 -0.19989013671875 0.0161285400390625
-0.326416015625 0.542083740234375 -0.124603271484375 0.117332458496094
-0.00140380859375002 0.5946044921875 -0.0213470458984375 0.102851867675781
0.337554931640625 0.415679931640625 0.014495849609375 0.0406532287597657
0.449371337890625 0.128082275390625 -0.0158462524414062 0.0555000305175781
0.448822021484375 -0.1915283203125 0.0092582702636719 0.0474662780761719
0.321075439453125 -0.322357177734375 0.00321197509765627 0.0494422912597656
0.310760498046875 -0.293609619140625 -0.00854492187499998 0.0720901489257812
0.355194091796875 -0.33172607421875 -0.0302658081054687 0.103523254394531
0.4462890625 -0.1890869140625 -0.0976715087890625 0.0501708984375
0.496795654296875 0.117523193359375 -0.18133544921875 0.0160980224609375
0.351165771484375 0.383544921875 -0.13568115234375 -0.0991058349609375
-0.0900268554687501 0.59564208984375 -0.022918701171875 -0.232696533203125
-0.403472900390625 0.561004638671875 0.119659423828125 -0.175643920898437
-0.57904052734375 0.34002685546875 0.206039428710937 -0.105850219726562
-0.490997314453125 0.383697509765625 -0.38226318359375 0.10626220703125
-0.2529296875 0.49676513671875 -0.197845458984375 0.206314086914063
0.031494140625 0.517181396484375 -0.0316543579101563 0.113243103027344
0.3038330078125 0.3587646484375 -0.0521469116210937 0.0273284912109375
0.38702392578125 0.106475830078125 -0.111427307128906 0.0698013305664062
0.398162841796875 -0.1622314453125 -0.0956192016601562 0.130722045898438
0.29150390625 -0.2694091796875 -0.0783843994140625 0.177658081054687
0.27874755859375 -0.240203857421875 -0.0689544677734375 0.19451904296875
0.32513427734375 -0.2723388671875 -0.104217529296875 0.222625732421875
0.387725830078125 -0.1400146484375 -0.192581176757812 0.139816284179688
0.41607666015625 0.12066650390625 -0.262130737304688 0.056549072265625
0.28265380859375 0.331024169921875 -0.191864013671875 -0.08428955078125
-0.089630126953125 0.502777099609375 -0.052734375 -0.181076049804687
-0.347808837890625 0.484039306640625 0.0418014526367187 -0.0567741394042968
-0.509490966796875 0.309417724609375 -0.00966072082519534 -0.00867557525634764
-0.32489013671875 0.328125 -0.534423828125 0.1893310546875
-0.150177001953125 0.3731689453125 -0.26153564453125 0.28363037109375
0.052490234375 0.350372314453125 -0.0439834594726563 0.126708984375
0.21343994140625 0.231597900390625 -0.103523254394531 0.0264129638671875
0.25543212890625 0.0671234130859375 -0.177703857421875 0.0814666748046875
0.277145385742188 -0.104827880859375 -0.173187255859375 0.1881103515625
0.21563720703125 -0.170989990234375 -0.144943237304688 0.274429321289063
0.206558227539063 -0.15142822265625 -0.1207275390625 0.293853759765625
0.244918823242188 -0.1668701171875 -0.166595458984375 0.307647705078125
0.272720336914063 -0.065673828125 -0.2669677734375 0.2069091796875
0.264511108398437 0.115280151367187 -0.309356689453125 0.073974609375
0.15631103515625 0.231918334960938 -0.218505859375 -0.0800323486328125
-0.09368896484375 0.322540283203125 -0.0619888305664063 -0.12841796875
-0.2421875 0.315887451171875 -0.0263824462890625 0.0420074462890625
-0.3548583984375 0.222076416015625 -0.188796997070313 0.06756591796875
-0.115005493164062 0.220794677734375 -0.64013671875 0.25677490234375
-0.0256500244140625 0.20294189453125 -0.307159423828125 0.332305908203125
0.072998046875 0.141403198242188 -0.0488433837890625 0.146957397460938
0.101280212402344 0.0764083862304688 -0.122512817382813 0.0344085693359375
0.09295654296875 0.0156784057617188 -0.19708251953125 0.0845489501953125
0.112266540527344 -0.0389251708984375 -0.212905883789063 0.2183837890625
0.105972290039062 -0.0481491088867187 -0.18426513671875 0.33062744140625
0.1002197265625 -0.0419769287109375 -0.154266357421875 0.345428466796875
0.1258544921875 -0.0416641235351563 -0.21307373046875 0.343414306640625
0.121452331542969 0.017303466796875 -0.31060791015625 0.2313232421875
0.0878448486328125 0.093170166015625 -0.31878662109375 0.0640869140625
0.0171890258789062 0.10394287109375 -0.21453857421875 -0.0828704833984375
-0.0726242065429688 0.106513977050781 -0.0523300170898438 -0.0956344604492187
-0.0955810546875 0.111061096191406 -0.0685882568359375 0.0957870483398438
-0.14422607421875 0.10845947265625 -0.312469482421875 0.11456298828125
-0.105270385742188 -0.020538330078125 0.3040771484375 -0.209686279296875
-0.066925048828125 0.0956268310546875 0.0806045532226562 -0.127082824707031
0.0333938598632813 0.109725952148437 0.01434326171875 0.0760040283203125
0.09051513671875 0.028594970703125 0.189712524414062 0.10491943359375
0.0918731689453125 -0.03192138671875 0.282257080078125 -0.021453857421875
0.041046142578125 -0.0816421508789063 0.28326416015625 -0.22747802734375
0.0042572021484375 -0.100082397460938 0.20343017578125 -0.362060546875
0.006927490234375 -0.0792617797851563 0.1461181640625 -0.34613037109375
0.0102310180664063 -0.0834274291992188 0.166473388671875 -0.309295654296875
0.0586814880371094 -0.0523796081542969 0.214874267578125 -0.221176147460938
0.0686912536621094 0.0140838623046875 0.166748046875 -0.111099243164062
0.0240020751953125 0.0732269287109375 0.106964111328125 -0.0732040405273438
-0.0600242614746094 0.0493011474609375 0.0980377197265625 -0.190887451171875
-0.104812622070313 -0.01312255859375 0.290130615234375 -0.35784912109375
-0.0569572448730469 -0.0679092407226563 0.69732666015625 -0.2568359375
-0.316864013671875 0.117889404296875 0.264739990234375 -0.18817138671875
-0.187530517578125 0.25885009765625 0.0667190551757812 -0.104911804199219
0.00131225585937502 0.2958984375 0.00341033935546875 0.0709304809570313
0.1812744140625 0.175857543945312 0.159530639648438 0.09686279296875
0.23223876953125 0.0232391357421875 0.238433837890625 0.0019683837890625
0.195938110351563 -0.14068603515625 0.257308959960938 -0.185256958007813
0.121337890625 -0.212799072265625 0.190399169921875 -0.308349609375
0.120452880859375 -0.186538696289063 0.133087158203125 -0.29583740234375
0.140716552734375 -0.203536987304688 0.14739990234375 -0.255844116210938
0.214935302734375 -0.123138427734375 0.174545288085938 -0.194046020507813
0.239959716796875 0.0477447509765625 0.109992980957031 -0.0962295532226562
0.147125244140625 0.197067260742188 0.0693283081054688 -0.086517333984375
-0.0849456787109375 0.251571655273438 0.079376220703125 -0.226409912109375
-0.23333740234375 0.191421508789063 0.283721923828125 -0.370697021484375
-0.266311645507812 0.0749359130859375 0.6715087890625 -0.27655029296875
-0.47735595703125 0.242584228515625 0.153564453125 -0.141433715820312
-0.27667236328125 0.40142822265625 0.02362060546875 -0.0528678894042968
-0.016998291015625 0.452178955078125 -0.00350952148437499 0.0748138427734375
0.260589599609375 0.3011474609375 0.124771118164063 0.0796966552734375
0.349884033203125 0.072601318359375 0.174346923828125 0.0186309814453125
0.3270263671875 -0.185089111328125 0.200302124023438 -0.123977661132813
0.220001220703125 -0.29620361328125 0.1488037109375 -0.216094970703125
0.215362548828125 -0.26593017578125 0.0998687744140625 -0.199630737304688
0.247283935546875 -0.29681396484375 0.103958129882813 -0.159820556640625
0.339447021484375 -0.180999755859375 0.100700378417969 -0.135139465332031
0.386016845703125 0.070404052734375 0.0254135131835938 -0.0708847045898437
0.263885498046875 0.295379638671875 0.0113983154296875 -0.101181030273437
-0.0876770019531249 0.43310546875 0.047882080078125 -0.25286865234375
-0.329193115234375 0.382598876953125 0.249298095703125 -0.3504638671875
-0.436767578125 0.211700439453125 0.5667724609375 -0.25823974609375
-0.56231689453125 0.34112548828125 -0.00535583496093754 -0.0714035034179687
-0.3162841796875 0.502197265625 -0.0395431518554688 0.0249786376953125
-0.00695800781250001 0.55841064453125 -0.0057373046875 0.0855026245117188
0.32373046875 0.383148193359375 0.078125 0.0589447021484375
0.429779052734375 0.100616455078125 0.0861587524414063 0.0339202880859375
0.410675048828125 -0.209869384765625 0.114273071289063 -0.0449447631835938
0.283233642578125 -0.340087890625 0.0846328735351563 -0.0915908813476563
0.274566650390625 -0.30450439453125 0.0495376586914063 -0.0758438110351563
0.31475830078125 -0.34625244140625 0.0458030700683594 -0.0363616943359375
0.415191650390625 -0.2119140625 0.00687408447265627 -0.0493507385253906
0.47998046875 0.0838623046875 -0.0747909545898437 -0.0283126831054687
0.345916748046875 0.35626220703125 -0.0613327026367187 -0.103630065917969
-0.0765380859375 0.560791015625 0.00878906249999998 -0.254257202148437
-0.379638671875 0.52203369140625 0.187744140625 -0.281768798828125
-0.539886474609375 0.31298828125 0.400177001953125 -0.198333740234375
-0.556793212890625 0.3956298828125 -0.185302734375 0.0190429687500001
-0.297454833984375 0.543426513671875 -0.109771728515625 0.117828369140625
0.021240234375 0.58209228515625 -0.013519287109375 0.0991973876953125
0.35052490234375 0.3973388671875 0.0176544189453125 0.0392303466796875
0.44598388671875 0.106353759765625 -0.01226806640625 0.0534629821777344
0.433929443359375 -0.209625244140625 0.0129127502441407 0.0425682067871094
0.30328369140625 -0.3331298828125 0.00874328613281252 0.0447883605957031
0.293182373046875 -0.299468994140625 -0.0048103332519531 0.0620269775390625
0.33489990234375 -0.3419189453125 -0.0220489501953125 0.098419189453125
0.427581787109375 -0.205963134765625 -0.09375 0.0512313842773437
0.490814208984375 0.091766357421875 -0.172271728515625 0.02435302734375
0.3626708984375 0.36151123046875 -0.132568359375 -0.0919036865234375
-0.06475830078125 0.5894775390625 -0.030181884765625 -0.221755981445313
-0.375732421875 0.56500244140625 0.113861083984375 -0.171722412109375
-0.5628662109375 0.3531494140625 0.196426391601563 -0.103836059570312
-0.46881103515625 0.394073486328125 -0.36065673828125 0.116973876953125
-0.2344970703125 0.4986572265625 -0.17742919921875 0.2108154296875
0.048065185546875 0.507537841796875 -0.0229034423828125 0.112396240234375
0.31719970703125 0.33984375 -0.0478096008300781 0.0280227661132813
0.3865966796875 0.089111328125 -0.105224609375 0.0722274780273437
0.38336181640625 -0.17828369140625 -0.084625244140625 0.126068115234375
0.276016235351562 -0.28009033203125 -0.06695556640625 0.173995971679688
0.267013549804688 -0.248992919921875 -0.0608978271484375 0.188735961914062
0.307373046875 -0.281707763671875 -0.0894775390625 0.218002319335937
0.374176025390625 -0.15667724609375 -0.18280029296875 0.144989013671875
0.415740966796875 0.100311279296875 -0.250823974609375 0.0666656494140625
0.29248046875 0.315216064453125 -0.185760498046875 -0.0758819580078124
-0.069671630859375 0.500274658203125 -0.054473876953125 -0.171539306640625
-0.323699951171875 0.486846923828125 0.0390510559082031 -0.0509414672851562
-0.493988037109375 0.320892333984375 -0.0108613967895508 -0.00286769866943358
-0.31353759765625 0.3306884765625 -0.511474609375 0.20574951171875
-0.138580322265625 0.373504638671875 -0.2401123046875 0.2862548828125
0.062347412109375 0.34442138671875 -0.0353851318359375 0.126541137695313
0.225326538085938 0.22454833984375 -0.0982589721679687 0.0271987915039063
0.2598876953125 0.0586395263671875 -0.168869018554687 0.0853118896484375
0.26885986328125 -0.118545532226563 -0.1602783203125 0.188125610351562
0.204559326171875 -0.180221557617188 -0.129196166992188 0.274703979492188
0.19970703125 -0.160507202148438 -0.109649658203125 0.28631591796875
0.234619140625 -0.176849365234375 -0.147857666015625 0.302337646484375
0.265975952148438 -0.076995849609375 -0.251022338867187 0.211212158203125
0.26885986328125 0.100799560546875 -0.29559326171875 0.0845336914062501
0.163345336914063 0.224258422851563 -0.2109375 -0.068389892578125
-0.079193115234375 0.323577880859375 -0.06085205078125 -0.124008178710937
-0.22747802734375 0.315460205078125 -0.0252952575683594 0.0448112487792969
-0.3477783203125 0.230377197265625 -0.1890869140625 0.0800628662109375
-0.108734130859375 0.217208862304687 -0.6138916015625 0.2764892578125
-0.0257720947265625 0.201400756835938 -0.28656005859375 0.338348388671875
0.07232666015625 0.137107849121094 -0.0394744873046875 0.144241333007813
0.105735778808594 0.07391357421875 -0.117607116699219 0.0371246337890625
0.0951995849609375 0.0154190063476562 -0.190383911132812 0.0876007080078125
0.113258361816406 -0.043212890625 -0.200088500976563 0.217178344726562
0.0999603271484375 -0.055419921875 -0.166046142578125 0.32916259765625
0.101371765136719 -0.048553466796875 -0.140350341796875 0.340301513671875
0.125579833984375 -0.0485305786132812 -0.192138671875 0.343414306640625
0.123008728027344 0.009521484375 -0.290740966796875 0.237091064453125
0.0941238403320313 0.0849685668945313 -0.30621337890625 0.07733154296875
0.0226974487304687 0.102935791015625 -0.210678100585938 -0.0719146728515625
-0.06744384765625 0.110023498535156 -0.0537109375 -0.0908203125
-0.0923385620117187 0.113540649414063 -0.0673675537109375 0.0997390747070313
-0.146148681640625 0.110763549804688 -0.307952880859375 0.13201904296875
-0.100608825683594 -0.01910400390625 0.305816650390625 -0.2196044921875
-0.0590896606445313 0.0907821655273437 0.081939697265625 -0.132545471191406
0.0354766845703125 0.103553771972656 0.0138626098632812 0.0725326538085938
0.0856552124023438 0.0254745483398438 0.186614990234375 0.0985565185546875
0.0867843627929688 -0.033966064453125 0.276382446289063 -0.0261993408203125
0.0353317260742188 -0.0802001953125 0.272674560546875 -0.2298583984375
0.000595092773437507 -0.0972366333007813 0.1947021484375 -0.361785888671875
0.00281524658203126 -0.0765533447265625 0.13800048828125 -0.34466552734375
0.0046234130859375 -0.0793304443359375 0.159515380859375 -0.309783935546875
0.0523414611816406 -0.052490234375 0.207717895507812 -0.222000122070313
0.0659141540527344 0.011138916015625 0.16351318359375 -0.111907958984375
0.0256080627441406 0.0686836242675781 0.103965759277344 -0.0741729736328125
-0.0568084716796875 0.0478858947753906 0.0918121337890625 -0.18896484375
-0.0996932983398438 -0.00861358642578127 0.28369140625 -0.35980224609375
-0.0508918762207031 -0.0633964538574219 0.6878662109375 -0.26708984375
-0.307830810546875 0.12078857421875 0.2684326171875 -0.198760986328125
-0.175735473632812 0.255279541015625 0.0713348388671875 -0.109634399414062
0.00640869140624998 0.289398193359375 0.004638671875 0.0675010681152344
0.179153442382813 0.168777465820313 0.158721923828125 0.0912322998046875
0.227401733398438 0.0178375244140625 0.234725952148438 -0.0027008056640625
0.188552856445312 -0.144439697265625 0.251129150390625 -0.187652587890625
0.114517211914062 -0.212783813476563 0.183013916015625 -0.31048583984375
0.1129150390625 -0.185638427734375 0.126556396484375 -0.296417236328125
0.130889892578125 -0.204483032226562 0.144027709960938 -0.258132934570313
0.206085205078125 -0.127761840820312 0.168609619140625 -0.194595336914062
0.239425659179688 0.0391998291015625 0.108650207519531 -0.095703125
0.15277099609375 0.190322875976563 0.0688400268554688 -0.0880126953125
-0.0771331787109375 0.251296997070313 0.074737548828125 -0.222946166992187
-0.223464965820313 0.197036743164062 0.2786865234375 -0.370208740234375
-0.258148193359375 0.0815277099609375 0.6585693359375 -0.28399658203125
-0.466400146484375 0.247100830078125 0.160202026367187 -0.150131225585937
-0.263427734375 0.39654541015625 0.0301628112792969 -0.05712890625
-0.00830078125000005 0.44708251953125 -0.000228881835937506 0.0712738037109375
0.264129638671875 0.29290771484375 0.124542236328125 0.0757675170898438
0.34735107421875 0.064483642578125 0.170578002929688 0.0140228271484375
0.317962646484375 -0.1925048828125 0.1966552734375 -0.126785278320313
0.210418701171875 -0.299041748046875 0.144073486328125 -0.218963623046875
0.2054443359375 -0.267333984375 0.09429931640625 -0.204238891601563
0.236175537109375 -0.299896240234375 0.1043701171875 -0.163955688476563
0.329376220703125 -0.18792724609375 0.0974273681640625 -0.135459899902344
0.385040283203125 0.05841064453125 0.0253067016601563 -0.0673942565917969
0.269378662109375 0.287109375 0.0125885009765625 -0.101089477539062
-0.077239990234375 0.433990478515625 0.0437469482421875 -0.248825073242188
-0.315704345703125 0.389007568359375 0.243621826171875 -0.347625732421875
-0.429290771484375 0.220123291015625 0.55828857421875 -0.26336669921875
-0.547119140625 0.34796142578125 0.00476074218749996 -0.0779876708984375
-0.3016357421875 0.500732421875 -0.029296875 0.0208015441894532
0.00198364257812503 0.552825927734375 -0.00273895263671875 0.081512451171875
0.330780029296875 0.37030029296875 0.0785980224609375 0.0552597045898438
0.427001953125 0.0904541015625 0.0858535766601563 0.030853271484375
0.40130615234375 -0.220611572265625 0.114631652832031 -0.0496673583984375
0.27239990234375 -0.34442138671875 0.0827560424804688 -0.0973739624023438
0.265777587890625 -0.3089599609375 0.0479660034179688 -0.0804977416992188
0.302825927734375 -0.3514404296875 0.0478897094726563 -0.0405616760253906
0.403778076171875 -0.22137451171875 0.0068321228027344 -0.0493316650390625
0.47930908203125 0.0692138671875 -0.0720901489257812 -0.023956298828125
0.35400390625 0.344940185546875 -0.0575332641601562 -0.101699829101562
-0.06439208984375 0.560302734375 0.005706787109375 -0.248443603515625
-0.36431884765625 0.52642822265625 0.18548583984375 -0.277297973632812
-0.53363037109375 0.319061279296875 0.39398193359375 -0.197113037109375
-0.544647216796875 0.40069580078125 -0.172378540039063 0.0164337158203125
-0.287445068359375 0.54107666015625 -0.0971603393554688 0.114730834960938
0.0308837890625 0.57867431640625 -0.0081787109375 0.0955047607421875
0.35992431640625 0.385772705078125 0.0198211669921875 0.0371170043945313
0.4462890625 0.096832275390625 -0.011260986328125 0.0504188537597656
0.423583984375 -0.22216796875 0.0173606872558594 0.0378227233886719
0.293243408203125 -0.341583251953125 0.0111923217773438 0.03973388671875
0.284698486328125 -0.305694580078125 -0.00523376464843749 0.0555305480957031
0.32379150390625 -0.347869873046875 -0.0163955688476562 0.0930938720703125
0.416351318359375 -0.215576171875 -0.08966064453125 0.0512237548828125
0.492919921875 0.077850341796875 -0.1683349609375 0.0288848876953125
0.36993408203125 0.3509521484375 -0.127220153808594 -0.08953857421875
-0.05462646484375 0.5892333984375 -0.0307464599609375 -0.217529296875
-0.36126708984375 0.56683349609375 0.112442016601562 -0.167449951171875
-0.556488037109375 0.35894775390625 0.19329833984375 -0.0989532470703125
-0.462127685546875 0.39703369140625 -0.348480224609375 0.119537353515625
-0.2271728515625 0.499053955078125 -0.164947509765625 0.20965576171875
0.054046630859375 0.505401611328125 -0.017669677734375 0.110328674316406
0.32781982421875 0.330596923828125 -0.0447196960449219 0.0278282165527344
0.388671875 0.081268310546875 -0.102340698242187 0.071533203125
0.376068115234375 -0.189849853515625 -0.07769775390625 0.122688293457031
0.267486572265625 -0.287109375 -0.0610504150390625 0.170944213867187
0.261581420898438 -0.256423950195313 -0.0585784912109375 0.182510375976563
0.298309326171875 -0.28863525390625 -0.0810546875 0.213226318359375
0.366180419921875 -0.165283203125 -0.17681884765625 0.145095825195313
0.41741943359375 0.08587646484375 -0.24371337890625 0.0720062255859375
0.29937744140625 0.30645751953125 -0.180465698242187 -0.0720367431640625
-0.0617675781250001 0.50054931640625 -0.0540313720703125 -0.168731689453125
-0.312774658203125 0.48834228515625 0.0393943786621094 -0.0477447509765625
-0.491119384765625 0.325103759765625 -0.0113525390625 0.00642013549804689
-0.3111572265625 0.330078125 -0.499176025390625 0.21221923828125
-0.136962890625 0.375762939453125 -0.228485107421875 0.28680419921875
0.0645751953125 0.344757080078125 -0.0290603637695313 0.12493896484375
0.23406982421875 0.219268798828125 -0.0943069458007812 0.0289993286132813
0.262619018554688 0.0535888671875 -0.165115356445313 0.085601806640625
0.26580810546875 -0.12738037109375 -0.153030395507812 0.185409545898438
0.199783325195312 -0.1876220703125 -0.121078491210937 0.272201538085938
0.196533203125 -0.167007446289062 -0.103759765625 0.28173828125
0.229522705078125 -0.18524169921875 -0.139007568359375 0.299407958984375
0.262405395507813 -0.0850067138671875 -0.242385864257812 0.210220336914063
0.273269653320313 0.091705322265625 -0.28741455078125 0.08978271484375
0.168472290039063 0.220428466796875 -0.205474853515625 -0.0635528564453125
-0.072235107421875 0.324676513671875 -0.060211181640625 -0.120819091796875
-0.2213134765625 0.3177490234375 -0.0247688293457031 0.0489311218261719
-0.350311279296875 0.233489990234375 -0.188400268554688 0.0911102294921875
-0.109848022460938 0.214584350585937 -0.60186767578125 0.28460693359375
-0.0288848876953125 0.202377319335938 -0.276580810546875 0.34039306640625
0.0706939697265625 0.13812255859375 -0.033721923828125 0.143524169921875
0.111000061035156 0.0747756958007813 -0.113967895507813 0.0395355224609375
0.0978317260742188 0.0146102905273438 -0.1859130859375 0.0887908935546875
0.113067626953125 -0.0473480224609375 -0.193603515625 0.216064453125
0.0995941162109375 -0.060577392578125 -0.158294677734375 0.328033447265625
0.101730346679688 -0.0531387329101563 -0.134033203125 0.337890625
0.125701904296875 -0.0551605224609375 -0.1810302734375 0.341644287109375
0.122589111328125 0.00365447998046875 -0.279891967773438 0.238143920898438
0.0992507934570313 0.081329345703125 -0.29876708984375 0.082672119140625
0.0264739990234375 0.104301452636719 -0.206924438476563 -0.0664520263671875
-0.0636444091796875 0.113296508789063 -0.0541152954101563 -0.0889816284179687
-0.0931549072265625 0.115097045898438 -0.0681915283203125 0.102806091308594
-0.150985717773438 0.111129760742188 -0.30859375 0.14404296875
-0.0990142822265625 -0.0175704956054688 0.310699462890625 -0.232757568359375
-0.0535125732421875 0.0881195068359375 0.084747314453125 -0.13995361328125
0.0363311767578125 0.0999832153320313 0.0137863159179688 0.0712356567382813
0.0820693969726562 0.0239639282226562 0.187698364257813 0.0956268310546875
0.0831985473632813 -0.0351486206054688 0.2767333984375 -0.0307769775390625
0.0324172973632812 -0.0805282592773438 0.269851684570313 -0.234817504882812
-0.00322723388671876 -0.0964889526367188 0.18939208984375 -0.369140625
-0.00160980224609375 -0.0743179321289062 0.134552001953125 -0.3507080078125
-0.000335693359375002 -0.0770187377929688 0.157989501953125 -0.31597900390625
0.0471611022949219 -0.0535354614257813 0.206100463867188 -0.226699829101563
0.0650978088378906 0.00818634033203125 0.16339111328125 -0.113815307617188
0.0266609191894531 0.0661888122558594 0.103340148925781 -0.0767593383789063
-0.0551490783691406 0.0479011535644531 0.0889892578125 -0.190887451171875
-0.0958404541015625 -0.00482177734375001 0.281219482421875 -0.369659423828125
-0.0464248657226563 -0.0615272521972656 0.69134521484375 -0.282470703125
-0.30657958984375 0.1279296875 0.275619506835938 -0.212158203125
-0.168701171875 0.254898071289063 0.0763778686523437 -0.117759704589844
0.011077880859375 0.288909912109375 0.00510406494140625 0.0664329528808594
0.181243896484375 0.165878295898438 0.159637451171875 0.088409423828125
0.228378295898438 0.013580322265625 0.234207153320313 -0.007171630859375
0.184478759765625 -0.149765014648438 0.249404907226563 -0.194091796875
0.10894775390625 -0.21710205078125 0.17852783203125 -0.318695068359375
0.107498168945313 -0.188003540039063 0.122406005859375 -0.30364990234375
0.12518310546875 -0.208282470703125 0.142547607421875 -0.26495361328125
0.200225830078125 -0.133743286132813 0.16705322265625 -0.198593139648438
0.242446899414063 0.0312042236328125 0.109413146972656 -0.0966720581054688
0.159133911132813 0.187088012695313 0.0698394775390625 -0.0906448364257812
-0.0714111328125 0.256088256835938 0.07171630859375 -0.224761962890625
-0.217788696289062 0.205978393554688 0.279693603515625 -0.37841796875
-0.256546020507813 0.088714599609375 0.6640625 -0.29864501953125
-0.465179443359375 0.25579833984375 0.168487548828125 -0.16156005859375
-0.25555419921875 0.399810791015625 0.0378265380859375 -0.0640830993652344
-0.00170898437500004 0.448333740234375 0.00154113769531251 0.0704879760742188
0.270538330078125 0.287322998046875 0.125900268554688 0.0725555419921875
0.35125732421875 0.0577392578125 0.170822143554688 0.0109100341796875
0.313720703125 -0.202362060546875 0.197311401367188 -0.133804321289063
0.204498291015625 -0.308441162109375 0.141357421875 -0.226806640625
0.1998291015625 -0.273513793945312 0.090972900390625 -0.211669921875
0.229461669921875 -0.30950927734375 0.10504150390625 -0.170379638671875
0.3243408203125 -0.19781494140625 0.095489501953125 -0.138557434082031
0.391082763671875 0.047515869140625 0.0269737243652344 -0.0661468505859375
0.28082275390625 0.28277587890625 0.0137939453125 -0.103469848632812
-0.0697021484375 0.44097900390625 0.0414886474609375 -0.249343872070312
-0.309112548828125 0.401031494140625 0.244903564453125 -0.353424072265625
-0.430084228515625 0.230560302734375 0.56048583984375 -0.2723388671875
-0.54705810546875 0.35772705078125 0.01318359375 -0.084381103515625
-0.295745849609375 0.507080078125 -0.0216693878173828 0.0163364410400391
0.01129150390625 0.558135986328125 0.000175476074218747 0.080352783203125
0.343231201171875 0.365997314453125 0.0807723999023438 0.052886962890625
0.43475341796875 0.083099365234375 0.0867233276367188 0.029083251953125
0.39849853515625 -0.23468017578125 0.116645812988281 -0.0558242797851563
0.266845703125 -0.355560302734375 0.08221435546875 -0.103446960449219
0.260467529296875 -0.32037353515625 0.045562744140625 -0.08587646484375
0.296600341796875 -0.364105224609375 0.0509910583496094 -0.0452423095703125
0.39923095703125 -0.233734130859375 0.0055351257324219 -0.0496101379394531
0.4874267578125 0.056640625 -0.0700798034667968 -0.0200347900390625
0.3665771484375 0.34130859375 -0.0568084716796875 -0.103744506835937
-0.0550537109375 0.56744384765625 0.00352478027343747 -0.249801635742187
-0.355743408203125 0.53924560546875 0.1866455078125 -0.27935791015625
-0.5374755859375 0.331146240234375 0.39617919921875 -0.200897216796875
-0.545318603515625 0.411163330078125 -0.165420532226563 0.0141448974609375
-0.282440185546875 0.54937744140625 -0.08953857421875 0.113357543945313
0.03973388671875 0.5870361328125 -0.00360107421875 0.0945816040039063
0.375946044921875 0.3814697265625 0.0212440490722657 0.0362319946289063
0.455596923828125 0.087860107421875 -0.0104904174804687 0.0503005981445313
0.421539306640625 -0.23699951171875 0.0212230682373047 0.0336856842041015
0.288330078125 -0.35540771484375 0.01275634765625 0.0355911254882812
0.27978515625 -0.317962646484375 -0.00672149658203124 0.0521049499511719
0.319366455078125 -0.361846923828125 -0.01171875 0.0901260375976562
0.414337158203125 -0.226806640625 -0.08966064453125 0.053009033203125
0.501556396484375 0.064727783203125 -0.16644287109375 0.034210205078125
0.382659912109375 0.347412109375 -0.12677001953125 -0.0902328491210937
-0.04254150390625 0.5972900390625 -0.0326690673828125 -0.217849731445312
-0.35589599609375 0.57781982421875 0.114349365234375 -0.1668701171875
-0.562744140625 0.3702392578125 0.194671630859375 -0.0968170166015625
-0.465301513671875 0.4075927734375 -0.3426513671875 0.123443603515625
-0.225189208984375 0.51019287109375 -0.157669067382813 0.211517333984375
0.062469482421875 0.513397216796875 -0.0127487182617187 0.109245300292969
0.343719482421875 0.327850341796875 -0.0424919128417969 0.0280418395996094
0.39752197265625 0.074981689453125 -0.101692199707031 0.0732421875
0.374176025390625 -0.204681396484375 -0.0740432739257812 0.119827270507813
0.2637939453125 -0.299591064453125 -0.057159423828125 0.170089721679687
0.257217407226563 -0.267318725585938 -0.0582733154296875 0.181610107421875
0.295440673828125 -0.303192138671875 -0.07623291015625 0.212356567382812
0.36529541015625 -0.17657470703125 -0.174514770507812 0.148086547851563
0.425811767578125 0.07525634765625 -0.241867065429687 0.0782470703125
0.30987548828125 0.304840087890625 -0.179443359375 -0.0714111328125
-0.053192138671875 0.509918212890625 -0.0557861328125 -0.168869018554687
-0.30841064453125 0.498138427734375 0.0410881042480469 -0.0443801879882812
-0.4996337890625 0.336273193359375 -0.0110530853271485 0.0136880874633789
-0.311767578125 0.338226318359375 -0.496337890625 0.222320556640625
-0.13702392578125 0.383758544921875 -0.222259521484375 0.29364013671875
0.06878662109375 0.351959228515625 -0.0237503051757812 0.125396728515625
0.246292114257813 0.21875 -0.092254638671875 0.0298309326171875
0.270233154296875 0.0495758056640625 -0.164382934570313 0.0889739990234375
0.265762329101563 -0.138107299804688 -0.1488037109375 0.186065673828125
0.19775390625 -0.197738647460938 -0.116867065429688 0.274581909179688
0.1956787109375 -0.176834106445312 -0.101287841796875 0.2835693359375
0.228912353515625 -0.196182250976563 -0.132720947265625 0.30169677734375
0.263458251953125 -0.0945281982421875 -0.23956298828125 0.214035034179688
0.280654907226562 0.0844268798828125 -0.285980224609375 0.096466064453125
0.17633056640625 0.22052001953125 -0.20501708984375 -0.0618133544921875
-0.06756591796875 0.332366943359375 -0.0616683959960938 -0.121910095214844
-0.219696044921875 0.3251953125 -0.0239830017089844 0.0536651611328125
-0.357421875 0.240142822265625 -0.189849853515625 0.103240966796875
-0.112960815429687 0.216598510742188 -0.60260009765625 0.29803466796875
-0.031829833984375 0.207611083984375 -0.27264404296875 0.350372314453125
0.0706024169921875 0.141525268554688 -0.029449462890625 0.145050048828125
0.117523193359375 0.0749893188476562 -0.112663269042969 0.0421142578125
0.103591918945313 0.0140380859375 -0.186492919921875 0.0919952392578125
0.115257263183594 -0.0528488159179688 -0.19097900390625 0.218582153320313
0.1004638671875 -0.0663375854492188 -0.1539306640625 0.33465576171875
0.103317260742188 -0.0595474243164063 -0.129974365234375 0.343292236328125
0.127685546875 -0.0624313354492188 -0.17547607421875 0.3468017578125
0.125953674316406 -0.0020294189453125 -0.276290893554687 0.243270874023438
0.105010986328125 0.0783920288085938 -0.297454833984375 0.0892639160156249
0.03125 0.106666564941406 -0.20794677734375 -0.063446044921875
-0.0617523193359375 0.118293762207031 -0.0557098388671875 -0.08837890625
-0.0949630737304688 0.118766784667969 -0.0689697265625 0.109481811523438
-0.158493041992188 0.114456176757813 -0.311798095703125 0.15869140625
-0.0986099243164063 -0.0149002075195313 0.3153076171875 -0.25506591796875
-0.0475540161132813 0.086456298828125 0.0865631103515625 -0.151458740234375
0.039947509765625 0.0970840454101563 0.0151214599609375 0.072052001953125
0.0805740356445313 0.0222625732421875 0.1929931640625 0.0906982421875
0.0811309814453125 -0.0381851196289063 0.279586791992188 -0.0404205322265625
0.0276870727539063 -0.0825042724609375 0.26544189453125 -0.247650146484375
-0.00962066650390624 -0.0970077514648438 0.178497314453125 -0.383697509765625
-0.00615692138671875 -0.072601318359375 0.125762939453125 -0.364288330078125
-0.00605010986328126 -0.0754318237304688 0.151580810546875 -0.3284912109375
0.0416069030761719 -0.05474853515625 0.203506469726563 -0.237899780273438
0.0647506713867188 0.00461578369140625 0.163116455078125 -0.120803833007813
0.0297279357910156 0.0642776489257813 0.102973937988281 -0.0814285278320313
-0.0533294677734375 0.0503921508789062 0.0852203369140625 -0.196136474609375
-0.0936737060546875 0.000526428222656258 0.276702880859375 -0.388092041015625
-0.0438652038574219 -0.0606155395507812 0.69635009765625 -0.312744140625
-0.30645751953125 0.139434814453125 0.281036376953125 -0.233734130859375
-0.160400390625 0.2606201171875 0.08038330078125 -0.128974914550781
0.019378662109375 0.29180908203125 0.00727081298828126 0.0662841796875
0.188003540039063 0.162307739257813 0.164993286132812 0.08367919921875
0.231338500976563 0.006439208984375 0.237594604492188 -0.0146026611328125
0.1802978515625 -0.160125732421875 0.248260498046875 -0.2064208984375
0.10089111328125 -0.226608276367188 0.1707763671875 -0.33392333984375
0.100997924804688 -0.194244384765625 0.1143798828125 -0.317047119140625
0.117202758789063 -0.216354370117187 0.1387939453125 -0.27777099609375
0.196212768554688 -0.14361572265625 0.163375854492188 -0.207717895507812
0.248306274414063 0.0206451416015625 0.110130310058594 -0.100715637207031
0.170669555664063 0.182464599609375 0.0687408447265625 -0.0961151123046875
-0.063446044921875 0.26544189453125 0.06707763671875 -0.230316162109375
-0.211395263671875 0.220291137695313 0.275390625 -0.397003173828125
-0.257247924804688 0.100967407226562 0.6685791015625 -0.326416015625
-0.466156005859375 0.276092529296875 0.175064086914062 -0.178329467773437
-0.2462158203125 0.411834716796875 0.0426864624023437 -0.0728225708007812
0.011993408203125 0.45770263671875 0.00429153442382813 0.0699043273925781
0.285186767578125 0.283477783203125 0.130805969238281 0.0689773559570313
0.359588623046875 0.046539306640625 0.174087524414063 0.0054931640625
0.30938720703125 -0.2198486328125 0.197525024414063 -0.145172119140625
0.1949462890625 -0.324066162109375 0.13629150390625 -0.239532470703125
0.1925048828125 -0.287567138671875 0.0838623046875 -0.221908569335938
0.220123291015625 -0.32586669921875 0.1038818359375 -0.18084716796875
0.319976806640625 -0.21484375 0.0934600830078125 -0.144561767578125
0.40155029296875 0.02935791015625 0.0274314880371094 -0.0665435791015625
0.2984619140625 0.2774658203125 0.0115814208984375 -0.108673095703125
-0.055267333984375 0.4569091796875 0.03472900390625 -0.25457763671875
-0.29986572265625 0.42156982421875 0.242523193359375 -0.367584228515625
-0.432830810546875 0.250946044921875 0.56646728515625 -0.29437255859375
-0.548675537109375 0.381988525390625 0.018402099609375 -0.09393310546875
-0.28387451171875 0.523834228515625 -0.0143089294433594 0.0118532180786133
0.02825927734375 0.57098388671875 0.00476074218750001 0.08062744140625
0.364013671875 0.35888671875 0.0847015380859375 0.050750732421875
0.4476318359375 0.06829833984375 0.0893630981445313 0.027099609375
0.395172119140625 -0.257171630859375 0.119140625 -0.064453125
0.257720947265625 -0.3775634765625 0.0810699462890625 -0.112266540527344
0.25189208984375 -0.337310791015625 0.0409088134765625 -0.0922775268554688
0.286529541015625 -0.38665771484375 0.0536384582519531 -0.0519218444824219
0.396514892578125 -0.25494384765625 0.00413513183593752 -0.0508918762207031
0.50018310546875 0.034515380859375 -0.0693588256835937 -0.0163955688476562
0.388580322265625 0.333038330078125 -0.0604400634765625 -0.107200622558594
-0.03631591796875 0.586181640625 -0.00321960449218751 -0.252655029296875
-0.3443603515625 0.565673828125 0.186126708984375 -0.289581298828125
-0.540679931640625 0.356903076171875 0.40020751953125 -0.214569091796875
-0.548309326171875 0.436248779296875 -0.161712646484375 0.01397705078125
-0.2718505859375 0.570068359375 -0.0808563232421875 0.114387512207031
0.0568237304687499 0.60113525390625 0.00129699707031251 0.0944900512695313
0.4000244140625 0.3740234375 0.0251617431640625 0.0352249145507813
0.4700927734375 0.071746826171875 -0.00929260253906247 0.0519905090332031
0.419708251953125 -0.261810302734375 0.0238933563232422 0.0291519165039062
0.27960205078125 -0.37762451171875 0.0144748687744141 0.0324840545654297
0.27392578125 -0.3369140625 -0.00817871093749999 0.0504646301269531
0.311553955078125 -0.385894775390625 -0.00654602050781248 0.0876922607421875
0.41156005859375 -0.248992919921875 -0.0896148681640625 0.0565109252929688
0.516693115234375 0.04193115234375 -0.165496826171875 0.0423431396484375
0.404754638671875 0.34100341796875 -0.130905151367187 -0.0911483764648437
-0.0260009765625 0.6162109375 -0.0395660400390625 -0.221115112304687
-0.3433837890625 0.60272216796875 0.1160888671875 -0.171295166015625
-0.56744384765625 0.39666748046875 0.197601318359375 -0.10064697265625
-0.46441650390625 0.428680419921875 -0.34173583984375 0.13262939453125
-0.216705322265625 0.529266357421875 -0.149383544921875 0.219451904296875
0.07940673828125 0.528564453125 -0.00630187988281249 0.110618591308594
0.367218017578125 0.321044921875 -0.0400772094726562 0.0293197631835938
0.412933349609375 0.060333251953125 -0.100509643554687 0.0783538818359375
0.373992919921875 -0.22723388671875 -0.06982421875 0.120597839355469
0.258056640625 -0.320068359375 -0.0527191162109375 0.172042846679687
0.253662109375 -0.28656005859375 -0.0560150146484375 0.185134887695313
0.29058837890625 -0.32562255859375 -0.068328857421875 0.215866088867187
0.36480712890625 -0.196197509765625 -0.172714233398438 0.156295776367187
0.439727783203125 0.057220458984375 -0.240814208984375 0.0891265869140625
0.329833984375 0.29974365234375 -0.184249877929687 -0.0702056884765625
-0.035797119140625 0.525726318359375 -0.0616455078125 -0.1710205078125
-0.301025390625 0.5179443359375 0.042755126953125 -0.0425605773925781
-0.507843017578125 0.359100341796875 -0.00926017761230472 0.0194759368896485
-0.314849853515625 0.351348876953125 -0.497100830078125 0.241180419921875
-0.134002685546875 0.40045166015625 -0.2147216796875 0.306488037109375
0.079681396484375 0.36285400390625 -0.0177459716796875 0.127296447753906
0.264053344726563 0.213333129882813 -0.091033935546875 0.0332489013671875
0.283050537109375 0.04052734375 -0.1649169921875 0.095428466796875
0.266494750976563 -0.15411376953125 -0.145370483398437 0.191207885742188
0.1947021484375 -0.2132568359375 -0.10894775390625 0.28338623046875
0.194183349609375 -0.191940307617188 -0.097198486328125 0.292724609375
0.227340698242188 -0.21417236328125 -0.12457275390625 0.310577392578125
0.265090942382813 -0.109451293945313 -0.236190795898437 0.225341796875
0.29248046875 0.072021484375 -0.2855224609375 0.108917236328125
0.190673828125 0.219253540039063 -0.210205078125 -0.05841064453125
-0.05718994140625 0.343414306640625 -0.0676345825195313 -0.122268676757812
-0.21661376953125 0.340057373046875 -0.0214920043945313 0.0606803894042969
-0.36505126953125 0.257659912109375 -0.191299438476563 0.118362426757813
-0.113540649414062 0.222183227539063 -0.6043701171875 0.32476806640625
-0.03155517578125 0.217132568359375 -0.2659912109375 0.368804931640625
0.073577880859375 0.146957397460938 -0.0236053466796875 0.148239135742188
0.125686645507812 0.0728912353515625 -0.112335205078125 0.0467453002929687
0.110885620117188 0.0116424560546875 -0.187225341796875 0.09930419921875
0.116905212402344 -0.0597915649414063 -0.18804931640625 0.226608276367188
0.100685119628906 -0.073944091796875 -0.145355224609375 0.346710205078125
0.104499816894531 -0.0676040649414062 -0.122344970703125 0.354400634765625
0.12896728515625 -0.0736770629882812 -0.1663818359375 0.35986328125
0.129753112792969 -0.0101547241210938 -0.27154541015625 0.257522583007812
0.112716674804687 0.074462890625 -0.298828125 0.101409912109375
0.0386276245117187 0.109672546386719 -0.213241577148438 -0.0582427978515625
-0.0589065551757812 0.124961853027344 -0.06036376953125 -0.0891647338867188
-0.09600830078125 0.125160217285156 -0.0682830810546875 0.119110107421875
-0.165863037109375 0.123092651367188 -0.315032958984375 0.18011474609375
-0.0972518920898437 -0.00963592529296876 0.31036376953125 -0.281982421875
-0.0407333374023437 0.0842437744140625 0.0835418701171875 -0.164474487304688
0.0448379516601562 0.0924453735351563 0.0189743041992188 0.0717086791992188
0.0788650512695313 0.0191497802734375 0.199188232421875 0.0809478759765625
0.077484130859375 -0.0412063598632813 0.278961181640625 -0.055389404296875
0.0209808349609375 -0.0840835571289062 0.2550048828125 -0.264114379882813
-0.0179901123046875 -0.0956802368164062 0.159637451171875 -0.40057373046875
-0.01287841796875 -0.0702323913574219 0.10693359375 -0.376220703125
-0.0125579833984375 -0.0725784301757813 0.1361083984375 -0.342498779296875
0.0358085632324219 -0.0564231872558594 0.193038940429688 -0.251022338867188
0.063934326171875 -0.000942230224609375 0.159378051757813 -0.130569458007813
0.03314208984375 0.0604896545410156 0.0991897583007813 -0.08843994140625
-0.0497970581054688 0.0529327392578125 0.0752105712890625 -0.2025146484375
-0.0894775390625 0.00650024414062501 0.26129150390625 -0.41119384765625
-0.0434303283691406 -0.0593338012695313 0.68902587890625 -0.35601806640625
-0.300018310546875 0.15655517578125 0.2786865234375 -0.259078979492188
-0.145797729492187 0.266403198242188 0.0798187255859375 -0.14129638671875
0.034027099609375 0.292266845703125 0.0112838745117188 0.0655784606933594
0.196441650390625 0.153305053710938 0.171112060546875 0.075408935546875
0.23211669921875 -0.0058441162109375 0.23870849609375 -0.027374267578125
0.169601440429688 -0.17205810546875 0.239532470703125 -0.222671508789063
0.0860748291015625 -0.234298706054688 0.152923583984375 -0.349853515625
0.089447021484375 -0.200653076171875 0.0970458984375 -0.328216552734375
0.102737426757813 -0.224960327148438 0.12646484375 -0.291717529296875
0.185882568359375 -0.156051635742188 0.154434204101562 -0.21905517578125
0.251052856445313 0.0023040771484375 0.10687255859375 -0.107376098632813
0.183090209960938 0.173004150390625 0.0640411376953125 -0.102157592773437
-0.0479583740234375 0.274490356445313 0.056182861328125 -0.23541259765625
-0.19793701171875 0.23687744140625 0.259490966796875 -0.419647216796875
-0.253616333007813 0.116012573242187 0.66070556640625 -0.366455078125
-0.455780029296875 0.30218505859375 0.174774169921875 -0.197357177734375
-0.22540283203125 0.425445556640625 0.0461807250976562 -0.0825042724609375
0.03472900390625 0.4619140625 0.00964355468750001 0.0696220397949219
0.303192138671875 0.2689208984375 0.136566162109375 0.0618438720703125
0.365203857421875 0.0263671875 0.176467895507813 -0.00262451171875
0.29730224609375 -0.241943359375 0.192535400390625 -0.159164428710938
0.175994873046875 -0.340606689453125 0.123550415039063 -0.252761840820313
0.17657470703125 -0.301544189453125 0.0702667236328125 -0.230514526367188
0.199951171875 -0.34375 0.0970611572265625 -0.193008422851563
0.3079833984375 -0.235015869140625 0.0863037109375 -0.15032958984375
0.40838623046875 0.0025634765625 0.0264434814453125 -0.0680160522460937
0.318572998046875 0.262237548828125 0.00559997558593753 -0.111572265625
-0.029937744140625 0.468231201171875 0.022796630859375 -0.258148193359375
-0.27789306640625 0.446624755859375 0.229705810546875 -0.38763427734375
-0.42633056640625 0.2774658203125 0.559173583984375 -0.32666015625
-0.536224365234375 0.4122314453125 0.0206222534179687 -0.102737426757812
-0.259857177734375 0.54150390625 -0.00719308853149416 0.00644826889038089
0.05828857421875 0.578125 0.0104827880859375 0.079498291015625
0.39013671875 0.340911865234375 0.0896072387695313 0.0446929931640625
0.455841064453125 0.0433349609375 0.0924072265625 0.023468017578125
0.3807373046875 -0.2847900390625 0.11767578125 -0.0758132934570313
0.235595703125 -0.400787353515625 0.0752410888671875 -0.121826171875
0.23443603515625 -0.35675048828125 0.0334320068359375 -0.0978927612304688
0.26513671875 -0.41015625 0.0522994995117188 -0.06097412109375
0.38299560546875 -0.279632568359375 0.00164031982421878 -0.0513381958007813
0.50897216796875 0.001800537109375 -0.0690269470214843 -0.0118865966796875
0.41326904296875 0.31610107421875 -0.0663986206054688 -0.10693359375
-0.00317382812500006 0.5992431640625 -0.016357421875 -0.254684448242187
-0.31695556640625 0.59271240234375 0.17791748046875 -0.30194091796875
-0.533905029296875 0.39044189453125 0.394805908203125 -0.23638916015625
-0.534393310546875 0.46636962890625 -0.1568603515625 0.0175018310546875
-0.24627685546875 0.590087890625 -0.0697784423828125 0.115653991699219
0.0902099609375 0.60931396484375 0.00933074951171876 0.09344482421875
0.4268798828125 0.353057861328125 0.0285682678222657 0.0327548980712891
0.4818115234375 0.045257568359375 -0.00500106811523435 0.0537071228027344
0.405181884765625 -0.291473388671875 0.0268783569335938 0.0229930877685547
0.260101318359375 -0.401763916015625 0.015920639038086 0.0282516479492187
0.25750732421875 -0.359130859375 -0.00892639160156249 0.0504264831542968
0.28997802734375 -0.41412353515625 -0.000709533691406233 0.0843582153320312
0.40069580078125 -0.278289794921875 -0.0872802734375 0.0621871948242187
0.524810791015625 0.008331298828125 -0.162033081054688 0.05242919921875
0.430908203125 0.321502685546875 -0.137161254882813 -0.0866012573242187
0.00921630859374995 0.62628173828125 -0.0506744384765625 -0.220230102539062
-0.3143310546875 0.62957763671875 0.112197875976562 -0.177520751953125
-0.55975341796875 0.432861328125 0.197097778320313 -0.108551025390625
-0.4521484375 0.457000732421875 -0.334136962890625 0.1494140625
-0.193634033203125 0.549102783203125 -0.13470458984375 0.227783203125
0.10723876953125 0.536102294921875 0.00199127197265625 0.110595703125
0.392608642578125 0.302276611328125 -0.0366706848144531 0.0304679870605469
0.4241943359375 0.037261962890625 -0.0961456298828125 0.0851287841796875
0.36273193359375 -0.253936767578125 -0.0634841918945312 0.121269226074219
0.24090576171875 -0.343841552734375 -0.044036865234375 0.17401123046875
0.24041748046875 -0.306915283203125 -0.050445556640625 0.190017700195312
0.27294921875 -0.351715087890625 -0.056060791015625 0.217575073242187
0.35723876953125 -0.222412109375 -0.165557861328125 0.166671752929688
0.4493408203125 0.029693603515625 -0.236663818359375 0.103790283203125
0.3526611328125 0.285491943359375 -0.189743041992187 -0.0631561279296875
-0.00860595703125 0.53582763671875 -0.0711212158203125 -0.168869018554687
-0.277984619140625 0.541351318359375 0.0446853637695312 -0.0426139831542968
-0.5008544921875 0.391265869140625 -0.00681495666503909 0.0244865417480469
-0.304901123046875 0.372100830078125 -0.486907958984375 0.268829345703125
-0.116851806640625 0.415985107421875 -0.197235107421875 0.323150634765625
0.09820556640625 0.369384765625 -0.00865936279296873 0.128547668457031
0.283050537109375 0.200347900390625 -0.087982177734375 0.0378875732421875
0.292633056640625 0.024444580078125 -0.160659790039062 0.10601806640625
0.260589599609375 -0.174880981445313 -0.136428833007813 0.197601318359375
0.18524169921875 -0.230789184570313 -0.093658447265625 0.29052734375
0.185775756835938 -0.207763671875 -0.083892822265625 0.30078125
0.21636962890625 -0.235275268554688 -0.107818603515625 0.317657470703125
0.262313842773438 -0.128524780273438 -0.225234985351562 0.2398681640625
0.30145263671875 0.053466796875 -0.280487060546875 0.126144409179688
0.206497192382812 0.211654663085937 -0.214935302734375 -0.0484619140625
-0.03985595703125 0.3525390625 -0.0746688842773438 -0.119644165039062
-0.20263671875 0.356201171875 -0.0167083740234375 0.06585693359375
-0.364044189453125 0.2806396484375 -0.185455322265625 0.134963989257813
-0.10888671875 0.228591918945313 -0.594970703125 0.3612060546875
-0.0243377685546875 0.225418090820312 -0.24835205078125 0.390350341796875
0.0795745849609375 0.1502685546875 -0.013824462890625 0.149932861328125
0.134315490722656 0.0664138793945312 -0.108985900878906 0.0522537231445313
0.115959167480469 0.00518798828125 -0.183486938476562 0.110458374023438
0.116157531738281 -0.0687637329101563 -0.177993774414063 0.237960815429687
0.098480224609375 -0.083465576171875 -0.12786865234375 0.35833740234375
0.102432250976563 -0.0777511596679688 -0.10601806640625 0.3662109375
0.126510620117188 -0.0859603881835938 -0.1478271484375 0.371856689453125
0.132522583007813 -0.02105712890625 -0.259384155273438 0.273086547851562
0.120429992675781 0.066314697265625 -0.29449462890625 0.119598388671875
0.0474777221679688 0.109054565429688 -0.218093872070312 -0.0474853515625
-0.052459716796875 0.131515502929688 -0.0666656494140625 -0.0854644775390625
-0.0935592651367187 0.132713317871094 -0.0621795654296875 0.128440856933594
-0.168701171875 0.134246826171875 -0.30902099609375 0.20574951171875
-0.0942230224609375 -0.00479888916015625 0.294586181640625 -0.303009033203125
-0.0328369140625 0.0801925659179687 0.075592041015625 -0.174087524414063
0.048370361328125 0.0852432250976563 0.0227088928222656 0.0690956115722656
0.0770797729492188 0.0157852172851563 0.201126098632813 0.0682830810546875
0.072296142578125 -0.0438079833984375 0.271438598632813 -0.0706787109375
0.01385498046875 -0.0835037231445312 0.2364501953125 -0.274505615234375
-0.0260009765625 -0.0913009643554688 0.131683349609375 -0.4049072265625
-0.0181655883789063 -0.0657920837402344 0.0843505859375 -0.37969970703125
-0.0180130004882812 -0.0684127807617188 0.114501953125 -0.347900390625
0.0289230346679688 -0.0562591552734375 0.17608642578125 -0.259475708007813
0.0612258911132813 -0.00667953491210938 0.15008544921875 -0.138412475585938
0.03570556640625 0.0555839538574219 0.0922927856445312 -0.093475341796875
-0.0443000793457031 0.0544776916503906 0.0629730224609375 -0.20465087890625
-0.0835342407226563 0.012359619140625 0.2337646484375 -0.42376708984375
-0.042755126953125 -0.05657958984375 0.66015625 -0.3912353515625
-0.28680419921875 0.170806884765625 0.265716552734375 -0.279998779296875
-0.126449584960937 0.265167236328125 0.0751190185546875 -0.152069091796875
0.049346923828125 0.284576416015625 0.0158462524414063 0.0634765625
0.20135498046875 0.141128540039063 0.173507690429688 0.0629730224609375
0.22784423828125 -0.0189666748046875 0.233489990234375 -0.04052734375
0.1544189453125 -0.180343627929688 0.223342895507812 -0.234573364257812
0.0676422119140625 -0.236175537109375 0.130096435546875 -0.356658935546875
0.074127197265625 -0.201797485351563 0.075439453125 -0.33135986328125
0.0851898193359375 -0.227142333984375 0.108123779296875 -0.29827880859375
0.170562744140625 -0.16510009765625 0.140380859375 -0.22454833984375
0.247085571289062 -0.0162506103515625 0.100494384765625 -0.112144470214844
0.191238403320313 0.158432006835938 0.0570220947265625 -0.1048583984375
-0.0296783447265625 0.274932861328125 0.042510986328125 -0.235076904296875
-0.177978515625 0.247909545898438 0.23468017578125 -0.432525634765625
-0.242080688476562 0.130172729492188 0.63232421875 -0.399169921875
-0.43341064453125 0.322174072265625 0.168045043945313 -0.212844848632812
-0.19818115234375 0.42755126953125 0.0465240478515625 -0.09210205078125
0.059417724609375 0.45489501953125 0.0149269104003906 0.0663185119628907
0.313995361328125 0.24688720703125 0.139312744140625 0.051422119140625
0.36199951171875 0.004730224609375 0.17437744140625 -0.0120391845703125
0.274765014648438 -0.257720947265625 0.18060302734375 -0.170761108398438
0.14910888671875 -0.348846435546875 0.106842041015625 -0.2606201171875
0.154541015625 -0.307586669921875 0.05462646484375 -0.233001708984375
0.17376708984375 -0.35272216796875 0.0851593017578125 -0.200347900390625
0.28656005859375 -0.251495361328125 0.077056884765625 -0.152374267578125
0.401947021484375 -0.026123046875 0.0245819091796875 -0.0682411193847656
0.33135986328125 0.238555908203125 -0.00180816650390622 -0.111442565917969
-0.000946044921875031 0.468231201171875 0.00883483886718752 -0.255752563476562
-0.246917724609375 0.460052490234375 0.208099365234375 -0.3973388671875
-0.406951904296875 0.299774169921875 0.534576416015625 -0.353759765625
-0.50970458984375 0.435821533203125 0.0211715698242187 -0.109901428222656
-0.2255859375 0.546142578125 -0.000354588031768813 -0.000159412622451749
0.09033203125 0.57177734375 0.0171890258789063 0.07550048828125
0.405548095703125 0.311126708984375 0.092620849609375 0.036956787109375
0.45452880859375 0.01556396484375 0.0933151245117188 0.018524169921875
0.35595703125 -0.30633544921875 0.1121826171875 -0.0855560302734375
0.205535888671875 -0.412994384765625 0.0662689208984375 -0.128387451171875
0.208648681640625 -0.36700439453125 0.024566650390625 -0.0990524291992188
0.233917236328125 -0.42474365234375 0.0483512878417969 -0.0674324035644532
0.35888671875 -0.300811767578125 -0.00117492675781247 -0.0501136779785157
0.501739501953125 -0.03289794921875 -0.0659103393554687 -0.00693893432617186
0.42718505859375 0.28607177734375 -0.072479248046875 -0.103034973144531
0.0310668945312501 0.59698486328125 -0.029144287109375 -0.249343872070313
-0.277587890625 0.6053466796875 0.16180419921875 -0.308807373046875
-0.509857177734375 0.417999267578125 0.3790283203125 -0.25396728515625
-0.506805419921875 0.489990234375 -0.14874267578125 0.0204162597656251
-0.211181640625 0.59674072265625 -0.056549072265625 0.113502502441406
0.122314453125 0.60162353515625 0.0166015625 0.0896835327148438
0.445281982421875 0.320709228515625 0.0319938659667969 0.0284690856933594
0.481353759765625 0.015350341796875 1.52587890625338E-05 0.0542755126953125
0.380340576171875 -0.3150634765625 0.0280609130859375 0.016876220703125
0.229888916015625 -0.416229248046875 0.0171260833740234 0.0233078002929687
0.232177734375 -0.371063232421875 -0.00910186767578123 0.049957275390625
0.257568359375 -0.430816650390625 0.00479125976562502 0.0785675048828125
0.37689208984375 -0.30108642578125 -0.0819778442382812 0.0672683715820312
0.519622802734375 -0.02734375 -0.154159545898437 0.061279296875
0.4444580078125 0.2916259765625 -0.140853881835937 -0.0790252685546875
0.0435180664062499 0.62359619140625 -0.0615692138671875 -0.213729858398437
-0.27581787109375 0.6422119140625 0.105056762695312 -0.181121826171875
-0.535003662109375 0.460052490234375 0.1893310546875 -0.116500854492187
-0.42828369140625 0.4752197265625 -0.31829833984375 0.161590576171875
-0.163299560546875 0.555023193359375 -0.114990234375 0.2305908203125
0.13671875 0.53106689453125 0.01092529296875 0.107284545898438
0.40838623046875 0.27386474609375 -0.0325965881347656 0.0304737091064453
0.425323486328125 0.009429931640625 -0.088226318359375 0.0899276733398438
0.34234619140625 -0.27679443359375 -0.0556411743164062 0.118949890136719
0.216827392578125 -0.3585205078125 -0.033203125 0.171630859375
0.218597412109375 -0.320556640625 -0.0407562255859375 0.190994262695313
0.245147705078125 -0.368621826171875 -0.04266357421875 0.214736938476562
0.337860107421875 -0.243499755859375 -0.15374755859375 0.174118041992187
0.445831298828125 -0.002044677734375 -0.2249755859375 0.116439819335938
0.366302490234375 0.261474609375 -0.19140625 -0.0518646240234375
0.02105712890625 0.533416748046875 -0.0785980224609375 -0.16180419921875
-0.2457275390625 0.553314208984375 0.0451393127441406 -0.0431556701660156
-0.47991943359375 0.41693115234375 -0.00380897521972659 0.0281467437744141
-0.28759765625 0.383148193359375 -0.4649658203125 0.292144775390625
-0.095123291015625 0.42242431640625 -0.174102783203125 0.330474853515625
0.117828369140625 0.367034912109375 0.00106048583984377 0.125572204589844
0.29376220703125 0.179168701171875 -0.0830078125 0.0410537719726563
0.293853759765625 0.00518798828125 -0.15155029296875 0.114501953125
0.247161865234375 -0.19091796875 -0.123092651367187 0.199325561523438
0.1685791015625 -0.242919921875 -0.076080322265625 0.291107177734375
0.171356201171875 -0.21966552734375 -0.067657470703125 0.303009033203125
0.197036743164062 -0.250640869140625 -0.087921142578125 0.317657470703125
0.250961303710938 -0.145980834960938 -0.208206176757812 0.25
0.302215576171875 0.0318603515625 -0.267715454101563 0.141403198242188
0.218780517578125 0.197723388671875 -0.215377807617188 -0.03656005859375
-0.01995849609375 0.353179931640625 -0.0803298950195313 -0.112930297851562
-0.1829833984375 0.36529541015625 -0.0103034973144531 0.0694198608398438
-0.350341796875 0.29998779296875 -0.174606323242188 0.1483154296875
-0.100204467773437 0.230728149414063 -0.5684814453125 0.3907470703125
-0.014404296875 0.228927612304688 -0.222320556640625 0.4024658203125
0.0858001708984375 0.149490356445313 -0.0037384033203125 0.147567749023438
0.138862609863281 0.0573501586914063 -0.103538513183594 0.0567626953125
0.118598937988281 -0.0025787353515625 -0.173934936523437 0.1199951171875
0.111793518066406 -0.0769271850585937 -0.163070678710937 0.242691040039063
0.0932235717773438 -0.0913009643554688 -0.1044921875 0.36065673828125
0.09765625 -0.0856552124023437 -0.084503173828125 0.369354248046875
0.119194030761719 -0.0965347290039062 -0.124298095703125 0.374359130859375
0.129730224609375 -0.0321273803710938 -0.238800048828125 0.283599853515625
0.124626159667969 0.0566177368164063 -0.281341552734375 0.13580322265625
0.0556640625 0.105575561523438 -0.216842651367188 -0.0338592529296875
-0.044342041015625 0.133987426757813 -0.0712356567382813 -0.0803985595703125
-0.0873565673828125 0.138435363769531 -0.0528640747070313 0.135215759277344
-0.16473388671875 0.144500732421875 -0.294342041015625 0.22607421875
-0.0888519287109375 -0.00129699707031251 0.277313232421875 -0.31341552734375
-0.0273971557617187 0.0729598999023438 0.068328857421875 -0.180465698242188
0.0486679077148438 0.0775604248046875 0.0251121520996094 0.0654106140136719
0.0738983154296875 0.0135498046875 0.197494506835938 0.056488037109375
0.0676193237304688 -0.0446205139160156 0.260055541992188 -0.0789794921875
0.00807952880859376 -0.0809555053710938 0.219100952148438 -0.274810791015625
-0.0314102172851563 -0.0851898193359375 0.1112060546875 -0.3997802734375
-0.0216331481933594 -0.0605659484863281 0.066253662109375 -0.373809814453125
-0.0217742919921875 -0.0629806518554688 0.099151611328125 -0.343902587890625
0.0234260559082031 -0.0537528991699219 0.161178588867188 -0.25848388671875
0.0564537048339844 -0.0107841491699219 0.140205383300781 -0.140228271484375
0.0363006591796875 0.0505714416503906 0.0854110717773437 -0.0944061279296875
-0.0391349792480469 0.0538444519042969 0.053436279296875 -0.20166015625
-0.0763015747070312 0.01470947265625 0.2109375 -0.425811767578125
-0.0403480529785156 -0.0541915893554688 0.62457275390625 -0.4058837890625
-0.27081298828125 0.175384521484375 0.250946044921875 -0.2906494140625
-0.112823486328125 0.2557373046875 0.07025146484375 -0.159194946289062
0.057586669921875 0.272323608398438 0.0182991027832031 0.0594520568847656
0.1995849609375 0.128753662109375 0.170974731445313 0.0528106689453125
0.22027587890625 -0.0261383056640625 0.225082397460938 -0.048492431640625
0.139358520507812 -0.181427001953125 0.207427978515625 -0.237228393554688
0.05291748046875 -0.231033325195313 0.11083984375 -0.353546142578125
0.06329345703125 -0.197006225585937 0.06024169921875 -0.326385498046875
0.070587158203125 -0.224380493164063 0.094757080078125 -0.29681396484375
0.15606689453125 -0.166275024414063 0.127243041992188 -0.222991943359375
0.236557006835937 -0.0290069580078125 0.0936737060546875 -0.113037109375
0.192214965820313 0.14410400390625 0.0504379272460938 -0.105308532714844
-0.0157318115234375 0.269439697265625 0.0330963134765625 -0.2310791015625
-0.15887451171875 0.248626708984375 0.21087646484375 -0.4320068359375
-0.229400634765625 0.135894775390625 0.5985107421875 -0.41162109375
-0.4107666015625 0.327789306640625 0.159011840820312 -0.221450805664062
-0.176239013671875 0.41571044921875 0.0458908081054687 -0.100395202636719
0.07513427734375 0.43994140625 0.0183906555175781 0.0617942810058594
0.313385009765625 0.225860595703125 0.137260437011719 0.042083740234375
0.35205078125 -0.009735107421875 0.169525146484375 -0.018310546875
0.253631591796875 -0.262771606445313 0.168304443359375 -0.176589965820313
0.128204345703125 -0.345367431640625 0.0913848876953125 -0.260650634765625
0.136932373046875 -0.304595947265625 0.0423583984375 -0.2286376953125
0.14990234375 -0.35125732421875 0.0753631591796875 -0.201705932617188
0.265228271484375 -0.256622314453125 0.0697784423828125 -0.150405883789063
0.387908935546875 -0.046112060546875 0.0222282409667969 -0.0672492980957031
0.332061767578125 0.218048095703125 -0.00636291503906249 -0.108673095703125
0.01812744140625 0.458709716796875 1.52587890624805E-05 -0.248428344726562
-0.218414306640625 0.459503173828125 0.1895751953125 -0.395965576171875
-0.386474609375 0.30816650390625 0.5064697265625 -0.3623046875
-0.482696533203125 0.440216064453125 0.02105712890625 -0.11474609375
-0.2005615234375 0.535858154296875 0.00478410720825194 -0.0078945159912109
0.110504150390625 0.55426025390625 0.0213775634765625 0.0701103210449219
0.40509033203125 0.28448486328125 0.0918502807617188 0.030242919921875
0.443267822265625 -0.004058837890625 0.092987060546875 0.0145416259765625
0.329132080078125 -0.31427001953125 0.105644226074219 -0.09124755859375
0.1790771484375 -0.411376953125 0.05804443359375 -0.130538940429688
0.1881103515625 -0.364990234375 0.0180130004882813 -0.0969924926757813
0.20562744140625 -0.42425537109375 0.0450668334960938 -0.0712509155273438
0.334625244140625 -0.30908203125 -0.00229263305664061 -0.0479583740234375
0.48529052734375 -0.057464599609375 -0.0624237060546875 -0.00406646728515625
0.42718505859375 0.26080322265625 -0.0753707885742187 -0.0974655151367187
0.05316162109375 0.58294677734375 -0.0362396240234375 -0.239974975585937
-0.2442626953125 0.60186767578125 0.149261474609375 -0.30792236328125
-0.483795166015625 0.4267578125 0.358734130859375 -0.25921630859375
-0.479644775390625 0.4932861328125 -0.139785766601563 0.0191192626953125
-0.18487548828125 0.58673095703125 -0.045257568359375 0.106025695800781
0.1444091796875 0.58697509765625 0.0212478637695313 0.0841751098632813
0.446441650390625 0.29156494140625 0.0331592559814453 0.0239715576171875
0.469512939453125 -0.0057373046875 0.00412368774414065 0.0531349182128906
0.354248046875 -0.3240966796875 0.0279254913330078 0.0109081268310547
0.20330810546875 -0.418182373046875 0.016714096069336 0.0185146331787109
0.210174560546875 -0.3720703125 -0.00851821899414061 0.0502166748046875
0.228515625 -0.431427001953125 0.00801086425781252 0.0727462768554687
0.3515625 -0.309051513671875 -0.0763092041015625 0.0689849853515625
0.50360107421875 -0.050750732421875 -0.145294189453125 0.066009521484375
0.4442138671875 0.26702880859375 -0.140716552734375 -0.0713348388671875
0.066650390625 0.60943603515625 -0.0665740966796875 -0.204559326171875
-0.2425537109375 0.63616943359375 0.0983734130859375 -0.179946899414062
-0.50897216796875 0.468841552734375 0.180740356445313 -0.117950439453125
-0.405181884765625 0.476715087890625 -0.30010986328125 0.16583251953125
-0.13995361328125 0.54644775390625 -0.0983123779296875 0.224884033203125
0.15496826171875 0.517730712890625 0.0158615112304688 0.101226806640625
0.40875244140625 0.247100830078125 -0.0287952423095703 0.0290203094482422
0.415771484375 -0.008331298828125 -0.0800552368164062 0.09222412109375
0.319091796875 -0.284820556640625 -0.0493850708007812 0.113525390625
0.194122314453125 -0.361602783203125 -0.0255584716796875 0.165481567382812
0.19903564453125 -0.32244873046875 -0.0338897705078125 0.188140869140625
0.2193603515625 -0.3717041015625 -0.0328369140625 0.206695556640625
0.31646728515625 -0.252685546875 -0.141128540039063 0.175567626953125
0.433807373046875 -0.02398681640625 -0.2113037109375 0.121871948242188
0.36627197265625 0.23980712890625 -0.1881103515625 -0.0439453124999999
0.0406494140625 0.520843505859375 -0.0819091796875 -0.153076171875
-0.21783447265625 0.548553466796875 0.04559326171875 -0.042236328125
-0.457366943359375 0.424163818359375 -0.00182342529296878 0.030080795288086
-0.271087646484375 0.38287353515625 -0.438323974609375 0.300201416015625
-0.079833984375 0.416961669921875 -0.15283203125 0.3280029296875
0.129791259765625 0.359405517578125 0.00708770751953124 0.11993408203125
0.295135498046875 0.162261962890625 -0.077392578125 0.0418777465820313
0.289031982421875 -0.00726318359375 -0.140411376953125 0.117691040039062
0.231491088867188 -0.197982788085937 -0.112014770507812 0.195953369140625
0.153091430664062 -0.247955322265625 -0.062713623046875 0.284698486328125
0.158828735351563 -0.223709106445313 -0.05474853515625 0.298736572265625
0.178955078125 -0.25543212890625 -0.072845458984375 0.309814453125
0.23687744140625 -0.154953002929688 -0.191055297851563 0.249710083007812
0.29583740234375 0.015106201171875 -0.252090454101562 0.148422241210938
0.221572875976563 0.183792114257813 -0.210403442382813 -0.0269775390625
-0.00634765625000004 0.3463134765625 -0.0812454223632812 -0.1058349609375
-0.164398193359375 0.36328125 -0.00437927246093752 0.0701713562011719
-0.33477783203125 0.306549072265625 -0.163101196289063 0.1541748046875
-0.0942840576171875 0.22686767578125 -0.537261962890625 0.402374267578125
-0.00808715820312501 0.227752685546875 -0.1982421875 0.4019775390625
0.088470458984375 0.147705078125 0.002227783203125 0.142379760742188
0.138282775878906 0.0498275756835938 -0.0973358154296875 0.0588531494140625
0.11749267578125 -0.007965087890625 -0.163711547851563 0.12335205078125
0.106307983398437 -0.0813369750976563 -0.149307250976562 0.240524291992188
0.0874786376953125 -0.095489501953125 -0.0869140625 0.35528564453125
0.092193603515625 -0.0903701782226562 -0.06787109375 0.36346435546875
0.111091613769531 -0.101676940917969 -0.1044921875 0.368072509765625
0.124710083007813 -0.039031982421875 -0.21966552734375 0.283782958984375
0.125343322753906 0.0481109619140625 -0.265853881835937 0.14349365234375
0.0604476928710938 0.10076904296875 -0.211349487304688 -0.02447509765625
-0.0388565063476563 0.133583068847656 -0.0723190307617188 -0.0742568969726562
-0.081817626953125 0.139045715332031 -0.0442886352539063 0.137222290039063
-0.159912109375 0.14886474609375 -0.27618408203125 0.235443115234375
-0.0840911865234375 -0.000450134277343743 0.267333984375 -0.31591796875
-0.0259437561035156 0.0660820007324219 0.0649566650390625 -0.184417724609375
0.0463180541992187 0.0713958740234375 0.0264625549316406 0.0620803833007813
0.0717086791992188 0.0125808715820313 0.192733764648438 0.0509796142578125
0.0642585754394531 -0.0439376831054688 0.25079345703125 -0.0809326171875
0.00394439697265625 -0.07818603515625 0.207855224609375 -0.270050048828125
-0.0331649780273438 -0.0799407958984375 0.100738525390625 -0.392181396484375
-0.0223808288574219 -0.0560951232910156 0.05908203125 -0.36614990234375
-0.0235939025878906 -0.0593338012695312 0.09161376953125 -0.337860107421875
0.0195655822753906 -0.0508308410644531 0.153762817382813 -0.253875732421875
0.0528907775878906 -0.012908935546875 0.134071350097656 -0.138740539550781
0.0353584289550781 0.0471038818359375 0.0816879272460938 -0.0932769775390625
-0.0357437133789063 0.0523147583007812 0.048980712890625 -0.198333740234375
-0.0698356628417969 0.0150947570800781 0.198699951171875 -0.421356201171875
-0.0369110107421875 -0.0528450012207031 0.60345458984375 -0.40411376953125
-0.261184692382813 0.173934936523437 0.243377685546875 -0.294342041015625
-0.106658935546875 0.24456787109375 0.068206787109375 -0.165359497070312
0.05877685546875 0.26324462890625 0.0198554992675781 0.0551795959472656
0.194992065429688 0.122161865234375 0.166961669921875 0.0460052490234375
0.213912963867187 -0.028961181640625 0.217987060546875 -0.050018310546875
0.129684448242187 -0.178741455078125 0.19866943359375 -0.235122680664063
0.0452728271484375 -0.22576904296875 0.100067138671875 -0.34869384765625
0.0580596923828125 -0.192214965820312 0.052947998046875 -0.31915283203125
0.0616912841796875 -0.219375610351563 0.08807373046875 -0.293243408203125
0.146713256835937 -0.163833618164063 0.122100830078125 -0.2186279296875
0.22906494140625 -0.034332275390625 0.090057373046875 -0.111099243164062
0.189697265625 0.136810302734375 0.0475921630859375 -0.102989196777344
-0.00883483886718747 0.265121459960938 0.0296630859375 -0.226242065429687
-0.147491455078125 0.24554443359375 0.200286865234375 -0.428619384765625
-0.221298217773438 0.136276245117187 0.5797119140625 -0.40972900390625
-0.398101806640625 0.324676513671875 0.155868530273437 -0.226394653320312
-0.16717529296875 0.40240478515625 0.0471343994140625 -0.107582092285156
0.0794982910156249 0.426849365234375 0.0197677612304688 0.0570068359375
0.308563232421875 0.21527099609375 0.134346008300781 0.0367279052734375
0.343048095703125 -0.01513671875 0.16595458984375 -0.0200958251953125
0.239395141601563 -0.26068115234375 0.161575317382813 -0.176666259765625
0.11529541015625 -0.340087890625 0.08367919921875 -0.25787353515625
0.128753662109375 -0.29901123046875 0.0368804931640625 -0.223419189453125
0.136505126953125 -0.345733642578125 0.0701904296875 -0.200408935546875
0.250961303710938 -0.255233764648438 0.0664520263671875 -0.146804809570313
0.376068115234375 -0.054931640625 0.0215721130371094 -0.0656929016113281
0.326934814453125 0.2066650390625 -0.00872802734374997 -0.105636596679687
0.027313232421875 0.4495849609375 -0.00195312499999998 -0.242156982421875
-0.2030029296875 0.45123291015625 0.180694580078125 -0.390655517578125
-0.374542236328125 0.306060791015625 0.49029541015625 -0.3602294921875
-0.469635009765625 0.435272216796875 0.0233688354492187 -0.119972229003906
-0.19073486328125 0.521026611328125 0.00854873657226561 -0.0163869857788086
0.116119384765625 0.542388916015625 0.0224418640136719 0.0651702880859375
0.399810791015625 0.27020263671875 0.0906448364257813 0.0254974365234375
0.432281494140625 -0.01165771484375 0.0926284790039063 0.0132522583007813
0.313690185546875 -0.312774658203125 0.101020812988281 -0.0947113037109375
0.164825439453125 -0.4071044921875 0.0530242919921875 -0.131904602050781
0.17706298828125 -0.360321044921875 0.0151214599609375 -0.09429931640625
0.18939208984375 -0.419677734375 0.0417022705078125 -0.0736923217773438
0.318084716796875 -0.307525634765625 -0.0020027160644531 -0.0463790893554688
0.4718017578125 -0.067413330078125 -0.0593643188476562 -0.00275802612304688
0.421722412109375 0.24847412109375 -0.075469970703125 -0.09307861328125
0.0629882812500001 0.57171630859375 -0.0371856689453125 -0.233840942382813
-0.229248046875 0.5926513671875 0.143890380859375 -0.3038330078125
-0.47003173828125 0.424163818359375 0.34808349609375 -0.255859375
-0.46771240234375 0.486785888671875 -0.132415771484375 0.01434326171875
-0.17449951171875 0.5721435546875 -0.0382843017578125 0.0974655151367188
0.15118408203125 0.57452392578125 0.0226898193359375 0.0786895751953125
0.440338134765625 0.27655029296875 0.0333843231201172 0.0217475891113281
0.460296630859375 -0.01361083984375 0.00711441040039065 0.052520751953125
0.336761474609375 -0.323883056640625 0.0271797180175781 0.00506401062011717
0.188385009765625 -0.4136962890625 0.0155620574951172 0.0147838592529297
0.2001953125 -0.36883544921875 -0.00831604003906248 0.0497398376464844
0.211151123046875 -0.42718505859375 0.00804519653320313 0.0671806335449218
0.334075927734375 -0.307952880859375 -0.071868896484375 0.0688323974609375
0.488372802734375 -0.061370849609375 -0.138374328613281 0.0667648315429688
0.43902587890625 0.254058837890625 -0.138542175292969 -0.0672836303710938
0.0738525390625 0.59796142578125 -0.066497802734375 -0.198043823242187
-0.22723388671875 0.6259765625 0.09637451171875 -0.176925659179687
-0.496002197265625 0.465972900390625 0.175765991210937 -0.114898681640625
-0.39569091796875 0.47021484375 -0.287200927734375 0.1611328125
-0.13116455078125 0.53692626953125 -0.08905029296875 0.217086791992188
0.160430908203125 0.509918212890625 0.018280029296875 0.09613037109375
0.4041748046875 0.2340087890625 -0.0269756317138672 0.0270938873291016
0.40875244140625 -0.016204833984375 -0.0745849609374999 0.0911941528320313
0.305328369140625 -0.285064697265625 -0.0464553833007812 0.106712341308594
0.179962158203125 -0.360260009765625 -0.023406982421875 0.159255981445313
0.19024658203125 -0.320709228515625 -0.030670166015625 0.18536376953125
0.2034912109375 -0.369659423828125 -0.029571533203125 0.198974609375
0.302459716796875 -0.2535400390625 -0.133697509765625 0.1729736328125
0.421417236328125 -0.033294677734375 -0.201873779296875 0.122589111328125
0.36187744140625 0.2294921875 -0.18463134765625 -0.03912353515625
0.046875 0.5120849609375 -0.0803680419921875 -0.147872924804688
-0.20538330078125 0.539093017578125 0.0471305847167969 -0.0409584045410156
-0.447296142578125 0.421478271484375 -0.000579833984375029 0.0325412750244141
-0.26568603515625 0.375823974609375 -0.422515869140625 0.29571533203125
-0.073638916015625 0.411041259765625 -0.140899658203125 0.32159423828125
0.13287353515625 0.35552978515625 0.008697509765625 0.116127014160156
0.292266845703125 0.153533935546875 -0.0741806030273438 0.0410919189453125
0.283966064453125 -0.01287841796875 -0.133445739746094 0.116950988769531
0.222213745117188 -0.19940185546875 -0.106842041015625 0.189346313476563
0.143966674804687 -0.248504638671875 -0.056427001953125 0.277145385742188
0.151382446289063 -0.224395751953125 -0.048980712890625 0.293731689453125
0.1673583984375 -0.255477905273438 -0.066314697265625 0.3016357421875
0.22625732421875 -0.157608032226562 -0.18096923828125 0.245895385742187
0.28900146484375 0.00799560546875 -0.240585327148438 0.147689819335937
0.220123291015625 0.175888061523438 -0.20526123046875 -0.0227813720703125
-0.000976562500000012 0.3409423828125 -0.0804290771484375 -0.101631164550781
-0.156646728515625 0.35791015625 -0.001251220703125 0.0704193115234375
-0.32781982421875 0.30615234375 -0.156402587890625 0.155899047851562
-0.0948333740234375 0.221954345703125 -0.5169677734375 0.400634765625
-0.00634765625 0.226119995117188 -0.1856689453125 0.39752197265625
0.089111328125 0.148849487304687 0.00421142578125 0.138526916503906
0.137092590332031 0.0468978881835938 -0.0933303833007812 0.0586776733398437
0.116729736328125 -0.00986480712890625 -0.156234741210938 0.122573852539062
0.103591918945313 -0.0820693969726562 -0.142532348632813 0.23553466796875
0.0839080810546875 -0.0975723266601563 -0.0780029296875 0.34771728515625
0.0889511108398438 -0.092498779296875 -0.06011962890625 0.357513427734375
0.105804443359375 -0.103729248046875 -0.09649658203125 0.3594970703125
0.120559692382813 -0.0429000854492188 -0.208389282226563 0.279510498046875
0.124519348144531 0.0433273315429687 -0.253616333007813 0.1444091796875
0.0622100830078125 0.097869873046875 -0.205474853515625 -0.0200653076171875
-0.036102294921875 0.132530212402344 -0.071380615234375 -0.0700912475585937
-0.07916259765625 0.138725280761719 -0.0392684936523437 0.137351989746094
-0.158584594726563 0.150192260742187 -0.26531982421875 0.23724365234375
-0.0816268920898438 -0.000953674316406246 0.26702880859375 -0.32257080078125
-0.02667236328125 0.0612564086914063 0.0632781982421875 -0.191757202148438
0.0438194274902344 0.0681953430175781 0.0267257690429688 0.0601043701171875
0.0700531005859375 0.012969970703125 0.1912841796875 0.0487060546875
0.0640525817871094 -0.0438079833984375 0.248687744140625 -0.0812225341796875
0.0015869140625 -0.076385498046875 0.206283569335938 -0.269332885742188
-0.0343017578125 -0.0771942138671875 0.098236083984375 -0.391937255859375
-0.022247314453125 -0.0534439086914063 0.058807373046875 -0.367156982421875
-0.0246963500976562 -0.0568199157714844 0.092926025390625 -0.338623046875
0.0180435180664063 -0.0491714477539063 0.153472900390625 -0.25225830078125
0.0505218505859375 -0.0144882202148438 0.133438110351562 -0.137367248535156
0.0341033935546875 0.0448532104492188 0.0811080932617187 -0.0940628051757812
-0.0333061218261719 0.0509681701660156 0.0482940673828125 -0.198745727539063
-0.0657234191894531 0.0143966674804688 0.19683837890625 -0.42388916015625
-0.0344085693359375 -0.0532684326171875 0.6009521484375 -0.40185546875
-0.26019287109375 0.173110961914063 0.243988037109375 -0.30035400390625
-0.108657836914062 0.238372802734375 0.068206787109375 -0.173736572265625
0.0568389892578125 0.261016845703125 0.0199546813964844 0.0529136657714844
0.193527221679688 0.121536254882813 0.165390014648438 0.04449462890625
0.212966918945313 -0.0281982421875 0.216949462890625 -0.049652099609375
0.126541137695313 -0.178497314453125 0.196395874023438 -0.23638916015625
0.042144775390625 -0.2242431640625 0.0985107421875 -0.349578857421875
0.057373046875 -0.190765380859375 0.05181884765625 -0.3192138671875
0.058868408203125 -0.217864990234375 0.088226318359375 -0.294769287109375
0.143661499023438 -0.163314819335938 0.122482299804688 -0.21771240234375
0.22589111328125 -0.0371246337890625 0.08966064453125 -0.1102294921875
0.189529418945313 0.135086059570313 0.0468673706054688 -0.102890014648437
-0.00625610351562501 0.26580810546875 0.0306396484375 -0.226547241210938
-0.143112182617188 0.244964599609375 0.200653076171875 -0.43133544921875
-0.220901489257812 0.13580322265625 0.5775146484375 -0.4056396484375
-0.399200439453125 0.321685791015625 0.15814208984375 -0.232986450195312
-0.169189453125 0.397003173828125 0.0486831665039062 -0.116157531738281
0.078155517578125 0.427032470703125 0.01971435546875 0.0546989440917969
0.30535888671875 0.2139892578125 0.133583068847656 0.0345230102539063
0.343017578125 -0.01531982421875 0.166107177734375 -0.01953125
0.233795166015625 -0.260848999023438 0.160598754882813 -0.17950439453125
0.11102294921875 -0.339996337890625 0.0815277099609375 -0.261093139648438
0.128204345703125 -0.299285888671875 0.0365753173828125 -0.223388671875
0.13116455078125 -0.345916748046875 0.0704498291015625 -0.202835083007813
0.246841430664063 -0.254409790039063 0.0675506591796875 -0.146041870117188
0.3726806640625 -0.0576171875 0.0223922729492188 -0.0645675659179688
0.32769775390625 0.2064208984375 -0.00872039794921872 -0.105018615722656
0.0308837890625 0.4520263671875 -0.000671386718750023 -0.241958618164063
-0.199066162109375 0.451812744140625 0.182464599609375 -0.39251708984375
-0.376434326171875 0.306365966796875 0.490814208984375 -0.3543701171875
-0.471893310546875 0.43353271484375 0.0258941650390625 -0.126655578613281
-0.19342041015625 0.5162353515625 0.0108985900878906 -0.0246944427490234
0.1168212890625 0.54461669921875 0.0230026245117188 0.0629081726074219
0.3985595703125 0.267578125 0.0903396606445313 0.0239791870117188
0.4345703125 -0.011688232421875 0.094696044921875 0.0134124755859375
0.30792236328125 -0.31414794921875 0.100326538085938 -0.0983352661132813
0.159576416015625 -0.406951904296875 0.0506515502929688 -0.135025024414063
0.176300048828125 -0.3621826171875 0.0147171020507813 -0.093780517578125
0.18377685546875 -0.420654296875 0.0417327880859375 -0.0762786865234375
0.31304931640625 -0.309051513671875 -0.000377655029296856 -0.0457611083984375
0.4683837890625 -0.07135009765625 -0.0577621459960937 -0.00191879272460938
0.421661376953125 0.247039794921875 -0.0745697021484375 -0.0923233032226562
0.06451416015625 0.57562255859375 -0.0349273681640625 -0.23333740234375
-0.22552490234375 0.59295654296875 0.146392822265625 -0.3037109375
-0.4749755859375 0.424285888671875 0.348114013671875 -0.25244140625
-0.473876953125 0.484954833984375 -0.12896728515625 0.0086898803710938
-0.17828369140625 0.570068359375 -0.0349044799804688 0.0910263061523438
0.1527099609375 0.57861328125 0.0226287841796875 0.0767745971679688
0.44073486328125 0.274566650390625 0.0340824127197266 0.0199699401855469
0.461578369140625 -0.013946533203125 0.0105628967285156 0.0521965026855469
0.33282470703125 -0.3253173828125 0.0268039703369141 0.00060272216796873
0.18304443359375 -0.417236328125 0.0133085250854492 0.0116586685180664
0.198883056640625 -0.37109375 -0.00847244262695311 0.0504341125488281
0.20562744140625 -0.42950439453125 0.00711822509765627 0.0643653869628906
0.330352783203125 -0.309906005859375 -0.070159912109375 0.068878173828125
0.486328125 -0.064544677734375 -0.135787963867187 0.0669631958007812
0.437774658203125 0.255035400390625 -0.137954711914062 -0.0660400390625
0.075927734375 0.60174560546875 -0.0644378662109375 -0.197265625
-0.2261962890625 0.62628173828125 0.0992279052734375 -0.177078247070312
-0.501007080078125 0.4647216796875 0.176483154296875 -0.11175537109375
-0.402679443359375 0.469329833984375 -0.2841796875 0.156219482421875
-0.134857177734375 0.535308837890625 -0.0855712890625 0.212860107421875
0.161956787109375 0.514007568359375 0.0177383422851563 0.0945816040039063
0.40643310546875 0.23284912109375 -0.0262336730957031 0.0263023376464844
0.410858154296875 -0.01666259765625 -0.0706710815429687 0.0905990600585937
0.302276611328125 -0.2880859375 -0.0468978881835937 0.10247802734375
0.176055908203125 -0.36322021484375 -0.0233917236328125 0.156326293945312
0.18963623046875 -0.323944091796875 -0.030670166015625 0.186767578125
0.198699951171875 -0.372161865234375 -0.03094482421875 0.196823120117187
0.29925537109375 -0.25518798828125 -0.132293701171875 0.172348022460937
0.4205322265625 -0.0357666015625 -0.1986083984375 0.122116088867188
0.3619384765625 0.22894287109375 -0.183380126953125 -0.0384674072265625
0.0474853515625 0.512939453125 -0.079132080078125 -0.147064208984375
-0.20404052734375 0.537872314453125 0.0496749877929687 -0.0398979187011718
-0.452911376953125 0.42120361328125 0.000226974487304662 0.0350723266601563
-0.27398681640625 0.374969482421875 -0.419677734375 0.294677734375
-0.07568359375 0.41265869140625 -0.137451171875 0.319915771484375
0.13580322265625 0.361663818359375 0.00862121582031251 0.115165710449219
0.2935791015625 0.15228271484375 -0.0734481811523437 0.0411224365234375
0.287506103515625 -0.01409912109375 -0.129249572753906 0.115882873535156
0.221435546875 -0.201797485351563 -0.106155395507813 0.185134887695312
0.141510009765625 -0.251678466796875 -0.05621337890625 0.27496337890625
0.151565551757813 -0.227706909179687 -0.048828125 0.294158935546875
0.16436767578125 -0.257369995117188 -0.066925048828125 0.299224853515625
0.22406005859375 -0.15960693359375 -0.179855346679688 0.244522094726563
0.28857421875 0.0052490234375 -0.236907958984375 0.14776611328125
0.221160888671875 0.176620483398438 -0.204193115234375 -0.02197265625
-0.000885009765624993 0.343017578125 -0.0798873901367188 -0.100425720214844
-0.158172607421875 0.358367919921875 0.00221252441406248 0.0726852416992188
-0.33245849609375 0.3065185546875 -0.156021118164063 0.158706665039063
-0.101211547851563 0.220901489257813 -0.5147705078125 0.398712158203125
-0.00761413574218751 0.228729248046875 -0.18365478515625 0.39825439453125
0.0901641845703125 0.153579711914063 0.00348663330078124 0.138381958007813
0.138221740722656 0.0476303100585938 -0.0921096801757812 0.0589752197265625
0.119514465332031 -0.0100479125976563 -0.153579711914063 0.12176513671875
0.104515075683594 -0.0835342407226563 -0.141860961914063 0.233062744140625
0.0830764770507813 -0.101028442382813 -0.077423095703125 0.3472900390625
0.08953857421875 -0.095916748046875 -0.060211181640625 0.35772705078125
0.104347229003906 -0.106178283691406 -0.097259521484375 0.356781005859375
0.120063781738281 -0.04522705078125 -0.206649780273438 0.278060913085938
0.125762939453125 0.0415496826171875 -0.249679565429688 0.1435546875
0.0637969970703125 0.0979766845703125 -0.204299926757813 -0.0190887451171875
-0.0364303588867187 0.134330749511719 -0.0711669921875 -0.0681381225585938
-0.0807723999023438 0.140098571777344 -0.0364837646484375 0.140106201171875
-0.161880493164063 0.151229858398438 -0.264541625976563 0.240066528320313
-0.080902099609375 -0.000328063964843757 0.270843505859375 -0.33599853515625
-0.027252197265625 0.0587539672851563 0.060455322265625 -0.203170776367188
0.0428810119628906 0.0675048828125 0.027618408203125 0.0593910217285156
0.0701522827148438 0.0128211975097656 0.195266723632813 0.045989990234375
0.0643196105957031 -0.0455245971679688 0.251953125 -0.083892822265625
-0.00115966796875 -0.0768203735351563 0.208282470703125 -0.275726318359375
-0.037445068359375 -0.0762939453125 0.094757080078125 -0.404205322265625
-0.0232582092285156 -0.052520751953125 0.056243896484375 -0.37744140625
-0.0271987915039062 -0.0559310913085938 0.093505859375 -0.348876953125
0.0164909362792969 -0.0484275817871094 0.15576171875 -0.259124755859375
0.0489158630371094 -0.0160179138183594 0.134811401367188 -0.1407470703125
0.03399658203125 0.0442543029785156 0.0816574096679688 -0.0965347290039063
-0.0316390991210938 0.0513381958007812 0.0469207763671875 -0.205490112304688
-0.0633468627929688 0.0143013000488281 0.195281982421875 -0.439361572265625
-0.0332450866699219 -0.0551490783691406 0.613525390625 -0.41485595703125
-0.26416015625 0.178909301757812 0.247528076171875 -0.31494140625
-0.111373901367188 0.239913940429687 0.0670623779296875 -0.18621826171875
0.0589752197265625 0.266586303710937 0.0214576721191406 0.0515594482421875
0.197540283203125 0.121597290039063 0.1688232421875 0.0417022705078125
0.218490600585938 -0.031524658203125 0.221603393554687 -0.0517730712890625
0.123748779296875 -0.1829833984375 0.197280883789063 -0.243011474609375
0.0380706787109375 -0.228607177734375 0.094635009765625 -0.360382080078125
0.05645751953125 -0.195388793945313 0.049774169921875 -0.328399658203125
0.0548858642578125 -0.222015380859375 0.088623046875 -0.304931640625
0.142730712890625 -0.166763305664063 0.125228881835938 -0.2227783203125
0.227890014648438 -0.0427398681640625 0.09136962890625 -0.112236022949219
0.195388793945313 0.135696411132813 0.0471115112304688 -0.105049133300781
-0.000610351562500019 0.272308349609375 0.0299072265625 -0.233062744140625
-0.139190673828125 0.251983642578125 0.201385498046875 -0.446014404296875
-0.225189208984375 0.140838623046875 0.58984375 -0.4195556640625
-0.407989501953125 0.333160400390625 0.160842895507812 -0.24566650390625
-0.173553466796875 0.40234375 0.0489654541015625 -0.128227233886719
0.083465576171875 0.437469482421875 0.020904541015625 0.052886962890625
0.31414794921875 0.21441650390625 0.136421203613281 0.0324325561523438
0.3525390625 -0.01904296875 0.17132568359375 -0.0209808349609375
0.233642578125 -0.269607543945313 0.160568237304688 -0.187835693359375
0.106170654296875 -0.348968505859375 0.0782318115234375 -0.270309448242188
0.126800537109375 -0.30828857421875 0.0354156494140625 -0.229339599609375
0.127044677734375 -0.3548583984375 0.070770263671875 -0.210418701171875
0.246597290039062 -0.26202392578125 0.06976318359375 -0.149520874023438
0.37860107421875 -0.0653076171875 0.0232162475585938 -0.0654487609863281
0.338043212890625 0.207550048828125 -0.00900268554687499 -0.107460021972656
0.0384521484375 0.465057373046875 -0.00146484375000002 -0.24835205078125
-0.19488525390625 0.464324951171875 0.18316650390625 -0.40631103515625
-0.384552001953125 0.317474365234375 0.500579833984375 -0.364959716796875
-0.48480224609375 0.446746826171875 0.0278244018554687 -0.136482238769531
-0.19683837890625 0.525299072265625 0.0130977630615234 -0.0340557098388672
0.1251220703125 0.559173583984375 0.0240707397460938 0.0622406005859375
0.41009521484375 0.26898193359375 0.0925064086914063 0.0225677490234375
0.445098876953125 -0.016448974609375 0.0999298095703125 0.0135879516601562
0.3074951171875 -0.32452392578125 0.100112915039063 -0.105690002441406
0.154571533203125 -0.42071533203125 0.048370361328125 -0.141586303710938
0.176971435546875 -0.374603271484375 0.014312744140625 -0.0955047607421875
0.179168701171875 -0.432403564453125 0.041778564453125 -0.08123779296875
0.31439208984375 -0.31903076171875 0.000606536865234399 -0.0457267761230469
0.47576904296875 -0.0789794921875 -0.0578269958496093 -0.000930786132812505
0.436859130859375 0.249664306640625 -0.076416015625 -0.0928192138671875
0.07379150390625 0.592529296875 -0.0357513427734375 -0.238494873046875
-0.22161865234375 0.60760498046875 0.1492919921875 -0.3140869140625
-0.486083984375 0.438079833984375 0.355865478515625 -0.257904052734375
-0.4879150390625 0.501495361328125 -0.129524230957031 0.00469970703125001
-0.18182373046875 0.584228515625 -0.03204345703125 0.0858001708984375
0.1636962890625 0.5948486328125 0.0239715576171875 0.0772781372070313
0.453704833984375 0.27593994140625 0.035552978515625 0.0196456909179688
0.474945068359375 -0.019561767578125 0.014495849609375 0.0532341003417969
0.333892822265625 -0.338531494140625 0.0255126953125 -0.0044059753417969
0.17950439453125 -0.4310302734375 0.0124444961547852 0.00844955444335935
0.19921875 -0.385009765625 -0.00828933715820311 0.0521430969238281
0.200927734375 -0.442840576171875 0.00714111328125001 0.0634918212890625
0.33087158203125 -0.320770263671875 -0.0700607299804687 0.0711822509765625
0.49566650390625 -0.07373046875 -0.136924743652344 0.0699539184570313
0.452117919921875 0.25653076171875 -0.140327453613281 -0.0658111572265625
0.084716796875 0.61767578125 -0.06573486328125 -0.20074462890625
-0.2230224609375 0.64312744140625 0.103469848632812 -0.182876586914062
-0.51422119140625 0.4815673828125 0.181304931640625 -0.112548828125
-0.4169921875 0.484039306640625 -0.2869873046875 0.159088134765625
-0.13653564453125 0.551025390625 -0.0822601318359375 0.213577270507813
0.175567626953125 0.53106689453125 0.0192337036132813 0.0967559814453125
0.418182373046875 0.23260498046875 -0.0256385803222656 0.0273170471191406
0.42327880859375 -0.022247314453125 -0.0672988891601562 0.0927581787109375
0.30401611328125 -0.29974365234375 -0.0476226806640625 0.0997848510742187
0.173583984375 -0.377105712890625 -0.0235595703125 0.157730102539062
0.19061279296875 -0.337615966796875 -0.02886962890625 0.191726684570312
0.19573974609375 -0.385498046875 -0.0295562744140625 0.1998291015625
0.300811767578125 -0.2659912109375 -0.132431030273438 0.177108764648437
0.4285888671875 -0.043212890625 -0.20025634765625 0.126739501953125
0.373779296875 0.233673095703125 -0.18658447265625 -0.0379180908203125
0.055023193359375 0.5294189453125 -0.080535888671875 -0.149063110351562
-0.202911376953125 0.5545654296875 0.0540809631347656 -0.040374755859375
-0.4639892578125 0.437042236328125 0.00105667114257809 0.03887939453125
-0.28497314453125 0.38671875 -0.423980712890625 0.301910400390625
-0.076812744140625 0.425262451171875 -0.134735107421875 0.326416015625
0.14569091796875 0.37493896484375 0.00971984863281252 0.118553161621094
0.30340576171875 0.152740478515625 -0.072906494140625 0.0437164306640625
0.2977294921875 -0.0174560546875 -0.128150939941406 0.119392395019531
0.2237548828125 -0.210617065429687 -0.108200073242187 0.185546875
0.140487670898437 -0.26239013671875 -0.0546875 0.28009033203125
0.1519775390625 -0.238174438476562 -0.046295166015625 0.302581787109375
0.1622314453125 -0.26678466796875 -0.0670166015625 0.305999755859375
0.225555419921875 -0.16729736328125 -0.180328369140625 0.25091552734375
0.29534912109375 0.001312255859375 -0.238311767578125 0.15252685546875
0.229278564453125 0.179885864257812 -0.20782470703125 -0.0204315185546875
0.00128173828124998 0.354736328125 -0.0810623168945312 -0.100479125976563
-0.15771484375 0.36920166015625 0.00630950927734374 0.0760650634765625
-0.34295654296875 0.31927490234375 -0.157577514648438 0.167388916015625
-0.107833862304688 0.226699829101562 -0.52215576171875 0.410614013671875
-0.00659179687499999 0.23699951171875 -0.18017578125 0.410400390625
0.095458984375 0.16143798828125 0.00402832031249999 0.14306640625
0.143600463867187 0.0481719970703125 -0.0921173095703125 0.0625457763671875
0.124748229980469 -0.0113983154296875 -0.153839111328125 0.124343872070313
0.107994079589844 -0.0884780883789063 -0.143218994140625 0.236618041992187
0.0836868286132812 -0.107063293457031 -0.074462890625 0.355560302734375
0.0901412963867188 -0.102027893066406 -0.05657958984375 0.367950439453125
0.104743957519531 -0.1123046875 -0.095733642578125 0.366729736328125
0.121269226074219 -0.0493927001953125 -0.207977294921875 0.28472900390625
0.130241394042969 0.039764404296875 -0.251785278320313 0.148223876953125
0.068023681640625 0.100395202636719 -0.207855224609375 -0.0175323486328125
-0.0364151000976563 0.13970947265625 -0.0731353759765625 -0.0673675537109375
-0.0826568603515625 0.146530151367187 -0.0330352783203125 0.146728515625
-0.168533325195313 0.158706665039063 -0.26806640625 0.251373291015625
-0.0801467895507813 0.00161743164062501 0.2686767578125 -0.3599853515625
-0.0277328491210938 0.0575599670410156 0.052459716796875 -0.217300415039062
0.0442047119140625 0.0669593811035156 0.030364990234375 0.0581245422363281
0.0718536376953125 0.0110549926757813 0.201507568359375 0.0388031005859375
0.06475830078125 -0.04998779296875 0.256637573242188 -0.094024658203125
-0.00532531738281249 -0.0777816772460938 0.20623779296875 -0.29010009765625
-0.0425949096679687 -0.0743026733398438 0.083465576171875 -0.419036865234375
-0.0255661010742187 -0.0515518188476563 0.04498291015625 -0.392608642578125
-0.0303688049316406 -0.0548133850097656 0.085784912109375 -0.36614990234375
0.0148239135742188 -0.0489959716796875 0.15423583984375 -0.272109985351563
0.0470619201660156 -0.0186119079589844 0.134231567382813 -0.149383544921875
0.0355606079101563 0.0433578491210938 0.0809555053710938 -0.102493286132813
-0.0289802551269531 0.0516929626464844 0.040191650390625 -0.21563720703125
-0.0611953735351563 0.0158042907714844 0.18280029296875 -0.462371826171875
-0.0346717834472656 -0.05670166015625 0.62127685546875 -0.44854736328125
-0.266510009765625 0.193359375 0.246063232421875 -0.3380126953125
-0.110000610351563 0.247055053710937 0.060760498046875 -0.202041625976562
0.0679168701171875 0.27294921875 0.0234489440917969 0.0499610900878906
0.206527709960937 0.118362426757812 0.174697875976563 0.0348358154296875
0.22528076171875 -0.040863037109375 0.228302001953125 -0.0601654052734375
0.118560791015625 -0.192306518554688 0.195327758789062 -0.257980346679688
0.02862548828125 -0.235687255859375 0.0833740234375 -0.376495361328125
0.051177978515625 -0.202926635742188 0.040283203125 -0.341827392578125
0.046783447265625 -0.23046875 0.082855224609375 -0.321044921875
0.139816284179688 -0.176498413085938 0.122817993164063 -0.234115600585938
0.230697631835937 -0.05303955078125 0.0908584594726563 -0.118370056152344
0.206741333007813 0.133071899414063 0.04522705078125 -0.110794067382812
0.011566162109375 0.2821044921875 0.02288818359375 -0.243560791015625
-0.13177490234375 0.263916015625 0.1904296875 -0.4696044921875
-0.22796630859375 0.153274536132813 0.59674072265625 -0.45263671875
-0.413177490234375 0.360382080078125 0.15972900390625 -0.265350341796875
-0.171295166015625 0.4176025390625 0.0452423095703125 -0.142684936523437
0.099822998046875 0.4503173828125 0.0233879089355469 0.0528984069824219
0.330108642578125 0.209197998046875 0.142059326171875 0.0268402099609375
0.364654541015625 -0.0325927734375 0.17852783203125 -0.0275421142578125
0.2275390625 -0.285888671875 0.157516479492188 -0.201324462890625
0.093475341796875 -0.364410400390625 0.06817626953125 -0.28387451171875
0.1197509765625 -0.32421875 0.0281524658203125 -0.238494873046875
0.115081787109375 -0.3707275390625 0.06591796875 -0.222885131835938
0.243545532226563 -0.280319213867188 0.0682373046875 -0.156753540039063
0.3861083984375 -0.082550048828125 0.0226860046386719 -0.0679130554199219
0.357696533203125 0.20343017578125 -0.0117950439453125 -0.110511779785156
0.059356689453125 0.48211669921875 -0.00843811035156248 -0.257461547851562
-0.181304931640625 0.485198974609375 0.177093505859375 -0.42840576171875
-0.390045166015625 0.341796875 0.50738525390625 -0.393035888671875
-0.49200439453125 0.479766845703125 0.026153564453125 -0.147384643554687
-0.191680908203125 0.54833984375 0.0127906799316406 -0.0439529418945312
0.1502685546875 0.57537841796875 0.0270500183105469 0.0624046325683594
0.43206787109375 0.262420654296875 0.097259521484375 0.0186080932617188
0.463134765625 -0.0333251953125 0.107452392578125 0.00975799560546875
0.30352783203125 -0.34814453125 0.096923828125 -0.116447448730469
0.140838623046875 -0.442230224609375 0.041839599609375 -0.15069580078125
0.168212890625 -0.39569091796875 0.0117263793945313 -0.09881591796875
0.163848876953125 -0.45367431640625 0.040283203125 -0.087982177734375
0.310821533203125 -0.3404541015625 0.000499725341796896 -0.0475578308105469
0.486602783203125 -0.100494384765625 -0.0579795837402343 0.00189971923828124
0.4603271484375 0.245849609375 -0.080780029296875 -0.0935592651367187
0.0999755859375 0.61199951171875 -0.04364013671875 -0.245361328125
-0.20556640625 0.6351318359375 0.145263671875 -0.330718994140625
-0.4931640625 0.471221923828125 0.36126708984375 -0.27435302734375
-0.493927001953125 0.536712646484375 -0.131423950195313 0.00331878662109377
-0.17303466796875 0.6090087890625 -0.0290298461914063 0.0824279785156251
0.19195556640625 0.61370849609375 0.0281295776367188 0.0787811279296875
0.478515625 0.2674560546875 0.0393295288085938 0.0188369750976563
0.494171142578125 -0.038330078125 0.0210494995117188 0.054046630859375
0.330322265625 -0.364959716796875 0.0235729217529297 -0.0109596252441406
0.1651611328125 -0.4534912109375 0.00968265533447267 0.00554752349853513
0.190826416015625 -0.408416748046875 -0.00579833984374999 0.05499267578125
0.188018798828125 -0.46539306640625 0.00950622558593751 0.0633468627929687
0.328460693359375 -0.34375 -0.0688629150390625 0.0751495361328125
0.50732421875 -0.09527587890625 -0.137184143066406 0.0778732299804688
0.476776123046875 0.25250244140625 -0.145599365234375 -0.062835693359375
0.111328125 0.6397705078125 -0.0718841552734375 -0.205322265625
-0.20635986328125 0.67047119140625 0.103866577148437 -0.192596435546875
-0.520782470703125 0.51495361328125 0.184921264648438 -0.119094848632813
-0.42431640625 0.51629638671875 -0.28985595703125 0.16937255859375
-0.1270751953125 0.57562255859375 -0.0755767822265625 0.218185424804688
0.201019287109375 0.54864501953125 0.02362060546875 0.100128173828125
0.440704345703125 0.225738525390625 -0.0229568481445312 0.0297183990478516
0.441192626953125 -0.03875732421875 -0.0621185302734375 0.0967254638671875
0.301849365234375 -0.323272705078125 -0.0494384765625 0.0992507934570312
0.1619873046875 -0.39874267578125 -0.0213165283203125 0.160995483398437
0.183868408203125 -0.358856201171875 -0.023040771484375 0.1998291015625
0.185150146484375 -0.40533447265625 -0.0247955322265625 0.206405639648437
0.29864501953125 -0.28594970703125 -0.130050659179688 0.18646240234375
0.4407958984375 -0.061614990234375 -0.200103759765625 0.136917114257812
0.3955078125 0.229217529296875 -0.19281005859375 -0.0315704345703125
0.07373046875 0.548919677734375 -0.08587646484375 -0.151123046875
-0.19097900390625 0.578369140625 0.0588340759277344 -0.04351806640625
-0.4715576171875 0.46929931640625 0.00358200073242184 0.0430488586425782
-0.289306640625 0.411102294921875 -0.426910400390625 0.3232421875
-0.0675048828125 0.445770263671875 -0.1251220703125 0.33984375
0.166229248046875 0.388458251953125 0.0145492553710938 0.12420654296875
0.3201904296875 0.147369384765625 -0.07171630859375 0.0489044189453125
0.3104248046875 -0.02947998046875 -0.12493896484375 0.125411987304688
0.22369384765625 -0.228622436523438 -0.10797119140625 0.191024780273437
0.132217407226563 -0.279220581054687 -0.048187255859375 0.2894287109375
0.147811889648438 -0.254409790039063 -0.037078857421875 0.314971923828125
0.15557861328125 -0.283294677734375 -0.0592041015625 0.318084716796875
0.224700927734375 -0.181396484375 -0.177688598632812 0.264251708984375
0.306396484375 -0.011260986328125 -0.239120483398437 0.165130615234375
0.2447509765625 0.17901611328125 -0.213821411132813 -0.0135650634765625
0.014404296875 0.36871337890625 -0.0851287841796875 -0.0999526977539062
-0.150146484375 0.38812255859375 0.0131301879882812 0.079803466796875
-0.349365234375 0.343353271484375 -0.155715942382813 0.18096923828125
-0.11053466796875 0.239593505859375 -0.5230712890625 0.440216064453125
0.000457763671874991 0.248138427734375 -0.170562744140625 0.430419921875
0.106399536132812 0.16766357421875 0.01007080078125 0.150497436523438
0.1513671875 0.04583740234375 -0.0912857055664063 0.0689163208007812
0.131080627441406 -0.0158538818359375 -0.152542114257813 0.131195068359375
0.109138488769531 -0.09722900390625 -0.1422119140625 0.245559692382812
0.0824050903320313 -0.116447448730469 -0.0655517578125 0.3685302734375
0.08935546875 -0.111068725585938 -0.045501708984375 0.3826904296875
0.102973937988281 -0.12127685546875 -0.085845947265625 0.382904052734375
0.122154235839844 -0.056884765625 -0.205108642578125 0.300323486328125
0.13800048828125 0.034423828125 -0.25238037109375 0.160247802734375
0.0754547119140625 0.102066040039063 -0.214492797851563 -0.00997924804687495
-0.03363037109375 0.148162841796875 -0.0764389038085938 -0.0654678344726562
-0.08148193359375 0.1561279296875 -0.025604248046875 0.15533447265625
-0.17144775390625 0.171371459960937 -0.268264770507813 0.27288818359375
-0.07830810546875 0.00576782226562499 0.253387451171875 -0.385162353515625
-0.0265693664550781 0.0572776794433594 0.0363311767578125 -0.228073120117188
0.0469245910644531 0.0650711059570313 0.03350830078125 0.0553359985351563
0.0727005004882813 0.006988525390625 0.205886840820313 0.0255126953125
0.0619926452636719 -0.0550308227539063 0.256149291992188 -0.110946655273438
-0.0118026733398437 -0.0772857666015625 0.193695068359375 -0.306732177734375
-0.0479469299316406 -0.0701904296875 0.056854248046875 -0.4327392578125
-0.0290985107421875 -0.0491256713867188 0.022064208984375 -0.40350341796875
-0.0353889465332031 -0.0521697998046875 0.066925048828125 -0.3812255859375
0.0119285583496094 -0.0492286682128906 0.14239501953125 -0.286376953125
0.044891357421875 -0.0220603942871094 0.128631591796875 -0.158950805664062
0.0372886657714844 0.0418624877929688 0.0760421752929688 -0.109405517578125
-0.0244293212890625 0.0522232055664063 0.0257110595703125 -0.22259521484375
-0.0577964782714844 0.0179939270019531 0.154754638671875 -0.484375
-0.037384033203125 -0.0568771362304687 0.60711669921875 -0.4949951171875
-0.259613037109375 0.213272094726562 0.231658935546875 -0.3634033203125
-0.100509643554688 0.255386352539063 0.046112060546875 -0.215545654296875
0.08404541015625 0.274505615234375 0.0256309509277344 0.0481224060058594
0.216201782226563 0.108413696289063 0.1788330078125 0.02294921875
0.227294921875 -0.056243896484375 0.2305908203125 -0.0741119384765625
0.106704711914063 -0.201461791992187 0.182723999023438 -0.274795532226563
0.012237548828125 -0.239883422851562 0.0596923828125 -0.38970947265625
0.039031982421875 -0.209884643554688 0.020721435546875 -0.3514404296875
0.0307464599609375 -0.235977172851563 0.06494140625 -0.33563232421875
0.1302490234375 -0.188262939453125 0.1129150390625 -0.246841430664063
0.229660034179687 -0.0690460205078125 0.0868606567382813 -0.124916076660156
0.219161987304688 0.123321533203125 0.0402984619140625 -0.116134643554687
0.0322265625 0.28619384765625 0.00808715820312501 -0.25067138671875
-0.113662719726563 0.274581909179688 0.1656494140625 -0.49261474609375
-0.224655151367188 0.17095947265625 0.58465576171875 -0.4954833984375
-0.40069580078125 0.39227294921875 0.14874267578125 -0.285003662109375
-0.152435302734375 0.43511962890625 0.0354766845703125 -0.155975341796875
0.130157470703125 0.454254150390625 0.0261116027832031 0.0508270263671875
0.347747802734375 0.193511962890625 0.145965576171875 0.0170135498046875
0.370849609375 -0.05706787109375 0.182647705078125 -0.0392608642578125
0.21124267578125 -0.304901123046875 0.145584106445312 -0.216354370117188
0.06915283203125 -0.37646484375 0.049163818359375 -0.294036865234375
0.1014404296875 -0.338836669921875 0.015045166015625 -0.244918823242188
0.09088134765625 -0.384368896484375 0.054046630859375 -0.234786987304688
0.228607177734375 -0.2994384765625 0.0614166259765625 -0.163925170898438
0.386199951171875 -0.1092529296875 0.0202598571777344 -0.0688591003417969
0.378509521484375 0.1865234375 -0.0174331665039062 -0.112327575683594
0.093994140625 0.489349365234375 -0.02337646484375 -0.263427734375
-0.151763916015625 0.50341796875 0.154998779296875 -0.449676513671875
-0.381439208984375 0.373077392578125 0.496002197265625 -0.428985595703125
-0.47845458984375 0.5228271484375 0.020355224609375 -0.15753173828125
-0.16888427734375 0.57110595703125 0.00948333740234373 -0.0540618896484375
0.18853759765625 0.5806884765625 0.031005859375 0.0615768432617188
0.454254150390625 0.24114990234375 0.101402282714844 0.0113143920898438
0.473175048828125 -0.06512451171875 0.113273620605469 0.00228118896484375
0.28338623046875 -0.3736572265625 0.0881576538085938 -0.127372741699219
0.11181640625 -0.459136962890625 0.03021240234375 -0.15771484375
0.14666748046875 -0.415496826171875 0.00642395019531251 -0.101661682128906
0.135101318359375 -0.472015380859375 0.0360641479492188 -0.0950927734375
0.292694091796875 -0.3658447265625 -0.00117492675781248 -0.048614501953125
0.48779296875 -0.13427734375 -0.0575180053710937 0.00626373291015624
0.48712158203125 0.223541259765625 -0.086181640625 -0.0908966064453125
0.14349365234375 0.62060546875 -0.0576171875 -0.24920654296875
-0.168701171875 0.65802001953125 0.130279541015625 -0.348114013671875
-0.48095703125 0.51263427734375 0.355010986328125 -0.29925537109375
-0.47918701171875 0.58123779296875 -0.132278442382813 0.00632476806640629
-0.14581298828125 0.63238525390625 -0.024993896484375 0.0781478881835938
0.23675537109375 0.618408203125 0.0337753295898438 0.0796966552734375
0.504119873046875 0.244842529296875 0.0429496765136719 0.015777587890625
0.505645751953125 -0.070465087890625 0.0288352966308594 0.0511589050292969
0.310821533203125 -0.390533447265625 0.0184268951416016 -0.0167007446289063
0.1357421875 -0.475830078125 0.00708103179931641 0.00339651107788083
0.168121337890625 -0.42962646484375 -0.00204086303710936 0.0569572448730468
0.15826416015625 -0.48651123046875 0.0125312805175781 0.0624275207519531
0.310546875 -0.37042236328125 -0.0651702880859375 0.0805206298828124
0.510986328125 -0.13031005859375 -0.133522033691406 0.0875320434570312
0.50506591796875 0.230926513671875 -0.1514892578125 -0.0556488037109375
0.154541015625 0.6480712890625 -0.083221435546875 -0.2059326171875
-0.167236328125 0.69451904296875 0.0975341796875 -0.204513549804687
-0.50799560546875 0.560455322265625 0.18310546875 -0.130050659179687
-0.40814208984375 0.55615234375 -0.284515380859375 0.185150146484375
-0.0993041992187501 0.59698486328125 -0.063232421875 0.221588134765625
0.242279052734375 0.552398681640625 0.0312423706054688 0.102447509765625
0.464996337890625 0.20562744140625 -0.0186901092529297 0.0314731597900391
0.45263671875 -0.068328857421875 -0.0544509887695312 0.100051879882813
0.285797119140625 -0.350067138671875 -0.0495529174804687 0.0999069213867187
0.13604736328125 -0.418487548828125 -0.0150909423828125 0.16363525390625
0.163177490234375 -0.380126953125 -0.0111846923828125 0.20599365234375
0.159271240234375 -0.42608642578125 -0.01416015625 0.2109375
0.283355712890625 -0.309967041015625 -0.121917724609375 0.197479248046875
0.445037841796875 -0.09210205078125 -0.194183349609375 0.151947021484375
0.420135498046875 0.212188720703125 -0.1971435546875 -0.020965576171875
0.1116943359375 0.558258056640625 -0.0940704345703125 -0.149032592773437
-0.15802001953125 0.6002197265625 0.0608139038085937 -0.0485992431640625
-0.459930419921875 0.50799560546875 0.0077857971191406 0.0466804504394532
-0.278350830078125 0.441802978515625 -0.41595458984375 0.352691650390625
-0.0452575683593751 0.4620361328125 -0.105865478515625 0.351348876953125
0.196990966796875 0.39056396484375 0.023834228515625 0.128280639648438
0.338104248046875 0.1317138671875 -0.0664787292480469 0.0546531677246094
0.31890869140625 -0.0501708984375 -0.117362976074219 0.134056091308594
0.212066650390625 -0.248977661132813 -0.103057861328125 0.1968994140625
0.115264892578125 -0.295654296875 -0.033660888671875 0.296173095703125
0.134048461914063 -0.271743774414063 -0.018310546875 0.323883056640625
0.13751220703125 -0.299835205078125 -0.04193115234375 0.32781982421875
0.215423583984375 -0.199615478515625 -0.165267944335938 0.280502319335938
0.311187744140625 -0.03216552734375 -0.231826782226563 0.181549072265625
0.262374877929687 0.169097900390625 -0.2181396484375 -0.000946044921874997
0.03759765625 0.37933349609375 -0.0903091430664063 -0.0968475341796875
-0.128662109375 0.404541015625 0.0226974487304688 0.0808029174804688
-0.34149169921875 0.373992919921875 -0.1473388671875 0.196945190429688
-0.105255126953125 0.254119873046875 -0.5086669921875 0.477691650390625
0.014129638671875 0.256729125976563 -0.1461181640625 0.44927978515625
0.121200561523438 0.169113159179688 0.0210723876953125 0.156005859375
0.158935546875 0.038604736328125 -0.0856399536132812 0.07720947265625
0.135940551757813 -0.0249710083007812 -0.1470947265625 0.141281127929688
0.105545043945312 -0.107803344726562 -0.133804321289063 0.256011962890625
0.07513427734375 -0.126472473144531 -0.04541015625 0.378875732421875
0.0837249755859375 -0.121353149414063 -0.022979736328125 0.39373779296875
0.0962142944335938 -0.132034301757813 -0.064788818359375 0.39715576171875
0.119232177734375 -0.0661392211914063 -0.19085693359375 0.317413330078125
0.144241333007813 0.025421142578125 -0.245376586914063 0.178115844726562
0.0850143432617188 0.0998687744140625 -0.218673706054688 0.00375366210937503
-0.0256500244140625 0.156478881835938 -0.0803298950195313 -0.06103515625
-0.0736846923828125 0.166275024414063 -0.012298583984375 0.161224365234375
-0.168548583984375 0.188262939453125 -0.256561279296875 0.297393798828125
-0.07379150390625 0.00879669189453125 0.2271728515625 -0.400726318359375
-0.0251541137695313 0.0560569763183594 0.017791748046875 -0.230514526367188
0.0480003356933594 0.0607337951660156 0.0355491638183594 0.0516014099121094
0.071197509765625 0.00298309326171875 0.203277587890625 0.01068115234375
0.0569839477539063 -0.0596237182617188 0.246337890625 -0.125640869140625
-0.017852783203125 -0.0735321044921875 0.172393798828125 -0.31549072265625
-0.0518989562988281 -0.0632057189941406 0.0263671875 -0.430938720703125
-0.0312309265136719 -0.0448989868164063 -0.00418090820312496 -0.402435302734375
-0.0387001037597656 -0.0472755432128906 0.04241943359375 -0.385467529296875
0.0081787109375 -0.048858642578125 0.12451171875 -0.293243408203125
0.0406112670898438 -0.0244636535644531 0.1171875 -0.164260864257813
0.0390739440917969 0.0389442443847656 0.0680084228515625 -0.113861083984375
-0.0191383361816406 0.0505180358886719 0.00962829589843751 -0.222671508789062
-0.0528526306152344 0.0197372436523438 0.11859130859375 -0.488861083984375
-0.0392837524414063 -0.054107666015625 0.56878662109375 -0.52734375
-0.241561889648437 0.227584838867188 0.207183837890625 -0.378875732421875
-0.0863800048828125 0.257278442382813 0.0279083251953125 -0.221206665039062
0.099945068359375 0.265975952148438 0.0277786254882813 0.0453414916992188
0.219146728515625 0.09283447265625 0.177352905273438 0.010040283203125
0.22113037109375 -0.071441650390625 0.224685668945313 -0.0893707275390625
0.0895843505859375 -0.205062866210937 0.162261962890625 -0.283905029296875
-0.00607299804687502 -0.236129760742187 0.03155517578125 -0.3896484375
0.025238037109375 -0.209259033203125 -0.00210571289062498 -0.349945068359375
0.01263427734375 -0.233871459960938 0.042633056640625 -0.340301513671875
0.114822387695312 -0.194168090820313 0.0977020263671875 -0.25164794921875
0.220321655273438 -0.083648681640625 0.0786361694335938 -0.127655029296875
0.224563598632813 0.1077880859375 0.032958984375 -0.118385314941406
0.0538177490234375 0.280136108398438 -0.00849914550781248 -0.249786376953125
-0.092010498046875 0.276870727539063 0.12908935546875 -0.498077392578125
-0.212677001953125 0.185317993164063 0.547515869140625 -0.527618408203125
-0.372039794921875 0.415283203125 0.13128662109375 -0.295745849609375
-0.126953125 0.438018798828125 0.021240234375 -0.162933349609375
0.157958984375 0.443023681640625 0.0291900634765625 0.0485649108886719
0.355926513671875 0.169189453125 0.145401000976563 0.00566101074218751
0.364471435546875 -0.0826416015625 0.181015014648438 -0.051788330078125
0.18524169921875 -0.314361572265625 0.128265380859375 -0.224746704101563
0.03900146484375 -0.37591552734375 0.026763916015625 -0.29541015625
0.07763671875 -0.342132568359375 -0.000411987304687492 -0.243484497070313
0.061279296875 -0.385284423828125 0.0384674072265625 -0.238723754882813
0.20379638671875 -0.310943603515625 0.052154541015625 -0.166091918945313
0.373199462890625 -0.1339111328125 0.0166702270507813 -0.0679397583007813
0.3887939453125 0.16168212890625 -0.0233001708984375 -0.111259460449219
0.12811279296875 0.4794921875 -0.039093017578125 -0.260848999023437
-0.115020751953125 0.5045166015625 0.123809814453125 -0.4547119140625
-0.35589599609375 0.39654541015625 0.465118408203125 -0.454986572265625
-0.442413330078125 0.55181884765625 0.01202392578125 -0.161849975585937
-0.1331787109375 0.57574462890625 0.00296783447265624 -0.0614128112792968
0.22650146484375 0.56634521484375 0.0349845886230469 0.0596542358398438
0.4658203125 0.2098388671875 0.101875305175781 0.00341796875000001
0.46527099609375 -0.09722900390625 0.11541748046875 -0.00700378417968751
0.2518310546875 -0.387664794921875 0.0744171142578125 -0.133621215820313
0.076385498046875 -0.460845947265625 0.01531982421875 -0.158432006835938
0.11639404296875 -0.42138671875 0.000335693359375006 -0.101043701171875
0.099090576171875 -0.47540283203125 0.02880859375 -0.098541259765625
0.261016845703125 -0.380889892578125 -0.00317382812499998 -0.0476837158203125
0.47247314453125 -0.165771484375 -0.0553321838378906 0.0110511779785156
0.4989013671875 0.191009521484375 -0.0902938842773437 -0.0860824584960937
0.1839599609375 0.60736083984375 -0.0717620849609375 -0.244537353515625
-0.12286376953125 0.6583251953125 0.107452392578125 -0.35443115234375
-0.446746826171875 0.54150390625 0.333740234375 -0.317474365234375
-0.442138671875 0.61041259765625 -0.129005432128906 0.0101242065429688
-0.10784912109375 0.638427734375 -0.0209197998046875 0.0727691650390625
0.2764892578125 0.6021728515625 0.0405349731445313 0.0776824951171875
0.515167236328125 0.209320068359375 0.0458488464355469 0.0111808776855469
0.499420166015625 -0.10546875 0.0351219177246094 0.0458831787109375
0.277923583984375 -0.408416748046875 0.0115585327148438 -0.0191574096679688
0.0974426269531249 -0.479400634765625 0.00348401069641114 0.00238299369812009
0.13702392578125 -0.438507080078125 0.00191116333007813 0.0569877624511718
0.12237548828125 -0.491729736328125 0.0153465270996094 0.0597114562988281
0.28009033203125 -0.385650634765625 -0.0587844848632812 0.0843963623046875
0.496368408203125 -0.162811279296875 -0.124961853027344 0.09625244140625
0.516357421875 0.197601318359375 -0.151504516601562 -0.0460205078125
0.19677734375 0.63458251953125 -0.093780517578125 -0.20050048828125
-0.1219482421875 0.69439697265625 0.0858612060546875 -0.210281372070312
-0.47369384765625 0.59002685546875 0.175537109375 -0.138259887695313
-0.37579345703125 0.5831298828125 -0.269058227539062 0.198410034179688
-0.06396484375 0.60211181640625 -0.0491485595703125 0.218521118164063
0.28076171875 0.535614013671875 0.0393829345703125 0.100975036621094
0.474578857421875 0.172271728515625 -0.0129928588867187 0.0313282012939453
0.44708251953125 -0.0994873046875 -0.0439224243164062 0.0996475219726563
0.256134033203125 -0.36700439453125 -0.0486679077148437 0.100242614746094
0.101409912109375 -0.4254150390625 -0.00733947753906249 0.162643432617187
0.13531494140625 -0.38934326171875 0.0021209716796875 0.205307006835937
0.12701416015625 -0.432098388671875 -0.00167846679687497 0.209396362304688
0.256744384765625 -0.32415771484375 -0.108078002929688 0.203460693359375
0.433685302734375 -0.12066650390625 -0.181182861328125 0.16314697265625
0.432098388671875 0.185211181640625 -0.195220947265625 -0.00830078124999997
0.147491455078125 0.5498046875 -0.100265502929688 -0.142913818359375
-0.1177978515625 0.6019287109375 0.0607376098632812 -0.0541572570800781
-0.427703857421875 0.537689208984375 0.0126266479492187 0.0483589172363282
-0.253143310546875 0.45947265625 -0.390228271484375 0.37225341796875
-0.016937255859375 0.464385986328125 -0.08233642578125 0.351654052734375
0.224517822265625 0.378997802734375 0.034271240234375 0.127883911132813
0.34564208984375 0.109527587890625 -0.0586662292480468 0.0579338073730469
0.316558837890625 -0.07281494140625 -0.105552673339844 0.137496948242188
0.192581176757813 -0.2623291015625 -0.0951080322265625 0.200485229492187
0.091339111328125 -0.30194091796875 -0.0164794921875 0.295928955078125
0.1131591796875 -0.279525756835938 0.00292968749999999 0.323150634765625
0.114166259765625 -0.30621337890625 -0.020904541015625 0.32757568359375
0.197311401367188 -0.211318969726563 -0.146240234375 0.2877197265625
0.306640625 -0.05352783203125 -0.216278076171875 0.1944580078125
0.2733154296875 0.151763916015625 -0.214614868164062 0.013885498046875
0.061676025390625 0.37603759765625 -0.0938339233398438 -0.0902481079101562
-0.10223388671875 0.407501220703125 0.0313644409179687 0.077728271484375
-0.316680908203125 0.395050048828125 -0.132400512695313 0.206985473632813
-0.0930633544921875 0.261825561523438 -0.474700927734375 0.502899169921875
0.0296783447265625 0.256088256835938 -0.11505126953125 0.4539794921875
0.133895874023438 0.163467407226563 0.03326416015625 0.155838012695312
0.161514282226563 0.0293426513671875 -0.0759201049804688 0.0820083618164063
0.1357421875 -0.0348281860351563 -0.135543823242187 0.14739990234375
0.0970382690429688 -0.1160888671875 -0.120025634765625 0.260833740234375
0.0645523071289063 -0.132347106933594 -0.021881103515625 0.379180908203125
0.0737152099609375 -0.1275634765625 0.00195312500000001 0.39251708984375
0.0848388671875 -0.137489318847656 -0.03955078125 0.39910888671875
0.112884521484375 -0.0740890502929688 -0.169158935546875 0.326751708984375
0.14501953125 0.0138702392578125 -0.23016357421875 0.191116333007813
0.0931015014648438 0.0936355590820313 -0.215011596679687 0.0182647705078125
-0.014862060546875 0.159835815429688 -0.0819168090820313 -0.0546417236328125
-0.0619964599609375 0.170425415039063 0.00202941894531249 0.160308837890625
-0.157455444335938 0.199111938476563 -0.233489990234375 0.31365966796875
-0.0687294006347656 0.00957107543945314 0.205230712890625 -0.401580810546875
-0.0238571166992187 0.0533981323242188 0.00421142578124998 -0.226516723632813
0.0474853515625 0.0567398071289063 0.0360641479492188 0.0483551025390625
0.0675888061523438 0.000225067138671875 0.195236206054688 0.0015869140625
0.0508842468261719 -0.0605201721191406 0.23388671875 -0.132614135742188
-0.0212783813476563 -0.0686607360839844 0.155120849609375 -0.313446044921875
-0.0520401000976563 -0.0567779541015625 0.00729370117187501 -0.420196533203125
-0.0316047668457031 -0.0407180786132813 -0.01995849609375 -0.39215087890625
-0.0398521423339844 -0.0421791076660156 0.024505615234375 -0.37939453125
0.005584716796875 -0.0469131469726563 0.1107177734375 -0.290985107421875
0.0364227294921875 -0.0248298645019531 0.107757568359375 -0.164047241210938
0.0390167236328125 0.0359611511230469 0.0610122680664063 -0.113929748535156
-0.0154762268066406 0.0471649169921875 -0.00175476074218751 -0.216827392578125
-0.0475540161132813 0.01910400390625 0.09033203125 -0.47894287109375
-0.0386924743652344 -0.0511322021484375 0.5316162109375 -0.537353515625
-0.2230224609375 0.231185913085937 0.187744140625 -0.38079833984375
-0.0763092041015625 0.252029418945312 0.01434326171875 -0.219314575195312
0.107559204101563 0.255050659179688 0.0281791687011719 0.0430030822753906
0.215179443359375 0.0813751220703125 0.17083740234375 0.000900268554687505
0.211410522460938 -0.0804290771484375 0.214859008789062 -0.0976104736328125
0.075469970703125 -0.201614379882813 0.14453125 -0.28228759765625
-0.0175628662109375 -0.226974487304688 0.01226806640625 -0.380279541015625
0.0153656005859375 -0.20404052734375 -0.015350341796875 -0.341033935546875
0.000213623046875012 -0.22607421875 0.027099609375 -0.3349609375
0.101593017578125 -0.192779541015625 0.0859222412109375 -0.2486572265625
0.208099365234375 -0.0907745361328125 0.0713729858398438 -0.125862121582031
0.224594116210938 0.0948333740234375 0.0273666381835938 -0.117378234863281
0.065887451171875 0.2681884765625 -0.01995849609375 -0.243148803710938
-0.0752105712890625 0.26995849609375 0.101531982421875 -0.49053955078125
-0.198898315429688 0.190460205078125 0.511016845703125 -0.534637451171875
-0.34539794921875 0.42108154296875 0.116851806640625 -0.298980712890625
-0.108734130859375 0.430633544921875 0.0105743408203125 -0.164047241210937
0.173828125 0.425079345703125 0.030059814453125 0.046142578125
0.351165771484375 0.14947509765625 0.140869140625 -0.00253295898437499
0.35107421875 -0.09844970703125 0.17523193359375 -0.060150146484375
0.162017822265625 -0.312744140625 0.111953735351562 -0.223678588867187
0.01763916015625 -0.364776611328125 0.010711669921875 -0.28802490234375
0.06024169921875 -0.3360595703125 -0.0100860595703125 -0.237564086914063
0.03948974609375 -0.37518310546875 0.027191162109375 -0.236587524414063
0.182159423828125 -0.309356689453125 0.0450286865234375 -0.16351318359375
0.35467529296875 -0.146392822265625 0.0148277282714844 -0.0660133361816406
0.38702392578125 0.1400146484375 -0.0270843505859375 -0.108451843261719
0.146942138671875 0.4593505859375 -0.0491943359375 -0.2540283203125
-0.089630126953125 0.4931640625 0.09893798828125 -0.4490966796875
-0.332061767578125 0.404449462890625 0.43463134765625 -0.461090087890625
-0.408416748046875 0.558074951171875 0.00674438476562496 -0.163589477539063
-0.10943603515625 0.5679931640625 -0.0030670166015625 -0.0651130676269531
0.2476806640625 0.54376220703125 0.0377883911132813 0.0574722290039063
0.46044921875 0.184722900390625 0.100044250488281 -0.00250244140624999
0.450347900390625 -0.11767578125 0.114669799804688 -0.014678955078125
0.22442626953125 -0.387451171875 0.062347412109375 -0.133331298828125
0.04864501953125 -0.451263427734375 0.00540161132812499 -0.154647827148438
0.093658447265625 -0.41668701171875 -0.00341796874999999 -0.0979843139648438
0.072998046875 -0.466156005859375 0.0226669311523438 -0.0991668701171875
0.235321044921875 -0.380615234375 -0.00454711914062498 -0.0458564758300781
0.45135498046875 -0.181793212890625 -0.0518379211425781 0.0148811340332031
0.4962158203125 0.165740966796875 -0.0903244018554687 -0.0809783935546875
0.20849609375 0.58465576171875 -0.0787506103515625 -0.237289428710937
-0.09112548828125 0.64141845703125 0.0899658203125 -0.35150146484375
-0.41668701171875 0.549346923828125 0.3138427734375 -0.31982421875
-0.40948486328125 0.61883544921875 -0.123573303222656 0.0103454589843751
-0.08221435546875 0.6285400390625 -0.0202255249023438 0.0662155151367188
0.2996826171875 0.5777587890625 0.0448226928710938 0.0758056640625
0.51153564453125 0.18182373046875 0.0474319458007813 0.00710296630859376
0.483734130859375 -0.128173828125 0.03936767578125 0.0403099060058594
0.24737548828125 -0.409942626953125 0.00484085083007814 -0.0186080932617188
0.06793212890625 -0.471282958984375 0.000247001647949223 0.00269269943237302
0.11334228515625 -0.433837890625 0.00474929809570313 0.0562858581542968
0.0931396484375 -0.482940673828125 0.0162086486816406 0.0556640625
0.25225830078125 -0.38507080078125 -0.0531463623046875 0.0855941772460937
0.473175048828125 -0.18194580078125 -0.115821838378906 0.0997695922851562
0.514312744140625 0.17205810546875 -0.1480712890625 -0.0397186279296875
0.21978759765625 0.610595703125 -0.09930419921875 -0.193130493164062
-0.08905029296875 0.67742919921875 0.075897216796875 -0.2100830078125
-0.440185546875 0.5989990234375 0.166244506835937 -0.139236450195312
-0.344970703125 0.5887451171875 -0.25250244140625 0.200042724609375
-0.0393676757812499 0.5921630859375 -0.04022216796875 0.210235595703125
0.30181884765625 0.5150146484375 0.04632568359375 0.0990524291992188
0.471588134765625 0.148193359375 -0.00846290588378903 0.02923583984375
0.4344482421875 -0.120819091796875 -0.036224365234375 0.0961761474609375
0.229278564453125 -0.368499755859375 -0.0486221313476562 0.100425720214844
0.07440185546875 -0.4183349609375 -0.00354003906249998 0.159683227539062
0.113739013671875 -0.386444091796875 0.0118865966796875 0.201690673828125
0.10040283203125 -0.42529296875 0.00610351562500001 0.203445434570312
0.23297119140625 -0.324493408203125 -0.0967102050781249 0.203598022460937
0.415313720703125 -0.136932373046875 -0.167953491210937 0.16693115234375
0.43072509765625 0.162109375 -0.189117431640625 -9.15527343749852E-05
0.167633056640625 0.530609130859375 -0.102592468261719 -0.136459350585938
-0.08984375 0.5872802734375 0.0588111877441406 -0.0571670532226562
-0.398162841796875 0.544219970703125 0.0152015686035156 0.0486984252929688
-0.2318115234375 0.464599609375 -0.363250732421875 0.376434326171875
0.00125122070312496 0.45538330078125 -0.065582275390625 0.343353271484375
0.239501953125 0.362945556640625 0.0427932739257813 0.125244140625
0.342620849609375 0.09222412109375 -0.0510520935058593 0.0577201843261719
0.30859375 -0.086273193359375 -0.0949783325195312 0.135292053222656
0.173171997070313 -0.264633178710938 -0.0886383056640625 0.19927978515625
0.07049560546875 -0.299102783203125 -0.005401611328125 0.289581298828125
0.0965576171875 -0.278854370117188 0.016357421875 0.315948486328125
0.094757080078125 -0.3028564453125 -0.00698852539062496 0.320648193359375
0.180450439453125 -0.212448120117188 -0.13031005859375 0.28619384765625
0.294891357421875 -0.066253662109375 -0.201126098632813 0.197723388671875
0.27423095703125 0.13641357421875 -0.207305908203125 0.0223388671875
0.077301025390625 0.3658447265625 -0.0936126708984375 -0.0850296020507812
-0.082275390625 0.40020751953125 0.0367355346679687 0.07220458984375
-0.295013427734375 0.400604248046875 -0.118637084960938 0.209228515625
-0.0837554931640625 0.262725830078125 -0.44140625 0.508697509765625
0.039398193359375 0.251022338867188 -0.0914611816406249 0.445709228515625
0.140838623046875 0.156661987304688 0.042938232421875 0.151657104492188
0.160629272460938 0.02276611328125 -0.0666122436523437 0.0825958251953125
0.132980346679688 -0.0404510498046875 -0.125411987304688 0.147705078125
0.088714599609375 -0.118247985839844 -0.109909057617188 0.2589111328125
0.0539093017578125 -0.133216857910156 -0.00723266601562496 0.370758056640625
0.0648193359375 -0.1285400390625 0.018768310546875 0.382568359375
0.074615478515625 -0.138801574707031 -0.02154541015625 0.39068603515625
0.104415893554688 -0.0767364501953125 -0.150665283203125 0.32476806640625
0.14202880859375 0.005157470703125 -0.21484375 0.19482421875
0.0956573486328125 0.0868988037109375 -0.207565307617188 0.0279541015625
-0.00668334960937501 0.159591674804687 -0.0802993774414062 -0.0487289428710938
-0.0529022216796875 0.16943359375 0.0121307373046875 0.154708862304688
-0.14727783203125 0.203506469726563 -0.212432861328125 0.31793212890625
-0.0649375915527344 0.00786972045898438 0.1937255859375 -0.398773193359375
-0.0242385864257813 0.0518302917480469 -0.00231933593750001 -0.220840454101563
0.0457038879394531 0.0547943115234375 0.0352096557617188 0.0462646484375
0.0641899108886719 6.103515625E-05 0.189285278320313 -0.0027923583984375
0.0472259521484375 -0.0600051879882813 0.226104736328125 -0.134078979492188
-0.0227432250976563 -0.0649147033691406 0.1466064453125 -0.307861328125
-0.0511817932128906 -0.0517845153808594 -0.00195312500000002 -0.410675048828125
-0.0309028625488281 -0.0374183654785156 -0.0267333984375 -0.384735107421875
-0.0401420593261719 -0.0384368896484375 0.017608642578125 -0.374420166015625
0.00423049926757812 -0.0457534790039063 0.104766845703125 -0.286834716796875
0.0331916809082031 -0.0236549377441406 0.10205078125 -0.161224365234375
0.0383262634277344 0.0348587036132813 0.05731201171875 -0.112869262695312
-0.0138015747070313 0.0436172485351562 -0.00653076171875002 -0.210601806640625
-0.0435447692871094 0.0167236328125 0.07659912109375 -0.468109130859375
-0.0372161865234375 -0.0492477416992188 0.50909423828125 -0.53179931640625
-0.212478637695313 0.228958129882813 0.17724609375 -0.37890625
-0.0726165771484375 0.246490478515625 0.00682067871093748 -0.216049194335937
0.10980224609375 0.248291015625 0.0281333923339844 0.0420150756835938
0.209869384765625 0.0774078369140625 0.165603637695313 -0.0030517578125
0.204055786132813 -0.0839691162109375 0.208999633789063 -0.099761962890625
0.06756591796875 -0.195999145507813 0.135040283203125 -0.277740478515625
-0.02301025390625 -0.21868896484375 0.00250244140625002 -0.371185302734375
0.0116424560546875 -0.19879150390625 -0.020538330078125 -0.334075927734375
-0.00556945800781251 -0.218856811523438 0.02056884765625 -0.331146240234375
0.0936279296875 -0.188217163085938 0.08160400390625 -0.244873046875
0.200164794921875 -0.0920867919921875 0.0686798095703125 -0.123550415039063
0.221755981445313 0.0890655517578125 0.02459716796875 -0.116561889648437
0.0703125 0.258621215820313 -0.024658203125 -0.237991333007813
-0.0662689208984375 0.261611938476562 0.088287353515625 -0.4805908203125
-0.189620971679688 0.191131591796875 0.490631103515625 -0.53057861328125
-0.328857421875 0.41790771484375 0.11041259765625 -0.299072265625
-0.101287841796875 0.42266845703125 0.00363159179687499 -0.164047241210937
0.179595947265625 0.41436767578125 0.0310325622558594 0.0458946228027344
0.344329833984375 0.13970947265625 0.137115478515625 -0.00662994384765624
0.340911865234375 -0.10467529296875 0.171646118164063 -0.0640869140625
0.14886474609375 -0.3060302734375 0.102767944335938 -0.218887329101563
0.00668334960937501 -0.354095458984375 0.00248718261718748 -0.28076171875
0.051910400390625 -0.329193115234375 -0.012939453125 -0.232589721679688
0.0283203125 -0.365692138671875 0.0213623046875 -0.234420776367188
0.169342041015625 -0.3040771484375 0.0428009033203125 -0.160202026367188
0.341705322265625 -0.14959716796875 0.0149116516113282 -0.0626411437988281
0.383026123046875 0.13043212890625 -0.02813720703125 -0.107376098632812
0.15423583984375 0.44488525390625 -0.0537109375 -0.248306274414063
-0.07769775390625 0.478759765625 0.0880126953125 -0.441802978515625
-0.318572998046875 0.40380859375 0.41796875 -0.456390380859375
-0.39019775390625 0.556060791015625 0.00492858886718749 -0.164871215820312
-0.099578857421875 0.5579833984375 -0.00738906860351563 -0.0674476623535156
0.255859375 0.52886962890625 0.0400009155273438 0.0568046569824219
0.4521484375 0.170379638671875 0.0984039306640625 -0.00703430175781249
0.4388427734375 -0.126251220703125 0.113311767578125 -0.0192108154296875
0.20623779296875 -0.379913330078125 0.0548019409179688 -0.129508972167969
0.032318115234375 -0.4381103515625 1.11947886135099E-17 -0.1505126953125
0.083526611328125 -0.409332275390625 -0.00373840332031249 -0.0955429077148438
0.058135986328125 -0.45440673828125 0.01922607421875 -0.0991058349609375
0.218597412109375 -0.37188720703125 -0.00405120849609374 -0.04364013671875
0.435791015625 -0.1868896484375 -0.0482902526855468 0.0169792175292969
0.490509033203125 0.154266357421875 -0.089141845703125 -0.0789108276367187
0.2161865234375 0.56634521484375 -0.0819091796875 -0.232666015625
-0.0784912109375 0.62408447265625 0.081268310546875 -0.34521484375
-0.399627685546875 0.5474853515625 0.3017578125 -0.317352294921875
-0.390869140625 0.6173095703125 -0.119430541992188 0.00740814208984381
-0.07159423828125 0.61846923828125 -0.021453857421875 0.0612106323242188
0.3076171875 0.56292724609375 0.0480880737304688 0.0751571655273438
0.50384521484375 0.168853759765625 0.0481796264648438 0.00388336181640626
0.473785400390625 -0.137969970703125 0.0410385131835938 0.0356025695800781
0.22955322265625 -0.4036865234375 0.000337600708007828 -0.0173454284667969
0.05035400390625 -0.460601806640625 -0.00209641456604004 0.0037269592285156
0.100372314453125 -0.42791748046875 0.00638580322265626 0.0557975769042968
0.077484130859375 -0.4716796875 0.0154457092285156 0.0537681579589844
0.235870361328125 -0.377685546875 -0.0500411987304687 0.0858688354492187
0.457733154296875 -0.185791015625 -0.109542846679687 0.101097106933594
0.507537841796875 0.15899658203125 -0.14495849609375 -0.03753662109375
0.22784423828125 0.59521484375 -0.100372314453125 -0.189056396484375
-0.07745361328125 0.6588134765625 0.0711669921875 -0.208358764648437
-0.42303466796875 0.5980224609375 0.160751342773437 -0.137313842773437
-0.33062744140625 0.588134765625 -0.242691040039063 0.196136474609375
-0.02874755859375 0.58233642578125 -0.037811279296875 0.203338623046875
0.310577392578125 0.499725341796875 0.0510330200195313 0.0976486206054688
0.46527099609375 0.135986328125 -0.00475502014160154 0.026611328125
0.42498779296875 -0.129547119140625 -0.0318527221679687 0.0912399291992187
0.21295166015625 -0.36376953125 -0.05029296875 0.100387573242187
0.058624267578125 -0.409149169921875 -0.00236511230468751 0.15667724609375
0.102203369140625 -0.381317138671875 0.015472412109375 0.1982421875
0.08660888671875 -0.416168212890625 0.0084075927734375 0.199630737304687
0.218170166015625 -0.318695068359375 -0.0907135009765625 0.202011108398437
0.40264892578125 -0.14324951171875 -0.15887451171875 0.1666259765625
0.425933837890625 0.15093994140625 -0.183929443359375 0.00263977050781247
0.175079345703125 0.51806640625 -0.103157043457031 -0.1337890625
-0.07958984375 0.57330322265625 0.0572319030761719 -0.0586166381835937
-0.383148193359375 0.54156494140625 0.0171661376953125 0.0493354797363282
-0.22125244140625 0.462982177734375 -0.34857177734375 0.370758056640625
0.00796508789062502 0.44854736328125 -0.058746337890625 0.33477783203125
0.24627685546875 0.353729248046875 0.048248291015625 0.122482299804688
0.339263916015625 0.083404541015625 -0.0457344055175781 0.0553741455078125
0.302215576171875 -0.093902587890625 -0.0893783569335937 0.131629943847656
0.16058349609375 -0.262344360351563 -0.087860107421875 0.197921752929688
0.05804443359375 -0.293670654296875 -0.001556396484375 0.284210205078125
0.0874786376953125 -0.275711059570313 0.02227783203125 0.310821533203125
0.08380126953125 -0.297088623046875 -0.00225830078125001 0.31500244140625
0.169784545898438 -0.210281372070313 -0.122222900390625 0.28302001953125
0.28619384765625 -0.072357177734375 -0.191268920898437 0.197250366210937
0.27215576171875 0.127822875976563 -0.2012939453125 0.0260009765625
0.0828857421875 0.358978271484375 -0.0930938720703125 -0.0823593139648437
-0.074737548828125 0.39068603515625 0.0389251708984375 0.0683021545410157
-0.28509521484375 0.401153564453125 -0.111068725585938 0.20855712890625
-0.0809173583984375 0.26239013671875 -0.4224853515625 0.50360107421875
0.0428009033203125 0.246475219726563 -0.08111572265625 0.43682861328125
0.144027709960938 0.152847290039063 0.048370361328125 0.1483154296875
0.160171508789063 0.018798828125 -0.0604095458984375 0.080657958984375
0.130874633789063 -0.0434722900390625 -0.1195068359375 0.14508056640625
0.0829849243164063 -0.117919921875 -0.10626220703125 0.255935668945312
0.0472488403320312 -0.131912231445313 -0.000762939453125013 0.363739013671875
0.0594253540039063 -0.128196716308594 0.02569580078125 0.376312255859375
0.0687484741210937 -0.137123107910156 -0.01348876953125 0.384765625
0.099700927734375 -0.0765228271484375 -0.141510009765625 0.32012939453125
0.138603210449219 0.0001220703125 -0.204971313476563 0.193557739257812
0.0972366333007813 0.0825347900390625 -0.200607299804688 0.0324554443359375
-0.00282287597656249 0.158721923828125 -0.0788192749023437 -0.0467529296875
-0.0492095947265625 0.167709350585938 0.01751708984375 0.149444580078125
-0.142837524414062 0.204025268554688 -0.20098876953125 0.31658935546875
-0.0630302429199219 0.00598526000976563 0.192108154296875 -0.4017333984375
-0.0252647399902344 0.0507431030273438 -0.00454711914062501 -0.220367431640625
0.0436363220214844 0.0550308227539062 0.0355110168457031 0.0462303161621094
0.06304931640625 0.00139617919921875 0.18719482421875 -0.00396728515625
0.0450325012207031 -0.0601119995117188 0.22528076171875 -0.134689331054688
-0.0236701965332031 -0.0632820129394531 0.14471435546875 -0.30718994140625
-0.0500640869140625 -0.0495147705078125 -0.00588989257812497 -0.410675048828125
-0.0297622680664063 -0.0360069274902344 -0.028472900390625 -0.3865966796875
-0.04052734375 -0.0365982055664062 0.015899658203125 -0.377593994140625
0.00334548950195313 -0.0449028015136719 0.105072021484375 -0.2869873046875
0.0317554473876953 -0.0220680236816406 0.100860595703125 -0.160186767578125
0.0384674072265625 0.0345115661621094 0.056182861328125 -0.113388061523438
-0.0135688781738281 0.0404853820800781 -0.00830078124999998 -0.210113525390625
-0.0407142639160156 0.0142402648925781 0.072479248046875 -0.46588134765625
-0.035308837890625 -0.0488471984863281 0.504791259765625 -0.533111572265625
-0.209518432617188 0.22833251953125 0.17584228515625 -0.383819580078125
-0.0733489990234375 0.246002197265625 0.00402832031249999 -0.216690063476562
0.109710693359375 0.247772216796875 0.0291862487792969 0.0426750183105469
0.207839965820313 0.077178955078125 0.164108276367188 -0.005126953125
0.201385498046875 -0.085357666015625 0.208251953125 -0.101852416992188
0.0638885498046875 -0.19342041015625 0.13262939453125 -0.2763671875
-0.025665283203125 -0.214614868164063 -0.00082397460937504 -0.370269775390625
0.010711669921875 -0.198013305664063 -0.0224609375 -0.335357666015625
-0.0081024169921875 -0.216217041015625 0.018035888671875 -0.334869384765625
0.09088134765625 -0.186904907226563 0.082305908203125 -0.244918823242188
0.197662353515625 -0.091522216796875 0.0691909790039063 -0.121986389160156
0.222991943359375 0.0881195068359375 0.02325439453125 -0.118354797363281
0.0723419189453125 0.255722045898438 -0.0265045166015625 -0.238510131835937
-0.0640411376953125 0.258132934570313 0.08355712890625 -0.477569580078125
-0.188446044921875 0.193038940429688 0.48681640625 -0.529083251953125
-0.32464599609375 0.421142578125 0.10931396484375 -0.30377197265625
-0.10137939453125 0.422210693359375 9.15527343749775E-05 -0.166259765625
0.181549072265625 0.413848876953125 0.0333747863769531 0.0468559265136719
0.342041015625 0.13983154296875 0.136024475097656 -0.00862121582031249
0.3389892578125 -0.1082763671875 0.171844482421875 -0.06744384765625
0.14324951171875 -0.302947998046875 0.099578857421875 -0.217117309570313
0.00134277343750002 -0.349365234375 -0.00141906738281248 -0.27984619140625
0.049407958984375 -0.329620361328125 -0.013092041015625 -0.2333984375
0.024139404296875 -0.36236572265625 0.0188140869140625 -0.237060546875
0.164520263671875 -0.3009033203125 0.043487548828125 -0.1593017578125
0.3389892578125 -0.150543212890625 0.0169830322265625 -0.0607872009277344
0.384368896484375 0.128814697265625 -0.0289459228515625 -0.108253479003906
0.155059814453125 0.442840576171875 -0.0559844970703125 -0.249130249023437
-0.075408935546875 0.474151611328125 0.083953857421875 -0.43927001953125
-0.31732177734375 0.406341552734375 0.4150390625 -0.455413818359375
-0.3885498046875 0.56005859375 0.00534057617187498 -0.170639038085937
-0.099334716796875 0.55718994140625 -0.010101318359375 -0.0707321166992187
0.26116943359375 0.528076171875 0.0435829162597656 0.0582427978515625
0.450927734375 0.16790771484375 0.0992889404296875 -0.00957489013671874
0.437286376953125 -0.13287353515625 0.114433288574219 -0.0232925415039063
0.199249267578125 -0.377899169921875 0.0515518188476563 -0.127754211425781
0.024566650390625 -0.4349365234375 -0.00244140625000001 -0.14910888671875
0.0792236328125 -0.410919189453125 -0.00285339355468749 -0.0951614379882813
0.051910400390625 -0.45269775390625 0.0173187255859375 -0.100418090820313
0.2137451171875 -0.370819091796875 -0.00272750854492186 -0.0426368713378907
0.43218994140625 -0.188262939453125 -0.046173095703125 0.0186195373535156
0.492340087890625 0.152435302734375 -0.089508056640625 -0.0801239013671875
0.2191162109375 0.56597900390625 -0.0838775634765625 -0.233489990234375
-0.078369140625 0.62042236328125 0.078033447265625 -0.34564208984375
-0.399688720703125 0.55096435546875 0.300201416015625 -0.3154296875
-0.3892822265625 0.62200927734375 -0.11865234375 0.00296020507812506
-0.0720214843750001 0.619384765625 -0.0237655639648438 0.0576057434082032
0.316436767578125 0.561676025390625 0.0532379150390625 0.0757827758789063
0.503326416015625 0.16607666015625 0.0498466491699219 0.00112152099609376
0.472137451171875 -0.145538330078125 0.0432662963867188 0.0319099426269531
0.2220458984375 -0.40252685546875 -0.00338459014892577 -0.0146484375
0.04193115234375 -0.45562744140625 -0.0039830207824707 0.00521087646484372
0.0968017578125 -0.42950439453125 0.00789260864257813 0.0566749572753906
0.07122802734375 -0.47015380859375 0.0148468017578125 0.053619384765625
0.231170654296875 -0.3748779296875 -0.0491256713867187 0.086944580078125
0.45501708984375 -0.18768310546875 -0.106819152832031 0.102973937988281
0.510101318359375 0.156982421875 -0.1448974609375 -0.0378570556640625
0.23052978515625 0.59417724609375 -0.102157592773437 -0.190170288085937
-0.07763671875 0.65692138671875 0.069427490234375 -0.208938598632812
-0.42266845703125 0.601806640625 0.1612548828125 -0.13531494140625
-0.32965087890625 0.5948486328125 -0.241470336914063 0.192306518554688
-0.02880859375 0.585205078125 -0.0388641357421875 0.200759887695313
0.3189697265625 0.5006103515625 0.0565948486328125 0.0983047485351563
0.467315673828125 0.13360595703125 -0.00254631042480466 0.0240974426269531
0.424957275390625 -0.13623046875 -0.029693603515625 0.0880813598632812
0.206329345703125 -0.36273193359375 -0.0532989501953125 0.102851867675781
0.051116943359375 -0.4058837890625 -0.00326538085937499 0.15838623046875
0.097991943359375 -0.3824462890625 0.0172882080078125 0.1995849609375
0.08099365234375 -0.414642333984375 0.0081329345703125 0.201004028320312
0.213836669921875 -0.316619873046875 -0.08929443359375 0.20330810546875
0.399658203125 -0.14556884765625 -0.155593872070312 0.167724609375
0.4276123046875 0.150543212890625 -0.183258056640625 0.00227355957031247
0.17724609375 0.518096923828125 -0.104385375976562 -0.134727478027344
-0.078857421875 0.56976318359375 0.0575294494628906 -0.0606803894042968
-0.384765625 0.546630859375 0.0172805786132812 0.0512657165527344
-0.222137451171875 0.46795654296875 -0.3455810546875 0.368072509765625
0.00949096679687499 0.451202392578125 -0.058013916015625 0.33294677734375
0.252105712890625 0.354095458984375 0.0539474487304688 0.123100280761719
0.340789794921875 0.081146240234375 -0.0428314208984375 0.0533599853515625
0.30267333984375 -0.098541259765625 -0.0876007080078125 0.129562377929688
0.156158447265625 -0.261520385742187 -0.0903778076171875 0.199493408203125
0.0516357421875 -0.29144287109375 -0.00173950195312501 0.28558349609375
0.0838623046875 -0.276992797851563 0.0250244140625 0.312347412109375
0.08038330078125 -0.29644775390625 -0.00100708007812502 0.316619873046875
0.1666259765625 -0.208160400390625 -0.121246337890625 0.283905029296875
0.2840576171875 -0.0748291015625 -0.1878662109375 0.197494506835938
0.273590087890625 0.126541137695312 -0.200119018554687 0.0269927978515625
0.08551025390625 0.36053466796875 -0.0935821533203125 -0.0831451416015625
-0.074188232421875 0.38909912109375 0.0403175354003906 0.065673828125
-0.286590576171875 0.403289794921875 -0.109222412109375 0.211517333984375
-0.0821533203125 0.2666015625 -0.41925048828125 0.502288818359375
0.0433349609375 0.247573852539062 -0.07916259765625 0.436492919921875
0.148544311523438 0.1524658203125 0.0532684326171875 0.147293090820313
0.161834716796875 0.0177001953125 -0.0575332641601563 0.0788345336914063
0.133010864257813 -0.0459136962890625 -0.118560791015625 0.143844604492188
0.0810928344726563 -0.118270874023438 -0.107711791992187 0.25787353515625
0.0435409545898438 -0.132148742675781 0.000762939453125 0.36407470703125
0.0568008422851562 -0.129486083984375 0.028045654296875 0.3773193359375
0.0665512084960938 -0.137397766113281 -0.01092529296875 0.38690185546875
0.0978546142578125 -0.0764083862304688 -0.14019775390625 0.321502685546875
0.137580871582031 -0.0027313232421875 -0.202163696289063 0.192855834960937
0.0984573364257813 0.0819015502929688 -0.199172973632813 0.0345001220703125
-9.15527343750056E-05 0.161651611328125 -0.0788345336914063 -0.0466384887695312
-0.0489959716796875 0.168060302734375 0.0194854736328125 0.147445678710938
-0.144073486328125 0.206588745117187 -0.19879150390625 0.319122314453125
-0.0629501342773438 0.00437927246093751 0.192047119140625 -0.416107177734375
-0.025726318359375 0.051788330078125 -0.00816345214843749 -0.225326538085938
0.0442733764648438 0.0567474365234375 0.0376663208007812 0.0470848083496094
0.0636520385742188 0.00292587280273437 0.190216064453125 -0.007171630859375
0.0436477661132813 -0.0609321594238281 0.226882934570313 -0.14080810546875
-0.0253486633300781 -0.0622520446777344 0.14410400390625 -0.31561279296875
-0.050201416015625 -0.0486183166503906 -0.0123291015625 -0.418487548828125
-0.0298309326171875 -0.0353546142578125 -0.035736083984375 -0.397857666015625
-0.04205322265625 -0.0348548889160156 0.00979614257812497 -0.390869140625
0.00224685668945312 -0.0455207824707031 0.10565185546875 -0.29620361328125
0.0314617156982422 -0.0223121643066406 0.101776123046875 -0.163345336914063
0.0401458740234375 0.0348281860351563 0.05499267578125 -0.117530822753906
-0.0142440795898438 0.0383377075195313 -0.011474609375 -0.214187622070312
-0.0402297973632813 0.0118827819824219 0.0657958984375001 -0.473846435546875
-0.035064697265625 -0.0496711730957031 0.50811767578125 -0.5494384765625
-0.209732055664063 0.23455810546875 0.17510986328125 -0.398284912109375
-0.0735015869140625 0.251922607421875 -0.000671386718750007 -0.2227783203125
0.11541748046875 0.252410888671875 0.0321464538574219 0.0444831848144531
0.211380004882813 0.0781402587890625 0.166244506835938 -0.00857543945312499
0.202911376953125 -0.090972900390625 0.211151123046875 -0.108612060546875
0.0612945556640625 -0.195343017578125 0.132110595703125 -0.282379150390625
-0.0299224853515625 -0.215499877929687 -0.00769042968749997 -0.377685546875
0.00828552246093748 -0.201751708984375 -0.02740478515625 -0.344482421875
-0.0128021240234375 -0.218292236328125 0.012725830078125 -0.345672607421875
0.08935546875 -0.189804077148438 0.0828857421875 -0.252166748046875
0.199325561523438 -0.0960693359375 0.0701217651367188 -0.123947143554688
0.23040771484375 0.0869293212890625 0.0216522216796875 -0.121955871582031
0.0772705078125 0.259201049804688 -0.0322723388671875 -0.243682861328125
-0.0613861083984375 0.261077880859375 0.078033447265625 -0.487945556640625
-0.189163208007813 0.200698852539062 0.48968505859375 -0.547210693359375
-0.325927734375 0.43450927734375 0.1075439453125 -0.317291259765625
-0.10223388671875 0.432891845703125 -0.00473022460937501 -0.172348022460937
0.191253662109375 0.421478271484375 0.0378990173339844 0.0485343933105469
0.349700927734375 0.13909912109375 0.138557434082031 -0.0127410888671875
0.3431396484375 -0.117523193359375 0.174774169921875 -0.0735931396484375
0.13897705078125 -0.307708740234375 0.097808837890625 -0.221389770507813
-0.00704956054687497 -0.35308837890625 -0.00625610351562498 -0.285003662109375
0.0450439453125 -0.337738037109375 -0.0170745849609375 -0.239456176757813
0.016815185546875 -0.36865234375 0.014190673828125 -0.245132446289063
0.162567138671875 -0.30780029296875 0.0441741943359375 -0.164169311523438
0.34307861328125 -0.158416748046875 0.0179061889648438 -0.0612411499023438
0.39715576171875 0.127410888671875 -0.031982421875 -0.112556457519531
0.165557861328125 0.45037841796875 -0.062408447265625 -0.255096435546875
-0.07208251953125 0.482086181640625 0.0789794921875 -0.449951171875
-0.3199462890625 0.42303466796875 0.418212890625 -0.46826171875
-0.3880615234375 0.58001708984375 0.00321960449218746 -0.1802978515625
-0.0968017578125 0.57177734375 -0.0147323608398438 -0.07586669921875
0.277191162109375 0.53729248046875 0.0504684448242188 0.0594558715820313
0.4627685546875 0.1669921875 0.101051330566406 -0.0138702392578125
0.444000244140625 -0.144927978515625 0.117279052734375 -0.0285797119140625
0.19451904296875 -0.385528564453125 0.0482025146484375 -0.128456115722656
0.0142822265625 -0.438934326171875 -0.00695800781250001 -0.151123046875
0.07342529296875 -0.42083740234375 -0.0036468505859375 -0.097503662109375
0.043243408203125 -0.460968017578125 0.0151519775390625 -0.104347229003906
0.212005615234375 -0.377593994140625 -0.00147247314453124 -0.0426788330078125
0.437713623046875 -0.19903564453125 -0.0442085266113281 0.0212326049804687
0.508026123046875 0.149017333984375 -0.093475341796875 -0.082122802734375
0.23175048828125 0.57720947265625 -0.0918426513671875 -0.238052368164063
-0.07318115234375 0.63177490234375 0.074920654296875 -0.3541259765625
-0.403076171875 0.57269287109375 0.303558349609375 -0.323944091796875
-0.390625 0.644287109375 -0.120925903320313 -0.00147247314453121
-0.066162109375 0.63861083984375 -0.0266914367675781 0.0564308166503907
0.335693359375 0.57073974609375 0.0608978271484375 0.0770797729492188
0.51678466796875 0.162872314453125 0.0518989562988282 -0.00233459472656249
0.48101806640625 -0.158477783203125 0.0453910827636719 0.0283470153808594
0.217498779296875 -0.41021728515625 -0.0061979293823242 -0.0128507614135742
0.031768798828125 -0.4613037109375 -0.00533533096313476 0.0062456130981445
0.091766357421875 -0.44171142578125 0.0106544494628906 0.0585403442382812
0.06304931640625 -0.47991943359375 0.015167236328125 0.0555152893066406
0.22967529296875 -0.384063720703125 -0.0476608276367188 0.0913314819335937
0.460601806640625 -0.199005126953125 -0.105201721191406 0.106964111328125
0.526641845703125 0.153900146484375 -0.149765014648437 -0.0386810302734375
0.24432373046875 0.60693359375 -0.1099853515625 -0.194107055664062
-0.07220458984375 0.6695556640625 0.067779541015625 -0.214157104492188
-0.4285888671875 0.62371826171875 0.163253784179687 -0.137939453125
-0.3294677734375 0.6163330078125 -0.244369506835938 0.195770263671875
-0.02423095703125 0.6007080078125 -0.03924560546875 0.203643798828125
0.337890625 0.507781982421875 0.06451416015625 0.0995101928710938
0.47943115234375 0.128387451171875 -0.000492095947265594 0.0218124389648438
0.433563232421875 -0.149078369140625 -0.0281906127929687 0.0872802734375
0.2025146484375 -0.370574951171875 -0.0561981201171875 0.107795715332031
0.04095458984375 -0.411865234375 -0.002349853515625 0.163803100585937
0.09197998046875 -0.394927978515625 0.0219879150390625 0.20562744140625
0.07427978515625 -0.423614501953125 0.011383056640625 0.207229614257812
0.21319580078125 -0.32281494140625 -0.0878753662109375 0.210433959960937
0.404693603515625 -0.15521240234375 -0.155136108398438 0.174285888671875
0.4420166015625 0.14788818359375 -0.187591552734375 0.00421142578125002
0.188568115234375 0.530303955078125 -0.11102294921875 -0.137229919433594
-0.07464599609375 0.5819091796875 0.0574378967285156 -0.0625076293945312
-0.38873291015625 0.56903076171875 0.0192680358886718 0.0550117492675782
-0.222442626953125 0.4864501953125 -0.348846435546875 0.378021240234375
0.014556884765625 0.46337890625 -0.05670166015625 0.3402099609375
0.268280029296875 0.358154296875 0.061859130859375 0.124107360839844
0.351043701171875 0.07720947265625 -0.0405540466308594 0.0525398254394531
0.3095703125 -0.1087646484375 -0.0865936279296875 0.131340026855469
0.153457641601563 -0.268218994140625 -0.0919036865234375 0.206954956054687
0.044281005859375 -0.296539306640625 0.00112915039062499 0.29345703125
0.07958984375 -0.286163330078125 0.030364990234375 0.3212890625
0.075775146484375 -0.3043212890625 0.00296020507812502 0.327880859375
0.16650390625 -0.212753295898438 -0.120819091796875 0.29327392578125
0.287994384765625 -0.081451416015625 -0.188568115234375 0.204010009765625
0.282470703125 0.126129150390625 -0.204345703125 0.0297088623046875
0.09326171875 0.370880126953125 -0.0990066528320312 -0.0841827392578125
-0.07269287109375 0.39862060546875 0.0426673889160156 0.06591796875
-0.289764404296875 0.4200439453125 -0.108322143554688 0.219741821289063
-0.0828399658203125 0.276168823242188 -0.423492431640625 0.517120361328125
0.0469818115234375 0.25421142578125 -0.076263427734375 0.446563720703125
0.15753173828125 0.154052734375 0.0603485107421875 0.148849487304688
0.167190551757813 0.014373779296875 -0.055267333984375 0.0793838500976562
0.135734558105469 -0.0506134033203125 -0.118667602539063 0.147613525390625
0.0803451538085938 -0.121971130371094 -0.10919189453125 0.265716552734375
0.0404586791992187 -0.134750366210938 0.00582885742187504 0.373779296875
0.0546493530273437 -0.134078979492187 0.033203125 0.388336181640625
0.0654144287109375 -0.141586303710938 -0.00457763671874999 0.39923095703125
0.09796142578125 -0.0792694091796875 -0.138641357421875 0.331329345703125
0.139862060546875 -0.006256103515625 -0.202545166015625 0.198928833007812
0.10260009765625 0.0819625854492188 -0.202072143554687 0.0380859375
0.0037994384765625 0.16796875 -0.08148193359375 -0.0467300415039063
-0.0481414794921875 0.1732177734375 0.0239715576171875 0.149383544921875
-0.14752197265625 0.215835571289062 -0.196533203125 0.331573486328125
-0.0635757446289063 0.00475692749023438 0.18096923828125 -0.437835693359375
-0.0255661010742187 0.0535430908203125 -0.0172119140625 -0.231719970703125
0.0471267700195313 0.0578155517578125 0.0417671203613281 0.0471839904785156
0.0654716491699219 0.00291061401367187 0.193771362304688 -0.015472412109375
0.0413169860839844 -0.0630950927734375 0.226776123046875 -0.154342651367188
-0.0292739868164062 -0.0611038208007813 0.137908935546875 -0.329193115234375
-0.052337646484375 -0.0461540222167969 -0.0313720703125 -0.43048095703125
-0.0310020446777344 -0.0348854064941406 -0.05389404296875 -0.409942626953125
-0.0444412231445313 -0.0318489074707031 -0.00704956054687496 -0.40692138671875
-0.000293731689453122 -0.0455131530761719 0.0985107421875 -0.311309814453125
0.0310821533203125 -0.0224170684814453 0.098968505859375 -0.170257568359375
0.0427894592285156 0.0344047546386719 0.0504226684570313 -0.1239013671875
-0.0143699645996094 0.037872314453125 -0.0214080810546875 -0.220535278320312
-0.0400772094726563 0.0107421875 0.046966552734375 -0.488067626953125
-0.0362014770507813 -0.0499038696289062 0.5003662109375 -0.58282470703125
-0.205734252929688 0.247726440429687 0.163482666015625 -0.42071533203125
-0.067626953125 0.261749267578125 -0.010589599609375 -0.230239868164062
0.129806518554688 0.256973266601563 0.0379562377929688 0.0446624755859375
0.2200927734375 0.0749359130859375 0.16912841796875 -0.0171661376953125
0.203826904296875 -0.101669311523438 0.2117919921875 -0.12139892578125
0.05316162109375 -0.20037841796875 0.124481201171875 -0.294281005859375
-0.03900146484375 -0.217193603515625 -0.024383544921875 -0.387786865234375
0.000854492187499977 -0.208099365234375 -0.04315185546875 -0.355987548828125
-0.0235443115234375 -0.221527099609375 -0.00384521484375 -0.35986328125
0.08306884765625 -0.196914672851562 0.07733154296875 -0.263946533203125
0.201080322265625 -0.104751586914062 0.0684814453125 -0.128952026367188
0.241729736328125 0.08056640625 0.015655517578125 -0.127601623535156
0.0888824462890625 0.262176513671875 -0.044708251953125 -0.249526977539063
-0.0549163818359375 0.2677001953125 0.059295654296875 -0.502960205078125
-0.186752319335938 0.214462280273437 0.4822998046875 -0.57952880859375
-0.31622314453125 0.459320068359375 0.097381591796875 -0.3360595703125
-0.089202880859375 0.448883056640625 -0.01416015625 -0.179229736328125
0.21826171875 0.426361083984375 0.0459060668945313 0.0484771728515625
0.363983154296875 0.1319580078125 0.140869140625 -0.0207366943359375
0.346710205078125 -0.136444091796875 0.17620849609375 -0.0843963623046875
0.12786865234375 -0.318023681640625 0.0907135009765625 -0.229248046875
-0.022857666015625 -0.357452392578125 -0.02001953125 -0.29229736328125
0.03204345703125 -0.349761962890625 -0.0266571044921875 -0.24737548828125
-0.000183105468749964 -0.37738037109375 0.00299072265624999 -0.255523681640625
0.154541015625 -0.31951904296875 0.0410614013671875 -0.17059326171875
0.345306396484375 -0.175445556640625 0.0180931091308594 -0.0618095397949219
0.4156494140625 0.114471435546875 -0.0390090942382812 -0.115943908691406
0.18804931640625 0.457366943359375 -0.0766754150390625 -0.260055541992187
-0.0574645996093751 0.49761962890625 0.061126708984375 -0.464263916015625
-0.31072998046875 0.44976806640625 0.410919189453125 -0.4969482421875
-0.376708984375 0.61370849609375 -0.00547790527343753 -0.191787719726562
-0.080078125 0.59375 -0.0217666625976563 -0.0793838500976562
0.30987548828125 0.542449951171875 0.0601959228515625 0.0580596923828125
0.482269287109375 0.154388427734375 0.103172302246094 -0.0206375122070312
0.450103759765625 -0.170257568359375 0.118980407714844 -0.0370941162109375
0.18231201171875 -0.399810791015625 0.0435028076171875 -0.132026672363281
-0.004730224609375 -0.44720458984375 -0.014617919921875 -0.154312133789063
0.05816650390625 -0.43804931640625 -0.00605773925781249 -0.101036071777344
0.024505615234375 -0.4739990234375 0.0104217529296875 -0.108535766601563
0.202850341796875 -0.392822265625 -0.00174713134765624 -0.0433921813964844
0.440338134765625 -0.22113037109375 -0.0424461364746094 0.0248489379882812
0.530975341796875 0.13287353515625 -0.100906372070312 -0.0823974609375
0.26104736328125 0.58709716796875 -0.107284545898437 -0.241897583007812
-0.05401611328125 0.65203857421875 0.061859130859375 -0.365234375
-0.3941650390625 0.60931396484375 0.299713134765625 -0.34356689453125
-0.376220703125 0.682861328125 -0.125656127929688 -0.00209045410156243
-0.046875 0.6612548828125 -0.0284233093261719 0.0572547912597657
0.37371826171875 0.57537841796875 0.0724411010742188 0.0755462646484375
0.5382080078125 0.148223876953125 0.0541229248046875 -0.00737380981445312
0.48785400390625 -0.188568115234375 0.047943115234375 0.0240669250488281
0.205169677734375 -0.42755126953125 -0.00932407379150389 -0.0107107162475586
0.00994873046875001 -0.47003173828125 -0.00732326507568359 0.00850486755371091
0.073822021484375 -0.459228515625 0.0147285461425781 0.0604705810546875
0.0433044433593749 -0.49462890625 0.0172615051269531 0.0574226379394531
0.220245361328125 -0.40081787109375 -0.0443115234375 0.0967483520507812
0.4638671875 -0.22314453125 -0.101600646972656 0.115715026855469
0.550994873046875 0.138519287109375 -0.156265258789062 -0.0345458984375
0.27508544921875 0.61883544921875 -0.123931884765625 -0.19512939453125
-0.0531616210937501 0.68963623046875 0.0603179931640625 -0.22259521484375
-0.4190673828125 0.66375732421875 0.163589477539062 -0.145416259765625
-0.317626953125 0.65289306640625 -0.24530029296875 0.206893920898438
-0.00292968750000005 0.62225341796875 -0.03564453125 0.209457397460938
0.374542236328125 0.51007080078125 0.0774002075195313 0.0978012084960938
0.4990234375 0.11236572265625 0.00199699401855472 0.0194683074951172
0.43994140625 -0.175628662109375 -0.0250396728515625 0.0879058837890625
0.191864013671875 -0.38726806640625 -0.0560836791992187 0.115898132324219
0.02252197265625 -0.421051025390625 0.00248718261718748 0.170257568359375
0.077392578125 -0.41058349609375 0.0331878662109375 0.212158203125
0.056610107421875 -0.43792724609375 0.020416259765625 0.21539306640625
0.205718994140625 -0.337860107421875 -0.081390380859375 0.222610473632812
0.4093017578125 -0.176025390625 -0.150970458984375 0.18524169921875
0.46337890625 0.134185791015625 -0.193679809570312 0.0109100341796875
0.21734619140625 0.54266357421875 -0.122489929199219 -0.136146545410156
-0.05963134765625 0.60028076171875 0.0571632385253906 -0.0669479370117187
-0.3812255859375 0.604248046875 0.0231437683105468 0.0592689514160157
-0.210845947265625 0.51312255859375 -0.34637451171875 0.399749755859375
0.031158447265625 0.4786376953125 -0.04718017578125 0.35223388671875
0.293975830078125 0.358917236328125 0.0736541748046875 0.123161315917969
0.36517333984375 0.0634765625 -0.03790283203125 0.0535392761230469
0.31463623046875 -0.128143310546875 -0.0837326049804688 0.135421752929688
0.14617919921875 -0.280624389648438 -0.0893096923828125 0.218917846679688
0.03033447265625 -0.30303955078125 0.012481689453125 0.303192138671875
0.06866455078125 -0.2982177734375 0.04632568359375 0.331695556640625
0.062744140625 -0.3150634765625 0.0172119140625 0.339691162109375
0.1617431640625 -0.223785400390625 -0.111907958984375 0.30902099609375
0.290985107421875 -0.09661865234375 -0.183517456054687 0.21697998046875
0.298675537109375 0.11749267578125 -0.2086181640625 0.0385589599609375
0.113311767578125 0.380279541015625 -0.106910705566406 -0.0821762084960937
-0.061248779296875 0.41265869140625 0.0470924377441406 0.0656166076660157
-0.28509521484375 0.446075439453125 -0.100494384765625 0.233474731445313
-0.07659912109375 0.29095458984375 -0.415191650390625 0.547271728515625
0.0578460693359375 0.261688232421875 -0.0616455078125 0.462921142578125
0.169921875 0.1519775390625 0.0703125 0.148834228515625
0.17333984375 0.00689697265625 -0.0521087646484375 0.0823440551757813
0.138420104980469 -0.0597915649414063 -0.115951538085937 0.15472412109375
0.0775985717773438 -0.128036499023438 -0.104400634765625 0.279144287109375
0.0340652465820313 -0.138397216796875 0.019775390625 0.385711669921875
0.0498733520507813 -0.140533447265625 0.05206298828125 0.4000244140625
0.059478759765625 -0.148590087890625 0.013153076171875 0.415130615234375
0.0971755981445313 -0.0841445922851563 -0.13055419921875 0.34808349609375
0.141983032226563 -0.013702392578125 -0.199615478515625 0.211135864257812
0.109817504882812 0.079376220703125 -0.205841064453125 0.0483245849609375
0.01336669921875 0.174896240234375 -0.08673095703125 -0.0438003540039062
-0.0432586669921875 0.180648803710938 0.0309906005859375 0.151153564453125
-0.14508056640625 0.231033325195313 -0.186492919921875 0.350921630859375
-0.064056396484375 0.00651168823242186 0.155120849609375 -0.457275390625
-0.0229568481445313 0.0556106567382813 -0.031951904296875 -0.2347412109375
0.0515632629394531 0.0571250915527344 0.047271728515625 0.0449790954589844
0.0672340393066406 0.00107192993164063 0.193374633789062 -0.028900146484375
0.0368232727050781 -0.0650978088378906 0.218658447265625 -0.170181274414063
-0.0338821411132813 -0.0577507019042969 0.120208740234375 -0.34136962890625
-0.0547370910644531 -0.0430412292480469 -0.05902099609375 -0.434112548828125
-0.0320777893066406 -0.0323638916015625 -0.082611083984375 -0.41522216796875
-0.0469741821289063 -0.027099609375 -0.037109375 -0.415435791015625
-0.00398635864257813 -0.0457229614257812 0.081573486328125 -0.32318115234375
0.0299148559570313 -0.0233345031738281 0.0907135009765625 -0.177383422851563
0.0459327697753906 0.0317649841308594 0.0419464111328125 -0.128990173339844
-0.0142402648925781 0.0375404357910156 -0.0374755859375 -0.223068237304688
-0.0395011901855469 0.0112953186035156 0.015228271484375 -0.494537353515625
-0.0380325317382812 -0.0484619140625 0.4678955078125 -0.62054443359375
-0.192581176757813 0.262710571289063 0.138946533203125 -0.438385009765625
-0.0539093017578125 0.26885986328125 -0.0267791748046875 -0.2340087890625
0.149749755859375 0.253189086914063 0.0446929931640625 0.0415420532226563
0.228317260742188 0.0645599365234375 0.168441772460938 -0.0290069580078125
0.198318481445313 -0.115341186523438 0.204986572265625 -0.136642456054688
0.040435791015625 -0.20245361328125 0.1085205078125 -0.30426025390625
-0.053192138671875 -0.213943481445312 -0.049468994140625 -0.391082763671875
-0.011810302734375 -0.210693359375 -0.066619873046875 -0.360626220703125
-0.0387725830078125 -0.219802856445312 -0.02978515625 -0.367950439453125
0.0714263916015625 -0.20306396484375 0.06341552734375 -0.274246215820313
0.196212768554688 -0.118392944335938 0.0634613037109375 -0.132965087890625
0.251556396484375 0.066192626953125 0.00595855712890626 -0.131278991699219
0.104888916015625 0.26019287109375 -0.0626983642578125 -0.250503540039063
-0.0403289794921875 0.27264404296875 0.0275878906250001 -0.510162353515625
-0.175155639648437 0.230880737304688 0.4512939453125 -0.6134033203125
-0.29290771484375 0.48541259765625 0.0753173828125 -0.350738525390625
-0.06500244140625 0.46136474609375 -0.028656005859375 -0.182540893554687
0.249267578125 0.41937255859375 0.0544662475585938 0.0436248779296875
0.3775634765625 0.112640380859375 0.139915466308594 -0.0320281982421875
0.34075927734375 -0.161224365234375 0.171401977539063 -0.098358154296875
0.108551025390625 -0.3262939453125 0.0774993896484375 -0.23583984375
-0.046295166015625 -0.35528564453125 -0.039764404296875 -0.294525146484375
0.00988769531250004 -0.35711669921875 -0.0424041748046875 -0.251632690429688
-0.02545166015625 -0.380462646484375 -0.015533447265625 -0.261016845703125
0.1368408203125 -0.33172607421875 0.0330657958984375 -0.176177978515625
0.338592529296875 -0.19842529296875 0.01654052734375 -0.0627403259277344
0.431610107421875 0.089691162109375 -0.04925537109375 -0.115859985351562
0.219085693359375 0.4522705078125 -0.096954345703125 -0.25799560546875
-0.03143310546875 0.505340576171875 0.0322265625 -0.47161865234375
-0.289886474609375 0.477081298828125 0.385955810546875 -0.525146484375
-0.3433837890625 0.6473388671875 -0.0200347900390625 -0.199005126953125
-0.046630859375 0.6085205078125 -0.0305709838867188 -0.0816268920898437
0.352996826171875 0.531280517578125 0.0700454711914063 0.0524215698242188
0.49810791015625 0.128662109375 0.101715087890625 -0.0297698974609375
0.444000244140625 -0.20318603515625 0.117919921875 -0.0471725463867188
0.15594482421875 -0.412872314453125 0.0346450805664063 -0.133865356445313
-0.034454345703125 -0.447174072265625 -0.0262603759765625 -0.154754638671875
0.02996826171875 -0.447784423828125 -0.0117416381835937 -0.103515625
-0.00894165039062498 -0.478973388671875 0.0024261474609375 -0.111221313476563
0.180816650390625 -0.40814208984375 -0.00218963623046873 -0.0432052612304688
0.43206787109375 -0.250640869140625 -0.0390205383300781 0.0282440185546875
0.551116943359375 0.10101318359375 -0.109893798828125 -0.0783233642578125
0.30224609375 0.5823974609375 -0.126708984375 -0.23687744140625
-0.01885986328125 0.66241455078125 0.039276123046875 -0.37213134765625
-0.36358642578125 0.645751953125 0.284210205078125 -0.3629150390625
-0.33966064453125 0.71923828125 -0.130996704101563 0.000709533691406269
-0.00866699218750007 0.6763916015625 -0.0296211242675781 0.0587577819824219
0.419891357421875 0.5604248046875 0.0841445922851563 0.0682373046875
0.556060791015625 0.1165771484375 0.0535392761230469 -0.0135765075683594
0.480560302734375 -0.22381591796875 0.0499992370605469 0.0182914733886719
0.1781005859375 -0.443817138671875 -0.0119409561157226 -0.00744628906250003
-0.020599365234375 -0.47076416015625 -0.00837993621826172 0.0101594924926758
0.0447998046875 -0.47088623046875 0.0205802917480469 0.0594940185546875
0.00927734374999999 -0.502227783203125 0.0206298828125 0.0584220886230468
0.19805908203125 -0.417236328125 -0.0364532470703125 0.102554321289062
0.4547119140625 -0.255218505859375 -0.0933990478515625 0.123756408691406
0.571533203125 0.10400390625 -0.163009643554687 -0.02593994140625
0.3211669921875 0.61248779296875 -0.141036987304688 -0.188232421875
-0.014892578125 0.7022705078125 0.0473785400390625 -0.228042602539062
-0.38568115234375 0.7032470703125 0.158432006835937 -0.154220581054687
-0.27984619140625 0.684814453125 -0.238388061523438 0.220718383789063
0.03363037109375 0.63519287109375 -0.0259857177734375 0.214523315429688
0.41485595703125 0.49334716796875 0.08953857421875 0.0905838012695313
0.513885498046875 0.082733154296875 0.00332355499267581 0.0170469284057617
0.433746337890625 -0.209686279296875 -0.019683837890625 0.0871963500976562
0.1678466796875 -0.402557373046875 -0.0521240234375 0.123214721679687
-0.006256103515625 -0.4229736328125 0.0118865966796875 0.17413330078125
0.051239013671875 -0.422607421875 0.049285888671875 0.213455200195312
0.0264892578125 -0.446563720703125 0.03570556640625 0.21954345703125
0.1871337890625 -0.35247802734375 -0.0672149658203125 0.231903076171875
0.401336669921875 -0.204498291015625 -0.13983154296875 0.196762084960937
0.481048583984375 0.106597900390625 -0.19744873046875 0.02294921875
0.255279541015625 0.54034423828125 -0.135643005371094 -0.128738403320312
-0.0257568359375 0.6123046875 0.0541229248046875 -0.070892333984375
-0.35113525390625 0.64056396484375 0.0292015075683594 0.0615615844726563
-0.18389892578125 0.53680419921875 -0.32806396484375 0.4239501953125
0.06072998046875 0.488250732421875 -0.028289794921875 0.360687255859375
0.32470703125 0.344879150390625 0.0860671997070313 0.11676025390625
0.3743896484375 0.041412353515625 -0.0342292785644531 0.0536308288574219
0.310546875 -0.1527099609375 -0.0756759643554688 0.139877319335937
0.129913330078125 -0.29266357421875 -0.0795135498046875 0.229248046875
0.00970458984375001 -0.30572509765625 0.030731201171875 0.30859375
0.04888916015625 -0.30743408203125 0.070831298828125 0.33489990234375
0.0418701171875 -0.32305908203125 0.042572021484375 0.347412109375
0.14971923828125 -0.234649658203125 -0.093719482421875 0.322052001953125
0.287139892578125 -0.1171875 -0.172210693359375 0.230224609375
0.311431884765625 0.100067138671875 -0.209259033203125 0.052001953125
0.140625 0.381622314453125 -0.114967346191406 -0.0747833251953125
-0.038330078125 0.42205810546875 0.0531044006347656 0.0628585815429688
-0.263458251953125 0.4744873046875 -0.083984375 0.244354248046875
-0.06103515625 0.3021240234375 -0.38970947265625 0.57794189453125
0.0740966796875 0.263580322265625 -0.0351867675781249 0.47412109375
0.182205200195313 0.142471313476563 0.0825653076171875 0.142868041992188
0.17584228515625 -0.0052642822265625 -0.0463104248046875 0.0850372314453125
0.136672973632813 -0.0707473754882813 -0.107101440429687 0.162445068359375
0.0703659057617187 -0.135208129882813 -0.091033935546875 0.290771484375
0.024322509765625 -0.141250610351563 0.043548583984375 0.392486572265625
0.0402984619140625 -0.1458740234375 0.0804443359375 0.405029296875
0.0502166748046875 -0.15478515625 0.042755126953125 0.422088623046875
0.092864990234375 -0.0906906127929688 -0.110382080078125 0.362457275390625
0.141098022460938 -0.024261474609375 -0.189376831054688 0.225677490234375
0.116973876953125 0.07257080078125 -0.205123901367188 0.062103271484375
0.0271453857421875 0.178131103515625 -0.0913009643554688 -0.0376815795898437
-0.0329437255859375 0.186660766601563 0.042724609375 0.150115966796875
-0.134307861328125 0.246429443359375 -0.1646728515625 0.368377685546875
-0.063140869140625 0.00918197631835938 0.12353515625 -0.461761474609375
-0.0192489624023437 0.0561294555664063 -0.0465850830078125 -0.230331420898438
0.055633544921875 0.0526237487792969 0.0509490966796875 0.0392799377441406
0.0679702758789063 -0.00172805786132812 0.18634033203125 -0.0414276123046875
0.031585693359375 -0.0649528503417969 0.20263671875 -0.180389404296875
-0.036407470703125 -0.0527305603027344 0.098175048828125 -0.34307861328125
-0.0553207397460938 -0.0375938415527344 -0.087066650390625 -0.422821044921875
-0.0328559875488281 -0.0291271209716797 -0.110748291015625 -0.404144287109375
-0.04718017578125 -0.0211868286132813 -0.0672607421875 -0.40850830078125
-0.00739669799804687 -0.0430526733398438 0.060821533203125 -0.325897216796875
0.0278739929199219 -0.0238666534423828 0.0793304443359375 -0.178237915039063
0.0473403930664062 0.0287284851074219 0.030975341796875 -0.1290283203125
-0.0139045715332031 0.0369071960449219 -0.0531768798828125 -0.216629028320313
-0.0379753112792969 0.0115089416503906 -0.01751708984375 -0.4842529296875
-0.0383453369140625 -0.0455741882324219 0.41790771484375 -0.63519287109375
-0.172531127929687 0.269851684570313 0.106170654296875 -0.443115234375
-0.03753662109375 0.268234252929688 -0.0428619384765625 -0.22998046875
0.16455078125 0.238754272460938 0.0502052307128906 0.0353355407714844
0.229324340820313 0.0504302978515625 0.161590576171875 -0.040374755859375
0.186309814453125 -0.12542724609375 0.191482543945313 -0.14697265625
0.0267791748046875 -0.198333740234375 0.088134765625 -0.30487060546875
-0.065338134765625 -0.204025268554688 -0.0753173828125 -0.381439208984375
-0.024566650390625 -0.2061767578125 -0.09124755859375 -0.352935791015625
-0.05230712890625 -0.21112060546875 -0.055755615234375 -0.361541748046875
0.05670166015625 -0.202346801757813 0.0458221435546875 -0.275283813476563
0.185577392578125 -0.127548217773438 0.055450439453125 -0.134033203125
0.253372192382813 0.048553466796875 -0.00486755371093749 -0.12945556640625
0.118804931640625 0.24957275390625 -0.0802764892578125 -0.241226196289063
-0.02288818359375 0.269622802734375 -0.00674438476562495 -0.500030517578125
-0.1566162109375 0.239334106445313 0.4029541015625 -0.62774658203125
-0.254852294921875 0.496185302734375 0.04827880859375 -0.352325439453125
-0.035552978515625 0.458526611328125 -0.042388916015625 -0.179046630859375
0.276519775390625 0.394744873046875 0.0606307983398438 0.0359573364257813
0.37860107421875 0.0877685546875 0.133399963378906 -0.0420989990234375
0.322540283203125 -0.180450439453125 0.160797119140625 -0.108322143554688
0.08502197265625 -0.32373046875 0.06158447265625 -0.234786987304688
-0.067535400390625 -0.34234619140625 -0.059661865234375 -0.2867431640625
-0.012664794921875 -0.351226806640625 -0.0588226318359375 -0.246490478515625
-0.050994873046875 -0.368255615234375 -0.035003662109375 -0.256561279296875
0.11224365234375 -0.33319091796875 0.0228118896484375 -0.176589965820313
0.3193359375 -0.216766357421875 0.01409912109375 -0.0616683959960938
0.432220458984375 0.0599365234375 -0.0585861206054687 -0.110824584960937
0.24554443359375 0.43353271484375 -0.114944458007813 -0.245437622070312
-0.000885009765625035 0.49774169921875 0.001678466796875 -0.463226318359375
-0.25347900390625 0.491424560546875 0.34588623046875 -0.536224365234375
-0.2940673828125 0.66064453125 -0.03607177734375 -0.198043823242187
-0.00811767578125002 0.6033935546875 -0.0390472412109375 -0.0794143676757812
0.385009765625 0.49700927734375 0.0774688720703125 0.0422286987304688
0.49871826171875 0.095916748046875 0.0966720581054688 -0.03863525390625
0.4190673828125 -0.231231689453125 0.111724853515625 -0.0561065673828125
0.12701416015625 -0.4119873046875 0.0252914428710937 -0.131500244140625
-0.064300537109375 -0.4320068359375 -0.03778076171875 -0.150177001953125
-0.00045776367187498 -0.442779541015625 -0.018157958984375 -0.103347778320313
-0.041351318359375 -0.467620849609375 -0.00612640380859375 -0.10955810546875
0.150970458984375 -0.41064453125 -0.00310134887695312 -0.0431556701660157
0.408660888671875 -0.274444580078125 -0.0345840454101562 0.0309982299804687
0.552093505859375 0.06329345703125 -0.115715026855469 -0.0698623657226563
0.3363037109375 0.55609130859375 -0.142486572265625 -0.222412109375
0.01971435546875 0.65301513671875 0.0157470703125 -0.366363525390625
-0.3184814453125 0.66204833984375 0.257080078125 -0.370880126953125
-0.2847900390625 0.73199462890625 -0.131988525390625 0.00572967529296881
0.03411865234375 0.6678466796875 -0.02911376953125 0.0590515136718751
0.454132080078125 0.52197265625 0.09185791015625 0.057037353515625
0.5540771484375 0.07855224609375 0.0509872436523438 -0.019805908203125
0.456451416015625 -0.25482177734375 0.0497894287109375 0.0119781494140625
0.145843505859375 -0.444305419921875 -0.0132217407226562 -0.00372695922851565
-0.0521240234375 -0.45794677734375 -0.00956439971923828 0.0117702484130859
0.012298583984375 -0.467376708984375 0.0252952575683594 0.0556068420410156
-0.027252197265625 -0.49200439453125 0.0254707336425781 0.0569381713867187
0.168121337890625 -0.420166015625 -0.0279083251953125 0.103652954101562
0.42864990234375 -0.281463623046875 -0.082550048828125 0.127525329589844
0.5716552734375 0.0650634765625 -0.163909912109375 -0.014495849609375
0.3558349609375 0.58526611328125 -0.153228759765625 -0.172714233398438
0.02587890625 0.69097900390625 0.0330047607421875 -0.22528076171875
-0.3350830078125 0.720458984375 0.14715576171875 -0.158065795898437
-0.2314453125 0.6949462890625 -0.223526000976563 0.22943115234375
0.07281494140625 0.6260986328125 -0.01531982421875 0.213623046875
0.44427490234375 0.457794189453125 0.097747802734375 0.0784530639648438
0.5113525390625 0.048004150390625 0.00475120544433597 0.0140628814697266
0.412109375 -0.238189697265625 -0.0137481689453125 0.0844573974609375
0.138519287109375 -0.4044189453125 -0.0448455810546875 0.127059936523437
-0.0341796875 -0.411407470703125 0.0216217041015625 0.172073364257812
0.020538330078125 -0.42010498046875 0.0645904541015625 0.2064208984375
-0.00567626953124996 -0.43841552734375 0.05206298828125 0.215194702148437
0.160980224609375 -0.357330322265625 -0.0498199462890625 0.234039306640625
0.3792724609375 -0.227386474609375 -0.122970581054687 0.201690673828125
0.482330322265625 0.07293701171875 -0.193756103515625 0.035888671875
0.287445068359375 0.517608642578125 -0.143447875976562 -0.114822387695313
0.00946044921874995 0.6051025390625 0.0499267578125 -0.0729293823242187
-0.30645751953125 0.65655517578125 0.0352859497070312 0.0602607727050782
-0.14715576171875 0.54364013671875 -0.297515869140625 0.43463134765625
0.089996337890625 0.4781494140625 -0.00677490234375 0.3575439453125
0.343597412109375 0.317657470703125 0.0944900512695313 0.105789184570313
0.371002197265625 0.01605224609375 -0.0293045043945312 0.0528526306152344
0.294403076171875 -0.17303466796875 -0.0655975341796875 0.139556884765625
0.107574462890625 -0.294952392578125 -0.0657958984375 0.233184814453125
-0.01080322265625 -0.298736572265625 0.04931640625 0.303955078125
0.026580810546875 -0.306671142578125 0.09356689453125 0.325958251953125
0.018341064453125 -0.3199462890625 0.067779541015625 0.340087890625
0.131866455078125 -0.238662719726563 -0.070068359375 0.324493408203125
0.2716064453125 -0.134933471679688 -0.153335571289062 0.236953735351563
0.313690185546875 0.0772705078125 -0.2030029296875 0.06597900390625
0.165374755859375 0.3685302734375 -0.118865966796875 -0.0636978149414062
-0.01318359375 0.41680908203125 0.0575790405273438 0.0571708679199219
-0.22930908203125 0.48651123046875 -0.06378173828125 0.246292114257813
-0.042236328125 0.304046630859375 -0.3455810546875 0.59185791015625
0.08966064453125 0.2557373046875 -0.00396728515624995 0.4698486328125
0.188796997070313 0.128692626953125 0.0908203125 0.133270263671875
0.171661376953125 -0.017303466796875 -0.0383987426757812 0.0844573974609375
0.130134582519531 -0.0803451538085938 -0.0948638916015625 0.163482666015625
0.0604934692382812 -0.13787841796875 -0.07366943359375 0.2933349609375
0.0134429931640625 -0.139190673828125 0.0681152343749999 0.385467529296875
0.028961181640625 -0.14691162109375 0.107513427734375 0.394989013671875
0.037200927734375 -0.155899047851563 0.073883056640625 0.413421630859375
0.0844497680664062 -0.0947799682617187 -0.083953857421875 0.364715576171875
0.134574890136719 -0.0340423583984375 -0.17108154296875 0.233245849609375
0.120376586914063 0.0629348754882813 -0.1971435546875 0.075286865234375
0.0414886474609375 0.17401123046875 -0.0917587280273437 -0.0296478271484375
-0.020599365234375 0.186019897460938 0.0530242919921875 0.143402099609375
-0.11688232421875 0.253890991210938 -0.13427734375 0.372100830078125
-0.0600433349609375 0.010223388671875 0.099212646484375 -0.451812744140625
-0.0166969299316406 0.0540046691894531 -0.0554656982421875 -0.222976684570313
0.0565261840820313 0.048187255859375 0.05181884765625 0.0340461730957031
0.0672111511230469 -0.00380325317382812 0.176773071289062 -0.04815673828125
0.0279083251953125 -0.0623626708984375 0.187591552734375 -0.180877685546875
-0.0371818542480469 -0.0476722717285156 0.08197021484375 -0.33685302734375
-0.0538291931152344 -0.0337104797363281 -0.10235595703125 -0.405059814453125
-0.0320873260498047 -0.0270233154296875 -0.12689208984375 -0.388671875
-0.0451583862304688 -0.0159835815429688 -0.086334228515625 -0.3931884765625
-0.00944900512695312 -0.0402603149414062 0.045928955078125 -0.31964111328125
0.0268154144287109 -0.0230083465576172 0.0710906982421875 -0.173797607421875
0.0474166870117188 0.02532958984375 0.0221786499023437 -0.125938415527344
-0.0140724182128906 0.0360488891601563 -0.0628814697265625 -0.207534790039063
-0.0366859436035156 0.0115013122558594 -0.0372314453125 -0.465484619140625
-0.0372428894042969 -0.0429916381835938 0.37677001953125 -0.6251220703125
-0.154983520507812 0.2672119140625 0.08184814453125 -0.43328857421875
-0.0263824462890625 0.260818481445313 -0.053863525390625 -0.222366333007812
0.170501708984375 0.22296142578125 0.0521392822265625 0.0282211303710938
0.225433349609375 0.0405120849609375 0.152374267578125 -0.04608154296875
0.1737060546875 -0.12774658203125 0.177932739257813 -0.1488037109375
0.0180511474609375 -0.1900634765625 0.0748291015625 -0.29779052734375
-0.070343017578125 -0.192855834960938 -0.090087890625 -0.36602783203125
-0.0318145751953125 -0.19793701171875 -0.10546875 -0.3389892578125
-0.059539794921875 -0.198822021484375 -0.072723388671875 -0.34765625
0.0467071533203125 -0.196456909179688 0.034149169921875 -0.26995849609375
0.173736572265625 -0.130584716796875 0.0497589111328125 -0.130775451660156
0.248275756835937 0.0358123779296875 -0.012908935546875 -0.124885559082031
0.124557495117188 0.23779296875 -0.08935546875 -0.228530883789062
-0.0132293701171875 0.260757446289063 -0.027130126953125 -0.479736328125
-0.140762329101562 0.238449096679687 0.36480712890625 -0.61566162109375
-0.22479248046875 0.4901123046875 0.02825927734375 -0.344757080078125
-0.018157958984375 0.445587158203125 -0.0518798828125 -0.172378540039063
0.285552978515625 0.368682861328125 0.063323974609375 0.0270042419433594
0.3709716796875 0.070465087890625 0.124931335449219 -0.047149658203125
0.302398681640625 -0.186859130859375 0.150054931640625 -0.111221313476563
0.068359375 -0.312957763671875 0.05072021484375 -0.228164672851563
-0.078521728515625 -0.32470703125 -0.0717010498046875 -0.2747802734375
-0.027374267578125 -0.340057373046875 -0.06884765625 -0.238250732421875
-0.066009521484375 -0.350860595703125 -0.04669189453125 -0.247314453125
0.094085693359375 -0.32421875 0.0158843994140625 -0.173187255859375
0.299896240234375 -0.2215576171875 0.0134506225585938 -0.0595664978027344
0.422607421875 0.03924560546875 -0.0636749267578125 -0.10467529296875
0.255615234375 0.41259765625 -0.122299194335937 -0.229827880859375
0.0166015625 0.48223876953125 -0.01531982421875 -0.445892333984375
-0.2252197265625 0.488677978515625 0.313690185546875 -0.5274658203125
-0.25518798828125 0.6512451171875 -0.0472259521484375 -0.191925048828125
0.01531982421875 0.58648681640625 -0.044464111328125 -0.0751342773437499
0.3958740234375 0.462738037109375 0.0796737670898438 0.0312881469726563
0.487518310546875 0.07196044921875 0.09033203125 -0.042938232421875
0.39447021484375 -0.241546630859375 0.104728698730469 -0.0601730346679688
0.10345458984375 -0.40008544921875 0.0183944702148438 -0.126068115234375
-0.078582763671875 -0.41143798828125 -0.0447998046875 -0.14276123046875
-0.019378662109375 -0.42852783203125 -0.0225067138671875 -0.100662231445313
-0.0616455078125 -0.4478759765625 -0.0110397338867188 -0.105552673339844
0.128753662109375 -0.401947021484375 -0.00342178344726561 -0.0419502258300782
0.38177490234375 -0.280120849609375 -0.029764175415039 0.0316123962402344
0.5380859375 0.037750244140625 -0.1168212890625 -0.0624771118164063
0.35052490234375 0.52642822265625 -0.1475830078125 -0.205276489257813
0.04193115234375 0.6302490234375 0.00170898437499997 -0.352813720703125
-0.281005859375 0.65582275390625 0.23382568359375 -0.364837646484375
-0.2454833984375 0.721923828125 -0.131126403808594 0.00846862792968753
0.0582275390625001 0.6474609375 -0.0287742614746094 0.0587310791015625
0.4637451171875 0.484161376953125 0.0939178466796875 0.0450210571289063
0.540252685546875 0.053558349609375 0.0479278564453125 -0.0237350463867187
0.42767333984375 -0.266510009765625 0.0477561950683594 0.00719451904296873
0.12109375 -0.432403564453125 -0.0133266448974609 -0.000833511352539086
-0.068359375 -0.436798095703125 -0.0102262496948242 0.0130987167358398
-0.00909423828124998 -0.45306396484375 0.0271148681640625 0.0521926879882812
-0.04876708984375 -0.472503662109375 0.0286521911621094 0.0543937683105468
0.144989013671875 -0.412567138671875 -0.0206527709960937 0.1016845703125
0.40252685546875 -0.2886962890625 -0.072601318359375 0.126922607421875
0.557281494140625 0.0382080078125 -0.1605224609375 -0.00715637207031249
0.371978759765625 0.555755615234375 -0.155670166015625 -0.15704345703125
0.05023193359375 0.6680908203125 0.0245208740234375 -0.218276977539062
-0.296875 0.71417236328125 0.138442993164062 -0.155960083007812
-0.19525146484375 0.6854248046875 -0.209136962890625 0.22845458984375
0.09466552734375 0.60638427734375 -0.00874328613281248 0.208892822265625
0.4503173828125 0.423248291015625 0.100730895996094 0.0669937133789063
0.49749755859375 0.025543212890625 0.00502967834472659 0.0107755661010742
0.386444091796875 -0.250274658203125 -0.0102157592773437 0.07855224609375
0.115875244140625 -0.394561767578125 -0.0393142700195313 0.127464294433594
-0.0496826171875 -0.392852783203125 0.027130126953125 0.166976928710937
0.000946044921875011 -0.407684326171875 0.0725250244140625 0.196426391601563
-0.0262451171875 -0.42205810546875 0.0627899169921875 0.206329345703125
0.140899658203125 -0.350128173828125 -0.037078857421875 0.229721069335937
0.354583740234375 -0.234619140625 -0.109573364257812 0.200225830078125
0.470306396484375 0.0501708984375 -0.186538696289062 0.0434417724609375
0.302398681640625 0.4918212890625 -0.143661499023438 -0.102157592773437
0.0321044921875 0.5860595703125 0.0471649169921875 -0.0726470947265625
-0.2701416015625 0.6505126953125 0.0392570495605469 0.0579109191894532
-0.1181640625 0.534759521484375 -0.2723388671875 0.43182373046875
0.104095458984375 0.46197509765625 0.00689697265625001 0.348388671875
0.3465576171875 0.292816162109375 0.0972747802734375 0.095001220703125
0.359405517578125 -0.000244140625 -0.0252304077148437 0.050262451171875
0.27642822265625 -0.18194580078125 -0.0579071044921875 0.134429931640625
0.091522216796875 -0.288848876953125 -0.05615234375 0.231277465820312
-0.022430419921875 -0.28594970703125 0.060302734375 0.294189453125
0.011962890625 -0.298431396484375 0.105987548828125 0.311370849609375
0.00189208984375002 -0.3084716796875 0.0849609375 0.326446533203125
0.117462158203125 -0.235488891601563 -0.05279541015625 0.3177490234375
0.255096435546875 -0.140884399414063 -0.138412475585938 0.233734130859375
0.306732177734375 0.0606689453125 -0.193771362304688 0.0728607177734375
0.178314208984375 0.35028076171875 -0.117378234863281 -0.0544967651367187
0.00302124023437496 0.404327392578125 0.05914306640625 0.051849365234375
-0.203704833984375 0.48333740234375 -0.0493316650390625 0.2403564453125
-0.029449462890625 0.297943115234375 -0.3121337890625 0.58392333984375
0.095794677734375 0.24468994140625 0.014190673828125 0.457366943359375
0.187530517578125 0.117141723632813 0.09283447265625 0.123336791992188
0.164840698242188 -0.0241546630859375 -0.0320663452148438 0.0811920166015625
0.122390747070313 -0.0846405029296875 -0.085357666015625 0.158843994140625
0.0520401000976563 -0.136131286621094 -0.061798095703125 0.28863525390625
0.00759887695312501 -0.133811950683594 0.0823974609375 0.37237548828125
0.0208282470703125 -0.143295288085938 0.12359619140625 0.37786865234375
0.0281829833984375 -0.152328491210938 0.093994140625 0.39727783203125
0.0778274536132813 -0.09454345703125 -0.0653076171875 0.357452392578125
0.126899719238281 -0.0387496948242188 -0.15618896484375 0.231414794921875
0.118659973144531 0.0542449951171875 -0.186248779296875 0.0818023681640625
0.04974365234375 0.166854858398438 -0.0893936157226563 -0.0233154296875
-0.012725830078125 0.181137084960938 0.0587921142578125 0.134719848632813
-0.10284423828125 0.252151489257813 -0.112091064453125 0.36322021484375
-0.0584068298339844 0.0100975036621094 0.087371826171875 -0.44140625
-0.016082763671875 0.0520477294921875 -0.05902099609375 -0.2171630859375
0.0561485290527344 0.0449142456054688 0.0511589050292969 0.029815673828125
0.0663795471191406 -0.00491714477539063 0.168609619140625 -0.0493621826171875
0.0263557434082031 -0.0604438781738281 0.178787231445313 -0.177154541015625
-0.0362625122070312 -0.043487548828125 0.075714111328125 -0.328369140625
-0.0524368286132813 -0.0310859680175781 -0.10791015625 -0.39178466796875
-0.0305652618408203 -0.0253448486328125 -0.133636474609375 -0.375701904296875
-0.0427665710449219 -0.0130577087402344 -0.09375 -0.379974365234375
-0.0097198486328125 -0.0376663208007813 0.039581298828125 -0.31329345703125
0.0259170532226563 -0.022369384765625 0.0670318603515625 -0.168869018554688
0.0472221374511719 0.0234222412109375 0.017822265625 -0.122085571289063
-0.0154438018798828 0.0350456237792969 -0.066375732421875 -0.199630737304687
-0.0358810424804687 0.0104866027832031 -0.043701171875 -0.446563720703125
-0.0352554321289063 -0.041900634765625 0.3592529296875 -0.6063232421875
-0.14599609375 0.260452270507813 0.0703125 -0.422760009765625
-0.022125244140625 0.253433227539062 -0.0581817626953125 -0.216018676757812
0.170547485351563 0.212066650390625 0.0520515441894531 0.0226020812988281
0.220779418945313 0.0357513427734375 0.144866943359375 -0.048095703125
0.165664672851563 -0.1259765625 0.169784545898438 -0.146560668945313
0.0141754150390625 -0.182159423828125 0.068878173828125 -0.291015625
-0.0707244873046875 -0.184036254882813 -0.095489501953125 -0.353973388671875
-0.0339813232421875 -0.19244384765625 -0.111297607421875 -0.328643798828125
-0.0609588623046875 -0.189682006835937 -0.078857421875 -0.337493896484375
0.0415802001953125 -0.1900634765625 0.029510498046875 -0.265106201171875
0.167312622070313 -0.128952026367188 0.0487518310546875 -0.126190185546875
0.243057250976562 0.0299072265625 -0.0166778564453125 -0.120712280273437
0.124069213867188 0.230743408203125 -0.0925140380859375 -0.218643188476562
-0.0102386474609375 0.252655029296875 -0.033538818359375 -0.462158203125
-0.132125854492187 0.234481811523438 0.34490966796875 -0.59771728515625
-0.208953857421875 0.47698974609375 0.019073486328125 -0.335113525390625
-0.011810302734375 0.43389892578125 -0.056243896484375 -0.16680908203125
0.285247802734375 0.35076904296875 0.0626602172851563 0.0203819274902344
0.361724853515625 0.06341552734375 0.118843078613281 -0.0485763549804687
0.288787841796875 -0.18634033203125 0.143463134765625 -0.110824584960938
0.060791015625 -0.3017578125 0.0469818115234375 -0.221588134765625
-0.080230712890625 -0.31158447265625 -0.076171875 -0.265289306640625
-0.032958984375 -0.3310546875 -0.074066162109375 -0.231582641601563
-0.069976806640625 -0.336151123046875 -0.050537109375 -0.240509033203125
0.08642578125 -0.3148193359375 0.0138092041015625 -0.17034912109375
0.287139892578125 -0.22015380859375 0.0144996643066406 -0.0569953918457031
0.41217041015625 0.02960205078125 -0.065216064453125 -0.100013732910156
0.256134033203125 0.399017333984375 -0.123870849609375 -0.21868896484375
0.020538330078125 0.467437744140625 -0.021240234375 -0.42919921875
-0.210479736328125 0.478790283203125 0.29962158203125 -0.511993408203125
-0.2362060546875 0.63604736328125 -0.052703857421875 -0.186676025390625
0.0225830078125 0.57012939453125 -0.0476303100585937 -0.0722427368164062
0.393707275390625 0.44134521484375 0.0795669555664063 0.0232467651367188
0.474853515625 0.063079833984375 0.0853500366210938 -0.044342041015625
0.37640380859375 -0.240264892578125 0.0997695922851563 -0.0618743896484375
0.09423828125 -0.38671875 0.0175094604492188 -0.12109375
-0.081756591796875 -0.39459228515625 -0.0481414794921875 -0.13653564453125
-0.0274658203125 -0.417999267578125 -0.0252227783203125 -0.0985946655273438
-0.0686950683593751 -0.429962158203125 -0.01239013671875 -0.103370666503906
0.118927001953125 -0.390960693359375 -0.00257492065429687 -0.04144287109375
0.366973876953125 -0.279876708984375 -0.0265274047851562 0.0317573547363281
0.52423095703125 0.02557373046875 -0.116363525390625 -0.0584640502929688
0.350738525390625 0.509918212890625 -0.147216796875 -0.194305419921875
0.046142578125 0.61260986328125 -0.00231933593749997 -0.340087890625
-0.2630615234375 0.6451416015625 0.2249755859375 -0.353424072265625
-0.22564697265625 0.705322265625 -0.131149291992188 0.00944519042968753
0.0673217773437501 0.630859375 -0.0299568176269531 0.0588645935058594
0.460723876953125 0.4622802734375 0.0941009521484375 0.0360488891601563
0.5257568359375 0.042755126953125 0.0453605651855469 -0.0256385803222656
0.409759521484375 -0.266754150390625 0.0465469360351563 0.00304412841796873
0.109832763671875 -0.41888427734375 -0.0129537582397461 0.00196075439453122
-0.072113037109375 -0.418670654296875 -0.0117092132568359 0.0143680572509765
-0.0179443359375 -0.4425048828125 0.0268707275390625 0.0491600036621094
-0.057525634765625 -0.45513916015625 0.0298843383789062 0.0507621765136718
0.134033203125 -0.40020751953125 -0.0174026489257813 0.099090576171875
0.384490966796875 -0.285003662109375 -0.066558837890625 0.124305725097656
0.543365478515625 0.027008056640625 -0.157699584960937 -0.00419616699218749
0.3734130859375 0.53546142578125 -0.153762817382812 -0.147491455078125
0.0548095703125 0.64837646484375 0.0223541259765625 -0.212265014648438
-0.27777099609375 0.7005615234375 0.1339111328125 -0.151763916015625
-0.177978515625 0.67047119140625 -0.20269775390625 0.224411010742188
0.100830078125 0.58941650390625 -0.00643920898437499 0.205322265625
0.4464111328125 0.402740478515625 0.100173950195313 0.0585174560546875
0.48492431640625 0.01568603515625 0.00547838211059573 0.00787162780761719
0.36993408203125 -0.248504638671875 -0.00904846191406247 0.0730438232421875
0.104827880859375 -0.38336181640625 -0.036529541015625 0.126968383789062
-0.05438232421875 -0.377349853515625 0.028167724609375 0.163681030273438
-0.00708007812500004 -0.397705078125 0.07464599609375 0.189208984375
-0.033843994140625 -0.408843994140625 0.0672149658203125 0.198440551757812
0.130950927734375 -0.34051513671875 -0.030792236328125 0.2237548828125
0.338531494140625 -0.2333984375 -0.1021728515625 0.196044921875
0.45831298828125 0.0390625 -0.181167602539062 0.045379638671875
0.3062744140625 0.474517822265625 -0.139884948730469 -0.0937423706054687
0.0362548828125 0.56689453125 0.045989990234375 -0.0721969604492187
-0.2532958984375 0.638916015625 0.0403327941894531 0.0554046630859375
-0.107635498046875 0.522064208984375 -0.26055908203125 0.423187255859375
0.1070556640625 0.448822021484375 0.01190185546875 0.34063720703125
0.34332275390625 0.278900146484375 0.0968399047851563 0.0871810913085938
0.3487548828125 -0.006011962890625 -0.0230369567871093 0.0464973449707031
0.264297485351563 -0.18218994140625 -0.0546798706054687 0.127517700195313
0.083251953125 -0.281494140625 -0.0518035888671875 0.227630615234375
-0.026336669921875 -0.275421142578125 0.063934326171875 0.28729248046875
0.004730224609375 -0.29132080078125 0.11004638671875 0.300628662109375
-0.00527954101562502 -0.29827880859375 0.09136962890625 0.314910888671875
0.10943603515625 -0.229660034179687 -0.044097900390625 0.310760498046875
0.243255615234375 -0.140869140625 -0.130340576171875 0.229415893554687
0.29864501953125 0.0528564453125 -0.186767578125 0.074493408203125
0.182373046875 0.337921142578125 -0.113883972167969 -0.0490875244140625
0.00765991210937496 0.39215087890625 0.0598869323730469 0.0479278564453125
-0.191314697265625 0.47412109375 -0.0422821044921875 0.232330322265625
-0.025054931640625 0.291412353515625 -0.2957763671875 0.5701904296875
0.09600830078125 0.238449096679687 0.02252197265625 0.446136474609375
0.183929443359375 0.111480712890625 0.0929107666015625 0.117218017578125
0.158737182617188 -0.02593994140625 -0.0288238525390625 0.0772171020507813
0.11663818359375 -0.0854034423828125 -0.081573486328125 0.152679443359375
0.0480422973632812 -0.133537292480469 -0.056915283203125 0.283721923828125
0.00511932373046875 -0.129058837890625 0.0869140625 0.3626708984375
0.016998291015625 -0.14068603515625 0.129364013671875 0.36767578125
0.023529052734375 -0.148101806640625 0.102142333984375 0.38360595703125
0.0732650756835938 -0.0922164916992188 -0.055694580078125 0.349334716796875
0.120101928710938 -0.0397491455078125 -0.14752197265625 0.226318359375
0.115653991699219 0.0500335693359375 -0.177947998046875 0.0831146240234375
0.053497314453125 0.160614013671875 -0.0860748291015625 -0.0196762084960937
-0.00874328613281251 0.175857543945313 0.0598831176757813 0.12725830078125
-0.0968170166015625 0.248397827148438 -0.101531982421875 0.351593017578125
-0.0580291748046875 0.00878143310546875 0.084625244140625 -0.436920166015625
-0.016693115234375 0.0506477355957031 -0.061676025390625 -0.216323852539063
0.0552101135253906 0.0433311462402344 0.0504302978515625 0.0270271301269531
0.0663070678710937 -0.00441360473632812 0.165206909179687 -0.049835205078125
0.0255851745605469 -0.059326171875 0.176742553710938 -0.174636840820313
-0.0359382629394531 -0.04205322265625 0.075347900390625 -0.327880859375
-0.0517730712890625 -0.03094482421875 -0.10931396484375 -0.390380859375
-0.029693603515625 -0.0253009796142578 -0.136810302734375 -0.372772216796875
-0.0412750244140625 -0.0112800598144531 -0.09747314453125 -0.3773193359375
-0.00983047485351562 -0.0362548828125 0.038330078125 -0.31329345703125
0.0263805389404297 -0.0217475891113281 0.0678558349609375 -0.166717529296875
0.0470504760742188 0.0223274230957031 0.0147933959960937 -0.119735717773438
-0.0168113708496094 0.0359420776367187 -0.0690460205078125 -0.196914672851562
-0.0354270935058594 0.00956344604492188 -0.04376220703125 -0.439208984375
-0.0331459045410156 -0.0425682067871094 0.35565185546875 -0.59649658203125
-0.143569946289063 0.257400512695313 0.066558837890625 -0.4189453125
-0.0223236083984375 0.250778198242188 -0.0613250732421875 -0.214035034179687
0.169784545898438 0.207794189453125 0.0515174865722656 0.01837158203125
0.219253540039063 0.0348663330078125 0.141342163085938 -0.048309326171875
0.16339111328125 -0.124649047851563 0.167922973632813 -0.145416259765625
0.0139312744140625 -0.177825927734375 0.068756103515625 -0.289306640625
-0.0695037841796875 -0.181137084960938 -0.098785400390625 -0.34991455078125
-0.03399658203125 -0.19232177734375 -0.11383056640625 -0.326385498046875
-0.0603485107421875 -0.185867309570312 -0.08203125 -0.335357666015625
0.0408172607421875 -0.187149047851563 0.028656005859375 -0.26513671875
0.165573120117188 -0.128204345703125 0.0501251220703125 -0.124725341796875
0.242080688476563 0.027923583984375 -0.0187911987304688 -0.118988037109375
0.123489379882812 0.22955322265625 -0.0934600830078125 -0.2149658203125
-0.0107879638671875 0.250289916992188 -0.03302001953125 -0.455657958984375
-0.128875732421875 0.233154296875 0.34521484375 -0.5870361328125
-0.205291748046875 0.472747802734375 0.015228271484375 -0.333099365234375
-0.011138916015625 0.4307861328125 -0.0594940185546875 -0.165130615234375
0.283172607421875 0.3458251953125 0.0624580383300781 0.0145988464355469
0.358917236328125 0.061981201171875 0.115325927734375 -0.0496597290039062
0.2850341796875 -0.18524169921875 0.14093017578125 -0.110458374023438
0.05950927734375 -0.29595947265625 0.0469818115234375 -0.219680786132813
-0.0799560546875 -0.3067626953125 -0.0785675048828125 -0.26226806640625
-0.0330810546875 -0.329803466796875 -0.076385498046875 -0.2305908203125
-0.070068359375 -0.331634521484375 -0.052642822265625 -0.239242553710938
0.085235595703125 -0.31060791015625 0.01348876953125 -0.170211791992188
0.28387451171875 -0.218170166015625 0.0166473388671875 -0.0562248229980469
0.410736083984375 0.027130126953125 -0.0675201416015625 -0.0994415283203125
0.255615234375 0.3968505859375 -0.12347412109375 -0.214279174804687
0.0186767578125 0.464111328125 -0.02020263671875 -0.424560546875
-0.20745849609375 0.47711181640625 0.2982177734375 -0.502227783203125
-0.23321533203125 0.6318359375 -0.0556182861328125 -0.185211181640625
0.023193359375 0.56719970703125 -0.0502395629882813 -0.070556640625
0.393157958984375 0.434417724609375 0.0790557861328125 0.0169448852539063
0.471038818359375 0.060394287109375 0.082763671875 -0.0459671020507812
0.371368408203125 -0.24053955078125 0.0976409912109375 -0.063079833984375
0.091766357421875 -0.3812255859375 0.0170822143554688 -0.119476318359375
-0.082305908203125 -0.388641357421875 -0.0503082275390625 -0.13421630859375
-0.028839111328125 -0.41656494140625 -0.0268325805664063 -0.099334716796875
-0.06982421875 -0.42352294921875 -0.0127944946289063 -0.104087829589844
0.1158447265625 -0.3858642578125 -0.00171279907226562 -0.042205810546875
0.361236572265625 -0.276611328125 -0.0240802764892578 0.0316486358642578
0.52197265625 0.02197265625 -0.117904663085937 -0.05792236328125
0.35101318359375 0.50701904296875 -0.145706176757812 -0.189651489257813
0.04547119140625 0.60723876953125 -0.00061035156249996 -0.336700439453125
-0.2593994140625 0.641357421875 0.223846435546875 -0.347503662109375
-0.221923828125 0.69891357421875 -0.132698059082031 0.00901031494140632
0.0688476562499999 0.62921142578125 -0.0311088562011719 0.05975341796875
0.4595947265625 0.45440673828125 0.0939407348632813 0.0295791625976563
0.522003173828125 0.0386962890625 0.0440902709960938 -0.0275535583496094
0.404327392578125 -0.2674560546875 0.0443229675292969 0.000682830810546859
0.10650634765625 -0.41387939453125 -0.0124979019165039 0.00347995758056638
-0.073333740234375 -0.412506103515625 -0.0127468109130859 0.0155277252197265
-0.020355224609375 -0.440704345703125 0.0269584655761719 0.0476264953613281
-0.05938720703125 -0.449249267578125 0.0311393737792969 0.0489006042480468
0.132354736328125 -0.3956298828125 -0.0157623291015625 0.0979461669921875
0.379791259765625 -0.284454345703125 -0.0640869140625 0.123641967773437
0.539581298828125 0.022857666015625 -0.157546997070312 -0.0036468505859375
0.375640869140625 0.532806396484375 -0.152023315429687 -0.143234252929687
0.05303955078125 0.64404296875 0.0236663818359375 -0.210922241210937
-0.2757568359375 0.69830322265625 0.134918212890625 -0.149246215820312
-0.17578125 0.665771484375 -0.20281982421875 0.222137451171875
0.1011962890625 0.58795166015625 -0.00665283203125001 0.205337524414063
0.44647216796875 0.39739990234375 0.100028991699219 0.0525283813476563
0.479736328125 0.01397705078125 0.00503873825073245 0.00547361373901367
0.365142822265625 -0.25091552734375 -0.0103073120117187 0.0691261291503906
0.1019287109375 -0.378265380859375 -0.0360565185546875 0.127677917480469
-0.05419921875 -0.372222900390625 0.0277099609375 0.1639404296875
-0.010101318359375 -0.396636962890625 0.0760955810546875 0.186874389648437
-0.036346435546875 -0.40338134765625 0.0705108642578125 0.19500732421875
0.128326416015625 -0.336883544921875 -0.028289794921875 0.222305297851562
0.333526611328125 -0.23187255859375 -0.099609375 0.194625854492187
0.455413818359375 0.035400390625 -0.180984497070312 0.04541015625
0.306549072265625 0.47076416015625 -0.137557983398437 -0.0905456542968749
0.03515625 0.5626220703125 0.0475997924804688 -0.0733489990234375
-0.25128173828125 0.63726806640625 0.0420494079589844 0.0551185607910157
-0.10528564453125 0.519287109375 -0.258270263671875 0.41796875
0.10888671875 0.4481201171875 0.013671875 0.339935302734375
0.342376708984375 0.27587890625 0.0967864990234375 0.0832366943359375
0.34539794921875 -0.006866455078125 -0.0221328735351562 0.0440559387207031
0.261215209960938 -0.182952880859375 -0.0558853149414062 0.123565673828125
0.0818023681640625 -0.278945922851563 -0.052001953125 0.227737426757812
-0.0264434814453125 -0.270950317382813 0.063934326171875 0.286163330078125
0.003082275390625 -0.29046630859375 0.112884521484375 0.298065185546875
-0.0072021484375 -0.295684814453125 0.095245361328125 0.311004638671875
0.107925415039062 -0.226364135742188 -0.04193115234375 0.308837890625
0.23822021484375 -0.13958740234375 -0.128372192382812 0.227386474609375
0.29669189453125 0.05047607421875 -0.18463134765625 0.0745697021484375
0.184661865234375 0.3345947265625 -0.111854553222656 -0.0467987060546875
0.00643920898437498 0.38775634765625 0.0615043640136719 0.0446319580078125
-0.189971923828125 0.473114013671875 -0.04046630859375 0.22802734375
-0.02490234375 0.290740966796875 -0.291748046875 0.56463623046875
0.0950775146484375 0.237808227539062 0.0244445800781251 0.443450927734375
0.182464599609375 0.111953735351563 0.0922470092773438 0.114669799804688
0.156661987304687 -0.0252685546875 -0.0269317626953125 0.074310302734375
0.115882873535156 -0.0855178833007813 -0.0815582275390625 0.14825439453125
0.0477142333984375 -0.133026123046875 -0.05792236328125 0.2835693359375
0.0046234130859375 -0.127487182617187 0.08819580078125 0.361297607421875
0.0147705078125 -0.139808654785156 0.131317138671875 0.364288330078125
0.0217742919921875 -0.146957397460938 0.105377197265625 0.378265380859375
0.072052001953125 -0.0907669067382813 -0.05364990234375 0.347259521484375
0.117073059082031 -0.0398712158203125 -0.14642333984375 0.223541259765625
0.114212036132813 0.0482330322265625 -0.175369262695313 0.082916259765625
0.05657958984375 0.158233642578125 -0.0844955444335937 -0.018646240234375
-0.00892639160156252 0.174606323242188 0.0608596801757812 0.1229248046875
-0.0966339111328125 0.248443603515625 -0.0994873046875 0.345123291015625
-0.0592880249023438 0.00864028930664063 0.0828857421875 -0.44476318359375
-0.01739501953125 0.0505256652832031 -0.0674896240234375 -0.219451904296875
0.0552215576171875 0.0416069030761719 0.0513458251953125 0.0245437622070313
0.0675048828125 -0.00603866577148438 0.16522216796875 -0.0527801513671875
0.0253524780273438 -0.05987548828125 0.178451538085938 -0.178192138671875
-0.0366439819335938 -0.0410842895507813 0.074127197265625 -0.3345947265625
-0.0526084899902344 -0.029632568359375 -0.116302490234375 -0.395172119140625
-0.0297622680664062 -0.0256576538085937 -0.1458740234375 -0.37762451171875
-0.0410575866699219 -0.00981140136718749 -0.1060791015625 -0.38262939453125
-0.0104560852050781 -0.0360679626464844 0.036285400390625 -0.320709228515625
0.0273818969726563 -0.0222148895263672 0.069061279296875 -0.168319702148438
0.0482826232910156 0.0217933654785156 0.0121841430664062 -0.120628356933594
-0.0183181762695313 0.03753662109375 -0.0748443603515625 -0.198410034179688
-0.0350189208984375 0.00877189636230468 -0.048797607421875 -0.44171142578125
-0.0328254699707031 -0.0442276000976563 0.35833740234375 -0.60150146484375
-0.143707275390625 0.261077880859375 0.06243896484375 -0.425537109375
-0.0212554931640625 0.25482177734375 -0.0670166015625 -0.217132568359375
0.17352294921875 0.207305908203125 0.0520744323730469 0.0148353576660156
0.223281860351563 0.0334014892578125 0.141021728515625 -0.051055908203125
0.1640625 -0.128555297851563 0.169021606445313 -0.148941040039063
0.0122833251953125 -0.178817749023438 0.068023681640625 -0.295379638671875
-0.0720672607421875 -0.181594848632813 -0.106658935546875 -0.3548583984375
-0.0367584228515625 -0.195663452148438 -0.123138427734375 -0.331756591796875
-0.0618438720703125 -0.187179565429688 -0.089813232421875 -0.34063720703125
0.0396270751953125 -0.189743041992188 0.02667236328125 -0.271804809570313
0.16705322265625 -0.131546020507813 0.0517654418945313 -0.126235961914063
0.246337890625 0.0247955322265625 -0.0233917236328125 -0.120399475097656
0.127792358398438 0.233383178710937 -0.0984039306640625 -0.215911865234375
-0.00961303710937501 0.25384521484375 -0.0364990234375 -0.458953857421875
-0.128005981445313 0.23760986328125 0.34783935546875 -0.59515380859375
-0.20355224609375 0.48114013671875 0.00994873046874998 -0.336761474609375
-0.00778198242187496 0.4376220703125 -0.06512451171875 -0.167236328125
0.292236328125 0.34478759765625 0.0633926391601563 0.00856018066406252
0.365875244140625 0.059661865234375 0.115097045898438 -0.053070068359375
0.286468505859375 -0.191436767578125 0.141525268554688 -0.114395141601563
0.057830810546875 -0.298614501953125 0.0469512939453125 -0.223648071289063
-0.08331298828125 -0.308746337890625 -0.0861663818359375 -0.264358520507813
-0.038177490234375 -0.336029052734375 -0.08245849609375 -0.234283447265625
-0.07452392578125 -0.334197998046875 -0.0582427978515625 -0.244094848632813
0.08349609375 -0.31524658203125 0.012847900390625 -0.175308227539063
0.28668212890625 -0.22412109375 0.0187950134277344 -0.0569381713867188
0.418792724609375 0.022705078125 -0.0725173950195312 -0.10040283203125
0.2664794921875 0.402679443359375 -0.127410888671875 -0.214447021484375
0.02130126953125 0.4698486328125 -0.022125244140625 -0.42779541015625
-0.20599365234375 0.4857177734375 0.30224609375 -0.507781982421875
-0.2298583984375 0.64166259765625 -0.06085205078125 -0.186767578125
0.0303344726562501 0.5767822265625 -0.0543975830078125 -0.0706634521484375
0.404876708984375 0.433868408203125 0.0796279907226563 0.0107803344726563
0.478912353515625 0.0567626953125 0.0824432373046875 -0.0492019653320312
0.37347412109375 -0.248931884765625 0.097869873046875 -0.066650390625
0.0888671875 -0.385162353515625 0.0166473388671875 -0.121658325195313
-0.086517333984375 -0.391693115234375 -0.055511474609375 -0.134849548339844
-0.035369873046875 -0.425750732421875 -0.0302200317382812 -0.101585388183594
-0.07568359375 -0.42852783203125 -0.0146942138671875 -0.10809326171875
0.11492919921875 -0.391632080078125 -0.00155639648437499 -0.0443611145019532
0.364105224609375 -0.28497314453125 -0.0215930938720703 0.0324897766113281
0.531463623046875 0.017669677734375 -0.122932434082031 -0.0583038330078125
0.36602783203125 0.5123291015625 -0.148956298828125 -0.189224243164062
0.048095703125 0.61639404296875 -0.00213623046875001 -0.34124755859375
-0.25830078125 0.6561279296875 0.227691650390625 -0.352294921875
-0.216552734375 0.71368408203125 -0.136405944824219 0.0103836059570313
0.0759277343749999 0.64178466796875 -0.0322990417480469 0.0618782043457032
0.475189208984375 0.455291748046875 0.0953292846679688 0.0236587524414063
0.53009033203125 0.034942626953125 0.0443992614746094 -0.0310134887695313
0.406646728515625 -0.2784423828125 0.0434608459472657 -0.00239181518554689
0.104278564453125 -0.41851806640625 -0.0125217437744141 0.00416755676269529
-0.076568603515625 -0.417388916015625 -0.0150585174560547 0.0178279876708984
-0.027862548828125 -0.450714111328125 0.0275497436523438 0.0474700927734375
-0.06591796875 -0.454254150390625 0.0325508117675781 0.0462799072265625
0.130218505859375 -0.402496337890625 -0.0147476196289062 0.099700927734375
0.380767822265625 -0.29083251953125 -0.0617446899414062 0.125091552734375
0.55047607421875 0.017822265625 -0.162704467773437 -0.00244140625000002
0.3890380859375 0.5379638671875 -0.153366088867187 -0.142547607421875
0.0570068359375001 0.65350341796875 0.0240478515625 -0.21527099609375
-0.2728271484375 0.71417236328125 0.137908935546875 -0.151473999023437
-0.17022705078125 0.6781005859375 -0.205429077148438 0.2271728515625
0.1092529296875 0.59881591796875 -0.00392150878906251 0.209808349609375
0.460205078125 0.399169921875 0.101860046386719 0.0475387573242188
0.486968994140625 0.01019287109375 0.00564527511596683 0.00313186645507813
0.367034912109375 -0.25958251953125 -0.0119552612304687 0.0676460266113281
0.100067138671875 -0.3834228515625 -0.0361404418945312 0.131736755371094
-0.058990478515625 -0.37554931640625 0.0288848876953125 0.16888427734375
-0.0166015625 -0.405242919921875 0.0804443359375 0.188461303710937
-0.042724609375 -0.408050537109375 0.075103759765625 0.194488525390625
0.127288818359375 -0.34228515625 -0.025909423828125 0.226303100585937
0.334991455078125 -0.23748779296875 -0.0976715087890625 0.197723388671875
0.4622802734375 0.030914306640625 -0.183914184570312 0.0478363037109375
0.321014404296875 0.475006103515625 -0.138786315917969 -0.0886688232421875
0.038330078125 0.57037353515625 0.049041748046875 -0.0767593383789062
-0.24957275390625 0.65130615234375 0.0446128845214844 0.0546455383300782
-0.1033935546875 0.530487060546875 -0.2606201171875 0.424835205078125
0.11553955078125 0.457000732421875 0.0179443359375 0.345733642578125
0.3521728515625 0.27703857421875 0.0997390747070313 0.0804519653320313
0.351959228515625 -0.00970458984375 -0.0209617614746094 0.0426101684570313
0.263824462890625 -0.190017700195313 -0.0577163696289063 0.123191833496094
0.07977294921875 -0.28338623046875 -0.0514068603515625 0.234695434570312
-0.02935791015625 -0.27484130859375 0.068267822265625 0.29248046875
-0.00244140625000001 -0.297210693359375 0.120208740234375 0.301177978515625
-0.011077880859375 -0.29986572265625 0.102935791015625 0.311737060546875
0.107330322265625 -0.22955322265625 -0.03851318359375 0.315673828125
0.239120483398438 -0.14306640625 -0.127426147460938 0.23095703125
0.30145263671875 0.04779052734375 -0.186996459960937 0.0772247314453125
0.19354248046875 0.337158203125 -0.111824035644531 -0.0450363159179687
0.00817871093749998 0.394439697265625 0.0636024475097656 0.042022705078125
-0.188018798828125 0.483978271484375 -0.0388336181640625 0.230087280273438
-0.023529052734375 0.297332763671875 -0.29248046875 0.57421875
0.099578857421875 0.241897583007813 0.031280517578125 0.450836181640625
0.187255859375 0.113235473632813 0.0957183837890625 0.114669799804688
0.159530639648438 -0.0260162353515625 -0.0253677368164062 0.0735931396484375
0.116851806640625 -0.0891952514648438 -0.0836029052734375 0.149185180664062
0.04693603515625 -0.136154174804688 -0.05804443359375 0.291656494140625
0.00336456298828124 -0.129325866699219 0.094970703125 0.36865234375
0.012481689453125 -0.143035888671875 0.14093017578125 0.36834716796875
0.019439697265625 -0.149322509765625 0.114166259765625 0.381591796875
0.0724258422851563 -0.092132568359375 -0.049835205078125 0.354736328125
0.1171875 -0.0410537719726563 -0.146469116210938 0.227890014648437
0.115676879882812 0.0471649169921875 -0.176116943359375 0.0865325927734375
0.0611114501953125 0.159423828125 -0.0839080810546875 -0.0175018310546875
-0.0071563720703125 0.177001953125 0.0637130737304688 0.12127685546875
-0.095947265625 0.255157470703125 -0.09857177734375 0.348907470703125
-0.0608139038085938 0.0107040405273437 0.068359375 -0.45751953125
-0.0178031921386719 0.0515594482421875 -0.0783538818359375 -0.2215576171875
0.0559196472167969 0.0395393371582031 0.0524826049804687 0.0216636657714844
0.06903076171875 -0.00872039794921875 0.164779663085938 -0.0594329833984375
0.0236244201660156 -0.0617141723632812 0.177932739257812 -0.187545776367187
-0.0387001037597656 -0.0387916564941406 0.065643310546875 -0.346588134765625
-0.0539817810058594 -0.028533935546875 -0.134979248046875 -0.399566650390625
-0.0308208465576172 -0.0261821746826172 -0.165740966796875 -0.3807373046875
-0.0405387878417969 -0.00717544555664063 -0.124664306640625 -0.387420654296875
-0.0119895935058594 -0.0360984802246094 0.025238037109375 -0.332061767578125
0.0273399353027344 -0.0243740081787109 0.0665130615234375 -0.173538208007813
0.0503807067871094 0.0195198059082031 0.00586700439453126 -0.122482299804688
-0.018310546875 0.0403594970703125 -0.0855560302734375 -0.198410034179688
-0.0352020263671875 0.00885009765625 -0.062713623046875 -0.447601318359375
-0.0337142944335938 -0.0455894470214844 0.35101318359375 -0.62200927734375
-0.139266967773438 0.270172119140625 0.048797607421875 -0.435394287109375
-0.01434326171875 0.260879516601563 -0.078826904296875 -0.219024658203125
0.183013916015625 0.203887939453125 0.0529136657714844 0.00961685180664064
0.228530883789063 0.0262451171875 0.140151977539063 -0.0577850341796875
0.162826538085938 -0.136260986328125 0.167694091796875 -0.158157348632813
0.00682067871093751 -0.180633544921875 0.0609130859375 -0.305450439453125
-0.0789794921875 -0.183212280273438 -0.12261962890625 -0.35888671875
-0.0441741943359375 -0.200881958007812 -0.13995361328125 -0.33551025390625
-0.0684967041015625 -0.187911987304688 -0.106414794921875 -0.3470458984375
0.0345001220703125 -0.194503784179688 0.0177001953125 -0.28179931640625
0.166854858398438 -0.140335083007813 0.0511245727539062 -0.130584716796875
0.254150390625 0.0162200927734375 -0.0304946899414062 -0.121818542480469
0.13958740234375 0.236465454101563 -0.108535766601562 -0.215606689453125
-0.00238037109374999 0.259475708007813 -0.05029296875 -0.465606689453125
-0.122665405273438 0.247161865234375 0.34014892578125 -0.61346435546875
-0.193359375 0.496826171875 -0.00259399414062498 -0.3441162109375
0.00683593750000001 0.446014404296875 -0.0753326416015625 -0.167694091796875
0.309722900390625 0.34027099609375 0.0628280639648438 0.00226593017578127
0.37506103515625 0.048431396484375 0.11322021484375 -0.0591659545898437
0.285247802734375 -0.205718994140625 0.140190124511719 -0.122657775878906
0.04925537109375 -0.304840087890625 0.040863037109375 -0.231781005859375
-0.0943603515625 -0.3115234375 -0.0992431640625 -0.26641845703125
-0.05133056640625 -0.345977783203125 -0.0956573486328125 -0.23785400390625
-0.086669921875 -0.338623046875 -0.070068359375 -0.25030517578125
0.075225830078125 -0.324005126953125 0.00714111328125002 -0.181777954101563
0.285736083984375 -0.238677978515625 0.0191688537597656 -0.0595245361328125
0.4295654296875 0.00836181640625 -0.0806655883789062 -0.0993576049804688
0.28765869140625 0.40386962890625 -0.13653564453125 -0.213531494140625
0.0347900390625001 0.481201171875 -0.034912109375 -0.435272216796875
-0.195892333984375 0.50518798828125 0.29693603515625 -0.5252685546875
-0.2142333984375 0.66180419921875 -0.069976806640625 -0.18792724609375
0.0494384765625 0.589599609375 -0.0603599548339844 -0.0694694519042968
0.428680419921875 0.42718505859375 0.0804214477539063 0.00274658203125003
0.490447998046875 0.04119873046875 0.0810775756835938 -0.0549468994140625
0.372528076171875 -0.26788330078125 0.0961227416992188 -0.0727996826171875
0.07818603515625 -0.395233154296875 0.013092041015625 -0.124809265136719
-0.100128173828125 -0.396881103515625 -0.0636978149414063 -0.133697509765625
-0.0524902343750001 -0.437469482421875 -0.0358657836914063 -0.104179382324219
-0.092193603515625 -0.435211181640625 -0.020263671875 -0.112541198730469
0.10443115234375 -0.403472900390625 -0.00351715087890624 -0.0463142395019532
0.362396240234375 -0.30255126953125 -0.018869400024414 0.0329036712646484
0.545989990234375 -0.00244140625 -0.130279541015625 -0.0547409057617188
0.39434814453125 0.513641357421875 -0.15667724609375 -0.186935424804687
0.0654296875 0.6290283203125 -0.010101318359375 -0.34912109375
-0.24200439453125 0.68109130859375 0.225494384765625 -0.36566162109375
-0.1976318359375 0.7352294921875 -0.141098022460938 0.014984130859375
0.09869384765625 0.6531982421875 -0.0321807861328125 0.0654792785644532
0.500946044921875 0.447235107421875 0.0968856811523438 0.0158843994140625
0.543914794921875 0.018218994140625 0.0435714721679688 -0.0355300903320312
0.40460205078125 -0.29913330078125 0.0434074401855469 -0.00660705566406252
0.09271240234375 -0.4296875 -0.0125961303710937 0.00511932373046872
-0.092620849609375 -0.421630859375 -0.016510009765625 0.0214366912841797
-0.04583740234375 -0.463165283203125 0.0293350219726563 0.0462875366210937
-0.082061767578125 -0.46173095703125 0.0357017517089844 0.0427970886230468
0.12030029296875 -0.413482666015625 -0.0110702514648438 0.101799011230469
0.37969970703125 -0.3104248046875 -0.0570449829101562 0.129402160644531
0.56365966796875 -0.0013427734375 -0.16851806640625 0.00283813476562501
0.419769287109375 0.537872314453125 -0.159332275390625 -0.138992309570313
0.076171875 0.66650390625 0.0199737548828125 -0.221878051757813
-0.2572021484375 0.7423095703125 0.13824462890625 -0.158447265625
-0.1524658203125 0.699951171875 -0.203475952148438 0.23834228515625
0.13177490234375 0.6102294921875 0.00270080566406252 0.214981079101563
0.48565673828125 0.3916015625 0.105232238769531 0.0413894653320313
0.49969482421875 -0.0064697265625 0.00653648376464847 -0.00052022933959961
0.366119384765625 -0.27960205078125 -0.01153564453125 0.0668106079101562
0.089447021484375 -0.39520263671875 -0.0330734252929687 0.137763977050781
-0.071319580078125 -0.381805419921875 0.0347900390625 0.174041748046875
-0.033172607421875 -0.417022705078125 0.0895843505859375 0.188629150390625
-0.05810546875 -0.415740966796875 0.08526611328125 0.193222045898437
0.1201171875 -0.352447509765625 -0.0179595947265625 0.233062744140625
0.33355712890625 -0.252593994140625 -0.0924530029296875 0.204315185546875
0.474151611328125 0.016754150390625 -0.187484741210937 0.0546875
0.348846435546875 0.47406005859375 -0.142547607421875 -0.086090087890625
0.0537109375 0.58233642578125 0.0496749877929687 -0.082763671875
-0.23345947265625 0.67633056640625 0.0477714538574219 0.0532722473144532
-0.089080810546875 0.5458984375 -0.25140380859375 0.441802978515625
0.132904052734375 0.465179443359375 0.0313720703125 0.353546142578125
0.371826171875 0.27362060546875 0.104476928710938 0.0759506225585938
0.358978271484375 -0.02056884765625 -0.0185661315917969 0.0410385131835938
0.262985229492188 -0.204818725585937 -0.0568466186523437 0.125602722167969
0.07232666015625 -0.292938232421875 -0.0458984375 0.243408203125
-0.037841796875 -0.278671264648438 0.079681396484375 0.29925537109375
-0.01434326171875 -0.305023193359375 0.135101318359375 0.303497314453125
-0.02294921875 -0.30682373046875 0.11932373046875 0.312744140625
0.10247802734375 -0.237350463867188 -0.027984619140625 0.324737548828125
0.237823486328125 -0.153106689453125 -0.122787475585937 0.23968505859375
0.3095703125 0.03790283203125 -0.188079833984375 0.085235595703125
0.211822509765625 0.336944580078125 -0.113929748535156 -0.0425338745117187
0.019927978515625 0.40191650390625 0.067047119140625 0.03741455078125
-0.1776123046875 0.503753662109375 -0.0326690673828125 0.2344970703125
-0.015380859375 0.305877685546875 -0.28125 0.59344482421875
0.109573364257813 0.2454833984375 0.04852294921875 0.461334228515625
0.19720458984375 0.111587524414063 0.101509094238281 0.114151000976563
0.162750244140625 -0.0308074951171875 -0.0210418701171875 0.0736236572265625
0.117607116699219 -0.0962905883789062 -0.0828399658203125 0.153045654296875
0.0429840087890625 -0.1414794921875 -0.051910400390625 0.302581787109375
-0.000335693359375005 -0.131797790527344 0.11029052734375 0.37640380859375
0.006317138671875 -0.147216796875 0.16082763671875 0.3714599609375
0.014007568359375 -0.154373168945313 0.134857177734375 0.384063720703125
0.0711441040039063 -0.0966110229492188 -0.03741455078125 0.36578369140625
0.116561889648438 -0.04443359375 -0.142837524414063 0.236740112304688
0.119392395019531 0.0439605712890625 -0.175430297851563 0.0942535400390625
0.070037841796875 0.1590576171875 -0.0840530395507813 -0.015350341796875
-0.002471923828125 0.180526733398437 0.0692520141601563 0.1180419921875
-0.090057373046875 0.2662353515625 -0.090850830078125 0.356689453125
-0.0609779357910156 0.0139999389648438 0.045166015625 -0.463287353515625
-0.0166091918945312 0.0528793334960938 -0.0929718017578125 -0.2186279296875
0.0559539794921875 0.0367660522460938 0.0526657104492188 0.0169525146484375
0.0684738159179688 -0.0123786926269531 0.16064453125 -0.0685272216796875
0.0198822021484375 -0.0622787475585938 0.170059204101563 -0.19818115234375
-0.0402679443359375 -0.0357666015625 0.0487060546875 -0.354888916015625
-0.0557899475097656 -0.0252952575683594 -0.159637451171875 -0.39654541015625
-0.0318050384521484 -0.0251846313476562 -0.19122314453125 -0.374542236328125
-0.0393218994140625 -0.00473785400390625 -0.149169921875 -0.3834228515625
-0.0143775939941406 -0.0349597930908203 0.00744628906250004 -0.339019775390625
0.0266075134277344 -0.0272445678710938 0.0610198974609375 -0.178070068359375
0.0520172119140625 0.0157241821289063 -0.00263977050781249 -0.121849060058594
-0.0162544250488281 0.0426788330078125 -0.0986480712890625 -0.19293212890625
-0.0344181060791016 0.00903129577636719 -0.083984375 -0.444366455078125
-0.0356063842773438 -0.0453681945800781 0.32720947265625 -0.63885498046875
-0.126312255859375 0.27899169921875 0.026336669921875 -0.440216064453125
-0.00189208984375002 0.262542724609375 -0.0928497314453125 -0.215377807617187
0.19305419921875 0.195053100585938 0.0522537231445313 0.00355148315429689
0.230743408203125 0.0144500732421875 0.1357421875 -0.0654983520507813
0.156021118164063 -0.145462036132813 0.161056518554687 -0.167633056640625
-0.00146484375000001 -0.180419921875 0.045806884765625 -0.313323974609375
-0.08795166015625 -0.180145263671875 -0.14520263671875 -0.3546142578125
-0.05560302734375 -0.202194213867187 -0.1630859375 -0.33026123046875
-0.0780181884765625 -0.1851806640625 -0.1290283203125 -0.344512939453125
0.0242462158203125 -0.197265625 0.00210571289062501 -0.28741455078125
0.16131591796875 -0.150619506835938 0.0473251342773438 -0.134895324707031
0.257415771484375 0.0016326904296875 -0.0398025512695312 -0.119667053222656
0.153518676757813 0.232452392578125 -0.12188720703125 -0.209457397460938
0.00993347167968749 0.261383056640625 -0.072845458984375 -0.465423583984375
-0.11053466796875 0.254974365234375 0.31622314453125 -0.63214111328125
-0.1697998046875 0.5093994140625 -0.0211181640625 -0.344970703125
0.02923583984375 0.44976806640625 -0.0869903564453125 -0.163665771484375
0.32623291015625 0.3245849609375 0.0620269775390625 -0.00491714477539061
0.3792724609375 0.02825927734375 0.109146118164063 -0.0664215087890625
0.275390625 -0.222320556640625 0.1346435546875 -0.132156372070313
0.034637451171875 -0.307037353515625 0.029205322265625 -0.237197875976563
-0.110626220703125 -0.308868408203125 -0.116500854492188 -0.26171875
-0.071319580078125 -0.348663330078125 -0.111587524414062 -0.234970092773438
-0.1041259765625 -0.336639404296875 -0.08709716796875 -0.250411987304688
0.0594482421875 -0.33038330078125 -0.00286865234375001 -0.185394287109375
0.276687622070313 -0.2562255859375 0.0196304321289063 -0.0615043640136719
0.4354248046875 -0.016265869140625 -0.0894622802734375 -0.0950241088867188
0.3134765625 0.39373779296875 -0.148361206054688 -0.206954956054688
0.0577392578125 0.48382568359375 -0.054290771484375 -0.436065673828125
-0.170928955078125 0.51904296875 0.276702880859375 -0.542938232421875
-0.181396484375 0.677490234375 -0.0816192626953125 -0.185440063476563
0.07977294921875 0.58978271484375 -0.0661697387695313 -0.0658721923828124
0.454132080078125 0.405792236328125 0.0794143676757813 -0.00601959228515623
0.495635986328125 0.01702880859375 0.0780715942382813 -0.0615997314453125
0.36083984375 -0.290618896484375 0.0925979614257813 -0.0806655883789063
0.058013916015625 -0.399749755859375 0.00708770751953127 -0.127578735351563
-0.120147705078125 -0.39398193359375 -0.073211669921875 -0.128761291503906
-0.078582763671875 -0.442108154296875 -0.0437774658203125 -0.103622436523438
-0.11724853515625 -0.4344482421875 -0.0284957885742188 -0.115394592285156
0.08544921875 -0.41107177734375 -0.00565719604492187 -0.0471343994140625
0.35009765625 -0.3223876953125 -0.0153312683105469 0.0329799652099609
0.549835205078125 -0.03167724609375 -0.137367248535156 -0.0482025146484375
0.426849365234375 0.497344970703125 -0.166213989257813 -0.179473876953125
0.09722900390625 0.6328125 -0.025848388671875 -0.351837158203125
-0.2091064453125 0.70025634765625 0.21173095703125 -0.378387451171875
-0.1627197265625 0.75213623046875 -0.141738891601563 0.022216796875
0.1337890625 0.65283203125 -0.030029296875 0.0690383911132813
0.530517578125 0.4224853515625 0.0970840454101563 0.00612640380859378
0.54833984375 -0.009735107421875 0.0415077209472657 -0.0412521362304688
0.391998291015625 -0.324676513671875 0.0418205261230469 -0.0105781555175781
0.07147216796875 -0.437164306640625 -0.0127229690551758 0.00632476806640622
-0.113555908203125 -0.420989990234375 -0.0163841247558594 0.025369644165039
-0.0738525390624999 -0.4671630859375 0.0315895080566406 0.043212890625
-0.109649658203125 -0.46234130859375 0.0369148254394531 0.0383033752441406
0.100433349609375 -0.422576904296875 -0.00525665283203125 0.102912902832031
0.36773681640625 -0.330780029296875 -0.0495986938476562 0.132743835449219
0.56878662109375 -0.03192138671875 -0.172698974609375 0.012115478515625
0.454742431640625 0.52081298828125 -0.165573120117187 -0.131515502929687
0.10888671875 0.66937255859375 0.0110931396484375 -0.2271728515625
-0.22113037109375 0.76263427734375 0.132980346679688 -0.167251586914062
-0.1180419921875 0.71368408203125 -0.193084716796875 0.249710083007813
0.165771484375 0.6092529296875 0.0145416259765625 0.21844482421875
0.51324462890625 0.3680419921875 0.107818603515625 0.0324783325195313
0.50482177734375 -0.03253173828125 0.00709533691406253 -0.0047307014465332
0.353607177734375 -0.304718017578125 -0.00997543334960935 0.0652503967285156
0.069305419921875 -0.402587890625 -0.026763916015625 0.14202880859375
-0.090576171875 -0.3809814453125 0.044830322265625 0.177322387695313
-0.058349609375 -0.42071533203125 0.101211547851562 0.184402465820312
-0.081634521484375 -0.416290283203125 0.0963134765625 0.186782836914063
0.10272216796875 -0.360595703125 -0.00495910644531248 0.236663818359375
0.3233642578125 -0.27130126953125 -0.082061767578125 0.209671020507812
0.47918701171875 -0.008453369140625 -0.188446044921875 0.0650634765625
0.376678466796875 0.459075927734375 -0.145492553710937 -0.07916259765625
0.0826416015625001 0.58575439453125 0.046539306640625 -0.0891571044921875
-0.20306396484375 0.696533203125 0.0516395568847656 0.0506744384765625
-0.0629577636718751 0.55621337890625 -0.23175048828125 0.456878662109375
0.15887451171875 0.46148681640625 0.050872802734375 0.355926513671875
0.391448974609375 0.255889892578125 0.109970092773438 0.0690994262695313
0.362548828125 -0.039947509765625 -0.0155563354492187 0.0380973815917969
0.254074096679688 -0.222564697265625 -0.0530319213867187 0.127494812011719
0.057861328125 -0.29913330078125 -0.034454345703125 0.25115966796875
-0.051513671875 -0.278854370117188 0.09796142578125 0.300994873046875
-0.03271484375 -0.307861328125 0.155029296875 0.2977294921875
-0.040863037109375 -0.308135986328125 0.13812255859375 0.3055419921875
0.09228515625 -0.243698120117187 -0.00921630859375 0.329803466796875
0.23126220703125 -0.165374755859375 -0.111114501953125 0.247756958007813
0.31378173828125 0.022430419921875 -0.185562133789062 0.0955810546875
0.233306884765625 0.327423095703125 -0.113822937011719 -0.0379104614257812
0.038482666015625 0.4046630859375 0.070404052734375 0.0303726196289063
-0.152801513671875 0.518218994140625 -0.0219879150390625 0.235870361328125
-0.000274658203124973 0.310882568359375 -0.25341796875 0.609619140625
0.12286376953125 0.242172241210938 0.074249267578125 0.46258544921875
0.20709228515625 0.10321044921875 0.110015869140625 0.108909606933594
0.16363525390625 -0.0393829345703125 -0.0159835815429687 0.0713348388671875
0.113349914550781 -0.104713439941406 -0.0778961181640625 0.15704345703125
0.03582763671875 -0.146072387695313 -0.037353515625 0.31097412109375
-0.00598907470703126 -0.133087158203125 0.133331298828125 0.376617431640625
-0.00196838378906249 -0.149429321289063 0.183746337890625 0.36529541015625
0.0038604736328125 -0.156890869140625 0.156219482421875 0.37823486328125
0.067169189453125 -0.100440979003906 -0.016876220703125 0.371795654296875
0.114471435546875 -0.049896240234375 -0.132308959960938 0.245498657226563
0.122108459472656 0.0382232666015625 -0.171066284179688 0.103729248046875
0.0802154541015625 0.154754638671875 -0.0834884643554688 -0.0123367309570312
0.00660705566406249 0.182052612304687 0.0753860473632813 0.111236572265625
-0.0768585205078125 0.275283813476562 -0.074432373046875 0.361541748046875
-0.05841064453125 0.0165672302246094 0.021697998046875 -0.4581298828125
-0.0146293640136719 0.0530166625976563 -0.10467529296875 -0.209243774414062
0.0548362731933594 0.0339775085449219 0.0515861511230469 0.0126495361328125
0.0668220520019531 -0.0149612426757813 0.152847290039063 -0.07452392578125
0.01605224609375 -0.0618362426757812 0.158737182617188 -0.204254150390625
-0.0405845642089844 -0.0319023132324219 0.030120849609375 -0.355865478515625
-0.0559654235839844 -0.0217628479003906 -0.17962646484375 -0.382110595703125
-0.0332069396972656 -0.0243988037109375 -0.210540771484375 -0.357666015625
-0.0370025634765625 -0.00260925292968751 -0.169586181640625 -0.369964599609375
-0.0162887573242187 -0.03350830078125 -0.01165771484375 -0.337799072265625
0.0247554779052734 -0.0291423797607422 0.0536041259765625 -0.178131103515625
0.051483154296875 0.0122566223144531 -0.010589599609375 -0.117851257324219
-0.014068603515625 0.0435829162597656 -0.109359741210938 -0.182876586914063
-0.0332508087158203 0.00896072387695313 -0.1038818359375 -0.431640625
-0.0368881225585938 -0.044342041015625 0.29486083984375 -0.64239501953125
-0.11016845703125 0.280563354492188 0.00262451171875002 -0.4332275390625
0.0098724365234375 0.257781982421875 -0.105087280273438 -0.2059326171875
0.198165893554687 0.181854248046875 0.0499839782714844 -0.00180816650390624
0.22802734375 0.003631591796875 0.128623962402344 -0.072052001953125
0.145858764648437 -0.15081787109375 0.150848388671875 -0.174575805664063
-0.0098419189453125 -0.176132202148438 0.029571533203125 -0.313720703125
-0.095306396484375 -0.172500610351562 -0.16351318359375 -0.34173583984375
-0.067047119140625 -0.198562622070313 -0.181793212890625 -0.316162109375
-0.08502197265625 -0.179061889648438 -0.147918701171875 -0.333587646484375
0.0145416259765625 -0.194366455078125 -0.013580322265625 -0.285247802734375
0.151641845703125 -0.1575927734375 0.0421829223632813 -0.135604858398437
0.253982543945313 -0.012664794921875 -0.0482330322265625 -0.113777160644531
0.1649169921875 0.221435546875 -0.1309814453125 -0.199325561523438
0.0215911865234375 0.255722045898438 -0.091888427734375 -0.4537353515625
-0.0964813232421875 0.2568359375 0.2862548828125 -0.6348876953125
-0.14154052734375 0.50933837890625 -0.03851318359375 -0.33642578125
0.0504455566406251 0.4400634765625 -0.0958099365234375 -0.154983520507812
0.33917236328125 0.3028564453125 0.0584869384765625 -0.0114097595214844
0.374237060546875 0.01025390625 0.102249145507813 -0.0722427368164063
0.259658813476562 -0.232894897460937 0.126296997070313 -0.13739013671875
0.018463134765625 -0.302215576171875 0.0164031982421875 -0.236587524414063
-0.123870849609375 -0.297943115234375 -0.130355834960938 -0.249465942382813
-0.09100341796875 -0.343231201171875 -0.125717163085938 -0.22564697265625
-0.12115478515625 -0.325469970703125 -0.102157592773438 -0.244049072265625
0.04205322265625 -0.327484130859375 -0.0129241943359375 -0.183944702148438
0.26007080078125 -0.267303466796875 0.0188484191894531 -0.0630912780761719
0.428955078125 -0.039215087890625 -0.0968399047851562 -0.0877609252929687
0.330963134765625 0.371307373046875 -0.155960083007812 -0.195648193359375
0.080047607421875 0.474212646484375 -0.0732421875 -0.42706298828125
-0.1424560546875 0.5216064453125 0.249237060546875 -0.545074462890625
-0.14422607421875 0.6749267578125 -0.0897979736328125 -0.177047729492188
0.10797119140625 0.57745361328125 -0.0700569152832031 -0.0590476989746094
0.467376708984375 0.374542236328125 0.0758438110351563 -0.013824462890625
0.48956298828125 -0.009429931640625 0.0718154907226563 -0.0678253173828125
0.3385009765625 -0.30511474609375 0.0862503051757813 -0.0851516723632813
0.037689208984375 -0.394561767578125 0.000595092773437505 -0.12603759765625
-0.13824462890625 -0.382080078125 -0.0793380737304688 -0.1202392578125
-0.102508544921875 -0.434783935546875 -0.0511322021484375 -0.100326538085938
-0.138031005859375 -0.422088623046875 -0.0379104614257812 -0.115020751953125
0.063720703125 -0.40863037109375 -0.00809478759765624 -0.0471038818359375
0.329498291015625 -0.337982177734375 -0.0109806060791015 0.031982421875
0.542022705078125 -0.060089111328125 -0.141647338867187 -0.0391387939453125
0.448272705078125 0.468292236328125 -0.171371459960938 -0.168777465820313
0.12384033203125 0.6192626953125 -0.041534423828125 -0.347564697265625
-0.170654296875 0.69921875 0.193328857421875 -0.381988525390625
-0.12371826171875 0.74822998046875 -0.138969421386719 0.0292434692382813
0.16668701171875 0.6351318359375 -0.0262527465820312 0.0711822509765626
0.54644775390625 0.38775634765625 0.0944061279296875 -0.00233459472656248
0.540252685546875 -0.03936767578125 0.03729248046875 -0.0466232299804688
0.36968994140625 -0.340911865234375 0.0386314392089844 -0.0148963928222656
0.0479736328125 -0.433380126953125 -0.0122613906860352 0.00776004791259763
-0.133270263671875 -0.40869140625 -0.0143680572509766 0.0292396545410156
-0.0999755859375 -0.459442138671875 0.0323143005371094 0.0404090881347656
-0.13262939453125 -0.4488525390625 0.0348987579345703 0.0324344635009765
0.078704833984375 -0.421112060546875 0.0013275146484375 0.102012634277344
0.34564208984375 -0.343963623046875 -0.0406646728515625 0.132011413574219
0.559600830078125 -0.06011962890625 -0.172454833984375 0.0214080810546875
0.47772216796875 0.4879150390625 -0.16766357421875 -0.121856689453125
0.13690185546875 0.65655517578125 0.000717163085937513 -0.226959228515625
-0.1778564453125 0.76361083984375 0.124114990234375 -0.171112060546875
-0.0821533203125 0.70867919921875 -0.177536010742188 0.253890991210938
0.19366455078125 0.592529296875 0.0259552001953125 0.215774536132813
0.525848388671875 0.33563232421875 0.107139587402344 0.0230865478515625
0.49688720703125 -0.0576171875 0.00585079193115237 -0.00906944274902344
0.332855224609375 -0.321044921875 -0.00874710083007811 0.0629653930664063
0.047119140625 -0.399444580078125 -0.0189361572265625 0.143478393554687
-0.10736083984375 -0.37103271484375 0.0545654296875 0.175247192382812
-0.08135986328125 -0.41357421875 0.109466552734375 0.17535400390625
-0.10406494140625 -0.405548095703125 0.10321044921875 0.175155639648437
0.083526611328125 -0.35943603515625 0.00965881347656251 0.233901977539063
0.3050537109375 -0.28253173828125 -0.0699310302734375 0.210128784179687
0.472991943359375 -0.032867431640625 -0.184188842773437 0.0742950439453125
0.397430419921875 0.43048095703125 -0.145172119140625 -0.072265625
0.10723876953125 0.5733642578125 0.0420303344726563 -0.0935897827148437
-0.16412353515625 0.69683837890625 0.0530586242675781 0.046173095703125
-0.0341491699218751 0.552001953125 -0.206024169921875 0.458709716796875
0.179351806640625 0.448272705078125 0.069305419921875 0.348541259765625
0.402252197265625 0.23193359375 0.112037658691406 0.0602951049804688
0.356964111328125 -0.0579833984375 -0.01324462890625 0.0338344573974609
0.2386474609375 -0.234619140625 -0.0478897094726562 0.1265869140625
0.04107666015625 -0.297210693359375 -0.021087646484375 0.252365112304688
-0.0635528564453125 -0.272933959960938 0.114410400390625 0.294830322265625
-0.049835205078125 -0.30316162109375 0.17010498046875 0.28375244140625
-0.058502197265625 -0.300872802734375 0.152099609375 0.291107177734375
0.078765869140625 -0.244033813476562 0.00988769531250003 0.327178955078125
0.219512939453125 -0.17230224609375 -0.09747314453125 0.249069213867188
0.3099365234375 0.00567626953125 -0.178268432617187 0.103424072265625
0.247894287109375 0.308441162109375 -0.111618041992187 -0.0332260131835937
0.0570068359375 0.396881103515625 0.0704421997070313 0.02203369140625
-0.1231689453125 0.5206298828125 -0.011199951171875 0.231201171875
0.014556884765625 0.30743408203125 -0.21954345703125 0.60980224609375
0.13287353515625 0.233016967773437 0.098541259765625 0.453033447265625
0.211700439453125 0.0915985107421875 0.114990234375 0.101341247558594
0.160995483398438 -0.047210693359375 -0.0118789672851562 0.0672721862792969
0.106559753417969 -0.110969543457031 -0.071624755859375 0.15728759765625
0.027374267578125 -0.146255493164063 -0.0213623046875 0.311798095703125
-0.0113449096679688 -0.131431579589844 0.1541748046875 0.367340087890625
-0.0106964111328125 -0.147109985351563 0.20355224609375 0.349884033203125
-0.00559997558593751 -0.1546630859375 0.17535400390625 0.361175537109375
0.061492919921875 -0.101882934570313 0.00476074218750002 0.36846923828125
0.109580993652344 -0.0536270141601563 -0.118942260742188 0.249496459960938
0.121795654296875 0.0308685302734375 -0.161788940429688 0.11065673828125
0.087799072265625 0.146591186523438 -0.0809707641601562 -0.009613037109375
0.01483154296875 0.178909301757812 0.0790786743164063 0.101776123046875
-0.061798095703125 0.277145385742187 -0.057403564453125 0.35797119140625
-0.0558204650878906 0.0168914794921875 0.00735473632812501 -0.44464111328125
-0.0138778686523438 0.0516777038574219 -0.110076904296875 -0.19891357421875
0.052581787109375 0.0324821472167969 0.0492744445800781 0.00957489013671875
0.0641708374023438 -0.0161209106445313 0.145309448242188 -0.0765228271484375
0.0136642456054688 -0.0599784851074219 0.148895263671875 -0.205322265625
-0.0389213562011719 -0.028045654296875 0.01800537109375 -0.350311279296875
-0.0550003051757813 -0.0190277099609375 -0.190338134765625 -0.366302490234375
-0.0333251953125 -0.0232486724853516 -0.219940185546875 -0.34027099609375
-0.0344467163085938 -0.00189018249511718 -0.178802490234375 -0.354583740234375
-0.0165348052978516 -0.0319499969482422 -0.024383544921875 -0.331146240234375
0.0224533081054688 -0.0295162200927734 0.0487060546875 -0.175506591796875
0.0501937866210937 0.00942611694335937 -0.015106201171875 -0.111991882324219
-0.0120048522949219 0.0436325073242187 -0.113525390625 -0.171417236328125
-0.0324020385742188 0.00717163085937501 -0.11248779296875 -0.413787841796875
-0.0366172790527344 -0.042999267578125 0.272705078125 -0.63104248046875
-0.098358154296875 0.27496337890625 -0.00967407226562496 -0.419708251953125
0.0167388916015625 0.250259399414063 -0.110687255859375 -0.195098876953125
0.197479248046875 0.171676635742188 0.04620361328125 -0.00543212890624999
0.222122192382813 -0.0028533935546875 0.120903015136719 -0.0739669799804688
0.136810302734375 -0.151214599609375 0.14129638671875 -0.175643920898438
-0.0136871337890625 -0.1690673828125 0.017669677734375 -0.30865478515625
-0.097808837890625 -0.164810180664062 -0.172607421875 -0.326080322265625
-0.0728759765625 -0.193023681640625 -0.19024658203125 -0.3011474609375
-0.0877532958984375 -0.171875 -0.15802001953125 -0.3204345703125
0.00794982910156249 -0.18963623046875 -0.02435302734375 -0.280532836914063
0.1431884765625 -0.1590576171875 0.0393905639648438 -0.134712219238281
0.24755859375 -0.02130126953125 -0.0527496337890625 -0.107429504394531
0.16912841796875 0.211090087890625 -0.134078979492187 -0.187545776367188
0.028778076171875 0.248260498046875 -0.10089111328125 -0.4384765625
-0.0859222412109375 0.25201416015625 0.2637939453125 -0.6251220703125
-0.12115478515625 0.499847412109375 -0.047271728515625 -0.3243408203125
0.061187744140625 0.426177978515625 -0.0998687744140625 -0.145217895507812
0.338623046875 0.283660888671875 0.0542793273925781 -0.0154190063476562
0.36517333984375 -0.0010986328125 0.0949630737304688 -0.0752029418945312
0.244415283203125 -0.234664916992188 0.118797302246094 -0.138916015625
0.00952148437499999 -0.29302978515625 0.00856018066406252 -0.232330322265625
-0.12884521484375 -0.28594970703125 -0.135879516601563 -0.237014770507813
-0.102508544921875 -0.333099365234375 -0.133087158203125 -0.215087890625
-0.12860107421875 -0.31378173828125 -0.111785888671875 -0.234527587890625
0.031036376953125 -0.319732666015625 -0.019439697265625 -0.180953979492188
0.245925903320312 -0.269363403320313 0.01849365234375 -0.0631484985351563
0.4178466796875 -0.052154541015625 -0.100364685058594 -0.080047607421875
0.337158203125 0.3525390625 -0.157379150390625 -0.184829711914062
0.090484619140625 0.45947265625 -0.0802001953125 -0.413909912109375
-0.123504638671875 0.511474609375 0.232025146484375 -0.53680419921875
-0.11962890625 0.66094970703125 -0.0928955078125 -0.169052124023437
0.122406005859375 0.55657958984375 -0.070831298828125 -0.0532150268554687
0.466583251953125 0.34832763671875 0.0715103149414063 -0.0187835693359375
0.475738525390625 -0.02276611328125 0.0654678344726563 -0.0701751708984375
0.319793701171875 -0.307342529296875 0.0814895629882813 -0.0874786376953125
0.02557373046875 -0.382843017578125 -0.00373840332031251 -0.123146057128906
-0.145477294921875 -0.3670654296875 -0.080810546875 -0.112457275390625
-0.118194580078125 -0.422454833984375 -0.055755615234375 -0.0952911376953125
-0.14892578125 -0.406005859375 -0.0450057983398438 -0.112037658691406
0.0499267578125 -0.39874267578125 -0.00873947143554687 -0.0469818115234375
0.31170654296875 -0.33929443359375 -0.00746536254882811 0.02996826171875
0.52740478515625 -0.07684326171875 -0.142868041992188 -0.0314178466796875
0.4544677734375 0.441802978515625 -0.17022705078125 -0.159637451171875
0.13824462890625 0.601806640625 -0.048248291015625 -0.338775634765625
-0.144775390625 0.687744140625 0.180877685546875 -0.377716064453125
-0.096435546875 0.73089599609375 -0.134185791015625 0.0321807861328125
0.180419921875 0.6134033203125 -0.0231246948242187 0.0716934204101563
0.5439453125 0.358917236328125 0.0907211303710938 -0.00857543945312498
0.52587890625 -0.053924560546875 0.0332145690917969 -0.0498771667480469
0.346649169921875 -0.34515380859375 0.0360755920410156 -0.0174636840820313
0.033203125 -0.4210205078125 -0.0112113952636719 0.00862979888916013
-0.14105224609375 -0.394683837890625 -0.0111465454101563 0.0314769744873047
-0.11541748046875 -0.447174072265625 0.0313987731933594 0.0382347106933593
-0.146240234375 -0.4329833984375 0.0319499969482422 0.0286083221435547
0.063079833984375 -0.411376953125 0.00610351562500001 0.0985794067382812
0.32769775390625 -0.345672607421875 -0.0341644287109375 0.127738952636719
0.545501708984375 -0.07720947265625 -0.170578002929687 0.0275726318359375
0.481903076171875 0.459930419921875 -0.1651611328125 -0.115493774414062
0.15185546875 0.63555908203125 -0.00538635253906247 -0.224624633789063
-0.15069580078125 0.75054931640625 0.117462158203125 -0.170455932617187
-0.05792236328125 0.69342041015625 -0.165176391601563 0.251693725585938
0.20806884765625 0.571044921875 0.03338623046875 0.210479736328125
0.52557373046875 0.309814453125 0.104957580566406 0.016326904296875
0.48236083984375 -0.0728759765625 0.00395107269287113 -0.0136241912841797
0.31402587890625 -0.3243408203125 -0.0082283020019531 0.059906005859375
0.03424072265625 -0.38970947265625 -0.0138092041015625 0.14227294921875
-0.11553955078125 -0.359283447265625 0.0618743896484375 0.171981811523437
-0.095947265625 -0.40264892578125 0.112518310546875 0.166412353515625
-0.11627197265625 -0.391265869140625 0.103439331054688 0.1649169921875
0.07183837890625 -0.352203369140625 0.0195159912109375 0.22833251953125
0.28948974609375 -0.283843994140625 -0.0603485107421875 0.206573486328125
0.459930419921875 -0.0472412109375 -0.179046630859375 0.078948974609375
0.403167724609375 0.406646728515625 -0.141769409179687 -0.0681457519531249
0.1204833984375 0.5550537109375 0.0384902954101563 -0.09716796875
-0.1383056640625 0.6849365234375 0.05255126953125 0.0424118041992188
-0.0164794921875 0.540374755859375 -0.18634033203125 0.45025634765625
0.1881103515625 0.431610107421875 0.08050537109375 0.33819580078125
0.40155029296875 0.21307373046875 0.111572265625 0.0535354614257813
0.34722900390625 -0.0679931640625 -0.0132503509521484 0.0297908782958984
0.225204467773438 -0.237747192382813 -0.0452880859375 0.123237609863281
0.03033447265625 -0.29083251953125 -0.0123138427734375 0.249359130859375
-0.0691680908203125 -0.265487670898438 0.1248779296875 0.285980224609375
-0.05987548828125 -0.294891357421875 0.17608642578125 0.270095825195313
-0.068206787109375 -0.2904052734375 0.156341552734375 0.276107788085938
0.06982421875 -0.238937377929688 0.0224609375 0.318817138671875
0.209152221679687 -0.17376708984375 -0.087127685546875 0.24578857421875
0.301788330078125 -0.003753662109375 -0.17120361328125 0.10626220703125
0.252349853515625 0.291046142578125 -0.108634948730469 -0.03173828125
0.065887451171875 0.38519287109375 0.068115234375 0.0149116516113282
-0.105682373046875 0.512237548828125 -0.00570678710937499 0.224166870117188
0.0228271484375 0.30010986328125 -0.19586181640625 0.59564208984375
0.136764526367187 0.22357177734375 0.11260986328125 0.437652587890625
0.211257934570312 0.08282470703125 0.116783142089844 0.0942459106445313
0.156143188476563 -0.0514678955078125 -0.00943374633789061 0.0622940063476563
0.101089477539063 -0.1124267578125 -0.067108154296875 0.154525756835937
0.02166748046875 -0.144454956054688 -0.0101318359375 0.309234619140625
-0.0141677856445313 -0.129005432128906 0.165985107421875 0.35382080078125
-0.015411376953125 -0.14306640625 0.212738037109375 0.33319091796875
-0.012451171875 -0.149017333984375 0.183837890625 0.343994140625
0.0571823120117188 -0.100837707519531 0.018798828125 0.359710693359375
0.104721069335938 -0.0540008544921875 -0.108566284179688 0.247146606445313
0.119277954101563 0.0269622802734375 -0.153823852539063 0.11224365234375
0.0911331176757813 0.1385498046875 -0.0776748657226562 -0.00950622558593748
0.01995849609375 0.17413330078125 0.0784149169921875 0.0929412841796875
-0.0513916015625 0.272979736328125 -0.048675537109375 0.347869873046875
-0.0540390014648438 0.0166091918945313 0.00231933593749998 -0.4359130859375
-0.0140037536621094 0.051239013671875 -0.111801147460938 -0.191558837890625
0.0510826110839844 0.0324325561523438 0.0470046997070313 0.00844192504882813
0.0636482238769531 -0.0156707763671875 0.140762329101563 -0.076507568359375
0.0128936767578125 -0.057830810546875 0.14459228515625 -0.205062866210938
-0.0370712280273438 -0.0260276794433594 0.011871337890625 -0.3472900390625
-0.0531501770019531 -0.0170211791992188 -0.195465087890625 -0.357177734375
-0.0336589813232422 -0.0230598449707031 -0.222686767578125 -0.329925537109375
-0.0324420928955078 -0.00244140624999999 -0.182647705078125 -0.3463134765625
-0.0170516967773438 -0.0309848785400391 -0.030059814453125 -0.326995849609375
0.020965576171875 -0.0306129455566406 0.04815673828125 -0.17437744140625
0.0492591857910156 0.00776290893554688 -0.0169906616210937 -0.107635498046875
-0.0110282897949219 0.0431480407714844 -0.1143798828125 -0.164566040039063
-0.0322704315185547 0.00533294677734374 -0.113250732421875 -0.404510498046875
-0.0360298156738281 -0.0428390502929687 0.26837158203125 -0.619384765625
-0.09307861328125 0.27008056640625 -0.013397216796875 -0.40960693359375
0.0180206298828125 0.244949340820313 -0.112136840820313 -0.1868896484375
0.19537353515625 0.1658935546875 0.043487548828125 -0.00719833374023436
0.2183837890625 -0.004241943359375 0.116111755371094 -0.07427978515625
0.132598876953125 -0.149276733398438 0.137725830078125 -0.175704956054688
-0.0135040283203125 -0.164337158203125 0.013275146484375 -0.305755615234375
-0.0975799560546875 -0.160400390625 -0.17633056640625 -0.31732177734375
-0.07659912109375 -0.190521240234375 -0.194183349609375 -0.29150390625
-0.0877838134765625 -0.168548583984375 -0.162811279296875 -0.312469482421875
0.00567626953124999 -0.186080932617188 -0.0289764404296875 -0.2767333984375
0.139236450195313 -0.159881591796875 0.0392074584960938 -0.134559631347656
0.243576049804688 -0.024627685546875 -0.0552902221679688 -0.102165222167969
0.170089721679687 0.205184936523437 -0.133865356445313 -0.181488037109375
0.02935791015625 0.2427978515625 -0.101287841796875 -0.42840576171875
-0.0813140869140625 0.248153686523438 0.25860595703125 -0.6158447265625
-0.1143798828125 0.489013671875 -0.049224853515625 -0.3165283203125
0.0628662109375 0.41729736328125 -0.100120544433594 -0.138389587402344
0.334930419921875 0.27392578125 0.051788330078125 -0.0187263488769531
0.35833740234375 -0.0050048828125 0.0898361206054688 -0.0755462646484375
0.237197875976563 -0.234222412109375 0.115043640136719 -0.13958740234375
0.00799560546875001 -0.285369873046875 0.00546264648437501 -0.229354858398438
-0.129531860351562 -0.279525756835938 -0.137237548828125 -0.229995727539063
-0.1075439453125 -0.329315185546875 -0.13592529296875 -0.207412719726563
-0.129974365234375 -0.307830810546875 -0.117050170898437 -0.229354858398438
0.02734375 -0.313446044921875 -0.0220794677734375 -0.17901611328125
0.238922119140625 -0.269241333007813 0.0191688537597656 -0.0648155212402344
0.411041259765625 -0.05780029296875 -0.102119445800781 -0.0744857788085937
0.336181640625 0.3421630859375 -0.15582275390625 -0.179473876953125
0.092071533203125 0.451080322265625 -0.08172607421875 -0.407684326171875
-0.116058349609375 0.5042724609375 0.227264404296875 -0.52947998046875
-0.110107421875 0.65020751953125 -0.0920562744140625 -0.1639404296875
0.1259765625 0.545562744140625 -0.0699119567871094 -0.0490608215332031
0.4638671875 0.33624267578125 0.0683021545410157 -0.0221138000488281
0.466949462890625 -0.02764892578125 0.0607528686523438 -0.0714797973632813
0.31011962890625 -0.307525634765625 0.0779876708984375 -0.0889968872070313
0.022003173828125 -0.374755859375 -0.00478363037109374 -0.121604919433594
-0.1466064453125 -0.359222412109375 -0.0799560546875 -0.107376098632813
-0.124908447265625 -0.41607666015625 -0.0576248168945313 -0.0919723510742188
-0.152191162109375 -0.3970947265625 -0.0500411987304688 -0.109725952148438
0.045166015625 -0.391571044921875 -0.00936508178710937 -0.0470504760742188
0.303314208984375 -0.339080810546875 -0.00573539733886717 0.0280418395996094
0.519256591796875 -0.082183837890625 -0.143951416015625 -0.026275634765625
0.454559326171875 0.4276123046875 -0.16827392578125 -0.155517578125
0.14080810546875 0.5906982421875 -0.04962158203125 -0.334625244140625
-0.1351318359375 0.6787109375 0.176605224609375 -0.37164306640625
-0.0865478515625 0.71929931640625 -0.130622863769531 0.0327606201171876
0.18426513671875 0.59967041015625 -0.0207366943359375 0.072540283203125
0.54052734375 0.344390869140625 0.0881195068359375 -0.0123214721679687
0.516082763671875 -0.05743408203125 0.0290756225585938 -0.0526580810546875
0.336334228515625 -0.345977783203125 0.0344333648681641 -0.0193576812744141
0.027801513671875 -0.412445068359375 -0.0102987289428711 0.00883007049560544
-0.14227294921875 -0.387115478515625 -0.00820541381835938 0.0326423645019531
-0.123199462890625 -0.4405517578125 0.0307693481445312 0.0377578735351562
-0.1500244140625 -0.42303466796875 0.0277080535888672 0.0273056030273437
0.058380126953125 -0.403900146484375 0.0081939697265625 0.096649169921875
0.31903076171875 -0.345947265625 -0.03082275390625 0.12530517578125
0.5364990234375 -0.0831298828125 -0.169967651367187 0.031951904296875
0.4808349609375 0.4449462890625 -0.162567138671875 -0.113037109375
0.15423583984375 0.62518310546875 -0.00665283203124999 -0.22381591796875
-0.14129638671875 0.73968505859375 0.114593505859375 -0.16845703125
-0.05010986328125 0.68133544921875 -0.158782958984375 0.246353149414063
0.209381103515625 0.56011962890625 0.0370941162109375 0.20684814453125
0.5230712890625 0.296051025390625 0.103172302246094 0.0120849609375
0.473480224609375 -0.077484130859375 0.00140190124511722 -0.0166587829589844
0.30303955078125 -0.325439453125 -0.00914001464843748 0.0578765869140625
0.02935791015625 -0.3824462890625 -0.0103302001953125 0.141571044921875
-0.116790771484375 -0.35321044921875 0.067230224609375 0.169525146484375
-0.102813720703125 -0.39630126953125 0.11383056640625 0.161956787109375
-0.12091064453125 -0.381988525390625 0.100906372070312 0.159713745117187
0.067657470703125 -0.34515380859375 0.0234832763671875 0.224029541015625
0.28228759765625 -0.2823486328125 -0.056549072265625 0.202972412109375
0.45257568359375 -0.0513916015625 -0.177505493164063 0.0812835693359375
0.403106689453125 0.394256591796875 -0.138824462890625 -0.0679397583007812
0.12445068359375 0.545654296875 0.0361328125 -0.0997543334960937
-0.1282958984375 0.67620849609375 0.0508689880371094 0.0410575866699219
-0.01116943359375 0.5321044921875 -0.1790771484375 0.440673828125
0.191314697265625 0.423492431640625 0.0855712890625 0.332000732421875
0.39910888671875 0.203826904296875 0.111297607421875 0.04913330078125
0.34100341796875 -0.07135009765625 -0.0140514373779297 0.0258007049560547
0.21875 -0.2391357421875 -0.0447540283203125 0.121368408203125
0.026763916015625 -0.286224365234375 -0.00810241699218749 0.248001098632813
-0.07080078125 -0.261322021484375 0.131317138671875 0.28070068359375
-0.064697265625 -0.289947509765625 0.17828369140625 0.262863159179688
-0.072479248046875 -0.283355712890625 0.156173706054688 0.267288208007813
0.0672760009765625 -0.235275268554688 0.028472900390625 0.3133544921875
0.20404052734375 -0.172897338867188 -0.0827789306640625 0.242691040039063
0.297332763671875 -0.007293701171875 -0.168167114257813 0.107528686523437
0.252212524414062 0.281143188476563 -0.106132507324219 -0.0324020385742188
0.06805419921875 0.37908935546875 0.0655517578125 0.0097312927246094
-0.098358154296875 0.505096435546875 -0.00651550292968753 0.220199584960938
0.024871826171875 0.2962646484375 -0.1875 0.58453369140625
0.13677978515625 0.219802856445313 0.117218017578125 0.426513671875
0.210067749023438 0.0792083740234375 0.117652893066406 0.0900421142578125
0.153289794921875 -0.053558349609375 -0.00947189331054687 0.05877685546875
0.0978775024414063 -0.113990783691406 -0.0666351318359375 0.152511596679688
0.019317626953125 -0.14154052734375 -0.00573730468750003 0.306793212890625
-0.0152816772460938 -0.127677917480469 0.172607421875 0.346832275390625
-0.01739501953125 -0.140449523925781 0.215606689453125 0.323760986328125
-0.014892578125 -0.145172119140625 0.18646240234375 0.334716796875
0.0556259155273438 -0.0992813110351563 0.026092529296875 0.354034423828125
0.102828979492188 -0.0536422729492188 -0.1038818359375 0.245742797851563
0.117523193359375 0.02520751953125 -0.14886474609375 0.1124267578125
0.0917816162109375 0.133529663085937 -0.0760650634765625 -0.010955810546875
0.021148681640625 0.1712646484375 0.0765762329101563 0.087005615234375
-0.046875 0.270828247070312 -0.047637939453125 0.34161376953125
-0.0539131164550781 0.0160636901855469 0.00198364257812502 -0.433685302734375
-0.0145606994628906 0.0516281127929688 -0.113372802734375 -0.188796997070312
0.0508270263671875 0.0337104797363281 0.0464057922363281 0.00788497924804688
0.0640983581542969 -0.0151634216308594 0.139892578125 -0.0772552490234375
0.01324462890625 -0.0569038391113281 0.143997192382813 -0.208633422851563
-0.0357666015625 -0.0252456665039063 0.00772094726562498 -0.351654052734375
-0.052886962890625 -0.0163612365722656 -0.2008056640625 -0.3563232421875
-0.0344791412353516 -0.0231456756591797 -0.228240966796875 -0.327880859375
-0.0318412780761719 -0.00337791442871093 -0.18804931640625 -0.34613037109375
-0.0174427032470703 -0.030548095703125 -0.03497314453125 -0.329345703125
0.0202865600585938 -0.0309848785400391 0.04876708984375 -0.1761474609375
0.049468994140625 0.00689315795898438 -0.0188217163085937 -0.105552673339844
-0.0107536315917969 0.0432929992675781 -0.116531372070312 -0.161087036132813
-0.0335578918457031 0.00399398803710937 -0.112213134765625 -0.402984619140625
-0.0359001159667969 -0.04400634765625 0.273681640625 -0.62176513671875
-0.092803955078125 0.269088745117188 -0.0135498046875 -0.408721923828125
0.0181121826171875 0.245452880859375 -0.113143920898437 -0.183517456054687
0.197219848632813 0.165847778320313 0.0421257019042969 -0.00851058959960936
0.219650268554688 -0.00469970703125 0.114265441894531 -0.0753250122070313
0.132522583007813 -0.149856567382813 0.137893676757813 -0.179168701171875
-0.0123443603515625 -0.163726806640625 0.010223388671875 -0.30926513671875
-0.0980072021484375 -0.159622192382813 -0.180877685546875 -0.3165283203125
-0.07989501953125 -0.192169189453125 -0.199493408203125 -0.28912353515625
-0.088897705078125 -0.16986083984375 -0.1690673828125 -0.312469482421875
0.00468444824218751 -0.186477661132813 -0.032135009765625 -0.2794189453125
0.138015747070313 -0.162338256835938 0.0405960083007813 -0.13671875
0.24530029296875 -0.0267181396484375 -0.058013916015625 -0.0991592407226563
0.172836303710938 0.205123901367188 -0.135086059570313 -0.179092407226563
0.02880859375 0.242843627929688 -0.1011962890625 -0.427764892578125
-0.08123779296875 0.24951171875 0.26495361328125 -0.6168212890625
-0.11328125 0.488616943359375 -0.049346923828125 -0.314971923828125
0.0654296875 0.416839599609375 -0.10040283203125 -0.135025024414062
0.33740234375 0.271759033203125 0.0498695373535156 -0.0205726623535156
0.360321044921875 -0.005523681640625 0.0872802734375 -0.0769119262695313
0.236007690429688 -0.236099243164063 0.114776611328125 -0.143264770507813
0.00863647460937501 -0.284942626953125 0.00331115722656249 -0.23248291015625
-0.130783081054688 -0.280136108398438 -0.140289306640625 -0.229110717773438
-0.11468505859375 -0.33038330078125 -0.140365600585938 -0.2056884765625
-0.132843017578125 -0.30877685546875 -0.123367309570313 -0.228591918945313
0.02667236328125 -0.313873291015625 -0.0247039794921875 -0.180770874023438
0.238327026367187 -0.273056030273438 0.0203781127929688 -0.0665969848632813
0.413604736328125 -0.060455322265625 -0.105010986328125 -0.0711669921875
0.34063720703125 0.34210205078125 -0.156463623046875 -0.178359985351562
0.093292236328125 0.452789306640625 -0.0811767578125 -0.40887451171875
-0.11505126953125 0.50616455078125 0.231414794921875 -0.53173828125
-0.10870361328125 0.65118408203125 -0.0912628173828125 -0.16290283203125
0.12750244140625 0.544830322265625 -0.0693321228027344 -0.0463294982910156
0.4678955078125 0.33349609375 0.0668830871582032 -0.024169921875
0.469390869140625 -0.028839111328125 0.0576095581054688 -0.0736236572265625
0.30865478515625 -0.310882568359375 0.0775527954101563 -0.0919036865234375
0.022125244140625 -0.374359130859375 -0.00536346435546875 -0.122848510742188
-0.147796630859375 -0.359832763671875 -0.0799942016601563 -0.106773376464844
-0.132232666015625 -0.419036865234375 -0.0595779418945313 -0.0905532836914063
-0.156707763671875 -0.398468017578125 -0.055023193359375 -0.108474731445313
0.04510498046875 -0.392059326171875 -0.00940322875976563 -0.0480537414550782
0.303466796875 -0.34295654296875 -0.00423622131347655 0.0260982513427734
0.522125244140625 -0.085357666015625 -0.146774291992188 -0.0225372314453125
0.458282470703125 0.425689697265625 -0.16827392578125 -0.156143188476563
0.14202880859375 0.591796875 -0.05029296875 -0.337738037109375
-0.1337890625 0.680419921875 0.17803955078125 -0.372772216796875
-0.08404541015625 0.72052001953125 -0.130035400390625 0.0325088500976563
0.18621826171875 0.59991455078125 -0.0186691284179687 0.0739364624023438
0.54510498046875 0.342071533203125 0.0871810913085938 -0.015533447265625
0.5189208984375 -0.060028076171875 0.0263519287109375 -0.0545501708984375
0.33502197265625 -0.350433349609375 0.0336055755615235 -0.0216255187988281
0.028076171875 -0.411651611328125 -0.00979137420654297 0.00935935974121091
-0.144195556640625 -0.387725830078125 -0.00569915771484376 0.0333251953125
-0.13079833984375 -0.443023681640625 0.0304298400878906 0.0383529663085937
-0.154266357421875 -0.42266845703125 0.0246162414550781 0.0279483795166015
0.057769775390625 -0.404052734375 0.00971984863281251 0.0966262817382812
0.317718505859375 -0.3486328125 -0.0292892456054687 0.124710083007812
0.539031982421875 -0.08465576171875 -0.173187255859375 0.036163330078125
0.48541259765625 0.44317626953125 -0.162567138671875 -0.114700317382812
0.15643310546875 0.62689208984375 -0.00833129882812499 -0.227920532226562
-0.13787841796875 0.7430419921875 0.114974975585937 -0.16912841796875
-0.04595947265625 0.68408203125 -0.158889770507813 0.244873046875
0.21246337890625 0.56048583984375 0.0400390625 0.207229614257813
0.528594970703125 0.293060302734375 0.103736877441406 0.00888824462890627
0.476837158203125 -0.079071044921875 -0.00101280212402341 -0.0190868377685547
0.302001953125 -0.329864501953125 -0.00965499877929685 0.0565338134765625
0.02899169921875 -0.383148193359375 -0.00781249999999998 0.142822265625
-0.11865234375 -0.3543701171875 0.0721282958984375 0.1700439453125
-0.10882568359375 -0.398162841796875 0.116180419921875 0.161773681640625
-0.12457275390625 -0.381072998046875 0.099945068359375 0.159866333007812
0.067779541015625 -0.34588623046875 0.0269775390625 0.22479248046875
0.283111572265625 -0.285186767578125 -0.0550689697265625 0.20367431640625
0.455718994140625 -0.053131103515625 -0.179244995117187 0.0854339599609375
0.407196044921875 0.39117431640625 -0.139076232910156 -0.0702056884765625
0.124298095703125 0.5467529296875 0.0342254638671875 -0.104148864746094
-0.12774658203125 0.67950439453125 0.0502815246582031 0.0412139892578125
-0.00866699218749998 0.5341796875 -0.1783447265625 0.439056396484375
0.193023681640625 0.423095703125 0.0894775390625 0.3316650390625
0.4033203125 0.201263427734375 0.112785339355469 0.0464706420898438
0.342620849609375 -0.073211669921875 -0.0155296325683594 0.023284912109375
0.217498779296875 -0.243362426757813 -0.04547119140625 0.121246337890625
0.026092529296875 -0.287017822265625 -0.0045623779296875 0.25091552734375
-0.0715484619140625 -0.26373291015625 0.138351440429688 0.28076171875
-0.06805419921875 -0.291900634765625 0.183822631835938 0.261337280273438
-0.074920654296875 -0.282470703125 0.158126831054688 0.267929077148437
0.067962646484375 -0.235214233398437 0.033538818359375 0.314788818359375
0.20428466796875 -0.174026489257813 -0.0812225341796875 0.244949340820313
0.299560546875 -0.007568359375 -0.168655395507812 0.110626220703125
0.255020141601563 0.27984619140625 -0.106056213378906 -0.0355072021484375
0.069610595703125 0.37939453125 0.0633506774902344 0.00541687011718752
-0.09600830078125 0.509063720703125 -0.00813293457031252 0.22088623046875
0.025604248046875 0.298858642578125 -0.188232421875 0.5830078125
0.137863159179688 0.219894409179688 0.121337890625 0.426971435546875
0.213119506835938 0.0782318115234375 0.119255065917969 0.0883636474609375
0.153884887695313 -0.0546417236328125 -0.00951766967773437 0.0567474365234375
0.0969772338867188 -0.117225646972656 -0.0672607421875 0.153762817382813
0.018402099609375 -0.142501831054688 -0.00277709960937503 0.310455322265625
-0.0155868530273438 -0.12957763671875 0.1805419921875 0.346527099609375
-0.0184783935546875 -0.141311645507813 0.222259521484375 0.321807861328125
-0.016357421875 -0.144515991210938 0.18939208984375 0.333740234375
0.0567703247070312 -0.0996780395507813 0.030364990234375 0.3553466796875
0.103507995605469 -0.0534133911132813 -0.103164672851563 0.248001098632812
0.11810302734375 0.0256576538085938 -0.147872924804688 0.113922119140625
0.0933761596679688 0.131477355957031 -0.076141357421875 -0.013458251953125
0.0228118896484375 0.171920776367188 0.0743789672851563 0.0828094482421875
-0.045684814453125 0.27325439453125 -0.049835205078125 0.3428955078125
-0.0548133850097656 0.0161552429199219 -0.00314331054687499 -0.44073486328125
-0.0138969421386719 0.05389404296875 -0.11871337890625 -0.187515258789063
0.051910400390625 0.034149169921875 0.0472335815429688 0.0066680908203125
0.0656280517578125 -0.0166206359863281 0.140716552734375 -0.080902099609375
0.0134162902832031 -0.0572319030761719 0.142547607421875 -0.217147827148438
-0.0349597930908203 -0.0247268676757812 -0.000762939453124972 -0.36077880859375
-0.0534896850585937 -0.0155067443847656 -0.2152099609375 -0.35906982421875
-0.0361785888671875 -0.0233802795410156 -0.242462158203125 -0.32781982421875
-0.0321807861328125 -0.00383377075195313 -0.20086669921875 -0.349456787109375
-0.019012451171875 -0.0302982330322266 -0.045074462890625 -0.3377685546875
0.0193462371826172 -0.0326900482177734 0.0486602783203125 -0.181503295898437
0.0506744384765625 0.00527191162109375 -0.0219955444335937 -0.104522705078125
-0.0105094909667969 0.0442543029785156 -0.12249755859375 -0.158935546875
-0.0354537963867188 0.00302124023437499 -0.11846923828125 -0.405975341796875
-0.0371322631835938 -0.0451164245605469 0.274658203125 -0.63983154296875
-0.0903472900390625 0.274932861328125 -0.018402099609375 -0.4140625
0.022186279296875 0.2501220703125 -0.11669921875 -0.182327270507813
0.20281982421875 0.165603637695313 0.0420417785644531 -0.010284423828125
0.224517822265625 -0.00799560546875 0.112617492675781 -0.0786590576171875
0.132781982421875 -0.154815673828125 0.136077880859375 -0.187484741210938
-0.013031005859375 -0.166351318359375 0.00253295898437502 -0.31787109375
-0.101837158203125 -0.16162109375 -0.193511962890625 -0.317718505859375
-0.08746337890625 -0.195037841796875 -0.21087646484375 -0.28851318359375
-0.094482421875 -0.1727294921875 -0.182037353515625 -0.314544677734375
0.00177001953125002 -0.18975830078125 -0.040771484375 -0.286224365234375
0.13720703125 -0.168624877929688 0.040618896484375 -0.142776489257813
0.251129150390625 -0.03289794921875 -0.06268310546875 -0.0969085693359375
0.180450439453125 0.206008911132812 -0.140411376953125 -0.178787231445312
0.031890869140625 0.246902465820313 -0.10687255859375 -0.435211181640625
-0.0788726806640625 0.2557373046875 0.26495361328125 -0.63409423828125
-0.108062744140625 0.4989013671875 -0.05255126953125 -0.319061279296875
0.07275390625 0.4234619140625 -0.102981567382813 -0.132896423339844
0.350189208984375 0.26885986328125 0.0490570068359375 -0.0236091613769531
0.36700439453125 -0.01190185546875 0.0853424072265625 -0.0803680419921875
0.2362060546875 -0.245559692382813 0.113525390625 -0.150375366210938
0.00671386718750003 -0.289947509765625 -0.00161743164062499 -0.239410400390625
-0.1380615234375 -0.283538818359375 -0.148971557617187 -0.230087280273438
-0.12652587890625 -0.336334228515625 -0.149154663085938 -0.20452880859375
-0.14215087890625 -0.313232421875 -0.133895874023437 -0.229339599609375
0.022857666015625 -0.321197509765625 -0.029937744140625 -0.184890747070313
0.2381591796875 -0.284515380859375 0.0205764770507813 -0.070587158203125
0.422027587890625 -0.06964111328125 -0.110771179199219 -0.0663375854492187
0.355560302734375 0.3414306640625 -0.161834716796875 -0.179580688476562
0.101470947265625 0.4595947265625 -0.088470458984375 -0.41668701171875
-0.108642578125 0.519561767578125 0.2314453125 -0.547027587890625
-0.09967041015625 0.66375732421875 -0.0933380126953125 -0.164810180664062
0.1392822265625 0.55242919921875 -0.0691909790039062 -0.0441398620605468
0.484893798828125 0.32952880859375 0.0661392211914063 -0.0287017822265625
0.478546142578125 -0.037353515625 0.0550308227539063 -0.0771331787109375
0.307891845703125 -0.324554443359375 0.0770263671875 -0.0979385375976563
0.019195556640625 -0.3800048828125 -0.00798797607421874 -0.126358032226563
-0.15740966796875 -0.364715576171875 -0.08331298828125 -0.107337951660156
-0.1474609375 -0.426116943359375 -0.0641326904296875 -0.0894546508789063
-0.169189453125 -0.403076171875 -0.0618362426757813 -0.108047485351563
0.0399169921875 -0.39996337890625 -0.0111160278320313 -0.0497093200683594
0.304168701171875 -0.357147216796875 -0.00287055969238279 0.0245189666748047
0.534637451171875 -0.098297119140625 -0.152511596679687 -0.015533447265625
0.47686767578125 0.426788330078125 -0.173919677734375 -0.157669067382813
0.1524658203125 0.60296630859375 -0.055694580078125 -0.346160888671875
-0.12762451171875 0.69921875 0.17864990234375 -0.3831787109375
-0.07470703125 0.7352294921875 -0.130821228027344 0.0336380004882813
0.20013427734375 0.60894775390625 -0.0152435302734375 0.0765609741210938
0.56427001953125 0.3353271484375 0.0882186889648438 -0.0199966430664062
0.530029296875 -0.070831298828125 0.023590087890625 -0.0581436157226563
0.332855224609375 -0.365753173828125 0.0334510803222656 -0.0252475738525391
0.023162841796875 -0.4202880859375 -0.00873279571533203 0.00929069519042966
-0.154571533203125 -0.3946533203125 -0.00314903259277345 0.0337142944335937
-0.14697265625 -0.451568603515625 0.0321922302246094 0.0390892028808593
-0.167144775390625 -0.427703857421875 0.0234928131103516 0.0297183990478515
0.055084228515625 -0.413177490234375 0.0124588012695313 0.0977401733398437
0.31964111328125 -0.363311767578125 -0.0272445678710937 0.125572204589844
0.551483154296875 -0.097198486328125 -0.177658081054688 0.0439300537109375
0.505523681640625 0.443695068359375 -0.16796875 -0.116943359375
0.1678466796875 0.63726806640625 -0.0137786865234375 -0.235809326171875
-0.12890625 0.763916015625 0.1151123046875 -0.17437744140625
-0.0352783203125 0.6981201171875 -0.1583251953125 0.248977661132813
0.227783203125 0.56781005859375 0.046966552734375 0.211395263671875
0.546295166015625 0.288116455078125 0.105674743652344 0.00441741943359377
0.485107421875 -0.088531494140625 -0.00309371948242185 -0.0211868286132813
0.300445556640625 -0.345062255859375 -0.00951385498046874 0.0564308166503906
0.02471923828125 -0.39166259765625 -0.00410461425781249 0.145828247070312
-0.127838134765625 -0.36187744140625 0.0800323486328125 0.170425415039062
-0.12188720703125 -0.406280517578125 0.123077392578125 0.162429809570312
-0.135772705078125 -0.386077880859375 0.104507446289062 0.162689208984375
0.06591796875 -0.353759765625 0.03326416015625 0.229461669921875
0.283660888671875 -0.2969970703125 -0.0514678955078125 0.20819091796875
0.46575927734375 -0.06317138671875 -0.182266235351562 0.0933074951171875
0.423431396484375 0.390960693359375 -0.14349365234375 -0.072418212890625
0.135589599609375 0.55560302734375 0.0309982299804687 -0.111534118652344
-0.12017822265625 0.69732666015625 0.0502967834472656 0.0419349670410157
-0.000244140625000056 0.545318603515625 -0.176300048828125 0.446685791015625
0.2044677734375 0.429534912109375 0.098968505859375 0.335968017578125
0.4176025390625 0.19818115234375 0.117088317871094 0.0432052612304688
0.349456787109375 -0.0797119140625 -0.0160293579101562 0.0214900970458984
0.216445922851563 -0.254989624023438 -0.0449066162109375 0.123847961425781
0.02197265625 -0.292999267578125 0.00186157226562498 0.256973266601562
-0.078521728515625 -0.269638061523438 0.150909423828125 0.282318115234375
-0.07757568359375 -0.29766845703125 0.194854736328125 0.262100219726563
-0.0823974609375 -0.285888671875 0.16595458984375 0.269943237304688
0.0675201416015625 -0.241012573242188 0.043121337890625 0.32086181640625
0.206619262695312 -0.1815185546875 -0.077972412109375 0.251007080078125
0.306427001953125 -0.0130615234375 -0.170425415039062 0.117263793945313
0.266143798828125 0.279891967773438 -0.109489440917969 -0.0376663208007812
0.077056884765625 0.38629150390625 0.0618247985839844 0.000610351562500024
-0.089752197265625 0.523284912109375 -0.0073699951171875 0.226516723632813
0.0308837890625 0.3055419921875 -0.18414306640625 0.591552734375
0.143783569335938 0.22259521484375 0.133148193359375 0.43170166015625
0.220245361328125 0.076019287109375 0.124969482421875 0.0863265991210938
0.156448364257813 -0.0580902099609375 -0.00917053222656249 0.0555076599121094
0.0964736938476563 -0.122596740722656 -0.0674896240234375 0.158401489257813
0.01605224609375 -0.14605712890625 0.00436401367187501 0.318817138671875
-0.017333984375 -0.133613586425781 0.194915771484375 0.349334716796875
-0.0221405029296875 -0.144134521484375 0.235870361328125 0.322479248046875
-0.019256591796875 -0.145523071289062 0.202056884765625 0.335906982421875
0.0574111938476562 -0.1026611328125 0.041015625 0.362548828125
0.104759216308594 -0.0556793212890625 -0.100631713867187 0.256515502929688
0.121574401855469 0.0245285034179688 -0.14849853515625 0.11883544921875
0.098358154296875 0.131484985351563 -0.0791244506835937 -0.0155105590820312
0.026123046875 0.1744384765625 0.07391357421875 0.0803451538085938
-0.0413665771484375 0.281143188476563 -0.047698974609375 0.352752685546875
0.0493488606918632 0.0871151287092598 0.383436458910154 -0.259203443947561
0.0700578280700588 -0.00831948016223011 0.110255469599312 -0.212934598467784
-0.00551423373980483 -0.0631691299854522 0.0053836706914885 0.0555642174012374
-0.0720191682144307 -0.0370570508548138 0.140831283472383 0.105445096320891
-0.0636471149216013 0.0554269980360929 0.292817637036802 0.0112019827057877
-0.00266928647143529 0.0788686248036337 0.332371534285651 -0.170133668567722
0.0275209148961887 0.0770968252356664 0.271629854491112 -0.33802624547874
0.0262966714081926 0.0622797815937403 0.201616905092786 -0.398401524749687
0.020999632634947 0.058804613431731 0.245923921035097 -0.341032804266156
-0.00238208473957109 0.0526028520148203 0.27202580213815 -0.200989144738479
-0.0402611394700673 0.0171173904056131 0.197832291823824 -0.0385047719446955
-0.0266112102879255 -0.0401709336527022 0.07681694196925 -0.0675704664727905
0.0431337361345498 -0.0115607153994865 0.0582242547375704 -0.191554743994073
0.0283866577118531 0.0483574911981492 0.300540377532403 -0.305499037067305
-0.0269451992096566 0.0840959313762887 0.664748690671962 -0.162338140354876
0.279913424699899 -0.0243385280564965 0.321649473866794 -0.283687556069663
0.20714864214721 -0.164467566676239 0.0698317355279226 -0.228944610590823
0.0148844584229039 -0.267048708002294 -0.0279166646928103 0.0604775072612632
-0.175962677446447 -0.181413284277164 0.102722915674496 0.122084272336416
-0.223044792937406 0.0378718833071381 0.27376015085131 0.04427875508904
-0.125957381741151 0.147466181237339 0.314581978754503 -0.135474769772635
-0.0789144294622014 0.196354855808411 0.261317408746015 -0.289369309780138
-0.0673124675929485 0.209663558719866 0.196682484743085 -0.347006758748971
-0.0894803652150036 0.209888176547777 0.239640883491628 -0.299310653654654
-0.144638555059788 0.136626256153943 0.242044809964318 -0.152194536076537
-0.223182395057905 0.0218570541755626 0.157950325152237 -0.00147768597119413
-0.18303934959663 -0.19142338055089 0.0266379856668833 -0.0748228286966546
0.0142931784961548 -0.25695898899308 0.040021737220625 -0.215867196814144
0.172608480399953 -0.147657720422123 0.312217258619857 -0.332995286298227
0.229906551562084 -0.0332060564786156 0.658123209865902 -0.198817252760886
0.473274160313034 -0.141151165945524 0.192960239924279 -0.281616194942184
0.31405625537927 -0.321401327523776 -0.00301980356539757 -0.205367031327516
0.0150359232670288 -0.451552564233557 -0.0524009165713787 0.0827797102494647
-0.277930267979907 -0.30372801245436 0.0725560381909017 0.133489215791216
-0.364575466351637 0.0260600313933496 0.237086808161072 0.0622979548903097
-0.232164525241755 0.202186072743299 0.257219765658799 -0.0917429776577221
-0.172995686773119 0.289271085686503 0.21144140375022 -0.201795248241568
-0.151470856834145 0.325822909013394 0.160367732967265 -0.242010703042238
-0.184520781229609 0.327508830334958 0.194818073411363 -0.208496759459989
-0.264827191611779 0.19945175298544 0.170316651233725 -0.0770892637190634
-0.377228557983207 0.0225395747883154 0.0812016852431878 0.0370925097546511
-0.319429728748797 -0.319467330091333 -0.0442349132526917 -0.0812114445874234
-0.0195985600143169 -0.473412281150146 0.00786178794845726 -0.230868374675093
0.293893777699813 -0.328203029305506 0.290215144165554 -0.32770653090798
0.453444699994188 -0.144914511480695 0.572177174568128 -0.200547421631244
0.605206835618866 -0.25220989055691 0.0148665621651745 -0.245078649451567
0.373273699047691 -0.467055609238904 -0.0991608627361604 -0.135975965909195
-0.0172854081591404 -0.600025774706683 -0.0663259575846401 0.12047389707107
-0.377431353359239 -0.382622104548553 0.0481409162890231 0.139730383386517
-0.47294866111869 0.025613621585005 0.177273675713422 0.0709788045511836
-0.308138270929732 0.239297150088828 0.165284284728885 -0.0376562973845748
-0.240720269140721 0.343403056777047 0.129578946862597 -0.0856302102480194
-0.20989368212036 0.392335735167513 0.099764104498004 -0.100631514379834
-0.24936431311185 0.393832832043036 0.121312483223784 -0.0837055110161385
-0.343434903123662 0.230217316321115 0.0685783922816828 0.0163334200566988
-0.473506098009603 0.0188616858326635 -0.0198367191171699 0.0759277648927001
-0.410028058330122 -0.403330316231335 -0.124220946416781 -0.0794760671484526
-0.0499760271663732 -0.6185620358528 -0.0314191718284806 -0.22604130936195
0.368677547026098 -0.456387040545069 0.232115406848617 -0.278360598457211
0.605447027382458 -0.22938466679976 0.415298337494767 -0.162535231082894
0.652804132861035 -0.334993474677983 -0.188826252322477 -0.170068502935389
0.371538858908708 -0.566004114761578 -0.202874171570178 -0.02259135945445
-0.0620703149610591 -0.670918585843718 -0.0716729074319831 0.163164454222977
-0.440895888182985 -0.404994033638687 0.0177664999101509 0.137931518380522
-0.51890288660555 0.0312109137954186 0.0911477370791163 0.0770183064702779
-0.340294345967458 0.248004544620927 0.0477712686689109 0.0265109566044051
-0.27341077723575 0.348371266466427 0.0273027352057091 0.0463438550705168
-0.236863657778859 0.399370696798371 0.0248559486999945 0.0570323231078959
-0.274617477401827 0.394145000262729 0.0296403882259547 0.0574073202622152
-0.367046726984995 0.219187787732867 -0.0467122518585922 0.111931845945025
-0.488527520570018 0.00677031174170514 -0.129133175033845 0.106328910216866
-0.417889736149653 -0.420790083585594 -0.194320272705686 -0.0717367209048001
-0.0592169017949404 -0.652721634806741 -0.0649400142813124 -0.198013823288307
0.385158536509809 -0.493716211883749 0.153505013086093 -0.190036149640054
0.658142372149897 -0.270015939037632 0.21452170247386 -0.0942543816546451
0.602232996402685 -0.372752827959202 -0.390642643056292 -0.0643781903489522
0.312135094741897 -0.572033621174995 -0.295089615345853 0.113018616558554
-0.0945698183708418 -0.631346313743611 -0.0725957238879271 0.196013873082092
-0.423787361739126 -0.35695638431693 -0.0178979342416628 0.123423250645993
-0.478194645440242 0.0313885773079236 -0.0116588280142276 0.0779856512635673
-0.315912923197088 0.21448193650427 -0.0786681843334912 0.0917904715908411
-0.263715350064104 0.298976595058161 -0.0788096814394711 0.173903864746121
-0.226789217416917 0.344172430859762 -0.0548092121696401 0.206502762568153
-0.25934313915257 0.332418983512837 -0.0661275528742746 0.189744767584701
-0.330418266731662 0.165093820891994 -0.155444227838981 0.187387551385666
-0.412699949456187 -0.0166641297247465 -0.221787489888168 0.113450075613331
-0.335822320227534 -0.371142916995449 -0.233620214646207 -0.0641839746887567
-0.0355191223339765 -0.561894964981949 -0.0777380681007624 -0.157162255844654
0.339161026373275 -0.428448922261779 0.0727358936997007 -0.0838522970950507
0.602503510540772 -0.255512770643995 0.00719959318334253 -0.00843606833163946
0.458760399424951 -0.34316303815566 -0.555304117161942 0.0474674413279366
0.204943983290983 -0.474135013340611 -0.361576510433121 0.238309305406091
-0.0957032468775262 -0.471738697522994 -0.0674750026824281 0.208393525299978
-0.318258129802898 -0.248524605918519 -0.0483991435260554 0.095953777573865
-0.346098862931625 0.0197510056942257 -0.107094377239248 0.0680269887485991
-0.238464149936798 0.142626947360305 -0.19114952141586 0.141984378733436
-0.211920557492793 0.198321840652822 -0.175258270036303 0.274875339711237
-0.183199600372532 0.234507693657194 -0.127343723159782 0.324932924595864
-0.205004365909947 0.216984538019323 -0.153455989394347 0.289621354186983
-0.244698101193463 0.0850377098549388 -0.239361364736855 0.227204418226838
-0.271093985947416 -0.0412633491450026 -0.279277818434589 0.0912216959392565
-0.191915056626778 -0.265332369744245 -0.23350041133362 -0.0655558718357221
0.000782901288195032 -0.377297054783624 -0.0683918275708166 -0.114360700407186
0.243723810176427 -0.288715760521961 0.00481164353175938 0.0130535350230652
0.453255239818915 -0.202619683361989 -0.173761559982907 0.0744643856023283
0.24605425867989 -0.258352566020879 -0.658450309785206 0.14655245402821
0.0680529074577396 -0.300798228435132 -0.395777432780459 0.334847107609613
-0.082002501233748 -0.236560725438524 -0.0541377051028329 0.209234933830298
-0.162408325705436 -0.0990491748187742 -0.0567485326099482 0.0666988061716405
-0.158164756471775 0.00485899680241179 -0.169796495910146 0.0449778626663172
-0.119632163742627 0.0479272705404257 -0.267886985808275 0.162146507092981
-0.123835246125845 0.0675080996343336 -0.24486069718311 0.330337874644558
-0.110730954026075 0.0899809124368563 -0.182253725236924 0.393327672188159
-0.121419907243111 0.0741602281205341 -0.215829618084375 0.343600145130873
-0.128068035271136 0.000945920873690439 -0.287716957317032 0.228806703769473
-0.106525239024151 -0.0519315847805284 -0.297940388540484 0.0502604937630932
-0.0453672292380669 -0.127620901455529 -0.203034762568566 -0.0688447291577741
0.0209466193083963 -0.158567076231166 -0.0466162105595567 -0.0795904545167717
0.112486176688526 -0.12814756621192 -0.0437412288694553 0.0833387232184739
0.24064983457749 -0.126663134955163 -0.300446627234367 0.143056391817871
0.0539750353489093 0.0852492041608553 0.372889199105561 -0.277081039462305
0.0698031111105286 -0.0130581067555064 0.0976853240473957 -0.217466487084134
-0.00677016565933977 -0.0630123825939001 0.00760073071774653 0.0550169815805479
-0.074739050783037 -0.0347186906124005 0.147670174112661 0.098164208319575
-0.0610243616134019 0.0583477142745074 0.296007093311182 -0.00763072167749166
0.000758533911031213 0.0795055630502961 0.32541291020131 -0.193082112092775
0.0318581060210189 0.0753105537307187 0.2515736640261 -0.358382924517735
0.0311290769005032 0.0610988674296664 0.176132273238062 -0.41373868557517
0.024430892429742 0.0590416201675715 0.226915136436422 -0.360159338479945
0.00146787287504791 0.0527648071410474 0.262198915900648 -0.221102828264202
-0.0386365132782037 0.0198254197746056 0.198732223136 -0.0497413305979504
-0.0296246587176539 -0.038387257543785 0.0708890722626877 -0.0705724179248954
0.0436220941552185 -0.0143476568879171 0.0456266476813776 -0.193633522418791
0.0310579117461952 0.0480466719154212 0.286508928023433 -0.320089249862588
-0.0240363910089205 0.0869265209974598 0.664863888771621 -0.198426243273033
0.280169327083076 -0.0393767040436485 0.310035686295224 -0.299424656059222
0.199829953258491 -0.175404947090325 0.0568236310301111 -0.23079205723112
0.000736500053384933 -0.268630902491243 -0.0248236128047575 0.0611162263212494
-0.187060266143621 -0.174220530824748 0.109244106546909 0.116058934163502
-0.222574654152334 0.0503603526084155 0.278767458395283 0.0261400657438466
-0.119450517694514 0.154287037482266 0.3087947883634 -0.156230423162798
-0.069359215874406 0.201775456563715 0.24444592993273 -0.306392355397109
-0.0553161849624318 0.216819289743052 0.174258870282012 -0.360005144031943
-0.0776022513496754 0.217991878129895 0.221404998752305 -0.317224466063861
-0.137771504568226 0.144193129526047 0.234236784196386 -0.169274520965873
-0.223147995818183 0.0353963890177024 0.161198958910797 -0.0110312451581729
-0.196748919699772 -0.183289351998139 0.019333209427115 -0.0752418531814325
-0.000286158132870147 -0.260560775443318 0.0276582467451878 -0.217454403003269
0.166881612112207 -0.157350304667149 0.298204901497035 -0.349688373411105
0.230191759441002 -0.0464316046017603 0.655696262644175 -0.233109587225074
0.468493265112025 -0.166311014965363 0.181774331324179 -0.291786965297337
0.299887970460384 -0.338947137006914 -0.0143953562272191 -0.203232516612525
-0.00942819689994756 -0.45304223456241 -0.0468372989046543 0.0837713488460086
-0.297216436412435 -0.293051749457724 0.080019420654052 0.128767398390138
-0.365253218986556 0.0470027170302773 0.243436777371768 0.0461877044369351
-0.224000728432143 0.215604549565641 0.253623052641886 -0.109138542824581
-0.159144409844776 0.300641067979109 0.199794646168541 -0.216385278636559
-0.131886346286314 0.339288920978731 0.144228679192996 -0.253215294351589
-0.166268237664321 0.342337635171533 0.181507146228251 -0.223086107716962
-0.257051081549167 0.214579712716763 0.166001866098611 -0.0882940762792103
-0.379293883162888 0.0447519811774982 0.0859590604109252 0.0318070383006626
-0.341315750911686 -0.304728550845108 -0.0525698480096804 -0.0772504359789096
-0.0474274770656506 -0.476174857228959 -0.00453976442040104 -0.231492146063412
0.280221069342809 -0.34601541530563 0.27470511925866 -0.345907329817516
0.450000860438675 -0.171692739587491 0.568150257055722 -0.230552440349399
0.595254520922591 -0.28565877315333 0.00392929412004261 -0.246617880055708
0.350635363536742 -0.487362044230628 -0.105736156847764 -0.128035324597823
-0.0508669063093011 -0.601536896455214 -0.0573826502771553 0.123322119696199
-0.402911969047876 -0.365538825093855 0.0556599556636167 0.135904658093189
-0.474291138126187 0.0559247007813204 0.183876631239867 0.0582043321683347
-0.299038430222229 0.257085347703016 0.164652259983862 -0.0491325900344239
-0.224821893896037 0.359137662596973 0.125092284283967 -0.09380095224594
-0.186156788434422 0.410621894785027 0.0928470048398291 -0.107226263371032
-0.227875368309638 0.411781569247066 0.113942150801745 -0.0914253946169562
-0.335686198545652 0.249841973495099 0.0692449764841835 0.0125199181866338
-0.47763308341079 0.0469835765680715 -0.0150094959271088 0.0769218340069558
-0.437331652402438 -0.38579912327606 -0.133807133555629 -0.070408457183709
-0.0852049076785115 -0.622019200052128 -0.0431177157926164 -0.225758422848954
0.348922243123179 -0.478512746044368 0.220281569584761 -0.294196341077335
0.597613566252701 -0.264591730317652 0.410800996916983 -0.185083830882664
0.636831215350171 -0.371053838307192 -0.197062846384424 -0.162028315174289
0.345430317301231 -0.585719740882012 -0.20339886629553 -0.0091631180359607
-0.10181659173987 -0.672272928965839 -0.0608681638143799 0.166909557399297
-0.465708720481218 -0.384599170447121 0.0258231916584194 0.1346276645214
-0.519066649557851 0.0645874605892268 0.0983832030743999 0.0680635080828907
-0.330407925410374 0.266055911534208 0.0500083775699409 0.023065608181985
-0.257459663860462 0.367239907375724 0.0317765786974157 0.0453606053484155
-0.21231898272927 0.418942788908684 0.0277939835702563 0.0563938729010838
-0.252565670229492 0.414879084462653 0.0308369763779513 0.0562003067007436
-0.359155346947264 0.239412987106869 -0.0410257167314468 0.1158910194326
-0.491113180931072 0.0345937402632156 -0.123275332880215 0.112978100776163
-0.447081170460458 -0.404335695258542 -0.203598402262572 -0.0582821506205196
-0.0965069999963351 -0.653593948032069 -0.0746723351640397 -0.197949723100605
0.361975932333518 -0.517008428972021 0.14560707189519 -0.203574246183611
0.648480100708871 -0.308183094420762 0.210756702919717 -0.104548056272194
0.587261635592157 -0.406601805133853 -0.3953474628341 -0.0479677057398794
0.284704409451741 -0.59148644009353 -0.288350811950993 0.131028193256663
-0.132724675997136 -0.630424030291525 -0.0583475307674182 0.200344037491252
-0.448277706864823 -0.336820385612971 -0.0102916602254001 0.121855110668316
-0.477365297030259 0.0626760677681937 -0.00521430187205373 0.0755575014241812
-0.308315966419098 0.232995151235097 -0.0739671074180099 0.0969550923739227
-0.250562719101509 0.317444892393484 -0.0673386701567973 0.180170704510846
-0.207290293442199 0.363494197290854 -0.041257276805493 0.211147557124527
-0.240898523819261 0.3495728083772 -0.0569733905822549 0.194747822007292
-0.326388579473952 0.183206199771645 -0.145668294530998 0.199786126965184
-0.416380078920909 0.00623870378172964 -0.217683715274787 0.127110758000136
-0.359868406263822 -0.359189619813041 -0.243007808222319 -0.0502052427173748
-0.0684500877709275 -0.564522578398592 -0.0861442493104619 -0.156870823125984
0.320916976370897 -0.447601361963045 0.0692105376869607 -0.093741412415511
0.595586288841415 -0.291659331922295 0.00453405479351584 -0.00794366013646181
0.445406668665552 -0.369889098332442 -0.55577446016032 0.0731117432243512
0.182361323924137 -0.488011819274389 -0.348963408521901 0.259995647597457
-0.124320250991885 -0.471225934163931 -0.0532353416584782 0.213052340482821
-0.335653700372809 -0.233791359989808 -0.0417538511522758 0.0976045625117349
-0.347461783262412 0.0420128858115443 -0.103291898823853 0.072045563589218
-0.23352249925126 0.157301309871173 -0.184493240336573 0.154344847076917
-0.204056829937149 0.2138369964018 -0.156997033072468 0.287587200615495
-0.170722603441913 0.249297120339808 -0.105717673369695 0.334394841014567
-0.194286582365029 0.230582667325179 -0.137582738300193 0.301624767577004
-0.243708322394914 0.0983754851569554 -0.228162471954278 0.244622608368492
-0.275608237049994 -0.0261565487013033 -0.277744641284883 0.108377362365649
-0.209524873425409 -0.258598077590536 -0.240785316339305 -0.0511724455135575
-0.0204728144332151 -0.379984064195496 -0.0744868117521148 -0.115278324706856
0.229720007466973 -0.302433375704172 0.00514933710628685 0.0072365311043514
0.447299859982184 -0.229707674781455 -0.17412321747682 0.0850754335026779
0.235630956779854 -0.273919338462858 -0.656120173133783 0.176457535776335
0.0541494733316201 -0.305744293652807 -0.377712155010049 0.357749830555549
-0.0968331421320584 -0.235135622561076 -0.0406053940294012 0.213802892414722
-0.168963423468301 -0.0914537491092199 -0.0516087081806086 0.0688918804626558
-0.158827146641644 0.0166464544276757 -0.168074775611267 0.0531338840539181
-0.118544384085381 0.0552407713338861 -0.261127522236322 0.179461883659622
-0.122375349651221 0.0764713871004633 -0.223051392103112 0.348400008265163
-0.107221977449626 0.0976096667455785 -0.155491609990107 0.407135955718026
-0.118097534814049 0.0814807233571629 -0.196947958780031 0.360878605933445
-0.13058528041112 0.00793591493774807 -0.274967513573668 0.248869534093328
-0.110334342720084 -0.0468221077893625 -0.298324626360143 0.0683851046418742
-0.0534844103209383 -0.126673839035415 -0.208429105476624 -0.0569627810752027
0.0116776513732495 -0.159659574863569 -0.0515366805109588 -0.0815879195266384
0.105699428691857 -0.134512302092035 -0.040505855168807 0.081027967911614
0.236319722777552 -0.142586367620511 -0.298350334524269 0.160556127872197
0.0570649880712765 0.0820565014301206 0.357005921070134 -0.289407295368095
0.067601956348278 -0.0161910489684574 0.0849002970757937 -0.215771550983385
-0.00824075295630717 -0.0625642476516387 0.0101169953120783 0.0537905172751777
-0.0757384294392252 -0.0314841762046525 0.150351362394692 0.0888358786745822
-0.0582605553278951 0.0600241133722608 0.291568672948323 -0.0243974067177117
0.00454510865102102 0.0776905060502886 0.310878009822209 -0.209726868824548
0.0350041866280976 0.0716287006407726 0.225415419368094 -0.365662940062292
0.0346923840251707 0.058716693151758 0.14799931161929 -0.416362292472841
0.0280391897255281 0.0574722252856234 0.201251965446606 -0.369736400038294
0.00495131545873328 0.0506239665614433 0.245292409282964 -0.234555788432566
-0.036193815402698 0.0220382709524867 0.195495492420755 -0.0597027614690249
-0.0311675266725872 -0.0348685971991825 0.0642488005307683 -0.0719690653159031
0.0427088095519356 -0.0163622702195189 0.0338868918204331 -0.190528673617162
0.0330577364161905 0.0462343586447434 0.269018183135032 -0.327758916073816
-0.0202845157715483 0.087373573493703 0.64786849469066 -0.225371516006223
0.273113977118889 -0.05152854239539 0.293356030443401 -0.307723027280642
0.188660215018243 -0.18141795830146 0.0449084323973594 -0.226843979963744
-0.0118201135929748 -0.264701860033882 -0.0211398026575223 0.0612956683110134
-0.193562814495315 -0.164421856475772 0.112679071686206 0.107637243748089
-0.216993162576626 0.0607015502264421 0.276766945616406 0.00816473723108024
-0.110254475645557 0.157468433885994 0.296709261521617 -0.172052759749627
-0.0587889439168292 0.203101785222332 0.221368533534425 -0.315664439659131
-0.0414914512255959 0.217947168274287 0.149231899548166 -0.363967210657316
-0.063793030588349 0.220532020795853 0.198508680108011 -0.327213934244081
-0.129221618955471 0.14920550908116 0.220637971030736 -0.181120361968326
-0.217518081216431 0.0469147090814766 0.159591653857227 -0.0206394610660004
-0.204433562704662 -0.169840034109874 0.0124677087927351 -0.073268093730555
-0.0138886898132016 -0.257976696997899 0.0165034056073599 -0.213891877571783
0.157760619859624 -0.163397679545477 0.279125045176552 -0.359073495744199
0.223973608391076 -0.0577773666501218 0.6370958929356 -0.262303953678579
0.452765755454535 -0.186114093500883 0.166859003440793 -0.295647684465133
0.279499086914868 -0.345391081803211 -0.0227118677049662 -0.196689576786346
-0.0324153637528883 -0.445035619838785 -0.040293864526957 0.0836873948654584
-0.306978553424723 -0.274685197962748 0.0844308813219244 0.120655965713638
-0.35650679954392 0.065358187045947 0.243524507881496 0.029202118341726
-0.210812409110109 0.223032432402226 0.245104135723195 -0.122455244311625
-0.142195353863376 0.305010072240192 0.182986747930914 -0.224183034960128
-0.109865075752645 0.343434699705733 0.125736228955303 -0.25676107265104
-0.144319325675175 0.347158917400496 0.163119063658056 -0.230451255715461
-0.24381861679448 0.224325340234908 0.15790485130007 -0.0969608774771265
-0.37116690228233 0.0645455829877744 0.0868636210320871 0.0255709258897942
-0.355380850158786 -0.28444279825404 -0.0597350142436838 -0.0706994165865226
-0.0708672998489937 -0.469761213712358 -0.015976550187953 -0.227172491596405
0.2599923379622 -0.355113824954105 0.25577030726587 -0.353961984534881
0.436272239389578 -0.192772743635403 0.551715743697231 -0.254134671649024
0.572999327941382 -0.308561014382826 -0.00531840082738904 -0.244185847630738
0.322787681117927 -0.495169739885503 -0.108322329440304 -0.11929280091589
-0.0817801246843011 -0.589125898806249 -0.0484708178643109 0.122266633253483
-0.415143107759425 -0.341821991538994 0.0609542076203142 0.128253832672763
-0.462369091759101 0.0807433293546506 0.185444532113715 0.0434991446434595
-0.282354547197552 0.267930102621299 0.159845228212671 -0.0587767594823555
-0.203080651775632 0.368382647393245 0.116910779177818 -0.100486660343984
-0.159684733969846 0.417169415059009 0.0839246029139789 -0.10998561102723
-0.200338061008122 0.419600033854231 0.104311957127006 -0.0971218598336064
-0.319875952014041 0.261404323963581 0.0674545165029564 0.00899322600656655
-0.467768504668081 0.0713692145565256 -0.0106393181577911 0.0750055153161007
-0.453598684937268 -0.359922489096915 -0.139254568972163 -0.0601139873779781
-0.115974854246584 -0.610006276784218 -0.0533956361792488 -0.221595059701558
0.322302923177234 -0.488304018822535 0.203468670530937 -0.302954262498975
0.577573231351328 -0.290807232964479 0.396564795355839 -0.201190292332666
0.60993237173362 -0.396253462662286 -0.200661634802087 -0.15242936189429
0.313177450085249 -0.592631743568598 -0.197740152187606 0.00170818008246112
-0.13558790295124 -0.65679285297245 -0.0483332717051064 0.165435656829355
-0.479895460167852 -0.357703021919232 0.0312884746334309 0.128935189782514
-0.506982326451825 0.0918481905569333 0.101585653877782 0.0577698010503677
-0.314362110026297 0.280305608868854 0.0502465253751872 0.0190212888779405
-0.236427908684805 0.377543230467556 0.0336406062986712 0.0418211525459846
-0.185410136360333 0.427787121756974 0.0305064634669654 0.0531982761112272
-0.225545921706223 0.42334822986504 0.031234829914959 0.0539539643051016
-0.344537212350402 0.254268285774339 -0.0345613798806397 0.117705803548973
-0.483046677167046 0.0604495967601416 -0.116860268870991 0.117469252684637
-0.464826967784661 -0.377600393599276 -0.206983855345711 -0.0441574853980882
-0.1297304822752 -0.64185506719161 -0.0836233840425908 -0.193554005322224
0.332428829486211 -0.527092817505812 0.133252039036797 -0.211505990786674
0.627224598048358 -0.33757525709406 0.201526055896236 -0.11267658620334
0.557957086046055 -0.430277279821031 -0.39133023772107 -0.0314943047985567
0.254083443580546 -0.596698906183703 -0.275412641333263 0.1437057768367
-0.164248056803434 -0.614481353116464 -0.044194504619112 0.198022778124671
-0.459571096036452 -0.311275493958296 -0.00403697639882907 0.117797213466781
-0.466312409133527 0.0875066251998567 -0.000649115346403523 0.0709276487057714
-0.293124731461222 0.246158109744419 -0.0687334143091571 0.098470329847062
-0.232125588070155 0.328508709443656 -0.0548967845233531 0.180696832678656
-0.184720727518983 0.371553061513477 -0.0282957903174518 0.209797985374248
-0.217888865095555 0.358859858654412 -0.0465735809355068 0.19635394298152
-0.314924447231932 0.197279189619157 -0.133247857893291 0.206295518418437
-0.410384574481625 0.0282092551348823 -0.209016906450227 0.136246074288435
-0.376116280950974 -0.336865985351956 -0.244059797572992 -0.0344586952914337
-0.0978853873993646 -0.553107324534591 -0.0929570167661449 -0.153762521400694
0.296043548221729 -0.457177059982463 0.0624417067622061 -0.100783747051695
0.572235831813938 -0.320401034507296 0.00228646818594978 -0.00657851292753875
0.422456598513491 -0.386927570423646 -0.545050319341944 0.0928141144961303
0.158777943465893 -0.490298341073551 -0.328703359421047 0.272837322995965
-0.148367162807172 -0.45912486497165 -0.0387448331586716 0.211222438781249
-0.344070407982322 -0.214789292043191 -0.035944642144239 0.0954214032527253
-0.339392444255761 0.0623011945449572 -0.0968827970731213 0.0727944403508336
-0.223174385927247 0.167928258843474 -0.175567382691067 0.161544285291579
-0.191666420423128 0.22386713406665 -0.136990722667047 0.292283156756933
-0.154427995406464 0.257172683947954 -0.0838786647955436 0.334604346960963
-0.178448249487504 0.237347285112961 -0.119035282880232 0.306053198546276
-0.236911972933144 0.109386006848996 -0.210547629199988 0.2555028604844
-0.273120574705872 -0.0115252980887577 -0.269197964453747 0.121912439192346
-0.221937357514911 -0.246077368861006 -0.241314612859038 -0.0360807046603935
-0.0411284074555966 -0.373066003343958 -0.0798063206594663 -0.114451912400075
0.212927325005653 -0.308561086646409 0.00378055304667375 0.00161112088422545
0.4296455924216 -0.251835101832196 -0.170067834196007 0.0935938338427804
0.220580411121405 -0.281725313180393 -0.639250250836568 0.199962685523644
0.0399510853159444 -0.304786514558377 -0.353326868264156 0.370047756493886
-0.108880361196569 -0.227790788302727 -0.0268701781586797 0.211386188892444
-0.171198133105584 -0.0817577945988369 -0.0464587232250691 0.0684782948561767
-0.155050156582656 0.0265513375128519 -0.163160339326834 0.0593518515318722
-0.114534045035564 0.0612647214069674 -0.250291602113007 0.191420897109589
-0.118090895910023 0.0838131854180436 -0.199096547111436 0.355958774696624
-0.100891863816835 0.103503271883746 -0.126960244346981 0.409287023314183
-0.112522363025005 0.0858004938350831 -0.172882712771258 0.368540250588967
-0.129440416195281 0.0144583917589652 -0.256772244110652 0.263436779574454
-0.111486274665595 -0.0407525596953405 -0.292053797664666 0.0843056333830468
-0.05993423953258 -0.123821086602051 -0.208799655203581 -0.0446399510727052
0.00236576107898872 -0.157340668036534 -0.0566845011955809 -0.0819995437416022
0.0977513879345989 -0.137174735960409 -0.0378725716594311 0.0773310134530118
0.226943368515411 -0.154374384575205 -0.289089751466754 0.174043623551659
0.081443320885845 0.0529245198807256 0.234428515960487 -0.384200526233091
0.0559131288942889 -0.0408098448431935 0.00828204278342397 -0.221846298966526
-0.0277033505194573 -0.0564109241547652 0.0310382412851038 0.0480911699471653
-0.0804958230655083 -0.00227850909560492 0.172177681146584 0.0286166157938652
-0.0310207664628637 0.0730527059481535 0.259419028288858 -0.123773753354692
0.0331983142189736 0.0665772128658011 0.211571389692467 -0.30169800985527
0.0578186896614447 0.0516898426238258 0.0749513627193142 -0.417889095978156
0.0510410550938874 0.0392424215124001 -0.0121373874114094 -0.428116497078054
0.0454544149688947 0.043068030177816 0.0585138054112535 -0.406381632149435
0.0205022945717921 0.0443597692276846 0.147250641814669 -0.296809428088097
-0.0250922141171306 0.0325292266131815 0.160166503673864 -0.120891847083266
-0.0396535387557478 -0.0208086226859306 0.0352138078903899 -0.0842865339020767
0.0335811248950426 -0.029461015005006 -0.0311074262997729 -0.183348810066711
0.0431624581169271 0.0351098775975735 0.147842138594903 -0.387389269361752
0.00472040870401045 0.0918879154272691 0.530355517806164 -0.405182626287244
0.237861778561296 -0.148168841263212 0.169806397136901 -0.371559388497421
0.109840077695034 -0.237767185355912 -0.0284549200540455 -0.209422435460978
-0.102070537728526 -0.240653752421677 0.0172353139583713 0.0673644666735191
-0.236074984536409 -0.0810174548043371 0.152254881001477 0.0535959897248103
-0.175513459318503 0.127862736177258 0.258789357229679 -0.0954834126944858
-0.046084446528182 0.178043571045579 0.210185222158766 -0.266684228008678
0.0145924071005567 0.206898636777479 0.0909968485800254 -0.373467005282304
0.0347764140872478 0.210168058652962 0.00326079376560278 -0.383456201203012
0.0165858313866986 0.222731813377326 0.0683467708558083 -0.367323698390112
-0.071628442470694 0.178725700292519 0.142607897008535 -0.24319538525638
-0.18328819605946 0.115682136256938 0.142887056809907 -0.0773592476947527
-0.245569792446468 -0.0891133016401111 -0.00871785300232051 -0.0667021921528188
-0.0966142808388059 -0.233816367930331 -0.0553732200146451 -0.195477025721869
0.0893638850383027 -0.19959573233702 0.143582469766477 -0.420879909008996
0.18817388627872 -0.121631296329139 0.500863527986447 -0.437815034185018
0.360434600164603 -0.336454762480863 0.0562464683027942 -0.309304098871047
0.137734762754345 -0.421789814411658 -0.0763144275633329 -0.151231674227372
-0.185149660011392 -0.399012799816984 0.0179827089993649 0.095754038009892
-0.379479969850838 -0.141084216073659 0.138104265708922 0.069843771474193
-0.301271552433812 0.1795830068774 0.23586134632694 -0.0714572908583884
-0.117137868008967 0.271253661740172 0.177752073428269 -0.208117995456576
-0.0293852419578184 0.333341119229152 0.0894073598598523 -0.280289431017576
0.0141877229665439 0.348255677401066 0.0179736824904001 -0.28100249350295
-0.0148196943437246 0.365807038701214 0.0667652184796843 -0.268482592872905
-0.15266720536198 0.28541194820877 0.114143055297084 -0.147391463520534
-0.318072117098938 0.181883950424773 0.0935883642985789 -0.014168727428891
-0.423408441406024 -0.145679800357192 -0.0702387652147272 -0.0396289446850148
-0.219389389747779 -0.408760964226273 -0.089670137091831 -0.194570715487305
0.120937678033433 -0.411148518824288 0.118947291322243 -0.408872924007024
0.343799812977508 -0.315673978293624 0.415857509123657 -0.406268841143067
0.428873353148057 -0.4938320393497 -0.0876658021848696 -0.200007455848079
0.125117924341864 -0.57583683492417 -0.124999509226742 -0.0460000303966833
-0.281162549589484 -0.514031431903421 0.03336282334207 0.132912610541446
-0.503782883684163 -0.164096751900733 0.124256488558113 0.0801300879360313
-0.393589759843965 0.229483798264876 0.188811511037346 -0.0447572157826103
-0.167925514770924 0.337528780959008 0.119548664566003 -0.122649718171594
-0.0656858459918556 0.414332235431273 0.0740532271247007 -0.146536902394936
-0.00773260714079273 0.432480484097891 0.0295129678331201 -0.135365742763033
-0.0427844861055836 0.449772036630064 0.0560180587104004 -0.126668333197642
-0.21122168236729 0.34529004207374 0.0670338127601226 -0.0223365878208462
-0.40514642217568 0.220505523723242 0.0221048279065308 0.0621337324299972
-0.539603394900352 -0.18289880257509 -0.136850200705374 -0.00284670597231345
-0.305898331502429 -0.524082785925648 -0.123855757588961 -0.174969447578739
0.134764733195454 -0.555735162854948 0.082116202046136 -0.345287660391222
0.446171689882772 -0.454558674729748 0.285559814268378 -0.31199180070402
0.433281735684158 -0.586507460288358 -0.237867456660231 -0.0493646826203971
0.0820593789979219 -0.662783898739943 -0.164312636033631 0.096495335888866
-0.357061095093667 -0.557675448058677 0.0529048942574198 0.170691779258268
-0.568300090634317 -0.15391669956436 0.0995226189049235 0.0863386026494704
-0.430518845019086 0.255359432066527 0.114888108812429 -0.00614316721774267
-0.193945950665123 0.360339893522278 0.0452430632454909 -0.0146833150851171
-0.0930384477531379 0.435371352630079 0.048448816235612 0.0113848835025481
-0.0277694567305025 0.451651047031746 0.0382529876705657 0.0307147006560954
-0.0650640185489629 0.461559041854857 0.0397381198975478 0.0358650103097728
-0.235268743832029 0.347530935752529 0.00943156791059519 0.111797219947386
-0.422893551343001 0.214974087722574 -0.0604435428729904 0.136559867297604
-0.556586636082844 -0.19603170720407 -0.193890958973876 0.0336050504772045
-0.329024846209685 -0.547732252552006 -0.143800070781523 -0.139683896899376
0.133814245741013 -0.594472711282272 0.0432598852444101 -0.239217081588332
0.478970525955046 -0.513731412756579 0.13099767459166 -0.171379200982235
0.374958457773531 -0.59739259581304 -0.374150983020211 0.122894361644221
0.0268547231032395 -0.644007720441254 -0.188330201541352 0.250109681497542
-0.368566552707863 -0.510204151766114 0.0653865340787045 0.197129051131149
-0.534210418686912 -0.119523583434557 0.0605363985040296 0.0884939720269346
-0.394564383796616 0.240229622139254 0.0248972788706295 0.0412341402954535
-0.187887267411533 0.323686885156431 -0.0367451995447706 0.100424520550565
-0.106961405922376 0.390377161755614 0.0164957122414359 0.17097294945019
-0.0443995947859313 0.400967448426927 0.0409103228766974 0.192648690830243
-0.079465045517534 0.400239514784664 0.0178407734914522 0.191847940770818
-0.225754049864699 0.285150953843072 -0.0512153640108334 0.226972067483969
-0.36707216156808 0.160876563973841 -0.139022490157424 0.186552622305888
-0.459693488967402 -0.188732804032073 -0.226358344223558 0.0536344792859533
-0.269986102897834 -0.476228891146514 -0.140461171987497 -0.102605532637748
0.122473150329158 -0.517506401662789 0.0130405723141347 -0.115909548717441
0.434956848919302 -0.482741688986667 -0.018767268896387 -0.0132242090048909
0.261633109911903 -0.508868495009617 -0.475846320977918 0.283923653317587
-0.0242183553746887 -0.510595977682376 -0.198456833204493 0.380342478854456
-0.299478793687338 -0.371472510202251 0.0654209698693994 0.206037215457348
-0.392706492590531 -0.0723925155586458 0.0163374683392287 0.0831661776510395
-0.289329634974919 0.174010611677471 -0.064245427042709 0.0816861645087709
-0.150841913361429 0.229854221927815 -0.112545398377125 0.198622692644727
-0.104135621214366 0.279571326811722 -0.0195675492383538 0.305125170307444
-0.0557709673827159 0.28760061774914 0.0358256329198257 0.327252769472126
-0.0840820656550282 0.276392962839458 -0.00916635212167317 0.31772404299828
-0.182680058868941 0.179162916458765 -0.105877249962146 0.300236021020276
-0.254099463460726 0.078789118859699 -0.201239367982818 0.197318535060267
-0.287508285847291 -0.154373461136347 -0.227525834030253 0.0491042108794148
-0.159468988262334 -0.32891688050925 -0.116360633419815 -0.0751849102738626
0.0960464268596201 -0.354138815081304 -0.00648347654744489 -0.00335220083893951
0.323544581022785 -0.374285189291673 -0.142513379702527 0.133781057188291
0.108518516632924 -0.337237508380695 -0.528598507884685 0.404137525128051
-0.0678248099853379 -0.294002610519579 -0.19531316846595 0.467214860325475
-0.18085495886523 -0.171997130298154 0.0618405244258527 0.201438971245535
-0.18614592036418 -0.013884481925754 -0.0133688058940609 0.0692058857193819
-0.132815977835235 0.0789581676444477 -0.131458457432981 0.0996838472088245
-0.0876486493457889 0.0967399706014349 -0.168289660905668 0.258429531782359
-0.0835251876134729 0.12300503124046 -0.0547409174738218 0.39128973372649
-0.057601543499127 0.130315237479214 0.0257750142569395 0.411148048653744
-0.0751461772521121 0.115648259240883 -0.0355057780616613 0.3935967947711
-0.113714847906116 0.0565615137506337 -0.146681717660144 0.324853392311516
-0.115006633662377 -0.00119505126318091 -0.236269712024512 0.174862628662732
-0.0973587232460866 -0.0946893120693393 -0.203955182754319 0.0292695273678652
-0.0495848943958335 -0.143754655554559 -0.0834563166516437 -0.057342331523021
0.0456364572441494 -0.158386125847594 -0.017191423645367 0.0798473658852552
0.164105353583677 -0.219816791159092 -0.22051716296367 0.246593384488108
0.0809869176987477 0.0503646265302556 0.226859402082544 -0.382625882406947
0.0541362761971011 -0.0412428409186265 0.00617839924452195 -0.216511686156354
-0.0278422120145687 -0.0566506270527413 0.0328397739709215 0.0476480042572416
-0.0804269595901725 -0.00097851883028274 0.170131438008138 0.0228526282541715
-0.0301080108479088 0.0728327292339959 0.252062705971086 -0.130066151985719
0.0332529201175143 0.064521690719341 0.201356880295677 -0.305326151277399
0.05732742158304 0.0492297681724791 0.0631438458549702 -0.411039953994769
0.0515363011974534 0.0371762860955844 -0.0240590503456181 -0.419510860467806
0.0471088220002289 0.0414229316013627 0.0449855286073042 -0.4029593569621
0.0209946354963799 0.0424407485275425 0.135793287586956 -0.296658254636679
-0.0237609818578251 0.0320383130152306 0.155349849100339 -0.12320929962574
-0.0388293865955846 -0.0191277638883406 0.0312225752600419 -0.0817068314019843
0.0329865823058365 -0.0303328621973476 -0.033514354857851 -0.177513216275023
0.0426644360633796 0.0344618540030256 0.142150418322004 -0.386056984309609
0.00559747951249137 0.0914234333933021 0.517300231014063 -0.410348064324987
0.230759257142144 -0.151240729711682 0.162824220044705 -0.369350787725876
0.10407007390443 -0.236662323443093 -0.0300733325268934 -0.203358507863198
-0.105298561365074 -0.235844127840866 0.019558815803362 0.0654400544254715
-0.23557200054268 -0.0758638729212552 0.150539824779238 0.047812606793797
-0.170443694832391 0.12996476251749 0.251592129749589 -0.102862730217906
-0.042252733099081 0.176140511014652 0.199684743653255 -0.271086185769322
0.0185672620828635 0.205056300493282 0.0790136315397866 -0.369475325649038
0.0409129067102089 0.206971581016518 -0.00772391896602641 -0.375568035875029
0.023390477744375 0.219199281295269 0.0549450591061125 -0.363764995979717
-0.0672087705627505 0.178071232708683 0.13293821253615 -0.243811930377642
-0.178271857948811 0.117722427457958 0.138704281394538 -0.0802923153852033
-0.24525065575017 -0.0821575787569426 -0.0114629400237896 -0.0628816804220375
-0.101685303593676 -0.229389163672292 -0.0575989864470013 -0.190829236450797
0.0842206401766973 -0.198725476258346 0.13627932861253 -0.417618686481549
0.182399681708446 -0.124136468445511 0.488884621104774 -0.440278611624392
0.347422211093761 -0.338106412030097 0.0511597636272497 -0.306263055741984
0.128497604824496 -0.419420422168076 -0.0760461789578834 -0.146151406628468
-0.191696375171981 -0.388611887888485 0.0220050763020815 0.0920865281326543
-0.378822654361939 -0.131785920789959 0.136567535978719 0.0643496020893367
-0.292977882601984 0.184152148101883 0.230288894339113 -0.0796313864580293
-0.110038850969631 0.269591507755082 0.168614084100766 -0.211372905455697
-0.0212427736232224 0.330814902365463 0.0799438008277751 -0.277579429112532
0.0248884437133086 0.344802331550589 0.00851021052631156 -0.274824529882524
-0.0035414044338041 0.361999586510698 0.0561691854852409 -0.265940429971371
-0.146631774749262 0.285264757516194 0.107624065061708 -0.147934005409346
-0.309597499751644 0.187380453445953 0.0914727793614615 -0.0163278778322057
-0.423698460374905 -0.135154110609103 -0.0716727018589775 -0.0347204645293933
-0.22576296409778 -0.399932366909079 -0.0913285214649519 -0.190294816864646
0.113011839970026 -0.408664851196011 0.110933701618536 -0.407217792915422
0.333608476418717 -0.319592080719382 0.404548781589338 -0.407663005373718
0.412013073895693 -0.493534578993076 -0.0897301256785187 -0.19621922074435
0.113569997990405 -0.571307636005528 -0.12208334365207 -0.0421871789796573
-0.288036955487252 -0.499624327527761 0.0379697241762118 0.126721316318953
-0.500908503365713 -0.152641196002689 0.12254643038278 0.0745899267569473
-0.381639401012221 0.234903306895833 0.183691688958588 -0.0522566340872612
-0.159466221734721 0.335546304051577 0.113362841752806 -0.12523932889844
-0.0552157057790207 0.41224543718903 0.0674518195242617 -0.146321069785532
0.00597851651975226 0.428439749305483 0.0242549284988074 -0.132538427947761
-0.028865198228478 0.445334726279648 0.0494929983994016 -0.125499339808775
-0.203402614469844 0.346356492059637 0.0654925464172032 -0.0223962273753157
-0.394366938568414 0.226955583040822 0.0222740392972564 0.0607255526530712
-0.54213143311611 -0.168249971552142 -0.136429974139814 0.00370349750672833
-0.316308390217818 -0.510899297717109 -0.126081434748547 -0.171276189023725
0.124050757956031 -0.550530374945845 0.0734523085488943 -0.344454297467441
0.430467112899018 -0.459913694629048 0.276433050166849 -0.31141278758532
0.415372151986545 -0.587353131672937 -0.237032247868783 -0.0455923599946247
0.0701118382429009 -0.658546760653004 -0.159038921146135 0.0994367813805797
-0.364722599915763 -0.541910159736819 0.0576365977543654 0.163397168608988
-0.566093413685009 -0.141373313574138 0.0985818732830763 0.0818126689971551
-0.417761631873405 0.262771243327613 0.112199568809771 -0.0125910204044636
-0.184557356827115 0.358992246106906 0.041698444987629 -0.0156509376456679
-0.0827726144043224 0.435381054272161 0.0469068429948069 0.00998505911856915
-0.0132757934286673 0.448235740818454 0.0366590743613629 0.0298510492539554
-0.049826686980877 0.456775508665731 0.0385735444436025 0.035068306228979
-0.227611759610164 0.348751384433511 0.0122129313875427 0.111317809280835
-0.412774399284371 0.220557201739143 -0.0577990784908318 0.136936649347397
-0.557993011623972 -0.181659144078279 -0.191364926851424 0.0408121180071392
-0.338982015729095 -0.534986414099209 -0.146521354257409 -0.136644404139275
0.123671594535808 -0.590265365261647 0.0351213978974329 -0.238848834499907
0.460679410730587 -0.519350880147696 0.126088908689099 -0.17043105345319
0.358668943568587 -0.596871290306466 -0.369958789803029 0.126529941162264
0.015678853545655 -0.63823456463028 -0.179961368092502 0.250038295334432
-0.37630767087315 -0.493437312658858 0.0709525112468689 0.189267103847796
-0.531532873186492 -0.108676908503431 0.0600370878361555 0.0842834284874035
-0.382261714451355 0.247065928798601 0.0242398851137112 0.0363710765650345
-0.178709859474066 0.323825536102836 -0.0360605475953261 0.101090814115474
-0.0961328640126371 0.390826380585194 0.0193723490837102 0.166871419442065
-0.0302328476362819 0.39955239324712 0.0450685940840583 0.187207371676878
-0.0670263713533559 0.396461947854888 0.0220204110251301 0.190110534464403
-0.219416066485076 0.286637753835223 -0.0436294625459713 0.226371846540562
-0.35843755292051 0.16651710342743 -0.134570692768134 0.188908353984362
-0.461768356112012 -0.176182164649823 -0.223733589390557 0.0607254731636881
-0.277501531136745 -0.464392784346978 -0.14338006613374 -0.100858205758719
0.113486024025918 -0.512097806018287 0.00695002227952219 -0.117443707028911
0.420455593488466 -0.488719308947652 -0.0190606197165475 -0.0106567250016253
0.248670160347967 -0.506996734837357 -0.46878173323918 0.285859323205709
-0.0320171531409747 -0.505879713217623 -0.188315681793815 0.377721035208353
-0.305679293121977 -0.360439087271674 0.0701521950429994 0.199044219521802
-0.39030621138016 -0.0649864412006498 0.0169403055809931 0.0803429123655657
-0.279976657027087 0.179233275702569 -0.0630317461334934 0.0795636897889507
-0.144228211111662 0.23069855905226 -0.108161814623774 0.201020125169703
-0.0961139251672318 0.281890052517388 -0.0112647266433956 0.299915258895759
-0.0459142096910989 0.28812978318508 0.0447524872014632 0.318905189549575
-0.0760773346230685 0.274738372598162 0.00034325889791047 0.31408618337403
-0.177581965292397 0.181611217914694 -0.0955830178563229 0.300252539279138
-0.248866287424706 0.0831516582143203 -0.193996700281966 0.201436627709335
-0.289488526241958 -0.146862288029508 -0.224112618431469 0.055623108385445
-0.167215711759132 -0.320308826392068 -0.120254537667561 -0.0739496094016753
0.0894599651222942 -0.351150525924248 -0.0108689564704426 -0.0058345831873404
0.311099213162749 -0.377248746047824 -0.137796926179585 0.136772198926409
0.101065570642375 -0.335601926182605 -0.51909885203973 0.405080350031781
-0.0712648205077602 -0.290776035341893 -0.183373655529315 0.464415513932743
-0.184298614751926 -0.166578648136958 0.066293479414548 0.195885384207911
-0.184536859714555 -0.010465131480748 -0.0111824980618862 0.0673303814062333
-0.127389256445196 0.0817558073362776 -0.128413303401974 0.0998293765185952
-0.0840375299047457 0.0981704453664564 -0.16199730798227 0.260915635123792
-0.0788149253765082 0.125655300456591 -0.0433489563947444 0.384994791440569
-0.0535250252997591 0.131312294000629 0.0369180051961411 0.402294352742699
-0.0724668873861557 0.116400135143815 -0.0219207799673012 0.389802010901828
-0.112070310419637 0.0587671888400754 -0.133911793969296 0.326036974221454
-0.113489126419726 0.00123396971122536 -0.228212020089343 0.180390694899965
-0.0998398625817156 -0.091278502560495 -0.200313850637854 0.0344897727463689
-0.0532482988301405 -0.139799350563989 -0.0879776292114225 -0.056380584938799
0.0431509975781017 -0.156702165529062 -0.0193547572716963 0.0771912093319152
0.156452455050272 -0.222104442585438 -0.213603709144857 0.250274133182257
0.0813632765998484 0.048415005577782 0.222415971799214 -0.388860161559903
0.0533175209514958 -0.0423791279931692 0.00395872403753671 -0.215065171312012
-0.0282148424244422 -0.0581951485280706 0.0355079160994004 0.0473767330339261
-0.0813880744743147 -0.000392191166160228 0.170320277300747 0.0176134111774176
-0.0294019446829082 0.0733096951172009 0.248378225719762 -0.138693970024994
0.0340853629312059 0.0635108509743879 0.193364150699148 -0.314034123375804
0.0578379220657168 0.0480240383743541 0.0519582173170712 -0.412289800035127
0.0519225771445874 0.035601425837103 -0.0352044644827277 -0.416219940151337
0.0491298540954277 0.0397789328239599 0.0328768438792445 -0.40474809278953
0.0222227992038008 0.041922487788682 0.126602995363392 -0.301296300253191
-0.0229572825502968 0.0321301200612368 0.153451853577772 -0.12760659753341
-0.0383439838413689 -0.0177925486624658 0.0281586519146575 -0.0807046949240816
0.0325538032739696 -0.0316920144188423 -0.036201948007708 -0.175278890429036
0.0420470377714701 0.0350298097008109 0.136727040998729 -0.389010417362313
0.00620632856805193 0.0933627389012102 0.512860569234591 -0.420699562522086
0.227184185141358 -0.155963814212109 0.158263449285217 -0.373210026611416
0.0996433139723366 -0.239253771592732 -0.0322900089714947 -0.201370331723052
-0.11014113877628 -0.234639661922561 0.0229373768877497 0.0643705703722445
-0.239024863578075 -0.0718918305585323 0.149908170096396 0.0433229316001805
-0.167997905736913 0.133619273336073 0.248527196016202 -0.11142283457068
-0.0393732790480056 0.176796451049925 0.191853558167534 -0.279733603571096
0.0229203419127973 0.205856089280395 0.0682554335169443 -0.371233694426145
0.0469576522544449 0.207056350051157 -0.018533730597166 -0.373167640576889
0.0300793643929981 0.219140974345332 0.041870540455879 -0.365325143599744
-0.0647720904057283 0.179784171349152 0.125463670807879 -0.247500911713496
-0.176358428400238 0.122045538271721 0.137133652709725 -0.083730296335204
-0.248780513065344 -0.0761532361694664 -0.0140588012633434 -0.0605903811521543
-0.108285331223199 -0.228878821494372 -0.0600637709604679 -0.189811505784999
0.0801579776541454 -0.200382335821498 0.129900726610228 -0.421940743610085
0.179725412173471 -0.127873124681899 0.482875236720123 -0.450973112514744
0.34047835710221 -0.346066434163025 0.0458801347924965 -0.30897832608766
0.120816157308943 -0.423130259781591 -0.0767296485947119 -0.143357951326181
-0.200131874573223 -0.386084776501552 0.0252297289760402 0.0890090487188889
-0.382982065810886 -0.125672778782026 0.135864140652576 0.0599083580301024
-0.289488257781002 0.190658943347217 0.227136296464164 -0.088097266361263
-0.105829707243094 0.272660068234679 0.16220730264783 -0.217720788435847
-0.0137237225910399 0.334156787092584 0.0712023188324007 -0.279825050192284
0.0356710229286983 0.34612185436479 0.000447876442440926 -0.273011640319071
0.00708521205407691 0.362795476921055 0.0457460629564386 -0.26714798781157
-0.141883091305869 0.289855747527526 0.103317947383159 -0.150062133033659
-0.306601880210485 0.194548634478935 0.0906865510340875 -0.0185613679149676
-0.431122357578034 -0.124749345327821 -0.07372022339747 -0.0303727914385427
-0.237402446036994 -0.397178164600246 -0.0949514603504981 -0.18967605257672
0.105740133713 -0.412892129799502 0.104212232152409 -0.411616171353144
0.326329250926833 -0.329024412772139 0.400231595078675 -0.415843754238493
0.402133389042377 -0.50288566147344 -0.0938406718931695 -0.195918121185868
0.104324014075657 -0.575421911358079 -0.121281689610174 -0.0389197440580333
-0.30163716386513 -0.494747219198187 0.0418913074793498 0.123003570783576
-0.506925035387003 -0.144160709611798 0.122205290953688 0.0700473614186602
-0.37591574761365 0.24442904764198 0.180605491026028 -0.0609235066094424
-0.154414240111027 0.339563049705513 0.108464161564823 -0.12913678012938
-0.0452337587936785 0.416810692414375 0.0624575244475761 -0.147757965589808
0.0194884632325592 0.431321413175752 0.0197682849835709 -0.131553929988003
-0.0174774894193142 0.446269571740513 0.0438405541591671 -0.125446295453962
-0.198349773188837 0.354031553332434 0.064387457702067 -0.0226751838488502
-0.391295869736237 0.236379587274757 0.0229230655225151 0.0615773410205344
-0.549119820914408 -0.157295605587105 -0.138167660299474 0.0099503781684379
-0.330888956532378 -0.507264214384555 -0.129505247365883 -0.170438757504239
0.116012325461485 -0.555250896188935 0.0666280430515939 -0.348445793083492
0.423377936845528 -0.471741172904789 0.272419723766278 -0.316654514900985
0.405107988136423 -0.596029178936375 -0.240004664796999 -0.0416947058360899
0.0588342166820524 -0.662197769479334 -0.155730052228167 0.102170628890396
-0.379194506096481 -0.533680000613004 0.0633249975069251 0.158391704668772
-0.57378179199282 -0.13272536349224 0.0984663974098402 0.0779707627557705
-0.411825117324028 0.27440110382076 0.110931802679607 -0.0196295091748802
-0.177737966011651 0.364537416298943 0.0391732301783372 -0.0165237725602172
-0.0721789612604173 0.442066627145472 0.0458213732265469 0.00849134244499102
0.00175560941786457 0.453134230526981 0.0367028008025775 0.0295636069066495
-0.0372442870978401 0.459899190579858 0.0379229163937956 0.0353241820276047
-0.222895940904348 0.356165014412679 0.0152867724890664 0.112653746854247
-0.407410058402044 0.230455976245291 -0.0556754250403469 0.140278355248537
-0.568350188134919 -0.16989748247336 -0.19210807596142 0.0479827600060305
-0.35339828697567 -0.529809436372838 -0.151966509683045 -0.135556823386694
0.11290825287595 -0.593201003136264 0.028979656116764 -0.242084257699793
0.451909780929159 -0.533260583505552 0.124305181335616 -0.171314699219799
0.345946653183885 -0.605951085762776 -0.371318971533206 0.132903022699459
0.00294462687581598 -0.643285547694989 -0.175100097287566 0.254705192841778
-0.391105000801351 -0.485440304457643 0.0760375028505976 0.184361511259962
-0.536846872570139 -0.0996059346106103 0.0609892239994236 0.0812231865880444
-0.376889146818295 0.258321232437792 0.0241742889594146 0.0320779124569188
-0.172729516312356 0.328974023265544 -0.0359207386731778 0.103333654827229
-0.0861717440813962 0.396774126484781 0.0227237173740205 0.166004923905843
-0.0180430781473001 0.403649145003654 0.0483443903132329 0.1853583616732
-0.0566626336609639 0.398974157132612 0.0266512205990214 0.190653683532785
-0.21579179612742 0.293173787970741 -0.0367710101281347 0.229837891345968
-0.35500165173903 0.174160024902156 -0.131379808867177 0.194508624911609
-0.471569666840037 -0.16581951972143 -0.223200918758638 0.0680729809875678
-0.292533151066238 -0.459893956679102 -0.149671713703974 -0.099667387141644
0.106149940408857 -0.516286359639435 0.000730437112978772 -0.11929365194379
0.409792817551189 -0.501852430424718 -0.0187146800344336 -0.00843670246565041
0.239868442082493 -0.514158200520116 -0.46753145832793 0.295152359574868
-0.0407771560179667 -0.509620508205468 -0.181435571251924 0.382281770844801
-0.31632353946256 -0.354630653869671 0.0755332781157976 0.195148762619049
-0.393524561842662 -0.0584365936877402 0.0180128374685763 0.0786395857294011
-0.273944474064885 0.187442138842782 -0.0620987709283954 0.0782860658180791
-0.139950308953981 0.235878399226023 -0.105422477470909 0.206930196320984
-0.0894231845094018 0.287634142998694 -0.00486453859058131 0.300417235784161
-0.0372282946105769 0.291141351120473 0.0521903370317075 0.31645334820581
-0.069173107123643 0.277836716749679 0.0101041816083547 0.314671961937474
-0.176588027583958 0.186734436058357 -0.0858622346948831 0.30485089691623
-0.246545017651479 0.088694476888622 -0.189663300483185 0.2093071534748
-0.296817620785471 -0.139768097644673 -0.223553982959497 0.0622457580415157
-0.175699812112015 -0.316097823714759 -0.12616145773691 -0.0728499357969603
0.084346816407997 -0.353844779849221 -0.015536730774248 -0.0070327980283126
0.304139212904727 -0.389716030388025 -0.135286597566538 0.141359604313236
0.0962341962152376 -0.339452962190677 -0.516023680374847 0.415169481918551
-0.0772799677878213 -0.29200423437821 -0.175792263309681 0.467950124991621
-0.190519326231639 -0.162742196617713 0.0709927422543226 0.193556320712669
-0.186105086057591 -0.00824059460017907 -0.00893704679291257 0.0668439319773802
-0.124255972848064 0.0859193366171823 -0.127198070040173 0.101557299383119
-0.0817451423317078 0.10066893274243 -0.157609396186533 0.269121298504912
-0.0761469991594951 0.129726598898081 -0.0337425042976809 0.386017849958682
-0.0490070767415036 0.134527381188425 0.0477448691467793 0.398723338245422
-0.0701706546529119 0.11874825297314 -0.00959366657803229 0.39007744004503
-0.111685678201517 0.0618652547418024 -0.123389744276226 0.330358786963952
-0.113024414768096 0.00300051369280293 -0.224208207568007 0.189338514743827
-0.103663614455157 -0.0887657724384178 -0.200270944795186 0.0398970042242033
-0.0570808896754929 -0.137444631799281 -0.0942313902964159 -0.0556405875760568
0.0418357901149753 -0.157944810118848 -0.0221656222155108 0.0765188507123612
0.153085667805026 -0.228024943910984 -0.208526731335018 0.256130520280684
0.0829202972956395 0.0459916665120898 0.212247494752796 -0.40071280526023
0.0517600970723024 -0.0446529414015497 -0.00149295187840692 -0.215482940067368
-0.030247902751806 -0.0597659821434325 0.040231412802499 0.0461401116284989
-0.0838004854390355 0.00272568405302922 0.172095145234111 0.00937596267211749
-0.0281301792833077 0.075510262428172 0.242498293166327 -0.152925514834835
0.0363953300824994 0.0625799646172821 0.180343167028622 -0.328758588834905
0.0595802745579586 0.0462918914022101 0.034916485620105 -0.417460791287591
0.0536724343713666 0.0335440354253998 -0.0536474610270397 -0.414846623395937
0.0515071228217909 0.0369809768779681 0.0131676850726918 -0.408078277593391
0.0241275375573428 0.0405670665087712 0.112934768793215 -0.308525838490704
-0.0220384608538192 0.0334907395958293 0.149281220410295 -0.135150279582022
-0.0384931050062203 -0.0163565591953276 0.0241887672867872 -0.0804697026919471
0.0308598834568953 -0.0336677532529704 -0.0410945819682823 -0.174853610497521
0.0436708779305751 0.0366805891055274 0.126034146690158 -0.398300896640619
0.0095156596301298 0.0957143047998574 0.504334213573552 -0.442401858362268
0.221139549589241 -0.164832566651688 0.1471956284374 -0.382310560280358
0.0914109193975189 -0.245003595853195 -0.0368868977800119 -0.200391581572393
-0.120332358579815 -0.233699849777847 0.0271835850403764 0.0624488410591804
-0.244492272801944 -0.0650161764571948 0.151461891918935 0.0361633688651936
-0.16484236380399 0.141661117265353 0.243353863497106 -0.125298356303839
-0.034631980989259 0.179367066921537 0.179560464431564 -0.292197338779347
0.0310988071124172 0.20748596487721 0.0521962531404013 -0.376010105542442
0.0575821282305637 0.207215867371902 -0.0346733339847864 -0.371692977582781
0.0409405327935954 0.218527640659427 0.0240179521140983 -0.369104187716708
-0.0588524629456446 0.184181595746018 0.113660453508416 -0.254172255035169
-0.17332561476997 0.13028400637793 0.134532441230823 -0.0901138908684381
-0.254852301619136 -0.0672490613872349 -0.0181821247092197 -0.0580117660260336
-0.119412514068663 -0.226833012042424 -0.065811968113401 -0.189169185420222
0.0736572131058695 -0.203755788885778 0.117930760474974 -0.431052130109385
0.175846678284247 -0.135517940238999 0.472256922504226 -0.471874812153293
0.328582904861681 -0.359862177154656 0.0364906020060908 -0.31219621549606
0.105875760898585 -0.431319400088186 -0.0799694062109235 -0.140275037330461
-0.215923610700072 -0.381678032986748 0.0301606122126392 0.0856830336393646
-0.394156844257781 -0.114007740112938 0.136564777880879 0.0541219840536536
-0.282740832409744 0.204386655855975 0.222466595958572 -0.101759470446268
-0.098370798480242 0.278132213960364 0.151433931993915 -0.227479850843611
-0.000210128672589571 0.339664553409631 0.0585133257393684 -0.284264258250766
0.0528534278538816 0.348580303700539 -0.0112692101860987 -0.271525320898953
0.0232732557892302 0.364263873380206 0.0315120311592667 -0.269031657075094
-0.133962124141938 0.300145381384503 0.0964567572045249 -0.154438256811538
-0.301537213074659 0.207623089383622 0.0899870041887543 -0.0214348030596856
-0.442460938515084 -0.109748752848918 -0.0771817088211871 -0.0252705343675407
-0.257234248501653 -0.391065079974464 -0.102604637292159 -0.189417631738504
0.09242823592528 -0.419551334975276 0.0911157784776112 -0.420198535860484
0.317464679235431 -0.344670488344884 0.390171589574639 -0.432271979328085
0.386023485744589 -0.521135109584216 -0.101931128410449 -0.193632414546718
0.0829049414666434 -0.585333267269687 -0.121298201628487 -0.0338605360109406
-0.324007209224317 -0.485597311818672 0.0472563970241245 0.118030533824658
-0.517629676800954 -0.128409098331942 0.123063238755587 0.0643239391147087
-0.367441965865956 0.260872126224668 0.177302496220025 -0.0722730864103574
-0.144621366337202 0.348062465866929 0.101916581358605 -0.133982173255737
-0.0270835101367227 0.424724313992937 0.0546734655122425 -0.151420634547534
0.041315861462704 0.435740593519108 0.0132773595635411 -0.130766002713261
0.00408880481029613 0.450489016603413 0.0363994762770128 -0.12697006289856
-0.188877080135718 0.365177449253798 0.0626081858909977 -0.0241885121884686
-0.386360128614525 0.25215342640934 0.0244647404871844 0.0623787508114296
-0.566723836106372 -0.136360837371229 -0.139944698703398 0.0176827600132378
-0.355247398347464 -0.497442386114096 -0.138351611523963 -0.169064518772331
0.0980556309554255 -0.565716058920918 0.0529288369737857 -0.354303449657065
0.407569426240319 -0.494017416625473 0.264779953606994 -0.327256392148621
0.385047834456532 -0.615834595279986 -0.244905840854465 -0.0333793778504004
0.0350565701440229 -0.671752751448065 -0.151520787927429 0.109791643136633
-0.403377510753496 -0.52350465795097 0.0689889563144049 0.152407459137073
-0.58387333864749 -0.113922062127171 0.10007791277309 0.0736473579184986
-0.401211124026898 0.292876152607997 0.108237726380772 -0.0284474525378491
-0.166699994022549 0.374259383038633 0.0359285984782457 -0.0171310268554839
-0.053433740605294 0.450014723825184 0.0440081680706289 0.00675715960096657
0.0235363404278526 0.457012383778634 0.036977928836633 0.0290405216788037
-0.0183725090645377 0.464961701604341 0.0380196106801695 0.0350737148918203
-0.213570236760241 0.368752266858921 0.0201907906167666 0.114543195798472
-0.402410066172858 0.246655279707984 -0.0514575381768537 0.145046628297337
-0.582706908818064 -0.148411010455247 -0.192945251154505 0.0578601612986188
-0.380051067889441 -0.518949681040043 -0.160310082127354 -0.132796336389453
0.0969971528835341 -0.603845635305688 0.0169882188055894 -0.247199332441307
0.435890292193532 -0.559378761487234 0.120268317805175 -0.176334843212188
0.326943487415179 -0.623825368693515 -0.372426493534041 0.147704826915512
-0.0191969100013641 -0.651139882194388 -0.166036199239868 0.26319734459425
-0.414186016036302 -0.475121905081285 0.0834911344124497 0.179001411277588
-0.547108641339037 -0.0818464930761974 0.0631857300323273 0.0782597480041279
-0.366054235437163 0.276430691294858 0.0232090087524039 0.027737245561205
-0.163111712245941 0.338986768587336 -0.0339397307092536 0.108483274293021
-0.0700221762040432 0.407472832669839 0.027615375234886 0.165849145690232
0.00250343237914749 0.409314569556974 0.0555144726255326 0.184828401606536
-0.0397209471833921 0.404937896638194 0.0344524591756357 0.192086339954183
-0.208747979773941 0.306418325763496 -0.0264790305074619 0.234498611194419
-0.351570696834872 0.188802301655968 -0.124375303079013 0.203560709630391
-0.486131068583343 -0.147191722204192 -0.222984045849519 0.0797159258521815
-0.313976240662069 -0.45038285452825 -0.158238150772966 -0.0960613733241706
0.0903936263043107 -0.526703092545669 -0.00764301526108993 -0.121210921243843
0.393342875523333 -0.524977657325493 -0.0185400737132287 -0.00662173399331488
0.224167850679641 -0.527399028823083 -0.464672002286984 0.31318204916931
-0.059906309403598 -0.516310428597662 -0.169403321132063 0.392676690658454
-0.335593178232875 -0.34465257109418 0.0833523282695946 0.190771960862198
-0.402158783562935 -0.0456685962199173 0.0214943336612504 0.0778636455791656
-0.265744547091604 0.200657937588272 -0.0609424512707806 0.078298304756986
-0.132193006835511 0.244403074595223 -0.0992974618036487 0.216028356965961
-0.0770612030757437 0.296270286248972 0.00602746179881993 0.302332673308612
-0.0221875246000724 0.29687229517204 0.0651443357805844 0.314745208980243
-0.057825859114153 0.284285710701146 0.0241342594742786 0.316761944138874
-0.17200718547734 0.196350152967599 -0.0718543676471522 0.311872387278735
-0.245243056866857 0.0975450172660825 -0.182459974672645 0.220641969581079
-0.307556465505591 -0.12869515507524 -0.223938231869827 0.0735060032308077
-0.191597808914971 -0.310666573616184 -0.13509224051464 -0.0693098785671484
0.074036468259866 -0.361686831996591 -0.0202981609986766 -0.0070989005447076
0.290457126654993 -0.408106678425909 -0.130167819649725 0.148613061896163
0.0860272407991647 -0.34675362430377 -0.510021023282845 0.43621775427027
-0.087750457370641 -0.294148065942168 -0.161830492695207 0.478436295669388
-0.199724632439042 -0.156717305888122 0.0789590111220273 0.190716723592872
-0.189513073828944 -0.00277243014143316 -0.00510662143133514 0.0668768427951878
-0.119756989136707 0.0917916710242882 -0.125488626637171 0.105840451359484
-0.0785563063846543 0.105728641732425 -0.148927223917695 0.281988070546982
-0.0708580841577992 0.135565534752808 -0.0186381845904594 0.391196266758037
-0.0426146084606495 0.138492075741459 0.0643978511631896 0.397563548890497
-0.066204787531305 0.12391423885893 0.010275205380877 0.39182697058751
-0.111636898273602 0.0679259487397497 -0.107565040850012 0.338403050609484
-0.113080909434208 0.00666729538632093 -0.216979034131635 0.202073496078212
-0.109198835367339 -0.0837805961355394 -0.200663617636416 0.0489366046011275
-0.0638042104529636 -0.134117965447206 -0.101969724857667 -0.052689513229933
0.0370763029461251 -0.162336474841837 -0.0229865666386411 0.0783408140335204
0.143945373145764 -0.238866554509151 -0.199938085858139 0.266909243908616
0.0838448377157493 0.0422067994589339 0.192495761044708 -0.411646156785343
0.0487781441810838 -0.0470397290934566 -0.0100208784161906 -0.213867499313423
-0.0336259698077946 -0.0593804390814234 0.0460276346042669 0.0429633758948388
-0.0844030379046626 0.00695799467972591 0.170959335726501 -0.00160874827124984
-0.0254285539065233 0.0770491406054737 0.23072912108494 -0.167047062947692
0.0377383254320364 0.0598912964484067 0.157493851581763 -0.340527422724915
0.0615741304217481 0.0431928354579642 0.00942710614522849 -0.417455365876762
0.0545813916277323 0.0305186631711555 -0.0750472526328932 -0.407264891216991
0.0538162022845003 0.0329102511902555 -0.0137317527396511 -0.406415862325007
0.0262373541861586 0.0388386461167643 0.0933454089847286 -0.313455614794521
-0.0205473769957617 0.0344251561913197 0.141062013575802 -0.142304747263812
-0.03857770794164 -0.0148372174712335 0.0182797963529558 -0.0787068663284329
0.0294493689883112 -0.0355918289298695 -0.0485339336212786 -0.172171437994285
0.0459784420799539 0.0369254728705931 0.10674492966759 -0.405252113972828
0.0149140918151055 0.0966579169234272 0.480527842400821 -0.466450351266538
0.210593235056319 -0.174258234849649 0.128617779879051 -0.389757536412814
0.0777410262587561 -0.248084298395709 -0.0446065892028269 -0.196142336265263
-0.13233987832081 -0.227473185368432 0.0323384282710536 0.0582862966635176
-0.248235123724863 -0.0524165605286123 0.150300029500895 0.0267912590187235
-0.157341007111531 0.150972953975697 0.232433508049771 -0.141173810120866
-0.0263273637462653 0.180762556742354 0.158712378353091 -0.302681233151513
0.0433620875050827 0.20668515075532 0.0284164367569544 -0.377876241107565
0.0701885277891053 0.204154931507972 -0.0542263621626707 -0.365018742410103
0.0541169830611231 0.214971237840121 6.61651976750671E-05 -0.366376469250843
-0.0488385593028708 0.188337518858036 0.0983101499978062 -0.258048302954671
-0.165947472671942 0.139660518256226 0.128878294321826 -0.0960832987540315
-0.259155504730639 -0.0522251305926012 -0.0221878310497694 -0.0542579593121668
-0.132120417559598 -0.219426750065203 -0.0740347597526775 -0.186988947057973
0.0638892813429409 -0.205456045448172 0.0974324091401527 -0.438041261084573
0.167310020966298 -0.144205848992596 0.449329861704019 -0.492790718057188
0.306801355239419 -0.373626146995002 0.0208671924526244 -0.313449610969182
0.0829798917399317 -0.435071056520412 -0.0841605867052866 -0.134178353602369
-0.237113966599889 -0.367775667170876 0.0356104369333133 0.0805651546151472
-0.399797429221368 -0.0951793155335259 0.135951678168205 0.0456468242125559
-0.270193279702141 0.217543317548857 0.212543472560993 -0.116564017068775
-0.0844658093576168 0.28259517924789 0.135716420121508 -0.235667420228157
0.0198674020333503 0.34003990132733 0.0397922762844803 -0.285969911914522
0.0749808319213648 0.345224822643421 -0.0266439847567072 -0.266808014921606
0.045304974047935 0.361158767255858 0.0132475245406329 -0.267321488984939
-0.118461417802624 0.307627532719655 0.0855642035269728 -0.157438887232084
-0.290063692396824 0.223895127451714 0.0883120407987885 -0.0250253953763324
-0.449435120470157 -0.0849467811575345 -0.0796930100895235 -0.0183158590010594
-0.278954051901345 -0.377791886040034 -0.111799200493289 -0.185055391882851
0.072590686008222 -0.423376732396201 0.0682432436227561 -0.425763654805609
0.297542009300163 -0.362019218889797 0.368552445936199 -0.450754395688737
0.356731223032272 -0.536229488723208 -0.111689455555412 -0.187056895805873
0.0506409791998209 -0.589562989363833 -0.120175285567357 -0.0261425230000892
-0.348519231562679 -0.465968288556295 0.0534708118609476 0.110956912388957
-0.524958365455895 -0.10425533569465 0.122708742450142 0.0571855972814724
-0.351307150406599 0.279192933581097 0.169665807216478 -0.0859126136661902
-0.126317188242229 0.35565981919765 0.0913254366511127 -0.138692201129357
-0.00284652672385615 0.428300937191463 0.0429756070705272 -0.153567051782505
0.0696934454611032 0.432267473175628 0.0053662424534319 -0.128296542868017
0.0309623924979873 0.448970238042003 0.0265314106401212 -0.125937584745649
-0.169881978329597 0.377026152830334 0.0612349915320824 -0.0251707386127086
-0.371727717584455 0.27228790698087 0.027062791958424 0.0621511379445526
-0.575341563841159 -0.104661766840666 -0.140310665740253 0.0280918302530852
-0.382378724627436 -0.476537083313672 -0.14823286329854 -0.162866409947695
0.0706211408781515 -0.568339888814854 0.0346091803638431 -0.357107059741718
0.379537334119655 -0.515928620000483 0.249123988109493 -0.340702042045375
0.351611807272107 -0.631314054400947 -0.246820872548401 -0.0201005282925026
-0.00145012257619759 -0.672326112643989 -0.143690879648182 0.118252815195015
-0.431101965482672 -0.499414115377907 0.0763577058031921 0.144520992205526
-0.589979087935484 -0.0865628036974992 0.100632830069457 0.0671170562233411
-0.382731186819981 0.31321839859449 0.103140783138388 -0.0382551534989143
-0.148001950210006 0.383628552248003 0.0338955480700151 -0.0166030983708736
-0.0255563140739432 0.454774869658188 0.0415359448272924 0.00446710177520369
0.0531995107452784 0.455197162751387 0.0378764193991449 0.0291066266546531
0.00970587328093656 0.463673904314654 0.0379198654193603 0.0348895599547797
-0.19453749602365 0.382247825106809 0.0267692302308091 0.115191828307466
-0.389811551061522 0.268350540765775 -0.0434895046523149 0.149208120582223
-0.594312558896753 -0.114772630832224 -0.191146476561581 0.0710723982216538
-0.409020868903958 -0.495397790617801 -0.170423517662649 -0.124561465914827
0.0667383678803811 -0.608696816989355 0.00195339509456601 -0.247067570834852
0.401370642744918 -0.582328811941765 0.112153789737132 -0.181241870935711
0.29438586418413 -0.637831313101028 -0.365460631485962 0.166494771011812
-0.0547399356437573 -0.649791664771972 -0.151133092900204 0.272252679282052
-0.441406257526321 -0.448762887341529 0.0919591312508772 0.170344558015106
-0.55332794105587 -0.0565717907889897 0.0653796240677658 0.0747040726074178
-0.347772221430257 0.293927748701093 0.0220406977857447 0.022416214868097
-0.145189449834421 0.34812175899118 -0.0288786641762177 0.112982049878221
-0.0444279698292185 0.413559684379478 0.0348086808195273 0.164510842175187
0.0286037275442982 0.408302816726984 0.063844986865845 0.182235930207814
-0.0143922449880546 0.406141191446211 0.0450207873167325 0.189834966121297
-0.192563155699094 0.318999714732288 -0.0121927112627469 0.236602139743055
-0.339916956622247 0.206971166364249 -0.113173735410744 0.211271735032127
-0.495520830363554 -0.119267217897303 -0.21933566032431 0.0935346616958338
-0.338454493676571 -0.430287986330064 -0.167337568143176 -0.0874455368643647
0.0644122018053954 -0.531928352504797 -0.0168791863870311 -0.120359940009828
0.360695012606653 -0.546292565372639 -0.0176148047354161 -0.00500019024631203
0.19615643488933 -0.53873484359361 -0.449961660660143 0.337543256142206
-0.0866711418042175 -0.511595249095675 -0.148894847496171 0.400953444637832
-0.354850798415566 -0.32411424214082 0.0919209036206111 0.184413941355369
-0.405302697201249 -0.0268730231151648 0.0252022788587154 0.0749488315975141
-0.251480276821816 0.214296101408364 -0.0582496142235222 0.0780188376408718
-0.119041341733499 0.251704936283023 -0.0868143577782501 0.22538330818722
-0.0587435241647182 0.301385972455579 0.0215016101128256 0.300672926483286
-0.0033009744784528 0.298154373244056 0.0807815119793883 0.308918875381738
-0.0404236549944565 0.286867431180613 0.0432597904429384 0.31439294076218
-0.161971102179414 0.206797936676907 -0.0517614315077869 0.316217457426291
-0.23923802293364 0.110114805632026 -0.168873150221764 0.231808071625592
-0.316568445513103 -0.109624409844848 -0.220184006554353 0.0871195330920035
-0.208490464390424 -0.296625790334543 -0.143511428930088 -0.061198548056143
0.0561178380020269 -0.365615100514589 -0.0237822903636021 -0.00563091927480247
0.265817937503469 -0.423204725790557 -0.121638711053878 0.155044082181964
0.06859764226957 -0.351410270610813 -0.490278839468886 0.460409440183653
-0.102579570447481 -0.290602821069053 -0.138597245167102 0.486378029495545
-0.209543894280273 -0.144400040967985 0.0883553101929348 0.185835467939051
-0.191586032698343 0.00559081965447977 -0.00044030156060283 0.0659221427794372
-0.111914242825185 0.0972338963326406 -0.120050195122063 0.110495825159289
-0.0722470081228032 0.110465845517446 -0.131272971537262 0.293163255840568
-0.0621969423054406 0.140935766882255 0.00351839336803282 0.390335623868051
-0.0336800812769499 0.141386512600025 0.0858811096168199 0.38988382180283
-0.0588803902151319 0.12776656656449 0.0344479813635354 0.389302649797297
-0.108412078893556 0.0743040275770312 -0.0848580141861628 0.343367545205509
-0.112551315213155 0.0121553631987643 -0.203581532887337 0.215999507748644
-0.115136748843945 -0.0763821397305325 -0.196530786658321 0.0616539884434731
-0.0714500301898477 -0.129014842365978 -0.109384935925593 -0.0453757510718871
0.0288080999647962 -0.165585086117632 -0.02233227072955 0.0794207455500373
0.12892457882877 -0.248670262579628 -0.185650976536078 0.276691157792119
0.0853832014126764 0.017394749537177 0.118770242243364 -0.418967228348492
0.03478499396556 -0.0563658593488156 -0.0389760444014728 -0.201092244997325
-0.0431400233338676 -0.0535593990346354 0.056586853118449 0.0313588580719489
-0.0770839088986468 0.0199615109892145 0.164817778400965 -0.0340052329841638
-0.00937128032556053 0.0732803301457556 0.18966377794678 -0.200103311590802
0.0426820359146237 0.0416340254295177 0.0908549710484158 -0.349993414445298
0.0632099474702886 0.0273543823782246 -0.0612098551154575 -0.401959895390176
0.0512038640326729 0.018222932305915 -0.133101530071422 -0.374906571929547
0.0521094065858506 0.0197414320261192 -0.0701740996697793 -0.388356401001998
0.0280479732819457 0.0316218466571435 0.0467040840876162 -0.316340332021159
-0.0162789148121819 0.0344770190456706 0.117055818031899 -0.156074513744536
-0.0400128855991407 -0.00814518992699742 0.00827214210235819 -0.0757663860193715
0.0210636873193352 -0.0368555111118035 -0.0696302311284215 -0.160726756230079
0.0468996166771189 0.0340700011150784 0.0531649877790941 -0.411428200547093
0.0225005440932245 0.090425636854238 0.410695052941047 -0.507108539257654
0.168764982415649 -0.210252276668403 0.0657679015226098 -0.378433515794626
0.0266574645625513 -0.252885082862209 -0.0605493534804214 -0.173569317873871
-0.166691031020166 -0.195545335497422 0.056037205184525 0.0456507626889559
-0.245620568001784 -0.00778893751771507 0.155996225021665 -0.00906933527063872
-0.122065576393108 0.163998608844426 0.192497446749924 -0.182240454968706
0.000521431903397672 0.168129175841997 0.0952150758199208 -0.316676848467961
0.0751801678202872 0.19131699275179 -0.0380650348654526 -0.372772938572156
0.0940052917683597 0.181220369719155 -0.109341387259656 -0.33686605311833
0.0839402034855112 0.196086359289483 -0.0529697028115176 -0.35114875921603
-0.021562595862104 0.189764763925409 0.0596362708109912 -0.265089439660427
-0.138805015476336 0.158936811256313 0.112428593002474 -0.112380635960984
-0.261948021125347 -0.0078628905795105 -0.0227619649366269 -0.0468421012904657
-0.163211044802545 -0.189012292386316 -0.0948913156983369 -0.166040034833526
0.0287799579610478 -0.203796962803575 0.0331316690930483 -0.441415146805648
0.136542143298284 -0.165688222825074 0.3705117338141 -0.530276102773439
0.225704339535457 -0.415960059163677 -0.019936135506385 -0.280306105486635
-0.000798469298852956 -0.430787469636664 -0.0811180764723965 -0.105296943690678
-0.290252413960742 -0.310895250232963 0.070324786300884 0.0638153549743265
-0.398656622521862 -0.0216703601191411 0.150408091627769 0.00575199599053631
-0.219103833574927 0.246904826569833 0.175488716919682 -0.162808946962938
-0.0391609527894133 0.276499453594925 0.0808335382595937 -0.250628547845468
0.0778378458067361 0.327276687256458 -0.0138845091483317 -0.291991571212846
0.121413564986534 0.315783781283545 -0.0707977376787951 -0.247515910304739
0.101501548855723 0.339636468355382 -0.0277038990716872 -0.257387156744003
-0.0682949422657126 0.317688660972962 0.0617858279938998 -0.167475120172119
-0.244020187429816 0.259988761108199 0.0837337665932455 -0.0406009946695626
-0.453077292210609 -0.00732588877796943 -0.0689036644506428 -0.00359812823864583
-0.328006414244851 -0.317338552679733 -0.129140751846323 -0.15432497111292
0.00530751704573592 -0.414659655943719 0.00139475731515307 -0.421568325232568
0.231961604500781 -0.394782060452789 0.291702277320609 -0.478262013589731
0.24429382737458 -0.577232086763856 -0.122148195554909 -0.13486812203826
-0.057208561475581 -0.569205814334139 -0.0912295699767675 0.00618727074945054
-0.414502231294529 -0.384840808811206 0.0993160901470294 0.0868450384064846
-0.522564893967735 -0.00736704409823814 0.144051484514922 0.0135865725497327
-0.285651824251602 0.319589166106742 0.136768512867421 -0.13005332017697
-0.0676007570166281 0.355779975612502 0.0530710594329072 -0.153035331042814
0.0726910764581624 0.418963133014777 0.00992039197038789 -0.168519046150274
0.131960760885366 0.401956461098016 -0.021219159093272 -0.12092081561271
0.10295964780252 0.42781309792377 0.00404322436496158 -0.122496643482539
-0.106512544058619 0.394689621110042 0.0563108940515441 -0.0372250518790354
-0.313653558370715 0.320336831977914 0.0373534856534956 0.0503870214092576
-0.577411645099837 -0.00594511698675071 -0.118690257197776 0.0488508110438875
-0.442911167258547 -0.396559412893524 -0.161108097619459 -0.124327992040123
-0.0161363982414606 -0.5578647984766 -0.0287732877339363 -0.350001088954295
0.291785986109583 -0.55655331017809 0.185007416144421 -0.358973342669648
0.223385448781672 -0.664458514508796 -0.223521107132481 0.047004396712083
-0.121015820055259 -0.638257628727833 -0.0884043200394574 0.148159080897654
-0.500853000690338 -0.399854916649735 0.129842634380164 0.112638644220745
-0.583789789182525 0.0227239595837738 0.126036728406862 0.022571872508777
-0.310783442055493 0.357285424934287 0.079378454673498 -0.0762212610363419
-0.0827462807302315 0.388452486110001 0.0174549029982241 -0.0279105169926139
0.0566962588657668 0.451996602141791 0.0334628528424736 -0.0185017729261446
0.122129629252198 0.427224365068854 0.0321464910989902 0.0229802585071482
0.0886381386158224 0.447221060578596 0.0371309995009159 0.0295941351187705
-0.127133836600214 0.403586412742788 0.0428669614699332 0.103098406765417
-0.330751721631974 0.319017601482173 -0.0190732421974337 0.144350003961923
-0.596278151394205 -0.00952216270842609 -0.161280545791089 0.0969031597876535
-0.471203026350094 -0.411929780508217 -0.178104526713707 -0.0826425900796671
-0.0255762344166422 -0.59803739387657 -0.0479020386064321 -0.237286809930479
0.304993589020244 -0.624274150777694 0.0683754231750166 -0.189377564410055
0.165750141129131 -0.656077159475988 -0.30732562046992 0.241126814869298
-0.166803109009616 -0.606032400210022 -0.0726004103553814 0.294302906106467
-0.499829382560401 -0.350860128927099 0.146225038932066 0.134381322811262
-0.544047970774741 0.0449707107651232 0.0915200253516271 0.0359775224716574
-0.281286873605264 0.336169434447794 0.0120926310887503 -0.00322772780121224
-0.0834361941767597 0.359099354994703 -0.0189964923750226 0.107100731329692
0.0337838920328422 0.415015044709643 0.0539071673262394 0.136798083236222
0.0934731023729621 0.386804439714189 0.0811196384447456 0.164110911613653
0.0551897666835085 0.39587199019899 0.0668025202012314 0.176665799658898
-0.134139222575252 0.342805730457631 0.022422492307275 0.226464141185502
-0.292118029172094 0.253381854370813 -0.0775492624156912 0.214899159737914
-0.502676658210302 -0.0308575475909459 -0.188354668646122 0.123843464738738
-0.391612781595214 -0.357063770807823 -0.172698488694981 -0.0479323569888675
-0.0155101192532681 -0.522848943310382 -0.0488549815684844 -0.111070445751037
0.271902189725809 -0.582698079028677 -0.034851922116634 -0.00403219465226044
0.0905835284590889 -0.541294835885379 -0.364407571382636 0.409533866562411
-0.170449283262498 -0.467633719877723 -0.0571267165763356 0.414990535458868
-0.396173108008455 -0.246063934729453 0.140617930539238 0.150352094645779
-0.39770444763179 0.0473304580871131 0.0489142642067114 0.0491884156080553
-0.203730037129215 0.246463874465358 -0.0527586352181548 0.0691266927301442
-0.0729953333400835 0.265900916324908 -0.0533313990369983 0.224551267771426
0.00105802346747555 0.311076109719299 0.0661282903505428 0.274021999797037
0.0480315875869433 0.287498840634428 0.118098893949361 0.281566615342137
0.0121367134826508 0.286055745260541 0.0838272242122121 0.29527342981496
-0.120574851718627 0.229380922407333 -0.00479538795966438 0.309698195313186
-0.210383306614487 0.144737688514469 -0.128696728090618 0.24472031237158
-0.324764148526651 -0.0507315200447218 -0.193994717692482 0.117130843964931
-0.2453849925877 -0.249342344883074 -0.148812838606946 -0.0291199339774498
0.00128123310723066 -0.362606682072147 -0.0367752243872455 0.000124964536362477
0.196926521293125 -0.450839014275632 -0.112128193611501 0.163132742211816
0.00255159846908721 -0.337725874392004 -0.388378547835973 0.524497258843114
-0.14504326141898 -0.250257216148393 -0.0442024537329562 0.490412367160808
-0.224358547918193 -0.0988665048877949 0.125305609887125 0.157031794534194
-0.184658395835148 0.0404370171722135 0.0159152413612749 0.0529182535558472
-0.0904884415099712 0.112848498107363 -0.102577506129232 0.118128605721235
-0.050014044087499 0.12498494243185 -0.0808262090741181 0.300093888237168
-0.0309622283902724 0.154036217293649 0.0656824827944684 0.368630712015639
-0.00530177726975348 0.142703166621675 0.136851026988095 0.357764471414544
-0.0306430847337226 0.136753841994309 0.0870487363311748 0.367996137038905
-0.0887981113387616 0.0915119266901701 -0.0334278189279326 0.342474937082696
-0.103751182817336 0.0301895096926482 -0.164715331802956 0.235798352272488
-0.123387321707965 -0.051515338644524 -0.179099872096798 0.0881547227647034
-0.0874976417887334 -0.109495189085892 -0.115784993976487 -0.0223594595558558
0.0039260328898853 -0.165700833138675 -0.0185554164143779 0.0817396944543198
0.0909261386350306 -0.260212833977045 -0.152284726524129 0.288410641997516
0.0816495472994852 0.0154673957386145 0.0998874061044794 -0.407459561213353
0.0308982467816739 -0.0535315258331282 -0.0407403583870629 -0.1925876406868
-0.0442380392920273 -0.0514036965643996 0.0570457536223346 0.0253061583878222
-0.0734317145886723 0.0208991556164391 0.154960973006598 -0.0394153172952992
-0.0070462410352864 0.0720239995868117 0.171899138198414 -0.198449841545573
0.0410997300191134 0.0396248290626395 0.0691311897797848 -0.339022090151696
0.0616577982537816 0.024011659708277 -0.075210100380031 -0.381826485812535
0.0497958836235727 0.016324879807023 -0.139162618804269 -0.352534357252024
0.0501420840107479 0.0164132290528229 -0.0823233499394623 -0.367274293917507
0.0278272716438437 0.0286607504754902 0.0323462405068386 -0.30326000161124
-0.014066659988334 0.034281612689829 0.10768326555393 -0.153138136090509
-0.0380319744994001 -0.0067568846592839 0.00480848319481666 -0.0711292089327324
0.0192824920845243 -0.0358835243518007 -0.072175640857441 -0.153187405784422
0.0480675440056696 0.0329986090639794 0.0395168443867818 -0.398569735530969
0.0251028561901333 0.0868825576484136 0.380356709944916 -0.497565905999842
0.154377303585894 -0.204717327756668 0.0515221987690636 -0.364130460633062
0.0179005382724451 -0.241080110272743 -0.060247881339585 -0.165736685062893
-0.165979700333045 -0.181019592738046 0.0553566103000397 0.0383715741003963
-0.238005884230154 8.52910270174902E-05 0.146978696324689 -0.0145106401802083
-0.111364660943415 0.161709263614327 0.174127475722593 -0.182287614804873
0.00478274067697246 0.162272769971333 0.0757798433054606 -0.305999763344026
0.0802809185646621 0.180615621021223 -0.0538194131220007 -0.354082880576527
0.0977419189835753 0.170642876262185 -0.115764834724781 -0.316724439445894
0.0876034017378942 0.184020496843082 -0.0655373160085767 -0.331267014370053
-0.0139079468266908 0.182752779762072 0.0464925661477028 -0.254576277794845
-0.127712236128651 0.157435510146039 0.10383989479241 -0.110899038457976
-0.251763965723467 0.00188854097363185 -0.023889767917159 -0.0414744563692403
-0.162935949817108 -0.174637507426715 -0.0963443673140319 -0.158266433974485
0.0233088524263824 -0.195720189443799 0.0172847690976345 -0.425455461521832
0.124873926318435 -0.161604966801352 0.341474708412197 -0.518321357049617
0.203816777257435 -0.40337488096323 -0.0267684001220013 -0.267120412822691
-0.0156168338800904 -0.409685463281616 -0.0769820455220997 -0.0988526663473051
-0.288533518993997 -0.287366865193651 0.0692760761424767 0.0552690115160005
-0.38865505351261 -0.00827170179879056 0.143395311865711 0.000446315736396182
-0.200932200940777 0.243678966682979 0.158049837279375 -0.162854856588861
-0.0297594570252229 0.267852708867707 0.0661594367622192 -0.242882780942502
0.0889969221657087 0.311608870447042 -0.0278105236355631 -0.277164917788736
0.129999630193109 0.299049212639744 -0.0748846560841953 -0.231990319334891
0.109809505010393 0.320487528222921 -0.0370750629578114 -0.242425390196093
-0.0545418507258933 0.308542732524011 0.0533956131289046 -0.160311670115114
-0.225082866372828 0.25828662181467 0.0782882632575846 -0.0408008587754654
-0.43579036423923 0.0104038782635431 -0.067682076676389 0.00159879405024671
-0.32607990488561 -0.291528068564591 -0.130544802558479 -0.145112786719546
-0.00616038946165909 -0.39903881469371 -0.0111939858677337 -0.406764228020501
0.208362137571536 -0.384933087501621 0.266581559275966 -0.467712512760495
0.216021896696862 -0.558187688314329 -0.120525764266399 -0.123887860921585
-0.0726931976351442 -0.5431846510949 -0.0843690076070658 0.00874753191661116
-0.409206372008331 -0.352582645215863 0.0963286511781452 0.0767321515765637
-0.505771638538431 0.00830740738504323 0.136525246864499 0.0087366141221972
-0.261921011955761 0.314136672085206 0.120829898875626 -0.131378083847512
-0.0538127539707005 0.344477575059157 0.0440456507013613 -0.147075465199652
0.0868924562279945 0.400999803345427 0.000477838408071701 -0.159895605218023
0.143211290911958 0.379973012492157 -0.0233548943790612 -0.11286315044522
0.116362311760431 0.405081919761652 -0.00184647408972 -0.114940271553713
-0.0883121073203393 0.384417951296987 0.0534891494123028 -0.0358540267145276
-0.291260500695743 0.318464539637683 0.0377753332715993 0.0492183761290577
-0.555882144072536 0.0173055556560535 -0.113104368461867 0.0539298781477982
-0.437580887551676 -0.364828232031663 -0.161350063501145 -0.114251382284876
-0.031932440780893 -0.535823584650289 -0.0375589764745668 -0.335456886764195
0.258277847150959 -0.541362867526803 0.167000004569369 -0.349640865478192
0.19314634007274 -0.641999191635618 -0.211955089567448 0.0534742385835895
-0.136947021121509 -0.608171458999375 -0.0766900313707602 0.145655283214768
-0.491865875298349 -0.364831031486523 0.125684033393491 0.101500100576948
-0.564219281327606 0.0406888621036578 0.12075086315917 0.0174375617191368
-0.285034640376931 0.350533703653749 0.0681612250319128 -0.0776824695512921
-0.066549187443695 0.376796021129439 0.0162335634228996 -0.0254939403681122
0.0737114299454288 0.432693046082379 0.0286500149926509 -0.0166090575131401
0.135425758557069 0.404210616243013 0.0320351774362852 0.0229095376328727
0.102031339777492 0.423977225236593 0.0360952403700853 0.0296474896343379
-0.109307018409343 0.393931775778013 0.0461532379527564 0.0993420294847924
-0.307383681398422 0.316190623086276 -0.0130444881703239 0.140418735227262
-0.575409865016828 0.0124849684825045 -0.152756845975013 0.101958916764445
-0.463244575456251 -0.378575276192097 -0.175820989020186 -0.0726573735430733
-0.0431437732432668 -0.573621241249803 -0.0536608165252781 -0.226062360825581
0.269574307157676 -0.606985109424659 0.0603398630929129 -0.183703319303106
0.139137324183587 -0.632969675690945 -0.287272852544171 0.241831057387907
-0.180101288874991 -0.576156351776391 -0.0585362218156184 0.286904583730124
-0.490302175763995 -0.316664231581717 0.142208447990471 0.122969819280836
-0.525468367574054 0.0617113852343447 0.089366465945787 0.0315020898393546
-0.255426963710521 0.330084902856925 0.00661788826240769 -0.00596126217807631
-0.0671968100250925 0.348944426866339 -0.0134092775928951 0.10517876369257
0.0500572459395331 0.398651133655957 0.0544489861900223 0.131013261499879
0.106285182676831 0.367558113484828 0.0833653163191931 0.155382314932402
0.0697360312166676 0.375687588720191 0.0693276417554058 0.168444499848562
-0.115847474076033 0.334831247713917 0.0312593893521859 0.217407769512713
-0.271860854774912 0.250851433835838 -0.066652613502297 0.210636243487645
-0.483294431333756 -0.00911889996118567 -0.177280046443035 0.127082492878355
-0.3875402011289 -0.328620757667957 -0.171007846078603 -0.0383742431812827
-0.0310196681567805 -0.501818547311776 -0.0515972347749397 -0.104358538780181
0.238514997743317 -0.567877129084549 -0.0333707803085228 -0.00334477570163708
0.0701566758255182 -0.521134860739596 -0.336019698130072 0.404911621887973
-0.179466720266687 -0.443678833395237 -0.0405183107698137 0.401768781580458
-0.38726961761879 -0.220560001462038 0.138668678398957 0.139979350557431
-0.384788972474979 0.0593181399507016 0.0495053808973859 0.0445533287530931
-0.184916685644584 0.240481159841699 -0.051399503992988 0.0656351562703976
-0.0598188873284549 0.258045291653405 -0.0402873124107071 0.21956171262562
0.0141946350520825 0.299960477965444 0.0717832450594764 0.261779276098715
0.0582735110973527 0.273890083163503 0.121312597926571 0.265693831575347
0.0237211324374503 0.2724749290446 0.090906163465483 0.27964220485064
-0.107299881477856 0.225549837735299 0.00833219152155974 0.296655446096448
-0.196511081341874 0.144284176951388 -0.113905272385177 0.240759643604513
-0.313773704406905 -0.035132233070801 -0.182722957654805 0.120799110318421
-0.2429141997922 -0.228743808735189 -0.147191870250101 -0.0196326784137725
-0.0119377590397216 -0.348350234757643 -0.0369699036165748 0.00289661323527831
0.170504501968969 -0.439082065249833 -0.102363073897622 0.158536291873944
-0.00759895262048906 -0.325088593687382 -0.357677171753128 0.5145797593587
-0.147680700522366 -0.236837514802049 -0.0266212723690119 0.474814075687418
-0.218021908077078 -0.0851087249037059 0.124992501621208 0.147868462933726
-0.178528739580268 0.0462165481826618 0.0186181715811193 0.0485737079804275
-0.0820527392842775 0.109655071230003 -0.0955319936420385 0.114775189292296
-0.0425745423916071 0.121373138220872 -0.0645232504214047 0.292486422240897
-0.0230631661433909 0.150223431734847 0.0761237380253301 0.351630536659344
0.00141791109682781 0.13745000388797 0.141999993631455 0.336900852959127
-0.0237077276278574 0.132039702046381 0.096934058958856 0.347009120197673
-0.0817916227436514 0.0913631290308528 -0.0171875325593158 0.327935244473624
-0.0982776467063639 0.0310767492034891 -0.147498158520448 0.232945104398984
-0.120067624467649 -0.0429954649613329 -0.16862389331088 0.0921264909755316
-0.0871063035685564 -0.099997743038342 -0.114309748852838 -0.0139867792698794
-0.00317258536579882 -0.16030809096152 -0.0167702436704895 0.0798456578823187
0.0754159337005222 -0.254447411196357 -0.137286213860428 0.280468827356724
0.0784594570334497 0.0160818639445675 0.0947609853129723 -0.392055089800306
0.0301870179425606 -0.0498322287972094 -0.0388725592883309 -0.186768929159139
-0.0448103814953081 -0.0500974745180801 0.0567316230873475 0.0204086053461152
-0.07196273582299 0.020121353384161 0.148392007092168 -0.0407236415267427
-0.00598325592634186 0.0704707364528708 0.1612169037113 -0.19229139813498
0.0386049935881331 0.0392306590430724 0.0598583345117426 -0.327264951480899
0.05936765780997 0.0225841120900613 -0.0791784280776689 -0.366249525264129
0.0484957741533318 0.0159375658153312 -0.13675133279255 -0.338149567234044
0.0475919318531143 0.015139456769472 -0.0834773052481423 -0.350501574038448
0.026800053473217 0.0266287674551577 0.0271870132550831 -0.291040462100091
-0.0131231265309243 0.0333351237202618 0.102993537208561 -0.1476841781807
-0.0367110255499952 -0.00740201707429335 0.00351929156616063 -0.0660504211087957
0.018990846890051 -0.0352517031313193 -0.0713213297745357 -0.148376715922696
0.0491987191134622 0.0324736402009273 0.0357639034082782 -0.386742787976169
0.0256449894952347 0.0844800391397928 0.366626993375194 -0.480284030319215
0.147480348537161 -0.195225918703023 0.0483807773013506 -0.350462714371661
0.0153392871657665 -0.230321395043564 -0.0566357514881011 -0.160932401130203
-0.162704335117649 -0.173633486976939 0.0539031662720199 0.033775882848848
-0.232238914919706 0.00108482756696155 0.140042015793805 -0.0156393468544919
-0.105653296372696 0.156987567078726 0.162384236628102 -0.1773964746775
0.00463944280764264 0.158747006793706 0.0663663043595832 -0.295548526379363
0.0806174192634725 0.174129485093011 -0.0587518435133681 -0.338601820578545
0.097810211814392 0.164850865826457 -0.112885081249695 -0.302889295407476
0.0862429078570003 0.17611634342483 -0.0670684256538092 -0.315908282366819
-0.0118127732481852 0.176918073688533 0.0419967565233518 -0.243792243224567
-0.121739611432859 0.153593473535776 0.0994373448468087 -0.106554166839436
-0.243444378558511 0.00391405423525115 -0.0249954133737192 -0.0374497152314202
-0.157884805053364 -0.16655121307022 -0.0958151300843422 -0.153089206312241
0.0226956856768841 -0.187897083850275 0.0160917071012691 -0.4134533966231
0.11916638757664 -0.155641800430924 0.328992513461925 -0.501321993567047
0.192743093925994 -0.386339434755565 -0.0257499650783727 -0.256486588815557
-0.0161129741891367 -0.393887178606686 -0.0722117077256228 -0.0960434966918871
-0.280946767864087 -0.273338084934554 0.0661946548982986 0.0495623952966805
-0.376781849182043 -0.00545552807917012 0.135767708183813 -0.00071003629871276
-0.191751432417761 0.235041706626182 0.145526868664084 -0.158838211487096
-0.0269660975612984 0.260651228532453 0.0586760918524006 -0.23332852984225
0.0913003180938878 0.299882081497119 -0.0331583436239568 -0.263784942079464
0.131607205100243 0.287420963323068 -0.073060642257023 -0.220811149030984
0.110116191125542 0.306597449624947 -0.0386003670763518 -0.229316377950177
-0.0499981739875956 0.299687863893476 0.0509928047509305 -0.153151723934622
-0.215024209155637 0.251369276199826 0.0749192056259795 -0.0381666487844789
-0.422214753514498 0.014887880312646 -0.0661778122960729 0.00482423418645836
-0.316249076983501 -0.278484803246542 -0.12871203072515 -0.140469437848435
-0.00711963079671865 -0.384268722360293 -0.0113882680974271 -0.394538903081857
0.197135243163554 -0.371077581176442 0.257761555348279 -0.452667434275521
0.206374198198533 -0.53584141827774 -0.115460030238563 -0.117971533146259
-0.0734583802188376 -0.520745345377915 -0.0778761972608522 0.00747164765720791
-0.395521249411879 -0.336405503957447 0.0915703195320214 0.0711900770446403
-0.494681306490172 0.0133628655451404 0.131662152339821 0.00720420129615465
-0.248785887186693 0.303172866560492 0.110329906175463 -0.129470734881788
-0.0495026131836161 0.333739765884348 0.0399371980397387 -0.14058807253484
0.0917858577318225 0.385446588218877 -0.00545865431561166 -0.150905693933997
0.145194325930086 0.36632996514514 -0.0223765559112505 -0.105759603066694
0.116300045499056 0.387578819837156 -0.00339123536700774 -0.107140073348365
-0.0809262948496866 0.372911584547278 0.0524823856851593 -0.0329895957409632
-0.279118926039918 0.309017829816416 0.0360109095779168 0.0486847418953972
-0.53767946050571 0.0219078305677517 -0.11059371421033 0.0565355514628538
-0.423923718804583 -0.347231645019771 -0.159024052446198 -0.108831092525346
-0.0327531372532642 -0.516095306961471 -0.0379887803119467 -0.325124796064149
0.24488090554769 -0.522704646021102 0.160644033021545 -0.337232355595467
0.182831108440876 -0.617874413708263 -0.202747559077394 0.0532696762894458
-0.1346480481274 -0.585815082785353 -0.0701777481330894 0.140762988699665
-0.476300923959199 -0.347022657485767 0.120764206136126 0.0954047260382638
-0.549651870455003 0.0436557888392589 0.116233270738975 0.0162888172072446
-0.271313746551713 0.337252454379077 0.0592364197048668 -0.0776373304129736
-0.0604191171056644 0.364998627547365 0.0152277398564632 -0.0234732763479927
0.0791340997086545 0.417185048316179 0.0238333146812674 -0.0131162400830164
0.138470724289392 0.388236693393974 0.0314350660582946 0.0242975555810498
0.103534094839412 0.405353544741309 0.0345553437986174 0.0310052786697347
-0.101756479814761 0.383022039696902 0.047564347119646 0.0968025214049873
-0.294523872487891 0.308848999899651 -0.0117150164357977 0.138019241359964
-0.557044207496057 0.019975516913804 -0.147933253968145 0.102580992245406
-0.450201624111044 -0.35913001265279 -0.173868487148039 -0.0668497489088315
-0.0440114713363707 -0.553210164401943 -0.0534368269048125 -0.218689402549502
0.25474447126753 -0.58579207788493 0.0580682148040377 -0.177628865041893
0.130824697165088 -0.610599006016712 -0.275309160272475 0.235339744020057
-0.1761199684279 -0.55524223799322 -0.0516240012986252 0.277352537370209
-0.474078968209606 -0.300539433492031 0.136721024002842 0.117796414178272
-0.510578916705346 0.0650201544398061 0.0868932942332574 0.0292449497823593
-0.244753320938012 0.317110277836148 0.00188952718424146 -0.00805991455795602
-0.0617506427021674 0.337937254567085 -0.0103010999978711 0.102884091007776
0.0554903704126265 0.384879914433843 0.0513868165616189 0.128742562144695
0.109182624781622 0.353062183799452 0.0812644406438571 0.15119012280191
0.0724986024112645 0.36059042591984 0.0683153423763708 0.163030828759367
-0.10973293405605 0.32558146025847 0.0349722287329664 0.210190196488914
-0.261261347941615 0.243970810326103 -0.0618948534241953 0.206502549861319
-0.467993030748901 -0.00119577372439874 -0.170797439063756 0.127366700926844
-0.3755570902648 -0.311232609748913 -0.168209719277433 -0.0321328233924504
-0.0344895152138151 -0.484288809722542 -0.0517027077950635 -0.100214426867037
0.222794175109773 -0.547128757908061 -0.0320494152601899 -0.00366306605865833
0.0655126507817776 -0.50407171307833 -0.324629306164469 0.392825936775705
-0.175699221463135 -0.428897558441502 -0.0342577377422552 0.389633276332688
-0.374324533567044 -0.208241562310584 0.13414289071181 0.134865021785497
-0.375203118345824 0.0622403662386875 0.0490292531598154 0.0423308239439022
-0.176272653423503 0.231520127033133 -0.053041311378701 0.0614457013396317
-0.0548036438127085 0.249256456174954 -0.0349271597724719 0.213751443621516
0.0200543776524984 0.290168895319468 0.0703991113983334 0.253521963625526
0.0611065504860846 0.26343365370711 0.119647171743538 0.255900643363192
0.0270696174586926 0.261543678065401 0.0908451408838955 0.267895617918053
-0.101363750092444 0.219076640317443 0.0141910038491357 0.285488074178503
-0.188662087306885 0.139927232060206 -0.10632782306077 0.234972090952982
-0.302692292470043 -0.0277754859010452 -0.174923503926745 0.120172940682943
-0.234484635907012 -0.216117060665652 -0.145283076813119 -0.013868167868236
-0.015108976363931 -0.335900696562844 -0.0367752984791944 0.00309046779713871
0.157496751501699 -0.423561098560345 -0.0987609909550572 0.15306525886258
-0.00845433825103087 -0.315321871915736 -0.344358944568966 0.497949369364867
-0.143648693726176 -0.230181367986726 -0.0222511600760757 0.460839465270824
-0.210237324013288 -0.0797654606821691 0.122867609166993 0.143749317823514
-0.175530111881367 0.047526514537468 0.0201870635188184 0.0453572908014895
-0.0775584425088585 0.104734255292829 -0.0935239656945333 0.109174703253277
-0.0388764591345383 0.117138398340676 -0.0561992391512464 0.284317217735915
-0.0189986087233003 0.146114035293247 0.0769332535751196 0.338477407945134
0.0041214184284674 0.132730461305334 0.139209735105382 0.322479562843649
-0.0201469454549166 0.127377142223883 0.0980880166324177 0.331399381337864
-0.0782519424523282 0.089542460242755 -0.0105693885320782 0.315616299656639
-0.0951440562902107 0.0302156731787037 -0.138954043081379 0.227564514988096
-0.115735699327513 -0.0381181276964683 -0.161777672391447 0.0916559661863605
-0.0845804706649429 -0.0943208863020594 -0.112893620771837 -0.00841206202423206
-0.00599967507052734 -0.154474711753919 -0.017135394985532 0.0778728349512947
0.0684194290012317 -0.246033322769939 -0.131055135840776 0.269903541079207
0.0775286238828441 0.017978130535416 0.0974245708785259 -0.385207661173108
0.0315267276280059 -0.0470060662495313 -0.0365027803658397 -0.186056492093126
-0.0447864237894098 -0.0495906319426552 0.0562500683324376 0.0170843417551433
-0.0722721624802697 0.0185414108229346 0.144776247947173 -0.0415842513441489
-0.0060028625467946 0.0705955777343031 0.157572388990444 -0.188480025828456
0.0370702907471787 0.040613134051236 0.0562084963352 -0.321892267472555
0.0584789800072609 0.0226744953002324 -0.0791232292008037 -0.359142250685371
0.0483982005387261 0.0166142232708285 -0.132023864914929 -0.332542060154126
0.0461422674758169 0.0155893023224091 -0.0812072827697994 -0.343947552849588
0.026128985858293 0.0261834763190231 0.0268607206109995 -0.284756017284758
-0.0127872879273024 0.033064537489818 0.102197574280162 -0.143746620017233
-0.0353029017817594 -0.00774027300052268 0.00336280047615102 -0.0632360822418555
0.0202636012484125 -0.0348148014681974 -0.0706344163420818 -0.148105861223377
0.0511633376779498 0.0331062869391521 0.0364943172145346 -0.38170708641217
0.0257324635581448 0.0841192164084553 0.367024480544074 -0.468830086343755
0.146720790142636 -0.188572343513251 0.0530736170333091 -0.343421615660028
0.0192470652069863 -0.224521572769339 -0.0531962042600058 -0.160261797691428
-0.159254233290827 -0.171219076850292 0.0520724089079954 0.0298102629980704
-0.230822538995492 -0.000626052808646804 0.136093455462616 -0.0164625989245323
-0.1052164665238 0.154099026667528 0.156959606493233 -0.173584141848372
0.00310646099172302 0.157791342979831 0.0634402084440878 -0.289182911634818
0.0795422796067584 0.171903136366282 -0.0598994545380908 -0.330152356383033
0.0977064837853748 0.162760341604572 -0.108346206425344 -0.29718386250859
0.0845222205423243 0.172629011442918 -0.0656086874680898 -0.308420660995873
-0.0116671146830955 0.17459627431659 0.0420314800800662 -0.238085256914224
-0.120392824021626 0.150954079472589 0.0981758452863139 -0.103064758151892
-0.240528740861621 0.00345085361083271 -0.0250279160949077 -0.0342869072286228
-0.153622058059537 -0.165189399385232 -0.0947433970941387 -0.15273612466641
0.0263127990679663 -0.184989776689678 0.0187067439737046 -0.409543796125073
0.119214295949807 -0.151255225071635 0.330964257469863 -0.491413229454778
0.193250656840393 -0.375938063067082 -0.0210053810676304 -0.251660860688945
-0.012092564056228 -0.385388107921034 -0.0675695990841403 -0.097018578552602
-0.272443480215674 -0.270424680779495 0.0633055911052446 0.0465281785083385
-0.374809998549541 -0.0071852987991643 0.132420026252419 -0.00114384863498501
-0.190626536766651 0.229687868521747 0.139478156870525 -0.155810674068764
-0.0285777328218277 0.258374264767306 0.0568615228704551 -0.227968886868617
0.0913098250539823 0.296221252857906 -0.0351325860371909 -0.255596707300774
0.131781398292777 0.284446573988293 -0.0694879810819026 -0.216080572944418
0.106984781094942 0.301656051620038 -0.0375750519647311 -0.223055230478329
-0.0501567160089377 0.296579291498075 0.0514804798245214 -0.148577465477859
-0.214369999120301 0.246863238263572 0.0739030133455377 -0.0350318250094196
-0.417960388975159 0.0125654018420413 -0.0662102845232669 0.00803518710055703
-0.308251258118978 -0.276422451113337 -0.128189842302544 -0.140006795989812
-0.00262153812167915 -0.379796119718478 -0.00730898710895703 -0.390192024177669
0.196698932535915 -0.36361588493674 0.257868302829302 -0.443576372479983
0.206928240130949 -0.523038880098752 -0.110217933800391 -0.116932029360474
-0.0662981591331383 -0.512192227697394 -0.0731158796206264 0.00534307976731906
-0.386767190218095 -0.332076023196667 0.0890786840473359 0.0688715841145136
-0.489972125596767 0.0100532087147372 0.127858698949071 0.00740401727625527
-0.248547337331773 0.294443532907869 0.102929559994511 -0.126756251951244
-0.0510164080745882 0.331516409460779 0.0392151418792547 -0.137469099857428
0.0925365371895002 0.379500156772773 -0.00813906246773718 -0.143956600078382
0.145993833885654 0.36157518722833 -0.0199986264226305 -0.102638951562223
0.112921539803884 0.380615947774435 -0.00288196058331384 -0.102178117014705
-0.0824806321156147 0.369045684076113 0.0537823836327632 -0.0302618025288089
-0.276289135768851 0.302733130641511 0.0350921488827319 0.050850784581426
-0.533368301518396 0.0216538138219853 -0.11021136299854 0.0585658119531034
-0.416257898714352 -0.345901290959289 -0.157949735991276 -0.108311303061824
-0.0281859388660925 -0.510765010635864 -0.0352009864535011 -0.323201711337801
0.244921821507982 -0.511516221292412 0.161037555090002 -0.331762592859457
0.185049719137208 -0.604422950501784 -0.198423815999918 0.0514314790827634
-0.128761395459323 -0.57671240572932 -0.0654564758363485 0.136994085707893
-0.464903125450745 -0.342531660625054 0.117887863250338 0.0944315725998329
-0.547719403730767 0.0422384230590702 0.114295880377594 0.0160208258424175
-0.269454480610654 0.329526462932112 0.0533052502147244 -0.0769787656744686
-0.0624464239616614 0.360727993772851 0.0157896963234403 -0.0215715382510112
0.0800132674192647 0.412471666327403 0.0211548722710563 -0.00889201405595493
0.139164485781266 0.384286493042874 0.0324646871010447 0.0261481616039361
0.101160766092136 0.397734106154165 0.033920745622802 0.0333099349262421
-0.101655184677272 0.379424373541366 0.0490294345144634 0.0967719395538682
-0.292545935310647 0.302182160951157 -0.0123457000416639 0.138835223470988
-0.549456533424437 0.018927164314476 -0.147368968329809 0.104323266665466
-0.44011694617375 -0.355556815186602 -0.173096438775889 -0.0658922164413379
-0.038803822481069 -0.545260308507789 -0.0510957327038158 -0.217388385526595
0.252145960829517 -0.574499614444229 0.0587845311290272 -0.175040994038975
0.134476679268772 -0.599668931151421 -0.272373661627848 0.229860542917747
-0.170841221398006 -0.548740695739272 -0.0490634316301833 0.273562425628622
-0.464773684069002 -0.298094348949989 0.134730780443291 0.117899497247146
-0.509163200563017 0.0630218114899472 0.0858447629395747 0.0283023445860621
-0.243259094768676 0.309486276302003 -0.00386321943744568 -0.00911929687673319
-0.061817976058921 0.333287942901226 -0.00864108840578561 0.102887087219394
0.0574909273387651 0.379841235381814 0.0477142507864071 0.130346822631022
0.109967391404606 0.349067128773017 0.0802114191508264 0.150871091945434
0.0701596042247325 0.352947715519135 0.0664235129409059 0.162017030153498
-0.108299616561385 0.322174474857242 0.0366337321743599 0.207071573805706
-0.259543862056768 0.238546648869429 -0.0618013472292318 0.205421034689107
-0.462072308461715 -0.00227472305365232 -0.170718780499564 0.128293514492615
-0.366020869711435 -0.308160765921413 -0.167877977302945 -0.0302860465960869
-0.0306663608838169 -0.477124732517929 -0.0505243575660034 -0.0997981120648812
0.22092519965843 -0.536161258408188 -0.032218788056261 -0.00428390231450309
0.0691448354274763 -0.495911066450959 -0.322817099657482 0.38338609604853
-0.170659921575518 -0.426040268837698 -0.0337523007201271 0.384997776024562
-0.366474927912017 -0.206741162445088 0.132573888061772 0.13496626515987
-0.373714916970746 0.0621838238671673 0.0496232544647048 0.0398260453786712
-0.174981419016538 0.224720735273512 -0.0563248360264137 0.0587624475113345
-0.0544748178429075 0.245539584089669 -0.0325601841045442 0.210966152145447
0.0217552365472163 0.28623983190472 0.0674701270932469 0.251411807013814
0.0617938720380624 0.259521223556671 0.116891187192556 0.253426826667678
0.0261888861610318 0.256473755739897 0.0884217044519574 0.264184202158356
-0.100860359370019 0.216640644854113 0.0156205848722451 0.281030967177902
-0.186794354469369 0.136344120520657 -0.105114570537843 0.232970641968231
-0.29856452965604 -0.0264714441670711 -0.173239684097109 0.119867808983466
-0.229490201273908 -0.213286299423897 -0.144704593006209 -0.0110429419936941
-0.0128917108227383 -0.3306091366921 -0.0370057644335264 0.00319792152571464
0.155280763068567 -0.414919187922778 -0.099520878464698 0.148966270832264
-0.00577530884660986 -0.312388355855694 -0.345473440201572 0.486996717996996
-0.140502956949549 -0.230615535156001 -0.0232295453714742 0.455739224317223
-0.205788075265109 -0.080333511339769 0.122269586740278 0.144995986128737
-0.174575084344686 0.0487130078479766 0.0214197615444609 0.0423941242342436
-0.077079375373615 0.101220635406383 -0.0950059270907812 0.105400066995292
-0.0384735267002807 0.114569306567626 -0.0541545606717127 0.280186036315056
-0.017280424666032 0.144446898088527 0.0751172474550777 0.333787372783231
0.00414087115246702 0.131173038341082 0.134891743835921 0.318287269146349
-0.0202445508260392 0.124396357150057 0.0959312376920166 0.325176214854784
-0.0768525488358161 0.088386833475426 -0.0089948902707067 0.309075689988722
-0.0940691902437822 0.0279068977337952 -0.135517916981895 0.225051056530813
-0.113115991788257 -0.036371095129719 -0.159452215584241 0.0917392301683448
-0.0821438699514366 -0.091800751756615 -0.113044466427083 -0.00477039726522249
-0.0064823942745209 -0.151616491340224 -0.0180748785234453 0.0768420888262199
0.0657388191701805 -0.241554951732694 -0.132493141239983 0.264415839562485
0.0782908526209175 0.0199529420198313 0.100833289950555 -0.387842886626593
0.0337741733073236 -0.0464349857213422 -0.0363026833825481 -0.189276080221251
-0.0463854753644787 -0.050419860594191 0.0565609394281408 0.0143239307023355
-0.0755137203492961 0.0181266927305402 0.144452442546708 -0.0441826952591331
-0.00602592795394869 0.0717811290844446 0.156961127741149 -0.191223803404677
0.0370605548019337 0.0427506764624154 0.0525393514409063 -0.323548158545568
0.058979724151434 0.0230423902473254 -0.0838733575887363 -0.360135941507622
0.0496592838410757 0.0174221403110137 -0.133148098253199 -0.33609522284787
0.0463318464192893 0.0159359457518786 -0.0827341783804569 -0.345393599775061
0.0260868195446838 0.025886194536057 0.0254773719815969 -0.285399549951407
-0.0129348930585971 0.0337010976612255 0.104355394961216 -0.144595268009072
-0.0360332435307701 -0.00884492904356972 0.00284661144159062 -0.0615239625166443
0.0212548052889372 -0.0358301466843696 -0.0733212871732927 -0.150226159555401
0.053916550692725 0.0336174572210363 0.0380360026206733 -0.387908405258456
0.0265186431650126 0.0856558171470171 0.376084294539086 -0.473219537219834
0.149575549766044 -0.18785320546477 0.0565414586096856 -0.346066434696071
0.0216629725762762 -0.225196751657022 -0.0520519029132329 -0.163738523465476
-0.160024588119676 -0.172924253941153 0.051722544898721 0.0272498989216435
-0.237078177393929 -0.000742669578651932 0.135649750578576 -0.0175286456427078
-0.106788844390172 0.15533018185168 0.154377911003189 -0.174841112880791
0.00281350292885831 0.161862587264406 0.0608385221912517 -0.290487303697464
0.0821690079215854 0.173192926599472 -0.0637778546015672 -0.329515787273443
0.10155504866989 0.165039208409648 -0.108318200638997 -0.299510997482216
0.0853371524804556 0.174446723866093 -0.0661818503343829 -0.3086867551694
-0.0117674227244715 0.177078736703279 0.0425302252095683 -0.238842392438633
-0.121806322575599 0.152894802982053 0.0997576719014682 -0.10289573082821
-0.244436543041474 0.00387563393640224 -0.0260099919643124 -0.0321405994378108
-0.154409028345337 -0.167352316637657 -0.0980947217534762 -0.156303624972124
0.0293226386904278 -0.187332940387533 0.018946779408098 -0.416609307225953
0.121095875582597 -0.151776742496 0.338709893510849 -0.495378910175836
0.198001146042463 -0.376706862734758 -0.0174519616513087 -0.253937177476836
-0.00969532087347377 -0.387651669169676 -0.0654132352840126 -0.0998838179779245
-0.274873548831087 -0.273658094649634 0.0632686880262192 0.044712672455341
-0.382461180711941 -0.0063986808382362 0.131635305887892 -0.00245208108374799
-0.193071370331736 0.231411608764264 0.135874420302462 -0.156693627256681
-0.0288645446760049 0.263185258453382 0.0555658726443262 -0.228979721213067
0.095025016098818 0.299077043447575 -0.0385666565964549 -0.252849971629502
0.136946557467387 0.287955560987119 -0.0685953729551459 -0.216931447806479
0.109160656201607 0.30412240411851 -0.0380430861664201 -0.222696252719778
-0.0509314364938875 0.30080997904586 0.0528350490496412 -0.14840157831777
-0.216545801239091 0.250420924674648 0.0747676971627568 -0.0333707851036318
-0.423707790042759 0.0156010539108894 -0.0678083282017174 0.010935383185432
-0.310794370666464 -0.280502706848945 -0.13145943710296 -0.142521145368997
0.000579477291035231 -0.384578517835231 -0.00846965581945892 -0.398560089974178
0.200556955129601 -0.366281780946065 0.264728523209534 -0.448277773887043
0.213096980987338 -0.526537954928175 -0.108351787769312 -0.118376372395178
-0.0657693543311003 -0.516400591630984 -0.0699354112586027 0.00313550119413522
-0.38807192405416 -0.335391744332723 0.0894430210546875 0.0675174592370666
-0.501516345805441 0.0121162755077104 0.128698459738694 0.00624502335463961
-0.252745795915503 0.29706557997133 0.0983725572038685 -0.127527372729677
-0.0520042064615811 0.33716937201563 0.0387580109785773 -0.137872658837672
0.0968297404930059 0.383434250654385 -0.0103230496746498 -0.139705279919388
0.152690548812142 0.365612158910029 -0.018666721950735 -0.102493598930473
0.114758601853117 0.383958415700769 -0.00297881136438068 -0.100055500689645
-0.0830046146472885 0.375989610728623 0.0563975523970519 -0.0293990879050547
-0.280586198152498 0.308512867692802 0.035777524616909 0.0542292084156755
-0.541321872623644 0.023820907884711 -0.112637352690985 0.0631344345883116
-0.419553775164763 -0.349971892678875 -0.161734512706676 -0.109266965045585
-0.0247345097837626 -0.517182334200714 -0.0350378573938532 -0.330292460874009
0.248903841274251 -0.516688092798736 0.166117837092661 -0.335574716529699
0.19143977189908 -0.607944135501434 -0.198767679132301 0.0505254894461832
-0.130466514661403 -0.582570782615663 -0.0624756491744786 0.137012768750155
-0.468415762193614 -0.347491510916582 0.119416098656654 0.0945161757006907
-0.558257048489441 0.0448263224633153 0.115534252374327 0.0149148291641654
-0.273525925072342 0.332348712249034 0.0475902850429265 -0.0775529750840071
-0.0628909966430666 0.367370935321762 0.0168334799999166 -0.0208766075540806
0.0859860916168353 0.415131405873479 0.0193020742365385 -0.00354699870939159
0.14489581475604 0.389290523002042 0.034564849851741 0.027851422007683
0.102862927894552 0.401474793382631 0.0344640787326701 0.0361665602137199
-0.103044492992469 0.384585735969803 0.0518256484819875 0.098618998944382
-0.296867138124676 0.305750920215094 -0.0118745061674267 0.143746657925666
-0.558612794770267 0.022878732608007 -0.149815350252214 0.109996153259689
-0.444644188215304 -0.360934343947799 -0.176794457568319 -0.0646235885742224
-0.0372138612650471 -0.552517356148949 -0.0518040206195847 -0.221825526066816
0.255673403260778 -0.579746588781414 0.0592711459598425 -0.177122324963354
0.139655306357895 -0.605103188468024 -0.275609967610722 0.229962680386404
-0.172446858873875 -0.556160305141209 -0.0460236205585418 0.27587575846309
-0.467729444811812 -0.302498374032888 0.137817970020999 0.119188873376798
-0.520576848576778 0.0679405099279711 0.0882826575448722 0.026688353495804
-0.247114837962682 0.310820790768664 -0.00979591449965918 -0.00959154608825203
-0.0623764563469959 0.338523747482122 -0.00764406989571959 0.104305554392694
0.0624846619154716 0.384434970911761 0.0473334729590327 0.135606852774195
0.114881272863137 0.352452073859713 0.0825101004890831 0.153630815847366
0.071142828406786 0.356042802777939 0.0680816885007149 0.165516242889194
-0.109630024159323 0.327614822399103 0.0393395849734863 0.209520032550727
-0.262977429800588 0.240213996220779 -0.0616495685966123 0.210959654745775
-0.468811941036194 0.00068537103922984 -0.172719327137465 0.133734347510023
-0.370472710359428 -0.310546563176848 -0.171327387940957 -0.027706248276807
-0.0288281935128665 -0.482341341637024 -0.0515621065127681 -0.102580176706811
0.223070411081804 -0.540704711432978 -0.0337509621864545 -0.00511619254505327
0.0711300781370766 -0.501033817105616 -0.328107358569762 0.385203024840147
-0.173375975355752 -0.431930320041352 -0.0312210326213986 0.390671383244606
-0.368923598222334 -0.209460974490134 0.136970303897517 0.137813127551302
-0.381376261209236 0.0661263815227087 0.0516732708915739 0.0385950064807914
-0.177782498416703 0.226242180232584 -0.061904722260082 0.0586210450353899
-0.0548944489874862 0.248382536359133 -0.0309610095908958 0.214132482249787
0.025997969799282 0.290091588399729 0.0687493450247693 0.256166896588048
0.0657856667424633 0.263113054233262 0.118601086824414 0.257376198792537
0.0266506708456971 0.257556067079742 0.0900777098824317 0.267843986684681
-0.101497320634859 0.219869069828865 0.018779951440407 0.282755063213793
-0.190261520997964 0.136539720610054 -0.104641794413096 0.238748902721343
-0.301551376118885 -0.0240324145122297 -0.17542144193375 0.124204592585121
-0.231394510771886 -0.21398573861951 -0.147338167061007 -0.0078216036330559
-0.0130714883939658 -0.333722266779963 -0.0384280910821286 0.00222161089263951
0.15501517114201 -0.418240741521953 -0.10228380385565 0.149899253370988
-0.00536610360868187 -0.317432073330971 -0.352973862417327 0.48914675054716
-0.143630759940505 -0.234882362276447 -0.0226848846807454 0.46315432295568
-0.208096249018716 -0.0815652983423996 0.126946069701783 0.148631574255588
-0.177921105794296 0.0516222582343907 0.0239163212238292 0.040089182419097
-0.0776173884022858 0.101095769753137 -0.0995746767786816 0.105057099288946
-0.0380826501124281 0.115081929438875 -0.0527427422975886 0.283312083441659
-0.0152529384243183 0.147108608638071 0.0766586640186592 0.337994524137992
0.00592571597210724 0.132603510843693 0.13673809035812 0.322029894937663
-0.020219031823633 0.125120862261394 0.0977734133436534 0.326575240706772
-0.0776418292454402 0.0897788975115851 -0.00630804357792964 0.310985600731742
-0.0958902205809474 0.0270950013389218 -0.134996801458369 0.229363932991528
-0.112994606908413 -0.0346795613511206 -0.160684772072994 0.0947456981557593
-0.0823154441019767 -0.0910094897165365 -0.115204460259478 -0.00121037375396929
-0.00777110003410864 -0.152484057763062 -0.0188388056008766 0.0776920339196375
0.0641985834543973 -0.24380885029624 -0.136704582439324 0.26625363536068
0.0764255326204805 0.0094147994334013 0.0813507039826892 -0.394987643312497
0.0279808359632037 -0.0502274248050053 -0.0469385195426352 -0.188428566218978
-0.0521418508674895 -0.0457136523364184 0.0622472843817046 0.00414532617998967
-0.0744061505229506 0.0255003279743742 0.140570947301719 -0.0629473385913585
0.0014182671000832 0.0684688111102078 0.137116776732847 -0.206990147396293
0.0372967581863684 0.037836872354107 0.0234430216548815 -0.328565600570617
0.0600452181859616 0.0148164778031089 -0.121034923791701 -0.352804166686677
0.0498549689491074 0.0130500548327351 -0.163720339348935 -0.329932948019291
0.048745095004389 0.0112942484757888 -0.115113064820908 -0.351452153182768
0.0308372448441334 0.0245699257354867 0.00383245054678902 -0.298612854998656
-0.00762222860756972 0.0366908222994624 0.0975044599845195 -0.158807542913903
-0.0366006386938262 -0.00609579614132086 -0.00141645924137676 -0.0629457927938846
0.0220733136735027 -0.0408104046423956 -0.0913445718015136 -0.149389048006244
0.0674621577390079 0.0337618577256795 0.0069088176616707 -0.415228334732485
0.0410454386677217 0.0937386786134088 0.367323972677101 -0.51866668418489
0.124577269481035 -0.203553289788967 0.0530486823449448 -0.343529120410153
-0.00333629784216269 -0.22574150771186 -0.0490964624370436 -0.162264763666894
-0.179527101941525 -0.155440824469274 0.0700271648730989 0.00911711024637737
-0.240200477487104 0.0264314759846251 0.138789162010974 -0.0480191275851701
-0.09184196678382 0.162031862748364 0.129086841034063 -0.196570630109234
0.0136097550100895 0.160957482651053 0.0290189336028135 -0.297652839435207
0.10294543828404 0.164642171392665 -0.106808416193911 -0.329358310432595
0.115340703040592 0.157115779228231 -0.136335309572262 -0.292207600794045
0.104880085400854 0.166672337742587 -0.0936576225446202 -0.312800020240021
0.00739989065334705 0.182610754443409 0.0249791247401214 -0.253733993760823
-0.106310758301779 0.167547984899447 0.0962527465310045 -0.118214258301545
-0.247692311004386 0.0293267283805892 -0.0230673231909829 -0.0337097739334969
-0.169513513383069 -0.158396071037087 -0.107905796882132 -0.150268311218994
0.023506684834915 -0.193517830485847 -0.0191919662772448 -0.431801123966908
0.121894264231657 -0.162741914245448 0.313093698457744 -0.530467611074419
0.153940260693251 -0.395896097912794 -0.00397637623017756 -0.241561829582364
-0.0514081984625147 -0.384283162809282 -0.0473789379765915 -0.0981944047271076
-0.305814239957632 -0.242923925585244 0.0930830007705807 0.0174515392479513
-0.387653953933695 0.0395529747328861 0.139938881320841 -0.0434136212070536
-0.171565934415147 0.246538992903394 0.104770382259123 -0.181725923880467
-0.00852894135835068 0.266935898397364 0.0241394765363122 -0.237589592656482
0.131547241471693 0.291433142514033 -0.0824816141549457 -0.258778440819833
0.162701847612951 0.277636926942862 -0.0892160637716598 -0.209819702913299
0.142946863274944 0.29513754057771 -0.0564867183766824 -0.225303960903337
-0.0203000842970852 0.312799480360538 0.0424483708953855 -0.163903757540462
-0.193651942395777 0.274844035353385 0.0763110720103069 -0.046096751787946
-0.429375835390764 0.0607012278241646 -0.0582596595086298 0.0118445983599301
-0.340502277473056 -0.258296551156679 -0.133430187012021 -0.130012315499907
-0.0233480107720348 -0.396539381922597 -0.0518889347007931 -0.401211182212396
0.186556105766258 -0.392090262476787 0.226308961510583 -0.469752264551387
0.152098864044207 -0.544178280627131 -0.0776209215267758 -0.0967098728352424
-0.120165363126266 -0.508960295819854 -0.0365294779067864 0.00429553279647877
-0.426002178005335 -0.292957522755041 0.128847206668037 0.0298288004843885
-0.502495129335489 0.0747272668400511 0.138200577113147 -0.0460628987563264
-0.224793405507517 0.319667798620353 0.0631817774843236 -0.153336839787371
-0.0232898367703345 0.343166345980366 0.011342971399338 -0.145085793527102
0.146778870302577 0.379314015591519 -0.0483468189497037 -0.150280327107267
0.186251786983227 0.35528299969412 -0.0294911409904048 -0.0959589204549622
0.157442482957926 0.375062947319716 -0.00957663407501048 -0.101266527186044
-0.0461203945888401 0.391441978406877 0.0554527933823204 -0.0416935542606009
-0.253448529196962 0.338173958740154 0.0427625096211722 0.0472335943069392
-0.548869438309343 0.0816907051879804 -0.0967722652421412 0.0683476007975467
-0.457473014486255 -0.319471258653968 -0.156712159662461 -0.0903291714678617
-0.0631500565612182 -0.532847644890042 -0.078660435643764 -0.317772598064575
0.22476978815577 -0.554851079505206 0.120853295343964 -0.341186965339961
0.123533910559301 -0.622525243052046 -0.155676013393071 0.0796116733220799
-0.188320480813252 -0.566059293099896 -0.014592694971191 0.135802735693532
-0.506573504312976 -0.295142797773397 0.163799694647123 0.0490373960843799
-0.557715904851821 0.115820607736326 0.125805020238992 -0.0422798220248559
-0.242515861467146 0.357844526763528 0.0129600482321273 -0.0996279916004628
-0.031259334769825 0.376346112622704 -0.00293649042018612 -0.0266149048538177
0.13937612058328 0.412787833903552 -0.00731313146621118 -0.0163681964294373
0.181855486005607 0.379335183179757 0.0350887143221577 0.0322707606927065
0.145141389880573 0.393171435674008 0.0402067686991231 0.0373130307430761
-0.0661085127146328 0.402265704758131 0.0621323665116274 0.0913446750875324
-0.271448874481483 0.336750098334714 0.000296396311045018 0.144621935730212
-0.567169839616703 0.0810065139949174 -0.131829877806888 0.12027839566341
-0.484537475695252 -0.326838100586777 -0.166994076157401 -0.040627507767079
-0.0803408593119133 -0.568755024501233 -0.0888463444377897 -0.201118708159664
0.226285615923718 -0.621466644841965 0.0158700005823123 -0.166997136221457
0.0735443435708732 -0.61273548838823 -0.224747515303167 0.262143053223821
-0.227202872683874 -0.534970854888676 0.0106483995489312 0.274517368844812
-0.502249167153936 -0.250745965891826 0.182001053027599 0.0725051165039723
-0.515740618530022 0.134199531689782 0.096194685586273 -0.0257119316188839
-0.216988469044675 0.335486596143856 -0.0383285366172737 -0.0246575527039298
-0.0315273767156524 0.34732559539023 -0.0156617435455784 0.101413524742161
0.113617095438801 0.384383826452433 0.035997770811865 0.121833364620043
0.148284846647865 0.345157813486684 0.0941969655477024 0.154814637750745
0.108983964709168 0.350233408183265 0.0848723784199743 0.166894771320665
-0.0807816055588052 0.343583634452795 0.0588691097852374 0.208550029161658
-0.244506178350536 0.266429380870269 -0.0449111652016676 0.21985538953906
-0.476081456318194 0.0508776015689216 -0.155558829367117 0.148908143984727
-0.405016750384449 -0.284721817075369 -0.162571298942744 -0.00275517124291486
-0.0678246363384702 -0.497322097272167 -0.0778509170948028 -0.0792494862486685
0.190949409259274 -0.580779170377434 -0.0695645595083172 0.0165171710404235
0.0191970580127705 -0.501936511722869 -0.279694701886598 0.418861843325337
-0.213257079075392 -0.410268251991011 0.0252716326012386 0.389881017136567
-0.39286164918436 -0.168420937871366 0.175110333225421 0.099394069589824
-0.375922573496389 0.116277515467954 0.0585235532285662 -0.000688083547157261
-0.156328314924851 0.245333410339298 -0.0787849642977134 0.0528538375019112
-0.0298768759923553 0.257586324723396 -0.0258347816303465 0.214467042536937
0.0655074032351379 0.293689960661345 0.0749034536940753 0.243246189380984
0.0910812013336524 0.259336098333247 0.140256651929144 0.255748374064848
0.0537170445945696 0.256688932928538 0.115934765208866 0.270086098238313
-0.0831347586149158 0.232672037172949 0.0438010595424738 0.287729003404623
-0.180548198881711 0.153011677641981 -0.0869905092754239 0.253583186143024
-0.308230931376021 0.00590139762737815 -0.163908080424244 0.142734105050271
-0.253388291736215 -0.197004769260549 -0.142691034823841 0.0141919512573921
-0.0427063353287438 -0.343610085127637 -0.051418922817832 0.022461694161248
0.126060932882855 -0.448813108428172 -0.12354772002948 0.177527895674079
-0.0367043379344263 -0.309554592686978 -0.312725428863364 0.518831315805654
-0.162882536592919 -0.21645226711423 0.0265329782246373 0.465377707574924
-0.215227880344121 -0.0579258131744859 0.153682411919678 0.123913447837873
-0.172308477255083 0.0765393659087542 0.0278993374834316 0.0198109926989207
-0.0684748915975319 0.111017114286854 -0.103216573870668 0.108463271011557
-0.0251362621573879 0.121713131071424 -0.035387667159984 0.288396426420762
0.00614340859939537 0.153802418936371 0.100072624021425 0.32846248894016
0.020025931280357 0.133121484407143 0.164517991863647 0.318010492596907
-0.00783562222248592 0.128094782933432 0.128789695263138 0.32904003113422
-0.072323465245915 0.0974952616476299 0.0204883448884111 0.321254213939057
-0.0966510898905959 0.0332733798070153 -0.118503291676423 0.249087713695744
-0.117495682491098 -0.0247507352751945 -0.155427001456797 0.113255648348265
-0.0914740426772259 -0.0847572625699292 -0.115962395144209 0.0146647671908252
-0.0237422399783905 -0.156622004447363 -0.0192729196215563 0.0903296994532028
0.0420850148590259 -0.260458415332095 -0.140614414253152 0.293741684893976
0.0784697013122913 0.00736601127588272 0.0639228143499811 -0.403470366010096
0.027703684932681 -0.0521046411940488 -0.0562266290381372 -0.186996396949588
-0.0555935319356874 -0.0443691039473926 0.0627480648726967 -0.000781729286118588
-0.0766862626241549 0.0298335081544358 0.13748489144132 -0.0724706339618229
0.00461636268013566 0.0696392058214797 0.125665671334 -0.216152448522309
0.0406980056900385 0.0382452359442571 0.00341588034461735 -0.331314936904238
0.0608608230724371 0.0125821884317152 -0.142679700432894 -0.346510189364082
0.0516607930461867 0.0106999880811371 -0.182772364329709 -0.324482982175915
0.0503526230576994 0.00897525149494783 -0.133796516391368 -0.347062829899931
0.0322672241606013 0.022854405467041 -0.0109630744888894 -0.299282113640009
-0.00555576733644026 0.0381459187810487 0.0916212879302035 -0.164730441841323
-0.0380920391054041 -0.0052025081548288 -0.00517600094804507 -0.0605475453875672
0.0211264944670185 -0.0441862519140782 -0.102749980325154 -0.146050526998306
0.0725173587084895 0.0299604313704521 -0.0159370281643667 -0.421800366431129
0.0467140931567363 0.0935519864548606 0.351241611171433 -0.543316658359214
0.117889658094151 -0.210013590480879 0.0390526303394876 -0.350173365912126
-0.0117597961092855 -0.227944696123451 -0.0572051584271003 -0.162045283014304
-0.18924448521475 -0.148638456836849 0.0702146062526065 0.00390694624312786
-0.244048274892274 0.0416125870115405 0.135607065703861 -0.0565133228507626
-0.0857177426690696 0.168724613094517 0.116633844395236 -0.203156293273293
0.0226509912910064 0.1641844224781 0.0117032124910535 -0.300538177874783
0.113457944758103 0.160740965948866 -0.125666879266528 -0.321391843170015
0.127697784755976 0.152129155012295 -0.152375859383527 -0.287450315701329
0.115335719249211 0.163433720720329 -0.110630048479263 -0.309672033205092
0.0169979192872608 0.184657170916597 0.0127521128498094 -0.255449855626889
-0.0991593654618284 0.176065134669033 0.0926540584457798 -0.122334646914155
-0.250210310690702 0.0434462091730769 -0.0258892639600341 -0.0298844438831055
-0.178890761924658 -0.15305350665593 -0.119755948864103 -0.147301027603757
0.0166180701269012 -0.198107561796418 -0.0430017253101426 -0.438736432795624
0.115680002643317 -0.169327019207552 0.294987718533463 -0.554798425913593
0.138422092249398 -0.404744965224483 -0.0130116235886832 -0.244516918649286
-0.0675031575496554 -0.384627315303933 -0.0510410473034705 -0.0998176893679679
-0.319893738969335 -0.230900514787664 0.09410638230215 0.0108063394226839
-0.392981176351458 0.0631617669143201 0.13726938628475 -0.0521545376810509
-0.162553355103628 0.257907555460698 0.091299529321987 -0.18628898054905
0.00600204600631041 0.2722896871067 0.0108052036894295 -0.239688301162648
0.1509085915676 0.286575228280029 -0.0967909027485294 -0.250551575874119
0.183259606615745 0.270521630841634 -0.099829503096395 -0.207183151507728
0.160398140099549 0.291443224196557 -0.0682152144604917 -0.222580948434204
-0.00388820324961536 0.318966322296332 0.0360011753669913 -0.165876337396297
-0.182413547100669 0.288470702547965 0.0766529980356811 -0.0475694128969291
-0.433972289233876 0.0864762478306867 -0.0579265052000657 0.0194198416045922
-0.35786584375551 -0.244733030907213 -0.144776599632357 -0.125405793453077
-0.0418361885680528 -0.400854185050026 -0.0741962236962399 -0.405577283238298
0.169579869573659 -0.404659287170988 0.209740359178172 -0.487101321773177
0.131361061149467 -0.556924174269117 -0.0815948125385352 -0.0951746647794865
-0.144143979340708 -0.505564492921415 -0.0335610371569859 0.00159392333008648
-0.444597828526399 -0.277002014067818 0.131907680209783 0.0217792545085987
-0.509035184859516 0.105615549871349 0.136042305131816 -0.0542912927314647
-0.211963686466409 0.334127384241072 0.049871915352645 -0.155126667626142
-0.00603002601240337 0.350302819712787 0.00359057464901866 -0.147156112833512
0.170943503343302 0.373724655805085 -0.055837650835648 -0.141442442640945
0.211822901176538 0.347067230122185 -0.0329161831605099 -0.0945375450104781
0.179942111844516 0.371007730264531 -0.0140463616766956 -0.0989319551465018
-0.025824222328228 0.399978320364588 0.0557750966334714 -0.0436835002595655
-0.240894479854936 0.35511327105305 0.0480268449575458 0.0490227652600355
-0.553309709781735 0.113641671993295 -0.0945282485443435 0.0788781246540686
-0.480473849233183 -0.300694731292942 -0.16509280095519 -0.0832046427533439
-0.0887405187522176 -0.537167231560249 -0.0975030109905694 -0.321276911912352
0.19843370274634 -0.572555826334572 0.106946367707931 -0.351152074827666
0.096799265512837 -0.636221622784056 -0.152749528748809 0.0863709644560039
-0.217358905074407 -0.563591975803085 -0.00454184477868065 0.133629224455907
-0.52672624149231 -0.274064996974809 0.17043963207639 0.0389759841000076
-0.562811429394176 0.150167195981304 0.124145334868096 -0.0503678978346586
-0.230022935100567 0.373449919792044 0.00232360512156512 -0.0980099196979216
-0.0122462450583755 0.383299186666621 -0.00402905779413595 -0.0268611958646142
0.167520714919857 0.408003245421703 -0.0070109820863297 -0.00978388271911093
0.208835688815243 0.37268713595722 0.0391643420275408 0.0317178803101164
0.168849423393809 0.391378581244621 0.0438577870161711 0.0378338934334066
-0.0452853900789414 0.4132067614429 0.0696221774722982 0.0895155277318287
-0.259326816306494 0.354344613931726 0.0101551089139074 0.150070703877467
-0.570295046828737 0.114324593773749 -0.126918345883009 0.133428294260558
-0.507008984669353 -0.306784488745203 -0.173103444754138 -0.0318019773323263
-0.10827849915128 -0.573102989898576 -0.102113119705307 -0.202017708884827
0.19533548240603 -0.639341594956051 0.00727156951705562 -0.169694168709978
0.0457154789324004 -0.623346664303511 -0.214788802774319 0.275230045487642
-0.256381747265477 -0.530531917346843 0.0277425984100199 0.273163911019046
-0.520774780281073 -0.229446283586271 0.191829977238653 0.0621567893513482
-0.518401900277958 0.168194325486583 0.0960844557892344 -0.0336189633000352
-0.20399657901208 0.349222278737601 -0.0452176171878274 -0.0197557425460886
-0.0130909693998528 0.354344201326451 -0.0092071781786037 0.102701202546119
0.138428427604226 0.380810617174767 0.0442885170975037 0.1266757168157
0.172313258941771 0.340075400654946 0.10520157371968 0.152788509906315
0.128980305108099 0.349329362453416 0.0965816384177024 0.165873900613674
-0.0632352409959216 0.353533688762706 0.072223541708793 0.207483236000443
-0.235738292301495 0.281579533213961 -0.0311998901701229 0.228711189599328
-0.479763704824292 0.0773777770880519 -0.14886774961701 0.163043469601082
-0.423283556251138 -0.265055581289278 -0.165005984807699 0.0067602727825269
-0.0936764251972766 -0.499085315433507 -0.0845709440671945 -0.0780051336188663
0.161645926318924 -0.595526511939258 -0.071032205313895 0.0202831075983459
-0.00505106488768037 -0.509740406216824 -0.26414274859142 0.437154124083331
-0.23845545854435 -0.405556240935928 0.0490141045494359 0.391309895215465
-0.406537847254376 -0.152544386133342 0.187011461095332 0.0903285579927237
-0.376107887754858 0.141482114577455 0.0596510518553769 -0.00706610737067579
-0.147071202896525 0.255347177817988 -0.0815460642103022 0.0591235994891672
-0.0169769236119636 0.262690016786855 -0.0135449985314218 0.217476438228962
0.0854421009853966 0.292859839979922 0.0893367653268599 0.246381776876863
0.109191815877901 0.256241924924202 0.15578235630819 0.252304867674897
0.0674871309315609 0.256676234254393 0.132715510052702 0.266682542801188
-0.0717612064396028 0.241266305766676 0.060761466822635 0.287404774948645
-0.177268971753051 0.163265044701304 -0.0720390910741788 0.264734101923142
-0.310577297728286 0.0249850041344436 -0.156853588116509 0.15686804151546
-0.265628629894067 -0.18474101452857 -0.143637031196533 0.0242101919361985
-0.0606266983245881 -0.344623390647639 -0.052925892076524 0.023899916477817
0.104030123875619 -0.459475326684587 -0.118889771735477 0.185672056102644
-0.0537534694008642 -0.313258110556557 -0.294728441891401 0.540531423233639
-0.177376678663805 -0.211825048113256 0.0539903790454748 0.470048349205287
-0.222057926541907 -0.0486958852629119 0.166663178057242 0.11579773332262
-0.169976244937545 0.0891944067135403 0.0302537429219749 0.0145106714834308
-0.063597928703741 0.114561273856887 -0.102707581909184 0.115310676014326
-0.0192517329235673 0.124345555340833 -0.019479038156362 0.292768127045346
0.0170791284464401 0.15447426405609 0.119306584935641 0.328340854533937
0.028899185172318 0.133623462368383 0.183182479726066 0.3136224871835
-0.0011722603697862 0.130354473594922 0.148619027975723 0.325021520646746
-0.067226009558696 0.103705208505411 0.0382484401235335 0.321403705641408
-0.0973989840778009 0.0381494465848956 -0.104009668835146 0.260170535428075
-0.118595393455887 -0.0172268880002756 -0.150287140247196 0.125636194633549
-0.0961833540270819 -0.0795745990951599 -0.116487491986496 0.0245442066763657
-0.033034407403428 -0.155368989722111 -0.0163349212991801 0.0914694676420396
0.0271434657927764 -0.265123382792543 -0.130427868618081 0.304798208359331
0.0800607434725201 0.00439871193972977 0.0432771983021457 -0.400550658938597
0.026862764755225 -0.0533748071458683 -0.0655882900191562 -0.179476286570183
-0.0576208081914083 -0.0409981303881999 0.0617769166393069 -0.00575607524827448
-0.0764469894518406 0.035277799969094 0.128535162881848 -0.0802309967169064
0.00741213946689112 0.0680084989179618 0.108743529709309 -0.219099464969486
0.0427465857568338 0.0366304143175154 -0.0180945532079657 -0.323888967288931
0.0606374469202939 0.00998638370972816 -0.160249722979623 -0.329744005407296
0.0523205685180527 0.00700910426451147 -0.197444283060241 -0.308540428670918
0.0497104474387863 0.00623671529003182 -0.152277895389597 -0.332157895408518
0.0321917600500689 0.0199497177084057 -0.0262155998256897 -0.291153275714788
-0.00368236658047792 0.037369132265646 0.0820393121675572 -0.166507765719422
-0.0386142072235156 -0.00404303324111929 -0.00885255011011503 -0.0560574526540705
0.0183311923356052 -0.046660568369911 -0.11194507609593 -0.136524533707562
0.0745209876848107 0.0244678648125586 -0.0405201183480905 -0.415314534509749
0.0518706574888512 0.0898478208936366 0.319017018193625 -0.556464668824634
0.107203255419681 -0.210858408924257 0.0212294360943043 -0.347764584411695
-0.0216573714125187 -0.223309755712643 -0.0639035711381559 -0.156765985003393
-0.19466674247567 -0.136035599313237 0.0695334907513233 -0.00157490174124597
-0.240488301389782 0.0569990551837055 0.127753081634074 -0.0634551760504026
-0.075810243204192 0.171330287368197 0.0999346676508132 -0.203925734673401
0.0327629610656751 0.162052209460934 -0.00723997173857843 -0.294628437700056
0.121751190027039 0.152000699142552 -0.140401094246547 -0.303696410945285
0.136777890537999 0.140815002423912 -0.164784111715088 -0.274233140629988
0.123484015753778 0.154403617185223 -0.126337995737964 -0.296443828305382
0.0272958287589836 0.181157430205583 -0.00015865073213364 -0.249614628164501
-0.088172314059638 0.179493282084712 0.0857371429415069 -0.123927275418461
-0.244967782114717 0.0580481488587632 -0.0269468681764943 -0.0243379499338139
-0.184832866207528 -0.141934141539337 -0.12876458331624 -0.137889517696113
0.0061706519314748 -0.196340614792238 -0.0676653433759976 -0.431292588156658
0.104217157259125 -0.172289283097515 0.262384080894236 -0.561549324692382
0.117195506257921 -0.405084216916736 -0.0234552461659762 -0.24167289884773
-0.0850056921908544 -0.374619564319746 -0.0543906675901872 -0.0983811084048135
-0.327651263782337 -0.208422876666839 0.0934203185035864 0.00255538987891521
-0.386226413562451 0.088389003890667 0.129883537463481 -0.0593080080648098
-0.147377732430218 0.263619639619528 0.0758747240435956 -0.184635388438715
0.0217310005016596 0.269568106634287 -0.00404307437508949 -0.234913132372973
0.166051382318725 0.2722275327107 -0.106117505919146 -0.234743868822204
0.199916941167348 0.253983573420816 -0.108460821374105 -0.197488833178322
0.175919044213778 0.278546155451741 -0.0785953452878955 -0.212247675190203
0.0153600389994344 0.315204108889444 0.0276420039556494 -0.163313692935624
-0.163599838043834 0.295146385504061 0.0752670459261875 -0.0487800226333761
-0.423905548450228 0.111382541734919 -0.0558576854096766 0.0262709333260957
-0.365908163212015 -0.221728547613457 -0.152193504716998 -0.115511342676387
-0.0623857716692232 -0.393409834007559 -0.0972140748153608 -0.397187328674213
0.143106229097294 -0.408970672699005 0.179865729046025 -0.491469983904277
0.0996543920547591 -0.553029488266762 -0.0831034112145843 -0.0905951232612914
-0.167554975691135 -0.488847970135991 -0.0309806766675881 -0.000396948052696385
-0.454012469704045 -0.246185017507821 0.132721488487988 0.0108752204646761
-0.498279071085744 0.138345883703252 0.129053166318003 -0.0622088646002664
-0.192730432383463 0.340513640079359 0.0369258755972322 -0.150405924419654
0.0153857819213557 0.347581986675628 -0.00542744381195525 -0.143902413465492
0.191901233349475 0.355387630818558 -0.0599663048530753 -0.12991600432234
0.233385880880953 0.327551393479402 -0.0357219263599322 -0.0913949461492628
0.199592188463621 0.356418356244077 -0.0174176022420469 -0.094531397576206
-0.00123685478321577 0.396643583377495 0.0550098184272989 -0.0450900409664627
-0.219302194448806 0.365887470428433 0.0534957231578065 0.0492842360472156
-0.539075503549246 0.14681444730733 -0.0869582562157842 0.0875914193266359
-0.489499941105795 -0.269893832285577 -0.169988395812829 -0.0718576194409888
-0.115912845885123 -0.526010553492506 -0.115853937233578 -0.313580629617461
0.163050631209857 -0.572385167101073 0.0872710526444692 -0.352284489856628
0.0616705754192273 -0.630164313538757 -0.144211148934122 0.0915399854439773
-0.243229644987123 -0.542097022922509 0.00540906489150517 0.12653402650875
-0.534923661014056 -0.240861802559315 0.172277302747801 0.0248722429295227
-0.546539078054017 0.185606400246664 0.118151351749833 -0.0589616126293951
-0.207611129003209 0.380493266681286 -0.00728769548533074 -0.091902625968416
0.0113842487697567 0.379527302115413 -0.00542999007756416 -0.0267208191131353
0.190780525202716 0.389713344365565 -0.00397525644093772 -0.00302266286369366
0.230448727444363 0.353707894279361 0.0423958007071813 0.0287793124526276
0.189405398337439 0.375468253016209 0.0479887952860622 0.0365376016940797
-0.0197514817956205 0.410106586967716 0.0758807131527402 0.084939546567093
-0.236444927361516 0.363706631017967 0.0230741110209312 0.150308773051778
-0.555811180277645 0.148460115139547 -0.116021526520116 0.143516667530984
-0.517008150199546 -0.27428803810113 -0.174243938476581 -0.020312556594992
-0.136591175922875 -0.557185157725012 -0.113643741843904 -0.19636285983125
0.155585788119843 -0.639239395387165 -0.00327447464380825 -0.16683209491767
0.0122214414634427 -0.616151667455671 -0.197140435836786 0.281615802670331
-0.281209378778787 -0.508379454664264 0.0458472490937925 0.262757380508354
-0.525671064805265 -0.197973130503822 0.195716930054648 0.0464383259192228
-0.499944693299828 0.19949663146721 0.0917284620675538 -0.0414634052327363
-0.184119275509435 0.355781510976662 -0.0493152897526193 -0.0131897264428106
0.00797192850657645 0.35050909675612 -0.00250549949277486 0.100794636925259
0.161989180018037 0.364530656089054 0.0542056724472947 0.126944901708536
0.19393914295026 0.321982107644631 0.113951062764127 0.144827399463347
0.147822527897665 0.336709447588226 0.106583920244172 0.158379591108426
-0.0407404396103929 0.353148377108804 0.0847530552141897 0.199700735146226
-0.21805074156062 0.292094294578479 -0.0136075259764736 0.230168353837138
-0.466789033607425 0.108047043836154 -0.134955972402823 0.173146560790886
-0.430638951645947 -0.235945980466339 -0.1628276894451 0.017752572391715
-0.118853094347452 -0.486578754132932 -0.090658314853881 -0.0742135993137907
0.123407045533821 -0.593769470393577 -0.0705677849874002 0.0248161237305794
-0.0347204025347757 -0.502283205092881 -0.237115809131405 0.442418872944662
-0.258498275825028 -0.387720198745791 0.07255453641999 0.37918783895749
-0.408684271348679 -0.127433521278808 0.192857717589674 0.0747191806499518
-0.362214487762912 0.164424774368557 0.0583474109937174 -0.0141986776248593
-0.13173352530406 0.259103593789721 -0.0799993140452644 0.0646974273876191
-0.0011459375607107 0.259745584828688 0.00040321103194595 0.213362531897386
0.103334591705433 0.280947796108065 0.104695414606629 0.240284430509382
0.125403041031462 0.24414957619356 0.168714264255938 0.239220272529444
0.0824007119520442 0.249058555442739 0.14750943365586 0.253980595742653
-0.0554309107033035 0.2419976028448 0.0771909151291557 0.278215487095019
-0.166946031865713 0.171365302222326 -0.0513548011828932 0.266684579198319
-0.302891491762871 0.0450781504009857 -0.143625727601256 0.167105981384648
-0.270019354629909 -0.164596809812441 -0.140310171655176 0.0345494924071805
-0.0786681573450926 -0.334331108194662 -0.0530037764175413 0.0241617028705563
0.0738738148370606 -0.455806126551632 -0.109052299603954 0.190541785619451
-0.0717151974850662 -0.306153891338166 -0.262867962150583 0.548273721242373
-0.188206907842011 -0.199431124341458 0.0819096811424688 0.457608842873583
-0.221067821957133 -0.0358603052953133 0.17569422170058 0.101760122174933
-0.160941164922366 0.0995871743419238 0.0306022672211528 0.00796034787561081
-0.0567276466015829 0.115995970923507 -0.0963366716637322 0.120155857047848
-0.0121089211225731 0.122536688290532 -0.00173089240703696 0.287338003446778
0.0273830273753135 0.14997402876675 0.137946876377019 0.316913795442583
0.037389719221695 0.128813716878975 0.198018786299158 0.297691776512632
0.00668581583563803 0.128371987874795 0.165089569115283 0.309403582906147
-0.0597047847798928 0.10567073541426 0.0574656180561105 0.31123921500745
-0.0948783047482994 0.0429307632858759 -0.0830882947921004 0.263013763385479
-0.115124453575408 -0.00919243825278182 -0.138646689146336 0.134716185243044
-0.0973313043191028 -0.0707412102383106 -0.112335527194872 0.0337101880528812
-0.0423751074826701 -0.149349891894276 -0.0123852366258941 0.0899175959708289
0.00911248204266484 -0.260888621956343 -0.113606973306051 0.30704563721263
0.0794353455756722 0.00183688017565504 0.0298377837725927 -0.387362771652358
0.0262518133162285 -0.0543992320855396 -0.0677995542718329 -0.169002902059649
-0.0577602551520469 -0.0371941030712795 0.0598195275734599 -0.00936187561495557
-0.0740306349751877 0.0385205427564658 0.118923430214981 -0.0836985104440004
0.00959916919230806 0.0658087441481489 0.0943313725253722 -0.215139748784388
0.0436908844175163 0.0346344753710581 -0.0311591145314432 -0.308976501767082
0.0587600743728657 0.00874269509509331 -0.16627642949609 -0.308946310466865
0.0512581572348029 0.00460099114385877 -0.201449399684164 -0.289595453491693
0.0479532967725972 0.00388739571951953 -0.15839326188373 -0.312991276055905
0.0313342214769155 0.0176065180087354 -0.035171672855024 -0.277613735224605
-0.00235663810200193 0.0364284879558626 0.0746632889184677 -0.162850845630791
-0.0386682227918185 -0.00307630977998552 -0.0107664710098772 -0.0504462735629323
0.0154663240318519 -0.047481813295179 -0.115100428589342 -0.12578860873663
0.0745539302624142 0.0205242230689616 -0.0541392416890517 -0.399485143012443
0.0537396172546292 0.0849733753655658 0.292780020211791 -0.546890875133276
0.0983473959165517 -0.206713415960351 0.0107252007364896 -0.336335397671896
-0.0257633388098575 -0.215336444149008 -0.0653763039121553 -0.149265791047863
-0.193219004208306 -0.124410060977092 0.0672334884316038 -0.00634718591288387
-0.231857055181429 0.0672033669876355 0.119387587295951 -0.0669870459711516
-0.0679692708282314 0.168651703507603 0.0870971747988077 -0.198561854320168
0.0387433390355409 0.156729001925289 -0.0188947604024012 -0.281531458853361
0.123823528296875 0.141015058908501 -0.145039520363284 -0.283638064340902
0.139213437834573 0.129176965863045 -0.168007534555016 -0.257903141328542
0.125933924736944 0.144137694435422 -0.131790649907366 -0.27823684627066
0.0328172220005979 0.173941898766182 -0.00772870905043314 -0.238315176077959
-0.0788403933888153 0.176693885062621 0.0805984220357882 -0.121008571836919
-0.235336687592703 0.0670499665195597 -0.0266482518104558 -0.0190809673265114
-0.184387201837563 -0.131941386320656 -0.132796636083111 -0.127708010071598
0.000789331720411221 -0.190358802458673 -0.082401755952157 -0.415441956181247
0.093916878095681 -0.168833227532162 0.23576154256733 -0.551147139255634
0.100487153000641 -0.393950074015766 -0.0288920416147035 -0.23371698013785
-0.0912397186211002 -0.358803455861819 -0.0550438017975094 -0.0949186851644542
-0.32435606180792 -0.188942096623965 0.0907700260590081 -0.00377828141310857
-0.370606480729854 0.103499377219854 0.121045987891077 -0.0625318269309661
-0.134305111979655 0.260020167432376 0.064339454412215 -0.176912500623547
0.0328334283253711 0.26028287173217 -0.0138289032815422 -0.224826181697355
0.172363189016074 0.255206411996775 -0.107550381451871 -0.217229405369185
0.205794689005957 0.234980918981495 -0.109837350049101 -0.186671971556648
0.181443805612936 0.262106993565238 -0.0818430637441059 -0.198942671090976
0.026637176173427 0.30440274168876 0.0234292298482057 -0.156969617094982
-0.148269588251301 0.292080555608901 0.0737218705243868 -0.0476783679157364
-0.405722213253196 0.126041169691704 -0.0520652572319186 0.0312483915942305
-0.361642800197476 -0.20177596227769 -0.154431072212755 -0.105431196676235
-0.0729672895213896 -0.378430080291134 -0.110794121807323 -0.382457435930567
0.123291044763954 -0.397428808547437 0.158464731977391 -0.480935274131967
0.078796668909385 -0.536579500601195 -0.0820896439908465 -0.0864386456112413
-0.177034562133808 -0.466090338681292 -0.0289956064732603 -0.00378180635964566
-0.447378689292316 -0.221005622526638 0.129018466761229 0.00163274877779299
-0.476385851035254 0.155905760530147 0.121042454507305 -0.065494763899284
-0.176188445730385 0.338037423308274 0.0278031471768261 -0.141843918568402
0.0289450156294905 0.335668354987056 -0.011133414989195 -0.138483696120682
0.201207725173663 0.334288195638383 -0.057718057935014 -0.1176679403164
0.241424604938249 0.304650907782716 -0.0353325556468335 -0.0859086090834654
0.207679908051777 0.336590855328485 -0.0176711047328064 -0.0884322991066419
0.0140559318299897 0.384858347430392 0.0537167189294388 -0.0440296363831128
-0.198815639970614 0.36172905816769 0.0576706780864082 0.0478045874629398
-0.515453833720694 0.164942561687314 -0.0788962821772964 0.0921902963485052
-0.483848533943912 -0.242978708658928 -0.1693593312941 -0.0628631255905102
-0.12947195859238 -0.502362554341305 -0.125738426809951 -0.301077980324631
0.135342563588415 -0.556709578383714 0.0726462986860795 -0.342105926612745
0.0381209920148145 -0.609640319682743 -0.135371262012182 0.0917768288736621
-0.25352191551938 -0.513952172559748 0.0110228483485195 0.11726948829791
-0.525606457168659 -0.214164053585072 0.168803672392115 0.0134245475210824
-0.520725581466384 0.203983436219301 0.110216507132299 -0.0630945232355243
-0.189039289585672 0.37623419500475 -0.012373726471577 -0.0833138320116771
0.0253798503644345 0.366402596777317 -0.00651119190134851 -0.0255814265372771
0.200493298090514 0.366291994459477 0.00134563450634863 0.00186577730553515
0.240690578900503 0.328120409280935 0.0440447559548749 0.0267325121332175
0.198861392039482 0.355550540178912 0.0499584642292886 0.0347668022941535
-0.00318802801663755 0.39793997692592 0.0789407050391407 0.0799605613408102
-0.216501501679278 0.362561034216722 0.0327619978228082 0.147509122893184
-0.531642709522383 0.167182802265682 -0.104191198129629 0.148003753568535
-0.508800896961435 -0.247145567193287 -0.171239372361723 -0.0121957133972986
-0.150757480384334 -0.534274409456631 -0.12050712933394 -0.187081623472216
0.125932021667944 -0.61940451151617 -0.0085680850694087 -0.160676944151722
-0.0092516326899204 -0.594667884081763 -0.181579016684204 0.277371148785861
-0.289994759584861 -0.479847997067874 0.0545090540122587 0.246388310080614
-0.515476806567545 -0.170591124232857 0.193076434413409 0.0327814533326322
-0.475700710410333 0.216314908192024 0.0864589608563809 -0.0463720679235931
-0.166144134431069 0.351079480755806 -0.0504411853175628 -0.00661184215479853
0.0207720964572719 0.338585480002087 0.00172600246054416 0.0962021947326717
0.172982379353696 0.342378316765555 0.0615633626063126 0.123986102001103
0.203363817555783 0.300504392189869 0.116999992189074 0.135754502514274
0.156556623990853 0.319374141012574 0.110870143273107 0.149320633077324
-0.0250478854912771 0.343551715666335 0.0910356706145495 0.18929570207433
-0.201153053943242 0.291321431568499 0.000226085063689188 0.224680316800047
-0.445733555671822 0.124129891179038 -0.121795491350294 0.176552988945038
-0.422412208744439 -0.21301647065279 -0.15824346146874 0.0251394840148408
-0.131538900686685 -0.463126598535126 -0.0926837580594938 -0.0702248630984626
0.0962310328104049 -0.572305284177322 -0.0685356892021114 0.0276177190651808
-0.0511996593580618 -0.482912897897561 -0.215466183697516 0.434757761443787
-0.264697008978189 -0.364350285269534 0.0853064298678064 0.358678703595529
-0.400660575949456 -0.107644460714928 0.191973989228364 0.0598877033688552
-0.342637888870263 0.175809809450114 0.055495822668088 -0.019183276501068
-0.119169399256943 0.255427669518139 -0.0766026436186752 0.0686495935491651
0.00834838980006875 0.250647958614611 0.00878049719092744 0.203677532336293
0.113022170588801 0.263968112329771 0.113241112382846 0.229779574185397
0.13323848036398 0.229380198783213 0.172352994783735 0.224808842769865
0.0894733158742747 0.237659755477461 0.152669060071665 0.23872387041715
-0.0434542196608862 0.235899553438642 0.0869239309396649 0.264806708944074
-0.156491424890308 0.172289322982516 -0.0351863830360069 0.260707098917754
-0.288522214695531 0.0565104949211024 -0.129414837144306 0.169828920727779
-0.265083942689445 -0.148164140980559 -0.134417393552737 0.0408250457462506
-0.0876192385431108 -0.318088303301009 -0.0531345317604198 0.0241680359037052
0.0530190520773835 -0.438846776345345 -0.100644800185547 0.188459086817412
-0.081824876843273 -0.292666834676708 -0.237518089045107 0.538866184136745
-0.191130863759834 -0.186222619216876 0.0972483502058501 0.436702581800521
-0.215864155256869 -0.0268248943880467 0.176566917199454 0.0877817227132556
-0.150807361222874 0.104334929847535 0.0296091846127946 0.00310864275063824
-0.050945339691569 0.113628448921094 -0.0904916926097763 0.120044940936756
-0.00752322438428924 0.117827753301968 0.00990151611395607 0.275856541964684
0.0339947831578152 0.141703528723429 0.14622040765891 0.300881484888523
0.0422101038895641 0.122519421488266 0.203002930136638 0.28017171703897
0.0117530253166131 0.123867591039998 0.171650694776349 0.289652009116148
-0.0530913247536823 0.104455070525658 0.0679637046629762 0.296280921138136
-0.0912798926848677 0.0450652974706679 -0.0667893370211701 0.257896150618383
-0.108659722193339 -0.0037731048792253 -0.126430269996039 0.137887844678507
-0.0948715717376782 -0.0630109015946669 -0.106517080172564 0.0398540459807482
-0.0461623239809118 -0.140216892931908 -0.0111062400834234 0.0859741079898713
-0.00276693574693461 -0.249968297006939 -0.100878997425142 0.301357754749397
0.0792740126784463 0.000821306229871376 0.0253636011038832 -0.376029017484354
0.0273399536501523 -0.0545828067887521 -0.0643882674302596 -0.162414753425145
-0.056965865213938 -0.0360847903492522 0.0591646180020164 -0.0125106660202438
-0.0728796364941678 0.0399643080665691 0.11141715493334 -0.0841713882230155
0.00907811042070707 0.0645038058951234 0.0858964148807975 -0.209247243212989
0.0436100413922252 0.0339294644298821 -0.0358166970687924 -0.2969489689159
0.0570843152171948 0.0086892301470555 -0.163611394189645 -0.295521658755991
0.0502596936727266 0.00397997140840197 -0.198084067823964 -0.277530028392628
0.0468975689680749 0.00366007405941847 -0.157399099630386 -0.299632496250279
0.0297036207372293 0.0169364155330769 -0.0340991712790157 -0.267075859855723
-0.00158965290035981 0.0354892970694312 0.0720912363102491 -0.157754784806325
-0.0387915925265205 -0.00336906288481167 -0.0106336311150254 -0.0453865010146377
0.0140317964633724 -0.0476997250968332 -0.114726272701978 -0.11877824601149
0.0738237827758838 0.0178059730210971 -0.0584164926607735 -0.384810227444433
0.0533332049205558 0.0821924639390949 0.282278495210493 -0.534471027327698
0.0958985176846702 -0.201157364836137 0.00879309719927151 -0.327322677991128
-0.0245001113463313 -0.209179694071739 -0.0637691563065339 -0.145087500208156
-0.189367341833289 -0.118126925997618 0.0657247050120406 -0.00970936976466521
-0.225595509853227 0.0714964608768322 0.112369307282497 -0.0673448117129444
-0.0659414271567863 0.16557976948891 0.0799737158706055 -0.190819052237982
0.041014520659781 0.152002566298737 -0.0239095673682539 -0.270997654910168
0.122792419636748 0.135605949490599 -0.141089697426338 -0.269974860581914
0.138085168091221 0.121748980646125 -0.164883223663658 -0.247057362049764
0.124761181738013 0.138147805415084 -0.129938877514835 -0.26637753209885
0.0337523676148282 0.168253862329608 -0.00729623435911661 -0.230068088975721
-0.0741542251987808 0.172863575513562 0.0792841277610107 -0.117474339443567
-0.22849270383937 0.0684166391377753 -0.0257765013562817 -0.0142433413891405
-0.180925137608699 -0.126977321572755 -0.132792212761382 -0.121714734588495
7.29234841818742E-05 -0.185609818057401 -0.0853082982119316 -0.40164946767548
0.0897198032632898 -0.163007964895123 0.227363207651188 -0.538662388242968
0.0958548174864095 -0.381685783351911 -0.0287571234165901 -0.227548727354244
-0.0908116569242692 -0.34548253273525 -0.0528021681097499 -0.093951248115363
-0.316226928129289 -0.180771141326915 0.0883240165969848 -0.00764179486612418
-0.359052248468125 0.10810791584216 0.114925961099582 -0.0632602116506905
-0.129141290459312 0.255579310516403 0.0590215548078608 -0.168933598209699
0.0355794897566341 0.253197513340814 -0.0175424633816817 -0.216667515680238
0.17196038864812 0.243906789289276 -0.102681609138117 -0.205988607322191
0.204780007598912 0.222636103589312 -0.107012179951199 -0.178820080545882
0.181572760308209 0.251585000091627 -0.0797312786215199 -0.190506981015291
0.0301703432844505 0.295743791657824 0.0239804024201056 -0.150630333782078
-0.140610449706687 0.286519888850158 0.0749265725052902 -0.045558689079847
-0.392479806042158 0.12940746883748 -0.0489767201668999 0.0350875046239064
-0.355755536237819 -0.19311175048371 -0.153938543941892 -0.0996179877907422
-0.0722548510849283 -0.366305843447678 -0.113230891395982 -0.372168057184762
0.114408072446838 -0.38406267218998 0.151175439050808 -0.46894252295064
0.0721465910644029 -0.520062404052945 -0.0790729539655604 -0.0848018135662437
-0.17358517717632 -0.449311871020177 -0.0275874298039633 -0.00724541641055797
-0.436306640191808 -0.209001932732434 0.125632709273777 -0.00449163266028335
-0.460986422538913 0.161729824274981 0.115496991605504 -0.0667947309498807
-0.170102716061965 0.331327535110326 0.0257682999185432 -0.133924444176768
0.0325614014954696 0.326550794588251 -0.0129173865724497 -0.133803657900442
0.2007132930888 0.318286428492734 -0.052256046535471 -0.110180255868679
0.241518070010653 0.28852219596773 -0.0340752977204605 -0.0824568164559043
0.207840472819145 0.323364329979017 -0.0165051851298256 -0.0838757889452789
0.0198452487527554 0.374331341379961 0.0546253020955112 -0.0423470607054417
-0.189500828441419 0.356072597921374 0.0611417953247583 0.0479614557616451
-0.498649384974794 0.170642941181063 -0.0735463579983209 0.0945631188515774
-0.471635971179845 -0.231803370680196 -0.167978445091404 -0.0581777267049374
-0.129434417100539 -0.486254371196931 -0.127611479270813 -0.291919594125819
0.123827235094154 -0.537753382259566 0.0686949510563797 -0.332349809359367
0.0311685486594486 -0.590813402118306 -0.129931331009781 0.0887100326377682
-0.249423252910834 -0.495437852530921 0.0115928464641758 0.108747776716156
-0.514701182551802 -0.19959950682538 0.165327014018062 0.0056271583029681
-0.503225006852811 0.208880165745609 0.105308881480336 -0.0644663326454754
-0.181123137666805 0.369037153543396 -0.0134094597023148 -0.077383837170096
0.0304514240934182 0.356611684765769 -0.00679373836141935 -0.0257837680348299
0.200323316274361 0.349777991915329 0.00716907317879564 0.00511149818381179
0.241311820517633 0.311517109310318 0.0448483222172254 0.0258728905433186
0.199056038925417 0.341938877157261 0.0515034956710975 0.0347904191854536
0.0025045606507168 0.387761345247293 0.0803196283151744 0.0768700020707725
-0.208517693408925 0.356448466914332 0.0386843756888683 0.144635700333835
-0.513388583373865 0.17312075309062 -0.0956540747552081 0.147876260504693
-0.495818009705414 -0.233583546090684 -0.167832082876364 -0.00869409452274333
-0.151383212760115 -0.514736680144945 -0.121970116305359 -0.181490566256453
0.114356382130152 -0.59879246549076 -0.0104458129066593 -0.154382266821021
-0.0155072063597335 -0.576210564267968 -0.173295216337216 0.269756547285096
-0.286418536895606 -0.463412573095657 0.0555643374872265 0.234212549175254
-0.503902565009119 -0.160481873998462 0.189565935957363 0.0240414947873496
-0.459617470920563 0.220249120557858 0.0832080822633085 -0.0485022910947512
-0.160063835382983 0.34438986797292 -0.048175565051225 -0.00269662359474069
0.0250592185536644 0.32830456038536 0.00242874988842654 0.0918112270522946
0.172894340986821 0.326469670721487 0.0666139532999338 0.122777585351049
0.204103739640452 0.28570651539665 0.116372956164141 0.130496526408728
0.157961817066041 0.30732330455904 0.110923910551521 0.143591039685688
-0.0190940921779296 0.333536653516419 0.0930385833781217 0.182565873647446
-0.193348211050224 0.286755429913219 0.00824519423154609 0.219175032041348
-0.4299774556502 0.12913301393851 -0.112577238853367 0.176649167940659
-0.411921011528005 -0.200941524835881 -0.154180956488434 0.0279338589207178
-0.132101363095177 -0.447304099530787 -0.0943502231100715 -0.0681220134383065
0.0852390912631251 -0.554393189798872 -0.0674876393306351 0.0289960828326408
-0.0556359425352688 -0.466772506978462 -0.206203487301626 0.42349420766889
-0.261910571360082 -0.350544830114713 0.0868573471305699 0.343497144890535
-0.391717363228621 -0.100419894470269 0.189354043520491 0.0514924737522874
-0.329138619432092 0.178505042004023 0.0534618065107059 -0.0225648963804441
-0.113733484822787 0.249925893443337 -0.0740739235351477 0.0695292902850011
0.0114399313971521 0.24276648523636 0.0107199947333023 0.196161832963606
0.114683656534486 0.251897126338385 0.116174707488277 0.222885353288487
0.134256128754656 0.21803813011188 0.171882701946887 0.215964688760999
0.091299656845784 0.229110700998951 0.152246037584932 0.228608656926118
-0.0393273586238656 0.230282794897438 0.0889410081694666 0.254550246118641
-0.15091065758642 0.170258924628133 -0.0257129536854815 0.254343063039787
-0.276489077017605 0.0600054062408602 -0.12016254511154 0.169850054147516
-0.257373850788348 -0.139001029056398 -0.130417020981614 0.0436652688563022
-0.087819870216022 -0.305336918668235 -0.0539298096185687 0.0225077549803634
0.0438428821112089 -0.423339134099327 -0.0976964771316296 0.185048392945297
-0.0845133944253321 -0.282466732361749 -0.226650372814591 0.524640393419443
-0.188946959277733 -0.177772705925924 0.0987702501589976 0.419616256476811
-0.210849851691347 -0.0233894556256269 0.175007444984791 0.0788009066295314
-0.143208805902348 0.104057300961574 0.0283010046624557 -0.0010305730357649
-0.0485291111287796 0.110211996695893 -0.0874677970692337 0.118716323692054
-0.00604991190412921 0.113748425269897 0.0127058727732665 0.266148836341548
0.0355460265208086 0.135171252171063 0.147000276502332 0.290252903253623
0.0435444827027936 0.116816984264745 0.200639812061807 0.269660171243553
0.013095925209333 0.120149491193546 0.170017794431461 0.277208633896084
-0.0499110160883258 0.101480118578564 0.0706658145293419 0.28485952314196
-0.0887560663238143 0.0450271579217023 -0.0570174623889468 0.250742302870327
-0.103236680509542 -0.00154906991004685 -0.117779074315389 0.137781213902693
-0.0913065052577329 -0.0587385834012742 -0.102321180567306 0.0429737544218487
-0.047217707045387 -0.133764947196549 -0.0123639430121991 0.0823145677428786
-0.00793566733449865 -0.239905834092529 -0.0968660792295208 0.294320608668121
0.0773126273302418 -0.0159904706707315 -0.0418994364719273 -0.380967820717336
0.0145654348003037 -0.0588143982534531 -0.0887005298878854 -0.153098845618803
-0.0606002433447358 -0.0239958511064401 0.0557221675346634 -0.0323611348701197
-0.0610682418944785 0.0521482792549383 0.0869587469812739 -0.108980995347197
0.0185496371191226 0.0580990054853635 0.0396499155219359 -0.218540325415212
0.0453787484982389 0.0249539428405688 -0.0915161773035644 -0.280924041136293
0.0548016530076765 -0.00324169334367923 -0.211245271268188 -0.254283595047938
0.0474716071983238 -0.00546757424662848 -0.244144805917536 -0.23429443903627
0.0438784754878558 -0.00712989171216899 -0.21261925742359 -0.26687742455341
0.0313352587520836 0.00826743163101874 -0.0852784131389614 -0.260129760954565
0.00571986910889847 0.0322533309602889 0.0420107009274224 -0.171041759580388
-0.0384412034746928 0.00215370222365061 -0.0187326321356548 -0.0405895121547845
0.00350841070962135 -0.0515651508084321 -0.138150376556618 -0.0920561367569755
0.0807106705881678 -0.00236539294976655 -0.142429624317422 -0.370197524011026
0.0753388818857195 0.065318666234782 0.179361983725555 -0.590690501667606
0.0577270367306544 -0.207241800844362 -0.0385875502818796 -0.337214700638733
-0.0625646859920386 -0.194616884415019 -0.080573805785118 -0.142563903538964
-0.200703887790036 -0.075337639596797 0.0608285667439908 -0.0437835640014064
-0.197125175334163 0.113833628204059 0.0838894968025186 -0.102908577215725
-0.0338415974167334 0.169319855704717 0.0297432881446182 -0.197727440188123
0.0640889162808226 0.138811642303617 -0.0796008230660847 -0.253938117769812
0.141975848113267 0.102401372916454 -0.19101338174203 -0.224892608236477
0.153046082712985 0.0918823961604429 -0.205002718667795 -0.210818852323279
0.142265210613861 0.106983762185043 -0.178921006759877 -0.241020190100955
0.0631069252711039 0.153869872870489 -0.0528079796233072 -0.231091041458111
-0.0391051531831604 0.175323009251514 0.0555108852526789 -0.133941290335799
-0.206479976442727 0.106300766497403 -0.0266606376995201 -0.0120844329464583
-0.195599949369095 -0.0907677907937357 -0.152091459633797 -0.099100184453213
-0.0301443966922096 -0.184862061118581 -0.165097279814673 -0.375299719190727
0.0635009843031316 -0.18008237385795 0.130765699996234 -0.571572214903505
0.0245095159344169 -0.375983081911505 -0.05072514185168 -0.23831128601098
-0.150512618034445 -0.310557827800505 -0.0590995563860295 -0.101475760162497
-0.33224507628406 -0.107885192090196 0.0810545200031431 -0.058669432695384
-0.314877633032051 0.17646489027277 0.0803436032616828 -0.108646567114754
-0.0779677936465707 0.268054408576559 0.00692239681992468 -0.169985053780733
0.0780182756034703 0.236717068330718 -0.0680996390414933 -0.199397530070689
0.20996835407146 0.194141893905754 -0.147419105087641 -0.164330807493149
0.235139805498555 0.175676651962536 -0.13671996384467 -0.154073674094221
0.217573948770524 0.205220673014033 -0.115090139623621 -0.176649575634821
0.0825481813652791 0.277410513142086 -0.00814981353218248 -0.161136194640265
-0.0826132989109026 0.295378827026544 0.0651102750341669 -0.0635216405739247
-0.35198710074752 0.195966396801451 -0.0388183023545457 0.0376736012958784
-0.371758364588341 -0.121355041807035 -0.164725962693496 -0.0806393044156036
-0.137033774470743 -0.346504273642344 -0.178363307412159 -0.334378707410112
0.0454936658247705 -0.399816879494347 0.074051056390558 -0.475769105462718
-0.0209015179835861 -0.500849551191547 -0.0691632954993944 -0.0915551772769997
-0.24960696028473 -0.392784447890593 -0.0163487872627565 -0.0258237484005179
-0.451326333377721 -0.113215482826355 0.115282271333064 -0.071670756976482
-0.399610779955957 0.246956061774023 0.0724124204985862 -0.11846911499166
-0.101869403905718 0.346804618332515 -0.024947872584874 -0.126849275783012
0.0891310931537807 0.307256941604231 -0.0524011297285039 -0.116141995562317
0.253170979553935 0.258457061842223 -0.0853104000216274 -0.075441975074852
0.281772104773969 0.232128892685107 -0.0474214717356455 -0.0729137328912243
0.255358033113441 0.269841363791887 -0.0317501705911126 -0.0842857316702649
0.0854040627184386 0.355487086398193 0.0432545426582645 -0.0600015879687589
-0.117608721511257 0.369539909654599 0.0695975234893232 0.0316378262340904
-0.445555621042881 0.254576052205782 -0.0503826666361821 0.0992706803449688
-0.491007158918274 -0.134823915344424 -0.166645280462923 -0.0406639349157304
-0.215085465004806 -0.450009744359446 -0.170920740528553 -0.248418335046511
0.0224913822571253 -0.549614995714238 0.0176429663497328 -0.314843602236889
-0.0732050491565996 -0.559280139936034 -0.0869023058851261 0.088829324641013
-0.328631767590947 -0.422770063666138 0.0441695126255619 0.0786181649122149
-0.522721277786339 -0.0904828969175723 0.152390561269322 -0.0741402319581826
-0.430319159328888 0.301340669618666 0.059428106640314 -0.117068701272482
-0.105551231762761 0.387088137132489 -0.0546689249813652 -0.0622504341125826
0.0938758512075952 0.336220776478133 -0.0280128784796123 -0.0105124033310476
0.260746312612882 0.287369088345234 -0.00958536457484359 0.0268534127318912
0.286370213825525 0.253510960515028 0.0496334520972311 0.0185264001659675
0.251589606814286 0.290443463893456 0.0580201866872849 0.0196909836458841
0.0726919267737935 0.373409287908122 0.0919345369601292 0.0534699136996529
-0.136230923670434 0.374135290771769 0.0670788398052296 0.132653476773809
-0.45927316645358 0.260730169089966 -0.0610442458472724 0.156850058847892
-0.513695083573151 -0.131870942676845 -0.155967830097756 0.00902345509704617
-0.243129541863294 -0.472609115158749 -0.140737584760002 -0.138058160670347
-0.000229086655094113 -0.603433234604988 -0.0256428926872938 -0.119318699999528
-0.116055336705439 -0.535649802509724 -0.099518793592259 0.278779887383057
-0.357441817041568 -0.383055878399204 0.108902100757177 0.196173874822207
-0.507466609986711 -0.0539375978859772 0.178523161995935 -0.0580814035124716
-0.386576036953533 0.302868469748208 0.0410025945347774 -0.0939476549638428
-0.0887039772735781 0.359923387283897 -0.0734926520145737 0.0169415095300244
0.0843022837552953 0.309828445695502 0.0035821604235677 0.102406262327997
0.230693366071748 0.271315334641803 0.0696837238434715 0.129021909474296
0.247415392973736 0.236565171820144 0.13844426951924 0.107172810083167
0.20632673385911 0.265189288119224 0.137652115042806 0.117645529454863
0.0419248758970973 0.32615063386712 0.126605548974287 0.157163343417936
-0.135096962629026 0.307152360128093 0.0531903839707948 0.213471582192621
-0.385546598627509 0.203703632803576 -0.0714341014574262 0.190241148006809
-0.427120096638418 -0.115731764727707 -0.135854249085276 0.0467214314112287
-0.213296331460553 -0.407838464168887 -0.0927842290609984 -0.0322042914784977
-0.0210589701223851 -0.552153010329745 -0.0495415944170291 0.0719595272094947
-0.134702582734494 -0.426273358461425 -0.111626108466916 0.444193400764553
-0.312429721263822 -0.280919000899672 0.156764291340608 0.304697179620227
-0.389218000796492 -0.0191636258528729 0.1858683846718 -0.0198980616929202
-0.27243834761836 0.236825070647221 0.0238781994834775 -0.054764739917233
-0.0615086740498275 0.261233717550275 -0.0783535728244805 0.0902506221667435
0.056679982225908 0.230213181782691 0.034553718854378 0.200261824257926
0.161572578278592 0.213199328301383 0.140297302028056 0.21214953514599
0.168503999296839 0.18433076611856 0.207320962161222 0.180986997158911
0.129271124554426 0.202939791533332 0.193962336152556 0.194675852155428
0.00396350386310469 0.230420340806015 0.137441819670248 0.231443625964224
-0.115102968878483 0.189330777042669 0.0275650470555604 0.255686744140327
-0.253543150354251 0.107783090671426 -0.0810256385535971 0.18867614847206
-0.269815699812292 -0.0851726802015942 -0.112149799008806 0.0632514652722338
-0.143878232561025 -0.276359123991234 -0.0394679523360613 0.0450007698986366
-0.0396503796429327 -0.415660466332591 -0.0529590008407132 0.226605222884019
-0.130584680888435 -0.247595369325913 -0.124010127568419 0.556813565728557
-0.210327826679256 -0.131563041342045 0.17969052343869 0.389503727790297
-0.203511972360764 0.017787576836313 0.18098912867457 0.0262768753501893
-0.112218833078349 0.128196990404329 0.0147934171911125 -0.0174446688503403
-0.025209303900082 0.115596223828628 -0.0735912844099627 0.137342530914194
0.0172353884181655 0.10970650398404 0.0546960451123895 0.263656792838898
0.0634160695990366 0.11972384277371 0.186664104927596 0.264037457976026
0.0644743350049632 0.10357576108769 0.245391359824459 0.226490613794546
0.0362353461221711 0.113682261821603 0.220832199900242 0.239031228801247
-0.0302368253441141 0.108992291385306 0.12674352667562 0.267676150772922
-0.0779058852095251 0.0607350837617404 -0.00282519124494169 0.258617338627851
-0.0985848273849179 0.0170241388578488 -0.0845821633699956 0.160210586152253
-0.0968050618784313 -0.038423157559424 -0.0888279766177957 0.0633098593523382
-0.0724131654305858 -0.1173498872672 0.00764637713850637 0.089549877276778
-0.0571927382724987 -0.226404764818959 -0.0353617240942939 0.324279375893776
0.0797817615624696 -0.0186109785380887 -0.0451533512216734 -0.385910314955308
0.0148076289356696 -0.0626790598531445 -0.088993616151907 -0.155287276230092
-0.0624083326245182 -0.0242812256346557 0.0554829963502987 -0.0370280077966731
-0.0619735682512395 0.0555255396097058 0.0828111255950307 -0.112304225545549
0.0193162066791847 0.0601586766814344 0.0346370060045248 -0.22047414102591
0.0474559885329666 0.0254003292101022 -0.0977489770825081 -0.280680260840537
0.0568810574593823 -0.00335867707866549 -0.217285714346121 -0.252636739995425
0.048498502970584 -0.00616539441308785 -0.249976231278444 -0.234200819879246
0.0446206564531204 -0.00799291032402266 -0.217399231679343 -0.267178215738159
0.0314769955498055 0.00849683701920426 -0.087027568006627 -0.262073816689172
0.00631579784978381 0.0324649982947907 0.0420767368773385 -0.173728493327676
-0.040822303745575 0.00330106215650825 -0.0182897400932604 -0.0374120235746605
0.00199842973160546 -0.0539863832143092 -0.14279457068905 -0.0885293192671419
0.0831632556637162 -0.00523165601056027 -0.150137459713383 -0.373759996910619
0.0775840786444708 0.0661178528432161 0.177779234810013 -0.603958548439194
0.0577546703271378 -0.211452651732282 -0.0415910482761141 -0.341552806319796
-0.0640871852321328 -0.1984279023378 -0.0812519182989918 -0.145620246415141
-0.204497082834271 -0.073931027578276 0.0601249605507402 -0.0491622783475873
-0.198120486957492 0.119917074366037 0.0800782763267022 -0.105816409785047
-0.0322096925044335 0.174446267696724 0.0260932969511038 -0.198510645299727
0.0681460639393039 0.140536773857652 -0.0854528603139622 -0.253627522926681
0.146496283700861 0.101295488849023 -0.193672821744391 -0.224868294257282
0.157353138530456 0.0891612802235623 -0.210339093780204 -0.210970245073923
0.146734239173652 0.10583724731822 -0.181699376080213 -0.241023427438471
0.0655995557595468 0.155301908913072 -0.053624676178917 -0.233329375092342
-0.037826392211489 0.178813409925631 0.0577200765118257 -0.136287612469291
-0.208440817682907 0.111749216343502 -0.0260218549311515 -0.00827843912101903
-0.200714281800437 -0.0908811983402832 -0.158550167480201 -0.0962670624857639
-0.0314773997277482 -0.188395763837088 -0.17235946695199 -0.379526770442009
0.0634089588536712 -0.181382550403823 0.127766701149424 -0.583654559358019
0.0246905370924591 -0.38036138810402 -0.0525321906583193 -0.241689962668412
-0.153602348958237 -0.31336103224279 -0.0598802659661316 -0.104768641121739
-0.338715121127023 -0.106001769333114 0.0800664676719036 -0.0648758326112455
-0.315600032862459 0.185715271967127 0.0766191707065494 -0.112036265504467
-0.0755354511325735 0.275527309602982 0.00392824881308857 -0.170389666186079
0.0827015682905383 0.239872480144466 -0.0732346810550411 -0.198880597586149
0.216048993206056 0.19231813730038 -0.14717387758606 -0.163786969494198
0.242206660773789 0.171940258113918 -0.138085121227441 -0.154293180776333
0.224896752955488 0.204095642068118 -0.115906581169682 -0.177199065580609
0.0877193447852285 0.280921577844855 -0.00683194631573618 -0.163157639334991
-0.0807168676155916 0.301987160254454 0.0691837483927263 -0.0648026708379357
-0.353630628250918 0.204878753281493 -0.0367997543995994 0.0411794438289586
-0.380603581882776 -0.119825868719188 -0.170865523681519 -0.0778218746042427
-0.139657318433381 -0.350754964998695 -0.188571258325545 -0.33775560762255
0.0429499904624796 -0.402160233096628 0.0701753151872706 -0.485499010548162
-0.0249155250093272 -0.505893409005377 -0.0699381245180003 -0.093934491590873
-0.254630639530017 -0.394064264821366 -0.0176381924915352 -0.0300448272196087
-0.459898554199883 -0.107197855669568 0.11392225730521 -0.0801582436943429
-0.400515684621941 0.258972023848626 0.069530915562876 -0.123162042168944
-0.0994728565948831 0.358093537357493 -0.0273261540210857 -0.126733922789616
0.0952830934738443 0.310857383390054 -0.0563823413927053 -0.115886566194564
0.259333316462247 0.256096370046783 -0.0820400894145175 -0.0755303878214067
0.290792318169835 0.228082539011186 -0.0463047368493574 -0.0736259666226332
0.264664196398232 0.268864790937961 -0.0301394026755845 -0.0848551266804258
0.0921625205904744 0.360468181924773 0.0466119476279848 -0.0617538111098626
-0.114957308241082 0.379468024976 0.0760682780999237 0.0306409177803149
-0.447849941447824 0.267328928009112 -0.046574562905969 0.103649255336704
-0.500772478326824 -0.132089985247651 -0.172422256005575 -0.0357074059003322
-0.221373674510471 -0.453840504531682 -0.17944750396277 -0.250947939747028
0.0182462513301434 -0.553549569345432 0.0158033329205159 -0.320547800226235
-0.0779265608449983 -0.565190311931232 -0.0864372366550543 0.0897708428467952
-0.337268556460388 -0.42217695032434 0.0444023224753382 0.0749829499373045
-0.531124867091599 -0.0826019809532397 0.151886822784076 -0.0835784772925203
-0.43046711729879 0.314361975160818 0.0565987606522514 -0.123021955725418
-0.10083488128814 0.397198787234329 -0.0567673571839955 -0.0617026870237784
0.0991307061999194 0.339777201265597 -0.0306209312859319 -0.00993922164127597
0.267558870846932 0.284321861908882 -0.00364044573443017 0.0273832230333761
0.295730358813372 0.249639542603655 0.0529528598042098 0.017437827459687
0.261697754810136 0.288388720102732 0.0617665676875881 0.0192357528875517
0.0803318774278536 0.379057870224595 0.0971757612282364 0.0523802182061478
-0.133426482972523 0.384465381543133 0.0754506450721806 0.132572753996543
-0.461353601715327 0.271917348119437 -0.0559020717573887 0.161937376615322
-0.522757294909803 -0.126412381364036 -0.159242559310781 0.0136777185423949
-0.250476389327227 -0.477197692318383 -0.14903356487377 -0.138412488162222
-0.00705793563451923 -0.609282058643414 -0.0277231415895344 -0.119793290934827
-0.122829540843092 -0.539355286210191 -0.0980791581673059 0.282628149534464
-0.366180817708914 -0.382178594574206 0.111855998824697 0.193641573309039
-0.515863467887773 -0.0460145183027961 0.179433670680805 -0.0674458740894531
-0.386897331461135 0.31537807351017 0.0390104741083088 -0.100131484490686
-0.0849178459396213 0.368812385686091 -0.0737615690606899 0.0193154626019796
0.089356395361666 0.313876073118311 0.00298034355780527 0.103027016781608
0.237826388797906 0.269085276179329 0.077263295743185 0.128703094588544
0.255217764270589 0.232703426542767 0.14448992794767 0.10705015910966
0.214403127800621 0.264996200311481 0.143133037159298 0.116439102179764
0.0466145264037786 0.331117969440313 0.133248287247438 0.157247668190967
-0.13345194440578 0.314730907769926 0.0627300022222798 0.214503587945925
-0.386508358545326 0.212686956731872 -0.0652374797598767 0.195795826630636
-0.434982708629183 -0.111327401057543 -0.137605421471705 0.052366888476519
-0.218978173262369 -0.409289382839758 -0.0989623691884872 -0.0317065570148609
-0.0293379216126561 -0.556243255986474 -0.0499865860223153 0.0759614519174855
-0.141460125267381 -0.428753812488893 -0.109040847452532 0.451946988083702
-0.320698453399464 -0.279030009990613 0.161956197623387 0.305526071481378
-0.396168263463883 -0.0135854486652031 0.188043348854036 -0.0282425052574691
-0.271262283836934 0.246283980279831 0.0221370126748946 -0.0600044841330702
-0.0588724865661393 0.268072311587926 -0.0790342356023278 0.0926518372288407
0.060098028107285 0.232406948302319 0.035660199158485 0.20133810186283
0.165891207962131 0.211999773980099 0.147963834414867 0.212188955055637
0.174544456410135 0.181539772590321 0.215046449716473 0.180720006479704
0.13468808858744 0.20271979727712 0.200465811504369 0.19383014335893
0.0069211276657412 0.233615638188847 0.144521853805823 0.232302859957262
-0.114760704773805 0.195065139958083 0.0363506205684558 0.257634667233122
-0.252485177682097 0.113040500914463 -0.07470317241932 0.193499435591213
-0.27338605958395 -0.0820818455863693 -0.11235967016775 0.0691051360655847
-0.147728077888504 -0.276738731089667 -0.0441595276412872 0.0464783629772354
-0.0454771514407247 -0.417795551675691 -0.053179592050877 0.232981690007245
-0.135247827070961 -0.24733660129712 -0.121666906018985 0.568045368630525
-0.215525250574618 -0.12871179745069 0.18659926429413 0.390509992538177
-0.207602900477924 0.0212094146540945 0.184799116002374 0.0201163162008085
-0.11065945427494 0.132483746926786 0.0139644093251305 -0.0216941080462242
-0.0243619492583526 0.117674420962557 -0.0738377876459883 0.139961665159706
0.0173910635599754 0.110640483841666 0.0578442614806583 0.265727271542511
0.0657245000510061 0.118683465311555 0.1947964899388 0.264769212092729
0.067018082190809 0.102493486739255 0.252701411237707 0.226447623949384
0.0381997076053413 0.114352428674463 0.225547618386862 0.238862695809948
-0.029230893697429 0.110651809854842 0.132949452184994 0.268057279151939
-0.0786792369775576 0.0629814025281574 0.00498006886222617 0.260938754910869
-0.0970407420008123 0.0176425835619844 -0.0799868533209842 0.164585750954652
-0.0970674307242265 -0.0367237452839594 -0.087686491019797 0.0688956988398812
-0.0745583950969865 -0.115494866053545 0.00504995040486891 0.0907993090349341
-0.0618175707562314 -0.226056522232714 -0.0339984202129177 0.332300818092953
0.0815466152340856 -0.0245854980890226 -0.0597176652514211 -0.388998106117659
0.0120031493803009 -0.0661632102689419 -0.0939135295026242 -0.156385706470271
-0.0650751119778765 -0.0231438010690312 0.0531503276999411 -0.0441911516755104
-0.0614462643093855 0.0600770500432745 0.0750465996739202 -0.1174138568075
0.0221205219571401 0.0615617423403313 0.0227427016677465 -0.223957713202109
0.0512454783928126 0.0241008784187104 -0.113214922567364 -0.277523643283246
0.0594794232790299 -0.00602324483178274 -0.230828289255281 -0.245867185403551
0.0497052845976742 -0.00814159476979335 -0.264361418592433 -0.228103840905249
0.0454619328250884 -0.0103327100789552 -0.232111268564451 -0.261584925099398
0.0314919293304359 0.00772765923353393 -0.0978465853379427 -0.263763432386051
0.00743968458942763 0.032998223225965 0.0370406542056452 -0.177718207452352
-0.0429596231540014 0.00534891659808833 -0.0185727361423212 -0.0336847709589934
-0.00194524905162694 -0.0560683073893523 -0.151049070732505 -0.0804210540304043
0.0851295044469552 -0.00997290268532841 -0.167530041880639 -0.372749299317748
0.0828392100849832 0.0644828874535299 0.158121140362461 -0.625791957481975
0.0515831171525711 -0.218103396002288 -0.0538433108097433 -0.345796293066668
-0.0720101136996021 -0.200264480491715 -0.0869042131041309 -0.147226771201601
-0.211091164326647 -0.0665840879562157 0.056538414397378 -0.0570204718590352
-0.196400842838009 0.132186345455227 0.0724357645304016 -0.111349930705977
-0.0247812148066961 0.180822471726304 0.0153392425618085 -0.200996395628989
0.0769875852471582 0.140576985027697 -0.0992593319727022 -0.250976738163628
0.154222927786364 0.096507024838144 -0.203661634748851 -0.219310859701778
0.164609882972874 0.0823511817297117 -0.221453742860976 -0.206740321527388
0.154912633046631 0.10036575906331 -0.193305595303471 -0.236887858807572
0.0736243600785969 0.156185542766786 -0.0611528287469004 -0.235417197649599
-0.0300892445240778 0.184429880838239 0.0554061608581055 -0.141288020902603
-0.207748805422081 0.124135490663807 -0.0258425437293188 -0.00437778380211665
-0.208901926646891 -0.0848622444883983 -0.167898221375056 -0.0881470794469498
-0.0377100426223585 -0.191474153701909 -0.193269312629076 -0.379989718957801
0.0585854815056839 -0.18499641219983 0.107073458069957 -0.602618470598169
0.0114775228480588 -0.387452490193832 -0.0612335081488784 -0.245763009761794
-0.16650129446218 -0.312226264376967 -0.0646800678274121 -0.107041931226726
-0.347902492956414 -0.0921947926092317 0.0752318540738373 -0.0747481821816117
-0.312639744504809 0.205021345422763 0.069105573175769 -0.118002934701948
-0.0646139679877918 0.286182460973407 -0.0047042863766716 -0.171304618501788
0.0960259997504222 0.240847798874439 -0.0841138950920953 -0.196014941015378
0.228097079708807 0.185220343855993 -0.152636893666221 -0.160107706441426
0.255290793144003 0.161228732583037 -0.144705166367468 -0.152446560497311
0.238654831806242 0.196144126413587 -0.122389511129099 -0.17540715984194
0.102063385711907 0.28317766096881 -0.0102818802564258 -0.166564660159519
-0.06938659865443 0.312447049614071 0.0712615134530536 -0.0696866105275
-0.350907897664888 0.226478435622388 -0.0342980074188416 0.0464154186791774
-0.393928991627921 -0.10484124218766 -0.179589846704353 -0.0681684155240018
-0.155639903088685 -0.350885214209296 -0.208326979685409 -0.335384908891066
0.0272534591397527 -0.408572773143134 0.0519108858529651 -0.498413193689795
-0.0446419562276947 -0.512531126110323 -0.0737143586110748 -0.0945716082322869
-0.271960954278701 -0.39041359109088 -0.0196428038298303 -0.0330049961321015
-0.470780477512816 -0.0878819093535568 0.108443772274798 -0.0925830854922565
-0.394196881444659 0.283149476047778 0.0615427733180696 -0.130076722509091
-0.084852496982134 0.370663911434261 -0.0341817318781121 -0.126286525146512
0.111497339189078 0.313109201660688 -0.0635344797218912 -0.113213722902982
0.274203439988865 0.248028352064846 -0.0814326240995399 -0.0740490887453602
0.307154558865614 0.214591188954563 -0.0471718545174845 -0.0753041021618518
0.283436897711725 0.260024581068346 -0.0307210128578638 -0.0854116329738093
0.111068283026956 0.363862830361725 0.0487408578353897 -0.065919416192337
-0.100044737892595 0.392804843045228 0.0837855621867917 0.0262417619897289
-0.442425726747671 0.293883878765283 -0.0407416646279558 0.109520144835983
-0.516686570926592 -0.112585258118016 -0.178789915732948 -0.0263186774922525
-0.242303881888106 -0.453289681615244 -0.197784479302955 -0.247029839313823
-0.00529565551579053 -0.560408085400047 0.00188766012971647 -0.325916314874479
-0.101328613910401 -0.5692813628946 -0.0837070533179732 0.0912641353979338
-0.357143208248518 -0.413458246973806 0.0468269425485564 0.0707105830125888
-0.544898628604498 -0.0602796591157195 0.148066191442442 -0.0983798869869743
-0.422328775726127 0.341896320074832 0.0485098470815798 -0.130317245890535
-0.0858119699286087 0.411713864196782 -0.0604136477397595 -0.0595972800432653
0.116877594229194 0.342813575163748 -0.0332977897303668 -0.00736039261005428
0.283697167847794 0.275563488574272 0.00326213211787211 0.0267213653547483
0.312687898753744 0.236429208043308 0.0579001857323052 0.013865526479468
0.279783801248669 0.279803359594713 0.0663399024695867 0.0164055001247026
0.0986884739857792 0.38245027635681 0.105544498264686 0.0483232141974777
-0.118879671258533 0.399933526681808 0.0885542932470935 0.129871196649692
-0.454540511046135 0.299492978521623 -0.0464686842308107 0.167528799682631
-0.538563680571549 -0.106355629926999 -0.162317061501163 0.0243243360974864
-0.271986581499493 -0.473820420054862 -0.161799490292887 -0.134969209929139
-0.0326487901853796 -0.614471702246436 -0.0329362651786701 -0.119454095978397
-0.145669390237064 -0.542089333279952 -0.0882206208464548 0.288807878342746
-0.386727782295448 -0.371243594935896 0.120385906989475 0.188674713737549
-0.526188311098876 -0.0225489542449518 0.177184218037448 -0.0830273745389877
-0.375600468726547 0.340884259374847 0.0310313390578899 -0.107562310226022
-0.0701927789218446 0.380983155840743 -0.0752655603913075 0.0226097003237246
0.104774341052499 0.315677601262136 0.00569912222639941 0.105414491687738
0.252008230533231 0.261215052747488 0.089578885424645 0.126104407641394
0.270372897912749 0.220604393378398 0.15434263524544 0.101018096849872
0.230949453080933 0.258166956189951 0.15323514743561 0.111420028488595
0.0625541474801327 0.335636000261971 0.145712117185315 0.153205055570504
-0.121690418129835 0.328489296299348 0.078471030204261 0.213422577198621
-0.381247778324665 0.235144606825333 -0.053427843354369 0.203069551948934
-0.446652680074055 -0.093182752632434 -0.137461257469643 0.0625042020683307
-0.237291629270162 -0.40562306319022 -0.106951536532166 -0.0274251706769915
-0.0536986531114098 -0.560338266828783 -0.0485201710961939 0.0826323823815272
-0.161307064624243 -0.427098344600127 -0.0934917791444384 0.462933572962111
-0.336421796224172 -0.26827222360099 0.175789119607794 0.30078650392953
-0.404550714879538 0.00704480483178433 0.189371095127138 -0.0435300394747743
-0.262878968797964 0.264526523668096 0.0171727694688928 -0.0670944709117857
-0.0478558552681531 0.276200991193122 -0.0773264371175379 0.0978119509385549
0.0696466267795778 0.234611173714392 0.0432565314978258 0.203467327812876
0.17669172680948 0.205815017724773 0.163722020364556 0.208078271023262
0.185583206136803 0.173498982008816 0.228634931984424 0.17415859288536
0.146715840448882 0.198814371529219 0.212689261528028 0.187276053713387
0.0175823412727322 0.237822355405024 0.159808817172841 0.227902990322582
-0.108246385950084 0.204566954873109 0.0542195341839828 0.25812640573945
-0.24947363613471 0.126944857615213 -0.0627380002016503 0.200923179889058
-0.280726063320047 -0.0711371158559409 -0.109896948133021 0.0786793409830225
-0.160513163822745 -0.273067312861737 -0.0473172661860068 0.0504199081102097
-0.0636676287740404 -0.418532164296487 -0.0442162298557434 0.24270869273174
-0.14794113675349 -0.24371708017139 -0.103086334502632 0.581199919072655
-0.225257554983254 -0.120189115083607 0.205943778007506 0.387004500245287
-0.211351140913724 0.0324838498465709 0.189112428505581 0.0072029355319442
-0.104303935701686 0.140280380492533 0.0107534964290391 -0.0275164758028653
-0.0195930400110431 0.120987940596882 -0.070921791949851 0.145333140075501
0.0211118765059997 0.111556296818127 0.0689310431218947 0.267397616988017
0.070874630561258 0.116513998809318 0.211894577960256 0.259926568384355
0.0724554960964896 0.0995076786731827 0.269094501701332 0.219961945644096
0.0443364220841629 0.113224613946948 0.240305064585615 0.232132539158279
-0.0250052850953487 0.113373128924538 0.148117655846758 0.265604991146517
-0.0770559957492878 0.0676744440056814 0.0210483405982918 0.26169793407534
-0.0953571519543851 0.0213426576798251 -0.0686210240020741 0.171130295432223
-0.0987281791980511 -0.0323484149860161 -0.0836484970089566 0.0769219354089705
-0.0795700287686225 -0.111682234356956 0.00525110900962183 0.0931704189759658
-0.0735717332723814 -0.224380531612187 -0.0210928795314254 0.342286475254826
0.0790698847934472 -0.0317984653537367 -0.0807231610674005 -0.380402149561798
0.00670950784558373 -0.0687430192570629 -0.100803655292695 -0.150461632092434
-0.0668673800602961 -0.0199649889477835 0.0472741644914544 -0.049474587128199
-0.0578957072317783 0.065943405475316 0.0621366854077845 -0.120749127568492
0.0260511093765418 0.0609443990999931 0.00462594428790849 -0.220549808367057
0.0535204548510672 0.0207480605610221 -0.129590129393811 -0.263924947242764
0.0600092976261409 -0.010306092216341 -0.243496457140348 -0.225833978325525
0.0495469586765438 -0.011347658171339 -0.276360528498145 -0.208999662861729
0.0442468871001772 -0.0133928554726204 -0.245332083491576 -0.243467435208263
0.0307400478267667 0.00600730688658572 -0.110515914959047 -0.254708912746297
0.00987990496029351 0.0328775583067455 0.0270501663956118 -0.178139895678231
-0.0442146168696534 0.00870705086712788 -0.018752438406859 -0.0280041707439688
-0.00657078044422196 -0.0574742781469716 -0.156246283868629 -0.0658248488332458
0.0842070886692303 -0.0174535519404214 -0.192218757056494 -0.357268263327955
0.0875688602955007 0.0591177200956009 0.116022141810075 -0.633088755038028
0.0386863832234042 -0.220723265252865 -0.073044716882793 -0.339521406298429
-0.0821672366200199 -0.1949469654793 -0.0942474338325905 -0.142513970455641
-0.213281804136287 -0.0521616363707533 0.0488966389836635 -0.0633595990149904
-0.185983543993363 0.146330343931987 0.0602058419020227 -0.114537291602521
-0.0121291535364073 0.182983640160311 6.49787319642595E-05 -0.197749178591191
0.0864653310090274 0.134647955069053 -0.114694594854256 -0.238357736430797
0.160017675394795 0.0842537904000654 -0.213839032005882 -0.202992098124005
0.169147517615797 0.0690261937460231 -0.231084957692213 -0.191095818174966
0.160699727192486 0.0877246261690892 -0.204919819647856 -0.221679660770444
0.082826629608198 0.150349507645029 -0.0726751215737079 -0.230220780855618
-0.0175314660112469 0.185732272400806 0.0475341850082835 -0.143866333982134
-0.197783714808918 0.137916070058779 -0.0242658681333555 0.000690895813949023
-0.213935533237662 -0.0710575875088311 -0.174477665768718 -0.0724073925544405
-0.0482561642593075 -0.188575857851415 -0.218323673692979 -0.36323269003057
0.0476679213131025 -0.184607961813505 0.0675804973578468 -0.606112862800811
-0.0123790121120947 -0.383433595641457 -0.0745850101353975 -0.241403543411934
-0.181017246916002 -0.299110744169555 -0.0713324940518812 -0.105644875591003
-0.34910688053834 -0.0676162515322012 0.0649878687853635 -0.0833947431671065
-0.29594087340376 0.225803825449339 0.0559738889050568 -0.12134051094465
-0.044353030770266 0.290193098379859 -0.0177966604975129 -0.16692438774225
0.112033357506999 0.232513987165276 -0.096948717229394 -0.185732321233229
0.238406072845095 0.167091460340572 -0.158037039671773 -0.149125943504681
0.263175080815822 0.140403692485337 -0.151862000425158 -0.143647726739355
0.250364309278531 0.175874728825465 -0.130346183885859 -0.165817576691968
0.12030223020445 0.274368574490755 -0.0172825170996637 -0.165844263065745
-0.0470185025336771 0.315134449485081 0.0694538206206999 -0.0752407200049663
-0.331924188103759 0.249070260760245 -0.0297227358688444 0.0507983573544967
-0.397853884979003 -0.07900456595302 -0.184450763659497 -0.0515521326499601
-0.174160648063274 -0.338011143192998 -0.230241039340699 -0.319662371597303
0.00280525065234287 -0.402277355620269 0.0199240219824958 -0.49907704817588
-0.0742996600685518 -0.502484194940735 -0.0779831353781656 -0.0925217269840355
-0.289096856843663 -0.368106722328327 -0.0229784351789045 -0.035128353902872
-0.470082170038949 -0.0554647363687223 0.0965413738677753 -0.103382752347524
-0.371448758856074 0.309903372574025 0.0475851686638749 -0.133701315637996
-0.0589597931059283 0.374875011297241 -0.0433419595332934 -0.12059679719699
0.131195807910608 0.303399487094856 -0.0717380456391469 -0.105473308292359
0.287556058856754 0.225426405778787 -0.0807024941483716 -0.068948201462006
0.318520131465566 0.18837072353789 -0.049724977527522 -0.0732852294172246
0.298328563782441 0.235809527010128 -0.0328417696958897 -0.0834495083096441
0.13435175593007 0.354963468122963 0.048679409980149 -0.0698797893126408
-0.0718637963176361 0.398756753312582 0.0891407106306676 0.0185257161968406
-0.41672366514849 0.320941302277791 -0.0309275303573923 0.113008490092627
-0.520034798146326 -0.0764691901321298 -0.180119033968446 -0.0106883244678701
-0.265227791155218 -0.434172167688059 -0.215872291889291 -0.231992358751805
-0.0392211643158733 -0.550462208016633 -0.0179854472357137 -0.324406962434545
-0.133522591723359 -0.555722424523259 -0.0773504758486481 0.0924314231643207
-0.375900409593701 -0.385831037907925 0.0490752801733902 0.0632972794042164
-0.542090398950351 -0.0201553931999956 0.13549103565794 -0.113512131608334
-0.392768533880889 0.369941379400399 0.0345080968818426 -0.134815359707478
-0.0555296302447905 0.416287357446409 -0.0652360023507995 -0.0536215775591687
0.138524695529875 0.332511344227684 -0.0352745622035252 -0.00318660295200091
0.298449467746583 0.253530504452999 0.00994589512763286 0.0240077577779214
0.325559117043803 0.208965157503863 0.0608827845808639 0.00787559873678902
0.295843616855596 0.25736155245128 0.0699597921958663 0.010850479492394
0.124066779098422 0.373650132353515 0.111912822947971 0.0386459746954434
-0.0902783892543855 0.405636450918749 0.10118499809959 0.119350823079321
-0.427160058406043 0.32784384298425 -0.0318552153412842 0.170801935744965
-0.540893766463127 -0.0696018249532198 -0.15920891353926 0.0382639231651038
-0.298153206332148 -0.450758079835317 -0.173690475155236 -0.121234844501613
-0.0714718767570076 -0.60137501501395 -0.0392034346783735 -0.114392702141857
-0.177447687125714 -0.524721286477526 -0.07068130153347 0.288219070955585
-0.401939069904994 -0.341429397378304 0.128716652358499 0.175428177055561
-0.521696219618898 0.0142723280206716 0.166254349295512 -0.100329893222522
-0.347568889832387 0.364041604364361 0.0195244068281155 -0.111837137423887
-0.042451717657945 0.38373656412284 -0.0750926390292373 0.0278995363718238
0.123762776972898 0.3068757972483 0.0108194315112693 0.10506487355545
0.265794475705975 0.24097942829785 0.100876602865126 0.116476139696316
0.282650603392742 0.196737915286845 0.162012859750335 0.0877673094792379
0.246793230009219 0.238331372250128 0.161114356879897 0.0994085993402578
0.0849801311013393 0.328484689274014 0.158148977779679 0.139645056238414
-0.0989864803454668 0.334904451103315 0.0978953877301355 0.202185271324884
-0.358367071855944 0.257617157417107 -0.0365465519024693 0.204394318533442
-0.448335060444834 -0.0630572178723837 -0.130638033082778 0.0743496134816494
-0.258825634619036 -0.386401877605365 -0.112924991473462 -0.0180000441196948
-0.0884914766980636 -0.546495247849608 -0.0413025359716557 0.0871629316056827
-0.184943976456114 -0.410123231561318 -0.0665920234996218 0.461072653688612
-0.347041599564395 -0.241507277864915 0.191789682631803 0.284169319714102
-0.401171389410055 0.0359824268722075 0.182544987039344 -0.0621048080063196
-0.240119574974836 0.279785864324242 0.00914601829400862 -0.0715159725415892
-0.0276823147976175 0.277490641283304 -0.0717700472997047 0.101721039757055
0.0840843772521282 0.22872175715948 0.0544892241253896 0.199304035208676
0.187223164662912 0.191068658389699 0.177784333268786 0.193726738883818
0.195423030560629 0.156347024521104 0.239123503507018 0.155512086242455
0.158485633739576 0.186188982076315 0.224535811937267 0.170371816504776
0.0335001416787929 0.234497859942036 0.175993015520476 0.21336721780327
-0.0935298716658985 0.210763362882449 0.0756264311438074 0.248597102801923
-0.235132024797389 0.140289078881632 -0.0448482593093367 0.203150103668529
-0.280676067211238 -0.0499365156673107 -0.101287451013752 0.0874689837971273
-0.17341865369573 -0.257588552413349 -0.0477346568523016 0.0546326071693499
-0.0911280716404245 -0.404802129180094 -0.0279806294423414 0.24638941513373
-0.159801523832624 -0.22979873739794 -0.0686584967427838 0.581611759086029
-0.229680175027138 -0.102416547224859 0.227272799496251 0.369155640642263
-0.20797173506797 0.0483772606281302 0.186991954588278 -0.0101627687665462
-0.0917464342199454 0.146106001428464 0.00607628182798259 -0.0323665553322419
-0.0113971412552945 0.120321590403373 -0.0627121936323273 0.14827062326833
0.026851811573488 0.110191857173236 0.0843364284655278 0.259941701368393
0.0771358240428238 0.109548148918421 0.227588129441698 0.241801566974817
0.0775913243100624 0.0919593084029818 0.281727754848686 0.199361576018126
0.0511281474016887 0.109176605235945 0.252087791052125 0.212627755352573
-0.0172906993710104 0.113885959964894 0.165220208817905 0.250513609486414
-0.0723251512621062 0.0721957268301125 0.042365369993519 0.254325112071647
-0.0909664052038176 0.0255069527340978 -0.0519964862469811 0.173547055078263
-0.0979506613816415 -0.0237768287368712 -0.0747395643468211 0.0840736254478867
-0.0837922229755462 -0.102963146531065 0.00727781553980945 0.0939185627695625
-0.0877287902201721 -0.214094572799421 0.00134490278953484 0.343065159234315
0.0729247105017112 -0.0364479460372097 -0.095625363848081 -0.358091123637617
0.00199025290310939 -0.0677981693214478 -0.102321635076677 -0.140496276248179
-0.0666796486681148 -0.0165908457475209 0.0399890580172691 -0.0530614562400301
-0.0523137610910585 0.0678492558720615 0.048394765438564 -0.118125944777388
0.0285100048343655 0.0586614456406714 -0.0111312003315012 -0.207439113578514
0.0531784197109529 0.0165555808271716 -0.138272919320366 -0.240332316337175
0.0580370291457274 -0.014486964035344 -0.243152877425938 -0.19949028544351
0.0478096125409801 -0.013668382420762 -0.274024113996772 -0.184361695803065
0.0411147748701034 -0.0147640338337817 -0.246083791243873 -0.218340905403862
0.0290114285357812 0.00445338655898015 -0.117552557259228 -0.237576781076352
0.0114291155569113 0.0307409125261916 0.017983202744891 -0.171211232850118
-0.0428227513087975 0.0119168403014413 -0.016358809921824 -0.0224287367625966
-0.011553199549244 -0.0554599311728858 -0.152816497698087 -0.0488384829905914
0.0796379479970735 -0.0228290046139874 -0.202819169792684 -0.329012019499234
0.0886154074279115 0.051611888153816 0.0749753620746303 -0.611426147946587
0.0251992923862498 -0.212281340074446 -0.085871992949724 -0.320559025169844
-0.0877487220595523 -0.182862283375295 -0.0972269350856595 -0.132984254906758
-0.205967586382334 -0.0382342393541496 0.0394906194479468 -0.0660639788042062
-0.168841912917619 0.152239425531928 0.0473579062927097 -0.111690543324746
-0.00104016514628381 0.176672332139659 -0.013214226602501 -0.185012774122786
0.0912090061402511 0.123577159674322 -0.121745983741188 -0.216747417532428
0.157373644152089 0.0700956129380229 -0.212180030936912 -0.180859350964035
0.165802929877311 0.0548845737324481 -0.230011664369159 -0.171624711100958
0.157749451767653 0.0737099071663597 -0.205378374504563 -0.200187242645138
0.0872847351316798 0.139192297897756 -0.078916350291498 -0.217405955557497
-0.0057005660482671 0.179097335958418 0.0405490251461659 -0.140272754312204
-0.180982789019489 0.143745286053364 -0.0215277837918811 0.00575632221582742
-0.20898197967052 -0.0567835719126384 -0.171249224394101 -0.055043495817216
-0.0546751236012499 -0.178217027333758 -0.229286940007046 -0.332081580077072
0.0380315123876729 -0.176764590034291 0.0327339210740397 -0.582418481893749
-0.0307687954296559 -0.364399433966397 -0.0829178541742035 -0.228120430829745
-0.184930013776752 -0.277200579436988 -0.0738127491837671 -0.0990707877267927
-0.335907646900322 -0.0450844007211983 0.0521248231238998 -0.0865943442443022
-0.268304197676873 0.233724194830927 0.0419545319931459 -0.117918350432032
-0.0253844512422361 0.280544470225809 -0.028047184560384 -0.154772116569305
0.120638193019293 0.216074606525417 -0.102514783607632 -0.167945547283704
0.236272874930303 0.144820029545141 -0.155149727935621 -0.13329575169033
0.258958683243834 0.115826991534892 -0.151461483826265 -0.130240091604635
0.247887350711001 0.152120622841263 -0.130388628702343 -0.151403934905712
0.130941720839462 0.25513710811252 -0.0218652799750741 -0.159375886096226
-0.0264444013290498 0.304167804173768 0.0652268890740585 -0.077366147099279
-0.300750094408143 0.257247513893271 -0.023305019257429 0.0533393687278254
-0.385456642780866 -0.0522788985018838 -0.179608772219472 -0.0349615977742503
-0.181969414245258 -0.314013416219535 -0.241063875851672 -0.290837765993777
-0.015962183739574 -0.379680711766443 -0.00810338291943978 -0.476924222128676
-0.0957093147838536 -0.474002589150695 -0.0794067314695741 -0.0872597130055755
-0.290331869004673 -0.33632887030578 -0.0256170813491531 -0.0354403534704636
-0.449686498799425 -0.0268572167808991 0.0806739800408703 -0.108593587873506
-0.332580225262635 0.317752594764643 0.0322588665238284 -0.129669878186533
-0.0349107018119175 0.362890825743901 -0.0491062230909471 -0.110277314713583
0.142239341431866 0.282936302187425 -0.0740724862890394 -0.0930770790222373
0.285785891955491 0.198051194604083 -0.0770941015258623 -0.0635694111954987
0.313776923315053 0.15823726790959 -0.0493168761167537 -0.0697194382646252
0.297547294920856 0.205726893606942 -0.0334191344160209 -0.0785508941096786
0.149165082855335 0.33038664101462 0.0455544269953605 -0.0723676971959511
-0.0461084880899662 0.384713462263026 0.0900004152230862 0.00990530922022865
-0.376305805704898 0.33097117935299 -0.0215894224556942 0.111600745878342
-0.500488168208433 -0.0433792202707132 -0.172826353151987 0.00386477840872028
-0.273521651174603 -0.399226732747624 -0.222913837285962 -0.207951116290652
-0.0630902497093404 -0.517780914412452 -0.0344991879002215 -0.307308809413278
-0.154828729552291 -0.520370385269161 -0.0704479236542154 0.089262321238363
-0.373431979266023 -0.347854968048149 0.0477625540936888 0.054267779086199
-0.515386713015524 0.0115277840937752 0.115984556651417 -0.120748828663417
-0.351852567375921 0.375055930955845 0.0203723793014253 -0.130394244140613
-0.0280766070808239 0.400971312782882 -0.0664080155146837 -0.0455543408988723
0.151086043581983 0.309934924547109 -0.0343740067413853 0.00150877468050913
0.297106413710949 0.224123274176364 0.0142717815477283 0.0199848704526649
0.320359475208976 0.177296298160472 0.0600877171041757 0.00169687494287151
0.295975017656424 0.226021970001032 0.0698584500991233 0.00486892545843903
0.140346386325359 0.349571273377472 0.112137002881975 0.0277445423433695
-0.0621305321930507 0.393808814208048 0.107470743670225 0.104335098036967
-0.386727618769908 0.337167192437725 -0.0181564217122903 0.165900676226947
-0.519374611979515 -0.034566557664938 -0.149142028676599 0.0483964731661636
-0.304032192824573 -0.413490478389976 -0.176774552538965 -0.104251830117789
-0.0987817244340861 -0.561483476525149 -0.041783926415925 -0.105539071708717
-0.192667092438024 -0.489316355163728 -0.0541886584399101 0.276240968665254
-0.397433257553969 -0.302937667100827 0.129785943675557 0.157547898279218
-0.494973566789153 0.0451425169751216 0.147414005514375 -0.110629543655309
-0.307650448220168 0.366253293922033 0.00769808451924221 -0.10962558290745
-0.0180562164854262 0.368227934505373 -0.0710159458587915 0.0316112657145998
0.134723130562037 0.287078769930499 0.0149066093557107 0.101630268435311
0.264747364171168 0.213838304328036 0.105756342088398 0.102972435234047
0.278458129409858 0.167892495578085 0.161089006051233 0.072472400562477
0.248378456719855 0.210781914037049 0.161428281877172 0.0840461161741462
0.100170461780014 0.307732601071661 0.161275139751565 0.121391145722399
-0.074639800483707 0.326040370117697 0.108478238783839 0.183675646323222
-0.324259999923027 0.264927963591957 -0.0196624518757946 0.197535622621732
-0.429835466309616 -0.0331609183132022 -0.118588250540611 0.0810090443527246
-0.264151048473789 -0.352510372816859 -0.112301399667591 -0.00860689772098795
-0.111838521295216 -0.510294925266092 -0.0333671255922255 0.0873046405622712
-0.194635280121747 -0.378658060387584 -0.0410763067663189 0.441585266416351
-0.34105801826646 -0.211322659161827 0.196301312877615 0.25786236945178
-0.378625611041494 0.0589792880332612 0.166187828688453 -0.075128965182304
-0.210492318464532 0.280454402323766 9.90808670697587E-05 -0.0719174109774145
-0.0106540084064112 0.266233374929626 -0.0643404462495451 0.101275883110291
0.0925271980957411 0.214880591259165 0.0615289946286969 0.187840177103995
0.187394309739334 0.17042512621266 0.182511077523431 0.172322472730732
0.193556110032739 0.135567324537705 0.237974231317589 0.133150257401758
0.161667412104331 0.167379618837696 0.223962985422368 0.148024384717185
0.0450389961971732 0.221418677228833 0.181270692661642 0.190848993679696
-0.0772605435459495 0.206899932002385 0.0900732445651506 0.227980902015978
-0.213410485018219 0.14611167369546 -0.0276541213114005 0.19482510649189
-0.268097475262791 -0.0306197278024354 -0.0889568195245719 0.0919197945120195
-0.17619006044772 -0.234654583830941 -0.0468289485126968 0.0579337519865314
-0.106903923279532 -0.375858325376227 -0.0115337526506409 0.238507868347525
-0.162603250380896 -0.209273414128056 -0.0368979916440901 0.557978611042902
-0.2224460838284 -0.0839834113871366 0.235508756548225 0.337693926689791
-0.194908090576908 0.0600584197045284 0.176134070144547 -0.0256236554688174
-0.0766096116354562 0.143553360173698 0.000184251263044404 -0.0352104800046663
-0.00415737505551923 0.114523887435819 -0.0530557465866148 0.144760295123306
0.0309135552000173 0.104498976690243 0.0934499770520199 0.243658141454157
0.0777017501220223 0.0996832176361572 0.231291485541776 0.216849379749797
0.0774956452129797 0.0821486523544808 0.279437170118415 0.173572323614121
0.0546723797411294 0.100523978389513 0.251700967346402 0.187546355251495
-0.0103495528440647 0.109123804767575 0.172255286932889 0.227612217242402
-0.0652399558531433 0.0726957781753791 0.0582016124167932 0.235635651113709
-0.0829228237893952 0.0276102835308476 -0.0355038182567514 0.166832050482826
-0.0922256562867853 -0.0162907428549611 -0.0631528867228283 0.0861518370641084
-0.0839509172541347 -0.0909887544561463 0.00879596592630141 0.0918519577301223
-0.09523806974915 -0.195511044040013 0.0205790480105654 0.328550507522629
0.0555425742236971 -0.0468358156337607 -0.139356185735292 -0.315993585289758
-0.0109531838380585 -0.0625783504115952 -0.115519690425046 -0.119958325409529
-0.0652539912376644 -0.00842146837272365 0.0223034098635718 -0.0608392889148691
-0.0400119672089265 0.0691894306736724 0.0174644996466085 -0.11438496785177
0.0300369852514259 0.0506893606927753 -0.0428868825496568 -0.183815767523974
0.0492026892380694 0.0103071465727317 -0.162054757944297 -0.201653077188912
0.0497944812339233 -0.0197815144088044 -0.254356192118753 -0.15371933306143
0.0416922538627042 -0.0171514570613313 -0.282334561079499 -0.134370258048177
0.034389394981116 -0.0173693160901552 -0.264206646261708 -0.167756567676892
0.0259984798654953 0.00055522496842522 -0.146666834619979 -0.20607821258643
0.0129695893100013 0.0259578294162352 -0.00794460349356815 -0.16339689201178
-0.0394943963067787 0.0174496461244934 -0.0142769876244533 -0.0158391500516525
-0.0201261826394994 -0.0510503776702994 -0.147967555675673 -0.0178441647532153
0.0699053881401046 -0.0379140451198404 -0.239281155293434 -0.267764142139452
0.0885381695382543 0.0285437720912095 -0.0145487532302718 -0.576372276122331
-0.0058597664740326 -0.200998768904405 -0.127233311300394 -0.292938339535748
-0.105377102652293 -0.155911211019397 -0.113040088188812 -0.118772694433063
-0.192956299616641 -0.0105054627341215 0.00927444407085864 -0.0758023282088782
-0.132942025700628 0.160763221609252 0.00703344955701889 -0.106815385378485
0.0191415804520404 0.162136518877822 -0.043512416564478 -0.155869825986616
0.0977880807157877 0.10465080064441 -0.141281608544661 -0.177445873526413
0.152394371588939 0.0445185722625681 -0.219342045851624 -0.135080535664487
0.158148090605144 0.0314638498416537 -0.238553060451862 -0.127307558142237
0.154058850930359 0.0494531157878513 -0.225792766929796 -0.158462336521349
0.0976100142653262 0.118670656438024 -0.110582841700729 -0.192652093215677
0.0134350831771918 0.165283860069758 0.0176807371023285 -0.139203663461765
-0.150795672243315 0.157903787762706 -0.0137712894783543 0.00767570112635611
-0.20052923308593 -0.029675737606746 -0.169229444952211 -0.0232605643205899
-0.0735909774450997 -0.164261056600626 -0.262292288237048 -0.267314581440798
0.015815648025915 -0.176808592903646 -0.0489571886322203 -0.542490798941105
-0.0729392439753494 -0.331933101058298 -0.112984116006222 -0.21628627235838
-0.203975208819722 -0.229365692977727 -0.0907598291028136 -0.0951087677845734
-0.309931247403781 -0.000390655205742205 0.00866830386478079 -0.0992884564725941
-0.20987586717454 0.247900546823604 -0.00778158293909923 -0.11105366715711
0.0111304175075331 0.259125675503233 -0.0546098445112124 -0.118759302112316
0.137182043349957 0.186564486355885 -0.114165528969355 -0.130456142074657
0.234516532202997 0.102134260089657 -0.156389123267408 -0.0946959437982812
0.250875038742566 0.0758645872848267 -0.158750752879995 -0.0997082150787032
0.247917736682463 0.108960110137893 -0.149801801370449 -0.123160597087438
0.153741361838101 0.220289559856777 -0.0505555190111352 -0.14756002036682
0.00896313983171481 0.28440576742151 0.0508674910366057 -0.0857833784302849
-0.247977249014786 0.279027285875058 -0.0071930450311106 0.0491517551218345
-0.360622930725718 -0.00632282753560087 -0.176441402849119 -0.00603709463306935
-0.207784134890567 -0.272214286955997 -0.264514686466784 -0.227370435979826
-0.057476187781379 -0.357631134306283 -0.067911310654465 -0.43961539312341
-0.14144178983042 -0.421829572732174 -0.0908477746261338 -0.0917313006366494
-0.305771219480814 -0.269541871607773 -0.0403025632926791 -0.0464189578779164
-0.409027169567652 0.0318180347269728 0.0220409386640982 -0.125283729423461
-0.258012083731475 0.332378308541839 -0.0259450276369977 -0.118681029870522
0.0140354585959804 0.335900501429349 -0.0683715983618345 -0.0688976128325914
0.16593246543661 0.245366150174304 -0.0772472997821711 -0.0618366612236624
0.287097193864569 0.144139840087182 -0.0718417200920816 -0.0365472833458588
0.306842359047093 0.107940145375357 -0.0549706373289102 -0.0567471904443578
0.301379831962185 0.152389318720593 -0.0489950833166516 -0.0696965973360044
0.181150997226231 0.287850177955921 0.0252153512459706 -0.0771118620576861
0.000261542850254571 0.360850910615492 0.0879538416772419 -0.00986472111416822
-0.309430250830502 0.357588018371859 0.00441005361051528 0.100521366649896
-0.46610501685562 0.0152889776900074 -0.164446231768656 0.0267752463911229
-0.303136898696728 -0.337780480313069 -0.232053543761534 -0.154214433450032
-0.117091317720662 -0.476586086428624 -0.0668192939156849 -0.278992839346679
-0.197679918160198 -0.453798483761988 -0.0580321023553971 0.0671906240413132
-0.379811518007281 -0.270731886780606 0.0385705178796818 0.0255782541300289
-0.464417206999614 0.0743951905308972 0.048496806942457 -0.141381448554119
-0.265988275395128 0.386908480493102 -0.0414007400617575 -0.115548607343596
0.0249039340663275 0.369105093502298 -0.0752145598828965 -0.00381940380933045
0.177752313616255 0.269880571806892 -0.0260903397677058 0.0222288776425714
0.301627040401246 0.164921407023271 0.0262298977517556 0.0306029313919156
0.31545139119453 0.12376814497496 0.0576263636598606 -0.00613882019956137
0.303634755757333 0.169300147101078 0.0612057312667988 -0.00724423412628551
0.176134757197172 0.307356481514273 0.102769787646403 0.00586063411376725
-0.0130654311033308 0.371752319377883 0.119508364899074 0.0749619745772721
-0.315480335780077 0.364287414697351 0.0161508907802733 0.149191526806475
-0.479885900495262 0.0277746441592166 -0.134953557250348 0.06389556467759
-0.333396167242805 -0.345314687063508 -0.172128213565012 -0.0648049444097703
-0.154370939099712 -0.511651014472736 -0.0464257497548674 -0.0904662622114716
-0.225975177213068 -0.419535539446019 -0.015877327988566 0.238545997660025
-0.395274947666497 -0.227438622939824 0.130663815604215 0.110582493539468
-0.440719485602884 0.102016269987723 0.0798504111683459 -0.134915404990157
-0.227339179803003 0.373933489239329 -0.046829880285366 -0.0942250583756871
0.0331644063740428 0.339433721343609 -0.0669476739103946 0.0659023005770129
0.161709018172178 0.249593270971626 0.0339881903039419 0.107821494450924
0.271149396697596 0.159793813850163 0.122630022858203 0.0954649644194915
0.276596203802404 0.119850050104338 0.161779247443052 0.0461894679725285
0.257464958806713 0.161849700723011 0.159122858915485 0.0532902077917335
0.135019390290118 0.273695211218025 0.164462218633881 0.0850362426023579
-0.0321222459895988 0.311566813989855 0.134038317310889 0.148266278415281
-0.267505241938112 0.288462365512936 0.0191441303163677 0.178764440650825
-0.396800828429409 0.0183214850726002 -0.0997266901063211 0.0896645201677816
-0.286744380516163 -0.291463799189686 -0.0988517904033458 0.0136574053985077
-0.15906990487199 -0.456682650060063 -0.0121591647401153 0.0864520164530978
-0.213338104649492 -0.317350673111743 0.0217141430279593 0.395964182137008
-0.330085279577621 -0.149962434711232 0.210842361705259 0.197579615844243
-0.333681227590917 0.0999373615738378 0.111900707094432 -0.101598347077136
-0.149732059824209 0.281818074945259 -0.0394041738695421 -0.0602898666128953
0.0261785615316954 0.244151598050933 -0.0490840794837807 0.122777030479553
0.113782952039024 0.186991594642049 0.0882834041683794 0.178423202160028
0.195329903819398 0.130104473510561 0.202295574280325 0.147889768779356
0.193919048108125 0.0999334251935794 0.24303477924825 0.0912494820046392
0.172088287179398 0.132655820380229 0.229390736402598 0.104203170530187
0.0724122671679929 0.20018612939502 0.19667482733388 0.146671643380664
-0.0472926005380219 0.200668513124395 0.12244711469918 0.193108748165796
-0.179554440067458 0.16336490242573 0.0109900060333159 0.180210867119443
-0.247522457540034 0.00302818315370999 -0.0678051233495329 0.0970266654020853
-0.191088492780705 -0.191560308843028 -0.0301502909156408 0.0638724395238277
-0.140724134259497 -0.330539019543095 0.0269022214226469 0.222911275237415
-0.164003218183045 -0.165074063942445 0.0443767519785505 0.512097079585388
-0.204949976739409 -0.0493335053221657 0.264435591024246 0.272466567055845
-0.167400032954389 0.0779425809306051 0.14226223243198 -0.0544299522130188
-0.0484524301318143 0.139142151179274 -0.0197426996996442 -0.0294034655071927
0.0134299249185669 0.105094492858971 -0.0303139583361106 0.151576642445576
0.0435080279129235 0.0923887959456206 0.122862669511152 0.221248975171808
0.0863275800767537 0.0792225933030962 0.250598946344187 0.178939336292092
0.0822529556816928 0.0652971409977322 0.28696345911543 0.123798237728035
0.0654159376001871 0.0842063823208752 0.262584932928201 0.13757210565902
0.00556071446020987 0.103118303067436 0.195491262359755 0.182023978642612
-0.0511629870836399 0.0756685883606492 0.0940036665639377 0.205835935467759
-0.073350050737788 0.035938729558226 -0.00178434569595255 0.157664361777458
-0.0845646035707738 -0.00346939981746908 -0.0424021129944555 0.0898701998801879
-0.0871650136442094 -0.0704087519590893 0.0232191815813476 0.0862464262941734
-0.10840110558191 -0.163398261884344 0.0668842832446599 0.301160536202745
0.0530844293196826 -0.0441336181596647 -0.122069383328553 -0.30401923016962
-0.0103054942174196 -0.06077170308326 -0.105542474414332 -0.118679035920324
-0.0642445019646092 -0.00899551788017861 0.0193404630405052 -0.0595632893992148
-0.0395404358761188 0.0672391146310291 0.0142182411600675 -0.106123399097991
0.028730158265671 0.0507706129399312 -0.0396645774155598 -0.171452113450449
0.047576123221448 0.0104655023013451 -0.148971840230345 -0.191787629718766
0.0481411154555925 -0.0191184516249281 -0.236808097278328 -0.1495192087908
0.0409304493829607 -0.015909467940248 -0.266234239114118 -0.133231224414108
0.0331133099945515 -0.0157902698515678 -0.246540934038629 -0.164339544337665
0.0246138869159 0.00220634589516157 -0.133783313034 -0.200141839571241
0.0119970928405677 0.0250901169010169 -0.00186586930718013 -0.15535469872614
-0.0390618395344111 0.0170924239995218 -0.00991923380818096 -0.0129986979309454
-0.0202942671679612 -0.0493297670869469 -0.138417334236427 -0.0153102782862254
0.0676810503297116 -0.0367504371812224 -0.22215564500752 -0.25684238170514
0.0852088641165333 0.0281978783623978 -0.00174743253836943 -0.547806877432351
-0.00124604507707862 -0.190962940984512 -0.113259392561164 -0.282108055002648
-0.0968717647426927 -0.152425987450332 -0.104165377344715 -0.117477009580275
-0.184447641480319 -0.0134530899332331 0.00606132940677562 -0.0736487645884264
-0.128519255163112 0.152491502654113 0.0043950168168438 -0.0990542851270506
0.0165705149568726 0.156382586112757 -0.0396229588746373 -0.144339852805655
0.0922298122638603 0.101161493533446 -0.129456267426156 -0.168579394726088
0.14354593979743 0.0442432738727333 -0.203535622691166 -0.132599812006791
0.150047875607479 0.0314145213085485 -0.224593099521769 -0.126837268671499
0.144781422891925 0.0491160107054486 -0.209504108008308 -0.155072895411069
0.0911080884854328 0.115376967191227 -0.0995070096581614 -0.18746117631946
0.00989369879019741 0.157415078385107 0.0218819860047246 -0.132167601792721
-0.146629758724508 0.14812600909033 -0.010470374313163 0.0103000984005769
-0.191585522124793 -0.0317422442217921 -0.159367855728627 -0.0208147532496373
-0.0647790606785484 -0.159132835613103 -0.245433717941382 -0.256666170516328
0.0220808981794772 -0.167699734328117 -0.035578473883162 -0.518854564223528
-0.0604844934432059 -0.316063055936646 -0.102587821542298 -0.20925097240762
-0.187021010597753 -0.224808598310114 -0.0852196595951247 -0.0943957329085357
-0.294457693638943 -0.00630115072322888 0.00465647970746197 -0.0950775212560284
-0.20315275111273 0.233440860741192 -0.00912527339087308 -0.102670060827227
0.00707104115945647 0.248546905784225 -0.0491223504205552 -0.109723481371604
0.12834799972001 0.180016815810803 -0.104852999366528 -0.1226552118812
0.220221340431607 0.100719543853465 -0.143914237180561 -0.0945339797842453
0.237182817729948 0.0744216171461747 -0.148909574567969 -0.0999192316869437
0.233434836752704 0.107520793962125 -0.13756242113601 -0.121382550364813
0.141984828719439 0.212765851229553 -0.042711679577968 -0.144084839014175
0.00379033431857806 0.270917739626112 0.0527285037571527 -0.0821893921937932
-0.240249267359012 0.260959205225074 -0.0051680155540917 0.050710529812651
-0.343578135353121 -0.0117275256731019 -0.166722451714058 -0.00540842677301795
-0.188763941631075 -0.26442335304667 -0.248270082435382 -0.219370840549345
-0.0435832977762168 -0.339876491922642 -0.0548502156296693 -0.420466499479844
-0.123988913910564 -0.403548699787247 -0.0863341100912044 -0.090550454534671
-0.281637629088758 -0.265423123239599 -0.0389883423344351 -0.0466700266824938
-0.389422899349716 0.0222655353412464 0.0169257134241645 -0.119169997528597
-0.24964950464399 0.313715328731156 -0.0262290287353732 -0.110847881155323
0.00929642361852698 0.32062623146066 -0.0636349692409007 -0.0631293860410128
0.154961321578033 0.236684335497631 -0.0706938735571342 -0.0566796855237753
0.269936758228948 0.142001426321366 -0.0651886693216443 -0.0385614548683147
0.288118312200369 0.105621790415914 -0.0502662877983771 -0.0571563620773032
0.282768943784359 0.148621467095035 -0.04264850676393 -0.0684105673574333
0.168219515948109 0.277066005395935 0.0279522026239064 -0.0763438771662575
-0.00548668124130488 0.344075116929347 0.086124389162924 -0.0105380772218401
-0.299821212370443 0.334070516326661 0.00586422457561468 0.0987144832013085
-0.442801447580519 0.00797860944887181 -0.155451961189317 0.0257721901593367
-0.278045056181517 -0.329224055136275 -0.220320381240305 -0.146872116132335
-0.0973849197597944 -0.452162785355828 -0.0566908917624639 -0.266269956794873
-0.175561554067838 -0.43481250918961 -0.0588807414635345 0.0609274313426248
-0.352873967097876 -0.267358691603706 0.0334701227383649 0.0232123068781163
-0.440302436350446 0.0622911589397629 0.041324548955047 -0.134451219445658
-0.257109672798629 0.3635474567583 -0.0412317871670985 -0.109407627263278
0.0179935188744695 0.352249200061366 -0.0710838121052128 -0.00316167725862696
0.165536534125896 0.260286908159169 -0.0248364154518857 0.0240928326481803
0.282738805373095 0.161663316755724 0.0263099913345457 0.0271190540863626
0.296453443822662 0.120977921331776 0.0553937250537506 -0.00687555561467125
0.285062871057143 0.164484170955738 0.0596247022293723 -0.00703372385984606
0.162192750125221 0.293781042822925 0.0999671865433347 0.00382257924002203
-0.0186886458969625 0.354247246595009 0.11474726956426 0.069830358204384
-0.305631229408001 0.339817344941146 0.0162253171381121 0.144327772777243
-0.455662084578128 0.0167271255551042 -0.127697848034892 0.0607506708994923
-0.305198709947412 -0.335702781884672 -0.16572059391759 -0.06105170764677
-0.130818914166725 -0.485532045517431 -0.0409950910350206 -0.0865088001727942
-0.204134568853277 -0.401284752518056 -0.0234884078367258 0.225880843144291
-0.367665858319486 -0.225156895151292 0.118586889969734 0.106312514739044
-0.419247541314078 0.0902439309806384 0.0717358339924843 -0.128178955591446
-0.219794322847435 0.349973653126424 -0.0475901564627356 -0.0903767063452782
0.0259354270668264 0.322536391858935 -0.0652811531313044 0.0633294208023476
0.149685446425039 0.241413181671044 0.0297705842306504 0.105284014781908
0.254245883392638 0.156738299301706 0.116797755670051 0.0902398614827759
0.259159303441909 0.117206019446596 0.154085172499209 0.0445396211959847
0.240928580643852 0.157154449131856 0.151479685391734 0.0527462805802677
0.123065637322608 0.262635912607764 0.157092889434473 0.0799899097580424
-0.0350246605408789 0.295841122534652 0.126640103306351 0.138566550053107
-0.257665766768797 0.268491378611948 0.0181688251222739 0.171133925819181
-0.37530908819479 0.0115872411180003 -0.094048189488533 0.0849107707776633
-0.263143005684107 -0.282760781909377 -0.0969373864124883 0.014870648383514
-0.13717579568348 -0.433575180344608 -0.0122106299632758 0.0824732581019451
-0.195239265411953 -0.305632229286585 0.00851925409510926 0.37665830007768
-0.308495795028707 -0.150867486368364 0.193794049296581 0.191755620802398
-0.317520030700583 0.0903032321149461 0.103475621162986 -0.0970493306581451
-0.145365255363546 0.264225230293216 -0.0401751403438479 -0.0588762724177849
0.0211519268258078 0.231365635178143 -0.050309252004335 0.116278904021198
0.104907601102009 0.180538924894522 0.0796589475660552 0.17318745142222
0.182382430852696 0.127184983946943 0.190306537568225 0.142147722500951
0.181464701421834 0.0974376268167568 0.229405474980471 0.0902763791026264
0.160271593321787 0.127547734179523 0.216320306428229 0.102631908333338
0.0646931157194787 0.19103686044189 0.185118345604153 0.13946509061309
-0.048140234351457 0.190034263634054 0.114986368788442 0.180678400459461
-0.171488412980588 0.149502782867952 0.0106445904719099 0.171183212606473
-0.233079072428571 -0.00113222574588272 -0.0632926266169282 0.0916935059404899
-0.174666943082042 -0.184820285792786 -0.0320098668720187 0.0636630217383196
-0.124524582324278 -0.312922859101752 0.0223319658866051 0.213010475067411
-0.151405921698046 -0.159547515986411 0.0283653405285287 0.488965614444063
-0.192252171667568 -0.0515296616395246 0.244277980490002 0.264219727500258
-0.158890037754096 0.0724373520081565 0.132778094446636 -0.0521286541545607
-0.0471307861941418 0.129769201870168 -0.0225414627847506 -0.0307480070295154
0.0103307141129082 0.0986932082195559 -0.0335681967279579 0.143373116757915
0.0395442402141355 0.0890513136895809 0.111882507915101 0.213084458230244
0.0797088651888386 0.0768583576762046 0.235319762393243 0.173892455463937
0.0754837485789895 0.062687332291938 0.271271453784464 0.12208985067448
0.0602657575704799 0.0806310516166845 0.246755968427522 0.134518980513698
0.00305202142305909 0.0978897974096543 0.183325979339005 0.174221913552419
-0.0497664571462188 0.0706615709887396 0.0865489000999444 0.192337482364576
-0.0691303495681357 0.0301415750495039 -0.00138350151424525 0.148194909635971
-0.0773510286008198 -0.00469376624607891 -0.0389942838884452 0.0855553768538222
-0.079810184168788 -0.0667983872818055 0.0190631866172362 0.0853068101568028
-0.0985920784211948 -0.154418221666877 0.0578043719248798 0.287850505530867
0.0531807211435916 -0.0424840184209143 -0.10572562993489 -0.304958273248083
-0.00905035731195908 -0.0611896239829082 -0.0977277950768903 -0.124283955369944
-0.0658404939082713 -0.0110083454425663 0.0178062126028455 -0.0607429982420262
-0.0408536134506104 0.0670498922726379 0.013161042273942 -0.101410955789964
0.0283595890541053 0.0532367894692678 -0.0336918924556437 -0.165980173572974
0.0475697402863321 0.0122186540496133 -0.137823864178222 -0.192311637241158
0.0479690595884064 -0.0173157607332386 -0.224945733851172 -0.154987781664202
0.0420437164385326 -0.015399281226263 -0.257795066114545 -0.141236956224984
0.0337132452172936 -0.0140400820911739 -0.235838126050526 -0.17242207755198
0.0242200951124324 0.00397295227786718 -0.122786640715194 -0.203387927763636
0.0108389281999523 0.0258084290372591 0.00599711157274137 -0.153130448735369
-0.0399545060949104 0.0166483199601602 -0.00532084342381389 -0.0108202725373508
-0.020005876205245 -0.0496712636649768 -0.132811188570315 -0.015834115632729
0.0686903251884309 -0.0353376221915046 -0.209411273435463 -0.259226596168707
0.0839511920804803 0.0295620764950885 0.0190215634234833 -0.541653687410781
0.00726928564715551 -0.187868074040523 -0.0987221197020978 -0.283637441051912
-0.0889549856260239 -0.15576703405721 -0.0976002056794154 -0.122158886820302
-0.182130701429113 -0.0202435165045866 0.00454022518871536 -0.0732543993776471
-0.131611387334604 0.147797268189187 0.00408266496671258 -0.0945339690804235
0.0127508165337461 0.1563227322745 -0.0334184756175487 -0.139009030356557
0.0886627716949667 0.103430390202461 -0.118932671900998 -0.167800663631003
0.140377332386595 0.0479921617127824 -0.192589334244075 -0.138748678228402
0.147157760202794 0.0349665047936106 -0.216879158892838 -0.134413697184397
0.140902404908164 0.0533517390501561 -0.199104867492017 -0.161798857522852
0.0854458922855105 0.118220556949202 -0.0885619368973102 -0.191146967296523
0.00439217118870296 0.156261201262614 0.029078560643156 -0.129803562166742
-0.149907433126725 0.141331687283827 -0.00719918895832977 0.0130408805932938
-0.18889950184906 -0.0385225243034658 -0.154921920373914 -0.0223335247045841
-0.0557503159213697 -0.161801165215213 -0.234498681503555 -0.259239009762046
0.0312810864450883 -0.164307908990163 -0.0129268669857167 -0.513024363914666
-0.0455787363509003 -0.312494364205327 -0.0931026307785366 -0.211377936194517
-0.174088392903447 -0.231065132903275 -0.0807935811984582 -0.0982789316704384
-0.289480704263026 -0.0170949908177724 0.00266989581387579 -0.093803314857058
-0.208020583991372 0.223957720943988 -0.00874671872416505 -0.0990683282862587
-0.000909123781409795 0.247096948650472 -0.0439725707426316 -0.105707268451332
0.12150353797177 0.182692107127121 -0.0965891175804904 -0.122020043840908
0.213279584821322 0.106622071440206 -0.135840445201778 -0.0989814136834492
0.23108691711339 0.0803664160609499 -0.142599418021411 -0.105760435595661
0.225367560744939 0.113783868944355 -0.129563876429645 -0.125836256120042
0.132442705291243 0.215683574005371 -0.0346551093221888 -0.146568342269053
-0.00514587461435082 0.267393587407439 0.0577269235520908 -0.0803839817419431
-0.245361327286113 0.248206425807825 -0.00339220556472623 0.05273397786706
-0.339614285211235 -0.0239282207420784 -0.163496592933572 -0.00788139257806267
-0.173240489888557 -0.269960989248651 -0.238451523385523 -0.222131636837867
-0.0246350603259656 -0.335024880636178 -0.0367570174097605 -0.417037881094838
-0.104467619505504 -0.399827114348314 -0.0833340681050623 -0.0938604262013203
-0.264727217171894 -0.275334578257566 -0.0391434238849245 -0.0484991643042936
-0.383250147284973 0.00760685107069559 0.0149267853611215 -0.116979717134769
-0.256045277643895 0.299485522983635 -0.0253187958595613 -0.107814495679147
-0.00203828157881481 0.316597460969202 -0.0596610854320023 -0.0611262873794544
0.144742481377911 0.239298277638349 -0.066237070269231 -0.0553076237740797
0.26044275802165 0.149095415423708 -0.0594066577609254 -0.0417611813329871
0.279879841301102 0.112303691605464 -0.0473039239108974 -0.0605560428693238
0.272451279593157 0.154879626374448 -0.0376351262225769 -0.0706592947526285
0.155272361663782 0.27963450357581 0.0321831073399537 -0.077623754293322
-0.0158520961719973 0.339845567812533 0.088296873472324 -0.00964831669560604
-0.306183775417091 0.317977617463107 0.00595449730080083 0.101038338756887
-0.435602357635853 -0.00869491939353506 -0.154066071410655 0.021974285158485
-0.257389290031289 -0.337202568152675 -0.214876987828187 -0.150346350225887
-0.0723792764700738 -0.447201260513367 -0.0453382054487418 -0.264940720772539
-0.152947202166209 -0.433549525094553 -0.0638715103459125 0.0569269813526934
-0.334295581462487 -0.279729556308421 0.029612700443235 0.0233272981074783
-0.433574280048935 0.0453111569990481 0.0393602500537056 -0.131528851869129
-0.265987911195161 0.348403244455089 -0.0403574990648521 -0.107628000586575
0.00489978556290622 0.347107999821761 -0.0697003282667679 -0.00315177654168599
0.153801410374739 0.263599432681058 -0.0242367172169212 0.0251749809896446
0.272461052625871 0.169500052105335 0.027057985318522 0.0252543690537045
0.286689484070019 0.126809351123238 0.0555310794344277 -0.00676765447585635
0.273326822317984 0.171603659250626 0.0618847577298046 -0.00622825967958647
0.148854601905687 0.296146576655289 0.100159801041601 0.00396357821177141
-0.0308107403793382 0.347381336368865 0.113202018636329 0.0696569521494404
-0.312431544153343 0.323087172546183 0.0146452545296724 0.145230092411999
-0.449033144189505 0.00138401299139975 -0.127580383294888 0.0570956528099101
-0.284312864788954 -0.34266365430592 -0.163505580256149 -0.0628170573879699
-0.105085741930596 -0.480088392914022 -0.0354621396245149 -0.0869603157655271
-0.182463574803282 -0.402259806276704 -0.0358768504474389 0.221368214410796
-0.351031424525179 -0.238737756396124 0.110240578671373 0.109272526744213
-0.41430801435871 0.0733836935459724 0.0704944544565121 -0.124767782193349
-0.227951508034297 0.336242319289385 -0.0475932704789236 -0.0902164698615234
0.0130158062920767 0.317904888792765 -0.0672657834475227 0.0610072974200484
0.139746733079733 0.244188898901968 0.0257937306131365 0.107147623468861
0.243871932997393 0.162832636570803 0.113418801200414 0.0915063039716823
0.249921989635854 0.122606210506036 0.150413950324638 0.0485402482657473
0.229958897403761 0.162291101213642 0.149314184585779 0.0560736410488033
0.111474774587587 0.262920980126555 0.152953781535371 0.0815680813083896
-0.0441314993911064 0.289922945176006 0.12249982986925 0.137101764744515
-0.262603710994073 0.252812029187921 0.0157859944346494 0.170470248174868
-0.367529241764729 -0.00166697123771469 -0.0941988856006472 0.0808635695558121
-0.244530607856677 -0.287964219987128 -0.0984518631933541 0.0147418186022348
-0.115059792192 -0.42887088982607 -0.014136185444275 0.0813554607513469
-0.178199175885207 -0.308219152630982 -0.010832827899238 0.372055174107444
-0.295703660037919 -0.161342116462231 0.180741364644057 0.196346389431159
-0.314114276943495 0.0778768528117753 0.101008594625599 -0.0933436150093444
-0.151616711717522 0.253543572169929 -0.041922514482776 -0.0603453856916214
0.0115582872805286 0.2276969460491 -0.0550031611381173 0.113183422341434
0.0970698936920266 0.18259091487497 0.0714105600959056 0.175258775964075
0.174590585401707 0.131844569170208 0.183126231186989 0.14554508482119
0.173970907497867 0.101037062265905 0.223736646448097 0.0954937301502691
0.152323197457647 0.130048194624593 0.210893802682282 0.107869567035906
0.0563573867080141 0.189848979415259 0.178662512172403 0.140912946631412
-0.0536258361115466 0.185718031827474 0.108596753834135 0.177983601528379
-0.173908368557014 0.138574651357594 0.00800192849331391 0.168482805397162
-0.226072743320453 -0.00940185689378787 -0.0637114444175701 0.0893854428981167
-0.161436579929921 -0.187711258911939 -0.0360193168640951 0.0649015966869454
-0.106574771790778 -0.309971871510334 0.0139180543648222 0.210726967463889
-0.142568324635994 -0.164047581778767 0.0055864240794547 0.483802890708885
-0.186584566774541 -0.0585776702268361 0.229128414587752 0.269752119754798
-0.157700495967208 0.0662669419982263 0.129623063994602 -0.0493979888345339
-0.0497367473266115 0.124149707047721 -0.0250163535734706 -0.0328529979193905
0.00554294881601656 0.0962036811812221 -0.0407396255333762 0.139160897745622
0.0352509292353603 0.0900465584647592 0.101163157693026 0.215695065431184
0.0749028282474161 0.0788223930618142 0.225077914269329 0.179108188653459
0.0714878405827357 0.0643027268946686 0.263325286771774 0.129522256957941
0.0557908179615392 0.0806707403092303 0.237540528018975 0.141062552825553
-0.00146488557529275 0.0962187290483198 0.174243975868765 0.175553136893199
-0.0514101717239086 0.0673022385173143 0.0793373280696104 0.187891838540139
-0.0682030411836174 0.0245784487796316 -0.00324616043182821 0.143685065034606
-0.0736184102991297 -0.00729481599911688 -0.037948527251616 0.0837616721565442
-0.0736163984886458 -0.0667917743881051 0.0144568651362213 0.0877109801630045
-0.0895474715961855 -0.152559692522113 0.0463891105040723 0.285562831697764
0.0550024072707705 -0.0422348793683997 -0.0960831936882333 -0.317173608722423
-0.00802395918690978 -0.0638206941700583 -0.094108843801289 -0.134562126664004
-0.0693886811267952 -0.0123815637926885 0.0152349722808085 -0.0637995811126936
-0.0433814926881752 0.0699910412158184 0.0116398818423483 -0.0998704332443867
0.0296549415909686 0.0571849183935253 -0.0305512270441402 -0.165099512165308
0.0497183149408284 0.0141006864597812 -0.134169086205021 -0.198043998771156
0.0500231339289954 -0.0167422870837501 -0.224098932159176 -0.164414112860772
0.0447286956319109 -0.0151290242226393 -0.260792543257618 -0.152382477314219
0.0348503836731291 -0.0130262108015512 -0.235305164746078 -0.184016808521148
0.0250687987938092 0.0058472004999778 -0.118855113130641 -0.214735316204675
0.0102306798081143 0.0268319898570786 0.0140592086707601 -0.156937455848062
-0.0419128066440605 0.017680307826304 -0.00148183468109556 -0.0087828241890386
-0.0212004769666315 -0.0516933083929242 -0.131937923335479 -0.0161030369783839
0.0715685946444482 -0.0365986948552353 -0.205952330501824 -0.268747889305543
0.0867474285282218 0.030971802898916 0.0353230407442844 -0.554950795087845
0.0139201793455253 -0.191503478247125 -0.0909859162674905 -0.294609164342673
-0.086031528649545 -0.163281039331226 -0.0958476911428768 -0.131076781722755
-0.18772188660878 -0.0250785511542461 0.00234948709463143 -0.076055881357826
-0.138123683878655 0.1498718478881 0.00303688795060785 -0.092717474708121
0.0100028992994808 0.16222089329934 -0.0300314590604648 -0.138548152290645
0.089810732945341 0.108712204596014 -0.114645091453929 -0.172271862616562
0.142070520595561 0.0528329669197206 -0.190141034195571 -0.147964879262244
0.150816524977741 0.0384262884274694 -0.218830741933245 -0.144792351227095
0.142624815173274 0.0584046734044975 -0.197699760482197 -0.172592303069367
0.0842386197884733 0.124138262815513 -0.0843954873913306 -0.200749529942837
0.00066305612147954 0.160157525729717 0.0370078599333396 -0.132663326961727
-0.15781555949517 0.142134713980944 -0.00343802799539046 0.0169247420527782
-0.193708053788747 -0.0444457311924341 -0.156439489375431 -0.0234745432152766
-0.0505600209610319 -0.170187756873398 -0.232960494116349 -0.270055557335611
0.0395801587364431 -0.168193250076042 0.00130150573585406 -0.526404010231713
-0.035566735664895 -0.320252835482588 -0.0886371831881094 -0.220396307622823
-0.169707544708142 -0.243382774281866 -0.0801465057088522 -0.104754858549042
-0.296545132920074 -0.0258382483054064 0.000211294024139777 -0.0958929289980259
-0.217831349454685 0.225008219280835 -0.00988968337904444 -0.0978980780795536
-0.0063691500404646 0.254100973853687 -0.0408713157702961 -0.105742310142993
0.120192366492107 0.190967469703226 -0.0927616124292799 -0.124649793649199
0.215575788596013 0.114666625500294 -0.132847185602846 -0.106870828485061
0.234325880385577 0.0863173062339802 -0.143224437616462 -0.114069463237137
0.227099501628886 0.12230210471463 -0.12634538883335 -0.134280812051508
0.12946085888398 0.225950800415406 -0.0291926162791799 -0.154448175454191
-0.0117800220159359 0.273657932957565 0.064748413468938 -0.0818366105772607
-0.258945597600025 0.247624793483743 -0.000301590214316904 0.0580172335675799
-0.345781682717132 -0.0323892412235119 -0.166680813755822 -0.0094909234067861
-0.166032374309328 -0.284076796154921 -0.239857716022894 -0.230618584880173
-0.0105660361452478 -0.343274525058431 -0.0254343698857446 -0.428532488484542
-0.0904461114421647 -0.412544551707376 -0.0840072944710318 -0.0992007077994282
-0.26073537218765 -0.292483318357391 -0.0399600783512538 -0.0520244304843974
-0.391796620155164 -0.00385963003269326 0.0129883633242506 -0.119009167235329
-0.270091624705227 0.300398003908775 -0.0264822691955743 -0.10841546728381
-0.00991621388022147 0.324680625739369 -0.0580644826079982 -0.0607598019178741
0.143468350707633 0.249684478027107 -0.0638591424906377 -0.0557927993975745
0.261967107940596 0.159171123917402 -0.0572723696002685 -0.0467466847022931
0.282629552314042 0.120462053630491 -0.0471341741395708 -0.0651584094295521
0.273611451937385 0.165427759788617 -0.0337810350146434 -0.0747789248165913
0.151399454937542 0.291266319233866 0.0375153317318541 -0.0826707435883043
-0.0252475271693068 0.347007679206608 0.0939571613112525 -0.00980710024367732
-0.322806591153538 0.316637528974568 0.00820570631597702 0.107162821130707
-0.445211047113152 -0.0205763609900118 -0.157707453657109 0.0210548833834747
-0.249970102955779 -0.354887377926398 -0.217389792799938 -0.156118989200653
-0.0564739517868302 -0.459475461710664 -0.0371370670041406 -0.27266767965497
-0.139717654765094 -0.447315739830473 -0.0703004096681884 0.0570119141634619
-0.331658965773114 -0.299036045855555 0.0270650585785024 0.0244333814509119
-0.443690440886342 0.0329880858938171 0.0387776910830466 -0.133214702757275
-0.280567576325351 0.349594308190121 -0.042159746428772 -0.11003995526885
-0.00505831480118412 0.355913404499632 -0.0705894973223557 -0.00297138600237112
0.151598826680334 0.274620966102734 -0.0238336180874107 0.0279522009904114
0.273215018088663 0.180553728120591 0.0298624209985431 0.0246635630685704
0.288635167761856 0.136159004665126 0.0575427505759542 -0.00726281251336988
0.27387068651027 0.181747976698517 0.0658128756523164 -0.00631886920766727
0.143346419981913 0.307538882966844 0.104720528474177 0.00261538622912347
-0.0400395444465887 0.355987599797182 0.117224519072195 0.0703106323325266
-0.328330622790288 0.320011311472741 0.015791454776282 0.151436763480117
-0.45660893957372 -0.0106907890713917 -0.130854771951807 0.0564553107663399
-0.275634863375813 -0.36060160569247 -0.168497158257702 -0.0641110503744904
-0.088865811424834 -0.492599440616079 -0.0330301361560302 -0.0894423131479913
-0.171865755909649 -0.417750581941681 -0.047352252009544 0.226840762076552
-0.348865337628928 -0.257585642111736 0.107101048476459 0.115897095786077
-0.424184297937646 0.0629558182043777 0.0702423802209336 -0.126141337717933
-0.241492147750441 0.338346949374954 -0.0507703943821019 -0.0939280039596876
0.00351169766245889 0.325791924710067 -0.0712337644914214 0.0620755920146151
0.135725179756298 0.254511471086771 0.0234545916508818 0.113271876728274
0.244485327723738 0.173324418092397 0.11504802516641 0.09506030707196
0.250891524129737 0.130992494150424 0.15330490647289 0.0518833266248261
0.229715758179554 0.171470908819542 0.153419983339175 0.0601189933855531
0.106059964376269 0.27221591876277 0.155847334175722 0.0835400616711421
-0.0525164231958357 0.295719614956291 0.123401571650469 0.139110068700339
-0.275263986654711 0.249915388305641 0.0161038624301292 0.176071250678169
-0.373214697515178 -0.0118830659500829 -0.0977632866427375 0.0817079682903779
-0.236593262555352 -0.303375066496701 -0.103552396036708 0.0168382401031783
-0.100404574608032 -0.439404745362632 -0.0157834675104897 0.0831931597489569
-0.170674419514122 -0.320908291557105 -0.0254701041506346 0.381994853445663
-0.297080847015431 -0.175358368736047 0.177991101982869 0.207088803733799
-0.321439841670211 0.0713883966002224 0.101451370298367 -0.0945719112251997
-0.16162679387682 0.254113832319797 -0.0452358943662496 -0.0644529675594336
0.00439317195654811 0.231506927371697 -0.0609316535271842 0.115144257246992
0.0943590259228761 0.189998412116964 0.0674776924313993 0.183986217874103
0.174386731550649 0.139492503501137 0.18468095589434 0.153173182856344
0.174176363145683 0.107271194006214 0.226921176419431 0.103188962624043
0.151450725971831 0.136381860738272 0.213533335373796 0.115189025058577
0.0520378279941439 0.196178806604397 0.179387698732323 0.14595170841985
-0.0594226986557945 0.187492936327555 0.107051584741108 0.179913551637691
-0.181129837153031 0.13442686766537 0.00765830587465758 0.171825627392212
-0.227243676215253 -0.014814781846358 -0.0656684062497032 0.0895240189977825
-0.155947763376087 -0.19596703680362 -0.0406422727386856 0.0692914624322302
-0.0961069967553018 -0.317333736166631 0.00868312467562343 0.217160627684746
-0.139887635550687 -0.172381882541528 -0.0105194938931613 0.498436124608001
-0.188426139020825 -0.0653988710440846 0.225636073810463 0.282825517804021
-0.16165252834073 0.0643099328162412 0.131287102477984 -0.0489950578051196
-0.0535296727627191 0.123856965463512 -0.0289414590618743 -0.0359745360646899
0.00117627484075798 0.0965380017628559 -0.0484082465037799 0.142161551999379
0.0331806121958471 0.0937859988578574 0.0961456345986831 0.226080872255324
0.0741237554935841 0.0827270056796809 0.225626420755961 0.189733078956183
0.070536746664881 0.0675681412061821 0.266483063689603 0.139489541815585
0.0540201558551031 0.0832911008102932 0.239203973246157 0.150364270993311
-0.00475146757086019 0.0980517037906617 0.173219823175424 0.181265534765342
-0.0547143104382729 0.0665000389561473 0.0760576088608441 0.189557326729491
-0.0703352936430569 0.0208799872659174 -0.00401514117098346 0.14474919592121
-0.0716576538129481 -0.00960675899341751 -0.0387184603840824 0.0847687393616543
-0.0703102820516883 -0.0681271770414517 0.0112431307294686 0.0927846928688384
-0.0850244572635377 -0.155768117398163 0.0388651339216229 0.294030590627699
0.0571544880460755 -0.0450072078355789 -0.0997125648691991 -0.33307313146279
-0.0101839853244153 -0.0675321714135004 -0.0989346997921137 -0.144431127189658
-0.0747379821095008 -0.0110142536392643 0.011269792383819 -0.0682158984013245
-0.0443602127628571 0.0758835411932567 0.00762629050114757 -0.100205533589199
0.0340846564929571 0.0609646035841832 -0.0337524102161709 -0.167998528239887
0.0536999324468924 0.0141888076206233 -0.14002444387546 -0.203583046460643
0.0525911781798492 -0.0178855904266688 -0.23290578389605 -0.1704883795949
0.0479050375656993 -0.0174106492585685 -0.274648336957155 -0.157689933319729
0.0373743753003273 -0.0138430970448972 -0.246957924915508 -0.192401140077128
0.0267790697619352 0.00732757554284606 -0.123761615222438 -0.226073451253138
0.010923676020697 0.0283820559696697 0.0166256151729604 -0.165133930317642
-0.0444089967147335 0.020481912871093 0.0031058453587661 -0.00708392338358604
-0.0254442608939434 -0.0536932981146005 -0.134642674546939 -0.0123089702183235
0.0742523297281513 -0.0414057535208957 -0.215739171128127 -0.277385111826569
0.0914765443502109 0.0301845653964653 0.035392930645792 -0.58221579603739
0.0145315336310769 -0.200892578269141 -0.0961054904948969 -0.308520612243604
-0.0905374627902085 -0.172232081793427 -0.100969098364287 -0.139907754779935
-0.197755166582908 -0.0240513002780413 -0.00291244740621416 -0.0793027701974624
-0.142383494326261 0.160037528178731 -0.00151748889961739 -0.092758966652664
0.0146672230249077 0.171152477542947 -0.0315203183075896 -0.140139805104161
0.0961551368135805 0.1127753128703 -0.118320607923638 -0.176459483950797
0.149354133272355 0.0538674789342434 -0.196975797900339 -0.154133334947857
0.158582371466616 0.0374855721828083 -0.230739727237797 -0.150654666595958
0.150301501446162 0.0595284106747263 -0.206853049772773 -0.181133023054448
0.0894664592716776 0.130545739670062 -0.0874520639924595 -0.211917200425907
0.00214593945218801 0.16787359014821 0.0409875204627212 -0.140413459154066
-0.165068124283029 0.15006128307902 0.000956132410129551 0.0215212224013323
-0.204328647315889 -0.044604062357752 -0.161428417611822 -0.0193823583630257
-0.0523617657703589 -0.181251012549925 -0.245992577034068 -0.277693442657173
0.0432928467086118 -0.177680800738469 -0.00116064832210875 -0.55215131441176
-0.0360417460469968 -0.334247646185193 -0.0944894948800536 -0.230320607772792
-0.178024809019434 -0.256422944800895 -0.0849263020765812 -0.111044344054313
-0.310046302573627 -0.0241806587392112 -0.00547030530392752 -0.0997688019952539
-0.225295811469894 0.239350976307457 -0.0145179779627516 -0.0984855184469047
-0.00255727272852381 0.267258963354832 -0.0420113618690519 -0.105990123630835
0.129640682370341 0.19859621896534 -0.0948625248120098 -0.127651415832319
0.226350803521366 0.118262692998519 -0.136989966036961 -0.113058392469768
0.245706985809271 0.0867852526572463 -0.151423662028655 -0.119608427340503
0.238301669905311 0.12516503399759 -0.1314697309383 -0.141399891689127
0.137590376292098 0.236383865196914 -0.030344712115103 -0.165861329005913
-0.00993970677316781 0.286910335464062 0.0709751465321271 -0.0879619708784646
-0.269097791368877 0.262601497832218 0.00550434433407543 0.0645619613558141
-0.362072313667177 -0.0323334590488398 -0.173447281567368 -0.00446719547699464
-0.172788636894356 -0.300746950094614 -0.254469944443933 -0.236606104852039
-0.00971629170692749 -0.360380877487624 -0.0286732555417228 -0.448734613922703
-0.0943275322892063 -0.429488967653404 -0.089820168246401 -0.102959793505363
-0.272522109709409 -0.307869283000671 -0.0430410094124855 -0.0551368493426485
-0.408678136031995 -0.000468922116111285 0.00708689608683738 -0.123419902584971
-0.277726817444592 0.316541458545734 -0.0324512620434539 -0.109729114900727
-0.00673078045679625 0.341324259447122 -0.0605094298689151 -0.0597210853678842
0.15285174175895 0.26069295315381 -0.0643263349861504 -0.0548617496810735
0.275336357593649 0.164269499011732 -0.0571522335339941 -0.0505923709228419
0.29659092616514 0.121811023629888 -0.0497460426831841 -0.0698577986006384
0.286975080199287 0.170671493754625 -0.0330137622045197 -0.0806986746843508
0.160526803854148 0.305375824715558 0.0401407416544463 -0.0905566987447745
-0.0241087355332725 0.363360663591867 0.102108861014252 -0.0143479400552353
-0.335507180242404 0.333980336817103 0.0148766247028676 0.11489051500692
-0.464020482481322 -0.0179310162935728 -0.164641149400724 0.0263540930427195
-0.259388531837546 -0.373951834942091 -0.231167185390191 -0.156954700463719
-0.0566104308293286 -0.480550169817778 -0.0399708090997178 -0.284674339584019
-0.145720398370667 -0.466347163569396 -0.0753580351688761 0.0616393002795662
-0.346405663317256 -0.313171018698446 0.0269569780943101 0.0257464873092113
-0.463421915755157 0.0375222498326486 0.0338352441103263 -0.138992496949946
-0.289490662350901 0.368391382805589 -0.0493959334925443 -0.112422803269041
-0.00167297118261953 0.372646188322155 -0.0734412705791477 0.000369921377813068
0.161600264847963 0.286042791191471 -0.022307836247204 0.0324525278436307
0.287424956115184 0.186611936101437 0.0337910541059891 0.0230936654938244
0.30242372374884 0.137252214867568 0.0605946837693285 -0.00997838975768586
0.287811781394386 0.187400898921785 0.0715457735433357 -0.00958465100404647
0.151673222479386 0.322440648289637 0.110846686089022 -0.00229517740652207
-0.0388563662731131 0.372326587925631 0.126025534057303 0.0688844362236686
-0.341271255201681 0.337208502263437 0.023426586005465 0.160296490516612
-0.476377234511343 -0.00769475964858584 -0.136863445050035 0.062648521401366
-0.284933790722529 -0.381084113838859 -0.179240447192189 -0.0611846070255078
-0.0901349222259413 -0.513091914644019 -0.0344497931580351 -0.093186456350837
-0.178639920496493 -0.434515014187027 -0.0517148768321258 0.239908623206542
-0.365871714990441 -0.269471562115285 0.111511047768092 0.121182057711663
-0.442293334295306 0.0691257775342966 0.0668475023325132 -0.133016150667786
-0.24959919264043 0.354325071724462 -0.0584183642939085 -0.0972197799747481
0.00589734114055225 0.340526607337178 -0.0741111390708681 0.0666392934304948
0.145364923083804 0.264839953254874 0.0268585965619248 0.121479492147388
0.257126548290269 0.179324060438669 0.12314640174426 0.0964420082210082
0.262547586647413 0.133417956839834 0.161663415100043 0.0508063884556051
0.241145955293186 0.176268109074826 0.163587653010364 0.0596475033537427
0.112236259223222 0.284551284645444 0.164897555771833 0.0821732915299324
-0.0524297369500846 0.309173729184297 0.131651897823536 0.140148284456222
-0.286582596314512 0.26151355862522 0.0237446067022196 0.184435937519186
-0.387168551593255 -0.00946397483663679 -0.10066723154188 0.0877876593121817
-0.24523346396083 -0.317986767299395 -0.110583173909318 0.0235649385740428
-0.102750832530589 -0.45745849061534 -0.0157193094560316 0.0877897874188355
-0.178559950666046 -0.334791245608388 -0.0281807615375574 0.40270906576547
-0.310396752941404 -0.182534387709194 0.186468640564469 0.215804630175262
-0.334082024083192 0.0772576534215807 0.100965832493716 -0.100743545469614
-0.16597493068073 0.265654010640824 -0.0529127561570894 -0.0675221713567858
0.00452470264357078 0.241793010994738 -0.065351339369261 0.121408376544492
0.100342684082415 0.198417140053908 0.0724217302481407 0.194600731452951
0.183185626259571 0.144322945606094 0.195331169776602 0.157929828207895
0.18165960288866 0.109644000780261 0.239719391999184 0.104600725409035
0.158003562096238 0.140804054435357 0.225884959326578 0.117984809992302
0.0544798865054271 0.204815456238335 0.188284351568979 0.147229411068142
-0.0610453942511102 0.196177114621435 0.114932954311806 0.182375693735088
-0.187936192561083 0.14002132801348 0.0138314131367615 0.178018178538186
-0.234270897417562 -0.0146419945971708 -0.0661528939383502 0.0952456305282113
-0.159092254910188 -0.203713300272039 -0.0439771294885954 0.0770601889800832
-0.0989813530659493 -0.329320598585116 0.0105180221362558 0.227858744550132
-0.147267605291954 -0.179700723512635 -0.0117425198838169 0.523617580393718
-0.197234280748085 -0.0676580104101923 0.237177907908821 0.295269495147074
-0.167136932035599 0.069088558126249 0.133222297248006 -0.0551632917949441
-0.0545779768759428 0.127873423831175 -0.0355343567575078 -0.0391082457577426
-0.000546582914179442 0.100163150896408 -0.0528061253357026 0.149519884413016
0.0353868839807873 0.0981764590936546 0.100958437231518 0.237909475591633
0.0776587804727009 0.0857713167367577 0.237241756101736 0.196253456529423
0.0732441223566659 0.069956416258031 0.281184672353746 0.143682968938818
0.0562763444693242 0.0866694310873935 0.251706652420796 0.155148876199066
-0.00569470908777152 0.102894418271205 0.181926963649101 0.18557886539255
-0.0571382600277213 0.0695699773923874 0.0817577632818903 0.193070650316595
-0.0726639291274003 0.0194201769531219 0.000997275443892535 0.148487040379917
-0.0713925150170881 -0.00989465388151467 -0.0365700675350809 0.0893529198445338
-0.0703197560386465 -0.0696957548173808 0.0103623686067171 0.0998621385355338
-0.0874963965985444 -0.160523807497559 0.0413422916230882 0.308278186338506
0.0590585210099155 -0.0383416234191987 -0.0352226587759237 -0.355381321481853
-0.00141925679899956 -0.0694252325439338 -0.076380744168128 -0.17118855847522
-0.0754004969613936 -0.0241661073993012 0.0142587884824264 -0.0693888434166054
-0.0583614455547891 0.0692363336057152 0.0165816072703933 -0.0936111046548713
0.0218513568727977 0.0688902531042744 -0.00436177580404308 -0.169157754596701
0.0508508778427397 0.024579604488051 -0.106484846143118 -0.229902897949316
0.0558956646157192 -0.00901516370513043 -0.207680636970396 -0.21512571091679
0.0510076006691706 -0.0085410477104697 -0.255793671396502 -0.210029064187557
0.0414977726979189 -0.00707138576596118 -0.222502101614533 -0.240506800935832
0.025578173405425 0.0122611471619632 -0.0888680224926404 -0.253964828559046
0.00533287795222393 0.0310573974366871 0.0478690598336033 -0.167406168176559
-0.0505252935612286 0.0143310197841938 0.0113031050659293 -0.00617189614189204
-0.0180536233845015 -0.0615447663401035 -0.132009091825242 -0.030076976177805
0.0838978288288121 -0.0357124117178339 -0.173570075182309 -0.314586961591452
0.090257183466455 0.0427829640819451 0.141884924161924 -0.59211153384911
0.0490829502775202 -0.201704419980999 -0.0372164108300216 -0.335178691228475
-0.0609191042756142 -0.18936326430857 -0.0805771445753897 -0.168160007588031
-0.194970045801532 -0.0611123966392017 -0.00563627713996002 -0.0835533827227781
-0.170331718287572 0.136599878022309 -0.00224662452740203 -0.0842904089543321
-0.0179142002083778 0.175314538104055 -0.00538106157639165 -0.134377466089679
0.0755319955321152 0.132249684066698 -0.0875889319645381 -0.196481894491458
0.14065783450394 0.0807879253727142 -0.172373696338844 -0.189464648412453
0.151845974253094 0.0696200096237055 -0.211413889533119 -0.19563585558082
0.141056002648155 0.0894954025391674 -0.185073779919342 -0.222641449698593
0.0662802580769958 0.15082881784458 -0.0567780038232285 -0.236914475329943
-0.0334502159172572 0.172057981565698 0.0700205492335956 -0.143650700515449
-0.198233853563178 0.125790415339286 0.00938712111133609 0.0140781746487122
-0.202320212790676 -0.0917866576603504 -0.155605648735077 -0.0401604256870648
-0.0167038129610127 -0.205780191418708 -0.199772431911634 -0.312485592017393
0.085295355600645 -0.185378247973504 0.0977852566275446 -0.5578266453024
0.0262550881211454 -0.343411461416902 -0.0522603659147058 -0.261396668740452
-0.130707994327612 -0.290262490912287 -0.0726302841578172 -0.138030436939622
-0.306631463104582 -0.0832191842297311 -0.0121849084989336 -0.103937940381808
-0.266399846741309 0.200662554638212 -0.0224285364219096 -0.0904655246138665
-0.0534058424290242 0.268778342772961 -0.0220993052941656 -0.0964812142624834
0.0940332435066527 0.226262495294287 -0.0705947273194191 -0.138726063092172
0.207196868708234 0.159527295264489 -0.116515632524294 -0.133475267192597
0.230666853382978 0.137065047880476 -0.135403439680446 -0.15058881573572
0.21861959186324 0.173178948205644 -0.114966493587662 -0.170220978892865
0.094616718516063 0.268616219530025 -0.00816452220542863 -0.180821862341955
-0.0721161402121818 0.291728497467696 0.0925711231475018 -0.0905715819635192
-0.325656977933727 0.220965276511447 0.0106355261422509 0.0504320000284236
-0.365533451104235 -0.113652375217068 -0.167398697086506 -0.0266461199631156
-0.114921654016589 -0.352719461251114 -0.211630475656556 -0.264959958699169
0.069006837092323 -0.386639881740376 0.0493972454515355 -0.44707920135182
-0.00953036594975914 -0.447647132732664 -0.0724432474146655 -0.136022428661172
-0.212630607796612 -0.359179762526044 -0.0426838420953889 -0.0746435560968615
-0.408596463858395 -0.0796077438410534 -0.00166646985987343 -0.124901515267391
-0.333791082615247 0.268984119733151 -0.0443483657524765 -0.102679892809162
-0.071014128008148 0.343300650333892 -0.047767585479206 -0.0495294325842926
0.106672781835859 0.293830008493338 -0.050776502503444 -0.0573058316690072
0.247720540655968 0.215861121038625 -0.0444851422343389 -0.053939127263193
0.275175449217575 0.183661758006664 -0.0379976964163637 -0.0817182383948179
0.258847729510567 0.228584527064601 -0.0247804120736617 -0.0907276305275576
0.105884506923383 0.343606770064762 0.0500295074061035 -0.0935724191444091
-0.101580797266697 0.369092396358796 0.112899851953323 -0.0135323800472031
-0.407338485199994 0.283031987278767 0.0145088512705843 0.0975446103117601
-0.47167886565668 -0.120111071751353 -0.161385045753854 0.00624282760694183
-0.188104734362265 -0.443506434575139 -0.199060364829917 -0.176037316586459
0.0462935619735287 -0.520125509659577 0.0052899387125354 -0.273900437397549
-0.0522546965833833 -0.491577966603772 -0.0900340515329361 0.0301941528471438
-0.283557489896398 -0.378721918875388 0.0127368104398377 0.0203556737150248
-0.470393942273425 -0.05170616550928 0.0241737085430756 -0.134422628271862
-0.353615332447578 0.317060301601596 -0.0641360741962922 -0.107043364865339
-0.0716940671958924 0.376205936583351 -0.0724665502320671 0.0111351597953685
0.111162682813515 0.32219930331285 -0.0232336033316428 0.0401058304677235
0.256238743209466 0.239571764132126 0.0363706318409039 0.0389467362507508
0.277602215902931 0.201211200846766 0.0644276180448411 -0.000731734524504058
0.254685231559224 0.245894389269537 0.0715774323946854 0.00048892470535858
0.0940646925428186 0.359343877065058 0.107885878300701 0.00803994516170149
-0.118569667371842 0.374857930562454 0.123457894705872 0.0738390627483132
-0.414798545591843 0.284020494079938 0.0147526821550479 0.143210800269771
-0.484215610768572 -0.112897394093315 -0.137914327542552 0.0476227904549085
-0.215474758586277 -0.452791341121183 -0.161579943051853 -0.0684462353147185
0.0188754823203477 -0.559885804493669 -0.0250407027224338 -0.0739416662997129
-0.089501380022394 -0.464135102964805 -0.100045621531731 0.215133407826544
-0.3107766059482 -0.337993356722117 0.0819259018026717 0.133702192204133
-0.454133988220615 -0.0169430452769077 0.0582822104804429 -0.121976267450014
-0.310329878807567 0.309969646285458 -0.0734097285369287 -0.0934423288891919
-0.0584273826766848 0.344162839541547 -0.0859001089761411 0.0766954736186409
0.0997813022361848 0.297523639428488 0.0109088986784573 0.139173376526191
0.227175269266034 0.22699876138625 0.115286279218963 0.130036413605625
0.23871460520514 0.188938351100632 0.158353570646586 0.0798811388238164
0.209787064899737 0.2257417889698 0.154811977229432 0.0873157033903355
0.059823885390048 0.314622151009922 0.150637187992509 0.10403305072132
-0.119789355285534 0.306913676102072 0.11798013640413 0.149293698573308
-0.342935912917581 0.217547124727952 0.0093595842203027 0.17178450190443
-0.391411184048876 -0.0944122574692926 -0.107283529712443 0.0777251930626866
-0.183200980121665 -0.377233579300706 -0.10847227536826 0.0249220604123703
-0.00645111002299381 -0.500789009040104 -0.038156289365292 0.112925601332043
-0.105980333269888 -0.362822371109974 -0.106253648420814 0.388077505062026
-0.270063346545498 -0.241127370922302 0.143652718105563 0.246608685914546
-0.346788508593852 0.0117660827319764 0.0952583628736991 -0.0841472684504168
-0.211496449734554 0.23489168805164 -0.0658516151235511 -0.0670505164777963
-0.0402057929293674 0.245122551078862 -0.0876472507783233 0.127703802547584
0.067132260442954 0.221377942567258 0.0432126053847521 0.220174838038968
0.159262041795278 0.178240851413169 0.177237216257289 0.204196543566208
0.162827816971437 0.14851118358647 0.228348210874331 0.14860534380048
0.132182434358 0.173299930762308 0.211006695886384 0.157593339724404
0.01648605821485 0.221158882685 0.165877024068406 0.175966558832458
-0.104664395193084 0.189225010569888 0.0917806071865128 0.193762650032386
-0.219195287305659 0.10966894500687 -0.00327813574775086 0.171324905622582
-0.233515145677906 -0.0661344847560363 -0.0760245582071062 0.0897417905575318
-0.117602368750461 -0.240151366058043 -0.0542475339947362 0.0845691285202551
-0.0300984039457793 -0.362406134028659 -0.0363312895344407 0.255246390221884
-0.10441675850213 -0.200422442707776 -0.112459707003399 0.519081203970446
-0.177990532510341 -0.104804179298396 0.185990599288905 0.338852436359715
-0.177808359160085 0.0354933589196104 0.131255521719702 -0.0331611577323901
-0.0763655088763377 0.116176665001694 -0.0420436998747747 -0.0418349779204512
-0.0188303642036808 0.101265867131379 -0.0823018683342439 0.150538792694339
0.019720234519187 0.106841723097242 0.0630768067178272 0.266193652609893
0.0638159128877042 0.100534392954084 0.212513151360598 0.248586060826359
0.0606204284691691 0.0864271152839032 0.264278058700659 0.196112663046369
0.0396282551027664 0.0981683485032393 0.232568539901708 0.201190058827071
-0.0256844204611987 0.105213119704115 0.154129350887218 0.216191057240674
-0.0739454279138542 0.0596460594176432 0.053962996021806 0.203674880033423
-0.0791355215478128 0.00623928229364895 -0.0167801109973442 0.146788801877098
-0.0682964215019934 -0.0255124659145595 -0.0472100512569066 0.0864993168505683
-0.0541867210291981 -0.08208978862691 -0.00575601690119957 0.110114501646109
-0.0546812173734472 -0.181725758133562 -0.0168579360186043 0.333778292525173
0.0556874890441777 -0.0427532839675496 -0.0561847012788651 -0.351590889532228
-0.00623671821407283 -0.070394749617247 -0.0868064061533769 -0.169374245254317
-0.0787264754211233 -0.0179734778050478 0.00514973625511159 -0.0711894737025521
-0.053273066633699 0.0754446443596194 0.00701645005539319 -0.0890774835095045
0.0288633518320532 0.0677936193477595 -0.0145645511229011 -0.162073432131818
0.0538533544785027 0.0204658394088464 -0.118819036925576 -0.219312241962726
0.056159822501255 -0.0131629055037605 -0.219299404443234 -0.200485110148608
0.0514536239063707 -0.0129369586188846 -0.268589579233049 -0.191178910353811
0.0415192310174234 -0.00963323285206664 -0.237565361089326 -0.224928892209662
0.0273878657408113 0.0114578375341563 -0.103541152663829 -0.250143825880651
0.00757543040493286 0.0312987495668095 0.0409844671469659 -0.171002678167986
-0.0499233197315661 0.019715660371054 0.016302491627398 -0.00517522989834145
-0.0247130903257993 -0.0588364621803033 -0.128688365857994 -0.018146360819872
0.0801563316562818 -0.0435729500759437 -0.191759877173581 -0.298514117020544
0.0931104449927716 0.0347166586181606 0.103593292325507 -0.599397498401732
0.0370242010348047 -0.204491877432119 -0.0574239503376649 -0.331596651917491
-0.0720991412823949 -0.186496120469715 -0.0911454315112822 -0.16500173512656
-0.198515691359727 -0.0458847136327113 -0.015337387291817 -0.0825615581101092
-0.158964449002967 0.14917582166528 -0.0114871503952658 -0.0787425910490849
-0.00320190227263475 0.176681199152893 -0.0131232650460214 -0.12849080802885
0.0862492245952145 0.126118094258854 -0.0970051152578026 -0.187682690182487
0.146491954191443 0.0701684850239092 -0.181665541541294 -0.178510553853721
0.156519267619246 0.0573306978794436 -0.22389350841691 -0.180729573496443
0.146877801169446 0.0796163674911517 -0.197686175906842 -0.211309011942792
0.0768417184028246 0.14698969452208 -0.070572861393497 -0.235315290554252
-0.0219819652002433 0.173393288823111 0.0643700957154044 -0.149461549855034
-0.188985161810441 0.139761608850507 0.0159784361888731 0.0158835874462592
-0.207542592611177 -0.0772744452220663 -0.155746131919076 -0.0261096096985106
-0.0290677449095006 -0.207545423049702 -0.219219358912147 -0.293501500353174
0.0746701010720329 -0.191251188619298 0.0614251371446931 -0.559978587655555
0.00706574695590409 -0.342875198176129 -0.0686262966992685 -0.256000200827105
-0.147129184361409 -0.282765830645602 -0.0814196143733768 -0.134652822999215
-0.309778847409449 -0.0611336306474484 -0.0236445766672304 -0.101806925417113
-0.25025708227854 0.219277913359822 -0.0321758614850793 -0.0827900210377603
-0.0331583561978918 0.271530620200992 -0.0259630808146707 -0.0908063647516029
0.109947837039139 0.217532395598787 -0.0759236403530824 -0.131839011308803
0.217541637340185 0.144112415750081 -0.121864550786807 -0.127762008702883
0.238579531050998 0.119079816447169 -0.144703162236874 -0.141526421029003
0.229084930788627 0.156586800792314 -0.124569544495549 -0.164095780139096
0.112289313062784 0.261729809434379 -0.0190717701708445 -0.182930551911951
-0.0516931604087056 0.295044613993098 0.0903031039683799 -0.0990320137028492
-0.309355314039392 0.243096363249751 0.0202232472672528 0.0524057974829579
-0.369919690667839 -0.0883713843678417 -0.167116442754914 -0.0109898055173863
-0.135180609114141 -0.348038695531331 -0.229314114430519 -0.244037314347943
0.0471979254566655 -0.388997731628183 0.0191140528677993 -0.448268706251132
-0.0355382922191451 -0.44324482754719 -0.0815844778971348 -0.129153746966475
-0.232670039384369 -0.346738118384198 -0.0480017748272928 -0.0735417973258749
-0.409494863212962 -0.0517760819659952 -0.0154191132838508 -0.122754196410253
-0.31211689691912 0.291641148412249 -0.055560448129252 -0.0945077527094207
-0.0468183462059584 0.346583287649904 -0.0491382946499419 -0.0427461771228455
0.127421910466562 0.284154902355522 -0.0509881612957496 -0.0523144714557544
0.261796216938339 0.196901035438492 -0.0456281120050223 -0.0535300483231798
0.285736908844161 0.161263750658221 -0.0433994008400863 -0.079931880207732
0.272911492446499 0.209020818842291 -0.0284818996788509 -0.0919121495217584
0.128371765793762 0.336131703629836 0.0443554672639184 -0.101159840332874
-0.0754052326929072 0.372763953250663 0.114239555676899 -0.025059913567348
-0.38600264063579 0.310904610435905 0.0272806063747867 0.0978597130316003
-0.474857752677295 -0.0883850137374562 -0.158935900485806 0.0214830401954126
-0.213224199416636 -0.432973508575931 -0.210599573366857 -0.155411119130654
0.0168373168016763 -0.519523954204733 -0.0129394311430824 -0.272057414516184
-0.0792622689315735 -0.485689567577644 -0.0888737229300113 0.0378714071220091
-0.304304659950537 -0.361814108258021 0.0134294724421858 0.018232807742817
-0.46895229702704 -0.0202583521896048 0.00951402358396671 -0.134156450679134
-0.328550093582439 0.33923507288698 -0.0758062646891642 -0.0987179913980856
-0.0463100423116963 0.379053882226288 -0.0706502868685229 0.017735064847291
0.132431327477244 0.312029277956003 -0.0177758795601714 0.0432900527133862
0.270839718041105 0.220943986872333 0.0407154230295727 0.0330604946018219
0.289357588646784 0.179285732681365 0.0645914487139617 -0.00688510979050158
0.26993370498813 0.226661135324887 0.0735111781174664 -0.00839132695085883
0.117329053389567 0.352056162555073 0.108746265999277 -0.00334831175674354
-0.0929114676248269 0.380622862749647 0.130076915756719 0.0602244670547897
-0.39276901853706 0.309822759748126 0.0309563244867214 0.143018287565495
-0.485414082178719 -0.081334464962963 -0.133178022211747 0.0608977762451242
-0.238774927267304 -0.440242510813106 -0.167205722797926 -0.0511755906188604
-0.0131723216888815 -0.555951776836897 -0.0294603011046813 -0.0711253879328345
-0.114357621712033 -0.454018343718138 -0.0875997969011461 0.222915355708274
-0.328352092614302 -0.31785560481716 0.0896928686985722 0.127544566489516
-0.449086632545679 0.0138825476893278 0.0439352116729016 -0.125053075677282
-0.287491657748482 0.328552647526852 -0.0847443221773568 -0.0864294057698295
-0.0360188708322153 0.34620729632317 -0.0814830583410085 0.0834831404084924
0.119110409182938 0.289167887200924 0.0217354394494707 0.139696415741459
0.240225511655182 0.20948456510806 0.124993785787377 0.118993304233781
0.249412258180636 0.169669929897659 0.162790876567627 0.067041680002643
0.22309505075066 0.209459319794061 0.162128521349272 0.0725307246289633
0.0800362687773862 0.309365612554354 0.1568254874015 0.0897965158208414
-0.098790690260193 0.313013065946534 0.128154241257386 0.13526520336616
-0.325714272251602 0.237617599043587 0.0260087729032031 0.170464239999283
-0.391732279679385 -0.0683446521400415 -0.0999576848348262 0.0876204154307296
-0.200940307460812 -0.365949592486765 -0.108445303171286 0.0382729328997406
-0.0333766994186427 -0.49301387291834 -0.0308103677960924 0.115364337994996
-0.126216693308279 -0.351962929313088 -0.0824480750508119 0.394442599506356
-0.28230637915133 -0.223336196916278 0.15833029749859 0.236028949699047
-0.341292182230024 0.035483140522447 0.0831683512472329 -0.0909893981583191
-0.19357904819086 0.246361218356423 -0.0753684958911615 -0.0622120312319965
-0.0258512230645253 0.24583219529602 -0.0817564191825075 0.134258391547436
0.0812499436385779 0.216067991597938 0.0578269293307659 0.218468932412656
0.169479647861354 0.166425322139142 0.191541251302789 0.190037396091489
0.170320969864447 0.135480072416276 0.237381011350227 0.130939871914806
0.142326674766068 0.162989646223236 0.221793872685895 0.139533783863033
0.0295349604621945 0.219495182282038 0.176544948482533 0.16086783229242
-0.0918231374920086 0.193719062111164 0.104183119789653 0.18115142835011
-0.210348810172452 0.121692012089389 0.0131446842246912 0.169180420822057
-0.232545696906727 -0.0510971811505904 -0.0672466704588926 0.0965994754528627
-0.127823118415199 -0.231576870713446 -0.0497886458381974 0.0930399879423677
-0.0502260686850978 -0.35451947405244 -0.0189575397334875 0.256427151551506
-0.116259015563326 -0.191614809665758 -0.0782661914157329 0.524549814017415
-0.182539354132642 -0.0919142759900908 0.20646522946935 0.323759054935776
-0.172257975039942 0.0484159104947061 0.123420371618402 -0.0447509333729643
-0.0671479608254566 0.118779726024789 -0.0501851768094741 -0.0399266547186337
-0.0145047122794097 0.100865616356571 -0.075790878253055 0.156392074315769
0.0261771404948444 0.105856288438219 0.0790742333127331 0.262696712858428
0.0691726677751842 0.0954016350669389 0.228722055955592 0.233037918027392
0.0652327331976666 0.0810807652235898 0.276712861215397 0.176421140940961
0.0452928404401619 0.0947092170644449 0.244992161601969 0.183085105252106
-0.0195838446610318 0.106527887782595 0.166300959871434 0.201203296647752
-0.0704320801765361 0.0637580476206278 0.0672000097425671 0.193843014737666
-0.0770964081578928 0.00856535059494311 -0.00320366868582952 0.143768525191037
-0.0660421576399517 -0.0221498835200823 -0.0378854089832563 0.0897220168579502
-0.0550318581203084 -0.0770684543761697 1.23267696218901E-07 0.112993038272455
-0.0640620172921831 -0.174385613798196 0.00475408232717438 0.333766554603199
0.0514412307299061 -0.0442433015686133 -0.0672162306449347 -0.336382972557611
-0.00988796122961649 -0.0682684250324964 -0.091452099813868 -0.163013346570402
-0.0777319788377098 -0.0122989794250786 -0.00188253666106583 -0.0687981428030529
-0.0467512171856499 0.076860510277305 5.62945102606062E-05 -0.0814301228501696
0.0334745132599558 0.0638549021808601 -0.0205037829868329 -0.150390907939393
0.0544233778311777 0.0163007591489708 -0.122034467372567 -0.203920974918043
0.0547347777124795 -0.0156544049273566 -0.217206030714575 -0.183893986863809
0.0495404353040102 -0.0165698166500456 -0.266833217908415 -0.170979282344727
0.0397593269457069 -0.0108101489821457 -0.238746456767494 -0.207030241741731
0.0274806097465522 0.0103931955471609 -0.109865546447906 -0.238721105047376
0.00869988607550102 0.0303903917743815 0.0352948930568923 -0.167799672292563
-0.047278612888783 0.0228466349828757 0.0205211623541673 -0.0043936218949198
-0.0281138234697083 -0.0545102998463797 -0.120866115258414 -0.00905987746329473
0.0735122544218104 -0.047760248941152 -0.195133355674949 -0.275540622944537
0.0908018135320371 0.0270878128143677 0.0718239272074466 -0.578863941546952
0.0278822582422434 -0.198465076997031 -0.0676580021097973 -0.316032222575165
-0.0770525272832262 -0.178491694943466 -0.0954578252986312 -0.158390510045172
-0.192732949103015 -0.0345058571693026 -0.0226965702151753 -0.0778280709070031
-0.144782796925203 0.15273029017676 -0.016450962724552 -0.0698131645178492
0.00744527095641667 0.170330330891004 -0.0166123454918843 -0.118721345451644
0.0903567724618416 0.115524958774619 -0.0987029966311621 -0.175544841822821
0.144893344608112 0.0601639383880465 -0.180196739802392 -0.165560102552321
0.153523031327562 0.045499953246089 -0.222838431279511 -0.163405082082781
0.14474820464262 0.0695262198553032 -0.198577909926851 -0.196040462536037
0.0812107740444353 0.138208967038294 -0.0778986941017637 -0.225768084645018
-0.0132192888092667 0.167663474190835 0.0591216186676966 -0.148586498971738
-0.17535007882913 0.144567961204416 0.0217992308540837 0.0164820508966155
-0.203042729938553 -0.0645254676588967 -0.148275516909196 -0.0141658296869166
-0.036798092269527 -0.201163163692924 -0.222752427813142 -0.267988107592216
0.0650731848140691 -0.187851467016384 0.0339195411993231 -0.540796310298632
-0.00519790754087077 -0.330305093316555 -0.0757330871615417 -0.242441757313946
-0.152120392850187 -0.26776520860546 -0.0846167147034378 -0.128578720298753
-0.298368241025629 -0.0445360267606862 -0.0315193601369522 -0.0952002806220247
-0.228555075501814 0.223814608404935 -0.0374120953133566 -0.072485775693761
-0.0171367839881785 0.262912124784855 -0.0268419134908436 -0.0827313405475098
0.11656166571947 0.203631672796585 -0.0750723910885788 -0.122697439739553
0.215812046401214 0.127900703218899 -0.121155677440617 -0.120432900109034
0.234552527198909 0.100895050871313 -0.145472222394083 -0.129832947568984
0.227263328882276 0.139976474165097 -0.12599185431902 -0.154954565496257
0.120948242948253 0.247639308303628 -0.0254536285564402 -0.178646688794678
-0.0365133956154845 0.285701903868657 0.0857060542091028 -0.103079430397428
-0.285697995094461 0.248534603034844 0.0279329929990438 0.050652381914371
-0.357223238986332 -0.068828096799429 -0.159878913833382 0.00143147647594839
-0.142917716083443 -0.331591223837632 -0.230754980387409 -0.218991156237527
0.031357481398938 -0.375852275444809 -0.00195750309445491 -0.429547900011818
-0.0486826260546231 -0.42418288163916 -0.0835312913061385 -0.11873988320232
-0.236694045730245 -0.326304174003686 -0.0494536725768587 -0.0705329314886142
-0.393711391131843 -0.0308062228215654 -0.0251671896454291 -0.115153184213946
-0.285782097332804 0.295439558263978 -0.0608754262568481 -0.0837200501682706
-0.0284776492770543 0.335220502515515 -0.0470137081547587 -0.03675102054938
0.135555319886078 0.26722863516136 -0.0479964137094177 -0.0477089159242217
0.260777775407663 0.1762016787175 -0.0438872251223363 -0.0527827111362416
0.280561792042102 0.139834756926919 -0.0453051678948982 -0.0754832050980851
0.271078930355027 0.187628344816349 -0.0301658207778047 -0.0902951358842772
0.138226781103607 0.318407512675684 0.0386844900329937 -0.1025973424706
-0.0565317867418445 0.360965187371644 0.110820224343924 -0.0340721742724627
-0.35667105441709 0.315672918762508 0.0380558195654499 0.0939484336584537
-0.45776592565485 -0.0653250933147795 -0.15049408329907 0.032982186925925
-0.219570113934434 -0.411847631412721 -0.209365915917181 -0.134496840441138
-0.0033984186997205 -0.498458347252309 -0.0239493314720271 -0.259630465835353
-0.0931008973451957 -0.462217220864297 -0.0848045554993605 0.0419427769038811
-0.306201816998222 -0.337164814725725 0.0128398980812596 0.0156348880146875
-0.448130516765642 0.00116394202008058 -0.00226700799029593 -0.127943187109329
-0.299026139591652 0.341347830419951 -0.0818804214997532 -0.0871399828006017
-0.0269880102419184 0.36666501296481 -0.0662395068165469 0.0225265277730232
0.141661894115183 0.293290064717197 -0.0128905288719844 0.0433964652493512
0.270264397514186 0.198982640781736 0.0421168090927381 0.0271143909713754
0.28492085172836 0.155899375352544 0.0613597568458251 -0.0105536677023532
0.268996285537937 0.20457833587939 0.0711382284125154 -0.0147874316400727
0.128516315701187 0.334271780043294 0.104183550984794 -0.0117070481992308
-0.0717905176999897 0.369630781004737 0.129465502746577 0.046147195320762
-0.362476511079515 0.314722686767346 0.0427712731918673 0.135345310800776
-0.466797761448851 -0.057820576257243 -0.12371270316723 0.0679965695954355
-0.243693329976836 -0.416852945997454 -0.163024616808448 -0.0350720498800434
-0.0320178225100038 -0.531730590100913 -0.0312922336155301 -0.0656449689080174
-0.12501828983282 -0.431767961349086 -0.075209981329644 0.219852538735452
-0.326759661042217 -0.293169177037256 0.0905389928835916 0.117576427914486
-0.427852738620408 0.0333106105338142 0.030860113221705 -0.121217530320448
-0.259555380829209 0.327357465865249 -0.0907631623485646 -0.0766218471413474
-0.0197702000901264 0.334360322595919 -0.0754482130593354 0.0850565995785654
0.12699316412923 0.271756474627919 0.0280863063522563 0.134542455799676
0.239985143822771 0.190036447511754 0.126088707217937 0.10632407575903
0.245397521982075 0.149973613651399 0.158850296808522 0.0564295925960857
0.222661943470671 0.191077815910805 0.159704888237014 0.0592336188656929
0.0898196515647991 0.294766302738366 0.153927373666364 0.075313615837785
-0.0810518999145081 0.304266523732752 0.129588333325723 0.118369761222301
-0.301834088309786 0.241400042859096 0.0385629007239586 0.161138340506162
-0.375268348407717 -0.0514127048034523 -0.0900295985218501 0.0912774606128138
-0.20469169426795 -0.344855622794269 -0.102663790476095 0.0476009320654679
-0.050117344049694 -0.469711814167292 -0.0243968678239442 0.11328420700293
-0.132019309568413 -0.331918287384538 -0.0640359931524957 0.384505485808808
-0.278083756097743 -0.202814677093733 0.161650321377743 0.21863914877843
-0.32338431945186 0.0494115322595019 0.0704094193557933 -0.0915844815646197
-0.1737338360018 0.243126565625009 -0.0810495531051132 -0.0553918350577402
-0.0148023410353143 0.237243746347045 -0.0748602581547663 0.134251911732762
0.0874479625788464 0.203467903668547 0.0648080867884561 0.208848889877608
0.169951688778376 0.152276405667529 0.192841971484131 0.172009896720003
0.16825534212505 0.121514307705434 0.233660034074921 0.114035491376399
0.14328298174836 0.149771488129626 0.219122612282535 0.121630513512142
0.0372208500755068 0.210240617076642 0.17563297792897 0.143314446704088
-0.0801436064167048 0.189362689717233 0.107798610252359 0.163735177881099
-0.195489309752782 0.123918014717598 0.0244759586781042 0.159149976956815
-0.221076151845034 -0.0407054710151557 -0.0581289867556667 0.0964394496898551
-0.128122397987138 -0.21850352883515 -0.0445964250862371 0.0965010081074875
-0.0598544644556557 -0.335621111613736 -0.00730457034285088 0.247830674689289
-0.118126810903051 -0.178268527384286 -0.0545170270918545 0.507981639493525
-0.178210967773234 -0.0798384275247167 0.212931857995358 0.301878474985224
-0.160845172508817 0.0541257898121976 0.111657963864131 -0.049465260878249
-0.058745210526631 0.114747837256211 -0.055501210940895 -0.0366708199492207
-0.0111787240183983 0.0976019765635111 -0.0695631437165222 0.154812268131996
0.0289410127467323 0.100540104240251 0.0865467188737931 0.251601816936967
0.0697015646568475 0.0891383904565477 0.23033024788722 0.213592399054487
0.0653253788447137 0.0751128099336062 0.273154242502967 0.156402585346404
0.0465806468000117 0.0890565941703343 0.242954121360693 0.16331604488771
-0.0152585516262198 0.103314587424784 0.168091605906411 0.183524320231694
-0.0655511603727237 0.0633833555200402 0.0716321713715457 0.17914540705687
-0.0740373868984623 0.00930895338147051 0.00721712288868225 0.134840996727999
-0.061459708630313 -0.0198173528087794 -0.0288406429809288 0.0877146717227374
-0.0518984518762217 -0.071627920660944 0.00365208517454709 0.112442957411141
-0.0666986003222639 -0.162066671564813 0.0190723792957224 0.321206001568943
0.0482435717653267 -0.0434098546613956 -0.0650505618417444 -0.321700239111076
-0.0110321874905933 -0.0666734572385205 -0.0904433568568174 -0.159418890720987
-0.0757467457578011 -0.00965259780664289 -0.00692433199821621 -0.0660900671135594
-0.0429701677369389 0.076338982458656 -0.00302153913178582 -0.0726388858405496
0.0352512958046265 0.0609178017521744 -0.0190989199450442 -0.138863451555761
0.0542599301663931 0.0141072891615492 -0.116017250157345 -0.193044868267239
0.0533831753664227 -0.0159461525918843 -0.208261278925673 -0.175593335987791
0.0481836345634233 -0.0177204319638553 -0.256459173791594 -0.161607357831654
0.0387249000472282 -0.0107902035673977 -0.229667263662589 -0.197079521848197
0.0275669190978672 0.010377872119578 -0.106703563679407 -0.230685562277803
0.00865036514719672 0.0299021504896542 0.0361822674305406 -0.163663889675842
-0.0454051468487291 0.0244097426719249 0.0246633939523987 -0.00431718962098729
-0.0288580924377354 -0.0508365985838597 -0.111789511904146 -0.00563299262078277
0.0689235698631357 -0.0485645970936848 -0.186866408284804 -0.259270333687731
0.086871024773676 0.0233733086231062 0.0672251516794083 -0.554570155543451
0.0272722500792273 -0.190468697136435 -0.0650118997138081 -0.301140023226502
-0.0752647839958286 -0.172568870352268 -0.0936838415190266 -0.154287935881785
-0.184837298698791 -0.0302608100173817 -0.0262559503639951 -0.0732043631553675
-0.135268139349829 0.14987000100364 -0.0184277192500446 -0.0609231341525586
0.0109268055869092 0.163009900091185 -0.0140723089437252 -0.109892935371435
0.0884654520926381 0.108630614047707 -0.0929231363981183 -0.166204630747464
0.139888238145257 0.0552540354025919 -0.172501467614099 -0.159501375706696
0.147724600087381 0.0410064525424876 -0.214557294746641 -0.155426538998939
0.139845608179141 0.0651726642929314 -0.192001542340734 -0.188049548138159
0.0799260016159339 0.132552520159035 -0.075613345213894 -0.219021777286122
-0.0111403181646133 0.161219192351139 0.0586631169289983 -0.145879595293858
-0.166110088968003 0.141350398605911 0.0265616467634622 0.0167069532224807
-0.194947106866125 -0.0598461638478049 -0.139445715450036 -0.00899852313875665
-0.0363466938484002 -0.195919169083567 -0.213356685063201 -0.251286623544895
0.0628556824698808 -0.181101245953369 0.0287576662110225 -0.516372512542228
-0.00445655741540499 -0.316308544950884 -0.0727455003180201 -0.230434861839251
-0.14611044003959 -0.258619559874283 -0.0827614806033768 -0.125390064992373
-0.28510644492466 -0.0397221303399049 -0.0353670132979994 -0.0884995714005158
-0.215362732171985 0.217585236122398 -0.0379601105021573 -0.063880086340507
-0.0120823589757188 0.251754972001944 -0.0240040940788709 -0.0759780875205776
0.114144911600368 0.191737562104196 -0.0706046708143256 -0.116516411916953
0.208529505787061 0.119684140572646 -0.115821284044674 -0.117632347853003
0.225034967797816 0.0926356241066021 -0.140049911993451 -0.123974347915043
0.218684285438392 0.131809284423719 -0.12177274566687 -0.150112362888994
0.118579843704899 0.237982887541301 -0.0259202751389241 -0.174719031014201
-0.0324842163698155 0.274144330680178 0.0837395327492014 -0.103390084663327
-0.271403105475819 0.240939735442162 0.0333704617883093 0.0499301991878257
-0.340570438524005 -0.065201107707569 -0.150507460372144 0.00744955842513346
-0.138222276840776 -0.321412503421186 -0.22077408290025 -0.20223858298083
0.0313132048526314 -0.359979507603328 -0.00358755395087019 -0.409608300180203
-0.0466265079395019 -0.405601550186035 -0.0803988763299612 -0.111806455334509
-0.226262627740667 -0.314009689625981 -0.0490121902143684 -0.069341844029846
-0.375062793448366 -0.0268832487967995 -0.0297010361361891 -0.107864090551004
-0.268118117953706 0.285034254210803 -0.0616996634343084 -0.0737060335331767
-0.022883274313163 0.3220007613529 -0.0437033589222441 -0.0322510629676434
0.132369053295213 0.252994951701339 -0.043878894518427 -0.0448620977940314
0.251493159706822 0.166499455335388 -0.0419279193977131 -0.0537806913934616
0.268826569146623 0.129400250139948 -0.0444213044409826 -0.0736041824475116
0.261239506906757 0.176876225665637 -0.029748824923639 -0.0897942283525015
0.135904503830525 0.304817056494926 0.0362370874833373 -0.102491027450339
-0.0521156921751404 0.346891695180088 0.108078478282926 -0.038086811221993
-0.339009478511792 0.305518270793852 0.0434566959007906 0.0898511008569171
-0.436395575070309 -0.0610998721181215 -0.141654393455049 0.0364730240502411
-0.211457849992435 -0.39766289178734 -0.200577910754447 -0.121542944677233
-0.00106063991311706 -0.476615075783472 -0.0247558739351456 -0.246755766948206
-0.0868568386413755 -0.442199703521618 -0.080405840355347 0.0428576582708057
-0.292344874641631 -0.324225608919926 0.0110717873983089 0.0128981605106414
-0.426456491229379 0.00464303042517388 -0.00892654686084659 -0.12040741290834
-0.281257525032174 0.329517497389058 -0.0822767794958899 -0.0783034757359264
-0.0227440619316593 0.351807488751635 -0.0621774599438692 0.0237734363037415
0.138200146680472 0.278990800960493 -0.00975717493453061 0.0418098518343289
0.260554549198155 0.187843462577804 0.0412135629537728 0.0217700337748959
0.27290562078817 0.145353465113091 0.0582075149837964 -0.0125949173395365
0.259447877693715 0.193272751386868 0.0681362838595465 -0.018947666010074
0.125394085682192 0.320399245113252 0.0992932688411563 -0.0158983483609608
-0.0654430709548439 0.354526595141504 0.124415567148318 0.0378807076555384
-0.343455712442635 0.305191938699972 0.0484951933847239 0.128140299505256
-0.444465665416772 -0.0530509532013327 -0.115453609835193 0.0693888528818936
-0.23364049916501 -0.400538801807654 -0.155398010773383 -0.026412043895933
-0.0290204323578647 -0.506205559996184 -0.0297775919701082 -0.0613202023843919
-0.118547620041907 -0.412313305714323 -0.071898963689259 0.213194513698898
-0.311496385540416 -0.280921413503023 0.0861444360234589 0.11070160305163
-0.407241564495423 0.0349162287085866 0.0238795683657064 -0.114991852354193
-0.244937764650231 0.315046188992385 -0.091875159169417 -0.0691180388938123
-0.0168988263361295 0.320631022103537 -0.0723553699594859 0.0836954284150667
0.123103054095013 0.258785673145475 0.0287938045519874 0.129947020036931
0.230820339552213 0.180412590422775 0.122221046619585 0.0983175648428915
0.23474489431679 0.139741359310783 0.152468800988344 0.0506301870401411
0.21425888088957 0.180704135417722 0.152709720110363 0.0516389968459818
0.0887112427272467 0.282168853216304 0.147298549560167 0.0674249544236806
-0.0755725043476195 0.290771367534143 0.125164920090504 0.107026757721604
-0.287118091190536 0.232435501797683 0.0438694569999732 0.151623683849247
-0.356387490592225 -0.0480617934400524 -0.082858209659272 0.0904940702088235
-0.193912993333597 -0.332288859046213 -0.0978570237301976 0.0520014079189039
-0.0466122779726619 -0.447319944593848 -0.0221895525766452 0.110014690921724
-0.126429793429075 -0.316325844385635 -0.0602375362782332 0.369586893224575
-0.265600632993416 -0.193868770434518 0.155267119498447 0.207528428027494
-0.306826023214245 0.0493587102296882 0.0617992555721826 -0.0874383396435619
-0.1636071782793 0.233212140637721 -0.0833872752320497 -0.0506522000120064
-0.0140256760485456 0.227187152989666 -0.0733607942320205 0.130838607919422
0.0837497858329223 0.194179966740634 0.0640687551815026 0.20171875461396
0.162659809721921 0.144287578514604 0.186535946902109 0.162305556164954
0.16078275965206 0.114072040531814 0.22472138650363 0.106381478335221
0.138143098485128 0.142187330765369 0.210157039275289 0.111817171749643
0.0367870107922624 0.201827930309506 0.1675929110446 0.132562820336295
-0.076394913040339 0.181415707858791 0.103807084353022 0.151646780400474
-0.186443467903037 0.117964225384479 0.0286630749884984 0.149162563290365
-0.20880430740518 -0.0399067496741138 -0.0522359468343989 0.0932307142811069
-0.119840042377006 -0.210588721271992 -0.0423767541029757 0.0976251703314241
-0.0551016082113729 -0.318460812001406 -0.00490424700991188 0.238099433431424
-0.114070599570413 -0.169030369569541 -0.0510919894728703 0.488167494097106
-0.169182321572588 -0.0746465509278539 0.205019629730016 0.286501780687992
-0.15102961329361 0.0534181586653715 0.101017416237522 -0.049366279881725
-0.055368574011698 0.108132752779798 -0.0587618199163512 -0.0346231982618837
-0.0120188146186434 0.0940100893213017 -0.0690472519432052 0.150414948201674
0.0277304009964681 0.0966039442014397 0.0845974415294899 0.242213844453463
0.0664973851787507 0.0848537474163992 0.222454301841319 0.203018576038193
0.0618597402840267 0.0714023520969209 0.262349030285432 0.146286713343786
0.0440241139297899 0.0848116964348587 0.233226989418298 0.152020418354779
-0.0142565656939617 0.100296313178047 0.159998879064799 0.171851545399263
-0.0637728549498988 0.0608482924540462 0.0688592624180507 0.166779313449567
-0.0709019791911889 0.00686037373531977 0.0108536715511218 0.124817741049899
-0.056376639470562 -0.0203065915793009 -0.0236926364442029 0.083195308733534
-0.0459398245704159 -0.068700227515055 0.00359007726506008 0.1111174527658
-0.0629914714699334 -0.152882215192837 0.0202414905946847 0.307768700953855
0.0474008559808629 -0.0428232600359841 -0.0562734819143368 -0.317024032357995
-0.0108307317333523 -0.0667425525368831 -0.0879030221237775 -0.161311879051189
-0.0748313403546883 -0.00896447601193706 -0.0100397956239152 -0.0645217730583392
-0.0424994650720549 0.0765857723834841 -0.00325462055071339 -0.0659433832245423
0.0361917251424784 0.0603949838535409 -0.014433453994343 -0.132864995801031
0.0542601057728945 0.0131950937673886 -0.10872411798468 -0.189884996495978
0.0533788922846662 -0.0157744636972246 -0.200985730004295 -0.176435252619934
0.0479737437052555 -0.0179723005435951 -0.248752966947784 -0.162640002281112
0.0388747039563026 -0.00959466000658072 -0.221498575183615 -0.197906720138408
0.0283003436716864 0.0109264748041435 -0.100251859619277 -0.230162670536067
0.00854315791569959 0.0304075954415419 0.0416477274649889 -0.162308583397755
-0.0446629092463343 0.0250554226102524 0.0289252525191155 -0.004030854659913
-0.0283496660381447 -0.0491893172834972 -0.105475756694539 -0.00552709290437764
0.066365825686546 -0.048531201919531 -0.176165079920997 -0.255592046588214
0.0838711698790068 0.0229849934938381 0.0744238591131091 -0.541580920838777
0.0307722688523148 -0.187665585160408 -0.0565024656922924 -0.296313079915768
-0.0706357384285715 -0.172329131078512 -0.0914476258223876 -0.155611802708828
-0.181076519120797 -0.0315956853998131 -0.0287411409279154 -0.070959455156059
-0.133002914627268 0.146239863904346 -0.0182045175819005 -0.054796716514662
0.0113889768238131 0.159608681191925 -0.00964706620197953 -0.104267690535372
0.0863605984640095 0.10628082556737 -0.0861683280615517 -0.164440212413159
0.138002968924343 0.0555279790570415 -0.166783368883212 -0.161824277755033
0.143964062642992 0.0400818924723649 -0.207393393761681 -0.156595847601287
0.136773508445044 0.0660133390797931 -0.185469531027126 -0.189410378333422
0.0775581393785112 0.132056247074353 -0.0702190809446952 -0.219231037762964
-0.0131983439680015 0.1583907751875 0.0630520737698172 -0.145626719200982
-0.165385639263927 0.137078229859057 0.0313796122146386 0.0177841802240835
-0.189816627344229 -0.0621752120428338 -0.13357173459011 -0.00735171397685333
-0.0327036473917735 -0.195877579956225 -0.203944804666534 -0.246358672898235
0.065989357535983 -0.177691363156289 0.0373752107315836 -0.504838062945643
0.00357051104340674 -0.310394900693947 -0.065441974220967 -0.225491568561901
-0.137882659888454 -0.259151214861471 -0.0810526314048719 -0.127157296582112
-0.278022997324139 -0.0426823088671409 -0.0373159030064671 -0.0854073056876026
-0.21213238419196 0.211671885111619 -0.0381135182121813 -0.0574152212213724
-0.013756543340744 0.246686415030779 -0.0194100562675359 -0.0723556624911938
0.109158570640557 0.188784304501607 -0.0647738848365017 -0.115923767459697
0.203308652956414 0.119084151322975 -0.111589509949128 -0.120212498831219
0.218818332474277 0.0920952121956952 -0.135481400661943 -0.1243364364981
0.213267762539559 0.132335059998118 -0.117281606137804 -0.15162315520865
0.113522494369728 0.235608639359468 -0.022609650868728 -0.174882984648139
-0.0359776455118678 0.268712707855641 0.0861958243696239 -0.103815768617564
-0.270062699745031 0.232825218349662 0.0381902815628657 0.0494862511656642
-0.332963480366691 -0.0694967159913936 -0.145321344424105 0.00882933024352899
-0.12957525070778 -0.32150127882531 -0.210792375135393 -0.197986171054618
0.0400592914945551 -0.351952393044851 0.00304865943318019 -0.401109154804456
-0.0339096805841604 -0.399244617691197 -0.0749865403042504 -0.109574145413643
-0.215221154027199 -0.315094117236495 -0.0487218289050354 -0.0707870534338251
-0.365223202758307 -0.0327750572408325 -0.0320565188875026 -0.10383786620347
-0.264925227344718 0.276612943508539 -0.0615253585830013 -0.06821716824776
-0.0254443654652538 0.314646973216518 -0.0392713349713067 -0.0303280569730588
0.125748954617251 0.249028809797476 -0.0401195638404742 -0.0440107781407488
0.244128901701511 0.165618495175881 -0.0403178799109 -0.0564801897670245
0.261054307650572 0.128655647585152 -0.0422682491941823 -0.0735704470316265
0.25414464529841 0.176864639806811 -0.0284970114462589 -0.0917619617958293
0.129055466825312 0.30238947813184 0.0364795972767886 -0.103189754189074
-0.056482363185033 0.337985466421121 0.107302327007042 -0.0401102404692137
-0.336915937525438 0.293895344131015 0.0473418472986122 0.088297768920502
-0.423886079569991 -0.0686784658305129 -0.138032596247666 0.0370498565881936
-0.199351942036745 -0.398416503728245 -0.192537422585289 -0.116271494966017
0.0124967651590899 -0.465747705874918 -0.0192990223213197 -0.241214016613448
-0.0742536051734333 -0.433774459009605 -0.0790688537887279 0.0422502282191002
-0.277500538396231 -0.326417650459688 0.00908516014086015 0.0118364110611917
-0.415213300677783 -0.00356180194979508 -0.0112917113334072 -0.115061906381924
-0.280222492696681 0.317926009433381 -0.0821634045935635 -0.0733460203947356
-0.0266871579080248 0.344502663463746 -0.060173045219651 0.0244537294179126
0.13011956494763 0.275618516060772 -0.0088219122976081 0.04222373368845
0.25221645061797 0.187812686920206 0.0407562992514064 0.0197348369245488
0.263333607723973 0.145111107187977 0.0571586028710569 -0.0121316618759122
0.251415206900812 0.192647918292566 0.0660432642146583 -0.0205447635909926
0.118266544742856 0.318070783885307 0.0969706415993805 -0.0174860378078686
-0.07025908357423 0.34546791278322 0.121525973462419 0.0342239294784872
-0.342120910698882 0.293314347805714 0.0512248849959844 0.125367418812672
-0.431269163466094 -0.0614788234815219 -0.112520476288766 0.0688718419248998
-0.218928377124965 -0.402068295476147 -0.150225810141823 -0.02294127695645
-0.0141750400940675 -0.4946427592761 -0.0275391650516874 -0.059383614796689
-0.105220421998217 -0.405298104680724 -0.0735909558054871 0.208780048248914
-0.297394048805128 -0.282764134287159 0.0809061780208746 0.109304326700072
-0.396666121080861 0.027571436677956 0.019411696754743 -0.10991564623921
-0.244646666443159 0.303643599953799 -0.0929756663509801 -0.0657943729259098
-0.0221177458081706 0.314126397498368 -0.0730363817593306 0.082953864452064
0.115609266374203 0.255955310498293 0.0274450173725384 0.129826940085098
0.223438815998238 0.179484589252842 0.118493658176563 0.0957931580389222
0.226893796706402 0.139767181483182 0.148503933372009 0.050827723562158
0.206790471493844 0.180351351515332 0.148052498114582 0.0496407839983888
0.0820952438934972 0.279546698569105 0.142206544574455 0.0650159989702778
-0.0790511746013613 0.283731376061281 0.119588607157192 0.101892777431771
-0.285008043391986 0.222694416633495 0.0457045563339151 0.147193488795819
-0.345558304827433 -0.0554501560671803 -0.0806404376672009 0.0887291170240919
-0.181498611054074 -0.332615947811668 -0.0953416300738498 0.054844213398767
-0.0310189236389472 -0.437590399605121 -0.0233073335322156 0.108202816417766
-0.116116552828615 -0.312299447849821 -0.0656899856451249 0.362246633634283
-0.25439882634592 -0.195304123618433 0.1477691772238 0.205022659643513
-0.298518946874414 0.0429906709410966 0.056816006670139 -0.0841557794605753
-0.163808868742925 0.223744560078689 -0.0856025862253942 -0.048803808569271
-0.0188510761748995 0.223089580930577 -0.0755800214287692 0.128569977456125
0.0780074723051948 0.192341607748905 0.0594621722759126 0.201127813825235
0.156748729078007 0.143991220275252 0.180371151340278 0.16077703183186
0.153901485425483 0.114194464583392 0.218227165634706 0.107052547443071
0.131821630075915 0.141516184817893 0.203704367121587 0.111190912523966
0.0321212384629226 0.200153343287946 0.161062717817071 0.129858210296314
-0.0781712026620127 0.176346388048807 0.0980830778913023 0.145105167151062
-0.184583053875831 0.110927611915873 0.0303618811795802 0.143014534436699
-0.201548675566429 -0.044834848924597 -0.0496434164256921 0.0916490231300013
-0.109517989895245 -0.21022574728006 -0.0427229942760157 0.0995457239797269
-0.0448912098208567 -0.31120691430835 -0.00834247568835282 0.234091520973031
-0.107315893651738 -0.166399537748566 -0.0588384174757096 0.477599937037327
-0.162535257029519 -0.0754605590191605 0.194919147403007 0.283031028972207
-0.146264217814931 0.0499464235812137 0.0954586390735154 -0.0473546489258077
-0.0561175872746649 0.102775815907689 -0.0619020072481924 -0.0342183212747507
-0.0150500862880867 0.09212417749108 -0.0731329236993093 0.148692162972666
0.0244538696511073 0.0960980744041545 0.0781123819062406 0.242412028678009
0.0634591550225219 0.0846005018080499 0.216045074897762 0.20258605314798
0.0583076614791652 0.0714776572319319 0.255229429347739 0.147345800177489
0.0411745765686354 0.0837293863306975 0.225409231203179 0.151239800782763
-0.0164688918275119 0.0987957443726658 0.152143463105447 0.16925410514876
-0.0643066618891674 0.0583117023171541 0.063741325209181 0.160496505181968
-0.0699069550910808 0.00350845634541615 0.0120438558955154 0.118344885344008
-0.0525126243541003 -0.0223092076604981 -0.0216146163912914 0.0794479055217341
-0.0406913534846365 -0.0692667649226701 0.00119566421752747 0.112675729900399
-0.056473787749567 -0.14961097904258 0.0146284837789671 0.301967766893158
0.0238678640445756 -0.053598382810561 -0.178590534792047 -0.276033237257185
-0.0378829327230946 -0.0538943850167065 -0.15392867050971 -0.114444478674553
-0.0737318591070463 0.02347938113798 -0.0407352659680978 -0.049488346629573
-0.00623412413772584 0.0878802373245163 -0.0283384559498589 -0.0507685058337205
0.0579027337454469 0.0409762923110832 -0.0623310015270237 -0.113879595902337
0.0548605260492245 -0.00990032515616264 -0.177520991461379 -0.130460836962456
0.043218315408093 -0.0379060764788733 -0.259126166398884 -0.0822124506211068
0.0395077918186467 -0.0360063277912526 -0.296977832647665 -0.0448703769243991
0.0329246767501266 -0.0263125042081042 -0.288672616142919 -0.0889001828286448
0.0305389800020607 -0.00190884745206108 -0.190320140192944 -0.171670179312715
0.0204276153632937 0.0248259524805188 -0.0292618196389078 -0.169846737931462
-0.0291534073881948 0.0434912914073271 0.0257185433631538 -0.0198532405122606
-0.0490218518797996 -0.0342174763561096 -0.0921471438649082 0.0378034382555862
0.0387116397226161 -0.0773707360445365 -0.260885581430452 -0.159418466181793
0.0886021807072225 -0.0209600688437995 -0.152368254367278 -0.527006821773118
-0.0447311592352565 -0.182148749051597 -0.176015839046533 -0.258341912507929
-0.133087594528312 -0.128910891423175 -0.156925556787867 -0.10690265551554
-0.178560024048673 0.0429486368759291 -0.0620305679315636 -0.0426230755741093
-0.0599950744317316 0.186120439100455 -0.037087370233765 -0.0280033048432547
0.0742437979307267 0.14131563224697 -0.0427078399566167 -0.0882902446208668
0.121674469688391 0.0634688119178074 -0.142890002943738 -0.115296205779565
0.148843092477251 -0.00559140707830254 -0.216837193952138 -0.0820448822600112
0.152226385569919 -0.0192390955546982 -0.257408753039791 -0.0554430552110843
0.154990280590731 0.00525046477880892 -0.252414744379954 -0.094951070112072
0.126137387102405 0.0919921766902175 -0.160096329863387 -0.171072250215134
0.052153562123782 0.154696068707657 -0.00913350699921364 -0.163178989370296
-0.0933681217261516 0.195528575941011 0.0262913877080128 -0.00461416787321562
-0.205963870901336 0.0178185758283749 -0.119404504974479 0.0419099930793407
-0.115470071110542 -0.175312139162461 -0.274368653947655 -0.144223372983969
-0.0150885285011083 -0.203233211212756 -0.160218900557424 -0.475918621504703
-0.113987289628094 -0.287269460696373 -0.160811990960054 -0.190352453063938
-0.22709684402929 -0.183753734305074 -0.137595058644645 -0.082500324527442
-0.271913130038118 0.0693805546329675 -0.0780976623472428 -0.0473187625006952
-0.10514508062802 0.275215837087456 -0.0568169015403933 -0.0172073036725431
0.0866139028810678 0.230529659386678 -0.035353200646361 -0.0524789572452278
0.176283273621804 0.130323220502571 -0.100150490193763 -0.0787715454504509
0.235215847540967 0.0273830967536744 -0.146000514921663 -0.0661816071420946
0.242585466483932 -0.000275934431561264 -0.17698946212655 -0.0569742965714598
0.253409061425237 0.0365396794514 -0.174976893602569 -0.0880839275650513
0.202958069304694 0.17389117145675 -0.0995379358361533 -0.148103682140289
0.0752807953627702 0.267938541817868 0.023962826024883 -0.135535984849462
-0.149446900451306 0.327608360685813 0.0367762378636452 0.0174290260664486
-0.342915478759335 0.0681400479395255 -0.124399842276706 0.0561337522808738
-0.25774150181458 -0.252936017086285 -0.255158355707695 -0.100571133786261
-0.115333326109167 -0.355908320512271 -0.138482226069461 -0.365841324299403
-0.179880878464166 -0.356840349498553 -0.127568264049843 -0.0787171141598072
-0.318959924864207 -0.206488517595902 -0.0862870576712954 -0.0417007564052972
-0.347890337324367 0.111876390350022 -0.0814477651664874 -0.0610010295767444
-0.127294706053316 0.355187624119229 -0.0823135273192521 -0.0124994119716334
0.102098397837303 0.298264998371046 -0.0346217909390593 -0.00379869739476741
0.215754132225661 0.179559628038772 -0.0458158923516293 -0.0229976134819879
0.290456510372336 0.0544534394378611 -0.0509294665349609 -0.0368511331360217
0.296117125000935 0.01801559556595 -0.0698184371900273 -0.0487301642191925
0.309127229174456 0.0620071209295132 -0.0681748064057037 -0.0699925095298008
0.244658430815506 0.231185303621705 -0.0163444474987269 -0.106272222524375
0.0847251541102142 0.342346920624791 0.065518676214648 -0.0868375751069897
-0.185347849149358 0.411754360712199 0.0546386486317166 0.0464612401293938
-0.429363368421828 0.106319496566944 -0.106488273280041 0.0751294906713145
-0.353962328526126 -0.295158363198775 -0.201187705531818 -0.0365734252864088
-0.189972727995658 -0.450194271594858 -0.0882429834334103 -0.207538077656761
-0.227456666103613 -0.376734375896219 -0.0716601448961868 0.0641741423392014
-0.37866597351572 -0.194374243254267 0.0013957340195318 0.0124032144919952
-0.382798470952833 0.156158083152706 -0.0677466034737404 -0.0769833134618657
-0.125538402708303 0.397043681604884 -0.10496084661344 -0.00660077931482509
0.112850855083113 0.325480644919559 -0.0303781674140959 0.0557531165171629
0.231030790544678 0.202286668142931 0.0199517860836058 0.044440316443315
0.306091366861163 0.0718943464554608 0.0560144811244221 0.000554563453853819
0.304422704273206 0.0318159616782795 0.048318608439313 -0.0341873763563182
0.313421313076252 0.0783989021109496 0.0479613316987838 -0.0442536284932531
0.24128673131456 0.249894807029792 0.074250303784094 -0.051755548940957
0.0742751276557632 0.355532849323668 0.108014614197002 -0.0243326017077364
-0.191342480497001 0.411425648633067 0.0727456117801624 0.0775481318103469
-0.433109808881237 0.115397344556489 -0.0713397934487393 0.0927933240558688
-0.372210811681103 -0.288455721519756 -0.122966182622601 0.0321591789935044
-0.227449665880387 -0.463603192047817 -0.0200640314523431 -0.0369267776062277
-0.24396481026445 -0.339839141689843 -0.000352414286091619 0.219507408500945
-0.379923520125583 -0.150518618306498 0.11007632864977 0.0727495238710512
-0.352679828023003 0.175983379566842 -0.0352629716436392 -0.0860895998295027
-0.100521578130335 0.370874552489812 -0.112451094883031 0.00243250623936779
0.105750223938005 0.296645704404049 -0.0192038190027743 0.115320082866687
0.210110728705534 0.189854036385495 0.0890186947591569 0.110887852609865
0.276476117435127 0.0765098798674876 0.160317887239146 0.0396361913031174
0.266719717609946 0.0415588811117628 0.159280960449201 -0.0146707528291453
0.266553212860762 0.0847441986801872 0.153847613472987 -0.0149635498411723
0.191779795841404 0.228831525566928 0.151047887405902 0.00386873630631833
0.0412375489249921 0.300598473525341 0.136507439638965 0.0379167459740039
-0.168283885649624 0.32295572578683 0.0816770192355016 0.100049504470076
-0.34769767564503 0.0857869490255372 -0.0341950376337328 0.100143427051395
-0.307354655989352 -0.238346021301273 -0.0447587016449393 0.083940843873196
-0.219103185667554 -0.400211252585922 0.0486145219005489 0.115242335320606
-0.216908706052182 -0.249531416853331 0.0718673032633246 0.361363595866456
-0.305917002655887 -0.0869966779137421 0.214515237326867 0.13350776097595
-0.2560814622584 0.152407799243921 0.0111232762689819 -0.0827057452223244
-0.0602921129006948 0.266556607565691 -0.100025494000286 0.00863996833633598
0.0719868330248155 0.211454347393643 -0.00749749022922334 0.157939506171861
0.150517024604774 0.145820214342578 0.146657928878496 0.163583826771468
0.201233485524243 0.0709237563208027 0.243121604166945 0.0742500578999211
0.18878664582783 0.0463538161094708 0.247177252042209 0.00724566787462149
0.180457769492999 0.0804129676153599 0.230896445022827 0.016753810404105
0.112251800218677 0.175168809488422 0.196819514666108 0.0543077818862975
-0.00192097621861679 0.199073820534821 0.139125994564508 0.086833069396816
-0.123705916838339 0.179032493470047 0.0753042996611149 0.105617030012472
-0.207048811627094 0.037816239659721 -0.00516562683716742 0.0939431264868485
-0.188760188587792 -0.153162230015862 0.0149235993588683 0.107055846284319
-0.17610603334722 -0.273486400330161 0.106256478925052 0.223302218883784
-0.15349516827266 -0.11823355800399 0.128275755136694 0.468631849698554
-0.175154669945525 -0.0129154863444366 0.294449852668944 0.183069120629463
-0.114557573961397 0.100095370446503 0.064357184802183 -0.0730499557051167
-0.0116995384228814 0.114712595716052 -0.0743524725596033 0.00366076613521958
0.023343993317517 0.0903378024317329 -0.00258599770972273 0.173940870218208
0.0624561256040085 0.0781759291942604 0.177568632928421 0.193389413390756
0.0919346741141266 0.0540463208210624 0.289013236524484 0.0982920342080403
0.0816787910720955 0.044225484628347 0.298056932558811 0.0279602312418551
0.0720692352132472 0.0635006054376148 0.269617541076457 0.0448679891743757
0.025537016505324 0.100242502115733 0.207019862923491 0.0914499675018003
-0.0372932641822812 0.0821501951276511 0.118756082105226 0.115481966532113
-0.0636798991072322 0.0321857517574373 0.0575925758188527 0.0944598755601553
-0.057971377401952 -0.000963352771701329 0.0158093210395698 0.0770081418589341
-0.0640624186160365 -0.0485486259819565 0.0523122513245899 0.104139041726503
-0.116851994135236 -0.113785819539572 0.144830741713062 0.273907905052811
0.0225820207800658 -0.0557445864205944 -0.184338524703834 -0.28383547581734
-0.0413942185543582 -0.0558508950511322 -0.163216660077715 -0.117253423240402
-0.0757400396984694 0.0271800359748847 -0.045261056414605 -0.0481650608812403
-0.00274539566350939 0.0912839097808979 -0.0280337188547645 -0.04749657881466
0.062101944778521 0.0396747898042906 -0.0615549290844742 -0.115259994193484
0.0566393072466731 -0.0125108595600258 -0.181759636488301 -0.133137039651073
0.0449143642994388 -0.0412909368699601 -0.268655322328121 -0.0826188243373366
0.0402540845246503 -0.0390619770021939 -0.306926411559244 -0.0433911034033993
0.0342798286308416 -0.0275277614588984 -0.299131991096843 -0.0898550558678232
0.0321523951614584 -0.00290737695901461 -0.198988056004075 -0.177683754680132
0.0224173516540701 0.0253823932735865 -0.0311960446546746 -0.17872484393346
-0.0283336176145878 0.0464679336684966 0.0299585176591687 -0.0228367207495927
-0.0510393169920382 -0.0333156176952611 -0.0895917108750903 0.0395020347687006
0.0363042389868832 -0.0803591638351622 -0.265852618068444 -0.160937859201031
0.0900811776418859 -0.0230516329737707 -0.160373350103847 -0.540357799256208
-0.0478544282855352 -0.188261616025156 -0.181332815546821 -0.265255680696567
-0.139076108854095 -0.132569250549969 -0.165623729433741 -0.109072474090032
-0.182444054358887 0.047801865896869 -0.0665006869076672 -0.040450309193805
-0.0565965508169953 0.19217490398721 -0.0369586962325763 -0.0239060393484295
0.0800227785530694 0.142521076605964 -0.0407892494229747 -0.0904577181712582
0.125643776482177 0.0628497126926395 -0.146477976037172 -0.118818982837521
0.153332795555644 -0.00941129245951895 -0.226074448857244 -0.0835798324361871
0.156000324773587 -0.0230840800028967 -0.266169814548702 -0.0550253024845833
0.160824997430648 0.00291071478554387 -0.262753985706565 -0.0965062001380328
0.13217567348539 0.0935923995931426 -0.167681946650385 -0.17753856746605
0.0555536565079124 0.158845773575466 -0.0106718591455224 -0.172886850047002
-0.0920908935573517 0.203482633936208 0.0312959869995273 -0.00808830967955827
-0.212246783216505 0.0197815286489046 -0.11764729760887 0.0457295769618262
-0.122995813211772 -0.180999895748997 -0.279624923512216 -0.144726335580999
-0.0162068446278258 -0.210167348848859 -0.16747861004083 -0.487404397727089
-0.1192400886602 -0.297057840901045 -0.164388419917222 -0.194940878743155
-0.235798460516796 -0.189380272553699 -0.145379016425469 -0.084390088309837
-0.277563105793339 0.0743150900840615 -0.0819467622053897 -0.043994254139961
-0.102918824786323 0.284065585209648 -0.0565726043960926 -0.0119802242979224
0.0931403916386015 0.234223504189554 -0.0332442892521738 -0.0547369658406584
0.182678549243032 0.131744211957766 -0.10167570267312 -0.0814933420207926
0.242389946818876 0.0239330973289765 -0.152641287800976 -0.0682385676257232
0.248696906980468 -0.00442627699262872 -0.18408124040938 -0.0574440028957039
0.262311537966141 0.0337105587885796 -0.183450904329414 -0.090220824111676
0.211819878317541 0.177673103586736 -0.105569746635285 -0.154803479922419
0.0794840045510783 0.274720730196376 0.0222523143555054 -0.144406449401997
-0.149028354278818 0.33949601458758 0.043429429466787 0.014101824624492
-0.353277190721313 0.0714908307497017 -0.123120509482098 0.0618690783172061
-0.268102222717229 -0.260551282468728 -0.25932373177905 -0.0989095129546185
-0.119111888362482 -0.36711583678423 -0.143720079669831 -0.372592781672544
-0.186980307967767 -0.368337359094524 -0.129067726395673 -0.0798592390940775
-0.32937080917359 -0.213572462545008 -0.0910846751263975 -0.0430405248966747
-0.355090284899599 0.118316321042916 -0.0859218117032184 -0.0576892524210176
-0.126199302521975 0.36578906884353 -0.0831388613484373 -0.00683740219703062
0.109332238498078 0.305067633156181 -0.0325856850053548 -0.00452573517089915
0.22396052049268 0.183097802369462 -0.0454060786153089 -0.0242742553966467
0.299414344778348 0.051727213843054 -0.0549248136003459 -0.0390679266845371
0.303421071230489 0.0138620625526237 -0.073182541421575 -0.0506544920608697
0.319538544571736 0.0588729025875036 -0.0736922981147908 -0.072646074642697
0.256258948208316 0.235667293967784 -0.0200561308701751 -0.112176262028612
0.090574383080596 0.351609642684605 0.0644923554520194 -0.0943774989444316
-0.18471452694832 0.425421582822653 0.0612415287802318 0.0426408607093751
-0.440650573102806 0.109158920022096 -0.104482062254894 0.0806871166916848
-0.367034705299612 -0.303831443271956 -0.202806698103301 -0.0325025844213605
-0.195553258952032 -0.463724897409747 -0.0905452742556081 -0.211946571285988
-0.234883873526613 -0.387230821923477 -0.0715172524430648 0.0671115298243466
-0.391218989921574 -0.20167780189823 0.000133690872323229 0.0117626034563466
-0.390470616272417 0.163316858718209 -0.0716331228305628 -0.0748279254477141
-0.123660028154713 0.409417595565521 -0.107254160006502 -0.000552833656186857
0.11960495718074 0.334347015526766 -0.0284017890880383 0.0572298553384725
0.239858654932277 0.206909494838142 0.0229130197887944 0.0456090319121086
0.315507194825977 0.0699275769735376 0.0568466392415453 -0.00165683725715932
0.311504272300016 0.0285528955108555 0.048944785229504 -0.0373804538384742
0.32313013384269 0.0766308994641636 0.0469973592943949 -0.0480564948140608
0.2522906146371 0.256011770655044 0.0738646006867627 -0.0573523526857063
0.079484797663025 0.364109550768443 0.10784960041227 -0.0300139283780705
-0.191878667358895 0.426613723223738 0.080233899158582 0.0733353776476663
-0.443734985624939 0.119227981601584 -0.0692664150620346 0.0973179101133162
-0.386279696917018 -0.298708748895973 -0.122533818019399 0.0373902264058853
-0.233364517447482 -0.477010481845972 -0.0191665693368059 -0.0368377292336344
-0.250606524128376 -0.348658663773531 0.00266879537741198 0.225754942244861
-0.390265999935454 -0.154751330294807 0.113025131051695 0.0734023194731515
-0.359411381258571 0.18266167757235 -0.0388037437598666 -0.0839597444543497
-0.0987549194421801 0.381299244297916 -0.11627997250946 0.00904461972773239
0.111489989797024 0.304664943349433 -0.0176350184448963 0.119820963408642
0.218136942608654 0.194770301524653 0.0953575018144788 0.114406959853948
0.28543769863229 0.0761521194583502 0.164664833982103 0.0372364465792752
0.273259818035689 0.0398856804749944 0.162969692102865 -0.0178669810082562
0.274811596720959 0.0838535092477876 0.155463227552284 -0.0186316625635625
0.200949300374977 0.234939455633141 0.153597798910913 -0.000139619103068831
0.045037723988742 0.30891057685233 0.13780370141547 0.0335974883207077
-0.170918074503501 0.333424973004695 0.0877781698164583 0.0965020088470305
-0.356327281755387 0.0881121096953149 -0.0315867109268638 0.103687408255542
-0.317829482454113 -0.245888963375934 -0.0413779201745083 0.0896819130798292
-0.224433351205244 -0.410263999417698 0.0532245723144795 0.118086648990691
-0.223229632591979 -0.255619126890685 0.0764640940348673 0.371157053805316
-0.31313656711639 -0.0892599411704479 0.220742648377318 0.134321763265564
-0.260002166489307 0.156986558843671 0.00851893344541529 -0.0821766722857442
-0.0597256299808276 0.273539360717896 -0.105865059531037 0.0146195180900894
0.0757309963495347 0.218098904022769 -0.0061341727438987 0.165502191512128
0.155866066560134 0.15054954854679 0.155318574354973 0.169202053599185
0.207561334078249 0.0717753669025505 0.250955692661777 0.0731041635552245
0.193264511584843 0.0467957395654471 0.254506798912383 0.00370617485087082
0.185667394965124 0.0806942099988219 0.235688390478869 0.0136511538644949
0.118115366481372 0.17997525943329 0.200780760699723 0.0515977026616622
-0.000477329731282566 0.20519835878483 0.141040892379965 0.0845847058993462
-0.126198284530484 0.184360147830339 0.0798730911334178 0.101872911749333
-0.211422333162244 0.0383489175122442 -0.00269308152673605 0.0954470370773136
-0.193635254250373 -0.159340057207603 0.0192234721717866 0.113299826702504
-0.179930879324579 -0.27970918427808 0.112379597311281 0.228821392286189
-0.157759716172063 -0.120245313266069 0.13294011554007 0.479526191295023
-0.178386415397469 -0.0130619417111201 0.303739673458935 0.185409043791203
-0.114522837189607 0.101874780178931 0.0625257166300804 -0.0732606665656829
-0.0121243604947793 0.116814970243852 -0.0803530021505207 0.00784019780034494
0.0236565687921487 0.094407455196605 -0.00205361239130835 0.182793919136981
0.0651336502448722 0.0813474298248124 0.18721017362712 0.200494672556904
0.0947241084522619 0.0559943136308227 0.300011526213543 0.0984599996606301
0.0835665894157154 0.0458819165619013 0.307345869121713 0.0251243798020262
0.0739324071526309 0.0655973419665809 0.277245275834496 0.0430693174153185
0.0274213395066707 0.103812683690103 0.211768050962532 0.0910749490309141
-0.0382469661003518 0.0854132049590796 0.120330041264466 0.115112047739294
-0.0671506915234052 0.0325406011529179 0.0602364882833574 0.0908915412591602
-0.0585617196956731 -0.00288820012071733 0.0180379949132864 0.0764454972434722
-0.0640966371559966 -0.0520060415605809 0.0569123062369129 0.109404938485774
-0.118498187492111 -0.114940917610761 0.152218534758061 0.280644208344242
0.0193857588031235 -0.0578649823814862 -0.196379657108869 -0.284328281402364
-0.0460965728784596 -0.0550605979637158 -0.175014761597694 -0.113906791434091
-0.0759320365850036 0.0326753577691739 -0.0504425693484789 -0.0442680501627048
0.00280288179331001 0.0935580280051972 -0.0289103516015416 -0.0433240932393802
0.0665404030806997 0.035843538846561 -0.0642165174821049 -0.114083246905349
0.0569827329286325 -0.0167654956367041 -0.189335431499458 -0.128534430634318
0.0440672676071091 -0.0459409952039306 -0.277479619834894 -0.0745660442736192
0.0393532157605065 -0.042946335971042 -0.315088152564185 -0.0325123740623324
0.0354335992861144 -0.0305176503209484 -0.310053387038047 -0.0806041249226644
0.0335346740463253 -0.0043651518010009 -0.211732697628833 -0.175666628499414
0.0248151831661482 0.0253106071064016 -0.0384254578036416 -0.185734135943728
-0.0254963729141032 0.0500402217413661 0.0330711022620735 -0.0270760917674625
-0.0542852893465633 -0.0309077393560535 -0.0843460825676871 0.0425661937011702
0.0314755620789473 -0.083253739694888 -0.273799825420066 -0.154009689410057
0.0898035962732019 -0.0275445172622011 -0.183505626574929 -0.542117275998919
-0.0564193825516096 -0.191226834053814 -0.192214337202268 -0.264490506338598
-0.148821015303871 -0.131375173295687 -0.176049803501895 -0.10530463065303
-0.182713616857245 0.0570928722256406 -0.0703588130164478 -0.03604565100067
-0.0471953016967179 0.197993154823924 -0.0359370956437798 -0.0190925078767057
0.0885393876918783 0.140143945091901 -0.0420154059959907 -0.091138272278549
0.130469769403044 0.0580740719188347 -0.15254015905911 -0.116445334273412
0.155945976350366 -0.0172208221931857 -0.234860353195051 -0.0771597271464678
0.15760719089119 -0.0313653163758323 -0.274417966461884 -0.046047669389274
0.165197233968476 -0.00466306255098683 -0.273320568670306 -0.0886275453667152
0.139639204315092 0.0901612048181951 -0.180309621386842 -0.177989926990591
0.0625088613014808 0.160303815110684 -0.0180544527973786 -0.180479516078449
-0.0846151258178333 0.211665774145596 0.0362724134576405 -0.0123184166455264
-0.216114733416293 0.0282936256538744 -0.112378014294183 0.0521928362981322
-0.133527522486145 -0.180995086073606 -0.287112959830331 -0.135419414508876
-0.0236227491819051 -0.214799590450455 -0.187989180597716 -0.488743417673322
-0.131960140107067 -0.298954275210893 -0.172478871135458 -0.193727671027921
-0.248999438712974 -0.186865145151944 -0.153748878299554 -0.0806699954576332
-0.277734822038601 0.0870809794951386 -0.0857593000834502 -0.0385440726032302
-0.0913289594494406 0.292721586444977 -0.0553307987588424 -0.00587345675498836
0.105058184157988 0.233785682768905 -0.0333317921318017 -0.0558533764221708
0.191216723587464 0.127420398181529 -0.105517113647407 -0.0806379996140105
0.247463159482747 0.0133625955687345 -0.160316894355616 -0.0653197298905717
0.252146901392372 -0.0154366929826319 -0.191327294291553 -0.0521778163069738
0.269002957207517 0.0217195467534665 -0.192665615153596 -0.0854451594523552
0.224472145528058 0.173655401419456 -0.116409112760301 -0.157319964256933
0.0915322734936539 0.277248373532396 0.015842437910655 -0.152229490363469
-0.137043271396766 0.351368617313916 0.0491081897221181 0.00840875536162274
-0.356273652148697 0.0844271176213098 -0.117947722725874 0.0689330716808282
-0.284602047066209 -0.257701948567663 -0.264596703906774 -0.0893130543738499
-0.132376560085645 -0.371159361071347 -0.159538475451009 -0.372413358464245
-0.201973307378159 -0.368862064096652 -0.132026788038628 -0.0779520275399306
-0.343370700988609 -0.208299737998791 -0.0963907822296286 -0.0408767236788733
-0.355046655022719 0.132991959045591 -0.0898237955031453 -0.0525060541889864
-0.111510941901526 0.376278113743918 -0.0825939273683388 0.000777760067897505
0.12443751879448 0.305028065001348 -0.0311684449660999 -0.00536809669403358
0.235379553921444 0.179360999237703 -0.045674084377161 -0.0238927633991509
0.306935802693671 0.0400270539243594 -0.0591131025216721 -0.0392129140078914
0.308038143857376 0.00130737734963931 -0.0773954970710331 -0.0499363348994348
0.328081713509464 0.0457942264461518 -0.0805525196251096 -0.0716457757301722
0.272639446121382 0.230047083526635 -0.0274660416893938 -0.11672523215642
0.105237534934107 0.355370476178747 0.0595975341427196 -0.103182761617104
-0.170744154293468 0.440677834165812 0.0681720843197193 0.0354407076635481
-0.445570338097387 0.126638423168887 -0.0986152548945904 0.0880445905859992
-0.384402645822187 -0.299394701872063 -0.204439132339891 -0.0235464306637744
-0.212853622476032 -0.464853703483125 -0.0980213001585584 -0.212195997786009
-0.25267033773449 -0.387748336260988 -0.0682881105784029 0.069464377366755
-0.406909948453189 -0.193097219025317 -0.000892251245015858 0.0113321015742545
-0.388964879987654 0.179926244129005 -0.0760853636362384 -0.0701010919822263
-0.110924818797071 0.421931159110881 -0.107792442145725 0.00851726285988823
0.135491930054632 0.335778673231595 -0.0258312199096354 0.0590566275287144
0.252999476088764 0.203569900221353 0.0277888144902414 0.0448131856131669
0.325027917819926 0.0587830336976267 0.0562352467806606 -0.00538094576243695
0.317181022683996 0.0174535502567505 0.0475915036498956 -0.041121043245915
0.332049595670264 0.0631921263627302 0.0429523533288143 -0.0508897542769552
0.26955262169199 0.250973949420148 0.0702693537723933 -0.0643967010161921
0.0941571889053998 0.369333040414378 0.105445564702525 -0.0390365283448181
-0.17807972354525 0.440619638116593 0.0869492963685597 0.0648154530383669
-0.447382811500236 0.13436081405665 -0.0631558563250333 0.102956614582785
-0.403691948713098 -0.293044120305047 -0.119238848939779 0.0451055925838437
-0.250822321181436 -0.47798951522685 -0.0186113400406329 -0.0371402545190129
-0.26519924769386 -0.348169700035443 0.0120631841865559 0.229171935741865
-0.403173669170864 -0.146666290538502 0.117248688836343 0.0695848270074736
-0.356472748755484 0.197277206967397 -0.0439862472421621 -0.0812881923779807
-0.0869606507680824 0.391125753898828 -0.118104782338243 0.0185903523129059
0.124542784738237 0.307049823325667 -0.0130461283246235 0.12304060404599
0.230590444500223 0.19252110900237 0.103731519944204 0.113441034713049
0.293418254003865 0.0671366714192558 0.16852946182662 0.0306778821957409
0.278944889330234 0.031080224352864 0.165197940579578 -0.0259473259584349
0.28248017083623 0.0738641044821222 0.155411029398442 -0.0246942208058416
0.215876396788145 0.232668376568897 0.153629074678067 -0.00867641969392816
0.0565023685519186 0.314014964355843 0.137702890083765 0.0259985814010082
-0.16068149460224 0.345857170411827 0.0950839386869538 0.0883964869822802
-0.360007858080288 0.100256088207305 -0.0254751799223197 0.10688127036142
-0.331602601425125 -0.242690499521972 -0.0350320096211499 0.0950064879666818
-0.23878854461077 -0.410301951086195 0.0603487563799496 0.118334135206692
-0.234172891204544 -0.253222364567142 0.0917532149515159 0.374211868101271
-0.320789194200087 -0.0832688986493517 0.230117068827771 0.126841925585524
-0.256489839064733 0.166508273281141 0.00338379829459314 -0.0811125407217218
-0.0510770825681433 0.279533940886528 -0.108449992865775 0.0239079751745797
0.0843951961941871 0.22057923587317 0.000325257448700094 0.170397777294836
0.16508183902925 0.149137785116642 0.167518516402369 0.167802742422975
0.214045334695063 0.0659029074533815 0.258999526992864 0.0637746737349239
0.197800588762007 0.0415017075524851 0.259327927010962 -0.00716114787986012
0.19183054314442 0.0749615551069988 0.238547058092174 0.0047016943931281
0.129395311450114 0.17961654196492 0.203970998483034 0.0430921165404467
0.00635408706602469 0.209620053237413 0.142872690883594 0.0778777081909238
-0.122135802997157 0.191653410923503 0.0854277938247159 0.094010201015233
-0.212990006393103 0.043820981385803 0.00227714587682398 0.0963888989762407
-0.201162366828213 -0.158105207583938 0.0271612275019634 0.116955361138103
-0.189773636006872 -0.278271225254835 0.123821722911236 0.228127259503588
-0.163274473136175 -0.116029894459938 0.153930066657937 0.484082123569792
-0.180545242319044 -0.00843677599308635 0.315173560826186 0.174499469428838
-0.111421969140066 0.106104740019649 0.0575187833819346 -0.0748033295753833
-0.00928455551683569 0.118531623869372 -0.0843078028477763 0.0153796539655719
0.0265767814698615 0.0967943102055156 0.00429052272414113 0.189928883322125
0.06957745261064 0.0818801396827494 0.201481037413053 0.199587004956797
0.0990566575824222 0.0546190408942622 0.310833277353915 0.0881044161764892
0.0864274285470623 0.0453862750120256 0.315255796192833 0.0129723646649379
0.0771465233283656 0.0647215800171111 0.282579401080559 0.0323500220661875
0.0322515432794887 0.10594410608625 0.217385347600966 0.0839024663190878
-0.0362374390050047 0.0892619111593448 0.123855229236589 0.110613071617698
-0.0683517986417867 0.0344451817713839 0.063581433164052 0.0840862161280946
-0.0584141233185014 -0.0027854566578751 0.0222206345925797 0.0747154042472242
-0.065317984293891 -0.0526804561413551 0.0650141274619147 0.11165132145218
-0.122723254936141 -0.112301257830729 0.165981680309896 0.279414340923122
0.0153177771406963 -0.0578287861515562 -0.205099409026014 -0.273561163083016
-0.0500848414143341 -0.0519398286126216 -0.181980289999646 -0.104053780065506
-0.0726826812224013 0.0380679736328672 -0.054331543807064 -0.0387589010613457
0.0103809403346901 0.0927192934500248 -0.0285187461348602 -0.0378997338027746
0.0686243054195516 0.0300342282256601 -0.0657492271824146 -0.108950696822763
0.055635295903147 -0.0204764882731259 -0.192441222275494 -0.119488389171681
0.0414311706493249 -0.0495042607188598 -0.279775682380036 -0.0610316416590329
0.0365635084299011 -0.0464649748616528 -0.314571432564476 -0.0176040882098959
0.0346900763995114 -0.0324019312134977 -0.312272991265244 -0.0663944652788483
0.0336658465211193 -0.00586979722937335 -0.220418689363638 -0.167160305884225
0.0263657243323363 0.0244182466942151 -0.0472032283051381 -0.187060359993667
-0.0214388480834197 0.0516095888146796 0.034935900804196 -0.0317371775407109
-0.0559811505869789 -0.0268736216908542 -0.0767446610899096 0.0438901889114779
0.0253943525761363 -0.0832152677713609 -0.274396399302781 -0.140413964250135
0.0872523918116877 -0.0320824757677889 -0.203704445847602 -0.527029020934498
-0.0646739817596451 -0.186979640274623 -0.198731400253931 -0.254816436640634
-0.155014131665372 -0.124373384050736 -0.18225600252068 -0.095649737324796
-0.176230350483943 0.0660761700286625 -0.0728804237772528 -0.0302213902302265
-0.0351343810703868 0.197757213209043 -0.0338005071809363 -0.0138880470783132
0.0950456672837442 0.132469112525103 -0.0435863274312666 -0.0890264583481251
0.132308322505504 0.0509215476065036 -0.155628292958807 -0.109622532732873
0.153724370435836 -0.0260417794806601 -0.237918495493031 -0.0666496533470651
0.153536410568202 -0.0398482832479039 -0.274722789689526 -0.0337912056172529
0.163980868175482 -0.0139162263341184 -0.27732306159582 -0.0756760074935942
0.143582740828589 0.0833166492251014 -0.188900594601174 -0.171235756315649
0.0699475177964053 0.156460700855519 -0.0272273274494378 -0.182385034277982
-0.0727466279397281 0.214134094029609 0.0395998165089596 -0.0178550343283521
-0.213427542841758 0.037146261407509 -0.10366071320585 0.0560736790103422
-0.141915453878404 -0.174465202766788 -0.286588936057983 -0.120709093919124
-0.0316270366170546 -0.212922876913347 -0.205488908885103 -0.475629643921724
-0.143592260493706 -0.291280834750831 -0.176582153736699 -0.186088237316058
-0.256670038955649 -0.175928103826986 -0.158146976639728 -0.0735934086902873
-0.268739319093627 0.0990350546188292 -0.0868765633892063 -0.032386239937233
-0.0735681756453915 0.293688665379621 -0.0523594808406243 0.000415142141613004
0.115641666560981 0.225549047092113 -0.0344030039315156 -0.0556980277994944
0.19582643911719 0.117383624326737 -0.107211196087104 -0.0767491858888375
0.245185258846263 -5.50581473001506E-05 -0.163356999528253 -0.0580567071518002
0.247628510526002 -0.0279521504888751 -0.192469752741011 -0.0436400123505413
0.267221678487487 0.00766093417468135 -0.196766346617565 -0.0763430151899871
0.232496143763556 0.16184906981722 -0.125375073210465 -0.153974832335995
0.103203039281756 0.271465871501456 0.00696491743072451 -0.156173840159233
-0.118140508408967 0.354417018801615 0.0531899591743263 0.000942313662560792
-0.350343819665769 0.0978049555338377 -0.108256971723022 0.0740603015880677
-0.29324686029908 -0.245644663113143 -0.26210172515215 -0.0762998673143917
-0.144522623327051 -0.36324721119517 -0.171159840783822 -0.362373883946764
-0.214200666169367 -0.356756309789902 -0.132358981917446 -0.0731825903602043
-0.351267854520766 -0.195401436583282 -0.0994945377505724 -0.0372237245188427
-0.343172049797837 0.146246937900606 -0.0913331911191844 -0.0455504465631658
-0.0929436470321022 0.376057544487098 -0.0792583899558936 0.00819931853736171
0.136959686433327 0.296087369444182 -0.0301283978820565 -0.00537736980418016
0.24268990054275 0.167118341238455 -0.0446576260467861 -0.0238034203935064
0.306455049605933 0.0240272899740678 -0.0619649581579174 -0.0370948274261495
0.303850038010566 -0.0131821671491013 -0.0797889797968745 -0.0476715980078479
0.326031970353217 0.0290002738462069 -0.0850138355166078 -0.0676746915387297
0.282003674677961 0.215789576218911 -0.035368981473361 -0.118159490527338
0.119875381494794 0.347499100691866 0.0511443060256131 -0.108291836785302
-0.148039308890973 0.444015595123962 0.0723783528656116 0.0258809180428059
-0.435447243365991 0.143021775422647 -0.0888311462028063 0.0923022681917647
-0.394694854664906 -0.282430164947175 -0.198900960673036 -0.0129209359592672
-0.227593729768039 -0.452561874038023 -0.104244384442881 -0.205625879424654
-0.264673904582447 -0.373972191436102 -0.063164151455986 0.0703305336416933
-0.412130479666342 -0.17823505272371 -0.0020312350144224 0.00912595119266414
-0.375597212035496 0.192963378427896 -0.0788739679537848 -0.0633063581153619
-0.088325910442271 0.421509823264559 -0.10460923641452 0.0178089339880272
0.149682538969663 0.326849811785561 -0.0224860714321768 0.0580148068366045
0.26072605448607 0.191663228184261 0.0312760596490956 0.0418881583630555
0.324237515876516 0.0434358026863972 0.0544773908335454 -0.00906536755066177
0.313865983374491 0.00318671552473015 0.0443181868180438 -0.0442258238432273
0.33074093170418 0.0464374589524121 0.0382046142483477 -0.0530996154742256
0.280277026026223 0.237192966333451 0.0634498915162767 -0.0698893065332086
0.109884810022724 0.362176212299019 0.0991122237410166 -0.0464418290140946
-0.154187486295869 0.445462344939131 0.0906369153334005 0.0538208217223894
-0.436948339362477 0.150333834539588 -0.053929212291475 0.105360717108759
-0.411900360053884 -0.275740803147146 -0.111823959496977 0.0514452276816069
-0.26498814294209 -0.463071747908642 -0.0182356240426755 -0.0364087613047704
-0.276103715061014 -0.33324524511211 0.0217764440009567 0.224630817388314
-0.406425192442708 -0.132616618163042 0.118300466311605 0.0613889871303283
-0.343124314683297 0.207849707096151 -0.0474080321808479 -0.0755050680042147
-0.0673943112913413 0.390548597258654 -0.115633722388856 0.0286223265749811
0.137152469770429 0.300023900215994 -0.00720180718180655 0.122743808088888
0.238125709475589 0.182843202570002 0.110644405611138 0.107017377704413
0.294566623512289 0.0535870403514064 0.168289973938221 0.0218107099186225
0.276360211231317 0.0189267332846917 0.161770020245693 -0.0345609224152096
0.282324502275954 0.0593138982616248 0.150774531900803 -0.0321231523388407
0.225401033075717 0.220898666178475 0.148986400389785 -0.0183730211406012
0.0702216798564637 0.308870606979694 0.133458617979397 0.0172863432577332
-0.143162372634402 0.349213009700449 0.0985552742491753 0.0762358321191714
-0.350375962920747 0.112188978261707 -0.0188689179521152 0.106436440110936
-0.337235484930489 -0.228988054600588 -0.0262537964646129 0.0977184692994339
-0.250762317569792 -0.395844508865567 0.0663993411787538 0.113497416290519
-0.241201420989828 -0.24119931369236 0.106150444498137 0.365820811022714
-0.320498968424853 -0.0722494319815111 0.232053246433613 0.113409841459041
-0.245341849141352 0.173122651979352 -0.00181792040952184 -0.0779002266725205
-0.0389657391246327 0.277985664361067 -0.107208747245948 0.0329870368440755
0.0924803504647328 0.216632829786976 0.00785719577694312 0.170641204640217
0.171404824187523 0.142891236287832 0.176794573634201 0.159968791554483
0.215754103006643 0.0568559741408153 0.260195470673917 0.0503740430267033
0.197157969678677 0.0330338754680183 0.256687730756833 -0.0198031776110486
0.192171893771309 0.0656530515150822 0.234957519268948 -0.00637328798083054
0.137176297433797 0.172789885907305 0.20145801062638 0.032042950934491
0.0152611691059669 0.208299416358901 0.141278543044345 0.0688233333937695
-0.112990404824649 0.194452525637536 0.0881199535166463 0.0829892123749168
-0.208140113035571 0.0498881975138336 0.00788215619611848 0.0941876917947226
-0.204539290338633 -0.15067033185493 0.035833386374474 0.116743619411412
-0.196369480106345 -0.266473729759143 0.133589300650444 0.219434661325461
-0.164936439077358 -0.107209232805709 0.170608002561802 0.471906898229447
-0.177784322344769 -0.00295973501408144 0.318580694273556 0.156679213680689
-0.104260856186756 0.10681893427587 0.0515814951004418 -0.074656738559087
-0.0050219574829759 0.117276848648121 -0.0849532709242323 0.0235869688070763
0.0292261687056254 0.0962724736239482 0.0131955468647959 0.191366567981728
0.0730400382373224 0.0795318529427792 0.212256119326706 0.190625591385661
0.100960162889562 0.0510388487766664 0.313946257776178 0.0721464552083819
0.087806794773071 0.0427217849698786 0.312929436595719 -0.00268138439466012
0.0782988552011971 0.0618833984924752 0.280330959072305 0.019727039057023
0.0373669770938821 0.104065310178872 0.21708886412283 0.0728261587533349
-0.0327411176476868 0.0913622211965911 0.124463840579783 0.102146163014419
-0.0677931170008124 0.0366917585287895 0.0651076463934963 0.0744925676412269
-0.0574951163537447 -0.00239085884837441 0.0254172506713332 0.0706845063405941
-0.0655124500355146 -0.0517072358995742 0.0722160580846351 0.109524088767883
-0.124299429643734 -0.104345894822217 0.176404015739493 0.268505376845775
0.0123607129516821 -0.0560907516300681 -0.203901371957913 -0.261367615799257
-0.0515311848805493 -0.0484759970609628 -0.182424648761865 -0.0951599365791044
-0.068615270841314 0.0410223558519441 -0.0554103978910793 -0.0335842255983284
0.0145308146004801 0.0894935395978335 -0.0268243942480697 -0.0326075228044804
0.0683484814920822 0.0250829231952625 -0.0637081455279715 -0.102782337469653
0.052649958114706 -0.0225440581979285 -0.189483764087268 -0.110788793877356
0.0375598462458984 -0.0508477200491244 -0.273956426767735 -0.0522749492112824
0.0331665302134268 -0.0478036629891975 -0.305965335704621 -0.00908630156863396
0.0339556895212373 -0.0340066831405994 -0.305963111308953 -0.0561564346662253
0.03361328657281 -0.00661582164138071 -0.220882583102793 -0.15874911297793
0.0271371180014526 0.0229088868173742 -0.0518789730507841 -0.183953644032066
-0.0177950788841705 0.0514862581399312 0.0363704542785064 -0.0347916330355372
-0.0557331953188056 -0.0231834074243274 -0.0686810904803377 0.041523588308751
0.0207174793388221 -0.0806949203429865 -0.266680246286613 -0.13023399188508
0.0827654472134413 -0.0339675148283363 -0.20916785759088 -0.504228649836989
-0.0678660143067004 -0.17958616351252 -0.197846764578897 -0.243863463882289
-0.155345888936169 -0.117044889456122 -0.18168709294169 -0.0876709272261543
-0.167197294917072 0.0700251180032998 -0.0718233621064714 -0.0250785100191172
-0.0261195691430522 0.192314391117418 -0.0302900066037239 -0.00934836237211307
0.0964808239141615 0.123939095079779 -0.0428875558625187 -0.0855881810898242
0.129182731758224 0.0456296879788501 -0.15378998427823 -0.10302832564378
0.147359958701942 -0.0313744916258224 -0.234560532235982 -0.058564300489658
0.147057385145263 -0.0446068457531343 -0.268337181908518 -0.0252418089635435
0.15947877864335 -0.019327331835235 -0.271845225466856 -0.0664268519536384
0.142701518107033 0.0765327674681362 -0.191205144615322 -0.164181345710788
0.0724463060274601 0.150155267171211 -0.0326979389684958 -0.180297739596319
-0.0632740870581688 0.21022065948567 0.0413119820992771 -0.0228241287409356
-0.207102560504995 0.0417223898308215 -0.0935887119184494 0.0562618802403805
-0.142819394607259 -0.166502216679065 -0.277972422046604 -0.10941003423206
-0.0354805979060666 -0.20736881596216 -0.209956593617859 -0.452934658759862
-0.145454818567695 -0.27898626816771 -0.17415149472661 -0.178044856980907
-0.255337463263561 -0.165823514125851 -0.157965459824418 -0.0676012160085793
-0.25564636918843 0.102583339865182 -0.0859050221066125 -0.0273351653100755
-0.0617651170274628 0.285158260094832 -0.0472474501606716 0.00491375978945197
0.11872031217325 0.214509759052628 -0.0340108718416599 -0.0542706198394596
0.193749720222464 0.10911267419854 -0.106092517695209 -0.0736545671827716
0.237736150408473 -0.00767519314424078 -0.161557996841689 -0.0523721913997284
0.238219164392721 -0.0350559410363426 -0.188894131949211 -0.038097425880114
0.259857151497435 -0.00137025360185087 -0.194480794549785 -0.0684174405536901
0.2313518332505 0.150686461607626 -0.129019418169846 -0.148811758188166
0.107155430323143 0.261525043871762 4.79201413669142E-05 -0.155799449232298
-0.104332308689556 0.347250345404223 0.0544889683952563 -0.00549148992710837
-0.33845873942388 0.103135178129267 -0.0978169323229549 0.0744882515760646
-0.290902174710842 -0.233056082331412 -0.252586154917828 -0.0663453790836716
-0.146683485512756 -0.348952402899856 -0.173699478615138 -0.345999315178117
-0.21586909796331 -0.341866020189526 -0.128504165647308 -0.0704376154333202
-0.347490528275544 -0.18261344344732 -0.0995679405028287 -0.034664960035565
-0.326121126464285 0.149502464372972 -0.0902026922191297 -0.0404741787780375
-0.0767176259432735 0.367585485731451 -0.0737498696265054 0.0133334373902845
0.141244999575415 0.283099866387951 -0.0295425049249542 -0.00634950735344103
0.240678466606503 0.156846715728898 -0.0430403485768365 -0.0231344197628384
0.297190392064934 0.0146680129420997 -0.0622434254412179 -0.0357175126667399
0.293366292091643 -0.0214750607907956 -0.0796579603400989 -0.0449114291500714
0.316871917696976 0.0176429664337863 -0.085752863530627 -0.0637032961716215
0.281208938936424 0.202411722879933 -0.0410942241716903 -0.11691177387862
0.125866424490045 0.334908693085025 0.0436544132440958 -0.10964798106184
-0.13179554369157 0.434627063819679 0.0736202680197852 0.0171290458564764
-0.419290805050026 0.147968668281989 -0.0791938122518935 0.0919236168231056
-0.390778553276338 -0.267550779601565 -0.189659462667129 -0.00658103181325379
-0.228692643210415 -0.434109890142703 -0.104388013496286 -0.196532271453424
-0.262721825539668 -0.356870441407459 -0.0584963483454672 0.067243847804952
-0.405454642460585 -0.166479835592822 -0.00417127452429186 0.00727207126045113
-0.357574733305319 0.193960520941836 -0.078437584320427 -0.0574535096188325
-0.0732621725503369 0.410136137692983 -0.0985223995332441 0.0234982004076479
0.153257281542683 0.314781837220961 -0.0208565828520467 0.05625160489661
0.259415564623194 0.181202560506823 0.0325449537643113 0.038807451989667
0.316196162811587 0.0329590868340693 0.0517337887192184 -0.0120779791909132
0.303257338954079 -0.00525177802724167 0.0410850582097425 -0.0460900252035918
0.32066134433534 0.0351163554176029 0.0345462699002076 -0.0524794655060906
0.279440132350093 0.222409936127433 0.0563258279617667 -0.0722575470614372
0.115439708372121 0.348962820322308 0.0912451881121912 -0.0503280273143333
-0.138138201445964 0.435599480383047 0.0903231007362293 0.0431772249663322
-0.419374675597733 0.154902729243225 -0.0457267226245676 0.103601964118308
-0.406579519142353 -0.261654239582201 -0.103027380812071 0.0538287961796251
-0.263605215185952 -0.443672655307185 -0.0172251448347871 -0.0356247481657099
-0.27388695878509 -0.317922563409266 0.0269006375383829 0.215855894195631
-0.398713690471591 -0.122932297873851 0.113802740339193 0.0542206796354236
-0.325630876716677 0.206723072552006 -0.0492508255540949 -0.0704889143067791
-0.0556316242440251 0.379093980106384 -0.109795707015 0.0347250783571666
0.140602094431089 0.288339848938533 -0.00468289415955963 0.119271577053724
0.237432656655233 0.172656802396269 0.112285449682994 0.100647658084669
0.287081368497892 0.0445160866071034 0.163996698818503 0.0150944936267262
0.267849713125956 0.0121255503655882 0.156062342516874 -0.039852992759899
0.274553027292269 0.0500151216120421 0.144303616481701 -0.0356127603572356
0.226444482702846 0.208645606576743 0.14092717731971 -0.023923863414706
0.0754890409259791 0.298400053555453 0.125990091536715 0.0109749253654944
-0.129363567528193 0.341515182971368 0.0970765097041761 0.0648118628160142
-0.336553116769511 0.114547021675316 -0.0127523367818905 0.103329699438616
-0.332981968310886 -0.21852606755374 -0.0189779440118602 0.0973992351222736
-0.248668561830793 -0.377455374563998 0.0681873287274289 0.107686069641725
-0.237517510820068 -0.227740414801988 0.110176105500422 0.350783058394181
-0.312872685218922 -0.0649982030704866 0.225486997901377 0.101979626088623
-0.232592882849945 0.171188425419384 -0.00486789260176768 -0.0739716815329734
-0.0311215758438723 0.270065080401412 -0.103062666058268 0.0390234371635773
0.0944882628209295 0.209416708007819 0.0110060058360814 0.167266991834013
0.171006303896433 0.135448964375923 0.177815159995776 0.150607445667005
0.211527375767402 0.0499574320606198 0.25472401919182 0.040933607404233
0.192187001352414 0.0287883919664585 0.248465294962817 -0.0285705494757131
0.187083883817591 0.059122267267105 0.227434099046328 -0.0122587392883544
0.137995668723318 0.164355239321785 0.193947258573112 0.0242493866683759
0.0196205795096648 0.20252824548347 0.134946421399682 0.0612411047972382
-0.104907044256218 0.191328452199649 0.0858720575498821 0.0722251284220064
-0.199791738533706 0.0507237047450052 0.010992944719607 0.0900917252077195
-0.200800322805889 -0.144213862180212 0.0411231440367137 0.113878904063147
-0.193864547767578 -0.253272849837559 0.135484053004747 0.208692855956222
-0.161304915505575 -0.0998874347838424 0.173969025760199 0.452237888258214
-0.171434519317964 -0.000498642600575968 0.310797382248034 0.142382455536574
-0.0978183533872207 0.103391182184123 0.0463254633619705 -0.0719110920319904
-0.00326627371819209 0.113041527639152 -0.0828143795588839 0.0288327560547679
0.0301508021487988 0.0950750222543119 0.018093759267717 0.187988419123132
0.0733869345420903 0.0768061958726224 0.213980481765755 0.180456594096702
0.0997160545637762 0.0478493416441964 0.308387264021714 0.0615031354087051
0.0869912071855287 0.0408520627978057 0.304505275758186 -0.0121863271995384
0.0773328806986784 0.0592604424555024 0.272145875943988 0.0115997687465128
0.0388827869444459 0.100483839430867 0.210329853787847 0.0648509918250614
-0.0297753728210782 0.0899524296653563 0.119942283537772 0.0943750552559871
-0.066774180511404 0.0369027743606061 0.0623631037706587 0.0657931694313168
-0.0545062342330949 -0.00289325471920714 0.0264743587592955 0.0653114129100902
-0.06347665563891 -0.0513361372994945 0.0751563999245809 0.105630316440138
-0.120556089610876 -0.0974072739199913 0.178011255862566 0.255187879308235
0.0140559977797706 -0.0502668315385608 -0.18169398272869 -0.269991975607269
-0.0481289658139996 -0.0478498843050068 -0.174943525919078 -0.0985884508884328
-0.0693313841342562 0.0375832791093835 -0.0513724842351817 -0.0297982482267766
0.0105597024282674 0.08699985829748 -0.0186057903284252 -0.027590605882439
0.0643260297360149 0.0278612446489075 -0.0511761759112502 -0.103109542071788
0.0517286344572102 -0.0185871329373814 -0.175940171612267 -0.116884521517816
0.0360807812772457 -0.0497691644499817 -0.26551830252417 -0.0630293882305252
0.034015909538133 -0.0472073057714994 -0.297047357294974 -0.0192223216244623
0.0328919839485051 -0.0339139308254656 -0.296520065327829 -0.0650780667821286
0.0321778298219442 -0.00561589351602074 -0.210731851543015 -0.162911677926182
0.025814018889691 0.0231256069944232 -0.0437031376906875 -0.183372697754083
-0.0176915669687364 0.0492784564826514 0.0374681500991982 -0.0339584757086338
-0.0551536447235701 -0.0236834001110045 -0.0642299307889115 0.0321563417419821
0.0183034727224257 -0.0802541209840176 -0.244979940972819 -0.140147645473447
0.0758694921065376 -0.0347634342647553 -0.165542796023256 -0.49503322015073
-0.0550234981686978 -0.178485146433316 -0.18283580725466 -0.250817847168041
-0.145047118027674 -0.122505614447878 -0.176102626460657 -0.0889035753969478
-0.166827297702891 0.05832453737351 -0.0665478766590375 -0.0189668886351075
-0.0339973762219489 0.183119274069609 -0.0210474390809644 -0.00177856214158443
0.085510189228548 0.125203389864015 -0.0284703901165416 -0.0846321664382375
0.12283069431505 0.0517587940456722 -0.139124640690611 -0.109351274924176
0.142624484928522 -0.0242917662585903 -0.223885235554679 -0.0703098000851248
0.146744068192184 -0.0372852487629411 -0.258458399062426 -0.034873015217984
0.155734770417719 -0.0139783286443397 -0.262601598953153 -0.0725227982342706
0.13768237939608 0.081195421047504 -0.182819590858719 -0.164807407754789
0.0647193171346998 0.151293065243505 -0.0294783182750225 -0.175480099114505
-0.0689270168662834 0.200490676626921 0.0353887674648529 -0.018231177935194
-0.207723407970469 0.0312016186530595 -0.0931560111688928 0.0426870299405126
-0.137662381208603 -0.172185488500929 -0.254219258285046 -0.12620598490347
-0.0315140053103243 -0.207447111399501 -0.164475521026652 -0.45134202211367
-0.123115219925469 -0.283854206704001 -0.169010718104635 -0.184234209296251
-0.239146651299244 -0.178627148507568 -0.155998947761884 -0.0661713227131021
-0.254991601583164 0.0834045767294778 -0.0778974268584801 -0.0185657030727811
-0.0738654652462399 0.271190332874549 -0.0355384303487139 0.0141298556057344
0.10170607808384 0.214545221197825 -0.0184736158345295 -0.0527320942105136
0.182834878214918 0.117820035542084 -0.0923149402241712 -0.0792293896799936
0.23019268143179 0.00450285850291396 -0.151251252875216 -0.0629518606147527
0.237040775210199 -0.0224787362578933 -0.179708725574435 -0.044516984288765
0.253350270799945 0.00889159274477675 -0.186749745423173 -0.0706245503861527
0.222655049331064 0.158085908601468 -0.12379804175142 -0.146085585196663
0.0935542229803528 0.263234380188073 -0.0025247613883479 -0.146893915225891
-0.114646709867953 0.331510660145055 0.0407569550968861 0.00147647550083778
-0.338753430092017 0.0839185042702974 -0.101262902881721 0.0581967955815628
-0.278498061132884 -0.24507919547606 -0.230637805549399 -0.0864185821013688
-0.133355326967466 -0.348770087733226 -0.133573359761058 -0.348742329661207
-0.18560261944338 -0.351355948608849 -0.135706877329418 -0.0748046659205499
-0.327399360890186 -0.203780800809043 -0.10189102191522 -0.0287778747237394
-0.328751884465527 0.123933873523298 -0.0793910451795623 -0.0282585766904833
-0.0950521640477617 0.348635649111341 -0.058993520409448 0.0245636832591019
0.119690039297316 0.283360290860763 -0.0141994019894109 -0.00530802225208877
0.226788484476147 0.167255108279105 -0.0323986199705532 -0.0285527840606911
0.288193411722048 0.0307804159364145 -0.0538302416684478 -0.0435304153590372
0.290985752790441 -0.00424769770353676 -0.0723641883937812 -0.0480666960321829
0.309509020979386 0.0300509163712768 -0.0811963889574896 -0.0611426989660785
0.270663154003126 0.210924002682303 -0.0402130110093678 -0.110221906462993
0.108565597734876 0.337947715621137 0.034966588773216 -0.0991030865675196
-0.144270559996336 0.415297813295298 0.0527756707634507 0.0256018808685603
-0.419790314227919 0.122795866246359 -0.087865732686443 0.0747374643833256
-0.371854410202005 -0.28225345017205 -0.172280781129652 -0.028091267495937
-0.207120724013403 -0.433365820007167 -0.0742291659122929 -0.204706773910196
-0.230129659977887 -0.372749033863882 -0.0791481572643289 0.0649876838798431
-0.385115454476676 -0.192876630238423 -0.0111268243785498 0.0183721897941501
-0.362076872945678 0.162967144416157 -0.0656487631482724 -0.0426686315556359
-0.0941922750876197 0.389911109824428 -0.0830531175224505 0.0342180823431735
0.129770802119131 0.314790203044412 -0.00799391465227635 0.055545793479039
0.243920707703595 0.191323264514919 0.0387949344877065 0.0345547348326111
0.306718262922339 0.0502988655484211 0.0569937419247246 -0.0158785764808535
0.300545170903236 0.0130362466241168 0.0445673398744248 -0.0447928040030382
0.313449814708775 0.0481637364602458 0.0350170864346859 -0.0461101991354163
0.26888430334641 0.230522365341613 0.0524021044816922 -0.0638553252864531
0.0994483330848607 0.350641761538704 0.077154938205501 -0.0391647560377759
-0.15074943405052 0.416675783205503 0.067123072501162 0.0514322786114123
-0.41948585671567 0.129404294420362 -0.057651159254761 0.087153454605564
-0.387107901035691 -0.276083623880873 -0.0923573583925218 0.0347019159307651
-0.238956152559931 -0.442016426435907 -0.00136553289761201 -0.0454113965256728
-0.242608854171249 -0.336737564822349 -0.00428743111365055 0.216271683877072
-0.380819778575123 -0.152036387568149 0.101672871989648 0.0694240629144281
-0.333476370054536 0.177654893381622 -0.0365822075836043 -0.0547534842296636
-0.0757004684565417 0.361973366327341 -0.096349085938999 0.0436103379261447
0.118852370686085 0.2885045364109 0.00338255871597096 0.117743321047474
0.223153424672365 0.182158252325577 0.112797210313752 0.0986828528777711
0.279794780969961 0.0608674292629962 0.165309364669421 0.0155677293068646
0.265282352184474 0.0289935415005681 0.155202262440561 -0.0350930953901749
0.268086390578005 0.0614725341909277 0.140926170139896 -0.0258390920136778
0.216112009562528 0.214729723846942 0.132963483338964 -0.0137648284902483
0.0617356877267642 0.299853024720863 0.109830521101582 0.0201137746996976
-0.138537150374791 0.325691315164183 0.0741495116737201 0.0691156107802021
-0.334938773389874 0.0946784049467109 -0.0246779192654872 0.0907007824199834
-0.313915033090749 -0.228689425569996 -0.0149607190076283 0.0832341564762035
-0.224048392814834 -0.375788588315381 0.0687147800274515 0.0974480583340534
-0.212372142262205 -0.24576873620708 0.0709557483410325 0.353101230410194
-0.302114143017148 -0.0908685960902348 0.209048669718375 0.118780395902561
-0.240010254822906 0.148790919298796 0.00462272647291175 -0.0598306334327317
-0.0462365518039951 0.258176794972747 -0.0929940809692332 0.0445902718353956
0.0797000189343688 0.20954419543546 0.0131187519823116 0.165106030583946
0.160775247084106 0.141316610467103 0.172251384651923 0.151283779605396
0.206471540694797 0.0624077555082294 0.251734018029909 0.0468487040629687
0.189529797932676 0.0412979993045745 0.243758123720914 -0.0199353646945158
0.182785748812159 0.0676244596731357 0.220919794057304 -0.00175571520571185
0.131232975139326 0.1681956652499 0.183758234917031 0.0331303842986555
0.0110108202682716 0.202314353966019 0.118834968426691 0.0666246156910688
-0.109014687530959 0.180834137743652 0.0676750794678425 0.0718694836173444
-0.197442601174836 0.0385957112095334 0.00185600002600732 0.0811344778036594
-0.188456081631777 -0.150924826115076 0.0404359378978632 0.107021552586856
-0.174921466930214 -0.251562025331623 0.123022500973515 0.201536405727349
-0.14557238287107 -0.115329646380441 0.132386163279564 0.45430395139902
-0.167999256402356 -0.0181191321555267 0.291198426785718 0.15746671176133
-0.104265588396223 0.0917823335002202 0.0505578170976107 -0.0604980816301657
-0.0108913636494495 0.1088402422361 -0.0789122008850547 0.0309227501323792
0.0246425443484233 0.0944076141572485 0.0131030131140623 0.186262071578261
0.0681460708007584 0.0781877819532892 0.202587905435055 0.183693983181875
0.0978721735122478 0.0543352741838359 0.300739095248638 0.0707820153824624
0.0851115874535179 0.0475753725927385 0.296484125306116 -0.00237241221731545
0.0754560912315518 0.0632449333444897 0.263263908489288 0.0216692982347288
0.0363522698397824 0.101270811007273 0.199198398825233 0.0715219618873245
-0.0328411719891425 0.0884403052133757 0.10567433609356 0.0954002941036135
-0.066286050746351 0.0330247694513983 0.0510997340528488 0.0611654320959261
-0.0521469127680154 -0.0069254068967918 0.0213643530990165 0.0614259670896085
-0.0586467538936156 -0.053085905244069 0.0713583205358083 0.105695957361344
-0.108966537259848 -0.0965825024817215 0.156042749105165 0.252442857510485
0.0143698700574602 -0.0493358838810764 -0.173634354806593 -0.273589026053127
-0.048557579115156 -0.0479882030258105 -0.17397387745649 -0.0996861463732607
-0.0681009867060941 0.0377846906321214 -0.0521550771518345 -0.0281242222243462
0.0114016300540403 0.0864346100184836 -0.0160554971385335 -0.0249623114242236
0.063751200122515 0.026642433334649 -0.0460530154049119 -0.101943657445675
0.0514717150641361 -0.0188447580961378 -0.172383755107215 -0.118785591201107
0.0356272328156889 -0.0503160969747148 -0.264801309201737 -0.0662421963945017
0.0334477618326284 -0.0485793470659708 -0.296498792432396 -0.0239986109097557
0.0344344745636935 -0.0348130266400149 -0.294997820334031 -0.0699904947802043
0.0331815721370732 -0.00520874694034117 -0.210085424571035 -0.16755307544466
0.0261628222606779 0.0236985846275459 -0.0415941139639121 -0.186685897588852
-0.0169797178265671 0.0494176679651938 0.04003249469157 -0.0369259509221447
-0.0550278316258521 -0.0230101904653435 -0.0606949465723355 0.0278076396572123
0.0181179314332534 -0.0793107579527805 -0.239257669104701 -0.144651233633725
0.0753271787617721 -0.0338534875188899 -0.152968350389922 -0.495944516110964
-0.0511836296641783 -0.178311331566199 -0.175526861920648 -0.254789189111013
-0.143661283243331 -0.12508253260197 -0.175907379692979 -0.0907097888132915
-0.165445973152416 0.0556047712734979 -0.0670529304159508 -0.0185206890725114
-0.0343684873703878 0.180901996234038 -0.0185238638259336 0.000564995524840989
0.0835103591606809 0.124421617402612 -0.0258304515383636 -0.0843472999885882
0.121877988726736 0.0531830715453798 -0.136698254968157 -0.111286486707468
0.141526487582018 -0.0229560809407017 -0.223268913331314 -0.0735251514352425
0.145350648400008 -0.0365060085531087 -0.257492079186205 -0.0390478294800889
0.155447061608801 -0.0124012568237655 -0.261346001121364 -0.0767493441433197
0.137327337388352 0.083432708104958 -0.182744123174766 -0.16932502963347
0.0618636919175384 0.152854820146774 -0.0274759894790449 -0.178711083845344
-0.0705431685529268 0.199206852772778 0.0383005239964521 -0.0222376281195081
-0.207860761838733 0.0277029176613905 -0.0885496677967526 0.0391811635855769
-0.134744585761395 -0.175615850432921 -0.247872659077873 -0.130242262738886
-0.0263824098110523 -0.208197151941763 -0.152242647344857 -0.451311996904284
-0.116181023303273 -0.283969870504019 -0.163918319101564 -0.188548686784184
-0.236097117864124 -0.183262270911987 -0.156560574365714 -0.0682998305429923
-0.253164418388699 0.077899345532006 -0.0780521940745476 -0.0185137409506747
-0.0757025375452639 0.267768029310827 -0.033203241742237 0.0161802200762455
0.0983112898368097 0.214532835658418 -0.0170180901007835 -0.0527101163003369
0.181127018848925 0.120003819714049 -0.0902593694466053 -0.0810995506109879
0.22849224555075 0.00697685962074323 -0.150593863844176 -0.0659024391342632
0.235542572871824 -0.0192371183809818 -0.179170536201436 -0.0482289708116169
0.252419886328108 0.0111167754118577 -0.18583105298394 -0.0738729145092452
0.220682934183447 0.160788515530169 -0.1245588288194 -0.150061200996456
0.0884215202790974 0.264952583192176 -0.00165865808950466 -0.14986243765873
-0.118760633313407 0.328393151374897 0.0428663665177968 -0.00317767193475956
-0.339565716714578 0.0761081376411974 -0.0966052252240209 0.0555298402226331
-0.273037114956758 -0.251469048946944 -0.224373890814654 -0.0901428784026743
-0.123074820191296 -0.351534099193697 -0.123243729464783 -0.349840029326913
-0.17645952431292 -0.353022150900159 -0.132863375331343 -0.0790686954946018
-0.324330514460354 -0.209851330678598 -0.10416236064041 -0.0313344543062824
-0.326065747563807 0.114627822884487 -0.0802356464202152 -0.0286729077451254
-0.0989448760182185 0.345573937582064 -0.0565700703112411 0.0259018972833322
0.114271044806247 0.2843130244004 -0.0148613693664446 -0.00569091553861961
0.224552688534735 0.171444236710789 -0.0313826139775545 -0.0297190324328567
0.286449049889561 0.0347066942771138 -0.0534832902801966 -0.0456462266208391
0.288802912627882 -0.000425797116689618 -0.0726546183496786 -0.0504872411518098
0.307363587606927 0.0341970603921286 -0.0809713497469466 -0.0628961938451374
0.266977935600652 0.215520335614776 -0.0419228791496435 -0.112891637235739
0.101644066091946 0.339201132881566 0.0340343458811986 -0.101060968297784
-0.149631029593603 0.411959332479277 0.0537280829811044 0.0204354000539734
-0.421335845772738 0.113325370422016 -0.0838502063109914 0.0722644659887452
-0.365496416342188 -0.292036265942258 -0.167194818728243 -0.0307624553688488
-0.192193476842103 -0.437333105242071 -0.0686949937961803 -0.205712567159397
-0.219712247223454 -0.375958434563795 -0.0807980245762668 0.0612815737401336
-0.381969868369027 -0.202574980555771 -0.0150892656851593 0.0168920671426573
-0.362574759779213 0.152949376334468 -0.0663079758482397 -0.0428414329728961
-0.0998304821634753 0.386797505263461 -0.0807581925360883 0.0356711277727763
0.124728495995374 0.316653335781024 -0.00992093434415907 0.0560245393967603
0.241743329506926 0.195576674863709 0.0396001133767053 0.0344157164114114
0.305010092019888 0.0556099362229572 0.057264275328461 -0.0168206287086602
0.298964145528136 0.0180857272344805 0.044228924247083 -0.0463785228678537
0.310339812071913 0.0534853868599846 0.0346988761169182 -0.0460044450171012
0.265058285639344 0.235336441482805 0.0498200404856351 -0.0647850511207959
0.0919542235413946 0.352912303560086 0.0743191286956656 -0.0397624075301865
-0.157149160442636 0.411285936516557 0.0655409219556613 0.0460920944857683
-0.421754946239886 0.118327838662387 -0.0548795654251431 0.0858405569592137
-0.378308594558726 -0.287156955564503 -0.0884839527241283 0.0332030232109795
-0.224447684250711 -0.44522866415299 0.000886439029015447 -0.0463656081377364
-0.232108846738006 -0.340128056963859 -0.0100075585296452 0.213340622874024
-0.378709737303263 -0.161616952357972 0.0959516711241781 0.0697173206788839
-0.334223759249006 0.167483344001831 -0.0373335803811884 -0.0540309752120319
-0.0810968793485774 0.358509579681855 -0.0951548057657824 0.0450347866316004
0.113906888517113 0.291972165952341 -8.86724923823079E-06 0.119575739498847
0.221142509894847 0.186194406577367 0.113238111796882 0.100009427141327
0.277809985655679 0.0653001395581727 0.165487524898799 0.0165544159501056
0.264044966429121 0.033945321637247 0.154827502370068 -0.0345441870075014
0.264512190688723 0.0662927207411477 0.140159138268998 -0.0239239633809298
0.212772618359598 0.218684836116602 0.12911410386874 -0.0133887998881393
0.0554441699683872 0.300418618202323 0.105434406415035 0.0201772839077411
-0.143588148540689 0.321620364579285 0.0712643979909835 0.0645025347490393
-0.335844109266151 0.0849998583491428 -0.0231816796612371 0.0899454169965691
-0.308669025471298 -0.238485369924901 -0.0123455453081089 0.0834611429738852
-0.210811741472663 -0.378577439532097 0.067245723362286 0.0974680530519385
-0.204042447548689 -0.248534897334378 0.0612352912915798 0.351565871124534
-0.299656616890364 -0.0978444994615101 0.202867521108889 0.120183526440007
-0.240977523544568 0.140353656183133 0.00335018247887634 -0.0582444330259058
-0.0510485464183743 0.255977833318972 -0.0933025429710765 0.0463795360092861
0.0756374960724729 0.212646666808456 0.00910659371034894 0.166583029104975
0.159096373834082 0.145063783119826 0.172157669316861 0.154295821783703
0.205150398093552 0.0663080415041211 0.251418535880974 0.0485612311090683
0.188967336950171 0.0455251997041024 0.243147072440673 -0.018228993855449
0.180327954173264 0.0712138826869635 0.219130170988195 0.00184706316790732
0.12850583538749 0.170279039536341 0.178989123949887 0.0352251474240459
0.00700520952122995 0.20201266756374 0.113807516774079 0.0670917623465968
-0.11244257725655 0.177872138122774 0.0634341626441922 0.0681609125676931
-0.197399706822846 0.0321102282585413 0.00207870804079558 0.0807585677485756
-0.18411649892867 -0.15701332079393 0.041451679530025 0.108032935228845
-0.165094187520989 -0.253207879255436 0.118746739443985 0.201615016365293
-0.141406664881161 -0.118095409315852 0.120277740716046 0.455191990535255
-0.166741870064232 -0.0223393590577187 0.283308036269216 0.160863156769654
-0.10540190703742 0.0872284128198714 0.0495011457398465 -0.0582826422754555
-0.0135892832001929 0.107407443996054 -0.0800319390360792 0.032392334023673
0.0225671695134708 0.0965321274145191 0.0101030574840822 0.188223388367273
0.0676938398842033 0.0807934349436268 0.202509435012322 0.187691894734586
0.0981407998793484 0.056577876655502 0.300651067235776 0.0739946745450529
0.0851516375626229 0.0501266173390545 0.295637106399476 0.000760930889190907
0.0731574165029261 0.0657340994567691 0.261309225127645 0.0252458363390443
0.0335994637723852 0.10244013557859 0.195974225824629 0.0747274805353419
-0.0350939871293186 0.0880208492643435 0.101101526871687 0.095685672799527
-0.0679576022802591 0.0315293307789967 0.0470323824895392 0.0580025507959985
-0.0517736499184567 -0.0101128895806898 0.0203375964900135 0.0604254766451733
-0.0559795749877162 -0.0557417089636049 0.0720167357970134 0.107408423107904
-0.103528515239259 -0.0973197067737213 0.150459221041854 0.253758538204978
0.0148785154654637 -0.0498724086941768 -0.171436671173768 -0.284044072373036
-0.0503700773223295 -0.049053225436108 -0.178410739203536 -0.10254772102303
-0.0685475567483274 0.0385984390035073 -0.0539023701685801 -0.0264421248152346
0.0121698321367966 0.0882909097662506 -0.0140724578740743 -0.0229380529000945
0.0648598166601715 0.0259102026335133 -0.0433525685852438 -0.104327985064841
0.0522202216221189 -0.0194996038379329 -0.174202992373666 -0.123505405258748
0.0358534444866541 -0.052066181449999 -0.271128863680677 -0.0703253027948423
0.0331845214621458 -0.050529758466542 -0.303585348269598 -0.0260036458614491
0.035672242298962 -0.0370064348087833 -0.302325917135716 -0.0748138193078
0.0355804769237372 -0.00571708211487515 -0.21570022077932 -0.175930665549926
0.0274503723999438 0.0246287732998575 -0.0416746922237521 -0.195015667058741
-0.0164946560020482 0.0509937502771559 0.0438509566127204 -0.0405337839302505
-0.0562444819653157 -0.0221543296001627 -0.0589305691293963 0.0242810585397312
0.0182362445417872 -0.0800361214790926 -0.239308893486118 -0.151589067638384
0.07596949657767 -0.0343660643189603 -0.149043188843772 -0.507103109756216
-0.0490757784094336 -0.182674165860523 -0.17314005827871 -0.265466717881501
-0.146586561514292 -0.129463282719385 -0.180534154002304 -0.0940775586177729
-0.168021007561015 0.0547318635324919 -0.0696981282440362 -0.0183548184115998
-0.0359988832071634 0.184219675590598 -0.0163966119572646 0.00269240669222656
0.084006675653553 0.127064809620126 -0.0230798804174011 -0.0859972618504566
0.124316038924676 0.0558241512292585 -0.137627167057519 -0.116030549959013
0.143910289850105 -0.0232135017133062 -0.228931159800872 -0.0772482383905383
0.148259223219295 -0.0369272884024544 -0.264074545348683 -0.0431260792825864
0.159509195274148 -0.0131134725669855 -0.267661782626526 -0.0817670906362563
0.140932917155838 0.0864276409345177 -0.188686685882773 -0.177209271087005
0.0613164452471243 0.158079224503096 -0.0274830813116205 -0.187130652861061
-0.0736422932945811 0.203331754808529 0.0414858910997026 -0.0263447087956852
-0.213417573914724 0.025914892941926 -0.0865902965567978 0.0364883034583789
-0.136606670781097 -0.183058007583311 -0.248147768661069 -0.13658034772337
-0.0237467389180685 -0.214675091692246 -0.147614588020293 -0.462100184390327
-0.112202526055351 -0.291260502352475 -0.162738205891738 -0.197113335056229
-0.240903079369916 -0.191353880263494 -0.161301175198961 -0.0715283357091562
-0.258070892952554 0.0747704062470212 -0.0814639805266421 -0.0190144297011964
-0.0788147102111676 0.272557913398729 -0.0312995955706479 0.0184438000287938
0.097900112209044 0.220087392333037 -0.0157183862281598 -0.0544622784850167
0.184987441684428 0.125295552940846 -0.0906453138532498 -0.0850556756500749
0.232753647195772 0.00918740805437785 -0.154908540571457 -0.0695984928420456
0.239885547578 -0.0176610323059348 -0.183956651305602 -0.0522084861525359
0.257461300285178 0.0133286286863039 -0.190470359647633 -0.0779976277718826
0.225939059586493 0.1682714111797 -0.129246131617726 -0.157184417340515
0.0869218908081726 0.274200625867035 -0.00217874716015307 -0.156288330337462
-0.124383353931194 0.334436379022141 0.0458507893713796 -0.00790966950379697
-0.349812471258627 0.0734445326428219 -0.0944867692825422 0.0536724067668969
-0.276862066567416 -0.265621359101605 -0.224921853322496 -0.094845826996641
-0.118059326571911 -0.363028200159079 -0.118334461851962 -0.359755492453327
-0.172244277959209 -0.364045045880503 -0.134550667320453 -0.0852889262717506
-0.33062828755209 -0.221951514245969 -0.109417787864702 -0.0333928778078405
-0.334118453596541 0.111298726814601 -0.0829907664787022 -0.0293198054089657
-0.103241590672628 0.350332603347091 -0.0552353092323192 0.0279974900278498
0.114801642765114 0.292452758261419 -0.015090247553378 -0.00535091787365392
0.229677800424467 0.178449321425591 -0.0305467195547487 -0.0317795930909485
0.292478765652339 0.0387929568867061 -0.0548844541294994 -0.048407667636189
0.29541464998431 0.00288642787969248 -0.0748746890258908 -0.0541338355259999
0.312637400221664 0.038746549554566 -0.0825848306433384 -0.0660708407490255
0.272021144836959 0.22367524436031 -0.0455231710323279 -0.118023179687362
0.0995044260457285 0.350889702639003 0.0335981171625555 -0.105537118150215
-0.15819219247614 0.418796176605559 0.0555431624320408 0.0161756371034652
-0.433761075845747 0.107689237036507 -0.0816347021116778 0.0715210479859741
-0.369364260907817 -0.308607526591693 -0.166783645492986 -0.0336452394216385
-0.185800255630107 -0.451964295390145 -0.0648942468624249 -0.211152951761146
-0.214872031434801 -0.386612447193355 -0.0834859022609046 0.0597109950168319
-0.388630451472993 -0.215525957975233 -0.0199367291524103 0.0162136738685562
-0.371262713823152 0.149882771198357 -0.0693584456834765 -0.0434958541186491
-0.105341271833458 0.392594976247316 -0.0805599864279454 0.0381921299092088
0.123849058538539 0.326485783863708 -0.0117173347422017 0.0583621694842251
0.247506949189256 0.204542584592388 0.0418319325324816 0.0352458865949953
0.312231890370062 0.060106539363567 0.0589291518765104 -0.0182295603676201
0.305456758296992 0.0218143817572918 0.0447663621117503 -0.0486540714897107
0.316112483920492 0.0587816513222004 0.035090836339622 -0.0472988425068787
0.269000439615802 0.244419008593244 0.0477063453312606 -0.0670620766891146
0.0883424720649208 0.364167606607947 0.0745801178777327 -0.0421169843733016
-0.166226802735639 0.419261325422984 0.0662383183042031 0.0420334305657797
-0.434009883021854 0.113316499773434 -0.0535412792280873 0.0862668581490467
-0.383143521940628 -0.304048310218678 -0.0878248971087171 0.0331324775050944
-0.216920850008947 -0.461342530912053 0.00251739206640443 -0.0476604742922267
-0.22817418205251 -0.350986979609824 -0.0156444219769797 0.217087898247213
-0.385357477949774 -0.173536783642066 0.0928306272089329 0.0720087207521357
-0.343195704360971 0.164068309852769 -0.0397857767691991 -0.0547098497581755
-0.0882355018449369 0.365747832047776 -0.0959813760972518 0.047766271979123
0.112838876373984 0.30156035597087 -0.00209253157256619 0.123909190841688
0.225633017293719 0.194950316390627 0.116526003326021 0.1034597030919
0.285119373754966 0.0713694397341532 0.169661941417174 0.0164484914466796
0.270797703086809 0.0387760481232836 0.15767923815901 -0.0356745195708984
0.269634383316783 0.0730417876359647 0.143075919755319 -0.0235851493561731
0.215633684954602 0.227390800829804 0.128613593412672 -0.012988541109269
0.0520477103936142 0.309959567585912 0.104581686921237 0.0204932227930539
-0.15111494730867 0.325909223446988 0.0704958924281334 0.0615696365324271
-0.345678819922238 0.079619408400115 -0.0220812733294441 0.0909914949972689
-0.310732678773083 -0.25285132078963 -0.0100588423339109 0.0855670486614381
-0.204742610248511 -0.390895442352705 0.0682073237401044 0.0995939158570895
-0.202918322525391 -0.25795710564903 0.054988040741332 0.360781289814809
-0.30509878127425 -0.107242120233036 0.200593743453593 0.12512366898691
-0.249071151932378 0.137450241025323 0.00166057302987257 -0.0580859903469552
-0.0568731184040242 0.260178430276808 -0.0957880622912509 0.0490504067380146
0.0746956159924289 0.219945753862157 0.00681855660003004 0.173362297534444
0.162699865758186 0.15140643870156 0.177431267037961 0.159970267001627
0.210399497873866 0.0706968373848161 0.258183304255843 0.0513226481942869
0.193903830849691 0.0499283834956766 0.248556344385155 -0.0177900877836575
0.182923853274041 0.0769424988526201 0.223774682219117 0.0043269888312874
0.128689370563904 0.177209410165264 0.180313289543638 0.0381596849556307
0.0028582518226778 0.208447961747536 0.1126598016329 0.0691184247243281
-0.118053617854074 0.179900871508758 0.0624879787124914 0.0657845941475983
-0.202614816172767 0.027449836774842 0.00282192365978345 0.0818519746706113
-0.185184799819725 -0.166876428054238 0.0446084802433904 0.111823997184768
-0.160005737784704 -0.261774059787019 0.118903419572058 0.207352986272878
-0.141532247382457 -0.122337981414771 0.113454060082731 0.466833288570335
-0.170340424008496 -0.0265315545367118 0.283552936549431 0.167451853810861
-0.10995975461225 0.0860322971417662 0.0484414981221116 -0.0569626325327395
-0.0168133301651885 0.109578484072322 -0.0826508614396506 0.0360313235749317
0.0217745345075584 0.100509481032204 0.0079884327868129 0.19611128823001
0.069095236874166 0.0836496603184639 0.208202190974338 0.194946269948393
0.100429676119387 0.0597899525924783 0.30878396054231 0.0777509969123356
0.0878397278010895 0.0530506407212861 0.30276815595881 0.00246489163069006
0.0742481528503637 0.0704927011048564 0.26672718043806 0.0293794307981563
0.0328336602594779 0.106244243405548 0.197926475807024 0.0790248284163151
-0.0375384598457192 0.0904426191241725 0.0988634126753714 0.0984271385145308
-0.0711733316679865 0.0309067289640885 0.0447451707477215 0.0559831621294421
-0.052725853235129 -0.0135546443104801 0.0204194558046038 0.0608193017955882
-0.0554128622609517 -0.0601712399459859 0.0755873991117597 0.111480219189555
-0.101291768385217 -0.100684136990074 0.150108694818702 0.260979886976556
0.0151463595283658 -0.052051516441199 -0.178385207991177 -0.297130078123884
-0.0541223468231824 -0.0501515881398853 -0.186937648215924 -0.103684690117934
-0.0698582162972375 0.0417744440341114 -0.0571651134539505 -0.0245248269726874
0.0150565739935153 0.091750974579805 -0.0122913429127477 -0.0206255159010778
0.0677022787881939 0.0246488743793111 -0.0427162304408161 -0.107231780883216
0.0534351199243724 -0.0215054281463203 -0.181411393960236 -0.1265534829766
0.0354114440333806 -0.055359167887787 -0.283993151656313 -0.0680117952049026
0.0324791759084052 -0.0543138342624148 -0.316305380414624 -0.0236027355168747
0.0366097513559055 -0.0409698019580553 -0.316418584182581 -0.0748367229259343
0.0380166778561478 -0.00709809200545873 -0.22951441327282 -0.181794882116208
0.0296245839601822 0.0256225340956999 -0.0466486605305291 -0.206190124926627
-0.0140164072313607 0.0539055420221434 0.0465685098614354 -0.0461832182889678
-0.0590654734941185 -0.0211378116447 -0.0575751402363579 0.0221624706643959
0.015855805158052 -0.0829452096464796 -0.247340966775228 -0.156131914682721
0.0769600204541527 -0.0370403877437194 -0.156338304776235 -0.524567190832151
-0.0513296331804625 -0.188753316741353 -0.179632562205011 -0.277624499519775
-0.155306178719736 -0.133919496574669 -0.189736444481439 -0.0949030055209362
-0.17218274138718 0.0585300536162379 -0.0732790950794413 -0.0165161568417074
-0.0327530773731262 0.191503226610329 -0.0143276123220442 0.0047476436131019
0.0892579655020246 0.12996380763809 -0.023154977530299 -0.0887455358054335
0.13021731153786 0.0556312936795664 -0.143802703325189 -0.118937858370824
0.148520401101233 -0.0263297039776574 -0.240275257246637 -0.0765118717047886
0.152029772510177 -0.0415529402192345 -0.275609542045712 -0.0411199930303268
0.165267021432605 -0.0173290483633799 -0.280330190304263 -0.0821417321094956
0.1493351081638 0.0881059161941714 -0.201371440016169 -0.184175765004444
0.0661784102028193 0.164800331865863 -0.0316655845729088 -0.197713960784458
-0.0725489726935141 0.212583611051843 0.0448197439815624 -0.0324528327250348
-0.222351378888571 0.0294840476957176 -0.0852065656353943 0.0359694355787617
-0.145491715771135 -0.190780371309367 -0.256786528792833 -0.140239975248672
-0.0258984776157091 -0.225022605454205 -0.154671980124214 -0.478819049256134
-0.117259052034885 -0.301442252984102 -0.169606021804976 -0.206203514268949
-0.253307051826371 -0.197554928996846 -0.17026120011729 -0.0720122397519022
-0.265150368347136 0.0792407465423185 -0.0865047192730277 -0.0177831879617181
-0.077004913002986 0.283465999275163 -0.0289955882528472 0.0211097659428834
0.105511632847323 0.226783143952288 -0.0157349068759702 -0.0554943610137757
0.194794366606146 0.127846279163627 -0.0946124073828067 -0.0878306580812146
0.242067240113307 0.0063866448794789 -0.162789674726697 -0.0709710222314106
0.248776916275638 -0.0225596218458028 -0.192799403934915 -0.0527949049399771
0.267830205064525 0.00973674490551478 -0.199716200524799 -0.0795751647667698
0.238242619103427 0.171618488661985 -0.140292801358694 -0.162957517164274
0.0930188650391533 0.285974573360157 -0.0059020449699939 -0.166499511503618
-0.124653313747117 0.349716644894243 0.0486324650206782 -0.0141868126571047
-0.364355671993274 0.0789333928453171 -0.09292568696194 0.0546974660028842
-0.291325718638942 -0.275719861448047 -0.23136016569679 -0.0969590515159981
-0.123344495190355 -0.37851248301149 -0.12458478007257 -0.371900993258683
-0.179969390309416 -0.377309199907431 -0.140062428158511 -0.0891827268076986
-0.347648338249993 -0.22894851260737 -0.116707773123119 -0.0332021869738515
-0.344380470347678 0.116242041024451 -0.0885739460276827 -0.027834363528719
-0.102244820496251 0.364147302119359 -0.0541550902351512 0.0314209505796474
0.123273299693352 0.303728714403492 -0.0153999319856319 -0.0045339715951617
0.242440702406997 0.1829283111147 -0.0311731254735202 -0.0337081067765431
0.3055150759136 0.0365586191302676 -0.0586646745607749 -0.0512277475345655
0.306297745917424 -0.00120474215590933 -0.0805912847286461 -0.0568727437928704
0.325699837584676 0.0361611175375599 -0.0871906339831361 -0.0685096175218068
0.287549612814477 0.230380830792774 -0.0531511952413937 -0.123327794536793
0.106451724772819 0.366337562207841 0.0316663423069227 -0.113079096359394
-0.158217740657582 0.437171450914187 0.0576928605106978 0.00982874083307401
-0.451572441807425 0.114209860653035 -0.0796447813337508 0.0737376993559997
-0.388071109008475 -0.32131823016662 -0.170457216956421 -0.0333370805147576
-0.194245182438418 -0.470240654667376 -0.0672510226312337 -0.219240484401305
-0.224187546646212 -0.401013762164257 -0.0869550102783876 0.0615298589986727
-0.408079268349836 -0.2225076233994 -0.0242918920912735 0.0174737217806023
-0.384731603864147 0.155187862506317 -0.075395418891884 -0.0427723880387853
-0.105773189902111 0.409580981767079 -0.0808785000561181 0.0424772357315104
0.133261152650203 0.33956700437062 -0.0114280290953158 0.0625869347921749
0.261066274151288 0.210220625665203 0.0451901624304674 0.0353389347300192
0.326033501372526 0.0592018316124422 0.0607088425543269 -0.0216303809202441
0.318178112276805 0.0193437374872192 0.044237622175893 -0.0526447653083731
0.328833404798285 0.0581373868590895 0.0355350096094494 -0.0503002831110158
0.284029616933535 0.253011295682185 0.0446665103911863 -0.0712778808765891
0.0945628365602701 0.379850367337705 0.073252552787204 -0.0464972274805016
-0.167613729653657 0.437404891259156 0.067681182761738 0.0370969317506549
-0.452234369123778 0.120049477598479 -0.05092855935684 0.0891206529472189
-0.401027015740808 -0.317918505519636 -0.0874733515801235 0.0349529193687592
-0.224569186481797 -0.479787745217462 0.00429202816680247 -0.0505043006658333
-0.237632690948662 -0.362610958805526 -0.0158964784519888 0.224984373256645
-0.403771510570359 -0.17887001849113 0.0926944131259242 0.0743453481065353
-0.357141560821087 0.170153206677171 -0.0447475697108338 -0.0547918909290971
-0.0880573131472725 0.379519545143872 -0.0978467864968579 0.0531943870330842
0.121285057325728 0.314658475379706 -0.00100283457579613 0.131772016515612
0.239043779895309 0.200579149708947 0.124709148745041 0.105486146522431
0.298973208170686 0.0704425181186849 0.177362462324675 0.0127773650967686
0.281923663744386 0.0369426531987253 0.162143587306804 -0.0406677741146349
0.280579505827585 0.0736054967758524 0.147726456662504 -0.0259751082903749
0.227774127587072 0.235398274915941 0.130283796378563 -0.0153487872371602
0.0565158251914803 0.323913668620142 0.105479073382203 0.0189514008418783
-0.153760411269752 0.341284884512035 0.0717800330460837 0.05780280011455
-0.359555049104798 0.0831179437756425 -0.0192950978746255 0.094037492646051
-0.325117550270181 -0.265376428678382 -0.00665115026403062 0.0891688889202265
-0.211048630574383 -0.408037079519728 0.0724504713223991 0.102295331887682
-0.209813681008128 -0.266940188079408 0.0569718581223968 0.374255378967483
-0.318701342008649 -0.110533279171723 0.205766013743729 0.128608143675993
-0.25870360600869 0.142289739983219 -0.0018565882916843 -0.0585321249207471
-0.0577719603132343 0.27002624677852 -0.0982688588497046 0.0553934449663591
0.0802385374932677 0.230072658098308 0.00890190928566432 0.184060298264293
0.17236561923618 0.156913256414471 0.188995822069411 0.164336967674922
0.221237106382929 0.0715475366169776 0.270967283613205 0.0476053369534762
0.202872554848978 0.0494695945239709 0.257082314274377 -0.0227744560708198
0.191049075878112 0.0796990449842818 0.232007069157577 0.0019471414171554
0.1362825382965 0.184071921957109 0.18561775158213 0.0374551091675129
0.00492359087417927 0.217773369093315 0.114299638268318 0.0696804943858827
-0.121360520818106 0.188115096489726 0.0627622438276983 0.0632113888496065
-0.210709371557806 0.0279852918415694 0.00512274495998032 0.0843921192223425
-0.193554992103312 -0.175023124256046 0.0508966291658591 0.116216721874828
-0.164376239158834 -0.272204873136457 0.125956323836588 0.213467761568507
-0.146318690828724 -0.125536427859306 0.117215149631407 0.485767842976062
-0.176852909076393 -0.0273341365353592 0.291875696191492 0.171314072724806
-0.11370936607257 0.0889053665640987 0.0465753622147863 -0.0578255117106769
-0.0176362257937666 0.112633570253226 -0.0862893572285075 0.0413054826655394
0.0234307551475853 0.106041824003037 0.0108909355438895 0.207498666054236
0.0732271944237197 0.0873265939693181 0.221737467087078 0.201147800804434
0.106578649380881 0.0612979388504912 0.324255964800878 0.0748834144818503
0.0930674470653945 0.0549624381310311 0.314266126521253 -0.00238061272692897
0.0782708864618481 0.0736869581284042 0.277204811311738 0.0273868521147732
0.0353794670270272 0.111525153610099 0.204933444872443 0.0803745466096177
-0.0392342638181298 0.0951405016525409 0.101118613547006 0.100995020125768
-0.0749046508070417 0.032834381327698 0.0436321480654466 0.0546276762326941
-0.054976710123987 -0.0158032616230769 0.0219140918836101 0.0624955996221275
-0.057246757330712 -0.0643978569445356 0.0822172937250442 0.115489361362475
-0.102434507702751 -0.103880828242612 0.158347907887765 0.269392156604674
0.0127849218416335 -0.0546374832465608 -0.194152696629184 -0.303415149778878
-0.059682839439991 -0.0491675549116844 -0.197636810835484 -0.0976864146894657
-0.0690635076057215 0.046568793676078 -0.0602691345248615 -0.0207553787844199
0.0213217894384793 0.0940446703185523 -0.0109912106005573 -0.0181804532108361
0.0705236196042044 0.0215912410275188 -0.0452005156648643 -0.108411649768291
0.0541630547365445 -0.0251298667879977 -0.191825219448857 -0.12246877410408
0.0323225530010979 -0.0587782590551285 -0.296149887417115 -0.0555543032481671
0.0292128932877673 -0.058277648051416 -0.328169940738228 -0.00969858915637481
0.0356304897060231 -0.0465637949933941 -0.331825520293142 -0.0631411445430003
0.0402610125259815 -0.00998250514972053 -0.247585571536467 -0.179242570938059
0.0326048141850452 0.0252857460818708 -0.0585886505805627 -0.215066583824469
-0.0106464609844267 0.056592927849222 0.0482508145363194 -0.0537034380796291
-0.0619445089418961 -0.0176794953907106 -0.0553433249715316 0.0208705632144728
0.0114581121961179 -0.0854131998467181 -0.258902830473827 -0.152244446891574
0.0759046704005501 -0.0414170157165355 -0.180427375119602 -0.534314675407169
-0.059306606125893 -0.193173916951626 -0.195540053297605 -0.281834633948446
-0.167844963752743 -0.131676247199474 -0.200972177902726 -0.089415144187973
-0.174092121637349 0.066516023956507 -0.0775499237780674 -0.0122626734943923
-0.0237390065558696 0.198921937253503 -0.0119571180541771 0.00765257596981577
0.0976467704901206 0.12933554558038 -0.0250650915549108 -0.0906774294911525
0.137502343835391 0.0515766629064491 -0.15280449850318 -0.117081330079097
0.151580755185296 -0.0339932573139886 -0.252220174671448 -0.0675379012237066
0.153855585300038 -0.0501037417012855 -0.287349790164899 -0.0305147943261674
0.169723215240489 -0.0268921859558417 -0.294773829658537 -0.0728130120474611
0.159771532278856 0.0841867989249999 -0.220551535143106 -0.182926806631891
0.0759682373283915 0.168783117284746 -0.0433708277747386 -0.207571108158341
-0.064525410090471 0.222850031905994 0.0462753097475125 -0.0399236781640344
-0.229861397284791 0.0404973916380962 -0.0818488967797239 0.037054279015553
-0.159924082449213 -0.19243288954989 -0.267406463858201 -0.13482785382598
-0.0349677986769872 -0.232387589077627 -0.177670443753909 -0.487737174541289
-0.13035587168674 -0.306820188284255 -0.182956008086703 -0.208628918739081
-0.272405550564556 -0.194346115766345 -0.181081876069289 -0.0662961313783277
-0.269987434518241 0.0911172835980785 -0.0910563135448337 -0.0126405366191536
-0.065296978028605 0.294605598863667 -0.0263955761360839 0.0245386579638534
0.118792751998312 0.229374477354452 -0.0175016310293566 -0.056130269201779
0.208055816766661 0.123753243378468 -0.10080569480984 -0.0876082644283789
0.250628609658775 -0.00428470557350515 -0.172116161105254 -0.0659841285895289
0.254852028908845 -0.035219724339587 -0.203606160318253 -0.0467903585073611
0.276005933139313 -0.00266751340017157 -0.210854831923566 -0.073826504652398
0.255075888237434 0.16736459370026 -0.156073294977443 -0.16380775886651
0.108057500274555 0.29392651753958 -0.0154596960429459 -0.175210904670726
-0.11279863461805 0.367013728745528 0.0501765417810914 -0.022351762256404
-0.374359981572697 0.0960699186193796 -0.0889316705126574 0.0573687018955829
-0.313842233612518 -0.276910410580397 -0.239865990052694 -0.0909531644614031
-0.140226343592733 -0.388648461322522 -0.140263721862958 -0.379343947318129
-0.195921490360151 -0.381651311441069 -0.147724386766517 -0.0885359802191561
-0.369543189078697 -0.224099969104034 -0.125364873178336 -0.0281006826996488
-0.349941156318502 0.131748280674592 -0.0950095021340623 -0.0232103727163184
-0.0887715696767754 0.380695007124056 -0.0519857714433559 0.036732674760784
0.140926640772963 0.309395789351749 -0.0150590057355977 -0.00291875810086795
0.260297605712213 0.179133563046641 -0.0325286291932938 -0.0344897955248392
0.316852391807511 0.023690771814327 -0.0636464726939146 -0.0514749966473855
0.316139544160108 -0.0159406538762731 -0.0875233368229059 -0.0564666196562856
0.33720583498117 0.0230742555309247 -0.0941112038711262 -0.0669107936607321
0.308645633108453 0.226671397928038 -0.064540078537095 -0.125747258861579
0.1252196406143 0.376622502929273 0.0249353577574931 -0.121596720238203
-0.145469413824939 0.457960368614593 0.0590476739141988 0.00175127654797633
-0.463424204532587 0.134933715328579 -0.0745227547007354 0.0774472205367499
-0.414627338913849 -0.322193378172872 -0.174113894976442 -0.028103472327873
-0.216483663854846 -0.480696481109994 -0.0751993946912918 -0.224685979509214
-0.243410767915447 -0.404567749340494 -0.0881521904877619 0.0659323221248745
-0.432193069555152 -0.215551569452618 -0.0281046570132917 0.0202895769075494
-0.390041891782501 0.174161476935381 -0.0821791691661612 -0.0383644702541624
-0.0915643024942983 0.42723770655377 -0.0792348523337672 0.0497037085955975
0.153136730773679 0.346957653342072 -0.00882151243295006 0.0665396017099582
0.281772993008989 0.206926655305232 0.0498464379202511 0.0334347917261502
0.340631086728029 0.0468757276561206 0.0612766818318357 -0.0274075688208408
0.329692638969241 0.00511921741076316 0.0409519233663627 -0.0579154344694915
0.341987704264585 0.0456909215761027 0.0337158221006901 -0.0535529281583534
0.305775075764097 0.250497005548323 0.0392995211652441 -0.0760463921298943
0.113495245450636 0.392360826221702 0.0706060694330459 -0.0534555137155807
-0.155090613964372 0.458066443181724 0.0698231923380814 0.0295075741296022
-0.464003189726323 0.139730100680688 -0.0444401941536715 0.0927571175334856
-0.428450997356214 -0.316498191006941 -0.0853977998787132 0.0395719982542663
-0.245965995864942 -0.489847559859057 0.00340401614526999 -0.0535301294360435
-0.256091488729776 -0.36582050422685 -0.00932282700432977 0.233697629425299
-0.425849483787933 -0.171929917628636 0.0946767355457386 0.0741738122976317
-0.361263888296476 0.187629724741709 -0.0519231504855149 -0.0520175794680828
-0.0757912524632703 0.39525583234848 -0.0966807496808882 0.0619479652874401
0.139120862008126 0.32129234193012 0.00455939427886997 0.138557972772874
0.258102810060454 0.197865245466892 0.13542584948348 0.103183805052788
0.313138612125926 0.0598108770320523 0.183751530978673 0.00258716656790966
0.293527627945122 0.0252804955764 0.163714026519525 -0.0505199842658134
0.292374304837978 0.0654688623200881 0.151609232509042 -0.0338911301802205
0.246085186770341 0.234760069880738 0.130709843938319 -0.0213270741761083
0.0722402954680438 0.335255113253046 0.106744782475732 0.013979320261418
-0.144417772768319 0.358614614580773 0.0736728812279483 0.0512768084817026
-0.36935766469029 0.0983125036468714 -0.0132824786996594 0.0968754996965379
-0.347459300604651 -0.266249356344629 -1.1050037661609E-05 0.0924721628168827
-0.229886359938563 -0.415301190876959 0.0801953950544115 0.10151552384959
-0.224518769133364 -0.267186341192346 0.0711560100821631 0.385925965100618
-0.334240887651617 -0.103841321464401 0.213617134524609 0.125387122042667
-0.260970743822979 0.155429598986703 -0.00762513931587822 -0.0578626974369476
-0.0496758080326863 0.281073742671159 -0.0981222502013884 0.0641748736594375
0.0930822833541419 0.235896921636556 0.0169236715755685 0.192914617994373
0.186337005591343 0.155158912964993 0.204680369461157 0.16152418029614
0.232779356141954 0.0638391557448145 0.282364127907263 0.0341350279171403
0.21339378156947 0.0426366137510183 0.263397581512017 -0.0362059830632948
0.201306279156947 0.0754521746726937 0.239864886870719 -0.008131725500222
0.148928738722084 0.186175362542304 0.190897423634485 0.0310693489269195
0.0134244872905249 0.226599302083196 0.118291940884382 0.0671010304786829
-0.118406453069841 0.199148308210245 0.0639366136678735 0.0585065142378414
-0.217417166561565 0.0352916155588204 0.0103011503722285 0.0863972464307069
-0.206721737060892 -0.176483431009172 0.0603563960864217 0.117922547596245
-0.176183242805496 -0.275985421595459 0.139204391911736 0.214834857657245
-0.154640808478555 -0.123553669021825 0.136975368880856 0.498636931389511
-0.183059349082408 -0.0219132144332371 0.304729421328725 0.166528615943105
-0.113965473167669 0.0955051390038175 0.0428415539667023 -0.0582700720662889
-0.0153485742966833 0.116568519276327 -0.0872797003076712 0.0496084047396037
0.0286840669761878 0.110417708291696 0.0208741115843086 0.217314997754605
0.0801158823226735 0.0876521806660432 0.241234788052101 0.198531277236007
0.11397232087775 0.0583236901705255 0.340172464178982 0.0604060138796157
0.0997429028165529 0.0529649311741585 0.323699719050453 -0.0171337771227788
0.0848685437548118 0.0744947948260207 0.28810534607359 0.016549687245833
0.0409486348033666 0.115608471297489 0.214270401540883 0.0744963332571376
-0.037043122487119 0.10087934467929 0.10569228263055 0.100601235941163
-0.0779202254826776 0.0365700996504051 0.0441721193596614 0.0512021349337068
-0.057730493355234 -0.0161439669919396 0.0259752648353964 0.0626312732493931
-0.0612255505510624 -0.066517187959509 0.092524815592594 0.117074868814858
-0.107173938876656 -0.103984300797096 0.174245711167978 0.271670515588562
0.0348281342062134 -0.0397706945899868 -0.0401369046149136 -0.367859180003198
-0.0332094361480492 -0.0685757444390552 -0.136847376751338 -0.174812565814029
-0.0833218873997206 0.0130071880781973 -0.0440177733936944 -0.0434459203355714
-0.019990022024715 0.0949685601495137 0.00210004806436461 -0.0192340496653552
0.053310286426361 0.0507916740726451 0.0115686109413126 -0.120711308107122
0.0592944649725182 0.00215719563088154 -0.117561467919 -0.198062875326332
0.052505064957871 -0.0400394533483802 -0.243823813276544 -0.181231495146438
0.0509958770925595 -0.0410772645438823 -0.291538626992195 -0.151102296561897
0.0508052093322484 -0.0273832390745264 -0.27373242219446 -0.200175778609915
0.0397473582274657 0.00807830240810226 -0.147460760531429 -0.269813827043506
0.0187422089936251 0.0367992101969813 0.0405856191487361 -0.222493673991436
-0.0322498758685716 0.0456500935717716 0.0688439128032365 -0.0285241896302703
-0.0489953253476543 -0.0425561312606996 -0.0555146579882867 -0.0108756059879407
0.0420865350291956 -0.0740903301385549 -0.1606319233891 -0.257668979871171
0.0845763072085539 -0.00520609036156585 0.0974853715791975 -0.566590566325465
0.0325998130893226 -0.198215076106214 -0.0542445178481365 -0.347034964785223
-0.0952483296025151 -0.192121176052788 -0.142668963317762 -0.1643684654154
-0.187074841613133 -0.0163997703743772 -0.0610415077753467 -0.0410897205058248
-0.105701403883738 0.169238621481562 -0.00663341399504727 0.00523396125580117
0.0299911594580582 0.160601337453914 0.0263072489981089 -0.0963594082071848
0.101920563192709 0.108067393904254 -0.0838284412235222 -0.179636547669085
0.150928807514855 0.0349088971061047 -0.197830838616185 -0.174104497561551
0.162307493957918 0.0219550981953726 -0.246229344154554 -0.153830262960713
0.163512598509655 0.0489060021400549 -0.235559158120802 -0.192281584820847
0.108738966898241 0.145026992164752 -0.122397227844571 -0.258862392182706
-0.00468834399482062 0.188479890783611 0.0475616997769035 -0.205843078964667
-0.153053483518547 0.171504351674077 0.0564583074436484 -0.0157983485244797
-0.227411973838529 -0.0667056041088635 -0.0891737726632399 -0.0105803943190468
-0.0647714435678364 -0.249373709294186 -0.172070711000891 -0.247886091435691
0.0700330044171463 -0.227960194376994 0.0799759483910633 -0.522880791226148
0.0216806289202994 -0.33369032213767 -0.0785592892688586 -0.271643589700748
-0.162081418070917 -0.296280587783714 -0.134036686400953 -0.130995087492367
-0.285216634783034 -0.0371814893960131 -0.0709420416237379 -0.0458999859420487
-0.185208059991145 0.236593959384743 -0.0243257976476927 0.0158334176775765
0.0042116772374165 0.260811084083057 0.0229128514264209 -0.0622434410595361
0.135249266996442 0.205531048912653 -0.0478139068484116 -0.131244135732027
0.229199087183034 0.105877037446767 -0.126020510682492 -0.139704043019875
0.248736300684984 0.081709638718404 -0.161968216501616 -0.132242668991635
0.25037479775527 0.117543933203745 -0.159188343360631 -0.156959260579097
0.160656695260908 0.262710651349337 -0.0744351498641566 -0.212515899782631
-0.0300506318447935 0.317273464967538 0.0553315898556107 -0.162690132576431
-0.258900607741905 0.279590171642473 0.0469815834869727 0.00311334141173348
-0.383034513076851 -0.0832474389444951 -0.106964706818169 0.00237237055758244
-0.165904920264676 -0.394502612548072 -0.163211772057082 -0.197403854617696
0.0460151332117057 -0.415795166493202 0.0648345075460729 -0.408011337553585
-0.00113881710323021 -0.432559648345079 -0.104220774694667 -0.144916641148113
-0.238574392442186 -0.369471316495014 -0.0991633540416048 -0.0694770963900419
-0.377288030393668 -0.0368611089666793 -0.0679429329814788 -0.055083745745874
-0.244972815781523 0.303880913142364 -0.0505998665043427 0.0163193601765491
-0.0101908672248096 0.342813926137523 0.00417304670583613 -0.0127612007978366
0.158963250466569 0.278477062197972 -0.00873193335278485 -0.0549072169432143
0.279230724944909 0.161285557648076 -0.0335199790157281 -0.0800341022518785
0.296925869592216 0.126149864499746 -0.0536438947081018 -0.0916834073240664
0.29490086602095 0.167816635642558 -0.0568624172497621 -0.100078920760437
0.184397353583697 0.339653600660358 -0.00910438522025033 -0.137652051597369
-0.0507309881060577 0.400828249868842 0.0651038663695373 -0.0940482381487467
-0.327653092895094 0.349387385730554 0.0398563160577517 0.0287673994908443
-0.481676252510043 -0.0873635273542539 -0.104938290618669 0.0256984617251695
-0.235718457885275 -0.480171612674221 -0.130006665756948 -0.11081632807913
0.0201632806449586 -0.534234162818597 0.0495526301584632 -0.23665674184961
-0.0313217381864148 -0.477650276976007 -0.121173195391613 0.0248560621045769
-0.299829415543375 -0.391583932040589 -0.031222477582933 0.0191546460537644
-0.434508069701645 -0.0170770163631636 -0.0477135213757613 -0.0620166707885127
-0.267872017809367 0.344168094071763 -0.0801474079087901 0.0166038525624254
-0.0157258935550713 0.382249811054187 -0.0194782605386148 0.0536439293482807
0.166626231272144 0.312746012831322 0.0364386833954237 0.0432702775688884
0.292405370233015 0.19268243950011 0.0689589186251023 -0.00339326471839192
0.300913310734425 0.152709995001173 0.0629568313620113 -0.0382172891232954
0.290017432251145 0.190501733229854 0.0529310987426793 -0.032852044740794
0.172498156784811 0.360869597393188 0.0612807405696066 -0.0481788882957715
-0.0675399937633871 0.410123129354417 0.0754090652545249 -0.0122541924627222
-0.336718384932337 0.344583810843659 0.0356528272888049 0.0577717937337869
-0.483753873587618 -0.0823978004857684 -0.0863171249413799 0.0537696874827509
-0.248590277119068 -0.480898413197104 -0.0811447158822704 -0.00859929181566817
-0.00273187632815894 -0.553429644045027 0.0390994699207081 -0.045110880979836
-0.0602860034166027 -0.450090198861458 -0.125405719715533 0.214820954933614
-0.31338473609371 -0.350014497979454 0.0568764571343114 0.121334331112633
-0.413891177848238 0.00702248137732882 -0.015403158995354 -0.0613605359762056
-0.241778626909938 0.321791374926309 -0.103183725069858 0.0196935764451261
-0.0174592464324558 0.353239637895426 -0.0410712880022394 0.1257961830745
0.148868081658967 0.294005943088657 0.0824809242848308 0.146056372333226
0.262873217446351 0.192071189396129 0.166370084291071 0.0785590117254481
0.260186951144275 0.154988528849688 0.170429738961862 0.022463723310633
0.237817220596892 0.187085523207279 0.150117454500723 0.0363451630523597
0.124285856310738 0.321819911123235 0.121166282699379 0.0403906512386591
-0.081608491691871 0.339088861837444 0.0793923832252845 0.0628577231658712
-0.28404101707232 0.259685747224686 0.0306690253491539 0.077700379396996
-0.378569917273866 -0.0792652903311796 -0.0593367944043238 0.0740093435670004
-0.196230335664529 -0.398345570653088 -0.0297238532491999 0.0808613818467439
-0.019916493969128 -0.477337998263883 0.0319986859107329 0.131192209881424
-0.0769114299243358 -0.348556556178523 -0.119412312693021 0.390477641559827
-0.259830002878474 -0.249298550637252 0.140785764365943 0.218131370549512
-0.308928739648908 0.022971563823636 0.0245227285847039 -0.0485737466446711
-0.167745861354204 0.230381736611441 -0.109910714486338 0.0201881285188569
-0.0203927666618251 0.254622187302281 -0.0581469691055554 0.18335097326217
0.102390233188912 0.223443142992688 0.118456242228844 0.233636815125147
0.18877753396458 0.16112208272549 0.242028063014568 0.152183689191218
0.178573763981552 0.134420432760365 0.254010983766188 0.0787322411735944
0.150647571819876 0.156160613332524 0.219316609554331 0.0965741997177562
0.0574935748571524 0.234944241122127 0.15364211484443 0.11219469883399
-0.0870254374789922 0.214912881562179 0.0680074730868513 0.113639714796382
-0.19212506841012 0.12716817822597 0.0226469761548427 0.0773086491648642
-0.211838360758993 -0.0678768999268437 -0.0316464450143904 0.0780704199924577
-0.106782431231107 -0.253045002768942 0.00971091118372212 0.134696714460813
-0.0339334793583208 -0.327831997770422 0.0281446132309822 0.261151232008768
-0.0790573006901827 -0.186492104275664 -0.107386980827279 0.523279697729223
-0.157949251141611 -0.107425276081441 0.20299881377779 0.290324232523314
-0.14755941786726 0.0347863566814385 0.0662526464241165 -0.0300367709725769
-0.0657041328400041 0.0971350864210857 -0.0990253232088404 0.0102140889372556
-0.021754230589399 0.111960041302861 -0.0725795679522131 0.209293463591853
0.0359961072495616 0.11395012795731 0.133230237464329 0.28683086867227
0.0820168940419884 0.103664808171724 0.282533115550363 0.203972911143369
0.0700170441458175 0.0936537163442728 0.299926289817765 0.123415696237711
0.0456298888842537 0.104840910429423 0.252347138687552 0.138973331963645
-0.0108420146159207 0.123566234856474 0.157425300499877 0.15991833422482
-0.0779250578493114 0.0770695168874115 0.0449551474613226 0.135937080741022
-0.0861031315722073 -0.000852970069163802 0.0121277908716111 0.0609357698275943
-0.0447840545574604 -0.0419567189082015 -0.00467836900618818 0.0665507141005369
-0.0233613324836836 -0.08807969858965 0.0352382667857267 0.15013132960014
-0.048009841440915 -0.141355484901209 0.0295596468208481 0.328414396611757
0.0313915817008266 -0.0413290538392318 -0.0544362982590809 -0.362080272395273
-0.0383675820638732 -0.06537290399585 -0.143815102737258 -0.164717626168954
-0.0814685776600191 0.0174192435243412 -0.0462156065297971 -0.039312676564233
-0.0130500566162697 0.0943577252805536 0.00200817423673078 -0.0163391590258061
0.0551726954649005 0.0464033865550295 0.00898634616777492 -0.118789575571155
0.0590076442741375 -0.000951128425613725 -0.123951927897224 -0.189371894168256
0.0491743442368097 -0.0424493192554073 -0.248619129738041 -0.16380225882601
0.047371751581544 -0.0441252747580168 -0.294803006400853 -0.13350432561396
0.0481192930223386 -0.0316334683272552 -0.280137330581015 -0.183865427099443
0.0404384434022341 0.00464891951330802 -0.161204081714287 -0.260301494818914
0.021343689892704 0.0359696147659876 0.0282998013798134 -0.225549603284734
-0.0281081032998319 0.0471183569768567 0.0691415132195525 -0.0342287885037542
-0.0510006362506802 -0.0384705859479152 -0.051628312072429 -0.0112861694283945
0.0364360065988222 -0.0747213099334997 -0.167987973931014 -0.246087676500191
0.0816680550185408 -0.00956168547444445 0.0705260913116106 -0.560185866524272
0.0248363396137608 -0.197107915884591 -0.067312982322208 -0.341213973022212
-0.104818057213993 -0.185026831112454 -0.149829500206438 -0.153676902556932
-0.184110389346435 -0.00719090203910929 -0.0637912757127996 -0.0361377856728424
-0.0935171131167614 0.171767254706065 -0.00513385339960299 0.00784483602006254
0.037650236280061 0.156166353470382 0.0236050980702938 -0.0953001463019522
0.10661454697864 0.101435396218247 -0.0894933184649459 -0.172495508182063
0.150117772054481 0.0261521563258733 -0.20343827907047 -0.161176583616503
0.159860789398614 0.0118523520159363 -0.250286361185674 -0.138777588524605
0.163379314351339 0.0381808306144617 -0.2418770124147 -0.178543148590196
0.115453299660348 0.137674755057896 -0.136301132206086 -0.251419450790505
0.00476302107760013 0.187367627052093 0.035636174510173 -0.209490764728346
-0.140737929049821 0.176646297120635 0.0571315545903173 -0.0220938379841635
-0.227783416669003 -0.0551298892658637 -0.0839661424912069 -0.00816419815016979
-0.0763302827402507 -0.243922056719688 -0.178221023276494 -0.235492037188083
0.0587210764304368 -0.228708458748845 0.0576457224867458 -0.516423567697221
0.00889891733207679 -0.329879257548826 -0.0887554279142657 -0.265656367459494
-0.174852493259103 -0.284965010024725 -0.140571193514824 -0.121933495563041
-0.281390731789053 -0.0238901904081733 -0.0744970730234496 -0.0405445704851278
-0.168811925089881 0.242609865424045 -0.0218826687093207 0.0190369405109392
0.0176361218888815 0.256592438865997 0.0209328125904094 -0.0619144400305324
0.144181199514661 0.195341243446348 -0.0521939371040632 -0.127673108048765
0.231099718858527 0.0917576569491354 -0.131038067724469 -0.131087604078968
0.248096702910478 0.0663531225742576 -0.167362002167418 -0.123222405236801
0.252169810565444 0.101992164354273 -0.165203470555737 -0.147517049855122
0.172194528575656 0.252189709846201 -0.0877317048950472 -0.207740581355101
-0.0143955889187617 0.316359819515183 0.0452936045256056 -0.167448459780687
-0.239765220955931 0.288175492454515 0.0473348366700301 -0.00391386237077078
-0.382595651797184 -0.0650114000726583 -0.100161400179447 0.00568890174904121
-0.182727611544519 -0.384462842141913 -0.166937631807513 -0.18562182373552
0.0286955403102455 -0.413069269721583 0.0469689269332236 -0.403667236286985
-0.0173744855732181 -0.425898500496624 -0.1084719583177 -0.139183981493382
-0.252093175236893 -0.354045686766845 -0.104065910499447 -0.0633358645559786
-0.371973959419725 -0.0206887443434677 -0.0720575898671705 -0.0491962626875637
-0.223897786939518 0.311382780629591 -0.04697319380235 0.0210296423094847
0.00680323107068897 0.339042410212273 0.00457353215840889 -0.0125056907858704
0.171983866576069 0.267520906255934 -0.00998272650089052 -0.0537311502421433
0.283838551531301 0.143818391883828 -0.0375965407404145 -0.078201629653262
0.298910281499661 0.109311953985708 -0.0585558783318028 -0.0886341619031193
0.298508994082953 0.149668179196749 -0.0608574799954884 -0.0965833807519895
0.199577024210943 0.326603153100686 -0.0199777425774086 -0.137152731133837
-0.0306049655565707 0.399788237000595 0.0574320325560926 -0.100146768921557
-0.304023994937908 0.359073734745309 0.0406901701611312 0.0214100032211397
-0.479481561265663 -0.0648227307730043 -0.0979952512934438 0.0296907709625818
-0.25486633859302 -0.466386718699333 -0.13062977914567 -0.102049238234483
0.000625514873491915 -0.526304358228347 0.0407831182865557 -0.236272063889863
-0.0472122342251123 -0.468215212542192 -0.118585778725508 0.0289277282185716
-0.313603410236017 -0.374683651588501 -0.0340392505007925 0.02087574458925
-0.425417971647285 0.00011349810995039 -0.0531286953456685 -0.0572376983322646
-0.247217525807646 0.352417713540078 -0.0764717137886175 0.0225815636785687
0.00257221723160328 0.379020655638944 -0.0164046729828137 0.0548873271012958
0.181060989569277 0.301514011791133 0.0394825128149363 0.0411414551164803
0.298556041603627 0.175144118928979 0.0674165980589141 -0.00821590074372119
0.304501320978027 0.135247048036385 0.0588927625913111 -0.0422713213753234
0.294742533571854 0.173830138157987 0.050379550846304 -0.0356833367852838
0.189199503508 0.348836978335571 0.0548469011368631 -0.0515552770320251
-0.0474284599970051 0.410436483139053 0.0711530133173349 -0.0194584747562018
-0.313066798894154 0.356706822032245 0.0364833485666048 0.0496468104345008
-0.480177890766596 -0.0605574246095714 -0.078715897813275 0.0563139625759811
-0.266632113179426 -0.466844677719079 -0.0768120430370659 -0.00294327460894414
-0.0240126834700651 -0.544507653657795 0.0385388539530756 -0.0471572033843408
-0.0756761305868011 -0.440163198787386 -0.11511103433279 0.216675499111333
-0.324128259660213 -0.332480594419963 0.0575320848026423 0.117813305859706
-0.406906591101393 0.0241694789527351 -0.0208267305121809 -0.0571922324435655
-0.222829505321382 0.328302442505685 -0.0995678520391648 0.0272428377844947
0.000419421740573324 0.350693029846278 -0.0343547691079971 0.127825148992074
0.161786559357333 0.283605270385666 0.0904484127564475 0.140509509551437
0.269158772624814 0.176345410365693 0.168681747521411 0.066926034566654
0.264266005239084 0.139057374750713 0.167340892315024 0.0123320812778803
0.243751933490859 0.173013082793622 0.149813617728274 0.0274596844342313
0.139256274455133 0.312331311537691 0.118349710287719 0.0333339761575887
-0.0636131120422942 0.340921467957101 0.0780573601409282 0.0557974522562035
-0.26703786567289 0.269277907226251 0.0321808486242692 0.069681096061904
-0.376681002558206 -0.0618523005877043 -0.0519020162660983 0.0761377836920101
-0.211007514412759 -0.387631389358621 -0.0219287778963928 0.0825410149025002
-0.0380481740946558 -0.471371534970367 0.0385621011003368 0.127045658078992
-0.0882488783937609 -0.338511531237194 -0.102104243705996 0.390054006073456
-0.266487240608244 -0.2354356512775 0.144436535570671 0.209050834562938
-0.301693627732744 0.0351100794745064 0.0191279386176411 -0.0463101298282646
-0.155943872900552 0.234168506527035 -0.106840132465329 0.0285367180802599
-0.00789947327625563 0.253899132374741 -0.049171303679486 0.186345655377572
0.112593405727163 0.215975718446435 0.130521841356198 0.224874547196026
0.194227105089206 0.149084225790957 0.247276346274174 0.135796191202286
0.183323189001407 0.123695975774317 0.25317307212034 0.0640180185912795
0.156146643059091 0.148288002166181 0.221485599549255 0.0840437173752821
0.0684937283180478 0.230282743794529 0.154992069879927 0.103245096773939
-0.0757858507693941 0.217969661421668 0.0700373720719629 0.107222652553581
-0.183154162286646 0.134742882305084 0.0234173196961883 0.07083392575907
-0.211821956610998 -0.0586516709183661 -0.0254415695553949 0.078853001985051
-0.116582137721789 -0.248929460142957 0.0191842373752124 0.133555930359479
-0.0451964753894819 -0.321646588237904 0.0400019092836207 0.255187820466905
-0.0842192562538679 -0.178718337053302 -0.0856146037705765 0.520064084475667
-0.159424736113117 -0.0997433420625013 0.209826035946199 0.277450533549787
-0.142569865863748 0.0396632077583788 0.0608128232961794 -0.0304366311317517
-0.0615992466174774 0.0976592910226575 -0.0977657778662323 0.0178289885235673
-0.0170109182604435 0.112738274895932 -0.0610572559065653 0.213253072051911
0.0409395057510425 0.111208493147837 0.14775862289756 0.277314343079186
0.0866537400314853 0.0975904161982829 0.289822951434136 0.1844282195558
0.0739236983267703 0.0890748049350661 0.301211354217231 0.105054947929779
0.0510522295382041 0.102990195776344 0.255714886985168 0.12513797062759
-0.00472564434418138 0.124022430627705 0.161843985438193 0.150312439624514
-0.0736990353124869 0.0807076200519296 0.0489255982033022 0.131541393179656
-0.0858587941365173 0.00312448753302107 0.0123445294224285 0.0553706967316782
-0.0452240188646245 -0.0406825762789904 -0.00131317808985119 0.0658247652343194
-0.0260622478324498 -0.088191672472016 0.0452304411121381 0.14725092795748
-0.0512270683766543 -0.136472149448119 0.0445508048461219 0.321370080616639
0.0291071125441228 -0.0421570918002143 -0.0615540321395438 -0.353916519170228
-0.0416938259586696 -0.0620823931095237 -0.145246809865167 -0.155626238432354
-0.0785785737817479 0.02015298636022 -0.0477973483806505 -0.0357063272989945
-0.00827800648830238 0.0928333569502998 0.00226640941813417 -0.0127225522505458
0.0554805231244467 0.042603115964014 0.00800255247039769 -0.115663359926161
0.0578985912719473 -0.00340151094776471 -0.125507454858169 -0.181108520389373
0.0460795306025953 -0.0436225016288044 -0.247213357064844 -0.151031811774895
0.0434980820574881 -0.0457705768265697 -0.292066500262623 -0.120256933444131
0.0451962634046867 -0.0340843371736992 -0.27955258046886 -0.171300976172204
0.0401335274847824 0.00270386489032936 -0.168291076627811 -0.250626498209169
0.0228660313635699 0.0346187061413874 0.0193527301403972 -0.224849683938241
-0.024943003991771 0.0469211245964838 0.0689165486492265 -0.0389055529220781
-0.0516735928708665 -0.0344520705621136 -0.0476101118815284 -0.0133880790675864
0.0314977864053519 -0.0731328264432606 -0.168261472798983 -0.234865222188184
0.078075662978238 -0.0122796322233816 0.0563867747351993 -0.548554089692211
0.0195428431613736 -0.1936240751591 -0.0745762818977733 -0.332938854153743
-0.109480672589553 -0.176963910768714 -0.151570905975118 -0.145240361541686
-0.17918824168338 -0.00176570251870925 -0.0647815027726388 -0.0325115823128977
-0.0827419130453401 0.170153914244898 -0.00342749410352389 0.0106898391294045
0.0420865388874508 0.150769972278002 0.0224152632332202 -0.093789598599898
0.107931351738428 0.0954422203072413 -0.091860636940544 -0.165950841473834
0.147171722039364 0.0202153668719277 -0.203162483495755 -0.149925369771944
0.155428168760796 0.00527530723349314 -0.249173921912317 -0.127749731624666
0.159998896035892 0.030622208344491 -0.242494704294036 -0.167493834106256
0.117886019381436 0.131176145777952 -0.144681953549532 -0.242932693469005
0.0109659320197584 0.184381277589625 0.0267964389526423 -0.210072070000084
-0.131332808741805 0.17650540464399 0.0570153908559715 -0.026893517744816
-0.224830252457305 -0.046980800442499 -0.0778353465455035 -0.0087460741189595
-0.0833968309700125 -0.237337549979335 -0.177090447696581 -0.223854883970975
0.0513402478487061 -0.225848436095871 0.0453865975279811 -0.505227557611859
0.00284593502022817 -0.322849430411467 -0.0925355576048567 -0.258706428002385
-0.180528650610409 -0.273178835359868 -0.142039087570562 -0.113883102897489
-0.274108950682853 -0.0167104457879087 -0.0752004654736316 -0.0360383491001167
-0.154269535020868 0.240915071543092 -0.0185651306833881 0.0215095762363118
0.0257900413045843 0.249970651173797 0.0199607297789155 -0.0609874772421753
0.14801899898658 0.186123114201773 -0.054067699930349 -0.123242234277528
0.228713758041365 0.0811634737804439 -0.131956644679233 -0.123683260053132
0.243000655434258 0.0555913470864753 -0.168111726384943 -0.115519636165163
0.249291298413488 0.0909177919107328 -0.165171081973518 -0.1396961832873
0.177482160401491 0.241626029351945 -0.0956119685875221 -0.201574783058612
-0.0036569489399275 0.311939493641738 0.036245943363858 -0.168964826341918
-0.225112186050301 0.287932928445698 0.0468015793159902 -0.00959421048060697
-0.375424029475429 -0.0528490405130494 -0.0931892351286856 0.00672437867733582
-0.189916440003916 -0.373739358497821 -0.165574706196365 -0.175665615347911
0.0186594097984963 -0.405046504088994 0.0382411915537757 -0.395344120116168
-0.024018786076788 -0.415260583252389 -0.10926496879384 -0.134330743608057
-0.257958545296598 -0.338974508598038 -0.105739782503834 -0.05748472233899
-0.362589073114343 -0.0113299947539939 -0.0739053196267693 -0.0442895154097926
-0.207641254736956 0.310450451918221 -0.043044614778424 0.0244005449076505
0.0174985555883356 0.332002850856526 0.00463038341624556 -0.0116115371219518
0.177321532264033 0.255765260614009 -0.0102311439067217 -0.0527615914323421
0.282674990500591 0.13157512663976 -0.0389371184185882 -0.0758461150423501
0.294054246725486 0.0955802229439895 -0.0612387674951948 -0.0861640378230467
0.295818227063731 0.13646189189253 -0.06270018512463 -0.0933442530237618
0.206598180978204 0.314959622572012 -0.0276558608939236 -0.134478501623926
-0.0182229876722299 0.394858181420464 0.0499950271006127 -0.102962431116789
-0.285705709240814 0.35940597237895 0.039522180920707 0.0148765783787924
-0.470892902425273 -0.0518696479874113 -0.0901415240542983 0.0306049749744217
-0.262855655179717 -0.453199373620375 -0.127598879827317 -0.0948144716671302
-0.0117196435500376 -0.515967147733699 0.0357853551674663 -0.232628340658672
-0.0538479159867254 -0.455529112996151 -0.115641950956315 0.0300270748906906
-0.317820226774963 -0.358762296607433 -0.0362861553756162 0.0229217969314471
-0.416265798986777 0.0102393740894919 -0.0557198026717696 -0.0521417294676627
-0.227967410346604 0.351281638446948 -0.0716011644986137 0.0266665616516944
0.0155248208133716 0.372020946817273 -0.0139817553186998 0.0549158323294972
0.187780116973598 0.289959823666588 0.0412881714776629 0.0383697550781685
0.298012205739914 0.160628890237452 0.0658817237164205 -0.0118991489063672
0.30082135579931 0.120580998694011 0.0545133069801296 -0.0438904327654805
0.293084655238423 0.161010994906759 0.0483326556558248 -0.0369242963901936
0.196579244087472 0.336578541410602 0.0482703501238594 -0.0529077796643487
-0.0339590910045327 0.405322167815503 0.0658293143489278 -0.0235791460711819
-0.294583622537784 0.356376473980772 0.0355775875361684 0.0429104663115399
-0.471960867653217 -0.0469097203384881 -0.0711629772842576 0.0570397848570936
-0.274151845558764 -0.454784071895112 -0.0719271501132819 0.000222841278619892
-0.0346421651376387 -0.534035163932524 0.0378975930263035 -0.0482691370785771
-0.080533818231809 -0.425677621421712 -0.107973923727999 0.214097248771024
-0.326106660452721 -0.319172086706178 0.0557555019607202 0.115257014651974
-0.39574605715763 0.0316977152393057 -0.0246420606400105 -0.0527704830325712
-0.208645823146502 0.328028542804858 -0.094104573606352 0.0320940821059455
0.0112235267404381 0.345325315678053 -0.0299429540506378 0.128248837835277
0.16847792675692 0.273377013054761 0.0944403164256956 0.134820037399158
0.269144797815156 0.162832196375391 0.1669453584322 0.0582613635445742
0.262056743882493 0.127144826516395 0.162513121892614 0.00581040446295175
0.243639969962127 0.162654432766721 0.147748844942638 0.0210625307512872
0.147252235496965 0.30347130619908 0.113394427707968 0.0281107479156297
-0.0515873276844518 0.338192789023286 0.0751063369958705 0.0504743632131481
-0.251899443406436 0.270835130622818 0.0305289833287683 0.0625518150981586
-0.369690397746313 -0.0518982443113913 -0.0459169837809382 0.0759296493379241
-0.217852368237261 -0.376664487258029 -0.015932370065721 0.0826954651378181
-0.0455794452378303 -0.458531848479087 0.0423713847106333 0.12112924214843
-0.090945812685191 -0.32673872527911 -0.0917762925538765 0.38434610471957
-0.266455200204325 -0.224556047897087 0.14275653621719 0.201043604265203
-0.292034616147906 0.0395802500333326 0.0144172975811487 -0.0430748700286358
-0.146815322739021 0.232810471925765 -0.10282579393368 0.0333734381936774
-0.000956512044663086 0.250354493791955 -0.0425296214238621 0.186320242260626
0.117139755162497 0.208377913434207 0.137036620790414 0.216786046298069
0.195350712307073 0.139104906384051 0.246330937368505 0.122665711431617
0.183096410863408 0.114965567637049 0.248183351120162 0.05344431457812
0.157973607260517 0.141164726168681 0.219360728346571 0.0743272573203132
0.0749526789729717 0.224979293730951 0.152429492233963 0.0955937398816472
-0.0675297143376916 0.217098562351965 0.0687791402668006 0.101756455820603
-0.174861312371084 0.136185572034177 0.0221139344489711 0.0644871333671417
-0.20782551971963 -0.0527754368717532 -0.0208417842982567 0.0778956157806995
-0.120866868412907 -0.24364722620882 0.0263003925680471 0.130728127347222
-0.0498004717240457 -0.312978913360849 0.0467984099218111 0.246770498852125
-0.0839280464765522 -0.171126880084217 -0.0718776975534085 0.511672781338339
-0.156708513570477 -0.09380720882258 0.208840541495249 0.265331141722014
-0.137043303751017 0.0411439377230648 0.0560655626943021 -0.0290317824208163
-0.0590635565465183 0.0968918264615327 -0.0951132114548353 0.0224817475938523
-0.0136543229829257 0.11197509404219 -0.0538936203616396 0.21274012623311
0.0433635839809398 0.108214915488432 0.156074098257486 0.267339464199705
0.0881014926770122 0.0922044089301676 0.290058948866579 0.16956290860365
0.0760182818844665 0.0849889872207326 0.297061711002084 0.0924348404514943
0.0542232763675408 0.100743850846523 0.252743384731731 0.113824618726414
-0.000640412638087895 0.122683550252364 0.162134368865231 0.141542465590159
-0.0699275883477224 0.0822359941974732 0.0490888776767287 0.126614636776129
-0.0842528205434512 0.00522494527636966 0.0108872811892401 0.0509381158250279
-0.0450177463488995 -0.0402946041005863 0.00104739216049818 0.0647653609871727
-0.0276818222578529 -0.0877692689998358 0.0515958419362446 0.143136319004423
-0.0514281932456864 -0.131693928887772 0.0521703666174944 0.311824998174957
0.0271756843863838 -0.0426667249696351 -0.0651098898871861 -0.348031048171538
-0.0440491616879048 -0.0594533880804943 -0.145435149214973 -0.150617819938195
-0.0771563416839414 0.0218001081474365 -0.0488662381933343 -0.0328804094352254
-0.00460136698381574 0.0913876617910586 0.00349430197401355 -0.00961922591828514
0.0554710784118442 0.0401399214974212 0.00892998780512105 -0.113381617049779
0.0573631922507537 -0.00524352677940841 -0.125540389105686 -0.175068563993775
0.0438775904250601 -0.0443921260091446 -0.244501681406708 -0.143119254573248
0.0409959298274422 -0.0465510486890943 -0.28902601379559 -0.11269586198435
0.0429356922024318 -0.0357815129637874 -0.278875033646827 -0.163519702341189
0.0404388583264736 0.00122938588002841 -0.172736050512177 -0.244939677673202
0.0242599111497854 0.0339506218430683 0.0133653107306046 -0.2247347918831
-0.0230224490779794 0.0465413394443578 0.0688765948464502 -0.0425859239806535
-0.051860220125251 -0.0319760260147343 -0.0443780251181572 -0.0158528808205709
0.0283644852494857 -0.0715524603623345 -0.166243126712823 -0.227688045291914
0.0748877103999282 -0.0132340493811684 0.0509527947977436 -0.536733067969524
0.0176676158239517 -0.191209793377026 -0.0764028570783698 -0.327398074739162
-0.112663697693033 -0.171378356294424 -0.151163775828883 -0.139480659594374
-0.175198055528194 0.00143224314711276 -0.0658809432239818 -0.0299900583224609
-0.0766413586719327 0.167890566586464 -0.00151096075964888 0.0130623106548578
0.0443593296851229 0.146672850501823 0.0222646218990471 -0.0920074666303767
0.10866337103808 0.0911288944182708 -0.0922266909583566 -0.161566976435081
0.144538268341744 0.016013285345095 -0.201979970903362 -0.143403925334192
0.151417724774292 0.00138740652820137 -0.247021755025089 -0.121042753092756
0.157077976223674 0.0260189832077211 -0.241402015006116 -0.161130567465965
0.119333605450967 0.126767199450648 -0.14965080318739 -0.237323048946474
0.0145200644749563 0.182240543714513 0.0209947781279932 -0.210496401646568
-0.125638601213479 0.175363149339237 0.0569697165621074 -0.0306466707421313
-0.222471650401587 -0.0429624980347793 -0.0730233722375423 -0.0100346890892791
-0.0869729454100917 -0.233419221213833 -0.175556133899126 -0.215961486104407
0.0477880779177982 -0.223549028227102 0.0409482865714789 -0.496902495046322
0.0010280443368189 -0.317187838832494 -0.0937540114776454 -0.254287058916293
-0.183319303512991 -0.26532784629573 -0.142930697461506 -0.108736059674938
-0.268418180432423 -0.0130259781109255 -0.0768408593632799 -0.0330049099482762
-0.145492475711303 0.238766888454792 -0.0158303649984961 0.0236987836613499
0.0307691504884855 0.245396395878563 0.0197948227942258 -0.0601122788035096
0.149987647535518 0.179810221176654 -0.0542261091262301 -0.120646139171054
0.226183432476884 0.0747245940142515 -0.13111445702804 -0.119949639502729
0.238318501953078 0.0489374349016198 -0.167757302794744 -0.110968029179338
0.245840983808782 0.0842704458975961 -0.165134505589046 -0.135128695929041
0.179999946145354 0.234562190499355 -0.101431057799008 -0.197654775083982
0.00214473112364651 0.308725688942792 0.030188324002495 -0.169832551882965
-0.215990250913394 0.285744652493971 0.0457566463815403 -0.0141513246974266
-0.370545696543742 -0.047248355179571 -0.0875237326118113 0.00574406942934847
-0.193861013442873 -0.367500691260658 -0.1623696968866 -0.168842749092025
0.015005530293595 -0.399265662839172 0.0347684219962316 -0.389712046251548
-0.0243438289021997 -0.408854843507838 -0.109342564417373 -0.13195219839276
-0.260018656403608 -0.331513949177621 -0.107330191249479 -0.053404847145677
-0.355601633685981 -0.00671855573659011 -0.074982080039365 -0.0406375558829364
-0.196261047017488 0.30626301873245 -0.0396066704881948 0.0263065858899721
0.0237735031914627 0.32680870098504 0.00492684026599932 -0.0108396744623186
0.179909635330287 0.248549312860034 -0.0098435177682292 -0.0522113666576781
0.279424549611177 0.1227331608188 -0.0388657793955701 -0.0746159024261239
0.289542892474388 0.0876838842032343 -0.0628081402348064 -0.0840318487166717
0.292922548910695 0.128144147898484 -0.0633290402821272 -0.0923648844811623
0.209718574507183 0.307150878637655 -0.0337286590951711 -0.132482979115539
-0.0106877387689673 0.39101029455885 0.0440511747292096 -0.105090089309127
-0.274295782927909 0.358488777955667 0.0378877822486208 0.00946225669174403
-0.463254612062643 -0.0458002077390275 -0.0843042577267803 0.029802598953163
-0.265750425523924 -0.446086119194641 -0.123363204834816 -0.0904277923052768
-0.0146623508441586 -0.507290444395188 0.0337914092511508 -0.23025903375988
-0.0543331498666634 -0.448244857950941 -0.114629913094586 0.0302954804101879
-0.317591765990479 -0.349756880529382 -0.0386370860438002 0.0252033782201036
-0.406945640988718 0.012784429907005 -0.0577947383960009 -0.0482687581093748
-0.217133943157102 0.348559792416024 -0.0677779063323309 0.0296979143363573
0.0218315265855965 0.366523418543798 -0.0130027097108293 0.0555513162707408
0.19000479257352 0.28210846929041 0.0427332201176067 0.0365936697529788
0.296316338363524 0.151325631224427 0.0652403036671566 -0.0145550103881705
0.296773180291637 0.112537921623098 0.0509411610841526 -0.0445441097925176
0.291522553274086 0.152712990485431 0.046641840849425 -0.0390193670498072
0.200104759822735 0.329644484756473 0.042514627657845 -0.0530084650732296
-0.0261937316202838 0.401250348213101 0.0606228013482303 -0.026769359649321
-0.282814482430678 0.35431164254249 0.0328009770875593 0.0370715573362976
-0.463927076357703 -0.0418562801607232 -0.0657600125081446 0.0565338200587721
-0.277349645808916 -0.448337442692911 -0.0678895258159596 0.0023127238046906
-0.0378621663314878 -0.524383774191047 0.0377927306882419 -0.0497698821221423
-0.0798741273997692 -0.418703708555738 -0.105147437579672 0.211398393598246
-0.326171310430544 -0.310730304959438 0.0522123049556044 0.114527737010861
-0.388073935263184 0.0338236966704492 -0.0274672972914437 -0.0490978675272025
-0.198589546101263 0.323489103621412 -0.0906290838023254 0.0352704543727367
0.0170106500522461 0.341198347737441 -0.0283009042475301 0.128358710333241
0.171633654924076 0.266905779595427 0.0976187048542157 0.130718528075245
0.268363766686781 0.154684276458587 0.165571239675956 0.0520786037523801
0.259854048685927 0.119496096438528 0.158176045300373 0.00212830765869855
0.243582560591329 0.156085109111861 0.144998525300211 0.0172379987019393
0.15103194227471 0.297350286497077 0.108410854006186 0.0255635162574195
-0.0451097641220698 0.335403598946451 0.071039842187146 0.0467062973671683
-0.242417288272083 0.269380319481763 0.0277808319508322 0.057506440720649
-0.36416267601358 -0.0472166313239365 -0.0408532793203085 0.0749993666488086
-0.220116481103929 -0.372917099029297 -0.0115140076749803 0.0815891751074619
-0.047653610010275 -0.451001511960246 0.0438004541628177 0.116692345279523
-0.0884321808778363 -0.319647375056752 -0.0880968763776293 0.378577350927873
-0.262882855515926 -0.21950954584581 0.139599140334903 0.19693071141524
-0.286086248683183 0.040599817547529 0.0111921926718893 -0.0404391412356305
-0.140519868145384 0.230785232463831 -0.0995608441618747 0.0362068007084829
0.00367145309917125 0.248387786390869 -0.0394322067502416 0.185451371194723
0.118945244621448 0.203957311553687 0.140615389021145 0.210827781661241
0.195464074705891 0.132865536132462 0.245296941817965 0.114204799692069
0.182407347587078 0.109335510070956 0.243088488323483 0.0470016788570491
0.159207116862716 0.136802654919218 0.216054793849646 0.0684746981684442
0.0781927886223086 0.221909468378678 0.149505001029026 0.0912519722948157
-0.0623243628749656 0.21591590056587 0.0661261178806375 0.0983422395484
-0.168918165834655 0.136392483653398 0.0187247955571279 0.0599685965321107
-0.204833346978396 -0.0501057427392023 -0.017581635217963 0.0775243847277207
-0.122996020114334 -0.240744262458836 0.0306500181646336 0.128251917829219
-0.0499084223977213 -0.30600781369472 0.0496952064563931 0.240467307880628
-0.0821492570845736 -0.165777243861457 -0.0665175963922551 0.505038827780292
-0.153143131116314 -0.0918535414084863 0.205256378351185 0.258759458249558
-0.132545047261696 0.0406440761462465 0.0521083383669634 -0.0265588629856737
-0.0579640498344593 0.0951407670905331 -0.0928202033350221 0.0256268824874179
-0.0118484910633542 0.111827384765187 -0.0494387788891706 0.21259785263968
0.0447876316192139 0.106632843843204 0.160798910867233 0.260616530661587
0.0886602407957774 0.0893327180087641 0.289041656156802 0.160192660262309
0.076630326004376 0.0824807989905084 0.292535879729247 0.0850158316610687
0.0562525707341192 0.0990774275606606 0.250715053496294 0.10730178575651
0.00196606196161109 0.122614646531785 0.160505637893125 0.136703690312103
-0.0675210833249363 0.0822882572381655 0.0477537896255446 0.123445149837246
-0.0830430994293173 0.00605692136156915 0.00853513570571418 0.0472027527066553
-0.0440584081651069 -0.0405361319807771 0.00277256788065678 0.0637349667401522
-0.0285219218493363 -0.0881918660697291 0.0559960914557581 0.139859921558281
-0.0501533918665359 -0.128216608383171 0.0558834610325447 0.304502466103122
0.0254952919925162 -0.043390919525474 -0.0661621248102447 -0.345365909999341
-0.0464271282982201 -0.056598277795771 -0.146345764455437 -0.147117039503586
-0.0762430282741724 0.0237714473210356 -0.0498805702484037 -0.0299857095671107
-0.00138032538945739 0.0905789767296211 0.00533884190215368 -0.0066240982519781
0.0561587747249625 0.0377655276861389 0.00974589010856098 -0.112758775222461
0.0571692294473057 -0.00690160210473855 -0.125802814761899 -0.172484655412533
0.0428470064896504 -0.0453612764289062 -0.243637660015966 -0.137717219851657
0.0381194612541149 -0.0473828891098117 -0.287040053692861 -0.107743563907671
0.0403778845854044 -0.0372074328340022 -0.279309480349958 -0.158565657125503
0.0406798383024808 -0.000185367766823243 -0.177731950502242 -0.241546141531715
0.0256915378506478 0.0333985136470976 0.00864098258884647 -0.22621423954905
-0.0216078391330089 0.0473478055831701 0.0691719715019608 -0.046685437921991
-0.0526563773065591 -0.0297556204559836 -0.0424152815164195 -0.0193255482580296
0.0260078325079577 -0.0700212019195799 -0.164841597745171 -0.224223816770297
0.0724095929614229 -0.01405440035383 0.0459351374253063 -0.533115925134527
0.0160461860739616 -0.190364137189062 -0.0785294390738339 -0.323863278596207
-0.115281362880987 -0.167449764392931 -0.152792070947563 -0.135047111081198
-0.172617009459262 0.00357855707887981 -0.0667382360081164 -0.0276922601286316
-0.0714524077997591 0.167426346818763 0.000661645603396616 0.0158718415453565
0.0470317265413303 0.144588212455158 0.0225997033766708 -0.0914341203278215
0.109803191421869 0.0880297070094167 -0.0927379235287879 -0.15953109920165
0.143016944264524 0.0126459819107386 -0.201860175083279 -0.139096652381527
0.149007589769754 -0.00143770881125906 -0.247105472980549 -0.116873909707642
0.154595699954843 0.0222313614385094 -0.242049287232672 -0.157655664126473
0.121953935314875 0.123925532175708 -0.155635809520867 -0.234378902715212
0.0181072157129428 0.181048284538062 0.0156159838735135 -0.212712333142641
-0.121600522123831 0.175755142533508 0.0566695437306162 -0.0350694132035346
-0.222180434636152 -0.0395826564919567 -0.0695571734943607 -0.012383690466372
-0.090668317683564 -0.231399165006798 -0.17262436978753 -0.211949344934289
0.0448828082427556 -0.222893314421605 0.0375643250021209 -0.493573813309431
0.000277840854562013 -0.316187886546434 -0.0954788548011264 -0.251978648974666
-0.185464550397989 -0.261758969248208 -0.144026344971473 -0.105001930657592
-0.264877540194097 -0.00988947175330613 -0.0786730621550602 -0.0304377102345546
-0.137852630171964 0.237611673740246 -0.0135435002430054 0.0260138687961129
0.0353320067914771 0.242755162274284 0.0199873596075772 -0.059568395516708
0.15213930565405 0.175861691754054 -0.0544733302975602 -0.119347881214799
0.225296053590218 0.0700492041316909 -0.131487948078565 -0.117867588456423
0.236840908219191 0.044388866714456 -0.168880102776287 -0.107279431362315
0.244318787434207 0.0786081026051944 -0.166583387906391 -0.132373033148745
0.183268418621634 0.230806054692215 -0.107859256905493 -0.194555770224011
0.00666924499828113 0.308545573294895 0.0251560124966206 -0.172072462660636
-0.209177823999009 0.286994735123239 0.0447120676774495 -0.017833625190324
-0.369343726570483 -0.0427096572120026 -0.083184565808249 0.00431917294584455
-0.197858729732715 -0.365314159656905 -0.160430533040343 -0.164928356306172
0.0115199896111059 -0.397371434109075 0.0317545630893155 -0.386992970352096
-0.0240501858010732 -0.405332075925115 -0.109986255723592 -0.130184074635707
-0.262707587032222 -0.326762741448141 -0.109653443378353 -0.0490903575022419
-0.351051416171142 -0.00426313590769585 -0.0770450626945744 -0.0377238524453717
-0.189876196071542 0.306532460548471 -0.0367023243258115 0.0291740421026635
0.0303192748302393 0.324931471077397 0.00502156698215097 -0.0107470846359104
0.182794702471239 0.244450863169509 -0.009201952672604 -0.0524046419289776
0.279060052300273 0.116803328403744 -0.0392443402677074 -0.0756099816679948
0.287430904307189 0.0823124033413464 -0.0646524429277381 -0.0825203894820116
0.292166292007036 0.121774323358919 -0.0648072648272232 -0.0922418354361142
0.214108788358109 0.30391498347127 -0.0394603531164921 -0.130789127714272
-0.00463395253192195 0.391742882636896 0.0387392656398234 -0.107590673709564
-0.266485520400699 0.357727878334466 0.0354247954126995 0.00520657587802907
-0.461819160512914 -0.0420191623500764 -0.0797132401931294 0.0286678923565855
-0.271806315344212 -0.443024817008654 -0.120431907901534 -0.0869741172876251
-0.015945744981198 -0.504723601455667 0.0315526331378389 -0.230164190337128
-0.0533744317237188 -0.444809480741941 -0.114218235994827 0.030161106391178
-0.319312136412743 -0.345316978930432 -0.0407949336440125 0.0279428643079108
-0.402486286913105 0.0160618854993862 -0.0604435988464493 -0.044572368021292
-0.210030292992815 0.346245791639553 -0.0648350826597278 0.0318042757825705
0.0293158875667943 0.365657170489273 -0.0123528764959682 0.0556270376906832
0.19493807803867 0.278250797324897 0.0445282965613023 0.0349835539613471
0.29604202317835 0.145711494091441 0.0643427932767891 -0.0176160837004372
0.295288544162457 0.107228617855088 0.0484334573987721 -0.0453993781092736
0.29173725326427 0.146892513139839 0.0447810484943239 -0.0404849261913479
0.205073363020233 0.326118787401215 0.0371204931877734 -0.052664063206974
-0.0193868122652453 0.401395234393537 0.0560211498429411 -0.029082585083931
-0.274471254491921 0.355450824625578 0.0297881938278633 0.0326367526387205
-0.460660175933834 -0.0381559827079517 -0.0612212319335402 0.0560174300528813
-0.281279343744877 -0.445484922948855 -0.0644773731034823 0.00341741268928315
-0.0400219603484075 -0.521210931502097 0.0373730104581087 -0.0514475399889793
-0.0779767483799589 -0.416145277109841 -0.104138171806518 0.210946147315231
-0.324143483206893 -0.308315698243296 0.0495808485731412 0.115591502189223
-0.383836526411565 0.0349749080531451 -0.0302828839596687 -0.0458860828175887
-0.191825399272829 0.323385839271006 -0.0882301911496009 0.0376776173653156
0.0226173430768713 0.34010011581246 -0.0264224335253453 0.129330064506565
0.175303435486227 0.264045507588654 0.100558228466767 0.128206626092326
0.268724426672018 0.149770806039961 0.16535328668146 0.0473483168243259
0.259044365848263 0.114689301682409 0.154900125292606 -0.000951361209318661
0.244499521961966 0.150907173793453 0.143284171008717 0.0138980587556415
0.156691978986162 0.294416877795133 0.104731599918437 0.0243039786313389
-0.0394771826827978 0.334405438465152 0.0671397393695019 0.0437318093898216
-0.236451425612705 0.270053696681428 0.024234480442384 0.0528651665983139
-0.361900543163249 -0.0447973046933586 -0.037484425448947 0.0749500434284924
-0.223935490515549 -0.369990654619002 -0.00708939478322527 0.0813163061453585
-0.0492117673046644 -0.447519798167998 0.0451136539555412 0.11368425228192
-0.0869192839932935 -0.317601041199856 -0.0857008132767511 0.377511786782076
-0.262349020871682 -0.217606201656901 0.136918333830802 0.196422057554781
-0.282165434564637 0.0410946187547054 0.00794922548778501 -0.0380853930036649
-0.13782798728004 0.229620519574216 -0.0978432301825209 0.0381421388997985
0.00757570371296346 0.248231249394351 -0.0369824208987946 0.187186675230842
0.121950418885289 0.202572356433058 0.144145722416646 0.207199607318604
0.196157319056521 0.128773056107726 0.245409763048365 0.107302342318941
0.182788310828034 0.105602029863511 0.240730741689182 0.0430638067399818
0.162075687010858 0.133106284816793 0.214479402862714 0.0635582519462524
0.0820725588899184 0.220549855560319 0.147189186525153 0.0887379152729816
-0.0578857284971973 0.216739140159406 0.0638937130185345 0.0957495927702258
-0.164918097508616 0.13669158966718 0.015569234602305 0.0566200638470022
-0.203331889277649 -0.0489713134373122 -0.0143972349641423 0.0770723968593683
-0.125878675969286 -0.240878979316898 0.0355557358282589 0.126430009576055
-0.0509174977909007 -0.303433352043951 0.0523509255133918 0.23599186935879
-0.0799635536323691 -0.162856673744354 -0.0646913363838338 0.499108927546749
-0.151868147591833 -0.0913755989944547 0.202590882469907 0.255446812594279
-0.129750012184438 0.0393464295878411 0.0493367491302997 -0.0249285422813797
-0.0573357102197018 0.0949071163389098 -0.0925785982747418 0.0276707260398032
-0.0100279677090086 0.112656628002863 -0.0463070489693919 0.214018935412939
0.0458952190085985 0.106599674357101 0.16433576172761 0.255912928262782
0.0893429534169992 0.08719395927644 0.289637552737372 0.152130825801677
0.0776979200568813 0.0808518904446334 0.28990044841502 0.0785024865334266
0.0589945246045646 0.0980385187346311 0.250095040736675 0.101913096102911
0.00479167782350254 0.122920172798795 0.159875663575523 0.132894512127539
-0.0655385913693688 0.0833624812576673 0.0467876931347546 0.121720201473971
-0.0825115462947658 0.00693363093730037 0.00525073186325154 0.0440955700367628
-0.0433342973488912 -0.0405501013358353 0.00403072699377015 0.0632009405606327
-0.029202512946095 -0.0889684508277307 0.0603307890004452 0.13753089821814
-0.0494454570778947 -0.126403325498484 0.0588402181099978 0.300662971008856
0.0356818405712884 -0.0346292331812315 0.00371143564714461 -0.351465520248708
-0.0328934822570722 -0.0618354774998659 -0.113134455146012 -0.172220307228707
-0.0766095248042874 0.00941616064021602 -0.0439801031674853 -0.0403603370383146
-0.017124656836526 0.0852891657672512 0.00628846420128891 -0.0020617042560343
0.0466814964765533 0.0481476627159957 0.0323420852475175 -0.108280268920207
0.057822784394368 0.00511458193171056 -0.0877391799210883 -0.192727103123444
0.0484913656729393 -0.034746559340934 -0.209791398216932 -0.183994190229924
0.0470994869988262 -0.0390629436706732 -0.25577048775634 -0.162333387898456
0.047150140695208 -0.0276604144727358 -0.239316562341083 -0.212216311059805
0.0393677814903897 0.00833562693274371 -0.123172861770993 -0.270810916887231
0.0181301567463103 0.0380912389823898 0.0540849525498377 -0.219908901938099
-0.0301806803183609 0.0401406526639161 0.0785147660203248 -0.0317524834024836
-0.0455708335719252 -0.0396171692453623 -0.0369212268103964 -0.0314575667384549
0.0368011702390502 -0.0617268319847635 -0.11410863378966 -0.256657012213429
0.0721406994955609 0.00213788020335145 0.167450093024167 -0.522454235014825
0.0588125502612558 -0.176911590097429 -0.0116690442708181 -0.335135030457496
-0.0776485127454334 -0.180294528518668 -0.116924983672979 -0.162955595512941
-0.164510011134764 -0.0294749000221867 -0.059558343689547 -0.0440570562571946
-0.0970867707389173 0.143490600583001 -0.00398476896053062 0.0163721751191451
0.0178297027344943 0.148734175341658 0.0402378499966217 -0.0874989085055828
0.0904378293352581 0.107406354437414 -0.0607387027871535 -0.174246966076207
0.135116952161853 0.0401714649737911 -0.16808685507306 -0.176808169757394
0.145840496608506 0.0282395961544558 -0.216142500260975 -0.163070541203389
0.144951357023288 0.053248545259938 -0.203614162019504 -0.201688451477075
0.0928862666266079 0.145019194737344 -0.104315206280867 -0.256645862633681
-0.0205957941327352 0.180711441160466 0.0569397939821706 -0.200833743183304
-0.153524561879074 0.140670115302324 0.0600267735530887 -0.0197476400410417
-0.208852541627744 -0.089349035417127 -0.0700517076556351 -0.0292045006069377
-0.0415972048918875 -0.245005393281351 -0.123267009358714 -0.249188119201032
0.0925068647903027 -0.206878253261227 0.149016940982765 -0.486112453063117
0.0700428369229579 -0.300959013256774 -0.0424539468578881 -0.269314948527535
-0.127127716307765 -0.283822927711191 -0.1118022138548 -0.132766761702245
-0.249308687301799 -0.0615127021410092 -0.0699367981283463 -0.0515121853459409
-0.172799528198452 0.196729011985261 -0.0207896856068343 0.0218491100825551
-0.0125291692768817 0.240465186178409 0.0304075950241622 -0.0583120138203074
0.113661132153476 0.200373988245505 -0.0340452722648055 -0.128311444877437
0.203260213146818 0.110706399836118 -0.103854529492863 -0.141545612284222
0.221992492939586 0.0907694657089787 -0.142516607546585 -0.138752962641964
0.21973145606325 0.126253992772041 -0.135164835476993 -0.162632940567221
0.131278388447218 0.261916242487661 -0.0659249061063057 -0.206243678489257
-0.0582473068588092 0.302840506616937 0.0560122771011822 -0.155274865553028
-0.261883691469579 0.228028635650475 0.0415258828284956 -0.0020182710109398
-0.352052411970356 -0.127761819789022 -0.0908060402502862 -0.0156016473619231
-0.116584366679517 -0.399365270490457 -0.119284157578823 -0.202058994544231
0.101194735387038 -0.384765772567766 0.118596730767134 -0.383363037544005
0.0657020224224751 -0.39370041952795 -0.0806340370271097 -0.154246345758073
-0.189654680995429 -0.361931085803428 -0.0852201875283849 -0.0741550700111003
-0.333718507556006 -0.0740850409322157 -0.0671233010770001 -0.060679594493596
-0.234122758373778 0.250483601304984 -0.0455064498469891 0.0188130761082889
-0.0326210720972446 0.31823986597034 0.00714853765339791 -0.0149717880651814
0.129704083768362 0.27317482332752 -0.00446382852147462 -0.0542469908410702
0.247733802404234 0.165476382015122 -0.0228129492044769 -0.080947450678373
0.26489510748564 0.138580289144628 -0.0473479189826929 -0.0940123765392479
0.257195412100211 0.179706709635651 -0.0450364736748813 -0.101959233029899
0.147849517418318 0.338208802909761 -0.0142455963355254 -0.128608150041115
-0.0863314429703854 0.380223692067444 0.0555530887748544 -0.0866003419761269
-0.331639740186722 0.282484065771123 0.0248480919649138 0.0210478405935928
-0.441213574492982 -0.146277751990938 -0.0950673491518491 0.00982009141904331
-0.16903287644862 -0.492171982686107 -0.0954428371256734 -0.118853232789987
0.0958668610942505 -0.495215132392777 0.0832541428730737 -0.22673439785088
0.0447896139596743 -0.437778544192068 -0.116944536610531 0.00202413480556574
-0.240552620959177 -0.389916984766645 -0.0324595999670505 0.0130687587888964
-0.387071707598355 -0.0650850635001318 -0.0504554924498809 -0.0653114766409438
-0.261873022501896 0.283828459666689 -0.0744998139808312 0.0152811411868721
-0.0421838851389821 0.356867098894354 -0.0237338268762582 0.0465049049290585
0.13288884626938 0.308141940176122 0.0298537388448167 0.0422638045362895
0.259480081235532 0.196157594484969 0.0671418820368823 -0.00302677992648505
0.267890511508802 0.163652301141205 0.0541410411943405 -0.0349893324218496
0.251135496391725 0.204013295479781 0.0511417382586969 -0.0291333013186917
0.13392134637706 0.357690127646911 0.0437657641693258 -0.0367599482484749
-0.104397187902915 0.386522048864592 0.0553782932956912 -0.00566964470970315
-0.338639663281446 0.278800661666121 0.0124024682582875 0.0468348695785958
-0.441412445809744 -0.145816119201791 -0.0832711026474539 0.0415656358395008
-0.178673746568398 -0.497487513925587 -0.0582748571885919 -0.0172476539528014
0.0800349272750249 -0.515321350977683 0.0478643661049791 -0.046924873044164
0.0125775701084825 -0.415974948731571 -0.143302468241665 0.180760792764209
-0.25489988492146 -0.357242242249572 0.0373984920281227 0.114925105334716
-0.372261669006405 -0.0424506101899812 -0.0217367950866861 -0.0601502973306361
-0.24239461252035 0.266304518305983 -0.098335314996534 0.0160646352185129
-0.0445559320385587 0.331053856683008 -0.0515422858948546 0.115713125449025
0.117159540477771 0.2891571386915 0.0671249460770595 0.1445558483006
0.232328586075909 0.194992647920763 0.152901907306159 0.0811909220481754
0.230644104211877 0.164343153543782 0.148893168382559 0.0300567035936628
0.205177804155392 0.197722549268953 0.135460268785228 0.0443431240336044
0.093497999112565 0.317685478975986 0.0928875536662744 0.0512076382834408
-0.10821592505883 0.318294235900099 0.0515409357852563 0.0659465553123189
-0.283016744975497 0.205594888840229 0.00281498474529268 0.0625898943265603
-0.342406466563617 -0.126946597876189 -0.060682971478518 0.0651337648294949
-0.136840091457708 -0.411758127487193 -0.0179096227982251 0.0723020555103092
0.0535617516637353 -0.44472676113326 0.0181283738586521 0.120402380613969
-0.0181696963170151 -0.325174407995063 -0.157616948277608 0.349269571388798
-0.213211945135839 -0.258894163100325 0.103086621897077 0.211656116062106
-0.277531764353565 -0.0174275324762251 0.0130785581368282 -0.0416973535617068
-0.173100517628567 0.188844771698092 -0.10749072260589 0.0162547144423055
-0.0413691342004119 0.238925374191403 -0.0733298386280152 0.172923694079627
0.0776089492638863 0.218691933370792 0.0961683088766839 0.23119346138251
0.166440748329029 0.160761234785949 0.219527955132844 0.156280145539668
0.158200975146944 0.139493566903058 0.22265531538673 0.0891504903348515
0.129209437210368 0.163509310795787 0.194680093102234 0.10621136297309
0.0360907020609644 0.231299102672172 0.121543486683994 0.120306616129497
-0.101752286585779 0.198691379935705 0.0370428065548378 0.112173955604354
-0.186720061641738 0.0933480788401231 -0.00421255113575271 0.0603114659213796
-0.185721944386334 -0.0956140749687531 -0.0349539955269869 0.0720950276087053
-0.0691380473336771 -0.262945205102846 0.0141613603272235 0.12852715870196
0.0195324860434613 -0.306285487523987 -0.0015008293533448 0.245764041831421
-0.0452397178635765 -0.175769077741292 -0.164176401783515 0.473854068358909
-0.131281275716214 -0.11690262894741 0.150791241997524 0.284152103986109
-0.131105059215037 0.0112387378793436 0.0493451031889243 -0.0164209863720089
-0.0725116386000979 0.0763053334211375 -0.0987110770775922 0.00896048552939367
-0.0326473661017865 0.104180924327393 -0.0866834623158668 0.199861820166074
0.0219456501363105 0.110843914311299 0.109009282981663 0.283982992194145
0.0711830321726859 0.0998933287876763 0.252881541597796 0.208997749537548
0.0596563293112487 0.094584609251409 0.264019250639834 0.134023854159662
0.0370634802083283 0.108060304316695 0.220805920464023 0.14947723424672
-0.0198260068663438 0.120438187063485 0.125053582219294 0.163781848395293
-0.0816455981130824 0.0672183467339582 0.0165189273073311 0.130779997893302
-0.0802741301140147 -0.012622392463213 -0.00954078373402828 0.0418295176686328
-0.0315389079743711 -0.0507979447853338 -0.00929044985173824 0.0623372465196799
-0.00783894994536381 -0.094591481402985 0.0351286596532254 0.147158822765281
-0.0181921763572915 -0.133825337221453 -0.00942420295093792 0.31306674253594
0.0337807441759934 -0.0347812580351156 0.00193206393746704 -0.348309946171407
-0.0340203284376673 -0.0586777079075052 -0.11409850512722 -0.169184960950873
-0.0749493809956798 0.0117959380914952 -0.0440441218294591 -0.0382611812614561
-0.0141666790637505 0.08500647728674 0.00807423148511079 0.000498074763900933
0.0471244246877605 0.0462085616129467 0.0329316810931772 -0.10734343114636
0.0577298414638762 0.0030073572700596 -0.0883046529827723 -0.189827630818627
0.0469542265867261 -0.0355716140850075 -0.20903819670798 -0.178233979664464
0.0450198517928292 -0.0398599629836076 -0.254438541406096 -0.156121109711943
0.0456995589798848 -0.0290506832389936 -0.24069037129222 -0.206178287074597
0.0393826939230349 0.00703136009828483 -0.128643140857879 -0.266109452279093
0.0197092171188384 0.0377922560260023 0.0486829080421843 -0.22135424890293
-0.0279745905380615 0.041207955702617 0.0784181783185287 -0.0351883606945354
-0.045848073159948 -0.0368888458876612 -0.0347931182188544 -0.0339916012392376
0.0340966347499272 -0.0601580815682749 -0.113184789896397 -0.251077872903678
0.0700432854944614 0.00150277409934473 0.161702737773054 -0.516315628748038
0.0561440283204153 -0.176060148141168 -0.0140717026745832 -0.331056619877988
-0.0801807931884359 -0.176567873226464 -0.118154213786936 -0.158949072578901
-0.161706241471627 -0.0262480057257425 -0.0618413124055559 -0.0412980149889291
-0.0917001186265477 0.142607210956727 -0.00190957221919623 0.0185324420891741
0.0204425677673773 0.145830020329894 0.0401119065554023 -0.0868097494716021
0.0917127829614844 0.104112643846687 -0.0616839366611929 -0.172223990715598
0.133870843725392 0.0366353593323763 -0.167981908427191 -0.172606361528298
0.143082002272045 0.0249653035351612 -0.21533502434704 -0.15791967904896
0.143882697869807 0.0498042929236488 -0.204874061026321 -0.198079479103347
0.0956668468262354 0.141781497332813 -0.109701782501722 -0.25253874537991
-0.0169102299114203 0.180725854585766 0.051399364793305 -0.202419614256931
-0.148840405807161 0.141385391824703 0.060020157003191 -0.0231407375077722
-0.207902847687999 -0.0849239291206784 -0.0667384079313901 -0.03091038384475
-0.0451362617120027 -0.242251613383794 -0.122108614424757 -0.243440894488437
0.0902043844177184 -0.204692823992878 0.144055206981196 -0.482063414420575
0.0679733234194098 -0.298452084892335 -0.0433092309185371 -0.265768469294926
-0.129751687353708 -0.278990623394763 -0.112740873352996 -0.128129651816894
-0.245778176348783 -0.058258257028058 -0.0719191380136919 -0.0488001998582952
-0.165629258183516 0.195854130458859 -0.0184683355082512 0.0242303662608405
-0.00737320659462822 0.237615513243802 0.0302406382317962 -0.0584258801327232
0.116611150632111 0.196459394700996 -0.0345217431704522 -0.126669887699335
0.203473902852912 0.105426910970527 -0.1045461490254 -0.139583098610355
0.219996741691742 0.0861087515028702 -0.143391002956216 -0.1355936853107
0.218359554493421 0.121328454859668 -0.136397786167414 -0.159810216162249
0.134961908974024 0.257041765510802 -0.0723110190979907 -0.202658914806444
-0.0524230872353761 0.301373611740983 0.0504405660504411 -0.15736864629009
-0.254323773520678 0.228779132957755 0.0403547687766355 -0.00530959599006188
-0.349920544398463 -0.122241680560102 -0.0872027768956653 -0.0161836807980644
-0.12013832177173 -0.394405205477194 -0.117149847560301 -0.196820893661495
0.0974422532448159 -0.380630318350776 0.114083423086743 -0.378511171086807
0.0640883504837461 -0.390872246213179 -0.0814841194663079 -0.151352533519556
-0.192833275148394 -0.355758084901547 -0.0870717030917237 -0.069184864121145
-0.32987215623924 -0.0701521725859711 -0.0699057544534907 -0.0579148644270875
-0.226829044979686 0.249702441062627 -0.0426733704262252 0.0210220410268794
-0.0267281310481716 0.314310689489235 0.00614904016767564 -0.0145776556323323
0.134103751134821 0.268274812764798 -0.0047446902372576 -0.0541319556045624
0.247529704201545 0.159626759704495 -0.0236774743237935 -0.0819456221016819
0.262818714439086 0.132601421152964 -0.049400645302667 -0.0929326757576316
0.256445574328758 0.173194745456216 -0.0465375127664014 -0.101792331392889
0.153417040611724 0.332901522663901 -0.0201033335860499 -0.126577082583701
-0.0800831868475806 0.378877075009745 0.0505104377658159 -0.0887395959063419
-0.324218353836431 0.283125652087117 0.0232741253377204 0.017604111756215
-0.43810040407534 -0.141713697044002 -0.0904705380093012 0.00992280670875547
-0.173495876396966 -0.487984273055378 -0.0931850527408396 -0.115776576849878
0.0940962380569274 -0.488410632509905 0.0800403522095296 -0.226133805681965
0.0434364763504198 -0.433738839670762 -0.116889236185257 0.00426154526674241
-0.243944092280994 -0.385904152394276 -0.0343900579410919 0.0162613669610468
-0.381237795446299 -0.0622522950939266 -0.0535017396843166 -0.0627708635022851
-0.254207972343508 0.282490754905914 -0.072077243027072 0.0177007635746169
-0.036580077152259 0.353965838360898 -0.02399073978799 0.0474627309931301
0.138254499447447 0.302878772191078 0.0308659381083143 0.0413054357522889
0.260367595304275 0.189511230807634 0.0656862363447809 -0.00653758939236031
0.267292294080129 0.158055830211363 0.0519061253209291 -0.0356107101867097
0.251428827484634 0.196560619713714 0.0485091503098508 -0.0313094886278644
0.139168208354801 0.353705661534558 0.0383640748796139 -0.0361051550656518
-0.0967024907555032 0.386283937393522 0.0512818079597691 -0.00880873879165184
-0.330271960736858 0.278231413629779 0.00945953466081986 0.0429885516808519
-0.437398108048155 -0.139807192809575 -0.0785213104946378 0.0412489825744458
-0.183381197405503 -0.493050496913284 -0.0557090181376352 -0.0158900493348175
0.0766729572174379 -0.508728820386967 0.0467774309736853 -0.0481703768076482
0.0138573929111369 -0.411121818048134 -0.142101029546644 0.180835358153583
-0.255557328726313 -0.352242015419829 0.0357903678716892 0.11635504127588
-0.368029823893851 -0.0411578323913521 -0.025599184187648 -0.0575999864241672
-0.234736658710309 0.265983576329716 -0.0969746122469466 0.0186356346559886
-0.0383168696754186 0.329056154853877 -0.0509147750831839 0.117130060065523
0.121039358798986 0.285608586971366 0.0695090110065028 0.142037079948778
0.233153940908473 0.188285509058428 0.152485069517016 0.0749397678236986
0.230364797315451 0.15935022103934 0.146396275693404 0.0267240676569958
0.206074610270995 0.191145899275589 0.13385358436169 0.0399716261248245
0.0987432802774539 0.313622734866158 0.0893860162503629 0.0500857763614813
-0.101890145574823 0.317539012365922 0.048272110550562 0.0631973830038781
-0.275898916710677 0.205665291967427 -0.00042642615033886 0.0591044659865219
-0.33910244142746 -0.1246938764525 -0.0571044470721617 0.0656242918188755
-0.142220577051352 -0.407956230857319 -0.0140800366738795 0.0718232069121758
0.0514001454355898 -0.438718236598423 0.0193462402991066 0.117495282485018
-0.0170561918602561 -0.319819399118278 -0.156993551481403 0.347144983716497
-0.212980657939453 -0.256358567798697 0.101701828474729 0.210531107236389
-0.272850193962802 -0.0170026376355289 0.00935903232696528 -0.0393674849792295
-0.169435997518538 0.18700970782325 -0.106335915539688 0.0190968113899874
-0.0371386949693679 0.237173637066792 -0.0710344143478654 0.174121372505062
0.0805048050580202 0.216558275130735 0.0997948347044315 0.227657062684691
0.168066324514121 0.155484769775938 0.219749984314413 0.148151538048618
0.158330170472152 0.136030865064178 0.220193163390614 0.0846378433309
0.130974296298321 0.159043902746576 0.193721776506018 0.10109495995448
0.0411449893082852 0.228833498993334 0.11938340039071 0.11748005551455
-0.0976249469175306 0.198664823759772 0.0364357747598557 0.109941428640621
-0.182718184712266 0.0945995021848984 -0.00739485771532335 0.057377022310695
-0.183648462348353 -0.0939408692805882 -0.0314277976416109 0.0718631011075889
-0.0717666734283396 -0.261465356931619 0.0181379502810795 0.12648375792853
0.0189522414117532 -0.301136329722464 0.00104532478209279 0.24107330075015
-0.042840982720718 -0.172681672544078 -0.160052455503051 0.470943627271391
-0.130523593133451 -0.116030634738885 0.149279140879608 0.28054956206526
-0.128220952209868 0.0107103840760391 0.0461520575171697 -0.0150732191060499
-0.0717203868952424 0.0756117933391843 -0.0984640040399651 0.0116062894959166
-0.0312798235804385 0.10488957775311 -0.0837927331622316 0.201434877643169
0.0236591209784159 0.110296910125157 0.114105665947679 0.279196889229188
0.0717907564025884 0.0979154747767782 0.253819368211051 0.201020501860788
0.0607460365163537 0.0928295786774243 0.261760291702902 0.127758891690852
0.0392758467077041 0.106234361837194 0.219959075714115 0.143900427568687
-0.0165973863880863 0.120222006416852 0.124894362235104 0.159934583735435
-0.079891842302126 0.0679317129957423 0.0160650115703775 0.128067617950987
-0.0803391590291326 -0.0120793413696815 -0.0118014381881052 0.0399906932149312
-0.0306562496631759 -0.0517662626837637 -0.0072424676173373 0.0619356000708005
-0.00854114410983161 -0.0947765765769735 0.0382967055689281 0.143937246795511
-0.0170524382485275 -0.131264463939356 -0.00512882347511055 0.307305603306222
0.0319928747854385 -0.0346728475606526 0.00303133544792801 -0.344962218705978
-0.0346191470622502 -0.0564924108873372 -0.11339862730651 -0.166409259868258
-0.0735071337717592 0.0126379773852077 -0.0446619948097373 -0.0363816132739244
-0.0117571065767224 0.0840744347955897 0.0101943572325945 0.00246278344774818
0.0469722443576801 0.0450051875517178 0.0341877674075918 -0.106969649292593
0.0578197265978695 0.00200865894323635 -0.0868982825223713 -0.188291335141911
0.0462881940554678 -0.0359446914756504 -0.206330902518689 -0.173743681844748
0.0435478721444982 -0.0400113385415535 -0.251885700352448 -0.154097167321973
0.0444400166195389 -0.0295030471177991 -0.240034586166247 -0.20435413069595
0.0397627247306288 0.00606059610742541 -0.130781905681524 -0.263691877885426
0.0207602302288713 0.037715670975948 0.0457943510778076 -0.221659718501852
-0.0263846392726989 0.0412306028822093 0.0785050068942704 -0.0381277111261077
-0.0461777092928884 -0.0342647226838942 -0.0326394759299597 -0.0368144468218571
0.0328574827092853 -0.0582250841628524 -0.109936128154768 -0.247518752052467
0.0681498825689729 0.00215649359459559 0.160772485508796 -0.509665533227324
0.0556705051239935 -0.175151495491733 -0.0111419087685938 -0.327736352731539
-0.0809842457091676 -0.172589713601687 -0.117941360555152 -0.155636615032296
-0.158774554965444 -0.0259843312572887 -0.0623489786584987 -0.0398080606640274
-0.0881650479105089 0.140706405377938 0.000223227021421015 0.0204066402365761
0.0217045278492501 0.143658803895572 0.0406193195639655 -0.0858262112243654
0.0919681273087336 0.102174681865962 -0.060631249375389 -0.170790717131287
0.132223625528669 0.0350760298640484 -0.166543209806008 -0.170800258675044
0.140882970162979 0.0234160328833956 -0.21390200798924 -0.155488295706914
0.141566503864439 0.0481484396389826 -0.205284406171196 -0.195731171989804
0.0960208502743315 0.139451297597456 -0.112996269596235 -0.248706057729021
-0.0154117815271221 0.178893180655861 0.0477360695578355 -0.203303390559693
-0.145157121742193 0.140466607792434 0.0594442207853554 -0.0251128376449674
-0.205932339145345 -0.0841701460133257 -0.0631549146234651 -0.0336737566478382
-0.0458944646177991 -0.23937543165098 -0.117937710877489 -0.239428414789115
0.0896688635830903 -0.201542117726702 0.143548888451741 -0.474859337232838
0.0695753723270719 -0.296742140850126 -0.0421052423018999 -0.262537581744193
-0.130430642941849 -0.275578508180106 -0.112822268527617 -0.124592856410109
-0.242301169393817 -0.0581778384718181 -0.0733305479064099 -0.0473273733220422
-0.161021836721955 0.192976510894912 -0.0157387415939278 0.0257956878472591
-0.00522605956241918 0.235240339963497 0.0300857052791069 -0.056958689445942
0.117248226708993 0.193722973797711 -0.0333729042257582 -0.126263580502532
0.201296808987325 0.103012702796767 -0.103981409310414 -0.139294107444689
0.217820404310503 0.0836497560405921 -0.142591612515736 -0.133755821431302
0.215978581632791 0.118395598339569 -0.136646486715221 -0.158957703125779
0.136564843535692 0.253603900420263 -0.0757762856155327 -0.199402012386119
-0.0496995870444449 0.300111563216928 0.0465906515393406 -0.158462542017795
-0.249775178270489 0.225839286735161 0.0391911883251931 -0.00784504900331218
-0.346052613392816 -0.121436746813253 -0.0827630911747519 -0.0183638394162301
-0.119704849071505 -0.392916345729447 -0.112924849014066 -0.193410383841322
0.0977951198842502 -0.375349578746319 0.113324738400772 -0.375843059507456
0.0668140264395514 -0.386850640130487 -0.0803063464226325 -0.148537800756501
-0.192209939190675 -0.351634912157703 -0.0869154741292398 -0.0665055888813076
-0.32442577290393 -0.0714429992110313 -0.0715842025756031 -0.0553794778930352
-0.221098017747843 0.246498445004483 -0.0403597158141386 0.022345140218932
-0.0245240424444176 0.3114781995675 0.0054563624042377 -0.0133387217904926
0.135407275550949 0.265107571770055 -0.00394058122985402 -0.0536121739936733
0.245620055719135 0.155965036697028 -0.0246509245622156 -0.0836064716225262
0.260030157963917 0.129741582555968 -0.0499855833702652 -0.0917987189499251
0.254101933688162 0.169408409915517 -0.0477514194981074 -0.102297888763235
0.153400122656494 0.328129436384502 -0.0243021331015878 -0.123308989592338
-0.0768844074834603 0.376446045964138 0.0460582339564143 -0.089908304418723
-0.316292998165763 0.280324147974616 0.0206851335352152 0.0146495339009862
-0.432884811654149 -0.142206483147477 -0.0859136225202863 0.00800904179275079
-0.172212959896794 -0.484052807520455 -0.0901211755790404 -0.113563319256217
0.0961925421749631 -0.482030710075978 0.0792129359078786 -0.223761070321175
0.0486317533191632 -0.429663577030183 -0.116126842379716 0.00555302996967232
-0.242040597636354 -0.38166990316651 -0.0353387966079328 0.018301775203421
-0.375349492346418 -0.063781065098948 -0.0560989172360474 -0.0599267381308898
-0.250595391366289 0.278783490524298 -0.069461098300448 0.0195571592105133
-0.0346685846488502 0.350691514213929 -0.0247704297417494 0.0488809051913571
0.139218198071385 0.300242779969465 0.0319592552614859 0.0402786460120828
0.258344048416105 0.185814577985408 0.0649147355469018 -0.00979525786565046
0.264265823758393 0.154813627324287 0.0503687888908678 -0.0358110896127739
0.249459663649399 0.193328609976374 0.0469923459883556 -0.0326260746223331
0.141080060897457 0.348947576616958 0.033868730417786 -0.0343093363933581
-0.0932009695859693 0.383872266639824 0.0468980489653944 -0.010192034574966
-0.324658141120124 0.27639286670796 0.00631701262734805 0.0403723683676584
-0.433473460027411 -0.140314219856477 -0.0745527177764287 0.0401170050346664
-0.182722213692188 -0.490077743208374 -0.0524176848721631 -0.0154872779229254
0.0812807154529663 -0.501512943872456 0.0458278664300923 -0.0495434229067818
0.0189390211464833 -0.408448148635113 -0.142246006045788 0.180031318816267
-0.254152776080325 -0.35026714150361 0.0336536729430128 0.11832472094664
-0.362920935227397 -0.0428381094735557 -0.0281138450667437 -0.0546002760951673
-0.233272484364391 0.26155924160066 -0.0949728148495875 0.0210102702987015
-0.0361936200319681 0.326295496074228 -0.0515963517801614 0.118831705965545
0.122462806434588 0.283499706134666 0.0706439410934002 0.140770355115935
0.231462183286309 0.185126016098929 0.150838344732752 0.0701735639697653
0.22832044416581 0.156451505512174 0.143762909899412 0.0257014947552423
0.205204731193806 0.188160948863693 0.131305405883979 0.0377378727507368
0.10103867295995 0.310848414402613 0.0856269701481688 0.0508748945537189
-0.0985969835471615 0.31600264930009 0.0446002973211209 0.0613915408270106
-0.270670730520431 0.203454771840013 -0.0038514378834691 0.0565782754074138
-0.335230205991967 -0.122729649846003 -0.0533052331276995 0.0643583287605794
-0.140893300513676 -0.40565424611752 -0.0122423194281053 0.0711479569977338
0.0547757017366829 -0.431070993316343 0.0184776380750555 0.113095944870487
-0.0115145290433773 -0.316842688965774 -0.157376148508861 0.344337441472778
-0.211715068689196 -0.255136456468685 0.098419124900651 0.210840487910506
-0.270212385692413 -0.0194313399114961 0.00642130950863913 -0.0371484308767894
-0.168885282440894 0.184244077468011 -0.105605737341366 0.0210195002675057
-0.0354395207373037 0.236485622917098 -0.0710055567264721 0.175281001460027
0.0809168819798202 0.21538317827307 0.100763000494531 0.225768935852528
0.166531009395391 0.153250267738652 0.217437499096985 0.142732715312469
0.157164428406773 0.134554627467772 0.217201555140442 0.0822347996890428
0.130277920944822 0.156365584661535 0.191164049593633 0.0980874885510015
0.0431217953692368 0.226817482198807 0.116477177305314 0.116590159430681
-0.0953546750821958 0.197569821864445 0.033674835729271 0.107893439705104
-0.179884174410723 0.0927219036500928 -0.0108447013510041 0.0546737006600071
-0.180554813169234 -0.0946100843906226 -0.0289973894589281 0.0721809001564909
-0.0714567016502809 -0.259540249360612 0.0200066395538236 0.123597337777646
0.0217926969295222 -0.296218342722957 0.00104523090372851 0.234917485800746
-0.0391046727777027 -0.169912996124305 -0.162116972223125 0.466612793883353
-0.128741937488211 -0.116502026622826 0.145389192110987 0.278457321591464
-0.126094218506215 0.00840073151299259 0.0427558224987 -0.0125710031723599
-0.0724240469831734 0.0734696884489056 -0.0988858162015108 0.0135761736638559
-0.0301349077454489 0.104712741232989 -0.0836288275896102 0.202428936376824
0.0238441447564381 0.11082224634163 0.114674432453947 0.277553763026445
0.0716874448138382 0.096614527629772 0.250945056627517 0.194892924985504
0.0611647545073377 0.0921912345780286 0.258364433235502 0.125572510909709
0.0397040035187744 0.105092384718869 0.217022353057232 0.141375182466546
-0.0150649079094427 0.120017359906879 0.123281678070959 0.15831483072601
-0.0786004191430733 0.0676569217994528 0.0149813803428619 0.126648027653043
-0.0795126515533044 -0.0121063273529971 -0.014635609279109 0.0372217396479376
-0.0294743680140942 -0.0529262898156488 -0.00627270642637404 0.0622572698171697
-0.00895131299873064 -0.0949063895329266 0.0403360942139155 0.140836314076737
-0.0152370499872114 -0.129243882622053 -0.00561172737379382 0.301601532015256
0.0308641003149117 -0.0350243105008905 0.00925162977192005 -0.34502212639972
-0.0352415046307773 -0.0557891288397572 -0.112355342263572 -0.166981001567395
-0.0729273803902699 0.0126851109428293 -0.0450197297084599 -0.0359805834475032
-0.0110322115487093 0.0840118513007264 0.0118676073968801 0.00451023202209756
0.0470645967822938 0.0445095476121534 0.037203272315054 -0.106820947658098
0.0578231885755567 0.00158935716568272 -0.0841741968141331 -0.189015872284285
0.0461870048210149 -0.0358768491908773 -0.203837098674477 -0.17521844438543
0.0426127490876989 -0.0402825582656562 -0.250564397448324 -0.155786148282066
0.0440641158282016 -0.0294772135374373 -0.240248666103957 -0.206167485879394
0.0399893899624637 0.00562573502234565 -0.131345327760197 -0.264319826518661
0.0214252671019235 0.0381930269422023 0.0454977511065403 -0.223514035015627
-0.0260118272502186 0.0414457658918065 0.0793685751813138 -0.0393250708978295
-0.0461095271309657 -0.0335178030965829 -0.0312396555004272 -0.0402822297290804
0.0322656951621917 -0.0565073565275476 -0.104088211244396 -0.247588643194891
0.0676479386062026 0.00358748311227939 0.16829314968169 -0.505630681398801
0.0580393987997196 -0.174926415362735 -0.00617783083387526 -0.3279145583072
-0.0798565262567554 -0.172472385832344 -0.115824828382001 -0.155390815772426
-0.157190204109399 -0.0273620214170586 -0.0633902311557034 -0.0395333383157252
-0.0870264819762785 0.138778706110928 0.00179565000345519 0.0220243907667046
0.02165053402305 0.14269615234065 0.0418510910026548 -0.0857552013344425
0.0922396694747067 0.101482536238799 -0.0585255903170877 -0.171976117078267
0.132106572770679 0.0356517117323471 -0.165005063454692 -0.17152848779686
0.140280137820588 0.0237268332073598 -0.213097032647357 -0.157383374168698
0.141254801202387 0.0485145820491648 -0.2043002086895 -0.198334180869579
0.0958611751686392 0.139215212593329 -0.113981834903785 -0.248729092960025
-0.0153278706604565 0.179982834041977 0.0468883984990474 -0.204845887399928
-0.145626651254716 0.138616391541681 0.059347796698424 -0.026465478718693
-0.205302485070562 -0.0857650076767371 -0.0606832967035715 -0.0367474984572785
-0.0438102229243788 -0.240414749314364 -0.113339778361824 -0.238868162177265
0.0936515883688258 -0.199491844448667 0.150045045995869 -0.472193151136894
0.0745935427582067 -0.296742284772269 -0.0373949819755839 -0.262138036813786
-0.128037616404694 -0.276184866304195 -0.111182235892897 -0.123778639575119
-0.239554502475177 -0.0617502785283576 -0.0750885489466726 -0.0468017235065
-0.160490969895993 0.189986076885165 -0.0142223520368057 0.0272214789089617
-0.00630764227932724 0.233833817181022 0.0305345522374489 -0.0563887984515987
0.116718426399331 0.19425479165682 -0.0316051252550491 -0.127301403142875
0.200348795817695 0.103381018882606 -0.103559300260169 -0.140521450655184
0.21606465686533 0.0847091321483819 -0.142483468507772 -0.135221753701018
0.215216387540459 0.119826379130695 -0.136771230803665 -0.161983954542976
0.1360136459811 0.254732730468816 -0.0774424543536847 -0.198270454147315
-0.051418365690965 0.301018151555157 0.044649280914291 -0.160478720230572
-0.250475029058347 0.222289289207899 0.0376051930180332 -0.00933199626644533
-0.345401713610531 -0.126664571063413 -0.0796099147923956 -0.0212313396578837
-0.117147103477885 -0.393792817956868 -0.108521009922287 -0.193604729968011
0.107904799634021 -0.372237434560235 0.117441260985731 -0.374232103894247
0.0750999753037473 -0.387165553527458 -0.0769397829549358 -0.148749790229684
-0.189043710811828 -0.353403804805197 -0.0872681227242507 -0.0643008305643131
-0.322697911728094 -0.0763124332161051 -0.073736659015124 -0.0545607247282572
-0.22220602143109 0.24287987721869 -0.0382888252413725 0.023308104530506
-0.0249658069841853 0.31078649921731 0.00503563161635465 -0.0120973285206814
0.135031007787546 0.266887542773632 -0.00220370020421841 -0.054203944373014
0.24490579281263 0.157044998493637 -0.0246781948630587 -0.0855698355412292
0.259178222256976 0.131512163288586 -0.0500812219404412 -0.092728770110382
0.252950658381862 0.170178317720085 -0.048583995168533 -0.1034639813209
0.15146317688202 0.329837954797457 -0.0264030612480211 -0.121572132103035
-0.078777702858855 0.37786763063679 0.0431394855649246 -0.0923576959970538
-0.318154544311456 0.276366713011322 0.017783433690013 0.0133403087823945
-0.432035993405716 -0.14828265647314 -0.0832530533943266 0.00578964038604942
-0.167920816913993 -0.48759170813967 -0.0865670758143669 -0.113640462198222
0.10768532519426 -0.478497517074005 0.0814863377022845 -0.22394463598188
0.0576884894230904 -0.43073270706125 -0.11599563117876 0.0053295407989649
-0.238899470901964 -0.385686203964552 -0.0362146208255827 0.0222866846301439
-0.374418708074061 -0.0710050710321791 -0.058613630832726 -0.0586166116465762
-0.252306910959941 0.275813095413952 -0.0680293174889784 0.0205136641508645
-0.0356251458298238 0.34994201169443 -0.0261719455482765 0.0506139637992899
0.139921471612173 0.302373995047663 0.0330204680587429 0.0409537156535917
0.256550297526242 0.187035649561611 0.0640131076317969 -0.0123161804407487
0.263750835303841 0.156903873399833 0.0495532928459323 -0.0359065469464227
0.248925177738033 0.194754253814231 0.0458235830452105 -0.0333696761368196
0.14083439406349 0.350784561518885 0.0309854014665704 -0.031965151283612
-0.0950419898835094 0.384880860548989 0.0435309632645592 -0.0120765684666524
-0.324566324216582 0.271323860540224 0.00251560209948738 0.0387418133567224
-0.430790778949308 -0.147068056589064 -0.0719585056865116 0.0378888040241493
-0.177285942548437 -0.493433861671369 -0.0506621807163072 -0.0158323618909691
0.0920436850040277 -0.499071659524891 0.0453234240806521 -0.0505697388148598
0.0292120515640444 -0.40894570930661 -0.145171995578218 0.18042902661633
-0.250839539660532 -0.355119093144779 0.0312911568067605 0.121471654969878
-0.362240532502484 -0.0507438020133032 -0.0308163188074162 -0.0520634820138808
-0.235884337682002 0.258262480161178 -0.0941746566831598 0.0216285916331432
-0.0368414405252415 0.327129460830514 -0.053129910820811 0.121444461322163
0.121864259845008 0.286337788642814 0.070801589933453 0.1417876632751
0.230745833208226 0.186271623139621 0.148911601436825 0.0680031896772936
0.227895364580536 0.157833298557497 0.142766749098296 0.0263600149303816
0.203924956287081 0.188869168454648 0.129683705289237 0.037679077058419
0.100519798916904 0.311662496411789 0.0822215698590476 0.0532654016881711
-0.100343002360456 0.316177116610736 0.0407869321765144 0.0603574350173435
-0.271657028004731 0.198942868751287 -0.00787405781307013 0.0553673264184732
-0.332579944047874 -0.129549635679408 -0.0519969195068607 0.0637646667122087
-0.137148422232711 -0.409329845043285 -0.0108353108991721 0.0704134845355029
0.0660642101571127 -0.430046463074795 0.0157128485067714 0.111285765118339
-0.00298209993789033 -0.317014752236719 -0.164670585329851 0.343788105347715
-0.208324886894021 -0.25875852236885 0.094490168804179 0.213625385212435
-0.268495744478767 -0.0258609080863158 0.00369641799132388 -0.0340162825574816
-0.171396891610018 0.181327347844815 -0.105699128948155 0.0220257788257949
-0.0376114080306883 0.237041938126744 -0.0732607792579235 0.178202358322847
0.0801499371162767 0.218233580328924 0.10094194701878 0.227253177766844
0.165961767988052 0.154032911021589 0.215199809901786 0.141037658740552
0.156674469761831 0.136034147313173 0.21574830901855 0.0837137273508703
0.12984585425994 0.157288771787932 0.188715240786689 0.0986801516056364
0.0429853092700562 0.227222053707999 0.113610741172689 0.118398285268571
-0.0959692528989065 0.197222938108503 0.0302673873050006 0.107433539079853
-0.179907091529955 0.0902499552353317 -0.0149726580112801 0.0533505762688854
-0.178767114364227 -0.0983034753820267 -0.0281921425480549 0.0717386863563052
-0.0697292813828649 -0.261930431870521 0.0207051876087031 0.122567703852154
0.0287518803743959 -0.294255921826561 -0.00233344717268794 0.232798735015733
-0.0337875004651355 -0.170259973106873 -0.169923432628404 0.465191818388094
-0.1268774614812 -0.119441308271274 0.13990607426177 0.280544862412517
-0.125462960385867 0.00498062745717669 0.0403555961611033 -0.00931698345779703
-0.0745235847577549 0.0725014393300872 -0.0994228994000403 0.0148996387155192
-0.0314474693341075 0.105579163519304 -0.0850304593287346 0.204735061870558
0.0229996625108538 0.112039005555334 0.113724052703227 0.279188440638437
0.0711309611201024 0.0967928759521867 0.250299578204226 0.194432466520888
0.0610309810492109 0.0932108221482695 0.25726635451302 0.1271653857516
0.0397016035650688 0.105408410825034 0.216192029162711 0.142343622756185
-0.0146642395081713 0.120713307949459 0.121260702411529 0.158607767644276
-0.0795087207559105 0.0674903869461786 0.0133408390840311 0.126529031093454
-0.0798933245075983 -0.012845502138457 -0.0179750393668359 0.0357194533775517
-0.0283767089573099 -0.0546122021992346 -0.00547710148197063 0.0623226965587958
-0.00826179683270798 -0.0961902599071122 0.0405818845440693 0.139795331171733
-0.012089026868452 -0.127938186485136 -0.00856570246828969 0.298850946413237
0.0302372555918469 -0.0350395736734009 0.0161388960732903 -0.353268998593313
-0.0364277740548726 -0.0554607856718555 -0.113197451083143 -0.170864938204501
-0.0738597872406946 0.0124183451256812 -0.0464604221485694 -0.03641555114834
-0.010030699084279 0.085140671998483 0.0139539618406958 0.00648379900683438
0.0476995805677549 0.0450289565961839 0.040043413748613 -0.108981300900351
0.0593727734167983 0.00057262806066429 -0.083775190920346 -0.19432511367082
0.0474701589928175 -0.0370759438981771 -0.205242610808865 -0.17964805085787
0.0433337943232379 -0.0412723401190497 -0.254222154256636 -0.161401653286308
0.044719075335216 -0.0304283525497573 -0.244522099641497 -0.212618843970736
0.0409018970634994 0.00579438255600204 -0.133529203641868 -0.270922594841908
0.0227404215712367 0.0397742401599782 0.0469369977175709 -0.22942166681985
-0.0259290592137122 0.0424505631815632 0.0821980250089761 -0.0416974182602505
-0.0460666232022831 -0.0333779040917314 -0.0301593837319025 -0.0448699378219825
0.0333168529781762 -0.0561470195195205 -0.0997236605096516 -0.252305685293624
0.0682840492915656 0.00506301364641328 0.180480825446862 -0.510065973821893
0.0614616987654216 -0.178551175335179 0.000434374666818841 -0.334293106493675
-0.080449663797473 -0.175541239379859 -0.116743769394657 -0.158087026656361
-0.15893810209823 -0.0294117717139102 -0.0650622877279991 -0.0400726795353497
-0.0878798181327416 0.139850121933046 0.0039952223070399 0.0242293195816345
0.0212249885956198 0.144917467449336 0.0440258273860555 -0.0869990446954878
0.0939949329122414 0.103508710543704 -0.0575933277808912 -0.176889461993071
0.134344220760996 0.0364915756522087 -0.166437640585064 -0.176765969750838
0.142723281053107 0.0248396435510034 -0.215947338186201 -0.162568642730186
0.143421027066202 0.0499752149448532 -0.209141200641214 -0.204762181848222
0.0972727576330523 0.142544352522256 -0.116603023341639 -0.254318906737946
-0.0162596270065364 0.184836065847232 0.0468874691783195 -0.211457911849353
-0.148963745221476 0.139679829929314 0.0610242248186094 -0.0282707523595258
-0.208768186270926 -0.0898042499844185 -0.0595027192610699 -0.0408135451784813
-0.0424451484113421 -0.245580360783861 -0.10957252240843 -0.244283889234951
0.100238219293917 -0.201212701524026 0.160803154953966 -0.477606389114527
0.0819989926634286 -0.302271577478841 -0.0324844444262758 -0.267227624727626
-0.128578273327848 -0.281827101851311 -0.112030022345812 -0.124993774251282
-0.242136798442415 -0.066286344455245 -0.0777225244593411 -0.0467917456055799
-0.16365053411048 0.190582196238541 -0.0125767976074103 0.0284587881629389
-0.00711628133108313 0.238729843962077 0.0317989618441571 -0.0561132112562285
0.119835242204029 0.199162970221725 -0.0306549762186284 -0.130741747991755
0.203734132506158 0.106135880103907 -0.104668331685484 -0.145867158630192
0.219472874829679 0.0876998415332457 -0.144115050404581 -0.139419352332381
0.218484710262588 0.122858169067151 -0.140083487578453 -0.167209712672047
0.137584583703162 0.260258452181169 -0.0802417028130463 -0.201448780335567
-0.0537133125143782 0.308633173641286 0.0439087962047147 -0.1652583268035
-0.257151100515282 0.223500644862877 0.0380767063892803 -0.0107641371717035
-0.349916818703001 -0.134812861502288 -0.0786246468968397 -0.0252156962918272
-0.114281808774503 -0.405673782599636 -0.105886640337196 -0.197634140949749
0.119505513807287 -0.376596836832444 0.125690460045654 -0.379112018620435
0.0845883197917188 -0.395750279737067 -0.0757041234665876 -0.151466662880851
-0.189586361587833 -0.363592452503533 -0.0879951591731461 -0.0637724740760402
-0.326838722324761 -0.0833793009961739 -0.0771373182327909 -0.0540752983076281
-0.228140176347599 0.24316654544314 -0.0372322656556556 0.024998929422448
-0.0277585693828474 0.317170654365432 0.0056532277691619 -0.0106667314192977
0.137319214374372 0.273874785198042 -0.00128191971686796 -0.0554573322021432
0.248495882417827 0.161763408929392 -0.0247749319476218 -0.0893489205938914
0.262829496830527 0.136200989880691 -0.050554613635653 -0.0945739823513859
0.256655743020759 0.176490813624165 -0.050115647642518 -0.107234131953724
0.154528276854102 0.338795526715828 -0.0287825770900237 -0.122197731897312
-0.0827036477331065 0.386546085264496 0.0411872329280137 -0.0957165494840443
-0.326162217691675 0.275504626718151 0.0158842111907808 0.0126341216784686
-0.438907345808739 -0.15818561184767 -0.0820270726120399 0.00294350303057769
-0.167184571615456 -0.502273969844063 -0.0849148919881445 -0.116049752110104
0.121805367963063 -0.486897524582697 0.0854250871488084 -0.22794302570767
0.0693313101107002 -0.440183343421057 -0.11780090607066 0.00620289881707988
-0.239648401015677 -0.397266313487323 -0.0371911375299486 0.0253088194524722
-0.380175555176021 -0.0795389998860497 -0.0613410514633157 -0.0576337395447235
-0.260584611240823 0.277171856803385 -0.0679712718775384 0.0214797322566697
-0.0382293972549809 0.357152770298958 -0.0269433940857587 0.0536910183920742
0.141573605678563 0.311712881041383 0.0344029920410801 0.0421264827870058
0.260986857575268 0.192524215063068 0.0638747850049837 -0.0148061270225139
0.267433773198487 0.161626747735031 0.0502176945913087 -0.0369423441223966
0.251868833372961 0.200104363866048 0.0454958775310892 -0.0355062242218167
0.141755710223343 0.360112256953814 0.0295449007511842 -0.0293219665921912
-0.0981745154929944 0.392185325143374 0.0399922737151611 -0.0130000194548415
-0.333512309190897 0.272057051059693 -0.00110393026997417 0.0386948527058895
-0.438579391113692 -0.158034726946744 -0.0712472118746652 0.0372278789330217
-0.174828000254102 -0.507437735037301 -0.0496859924318979 -0.016218043903649
0.105700544724955 -0.50550227529137 0.04602961699931 -0.0524996289049702
0.0392088526995637 -0.418375183650685 -0.151529362321118 0.184431949688103
-0.25183210632252 -0.366195645925895 0.0301494401330189 0.128056060195329
-0.366555143732423 -0.0581551469367635 -0.033781952602686 -0.0507741816269162
-0.244392688828137 0.259711434272702 -0.0949229531209697 0.022748960306214
-0.0411706148436375 0.33378832058763 -0.0557138869020797 0.126710765246715
0.124209147767779 0.295093020862752 0.0726105476466157 0.145729075639036
0.23449487840858 0.191575207390751 0.149664691824077 0.0673685326899904
0.231480542453052 0.162909414600963 0.144795629177732 0.0272691112660657
0.20662151360858 0.194557418238104 0.131119774979465 0.0388770432189299
0.101983654386672 0.319900893721794 0.0817509502640218 0.0572142472829972
-0.104381534186152 0.322597724602104 0.0373483461294485 0.0607347300878818
-0.277514267818681 0.199090683839539 -0.0125407540555433 0.0551856031472123
-0.336815186067345 -0.138585561467906 -0.0511285467193314 0.0641390528795747
-0.13601339606467 -0.420008921485312 -0.0101314157139746 0.0710251645598827
0.0762696360617445 -0.435502890261934 0.0132256590868746 0.111664062110331
0.00523786195477424 -0.324736289347374 -0.172425076912386 0.350393886142466
-0.209736736228009 -0.268501708634709 0.0926393633986127 0.222223249865079
-0.273274296275376 -0.0325049785254861 0.00131204421166358 -0.031898310662669
-0.178383077549553 0.182280541867208 -0.1071640970659 0.022948617999174
-0.0392906563305166 0.24289663758376 -0.0768294988219992 0.184647414405497
0.0818853818801396 0.224710396971905 0.10292956589685 0.234063540838699
0.168093304656576 0.158143567415174 0.21756838665861 0.143587578663725
0.159126254488852 0.139667919537878 0.219384270775397 0.0865144568449438
0.131214525312135 0.161310237269732 0.191478621994052 0.102116996624479
0.0432713581922619 0.23362165847984 0.113611451271337 0.123280247739997
-0.0989608553492738 0.201281913702138 0.027229005543534 0.108584879756831
-0.183594761230142 0.0893261849076696 -0.0192081689118615 0.0532102575847418
-0.180554753755925 -0.104000697409977 -0.0271526878940821 0.0733813060071631
-0.0686334129132794 -0.268864103393759 0.0214237040330457 0.124282593873738
0.0357863535555284 -0.298557632067357 -0.00670368369850691 0.235010076986247
-0.0288130380138391 -0.174121716361224 -0.182995198367575 0.473552579584409
-0.127053888178549 -0.124204422439154 0.136921412777008 0.290058862351222
-0.127777372452637 0.000636256645396577 0.038842621110709 -0.00631978059567466
-0.0788945966312812 0.0724331775910812 -0.101637587630979 0.0157486240155502
-0.032820070874278 0.108592776145107 -0.0901277985155266 0.211312876600054
0.023358607565485 0.11665683169506 0.116243306055658 0.28718652952913
0.0717601728874187 0.0994410745303259 0.252394102757738 0.198250502150893
0.0616156923491112 0.0961095321466356 0.26068557252169 0.130683203320068
0.0402485446916243 0.108795455602505 0.218812642089958 0.14682948740996
-0.01509671033733 0.123514944640396 0.121171006448666 0.163092140992213
-0.0815123397206803 0.0679329107230117 0.00998353268503259 0.128769818249107
-0.081444142690038 -0.0148741740863161 -0.0217400441333836 0.0349507366803472
-0.0279366800310097 -0.0574956750346596 -0.00464796139913272 0.0640627560308295
-0.00820635459968947 -0.0986876303645461 0.0415772258929209 0.141172592850121
-0.00926946150543972 -0.129486632001925 -0.0134522265862464 0.301850985848801
0.00323642695561513 -0.048484818224408 -0.206700091314733 -0.304077992570269
-0.0632123520840152 -0.0228804927436629 -0.201556578343192 -0.0710381170889588
-0.0532006047314531 0.0544928247624651 -0.0622187440511374 0.00174340369796305
0.0417321612902078 0.0741013892305882 0.0213081313518743 -0.000510697780221074
0.0651116637509282 0.00812345497980562 -0.0325713149295693 -0.11569916124683
0.0475513249881926 -0.0353835644601505 -0.18933890166663 -0.109587680999058
0.0155266163418792 -0.0583789780526361 -0.282808325659872 -0.0219639929726848
0.00786151151991005 -0.0609688607002301 -0.309554761264212 0.0248140916669451
0.0154746214227606 -0.0543305573399209 -0.336845017596641 -0.0207065332756415
0.03630986990901 -0.0209940597992936 -0.281746278736867 -0.140952151747669
0.0441525039680562 0.0165324420246118 -0.108162936284217 -0.219896346890724
0.00573912737765534 0.0507123534448955 0.0418703573101751 -0.0886103443283669
-0.0619325889971863 0.00200828742568422 -0.0542463595182964 -0.0205645345792059
-0.0113322080762317 -0.0698243419663479 -0.242095720775008 -0.144439470548481
0.0634508608348181 -0.047426143352789 -0.178207054243554 -0.542213564181044
-0.0514004851780728 -0.188925247232236 -0.216986705071973 -0.280268625415939
-0.168383263072472 -0.0957610435349494 -0.200824717269097 -0.0597811435625495
-0.149220012500165 0.0689287822054848 -0.0838199861507293 0.0136093403635033
0.010017151334715 0.163285964613573 0.0240332654175964 0.024671963255479
0.102891109432663 0.105582160988205 -0.0133891247983711 -0.097681530626568
0.139273839562938 0.0281168323859407 -0.153507330634558 -0.108521958992321
0.131064586286468 -0.0518544530566306 -0.248168169925719 -0.0448744623888657
0.132073855976979 -0.0679333790671877 -0.279215355786317 0.000241348392361945
0.148645557922878 -0.0486033359828575 -0.304035936136351 -0.0358991288912349
0.17051546882048 0.0579113209548465 -0.258065150706442 -0.137595226673008
0.103868091056771 0.165048431824767 -0.0953571635222921 -0.205268265253466
-0.0394815657825557 0.209981817296535 0.0335186780160919 -0.0646695263160757
-0.240015776813181 0.0575507067335521 -0.0730268921809785 0.000459898293676455
-0.198228208510283 -0.183202149724031 -0.238681101283403 -0.134560075441723
-0.0421801158500967 -0.245915128043364 -0.165856829822687 -0.495057506281711
-0.104025546975824 -0.308119192345054 -0.212276410120703 -0.204342925041211
-0.269543637829271 -0.155331379516812 -0.180662748571671 -0.0368585778197718
-0.240703956288069 0.0867476680457973 -0.101907544757416 0.0185982274173863
-0.023022350851651 0.249295728148907 0.013321582553673 0.042892847217281
0.135325715936226 0.198997242202209 -0.00268206016405738 -0.0631866753407726
0.218585498505004 0.0903700519057055 -0.101119329103335 -0.0851824955280756
0.230764271137174 -0.0375068128093949 -0.176371946001321 -0.0587576705249147
0.236205624309455 -0.0645691976708934 -0.207463424461532 -0.0250996287930324
0.258185412394267 -0.0352347995268511 -0.224618545740356 -0.0480283994536424
0.279109106601795 0.131697271526712 -0.195306402794796 -0.115265348614522
0.151114426947045 0.293675899792825 -0.0688568975097994 -0.166000960887236
-0.0797161203525046 0.348439251696295 0.0258101893490277 -0.0359584382827614
-0.392808586751148 0.109734009733047 -0.07623056049872 0.025568152272793
-0.362409614364951 -0.272848911886037 -0.200733340310658 -0.100792039176449
-0.139093724378503 -0.409014752186795 -0.125257810531832 -0.384883982086916
-0.153401480804461 -0.389524964975978 -0.181900533600427 -0.0807021754158155
-0.365280953321232 -0.187468323624997 -0.126269560422478 -0.000932794778377829
-0.32168846345062 0.120879944198969 -0.108671106804856 0.016007748530835
-0.0458206928446057 0.329578109713633 -0.00945508355459405 0.0592113463545889
0.165834119444312 0.27547499106297 0.00499539931648765 -0.00719195885799741
0.279315794839795 0.141042050035239 -0.0278767829285047 -0.0405721606151695
0.301752719237159 -0.0198384684313509 -0.0743034896997497 -0.06174091600594
0.302771983603425 -0.0511242039655962 -0.103227621178358 -0.046666818459102
0.324157471360937 -0.0147968115525779 -0.113564202326136 -0.0543307283115137
0.343783347628997 0.1849590112058 -0.102706762167908 -0.0810543098576531
0.17706345569391 0.37899669070832 -0.0257109319906471 -0.106362886764192
-0.106246166847965 0.437238646590449 0.0224647236768707 -0.00236401515066487
-0.485359277817326 0.145507147036931 -0.059471583519824 0.0511627084209496
-0.468040960305994 -0.321780431071236 -0.128186329806774 -0.0489365501076345
-0.206210315437421 -0.502270509392067 -0.0578332715507433 -0.229852416767059
-0.19191890037104 -0.418651162202109 -0.123213113433766 0.0783310388715478
-0.425749401388955 -0.187256393046235 -0.0325186843323863 0.0416749072166499
-0.365296678680959 0.155496347567639 -0.0985792586621577 0.00672696473931975
-0.0538019990778715 0.376441475376523 -0.0366993660949131 0.0777034094561724
0.182148537275499 0.315846913075998 0.0191387628538164 0.0668726512861501
0.306398811219876 0.168488607806063 0.0637973991485814 0.0195704702460222
0.330635407182668 -0.00300053455937446 0.0470322944701295 -0.0551717361241007
0.323220765783882 -0.0325833261224018 0.0165960831783667 -0.0610807995014342
0.33662661101586 0.00877037073099712 0.010799661789379 -0.0544097445141439
0.348676104292605 0.210382290509993 0.00399713666637179 -0.040033067061209
0.168456650180187 0.395071898584672 0.0251261377519253 -0.037239085906962
-0.114760258808693 0.439263610339499 0.0238462253650493 0.0305306576589696
-0.482019187488694 0.147348134192479 -0.0282982709681217 0.0728638281400382
-0.479236962242399 -0.319852396966095 -0.0347029426597062 0.0102188902763288
-0.232013719214088 -0.507622000420285 0.0224276123512751 -0.0558746878131669
-0.203412894835657 -0.382047463703379 -0.0394836627384812 0.24844968222488
-0.418205514269385 -0.156128139053059 0.0870321085157798 0.0863272163121342
-0.341855130461446 0.164897612893768 -0.0697130413687786 -0.00423328380149765
-0.0520649019325297 0.353569319812115 -0.0591624062559571 0.0941662992685452
0.16597939550667 0.299256542374372 0.0398011683569395 0.145201645225564
0.282890225165877 0.16704762126953 0.159790823819586 0.0811968112526751
0.307825646163709 0.0116330812203494 0.170179324009415 -0.0403556235110053
0.294144267074346 -0.00896117820542585 0.134577585612362 -0.0670422681029183
0.296234454904054 0.032849780707218 0.128227671180001 -0.0474553338365517
0.288602522680829 0.202421683769557 0.102283746522686 -0.00091140981441642
0.118350535582216 0.3393623031262 0.0695846230895633 0.0261675384553157
-0.113255437480095 0.341390583324696 0.0237887296550389 0.0530250549057509
-0.383275985419866 0.0989915201144066 0.00523233954974696 0.0829191676131268
-0.387606022176829 -0.269839757834686 0.0507293648165029 0.0584642048993913
-0.21162555816632 -0.424966777760127 0.0981665960305239 0.0991238194323586
-0.17746176624112 -0.280411866741511 0.0514080702716471 0.400857956215464
-0.327004514834736 -0.10067160052202 0.199638540985131 0.12699770444759
-0.247845879279489 0.131175845186545 -0.0255931673209822 -0.0129834430354404
-0.0421027462911499 0.253266937724015 -0.0715132445075389 0.0982032563718921
0.112882792542385 0.223572781571241 0.0575986045989041 0.205009570973649
0.205862425736996 0.134643932125421 0.238432295485118 0.133423268763881
0.234267450895153 0.0250979110135398 0.273744404899612 -0.0199827436217786
0.220548421488247 0.0168193244487296 0.231969591126902 -0.0646212781128275
0.21300535035855 0.0528839803460408 0.219138022142202 -0.0348334414505242
0.186222674173824 0.167480819240606 0.17040973798147 0.0327151161175927
0.0458091217900977 0.233236204098542 0.0911171889597335 0.0732009020762413
-0.100845713050889 0.189773886506165 0.016630524867798 0.0567899124608922
-0.224506067400326 0.0258530057848862 0.0283268257505587 0.0768059347752879
-0.231542141497329 -0.183282346516481 0.106086741633297 0.0838851738913652
-0.158389250630649 -0.277778069461292 0.155115460710616 0.210016574767334
-0.12103339569079 -0.130452929916956 0.130156606024247 0.509711448867754
-0.174255350797171 -0.0299352808139799 0.283698116576747 0.157263251202152
-0.106832618287167 0.0739244173095934 0.0259687425394309 -0.0205117203284512
-0.024193573088539 0.106303711128011 -0.0737339752521238 0.0825779792796974
0.0396393838932351 0.108925593576954 0.0609757563383031 0.232663389275081
0.0916515947427475 0.0809276339806944 0.27975753937845 0.166212879288507
0.1196520848647 0.0356474482024348 0.336947397961522 0.00444742799407614
0.113226330169139 0.0412749173130758 0.295066818169709 -0.0537765775930553
0.104397643014726 0.0653511727216102 0.270661461419834 -0.0155658766044991
0.0673750509390406 0.112292602769022 0.202245197872393 0.059957815293313
-0.0247535511516023 0.11029710355227 0.0890106569512626 0.100043462013395
-0.0788469758298833 0.0385526449860379 0.0022621978625124 0.0442584180930991
-0.0612129637209723 -0.0324027106438142 0.0394556264131329 0.0559657302546891
-0.0690593356583672 -0.0774189807400984 0.128955834338269 0.0867601162579803
-0.0891588873282252 -0.101243967361537 0.187573999994951 0.264532843943635
0.0012861037929392 -0.0500130268644653 -0.224570688405977 -0.313626374950516
-0.0663034855912558 -0.0201528800134818 -0.21217644365686 -0.0666602927071041
-0.0525703080869079 0.0584470603279633 -0.065192723382835 0.00507686386717961
0.0471137566972298 0.0742218908781051 0.0247587840797966 -0.00122243197075503
0.0675368774871947 0.00605131390402577 -0.0364882731418582 -0.12043098750978
0.0474123132739697 -0.039254145493674 -0.202307552067394 -0.108696962928644
0.0135024292653197 -0.0616381497860028 -0.295812418345905 -0.0136541064033012
0.00532491728633513 -0.0644053827196102 -0.321045826645811 0.0368857869361846
0.0125547898876328 -0.0572990335770961 -0.353078548599477 -0.00762978772093659
0.0366869432786023 -0.0241504262633433 -0.301601068291311 -0.136608859443629
0.0477743647931519 0.015160567032299 -0.122963448634753 -0.226274373183751
0.00811561604650798 0.0527997067321591 0.0401874244135326 -0.0960612482383545
-0.0635089584541364 0.00503920278186196 -0.0591312822665148 -0.0226479675222773
-0.0137877030776582 -0.071720483760042 -0.253673736351241 -0.144512776947057
0.0647626341305877 -0.0509138948970679 -0.198827930486577 -0.561661743642346
-0.0597119701403991 -0.196619601323566 -0.234219437466487 -0.286947678730654
-0.17859558694832 -0.0928596339093473 -0.210553186475554 -0.0554216314359961
-0.153245151998262 0.0754352646723772 -0.0877414384362168 0.0180496248390118
0.0165674756027605 0.168282448744507 0.028769365996034 0.0248979310685088
0.110632138166122 0.105971587034169 -0.015919961370878 -0.101239447576776
0.146528767420396 0.0229271351114251 -0.165110884837104 -0.109305985066254
0.134696821097515 -0.0598162507333716 -0.260977688512024 -0.0388632830287411
0.134360614946144 -0.0758532620591011 -0.291411622344358 0.0107404934889563
0.151990502063997 -0.0568811942483505 -0.320736722244578 -0.0255952121652143
0.180448084776939 0.0538836948604331 -0.27500327101211 -0.132373269414834
0.115739189238371 0.1680093665428 -0.109781139485822 -0.211108834409031
-0.0337997211909305 0.219775701346605 0.0326220615372134 -0.0693765331365048
-0.249060187870983 0.0677749352207749 -0.0771436136234608 -0.000179253508640078
-0.213231059610434 -0.184828282699073 -0.249196922755613 -0.133496309334531
-0.0493652883163059 -0.258392905429357 -0.186430011622856 -0.51179361594611
-0.117960137714113 -0.320859621083342 -0.224927903677 -0.207904101828053
-0.286458278875843 -0.152155196845105 -0.187713132508018 -0.0314407521321734
-0.248698422519726 0.0969557539935055 -0.10631025552639 0.0253717736371085
-0.0150420137602658 0.258771791354288 0.0177295664243444 0.0437268493554035
0.148366321874749 0.202129232531167 -0.00423461829855686 -0.0655685882275474
0.232769315549264 0.0851837739023543 -0.108291791102928 -0.0868587534014808
0.238721947323999 -0.0483392406396786 -0.187727729613918 -0.0554663873913725
0.243312448208893 -0.0758502961627188 -0.217913665851137 -0.0192014888739851
0.267148393241602 -0.0470133141252084 -0.238256649359924 -0.0403267363002191
0.298209104542293 0.126519499096101 -0.207923750417854 -0.11103410694077
0.169946434600041 0.301848883621655 -0.0813915650184988 -0.169936162237933
-0.0724579087118081 0.36606243411358 0.0246165307994232 -0.037880166177565
-0.408448888041618 0.126103126242008 -0.0785370532237799 0.0260395304218461
-0.389693381516465 -0.274822254686427 -0.210055362710126 -0.0996240045823188
-0.152338975950857 -0.426944963133017 -0.142145335790445 -0.398227590449325
-0.17122652655656 -0.40689852934384 -0.190457117538967 -0.0794921943347124
-0.388920753071128 -0.1844102046962 -0.129279292374682 0.00395845228018358
-0.333362278846535 0.135762753521046 -0.113388823334103 0.0232124078002394
-0.0364670994485029 0.343832864938012 -0.00510788763225914 0.060874496419223
0.183782598557867 0.281545893980508 0.00588092126183603 -0.00725019394930808
0.299533397089269 0.135854375134608 -0.0301283995637454 -0.0426440300811662
0.313591783545961 -0.0330930583094063 -0.0826023340613043 -0.0630539070256018
0.313612405074826 -0.0652420648576322 -0.110241209935478 -0.0453128114562878
0.336414315041006 -0.0278126331939784 -0.12318818049212 -0.0512243925133143
0.368280461358805 0.181324668535373 -0.109207119576213 -0.0782261992805553
0.198956785570925 0.38991444824721 -0.0355257953621776 -0.108286236758926
-0.0971673272322667 0.459589528846855 0.0215367620406715 -0.00254197713054242
-0.504497467366095 0.168219751740529 -0.0600822615528855 0.051850834196217
-0.501484983463625 -0.322580486087632 -0.132877644600317 -0.0479380632661214
-0.225444682344823 -0.524149642653611 -0.0684103305482105 -0.236631063857743
-0.21085940647855 -0.436065281266254 -0.12372120158682 0.0847303128764698
-0.451704848850735 -0.182330866245714 -0.0295720248050313 0.0459590039756835
-0.377428461207907 0.172481675313672 -0.103086908765934 0.0141936284803016
-0.04383740266449 0.394360031392243 -0.0337116434179995 0.0809550874415094
0.201813860457467 0.323623040151389 0.0240182673952193 0.0711573576789325
0.329195129358619 0.164836645280008 0.0686955158724848 0.0162399180984381
0.344859338558267 -0.0159780794446475 0.0439829445843752 -0.060706380464971
0.335847619648094 -0.0458303284995498 0.0139704835668831 -0.0636815530806029
0.351439423936395 -0.00429484541378198 0.00774897611644463 -0.056099780958711
0.372547355968978 0.206629456868209 0.00424746459449797 -0.0395441353050039
0.191107475713306 0.408014682169163 0.0208493930403332 -0.0372578502601493
-0.106364720344603 0.459361213130389 0.0241095685710595 0.0334731727391292
-0.502320228158377 0.167023252314613 -0.0254137314286425 0.0746022439855744
-0.513495363233622 -0.320753832862898 -0.0336707079720337 0.0115844720562436
-0.252108406020092 -0.52775125201433 0.0197460276236686 -0.0580634178342882
-0.221752476649425 -0.397784946011172 -0.0324882779793824 0.261086719072703
-0.44386373489313 -0.150024258421057 0.0963012765826498 0.0889805753527495
-0.355031876779235 0.181421539271105 -0.0725349390454572 0.0018575915571296
-0.0429345092028515 0.372458342805945 -0.0568217335146721 0.0999949089919146
0.184799155409259 0.306426283962278 0.0488926104785604 0.15207766612033
0.304448052634227 0.163482197164662 0.172472051188069 0.0773240945693389
0.322504141605226 0.000851234409445997 0.17314139091259 -0.0501937572151238
0.306887557011614 -0.0194672067874275 0.1373456401846 -0.0742263442815845
0.310552118637594 0.0229472824035818 0.130393463004232 -0.0539820821347488
0.311384214044074 0.200370600361525 0.107923094312682 -0.00245766585109601
0.137224909876771 0.350068237889747 0.0694911270784131 0.0274092473889629
-0.107455800312669 0.358939892035928 0.0238418103846757 0.0573757147296908
-0.398815016516474 0.112767343918525 0.0101397834403308 0.08479409191778
-0.414582711319271 -0.269303331056484 0.0557375685828231 0.0583958902074592
-0.229162166313077 -0.439808275346192 0.103172393716805 0.101324350796941
-0.192796613670077 -0.291883688053547 0.0661183918786246 0.418746598629409
-0.344828055505734 -0.0957474826258862 0.21418312428492 0.127522029515979
-0.257665304440546 0.142404479319047 -0.0267733832464645 -0.00832408524552512
-0.0373212217228634 0.267028478065168 -0.0702252289880759 0.105630056012119
0.126564860273648 0.229775110562507 0.0691796810109657 0.213969696779378
0.222340468085626 0.133736729446279 0.256397273103819 0.129506417288937
0.244837480312114 0.0179332431543845 0.282112660760793 -0.0317575848782933
0.230567131729968 0.00969398424112887 0.239101075948986 -0.0757476773381472
0.22472813539852 0.0475084524594188 0.226715787216372 -0.0442870421766226
0.201599104724479 0.16770218455251 0.179866630664948 0.0296621024991472
0.0558780016010537 0.242507204674737 0.0949741981590973 0.0742880829728973
-0.0996989282370769 0.200179915132141 0.0160630553681122 0.0605059413010639
-0.234319661504814 0.0325866202250708 0.0344087352474065 0.0778123084288237
-0.247700366168842 -0.183927157000902 0.113658370593197 0.0826805222941447
-0.169492744564566 -0.287076009891207 0.166282929756538 0.213920444858324
-0.127957220014825 -0.135307167094756 0.148888630300034 0.530022776313028
-0.183624889782148 -0.026696723515964 0.300600534936506 0.156961384866219
-0.110728055924758 0.0783026327607722 0.0272784358854749 -0.0181295583989789
-0.0228865829840739 0.112797397841626 -0.0742541330471195 0.0898921036709064
0.045471681422505 0.112953159620863 0.0741161130773241 0.243219804126181
0.10032891887658 0.0817616502154197 0.301321223899445 0.16305894799107
0.125876685775894 0.0334050187639637 0.350115179324328 -0.00761544611638746
0.11970553518303 0.0390344479964724 0.304975080693502 -0.0669371344803636
0.112032074094407 0.0647819005362802 0.282182769721298 -0.0266019544657224
0.0756827413771348 0.115104087026902 0.213220017574117 0.0555938804455266
-0.0224634910361553 0.11694828259149 0.0952345364036472 0.102550899611762
-0.0818211963609 0.0425107513034324 0.000769218515198367 0.0473309216822735
-0.0659824030275178 -0.0335453955606674 0.0448095859941243 0.0561747564659622
-0.0748962621839968 -0.0788884453548315 0.137345110039901 0.0845061627023154
-0.0937835743465863 -0.103488196330637 0.200805333164742 0.268984351440367
-0.00220082268897731 -0.0507451986905329 -0.245777243391357 -0.311776659134343
-0.0686791863620069 -0.015244942678917 -0.221794776588554 -0.0550580679564468
-0.0504502302521523 0.062774527753745 -0.0670651923507463 0.00934227963832919
0.0531467344920552 0.0721094673844925 0.0285186741520114 -0.00321714535060158
0.0690957040660192 0.00236509211259869 -0.0432758650895074 -0.121474758370778
0.0449209372953841 -0.043990799622431 -0.214189284559938 -0.0999709297457386
0.0093713489772642 -0.0648874344184831 -0.303428061962652 0.00311330108643759
0.000257036788920909 -0.0662649030277381 -0.325928209949735 0.0558537358979743
0.00874668024404781 -0.060074654603288 -0.364414323926668 0.0136755721555639
0.0361907612861187 -0.026860940916338 -0.31840103908489 -0.120373286291852
0.0510190074604604 0.0117580099261167 -0.142139984552189 -0.224637553579903
0.012396740328617 0.0532390666292839 0.0357957223206297 -0.102666706068073
-0.0639160117920483 0.00952019465768818 -0.0640043438868219 -0.0220513926349859
-0.0178187184067415 -0.0720299804972144 -0.265466847466792 -0.135830047635974
0.0630696839274897 -0.0559830267981224 -0.230681925756692 -0.564742226953512
-0.0727519878902903 -0.199061393670051 -0.253390217424366 -0.283788840828238
-0.187913319265683 -0.0835409370770379 -0.21693306619058 -0.0440858517522407
-0.152091729309607 0.0856050865016464 -0.0891921773470931 0.0251568138177585
0.0274718503823273 0.169157621719177 0.0334609407817739 0.0223049111536604
0.119312930625337 0.101469873339645 -0.0209101109046164 -0.103511588911763
0.150828944490494 0.0134685938280379 -0.17660579513807 -0.10258385689884
0.132789612212025 -0.0700889997333529 -0.270730071714855 -0.0245510726099585
0.13190021356802 -0.0860768911602364 -0.297989477313298 0.0266061731157708
0.151085685869833 -0.068285566412164 -0.330949273830484 -0.00596152806262741
0.188366135728818 0.0441167791228772 -0.290728071952313 -0.118386508788388
0.13018362042678 0.165405400940971 -0.128705300972007 -0.209065883816397
-0.0221167344775183 0.226581799769404 0.0295366643090703 -0.0743170201514032
-0.252607917316512 0.0841063519353693 -0.0801238498111376 0.00170751481868598
-0.229922124250835 -0.178116463823918 -0.259785661006649 -0.124504197834939
-0.0628702503930273 -0.264386726187073 -0.215953797091199 -0.514730375236782
-0.139124273193842 -0.326126904414161 -0.23996890621123 -0.203137613858273
-0.30165685921348 -0.139216200958979 -0.191182813605902 -0.0214980543403588
-0.249607862273815 0.111971814264476 -0.108362865999947 0.0342000185796761
7.75867865969931E-05 0.264429747879589 0.0236811996157744 0.0423177346521795
0.163821628649432 0.19797457928456 -0.00709857284560336 -0.0661727856885655
0.243685645341219 0.0717486945639554 -0.117080737132034 -0.0840988851399016
0.24111224919182 -0.0648652246841286 -0.198415587872707 -0.046138214224801
0.243134795245625 -0.0925506964593897 -0.224406524516338 -0.0070536149618711
0.269006590230742 -0.0648402524702447 -0.247927711666884 -0.0261560526942935
0.313758982297371 0.111714046188207 -0.219477558201445 -0.0997770720684432
0.192816327788582 0.300213615861898 -0.0970617578942787 -0.167314231535499
-0.0537030944754231 0.37842960976919 0.0236485456366026 -0.040090724523613
-0.413353137716124 0.153080253909491 -0.0795180330851525 0.0277558535491535
-0.415176063945208 -0.26100156773054 -0.217711595654076 -0.0916353069114564
-0.177415275236055 -0.433774544909272 -0.16460656683251 -0.400010629611364
-0.199257462678003 -0.41204968918564 -0.196685315415679 -0.0729214363148817
-0.409665664146222 -0.1666366916902 -0.129400092456231 0.0111373134441607
-0.335664745475441 0.155385424065684 -0.115152284999278 0.0334448042941707
-0.0170679815402795 0.353207921517829 0.000940497776664086 0.0613699858103884
0.20500342469395 0.27745923365626 0.00649823698812622 -0.00672633555285777
0.316296727070036 0.119665441530849 -0.0325166334204138 -0.0437128185005495
0.318493672946998 -0.0537078877035981 -0.0917861910765742 -0.0604512492887064
0.316567743492723 -0.0852581416796602 -0.115986428931075 -0.0400317219159628
0.341306477204068 -0.0494860096588588 -0.13013484581115 -0.043840008051978
0.389260804063187 0.162781209169098 -0.115315127105313 -0.0709244856781572
0.229737791155252 0.390545505021836 -0.046767360143129 -0.106406250040629
-0.0746351182728477 0.475142113820649 0.0215874249390562 -0.00196761948653132
-0.510362067429709 0.199192553919003 -0.0584304859392961 0.0544736493380637
-0.534229219093391 -0.30539946365099 -0.135318194621551 -0.041742315308969
-0.253583621216304 -0.531426184047809 -0.0824245868989493 -0.237822227814441
-0.241031324987187 -0.441931389359383 -0.119787633440714 0.0930446915886829
-0.475908443317118 -0.162205527735215 -0.0240369466752158 0.0488991376042808
-0.380878478901048 0.195577871533455 -0.104641782294328 0.0245335922709499
-0.0234675162588306 0.406498186775338 -0.0272732777618637 0.0839694320943833
0.226725734821411 0.320399851474803 0.0297560815950914 0.0724122847516852
0.349730616571335 0.148094198164289 0.0728570388230042 0.0102222544309342
0.351783204788167 -0.0382039366545973 0.03751886412562 -0.0654341731831635
0.340869977332779 -0.0675754032440795 0.0100441108326863 -0.0660898907406899
0.358597311053926 -0.025343751747063 0.00313011657177677 -0.0565170735705809
0.395694086056648 0.189698232423221 0.00377108598213109 -0.0389776459906122
0.220058140941875 0.407511911594322 0.0153795828539936 -0.0363509420502747
-0.0841422230733474 0.476964368870322 0.0249195638671722 0.035297218758234
-0.507823473201838 0.198183675078181 -0.0207988275469848 0.0753038920779191
-0.546202214558954 -0.30214399513242 -0.0319518362168239 0.0133460715095246
-0.282311405911921 -0.532821376461794 0.0159340042830993 -0.0597552884429516
-0.248245908999787 -0.401104772140909 -0.0165362182607334 0.270263615813578
-0.464127051431554 -0.130833854482511 0.106928154746389 0.0863974392432137
-0.357845728614724 0.202592404162623 -0.073987772237999 0.0107433196806611
-0.0239685300174245 0.385337558822793 -0.050954234003273 0.105815520072895
0.209090279502173 0.304071670120314 0.0609382855165574 0.154903901422667
0.325040558457874 0.14797242971426 0.183395962040083 0.0668319097189172
0.330310932057678 -0.0182850907623502 0.170670761988372 -0.0620694633303119
0.313550201248623 -0.0390797322066756 0.134887231557014 -0.084041313998308
0.318281122785843 0.00418596689110215 0.129458875685153 -0.0622183803078347
0.332792397232125 0.187016480404587 0.112337924087006 -0.00761159252950326
0.161593858010317 0.352884511171743 0.0704585147675998 0.0264992085998712
-0.0898879841388696 0.372280635560335 0.0262466453516753 0.0594562423739031
-0.403640225456026 0.137175568369691 0.0171570611853585 0.0843159879497307
-0.440910815282509 -0.254086255647199 0.061792834161424 0.0561544602523913
-0.25431890891764 -0.444138402353939 0.108621501674953 0.0997672305631348
-0.211720765261926 -0.293262614059455 0.0913333684565694 0.426993793729379
-0.359610147129865 -0.0802230627364464 0.229206355059608 0.119819736657217
-0.258776686005019 0.158383728150873 -0.0265343180535101 -0.00290587365063762
-0.0240825693149966 0.277319020723196 -0.065196882265007 0.112947017369746
0.143822657011216 0.228458728747108 0.0854381351701614 0.217393636364778
0.238747667647161 0.12235669567047 0.273303845843159 0.115387951040949
0.25244714860782 0.00350703537101302 0.284975987808697 -0.0493709351986742
0.237552889640101 -0.00334933557666775 0.239782051629535 -0.0913438706659766
0.233051889491155 0.0344113912390303 0.228432769315657 -0.057640873432484
0.218400339126323 0.159132785254034 0.187437523494653 0.020780599839718
0.0714893091538779 0.246425226760321 0.09942691520551 0.0723249613821959
-0.0917869843361941 0.209665206673587 0.0181278651971475 0.0636772341362853
-0.239621604444258 0.0452700919983017 0.0422370049016822 0.076340369014964
-0.265294007218419 -0.174474135707464 0.121663650047778 0.0766942509550085
-0.185798678604383 -0.287558483390016 0.178705307313013 0.210519903854909
-0.137161794590905 -0.134173029064418 0.180882983098719 0.539061841032166
-0.190353186518764 -0.0184449812384731 0.317207374307701 0.145557027735081
-0.111004618324114 0.0851851233420959 0.0286528668003498 -0.0165658112790313
-0.0186684650936916 0.118294825193292 -0.0700550437219907 0.0979638640449216
0.0537874253128107 0.113197565522907 0.0923704829393902 0.246853098796953
0.109999016486019 0.0775745204783847 0.320636826043543 0.147995915231728
0.131837719994553 0.0275412537056845 0.357367719144678 -0.0292015450484514
0.126309745480595 0.0336407064786267 0.307779354623483 -0.0855678218219949
0.119171502729427 0.0595871783307057 0.286654861913892 -0.0436972494676679
0.0855783439092124 0.112723595053356 0.222032947497821 0.0446964322784116
-0.0164030647520498 0.121897633594059 0.10202926192227 0.100039319364937
-0.0819476327684286 0.0482414199903222 0.000790367283544869 0.0501520159631222
-0.0702936176099562 -0.0319412791440198 0.0516816610949641 0.0542742636773987
-0.0815575926232775 -0.0761176330026964 0.145114935940755 0.0763401171607483
-0.0987232508779845 -0.101828544740289 0.218096848407205 0.264985598567878
-0.00634229816953642 -0.0498040382129506 -0.263012669756492 -0.298987251482512
-0.0688632787428074 -0.0100020266470646 -0.223898316222189 -0.0409312495201989
-0.0458897891904779 0.0660399802094953 -0.0671660325546514 0.0144682383548212
0.0576977808428021 0.067382657304973 0.0306920284802675 -0.00586639057883073
0.0693714938604568 -0.00230748324267644 -0.0495132530822699 -0.119788969205238
0.0412236436579047 -0.0469749721725862 -0.221391023205678 -0.0860984301599051
0.00365729968038713 -0.0657362512772944 -0.302504191772522 0.0209594455616137
-0.00510304668797531 -0.0658826663162463 -0.321837456195662 0.0746586913102713
0.00347671664335044 -0.0608537669207465 -0.362595742589341 0.0372574113185743
0.034592291533362 -0.0294753741244781 -0.326553232386369 -0.0994944111308985
0.0526257976950853 0.00661422666037335 -0.157755411476975 -0.215614405388386
0.0163393787083301 0.0516226790944437 0.0292027850015164 -0.106449171924778
-0.062440955579085 0.0139548418401413 -0.067418912695649 -0.0198781870639416
-0.0215916580805282 -0.0700435587331643 -0.269222332143962 -0.122496512176397
0.0599970041826906 -0.0596923073282741 -0.260715150278428 -0.552101593628197
-0.0849755191888228 -0.196321200731359 -0.268089231574218 -0.271207362019307
-0.191929510284488 -0.0708789102575079 -0.217428196823406 -0.0312364389297175
-0.147115728229224 0.0938068450883995 -0.0885191341175017 0.0321670116960308
0.0377727749188312 0.165165422975057 0.0371430593414453 0.0189359257231845
0.125563916097103 0.0932552318420944 -0.0266372414025806 -0.102361347919024
0.15054882536082 0.00299187859871395 -0.183610625792727 -0.0920839181867245
0.126397061000276 -0.0788910933329797 -0.272391276948793 -0.00770697168260812
0.124829417076833 -0.0945854541311445 -0.296044776024626 0.0442556161357192
0.144349992656241 -0.0774266515151874 -0.331673029713241 0.0162388476852051
0.191391909839697 0.0321486065891686 -0.297735555714986 -0.0977595399882915
0.141037375613885 0.156085511215702 -0.144093167154072 -0.199368259311964
-0.00898198676108569 0.227178718600672 0.0250667450418165 -0.0770400527861695
-0.248125172419964 0.0983782601712375 -0.0815569667067819 0.00361030980546245
-0.240377711128844 -0.164966052852167 -0.262889745189257 -0.110805542691274
-0.076982798928357 -0.263987494214031 -0.241281599019725 -0.503339444452345
-0.158591045482338 -0.320234883852687 -0.248446050792526 -0.191513380750109
-0.309341067705798 -0.119917169303859 -0.189394651353247 -0.0110408834582134
-0.24410825816255 0.125186268191502 -0.105737806074361 0.0431773565565409
0.0165067223554882 0.261505952061182 0.0284657774860043 0.03888533168823
0.175869109842784 0.186749100193735 -0.0104103254137144 -0.0658707656824043
0.248066105794617 0.0546008574195943 -0.122293687178662 -0.0774767335353509
0.23445573632736 -0.0807139169017109 -0.203524049942098 -0.0335340382772526
0.235881199001869 -0.10760694592563 -0.224647375279383 0.00594077104338212
0.262325937403342 -0.0806711077610038 -0.249726882232228 -0.00916741796097186
0.321423151027487 0.0923539495356155 -0.224662349117114 -0.0846766038924878
0.211638835451326 0.28788973673545 -0.109941873742702 -0.159249209876686
-0.0319362232198345 0.380126276921276 0.0209817226292646 -0.0415250405962034
-0.406460986944554 0.175912588984323 -0.0778041164292663 0.0301260651863161
-0.431158165735187 -0.238038511292393 -0.218584044465387 -0.0795953077824962
-0.199421054829579 -0.428756232631491 -0.185759741919183 -0.390244907859838
-0.22307577363554 -0.404333467571926 -0.197155970643914 -0.0633815904249788
-0.418670427816684 -0.141472129183977 -0.125432334122243 0.0181838766990046
-0.328503584475339 0.173303401302928 -0.112786236108837 0.0442743755013976
0.00353722829071305 0.352992725423458 0.00612461264410967 0.0591035268595138
0.222376517988198 0.264137673834788 0.00764926740033905 -0.00659297075657824
0.324610055392417 0.0974294162368477 -0.0354821255210996 -0.0433458886158946
0.313064102419645 -0.0741721744608779 -0.0988093622428872 -0.0538070196787134
0.31075082320423 -0.10491148428353 -0.11929766021125 -0.0328046370897135
0.335793982974669 -0.0707598270006536 -0.133278419519304 -0.0339887059935829
0.400068176263161 0.138928616473311 -0.118279436380743 -0.0624206314997569
0.254810421876202 0.376656130448263 -0.0560632868201859 -0.0996385272658199
-0.0466385884185533 0.47813112853026 0.0217134699185056 -0.00182794112492667
-0.501167528611872 0.227311178604353 -0.0543183941829606 0.054728100264294
-0.552623264881638 -0.275319236956398 -0.134144152938767 -0.0348286889707514
-0.280855321932187 -0.523115529988033 -0.0954076256806573 -0.23147664887319
-0.266881589250536 -0.433353482601495 -0.111738583193849 0.0987641808261786
-0.48499456182498 -0.133483448173747 -0.0176864465359335 0.0491547083854805
-0.372014388782504 0.21544634551484 -0.101919177265926 0.0348049631650206
0.00104604669612218 0.406813564715242 -0.0206309977599552 0.0839787988444876
0.245643768142604 0.305443772164046 0.0356849196714916 0.072359822424198
0.360369151417426 0.123592078194562 0.074117649824046 0.00358432852893926
0.347881468966645 -0.0605000461663344 0.0293963132686843 -0.0667576773847623
0.336204163750485 -0.0878928357239682 0.00530590497679722 -0.0667262219915976
0.354117367471833 -0.0471021429785914 -0.000933049844108964 -0.0543993129186919
0.409448608481006 0.165530128213852 0.00317003926468347 -0.0375712040821964
0.246547611966973 0.395807440888367 0.00999425314099088 -0.033409722266166
-0.0572573945904875 0.480332544339077 0.0269979769783174 0.0361905229163618
-0.497486142071323 0.226881620789591 -0.0147647919081631 0.0738407907205128
-0.565382078550635 -0.269159903024748 -0.0281487177627327 0.0143659104002471
-0.309198413840464 -0.524331809114679 0.0113196633540062 -0.0583120155834713
-0.271386117091601 -0.392112007137279 0.000960591732398913 0.270704307377313
-0.472521477274918 -0.103006935827672 0.113934543279306 0.0793332257598814
-0.348968399980094 0.221610251573395 -0.0713494836299277 0.0194122053844907
-0.00103697657647542 0.386182507322032 -0.0429248211243465 0.107586876383117
0.228095824049003 0.291055207985632 0.0724349751291754 0.152805783659498
0.33635657941827 0.125675935910024 0.18903727383413 0.0529666828604553
0.328333841855355 -0.0397676870231966 0.163691279373281 -0.0716388660237747
0.310490872646785 -0.0587032030482903 0.128223512468409 -0.0916563336107395
0.316773054680117 -0.0156301294266888 0.125234854314922 -0.0683387930896434
0.345429608656734 0.165180471115733 0.112922181482072 -0.0140478175147215
0.184366653119843 0.342659696647148 0.0695295139605292 0.0258233595088934
-0.068798830960438 0.376548009092975 0.0295594228280539 0.0608688176412232
-0.397118682260982 0.158705024837808 0.0242743525025145 0.0804849862329687
-0.456768290747503 -0.228903818356785 0.0666566960058311 0.0515457250995271
-0.275907025508438 -0.434049432349845 0.112816217778655 0.0944439036433569
-0.227124144780748 -0.284440652361697 0.116165149224949 0.423532910781943
-0.365268291798754 -0.060089452761413 0.236879955804654 0.106628189705242
-0.2523896269329 0.171494587361248 -0.0249903243411748 0.00273078273657967
-0.00949457720590318 0.279304240712931 -0.0573972348896607 0.116587219603157
0.157904392595756 0.2199094588593 0.100432786711328 0.213557832570881
0.24887790288132 0.105517046796701 0.282489173511995 0.0955620788907901
0.252383246980103 -0.0121128939176902 0.278908004058473 -0.0669689923507742
0.237887134102403 -0.0184412593462278 0.232437649676161 -0.104984604958406
0.233863481182067 0.0201882443926456 0.223297023708779 -0.0716336415103047
0.228435606588003 0.144386555358267 0.189245253730449 0.00932744632059942
0.0878180283068932 0.242218709046158 0.102188796167908 0.0688880058698248
-0.0799732620268049 0.213710300094696 0.0203572796144373 0.0651833607748652
-0.237806265700601 0.0581988442253858 0.0495653208926018 0.0711105494739848
-0.276237964938833 -0.158934177100923 0.125814853669866 0.0682029136618169
-0.197884387198278 -0.280577124006975 0.188323053570734 0.201061606936975
-0.14311630347303 -0.129040455616805 0.210159854423403 0.530033788808329
-0.191022686503501 -0.00883270036485762 0.324958055005531 0.127657674469551
-0.108165340166207 0.089896683964447 0.0294993052018634 -0.0148199465502612
-0.0120909924244031 0.12027962995965 -0.0634809452228006 0.102967551353992
0.0606574336638766 0.110306892530409 0.109037472212507 0.241860198320094
0.11623276258145 0.0695165242250254 0.332524421984797 0.126402835429024
0.133208552792428 0.0196863055411299 0.353512901766849 -0.0520141962297122
0.12906942857697 0.0256816878832864 0.300732513347756 -0.103943129040579
0.12316953574492 0.051976627975017 0.282408584426262 -0.0614767376231161
0.0931707536094654 0.106559120442241 0.224019059240691 0.0304608033678434
-0.00878825441862608 0.123600567085842 0.107375635291368 0.0949584245103213
-0.0798553486426289 0.0528599586353167 0.00217517924440224 0.0525096939310364
-0.0735607109757386 -0.0291165079227619 0.0571424332569043 0.0487886208870189
-0.0858532131492976 -0.0711826233570785 0.14801012411028 0.066745443387487
-0.101786244210383 -0.0976279543575321 0.22982750270367 0.251349799096431
-0.00945027150251078 -0.0478068585259181 -0.269859830708126 -0.284382204406749
-0.067008097287075 -0.00596326461642362 -0.220510599513458 -0.0303836698362196
-0.0415022728559038 0.066613205089124 -0.0661763060698772 0.018161259942529
0.0596069561762496 0.0623566217607768 0.0312671269599263 -0.00792211833053988
0.0678233148449854 -0.00549888270415385 -0.0525458161954561 -0.115800009965277
0.0373024865984814 -0.0476592233272104 -0.220929614490466 -0.0744847597184623
-0.000830421869233076 -0.0647483864309865 -0.295288522626955 0.0344458191073794
-0.00936466575067987 -0.0642515779616756 -0.312629779898716 0.0871086597042849
-0.000613038105443144 -0.0595624218033673 -0.354259664126192 0.0540761277588639
0.0323122054161274 -0.0310924284893655 -0.325801597915576 -0.0808667079993049
0.0518806651953026 0.00296359225285027 -0.166273356513521 -0.204176570772657
0.0195205777165007 0.0491070239439256 0.0238571478503512 -0.107654588678116
-0.0600626265121715 0.0168412866014355 -0.0696447875819648 -0.0183340079230488
-0.024412192652914 -0.0671323343744507 -0.26584304131759 -0.11119531957877
0.0558522692557618 -0.0614167355619453 -0.273731751115491 -0.532420207600534
-0.0931786845103703 -0.189729770858441 -0.271738757679544 -0.257638436183785
-0.190281751472464 -0.0603315857594899 -0.212752018514255 -0.0217912113510221
-0.139962169252807 0.0975160896357433 -0.0856611285500377 0.0378888203006695
0.0445175643258507 0.158636963105105 0.0392288210260036 0.0156435420510728
0.127103448688364 0.0855207625123617 -0.0294756747803698 -0.099341661550584
0.147131925189905 -0.0043332990620435 -0.185430502745844 -0.0817543273994462
0.118263420703393 -0.0835358639495525 -0.268972371281345 0.00576006013711025
0.11631648482539 -0.0978671499800433 -0.288674784778415 0.0556753082021784
0.136251645935033 -0.0824454453871647 -0.324369679425491 0.0322955361276448
0.190197812796252 0.021988248724017 -0.296264422107959 -0.0817080009861908
0.146001882337504 0.146266388826491 -0.1525701762123 -0.187593756190753
0.00117108170609002 0.222523418335649 0.0216260667557893 -0.07820925763003
-0.239122595976294 0.107680304448884 -0.0812342889116765 0.00533435092933323
-0.243497758585999 -0.151579141044539 -0.258385295207905 -0.0992046784306251
-0.0856814477259214 -0.259096360866371 -0.254545470361154 -0.483131698518673
-0.170046877432269 -0.309949068721795 -0.248887954857776 -0.180346177034611
-0.306861312860568 -0.10315165339557 -0.183758066854723 -0.00373345327446022
-0.234316166897908 0.132016062079179 -0.102269898528426 0.049886937940389
0.0271871468180008 0.253650949816348 0.0314104663894138 0.0347169522785076
0.180846052068891 0.174425217424735 -0.0114831442020269 -0.0636375111534015
0.244688489642145 0.040860690395922 -0.123798954567396 -0.0707691476487387
0.224145275590563 -0.0898676551116798 -0.203470748912319 -0.022366626220311
0.22482170220248 -0.116168934538349 -0.220207470893478 0.0151874740991071
0.250926687516231 -0.0907273759613727 -0.245500194548431 0.00454253829350096
0.319924779888499 0.0752720622458155 -0.223516257804223 -0.0715597744667526
0.222136712525934 0.273371361381706 -0.118479932210631 -0.148532566832085
-0.015339122905955 0.37380302098466 0.019547731618593 -0.0420813059606625
-0.393153374784022 0.189748004688268 -0.0753490860468384 0.0301160439079289
-0.434638509499386 -0.217815482523819 -0.213414434367275 -0.0709259112837994
-0.211493475725836 -0.419078922647892 -0.195607425212355 -0.37454014795941
-0.238474135168017 -0.39212235469926 -0.193903878052277 -0.0572980024441306
-0.41676082217938 -0.119607756676741 -0.118996823855566 0.021126722436511
-0.315499744301941 0.182271114031419 -0.107808825155626 0.0515062027820849
0.0197901519058144 0.344669622332494 0.0101168693529906 0.0553530857375482
0.229586413106572 0.248570937801983 0.00858700938355031 -0.00546400911677643
0.322639301726814 0.0787635896143819 -0.0370704116196481 -0.0417740514219723
0.302136096567238 -0.0868817609722839 -0.101968879106312 -0.0465640564951542
0.298630208982996 -0.117039640578471 -0.118724864749647 -0.0270182236160154
0.323033915622825 -0.0834031571538054 -0.132254393116233 -0.0252314714174519
0.400225680506498 0.118114133002636 -0.117914003666899 -0.0551787848152759
0.267378588557875 0.358331499298296 -0.062472097828676 -0.0919864554807503
-0.0270870536151803 0.471308612504827 0.0215078001642163 -0.00134096362568311
-0.485228439915203 0.245723323982062 -0.0499108674275917 0.0529594097745467
-0.556480182455867 -0.248562778214982 -0.129150342493876 -0.0291565796423733
-0.294571877026419 -0.509937301036837 -0.102177345863205 -0.221753484997947
-0.280694087834486 -0.418513386594795 -0.103120512127577 0.0992178431801518
-0.482170323843456 -0.111067652061707 -0.0127133156246414 0.0475182857793924
-0.35866358136899 0.227074591995795 -0.096984989853551 0.0425527773211107
0.0181822976753684 0.399441218031362 -0.0148474141445591 0.0809719079822861
0.255865160074105 0.288052769247375 0.0400664558382265 0.0705110153065878
0.359307929029786 0.102579376336638 0.0731723432176347 -0.00150776244323518
0.336858676596218 -0.0755937949249864 0.0224790909553475 -0.0655861142789394
0.324931641123065 -0.101859018627546 0.00129156459153095 -0.0657004327411897
0.342426700693987 -0.061979927878925 -0.00301852388292029 -0.051816939775569
0.409762361625396 0.14220992690929 0.00272756064275172 -0.0362309930921257
0.260788910455466 0.37812559373248 0.00640445574779261 -0.0291487399091304
-0.0363423037953156 0.472311272465442 0.0283403367345814 0.0364268298913671
-0.48271800038912 0.242650764001759 -0.00968652276207642 0.0697665531096071
-0.567358654753294 -0.242196918021949 -0.0247370737217493 0.0141243799269295
-0.323028013367111 -0.5079309811761 0.00910033149261705 -0.0561943705625924
-0.282467249996663 -0.377620687375022 0.0138674382130157 0.264356246861407
-0.468792997022817 -0.0808513214527365 0.117922042335496 0.0717123469460539
-0.336602916697568 0.23092538854136 -0.0670826024615858 0.0263194774329475
0.0151576071257842 0.379330755069323 -0.0364182541803969 0.106295818647467
0.237063283557421 0.275795622510793 0.0794285095318738 0.147768737826536
0.335913397819261 0.105319933963569 0.188898747117714 0.0410033108845554
0.318930361582907 -0.0537657458045934 0.153785588523889 -0.0763904743288185
0.30182057964685 -0.0718849695606294 0.121295002528065 -0.0950754389908734
0.307980588189071 -0.0287090385263379 0.119582665063146 -0.0714637428460571
0.347545392398203 0.145510680964802 0.111398949413635 -0.0181900900102861
0.197250777548563 0.329838230788357 0.0669570769289277 0.0260528392661114
-0.0525742917072898 0.370936544563555 0.0311625846788704 0.0616229521365549
-0.386028817273767 0.172269406384721 0.0298920607728032 0.0746310351462371
-0.457889397171633 -0.20618239975163 0.0687661787257301 0.0465088778471918
-0.28429409002504 -0.421508470673591 0.113184604623277 0.0896982804885995
-0.235241509335864 -0.273702536408124 0.131155730302299 0.410752233580577
-0.362144486592212 -0.0434843631331003 0.238085396545697 0.0935622238691168
-0.243979778795707 0.177227387905555 -0.0219957058218787 0.00717008135478889
0.00256594609025934 0.27530430167667 -0.0498357870941174 0.116847505933069
0.16513754482756 0.209184026569357 0.110591310673762 0.206493699985863
0.24967381589653 0.0912679448556908 0.2832711541396 0.078285154195944
0.246482602619626 -0.022924616171573 0.267572281760001 -0.0770469131231577
0.232596044274476 -0.0286270389041059 0.221824516137808 -0.11249840795819
0.22962408274597 0.00979145335861394 0.215425755856215 -0.0794753481138491
0.232516965810401 0.130466802285944 0.186401934733012 0.000347147341547908
0.0976902444250074 0.234877090748627 0.102061365186875 0.0659937112353617
-0.0703130280577222 0.212186900772093 0.0222144432074254 0.0657965230332235
-0.232354174662471 0.0669703884334261 0.0545868838794485 0.064574602842475
-0.277259382814216 -0.144395257553894 0.12678315261326 0.0601669828555564
-0.203036116599544 -0.271109685272431 0.190104011779846 0.190840897904116
-0.144076347944097 -0.12333287591975 0.227136989375927 0.51215258622055
-0.188304807070311 -0.00117473549074371 0.323134321442697 0.112145086929948
-0.104556715277972 0.0911052393797509 0.0301109819238084 -0.0129793777627711
-0.00770824762310114 0.119690942490132 -0.056762002032078 0.104818964095739
0.0639365007577527 0.105782251277708 0.119625331338487 0.234728166802763
0.117907574475805 0.0619458453754855 0.333831733234894 0.106000666656461
0.13199601996428 0.0136349963154569 0.342715720295088 -0.067233417883004
0.128698011161261 0.0194976722878495 0.289712595284799 -0.1137254941165
0.123353366029611 0.0457434697999196 0.274013418643892 -0.073277926859683
0.0967325760576799 0.100048334836207 0.221106943791779 0.0192570952015863
-0.00267879955423446 0.122761154308404 0.108390820264854 0.0891007831878956
-0.0770612444005876 0.0547468630573636 0.00350588146423548 0.052936599161496
-0.0744558978268287 -0.0259025470160761 0.0605161216669151 0.0428138221353458
-0.0868367842919736 -0.0656135526172337 0.146983002184367 0.056996615488798
-0.101675895816889 -0.092634688075653 0.232892964437012 0.237440646597357
0.0114431441403589 -0.0474111774361074 -0.130628073800839 -0.366260063408353
-0.0558724501277952 -0.0325290671267524 -0.187005641154867 -0.111817411503794
-0.064693570996945 0.042374606751805 -0.0647458555499705 -0.00671389057796639
0.0266229746980527 0.0785075323934259 0.038059534607756 0.00276666954020495
0.0625112108672645 0.0245148773790628 0.00155632498241271 -0.130317712543727
0.0524348452901865 -0.0269382575698593 -0.169894991404619 -0.157804297964251
0.0239503120549077 -0.0583595503426944 -0.280302452197764 -0.0885589660493298
0.0145718992570347 -0.0616289043099541 -0.314342957811648 -0.0470913267871268
0.0196508151398099 -0.0523694248178529 -0.337926571967872 -0.0900269377505391
0.0394126188816828 -0.0138317047087828 -0.262529599705058 -0.201905778549693
0.0431472244763686 0.0222372489231616 -0.0683957926846422 -0.248964135938165
-0.00113614141100166 0.0505561251749607 0.0646249964895368 -0.0884057259442234
-0.0622066623566222 -0.0054497972455463 -0.0567417953150396 -0.0466644415987684
-0.00206484465160097 -0.0678600232023153 -0.190486913334912 -0.207316511795445
0.0670579132563012 -0.0438734682188536 -0.0272912759971378 -0.587313759756208
-0.00168293095007612 -0.215979480953725 -0.156058300219377 -0.331414911131347
-0.14155333986597 -0.132561547888309 -0.185846859242241 -0.095326518700632
-0.16612052400856 0.0287443256941142 -0.0888167905821781 0.0106792559539795
-0.0269054364586126 0.155981504094451 0.0414615452243549 0.0294455329597333
0.0774319214941736 0.128868415447332 0.021002404308254 -0.106629251849173
0.132480799613496 0.0552007635276353 -0.129241694200028 -0.152679052152446
0.136697375932095 -0.0274409090050555 -0.244716821660616 -0.105789556201451
0.141710248401164 -0.042369179899346 -0.280975562391629 -0.0656060766074514
0.15135472025709 -0.0201160810147215 -0.302022204237548 -0.0959714202562535
0.161634478297314 0.0936822123933579 -0.235155809023597 -0.187511757908568
0.0746193708311769 0.188275549309173 -0.0627763143243461 -0.22659163292476
-0.0846140425190513 0.199887726315297 0.0483268633547935 -0.0604008355892489
-0.262696014495355 0.011056014916092 -0.0784872597848079 -0.0334611475142508
-0.170245184401058 -0.225727775792213 -0.186278784782172 -0.20493353455
0.0110181311573452 -0.278890723568645 -0.0173746345758925 -0.538304407116339
-0.0185061381286247 -0.361946299470729 -0.177913887010828 -0.24095824639299
-0.227173562625235 -0.221095190360786 -0.169491766382367 -0.062414408717357
-0.265983425905976 0.0185754954913973 -0.106403613620594 0.022448152427607
-0.0816965997450946 0.232369515090138 0.0320159633528861 0.0463023133016079
0.0881488570079356 0.229881860405191 0.0275287792530383 -0.0680647946747981
0.201375742813508 0.134353038028014 -0.0755419807376785 -0.120494591055755
0.233246788527738 0.00847060743527106 -0.173640630215187 -0.104620508783892
0.247905098755182 -0.0164434558660303 -0.204854159657598 -0.0751007376472111
0.257979016224925 0.0170698438464457 -0.219346788791176 -0.0879110463085397
0.259398457835792 0.190866697185271 -0.17235625582211 -0.147272119238459
0.0958566593394757 0.332622388045536 -0.0481888517645833 -0.175259281658671
-0.158742716976002 0.330354445441207 0.0301158409502112 -0.0265512398596798
-0.434376607576466 0.0286588253223606 -0.0860536516250485 -0.0118448665973702
-0.319705650021205 -0.355548059273455 -0.155249544085476 -0.171233515829873
-0.0444829672826549 -0.473471872865157 0.00022666807684477 -0.418187649390794
-0.0425236798479998 -0.468372971489099 -0.186480758083167 -0.0976625553028317
-0.315969359644429 -0.283871350031352 -0.122437955155771 -0.00754409503579913
-0.361731310055576 0.0284500365524577 -0.108763145672587 0.0283578945057
-0.127653535446526 0.3091561518723 0.0101999378589532 0.0586858976283042
0.100667079659133 0.315469717270848 0.0266429773818493 -0.00821570063313406
0.254716545348545 0.198654952486719 -0.00511437343902676 -0.0616835876140216
0.300786665625775 0.0420641435703603 -0.0726760114338224 -0.0866286048377162
0.314720295632289 0.011132339618117 -0.0972761589784453 -0.0723083288110704
0.321162802352657 0.0508927360858747 -0.10632758084299 -0.0679543170430362
0.31579391010527 0.258124100276818 -0.0836651845820511 -0.0883057750964476
0.105363519018102 0.427500084772983 -0.0216113465190374 -0.100786032471164
-0.206403088410583 0.413634047856694 0.013892531860489 0.0117382836700353
-0.540146050355921 0.0459395685284188 -0.0730303423731449 0.017561982814241
-0.416986799638102 -0.430848268266686 -0.0966830444361516 -0.10663755995043
-0.0848254027984125 -0.584758888274367 0.0282963877289689 -0.245676640756557
-0.0689432749255001 -0.512112145925092 -0.170560105528583 0.0858891095803543
-0.379661273792046 -0.304763288708219 -0.0374015754485078 0.0624286859509772
-0.41920984558819 0.049376763588454 -0.0927604279588631 0.0288890126437573
-0.152191226887888 0.356410083693699 -0.020797111791578 0.0736602951511026
0.106939493261321 0.36169968113521 0.0267644123849782 0.0726808685948516
0.276799398030169 0.235786092014892 0.0799821813406907 0.0181690938373093
0.327733234552979 0.0663341414777452 0.0483193767610964 -0.0536102976210085
0.333183460403213 0.0358726672022151 0.0254907602719092 -0.0584701188087307
0.331389691135877 0.0781903914048019 0.0197599685103643 -0.0406063453283732
0.31831416509828 0.283365598018542 0.0176691058026416 -0.023579473597464
0.0949715618687571 0.442848927945553 0.0144770891313309 -0.0164706789734418
-0.214989498895514 0.41226354452143 0.00326376753427922 0.049269532941368
-0.535963622288963 0.043553070074032 -0.0428243496600343 0.0489448260624024
-0.425425369623052 -0.428538778547192 -0.0205711666791484 -0.0265289295429438
-0.107607069188431 -0.591625794659697 0.0606205141502135 -0.0518080389363808
-0.0884946838628711 -0.475442678686399 -0.128923089798287 0.283188211614713
-0.378939883219524 -0.274647715232343 0.0719150220486802 0.136722805737044
-0.400889038260137 0.0629724805023058 -0.0582499676553722 0.0247065699441527
-0.146921089521609 0.338663176068488 -0.0512393612351564 0.0880523049684722
0.0952628215049668 0.341652523597098 0.0302772060451881 0.159670111925877
0.255620519769881 0.227961560638496 0.166788291333221 0.103314088423477
0.303031533639275 0.0791802858277399 0.170684123921931 -0.0111271152889066
0.301016604159496 0.0542071468841753 0.144611400304014 -0.0369478714588405
0.287179253724884 0.0942975217793972 0.136430523976973 -0.0105210835609352
0.259042269964955 0.261578728433752 0.107763629576638 0.0352364063180606
0.0549072915083052 0.373238467170963 0.0467972278092984 0.0562365883003947
-0.190204862078302 0.31386838279247 -0.00286865735653428 0.0725569759539174
-0.420266521713985 0.0144618745213872 -0.00660230852741788 0.0704696488737945
-0.342042781987086 -0.354904358227962 0.0498595821426149 0.0443519647451582
-0.103736833518952 -0.495378529232704 0.0895201239391767 0.12235255465289
-0.0902614895799417 -0.358979948119512 -0.0731251826011065 0.457088954493098
-0.301118253173389 -0.195740766431646 0.17293051193025 0.201322603670467
-0.295968028550279 0.0541237450710139 -0.0120683726348291 0.0189401613590721
-0.114166748737334 0.243381985245496 -0.0748287694141925 0.0917479971267765
0.0583940159747775 0.25251577546207 0.0291987775264055 0.228009192352115
0.183864759964743 0.180026973024978 0.233849612467778 0.17710548061162
0.227223221241997 0.0778132406880207 0.273939350635015 0.0340910106617037
0.222682647500504 0.065026634485779 0.242744457785962 -0.0118168482074091
0.203832354377761 0.0971770062060521 0.224471768037 0.0192021588062104
0.160686128109277 0.203767776067224 0.167985146938549 0.079129923239111
0.00100302695966609 0.249565856143001 0.0626300110570519 0.103115948395582
-0.145214265265519 0.164682835181636 -0.0113552492733079 0.0709855343772526
-0.238561176178573 -0.0261926368155289 0.0224661315438138 0.0735702933412195
-0.196500322931101 -0.232472680042169 0.0944645710486425 0.0878673032833083
-0.0815748652644979 -0.323798328748451 0.109347442114683 0.244526562303554
-0.074702100011931 -0.178278309370675 -0.0145147856055874 0.574915943812377
-0.165791868648184 -0.0834879794693468 0.244332176819702 0.24463174965606
-0.133614321744942 0.0360604689481582 0.0390224699530435 0.0113730136193646
-0.0582934585568542 0.102314372974932 -0.0863236959786617 0.0766898430657653
0.0122854825884928 0.118418840283441 0.0203030277953817 0.259781348719594
0.0785095262925497 0.102119076079014 0.265355849150635 0.226327743655444
0.111541219224274 0.0652272230522194 0.337563275104048 0.0753659341148465
0.109809262555642 0.0682859266658182 0.303948107204889 0.0135599380842177
0.0948791248918507 0.0875175837627784 0.273171668023862 0.0450948005551387
0.0510233599863142 0.124622285669488 0.190079383631469 0.107307297561545
-0.0473571228851433 0.110280922034318 0.0591524946170467 0.124593537125594
-0.0913677750949309 0.0202895585356492 -0.0216369886558991 0.050042967757371
-0.0583673146853316 -0.0527357427195553 0.0393437266085276 0.0591696266040767
-0.0523267311585066 -0.0919981926383323 0.112037791727868 0.102256505481392
-0.0534435076495337 -0.120351842955384 0.118283930014816 0.305058433888732
0.00906372035846292 -0.0467995009330281 -0.134944220046993 -0.364868548356014
-0.0558308308945116 -0.0301302214470612 -0.188149675502557 -0.107890927129822
-0.0633187878745967 0.0438477780321487 -0.0661260869218261 -0.00364691790294207
0.0291047156089985 0.076462667858234 0.0399221188924808 0.00202947317904198
0.063132989091273 0.0222942192810885 -0.000303892000882651 -0.130995241603769
0.0513318281654357 -0.0281055722376941 -0.173623757534359 -0.153331140693358
0.0213200606224038 -0.0594633844723368 -0.281741808403454 -0.0819508269308261
0.0118159864045663 -0.0616531184164744 -0.314276715325832 -0.0419206102076113
0.0167660519791975 -0.0527589821491387 -0.339826346448885 -0.0818004384249017
0.039403495775872 -0.0150239062357674 -0.26743319711648 -0.195695170707366
0.0444228479157289 0.0201497503543702 -0.0763667247883137 -0.247167445489834
0.00107830750243037 0.0503252324573588 0.0628802829133974 -0.0918249002904814
-0.0620814624834899 -0.00353626053859467 -0.0590505532161931 -0.0477331507558373
-0.00369528720390308 -0.0669981542417348 -0.190978361347663 -0.204440420823582
0.0653131301906872 -0.0461238875985935 -0.0331844110560548 -0.586311911969906
-0.00699397753589644 -0.215714649819932 -0.159629934133318 -0.330796282332077
-0.143352634231689 -0.128893616040321 -0.186120980778946 -0.091726014907319
-0.165435178727118 0.0311475546340362 -0.0891624474246968 0.0146660956979371
-0.0234863993563449 0.155217868921702 0.0431886599558448 0.0278984021744555
0.0805192546246746 0.126683720585737 0.0198898215840145 -0.106585560961798
0.133489160155501 0.0509118043764577 -0.133371724027514 -0.14871675209734
0.134036973457527 -0.0310355756730622 -0.246865880710192 -0.0989329740630939
0.138760876057137 -0.0456769259448812 -0.282462843172329 -0.0610141473423366
0.148718727229729 -0.0229534628250512 -0.303061892342085 -0.0882855250954484
0.16441826172903 0.0898372597797826 -0.238785893559205 -0.18167191373199
0.0794257115743889 0.186080518922895 -0.0708117043898496 -0.22379587903008
-0.0804028396496105 0.201167806910638 0.0483599590241561 -0.0630722302348222
-0.262344124030063 0.0163607122819654 -0.0794298483496317 -0.0337162010938563
-0.174693635952097 -0.223366521842679 -0.185400635668249 -0.201968288941577
0.00605634669499467 -0.282416515645819 -0.023576307540125 -0.536886191298186
-0.0266824982229367 -0.363512246038444 -0.179370710108911 -0.240168016415047
-0.230242776219925 -0.215896402980208 -0.168214442123361 -0.0597694594052572
-0.266317291194539 0.0231167822355453 -0.106073374443437 0.0276540116083951
-0.0768938875055278 0.231277872520784 0.0337167779790607 0.0440367416882101
0.0937301158364753 0.226653872712328 0.0270069322399073 -0.0675020858517001
0.203999451051833 0.128373092163923 -0.0789782044165078 -0.118486320400388
0.230490543040615 0.00296960931747246 -0.177693100068503 -0.0992349298263205
0.245243033683257 -0.0224933631831176 -0.206771269166662 -0.07128306115318
0.255597895403825 0.011564476023019 -0.221076806533817 -0.0822152756302498
0.264592696377155 0.18501641048998 -0.175384852633742 -0.142288710003333
0.104711523194997 0.331449789643371 -0.0546878190990204 -0.171999386758174
-0.1523554000723 0.332394580847631 0.0309325049209514 -0.028037493089584
-0.436172619795131 0.0376651131265931 -0.0846229468889388 -0.012513028013363
-0.326857796014447 -0.351460293967075 -0.1543555163242 -0.168349166219857
-0.0518190088907472 -0.477648741537384 -0.00392576822664091 -0.417599306868281
-0.0527875212093372 -0.470498502345588 -0.18476914437067 -0.096833354619979
-0.321325129358917 -0.277089637977069 -0.119678999018071 -0.00727575350490156
-0.362450698861714 0.0343619794617946 -0.107756505092865 0.0348140595507293
-0.12099044067175 0.309045224345393 0.0126551091152234 0.0563488836759535
0.10828695613829 0.312939446777796 0.0274620674528714 -0.0069377344382107
0.259106404385574 0.190638182449897 -0.00652908013650711 -0.0617844146569981
0.300027008045884 0.0348130999836823 -0.0762074572037284 -0.0832402776503118
0.313604022024939 0.00379514501284083 -0.0992378398544989 -0.0704596361433507
0.319378588535126 0.0443938990814164 -0.107009622123584 -0.0642478264599046
0.322726387546726 0.250706395162204 -0.0848803563752019 -0.085268421329537
0.117300647385414 0.426378726330452 -0.0262555922420285 -0.096899855334056
-0.199406407854858 0.416507709524724 0.015310125096106 0.0119971683032637
-0.541385379813871 0.0558866659982712 -0.0699669947954428 0.016399035613951
-0.427102410637248 -0.424096103869645 -0.0943411694193292 -0.1056408094704
-0.093975579190835 -0.592276556704733 0.0262404760282587 -0.244178404294145
-0.0788857243950052 -0.514706476534318 -0.165569627049191 0.0873277698836863
-0.3839868048868 -0.297772811518146 -0.0333664215194047 0.0611277561139856
-0.421630798217876 0.0566823832677357 -0.0904304936335112 0.0350946530255661
-0.145267662552515 0.359774095351844 -0.0173168868087644 0.0719360383309662
0.115819568817221 0.359949433162028 0.030185465656344 0.0747262903616282
0.283719118376236 0.226354828368025 0.0812322644805481 0.0154675102210508
0.327797675497705 0.058638682705793 0.0440465275946177 -0.053312778443594
0.333008195093487 0.0273424612806388 0.0232427183579587 -0.0590704762707562
0.329938973934087 0.0713383416907596 0.0197429411732082 -0.0400441300560265
0.323518289891109 0.275800926658583 0.0177312534301834 -0.0230579421701782
0.105034807509943 0.442451428503959 0.0112939471071475 -0.0130106894832324
-0.206920742237985 0.414039874681058 0.00570393465503154 0.0509648194396691
-0.539328518916451 0.05436214312638 -0.0387987018134173 0.0467788678717911
-0.436666491037674 -0.422992780595069 -0.0174185587570833 -0.0263326914501217
-0.1162032169199 -0.596939774536087 0.06025541452603 -0.0509742732532866
-0.0970209810020068 -0.477858560830538 -0.121591980522869 0.284367570578556
-0.385224537571092 -0.26826897173375 0.0761240349083766 0.133901302309607
-0.402537550868284 0.0688604349415265 -0.0555495982695688 0.0303923568859678
-0.140223828348939 0.34228644861527 -0.0482724228456507 0.0879817471216413
0.102083124925859 0.338904737930298 0.0351016302565588 0.161910339259413
0.261614408395524 0.220965882324788 0.170104556181101 0.0980879036918516
0.304023563871512 0.0723261715956778 0.168145515091903 -0.0136107608329119
0.301294824319057 0.0467922698513061 0.143289657083315 -0.0402506391706441
0.288028047297209 0.0884040562444078 0.136435280702838 -0.0129105297635003
0.265903745047821 0.254934207500598 0.109204209501691 0.0328559326316126
0.0658249837449593 0.373100398183243 0.0459530922171723 0.0582269326928803
-0.184949935941246 0.316281697764015 -0.00117724351067041 0.0746006378514115
-0.420934316854758 0.022595620460495 -0.00186198895548187 0.0674912615981886
-0.347188870837191 -0.350197462372713 0.0529164828135971 0.042719818887249
-0.108703439663202 -0.498464866514139 0.0903976640346777 0.122276670870691
-0.0956856750764826 -0.359817330425616 -0.0649697046556647 0.45937316403911
-0.303821090002263 -0.191286697744569 0.17654987229221 0.196775263689968
-0.297236827361612 0.0582707935720308 -0.009628548227782 0.0235850857693707
-0.110265956941813 0.24592806497155 -0.0723323439648418 0.0927399445148297
0.0634349796872015 0.25213082666587 0.0365083433463057 0.230022673778991
0.18823920057967 0.17426252878093 0.239831827735571 0.17032683207644
0.228099208924081 0.0731937839438394 0.272572320277976 0.0290990156565926
0.223935781674582 0.0595352387491948 0.241327843270128 -0.0167205604560326
0.204184584389471 0.0934799986843182 0.224885912459098 0.0142446850020749
0.165916275211544 0.19947243444449 0.169364350332395 0.0748661079598547
0.00727603195482635 0.250310383361953 0.0631251382020135 0.104020353942078
-0.142770043853844 0.166345216524219 -0.0102394594494234 0.0726556500788158
-0.240071565059686 -0.0219208581509997 0.0274331566226319 0.0700808339964561
-0.201258807530431 -0.229392438328333 0.0970718518184736 0.0843753219715876
-0.0843306042539749 -0.325664097984192 0.110952213966569 0.24349136374228
-0.0760317436119373 -0.178555269560896 -0.00659114901080624 0.576756250181554
-0.166931321120484 -0.0814200428615245 0.247598350915684 0.240080990296769
-0.13475993113371 0.0375777881737242 0.0405386379992604 0.0144663926206729
-0.0566526660483141 0.103943786866937 -0.083986709104122 0.0790515822364431
0.0144916289448348 0.118814504668352 0.0277692983933259 0.260952203131167
0.0806071413069006 0.0992909295687898 0.271522958411304 0.218494298648473
0.113058149068099 0.0630932257639647 0.337365684519649 0.0666997079031845
0.11200089333301 0.0653922647140723 0.30319079444259 0.00769174467535984
0.0969105826949462 0.0864823908610499 0.272663483469555 0.0388349848187011
0.0535299092182223 0.123079663273395 0.192237607725771 0.102022486400019
-0.0447795716119554 0.11213281337203 0.0607587591057897 0.123423648490847
-0.0921859205559551 0.0223431962975679 -0.021534797413499 0.0515797102807123
-0.0598554121418009 -0.0526863281568757 0.0435751004710595 0.0557202537254613
-0.0537299339854756 -0.0905359959291031 0.112929491928058 0.0986419320297492
-0.0526689077973942 -0.119996247184107 0.120217133829246 0.302352722142641
0.00683870602946726 -0.046726365480724 -0.145831600894607 -0.367096209094304
-0.0573588131892083 -0.0276201637626125 -0.19228249041942 -0.101695832373723
-0.0618914130538802 0.0463286112863138 -0.0677908990404779 8.00312990164147E-05
0.0322340535707191 0.0758695274712928 0.0414056187212456 0.000325488466733012
0.0648051061065286 0.0201566836050301 -0.00376025507975713 -0.132070880513687
0.0511248789671437 -0.0309350921749798 -0.180373290797265 -0.147303620097896
0.0181085656505728 -0.0603492202976937 -0.285594590094877 -0.0720935866076927
0.00856912753961153 -0.0617411693488787 -0.319170880111914 -0.032423004985503
0.0140980355174907 -0.0541059990045744 -0.344192183403348 -0.0689520828869875
0.0396480350239248 -0.0168081518720396 -0.276857882559222 -0.18552500099583
0.0456874237528237 0.0175457940857386 -0.0874315677158285 -0.246259571950179
0.00381290620939973 0.0502488208777335 0.0601357576017853 -0.0976474461247433
-0.0620027883446228 -0.000958205581521604 -0.061796946627231 -0.0470336239368837
-0.00566136163482759 -0.0675530572911534 -0.196030196110866 -0.201594010684983
0.0636791872750935 -0.0484816220269322 -0.0474999664897577 -0.592212295800848
-0.0155188593269169 -0.217523051059336 -0.168489258701466 -0.331468877773462
-0.14765932905904 -0.123924614012245 -0.188939598185543 -0.0862669936807635
-0.166022649594828 0.036430984442 -0.0901285654842186 0.0197740656359626
-0.0174378717445647 0.155730072846129 0.0456853510947706 0.0254921102756801
0.0861462117834392 0.123571442863975 0.0174057173981281 -0.10775860565149
0.136070311535633 0.0456352642333067 -0.139989114920284 -0.144279420911682
0.132527631281758 -0.0358222547501682 -0.251774347087549 -0.0888946545421904
0.136378994062263 -0.0504056010917211 -0.287167119801934 -0.0522844215800396
0.146756620216495 -0.0276551008353411 -0.308625735939966 -0.0772858187642853
0.169499096677956 0.084295810972145 -0.247463625841059 -0.173705886167184
0.0876723767045155 0.184885886007418 -0.0807586008151359 -0.221683302873686
-0.0738516142562389 0.204664942812655 0.0475299011475867 -0.0665532521632846
-0.265346443327311 0.0255657598439161 -0.0811549653850752 -0.0337468445420187
-0.183727910050624 -0.220386275582229 -0.189094486945135 -0.198523808780496
-0.00328110103119144 -0.288911174575748 -0.0363932863660084 -0.541161906499994
-0.0400822232616304 -0.366370319417159 -0.184360779694994 -0.24047687100192
-0.238152691576109 -0.208729267080206 -0.169856932548137 -0.0559667754091965
-0.26881803895807 0.0317653652995819 -0.105585015885484 0.0339544576908954
-0.0694423374945543 0.234576871909493 0.0365198313505219 0.0417829958101261
0.102676380184367 0.224685355686532 0.026562415727317 -0.0678876367847026
0.209962249761905 0.120746275256824 -0.0830728055831959 -0.116061665148448
0.231487634926986 -0.00522712421358747 -0.18270146822595 -0.09172673045169
0.24467063759729 -0.0317577017687276 -0.211290944835002 -0.0656854552402562
0.255969350751951 0.00445848085729457 -0.224556250842767 -0.0736213514950161
0.274182502069913 0.176492586328461 -0.181780855999675 -0.13583649828677
0.118624503623597 0.330263727995032 -0.0635485267537602 -0.169177639799915
-0.143273928500137 0.339276382364737 0.0318317346864773 -0.0299513797681571
-0.440101858143864 0.0518282186593371 -0.0850761830531928 -0.0126566322989879
-0.34169053436473 -0.345014004358886 -0.156436073716121 -0.165827605803535
-0.064649492786058 -0.485985394951512 -0.0141128635759364 -0.420747920123598
-0.0688816703886003 -0.475140439489701 -0.18529889672212 -0.0951259519605627
-0.330775759589197 -0.26758957482821 -0.119269178765543 -0.00536504675609789
-0.367051331377142 0.0451412050158242 -0.106146840698228 0.0423588097384325
-0.111582995770768 0.313949825142133 0.0150884150982112 0.0540950183120391
0.120270530203657 0.31074759688727 0.0294348792283003 -0.00611513266903881
0.267825616913594 0.181851555845037 -0.00813133723370568 -0.0621934320459162
0.302620128762008 0.0254506224627317 -0.0815451162754202 -0.0796214737554018
0.314132824380359 -0.00737006000000231 -0.103710510030177 -0.0686191408963438
0.321396788369705 0.0350187114306793 -0.109534856989348 -0.0604924126684395
0.336445710897288 0.241379587623285 -0.0878021384004311 -0.0822859154055524
0.134857995818374 0.426758631901822 -0.0321428627115414 -0.0934593115541888
-0.187483574730012 0.425870245288374 0.0176771300579058 0.0122135215409212
-0.546289739213282 0.0730221411328564 -0.0683273254205363 0.015470336772586
-0.445372945583382 -0.416442384723999 -0.0945507700930944 -0.104042439270216
-0.111712342675298 -0.60101156993429 0.0211031149162242 -0.246252661042838
-0.0977249844042564 -0.520017644604122 -0.160765730754072 0.090558288109786
-0.395287103268585 -0.287496860993039 -0.0302650114777382 0.0605522543150759
-0.426426573425937 0.0693264496137656 -0.0880336229401999 0.0426818258158603
-0.134292992276226 0.36657058403803 -0.0147742721614262 0.0709871932965627
0.129395992125123 0.358248397668173 0.0349885021249499 0.0766146493940709
0.293068279788445 0.217053238404783 0.0833354425137317 0.0114015958903356
0.330560276561754 0.0483190154669688 0.0408563629109103 -0.053133059500741
0.335520627297794 0.0154298865077502 0.020812980648789 -0.0602494017041339
0.332891249125828 0.0623384242773771 0.0188459773980095 -0.0398796481773084
0.338390644234772 0.265719834641539 0.0181415655981802 -0.023231656098554
0.123409743389531 0.442713024103678 0.00915056952494459 -0.00958096705296574
-0.196808389616443 0.422365053450572 0.00894471002839463 0.0527217012803164
-0.542889909209433 0.0719103914223876 -0.0352690805034469 0.0447521829621917
-0.455085009748864 -0.413481919996723 -0.0151805426764023 -0.0274521718435807
-0.133889238177872 -0.606571524141287 0.0596296762619959 -0.0510420817781725
-0.113280171973149 -0.481471417577773 -0.112070080208966 0.289076878658732
-0.396018460539053 -0.258019648686404 0.0814239886885443 0.130043700522478
-0.408686269037499 0.0818322567716223 -0.0525150570450768 0.0372891839663325
-0.131466461144933 0.348664310466985 -0.0454241014541682 0.0883873473281972
0.115131715416101 0.339414690430313 0.0434505476187836 0.165204073897966
0.27125925109144 0.211642616111203 0.177009758700267 0.090944778123637
0.307973681130733 0.0621736219450609 0.167265520639472 -0.0183592310840805
0.304293898962598 0.0358250452023263 0.142173042357533 -0.0449567543342702
0.29189790435795 0.0799636091272797 0.137116952000697 -0.017221360513437
0.278818565359218 0.246767034212962 0.112085538825215 0.0297658653421784
0.0807758319905014 0.3747768684265 0.0467172964463616 0.0607165814335658
-0.176866694866558 0.324060045031918 0.00279281621674793 0.0768207485886994
-0.425830586556629 0.0351561283537717 0.00348313522926166 0.0649051929122912
-0.362463910763784 -0.34311025752521 0.0572220554096141 0.0399182353197098
-0.122567836410728 -0.505884245789545 0.0945774819507744 0.12259824469685
-0.106148006314261 -0.361157875927119 -0.0504126348122399 0.463928222051258
-0.311987480472449 -0.184090769043022 0.184750927052852 0.192033171988788
-0.300991854480859 0.0668479553244342 -0.00639884693857812 0.0279243019049919
-0.104473204109666 0.252156107753677 -0.0695094115488095 0.0951856451193786
0.0723316420658072 0.252338676023015 0.0467945121237934 0.233172018564105
0.195565536325011 0.168285408459354 0.250116022806059 0.161228323811179
0.232397192709856 0.0656068917684106 0.274522582602107 0.0198452729073614
0.227105258993613 0.0521818179973689 0.241675286766625 -0.0247223255971398
0.209156579644095 0.0879467866079522 0.226980642936744 0.0060485835858622
0.175284302240957 0.194202557947483 0.173300474223571 0.0692267550183086
0.017043804740595 0.252398998278808 0.0659886018793606 0.104879187731233
-0.139633035808123 0.171725079123613 -0.00743085733057046 0.0757577515496619
-0.243487160557975 -0.0157117670532305 0.0330709506162372 0.0668616510718646
-0.209373366340028 -0.225209325487804 0.101104605654048 0.0804404431483291
-0.0919426007261749 -0.329506540294318 0.117069134531846 0.243695380638776
-0.0805531164517727 -0.179889939660616 0.00794819741944331 0.583405530536422
-0.170016798774056 -0.077370685370015 0.255769205391142 0.234482322258526
-0.136611631051588 0.0403817475477108 0.0435918531561083 0.0160990530671233
-0.0547176498037946 0.107414602417289 -0.0815624569274656 0.0829768281340335
0.0180532363453202 0.120481480409578 0.0388004924195831 0.264069719385594
0.0842948057853537 0.09684001597516 0.283434760073901 0.20844034589236
0.116012675005107 0.0601567245162164 0.341852186914068 0.0556546882867774
0.115548927022321 0.0618611511421959 0.305331639676035 -0.00171707863620216
0.101098541541679 0.0837788227402627 0.276019251614231 0.029211777260283
0.0589864451586978 0.121654994809047 0.196084573560996 0.0954880228916906
-0.0409060969473536 0.115506210275916 0.0653656536423444 0.12318970985124
-0.0930122353012241 0.0254843364538258 -0.0206200019434366 0.0541332549086992
-0.0629460263512962 -0.0514489137601084 0.0482878270516249 0.0522378045466638
-0.0568376308335214 -0.0899862259911291 0.116445152291032 0.0934341729878626
-0.0551892640633527 -0.120552055633231 0.127908187022953 0.302382023613671
0.00385062489502515 -0.0458103272325782 -0.163223705043425 -0.360471412240501
-0.0578050665192501 -0.0236543278636919 -0.196131485888104 -0.0907223520664683
-0.0589655447606553 0.0494594162287096 -0.0684738667594611 0.0052409982370276
0.0365738126196165 0.0726714470499482 0.0422099523199574 -0.00140434795084451
0.0658295740128719 0.0153009240738807 -0.00985013325860098 -0.131806295305831
0.0488326177322834 -0.0340592786005993 -0.186838643168165 -0.135648100604788
0.0135830462439964 -0.0612078129914641 -0.287084368254782 -0.0550950818803559
0.00412666386989092 -0.0612345046939378 -0.319143234738517 -0.0158516587841788
0.0098679834955953 -0.053838579187144 -0.346210931961361 -0.0495833621248819
0.038455663745285 -0.0191009618274928 -0.286576255545599 -0.169262362027862
0.0471022349090285 0.014098727966224 -0.102264684992097 -0.240402368555218
0.00734096712444272 0.0485930877726049 0.0546139853813623 -0.101893573750453
-0.061218844088657 0.00313693314646566 -0.0653255486926247 -0.0452990417321598
-0.00965089814307808 -0.0668700929976456 -0.201182927478603 -0.191845346264992
0.0595725844993755 -0.052744297805425 -0.0734057782701588 -0.587555196504059
-0.0273224085738333 -0.215608833401823 -0.182025930769148 -0.325339947772837
-0.152770982533811 -0.114985235474674 -0.191554845838619 -0.0770123018937626
-0.163800784467187 0.0451411509376037 -0.0891634172574368 0.0263185466835527
-0.00917308223634046 0.153654488302095 0.0470133774602124 0.0219561098587233
0.0927611611742524 0.117739975442196 0.0129024248837031 -0.107575008628673
0.137428759087385 0.0368167162712264 -0.146487418133736 -0.134776855049689
0.128314072230406 -0.0430490374759094 -0.255299502842893 -0.0736979276113936
0.132160796734803 -0.057110781612474 -0.289487276865549 -0.0383751146763426
0.142907266967715 -0.0342505009700743 -0.309929896487323 -0.0599328911956822
0.173969335289998 0.0747956158038984 -0.255851129205289 -0.158391137771667
0.0980850334870464 0.178558379507531 -0.0943243903832043 -0.214954356971563
-0.0628928919240379 0.20634717297898 0.0446467115186024 -0.0710654924414258
-0.263320884094654 0.0393133814433708 -0.0828627334956367 -0.031958270865111
-0.195770868596583 -0.211023767754878 -0.194295353683453 -0.189322413699109
-0.0184177522205546 -0.291105506037703 -0.059698819183094 -0.539441609162379
-0.0593512915311445 -0.363785451484072 -0.193475569569852 -0.234112273791714
-0.246997284755333 -0.195303241634708 -0.170495011677595 -0.0480740025784625
-0.267343080814777 0.0461015342434104 -0.102217614499255 0.0422242141786243
-0.0565797734209174 0.235626338891363 0.0385210832381603 0.0382542931204439
0.114816860650693 0.217234314437207 0.0246046817137413 -0.0675752486220583
0.215123492474107 0.106887426956271 -0.0885340101588403 -0.110582662480984
0.228627525430808 -0.0173296193433442 -0.186768534399084 -0.0793670476208772
0.24053739134558 -0.0443996243751655 -0.214774574515435 -0.0549214026170865
0.2531902740768 -0.00818772175914362 -0.227420467494956 -0.0605208549624362
0.284259546052546 0.16063234608336 -0.18864608042278 -0.124749512716806
0.137612061946456 0.323250638089724 -0.0742968699633232 -0.16248222462575
-0.125778872740105 0.34399935765908 0.0314404261410911 -0.0332165078107651
-0.437327314545965 0.0748837696414865 -0.0844395879060454 -0.0112620362559287
-0.358605523880312 -0.327703189239136 -0.159655134285407 -0.158355747520053
-0.0915085757481083 -0.487798384272227 -0.031218017154985 -0.418758851636691
-0.0943097819485826 -0.471353467401933 -0.186266138562347 -0.0897729324890403
-0.343439659409881 -0.249778203221401 -0.116860437345794 -0.000865342121920501
-0.365099238434751 0.0642640181991291 -0.10175354689606 0.0502720512105639
-0.0947809715080728 0.317565551494216 0.0169675949473373 0.0514252506169134
0.137555035166006 0.302430003818416 0.0319463703354614 -0.00585813248004607
0.275873872430141 0.164681007110766 -0.0106581187634162 -0.0614069912899749
0.300919370536621 0.00861508865155733 -0.0859607660438757 -0.0725563998453265
0.311425906878356 -0.0243240032246563 -0.107390052552794 -0.0627686099182895
0.32038259142203 0.0193671503280575 -0.111801388345778 -0.0536499768451844
0.34984539247942 0.221366735543793 -0.0915752565257345 -0.0761486453832637
0.157921012828644 0.418326692304857 -0.03896981661188 -0.0876284461916095
-0.166501879363739 0.431398601026492 0.0200184221965006 0.010656741958755
-0.54284160676395 0.100408280346907 -0.0656095363004789 0.0146669783433105
-0.466500724992539 -0.393283082611809 -0.0953741813855515 -0.100229167508807
-0.142045681787992 -0.600318972119926 0.0108621174670294 -0.245057925407947
-0.123752199185961 -0.515557466763804 -0.15323300265829 0.0947152397570229
-0.408825470479674 -0.267475152876511 -0.0252614526024168 0.0600717420911093
-0.424418956201291 0.0911850429611981 -0.0821523507239113 0.0508142176545493
-0.115938113532581 0.370453257070692 -0.0117831741763862 0.0694339960177886
0.148639184686445 0.349758472240634 0.0418233086370513 0.0773058329488859
0.30463222741484 0.198090857742339 0.0853414294735732 0.00584199423236607
0.331471811034861 0.0299991207105502 0.0369262173585206 -0.0532765698133874
0.333602629146899 -0.00330495981694706 0.0169059235085735 -0.061039516725431
0.333880943529594 0.045329613762503 0.0171977001346909 -0.0406515086328333
0.353395729184159 0.245578447423326 0.0172573620129424 -0.0236344920870894
0.149661880520566 0.434147043564144 0.00735650469199282 -0.00626043444564261
-0.175281892165008 0.430504857636269 0.0133408402137037 0.0520626021970882
-0.538472188369904 0.0992465626350331 -0.0305887112256213 0.0423600009939975
-0.476209011132821 -0.390877908993626 -0.0129812337835595 -0.0276310658552521
-0.161899964862205 -0.603942969140786 0.0584105692963445 -0.0525335775439666
-0.137299798073132 -0.477012377428681 -0.0949998656780452 0.29171420239314
-0.407130270157168 -0.238355536340639 0.0885308304482852 0.124243236449483
-0.406327245069049 0.102328087710178 -0.0466621325960655 0.0432315030085006
-0.113950778878183 0.354033407738088 -0.041041119327564 0.0888403136264306
0.133895247752519 0.333236051708166 0.0553960824123977 0.164491160069929
0.280894494624787 0.194699029970062 0.18360961418159 0.0794471126612151
0.309546087885869 0.0451411129897287 0.164175417234915 -0.026076453831301
0.304258210976813 0.0188378979381643 0.138745239740912 -0.0516147201454986
0.293969842835237 0.065343132118705 0.135989109504343 -0.0242932768988932
0.292380400749626 0.229815606864007 0.113349885856347 0.0240349760762931
0.101873699416276 0.368751169886545 0.0491563198623414 0.0615691457994651
-0.160370052138379 0.331032065157295 0.0082446825507181 0.0770866186810447
-0.423773629449252 0.0565991207885279 0.00948897258131478 0.060203452447703
-0.379490953139232 -0.323908766104863 0.060286020521679 0.0358844576785895
-0.147258351778703 -0.503138740092984 0.0999637079885169 0.119042933310442
-0.12403571431377 -0.358317302381748 -0.02713444331231 0.463988194008059
-0.320331539710033 -0.169504882421449 0.19277770377064 0.181011310903458
-0.299647208221435 0.0810597505746203 -0.00117361021063674 0.0315295960261475
-0.092136405513529 0.256625038251321 -0.0645769274537076 0.0982105753496971
0.0864862479325776 0.248184600651373 0.0617718788807999 0.232025955524311
0.203394397707849 0.15616748238533 0.259882417088919 0.144554294447776
0.234443603837523 0.0530897961788048 0.27250961384165 0.00545710529881402
0.22871444879239 0.0388686439078535 0.239695581304717 -0.0359749014472718
0.212579523967207 0.0774606974621681 0.22548365119003 -0.00533686216008407
0.185891254672193 0.183059406325924 0.176148232485667 0.0594673678243824
0.0318750425634453 0.251044131949965 0.0712676908295882 0.10263098996778
-0.131241370514944 0.17741257317847 -0.00328353617768876 0.0767041596644682
-0.243807666712068 -0.00321034791183471 0.0385830394702759 0.0607834558238711
-0.22072245696764 -0.214583140956941 0.10471683816895 0.0746558876110471
-0.10766867141026 -0.327113652889561 0.128318173099934 0.238711692768591
-0.0878536125984828 -0.176503169452534 0.03723400147759 0.581734921775309
-0.173740093522385 -0.07026642014096 0.26454794336206 0.22094579664382
-0.136116215142341 0.0463993925236072 0.0476021903415285 0.0163679137257647
-0.0495414795932549 0.110366039155857 -0.0771708205625826 0.0871154247220094
0.0244027942875841 0.119747171067789 0.0552165181127681 0.263033209679668
0.0884584057751873 0.0915432863974449 0.295272469414962 0.189397200547546
0.1191510684128 0.0542251070931369 0.342100513471064 0.0361204483624701
0.118756843787396 0.0545697567864603 0.304567426610589 -0.0168160164567753
0.105950255565437 0.0782576918839598 0.275201399250389 0.0145615136411122
0.0655642251832433 0.117279195889495 0.20007367365975 0.0846130241036864
-0.0345123917195393 0.117803439350126 0.071060940971547 0.120154152340591
-0.0924441139141571 0.0303855700913108 -0.017946412489758 0.0563908913519094
-0.0660523224550964 -0.0487426409415903 0.0529140376724434 0.0461355989148794
-0.0607054015144543 -0.086823915810263 0.119555785467231 0.0861941972221451
-0.0596372522139907 -0.119110211689908 0.140831848122576 0.296048612488631
0.000553422892400098 -0.0440485669547635 -0.174919998206158 -0.342978830375446
-0.0569203301379828 -0.0191517922533119 -0.193001477394752 -0.0770017565344405
-0.053773286529624 0.0512086384349828 -0.0669090524342864 0.0104963509183508
0.0395636215799442 0.0670488428272905 0.0423340387299938 -0.00394474839832592
0.0648387249684138 0.0106569317702083 -0.015812309188197 -0.127294240785598
0.0451752551505351 -0.0360275664275677 -0.187421462582302 -0.12027773538978
0.00850914147899398 -0.0592666265787335 -0.27903405437495 -0.0387331990148341
5.02125466206793E-05 -0.058530400943996 -0.31024672206432 0.00026886375280295
0.00526141480661319 -0.0524501993911961 -0.33622828666892 -0.0289652450873333
0.0369167165246262 -0.0208207962166229 -0.286898240272972 -0.147522941069254
0.046872671023203 0.00993646403992932 -0.111894191153038 -0.226516874899063
0.010515388842468 0.0455557690425753 0.0468135937612134 -0.103599669683913
-0.0585475848520802 0.00715321767623236 -0.0669043507375438 -0.040705319822799
-0.0133732794670907 -0.0632637899898578 -0.20069657601276 -0.177111392127264
0.0535480078806904 -0.054303668501892 -0.0980080439835488 -0.567066521871349
-0.0386722662917084 -0.206607401509525 -0.190859259340931 -0.308697324669444
-0.152436081949455 -0.103149772268427 -0.187296232761873 -0.064901292052567
-0.15616139774706 0.0525414518845254 -0.0849198137773375 0.0324014793615236
-0.000380629594101348 0.147585542888475 0.0468643504545487 0.0181085908630921
0.0959152928860281 0.107736158336647 0.00813979947536 -0.104884485668739
0.134223614527039 0.0273564408751141 -0.147550669852919 -0.121937724177144
0.120179586208474 -0.0478045192875412 -0.250058625911364 -0.057159082525446
0.123539016959732 -0.0616484974078814 -0.282506832748005 -0.0221744233664139
0.134416365282303 -0.0392377600086408 -0.301611560484034 -0.0412510871447917
0.172456411720706 0.0621298856548802 -0.256154489832821 -0.137995530255572
0.105572240798986 0.166596053912249 -0.104219656863621 -0.201344871453025
-0.0501815002127837 0.201931958816165 0.0399741081853472 -0.0726769824546364
-0.25280661131642 0.0517282798923573 -0.0821375112581025 -0.0285253365271514
-0.200847739567279 -0.195106619224272 -0.192222021421221 -0.175146391593576
-0.0341190262536043 -0.283767856631734 -0.0824678339067295 -0.519088010646389
-0.0767675283889535 -0.349175517357901 -0.196662377026681 -0.221545187925199
-0.247766608045796 -0.176062016131911 -0.165269474832056 -0.0388912766653098
-0.256658518603674 0.0585552192148751 -0.0960754825009839 0.0479590980227069
-0.0423419303018581 0.228978501958992 0.0386294319092425 0.0337344249034635
0.122767128600945 0.202109353815062 0.022057136116755 -0.0663060267424178
0.213079776883572 0.0908671656555784 -0.0900176276986837 -0.101682692520885
0.218803545175818 -0.0290294535583358 -0.184679782475243 -0.0660705500666282
0.228936750926377 -0.0547807552809903 -0.21189510532961 -0.0420080319255067
0.243087189146424 -0.0196703360002545 -0.221629776827948 -0.0465496519826163
0.284264136936587 0.139347486738851 -0.188359472282925 -0.109841625057009
0.151340757386524 0.304646391988553 -0.0812064451496103 -0.149947264835786
-0.104774215006852 0.338414084591028 0.0295436276199268 -0.0351360159689998
-0.419736000518653 0.0939899847026343 -0.0826405833977064 -0.00936378539491716
-0.366116416900059 -0.300653432191584 -0.157985636867134 -0.145998485146601
-0.113496086888715 -0.472251774885435 -0.0481209152000629 -0.404203026869571
-0.116254945736159 -0.454468587395068 -0.183159621021288 -0.0819729116145037
-0.343476351335162 -0.224371625901494 -0.112139042044493 0.00296430427163658
-0.352202260056754 0.0819532769704482 -0.093562983112311 0.0568304879512156
-0.0753715219664027 0.310912189863378 0.0183237473407575 0.0474888616893631
0.148957926337933 0.284168407098761 0.0328958603933727 -0.00588471119433704
0.274965303079954 0.143188192927658 -0.0122053195443472 -0.0597974002833264
0.290478329251725 -0.00752126476736759 -0.0875450926810392 -0.0642007667969171
0.298246452420128 -0.0404027008360804 -0.108247609805998 -0.0550339781267702
0.30920562281827 0.00440981559934328 -0.110072025774937 -0.0461662406728354
0.350184948246046 0.195140023887851 -0.0919616518458128 -0.0682125912487509
0.177586293514418 0.395799117431885 -0.0434328947620643 -0.078678494126076
-0.139193885231896 0.426530192215455 0.0215130024900257 0.00825983352390824
-0.521630217419271 0.125244841341593 -0.0626391105966235 0.0139906984094645
-0.474109674224987 -0.359327633332201 -0.093046374555661 -0.0935927731993294
-0.169662811852252 -0.58118008890203 0.00109574141150437 -0.237225502692791
-0.145808810663747 -0.49481239176127 -0.142507393124084 0.0949869612558451
-0.407824279679383 -0.239352844876235 -0.0206273953394409 0.0575351347931389
-0.408471911366742 0.111331575105088 -0.0737669604564825 0.055561656084783
-0.0929135890789985 0.364106465939143 -0.00870732285572687 0.0664845231406154
0.162615990190337 0.330602939078928 0.0476455063963805 0.0739128056082871
0.303272031172042 0.173975003789303 0.0845923919622665 -0.000560185495803968
0.321758617922325 0.0111890406839421 0.031751071744018 -0.052406611812027
0.321848440887721 -0.021186551877021 0.0121421657493982 -0.0595127406757936
0.324233297184016 0.0289056527167693 0.0150431310870836 -0.0397617901556446
0.355535780187249 0.217707938126058 0.0161571462614487 -0.0230270650149445
0.169731013950557 0.413188478527405 0.0061041928058889 -0.00291350259622022
-0.14878482962101 0.425249117132937 0.0172682753986815 0.0496061679277579
-0.517609247638643 0.124617706724607 -0.0261597275235475 0.038373935956169
-0.482842232243183 -0.355616125189794 -0.0114451246655601 -0.0272167049475132
-0.188451323785783 -0.583478926894596 0.0553588245075039 -0.0527770154544098
-0.156604548596527 -0.457910525899073 -0.0764167522832921 0.284955626941215
-0.405336461512173 -0.211672357511306 0.0923964561982732 0.115109168145978
-0.390560107504008 0.11953731338508 -0.0391651750720786 0.0469600760350453
-0.0927113251774794 0.349395975640161 -0.0364943350077606 0.0874105241898174
0.146880378632251 0.314931549991563 0.0650574159773345 0.158224598907106
0.281681956258709 0.173141119631303 0.182996497634698 0.0647668824315714
0.300884638004178 0.0278243761651657 0.155999731955189 -0.0329645481738282
0.294510324575665 0.00156203537505096 0.130912547973041 -0.0563592483287446
0.287367753343626 0.0494759032334896 0.130627201907456 -0.0299253335923157
0.295695728981809 0.205297472421355 0.111315612110729 0.0172919598542964
0.118933569166005 0.351602243516419 0.0501402432918936 0.0604436581962587
-0.139378192289563 0.327979862662699 0.0128333201077928 0.074323557646917
-0.405825013299378 0.0764860982693195 0.0134639738613004 0.0535141304562855
-0.383843761625635 -0.295668676649168 0.0616836110490545 0.0309007678015457
-0.167926636209623 -0.484960674848651 0.103492053054612 0.112039423835513
-0.136174512822023 -0.343057200787543 -0.00304097005971315 0.451144659512164
-0.317989687835074 -0.149482762756566 0.195279778887182 0.165396917156436
-0.28943885064829 0.0937261362525761 0.00367408025450764 0.0328603773542682
-0.0773048869494815 0.253478969438321 -0.0585558332666972 0.0981293190379052
0.0966024860448925 0.23699004070262 0.074590707712052 0.2231754204143
0.204211943622821 0.139626346322381 0.260116370264828 0.123415704043872
0.230053572218471 0.0397263321111465 0.262460511409779 -0.00930354826249782
0.222661760046946 0.0248594251065896 0.229898457025267 -0.0470505555297841
0.209813444174992 0.0638847256294599 0.217211386464869 -0.0166112489548993
0.189645781174046 0.166114238590358 0.173224861998752 0.0480876192676474
0.0448931879595585 0.24138277301601 0.0732364023463246 0.0984375427744187
-0.118715782964102 0.178107085615583 0.00198166939316836 0.0750057686024344
-0.236070457865708 0.00893004873012984 0.0423798151837993 0.0528441300175003
-0.224259460347531 -0.197669538408442 0.105245657195272 0.0657655537832824
-0.119113349231615 -0.314352739052494 0.135297284107314 0.226555141838424
-0.0919744130835745 -0.168423487354896 0.0633055157799586 0.563769325972556
-0.17083481081089 -0.0601850898084995 0.266079130048383 0.201309977411597
-0.131326051785437 0.0519508629803566 0.0497382205404526 0.0153786521091662
-0.0431712440912436 0.109906555164295 -0.0705040585760617 0.088984799156185
0.0298834627900294 0.115521991920508 0.0688833240399227 0.253004159985784
0.0897729559887144 0.0847379834883115 0.296554723847432 0.165029163134817
0.118339670480707 0.0463428515468207 0.330302393942306 0.0161273043883299
0.11790318160278 0.046547052904685 0.293332272055984 -0.0311869702500248
0.107578263372976 0.0701610739699939 0.265458155874574 -0.000426530279222762
0.0695833223201952 0.109757630245102 0.196698570668104 0.0707469608882145
-0.02674511202554 0.116101093960524 0.075002002656954 0.112652315348741
-0.0885464148519905 0.034692944279233 -0.0144963362758942 0.056338561405511
-0.0667110054085227 -0.0441823443533367 0.055122158320734 0.0390963951576737
-0.0632225497134335 -0.0809492848516592 0.118979193308216 0.0761438218100312
-0.0613572470131693 -0.113357264380984 0.149088837020787 0.280702970773539
-0.00793464676277483 -0.042562779919426 -0.204689150411037 -0.303034829118205
-0.0562159907628563 -0.011410996824236 -0.188225710636571 -0.0485998366279633
-0.0448004127305732 0.0543332124477376 -0.0602564806272544 0.0180222854394944
0.0439795090504358 0.0578044916659931 0.0401259600549145 -0.0131479138731784
0.0623025121264532 0.00235412091403503 -0.032080702514222 -0.121073558721912
0.0374438074480516 -0.0391751416925108 -0.191885253029778 -0.0911065777071168
-0.000387617260824036 -0.0557194212598998 -0.271376511088093 -0.00438639622016528
-0.0073729294001877 -0.0538775156339822 -0.291564199083705 0.0358366190780289
-0.00126613745681564 -0.0477659252759236 -0.319588359925156 0.0107445670991469
0.0332644351060124 -0.0228617652647268 -0.287380828588086 -0.103525164787198
0.0449461668418863 0.00502135104607651 -0.132375905016659 -0.201265812548614
0.0136329875098732 0.0403135925706323 0.0329525277440444 -0.104933821738926
-0.0530799636172616 0.0153809543182411 -0.0704282533870663 -0.0302055356328349
-0.0205213651155676 -0.0526417853502432 -0.209372574121079 -0.146761868317244
0.0340240820913045 -0.0556057162462781 -0.155834300532882 -0.530378750163157
-0.0669103942607189 -0.195539320879242 -0.209325010165804 -0.256394587730701
-0.155337456078684 -0.0800981209138116 -0.178132656595944 -0.0357933935857552
-0.140780136232137 0.0683330976114241 -0.0686150371852043 0.0410578744001851
0.0149751272776393 0.136830409902205 0.0496758006922919 0.00558280950214863
0.101909435399831 0.089275924730306 -0.00484889066523207 -0.106815291100248
0.127902370372349 0.0106380647828126 -0.15545740134173 -0.101706437555339
0.104883732662961 -0.0569071457168728 -0.245314629977483 -0.0285509310028336
0.107693021115371 -0.071096923012955 -0.267605196789203 0.0111041234004255
0.121586292569054 -0.0502089052548602 -0.286311442304476 -0.00568624287512624
0.169145604405246 0.0382480990409043 -0.253325369772995 -0.099989175121745
0.118722665932529 0.143932689316871 -0.116362277715959 -0.178383063288087
-0.0260084207617392 0.192007086437228 0.0339618641388883 -0.0716187214422362
-0.228175916736078 0.0811095953371481 -0.0857684244038639 -0.0103624286133281
-0.208447877959713 -0.152687842546708 -0.211955853490633 -0.14646216000511
-0.0753910655999831 -0.25712715760782 -0.136716558397958 -0.493765454470236
-0.122693184498032 -0.328402143342037 -0.198958519548524 -0.161490111339291
-0.252263467897908 -0.139752619596709 -0.151387622726216 -0.0133392646448331
-0.235479358797014 0.0851087824027996 -0.0726236839807817 0.0580602088190345
-0.0161948881680588 0.217203134289162 0.0462016600012363 0.0197897335335737
0.137618101821438 0.176018074654777 0.0148777074759251 -0.0750571220961917
0.208314444178524 0.0615114519696877 -0.0987559476525613 -0.0940554360417285
0.198502018899968 -0.0495591120565348 -0.183002195296031 -0.0474820309537673
0.207035532047177 -0.0772692879685394 -0.203786806002417 -0.0154230493080545
0.225175957237558 -0.0440288903902515 -0.209621043804827 -0.0214252008831708
0.281470992610795 0.0962709513703978 -0.182344650922604 -0.0818478485017467
0.178263435403747 0.266900899448812 -0.0854345047456438 -0.132294800165402
-0.0621715359047726 0.324973249820503 0.0320888786841227 -0.0315218540094474
-0.379156236205124 0.141874633834121 -0.0855377616962783 0.0113079301637133
-0.37364246721725 -0.233303606590449 -0.18471296408598 -0.12330438521781
-0.170138875186099 -0.421012064368776 -0.0931448248979721 -0.394430658839076
-0.173099787328821 -0.423896119914836 -0.164936344383339 -0.0230808814819118
-0.348913690171264 -0.175087126750361 -0.0925026162522143 0.021394177999907
-0.322405298777365 0.118857826520171 -0.0633750728092033 0.0644930140294833
-0.0396771292066955 0.29866185403106 0.0310115673041052 0.03356623590468
0.171248261904882 0.250428403170147 0.0337594734257782 -0.0227467654961134
0.272698259238264 0.104862268184444 -0.0193505643348995 -0.0671484213281279
0.267978211109327 -0.0376744783542674 -0.0895319870461242 -0.0586316322037915
0.273664073657557 -0.0719305268663787 -0.107978310178504 -0.0401662368500876
0.290279194960504 -0.0301336743890872 -0.103220355219973 -0.0344656049609017
0.349679006474469 0.139392144192318 -0.0853156666218867 -0.0549964176582891
0.214059288461448 0.348621525173406 -0.0385681045176888 -0.0686537343426781
-0.0851388370319177 0.410452331064206 0.0314131601462197 0.0132296419569481
-0.470726037185008 0.181449396174023 -0.0653703892451553 0.0345306311140501
-0.478482786488112 -0.275738800248637 -0.123977145674821 -0.0805562230483932
-0.232979617195152 -0.515800175642284 -0.0288120539422506 -0.24377596535958
-0.205782684003077 -0.460602609453111 -0.103084981455288 0.142959500864917
-0.41152745704129 -0.18334800096224 0.00137237079076926 0.0616622791192519
-0.37329751137412 0.152811873461551 -0.0409120611925995 0.0605605294128146
-0.050448807734287 0.351150045360246 0.00950631188981518 0.0541656949564466
0.188758267045234 0.291913429479878 0.0590384947990198 0.0495180784200233
0.303552352507177 0.130538253309333 0.0784370716767155 -0.0248623417752119
0.300445114003932 -0.0236696887930529 0.0257517526514493 -0.0619305280838771
0.297831090446936 -0.056648173384576 0.0047603319402164 -0.0583156383987497
0.306860576304446 -0.00974161640095064 0.0147209006467733 -0.0428686515859434
0.357011576203813 0.158787074786823 0.0222306327670212 -0.025691111190822
0.209494503248967 0.362958831291501 0.0171030522164384 -0.0020199663514324
-0.0918900033048316 0.410077009851215 0.0320456017613174 0.0539232698577324
-0.466662272972087 0.180324465611794 -0.0277237130647631 0.0524504063868713
-0.486659617334469 -0.273257998332219 -0.0393347173271222 -0.0274567812583751
-0.249040949387236 -0.517551158374983 0.0437737524506274 -0.0742278465477196
-0.210809226974977 -0.423156020288683 -0.0186296961906209 0.312910189699245
-0.404914336427824 -0.158762723543751 0.11424104047278 0.102177843927663
-0.357199384426479 0.157657369894072 -0.00974117516782056 0.0474831068937036
-0.0530476673279128 0.336713837834728 -0.0142008218192207 0.0779775897278353
0.172582964383016 0.280178745800814 0.0871439575049573 0.128133675353151
0.282397054002813 0.131065898460876 0.180368724570091 0.0248949336461053
0.284146616022482 -0.00675137923579971 0.14677615427758 -0.0581408529027641
0.275786639440051 -0.0327080288076798 0.117153857817059 -0.0692143666865942
0.274988141616961 0.0130437281213244 0.124024120039373 -0.0463498953809129
0.298230817830363 0.155519035912697 0.115137829773702 0.000889788503561004
0.154308952586355 0.312024406807646 0.0642750805632642 0.0526562599856713
-0.0943998007097394 0.318809448050709 0.0282878002941085 0.077679913599721
-0.369920854991814 0.121439121766245 0.0130127842598531 0.0578362985819854
-0.388050893796959 -0.229347720175429 0.0400773507608608 0.0184300007131131
-0.214540515608309 -0.429773331605012 0.108358486852969 0.0809306614969554
-0.174432585700041 -0.314023066583145 0.066066979495409 0.454074485554889
-0.314256090268746 -0.109058724089245 0.213967983678517 0.137171230595185
-0.26382715585565 0.121223739736395 0.0249065897262847 0.029241573934759
-0.0474238964000173 0.246517917783614 -0.035119929252931 0.0941052150942547
0.115513215499506 0.212664550582808 0.103185795480395 0.192019512998349
0.206817788325413 0.10899290886426 0.260275000680769 0.0749018730639436
0.219988338931432 0.011735667263059 0.250333741483741 -0.0455250199748214
0.211651172658609 -0.00265900955206755 0.210465098903809 -0.0706941301394309
0.204686974036112 0.0349366402781174 0.205925631835693 -0.0427606109897436
0.194444493201021 0.130610549323065 0.174037401372404 0.023663859982636
0.0713094278374117 0.218036327034452 0.0865573134407405 0.0860391513617742
-0.0909677448362617 0.177817434306965 0.0138503696881761 0.0770346107149995
-0.218586432374051 0.037285149665146 0.041742289151727 0.0478116322156777
-0.228403334125122 -0.157433757448029 0.0929587285071601 0.0460102567104685
-0.145844586384113 -0.276785468403791 0.151967391116775 0.19043933500643
-0.106978627733408 -0.150469271146864 0.134758884086275 0.539941659344106
-0.16528903702056 -0.040154698134123 0.278716486221817 0.160746718477864
-0.11914361860998 0.0631631448767862 0.0576719647519435 0.00778201214005986
-0.0305117983631169 0.108391814379264 -0.0514999217402736 0.0910970081505181
0.0394720294570398 0.106335712069685 0.100850869827784 0.226671410386126
0.093991359282223 0.0695416931812795 0.300626852681848 0.114421342841704
0.117490161093707 0.030203745439329 0.319027272533129 -0.0263594934367629
0.116121715549098 0.029281137137201 0.272158476539 -0.0637659347357879
0.109359680152959 0.0517621650170292 0.251268178954345 -0.0305811594078055
0.0766386729965084 0.0922455391376 0.195521103297363 0.043014913439111
-0.0106503159452914 0.110356177631746 0.085186900598602 0.0999740586276101
-0.0784925950629042 0.0422022786166792 -0.00689478069981943 0.0588729249555481
-0.0680432653111907 -0.0335650068062684 0.0544688228367006 0.0286918746017491
-0.0661356895689946 -0.0699917284660544 0.115282563025056 0.0551762403339641
-0.0667171773639092 -0.0999380271140325 0.17155833892364 0.247453725858963
-0.00716796531977607 -0.039956345256457 -0.190175176388085 -0.293716237017392
-0.0527845103346378 -0.0107512445906403 -0.177442331354442 -0.0486615016417609
-0.0428623208571739 0.0512150401060701 -0.0576915005558956 0.0183162382358674
0.0414538027410075 0.0546609440214418 0.0392848791384522 -0.0128794115019167
0.059289600173127 0.00225490577723759 -0.0281923421971686 -0.116671626454047
0.0354379543644663 -0.0372852209165793 -0.181333477941563 -0.0881267973737295
1.45762407115831E-05 -0.0523539514027268 -0.257015772675431 -0.00738804894531944
-0.00664833408275356 -0.0509507005677921 -0.278175634960758 0.0299407574453861
-0.00132767861840518 -0.043902632812775 -0.303265539942429 0.00668105594794261
0.031871305098505 -0.0218208973501227 -0.271906936636909 -0.10053515806861
0.0430982253423892 0.00455363516345253 -0.124762676750505 -0.192019573470311
0.0131139623812665 0.0380949548393542 0.0324887628864456 -0.100969899856245
-0.0497264254554278 0.0148455803381512 -0.0671272191866319 -0.0297744605924562
-0.0190362733283479 -0.0495730078226399 -0.194036119868683 -0.14473938689718
0.0315531866774123 -0.0519712004981968 -0.138451943421859 -0.507913435696297
-0.0617966321535378 -0.186403684133015 -0.194992416723799 -0.250422462363525
-0.145977562590569 -0.077610522048457 -0.166734936974441 -0.0372665169236205
-0.133646363350739 0.0638099124043879 -0.0653705765692261 0.040115935538183
0.0127092070972618 0.128912387005336 0.0472453910012327 0.00616844198915187
0.0956665115937885 0.0854253692250184 -0.00242113792486374 -0.101780596113841
0.120830538741589 0.0111449165065649 -0.145657384757248 -0.0985368273350409
0.0991443642333424 -0.0524381722626776 -0.231838115083682 -0.029895168822863
0.102887501612968 -0.0663953311796688 -0.255934971818131 0.00715392768598114
0.115266719530248 -0.0446645077670599 -0.271847506872617 -0.00866042506761054
0.161106199931875 0.0375618995451127 -0.239826530948621 -0.0961399502734326
0.112216379032378 0.137501450867584 -0.109412067033028 -0.169010403887674
-0.0272392427105883 0.181783791067097 0.0330056183133725 -0.0693284581113302
-0.218164094182812 0.0742719358318598 -0.0821174401556182 -0.0129687849623402
-0.197742491812787 -0.148136200372375 -0.195911872637806 -0.145108318473961
-0.0700603877819237 -0.246400962099813 -0.12080953202027 -0.474170908374652
-0.11403528084225 -0.314284115938754 -0.187556022045914 -0.160747239891567
-0.237699262344042 -0.135080974618629 -0.141793690052508 -0.0168368498380854
-0.224375406650867 0.0788512559196827 -0.0684757857532704 0.0553602490879487
-0.0180707958790699 0.204588083333247 0.0425202593108945 0.0195566662029235
0.129052707167262 0.167672227556431 0.0172460380146511 -0.0715609420290037
0.196565619770658 0.0603021738147735 -0.091559315271035 -0.0914664374901068
0.187954016084744 -0.0445441633079452 -0.173049963174678 -0.0458721931728497
0.196538783254627 -0.0710705437688674 -0.194386529411951 -0.0168247217253753
0.214351178167046 -0.0374915357766323 -0.199134074120669 -0.0232769068585168
0.26771903778571 0.0943748074387662 -0.172768233577913 -0.0794922416650106
0.168145230953632 0.254839966168778 -0.0801142011641238 -0.124198432759948
-0.0631468674190271 0.308213092619999 0.0313199175015446 -0.0308137814847886
-0.362860176465343 0.129118433315871 -0.0823835437064954 0.00705249642213075
-0.354202213855437 -0.227683938744551 -0.170366937153894 -0.122341630881375
-0.159866123571986 -0.406004371498145 -0.0812177734343835 -0.37708778376744
-0.16067460223511 -0.406956780708206 -0.156981211664867 -0.0287274061639983
-0.329029907897753 -0.171059965439688 -0.0874069416718899 0.016715495676842
-0.308471986378279 0.109348252874297 -0.0591318649428563 0.0624611080314237
-0.0405698345435887 0.281430751362408 0.0277180513578696 0.0323708238080163
0.16054218181005 0.238585031949208 0.0351874425547727 -0.0211589268327062
0.257297894910401 0.101230364642543 -0.0170754225551063 -0.0654434105133903
0.254210892791771 -0.0334187548153593 -0.0851008005427923 -0.0556608322197509
0.260142233050794 -0.0650127372179571 -0.103087512734669 -0.0389657194684999
0.276365560177209 -0.0238509421106744 -0.0970473044590442 -0.0345125819401172
0.331502843288822 0.136244807141489 -0.0796409102471348 -0.0525543388349564
0.201351381208528 0.33342525944188 -0.0360402585356778 -0.0626459715591893
-0.0865758392325356 0.389438434901433 0.0301471961491988 0.0106567851628102
-0.450089860082322 0.166963489579114 -0.0628102769050383 0.0287659539486905
-0.453992599282706 -0.268734277948027 -0.113047415269427 -0.0805085676477394
-0.218242756568951 -0.496973575097939 -0.0222102763455619 -0.233258552700362
-0.191977912201628 -0.443962844499933 -0.0998292781518467 0.131673568262089
-0.388096554844004 -0.17976021057188 0.00116986790548429 0.0566923665127946
-0.358959951477033 0.141003258788054 -0.0372240653497956 0.0574699806966177
-0.0521131480938766 0.332002196335315 0.00720033558310096 0.052254792530157
0.175752631072799 0.280047151025799 0.0589927603094311 0.0480365170561178
0.286905419523083 0.127222496941246 0.0754800383762485 -0.0249675785868732
0.284820119039798 -0.0188885980907043 0.0245600566853952 -0.0573838926681292
0.282540644130635 -0.0508360538448971 0.00475881021285002 -0.0545335987511081
0.292282014873663 -0.00459642652387791 0.015487679547767 -0.04075227025482
0.338561677171958 0.154873078433358 0.0225922904577502 -0.0234071901166818
0.195822656390777 0.347757917342569 0.0168320656619794 0.00165690133634275
-0.0936676076229892 0.388055710003933 0.03069659783725 0.0505684330751263
-0.447931774662368 0.165880735739475 -0.02715231145065 0.045822766787911
-0.461189087639462 -0.267643640813754 -0.0351619073545345 -0.0287334388108535
-0.231811322223375 -0.498103603469551 0.0438024015365099 -0.0701963773878979
-0.195753859344346 -0.407927593600352 -0.0224437608615017 0.295755545251707
-0.38289408376062 -0.157409154925303 0.107585872754187 0.0973837233815301
-0.343241807298674 0.147334112729334 -0.00650965260670563 0.045386831248778
-0.0550141087544404 0.319888115131663 -0.0154472664788292 0.0753615467271326
0.160914285830659 0.268980470906457 0.0843945895670306 0.123263570679431
0.26700400024458 0.127972521951278 0.17113789394076 0.0238308284689673
0.269981374943535 -0.00316025454766336 0.138704952123532 -0.0524748902178406
0.262026641005473 -0.0277885785146075 0.11145647781392 -0.0634491547621819
0.261893407349769 0.0170805241066838 0.118779737221322 -0.042389811459073
0.282265136103176 0.149394992270376 0.110383007454664 0.00273576616747722
0.14520125152201 0.297972697821213 0.0609583808672413 0.0539699490152165
-0.093822578928152 0.301547804181143 0.0267637683142473 0.073916485058964
-0.353279074972867 0.11147002070249 0.0117380433879947 0.05135180643673
-0.367383385674688 -0.224042281867371 0.0394740925127376 0.0163914207771827
-0.198484164138782 -0.413811316968433 0.102653488141449 0.0782606137468516
-0.161247987886646 -0.303061086207459 0.0568767126879031 0.432699844929287
-0.298401431928553 -0.108341500867031 0.200843737140821 0.132222571981535
-0.253826153965771 0.112661898755042 0.0260319187879636 0.0283038609171601
-0.0487424562463341 0.234222840028785 -0.0353727628736113 0.0902356180052248
0.10801857511633 0.204158194004628 0.0994935117520289 0.184996874763011
0.194860534911568 0.107220540304075 0.247304437891618 0.0714572959164287
0.208694415887665 0.0136918188584154 0.237652559773451 -0.0400672780350437
0.200589057803783 6.83983709913764E-06 0.200786319143852 -0.0639377566795739
0.194382142389655 0.0356791464509198 0.196028633739928 -0.0374609819309984
0.183964171874413 0.125736470035322 0.165024321713598 0.0245754943594029
0.0665810588843986 0.208193497802076 0.081624886215238 0.0846440269586871
-0.0890970533701731 0.167707926463569 0.0124683468479412 0.0736828282263677
-0.209043253464612 0.0316605338518827 0.0389945400890445 0.0428216161328521
-0.215231627287609 -0.153255316090623 0.0873094604093261 0.0436525302429836
-0.134594290381004 -0.268176968124819 0.141741900513053 0.184081309017056
-0.0987178874236808 -0.145906479326921 0.119531452625154 0.515958255999151
-0.156857210446612 -0.0419500866225654 0.26167529030681 0.15780561756649
-0.115308161546983 0.0583856696040372 0.0571748566310518 0.00858137968666259
-0.0307582760678528 0.10284332802283 -0.0505176903471763 0.0874986546657981
0.0363066007940309 0.10237748033268 0.0950460671842843 0.217603343771751
0.0878466229452778 0.0679161230184326 0.284749859056429 0.110758005413336
0.111614503680304 0.0295363830859568 0.301197159421397 -0.0211239391658348
0.109961208311058 0.028703048245989 0.259839631641129 -0.0572240128657947
0.103765771528673 0.0502146312482384 0.238563786419305 -0.0258581596621131
0.0714381512481617 0.088252302163593 0.184428934067598 0.0429988401506298
-0.011301484950789 0.105352005114981 0.0793470205158771 0.0965941997806727
-0.0748617626424355 0.0391048564900933 -0.00787773536536492 0.0565559152594715
-0.0647866463742096 -0.0333114970053314 0.0517835335504954 0.0249434668170597
-0.0622797836912727 -0.0674464681072896 0.107561193308292 0.0529483930513485
-0.0604552820822795 -0.097196318358649 0.159204131241252 0.238589217810076
-0.00609528636348157 -0.0390243346873025 -0.174605997786007 -0.298392727504122
-0.0507333121961681 -0.0116937348254439 -0.170528630601174 -0.0551446446559518
-0.043555189871982 0.0489874416015407 -0.0572113556142824 0.0176180705506649
0.0386974208979639 0.0539454503230689 0.0395221174746833 -0.0113896141073074
0.0579807755042855 0.00429294385998069 -0.0228341879398697 -0.115828771558153
0.0360419046422208 -0.0356749570026084 -0.173390546161065 -0.0931914496467396
0.00147461566518921 -0.0511316343027365 -0.249638576761932 -0.017776932817959
-0.00478750363523412 -0.0499917380988027 -0.274747722825312 0.0179454252446342
0.000200616216671883 -0.0420459987899895 -0.297172471652564 -0.0048942591135347
0.0326640079720085 -0.0211219015441003 -0.262912708127426 -0.107416858837288
0.0420714798379923 0.00460218066712468 -0.115996124513331 -0.192213534265775
0.0113448692221997 0.0369675337825801 0.0345963931544087 -0.0993197218666576
-0.0487337611549297 0.0125114944015296 -0.0657582560719996 -0.0320597241949628
-0.0166229360613325 -0.0488424851402427 -0.18142780533501 -0.150765866575477
0.0315875406318714 -0.0492070379840406 -0.115441695188 -0.505287521532374
-0.053903948826519 -0.18391962493174 -0.181533752166099 -0.256719927752691
-0.139226864948187 -0.0809076771418889 -0.161096418233785 -0.0448695910618557
-0.133006642052565 0.0568971025676529 -0.0653641944746035 0.0382533626497507
0.00793124239214473 0.125399939045555 0.0456006166496132 0.00731830266169873
0.0902893176706773 0.0866472933918886 0.00277375210845753 -0.100879361676106
0.117081548748979 0.014442594373472 -0.138212791304601 -0.10192880744864
0.0981704426578205 -0.0470858134131223 -0.224798168293026 -0.0375424064571057
0.102164266596779 -0.0606460518809817 -0.251606953090761 -0.00268955881061235
0.115081264092932 -0.038073751791308 -0.265774182560659 -0.0189421390855476
0.156482896498026 0.0418306586258307 -0.231330051284461 -0.10266306883506
0.105143943829775 0.138034683313586 -0.101767751401093 -0.168647426181622
-0.0338055000432165 0.17619898715961 0.0343574036334058 -0.0688091067790203
-0.216651312901192 0.0645529051751774 -0.0810784070663772 -0.0172662270072409
-0.187597065666595 -0.152709212773884 -0.18292922893738 -0.151685228022285
-0.0604124333845348 -0.244683398147076 -0.0976992396169145 -0.470044440459916
-0.100891323733789 -0.312350976695699 -0.17706314653576 -0.168457442433464
-0.227287923935606 -0.140944770218788 -0.137114013324625 -0.023894543250011
-0.222248753001588 0.0695710871065943 -0.0682325818156824 0.0535269358752279
-0.025092121706606 0.198011258282501 0.0403185682327855 0.0206991499824267
0.119915694958468 0.168192705170203 0.0211116467526485 -0.06979742009349
0.189990885455675 0.0658576047039987 -0.085476398294017 -0.0939242810084947
0.185192887900073 -0.0365095589251575 -0.167586191129765 -0.0508059190541307
0.194435585053867 -0.0617947369390455 -0.191222210421293 -0.0236595211716811
0.211476448006953 -0.0264795474547799 -0.193458023055955 -0.0308582543539775
0.259504725854806 0.101337560786555 -0.165920166084616 -0.0834189816746351
0.15668994788154 0.255854530036955 -0.0740561061825287 -0.122102738057642
-0.0747261016094736 0.298811881585594 0.0319941642724478 -0.0315396683089459
-0.361001981471665 0.11280012404699 -0.0818154930065936 0.00186183528387718
-0.339242943861583 -0.237462093905172 -0.159264804294276 -0.130501249487102
-0.140914830014879 -0.406561137065476 -0.0623777949719469 -0.374460123423675
-0.143181409366966 -0.405306123000543 -0.152795351729231 -0.0381042590199548
-0.315722907381524 -0.18027079676501 -0.0848059090533053 0.0102341540750293
-0.305584075163347 0.0969311281338815 -0.0584655938214829 0.0596766847794663
-0.0501537936997964 0.272323050886497 0.0250224734876294 0.0336445443576551
0.148227569902667 0.239268254576005 0.0379327821052294 -0.0198218967072456
0.248159973746026 0.109029366765223 -0.0140540401918182 -0.0663749047436436
0.249693065804799 -0.0227225508399035 -0.0814951092108354 -0.0561507205437291
0.256362187503596 -0.0544303920251083 -0.100759578434962 -0.0409788485334447
0.27214028217529 -0.0114320298273059 -0.0933529181010767 -0.0377870922433764
0.321671545358453 0.144547238424832 -0.0756012038713067 -0.0539348953716347
0.186590703681037 0.333278769385373 -0.0331079837761336 -0.0593055285443293
-0.0991218933814002 0.37695469050915 0.0293906401857091 0.0106584912868592
-0.449322147380227 0.145950381801973 -0.0635915311315754 0.0230365887168988
-0.435556708820956 -0.282207043748155 -0.104981762605857 -0.0865077623101821
-0.194725380556708 -0.497974721967242 -0.011330309283376 -0.231274003936172
-0.173039570597095 -0.44125987962703 -0.102600495477289 0.121960150384384
-0.374402060777989 -0.192189304304235 -0.000634550009221376 0.0528009195516868
-0.356898701629955 0.125771653094272 -0.0359418433013657 0.0560626095830261
-0.0634621280535363 0.322384332018131 0.00354250247913114 0.0524425917924481
0.162787539894945 0.279200126230277 0.0592497820200972 0.0489758545299295
0.276352704403081 0.135022980047461 0.0752630973132866 -0.0236571057604247
0.2792108050267 -0.00746101513344036 0.0251275122900996 -0.0541573865311016
0.278271409169876 -0.0390231252543161 0.00552468444469671 -0.0528909550973214
0.287116330918872 0.00792042392124948 0.0170714395130405 -0.0396084270596289
0.326286707375794 0.162757884698826 0.0228714946454988 -0.0222812770364043
0.181465141169769 0.347745965103184 0.0167525226374153 0.00594879896336338
-0.107364764606041 0.376040534726821 0.0283421080000999 0.0498018912445738
-0.44398807033861 0.145228738829804 -0.0294486458193662 0.0400824103046069
-0.442527842556884 -0.279324099577078 -0.0315903470554133 -0.032092994284149
-0.20915553973319 -0.50049806434798 0.046498471845531 -0.0675211234241577
-0.175237416612718 -0.409506173167415 -0.034179204655304 0.286461373384388
-0.371069430033878 -0.170326934082449 0.101156734353236 0.0975337810831939
-0.342772790317796 0.131214737148539 -0.00516764801865831 0.0438903600389846
-0.0656337302332172 0.311881163825012 -0.0188083913607403 0.0739682905673662
0.147300804973329 0.269768923570687 0.082134325503226 0.124355581047398
0.257066909379969 0.136398842467331 0.167858868516353 0.0271697257321326
0.263846683538652 0.00737736660080832 0.136140650087373 -0.0449175539461503
0.256521827468266 -0.0174001979822562 0.111702387292596 -0.0579689349181684
0.256708264603066 0.0274386280121696 0.118175282383529 -0.0368595110029279
0.271713154045424 0.15638235126977 0.108035493265905 0.00669021942979918
0.1325355043716 0.296443362719731 0.057669692817356 0.0572613128089793
-0.105094847830596 0.291029699486546 0.0231262102860316 0.0727877000839189
-0.350803001461442 0.0939723107154713 0.0091638266188372 0.0468181389717641
-0.353914497608995 -0.234259642969477 0.039042208983185 0.0157083272357896
-0.179510993886011 -0.414849176828771 0.0982327936593373 0.0808581667618114
-0.145379449503511 -0.305230075401572 0.0371508052401039 0.425742078132687
-0.287888793405127 -0.120466339440028 0.190697655280671 0.136822118553532
-0.254754167931452 0.100782494548799 0.0268119892037342 0.028787335754084
-0.0573923222782348 0.227482231640168 -0.0392134683046005 0.0882833520025271
0.0977939761862322 0.204205603020395 0.0935421658178356 0.185402769354779
0.187509059903457 0.112842439395764 0.240010054255189 0.0769568851822292
0.204310521592876 0.021607240835231 0.23168991074003 -0.029462563888792
0.195528893988896 0.00720023427131372 0.199492135696282 -0.0542309151650266
0.190043158961861 0.0427330507408752 0.193141057840513 -0.0291053314370505
0.175210604108723 0.129441514223048 0.160465423973748 0.030255580128868
0.0580862584060253 0.206006097131316 0.076793020291435 0.0877100798730301
-0.0942498365256995 0.160349944783128 0.0100560220429024 0.0728564951075111
-0.2056799004004 0.0231374123309568 0.0366058844221853 0.0399906484020181
-0.206273619604008 -0.158495906215792 0.0842659352121066 0.0451575257968478
-0.120905510446968 -0.268885958397312 0.131851399875375 0.187399185958992
-0.0903945853509473 -0.148702537040171 0.095462687479071 0.512256118394609
-0.152207439193084 -0.0489177561536781 0.248239708326873 0.165887483629394
-0.115966492902523 0.0526417725632567 0.0575064149712814 0.0104381993431328
-0.034754188773332 0.100194293087241 -0.0523376152344414 0.0848284742814677
0.0314021680296527 0.101880329892064 0.0875891438931936 0.217380657942637
0.0834434575185526 0.0712445979781876 0.275267997925763 0.116720239743751
0.107977487613132 0.0338037866222243 0.294847247334758 -0.00899276700035922
0.106146399391768 0.0322409335781084 0.25652289064486 -0.0452050087234795
0.0998093929448639 0.0519585909712573 0.234249910442827 -0.0152959295848929
0.0667749212426832 0.0889805301002927 0.178301407859539 0.0485167819929234
-0.0143751651160015 0.103117116049656 0.073512506573998 0.0979672613508157
-0.0754086232779971 0.035704646487589 -0.0098898580026844 0.055459055620301
-0.0622587385028738 -0.0353556596216648 0.0498201281503278 0.0232793935724026
-0.0581578993578315 -0.0690324444077637 0.1023810614527 0.0560982500506656
-0.054374031769693 -0.0979624895505701 0.14592843809251 0.240156645902614
-0.00545957363751756 -0.0387669315340515 -0.166999133367937 -0.313611259768905
-0.0504011090747452 -0.0130760423854599 -0.170746057000043 -0.0637164080216824
-0.0455804540823033 0.0479765262777859 -0.0589797423649619 0.017423756883444
0.0375417942555462 0.0561893591729427 0.0411735231083054 -0.0102167586077273
0.0587868161482068 0.00586244128856309 -0.0184811957935512 -0.120343986654058
0.0374457264093084 -0.0360916452848885 -0.172867940094682 -0.101752724400469
0.00263019189873948 -0.0519312022223836 -0.252614006388048 -0.0289127863779969
-0.00316396727024774 -0.050226826458639 -0.281385270972584 0.00704889358264338
0.00175920300925284 -0.0418613643126371 -0.302755922998841 -0.0173444503763818
0.0339863630091333 -0.0205883315627596 -0.264178735495477 -0.119137038190411
0.0429961287476298 0.00600244125638304 -0.111305055853013 -0.199856232644622
0.0105390668447864 0.0372661743063414 0.0383297971643383 -0.101154550845142
-0.0495860802898448 0.0113014258183569 -0.0663073345101116 -0.03552128315572
-0.0151340343431603 -0.0498794328360592 -0.175340197861873 -0.163918590136113
0.0331453212709602 -0.0481334318228161 -0.0935167438466407 -0.520987790164831
-0.0487674114192922 -0.188921248932896 -0.175768303843596 -0.272317458066857
-0.137623557270961 -0.0874293397338749 -0.161346607006049 -0.0542973025494024
-0.137005631046175 0.05309525468923 -0.0676504763710323 0.0382891196817282
0.00276902210974396 0.126881479946802 0.0464761500965125 0.00966799481461081
0.0888975738505525 0.0917943705912609 0.00778433734883839 -0.10345203329311
0.118547427406057 0.019152476239018 -0.136497178087222 -0.110101256238678
0.101370008954016 -0.0440800614649004 -0.226316819773998 -0.047374278094148
0.10587714747483 -0.0571333658369717 -0.257492625810589 -0.0130962784246877
0.118981790674812 -0.0328306586986041 -0.269981921453832 -0.0307333096244138
0.158755691809054 0.0483313107880357 -0.231242532385954 -0.113104594037237
0.102409796589687 0.14372192415459 -0.0979151714333901 -0.17427386994632
-0.0425109260024099 0.177650689928667 0.0379269335474415 -0.0710885935373993
-0.222786938718983 0.0571587204733265 -0.082777861056848 -0.0223695816214222
-0.185849644727999 -0.163687354126059 -0.176402204131982 -0.165399968912003
-0.0525852431815526 -0.253090034454969 -0.077919510501412 -0.484703836330726
-0.0916135484251457 -0.321063643174227 -0.174481372243068 -0.18279655896451
-0.22528625477092 -0.152000792529716 -0.137436705082674 -0.0330978001115329
-0.228197144035541 0.0619000145981984 -0.0708712378069464 0.052624757971891
-0.0330334782342249 0.199489794448468 0.0404381760288327 0.0233807669137416
0.115621663797142 0.175945994390447 0.0259933048769736 -0.0714624424029142
0.190789511336953 0.0746097137824405 -0.0834445576023299 -0.100272458593104
0.189564855110802 -0.0293172664629608 -0.168079313249453 -0.0578441047120016
0.199725350579403 -0.0551335207445568 -0.194417231084498 -0.0316644666085369
0.217039720138661 -0.0176074120738064 -0.195509647300985 -0.0396352010451065
0.261559091530151 0.113121062802129 -0.165338214615257 -0.0906549043688989
0.150572760490004 0.266306975967898 -0.0713536443502317 -0.124521538443053
-0.089273012715185 0.30012515074193 0.0338627964797613 -0.032700959957221
-0.373435498616694 0.100380732076216 -0.084209326500518 -0.00408779475093094
-0.336886112889573 -0.255641889239249 -0.153340908876412 -0.14224693683709
-0.1290181404809 -0.420841591825354 -0.0478621657908915 -0.387031784896406
-0.131419868343991 -0.419388673518088 -0.154869668950109 -0.048636238088672
-0.314364449993479 -0.196101197077847 -0.0866454753426748 0.00366800437345938
-0.315093070847518 0.0875823450784111 -0.0607583538794745 0.0591621150780461
-0.0617918205973755 0.274979035248157 0.0239923820934821 0.036127654062664
0.142393058213948 0.250008490473282 0.0422935092627914 -0.0202510411578449
0.249052601725956 0.120845761715898 -0.0115647300502555 -0.0705590001889411
0.255217867104565 -0.0124165568358277 -0.0804413218956505 -0.0593412564340792
0.262061492182439 -0.0453228098281769 -0.101499577240639 -0.0456048919323175
0.278757922495968 0.00108040319086744 -0.0928227009826612 -0.0426184700934187
0.323245746597187 0.159475774878213 -0.0743452663034782 -0.0575156881521985
0.179029082353942 0.346070812739135 -0.0307727081451991 -0.0587990224994844
-0.119475752118293 0.379673067972708 0.0302787945023529 0.0101707465957751
-0.464377109937438 0.130223919108503 -0.0664874490767507 0.017332143772862
-0.435281803243019 -0.306340075834835 -0.10071603691861 -0.0953514245308702
-0.178690243939642 -0.51889334203256 -0.00105927143980669 -0.23768878475733
-0.158519725537557 -0.459164149405367 -0.110788159817725 0.11690969383514
-0.374416568188133 -0.2115618410386 -0.00290896766044341 0.051211274021881
-0.36863648930453 0.11416193827385 -0.0370530420038948 0.0557608342747253
-0.0782279161621842 0.325552082379611 0.00126768825995936 0.0544675116165376
0.155990566561682 0.29206621687336 0.0615039936365257 0.0512541786033261
0.276311625035083 0.149132191236861 0.0777318463202786 -0.0237182519357426
0.285587988549283 0.00355013029468332 0.0269652393715083 -0.0524814390174752
0.283658447146459 -0.0287274321117714 0.00781404305752494 -0.0528584327229981
0.293171334717177 0.0208833531900675 0.0195489119493564 -0.0403681027172566
0.327747737771034 0.178799183905724 0.0250687736944057 -0.0204905295877826
0.173693800543807 0.360293983273967 0.0168127470087891 0.00937886258112705
-0.125941946970741 0.379321207713535 0.0277787347725232 0.0508762797314202
-0.459125763779982 0.129381758495357 -0.0321173220661802 0.0366519259662426
-0.441052532606354 -0.303838226461971 -0.0284315435821284 -0.0363317292176147
-0.194693092577201 -0.521664870028017 0.0510324455719646 -0.06782719004719
-0.162262445841824 -0.425651648067378 -0.0465104966421953 0.289287033353794
-0.371502576049508 -0.189459562825794 0.0990459154040763 0.10156465565714
-0.355851941907596 0.119695153995877 -0.00519408191627291 0.0452069220550655
-0.0798916411264871 0.314692774104987 -0.0222527310958103 0.0765560716812626
0.139715604447421 0.28178138460839 0.0820826874302567 0.129472216927515
0.256942453052994 0.149912054988357 0.170047478298881 0.0316581443199559
0.269384606526817 0.0184088380558088 0.13979936165953 -0.0387608656830341
0.261466714007893 -0.0078388118075041 0.115632163003235 -0.0530563079965668
0.261279822012867 0.0385886975964195 0.122620559629006 -0.0334386148616972
0.272132883098133 0.16956199883849 0.110039970475068 0.0111728994990405
0.125385040610293 0.307355367864366 0.0571970335373805 0.0639320482554549
-0.118684480811812 0.292570476785668 0.021338346515683 0.0749756516686859
-0.361077073947208 0.0812259358057359 0.00673881027825125 0.0444103343713144
-0.351778429016947 -0.253001088788762 0.0401296441775563 0.0157655061978634
-0.166890096284953 -0.433529188936018 0.0967905146455052 0.0861546904770274
-0.13525724632566 -0.319002743226364 0.0200819598615155 0.435866953655034
-0.288994650633058 -0.136057073581254 0.187786146677401 0.147014591058519
-0.264113682981952 0.092547094038997 0.0285566921888961 0.0302654202999729
-0.0679586033094872 0.230382474044554 -0.043197716884345 0.089780817033832
0.0921285710012628 0.213708977717384 0.0907214276793521 0.192522808397374
0.187060403044455 0.123970483911821 0.242017097854619 0.0855118194283504
0.207522694314579 0.030018676293885 0.236864214821099 -0.0194292668213584
0.198719387993974 0.0147112962515362 0.205356902683033 -0.0472879245197641
0.1918091596133 0.0512266301216138 0.198113955979982 -0.022005330210886
0.174623094481731 0.138625051193797 0.162381007889783 0.0370641387573651
0.0518882345490079 0.212200812087475 0.0745279087454589 0.0939067448932743
-0.103200317379377 0.159971937847067 0.00762053361695301 0.0748388001229299
-0.210608550904707 0.0145698859145347 0.0357912065338788 0.0383109515142018
-0.203775197280669 -0.17031303499026 0.0830238897014013 0.04804681494009
-0.111610210284767 -0.280805941445781 0.126390035456311 0.196499661598024
-0.0848309328542605 -0.15708340338379 0.0753558053136416 0.52928808644549
-0.152941017742442 -0.0573322229661926 0.245029439219069 0.180731150704377
-0.121366951161992 0.0488506057797783 0.0598004741775247 0.0131354367088056
-0.0404701690357297 0.100896106723141 -0.0572583983567348 0.0854271729730454
0.0282974599404922 0.105835797191544 0.0828687197191518 0.226237217466075
0.0829649189682248 0.0776344668881961 0.276078811415118 0.12845937667919
0.109637129468155 0.0394128889650672 0.299545990991545 0.00296840665984884
0.107206440514493 0.0369813288572814 0.263486874868044 -0.0353355517652941
0.100445062692872 0.0568299784264079 0.239129094054866 -0.00579082050414163
0.0648667030702662 0.0934175809245958 0.178819577040795 0.0571533429471124
-0.0186519970662917 0.104813227240047 0.0707136213049211 0.103331858922652
-0.0790670725659993 0.0339803033888647 -0.0123772149484914 0.0568006259238863
-0.0617381099150655 -0.0392877107620503 0.0498742106462628 0.0226691099467242
-0.0561471380614581 -0.0724779595689429 0.100934853075707 0.0609917097183712
-0.0502884108826263 -0.103185093378261 0.137820842706788 0.25199066055904
-0.00497039373083212 -0.0396997888268272 -0.17165446713379 -0.336442458126854
-0.0517392657182405 -0.0141866897026546 -0.178218079783536 -0.0706883730423375
-0.0484204833136755 0.0496200429776658 -0.0622968686583649 0.0196577009525844
0.0388183449087687 0.058713140207953 0.0435121737606145 -0.0108368828056118
0.0622405403314492 0.00657393546617244 -0.0182131664292609 -0.128033590972095
0.0393102645871493 -0.0382801908180931 -0.180514761959328 -0.109881583533119
0.00274368644008032 -0.0547144789127676 -0.265468305820302 -0.0351623249390108
-0.00286314356763742 -0.0529213848473803 -0.298262696525817 0.00291677883257534
0.00260630134664429 -0.0431472848730163 -0.319417026776562 -0.0232309094397261
0.0362902280169377 -0.0216384353690419 -0.277002997509598 -0.128920042480396
0.0454492749262273 0.00536832849404201 -0.11512296077586 -0.212004644055989
0.0106199409529856 0.0390951886162472 0.0413298362316811 -0.107995168120593
-0.0521563575774222 0.0115486442393152 -0.0705254570921382 -0.039141711542142
-0.0153209320475145 -0.0518033494434325 -0.179235585565127 -0.179005760567514
0.0340800783234974 -0.0496592798442971 -0.0889861538816685 -0.552908435826666
-0.049594577300888 -0.19874045109785 -0.18183808287645 -0.293388468781939
-0.143225545911516 -0.0935875422521756 -0.167996960598986 -0.0621229198796776
-0.143894176408777 0.0542188794433889 -0.070888580845649 0.0404297183509422
0.00142517463372392 0.132500617275413 0.0486129407669489 0.010887319995301
0.092739993890388 0.0977197092696802 0.0100549060977519 -0.110132666143623
0.124273307953602 0.021811887824106 -0.142298342329635 -0.118730965241894
0.106836837311349 -0.0445557734363796 -0.237372824184577 -0.0538919531619776
0.11232519131594 -0.0584827298081655 -0.272246367099603 -0.0178029807002815
0.126235907192526 -0.0315231692703309 -0.28437649423603 -0.0376714061887303
0.167437016180607 0.0531373621812647 -0.242553430537722 -0.122411660205281
0.10668355316795 0.152670088385484 -0.100856431709796 -0.18371964838181
-0.0480169426714484 0.186882993366904 0.0407291701117856 -0.0760440344713428
-0.237131005975742 0.0573610814547445 -0.0877517685987393 -0.0263992069835961
-0.194553627586132 -0.175267311658057 -0.180164007249377 -0.18086554034001
-0.0528008497660005 -0.268110260593138 -0.0729876173159882 -0.515517231232113
-0.0924109835233849 -0.339221352550706 -0.181597319214906 -0.199917641406286
-0.234395222554263 -0.163179569734354 -0.144358801826012 -0.0403330266834121
-0.240505440952281 0.0624741650469293 -0.0748625451340549 0.0561503951744513
-0.0382159859534638 0.207721115292774 0.0419989285189378 0.0258919290294498
0.119756025480262 0.187182195494716 0.0299961211415239 -0.0770193111990311
0.200551893180552 0.0811837969563191 -0.0868902494053199 -0.108557137220846
0.199979076807348 -0.027566345187306 -0.175875491038215 -0.0634185574555818
0.210000520651189 -0.0545704905280228 -0.20501114733231 -0.0362263598346505
0.23017015133478 -0.0137164904669696 -0.205703115922334 -0.045496933161696
0.27569327565961 0.122787474196685 -0.17262460330438 -0.0975246367573684
0.155996770512891 0.282032904627096 -0.0733510331740348 -0.130467113410561
-0.0995094207760611 0.316354550229278 0.036508529324624 -0.0361704992247051
-0.39574433470148 0.0993639430061169 -0.0901029756848985 -0.00792322749852696
-0.354084702626004 -0.275794814176895 -0.156556237447268 -0.156077878561008
-0.130167568519566 -0.448516154567492 -0.0430369301611544 -0.411235218098948
-0.134955286385045 -0.443170489973025 -0.162831133037805 -0.0575701699920622
-0.328824387865314 -0.211138881339752 -0.0916440776884714 -0.00196586126298287
-0.333300146303502 0.0881413874393297 -0.0633709955960435 0.0623509200280367
-0.0689649640029276 0.287752298739463 0.0247224517250567 0.0392411839544817
0.147075904988211 0.265463025769068 0.0470758883584405 -0.0220236219875915
0.261784550171245 0.13130129332255 -0.0112074057327364 -0.0764516185591985
0.268844006752255 -0.00916288237049847 -0.0836488415409584 -0.0626557476633693
0.276807291703402 -0.0429959149500774 -0.106821146853302 -0.0494330697259257
0.294753042643224 0.00672563023947797 -0.0971229109394388 -0.0471721457547709
0.340576225468508 0.17252993460221 -0.0769618781562151 -0.0616043580687352
0.185320217654544 0.367832604174781 -0.0310198123144743 -0.0594206185353829
-0.131841796053019 0.399479707403441 0.0316282179063873 0.00964975052575294
-0.493236964051319 0.129991518916685 -0.0711765079962901 0.0143103096402916
-0.456310359803246 -0.330272536384385 -0.102343817048093 -0.105744847960666
-0.183233647399888 -0.551750551066541 0.00351163997785423 -0.253141877948142
-0.162958104503701 -0.487636245303216 -0.119064454613121 0.11875515533156
-0.392218523727049 -0.228493124305085 -0.00373399269177551 0.0497659733947941
-0.391270735484506 0.116141871972043 -0.0378870258174552 0.0589565113773438
-0.0877762196030247 0.340998571456132 0.000770077346275497 0.0587921583773853
0.160980547167826 0.312123684127697 0.0675731962629554 0.0535066115227625
0.290537248524797 0.16178587000969 0.0827167021893725 -0.0264340364349278
0.300869243397221 0.00830976175236256 0.0292172221733701 -0.0536092755026929
0.29874942326249 -0.0263724341712911 0.00908406842364683 -0.0550724591014965
0.310239890122571 0.027527449956797 0.0212579279292358 -0.0431672256223181
0.344589713034157 0.192096043967752 0.0277693677230493 -0.0217276184824916
0.178264433650581 0.382500365086009 0.0187378346259655 0.0139726131151702
-0.138575373718367 0.398355498509048 0.0292853962936741 0.052971821234249
-0.487416154760256 0.128261644678403 -0.0346870733009227 0.0341298796239534
-0.46388692975846 -0.327201570453584 -0.0276871986582978 -0.0419533649842274
-0.196244850109441 -0.555035986828319 0.0546579975811527 -0.0721641411536535
-0.165464194452805 -0.452616098624672 -0.0539610973150865 0.302683627563716
-0.389582998100767 -0.206522551523472 0.10243044651569 0.105569848361322
-0.377924711321772 0.121572838088189 -0.00377483101980921 0.0478100123969529
-0.0901336262271616 0.330358200767113 -0.0249548472420148 0.0815075956199911
0.144525580542372 0.30084259593547 0.0883654193085162 0.137071786262967
0.270330949912948 0.163215417819308 0.178569195381332 0.0329759470208922
0.28453560207281 0.0234144438915839 0.14723134555977 -0.0368241230646154
0.274925046226859 -0.00437292877920657 0.122915741223111 -0.0544158046276497
0.275802363523976 0.0453970044805494 0.130008964631428 -0.0335525136661667
0.285498616331226 0.182090578760923 0.116327286383149 0.0135528395083459
0.129343705408725 0.325534709900955 0.0599195309980201 0.0714333637918053
-0.131172063770438 0.306443806903337 0.022554625115882 0.0791274148588444
-0.382403847751573 0.0793192319011249 0.00612313049105429 0.0431199029613803
-0.368624839385706 -0.272898613634472 0.0423339019534375 0.0153735109280112
-0.168401886926044 -0.462037058340739 0.100391921316371 0.0927833813328846
-0.137380081413059 -0.340846662846438 0.0140539285850653 0.459487298238209
-0.303112166481365 -0.149183614528925 0.194746635685774 0.157535414533632
-0.28125889852317 0.0934483404901753 0.0319065424981983 0.0320656246875492
-0.076424035843812 0.241925909692362 -0.0467600749435597 0.0956713115155936
0.0938639756217955 0.227635569341075 0.0958821056036667 0.204136788264072
0.196786183341285 0.135090408154408 0.253676159344026 0.0914029382183143
0.218802910560501 0.0358159142764776 0.249383978559257 -0.015280504494775
0.208924609672378 0.0189019477568564 0.217789327985326 -0.0461840928752492
0.20223745537893 0.0565202481735634 0.20993545849111 -0.0200860487093932
0.183200421913883 0.148379806160631 0.170186910872108 0.0412300387074145
0.0528586547966019 0.224568762165231 0.0773285834187324 0.102053892690769
-0.111823334223996 0.167266940551896 0.00721253643630258 0.0793890307701639
-0.221789201198094 0.0110705686627947 0.0364126639931653 0.0374892369063081
-0.212974349635882 -0.182327564384113 0.0869280424146658 0.050890378651379
-0.112142576935929 -0.299271181371114 0.129475106188514 0.209492445424749
-0.0867427432553111 -0.169483011101979 0.0720346497670909 0.560689740088665
-0.16107891417593 -0.0646938563346558 0.254007501841479 0.196312092280331
-0.129647941667109 0.0495768486537612 0.0643427546840594 0.0142551869589135
-0.0450519657253591 0.106252532512156 -0.0607196439743991 0.0903299892377849
0.0279728178592715 0.112936168757018 0.0859077217949309 0.240733508090768
0.0868792426284416 0.0850892593174728 0.289931149490631 0.137623186675113
0.115723780610181 0.0437883005159879 0.31480489812232 0.00909644141707994
0.112650081466077 0.0407017922549514 0.27931724632537 -0.0332192561710413
0.105524028285089 0.0609990261072874 0.252144961182624 -0.00212139185648773
0.0674424193573417 0.0990851771492599 0.187145292687062 0.0622263791259839
-0.0202568963749521 0.111568687952528 0.0724887751790972 0.110750359663829
-0.084472797894473 0.0350269907870834 -0.0136138700926336 0.0604081527319834
-0.0644272755880054 -0.0429052575802305 0.0520204209345146 0.0222236486283806
-0.0584768080208596 -0.0775946777725843 0.103656400849581 0.065056241345431
-0.049987683935633 -0.110701874787041 0.140881855814888 0.269053764261651
-0.00799714916234326 -0.0397408123740643 -0.236548464540619 -0.330372670852767
-0.0543967658008044 -0.00878214347775375 -0.197357451316166 -0.0488723376659544
-0.0433099620115657 0.0591112123146495 -0.0605493994979555 0.0277577406690968
0.0487982781254258 0.0567167104639664 0.0415651305185195 -0.0220492124467879
0.0682756231600739 -0.00223013908615205 -0.0442861699705941 -0.133102055605978
0.036461932368993 -0.0464695984518705 -0.209954325554354 -0.0859649416332793
-0.00477201532610153 -0.0583046478541288 -0.290504111626207 0.00672974241012831
-0.00990822341065973 -0.05706470376164 -0.313003459854377 0.047268682782776
-0.0031013549704466 -0.0467056625840391 -0.341802348287787 0.0221839866922951
0.0369313653842918 -0.0304409059124863 -0.311501530751252 -0.0939058154476022
0.0504500169162401 -0.00210753640983761 -0.155120237216865 -0.207764155967359
0.0158654440967127 0.0394688331424421 0.0270470574132463 -0.123327517656603
-0.0516927237529362 0.0208440352922536 -0.0802713685919466 -0.0307776856289933
-0.0214592572880247 -0.0489328625446039 -0.214029799506965 -0.165191157101327
0.0254370486887081 -0.0523347783577855 -0.171420610178332 -0.575865355318603
-0.0820719207744492 -0.202792318701684 -0.226796840303031 -0.27631239454536
-0.161896841970506 -0.0797999095123304 -0.179879229321436 -0.0419548542586286
-0.144124538202111 0.0773202435562137 -0.0616925310947016 0.0489466200984102
0.0185929462905259 0.138598133985244 0.0527928296440233 -0.00362668984927137
0.112479576609268 0.0901853323186062 -0.0129048580239518 -0.123679640828784
0.135043018626585 0.00469784311596545 -0.175711874276402 -0.104807574660538
0.106361707891562 -0.0615327100004517 -0.266210139952068 -0.0192126894864138
0.10971261857655 -0.0781842006703969 -0.289878789942358 0.0223930382575125
0.128276615534164 -0.0528429246978809 -0.307108238917201 0.0011730916281539
0.18442021218212 0.0287614540571014 -0.273067976131506 -0.0937975087774104
0.136349085138914 0.141669211732313 -0.135033023237727 -0.181404295769884
-0.0255739188547561 0.201925727999635 0.0336326984926444 -0.0919359223876426
-0.23768440808607 0.0953097591530488 -0.0948293070125978 -0.0123427017722294
-0.226641447915797 -0.152924390726359 -0.218194254409268 -0.163564134523095
-0.0961398598061396 -0.267352466550624 -0.149461875062825 -0.540429557679783
-0.15369001510403 -0.347263347362637 -0.200251493494786 -0.170012041095741
-0.270189447336882 -0.140878912606154 -0.146790603648398 -0.0224933507708083
-0.244744355711297 0.100716760621192 -0.0570497893269297 0.0617831991222363
-0.0127859426566432 0.223441198129398 0.0497672526956539 0.0102268913794159
0.153162917694992 0.180577022851245 0.012199460254494 -0.0968337826918323
0.224020578863967 0.0575826021082152 -0.120223546725259 -0.105055764497133
0.206884984716391 -0.0552405577677936 -0.203985784055153 -0.0407715872802691
0.213757993649863 -0.0883477294210121 -0.222466511385367 -0.00651943731673105
0.240294234099525 -0.0500279225139739 -0.225375152514616 -0.0190924233377236
0.307775421214769 0.0858575353274563 -0.195468089957225 -0.0796407929153794
0.207110807749873 0.270017546623352 -0.0969735358983138 -0.129962936715675
-0.0629092950229039 0.344032606251627 0.0372896728207879 -0.0503625353497677
-0.39877373066514 0.164008798450532 -0.0918561923882681 0.00838576809087844
-0.407300348849348 -0.234354482097662 -0.191411523113491 -0.136793227932802
-0.203718412101404 -0.444278177819641 -0.105161647567344 -0.435213011588573
-0.216322701669315 -0.452576880782647 -0.147860152819715 -0.0187581581348933
-0.37825312444738 -0.178738769680737 -0.0800860759749577 0.00941540842863885
-0.339789182125439 0.141882748410601 -0.0395713015128058 0.0619858193908139
-0.0358203235860922 0.311962727747091 0.0356898177158608 0.023454156152126
0.19199013091101 0.26012930596109 0.038218698685288 -0.0458120538029226
0.295649941888396 0.102055511625622 -0.0387376556004796 -0.0858350856056208
0.2832836366584 -0.0456069305808476 -0.107757963894368 -0.056043015997555
0.284480594385576 -0.0851197060672839 -0.120605694799797 -0.0344695508919734
0.311133255952123 -0.0379472669569634 -0.110951822256404 -0.0374716351959131
0.383130306978048 0.128730355781194 -0.0888070827827896 -0.0562521369431988
0.250211101830433 0.355294876458824 -0.0410293572359928 -0.0619729926469843
-0.0847798412158072 0.436449318165347 0.0413685113183821 -0.00181456309662748
-0.494257139179662 0.21179100222424 -0.0672606230903262 0.0296098645544953
-0.521920823380388 -0.275942338206915 -0.129319601375035 -0.0884549342387069
-0.272071009680284 -0.545164290184261 -0.0344522565143921 -0.273217190093897
-0.256443343207767 -0.497551498485693 -0.0662970649457414 0.164685177473832
-0.449889791302733 -0.187657962071996 0.0239776701073509 0.0494407615276323
-0.398487261197214 0.180313173097915 -0.0105261476556607 0.0501587795368394
-0.0472333783407586 0.371089797149584 0.0141913073850062 0.0454952627233468
0.211909412613641 0.30632085749923 0.0723313730856686 0.0281882446088473
0.331424676703106 0.130038023725389 0.0671063070134307 -0.0494900969417188
0.318754898593984 -0.0314965428645966 0.0145929270327007 -0.0661726789646444
0.309977902215493 -0.0687950212783308 -0.000666885617506097 -0.0580452887734222
0.331020345651043 -0.0171348117225947 0.0159665264109159 -0.0505788688667135
0.389832564316883 0.148826961461826 0.028546865257075 -0.0299644090318561
0.245250706524179 0.371298739244932 0.0229865539331206 0.0090764514526152
-0.0929140276037196 0.435618068932932 0.0450602773056907 0.0448572278771155
-0.489470310424181 0.208117570460774 -0.0260041354860509 0.0450062508550182
-0.530628128079211 -0.274011391656404 -0.041401890452146 -0.0314633868300141
-0.286700594708902 -0.547607330984575 0.0462887352514374 -0.0875671157852356
-0.256006658832138 -0.461785147511313 0.0311544184165197 0.348916152869061
-0.445825858246558 -0.166280657836817 0.144656595715085 0.092750368534603
-0.384092751106687 0.185363988403633 0.0228441902644338 0.0320887383499358
-0.0527618498599775 0.360693850625811 -0.00814762364916706 0.0745692423580748
0.191480160436261 0.297184518773971 0.108608090086982 0.113438604077795
0.308723689903588 0.135175377080255 0.179744408793924 -0.00212040161906141
0.303637788317391 -0.012621186527018 0.144263122185689 -0.0684540195151899
0.287777801742515 -0.0420005270780691 0.119973989779816 -0.073935714935237
0.29659908498664 0.00727113036327698 0.132590388750057 -0.0568519802090849
0.325032964840136 0.148599487979999 0.127034350843365 -0.00640722945338543
0.183659869238731 0.319510372051461 0.0756806945346617 0.0642634239018329
-0.0965225829410064 0.338209525445611 0.0415828330339763 0.0757583853299586
-0.386458662697174 0.14083638226741 0.0167017948428871 0.046459333462484
-0.422888834866571 -0.230362663437205 0.0406389923671851 0.0168218082357281
-0.242011002671491 -0.45524122916836 0.117526754175703 0.0816768772854097
-0.209352955519522 -0.348363380497445 0.121250619415445 0.501549801302337
-0.34706219332817 -0.11734951703438 0.245806942087746 0.134661238697684
-0.286565565355997 0.140726973427078 0.0536363227244255 0.0144068926221453
-0.0498626370263106 0.265562022451179 -0.0294262664219703 0.0973848852247342
0.127273747988719 0.228633730744959 0.132158428364901 0.187680920586023
0.226293773822961 0.116994920753108 0.27259547983022 0.0491695192456189
0.236689901117711 0.00943550779820467 0.258423519827122 -0.0617621260000089
0.222008359855038 -0.00785558073270045 0.220884535058677 -0.080415605178437
0.221262498527116 0.0304650184795965 0.21861706630525 -0.0530695524603041
0.212798085596742 0.129033590684617 0.186394253655276 0.015762161359315
0.0885093436640939 0.226907253880847 0.0980930900838657 0.0957212485020375
-0.0951914494483617 0.189737581289792 0.0234892017541913 0.0815034893620575
-0.22977611558605 0.0441875940484747 0.0459241470538667 0.0343932129471277
-0.248381808920809 -0.159190486565385 0.093774494593968 0.0446022839542743
-0.159206147381874 -0.296688826940174 0.165981746242049 0.203345369193713
-0.125435005723042 -0.172479865112081 0.183214974566012 0.592928064968572
-0.184054381666225 -0.0455963809601694 0.307097539389266 0.168436382127673
-0.131372942169211 0.0718921585440697 0.0778278829987141 -0.00256509823283941
-0.0344643090204093 0.117717944595907 -0.0461796555492473 0.101099492949371
0.0414774353360543 0.116359076411722 0.13059376046117 0.233211943514897
0.103048484351968 0.0792799837939585 0.32375169280436 0.0952238994929121
0.128754019221895 0.0316247980459203 0.335663947945603 -0.0457375021161492
0.124202724486274 0.0290867938219328 0.287434989480286 -0.0759823469835425
0.119752248713236 0.0488432160856964 0.266932878826281 -0.0393131644635312
0.0840126313392053 0.094753830350977 0.206845003876181 0.0375864516066163
-0.00562170782488272 0.119914537857992 0.093606716313769 0.105945594461934
-0.083751917482275 0.0483668425453535 -0.00286160334433125 0.0672658069560578
-0.0735407681435964 -0.0360606127030434 0.0571868091761493 0.0142353864675703
-0.0725257206227984 -0.0728624750162308 0.115925017940598 0.0545717694597861
-0.0661140557949743 -0.110069197696665 0.186513192559332 0.266022133893568
-0.0108416410789144 -0.0390202090383493 -0.270551103162341 -0.322519886094655
-0.0558865761318234 -0.00525186090668713 -0.206303016311465 -0.0362494421918334
-0.0405082358631032 0.0638113228751442 -0.0584453545525058 0.0354966625462008
0.0541128940155104 0.0531095676054606 0.0414117679262751 -0.0255939836648089
0.0696483469118449 -0.00798581256729848 -0.0561637006018479 -0.133121193849044
0.0321589429587588 -0.0507850906475252 -0.222334132902369 -0.0715175174491581
-0.0106012324974201 -0.0591445436313856 -0.297824802200729 0.0282421189742404
-0.0150482240822968 -0.057166928765252 -0.318708616072729 0.0717691015421307
-0.00622160396367774 -0.0475486944719189 -0.349893940084474 0.0492957931285649
0.0353859935704831 -0.035154542927157 -0.327425002695135 -0.0713660592859353
0.0517799964564846 -0.00741596356962965 -0.176044843434598 -0.201618959705686
0.0194140685182367 0.038895268267584 0.0166519817375292 -0.130512585040007
-0.0507960914637154 0.0264586255979625 -0.0862965932147127 -0.0251641588328925
-0.025606787103768 -0.0479138132765411 -0.230575408601868 -0.157039974876417
0.0209330056606814 -0.054284799216438 -0.219171566668655 -0.579133940674761
-0.0997821130106551 -0.200114958991845 -0.256776625729697 -0.269747792875917
-0.17099083420991 -0.0691640149468645 -0.188791026272201 -0.032240746931354
-0.140839838232257 0.0900916633893775 -0.0577859451262705 0.0563762550446609
0.0286052624234274 0.139938869036424 0.0539626204033305 -0.00725413733644865
0.123281796734644 0.0830235970823968 -0.023706586353323 -0.127273394928198
0.137918584122813 -0.0055977591495187 -0.188838313509781 -0.0940546772564698
0.103556464062866 -0.0706631790179979 -0.274780797013312 0.000486051995566227
0.105903626926045 -0.0883265320868137 -0.29626033124826 0.0442739985116822
0.128526861876635 -0.063803325005323 -0.315485448250643 0.0245871145491868
0.192237620641536 0.0150791044215451 -0.287100205007142 -0.0749475778299632
0.151229648972502 0.133947179966644 -0.152079891757951 -0.17461630747422
-0.0119642823617783 0.209131692831189 0.0262983286584286 -0.0987650421204313
-0.236696606914747 0.117057225142972 -0.0993764007733987 -0.00719704975602191
-0.243875816417177 -0.13877627894459 -0.233482842296805 -0.156008173144333
-0.120155199970972 -0.266992802483906 -0.197330360489183 -0.545427836082498
-0.184447597428945 -0.341981843885927 -0.2211719039965 -0.163922368461003
-0.28654159957161 -0.123578966855176 -0.154048569879792 -0.0159385969409398
-0.241542593984681 0.122400091610445 -0.0521926703213006 0.0683172368872569
0.00282651903121072 0.229015889714041 0.0522632475562715 0.00718344376133689
0.1718238721656 0.173568674653 0.00479617063231461 -0.101780382458986
0.23538752398733 0.0411438114807489 -0.131929894446463 -0.0993086993283754
0.207905189030587 -0.0728138761195726 -0.21219564531151 -0.0261645485326631
0.211596794129758 -0.105719025243215 -0.229544162049008 0.0101318895969255
0.244144641060653 -0.0691718556552858 -0.232850940184586 -0.00357932635359048
0.323184956127758 0.0633212548590897 -0.205941914567484 -0.0665846842778534
0.234692754063789 0.25998185470425 -0.107681768485938 -0.124131734058802
-0.0396515682212829 0.359283370230907 0.0336099838363655 -0.0571858661603161
-0.396228455663221 0.19992414602565 -0.0950048763512 0.0134558972045215
-0.435379660796353 -0.209254251022546 -0.204951215877298 -0.130543897603413
-0.24262563424256 -0.440148051965367 -0.141156302368152 -0.440801779520106
-0.258510201873282 -0.447169620092553 -0.154992594616709 -0.0113446835069296
-0.400417257527519 -0.153838531297787 -0.084138340463282 0.0111443624751221
-0.33544069519327 0.171937160218642 -0.0345845547906142 0.0667325972159606
-0.0129885017171596 0.320979947828482 0.0386990259204324 0.0219765910739911
0.219104265989828 0.252100117435577 0.0361304599924447 -0.0528034499653533
0.314221794912791 0.0813270115377862 -0.0475718148703763 -0.0868724739733555
0.286660550408709 -0.0682641300799445 -0.113760787895208 -0.049002412122402
0.284182519829528 -0.108073452756656 -0.127042459703174 -0.0259620227946607
0.318327101223865 -0.0616243773959882 -0.116554618895597 -0.0312072296570834
0.404371260753985 0.100403907570307 -0.0941039923533668 -0.0515602333115998
0.285895837177682 0.344065669672721 -0.0447139169633722 -0.0574826195276631
-0.0546645116709782 0.455330929185028 0.0414135436892558 -0.00761965133954653
-0.492348173877333 0.253881264106968 -0.0687897635291988 0.0325766517302115
-0.557451692796769 -0.243054777133476 -0.138007367878106 -0.0852364424658952
-0.319813172927775 -0.540213051500726 -0.0577592721361983 -0.279046617108057
-0.303405738343625 -0.4896907183086 -0.0565170804046309 0.169627108991187
-0.475134938180243 -0.157801022508968 0.0256541698507075 0.0446521740469101
-0.394468670871665 0.216433168129823 -0.00534134873524119 0.05233966016859
-0.0213456685431217 0.384837836699042 0.0197466143744284 0.0460735120505602
0.242366924381325 0.298836172848483 0.0780280921914133 0.0207255654791651
0.352076843517355 0.108157377273191 0.0634315620588791 -0.0585354450176722
0.324746498710138 -0.0574199541843508 0.010218588430278 -0.068259328068183
0.312253379518812 -0.09409384041531 -0.00504235052113551 -0.0596424380083217
0.338936375764836 -0.0433987721297272 0.0129602082266758 -0.0544244769372082
0.413629899913394 0.121425960382439 0.0273949157937814 -0.0339383535113577
0.282403637325752 0.361389358735629 0.026944803952252 0.0101221084718686
-0.0621405040522306 0.454300534453495 0.0492533395523348 0.0409873214905281
-0.486604141811845 0.250287447372797 -0.0251723913041378 0.0440758536523323
-0.564572846043082 -0.237736947030658 -0.0453391902285088 -0.0329247705346003
-0.335691176547759 -0.540656352376639 0.0395475809653737 -0.0949961948345565
-0.299902653305142 -0.455274469760368 0.0582512053307603 0.352557616534718
-0.47070910612209 -0.135666137838424 0.153333617956571 0.0810532894295592
-0.379171297323476 0.219718485687433 0.0274771122659173 0.0308920758413678
-0.0265452207302227 0.374853721116188 -0.00136592020919758 0.0778889163194328
0.220924665204744 0.291892097528194 0.122737244246412 0.105635053777057
0.329720472570043 0.114892510025297 0.183270182204671 -0.0185204085432509
0.311009039005062 -0.0367082989856357 0.143735680533555 -0.0804410774197516
0.291363168620286 -0.0637545877983309 0.118033369080502 -0.085817732236716
0.306095019607195 -0.0157324727337183 0.131707983357078 -0.0692313778691538
0.3466301205059 0.125137434389622 0.130304578339913 -0.0170287331048128
0.21458619922058 0.3130286312976 0.0851177454084843 0.0625525347419811
-0.0735022421773072 0.35430298990044 0.0478531247130316 0.072991203447398
-0.385755484404895 0.174089998692827 0.0191220471853333 0.0425567363859329
-0.451281072070479 -0.202129057388841 0.0424356814930795 0.0110052350715183
-0.282410556134692 -0.451024398003427 0.126211006153788 0.0741197140793277
-0.241370968347918 -0.342136904322006 0.16210356480928 0.503435507061893
-0.364886285930349 -0.0949710495164164 0.260850145850412 0.11827979229897
-0.282903207256952 0.16704835187264 0.0568816999982182 0.00986175767789358
-0.0324679230617008 0.276823009426332 -0.0214737447479386 0.103253507910251
0.14941242645943 0.226777340928582 0.152896351965241 0.180828526796503
0.243425487026077 0.103350775282392 0.282867424907663 0.0268731516876309
0.24424583477652 -0.00878902049741199 0.260950247811184 -0.0815834770242397
0.227263898877077 -0.0242109888981721 0.220659493555429 -0.0997507010522265
0.229678166101659 0.0140781509011493 0.22105295316371 -0.0721163666726432
0.229364799009542 0.115234024179824 0.192937872531388 0.00199628363392206
0.110449537927482 0.225234407019242 0.109531861735639 0.0922060221048126
-0.0837616280975023 0.202451929399959 0.0307518487128774 0.0805329866308774
-0.232246371019079 0.0618963402816354 0.0478510288293237 0.0281188041482372
-0.267112925676807 -0.143235638186682 0.0989622265936493 0.0378615640602437
-0.183620326837986 -0.293558713701473 0.185032348046675 0.195792417816747
-0.142733329665348 -0.169457915444967 0.234446645202905 0.595712976020269
-0.192498023644269 -0.0342695218147979 0.3269084076482 0.151310800958751
-0.129196100157726 0.0835367077203277 0.0799904078790303 -0.00928553321511494
-0.026992186291023 0.124387624177486 -0.038962569239709 0.108012842057692
0.0518373705019278 0.118622798773975 0.155326975370136 0.229022223353735
0.113857095482402 0.0741173208367589 0.33979327442802 0.0705640660708821
0.135330361827202 0.0227095605530168 0.340475535088546 -0.0716471675382374
0.129885620216525 0.0202989401343878 0.289830818150881 -0.0992020413981259
0.126516381832471 0.0405348912095969 0.271218659855028 -0.0601931672379145
0.0936397244389271 0.0907991250518417 0.214727576990529 0.0223854676044162
0.0049974508463091 0.124115990185656 0.104405633735882 0.102470149342768
-0.0825230608287432 0.0565840102420054 0.0025342420599793 0.0687041507988533
-0.0785529932633243 -0.0322287268381808 0.0590597671287619 0.0066922723646347
-0.0794723535607282 -0.06841092662384 0.121892482421668 0.0470757711005281
-0.0742425652841419 -0.109480005526683 0.210807725283993 0.259650970856145
-0.0124484049681863 -0.0367811231598857 -0.289176411441996 -0.297784890713765
-0.0539329317775717 -0.00115331082609463 -0.204307530445536 -0.0224160820023285
-0.0350903569230777 0.0647607867628179 -0.0532454413856089 0.0394436262812731
0.0563539469618077 0.0474639710077867 0.0388142316285293 -0.0282131797188263
0.0680168486472845 -0.0134978323040772 -0.0652139604384669 -0.126744681916661
0.0266741036389663 -0.0514903800873284 -0.221762684718264 -0.0535363924905881
-0.0155742562147898 -0.0564116564636178 -0.289310206937659 0.0481203647111684
-0.0189312053695611 -0.0547245109851474 -0.30755622250657 0.0925713786132634
-0.00896815745503433 -0.0452906988038165 -0.338789658792595 0.0726885795597815
0.0323078901679651 -0.037146765529167 -0.325164106566467 -0.0464248838330464
0.0487157474994589 -0.0119832410540932 -0.18689552135156 -0.184234170596315
0.0215162614244893 0.0358854099889756 0.00585982335836446 -0.129320392921587
-0.0470334927254161 0.0300013349824617 -0.0864493804892871 -0.0180813585724951
-0.0279070513683469 -0.044398551687581 -0.234046225851361 -0.141240550732086
0.0154767557923208 -0.0529276661404746 -0.254793117503818 -0.55188309860228
-0.110832954294964 -0.187287284890388 -0.272203694638676 -0.246160825228328
-0.17061045503692 -0.0557047533662217 -0.188443772178423 -0.020835162345266
-0.130300818392203 0.0974400116814944 -0.0505522992812345 0.0592466461725911
0.0375496263390875 0.133253451867787 0.0529818561789826 -0.0110277569594118
0.127188483714985 0.0717387617847319 -0.0328779918287358 -0.122946171600455
0.134163584725694 -0.0156612975726973 -0.191900525366476 -0.077895216266296
0.0954118773664071 -0.0756998311481761 -0.268215916825311 0.0191698106460943
0.0969771776180657 -0.0927153916270074 -0.287489905479021 0.0636216348056254
0.122126787064294 -0.0706304781567919 -0.307336297440813 0.0461024441074121
0.189266971674292 -2.49276463930694E-05 -0.285503129259937 -0.0532942700376691
0.157158380068339 0.119455763256876 -0.159965613750144 -0.158988381054798
0.0021180797379976 0.205638226483064 0.0172342428133158 -0.100294590052729
-0.222927710478663 0.131706021935645 -0.0986025625771391 -0.000311030891585321
-0.247287103502888 -0.117646843576791 -0.236919834132351 -0.141218183408111
-0.136827862367999 -0.251916267776326 -0.230791844856247 -0.521063831340136
-0.203961442405781 -0.319337973872336 -0.230744437422296 -0.147247446152197
-0.286746267974363 -0.100154851812829 -0.153829981734194 -0.00900161703851923
-0.225794781102215 0.135367433707481 -0.0441273817130072 0.0708033315003193
0.0183764483082365 0.222006137060684 0.0522024632836009 0.00307584987657993
0.182140784113476 0.157142012413691 -0.00331260619133705 -0.101364661360598
0.233571049695271 0.0226225299961729 -0.137062631811992 -0.0880083200037636
0.197162405111085 -0.0851311795807441 -0.209061824807137 -0.0109522027118542
0.199235763000091 -0.117381829763261 -0.224276759869844 0.0249997672668845
0.234842796577234 -0.0839433799060548 -0.228422238494302 0.0123308089558385
0.32127084001074 0.0380665353796701 -0.205420522653909 -0.0512530580705617
0.24817714310912 0.236734026062531 -0.112462884306759 -0.112095993440238
-0.0147362050351611 0.353858352464566 0.0274514977657183 -0.0601088761309736
-0.373009789364727 0.222379070586097 -0.0939643611554036 0.01835632814636
-0.440016433248589 -0.173160633655909 -0.208999449011686 -0.11851758496696
-0.267789681386311 -0.413891517822841 -0.170487347603496 -0.422902179311403
-0.283971535952889 -0.415004922180237 -0.154796457004472 -0.00483144821897722
-0.401084414980617 -0.121874820931875 -0.0852488397584173 0.0129288220444175
-0.31414779276288 0.191124544160097 -0.026773918710262 0.0676447372099849
0.00820273859240942 0.313667127557718 0.040416610214467 0.0188670290153225
0.233962356399609 0.230895876212467 0.0318344103382589 -0.0558757550457214
0.314562479512291 0.0565557532778276 -0.053804290279941 -0.0824008940249092
0.274456565203538 -0.0868112899634201 -0.11448889061513 -0.0398664278563141
0.269895739804161 -0.12364369887171 -0.126666627608239 -0.017091589631368
0.307337064447043 -0.0827169954448417 -0.11663390098665 -0.0239038608486274
0.403437617649422 0.0676440986178368 -0.094433967540105 -0.0442346962832474
0.305541078560222 0.313698958111162 -0.0452239723850071 -0.0505247163979322
-0.0238816040287264 0.449481001307719 0.0387602596998764 -0.0127571113522299
-0.462607309941089 0.282927685265001 -0.0674846065656664 0.0338612543332883
-0.560935477531634 -0.196966408449911 -0.1410522544996 -0.0782407350272004
-0.350155011660997 -0.505845582161702 -0.0775780630255175 -0.269961453898598
-0.330605410916378 -0.454155730236422 -0.0451507975392985 0.165406404447685
-0.474381436628148 -0.121559884417204 0.024086563208999 0.0383824094709507
-0.367512585724169 0.238867898677948 5.3589461743336E-05 0.0504517969632608
0.00551459197002465 0.377267943421311 0.0230179155542306 0.0432489608186383
0.260695847323243 0.275312880194849 0.078423754305306 0.0119699612155681
0.354215679483759 0.0790377972670512 0.0567000838831178 -0.0634666683912361
0.313742648096301 -0.0780026131407866 0.00640428259939913 -0.0669516999286108
0.297916646237824 -0.112089567750549 -0.00868530061934555 -0.0584630574636439
0.328864548028813 -0.0659426974130046 0.0085122651273491 -0.0560927369282561
0.413106861228621 0.086702040904896 0.0252271681082451 -0.0360491820472975
0.30296699215305 0.331133752298051 0.0304011563830609 0.0105920152789956
-0.0304223292112054 0.449694122741597 0.0500002792773213 0.0341885051309687
-0.45921997490894 0.278844195929246 -0.0242252476761555 0.0413601403511166
-0.568285585390795 -0.19077463866088 -0.0471543869693216 -0.0329060486035605
-0.364134298117896 -0.506267862379532 0.0295030623074523 -0.0966879242168557
-0.3258735618392 -0.42287342267087 0.0798942493095371 0.337344718645706
-0.468418058704862 -0.101058348504412 0.151865843366336 0.0667249630860506
-0.354105714332504 0.24177500507665 0.0303926723799771 0.0269262900945214
6.52722285181863E-05 0.368492068743942 0.00484154796534471 0.0762294729188093
0.239018366360803 0.27050125586332 0.128871944620093 0.0917900363215626
0.333659363468511 0.0880934846396636 0.176033409394515 -0.033895572890569
0.302033763084747 -0.0579054377805731 0.13494441355301 -0.087981931787291
0.280023121375611 -0.0821811451062275 0.109226708899988 -0.092036787349346
0.298665137065672 -0.0368079455280496 0.123920962926156 -0.0786215808934559
0.348743448326501 0.0953865015590951 0.126160994183888 -0.026720066025568
0.234275667990804 0.289500984045356 0.0898338108554861 0.0572563755837473
-0.0477157366521057 0.353344847571165 0.0519851824125151 0.0665172885461217
-0.365544796769176 0.195436100779101 0.0189828189145158 0.036736644954078
-0.454579410753627 -0.164139701186573 0.0402661703457591 0.00491564346653207
-0.30488193379695 -0.420864198648247 0.127656777336229 0.0626963878674013
-0.260043553950938 -0.318241473316121 0.193263509917254 0.47931986985698
-0.363526956542917 -0.0678680847931438 0.260883280484328 0.0978842449601982
-0.264544910911888 0.181953702678598 0.0567812245005776 0.00511089672385754
-0.0121969328674484 0.274574740394353 -0.0127834952979426 0.102744789708258
0.163993614141403 0.212740758418882 0.163996997392837 0.163796180612127
0.248631011723608 0.083038258347331 0.277309262642712 0.00362014667889431
0.239390944343749 -0.0257912500931098 0.249598061511044 -0.0980831914320162
0.220467699895503 -0.038141019462081 0.208595468545869 -0.112714024247138
0.225484800562572 -0.00280696507787201 0.211156813647943 -0.086673316386791
0.232537379024922 0.0956954443459994 0.188256853464853 -0.0123023756882463
0.124558071494194 0.21165723875423 0.115366135942395 0.084084869907745
-0.067850468942744 0.204384588518621 0.0352559652156654 0.0759500862143362
-0.222080983625094 0.0760828981342674 0.0463833191589487 0.0204556226405346
-0.270007080850635 -0.120687722802634 0.0972388265114705 0.0284366558466193
-0.198460513496729 -0.275697480092073 0.193328086316018 0.178717514916511
-0.151294054553666 -0.156424470685608 0.270133869240856 0.565012467614347
-0.191210402200801 -0.0212959001356898 0.328994728415673 0.126924818634956
-0.120116769260223 0.0906092014809045 0.0771660877958332 -0.0150547947448508
-0.0183139130821547 0.124707534204424 -0.0299445338469304 0.108770826311282
0.0596664686990732 0.113194101118741 0.169445486689284 0.211073308588918
0.118794797195179 0.0643810124058482 0.336462957371228 0.0431867333344385
0.135077589299592 0.0124510964592737 0.328438529919204 -0.0934204929795349
0.128970301542873 0.0117750425429335 0.277041457134454 -0.117496803368775
0.126276153326203 0.0308460535422953 0.261765617402274 -0.0781749751450503
0.0983715966309903 0.0816853029504462 0.210760417405471 0.00683630616218128
0.0152951258605334 0.121184174263297 0.109947005589277 0.0943866474004968
-0.0766073444528681 0.0621279744445823 0.00750683410765012 0.0664793689499217
-0.0796278248304368 -0.0269251275048785 0.0565502047654796 -0.000350125027262239
-0.0822303716876478 -0.0614650068396258 0.120652528877138 0.0374148881111152
-0.0786246002638644 -0.103722517292941 0.224263378706542 0.239348807793554
-0.0121576407259031 -0.034146974178192 -0.286489774551815 -0.275224428306207
-0.0505127643463189 -0.000327018774729577 -0.196771232429228 -0.0159767854060504
-0.0316900688016753 0.0631761623435893 -0.0475908988195152 0.0392510863499094
0.0547025910181726 0.0429036848744772 0.0367404076414099 -0.0280054689553224
0.0640587607168001 -0.0158598511176769 -0.0665849037129362 -0.117761171891494
0.0228409336400083 -0.0494791411226508 -0.213564352090509 -0.043000137901303
-0.0175459385622357 -0.0526559264248997 -0.275360981925871 0.0542528247502154
-0.0198988843098475 -0.0513720015252132 -0.292599566813543 0.0971892997816211
-0.00941407250473148 -0.0430079430474509 -0.321729980738961 0.0796436298857819
0.0297004435286545 -0.0371424298507329 -0.311403944720707 -0.0334698781139887
0.0461810944081103 -0.0136165853236261 -0.185012898163793 -0.170109193584381
0.0213414541931047 0.0332698061514394 -2.36521125641578E-07 -0.124351283488078
-0.0425916175318264 0.0303690945376819 -0.0832038115282515 -0.0143610109918092
-0.0273647264420147 -0.0411570474529841 -0.225781730155375 -0.132196317941843
0.0123620678360145 -0.0493312261056934 -0.259120949708401 -0.519967197094465
-0.110509589151302 -0.173949814795505 -0.270927834812613 -0.228543582727679
-0.163001621507351 -0.0480336302944702 -0.182840141281669 -0.0158920283813045
-0.121180792634666 0.0964688415598958 -0.0442447724757275 0.0581809436859183
0.0395720115371582 0.124811014201378 0.0500457194555413 -0.0126094418494422
0.124158634800419 0.0635251167678149 -0.0355778849482504 -0.116551516411057
0.127476465612136 -0.0194429971380395 -0.186478073828649 -0.0682253458546084
0.0880461731308676 -0.0744110161448758 -0.255689791274972 0.0259796696421486
0.0894355328750582 -0.0910017378126008 -0.273709816863245 0.0690478509747625
0.115619303336428 -0.0714969588777137 -0.292718871306709 0.0523007804801385
0.181579302510872 -0.00726584226259037 -0.274426134567534 -0.0417831972276419
0.153283188215656 0.108184093742183 -0.157141084463199 -0.14612072288949
0.00739249490387284 0.195995234448182 0.0115911723775379 -0.0977160914731162
-0.207258564030733 0.131786847822126 -0.0953109764295219 0.00199805271742854
-0.238546216071566 -0.104909730571348 -0.229825957967129 -0.132528206823278
-0.138308433359569 -0.235867815255551 -0.236749649663588 -0.492081593843991
-0.203673965078003 -0.29498602996874 -0.227310849023707 -0.136508980257004
-0.275147493451978 -0.0867728844557484 -0.150791030354519 -0.0066529677395459
-0.210452045715126 0.135157998803825 -0.0379835570667799 0.0681902646175368
0.0238578987888457 0.210989210122122 0.0501296962629764 0.000905662608032975
0.180367369183597 0.143143412204001 -0.00658881275901916 -0.0970410318161671
0.223869485482534 0.0133189931069367 -0.13504990204225 -0.0797295130037829
0.185195907151862 -0.0870557239092982 -0.20008827288634 -0.0040603892315936
0.185877252605807 -0.116970797833728 -0.214178669224353 0.0306246149883419
0.222635840451535 -0.087739425891705 -0.218667519228644 0.017752663526525
0.309215750647333 0.0245013089896555 -0.197645896785773 -0.0426699309323141
0.244250821961844 0.21736943230852 -0.108915464975922 -0.102047312753193
-0.00393859099032034 0.339639386542196 0.0223816283965948 -0.0605899734254646
-0.348215614077959 0.22358693563712 -0.090427181117869 0.0183110441348852
-0.423164319360409 -0.150503685038814 -0.20292506470415 -0.111397966655467
-0.269349510733867 -0.38800509193631 -0.176920879515485 -0.397825696871566
-0.283434553147119 -0.382594670992537 -0.14983499804185 -0.0036017742666206
-0.383499220235218 -0.102817504278871 -0.0848635476636004 0.0112863363563402
-0.292047042645527 0.190017201867249 -0.0217732799771404 0.0651546699350449
0.0176000023177381 0.298804554626522 0.039933485943401 0.0164905370169977
0.232725962627641 0.212557215113064 0.0281384705535573 -0.0558525510731635
0.3030160786984 0.0423796392611225 -0.0555236887324673 -0.0783006994318986
0.25996638306571 -0.0918502344170951 -0.110979403459208 -0.0344749138455393
0.253337109863346 -0.125697502028041 -0.121425878629909 -0.0131631581149792
0.291975810936967 -0.0887481560835179 -0.112281097117026 -0.0201116749561577
0.388399613529995 0.05126064881831 -0.0913824650235149 -0.0395333028038104
0.302508884458239 0.289225984454731 -0.0415326969383507 -0.0452444117692393
-0.00959051169774012 0.430677483950392 0.0350161386085314 -0.0150234106940774
-0.43350820378357 0.28346153650825 -0.0651696321082458 0.0319276108303078
-0.538738864575929 -0.169804166027198 -0.138336462629422 -0.0750596357659704
-0.349848432793951 -0.474265303355293 -0.0838770681314821 -0.255342623674058
-0.329701830846024 -0.421005157280547 -0.0404961288861909 0.155575471691433
-0.456003444094445 -0.100734815723332 0.0201661015361309 0.0330730838214403
-0.342733536254071 0.237245134269963 0.00271185903706168 0.0479805486148469
0.0158080342227079 0.359784785099302 0.0242573214268207 0.040706437722083
0.260311084152268 0.255413643977112 0.0755639260060672 0.00664580197589017
0.342685426339905 0.0616876820527344 0.0502354462200697 -0.0641611574763133
0.29667899953222 -0.0848506959909685 0.00453233170379232 -0.0636849191117705
0.280732120264628 -0.115190098202089 -0.0108467515054701 -0.055936972410434
0.31237815354661 -0.0736859152968289 0.00597244288540727 -0.0552940598688687
0.398634299904362 0.068188565574781 0.0233765935275091 -0.0363232249420106
0.302017013130726 0.304541318190179 0.0331544874621005 0.0106434423975334
-0.0155055224781177 0.430630066018333 0.0476651810507541 0.0294232952371509
-0.428319736107562 0.277897096945797 -0.0247883978872207 0.0365642761513264
-0.546662686111516 -0.162526068919506 -0.0479427289773689 -0.0336958985406428
-0.36329205737525 -0.473308746164714 0.0237432492549151 -0.0927331373636555
-0.323346476378656 -0.390722883677475 0.0857862581431629 0.315549219415228
-0.449462677091359 -0.0826403390376366 0.143040386521553 0.0570772627887536
-0.330539267646465 0.239811631924211 0.0303854492821479 0.0242524450984276
0.0108015412018482 0.35190301735248 0.00737869573895169 0.0719653150259709
0.238796369140161 0.251777950007842 0.127034101522054 0.0808698116152026
0.324715653434094 0.0720452061071435 0.16606720791913 -0.0406279164632736
0.286568254427875 -0.0650505791449784 0.126156026609343 -0.0878268582574174
0.264623907228933 -0.0855988604624475 0.101189518313762 -0.091823011017905
0.28402105977894 -0.0452277048618009 0.115720718152153 -0.0802567660077358
0.33653298867559 0.0793007482593253 0.11999531853728 -0.030034822400646
0.234192087641201 0.266884357182949 0.0912642081895861 0.0529790949082074
-0.0344974237824664 0.338844442520428 0.0503088854245422 0.0599162428572529
-0.341556849981032 0.196206074207651 0.0162522174324989 0.0309256931446638
-0.436920674570316 -0.141326233654815 0.0368123201788521 0.00123787858951504
-0.303857960437378 -0.394946468470778 0.12230184388579 0.0557725328574458
-0.259266879944381 -0.294621469420457 0.198916542186313 0.449135188187573
-0.348595233206333 -0.0546602255562501 0.249171940898281 0.0846525540904274
-0.247016612605229 0.18075972526491 0.0548697384030492 0.00246525968874442
-0.00407304967573475 0.262989711067273 -0.00842478648497148 0.0976112346641118
0.164487231215257 0.198829948684196 0.162784914123735 0.149220228285335
0.242310705135674 0.0706962435809917 0.264130365080505 -0.00760362130693844
0.228138972852349 -0.0320146762714279 0.235329643036032 -0.100824694994295
0.209662651065542 -0.0419548573126196 0.196459407825329 -0.114414808994301
0.215511826249144 -0.00960158277289976 0.198948990931717 -0.0900620081305976
0.225199165563621 0.0827742316839905 0.179335995211322 -0.0181479194376722
0.127488157548636 0.197612825775355 0.115070211372396 0.0773629516257399
-0.0585533680754177 0.197683681063212 0.0360364775163795 0.0701794694094664
-0.210082322378992 0.0774510735588718 0.0430267475673992 0.0146381030331514
-0.260092387070358 -0.105304296939555 0.0912091027462011 0.0238424020306727
-0.19719950139597 -0.259421104974543 0.189960753074066 0.164602194245003
-0.149483946676693 -0.145263998647832 0.275259290406572 0.53086810909184
-0.183550469291358 -0.0152728809300099 0.316699979890991 0.113610691357482
-0.112085989262818 0.0891960446814628 0.0730948171210164 -0.0158667050746662
-0.0142749608023548 0.120442139562309 -0.0250924343859301 0.105495911224367
0.0613853639679768 0.107557904020621 0.169788978641478 0.194449415342104
0.118164277941756 0.0574521954142896 0.322567258032515 0.028394173861374
0.130407157451905 0.00752803568546403 0.31057330045981 -0.0989352300286221
0.12411473032126 0.00745142212518432 0.260990617267976 -0.120140777270389
0.121640423703015 0.0248608297870304 0.247365456438444 -0.0832714370471381
0.0968778592186044 0.0744289448600385 0.20167920243559 0.000646997339982682
0.0194528074840647 0.11484360418538 0.108356109690068 0.0870201381326649
-0.070882157543946 0.0626251150943256 0.00935369970591217 0.0633463823400163
-0.077736598540419 -0.023740097951762 0.052360661428867 -0.00520159953422776
-0.0795254345713643 -0.0556868736144262 0.113994865401171 0.0326340210475617
-0.0765344738979292 -0.0990236351527051 0.221124452183976 0.222017556135099
-0.0111146880420801 -0.0333258888810588 -0.278274116369018 -0.269112984836054
-0.0485113124785951 -0.0012643582723713 -0.192652376179288 -0.0181316960452941
-0.0315574277093387 0.0611424952628947 -0.0452011043073904 0.0375079609883463
0.0527738232901844 0.041511042302055 0.0361152153361651 -0.0272804517231386
0.0622844916575241 -0.0160392143179891 -0.0632609263837311 -0.114072978085495
0.021628622571827 -0.0473182841414628 -0.207185098342887 -0.0422837604487213
-0.0173734311687834 -0.0502949897280336 -0.268550223039805 0.050331683652847
-0.0196820947360032 -0.0497277108290499 -0.286753204914832 0.0916201674492106
-0.00833198312038358 -0.0418918572245893 -0.313919561892552 0.0759290778278409
0.029144961844913 -0.0367788974063261 -0.302889197849229 -0.0345810304396652
0.0437690098121134 -0.0137380261411639 -0.179601185295011 -0.165378757031583
0.0200346248192542 0.0322437816492194 -0.000489335703254232 -0.121355968803112
-0.0399334978028322 0.029541999365848 -0.0805501906374389 -0.0142902235620517
-0.0255412991888049 -0.0397695649306506 -0.216759847665699 -0.134005150394818
0.0119014618927474 -0.0456993962455984 -0.248630562981455 -0.506127563601974
-0.10534311333472 -0.167788616865207 -0.26246076187261 -0.224607212047503
-0.156480690784716 -0.0482374642400992 -0.179220314540913 -0.0189057659842726
-0.118444974960904 0.0920382036944884 -0.0424287214145805 0.0546314213647365
0.0370098391635989 0.12122483352452 0.0489582657572748 -0.0117506302733702
0.120928651969379 0.061254774576422 -0.0340494837163284 -0.112434990265077
0.123827875896327 -0.018022108405975 -0.180557881931992 -0.0668956237083357
0.0855199278899964 -0.0710595057987454 -0.249090963486263 0.0235925039225269
0.0872409164941882 -0.0870803980429481 -0.268385086936593 0.0646335748582841
0.113776943991961 -0.0680112712552218 -0.28553754242183 0.0487096332984884
0.176492749973234 -0.00601659650950614 -0.266536282518259 -0.0422524198966349
0.147885020069171 0.105660877515675 -0.150796341060123 -0.142645019762309
0.00539418711733621 0.190673254010683 0.00999564957016005 -0.0954387391171834
-0.201965001877357 0.125975607878761 -0.0928549075280649 0.00106604846857722
-0.229857020348229 -0.103990428362299 -0.221732420618224 -0.134722544907208
-0.133143635524962 -0.229493083132034 -0.226076830744205 -0.477971047393953
-0.194493287088157 -0.285077763636532 -0.221939667500889 -0.135791892102821
-0.264483667319457 -0.0862689057138331 -0.150066414644271 -0.00927972494861887
-0.204310019693368 0.128934229232652 -0.0357131154917614 0.0645293594912405
0.0216373526170051 0.203837406286543 0.0487649954749673 0.000805814418001355
0.175609562649519 0.138715497890498 -0.00612648458573498 -0.0940514356595685
0.218326126823626 0.0134994469759979 -0.131112099200297 -0.0785489141669421
0.18026080077091 -0.0830314868774833 -0.194408936301388 -0.00398474323419204
0.181335903939929 -0.111250457596088 -0.209485936880772 0.0278682777638524
0.216978733240291 -0.0833726638536155 -0.213146331586846 0.0153658523371161
0.300743898707385 0.0248561033553739 -0.190966255757394 -0.0434944942035807
0.23608798502954 0.211651479076672 -0.102076011361468 -0.0984130893483162
-0.00714304231066629 0.330067469821807 0.0202750617660433 -0.0595984700344303
-0.340751097919247 0.212951702759298 -0.0903934308924716 0.0155812886086638
-0.408570247503862 -0.150582674177817 -0.196709217172316 -0.114861296479362
-0.257615139393777 -0.378649999553185 -0.170192336428999 -0.38591557734118
-0.270303790673312 -0.371282540541632 -0.149065095604474 -0.0073136928706662
-0.369225779232416 -0.103721483599404 -0.0877035730044731 0.00910465429625245
-0.283614421051981 0.181614097604631 -0.0200611791765362 0.0615280031182717
0.0146507317810417 0.289074969385912 0.0384698363700908 0.015564666278113
0.226789988548146 0.206169350855544 0.0275485490764169 -0.0551399908870311
0.295275388028255 0.0415649666115529 -0.0544358845933384 -0.0772680831946755
0.252910391508078 -0.086488163462883 -0.106690027280585 -0.0338092909123188
0.246989140327654 -0.118671566300586 -0.118802907358612 -0.0144420221825978
0.284585211327832 -0.0839171437063038 -0.109667893482287 -0.0219406237938303
0.377653324375117 0.0505699299314436 -0.0880103469013072 -0.0397595637701329
0.292077896674218 0.281756478179093 -0.0364067587201717 -0.0424898140666403
-0.0126440289626014 0.417381744220348 0.0320468982316764 -0.0155691918722362
-0.421710779921117 0.270165610726195 -0.066981165873423 0.0271293948254285
-0.521648436854975 -0.168960812182177 -0.134065474630807 -0.0774787144168479
-0.33598084036856 -0.463874922893448 -0.0822919885677131 -0.248509068703606
-0.314032765940578 -0.407845801548068 -0.0430173330625076 0.14690676368464
-0.43951477867764 -0.100728475555352 0.0142826439967059 0.0303522228857316
-0.332431493805828 0.226659906486884 0.00398945792869989 0.0455031686408002
0.0126977313174611 0.348983155616978 0.0232755659218312 0.0392139503720543
0.253713497181423 0.248633931960966 0.0728036700943621 0.00533032498532566
0.334091153570523 0.0611174893732931 0.0478321567860242 -0.0638825209653336
0.289010437970302 -0.0803750875702866 0.00481628645441395 -0.0615213483018682
0.273215465354778 -0.10860338299605 -0.0103150795285696 -0.0552629499556479
0.304255550685332 -0.0690073214266637 0.00564373536093974 -0.0547074756166572
0.387058327237673 0.0676596287896564 0.0234634380032775 -0.0358739706797573
0.291314689302489 0.295592254909595 0.0359391200674807 0.0121936301665056
-0.0196495056351692 0.41968034595775 0.0444925458666288 0.0275584708845086
-0.417866053888555 0.266674317453847 -0.0281434553450744 0.0325782808335403
-0.526551399644755 -0.163005498981792 -0.0486860740101536 -0.0348058473928823
-0.347941332588057 -0.464287067376452 0.0214021335455145 -0.0894783868812805
-0.311367200997706 -0.37945507475784 0.0796107598186302 0.303429324290457
-0.435475109880745 -0.0832468661824565 0.134535512555573 0.0557412345687158
-0.321902254488842 0.229135906598468 0.0307528215165074 0.0235745340775126
0.00717833895279217 0.343304288365019 0.00777329932305056 0.0698862130581877
0.233066477756948 0.245979319904423 0.122363092503295 0.0767851486391398
0.316680364181505 0.0701301981531954 0.159463937982747 -0.0406628366362471
0.280049276920173 -0.0616855607664908 0.123915841084292 -0.0845414499717244
0.257850142908705 -0.0798385608544622 0.0982742652591889 -0.0885332496414857
0.27670011391565 -0.0424465106875065 0.11264447493844 -0.0786123600096474
0.326856459697248 0.0785858888080704 0.116935264429793 -0.0294543546754221
0.226508941745493 0.259530307833524 0.0916239351468122 0.0524891162860094
-0.0359993446133628 0.329410847270897 0.0477808772166317 0.0575190775765598
-0.333494040492878 0.186533318424112 0.0115387425573334 0.0266829590302927
-0.42202297277751 -0.140052397294106 0.0332755861521047 0.000717102031255782
-0.290505792434425 -0.387499684652544 0.116639725968014 0.0551807282702498
-0.247499084233214 -0.286872862126583 0.187206395652366 0.434209788268455
-0.337958383871154 -0.0565031916807762 0.238740241699501 0.0843331971556771
-0.241123805822326 0.171466562242858 0.0534805433196801 0.00352152632556238
-0.00657909622149918 0.256176023524308 -0.00898667770820611 0.0954649862876746
0.160695568550468 0.195507900514146 0.157321729721645 0.143540682205038
0.237604878435444 0.0690731068444076 0.255360539548668 -0.00817618383179852
0.22252702946248 -0.0297192334395052 0.229790119879329 -0.0958655512712579
0.204314602908211 -0.0385342411478289 0.191704629441409 -0.109261369890106
0.208815570322248 -0.00781979571042477 0.194196086189112 -0.0877213605840056
0.218371019863657 0.0808797075785641 0.174105352141304 -0.0167698990991667
0.123020884501267 0.191070900216302 0.113661799703221 0.076475973228847
-0.0581349558037262 0.192116396390067 0.033999942001874 0.0680814494859154
-0.20504771252493 0.0726537126207129 0.0378061749406194 0.0112104452417696
-0.250072241201986 -0.103588680298403 0.0859375841899771 0.0236638471721251
-0.18802793805776 -0.255418252484095 0.182534392452807 0.160638773049861
-0.143594047075734 -0.141755021346169 0.261250157568118 0.514567439291079
-0.177910837312023 -0.0169989882185732 0.305497466609115 0.114218598264736
-0.109596944603791 0.0844573616639302 0.0711598512337965 -0.0140408810899512
-0.0149013480068757 0.117882976116422 -0.024640289165381 0.102299152387078
0.0596232602971381 0.106328772330234 0.164024291214299 0.189226115790994
0.116009645610595 0.0561093372365726 0.313127149369951 0.0277420512334093
0.127869677050658 0.00752466792383586 0.302545068234856 -0.0945619113644931
0.120658702992578 0.0087599150344679 0.255910494902841 -0.114074131651801
0.117695906500236 0.0251334499937054 0.241414534274591 -0.0797653209890292
0.09366919333772 0.0727098496894317 0.195339693439765 0.00184778470739388
0.0195900028324993 0.111361974167057 0.105640899389965 0.0852108199514584
-0.0685710267691832 0.0605831331976824 0.00850772739484116 0.0607657426279892
-0.0760066469937237 -0.0242097766547192 0.0484633106723852 -0.00743111680213597
-0.0759426212664655 -0.0542684855703164 0.108615309565951 0.0335123373202536
-0.0727617373639853 -0.0986350061783988 0.213441603923154 0.217057755051219
-0.00567425374804584 -0.0340161098802258 -0.23782386097344 -0.305912773108091
-0.0468098312997017 -0.00991481260930525 -0.189498610602014 -0.0486195230584178
-0.0408088595991245 0.0559939865682829 -0.0521846561137917 0.0262510532420334
0.0442211411616739 0.0488881390879479 0.0364185825914668 -0.0218831342956765
0.0638815132939633 -0.00666252041555886 -0.0486824234464221 -0.119568659279099
0.0291951039560363 -0.041473137780624 -0.199687205207337 -0.0702068820372469
-0.0111218500861091 -0.0508164646291443 -0.276341011218754 0.0141552632856648
-0.0131005065316047 -0.0516397949301899 -0.300364571173959 0.04322611831025
-0.00243497834048609 -0.039120646923928 -0.32606161531226 0.023901937224707
0.0325058150244683 -0.0302736050999196 -0.296894937514978 -0.0837664612376527
0.0413563384970701 -0.00626480811461276 -0.151671326407438 -0.196086195941257
0.0121814926425235 0.0343326303624574 0.0185882460570016 -0.122715216499762
-0.0437544037992262 0.0238303652741637 -0.0763023827776905 -0.0265790957762038
-0.0206763606991494 -0.0407235853903826 -0.191423990940341 -0.173547438071624
0.0119370037237121 -0.040214266595796 -0.159674742056531 -0.552513409261478
-0.0789815382151883 -0.179172956451923 -0.215981681115182 -0.261512999739979
-0.146264000607968 -0.0737040095455397 -0.172874896902956 -0.0510981576639184
-0.130108678834554 0.0724546027918088 -0.0497273795871566 0.0378072758744246
0.0152568945009678 0.124275082697425 0.0456797699782571 -0.00862676997986839
0.108898251817772 0.0792715958929999 -0.0234090795230433 -0.117124781127006
0.12546820515072 0.00305566396871176 -0.175003855653804 -0.0892416837365837
0.0955143301238548 -0.0540569110878136 -0.255463398692304 -0.0111372213278219
0.0994523754013228 -0.0701799773583826 -0.277793341717234 0.019763100672322
0.121417780413302 -0.0452800572293412 -0.293586114819153 -0.000310040878499239
0.173132090314091 0.022999229620377 -0.25821742330508 -0.0897324843799364
0.124073973156344 0.127392927539895 -0.124368866633487 -0.169371356660992
-0.0302279211270705 0.188992006148962 0.02662217946287 -0.0965782982404009
-0.218968420943183 0.0916684436932142 -0.0896403056470707 -0.0129176251983509
-0.21012916675685 -0.139282979171453 -0.196884068273402 -0.169103674013753
-0.0981486025227673 -0.247558684196165 -0.144851150648869 -0.516704177009712
-0.149324165526782 -0.307439306488047 -0.17843690878776 -0.170546631006115
-0.245700776390734 -0.12759243977264 -0.140477227477653 -0.0410796238576431
-0.220779044030324 0.0941303499429213 -0.0437983154261787 0.0428547038274713
-0.0139874936653827 0.202909841659705 0.0430926696227084 -5.54060649741777E-05
0.149249792754221 0.164322843046505 -0.00186143452719737 -0.0976493879861699
0.214169228760768 0.0486601636035903 -0.12854074307823 -0.0926091196716698
0.192789777744406 -0.0506450976439115 -0.198116667574308 -0.0314772445141503
0.197556687343568 -0.0780546790774165 -0.212469069891824 -0.00723467781566925
0.225652165363396 -0.0435399708344887 -0.216223919632302 -0.0234900178290364
0.290200430432158 0.0745761228749347 -0.181551951238682 -0.0803458447162888
0.193964857677416 0.245944200725471 -0.0813203844162459 -0.119826007255623
-0.0660805249144926 0.324402577238716 0.0316878096255896 -0.0615731066354939
-0.369293526977109 0.153782869454594 -0.0881586297278721 0.00309842826287677
-0.375859277599503 -0.217364710536862 -0.176147655912034 -0.13868212893457
-0.194756609085191 -0.418973639217075 -0.105673277548279 -0.413475797909211
-0.213484499856367 -0.402212148409876 -0.114661512054302 -0.0342415791723276
-0.347332004851127 -0.161435609257109 -0.0774823097583533 -0.0179291592017481
-0.307648483958078 0.132682006813158 -0.0268970319453627 0.036648416838282
-0.0355417808461585 0.285402173257837 0.0291326034422095 0.00876209364004647
0.187152774603189 0.240008566470016 0.0220496865248654 -0.0565209498171248
0.285397270849977 0.0877074807826093 -0.0561792925085112 -0.079261413771973
0.266233903540941 -0.0434602753890143 -0.108110182481323 -0.0485100715373524
0.264603836164554 -0.0755048477777965 -0.115321982918858 -0.0338312873921761
0.291534574250941 -0.0342379790252267 -0.107218502179477 -0.043498776695966
0.361984248296741 0.110026177673151 -0.0791613829209932 -0.0619198989613577
0.238804377982671 0.322472620521982 -0.0220320092232669 -0.0543089171130253
-0.0856903312053434 0.411057835655933 0.0371052947918578 -0.0169290040228615
-0.458775411711397 0.196254411757444 -0.066506226660734 0.0190324305337242
-0.483305379458317 -0.253678364850039 -0.120501850455035 -0.0876578997570948
-0.255229545169604 -0.515589847447389 -0.0424765708737489 -0.25592096550246
-0.252729762633004 -0.445673404423628 -0.0274647771966328 0.132528360227237
-0.416950830481912 -0.170987559953859 0.0229214001094414 0.0157602064133895
-0.364043876861952 0.167684886440843 -0.000886110166819298 0.0207541255012541
-0.0475782118916609 0.343491739157102 0.00885897065260695 0.0270976782890089
0.206122213468957 0.286258170023317 0.0561376763367117 0.00737012737210978
0.321638324981346 0.112938991850146 0.0421918719979343 -0.0510615229593712
0.30252881786986 -0.0319841136941366 0.00715780199632546 -0.0611662118717954
0.289156107741987 -0.0604597598290225 -0.000740330737964239 -0.0562096538773686
0.309597044156259 -0.0169946869166275 0.0135564613967127 -0.0580669119878227
0.369416026339662 0.12668866237114 0.0308317321882124 -0.0400545087929406
0.237810402975026 0.335477827603563 0.0412096681693993 0.012219383173519
-0.0906174835552432 0.409752332705461 0.0424680953518536 0.0285204397248557
-0.454317514860545 0.191483171980769 -0.0290861270985235 0.0302257562017539
-0.488237755982925 -0.248067822549362 -0.0423252918168636 -0.0293153245397498
-0.263514030622454 -0.519490282261909 0.034636902390406 -0.0784823164101129
-0.251250846439977 -0.418117343079917 0.0703694229221619 0.304370315280383
-0.416086338326446 -0.152212596163384 0.13913022848933 0.059270994940935
-0.353780249664736 0.1730387056776 0.0284285247757647 0.00314033065946744
-0.0526601529567748 0.337375239212084 -0.0101396647084139 0.0559358552092824
0.186598319636815 0.282475097693203 0.0964680197001373 0.0853653944102746
0.301985867840643 0.118204046790611 0.150428031330101 -0.011460444363202
0.290544139321943 -0.0153362776000447 0.128625651380134 -0.0674194593977187
0.27009726093501 -0.0352079828195526 0.113256709896757 -0.0709203123063831
0.277661156135998 0.00380539404730039 0.124577760563742 -0.0637807147920662
0.309368143359036 0.127700158072892 0.122552380948484 -0.0173782223830261
0.18070229240478 0.289256212975207 0.0889500110072097 0.0636936915303175
-0.0914581215157989 0.317521800728726 0.0400411218462729 0.0605888151241608
-0.357326300586183 0.128009147748598 0.00874809361112625 0.0295589345441828
-0.387686707665141 -0.20918182096532 0.0311750562598072 0.0179205608673156
-0.217067102902495 -0.435449010504764 0.105097304663095 0.0815136447149434
-0.204043876055463 -0.31905136370244 0.152505916267015 0.451909389554046
-0.326054187775186 -0.110205547528797 0.236610102298036 0.108420273494424
-0.265236657379979 0.129161295354626 0.0539774433294858 -0.00692773187807547
-0.0508180840864796 0.251185354241905 -0.0272748129732969 0.082173772474363
0.124618604370321 0.221390953666758 0.125358410867382 0.157426357141108
0.22388535935375 0.10456514202445 0.244547080598614 0.0331883025865586
0.228924035194959 0.00617325403656828 0.238324873272325 -0.0641910791632459
0.211061286542641 -0.0036921608962331 0.209327009517185 -0.0761105697390031
0.206890591132536 0.0249814142334063 0.207685862726967 -0.0578041974444913
0.202645444935781 0.113633403394767 0.177306186834651 0.00745325217858624
0.0915378203804118 0.205692800700415 0.105176032078072 0.0924426931588672
-0.0892532191949657 0.179581752127262 0.0249406758640408 0.0707600546596392
-0.213086091665454 0.0364754579683609 0.0349364433694732 0.0178294546696142
-0.22543225214223 -0.145276783583255 0.0790329805557439 0.0461659548958707
-0.13761896539399 -0.287923831503395 0.153105080220041 0.197258184706215
-0.121914598754581 -0.162791111269472 0.201833695526245 0.54595518444714
-0.174363605053117 -0.0451831524794322 0.29462792218433 0.154744888137814
-0.12206410279186 0.0641950236224431 0.0734749952443002 -0.010802134115793
-0.035751184491533 0.113824724264281 -0.0400678964842782 0.0922093484691435
0.0400065339706495 0.116871377836488 0.131514952249611 0.205781063053649
0.105369079992698 0.0723147065078335 0.301876044339065 0.0742406994098119
0.12821767672835 0.0274583506298515 0.313574711685229 -0.0523101349215816
0.120229643484377 0.0286051662669102 0.273052282419323 -0.0698295507962372
0.111909860275198 0.0413489171400198 0.254095601832635 -0.0407106003224728
0.0813793900043286 0.085689866213329 0.195047626350115 0.031237348862201
0.00323788013289482 0.111240725526941 0.0934829247455793 0.102210558596282
-0.0768493543677297 0.0479790890279035 0.000381147089286679 0.0615252005228269
-0.0715578503865736 -0.0373270192409199 0.0472336143427242 -0.000253598329047446
-0.0639458280847733 -0.0671613985529609 0.100400366714882 0.0561995363610716
-0.0494140460885896 -0.113964329888014 0.175541901254653 0.256413638614028
-0.00580318502100465 -0.0349065580648726 -0.246426208522736 -0.316833420259646
-0.0483356368663268 -0.0107228739037124 -0.197834300734917 -0.0502304172856933
-0.0418108848991697 0.058611395063332 -0.0541055198636007 0.0262370746413511
0.0457250718668339 0.0495958326821725 0.0379817090198382 -0.0224405343924671
0.0655270845381726 -0.00805254875372082 -0.0489287587377509 -0.123235774634994
0.0301664544371915 -0.0422077673552451 -0.205955244283945 -0.0710315161235003
-0.0125311155911791 -0.0513588480374651 -0.286093998328833 0.0138042022227378
-0.0143743699428141 -0.0537155417750641 -0.314067883418404 0.04425837104077
-0.00173535681614808 -0.0412552812968759 -0.338598505282228 0.0247171944654526
0.0339868105000101 -0.0318858553051217 -0.307440874195419 -0.0855981737523985
0.0421214883858004 -0.00731911970033075 -0.15866321130969 -0.202896801981823
0.0123935949507148 0.0358739154630417 0.0182362500782464 -0.127611026921596
-0.0438396750890572 0.0241135681116509 -0.0781682775161647 -0.0272120435781781
-0.021049169719125 -0.0418446907640089 -0.196594522296409 -0.183822104888197
0.0116491957276168 -0.0396028502311454 -0.162929244368449 -0.569898212437942
-0.080009046189814 -0.184483561622475 -0.226278452361242 -0.271217239317485
-0.150275486483284 -0.076422630022064 -0.181962542908365 -0.0540448697490334
-0.134089780705545 0.0745089722619998 -0.0517581371706403 0.0378808611980543
0.0154235865043648 0.127803476463 0.0476319875868145 -0.00900914052406039
0.112795555830398 0.0804958717157861 -0.0228677031233478 -0.120489172132496
0.130478948300406 0.00281674880697137 -0.180970635679561 -0.0916081932305766
0.0985319542448597 -0.0556951089017481 -0.264976855953682 -0.0109087543706935
0.102945541085783 -0.0720015321497004 -0.290040447205977 0.0203334451520869
0.126439185599079 -0.0467242828101407 -0.305882256349716 -0.00117904213498559
0.180150007338349 0.0233360668443581 -0.267232707844442 -0.0923868216161913
0.127690635224765 0.131551692975388 -0.127839772116096 -0.175466180945024
-0.0316367304020886 0.196050400375002 0.026542606702323 -0.101115525880907
-0.226604274865843 0.0931889406511002 -0.093979493093775 -0.0141159597789962
-0.216938055236123 -0.145482974649814 -0.202621103630814 -0.178659938912643
-0.102242026105906 -0.256027547247338 -0.149539748323724 -0.533237118749475
-0.151893806324949 -0.316421037501077 -0.186894402427137 -0.177168313048246
-0.253063300130824 -0.132973585353836 -0.149703271463198 -0.0436803992913519
-0.228187674903653 0.0957399057620617 -0.0445330306354119 0.0435402552585459
-0.0148002611396602 0.208847139871583 0.0439839834230088 0.000336588426042907
0.156025512492266 0.168749332310322 -0.00206008867066563 -0.100543859325044
0.222315882087394 0.0491287776570659 -0.134059135055067 -0.0956813708841026
0.199677854423913 -0.0527521775566866 -0.205722184763753 -0.0327713438228851
0.204677513080917 -0.0801824257392338 -0.222771460859823 -0.00819191216267006
0.234880779209252 -0.0444211944119355 -0.225424456136067 -0.0247794265797171
0.302679207073387 0.0752903606930478 -0.18836239338035 -0.0838651123074757
0.2002686643406 0.253297171606247 -0.0812735220048141 -0.123807391658733
-0.0697140270134681 0.336087841197266 0.0314203356850392 -0.0641970895155026
-0.384358748364105 0.155393872100973 -0.0936094383462293 0.00180157227166811
-0.387226845837822 -0.225985517077446 -0.181881725150618 -0.147209311338136
-0.201428679656812 -0.43370799021446 -0.109800051676923 -0.424413217643685
-0.216335606029028 -0.412890315952429 -0.122258493913805 -0.0380371323358306
-0.35872782619381 -0.166644443500834 -0.0849188416307464 -0.0198120950377959
-0.317835876514489 0.13496628601475 -0.0270183792713013 0.0362903073385819
-0.0370587819258412 0.294764067374111 0.0295715457600909 0.00973848709365404
0.196055357081335 0.246844311841417 0.0224715292242233 -0.0585978462433935
0.296947539296058 0.0881016569311225 -0.0601857263391923 -0.0822426628912832
0.275840958762485 -0.0451856746217015 -0.111597074724703 -0.0500025997613081
0.273793392652224 -0.0760459565900791 -0.121046270407631 -0.0357287313565793
0.303113522528017 -0.0349569249256778 -0.112753705038838 -0.0463020939129681
0.376757093482542 0.112295676861671 -0.0813349760942887 -0.0648461273687813
0.247225570644618 0.332200438920545 -0.0192979321844822 -0.0565121962224596
-0.08995840698899 0.424980262948579 0.0365591184829292 -0.0182758801582441
-0.477521002580829 0.198915765068271 -0.0730750729562092 0.0176825508354673
-0.495960412336162 -0.265681296423419 -0.126885676440733 -0.0922734493235392
-0.262773286548949 -0.536004996207996 -0.0465915630214014 -0.262009178727836
-0.257473836879822 -0.457948579732916 -0.0316201198006681 0.133163021190652
-0.429918589086768 -0.177668006076394 0.0186568890679595 0.0163618497284545
-0.375454420167938 0.171266834396734 0.000383762852403079 0.019727133262692
-0.0502812450377027 0.355854313341983 0.00960114268984291 0.0284955776231876
0.217373700679408 0.295699822428988 0.0578638034476495 0.00782607967276519
0.334247042847478 0.113821257383527 0.0409181310905308 -0.053725756842094
0.312775116612661 -0.0338624986263043 0.00698507232557332 -0.0625222738883924
0.299689352779653 -0.0606748322788161 -0.00146812900532569 -0.0582364359183926
0.320731519926831 -0.0173804417702152 0.0130710941518144 -0.0617337779751851
0.383460432989293 0.130803997757058 0.0320547001518559 -0.042778020395449
0.245850301197875 0.346513206864347 0.0471062762081533 0.0125825334197096
-0.0952057911140512 0.424724133438045 0.0421237811232845 0.0286303457868041
-0.471089199667076 0.195227396137547 -0.0357472727735424 0.0294865742724398
-0.503491078540548 -0.25920765848115 -0.0467767710731656 -0.0309896088011333
-0.271603710496742 -0.539987083242597 0.0321544806964507 -0.0792584236904297
-0.255674813845556 -0.430396905849451 0.0687667097702871 0.31095248916133
-0.429279611253548 -0.160585157317609 0.139607195046332 0.0622644113522571
-0.366696085645128 0.175753191960884 0.030963408639382 0.00284815499993221
-0.0547018028498182 0.350242184088895 -0.0105118755190645 0.0573144133212075
0.196230228165475 0.292187264442524 0.0989751204554613 0.0876386764608329
0.31506805603566 0.120419774985792 0.153151414880765 -0.0136823631481792
0.301535042606787 -0.0161808362286224 0.133907390965246 -0.0690187293540337
0.281311819995599 -0.0341860855685501 0.117804800438319 -0.0736956424615063
0.287945097692771 0.00416933452835364 0.12828873881968 -0.0676947849529889
0.321243648304583 0.131477071555429 0.126713652376484 -0.0187702515139069
0.18764512499948 0.29747586446345 0.0957091716981908 0.0662295328968773
-0.0954089272661758 0.32903333462893 0.0406998905467995 0.0622543367947079
-0.371136759092921 0.128877166636822 0.00379860807828899 0.0278665087584052
-0.39839846941388 -0.21786978956298 0.0296035293472114 0.0190716371764408
-0.224984708740588 -0.452260224576134 0.105212220605139 0.085080045127293
-0.207963158499376 -0.330597284842549 0.153382995823819 0.464183787289809
-0.336167263907194 -0.115996413533749 0.241870178929021 0.11365488064668
-0.276357614156859 0.131030483570052 0.0573430783319867 -0.00624605221999052
-0.0538627931697547 0.260484876900834 -0.0280577260325571 0.0851436096339424
0.129963441042246 0.229986030866638 0.12918733458974 0.162522140761419
0.233636561076094 0.106443204627548 0.25139841587377 0.0312239114541295
0.238771233912765 0.0055699612890791 0.246971694693077 -0.0665294706200339
0.21941183500288 -0.00253436270351697 0.218323931633705 -0.0779886400496557
0.213979066056158 0.0262855376600815 0.214267323684184 -0.0608428202331556
0.210870923839279 0.117046740940079 0.183654897592711 0.00699879064042925
0.0964412551539175 0.212350951116533 0.111502194451462 0.0954753394271295
-0.0922223886460885 0.186005273980798 0.0246386365056123 0.0723100741017188
-0.221400910081093 0.0362488151263737 0.0319487460091355 0.0154022592628717
-0.231662460107957 -0.150727809265561 0.0795463383537721 0.0490229071886961
-0.142317893058469 -0.299897434688642 0.156255544248932 0.204101162297248
-0.124755422298056 -0.168477905172633 0.206520569427101 0.56399455693685
-0.180137277927255 -0.0485494834064762 0.303673795733174 0.162658704061958
-0.127275447923108 0.0641554920595763 0.0773928918131996 -0.00982830068560067
-0.0375954592092069 0.119381256024285 -0.0422102422889077 0.0955395933064843
0.0426786996289141 0.121932525270693 0.13526982635243 0.21349136329865
0.110769679811785 0.0735887110092535 0.312671141394967 0.0754042307545875
0.134319731676813 0.0273070509943246 0.324989675299219 -0.053208506357289
0.125605574081554 0.0307452185692533 0.285077575008695 -0.0719429232126792
0.115321124235793 0.0433409377900953 0.263901006144244 -0.0426692151299412
0.0848848440345816 0.0885411965049935 0.201748907919084 0.0326370828594531
0.00427019348066893 0.115691105668861 0.0978087841902516 0.106021721159733
-0.0790762145595978 0.0504644257960648 -0.000178388669924856 0.0630310470838933
-0.0744534613690585 -0.0390302714639474 0.0453909815401971 -0.002385392870061
-0.0652976451520122 -0.0700907295744175 0.102424995203335 0.0588022142947699
-0.0515779049677465 -0.119853235641492 0.181319720064099 0.264905401376553
-0.00732967956877125 -0.0359177465871396 -0.268400165609797 -0.316721310652701
-0.0504171715492314 -0.0101044341388566 -0.208980211290713 -0.0438418179763341
-0.0406685665326812 0.0628269151220308 -0.0565009953167857 0.0291614835288018
0.0487857632116488 0.0487252204381444 0.0387941968425895 -0.0241831429568475
0.0669725600957876 -0.012180325183652 -0.0545378023870989 -0.126584003069094
0.0292961118051254 -0.0445920975042101 -0.215294921847707 -0.0636852050460149
-0.0151544825280802 -0.0518219025921093 -0.297259342342134 0.0263929525976277
-0.0177885130390054 -0.0550194907636807 -0.327631186885438 0.0584265799221565
-0.00240574966247222 -0.0429579689226646 -0.352102648123404 0.0392896873895955
0.0336804820830751 -0.0357452536543565 -0.324145776258898 -0.0758288582900938
0.0431868138429346 -0.00965949282181651 -0.173936726391846 -0.204492913463835
0.0141605397629327 0.0367386787329471 0.0128544101956742 -0.133064541956624
-0.0430459708176522 0.0261304265153161 -0.0809887305159733 -0.0261972492833431
-0.0230257230476439 -0.0423776651966505 -0.210837728770878 -0.187802394800778
0.0100252333060415 -0.0403408450269852 -0.190591050566133 -0.583987580429626
-0.0888655578963877 -0.18778318890308 -0.246600853300493 -0.272375062362615
-0.158460304651192 -0.0741032931756501 -0.194425810282939 -0.0482984494981709
-0.135864549495903 0.0825002099328287 -0.0529084388836081 0.0399797996144901
0.0208060575668418 0.130539534551994 0.0489550320838353 -0.0106325021908842
0.120646123863284 0.0763860490798954 -0.0281986810513298 -0.123485661225655
0.135990996494178 -0.00331021855249719 -0.191611937210977 -0.0860627819816015
0.0996371332849065 -0.060987765677738 -0.276250499748718 -0.000344196396002815
0.103878616588142 -0.0788378775642516 -0.30464536125626 0.0318320623939098
0.131152685450846 -0.0539915841710421 -0.319514355227734 0.0113624405871339
0.189325402171927 0.0158839740805556 -0.281803823006785 -0.0851925342962187
0.138096556712737 0.131436811153803 -0.139204910806992 -0.177317679794103
-0.0254833273787002 0.205345625739262 0.0224439831723418 -0.106543978066593
-0.231654793168882 0.104111620631207 -0.0991695064503999 -0.0113827217923825
-0.22964868325796 -0.144655463371985 -0.21735305932127 -0.181252698512531
-0.116191104081797 -0.260680432576579 -0.176110136633308 -0.545123700847322
-0.167121035987901 -0.320358519793586 -0.20348164458527 -0.177322580429912
-0.267093812421317 -0.128610452240405 -0.161408294948792 -0.0390072657894567
-0.231895275330665 0.10717981018095 -0.045334590706654 0.0442636277642771
-0.00751635580001373 0.216349364830863 0.0460634706108308 -0.000915875419522692
0.170243653149914 0.166128498103605 -0.00550481327784439 -0.10373774294243
0.233326996727608 0.0397048673605858 -0.144229141204946 -0.0925781502717817
0.204574837267493 -0.0624053267228719 -0.215016428594106 -0.0248021323166041
0.209644269821967 -0.0907468024143499 -0.234469678460121 -0.000194686483181248
0.243598223566029 -0.0553756947510603 -0.237126948289698 -0.0176583188969329
0.318634937535804 0.0637159150185932 -0.199097234333131 -0.0801705105544468
0.219213939913554 0.255804088822382 -0.0873839128049602 -0.126006569361579
-0.0593308306192342 0.353325734816401 0.0284387473036095 -0.0682988173650142
-0.393651749552991 0.173776367824311 -0.100884464964258 0.00497843887884501
-0.411011381291693 -0.222262240876544 -0.196207204190946 -0.148503976546337
-0.22629038346091 -0.442417161848801 -0.131699321023105 -0.433592076647035
-0.23613013942865 -0.419239321639813 -0.131877179243665 -0.0369293063235396
-0.377078382648842 -0.161439193921605 -0.0937144057158197 -0.0160051139893882
-0.324505841987992 0.150070441487267 -0.0263612996306605 0.0366509876434203
-0.0274447662242826 0.306923760729516 0.0315185168356886 0.0092431154597986
0.215803516509959 0.246254366090117 0.0213700205279983 -0.0614192181597716
0.312728304226297 0.0773659413099443 -0.066915374036117 -0.0829247553302077
0.284286910757648 -0.0587595858099574 -0.117862291800297 -0.0468495839149203
0.28163699693807 -0.0891087249463673 -0.128972889422299 -0.03217659113194
0.314141867814495 -0.0483121414337748 -0.120638373895031 -0.044500499905867
0.39728065692643 0.0991815838463301 -0.0873431846680732 -0.0648494254309339
0.269950145804166 0.336126251623612 -0.0190498864380813 -0.0582628216080989
-0.0769371575053675 0.44564455733635 0.0353225765778211 -0.0204544055013411
-0.490357954968295 0.223800727839129 -0.0801666181998098 0.0208719972020103
-0.524721094235873 -0.260452463504357 -0.136645741440519 -0.0915339050380145
-0.294526826629998 -0.545858990371626 -0.06013175388555 -0.266947132815994
-0.278460335723526 -0.465054284193548 -0.0329064076185195 0.136583902341039
-0.452227054096395 -0.169633673759085 0.0150250834648557 0.0176499024943147
-0.384915181935398 0.190792375558485 0.00200523544100307 0.0187773215826584
-0.0385070671955692 0.371551007441655 0.0112206753120386 0.0297376774371262
0.23955788304646 0.296742980578283 0.0601258087514763 0.00562911576317772
0.35261146042069 0.101764486605736 0.038173754583092 -0.0576498828559116
0.324573222263589 -0.0488986755613341 0.00483957485751869 -0.0648793295567446
0.310428078748431 -0.0727525761674093 -0.00471122648181116 -0.0609276036872396
0.333526492915297 -0.0308885103250888 0.00925005890190056 -0.0651097875130681
0.405351331139008 0.117462457806013 0.0316191535237643 -0.0464041316022335
0.269254139044395 0.349196986821733 0.053341068990574 0.0102049412574615
-0.082652943100877 0.443303414126818 0.0429288137650913 0.028539513617036
-0.483126408837639 0.218099478105726 -0.0420771674610002 0.0305374876159295
-0.529250112070578 -0.252655021102466 -0.0524628375704191 -0.0295091984040268
-0.302257056727839 -0.551215447688625 0.0274741253765409 -0.0801627506559016
-0.278180805302876 -0.437232809123519 0.0782866829614351 0.317354368774492
-0.451749130095855 -0.150536236786054 0.143437418028662 0.0605085629888823
-0.376889955023955 0.193626343923732 0.0337649684515333 0.00032558797801323
-0.0431067359062571 0.366565405588072 -0.00841001714308532 0.0602784960182573
0.217866578447384 0.295227112769663 0.106081045395094 0.0876204861415662
0.332866059348409 0.109330745802963 0.156408042738634 -0.0216504660299401
0.313551426464932 -0.030098997030289 0.136611984684682 -0.0768545323814841
0.291807348050637 -0.0458841870773634 0.119262269734087 -0.0816746662907386
0.299332730925008 -0.00608053082104721 0.128834286840356 -0.0757320386510565
0.340401924253273 0.120833541398051 0.130572597159849 -0.0257197874786032
0.207740355019535 0.300812144179738 0.106335468565626 0.0633660178902177
-0.0853780253220401 0.34576386163345 0.0430482018497977 0.0628278314790698
-0.382109586478798 0.145961377836089 -0.000856517043937739 0.0282505251056461
-0.420754047747389 -0.211546952228236 0.0285319862590997 0.0201866202417353
-0.251040240330553 -0.461796286067807 0.109591292634211 0.0865954671206167
-0.224131329690035 -0.334976741240128 0.17367236930424 0.472978714377503
-0.353604549140084 -0.109158250870514 0.253503314653638 0.110082026206846
-0.284385368549868 0.145101965688363 0.0614580731814518 -0.00883461602975076
-0.045426517747736 0.274886749942747 -0.0262831773548991 0.0894758902440167
0.147112300741579 0.234257463753556 0.140363920182352 0.164078401234208
0.248341575871247 0.0996545229927113 0.260894211849211 0.0219928378744737
0.250067594291649 -0.00516177406409916 0.254695958217409 -0.0788399284119291
0.229734016788653 -0.00997318151014292 0.224830599028266 -0.0903336974528836
0.223596050129512 0.0198660653351256 0.219829611944891 -0.0728671292763206
0.225223254200921 0.112089014006904 0.190575270427467 -0.00178050106948038
0.109762724247655 0.215906875682527 0.122404744730772 0.0948254150811195
-0.0875939529112058 0.197038748441946 0.0282306771865279 0.0736964889749308
-0.230363050611887 0.044906316514188 0.0284518876988113 0.0140772584315188
-0.24482335724878 -0.148430481133732 0.0820462206812165 0.0498057232420564
-0.159616888009467 -0.307346570611899 0.167901993009121 0.206448940368689
-0.132996490368964 -0.170994058550156 0.231955856204663 0.576477467988696
-0.189415066699531 -0.0443520200390749 0.321879459159967 0.159167303895357
-0.131659665799542 0.069940859499947 0.0824932374445011 -0.0119334466473255
-0.0345228796063172 0.126646247754412 -0.0401001390790408 0.101629740459046
0.0515725680167751 0.126595710806399 0.149023693748092 0.216946214992469
0.11917895116952 0.0713979820671924 0.326214169889923 0.0644835405547828
0.141713584039056 0.0222870341435771 0.336364339776195 -0.0680461784297859
0.133524735366448 0.0279519227589776 0.295847108577089 -0.0854375031857489
0.120951935214408 0.0408550276386019 0.272488165643635 -0.0551156573529617
0.0923802368657167 0.0885001484988164 0.210398766078595 0.0251115079516145
0.0103760452705658 0.119129749038834 0.107093656529189 0.105771601434065
-0.0796040405084528 0.0561146131942199 0.0025590853116945 0.0653558147750381
-0.0798502394647108 -0.0379290514400196 0.0438534085286383 -0.00615367397777599
-0.0697485503084218 -0.0705034447635719 0.107946225418584 0.0598881914742948
-0.0578837661956609 -0.124149976872552 0.197613446403643 0.267936302952013
-0.0102843735659116 -0.0356325372417999 -0.290860557247463 -0.300781909097267
-0.0517250059793549 -0.00786327100877287 -0.215340743663569 -0.029096498869172
-0.0361988341948074 0.0658599492598834 -0.0569506049292712 0.0334088001470827
0.0514239567634699 0.044847718486712 0.0378448859200413 -0.026913155356763
0.065712146824309 -0.0178402750023778 -0.0624194874041495 -0.124233308925381
0.0266615684383472 -0.046742474914575 -0.220781171318767 -0.0495177787067115
-0.0196951688448918 -0.0496084835186347 -0.298292037968081 0.0469889871435479
-0.0225693448049113 -0.0541508427255136 -0.329517419115225 0.0824241550469775
-0.0041212263280571 -0.0444967288549387 -0.353779299896611 0.0637871192970883
0.0316334842368782 -0.0392663773745872 -0.331821624919299 -0.0543346805103452
0.0421315889472182 -0.0131072985133407 -0.190053010796418 -0.194142689162371
0.0165874043582667 0.0355982163184344 0.00429217052728953 -0.135260053681089
-0.0410762888900849 0.0282268127309776 -0.0825913880274244 -0.0216743947915944
-0.0252333934115597 -0.0413686251603066 -0.223918347457344 -0.18112877307918
0.00825334227283015 -0.0389361261467088 -0.227300084159383 -0.574490075431195
-0.100308098516752 -0.183080543128457 -0.267499376276768 -0.256372422689156
-0.163647279767469 -0.0648143336702668 -0.200745937580812 -0.0345587459780352
-0.131235473140034 0.0910422048505395 -0.0533758318003734 0.0431532614102016
0.0294332101794241 0.129198037515085 0.0488724923129958 -0.0135320185151474
0.126817668841791 0.0677366094883787 -0.0356911427400526 -0.123115639185444
0.13754214020295 -0.0133137358345251 -0.198766814975452 -0.0729782297870461
0.0963544869294402 -0.0670214199065031 -0.278829471578765 0.0178327461477385
0.0989137561731178 -0.0857677468709589 -0.308364769940734 0.0530790359967702
0.129689379648626 -0.0635924536879287 -0.323507185988205 0.0321703581914723
0.192288109567625 0.00168570458804248 -0.290788018293951 -0.06678224380213
0.147633936758871 0.123301048253243 -0.151750694784995 -0.170675250810091
-0.0128827323089326 0.20901613510851 0.0149739882055777 -0.10907113002897
-0.226830555079427 0.117389414682561 -0.10200413819349 -0.00521014239703236
-0.240457931001948 -0.131793929150747 -0.23095379671823 -0.172657245911947
-0.13444740082292 -0.255029769947927 -0.213175103873677 -0.534597785332202
-0.186393190139841 -0.311210435554228 -0.219005220876549 -0.166353105370714
-0.276229266640064 -0.113308578395181 -0.168805365983346 -0.0274210081617264
-0.227067605506072 0.12184050303722 -0.0446026284717169 0.0463252476331724
0.00618998028108893 0.21724944693745 0.0463940590557637 -0.00302764074426931
0.183328613335164 0.154246721559018 -0.0116539824478104 -0.103833593238956
0.237964944115972 0.0224730544398743 -0.151637402520743 -0.0827485053687448
0.201428574167308 -0.0766619921766717 -0.218767697507272 -0.0106863608110411
0.205743217469469 -0.104213907784865 -0.239468111554812 0.0159221563108119
0.243071748501153 -0.0721620154285901 -0.24258055287212 -0.00212700960752881
0.327135364886507 0.0411781935733129 -0.206837195942449 -0.0681931356829009
0.237755984740759 0.242944930501065 -0.0943447061589529 -0.122841372751894
-0.0374327933016585 0.359955744631389 0.0230548062990855 -0.0708550183630062
-0.387095600721628 0.198568680977554 -0.104291020068959 0.0125182095461415
-0.428092260315822 -0.200974745744028 -0.208272571530101 -0.13789934395867
-0.256436710506108 -0.430813824518848 -0.161293622183291 -0.423520378893041
-0.260466587443606 -0.406204649522211 -0.138975837208761 -0.0304578020779854
-0.389183838129908 -0.139125554217321 -0.0995388951344076 -0.00942489378830422
-0.318090427572748 0.170472825389309 -0.0249513326132391 0.0374257325450139
-0.00695937801648825 0.31021463243301 0.0319797326707634 0.00845166245018017
0.235627929390492 0.230581621817659 0.0183619022365259 -0.0618745767027446
0.320742202107565 0.0541684202099455 -0.0746005673999108 -0.0782573957044463
0.283223376870755 -0.0785900728035797 -0.12213916069076 -0.0392538539872636
0.279506254602398 -0.107700769840583 -0.134219650359317 -0.0239550618072629
0.314977025782031 -0.0683684801306503 -0.126230677260971 -0.0375059813756002
0.409203256064376 0.0717391801563158 -0.093390780121735 -0.0611618136083135
0.295841037482964 0.319576760756622 -0.0196433743379181 -0.0593717159618491
-0.0490552100275889 0.454652844562433 0.0325570835789503 -0.0228981157979001
-0.481319601808183 0.253860612238748 -0.0845612123082747 0.0271464408082348
-0.545473812455802 -0.230772495017942 -0.145254928826109 -0.0842131178506061
-0.329548514139985 -0.531012220626696 -0.0790125453401727 -0.259422323783361
-0.305204600696551 -0.450338067349492 -0.0291734979201838 0.137519496936584
-0.465339295618126 -0.142696147350814 0.0122242979033185 0.0179590547331151
-0.376625074621836 0.214478698830812 0.00364412010492159 0.0174413520011693
-0.0140070227591062 0.376479611224753 0.0133462687679323 0.0296342766683727
0.262779997374876 0.281567036877034 0.0618014336261698 0.0025957253419466
0.362127340764245 0.0764261170251498 0.0326227770885495 -0.0604315580838057
0.323281985657286 -0.0709700147811992 0.000923570770407723 -0.0652147222939049
0.30950620662385 -0.0923516788541868 -0.0100755577671308 -0.0616401513109784
0.334907851643983 -0.0515526203960791 0.00392178129823863 -0.0669759121168151
0.41864876850284 0.0888979019707951 0.0282159607210186 -0.0504814666022874
0.296783098617994 0.333787322549652 0.0582811369583743 0.00513826286242171
-0.053577673515089 0.45265341007631 0.0432150719612097 0.0258328107380028
-0.474921319939219 0.247981783263447 -0.0461532973323038 0.0347614391160509
-0.548705957040183 -0.223871393220001 -0.056501941766632 -0.0252575545021165
-0.340420118414208 -0.536562510630315 0.0214149765294048 -0.0775327664365597
-0.302603812591339 -0.423309194998704 0.0943121656203237 0.312066563748518
-0.464501475281729 -0.125387163537451 0.14536731614895 0.0532682312809778
-0.368683809541521 0.218635365427376 0.0351974264912923 -0.00294061362104325
-0.018466093224545 0.372564195102364 -0.00516008546783095 0.0622546822333335
0.241914150911067 0.282478365714376 0.113105552804425 0.082393735072659
0.343310066948316 0.0856805699386591 0.154209125182985 -0.0326589182091958
0.314345327982512 -0.0526901479349904 0.132329571556866 -0.0855899426231001
0.293430812586601 -0.0634815451810063 0.115319553546773 -0.0903212679018033
0.302266184264159 -0.0239722901839598 0.123079244607162 -0.0857702572619797
0.352366910153422 0.0975045407398081 0.129532015012282 -0.0355254864921832
0.230391395762472 0.288822505514355 0.114579312836956 0.0551595180579048
-0.0640320456590999 0.353957296425674 0.0463508406800818 0.0604682386640003
-0.37771839198315 0.170641356162412 -0.00519260727875123 0.0292279299062869
-0.436984947433786 -0.188695218875023 0.0287051563691613 0.021409301694052
-0.281866801517587 -0.450296582590874 0.113885104368042 0.0840180654378751
-0.2439274444285 -0.32356028981974 0.200465446395848 0.463833267193071
-0.363278162530804 -0.088941331149972 0.261109136994786 0.0962424013293934
-0.27961023109044 0.162578104879447 0.0632055945639243 -0.0142269635716982
-0.0272172809846421 0.28141767277657 -0.0204883914412641 0.0932352819748299
0.166882181272396 0.226583513345633 0.152421967311108 0.158108321786447
0.257623409090852 0.0820911666742778 0.262801567835924 0.00410240206263034
0.251684812318315 -0.0231294856310179 0.25199908296225 -0.0951539115089538
0.232761894492398 -0.0240134295285035 0.222357337920829 -0.106019991791202
0.226679626806788 0.00613353737774502 0.215930192053489 -0.0885796708147877
0.235182460478054 0.0956436884919017 0.190792694211862 -0.0147726830696041
0.126258451675577 0.209966436747399 0.131812469827511 0.0859015230536394
-0.0750576332535442 0.204550592503011 0.0315757562887073 0.0722273336488362
-0.23063265555412 0.0593875487327266 0.0247200815899323 0.012594849510992
-0.254643949762977 -0.134239886637724 0.0854502073225995 0.047864228166437
-0.180376891483697 -0.300830581635703 0.18083146544551 0.199274000485167
-0.142698174516632 -0.164044117784839 0.268307131143025 0.564816924293064
-0.193415616539337 -0.0335621586026486 0.33349362157551 0.140893679791674
-0.129959816224295 0.0780327039727756 0.084906567767111 -0.017250199877894
-0.0254168399529094 0.130901282245179 -0.0336318339217904 0.105859173857384
0.0622116082511189 0.125166906529396 0.165274828377889 0.210561486293304
0.125561116473834 0.0630026499504515 0.332082868201459 0.0422876347661523
0.145302945376203 0.0111990255473991 0.334621418050554 -0.0910268406620014
0.138074823374515 0.0194257084652854 0.294895264435587 -0.106309378283482
0.124761668256279 0.0342562704284219 0.271620161000255 -0.0750031635208751
0.099416096643668 0.08233051036979 0.213703279149308 0.0109888307944421
0.0194076851538378 0.119158660872497 0.116889522061384 0.0988820386221754
-0.0760606795740206 0.0619739593043129 0.00567871862443352 0.0655601190880702
-0.084320497249777 -0.0333266400536588 0.0397873158983127 -0.00916918569843734
-0.0739285909521695 -0.0669795641836903 0.112165922009063 0.0554133328936128
-0.0663579501245531 -0.122975475125233 0.215258310301505 0.256919624667444
-0.0124879041484194 -0.034751941868013 -0.29762393227624 -0.273579305077491
-0.0507165914886367 -0.00530972818750117 -0.210807799954244 -0.013701138287063
-0.0309161801847272 0.0661584651703324 -0.0543312939095029 0.0361417288574837
0.0508445547643712 0.0400116255094807 0.035506005243079 -0.0283781819125808
0.0611057253426695 -0.0209450630683461 -0.0673271535551451 -0.118208539982154
0.0234297502022907 -0.046778577228996 -0.215484324416721 -0.0342454685476272
-0.0218470950376497 -0.0451482659809722 -0.287501958977133 0.0627495291660877
-0.0261030931798421 -0.0506548420181359 -0.31745797702132 0.100504985099434
-0.00709536005378467 -0.0441383448818013 -0.340030729885334 0.0832579633754751
0.0283327499631763 -0.0403021974878369 -0.325048196919092 -0.0321944389539893
0.039162456858431 -0.0153419577767576 -0.196986000001342 -0.176815552787688
0.0179243566552783 0.0337156826547091 -0.00408780830062189 -0.131738924216816
-0.0368495051232151 0.0282647678651417 -0.0807518027680435 -0.0172431516641053
-0.0268361653996217 -0.0381451206124839 -0.227032056027778 -0.166570451532447
0.00622089015400696 -0.0371682934360682 -0.251324159905664 -0.541966812019504
-0.105828707097899 -0.171302426625051 -0.27422617677048 -0.234287567265072
-0.162011570603947 -0.0541858907278826 -0.198981193833956 -0.0206355385431346
-0.121756088548149 0.0953643768196667 -0.0507029052629792 0.0454554433913821
0.0348833216900903 0.122778807606291 0.0472116040738849 -0.0156044051104072
0.125988726938307 0.0568163405721009 -0.0413667998189539 -0.117218292981317
0.131887576880063 -0.0219524967488451 -0.196349807749236 -0.057786853774526
0.0890031466123986 -0.0690721314403768 -0.270080801518548 0.0337202025574241
0.0910609482113099 -0.087645140741921 -0.298981373385982 0.0707075304765923
0.122521604212113 -0.0699759597744212 -0.313055979417152 0.0505271500345284
0.187049195750312 -0.0112806888005076 -0.286017509568176 -0.0476456065608882
0.150145723782493 0.11116219236268 -0.157195500550039 -0.157383165205798
-0.00058665659026453 0.203058258962071 0.00720577757885566 -0.106711822475114
-0.214821689818308 0.124644546327464 -0.0998452593490319 0.000998803880298717
-0.241133845425178 -0.115698504395661 -0.234153254192081 -0.15773832346096
-0.14369266889098 -0.238227904846277 -0.232912908649453 -0.502222715422495
-0.194145356882653 -0.291843423076253 -0.224041016503376 -0.14815255055448
-0.273066743851425 -0.0939311375620991 -0.167838932493954 -0.016147950842241
-0.212723692015025 0.129781844304639 -0.0429145595382645 0.0468939803260447
0.0181102811191126 0.209117647935825 0.0450200044187054 -0.00523866344529075
0.185952565611116 0.136435415706934 -0.0159499447834626 -0.0999669415430441
0.231888613305114 0.00587523679747105 -0.152336369179699 -0.0705069833858248
0.19047495124469 -0.0848837032362729 -0.212869553837519 0.00249991077861309
0.194197614232888 -0.111071940704636 -0.234413356477657 0.0305982706967485
0.232426858774489 -0.0847018989573162 -0.236707756245067 0.0123034011914588
0.32030807575084 0.0186777982825561 -0.204895514877023 -0.0540073974816005
0.244663038480056 0.221614105646237 -0.0974528709651466 -0.115268839937186
-0.0165124027876515 0.351338919378788 0.0167217524918033 -0.0702526509725152
-0.365815868907075 0.212656390714287 -0.102691207748786 0.0189717835049988
-0.426562925538403 -0.171921339181174 -0.209710275433346 -0.123345975798235
-0.270916088606645 -0.402413060130529 -0.17887929813043 -0.395060875077382
-0.270966761205532 -0.37932335537697 -0.139809595636242 -0.0216280781069786
-0.383502928041677 -0.113792137338933 -0.100426801066412 -0.0023518857021919
-0.299004107958111 0.181494247081614 -0.0236252064858096 0.0365126519919641
0.0102350605610877 0.299908446542621 0.0320572017418492 0.00597800822417057
0.24149366372778 0.207447140565665 0.0150666356913297 -0.0610558074827178
0.313461979349551 0.0315006074219328 -0.0778262200755423 -0.070832991492344
0.268640936708 -0.0914281178565808 -0.120798716799065 -0.0307476930898728
0.26677620175172 -0.118087980546515 -0.134165109496808 -0.0152490396686065
0.302327654750569 -0.0839596802948362 -0.126231489742956 -0.0286281920375237
0.400734508549935 0.0428769270398141 -0.0947637390719506 -0.0544304050291795
0.306647212697448 0.293134479452767 -0.0204893256236244 -0.0587912237148177
-0.0241827374399518 0.442957880205064 0.0295009083288937 -0.0238425328292139
-0.455890366179389 0.270501984502218 -0.0835919446413754 0.0334941571525099
-0.541843091479773 -0.196614372761232 -0.145595135703494 -0.0727181359954261
-0.350362382416568 -0.497263883864865 -0.0897978058962599 -0.241063999652421
-0.316080876333787 -0.420744636384823 -0.0249910105355497 0.133475154872013
-0.457090979520442 -0.113284117649129 0.00907702974137233 0.0178409863527253
-0.354906126893932 0.227979511988453 0.00323502192160763 0.0150032707940612
0.00786791859628747 0.364984162591957 0.0150519484365401 0.0285633051934001
0.273338251574138 0.255103714744303 0.0613874323447639 -1.59775876086617E-05
0.355173974753316 0.050702745623583 0.0268680558869652 -0.0598190319762393
0.309311101841367 -0.0879946768986293 -0.00230376053624616 -0.0627607775014702
0.296826365688347 -0.107157133171015 -0.0144918618298061 -0.0584616923660591
0.322543562317786 -0.0677362510030473 -0.00200356371879866 -0.0654568378668417
0.410470098088111 0.059524751321573 0.0240675281242209 -0.0514537463799875
0.307553864871533 0.305268996864498 0.0589974053887371 -0.00151927278140677
-0.02719658690466 0.441382119704903 0.0423251376354139 0.0229770198425792
-0.450546793894947 0.265889261861165 -0.0468433281546577 0.0395038750131529
-0.54351529208184 -0.188150312434612 -0.0557160017156967 -0.0189908219620038
-0.360119012192119 -0.501119099046095 0.0167282315808459 -0.0706249655401958
-0.313311630142594 -0.394778144555796 0.103620560978139 0.296003138086016
-0.455617969132154 -0.0976702823301045 0.140888554931646 0.0441915150550195
-0.34722821861459 0.230699821123189 0.0344336680258397 -0.00681997736757281
0.00297046676458268 0.361926456291489 -0.000416527438297759 0.0612154212246825
0.252852300823188 0.258369704395895 0.11542181967011 0.074691083806252
0.337588789433781 0.0620703726058643 0.145858725576115 -0.0399993889644171
0.300851674130789 -0.0699425974254878 0.124512168269111 -0.089776720337693
0.283073609599881 -0.0776154171592758 0.106878000240638 -0.0943883096226569
0.291799658646756 -0.0392676454509896 0.114003462125139 -0.090408989818064
0.347916804024619 0.0720580551538598 0.12242243091558 -0.042693794734528
0.241567952376859 0.265475843295454 0.116209247471332 0.0436322217587966
-0.0416218399373272 0.345724323802275 0.0466693006782675 0.0564171316893091
-0.358597749955174 0.185071212357851 -0.00789225664550905 0.0314567456065934
-0.431307556479644 -0.160596865809958 0.0284646983582885 0.0222691778434376
-0.29946885001813 -0.420786389415817 0.115138192261165 0.0791790945624916
-0.250384742728214 -0.302140095040406 0.215114184808544 0.437040716202599
-0.356535318526167 -0.066195988415645 0.256209005135508 0.0795770950124136
-0.263939741922253 0.171724729499295 0.0617357938343905 -0.0180486603952799
-0.0101373185857031 0.274436662783625 -0.0141263231148147 0.0919057999036516
0.17700947207303 0.209698964682377 0.158326528111973 0.145578466153502
0.254502908667942 0.0629134261382526 0.253033016696203 -0.0113119056809829
0.242145808385576 -0.0384023616517207 0.239855806742281 -0.106737641976704
0.226719860423767 -0.0366049309284658 0.210551062548505 -0.115631473746323
0.220881590496073 -0.00537711159763876 0.203998823770623 -0.0976622627686828
0.233969789970433 0.0782547299101463 0.18379496474176 -0.0257915467058769
0.135822469397143 0.195052680801707 0.134729491581382 0.0728991655958573
-0.0604408332507523 0.202009378465521 0.0334411869298931 0.0685878617533413
-0.221741850924248 0.0701872032184467 0.0202681294789308 0.0126682796641935
-0.254273577127021 -0.117047604548485 0.0849795473929748 0.0452953029370635
-0.19209082646083 -0.282394191474198 0.186384361890598 0.183973267854582
-0.146018385195437 -0.153044991069479 0.285340805583776 0.53237064551679
-0.189356018003868 -0.0222713122734063 0.330678126799532 0.118020551992396
-0.123049694156716 0.0818022957570925 0.0828336378778699 -0.0223555736710434
-0.0162703259261937 0.128942090244237 -0.0267810201196568 0.104863758972556
0.0693383251467114 0.117507218984108 0.173561153193552 0.19542037191032
0.125724026194905 0.0534688120141468 0.323759306372367 0.020932719049684
0.141825858246198 0.000811493114469844 0.32068615235441 -0.107103916557143
0.137223513150833 0.0105007607334768 0.282429631042468 -0.121300262102304
0.12299612663956 0.0277568193944821 0.259054742887433 -0.0876959488734978
0.101085901571034 0.0733662639272356 0.20716459441421 -0.00191944958849499
0.0275939036261529 0.113705208403611 0.119557568095323 0.0880898186263341
-0.069398116157248 0.0648260764533768 0.0085638321850293 0.0634422208140228
-0.0845366776824325 -0.0268698120389567 0.0349144948287703 -0.0106763959205164
-0.0748156023297106 -0.0609634746655125 0.111825050893776 0.0499743082451707
-0.0719832106127376 -0.116830336965262 0.22265885296852 0.235962203272456
-0.00781526876688738 -0.0327070771389451 -0.245788798290356 -0.285215915379336
-0.0466310832289889 -0.0119765749346689 -0.197252954539631 -0.035121868102142
-0.0368964625641428 0.0576077274726318 -0.0601371277499634 0.0294277828827572
0.0411435366072093 0.0448463975654133 0.0342504086259408 -0.0199920963741775
0.0593455128923969 -0.0114923626322361 -0.0508323448310337 -0.114752596411138
0.0295571436119163 -0.0408323294863033 -0.195369315959411 -0.0535247582082905
-0.0144032979854386 -0.0433889506836365 -0.277255042570275 0.0300787406705487
-0.0200764380007316 -0.0498981427182913 -0.316809287257355 0.0609716570304358
5.80142800713059E-05 -0.0422664147595847 -0.335946840280141 0.0415046322291038
0.0329515215583406 -0.034846383780082 -0.30797743911904 -0.0660808083055854
0.0388783634727403 -0.0074720164117983 -0.171326442990103 -0.191464982475085
0.0122621777878594 0.0357752659984339 0.00932940752164402 -0.129162648640573
-0.0371207416117242 0.023342532391608 -0.0729120302051636 -0.0278329371094743
-0.0206085213304089 -0.0370711650030956 -0.199599087986246 -0.187627537322349
0.0101713657404905 -0.0293411101843282 -0.179939411400469 -0.551302901180765
-0.076693132847638 -0.170607122129043 -0.223063491348309 -0.25475362253867
-0.142546796283885 -0.07022682301804 -0.18839316297232 -0.0456465973218814
-0.124647742514917 0.0727143096283901 -0.0615673111954331 0.0334862804388467
0.0147746317700783 0.118743599373462 0.0402536981717554 -0.00781053808554995
0.109576367859214 0.0704039251753211 -0.0295486256902201 -0.110060058139036
0.128137718012286 -0.00509660123620824 -0.175329720764516 -0.0689734456462553
0.0934235555995577 -0.053504112622002 -0.258402233690604 0.00545229869262483
0.0971968890378986 -0.0715313121061299 -0.294928658111096 0.0333915695929353
0.12652464048243 -0.0511700987145084 -0.308512401293908 0.0130847314205804
0.180119362499997 0.0112836437021069 -0.27313029730907 -0.0801035715680421
0.129705351249536 0.125716624986653 -0.136985535919165 -0.174951182533731
-0.0262193363481174 0.195907453530636 0.0176736153467372 -0.109083141071494
-0.218905275658686 0.0959346429478702 -0.0884334355455759 -0.012852771390533
-0.216370737053388 -0.136152815608344 -0.197714153393181 -0.176188018312689
-0.112469038340524 -0.240164543400098 -0.157573056986611 -0.505807523005271
-0.143718033023312 -0.291540373973051 -0.180985347663961 -0.180557688051604
-0.239434110954938 -0.121186859869909 -0.162315048735274 -0.0442799679834386
-0.214199453328894 0.0927650683318229 -0.0574426536468297 0.0313589387701467
-0.0124490949044954 0.196726659612956 0.0340356229773982 -0.000171092559111652
0.155322898695225 0.15250295258333 -0.0121765972866001 -0.0896160140938045
0.217286894911897 0.0332854900478607 -0.133640538679398 -0.072398421905123
0.191084937442061 -0.0572455885990155 -0.202407123548607 -0.0170916484650947
0.199700521627645 -0.0823321725376703 -0.228079288217477 0.00073313504245544
0.232801829159284 -0.0514631553736922 -0.233257085097234 -0.0173133922595882
0.302501006181099 0.0550787246365822 -0.197965590140503 -0.0806606865023233
0.206809805822484 0.242645339331859 -0.0852480872247427 -0.134449728761673
-0.0585007879802673 0.335171815433477 0.0225750768708406 -0.0758590193974789
-0.374234998928556 0.162864627024039 -0.0894686612710391 0.00411366532648049
-0.388032814288963 -0.212632542830199 -0.169582091898169 -0.137315831134305
-0.216801903226342 -0.413472044101092 -0.107072902081196 -0.39149856160364
-0.202866143770924 -0.383905907299295 -0.113687191862859 -0.0618725683860092
-0.338952643720983 -0.153147715716758 -0.103396532489834 -0.0298696504401546
-0.30119391612465 0.129893942849477 -0.0437685450289029 0.0195656598694746
-0.0319235970818391 0.279600957147977 0.0178407803120298 0.00863259124776792
0.197726584252959 0.227408349893627 0.00948095175561362 -0.0491412352308814
0.29017962797542 0.0670319229586999 -0.0647682274032917 -0.0612099681033488
0.26541545728691 -0.0550960639951492 -0.112737981527919 -0.0383228182895047
0.269701341600234 -0.0809068055447738 -0.1273589188989 -0.0311647643616046
0.299013156502804 -0.0423194365336754 -0.123947022645459 -0.0447466110465428
0.375817655978148 0.086575949219139 -0.0943950718251841 -0.0711122324842682
0.255833735340543 0.316212645178286 -0.0182876870828321 -0.0760447192768167
-0.0757352434334032 0.42259748021026 0.0292415305419204 -0.0319113389888489
-0.465564706525822 0.207137474700972 -0.0705719236220567 0.0203975581160431
-0.494167984480789 -0.248594979456001 -0.107906545891774 -0.0790716803209671
-0.281541622126282 -0.51474281213501 -0.0342225389081426 -0.228905721752591
-0.238630951659982 -0.426752707135375 -0.0231016593916971 0.0900635186663473
-0.407440380102779 -0.16317615661445 -0.00481154008186089 -0.00320798887024099
-0.359226935635347 0.163893530338068 -0.0186823375158392 0.000209753186725107
-0.0440925687020753 0.340265842900696 -0.00283172507932321 0.026577618302138
0.220565052960113 0.276875715605296 0.0435041901498873 0.0130841187360645
0.326025991393353 0.090630531324326 0.0313284115166481 -0.0395591077374755
0.30296477029421 -0.047593869793303 0.00151732443796682 -0.0557649609846676
0.298157974424768 -0.065959977911094 -0.00753585672032615 -0.059707039639448
0.316085673945271 -0.0250070634039541 -0.00048032623108042 -0.0652568309774473
0.382387374293656 0.102413818307892 0.0176762330912651 -0.0549525613526929
0.255560546026928 0.326946204124465 0.0520250260744004 -0.0127846215787851
-0.079291216870215 0.419607175163255 0.0367310789830566 0.0148332694967682
-0.461447542458967 0.203097401273804 -0.0366001238691279 0.0311950173267969
-0.4973066071756 -0.242151387628934 -0.0276981306591635 -0.0161260630251392
-0.290822379778236 -0.520470195713293 0.0494432034570701 -0.0521691770949068
-0.237091850593083 -0.403546519372888 0.0776621482738354 0.255239207598678
-0.407811725995866 -0.146942651135399 0.115293960044336 0.0354006303564341
-0.353395109310674 0.167988042983652 0.012994878111178 -0.016462044824182
-0.0489818630452916 0.337892285818807 -0.0210620871801006 0.0554689676177667
0.200992292752621 0.27760123709299 0.086512129670688 0.087753596324088
0.30690419498395 0.0991735930071464 0.140611223945766 -0.00934593372921258
0.292890818244669 -0.0322530708325657 0.124485784195786 -0.0680482462052012
0.282407402474348 -0.0408466167636224 0.112668094289124 -0.0796487184666943
0.28294371461235 -0.00161788377221721 0.113852280742031 -0.0762403482719774
0.320504310328782 0.107221583010132 0.112645000893834 -0.0350517698733417
0.197849687250594 0.279929817090587 0.103398893438113 0.0399445960716731
-0.081742358856681 0.324714164193547 0.0382388077077849 0.0505786738607854
-0.364372380905888 0.137330931937693 -0.00159789078892022 0.0294133454819199
-0.394476720809896 -0.202640341314724 0.0446463946162937 0.0329865160814694
-0.241941345732676 -0.438332212735322 0.123800590632595 0.101911861756793
-0.1934976281021 -0.31156679414085 0.163050164522681 0.404262120993849
-0.320366062945861 -0.107477249584236 0.222396548364986 0.084629635165059
-0.2686518777677 0.124451412502286 0.0453210882739734 -0.0214201034463561
-0.047516793533853 0.254097000056689 -0.0333082328837122 0.0817169258458962
0.137018925043786 0.221808211297569 0.121608790530876 0.156717449568252
0.228161100202784 0.0906595026934788 0.237678877156087 0.0252047316478987
0.233839228615036 -0.00979183406371087 0.235569630543084 -0.0732582647871908
0.224008904108778 -0.00832326236426361 0.21525720353821 -0.088398935564159
0.210324404491937 0.0217507543761406 0.202600475677774 -0.0734165701372542
0.21186796646565 0.0997303564800495 0.172342698243825 -0.0107981210002179
0.106699084413482 0.199427315290656 0.120280014366163 0.0749099182345798
-0.0818591168372671 0.184416476524605 0.025619953591974 0.0647896888314966
-0.221329681893852 0.0429225863826562 0.022692047773567 0.0158161278218621
-0.228661739558045 -0.141093827232744 0.0896005483730587 0.0595357683463101
-0.154525909305476 -0.294604672517086 0.173391549457235 0.207452475779726
-0.114931132791156 -0.160091683373232 0.212824212237552 0.510013603267368
-0.171899204828146 -0.0446608393137842 0.292696913425726 0.136729618985576
-0.125797651745488 0.0590550268147626 0.0743040241450992 -0.017572174493657
-0.0334989597896489 0.117937015571694 -0.0405015548647846 0.0930997237677229
0.04861888089376 0.120605304251595 0.13566373813195 0.202503006229341
0.107934486260836 0.0660922654149715 0.299582639613376 0.0576079156675162
0.133569046902993 0.0154895624978723 0.312743266794907 -0.0661278051493761
0.131844480214527 0.0251866174355214 0.284280930384147 -0.0844410707349226
0.112581540865683 0.0406950874466912 0.256916316167757 -0.0565873005446877
0.0861825863085964 0.0798449838999998 0.195687676187882 0.0171118075674824
0.0131340732221202 0.109423582875208 0.106334882742157 0.0919846759641523
-0.0730397632397533 0.0524049725049679 0.00294430729963423 0.060443854180039
-0.079452387246972 -0.0339201227711892 0.0345538136782227 -0.00371888072393559
-0.0647532521165132 -0.0675168476709839 0.107022675406166 0.0650803718240166
-0.0575677566737807 -0.123815429770134 0.195154278067096 0.256163311744705
-0.00773019781598622 -0.0309528963949876 -0.233681258528152 -0.279582203579189
-0.0458696675956485 -0.012343930910145 -0.190860246079561 -0.0358791339448101
-0.0362974171183857 0.0562910896977174 -0.0596565911512812 0.0291769553460624
0.0385904753798053 0.0441198487210882 0.0338650962311706 -0.0185145274637289
0.0570129808560857 -0.00963589870062332 -0.0478289511820372 -0.112913624738813
0.0292766275899603 -0.0396170452943269 -0.187406146282981 -0.0540175085299828
-0.0127642779293856 -0.0403473442339215 -0.269754937286293 0.0249466334417294
-0.0194526271023522 -0.0476179074352884 -0.311087813277531 0.0568972905182853
0.000122079185746962 -0.0420628227750593 -0.328191431417781 0.0362362087061693
0.0325104242522417 -0.0342528241334918 -0.297690005080851 -0.0668138670835922
0.037556754200572 -0.00652458727960697 -0.164301412359325 -0.187407875105404
0.011639575956235 0.0353729103383195 0.0101727424459064 -0.12663433012113
-0.0360620464120692 0.0209177925152549 -0.0705575085955917 -0.029930212174626
-0.0194619367794263 -0.0354090170310475 -0.191184007549894 -0.188338113135262
0.0109311892614135 -0.0275037187468423 -0.163939311301638 -0.535099612429327
-0.0715118060615397 -0.166138711892075 -0.21285211483903 -0.250554828395819
-0.1369408331513 -0.0702200226280135 -0.183293286391188 -0.0457144425531291
-0.12171926616111 0.0696561305797744 -0.0621415116773321 0.0323493781980507
0.0123729107583876 0.115131940501762 0.0390949418705955 -0.00720246556969309
0.104699933989902 0.0689526478542615 -0.0267051935413851 -0.107071663147825
0.124040315625939 -0.00434881282169108 -0.168841452464366 -0.0683439508403494
0.0911711948835719 -0.0494364667004096 -0.251392999001578 0.0020135619383359
0.0959397246824252 -0.0669651781816949 -0.289821824560846 0.030409523420511
0.123868587735585 -0.0487262327974627 -0.301528407845383 0.00813525536636425
0.175342373093705 0.0114413690232578 -0.264533422507744 -0.0805956763010652
0.124797361829136 0.124175240619638 -0.130799427843798 -0.172087635580693
-0.0281945989573068 0.190175498949048 0.0177227326055542 -0.105700186749747
-0.215276180255384 0.0891431589796485 -0.0857138404907742 -0.0134255600189699
-0.208850338336214 -0.136494274581143 -0.188812373550059 -0.176587793737489
-0.104538020009542 -0.234242047139904 -0.141152969613014 -0.491143110341158
-0.133284582025009 -0.285653837695342 -0.17435695353443 -0.177740433751586
-0.2293247431546 -0.121061714645542 -0.158964409854726 -0.0435326806975335
-0.208606705013261 0.0863403283562863 -0.0584016906882939 0.0309182814516254
-0.0154272107815552 0.188729572676208 0.0337691609705394 0.000660121670172474
0.148668377321349 0.148407067849183 -0.00884938805706223 -0.0880155515462731
0.210024718163498 0.033527675311462 -0.128686493841838 -0.0707682878744359
0.186143260249076 -0.0525816234974544 -0.197357124946445 -0.0186420500399467
0.196005270347457 -0.0764578639174333 -0.224594358144357 -0.000201850109714529
0.227698742268569 -0.0475508946426509 -0.227859169247482 -0.0198310094225843
0.293645989309285 0.0549330941042914 -0.19170809014493 -0.0807752599628394
0.198785935135411 0.237428789082961 -0.0808021744768243 -0.133343019214528
-0.062617493179342 0.324779701188459 0.0224046794134181 -0.073309848581031
-0.368627268855428 0.150802407476981 -0.0877989988151433 0.0047168499941276
-0.37367410153769 -0.214047882089535 -0.161401974517329 -0.137392025738233
-0.20288078414985 -0.405270468074834 -0.0942878589747508 -0.377747276630305
-0.188832007242949 -0.376139716466819 -0.112122755319108 -0.0621984138803688
-0.323814294847009 -0.153605983082492 -0.102964355389702 -0.0288551337380683
-0.294775645682842 0.120323666531589 -0.0442087613497832 0.0185382739091284
-0.0352195711099808 0.269436250949541 0.0175021205479682 0.00799478342612639
0.189363360298021 0.221473576403133 0.0120836204356112 -0.0479700689325611
0.27962838879264 0.0671108863323626 -0.0625629635149854 -0.0603840837202366
0.258589279122867 -0.0498103364109642 -0.109021903613554 -0.0384104745017553
0.265505603483897 -0.073008350744534 -0.125134308514467 -0.0307725533408015
0.292600895729672 -0.0367123668761438 -0.120891980034378 -0.0455397113168598
0.363889807362808 0.0867904634588526 -0.0916718666853951 -0.0704222757494377
0.246422870906995 0.310371049942707 -0.016696928663699 -0.0760836371008
-0.0803349520543354 0.40982770387091 0.0284013624770494 -0.0301987386707974
-0.458234150101425 0.194956814747166 -0.0701516268486709 0.0218849270118063
-0.47721494738192 -0.25199692784834 -0.101467985277131 -0.0775544567278595
-0.265454083615542 -0.502839813904633 -0.0262817168491237 -0.218784352044887
-0.222425449237442 -0.420060721874576 -0.026848453704679 0.086805665985632
-0.391264204254939 -0.165475455649911 -0.00834439208782048 -0.00199011271294196
-0.354717617152356 0.152409738599919 -0.0187624852359881 0.00013822342085451
-0.0476968172915121 0.329602121390619 -0.00247472510823223 0.0252548154715839
0.211761507987036 0.269981373564793 0.0448743450191253 0.0135332068924961
0.314825686804599 0.0902332121926236 0.0296940753908051 -0.0376266811499748
0.294468040353258 -0.0420560498243569 0.0025082508979918 -0.05447486908633
0.293279841358985 -0.0588180910634533 -0.00775409264981472 -0.0576824570419421
0.308410465784062 -0.0187685484608544 -0.000373718347742249 -0.0638496943610891
0.370489951691106 0.103122342711935 0.0168916278632241 -0.0538950119141533
0.245451051306568 0.320865394565799 0.0508996823759312 -0.0146216983196331
-0.0839866946147179 0.404654868571579 0.0351902063781704 0.0153598991442439
-0.454310208351748 0.190097567311317 -0.0379336007756984 0.0328707698472795
-0.480262233726312 -0.24531845159146 -0.0248783658139219 -0.0138338734751426
-0.272954199442487 -0.50808415937566 0.0513758010249661 -0.0457852931520411
-0.221624269875688 -0.398188874270189 0.0672059098800334 0.248512694361291
-0.39216177694706 -0.150085322802472 0.108474528955985 0.0372194312846848
-0.34750324637352 0.156628223631039 0.0121791620765006 -0.016973989221647
-0.052573138467429 0.326305110536138 -0.0206816909712513 0.0528729255291676
0.193138836173482 0.27044959887884 0.0854966489950798 0.0867046104148685
0.296227383268198 0.0985775932295165 0.13514681126084 -0.00757779173165461
0.284474866152071 -0.0275755167671514 0.122583345470031 -0.0652293269337911
0.277392376320192 -0.0357547002677222 0.110297106596522 -0.0762802375497012
0.276714709199204 0.00302771930387502 0.111109015617035 -0.0724105376185807
0.310004572382473 0.106037030149526 0.108367863107083 -0.0335331672088555
0.19010785075509 0.272280891933721 0.100743928783058 0.0378992834648013
-0.0838319667588149 0.31372711450069 0.035802869512664 0.0501122544469294
-0.358092769141539 0.127598165016772 -0.00434507116946561 0.0317005477223981
-0.381273418955906 -0.203780115909736 0.0456499290058718 0.035367782237095
-0.228561987312784 -0.428687279000726 0.120011839488358 0.103630883266414
-0.179154766878593 -0.307152320863563 0.147261271147199 0.394575463315633
-0.30855638183327 -0.110789982633212 0.212398133512397 0.0868275277198352
-0.264838211523682 0.114798955602601 0.0447159823731117 -0.0211305636016399
-0.0503026158702189 0.245214361344178 -0.0336257340203826 0.0793265762106616
0.13159805744367 0.215595062364453 0.11908397032423 0.154504884662956
0.2206084412122 0.0902723593832668 0.229260019834183 0.0277844253168175
0.226514508295867 -0.00786481428826962 0.230213832963707 -0.0678574089067972
0.22004649653423 -0.00542113877662618 0.210584200750115 -0.0836205335558872
0.204791977856173 0.0252992658132568 0.19766716857439 -0.0682828592466494
0.203656274414373 0.0975473051739979 0.166389253502547 -0.00844389501260549
0.102176849791808 0.19354027392338 0.11614727825813 0.0720498232542431
-0.0813232267268246 0.177628800906276 0.0239252290945881 0.0638974940092569
-0.21610774880373 0.0397050312401374 0.0199169030282143 0.0180381272148992
-0.220166148566705 -0.14188813205053 0.0875820927793004 0.0615314692051819
-0.146436126522567 -0.28826639005798 0.165792109041278 0.205021512681025
-0.107162557738422 -0.159189256292243 0.196386345580913 0.49803589797833
-0.16522446257746 -0.0470833052881572 0.280494407950852 0.138361644889067
-0.124937697982259 0.054059477090046 0.0737971467140925 -0.0163938257270114
-0.0338345117197013 0.113620736291799 -0.0399431430833557 0.0905664376210279
0.0472937711006975 0.117351474772388 0.13085155975648 0.199462581085346
0.104018140882472 0.0647063345126973 0.28955188806687 0.0593811427292555
0.129077926805558 0.0150088819735679 0.305251383746927 -0.0610445367946814
0.129313358164276 0.0252377477709373 0.279121971137931 -0.0800051474136431
0.109446717040569 0.042175065681314 0.25029500900349 -0.0522926553263551
0.0823475293870163 0.078646061907013 0.18911788630562 0.0182679003873294
0.0125851832691748 0.105180381345128 0.102122442267507 0.0890856622889394
-0.0711056137250178 0.0494469490920746 0.00217708902497407 0.0591131963902152
-0.0766441985972273 -0.0336913094252586 0.0318945118267963 -0.00207035232032884
-0.0617270239849991 -0.0675140003959484 0.10440166015509 0.0664659549404865
-0.0546574084542933 -0.120834219764 0.185544300603413 0.250721533078669
-0.00751269757244261 -0.0306194767702456 -0.226102810638017 -0.287342007183616
-0.0465345766392862 -0.0128599766085043 -0.190984137626299 -0.0399240262778952
-0.037190811692194 0.0566414843606611 -0.0621890755503986 0.0297751905199842
0.037405026690486 0.045927685536086 0.0347000413726042 -0.017809914939101
0.0571201542120301 -0.00766152737642406 -0.0456719935742561 -0.115481409740055
0.0306647616812541 -0.0388187886179504 -0.185683735464687 -0.0581365799543431
-0.0113248751801264 -0.040167315469491 -0.272220280727277 0.019687344171472
-0.0186243603420518 -0.0473630001074523 -0.315910246380667 0.0516292364089193
0.000116512719812544 -0.0427819163650394 -0.332631775330686 0.0289245278018471
0.0341437295316104 -0.034855080296005 -0.297705148481247 -0.0743220434626954
0.0375744873184083 -0.00564373734547232 -0.161325954266523 -0.192012552784394
0.0106350722521742 0.036205316211716 0.0133236834794767 -0.128253526134553
-0.0375380258320544 0.0190073956169924 -0.0695359208301001 -0.0335187747721979
-0.0180827235993362 -0.0359605806936389 -0.188370121541243 -0.198533511039823
0.0118490077584938 -0.026452947720459 -0.147485148493572 -0.540631919819641
-0.0670769322965326 -0.168042550192278 -0.207113932519898 -0.256979076733759
-0.135655979441419 -0.0740007305109258 -0.183644330302908 -0.0494236410779884
-0.123533584582686 0.067050922901814 -0.0646417972331778 0.0324675390115387
0.0091918225257873 0.115073552759555 0.0399075120943394 -0.00628554854262788
0.103581664474573 0.0714541106963059 -0.024011423210734 -0.109524004922804
0.124394400503816 -0.00145362096850561 -0.167085802570957 -0.0720831377761386
0.093506603029892 -0.0459326656410059 -0.25310574502843 -0.00358741442974024
0.0983745775703929 -0.0647000022613084 -0.294215466759698 0.0260728353654194
0.125807902654035 -0.046699284985156 -0.305689162442464 0.000324918378803279
0.176476867059711 0.0145133854774538 -0.264252189963133 -0.0883666721114212
0.122857110287011 0.128368359502322 -0.128125595874365 -0.177337032289384
-0.034003765714884 0.190985378731522 0.0201212126995742 -0.106440454377356
-0.220461289737178 0.0823203266099663 -0.0861020866726585 -0.0158441486314415
-0.207624932673933 -0.143121511263869 -0.184848336003086 -0.184802695072983
-0.0977961000369501 -0.237128454775508 -0.124620567714387 -0.493494849621672
-0.125473431412031 -0.290946019126314 -0.172017344052318 -0.182388221895009
-0.22590738028446 -0.127011743190952 -0.160962863307938 -0.0473639524743
-0.211998983160456 0.0819206167320765 -0.0608987011115146 0.0303339178051997
-0.0209041892657919 0.188981948413286 0.033854910874216 0.000557243438932012
0.146269586508886 0.151865955426691 -0.00603444231714511 -0.0891810116275075
0.210207265373989 0.0376457434327597 -0.127227723816194 -0.0740972149590188
0.188941832355593 -0.047059385421228 -0.197297018709278 -0.0237105106867258
0.200753198513314 -0.0709215276619506 -0.22816088807499 -0.00360673807542464
0.230995943720156 -0.0417461118529473 -0.230696941255859 -0.0260994648395875
0.294788692042004 0.060652861380522 -0.191894649906787 -0.0862218925224759
0.194460111990016 0.243924255776707 -0.0785076793727563 -0.136635071027477
-0.0725066480597758 0.324891111637771 0.0238598485796249 -0.0734180840704884
-0.378020465426244 0.141560134104818 -0.0880398086235926 0.00421593839291738
-0.371569287959761 -0.227850686724325 -0.156873450945427 -0.142942411431541
-0.192254507769582 -0.411077404354727 -0.0808837462898561 -0.379082496059427
-0.177436484685666 -0.384053726072991 -0.113397045455504 -0.0653948574904632
-0.32083424672929 -0.164147976717971 -0.105428456524655 -0.030180010804332
-0.300553398902271 0.112817792138864 -0.0458363122673846 0.0178809988648751
-0.043021013120339 0.269640987033119 0.017732919218745 0.00780553652502385
0.185669213808973 0.225992030523447 0.0154967017891698 -0.0492091842119551
0.279186981019918 0.0730614377150377 -0.0622066602447624 -0.0619289452528915
0.261861985451801 -0.042580310497213 -0.108393483058021 -0.0418527816198432
0.271150288179639 -0.0666787748428299 -0.127065040098518 -0.0323355078166999
0.296401564722604 -0.0295263388514831 -0.122572695643013 -0.0488046821555172
0.365120884369107 0.093749688182285 -0.0914433055841254 -0.0734725246188578
0.239863318694619 0.317584152269523 -0.0147523864460936 -0.0782927546389982
-0.0917246312597421 0.408582519000871 0.0285414398160653 -0.0293885609669687
-0.46972638819887 0.182419967803628 -0.0719246654020034 0.0234300747683508
-0.47494176076976 -0.268407091581958 -0.097867632876926 -0.0809682669578185
-0.252191060041119 -0.512081750466233 -0.0161965132403867 -0.216510101100085
-0.210104281985496 -0.430818023700209 -0.0329110118076488 0.0863974118995437
-0.387103798688684 -0.177216473831927 -0.0115016840726393 -0.00101264531637518
-0.360818732614618 0.142000394083858 -0.0201209786903635 -0.000902986646336928
-0.0574910401714945 0.328138250837135 -0.00309292096288514 0.0246174858002495
0.207540542413173 0.275671480806075 0.0469997145656646 0.01371914668348
0.313877585423849 0.0972786645641078 0.0301167019724488 -0.0372948960438515
0.297760777878983 -0.0342438128652461 0.00469992546776251 -0.0547523024330488
0.29970583366293 -0.0510186756828731 -0.00708802101600003 -0.0571760773188345
0.312954081565574 -0.0103919462929239 -0.000131277179424538 -0.0651289486628973
0.370560561845901 0.110989903129811 0.0168127857564174 -0.0542411062621319
0.241066536882966 0.326326739972863 0.0515106965065943 -0.0150733372840891
-0.0951144750087144 0.405796879037402 0.0344568148842376 0.0174547120937369
-0.463961950883617 0.180274997035236 -0.040346054406638 0.0355407805757034
-0.477381848205751 -0.261203232889645 -0.0210448963567995 -0.0141029593277832
-0.261696966477731 -0.518075911992681 0.0562004536778339 -0.0413322407608491
-0.209934271728858 -0.409203136975695 0.0571252384458936 0.251376229788927
-0.389635071906258 -0.163484178883482 0.104817750666537 0.0419112166339245
-0.357243978151228 0.14722435754466 0.0124486605289417 -0.0172489437346509
-0.0620737906766201 0.326428540206254 -0.0220966519545435 0.0520817674093119
0.188728937860543 0.275632883533725 0.0868889786323952 0.08902573987125
0.29535201708155 0.105305402838451 0.134680863872333 -0.00367961770835012
0.287306708665641 -0.0211226406451996 0.125797150181351 -0.0632098966551342
0.282764232506374 -0.0283728198172017 0.112827903622745 -0.0738799071407839
0.27973149972965 0.0105647712092168 0.112672933993223 -0.0703216312915801
0.309243939838616 0.111819987845887 0.108803197698314 -0.03087092945795
0.186067664271559 0.276893682711256 0.0997164783342605 0.0384322030768821
-0.092122552856691 0.312459310790778 0.0343874780503278 0.0518548795821091
-0.364968564038124 0.120176097381966 -0.0061435858579335 0.0355900027313073
-0.375999884123354 -0.216698163406473 0.0474604436291288 0.0387442916862409
-0.215264522363929 -0.43695360474233 0.119095454924806 0.109615726601829
-0.170504014038837 -0.316773801673436 0.133487670447758 0.400739016162733
-0.305746302620737 -0.12067352166772 0.209011038132276 0.0941615501358708
-0.271806627058179 0.107099495421363 0.0464778982099585 -0.0211183598834169
-0.0573202109565098 0.244522003544706 -0.0359388218842239 0.0785929376142728
0.128365475611029 0.219258554743948 0.11818718421061 0.158877960650225
0.219295844933367 0.0953373338833413 0.228828267707162 0.0328267821585405
0.228053846936623 -0.00233587115049767 0.234244108717297 -0.0633577800530104
0.223912619697914 -0.000595765662959444 0.215670525281159 -0.0800256154284278
0.207266747875731 0.0308736006405599 0.200389642349851 -0.0646257049778728
0.202477713897586 0.102311422878318 0.166667615541142 -0.00465970599468478
0.0991009129043434 0.194797282251227 0.114675640754455 0.0733804134390074
-0.0859580715239779 0.175635619603663 0.0219850967467738 0.0655755398130372
-0.218868003867347 0.0350946290185693 0.0179299330162067 0.0213086170294097
-0.217790267964302 -0.148302815046363 0.0892358863698576 0.065764075678237
-0.139428022771504 -0.292527488692409 0.160835041123378 0.210623852586718
-0.102232957430047 -0.165080449542355 0.180006008194817 0.507107355821485
-0.164617960540625 -0.0531147701502525 0.276747139111342 0.148005460315601
-0.129608816693144 0.0491382153774051 0.0758649839115673 -0.0155369774596603
-0.0375860754548331 0.112423977077303 -0.0426270152229495 0.0896859054817009
0.0451861631716848 0.117856168969928 0.128907791049698 0.204113404254159
0.102720048343384 0.0674342980153864 0.289517536337113 0.0666212478609098
0.128903238192692 0.0177940660176678 0.30997920292534 -0.0544451367868691
0.130870356901312 0.0285008640839745 0.285288405882132 -0.0748832703944482
0.110415770208978 0.0457589934048168 0.253637813051448 -0.0456868273687365
0.0803612316565118 0.0811588516169265 0.188585997296276 0.0229634428903217
0.0106396623164554 0.105099091357663 0.100556725401855 0.0910558655343242
-0.072203286450857 0.047673031240653 0.000795990177632345 0.059519655145429
-0.0762060884678611 -0.0349822643863905 0.0309421025457864 0.000185985789146629
-0.0602268844171967 -0.0698848282153032 0.105502762026854 0.0708183874794479
-0.0517578364735446 -0.123289058133597 0.179015532755613 0.256032541798286
