TRXV5
3
4
4
9
string Extension=J
integer IsArchMeasurement=1
integer IsSpherical=1
string Generator=SPM
string GeneratorVersion=1.3.1 Dev
double ArchRadius=0.449999988079071
integer FrequencyAxisIndex=0
integer AzimuthAxisIndex=1
integer ElevationAxisIndex=2
Frequency
5 136 690000000 960000000 LIN
Azimuth
7 8 0 2.74889357189107 LIN
Elevation
7 15 -2.74889357189107 2.74889357189107 LIN
Polar H Real Part
13
Polar H Imaginary Part
14
Polar V Real Part
13
Polar V Imaginary Part
14
Polar H Magnitude (dB)
12 0xC0000002 0 1
Polar H Phase
7 0xC0000003 0 1
Polar V Magnitude (dB)
12 0xC0000002 2 3
Polar V Phase
7 0xC0000003 2 3
0.135498046875 -0.06256103515625 0.37750244140625 -0.021270751953125
0.0705108642578125 -0.13726806640625 0.189712524414063 -0.106765747070313
-0.0759124755859375 -0.0898056030273438 -0.0841751098632813 -0.03265380859375
-0.0992813110351563 -0.00222778320312501 -0.086029052734375 0.169097900390625
-0.0669898986816406 0.0317153930664063 0.0693359375 0.237869262695313
-0.0477561950683594 0.0610160827636719 0.243545532226562 0.213119506835938
-0.0178718566894531 0.0640144348144531 0.35736083984375 0.107757568359375
-0.0369415283203125 0.055084228515625 0.373565673828125 0.044342041015625
-0.0623283386230469 0.0502738952636719 0.34051513671875 0.068084716796875
-0.0777664184570313 0.0177230834960938 0.259017944335938 0.14178466796875
-0.0633773803710938 -0.0375518798828125 0.150527954101562 0.1529541015625
-0.0268707275390625 -0.07659912109375 0.053955078125 0.112396240234375
0.0679931640625 -0.0793075561523437 0.09417724609375 0.0428466796875
0.157485961914062 -0.01312255859375 0.345001220703125 0.08612060546875
0.171539306640625 0.066375732421875 0.422882080078125 0.382659912109375
-0.0716705322265625 -0.165451049804687 0.385955810546875 -0.037139892578125
-0.131698608398438 -0.165420532226563 0.194564819335938 -0.115859985351563
-0.219940185546875 -0.03436279296875 -0.051300048828125 -0.0452194213867188
-0.182205200195313 0.118865966796875 -0.0560302734375 0.1376953125
-0.06463623046875 0.1624755859375 0.0768890380859375 0.189010620117188
0.0464019775390625 0.178176879882813 0.240921020507813 0.172576904296875
0.110176086425781 0.128265380859375 0.335235595703125 0.069244384765625
0.0785903930664062 0.113121032714844 0.349884033203125 0.00881958007812501
0.0675277709960938 0.123001098632813 0.3271484375 0.034454345703125
0.02801513671875 0.128440856933594 0.262771606445313 0.1175537109375
-0.0272598266601563 0.100540161132813 0.160858154296875 0.128494262695313
-0.0628814697265625 0.0722274780273438 0.0818710327148438 0.100105285644531
-0.0757598876953125 0.0140533447265625 0.148956298828125 0.0506744384765625
-0.052734375 -0.0190505981445312 0.381744384765625 0.113922119140625
-0.0510368347167969 -0.0106887817382813 0.45098876953125 0.412628173828125
-0.272384643554688 -0.234161376953125 0.33697509765625 -0.07806396484375
-0.318389892578125 -0.15338134765625 0.163604736328125 -0.129364013671875
-0.32891845703125 0.04119873046875 -0.0236625671386719 -0.052276611328125
-0.226058959960938 0.2281494140625 -0.02008056640625 0.0930557250976563
-0.0452423095703125 0.270172119140625 0.0783462524414063 0.117362976074219
0.136489868164063 0.2659912109375 0.206741333007813 0.1046142578125
0.222198486328125 0.170867919921875 0.262680053710937 0.0188446044921875
0.182601928710938 0.154632568359375 0.272216796875 -0.0302581787109375
0.188812255859375 0.181396484375 0.264236450195313 -0.00637817382812499
0.129486083984375 0.2296142578125 0.227005004882812 0.0714874267578125
0.00723266601562502 0.234466552734375 0.15130615234375 0.07818603515625
-0.103652954101562 0.217575073242188 0.107383728027344 0.069366455078125
-0.224502563476563 0.099273681640625 0.196990966796875 0.056182861328125
-0.262680053710938 -0.035614013671875 0.372039794921875 0.13897705078125
-0.26806640625 -0.09637451171875 0.4091796875 0.4053955078125
-0.4417724609375 -0.254486083984375 0.2362060546875 -0.12493896484375
-0.464385986328125 -0.0951232910156249 0.102935791015625 -0.131523132324219
-0.38775634765625 0.135406494140625 0.000801086425781231 -0.0517768859863281
-0.22515869140625 0.32073974609375 0.0150871276855469 0.0360870361328125
-0.00515747070312498 0.34002685546875 0.0653266906738281 0.0317497253417969
0.21502685546875 0.308349609375 0.141693115234375 0.0257415771484375
0.30242919921875 0.18585205078125 0.151809692382813 -0.031280517578125
0.257949829101563 0.172866821289063 0.1524658203125 -0.0644683837890625
0.281585693359375 0.213226318359375 0.15740966796875 -0.04901123046875
0.2086181640625 0.300201416015625 0.153060913085937 0.00842285156250002
0.035308837890625 0.339202880859375 0.117942810058594 0.00580596923828127
-0.137939453125 0.335784912109375 0.122901916503906 0.0193862915039063
-0.34942626953125 0.16455078125 0.224517822265625 0.0514373779296875
-0.43450927734375 -0.056488037109375 0.313140869140625 0.152069091796875
-0.44244384765625 -0.1695556640625 0.305908203125 0.35589599609375
-0.549774169921875 -0.232086181640625 0.092742919921875 -0.165664672851563
-0.548370361328125 -0.0169982910156249 0.0194625854492187 -0.113410949707031
-0.39044189453125 0.222076416015625 0.0171356201171875 -0.0433158874511719
-0.184326171875 0.375762939453125 0.037628173828125 -0.0248260498046875
0.04547119140625 0.3609619140625 0.0341644287109375 -0.0535202026367187
0.268829345703125 0.303375244140625 0.0521278381347656 -0.0495986938476562
0.3382568359375 0.169097900390625 0.017822265625 -0.0715560913085937
0.2943115234375 0.164947509765625 0.00857543945312502 -0.0885772705078125
0.327911376953125 0.214263916015625 0.0232772827148438 -0.0889968872070312
0.250579833984375 0.3204345703125 0.0523872375488281 -0.0651817321777344
0.053619384765625 0.384613037109375 0.0653839111328125 -0.0792617797851562
-0.1502685546875 0.39410400390625 0.122520446777344 -0.04266357421875
-0.415191650390625 0.197998046875 0.226547241210937 0.037841796875
-0.53253173828125 -0.0700683593749999 0.208999633789062 0.146652221679688
-0.545257568359375 -0.2135009765625 0.15692138671875 0.26898193359375
-0.5758056640625 -0.1849365234375 -0.07452392578125 -0.195480346679687
-0.553558349609375 0.0516052246093749 -0.0756378173828126 -0.0811691284179687
-0.34423828125 0.270355224609375 0.0202484130859375 -0.0297222137451172
-0.12164306640625 0.37677001953125 0.0421218872070313 -0.0806808471679687
0.087860107421875 0.3309326171875 -0.0147781372070313 -0.123245239257812
0.282135009765625 0.253448486328125 -0.0503158569335937 -0.106597900390625
0.32568359375 0.1290283203125 -0.119354248046875 -0.0941314697265624
0.283935546875 0.13201904296875 -0.135772705078125 -0.0981216430664063
0.3189697265625 0.182220458984375 -0.114006042480469 -0.119316101074219
0.24859619140625 0.284393310546875 -0.05413818359375 -0.136512756347656
0.063323974609375 0.35675048828125 0.0071868896484375 -0.158706665039062
-0.132965087890625 0.374725341796875 0.109169006347656 -0.102043151855469
-0.396270751953125 0.19488525390625 0.200149536132812 0.0195159912109375
-0.529541015625 -0.0668945312500001 0.07977294921875 0.126571655273438
-0.55841064453125 -0.215606689453125 -0.0117645263671875 0.162185668945313
-0.511505126953125 -0.125396728515625 -0.237716674804688 -0.221023559570313
-0.475830078125 0.0834045410156251 -0.169967651367188 -0.0516815185546875
-0.263031005859375 0.253982543945313 0.00552463531494139 -0.0140876770019531
-0.0587158203125 0.316009521484375 0.0275115966796875 -0.120231628417969
0.106124877929688 0.2579345703125 -0.0684356689453125 -0.166351318359375
0.2489013671875 0.175491333007813 -0.14886474609375 -0.1380615234375
0.263336181640625 0.072052001953125 -0.238250732421875 -0.098907470703125
0.229873657226562 0.079803466796875 -0.25860595703125 -0.09423828125
0.254837036132813 0.1177978515625 -0.23150634765625 -0.135498046875
0.206207275390625 0.192413330078125 -0.144638061523438 -0.190536499023437
0.0655670166015625 0.257034301757813 -0.041839599609375 -0.213790893554688
-0.08197021484375 0.282958984375 0.091583251953125 -0.143112182617187
-0.293121337890625 0.161865234375 0.1563720703125 0.00488281250000001
-0.427459716796875 -0.0396728515625 -0.0470123291015625 0.099609375
-0.484954833984375 -0.167724609375 -0.169967651367188 0.0556182861328125
-0.3651123046875 -0.0619506835937501 -0.37158203125 -0.249359130859375
-0.3260498046875 0.077392578125 -0.251144409179688 -0.0406036376953125
-0.158401489257812 0.185226440429688 -0.0253505706787109 -0.00163078308105468
-0.00808715820312499 0.207931518554688 -0.000511169433593757 -0.137802124023438
0.095703125 0.152175903320313 -0.115509033203125 -0.18255615234375
0.172866821289062 0.080718994140625 -0.2276611328125 -0.145721435546875
0.16033935546875 0.0111541748046875 -0.32244873046875 -0.086029052734375
0.139083862304688 0.01629638671875 -0.341156005859375 -0.076202392578125
0.15252685546875 0.03399658203125 -0.3060302734375 -0.13153076171875
0.135162353515625 0.0675888061523438 -0.201553344726562 -0.215240478515625
0.068023681640625 0.117149353027344 -0.070526123046875 -0.233871459960938
-0.004730224609375 0.152572631835938 0.0746307373046875 -0.157272338867188
-0.138031005859375 0.122154235839844 0.1075439453125 0.000556945800781257
-0.262435913085937 0.0156402587890625 -0.143814086914063 0.0780792236328125
-0.347198486328125 -0.0781860351562501 -0.291107177734375 -0.0250244140625
0.140655517578125 -0.0872650146484375 0.373291015625 -0.067962646484375
0.055145263671875 -0.163131713867188 0.17626953125 -0.134780883789063
-0.09619140625 -0.0898818969726563 -0.0922622680664063 -0.0284194946289063
-0.1114501953125 0.0119247436523438 -0.075164794921875 0.177169799804687
-0.0709762573242187 0.0482254028320313 0.0875091552734375 0.233612060546875
-0.0410308837890625 0.0790328979492187 0.264053344726563 0.195236206054688
-0.007354736328125 0.07879638671875 0.368377685546875 0.074005126953125
-0.0295486450195313 0.0716171264648438 0.379119873046875 0.00585937500000001
-0.057342529296875 0.0711135864257813 0.350189208984375 0.032684326171875
-0.0836715698242188 0.036041259765625 0.274948120117188 0.116989135742188
-0.0784149169921875 -0.0295333862304687 0.169967651367188 0.14105224609375
-0.044464111328125 -0.0803375244140625 0.0702285766601563 0.112571716308594
0.0620498657226563 -0.0988693237304688 0.0977630615234375 0.0452041625976563
0.17041015625 -0.04046630859375 0.346588134765625 0.0611572265625
0.196243286132812 0.0435943603515625 0.44732666015625 0.349517822265625
-0.0768890380859375 -0.171142578125 0.383056640625 -0.0875244140625
-0.149017333984375 -0.171173095703125 0.182632446289063 -0.1470947265625
-0.234237670898438 -0.0215301513671875 -0.0601959228515625 -0.0468902587890625
-0.1826171875 0.139617919921875 -0.0471725463867188 0.140174865722656
-0.0565643310546875 0.177780151367188 0.0918426513671875 0.18017578125
0.0637054443359375 0.185958862304688 0.25567626953125 0.1488037109375
0.126625061035156 0.128715515136719 0.339599609375 0.033355712890625
0.0922164916992187 0.116584777832031 0.34918212890625 -0.03204345703125
0.0793380737304688 0.129188537597656 0.333343505859375 -0.00479125976562499
0.0344619750976563 0.13543701171875 0.27874755859375 0.0880126953125
-0.0277786254882813 0.104377746582031 0.181793212890625 0.111572265625
-0.0636749267578125 0.0715866088867187 0.1015625 0.096710205078125
-0.0709686279296875 0.0081024169921875 0.15789794921875 0.0467529296875
-0.0409011840820312 -0.0256195068359375 0.39080810546875 0.08544921875
-0.0345058441162109 -0.0113372802734375 0.4840087890625 0.37939453125
-0.285186767578125 -0.2177734375 0.336822509765625 -0.126129150390625
-0.3328857421875 -0.13983154296875 0.152999877929687 -0.15985107421875
-0.334625244140625 0.063751220703125 -0.0327911376953125 -0.0594558715820313
-0.2138671875 0.251663208007813 -0.0144119262695313 0.089935302734375
-0.025360107421875 0.282012939453125 0.08697509765625 0.104110717773438
0.162155151367188 0.260787963867188 0.21405029296875 0.079315185546875
0.241836547851563 0.158004760742187 0.260513305664063 -0.012969970703125
0.200347900390625 0.14508056640625 0.266250610351563 -0.0667572021484375
0.2081298828125 0.171630859375 0.264404296875 -0.0429840087890625
0.14898681640625 0.224075317382813 0.240432739257813 0.041595458984375
0.02191162109375 0.23577880859375 0.169387817382813 0.0590972900390625
-0.0885162353515625 0.222518920898437 0.127372741699219 0.0616912841796875
-0.21160888671875 0.108688354492187 0.21002197265625 0.045501708984375
-0.255767822265625 -0.021087646484375 0.3870849609375 0.1104736328125
-0.263092041015625 -0.07489013671875 0.448516845703125 0.376861572265625
-0.458038330078125 -0.21746826171875 0.235824584960937 -0.166107177734375
-0.471221923828125 -0.0614013671875001 0.0945281982421875 -0.157028198242188
-0.3804931640625 0.163482666015625 -0.00800323486328127 -0.0629920959472656
-0.200592041015625 0.34234619140625 0.0148181915283203 0.0289688110351563
0.022125244140625 0.343597412109375 0.0664176940917969 0.0171051025390625
0.244293212890625 0.29083251953125 0.14093017578125 0.00148010253906252
0.320953369140625 0.158538818359375 0.1429443359375 -0.0545654296875
0.276779174804688 0.152069091796875 0.141098022460938 -0.0904083251953125
0.3050537109375 0.191009521484375 0.151840209960938 -0.078033447265625
0.23785400390625 0.2822265625 0.161758422851563 -0.0184783935546875
0.063262939453125 0.337493896484375 0.130340576171875 -0.013458251953125
-0.109161376953125 0.34716796875 0.139373779296875 0.00754547119140627
-0.331634521484375 0.1881103515625 0.241256713867187 0.035552978515625
-0.435577392578125 -0.0224609374999999 0.3359375 0.1285400390625
-0.450439453125 -0.130584716796875 0.345001220703125 0.337158203125
-0.56903076171875 -0.17950439453125 0.092742919921875 -0.193954467773438
-0.547088623046875 0.0333251953125 0.0153961181640625 -0.131629943847656
-0.370452880859375 0.254547119140625 0.0096931457519531 -0.0578727722167969
-0.148956298828125 0.391510009765625 0.0333976745605469 -0.0358047485351562
0.080352783203125 0.355438232421875 0.0280838012695313 -0.0671463012695312
0.29620361328125 0.274017333984375 0.0435638427734375 -0.06842041015625
0.35443115234375 0.1341552734375 0.00431823730468752 -0.0832061767578125
0.31121826171875 0.136474609375 -0.00550842285156249 -0.100212097167969
0.35125732421875 0.18048095703125 0.0120391845703125 -0.105064392089844
0.284759521484375 0.2945556640625 0.0529098510742188 -0.0842666625976562
0.09130859375 0.380706787109375 0.0684738159179688 -0.0963287353515625
-0.112152099609375 0.407928466796875 0.132942199707031 -0.0578765869140625
-0.394439697265625 0.23236083984375 0.242950439453125 0.0177001953125
-0.538238525390625 -0.02294921875 0.232711791992187 0.131637573242187
-0.56390380859375 -0.161376953125 0.191452026367187 0.263900756835938
-0.5965576171875 -0.1243896484375 -0.0728454589843751 -0.205032348632813
-0.548309326171875 0.109771728515625 -0.0730514526367188 -0.0895767211914063
-0.317230224609375 0.30157470703125 0.0166702270507812 -0.0445213317871094
-0.0794677734375 0.38739013671875 0.0333786010742187 -0.0926513671875
0.124237060546875 0.31927490234375 -0.0262832641601562 -0.131721496582031
0.3070068359375 0.21881103515625 -0.0641098022460938 -0.114326477050781
0.337127685546875 0.089447021484375 -0.134223937988281 -0.0918960571289063
0.29705810546875 0.099609375 -0.150543212890625 -0.0943450927734375
0.336944580078125 0.143218994140625 -0.12872314453125 -0.120643615722656
0.279998779296875 0.25286865234375 -0.06195068359375 -0.14569091796875
0.10137939453125 0.348785400390625 0.000579833984374993 -0.171463012695312
-0.091522216796875 0.38824462890625 0.112388610839844 -0.117843627929687
-0.373992919921875 0.23077392578125 0.214981079101562 -0.00224304199218749
-0.53802490234375 -0.0153808593749999 0.102279663085937 0.123199462890625
-0.58404541015625 -0.1568603515625 0.012847900390625 0.172653198242188
-0.53131103515625 -0.070404052734375 -0.238525390625 -0.21343994140625
-0.470001220703125 0.139862060546875 -0.162918090820313 -0.048187255859375
-0.235015869140625 0.286285400390625 0.00486564636230467 -0.0269241333007812
-0.01947021484375 0.323577880859375 0.0147705078125 -0.129280090332031
0.138229370117187 0.24261474609375 -0.0847015380859375 -0.167556762695313
0.268218994140625 0.139755249023438 -0.164901733398437 -0.133331298828125
0.267974853515625 0.0348358154296875 -0.251998901367187 -0.0808258056640625
0.237518310546875 0.0489959716796875 -0.27197265625 -0.0745086669921875
0.267608642578125 0.08154296875 -0.247512817382812 -0.12164306640625
0.22821044921875 0.161697387695312 -0.159210205078125 -0.188705444335938
0.096282958984375 0.24615478515625 -0.05517578125 -0.220809936523437
-0.044342041015625 0.289581298828125 0.088165283203125 -0.157913208007812
-0.27056884765625 0.192428588867187 0.167892456054687 -0.0125732421875
-0.434906005859375 0.00985717773437493 -0.0279312133789063 0.109107971191406
-0.50921630859375 -0.111328125 -0.1563720703125 0.0819549560546875
-0.383819580078125 -0.0211181640625001 -0.378173828125 -0.225250244140625
-0.32537841796875 0.122955322265625 -0.244720458984375 -0.0264892578125
-0.139785766601563 0.211807250976563 -0.0246086120605469 -0.0097370147705078
0.021697998046875 0.213729858398438 -0.0161285400390625 -0.143890380859375
0.120330810546875 0.1392822265625 -0.13507080078125 -0.175567626953125
0.185760498046875 0.0518646240234375 -0.242919921875 -0.128707885742187
0.159652709960938 -0.018218994140625 -0.33355712890625 -0.0565185546875
0.139846801757813 -0.007781982421875 -0.3504638671875 -0.0449829101562499
0.154861450195313 0.006439208984375 -0.321014404296875 -0.106719970703125
0.14459228515625 0.04107666015625 -0.218978881835937 -0.203323364257813
0.0866546630859375 0.102386474609375 -0.0880126953125 -0.235015869140625
0.0219879150390625 0.15069580078125 0.0673370361328125 -0.16845703125
-0.115997314453125 0.14141845703125 0.11566162109375 -0.0107879638671875
-0.263870239257813 0.0538177490234375 -0.129508972167969 0.09967041015625
-0.36566162109375 -0.0306091308593749 -0.28851318359375 0.014801025390625
0.135292053222656 -0.112297058105469 0.346038818359375 -0.108154296875
0.031646728515625 -0.181732177734375 0.150894165039063 -0.15484619140625
-0.115249633789063 -0.081634521484375 -0.0978851318359375 -0.0223159790039063
-0.118675231933594 0.028106689453125 -0.06329345703125 0.1785888671875
-0.0699005126953125 0.0646858215332031 0.101028442382812 0.220657348632813
-0.02825927734375 0.0939712524414062 0.27154541015625 0.169891357421875
0.0083465576171875 0.0892562866210938 0.361236572265625 0.040496826171875
-0.0161209106445312 0.0830612182617187 0.364044189453125 -0.030059814453125
-0.0445327758789062 0.088775634765625 0.340972900390625 -0.00112915039062499
-0.08221435546875 0.0564041137695312 0.275665283203125 0.08758544921875
-0.0902175903320313 -0.0163116455078125 0.180862426757813 0.121383666992188
-0.0620574951171875 -0.0771942138671875 0.0843276977539063 0.107551574707031
0.0489273071289062 -0.114898681640625 0.100532531738281 0.0473403930664062
0.172073364257813 -0.071044921875 0.333831787109375 0.040740966796875
0.2100830078125 0.012847900390625 0.4495849609375 0.31201171875
-0.08001708984375 -0.17352294921875 0.358306884765625 -0.1307373046875
-0.16387939453125 -0.171401977539063 0.15631103515625 -0.16973876953125
-0.241683959960938 -0.00680541992187503 -0.0683975219726563 -0.0456581115722656
-0.175338745117187 0.157363891601563 -0.0388717651367188 0.137893676757813
-0.0441741943359375 0.187835693359375 0.099945068359375 0.165237426757813
0.0800323486328125 0.18548583984375 0.256484985351563 0.120803833007813
0.140205383300781 0.123329162597656 0.325592041015625 0.00225830078125001
0.104591369628906 0.115303039550781 0.328765869140625 -0.068145751953125
0.0919265747070313 0.130744934082031 0.31884765625 -0.04083251953125
0.040496826171875 0.139205932617188 0.278762817382813 0.053955078125
-0.0290679931640625 0.106697082519531 0.192230224609375 0.08758544921875
-0.0662078857421875 0.0685691833496094 0.116744995117188 0.0869216918945312
-0.0677833557128906 -0.00114059448242189 0.1624755859375 0.0405120849609375
-0.029510498046875 -0.0373077392578125 0.3826904296875 0.05645751953125
-0.016571044921875 -0.0190773010253906 0.49371337890625 0.333770751953125
-0.28472900390625 -0.19879150390625 0.31317138671875 -0.16796875
-0.3355712890625 -0.12261962890625 0.128860473632812 -0.182205200195313
-0.328216552734375 0.081298828125 -0.04296875 -0.0619239807128906
-0.194686889648438 0.26531982421875 -0.0120162963867188 0.0845108032226563
-0.00579833984375002 0.281494140625 0.0873184204101563 0.088714599609375
0.179168701171875 0.246261596679687 0.207595825195313 0.0522918701171875
0.251327514648438 0.139251708984375 0.242889404296875 -0.0410919189453125
0.209915161132812 0.13079833984375 0.24267578125 -0.096771240234375
0.218170166015625 0.156463623046875 0.24737548828125 -0.0762786865234375
0.160354614257813 0.210418701171875 0.238525390625 0.00755310058593751
0.0329132080078125 0.227920532226563 0.17718505859375 0.034149169921875
-0.0739288330078125 0.217498779296875 0.1417236328125 0.0472869873046875
-0.193832397460938 0.108596801757813 0.216018676757813 0.0315093994140625
-0.238922119140625 -0.012237548828125 0.3865966796875 0.080718994140625
-0.244827270507813 -0.058990478515625 0.465850830078125 0.334228515625
-0.45220947265625 -0.177581787109375 0.217361450195312 -0.20166015625
-0.45831298828125 -0.0311889648437501 0.0756683349609375 -0.176513671875
-0.35968017578125 0.18194580078125 -0.0191154479980469 -0.0701217651367187
-0.16998291015625 0.347076416015625 0.0123939514160156 0.0211372375488281
0.046112060546875 0.331939697265625 0.0603294372558594 0.0024528503417969
0.258590698242188 0.263626098632813 0.12738037109375 -0.0195541381835937
0.32415771484375 0.12945556640625 0.124282836914063 -0.0725479125976562
0.28173828125 0.127105712890625 0.11834716796875 -0.10968017578125
0.3114013671875 0.16217041015625 0.133651733398438 -0.102394104003906
0.252883911132813 0.25457763671875 0.157623291015625 -0.045867919921875
0.085174560546875 0.32073974609375 0.134201049804688 -0.0356521606445312
-0.07806396484375 0.339447021484375 0.14990234375 -0.00900268554687498
-0.3031005859375 0.199127197265625 0.248458862304688 0.0157012939453125
-0.41632080078125 0.00421142578124995 0.34124755859375 0.10003662109375
-0.43414306640625 -0.093597412109375 0.36834716796875 0.3038330078125
-0.55816650390625 -0.125946044921875 0.08367919921875 -0.217498779296875
-0.519012451171875 0.0743103027343749 0.00625610351562496 -0.146697998046875
-0.33660888671875 0.27056884765625 -0.000667572021484398 -0.0675125122070312
-0.110931396484375 0.388885498046875 0.0257606506347656 -0.0439376831054687
0.103973388671875 0.33416748046875 0.01708984375 -0.07708740234375
0.30584716796875 0.2359619140625 0.0278701782226563 -0.0805892944335937
0.349884033203125 0.096893310546875 -0.01165771484375 -0.0873947143554688
0.31256103515625 0.10430908203125 -0.023590087890625 -0.105827331542969
0.353851318359375 0.141082763671875 -0.00425720214843747 -0.115676879882812
0.30023193359375 0.257171630859375 0.0458602905273438 -0.101806640625
0.119415283203125 0.358367919921875 0.0656585693359375 -0.112655639648437
-0.0728759765625 0.4005126953125 0.137489318847656 -0.0751266479492187
-0.35748291015625 0.25048828125 0.24969482421875 -0.00633239746093748
-0.518218994140625 0.0180664062500001 0.246749877929687 0.109909057617188
-0.55023193359375 -0.10821533203125 0.216415405273438 0.244613647460938
-0.58404541015625 -0.065673828125 -0.0729980468750001 -0.214950561523438
-0.514007568359375 0.1566162109375 -0.07171630859375 -0.0973663330078125
-0.275299072265625 0.316741943359375 0.00841903686523436 -0.0569076538085937
-0.039703369140625 0.37713623046875 0.0215072631835938 -0.0990982055664062
0.147247314453125 0.290557861328125 -0.0398712158203125 -0.134170532226562
0.310577392578125 0.175750732421875 -0.0783538818359375 -0.116233825683594
0.326141357421875 0.050994873046875 -0.14459228515625 -0.0829925537109375
0.292510986328125 0.0653076171875 -0.161941528320312 -0.0853424072265625
0.335418701171875 0.102447509765625 -0.141372680664063 -0.116607666015625
0.29290771484375 0.211273193359375 -0.0711517333984375 -0.150405883789063
0.12890625 0.32391357421875 -0.008392333984375 -0.178985595703125
-0.049468994140625 0.377716064453125 0.109306335449219 -0.132736206054687
-0.33428955078125 0.25140380859375 0.21881103515625 -0.0254364013671875
-0.51898193359375 0.032958984375 0.120658874511719 0.11065673828125
-0.5733642578125 -0.09429931640625 0.0405120849609374 0.171600341796875
-0.522796630859375 -0.0145263671875 -0.229721069335938 -0.205551147460938
-0.438446044921875 0.18743896484375 -0.151626586914063 -0.0485382080078125
-0.196868896484375 0.300201416015625 -6.86645507812623E-05 -0.039215087890625
0.01751708984375 0.311798095703125 -0.000442504882812511 -0.131782531738281
0.159454345703125 0.214141845703125 -0.0980072021484375 -0.160385131835938
0.268600463867188 0.099365234375 -0.174606323242187 -0.12445068359375
0.254074096679688 0.0003509521484375 -0.255386352539063 -0.0606689453125
0.228240966796875 0.0180206298828125 -0.273910522460937 -0.0531005859375001
0.259689331054688 0.0450439453125 -0.254226684570313 -0.104034423828125
0.233047485351562 0.123764038085938 -0.168563842773438 -0.180801391601562
0.118240356445313 0.2216796875 -0.0687408447265625 -0.219528198242187
-0.00897216796874998 0.278396606445313 0.0794219970703125 -0.167449951171875
-0.234405517578125 0.209487915039063 0.17041015625 -0.03271484375
-0.4169921875 0.054168701171875 -0.00679779052734378 0.109725952148438
-0.502655029296875 -0.0505676269531249 -0.130615234375 0.0999832153320312
-0.382965087890625 0.024627685546875 -0.365509033203125 -0.201629638671875
-0.304931640625 0.162628173828125 -0.22784423828125 -0.0184326171875
-0.111648559570312 0.226531982421875 -0.026611328125 -0.0192470550537109
0.0511474609375 0.20562744140625 -0.032073974609375 -0.142257690429688
0.137100219726563 0.116386413574219 -0.147216796875 -0.160415649414063
0.184005737304688 0.020233154296875 -0.247512817382812 -0.107086181640625
0.145492553710938 -0.0445404052734375 -0.32794189453125 -0.0262145996093749
0.128776550292969 -0.0306243896484375 -0.344146728515625 -0.0138549804687499
0.143295288085938 -0.0190277099609375 -0.321563720703125 -0.0794677734375
0.141006469726563 0.0124053955078125 -0.226852416992187 -0.187454223632812
0.0969696044921875 0.0807647705078125 -0.101058959960938 -0.226837158203125
0.0455322265625 0.136314392089844 0.0567779541015625 -0.17364501953125
-0.0873565673828125 0.148818969726563 0.117668151855469 -0.024078369140625
-0.246551513671875 0.0890960693359375 -0.106101989746094 0.112281799316406
-0.359588623046875 0.0199890136718751 -0.26507568359375 0.048553466796875
0.12591552734375 -0.130645751953125 0.309417724609375 -0.127960205078125
0.00691223144531248 -0.191009521484375 0.122955322265625 -0.161087036132812
-0.129203796386719 -0.0710678100585937 -0.101325988769531 -0.0162200927734375
-0.121040344238281 0.0446624755859375 -0.0555877685546875 0.1754150390625
-0.0641250610351563 0.07855224609375 0.104278564453125 0.207626342773438
-0.0142364501953125 0.103614807128906 0.266357421875 0.151519775390625
0.024871826171875 0.0941009521484375 0.342803955078125 0.020538330078125
-0.000358581542968752 0.0905990600585938 0.340789794921875 -0.04974365234375
-0.0284271240234375 0.101242065429688 0.320526123046875 -0.022003173828125
-0.0752716064453125 0.0739212036132813 0.266189575195313 0.067413330078125
-0.09710693359375 -0.00158691406250002 0.182281494140625 0.103408813476562
-0.075836181640625 -0.0706863403320313 0.093963623046875 0.099365234375
0.0342330932617187 -0.125236511230469 0.1031494140625 0.0512313842773438
0.164627075195313 -0.0973663330078125 0.3121337890625 0.03326416015625
0.2125244140625 -0.0162811279296875 0.432220458984375 0.28546142578125
-0.0789947509765625 -0.17669677734375 0.321929931640625 -0.155029296875
-0.174468994140625 -0.171005249023438 0.1287841796875 -0.178115844726562
-0.245147705078125 0.00389099121093748 -0.0753402709960938 -0.0420684814453125
-0.16827392578125 0.167373657226563 -0.03521728515625 0.132720947265625
-0.0345916748046875 0.192855834960937 0.097381591796875 0.149826049804688
0.0915069580078125 0.183731079101563 0.2451171875 0.101043701171875
0.149215698242188 0.1187744140625 0.3016357421875 -0.0167236328125
0.113548278808594 0.113899230957031 0.300048828125 -0.085906982421875
0.101211547851563 0.132431030273437 0.29425048828125 -0.063140869140625
0.0445556640625 0.14251708984375 0.266860961914063 0.0293121337890625
-0.0327606201171875 0.109748840332031 0.192489624023438 0.0666046142578125
-0.0709915161132813 0.0656280517578125 0.125511169433594 0.0746841430664063
-0.0676918029785156 -0.0141410827636719 0.163604736328125 0.038055419921875
-0.02154541015625 -0.0546607971191406 0.363983154296875 0.0438232421875
-0.00134086608886719 -0.0328941345214844 0.48028564453125 0.302886962890625
-0.271286010742188 -0.188552856445312 0.280548095703125 -0.192596435546875
-0.330078125 -0.114288330078125 0.102951049804688 -0.1917724609375
-0.3184814453125 0.08929443359375 -0.0525131225585938 -0.0617103576660156
-0.179183959960938 0.266265869140625 -0.0124969482421875 0.0778961181640625
0.00575256347656249 0.276443481445313 0.08074951171875 0.0750503540039063
0.185134887695313 0.232772827148438 0.191192626953125 0.035888671875
0.25079345703125 0.124618530273438 0.217727661132813 -0.054443359375
0.211654663085938 0.120010375976563 0.213088989257813 -0.110977172851562
0.2197265625 0.145751953125 0.22137451171875 -0.0955657958984375
0.161209106445313 0.200119018554688 0.226058959960938 -0.01776123046875
0.0343017578125 0.219406127929688 0.176528930664063 0.0123138427734375
-0.0679473876953125 0.206268310546875 0.149154663085938 0.032745361328125
-0.1800537109375 0.096771240234375 0.217330932617188 0.0224609375
-0.219070434570313 -0.0171966552734375 0.376190185546875 0.062530517578125
-0.219375610351562 -0.0550689697265625 0.460205078125 0.299835205078125
-0.427581787109375 -0.154022216796875 0.1923828125 -0.224075317382813
-0.4361572265625 -0.0185546875 0.0554046630859375 -0.187759399414063
-0.339630126953125 0.182647705078125 -0.0307159423828125 -0.0729598999023437
-0.15020751953125 0.33721923828125 0.00689315795898437 0.0146064758300781
0.05767822265625 0.31634521484375 0.0497016906738281 -0.00784301757812498
0.2572021484375 0.240631103515625 0.109199523925781 -0.0317230224609375
0.314971923828125 0.10809326171875 0.10186767578125 -0.0799102783203125
0.276153564453125 0.10968017578125 0.0931777954101563 -0.116905212402344
0.30572509765625 0.14013671875 0.110664367675781 -0.115715026855469
0.251373291015625 0.231277465820313 0.14508056640625 -0.0675048828125
0.09185791015625 0.3028564453125 0.130439758300781 -0.0549850463867187
-0.062774658203125 0.322021484375 0.154876708984375 -0.025634765625
-0.27691650390625 0.189453125 0.248947143554688 0.00122070312500001
-0.38787841796875 0.012908935546875 0.337371826171875 0.079559326171875
-0.402435302734375 -0.0729370117187501 0.373504638671875 0.2730712890625
-0.52490234375 -0.092559814453125 0.0713348388671875 -0.2354736328125
-0.48291015625 0.0909423828124999 -0.00503540039062503 -0.1585693359375
-0.30572509765625 0.265716552734375 -0.0126953125 -0.0743331909179687
-0.0875244140625 0.37017822265625 0.0160026550292969 -0.0490951538085937
0.111907958984375 0.308929443359375 0.00488281250000001 -0.0819549560546875
0.29608154296875 0.205902099609375 0.0108184814453125 -0.0859832763671875
0.331756591796875 0.072845458984375 -0.0271453857421875 -0.0875244140625
0.298309326171875 0.0826416015625 -0.0414047241210937 -0.105567932128906
0.33984375 0.1136474609375 -0.0213241577148437 -0.120315551757812
0.296478271484375 0.2242431640625 0.035614013671875 -0.115715026855469
0.129669189453125 0.332489013671875 0.0600357055664063 -0.125869750976562
-0.048126220703125 0.3778076171875 0.137664794921875 -0.0898666381835937
-0.32421875 0.24554443359375 0.248260498046875 -0.024261474609375
-0.48724365234375 0.0390930175781251 0.249725341796875 0.0899810791015625
-0.517333984375 -0.0735473632812499 0.22991943359375 0.222091674804688
-0.549560546875 -0.02606201171875 -0.0706329345703125 -0.22589111328125
-0.469635009765625 0.1773681640625 -0.070587158203125 -0.109901428222656
-0.241424560546875 0.3094482421875 -0.00188064575195315 -0.0660896301269531
-0.015045166015625 0.352020263671875 0.0098876953125 -0.100929260253906
0.152908325195312 0.260040283203125 -0.0507354736328125 -0.132713317871094
0.295989990234375 0.144744873046875 -0.090606689453125 -0.114913940429688
0.302886962890625 0.026397705078125 -0.150421142578125 -0.0755615234375
0.274703979492187 0.043365478515625 -0.16790771484375 -0.0777435302734375
0.31658935546875 0.07281494140625 -0.150650024414062 -0.111907958984375
0.284942626953125 0.1761474609375 -0.0779876708984375 -0.154098510742188
0.139892578125 0.29400634765625 -0.0159454345703125 -0.18389892578125
-0.023162841796875 0.3548583984375 0.105392456054688 -0.143341064453125
-0.2998046875 0.24969482421875 0.216140747070313 -0.044403076171875
-0.485687255859375 0.0595397949218749 0.131973266601562 0.0967788696289063
-0.54119873046875 -0.0528259277343751 0.0616302490234374 0.162704467773438
-0.494598388671875 0.0260009765625 -0.21502685546875 -0.20648193359375
-0.396728515625 0.21044921875 -0.139625549316406 -0.0581741333007812
-0.162872314453125 0.29638671875 -0.00690078735351563 -0.0491714477539062
0.042022705078125 0.288787841796875 -0.0109405517578125 -0.130096435546875
0.164962768554688 0.183822631835937 -0.104598999023438 -0.152481079101562
0.252456665039063 0.0687713623046875 -0.178421020507812 -0.115066528320313
0.22900390625 -0.022003173828125 -0.249725341796875 -0.0470428466796875
0.208877563476563 -0.001617431640625 -0.268966674804688 -0.038726806640625
0.239715576171875 0.0199127197265625 -0.253814697265625 -0.0910186767578124
0.221527099609375 0.0922698974609375 -0.171920776367188 -0.1754150390625
0.125625610351563 0.193557739257813 -0.0763397216796875 -0.217147827148437
0.0137176513671875 0.255218505859375 0.0723876953125 -0.173004150390625
-0.200775146484375 0.206771850585938 0.16717529296875 -0.047821044921875
-0.386077880859375 0.08209228515625 0.0116195678710937 0.102684020996094
-0.47418212890625 -0.00610351562499999 -0.102401733398438 0.105384826660156
-0.366973876953125 0.0567932128906251 -0.3428955078125 -0.1923828125
-0.276397705078125 0.186004638671875 -0.208602905273438 -0.0238189697265625
-0.084991455078125 0.229156494140625 -0.0305099487304688 -0.0280628204345703
0.0716094970703125 0.190322875976563 -0.0426712036132812 -0.136093139648438
0.142807006835938 0.0927581787109375 -0.15057373046875 -0.145477294921875
0.171844482421875 -0.0041961669921875 -0.242935180664062 -0.0920257568359375
0.123764038085938 -0.0611495971679688 -0.313201904296875 -0.0081787109375
0.110984802246094 -0.044464111328125 -0.328582763671875 0.00381469726562493
0.124488830566406 -0.0358657836914063 -0.31103515625 -0.0615539550781251
0.126312255859375 -0.0102767944335937 -0.225662231445312 -0.175079345703125
0.0983505249023438 0.057952880859375 -0.106033325195313 -0.2177734375
0.060302734375 0.116455078125 0.0490875244140625 -0.17413330078125
-0.061279296875 0.144622802734375 0.116081237792969 -0.0342178344726562
-0.222564697265625 0.111648559570313 -0.0823593139648438 0.11376953125
-0.33746337890625 0.05792236328125 -0.23223876953125 0.0662994384765625
0.11712646484375 -0.145843505859375 0.275054931640625 -0.1318359375
-0.014312744140625 -0.196792602539063 0.100509643554687 -0.159164428710938
-0.140640258789063 -0.06109619140625 -0.104537963867188 -0.0111770629882813
-0.122802734375 0.0595626831054688 -0.0540771484375 0.172882080078125
-0.0594863891601563 0.091156005859375 0.101028442382813 0.20074462890625
-0.000534057617187492 0.111099243164063 0.258651733398438 0.143936157226563
0.0399932861328125 0.0963211059570313 0.325408935546875 0.01702880859375
0.014007568359375 0.095123291015625 0.32037353515625 -0.053192138671875
-0.0120086669921875 0.109672546386719 0.302032470703125 -0.0302734375
-0.066558837890625 0.0888671875 0.254638671875 0.0576629638671875
-0.101669311523438 0.01287841796875 0.179595947265625 0.0924835205078125
-0.0879974365234375 -0.0628433227539062 0.0999069213867188 0.0937118530273438
0.0200042724609375 -0.133560180664063 0.107215881347656 0.0587387084960937
0.156097412109375 -0.119552612304687 0.2978515625 0.040985107421875
0.21075439453125 -0.0395050048828125 0.40875244140625 0.280120849609375
-0.075439453125 -0.187698364257813 0.28887939453125 -0.16387939453125
-0.184890747070312 -0.175827026367188 0.105117797851562 -0.178390502929687
-0.249893188476563 0.00967407226562497 -0.0815200805664063 -0.0390167236328125
-0.166244506835938 0.175094604492188 -0.037689208984375 0.129196166992188
-0.030517578125 0.197830200195313 0.0904998779296875 0.14227294921875
0.099639892578125 0.185577392578125 0.232513427734375 0.0937957763671875
0.155929565429687 0.118438720703125 0.281890869140625 -0.02081298828125
0.121513366699219 0.114974975585938 0.274734497070313 -0.0898895263671875
0.108642578125 0.136245727539063 0.271377563476563 -0.0718994140625
0.0469818115234375 0.149734497070313 0.25213623046875 0.01556396484375
-0.0392990112304688 0.115676879882812 0.188629150390625 0.052093505859375
-0.0808486938476563 0.0630645751953125 0.131668090820313 0.0654983520507813
-0.0723342895507812 -0.0284576416015625 0.166748046875 0.040435791015625
-0.0174407958984375 -0.0755996704101563 0.350433349609375 0.0445556640625
0.0102806091308594 -0.0514869689941406 0.46112060546875 0.291290283203125
-0.256607055664063 -0.191558837890625 0.251144409179688 -0.203964233398438
-0.325958251953125 -0.1192626953125 0.080841064453125 -0.194595336914063
-0.317352294921875 0.0885314941406249 -0.0606422424316407 -0.0607261657714844
-0.175262451171875 0.26611328125 -0.0174026489257813 0.07403564453125
0.00805664062499998 0.273941040039063 0.0699920654296875 0.0677642822265625
0.186416625976563 0.228897094726563 0.174301147460938 0.0297393798828125
0.248825073242187 0.121536254882812 0.19525146484375 -0.055633544921875
0.21173095703125 0.117843627929687 0.188247680664063 -0.112274169921875
0.218963623046875 0.143890380859375 0.196731567382812 -0.103225708007812
0.157821655273438 0.198806762695312 0.209976196289063 -0.0332794189453125
0.028411865234375 0.21575927734375 0.17218017578125 -0.00427246093749999
-0.0733642578125 0.1956787109375 0.15545654296875 0.01953125
-0.176376342773438 0.0796051025390625 0.219955444335938 0.0201873779296875
-0.2066650390625 -0.03424072265625 0.365447998046875 0.05792236328125
-0.1976318359375 -0.0665740966796875 0.44842529296875 0.284271240234375
-0.40240478515625 -0.15277099609375 0.170852661132812 -0.23797607421875
-0.419403076171875 -0.022735595703125 0.03759765625 -0.1947021484375
-0.330169677734375 0.174102783203125 -0.04150390625 -0.0748825073242187
-0.144927978515625 0.3272705078125 -0.00070953369140626 0.0104837417602539
0.056365966796875 0.306854248046875 0.0369110107421875 -0.0121650695800781
0.24951171875 0.231857299804687 0.0908432006835938 -0.0344467163085937
0.304107666015625 0.101715087890625 0.0821151733398438 -0.0795135498046875
0.2686767578125 0.103729248046875 0.0709228515625 -0.117347717285156
0.29693603515625 0.133056640625 0.0892562866210938 -0.121902465820312
0.244277954101562 0.221343994140625 0.130851745605469 -0.0821533203125
0.087066650390625 0.290130615234375 0.125747680664063 -0.0709075927734375
-0.06103515625 0.305450439453125 0.157958984375 -0.0386810302734375
-0.265396118164063 0.173263549804688 0.251083374023438 -0.00630187988281249
-0.368499755859375 0.00430297851562493 0.3328857421875 0.071044921875
-0.373748779296875 -0.0751342773437501 0.368896484375 0.255584716796875
-0.492340087890625 -0.084747314453125 0.0609436035156249 -0.251937866210938
-0.455169677734375 0.0878295898437501 -0.0157318115234375 -0.169906616210938
-0.2916259765625 0.25103759765625 -0.0248489379882813 -0.0792922973632812
-0.08245849609375 0.35064697265625 0.00685882568359374 -0.0521965026855469
0.107635498046875 0.2928466796875 -0.00641632080078124 -0.084442138671875
0.280120849609375 0.19384765625 -0.00591278076171874 -0.0871734619140625
0.31353759765625 0.0662841796875 -0.041168212890625 -0.0849838256835938
0.283966064453125 0.07562255859375 -0.0557861328125 -0.103790283203125
0.324981689453125 0.103118896484375 -0.037994384765625 -0.123397827148437
0.28338623046875 0.20849609375 0.0241546630859375 -0.127754211425781
0.126678466796875 0.31396484375 0.0552902221679688 -0.138427734375
-0.041961669921875 0.357940673828125 0.138465881347656 -0.102455139160156
-0.307220458984375 0.2293701171875 0.248397827148437 -0.035125732421875
-0.46026611328125 0.0367431640625 0.250839233398437 0.0784912109375
-0.483978271484375 -0.066558837890625 0.236282348632812 0.20703125
-0.516387939453125 -0.0127258300781251 -0.0683135986328125 -0.242431640625
-0.434661865234375 0.1761474609375 -0.0736083984375 -0.125595092773438
-0.221221923828125 0.293304443359375 -0.0129928588867188 -0.0744171142578125
-0.00735473632812497 0.329071044921875 0.000320434570312511 -0.102455139160156
0.146560668945313 0.240554809570313 -0.0584182739257812 -0.132865905761719
0.275711059570313 0.128631591796875 -0.100982666015625 -0.113929748535156
0.279281616210938 0.018524169921875 -0.15582275390625 -0.07183837890625
0.257369995117188 0.0350494384765625 -0.173919677734375 -0.07379150390625
0.29608154296875 0.06060791015625 -0.158432006835937 -0.1112060546875
0.2686767578125 0.156829833984375 -0.0860443115234375 -0.1612548828125
0.137161254882813 0.272262573242188 -0.0202178955078125 -0.190658569335937
-0.01373291015625 0.331512451171875 0.103515625 -0.153167724609375
-0.276580810546875 0.235061645507813 0.21380615234375 -0.056365966796875
-0.45672607421875 0.0667419433593749 0.138458251953125 0.0847549438476563
-0.506256103515625 -0.037139892578125 0.07696533203125 0.15155029296875
-0.466552734375 0.04315185546875 -0.200271606445313 -0.220703125
-0.363861083984375 0.215789794921875 -0.133132934570313 -0.0753936767578125
-0.142547607421875 0.284423828125 -0.0164337158203125 -0.0582313537597656
0.0525970458984375 0.2667236328125 -0.0196075439453125 -0.12945556640625
0.16033935546875 0.162353515625 -0.107803344726562 -0.149063110351563
0.232406616210938 0.0519561767578125 -0.180892944335937 -0.111648559570312
0.204818725585937 -0.0299072265625 -0.245254516601563 -0.0423431396484375
0.189865112304688 -0.00897216796875 -0.264694213867188 -0.0335235595703125
0.217315673828125 0.0088653564453125 -0.252853393554688 -0.0872802734375
0.20416259765625 0.0737457275390625 -0.173370361328125 -0.176513671875
0.121749877929688 0.171051025390625 -0.0777435302734375 -0.2193603515625
0.0230560302734375 0.232803344726563 0.0700836181640625 -0.17803955078125
-0.177658081054688 0.195587158203125 0.164764404296875 -0.05828857421875
-0.358734130859375 0.093658447265625 0.0244522094726562 0.0936965942382813
-0.442657470703125 0.01446533203125 -0.0783615112304688 0.101593017578125
-0.35186767578125 0.076812744140625 -0.320068359375 -0.201568603515625
-0.2530517578125 0.197662353515625 -0.195846557617188 -0.0388336181640625
-0.0666961669921875 0.2266845703125 -0.0371856689453125 -0.0371475219726562
0.0848236083984375 0.175140380859375 -0.0489730834960938 -0.132637023925781
0.142227172851563 0.07330322265625 -0.149551391601562 -0.136993408203125
0.15667724609375 -0.020477294921875 -0.2371826171875 -0.0849761962890625
0.1026611328125 -0.0682144165039063 -0.29998779296875 -0.00189208984375001
0.09344482421875 -0.0508346557617188 -0.314422607421875 0.0104064941406251
0.103935241699219 -0.0439071655273438 -0.301605224609375 -0.05682373046875
0.109054565429688 -0.025299072265625 -0.221664428710938 -0.171676635742188
0.0930404663085937 0.0393524169921875 -0.105804443359375 -0.21453857421875
0.0667953491210938 0.0969467163085938 0.0469512939453125 -0.1756591796875
-0.0418624877929687 0.135894775390625 0.115753173828125 -0.04144287109375
-0.198135375976562 0.123672485351563 -0.0643463134765625 0.107963562011719
-0.31207275390625 0.081207275390625 -0.201766967773438 0.0713348388671875
0.1097412109375 -0.162872314453125 0.250076293945312 -0.12890625
-0.0366668701171875 -0.20294189453125 0.0832977294921875 -0.154556274414062
-0.15411376953125 -0.050933837890625 -0.109672546386719 -0.00615692138671873
-0.12371826171875 0.0763397216796875 -0.0565643310546875 0.1754150390625
-0.053192138671875 0.105003356933594 0.097930908203125 0.202178955078125
0.014556884765625 0.119422912597656 0.256332397460938 0.1455078125
0.0571517944335937 0.0981597900390625 0.319854736328125 0.019775390625
0.0292739868164063 0.0981903076171875 0.310302734375 -0.05230712890625
0.0055999755859375 0.116485595703125 0.29217529296875 -0.031097412109375
-0.056243896484375 0.102973937988281 0.248489379882813 0.054901123046875
-0.104698181152344 0.0287628173828125 0.178878784179688 0.0861968994140625
-0.100753784179688 -0.0549545288085938 0.105857849121094 0.0897064208984375
0.0058135986328125 -0.14227294921875 0.115951538085938 0.0658416748046875
0.146499633789063 -0.14300537109375 0.294219970703125 0.055328369140625
0.2105712890625 -0.0627593994140625 0.39593505859375 0.293731689453125
-0.076812744140625 -0.20416259765625 0.262252807617188 -0.165939331054688
-0.200592041015625 -0.185317993164062 0.0862579345703125 -0.176864624023438
-0.260833740234375 0.0141143798828125 -0.089263916015625 -0.035797119140625
-0.168487548828125 0.187271118164062 -0.0422744750976563 0.129463195800781
-0.0261993408203125 0.209121704101563 0.0837554931640625 0.141708374023438
0.110427856445313 0.192047119140625 0.224411010742188 0.0947265625
0.168426513671875 0.119430541992188 0.268417358398438 -0.01708984375
0.131729125976562 0.118499755859375 0.259033203125 -0.087249755859375
0.121536254882813 0.143020629882813 0.256072998046875 -0.073974609375
0.051544189453125 0.161453247070313 0.241622924804688 0.00746154785156251
-0.0459136962890625 0.127029418945313 0.185897827148438 0.04083251953125
-0.0936126708984375 0.0658798217773437 0.138412475585937 0.0564956665039063
-0.0828094482421875 -0.0438995361328125 0.17657470703125 0.0447845458984375
-0.0205459594726563 -0.100746154785156 0.348846435546875 0.05419921875
0.0183639526367187 -0.0741043090820313 0.45001220703125 0.297027587890625
-0.247817993164063 -0.208114624023438 0.226318359375 -0.212921142578125
-0.3338623046875 -0.129547119140625 0.0609130859375 -0.19708251953125
-0.32574462890625 0.0864257812500001 -0.071441650390625 -0.0595169067382812
-0.178482055664062 0.270828247070313 -0.0251846313476563 0.0730438232421875
0.00749206542968751 0.280685424804688 0.0602149963378906 0.0664482116699219
0.191604614257813 0.234390258789062 0.161056518554687 0.031005859375
0.255538940429687 0.123306274414062 0.180389404296875 -0.05145263671875
0.2166748046875 0.121551513671875 0.169189453125 -0.10992431640625
0.225311279296875 0.149765014648438 0.178573608398438 -0.106277465820313
0.157379150390625 0.204833984375 0.198013305664063 -0.0438385009765625
0.02044677734375 0.221328735351563 0.1683349609375 -0.01898193359375
-0.084136962890625 0.192642211914063 0.16143798828125 0.00752258300781251
-0.18304443359375 0.0613861083984375 0.230087280273437 0.0185089111328125
-0.202301025390625 -0.0562286376953125 0.366851806640625 0.061798095703125
-0.18408203125 -0.0857391357421875 0.443115234375 0.285064697265625
-0.387115478515625 -0.16448974609375 0.1510009765625 -0.252899169921875
-0.417327880859375 -0.03460693359375 0.0187225341796875 -0.202011108398437
-0.33551025390625 0.166259765625 -0.0536117553710938 -0.0771560668945312
-0.150604248046875 0.325592041015625 -0.0103511810302734 0.00796031951904299
0.051025390625 0.307861328125 0.0252819061279297 -0.0148334503173828
0.247085571289063 0.235122680664063 0.075531005859375 -0.0335769653320312
0.300567626953125 0.10491943359375 0.06573486328125 -0.0758209228515625
0.267959594726563 0.107269287109375 0.0519790649414063 -0.114364624023438
0.294036865234375 0.13568115234375 0.0691757202148438 -0.124259948730469
0.238906860351563 0.222610473632813 0.116806030273438 -0.0950546264648437
0.080535888671875 0.290435791015625 0.121726989746094 -0.0865020751953125
-0.069244384765625 0.297882080078125 0.163116455078125 -0.0534820556640625
-0.267852783203125 0.154464721679688 0.259140014648437 -0.0129852294921875
-0.36090087890625 -0.013519287109375 0.3375244140625 0.067901611328125
-0.355621337890625 -0.087677001953125 0.37115478515625 0.251434326171875
-0.473297119140625 -0.0911865234375 0.0472106933593749 -0.271408081054687
-0.443572998046875 0.0754089355468751 -0.0302886962890625 -0.182937622070313
-0.29083251953125 0.237884521484375 -0.0369873046875 -0.0836257934570312
-0.08575439453125 0.341888427734375 -0.0026397705078125 -0.0548553466796875
0.0987548828125 0.288055419921875 -0.0189743041992187 -0.0877532958984375
0.270294189453125 0.193862915039063 -0.0200881958007812 -0.0863037109375
0.303375244140625 0.068572998046875 -0.055633544921875 -0.0822372436523438
0.276260375976563 0.07757568359375 -0.0716171264648438 -0.100120544433594
0.3143310546875 0.103363037109375 -0.0544509887695312 -0.125328063964844
0.273483276367187 0.203155517578125 0.0100784301757813 -0.138824462890625
0.11993408203125 0.3082275390625 0.04931640625 -0.15283203125
-0.046417236328125 0.34686279296875 0.140388488769531 -0.117324829101562
-0.30413818359375 0.21343994140625 0.2545166015625 -0.0466461181640625
-0.449310302734375 0.0264587402343749 0.25628662109375 0.0714263916015625
-0.4625244140625 -0.073150634765625 0.244003295898438 0.199722290039063
-0.495391845703125 -0.0120849609375 -0.071807861328125 -0.267044067382813
-0.415802001953125 0.168701171875 -0.0820465087890625 -0.14422607421875
-0.215179443359375 0.279144287109375 -0.0253982543945313 -0.0812530517578125
-0.00799560546875002 0.313751220703125 -0.00783538818359374 -0.10498046875
0.137298583984375 0.22967529296875 -0.0665969848632813 -0.135498046875
0.259872436523438 0.126007080078125 -0.112030029296875 -0.114120483398438
0.26287841796875 0.02020263671875 -0.164840698242187 -0.07000732421875
0.244216918945313 0.035614013671875 -0.184463500976562 -0.071746826171875
0.28155517578125 0.058685302734375 -0.17059326171875 -0.11279296875
0.255523681640625 0.148391723632813 -0.0968780517578125 -0.170166015625
0.131195068359375 0.261215209960938 -0.025726318359375 -0.203506469726563
-0.013214111328125 0.315948486328125 0.103912353515625 -0.16668701171875
-0.267852783203125 0.2210693359375 0.217422485351562 -0.0680084228515625
-0.4410400390625 0.0624389648437499 0.145355224609375 0.074249267578125
-0.485107421875 -0.034332275390625 0.0914459228515625 0.142929077148438
-0.4495849609375 0.053558349609375 -0.194107055664063 -0.246841430664063
-0.343048095703125 0.217010498046875 -0.135391235351563 -0.0982131958007812
-0.129547119140625 0.276092529296875 -0.0274276733398438 -0.0674667358398437
0.05694580078125 0.25054931640625 -0.0267333984375 -0.131195068359375
0.154022216796875 0.147720336914063 -0.113037109375 -0.148895263671875
0.215469360351563 0.04388427734375 -0.185867309570313 -0.11224365234375
0.185195922851563 -0.0297088623046875 -0.247787475585938 -0.042633056640625
0.174362182617188 -0.0106201171875 -0.268692016601563 -0.0325469970703125
0.200149536132813 0.0062103271484375 -0.258499145507813 -0.0881500244140625
0.187286376953125 0.063323974609375 -0.180145263671875 -0.1837158203125
0.1146240234375 0.156631469726563 -0.0825347900390625 -0.226211547851563
0.0249176025390625 0.21441650390625 0.06915283203125 -0.187759399414063
-0.16534423828125 0.183364868164062 0.165878295898438 -0.0693511962890625
-0.33880615234375 0.09716796875 0.0343170166015625 0.0837326049804688
-0.419708251953125 0.0252380371093751 -0.0578689575195313 0.0938262939453125
-0.34027099609375 0.093505859375 -0.307708740234375 -0.224151611328125
-0.235260009765625 0.207412719726563 -0.194503784179688 -0.06103515625
-0.0511474609375 0.226791381835938 -0.0474510192871094 -0.0466423034667969
0.09393310546875 0.163543701171875 -0.0559921264648438 -0.130546569824219
0.140396118164063 0.0578155517578125 -0.149658203125 -0.134201049804688
0.143096923828125 -0.0323486328125 -0.236434936523438 -0.084747314453125
0.0843276977539063 -0.0702896118164063 -0.294464111328125 -0.00271606445312497
0.0781631469726563 -0.0523147583007813 -0.3096923828125 0.00900268554687505
0.0864486694335938 -0.045867919921875 -0.300201416015625 -0.0574035644531249
0.090087890625 -0.0349884033203125 -0.223907470703125 -0.177780151367187
0.085418701171875 0.0234832763671875 -0.107009887695313 -0.219161987304688
0.0698928833007813 0.0786209106445313 0.04718017578125 -0.180877685546875
-0.0265884399414063 0.124382019042969 0.116897583007813 -0.0496597290039063
-0.177322387695313 0.132598876953125 -0.0494842529296875 0.100578308105469
-0.290985107421875 0.097015380859375 -0.176040649414063 0.0678558349609375
0.0975189208984375 -0.18438720703125 0.22900390625 -0.125762939453125
-0.0642547607421875 -0.2091064453125 0.066680908203125 -0.148910522460938
-0.16937255859375 -0.0371246337890625 -0.11627197265625 0.00202178955078124
-0.123855590820313 0.09637451171875 -0.0577850341796875 0.184036254882813
-0.04376220703125 0.121414184570313 0.0993804931640625 0.208633422851563
0.0344314575195313 0.126640319824219 0.262603759765625 0.149734497070312
0.07666015625 0.09759521484375 0.32318115234375 0.0220947265625
0.04705810546875 0.0997314453125 0.307647705078125 -0.051849365234375
0.026824951171875 0.12249755859375 0.28948974609375 -0.03277587890625
-0.0419387817382813 0.117828369140625 0.247848510742188 0.052642822265625
-0.1075439453125 0.0474777221679688 0.181076049804688 0.0806884765625
-0.114654541015625 -0.0433349609375 0.114776611328125 0.0852279663085938
-0.01409912109375 -0.15118408203125 0.131072998046875 0.07305908203125
0.1329345703125 -0.168487548828125 0.303497314453125 0.069305419921875
0.208053588867188 -0.0894775390625 0.39794921875 0.313629150390625
-0.0859527587890625 -0.22686767578125 0.23828125 -0.167022705078125
-0.227371215820313 -0.19256591796875 0.06671142578125 -0.174819946289063
-0.2777099609375 0.0262756347656251 -0.097900390625 -0.03125
-0.16986083984375 0.20843505859375 -0.0466842651367188 0.135406494140625
-0.0180206298828125 0.225875854492188 0.0792694091796875 0.146148681640625
0.129074096679688 0.200912475585938 0.223129272460938 0.0989990234375
0.186203002929688 0.120315551757813 0.265625 -0.0128173828125
0.149017333984375 0.121963500976563 0.250289916992188 -0.0845489501953125
0.14105224609375 0.149978637695312 0.24493408203125 -0.0750579833984375
0.062744140625 0.176742553710937 0.235061645507813 0.00187683105468751
-0.050567626953125 0.144287109375 0.18597412109375 0.0301971435546875
-0.109268188476562 0.0740585327148437 0.147018432617188 0.0460357666015625
-0.101577758789063 -0.0564498901367188 0.191390991210937 0.0443572998046875
-0.0312728881835938 -0.128448486328125 0.358154296875 0.062469482421875
0.0197906494140625 -0.102058410644531 0.456573486328125 0.309844970703125
-0.254486083984375 -0.229751586914062 0.200607299804687 -0.221969604492188
-0.355682373046875 -0.139190673828125 0.03973388671875 -0.199203491210938
-0.342376708984375 0.0932922363281249 -0.0837249755859375 -0.0569534301757812
-0.1822509765625 0.28680419921875 -0.0331649780273438 0.0757980346679688
0.012542724609375 0.29620361328125 0.0503273010253906 0.0691757202148438
0.205703735351563 0.242538452148438 0.1536865234375 0.034637451171875
0.267791748046875 0.125045776367188 0.169845581054688 -0.045623779296875
0.229400634765625 0.1248779296875 0.153594970703125 -0.105575561523437
0.23876953125 0.155288696289062 0.161026000976563 -0.10748291015625
0.16497802734375 0.216812133789062 0.186050415039063 -0.054351806640625
0.0160675048828125 0.236465454101562 0.165298461914063 -0.035064697265625
-0.0975189208984375 0.19927978515625 0.168350219726563 -0.00796508789062499
-0.198318481445313 0.04833984375 0.245407104492188 0.0131072998046875
-0.211807250976562 -0.08001708984375 0.3782958984375 0.062530517578125
-0.179702758789063 -0.110671997070312 0.452362060546875 0.28936767578125
-0.386627197265625 -0.183197021484375 0.127410888671875 -0.268875122070313
-0.42889404296875 -0.0468750000000001 -0.00367736816406251 -0.209823608398437
-0.3492431640625 0.166107177734375 -0.0686187744140625 -0.0770950317382813
-0.155609130859375 0.33392333984375 -0.0210609436035156 0.00884437561035158
0.05108642578125 0.319671630859375 0.0128927230834961 -0.0151624679565429
0.254150390625 0.24383544921875 0.06280517578125 -0.0296516418457031
0.308380126953125 0.1083984375 0.0500907897949219 -0.0688209533691406
0.273941040039063 0.110931396484375 0.0336227416992188 -0.108283996582031
0.302154541015625 0.140167236328125 0.0493850708007813 -0.124961853027344
0.241790771484375 0.22894287109375 0.100349426269531 -0.107429504394531
0.07672119140625 0.299591064453125 0.113494873046875 -0.10552978515625
-0.07879638671875 0.30108642578125 0.167816162109375 -0.0736083984375
-0.280349731445313 0.144378662109375 0.271865844726563 -0.0258026123046875
-0.36651611328125 -0.029541015625 0.349151611328125 0.06219482421875
-0.349639892578125 -0.106964111328125 0.382598876953125 0.2481689453125
-0.467437744140625 -0.1026611328125 0.02862548828125 -0.295989990234375
-0.44610595703125 0.06646728515625 -0.0515594482421875 -0.19732666015625
-0.300048828125 0.232421875 -0.0537109375 -0.0869140625
-0.092376708984375 0.341766357421875 -0.0141830444335938 -0.0555496215820312
0.09466552734375 0.293304443359375 -0.0317611694335938 -0.0887527465820312
0.270370483398438 0.201019287109375 -0.0354232788085937 -0.0836944580078125
0.30242919921875 0.07208251953125 -0.0707168579101562 -0.0764846801757813
0.277420043945313 0.0810699462890625 -0.0908279418945312 -0.0946884155273438
0.31494140625 0.10626220703125 -0.0754013061523438 -0.124977111816406
0.272735595703125 0.206085205078125 -0.00816345214843749 -0.151016235351562
0.117095947265625 0.310516357421875 0.0382232666015625 -0.171005249023437
-0.05133056640625 0.345123291015625 0.141342163085938 -0.137725830078125
-0.310546875 0.205535888671875 0.263092041015625 -0.0616912841796875
-0.452178955078125 0.0187683105468751 0.267135620117188 0.06005859375
-0.454193115234375 -0.08099365234375 0.25811767578125 0.191390991210938
-0.48504638671875 -0.01336669921875 -0.086669921875 -0.296905517578125
-0.408905029296875 0.16461181640625 -0.100341796875 -0.163909912109375
-0.213546752929688 0.27227783203125 -0.0432662963867188 -0.0875625610351563
-0.01043701171875 0.306854248046875 -0.0194473266601562 -0.107933044433594
0.130996704101563 0.226776123046875 -0.0804214477539062 -0.136993408203125
0.251953125 0.127517700195313 -0.12689208984375 -0.113136291503906
0.253662109375 0.0246734619140625 -0.178741455078125 -0.066070556640625
0.238693237304688 0.0390472412109375 -0.200439453125 -0.0665283203125
0.274520874023438 0.060394287109375 -0.189422607421875 -0.111068725585938
0.2471923828125 0.146255493164063 -0.115325927734375 -0.1810302734375
0.126861572265625 0.25677490234375 -0.0386810302734375 -0.218399047851562
-0.01617431640625 0.309783935546875 0.100692749023438 -0.185195922851562
-0.267059326171875 0.213714599609375 0.2216796875 -0.0852203369140625
-0.435882568359375 0.0619201660156249 0.15570068359375 0.0621795654296875
-0.4720458984375 -0.034698486328125 0.107566833496094 0.132026672363281
-0.43878173828125 0.0626525878906251 -0.20257568359375 -0.278427124023438
-0.328399658203125 0.22076416015625 -0.149063110351563 -0.121337890625
-0.120040893554688 0.270889282226563 -0.0437240600585937 -0.0749359130859375
0.0606842041015625 0.238845825195313 -0.0369415283203125 -0.133392333984375
0.14794921875 0.137939453125 -0.122711181640625 -0.15155029296875
0.203048706054687 0.040374755859375 -0.198684692382813 -0.112594604492188
0.170394897460938 -0.0261688232421875 -0.257965087890625 -0.0396423339843749
0.163360595703125 -0.006927490234375 -0.279754638671875 -0.0287933349609375
0.186508178710938 0.0077972412109375 -0.272979736328125 -0.0880584716796876
0.172561645507813 0.05865478515625 -0.196884155273437 -0.1922607421875
0.107498168945313 0.145965576171875 -0.0933837890625 -0.237701416015625
0.0252227783203125 0.20159912109375 0.0655670166015625 -0.20281982421875
-0.15655517578125 0.173446655273438 0.167022705078125 -0.0837554931640625
-0.325042724609375 0.101409912109375 0.0437545776367187 0.0723495483398438
-0.403533935546875 0.03350830078125 -0.0385513305664063 0.0836029052734375
-0.33428955078125 0.1142578125 -0.311767578125 -0.254913330078125
-0.218841552734375 0.22064208984375 -0.204940795898438 -0.0836639404296875
-0.0357208251953125 0.227371215820312 -0.0629539489746094 -0.0531768798828125
0.105300903320313 0.149658203125 -0.0648269653320313 -0.131881713867188
0.138832092285156 0.0421371459960938 -0.15484619140625 -0.133514404296875
0.129051208496094 -0.0418930053710938 -0.242385864257813 -0.0858154296875
0.06573486328125 -0.0704421997070312 -0.29888916015625 -0.00296020507812494
0.0638847351074219 -0.0506935119628906 -0.3160400390625 0.010772705078125
0.0695343017578125 -0.0459022521972656 -0.30902099609375 -0.058868408203125
0.07086181640625 -0.041259765625 -0.234512329101562 -0.184127807617188
0.0753326416015625 0.009033203125 -0.1141357421875 -0.228012084960938
0.0692100524902344 0.0606269836425781 0.0443115234375 -0.19207763671875
-0.0137863159179687 0.114089965820313 0.118911743164063 -0.0614166259765625
-0.155487060546875 0.139007568359375 -0.037567138671875 0.0925445556640625
-0.271484375 0.112579345703125 -0.154388427734375 0.06109619140625
0.07489013671875 -0.205764770507812 0.208831787109375 -0.120346069335938
-0.0996551513671875 -0.207901000976562 0.049560546875 -0.14080810546875
-0.183761596679688 -0.0145416259765625 -0.1219482421875 0.0139999389648438
-0.116844177246094 0.122016906738281 -0.0529022216796875 0.197784423828125
-0.027587890625 0.137702941894531 0.109130859375 0.21484375
0.0602951049804688 0.12774658203125 0.277008056640625 0.14764404296875
0.0987472534179688 0.0886688232421875 0.332427978515625 0.016815185546875
0.0682754516601563 0.0965576171875 0.30938720703125 -0.0582275390625
0.0524673461914062 0.120719909667969 0.288604736328125 -0.03887939453125
-0.0207138061523438 0.131401062011719 0.249267578125 0.047027587890625
-0.103843688964844 0.07061767578125 0.185958862304688 0.0733489990234375
-0.127357482910156 -0.0252838134765625 0.124923706054688 0.0766220092773438
-0.0397796630859375 -0.155746459960938 0.151565551757813 0.0725860595703125
0.108322143554688 -0.193496704101562 0.3216552734375 0.074554443359375
0.199066162109375 -0.12091064453125 0.417236328125 0.328582763671875
-0.109817504882813 -0.247467041015625 0.212936401367188 -0.167678833007813
-0.26336669921875 -0.187942504882812 0.0458831787109375 -0.169448852539063
-0.29443359375 0.0489501953125 -0.107177734375 -0.022186279296875
-0.163253784179688 0.234786987304687 -0.0457763671875 0.144378662109375
-0.000869750976562486 0.242324829101563 0.081329345703125 0.151504516601563
0.157089233398438 0.202423095703125 0.228988647460938 0.098388671875
0.209014892578125 0.114212036132813 0.266998291015625 -0.0125885009765625
0.170028686523438 0.117355346679687 0.244277954101563 -0.0850677490234375
0.168548583984375 0.149154663085938 0.23541259765625 -0.0782318115234375
0.083526611328125 0.188735961914063 0.22796630859375 -0.00643920898437499
-0.0467071533203125 0.1661376953125 0.183929443359375 0.0152130126953125
-0.1212158203125 0.091094970703125 0.15478515625 0.0313873291015625
-0.12652587890625 -0.0643310546875 0.211593627929688 0.0369110107421875
-0.0548858642578125 -0.15447998046875 0.377532958984375 0.061004638671875
0.0109939575195312 -0.132156372070313 0.47650146484375 0.313262939453125
-0.27520751953125 -0.246734619140625 0.171875 -0.228729248046875
-0.386383056640625 -0.136474609375 0.0129547119140625 -0.197982788085938
-0.35888671875 0.1116943359375 -0.0984420776367188 -0.0491409301757813
-0.176971435546875 0.310394287109375 -0.0387191772460938 0.0823974609375
0.029022216796875 0.311309814453125 0.043792724609375 0.0728607177734375
0.23114013671875 0.246017456054688 0.150115966796875 0.0377960205078125
0.2890625 0.119842529296875 0.162612915039063 -0.0406646728515625
0.249404907226563 0.121475219726563 0.139793395996094 -0.100555419921875
0.263259887695313 0.1549072265625 0.143997192382813 -0.106414794921875
0.183914184570313 0.22552490234375 0.17156982421875 -0.06494140625
0.021087646484375 0.25445556640625 0.157562255859375 -0.05206298828125
-0.105560302734375 0.2144775390625 0.172134399414063 -0.0291290283203125
-0.22064208984375 0.0440673828125 0.26165771484375 -0.0044403076171875
-0.231964111328125 -0.0989837646484375 0.396728515625 0.05218505859375
-0.187149047851563 -0.1337890625 0.4732666015625 0.283538818359375
-0.399627685546875 -0.195465087890625 0.093963623046875 -0.28387451171875
-0.45166015625 -0.0434875488281249 -0.032623291015625 -0.211746215820312
-0.364410400390625 0.179473876953125 -0.0877838134765625 -0.0725936889648437
-0.155029296875 0.35455322265625 -0.031585693359375 0.0140476226806641
0.05950927734375 0.332733154296875 -0.00153541564941406 -0.0112714767456054
0.274490356445313 0.246856689453125 0.0522003173828125 -0.0244560241699219
0.32275390625 0.104827880859375 0.037506103515625 -0.05859375
0.2884521484375 0.108978271484375 0.0150299072265625 -0.0997543334960938
0.318359375 0.139068603515625 0.026580810546875 -0.121597290039062
0.256881713867188 0.234085083007813 0.079254150390625 -0.116363525390625
0.083251953125 0.31146240234375 0.101173400878906 -0.125076293945312
-0.08233642578125 0.313995361328125 0.166152954101563 -0.0972747802734375
-0.295867919921875 0.143829345703125 0.28521728515625 -0.048431396484375
-0.383880615234375 -0.0385437011718749 0.36553955078125 0.045623779296875
-0.356048583984375 -0.12188720703125 0.404052734375 0.2359619140625
-0.471527099609375 -0.10650634765625 -0.00585937500000001 -0.3173828125
-0.455657958984375 0.0671997070312499 -0.08441162109375 -0.206283569335938
-0.30889892578125 0.23779296875 -0.0743026733398438 -0.08502197265625
-0.0932922363281249 0.3502197265625 -0.0284461975097656 -0.0548782348632812
0.097381591796875 0.302734375 -0.0494155883789062 -0.0863418579101562
0.279403686523438 0.20355224609375 -0.0537109375 -0.0769500732421875
0.308380126953125 0.072296142578125 -0.0882110595703125 -0.0642166137695312
0.284454345703125 0.080963134765625 -0.111190795898437 -0.0815887451171875
0.323638916015625 0.105377197265625 -0.100616455078125 -0.119476318359375
0.279205322265625 0.20648193359375 -0.0354156494140625 -0.15826416015625
0.123077392578125 0.314849853515625 0.01806640625 -0.188796997070312
-0.0506591796875 0.351959228515625 0.133834838867188 -0.16412353515625
-0.31787109375 0.20684814453125 0.269989013671875 -0.089080810546875
-0.46124267578125 0.0196533203124999 0.2796630859375 0.0413055419921875
-0.45654296875 -0.0857543945312499 0.2764892578125 0.175369262695313
-0.480987548828125 -0.00781249999999992 -0.11767578125 -0.3231201171875
-0.4041748046875 0.167236328125 -0.129592895507813 -0.177993774414062
-0.214004516601563 0.2720947265625 -0.0659866333007813 -0.088165283203125
-0.010589599609375 0.30438232421875 -0.0350570678710937 -0.108489990234375
0.127731323242187 0.226806640625 -0.0977935791015625 -0.136573791503906
0.251174926757813 0.127853393554688 -0.146041870117187 -0.10589599609375
0.251296997070313 0.027374267578125 -0.196487426757812 -0.053131103515625
0.23809814453125 0.039825439453125 -0.220611572265625 -0.0527496337890625
0.271133422851563 0.06121826171875 -0.21331787109375 -0.102386474609375
0.243728637695313 0.144790649414063 -0.1431884765625 -0.18389892578125
0.126693725585938 0.255157470703125 -0.0599822998046875 -0.231399536132812
-0.01318359375 0.30615234375 0.0899200439453125 -0.2083740234375
-0.266860961914062 0.212539672851563 0.221786499023437 -0.110488891601562
-0.4334716796875 0.06707763671875 0.16461181640625 0.044189453125
-0.4649658203125 -0.0296630859375 0.1243896484375 0.115806579589844
-0.42926025390625 0.0782775878906249 -0.228851318359375 -0.306732177734375
-0.3111572265625 0.22930908203125 -0.175048828125 -0.1380615234375
-0.106903076171875 0.268783569335938 -0.0642776489257813 -0.0784072875976562
0.065338134765625 0.22705078125 -0.0520248413085937 -0.132820129394531
0.142822265625 0.128280639648438 -0.137603759765625 -0.149826049804688
0.192489624023437 0.036651611328125 -0.21502685546875 -0.10888671875
0.158477783203125 -0.0230865478515625 -0.271163940429688 -0.0299224853515625
0.15594482421875 -0.0032958984375 -0.293731689453125 -0.0153808593749999
0.17620849609375 0.010345458984375 -0.29241943359375 -0.079681396484375
0.160003662109375 0.05633544921875 -0.222335815429688 -0.19354248046875
0.100875854492188 0.138343811035156 -0.113998413085938 -0.248077392578125
0.0250091552734375 0.188705444335938 0.0529632568359375 -0.22125244140625
-0.149917602539062 0.167037963867188 0.164947509765625 -0.105072021484375
-0.31011962890625 0.107208251953125 0.0514297485351562 0.0574073791503906
-0.387847900390625 0.045318603515625 -0.022369384765625 0.0689582824707031
-0.3218994140625 0.138519287109375 -0.3319091796875 -0.278076171875
-0.195404052734375 0.234649658203125 -0.226211547851563 -0.100799560546875
-0.0140838623046875 0.22650146484375 -0.0819549560546875 -0.0538558959960937
0.114944458007813 0.133163452148438 -0.0767135620117187 -0.129402160644531
0.13372802734375 0.024688720703125 -0.1646728515625 -0.130035400390625
0.110931396484375 -0.0513534545898437 -0.253738403320313 -0.0808258056640625
0.046417236328125 -0.0677337646484375 -0.307403564453125 0.00552368164062505
0.0488014221191406 -0.0463790893554688 -0.32379150390625 0.0216674804687499
0.0521736145019531 -0.0411872863769531 -0.322296142578125 -0.0511779785156251
0.0492706298828125 -0.0436592102050781 -0.254302978515625 -0.185226440429687
0.0605888366699219 -0.00353240966796875 -0.131317138671875 -0.235122680664063
0.0662155151367187 0.0413932800292969 0.0363922119140625 -0.207305908203125
-0.000976562500000002 0.100318908691406 0.117881774902344 -0.0757598876953125
-0.129730224609375 0.144439697265625 -0.027313232421875 0.0831222534179688
-0.247451782226563 0.128677368164062 -0.134475708007813 0.0496978759765625
0.04339599609375 -0.218780517578125 0.185501098632813 -0.108108520507813
-0.13714599609375 -0.190444946289063 0.0346832275390625 -0.127273559570313
-0.190719604492187 0.0155792236328125 -0.122215270996094 0.0296401977539063
-0.09857177734375 0.143203735351563 -0.0384063720703125 0.207595825195313
-0.00422668457031249 0.145797729492188 0.123550415039063 0.213821411132812
0.0866546630859375 0.1181640625 0.29052734375 0.1363525390625
0.120285034179687 0.0725784301757813 0.340179443359375 0.00286865234375
0.08734130859375 0.0856857299804688 0.309478759765625 -0.06805419921875
0.0766143798828125 0.110481262207031 0.284271240234375 -0.0491943359375
0.00469207763671876 0.135734558105469 0.249252319335938 0.0350494384765625
-0.0902023315429688 0.0920486450195313 0.185653686523438 0.05889892578125
-0.132499694824219 -0.00156402587890625 0.132064819335937 0.0634536743164063
-0.0679931640625 -0.146636962890625 0.168258666992188 0.0614471435546875
0.0704193115234375 -0.211349487304687 0.341339111328125 0.067657470703125
0.174667358398438 -0.149169921875 0.44281005859375 0.326690673828125
-0.141281127929688 -0.257339477539063 0.1824951171875 -0.1610107421875
-0.297332763671875 -0.16680908203125 0.0239410400390625 -0.15618896484375
-0.29931640625 0.08154296875 -0.113876342773438 -0.00716400146484374
-0.142318725585937 0.259872436523438 -0.0424346923828125 0.154708862304688
0.0274505615234375 0.251235961914063 0.0850067138671875 0.153366088867188
0.18536376953125 0.1920166015625 0.233489990234375 0.0944366455078125
0.229202270507813 0.096649169921875 0.265609741210938 -0.0164947509765625
0.190521240234375 0.103042602539062 0.23541259765625 -0.0862884521484375
0.194168090820313 0.135833740234375 0.2247314453125 -0.080657958984375
0.108154296875 0.189987182617188 0.217437744140625 -0.015899658203125
-0.0336456298828125 0.185287475585938 0.1746826171875 0.00205993652343751
-0.127182006835938 0.111351013183594 0.156005859375 0.0124053955078125
-0.155227661132813 -0.0575103759765625 0.224639892578125 0.0213165283203125
-0.0872802734375 -0.166397094726563 0.3929443359375 0.045501708984375
-0.00962829589843749 -0.157669067382813 0.498565673828125 0.29949951171875
-0.30126953125 -0.2518310546875 0.133697509765625 -0.224838256835938
-0.4151611328125 -0.115509033203125 -0.0125732421875 -0.184524536132813
-0.366363525390625 0.1419677734375 -0.110130310058594 -0.0350265502929688
-0.15802001953125 0.3336181640625 -0.0410308837890625 0.0947265625
0.051605224609375 0.3187255859375 0.040130615234375 0.0788040161132813
0.25927734375 0.235244750976563 0.145889282226563 0.0390167236328125
0.30810546875 0.102447509765625 0.156112670898438 -0.0357666015625
0.26824951171875 0.108230590820313 0.127388000488281 -0.0929718017578125
0.28314208984375 0.141387939453125 0.126472473144531 -0.102317810058594
0.20623779296875 0.223892211914063 0.151260375976563 -0.071044921875
0.034942626953125 0.269317626953125 0.142318725585938 -0.0704345703125
-0.105987548828125 0.231002807617188 0.165481567382813 -0.051513671875
-0.240036010742188 0.0513763427734375 0.271194458007813 -0.0286102294921875
-0.258468627929688 -0.108047485351563 0.4071044921875 0.029266357421875
-0.201629638671875 -0.150421142578125 0.489959716796875 0.260955810546875
-0.4185791015625 -0.195831298828125 0.052978515625 -0.283905029296875
-0.47149658203125 -0.0290832519531251 -0.0667572021484375 -0.202392578125
-0.368988037109375 0.19952392578125 -0.102622985839844 -0.05633544921875
-0.141632080078125 0.36810302734375 -0.0399703979492188 0.0223884582519531
0.07684326171875 0.340179443359375 -0.0131263732910156 -0.00106620788574217
0.293426513671875 0.237945556640625 0.0439262390136719 -0.0146408081054687
0.33551025390625 0.09332275390625 0.0260581970214844 -0.0465507507324219
0.30419921875 0.09844970703125 0.000457763671875028 -0.084259033203125
0.332855224609375 0.127777099609375 0.00457763671875002 -0.109619140625
0.272247314453125 0.227508544921875 0.052398681640625 -0.119651794433594
0.096923828125 0.316864013671875 0.0766067504882813 -0.137649536132812
-0.078277587890625 0.32586669921875 0.153228759765625 -0.123703002929687
-0.306488037109375 0.151336669921875 0.287017822265625 -0.08026123046875
-0.400848388671875 -0.0361022949218751 0.37371826171875 0.020751953125
-0.365081787109375 -0.126617431640625 0.418792724609375 0.208221435546875
-0.474456787109375 -0.101409912109375 -0.0513916015625 -0.325927734375
-0.456512451171875 0.0756835937500001 -0.11895751953125 -0.202926635742188
-0.312652587890625 0.2451171875 -0.0962905883789063 -0.07513427734375
-0.08392333984375 0.360198974609375 -0.04278564453125 -0.0453414916992187
0.105377197265625 0.304443359375 -0.0647964477539063 -0.0753021240234375
0.290130615234375 0.196258544921875 -0.0675811767578125 -0.0642471313476563
0.313262939453125 0.06646728515625 -0.1015625 -0.0456008911132812
0.29156494140625 0.073272705078125 -0.125564575195312 -0.0607452392578125
0.32958984375 0.09661865234375 -0.121940612792969 -0.100265502929688
0.284912109375 0.20068359375 -0.0648040771484375 -0.153793334960938
0.12982177734375 0.31341552734375 -0.009796142578125 -0.19757080078125
-0.0435791015625 0.357208251953125 0.114242553710938 -0.186874389648438
-0.32305908203125 0.215423583984375 0.265121459960938 -0.120193481445312
-0.46795654296875 0.02630615234375 0.283233642578125 0.013916015625
-0.456085205078125 -0.0837402343749999 0.2889404296875 0.14849853515625
-0.471435546875 0.00433349609375002 -0.160919189453125 -0.33209228515625
-0.391143798828125 0.170623779296875 -0.16656494140625 -0.175827026367188
-0.20953369140625 0.269668579101563 -0.0871047973632813 -0.078704833984375
-0.007659912109375 0.300079345703125 -0.0513229370117188 -0.0999603271484375
0.128158569335938 0.224472045898438 -0.115562438964844 -0.125694274902344
0.250137329101562 0.125091552734375 -0.163772583007812 -0.0930633544921874
0.248809814453125 0.0281982421875 -0.208389282226563 -0.035552978515625
0.235260009765625 0.039398193359375 -0.232894897460938 -0.030670166015625
0.269058227539063 0.058258056640625 -0.23272705078125 -0.082916259765625
0.240890502929688 0.139450073242188 -0.171524047851563 -0.175399780273438
0.129226684570313 0.2493896484375 -0.0908355712890625 -0.235885620117188
-0.00811767578125003 0.302825927734375 0.067230224609375 -0.226043701171875
-0.262405395507813 0.214111328125 0.210723876953125 -0.136138916015625
-0.42889404296875 0.0767211914062501 0.163009643554687 0.0221099853515625
-0.454559326171875 -0.01910400390625 0.135322570800781 0.08984375
-0.409027099609375 0.0965576171875 -0.265472412109375 -0.316497802734375
-0.286651611328125 0.233367919921875 -0.207656860351563 -0.140518188476562
-0.0930023193359375 0.258026123046875 -0.0883712768554688 -0.0718841552734375
0.0679168701171875 0.210494995117187 -0.06756591796875 -0.128120422363281
0.13580322265625 0.11810302734375 -0.152557373046875 -0.139175415039063
0.178482055664063 0.0348663330078125 -0.231231689453125 -0.0919952392578125
0.148910522460937 -0.0164794921875 -0.281524658203125 -0.011077880859375
0.147537231445313 -0.0007781982421875 -0.30206298828125 0.00607299804687499
0.16680908203125 0.0130157470703125 -0.30841064453125 -0.0564575195312499
0.146743774414062 0.0549163818359375 -0.248321533203125 -0.182891845703125
0.0906524658203125 0.131515502929688 -0.13922119140625 -0.245803833007813
0.0223541259765625 0.176666259765625 0.0321044921875 -0.234786987304688
-0.142623901367188 0.158096313476562 0.152603149414063 -0.12652587890625
-0.292327880859375 0.1121826171875 0.0526885986328125 0.0413970947265625
-0.365966796875 0.055938720703125 -0.00971221923828127 0.0471611022949219
-0.2919921875 0.163818359375 -0.365020751953125 -0.28717041015625
-0.164566040039063 0.242141723632812 -0.253936767578125 -0.104843139648437
0.009124755859375 0.217300415039063 -0.102294921875 -0.047698974609375
0.122428894042969 0.110366821289062 -0.0914154052734375 -0.119987487792969
0.121498107910156 0.00620269775390625 -0.174285888671875 -0.11737060546875
0.0911865234375 -0.0545501708984375 -0.261459350585938 -0.067138671875
0.0287704467773438 -0.0566024780273437 -0.31207275390625 0.02093505859375
0.03411865234375 -0.0403594970703125 -0.328033447265625 0.040130615234375
0.0394515991210938 -0.0309600830078125 -0.3341064453125 -0.0362854003906249
0.025543212890625 -0.0349197387695313 -0.275833129882813 -0.176162719726562
0.04022216796875 -0.01171875 -0.149139404296875 -0.233489990234375
0.0564041137695313 0.0230522155761719 0.0172119140625 -0.217117309570313
0.00855255126953125 0.080810546875 0.109649658203125 -0.0922698974609375
-0.100028991699219 0.137657165527344 -0.0216064453125 0.0666427612304688
-0.213897705078125 0.13934326171875 -0.116180419921875 0.0352630615234375
0.00964355468749998 -0.2169189453125 0.166168212890625 -0.091094970703125
-0.160751342773438 -0.1605224609375 0.02459716796875 -0.108345031738281
-0.181121826171875 0.0425262451171875 -0.115409851074219 0.0429840087890625
-0.0727081298828125 0.1563720703125 -0.024688720703125 0.209396362304688
0.0224456787109375 0.142501831054688 0.134536743164063 0.206436157226563
0.106689453125 0.0992507934570313 0.29705810546875 0.11920166015625
0.129959106445313 0.0503311157226563 0.33599853515625 -0.009429931640625
0.100982666015625 0.0654144287109375 0.298553466796875 -0.075897216796875
0.0966262817382813 0.0909805297851563 0.276199340820313 -0.053802490234375
0.0306472778320312 0.128822326660156 0.241790771484375 0.0300445556640625
-0.0688095092773438 0.105384826660156 0.179702758789063 0.047027587890625
-0.127662658691406 0.020355224609375 0.131057739257813 0.047607421875
-0.0917205810546875 -0.130020141601563 0.181930541992188 0.04791259765625
0.0347900390625 -0.208984375 0.351837158203125 0.055328369140625
0.143157958984375 -0.165084838867188 0.45751953125 0.314239501953125
-0.1728515625 -0.251800537109375 0.154937744140625 -0.14178466796875
-0.318572998046875 -0.13665771484375 0.00910186767578124 -0.13543701171875
-0.291656494140625 0.107879638671875 -0.112571716308594 0.00873565673828126
-0.115402221679687 0.270294189453125 -0.031768798828125 0.1591796875
0.0525665283203125 0.248153686523437 0.088653564453125 0.151840209960938
0.207290649414062 0.166595458984375 0.23480224609375 0.085113525390625
0.238510131835938 0.07183837890625 0.262725830078125 -0.0190887451171875
0.2025146484375 0.0836181640625 0.225921630859375 -0.08447265625
0.211044311523437 0.1156005859375 0.209991455078125 -0.0774383544921875
0.13238525390625 0.182723999023437 0.202377319335938 -0.0178070068359375
-0.0142669677734375 0.1973876953125 0.1632080078125 -0.0112152099609375
-0.121200561523438 0.130134582519531 0.147125244140625 -0.00526428222656249
-0.174224853515625 -0.0446014404296875 0.228530883789062 -0.001556396484375
-0.119552612304687 -0.167739868164063 0.39599609375 0.026092529296875
-0.0334320068359375 -0.172515869140625 0.506072998046875 0.281158447265625
-0.32427978515625 -0.246429443359375 0.099761962890625 -0.206939697265625
-0.43035888671875 -0.0863037109375 -0.034271240234375 -0.16204833984375
-0.35845947265625 0.165740966796875 -0.113273620605469 -0.0191650390625
-0.13623046875 0.343475341796875 -0.0368728637695313 0.101753234863281
0.075836181640625 0.31671142578125 0.0370635986328125 0.0847625732421875
0.277450561523438 0.211822509765625 0.1446533203125 0.040863037109375
0.31329345703125 0.08099365234375 0.152542114257813 -0.02728271484375
0.27532958984375 0.08929443359375 0.117156982421875 -0.0804443359375
0.298248291015625 0.121337890625 0.111373901367188 -0.0910415649414062
0.22412109375 0.213851928710938 0.130027770996094 -0.0671844482421875
0.0513153076171875 0.274261474609375 0.11956787109375 -0.0766448974609375
-0.1007080078125 0.243270874023437 0.151092529296875 -0.0726776123046875
-0.255447387695313 0.060516357421875 0.267547607421875 -0.05413818359375
-0.282470703125 -0.104583740234375 0.405853271484375 0.00650024414062499
-0.217681884765625 -0.161300659179688 0.493621826171875 0.23321533203125
-0.42913818359375 -0.19024658203125 0.0122222900390625 -0.267318725585938
-0.47564697265625 -0.00845336914062493 -0.09246826171875 -0.177474975585938
-0.365386962890625 0.217315673828125 -0.1131591796875 -0.041015625
-0.12322998046875 0.376190185546875 -0.0414619445800781 0.0338668823242188
0.097564697265625 0.338714599609375 -0.0203266143798828 0.00889587402343752
0.307373046875 0.219512939453125 0.0355262756347656 -0.00613021850585936
0.33978271484375 0.07598876953125 0.0230503082275391 -0.0281639099121094
0.307037353515625 0.08428955078125 -0.0086708068847656 -0.0620384216308594
0.34088134765625 0.1107177734375 -0.0110321044921875 -0.0907745361328125
0.2833251953125 0.217376708984375 0.0278244018554688 -0.108009338378906
0.10821533203125 0.31787109375 0.0503692626953125 -0.142974853515625
-0.071044921875 0.3292236328125 0.130363464355469 -0.140174865722656
-0.31207275390625 0.159759521484375 0.275314331054688 -0.10577392578125
-0.410552978515625 -0.0329589843749999 0.36517333984375 -0.0081787109375
-0.37091064453125 -0.13037109375 0.418182373046875 0.178192138671875
-0.47222900390625 -0.0993652343750001 -0.090484619140625 -0.31109619140625
-0.455108642578125 0.0841979980468749 -0.14776611328125 -0.181503295898437
-0.307586669921875 0.25421142578125 -0.10931396484375 -0.0567855834960937
-0.077362060546875 0.360321044921875 -0.051727294921875 -0.0329666137695312
0.11474609375 0.30328369140625 -0.0781631469726562 -0.06231689453125
0.2967529296875 0.186431884765625 -0.0749359130859375 -0.0473861694335937
0.314605712890625 0.06005859375 -0.1055908203125 -0.024688720703125
0.291839599609375 0.065338134765625 -0.131454467773437 -0.0362777709960938
0.33038330078125 0.087188720703125 -0.136093139648437 -0.0774154663085938
0.2891845703125 0.19091796875 -0.0872650146484375 -0.138092041015625
0.136383056640625 0.312164306640625 -0.0377349853515625 -0.195465087890625
-0.036163330078125 0.352508544921875 0.0869598388671875 -0.19842529296875
-0.3187255859375 0.21630859375 0.24456787109375 -0.144119262695312
-0.46551513671875 0.0339660644531249 0.272079467773438 -0.009979248046875
-0.449981689453125 -0.081207275390625 0.2861328125 0.116790771484375
-0.45672607421875 0.00512695312500009 -0.19952392578125 -0.323516845703125
-0.37689208984375 0.172576904296875 -0.195693969726563 -0.163314819335937
-0.203506469726563 0.263397216796875 -0.10296630859375 -0.0640335083007812
-0.00778198242187503 0.29168701171875 -0.0650177001953125 -0.0883331298828125
0.124649047851562 0.2203369140625 -0.130203247070313 -0.111351013183594
0.2469482421875 0.12091064453125 -0.171112060546875 -0.072235107421875
0.243484497070313 0.030242919921875 -0.21026611328125 -0.0128173828125
0.234939575195313 0.037994384765625 -0.233718872070312 -0.00392150878906249
0.2672119140625 0.055572509765625 -0.242568969726562 -0.0570831298828125
0.234405517578125 0.1353759765625 -0.19464111328125 -0.155975341796875
0.124710083007813 0.2425537109375 -0.114776611328125 -0.227218627929687
-0.00793457031250003 0.293426513671875 0.040802001953125 -0.231842041015625
-0.255569458007812 0.208740234375 0.188995361328125 -0.155975341796875
-0.413543701171875 0.079681396484375 0.154739379882812 0.00166320800781251
-0.437042236328125 -0.0175781249999999 0.135063171386719 0.0612869262695313
-0.3828125 0.10076904296875 -0.298980712890625 -0.312957763671875
-0.260711669921875 0.225967407226563 -0.235519409179688 -0.132980346679688
-0.0829010009765625 0.243545532226563 -0.103240966796875 -0.0567398071289062
0.0636444091796875 0.193466186523438 -0.0803909301757812 -0.114944458007813
0.122962951660156 0.110877990722656 -0.163543701171875 -0.1256103515625
0.16680908203125 0.0351715087890625 -0.236465454101563 -0.0741424560546875
0.1397705078125 -0.0047149658203125 -0.279769897460937 0.00840759277343755
0.141830444335937 0.0060577392578125 -0.2999267578125 0.028839111328125
0.15972900390625 0.021026611328125 -0.3135986328125 -0.034637451171875
0.132980346679688 0.06182861328125 -0.265640258789063 -0.16058349609375
0.078399658203125 0.125885009765625 -0.161849975585938 -0.234420776367188
0.0163421630859375 0.164627075195313 0.00845336914062499 -0.235671997070313
-0.134506225585937 0.14227294921875 0.134422302246094 -0.138404846191406
-0.270736694335938 0.104522705078125 0.0484237670898437 0.0240516662597656
-0.33642578125 0.058441162109375 -0.00460815429687502 0.023590087890625
-0.263046264648437 0.170883178710938 -0.3857421875 -0.283233642578125
-0.1317138671875 0.233749389648438 -0.275787353515625 -0.0998992919921874
0.0242462158203125 0.1982421875 -0.115814208984375 -0.0345458984375
0.114768981933594 0.0871810913085938 -0.099273681640625 -0.107772827148437
0.104209899902344 -0.00263214111328125 -0.1773681640625 -0.105148315429688
0.0695724487304687 -0.0492134094238281 -0.26300048828125 -0.051666259765625
0.0179557800292969 -0.040008544921875 -0.306854248046875 0.033447265625
0.028045654296875 -0.0264434814453125 -0.322479248046875 0.0543518066406249
0.0268287658691406 -0.01629638671875 -0.33447265625 -0.0172729492187499
0.0104713439941406 -0.023162841796875 -0.2879638671875 -0.1580810546875
0.0197257995605469 -0.0120124816894531 -0.16583251953125 -0.224258422851562
0.0392265319824219 0.00913238525390625 0.000259399414062502 -0.216812133789063
0.0108261108398437 0.0598793029785156 0.0957412719726563 -0.102081298828125
-0.07708740234375 0.124275207519531 -0.0179214477539063 0.0533256530761719
-0.181564331054688 0.135162353515625 -0.105415344238281 0.01287841796875
-0.0165252685546875 -0.205596923828125 0.155593872070313 -0.066070556640625
-0.170608520507813 -0.131607055664063 0.0225677490234375 -0.0881195068359375
-0.169113159179688 0.06097412109375 -0.106216430664063 0.0519866943359375
-0.050628662109375 0.158676147460937 -0.0136566162109375 0.206100463867188
0.0401229858398438 0.134857177734375 0.138092041015625 0.199111938476563
0.116424560546875 0.0784225463867187 0.293914794921875 0.10784912109375
0.131507873535156 0.0301895141601563 0.330078125 -0.01605224609375
0.1053466796875 0.0477294921875 0.29095458984375 -0.077484130859375
0.106491088867188 0.0712432861328125 0.268264770507813 -0.0523223876953125
0.0473556518554687 0.117622375488281 0.234634399414063 0.0288848876953125
-0.0495147705078125 0.109428405761719 0.171157836914063 0.0418548583984375
-0.117210388183594 0.0361328125 0.125991821289063 0.0374221801757813
-0.102920532226563 -0.10870361328125 0.186737060546875 0.0348052978515625
0.00732421875000001 -0.197463989257813 0.3563232421875 0.0462646484375
0.1156005859375 -0.167724609375 0.459442138671875 0.307830810546875
-0.192672729492188 -0.242584228515625 0.139030456542969 -0.115821838378906
-0.324981689453125 -0.1094970703125 0.00413513183593747 -0.112556457519531
-0.279510498046875 0.125579833984375 -0.107490539550781 0.0194473266601563
-0.0925140380859375 0.27105712890625 -0.0249786376953125 0.160369873046875
0.0694732666015625 0.237991333007812 0.0895843505859375 0.151824951171875
0.215011596679688 0.1451416015625 0.23065185546875 0.0812530517578125
0.239471435546875 0.05145263671875 0.258819580078125 -0.0188140869140625
0.206710815429688 0.0673370361328125 0.218994140625 -0.07666015625
0.2181396484375 0.0966033935546875 0.20233154296875 -0.0684814453125
0.146865844726563 0.171646118164063 0.190765380859375 -0.0121002197265625
0.0021209716796875 0.201461791992188 0.147979736328125 -0.013458251953125
-0.11492919921875 0.143478393554687 0.135238647460938 -0.0153961181640625
-0.187591552734375 -0.030364990234375 0.226577758789062 -0.0156707763671875
-0.144515991210938 -0.161773681640625 0.392852783203125 0.014862060546875
-0.0565185546875 -0.17877197265625 0.500213623046875 0.26904296875
-0.33868408203125 -0.2393798828125 0.078460693359375 -0.179733276367188
-0.43145751953125 -0.0655822753906251 -0.04254150390625 -0.1368408203125
-0.348052978515625 0.178497314453125 -0.112747192382813 -0.00522613525390626
-0.116729736328125 0.34356689453125 -0.03424072265625 0.106941223144531
0.090118408203125 0.308319091796875 0.0355987548828125 0.0904464721679688
0.28228759765625 0.191619873046875 0.141326904296875 0.0451812744140625
0.3125 0.06475830078125 0.15106201171875 -0.0175933837890625
0.278289794921875 0.075897216796875 0.113334655761719 -0.0659637451171875
0.30328369140625 0.104766845703125 0.1029052734375 -0.0764694213867188
0.233261108398438 0.203277587890625 0.114189147949219 -0.0558319091796875
0.062255859375 0.276046752929688 0.100364685058594 -0.0761642456054688
-0.09649658203125 0.250503540039063 0.132225036621094 -0.08026123046875
-0.265655517578125 0.06878662109375 0.257827758789063 -0.0701751708984375
-0.299041748046875 -0.101104736328125 0.3974609375 -0.00955200195312501
-0.231552124023438 -0.168289184570313 0.4847412109375 0.21728515625
-0.432647705078125 -0.1898193359375 -0.012542724609375 -0.241485595703125
-0.47467041015625 0.00119018554687509 -0.103317260742188 -0.15350341796875
-0.3597412109375 0.223236083984375 -0.115310668945313 -0.0247344970703125
-0.11285400390625 0.376251220703125 -0.0443801879882813 0.0438117980957032
0.10540771484375 0.332305908203125 -0.0239715576171875 0.0197944641113281
0.310394287109375 0.20587158203125 0.0334033966064453 0.00463294982910158
0.33807373046875 0.067626953125 0.0242767333984375 -0.0141868591308594
0.3076171875 0.07489013671875 -0.00820159912109373 -0.0433998107910156
0.34222412109375 0.099609375 -0.0176010131835937 -0.0708694458007813
0.28485107421875 0.20819091796875 0.0129470825195313 -0.0937347412109375
0.11285400390625 0.317352294921875 0.0294570922851563 -0.136207580566406
-0.068878173828125 0.3310546875 0.109085083007813 -0.14599609375
-0.318756103515625 0.16070556640625 0.258056640625 -0.12200927734375
-0.418792724609375 -0.03173828125 0.352996826171875 -0.02288818359375
-0.37225341796875 -0.13751220703125 0.40655517578125 0.15765380859375
-0.466827392578125 -0.104034423828125 -0.11700439453125 -0.28759765625
-0.44964599609375 0.0830993652343749 -0.163375854492188 -0.155975341796875
-0.307220458984375 0.250946044921875 -0.115066528320313 -0.0387649536132812
-0.07568359375 0.35614013671875 -0.0554847717285156 -0.0213127136230469
0.115264892578125 0.30126953125 -0.0831375122070313 -0.0469436645507812
0.295135498046875 0.180816650390625 -0.077484130859375 -0.0326919555664062
0.3128662109375 0.05792236328125 -0.100021362304687 -0.00673675537109374
0.29156494140625 0.06329345703125 -0.127784729003906 -0.0151214599609375
0.3277587890625 0.084136962890625 -0.13946533203125 -0.0556716918945313
0.285430908203125 0.185760498046875 -0.101829528808594 -0.119888305664063
0.134490966796875 0.307525634765625 -0.0558319091796875 -0.184539794921875
-0.0384521484375 0.3486328125 0.06536865234375 -0.198883056640625
-0.3197021484375 0.211273193359375 0.223281860351562 -0.155975341796875
-0.460693359375 0.03033447265625 0.257171630859375 -0.0248870849609375
-0.4403076171875 -0.0886535644531251 0.27520751953125 0.0946502685546875
-0.441558837890625 -0.00128173828124993 -0.223785400390625 -0.30755615234375
-0.36590576171875 0.158599853515625 -0.214096069335938 -0.14447021484375
-0.204437255859375 0.252120971679688 -0.112503051757813 -0.0462265014648437
-0.014495849609375 0.285430908203125 -0.0696945190429688 -0.074951171875
0.11749267578125 0.22021484375 -0.134269714355469 -0.0953216552734375
0.23907470703125 0.123336791992188 -0.172500610351563 -0.0565338134765625
0.241256713867188 0.0358734130859375 -0.20501708984375 0.00460815429687498
0.2318115234375 0.04156494140625 -0.227203369140625 0.0146636962890625
0.2630615234375 0.060272216796875 -0.241973876953125 -0.0360260009765625
0.227752685546875 0.138412475585937 -0.202987670898437 -0.135574340820312
0.115768432617188 0.239822387695312 -0.13092041015625 -0.213333129882812
-0.013824462890625 0.28424072265625 0.019683837890625 -0.228103637695313
-0.255294799804688 0.196075439453125 0.167709350585937 -0.162322998046875
-0.403656005859375 0.0712890625 0.141098022460937 -0.011688232421875
-0.417724609375 -0.0257873535156249 0.126708984375 0.0401840209960938
-0.35980224609375 0.0933227539062501 -0.319061279296875 -0.30340576171875
-0.24371337890625 0.206344604492187 -0.253372192382813 -0.121017456054687
-0.0825042724609375 0.225326538085937 -0.112266540527344 -0.0414047241210938
0.051513671875 0.181915283203125 -0.085845947265625 -0.101898193359375
0.108642578125 0.11004638671875 -0.164566040039063 -0.111801147460938
0.154312133789063 0.0440216064453125 -0.235092163085938 -0.0601959228515625
0.1361083984375 0.00679779052734375 -0.274124145507813 0.020843505859375
0.137962341308594 0.0144195556640625 -0.29254150390625 0.042694091796875
0.15460205078125 0.0316009521484375 -0.31097412109375 -0.01873779296875
0.122909545898437 0.0706253051757812 -0.270858764648437 -0.143112182617187
0.0642318725585938 0.127037048339844 -0.172409057617188 -0.221649169921875
0.00346374511718751 0.156219482421875 -0.00872802734375002 -0.230545043945312
-0.136276245117187 0.127006530761719 0.115463256835937 -0.14215087890625
-0.255569458007813 0.090972900390625 0.0399742126464844 0.0118865966796875
-0.31341552734375 0.04510498046875 -0.00735616683959963 0.00147294998168945
-0.234512329101563 0.166122436523438 -0.3997802734375 -0.277313232421875
-0.111038208007813 0.214691162109375 -0.291534423828125 -0.0916137695312499
0.030731201171875 0.176116943359375 -0.1224365234375 -0.0200653076171875
0.102821350097656 0.069244384765625 -0.101585388183594 -0.0959091186523437
0.0865402221679688 -0.005126953125 -0.1741943359375 -0.0951995849609375
0.0542526245117188 -0.03753662109375 -0.25836181640625 -0.0429382324218749
0.0135574340820312 -0.0232906341552734 -0.298553466796875 0.039886474609375
0.0244674682617187 -0.0141010284423828 -0.314178466796875 0.062255859375
0.0235843658447266 -0.00111961364746094 -0.3316650390625 -0.00711059570312507
-0.00100612640380859 -0.00702095031738281 -0.291107177734375 -0.143829345703125
0.00187778472900391 -0.00570821762084961 -0.173583984375 -0.21258544921875
0.0219917297363281 0.00426101684570313 -0.012176513671875 -0.21173095703125
0.00603485107421875 0.0409698486328125 0.0822219848632813 -0.104881286621094
-0.0630950927734375 0.102760314941406 -0.0224075317382812 0.03912353515625
-0.155914306640625 0.119186401367187 -0.100784301757813 -0.011077880859375
-0.032073974609375 -0.193389892578125 0.154632568359375 -0.0399017333984375
-0.173736572265625 -0.109954833984375 0.0272293090820312 -0.0717086791992188
-0.15771484375 0.0733642578125 -0.099700927734375 0.0551300048828125
-0.0338134765625 0.157302856445313 -0.00958251953125002 0.202713012695313
0.0515060424804688 0.126007080078125 0.137680053710938 0.196929931640625
0.120223999023437 0.0613937377929687 0.292083740234375 0.10528564453125
0.131393432617188 0.0159454345703125 0.3302001953125 -0.01531982421875
0.107162475585938 0.0341796875 0.289093017578125 -0.072509765625
0.109359741210938 0.055389404296875 0.266326904296875 -0.0460662841796875
0.0587387084960938 0.106315612792969 0.231292724609375 0.035491943359375
-0.0344009399414062 0.109268188476563 0.163986206054687 0.0428466796875
-0.108299255371094 0.0451812744140625 0.120086669921875 0.0328140258789063
-0.108375549316406 -0.092681884765625 0.190475463867187 0.02618408203125
-0.0104217529296875 -0.184890747070313 0.361175537109375 0.0447998046875
0.0958404541015625 -0.165008544921875 0.4600830078125 0.313323974609375
-0.206619262695312 -0.235794067382813 0.133384704589844 -0.087738037109375
-0.327056884765625 -0.0924377441406249 0.00662994384765623 -0.0930252075195312
-0.271133422851563 0.13433837890625 -0.102226257324219 0.0263595581054687
-0.0783843994140625 0.268875122070313 -0.022186279296875 0.16143798828125
0.0794219970703125 0.230117797851563 0.0885009765625 0.154449462890625
0.2177734375 0.1297607421875 0.2296142578125 0.0843505859375
0.23883056640625 0.0402984619140625 0.260818481445312 -0.01214599609375
0.208663940429688 0.0571136474609375 0.220840454101563 -0.06671142578125
0.22320556640625 0.0835113525390625 0.201034545898437 -0.058380126953125
0.155792236328125 0.164352416992188 0.185272216796875 -0.00146484374999999
0.0132293701171875 0.20465087890625 0.137001037597656 -0.00947570800781249
-0.111099243164062 0.15264892578125 0.125694274902344 -0.0194778442382812
-0.197799682617188 -0.0194549560546875 0.224929809570312 -0.0240325927734375
-0.1634521484375 -0.156173706054687 0.39300537109375 0.012237548828125
-0.0745391845703125 -0.183883666992188 0.495697021484375 0.272857666015625
-0.349853515625 -0.240478515625 0.069671630859375 -0.15252685546875
-0.43499755859375 -0.056854248046875 -0.0423583984375 -0.115127563476562
-0.345947265625 0.1839599609375 -0.109619140625 0.00499725341796876
-0.1080322265625 0.342041015625 -0.0326461791992188 0.111343383789063
0.096435546875 0.3035888671875 0.0340118408203125 0.0981826782226563
0.28387451171875 0.181243896484375 0.139968872070313 0.0510025024414063
0.313262939453125 0.057342529296875 0.155853271484375 -0.0071563720703125
0.280349731445312 0.0695343017578125 0.117385864257813 -0.0519256591796875
0.306182861328125 0.09710693359375 0.101593017578125 -0.0614395141601562
0.2392578125 0.198760986328125 0.107490539550781 -0.042266845703125
0.0687103271484375 0.280776977539063 0.0880966186523438 -0.0702896118164062
-0.097869873046875 0.257720947265625 0.119514465332031 -0.0831832885742187
-0.278076171875 0.0739288330078125 0.250198364257813 -0.0784149169921875
-0.31622314453125 -0.10211181640625 0.39215087890625 -0.012451171875
-0.245040893554687 -0.179611206054688 0.47552490234375 0.217529296875
-0.439666748046875 -0.1982421875 -0.0240325927734375 -0.217086791992187
-0.4794921875 0.0010681152343749 -0.106414794921875 -0.131378173828125
-0.36480712890625 0.22479248046875 -0.114898681640625 -0.01123046875
-0.112274169921875 0.37591552734375 -0.0440330505371094 0.0523529052734375
0.10748291015625 0.332733154296875 -0.0260505676269531 0.0305538177490235
0.310394287109375 0.201568603515625 0.0333900451660156 0.0144062042236328
0.340240478515625 0.066650390625 0.030853271484375 -0.000669479370117183
0.3101806640625 0.073272705078125 -0.00328826904296873 -0.0283737182617188
0.34527587890625 0.0985107421875 -0.0170097351074218 -0.0549201965332031
0.2872314453125 0.209442138671875 0.00571441650390627 -0.0774002075195312
0.11383056640625 0.322967529296875 0.015899658203125 -0.128379821777344
-0.07379150390625 0.334625244140625 0.0933837890625 -0.145751953125
-0.33050537109375 0.159942626953125 0.245941162109375 -0.128799438476563
-0.430908203125 -0.037384033203125 0.34234619140625 -0.027923583984375
-0.377105712890625 -0.154022216796875 0.3941650390625 0.152862548828125
-0.469451904296875 -0.11944580078125 -0.131515502929688 -0.268936157226563
-0.4542236328125 0.0732116699218751 -0.171478271484375 -0.137176513671875
-0.31640625 0.24737548828125 -0.1173095703125 -0.0244979858398437
-0.081329345703125 0.35748291015625 -0.0558128356933594 -0.0107841491699219
0.111907958984375 0.305755615234375 -0.0855865478515625 -0.0349655151367187
0.292633056640625 0.183135986328125 -0.0768814086914062 -0.0216598510742187
0.31475830078125 0.06280517578125 -0.0941543579101562 0.00600433349609374
0.293731689453125 0.0673828125 -0.121940612792969 -0.000732421875000023
0.329986572265625 0.088287353515625 -0.138816833496094 -0.0402145385742187
0.28369140625 0.191497802734375 -0.107658386230469 -0.10430908203125
0.1287841796875 0.31256103515625 -0.0681915283203125 -0.175338745117187
-0.046966552734375 0.348602294921875 0.0506439208984375 -0.196823120117187
-0.329071044921875 0.20361328125 0.209121704101562 -0.159027099609375
-0.46551513671875 0.0193481445312499 0.245803833007812 -0.0295257568359375
-0.43914794921875 -0.10595703125 0.262313842773438 0.0848388671875
-0.435577392578125 -0.02032470703125 -0.2381591796875 -0.2969970703125
-0.367950439453125 0.14093017578125 -0.226364135742188 -0.129959106445312
-0.216629028320312 0.24261474609375 -0.116065979003906 -0.0323333740234375
-0.02691650390625 0.284393310546875 -0.0708160400390625 -0.0643386840820312
0.108917236328125 0.227493286132812 -0.135398864746094 -0.084381103515625
0.235855102539063 0.1322021484375 -0.171218872070312 -0.046875
0.2435302734375 0.0461883544921875 -0.199859619140625 0.013885498046875
0.23333740234375 0.050201416015625 -0.2213134765625 0.0261077880859375
0.263137817382813 0.0699615478515625 -0.240447998046875 -0.023773193359375
0.223037719726563 0.146942138671875 -0.20733642578125 -0.122177124023438
0.1055908203125 0.246871948242188 -0.14019775390625 -0.204269409179688
-0.02557373046875 0.28289794921875 0.00685119628906251 -0.223556518554687
-0.263824462890625 0.183868408203125 0.153472900390625 -0.16363525390625
-0.402801513671875 0.0552978515625001 0.129768371582031 -0.0169525146484375
-0.411651611328125 -0.04632568359375 0.116043090820312 0.025360107421875
-0.347412109375 0.0763549804687501 -0.332977294921875 -0.3009033203125
-0.240890502929688 0.18585205078125 -0.26800537109375 -0.112869262695312
-0.091644287109375 0.2098388671875 -0.116851806640625 -0.0287246704101562
0.035552978515625 0.17669677734375 -0.0857391357421875 -0.0921554565429687
0.09613037109375 0.116386413574219 -0.163803100585937 -0.104049682617188
0.14788818359375 0.057098388671875 -0.233230590820313 -0.053253173828125
0.137535095214844 0.0205917358398437 -0.269927978515625 0.0250396728515625
0.139205932617188 0.0251922607421875 -0.287261962890625 0.0487976074218749
0.155364990234375 0.04443359375 -0.30889892578125 -0.00985717773437506
0.117500305175781 0.084625244140625 -0.274261474609375 -0.13330078125
0.0505218505859375 0.13519287109375 -0.178268432617188 -0.21441650390625
-0.01165771484375 0.154220581054688 -0.0177001953125 -0.225830078125
-0.14471435546875 0.112152099609375 0.10308837890625 -0.141738891601563
-0.252334594726562 0.072021484375 0.0304641723632812 0.00481605529785157
-0.301788330078125 0.024444580078125 -0.0144062042236328 -0.017730712890625
-0.218093872070312 0.15380859375 -0.410125732421875 -0.282073974609375
-0.100967407226563 0.19586181640625 -0.30523681640625 -0.0878295898437499
0.0278167724609375 0.159591674804688 -0.125480651855469 -0.0102005004882812
0.0881500244140625 0.0608596801757813 -0.0999908447265625 -0.0880279541015625
0.0725021362304688 -0.001434326171875 -0.16961669921875 -0.09197998046875
0.04486083984375 -0.0241622924804688 -0.255279541015625 -0.040771484375
0.0130844116210938 -0.00808525085449219 -0.29595947265625 0.03887939453125
0.0243186950683594 -0.00262832641601563 -0.31085205078125 0.06256103515625
0.0242156982421875 0.0137405395507813 -0.330810546875 -0.00271606445312493
-0.00641632080078125 0.008819580078125 -0.293670654296875 -0.139312744140625
-0.0123710632324219 0.00413036346435547 -0.1761474609375 -0.2093505859375
0.00627851486206055 0.00310087203979492 -0.01788330078125 -0.209396362304688
-0.00205039978027343 0.0255661010742188 0.0740509033203125 -0.105621337890625
-0.05865478515625 0.0819244384765625 -0.0287227630615234 0.0291500091552734
-0.141799926757813 0.101043701171875 -0.103164672851563 -0.0346832275390625
-0.04351806640625 -0.184463500976563 0.162094116210938 -0.01544189453125
-0.176544189453125 -0.093719482421875 0.0356636047363281 -0.0590591430664063
-0.150131225585938 0.0825042724609375 -0.0949630737304688 0.05877685546875
-0.02093505859375 0.156494140625 -0.00695800781249999 0.2059326171875
0.0614242553710938 0.119491577148437 0.139739990234375 0.200759887695313
0.123291015625 0.047943115234375 0.29693603515625 0.107330322265625
0.131637573242188 0.003082275390625 0.338714599609375 -0.013397216796875
0.108863830566406 0.0230636596679688 0.29779052734375 -0.06890869140625
0.11279296875 0.0420303344726563 0.274520874023438 -0.04058837890625
0.0675735473632812 0.0973968505859375 0.237030029296875 0.0433349609375
-0.022918701171875 0.109535217285156 0.162277221679688 0.0477142333984375
-0.101409912109375 0.0532302856445313 0.11700439453125 0.0314712524414063
-0.111572265625 -0.0796585083007812 0.196044921875 0.01953125
-0.0229644775390625 -0.175872802734375 0.3741455078125 0.045257568359375
0.0822906494140625 -0.16326904296875 0.47265625 0.32977294921875
-0.222305297851562 -0.2342529296875 0.137001037597656 -0.0634841918945313
-0.33563232421875 -0.08074951171875 0.0132064819335937 -0.078704833984375
-0.269973754882813 0.14337158203125 -0.100181579589844 0.0325698852539063
-0.0694122314453125 0.270858764648438 -0.02130126953125 0.16632080078125
0.087738037109375 0.228805541992188 0.089569091796875 0.16180419921875
0.22149658203125 0.120758056640625 0.233428955078125 0.0897369384765625
0.243499755859375 0.03167724609375 0.270843505859375 -0.006317138671875
0.213973999023437 0.04931640625 0.2298583984375 -0.05999755859375
0.230056762695313 0.07470703125 0.20819091796875 -0.0485687255859375
0.166412353515625 0.161117553710938 0.187957763671875 0.010101318359375
0.023101806640625 0.210693359375 0.132110595703125 -0.00359344482421874
-0.110107421875 0.164474487304688 0.119316101074219 -0.0202102661132812
-0.2103271484375 -0.00880432128906247 0.228164672851563 -0.031219482421875
-0.183029174804687 -0.153152465820313 0.401763916015625 0.012969970703125
-0.0916595458984375 -0.19171142578125 0.503082275390625 0.28759765625
-0.366302490234375 -0.2464599609375 0.0689163208007812 -0.129508972167969
-0.446746826171875 -0.0506591796874999 -0.0387344360351563 -0.0998458862304688
-0.352691650390625 0.19158935546875 -0.107566833496094 0.0139999389648437
-0.1048583984375 0.34716796875 -0.031219482421875 0.117843627929688
0.102203369140625 0.3082275390625 0.033599853515625 0.107872009277344
0.2890625 0.1768798828125 0.1436767578125 0.0594329833984375
0.32147216796875 0.053985595703125 0.165786743164063 0.001068115234375
0.2890625 0.066009521484375 0.126747131347656 -0.0418701171875
0.315673828125 0.093475341796875 0.106285095214844 -0.0497817993164062
0.249801635742188 0.201431274414062 0.1083984375 -0.0286636352539062
0.075469970703125 0.290985107421875 0.0802688598632813 -0.0645980834960938
-0.100921630859375 0.271484375 0.111625671386719 -0.0839996337890625
-0.295745849609375 0.0800476074218751 0.248733520507813 -0.0861053466796875
-0.33905029296875 -0.104888916015625 0.396392822265625 -0.013427734375
-0.26324462890625 -0.193923950195313 0.478363037109375 0.22698974609375
-0.4578857421875 -0.210693359375 -0.02972412109375 -0.198486328125
-0.495941162109375 0.00125122070312504 -0.107398986816406 -0.115623474121094
-0.378631591796875 0.231903076171875 -0.114349365234375 -0.000633239746093742
-0.115509033203125 0.384796142578125 -0.0430870056152344 0.059814453125
0.11029052734375 0.34246826171875 -0.0263900756835937 0.0413246154785156
0.3170166015625 0.204437255859375 0.0352706909179688 0.0231704711914063
0.3505859375 0.067230224609375 0.0395240783691406 0.00847625732421875
0.320465087890625 0.074493408203125 0.00478458404541017 -0.0164089202880859
0.35699462890625 0.100830078125 -0.015106201171875 -0.0424842834472656
0.296783447265625 0.216339111328125 0.00299835205078127 -0.0643882751464844
0.1158447265625 0.3360595703125 0.00640869140625001 -0.123870849609375
-0.0806884765625 0.348114013671875 0.0839691162109375 -0.147216796875
-0.350799560546875 0.1630859375 0.241714477539062 -0.134246826171875
-0.452606201171875 -0.0441284179687501 0.342559814453125 -0.030487060546875
-0.394927978515625 -0.171539306640625 0.391082763671875 0.156494140625
-0.483367919921875 -0.137115478515625 -0.142898559570313 -0.256927490234375
-0.4727783203125 0.0656433105468749 -0.17816162109375 -0.123184204101562
-0.336334228515625 0.251373291015625 -0.118759155273438 -0.0128631591796875
-0.09228515625 0.368133544921875 -0.0550537109375 -0.00236511230468748
0.11163330078125 0.31964111328125 -0.0861434936523438 -0.0251083374023437
0.300048828125 0.1932373046875 -0.0769805908203125 -0.0133438110351562
0.32720947265625 0.068359375 -0.08953857421875 0.0145797729492188
0.30462646484375 0.072296142578125 -0.117225646972656 0.0102462768554688
0.3419189453125 0.09503173828125 -0.1390380859375 -0.0284500122070312
0.29095458984375 0.2017822265625 -0.112930297851563 -0.0927505493164062
0.128204345703125 0.32745361328125 -0.07855224609375 -0.17108154296875
-0.057525634765625 0.358917236328125 0.0398101806640625 -0.1971435546875
-0.35064697265625 0.202484130859375 0.201812744140625 -0.16400146484375
-0.48565673828125 0.00930786132812501 0.23992919921875 -0.0320281982421875
-0.451995849609375 -0.128021240234375 0.255844116210938 0.08160400390625
-0.444427490234375 -0.04119873046875 -0.254241943359375 -0.294158935546875
-0.382843017578125 0.12896728515625 -0.239044189453125 -0.119155883789062
-0.237045288085938 0.241943359375 -0.119377136230469 -0.020721435546875
-0.041015625 0.2938232421875 -0.0713729858398438 -0.0568084716796875
0.104583740234375 0.242218017578125 -0.136474609375 -0.0777435302734375
0.239898681640625 0.146240234375 -0.173507690429687 -0.0404205322265625
0.254837036132813 0.05743408203125 -0.199234008789062 0.021240234375
0.24334716796875 0.0585479736328125 -0.220428466796875 0.0347442626953125
0.273574829101563 0.08099365234375 -0.244964599609375 -0.014068603515625
0.226715087890625 0.162109375 -0.21441650390625 -0.1138916015625
0.099700927734375 0.26123046875 -0.149063110351562 -0.201751708984375
-0.039154052734375 0.290771484375 -0.00233459472656252 -0.224456787109375
-0.282196044921875 0.17803955078125 0.144744873046875 -0.165512084960938
-0.415924072265625 0.041412353515625 0.122200012207031 -0.0200653076171875
-0.418060302734375 -0.0683593750000001 0.106697082519531 0.01495361328125
-0.348724365234375 0.059112548828125 -0.350677490234375 -0.306884765625
-0.249176025390625 0.169784545898438 -0.285064697265625 -0.106964111328125
-0.106536865234375 0.20391845703125 -0.121162414550781 -0.0184402465820312
0.0196685791015625 0.180419921875 -0.0858917236328125 -0.0872421264648437
0.0877838134765625 0.128028869628906 -0.164779663085937 -0.101333618164063
0.148239135742188 0.07269287109375 -0.236663818359375 -0.05072021484375
0.145416259765625 0.033416748046875 -0.273101806640625 0.0276641845703125
0.14593505859375 0.0355072021484375 -0.289947509765625 0.053863525390625
0.162826538085938 0.0578765869140625 -0.3148193359375 -0.00439453124999999
0.117935180664062 0.100311279296875 -0.281768798828125 -0.12933349609375
0.0412445068359375 0.148483276367188 -0.185577392578125 -0.213226318359375
-0.0262451171875 0.158584594726563 -0.024383544921875 -0.22723388671875
-0.159835815429687 0.1021728515625 0.0963287353515625 -0.142715454101563
-0.2589111328125 0.05438232421875 0.0214385986328125 0.000211715698242191
-0.301300048828125 0.00418090820312505 -0.0240039825439453 -0.0346298217773438
-0.211105346679687 0.143356323242188 -0.427093505859375 -0.29327392578125
-0.101058959960937 0.181976318359375 -0.323974609375 -0.08685302734375
0.0223236083984375 0.149368286132812 -0.12890625 -0.000648498535156248
0.0759124755859375 0.058074951171875 -0.09912109375 -0.0844802856445312
0.0628395080566406 0.0044097900390625 -0.169082641601563 -0.09259033203125
0.0407333374023438 -0.0104293823242188 -0.25811767578125 -0.0416107177734375
0.0165653228759766 0.00430870056152344 -0.30255126953125 0.03851318359375
0.0270442962646484 0.00724983215332031 -0.316497802734375 0.06365966796875
0.0285148620605469 0.0268115997314453 -0.33941650390625 -0.00146484374999995
-0.0083465576171875 0.0252761840820313 -0.30206298828125 -0.139923095703125
-0.0231266021728516 0.0153560638427734 -0.182281494140625 -0.211685180664063
-0.00786495208740234 0.00596952438354492 -0.022216796875 -0.212234497070313
-0.0128297805786133 0.0145378112792969 0.06854248046875 -0.107017517089844
-0.0594825744628906 0.0645027160644531 -0.0365333557128906 0.021453857421875
-0.1365966796875 0.0835494995117188 -0.110908508300781 -0.0576705932617188
-0.0568695068359375 -0.177230834960938 0.176345825195313 0.00396728515624999
-0.182342529296875 -0.0773468017578125 0.0450439453125 -0.0504608154296875
-0.142608642578125 0.0948028564453125 -0.0915145874023438 0.0650177001953125
-0.00640869140624999 0.158187866210938 -0.00192260742187499 0.213027954101562
0.0720672607421875 0.113990783691406 0.149169921875 0.20806884765625
0.126991271972656 0.0344619750976563 0.311431884765625 0.106658935546875
0.132980346679688 -0.0104293823242188 0.355560302734375 -0.0191650390625
0.11181640625 0.0111236572265625 0.31134033203125 -0.07342529296875
0.1171875 0.0281219482421875 0.288818359375 -0.042236328125
0.077392578125 0.0893325805664063 0.251235961914063 0.047149658203125
-0.0108566284179688 0.110183715820313 0.167205810546875 0.0515899658203125
-0.0953369140625 0.0616073608398438 0.117393493652344 0.030670166015625
-0.116889953613281 -0.0685501098632813 0.205947875976563 0.010101318359375
-0.0355987548828125 -0.1695556640625 0.396453857421875 0.0386962890625
0.0688018798828125 -0.164581298828125 0.503082275390625 0.34417724609375
-0.244598388671875 -0.232269287109375 0.146682739257812 -0.042999267578125
-0.34869384765625 -0.064971923828125 0.0205841064453125 -0.0678062438964844
-0.271133422851563 0.158599853515625 -0.0977096557617188 0.0402069091796875
-0.058837890625 0.278060913085938 -0.0170745849609375 0.174270629882813
0.0999908447265625 0.229827880859375 0.0965118408203125 0.172012329101563
0.230941772460938 0.111602783203125 0.245712280273438 0.0928955078125
0.252838134765625 0.0189971923828125 0.287841796875 -0.008026123046875
0.224822998046875 0.038330078125 0.244430541992187 -0.060089111328125
0.242202758789063 0.0632781982421875 0.219970703125 -0.04534912109375
0.182647705078125 0.157546997070313 0.198516845703125 0.01702880859375
0.03753662109375 0.220413208007812 0.1328125 0.000900268554687514
-0.107894897460937 0.179840087890625 0.116867065429688 -0.02166748046875
-0.22564697265625 0.00416564941406254 0.234786987304688 -0.041839599609375
-0.206924438476563 -0.149444580078125 0.419952392578125 0.00637817382812499
-0.113998413085938 -0.198501586914063 0.529083251953125 0.29852294921875
-0.395416259765625 -0.250213623046875 0.071685791015625 -0.110885620117187
-0.46844482421875 -0.0387573242187499 -0.03497314453125 -0.0874557495117188
-0.362762451171875 0.2093505859375 -0.106277465820313 0.0230636596679688
-0.099212646484375 0.361602783203125 -0.028411865234375 0.127243041992188
0.116363525390625 0.316986083984375 0.0389480590820313 0.118705749511719
0.30291748046875 0.1727294921875 0.15234375 0.0667877197265625
0.336669921875 0.045166015625 0.181167602539063 0.0037384033203125
0.305206298828125 0.058441162109375 0.139244079589844 -0.037384033203125
0.334930419921875 0.08624267578125 0.114524841308594 -0.0421600341796875
0.2694091796875 0.203353881835938 0.11407470703125 -0.0198211669921875
0.0892333984375 0.306854248046875 0.0762557983398438 -0.0606155395507812
-0.101318359375 0.292236328125 0.105712890625 -0.0873565673828125
-0.31768798828125 0.0953063964843749 0.252166748046875 -0.0980072021484375
-0.370330810546875 -0.1019287109375 0.409759521484375 -0.02117919921875
-0.2923583984375 -0.204681396484375 0.49578857421875 0.23284912109375
-0.489593505859375 -0.218475341796875 -0.034820556640625 -0.184326171875
-0.522552490234375 0.0103759765625001 -0.109176635742188 -0.102630615234375
-0.39599609375 0.249969482421875 -0.114051818847656 0.0102920532226563
-0.114532470703125 0.40472412109375 -0.0404434204101563 0.069183349609375
0.123809814453125 0.358123779296875 -0.0243568420410156 0.0519142150878906
0.334442138671875 0.206298828125 0.0400466918945313 0.0321769714355469
0.36993408203125 0.06298828125 0.0504722595214844 0.0154304504394531
0.339263916015625 0.070587158203125 0.0142354965209961 -0.00846195220947265
0.379058837890625 0.0966796875 -0.0124568939208984 -0.0311565399169922
0.317596435546875 0.222015380859375 0.00227355957031252 -0.0545768737792969
0.129241943359375 0.355133056640625 -0.00230407714843749 -0.11993408203125
-0.08306884765625 0.371307373046875 0.0742340087890625 -0.151382446289062
-0.37689208984375 0.178314208984375 0.239791870117187 -0.146209716796875
-0.487030029296875 -0.0430297851562501 0.348663330078125 -0.036834716796875
-0.42486572265625 -0.18487548828125 0.40057373046875 0.157928466796875
-0.513275146484375 -0.148773193359375 -0.157440185546875 -0.249114990234375
-0.50030517578125 0.0705566406250001 -0.187789916992187 -0.10931396484375
-0.358123779296875 0.267547607421875 -0.119979858398438 -0.000434875488281221
-0.095947265625 0.390655517578125 -0.0545234680175781 0.0053825378417969
0.12274169921875 0.339385986328125 -0.0875930786132812 -0.0167236328125
0.318023681640625 0.20184326171875 -0.0777740478515625 -0.0042266845703125
0.348541259765625 0.069580078125 -0.0843582153320312 0.0237503051757812
0.324066162109375 0.071746826171875 -0.112831115722656 0.0205001831054687
0.3642578125 0.09619140625 -0.141860961914063 -0.015380859375
0.310211181640625 0.21221923828125 -0.118698120117188 -0.0831451416015625
0.13677978515625 0.348236083984375 -0.090972900390625 -0.168380737304687
-0.0609130859375 0.382781982421875 0.029052734375 -0.201461791992187
-0.3741455078125 0.215240478515625 0.19622802734375 -0.17364501953125
-0.51763916015625 0.007659912109375 0.240219116210937 -0.037261962890625
-0.47906494140625 -0.142913818359375 0.256546020507812 0.07818603515625
-0.467376708984375 -0.050872802734375 -0.278167724609375 -0.29254150390625
-0.406005859375 0.12811279296875 -0.255630493164063 -0.107330322265625
-0.25775146484375 0.252822875976563 -0.122947692871094 -0.00887298583984374
-0.0499267578125 0.311492919921875 -0.0720367431640625 -0.0518722534179687
0.109893798828125 0.260833740234375 -0.141403198242188 -0.071441650390625
0.253936767578125 0.15911865234375 -0.17913818359375 -0.0320587158203125
0.274078369140625 0.062530517578125 -0.200759887695312 0.0302276611328125
0.260208129882813 0.0622711181640625 -0.221420288085937 0.0456085205078125
0.29266357421875 0.086822509765625 -0.2530517578125 -0.00183105468749996
0.241195678710937 0.175277709960938 -0.2265625 -0.104934692382813
0.102584838867188 0.280975341796875 -0.163543701171875 -0.2000732421875
-0.046478271484375 0.308258056640625 -0.0139923095703125 -0.22882080078125
-0.30413818359375 0.18377685546875 0.138427734375 -0.172988891601563
-0.44134521484375 0.035919189453125 0.116905212402344 -0.0233154296875
-0.438323974609375 -0.0831298828125001 0.0992279052734375 0.00591278076171874
-0.3599853515625 0.0500793457031249 -0.381072998046875 -0.312225341796875
-0.263458251953125 0.165313720703125 -0.307525634765625 -0.0975341796874999
-0.121612548828125 0.206024169921875 -0.125907897949219 -0.00791168212890624
0.00912475585937501 0.190567016601563 -0.0883560180664063 -0.0833282470703125
0.0870819091796875 0.141845703125 -0.171127319335938 -0.098724365234375
0.15625 0.086700439453125 -0.246047973632812 -0.0447998046874999
0.1590576171875 0.0431060791015625 -0.281402587890625 0.03619384765625
0.1578369140625 0.04290771484375 -0.2967529296875 0.0641784667968751
0.176803588867188 0.0666046142578125 -0.328338623046875 0.00686645507812496
0.1265869140625 0.116142272949219 -0.2974853515625 -0.122772216796875
0.0381011962890625 0.165817260742188 -0.200531005859375 -0.21484375
-0.0367584228515625 0.169769287109375 -0.035186767578125 -0.232666015625
-0.178009033203125 0.100112915039062 0.0896453857421875 -0.147628784179688
-0.274169921875 0.044158935546875 0.0133733749389648 -0.00224208831787109
-0.311767578125 -0.01092529296875 -0.0366554260253906 -0.049835205078125
-0.209182739257813 0.139175415039062 -0.458892822265625 -0.305084228515625
-0.10186767578125 0.174606323242188 -0.348175048828125 -0.0794677734375001
0.0177764892578125 0.144027709960937 -0.133895874023438 0.00838470458984374
0.0660934448242188 0.0583343505859375 -0.100967407226563 -0.0823593139648438
0.0566787719726562 0.0108871459960938 -0.174514770507813 -0.094268798828125
0.0405616760253906 0.00284576416015625 -0.268890380859375 -0.0399627685546875
0.0224533081054688 0.0164394378662109 -0.3148193359375 0.04248046875
0.0318317413330078 0.0168914794921875 -0.327880859375 0.0726318359375001
0.0354576110839844 0.0378074645996094 -0.35479736328125 0.00631713867187502
-0.0064239501953125 0.0410919189453125 -0.3206787109375 -0.137298583984375
-0.0317192077636719 0.0292835235595703 -0.19647216796875 -0.216049194335937
-0.0197124481201172 0.0103816986083984 -0.031005859375 -0.218902587890625
-0.0250873565673828 0.00651359558105468 0.0633621215820313 -0.110298156738281
-0.0644683837890625 0.0512161254882813 -0.0454635620117188 0.0167961120605469
-0.13525390625 0.0707931518554687 -0.125167846679688 -0.0782394409179687
-0.0719146728515625 -0.168258666992188 0.194595336914063 0.0168609619140625
-0.188125610351563 -0.05645751953125 0.055023193359375 -0.0454444885253906
-0.13232421875 0.109146118164063 -0.08612060546875 0.0714797973632813
0.01068115234375 0.156600952148438 0.0101470947265625 0.21954345703125
0.0849380493164062 0.1060791015625 0.16595458984375 0.209945678710938
0.128868103027344 0.0186080932617188 0.329376220703125 0.096710205078125
0.132301330566406 -0.0268630981445312 0.371978759765625 -0.037811279296875
0.113067626953125 -0.003570556640625 0.32366943359375 -0.0892333984375
0.120208740234375 0.01177978515625 0.30352783203125 -0.05426025390625
0.0882492065429687 0.0784835815429688 0.269058227539063 0.0415496826171875
0.003265380859375 0.109771728515625 0.1751708984375 0.0500640869140625
-0.0877151489257813 0.0708694458007813 0.119781494140625 0.0275115966796875
-0.121246337890625 -0.0540542602539062 0.215103149414063 -0.0056915283203125
-0.050933837890625 -0.161529541015625 0.41876220703125 0.02099609375
0.0523223876953125 -0.166717529296875 0.54595947265625 0.342315673828125
-0.272064208984375 -0.221710205078125 0.159225463867188 -0.028717041015625
-0.36279296875 -0.0390625 0.0290718078613281 -0.0599174499511719
-0.268112182617188 0.180816650390625 -0.09271240234375 0.0488204956054687
-0.041259765625 0.286590576171875 -0.00682067871093749 0.18292236328125
0.11907958984375 0.227569580078125 0.110504150390625 0.178451538085938
0.241943359375 0.096527099609375 0.261917114257813 0.0894012451171875
0.261474609375 -0.0006256103515625 0.3055419921875 -0.019500732421875
0.234619140625 0.02069091796875 0.2574462890625 -0.070220947265625
0.255126953125 0.0439453125 0.233200073242188 -0.0511474609375
0.202545166015625 0.148788452148438 0.213027954101562 0.01629638671875
0.0578765869140625 0.226547241210938 0.135444641113281 0.000885009765625014
-0.0989227294921875 0.198379516601563 0.114425659179688 -0.0262832641601562
-0.238479614257813 0.0262603759765625 0.240036010742187 -0.0588836669921875
-0.234420776367188 -0.1368408203125 0.440032958984375 -0.01361083984375
-0.142303466796875 -0.200057983398438 0.56475830078125 0.29443359375
-0.432037353515625 -0.2403564453125 0.0762481689453125 -0.0963211059570313
-0.4901123046875 -0.011199951171875 -0.0311965942382813 -0.0764389038085937
-0.3663330078125 0.23931884765625 -0.102973937988281 0.0338821411132813
-0.084259033203125 0.377532958984375 -0.020538330078125 0.136154174804688
0.139678955078125 0.32098388671875 0.049163818359375 0.128173828125
0.32171630859375 0.161346435546875 0.16448974609375 0.068267822265625
0.35302734375 0.0244140625 0.196868896484375 -0.0019073486328125
0.32147216796875 0.039703369140625 0.152435302734375 -0.04052734375
0.35540771484375 0.06689453125 0.123336791992188 -0.0402145385742187
0.295745849609375 0.1953125 0.121803283691406 -0.0157089233398437
0.113739013671875 0.318939208984375 0.071868896484375 -0.0589065551757812
-0.090576171875 0.316436767578125 0.0972518920898438 -0.091888427734375
-0.3359375 0.12188720703125 0.251983642578125 -0.116851806640625
-0.4041748046875 -0.0850524902343749 0.422882080078125 -0.041778564453125
-0.327117919921875 -0.205291748046875 0.5238037109375 0.22857666015625
-0.528350830078125 -0.209869384765625 -0.0422821044921875 -0.1693115234375
-0.548095703125 0.0359497070312499 -0.111495971679688 -0.088287353515625
-0.406585693359375 0.282745361328125 -0.112014770507813 0.0230026245117188
-0.10137939453125 0.429229736328125 -0.034912109375 0.0775222778320313
0.1490478515625 0.368621826171875 -0.0191116333007812 0.0629501342773438
0.358062744140625 0.200103759765625 0.0468254089355469 0.0396881103515625
0.3929443359375 0.04510498046875 0.0623397827148438 0.0172119140625
0.361328125 0.0543212890625 0.0237503051757813 -0.00391769409179687
0.40386962890625 0.08062744140625 -0.00913429260253904 -0.0215663909912109
0.34613037109375 0.21673583984375 0.0036125183105469 -0.0455780029296875
0.1544189453125 0.369720458984375 -0.0126419067382812 -0.115837097167969
-0.0718994140625 0.398193359375 0.061859130859375 -0.156219482421875
-0.396209716796875 0.207183837890625 0.2342529296875 -0.164108276367187
-0.523223876953125 -0.0238647460937501 0.3553466796875 -0.054534912109375
-0.46417236328125 -0.1842041015625 0.416412353515625 0.1495361328125
-0.54931640625 -0.141998291015625 -0.176681518554688 -0.236602783203125
-0.5264892578125 0.0933837890625001 -0.197662353515625 -0.0919036865234375
-0.372344970703125 0.29888916015625 -0.120124816894531 0.0128936767578125
-0.088287353515625 0.416473388671875 -0.0527839660644531 0.0134124755859375
0.145660400390625 0.353912353515625 -0.08856201171875 -0.00537109374999999
0.343719482421875 0.20098876953125 -0.077392578125 0.00697326660156252
0.373046875 0.05682373046875 -0.0786819458007812 0.0315475463867187
0.346588134765625 0.060546875 -0.107795715332031 0.03173828125
0.390380859375 0.0843505859375 -0.144256591796875 0.0005340576171875
0.337982177734375 0.211456298828125 -0.125640869140625 -0.0693206787109375
0.159027099609375 0.365631103515625 -0.107284545898438 -0.162399291992187
-0.051910400390625 0.4088134765625 0.012908935546875 -0.205886840820312
-0.393890380859375 0.241729736328125 0.187301635742188 -0.188796997070313
-0.550537109375 0.0263061523437499 0.238906860351562 -0.0490875244140625
-0.51348876953125 -0.142578125 0.25921630859375 0.0684661865234375
-0.494842529296875 -0.047515869140625 -0.308349609375 -0.281890869140625
-0.42755126953125 0.142547607421875 -0.273223876953125 -0.088348388671875
-0.2718505859375 0.276031494140625 -0.124588012695313 0.00556182861328127
-0.048309326171875 0.3345947265625 -0.0748672485351563 -0.04498291015625
0.125640869140625 0.277664184570313 -0.147720336914063 -0.061981201171875
0.27606201171875 0.163543701171875 -0.185531616210937 -0.0189666748046875
0.2967529296875 0.057037353515625 -0.20184326171875 0.0435791015625
0.280685424804688 0.056549072265625 -0.221755981445312 0.0626373291015625
0.31793212890625 0.08221435546875 -0.260223388671875 0.019073486328125
0.264068603515625 0.179718017578125 -0.23956298828125 -0.0890960693359375
0.117950439453125 0.29864501953125 -0.183151245117188 -0.193557739257812
-0.04412841796875 0.329315185546875 -0.0317535400390625 -0.231460571289062
-0.323760986328125 0.2020263671875 0.127120971679687 -0.182571411132813
-0.46722412109375 0.0472106933593751 0.110984802246094 -0.0294113159179688
-0.46392822265625 -0.084442138671875 0.091339111328125 -0.00489807128906251
-0.37432861328125 0.051544189453125 -0.419769287109375 -0.30474853515625
-0.274063110351563 0.17083740234375 -0.331329345703125 -0.0787353515625
-0.131927490234375 0.2166748046875 -0.129341125488281 0.00552368164062499
0.0050048828125 0.203857421875 -0.093231201171875 -0.0793609619140625
0.093017578125 0.15411376953125 -0.180374145507812 -0.092041015625
0.16986083984375 0.09600830078125 -0.256851196289063 -0.0325164794921875
0.176025390625 0.0453948974609375 -0.28961181640625 0.0518798828125001
0.172821044921875 0.0432281494140625 -0.301849365234375 0.0833740234375
0.195526123046875 0.0686798095703125 -0.33984375 0.02813720703125
0.141586303710938 0.12738037109375 -0.316650390625 -0.10662841796875
0.0433349609375 0.183441162109375 -0.221832275390625 -0.209335327148437
-0.040679931640625 0.184661865234375 -0.0518646240234375 -0.235549926757813
-0.194900512695312 0.106399536132813 0.079132080078125 -0.153518676757813
-0.291778564453125 0.045013427734375 0.00495958328247068 -0.00449562072753906
-0.326446533203125 -0.01568603515625 -0.053497314453125 -0.0617561340332031
-0.206008911132812 0.139495849609375 -0.501312255859375 -0.29931640625
-0.100753784179688 0.17236328125 -0.37432861328125 -0.06158447265625
0.015228271484375 0.140609741210937 -0.138252258300781 0.02130126953125
0.0582084655761719 0.0593643188476563 -0.106254577636719 -0.078826904296875
0.0526962280273438 0.0174942016601563 -0.183670043945313 -0.0912017822265625
0.0441322326660156 0.0143585205078125 -0.28143310546875 -0.030517578125
0.0308628082275391 0.0263290405273438 -0.32672119140625 0.057159423828125
0.0388069152832031 0.0239105224609375 -0.33740234375 0.090911865234375
0.0454750061035156 0.0463600158691406 -0.37091064453125 0.02703857421875
-0.000793457031249998 0.0558853149414062 -0.343414306640625 -0.123199462890625
-0.0365791320800781 0.0444564819335937 -0.216949462890625 -0.213165283203125
-0.0306243896484375 0.0167484283447266 -0.045440673828125 -0.224212646484375
-0.0379257202148438 0.00171661376953125 0.0548248291015625 -0.11529541015625
-0.0705413818359375 0.0415802001953125 -0.0547904968261719 0.0154342651367188
-0.136283874511719 0.062042236328125 -0.146194458007813 -0.0923309326171875
-0.08587646484375 -0.152938842773438 0.2127685546875 0.0217132568359375
-0.187240600585938 -0.032562255859375 0.0645561218261719 -0.0431938171386719
-0.115898132324219 0.120407104492188 -0.07684326171875 0.0773696899414063
0.0286407470703125 0.150115966796875 0.025787353515625 0.221099853515625
0.0951309204101563 0.0929412841796875 0.183944702148438 0.202957153320313
0.126663208007813 0.00229644775390625 0.341949462890625 0.076507568359375
0.125946044921875 -0.043975830078125 0.377349853515625 -0.06268310546875
0.109748840332031 -0.0196075439453125 0.3255615234375 -0.111480712890625
0.117607116699219 -0.00579071044921875 0.30816650390625 -0.07415771484375
0.0955886840820313 0.06329345703125 0.279861450195313 0.0258636474609375
0.0175247192382812 0.104454040527344 0.181137084960938 0.0425262451171875
-0.0757217407226563 0.0786361694335938 0.120048522949219 0.0221405029296875
-0.121673583984375 -0.03717041015625 0.217086791992188 -0.025054931640625
-0.0658721923828125 -0.149078369140625 0.429473876953125 -0.00970458984375001
0.033355712890625 -0.164031982421875 0.58270263671875 0.31781005859375
-0.2950439453125 -0.19866943359375 0.172286987304687 -0.0197906494140625
-0.36590576171875 -0.00656127929687502 0.0365142822265625 -0.0550460815429687
-0.253707885742188 0.202896118164063 -0.0847549438476563 0.056915283203125
-0.018768310546875 0.286468505859375 0.00682067871093752 0.186203002929688
0.13787841796875 0.216094970703125 0.126190185546875 0.176834106445312
0.247528076171875 0.075836181640625 0.274429321289063 0.075714111328125
0.2613525390625 -0.0247802734375 0.314208984375 -0.039581298828125
0.236648559570312 -0.0023040771484375 0.263504028320313 -0.0860595703125
0.261245727539063 0.0188140869140625 0.239120483398438 -0.0628204345703125
0.21881103515625 0.129592895507812 0.223236083984375 0.00708007812500001
0.0809173583984375 0.225265502929687 0.136543273925781 -0.00239562988281249
-0.0824737548828125 0.212539672851563 0.109504699707031 -0.030303955078125
-0.24249267578125 0.05194091796875 0.236465454101563 -0.0792083740234375
-0.255722045898438 -0.114822387695312 0.446441650390625 -0.04266357421875
-0.170516967773437 -0.190765380859375 0.594970703125 0.27001953125
-0.461212158203125 -0.21142578125 0.0802993774414062 -0.0829544067382813
-0.497711181640625 0.029296875 -0.0260391235351563 -0.0664596557617188
-0.355438232421875 0.2698974609375 -0.095062255859375 0.0435791015625
-0.058563232421875 0.387298583984375 -0.00894165039062499 0.141433715820313
0.165496826171875 0.3134765625 0.0615158081054688 0.131889343261719
0.336334228515625 0.139404296875 0.176040649414063 0.0632781982421875
0.35955810546875 -0.00341796875 0.207504272460938 -0.0130767822265625
0.329376220703125 0.013458251953125 0.159942626953125 -0.0492706298828125
0.3680419921875 0.037200927734375 0.129875183105469 -0.0426254272460938
0.31768798828125 0.1754150390625 0.128280639648438 -0.0169296264648437
0.143524169921875 0.31854248046875 0.0672378540039063 -0.0569305419921875
-0.0693359375 0.333892822265625 0.0866775512695313 -0.09588623046875
-0.340911865234375 0.15411376953125 0.242828369140625 -0.136810302734375
-0.42889404296875 -0.05438232421875 0.423004150390625 -0.067962646484375
-0.36029052734375 -0.190216064453125 0.544464111328125 0.204132080078125
-0.559356689453125 -0.181427001953125 -0.048065185546875 -0.151336669921875
-0.5594482421875 0.0759582519531249 -0.110923767089844 -0.071136474609375
-0.398712158203125 0.318267822265625 -0.105209350585938 0.0356063842773438
-0.076202392578125 0.443695068359375 -0.0268173217773437 0.0846786499023438
0.178253173828125 0.365325927734375 -0.0108642578125 0.0713653564453125
0.379638671875 0.178955078125 0.0549392700195313 0.0428810119628906
0.4052734375 0.016998291015625 0.0729141235351563 0.0149078369140625
0.37286376953125 0.0284423828125 0.0336074829101563 -0.00359153747558594
0.4207763671875 0.05059814453125 -0.00323295593261716 -0.0127849578857422
0.3719482421875 0.19775390625 0.00564956665039065 -0.0376052856445312
0.185760498046875 0.372100830078125 -0.0236968994140625 -0.108932495117187
-0.048004150390625 0.417144775390625 0.044952392578125 -0.15753173828125
-0.4000244140625 0.241668701171875 0.219741821289062 -0.181976318359375
-0.546966552734375 0.011749267578125 0.35150146484375 -0.07647705078125
-0.49432373046875 -0.16473388671875 0.427642822265625 0.12908935546875
-0.5775146484375 -0.1177978515625 -0.193817138671875 -0.213653564453125
-0.536651611328125 0.12774658203125 -0.201828002929688 -0.0697174072265625
-0.369415283203125 0.333282470703125 -0.114555358886719 0.0271148681640625
-0.067169189453125 0.435516357421875 -0.0494461059570313 0.0210380554199219
0.174346923828125 0.356201171875 -0.0860137939453125 0.00598907470703128
0.36737060546875 0.185760498046875 -0.0738677978515625 0.0181961059570313
0.388763427734375 0.03277587890625 -0.0700759887695312 0.0393409729003906
0.360748291015625 0.038238525390625 -0.0977401733398437 0.0423202514648438
0.40985107421875 0.059906005859375 -0.139755249023438 0.0188217163085938
0.3619384765625 0.196014404296875 -0.127914428710937 -0.0534210205078125
0.18768310546875 0.36962890625 -0.121795654296875 -0.150375366210938
-0.030975341796875 0.42559814453125 -0.00758361816406252 -0.203445434570312
-0.398681640625 0.273590087890625 0.170333862304687 -0.200775146484375
-0.57171630859375 0.0588378906250001 0.232635498046875 -0.0624237060546875
-0.541717529296875 -0.122589111328125 0.258071899414062 0.05328369140625
-0.512298583984375 -0.029144287109375 -0.334991455078125 -0.25592041015625
-0.43560791015625 0.166351318359375 -0.283294677734375 -0.061676025390625
-0.27239990234375 0.3009033203125 -0.122161865234375 0.0206451416015625
-0.036102294921875 0.35223388671875 -0.0755157470703125 -0.0365447998046875
0.1475830078125 0.283172607421875 -0.150634765625 -0.048370361328125
0.298309326171875 0.1561279296875 -0.186859130859375 -0.00195312500000001
0.31402587890625 0.04107666015625 -0.197723388671875 0.058685302734375
0.2950439453125 0.0413818359375 -0.213958740234375 0.0797576904296875
0.336395263671875 0.06463623046875 -0.258193969726563 0.043975830078125
0.28515625 0.172332763671875 -0.246932983398437 -0.06671142578125
0.13983154296875 0.306427001953125 -0.201522827148438 -0.177627563476563
-0.02996826171875 0.345489501953125 -0.053131103515625 -0.227890014648438
-0.329681396484375 0.225830078125 0.110198974609375 -0.189071655273437
-0.484344482421875 0.071075439453125 0.103141784667969 -0.0346221923828125
-0.483917236328125 -0.070831298828125 0.0797653198242187 -0.0140762329101563
-0.3790283203125 0.0637817382812499 -0.453369140625 -0.277679443359375
-0.275985717773438 0.180206298828125 -0.3455810546875 -0.050506591796875
-0.1337890625 0.2275390625 -0.128562927246094 0.0204620361328125
0.00750732421875 0.214431762695313 -0.097442626953125 -0.0708847045898437
0.103118896484375 0.161041259765625 -0.187789916992188 -0.0790863037109375
0.185379028320313 0.0963897705078125 -0.26141357421875 -0.01312255859375
0.19122314453125 0.0396575927734375 -0.28851318359375 0.072357177734375
0.184463500976563 0.037353515625 -0.29742431640625 0.106170654296875
0.211334228515625 0.061553955078125 -0.340972900390625 0.05731201171875
0.158477783203125 0.129318237304688 -0.32855224609375 -0.08056640625
0.05499267578125 0.196029663085938 -0.241500854492188 -0.193313598632812
-0.037811279296875 0.197189331054687 -0.0714263916015625 -0.231857299804688
-0.204727172851562 0.117813110351563 0.064697265625 -0.156539916992188
-0.3021240234375 0.054046630859375 -0.00288963317871096 -0.00459623336791992
-0.336456298828125 -0.00985717773437495 -0.0712127685546875 -0.067901611328125
-0.19866943359375 0.141510009765625 -0.537933349609375 -0.2734375
-0.0958099365234375 0.168487548828125 -0.390869140625 -0.0323486328125
0.0141525268554687 0.136177062988281 -0.137214660644531 0.0362167358398438
0.0517463684082031 0.0602226257324219 -0.110420227050781 -0.0715103149414063
0.0503463745117188 0.0228118896484375 -0.191238403320313 -0.0809783935546875
0.0504226684570313 0.0221595764160156 -0.287994384765625 -0.0133361816406249
0.04095458984375 0.032501220703125 -0.330352783203125 0.0798645019531251
0.0470619201660156 0.0276832580566406 -0.335723876953125 0.114776611328125
0.0569267272949219 0.0504531860351563 -0.375457763671875 0.055389404296875
0.0089874267578125 0.0676040649414063 -0.359771728515625 -0.096649169921875
-0.0354690551757812 0.0600357055664063 -0.236968994140625 -0.199203491210938
-0.0383453369140625 0.0262985229492188 -0.06439208984375 -0.222183227539062
-0.050567626953125 -6.86645507812393E-05 0.0440826416015625 -0.117279052734375
-0.0772018432617188 0.0348587036132812 -0.0626640319824219 0.01702880859375
-0.135124206542969 0.0575942993164063 -0.16839599609375 -0.09722900390625
-0.092376708984375 -0.134414672851563 0.226699829101563 0.0230255126953125
-0.17779541015625 -0.0120086669921875 0.0719833374023437 -0.0422897338867188
-0.0981369018554687 0.124595642089844 -0.0665283203125 0.078948974609375
0.0417709350585938 0.137451171875 0.0402679443359375 0.214981079101563
0.09869384765625 0.078033447265625 0.194839477539063 0.188583374023438
0.118217468261719 -0.0113601684570313 0.343048095703125 0.05535888671875
0.113883972167969 -0.056121826171875 0.3701171875 -0.08477783203125
0.100929260253906 -0.0311737060546875 0.31646728515625 -0.12823486328125
0.109848022460938 -0.0205154418945313 0.3038330078125 -0.09112548828125
0.097259521484375 0.048309326171875 0.28167724609375 0.00982666015625
0.028350830078125 0.0955810546875 0.1817626953125 0.0348052978515625
-0.063629150390625 0.0813751220703125 0.117454528808594 0.0167007446289063
-0.116233825683594 -0.021881103515625 0.211135864257813 -0.042755126953125
-0.0744400024414063 -0.132484436035156 0.42596435546875 -0.035919189453125
0.0163726806640625 -0.1544189453125 0.5987548828125 0.28521728515625
-0.304351806640625 -0.171875 0.182464599609375 -0.0133209228515625
-0.355194091796875 0.0225219726562499 0.0432243347167969 -0.0506401062011719
-0.232528686523437 0.215423583984375 -0.0744476318359375 0.05987548828125
0.000915527343750004 0.277008056640625 0.0200653076171875 0.18389892578125
0.149215698242188 0.198883056640625 0.13818359375 0.168472290039063
0.244094848632813 0.0561065673828125 0.278579711914063 0.0610198974609375
0.252151489257813 -0.0449371337890625 0.312164306640625 -0.05767822265625
0.229904174804688 -0.02099609375 0.259490966796875 -0.100479125976562
0.256240844726563 -0.00482177734375 0.238616943359375 -0.0732421875
0.22589111328125 0.10858154296875 0.227020263671875 -0.00344848632812499
0.098907470703125 0.214462280273438 0.13446044921875 -0.00547790527343749
-0.063812255859375 0.2171630859375 0.102912902832031 -0.032684326171875
-0.237411499023438 0.0737152099609375 0.2247314453125 -0.0943145751953125
-0.265899658203125 -0.08935546875 0.43798828125 -0.066558837890625
-0.190170288085938 -0.174530029296875 0.605224609375 0.2401123046875
-0.470916748046875 -0.179840087890625 0.0861968994140625 -0.0695343017578125
-0.486724853515625 0.0620422363281251 -0.0194091796875 -0.057647705078125
-0.334075927734375 0.288604736328125 -0.0852127075195313 0.0493621826171875
-0.03515625 0.382598876953125 0.00196838378906249 0.141525268554688
0.182342529296875 0.29620361328125 0.0733413696289063 0.12933349609375
0.33795166015625 0.115570068359375 0.182418823242188 0.0556793212890625
0.353240966796875 -0.028839111328125 0.210174560546875 -0.025970458984375
0.3251953125 -0.01043701171875 0.161834716796875 -0.0569305419921875
0.365478515625 0.008880615234375 0.133323669433594 -0.0441741943359375
0.32806396484375 0.1502685546875 0.1318359375 -0.0198745727539062
0.165924072265625 0.3076171875 0.062408447265625 -0.05389404296875
-0.04718017578125 0.339691162109375 0.07525634765625 -0.0938339233398437
-0.332672119140625 0.179168701171875 0.2261962890625 -0.149444580078125
-0.437408447265625 -0.02362060546875 0.41119384765625 -0.08990478515625
-0.3779296875 -0.1678466796875 0.547332763671875 0.17657470703125
-0.56964111328125 -0.150390625 -0.0483856201171875 -0.131446838378906
-0.550018310546875 0.108642578125 -0.104896545410156 -0.0565032958984375
-0.379913330078125 0.3409423828125 -0.0951919555664063 0.0429840087890625
-0.0506591796875 0.445892333984375 -0.0181045532226562 0.0878677368164063
0.198883056640625 0.351226806640625 -0.00180053710937499 0.0753250122070313
0.38665771484375 0.15631103515625 0.0625152587890625 0.0440826416015625
0.40338134765625 -0.01055908203125 0.0795059204101563 0.0105819702148438
0.371795654296875 0.003631591796875 0.04022216796875 -0.00429534912109375
0.422119140625 0.021484375 0.00368118286132815 -0.00620508193969726
0.38323974609375 0.173492431640625 0.00978660583496097 -0.0314807891845703
0.2088623046875 0.361480712890625 -0.0306930541992187 -0.09979248046875
-0.024688720703125 0.421142578125 0.0306243896484375 -0.151260375976562
-0.390472412109375 0.2679443359375 0.199508666992187 -0.19000244140625
-0.55194091796875 0.045440673828125 0.3372802734375 -0.092559814453125
-0.50897216796875 -0.140594482421875 0.423187255859375 0.106903076171875
-0.5845947265625 -0.08837890625 -0.199813842773438 -0.18634033203125
-0.52862548828125 0.155181884765625 -0.197738647460938 -0.0495452880859375
-0.355194091796875 0.35662841796875 -0.105850219726563 0.037628173828125
-0.046051025390625 0.44122314453125 -0.0439987182617188 0.0268898010253907
0.195037841796875 0.345703125 -0.0800552368164062 0.01605224609375
0.37689208984375 0.16436767578125 -0.0659904479980468 0.0273590087890625
0.391815185546875 0.008697509765625 -0.0610427856445312 0.0433845520019531
0.3624267578125 0.01617431640625 -0.0873565673828125 0.0475387573242188
0.41424560546875 0.03424072265625 -0.129791259765625 0.0333709716796875
0.375701904296875 0.1756591796875 -0.125076293945312 -0.03851318359375
0.210784912109375 0.3616943359375 -0.130989074707031 -0.134201049804687
-0.00946044921874995 0.42938232421875 -0.024139404296875 -0.194717407226562
-0.3895263671875 0.29620361328125 0.1492919921875 -0.203155517578125
-0.57220458984375 0.08880615234375 0.220230102539062 -0.0710906982421875
-0.5496826171875 -0.0997314453125001 0.2490234375 0.040252685546875
-0.51611328125 -0.010528564453125 -0.34765625 -0.225494384765625
-0.430023193359375 0.1834716796875 -0.281951904296875 -0.0364990234375
-0.263671875 0.317413330078125 -0.115135192871094 0.0322113037109375
-0.022369384765625 0.359588623046875 -0.0732345581054687 -0.0283050537109375
0.163772583007813 0.2779541015625 -0.148544311523438 -0.03521728515625
0.310943603515625 0.142547607421875 -0.180618286132812 0.0133819580078125
0.320159912109375 0.023651123046875 -0.187332153320313 0.0701751708984375
0.299652099609375 0.02520751953125 -0.200714111328125 0.09173583984375
0.34417724609375 0.04510498046875 -0.247711181640625 0.0644683837890626
0.2987060546875 0.159210205078125 -0.244659423828125 -0.0449371337890625
0.157257080078125 0.30487060546875 -0.210128784179688 -0.157684326171875
-0.01556396484375 0.350311279296875 -0.068817138671875 -0.2161865234375
-0.325164794921875 0.2427978515625 0.0925445556640625 -0.18743896484375
-0.485260009765625 0.092071533203125 0.0926437377929687 -0.0365219116210937
-0.48883056640625 -0.0550537109375 0.0665702819824218 -0.0196571350097656
-0.37469482421875 0.070404052734375 -0.46929931640625 -0.244293212890625
-0.271270751953125 0.185791015625 -0.346954345703125 -0.0228881835937499
-0.132080078125 0.233551025390625 -0.122123718261719 0.032073974609375
0.0102996826171875 0.220138549804688 -0.0974807739257812 -0.0612258911132813
0.110916137695312 0.161697387695313 -0.1866455078125 -0.065185546875
0.195846557617188 0.092803955078125 -0.257080078125 0.00469970703125004
0.199951171875 0.0319671630859375 -0.279403686523438 0.088287353515625
0.190460205078125 0.0299835205078125 -0.284637451171875 0.12127685546875
0.22052001953125 0.0519866943359375 -0.33062744140625 0.081787109375
0.171432495117188 0.125518798828125 -0.32806396484375 -0.054443359375
0.06671142578125 0.201339721679688 -0.25 -0.171661376953125
-0.0331268310546875 0.20416259765625 -0.0867767333984375 -0.220535278320313
-0.208221435546875 0.127655029296875 0.0510711669921875 -0.152862548828125
-0.306549072265625 0.0625610351562501 -0.00983428955078127 -0.00284004211425781
-0.337158203125 -0.00527954101562496 -0.0875473022460938 -0.0685348510742188
-0.187820434570312 0.138809204101563 -0.554962158203125 -0.241363525390625
-0.0907440185546875 0.160919189453125 -0.392791748046875 -0.00558471679687497
0.0119247436523438 0.1302490234375 -0.13104248046875 0.0464706420898438
0.0454139709472656 0.0624656677246094 -0.110931396484375 -0.0626068115234375
0.0480537414550781 0.0274429321289063 -0.192276000976563 -0.0693206787109375
0.0560455322265625 0.0282630920410156 -0.286102294921875 0.00305175781249997
0.0502777099609375 0.034759521484375 -0.32305908203125 0.097015380859375
0.053619384765625 0.0293426513671875 -0.323486328125 0.13214111328125
0.0665397644042969 0.0504570007324219 -0.36688232421875 0.079925537109375
0.0200424194335938 0.0747528076171875 -0.361724853515625 -0.0693664550781249
-0.0312576293945313 0.072235107421875 -0.24713134765625 -0.17987060546875
-0.0427780151367188 0.0354080200195312 -0.0784912109375 -0.213027954101563
-0.0613365173339844 0.00171279907226563 0.0338211059570312 -0.114723205566406
-0.0827713012695313 0.0304641723632813 -0.0671348571777344 0.0190391540527344
-0.132514953613281 0.0510025024414062 -0.186111450195312 -0.09716796875
-0.0915451049804688 -0.119537353515625 0.237258911132812 0.0270233154296875
-0.165908813476563 0.000518798828125 0.0782928466796875 -0.0405731201171875
-0.0837249755859375 0.1221923828125 -0.0587844848632813 0.0770034790039063
0.0481643676757813 0.124969482421875 0.04620361328125 0.207962036132813
0.0980911254882813 0.0667495727539063 0.196517944335938 0.178192138671875
0.109611511230469 -0.0185317993164063 0.337066650390625 0.042999267578125
0.102890014648438 -0.062286376953125 0.361968994140625 -0.09417724609375
0.0921859741210938 -0.0389556884765625 0.307952880859375 -0.13348388671875
0.100898742675781 -0.02972412109375 0.297210693359375 -0.097442626953125
0.0944976806640625 0.0363845825195313 0.279861450195313 0.000503540039062502
0.0344314575195313 0.0866317749023437 0.178512573242187 0.0309906005859375
-0.054046630859375 0.0801773071289063 0.114204406738281 0.0158843994140625
-0.108161926269531 -0.012939453125 0.203369140625 -0.05084228515625
-0.075927734375 -0.11859130859375 0.417022705078125 -0.04864501953125
0.006256103515625 -0.142730712890625 0.59649658203125 0.266357421875
-0.3028564453125 -0.152923583984375 0.191665649414062 -0.00502014160156251
-0.3402099609375 0.0376586914062501 0.0503501892089844 -0.0464515686035156
-0.2159423828125 0.215805053710938 -0.0668106079101563 0.0594215393066406
0.010284423828125 0.265365600585938 0.0271453857421875 0.178482055664063
0.1500244140625 0.18463134765625 0.142532348632813 0.161895751953125
0.2362060546875 0.0440673828125 0.277557373046875 0.0522613525390625
0.239883422851563 -0.0555419921875 0.30706787109375 -0.06610107421875
0.22076416015625 -0.032073974609375 0.25494384765625 -0.104583740234375
0.24713134765625 -0.018218994140625 0.235397338867188 -0.076690673828125
0.224746704101563 0.0933685302734375 0.226272583007813 -0.00901794433593749
0.108383178710937 0.203994750976562 0.131607055664063 -0.00523376464843749
-0.052032470703125 0.216888427734375 0.0975799560546875 -0.0306167602539062
-0.229171752929687 0.0861968994140625 0.214111328125 -0.100128173828125
-0.268234252929687 -0.0723571777343751 0.4259033203125 -0.076904296875
-0.199539184570313 -0.160858154296875 0.60235595703125 0.22393798828125
-0.469451904296875 -0.160430908203125 0.0934371948242187 -0.0557479858398438
-0.4713134765625 0.0779418945312501 -0.0122184753417969 -0.0512313842773438
-0.316619873046875 0.29327392578125 -0.0762863159179688 0.0506744384765625
-0.023529052734375 0.373199462890625 0.00905609130859374 0.139228820800781
0.186813354492188 0.280868530273438 0.0793533325195313 0.126731872558594
0.332611083984375 0.10174560546875 0.18463134765625 0.0520477294921875
0.34259033203125 -0.0426025390625 0.210830688476563 -0.031890869140625
0.316009521484375 -0.021942138671875 0.162551879882813 -0.0594329833984375
0.357330322265625 -0.007049560546875 0.135200500488281 -0.0442123413085938
0.32855224609375 0.133758544921875 0.134246826171875 -0.0200042724609375
0.1761474609375 0.297119140625 0.0591583251953125 -0.0491867065429687
-0.034759521484375 0.33770751953125 0.067413330078125 -0.0882110595703125
-0.324737548828125 0.192840576171875 0.211593627929687 -0.152481079101563
-0.437225341796875 -0.00424194335937501 0.397552490234375 -0.096282958984375
-0.385040283203125 -0.153656005859375 0.539215087890625 0.164154052734375
-0.56707763671875 -0.13165283203125 -0.0423583984375 -0.113578796386719
-0.535186767578125 0.123199462890625 -0.0962677001953125 -0.0468215942382813
-0.3626708984375 0.349365234375 -0.0866622924804688 0.04620361328125
-0.0394287109375 0.439910888671875 -0.0112457275390625 0.0879058837890625
0.20599365234375 0.33758544921875 0.00518035888671877 0.0767669677734375
0.384735107421875 0.14044189453125 0.0683670043945313 0.0444831848144531
0.395233154296875 -0.02459716796875 0.0845489501953125 0.00702667236328125
0.36480712890625 -0.0086669921875 0.0450935363769532 -0.00506973266601563
0.4163818359375 0.004608154296875 0.010650634765625 -0.00169467926025391
0.384368896484375 0.156707763671875 0.0139083862304688 -0.0274333953857422
0.22088623046875 0.352020263671875 -0.0338973999023437 -0.0904541015625
-0.01153564453125 0.419403076171875 0.02166748046875 -0.142745971679687
-0.38232421875 0.280059814453125 0.184539794921875 -0.188949584960937
-0.549285888671875 0.0630493164062499 0.323028564453125 -0.096466064453125
-0.51202392578125 -0.1265869140625 0.4122314453125 0.098175048828125
-0.581787109375 -0.0772705078125001 -0.196517944335938 -0.166000366210937
-0.520111083984375 0.1649169921875 -0.190277099609375 -0.0352325439453125
-0.34295654296875 0.364349365234375 -0.0977859497070313 0.04217529296875
-0.035308837890625 0.4410400390625 -0.0380592346191406 0.0301246643066407
0.2027587890625 0.336029052734375 -0.0732803344726562 0.0210800170898438
0.380218505859375 0.15179443359375 -0.0585975646972656 0.0331916809082031
0.38800048828125 -0.004302978515625 -0.0530738830566406 0.0439872741699219
0.35919189453125 0.005096435546875 -0.0778884887695312 0.049774169921875
0.411407470703125 0.0185546875 -0.118804931640625 0.0412216186523438
0.378509521484375 0.16070556640625 -0.117691040039062 -0.0296554565429688
0.220947265625 0.35491943359375 -0.132400512695313 -0.122215270996094
0.000183105468750029 0.427825927734375 -0.0319976806640625 -0.18353271484375
-0.38232421875 0.305450439453125 0.135360717773437 -0.198471069335937
-0.57049560546875 0.10308837890625 0.207534790039062 -0.0717315673828125
-0.54974365234375 -0.0897827148437499 0.2371826171875 0.0352630615234375
-0.513824462890625 -0.00546264648437503 -0.346160888671875 -0.203369140625
-0.424652099609375 0.1871337890625 -0.275192260742188 -0.0206298828125
-0.25933837890625 0.32476806640625 -0.107994079589844 0.0374374389648438
-0.01593017578125 0.362457275390625 -0.0692710876464844 -0.0238380432128906
0.170257568359375 0.273361206054688 -0.141769409179688 -0.026763916015625
0.315643310546875 0.134735107421875 -0.171600341796875 0.021942138671875
0.32098388671875 0.013397216796875 -0.178085327148437 0.0744171142578125
0.298553466796875 0.017364501953125 -0.18939208984375 0.0952911376953125
0.34375 0.033538818359375 -0.234298706054688 0.0745391845703125
0.304473876953125 0.1512451171875 -0.236053466796875 -0.0318145751953125
0.16571044921875 0.302154541015625 -0.210235595703125 -0.142669677734375
-0.00888061523437497 0.350128173828125 -0.0763397216796875 -0.20428466796875
-0.323089599609375 0.248870849609375 0.08050537109375 -0.180908203125
-0.482025146484375 0.100250244140625 0.0840682983398437 -0.0351333618164062
-0.486724853515625 -0.0522155761718749 0.0547218322753906 -0.0217323303222656
-0.37005615234375 0.0664672851562501 -0.47119140625 -0.2227783203125
-0.26959228515625 0.180953979492188 -0.341552734375 -0.00686645507812504
-0.13397216796875 0.2354736328125 -0.116485595703125 0.03802490234375
0.009735107421875 0.22528076171875 -0.0944290161132813 -0.0561065673828125
0.113525390625 0.1624755859375 -0.182327270507813 -0.0570068359375
0.202529907226562 0.0912628173828125 -0.24945068359375 0.0137939453125
0.204833984375 0.0274505615234375 -0.270416259765625 0.0946502685546875
0.192901611328125 0.0261688232421875 -0.271286010742187 0.127197265625
0.225021362304688 0.0458526611328125 -0.31787109375 0.093719482421875
0.17840576171875 0.123794555664063 -0.319183349609375 -0.038482666015625
0.0738983154296875 0.205032348632813 -0.249893188476563 -0.15679931640625
-0.0308837890625 0.207778930664063 -0.0932464599609375 -0.209136962890625
-0.211715698242187 0.131576538085938 0.042572021484375 -0.1463623046875
-0.3079833984375 0.064117431640625 -0.0155887603759766 -0.00116825103759765
-0.3348388671875 -0.00857543945312503 -0.0989151000976563 -0.068939208984375
-0.18096923828125 0.1292724609375 -0.556365966796875 -0.22125244140625
-0.09136962890625 0.151199340820312 -0.38824462890625 0.0106506347656249
0.00588989257812501 0.125778198242188 -0.125244140625 0.0525436401367188
0.0382652282714844 0.0660896301269531 -0.107902526855469 -0.0574951171875
0.0463714599609375 0.0323829650878906 -0.188186645507813 -0.0630340576171875
0.0617408752441406 0.0328025817871094 -0.279449462890625 0.012054443359375
0.0584335327148437 0.0358924865722656 -0.315032958984375 0.10406494140625
0.0591773986816406 0.0306205749511719 -0.312896728515625 0.1387939453125
0.0734939575195313 0.0501937866210938 -0.35498046875 0.0920410156250001
0.0287857055664063 0.078765869140625 -0.355255126953125 -0.051483154296875
-0.026397705078125 0.0811538696289063 -0.247421264648437 -0.1656494140625
-0.0450820922851563 0.0423355102539062 -0.08453369140625 -0.202880859375
-0.0703048706054688 0.00401306152343751 0.0277099609375 -0.10943603515625
-0.0890350341796875 0.0252456665039063 -0.0717849731445313 0.0192642211914063
-0.131431579589844 0.041717529296875 -0.1981201171875 -0.0981597900390625
-0.0885772705078125 -0.109336853027344 0.249725341796875 0.0347747802734375
-0.156112670898438 0.008087158203125 0.086181640625 -0.03851318359375
-0.07550048828125 0.119117736816406 -0.0544662475585937 0.074493408203125
0.0507431030273438 0.115470886230469 0.0491943359375 0.204635620117187
0.0966110229492188 0.0602951049804688 0.196365356445313 0.174896240234375
0.103889465332031 -0.0227279663085938 0.335479736328125 0.039337158203125
0.0951614379882813 -0.0649337768554688 0.35943603515625 -0.097930908203125
0.0856552124023437 -0.0432968139648437 0.305938720703125 -0.134796142578125
0.0942916870117187 -0.0355987548828125 0.29644775390625 -0.098480224609375
0.0925445556640625 0.0283355712890625 0.279922485351563 -0.0027313232421875
0.0368576049804688 0.0796737670898437 0.1785888671875 0.0314178466796875
-0.0480499267578125 0.0782241821289063 0.112678527832031 0.0167388916015625
-0.101356506347656 -0.00791168212890624 0.199722290039063 -0.0546112060546875
-0.075653076171875 -0.108634948730469 0.414947509765625 -0.05181884765625
0.000732421874999986 -0.132522583007813 0.60064697265625 0.26641845703125
-0.300811767578125 -0.145263671875 0.204315185546875 0.00518798828124999
-0.330718994140625 0.044036865234375 0.0584030151367187 -0.0435714721679688
-0.208770751953125 0.21484375 -0.0617103576660156 0.0583000183105469
0.0128326416015625 0.25836181640625 0.0299530029296875 0.176742553710938
0.1495361328125 0.178070068359375 0.144973754882813 0.159652709960938
0.2315673828125 0.03936767578125 0.278427124023438 0.050537109375
0.233245849609375 -0.05987548828125 0.3077392578125 -0.069183349609375
0.215103149414063 -0.0367584228515625 0.255508422851563 -0.1048583984375
0.242202758789063 -0.0251007080078125 0.23773193359375 -0.0760955810546875
0.22509765625 0.084991455078125 0.228057861328125 -0.00997924804687499
0.113143920898437 0.198593139648438 0.131477355957031 -0.00240325927734374
-0.046478271484375 0.217788696289063 0.0950927734375 -0.0274276733398437
-0.226089477539062 0.09326171875 0.209365844726563 -0.102081298828125
-0.271453857421875 -0.0620880126953126 0.42193603515625 -0.07861328125
-0.206634521484375 -0.153289794921875 0.6025390625 0.2252197265625
-0.470367431640625 -0.152923583984375 0.104576110839844 -0.0442276000976563
-0.464630126953125 0.0821533203125 -0.00414657592773441 -0.0462570190429687
-0.311859130859375 0.29443359375 -0.071380615234375 0.0500259399414063
-0.021270751953125 0.36968994140625 0.01287841796875 0.137420654296875
0.187118530273437 0.276046752929687 0.0830001831054688 0.126213073730469
0.330902099609375 0.097015380859375 0.188430786132813 0.051239013671875
0.338714599609375 -0.047821044921875 0.21319580078125 -0.0335235595703125
0.312286376953125 -0.02752685546875 0.165206909179688 -0.059661865234375
0.35504150390625 -0.01470947265625 0.140045166015625 -0.0423507690429688
0.33038330078125 0.126190185546875 0.138389587402344 -0.02001953125
0.1826171875 0.2939453125 0.0581626892089844 -0.0451011657714844
-0.029937744140625 0.340118408203125 0.064178466796875 -0.0830535888671875
-0.326019287109375 0.20001220703125 0.205291748046875 -0.15130615234375
-0.4425048828125 0.00531005859374991 0.391998291015625 -0.09600830078125
-0.392120361328125 -0.149078369140625 0.536590576171875 0.165863037109375
-0.5679931640625 -0.128173828125 -0.0340652465820313 -0.100944519042969
-0.532745361328125 0.12677001953125 -0.0899200439453125 -0.0409011840820312
-0.36126708984375 0.35321044921875 -0.08160400390625 0.04638671875
-0.037078857421875 0.440765380859375 -0.00759124755859376 0.08807373046875
0.208221435546875 0.334869384765625 0.0103302001953125 0.0780792236328125
0.385009765625 0.137359619140625 0.0738143920898438 0.0460052490234375
0.39361572265625 -0.030242919921875 0.0885009765625 0.00585174560546875
0.363922119140625 -0.013458251953125 0.0504379272460938 -0.00469970703125
0.4161376953125 -0.00262451171875 0.0177021026611328 0.00125694274902344
0.388641357421875 0.1510009765625 0.0189933776855469 -0.0250682830810547
0.22723388671875 0.35076904296875 -0.0345916748046875 -0.0847015380859375
-0.00933837890624997 0.422454833984375 0.0183181762695313 -0.136482238769531
-0.385467529296875 0.28668212890625 0.177078247070312 -0.185714721679687
-0.5556640625 0.071380615234375 0.316192626953125 -0.09521484375
-0.519134521484375 -0.12664794921875 0.40771484375 0.099761962890625
-0.58441162109375 -0.07843017578125 -0.191482543945313 -0.15380859375
-0.52044677734375 0.16656494140625 -0.184906005859375 -0.0284271240234375
-0.344573974609375 0.370208740234375 -0.0928268432617188 0.0439071655273438
-0.0338134765625 0.445220947265625 -0.0341014862060547 0.0313072204589844
0.2054443359375 0.335693359375 -0.0678138732910156 0.0239639282226563
0.38427734375 0.1502685546875 -0.0523262023925781 0.0356292724609375
0.389190673828125 -0.009246826171875 -0.0477943420410156 0.0443878173828125
0.359710693359375 0.00177001953125 -0.0718994140625 0.050079345703125
0.413665771484375 0.01318359375 -0.111381530761719 0.0453262329101563
0.382659912109375 0.15771484375 -0.11224365234375 -0.0252838134765625
0.2266845703125 0.35638427734375 -0.132247924804687 -0.114265441894531
0.00207519531249997 0.43157958984375 -0.03521728515625 -0.17578125
-0.38763427734375 0.31134033203125 0.12841796875 -0.193511962890625
-0.57598876953125 0.10797119140625 0.201705932617187 -0.0680084228515625
-0.555511474609375 -0.0953369140624999 0.229263305664063 0.0364532470703125
-0.517364501953125 -0.0108337402343751 -0.345001220703125 -0.192230224609375
-0.429718017578125 0.18438720703125 -0.272323608398438 -0.012908935546875
-0.264068603515625 0.329864501953125 -0.103805541992188 0.0400848388671875
-0.01800537109375 0.37054443359375 -0.0662765502929688 -0.0213088989257812
0.172927856445313 0.276275634765625 -0.137046813964844 -0.023590087890625
0.322296142578125 0.134185791015625 -0.165771484375 0.0250396728515625
0.325592041015625 0.010650634765625 -0.17364501953125 0.075592041015625
0.302093505859375 0.016143798828125 -0.18328857421875 0.0959930419921875
0.347991943359375 0.03082275390625 -0.226791381835937 0.080078125
0.3099365234375 0.14971923828125 -0.230758666992187 -0.0260162353515624
0.17144775390625 0.30694580078125 -0.210372924804688 -0.135848999023437
-0.010284423828125 0.354095458984375 -0.0792388916015625 -0.196426391601562
-0.33013916015625 0.252349853515625 0.0751495361328125 -0.174911499023437
-0.48834228515625 0.1016845703125 0.0785598754882812 -0.0318374633789062
-0.490020751953125 -0.0592651367187499 0.0443229675292968 -0.0219573974609375
-0.373199462890625 0.0578308105468751 -0.473114013671875 -0.21624755859375
-0.275985717773438 0.174774169921875 -0.3414306640625 0.000610351562500084
-0.141204833984375 0.238235473632813 -0.113945007324219 0.0409164428710938
0.00508117675781252 0.233230590820313 -0.0922088623046875 -0.0538864135742187
0.11431884765625 0.167739868164063 -0.179046630859375 -0.0544281005859375
0.20928955078125 0.0934295654296875 -0.245254516601562 0.0173187255859375
0.211410522460937 0.0265350341796875 -0.267333984375 0.0964508056640625
0.197845458984375 0.0272979736328125 -0.266769409179688 0.127899169921875
0.230087280273438 0.0451202392578125 -0.31085205078125 0.0982666015625001
0.185623168945313 0.1248779296875 -0.31475830078125 -0.031494140625
0.077667236328125 0.211380004882813 -0.249679565429688 -0.150390625
-0.03369140625 0.213455200195313 -0.0958099365234375 -0.20306396484375
-0.219818115234375 0.1336669921875 0.038818359375 -0.14166259765625
-0.31500244140625 0.062408447265625 -0.0208206176757813 0.000192642211914064
-0.33734130859375 -0.0175476074218749 -0.111541748046875 -0.0712738037109375
-0.180862426757812 0.118316650390625 -0.560638427734375 -0.218353271484375
-0.096649169921875 0.142074584960938 -0.389190673828125 0.01611328125
-0.00240325927734376 0.125099182128906 -0.123214721679687 0.0549392700195313
0.0319442749023437 0.0721511840820312 -0.106002807617187 -0.0560455322265625
0.0451011657714844 0.0377655029296875 -0.186553955078125 -0.0622406005859375
0.0674781799316406 0.037109375 -0.277679443359375 0.0130004882812499
0.0661811828613281 0.0374679565429688 -0.31378173828125 0.1053466796875
0.0645866394042969 0.0331840515136719 -0.30938720703125 0.139068603515625
0.0795440673828125 0.051544189453125 -0.351409912109375 0.09576416015625
0.0361709594726563 0.0823593139648438 -0.35260009765625 -0.0454406738281249
-0.0225677490234375 0.089080810546875 -0.248580932617188 -0.160232543945313
-0.0488090515136719 0.04840087890625 -0.086578369140625 -0.198898315429687
-0.0788803100585938 0.00518798828124999 0.0252685546875 -0.106269836425781
-0.0961532592773438 0.0211563110351563 -0.0770645141601563 0.0190200805664062
-0.13336181640625 0.030792236328125 -0.210403442382813 -0.101882934570312
-0.0863876342773437 -0.10400390625 0.268356323242188 0.0421142578125
-0.150711059570313 0.013427734375 0.0959930419921875 -0.037200927734375
-0.0701904296875 0.118034362792969 -0.0519638061523437 0.0738067626953125
0.0533447265625 0.110305786132813 0.051910400390625 0.207748413085937
0.0970535278320313 0.0566940307617188 0.201522827148438 0.176651000976562
0.100990295410156 -0.0252609252929688 0.3421630859375 0.037872314453125
0.0903778076171875 -0.068115234375 0.368621826171875 -0.1014404296875
0.081756591796875 -0.0463943481445313 0.3134765625 -0.13763427734375
0.0907821655273437 -0.0404129028320313 0.30364990234375 -0.10003662109375
0.0919570922851563 0.022674560546875 0.287139892578125 -0.00396728515625
0.0394058227539063 0.07574462890625 0.1827392578125 0.0328521728515625
-0.0440444946289063 0.0784835815429688 0.115447998046875 0.018524169921875
-0.0977706909179688 -0.00487518310546874 0.201507568359375 -0.0587158203125
-0.0770492553710938 -0.103927612304688 0.42431640625 -0.05303955078125
-0.00293731689453125 -0.126510620117188 0.61724853515625 0.27618408203125
-0.305755615234375 -0.143524169921875 0.222625732421875 0.0157318115234375
-0.331390380859375 0.0490417480468749 0.0672569274902344 -0.04052734375
-0.20770263671875 0.217575073242188 -0.0595626831054688 0.057891845703125
0.0137481689453125 0.25927734375 0.0330352783203125 0.178909301757813
0.151519775390625 0.178009033203125 0.149093627929687 0.162445068359375
0.2340087890625 0.0383758544921875 0.286407470703125 0.049530029296875
0.233688354492187 -0.0638580322265625 0.316986083984375 -0.072601318359375
0.215774536132813 -0.0407867431640625 0.264129638671875 -0.107330322265625
0.244598388671875 -0.0310211181640625 0.24609375 -0.0769195556640625
0.2305908203125 0.0804443359375 0.236679077148438 -0.0112152099609375
0.119720458984375 0.199905395507813 0.134170532226563 -0.000190734863281238
-0.0437469482421875 0.224380493164063 0.0961532592773438 -0.0244064331054687
-0.229766845703125 0.1009521484375 0.209503173828125 -0.104324340820313
-0.279800415039062 -0.0549774169921875 0.4307861328125 -0.078155517578125
-0.217819213867187 -0.1507568359375 0.61846923828125 0.2347412109375
-0.480621337890625 -0.15631103515625 0.118392944335937 -0.034393310546875
-0.47021484375 0.0874328613281251 0.00272750854492185 -0.0419425964355469
-0.315338134765625 0.3016357421875 -0.0681419372558594 0.0507354736328125
-0.021575927734375 0.37689208984375 0.016387939453125 0.140609741210938
0.19085693359375 0.279754638671875 0.0872955322265625 0.129264831542969
0.336669921875 0.096405029296875 0.196151733398438 0.0532989501953125
0.3431396484375 -0.052093505859375 0.221786499023438 -0.0357666015625
0.317474365234375 -0.03057861328125 0.173431396484375 -0.0611572265625
0.362548828125 -0.019744873046875 0.148452758789063 -0.0403900146484375
0.340850830078125 0.122711181640625 0.144821166992188 -0.019775390625
0.192352294921875 0.29986572265625 0.0593223571777344 -0.0421905517578125
-0.02813720703125 0.351409912109375 0.064422607421875 -0.0796585083007812
-0.335235595703125 0.2105712890625 0.20440673828125 -0.153854370117187
-0.458892822265625 0.01336669921875 0.398712158203125 -0.094451904296875
-0.408782958984375 -0.151611328125 0.548187255859375 0.17498779296875
-0.5859375 -0.13470458984375 -0.0255355834960938 -0.0919952392578125
-0.543792724609375 0.130462646484375 -0.086273193359375 -0.0359344482421875
-0.369140625 0.365020751953125 -0.079437255859375 0.0471649169921875
-0.03741455078125 0.4547119140625 -0.00357818603515625 0.0901336669921875
0.214599609375 0.34185791015625 0.0156936645507813 0.081878662109375
0.396453857421875 0.13873291015625 0.0805587768554688 0.0482940673828125
0.40234375 -0.034210205078125 0.0953750610351563 0.005584716796875
0.373687744140625 -0.015625 0.05694580078125 -0.00499343872070313
0.4267578125 -0.006988525390625 0.0250568389892578 0.00378799438476562
0.402587890625 0.1502685546875 0.0232639312744141 -0.0241031646728516
0.238494873046875 0.359954833984375 -0.0354537963867187 -0.0811386108398437
-0.00872802734374997 0.43670654296875 0.0163345336914062 -0.132850646972656
-0.39849853515625 0.30047607421875 0.175582885742188 -0.185882568359375
-0.57611083984375 0.0791015624999999 0.320159912109375 -0.092559814453125
-0.538055419921875 -0.131195068359375 0.412689208984375 0.106201171875
-0.60516357421875 -0.08514404296875 -0.190567016601563 -0.146270751953125
-0.536163330078125 0.168975830078125 -0.184600830078125 -0.0234222412109375
-0.356231689453125 0.383758544921875 -0.0916671752929688 0.0457534790039063
-0.035614013671875 0.461578369140625 -0.0324478149414063 0.0325164794921875
0.212127685546875 0.345855712890625 -0.0652732849121094 0.0261306762695313
0.397125244140625 0.152496337890625 -0.0472679138183593 0.0386276245117188
0.40045166015625 -0.012664794921875 -0.0438423156738281 0.0454902648925781
0.37152099609375 0.000244140625 -0.06756591796875 0.0508460998535156
0.4263916015625 0.01031494140625 -0.107292175292969 0.049285888671875
0.396636962890625 0.16015625 -0.110404968261719 -0.0234146118164062
0.236724853515625 0.36859130859375 -0.135543823242187 -0.112754821777344
0.002044677734375 0.446624755859375 -0.0394439697265625 -0.17254638671875
-0.403411865234375 0.32293701171875 0.126922607421875 -0.192581176757813
-0.596923828125 0.112548828125 0.200271606445313 -0.06610107421875
-0.5750732421875 -0.1029052734375 0.22760009765625 0.039276123046875
-0.53619384765625 -0.0198974609375 -0.350341796875 -0.189117431640625
-0.445831298828125 0.185394287109375 -0.276458740234375 -0.00743103027343753
-0.276885986328125 0.34307861328125 -0.103965759277344 0.0438308715820313
-0.0194091796875 0.388824462890625 -0.0652008056640625 -0.0206451416015625
0.178741455078125 0.287994384765625 -0.136344909667969 -0.0225982666015625
0.33642578125 0.138946533203125 -0.164932250976563 0.028594970703125
0.33843994140625 0.008514404296875 -0.173736572265625 0.0775909423828125
0.313934326171875 0.016143798828125 -0.182479858398437 0.0984039306640625
0.361572265625 0.02838134765625 -0.225509643554687 0.084136962890625
0.323577880859375 0.153106689453125 -0.2313232421875 -0.0234527587890625
0.179718017578125 0.319305419921875 -0.21441650390625 -0.133590698242188
-0.011932373046875 0.368072509765625 -0.0823974609375 -0.194961547851562
-0.345306396484375 0.262115478515625 0.073822021484375 -0.17376708984375
-0.507568359375 0.104278564453125 0.0759811401367187 -0.0293121337890625
-0.50653076171875 -0.0692443847656249 0.0364799499511718 -0.0222702026367188
-0.386932373046875 0.04901123046875 -0.485015869140625 -0.21624755859375
-0.290618896484375 0.1724853515625 -0.350341796875 0.00506591796875002
-0.152481079101562 0.247222900390625 -0.115676879882813 0.045166015625
0.00135803222656249 0.248458862304688 -0.0927276611328125 -0.0534896850585937
0.117462158203125 0.177688598632813 -0.180435180664063 -0.054290771484375
0.221343994140625 0.0979156494140625 -0.247207641601562 0.0200042724609375
0.22320556640625 0.0260772705078125 -0.272323608398437 0.0991058349609375
0.20843505859375 0.029571533203125 -0.269241333007812 0.130081176757813
0.240966796875 0.0449676513671875 -0.31317138671875 0.102447509765625
0.196929931640625 0.129150390625 -0.317962646484375 -0.028564453125
0.0841827392578125 0.222686767578125 -0.255508422851563 -0.150283813476562
-0.0372161865234375 0.223892211914063 -0.099395751953125 -0.202972412109375
-0.233367919921875 0.139892578125 0.0384140014648437 -0.139915466308594
-0.329559326171875 0.061767578125 -0.0261688232421875 0.00212860107421876
-0.34967041015625 -0.029693603515625 -0.124664306640625 -0.0757904052734375
-0.187591552734375 0.110671997070313 -0.578857421875 -0.22259521484375
-0.105880737304687 0.13818359375 -0.4000244140625 0.0191650390625
-0.00996398925781251 0.127578735351563 -0.125679016113281 0.0586090087890625
0.0276565551757813 0.0809402465820313 -0.107231140136719 -0.0564422607421875
0.0457344055175781 0.0440597534179687 -0.189224243164063 -0.0641326904296875
0.0754776000976563 0.0411529541015625 -0.283721923828125 0.014404296875
0.0754623413085938 0.0386581420898437 -0.32257080078125 0.108306884765625
0.071441650390625 0.0362319946289062 -0.3155517578125 0.141632080078125
0.0865097045898438 0.0540084838867188 -0.356231689453125 0.100433349609375
0.043731689453125 0.08709716796875 -0.357757568359375 -0.04095458984375
-0.0197906494140625 0.0987701416015625 -0.254928588867188 -0.160781860351563
-0.0528640747070312 0.0566635131835938 -0.0908355712890625 -0.200546264648438
-0.0883865356445313 0.00661468505859375 0.0242843627929687 -0.105171203613281
-0.105445861816406 0.0178756713867188 -0.084808349609375 0.0194778442382813
-0.139839172363281 0.0205001831054687 -0.228408813476563 -0.10955810546875
-0.0875396728515625 -0.100845336914063 0.29498291015625 0.046173095703125
-0.1488037109375 0.0208892822265625 0.107650756835937 -0.0389862060546875
-0.0654449462890625 0.121711730957031 -0.0487518310546875 0.0750885009765625
0.0576705932617188 0.106674194335938 0.0602874755859375 0.211685180664063
0.100547790527344 0.0524749755859375 0.212326049804688 0.1788330078125
0.100860595703125 -0.030303955078125 0.35650634765625 0.030731201171875
0.0873184204101563 -0.073089599609375 0.382232666015625 -0.113800048828125
0.078948974609375 -0.0531768798828125 0.325836181640625 -0.147918701171875
0.0874710083007813 -0.0482864379882813 0.316314697265625 -0.10906982421875
0.0934677124023438 0.0159454345703125 0.29949951171875 -0.010589599609375
0.0438232421875 0.0729446411132813 0.19134521484375 0.0317535400390625
-0.0405426025390625 0.0799407958984375 0.121482849121094 0.0181427001953125
-0.0960235595703125 -0.00137329101562498 0.206893920898438 -0.0679168701171875
-0.0813369750976563 -0.098876953125 0.441558837890625 -0.064422607421875
-0.00762176513671876 -0.121780395507812 0.65496826171875 0.280517578125
-0.32037353515625 -0.138946533203125 0.245162963867187 0.0212554931640625
-0.33721923828125 0.059234619140625 0.077911376953125 -0.0397491455078125
-0.208206176757813 0.229629516601563 -0.0574226379394531 0.0585403442382813
0.0193634033203125 0.264205932617188 0.04071044921875 0.183670043945313
0.159759521484375 0.17938232421875 0.160842895507812 0.165512084960938
0.242202758789063 0.0340576171875 0.300445556640625 0.046142578125
0.237655639648438 -0.0728607177734375 0.33087158203125 -0.083709716796875
0.220901489257813 -0.0494537353515625 0.277069091796875 -0.116653442382813
0.250656127929688 -0.0423126220703125 0.259078979492188 -0.083984375
0.242233276367187 0.0730133056640625 0.248504638671875 -0.017303466796875
0.132080078125 0.202957153320313 0.139884948730469 -0.000175476074218738
-0.037811279296875 0.236068725585938 0.100563049316406 -0.024566650390625
-0.235671997070313 0.114990234375 0.213272094726562 -0.113967895507812
-0.296356201171875 -0.0440979003906249 0.447235107421875 -0.08782958984375
-0.234970092773438 -0.146652221679687 0.65301513671875 0.238525390625
-0.50469970703125 -0.152252197265625 0.135589599609375 -0.0271072387695313
-0.48455810546875 0.10113525390625 0.010009765625 -0.0384025573730469
-0.32025146484375 0.321685791015625 -0.0673141479492188 0.0525054931640625
-0.015289306640625 0.39190673828125 0.023284912109375 0.145523071289063
0.204345703125 0.286468505859375 0.097869873046875 0.133010864257813
0.3538818359375 0.091796875 0.208770751953125 0.0506134033203125
0.35369873046875 -0.0628662109375 0.23388671875 -0.0437774658203125
0.33013916015625 -0.04156494140625 0.185028076171875 -0.066864013671875
0.376861572265625 -0.034088134765625 0.15948486328125 -0.042999267578125
0.359649658203125 0.116119384765625 0.153610229492188 -0.02423095703125
0.210968017578125 0.307281494140625 0.0615501403808594 -0.0421142578125
-0.020355224609375 0.371002197265625 0.0653228759765625 -0.079254150390625
-0.3470458984375 0.2330322265625 0.207305908203125 -0.161712646484375
-0.481903076171875 0.0306701660156249 0.41131591796875 -0.103546142578125
-0.4361572265625 -0.147979736328125 0.57763671875 0.1771240234375
-0.61767578125 -0.13079833984375 -0.0186004638671875 -0.0845565795898438
-0.56353759765625 0.14605712890625 -0.0831451416015625 -0.0297698974609375
-0.377288818359375 0.390625 -0.0788421630859375 0.0526046752929688
-0.030426025390625 0.476348876953125 0.00107574462890624 0.0944366455078125
0.23089599609375 0.3529052734375 0.021331787109375 0.0848388671875
0.419403076171875 0.13458251953125 0.0899734497070313 0.048797607421875
0.41900634765625 -0.04608154296875 0.104011535644531 0.00144195556640625
0.39044189453125 -0.026763916015625 0.0653457641601563 -0.006103515625
0.447174072265625 -0.0198974609375 0.0326156616210938 0.00557518005371094
0.4261474609375 0.14349365234375 0.0289287567138672 -0.0251007080078125
0.26123046875 0.3729248046875 -0.0378570556640625 -0.0798568725585937
0.000305175781249985 0.4610595703125 0.0136566162109375 -0.132987976074219
-0.414306640625 0.326324462890625 0.176040649414063 -0.193115234375
-0.60565185546875 0.098876953125 0.327728271484375 -0.097686767578125
-0.57122802734375 -0.13092041015625 0.42877197265625 0.107452392578125
-0.63653564453125 -0.0814208984375001 -0.194168090820313 -0.139801025390625
-0.561309814453125 0.18426513671875 -0.187911987304688 -0.01446533203125
-0.36578369140625 0.4132080078125 -0.0920944213867188 0.0516433715820313
-0.02618408203125 0.489532470703125 -0.0290260314941406 0.0356864929199219
0.23095703125 0.3599853515625 -0.0627059936523437 0.0290107727050781
0.422393798828125 0.149566650390625 -0.0432777404785156 0.0418624877929688
0.42132568359375 -0.023193359375 -0.0416603088378906 0.046722412109375
0.39013671875 -0.009307861328125 -0.0638847351074218 0.0540618896484375
0.448455810546875 -0.00189208984375 -0.104248046875 0.0555953979492188
0.422332763671875 0.156951904296875 -0.111335754394531 -0.0208358764648437
0.26043701171875 0.38311767578125 -0.142257690429687 -0.10845947265625
0.00900268554687498 0.472381591796875 -0.0457000732421875 -0.173004150390625
-0.42095947265625 0.35076904296875 0.124801635742188 -0.1981201171875
-0.6270751953125 0.13482666015625 0.205398559570312 -0.06854248046875
-0.60858154296875 -0.10321044921875 0.23187255859375 0.0412445068359375
-0.5654296875 -0.0163574218750001 -0.368499755859375 -0.18310546875
-0.468231201171875 0.1986083984375 -0.286590576171875 0.00402832031249998
-0.288055419921875 0.36962890625 -0.105392456054688 0.05029296875
-0.013397216796875 0.415496826171875 -0.0661811828613281 -0.0181236267089844
0.194915771484375 0.301055908203125 -0.139572143554687 -0.0199356079101562
0.36138916015625 0.137786865234375 -0.166549682617187 0.0337371826171875
0.358367919921875 -0.000213623046875 -0.1773681640625 0.084747314453125
0.333282470703125 0.009735107421875 -0.183303833007813 0.106033325195312
0.383056640625 0.020660400390625 -0.228317260742187 0.0939788818359375
0.34686279296875 0.15216064453125 -0.237197875976563 -0.01806640625
0.20037841796875 0.33441162109375 -0.226318359375 -0.131378173828125
-0.00692749023437501 0.39178466796875 -0.0904083251953125 -0.1962890625
-0.362030029296875 0.285125732421875 0.07232666015625 -0.176986694335938
-0.533599853515625 0.120147705078125 0.073944091796875 -0.0280838012695312
-0.5355224609375 -0.0716552734374999 0.0283794403076172 -0.0218086242675781
-0.40814208984375 0.049102783203125 -0.512786865234375 -0.212982177734375
-0.308685302734375 0.181182861328125 -0.366455078125 0.0182495117187501
-0.161880493164063 0.264846801757812 -0.118949890136719 0.0511016845703125
0.00381469726562498 0.269439697265625 -0.0958099365234375 -0.0527191162109375
0.127120971679688 0.18896484375 -0.187591552734375 -0.0533905029296875
0.238616943359375 0.10009765625 -0.254776000976563 0.0263214111328125
0.239791870117187 0.02166748046875 -0.280242919921875 0.1094970703125
0.223419189453125 0.026397705078125 -0.27532958984375 0.140213012695313
0.2589111328125 0.0418243408203125 -0.32025146484375 0.114166259765625
0.214401245117188 0.130905151367188 -0.328125 -0.020782470703125
0.096588134765625 0.236724853515625 -0.269515991210938 -0.147491455078125
-0.0372772216796875 0.24102783203125 -0.109207153320313 -0.205413818359375
-0.249343872070313 0.152908325195312 0.0354156494140625 -0.142471313476563
-0.34918212890625 0.0693969726562501 -0.0323638916015625 0.00471687316894531
-0.37054443359375 -0.0346069335937501 -0.144073486328125 -0.0767822265625
-0.196487426757813 0.109054565429688 -0.61212158203125 -0.22186279296875
-0.115150451660156 0.139480590820313 -0.42266845703125 0.031005859375
-0.01568603515625 0.133544921875 -0.129478454589844 0.0652542114257813
0.026519775390625 0.0912322998046875 -0.1124267578125 -0.0561065673828125
0.0472297668457031 0.0510406494140625 -0.197982788085937 -0.06304931640625
0.0845108032226563 0.0442733764648438 -0.294281005859375 0.02056884765625
0.0856246948242188 0.0389862060546875 -0.334930419921875 0.11993408203125
0.0804519653320313 0.0371475219726563 -0.32513427734375 0.15325927734375
0.0973968505859375 0.0548171997070313 -0.367431640625 0.1124267578125
0.0545501708984375 0.09088134765625 -0.371551513671875 -0.03216552734375
-0.0145263671875 0.108619689941406 -0.26861572265625 -0.1595458984375
-0.0553054809570313 0.0650825500488281 -0.100112915039062 -0.203872680664063
-0.1005859375 0.01141357421875 0.022247314453125 -0.107322692871094
-0.116188049316406 0.0183944702148437 -0.0937652587890625 0.02191162109375
-0.150131225585938 0.0139312744140625 -0.253982543945313 -0.113449096679688
-0.0909881591796875 -0.095062255859375 0.324676513671875 0.03814697265625
-0.144912719726563 0.0324554443359375 0.118789672851562 -0.0444488525390625
-0.0569381713867187 0.126235961914063 -0.0449142456054688 0.07684326171875
0.0636520385742187 0.101448059082031 0.0741729736328125 0.214324951171875
0.105903625488281 0.0446395874023438 0.23016357421875 0.174423217773438
0.0998458862304688 -0.0380859375 0.37164306640625 0.013397216796875
0.082489013671875 -0.0810775756835938 0.3922119140625 -0.138763427734375
0.0741653442382813 -0.06005859375 0.334075927734375 -0.170166015625
0.0824661254882813 -0.0574722290039063 0.32635498046875 -0.12908935546875
0.094940185546875 0.00710296630859375 0.3118896484375 -0.026641845703125
0.04998779296875 0.0686378479003906 0.201095581054688 0.0245819091796875
-0.0347976684570313 0.0835189819335938 0.127769470214844 0.0140228271484375
-0.0950851440429688 0.00489807128906249 0.208770751953125 -0.082305908203125
-0.0877532958984375 -0.0927963256835938 0.45758056640625 -0.0875244140625
-0.0138015747070313 -0.116874694824219 0.702392578125 0.26177978515625
-0.33807373046875 -0.126251220703125 0.272659301757813 0.0184478759765625
-0.34228515625 0.080963134765625 0.0877761840820312 -0.0422286987304687
-0.20147705078125 0.246749877929688 -0.0533943176269531 0.0622596740722656
0.0321197509765625 0.270416259765625 0.052825927734375 0.186416625976563
0.174148559570313 0.176513671875 0.176666259765625 0.16400146484375
0.251907348632813 0.02069091796875 0.31634521484375 0.03289794921875
0.240585327148438 -0.087799072265625 0.343017578125 -0.104522705078125
0.224456787109375 -0.06390380859375 0.286346435546875 -0.135101318359375
0.25482177734375 -0.060577392578125 0.27081298828125 -0.098785400390625
0.255752563476563 0.0584869384765625 0.259521484375 -0.030059814453125
0.15093994140625 0.202224731445313 0.14605712890625 -0.00502014160156249
-0.0236663818359375 0.249267578125 0.104042053222656 -0.0268325805664062
-0.23828125 0.134628295898437 0.214065551757812 -0.1285400390625
-0.31195068359375 -0.023345947265625 0.461761474609375 -0.109832763671875
-0.256301879882813 -0.135330200195313 0.6961669921875 0.2218017578125
-0.535552978515625 -0.133819580078125 0.154693603515625 -0.0253143310546875
-0.49658203125 0.13043212890625 0.0172882080078125 -0.0360641479492188
-0.31524658203125 0.34991455078125 -0.0646018981933594 0.0578193664550782
0.00375366210937495 0.40814208984375 0.033538818359375 0.148666381835938
0.22576904296875 0.28887939453125 0.110610961914063 0.133010864257813
0.37396240234375 0.077301025390625 0.22369384765625 0.042572021484375
0.36474609375 -0.084075927734375 0.245346069335938 -0.05828857421875
0.34051513671875 -0.06072998046875 0.19451904296875 -0.0792999267578125
0.389404296875 -0.058349609375 0.170150756835938 -0.051483154296875
0.381744384765625 0.097503662109375 0.161514282226563 -0.032196044921875
0.239990234375 0.30999755859375 0.062744140625 -0.042572021484375
-0.000457763671874965 0.392059326171875 0.0637359619140625 -0.081146240234375
-0.3511962890625 0.264678955078125 0.204269409179687 -0.175125122070312
-0.50372314453125 0.0622558593750001 0.421722412109375 -0.12322998046875
-0.467559814453125 -0.130828857421875 0.6099853515625 0.15960693359375
-0.6534423828125 -0.10614013671875 -0.0109939575195313 -0.0767440795898438
-0.5816650390625 0.18115234375 -0.0814590454101563 -0.0211563110351562
-0.3743896484375 0.427520751953125 -0.075897216796875 0.0591354370117188
-0.006317138671875 0.502227783203125 0.00894927978515625 0.0973892211914063
0.25830078125 0.358917236328125 0.02935791015625 0.08709716796875
0.4471435546875 0.118743896484375 0.100997924804688 0.0458602905273438
0.43450927734375 -0.070404052734375 0.113235473632813 -0.00479888916015625
0.40606689453125 -0.04864501953125 0.0737075805664063 -0.0112762451171875
0.465728759765625 -0.0478515625 0.0408668518066407 0.00613021850585937
0.4534912109375 0.124664306640625 0.0312347412109375 -0.027618408203125
0.29644775390625 0.3765869140625 -0.04266357421875 -0.0768051147460937
0.0250244140625 0.48516845703125 0.00814056396484374 -0.132896423339844
-0.419036865234375 0.367431640625 0.171127319335937 -0.205245971679687
-0.6300048828125 0.1385498046875 0.333465576171875 -0.113037109375
-0.6085205078125 -0.10986328125 0.449493408203125 0.09747314453125
-0.67352294921875 -0.0589599609374999 -0.200454711914063 -0.126708984375
-0.57879638671875 0.2208251953125 -0.1912841796875 0.000701904296874985
-0.362823486328125 0.453704833984375 -0.0897216796875 0.0606689453125
-0.00198364257812499 0.51849365234375 -0.0256118774414063 0.0398483276367188
0.26080322265625 0.367950439453125 -0.0605201721191406 0.0344581604003907
0.453369140625 0.134521484375 -0.0379600524902344 0.0467567443847656
0.44049072265625 -0.04736328125 -0.0361175537109375 0.0494918823242188
0.410369873046875 -0.0294189453125 -0.0582656860351562 0.0579872131347656
0.470733642578125 -0.027740478515625 -0.0983123779296875 0.065185546875
0.452362060546875 0.13623046875 -0.11309814453125 -0.0156097412109375
0.296600341796875 0.38916015625 -0.15283203125 -0.102371215820312
0.03350830078125 0.49774169921875 -0.0548553466796875 -0.171463012695312
-0.42547607421875 0.39215087890625 0.118515014648437 -0.20684814453125
-0.6507568359375 0.1751708984375 0.20635986328125 -0.0753326416015625
-0.6451416015625 -0.084228515625 0.2374267578125 0.0343170166015625
-0.59796142578125 0.00170898437500005 -0.387908935546875 -0.16497802734375
-0.486846923828125 0.228118896484375 -0.29656982421875 0.02490234375
-0.286163330078125 0.405426025390625 -0.105674743652344 0.0602035522460938
0.00753784179687504 0.443603515625 -0.0665779113769531 -0.0141105651855469
0.22076416015625 0.310699462890625 -0.142379760742188 -0.012969970703125
0.3896484375 0.1248779296875 -0.167327880859375 0.0443878173828125
0.378509521484375 -0.0194091796875 -0.17681884765625 0.0962371826171875
0.352081298828125 -0.0079345703125 -0.181289672851562 0.117401123046875
0.4051513671875 0.00054931640625 -0.22705078125 0.110443115234375
0.374298095703125 0.1383056640625 -0.2440185546875 -0.00544738769531252
0.2301025390625 0.342559814453125 -0.240554809570312 -0.121063232421875
0.0118408203125 0.414581298828125 -0.10394287109375 -0.193832397460937
-0.37127685546875 0.3199462890625 0.0657958984375 -0.182037353515625
-0.55755615234375 0.15216064453125 0.0717239379882812 -0.0284576416015625
-0.56890869140625 -0.058837890625 0.0186920166015625 -0.0219516754150391
-0.431488037109375 0.0621337890625 -0.546142578125 -0.192840576171875
-0.32220458984375 0.199798583984375 -0.382080078125 0.041961669921875
-0.16229248046875 0.288818359375 -0.11993408203125 0.063201904296875
0.0167236328125 0.290313720703125 -0.100830078125 -0.049285888671875
0.14453125 0.19775390625 -0.195297241210938 -0.0456695556640625
0.261123657226562 0.092254638671875 -0.261947631835937 0.040771484375
0.25738525390625 0.0084228515625 -0.285675048828125 0.12884521484375
0.239974975585938 0.0164337158203125 -0.277084350585938 0.157745361328125
0.277252197265625 0.0299835205078125 -0.323822021484375 0.136138916015625
0.235794067382813 0.1253662109375 -0.338775634765625 -0.00381469726562497
0.118301391601563 0.246124267578125 -0.2857666015625 -0.13671875
-0.0279083251953125 0.25946044921875 -0.124176025390625 -0.203521728515625
-0.259429931640625 0.176132202148438 0.0299530029296875 -0.14501953125
-0.3665771484375 0.0886840820312499 -0.0375747680664063 0.0091705322265625
-0.39404296875 -0.028289794921875 -0.165573120117188 -0.0727996826171875
-0.205429077148438 0.114517211914063 -0.6544189453125 -0.2000732421875
-0.121810913085937 0.1458740234375 -0.4415283203125 0.05596923828125
-0.015533447265625 0.141937255859375 -0.13134765625 0.077392578125
0.0296478271484375 0.102035522460938 -0.118095397949219 -0.0526123046875
0.0525436401367188 0.0568046569824219 -0.208343505859375 -0.056915283203125
0.0956192016601563 0.043792724609375 -0.303863525390625 0.034912109375
0.09765625 0.0352706909179688 -0.34442138671875 0.14227294921875
0.092193603515625 0.0359878540039062 -0.330078125 0.17388916015625
0.11029052734375 0.0535736083984375 -0.375457763671875 0.13604736328125
0.067352294921875 0.09375 -0.38519287109375 -0.0128479003906251
-0.00548553466796875 0.119171142578125 -0.287078857421875 -0.150054931640625
-0.056671142578125 0.0758590698242188 -0.115646362304688 -0.204803466796875
-0.110610961914063 0.0202255249023437 0.0169754028320313 -0.110343933105469
-0.126419067382813 0.0220413208007812 -0.101463317871094 0.0281295776367188
-0.160003662109375 0.011993408203125 -0.2838134765625 -0.107452392578125
-0.0929489135742188 -0.0874176025390625 0.34893798828125 0.020294189453125
-0.1373291015625 0.044342041015625 0.127479553222656 -0.0527267456054688
-0.0454788208007813 0.128013610839844 -0.0392990112304687 0.0781478881835938
0.0693740844726563 0.092681884765625 0.089447021484375 0.209915161132813
0.106864929199219 0.0356674194335938 0.244705200195313 0.160934448242188
0.095977783203125 -0.0469512939453125 0.377716064453125 -0.011688232421875
0.07440185546875 -0.0871124267578125 0.391021728515625 -0.167510986328125
0.0668067932128906 -0.0663185119628906 0.3294677734375 -0.193878173828125
0.0738143920898438 -0.0665283203125 0.326141357421875 -0.15240478515625
0.0934371948242188 -0.0034637451171875 0.316253662109375 -0.048736572265625
0.0553169250488281 0.0618133544921875 0.206893920898438 0.013031005859375
-0.0266342163085938 0.0854949951171875 0.131767272949219 0.00645446777343751
-0.0919723510742188 0.01141357421875 0.204849243164063 -0.09820556640625
-0.0928268432617188 -0.0826339721679688 0.46112060546875 -0.119171142578125
-0.0204544067382813 -0.108901977539063 0.7371826171875 0.22406005859375
-0.350372314453125 -0.1046142578125 0.29522705078125 0.00439453124999999
-0.33544921875 0.1046142578125 0.0970535278320312 -0.0463485717773437
-0.186767578125 0.260467529296875 -0.0490989685058594 0.0646133422851563
0.049224853515625 0.268814086914063 0.067626953125 0.184661865234375
0.187652587890625 0.165817260742188 0.190872192382813 0.153472900390625
0.255966186523438 0.0032806396484375 0.32379150390625 0.0107421875
0.236068725585938 -0.105316162109375 0.3447265625 -0.1298828125
0.22247314453125 -0.08001708984375 0.287384033203125 -0.156890869140625
0.252227783203125 -0.0817718505859375 0.27496337890625 -0.117431640625
0.261611938476563 0.036590576171875 0.263778686523438 -0.0482635498046875
0.16986083984375 0.193267822265625 0.149200439453125 -0.0115509033203125
-0.0034332275390625 0.2568359375 0.106773376464844 -0.0310745239257812
-0.2314453125 0.154525756835938 0.207015991210937 -0.143020629882813
-0.31951904296875 0.00469970703124996 0.462127685546875 -0.139923095703125
-0.270919799804688 -0.115097045898438 0.728271484375 0.1837158203125
-0.554229736328125 -0.101165771484375 0.17138671875 -0.0268096923828125
-0.4935302734375 0.165985107421875 0.023996353149414 -0.034158706665039
-0.2977294921875 0.37493896484375 -0.0584220886230469 0.06201171875
0.031585693359375 0.415985107421875 0.0458831787109375 0.1470947265625
0.250137329101562 0.278152465820312 0.123855590820313 0.129081726074219
0.386688232421875 0.052337646484375 0.2333984375 0.027618408203125
0.3656005859375 -0.11083984375 0.24755859375 -0.077178955078125
0.342437744140625 -0.086456298828125 0.1983642578125 -0.09515380859375
0.390472412109375 -0.0888671875 0.1748046875 -0.0638275146484375
0.39532470703125 0.06829833984375 0.165847778320313 -0.043975830078125
0.26922607421875 0.2982177734375 0.0604743957519531 -0.0439872741699219
0.027679443359375 0.40350341796875 0.061004638671875 -0.0821533203125
-0.340728759765625 0.297698974609375 0.1949462890625 -0.188064575195312
-0.51385498046875 0.10406494140625 0.421844482421875 -0.14874267578125
-0.4915771484375 -0.0997314453125001 0.63275146484375 0.12860107421875
-0.677001953125 -0.06597900390625 -0.00145339965820317 -0.0698814392089844
-0.580078125 0.22283935546875 -0.0753631591796875 -0.009552001953125
-0.35382080078125 0.4627685546875 -0.0692787170410157 0.0653305053710938
0.027435302734375 0.514862060546875 0.016571044921875 0.098846435546875
0.289093017578125 0.34912109375 0.0378799438476563 0.0858230590820313
0.46685791015625 0.08929443359375 0.109893798828125 0.04046630859375
0.439666748046875 -0.101776123046875 0.119033813476563 -0.0138626098632813
0.41241455078125 -0.0772705078125 0.0807037353515625 -0.0182952880859375
0.472808837890625 -0.082855224609375 0.0490989685058594 0.00437545776367187
0.474639892578125 0.091583251953125 0.0325756072998047 -0.0292911529541016
0.331512451171875 0.364501953125 -0.0461273193359375 -0.0715560913085937
0.059722900390625 0.500701904296875 0.0018768310546875 -0.129150390625
-0.405609130859375 0.4083251953125 0.159103393554687 -0.215866088867188
-0.63446044921875 0.18841552734375 0.33111572265625 -0.131683349609375
-0.63232421875 -0.0737304687499999 0.461822509765625 0.0736083984375
-0.69927978515625 -0.01776123046875 -0.200912475585938 -0.107894897460938
-0.57769775390625 0.2620849609375 -0.187652587890625 0.0205383300781251
-0.34210205078125 0.487640380859375 -0.0836105346679688 0.0693283081054688
0.033447265625 0.534576416015625 -0.0190620422363281 0.0415534973144532
0.293426513671875 0.36083984375 -0.0563812255859375 0.0387458801269531
0.475250244140625 0.104827880859375 -0.0297775268554687 0.0494422912597656
0.447906494140625 -0.078369140625 -0.0286407470703125 0.0531501770019531
0.420135498046875 -0.05841064453125 -0.0505104064941406 0.0606155395507813
0.48223876953125 -0.063934326171875 -0.089569091796875 0.0729904174804688
0.472137451171875 0.106536865234375 -0.111968994140625 -0.00830078124999999
0.33563232421875 0.379791259765625 -0.161605834960938 -0.0884857177734375
0.0684814453125 0.512359619140625 -0.0641937255859375 -0.163589477539063
-0.41400146484375 0.43243408203125 0.107437133789062 -0.210861206054687
-0.6568603515625 0.2254638671875 0.203460693359375 -0.0839691162109375
-0.67108154296875 -0.0491943359375001 0.237945556640625 0.0248260498046875
-0.61834716796875 0.0369873046875 -0.401153564453125 -0.13616943359375
-0.4910888671875 0.262908935546875 -0.295501708984375 0.051239013671875
-0.267333984375 0.435516357421875 -0.0995101928710938 0.0730514526367188
0.038970947265625 0.46087646484375 -0.0665626525878906 -0.0102310180664062
0.24932861328125 0.3062744140625 -0.1431884765625 -0.00357055664062498
0.41314697265625 0.100341796875 -0.16259765625 0.05706787109375
0.39007568359375 -0.04827880859375 -0.170516967773437 0.108856201171875
0.3636474609375 -0.0316162109375 -0.172897338867188 0.12896728515625
0.41705322265625 -0.03021240234375 -0.217559814453125 0.128433227539063
0.395721435546875 0.11474609375 -0.24566650390625 0.0114288330078125
0.26251220703125 0.3382568359375 -0.25164794921875 -0.1031494140625
0.037872314453125 0.427581787109375 -0.117996215820312 -0.184738159179687
-0.36328125 0.354736328125 0.0550994873046875 -0.18463134765625
-0.56256103515625 0.19171142578125 0.0684280395507812 -0.0296592712402344
-0.59100341796875 -0.0308837890625001 0.0100345611572265 -0.0208873748779297
-0.444244384765625 0.0847473144531249 -0.567626953125 -0.155517578125
-0.32501220703125 0.222412109375 -0.38555908203125 0.0740051269531249
-0.15252685546875 0.308929443359375 -0.116554260253906 0.0748519897460938
0.037750244140625 0.304840087890625 -0.104179382324219 -0.0415802001953125
0.163162231445313 0.197616577148438 -0.199859619140625 -0.0339202880859374
0.278732299804688 0.07757568359375 -0.260406494140625 0.0594329833984375
0.268630981445313 -0.0106964111328125 -0.280838012695313 0.149917602539062
0.251571655273438 0.0001983642578125 -0.26910400390625 0.177871704101563
0.289642333984375 0.009765625 -0.31744384765625 0.15814208984375
0.254531860351563 0.110595703125 -0.342193603515625 0.019744873046875
0.142410278320312 0.247024536132812 -0.29986572265625 -0.117706298828125
-0.0130462646484375 0.273147583007813 -0.13818359375 -0.194137573242187
-0.258453369140625 0.200302124023437 0.02178955078125 -0.145660400390625
-0.37335205078125 0.114105224609375 -0.0414314270019532 0.0148544311523438
-0.410430908203125 -0.0115356445312499 -0.183425903320313 -0.061798095703125
-0.207672119140625 0.121002197265625 -0.6834716796875 -0.16162109375
-0.122421264648437 0.152572631835938 -0.44921875 0.0899658203125001
-0.0121307373046875 0.147354125976563 -0.127738952636719 0.0896759033203125
0.0362701416015625 0.109672546386719 -0.121788024902344 -0.0452499389648438
0.0588569641113281 0.0611190795898438 -0.216598510742188 -0.0461578369140625
0.105369567871094 0.0387344360351562 -0.30657958984375 0.05584716796875
0.107254028320312 0.0289306640625 -0.34234619140625 0.1673583984375
0.101737976074219 0.0298538208007813 -0.32586669921875 0.19818115234375
0.120933532714844 0.0471038818359375 -0.371551513671875 0.16461181640625
0.0804290771484375 0.0912094116210938 -0.39044189453125 0.013153076171875
0.00687408447265624 0.125686645507813 -0.301727294921875 -0.129547119140625
-0.0529937744140625 0.086090087890625 -0.131500244140625 -0.197967529296875
-0.11798095703125 0.0309066772460937 0.0102996826171875 -0.110771179199219
-0.132843017578125 0.0294189453125 -0.10687255859375 0.0354461669921875
-0.168777465820313 0.0137176513671875 -0.310455322265625 -0.092559814453125
-0.0921173095703125 -0.0773391723632813 0.361724853515625 -0.000732421875000005
-0.126762390136719 0.0533294677734375 0.134178161621094 -0.0618896484375
-0.0345458984375 0.125930786132813 -0.034515380859375 0.0773696899414063
0.071044921875 0.0844802856445313 0.099151611328125 0.200302124023438
0.106399536132813 0.02581787109375 0.251434326171875 0.145767211914063
0.0880050659179688 -0.053375244140625 0.373199462890625 -0.035247802734375
0.0662765502929688 -0.0901336669921875 0.378204345703125 -0.19000244140625
0.0566482543945313 -0.0698661804199219 0.319427490234375 -0.211944580078125
0.0657424926757813 -0.07037353515625 0.316070556640625 -0.16912841796875
0.0882415771484375 -0.011322021484375 0.311920166015625 -0.066070556640625
0.05841064453125 0.055908203125 0.20654296875 0.00128173828125
-0.0192489624023437 0.0843582153320313 0.133140563964844 -2.28881835937448E-05
-0.0877532958984375 0.0145416259765625 0.193588256835938 -0.109832763671875
-0.09320068359375 -0.0709075927734375 0.455352783203125 -0.141143798828125
-0.0220489501953125 -0.0999221801757813 0.7510986328125 0.18182373046875
-0.350616455078125 -0.0810546875 0.31072998046875 -0.00970458984375001
-0.32080078125 0.1240234375 0.102340698242187 -0.0501556396484375
-0.167953491210938 0.266860961914062 -0.0418663024902344 0.0652656555175781
0.062042236328125 0.260986328125 0.0766143798828125 0.1761474609375
0.194534301757813 0.15313720703125 0.19927978515625 0.142242431640625
0.252822875976562 -0.0150146484375 0.322265625 -0.01025390625
0.227157592773437 -0.118621826171875 0.33612060546875 -0.150970458984375
0.212539672851563 -0.0936737060546875 0.277877807617188 -0.173980712890625
0.242645263671875 -0.0984649658203125 0.26934814453125 -0.131973266601563
0.259918212890625 0.0157318115234375 0.259719848632813 -0.064056396484375
0.180618286132813 0.179916381835938 0.1468505859375 -0.0206146240234375
0.0142059326171875 0.255645751953125 0.105026245117188 -0.0351104736328125
-0.221099853515625 0.171539306640625 0.195663452148438 -0.152420043945313
-0.318450927734375 0.0286865234374999 0.456817626953125 -0.1605224609375
-0.277267456054688 -0.0936737060546875 0.7364501953125 0.143798828125
-0.555816650390625 -0.067291259765625 0.183609008789062 -0.03448486328125
-0.476776123046875 0.19354248046875 0.0329875946044922 -0.0322475433349609
-0.2725830078125 0.3883056640625 -0.0523757934570313 0.0635337829589844
0.055908203125 0.410552978515625 0.0548095703125 0.14190673828125
0.262863159179688 0.260101318359375 0.131370544433594 0.118293762207031
0.38958740234375 0.029022216796875 0.237380981445313 0.013946533203125
0.35760498046875 -0.129669189453125 0.246292114257813 -0.0942230224609375
0.337493896484375 -0.106781005859375 0.196609497070313 -0.107986450195313
0.3828125 -0.11480712890625 0.175704956054688 -0.0731353759765625
0.3985595703125 0.039794921875 0.162979125976563 -0.05364990234375
0.29095458984375 0.279693603515625 0.060089111328125 -0.0439186096191406
0.053741455078125 0.4002685546875 0.0607528686523438 -0.0821304321289062
-0.3214111328125 0.321258544921875 0.180984497070312 -0.1953125
-0.50286865234375 0.141143798828125 0.410491943359375 -0.163543701171875
-0.495819091796875 -0.0719909667968749 0.635009765625 0.09356689453125
-0.6800537109375 -0.02557373046875 0.00843429565429684 -0.0644340515136719
-0.56390380859375 0.25653076171875 -0.0654335021972656 -0.00252532958984373
-0.323455810546875 0.4818115234375 -0.0597686767578125 0.069580078125
0.05816650390625 0.514434814453125 0.0255813598632813 0.0939788818359375
0.307525634765625 0.331817626953125 0.0474472045898438 0.0805511474609375
0.47021484375 0.05535888671875 0.11602783203125 0.0323944091796875
0.43475341796875 -0.127838134765625 0.121025085449219 -0.0209197998046875
0.40777587890625 -0.103118896484375 0.083251953125 -0.0245285034179688
0.465545654296875 -0.1141357421875 0.0546722412109375 0.00143814086914062
0.47607421875 0.05859375 0.0322246551513672 -0.0316925048828125
0.3582763671875 0.34344482421875 -0.0501518249511718 -0.0646934509277344
0.093505859375 0.496551513671875 -0.00104522705078125 -0.125175476074219
-0.3826904296875 0.434295654296875 0.146469116210937 -0.217498779296875
-0.62225341796875 0.227783203125 0.3226318359375 -0.14166259765625
-0.6383056640625 -0.0390625 0.461639404296875 0.051513671875
-0.70098876953125 0.0194091796874999 -0.195648193359375 -0.092864990234375
-0.56072998046875 0.295135498046875 -0.17413330078125 0.03643798828125
-0.3150634765625 0.50726318359375 -0.0747299194335938 0.0733413696289063
0.069061279296875 0.536468505859375 -0.0166130065917969 0.0405006408691407
0.317230224609375 0.343841552734375 -0.0495376586914062 0.0417404174804688
0.48468017578125 0.073089599609375 -0.0231781005859375 0.0509033203125
0.446380615234375 -0.1112060546875 -0.0226287841796875 0.0517463684082031
0.416900634765625 -0.084625244140625 -0.0417098999023437 0.0565986633300781
0.4783935546875 -0.0965576171875 -0.0753555297851562 0.0780487060546875
0.47894287109375 0.070953369140625 -0.112434387207031 0.00038909912109375
0.35980224609375 0.357635498046875 -0.165313720703125 -0.075164794921875
0.09991455078125 0.510223388671875 -0.0716400146484375 -0.151885986328125
-0.389556884765625 0.460784912109375 0.0959930419921875 -0.210922241210937
-0.64373779296875 0.26263427734375 0.195892333984375 -0.09027099609375
-0.67730712890625 -0.017822265625 0.23394775390625 0.015777587890625
-0.6195068359375 0.0689086914062501 -0.3978271484375 -0.11138916015625
-0.478302001953125 0.2891845703125 -0.285369873046875 0.073699951171875
-0.244354248046875 0.45465087890625 -0.0900802612304688 0.07940673828125
0.0699462890625 0.46124267578125 -0.0617523193359375 -0.00432586669921871
0.271575927734375 0.291961669921875 -0.140129089355469 0.00163269042968753
0.42108154296875 0.072540283203125 -0.1552734375 0.06488037109375
0.3896484375 -0.07257080078125 -0.159912109375 0.118927001953125
0.36383056640625 -0.05615234375 -0.16156005859375 0.135177612304688
0.4161376953125 -0.055694580078125 -0.205047607421875 0.139968872070312
0.403594970703125 0.088409423828125 -0.241165161132813 0.0247955322265625
0.288482666015625 0.32110595703125 -0.25567626953125 -0.0860748291015625
0.064208984375 0.429901123046875 -0.122879028320313 -0.172286987304687
-0.344635009765625 0.379852294921875 0.0471954345703125 -0.18402099609375
-0.552734375 0.22320556640625 0.0657730102539062 -0.0292549133300781
-0.59613037109375 -0.00335693359375007 0.00127029418945309 -0.0173702239990234
-0.444427490234375 0.104034423828125 -0.57208251953125 -0.119384765625
-0.318450927734375 0.237091064453125 -0.37835693359375 0.100677490234375
-0.138916015625 0.319976806640625 -0.107994079589844 0.0840377807617188
0.058013916015625 0.3074951171875 -0.10345458984375 -0.034820556640625
0.177719116210938 0.194747924804688 -0.19818115234375 -0.0224609375
0.288787841796875 0.05767822265625 -0.253402709960938 0.0733642578125
0.272445678710938 -0.0285491943359375 -0.269088745117188 0.163116455078125
0.255462646484375 -0.0162200927734375 -0.25482177734375 0.189865112304687
0.294952392578125 -0.007354736328125 -0.30218505859375 0.17626953125
0.264389038085938 0.0951385498046875 -0.336212158203125 0.041900634765625
0.161636352539063 0.239837646484375 -0.300689697265625 -0.0975646972656249
0.00277709960937499 0.278060913085938 -0.145767211914063 -0.179534912109375
-0.251113891601563 0.218002319335937 0.0169677734375 -0.141326904296875
-0.369232177734375 0.134002685546875 -0.044891357421875 0.020416259765625
-0.41864013671875 0.00112915039062492 -0.195587158203125 -0.0467529296875
-0.203231811523438 0.128570556640625 -0.69134521484375 -0.120361328125
-0.121902465820312 0.155868530273438 -0.44219970703125 0.117462158203125
-0.008453369140625 0.148391723632813 -0.119590759277344 0.0991058349609375
0.0437698364257813 0.112991333007813 -0.122940063476563 -0.0373382568359375
0.0624275207519531 0.0638999938964844 -0.215774536132813 -0.0364532470703125
0.113029479980469 0.0305404663085938 -0.2996826171875 0.074310302734375
0.109710693359375 0.0197982788085938 -0.33062744140625 0.1865234375
0.106590270996094 0.0245285034179688 -0.315155029296875 0.2119140625
0.130523681640625 0.0389022827148438 -0.36114501953125 0.186065673828125
0.0891952514648438 0.084320068359375 -0.383270263671875 0.037200927734375
0.0182952880859375 0.127052307128906 -0.306976318359375 -0.111083984375
-0.046722412109375 0.0956802368164062 -0.141693115234375 -0.186080932617188
-0.118782043457031 0.042205810546875 0.00313568115234375 -0.108322143554688
-0.134994506835937 0.03826904296875 -0.109901428222656 0.0432586669921875
-0.1739501953125 0.0167236328125 -0.323699951171875 -0.0702209472656249
-0.0895614624023438 -0.0724105834960937 0.370513916015625 -0.013519287109375
-0.11383056640625 0.0556488037109375 0.136940002441406 -0.0670852661132813
-0.0266265869140625 0.1219482421875 -0.0305252075195313 0.0735855102539063
0.071502685546875 0.07720947265625 0.105682373046875 0.193038940429688
0.104034423828125 0.0186004638671875 0.253875732421875 0.132827758789063
0.0812454223632813 -0.0561752319335938 0.364166259765625 -0.045867919921875
0.0585708618164062 -0.0915908813476563 0.36767578125 -0.201904296875
0.05078125 -0.0715789794921875 0.309967041015625 -0.2203369140625
0.0565338134765625 -0.0727615356445313 0.310302734375 -0.17919921875
0.0844802856445313 -0.0191650390625 0.3062744140625 -0.076202392578125
0.0587387084960938 0.0489463806152344 0.2047119140625 -0.0042266845703125
-0.0130081176757812 0.0811080932617188 0.130050659179688 -0.00444030761718749
-0.0818634033203125 0.0181961059570312 0.186019897460938 -0.114303588867187
-0.0924148559570313 -0.0625686645507813 0.445526123046875 -0.15521240234375
-0.0213623046875 -0.0901641845703125 0.75286865234375 0.15130615234375
-0.347412109375 -0.06561279296875 0.321197509765625 -0.017913818359375
-0.305694580078125 0.134063720703125 0.110755920410156 -0.0530319213867187
-0.154342651367187 0.266632080078125 -0.0373725891113281 0.0642738342285156
0.0694732666015625 0.2567138671875 0.08282470703125 0.16986083984375
0.196487426757813 0.14239501953125 0.201828002929688 0.129974365234375
0.248199462890625 -0.024322509765625 0.31964111328125 -0.01953125
0.219757080078125 -0.124923706054687 0.329986572265625 -0.1614990234375
0.204879760742187 -0.101409912109375 0.272354125976563 -0.181838989257813
0.2315673828125 -0.108963012695313 0.265289306640625 -0.14105224609375
0.25531005859375 0.003448486328125 0.254974365234375 -0.07293701171875
0.18878173828125 0.16912841796875 0.1448974609375 -0.021331787109375
0.0276947021484375 0.254165649414062 0.104415893554687 -0.03619384765625
-0.209793090820313 0.179168701171875 0.186172485351563 -0.15509033203125
-0.31170654296875 0.0454406738281249 0.44659423828125 -0.17138671875
-0.278610229492188 -0.0782470703124999 0.7366943359375 0.11883544921875
-0.55230712890625 -0.04595947265625 0.197250366210937 -0.0384674072265625
-0.459503173828125 0.205810546875 0.0442771911621094 -0.0313911437988281
-0.257171630859375 0.392669677734375 -0.0450325012207031 0.06298828125
0.069305419921875 0.404632568359375 0.0604248046875 0.136909484863281
0.27069091796875 0.249649047851563 0.134437561035156 0.11041259765625
0.385223388671875 0.009307861328125 0.236907958984375 0.0052642822265625
0.34844970703125 -0.144744873046875 0.242095947265625 -0.102020263671875
0.327301025390625 -0.118316650390625 0.192901611328125 -0.117523193359375
0.372467041015625 -0.12969970703125 0.177703857421875 -0.07989501953125
0.393829345703125 0.020599365234375 0.159378051757813 -0.05999755859375
0.3006591796875 0.265472412109375 0.0581550598144532 -0.0427742004394531
0.07415771484375 0.398712158203125 0.0594863891601563 -0.0785675048828125
-0.308349609375 0.3336181640625 0.172119140625 -0.195083618164062
-0.493438720703125 0.16094970703125 0.4013671875 -0.17236328125
-0.497650146484375 -0.0507812500000001 0.632568359375 0.07476806640625
-0.67449951171875 -0.00439453124999986 0.0207595825195312 -0.0618324279785156
-0.545257568359375 0.271392822265625 -0.0525321960449219 0.00286102294921876
-0.30548095703125 0.485382080078125 -0.0538864135742188 0.0689735412597657
0.0801391601562501 0.508453369140625 0.0303955078125 0.0929946899414063
0.320556640625 0.318115234375 0.0498275756835938 0.078277587890625
0.46942138671875 0.0357666015625 0.119834899902344 0.028594970703125
0.426177978515625 -0.145294189453125 0.122283935546875 -0.0292129516601563
0.399810791015625 -0.119598388671875 0.0861434936523438 -0.0330810546875
0.45611572265625 -0.135406494140625 0.0609016418457032 -0.00190353393554688
0.473480224609375 0.034820556640625 0.0320568084716797 -0.0343780517578125
0.372314453125 0.32574462890625 -0.0521049499511719 -0.058319091796875
0.11346435546875 0.493804931640625 -0.0017547607421875 -0.118492126464844
-0.3643798828125 0.447052001953125 0.136764526367188 -0.21746826171875
-0.60888671875 0.2520751953125 0.313385009765625 -0.145904541015625
-0.639892578125 -0.0188598632812499 0.45635986328125 0.039581298828125
-0.694091796875 0.0426025390624999 -0.184844970703125 -0.0796661376953125
-0.548919677734375 0.309112548828125 -0.163497924804688 0.0438079833984375
-0.294464111328125 0.516082763671875 -0.0660781860351563 0.0781478881835938
0.09033203125 0.532135009765625 -0.0118560791015625 0.0427970886230469
0.328521728515625 0.330596923828125 -0.0456314086914062 0.0407867431640625
0.4871826171875 0.049774169921875 -0.0134086608886718 0.0514259338378906
0.43865966796875 -0.126220703125 -0.016937255859375 0.0499725341796875
0.413482666015625 -0.102691650390625 -0.0373077392578125 0.0546684265136719
0.470916748046875 -0.11541748046875 -0.0689773559570312 0.0778350830078125
0.478668212890625 0.052001953125 -0.106689453125 0.00189971923828127
0.3775634765625 0.340423583984375 -0.163360595703125 -0.0662078857421874
0.118896484375 0.504364013671875 -0.0701904296875 -0.145965576171875
-0.37261962890625 0.47222900390625 0.0893402099609375 -0.208602905273437
-0.626220703125 0.2860107421875 0.190048217773438 -0.0892181396484375
-0.6763916015625 0.0036621093749999 0.226089477539062 0.01361083984375
-0.614990234375 0.08660888671875 -0.390106201171875 -0.0904235839843749
-0.4674072265625 0.3013916015625 -0.273391723632813 0.087066650390625
-0.231109619140625 0.461456298828125 -0.0825729370117188 0.0830154418945313
0.090301513671875 0.46173095703125 -0.060882568359375 -0.00335693359374998
0.282501220703125 0.28558349609375 -0.13641357421875 0.00669860839843753
0.423553466796875 0.0523681640625 -0.144424438476562 0.0700225830078125
0.386016845703125 -0.09002685546875 -0.1513671875 0.121475219726563
0.36358642578125 -0.070037841796875 -0.152084350585937 0.1339111328125
0.41497802734375 -0.0750732421875 -0.19207763671875 0.143966674804688
0.404541015625 0.067535400390625 -0.233627319335937 0.0316009521484375
0.303070068359375 0.309051513671875 -0.25384521484375 -0.0725860595703125
0.08123779296875 0.42657470703125 -0.122421264648437 -0.161666870117187
-0.330169677734375 0.392578125 0.0428009033203125 -0.177413940429687
-0.53778076171875 0.243408203125 0.0612564086914062 -0.0245513916015625
-0.59796142578125 0.0107421874999999 -0.00632190704345707 -0.0103330612182617
-0.44140625 0.1156005859375 -0.568603515625 -0.0960693359375
-0.315399169921875 0.24481201171875 -0.3665771484375 0.116912841796875
-0.130462646484375 0.324432373046875 -0.0994720458984375 0.0884857177734375
0.071044921875 0.3092041015625 -0.102523803710938 -0.0307159423828125
0.186508178710938 0.18939208984375 -0.19647216796875 -0.016021728515625
0.292724609375 0.04388427734375 -0.243087768554687 0.08160400390625
0.272201538085938 -0.0416259765625 -0.258697509765625 0.172683715820313
0.256729125976563 -0.027801513671875 -0.245986938476563 0.1929931640625
0.29608154296875 -0.023162841796875 -0.289520263671875 0.18511962890625
0.268402099609375 0.0809173583984375 -0.327301025390625 0.050689697265625
0.174163818359375 0.232894897460938 -0.30023193359375 -0.081146240234375
0.014801025390625 0.27850341796875 -0.147247314453125 -0.169921875
-0.243942260742187 0.229507446289063 0.011932373046875 -0.139396667480469
-0.363922119140625 0.14556884765625 -0.0447311401367188 0.0250663757324219
-0.420867919921875 0.00946044921874993 -0.204010009765625 -0.03521728515625
-0.201629638671875 0.128158569335937 -0.689697265625 -0.0931396484375
-0.122970581054688 0.155502319335938 -0.43377685546875 0.136199951171875
-0.00929260253906249 0.149276733398438 -0.112678527832031 0.102470397949219
0.0470733642578125 0.115402221679687 -0.123458862304688 -0.0328216552734375
0.0668106079101563 0.0626716613769531 -0.214004516601563 -0.0277252197265625
0.116531372070313 0.0271377563476563 -0.291900634765625 0.0802917480468749
0.114921569824219 0.010955810546875 -0.32171630859375 0.197906494140625
0.112205505371094 0.017303466796875 -0.3018798828125 0.220672607421875
0.133598327636719 0.03143310546875 -0.346649169921875 0.194580078125
0.0968399047851563 0.0808563232421875 -0.375732421875 0.05194091796875
0.0285873413085938 0.127227783203125 -0.30523681640625 -0.0946044921874999
-0.0434341430664063 0.0991363525390625 -0.14434814453125 -0.173980712890625
-0.118736267089844 0.0502700805664063 0.0023193359375 -0.107490539550781
-0.13604736328125 0.0402145385742187 -0.111663818359375 0.0487899780273437
-0.177337646484375 0.01251220703125 -0.33477783203125 -0.0560913085937499
-0.0881423950195313 -0.06915283203125 0.382659912109375 -0.022064208984375
-0.10552978515625 0.0573959350585938 0.142654418945313 -0.070953369140625
-0.0228118896484375 0.119224548339844 -0.02923583984375 0.0710296630859375
0.0691680908203125 0.0720443725585938 0.107879638671875 0.187973022460938
0.101692199707031 0.0150070190429688 0.254470825195313 0.12744140625
0.078765869140625 -0.058074951171875 0.36273193359375 -0.053009033203125
0.0538101196289063 -0.091766357421875 0.36529541015625 -0.21038818359375
0.0450439453125 -0.0717544555664063 0.307830810546875 -0.227630615234375
0.0494308471679688 -0.07391357421875 0.309112548828125 -0.185638427734375
0.0783233642578125 -0.0229110717773438 0.304290771484375 -0.0816650390625
0.0589256286621094 0.0451469421386719 0.203872680664063 -0.007293701171875
-0.0101242065429687 0.0792770385742188 0.130546569824219 -0.00682830810546875
-0.0790176391601563 0.019500732421875 0.181869506835938 -0.116897583007812
-0.090728759765625 -0.05615234375 0.448089599609375 -0.16253662109375
-0.0198822021484375 -0.0841140747070312 0.760009765625 0.13775634765625
-0.34661865234375 -0.058380126953125 0.33489990234375 -0.02471923828125
-0.296844482421875 0.138153076171875 0.119010925292969 -0.0561676025390625
-0.14874267578125 0.267257690429688 -0.0354804992675781 0.0616302490234375
0.0740509033203125 0.252395629882812 0.0858612060546875 0.166641235351563
0.198715209960938 0.137847900390625 0.203598022460937 0.125686645507813
0.246917724609375 -0.0306549072265625 0.319976806640625 -0.026153564453125
0.216400146484375 -0.131317138671875 0.328369140625 -0.17047119140625
0.200836181640625 -0.106826782226563 0.2725830078125 -0.190261840820313
0.22735595703125 -0.11474609375 0.266616821289063 -0.147140502929688
0.253448486328125 -0.0060577392578125 0.254318237304688 -0.077545166015625
0.19512939453125 0.16192626953125 0.145843505859375 -0.022003173828125
0.0351409912109375 0.253662109375 0.106063842773437 -0.0378952026367187
-0.205352783203125 0.18597412109375 0.183380126953125 -0.15692138671875
-0.309906005859375 0.057403564453125 0.4461669921875 -0.177337646484375
-0.279876708984375 -0.069000244140625 0.74310302734375 0.10626220703125
-0.552520751953125 -0.0335693359375 0.21087646484375 -0.0416412353515625
-0.4515380859375 0.213134765625 0.0535736083984375 -0.0323562622070312
-0.2484130859375 0.396087646484375 -0.0421028137207031 0.0624847412109375
0.078155517578125 0.40362548828125 0.0640945434570313 0.133697509765625
0.27691650390625 0.244125366210938 0.137405395507813 0.107582092285156
0.385711669921875 -0.002105712890625 0.238372802734375 -4.57763671875001E-05
0.3470458984375 -0.1546630859375 0.244033813476563 -0.110137939453125
0.324432373046875 -0.128692626953125 0.194244384765625 -0.124343872070313
0.369171142578125 -0.14208984375 0.181243896484375 -0.0842437744140625
0.391815185546875 0.00848388671875 0.159072875976563 -0.0633544921875
0.311126708984375 0.256439208984375 0.0572700500488281 -0.0409469604492187
0.085784912109375 0.39971923828125 0.0616073608398438 -0.0794754028320312
-0.302490234375 0.34307861328125 0.16876220703125 -0.196304321289062
-0.4912109375 0.17425537109375 0.40179443359375 -0.175079345703125
-0.501373291015625 -0.04119873046875 0.63604736328125 0.06787109375
-0.6754150390625 0.00817871093749991 0.0332908630371093 -0.061248779296875
-0.5389404296875 0.278900146484375 -0.0424118041992188 0.00350570678710939
-0.297119140625 0.491455078125 -0.0498580932617188 0.0690193176269532
0.09326171875 0.508056640625 0.0335006713867188 0.090179443359375
0.32904052734375 0.312286376953125 0.0523223876953125 0.0766983032226563
0.47381591796875 0.02105712890625 0.124038696289063 0.0246200561523438
0.426055908203125 -0.157745361328125 0.12481689453125 -0.0335235595703125
0.399261474609375 -0.130889892578125 0.0869064331054688 -0.0398101806640625
0.4544677734375 -0.14825439453125 0.06573486328125 -0.00536346435546876
0.47576904296875 0.022491455078125 0.0331687927246094 -0.0350322723388672
0.3863525390625 0.31689453125 -0.052154541015625 -0.0539512634277344
0.126434326171875 0.495391845703125 -0.000160217285156249 -0.116706848144531
-0.358245849609375 0.45892333984375 0.134521484375 -0.215576171875
-0.6046142578125 0.26776123046875 0.31256103515625 -0.14556884765625
-0.64581298828125 -0.00817871093749993 0.45648193359375 0.037384033203125
-0.6983642578125 0.0548706054687499 -0.17523193359375 -0.076416015625
-0.546539306640625 0.318572998046875 -0.154266357421875 0.048858642578125
-0.287628173828125 0.526092529296875 -0.0616989135742188 0.0781478881835938
0.10687255859375 0.53460693359375 -0.00933837890624999 0.0417823791503907
0.339996337890625 0.32568359375 -0.0438919067382812 0.0400047302246094
0.491455078125 0.03521728515625 -0.00920104980468747 0.0488624572753906
0.44110107421875 -0.1400146484375 -0.0120315551757812 0.0481300354003906
0.4146728515625 -0.1136474609375 -0.0330848693847656 0.0502510070800781
0.4720458984375 -0.129638671875 -0.0621261596679687 0.0778656005859375
0.4794921875 0.037139892578125 -0.105361938476562 0.00196838378906249
0.388458251953125 0.33392333984375 -0.16400146484375 -0.0597839355468749
0.133514404296875 0.5079345703125 -0.0670928955078125 -0.143524169921875
-0.36456298828125 0.48431396484375 0.0872955322265625 -0.207839965820312
-0.6220703125 0.2994384765625 0.188888549804688 -0.0868377685546875
-0.6826171875 0.0111694335937501 0.224990844726562 0.0158538818359375
-0.61932373046875 0.09393310546875 -0.38494873046875 -0.0831298828125
-0.469390869140625 0.310760498046875 -0.265304565429688 0.0936431884765625
-0.22796630859375 0.46966552734375 -0.0776824951171875 0.0846939086914063
0.1041259765625 0.4659423828125 -0.0588340759277344 -0.00143814086914061
0.293731689453125 0.282562255859375 -0.134162902832031 0.0086212158203125
0.430816650390625 0.039276123046875 -0.138389587402344 0.0703659057617188
0.38946533203125 -0.103118896484375 -0.14599609375 0.121612548828125
0.366241455078125 -0.080169677734375 -0.14874267578125 0.132339477539062
0.417694091796875 -0.088714599609375 -0.184722900390625 0.146392822265625
0.40838623046875 0.055908203125 -0.23150634765625 0.035797119140625
0.31573486328125 0.302978515625 -0.252670288085938 -0.0642547607421875
0.091522216796875 0.430755615234375 -0.121566772460937 -0.158050537109375
-0.32720947265625 0.401763916015625 0.0415191650390625 -0.176834106445312
-0.53826904296875 0.25299072265625 0.0600013732910156 -0.0210456848144531
-0.60723876953125 0.0139770507812499 -0.0115299224853516 -0.00280570983886719
-0.444854736328125 0.11871337890625 -0.56695556640625 -0.08551025390625
-0.3193359375 0.25079345703125 -0.362335205078125 0.126800537109375
-0.12921142578125 0.330352783203125 -0.0948028564453125 0.0920867919921875
0.08209228515625 0.31427001953125 -0.1016845703125 -0.027984619140625
0.195632934570313 0.189346313476563 -0.195114135742188 -0.0143280029296875
0.29833984375 0.035980224609375 -0.237533569335937 0.08367919921875
0.276138305664063 -0.051544189453125 -0.253662109375 0.177413940429688
0.261825561523438 -0.0360565185546875 -0.242141723632812 0.19354248046875
0.300811767578125 -0.032623291015625 -0.282196044921875 0.189849853515625
0.273483276367187 0.072296142578125 -0.323974609375 0.056182861328125
0.184951782226562 0.230911254882812 -0.30035400390625 -0.0743713378906249
0.02239990234375 0.28302001953125 -0.146926879882812 -0.165542602539063
-0.242385864257813 0.2393798828125 0.011474609375 -0.138236999511719
-0.36444091796875 0.15240478515625 -0.0484886169433594 0.02899169921875
-0.42901611328125 0.0107116699218749 -0.213165283203125 -0.025390625
-0.204864501953125 0.126708984375 -0.69476318359375 -0.0782470703125
-0.128021240234375 0.156585693359375 -0.43267822265625 0.14715576171875
-0.0110626220703125 0.150680541992188 -0.108543395996094 0.1068115234375
0.0518417358398438 0.119895935058594 -0.122283935546875 -0.0295791625976563
0.0714645385742188 0.0660552978515625 -0.2142333984375 -0.024566650390625
0.120765686035156 0.0245132446289063 -0.28936767578125 0.085418701171875
0.118515014648438 0.0070343017578125 -0.317291259765625 0.204437255859375
0.116439819335938 0.0140228271484375 -0.29925537109375 0.225677490234375
0.139030456542969 0.0266036987304688 -0.3426513671875 0.201995849609375
0.103302001953125 0.076171875 -0.372772216796875 0.05828857421875
0.03546142578125 0.128326416015625 -0.30499267578125 -0.088836669921875
-0.0413284301757813 0.104560852050781 -0.146072387695312 -0.169479370117188
-0.12091064453125 0.055877685546875 0.001129150390625 -0.106269836425781
-0.140655517578125 0.0423126220703125 -0.114883422851563 0.052459716796875
-0.186141967773438 0.012298583984375 -0.345245361328125 -0.0451965332031251
-0.0882720947265625 -0.0677337646484375 0.399932861328125 -0.032470703125
-0.100074768066406 0.05902099609375 0.151077270507813 -0.076934814453125
-0.0190505981445313 0.118301391601563 -0.0290374755859375 0.0705642700195313
0.0684280395507813 0.0695571899414063 0.112319946289063 0.187881469726563
0.100700378417969 0.0116729736328125 0.260299682617188 0.124908447265625
0.0764999389648438 -0.0615921020507812 0.367034912109375 -0.06097412109375
0.050201416015625 -0.0955047607421875 0.368804931640625 -0.224884033203125
0.0405502319335937 -0.0734100341796875 0.311065673828125 -0.23956298828125
0.0437698364257813 -0.0759658813476563 0.313385009765625 -0.196319580078125
0.0751953125 -0.0274505615234375 0.309478759765625 -0.08929443359375
0.0604057312011719 0.0415153503417969 0.20867919921875 -0.0102996826171875
-0.00626373291015626 0.0791473388671875 0.133506774902344 -0.00998687744140625
-0.0780410766601563 0.021087646484375 0.182937622070313 -0.121612548828125
-0.090423583984375 -0.0508270263671875 0.45721435546875 -0.17529296875
-0.0176239013671875 -0.08087158203125 0.781982421875 0.12408447265625
-0.353271484375 -0.05218505859375 0.35296630859375 -0.034210205078125
-0.2945556640625 0.1451416015625 0.129684448242187 -0.0621414184570313
-0.145248413085937 0.273544311523438 -0.0343437194824219 0.0618057250976563
0.0789337158203125 0.254241943359375 0.090789794921875 0.16680908203125
0.203369140625 0.134902954101563 0.209564208984375 0.1240234375
0.249313354492188 -0.03973388671875 0.326385498046875 -0.03326416015625
0.216812133789063 -0.141387939453125 0.333343505859375 -0.182861328125
0.199630737304688 -0.114501953125 0.275238037109375 -0.20263671875
0.2259521484375 -0.12408447265625 0.272842407226563 -0.157058715820312
0.254913330078125 -0.0155792236328125 0.257781982421875 -0.0841217041015625
0.204910278320313 0.158355712890625 0.148757934570313 -0.02276611328125
0.04498291015625 0.256729125976563 0.108917236328125 -0.0410537719726562
-0.205474853515625 0.1968994140625 0.183197021484375 -0.162567138671875
-0.313140869140625 0.0695495605468749 0.456787109375 -0.18701171875
-0.28656005859375 -0.06085205078125 0.76312255859375 0.09527587890625
-0.564453125 -0.02435302734375 0.227218627929687 -0.047882080078125
-0.4527587890625 0.224578857421875 0.0644683837890625 -0.0349922180175781
-0.246856689453125 0.4075927734375 -0.0407028198242188 0.0630874633789063
0.0892333984374999 0.40887451171875 0.0678939819335938 0.133544921875
0.288421630859375 0.241241455078125 0.14154052734375 0.106857299804688
0.3931884765625 -0.014312744140625 0.246063232421875 -0.0063934326171875
0.35089111328125 -0.168792724609375 0.248886108398438 -0.11981201171875
0.32781982421875 -0.139923095703125 0.196426391601563 -0.135238647460938
0.372406005859375 -0.1561279296875 0.18743896484375 -0.0910797119140625
0.39892578125 -0.004241943359375 0.161087036132813 -0.0673828125
0.328338623046875 0.25274658203125 0.058563232421875 -0.0393600463867187
0.100006103515625 0.407012939453125 0.0646209716796875 -0.0819320678710937
-0.3023681640625 0.359771728515625 0.168167114257812 -0.201553344726562
-0.49725341796875 0.19293212890625 0.410430908203125 -0.1824951171875
-0.516021728515625 -0.0311584472656249 0.65283203125 0.06134033203125
-0.690185546875 0.0185546874999999 0.0447044372558593 -0.0633163452148438
-0.54315185546875 0.29296875 -0.0338001251220703 0.00391578674316408
-0.29681396484375 0.5089111328125 -0.0474319458007813 0.070953369140625
0.11029052734375 0.517913818359375 0.0368270874023438 0.0911026000976563
0.345062255859375 0.312103271484375 0.0548553466796875 0.0765838623046875
0.48541259765625 0.006256103515625 0.130577087402344 0.0208358764648437
0.4326171875 -0.174957275390625 0.130218505859375 -0.0395660400390625
0.4051513671875 -0.145172119140625 0.0890960693359375 -0.0463943481445313
0.461395263671875 -0.16436767578125 0.0721588134765625 -0.00775909423828126
0.48492431640625 0.008209228515625 0.0336341857910157 -0.0365562438964844
0.4056396484375 0.31292724609375 -0.0525550842285156 -0.0502967834472656
0.143951416015625 0.503448486328125 0.00146484375 -0.119285583496094
-0.3577880859375 0.479705810546875 0.133193969726563 -0.220947265625
-0.61260986328125 0.286376953125 0.31817626953125 -0.149749755859375
-0.66461181640625 0.00183105468749999 0.465850830078125 0.03424072265625
-0.71435546875 0.0651245117187498 -0.171371459960938 -0.0755157470703125
-0.553131103515625 0.335693359375 -0.147674560546875 0.052947998046875
-0.286468505859375 0.542694091796875 -0.0579833984375 0.0806655883789063
0.1256103515625 0.5460205078125 -0.00684356689453124 0.0430107116699219
0.358001708984375 0.326629638671875 -0.0441169738769531 0.0420570373535156
0.504852294921875 0.0189208984375 -0.00399398803710934 0.0472564697265625
0.4493408203125 -0.157196044921875 -0.0084419250488281 0.0466575622558594
0.4232177734375 -0.128631591796875 -0.0325279235839843 0.0470161437988281
0.48052978515625 -0.1468505859375 -0.0569839477539062 0.078369140625
0.491058349609375 0.023590087890625 -0.106544494628906 0.00386047363281251
0.41021728515625 0.329986572265625 -0.16680908203125 -0.0540008544921875
0.148834228515625 0.5164794921875 -0.0667877197265625 -0.145004272460937
-0.365875244140625 0.50653076171875 0.085693359375 -0.212203979492187
-0.6324462890625 0.32073974609375 0.192031860351563 -0.08697509765625
-0.70440673828125 0.0204467773437499 0.227584838867187 0.0177459716796875
-0.63409423828125 0.1046142578125 -0.387939453125 -0.0763854980468749
-0.47625732421875 0.326446533203125 -0.26324462890625 0.102188110351563
-0.22552490234375 0.4869384765625 -0.0738525390625 0.0885772705078125
0.12261962890625 0.47735595703125 -0.0584259033203125 6.10351562500273E-05
0.31036376953125 0.284271240234375 -0.136886596679688 0.0115280151367188
0.44378662109375 0.0255126953125 -0.135910034179687 0.0718612670898437
0.398651123046875 -0.1185302734375 -0.144210815429687 0.125869750976563
0.375213623046875 -0.094512939453125 -0.149429321289063 0.134048461914062
0.42864990234375 -0.104278564453125 -0.181015014648438 0.151153564453125
0.419708251953125 0.045440673828125 -0.234237670898437 0.04058837890625
0.334381103515625 0.3017578125 -0.25762939453125 -0.05792236328125
0.1051025390625 0.440582275390625 -0.122817993164062 -0.158111572265625
-0.32794189453125 0.421722412109375 0.0404510498046875 -0.18115234375
-0.54510498046875 0.26983642578125 0.0603752136230468 -0.0177001953125
-0.627197265625 0.0221557617187501 -0.0150442123413086 0.00311183929443359
-0.45721435546875 0.12567138671875 -0.57855224609375 -0.0736694335937501
-0.327423095703125 0.26220703125 -0.36468505859375 0.138336181640625
-0.1309814453125 0.343658447265625 -0.091949462890625 0.0969009399414063
0.09552001953125 0.324127197265625 -0.10284423828125 -0.0251235961914062
0.208221435546875 0.191925048828125 -0.199905395507813 -0.0107879638671875
0.30902099609375 0.02630615234375 -0.2373046875 0.0883636474609375
0.28411865234375 -0.062957763671875 -0.253707885742187 0.185562133789063
0.270645141601563 -0.0457763671875 -0.244384765625 0.200119018554687
0.31109619140625 -0.044708251953125 -0.281951904296875 0.19842529296875
0.284423828125 0.064666748046875 -0.327728271484375 0.0633850097656251
0.19891357421875 0.231292724609375 -0.30670166015625 -0.0670166015625
0.03045654296875 0.292510986328125 -0.149917602539062 -0.165252685546875
-0.24468994140625 0.252090454101563 0.0111083984375 -0.14154052734375
-0.372772216796875 0.1624755859375 -0.0511817932128906 0.0347061157226563
-0.4456787109375 0.01434326171875 -0.22320556640625 -0.0162506103515625
-0.21038818359375 0.128570556640625 -0.71051025390625 -0.066162109375
-0.13525390625 0.162841796875 -0.439849853515625 0.161041259765625
-0.013916015625 0.155227661132813 -0.105842590332031 0.111701965332031
0.0580596923828125 0.125419616699219 -0.12457275390625 -0.026214599609375
0.0779266357421875 0.0694808959960938 -0.218017578125 -0.021728515625
0.126937866210938 0.0213623046875 -0.2928466796875 0.09161376953125
0.124069213867188 0.0019073486328125 -0.31939697265625 0.215972900390625
0.123458862304688 0.0089569091796875 -0.302032470703125 0.2353515625
0.146652221679688 0.020477294921875 -0.343780517578125 0.213287353515625
0.1107177734375 0.0739212036132813 -0.376434326171875 0.0669860839843749
0.0436935424804688 0.130836486816406 -0.31134033203125 -0.082611083984375
-0.038330078125 0.1109619140625 -0.15045166015625 -0.169387817382813
-0.123184204101562 0.0625534057617187 -0.000381469726562506 -0.108619689941406
-0.146011352539063 0.0443267822265625 -0.121162414550781 0.0596084594726563
-0.197586059570312 0.0109710693359375 -0.36126708984375 -0.032562255859375
-0.0913543701171875 -0.0650787353515625 0.420928955078125 -0.051513671875
-0.0945358276367188 0.0623245239257812 0.160995483398438 -0.088592529296875
-0.0133743286132812 0.119430541992187 -0.0278244018554687 0.0730133056640625
0.0695381164550781 0.0670738220214844 0.122299194335937 0.188247680664063
0.10198974609375 0.007110595703125 0.272308349609375 0.117965698242188
0.0733871459960938 -0.0673599243164063 0.37518310546875 -0.076263427734375
0.044464111328125 -0.100936889648438 0.37115478515625 -0.247802734375
0.0345840454101563 -0.0764007568359375 0.31304931640625 -0.260009765625
0.0366058349609375 -0.078704833984375 0.318023681640625 -0.2154541015625
0.0724258422851563 -0.0328903198242187 0.3157958984375 -0.10394287109375
0.0635833740234375 0.0377540588378906 0.215087890625 -0.017791748046875
-0.0022125244140625 0.07958984375 0.137245178222656 -0.01519775390625
-0.0781707763671875 0.0250930786132813 0.183364868164063 -0.131576538085938
-0.0922775268554688 -0.0443878173828125 0.468292236328125 -0.20086669921875
-0.017486572265625 -0.0793685913085938 0.8135986328125 0.09661865234375
-0.364715576171875 -0.03997802734375 0.374542236328125 -0.05157470703125
-0.2921142578125 0.158111572265625 0.140869140625 -0.0708160400390625
-0.139801025390625 0.284637451171875 -0.0324325561523438 0.0638885498046875
0.0897216796875 0.257003784179687 0.0998382568359375 0.167098999023438
0.213180541992188 0.1298828125 0.21990966796875 0.119659423828125
0.253707885742188 -0.053253173828125 0.335845947265625 -0.047760009765625
0.215240478515625 -0.156143188476562 0.33709716796875 -0.20489501953125
0.198272705078125 -0.126907348632813 0.277130126953125 -0.221694946289063
0.225143432617188 -0.138839721679688 0.278762817382813 -0.173599243164063
0.258956909179688 -0.028564453125 0.26287841796875 -0.0961456298828125
0.219589233398438 0.151779174804688 0.153717041015625 -0.0274658203125
0.0594482421875 0.261825561523438 0.112068176269531 -0.046905517578125
-0.20343017578125 0.213043212890625 0.182708740234375 -0.172653198242188
-0.31884765625 0.0893249511718749 0.467681884765625 -0.211029052734375
-0.29754638671875 -0.049560546875 0.79290771484375 0.0697021484375
-0.58331298828125 -0.00390625000000011 0.244888305664062 -0.060211181640625
-0.4542236328125 0.245361328125 0.0739212036132812 -0.0408401489257812
-0.239898681640625 0.430206298828125 -0.0378265380859375 0.0655097961425782
0.109771728515625 0.4169921875 0.0756759643554688 0.134696960449219
0.3062744140625 0.23699951171875 0.149246215820313 0.104339599609375
0.403900146484375 -0.03558349609375 0.255279541015625 -0.017333984375
0.35382080078125 -0.191650390625 0.254348754882813 -0.136276245117188
0.3310546875 -0.15948486328125 0.197341918945313 -0.15093994140625
0.376129150390625 -0.17962646484375 0.194442749023438 -0.103668212890625
0.408935546875 -0.024200439453125 0.164337158203125 -0.0757904052734375
0.352447509765625 0.24371337890625 0.0602607727050782 -0.0402488708496094
0.122711181640625 0.415618896484375 0.0655746459960938 -0.0882492065429687
-0.29962158203125 0.387359619140625 0.166427612304688 -0.212478637695313
-0.507415771484375 0.22247314453125 0.41937255859375 -0.202789306640625
-0.53680419921875 -0.0114135742187499 0.6763916015625 0.04046630859375
-0.71209716796875 0.0444335937500001 0.0546112060546875 -0.069244384765625
-0.549468994140625 0.32196044921875 -0.0253181457519532 0.00438308715820314
-0.288787841796875 0.5379638671875 -0.0436553955078125 0.0743179321289063
0.134918212890625 0.529205322265625 0.0435638427734375 0.092041015625
0.3701171875 0.3076171875 0.0586776733398438 0.07745361328125
0.49969482421875 -0.018798828125 0.139152526855469 0.0138626098632812
0.439697265625 -0.202545166015625 0.135002136230469 -0.0495223999023438
0.41180419921875 -0.16943359375 0.0892868041992188 -0.0566482543945313
0.47076416015625 -0.19451904296875 0.0792770385742188 -0.0144500732421875
0.497955322265625 -0.015472412109375 0.0331573486328125 -0.0387115478515625
0.4365234375 0.303619384765625 -0.0549545288085937 -0.0468521118164062
0.171295166015625 0.513946533203125 7.62939453125067E-05 -0.12493896484375
-0.3526611328125 0.51287841796875 0.12994384765625 -0.231231689453125
-0.622802734375 0.32427978515625 0.326507568359375 -0.161895751953125
-0.69183349609375 0.0249633789062501 0.48236083984375 0.0235595703125
-0.736328125 0.0906372070312501 -0.170486450195313 -0.0716552734375
-0.559234619140625 0.36663818359375 -0.142898559570313 0.06005859375
-0.277099609375 0.57464599609375 -0.0543746948242188 0.0844192504882813
0.155914306640625 0.55853271484375 -0.00352478027343749 0.0447883605957032
0.385345458984375 0.324066162109375 -0.0440711975097656 0.04638671875
0.521392822265625 -0.00616455078125 0.00244903564453128 0.0467071533203125
0.459503173828125 -0.186187744140625 -0.00411987304687497 0.0449790954589844
0.431671142578125 -0.153839111328125 -0.0331039428710937 0.0466117858886719
0.4920654296875 -0.178009033203125 -0.0510787963867187 0.0800704956054688
0.5072021484375 0.000640869140625 -0.109512329101562 0.00849914550781249
0.442291259765625 0.320343017578125 -0.172195434570313 -0.0464630126953125
0.178863525390625 0.52978515625 -0.0714263916015625 -0.148696899414062
-0.35986328125 0.54052734375 0.081298828125 -0.220916748046875
-0.64202880859375 0.3555908203125 0.197021484375 -0.09185791015625
-0.7330322265625 0.04473876953125 0.235427856445312 0.014678955078125
-0.65423583984375 0.12860107421875 -0.3974609375 -0.0650329589843751
-0.48492431640625 0.3541259765625 -0.263427734375 0.116119384765625
-0.220245361328125 0.516693115234375 -0.070068359375 0.0938568115234375
0.15216064453125 0.489715576171875 -0.0576553344726562 0.00303649902343752
0.3365478515625 0.282379150390625 -0.140426635742188 0.017364501953125
0.46002197265625 0.003570556640625 -0.133224487304687 0.076934814453125
0.408294677734375 -0.144287109375 -0.141555786132813 0.133163452148437
0.385650634765625 -0.11614990234375 -0.150390625 0.141143798828125
0.440338134765625 -0.131805419921875 -0.1768798828125 0.160430908203125
0.436279296875 0.026641845703125 -0.238876342773437 0.0508575439453125
0.36248779296875 0.294708251953125 -0.265457153320313 -0.04742431640625
0.12921142578125 0.451995849609375 -0.129623413085937 -0.159957885742188
-0.32391357421875 0.4498291015625 0.0347747802734375 -0.186874389648437
-0.553253173828125 0.298736572265625 0.06182861328125 -0.0154647827148437
-0.65313720703125 0.04254150390625 -0.0177860260009766 0.00985908508300781
-0.471710205078125 0.142486572265625 -0.59716796875 -0.0533447265624999
-0.335479736328125 0.284088134765625 -0.368988037109375 0.1595458984375
-0.128570556640625 0.3634033203125 -0.0879364013671875 0.103630065917969
0.1163330078125 0.33319091796875 -0.105270385742187 -0.0219802856445312
0.227615356445313 0.192092895507813 -0.206451416015625 -0.00323486328125003
0.322967529296875 0.011016845703125 -0.23876953125 0.09765625
0.293243408203125 -0.081085205078125 -0.254119873046875 0.200820922851562
0.280380249023438 -0.061737060546875 -0.245468139648437 0.214385986328125
0.322021484375 -0.06396484375 -0.280487060546875 0.214065551757813
0.29815673828125 0.052581787109375 -0.33392333984375 0.077728271484375
0.219131469726563 0.229705810546875 -0.31732177734375 -0.05535888671875
0.045196533203125 0.30328369140625 -0.158523559570313 -0.16534423828125
-0.244613647460938 0.271896362304688 0.00538635253906247 -0.146499633789062
-0.380706787109375 0.181396484375 -0.0531272888183594 0.0422782897949219
-0.46771240234375 0.0272216796875 -0.234588623046875 -0.0015716552734375
-0.216506958007812 0.135772705078125 -0.73779296875 -0.0402832031249999
-0.140625 0.173095703125 -0.448516845703125 0.18609619140625
-0.0138092041015625 0.163192749023438 -0.104103088378906 0.11981201171875
0.0680313110351563 0.12939453125 -0.127693176269531 -0.0222625732421875
0.0869598388671875 0.0713729858398438 -0.226943969726563 -0.013763427734375
0.134498596191406 0.0158538818359375 -0.29736328125 0.103302001953125
0.130401611328125 -0.0051116943359375 -0.321533203125 0.23675537109375
0.1312255859375 0.001312255859375 -0.30413818359375 0.254364013671875
0.156448364257813 0.0121917724609375 -0.344879150390625 0.233856201171875
0.121063232421875 0.0698165893554687 -0.382598876953125 0.08331298828125
0.0542373657226563 0.133598327636719 -0.323394775390625 -0.07220458984375
-0.0340423583984375 0.119697570800781 -0.159988403320313 -0.168502807617187
-0.12603759765625 0.0718994140625 -0.005401611328125 -0.112060546875
-0.152755737304688 0.05096435546875 -0.126060485839844 0.0694427490234375
-0.210311889648438 0.0148773193359375 -0.380615234375 -0.0142822265625
-0.0941848754882813 -0.0588150024414063 0.435028076171875 -0.08197021484375
-0.0863189697265625 0.0659332275390625 0.165863037109375 -0.103759765625
-0.00526428222656249 0.118667602539063 -0.0243911743164063 0.0754776000976563
0.0709228515625 0.0633392333984375 0.135025024414063 0.1839599609375
0.100906372070313 2.288818359375E-05 0.283538818359375 0.1036376953125
0.067779541015625 -0.0737533569335938 0.377288818359375 -0.099822998046875
0.035125732421875 -0.105255126953125 0.363128662109375 -0.277923583984375
0.0268783569335938 -0.0781173706054687 0.30316162109375 -0.285888671875
0.0285873413085938 -0.0810394287109375 0.313323974609375 -0.240692138671875
0.0674285888671875 -0.0384559631347656 0.316009521484375 -0.124969482421875
0.0670433044433594 0.0321235656738281 0.219085693359375 -0.0306243896484375
0.003875732421875 0.078643798828125 0.139450073242188 -0.0242080688476562
-0.0764694213867188 0.0312576293945313 0.178695678710938 -0.145034790039063
-0.09295654296875 -0.035675048828125 0.469268798828125 -0.23516845703125
-0.018646240234375 -0.0772933959960938 0.83746337890625 0.0474853515625
-0.37298583984375 -0.018035888671875 0.3890380859375 -0.078857421875
-0.282379150390625 0.175048828125 0.147872924804687 -0.0847015380859375
-0.12469482421875 0.296844482421875 -0.0289955139160156 0.0664253234863281
0.105377197265625 0.25518798828125 0.111953735351563 0.163604736328125
0.224090576171875 0.118392944335938 0.230331420898438 0.109344482421875
0.25250244140625 -0.0728912353515625 0.340362548828125 -0.068756103515625
0.20611572265625 -0.174819946289062 0.33233642578125 -0.23297119140625
0.191818237304688 -0.141571044921875 0.268997192382813 -0.2464599609375
0.21728515625 -0.157470703125 0.276901245117188 -0.196975708007812
0.25860595703125 -0.0478973388671875 0.262741088867188 -0.114349365234375
0.234634399414063 0.136871337890625 0.155593872070313 -0.03582763671875
0.0789031982421875 0.261917114257813 0.112167358398437 -0.0559234619140625
-0.194305419921875 0.232666015625 0.176788330078125 -0.186370849609375
-0.317230224609375 0.115570068359375 0.468841552734375 -0.2451171875
-0.306182861328125 -0.030914306640625 0.8154296875 0.02325439453125
-0.5938720703125 0.0304565429687501 0.256546020507813 -0.0793609619140625
-0.44439697265625 0.27581787109375 0.0829238891601562 -0.0486984252929687
-0.219818115234375 0.453460693359375 -0.0330429077148438 0.0682487487792969
0.13702392578125 0.41619873046875 0.0859375 0.132255554199219
0.32745361328125 0.221588134765625 0.1585693359375 0.099029541015625
0.406707763671875 -0.06597900390625 0.260848999023437 -0.035003662109375
0.3468017578125 -0.221649169921875 0.252151489257813 -0.158950805664062
0.32598876953125 -0.18487548828125 0.191299438476563 -0.168548583984375
0.370697021484375 -0.211029052734375 0.195953369140625 -0.120925903320313
0.412750244140625 -0.0533447265625 0.162689208984375 -0.08660888671875
0.377593994140625 0.22174072265625 0.0609588623046875 -0.0427589416503906
0.153594970703125 0.41595458984375 0.0621566772460938 -0.0955123901367187
-0.282989501953125 0.417694091796875 0.157089233398437 -0.225082397460937
-0.50115966796875 0.263031005859375 0.42083740234375 -0.229766845703125
-0.55059814453125 0.0223388671875 0.695556640625 0.00225830078125
-0.72613525390625 0.08416748046875 0.0618667602539062 -0.0760498046875
-0.53875732421875 0.35986328125 -0.0159502029418946 0.00419616699218752
-0.26446533203125 0.567626953125 -0.0376510620117188 0.07720947265625
0.173675537109375 0.528564453125 0.0513687133789063 0.0902252197265625
0.398284912109375 0.290679931640625 0.0655059814453125 0.076873779296875
0.505950927734375 -0.05419921875 0.146408081054688 0.002838134765625
0.4346923828125 -0.239410400390625 0.136215209960938 -0.0630111694335938
0.40924072265625 -0.201416015625 0.0858230590820313 -0.0659027099609375
0.466827392578125 -0.23358154296875 0.08380126953125 -0.02252197265625
0.505889892578125 -0.051300048828125 0.0316390991210938 -0.0412750244140625
0.467132568359375 0.27703857421875 -0.0563278198242187 -0.0417633056640625
0.209625244140625 0.51422119140625 -0.00655364990234373 -0.129676818847656
-0.33074951171875 0.549041748046875 0.118850708007813 -0.242019653320312
-0.61663818359375 0.3712158203125 0.326812744140625 -0.18182373046875
-0.709228515625 0.0664672851562499 0.4949951171875 -0.002716064453125
-0.7501220703125 0.13427734375 -0.169219970703125 -0.0647430419921875
-0.55145263671875 0.40594482421875 -0.134750366210938 0.0697860717773438
-0.25262451171875 0.60772705078125 -0.047271728515625 0.0892257690429688
0.197998046875 0.558074951171875 0.00150680541992189 0.0452880859375
0.416717529296875 0.30548095703125 -0.0413627624511718 0.0507011413574219
0.530181884765625 -0.044830322265625 0.00844192504882816 0.0441856384277344
0.4576416015625 -0.224517822265625 9.9182128906279E-05 0.0425643920898437
0.431549072265625 -0.187103271484375 -0.0325927734375 0.0460433959960937
0.4910888671875 -0.218505859375 -0.0427017211914062 0.0813827514648437
0.515838623046875 -0.033233642578125 -0.110862731933594 0.0153274536132813
0.4755859375 0.2947998046875 -0.176116943359375 -0.034271240234375
0.216766357421875 0.528411865234375 -0.0806427001953125 -0.149429321289062
-0.33673095703125 0.5770263671875 0.070404052734375 -0.228607177734375
-0.6351318359375 0.40289306640625 0.198562622070312 -0.101470947265625
-0.7530517578125 0.0864257812500001 0.2415771484375 0.00497436523437501
-0.66455078125 0.1636962890625 -0.404205322265625 -0.0431213378906251
-0.478363037109375 0.392791748046875 -0.256820678710938 0.134918212890625
-0.197845458984375 0.5465087890625 -0.0622100830078125 0.100532531738281
0.190155029296875 0.491302490234375 -0.05670166015625 0.00633621215820315
0.365325927734375 0.268035888671875 -0.141250610351562 0.0279541015625
0.47119140625 -0.030364990234375 -0.127670288085937 0.0825881958007813
0.40966796875 -0.178131103515625 -0.134628295898437 0.142242431640625
0.38665771484375 -0.14715576171875 -0.147048950195312 0.15087890625
0.4422607421875 -0.168365478515625 -0.166976928710938 0.17181396484375
0.44696044921875 -0.003936767578125 -0.239410400390625 0.0665283203125
0.3931884765625 0.2745361328125 -0.271881103515625 -0.0292205810546874
0.161163330078125 0.45428466796875 -0.1409912109375 -0.157333374023437
-0.30517578125 0.48193359375 0.0252685546875 -0.191802978515625
-0.54962158203125 0.33868408203125 0.0636100769042968 -0.0146713256835937
-0.673095703125 0.0794067382812502 -0.0175933837890625 0.0157089233398438
-0.4786376953125 0.169036865234375 -0.6104736328125 -0.0192260742187499
-0.3309326171875 0.31170654296875 -0.365203857421875 0.18695068359375
-0.113861083984375 0.3848876953125 -0.0810089111328125 0.110763549804688
0.144500732421875 0.3345947265625 -0.105766296386719 -0.0157623291015625
0.248611450195313 0.183486938476563 -0.210220336914062 0.00994873046874997
0.33148193359375 -0.012359619140625 -0.23553466796875 0.110977172851562
0.295806884765625 -0.10491943359375 -0.245285034179687 0.2193603515625
0.28472900390625 -0.0836181640625 -0.239700317382812 0.233108520507812
0.32763671875 -0.091705322265625 -0.270263671875 0.23394775390625
0.30938720703125 0.0313720703125 -0.33416748046875 0.099639892578125
0.242034912109375 0.218170166015625 -0.324615478515625 -0.035614013671875
0.066864013671875 0.30792236328125 -0.170578002929687 -0.159637451171875
-0.233978271484375 0.2958984375 -0.00347900390625 -0.14959716796875
-0.3804931640625 0.207183837890625 -0.0517158508300782 0.051422119140625
-0.483551025390625 0.0534362792968751 -0.242156982421875 0.0175628662109375
-0.216964721679688 0.146743774414063 -0.7562255859375 0.00500488281249991
-0.139678955078125 0.187103271484375 -0.447418212890625 0.220184326171875
-0.0094451904296875 0.170791625976563 -0.0958480834960937 0.127593994140625
0.0803604125976562 0.129539489746094 -0.13031005859375 -0.0145492553710937
0.0966033935546875 0.0694656372070313 -0.23193359375 -0.000259399414062517
0.140823364257813 0.00616455078125 -0.296356201171875 0.122314453125
0.135833740234375 -0.0156402587890625 -0.312530517578125 0.26202392578125
0.136474609375 -0.0086212158203125 -0.296112060546875 0.278961181640625
0.163345336914063 -0.001495361328125 -0.33599853515625 0.25927734375
0.131011962890625 0.0609054565429688 -0.3839111328125 0.1082763671875
0.0680618286132812 0.13262939453125 -0.332489013671875 -0.050994873046875
-0.0248031616210938 0.126304626464844 -0.172348022460938 -0.16143798828125
-0.125679016113281 0.0823135375976562 -0.0133438110351562 -0.114273071289063
-0.155975341796875 0.0605926513671875 -0.126899719238281 0.083953857421875
-0.221832275390625 0.0250396728515625 -0.39300537109375 0.013641357421875
-0.0950164794921875 -0.05169677734375 0.4351806640625 -0.114227294921875
-0.0761871337890625 0.0676803588867188 0.164947509765625 -0.119491577148437
0.00419616699218751 0.114967346191406 -0.0190887451171875 0.0759201049804688
0.0720977783203125 0.058502197265625 0.1463623046875 0.17315673828125
0.0981597900390625 -0.0060272216796875 0.287567138671875 0.084136962890625
0.0600738525390625 -0.0782699584960938 0.36712646484375 -0.1234130859375
0.0241851806640625 -0.106513977050781 0.342620849609375 -0.301849365234375
0.0183334350585938 -0.077789306640625 0.284210205078125 -0.305816650390625
0.0197525024414062 -0.0809783935546875 0.297149658203125 -0.260986328125
0.0606498718261719 -0.0427970886230469 0.306396484375 -0.145111083984375
0.0676116943359375 0.0242080688476563 0.216171264648438 -0.0443878173828125
0.00955963134765625 0.07568359375 0.137077331542969 -0.0332489013671875
-0.0720672607421875 0.0367050170898438 0.16845703125 -0.1552734375
-0.0907363891601562 -0.0263900756835938 0.45355224609375 -0.266632080078125
-0.0194625854492187 -0.0742568969726563 0.83538818359375 -0.00781250000000001
-0.370452880859375 0.00628662109375 0.391754150390625 -0.107940673828125
-0.264739990234375 0.187484741210938 0.150070190429687 -0.0989532470703125
-0.105316162109375 0.301544189453125 -0.0237808227539063 0.0674514770507813
0.120452880859375 0.246017456054688 0.122268676757813 0.15496826171875
0.229156494140625 0.1031494140625 0.235626220703125 0.0937652587890625
0.243408203125 -0.0910186767578125 0.33380126953125 -0.09173583984375
0.189544677734375 -0.190093994140625 0.3148193359375 -0.2564697265625
0.178680419921875 -0.152969360351563 0.251296997070313 -0.26446533203125
0.202239990234375 -0.171493530273438 0.264923095703125 -0.217086791992188
0.25 -0.0665435791015625 0.254043579101563 -0.130096435546875
0.243362426757813 0.1158447265625 0.15460205078125 -0.04541015625
0.09735107421875 0.253814697265625 0.108352661132812 -0.0637435913085937
-0.177627563476562 0.24725341796875 0.164199829101563 -0.19537353515625
-0.30517578125 0.140045166015625 0.4541015625 -0.2757568359375
-0.305877685546875 -0.00973510742187503 0.8131103515625 -0.03045654296875
-0.59002685546875 0.06536865234375 0.260406494140625 -0.0990753173828125
-0.420745849609375 0.297821044921875 0.0890579223632812 -0.0581283569335937
-0.19061279296875 0.464508056640625 -0.0263023376464844 0.0695610046386719
0.163726806640625 0.40362548828125 0.0964279174804688 0.124900817871094
0.3394775390625 0.198883056640625 0.16351318359375 0.08856201171875
0.397125244140625 -0.095428466796875 0.259246826171875 -0.05401611328125
0.327301025390625 -0.247802734375 0.240798950195313 -0.17840576171875
0.309600830078125 -0.20660400390625 0.178375244140625 -0.182830810546875
0.352569580078125 -0.237823486328125 0.190292358398438 -0.13641357421875
0.404327392578125 -0.0830078125 0.156204223632813 -0.0955810546875
0.39141845703125 0.1900634765625 0.0590896606445313 -0.0445632934570312
0.181976318359375 0.403106689453125 0.055908203125 -0.100288391113281
-0.255523681640625 0.43914794921875 0.1419677734375 -0.23236083984375
-0.482666015625 0.29864501953125 0.408935546875 -0.254669189453125
-0.5491943359375 0.056060791015625 0.6929931640625 -0.04010009765625
-0.71844482421875 0.12725830078125 0.0662994384765625 -0.0828857421875
-0.5115966796875 0.388671875 -0.00603342056274417 0.00247430801391604
-0.22845458984375 0.58551025390625 -0.0301284790039063 0.078460693359375
0.210205078125 0.513031005859375 0.0585403442382813 0.0857009887695313
0.416839599609375 0.26226806640625 0.0699462890625 0.0738143920898438
0.498199462890625 -0.092132568359375 0.148117065429688 -0.010101318359375
0.41552734375 -0.27239990234375 0.132881164550781 -0.0756149291992188
0.39349365234375 -0.228759765625 0.0793304443359375 -0.0735244750976563
0.4468994140625 -0.269805908203125 0.0850830078125 -0.03204345703125
0.4979248046875 -0.086212158203125 0.028778076171875 -0.0420074462890625
0.48553466796875 0.238250732421875 -0.056182861328125 -0.0359382629394531
0.2430419921875 0.497772216796875 -0.0144195556640625 -0.128936767578125
-0.29638671875 0.572265625 0.103591918945312 -0.246536254882813
-0.58917236328125 0.412841796875 0.317657470703125 -0.199920654296875
-0.7066650390625 0.1102294921875 0.491607666015625 -0.032562255859375
-0.74127197265625 0.17626953125 -0.16485595703125 -0.056427001953125
-0.52313232421875 0.438262939453125 -0.121597290039063 0.0767135620117188
-0.2169189453125 0.6280517578125 -0.0380935668945313 0.0909957885742188
0.2366943359375 0.542266845703125 0.00714111328125002 0.044036865234375
0.437713623046875 0.2764892578125 -0.0362510681152344 0.0549163818359375
0.52508544921875 -0.084228515625 0.014251708984375 0.0389938354492187
0.440093994140625 -0.25933837890625 0.0048332214355469 0.0384674072265625
0.4176025390625 -0.218231201171875 -0.0322456359863281 0.046356201171875
0.472747802734375 -0.2572021484375 -0.0349578857421875 0.0803070068359375
0.51116943359375 -0.0726318359375 -0.109100341796875 0.0234603881835937
0.495941162109375 0.25689697265625 -0.175186157226562 -0.02056884765625
0.25286865234375 0.51190185546875 -0.0900115966796875 -0.145034790039063
-0.2998046875 0.59942626953125 0.0559234619140625 -0.22979736328125
-0.60736083984375 0.44305419921875 0.194580078125 -0.110321044921875
-0.751220703125 0.1329345703125 0.24139404296875 -0.00729370117187499
-0.656005859375 0.2025146484375 -0.399383544921875 -0.0189208984375
-0.45330810546875 0.421478271484375 -0.240707397460938 0.151870727539063
-0.1656494140625 0.562744140625 -0.0526504516601562 0.102874755859375
0.2254638671875 0.475372314453125 -0.053466796875 0.0094718933105469
0.385284423828125 0.24261474609375 -0.138114929199219 0.03887939453125
0.466583251953125 -0.065948486328125 -0.119354248046875 0.0871810913085938
0.39691162109375 -0.209747314453125 -0.12274169921875 0.147689819335938
0.37689208984375 -0.175201416015625 -0.138900756835937 0.158782958984375
0.428863525390625 -0.20452880859375 -0.152511596679687 0.178466796875
0.444671630859375 -0.037628173828125 -0.23394775390625 0.0820770263671875
0.413482666015625 0.243255615234375 -0.2698974609375 -0.00895690917968746
0.192413330078125 0.442047119140625 -0.149993896484375 -0.148345947265625
-0.273681640625 0.50238037109375 0.0130157470703125 -0.191085815429687
-0.528533935546875 0.374053955078125 0.064697265625 -0.0145988464355469
-0.67266845703125 0.12017822265625 -0.0173397064208985 0.0207805633544922
-0.46929931640625 0.195159912109375 -0.60662841796875 0.0195312500000001
-0.31390380859375 0.333953857421875 -0.348419189453125 0.21234130859375
-0.092620849609375 0.396636962890625 -0.0708160400390625 0.115066528320313
0.168701171875 0.32293701171875 -0.104118347167969 -0.00894927978515621
0.26373291015625 0.166961669921875 -0.206939697265625 0.024383544921875
0.329864501953125 -0.037811279296875 -0.22601318359375 0.123001098632812
0.28985595703125 -0.128692626953125 -0.228668212890625 0.233596801757813
0.279647827148438 -0.105148315429688 -0.225448608398437 0.24725341796875
0.320831298828125 -0.119140625 -0.251785278320312 0.248504638671875
0.3116455078125 0.0069580078125 -0.3255615234375 0.121368408203125
0.259353637695313 0.199066162109375 -0.323272705078125 -0.011810302734375
0.088287353515625 0.303558349609375 -0.180145263671875 -0.148422241210938
-0.21624755859375 0.310821533203125 -0.013336181640625 -0.147048950195312
-0.368499755859375 0.231109619140625 -0.0479583740234375 0.05908203125
-0.486114501953125 0.0820312500000001 -0.241287231445313 0.037750244140625
-0.2113037109375 0.155181884765625 -0.752685546875 0.0537109375
-0.13287353515625 0.197280883789062 -0.43218994140625 0.25152587890625
-0.00302124023437501 0.175033569335938 -0.0853500366210938 0.132308959960937
0.0904693603515625 0.124404907226563 -0.129104614257813 -0.00584411621093747
0.10394287109375 0.0638580322265625 -0.23004150390625 0.0152435302734375
0.143096923828125 -0.0038299560546875 -0.286041259765625 0.1387939453125
0.136680603027344 -0.0277175903320313 -0.29388427734375 0.2813720703125
0.137908935546875 -0.0199966430664063 -0.27789306640625 0.29681396484375
0.164459228515625 -0.01690673828125 -0.31634521484375 0.279876708984375
0.136734008789063 0.0490951538085938 -0.37335205078125 0.1334228515625
0.0792617797851563 0.126457214355469 -0.332672119140625 -0.027740478515625
-0.0142745971679688 0.12896728515625 -0.18096923828125 -0.14910888671875
-0.120353698730469 0.0915985107421875 -0.0209579467773438 -0.111778259277344
-0.154388427734375 0.0709228515625 -0.121894836425781 0.09674072265625
-0.225357055664063 0.0379791259765625 -0.39300537109375 0.0438537597656251
-0.0926284790039062 -0.0445556640625 0.42608642578125 -0.13641357421875
-0.0665626525878906 0.0644798278808594 0.161758422851563 -0.130661010742188
0.010101318359375 0.107429504394531 -0.0144424438476562 0.0743560791015625
0.0710601806640625 0.0535507202148438 0.150665283203125 0.161407470703125
0.0947418212890625 -0.0103988647460937 0.283721923828125 0.06793212890625
0.0521011352539063 -0.07958984375 0.35235595703125 -0.137115478515625
0.0145950317382813 -0.103927612304688 0.31903076171875 -0.312225341796875
0.0117034912109375 -0.07489013671875 0.26397705078125 -0.312896728515625
0.0129318237304688 -0.0786666870117188 0.27899169921875 -0.269851684570313
0.0534324645996094 -0.04473876953125 0.29193115234375 -0.1558837890625
0.0658760070800781 0.0174179077148438 0.208847045898438 -0.0541839599609375
0.0135498046875 0.0706939697265625 0.131820678710938 -0.0399246215820312
-0.0663375854492188 0.0395088195800781 0.157791137695313 -0.159881591796875
-0.0854339599609375 -0.0190811157226563 0.430877685546875 -0.286773681640625
-0.0193023681640625 -0.0704269409179688 0.81536865234375 -0.04742431640625
-0.360504150390625 0.02252197265625 0.385711669921875 -0.12939453125
-0.245880126953125 0.190261840820312 0.14990234375 -0.1104736328125
-0.088714599609375 0.297454833984375 -0.0179443359375 0.0653648376464844
0.127304077148438 0.233551025390625 0.127593994140625 0.143234252929688
0.22772216796875 0.0898895263671875 0.233535766601563 0.080657958984375
0.230239868164063 -0.102462768554688 0.322174072265625 -0.106170654296875
0.17291259765625 -0.195327758789063 0.295135498046875 -0.267852783203125
0.164688110351563 -0.156509399414063 0.232452392578125 -0.271194458007813
0.185287475585937 -0.179046630859375 0.25042724609375 -0.22650146484375
0.237823486328125 -0.07781982421875 0.241851806640625 -0.13812255859375
0.243026733398438 0.0972747802734375 0.149948120117188 -0.0511932373046875
0.107757568359375 0.241683959960938 0.102279663085938 -0.067535400390625
-0.160690307617187 0.252944946289063 0.152542114257813 -0.197830200195312
-0.288665771484375 0.154571533203125 0.432159423828125 -0.29254150390625
-0.298828125 0.00564575195312503 0.7926025390625 -0.06744384765625
-0.5726318359375 0.0896606445312499 0.25909423828125 -0.11370849609375
-0.392913818359375 0.304595947265625 0.0938796997070312 -0.0670013427734375
-0.164459228515625 0.4638671875 -0.0200614929199219 0.0677413940429688
0.17822265625 0.384979248046875 0.10089111328125 0.115524291992188
0.341094970703125 0.177947998046875 0.164566040039063 0.0799407958984375
0.379852294921875 -0.11505126953125 0.25140380859375 -0.0671539306640625
0.30517578125 -0.2601318359375 0.2275390625 -0.189407348632813
0.2916259765625 -0.215789794921875 0.164566040039063 -0.188125610351563
0.3289794921875 -0.253448486328125 0.181442260742188 -0.145904541015625
0.387359619140625 -0.10211181640625 0.148040771484375 -0.100494384765625
0.392608642578125 0.1627197265625 0.0575981140136719 -0.0454139709472656
0.197906494140625 0.38360595703125 0.0497283935546875 -0.100593566894531
-0.22906494140625 0.443695068359375 0.129562377929687 -0.232162475585938
-0.45550537109375 0.31646728515625 0.390289306640625 -0.269073486328125
-0.53680419921875 0.0804748535156249 0.6749267578125 -0.0704345703125
-0.699951171875 0.1517333984375 0.0698394775390625 -0.0881805419921875
-0.4818115234375 0.398773193359375 0.00290107727050778 -0.00224900245666501
-0.1973876953125 0.5860595703125 -0.0225448608398438 0.0763778686523438
0.229248046875 0.489288330078125 0.0633087158203125 0.0795211791992188
0.420684814453125 0.23602294921875 0.073272705078125 0.07037353515625
0.479461669921875 -0.11767578125 0.146774291992188 -0.0198211669921875
0.3912353515625 -0.291473388671875 0.12738037109375 -0.0838775634765625
0.3726806640625 -0.243499755859375 0.072052001953125 -0.0761260986328125
0.420257568359375 -0.290008544921875 0.0844039916992188 -0.0394439697265625
0.479339599609375 -0.112060546875 0.0269813537597657 -0.0412635803222656
0.4871826171875 0.205596923828125 -0.0550498962402343 -0.031097412109375
0.26177978515625 0.4747314453125 -0.0204696655273437 -0.126739501953125
-0.26318359375 0.57904052734375 0.0900421142578125 -0.243576049804688
-0.55712890625 0.43359375 0.304901123046875 -0.2086181640625
-0.69024658203125 0.13824462890625 0.4783935546875 -0.051666259765625
-0.72088623046875 0.1998291015625 -0.156234741210938 -0.0508270263671875
-0.492767333984375 0.4495849609375 -0.107307434082031 0.077178955078125
-0.18475341796875 0.62811279296875 -0.03033447265625 0.0891342163085938
0.25946044921875 0.517120361328125 0.0112686157226563 0.0414390563964844
0.44317626953125 0.2503662109375 -0.0317726135253906 0.0570259094238281
0.50714111328125 -0.11083984375 0.0183353424072266 0.0335502624511719
0.417572021484375 -0.280364990234375 0.00736427307128909 0.0341358184814453
0.398345947265625 -0.232940673828125 -0.0313224792480468 0.0466499328613281
0.44757080078125 -0.280914306640625 -0.02777099609375 0.0755233764648438
0.49456787109375 -0.0997314453125 -0.104515075683594 0.0283889770507812
0.498382568359375 0.223480224609375 -0.169601440429687 -0.0107269287109375
0.269500732421875 0.488128662109375 -0.0947189331054688 -0.137794494628906
-0.26861572265625 0.604736328125 0.044921875 -0.225570678710937
-0.572509765625 0.46209716796875 0.188095092773437 -0.11474609375
-0.73309326171875 0.1612548828125 0.234634399414062 -0.015472412109375
-0.63714599609375 0.2237548828125 -0.385955810546875 -0.00173950195312491
-0.42730712890625 0.433319091796875 -0.222198486328125 0.158981323242188
-0.1383056640625 0.56591796875 -0.0438690185546875 0.101043701171875
0.24481201171875 0.45318603515625 -0.0498504638671875 0.0114402770996094
0.39093017578125 0.218597412109375 -0.130882263183594 0.0454788208007813
0.45379638671875 -0.090545654296875 -0.110099792480469 0.0866012573242187
0.377685546875 -0.22918701171875 -0.112228393554687 0.146942138671875
0.362152099609375 -0.19073486328125 -0.129867553710937 0.16168212890625
0.4073486328125 -0.22711181640625 -0.139114379882813 0.178329467773437
0.431671142578125 -0.061492919921875 -0.22332763671875 0.0916595458984376
0.4161376953125 0.21514892578125 -0.261077880859375 0.00424194335937499
0.208831787109375 0.423858642578125 -0.153289794921875 -0.138137817382812
-0.248260498046875 0.507293701171875 0.00451660156249997 -0.185867309570312
-0.50115966796875 0.390380859375 0.0642890930175781 -0.0144538879394531
-0.6593017578125 0.14556884765625 -0.0169868469238282 0.0241222381591797
-0.456085205078125 0.207916259765625 -0.58868408203125 0.04791259765625
-0.297149658203125 0.341217041015625 -0.32794189453125 0.2247314453125
-0.076080322265625 0.399139404296875 -0.0618667602539063 0.114166259765625
0.1822509765625 0.30865478515625 -0.10052490234375 -0.00389862060546874
0.269454956054688 0.151260375976563 -0.199874877929688 0.035552978515625
0.32257080078125 -0.05487060546875 -0.213088989257812 0.127914428710938
0.27838134765625 -0.144119262695313 -0.211288452148438 0.237411499023438
0.270156860351562 -0.118789672851562 -0.20989990234375 0.252944946289063
0.307281494140625 -0.136932373046875 -0.232070922851563 0.252288818359375
0.30517578125 -0.01214599609375 -0.310943603515625 0.132537841796875
0.264724731445312 0.179656982421875 -0.313690185546875 0.00497436523437499
0.101654052734375 0.293609619140625 -0.182418823242188 -0.136474609375
-0.198577880859375 0.315948486328125 -0.0192718505859375 -0.141769409179687
-0.350799560546875 0.2432861328125 -0.0428733825683594 0.0641708374023438
-0.47894287109375 0.100006103515625 -0.2354736328125 0.0517730712890625
-0.203964233398438 0.1571044921875 -0.732666015625 0.08843994140625
-0.124618530273437 0.200576782226563 -0.41009521484375 0.268218994140625
0.000701904296874999 0.17559814453125 -0.07659912109375 0.132514953613281
0.0949630737304688 0.118110656738281 -0.12530517578125 0.000663757324218779
0.107315063476563 0.0586776733398437 -0.223464965820313 0.026397705078125
0.141220092773438 -0.0119781494140625 -0.27288818359375 0.146987915039063
0.134872436523438 -0.0358428955078125 -0.273101806640625 0.288970947265625
0.136283874511719 -0.0287704467773438 -0.2584228515625 0.30474853515625
0.16094970703125 -0.028045654296875 -0.2939453125 0.288482666015625
0.137840270996094 0.038543701171875 -0.355316162109375 0.14752197265625
0.0858001708984375 0.118843078613281 -0.32366943359375 -0.00927734374999994
-0.00643157958984375 0.12860107421875 -0.183349609375 -0.136703491210938
-0.114555358886719 0.096282958984375 -0.0262908935546875 -0.107444763183594
-0.151412963867187 0.07611083984375 -0.115287780761719 0.104255676269531
-0.224945068359375 0.0471954345703125 -0.384002685546875 0.0653381347656249
-0.08917236328125 -0.0411834716796875 0.41943359375 -0.148101806640625
-0.0604019165039063 0.0597496032714844 0.159622192382813 -0.138229370117188
0.0120468139648437 0.100845336914062 -0.0115890502929688 0.0721282958984375
0.06951904296875 0.0508575439453125 0.15155029296875 0.152511596679687
0.0909957885742188 -0.0124740600585937 0.278366088867188 0.0603485107421875
0.0464706420898437 -0.0798416137695313 0.340087890625 -0.141754150390625
0.00887298583984376 -0.100318908691406 0.30474853515625 -0.31463623046875
0.00772857666015626 -0.0708694458007813 0.251739501953125 -0.313629150390625
0.00795745849609374 -0.0757217407226563 0.269638061523438 -0.27105712890625
0.048248291015625 -0.0445175170898438 0.282501220703125 -0.15802001953125
0.0633811950683594 0.0126228332519531 0.202926635742188 -0.057373046875
0.0147781372070313 0.0665130615234375 0.128318786621094 -0.0421066284179688
-0.0614166259765625 0.0398788452148438 0.150833129882813 -0.160140991210938
-0.079833984375 -0.0150909423828125 0.415313720703125 -0.293426513671875
-0.0176658630371094 -0.0677375793457031 0.79595947265625 -0.0618896484375
-0.3511962890625 0.028900146484375 0.381591796875 -0.140625
-0.234786987304688 0.184234619140625 0.151031494140625 -0.118255615234375
-0.0802001953125 0.290130615234375 -0.0145378112792969 0.0630531311035156
0.128982543945312 0.22503662109375 0.128204345703125 0.135162353515625
0.223709106445313 0.0826568603515625 0.230010986328125 0.0744476318359375
0.219192504882813 -0.107376098632813 0.313201904296875 -0.111968994140625
0.161453247070313 -0.195358276367188 0.2825927734375 -0.271636962890625
0.1566162109375 -0.156143188476563 0.2220458984375 -0.271270751953125
0.174545288085938 -0.18096923828125 0.241775512695313 -0.229080200195313
0.227630615234375 -0.0828094482421875 0.233871459960938 -0.139114379882813
0.239273071289062 0.0853729248046875 0.145843505859375 -0.0527191162109375
0.11163330078125 0.232864379882812 0.0986785888671875 -0.0687637329101562
-0.149795532226562 0.253250122070313 0.145980834960938 -0.196365356445313
-0.275344848632813 0.16033935546875 0.419952392578125 -0.29766845703125
-0.2923583984375 0.0122375488281249 0.7747802734375 -0.08056640625
-0.559814453125 0.0971984863281251 0.259384155273438 -0.122802734375
-0.377105712890625 0.30035400390625 0.0981216430664062 -0.074310302734375
-0.1517333984375 0.458099365234375 -0.016510009765625 0.0641860961914063
0.18280029296875 0.37042236328125 0.102455139160156 0.108917236328125
0.3382568359375 0.16644287109375 0.163238525390625 0.0756378173828125
0.365936279296875 -0.123992919921875 0.246185302734375 -0.07421875
0.288970947265625 -0.26519775390625 0.219039916992188 -0.193557739257813
0.280364990234375 -0.21856689453125 0.156661987304688 -0.18780517578125
0.3118896484375 -0.2586669921875 0.17578125 -0.149337768554688
0.374053955078125 -0.11126708984375 0.144195556640625 -0.0999755859375
0.387786865234375 0.145751953125 0.056671142578125 -0.0447921752929688
0.2030029296875 0.371185302734375 0.0461349487304688 -0.100372314453125
-0.21392822265625 0.44342041015625 0.123321533203125 -0.228759765625
-0.43536376953125 0.3233642578125 0.3797607421875 -0.273162841796875
-0.52618408203125 0.08978271484375 0.65802001953125 -0.07928466796875
-0.6837158203125 0.16143798828125 0.07415771484375 -0.0925140380859375
-0.46240234375 0.394622802734375 0.0115776062011718 -0.00786304473876951
-0.181884765625 0.5804443359375 -0.0187530517578125 0.0726776123046875
0.235870361328125 0.47186279296875 0.0649261474609375 0.07421875
0.4178466796875 0.221343994140625 0.074737548828125 0.0686721801757813
0.463897705078125 -0.13067626953125 0.144989013671875 -0.02685546875
0.37347412109375 -0.297393798828125 0.123245239257813 -0.0891647338867188
0.35992431640625 -0.24755859375 0.0677261352539063 -0.076324462890625
0.4012451171875 -0.297210693359375 0.0830612182617188 -0.0438156127929688
0.4635009765625 -0.123504638671875 0.02667236328125 -0.0398292541503906
0.48077392578125 0.185882568359375 -0.0524978637695312 -0.02777099609375
0.26739501953125 0.45989990234375 -0.0228652954101562 -0.122543334960937
-0.2459716796875 0.57635498046875 0.0847930908203125 -0.238800048828125
-0.5338134765625 0.4398193359375 0.2969970703125 -0.21002197265625
-0.6776123046875 0.147705078125 0.467529296875 -0.05816650390625
-0.70660400390625 0.205810546875 -0.147323608398438 -0.049896240234375
-0.474822998046875 0.44622802734375 -0.0958099365234375 0.0739898681640625
-0.16845703125 0.6239013671875 -0.0259323120117188 0.0850296020507813
0.2666015625 0.500152587890625 0.0130577087402344 0.0390396118164063
0.44085693359375 0.235076904296875 -0.027587890625 0.0582427978515625
0.491546630859375 -0.124053955078125 0.0209178924560547 0.0279388427734375
0.401611328125 -0.28753662109375 0.0085563659667969 0.0290355682373047
0.385345458984375 -0.240020751953125 -0.0308990478515625 0.0464401245117187
0.428924560546875 -0.288909912109375 -0.0241928100585937 0.07098388671875
0.47998046875 -0.1097412109375 -0.100425720214844 0.0307846069335937
0.492706298828125 0.2021484375 -0.163833618164062 -0.00544738769531246
0.2752685546875 0.474273681640625 -0.0962219238281249 -0.132209777832031
-0.2509765625 0.60198974609375 0.039947509765625 -0.219879150390625
-0.55072021484375 0.466339111328125 0.184783935546875 -0.114334106445312
-0.7205810546875 0.1707763671875 0.228485107421875 -0.0169525146484375
-0.62774658203125 0.22705078125 -0.37298583984375 0.00460815429687499
-0.41168212890625 0.432098388671875 -0.207977294921875 0.159103393554688
-0.126220703125 0.5625 -0.03900146484375 0.0983734130859375
0.25189208984375 0.43853759765625 -0.0471153259277344 0.0111770629882813
0.390533447265625 0.206634521484375 -0.124832153320312 0.0500411987304687
0.4407958984375 -0.10223388671875 -0.103874206542969 0.0830230712890625
0.36431884765625 -0.238372802734375 -0.105377197265625 0.14398193359375
0.3521728515625 -0.197265625 -0.12506103515625 0.162155151367187
0.392303466796875 -0.2359619140625 -0.131027221679688 0.173416137695312
0.420135498046875 -0.073211669921875 -0.214813232421875 0.094635009765625
0.4132080078125 0.19903564453125 -0.253128051757813 0.0117187500000001
0.214874267578125 0.41168212890625 -0.153472900390625 -0.13177490234375
-0.2342529296875 0.50494384765625 0.00161743164062497 -0.180511474609375
-0.484039306640625 0.393463134765625 0.0654563903808593 -0.0124664306640625
-0.64874267578125 0.1534423828125 -0.0171661376953125 0.0265388488769531
-0.448486328125 0.207275390625 -0.572998046875 0.0582275390625
-0.286651611328125 0.342376708984375 -0.31243896484375 0.229248046875
-0.06842041015625 0.399749755859375 -0.05718994140625 0.111763000488281
0.187744140625 0.299072265625 -0.0976181030273437 -0.00177001953124998
0.270156860351563 0.1429443359375 -0.193008422851562 0.0406036376953125
0.3148193359375 -0.063720703125 -0.204299926757813 0.1263427734375
0.270065307617188 -0.151763916015625 -0.2003173828125 0.236282348632812
0.264236450195313 -0.125213623046875 -0.200485229492187 0.25274658203125
0.296356201171875 -0.14556884765625 -0.221420288085938 0.249771118164063
0.298065185546875 -0.02154541015625 -0.2991943359375 0.137237548828125
0.264541625976563 0.167678833007813 -0.303985595703125 0.01324462890625
0.106658935546875 0.286590576171875 -0.181304931640625 -0.129379272460938
-0.189849853515625 0.316314697265625 -0.0218048095703125 -0.137229919433594
-0.3411865234375 0.2462158203125 -0.0388755798339844 0.0672416687011719
-0.47235107421875 0.10736083984375 -0.2303466796875 0.0588836669921875
-0.201812744140625 0.153717041015625 -0.7142333984375 0.10205078125
-0.121627807617188 0.2015380859375 -0.39483642578125 0.27569580078125
0.00181579589843748 0.177734375 -0.072021484375 0.130393981933594
0.0967636108398438 0.114730834960938 -0.122413635253906 0.00331115722656252
0.108619689941406 0.0558395385742188 -0.216506958007813 0.03118896484375
0.139762878417969 -0.0157394409179688 -0.263320922851563 0.148941040039062
0.132843017578125 -0.040924072265625 -0.259613037109375 0.289337158203125
0.13507080078125 -0.0333175659179688 -0.24658203125 0.30450439453125
0.157730102539063 -0.0340576171875 -0.28094482421875 0.2862548828125
0.136924743652344 0.03173828125 -0.343994140625 0.151275634765625
0.089874267578125 0.113571166992188 -0.314697265625 -0.000579833984375029
-0.00218963623046876 0.12750244140625 -0.181854248046875 -0.128204345703125
-0.111595153808594 0.0987014770507813 -0.0287704467773437 -0.103126525878906
-0.148605346679688 0.0781097412109375 -0.110572814941406 0.108512878417969
-0.224456787109375 0.049896240234375 -0.376220703125 0.0757141113281251
-0.087066650390625 -0.038848876953125 0.422607421875 -0.15570068359375
-0.0583229064941406 0.0547027587890625 0.16180419921875 -0.147476196289063
0.011444091796875 0.096435546875 -0.00977325439453126 0.0703048706054688
0.0685462951660156 0.049713134765625 0.152313232421875 0.149063110351563
0.0898590087890625 -0.0135116577148438 0.27655029296875 0.0577392578125
0.0425033569335938 -0.0809402465820312 0.33782958984375 -0.143585205078125
0.00524139404296876 -0.0985031127929688 0.300872802734375 -0.31744384765625
0.00546646118164062 -0.0687065124511719 0.250244140625 -0.315643310546875
0.0047149658203125 -0.0743789672851562 0.268585205078125 -0.27301025390625
0.0449142456054688 -0.0439605712890625 0.281402587890625 -0.158538818359375
0.0616264343261719 0.00949859619140625 0.202178955078125 -0.05804443359375
0.0157585144042969 0.064453125 0.127189636230469 -0.0428466796875
-0.0586204528808594 0.0402107238769531 0.1505126953125 -0.161651611328125
-0.0755767822265625 -0.0129241943359375 0.414520263671875 -0.299407958984375
-0.0151252746582031 -0.066741943359375 0.79461669921875 -0.06524658203125
-0.35064697265625 0.029937744140625 0.38555908203125 -0.14794921875
-0.231521606445313 0.1795654296875 0.155105590820312 -0.127426147460938
-0.07940673828125 0.28839111328125 -0.0128364562988281 0.0607986450195313
0.129440307617188 0.222000122070312 0.129432678222656 0.132095336914063
0.22381591796875 0.08184814453125 0.229461669921875 0.07305908203125
0.214614868164062 -0.110122680664062 0.31134033203125 -0.11517333984375
0.156417846679688 -0.196685791015625 0.280197143554688 -0.275787353515625
0.154525756835938 -0.156448364257813 0.219436645507813 -0.273330688476563
0.169143676757813 -0.182479858398437 0.241928100585938 -0.231964111328125
0.223236083984375 -0.08489990234375 0.233612060546875 -0.139663696289063
0.23870849609375 0.0799102783203125 0.145492553710938 -0.0531463623046875
0.113479614257812 0.230484008789063 0.0982208251953125 -0.0690078735351562
-0.146194458007813 0.256546020507812 0.146026611328125 -0.19744873046875
-0.269943237304688 0.164306640625 0.419403076171875 -0.302276611328125
-0.2921142578125 0.01446533203125 0.77471923828125 -0.0831298828125
-0.560882568359375 0.09759521484375 0.264816284179687 -0.12908935546875
-0.37335205078125 0.295684814453125 0.104270935058594 -0.0824813842773437
-0.1488037109375 0.4581298828125 -0.0148162841796875 0.0617599487304688
0.184967041015625 0.367340087890625 0.102890014648438 0.106101989746094
0.33984375 0.164642333984375 0.163726806640625 0.075469970703125
0.361907958984375 -0.12933349609375 0.245773315429688 -0.078948974609375
0.283966064453125 -0.26885986328125 0.21722412109375 -0.198699951171875
0.278518676757813 -0.220291137695313 0.1551513671875 -0.188888549804688
0.30633544921875 -0.263214111328125 0.176467895507813 -0.153167724609375
0.369720458984375 -0.116058349609375 0.14385986328125 -0.0995025634765625
0.388092041015625 0.139068603515625 0.0570068359375 -0.0442619323730469
0.205963134765625 0.36956787109375 0.045928955078125 -0.099365234375
-0.210418701171875 0.449981689453125 0.123641967773438 -0.228561401367188
-0.4317626953125 0.327667236328125 0.379913330078125 -0.27471923828125
-0.528533935546875 0.0934143066406249 0.65802001953125 -0.0809326171875
-0.68609619140625 0.1612548828125 0.0801162719726562 -0.0978012084960937
-0.4608154296875 0.392547607421875 0.0184040069580078 -0.0143661499023437
-0.1788330078125 0.5843505859375 -0.0170516967773438 0.0709381103515625
0.23870849609375 0.468780517578125 0.0659942626953125 0.0728607177734375
0.42095947265625 0.219512939453125 0.077392578125 0.0697174072265625
0.46063232421875 -0.137451171875 0.146347045898438 -0.0319671630859375
0.368408203125 -0.30322265625 0.122940063476563 -0.0938796997070313
0.3599853515625 -0.25146484375 0.0671310424804688 -0.0765838623046875
0.394256591796875 -0.304534912109375 0.0841445922851563 -0.0476837158203125
0.459136962890625 -0.128997802734375 0.0273017883300782 -0.0391082763671875
0.4818115234375 0.178375244140625 -0.0519371032714843 -0.026580810546875
0.2711181640625 0.459014892578125 -0.023681640625 -0.121391296386719
-0.24310302734375 0.583251953125 0.0849761962890625 -0.238311767578125
-0.53021240234375 0.44366455078125 0.298828125 -0.21160888671875
-0.68231201171875 0.1497802734375 0.4674072265625 -0.05731201171875
-0.7132568359375 0.20526123046875 -0.141860961914063 -0.0529937744140625
-0.475372314453125 0.446624755859375 -0.0886688232421876 0.0701751708984375
-0.16583251953125 0.6302490234375 -0.023895263671875 0.0839385986328125
0.2705078125 0.495635986328125 0.0143775939941406 0.0383186340332032
0.444854736328125 0.2337646484375 -0.0246238708496093 0.060333251953125
0.48907470703125 -0.13134765625 0.022817611694336 0.022979736328125
0.397674560546875 -0.29693603515625 0.0100574493408203 0.0254173278808594
0.3863525390625 -0.245208740234375 -0.0312767028808593 0.0473403930664062
0.423614501953125 -0.297088623046875 -0.0233650207519531 0.0675125122070312
0.477386474609375 -0.116119384765625 -0.0992813110351562 0.032501220703125
0.49432373046875 0.196014404296875 -0.161849975585938 -0.00312805175781249
0.279754638671875 0.4739990234375 -0.0969085693359375 -0.130332946777344
-0.2493896484375 0.6070556640625 0.04058837890625 -0.218643188476562
-0.548370361328125 0.470855712890625 0.186965942382812 -0.113983154296875
-0.72637939453125 0.172119140625 0.228256225585937 -0.0155487060546875
-0.63287353515625 0.2244873046875 -0.368682861328125 0.00360107421874999
-0.413787841796875 0.433990478515625 -0.202133178710938 0.15789794921875
-0.1239013671875 0.57177734375 -0.038299560546875 0.09735107421875
0.256744384765625 0.43597412109375 -0.046142578125 0.0113143920898438
0.39544677734375 0.2052001953125 -0.121788024902344 0.0524673461914063
0.440277099609375 -0.108428955078125 -0.100914001464844 0.0795974731445312
0.36224365234375 -0.246307373046875 -0.10333251953125 0.1414794921875
0.353118896484375 -0.20330810546875 -0.124984741210937 0.163299560546875
0.387359619140625 -0.243499755859375 -0.129180908203125 0.172225952148437
0.418609619140625 -0.078582763671875 -0.212966918945312 0.095916748046875
0.41534423828125 0.193756103515625 -0.249618530273438 0.0146026611328125
0.217041015625 0.41204833984375 -0.153152465820313 -0.129867553710937
-0.232757568359375 0.510284423828125 0.000946044921874976 -0.17901611328125
-0.48126220703125 0.397186279296875 0.0677757263183593 -0.0101814270019531
-0.6539306640625 0.15478515625 -0.0177326202392579 0.0296688079833984
-0.453765869140625 0.204986572265625 -0.56915283203125 0.0601806640624999
-0.28948974609375 0.344940185546875 -0.307220458984375 0.230560302734375
-0.067230224609375 0.407684326171875 -0.0566329956054688 0.1119384765625
0.19073486328125 0.298309326171875 -0.0969085693359375 -0.000991821289062495
0.274200439453125 0.141937255859375 -0.18994140625 0.043548583984375
0.3153076171875 -0.06854248046875 -0.20135498046875 0.124618530273438
0.269180297851563 -0.158035278320313 -0.197708129882812 0.236358642578125
0.265335083007813 -0.130279541015625 -0.2000732421875 0.254714965820313
0.293914794921875 -0.1517333984375 -0.2196044921875 0.248825073242187
0.29742431640625 -0.026214599609375 -0.29669189453125 0.138702392578125
0.267852783203125 0.164215087890625 -0.300628662109375 0.0162353515625
0.109100341796875 0.287017822265625 -0.180191040039062 -0.126724243164063
-0.1898193359375 0.3192138671875 -0.0222625732421875 -0.135231018066406
-0.3406982421875 0.2489013671875 -0.0367431640625 0.0706024169921875
-0.47698974609375 0.108367919921875 -0.231430053710938 0.06292724609375
-0.206314086914063 0.1513671875 -0.71307373046875 0.10723876953125
-0.123870849609375 0.205093383789062 -0.392486572265625 0.279052734375
0.000595092773437494 0.18389892578125 -0.0720291137695313 0.129997253417969
0.0979385375976563 0.115821838378906 -0.121627807617187 0.0051116943359375
0.111923217773438 0.0565109252929688 -0.214340209960938 0.0329742431640625
0.141647338867188 -0.01727294921875 -0.260726928710938 0.148513793945312
0.134254455566406 -0.0445175170898438 -0.25732421875 0.2911376953125
0.136940002441406 -0.03717041015625 -0.244110107421875 0.307037353515625
0.158233642578125 -0.038299560546875 -0.278167724609375 0.287628173828125
0.137535095214844 0.02838134765625 -0.340179443359375 0.152587890625
0.0925674438476562 0.112678527832031 -0.310638427734375 0.00228881835937497
8.39233398437454E-05 0.128890991210938 -0.1817626953125 -0.1256103515625
-0.11346435546875 0.100318908691406 -0.0297622680664062 -0.101272583007813
-0.151138305664063 0.07977294921875 -0.108993530273438 0.114021301269531
-0.228927612304688 0.0516357421875 -0.377471923828125 0.0811767578125001
-0.0871200561523438 -0.03753662109375 0.43255615234375 -0.16912841796875
-0.0576858520507813 0.0524024963378906 0.16455078125 -0.160308837890625
0.0121994018554688 0.0954666137695313 -0.007965087890625 0.0704879760742188
0.0700645446777344 0.0494842529296875 0.15765380859375 0.147613525390625
0.0918807983398438 -0.01568603515625 0.28118896484375 0.055938720703125
0.0392913818359375 -0.0821304321289063 0.34246826171875 -0.149688720703125
0.000900268554687508 -0.099151611328125 0.30279541015625 -0.33038330078125
0.00362396240234376 -0.0687179565429687 0.252685546875 -0.327667236328125
0.00177001953125001 -0.0744781494140625 0.274505615234375 -0.283599853515625
0.0427970886230469 -0.0445137023925781 0.286834716796875 -0.16546630859375
0.0612373352050781 0.00674057006835938 0.205337524414062 -0.0609893798828125
0.0163230895996094 0.0633773803710938 0.129600524902344 -0.0457305908203125
-0.0564117431640625 0.0420951843261719 0.152084350585938 -0.169342041015625
-0.0733413696289062 -0.0112762451171875 0.420074462890625 -0.315826416015625
-0.0138626098632813 -0.0676498413085938 0.814697265625 -0.0758056640625
-0.3583984375 0.03607177734375 0.39654541015625 -0.160919189453125
-0.233871459960937 0.180343627929687 0.160430908203125 -0.14093017578125
-0.078338623046875 0.294097900390625 -0.0108985900878906 0.0603256225585938
0.134567260742188 0.224212646484375 0.134300231933594 0.130592346191406
0.230926513671875 0.0797576904296875 0.235626220703125 0.0728912353515625
0.214752197265625 -0.11663818359375 0.316070556640625 -0.12286376953125
0.153549194335938 -0.20428466796875 0.281402587890625 -0.28900146484375
0.155044555664063 -0.16156005859375 0.221771240234375 -0.2838134765625
0.167327880859375 -0.189163208007812 0.246688842773438 -0.242706298828125
0.224716186523438 -0.090911865234375 0.238494873046875 -0.14501953125
0.24359130859375 0.0753173828125 0.147796630859375 -0.05499267578125
0.120346069335938 0.233810424804688 0.0997772216796875 -0.0718154907226563
-0.14361572265625 0.267410278320312 0.147811889648438 -0.204635620117188
-0.270416259765625 0.173812866210937 0.426605224609375 -0.31854248046875
-0.298736572265625 0.0177307128906249 0.791259765625 -0.093017578125
-0.5765380859375 0.1051025390625 0.274505615234375 -0.140548706054688
-0.3800048828125 0.300537109375 0.111030578613281 -0.0941696166992187
-0.14910888671875 0.47076416015625 -0.0133857727050781 0.0616264343261719
0.193572998046875 0.371307373046875 0.107131958007813 0.105278015136719
0.351104736328125 0.16387939453125 0.169891357421875 0.0767364501953125
0.3646240234375 -0.139312744140625 0.250686645507813 -0.0866241455078125
0.2828369140625 -0.281829833984375 0.219131469726563 -0.210693359375
0.282501220703125 -0.23114013671875 0.156463623046875 -0.196197509765625
0.30560302734375 -0.2755126953125 0.1810302734375 -0.16119384765625
0.374481201171875 -0.1256103515625 0.14764404296875 -0.1025390625
0.397918701171875 0.1331787109375 0.0584220886230469 -0.0451889038085937
0.21673583984375 0.376617431640625 0.0461273193359375 -0.101814270019531
-0.207794189453125 0.46795654296875 0.124771118164062 -0.235000610351562
-0.433441162109375 0.344970703125 0.387969970703125 -0.289794921875
-0.54266357421875 0.10052490234375 0.67291259765625 -0.08837890625
-0.70819091796875 0.17083740234375 0.0865859985351562 -0.105514526367187
-0.470245361328125 0.40240478515625 0.0254497528076172 -0.0223731994628906
-0.17657470703125 0.60369873046875 -0.0157928466796875 0.0711212158203125
0.25225830078125 0.476165771484375 0.068756103515625 0.0719833374023438
0.436187744140625 0.2198486328125 0.0825958251953125 0.0720901489257813
0.466400146484375 -0.14984130859375 0.150009155273438 -0.0392303466796875
0.369293212890625 -0.32171630859375 0.123703002929688 -0.102256774902344
0.365142822265625 -0.2655029296875 0.0673065185546875 -0.0786819458007813
0.396087646484375 -0.31939697265625 0.0865859985351563 -0.0521469116210938
0.46630859375 -0.1409912109375 0.0288276672363281 -0.0394706726074219
0.4959716796875 0.172271728515625 -0.0516891479492187 -0.0249519348144531
0.283905029296875 0.466705322265625 -0.0251007080078125 -0.123062133789063
-0.2413330078125 0.60491943359375 0.0862274169921875 -0.242904663085937
-0.53436279296875 0.462005615234375 0.305999755859375 -0.22021484375
-0.702392578125 0.16033935546875 0.47686767578125 -0.06048583984375
-0.73419189453125 0.21527099609375 -0.140472412109375 -0.056396484375
-0.485443115234375 0.45892333984375 -0.0831146240234375 0.0677108764648438
-0.16168212890625 0.65484619140625 -0.0234451293945313 0.0851287841796875
0.286102294921875 0.503662109375 0.0154457092285156 0.0382614135742188
0.46221923828125 0.233673095703125 -0.0206336975097656 0.0640335083007813
0.49749755859375 -0.1444091796875 0.0256404876708985 0.0184459686279297
0.399993896484375 -0.31402587890625 0.0100135803222656 0.0219078063964844
0.393035888671875 -0.259979248046875 -0.0316390991210937 0.0496902465820312
0.42535400390625 -0.31402587890625 -0.0217323303222656 0.0669593811035156
0.484344482421875 -0.12945556640625 -0.0991439819335937 0.03460693359375
0.508880615234375 0.191253662109375 -0.163742065429687 0.000228881835937533
0.292449951171875 0.483367919921875 -0.0995864868164062 -0.130714416503906
-0.24749755859375 0.630126953125 0.040863037109375 -0.222442626953125
-0.553466796875 0.49072265625 0.19305419921875 -0.117263793945312
-0.74755859375 0.182373046875 0.2327880859375 -0.01507568359375
-0.65399169921875 0.2342529296875 -0.373077392578125 0.00582885742187502
-0.42230224609375 0.447479248046875 -0.198593139648438 0.161895751953125
-0.11798095703125 0.59478759765625 -0.0382003784179688 0.100051879882813
0.27001953125 0.444091796875 -0.0460662841796875 0.012451171875
0.411346435546875 0.205810546875 -0.119865417480469 0.0567779541015625
0.448760986328125 -0.120269775390625 -0.100662231445312 0.0771408081054688
0.364959716796875 -0.262603759765625 -0.103363037109375 0.143234252929687
0.35980224609375 -0.216644287109375 -0.125656127929687 0.170272827148438
0.391082763671875 -0.258819580078125 -0.129684448242187 0.17584228515625
0.425506591796875 -0.089508056640625 -0.214950561523437 0.100997924804687
0.42864990234375 0.188385009765625 -0.253494262695313 0.019500732421875
0.22723388671875 0.42138671875 -0.157546997070312 -0.129043579101562
-0.233642578125 0.52960205078125 0.000442504882812493 -0.18096923828125
-0.486602783203125 0.414398193359375 0.072052001953125 -0.00849914550781247
-0.67364501953125 0.16497802734375 -0.0187511444091797 0.0333747863769531
-0.471160888671875 0.212432861328125 -0.57891845703125 0.0676879882812499
-0.295135498046875 0.35784912109375 -0.307861328125 0.24053955078125
-0.063690185546875 0.426055908203125 -0.0574951171875 0.115249633789063
0.201812744140625 0.3037109375 -0.0981674194335937 0.00182342529296879
0.2861328125 0.143280029296875 -0.189910888671875 0.047821044921875
0.3232421875 -0.07647705078125 -0.203155517578125 0.125137329101563
0.274154663085937 -0.169906616210937 -0.198043823242187 0.242416381835937
0.2720947265625 -0.141204833984375 -0.201324462890625 0.264984130859375
0.297821044921875 -0.163726806640625 -0.221603393554687 0.256378173828125
0.303436279296875 -0.034515380859375 -0.30010986328125 0.144378662109375
0.277542114257812 0.163040161132813 -0.3043212890625 0.021484375
0.11614990234375 0.294525146484375 -0.185806274414062 -0.126083374023437
-0.192474365234375 0.33221435546875 -0.0240478515625 -0.136245727539062
-0.34674072265625 0.26019287109375 -0.0347442626953125 0.0766448974609375
-0.494415283203125 0.1160888671875 -0.237503051757813 0.0704803466796875
-0.215789794921875 0.1536865234375 -0.7266845703125 0.117431640625
-0.126388549804688 0.213150024414062 -0.396240234375 0.29388427734375
0.00251770019531252 0.193618774414063 -0.0735397338867187 0.135818481445313
0.102958679199219 0.118820190429687 -0.12359619140625 0.00836944580078127
0.117607116699219 0.057373046875 -0.2156982421875 0.03680419921875
0.147415161132813 -0.0205078125 -0.263656616210938 0.152145385742187
0.138526916503906 -0.0502090454101563 -0.258087158203125 0.30084228515625
0.14178466796875 -0.0427398681640625 -0.246063232421875 0.319122314453125
0.161529541015625 -0.044464111328125 -0.281829833984375 0.298309326171875
0.142333984375 0.0249176025390625 -0.344573974609375 0.15997314453125
0.0989532470703125 0.113479614257813 -0.31451416015625 0.00747680664062496
0.00328826904296875 0.134109497070313 -0.186538696289063 -0.125442504882813
-0.116119384765625 0.106216430664063 -0.0319290161132813 -0.101676940917969
-0.1561279296875 0.0853729248046875 -0.109031677246094 0.123046875
-0.238937377929687 0.0558624267578125 -0.386322021484375 0.09063720703125
-0.0881881713867188 -0.03436279296875 0.442962646484375 -0.19329833984375
-0.0567359924316406 0.0518760681152344 0.164138793945313 -0.178970336914063
0.0145111083984375 0.095184326171875 -0.005889892578125 0.0714187622070313
0.072784423828125 0.04803466796875 0.167388916015625 0.14453125
0.0939102172851563 -0.0206756591796875 0.29150390625 0.04852294921875
0.0345687866210938 -0.0857086181640625 0.347442626953125 -0.1646728515625
-0.00514984130859375 -0.0998077392578125 0.298583984375 -0.3531494140625
-0.000240325927734375 -0.069091796875 0.249176025390625 -0.349029541015625
-0.00311279296875 -0.0753326416015625 0.274749755859375 -0.305328369140625
0.0409049987792969 -0.0463981628417969 0.29107666015625 -0.179931640625
0.0608940124511719 0.0024261474609375 0.209243774414062 -0.0696563720703125
0.0186996459960937 0.0627861022949219 0.131996154785156 -0.052032470703125
-0.0533638000488281 0.0444488525390625 0.150253295898438 -0.182113647460938
-0.0714111328125 -0.00811004638671876 0.420013427734375 -0.345458984375
-0.0150222778320313 -0.0688514709472656 0.83746337890625 -0.10699462890625
-0.367950439453125 0.049530029296875 0.4072265625 -0.184478759765625
-0.235946655273438 0.190170288085937 0.161895751953125 -0.160125732421875
-0.0716552734375 0.305450439453125 -0.00891494750976563 0.0606002807617188
0.145095825195313 0.2252197265625 0.143203735351563 0.127914428710938
0.24212646484375 0.0735931396484375 0.246612548828125 0.067474365234375
0.213363647460937 -0.12890625 0.3216552734375 -0.138031005859375
0.147705078125 -0.216323852539062 0.27813720703125 -0.3109130859375
0.153488159179688 -0.172622680664063 0.21929931640625 -0.302032470703125
0.162246704101563 -0.201675415039063 0.249038696289063 -0.261947631835938
0.226531982421875 -0.101852416992188 0.242477416992188 -0.157394409179688
0.2525634765625 0.0660552978515625 0.151092529296875 -0.060821533203125
0.13323974609375 0.236648559570312 0.101127624511719 -0.0772857666015625
-0.135467529296875 0.2833251953125 0.144989013671875 -0.217742919921875
-0.268417358398438 0.190567016601563 0.428924560546875 -0.347076416015625
-0.309722900390625 0.02886962890625 0.816162109375 -0.124267578125
-0.59466552734375 0.1292724609375 0.283355712890625 -0.1590576171875
-0.38427734375 0.319091796875 0.114738464355469 -0.110549926757812
-0.136016845703125 0.492523193359375 -0.0109977722167969 0.0623779296875
0.213134765625 0.375 0.115318298339844 0.103645324707031
0.3707275390625 0.156005859375 0.180511474609375 0.0749053955078125
0.367645263671875 -0.1591796875 0.255599975585937 -0.101730346679688
0.277435302734375 -0.30340576171875 0.216522216796875 -0.228515625
0.282196044921875 -0.250579833984375 0.154815673828125 -0.20867919921875
0.301116943359375 -0.29803466796875 0.182891845703125 -0.175735473632813
0.37835693359375 -0.144561767578125 0.150314331054688 -0.110626220703125
0.414306640625 0.11962890625 0.059173583984375 -0.0469894409179687
0.2386474609375 0.381866455078125 0.0453948974609375 -0.105758666992187
-0.1947021484375 0.494903564453125 0.122146606445312 -0.24725341796875
-0.430450439453125 0.373504638671875 0.39154052734375 -0.315185546875
-0.56005859375 0.122283935546875 0.6927490234375 -0.11248779296875
-0.73077392578125 0.2001953125 0.0909271240234375 -0.115898132324219
-0.4754638671875 0.42779541015625 0.0299644470214843 -0.0321102142333984
-0.15997314453125 0.6334228515625 -0.0135116577148438 0.0727386474609375
0.276458740234375 0.4796142578125 0.074951171875 0.0714950561523438
0.461822509765625 0.211669921875 0.0910797119140625 0.0731430053710938
0.47271728515625 -0.1751708984375 0.153610229492188 -0.0509490966796875
0.3662109375 -0.34857177734375 0.123016357421875 -0.114082336425781
0.367767333984375 -0.291595458984375 0.0670166015625 -0.0839004516601563
0.393096923828125 -0.348297119140625 0.0895462036132813 -0.0596694946289063
0.47344970703125 -0.164306640625 0.0300712585449219 -0.0412368774414063
0.51812744140625 0.156707763671875 -0.0527877807617187 -0.022735595703125
0.311676025390625 0.474822998046875 -0.02850341796875 -0.125274658203125
-0.2249755859375 0.638427734375 0.082763671875 -0.253890991210937
-0.53173828125 0.49908447265625 0.3114013671875 -0.2384033203125
-0.72528076171875 0.18994140625 0.491302490234375 -0.076416015625
-0.760986328125 0.248046875 -0.1424560546875 -0.056549072265625
-0.48883056640625 0.490203857421875 -0.0776443481445313 0.0665206909179688
-0.14239501953125 0.68804931640625 -0.0213088989257813 0.0889205932617188
0.313720703125 0.509307861328125 0.0188255310058594 0.0397758483886719
0.49151611328125 0.224761962890625 -0.0144882202148437 0.0690193176269532
0.505889892578125 -0.17144775390625 0.0266857147216797 0.0111370086669922
0.3975830078125 -0.343017578125 0.010589599609375 0.0180778503417969
0.3980712890625 -0.28729248046875 -0.0308341979980468 0.052764892578125
0.424407958984375 -0.343536376953125 -0.0196456909179687 0.0679550170898437
0.492340087890625 -0.153900146484375 -0.100189208984375 0.0394363403320313
0.5322265625 0.17547607421875 -0.167327880859375 0.00706481933593753
0.32000732421875 0.49102783203125 -0.105567932128906 -0.130126953125
-0.2322998046875 0.6649169921875 0.036224365234375 -0.230117797851562
-0.5526123046875 0.526641845703125 0.19891357421875 -0.127029418945312
-0.7738037109375 0.21380615234375 0.240310668945312 -0.0198822021484375
-0.6773681640625 0.2628173828125 -0.381622314453125 0.0158996582031251
-0.42486572265625 0.477142333984375 -0.194351196289063 0.1700439453125
-0.101318359375 0.626220703125 -0.0360641479492188 0.105720520019531
0.296630859375 0.449066162109375 -0.0456352233886719 0.0164031982421875
0.437652587890625 0.198333740234375 -0.117218017578125 0.0640945434570313
0.4581298828125 -0.145111083984375 -0.101081848144531 0.0768661499023438
0.36529541015625 -0.28955078125 -0.102066040039062 0.148529052734375
0.3646240234375 -0.24169921875 -0.123214721679687 0.181472778320313
0.391082763671875 -0.285858154296875 -0.128143310546875 0.1846923828125
0.434173583984375 -0.11077880859375 -0.217330932617187 0.111572265625
0.451019287109375 0.176971435546875 -0.258987426757813 0.0293121337890625
0.251373291015625 0.4296875 -0.165679931640625 -0.126571655273438
-0.222412109375 0.55938720703125 -0.00387573242187501 -0.18505859375
-0.48614501953125 0.445770263671875 0.0779037475585937 -0.00891113281249997
-0.69873046875 0.19293212890625 -0.0188560485839844 0.0386276245117188
-0.48773193359375 0.23321533203125 -0.59393310546875 0.0881958007812501
-0.29620361328125 0.381378173828125 -0.3046875 0.258056640625
-0.05084228515625 0.448944091796875 -0.0558624267578125 0.123130798339844
0.22052001953125 0.30767822265625 -0.0999603271484375 0.00751495361328127
0.30517578125 0.138671875 -0.190689086914062 0.0564422607421875
0.331573486328125 -0.094024658203125 -0.20428466796875 0.130844116210937
0.2757568359375 -0.19049072265625 -0.195388793945312 0.254684448242188
0.2767333984375 -0.159927368164062 -0.197540283203125 0.28271484375
0.300323486328125 -0.18292236328125 -0.220413208007812 0.271987915039063
0.310699462890625 -0.049041748046875 -0.303253173828125 0.159393310546875
0.29449462890625 0.15594482421875 -0.311248779296875 0.03326416015625
0.13177490234375 0.302459716796875 -0.19482421875 -0.122512817382812
-0.188140869140625 0.354095458984375 -0.0281753540039062 -0.137596130371094
-0.348724365234375 0.282012939453125 -0.0298614501953125 0.0843887329101563
-0.51141357421875 0.13555908203125 -0.244186401367188 0.084686279296875
-0.2242431640625 0.16400146484375 -0.74468994140625 0.1468505859375
-0.126144409179688 0.227127075195313 -0.3955078125 0.319549560546875
0.00877380371093748 0.205459594726562 -0.0718536376953125 0.145355224609375
0.111846923828125 0.12042236328125 -0.126708984375 0.0150833129882813
0.126510620117188 0.0561141967773438 -0.2188720703125 0.0450592041015625
0.153610229492188 -0.0283355712890625 -0.266510009765625 0.162246704101562
0.142608642578125 -0.06060791015625 -0.25518798828125 0.31964111328125
0.1456298828125 -0.0528717041015625 -0.242279052734375 0.339447021484375
0.165267944335938 -0.05462646484375 -0.2808837890625 0.318084716796875
0.147659301757813 0.018218994140625 -0.349456787109375 0.17620849609375
0.108932495117188 0.113273620605469 -0.32183837890625 0.0186767578125
0.009674072265625 0.139930725097656 -0.196578979492188 -0.121124267578125
-0.118240356445313 0.116340637207031 -0.0365676879882813 -0.10064697265625
-0.160537719726563 0.095062255859375 -0.105995178222656 0.135223388671875
-0.249099731445313 0.06585693359375 -0.398193359375 0.1109619140625
-0.088134765625 -0.0285263061523438 0.44293212890625 -0.22576904296875
-0.0543060302734375 0.0523338317871094 0.155029296875 -0.198318481445313
0.0190353393554687 0.0942230224609375 -0.001129150390625 0.0706024169921875
0.0756988525390625 0.04327392578125 0.17822265625 0.134613037109375
0.0938568115234375 -0.0279998779296875 0.30035400390625 0.032379150390625
0.027557373046875 -0.088775634765625 0.34442138671875 -0.18719482421875
-0.01348876953125 -0.0986251831054688 0.280670166015625 -0.3785400390625
-0.00517654418945313 -0.0684623718261719 0.232421875 -0.371826171875
-0.00978851318359375 -0.0749893188476563 0.264556884765625 -0.330169677734375
0.0376434326171875 -0.0483894348144531 0.287689208984375 -0.199981689453125
0.0600166320800781 -0.0029144287109375 0.20892333984375 -0.0822601318359375
0.0223274230957031 0.0620346069335938 0.131996154785156 -0.061065673828125
-0.0486335754394531 0.0476303100585938 0.14117431640625 -0.196395874023438
-0.069244384765625 -0.00364303588867189 0.404632568359375 -0.380950927734375
-0.0173454284667969 -0.0692405700683594 0.848876953125 -0.1602783203125
-0.371826171875 0.0751953125 0.40740966796875 -0.215301513671875
-0.230178833007812 0.202957153320312 0.156173706054687 -0.180526733398438
-0.05584716796875 0.315277099609375 -0.00579452514648437 0.0598526000976563
0.160491943359375 0.219223022460938 0.153228759765625 0.119537353515625
0.252410888671875 0.059722900390625 0.25701904296875 0.0552215576171875
0.206619262695312 -0.144882202148437 0.318817138671875 -0.16131591796875
0.133575439453125 -0.2288818359375 0.263397216796875 -0.335540771484375
0.145111083984375 -0.185501098632813 0.205718994140625 -0.32220458984375
0.149948120117188 -0.215362548828125 0.24066162109375 -0.285400390625
0.222396850585938 -0.1182861328125 0.240249633789063 -0.17413330078125
0.259628295898437 0.04876708984375 0.150497436523438 -0.0697784423828125
0.150238037109375 0.23321533203125 0.0996627807617188 -0.0848159790039063
-0.117340087890625 0.297943115234375 0.135726928710938 -0.231353759765625
-0.25726318359375 0.21075439453125 0.415435791015625 -0.382904052734375
-0.31494140625 0.048492431640625 0.82537841796875 -0.1722412109375
-0.6024169921875 0.16912841796875 0.2835693359375 -0.1827392578125
-0.375762939453125 0.343994140625 0.112281799316406 -0.127815246582031
-0.1099853515625 0.51251220703125 -0.00763702392578125 0.0626678466796875
0.23919677734375 0.36785888671875 0.12384033203125 0.0965423583984375
0.389495849609375 0.13592529296875 0.191421508789063 0.066497802734375
0.361053466796875 -0.18609619140625 0.252578735351562 -0.121749877929688
0.26043701171875 -0.32843017578125 0.20465087890625 -0.249618530273438
0.271453857421875 -0.274276733398438 0.145477294921875 -0.222244262695313
0.284881591796875 -0.323638916015625 0.17779541015625 -0.193878173828125
0.374237060546875 -0.171783447265625 0.14813232421875 -0.121261596679688
0.4285888671875 0.093780517578125 0.0581626892089844 -0.0497856140136719
0.267364501953125 0.37664794921875 0.041473388671875 -0.1102294921875
-0.16522216796875 0.519622802734375 0.111801147460938 -0.260360717773437
-0.41326904296875 0.406158447265625 0.3819580078125 -0.346343994140625
-0.5693359375 0.157958984375 0.70208740234375 -0.15484619140625
-0.740966796875 0.24859619140625 0.0903091430664062 -0.127037048339844
-0.463104248046875 0.46258544921875 0.0323410034179687 -0.0433540344238281
-0.12493896484375 0.66021728515625 -0.00948333740234375 0.074798583984375
0.311370849609375 0.471527099609375 0.0824737548828125 0.0677642822265625
0.488555908203125 0.186187744140625 0.101860046386719 0.0704574584960938
0.46734619140625 -0.209991455078125 0.151321411132813 -0.065887451171875
0.346405029296875 -0.382171630859375 0.116233825683594 -0.127479553222656
0.356475830078125 -0.32086181640625 0.0640487670898438 -0.0888137817382813
0.375030517578125 -0.38165283203125 0.0888900756835938 -0.069580078125
0.469482421875 -0.19769287109375 0.0295906066894532 -0.04315185546875
0.536956787109375 0.125396728515625 -0.0541877746582031 -0.0187149047851562
0.3480224609375 0.46710205078125 -0.0347824096679687 -0.125259399414062
-0.188720703125 0.670166015625 0.07122802734375 -0.2635498046875
-0.5072021484375 0.540374755859375 0.30548095703125 -0.263092041015625
-0.73486328125 0.236328125 0.4970703125 -0.104583740234375
-0.770751953125 0.29779052734375 -0.14447021484375 -0.0526580810546875
-0.4752197265625 0.527313232421875 -0.0721054077148438 0.0649490356445313
-0.1036376953125 0.7166748046875 -0.0160293579101563 0.0929107666015625
0.351654052734375 0.5010986328125 0.0243301391601563 0.0400276184082032
0.520477294921875 0.200225830078125 -0.00553894042968747 0.0714263916015625
0.50140380859375 -0.20849609375 0.026092529296875 0.00400733947753905
0.38031005859375 -0.38031005859375 0.00966930389404299 0.0138978958129883
0.3873291015625 -0.321868896484375 -0.0274276733398437 0.056610107421875
0.406951904296875 -0.37969970703125 -0.015625 0.0679359436035156
0.4892578125 -0.18817138671875 -0.098297119140625 0.0462722778320313
0.553192138671875 0.14404296875 -0.168609619140625 0.018524169921875
0.3583984375 0.485107421875 -0.1136474609375 -0.12603759765625
-0.1951904296875 0.69659423828125 0.025543212890625 -0.236541748046875
-0.52789306640625 0.57098388671875 0.198928833007813 -0.14111328125
-0.7852783203125 0.26470947265625 0.243743896484375 -0.03143310546875
-0.685302734375 0.30999755859375 -0.38519287109375 0.036346435546875
-0.410003662109375 0.51171875 -0.184417724609375 0.180419921875
-0.0635986328125 0.65228271484375 -0.0301132202148438 0.112106323242188
0.330657958984375 0.441192626953125 -0.0431175231933594 0.0210075378417969
0.464569091796875 0.17547607421875 -0.110931396484375 0.07244873046875
0.456573486328125 -0.180023193359375 -0.1011962890625 0.0783157348632813
0.352447509765625 -0.3232421875 -0.09686279296875 0.154129028320312
0.357177734375 -0.272430419921875 -0.11492919921875 0.193832397460937
0.378936767578125 -0.31878662109375 -0.119781494140625 0.19512939453125
0.433258056640625 -0.14202880859375 -0.21466064453125 0.126724243164063
0.47021484375 0.150054931640625 -0.260238647460937 0.046478271484375
0.2838134765625 0.425811767578125 -0.175216674804688 -0.118362426757812
-0.1939697265625 0.588623046875 -0.012664794921875 -0.187850952148437
-0.467620849609375 0.483367919921875 0.0828323364257812 -0.0118408203125
-0.70758056640625 0.23858642578125 -0.0171356201171875 0.0440254211425781
-0.49359130859375 0.267486572265625 -0.598388671875 0.1229248046875
-0.284698486328125 0.4095458984375 -0.293243408203125 0.27984619140625
-0.023162841796875 0.46783447265625 -0.04913330078125 0.132034301757813
0.2449951171875 0.30230712890625 -0.0991973876953125 0.0162734985351563
0.32525634765625 0.123809814453125 -0.187423706054687 0.068756103515625
0.333099365234375 -0.119903564453125 -0.203353881835937 0.140472412109375
0.268875122070313 -0.216094970703125 -0.1856689453125 0.269699096679688
0.27276611328125 -0.183013916015625 -0.184783935546875 0.3013916015625
0.292388916015625 -0.20819091796875 -0.208404541015625 0.290771484375
0.31182861328125 -0.07073974609375 -0.2999267578125 0.180450439453125
0.311553955078125 0.139801025390625 -0.313018798828125 0.05316162109375
0.154388427734375 0.302947998046875 -0.2052001953125 -0.111892700195312
-0.17181396484375 0.3751220703125 -0.0348663330078125 -0.136985778808594
-0.33807373046875 0.309478759765625 -0.0212478637695313 0.0906906127929688
-0.52020263671875 0.16949462890625 -0.244277954101563 0.104095458984375
-0.226699829101563 0.180191040039062 -0.749267578125 0.193359375
-0.117401123046875 0.24139404296875 -0.383026123046875 0.3515625
0.021240234375 0.214553833007813 -0.0644683837890625 0.156082153320312
0.121910095214844 0.118110656738281 -0.126319885253906 0.0264968872070313
0.135459899902344 0.051513671875 -0.21929931640625 0.0576934814453125
0.156692504882813 -0.040496826171875 -0.263961791992188 0.17694091796875
0.14166259765625 -0.073760986328125 -0.241363525390625 0.33990478515625
0.1466064453125 -0.0654754638671875 -0.227294921875 0.362274169921875
0.1651611328125 -0.06805419921875 -0.267333984375 0.342559814453125
0.151031494140625 0.0080413818359375 -0.34539794921875 0.20068359375
0.119773864746094 0.10784912109375 -0.3243408203125 0.0384521484375
0.0200042724609375 0.144378662109375 -0.207168579101562 -0.111129760742188
-0.115760803222656 0.128776550292969 -0.0423126220703125 -0.098236083984375
-0.158782958984375 0.108810424804688 -0.0960693359375 0.1483154296875
-0.25469970703125 0.0833282470703124 -0.40087890625 0.140777587890625
-0.08526611328125 -0.0216140747070313 0.42926025390625 -0.253265380859375
-0.0514068603515625 0.0516510009765625 0.1385498046875 -0.2108154296875
0.023681640625 0.0901565551757813 0.00284194946289063 0.068084716796875
0.0762710571289063 0.0374603271484375 0.183242797851563 0.11932373046875
0.09014892578125 -0.03497314453125 0.299163818359375 0.01361083984375
0.01947021484375 -0.0884780883789063 0.330047607421875 -0.20599365234375
-0.0210647583007813 -0.094024658203125 0.2537841796875 -0.393280029296875
-0.00986862182617188 -0.0655364990234375 0.20892333984375 -0.384002685546875
-0.0163955688476562 -0.0721359252929688 0.243743896484375 -0.34613037109375
0.0334320068359375 -0.0498390197753906 0.274948120117188 -0.214996337890625
0.0566635131835937 -0.00765609741210937 0.201797485351562 -0.0935211181640625
0.0254745483398438 0.0587921142578125 0.127403259277344 -0.068939208984375
-0.0420722961425781 0.04833984375 0.125946044921875 -0.204071044921875
-0.0643310546875 0.000953674316406241 0.3724365234375 -0.404388427734375
-0.0200271606445313 -0.0668106079101563 0.83233642578125 -0.21044921875
-0.3623046875 0.098358154296875 0.393798828125 -0.24114990234375
-0.217391967773437 0.212066650390625 0.1417236328125 -0.195236206054688
-0.035980224609375 0.315582275390625 -0.0023040771484375 0.0584220886230469
0.170974731445313 0.205780029296875 0.159072875976563 0.107147216796875
0.254196166992188 0.0405120849609375 0.258941650390625 0.0388031005859375
0.19140625 -0.156814575195312 0.304656982421875 -0.17999267578125
0.11431884765625 -0.23382568359375 0.237213134765625 -0.35101318359375
0.130783081054688 -0.192337036132813 0.184478759765625 -0.332427978515625
0.130905151367188 -0.222076416015625 0.222198486328125 -0.30108642578125
0.210220336914062 -0.131484985351563 0.227874755859375 -0.186874389648438
0.258148193359375 0.0309295654296875 0.144790649414063 -0.076995849609375
0.164474487304688 0.221450805664063 0.0948715209960938 -0.0903396606445312
-0.093719482421875 0.3033447265625 0.119430541992188 -0.239608764648438
-0.236312866210938 0.22467041015625 0.386138916015625 -0.4072265625
-0.311065673828125 0.0697631835937501 0.808837890625 -0.22283935546875
-0.587890625 0.20709228515625 0.27325439453125 -0.202392578125
-0.354217529296875 0.361572265625 0.103713989257812 -0.141769409179687
-0.0771484375 0.5162353515625 -0.004058837890625 0.0619316101074219
0.258270263671875 0.349212646484375 0.129653930664063 0.085968017578125
0.396881103515625 0.10784912109375 0.197036743164063 0.0540008544921875
0.340850830078125 -0.2091064453125 0.241058349609375 -0.13861083984375
0.23211669921875 -0.3428955078125 0.184646606445313 -0.262008666992188
0.251312255859375 -0.28961181640625 0.131423950195313 -0.229690551757813
0.257659912109375 -0.3392333984375 0.165435791015625 -0.2069091796875
0.357269287109375 -0.195648193359375 0.1407470703125 -0.128616333007813
0.428497314453125 0.0634765625 0.0553016662597656 -0.0517082214355469
0.290191650390625 0.35791015625 0.0364913940429688 -0.112533569335937
-0.127349853515625 0.527374267578125 0.09539794921875 -0.265960693359375
-0.378173828125 0.427581787109375 0.355743408203125 -0.36883544921875
-0.559661865234375 0.19403076171875 0.68634033203125 -0.1944580078125
-0.72381591796875 0.29632568359375 0.086517333984375 -0.135055541992187
-0.435028076171875 0.48480224609375 0.0308418273925781 -0.0528793334960937
-0.0823974609374999 0.6658935546875 -0.00446319580078126 0.0754394531250001
0.338043212890625 0.447357177734375 0.0875015258789063 0.0608367919921875
0.49871826171875 0.15264892578125 0.109611511230469 0.0627059936523438
0.44451904296875 -0.24041748046875 0.142379760742188 -0.078460693359375
0.3148193359375 -0.402923583984375 0.103355407714844 -0.135528564453125
0.33294677734375 -0.343475341796875 0.058349609375 -0.0922088623046875
0.342193603515625 -0.403839111328125 0.0844039916992188 -0.0774993896484375
0.44903564453125 -0.22747802734375 0.0271339416503907 -0.0442085266113281
0.5386962890625 0.087310791015625 -0.05438232421875 -0.01300048828125
0.37689208984375 0.44476318359375 -0.0401153564453125 -0.122100830078125
-0.14263916015625 0.6795654296875 0.056610107421875 -0.265762329101562
-0.46661376953125 0.56488037109375 0.287994384765625 -0.281158447265625
-0.72265625 0.28179931640625 0.487091064453125 -0.130767822265625
-0.75341796875 0.34649658203125 -0.142547607421875 -0.046051025390625
-0.4437255859375 0.551513671875 -0.0652618408203125 0.0617485046386719
-0.05645751953125 0.72259521484375 -0.0102081298828125 0.0946731567382813
0.3795166015625 0.474945068359375 0.0290718078613281 0.0386276245117188
0.531768798828125 0.163604736328125 0.00348663330078128 0.0707550048828125
0.48040771484375 -0.242584228515625 0.0212135314941407 -0.00194931030273439
0.3475341796875 -0.40521240234375 0.00697326660156252 0.0109491348266601
0.36199951171875 -0.344879150390625 -0.0228843688964844 0.0583915710449219
0.375 -0.40460205078125 -0.010711669921875 0.066436767578125
0.4688720703125 -0.218780517578125 -0.0946121215820312 0.0519943237304687
0.557037353515625 0.105438232421875 -0.165008544921875 0.0307769775390625
0.3880615234375 0.461395263671875 -0.118453979492187 -0.117851257324219
-0.14990234375 0.70745849609375 0.0137176513671875 -0.235809326171875
-0.48443603515625 0.59600830078125 0.191192626953125 -0.152938842773437
-0.7679443359375 0.31207275390625 0.240798950195312 -0.0433349609375
-0.668701171875 0.3524169921875 -0.377044677734375 0.05645751953125
-0.380615234375 0.536346435546875 -0.169876098632812 0.185333251953125
-0.0211181640625 0.65789794921875 -0.022003173828125 0.115837097167969
0.35693359375 0.417083740234375 -0.037994384765625 0.0244255065917969
0.477569580078125 0.1451416015625 -0.101119995117187 0.0783309936523438
0.4388427734375 -0.208526611328125 -0.0993576049804687 0.07916259765625
0.3251953125 -0.347381591796875 -0.0895843505859375 0.157073974609375
0.336395263671875 -0.29571533203125 -0.10101318359375 0.200286865234375
0.35089111328125 -0.342071533203125 -0.107254028320312 0.199356079101562
0.416046142578125 -0.17010498046875 -0.204605102539062 0.138748168945313
0.475921630859375 0.116424560546875 -0.253341674804687 0.0628814697265625
0.30963134765625 0.407562255859375 -0.179229736328125 -0.105697631835938
-0.155029296875 0.59912109375 -0.021240234375 -0.1846923828125
-0.43389892578125 0.50616455078125 0.0854263305664062 -0.0171890258789062
-0.69512939453125 0.2816162109375 -0.013946533203125 0.0481376647949219
-0.481964111328125 0.29888916015625 -0.58294677734375 0.1578369140625
-0.259918212890625 0.426116943359375 -0.27142333984375 0.29351806640625
0.007843017578125 0.47357177734375 -0.0393218994140625 0.138275146484375
0.2630615234375 0.28607177734375 -0.0938034057617188 0.02459716796875
0.334259033203125 0.101959228515625 -0.17816162109375 0.07861328125
0.3216552734375 -0.14251708984375 -0.197158813476563 0.147262573242187
0.249053955078125 -0.23553466796875 -0.168960571289063 0.277511596679688
0.257904052734375 -0.201736450195313 -0.163787841796875 0.310882568359375
0.273910522460938 -0.226974487304688 -0.18951416015625 0.3011474609375
0.30133056640625 -0.092071533203125 -0.285888671875 0.19671630859375
0.31793212890625 0.1170654296875 -0.30450439453125 0.07244873046875
0.173919677734375 0.292938232421875 -0.209228515625 -0.097625732421875
-0.147979736328125 0.387054443359375 -0.0409011840820313 -0.132087707519531
-0.315887451171875 0.326873779296875 -0.0116119384765625 0.0925445556640625
-0.509857177734375 0.201263427734375 -0.235748291015625 0.12164306640625
-0.22100830078125 0.1923828125 -0.73150634765625 0.2354736328125
-0.103927612304688 0.249710083007813 -0.355804443359375 0.3720703125
0.035003662109375 0.216552734375 -0.0531005859375 0.16229248046875
0.128990173339844 0.111534118652344 -0.120498657226562 0.036468505859375
0.140419006347656 0.0432815551757813 -0.211807250976563 0.0696258544921875
0.153640747070313 -0.05194091796875 -0.25457763671875 0.189056396484375
0.135185241699219 -0.085296630859375 -0.21929931640625 0.35211181640625
0.140869140625 -0.076385498046875 -0.20294189453125 0.374114990234375
0.158370971679688 -0.080322265625 -0.244293212890625 0.357513427734375
0.149200439453125 -0.003143310546875 -0.328948974609375 0.219879150390625
0.128036499023438 0.0981979370117188 -0.316680908203125 0.05938720703125
0.0300750732421875 0.143402099609375 -0.211334228515625 -0.095245361328125
-0.108726501464844 0.138832092285156 -0.0463180541992188 -0.0930557250976562
-0.151687622070312 0.119232177734375 -0.082122802734375 0.15478515625
-0.251327514648438 0.0986175537109375 -0.388916015625 0.16815185546875
-0.0799942016601563 -0.0178604125976563 0.4102783203125 -0.26678466796875
-0.0485420227050781 0.0498390197753906 0.124130249023438 -0.21417236328125
0.0247573852539062 0.0854263305664063 0.00479888916015625 0.0654754638671875
0.0741958618164063 0.0328598022460938 0.1815185546875 0.107467651367188
0.0855255126953125 -0.038970947265625 0.291534423828125 0.0018310546875
0.0129852294921875 -0.0856704711914063 0.3134765625 -0.212615966796875
-0.0259323120117187 -0.0876312255859375 0.230682373046875 -0.39385986328125
-0.0129127502441406 -0.0613670349121094 0.189666748046875 -0.383392333984375
-0.0201644897460937 -0.0672340393066406 0.225433349609375 -0.3504638671875
0.0298385620117188 -0.0494346618652344 0.26129150390625 -0.22027587890625
0.0525856018066406 -0.0101509094238281 0.193344116210938 -0.098236083984375
0.0268707275390625 0.0563468933105469 0.121940612792969 -0.0730514526367188
-0.0357093811035156 0.0465278625488281 0.112991333007813 -0.204345703125
-0.0589599609375 0.00285720825195313 0.34344482421875 -0.409027099609375
-0.0208168029785156 -0.0635528564453125 0.8023681640625 -0.2388916015625
-0.347381591796875 0.110992431640625 0.378082275390625 -0.25390625
-0.20574951171875 0.212066650390625 0.128555297851563 -0.2008056640625
-0.023223876953125 0.309295654296875 -0.0010986328125 0.0567512512207032
0.173690795898438 0.193023681640625 0.157241821289063 0.09576416015625
0.2491455078125 0.02789306640625 0.255142211914063 0.0274505615234375
0.176284790039063 -0.160018920898438 0.288330078125 -0.186798095703125
0.098358154296875 -0.231414794921875 0.215087890625 -0.3521728515625
0.118927001953125 -0.191680908203125 0.167266845703125 -0.331939697265625
0.115737915039063 -0.220779418945312 0.205535888671875 -0.305511474609375
0.197052001953125 -0.136444091796875 0.2171630859375 -0.190719604492188
0.250030517578125 0.018218994140625 0.138984680175781 -0.0797882080078125
0.16973876953125 0.209884643554688 0.0896987915039063 -0.0929489135742187
-0.075347900390625 0.29791259765625 0.10748291015625 -0.238632202148437
-0.2174072265625 0.226272583007813 0.357757568359375 -0.41357421875
-0.3013916015625 0.081695556640625 0.78009033203125 -0.2454833984375
-0.56494140625 0.22698974609375 0.264801025390625 -0.211044311523437
-0.334320068359375 0.3641357421875 0.0936431884765625 -0.148635864257813
-0.054290771484375 0.50799560546875 -0.00177001953125 0.0617294311523438
0.2647705078125 0.32843017578125 0.129570007324219 0.0772476196289063
0.3922119140625 0.087158203125 0.1973876953125 0.0435333251953125
0.31884765625 -0.218231201171875 0.22637939453125 -0.146316528320313
0.206817626953125 -0.3433837890625 0.167098999023438 -0.264404296875
0.232025146484375 -0.292999267578125 0.119491577148437 -0.229660034179688
0.231903076171875 -0.341400146484375 0.153732299804688 -0.210845947265625
0.3363037109375 -0.205169677734375 0.133514404296875 -0.130348205566406
0.41845703125 0.042999267578125 0.0526504516601563 -0.050079345703125
0.29913330078125 0.33837890625 0.032379150390625 -0.111541748046875
-0.100189208984375 0.520263671875 0.083648681640625 -0.263824462890625
-0.34820556640625 0.428741455078125 0.3314208984375 -0.376007080078125
-0.5400390625 0.21405029296875 0.661865234375 -0.2142333984375
-0.69781494140625 0.3199462890625 0.0839996337890625 -0.139122009277344
-0.408966064453125 0.490081787109375 0.0273971557617187 -0.0600547790527343
-0.0521850585937499 0.65704345703125 -0.000770568847656247 0.0751113891601563
0.345794677734375 0.42230224609375 0.0894546508789063 0.054779052734375
0.495849609375 0.126129150390625 0.113601684570313 0.0558013916015625
0.418853759765625 -0.25323486328125 0.131561279296875 -0.0839309692382813
0.282470703125 -0.40777587890625 0.0927886962890625 -0.138359069824219
0.309173583984375 -0.3487548828125 0.0535354614257813 -0.091644287109375
0.31304931640625 -0.407470703125 0.0790176391601563 -0.0810394287109375
0.424224853515625 -0.240631103515625 0.0257682800292969 -0.04315185546875
0.527801513671875 0.06292724609375 -0.0516319274902343 -0.00837707519531249
0.386932373046875 0.41998291015625 -0.041778564453125 -0.118026733398437
-0.109619140625 0.67041015625 0.046661376953125 -0.26214599609375
-0.42999267578125 0.5662841796875 0.2705078125 -0.286895751953125
-0.69708251953125 0.304931640625 0.47088623046875 -0.145233154296875
-0.7275390625 0.3721923828125 -0.136390686035156 -0.0429458618164062
-0.41534423828125 0.558349609375 -0.0610542297363282 0.0567855834960938
-0.02392578125 0.7139892578125 -0.00499725341796875 0.0953750610351563
0.389984130859375 0.449432373046875 0.03277587890625 0.0361366271972657
0.5299072265625 0.135955810546875 0.0106582641601563 0.0676994323730469
0.45458984375 -0.25811767578125 0.0155057907104492 -0.00508975982666017
0.31561279296875 -0.412689208984375 0.00356101989746096 0.00944328308105466
0.3397216796875 -0.352874755859375 -0.0205078125 0.0589332580566406
0.344207763671875 -0.410552978515625 -0.00891113281249998 0.0630874633789062
0.444915771484375 -0.233306884765625 -0.0898513793945312 0.05584716796875
0.546356201171875 0.078277587890625 -0.158294677734375 0.0380859375
0.398223876953125 0.4365234375 -0.118148803710937 -0.109855651855469
-0.11517333984375 0.6978759765625 0.00611877441406252 -0.232086181640625
-0.448486328125 0.5965576171875 0.182846069335937 -0.1572265625
-0.74395751953125 0.3360595703125 0.23284912109375 -0.0492706298828125
-0.64642333984375 0.3740234375 -0.362884521484375 0.0682373046875001
-0.35455322265625 0.53924560546875 -0.1580810546875 0.18267822265625
0.00872802734374999 0.64886474609375 -0.015380859375 0.117424011230469
0.365936279296875 0.39422607421875 -0.0323009490966797 0.0259208679199219
0.475982666015625 0.120330810546875 -0.0916061401367187 0.0790481567382813
0.415771484375 -0.226165771484375 -0.0997314453125 0.0784225463867187
0.296905517578125 -0.355072021484375 -0.083343505859375 0.156036376953125
0.315093994140625 -0.3038330078125 -0.0913848876953125 0.200286865234375
0.3243408203125 -0.348785400390625 -0.0973663330078125 0.197769165039062
0.39453125 -0.1824951171875 -0.19427490234375 0.143722534179687
0.46929931640625 0.093017578125 -0.24322509765625 0.07281494140625
0.32073974609375 0.386260986328125 -0.17718505859375 -0.0957946777343749
-0.1273193359375 0.5941162109375 -0.02545166015625 -0.180145263671875
-0.401519775390625 0.507293701171875 0.0857009887695312 -0.0204696655273437
-0.67205810546875 0.30316162109375 -0.0120964050292969 0.0497055053710938
-0.46600341796875 0.3133544921875 -0.56072998046875 0.17364501953125
-0.23968505859375 0.428314208984375 -0.251953125 0.29461669921875
0.028411865234375 0.46697998046875 -0.031036376953125 0.139495849609375
0.269989013671875 0.270233154296875 -0.0867385864257813 0.0284423828125
0.335174560546875 0.08447265625 -0.1680908203125 0.0830078125
0.305419921875 -0.154754638671875 -0.191375732421875 0.149887084960938
0.229629516601563 -0.2435302734375 -0.155899047851562 0.277008056640625
0.243301391601563 -0.210037231445313 -0.14862060546875 0.310455322265625
0.255020141601563 -0.234542846679688 -0.1739501953125 0.301483154296875
0.287261962890625 -0.101348876953125 -0.271072387695313 0.204025268554688
0.3150634765625 0.099578857421875 -0.29278564453125 0.083160400390625
0.182815551757813 0.28021240234375 -0.206451416015625 -0.08563232421875
-0.1292724609375 0.3868408203125 -0.0429840087890625 -0.127281188964844
-0.2952880859375 0.3302001953125 -0.00373077392578126 0.0904693603515625
-0.49365234375 0.21759033203125 -0.225128173828125 0.130783081054687
-0.213851928710938 0.198944091796875 -0.70294189453125 0.25848388671875
-0.0929412841796875 0.24981689453125 -0.330810546875 0.37677001953125
0.0443878173828125 0.214553833007813 -0.0432281494140625 0.163955688476563
0.131843566894531 0.106124877929688 -0.112190246582031 0.0416946411132813
0.141799926757813 0.03704833984375 -0.2030029296875 0.075408935546875
0.147506713867188 -0.05841064453125 -0.244338989257813 0.193130493164062
0.126510620117187 -0.0923995971679688 -0.200958251953125 0.353057861328125
0.133468627929688 -0.0823440551757813 -0.1834716796875 0.37493896484375
0.150421142578125 -0.0862884521484375 -0.225067138671875 0.359100341796875
0.14398193359375 -0.0103759765625 -0.31317138671875 0.22735595703125
0.130317687988281 0.0887527465820313 -0.30438232421875 0.069671630859375
0.0380783081054688 0.139106750488281 -0.209793090820313 -0.0830841064453124
-0.101470947265625 0.143402099609375 -0.0475387573242188 -0.087554931640625
-0.143814086914062 0.12310791015625 -0.0703582763671875 0.15570068359375
-0.245132446289063 0.1072998046875 -0.372711181640625 0.182952880859375
-0.0750045776367188 -0.0170364379882812 0.40191650390625 -0.268280029296875
-0.0478744506835938 0.0478744506835938 0.1160888671875 -0.213348388671875
0.0241165161132813 0.0821914672851563 0.00461578369140625 0.0633087158203125
0.0711288452148438 0.0311737060546875 0.17803955078125 0.101654052734375
0.08087158203125 -0.041015625 0.285308837890625 -0.00274658203125
0.0095977783203125 -0.0821685791015625 0.30401611328125 -0.21221923828125
-0.02691650390625 -0.0819854736328125 0.21844482421875 -0.390869140625
-0.0136604309082031 -0.0575981140136719 0.1807861328125 -0.380340576171875
-0.0222625732421875 -0.0638999938964844 0.2169189453125 -0.349945068359375
0.0271148681640625 -0.0486946105957031 0.255096435546875 -0.219436645507813
0.0484771728515625 -0.0110206604003906 0.188003540039063 -0.0986175537109375
0.0270843505859375 0.0543098449707031 0.118583679199219 -0.0738906860351563
-0.0323562622070313 0.0430679321289063 0.106781005859375 -0.20111083984375
-0.0532188415527344 0.00298309326171875 0.32611083984375 -0.405487060546875
-0.0197029113769531 -0.0607414245605469 0.7818603515625 -0.2454833984375
-0.336700439453125 0.114837646484375 0.36993408203125 -0.2579345703125
-0.200531005859375 0.20892333984375 0.120651245117187 -0.202072143554688
-0.018890380859375 0.303802490234375 -0.000556945800781257 0.0562667846679688
0.171142578125 0.1861572265625 0.155227661132813 0.0900115966796875
0.244232177734375 0.0207366943359375 0.251693725585938 0.0229644775390625
0.166580200195313 -0.158721923828125 0.278564453125 -0.187637329101562
0.0897979736328125 -0.22589111328125 0.20391845703125 -0.3492431640625
0.113632202148437 -0.188507080078125 0.160888671875 -0.328643798828125
0.106643676757813 -0.217041015625 0.198486328125 -0.3057861328125
0.18817138671875 -0.137100219726563 0.211944580078125 -0.19000244140625
0.242843627929688 0.013427734375 0.135604858398438 -0.077972412109375
0.1702880859375 0.203720092773438 0.08740234375 -0.0935440063476562
-0.06768798828125 0.291595458984375 0.1014404296875 -0.236526489257812
-0.205734252929688 0.223129272460938 0.340545654296875 -0.41058349609375
-0.294189453125 0.087249755859375 0.759033203125 -0.25286865234375
-0.551177978515625 0.233001708984375 0.259567260742187 -0.21514892578125
-0.324188232421875 0.35992431640625 0.0883026123046875 -0.152511596679687
-0.0443115234375 0.500946044921875 -0.000694274902343755 0.0617523193359375
0.26263427734375 0.317474365234375 0.128608703613281 0.0720977783203125
0.386932373046875 0.07672119140625 0.196365356445313 0.038787841796875
0.303955078125 -0.219024658203125 0.216766357421875 -0.14642333984375
0.19189453125 -0.33917236328125 0.156784057617187 -0.26239013671875
0.222747802734375 -0.291168212890625 0.1148681640625 -0.227294921875
0.2183837890625 -0.337982177734375 0.148895263671875 -0.212554931640625
0.321746826171875 -0.20556640625 0.130104064941406 -0.1290283203125
0.4088134765625 0.0345458984375 0.0523490905761719 -0.0473556518554687
0.301177978515625 0.32867431640625 0.031982421875 -0.111419677734375
-0.089263916015625 0.511566162109375 0.0786895751953125 -0.261260986328125
-0.33221435546875 0.42236328125 0.318023681640625 -0.37353515625
-0.52996826171875 0.22100830078125 0.64630126953125 -0.21905517578125
-0.68304443359375 0.32696533203125 0.0850982666015625 -0.141098022460938
-0.398406982421875 0.48577880859375 0.0256690979003906 -0.0650138854980469
-0.037353515625 0.64837646484375 0.00093078613281249 0.0760116577148438
0.34619140625 0.409820556640625 0.0901641845703125 0.0511932373046875
0.491424560546875 0.113433837890625 0.115715026855469 0.0515365600585938
0.401702880859375 -0.2569580078125 0.123756408691406 -0.0850906372070313
0.264984130859375 -0.40557861328125 0.0861358642578125 -0.137542724609375
0.298797607421875 -0.349395751953125 0.052276611328125 -0.089874267578125
0.296661376953125 -0.4053955078125 0.076202392578125 -0.0834732055664063
0.407867431640625 -0.24151611328125 0.0257186889648438 -0.0419387817382813
0.51629638671875 0.05157470703125 -0.0495185852050781 -0.00494003295898436
0.3876953125 0.407958984375 -0.040802001953125 -0.116119384765625
-0.0970458984375 0.65966796875 0.0430755615234375 -0.260116577148437
-0.412567138671875 0.558013916015625 0.261016845703125 -0.285736083984375
-0.68505859375 0.31097412109375 0.460357666015625 -0.146820068359375
-0.71234130859375 0.38153076171875 -0.130661010742188 -0.0436553955078125
-0.402679443359375 0.554351806640625 -0.0590324401855469 0.0510940551757813
-0.00952148437500005 0.70574951171875 -0.000991821289062505 0.0971298217773438
0.3902587890625 0.434417724609375 0.0351524353027344 0.0337867736816407
0.527801513671875 0.12261962890625 0.0155525207519532 0.0650138854980469
0.4368896484375 -0.261077880859375 0.0108833312988282 -0.00593566894531252
0.297119140625 -0.4111328125 0.00118589401245119 0.00863885879516599
0.32696533203125 -0.354095458984375 -0.0186119079589844 0.0596199035644531
0.327545166015625 -0.408416748046875 -0.00834274291992186 0.0609664916992187
0.42706298828125 -0.2340087890625 -0.0877227783203125 0.0568084716796875
0.536468505859375 0.067962646484375 -0.152618408203125 0.0419921875
0.399078369140625 0.4249267578125 -0.116020202636719 -0.107040405273437
-0.1031494140625 0.68914794921875 0.00421142578125 -0.229568481445312
-0.4310302734375 0.588623046875 0.178070068359375 -0.158294677734375
-0.73114013671875 0.341796875 0.227615356445312 -0.04937744140625
-0.6329345703125 0.37957763671875 -0.351715087890625 0.069000244140625
-0.34393310546875 0.5372314453125 -0.152099609375 0.178070068359375
0.02227783203125 0.6419677734375 -0.0103912353515625 0.119194030761719
0.367645263671875 0.3807373046875 -0.0280017852783203 0.0256729125976563
0.473846435546875 0.108673095703125 -0.085235595703125 0.0772552490234375
0.401123046875 -0.230377197265625 -0.101676940917969 0.077911376953125
0.278564453125 -0.355743408203125 -0.082122802734375 0.15472412109375
0.30389404296875 -0.306060791015625 -0.08740234375 0.1995849609375
0.308502197265625 -0.34881591796875 -0.0939483642578125 0.19549560546875
0.379913330078125 -0.18487548828125 -0.188583374023437 0.144744873046875
0.4599609375 0.0830078125 -0.2354736328125 0.07684326171875
0.32171630859375 0.376739501953125 -0.173873901367187 -0.0914154052734374
-0.1153564453125 0.58746337890625 -0.0263671875 -0.177841186523437
-0.386993408203125 0.50177001953125 0.0860366821289062 -0.0223159790039062
-0.66162109375 0.30767822265625 -0.0113754272460938 0.0512351989746094
-0.457794189453125 0.318023681640625 -0.546661376953125 0.17669677734375
-0.2325439453125 0.424346923828125 -0.242218017578125 0.291046142578125
0.03900146484375 0.463531494140625 -0.0254058837890625 0.14080810546875
0.271469116210938 0.26177978515625 -0.0811233520507812 0.0291900634765625
0.334747314453125 0.07684326171875 -0.161209106445313 0.0823822021484375
0.29461669921875 -0.158172607421875 -0.189926147460937 0.14898681640625
0.21728515625 -0.244781494140625 -0.151092529296875 0.275405883789063
0.2347412109375 -0.211959838867188 -0.141876220703125 0.309814453125
0.24365234375 -0.235031127929688 -0.167388916015625 0.2994384765625
0.277420043945312 -0.103927612304687 -0.263656616210938 0.203964233398438
0.310638427734375 0.091094970703125 -0.284149169921875 0.086151123046875
0.18560791015625 0.273162841796875 -0.202667236328125 -0.080780029296875
-0.121978759765625 0.384857177734375 -0.0423965454101562 -0.124832153320312
-0.285247802734375 0.32598876953125 0.000381469726562475 0.088592529296875
-0.487396240234375 0.222686767578125 -0.219894409179688 0.134124755859375
-0.21234130859375 0.19976806640625 -0.685302734375 0.26220703125
-0.0893402099609375 0.248184204101563 -0.31854248046875 0.375946044921875
0.0489501953125 0.2139892578125 -0.03680419921875 0.1639404296875
0.13348388671875 0.10382080078125 -0.106658935546875 0.0423583984375
0.142440795898437 0.03369140625 -0.196945190429688 0.0753173828125
0.1429443359375 -0.0608062744140625 -0.240158081054688 0.192184448242188
0.120941162109375 -0.0952224731445313 -0.193359375 0.350311279296875
0.129966735839844 -0.0848617553710938 -0.175445556640625 0.372344970703125
0.14483642578125 -0.0882415771484375 -0.216552734375 0.35687255859375
0.139762878417969 -0.0123443603515625 -0.303619384765625 0.227142333984375
0.131179809570313 0.0830001831054688 -0.295562744140625 0.072662353515625
0.04058837890625 0.136810302734375 -0.205947875976563 -0.07666015625
-0.0977020263671875 0.14581298828125 -0.0469970703125 -0.0848388671875
-0.139556884765625 0.123046875 -0.0627288818359375 0.153915405273438
-0.242416381835938 0.109909057617187 -0.36334228515625 0.1868896484375
-0.072509765625 -0.01837158203125 0.404327392578125 -0.272247314453125
-0.0484390258789063 0.0467796325683594 0.1148681640625 -0.214828491210938
0.0224609375 0.08184814453125 0.00424575805664062 0.0638313293457031
0.0690193176269531 0.0313758850097656 0.17681884765625 0.10076904296875
0.0790557861328125 -0.0420303344726563 0.28656005859375 -0.003570556640625
0.00753784179687499 -0.081024169921875 0.304534912109375 -0.211669921875
-0.0270462036132813 -0.079742431640625 0.21832275390625 -0.392791748046875
-0.0130538940429687 -0.0560836791992188 0.18243408203125 -0.384552001953125
-0.0236167907714844 -0.0625038146972656 0.22003173828125 -0.355133056640625
0.0257034301757813 -0.0483245849609375 0.258255004882813 -0.220367431640625
0.0468406677246094 -0.0102729797363281 0.187911987304688 -0.0980224609375
0.027252197265625 0.0546302795410156 0.119087219238281 -0.0752029418945313
-0.0306587219238281 0.0404739379882813 0.105621337890625 -0.20184326171875
-0.04998779296875 0.00119018554687501 0.32391357421875 -0.407379150390625
-0.0179901123046875 -0.0595054626464844 0.78350830078125 -0.2457275390625
-0.336090087890625 0.11541748046875 0.374420166015625 -0.261932373046875
-0.20220947265625 0.208587646484375 0.11932373046875 -0.2056884765625
-0.0189208984375 0.304931640625 -0.000446319580078121 0.0577812194824219
0.169189453125 0.186126708984375 0.1546630859375 0.08856201171875
0.243576049804688 0.0189666748046875 0.253311157226563 0.02197265625
0.16265869140625 -0.158004760742188 0.27813720703125 -0.187515258789063
0.0863800048828125 -0.2247314453125 0.2022705078125 -0.351409912109375
0.113052368164062 -0.1885986328125 0.161529541015625 -0.33203125
0.104156494140625 -0.21649169921875 0.19989013671875 -0.310577392578125
0.185836791992188 -0.136199951171875 0.214279174804687 -0.190322875976562
0.241470336914062 0.012847900390625 0.136543273925781 -0.0772781372070313
0.172821044921875 0.204605102539063 0.0882186889648438 -0.0958786010742187
-0.065673828125 0.29119873046875 0.10101318359375 -0.238067626953125
-0.20361328125 0.2218017578125 0.339630126953125 -0.411712646484375
-0.29541015625 0.08929443359375 0.761474609375 -0.2530517578125
-0.551727294921875 0.236175537109375 0.264694213867187 -0.220260620117187
-0.327606201171875 0.3599853515625 0.087158203125 -0.1572265625
-0.04315185546875 0.50390625 0.000289916992187504 0.0643768310546875
0.261138916015625 0.317840576171875 0.129165649414063 0.0706710815429688
0.389129638671875 0.073333740234375 0.199172973632813 0.0374603271484375
0.299041748046875 -0.219482421875 0.214996337890625 -0.146591186523438
0.186553955078125 -0.3397216796875 0.15496826171875 -0.264328002929688
0.22186279296875 -0.293701171875 0.11676025390625 -0.228515625
0.214752197265625 -0.338409423828125 0.149322509765625 -0.217453002929688
0.318878173828125 -0.205352783203125 0.132400512695313 -0.12860107421875
0.407135009765625 0.033355712890625 0.0536041259765625 -0.0452919006347656
0.3040771484375 0.33050537109375 0.0329132080078125 -0.113418579101562
-0.085845947265625 0.51300048828125 0.07806396484375 -0.263641357421875
-0.331512451171875 0.4215087890625 0.31756591796875 -0.375030517578125
-0.533599853515625 0.223602294921875 0.64837646484375 -0.21844482421875
-0.6864013671875 0.333251953125 0.0892333984374999 -0.146820068359375
-0.401397705078125 0.488067626953125 0.0243759155273437 -0.0704574584960937
-0.03436279296875 0.6566162109375 0.0036163330078125 0.0801162719726563
0.347564697265625 0.41143798828125 0.0918960571289063 0.0499038696289063
0.4954833984375 0.1085205078125 0.119224548339844 0.0499649047851563
0.395660400390625 -0.25787353515625 0.120803833007813 -0.0844268798828125
0.256805419921875 -0.40582275390625 0.0836334228515625 -0.138603210449219
0.297607421875 -0.352447509765625 0.0529403686523438 -0.0900344848632813
0.291259765625 -0.4071044921875 0.0760421752929688 -0.0858078002929688
0.403717041015625 -0.241973876953125 0.0263328552246094 -0.0407333374023438
0.51629638671875 0.051239013671875 -0.0481109619140625 -0.00222778320312499
0.39208984375 0.410614013671875 -0.0400924682617187 -0.118057250976562
-0.09442138671875 0.66522216796875 0.0423431396484375 -0.26312255859375
-0.412872314453125 0.555450439453125 0.261077880859375 -0.28790283203125
-0.6900634765625 0.31744384765625 0.460662841796875 -0.1456298828125
-0.72027587890625 0.3858642578125 -0.12744140625 -0.0479660034179688
-0.407470703125 0.559722900390625 -0.0603408813476563 0.0463218688964844
-0.00402832031249999 0.71453857421875 0.00221252441406249 0.101341247558594
0.393463134765625 0.435211181640625 0.0378875732421875 0.0325851440429688
0.5323486328125 0.1175537109375 0.0189590454101563 0.0632972717285156
0.432342529296875 -0.263641357421875 0.00648498535156253 -0.00582075119018556
0.288909912109375 -0.413299560546875 -0.000655174255371076 0.00879383087158201
0.326263427734375 -0.3590087890625 -0.0177841186523437 0.0617790222167969
0.32415771484375 -0.411590576171875 -0.00985717773437498 0.0605278015136718
0.42431640625 -0.233978271484375 -0.0874557495117187 0.0584869384765625
0.536590576171875 0.065704345703125 -0.151321411132812 0.044891357421875
0.404327392578125 0.427337646484375 -0.114959716796875 -0.108184814453125
-0.10284423828125 0.6939697265625 0.00366210937499997 -0.232696533203125
-0.43243408203125 0.5875244140625 0.178909301757812 -0.159881591796875
-0.73870849609375 0.346435546875 0.227706909179687 -0.0471343994140625
-0.6424560546875 0.3868408203125 -0.350341796875 0.066314697265625
-0.348236083984375 0.540435791015625 -0.153152465820312 0.174896240234375
0.02667236328125 0.650634765625 -0.0066375732421875 0.1234130859375
0.3709716796875 0.3831787109375 -0.0251083374023437 0.0248050689697266
0.47967529296875 0.10333251953125 -0.0823745727539062 0.0757827758789062
0.396636962890625 -0.232818603515625 -0.106407165527344 0.0786514282226563
0.272003173828125 -0.357208251953125 -0.0844268798828125 0.155960083007812
0.303680419921875 -0.31097412109375 -0.0874176025390625 0.202728271484375
0.305694580078125 -0.350982666015625 -0.096160888671875 0.197067260742188
0.377410888671875 -0.184539794921875 -0.189956665039063 0.146926879882812
0.4610595703125 0.080780029296875 -0.23431396484375 0.0787353515625
0.32635498046875 0.37933349609375 -0.17364501953125 -0.0916595458984374
-0.116943359375 0.59356689453125 -0.0268707275390625 -0.180892944335937
-0.3897705078125 0.4986572265625 0.0870361328125 -0.0233535766601562
-0.66876220703125 0.31109619140625 -0.0122451782226563 0.0541801452636719
-0.465118408203125 0.323974609375 -0.546844482421875 0.176055908203125
-0.23480224609375 0.42877197265625 -0.243072509765625 0.290283203125
0.043121337890625 0.470458984375 -0.0209808349609375 0.144622802734375
0.2755126953125 0.262954711914063 -0.0775833129882812 0.0284881591796875
0.33905029296875 0.074798583984375 -0.159408569335937 0.08148193359375
0.292510986328125 -0.160736083984375 -0.194610595703125 0.1505126953125
0.211669921875 -0.247848510742188 -0.15216064453125 0.2774658203125
0.234115600585938 -0.216049194335937 -0.142822265625 0.31414794921875
0.242172241210937 -0.236984252929687 -0.1693115234375 0.303009033203125
0.275238037109375 -0.104110717773438 -0.264938354492187 0.20587158203125
0.31243896484375 0.088134765625 -0.283416748046875 0.087860107421875
0.188156127929688 0.275299072265625 -0.20257568359375 -0.08050537109375
-0.1224365234375 0.389373779296875 -0.042327880859375 -0.126853942871094
-0.287261962890625 0.325836181640625 0.00253295898437499 0.0879592895507813
-0.49261474609375 0.22454833984375 -0.221328735351563 0.137481689453125
-0.21722412109375 0.202682495117188 -0.6868896484375 0.26068115234375
-0.09051513671875 0.250701904296875 -0.31756591796875 0.37591552734375
0.05181884765625 0.21746826171875 -0.0327911376953125 0.166534423828125
0.136215209960938 0.103950500488281 -0.103805541992187 0.0423355102539062
0.145355224609375 0.03277587890625 -0.196929931640625 0.0753936767578125
0.1429443359375 -0.0621490478515625 -0.244033813476563 0.19293212890625
0.118400573730469 -0.0971145629882813 -0.19476318359375 0.352752685546875
0.128517150878906 -0.0880508422851563 -0.176422119140625 0.376220703125
0.143600463867188 -0.0899810791015625 -0.21807861328125 0.361724853515625
0.13934326171875 -0.0132598876953125 -0.30462646484375 0.2281494140625
0.132080078125 0.0803909301757812 -0.295135498046875 0.0730590820312499
0.0422897338867188 0.13775634765625 -0.205581665039063 -0.0749359130859374
-0.0984649658203125 0.150070190429688 -0.046722412109375 -0.0851669311523437
-0.141647338867188 0.124221801757812 -0.06060791015625 0.154159545898438
-0.247573852539063 0.111495971679688 -0.364288330078125 0.191070556640625
-0.071685791015625 -0.0194625854492187 0.41522216796875 -0.28643798828125
-0.0498733520507812 0.0477371215820313 0.11553955078125 -0.223220825195312
0.0226669311523438 0.0839614868164063 0.0049285888671875 0.0665092468261719
0.0690956115722656 0.0329971313476563 0.181976318359375 0.100189208984375
0.0786514282226563 -0.0447616577148438 0.294189453125 -0.006561279296875
0.00492095947265625 -0.0824966430664062 0.31182861328125 -0.219818115234375
-0.0281524658203125 -0.0790328979492188 0.218414306640625 -0.40679931640625
-0.013824462890625 -0.0559349060058594 0.184906005859375 -0.40118408203125
-0.0267982482910156 -0.0619544982910156 0.223480224609375 -0.372833251953125
0.0245780944824219 -0.0496253967285156 0.266067504882813 -0.230148315429688
0.0467071533203125 -0.0105247497558594 0.192291259765625 -0.10076904296875
0.0290107727050781 0.0554580688476562 0.121360778808594 -0.0798568725585938
-0.0299720764160156 0.0389137268066406 0.106582641601563 -0.208969116210937
-0.048309326171875 -0.000102996826171885 0.325408935546875 -0.421142578125
-0.0173301696777344 -0.0600509643554688 0.80145263671875 -0.26080322265625
-0.342498779296875 0.1224365234375 0.385711669921875 -0.277374267578125
-0.207107543945313 0.215576171875 0.119735717773437 -0.215499877929688
-0.016693115234375 0.314697265625 0.00120925903320312 0.0615005493164063
0.1737060546875 0.190933227539062 0.159103393554687 0.087615966796875
0.249710083007813 0.0153350830078125 0.261795043945313 0.018341064453125
0.1614990234375 -0.162338256835938 0.282684326171875 -0.194122314453125
0.0831451416015625 -0.228713989257813 0.202728271484375 -0.363983154296875
0.114761352539062 -0.195037841796875 0.16455078125 -0.345611572265625
0.101226806640625 -0.222625732421875 0.20318603515625 -0.327056884765625
0.18707275390625 -0.141082763671875 0.221282958984375 -0.198089599609375
0.246902465820313 0.0108795166015625 0.140251159667969 -0.0783843994140625
0.181625366210938 0.209259033203125 0.089935302734375 -0.101219177246094
-0.063629150390625 0.298675537109375 0.0999755859375 -0.24725341796875
-0.204879760742188 0.22637939453125 0.342071533203125 -0.42578125
-0.30364990234375 0.096282958984375 0.78057861328125 -0.26776123046875
-0.56488037109375 0.24920654296875 0.27349853515625 -0.234359741210937
-0.335662841796875 0.3731689453125 0.08740234375 -0.166458129882812
-0.0367431640625 0.521240234375 0.00394439697265625 0.0692253112792969
0.270477294921875 0.324249267578125 0.134506225585938 0.0692977905273438
0.400482177734375 0.068023681640625 0.20709228515625 0.0336151123046875
0.300262451171875 -0.226959228515625 0.21795654296875 -0.151031494140625
0.182952880859375 -0.347991943359375 0.154098510742188 -0.273468017578125
0.224884033203125 -0.30462646484375 0.119140625 -0.237945556640625
0.213104248046875 -0.34954833984375 0.151382446289063 -0.228469848632813
0.323455810546875 -0.21319580078125 0.136878967285156 -0.132682800292969
0.418243408203125 0.029541015625 0.055908203125 -0.0450706481933594
0.318359375 0.338775634765625 0.0330657958984375 -0.119171142578125
-0.0833740234375 0.5294189453125 0.0765380859375 -0.273544311523437
-0.3358154296875 0.4322509765625 0.321044921875 -0.389495849609375
-0.548675537109375 0.23699951171875 0.66314697265625 -0.2298583984375
-0.70379638671875 0.352783203125 0.0938720703124999 -0.157119750976562
-0.411163330078125 0.506866455078125 0.0228271484375 -0.0774078369140625
-0.02557373046875 0.678955078125 0.00814819335937499 0.0854110717773438
0.360260009765625 0.417266845703125 0.0961990356445313 0.0477142333984375
0.512237548828125 0.10260009765625 0.125831604003906 0.0475921630859375
0.399078369140625 -0.268951416015625 0.120086669921875 -0.0877456665039063
0.2537841796875 -0.418609619140625 0.0826416015625 -0.143936157226563
0.30169677734375 -0.3680419921875 0.0555267333984375 -0.0928878784179688
0.2921142578125 -0.423004150390625 0.0769195556640625 -0.0915145874023438
0.408447265625 -0.251007080078125 0.0279006958007813 -0.0407676696777344
0.530609130859375 0.045745849609375 -0.0474433898925781 0.000556945800781259
0.411865234375 0.420684814453125 -0.0416030883789062 -0.12298583984375
-0.09112548828125 0.68609619140625 0.0394287109375 -0.273468017578125
-0.4193115234375 0.572021484375 0.264984130859375 -0.2979736328125
-0.7120361328125 0.33428955078125 0.471771240234375 -0.1514892578125
-0.74029541015625 0.41107177734375 -0.128547668457031 -0.0525054931640625
-0.41778564453125 0.580810546875 -0.0628280639648438 0.0437889099121094
0.00897216796874996 0.73974609375 0.00822448730468751 0.107627868652344
0.41046142578125 0.444183349609375 0.0413284301757813 0.0312118530273438
0.5528564453125 0.112091064453125 0.0234870910644532 0.0624847412109375
0.43658447265625 -0.276824951171875 0.00339555740356448 -0.00487327575683595
0.2850341796875 -0.427398681640625 -0.00307559967041014 0.00950145721435544
0.330474853515625 -0.37567138671875 -0.0169181823730469 0.0652732849121093
0.3243408203125 -0.427642822265625 -0.01019287109375 0.0622177124023437
0.430816650390625 -0.24346923828125 -0.08953857421875 0.0629425048828125
0.5516357421875 0.061492919921875 -0.15350341796875 0.0499420166015625
0.42333984375 0.43780517578125 -0.119651794433594 -0.111907958984375
-0.0997314453125 0.71868896484375 -0.000732421874999982 -0.241531372070312
-0.4415283203125 0.6051025390625 0.181533813476562 -0.166336059570312
-0.762451171875 0.3670654296875 0.23291015625 -0.0481414794921875
-0.66131591796875 0.40924072265625 -0.3577880859375 0.067779541015625
-0.35546875 0.56280517578125 -0.157150268554688 0.178466796875
0.040283203125 0.67462158203125 8.39233398437663E-05 0.130142211914063
0.388580322265625 0.39013671875 -0.0224151611328125 0.0241718292236328
0.499267578125 0.09796142578125 -0.0812835693359375 0.0764236450195313
0.40185546875 -0.243743896484375 -0.112075805664062 0.0833663940429687
0.269317626953125 -0.371734619140625 -0.0869903564453125 0.162399291992187
0.308258056640625 -0.326141357421875 -0.087188720703125 0.2125244140625
0.30804443359375 -0.365509033203125 -0.0984649658203124 0.205184936523438
0.383636474609375 -0.191497802734375 -0.194076538085937 0.154876708984375
0.47454833984375 0.076507568359375 -0.238037109375 0.0853424072265625
0.341339111328125 0.389801025390625 -0.178558349609375 -0.0937347412109375
-0.1146240234375 0.6158447265625 -0.0308074951171875 -0.187271118164062
-0.39813232421875 0.51641845703125 0.0895843505859375 -0.0250015258789062
-0.69061279296875 0.33172607421875 -0.0135040283203125 0.0590324401855469
-0.480438232421875 0.340179443359375 -0.560150146484375 0.183685302734375
-0.2403564453125 0.446044921875 -0.2479248046875 0.299346923828125
0.05352783203125 0.487335205078125 -0.01446533203125 0.1507568359375
0.28826904296875 0.26776123046875 -0.0762786865234375 0.0290069580078125
0.352874755859375 0.070098876953125 -0.1611328125 0.0839385986328125
0.29718017578125 -0.168731689453125 -0.202194213867187 0.1572265625
0.210128784179688 -0.257614135742188 -0.156341552734375 0.288543701171875
0.237213134765625 -0.227066040039062 -0.143646240234375 0.327911376953125
0.244049072265625 -0.24810791015625 -0.17230224609375 0.31671142578125
0.2796630859375 -0.108474731445312 -0.271621704101563 0.216018676757813
0.3214111328125 0.08544921875 -0.288421630859375 0.094146728515625
0.1983642578125 0.28240966796875 -0.208297729492188 -0.0804443359375
-0.12249755859375 0.406768798828125 -0.0461959838867188 -0.131202697753906
-0.2940673828125 0.336578369140625 0.00509643554687497 0.0900802612304688
-0.5123291015625 0.238433837890625 -0.227066040039063 0.147125244140625
-0.226348876953125 0.2125244140625 -0.70440673828125 0.27496337890625
-0.0921783447265625 0.260009765625 -0.324188232421875 0.390350341796875
0.058258056640625 0.225418090820313 -0.0276031494140625 0.1719970703125
0.143905639648438 0.105697631835938 -0.103691101074219 0.0441360473632813
0.152587890625 0.031707763671875 -0.200775146484375 0.0785369873046875
0.145294189453125 -0.0661163330078125 -0.252304077148438 0.2005615234375
0.11767578125 -0.102325439453125 -0.1983642578125 0.366729736328125
0.131248474121094 -0.0934524536132812 -0.177947998046875 0.39215087890625
0.146255493164063 -0.095367431640625 -0.221435546875 0.378448486328125
0.142181396484375 -0.015106201171875 -0.3128662109375 0.239227294921875
0.137367248535156 0.0788726806640625 -0.30059814453125 0.078033447265625
0.0462646484375 0.141937255859375 -0.211746215820312 -0.074188232421875
-0.09991455078125 0.159271240234375 -0.0493545532226562 -0.0872726440429687
-0.145370483398438 0.129684448242187 -0.058563232421875 0.15960693359375
-0.257110595703125 0.118667602539063 -0.373504638671875 0.204315185546875
-0.0728988647460938 -0.0190658569335938 0.420989990234375 -0.315826416015625
-0.0496444702148437 0.0503082275390625 0.111038208007813 -0.235885620117188
0.025665283203125 0.0869216918945312 0.00902175903320313 0.0690956115722656
0.0718612670898438 0.0333938598632813 0.19097900390625 0.0957794189453125
0.0774154663085937 -0.0491561889648437 0.303680419921875 -0.018646240234375
6.10351562499932E-05 -0.0838470458984375 0.316314697265625 -0.237579345703125
-0.0325546264648438 -0.078765869140625 0.21038818359375 -0.430908203125
-0.016021728515625 -0.0559501647949219 0.17620849609375 -0.427490234375
-0.0316734313964844 -0.0604667663574219 0.217529296875 -0.400848388671875
0.0227508544921875 -0.0517425537109375 0.269943237304688 -0.249465942382813
0.0463752746582031 -0.0115623474121094 0.195632934570313 -0.110031127929688
0.0322227478027344 0.0560989379882813 0.12188720703125 -0.0890045166015625
-0.0296516418457031 0.0384597778320312 0.102249145507813 -0.221954345703125
-0.0474281311035156 -0.000217437744140625 0.31903076171875 -0.447296142578125
-0.0185012817382813 -0.0604019165039062 0.81988525390625 -0.299560546875
-0.347991943359375 0.139404296875 0.3902587890625 -0.306396484375
-0.207443237304688 0.2294921875 0.11517333984375 -0.22979736328125
-0.00390625000000002 0.328948974609375 0.00642395019531251 0.065582275390625
0.18487548828125 0.19305419921875 0.167724609375 0.082794189453125
0.257476806640625 0.005401611328125 0.272140502929688 0.0078277587890625
0.157684326171875 -0.172561645507813 0.286346435546875 -0.21075439453125
0.0754547119140625 -0.236923217773438 0.195343017578125 -0.385589599609375
0.111328125 -0.206192016601562 0.1578369140625 -0.36749267578125
0.0940704345703125 -0.233261108398438 0.19781494140625 -0.35198974609375
0.18682861328125 -0.151885986328125 0.224502563476563 -0.21356201171875
0.25482177734375 0.002685546875 0.143722534179688 -0.0844268798828125
0.197540283203125 0.211257934570313 0.0894317626953125 -0.110542297363281
-0.0546875 0.31121826171875 0.0931854248046875 -0.261489868164063
-0.203521728515625 0.239761352539062 0.336029052734375 -0.45489501953125
-0.311370849609375 0.113372802734375 0.7969970703125 -0.3043212890625
-0.5760498046875 0.28216552734375 0.276336669921875 -0.259536743164063
-0.336456298828125 0.39990234375 0.082305908203125 -0.1802978515625
-0.0160522460937501 0.543792724609375 0.0107498168945312 0.0737228393554688
0.29034423828125 0.32763671875 0.141860961914063 0.06439208984375
0.41632080078125 0.052093505859375 0.216751098632813 0.0250091552734375
0.297698974609375 -0.244598388671875 0.217910766601563 -0.163223266601563
0.1705322265625 -0.36431884765625 0.148162841796875 -0.29010009765625
0.220306396484375 -0.32525634765625 0.115524291992188 -0.253219604492188
0.20343017578125 -0.370025634765625 0.147720336914063 -0.246826171875
0.323150634765625 -0.23114013671875 0.13916015625 -0.1429443359375
0.433685302734375 0.014923095703125 0.0585289001464844 -0.0466270446777344
0.346343994140625 0.339508056640625 0.0296478271484375 -0.126792907714844
-0.067657470703125 0.552978515625 0.0665283203125 -0.288848876953125
-0.332366943359375 0.458038330078125 0.314239501953125 -0.414581298828125
-0.5628662109375 0.2698974609375 0.6787109375 -0.26153564453125
-0.71844482421875 0.3944091796875 0.0933990478515625 -0.172775268554688
-0.4105224609375 0.542205810546875 0.0191802978515625 -0.0859146118164062
0.00445556640625005 0.70733642578125 0.0177459716796875 0.0908355712890626
0.38873291015625 0.42022705078125 0.102790832519531 0.0437164306640625
0.5355224609375 0.081634521484375 0.133613586425781 0.0416641235351563
0.397735595703125 -0.29119873046875 0.119255065917969 -0.0935211181640625
0.24017333984375 -0.4404296875 0.078460693359375 -0.15203857421875
0.2965087890625 -0.396240234375 0.0554580688476563 -0.0992050170898438
0.283050537109375 -0.448577880859375 0.075408935546875 -0.09991455078125
0.41265869140625 -0.2724609375 0.0290603637695313 -0.0419273376464844
0.55126953125 0.026275634765625 -0.0471687316894531 0.0042877197265625
0.446746826171875 0.423095703125 -0.0482254028320312 -0.128524780273437
-0.07000732421875 0.71826171875 0.0277099609375 -0.2862548828125
-0.41534423828125 0.6060791015625 0.26129150390625 -0.318817138671875
-0.7303466796875 0.377197265625 0.48321533203125 -0.173553466796875
-0.75555419921875 0.4581298828125 -0.133193969726563 -0.0558853149414063
-0.41522216796875 0.61865234375 -0.0657920837402344 0.0437240600585938
0.0413818359375 0.77178955078125 0.0194015502929687 0.11358642578125
0.443817138671875 0.44586181640625 0.0463066101074219 0.0287551879882813
0.57916259765625 0.08978271484375 0.0290336608886719 0.0611343383789063
0.43768310546875 -0.301177978515625 -0.000382184982299778 -0.00402355194091799
0.272247314453125 -0.450531005859375 -0.00483417510986326 0.0106105804443359
0.328948974609375 -0.405120849609375 -0.0128707885742187 0.0691261291503906
0.31610107421875 -0.456512451171875 -0.00934219360351561 0.0650558471679687
0.434844970703125 -0.2662353515625 -0.0888824462890625 0.0708847045898437
0.57452392578125 0.040283203125 -0.154571533203125 0.05908203125
0.458251953125 0.4405517578125 -0.127700805664063 -0.113197326660156
-0.0762329101562499 0.75421142578125 -0.0128326416015625 -0.251785278320312
-0.43780517578125 0.640625 0.18121337890625 -0.178680419921875
-0.78302001953125 0.41131591796875 0.238616943359375 -0.054962158203125
-0.6737060546875 0.4539794921875 -0.36669921875 0.0792236328125
-0.3519287109375 0.59979248046875 -0.158432006835938 0.1884765625
0.07244873046875 0.70269775390625 0.0114364624023437 0.136199951171875
0.419158935546875 0.38995361328125 -0.0201759338378906 0.0238380432128906
0.52374267578125 0.07806396484375 -0.07891845703125 0.0805740356445313
0.403472900390625 -0.267974853515625 -0.117073059082031 0.0915985107421875
0.259857177734375 -0.394805908203125 -0.0859222412109375 0.172576904296875
0.305755615234375 -0.353363037109375 -0.079833984375 0.226165771484375
0.301483154296875 -0.391510009765625 -0.0944976806640625 0.22003173828125
0.38775634765625 -0.21075439453125 -0.195770263671875 0.170089721679687
0.493560791015625 0.0587158203125 -0.241867065429688 0.0981903076171875
0.37237548828125 0.39166259765625 -0.189178466796875 -0.09161376953125
-0.09637451171875 0.64691162109375 -0.041900634765625 -0.194900512695312
-0.395263671875 0.5469970703125 0.0922775268554687 -0.0289230346679687
-0.7100830078125 0.370849609375 -0.0120964050292969 0.064910888671875
-0.489044189453125 0.375762939453125 -0.572021484375 0.20855712890625
-0.23565673828125 0.4739990234375 -0.248077392578125 0.31842041015625
0.0789794921875 0.505401611328125 -0.00395202636718751 0.157318115234375
0.311004638671875 0.266571044921875 -0.0761871337890625 0.0314407348632813
0.371856689453125 0.056121826171875 -0.162155151367188 0.0914764404296875
0.299102783203125 -0.185821533203125 -0.20770263671875 0.171295166015625
0.203048706054688 -0.274383544921875 -0.151702880859375 0.305816650390625
0.237335205078125 -0.247802734375 -0.134857177734375 0.349578857421875
0.24176025390625 -0.267532348632813 -0.167694091796875 0.33941650390625
0.283966064453125 -0.122344970703125 -0.274246215820312 0.235748291015625
0.33612060546875 0.07440185546875 -0.293487548828125 0.108245849609375
0.218597412109375 0.285736083984375 -0.218978881835938 -0.0758666992187499
-0.111572265625 0.43060302734375 -0.05517578125 -0.135139465332031
-0.29461669921875 0.359405517578125 0.0100479125976562 0.0936355590820313
-0.52642822265625 0.2686767578125 -0.229751586914063 0.1649169921875
-0.229583740234375 0.230926513671875 -0.72003173828125 0.30877685546875
-0.0883941650390625 0.274246215820313 -0.322540283203125 0.41741943359375
0.0714569091796875 0.232452392578125 -0.0186767578125 0.178268432617188
0.154373168945312 0.103378295898437 -0.103385925292969 0.0494842529296875
0.161773681640625 0.02545166015625 -0.204925537109375 0.08831787109375
0.14849853515625 -0.0741119384765625 -0.257522583007813 0.218002319335938
0.1158447265625 -0.110946655273437 -0.19232177734375 0.389373779296875
0.131843566894531 -0.103347778320313 -0.169403076171875 0.41741943359375
0.147232055664063 -0.1058349609375 -0.21441650390625 0.405975341796875
0.146270751953125 -0.0204925537109375 -0.31561279296875 0.26123046875
0.145401000976563 0.0745849609375 -0.308349609375 0.09161376953125
0.055389404296875 0.145538330078125 -0.2215576171875 -0.0683135986328125
-0.096405029296875 0.173202514648437 -0.05535888671875 -0.0881423950195313
-0.147567749023438 0.14044189453125 -0.052490234375 0.167449951171875
-0.26654052734375 0.135177612304687 -0.378997802734375 0.228759765625
-0.0742645263671875 -0.0164031982421875 0.412017822265625 -0.352447509765625
-0.0478401184082031 0.0539817810058594 0.0998077392578125 -0.249862670898437
0.0320587158203125 0.0882339477539063 0.0149917602539062 0.0706558227539063
0.0755081176757812 0.032135009765625 0.199905395507813 0.0842437744140625
0.0737533569335938 -0.0546035766601562 0.307952880859375 -0.0390625
-0.00731658935546875 -0.083465576171875 0.310455322265625 -0.261688232421875
-0.0375823974609375 -0.076263427734375 0.1868896484375 -0.45355224609375
-0.0193862915039063 -0.05487060546875 0.15155029296875 -0.451263427734375
-0.0378799438476563 -0.0572586059570313 0.195159912109375 -0.430206298828125
0.0182456970214844 -0.0538520812988281 0.263137817382813 -0.2742919921875
0.0455894470214844 -0.0136985778808594 0.193084716796875 -0.123519897460938
0.0372123718261719 0.0553817749023438 0.118385314941406 -0.099639892578125
-0.0283470153808594 0.038055419921875 0.089324951171875 -0.234512329101563
-0.0465545654296875 0.000888824462890624 0.2945556640625 -0.47479248046875
-0.0203933715820313 -0.0598907470703125 0.81488037109375 -0.35577392578125
-0.34619140625 0.164031982421875 0.381134033203125 -0.341552734375
-0.199630737304688 0.246688842773438 0.1031494140625 -0.244781494140625
0.0172119140625 0.337677001953125 0.0144920349121094 0.0675582885742188
0.200531005859375 0.188446044921875 0.17559814453125 0.0725250244140625
0.261367797851563 -0.012420654296875 0.276962280273438 -0.0113983154296875
0.147201538085937 -0.183547973632813 0.279388427734375 -0.230392456054688
0.059844970703125 -0.2435302734375 0.173980712890625 -0.407196044921875
0.100250244140625 -0.2177734375 0.138336181640625 -0.38958740234375
0.0785064697265625 -0.241531372070313 0.179168701171875 -0.377532958984375
0.179611206054688 -0.165664672851563 0.21923828125 -0.233444213867188
0.259628295898438 -0.01300048828125 0.1422119140625 -0.09326171875
0.217391967773438 0.203475952148438 0.0830078125 -0.120437622070313
-0.036712646484375 0.320953369140625 0.076568603515625 -0.27423095703125
-0.193557739257812 0.2552490234375 0.311431884765625 -0.483673095703125
-0.312042236328125 0.13800048828125 0.793212890625 -0.3599853515625
-0.571044921875 0.3258056640625 0.267059326171875 -0.288299560546875
-0.32135009765625 0.42877197265625 0.07110595703125 -0.193374633789062
0.020477294921875 0.559967041015625 0.0214385986328125 0.0757598876953125
0.316864013671875 0.318328857421875 0.147933959960938 0.0541534423828125
0.427276611328125 0.024627685546875 0.2230224609375 0.0103302001953125
0.2841796875 -0.26531982421875 0.211959838867188 -0.178131103515625
0.14801025390625 -0.37908935546875 0.131683349609375 -0.30615234375
0.20428466796875 -0.34735107421875 0.103057861328125 -0.268447875976563
0.1810302734375 -0.389251708984375 0.1341552734375 -0.26513671875
0.3154296875 -0.254486083984375 0.136184692382813 -0.154571533203125
0.44390869140625 -0.012298583984375 0.0585289001464844 -0.0493087768554688
0.378173828125 0.3267822265625 0.0210418701171875 -0.134262084960937
-0.0333251953125 0.57086181640625 0.046875 -0.299224853515625
-0.314361572265625 0.486083984375 0.29425048828125 -0.441558837890625
-0.5634765625 0.313232421875 0.6761474609375 -0.30621337890625
-0.71148681640625 0.45361328125 0.0852508544921874 -0.189132690429687
-0.38787841796875 0.5810546875 0.0113983154296875 -0.093505859375
0.05413818359375 0.726318359375 0.0309066772460938 0.0920639038085938
0.425140380859375 0.406646728515625 0.107948303222656 0.0352630615234375
0.552398681640625 0.046295166015625 0.140083312988281 0.0313796997070313
0.384490966796875 -0.320831298828125 0.113784790039063 -0.101593017578125
0.21417236328125 -0.461181640625 0.0684814453125 -0.160858154296875
0.278167724609375 -0.42498779296875 0.05230712890625 -0.106086730957031
0.25518798828125 -0.4764404296875 0.0697708129882813 -0.108131408691406
0.40338134765625 -0.302459716796875 0.0290069580078125 -0.0434799194335938
0.56439208984375 -0.00750732421875 -0.0453720092773437 0.00913619995117188
0.485809326171875 0.40582275390625 -0.0587539672851562 -0.130233764648437
-0.0269165039062501 0.74224853515625 0.00695800781249999 -0.29443359375
-0.39141845703125 0.64361572265625 0.2449951171875 -0.340179443359375
-0.728271484375 0.4356689453125 0.4813232421875 -0.204620361328125
-0.74554443359375 0.51910400390625 -0.139183044433594 -0.0542984008789062
-0.38958740234375 0.66162109375 -0.067718505859375 0.045440673828125
0.0960083007812499 0.78741455078125 0.0347824096679688 0.114730834960938
0.481048583984375 0.4283447265625 0.0499305725097657 0.0237388610839844
0.5987548828125 0.05047607421875 0.0348472595214844 0.0578536987304688
0.42449951171875 -0.334014892578125 -0.00306987762451169 -0.00235080718994143
0.24517822265625 -0.473968505859375 -0.00582504272460936 0.0116291046142578
0.307464599609375 -0.4371337890625 -0.00664520263671872 0.0718612670898437
0.2889404296875 -0.487030029296875 -0.00605392456054685 0.0683326721191406
0.425567626953125 -0.29827880859375 -0.0854110717773437 0.0795822143554687
0.58795166015625 0.0035400390625 -0.152175903320312 0.0714111328125
0.502716064453125 0.4234619140625 -0.138786315917969 -0.109756469726563
-0.0315551757812499 0.78076171875 -0.0328216552734375 -0.256500244140625
-0.4111328125 0.68145751953125 0.173599243164062 -0.192352294921875
-0.78021240234375 0.474609375 0.240264892578125 -0.0674591064453125
-0.6639404296875 0.5107421875 -0.370391845703125 0.0995178222656251
-0.3270263671875 0.63824462890625 -0.15338134765625 0.200576782226563
0.12359619140625 0.71630859375 0.0276870727539063 0.138168334960938
0.452972412109375 0.373046875 -0.0174331665039062 0.0238475799560547
0.541900634765625 0.040985107421875 -0.0734634399414062 0.0845718383789063
0.39361572265625 -0.296844482421875 -0.117134094238281 0.102592468261719
0.2354736328125 -0.416290283203125 -0.0787506103515625 0.182861328125
0.289154052734375 -0.383453369140625 -0.0655975341796875 0.238357543945312
0.27996826171875 -0.420013427734375 -0.0823211669921875 0.233932495117188
0.382659912109375 -0.23858642578125 -0.188491821289062 0.18878173828125
0.508209228515625 0.027313232421875 -0.23870849609375 0.116241455078125
0.409423828125 0.379425048828125 -0.1993408203125 -0.0828704833984375
-0.0571289062500001 0.67315673828125 -0.058929443359375 -0.195587158203125
-0.373779296875 0.58331298828125 0.0930709838867187 -0.0344009399414062
-0.70904541015625 0.42730712890625 -0.0084152221679688 0.0712966918945313
-0.479949951171875 0.4178466796875 -0.5732421875 0.244384765625
-0.214813232421875 0.500823974609375 -0.2357177734375 0.3409423828125
0.115875244140625 0.514434814453125 0.011077880859375 0.159225463867188
0.335845947265625 0.25189208984375 -0.0736618041992187 0.035858154296875
0.385894775390625 0.0311279296875 -0.15850830078125 0.101776123046875
0.293121337890625 -0.20892333984375 -0.204849243164062 0.189056396484375
0.186431884765625 -0.291839599609375 -0.13763427734375 0.32470703125
0.225128173828125 -0.270263671875 -0.114288330078125 0.3680419921875
0.227874755859375 -0.28985595703125 -0.148681640625 0.362213134765625
0.282196044921875 -0.141937255859375 -0.266036987304688 0.261154174804688
0.3475341796875 0.05181884765625 -0.291778564453125 0.128509521484375
0.243927001953125 0.278961181640625 -0.22869873046875 -0.0637664794921875
-0.0858154296875 0.451324462890625 -0.0669021606445313 -0.133865356445312
-0.280517578125 0.385528564453125 0.0174789428710937 0.0954971313476563
-0.524444580078125 0.309783935546875 -0.223190307617188 0.187088012695313
-0.224655151367188 0.252761840820313 -0.71649169921875 0.35919189453125
-0.074310302734375 0.28704833984375 -0.304901123046875 0.44677734375
0.088134765625 0.233047485351563 -0.00460815429687501 0.181228637695313
0.165176391601563 0.0948944091796875 -0.100669860839844 0.0560302734375
0.168914794921875 0.0145111083984375 -0.202178955078125 0.101898193359375
0.1470947265625 -0.085723876953125 -0.252975463867187 0.238906860351563
0.1092529296875 -0.120147705078125 -0.173553466796875 0.41265869140625
0.127098083496094 -0.115516662597656 -0.146026611328125 0.4412841796875
0.14312744140625 -0.1190185546875 -0.192138671875 0.433563232421875
0.1473388671875 -0.0302581787109375 -0.307159423828125 0.288177490234375
0.153091430664063 0.0645599365234375 -0.307586669921875 0.111053466796875
0.06707763671875 0.145172119140625 -0.230728149414063 -0.0552520751953124
-0.0857696533203125 0.187255859375 -0.06317138671875 -0.0858230590820312
-0.142822265625 0.153579711914063 -0.041534423828125 0.173980712890625
-0.267349243164063 0.156387329101562 -0.370574951171875 0.261505126953125
-0.0732345581054688 -0.0125579833984375 0.385955810546875 -0.3775634765625
-0.0437202453613281 0.0562705993652344 0.0829620361328125 -0.256805419921875
0.0386428833007813 0.0859375 0.0223617553710938 0.0684242248535156
0.077392578125 0.0288009643554688 0.201919555664063 0.069183349609375
0.0676155090332031 -0.0579109191894531 0.30059814453125 -0.058563232421875
-0.0137405395507812 -0.0793075561523438 0.291839599609375 -0.27886962890625
-0.0415725708007812 -0.0714492797851563 0.15478515625 -0.463714599609375
-0.0223770141601562 -0.0516204833984375 0.1190185546875 -0.462249755859375
-0.0421791076660156 -0.0510902404785156 0.162078857421875 -0.44439697265625
0.0132102966308594 -0.053375244140625 0.24493408203125 -0.29144287109375
0.0433998107910156 -0.0152778625488281 0.184097290039063 -0.132919311523438
0.0409469604492188 0.0522422790527344 0.109474182128906 -0.108268737792969
-0.0271224975585938 0.0373420715332031 0.0711669921875 -0.239425659179688
-0.0451011657714844 0.00178909301757813 0.2576904296875 -0.4881591796875
-0.0222549438476563 -0.0563735961914062 0.78253173828125 -0.40472412109375
-0.330810546875 0.184600830078125 0.355926513671875 -0.368072509765625
-0.182327270507812 0.258453369140625 0.0845794677734375 -0.25225830078125
0.042144775390625 0.334503173828125 0.023284912109375 0.0656166076660156
0.210861206054687 0.17523193359375 0.177413940429687 0.05828857421875
0.256301879882813 -0.0294342041015625 0.272933959960938 -0.0293731689453125
0.13134765625 -0.187591552734375 0.2630615234375 -0.245941162109375
0.0422821044921875 -0.242385864257812 0.144012451171875 -0.416748046875
0.085205078125 -0.221969604492188 0.1109619140625 -0.400421142578125
0.0595550537109375 -0.242050170898438 0.14971923828125 -0.39031982421875
0.165756225585938 -0.174270629882813 0.204299926757813 -0.24786376953125
0.255996704101563 -0.0296630859375 0.136772155761719 -0.0995635986328125
0.231460571289062 0.186660766601562 0.0730743408203125 -0.125885009765625
-0.017333984375 0.321014404296875 0.05560302734375 -0.2769775390625
-0.175735473632813 0.26409912109375 0.275146484375 -0.49725341796875
-0.29986572265625 0.159088134765625 0.7581787109375 -0.4058837890625
-0.542816162109375 0.362274169921875 0.24462890625 -0.3084716796875
-0.29180908203125 0.4478759765625 0.055419921875 -0.200057983398437
0.06207275390625 0.554779052734375 0.0324783325195313 0.0721282958984375
0.335723876953125 0.2967529296875 0.149093627929688 0.0419464111328125
0.42340087890625 -0.00579833984375 0.220123291015625 -0.0061798095703125
0.261260986328125 -0.27838134765625 0.198104858398438 -0.18914794921875
0.11968994140625 -0.3807373046875 0.1080322265625 -0.31341552734375
0.178924560546875 -0.35906982421875 0.0843505859375 -0.276321411132813
0.149444580078125 -0.395751953125 0.113601684570313 -0.274826049804688
0.294158935546875 -0.2713623046875 0.127059936523438 -0.163131713867188
0.43780517578125 -0.041290283203125 0.0568923950195313 -0.0508842468261719
0.39971923828125 0.298980712890625 0.00968933105468752 -0.135574340820312
0.00207519531249997 0.571044921875 0.02313232421875 -0.2999267578125
-0.282318115234375 0.5 0.262054443359375 -0.453338623046875
-0.538421630859375 0.350982666015625 0.64825439453125 -0.343994140625
-0.67462158203125 0.49896240234375 0.0706024169921875 -0.198989868164062
-0.34954833984375 0.60357666015625 0.00209808349609373 -0.096649169921875
0.10614013671875 0.71868896484375 0.04400634765625 0.0873489379882813
0.44805908203125 0.376861572265625 0.109024047851563 0.0252685546875
0.549285888671875 0.00555419921875 0.141311645507813 0.019317626953125
0.356964111328125 -0.3402099609375 0.104820251464844 -0.105926513671875
0.177764892578125 -0.466827392578125 0.0552825927734375 -0.165069580078125
0.246490478515625 -0.44140625 0.0460586547851563 -0.110862731933594
0.217315673828125 -0.487762451171875 0.0612030029296875 -0.112541198730469
0.3782958984375 -0.325164794921875 0.0280075073242188 -0.0448837280273438
0.558074951171875 -0.046417236328125 -0.042449951171875 0.0136680603027344
0.513763427734375 0.3701171875 -0.06842041015625 -0.126861572265625
0.02215576171875 0.74273681640625 -0.016937255859375 -0.2913818359375
-0.34820556640625 0.661376953125 0.21978759765625 -0.351043701171875
-0.69775390625 0.48419189453125 0.463409423828125 -0.229705810546875
-0.706298828125 0.5684814453125 -0.1429443359375 -0.049835205078125
-0.34619140625 0.68450927734375 -0.0678749084472656 0.0475120544433594
0.154052734375 0.77978515625 0.0490875244140625 0.108802795410156
0.506866455078125 0.393768310546875 0.0516586303710938 0.0177116394042969
0.596923828125 0.0048828125 0.0399894714355469 0.0527725219726563
0.396270751953125 -0.35791015625 -0.00562763214111326 -0.000343322753906272
0.207611083984375 -0.482696533203125 -0.00693798065185546 0.0115060806274414
0.276214599609375 -0.455596923828125 -4.57763671874885E-05 0.0713424682617187
0.250701904296875 -0.501922607421875 -0.000732421874999992 0.0695343017578125
0.402099609375 -0.32305908203125 -0.0775299072265625 0.08636474609375
0.58245849609375 -0.03619384765625 -0.1436767578125 0.081634521484375
0.52886962890625 0.3873291015625 -0.1468505859375 -0.100234985351562
0.0205688476562501 0.782958984375 -0.0532989501953125 -0.2493896484375
-0.3675537109375 0.700439453125 0.159408569335937 -0.200241088867187
-0.74566650390625 0.528564453125 0.233596801757812 -0.080078125
-0.62677001953125 0.5567626953125 -0.361419677734375 0.119049072265625
-0.28558349609375 0.65753173828125 -0.142410278320313 0.207962036132813
0.1751708984375 0.70367431640625 0.0422439575195313 0.132293701171875
0.477569580078125 0.33917236328125 -0.0142822265625 0.0226287841796875
0.5404052734375 0.0018310546875 -0.0658798217773437 0.086639404296875
0.3680419921875 -0.31982421875 -0.112152099609375 0.111442565917969
0.20208740234375 -0.423980712890625 -0.0681915283203125 0.187454223632812
0.25958251953125 -0.40277099609375 -0.0467987060546875 0.2420654296875
0.24566650390625 -0.43609619140625 -0.0639801025390625 0.240692138671875
0.361846923828125 -0.26165771484375 -0.173934936523437 0.201614379882813
0.504364013671875 -0.008819580078125 -0.227279663085937 0.130828857421875
0.434326171875 0.34796142578125 -0.204483032226563 -0.0691375732421875
-0.0125732421875 0.67633056640625 -0.07440185546875 -0.188003540039063
-0.336181640625 0.599853515625 0.0913162231445312 -0.0392379760742187
-0.6776123046875 0.4737548828125 -0.00209045410156254 0.0743179321289063
-0.45086669921875 0.44873046875 -0.551971435546875 0.27874755859375
-0.183074951171875 0.51373291015625 -0.214447021484375 0.35345458984375
0.150390625 0.50360107421875 0.0256500244140625 0.155105590820313
0.350067138671875 0.226776123046875 -0.0688323974609375 0.0388374328613282
0.3861083984375 0.00140380859375 -0.148818969726562 0.109359741210938
0.275588989257813 -0.226119995117188 -0.194808959960937 0.202423095703125
0.16302490234375 -0.299468994140625 -0.116729736328125 0.3336181640625
0.204620361328125 -0.285125732421875 -0.086029052734375 0.3758544921875
0.204010009765625 -0.30419921875 -0.119781494140625 0.37353515625
0.269821166992188 -0.15850830078125 -0.246292114257812 0.27813720703125
0.346771240234375 0.0264892578125 -0.279327392578125 0.146331787109375
0.2628173828125 0.260421752929687 -0.231643676757812 -0.0474700927734375
-0.053680419921875 0.457550048828125 -0.077239990234375 -0.125907897949219
-0.255157470703125 0.400115966796875 0.02593994140625 0.0937881469726563
-0.503448486328125 0.345489501953125 -0.2061767578125 0.202194213867188
-0.209030151367187 0.267288208007813 -0.68756103515625 0.40191650390625
-0.056243896484375 0.2904052734375 -0.27447509765625 0.464996337890625
0.102996826171875 0.225616455078125 0.00865173339843749 0.178070068359375
0.169677734375 0.0820465087890625 -0.09417724609375 0.06158447265625
0.169815063476563 0.0013275146484375 -0.191970825195312 0.112899780273438
0.140464782714844 -0.095245361328125 -0.238845825195313 0.25457763671875
0.0992431640625 -0.126190185546875 -0.146240234375 0.42352294921875
0.118072509765625 -0.125267028808594 -0.1131591796875 0.451202392578125
0.133010864257813 -0.129898071289063 -0.15777587890625 0.44696044921875
0.14373779296875 -0.040008544921875 -0.2862548828125 0.309478759765625
0.154541015625 0.051910400390625 -0.296966552734375 0.130279541015625
0.0780715942382813 0.138511657714844 -0.231414794921875 -0.038177490234375
-0.0704803466796875 0.19451904296875 -0.0691299438476563 -0.0792617797851562
-0.13250732421875 0.162277221679688 -0.0268402099609375 0.175018310546875
-0.257080078125 0.175445556640625 -0.3465576171875 0.2852783203125
-0.07122802734375 -0.0098724365234375 0.35894775390625 -0.3875732421875
-0.0397224426269531 0.0556831359863281 0.0695343017578125 -0.256744384765625
0.0427932739257813 0.08123779296875 0.0266647338867188 0.0640640258789063
0.0775299072265625 0.0260009765625 0.197723388671875 0.057586669921875
0.0621414184570312 -0.058349609375 0.289398193359375 -0.068603515625
-0.0179061889648438 -0.0743026733398438 0.274139404296875 -0.28460693359375
-0.0430183410644531 -0.0661163330078125 0.128814697265625 -0.460845947265625
-0.0234146118164063 -0.0483665466308594 0.09259033203125 -0.458953857421875
-0.0433311462402344 -0.0449905395507813 0.134307861328125 -0.4439697265625
0.00933837890625 -0.0515289306640625 0.22808837890625 -0.29693603515625
0.041412353515625 -0.0159072875976563 0.175384521484375 -0.136093139648438
0.0431442260742188 0.0488739013671875 0.0998077392578125 -0.110649108886719
-0.0261383056640625 0.0362548828125 0.0564117431640625 -0.23699951171875
-0.0428543090820313 0.00290679931640625 0.2279052734375 -0.484283447265625
-0.0216102600097656 -0.0530166625976563 0.7388916015625 -0.42510986328125
-0.3134765625 0.19488525390625 0.32861328125 -0.376983642578125
-0.167587280273437 0.258987426757813 0.0699005126953125 -0.253250122070313
0.058074951171875 0.323394775390625 0.029632568359375 0.0602951049804688
0.214263916015625 0.16290283203125 0.173110961914063 0.04736328125
0.246719360351563 -0.0402374267578125 0.263076782226563 -0.040252685546875
0.118133544921875 -0.186279296875 0.247055053710938 -0.250152587890625
0.031097412109375 -0.234832763671875 0.120391845703125 -0.41424560546875
0.0734100341796875 -0.220108032226563 0.08837890625 -0.397674560546875
0.045379638671875 -0.235427856445313 0.125946044921875 -0.390655517578125
0.152297973632813 -0.176300048828125 0.190643310546875 -0.252883911132813
0.247772216796875 -0.03936767578125 0.130462646484375 -0.101486206054688
0.235885620117188 0.172409057617188 0.0636749267578125 -0.127655029296875
-0.00341796874999999 0.314361572265625 0.0389404296875 -0.271774291992188
-0.1607666015625 0.263961791992187 0.244873046875 -0.493988037109375
-0.285125732421875 0.170318603515625 0.7177734375 -0.42388916015625
-0.5125732421875 0.376800537109375 0.22247314453125 -0.315155029296875
-0.267486572265625 0.44970703125 0.041961669921875 -0.200607299804687
0.089385986328125 0.536712646484375 0.0398902893066406 0.0656890869140625
0.3409423828125 0.27593994140625 0.145614624023438 0.0321197509765625
0.41064453125 -0.026153564453125 0.214096069335938 -0.016448974609375
0.239425659179688 -0.280120849609375 0.184860229492188 -0.19134521484375
0.098907470703125 -0.37200927734375 0.089385986328125 -0.311767578125
0.158447265625 -0.358062744140625 0.0691070556640625 -0.276962280273438
0.126373291015625 -0.390167236328125 0.0960540771484375 -0.274673461914063
0.273391723632813 -0.275665283203125 0.118560791015625 -0.165451049804688
0.423675537109375 -0.059661865234375 0.0552406311035157 -0.0507431030273438
0.405914306640625 0.274139404296875 0.00135040283203127 -0.134330749511719
0.026519775390625 0.55999755859375 0.00653076171875003 -0.290374755859375
-0.254913330078125 0.49908447265625 0.23406982421875 -0.45050048828125
-0.51025390625 0.368133544921875 0.61370849609375 -0.35882568359375
-0.63372802734375 0.51800537109375 0.0579986572265625 -0.20184326171875
-0.31658935546875 0.60491943359375 -0.00603485107421876 -0.0970535278320312
0.14129638671875 0.69464111328125 0.0527572631835938 0.0793838500976563
0.45538330078125 0.34844970703125 0.10595703125 0.0178909301757813
0.533050537109375 -0.021514892578125 0.138748168945313 0.0107879638671875
0.32861328125 -0.344268798828125 0.0971527099609375 -0.105293273925781
0.1494140625 -0.457916259765625 0.0442352294921875 -0.1632080078125
0.220123291015625 -0.44305419921875 0.0403823852539063 -0.112686157226563
0.18621826171875 -0.484771728515625 0.0541839599609375 -0.113357543945313
0.3524169921875 -0.33135986328125 0.0274543762207031 -0.0453414916992188
0.540130615234375 -0.0714111328125 -0.0381660461425781 0.0163383483886719
0.52069091796875 0.3363037109375 -0.0739364624023438 -0.121498107910156
0.0561523437500001 0.72802734375 -0.0319976806640625 -0.279708862304687
-0.31292724609375 0.6591796875 0.19915771484375 -0.34869384765625
-0.6583251953125 0.50823974609375 0.44012451171875 -0.24017333984375
-0.66180419921875 0.58990478515625 -0.144134521484375 -0.046661376953125
-0.30926513671875 0.68597412109375 -0.0675621032714844 0.0478973388671875
0.19036865234375 0.7513427734375 0.0588531494140625 0.100173950195313
0.512664794921875 0.3623046875 0.0512199401855469 0.0124320983886719
0.58087158203125 -0.0244140625 0.0421905517578125 0.0466499328613281
0.36700439453125 -0.363433837890625 -0.00676059722900388 0.00284481048583982
0.179168701171875 -0.47509765625 -0.00867843627929686 0.0118207931518554
0.2471923828125 -0.459197998046875 0.00458145141601564 0.0683403015136718
0.21734619140625 -0.49884033203125 0.00417327880859377 0.0678024291992187
0.3748779296875 -0.329833984375 -0.0703506469726562 0.0882492065429687
0.5635986328125 -0.06280517578125 -0.13421630859375 0.0865707397460937
0.537078857421875 0.353790283203125 -0.148818969726563 -0.09197998046875
0.0574340820312501 0.76776123046875 -0.065155029296875 -0.237777709960937
-0.33050537109375 0.69927978515625 0.147613525390625 -0.20013427734375
-0.70770263671875 0.5498046875 0.224395751953125 -0.0844879150390625
-0.58746337890625 0.57269287109375 -0.3492431640625 0.128997802734375
-0.25238037109375 0.6558837890625 -0.132369995117188 0.209930419921875
0.20599365234375 0.679443359375 0.0525131225585938 0.123733520507813
0.47943115234375 0.310394287109375 -0.0119838714599609 0.0208797454833985
0.52740478515625 -0.026702880859375 -0.0584411621093749 0.0839691162109375
0.341552734375 -0.3270263671875 -0.107070922851562 0.115692138671875
0.17608642578125 -0.4202880859375 -0.05902099609375 0.187393188476562
0.234710693359375 -0.40618896484375 -0.0327911376953125 0.238433837890625
0.216796875 -0.436126708984375 -0.0485076904296875 0.238967895507812
0.3408203125 -0.269073486328125 -0.159622192382812 0.205947875976562
0.489959716796875 -0.033233642578125 -0.21417236328125 0.138198852539063
0.442291259765625 0.31854248046875 -0.203277587890625 -0.057647705078125
0.02142333984375 0.66534423828125 -0.08258056640625 -0.176437377929687
-0.3038330078125 0.59991455078125 0.0892562866210937 -0.04132080078125
-0.6441650390625 0.494873046875 0.00289916992187497 0.0747451782226563
-0.422149658203125 0.461944580078125 -0.527801513671875 0.2926025390625
-0.15911865234375 0.51104736328125 -0.19561767578125 0.35638427734375
0.171875 0.48541259765625 0.034698486328125 0.147811889648438
0.35198974609375 0.205780029296875 -0.0638809204101562 0.0395774841308594
0.376129150390625 -0.01885986328125 -0.138153076171875 0.109962463378906
0.257492065429688 -0.232513427734375 -0.183517456054687 0.208297729492187
0.144134521484375 -0.29669189453125 -0.09954833984375 0.33203125
0.185638427734375 -0.2891845703125 -0.06463623046875 0.371673583984375
0.182037353515625 -0.30670166015625 -0.095489501953125 0.371734619140625
0.255325317382813 -0.165557861328125 -0.2265625 0.284576416015625
0.337432861328125 0.009246826171875 -0.264938354492187 0.154556274414063
0.26947021484375 0.241378784179687 -0.227798461914062 -0.0351715087890625
-0.029541015625 0.452880859375 -0.0818252563476563 -0.116744995117187
-0.233062744140625 0.399993896484375 0.0318069458007812 0.0901718139648438
-0.478302001953125 0.361328125 -0.18927001953125 0.206771850585938
-0.193679809570312 0.2711181640625 -0.6534423828125 0.420166015625
-0.0439453125 0.28680419921875 -0.248046875 0.468017578125
0.109603881835937 0.216262817382812 0.0166168212890625 0.171875
0.168380737304688 0.071807861328125 -0.0862884521484375 0.0629806518554688
0.166778564453125 -0.007476806640625 -0.181106567382813 0.115768432617187
0.133377075195313 -0.100257873535156 -0.22503662109375 0.25982666015625
0.09014892578125 -0.126480102539063 -0.12420654296875 0.422271728515625
0.108833312988281 -0.128387451171875 -0.088043212890625 0.448089599609375
0.122764587402344 -0.134048461914063 -0.1292724609375 0.4462890625
0.138320922851563 -0.0452194213867188 -0.26446533203125 0.3157958984375
0.151321411132813 0.0423583984375 -0.283172607421875 0.138427734375
0.0830154418945313 0.131027221679688 -0.226791381835938 -0.0251617431640625
-0.0575408935546875 0.194656372070312 -0.070404052734375 -0.0723037719726562
-0.122634887695313 0.164871215820313 -0.0157928466796875 0.171127319335938
-0.244903564453125 0.18414306640625 -0.3223876953125 0.292388916015625
-0.0688896179199219 -0.00890731811523437 0.343841552734375 -0.38873291015625
-0.0368309020996094 0.0542564392089844 0.061492919921875 -0.256072998046875
0.0440444946289062 0.0774993896484375 0.0285987854003906 0.0596389770507813
0.076873779296875 0.0244140625 0.192459106445313 0.051300048828125
0.059112548828125 -0.057098388671875 0.280548095703125 -0.0717620849609375
-0.0199813842773437 -0.0703048706054688 0.265106201171875 -0.284149169921875
-0.0433464050292969 -0.062591552734375 0.1151123046875 -0.455230712890625
-0.0234756469726562 -0.0460662841796875 0.0780029296875 -0.4532470703125
-0.0436172485351563 -0.0403251647949219 0.11834716796875 -0.440765380859375
0.00676345825195313 -0.0493507385253906 0.218292236328125 -0.29803466796875
0.0402793884277344 -0.015533447265625 0.169570922851563 -0.134674072265625
0.0440788269042969 0.0466079711914063 0.0935821533203125 -0.110916137695312
-0.0271797180175781 0.0348358154296875 0.0475006103515625 -0.233489990234375
-0.0411148071289063 0.00256347656250001 0.209625244140625 -0.475799560546875
-0.0202522277832031 -0.0509452819824219 0.7125244140625 -0.42315673828125
-0.30120849609375 0.196502685546875 0.3131103515625 -0.377105712890625
-0.158981323242187 0.256240844726563 0.0606231689453125 -0.252471923828125
0.066131591796875 0.313629150390625 0.0331306457519531 0.0547904968261719
0.213912963867187 0.155609130859375 0.168701171875 0.04144287109375
0.23956298828125 -0.0442047119140625 0.255645751953125 -0.044342041015625
0.109725952148438 -0.181686401367188 0.238433837890625 -0.248870849609375
0.02484130859375 -0.22796630859375 0.107696533203125 -0.4095458984375
0.068115234375 -0.2171630859375 0.075714111328125 -0.394561767578125
0.03814697265625 -0.228912353515625 0.111297607421875 -0.387908935546875
0.144515991210938 -0.173614501953125 0.18341064453125 -0.253433227539063
0.241226196289063 -0.043121337890625 0.12744140625 -0.100166320800781
0.235763549804687 0.163436889648437 0.0578994750976563 -0.126472473144531
0.00231933593749998 0.308868408203125 0.0301971435546875 -0.26531982421875
-0.152587890625 0.259567260742188 0.228118896484375 -0.484283447265625
-0.27471923828125 0.173721313476563 0.6922607421875 -0.421875
-0.491119384765625 0.381134033203125 0.20831298828125 -0.3148193359375
-0.253021240234375 0.443817138671875 0.03363037109375 -0.199493408203125
0.101531982421875 0.522552490234375 0.0445938110351563 0.0590095520019532
0.33953857421875 0.263153076171875 0.14154052734375 0.0272674560546875
0.399505615234375 -0.034881591796875 0.208648681640625 -0.0207061767578125
0.226516723632813 -0.275466918945313 0.178817749023438 -0.189559936523438
0.088134765625 -0.362884521484375 0.078582763671875 -0.308349609375
0.148040771484375 -0.355743408203125 0.06048583984375 -0.275299072265625
0.11248779296875 -0.381744384765625 0.086700439453125 -0.27294921875
0.260162353515625 -0.273971557617188 0.114654541015625 -0.165725708007813
0.413360595703125 -0.066619873046875 0.05523681640625 -0.0488204956054688
0.406768798828125 0.26019287109375 -0.00297546386718747 -0.132598876953125
0.037750244140625 0.5509033203125 -0.00177001953124997 -0.281982421875
-0.242919921875 0.4921875 0.219390869140625 -0.44110107421875
-0.493316650390625 0.373565673828125 0.59234619140625 -0.35784912109375
-0.60955810546875 0.521484375 0.0497283935546875 -0.201141357421875
-0.29962158203125 0.60101318359375 -0.0119781494140625 -0.0958786010742187
0.15789794921875 0.67529296875 0.057373046875 0.0711593627929688
0.453460693359375 0.330810546875 0.103553771972656 0.013336181640625
0.52020263671875 -0.032623291015625 0.136703491210938 0.0059967041015625
0.311553955078125 -0.341278076171875 0.0926895141601563 -0.103950500488281
0.137237548828125 -0.447845458984375 0.0367889404296875 -0.161529541015625
0.20623779296875 -0.44012451171875 0.0366592407226563 -0.113357543945313
0.168975830078125 -0.47509765625 0.0511016845703125 -0.113166809082031
0.336700439453125 -0.331268310546875 0.0273895263671875 -0.045654296875
0.526336669921875 -0.08087158203125 -0.0345821380615234 0.0183029174804687
0.519378662109375 0.319366455078125 -0.0763320922851562 -0.118675231933594
0.0704345703125 0.71533203125 -0.038665771484375 -0.269927978515625
-0.2978515625 0.6505126953125 0.189483642578125 -0.342620849609375
-0.636962890625 0.51220703125 0.425079345703125 -0.238433837890625
-0.63677978515625 0.59271240234375 -0.144195556640625 -0.0453643798828125
-0.293212890625 0.679931640625 -0.0685043334960938 0.0483551025390626
0.20623779296875 0.73101806640625 0.0640792846679688 0.0919799804687501
0.5093994140625 0.343353271484375 0.0504493713378907 0.00936889648437502
0.5675048828125 -0.03961181640625 0.0428619384765625 0.0417098999023438
0.348480224609375 -0.36328125 -0.00717830657958982 0.0047636032104492
0.164215087890625 -0.465301513671875 -0.0102214813232422 0.0125970840454101
0.233001708984375 -0.457977294921875 0.00635910034179689 0.0655975341796875
0.199310302734375 -0.4915771484375 0.00731277465820314 0.0664100646972656
0.3587646484375 -0.3297119140625 -0.0655059814453125 0.0881881713867187
0.549713134765625 -0.0732421875 -0.128150939941406 0.0882339477539063
0.534515380859375 0.333526611328125 -0.148666381835937 -0.0877532958984375
0.0736083984374999 0.75567626953125 -0.069183349609375 -0.227386474609375
-0.31317138671875 0.688232421875 0.142303466796875 -0.197296142578125
-0.68389892578125 0.55609130859375 0.218307495117187 -0.083709716796875
-0.56292724609375 0.5753173828125 -0.340423583984375 0.130279541015625
-0.23675537109375 0.65057373046875 -0.128219604492187 0.208953857421875
0.2186279296875 0.6614990234375 0.0577926635742188 0.115737915039063
0.477569580078125 0.29254150390625 -0.0098915100097656 0.0188007354736328
0.51483154296875 -0.03955078125 -0.05450439453125 0.0800399780273437
0.325439453125 -0.32598876953125 -0.103950500488281 0.118019104003906
0.162384033203125 -0.41107177734375 -0.0556793212890625 0.18585205078125
0.220947265625 -0.4056396484375 -0.02490234375 0.234237670898437
0.200042724609375 -0.430908203125 -0.038848876953125 0.2359619140625
0.326812744140625 -0.26898193359375 -0.150787353515625 0.206100463867187
0.4754638671875 -0.042022705078125 -0.205459594726562 0.139480590820313
0.442047119140625 0.3026123046875 -0.200332641601562 -0.0532379150390625
0.03607177734375 0.65545654296875 -0.085052490234375 -0.167221069335937
-0.28814697265625 0.5926513671875 0.0885848999023438 -0.0415878295898437
-0.62176513671875 0.50048828125 0.00606536865234372 0.074188232421875
-0.4049072265625 0.46087646484375 -0.51214599609375 0.29595947265625
-0.148345947265625 0.505859375 -0.18572998046875 0.354827880859375
0.179168701171875 0.474090576171875 0.039947509765625 0.140884399414063
0.348663330078125 0.194427490234375 -0.0600624084472656 0.0382881164550781
0.369232177734375 -0.0281982421875 -0.13201904296875 0.106956481933594
0.246063232421875 -0.233078002929687 -0.17822265625 0.209671020507813
0.13372802734375 -0.291717529296875 -0.09124755859375 0.32965087890625
0.175445556640625 -0.289459228515625 -0.053375244140625 0.365875244140625
0.169586181640625 -0.304107666015625 -0.08135986328125 0.36785888671875
0.244857788085938 -0.166976928710938 -0.21539306640625 0.28509521484375
0.32763671875 0.0010986328125 -0.254714965820313 0.15570068359375
0.269943237304687 0.229324340820313 -0.223129272460937 -0.0292816162109375
-0.016876220703125 0.446136474609375 -0.0818557739257812 -0.109916687011719
-0.221893310546875 0.3955078125 0.0359420776367187 0.0867538452148438
-0.46417236328125 0.3670654296875 -0.178726196289062 0.205581665039063
-0.186355590820313 0.27130126953125 -0.63134765625 0.42205810546875
-0.039306640625 0.283203125 -0.234466552734375 0.465545654296875
0.11065673828125 0.210540771484375 0.0200653076171875 0.166763305664063
0.165435791015625 0.06719970703125 -0.0814056396484375 0.0623855590820313
0.163192749023437 -0.01190185546875 -0.174270629882813 0.113128662109375
0.128395080566406 -0.10162353515625 -0.217391967773438 0.260238647460938
0.0857315063476562 -0.125320434570312 -0.11309814453125 0.419342041015625
0.103591918945312 -0.129768371582031 -0.07391357421875 0.4422607421875
0.115745544433594 -0.134635925292969 -0.111724853515625 0.441131591796875
0.133537292480469 -0.0472259521484375 -0.252227783203125 0.316802978515625
0.147598266601563 0.036468505859375 -0.273757934570313 0.139907836914062
0.0843734741210938 0.126060485839844 -0.22119140625 -0.01922607421875
-0.0498046875 0.193405151367187 -0.0698051452636719 -0.0673255920410156
-0.117507934570313 0.163818359375 -0.0089111328125 0.166152954101563
-0.238037109375 0.186874389648438 -0.306549072265625 0.29071044921875
-0.0678024291992188 -0.00952911376953125 0.339691162109375 -0.390594482421875
-0.0360565185546875 0.0530738830566406 0.0571136474609375 -0.258804321289063
0.0459671020507812 0.0747909545898438 0.0297431945800781 0.0569953918457031
0.07806396484375 0.0228729248046875 0.191116333007813 0.0485687255859375
0.0574874877929687 -0.0568351745605469 0.278533935546875 -0.0712432861328125
-0.0207710266113281 -0.06793212890625 0.263916015625 -0.286285400390625
-0.0433273315429688 -0.0610542297363281 0.109466552734375 -0.456024169921875
-0.0231552124023438 -0.0453147888183594 0.07086181640625 -0.4559326171875
-0.0432968139648437 -0.0371513366699219 0.11126708984375 -0.44305419921875
0.0054931640625 -0.0485458374023438 0.216644287109375 -0.3016357421875
0.0404014587402344 -0.0153083801269531 0.169189453125 -0.133621215820313
0.0452384948730469 0.0454597473144531 0.090362548828125 -0.111907958984375
-0.0288009643554687 0.0344696044921875 0.043060302734375 -0.233184814453125
-0.0397148132324219 0.00194549560546875 0.20367431640625 -0.472625732421875
-0.0179634094238281 -0.0504226684570313 0.70458984375 -0.42108154296875
-0.297943115234375 0.196868896484375 0.307464599609375 -0.381195068359375
-0.15673828125 0.256195068359375 0.0556793212890625 -0.254470825195313
0.069732666015625 0.309967041015625 0.0354118347167969 0.050537109375
0.215499877929688 0.15289306640625 0.166717529296875 0.038970947265625
0.236602783203125 -0.0458526611328125 0.2545166015625 -0.0454864501953125
0.106735229492188 -0.179275512695313 0.238311767578125 -0.250106811523438
0.0234222412109375 -0.225906372070312 0.101348876953125 -0.410430908203125
0.066650390625 -0.217498779296875 0.06939697265625 -0.397857666015625
0.0355072021484375 -0.225967407226563 0.105560302734375 -0.39117431640625
0.141311645507813 -0.172515869140625 0.182403564453125 -0.256698608398438
0.240005493164063 -0.04388427734375 0.128547668457031 -0.0997848510742188
0.23809814453125 0.160842895507812 0.0541000366210938 -0.127952575683594
0.00360107421875003 0.3099365234375 0.0258636474609375 -0.263351440429687
-0.150665283203125 0.259918212890625 0.22320556640625 -0.48150634765625
-0.271835327148438 0.176986694335937 0.687255859375 -0.41864013671875
-0.48675537109375 0.3818359375 0.20391845703125 -0.317596435546875
-0.2496337890625 0.446563720703125 0.0287017822265625 -0.2015380859375
0.107635498046875 0.518646240234375 0.0480079650878906 0.0531768798828125
0.341033935546875 0.259002685546875 0.140037536621094 0.0241012573242188
0.396331787109375 -0.03839111328125 0.207778930664063 -0.0234375
0.221939086914063 -0.27325439453125 0.177978515625 -0.189682006835938
0.085052490234375 -0.359954833984375 0.073486328125 -0.309600830078125
0.145294189453125 -0.35833740234375 0.055816650390625 -0.27789306640625
0.10821533203125 -0.3798828125 0.0836181640625 -0.276092529296875
0.256591796875 -0.2735595703125 0.114715576171875 -0.1683349609375
0.41143798828125 -0.0694580078125 0.057403564453125 -0.0475540161132813
0.409942626953125 0.254425048828125 -0.00590515136718746 -0.133209228515625
0.0428771972656249 0.552398681640625 -0.00540161132812498 -0.2784423828125
-0.241607666015625 0.492462158203125 0.215362548828125 -0.439971923828125
-0.490203857421875 0.378692626953125 0.58892822265625 -0.35430908203125
-0.6015625 0.52520751953125 0.0449371337890625 -0.203155517578125
-0.29541015625 0.6033935546875 -0.0156936645507813 -0.096649169921875
0.16387939453125 0.6717529296875 0.0611343383789063 0.0644493103027344
0.455780029296875 0.326507568359375 0.102134704589844 0.0106430053710938
0.517364501953125 -0.0386962890625 0.135986328125 0.00342559814453125
0.30621337890625 -0.34051513671875 0.0923919677734375 -0.102745056152344
0.132080078125 -0.44610595703125 0.0336761474609375 -0.161651611328125
0.202301025390625 -0.444305419921875 0.0345611572265625 -0.115676879882813
0.1627197265625 -0.474395751953125 0.0507278442382812 -0.11627197265625
0.3323974609375 -0.33062744140625 0.0288734436035156 -0.0472183227539063
0.523101806640625 -0.083953857421875 -0.0321903228759765 0.01947021484375
0.52447509765625 0.31341552734375 -0.0790863037109374 -0.118942260742188
0.0775146484375 0.71710205078125 -0.04107666015625 -0.265655517578125
-0.29571533203125 0.6502685546875 0.187530517578125 -0.3404541015625
-0.6331787109375 0.51739501953125 0.424102783203125 -0.236480712890625
-0.62939453125 0.59747314453125 -0.146530151367188 -0.0455322265625
-0.2867431640625 0.6827392578125 -0.0701637268066406 0.0489044189453125
0.2154541015625 0.728271484375 0.068115234375 0.0851669311523438
0.51312255859375 0.33734130859375 0.0511627197265625 0.00704193115234377
0.5645751953125 -0.045654296875 0.0439529418945313 0.0381355285644531
0.341827392578125 -0.362060546875 -0.00727176666259763 0.0068082809448242
0.158782958984375 -0.463409423828125 -0.0123529434204101 0.0123376846313476
0.227081298828125 -0.462493896484375 0.00783538818359377 0.06402587890625
0.192413330078125 -0.491119384765625 0.0104560852050781 0.0652847290039062
0.355682373046875 -0.33013916015625 -0.0633697509765625 0.08795166015625
0.5455322265625 -0.078948974609375 -0.124542236328125 0.089447021484375
0.53839111328125 0.326568603515625 -0.149795532226562 -0.0880889892578125
0.0816650390625 0.75665283203125 -0.0710296630859375 -0.222381591796875
-0.30999755859375 0.6884765625 0.142486572265625 -0.196548461914062
-0.68035888671875 0.5626220703125 0.218795776367187 -0.0823211669921875
-0.5567626953125 0.58001708984375 -0.340728759765625 0.132354736328125
-0.23175048828125 0.6549072265625 -0.127227783203125 0.2110595703125
0.22711181640625 0.65936279296875 0.0613250732421875 0.110450744628906
0.47918701171875 0.28839111328125 -0.00891971588134763 0.0165290832519531
0.514068603515625 -0.045379638671875 -0.0531768798828125 0.0764236450195313
0.321075439453125 -0.327362060546875 -0.103729248046875 0.120773315429687
0.158050537109375 -0.41046142578125 -0.0554351806640625 0.187469482421875
0.216064453125 -0.40966796875 -0.021697998046875 0.233810424804687
0.19342041015625 -0.430999755859375 -0.033416748046875 0.235122680664062
0.322357177734375 -0.27008056640625 -0.147491455078125 0.20703125
0.471771240234375 -0.04632568359375 -0.2020263671875 0.140792846679688
0.442962646484375 0.296966552734375 -0.200790405273437 -0.052093505859375
0.0450439453125 0.65679931640625 -0.0851287841796875 -0.163314819335937
-0.2857666015625 0.5916748046875 0.0911331176757812 -0.0423126220703125
-0.61981201171875 0.5072021484375 0.00762939453124997 0.0749130249023438
-0.402374267578125 0.4652099609375 -0.5091552734375 0.298065185546875
-0.145050048828125 0.51123046875 -0.182861328125 0.357940673828125
0.184478759765625 0.472808837890625 0.0425262451171875 0.137336730957031
0.349517822265625 0.191680908203125 -0.0579109191894531 0.0373497009277344
0.36798095703125 -0.03289794921875 -0.130577087402344 0.103851318359375
0.242904663085938 -0.234054565429688 -0.17816162109375 0.212554931640625
0.131011962890625 -0.291778564453125 -0.0885009765625 0.332000732421875
0.17218017578125 -0.29290771484375 -0.04730224609375 0.36724853515625
0.165435791015625 -0.30511474609375 -0.073211669921875 0.367828369140625
0.242630004882812 -0.167617797851562 -0.212158203125 0.287139892578125
0.324859619140625 -0.00164794921875 -0.251983642578125 0.157012939453125
0.271286010742188 0.225997924804688 -0.221771240234375 -0.0275726318359374
-0.0103759765625 0.44781494140625 -0.0814056396484375 -0.106468200683594
-0.219757080078125 0.396270751953125 0.0393600463867187 0.085296630859375
-0.4625244140625 0.3714599609375 -0.17523193359375 0.204788208007813
-0.1865234375 0.27288818359375 -0.625732421875 0.42535400390625
-0.039093017578125 0.283721923828125 -0.230072021484375 0.468414306640625
0.111358642578125 0.21112060546875 0.022247314453125 0.164962768554688
0.16455078125 0.0671844482421875 -0.078765869140625 0.0616989135742188
0.163711547851562 -0.0139007568359375 -0.17303466796875 0.111282348632813
0.127738952636719 -0.103141784667969 -0.218414306640625 0.2633056640625
0.084564208984375 -0.125823974609375 -0.10791015625 0.422088623046875
0.101226806640625 -0.131599426269531 -0.067291259765625 0.4453125
0.113433837890625 -0.136062622070313 -0.104034423828125 0.44091796875
0.132232666015625 -0.0480422973632813 -0.248382568359375 0.318756103515625
0.145904541015625 0.034637451171875 -0.272140502929688 0.1414794921875
0.085784912109375 0.123542785644531 -0.21905517578125 -0.0159149169921875
-0.045196533203125 0.194442749023438 -0.0691680908203125 -0.064727783203125
-0.1156005859375 0.163604736328125 -0.0045928955078125 0.163803100585938
-0.238525390625 0.189956665039062 -0.301971435546875 0.289825439453125
-0.0689697265625 -0.00951385498046875 0.3392333984375 -0.404052734375
-0.0361976623535156 0.0527305603027344 0.0512237548828125 -0.2667236328125
0.0479278564453125 0.07281494140625 0.0315170288085937 0.0556068420410156
0.0804290771484375 0.0216598510742187 0.193283081054688 0.0454559326171875
0.056671142578125 -0.0589447021484375 0.28369140625 -0.076446533203125
-0.0234031677246094 -0.0675506591796875 0.266845703125 -0.296722412109375
-0.0453834533691406 -0.0606155395507812 0.10211181640625 -0.46856689453125
-0.0237388610839844 -0.0455703735351563 0.060791015625 -0.469451904296875
-0.0442466735839844 -0.034637451171875 0.10284423828125 -0.456085205078125
0.00371932983398437 -0.0481834411621094 0.2176513671875 -0.315032958984375
0.0414619445800781 -0.0161552429199219 0.171875 -0.137603759765625
0.0473823547363281 0.0444602966308594 0.087921142578125 -0.116119384765625
-0.0307464599609375 0.0358924865722656 0.036956787109375 -0.238021850585937
-0.0395050048828125 0.00167465209960938 0.200347900390625 -0.481964111328125
-0.0167655944824219 -0.0511474609375 0.71331787109375 -0.43316650390625
-0.300018310546875 0.205322265625 0.305267333984375 -0.39373779296875
-0.156204223632813 0.263381958007813 0.0495147705078125 -0.262100219726563
0.077850341796875 0.312744140625 0.037994384765625 0.0464553833007813
0.221969604492188 0.152145385742187 0.168563842773438 0.0361480712890625
0.239547729492188 -0.0512847900390625 0.259231567382812 -0.0498199462890625
0.104705810546875 -0.181930541992188 0.240524291992188 -0.25927734375
0.0204010009765625 -0.229339599609375 0.09466552734375 -0.42181396484375
0.0650634765625 -0.224502563476563 0.061187744140625 -0.409942626953125
0.0325927734375 -0.228668212890625 0.098907470703125 -0.40362548828125
0.141021728515625 -0.178085327148438 0.18377685546875 -0.2686767578125
0.244796752929688 -0.049072265625 0.131942749023438 -0.102432250976563
0.247039794921875 0.15850830078125 0.0507049560546875 -0.132858276367188
0.00848388671875003 0.317474365234375 0.0201873779296875 -0.267990112304688
-0.15093994140625 0.2664794921875 0.2196044921875 -0.490692138671875
-0.2738037109375 0.185699462890625 0.69451904296875 -0.4307861328125
-0.489044189453125 0.397186279296875 0.2008056640625 -0.32818603515625
-0.247955322265625 0.459991455078125 0.0222015380859375 -0.20758056640625
0.12066650390625 0.52325439453125 0.0510787963867188 0.0483055114746094
0.35260009765625 0.258209228515625 0.141555786132813 0.0205841064453125
0.402496337890625 -0.046417236328125 0.211807250976563 -0.027313232421875
0.220108032226563 -0.279876708984375 0.18060302734375 -0.19696044921875
0.080841064453125 -0.366943359375 0.066650390625 -0.317840576171875
0.142547607421875 -0.370330810546875 0.05047607421875 -0.287750244140625
0.102783203125 -0.38751220703125 0.07958984375 -0.28668212890625
0.2568359375 -0.28204345703125 0.115432739257813 -0.176162719726563
0.41900634765625 -0.077850341796875 0.060577392578125 -0.0489425659179688
0.42510986328125 0.25177001953125 -0.0100631713867187 -0.137893676757813
0.05389404296875 0.56536865234375 -0.010406494140625 -0.28173828125
-0.240020751953125 0.50555419921875 0.21405029296875 -0.448272705078125
-0.494537353515625 0.3968505859375 0.5966796875 -0.364501953125
-0.604736328125 0.54388427734375 0.0407867431640625 -0.208663940429687
-0.2919921875 0.62030029296875 -0.0207443237304688 -0.0998687744140625
0.183349609375 0.68048095703125 0.0654678344726563 0.05926513671875
0.47003173828125 0.32476806640625 0.104454040527344 0.00755310058593752
0.52642822265625 -0.05059814453125 0.139297485351563 -0.000518798828125003
0.30560302734375 -0.34979248046875 0.09423828125 -0.106475830078125
0.126983642578125 -0.455413818359375 0.0281219482421875 -0.166351318359375
0.197998046875 -0.460052490234375 0.0324325561523438 -0.121147155761719
0.15625 -0.48541259765625 0.050537109375 -0.122459411621094
0.332855224609375 -0.342376708984375 0.0297279357910156 -0.0497779846191406
0.531768798828125 -0.09466552734375 -0.0292339324951172 0.0205936431884766
0.54168701171875 0.311859130859375 -0.0843276977539062 -0.12249755859375
0.0931396484374999 0.73486328125 -0.046478271484375 -0.267074584960938
-0.2938232421875 0.6695556640625 0.18798828125 -0.34857177734375
-0.64044189453125 0.54168701171875 0.43060302734375 -0.2442626953125
-0.63055419921875 0.62152099609375 -0.15155029296875 -0.044586181640625
-0.282958984375 0.7054443359375 -0.0732040405273438 0.0502471923828125
0.23602294921875 0.73809814453125 0.0727386474609375 0.080108642578125
0.529205322265625 0.336669921875 0.0521278381347657 0.00386428833007815
0.576416015625 -0.060302734375 0.0453529357910157 0.0354957580566406
0.342437744140625 -0.374267578125 -0.00695371627807615 0.00794553756713865
0.153228759765625 -0.473358154296875 -0.015162467956543 0.0130338668823242
0.2242431640625 -0.48016357421875 0.00943756103515626 0.0638885498046875
0.18597412109375 -0.504058837890625 0.0142364501953125 0.0632514953613281
0.3568115234375 -0.342803955078125 -0.06256103515625 0.0907516479492187
0.55340576171875 -0.088653564453125 -0.123039245605469 0.0931625366210937
0.5556640625 0.325347900390625 -0.155364990234375 -0.0886840820312499
0.10040283203125 0.77276611328125 -0.0749664306640625 -0.222885131835937
-0.30908203125 0.70703125 0.145294189453125 -0.2020263671875
-0.689208984375 0.5867919921875 0.223907470703125 -0.0849609375
-0.56121826171875 0.602294921875 -0.34674072265625 0.13946533203125
-0.22808837890625 0.675537109375 -0.127182006835938 0.218597412109375
0.24530029296875 0.67010498046875 0.0668106079101563 0.106887817382813
0.493438720703125 0.287445068359375 -0.00723266601562497 0.0152425765991211
0.523712158203125 -0.058258056640625 -0.0534820556640625 0.075469970703125
0.321990966796875 -0.338226318359375 -0.1051025390625 0.126129150390625
0.154937744140625 -0.419708251953125 -0.054901123046875 0.1932373046875
0.213134765625 -0.426727294921875 -0.0164337158203125 0.238571166992187
0.189117431640625 -0.443328857421875 -0.0262451171875 0.238800048828125
0.32391357421875 -0.279998779296875 -0.1461181640625 0.214401245117188
0.478912353515625 -0.0546875 -0.202041625976562 0.145980834960938
0.458740234375 0.294189453125 -0.205780029296875 -0.0510101318359375
0.0604248046875 0.67138671875 -0.08740234375 -0.162002563476562
-0.2852783203125 0.609375 0.0952835083007812 -0.045562744140625
-0.6265869140625 0.530517578125 0.010284423828125 0.07647705078125
-0.4034423828125 0.48223876953125 -0.514892578125 0.310211181640625
-0.1405029296875 0.52508544921875 -0.180450439453125 0.3699951171875
0.196685791015625 0.48138427734375 0.0468292236328125 0.136444091796875
0.360015869140625 0.19036865234375 -0.056427001953125 0.0373573303222656
0.375885009765625 -0.041748046875 -0.132308959960937 0.104354858398438
0.244491577148438 -0.243026733398438 -0.180511474609375 0.22186279296875
0.128875732421875 -0.29840087890625 -0.0858154296875 0.34222412109375
0.16986083984375 -0.305633544921875 -0.0394897460937499 0.37689208984375
0.162353515625 -0.314605712890625 -0.063812255859375 0.37579345703125
0.244522094726563 -0.1741943359375 -0.211029052734375 0.29766845703125
0.329376220703125 -0.0076904296875 -0.253631591796875 0.163055419921875
0.281341552734375 0.225189208984375 -0.226287841796875 -0.0247802734375
0.000671386718749989 0.45831298828125 -0.0829620361328125 -0.104385375976563
-0.220794677734375 0.40704345703125 0.0451202392578125 0.0839462280273438
-0.467864990234375 0.3873291015625 -0.174835205078125 0.210113525390625
-0.187164306640625 0.2833251953125 -0.6295166015625 0.44134521484375
-0.036407470703125 0.2921142578125 -0.225341796875 0.483489990234375
0.116867065429688 0.216827392578125 0.0253753662109375 0.167312622070313
0.168792724609375 0.066650390625 -0.0772552490234375 0.0627899169921875
0.167434692382813 -0.0171051025390625 -0.175857543945312 0.11273193359375
0.128608703613281 -0.108253479003906 -0.221786499023438 0.274810791015625
0.0839309692382812 -0.128936767578125 -0.10296630859375 0.43597412109375
0.100685119628906 -0.138496398925781 -0.057098388671875 0.457244873046875
0.11273193359375 -0.142471313476562 -0.09478759765625 0.453765869140625
0.134368896484375 -0.0509567260742188 -0.248077392578125 0.33148193359375
0.147735595703125 0.03240966796875 -0.274398803710938 0.147293090820313
0.0892562866210938 0.123954772949219 -0.222702026367188 -0.0128631591796875
-0.0399322509765625 0.200042724609375 -0.0694580078125 -0.0634880065917969
-0.115921020507813 0.169357299804687 0.000747680664062506 0.16510009765625
-0.242156982421875 0.19921875 -0.30194091796875 0.297332763671875
-0.0712890625 -0.00711059570312498 0.332000732421875 -0.427642822265625
-0.0357780456542969 0.0540237426757812 0.039337158203125 -0.276947021484375
0.0509529113769531 0.0701866149902344 0.0343208312988281 0.053375244140625
0.083251953125 0.0181350708007813 0.197418212890625 0.0381927490234375
0.0542030334472656 -0.0623207092285156 0.2882080078125 -0.087554931640625
-0.0277519226074219 -0.0657081604003906 0.264007568359375 -0.31683349609375
-0.0491561889648437 -0.0597267150878906 0.085723876953125 -0.485198974609375
-0.0252265930175781 -0.0458602905273437 0.039459228515625 -0.485992431640625
-0.0459747314453125 -0.0315437316894531 0.08251953125 -0.474090576171875
0.00174713134765625 -0.0490570068359375 0.212249755859375 -0.335235595703125
0.0424346923828125 -0.0184707641601563 0.172943115234375 -0.146408081054688
0.0513763427734375 0.0427932739257813 0.0828628540039063 -0.122238159179688
-0.0311164855957031 0.0384788513183594 0.0257110595703125 -0.245086669921875
-0.0389289855957031 0.00233078002929687 0.18609619140625 -0.4969482421875
-0.017242431640625 -0.0525245666503906 0.71435546875 -0.46392822265625
-0.29931640625 0.22100830078125 0.296539306640625 -0.415069580078125
-0.150009155273438 0.274627685546875 0.036224365234375 -0.2720947265625
0.09222412109375 0.314849853515625 0.04107666015625 0.0422821044921875
0.233505249023438 0.146530151367188 0.172073364257813 0.0289154052734375
0.242156982421875 -0.0619354248046875 0.263442993164062 -0.0609588623046875
0.0992279052734375 -0.188079833984375 0.238967895507812 -0.276870727539063
0.0120697021484375 -0.233718872070312 0.0772705078125 -0.437957763671875
0.0579833984375 -0.234664916992188 0.042999267578125 -0.425384521484375
0.025054931640625 -0.234054565429688 0.08221435546875 -0.421112060546875
0.13702392578125 -0.186630249023438 0.1785888671875 -0.286041259765625
0.249908447265625 -0.059844970703125 0.133949279785156 -0.108734130859375
0.261688232421875 0.152328491210937 0.0438385009765625 -0.138877868652344
0.0218505859375 0.32757568359375 0.00843811035156252 -0.273895263671875
-0.14532470703125 0.2789306640625 0.2071533203125 -0.50775146484375
-0.27276611328125 0.201492309570312 0.6990966796875 -0.46258544921875
-0.484649658203125 0.42431640625 0.190765380859375 -0.34368896484375
-0.23724365234375 0.480804443359375 0.0112762451171875 -0.214370727539062
0.14617919921875 0.5303955078125 0.0547561645507813 0.0414695739746094
0.370941162109375 0.250579833984375 0.14410400390625 0.013885498046875
0.41015625 -0.064697265625 0.216278076171875 -0.0368499755859375
0.213348388671875 -0.293548583984375 0.178970336914063 -0.209823608398438
0.068939208984375 -0.3773193359375 0.052001953125 -0.329437255859375
0.130950927734375 -0.3890380859375 0.037261962890625 -0.30010986328125
0.0900878906249999 -0.400054931640625 0.0682373046875 -0.301239013671875
0.25152587890625 -0.29779052734375 0.11273193359375 -0.1881103515625
0.4261474609375 -0.09613037109375 0.0633430480957032 -0.0517387390136719
0.44635009765625 0.241302490234375 -0.018768310546875 -0.14276123046875
0.0799560546875 0.58111572265625 -0.021881103515625 -0.285797119140625
-0.2296142578125 0.526702880859375 0.203826904296875 -0.46435546875
-0.4912109375 0.4263916015625 0.59881591796875 -0.3929443359375
-0.59765625 0.58123779296875 0.0316314697265625 -0.215042114257813
-0.27484130859375 0.6497802734375 -0.0283126831054688 -0.102188110351562
0.21563720703125 0.6876220703125 0.0708847045898438 0.0516510009765625
0.49505615234375 0.314208984375 0.107040405273438 0.00156402587890627
0.53717041015625 -0.074951171875 0.143142700195313 -0.007720947265625
0.297821044921875 -0.368743896484375 0.093231201171875 -0.11248779296875
0.11248779296875 -0.469329833984375 0.018798828125 -0.170867919921875
0.185089111328125 -0.484588623046875 0.0272674560546875 -0.127685546875
0.141204833984375 -0.5030517578125 0.0472869873046875 -0.131721496582031
0.32672119140625 -0.361785888671875 0.0292549133300781 -0.0535392761230469
0.540557861328125 -0.116668701171875 -0.0263404846191406 0.0222015380859375
0.5692138671875 0.2958984375 -0.0935745239257812 -0.124061584472656
0.128173828125 0.75347900390625 -0.05657958984375 -0.26971435546875
-0.280029296875 0.697021484375 0.18157958984375 -0.3624267578125
-0.6370849609375 0.58306884765625 0.43377685546875 -0.262359619140625
-0.62445068359375 0.659912109375 -0.15838623046875 -0.041107177734375
-0.26153564453125 0.73565673828125 -0.074859619140625 0.0548171997070313
0.27325439453125 0.74713134765625 0.0792160034179688 0.0733413696289063
0.557342529296875 0.3226318359375 0.0545654296875 0.000164031982421895
0.5870361328125 -0.0867919921875 0.0479545593261719 0.0318450927734375
0.334686279296875 -0.394866943359375 -0.00688934326171873 0.00893688201904295
0.139892578125 -0.489044189453125 -0.0178413391113281 0.0159988403320312
0.209381103515625 -0.506072998046875 0.0126190185546875 0.06378173828125
0.170135498046875 -0.525360107421875 0.0187950134277344 0.0602569580078125
0.351593017578125 -0.362548828125 -0.0595855712890625 0.0952072143554687
0.56292724609375 -0.11126708984375 -0.119743347167969 0.0996932983398437
0.58624267578125 0.309814453125 -0.165054321289062 -0.0863494873046875
0.13629150390625 0.79229736328125 -0.0826263427734375 -0.222625732421875
-0.29376220703125 0.73675537109375 0.14404296875 -0.213272094726562
-0.68475341796875 0.63165283203125 0.227340698242187 -0.094512939453125
-0.5523681640625 0.63897705078125 -0.3502197265625 0.1551513671875
-0.2071533203125 0.70343017578125 -0.122695922851563 0.2296142578125
0.28076171875 0.6790771484375 0.073516845703125 0.102272033691406
0.518707275390625 0.274444580078125 -0.00523757934570309 0.013728141784668
0.535430908203125 -0.081817626953125 -0.0521240234375 0.0765838623046875
0.315582275390625 -0.35986328125 -0.103897094726563 0.135223388671875
0.14190673828125 -0.4359130859375 -0.0501708984375 0.202682495117187
0.2000732421875 -0.449371337890625 -0.00483703613281249 0.245223999023437
0.1744384765625 -0.463043212890625 -0.0137176513671875 0.242965698242188
0.320831298828125 -0.298431396484375 -0.140762329101562 0.22637939453125
0.487884521484375 -0.07440185546875 -0.199478149414062 0.1571044921875
0.4822998046875 0.28399658203125 -0.213943481445312 -0.0455322265624999
0.09295654296875 0.68878173828125 -0.0937652587890625 -0.160140991210937
-0.271240234375 0.63323974609375 0.09942626953125 -0.0516510009765625
-0.62506103515625 0.57025146484375 0.0141525268554687 0.0773696899414063
-0.39703369140625 0.51055908203125 -0.5159912109375 0.337188720703125
-0.123809814453125 0.546356201171875 -0.169830322265625 0.387542724609375
0.222381591796875 0.48834228515625 0.05487060546875 0.136199951171875
0.3763427734375 0.183013916015625 -0.053680419921875 0.0387916564941407
0.385345458984375 -0.05914306640625 -0.132797241210938 0.109275817871094
0.2408447265625 -0.25885009765625 -0.178298950195313 0.236099243164062
0.121734619140625 -0.310150146484375 -0.074615478515625 0.3582763671875
0.16033935546875 -0.323089599609375 -0.0216064453125 0.38909912109375
0.1529541015625 -0.33099365234375 -0.04571533203125 0.386688232421875
0.243865966796875 -0.18695068359375 -0.204254150390625 0.315521240234375
0.33544921875 -0.0205078125 -0.25335693359375 0.176101684570313
0.29791259765625 0.219818115234375 -0.23309326171875 -0.0170440673828125
0.022064208984375 0.471405029296875 -0.0860824584960937 -0.102203369140625
-0.211883544921875 0.423675537109375 0.0521621704101562 0.0816192626953125
-0.4678955078125 0.419036865234375 -0.170089721679688 0.220077514648438
-0.183380126953125 0.297698974609375 -0.62786865234375 0.4744873046875
-0.02667236328125 0.302459716796875 -0.210174560546875 0.506561279296875
0.128509521484375 0.220870971679688 0.033477783203125 0.169876098632812
0.175704956054687 0.0633544921875 -0.07440185546875 0.0662384033203125
0.173126220703125 -0.0255279541015625 -0.177261352539063 0.119476318359375
0.128799438476563 -0.117393493652344 -0.2200927734375 0.29217529296875
0.0813827514648438 -0.135597229003906 -0.088104248046875 0.45440673828125
0.0970458984375 -0.1475830078125 -0.037078857421875 0.4730224609375
0.108673095703125 -0.151718139648438 -0.073699951171875 0.4677734375
0.136131286621094 -0.057098388671875 -0.240081787109375 0.351898193359375
0.150711059570313 0.027496337890625 -0.275588989257812 0.160202026367188
0.0967483520507812 0.123405456542969 -0.226730346679687 -0.00390625
-0.0303497314453125 0.206741333007812 -0.0707168579101563 -0.0615768432617187
-0.1131591796875 0.177276611328125 0.00917053222656249 0.165176391601563
-0.242523193359375 0.215438842773438 -0.298614501953125 0.313201904296875
-0.0719833374023438 -0.00302886962890624 0.3109130859375 -0.452423095703125
-0.0338668823242188 0.0554656982421875 0.020416259765625 -0.2818603515625
0.0531654357910156 0.0652198791503906 0.0368728637695313 0.0490341186523438
0.0840606689453125 0.0124282836914063 0.198654174804688 0.026611328125
0.050048828125 -0.065338134765625 0.286865234375 -0.105010986328125
-0.0323982238769531 -0.0622711181640625 0.25067138671875 -0.337646484375
-0.0526580810546875 -0.0568389892578125 0.054779052734375 -0.49700927734375
-0.0277252197265625 -0.0450820922851562 0.00762939453124998 -0.49432373046875
-0.0466117858886719 -0.0275497436523437 0.052398681640625 -0.48553466796875
-0.00148773193359375 -0.0489158630371094 0.1942138671875 -0.355255126953125
0.0421218872070313 -0.0217628479003906 0.168701171875 -0.156997680664063
0.0545997619628906 0.0384407043457031 0.0741958618164063 -0.12750244140625
-0.0298919677734375 0.0416488647460938 0.00788879394531247 -0.247314453125
-0.0372772216796875 0.00318145751953125 0.158447265625 -0.508575439453125
-0.0184822082519531 -0.0531768798828125 0.6971435546875 -0.50433349609375
-0.289276123046875 0.240570068359375 0.275146484375 -0.43505859375
-0.135955810546875 0.28564453125 0.0175323486328125 -0.27734375
0.1102294921875 0.30938720703125 0.043670654296875 0.0360145568847656
0.242965698242188 0.133102416992188 0.173110961914063 0.0185394287109375
0.239471435546875 -0.07696533203125 0.263992309570313 -0.07586669921875
0.0883026123046875 -0.192886352539063 0.22711181640625 -0.295654296875
-0.00128173828125 -0.23590087890625 0.049652099609375 -0.447418212890625
0.0447845458984375 -0.24285888671875 0.01373291015625 -0.434600830078125
0.0118255615234375 -0.236236572265625 0.05487060546875 -0.4334716796875
0.126876831054688 -0.195846557617188 0.164276123046875 -0.302764892578125
0.249481201171875 -0.07611083984375 0.132637023925781 -0.117164611816406
0.2742919921875 0.13739013671875 0.033477783203125 -0.14324951171875
0.04119873046875 0.331817626953125 -0.00822448730468752 -0.274765014648438
-0.13134765625 0.28875732421875 0.18109130859375 -0.52093505859375
-0.263427734375 0.219528198242187 0.68133544921875 -0.501708984375
-0.465423583984375 0.455902099609375 0.171844482421875 -0.3572998046875
-0.21136474609375 0.498199462890625 -0.004974365234375 -0.2174072265625
0.178192138671875 0.5223388671875 0.0576095581054688 0.0338668823242188
0.387603759765625 0.229766845703125 0.14508056640625 0.00413513183593751
0.408477783203125 -0.090423583984375 0.217147827148438 -0.0508575439453125
0.197235107421875 -0.306121826171875 0.170928955078125 -0.223602294921875
0.047882080078125 -0.383514404296875 0.03045654296875 -0.3353271484375
0.109100341796875 -0.40447998046875 0.01715087890625 -0.307403564453125
0.06756591796875 -0.409332275390625 0.049102783203125 -0.31207275390625
0.23663330078125 -0.31451416015625 0.103591918945313 -0.199554443359375
0.425689697265625 -0.121337890625 0.0646629333496094 -0.0561294555664063
0.46844482421875 0.216400146484375 -0.030517578125 -0.1436767578125
0.116455078125 0.58428955078125 -0.037689208984375 -0.28509521484375
-0.20379638671875 0.545928955078125 0.18121337890625 -0.47869873046875
-0.4725341796875 0.46038818359375 0.58392333984375 -0.42584228515625
-0.5694580078125 0.62286376953125 0.0189056396484375 -0.21905517578125
-0.2391357421875 0.67059326171875 -0.037872314453125 -0.101158142089844
0.25982666015625 0.67828369140625 0.0738906860351563 0.0425949096679688
0.516632080078125 0.2872314453125 0.107261657714844 -0.00711059570312498
0.537078857421875 -0.11004638671875 0.143814086914063 -0.018280029296875
0.278472900390625 -0.38671875 0.088226318359375 -0.119422912597656
0.0871276855468751 -0.4786376953125 0.00546264648437499 -0.172561645507813
0.156036376953125 -0.504425048828125 0.0186309814453125 -0.132881164550781
0.112518310546875 -0.516845703125 0.03839111328125 -0.140838623046875
0.30975341796875 -0.3831787109375 0.0273895263671875 -0.0579376220703125
0.54058837890625 -0.14892578125 -0.0221538543701172 0.0235404968261719
0.59429931640625 0.26593017578125 -0.104934692382812 -0.121658325195312
0.1766357421875 0.75341796875 -0.0699615478515625 -0.266525268554687
-0.24505615234375 0.7188720703125 0.16644287109375 -0.376007080078125
-0.609619140625 0.62750244140625 0.42547607421875 -0.2864990234375
-0.59130859375 0.70166015625 -0.163131713867188 -0.0326080322265625
-0.2205810546875 0.75933837890625 -0.0738601684570313 0.0603256225585938
0.322509765625 0.7376708984375 0.0847854614257813 0.0640640258789063
0.58203125 0.293701171875 0.0563240051269532 -0.00650024414062498
0.5869140625 -0.12384033203125 0.0503616333007813 0.0270614624023437
0.314208984375 -0.417449951171875 -0.00681972503662107 0.0101995468139648
0.114013671875 -0.502044677734375 -0.0196056365966797 0.0195083618164062
0.18017578125 -0.528900146484375 0.0166358947753906 0.0618476867675781
0.138702392578125 -0.54095458984375 0.0230026245117188 0.0550880432128906
0.334686279296875 -0.3861083984375 -0.0537567138671875 0.0987777709960937
0.562103271484375 -0.14593505859375 -0.112998962402344 0.107093811035156
0.61181640625 0.2786865234375 -0.173843383789062 -0.079498291015625
0.18756103515625 0.79376220703125 -0.0939483642578125 -0.217666625976562
-0.258056640625 0.76025390625 0.137283325195312 -0.22454833984375
-0.6561279296875 0.68231201171875 0.2257080078125 -0.10723876953125
-0.521484375 0.67950439453125 -0.344268798828125 0.17584228515625
-0.167236328125 0.72491455078125 -0.110687255859375 0.240066528320313
0.3271484375 0.66864013671875 0.0811691284179688 0.095062255859375
0.541107177734375 0.248443603515625 -0.00232315063476559 0.0111484527587891
0.537139892578125 -0.11810302734375 -0.0483016967773437 0.07733154296875
0.29620361328125 -0.379974365234375 -0.09820556640625 0.144302368164062
0.119415283203125 -0.447235107421875 -0.040252685546875 0.211471557617188
0.175018310546875 -0.47052001953125 0.0109100341796875 0.246368408203125
0.1463623046875 -0.480316162109375 0.00277709960937501 0.2421875
0.307037353515625 -0.31842041015625 -0.12811279296875 0.23773193359375
0.486114501953125 -0.1021728515625 -0.190658569335937 0.168060302734375
0.50543212890625 0.2593994140625 -0.219650268554687 -0.0342559814453125
0.13702392578125 0.69012451171875 -0.0995635986328125 -0.15478515625
-0.24212646484375 0.6552734375 0.100616455078125 -0.0606231689453125
-0.598876953125 0.6156005859375 0.0192642211914062 0.0765304565429688
-0.372344970703125 0.539337158203125 -0.499786376953125 0.367523193359375
-0.094757080078125 0.56060791015625 -0.147796630859375 0.403106689453125
0.254791259765625 0.4830322265625 0.0637664794921875 0.131988525390625
0.392669677734375 0.164306640625 -0.0491409301757812 0.0392112731933594
0.386993408203125 -0.084320068359375 -0.129264831542969 0.115272521972656
0.228622436523438 -0.276840209960938 -0.168136596679687 0.252166748046875
0.105804443359375 -0.319976806640625 -0.05474853515625 0.369598388671875
0.142059326171875 -0.33880615234375 0.00390625000000005 0.394012451171875
0.133148193359375 -0.344757080078125 -0.020111083984375 0.389617919921875
0.236129760742188 -0.201736450195313 -0.186279296875 0.332305908203125
0.336029052734375 -0.039215087890625 -0.244888305664062 0.19122314453125
0.31365966796875 0.2042236328125 -0.2352294921875 -0.00465393066406251
0.0526123046875 0.4735107421875 -0.08917236328125 -0.0973281860351562
-0.192230224609375 0.440216064453125 0.059967041015625 0.0763473510742188
-0.449920654296875 0.4517822265625 -0.159408569335938 0.229705810546875
-0.1695556640625 0.311920166015625 -0.607421875 0.51263427734375
-0.010833740234375 0.306854248046875 -0.181732177734375 0.52459716796875
0.144134521484375 0.218536376953125 0.0441131591796875 0.1693115234375
0.18255615234375 0.05535888671875 -0.0680961608886719 0.0684661865234375
0.174560546875 -0.0370330810546875 -0.173828125 0.128555297851563
0.123497009277344 -0.127609252929688 -0.207489013671875 0.311370849609375
0.07574462890625 -0.141647338867187 -0.061676025390625 0.4677734375
0.0882110595703125 -0.155685424804688 -0.00540161132812504 0.481414794921875
0.099700927734375 -0.161880493164063 -0.0430908203125 0.47564697265625
0.134384155273438 -0.0654373168945313 -0.22216796875 0.37078857421875
0.152542114257813 0.019561767578125 -0.26995849609375 0.17626953125
0.104240417480469 0.118820190429688 -0.227569580078125 0.00987243652343752
-0.0162506103515625 0.2098388671875 -0.0721054077148438 -0.0577926635742187
-0.105194091796875 0.185440063476562 0.02130126953125 0.162734985351562
-0.233428955078125 0.233062744140625 -0.28424072265625 0.329681396484375
-0.0703048706054688 0.00117492675781249 0.280517578125 -0.46014404296875
-0.03045654296875 0.0551834106445313 0.00126647949218747 -0.279144287109375
0.0531158447265625 0.0604362487792969 0.0380973815917969 0.0439491271972656
0.0824661254882813 0.00739288330078125 0.194564819335938 0.0164337158203125
0.0442161560058594 -0.0664825439453125 0.278472900390625 -0.1181640625
-0.0353202819824219 -0.0572395324707031 0.23089599609375 -0.348968505859375
-0.0551261901855469 -0.0519027709960937 0.02349853515625 -0.49560546875
-0.0298728942871094 -0.0439682006835938 -0.026092529296875 -0.48748779296875
-0.0455665588378906 -0.022613525390625 0.020721435546875 -0.481964111328125
-0.00468826293945313 -0.0473365783691406 0.1715087890625 -0.364990234375
0.0401191711425781 -0.0252838134765625 0.160430908203125 -0.163650512695313
0.0561027526855469 0.0329818725585938 0.063079833984375 -0.129196166992188
-0.0272407531738281 0.0431938171386719 -0.00885009765624998 -0.2418212890625
-0.0349540710449219 0.00368881225585937 0.12847900390625 -0.50567626953125
-0.01971435546875 -0.0518112182617187 0.6624755859375 -0.5264892578125
-0.270721435546875 0.252273559570313 0.24676513671875 -0.44171142578125
-0.118621826171875 0.28631591796875 -0.00204467773437501 -0.273773193359375
0.124481201171875 0.29705810546875 0.0429801940917969 0.0295677185058594
0.245437622070313 0.117904663085938 0.169021606445313 0.00775146484375001
0.23077392578125 -0.0889892578125 0.256881713867187 -0.0894622802734375
0.075958251953125 -0.192626953125 0.209747314453125 -0.306121826171875
-0.014404296875 -0.231918334960938 0.02081298828125 -0.444915771484375
0.030120849609375 -0.244979858398438 -0.015411376953125 -0.43035888671875
-0.000183105468749981 -0.232391357421875 0.025543212890625 -0.432647705078125
0.11444091796875 -0.198944091796875 0.14471435546875 -0.311859130859375
0.24261474609375 -0.088775634765625 0.127578735351563 -0.123359680175781
0.278594970703125 0.118972778320312 0.0215606689453125 -0.1427001953125
0.06103515625 0.32586669921875 -0.0243988037109375 -0.268051147460938
-0.113616943359375 0.2911376953125 0.152069091796875 -0.519866943359375
-0.2464599609375 0.230316162109375 0.64642333984375 -0.52447509765625
-0.432281494140625 0.47344970703125 0.148406982421875 -0.35906982421875
-0.180572509765625 0.5009765625 -0.0203094482421875 -0.212860107421875
0.20452880859375 0.50274658203125 0.0573539733886719 0.0254974365234375
0.394561767578125 0.205352783203125 0.140823364257813 -0.00576782226562499
0.39642333984375 -0.1123046875 0.2119140625 -0.0624237060546875
0.176544189453125 -0.30950927734375 0.1568603515625 -0.23162841796875
0.02545166015625 -0.3798828125 0.00814819335937504 -0.3309326171875
0.08404541015625 -0.4091796875 -0.004669189453125 -0.3056640625
0.043426513671875 -0.4068603515625 0.02716064453125 -0.314300537109375
0.215911865234375 -0.3209228515625 0.0910186767578125 -0.205429077148438
0.414306640625 -0.143646240234375 0.0646018981933594 -0.0596961975097656
0.473968505859375 0.186492919921875 -0.0417327880859375 -0.140098571777344
0.1492919921875 0.57086181640625 -0.0521087646484375 -0.276947021484375
-0.173065185546875 0.5474853515625 0.155181884765625 -0.47943115234375
-0.439971923828125 0.480621337890625 0.557891845703125 -0.44586181640625
-0.5255126953125 0.6429443359375 0.00634765624999997 -0.216156005859375
-0.19775390625 0.67291259765625 -0.0456924438476563 -0.0968780517578124
0.29473876953125 0.65252685546875 0.0746612548828125 0.0333404541015625
0.52496337890625 0.253021240234375 0.104721069335938 -0.0165557861328125
0.522674560546875 -0.1396484375 0.141708374023438 -0.027099609375
0.25177001953125 -0.394439697265625 0.0811996459960938 -0.123443603515625
0.059478759765625 -0.475311279296875 -0.00573730468749999 -0.167739868164063
0.124267578125 -0.511016845703125 0.00827026367187501 -0.134132385253906
0.0794677734375 -0.515625 0.0273590087890625 -0.145553588867188
0.283966064453125 -0.3929443359375 0.0241889953613281 -0.0596771240234375
0.525421142578125 -0.17755126953125 -0.01666259765625 0.0234718322753906
0.6024169921875 0.22735595703125 -0.114494323730469 -0.114753723144531
0.21923828125 0.736083984375 -0.08160400390625 -0.2572021484375
-0.20599365234375 0.72222900390625 0.145782470703125 -0.379150390625
-0.56768798828125 0.6527099609375 0.406158447265625 -0.3033447265625
-0.54302978515625 0.72564697265625 -0.161712646484375 -0.0228729248046875
-0.17596435546875 0.76068115234375 -0.0714340209960938 0.0649795532226563
0.36126708984375 0.70721435546875 0.086334228515625 0.0536117553710938
0.58905029296875 0.25689697265625 0.0556640625 -0.0129241943359375
0.57373046875 -0.15728759765625 0.0510826110839844 0.0214920043945312
0.285858154296875 -0.427520751953125 -0.00578117370605467 0.0114297866821289
0.084197998046875 -0.50079345703125 -0.0185985565185547 0.0238552093505859
0.145263671875 -0.536773681640625 0.0191612243652344 0.0584144592285156
0.103851318359375 -0.542236328125 0.0244178771972656 0.0480194091796875
0.30755615234375 -0.397369384765625 -0.0465240478515625 0.100502014160156
0.547607421875 -0.174072265625 -0.10260009765625 0.110069274902344
0.62005615234375 0.2393798828125 -0.178359985351563 -0.0700836181640625
0.2333984375 0.77276611328125 -0.1014404296875 -0.209320068359375
-0.2147216796875 0.76318359375 0.126144409179688 -0.229782104492187
-0.60906982421875 0.70843505859375 0.21771240234375 -0.116790771484375
-0.4774169921875 0.69732666015625 -0.328369140625 0.1915283203125
-0.12469482421875 0.72344970703125 -0.0962829589843751 0.24481201171875
0.36151123046875 0.641357421875 0.0853729248046875 0.0854873657226563
0.548095703125 0.215423583984375 -0.000698566436767544 0.00683164596557618
0.523223876953125 -0.148223876953125 -0.04443359375 0.0767364501953125
0.270843505859375 -0.391998291015625 -0.088623046875 0.149322509765625
0.094329833984375 -0.447601318359375 -0.0276947021484375 0.2149658203125
0.14202880859375 -0.477447509765625 0.02606201171875 0.240859985351563
0.114837646484375 -0.483245849609375 0.017425537109375 0.233642578125
0.285003662109375 -0.330291748046875 -0.111419677734375 0.24298095703125
0.47381591796875 -0.12615966796875 -0.177566528320312 0.175567626953125
0.513641357421875 0.225982666015625 -0.220016479492188 -0.0238494873046875
0.17694091796875 0.67340087890625 -0.102249145507813 -0.147445678710937
-0.2059326171875 0.65850830078125 0.0989532470703125 -0.06842041015625
-0.5582275390625 0.6414794921875 0.023590087890625 0.072906494140625
-0.339080810546875 0.55181884765625 -0.4708251953125 0.387939453125
-0.063018798828125 0.5579833984375 -0.122467041015625 0.406463623046875
0.28228759765625 0.4644775390625 0.0712203979492188 0.124649047851563
0.397125244140625 0.14068603515625 -0.0445556640625 0.0372352600097656
0.37811279296875 -0.107025146484375 -0.122245788574219 0.118377685546875
0.20947265625 -0.285888671875 -0.153640747070312 0.26129150390625
0.088104248046875 -0.321441650390625 -0.03131103515625 0.37237548828125
0.119537353515625 -0.344451904296875 0.0286865234375 0.387054443359375
0.109375 -0.348480224609375 0.00405883789062497 0.3814697265625
0.221435546875 -0.211456298828125 -0.16363525390625 0.340087890625
0.32855224609375 -0.055389404296875 -0.23095703125 0.200515747070312
0.321319580078125 0.184112548828125 -0.232131958007812 0.00736999511718749
0.081451416015625 0.463958740234375 -0.0893325805664063 -0.0920867919921875
-0.167938232421875 0.443695068359375 0.0654373168945312 0.0674171447753907
-0.41766357421875 0.470916748046875 -0.146255493164063 0.232040405273438
-0.151397705078125 0.3173828125 -0.56817626953125 0.53387451171875
0.00543212890625 0.3038330078125 -0.14837646484375 0.5279541015625
0.1563720703125 0.209671020507812 0.05364990234375 0.164520263671875
0.185256958007813 0.0455169677734375 -0.0611343383789062 0.0680351257324219
0.171401977539063 -0.0474090576171875 -0.166458129882813 0.133987426757813
0.114913940429688 -0.133567810058594 -0.19024658203125 0.322998046875
0.0683135986328125 -0.14434814453125 -0.031524658203125 0.46954345703125
0.0774688720703125 -0.159439086914063 0.026214599609375 0.475494384765625
0.08709716796875 -0.166656494140625 -0.0115966796875 0.469879150390625
0.129051208496094 -0.0715789794921875 -0.19647216796875 0.38067626953125
0.150726318359375 0.01171875 -0.257492065429688 0.18817138671875
0.109130859375 0.111297607421875 -0.221603393554688 0.021942138671875
-0.00198364257812502 0.206954956054688 -0.07025146484375 -0.0542449951171875
-0.094573974609375 0.18902587890625 0.0319976806640625 0.154556274414063
-0.218582153320312 0.245635986328125 -0.264404296875 0.33721923828125
-0.0666122436523438 0.00383758544921876 0.25726318359375 -0.456512451171875
-0.0286521911621094 0.053924560546875 -0.0114288330078125 -0.271255493164063
0.0518989562988281 0.0566368103027344 0.0366744995117188 0.0398635864257813
0.0793228149414063 0.00518798828125 0.188186645507813 0.0094146728515625
0.0395278930664063 -0.065032958984375 0.269119262695313 -0.125396728515625
-0.0360908508300781 -0.051666259765625 0.213531494140625 -0.351287841796875
-0.0556907653808594 -0.0472373962402344 0.00436401367187496 -0.484619140625
-0.0310897827148438 -0.0424766540527344 -0.04608154296875 -0.473602294921875
-0.0434455871582031 -0.0197486877441406 0.000244140624999972 -0.470428466796875
-0.00671768188476563 -0.0453987121582031 0.153289794921875 -0.36541748046875
0.0380363464355469 -0.0271759033203125 0.153701782226563 -0.16497802734375
0.0556907653808594 0.0287132263183594 0.05523681640625 -0.126045227050781
-0.0246810913085938 0.0434646606445313 -0.0190887451171875 -0.232711791992188
-0.0323410034179688 0.00236892700195313 0.1087646484375 -0.493499755859375
-0.0193519592285156 -0.0500602722167969 0.63031005859375 -0.52899169921875
-0.253463745117188 0.253662109375 0.22418212890625 -0.436370849609375
-0.105255126953125 0.282440185546875 -0.01470947265625 -0.264724731445313
0.129425048828125 0.283294677734375 0.0418052673339844 0.0246658325195313
0.242111206054688 0.106857299804688 0.163253784179688 0.00131225585937501
0.219650268554688 -0.0938568115234375 0.24884033203125 -0.09661865234375
0.067657470703125 -0.186111450195313 0.19464111328125 -0.3079833984375
-0.0218505859375 -0.224136352539063 0.00183105468750004 -0.43408203125
0.0196380615234375 -0.242706298828125 -0.03411865234375 -0.419403076171875
-0.00738525390625001 -0.226821899414063 0.00573730468749996 -0.424224853515625
0.103713989257812 -0.196762084960938 0.1297607421875 -0.31280517578125
0.232803344726563 -0.0963897705078125 0.123565673828125 -0.125129699707031
0.276229858398438 0.1046142578125 0.0132522583007813 -0.138504028320313
0.072601318359375 0.316253662109375 -0.0336761474609375 -0.257293701171875
-0.10113525390625 0.286041259765625 0.132537841796875 -0.50933837890625
-0.231979370117188 0.232696533203125 0.615234375 -0.5291748046875
-0.403228759765625 0.475921630859375 0.1322021484375 -0.353118896484375
-0.158447265625 0.49212646484375 -0.0306854248046875 -0.204666137695312
0.215667724609375 0.48175048828125 0.0551643371582031 0.019683837890625
0.38995361328125 0.186920166015625 0.136299133300781 -0.0123138427734375
0.380767822265625 -0.123443603515625 0.205551147460938 -0.069244384765625
0.160736083984375 -0.304168701171875 0.14569091796875 -0.232589721679688
0.012451171875 -0.370208740234375 -0.00543212890625001 -0.32208251953125
0.065673828125 -0.405517578125 -0.01959228515625 -0.2984619140625
0.028961181640625 -0.39752197265625 0.01092529296875 -0.310821533203125
0.19903564453125 -0.320159912109375 0.0815887451171875 -0.2060546875
0.399444580078125 -0.154937744140625 0.0642013549804688 -0.0614509582519531
0.470428466796875 0.165191650390625 -0.049163818359375 -0.134666442871094
0.16693115234375 0.551788330078125 -0.0594482421875 -0.265838623046875
-0.151611328125 0.54034423828125 0.13818359375 -0.4718017578125
-0.4111328125 0.483917236328125 0.5308837890625 -0.4482421875
-0.488037109375 0.64337158203125 -0.00152587890625001 -0.208786010742187
-0.170654296875 0.661376953125 -0.0495223999023438 -0.0906906127929687
0.3104248046875 0.62432861328125 0.0726394653320313 0.0256195068359375
0.518829345703125 0.229461669921875 0.100395202636719 -0.0219955444335937
0.503173828125 -0.154937744140625 0.1375732421875 -0.033599853515625
0.230438232421875 -0.3896484375 0.0753097534179688 -0.123519897460938
0.04205322265625 -0.46490478515625 -0.012847900390625 -0.161285400390625
0.100006103515625 -0.5069580078125 0.000267028808593763 -0.132003784179688
0.057708740234375 -0.505218505859375 0.0168609619140625 -0.146835327148438
0.263458251953125 -0.392333984375 0.0217018127441406 -0.0604286193847657
0.50616455078125 -0.190948486328125 -0.0130443572998047 0.0214881896972656
0.59674072265625 0.2020263671875 -0.118904113769531 -0.108070373535156
0.2432861328125 0.709228515625 -0.0855255126953125 -0.246658325195312
-0.178955078125 0.711181640625 0.13299560546875 -0.37579345703125
-0.531005859375 0.65447998046875 0.386810302734375 -0.305572509765625
-0.50390625 0.724609375 -0.156936645507813 -0.0173950195312499
-0.14453125 0.74609375 -0.067962646484375 0.0677223205566407
0.38006591796875 0.6754150390625 0.085906982421875 0.0460205078125
0.5833740234375 0.23004150390625 0.0530357360839844 -0.0184097290039062
0.550933837890625 -0.17572021484375 0.0501670837402344 0.0172462463378906
0.262847900390625 -0.423187255859375 -0.00476169586181639 0.012338638305664
0.06658935546875 -0.490753173828125 -0.0170440673828125 0.0273818969726562
0.1204833984375 -0.532257080078125 0.0192642211914063 0.0546646118164062
0.08099365234375 -0.53167724609375 0.02191162109375 0.0414009094238281
0.286773681640625 -0.39630126953125 -0.0403366088867187 0.09954833984375
0.52850341796875 -0.18695068359375 -0.0942764282226562 0.1090087890625
0.6129150390625 0.2120361328125 -0.179779052734375 -0.062530517578125
0.2574462890625 0.7445068359375 -0.101470947265625 -0.200164794921875
-0.1865234375 0.75140380859375 0.117950439453125 -0.23095703125
-0.57073974609375 0.71112060546875 0.208831787109375 -0.120941162109375
-0.44097900390625 0.69488525390625 -0.31121826171875 0.19561767578125
-0.0988159179687499 0.70843505859375 -0.084014892578125 0.24267578125
0.378173828125 0.6131591796875 0.0866622924804688 0.0778579711914063
0.54266357421875 0.19024658203125 4.41074371338225E-05 0.00240254402160646
0.505523681640625 -0.166107177734375 -0.0412750244140625 0.0738906860351562
0.2501220703125 -0.389251708984375 -0.0810546875 0.151199340820312
0.078399658203125 -0.4410400390625 -0.01678466796875 0.214141845703125
0.119415283203125 -0.473968505859375 0.0347747802734375 0.232650756835937
0.09228515625 -0.47412109375 0.0234832763671875 0.222686767578125
0.26641845703125 -0.329803466796875 -0.098297119140625 0.241455078125
0.458465576171875 -0.139251708984375 -0.165557861328125 0.17608642578125
0.5081787109375 0.20343017578125 -0.21734619140625 -0.0160980224609375
0.19708251953125 0.64813232421875 -0.101394653320313 -0.140701293945312
-0.18011474609375 0.64910888671875 0.0963287353515625 -0.0736465454101562
-0.5213623046875 0.64422607421875 0.0243492126464843 0.0690765380859375
-0.312469482421875 0.55029296875 -0.444091796875 0.391082763671875
-0.0416870117187501 0.545989990234375 -0.1036376953125 0.401458740234375
0.292633056640625 0.442413330078125 0.0746994018554688 0.117324829101563
0.39385986328125 0.122955322265625 -0.0412368774414062 0.0338363647460938
0.365753173828125 -0.119049072265625 -0.116653442382812 0.117767333984375
0.19390869140625 -0.285247802734375 -0.140625 0.263458251953125
0.076171875 -0.31707763671875 -0.01434326171875 0.368438720703125
0.10369873046875 -0.34222412109375 0.044525146484375 0.37579345703125
0.091583251953125 -0.343841552734375 0.01751708984375 0.36834716796875
0.208572387695313 -0.212539672851563 -0.145751953125 0.339080810546875
0.31854248046875 -0.06396484375 -0.217910766601562 0.202133178710938
0.31939697265625 0.168548583984375 -0.226211547851562 0.0144195556640625
0.09765625 0.447845458984375 -0.0861663818359375 -0.0882415771484375
-0.1500244140625 0.43853759765625 0.0675582885742187 0.0586128234863281
-0.39190673828125 0.4749755859375 -0.136474609375 0.22845458984375
-0.1385498046875 0.3150634765625 -0.5318603515625 0.53631591796875
0.014801025390625 0.296417236328125 -0.123138427734375 0.51947021484375
0.161026000976563 0.200149536132813 0.059417724609375 0.15802001953125
0.182952880859375 0.038665771484375 -0.05633544921875 0.0652008056640625
0.166763305664063 -0.0537567138671875 -0.159896850585938 0.135208129882813
0.1075439453125 -0.134956359863281 -0.17523193359375 0.3243408203125
0.062896728515625 -0.143997192382813 -0.010345458984375 0.463348388671875
0.069671630859375 -0.158950805664062 0.045562744140625 0.4617919921875
0.0776824951171875 -0.166152954101563 0.00689697265625003 0.454193115234375
0.124397277832031 -0.0733718872070313 -0.17510986328125 0.38006591796875
0.146377563476563 0.0070343017578125 -0.244720458984375 0.19256591796875
0.110519409179688 0.10504150390625 -0.21368408203125 0.028533935546875
0.00750732421874998 0.2015380859375 -0.0665321350097656 -0.0519828796386719
-0.08642578125 0.187255859375 0.0374755859375 0.145126342773437
-0.204879760742187 0.247955322265625 -0.24859619140625 0.3336181640625
-0.0640525817871094 0.00393295288085937 0.247528076171875 -0.449493408203125
-0.028289794921875 0.0527992248535156 -0.0177764892578125 -0.264404296875
0.0498771667480469 0.0543212890625 0.0348663330078125 0.0377120971679688
0.0779495239257813 0.00446319580078125 0.182891845703125 0.0070037841796875
0.0365447998046875 -0.0627670288085938 0.263824462890625 -0.127487182617188
-0.0348358154296875 -0.0479621887207031 0.205535888671875 -0.352874755859375
-0.0548477172851563 -0.0442886352539063 -0.00729370117187505 -0.477325439453125
-0.031524658203125 -0.0417938232421875 -0.05523681640625 -0.46575927734375
-0.0407142639160156 -0.0187492370605469 -0.00909423828125001 -0.46392822265625
-0.00793838500976562 -0.0441551208496094 0.144287109375 -0.365264892578125
0.0362319946289063 -0.0282707214355469 0.151199340820313 -0.164459228515625
0.0551300048828125 0.0262222290039063 0.0507583618164062 -0.122947692871094
-0.0228843688964844 0.0429039001464844 -0.02410888671875 -0.224960327148438
-0.0310115814208984 0.000282287597656252 0.101837158203125 -0.479736328125
-0.0184059143066406 -0.0497360229492188 0.6177978515625 -0.5224609375
-0.244140625 0.251571655273437 0.214752197265625 -0.42864990234375
-0.10064697265625 0.276519775390625 -0.02093505859375 -0.256942749023438
0.130477905273438 0.27545166015625 0.0397834777832031 0.0218124389648438
0.23870849609375 0.102127075195313 0.158203125 -0.00144958496093749
0.213165283203125 -0.0946502685546875 0.244277954101563 -0.0994110107421875
0.064483642578125 -0.18145751953125 0.187774658203125 -0.30865478515625
-0.0241546630859375 -0.218643188476562 -0.00659179687499999 -0.42681884765625
0.014068603515625 -0.2406005859375 -0.04437255859375 -0.41180419921875
-0.00970458984374998 -0.222671508789063 -0.00439453125000002 -0.419097900390625
0.0987701416015625 -0.194122314453125 0.121551513671875 -0.312255859375
0.228057861328125 -0.099334716796875 0.123214721679688 -0.125686645507813
0.273757934570313 0.098114013671875 0.00802612304687503 -0.135177612304688
0.076904296875 0.31005859375 -0.036590576171875 -0.250045776367188
-0.095367431640625 0.281219482421875 0.125274658203125 -0.49932861328125
-0.224380493164063 0.231842041015625 0.60308837890625 -0.5216064453125
-0.388671875 0.47039794921875 0.12567138671875 -0.34576416015625
-0.1490478515625 0.48345947265625 -0.0349273681640625 -0.198257446289063
0.2183837890625 0.467193603515625 0.0531044006347656 0.0154190063476563
0.385528564453125 0.17877197265625 0.131423950195313 -0.0148696899414062
0.37176513671875 -0.12689208984375 0.202011108398438 -0.072052001953125
0.154327392578125 -0.29736328125 0.141067504882813 -0.232666015625
0.007232666015625 -0.362884521484375 -0.01165771484375 -0.3155517578125
0.055938720703125 -0.403167724609375 -0.026641845703125 -0.292816162109375
0.021392822265625 -0.39129638671875 0.000854492187500002 -0.30706787109375
0.19091796875 -0.315887451171875 0.0765228271484375 -0.20587158203125
0.39154052734375 -0.1588134765625 0.0652694702148438 -0.0630149841308594
0.46600341796875 0.154388427734375 -0.054290771484375 -0.130393981933594
0.174041748046875 0.5401611328125 -0.0602569580078125 -0.259353637695313
-0.14306640625 0.53082275390625 0.1322021484375 -0.464202880859375
-0.39874267578125 0.479949951171875 0.52020263671875 -0.44354248046875
-0.47027587890625 0.63677978515625 -0.00308227539062503 -0.204208374023437
-0.1583251953125 0.64996337890625 -0.0512771606445312 -0.0858230590820312
0.31512451171875 0.60650634765625 0.0706024169921875 0.02081298828125
0.5135498046875 0.218902587890625 0.096435546875 -0.025360107421875
0.490875244140625 -0.16107177734375 0.135711669921875 -0.0363998413085938
0.2216796875 -0.3829345703125 0.0737686157226563 -0.123115539550781
0.035125732421875 -0.456756591796875 -0.0149688720703125 -0.156875610351563
0.08721923828125 -0.50457763671875 -0.00408172607421875 -0.129714965820313
0.0482177734375 -0.497314453125 0.010040283203125 -0.147171020507813
0.25311279296875 -0.386932373046875 0.0213546752929688 -0.0611610412597656
0.496429443359375 -0.19561767578125 -0.00919342041015622 0.0192909240722656
0.59039306640625 0.18927001953125 -0.122055053710937 -0.103263854980469
0.24981689453125 0.69427490234375 -0.0841064453125 -0.240646362304687
-0.168212890625 0.70208740234375 0.1282958984375 -0.3712158203125
-0.5126953125 0.64892578125 0.379241943359375 -0.30242919921875
-0.48486328125 0.71661376953125 -0.152786254882813 -0.0146331787109375
-0.1319580078125 0.73455810546875 -0.0657196044921875 0.0693321228027344
0.38555908203125 0.659423828125 0.0846099853515625 0.0405120849609375
0.57623291015625 0.2176513671875 0.0502128601074219 -0.0220413208007812
0.539337158203125 -0.182373046875 0.0500907897949219 0.0142288208007812
0.252197265625 -0.41705322265625 -0.00349330902099608 0.0130987167358398
0.05792236328125 -0.48284912109375 -0.0138339996337891 0.0291461944580078
0.108367919921875 -0.529693603515625 0.0192680358886719 0.0528221130371093
0.0687255859375 -0.522705078125 0.0186500549316406 0.03765869140625
0.27655029296875 -0.391357421875 -0.0365982055664062 0.0983810424804687
0.51715087890625 -0.1905517578125 -0.0881423950195313 0.107154846191406
0.606201171875 0.19940185546875 -0.18096923828125 -0.05853271484375
0.265869140625 0.7276611328125 -0.099945068359375 -0.196044921875
-0.17510986328125 0.74090576171875 0.114578247070312 -0.230941772460937
-0.5513916015625 0.70574951171875 0.203414916992187 -0.120376586914062
-0.42425537109375 0.6885986328125 -0.301116943359375 0.194854736328125
-0.0859985351562501 0.6971435546875 -0.0777587890625 0.241744995117188
0.382080078125 0.59600830078125 0.0866622924804688 0.0727386474609375
0.536163330078125 0.180145263671875 -0.000613451004028287 -0.00131857395172118
0.495330810546875 -0.1724853515625 -0.0399856567382812 0.07171630859375
0.23992919921875 -0.38482666015625 -0.0770721435546875 0.152252197265625
0.07073974609375 -0.4344482421875 -0.00950622558593749 0.21380615234375
0.108734130859375 -0.470947265625 0.0389404296875 0.2279052734375
0.08111572265625 -0.467041015625 0.0241241455078125 0.215744018554687
0.257354736328125 -0.32574462890625 -0.090972900390625 0.239715576171875
0.449249267578125 -0.141998291015625 -0.158706665039062 0.17462158203125
0.50384521484375 0.1927490234375 -0.215805053710938 -0.0127105712890625
0.206298828125 0.6329345703125 -0.0983123779296875 -0.139045715332031
-0.16949462890625 0.64044189453125 0.095306396484375 -0.077789306640625
-0.5047607421875 0.63995361328125 0.0237503051757812 0.0675430297851563
-0.300445556640625 0.54547119140625 -0.428863525390625 0.38671875
-0.03607177734375 0.53826904296875 -0.0935058593749999 0.3966064453125
0.296722412109375 0.431427001953125 0.0766220092773438 0.111770629882813
0.3892822265625 0.11614990234375 -0.0403556823730469 0.0303535461425781
0.358612060546875 -0.125213623046875 -0.114158630371094 0.116889953613281
0.186492919921875 -0.282501220703125 -0.134353637695313 0.264511108398438
0.071533203125 -0.314239501953125 -0.00384521484374999 0.365203857421875
0.094818115234375 -0.340179443359375 0.051666259765625 0.368988037109375
0.08270263671875 -0.33856201171875 0.02239990234375 0.3585205078125
0.20263671875 -0.209671020507813 -0.135528564453125 0.3360595703125
0.312530517578125 -0.065826416015625 -0.210906982421875 0.201980590820313
0.316253662109375 0.1619873046875 -0.222259521484375 0.0173797607421875
0.103851318359375 0.438812255859375 -0.082550048828125 -0.0880813598632812
-0.142425537109375 0.4326171875 0.0684928894042969 0.0517959594726563
-0.3804931640625 0.47235107421875 -0.133682250976563 0.224166870117188
-0.134307861328125 0.313018798828125 -0.514923095703125 0.528045654296875
0.017242431640625 0.2921142578125 -0.110931396484375 0.51129150390625
0.16302490234375 0.195404052734375 0.06170654296875 0.153915405273438
0.1805419921875 0.0352783203125 -0.0535736083984375 0.0614700317382812
0.164901733398438 -0.0570068359375 -0.156997680664063 0.134490966796875
0.103790283203125 -0.135208129882813 -0.167877197265625 0.326141357421875
0.0612335205078125 -0.143539428710938 0.00152587890625002 0.457183837890625
0.0662078857421875 -0.1585693359375 0.05596923828125 0.453216552734375
0.0714874267578125 -0.163604736328125 0.01519775390625 0.44586181640625
0.121856689453125 -0.0732269287109375 -0.164306640625 0.37701416015625
0.144424438476563 0.00665283203125 -0.238677978515625 0.191986083984375
0.110107421875 0.102424621582031 -0.208526611328125 0.030120849609375
0.011199951171875 0.196441650390625 -0.0640907287597656 -0.0523681640625
-0.0830078125 0.18597412109375 0.0385208129882812 0.137222290039063
-0.198379516601563 0.248153686523437 -0.243316650390625 0.32745361328125
-0.062835693359375 0.003143310546875 0.246490478515625 -0.4483642578125
-0.028656005859375 0.0526237487792969 -0.0212554931640625 -0.26251220703125
0.0485267639160156 0.0547828674316406 0.0337638854980469 0.0374755859375
0.0778045654296875 0.0043792724609375 0.182418823242188 0.0068359375
0.0359001159667969 -0.0616188049316406 0.26519775390625 -0.130889892578125
-0.0339012145996094 -0.0457000732421875 0.204071044921875 -0.35821533203125
-0.0544242858886719 -0.0429611206054688 -0.015411376953125 -0.47967529296875
-0.0323867797851562 -0.0418205261230469 -0.062896728515625 -0.465789794921875
-0.0390968322753906 -0.0189132690429688 -0.014739990234375 -0.465972900390625
-0.009063720703125 -0.0435829162597656 0.13983154296875 -0.370086669921875
0.0353431701660156 -0.029632568359375 0.153091430664063 -0.166336059570313
0.0551719665527344 0.024749755859375 0.0483245849609375 -0.12200927734375
-0.0221748352050781 0.0429649353027344 -0.0272216796875 -0.221694946289062
-0.0304775238037109 -0.00218772888183593 0.10235595703125 -0.478973388671875
-0.0169258117675781 -0.0503501892089844 0.6226806640625 -0.5234375
-0.242019653320313 0.251434326171875 0.214813232421875 -0.42620849609375
-0.100265502929688 0.276901245117188 -0.0247955322265625 -0.254180908203125
0.13226318359375 0.274856567382813 0.0382080078125 0.0201034545898438
0.239669799804688 0.1014404296875 0.156753540039063 -0.00273132324218749
0.212753295898438 -0.0951995849609375 0.246307373046875 -0.10260009765625
0.0650787353515625 -0.179061889648438 0.18646240234375 -0.313751220703125
-0.0250091552734375 -0.217514038085938 -0.01300048828125 -0.428558349609375
0.0101470947265625 -0.24395751953125 -0.05157470703125 -0.411590576171875
-0.0103912353515625 -0.224136352539062 -0.01123046875 -0.421112060546875
0.09808349609375 -0.193862915039063 0.118408203125 -0.3175048828125
0.228118896484375 -0.102081298828125 0.125228881835938 -0.1282958984375
0.276016235351563 0.095367431640625 0.00496673583984377 -0.1339111328125
0.08026123046875 0.31036376953125 -0.0377197265625 -0.247955322265625
-0.0954437255859375 0.28033447265625 0.125762939453125 -0.498504638671875
-0.223480224609375 0.233413696289062 0.60894775390625 -0.52056884765625
-0.385223388671875 0.47186279296875 0.125579833984375 -0.343902587890625
-0.147125244140625 0.483856201171875 -0.0374298095703125 -0.194854736328125
0.221954345703125 0.4661865234375 0.0517730712890625 0.0126724243164063
0.3868408203125 0.1773681640625 0.129074096679688 -0.0172271728515625
0.371429443359375 -0.130096435546875 0.203903198242188 -0.0750274658203125
0.1546630859375 -0.29583740234375 0.1402587890625 -0.236160278320313
0.005401611328125 -0.3636474609375 -0.01470947265625 -0.31597900390625
0.050140380859375 -0.407958984375 -0.0325927734375 -0.2938232421875
0.018768310546875 -0.3929443359375 -0.00573730468750002 -0.309326171875
0.19012451171875 -0.316162109375 0.0748748779296875 -0.209884643554688
0.39239501953125 -0.162933349609375 0.0680274963378906 -0.0663948059082031
0.46917724609375 0.152252197265625 -0.0584945678710937 -0.128868103027344
0.180023193359375 0.54241943359375 -0.0604400634765625 -0.257888793945313
-0.141357421875 0.532257080078125 0.13323974609375 -0.464935302734375
-0.39892578125 0.483428955078125 0.5238037109375 -0.445343017578125
-0.46783447265625 0.63824462890625 -0.00218200683593751 -0.202438354492188
-0.1553955078125 0.6502685546875 -0.052459716796875 -0.0822448730468749
0.3214111328125 0.60443115234375 0.0697898864746094 0.0183753967285157
0.51483154296875 0.2176513671875 0.0945358276367188 -0.0277633666992187
0.4906005859375 -0.16656494140625 0.137687683105469 -0.0386810302734375
0.2210693359375 -0.382049560546875 0.0739288330078125 -0.1246337890625
0.033935546875 -0.45831298828125 -0.015533447265625 -0.155914306640625
0.0812377929687499 -0.511016845703125 -0.00720977783203125 -0.129920959472656
0.044158935546875 -0.498687744140625 0.00372314453124999 -0.1488037109375
0.252716064453125 -0.387115478515625 0.0210494995117188 -0.0633583068847657
0.498046875 -0.199920654296875 -0.00639629364013669 0.0174617767333984
0.59466552734375 0.18646240234375 -0.126976013183594 -0.1011962890625
0.2572021484375 0.69378662109375 -0.0837554931640625 -0.2410888671875
-0.16705322265625 0.70263671875 0.129669189453125 -0.374053955078125
-0.5128173828125 0.654296875 0.381439208984375 -0.303802490234375
-0.48065185546875 0.71990966796875 -0.1502685546875 -0.01458740234375
-0.12884521484375 0.73602294921875 -0.0647354125976563 0.0719375610351563
0.39117431640625 0.65673828125 0.0848159790039063 0.0375595092773438
0.580078125 0.2161865234375 0.0482177734375 -0.0250015258789062
0.53900146484375 -0.188079833984375 0.0513267517089844 0.0127449035644531
0.25189208984375 -0.417724609375 -0.00134944915771483 0.0131044387817383
0.057159423828125 -0.4844970703125 -0.0116539001464844 0.0309791564941406
0.0998535156250001 -0.5355224609375 0.0189552307128906 0.0523681640625
0.064361572265625 -0.524749755859375 0.0146598815917969 0.0359649658203125
0.276214599609375 -0.390594482421875 -0.0352630615234375 0.0979461669921875
0.518951416015625 -0.1951904296875 -0.0858535766601562 0.106002807617187
0.61199951171875 0.19830322265625 -0.185043334960937 -0.055908203125
0.27288818359375 0.72772216796875 -0.097412109375 -0.197433471679687
-0.1734619140625 0.74468994140625 0.115814208984375 -0.23541259765625
-0.552001953125 0.71221923828125 0.203857421875 -0.1209716796875
-0.421630859375 0.6929931640625 -0.298675537109375 0.193878173828125
-0.0848999023437501 0.70050048828125 -0.0749664306640625 0.24346923828125
0.39105224609375 0.59588623046875 0.087860107421875 0.0692749023437501
0.539520263671875 0.177947998046875 -0.00174856185913083 -0.00394153594970702
0.495361328125 -0.17962646484375 -0.0393218994140625 0.0708770751953125
0.239776611328125 -0.385986328125 -0.0735931396484375 0.1553955078125
0.06988525390625 -0.437652587890625 -0.00390624999999998 0.215805053710937
0.1046142578125 -0.476654052734375 0.0418701171875 0.227752685546875
0.07684326171875 -0.468505859375 0.0223541259765625 0.214523315429688
0.258392333984375 -0.32598876953125 -0.0880126953125 0.241058349609375
0.450836181640625 -0.14447021484375 -0.156784057617188 0.174789428710937
0.506317138671875 0.192413330078125 -0.218902587890625 -0.0103607177734375
0.21307373046875 0.634521484375 -0.0960235595703125 -0.141311645507812
-0.16851806640625 0.64276123046875 0.0963821411132812 -0.0833358764648437
-0.50439453125 0.6456298828125 0.0218772888183593 0.0669364929199219
-0.29998779296875 0.548492431640625 -0.4268798828125 0.384521484375
-0.034515380859375 0.5400390625 -0.089630126953125 0.397369384765625
0.302825927734375 0.431121826171875 0.077972412109375 0.110221862792969
0.391387939453125 0.11578369140625 -0.0407218933105468 0.0279731750488281
0.36004638671875 -0.1307373046875 -0.1143798828125 0.117294311523437
0.1861572265625 -0.283935546875 -0.13134765625 0.269256591796875
0.071746826171875 -0.317138671875 0.00387573242187502 0.368255615234375
0.091339111328125 -0.344940185546875 0.05810546875 0.3690185546875
0.079742431640625 -0.33905029296875 0.023590087890625 0.359039306640625
0.204086303710937 -0.210159301757812 -0.131256103515625 0.33917236328125
0.31390380859375 -0.067535400390625 -0.2095947265625 0.203414916992188
0.319488525390625 0.161651611328125 -0.224365234375 0.0190582275390625
0.10772705078125 0.438262939453125 -0.0803298950195313 -0.0911865234375
-0.14178466796875 0.435394287109375 0.0689888000488281 0.0467109680175782
-0.379730224609375 0.47650146484375 -0.13616943359375 0.2239990234375
-0.134765625 0.31512451171875 -0.512939453125 0.525421142578125
0.017608642578125 0.292510986328125 -0.10601806640625 0.513397216796875
0.16595458984375 0.196090698242188 0.0648040771484375 0.153457641601562
0.181793212890625 0.0345611572265625 -0.0531387329101562 0.0599327087402344
0.165908813476562 -0.060211181640625 -0.158798217773438 0.13604736328125
0.1036376953125 -0.13665771484375 -0.165679931640625 0.332611083984375
0.0614471435546875 -0.146347045898438 0.010772705078125 0.461090087890625
0.06439208984375 -0.160369873046875 0.063079833984375 0.454010009765625
0.0695343017578125 -0.16387939453125 0.019805908203125 0.445892333984375
0.122543334960938 -0.0735855102539062 -0.159637451171875 0.380859375
0.145706176757813 0.006256103515625 -0.239349365234375 0.194183349609375
0.11126708984375 0.10205078125 -0.207916259765625 0.0311279296875
0.0136566162109375 0.196426391601562 -0.0626106262207031 -0.0558891296386719
-0.0827789306640625 0.188018798828125 0.03851318359375 0.132186889648438
-0.199172973632812 0.251007080078125 -0.247283935546875 0.328826904296875
-0.0631446838378906 0.00411987304687501 0.2457275390625 -0.458343505859375
-0.0286674499511719 0.054443359375 -0.02764892578125 -0.264312744140625
0.049530029296875 0.0547370910644531 0.034393310546875 0.0374641418457031
0.0790252685546875 0.0035247802734375 0.185043334960938 0.0045013427734375
0.0355720520019531 -0.0616912841796875 0.269683837890625 -0.14056396484375
-0.0333824157714844 -0.0445175170898438 0.20062255859375 -0.37335205078125
-0.0560684204101562 -0.0417137145996094 -0.02801513671875 -0.489105224609375
-0.0348854064941406 -0.0421867370605469 -0.0775146484375 -0.473114013671875
-0.0394363403320313 -0.0192680358886719 -0.02685546875 -0.475982666015625
-0.0110015869140625 -0.0437965393066406 0.133636474609375 -0.383392333984375
0.0344657897949219 -0.0314502716064453 0.155975341796875 -0.173797607421875
0.0568389892578125 0.0226402282714844 0.045867919921875 -0.123283386230469
-0.0212326049804688 0.0433082580566406 -0.0323486328125 -0.222213745117187
-0.0315876007080078 -0.00345802307128906 0.097930908203125 -0.485687255859375
-0.0171623229980469 -0.051544189453125 0.63323974609375 -0.53887939453125
-0.242111206054688 0.25970458984375 0.215789794921875 -0.43536376953125
-0.096893310546875 0.2828369140625 -0.0304718017578125 -0.255386352539063
0.139663696289062 0.276657104492187 0.0380821228027344 0.0187110900878906
0.2457275390625 0.0995635986328125 0.157638549804688 -0.00555419921874999
0.215087890625 -0.100692749023437 0.251190185546875 -0.111740112304687
0.06494140625 -0.18170166015625 0.184295654296875 -0.3275146484375
-0.028411865234375 -0.221527099609375 -0.024383544921875 -0.436431884765625
0.00379943847656251 -0.250228881835938 -0.064544677734375 -0.417694091796875
-0.014678955078125 -0.22882080078125 -0.024169921875 -0.4306640625
0.0966339111328125 -0.198333740234375 0.113494873046875 -0.3289794921875
0.2308349609375 -0.109222412109375 0.128448486328125 -0.135833740234375
0.28399658203125 0.09185791015625 1.52587890625317E-05 -0.134185791015625
0.0885009765625 0.314910888671875 -0.0421600341796875 -0.24932861328125
-0.093841552734375 0.28704833984375 0.122772216796875 -0.506683349609375
-0.223968505859375 0.242416381835938 0.61724853515625 -0.53875732421875
-0.383575439453125 0.4853515625 0.12567138671875 -0.350311279296875
-0.14093017578125 0.494354248046875 -0.041961669921875 -0.193832397460937
0.237335205078125 0.4705810546875 0.0517616271972656 0.0106277465820313
0.397613525390625 0.174652099609375 0.129364013671875 -0.019744873046875
0.3756103515625 -0.140289306640625 0.2081298828125 -0.082855224609375
0.154266357421875 -0.301727294921875 0.139984130859375 -0.245742797851563
-6.10351562500245E-05 -0.370849609375 -0.02313232421875 -0.3221435546875
0.040130615234375 -0.42047119140625 -0.042022705078125 -0.297882080078125
0.01171875 -0.402557373046875 -0.01702880859375 -0.316558837890625
0.189697265625 -0.324432373046875 0.0720062255859375 -0.218276977539063
0.3980712890625 -0.175048828125 0.071075439453125 -0.0716400146484375
0.482940673828125 0.14776611328125 -0.06494140625 -0.127822875976563
0.19476318359375 0.549102783203125 -0.0637359619140625 -0.260757446289063
-0.13848876953125 0.545562744140625 0.130767822265625 -0.475494384765625
-0.398956298828125 0.50079345703125 0.5299072265625 -0.4588623046875
-0.46539306640625 0.65704345703125 -0.00282287597656251 -0.205337524414062
-0.1478271484375 0.66461181640625 -0.0542373657226563 -0.0803604125976562
0.3399658203125 0.6099853515625 0.0710983276367188 0.0149612426757813
0.529296875 0.2135009765625 0.09381103515625 -0.0313949584960937
0.497161865234375 -0.18072509765625 0.140960693359375 -0.04461669921875
0.22052001953125 -0.39166259765625 0.0748825073242188 -0.130172729492188
0.027008056640625 -0.467559814453125 -0.01751708984375 -0.158859252929688
0.0694580078125 -0.526275634765625 -0.0114822387695312 -0.131927490234375
0.03472900390625 -0.5115966796875 -0.0035400390625 -0.151901245117188
0.25390625 -0.39703369140625 0.0207977294921875 -0.06689453125
0.506439208984375 -0.213897705078125 -0.00413608551025387 0.0148286819458008
0.61138916015625 0.180419921875 -0.134834289550781 -0.0981979370117188
0.276611328125 0.7047119140625 -0.086639404296875 -0.244415283203125
-0.16229248046875 0.71966552734375 0.128509521484375 -0.38427734375
-0.51470947265625 0.6783447265625 0.386505126953125 -0.312652587890625
-0.479248046875 0.7421875 -0.152267456054688 -0.0134277343749999
-0.11810302734375 0.75054931640625 -0.0631866455078125 0.0770721435546876
0.41363525390625 0.66156005859375 0.0876922607421875 0.0345687866210938
0.5948486328125 0.21136474609375 0.0474510192871094 -0.0281906127929687
0.546722412109375 -0.20513916015625 0.0542945861816407 0.00984573364257811
0.251190185546875 -0.428131103515625 0.000488281250000014 0.0133657455444336
0.050140380859375 -0.497039794921875 -0.00866889953613281 0.0316371917724609
0.088470458984375 -0.55126953125 0.0201187133789063 0.0535125732421875
0.05401611328125 -0.537872314453125 0.0115852355957031 0.0369453430175781
0.27691650390625 -0.40240478515625 -0.0331649780273437 0.0995559692382812
0.527130126953125 -0.209686279296875 -0.0841903686523437 0.107337951660156
0.62860107421875 0.19403076171875 -0.193023681640625 -0.0516204833984375
0.29266357421875 0.73944091796875 -0.100326538085937 -0.201431274414062
-0.16741943359375 0.76153564453125 0.115798950195313 -0.245819091796875
-0.55377197265625 0.73687744140625 0.20599365234375 -0.125640869140625
-0.41937255859375 0.713134765625 -0.300140380859375 0.200164794921875
-0.0733642578124999 0.71600341796875 -0.0704193115234375 0.251144409179688
0.41162109375 0.6016845703125 0.0921173095703125 0.067291259765625
0.554656982421875 0.174774169921875 -0.00278902053833004 -0.00633287429809569
0.503387451171875 -0.195098876953125 -0.0373764038085937 0.0715103149414062
0.238677978515625 -0.395965576171875 -0.0705413818359375 0.160354614257812
0.06488037109375 -0.4486083984375 0.0040130615234375 0.220184326171875
0.0936279296875 -0.4921875 0.04864501953125 0.231430053710937
0.06829833984375 -0.479400634765625 0.0249481201171875 0.218917846679687
0.260101318359375 -0.3349609375 -0.082977294921875 0.247589111328125
0.4598388671875 -0.157867431640625 -0.156280517578125 0.178726196289062
0.52294921875 0.18841552734375 -0.225555419921875 -0.00524902343750002
0.22918701171875 0.64251708984375 -0.097747802734375 -0.14569091796875
-0.16290283203125 0.6585693359375 0.0970458984375 -0.0913009643554687
-0.50579833984375 0.66827392578125 0.0209846496582031 0.0686912536621094
-0.2984619140625 0.5650634765625 -0.428619384765625 0.3939208984375
-0.026885986328125 0.55145263671875 -0.082244873046875 0.407012939453125
0.318634033203125 0.436614990234375 0.0832443237304688 0.108871459960938
0.402374267578125 0.111724853515625 -0.0412483215332031 0.0271263122558594
0.365753173828125 -0.14215087890625 -0.114646911621094 0.120948791503906
0.18646240234375 -0.29339599609375 -0.126861572265625 0.278854370117188
0.06866455078125 -0.32763671875 0.0159912109375 0.37530517578125
0.0853271484375 -0.356109619140625 0.0693359375 0.37493896484375
0.073394775390625 -0.347015380859375 0.03082275390625 0.366058349609375
0.206375122070312 -0.217193603515625 -0.124603271484375 0.349609375
0.320404052734375 -0.075103759765625 -0.210540771484375 0.210891723632812
0.329437255859375 0.16058349609375 -0.228652954101562 0.02362060546875
0.1197509765625 0.445159912109375 -0.081756591796875 -0.0956954956054687
-0.137481689453125 0.446685791015625 0.0707550048828125 0.0410919189453125
-0.381378173828125 0.49700927734375 -0.140182495117188 0.2310791015625
-0.133758544921875 0.324981689453125 -0.5166015625 0.536895751953125
0.022186279296875 0.298095703125 -0.096466064453125 0.523406982421875
0.174057006835937 0.198944091796875 0.070037841796875 0.154510498046875
0.1865234375 0.03338623046875 -0.0528068542480468 0.0600318908691406
0.16888427734375 -0.0666046142578125 -0.1607666015625 0.142074584960938
0.103683471679688 -0.141433715820313 -0.162353515625 0.345733642578125
0.06109619140625 -0.152267456054687 0.024505615234375 0.47113037109375
0.0633697509765625 -0.165817260742188 0.078094482421875 0.461395263671875
0.066925048828125 -0.167068481445313 0.02996826171875 0.45526123046875
0.125320434570313 -0.0771942138671875 -0.15283203125 0.393310546875
0.149154663085938 0.00469970703125 -0.241104125976563 0.203598022460938
0.116218566894531 0.103523254394531 -0.210769653320313 0.035125732421875
0.01910400390625 0.2003173828125 -0.0627403259277344 -0.06005859375
-0.0806884765625 0.1929931640625 0.04083251953125 0.129570007324219
-0.199569702148438 0.260833740234375 -0.252105712890625 0.339111328125
0.0149363652504614 0.10559188021573 0.541843042104953 -0.0516617539731385
0.0724389011249897 0.0125482459463456 0.228258961933369 -0.168278058039654
0.0132878523354522 -0.0754217292430485 -0.0358933351250897 0.0562650866259423
-0.0687370580377168 -0.0694144335667042 0.0779496367798978 0.191321221190364
-0.095917138570344 0.0370136659512842 0.293504908908654 0.178447709497359
-0.039062575295863 0.0885520113201048 0.438851613529942 0.00850893059671059
-0.00546926676544223 0.10103325433901 0.467845941031293 -0.204479596719558
0.00177802416755281 0.0854168370611249 0.426838282924588 -0.310408449200669
-0.00290238253510037 0.0793057237849151 0.441722749112419 -0.230753848829097
-0.0275359197131622 0.0609041000978908 0.400246517565659 -0.0679386860937019
-0.0549727769071993 0.00464866724242902 0.242542231427874 0.0687018722474732
-0.0198743442530869 -0.0556179542082263 0.125854613165322 -0.0154499979511452
0.0427488267602666 -0.00124471543642299 0.160602299900982 -0.153427143815057
0.00777857034372761 0.052539285619432 0.476507100668084 -0.154264068701992
-0.0598424440945888 0.0682084277673492 0.798808012432824 0.176160431361824
0.32088630147257 0.113902260871979 0.487919516884583 -0.111013977576881
0.30436724537741 -0.0780845136327233 0.191892345037547 -0.207047657001127
0.146244587170112 -0.281347064985279 -0.0761279318411003 0.0454458723897787
-0.1010683841825 -0.282907631809 0.0267897743015874 0.19242487153669
-0.256110829151942 -0.0691551216415999 0.257857446760023 0.206610094406401
-0.205565446704119 0.093938563577997 0.403597234612846 0.0389409100638552
-0.182662671645211 0.168686038493561 0.433755009294425 -0.155686235089565
-0.177335765160338 0.189256416418639 0.395942976031914 -0.257272843522843
-0.199356303966811 0.177486859028846 0.414387516968153 -0.188970899812887
-0.221256410671645 0.0717952491217275 0.344261758476921 -0.0312932024433223
-0.246905743350432 -0.0899787550484363 0.180674391785435 0.0884907650548724
-0.0991201515777207 -0.296950402675666 0.0756170208707991 -0.0487083661194519
0.146939607384952 -0.271176078017106 0.151647925513879 -0.187053168075057
0.265759641354205 -0.072321152846321 0.50164659909602 -0.176675082628167
0.274887281796252 0.0849189909964971 0.810479199320632 0.134079020863365
0.589181815326524 0.0968639678982293 0.346359373244837 -0.178491804038309
0.506086721785988 -0.182460617305287 0.101366595406628 -0.222160923786888
0.249810246189171 -0.47892277626687 -0.11656775006662 0.0548268304749058
-0.14116631756599 -0.468007772768125 -0.0129883248286885 0.189663054176116
-0.400286117818609 -0.160531128963805 0.208618712886816 0.209539099944391
-0.349778868801806 0.0929205422872394 0.321778188094413 0.0561756631222229
-0.332538616210684 0.215685075572225 0.337105734527921 -0.088931487917988
-0.328442684171695 0.26498701845227 0.303879195916913 -0.166137189289847
-0.363186619322517 0.249166870859506 0.321215536611767 -0.116111861300108
-0.381151533604132 0.0726186108161336 0.229986904568521 0.0105910215572415
-0.407988749294582 -0.17263818435238 0.0806588478479616 0.0895811350758806
-0.169553677336663 -0.504615425296164 0.00532105292748496 -0.0923898069996261
0.22930749751935 -0.513049743586808 0.125219544389806 -0.219099638338445
0.489727495617942 -0.194772467815029 0.469781570148171 -0.184215297780829
0.569755872538362 0.0899688712827338 0.714044192930532 0.0856064631444148
0.785857645370497 0.0545886696633048 0.134518754136339 -0.234075840694902
0.650021113448327 -0.297914601118704 -0.0381647379611711 -0.200391444723488
0.303373862026719 -0.651028454527169 -0.1540149519049 0.0841699166620728
-0.197660365430964 -0.610822035037859 -0.047367162855731 0.181184994467514
-0.515130562305684 -0.224475601646983 0.138023237102733 0.188222694301736
-0.452464897036083 0.0871374937943177 0.195470605489523 0.066331647056198
-0.435638417179305 0.235218350370501 0.189193768010126 -0.00879183158242938
-0.42834316950541 0.301283686579627 0.166512861131737 -0.0474769650399816
-0.468376138318211 0.28023641939823 0.178674848461421 -0.022616222700444
-0.480090862212315 0.0592493982883381 0.0744492537884498 0.0538815669252611
-0.507839702629997 -0.229995132144108 -0.0454520516527995 0.0752009203961316
-0.217008029741542 -0.639661900829615 -0.0775977560012963 -0.133815263685077
0.276417818291119 -0.678945345152228 0.08370823343214 -0.234745065565116
0.635232200963478 -0.284417920940572 0.385241167918477 -0.161456983705191
0.77171328424997 0.084449013311404 0.525369240760084 0.0409751756339434
0.877351352215395 -0.00194125892154786 -0.125033238896673 -0.265608913529333
0.70074472334825 -0.393907612527007 -0.208469361588439 -0.137567224490635
0.30301144799565 -0.74543161045317 -0.183183486111057 0.120976656937397
-0.244158541166017 -0.667343329943074 -0.080213570477115 0.158328465327274
-0.563135368742553 -0.249124263287708 0.0403576542963669 0.146412692883161
-0.491749055437746 0.0736738801023529 0.0355572761183341 0.0713173689695009
-0.476959059170799 0.216995081681945 0.0113160481303235 0.0751960567261245
-0.464748451011114 0.291740940165045 0.00400487529628354 0.078312924954923
-0.500172317148357 0.265927100544704 0.00836667082955951 0.0765347324575581
-0.499879506246391 0.0340244228145836 -0.0970065375970832 0.0914482585547521
-0.515258055857222 -0.254074936806854 -0.175744177533589 0.0471508704599721
-0.21393186113578 -0.666218128280192 -0.153409267130513 -0.164162012078474
0.289015901656366 -0.717698713587735 0.0375914735173353 -0.224436860944255
0.672619379043234 -0.311843714096325 0.256403423407313 -0.109378291681446
0.844503842277179 0.0741847297817606 0.274636014291059 0.00687709364808126
0.836162966670683 -0.0627041724020396 -0.394170305816229 -0.265083801944312
0.640158673472208 -0.425788081740561 -0.377280693802911 -0.046553421171211
0.251561419111627 -0.710330437035105 -0.197406337244459 0.150991002164581
-0.245288842586646 -0.608730601800037 -0.109502704250357 0.117919755849279
-0.515456809337639 -0.231663907439378 -0.0712735638493993 0.0888148298743865
-0.450805402443589 0.0495739752479967 -0.134940557478689 0.0705633706688517
-0.442230875189695 0.167999237365032 -0.171067778374501 0.151043408273756
-0.427008125461893 0.237131368150474 -0.160619507311238 0.19179899171831
-0.454725872493222 0.206973282628228 -0.162962160529213 0.162302703405433
-0.436855746291327 -0.00689966856189961 -0.252810199717005 0.111836979864226
-0.423603044145422 -0.243237768396586 -0.277546510599638 0.00217545350994751
-0.148517143494974 -0.573536581310831 -0.196787600310443 -0.182247546368179
0.271641915789255 -0.610552540097396 0.00533301023511929 -0.190451861903976
0.592660135754057 -0.263185101817053 0.11731933829439 -0.0396853639849718
0.776611264508698 0.0606530621505104 0.00819771243126179 -0.014366216551398
0.663314581733561 -0.107727086544748 -0.626496800305077 -0.238339372991196
0.471564400565146 -0.374676180625124 -0.510322163904363 0.0486025578805147
0.167083085194172 -0.537954558770085 -0.193672684294563 0.163287877647107
-0.186148909920365 -0.434968485852028 -0.12395168448261 0.0670949116327695
-0.368504907431007 -0.176409364345263 -0.166240724566561 0.0221908629953467
-0.330075351230989 0.0140389755643679 -0.281350861979873 0.058684341270766
-0.335261286753243 0.0911360670840948 -0.327778338706358 0.203903134958146
-0.325235106082457 0.143886193684365 -0.301887522040417 0.275458809434318
-0.339459092436397 0.115343198002335 -0.309048063776765 0.220313349516108
-0.306850842515 -0.0466329539369171 -0.365090434447186 0.1057576746626
-0.263480274202472 -0.196677155688601 -0.328355412146358 -0.0558288894901921
-0.0526676011191636 -0.388375147034365 -0.196305128439737 -0.186718805999153
0.216103006208572 -0.396401572617076 -0.00444043780878132 -0.144704090303074
0.418274933628827 -0.162491223746815 -0.00450495876981964 0.0255479687481006
0.584730699313939 0.0395090225904086 -0.22693254585106 -0.0244384232576767
0.38803160366481 -0.13251533709709 -0.784665794261238 -0.194278982779354
0.230670508528985 -0.262368831986566 -0.59275793466664 0.132531221867008
0.0546775551375197 -0.279745578976887 -0.173193219447627 0.169346600067446
-0.0999638357521013 -0.193002501261876 -0.112172637466003 0.0269015861300635
-0.162047533987463 -0.0907428031914686 -0.219246308553813 -0.0413369718789286
-0.154965781073561 -0.0230164155125638 -0.374374377389397 0.0361101225677011
-0.173793384225528 -0.00231810228767691 -0.432452832485916 0.22294395457435
-0.173384882052379 0.0300163791171657 -0.39682985698039 0.316843259332124
-0.177458424695725 0.00778864702704223 -0.40744463172562 0.241939948902726
-0.142115770754464 -0.0755594320405415 -0.419191841985507 0.0793772257980905
-0.0857275789722316 -0.12357349419399 -0.328705988617417 -0.112783497365333
0.030303975321858 -0.168175302627897 -0.163067824520857 -0.179782895899949
0.123435095347629 -0.153166447432718 0.0017612299275569 -0.100116077585328
0.193505831730722 -0.0604799727694738 -0.0909646521020703 0.0721926343684295
0.315325107445324 0.00771593115222141 -0.395364693704174 -0.0227511517323424
0.0191423896798624 0.105464236772457 0.543853563110923 -0.0743448369255867
0.0732623823216512 0.00860946574194481 0.218832442860326 -0.17971482015934
0.0102382253326951 -0.0757960684786173 -0.0342296249734603 0.057892186110128
-0.0724809273010118 -0.0666665217197889 0.0877437994987361 0.189113105383821
-0.0936385309051198 0.0413906852488291 0.306997148305663 0.163205836838187
-0.0346204660602124 0.090179508916057 0.445313122351036 -0.015931392019786
0.000770147431334013 0.100937018049095 0.457929550386418 -0.233936047860235
0.00760619651612205 0.0860252511792683 0.410027797122548 -0.337943407700219
0.00153685205820471 0.0807515343511034 0.432746920848623 -0.260831906956331
-0.0227444590896082 0.0626356175738969 0.401081824502082 -0.0943626943045719
-0.0550458639450257 0.00903608943495959 0.251191621947093 0.0567827177961921
-0.0240688454584243 -0.0534793525537736 0.123588353247358 -0.0217822594554156
0.0433396762986035 -0.00299140168209265 0.151475311895506 -0.160222769669312
0.0101133170876221 0.0528333818494916 0.471943222962068 -0.175610232054144
-0.05858830739853 0.071195066775517 0.818037986834066 0.139915505954006
0.328764943858469 0.0975045645776561 0.486357265402009 -0.131905619784007
0.30166577050236 -0.0936780339581373 0.17982876448961 -0.215871268067731
0.132230018867041 -0.290957919170114 -0.0753140256496723 0.0488621191072096
-0.115896127535462 -0.281275889781472 0.0357731590629568 0.192000519611379
-0.261097381769348 -0.0554876598626688 0.273193111777668 0.193206123054136
-0.202842461682587 0.103955124012424 0.411603116601211 0.0160378112604304
-0.175104416204344 0.179511836972918 0.426832034932152 -0.183430482018355
-0.167481333558176 0.202776669426398 0.381643932781256 -0.283760694767334
-0.191814526037832 0.191721842104632 0.407316618532869 -0.216974156503797
-0.218369268690162 0.0836782980440528 0.346963988344392 -0.0534001734615789
-0.254075411425902 -0.0760981333646625 0.190750141381735 0.0797054533284662
-0.11680378303446 -0.294703516004582 0.0706736662337418 -0.0527905010217825
0.134081003925752 -0.281775101697188 0.142128931149287 -0.193564777460361
0.264560141547478 -0.0863777765566591 0.496686494308519 -0.199981292406166
0.28187715147442 0.0702441950700395 0.826533646491686 0.0975018149856496
0.598744322399723 0.0694424664422141 0.34109610726198 -0.19329521679184
0.502002151771405 -0.207914540056744 0.0885337461148945 -0.22620240625255
0.225904450818288 -0.493952716911096 -0.113556060599907 0.0603008224883851
-0.165988953107018 -0.465578863705148 -0.00373071092724292 0.190324788283433
-0.412393547364183 -0.140092756211964 0.224634546629163 0.199211390574674
-0.348416546142141 0.110487856362286 0.329384502269405 0.0384269587285314
-0.325204570459087 0.234921150188193 0.33359965924259 -0.110552899874572
-0.316473662353614 0.289610516978968 0.294359945584542 -0.185806609009623
-0.353179217271533 0.273434952698412 0.315667225975592 -0.138128010992496
-0.380962902848713 0.0912120997478565 0.233120757230289 -0.00487119160959059
-0.421079014511037 -0.151177521243946 0.0901737183571439 0.0849322453108605
-0.200004413030975 -0.503733491459913 -0.00407840608188099 -0.0922953017643871
0.204861634320342 -0.530385955928547 0.115688096302977 -0.225519799282776
0.485373860295416 -0.220004018996478 0.466725072997508 -0.206769570602983
0.579711030672196 0.0599655275668957 0.725353985529216 0.0533672536964258
0.79503242336015 0.0159011551073643 0.126695460391362 -0.24088596685081
0.637048525938523 -0.332722281249 -0.0488349958056776 -0.196147458528316
0.270410888521821 -0.670845284479912 -0.148777758376764 0.09170051032926
-0.230860095827872 -0.608020475155149 -0.0384970640230421 0.183195332036529
-0.530744664802549 -0.196874506205855 0.152931261129879 0.181151043525635
-0.452323642534404 0.109548711646854 0.202661418605745 0.0557754441995874
-0.428432112461714 0.260721493314143 0.191122000187149 -0.020215956547969
-0.415385066115658 0.33220599739661 0.163606884521525 -0.0581307124963838
-0.457580675533501 0.310264588819832 0.176491939720813 -0.0358647246893091
-0.48355171069321 0.0823207527879914 0.0779434830590324 0.0492854336250523
-0.525086545281623 -0.204477310934791 -0.0387446963356337 0.0769992718717861
-0.255425297562922 -0.639635717923159 -0.0898787522780237 -0.129413182994879
0.243386011564115 -0.703575630426002 0.0736974626964524 -0.239852242200266
0.629012155974345 -0.318787556539911 0.38279572732606 -0.183037952423486
0.785402692995546 0.0444586696367913 0.531611028224785 0.0174295366852228
0.88324800545417 -0.0473083167170952 -0.135764996048946 -0.260859004049377
0.686558893422321 -0.430184933263055 -0.216624407392415 -0.125181630109876
0.263030817604795 -0.767535695949266 -0.175704454291311 0.131438925624339
-0.280823787034296 -0.664158822697518 -0.0722871130799857 0.161889586069269
-0.582225882763008 -0.21763153913701 0.0526577734037911 0.14426213060071
-0.493257032653993 0.0981370307758746 0.0407039314200614 0.0699395121676744
-0.470880365831254 0.245889463137033 0.0171956392854083 0.0755583447182948
-0.451413222802341 0.324017647461797 0.0082372677253759 0.078104486928939
-0.489569198137347 0.298222789592131 0.0108002581536991 0.0748176256879596
-0.505788218199528 0.0559828441642653 -0.0933039210888336 0.098392958322913
-0.534234238829312 -0.228033413914671 -0.172439794852799 0.0550117477757834
-0.252200110480926 -0.665768697478432 -0.16748932109423 -0.156623197524426
0.254533260615204 -0.741960011476957 0.0291574281931916 -0.2287608247836
0.664729018871759 -0.348160433500693 0.256106782593057 -0.126030042357368
0.859497570914158 0.0310786090855678 0.275635174727534 -0.00612134280459048
0.839938929562956 -0.104132337526254 -0.407032637674617 -0.249487561885652
0.625462053028432 -0.457975210098625 -0.38004441792248 -0.025378638101247
0.215356671734181 -0.731790224951797 -0.18854083618806 0.162099643526733
-0.277913822719144 -0.602998876470622 -0.103367255464666 0.122083940124811
-0.534325304060894 -0.202768123545147 -0.0633021538111231 0.0923507621543422
-0.453685507656221 0.0724584335835534 -0.131884905489234 0.0787741827647488
-0.440928288349473 0.193820952874553 -0.16142748567665 0.163798815928386
-0.419123783543624 0.265807503890395 -0.149339796162983 0.202559435906381
-0.446582942887295 0.235393122823264 -0.157227318718979 0.172351684712643
-0.442783065017403 0.0139401941601966 -0.249199645401099 0.12775378006619
-0.441485957602667 -0.221096310729715 -0.279210315785603 0.0160992176570039
-0.18153693412177 -0.575496854069207 -0.211688557704401 -0.172529613939981
0.24107923928718 -0.63063060546507 -0.000977371007450835 -0.194479753266108
0.585052477480188 -0.293547286895309 0.11906799017645 -0.0504953361022396
0.788621232203582 0.019915716053923 0.00430769836307249 -0.0153989154480173
0.664308940431829 -0.141443199429722 -0.640287549235151 -0.212766657093813
0.458220105741644 -0.399443854723111 -0.509222390768661 0.0766210845320141
0.140855749944168 -0.554461692640569 -0.184545177693357 0.175280171601872
-0.211045849887743 -0.431728946593141 -0.120188866139069 0.0725234129709852
-0.383324898127949 -0.155495443218345 -0.16469998551468 0.0301138629265674
-0.334964365823545 0.0313466394269214 -0.281124739774511 0.0763294274079909
-0.336558892999602 0.110456960551267 -0.315906613454824 0.226116060121916
-0.321272018455162 0.166444056182748 -0.285151106486613 0.296343793226332
-0.336610283956761 0.135185719895161 -0.300850391261329 0.240726677660244
-0.314149682953494 -0.0324313533827375 -0.362670320748387 0.129069536109604
-0.276730623524911 -0.184929656938001 -0.335154996058895 -0.0390014250575056
-0.0737939562983976 -0.392798503947224 -0.209809962143868 -0.17802313405918
0.196853997359175 -0.41247291000405 -0.00842925163190798 -0.148989860208236
0.414156890973698 -0.183833775615409 -1.42000044356199E-05 0.0206074887184516
0.594566579739257 0.00915435243155706 -0.234076587276179 -0.0149475485578148
0.386550510127464 -0.152357177294744 -0.798044353857713 -0.162049294719858
0.221286774669427 -0.274486213268935 -0.589114354239954 0.164574214332915
0.0407400467735003 -0.287464555982535 -0.163670507350252 0.179773928824535
-0.111142469489678 -0.190607901258866 -0.110102224638519 0.0315103302151733
-0.170480377303798 -0.0810318878980446 -0.222938421215344 -0.0312818231219506
-0.159450250948136 -0.0156073701621634 -0.377090117073221 0.0572346789598763
-0.178275294365617 0.00885689392867675 -0.422060468380594 0.252622170967332
-0.174399154277868 0.041275663670403 -0.378321881299319 0.34378740116411
-0.178282819444574 0.0178144601072538 -0.397492817350122 0.268108424231488
-0.149452049206235 -0.0692572500925639 -0.418351642299696 0.105634471901395
-0.0934577489064192 -0.120973151511065 -0.339135676235101 -0.0962172773504999
0.0220863020594083 -0.173271069092528 -0.173514104804897 -0.17182102928244
0.115840069694366 -0.161486439445982 -0.000268694119651743 -0.105432523197256
0.192259858356408 -0.0702840789493818 -0.0855892839441612 0.0724627415613089
0.320356051865771 -0.00973709507811921 -0.405188665452408 -0.00370357658846892
0.0230334068976054 0.103151697652201 0.53630748040973 -0.0950599634120874
0.0714376288716229 0.00433765603187874 0.20563590107473 -0.184717838306801
0.00799908366131119 -0.0738849084038961 -0.0326101769503946 0.0585723432363022
-0.073950991338483 -0.0630602983161216 0.095488565240945 0.18256722776467
-0.0899719948850933 0.0441572710082472 0.313176589523631 0.145202563821787
-0.0296080893553417 0.0897988701522399 0.441608836780525 -0.0401401892217049
0.00652034875587382 0.0984959038540057 0.437436208316612 -0.25659344539644
0.0131344357105623 0.0849093374532379 0.381536993275956 -0.356538762033452
0.00607285290042958 0.0805394604109953 0.413717373709894 -0.284415280788342
-0.0181797364960515 0.0625751172179009 0.392383507041068 -0.117556833736778
-0.0526865678690565 0.0122118518780431 0.254240737303729 0.0434188924982092
-0.0273899681371376 -0.0498458338269201 0.119447674799956 -0.0267651738454865
0.0424107943845818 -0.00474279896373075 0.139262159239894 -0.161800763002837
0.0114668148813278 0.0523041892011557 0.459322659599894 -0.190798509170303
-0.0564244277166111 0.0725049335957898 0.817775860228595 0.104735419227485
0.328290485123117 0.080975729020176 0.477088056373721 -0.147910281122856
0.293501086896025 -0.105876829650551 0.165522641063612 -0.21839063184941
0.11619382564933 -0.292137495745215 -0.0720363676878499 0.0516479222811335
-0.127446329920658 -0.273004686953214 0.0441984457077462 0.187280355334688
-0.260258120614807 -0.0426329707883732 0.282361520179674 0.176110781694935
-0.195663985552039 0.11102589533725 0.409399476952173 -0.0064664719793017
-0.164761492109768 0.185474079841599 0.411150078358701 -0.204992008814366
-0.154239527119856 0.210323369942914 0.358161015875287 -0.301481191817457
-0.179016032864533 0.201106324139591 0.389261423633717 -0.238465308051464
-0.211918108264636 0.0913401642537022 0.339933877032296 -0.0735883062191185
-0.25480850978984 -0.0621784842073743 0.195805579408478 0.0686078233347324
-0.13165020419406 -0.286549326766369 0.0640222213310915 -0.0541842639991839
0.11925745787011 -0.286407335492056 0.130229477877582 -0.194326266544066
0.258327038791581 -0.0967936659921904 0.483734653350421 -0.21758584684244
0.281946690554517 0.0554061712170423 0.823693058863525 0.0610205068789031
0.594606050341649 0.0398674190806276 0.331447685947054 -0.203939709017816
0.485679681878149 -0.22745733514851 0.0760990987846506 -0.22455256703106
0.199071121791973 -0.496985580151567 -0.108722171036354 0.064628042037413
-0.185842343367162 -0.454033980047153 0.0046887545917354 0.186864346620491
-0.412554563753765 -0.117079034938142 0.235062381231819 0.182472974312519
-0.339652191899698 0.124618642806208 0.329878369214688 0.0200405894771518
-0.311465659188542 0.248456059036418 0.323413436413796 -0.127836948451891
-0.297136742353205 0.3048299436121 0.277967679010405 -0.200187666866581
-0.334377816796782 0.289578934976037 0.303025570653114 -0.155968687124899
-0.373554151033012 0.106725871914402 0.230090442522157 -0.0181532223054067
-0.424863256287656 -0.129051538072327 0.0956717251287155 0.0781443512037776
-0.224356450889981 -0.489959844088935 -0.0119093850552884 -0.0894709051039065
0.177036667387527 -0.536816651124699 0.104268984755625 -0.225891741447086
0.470522941490702 -0.239458508397373 0.45330781478643 -0.225694056511424
0.578517603255554 0.0309342607022778 0.720628702857143 0.0221702363476376
0.785332580369961 -0.0205405279299651 0.116769451894127 -0.241931707759539
0.617234608990296 -0.356559093618589 -0.0576733432273261 -0.189670173581162
0.23346076470949 -0.676671611950463 -0.14102938371374 0.0975112491056451
-0.257377763299893 -0.590676489443647 -0.0291705958733458 0.180895979482258
-0.534014972604702 -0.166526654157059 0.163820938187255 0.16843674306805
-0.443248590271033 0.129868065449707 0.204761520397116 0.0434044591338289
-0.413443327470916 0.277508050397288 0.18753197073972 -0.0309059340957966
-0.392940104483262 0.353773614258369 0.157170916379634 -0.0670551184224297
-0.43583983134148 0.332889687831012 0.170322437250813 -0.0465413462401221
-0.475452879266745 0.103275966048244 0.0789340706813596 0.0438690443583422
-0.530450467269125 -0.17539329191172 -0.0326699449031899 0.0759692292623668
-0.285203600451737 -0.622530611987909 -0.0988452683129977 -0.12209531037309
0.206875764118644 -0.708400771663618 0.0638749308324572 -0.240243635356663
0.608555302097215 -0.343194020056694 0.371523580955383 -0.199500387723545
0.783464586236141 0.00632596369161683 0.525365481880887 -0.00726322292833113
0.871001361367901 -0.084571453652917 -0.143068787248014 -0.25315595600702
0.661268485043567 -0.455059002565537 -0.218264475707014 -0.111652768363338
0.222218964636828 -0.772334880722176 -0.164689717783255 0.137875574759426
-0.310553480853629 -0.645422561734938 -0.063598948281663 0.16173304395695
-0.586950564218296 -0.183866155966318 0.0627127028996011 0.13751861096376
-0.483785795078086 0.12129283444669 0.0445980125141297 0.0660089648963876
-0.456462729829969 0.268103227055593 0.0221941745209731 0.0734770239655443
-0.430595565666037 0.349004556287533 0.0125807896615734 0.0761372612234383
-0.468342592516984 0.321313054508555 0.0118161251038862 0.0719939141807662
-0.498073043752466 0.0780163921891763 -0.0878259276187025 0.101659961129691
-0.539355178093307 -0.200697101467209 -0.167422535562826 0.0610123352447633
-0.284305586307071 -0.651460278543133 -0.17705634470006 -0.145333363027011
0.215317214024232 -0.747583727062803 0.0208697549178856 -0.228250833348287
0.64226681252733 -0.373512050218136 0.249017614997324 -0.139874972845425
0.853768587672259 -0.0118913326461195 0.270093749541847 -0.017867506765846
0.827008752727634 -0.143175624707902 -0.411459771505143 -0.231274328906667
0.60083958016764 -0.482144232067449 -0.375320773378679 -0.00621964764992524
0.175590426860678 -0.736598181941312 -0.175568907515651 0.168833569601089
-0.303559669912131 -0.586788798167102 -0.0964760097960149 0.123565873980262
-0.53853687526186 -0.172137309593312 -0.0554860199274274 0.092406855411938
-0.447925380886725 0.0938916494838937 -0.1259731748861 0.0840647791173744
-0.42865533037057 0.215346955917715 -0.148272485163667 0.16999550091843
-0.400708424611165 0.288088213561304 -0.134673522874063 0.208518106990172
-0.429850670312473 0.257188522215821 -0.147937895697536 0.178069387059071
-0.439673120933766 0.0341612274976954 -0.240504619607206 0.140083852656357
-0.446871649343981 -0.198087447280349 -0.275557487783297 0.0272016321742739
-0.209782278709024 -0.564804325207091 -0.220672909039452 -0.158891917195641
0.208002319245297 -0.638024133055829 -0.00761175314237212 -0.194854975194695
0.566845291058086 -0.315665957473228 0.117180784468683 -0.0606310835186738
0.785347878424633 -0.0184039979748862 0.000424695824356613 -0.0153373813691234
0.65225033075717 -0.171141567675829 -0.642577815111614 -0.186522060725238
0.438810486798063 -0.414683456981992 -0.497949556267152 0.0989684768015716
0.110923054137154 -0.558264244943116 -0.171377990083845 0.18122083684489
-0.228560407272726 -0.418835399716822 -0.115024884324224 0.0750066336416014
-0.387968634653073 -0.131251127002489 -0.159473920482538 0.0359307644069061
-0.330186205002808 0.0469702740467444 -0.275325531691262 0.088629627265671
-0.330428029713516 0.128027287186579 -0.297822108729339 0.241066071569882
-0.310819825333424 0.184311288313229 -0.262629645384683 0.308226486062032
-0.325463618374123 0.151299618767935 -0.284885877286954 0.254194546098197
-0.31441608733088 -0.0184839733946338 -0.3522589896225 0.148291965383776
-0.283398997283807 -0.169312801560351 -0.334703123968455 -0.022869574541957
-0.0923681234064729 -0.388676391707937 -0.216862010532696 -0.164955782083648
0.173271302868214 -0.418184104143551 -0.0130674552057389 -0.150990653536484
0.401179133550362 -0.199794446273771 0.00217448358692047 0.0141813923368166
0.590773828242425 -0.0191522489191859 -0.236356980339964 -0.00351864272472738
0.376655277797776 -0.167266253273434 -0.796182295918922 -0.129167895335206
0.209386075153842 -0.280040620999839 -0.571741246336287 0.188046363879697
0.0269344990301145 -0.288254480795071 -0.151741715426297 0.185342960872537
-0.117763556994953 -0.184481057491652 -0.107093475471831 0.0341321457985256
-0.17294727913904 -0.0696496278033055 -0.222473139647154 -0.0208663442883138
-0.158886373834427 -0.00675887234850365 -0.373124082245874 0.0757074021473839
-0.17853977815629 0.0189646821914712 -0.40047500499361 0.272698912251095
-0.172406621527947 0.0508812953202759 -0.351933195930515 0.361089329800569
-0.17576475110186 0.02636973682239 -0.378236385876875 0.288103523156093
-0.152759617081747 -0.0615926187492954 -0.408228859668086 0.128608943216206
-0.0986048371776147 -0.115262383369184 -0.342138344634822 -0.0779918562472125
0.0129541828391803 -0.175105509849917 -0.179880234546129 -0.161285286936222
0.105299694372503 -0.165572096130908 -0.00345730539507078 -0.108733418563869
0.186563337969571 -0.0780847374219814 -0.0807488856176245 0.0700329190645063
0.318493317528627 -0.0260450390939364 -0.404840704239474 0.0142400901900238
0.0592674251911439 0.0839778190210648 0.46971496121401 -0.262260606037345
0.0672408293310477 -0.0234474501695409 0.129074493207844 -0.233163985810964
-0.016304056147351 -0.0708817179664196 -0.00716171716159563 0.0685270885394986
-0.0897867525767627 -0.0309496472983972 0.154469318501981 0.135885620309659
-0.0647404085536407 0.0705564124074434 0.338854811596279 0.0265120637257593
0.00769051987857782 0.0906208106356001 0.394101868835012 -0.190233415301302
0.042429435959868 0.0873504413926262 0.31169772400515 -0.392696514341547
0.041191793487274 0.0700572665962344 0.224288792828779 -0.457060045354125
0.0335963137083335 0.0718862388427411 0.284343913522421 -0.401074727122511
0.00348815808132316 0.0619367868895407 0.323098177676272 -0.239487415633491
-0.0430366068873706 0.0291477037507957 0.250500924707219 -0.0457604236640283
-0.0413872796300712 -0.0350007659546613 0.101098193589735 -0.0607273717171644
0.0370641099051014 -0.0186679252806437 0.0763248664103276 -0.190072215843851
0.0228272895337068 0.0462820806905644 0.368992892819337 -0.317764611530618
-0.0363092615060869 0.0867634540165887 0.788553544200354 -0.149948994907513
0.339822446835932 -0.0432742249283669 0.389588020953788 -0.282724093913543
0.236368232571575 -0.205215613606561 0.0797509613264292 -0.238694920313022
0.0078170538839289 -0.310920230497201 -0.0350950265444785 0.084296681174147
-0.215148159275082 -0.205267261412509 0.120415782460711 0.157706736406579
-0.250691395723558 0.0486040751683008 0.326464040330803 0.0592863844279066
-0.138155683565387 0.165227586783292 0.377042144517924 -0.154558699366751
-0.089961272024445 0.228237611359024 0.309596084760402 -0.339695592923786
-0.070514499593246 0.241677522817056 0.218481059917091 -0.403664299196418
-0.0963214503218193 0.244598739560946 0.275581395782969 -0.35439706363747
-0.167159965533066 0.151855475981745 0.292376119118508 -0.184582196138519
-0.254575739384894 0.0270165689801112 0.209658245122421 -0.00648852343788733
-0.216425362273647 -0.221819329647089 0.0447051202655091 -0.0637645976832716
0.016577170035369 -0.304310344435631 0.0548785317591405 -0.214270399359874
0.203764470042199 -0.173242525998976 0.378422213856791 -0.354365871531495
0.277920443377592 -0.0362097555149413 0.773326065413021 -0.200200817027702
0.577575883814604 -0.173383781370857 0.230675378037405 -0.277984904351344
0.373930540744184 -0.385517936040024 -0.0052673531400603 -0.203173264136693
0.0110755216416715 -0.53009634133509 -0.0532986522249137 0.116099381485758
-0.334134457169276 -0.350817470137749 0.0944644222783569 0.169903196023076
-0.416305325197073 0.0319465771361511 0.290572544664339 0.0754262657850557
-0.267473458892664 0.225016446160955 0.312126968922589 -0.108302061025518
-0.207497782333534 0.337708082641046 0.260320611941287 -0.242160872317158
-0.169719718318129 0.375938365053924 0.179101027681286 -0.287547258992586
-0.209340009515718 0.378308517185308 0.221791637841006 -0.251271330813336
-0.312198882562486 0.219065159453369 0.211402656259757 -0.0990412942526728
-0.432513511227604 0.0225765320578025 0.125230997055345 0.0329764544712752
-0.371311430701341 -0.382572483150438 -0.0346656732570072 -0.0682584238339032
-0.0107015790479651 -0.554742717769319 0.0179012649248966 -0.231449634459414
0.355528209146833 -0.375547842546994 0.343283766802491 -0.355893605212811
0.550532085589333 -0.152924770012643 0.660962108336544 -0.211195946409825
0.734941024248997 -0.295990724548845 0.0144503097440337 -0.237947808074204
0.451686388211739 -0.55091231755446 -0.116355181626282 -0.118619160165279
-0.0190164793319874 -0.708364165532832 -0.0625620591622431 0.162194850587971
-0.449672217017312 -0.451895286177071 0.0694234831397119 0.17350965631685
-0.544064345156595 0.0287603711026219 0.224131623862796 0.0807626306842905
-0.363421373384572 0.264547417779691 0.205718092190107 -0.047904851156439
-0.295149678392157 0.402793292813443 0.171844169025406 -0.108286097438322
-0.242196443417693 0.453102555006244 0.114914688051148 -0.127413100048874
-0.288444970690373 0.452279643653642 0.136299660430257 -0.107365392336873
-0.409018600587293 0.248428795740035 0.0936235190610789 0.0069421040703791
-0.54547367339675 0.0127813753776875 0.00845648133620255 0.0730486766698679
-0.472034203623336 -0.487163674116407 -0.122666831963788 -0.0676613181755038
-0.0391012283587231 -0.723832593197002 -0.026049287774725 -0.230223527791389
0.451497637431892 -0.516817846938665 0.271818259698084 -0.30863724195592
0.735700685781672 -0.240219809710291 0.467831495670481 -0.181904932364705
0.792286739328242 -0.386050747848594 -0.232019925739783 -0.16092350528234
0.458040571279609 -0.658853909779871 -0.237973605170717 0.00885070666308951
-0.0649937076830813 -0.793261770266069 -0.0647220798114048 0.208589589967467
-0.516709024484518 -0.48269875600855 0.0351048798931947 0.164655096764231
-0.599797986817844 0.0297714543663348 0.121340100295163 0.0820609338740314
-0.405238069538737 0.270776990743302 0.0648207778109366 0.0261458748273871
-0.339935078156037 0.408829666070755 0.057592832310563 0.044939334583102
-0.279267201250605 0.462018857629276 0.0334321215020224 0.0526093665111892
-0.322241439185549 0.450878193538454 0.0301496505193582 0.0543471861398076
-0.437705557222056 0.233253413099522 -0.0408485070062848 0.115138519568957
-0.562161937923762 -0.00668113865796551 -0.119638787416338 0.103715022446315
-0.477891189749619 -0.514024422750823 -0.20180682085327 -0.0643938221649701
-0.0442143815590697 -0.761852518146286 -0.0638190317904182 -0.207887112679444
0.472315888653189 -0.554972203196954 0.17429400294106 -0.216436967940503
0.79936713809888 -0.279956100205458 0.225624780011821 -0.117001822656287
0.731227816771988 -0.423344114818293 -0.474441542726597 -0.0556373083706422
0.393258003971386 -0.661112588033621 -0.347106422225167 0.155154437661457
-0.0957428184428821 -0.746280355120653 -0.0662433279338697 0.237661556154079
-0.491965412376797 -0.432278330358732 -0.0112373173217857 0.139392140003903
-0.55345373173781 0.025543622876246 -0.00501989936568706 0.0805210909166489
-0.382479681042323 0.234853280411172 -0.087690422036505 0.102779964735913
-0.334328821724664 0.352439023010224 -0.0654612283362885 0.195738064230741
-0.27250354386403 0.399450461898433 -0.0536275615809346 0.22481512145093
-0.309650312923621 0.379380646693636 -0.079514805356323 0.207034936286818
-0.397516085678862 0.174500355965734 -0.169031476823688 0.20228056450035
-0.477300445954925 -0.0355951782006983 -0.232562288654145 0.111003305616157
-0.380320406093543 -0.45727747660954 -0.247812651203645 -0.0650561954867258
-0.016299357926267 -0.657086956348873 -0.0784500566586655 -0.170981008873124
0.421830916214692 -0.476072862549661 0.0779973072577395 -0.101855667563798
0.734788785496685 -0.266487790385483 -0.0215280605066944 -0.031398523342774
0.555930024012701 -0.384315862379427 -0.670095561708838 0.0545854615928798
0.266146593930298 -0.539222718018051 -0.4265392249939 0.283196801042621
-0.0927692635877282 -0.55806082245213 -0.0678457879667272 0.240323920234962
-0.36292262269374 -0.304646287541185 -0.0549729556902202 0.101318987291176
-0.402897118619126 0.0114230903673038 -0.124989844203851 0.0694260458024333
-0.292377960072953 0.154331602518179 -0.224357354628841 0.162965813046508
-0.271830374169661 0.237486425251457 -0.180053460774473 0.317107392510635
-0.225229660050512 0.2740801130161 -0.133979789640894 0.363477957965471
-0.248830124665001 0.247291674482534 -0.179480759238623 0.324910246843619
-0.298045420348042 0.0859956895415885 -0.271239308804598 0.249378912959661
-0.317307994093456 -0.0636009605904388 -0.307457525694927 0.0874867892104872
-0.214879539880356 -0.332781300793315 -0.24929013767206 -0.0755345088161983
0.02344504823311 -0.44323038119382 -0.0679370167777204 -0.133571762347016
0.3079221112221 -0.317002184575534 -0.00258985605362706 0.003734270798892
0.551274795054206 -0.20663337624985 -0.23291075517531 0.0562546188408719
0.296124396654293 -0.284286525162617 -0.789960958747536 0.14803114376322
0.0983981576508998 -0.331135628699781 -0.46653849183078 0.375477118005378
-0.0760514020213011 -0.277667645009527 -0.0632600075970121 0.22785506367263
-0.175317151955799 -0.128216024406163 -0.0763459928923988 0.0631185414235559
-0.184592652954574 -0.00379129144183833 -0.208325200148219 0.0446214783808
-0.153827753905269 0.0486257563487974 -0.320140303166571 0.191301930983722
-0.165656032542083 0.0830320823205986 -0.267970087334501 0.388842456828356
-0.142771220150112 0.107200073012103 -0.195183271702762 0.446373185545192
-0.154358412217178 0.0825890200042562 -0.25057595760632 0.389981179484787
-0.161526068934939 -0.00597676096883844 -0.331186877384024 0.251880484807871
-0.129039627348351 -0.0742611280102785 -0.336427205281355 0.0427821577458836
-0.0463644814808578 -0.168017691235864 -0.216330925987827 -0.0885690830344198
0.0418593910367306 -0.187053928042192 -0.0427423554656672 -0.101830837619831
0.149049456905345 -0.133628638817082 -0.0584005134267117 0.0836138693252736
0.294482524062935 -0.12732152654166 -0.378213504858839 0.130873210906048
0.0591827502320159 0.0813148707981631 0.465850214717567 -0.266770353114735
0.0654919084318527 -0.0243809368417202 0.124404040512646 -0.230707238181516
-0.0158858563986238 -0.0705262207433493 -0.00661787722551469 0.0696719086375465
-0.0894354251488606 -0.0296037796170948 0.155516515612889 0.131504893720824
-0.0628578337757048 0.070669753537468 0.336936227015164 0.0174982137898424
0.00959772932790223 0.0884140470445481 0.388545297394208 -0.199859805065077
0.0434215146454669 0.0845338666516091 0.299159243805173 -0.394872863535699
0.0434542807642274 0.0677083422842736 0.207663103135288 -0.457336291267925
0.0364382928675299 0.0704145978508085 0.270793724154015 -0.407443715564875
0.00534891187078395 0.0606303789668506 0.313650408895578 -0.247866483119062
-0.0412223856084667 0.0300631049681437 0.249370233547739 -0.0521019403197051
-0.0410344931757903 -0.0321102857853098 0.0982734609649537 -0.0608997881577103
0.0366067357274214 -0.0187150120690292 0.0735255840943986 -0.186450383641846
0.0217102463799283 0.04602466601299 0.363468541813208 -0.318411202343163
-0.0368774990555183 0.0869936953549612 0.784227722171614 -0.161671671286201
0.335374870706134 -0.049427907995695 0.385634251479148 -0.285807898740874
0.230240282774526 -0.207265689511538 0.0756113043633513 -0.234923811801979
0.00234639112977294 -0.308646194051026 -0.0327198658928843 0.0850179741917736
-0.217578866122288 -0.200823612395233 0.122327327240919 0.153161290142424
-0.246978575739399 0.0529463554926105 0.326045583830573 0.0489451440841886
-0.133855116838753 0.165118699101081 0.371682212295373 -0.16510921526432
-0.084980964566838 0.228334935525785 0.29740360517288 -0.344236546423544
-0.062519074451817 0.242020837758234 0.203956925123865 -0.403695177116243
-0.0879620745703461 0.245274493838845 0.2615859344599 -0.359701095627655
-0.163549647635729 0.153569558348651 0.284659488236331 -0.191128927036444
-0.251397988228217 0.0320878385626982 0.209241716152543 -0.0126090766108107
-0.220295701632043 -0.215683564516758 0.0416109250982153 -0.0619178659815764
0.00930675664442207 -0.303208692595319 0.0523168850278778 -0.210879312250636
0.19870160427555 -0.175724026179741 0.372566008663708 -0.356863317058229
0.274232858803013 -0.0411728351064595 0.7664982378552 -0.208427183104527
0.568482696210522 -0.182843259842978 0.227447915840698 -0.278831621987108
0.363531958410248 -0.388667114443064 -0.00725912309241417 -0.198823005036855
0.000314213697466344 -0.525508412194725 -0.0488815071254796 0.11546569809461
-0.338150124854015 -0.34323408268797 0.0959974467645467 0.164893030978697
-0.411487028838322 0.040260980178164 0.291044972996189 0.0652013822311442
-0.261289139160483 0.227313192712809 0.308493536405901 -0.116798753895393
-0.200147170733775 0.34112437935801 0.250996027656048 -0.246106943779557
-0.158388866122675 0.379491284250614 0.168290025497875 -0.288227351451218
-0.197084260621499 0.380469284620946 0.210653888682692 -0.25587708211764
-0.308297982759775 0.222677418578177 0.205897015642222 -0.104735362880577
-0.429446242463286 0.0309895604645658 0.125101815933333 0.028274546998437
-0.378224246695057 -0.372952717522922 -0.036352088540294 -0.0650324552298421
-0.0242262887843547 -0.553251721256777 0.0162121214927599 -0.228746639237666
0.348666382015262 -0.378650885729408 0.337095388499612 -0.357534765267591
0.54469718066905 -0.163107997197254 0.652791228680112 -0.21900308884817
0.722552035101146 -0.306023970849829 0.0123384069737374 -0.236357225433408
0.441399426744242 -0.555044829405187 -0.116213257493662 -0.114286639081149
-0.0342794890689962 -0.701822516221909 -0.0565136812040338 0.16028853482422
-0.454223189284152 -0.441984970826929 0.0708648316423594 0.169646607192001
-0.537792446480632 0.0399096301916328 0.224824706393631 0.0714592117413346
-0.356020801852172 0.267757674267189 0.202876612577592 -0.0536938558497873
-0.285245296296869 0.40764932211486 0.166615752129882 -0.112046491360895
-0.229363180663226 0.458347576340397 0.109198164078769 -0.128286528403489
-0.274476973588702 0.455557385744705 0.12908951229523 -0.110506006974757
-0.40420796905857 0.253211509499305 0.0917798160146373 0.00439786586153018
-0.542284545259975 0.0225954690577001 0.00958735431067288 0.0706544850110703
-0.480479188408821 -0.476914292155433 -0.124561188451045 -0.0625102935336222
-0.0534331393269336 -0.721443070929937 -0.0283526638780662 -0.22799135925225
0.441376016010064 -0.520597257916236 0.264101833821306 -0.312166980605157
0.72740926999117 -0.253532927574827 0.461724549496483 -0.187232070629471
0.779632996954619 -0.395948592407031 -0.232870595094595 -0.158365858539577
0.447740207620325 -0.662069787828268 -0.234820644513678 0.0137060872903895
-0.0815423885815696 -0.787170408833229 -0.0580284641516528 0.206216345298828
-0.522237657440308 -0.472518766282538 0.0361762568164595 0.160752882326007
-0.593849660080524 0.0435421686956946 0.123280643662259 0.0756357804549154
-0.398756194636866 0.277394610909075 0.0643010566283523 0.0229872230024967
-0.331125252781823 0.415234753152679 0.0578496196835764 0.0419737252687164
-0.264393151566001 0.470017788425459 0.0329706621314941 0.0504629179381544
-0.307771412460235 0.454806065775996 0.0286578499589607 0.0525335083828692
-0.433313598335721 0.239894747490906 -0.0380588843189692 0.116054154793735
-0.558619720746133 0.0039135743948274 -0.117685969333074 0.104463268083617
-0.487882739462976 -0.50428411797757 -0.202682089149715 -0.057739179228951
-0.0603161625386433 -0.757777539008567 -0.0657522319131473 -0.206133273271181
0.464326495392318 -0.558488620748303 0.168463791018767 -0.221051927452532
0.791013606995318 -0.295180806497046 0.221130568229896 -0.117721416047571
0.719192626326278 -0.431367364760422 -0.473381609101064 -0.0511813137259046
0.38320143574377 -0.664544405142779 -0.341372540887822 0.159578796989607
-0.111436814046036 -0.739861462143969 -0.0591325541951525 0.234469095802963
-0.497413766925319 -0.422690039221821 -0.0100191280928349 0.13718524564947
-0.548330204520823 0.0392219874904719 -0.00181086604997257 0.0768229042938917
-0.37630463728618 0.239772878752582 -0.0866101312924877 0.103961504587356
-0.325693496280765 0.360428340821506 -0.0599299495144475 0.193456724860408
-0.260417133606756 0.40685895941749 -0.0476193862275342 0.221811838158098
-0.296785226664995 0.383815917178175 -0.0749312211734596 0.207022599744133
-0.393316841750606 0.179840478559845 -0.163059528173367 0.206078508982243
-0.473845531654311 -0.0261058817775693 -0.229237634770958 0.114724750991283
-0.390613521312735 -0.449669488161474 -0.248027214360692 -0.058403830272078
-0.0310912958261884 -0.654030301799777 -0.0812205289318917 -0.171539544414573
0.41398884347268 -0.480328377284793 0.0731715919891688 -0.10713775885769
0.724113846318148 -0.279343145849985 -0.0235991166120376 -0.0277613262778883
0.546708364121491 -0.390388567603781 -0.666279164163388 0.0610986523569207
0.260180386496868 -0.5419766465628 -0.418130078806045 0.287302803145107
-0.105116733242228 -0.55367317552169 -0.0614068431862104 0.23728586067064
-0.366600087719964 -0.298447428542923 -0.0535428325574533 0.100790639205649
-0.398682572884101 0.0221421198862319 -0.121777726979999 0.069248345858188
-0.288530581115726 0.15950541510149 -0.222235063957201 0.167389695999148
-0.266634114940181 0.245184614711777 -0.169871092559727 0.317304581634131
-0.216938485735083 0.281084811074638 -0.122487978026655 0.361173921300601
-0.241796069872091 0.251721016488775 -0.168737086065877 0.326776867761695
-0.296092665882029 0.0918632337534824 -0.262247053105286 0.255070892171151
-0.315808048637975 -0.0577066363391322 -0.304717851890507 0.0943703221379082
-0.223008018812458 -0.328199434558125 -0.2495373187123 -0.0685929071823533
0.012124581927033 -0.440729401372896 -0.0709113682424205 -0.134935224866762
0.302782711021102 -0.318312533990643 -0.00518553567257636 -0.000563338135451652
0.546068021285891 -0.218928531268517 -0.232753342074246 0.0615188236702582
0.29027102562307 -0.286650750528387 -0.783483139981943 0.154357213157649
0.0951842926655371 -0.331127376679529 -0.455648657005448 0.377343583148653
-0.0814870436637618 -0.276401025202577 -0.0582761917799618 0.225328628590879
-0.176321194062373 -0.126521492692092 -0.0748054572064318 0.0630646071659268
-0.182881948157725 0.00139121058846884 -0.207232958557466 0.0484632037704475
-0.152451227846113 0.051968655996681 -0.317357997326439 0.199955042612731
-0.163845125459118 0.089140023543992 -0.25449509320056 0.390057014558325
-0.13970478807461 0.111808484226292 -0.179841527278348 0.444459202714705
-0.15250212098777 0.0856528912599076 -0.237931376146493 0.393486224316258
-0.162522248772457 -0.0019583134266009 -0.32114995647709 0.259706710210466
-0.129961241714493 -0.0711894103887122 -0.334797215758723 0.0514558894764571
-0.0517843017830301 -0.167521866251062 -0.216032573176112 -0.0829156063536622
0.0365370619247364 -0.186002567245229 -0.0464532076550357 -0.104614365895468
0.147813471639167 -0.134233060299659 -0.0587391318583628 0.0799263637396697
0.29153847327062 -0.133733099403169 -0.375574311802813 0.137764518232692
0.0599765062305773 0.0799126395844686 0.468220361624173 -0.276499969404486
0.0642421031161697 -0.0254027934001972 0.122198292238498 -0.232363913154042
-0.0154185589832435 -0.0711077252415536 -0.00497239797148015 0.0720878561750717
-0.0912605318435649 -0.0288214206950036 0.159453027625297 0.129040531043762
-0.0627722441233297 0.0715076056055274 0.340938669892381 0.00774136316014306
0.0111519441973528 0.0883480253068688 0.388976729359235 -0.214952897500304
0.0455264502292811 0.0829978513074832 0.29050124511543 -0.4052537633466
0.0457188069734508 0.0658330110904413 0.195117463135147 -0.462130467227752
0.0397430450425775 0.0695992739068325 0.259854103425886 -0.417695735394812
0.00718598851869849 0.0604507680871441 0.308691220963571 -0.258787309966942
-0.0405820273287382 0.0308154536203542 0.251586218148326 -0.059228379321092
-0.0413595895448257 -0.0302620054722382 0.0966985389809544 -0.0624705349218324
0.0365353950088146 -0.0198382489509884 0.0724029990579447 -0.185905225043121
0.0198785083843016 0.0465674629207836 0.364903628752753 -0.32584107760893
-0.0375967064258183 0.0894140139276936 0.789620105546319 -0.176880863404066
0.335766949874896 -0.0578604616903453 0.387273105968955 -0.293862824397961
0.228440051064995 -0.21311274507272 0.0728280204398742 -0.236033898764496
-0.00331318313030945 -0.311162721869413 -0.0296670635513666 0.086558219196828
-0.223510991952111 -0.199190209125108 0.125457590432616 0.151098045785612
-0.247456849642671 0.0579779072104077 0.330322944468485 0.0394089925583749
-0.132980959961393 0.167666294468859 0.372145898490027 -0.178262966943859
-0.0816550379176126 0.232334757929585 0.290724879401423 -0.354279489355472
-0.0562575637727282 0.246946852755517 0.19339627215639 -0.409070961096549
-0.0814564445214622 0.249403212303372 0.250667821776401 -0.371103101111934
-0.162755244334125 0.157508650528872 0.281056399364081 -0.201312807518154
-0.252593911206558 0.0380257125183609 0.211712443579326 -0.0191213453798321
-0.227921883203458 -0.213346076793224 0.0396179249689085 -0.0618930573523316
0.00191411492761684 -0.308136479584159 0.0514166608818925 -0.211471532947249
0.196777783930383 -0.180737273656581 0.371432161334409 -0.364592422746737
0.275595733502415 -0.0484528825353283 0.771812436063316 -0.224368657651917
0.568968684128984 -0.195576406031156 0.226408152789157 -0.284441345269055
0.360935607769678 -0.398207862786117 -0.00978920778277605 -0.197836782303893
-0.010532141009362 -0.529922445946812 -0.0454449483374045 0.116647073276562
-0.347850093254624 -0.341817096456322 0.09843673417857 0.163364983312099
-0.413159990100609 0.0496524443331213 0.296116531050156 0.0564980449078661
-0.259862786682275 0.232576438313502 0.309343860833677 -0.128098697791956
-0.195704897944614 0.350409838289888 0.245933396446097 -0.255007724024316
-0.149049065727002 0.389511306901857 0.160416144145422 -0.29239923917141
-0.1887810264383 0.389661309786145 0.202602523348842 -0.264251873693165
-0.308431198936841 0.230459721899465 0.204174414311817 -0.111872019570273
-0.433099978363555 0.0398435013165136 0.126814974151382 0.0247766520328408
-0.393482646317073 -0.370592040840227 -0.0396278792048682 -0.0625468347841406
-0.0371563628601411 -0.559887382189605 0.014110678464246 -0.230399358149127
0.34501263596029 -0.388449647907406 0.335761904475249 -0.366953810954022
0.546343499722375 -0.176643405035321 0.657071270876386 -0.230601290695509
0.723767180680411 -0.323393962653759 0.00847456073643442 -0.23896172453563
0.435846155534819 -0.570516443075961 -0.118276688194671 -0.111241284577762
-0.0492609027344138 -0.70648154174362 -0.0512555274182745 0.160184376433843
-0.468362537040483 -0.440386964121273 0.0731137869985218 0.168116764072706
-0.540441107658496 0.0507035426302518 0.229918976530825 0.0632212965100666
-0.354681479295298 0.276980496750172 0.202986316999491 -0.0610459470713544
-0.280785228828194 0.420823630935461 0.164541763042924 -0.117452084505231
-0.216555133240319 0.472937972215548 0.104172116750927 -0.13156991557618
-0.264331790379376 0.467401778355935 0.124143648098936 -0.115808315353908
-0.405382213652293 0.26512713622305 0.0922209288340425 0.00188361605776382
-0.545580192907773 0.0336956074264743 0.0107136284835431 0.0697939783930853
-0.500555940672492 -0.47270620322201 -0.12771986376978 -0.0585070893561141
-0.0699031458807643 -0.729265898250731 -0.0304239081654429 -0.230331742791985
0.438178672526173 -0.533267056596926 0.26157583010932 -0.320547525470321
0.731281569437057 -0.272005781084172 0.463155613129749 -0.194308255189759
0.779303931881958 -0.415034818153846 -0.238882295360466 -0.156352384663059
0.442912873642991 -0.680065455716621 -0.236289350209015 0.0193123906938854
-0.101038383738661 -0.792860412797859 -0.0514240143427777 0.206156665296472
-0.537503333365861 -0.47039740117777 0.0379263411126896 0.160653341341775
-0.59763489670246 0.0581003923037509 0.127546971642643 0.0693564065289479
-0.397532247078326 0.286758959303074 0.0636687111865746 0.0221894298186755
-0.326498010265077 0.430920820819894 0.0583234828998462 0.0397414205758451
-0.253683943693302 0.483256599064735 0.0330742547697129 0.0495874444660924
-0.298197661744979 0.468162853785907 0.0280060724627029 0.0519361438149584
-0.435228653732117 0.250861318326033 -0.0367508933242038 0.117946244423689
-0.563304440739629 0.0158142801209989 -0.118034284746034 0.107101611330041
-0.508402347297886 -0.500506009192956 -0.206977213255694 -0.0530165104857855
-0.0774786362239843 -0.765763980235183 -0.069338141830062 -0.209815158665633
0.46028866625264 -0.573547793139136 0.164854400686838 -0.227970253005325
0.795035457903809 -0.316583969410452 0.219908680892712 -0.120174654695131
0.718732402651625 -0.448720587661538 -0.480971970807684 -0.0447642165479401
0.378455701608784 -0.680009100684636 -0.341289594607229 0.167267139631388
-0.129464718705284 -0.744568761877636 -0.0532480610344653 0.234166752965594
-0.511721393067218 -0.421844473553066 -0.00875151625046189 0.13822914750013
-0.550604528121391 0.0522247222280092 6.87317542579997E-05 0.0741340725173009
-0.376218293974003 0.250142111921977 -0.0879031161474578 0.107600972988068
-0.322666621262137 0.375044078240538 -0.0567172577201648 0.195497963508164
-0.251250388416681 0.420646437508374 -0.0433412981980252 0.22298644654607
-0.289287316892442 0.395107242739401 -0.072539940192155 0.21039620743136
-0.396994492452206 0.190356212079837 -0.159076773175163 0.212024181220081
-0.479159683620722 -0.0183437496559589 -0.230670134416956 0.120998056158852
-0.408291734809032 -0.448184424058314 -0.252004047023365 -0.0529732159552697
-0.0462120937909106 -0.659953528381676 -0.0862415737117396 -0.174943614170917
0.412454045973982 -0.491486759157133 0.0693556177794729 -0.112212713235892
0.729221496244108 -0.299605177608276 -0.0256304146999493 -0.0257038459698165
0.546379378172799 -0.405170543433927 -0.675352886650467 0.0697546322338237
0.256175700331495 -0.553994182910711 -0.417032970186282 0.296353757769918
-0.118705642991565 -0.559596590714251 -0.0562109174801812 0.23816979866253
-0.376238009223563 -0.297698024728736 -0.0531013223730981 0.102670934133088
-0.401367337557926 0.0319424156168436 -0.121640334730085 0.0702536445830475
-0.289591919231664 0.167886885681259 -0.223836641395152 0.177308984028907
-0.264848207668445 0.2576092454569 -0.164298595847021 0.322433133515186
-0.211485930709547 0.292720042958341 -0.11383514509893 0.363918358672249
-0.238224109819993 0.260417530032112 -0.162010627818884 0.333581281855617
-0.29988097405094 0.099583652887353 -0.2569885821489 0.265873450440349
-0.319817943718925 -0.0512356331392996 -0.306540481965964 0.102811888759715
-0.236634804818477 -0.328312631809029 -0.253540038801752 -0.0635088311064241
0.000916070358634229 -0.44533307931827 -0.0764690210761265 -0.139008082184781
0.302769477344814 -0.326075004794458 -0.00824041148710939 -0.00334813866903022
0.549499403436223 -0.233863463080324 -0.235020363473149 0.0686834151830925
0.290145334491781 -0.294273371863861 -0.79191825580604 0.16594617921157
0.0932719854942433 -0.337821956664833 -0.456126180222938 0.388896024773128
-0.0898749521270461 -0.279223613307838 -0.0542785541633817 0.22714553128593
-0.180696128125848 -0.127007658611908 -0.0746160072491813 0.0657649386731603
-0.183538679790973 0.0069725310844105 -0.207903488159146 0.0525166273304556
-0.153477548493382 0.0562032689418984 -0.318567156861879 0.211694529456817
-0.164132430321753 0.0964712202897441 -0.245581576110651 0.398597198977232
-0.137983005268323 0.118822349551758 -0.168932042725138 0.4494802254815
-0.152629871537295 0.0910779470506654 -0.228000501140952 0.402873733783943
-0.165650785108212 0.00194627182314051 -0.316301895868263 0.271735819120033
-0.132533759352352 -0.0691374680846413 -0.336877418695955 0.0603729380872649
-0.0583398446651756 -0.168752745715885 -0.219996860613195 -0.0792271814037194
0.031726417489166 -0.18879945532968 -0.0523448351385986 -0.108469068454434
0.149194968038025 -0.138562012978948 -0.0609932664912332 0.0790745408345912
0.293749782135955 -0.14327080417007 -0.378430833209805 0.147998798832897
0.0615067300994064 0.0782916948634956 0.470121214164115 -0.296487380955575
0.0632050984215074 -0.0274973450041694 0.117421482940325 -0.236959012246954
-0.0172359446620344 -0.0726159408322191 -0.000166807123076747 0.0751494354404918
-0.0941452095551384 -0.0254817231139227 0.166845677128874 0.12344238377468
-0.0616069889238542 0.0742715739521375 0.346159285836699 -0.00719628098011677
0.014410090622526 0.0874887041342247 0.386857077599037 -0.238498992635407
0.0487754755418298 0.082042288826671 0.279115300251486 -0.423348516643041
0.048918612263743 0.0644170519893874 0.178662761130962 -0.47436482483406
0.0443722710503594 0.0678096749166245 0.243903973916915 -0.437355209729426
0.0107320645451677 0.0603094807652241 0.300925718632201 -0.278273998906613
-0.0394200399995082 0.0325570840794984 0.25381601931178 -0.0712330525295568
-0.0421641962630634 -0.028104449124378 0.0948108662766053 -0.0657883066620436
0.035608660741421 -0.0214580168606443 0.0697650522958853 -0.188380353893557
0.0197982502688918 0.0489837977558186 0.362308007181076 -0.343789490107006
-0.0368378682644707 0.0933566856010383 0.796778947161995 -0.206361029739712
0.336391399418421 -0.0709441289269658 0.386950568100016 -0.311234625513521
0.222983752015555 -0.225413018220411 0.0676216473415287 -0.23863230672571
-0.0148324974175 -0.316271554697103 -0.024827716082965 0.0893799725516997
-0.23368304086478 -0.194880676414273 0.131666343547298 0.146682256709015
-0.249023269851796 0.0679478202042202 0.336995476990225 0.0238304250383132
-0.129446275673559 0.173875257818236 0.370696734677466 -0.20032879853986
-0.0736766299218955 0.240007304025041 0.278613904429645 -0.372060517915968
-0.0461132354569311 0.253894833087561 0.17748410154731 -0.419922847820783
-0.0709107430125675 0.256163858925008 0.235188478639143 -0.388266710693503
-0.15979223457334 0.167121284009502 0.274553061052835 -0.218371802854504
-0.255447188497961 0.04787279876773 0.21448339507212 -0.0290298809759086
-0.241855698639132 -0.207965962398935 0.0376359140823093 -0.0631151543311277
-0.0106197641200402 -0.31388988147799 0.0485063906286301 -0.214607864001228
0.192785495932103 -0.189053827217166 0.368988982233517 -0.38305646977646
0.276937025541301 -0.0600356253676125 0.778068208773694 -0.253408430506956
0.56778947004448 -0.219150277252314 0.222312842447319 -0.295920220817432
0.351348978692355 -0.417898960092005 -0.0153952938501077 -0.19860521365026
-0.0307782140145382 -0.538270332285899 -0.0400105878919847 0.118273965374382
-0.36665347798187 -0.336743080941139 0.104253289639768 0.160890572439888
-0.416684948087031 0.0658442612495216 0.303356989666263 0.0413328843808894
-0.256668595557986 0.244811878197622 0.308036798123953 -0.144619893641781
-0.185842128897525 0.366235780419322 0.237863436530621 -0.269869981486012
-0.132106216208503 0.403857984017354 0.148210654541107 -0.300989902691889
-0.173437277392751 0.403608738042189 0.190153880445916 -0.277591283632162
-0.307684640664975 0.246380744105979 0.200477924489514 -0.121768960585759
-0.438714159424814 0.0569945787605555 0.129857348691204 0.0186989002934847
-0.416126572927612 -0.361342469058487 -0.0430699580787574 -0.0611841616025617
-0.0621600716690184 -0.569672305517279 0.00903900902556392 -0.234293796378757
0.337355777523749 -0.406115865501115 0.330046302338407 -0.384188794484303
0.549650375134192 -0.201334106858895 0.661404653520069 -0.255856731515791
0.722804758524212 -0.354805944652284 0.00191415845043225 -0.242726626355205
0.423416688688256 -0.595812546241711 -0.123165967130031 -0.107003031331333
-0.078421086472164 -0.715772081517169 -0.0444162508903972 0.162044582483124
-0.493109673290259 -0.433200038964166 0.0785709007683444 0.167219061547314
-0.5466017529412 0.0742948295659242 0.23683093649381 0.051024341702294
-0.351899873552018 0.294447135441881 0.202444626162389 -0.0710118374682148
-0.269434847204816 0.442697954911966 0.160866725091983 -0.127674893347968
-0.198058490204194 0.491825342358753 0.098243749500295 -0.135959152753456
-0.247806829647064 0.486360570464915 0.117622022511725 -0.123011113185039
-0.40566041608374 0.285748132545419 0.092202609982377 -0.00122424593397284
-0.554330504888907 0.054128845637473 0.0127824103636347 0.0697683131902627
-0.529837042635693 -0.462397424190778 -0.133115869548035 -0.0543378124603645
-0.10287487883203 -0.740137796701196 -0.0381128949257044 -0.234583071313551
0.428760997172332 -0.558500759179387 0.255056708473272 -0.33541178308647
0.734659335773465 -0.30829485319719 0.464752845604558 -0.211568137946294
0.775878650837662 -0.449801003936182 -0.2497235730947 -0.150851568138487
0.426561781127412 -0.709654457270107 -0.239468579368302 0.0298509039711992
-0.134074719965694 -0.802473118113124 -0.0444114965605405 0.207876016821733
-0.565011506054695 -0.462656774014258 0.0420159495215914 0.161226806938283
-0.60223696512356 0.0833137981408635 0.132807647545065 0.0612538737755805
-0.394722219855862 0.3047363014178 0.0632896248728206 0.019984930922725
-0.315274219846351 0.454602473645772 0.0589145130918082 0.0362726046494798
-0.234756875233915 0.505726505612558 0.0336737807869595 0.0482332001256057
-0.282490406318662 0.488305862069567 0.0276448320223401 0.0512552221085597
-0.437818609264614 0.272069419278217 -0.0334564033467818 0.122662487875409
-0.572265016419884 0.0359826118869035 -0.116766560518665 0.113677411544533
-0.540811247503632 -0.491260757076697 -0.212929723572967 -0.04516249532631
-0.111956675026508 -0.777669004437016 -0.0784324206822248 -0.213389300335363
0.452814954373933 -0.600038260965024 0.157056251066645 -0.23922367219422
0.79811708740779 -0.355311631680425 0.219101984356482 -0.127753909883314
0.713164996251278 -0.480893368494497 -0.491984420628121 -0.0294288472906937
0.362042613302455 -0.70790873331362 -0.341652812847796 0.182655523360107
-0.161652344708149 -0.754047381319242 -0.0450215259225955 0.236015707160881
-0.535871009649218 -0.412197937043321 -0.00580595888773618 0.139856444719193
-0.557079541068633 0.0773279332909554 0.00412146766189166 0.0720144889642652
-0.375698655506835 0.269935844781548 -0.0874320487349827 0.115495925523701
-0.312996787560245 0.398553152256507 -0.0509127766860357 0.199029003638403
-0.236338048068554 0.442276479155713 -0.0360818580634181 0.227012942399237
-0.277821407229159 0.414203879373383 -0.0658723203891081 0.216445738898047
-0.400049240105426 0.209630824062281 -0.152959302165197 0.223732934580294
-0.487577684169092 0.000614556438753213 -0.230437977858039 0.13243099311351
-0.436220751615722 -0.442028154334997 -0.258997088423637 -0.0438839513831002
-0.0759694857578987 -0.670606857432143 -0.096173438832192 -0.177932343487777
0.405308288398957 -0.514387980916398 0.0635453310046796 -0.11882314254041
0.732616367005857 -0.337453811705112 -0.0281278568823149 -0.0232804313112795
0.542367981110408 -0.431111613194288 -0.689026559784003 0.0932908049222604
0.243535524931372 -0.5755349739917 -0.415473970862192 0.316063985070798
-0.143094444930027 -0.56496158693574 -0.0489395106281917 0.240248881553697
-0.394995447722682 -0.293606069793323 -0.0514567290507537 0.106561587772601
-0.405240502331116 0.0506658981662719 -0.120262693097634 0.0737689736145378
-0.288593120076299 0.18239344276591 -0.22253290850674 0.192227432936347
-0.258511093102353 0.276280204190885 -0.153840702707696 0.332495687624245
-0.200579094999521 0.309716716830639 -0.100773547607307 0.371239811202919
-0.230458623842888 0.275779515924884 -0.149581195330786 0.345983434551181
-0.304256072925518 0.113334109898493 -0.24877385332974 0.281101937849994
-0.327317031176767 -0.0407466800487491 -0.308552097307933 0.11795824083628
-0.256467051311001 -0.325420711035067 -0.259815599259888 -0.0547354720800833
-0.0180079108836552 -0.453089316226286 -0.0862260434376509 -0.141891472522067
0.299206504662685 -0.343379254668047 -0.0124862648949482 -0.00582554478568355
0.550487629409347 -0.262844193994729 -0.237128691947248 0.0797103799154398
0.286273541223188 -0.30912621232892 -0.803392453555981 0.194743903920719
0.0850394798683737 -0.34850220579563 -0.451622274696237 0.408397264521211
-0.1033581271634 -0.280970552458636 -0.0475371301664348 0.230322183340287
-0.188626373364155 -0.125448957693121 -0.0736757192543956 0.0699065289149478
-0.185161177472793 0.0154566503863822 -0.209492378197389 0.0600485672234692
-0.154627510799822 0.0641800311175339 -0.318493614208543 0.232752573998502
-0.163731910666502 0.10730086010169 -0.233843838654882 0.414868902929668
-0.134974734996885 0.128518280740677 -0.150834205461178 0.460132589644442
-0.15209323246829 0.100626458498263 -0.211941521957184 0.418824789182775
-0.170553941139577 0.00861905792470545 -0.307477445288225 0.290396145708243
-0.136929937241473 -0.065573903002219 -0.340549794720648 0.0770328438872182
-0.0687199124747685 -0.17019075254752 -0.22561346756497 -0.0718532113628246
0.0229428817315287 -0.192382399742127 -0.0610412335602657 -0.111640553718021
0.149123948172194 -0.146817840050593 -0.0621772045775741 0.0803318271579962
0.294783636640796 -0.159736958921802 -0.379316510342008 0.165828124617677
0.0639747110154316 0.0746695825921975 0.459130516848841 -0.32403290864622
0.0600798192998174 -0.0305197921638481 0.108262709224792 -0.242465157835665
-0.0203917342112779 -0.0733767991926659 0.0066794701255359 0.0764639347728462
-0.0962848821243959 -0.0207654181511888 0.174102531563049 0.114358173474534
-0.0583107016842327 0.0776497841971821 0.345935032832682 -0.0298036634033565
0.0178439817524885 0.0853870405746895 0.374470644274351 -0.266570560053801
0.0529133430485141 0.0792832117864911 0.25470584008967 -0.441586719889995
0.0525887827544094 0.0609677883375234 0.151101037523529 -0.484059346394785
0.0491472120188692 0.0637404159872276 0.214368044630596 -0.45145833205022
0.0145598167475231 0.059574680477154 0.283626453749131 -0.297315320280585
-0.0374358759338221 0.0351904439980425 0.25124344349817 -0.0867045645820039
-0.0421769467535981 -0.0242881776220651 0.0909907079641221 -0.070171273928452
0.033903741960899 -0.0229331773992444 0.0635891113147405 -0.190877631472524
0.0208011647822723 0.0517757852082107 0.34906327143978 -0.363701276787357
-0.0332048819505346 0.0970995688175733 0.791631188897068 -0.249178266967762
0.330872624884171 -0.0893143574675133 0.372813524289106 -0.332830315901635
0.210465179881431 -0.23732695148818 0.0578584537394087 -0.240711621796014
-0.0320385678917739 -0.31686442573009 -0.018081692511309 0.0905438367902076
-0.245783275479653 -0.185084491448611 0.138358502779974 0.13933772638341
-0.245822579182284 0.0819767578803965 0.338344673669199 0.000933177684499504
-0.122268865366314 0.180033403063781 0.358997055722845 -0.22560325028201
-0.061011219910607 0.246534227972629 0.256722487264954 -0.391402666575135
-0.0300472104135138 0.258257351215727 0.152658288750782 -0.428565231196715
-0.0539609448490183 0.260873469168872 0.208596343579009 -0.40313817642027
-0.15203363477107 0.176480362586795 0.260974213208107 -0.234967974108947
-0.254692259272103 0.0625639515568521 0.214173306855565 -0.0423306254235265
-0.255499101251323 -0.195029004486577 0.0330034828337217 -0.0637530114306275
-0.0295516524211935 -0.315266841682682 0.0409361843030364 -0.218155305782222
0.18359345573726 -0.1987657802664 0.35172993308737 -0.403164852472101
0.273834444218815 -0.0758399983822942 0.769984161855998 -0.293902366151568
0.557012387644169 -0.250278827823544 0.20968504449472 -0.307810261526057
0.330857372611926 -0.440556621069517 -0.0238878222577473 -0.195546662679873
-0.0629953277583903 -0.538236035878056 -0.0314592785878987 0.118963263231665
-0.387174321456661 -0.321469792911566 0.110814813151667 0.155424049108385
-0.413612792136739 0.0896997330283098 0.306267147157738 0.0199700530857495
-0.246707709430598 0.258540945069798 0.299538679020702 -0.164936895044231
-0.165368580704742 0.380274313747317 0.220782611079336 -0.285799525622237
-0.107733417157284 0.414606295555342 0.129852588367678 -0.3074520934009
-0.148592465183129 0.414498059656044 0.170251741338954 -0.289247176921781
-0.296943888933235 0.266045467197613 0.192146721949865 -0.133920623416025
-0.438284976510863 0.0810813767423668 0.131360429902688 0.0110931122644692
-0.442588400012425 -0.341002602476917 -0.0481818766257281 -0.0571049183748759
-0.0953566449194852 -0.56908843879286 0.000130536121882582 -0.237526096695579
0.320876624077943 -0.425903386729017 0.312784250351987 -0.403806258316436
0.540629811992006 -0.234444950621026 0.652686062393238 -0.289764681432284
0.705029263738456 -0.392758093443742 -0.0101117309629072 -0.242937241388125
0.393501157450322 -0.622337551079224 -0.127791209199846 -0.0982597880773896
-0.117329858201346 -0.71448682928148 -0.0357988876190799 0.161911506850702
-0.518472813651579 -0.413942543474116 0.0847462016326492 0.163313799198309
-0.54306543992054 0.104488575573058 0.240535812600632 0.0328835150485121
-0.341058058134046 0.314160141483112 0.197712525972141 -0.0832748104219013
-0.245492365133356 0.462775074582958 0.151878842672416 -0.138934947718985
-0.168151706015618 0.508787632740056 0.0886544721763227 -0.140267298942202
-0.21935670353198 0.502789364265783 0.106420576413886 -0.129439759428699
-0.395817789383404 0.31024727021769 0.09037537123136 -0.00609992064013827
-0.555522304300707 0.0845442359685019 0.0159856586097959 0.0687642234488753
-0.563672581570279 -0.437013982624332 -0.137896243442449 -0.0460065885689742
-0.145794577374433 -0.738093096283837 -0.0498277861762807 -0.235686109313053
0.40561339690932 -0.583881410932756 0.23832593148224 -0.350491671873992
0.720284949378611 -0.352394479497569 0.456787752167404 -0.236088441071263
0.754497716527254 -0.493574273431126 -0.259486490023194 -0.137066505850655
0.393287605810964 -0.737640615227563 -0.238544432978877 0.0432886784981872
-0.179013624837279 -0.79944139412484 -0.0343795952348519 0.20685997719935
-0.594549392941652 -0.439919361723389 0.0480351441228956 0.159622319092811
-0.598937449298916 0.118399200760859 0.137354744159864 0.049146793769686
-0.382417718074158 0.328160426926496 0.0628164615595378 0.0179909597288817
-0.291596272687165 0.479876193260891 0.0597947961813205 0.0316717800286912
-0.202914264114086 0.526064445000367 0.0346180361686631 0.0477413889489009
-0.253634910597182 0.508009160821911 0.027588817312774 0.0503494024646025
-0.427789227846431 0.300075450236966 -0.0277196787412778 0.12594052747122
-0.573678576104748 0.0670534298386372 -0.111550616284767 0.120437061213713
-0.576409623374352 -0.466150539700638 -0.218048254513604 -0.0328502590383949
-0.158206171773631 -0.776533271809973 -0.091523840951783 -0.212190194313126
0.426886870182111 -0.627018340713885 0.143827855884633 -0.248837650521099
0.782241645647058 -0.403474508187549 0.214214452209241 -0.137673484699837
0.693529751725114 -0.521135392971314 -0.498028786372185 -0.00372237535799595
0.330175743718013 -0.732752374181323 -0.334926805497567 0.202024499729531
-0.207020068714251 -0.749154929116207 -0.0341818046225935 0.236675406619167
-0.564566490293715 -0.39304838768072 -0.000414985539750719 0.141684290466477
-0.552152693559427 0.110399808138283 0.00848206455391341 0.0675462512057165
-0.364025441529309 0.29291162321388 -0.0827770352517133 0.124074084323685
-0.29113929025296 0.423714056895183 -0.0411447269110106 0.201615330783697
-0.207419910990988 0.461394775045883 -0.0246028695803573 0.228513489649177
-0.252246504834665 0.433995572125596 -0.0544103243561677 0.221076243247618
-0.394400099213792 0.23433191384531 -0.140891394237737 0.234245023491207
-0.491084872557474 0.0260129100573759 -0.225517877672131 0.146352274301609
-0.469405944343465 -0.420659871981795 -0.263688137677493 -0.028921509716032
-0.117108107302049 -0.670106806062337 -0.108868951277336 -0.175803074483033
0.384712142771205 -0.541768003948317 0.0539225920250488 -0.122962331935582
0.716467233006704 -0.38364918534132 -0.0294048724836108 -0.0198359930165334
0.525195211102313 -0.462257930211806 -0.689204079587106 0.127963520910477
0.217284154293101 -0.59472350552532 -0.402597284763036 0.339080338911723
-0.177930773122484 -0.560224410132883 -0.0377039836918992 0.24185604978188
-0.41482273470992 -0.279359216464363 -0.0474499699390066 0.110328150299447
-0.402899499784383 0.0744354270194965 -0.115895369540128 0.078029148698008
-0.282655415758625 0.200951142772921 -0.213997995489657 0.210825573766921
-0.24404008662559 0.296956134104452 -0.136340027909278 0.341967200720681
-0.180996508819648 0.325770163688096 -0.0808501202186346 0.375663477863574
-0.215886905392955 0.292518705746486 -0.128974999258313 0.355596698641294
-0.301788373771126 0.133086592410596 -0.232002202293194 0.298105137097476
-0.330886496287605 -0.0228196458944416 -0.303521097006852 0.136358206164644
-0.279954392438322 -0.312859875612445 -0.264328571406991 -0.0410011525628594
-0.0463160090302146 -0.452743523125593 -0.0982481136127301 -0.140176093194959
0.2855586669662 -0.362868898778269 -0.0163398904704843 -0.00581393887607512
0.53834271060801 -0.298915537064902 -0.235212382093334 0.0943989451589388
0.274075321522931 -0.32551562321415 -0.800566979448868 0.234145054921524
0.0703298031104049 -0.356931452173117 -0.435054965843612 0.433494389964202
-0.120732077978048 -0.278320780824239 -0.038079401871433 0.232386700722228
-0.197676713890645 -0.119999960199133 -0.0698664903279605 0.0743863085736894
-0.182910867754221 0.0261834854298778 -0.20697627928157 0.0713067992743257
-0.15239315410534 0.0751437375365955 -0.306726350726563 0.257502888916474
-0.158146256878799 0.119604667535707 -0.211199130018627 0.429838169733975
-0.127609956679251 0.139401629957355 -0.125216609338426 0.466658056175941
-0.14768718005116 0.111283929958999 -0.18513240969174 0.432060829009425
-0.172424775534817 0.0195481584006682 -0.289826473896416 0.310307533970739
-0.141276661131197 -0.0591339785425747 -0.338022453096015 0.0976487121792011
-0.0817829301022966 -0.166837917441827 -0.23067155765034 -0.0597400449268849
0.0109786396437714 -0.194095419833927 -0.0727126419873672 -0.110630539540607
0.144177574921365 -0.15792781630192 -0.0614512567094901 0.0830323188788982
0.287762392911617 -0.180596898457032 -0.373534726026474 0.187995059242063
0.0768472412330899 0.050370756601306 0.390258292901654 -0.381632904756871
0.0488826401793765 -0.0447984992982009 0.0696828942327912 -0.247552571717627
-0.0315639824183199 -0.0676631267100448 0.0256907127742374 0.073285932575595
-0.0916002202060763 -0.00152846740463884 0.190230374164003 0.0779789084223432
-0.0377915295326792 0.0801765342276455 0.326383273476783 -0.0891905804640762
0.0337530315245173 0.0668256933995937 0.311740171823724 -0.320148416094665
0.0641897693446337 0.0604089879538373 0.170836692727515 -0.47105976285689
0.0557623142610238 0.0434063302622807 0.0705415061098638 -0.485806581102151
0.0555227969890144 0.0469323099043376 0.141899547235659 -0.469140997544158
0.0206674846930938 0.0513076424938637 0.234381697691381 -0.330946211875978
-0.0315899407203803 0.0371164682213667 0.23274798872507 -0.120075451634816
-0.0452949589707444 -0.0173429849398524 0.0808165868277999 -0.0782768893434718
0.0261662457878416 -0.0259995373156875 0.0398884542237492 -0.195312494366412
0.021383274669646 0.0506317033851566 0.299212137497112 -0.40499011641307
-0.0243515460273205 0.0949308615641394 0.742953528728143 -0.336450467951368
0.304489517112277 -0.155332210252875 0.305047811043799 -0.361894419017975
0.156125771562313 -0.270016843943803 0.0271567308855174 -0.227294192856188
-0.0869776751877456 -0.299524665892802 0.016123952391159 0.0945059656842347
-0.267290210901489 -0.133581683218182 0.170805874715001 0.105608560589869
-0.216499463321199 0.116254640877882 0.326281895928573 -0.067617212426807
-0.0860544893864523 0.181778466013082 0.302506295662214 -0.283040130328374
-0.0168167212957889 0.24746753465412 0.182694199521008 -0.430172258245423
0.00824616307087188 0.246708179327463 0.0758618145131352 -0.434276087655026
-0.0114764580490194 0.257587297944165 0.141831136820017 -0.420977043600525
-0.124371019335557 0.194089590036589 0.222590193195672 -0.269217231701286
-0.236900124962056 0.0987747144260093 0.205457519963692 -0.0736834687596372
-0.283951297233683 -0.149281148648259 0.0306201927987746 -0.0613594434047428
-0.0822874053777739 -0.299618840772337 0.013575495552465 -0.211051049888174
0.143402878933288 -0.217986506974988 0.288914266878115 -0.446269406221152
0.251653689461867 -0.119822278315221 0.706740038728106 -0.381970697316614
0.491631389154794 -0.347837727066704 0.152049059932115 -0.300117794000839
0.233180030866571 -0.485667731433435 -0.0379747204705287 -0.160506904250952
-0.154432550215529 -0.507431452036277 0.018634844866205 0.126698278078818
-0.429610707171665 -0.240377787140031 0.156081624760985 0.123419767646058
-0.375414183116741 0.152000527756308 0.299154018942983 -0.0531234531005546
-0.195101602644318 0.280555203590814 0.253068534169875 -0.218771465412437
-0.0947536283790253 0.401136015982473 0.166176143104363 -0.329349448049737
-0.041067288756663 0.411251040674168 0.0711077358597285 -0.315983566237416
-0.076772664606362 0.42599692304826 0.118886286365768 -0.305712901302478
-0.250974149360536 0.307445367978013 0.171029009939435 -0.162226516284634
-0.41147435967318 0.147104746358592 0.13382462796493 -0.0127778042812831
-0.492980096748224 -0.261350980293922 -0.0427536996973104 -0.0405446853896644
-0.185284461060515 -0.535852232453171 -0.0309658481213192 -0.217956694976788
0.244976773261834 -0.461977471829846 0.242099933629098 -0.441508292439609
0.491326355491115 -0.313478424986101 0.586900940960051 -0.367573529110117
0.607383140365129 -0.508740762319458 -0.0481832433489751 -0.193773113289534
0.262686025900549 -0.670661758895577 -0.116550423989116 -0.0443836508680876
-0.242605081314726 -0.66639966116483 0.030919083819678 0.16940336779276
-0.576807301073404 -0.305371197344969 0.140428345706419 0.131870614103794
-0.4981397044554 0.189175656313121 0.239009941859063 -0.0365944829628333
-0.276331171067893 0.352247983943553 0.16788016642076 -0.126361226561809
-0.157607789144701 0.499936991317479 0.124762899788411 -0.18037387786483
-0.0828345700103838 0.513482252898785 0.0550998562716594 -0.150781681605804
-0.12942854598347 0.524246042364915 0.0787443174463776 -0.141929838143719
-0.339248924746818 0.368443324361884 0.0906795363199317 -0.0243408709439208
-0.523797321690484 0.169448242679612 0.0311892017807948 0.0581651664222875
-0.629089783217349 -0.33465859407768 -0.126574057968794 -0.0152957467194125
-0.260724081793142 -0.692265535964391 -0.0809053356426225 -0.205583332423921
0.304789153286511 -0.628356600719175 0.170018875977302 -0.380771673235623
0.652051790099492 -0.453597293558128 0.397532380816763 -0.295175083888205
0.636350510715084 -0.608808101194613 -0.26928282618073 -0.0504966966890119
0.241277272313279 -0.77847111263153 -0.196985512451912 0.112158676942435
-0.316422519460776 -0.738157517128539 0.0442446867545315 0.211571115992071
-0.657003818598004 -0.319534324545146 0.108190742058203 0.132932942863069
-0.551623496797472 0.211677673425195 0.141468096161069 -0.00686057001729685
-0.316913101377595 0.378471973602406 0.0558488764290805 -0.00749721006824628
-0.199972743446289 0.528169147024566 0.0650747726037757 -0.00170544701501464
-0.110990926759828 0.53733349663309 0.0310855410496756 0.0366753144376382
-0.160110389483114 0.539378453654616 0.0280712650208854 0.043633766444582
-0.370807899027128 0.365319078863845 -0.00524449344507028 0.120606756084692
-0.543479736597016 0.15716361458628 -0.0856406960342721 0.125269652625896
-0.645999231670118 -0.358194833311904 -0.202375405320054 0.00751405226520515
-0.277135973010422 -0.724321980199135 -0.120687599334143 -0.175811676052377
0.321136539112076 -0.675093759262446 0.087557343465371 -0.268657527514615
0.705173903678155 -0.512010203735355 0.170059697244063 -0.171641909128728
0.570781058260276 -0.621447703782185 -0.47743048984614 0.112291649832415
0.182189165758777 -0.759340686264647 -0.265851473385205 0.278082097075831
-0.332824926057984 -0.685475863918559 0.0456206243474512 0.238603683236637
-0.619359943720051 -0.27840348894032 0.0555664834788056 0.122229201776591
-0.510026825597601 0.199143363383263 0.0197180529052744 0.0346411625863631
-0.305616698031379 0.343593144484098 -0.065559696493614 0.120595448203293
-0.209248055946994 0.475625151602058 -0.00457007003961274 0.181316767202224
-0.123955037448492 0.478998520999312 0.00301698432134679 0.219444466779484
-0.17000476443884 0.469316590692324 -0.0257180352895626 0.220210678073504
-0.346366524664857 0.296644600982339 -0.10131456234164 0.243196574327055
-0.468971845005961 0.104833990873159 -0.193631709821619 0.168164014695248
-0.531441331210852 -0.331939687754053 -0.249701780784796 0.0160075797604998
-0.218597021982738 -0.627179407918313 -0.135174004241395 -0.140773763504123
0.293607165087848 -0.585748838247726 0.0174402942652657 -0.133279857076246
0.646108712598149 -0.480810170551276 -0.0501208834268592 -0.0271231196418546
0.41698258080459 -0.530601819126453 -0.639670016221496 0.261430574917817
0.100598191000045 -0.602115354140601 -0.31543242452718 0.413458824710879
-0.271362981742395 -0.508021883547328 0.0314070727283807 0.242434424243134
-0.456154274490871 -0.196757184111975 -0.00401178721311617 0.104011555967041
-0.374073323320565 0.140426123981079 -0.0994770173569552 0.0736403620579566
-0.242074983607405 0.247930889741416 -0.174877074663979 0.229358970603135
-0.18529552983679 0.345195960558526 -0.0728716094532715 0.33875058924214
-0.119112938966719 0.347266602936059 -0.0261650999551227 0.36912970899482
-0.15673521640886 0.32645803732453 -0.0771865777504581 0.360822744050861
-0.271604044551564 0.184111620996566 -0.18170379630596 0.319850029618082
-0.322484523845144 0.0337800087002249 -0.2719801357375 0.171926073531307
-0.329707208603827 -0.256131032892583 -0.25636653647416 0.00216183250035337
-0.117195929280904 -0.428310300937845 -0.121462387259272 -0.112856891683174
0.225137961273424 -0.39907267527507 -0.0314872186621038 -0.00785110938347835
0.484905865456215 -0.371972479551655 -0.23107669241078 0.111477019786845
0.199198117199151 -0.351269129674987 -0.730659949525799 0.365403243164225
0.00364803406516905 -0.344365198998577 -0.341485734230849 0.498447956111681
-0.165590024315223 -0.244347852942502 0.0141934438898853 0.230781020523075
-0.217146324466044 -0.0819347273304159 -0.0437051732743587 0.077982507360061
-0.174003574890079 0.0586882709755472 -0.188266783998311 0.0931505369349671
-0.138102902059679 0.10784462317643 -0.253726968473364 0.295424555554444
-0.132445712588176 0.155894749062954 -0.130980681893149 0.44351733128829
-0.0962380251477191 0.161108913474305 -0.0515010765827293 0.463402757011079
-0.121699295160311 0.140321939843766 -0.118128695570766 0.443894008719263
-0.162298613626032 0.0526925012766787 -0.236364432340555 0.342013640884727
-0.144904141021239 -0.0307151439893082 -0.312390647198835 0.142049993801765
-0.11039439707198 -0.146362702159121 -0.231239301736879 -0.024225591819196
-0.0216259301184135 -0.187803624981953 -0.0923919330017405 -0.0935147474083136
0.118824511713159 -0.178305963216184 -0.0572246282876239 0.0872022510913527
0.258202535731067 -0.218313863613402 -0.348153190200836 0.222529097822903
0.0735654410607435 0.0468213719284076 0.36619625799086 -0.383058441136173
0.043726015244908 -0.0421397603147512 0.0621817924138046 -0.242215602400411
-0.0330780501973366 -0.0654171278551634 0.030010361105006 0.0685369190098378
-0.0877053289821486 0.00104683530864521 0.185881183966651 0.0676189387044791
-0.0340190617730778 0.0793482614553358 0.308877260747932 -0.0989668396641386
0.0330492811242384 0.0626930469545491 0.285533620929841 -0.323315750878358
0.0644414378455235 0.0551209228843322 0.143586992075714 -0.461996348119355
0.0546650982703457 0.0396710537864902 0.0506299634047391 -0.468367061501316
0.0547177742176855 0.0413109686709448 0.11586008240702 -0.457576546510796
0.0220767475943481 0.0476606741041966 0.210902088430824 -0.328004357018762
-0.0284991976758018 0.0374999734561611 0.220468018235492 -0.124820570349744
-0.0426449693059567 -0.0148932475300087 0.0745460345449885 -0.077345147912187
0.0245121823463764 -0.0249955347560481 0.0347080460709262 -0.191322800183417
0.0227523195416723 0.0514203821859784 0.277418319840619 -0.401482294085721
-0.0207869789816547 0.0936811852074252 0.705369058078393 -0.347486210749483
0.285719926664078 -0.158184820267541 0.285694145618466 -0.361311288990818
0.139018689708033 -0.263566249590411 0.0222771408991584 -0.220474302802124
-0.0953750654226518 -0.284771604781305 0.0209847270383867 0.0881333090041205
-0.263995335917681 -0.120632430519453 0.167285375235041 0.0958173181608294
-0.204034797005948 0.119785469716468 0.309421380769406 -0.0794666900183928
-0.0786951657839532 0.178936888957421 0.277907818467543 -0.286681696795495
-0.00535154452283342 0.240274414682156 0.155433102967574 -0.422677896918804
0.0182228659167321 0.23887708763155 0.0582224285156838 -0.418535043220922
-0.000961828244719853 0.247127880096467 0.116743908704371 -0.408980310459742
-0.112961861358792 0.192161499144429 0.202335878755466 -0.267675487437638
-0.225517280140605 0.104192771336685 0.194854199396918 -0.0795539656054778
-0.280513958716514 -0.132445173112432 0.0268826748225778 -0.0586199089190507
-0.0908685435478471 -0.2847472920441 0.00846791975664463 -0.206439246296928
0.132595350543171 -0.213956236088606 0.26580520222788 -0.440604803809824
0.2372704837269 -0.123822446845625 0.672651885516338 -0.390016955146312
0.459765987344213 -0.349489714215891 0.13922072100671 -0.293613871899818
0.207826388830846 -0.475286104700035 -0.0380781982863418 -0.153185791907534
-0.16873689618476 -0.481489685650509 0.0228240320278711 0.118618234781815
-0.426401695008753 -0.220090585549958 0.15361399042337 0.114273017515871
-0.355149228934564 0.15981463218899 0.284088950091503 -0.0660016803702533
-0.179623606462915 0.278816560259369 0.233474264031177 -0.222087705070452
-0.0743250699165574 0.392796415086065 0.142871401965606 -0.324231180885186
-0.0205746910262662 0.40148898210302 0.0560846342656468 -0.304224782060562
-0.0560367914303831 0.412242319530804 0.0992114499585254 -0.297205735649412
-0.232104738761419 0.307186854680216 0.156925055888525 -0.162090200294239
-0.391698438855549 0.157519644093587 0.128314264948312 -0.0181336219887156
-0.486866720436526 -0.233190518263138 -0.0437456457794403 -0.0369629578146081
-0.199259596416607 -0.509765673680957 -0.0360149222004283 -0.211522553095653
0.220167874301128 -0.453004994798974 0.221344986948176 -0.435062496745582
0.461750545756203 -0.321644752120343 0.554172964588569 -0.373620887417882
0.568444415471075 -0.510117480392973 -0.0510552098456248 -0.183676248261444
0.229243323657114 -0.656941668174768 -0.111205666172677 -0.0368707483798383
-0.259928260741756 -0.632111625633212 0.0351347455975138 0.160072997156404
-0.573531082641967 -0.278492079920574 0.139246090822512 0.124115994106612
-0.47168249081515 0.199207100101532 0.226000130314623 -0.0487015197119162
-0.256605709904277 0.350332598449129 0.156445927595378 -0.127849315171191
-0.131132057453038 0.492905736060004 0.109086425865047 -0.179531894783183
-0.0570316382670578 0.500210842393352 0.0464465196318961 -0.144442414451341
-0.102227633270222 0.51193400474657 0.0674384090470932 -0.13799121390069
-0.315794918573639 0.371350250240277 0.0860869888612249 -0.0249553901038638
-0.500806269973085 0.183726846471082 0.0314119194934517 0.0548353277840278
-0.623517933820073 -0.29985534349048 -0.124187298254835 -0.00906477655187606
-0.278400770234647 -0.657697386037176 -0.0854052903860071 -0.197621371780871
0.274083329867262 -0.618910517049471 0.15219549454894 -0.373052236703622
0.610916295576468 -0.463152377932755 0.375194071084587 -0.297104909222672
0.592767499738471 -0.609188701365674 -0.260579366891663 -0.0369318240457424
0.206541441531628 -0.760755037612978 -0.184518422677253 0.118186309640637
-0.333341306432846 -0.69883589953512 0.0478411505809474 0.201098831664885
-0.651616689409995 -0.288844350629065 0.108328931663821 0.125856571005094
-0.521398594587408 0.223743278193663 0.133152996498699 -0.0162174025279051
-0.292806476769585 0.377537910657005 0.0536555679178927 -0.00741731852434353
-0.169212878941475 0.52196940829853 0.0581833487979686 -0.00423074749129239
-0.0848826526395464 0.526123196113216 0.0302523505590739 0.0365893385807265
-0.131201043273949 0.52556814456514 0.0256690894163714 0.0427184584313639
-0.347072704236866 0.368818591932526 -0.00116363902846177 0.118812596586259
-0.521387605200175 0.171157556213914 -0.0795700426388203 0.12482078396582
-0.641002449652026 -0.32091497222919 -0.197346678625081 0.0155454812130822
-0.295138096771926 -0.689253965051395 -0.124907120880323 -0.166889575187518
0.289702503991904 -0.663309249731543 0.0758048002194455 -0.262035627264631
0.660927572537642 -0.522049891020032 0.159509547681413 -0.171117579459146
0.53099040998211 -0.619482526949059 -0.457079904074912 0.126618980601513
0.150437413029803 -0.742740226396651 -0.247127147852371 0.280823918234916
-0.348200463102045 -0.647701428270456 0.0495280275163056 0.228289354145176
-0.616610562752023 -0.251805726006985 0.0577050125160299 0.119142222201849
-0.483416410710439 0.20900422520887 0.0181552790691901 0.0287486601995694
-0.284393758113558 0.346464904592753 -0.0573159193163295 0.121944000498698
-0.179456586559648 0.472771944700742 -0.000499042652894893 0.174547206092321
-0.0991992667311669 0.469236212398744 0.00967792712967735 0.211599242891965
-0.142310555757945 0.459940696820737 -0.0178305834113742 0.213918800243693
-0.324591532945424 0.302543800171265 -0.0873433046078672 0.240217806957792
-0.449878995368547 0.118145792908931 -0.181465794310531 0.170143405043712
-0.53026036263202 -0.297548296043873 -0.241612579490889 0.0250646190135878
-0.235813822516693 -0.595663800293161 -0.138573420482898 -0.131333875513108
0.265200014534626 -0.577604305581773 0.0111586889024589 -0.128640915322485
0.603102284429565 -0.487887939524558 -0.049483933051964 -0.0239014209377142
0.385731028383897 -0.526528601536159 -0.609668299698976 0.27444209009695
0.0787796397215394 -0.588187663704969 -0.291072271951262 0.412474108723783
-0.281774018847841 -0.479035908614343 0.0358153609207011 0.233671466334815
-0.45455725013881 -0.177258093013317 0.000853894266399369 0.102132406650182
-0.354849459280935 0.147775245269024 -0.0943825385478735 0.0712505617572758
-0.224161850426043 0.24955177553621 -0.15840561870401 0.232372820355068
-0.163143958907897 0.344548323863662 -0.0587527183693942 0.330357710148968
-0.0990140012953313 0.342575983274706 -0.0120922345051926 0.355764517974449
-0.136165571957112 0.32171213596229 -0.0600373966827998 0.34948073305667
-0.256144005735931 0.189638124974607 -0.161122859245768 0.31659373351215
-0.310404512839538 0.0430446692535522 -0.257026740601393 0.176893397347262
-0.331709050336214 -0.232949644423962 -0.248981154932696 0.0117762658739425
-0.130045117178073 -0.407462843700938 -0.125395259252409 -0.104063282257376
0.203723333120503 -0.395311881502705 -0.0322437944914651 -0.00607536131467996
0.451635636883034 -0.379782722220876 -0.220263548782012 0.115538537390124
0.183378905191862 -0.34705545816031 -0.694241049529611 0.376907963835379
-0.00597861096463723 -0.335733497360865 -0.314741178252938 0.495601664807924
-0.169499302683234 -0.230684496804322 0.0185382013552911 0.224118120470641
-0.217568701925098 -0.0735597001167066 -0.0385936664475523 0.0780914759199466
-0.164343255323069 0.0620378835993045 -0.178242201098251 0.0952305431562628
-0.127978042286525 0.110223095223783 -0.231779149183007 0.298985105850123
-0.120936576493954 0.158665522864971 -0.10908744873501 0.433858669324734
-0.0854514703373044 0.160730970233988 -0.0333788661895678 0.44745553284335
-0.109950683730295 0.141543446991302 -0.0956432560619751 0.430300354102477
-0.154897048422514 0.0591745807209091 -0.212129526368258 0.338606959412983
-0.141267878912886 -0.0255442391770008 -0.29590492947031 0.150195227376021
-0.114458999109286 -0.135047084817126 -0.224262486152856 -0.0148332766995189
-0.0285167256396107 -0.178750082445816 -0.0968970029696148 -0.0853166374461944
0.107774233567459 -0.178795947333902 -0.0536122236337292 0.0872091621681004
0.239702725934902 -0.222045602585716 -0.328957286376572 0.227505226946191
0.0698387295225267 0.0458383410189537 0.353833516216212 -0.375839117633262
0.0410128761695486 -0.038618671304144 0.0599538040833221 -0.237602849817998
-0.034087513237142 -0.0637475861258662 0.0326899441882543 0.0650173667328951
-0.0843508330800919 0.000789828509105542 0.180747431633328 0.0628786388644628
-0.0323414941294035 0.0778085245763874 0.297363077415296 -0.100076095116546
0.0308292596728513 0.0604674877989922 0.268731719395987 -0.320638476985275
0.0633625576310478 0.0521256672276605 0.129363921416734 -0.450671642242485
0.0539721673075486 0.0381089539922078 0.0450098839890279 -0.453574194551815
0.0526985831208461 0.0380783720549423 0.104329223671847 -0.442451658041863
0.022579755973219 0.0448953134137427 0.198074972520355 -0.32171079117082
-0.0269866828695114 0.0372938831802946 0.212525774392984 -0.124676333448808
-0.0400911769999795 -0.0137672200670393 0.0711124711837882 -0.0750339240837496
0.0240322952518449 -0.023219441681585 0.0340047152780973 -0.188367598315984
0.0237327426156392 0.0527256236756308 0.267062773365414 -0.393026836061266
-0.0196308890675691 0.0921473097073341 0.683835086791013 -0.342143095335411
0.273526221178453 -0.154444518870979 0.275087777895866 -0.351442286274455
0.131039000816893 -0.253549442243044 0.0227045988090256 -0.214646733691029
-0.0962593335575828 -0.275212224597784 0.0220150156601879 0.0834410132254361
-0.258892135581415 -0.116150477470695 0.162630575603084 0.0914508020580438
-0.196325013947764 0.118476503285849 0.296436802814477 -0.082514204494172
-0.0762947643734198 0.175243768359412 0.263547264507956 -0.283890653731029
-0.000952600568045733 0.233741279217214 0.140747976909073 -0.412289412943721
0.0224243005906563 0.232630321325718 0.051275105368433 -0.404955087587171
0.00287347990443019 0.238898423373898 0.105192272377516 -0.396318014105368
-0.107128440100306 0.188611503456356 0.1907016251525 -0.261793889559086
-0.217154832609772 0.104942280664513 0.188438705764967 -0.0804846670499545
-0.274363826563077 -0.125105750870014 0.0245566576850954 -0.0566032953632948
-0.0914952363445821 -0.274648174120165 0.00814897586180582 -0.202516110311453
0.127848153582486 -0.207757608288702 0.257838085665054 -0.431805800006998
0.227911458159178 -0.122058397196112 0.650970037108324 -0.382460734802911
0.441485658643627 -0.342187892449845 0.134571161812901 -0.284471346056825
0.19567653347252 -0.460676470499998 -0.035044023388251 -0.148173255036358
-0.169661600144772 -0.46395246036312 0.0237814748172095 0.11338224991076
-0.419516014949652 -0.21116321418894 0.149823178077783 0.109596176593114
-0.342328882359995 0.157952395995357 0.271144561282019 -0.0698306718156714
-0.172954050781628 0.273525356816083 0.222047815127411 -0.219795553138945
-0.0643341684588645 0.384544760708151 0.12934178923597 -0.316345830588725
-0.0121043473035817 0.391393599727897 0.0517034426116299 -0.293892204988388
-0.047513646551871 0.399978759820029 0.0892233740760387 -0.286382592834722
-0.222327197488697 0.302447353775617 0.14922447656785 -0.15769358640434
-0.380113699232712 0.158525260242865 0.123377296815891 -0.0194324643368787
-0.478065044389403 -0.220813201586317 -0.0447967314197521 -0.0336277835895275
-0.199468363465649 -0.491489989379997 -0.035275280733842 -0.207154415244701
0.211986778408374 -0.442911504747141 0.213746256026747 -0.425280765072421
0.444159544089453 -0.316033096686125 0.537143131393365 -0.366625368544527
0.5455709282512 -0.498538409015258 -0.0491088611703273 -0.175936791763062
0.214877478403986 -0.638542785730893 -0.104343116249977 -0.0336296525135259
-0.25866750493193 -0.610007016933775 0.0345041981816758 0.153376321325884
-0.564349335649557 -0.265951758499773 0.136124065072502 0.120591008436718
-0.45436184400503 0.196533460325593 0.214995678158295 -0.0528918394025203
-0.246357379045902 0.34556947025083 0.149517829729755 -0.125938843701313
-0.116886191990744 0.482446544362762 0.0978589353369068 -0.175144579030686
-0.0449859897077762 0.489894603307824 0.0435150114675486 -0.138400410714666
-0.0889631161255023 0.496292360465366 0.0601448389090905 -0.132404784600439
-0.303529737963478 0.366927013794627 0.0830219811467437 -0.0234444105965887
-0.485436815108536 0.184699640744852 0.0294383852554401 0.0525047805037523
-0.612106966753442 -0.281612490162094 -0.122482609175137 -0.00666683387622785
-0.277097137698662 -0.634802097430202 -0.0849681651018491 -0.192381817714543
0.263100687501479 -0.605368710140968 0.146615106861669 -0.364305072151946
0.586657053581069 -0.456491101303447 0.361682170884763 -0.289619642692036
0.571460715211956 -0.595356573287306 -0.252098910300581 -0.0316374636460602
0.193478623515885 -0.742483666988351 -0.175263954098965 0.118714409775143
-0.332079070357722 -0.674448899666045 0.0459450333162868 0.19544069310794
-0.645787035887783 -0.275515995448929 0.107484530048943 0.123711941693942
-0.503935743700331 0.220928441343162 0.126044146054596 -0.0218830473873509
-0.282569603095544 0.372928924780895 0.0535865794427386 -0.00683643877317809
-0.152475937686567 0.513175002917772 0.0517761997708662 -0.00456771279227703
-0.0697041158112184 0.515046013083279 0.0295117410400094 0.0373406144604811
-0.118104952946556 0.511371168017201 0.0232811844244477 0.0423931498045931
-0.333190361824648 0.366558602890325 0.00182215106260159 0.117460182291368
-0.505738126116517 0.172427885811769 -0.0775850060185863 0.12245379961964
-0.630527740976983 -0.302467798369 -0.193268521105876 0.0185035779628273
-0.294104069893333 -0.664600565583837 -0.124259048543776 -0.161082050959357
0.275668608643043 -0.649725404064746 0.0724654457930146 -0.254721387070724
0.633570072123067 -0.513816728738288 0.153154713614091 -0.166343332468573
0.509778867097022 -0.606124151981998 -0.442343459880374 0.129021847100839
0.138928792417993 -0.725775738922373 -0.235300333973106 0.279035928769371
-0.345511482626282 -0.624257692202026 0.0477804550662757 0.222099313430273
-0.611245793171815 -0.240401801534699 0.058394673398136 0.117870364808586
-0.467162603581265 0.204772951243975 0.015264468476454 0.0237315186648352
-0.271062811841971 0.341037558600095 -0.0522504005332672 0.121642350347704
-0.165427375178383 0.465777214256008 -0.000993289581112843 0.170585685850639
-0.0858925127829039 0.461133671384624 0.0107851010355813 0.2069027910715
-0.129919472618793 0.446930168563669 -0.0164884409926975 0.20830419747596
-0.312844596436688 0.300845553585456 -0.0798574941362791 0.235893789976275
-0.43678323603211 0.119409622577845 -0.176245870183157 0.168245508881624
-0.524121285727048 -0.28096308976959 -0.235973072664865 0.0281489913033642
-0.235412926151811 -0.575392199638231 -0.139160036632785 -0.125727351076789
0.251581120017948 -0.565319712259949 0.00969711508829806 -0.12427910503867
0.577015672369046 -0.482836163983603 -0.0494551725358292 -0.0220380413775394
0.373979120079242 -0.515172764802064 -0.591119203750487 0.271629536685772
0.0724723829476252 -0.575031528502945 -0.279269968230405 0.407702654090572
-0.278734872841469 -0.461737662399781 0.0342749009753303 0.229433062249375
-0.451000586897704 -0.169142886226086 0.00269831411450909 0.10134167642012
-0.341407699029255 0.146438984397099 -0.0926013794883919 0.0671708200206959
-0.214701923028415 0.246990524982008 -0.147750473666143 0.230903088640717
-0.151523151539705 0.340077652787598 -0.0545543244790975 0.321737545655945
-0.0886312177809696 0.335144345083825 -0.00891200803931529 0.34593743141183
-0.125404699470486 0.314678453927421 -0.0543191844989438 0.339593259308884
-0.246986206270923 0.189556979788196 -0.14980599990547 0.310738172389734
-0.301672792942962 0.0452719227337159 -0.24777031158174 0.176342013123556
-0.327940827357263 -0.219846192516769 -0.242711665967957 0.0147248853726533
-0.13191960417728 -0.392768948664582 -0.126221902539527 -0.0979696031870315
0.193359071563315 -0.388056936319749 -0.0322554097662319 -0.0050292847001694
0.431832193354309 -0.375318218413868 -0.213778746141453 0.114595027340708
0.176629930067455 -0.339920260129602 -0.673537752171503 0.371587269114648
-0.00665182884834339 -0.329657728768191 -0.302526935661567 0.488010252429222
-0.166668145746246 -0.221437066684688 0.0181071443254236 0.221246822767975
-0.21816544461253 -0.0695214161492475 -0.0353990247995146 0.0776932722779117
-0.158659963886298 0.060055333752768 -0.173134452746723 0.0927239325587007
-0.121812464415075 0.109088165514769 -0.217937740637381 0.297650281223276
-0.11439090458761 0.158594171864392 -0.0989016096215216 0.423717672062118
-0.0793134988119812 0.159121122373009 -0.0274266535740721 0.43446512951723
-0.103578713921339 0.140409406602582 -0.0855636625227787 0.416811560539738
-0.150121968871317 0.0609680655332245 -0.199232862426588 0.331529652432774
-0.138447656916165 -0.0238284839346248 -0.285383599568844 0.15038441286719
-0.114922832367442 -0.127987834872961 -0.218619591523902 -0.0119382203401687
-0.0308326756779509 -0.172410233473322 -0.0985638932506574 -0.0798503368602417
0.102005930945342 -0.177397248713014 -0.0525410215345114 0.0854555870036397
0.228710608433182 -0.221003116804507 -0.31905038573465 0.223357136082161
0.0668891095173206 0.0474538208278886 0.355219774411934 -0.37071263528366
0.0403023759412441 -0.0341184350209782 0.0613509454781011 -0.236527894659827
-0.0341872443644337 -0.0628408278276473 0.0334920954923975 0.0617887103833075
-0.0831687515331935 -0.000733535837584004 0.178847855999345 0.0611479273323772
-0.0315214476378784 0.077555257176327 0.293291564822747 -0.0993967270171849
0.0285356170038305 0.0610729469870844 0.263203817355237 -0.318942708779502
0.0621912569173319 0.0509016342786258 0.126421216554609 -0.447016390009216
0.0533318708217658 0.0379351283265827 0.0453774608286026 -0.447434239894854
0.0509127362958533 0.0372676601677141 0.10151931720602 -0.436814976268653
0.02282595916171 0.0435510569897454 0.193917183470704 -0.318780627153127
-0.0255693533469146 0.0375226982747546 0.210774253507953 -0.123609524629462
-0.0382976291003044 -0.0141736710602603 0.0708964484835084 -0.0738059653237989
0.0248903527913101 -0.0216866422716658 0.0361919351824386 -0.188232780060935
0.0253235919663115 0.054844863720873 0.268530784755628 -0.391231525959319
-0.019426624175254 0.0921327284571176 0.681754887200295 -0.333665553582005
0.269647223632773 -0.14933124412022 0.277149807998361 -0.345724590479304
0.130047441255406 -0.247080498451475 0.0257067674378918 -0.213604651255895
-0.0951071582333774 -0.271744133789755 0.0223108381942588 0.0799997028619057
-0.257872599637519 -0.117408861478068 0.160744337854959 0.0900435329173903
-0.193886546154845 0.116139823626269 0.290996666602644 -0.0820712025803021
-0.0784665166477223 0.174532868035902 0.257511868695941 -0.282600017573737
0.000210204405044916 0.231561472828927 0.134551719327108 -0.407094462285978
0.024610866056469 0.232026268503364 0.0522729583251813 -0.398558876389352
0.0030168183789955 0.23566989395164 0.102025680902128 -0.390571413734965
-0.106573716983828 0.186867213598468 0.187424325527845 -0.258684050978098
-0.216027319032334 0.104219021237679 0.185986425195285 -0.0796441626984438
-0.272579400423195 -0.124500601112298 0.024648211608563 -0.0549425951688738
-0.08912741155966 -0.271378800094546 0.0104458762096097 -0.202767417955626
0.128999428026703 -0.203683973727215 0.258350457129937 -0.428798339017575
0.226712527334885 -0.119240961713207 0.649953786094474 -0.375860051618963
0.437567280935603 -0.33521957213838 0.137917017069978 -0.27922354661063
0.193459368761952 -0.452521164595019 -0.0305761887663153 -0.147126859763928
-0.167151917476342 -0.458647460245415 0.0224352970865533 0.110786888787894
-0.420196584900024 -0.211631980148104 0.148024515819185 0.109542493497263
-0.338718270374482 0.153745330682603 0.26525344708975 -0.0713868530179493
-0.173933865197253 0.272031504171708 0.21837553862299 -0.217899633435614
-0.0607027831569022 0.382018507767667 0.122901585369982 -0.31262513103591
-0.00807329756099384 0.390204202102561 0.0515452289958694 -0.28851403790631
-0.0464202247296435 0.394990462647758 0.0860283517591421 -0.281424317716443
-0.221356915599847 0.300815524105644 0.147596308891272 -0.155079089062903
-0.377387029014055 0.156807136411612 0.121161420336101 -0.0195104159556378
-0.476893730491351 -0.217557917898297 -0.0450118799009227 -0.0324222913520565
-0.196080057783447 -0.488074536424325 -0.0335464661061643 -0.207172667853391
0.21437653317599 -0.436932499090708 0.215563994645506 -0.422787671118633
0.440711812487784 -0.311231459043725 0.536678804380547 -0.359112296759529
0.54190677700596 -0.490152191929828 -0.0437885648961179 -0.171930242566802
0.215460477443487 -0.63146085496808 -0.0995973973541275 -0.0324052604148982
-0.255056659676366 -0.602571049635986 0.0327371169900911 0.152045585383873
-0.566750026412411 -0.267383361150629 0.135323127919879 0.121277305718064
-0.449302099547132 0.192825768307003 0.208835317960648 -0.0557485011857298
-0.246700303065116 0.343702103196304 0.14826925386597 -0.124913031857541
-0.112126295022588 0.480582375714301 0.0909267092704254 -0.171549395974217
-0.0402073341326307 0.487869255374275 0.0435705609386019 -0.134396235605557
-0.0872765725962769 0.490253009085606 0.0570679161552305 -0.128443783227001
-0.301630915762379 0.364617906946362 0.0828940431539797 -0.0218302766981474
-0.481711132590497 0.182060412141668 0.0276387972591827 0.0523756987794615
-0.610547648887295 -0.280085388289689 -0.123529502173253 -0.00460675537873258
-0.2743676621446 -0.630667513117663 -0.0838438399631158 -0.191949409915018
0.263439157338526 -0.600060777500054 0.148996614452694 -0.361681640953171
0.581734216811707 -0.449414523356858 0.360599497321728 -0.285393385896381
0.568912760807972 -0.586922307754812 -0.246270627442814 -0.0303335397055924
0.193976876235408 -0.734621756613268 -0.169981454308046 0.118698024733765
-0.326831200085635 -0.666964805410735 0.0440452988472933 0.19449792849689
-0.6462038703411 -0.277357484052485 0.106557100340761 0.125139719167285
-0.499008464573852 0.215441662376571 0.120880623380766 -0.0248930394579367
-0.281039884262199 0.37107314892591 0.0543903385945296 -0.00524110254357216
-0.147853856650898 0.510798886682951 0.0458422839131738 -0.00249519268351937
-0.0647602673744708 0.513236636853281 0.0293597219168794 0.0389515914606236
-0.115799673522802 0.505921847972111 0.0208991849695579 0.0445214676347295
-0.331745304620768 0.364061696467325 0.00328482372194625 0.118033308465718
-0.502724114931348 0.169396936371861 -0.079177781850153 0.121702795526446
-0.62906850779904 -0.299998169186761 -0.193996636268688 0.0195844387010215
-0.290782645817226 -0.660964757707655 -0.12349702965777 -0.160079968814973
0.276318042650425 -0.645633234763821 0.0743569272523127 -0.25302402150319
0.628128344323216 -0.50757237944805 0.152921105459669 -0.163855075219705
0.510717609582713 -0.598328380408965 -0.437216526252583 0.127113134626152
0.142709544062353 -0.721107276842697 -0.231339681884798 0.27858986561968
-0.341104119694772 -0.619553322080526 0.0447538358586403 0.223782822280763
-0.613427266376127 -0.239954024150101 0.0594062092038529 0.118994499294628
-0.461872840336334 0.202364159848379 0.0116911116175848 0.019695334974251
-0.270602797194188 0.339764016244323 -0.0489929614236974 0.122960396656248
-0.161029908918892 0.463935999221184 -0.00531256334840014 0.171144646180229
-0.0814406343200822 0.459958793974927 0.010113503178679 0.206930969881141
-0.127559973656005 0.4403559230097 -0.017842494068746 0.208022530670207
-0.311247789154918 0.299481571579875 -0.0772113629137747 0.234990428258883
-0.433501935567672 0.116294782241854 -0.176447781637898 0.168035847229287
-0.521663507680356 -0.277627576746956 -0.236821584951839 0.028442058460282
-0.234451102612208 -0.570042029743545 -0.13937324091644 -0.123583096180828
0.252286580099082 -0.560054824728696 0.0112646907446974 -0.123787479861076
0.570748037866047 -0.476951129810517 -0.0499051060029899 -0.0221549297358974
0.37314274359635 -0.508785285529382 -0.585577985817242 0.26670697653225
0.0744762732490145 -0.573913048559191 -0.277059806193233 0.40713272323992
-0.274940661262251 -0.460177510985322 0.0315166719000301 0.231196213525647
-0.455010536139713 -0.16879585962375 0.00474649013398294 0.102963863687697
-0.339786052331585 0.142365188550665 -0.0940691859602746 0.0637406979593652
-0.212960287046963 0.245819248272445 -0.14286178370169 0.230986959293373
-0.147431472449165 0.340871900536197 -0.0548916052771038 0.319742257309118
-0.0856370136918004 0.334788052414706 -0.00974392966778225 0.343375174052297
-0.122102270189052 0.311381199622362 -0.0536597281000335 0.336093087091282
-0.244921345138118 0.189704578881589 -0.145900504583384 0.307557363431223
-0.299342979001199 0.0435049941021874 -0.246334358660429 0.175560969523413
-0.32737520595097 -0.215895955767631 -0.241962994771361 0.0145770878230946
-0.130537234804166 -0.388229055069829 -0.127515207419375 -0.0955702613209635
0.191571802585823 -0.385291963079079 -0.0311102705463886 -0.00483475943421515
0.426795344421088 -0.370567881703746 -0.213975696702388 0.112043126966055
0.178657521849308 -0.337853652915937 -0.669639020792276 0.363779254509565
-0.00422747472552874 -0.330994763583159 -0.303028967660725 0.485920671599962
-0.163988440727113 -0.221103839121476 0.0166116854451833 0.223837828899069
-0.219839910717458 -0.0700585505270434 -0.0330501470546854 0.0781641995027579
-0.157397018384578 0.0582968181348028 -0.173178146700932 0.0896944526644666
-0.120440528385176 0.108217787249275 -0.212703621548644 0.297504369137347
-0.111378067053798 0.15956756307651 -0.0972814399185392 0.420510574535794
-0.0774123349183968 0.158769775230073 -0.0281015175764409 0.429263029044307
-0.101591348905739 0.139270988599972 -0.0841355566688206 0.411171270677948
-0.148963580518272 0.0612281262124214 -0.194044719530379 0.328118970398963
-0.13778372868878 -0.0241837120405526 -0.282595151814703 0.150903831978028
-0.115541584303779 -0.124499647226977 -0.217269564828554 -0.012015237958964
-0.0314110907558759 -0.170188216973836 -0.100239297002745 -0.0768155702264585
0.0999846911433821 -0.176790388889186 -0.0526280623380615 0.0847765604394902
0.225044377574896 -0.21972126639777 -0.318687107714444 0.22016816939931
0.0659860019571514 0.0500189939136356 0.362637669185594 -0.37617446056758
0.0415310203999034 -0.0311700033432307 0.0623031885383691 -0.242884820298765
-0.0350746851674709 -0.0631204061112775 0.0348387952215779 0.060205234317716
-0.0847870619937945 -0.00245453130175803 0.181055203029156 0.0602898368576372
-0.0312905143903289 0.0788951386224582 0.296565463312749 -0.102016843504036
0.0278907947005112 0.06284763255284 0.261925666623019 -0.327021546102861
0.0631715923943163 0.0501409286393183 0.12196322545487 -0.453337858396174
0.0553081729261084 0.0380435035194773 0.0429804025248819 -0.455604538621044
0.0514757946506993 0.0367358943733912 0.099188809056185 -0.442310973293781
0.0235347534343993 0.0428601600370046 0.191666373541047 -0.323804443716913
-0.0248754986257375 0.0382607686331173 0.214006458529387 -0.127730613237703
-0.0377433632364793 -0.0147564001771428 0.0714455617192616 -0.0747920618796176
0.0262734986840626 -0.0213070256086123 0.0373609478419522 -0.194065653846749
0.0277062065270802 0.0571554852704694 0.27325125171366 -0.398783167020515
-0.0197614505867214 0.0938532796117925 0.695814137076126 -0.337630952073833
0.271625888510093 -0.149870135902848 0.284901945614137 -0.350079731812942
0.132247092058779 -0.248127791986726 0.0278473102230112 -0.219017440026975
-0.0971380133583547 -0.273631595090596 0.0231042224040672 0.0790168104391425
-0.265694571715112 -0.119523948254635 0.163108987343961 0.0904256060600234
-0.196487628713216 0.118010391469733 0.293058858169187 -0.0862604922579055
-0.0804681860193874 0.179386557896064 0.257217648188057 -0.289168509479436
0.00330137927876202 0.235168184607801 0.129240444147033 -0.411711255318567
0.0284681528783612 0.236646706933528 0.0518027913599255 -0.404698068428224
0.00354816924059767 0.238516405330065 0.100213621095534 -0.395354431274952
-0.107813592114759 0.190410888941677 0.186762384325645 -0.263123530198395
-0.218476191189074 0.107121587444917 0.187923791405477 -0.0820051135461077
-0.278387148532534 -0.125873593818854 0.0233434576161503 -0.0552459920653108
-0.0905815922807504 -0.275261654990175 0.0111850616471041 -0.208848612200412
0.133368017199676 -0.207426023290059 0.263647215738553 -0.438038297220016
0.229818825496775 -0.121811283721618 0.664334955410728 -0.381323164656645
0.443526390634842 -0.337898701603574 0.145159678591713 -0.282808079011395
0.197170078319568 -0.45800302479752 -0.027473989737312 -0.150300101666749
-0.169890576077627 -0.463721314006088 0.0228785943566322 0.111376406784305
-0.432174950254887 -0.214126182600963 0.150618128921458 0.110949897480674
-0.3436263117608 0.156520970108577 0.265520870510413 -0.0751799681222216
-0.176919430657265 0.279376645721747 0.219313817933362 -0.223057124626534
-0.0567567001364502 0.389079507623197 0.116680915965089 -0.314808638072349
-0.00236861849609832 0.398536767392347 0.051754954117635 -0.29175619299377
-0.0452951319396415 0.401365408134399 0.0840718892937873 -0.284275181353976
-0.224975598665871 0.30869879247203 0.148383929340473 -0.157607787629081
-0.38353730541613 0.160329771373196 0.121994313342014 -0.0201474846292766
-0.487527169301015 -0.2195776330846 -0.0469476801645956 -0.0313119008811147
-0.20033574322311 -0.49499801905356 -0.0331212134334207 -0.212962404577076
0.218682130228236 -0.445870428517792 0.221153236082386 -0.431953017523807
0.446832723870298 -0.31821690559781 0.547028242515951 -0.365055010297905
0.550332060176779 -0.496922249850427 -0.0404988005818141 -0.173521548016883
0.217381431994664 -0.64053284616461 -0.0963841451903906 -0.0333972625879208
-0.260439202336522 -0.609942103937349 0.0339432174611411 0.154907535415001
-0.583932737843477 -0.269720757194917 0.138673317200522 0.123630719099622
-0.457684665078422 0.194984903795267 0.207493384642179 -0.059921291307813
-0.250108733523016 0.353095384347948 0.150128061204716 -0.127836313714621
-0.108665266496457 0.490993955478178 0.0864210052883485 -0.170940230975172
-0.0337152587030519 0.49960167218969 0.04457973661588 -0.13509453998802
-0.0864675355140827 0.498207418449195 0.0558018256558821 -0.127464853117983
-0.306569600680088 0.375125614001974 0.084172879317533 -0.0220061457419565
-0.490363355879558 0.187061946371132 0.0260806812363947 0.0542817684912979
-0.628206334209313 -0.280676740548575 -0.127310229276845 -0.00252211164060901
-0.280222945734685 -0.641469639248684 -0.0851907538550402 -0.196037997882649
0.269535637861166 -0.610423772080134 0.15383492613985 -0.36930182650632
0.589916862181661 -0.459325320860206 0.367205280804188 -0.290387025871759
0.579708530340914 -0.593713649060877 -0.247090455123308 -0.0296688680459197
0.195392826995748 -0.748969513310301 -0.167893737280802 0.122440658248844
-0.331882462665881 -0.676928109734432 0.0451182679958999 0.199410734509965
-0.669927909671946 -0.277592969750214 0.111602757043498 0.128118494363492
-0.507253679386201 0.220079112932038 0.117529022003801 -0.0285258297969861
-0.285115820420003 0.380816102300885 0.0569231199579312 -0.00531719645193467
-0.143001032576417 0.524184126568704 0.0421794474817676 0.0012038331127
-0.0588995641237345 0.525534667162441 0.0303514796147274 0.0414741633571369
-0.11244024350911 0.513019409455488 0.0192810168869981 0.0476765323273902
-0.338252393384767 0.373953658643929 0.00498699987567829 0.120058606343506
-0.511566720847399 0.173317078395805 -0.0825699985730345 0.126051453564116
-0.647163354892101 -0.300345794964279 -0.199066002443083 0.0228566762633843
-0.297469293460423 -0.669707226108456 -0.126051576753678 -0.162335160537149
0.280611924385678 -0.655821586289172 0.0770546484206264 -0.258946087341259
0.636878123704052 -0.518562537630436 0.154366711927437 -0.166588561091339
0.519693506555421 -0.606808925109017 -0.442762319845028 0.129757142612571
0.143360327432072 -0.7370578958769 -0.230788843797681 0.285994111290759
-0.346762504167315 -0.630373555327119 0.0465422245774474 0.230974070369947
-0.632592469445772 -0.24071353924507 0.0630659712331867 0.121906574429611
-0.470246822946358 0.205573048190868 0.00750874106024379 0.0178080434699477
-0.273371697672567 0.348689821265363 -0.0462376689694968 0.125559325055279
-0.154897426329665 0.476364123754298 -0.00741044648212403 0.176874687716547
-0.0757314856120352 0.470775820414221 0.0122412937787374 0.211451843483098
-0.125789524203659 0.447452776430938 -0.0183278031640974 0.212924761904309
-0.316176254613508 0.308442031580247 -0.0753680469432209 0.239589004697543
-0.443657269337787 0.119544720785588 -0.180689020805017 0.173051572040134
-0.535593958427848 -0.278325338986138 -0.243264356691698 0.0316181152725621
-0.239672584610304 -0.577997473637562 -0.142419270950283 -0.124690295226079
0.255535393339978 -0.571369636238662 0.0119952964255109 -0.126894730233975
0.579372317743057 -0.486648548933856 -0.0520080527826683 -0.0228492760285119
0.380185928920987 -0.519211706199963 -0.595958265428364 0.274046363813636
0.0747729273909891 -0.587339667120758 -0.278587332337884 0.417159096252621
-0.279652463587145 -0.468515667092319 0.033263185835272 0.240064104464047
-0.470290918611841 -0.168548456673283 0.00783377737703361 0.105683497777943
-0.345882051356272 0.144796295614313 -0.0987433392260124 0.0626799102668903
-0.216140051319792 0.251798820911071 -0.14074550855212 0.237367171566163
-0.144066343815478 0.350352366572203 -0.0558707383419922 0.327692677912359
-0.0813320589366427 0.343274336881551 -0.00835463411656126 0.350522466037112
-0.121946393834521 0.31625539528314 -0.0539449972055731 0.342186929717214
-0.249687119583702 0.195624174997004 -0.144343154588173 0.313410324746075
-0.3058471220779 0.0439059477228321 -0.251497612197086 0.181675838226143
-0.33636201465577 -0.215967517594714 -0.248013251285884 0.0172207992975486
-0.134437862718573 -0.392608394941372 -0.131736322545197 -0.0948454438879289
0.193502501645097 -0.392415772907703 -0.0311791292007411 -0.00528075326431405
0.431141835057181 -0.378253447482993 -0.219878855677596 0.113779061125775
0.183369475001623 -0.346107156687989 -0.682843266672599 0.368234002199899
-0.00352504715223606 -0.339847556292836 -0.306385817039612 0.497200720234766
-0.167223745707794 -0.226354745459584 0.017942601309085 0.232581728974945
-0.228969407283535 -0.0685050357677725 -0.0304489380400793 0.0800026001234764
-0.160889667702129 0.0589306850935568 -0.176628806412881 0.0900500712924184
-0.121049196890523 0.110634591323854 -0.211149295740904 0.304996797356924
-0.109967409734497 0.166493892391407 -0.0958566177559006 0.427933636900293
-0.0761114918264984 0.16382003884781 -0.0276429211831376 0.436177192974771
-0.10115210945623 0.142063590448537 -0.0826905838059745 0.416926986850089
-0.151244409395071 0.0644321585358984 -0.192369640663713 0.333749934964203
-0.140947926060918 -0.0248214874581213 -0.286846437289898 0.155982575629891
-0.118901909503292 -0.123618562249716 -0.222668523990991 -0.0107339422806987
-0.0337864901201834 -0.172089355244945 -0.104364043369388 -0.0750909063786988
0.0990386590711229 -0.181315873564564 -0.0525417006379339 0.086000874325728
0.225809100773699 -0.225155845892925 -0.325816308455071 0.223576804484945
0.0670274543304965 0.0371194833588955 0.346551059470993 -0.403892595413146
0.0365071345804491 -0.0358034891800829 0.0468386490475217 -0.251297031123007
-0.0419882265606374 -0.0590200393645208 0.045395275748898 0.0548836941525904
-0.0840807029311262 0.00537914090104695 0.189913589625161 0.0395739512844193
-0.0199700278469336 0.0768358340627596 0.28867600416225 -0.131220651417142
0.0308983401016827 0.0551301954086348 0.234524459540032 -0.352752754682982
0.0687184502102627 0.0392169475680548 0.0752729890249667 -0.469985555868427
0.0566182546321325 0.0316635072058843 0.00473462986524254 -0.46716796791129
0.0559496188766159 0.0316115543873067 0.0633433890457238 -0.468856627314689
0.0302566844905521 0.0427437788149346 0.172197561279823 -0.355123780800995
-0.0193650255928947 0.0436252308341159 0.212793731263642 -0.152635719992476
-0.0377629004338324 -0.00975987095276985 0.0704112064753332 -0.0846476887498667
0.0301578359115319 -0.0222225889610524 0.021730021698267 -0.208328505350829
0.0414480640411797 0.0661583205268113 0.257651689925657 -0.447167279340672
-0.00974905145404372 0.110943474404921 0.713054120541983 -0.397858814190561
0.249412886749887 -0.185308649100016 0.284004043414856 -0.354497914527814
0.102375470898377 -0.262421247704325 0.0279253706085722 -0.217513608819939
-0.128979054757352 -0.262265332751453 0.0538193341607301 0.0714643054228021
-0.282103981013704 -0.089017149813125 0.187071212647285 0.0598613650688962
-0.182240383416385 0.133651295986203 0.280822702004411 -0.126589764260566
-0.0667473400141972 0.183446816842838 0.22733414969206 -0.320127277913961
0.0319827549810032 0.236221652439176 0.078903702100387 -0.440240084418029
0.049404007834906 0.235039894383038 0.0148985601831315 -0.415017998665105
0.0306376902076484 0.240295578946525 0.067862870448541 -0.418873505435313
-0.0886403693377129 0.208146708599094 0.173405589892475 -0.294576600721915
-0.208321738585338 0.133058456478793 0.191441052379467 -0.107649528222511
-0.297804901707921 -0.096864911667968 0.0309181369265209 -0.0609899113071712
-0.115621344543659 -0.271008144729103 0.00282599501080115 -0.212328668351119
0.128603392347093 -0.219283032808202 0.23192485881551 -0.477661438849028
0.235560165746848 -0.137524401075305 0.653956809554597 -0.438972946196826
0.399224131713012 -0.39077610917053 0.157733714712475 -0.263253000516512
0.144640983756188 -0.479989301421926 -0.00990755896317553 -0.138934116832239
-0.224501417457149 -0.444993729677149 0.0735384739663639 0.100171899034463
-0.464034351060835 -0.161840184188902 0.188013974664522 0.0698250501424195
-0.327863071410491 0.187678334364284 0.249982138142813 -0.123028227131177
-0.155359318226241 0.294920844750638 0.190815979801112 -0.255608517062228
-0.00821462540499048 0.401770649178752 0.0683940972814022 -0.349429410343235
0.0339256726437701 0.401840423179276 0.022890790435451 -0.297582837237256
-0.000457169917978201 0.410880136298791 0.0614623098871028 -0.3008571658016
-0.196965036407781 0.340538869047087 0.142980225156115 -0.184464384864334
-0.371082376444545 0.203715865421511 0.128488015324813 -0.0390590358328815
-0.523332751975182 -0.170695079065951 -0.0334223482309856 -0.0297306741435768
-0.249605289018691 -0.486557894572065 -0.0369537990554085 -0.203829658208004
0.196929606844601 -0.477049273582645 0.174775442258329 -0.458726596449509
0.447320905048656 -0.362604640508125 0.513773185007523 -0.414209630340403
0.490344073158271 -0.558835113273616 -0.0144337481237815 -0.1312363817845
0.145140598014632 -0.663674007247552 -0.0588402052088233 -0.0125921347737973
-0.333036769272879 -0.58413874676257 0.102114831502878 0.138926609800516
-0.625354785585232 -0.197984527330022 0.185559416032125 0.0731351698395445
-0.439669344372694 0.24004642834416 0.187824854823376 -0.110225990325788
-0.222711509365758 0.377907587149876 0.12616611528027 -0.156637693640148
-0.0448840561880225 0.514665132760821 0.0479351961739795 -0.208836028960598
0.0132517314387903 0.50767272626926 0.0273580985400629 -0.136245724991467
-0.0318829681323789 0.513003917270352 0.0456010340935098 -0.135476990879441
-0.273884859141826 0.416078485376156 0.0890020216393311 -0.0391059851761285
-0.477693929688249 0.240642892341975 0.0359300244663423 0.0449112326979459
-0.671807011178539 -0.218530831544212 -0.110757517814001 0.00636055228479862
-0.346274432362668 -0.629535287113444 -0.0850484656444863 -0.17520655040631
0.232336707066417 -0.655445706063802 0.100330175398626 -0.38084674689214
0.586476169903721 -0.524824190288454 0.317434593741988 -0.322381172312079
0.508435595708485 -0.657751668890584 -0.21041578247757 0.0306896850457827
0.112698369469311 -0.770452410813846 -0.112540609534817 0.152093669578745
-0.414054082065093 -0.644150575316816 0.124507074566513 0.179931628012323
-0.712693931924817 -0.195454845489894 0.161297653591306 0.0731427327170733
-0.489852484313812 0.270792926351062 0.0968957551387077 -0.0747907993781521
-0.254246729463035 0.413335070156871 0.0412660735630514 -0.0268135140270213
-0.0762290786393623 0.554959332480746 0.018515402894161 -0.0327530750204896
-0.00948593955537453 0.537040982314125 0.0281134142608452 0.0458146440028217
-0.0576224138101085 0.532189518422498 0.0232336413304945 0.0503042404214123
-0.306243775735674 0.418311708436839 0.0188122436815349 0.115598231674204
-0.501311654151844 0.226434484915701 -0.07153592901608 0.129557754880331
-0.694335076855631 -0.235256959139323 -0.183382837437089 0.0396282141453638
-0.369086384009547 -0.656359955938159 -0.124541708385893 -0.134560512447931
0.238586689759704 -0.70669430571553 0.0251051410882698 -0.255607134440791
0.628158330117206 -0.593906528491653 0.0960896503977117 -0.179077072988871
0.450142990389341 -0.6620405370576 -0.401379408415889 0.201420374493307
0.064353011535884 -0.751731922075004 -0.166305616130545 0.321861117689476
-0.422095238875715 -0.593087775017643 0.125615946230618 0.210249175183718
-0.673371170438171 -0.160832288562799 0.108259455147201 0.0724733121849075
-0.454094754565914 0.254961198433189 -0.0104613034851628 -0.0161948364521855
-0.242860771816793 0.381822846282377 -0.0509975876645249 0.116263621420588
-0.0948859645619653 0.509922580033203 -0.0122595776949587 0.152700886795003
-0.0310381888266 0.483613499359968 0.0243102248483328 0.220484650687977
-0.077460055835817 0.466752753939058 -0.00186058322414266 0.224846119497616
-0.291897075467978 0.347068799112268 -0.0550843515328963 0.248357529580582
-0.437598259489027 0.163057119863412 -0.170817541066636 0.18945215781888
-0.578515783845008 -0.225492531077997 -0.232770691235125 0.0541771520635787
-0.301173244268273 -0.567947735517972 -0.142368340870409 -0.0947424021700646
0.216433072892732 -0.61764343642938 -0.0289120116873711 -0.114481621172085
0.566403446740816 -0.559357776395562 -0.107237451152396 -0.0158202080064194
0.322698269161221 -0.554177195267227 -0.557015266336226 0.344208885370663
0.014944456074522 -0.593935836242761 -0.21625266146132 0.455559717742409
-0.334904930551735 -0.439963358019092 0.0978608731785863 0.225999107264548
-0.499423856079265 -0.108100430453573 0.0423345421220951 0.0716085354885994
-0.33538701101452 0.182876531954249 -0.110831503689628 0.0477615001148802
-0.192260470977681 0.280221630059905 -0.133369027572085 0.242199405360938
-0.0985779196166618 0.380934796200183 -0.0399269109455092 0.315723849590632
-0.0473268681224803 0.357212174568193 0.0179397847384665 0.361913060003001
-0.0878628741603864 0.332980653456552 -0.026526709040789 0.361442880119383
-0.23548128121391 0.225128415741567 -0.121125404516638 0.333021719013075
-0.306767255753204 0.0713268553927423 -0.244320130241111 0.207069468288323
-0.36686601617677 -0.18415380113128 -0.246339968699299 0.0408294602763849
-0.175650462922586 -0.389589313972414 -0.136079949028217 -0.0709963360151897
0.165039181355525 -0.426903728161112 -0.0558544013759007 0.0103310865971797
0.418711250415726 -0.436986230823041 -0.262739642918586 0.136442075420337
0.146275063390272 -0.357674547269724 -0.654534459513242 0.432365009902425
-0.0361212267179847 -0.335816504102698 -0.256621760034947 0.534973959117663
-0.19334957023786 -0.20951969652527 0.0595709029519108 0.22744997696225
-0.242479601259114 -0.0373350458492364 -0.0122025077299911 0.0661419665298773
-0.158148267161151 0.0795282985959662 -0.180194510349808 0.0949156541803444
-0.109684358486122 0.129303264760733 -0.193347858313758 0.322512621506923
-0.087702511050812 0.1884933104927 -0.0614892478471745 0.431089624818672
-0.0589973695613495 0.175630945789335 0.00906803402209987 0.449706768839673
-0.0866067407928024 0.155138904939588 -0.0489302267019561 0.440570180426239
-0.149546113405052 0.0804003922822273 -0.16965936353118 0.362726990606143
-0.146971919718257 -0.0145915049377501 -0.284573970643604 0.187885792647986
-0.134677427500308 -0.114153300555279 -0.229284458420522 0.0106399029809444
-0.0512368476099081 -0.172869570274359 -0.113602197582275 -0.0607380037504729
0.083415186269561 -0.199062693954022 -0.0584884800518204 0.0998180964165678
0.214369488225882 -0.260830770863702 -0.3495516642621 0.256542071470252
0.0696715750114524 0.0369553925009429 0.333358614432861 -0.429095894519578
0.0376174146670755 -0.0353359499723306 0.0328266846753187 -0.25793587624586
-0.0454298893313003 -0.0564697130316732 0.0484067678560995 0.0527478661386204
-0.086879532425166 0.00911838716212509 0.195041470224355 0.0295846747419967
-0.0159172333703025 0.0788942037670712 0.285435841187407 -0.149484639292313
0.0337944697199066 0.0562064046867378 0.21476613128967 -0.370747484884067
0.0698069654570508 0.0349232221614767 0.0458702277893086 -0.47838012346069
0.0597832040948454 0.0281950156749782 -0.0204524795555685 -0.475531364144376
0.0580163502159016 0.0280029121636797 0.0375566473114532 -0.47892425291176
0.0329750831557784 0.0402567520134386 0.152630778799941 -0.368025744980959
-0.0164966745860684 0.0457157735656977 0.20767210598202 -0.167326835917266
-0.0377536503593509 -0.00842916943418533 0.0662361745388716 -0.0899217941160226
0.0311643937096003 -0.0243398358751259 0.0105767169825683 -0.215159888829118
0.0474022909079726 0.0659012619666528 0.237688468301769 -0.469488846713919
-0.00468220543401358 0.113381732889701 0.708271399354794 -0.440930022908908
0.243715453881176 -0.198417534015769 0.275553207282574 -0.375871885333842
0.0922651405145114 -0.26884412660402 0.0169599445872533 -0.223571040390858
-0.144654661739612 -0.259172136127673 0.0587241445061045 0.069691007384888
-0.295025395905726 -0.0743335647355592 0.193014922306307 0.0504159678452542
-0.178571819599288 0.143681865283724 0.27529719434177 -0.143273844634712
-0.058264919187314 0.192570538388281 0.210710169436916 -0.337853773717232
0.0464747471496601 0.237689592770292 0.0524840632862489 -0.446246876101015
0.0663135015082735 0.235015347783018 -0.00676308037520804 -0.421843662815334
0.0446764237722369 0.242707946409324 0.0444270517625916 -0.425955294827717
-0.0788820863184608 0.216539516655305 0.158067702108316 -0.307309271300118
-0.204628585817122 0.146948997450481 0.188511208693574 -0.118961290704246
-0.309056599417088 -0.0809418808992152 0.0277129913644989 -0.0626808393596246
-0.130666680986574 -0.270427089504435 -0.0085546265534901 -0.218570496285915
0.120654935702685 -0.229787354361151 0.212358471488123 -0.498514540138744
0.23108177408127 -0.152579824761857 0.645429248044956 -0.480657392334057
0.385010106536926 -0.415972918221066 0.152656894400266 -0.276195056697724
0.122403262383316 -0.491583710616803 -0.0145808964350759 -0.143119096543823
-0.25150768281168 -0.439451165765059 0.080630061198601 0.0980179615008753
-0.485619775268135 -0.137245155013121 0.194932188630577 0.0612233725656308
-0.323319881500516 0.207393702915101 0.2427436331309 -0.138888321433403
-0.14172807389061 0.311088048233279 0.178606717205117 -0.27078708613428
0.0168525708413977 0.407918094689807 0.0471795528835479 -0.352188433419279
0.0621839104678187 0.406762339031535 0.00720293973670044 -0.302532219681518
0.0232636158845934 0.417829612481399 0.0439838485479041 -0.305887035435654
-0.181015675322935 0.358561649006952 0.133915214634689 -0.194561133015247
-0.367851127715672 0.227651994528816 0.128373757374387 -0.0452554423637477
-0.545277247420191 -0.142020210511313 -0.0357836498756933 -0.0271602888455239
-0.279393431979254 -0.482103665151796 -0.0482889437939742 -0.208513846207885
0.176880485051115 -0.498312966575349 0.154698357298475 -0.47802337576406
0.433718996091015 -0.394266772972174 0.502991791244731 -0.446948869910609
0.468357990375754 -0.592730554361848 -0.015843483517374 -0.132999496975343
0.112509402735822 -0.680997069690521 -0.0558833378865736 -0.0117539185526325
-0.370241678000109 -0.575115093352888 0.113219699079903 0.136577506783992
-0.653283817445163 -0.164145330009454 0.193623009216445 0.0643326315825115
-0.433977196513185 0.267362669595821 0.179276885117967 -0.122603762591967
-0.205593965780841 0.39978438658213 0.119919203982935 -0.16791863001771
-0.0126122679542291 0.524594240989451 0.0337416210743167 -0.206828310240115
0.048876887732005 0.51619984131596 0.0215857931872987 -0.138756458368958
-0.00372085162498543 0.523721036037782 0.0378108712053519 -0.136413461555487
-0.255314193191312 0.441410877431442 0.0877909177034545 -0.0446635042455226
-0.475042778565897 0.270712136376852 0.0380795545915915 0.0463368396354909
-0.699646620103615 -0.181888769284984 -0.112569763695121 0.0151391357243577
-0.386476090267528 -0.620239296178833 -0.0948714592869391 -0.176965654111672
0.204182003707587 -0.681376198867965 0.0828271290314053 -0.395745722550961
0.565737881801105 -0.566466048140162 0.3063134921842 -0.343213669531599
0.48313686216991 -0.694494513780452 -0.208095853533336 0.0417745622647159
0.073602288300017 -0.788365144019572 -0.101264970464507 0.158441833506745
-0.456683429881898 -0.631216009720005 0.139622564623036 0.177241903929667
-0.743942566002305 -0.154693896026537 0.169913384081815 0.0660170286300999
-0.484188721678401 0.300990231862414 0.0885938506361098 -0.0805809246301343
-0.235615314511017 0.436756103177582 0.0422753089938612 -0.0307981110353766
-0.0412250815961672 0.567844049447594 0.0152512569616194 -0.0271321446951298
0.0272778347180035 0.54740166785545 0.0324734163929892 0.045812736327047
-0.028530316900206 0.544911638730194 0.0260657087719245 0.0530338381780853
-0.287829817831926 0.445091232754887 0.0256220691199454 0.116886495264366
-0.501384573147319 0.258117951426542 -0.0657086035230174 0.139068493279478
-0.724964417610855 -0.197745542947168 -0.185431288622326 0.0539603076877404
-0.410941870343726 -0.64860837217803 -0.133243861486718 -0.131302041278463
0.205872889446523 -0.732126721527577 0.013396976066163 -0.264514581636603
0.605142577613764 -0.639258588396466 0.0865510134970692 -0.186492159847713
0.424497633839788 -0.696888260276333 -0.395660094747165 0.225069463299804
0.0255194209305917 -0.768251039892694 -0.145999760084795 0.334474274958715
-0.463197254510144 -0.583545585470732 0.143377285607768 0.210395518172723
-0.700749638785338 -0.122917827990378 0.116902794740988 0.0679985595664063
-0.449739204556191 0.282610388598247 -0.0171307016064356 -0.014606711181203
-0.226890177711132 0.403354848617324 -0.0423479471118017 0.120191827572356
-0.0618839531267187 0.523229514645873 -0.00483445803185925 0.161643244453304
0.00303774697224396 0.495411319128058 0.0385905926146081 0.222697733215558
-0.0532245653939474 0.480158830751198 0.0119921926957255 0.230947126512743
-0.277500438441645 0.37271356422353 -0.0411669604270879 0.254951960573176
-0.438355696809458 0.18893199024186 -0.163572051579467 0.20537774962628
-0.604833083546848 -0.192912280267128 -0.234546933131571 0.070236339088674
-0.336871873661333 -0.560304393245743 -0.150004462107774 -0.0889617004775102
0.187282865462455 -0.639758385255339 -0.0346011357914582 -0.117544290877256
0.543538602393451 -0.600210546538717 -0.112727814774993 -0.00945705870168311
0.300478342579855 -0.58255705221657 -0.54924576222222 0.378214888272399
-0.015841423589076 -0.606891259547411 -0.190997809138024 0.47471227504397
-0.364555598372644 -0.431927814986795 0.11640015874864 0.227674655420051
-0.520064483846366 -0.0783273489139255 0.0500686983974058 0.0704679426938359
-0.332210587952118 0.204641136752674 -0.113635128991961 0.0550027756260233
-0.180169948125775 0.296519157456676 -0.117977025057776 0.25220870274201
-0.0730891928858304 0.393918365802373 -0.0234688509888493 0.326353579717909
-0.0229450179352881 0.366987456548446 0.038364056597638 0.367421298849695
-0.0703741716102106 0.344534806403528 -0.00607523054762072 0.368619960049825
-0.226440442327376 0.244297084420302 -0.102143539314185 0.343655655844562
-0.309971092127594 0.0894355221381852 -0.236813744832211 0.227684408406092
-0.385030522668619 -0.163350009917646 -0.24927150372078 0.0568896588438407
-0.200439266417336 -0.384824183218662 -0.142651742447998 -0.0639591728577578
0.143637487540917 -0.442393365280351 -0.0555647828523361 0.0107903050313499
0.399770080474092 -0.467111277139182 -0.262751626984294 0.152620041818134
0.130382232080096 -0.373754244132563 -0.646657381838747 0.471652244178821
-0.0555720355774762 -0.342779166077363 -0.228243700796802 0.559708472790485
-0.208322501130488 -0.204551855705502 0.0773334520854722 0.230696876953533
-0.251396374501278 -0.0223091000501986 -0.00568494780733857 0.0672111173202654
-0.157244601757943 0.0890544752415164 -0.180311393986153 0.106470464064023
-0.104250804257091 0.137042948679172 -0.175179112052548 0.338669087014297
-0.0751344744972152 0.197897005698745 -0.0375520454385285 0.442136033228973
-0.0470097007178599 0.183129248488378 0.0326285880547002 0.456686062756353
-0.0786335480332023 0.163332493935054 -0.0242369442071971 0.448757783633153
-0.147146420256955 0.0921615028394011 -0.151506857206297 0.375440881517001
-0.151328750709379 -0.00730185096817495 -0.277733301731773 0.209005105759921
-0.14429160526544 -0.104854881603292 -0.233579694489879 0.024873071977542
-0.062903266230135 -0.171407318346006 -0.119462201115456 -0.0534098051884524
0.0729218883454095 -0.207094422110628 -0.0539380249570887 0.10321286977014
0.202358603934012 -0.277645662422433 -0.344716905729503 0.279673352624952
0.0709431764489316 0.0347966979626525 0.30790243351171 -0.444944305975262
0.0376099238226951 -0.0352095567678778 0.0153003467723924 -0.255433950920597
-0.0476380025260715 -0.0520341314056702 0.0515949906731827 0.049769565339889
-0.0872152311749946 0.0142282232046376 0.194400547073484 0.0167825905576485
-0.0111242914909842 0.0776720739109977 0.272733858244738 -0.16589020173514
0.0370432490517726 0.0542407700691903 0.185713993099658 -0.379390397271384
0.0692003835054698 0.0302956858697177 0.0163000058846138 -0.472537222140292
0.0607333927777029 0.0233243910002183 -0.0498846077486634 -0.468207848961175
0.0587768442384413 0.0240290322412946 0.00539341301286612 -0.472359416409672
0.0341769214994073 0.0359336997289318 0.126886086457906 -0.369569050810525
-0.0124637019884792 0.0450247809525855 0.1947933385617 -0.178280244203077
-0.0374627268773894 -0.00755460946377432 0.0590571495490616 -0.0924103718552361
0.0305453109229418 -0.0267120686459271 -0.00298393230724145 -0.214619991404332
0.0517815802448561 0.0628266933389933 0.209522723900673 -0.478138315668876
0.00137958540384433 0.112374306684245 0.677557695290352 -0.474996552521168
0.229514875540137 -0.207413199402307 0.254317832343419 -0.38991821660097
0.0781243518644472 -0.268060601451789 0.00372903807491517 -0.22224709343674
-0.1579400336535 -0.246305396144275 0.0626861463111118 0.0661745607569816
-0.298449117688181 -0.0542894909727515 0.193562015952496 0.0380560442208618
-0.16904877116708 0.151590112314962 0.261533451918237 -0.156988887104366
-0.0457908433735772 0.19526297642969 0.185879139220403 -0.346137378673466
0.060421257015669 0.230432332043286 0.0234257593197605 -0.437359714335666
0.082844630759936 0.227328605709466 -0.0314627337328333 -0.415026493440222
0.0597362670883597 0.237589676467467 0.0160308606771235 -0.421328544699782
-0.0650408357091238 0.218014066950208 0.136819715595218 -0.310352117233431
-0.193423604197861 0.157468939735747 0.178925636595471 -0.128622058973165
-0.31202133612527 -0.0613351231391379 0.0231472474906187 -0.0627174325200791
-0.145105827684591 -0.259760056625238 -0.020875842696946 -0.21900281613342
0.107452898951008 -0.234917501495646 0.180726032150139 -0.507764734624971
0.21760390893958 -0.165073324349908 0.613731421955969 -0.511032285171951
0.357269339997984 -0.431573749005389 0.139444464109407 -0.282778807493207
0.094090917839667 -0.490607143519971 -0.0206134823533185 -0.142306627392693
-0.276182043754932 -0.418992626531281 0.0876886771291226 0.092435055571413
-0.492823354985722 -0.102674298680854 0.196960458369212 0.0489741462417733
-0.309415836989891 0.222334438219762 0.227678861400268 -0.149666635883873
-0.121319825730888 0.318082108792653 0.158305936967488 -0.278645167748961
0.0439338977640831 0.400310035440935 0.0246302914934743 -0.344124878146438
0.0919783551862353 0.397163330743921 -0.0086605828993528 -0.298855317279222
0.0489637700691088 0.412032638535663 0.0243918088367152 -0.301384945420278
-0.157348248054821 0.367129678040228 0.119893281898167 -0.19807442804135
-0.351036812455418 0.247334392245407 0.124136482897075 -0.0508648726665905
-0.549985423097074 -0.105759234732738 -0.0374681027636168 -0.0231804294841815
-0.305959866132103 -0.461007167525386 -0.0591779640014918 -0.206766982496019
0.146468201868513 -0.50383950837739 0.126716625330525 -0.48361700253199
0.404615515163517 -0.414651149677098 0.473470037485211 -0.469452215692932
0.430183028170115 -0.610760597684615 -0.018682888764864 -0.1324573154583
0.0748197846832836 -0.678108861793797 -0.0523174310339812 -0.0120871660788772
-0.401895478535185 -0.546107037780808 0.123158515296474 0.128888634986138
-0.660267032975385 -0.116246523084549 0.196682343673318 0.0518171448715768
-0.416404198258576 0.288308660275607 0.165403930486234 -0.128413806198362
-0.178553569553854 0.410452227966717 0.108783435116403 -0.173923805435716
0.024084218678785 0.51721317923132 0.0208582888298828 -0.198627262103881
0.0861738481840394 0.506314697661908 0.0147046246256194 -0.137905873305651
0.0303835562908036 0.518919126000143 0.0283707213947749 -0.133810288148345
-0.226260583709029 0.454368430477847 0.0839041312553474 -0.0472295267569465
-0.455256013267665 0.297251472540173 0.0411881875380761 0.0467409911363787
-0.708679124752435 -0.134679929243057 -0.110482930610453 0.0241613927618301
-0.419424740515221 -0.591980295507963 -0.103363032943862 -0.171436911928305
0.162098297473308 -0.685777708918111 0.0601368479146324 -0.398876416867255
0.524064914682105 -0.595392127106246 0.282507846684651 -0.355202659750614
0.439010144452012 -0.714298704450907 -0.199990114171186 0.0517968587977095
0.0273780600519102 -0.785323617583597 -0.0860588834865335 0.1589614828156
-0.490347721741392 -0.598816284562655 0.152612742211094 0.168073346958613
-0.748184400411374 -0.102627796086286 0.173947890791174 0.054847788661371
-0.462961596044243 0.326640627920794 0.0778585452897125 -0.0817154794627086
-0.207147299733465 0.4485899960194 0.0415358893435413 -0.0346996687573831
-0.00127118948748881 0.561798893939833 0.0138632622292835 -0.0193534016691619
0.0681333214457177 0.541083761953403 0.0364890847417521 0.0437942448021944
0.00744898566558128 0.541883938160012 0.0296618542456685 0.0538425854208111
-0.258068925237409 0.460695148450742 0.0330017329739398 0.114527585437971
-0.482565631533222 0.286305619891014 -0.0562449465155263 0.145008410708993
-0.731611780956194 -0.146943425321436 -0.180495769223497 0.0665385541139215
-0.445438898263329 -0.615673089852424 -0.138939496832557 -0.124300517212626
0.161608869969356 -0.736490116482002 -0.001758827051372 -0.264976653238257
0.557765194777641 -0.667553717641985 0.0731663972915043 -0.187555098856734
0.378899873840269 -0.714770894186777 -0.376128584893528 0.243538652030954
-0.0198195357432957 -0.764073614201527 -0.120594613380396 0.33609265038026
-0.494023288193998 -0.551596784652238 0.158947756570273 0.200616539092729
-0.707179170252733 -0.0729544153335005 0.123090075997825 0.0601897908433073
-0.430269242918173 0.30596766061003 -0.0215924256269147 -0.010433617215494
-0.199868010149729 0.414480955494588 -0.0315591557858148 0.119061172416331
-0.0228525695691998 0.519560829469243 0.00582963416367238 0.166050330787337
0.0398840244648917 0.489378603891469 0.0522732014365674 0.218387503576317
-0.0210119964751394 0.478286737207832 0.026297013940703 0.228610076680806
-0.251458408658479 0.387760805963951 -0.0242427209107538 0.253953836427104
-0.423898386793187 0.214538492031962 -0.148505756989324 0.216616533017444
-0.612332930431769 -0.148353875467174 -0.227775792486044 0.0861709272035507
-0.365784022905318 -0.532116939317949 -0.154050417740013 -0.0804295750349826
0.147312583504236 -0.644244895040696 -0.0409682057408112 -0.117112546484242
0.497708495603734 -0.625954324414986 -0.114723803470844 -0.000920207317987112
0.263388963624246 -0.595788467352747 -0.521392444702878 0.40468025911513
-0.0525818477053403 -0.604191879957044 -0.157214094746502 0.47894383361772
-0.389389123668429 -0.408382183259092 0.133998565392411 0.219181260853631
-0.523826993384923 -0.0425711519563803 0.0566225293599073 0.0658735673692678
-0.318500137362346 0.221950605875259 -0.112013275599366 0.0635911185806869
-0.15976054825256 0.30496472331192 -0.0976819762784546 0.25480929732059
-0.0424610065114962 0.39368023883736 -0.00187750074736149 0.328234310468005
0.00482257166124373 0.36485107157268 0.0605853731164314 0.360325752680587
-0.0471484313942714 0.346092796512325 0.0180581135344899 0.36484223402564
-0.208730072116115 0.257359120936993 -0.0798999258481281 0.344828792945546
-0.30303646293998 0.107609823863537 -0.21943400232701 0.242589269024251
-0.392539650786551 -0.133047536412412 -0.243105654347941 0.0735981728120408
-0.220860164852654 -0.365573318084732 -0.144420013365165 -0.0548777704256702
0.115102857881552 -0.444698366545338 -0.053549406769873 0.01099912016774
0.363196879599389 -0.485845574190851 -0.254047266036448 0.168324370260185
0.107022937399179 -0.378746439203285 -0.613607078030627 0.502456155550167
-0.0752854643053675 -0.3386124522524 -0.190209963791888 0.564760926467466
-0.219354411474354 -0.191859377300913 0.094889396098029 0.224429939373541
-0.252129879642459 -0.00436865545657877 0.000950350290824574 0.0656312148686561
-0.151374675695658 0.0973771777942135 -0.17355426998145 0.116796564030092
-0.0944425879312682 0.142237908166331 -0.148830875287486 0.34339424287706
-0.0582275696468604 0.200485737378965 -0.00945826500902138 0.44097580835115
-0.032458925682627 0.184888770252002 0.0606390786546444 0.448528742082237
-0.0670882973490942 0.167274545920328 0.00525162709910446 0.443401699028368
-0.138320265868897 0.102005204756582 -0.125194533232015 0.377534370630424
-0.151834265424515 0.00208014110735854 -0.260845943846185 0.225900683235111
-0.149417551481196 -0.0918186569108529 -0.229646347132256 0.0406927547503085
-0.0731349173063507 -0.163286800146725 -0.121131962588952 -0.0444690797795998
0.0583273459430094 -0.209431112908563 -0.0468687270814143 0.102577131315385
0.180733965591337 -0.286909216557927 -0.327531247026028 0.298501984804317
0.0706038665705723 0.0332707816625256 0.284473485779052 -0.444522178173707
0.0382267215958482 -0.0335297391009453 0.00449118505061164 -0.245424335178408
-0.0473172195599455 -0.0480066319981049 0.0532001063452698 0.0468626048056918
-0.0844235663711348 0.0172774459567986 0.188327031282142 0.00760155669351912
-0.00824039676931956 0.0745788938428729 0.256381587936221 -0.172195521274178
0.0380575737690013 0.052261163295025 0.162657479605193 -0.373653962052558
0.0666838449576635 0.0268347222864981 -0.00493648295669718 -0.454850754795492
0.0595526062325922 0.0194013605317179 -0.0675344364733933 -0.450605129222562
0.0572401754764979 0.0200678101478259 -0.0153292462067613 -0.455006005761394
0.0339817038370585 0.0320788744778348 0.107463720946673 -0.360149149394966
-0.00954783487202126 0.0433675719732346 0.181171799530403 -0.180663688120081
-0.0356626412568853 -0.00668616852161211 0.0523580458745102 -0.0917089289172763
0.0296991879136485 -0.027891402527825 -0.0120152174812042 -0.208908644366414
0.0537801730362106 0.0590753239781464 0.183748628629033 -0.470463242828305
0.00459652807064926 0.10909576478818 0.641905803946248 -0.485688432506693
0.214656783889822 -0.207112463793289 0.235940749810905 -0.387473727747841
0.0683996688224548 -0.260201877684218 -0.00448321251401333 -0.214995325855485
-0.162425225012338 -0.231603070858047 0.0648891827469663 0.0615562647713425
-0.29411450469639 -0.0386724019393392 0.189300070510841 0.0288731777897181
-0.159058976448624 0.152998162877712 0.245268204157717 -0.162070281725397
-0.036696616609312 0.19224713843076 0.163510424901812 -0.342500513085653
0.0683194067176764 0.219728687816507 0.00504941187175285 -0.419908007534196
0.0914321261674375 0.216071335654903 -0.0459381650603405 -0.401251417802486
0.0673889244623703 0.227369302359263 -0.00171792428914068 -0.40518688871815
-0.054711979703341 0.213903202696157 0.119403274088729 -0.303825742693796
-0.181454848073819 0.160291051028894 0.168535935210701 -0.130778409938846
-0.305141282729012 -0.0461232592998543 0.019960348148687 -0.0613447172906328
-0.149874091552796 -0.247356734517686 -0.0298840934558592 -0.214012908831809
0.0960740071978699 -0.232053638636875 0.158144178754678 -0.499724288370125
0.202994071380977 -0.167280958321319 0.578603112152644 -0.517568997613993
0.330697626978249 -0.429214421635307 0.129071286408189 -0.280885318640157
0.0751059432886694 -0.476946631883113 -0.0243626523232719 -0.139193434813129
-0.28428607145662 -0.39323156575836 0.0914789146840874 0.0857020280986792
-0.483689574546811 -0.0764439444845657 0.193900282134267 0.039193792246244
-0.293799613392265 0.226823181920049 0.212757314162928 -0.151234444940664
-0.10540678331266 0.315515483761854 0.141405911634683 -0.27728484021507
0.0605724434490428 0.384973205986956 0.0114509729369958 -0.327895509547921
0.109560624929599 0.378935000426989 -0.0198064309615862 -0.288470554295955
0.0657933271788441 0.398058640327578 0.0108218036505274 -0.289013670368052
-0.137481729575619 0.362202887259301 0.108628848020776 -0.194272908682492
-0.331498246575015 0.254179890818587 0.119180837624219 -0.0526094869501809
-0.54051678976644 -0.0778433300622285 -0.0374295652472863 -0.0192526929514638
-0.31360090295898 -0.435810103308589 -0.066236928090547 -0.201424644149035
0.123489820186387 -0.494086172757785 0.104137504644771 -0.476274683093938
0.372699091671874 -0.419007972399937 0.441191294658898 -0.470724377696875
0.39324963632821 -0.608397021133529 -0.0177427454805919 -0.128936763243616
0.0459858790465669 -0.658106607524442 -0.0482001389384029 -0.012403091630269
-0.411853964024031 -0.512028394649388 0.128151170963607 0.119306266026592
-0.647458426522914 -0.0824345771474738 0.194682201479036 0.0426387461380187
-0.39527979299733 0.295529311139033 0.15343899618426 -0.127593019360021
-0.157046714288745 0.40744909690006 0.0981579868970997 -0.174633164143098
0.0476151063437475 0.499653228237483 0.0142890314549353 -0.186446094139453
0.110231678492356 0.485644415837264 0.0103198574130118 -0.133869735305849
0.0531979219339619 0.502220843806337 0.0226658236551274 -0.127637039582295
-0.201299440337737 0.451178188786258 0.0794194849429443 -0.0474074749974497
-0.431888795467316 0.307199254670485 0.0426866932214554 0.0465762600975435
-0.694315414687763 -0.0985192034760937 -0.105680763227167 0.0300767129017285
-0.430899450134161 -0.559246150625706 -0.108010691039289 -0.165827625886568
0.13271434974554 -0.67134152391552 0.0426019937436162 -0.391837164419905
0.481106997652848 -0.596076251527793 0.261507656442643 -0.352230185591989
0.399002828994719 -0.710602186932647 -0.187608249867893 0.0565533975619339
-0.00393047747142339 -0.762692600049516 -0.0741019778411568 0.153064871995202
-0.502057144997765 -0.561605312502274 0.160106990203372 0.156644469527562
-0.735757633802648 -0.0635389599818791 0.174252689566701 0.0462057415340901
-0.440595560593171 0.335060048399933 0.0703741859924236 -0.077861204545328
-0.181858132594928 0.444789277150968 0.0401630646417832 -0.0372142889154362
0.025085762316354 0.542451205803187 0.0155520230639623 -0.0122689994105568
0.0961220892064487 0.518897150104822 0.0380944700750622 0.0416610673625929
0.0308469071686074 0.523854087567184 0.031276348629651 0.0533406402600113
-0.230541039401524 0.45966889376847 0.0364643732262007 0.110445539281464
-0.458446408279232 0.297648205754188 -0.0477064474629632 0.14625340843099
-0.717342880159811 -0.107161351449518 -0.171158923690954 0.0740950888546084
-0.458057343144297 -0.579727805190874 -0.139190821653732 -0.117336694421035
0.128727613983631 -0.721222584688211 -0.0123139461564543 -0.260161650895219
0.51047398430977 -0.668899941667345 0.0632568289471877 -0.181956569429134
0.34167773690481 -0.70694282109086 -0.352955943512051 0.249247753906564
-0.0489687965132081 -0.741424939822984 -0.100483946840278 0.326733535856557
-0.503243833711534 -0.517155718706899 0.166640968473064 0.187831740769999
-0.691532842095738 -0.0362855154185554 0.125043124285168 0.0529348455278541
-0.409766498814187 0.315039268261847 -0.0230353374037848 -0.00574494199095251
-0.177419071765135 0.411699119281239 -0.0231665064887103 0.113832046963888
0.00510546742071692 0.503472131660755 0.0155216133684605 0.165871554530463
0.0649882255770433 0.472442595701421 0.0607939185322404 0.21033039336961
0.000931595469715329 0.465042409391285 0.0349149332056289 0.221568140730523
-0.227198381781744 0.387460323648019 -0.0131123407484538 0.247746885381912
-0.406548308641094 0.225832279966635 -0.133755386242617 0.219328214016445
-0.600380702827452 -0.115370635648428 -0.217685646772916 0.0952645734771454
-0.376156069064019 -0.500245817264504 -0.152390933068804 -0.0737580673123722
0.117723160245571 -0.628314892546154 -0.0441425619621235 -0.114933138153306
0.454162123350377 -0.624728477280979 -0.113741005795532 0.00577632991786304
0.232585271315081 -0.588259758977177 -0.490113623455353 0.411423242663786
-0.0744726990871433 -0.5843090087967 -0.13050969560524 0.466654430375672
-0.395514979549167 -0.382706495185474 0.142853457224968 0.2070724924794
-0.512493390300847 -0.0165920794500363 0.0600309120472552 0.0614372359763678
-0.303143327462287 0.227734601067428 -0.107533934917277 0.0695018877647678
-0.142523483199801 0.303472211350949 -0.0818892365093723 0.248732668005244
-0.021390554713223 0.381860700063549 0.0138117796286896 0.321143278418869
0.024547791916167 0.352874960707946 0.074212502756851 0.346691987126251
-0.0300379790990103 0.338267575967581 0.0321684216456757 0.352121707699153
-0.19086031379911 0.259627285308532 -0.0630412687303651 0.335679709750505
-0.292346014753967 0.117269700153763 -0.201037878674666 0.246847925293084
-0.385582976689507 -0.109634573477396 -0.233022135021166 0.0833844255421411
-0.229547663377083 -0.344181332951488 -0.14228274600051 -0.0483920249034884
0.0939640802772959 -0.435858587622957 -0.0523085943622117 0.00969694997112541
0.32955137493578 -0.483448222879299 -0.243219392323874 0.174972269824623
0.0880718846533626 -0.373214935510716 -0.578209768960761 0.510665542910341
-0.0870999912728638 -0.328087939460312 -0.161883574236317 0.553058939455708
-0.221301381333026 -0.180164625445863 0.104409435146444 0.214108804372556
-0.246198230260187 0.00805937974017048 0.00587366711027721 0.0624393700773751
-0.14396033028591 0.100287945757671 -0.16447950892698 0.122153408293428
-0.085811837218923 0.141676028630135 -0.12736371521205 0.337712237615278
-0.0451550185036426 0.196214311665521 0.0112354955813829 0.42702637407404
-0.02074750742555 0.180811980058255 0.077082089896768 0.432041633976543
-0.0564549670006501 0.166245093515913 0.0233454455146347 0.427935054229664
-0.128727792168571 0.106269182976444 -0.106077822520286 0.369000255867749
-0.1488638876963 0.00935379180948497 -0.241624809693382 0.230645812537653
-0.148390724422587 -0.0796876660282564 -0.22091410330086 0.0499071316455408
-0.0780466910356891 -0.154139601057857 -0.119183093306163 -0.0374646919025905
0.0469478928473 -0.204311672748772 -0.0412370682698164 0.0977124716248487
0.161489579096978 -0.284604558542377 -0.309636559858905 0.302635239706692
0.0701043476938988 0.0333121562587462 0.273536185510024 -0.437730180404455
0.040241652410069 -0.0322055451337484 0.00181436938471707 -0.236877419504
-0.0455378594293468 -0.0452236211414497 0.0548800008750244 0.0450759085258893
-0.082632744324334 0.0182470526939252 0.183301489297149 0.00319971598838379
-0.00803559494195049 0.0717249353816507 0.246893197165696 -0.171802423859599
0.0380283057986778 0.0511155179747434 0.150897186560522 -0.36526295827793
0.0642567999125094 0.0260181791704548 -0.0115435280512874 -0.440575644830006
0.0577976076426267 0.017327668033187 -0.0708822814007557 -0.437854202912632
0.0553454632615808 0.0177942792001548 -0.021450517318525 -0.440978812915767
0.0321591224058954 0.0296525179873728 0.100033735569082 -0.349819807798158
-0.00819244224516268 0.0417334538034672 0.174194375245617 -0.178483513599828
-0.0346087182110833 -0.00795969895506022 0.0487486714362294 -0.0896993848587131
0.029677377528219 -0.0283087999373825 -0.0150896466343214 -0.204608930799382
0.0545139283627445 0.0578664144759337 0.174943191058303 -0.461843951061737
0.00508458955505567 0.106899176771967 0.623564275895444 -0.47999663683943
0.207309760851181 -0.202876225037648 0.227782839103387 -0.382746216297195
0.0651940200761521 -0.252399101807637 -0.00658938665720439 -0.208580184814689
-0.160646037744402 -0.221574979106145 0.0669400267843149 0.0588122707307086
-0.288078511737532 -0.0311427338309882 0.185529045302485 0.0246056543948281
-0.155177638285616 0.150983727406507 0.236558605683181 -0.160373254786088
-0.032639980778488 0.189105772410028 0.152657939815048 -0.336526953679328
0.0698977895567521 0.212740435342834 7.0429203943804E-05 -0.405182217583161
0.0945624754466059 0.207376992947181 -0.0499494516975928 -0.38878143199746
0.0696469422690544 0.219923503136446 -0.00845169811943243 -0.39140743168966
-0.0509368933715358 0.209490270181408 0.112027346756115 -0.294967350013123
-0.174443632486139 0.158894393852488 0.162627408765784 -0.129680563646178
-0.298329408787675 -0.0395290209671145 0.0181783287960966 -0.0598166513112552
-0.148995834235887 -0.239755834714908 -0.0322580636178579 -0.210286515562299
0.0913270847972742 -0.227189970448515 0.148060918055473 -0.488502992548665
0.193368052274352 -0.164773332824775 0.561651199136473 -0.511113990460431
0.316326865292682 -0.420098226564881 0.127156231092133 -0.278236054473032
0.0676278444042132 -0.462210360682581 -0.0237600916180423 -0.136696640264964
-0.282815624646866 -0.377819674088083 0.0930814311229359 0.0812118410903443
-0.474236932260208 -0.0638789325671883 0.191099600051618 0.0350119783166148
-0.285060717128428 0.225065594370196 0.204247001883423 -0.147667947361817
-0.0972676154569026 0.309570652313025 0.132641421970472 -0.273040697814526
0.0660082415996091 0.372122750235059 0.00890248639078059 -0.313975830340901
0.116885090557035 0.36589509466057 -0.0222300121230902 -0.279621432010345
0.0718203619309733 0.386570585085496 0.0062123614686573 -0.278310321364991
-0.12925586161329 0.356795137272605 0.103379949850908 -0.188605387919572
-0.320593144915311 0.252906073705683 0.116314440192416 -0.0516745657520099
-0.529034468513056 -0.0662271141747472 -0.0360416098572196 -0.0178350600163438
-0.312252865418898 -0.421508723891691 -0.0675359170907926 -0.198752008192817
0.115031430884801 -0.483428309337266 0.0966046880524074 -0.466078739387177
0.355421745033056 -0.41117011494164 0.428089583740175 -0.46285512182272
0.376439592937877 -0.597895231140501 -0.014909423348183 -0.127511721743528
0.0379373430835709 -0.641040292631975 -0.0459394744728736 -0.0153529578698717
-0.409402757850472 -0.493290432853718 0.13080970301791 0.113008962957948
-0.637021717652539 -0.0661346924706831 0.192955211197078 0.0385004134610965
-0.384262044357008 0.294792694259079 0.147378650784651 -0.123017473423876
-0.146827732321272 0.400302786101975 0.092670640388704 -0.173715958851342
0.0560740729652543 0.482639136353179 0.0151062126411385 -0.175692217827965
0.121793898643739 0.468207392218931 0.00916729674761268 -0.129224186477286
0.0621658469873792 0.488273009231831 0.0206345510535738 -0.120969464645187
-0.187848030161898 0.444503832783562 0.0773580242592487 -0.0456888562173953
-0.419530025767656 0.307175198490128 0.0449217330675777 0.0465870591001767
-0.679249665571025 -0.0825352237920981 -0.102040963340687 0.032076467570776
-0.429676527229143 -0.538722010590374 -0.10729139925938 -0.163919498081665
0.120986913350267 -0.657625815020783 0.0370783176793127 -0.38446508877659
0.457206690739928 -0.586552362306984 0.251191811068956 -0.344193504221849
0.378740982055641 -0.697908493133899 -0.178389545643227 0.0559708966229815
-0.0127387773096179 -0.742346169492387 -0.0683826208331422 0.146137112057612
-0.499224395662621 -0.540021020599885 0.162874573145034 0.148695384200752
-0.720609332174711 -0.0442912740080275 0.173601919789898 0.0416655522839817
-0.427987363441693 0.333596280634853 0.0686491595781173 -0.073242644196848
-0.169876405294396 0.437976088534788 0.0395094870998384 -0.0400428006929309
0.0377510962241543 0.525128651939018 0.0190263263685204 -0.00714417358486793
0.107629398602067 0.501416649558817 0.0396744153318587 0.040971908311929
0.0399571355375331 0.51115734567092 0.0320646285157291 0.0544008123943411
-0.216584096991339 0.452399566610795 0.0373965277316446 0.108338874522666
-0.44497078749536 0.29881192612467 -0.0419440068942943 0.145969579834037
-0.701558424816214 -0.090511337026468 -0.165455987268705 0.0768150390084325
-0.453692486347649 -0.559427183712318 -0.138788998647553 -0.115552044638272
0.115902096703936 -0.704907496324228 -0.0152689639347261 -0.25659441794511
0.48551206730404 -0.656100479134461 0.0587398207577226 -0.175178054151169
0.32326690467084 -0.694255652842187 -0.338767777963833 0.245822676692739
-0.0585600915447171 -0.723077093867822 -0.0915681981372449 0.315206364757341
-0.50208538626808 -0.499121328022357 0.169872021255446 0.179655447845769
-0.678462996366858 -0.0213019075337803 0.125991933148123 0.0502297331235343
-0.398473921752463 0.31422503091542 -0.0210804532367874 -0.0012650995697284
-0.165355909796833 0.405228321219737 -0.0194424960459367 0.107970178853444
0.0145015031905897 0.488523436488519 0.0219008424174695 0.165600226536985
0.0774664943194119 0.455751224436059 0.0631732049387641 0.204710038622785
0.0113815710134561 0.454665392737674 0.0378361241385789 0.21653546204863
-0.214892869709153 0.382055933150192 -0.00863082740002614 0.240987921334325
-0.39496362296598 0.227569632784718 -0.124516685589288 0.218856002055185
-0.586721561016053 -0.0984694163667663 -0.2099850222955 0.0984638472068528
-0.373602460040843 -0.481671861337964 -0.150343866728278 -0.0719012251704325
0.106272270987849 -0.613966502620514 -0.0448590459685338 -0.114716186406824
0.430995190227086 -0.613394963731521 -0.112836475536476 0.009613348914383
0.218847441701474 -0.577431279362844 -0.471677575548568 0.406067978293941
-0.0819114799653227 -0.570989021891738 -0.11979362852002 0.453026152378987
-0.394437111499612 -0.370987062961915 0.146246138521829 0.199473229565906
-0.503286564053228 -0.00444916521720505 0.0630881904277203 0.0588441057255958
-0.294307977445406 0.227493154159668 -0.102609414297604 0.0721413774626567
-0.13374729358429 0.298445966891897 -0.0739150268321294 0.240576036656964
-0.011288166149549 0.370391127967295 0.0220263500732183 0.316064829692174
0.0340323573772956 0.342227460644681 0.0775532076694308 0.336868775263076
-0.0218429127589136 0.330390678167143 0.0372631039833009 0.341893575333596
-0.180797016620461 0.256932226729811 -0.0569378493030599 0.327674554643955
-0.285579198222148 0.11990495279613 -0.190411809940809 0.245979646803086
-0.377404532576919 -0.0964585872611152 -0.225191903051007 0.0873399156417639
-0.228636544436079 -0.330960924956692 -0.140129562464567 -0.0454968433775471
0.0849346802190339 -0.42431530947441 -0.0512424449320858 0.00663283469429956
0.312982711293205 -0.474364811056424 -0.238392477622751 0.175104588607354
0.0807844205365991 -0.365851683829252 -0.559715957076623 0.503503351303425
-0.0908938102987481 -0.320909942992163 -0.148703136283933 0.538662272629039
-0.220529653170101 -0.17490107581701 0.106954836994846 0.206933945229213
-0.242047891904054 0.0129820081464952 0.00922798217001129 0.0608278884050562
-0.140363771617618 0.100304894562682 -0.158231898097023 0.122589189414774
-0.0819023080992533 0.139409180164166 -0.116504061986277 0.328929838464671
-0.03799205217685 0.190863387507729 0.018883818820385 0.41683516094133
-0.014036461291033 0.176636057751295 0.0806957453489001 0.419629965607622
-0.0503849629736361 0.163503485370659 0.0298062413962639 0.414031313844237
-0.122993464884458 0.106172434640752 -0.0976323896081191 0.3596150525688
-0.146395354438042 0.0122349776753151 -0.230338593058977 0.231447228829481
-0.145034771748662 -0.0723669861537017 -0.214471915573181 0.0538112303058989
-0.0788374842082565 -0.147146150176344 -0.117827404094296 -0.0339709154528321
0.0413593784378058 -0.19934686078206 -0.0395056027199607 0.0931864001773695
0.151264915921917 -0.279042707375993 -0.301749052271244 0.300405479392332
0.0745814329427774 0.0181481441988744 0.195153925098525 -0.494716892933628
0.0325295237972045 -0.0391648702245711 -0.0378935325610024 -0.23723674734896
-0.0488497546846792 -0.0336292573807644 0.066674621660796 0.0285673372439943
-0.0730187985891751 0.0331151213087995 0.178851615556262 -0.0380215558741198
0.00502889858316623 0.0653584804386933 0.207870947490764 -0.216754826138629
0.0416749199188957 0.0402115075417665 0.0790565715575934 -0.386920064237104
0.0632355800512464 0.010214018899345 -0.0909174787104674 -0.425115361518624
0.0559468455860152 0.00517950674750375 -0.149967997026117 -0.415732895597487
0.0547906875516044 0.0035080329222693 -0.106719555014603 -0.435196933730811
0.0376146880240867 0.0189065347347206 0.0303386298564428 -0.370268085399459
0.00270880268492967 0.0383384052137621 0.137158605450559 -0.213877919653915
-0.0330684420565762 -0.00297846726839521 0.0296964717763005 -0.0998366877896871
0.0255979169711484 -0.0350649760428376 -0.0569060283181875 -0.202258595033783
0.0726923671215269 0.0438369290987241 0.0774164043752108 -0.501226684421166
0.035429817178977 0.102412549181013 0.534759310239019 -0.605722567759605
0.161294354385586 -0.227908518405492 0.177386869188695 -0.435542601890652
0.0147070667640976 -0.252373488364546 -0.0314385609324829 -0.214547464710233
-0.192868035791569 -0.177277771608922 0.0867005028478565 0.0230833089515804
-0.277207036137854 0.0300151690392278 0.182651975576258 -0.0338582651465903
-0.121331885288424 0.169724106934213 0.18916704047696 -0.205204018147663
-0.000385236522494184 0.186263891033516 0.0781892270724386 -0.357026378858303
0.107903208953224 0.185681059964009 -0.0844895421668711 -0.386109195734109
0.125998685072931 0.180118416510553 -0.121474406772039 -0.370766927499669
0.105720937838013 0.194519156232718 -0.0829118473522373 -0.389419432774414
-0.0101517234304476 0.208118050626383 0.0522951184412167 -0.322489324864838
-0.135728305470879 0.178953382596953 0.135169284561302 -0.165601108173956
-0.292777855095281 0.016780266779322 0.00931245247218684 -0.069538352375172
-0.184053409348901 -0.203770573396731 -0.0644119710769951 -0.211136732913028
0.0533230713077177 -0.241935404347462 0.0489212638800211 -0.508386544449458
0.167183461517345 -0.200504546578673 0.465746244153262 -0.604089040310924
0.223533405931683 -0.453054195311175 0.111718753765999 -0.314628112192675
-0.0223068983110736 -0.452542563742249 -0.0275497248171322 -0.146218247518204
-0.339430952468318 -0.300442332305297 0.122231246665587 0.0242220577377698
-0.459681440409773 0.0394224122972858 0.188089562986059 -0.0400871628957567
-0.23262443521359 0.267909453335905 0.150751701532556 -0.189340844720322
-0.0399831841887584 0.31442489754017 0.0618524632349719 -0.290508498236422
0.138913311222286 0.336805007184058 -0.0712169247167362 -0.29456183449704
0.177192279168672 0.328960666806839 -0.0742929109629561 -0.269951658336675
0.138645867427644 0.354380222155876 -0.0457162454354628 -0.282434786951481
-0.0584757896921185 0.366093209667429 0.063886556239751 -0.218219988314302
-0.25868995640344 0.295897725479804 0.104653271803448 -0.0803572645540941
-0.519322823648746 0.0350716234231053 -0.0325862078862112 -0.0210131200930996
-0.374643372481909 -0.346573481927267 -0.0879546483125356 -0.198288121195611
0.023862074073076 -0.495081614683154 0.0108617001380153 -0.464858571120955
0.276267156801643 -0.47220102222863 0.341649430444973 -0.513273951311224
0.249599581956909 -0.628349780738791 0.00682519393362495 -0.139350584423308
-0.0868211521995346 -0.615218604166896 -0.0209090500990059 -0.0274610042612863
-0.483761633192245 -0.385661047429951 0.167182961081002 0.0343124384606949
-0.614407291792386 0.0731387492327867 0.186905579825841 -0.0501226718648281
-0.314114695529654 0.354403288578725 0.0914299635963024 -0.155019349101318
-0.0695839039257491 0.411494787496772 0.0349110226090912 -0.184167922719357
0.152260841073253 0.442541143924839 -0.0482950527346023 -0.157701969592246
0.20110958258869 0.427050422295217 -0.0156610324516079 -0.127037881907838
0.148509709196355 0.454843946293236 -0.00172545438748463 -0.129495827394436
-0.101212390462009 0.462691658669253 0.0658951384406542 -0.0718310552023749
-0.34518338477125 0.365463108156831 0.0517304936364621 0.0315903017690664
-0.667706703592479 0.0487097818829554 -0.0865473490632252 0.039297574309031
-0.507958621064204 -0.437573118619789 -0.114940065328066 -0.157710860876771
-0.00526639427147188 -0.664811338290706 -0.0276802780068135 -0.362550513724259
0.339945902330228 -0.663016871675103 0.185325031102889 -0.349734152880201
0.233092763204974 -0.724316718873622 -0.119758324944219 0.074640600673309
-0.153895210230893 -0.701806749960694 -0.0111113542619555 0.134089979001285
-0.580177196157105 -0.412581724637378 0.205022382852637 0.0557960291222039
-0.692680552446528 0.110042615131881 0.165252117860649 -0.0484862875538175
-0.347609334099207 0.402562069486725 0.0186543912686242 -0.0898771031332794
-0.0828089589737445 0.452569037765461 0.00484937676859445 -0.0424650952468252
0.144858988995441 0.487707248802489 -0.0171432962425226 0.0062095326231913
0.195097974223873 0.460808465474488 0.0454737403377612 0.0343870669142046
0.132698229641519 0.481462840004664 0.0441828421015708 0.0425259161507399
-0.129287964729824 0.477313934601153 0.0572588908920848 0.0905970620101663
-0.372721344184148 0.362881036350979 -0.013928341829088 0.148628240664852
-0.692418871821751 0.0449481015953987 -0.139794791568345 0.0971034057821155
-0.534637025235179 -0.450582102198317 -0.135573243380406 -0.103473422869444
-0.0208844992800533 -0.709847546198107 -0.0538431840177446 -0.220750141866267
0.348082330849794 -0.73691247082104 0.0234025204322953 -0.136958091542619
0.178276574436084 -0.712964192427482 -0.249073673056475 0.298475108934152
-0.19367351922571 -0.677808153020091 -0.00528735489666652 0.308107117421289
-0.574079770756122 -0.375181305217888 0.215601661926129 0.0877822769626419
-0.646703044648837 0.125246798240965 0.118867209630379 -0.027874599474733
-0.323052311389814 0.380378624398869 -0.0547903580063721 -0.000548680317797275
-0.0833472349016386 0.421950111631833 -0.0234624662890261 0.114422942017386
0.118750585621904 0.457614060334777 0.0182366536210604 0.172735795525793
0.158506098636129 0.423413807258248 0.0991202021288702 0.190498242060921
0.0952443086376057 0.433415825065637 0.0811914009199293 0.203462176065589
-0.137702437114767 0.410652427171875 0.0367535947952076 0.23362893807601
-0.339159932690402 0.288053952720797 -0.0809512129368763 0.239212210403549
-0.584429341513926 0.0150301239609476 -0.18074308476014 0.130682701106379
-0.446842808304029 -0.391668047556653 -0.141997974699481 -0.0532757490615106
-0.0161091306467791 -0.618940066223138 -0.0571015629574897 -0.0778688063141725
0.299901658059289 -0.680530046982631 -0.113737520897054 0.0780001919386967
0.100918046529328 -0.582488702149468 -0.365842111632578 0.487196765154841
-0.185669884010395 -0.528471867087513 -0.0159671263093731 0.458177835993041
-0.447220429684455 -0.274936832210129 0.191539987239623 0.125680464779657
-0.478102221902622 0.104063019088924 0.0616565327632672 0.00652004673031934
-0.240792439605241 0.278750926444655 -0.112798727612881 0.0884179825510672
-0.0719089604076867 0.313752713995442 -0.0466861209672601 0.254121560264717
0.0689924813725435 0.35390708030208 0.0528838845240225 0.315186021404813
0.0973255958702296 0.323341141514722 0.137745025993293 0.316995927661726
0.0409634968966195 0.322683574534667 0.103621833122778 0.329502371939078
-0.128280821391588 0.284326634348382 0.00782448781283274 0.332101814127067
-0.253668961672244 0.166405536927852 -0.140321221687917 0.281097727019655
-0.381490297362932 -0.0217237102474925 -0.200891083415041 0.127096711198295
-0.279933724970478 -0.273090024399156 -0.134272556304198 -0.023593321372181
-0.00164675420723366 -0.428660181831135 -0.0428721771327665 0.0362229398538884
0.209000063106446 -0.521963938690637 -0.207867991080714 0.257162210209708
0.00815494702363814 -0.357684884847583 -0.45282168306641 0.607666737390314
-0.145938392752063 -0.287640464382077 -0.0405229418456432 0.559524874021848
-0.244340164985154 -0.124455570069927 0.148951723350805 0.163036181967267
-0.226428567095507 0.0652824453964135 0.0136906074805044 0.0393149918484615
-0.115488345278628 0.126606385201203 -0.145423179148727 0.151216103476736
-0.0494059965910987 0.150841276618227 -0.0633414009141101 0.346757155615439
0.00742700850896435 0.190309228774269 0.0793474787948241 0.407666031392663
0.0212329880665184 0.172884662830517 0.156426270963228 0.396639063545999
-0.0165081024180951 0.169194132437875 0.109604924958463 0.403494093302927
-0.100133394513881 0.127865966998386 -0.026556717061757 0.376696723299527
-0.140744088054291 0.0404701909509562 -0.181171555575326 0.276922803738326
-0.15358028255318 -0.0419802168767173 -0.199329296285535 0.0971752045184672
-0.103613582894498 -0.125339464750439 -0.118314630650601 -0.0105048363286659
-0.00177717862185913 -0.200252124276322 -0.0179468884603837 0.109280917974441
0.0869840809657184 -0.299816688422246 -0.246516807482488 0.380469086954316
0.0773048842030325 0.0183815049659648 0.195065851348371 -0.50933068592356
0.0352469936506158 -0.0417726105358018 -0.0396091128084789 -0.240139451513356
-0.0480023219873152 -0.034018577556866 0.0703779569337228 0.0262387861871791
-0.0734572725146229 0.0343009625306404 0.180576294695273 -0.0429241722147975
0.00510166378661184 0.0661335766294465 0.207331452115106 -0.224479484612996
0.0431785477872322 0.0410487887687762 0.0729098374563385 -0.394818383201996
0.0646919333267635 0.0106962462964501 -0.0984113042819915 -0.429592338720286
0.0561769639163783 0.00400388771404746 -0.159740256203734 -0.422089626084555
0.0551384452562397 0.0026611313323722 -0.115135228968229 -0.4390417360297
0.0373787014402964 0.017976254453393 0.0267911388503152 -0.375611755383263
0.00335307744729321 0.0379566133869741 0.135919122237783 -0.220203332563916
-0.034096100534232 -0.00343492115916746 0.0283087654840669 -0.101620109176461
0.0268707044292363 -0.0371960222927203 -0.0621736041222457 -0.207217383202556
0.075815883885946 0.0432037494906948 0.0734062425865074 -0.510296854676368
0.0363848855484536 0.105102455016645 0.542646453312305 -0.626456573158818
0.162237519853433 -0.233386795189237 0.178790448295522 -0.449190852241925
0.0140795077005981 -0.256806787235959 -0.0332394722411305 -0.21815190482645
-0.197222357295615 -0.177115666433196 0.0911713549424749 0.0190958510009402
-0.281409038779605 0.0360474422880736 0.185595332102945 -0.0390097435284289
-0.122298700071051 0.175700740320264 0.189249724391761 -0.213143569611744
0.00233269787458002 0.190990245211954 0.0717992401572273 -0.364931280838605
0.11229144234368 0.186887554626262 -0.0909531421912062 -0.390757256192824
0.132065125350298 0.180041019746691 -0.128085264908623 -0.377150718448211
0.111024360471392 0.196262461906867 -0.0892470405760722 -0.393734977608768
-0.00830716927481318 0.21279047989903 0.0503323023519658 -0.328204992138444
-0.13633281940382 0.184744429731791 0.134834934907023 -0.17131095793033
-0.298955879534894 0.0220263552814576 0.00785834482451605 -0.0712092644011806
-0.190725888516955 -0.206192565787564 -0.0710633440998832 -0.217958505119889
0.0531112043075789 -0.247351704674683 0.0466352442276556 -0.521897876699241
0.165851128525468 -0.204865944475658 0.471591718750839 -0.623216220066822
0.223057777581792 -0.462932292812738 0.112779717729132 -0.325450337744289
-0.0290076864742737 -0.457120580250544 -0.028198494446235 -0.150449275025165
-0.349985879864604 -0.298786915825541 0.127715413002013 0.0184683555230928
-0.468587410199432 0.0503456673751555 0.192007202745255 -0.0461172895654061
-0.234636485461896 0.278026508323403 0.151959724442871 -0.195650510582993
-0.0349978630679269 0.322127628452307 0.0559278226503857 -0.297798815824285
0.146507774612103 0.339364334969052 -0.0729320000065436 -0.297200507287106
0.18774666911046 0.329117229851932 -0.0779829350835031 -0.27364978611928
0.148293175072357 0.357932243240157 -0.0492080139317701 -0.284554067719385
-0.0549633657044081 0.375694478163064 0.0636231007024777 -0.221723726924891
-0.261508639338554 0.305921337139979 0.106489802347875 -0.0832296850721293
-0.528910895822113 0.0466841092128056 -0.0337532655127338 -0.0223070539644135
-0.387639835709062 -0.34910960945127 -0.0949905708987092 -0.203921344300888
0.0219946693391267 -0.506671560044203 0.00628501501879403 -0.476859735850492
0.271637744796787 -0.482814816966959 0.34578038252571 -0.528223702192353
0.245103768655246 -0.642341169914828 0.00999854579630196 -0.145799207510191
-0.0953624478763566 -0.622787515118768 -0.0209152888701227 -0.030750289708181
-0.500460742870578 -0.384279800930525 0.174655549771382 0.0284090773950245
-0.625634934703153 0.0900624682604154 0.19201796093606 -0.0569386384291682
-0.317569070417587 0.369574591812534 0.093043407845508 -0.159306506962015
-0.0640947443069733 0.421952754515058 0.0305343875051432 -0.191249101003687
0.162890938350733 0.4470543176576 -0.0456418106214122 -0.158638373724898
0.216353438188934 0.428398244104836 -0.0156556888434734 -0.129421497791739
0.160165539127816 0.461616837241205 -0.00101982258996652 -0.129469046583276
-0.0959859087226828 0.475781528205259 0.0677352282319041 -0.0727241875844783
-0.347934815959732 0.380136418847494 0.0556512362491754 0.0319302641689597
-0.681163954006757 0.0635377617580848 -0.0869675207489454 0.0404937121551108
-0.524056510988506 -0.439753463694598 -0.122423571690758 -0.162773272356374
-0.0130359322918071 -0.678966258075665 -0.0334634636169301 -0.372729946689831
0.334814885630192 -0.67715174933316 0.187026095980421 -0.357349712707302
0.227680521926635 -0.740514321282372 -0.116941852061574 0.0741826784930537
-0.168477143972293 -0.711693434666681 -0.0097339794733146 0.133158328511246
-0.600690968634321 -0.411027376458566 0.213884757172448 0.0501222918141682
-0.705175883476317 0.127801119572445 0.171214478406056 -0.0550695166376892
-0.351689040590439 0.42020216127001 0.0202098504119955 -0.0921238462150456
-0.077649502369231 0.464903819305797 0.00235880323631762 -0.0467970754229438
0.15694360808375 0.490557202044995 -0.011471980679542 0.00870146429152533
0.211078021621391 0.461547736814912 0.0490410959140502 0.0346585751776786
0.145628105575323 0.488044024969779 0.0477612802660376 0.0447318022507753
-0.123309725465287 0.492157104526594 0.0609246325731422 0.0927955804828991
-0.376903387283139 0.378228378897181 -0.00868989257356053 0.153043223560409
-0.704935277231555 0.060911986607704 -0.140063312459336 0.101025505530067
-0.554860312954692 -0.452102534585619 -0.14138185223655 -0.105888071770564
-0.0291624196046393 -0.723122238597777 -0.0586320955869585 -0.228509574579617
0.341780396868677 -0.751461466585706 0.0224243510479499 -0.136734575792617
0.172057395796697 -0.728738927781324 -0.246711838940775 0.30459475524935
-0.208757183798946 -0.686952317423642 -0.00187934723799889 0.311379021123149
-0.594993833337551 -0.372593246790621 0.224862866178736 0.0824986357098404
-0.660058461668649 0.143829683334286 0.125134714625579 -0.0336747034843378
-0.326350627588989 0.397174430288347 -0.0526475617079182 -0.000429195320389115
-0.0785614380878001 0.432237679465837 -0.0237423914001014 0.113946923061894
0.128979656237979 0.462215261984674 0.0270729235376597 0.177473805419811
0.173427950464911 0.426432359547109 0.105903373633247 0.19297838137833
0.105661312263484 0.440641841349976 0.0869197246330382 0.207125061882029
-0.134442647769203 0.42292963836598 0.0420207908111582 0.238972392472014
-0.343060132356484 0.300173294806115 -0.0757093736846968 0.246962537404075
-0.59515816975431 0.0283292375847868 -0.181095655034267 0.136565447368344
-0.463884468488535 -0.392010581142973 -0.147246006499425 -0.0532801749824751
-0.0234748910722279 -0.630061034325185 -0.0615132464469664 -0.0818971314342436
0.293846468876681 -0.695882538525205 -0.115864745080966 0.0852381007676698
0.0940585596639501 -0.595001047771784 -0.366050507928496 0.499854426273386
-0.198908505663607 -0.536454023051094 -0.0108816466856821 0.465324957311421
-0.466703345556977 -0.273753560225071 0.201010011759912 0.123414870234686
-0.487944905268775 0.117624964945572 0.0669229176337975 0.00283456644931294
-0.242411079094901 0.290954889487856 -0.111158541055615 0.0917827791748539
-0.0687873028385067 0.321580231968675 -0.0437600384460909 0.2565380692294
0.0774979786362546 0.356784792470085 0.0622918822811621 0.320675642576649
0.108408207628656 0.324840657300376 0.146477247996209 0.322496218951544
0.0493927377999644 0.327891684930534 0.111328140545843 0.335222372696434
-0.126110151954585 0.293313332939807 0.0128623798809563 0.339819673281807
-0.257189834167988 0.175598530251887 -0.135722295177531 0.290768906256036
-0.387925995784745 -0.0133148520037942 -0.201555425542152 0.133445016041936
-0.290960562081587 -0.272487329807566 -0.138994292629409 -0.0214515213155381
-0.00804606347196952 -0.435795439178205 -0.0459586257665035 0.0343518396700121
0.203703077330112 -0.533370281941018 -0.211283444476409 0.270345230009265
0.00302559435383144 -0.364797473228802 -0.455225440076073 0.625000524100801
-0.154426511053134 -0.291840064032789 -0.0347684169454944 0.569544421787291
-0.255164353655366 -0.124290354174731 0.156603364782409 0.163440125764858
-0.231868126521324 0.0730282162938008 0.0182439068390863 0.0377113758777658
-0.116921659428092 0.132823363880692 -0.144554150024076 0.15605512483963
-0.0487496777511026 0.154314123133493 -0.0584846639159535 0.352417904351252
0.0118770328867381 0.192182920721054 0.0889044224025296 0.414258452222355
0.0269570637186961 0.174563071416779 0.165504030143162 0.40299789462049
-0.0127175914402979 0.17198418417006 0.116723135041622 0.408574900807537
-0.0987538280971877 0.132936366318298 -0.020759036375348 0.384275929547117
-0.143181098237348 0.0452508542130649 -0.178013525176682 0.286510006558978
-0.155367132920119 -0.0381035092827159 -0.201448254735256 0.10412085604468
-0.108113027843628 -0.124417425488247 -0.121769376887808 -0.00761249090619322
-0.00594097941931528 -0.203128491350031 -0.0198382594094387 0.108384327741284
0.0830822669258839 -0.305830887204948 -0.248901310248233 0.395586210658247
0.081372094274723 0.0152204328333168 0.175419317129204 -0.529798080726098
0.0365780214050132 -0.0448560029463142 -0.0482821297914934 -0.243745895316599
-0.0477512954144261 -0.0333748791354234 0.0748661701741844 0.0217456554490616
-0.0740825035360297 0.0377086297414535 0.182108778887591 -0.0525402603168681
0.00688177466138353 0.0670219730966952 0.200135256397963 -0.24093732790133
0.0469819160653188 0.0407739333037504 0.0543001190976356 -0.405887711737586
0.0672900138085968 0.00887362621336049 -0.120338322367907 -0.435400631127382
0.0568802702017757 0.00197346268185471 -0.182630274666229 -0.425172876542038
0.0557528388861628 3.10704656293227E-05 -0.137156948483011 -0.443965771380008
0.0380740326187608 0.0162193495526188 0.0117432557839977 -0.384925692760096
0.00497476462017952 0.0374863728799815 0.128124947516889 -0.231046563314508
-0.0354421830564683 -0.00344891615246434 0.0218433138303945 -0.104475033670778
0.0264918421694461 -0.0407487560736193 -0.0755633924621417 -0.210610915737249
0.0808513229936245 0.0410101665341244 0.0542250085597878 -0.52675772680549
0.040658460682843 0.108280434894035 0.533007493762633 -0.669388506453607
0.156390634987888 -0.244683085884536 0.165202965065637 -0.470228523617039
0.00574034427048835 -0.262034564654649 -0.0415218254755966 -0.222379026436133
-0.207666748971648 -0.171444766396142 0.0955107317510583 0.0117352597758573
-0.286427534461673 0.0510041418767933 0.187638031118791 -0.0504381907211882
-0.118737451140258 0.18595253170736 0.183465606508143 -0.227720834800064
0.0114748089677768 0.196313650347227 0.053977048316173 -0.375405697857504
0.123467480071472 0.185718881673033 -0.107844018567091 -0.394774182792468
0.143509311314853 0.17668360125711 -0.14650190690717 -0.380731390826704
0.123675477233706 0.194487573266232 -0.107520269033233 -0.398020817345762
0.000433150774257721 0.218378146603267 0.0377049950705842 -0.337013670757258
-0.132019751554439 0.195733938155405 0.13092492855793 -0.181801138873023
-0.305468984716908 0.0369215125480428 0.00366612996189556 -0.0738002098896276
-0.204303854524017 -0.20437202925744 -0.0851897496703488 -0.22271448451125
0.04431123467483 -0.255170253313014 0.0258812581047136 -0.538275169869197
0.158701093713585 -0.213948691125576 0.460222892987466 -0.661591536463062
0.207855760715681 -0.48034677640343 0.106127706046305 -0.341962397111071
-0.046367165598819 -0.465111391500478 -0.0347299844936302 -0.154388831809341
-0.3706447684555 -0.288034183628919 0.133585888205588 0.00896524926945208
-0.47668838824652 0.0754549807439629 0.194984737322813 -0.0591182089468121
-0.228913211404099 0.298410235765132 0.146126359797096 -0.208854760410586
-0.0210450905102979 0.333166022440057 0.0406026767859917 -0.306939555638167
0.165269320814396 0.338954353532078 -0.0844780744513624 -0.300340016117431
0.209577700939587 0.325114201992333 -0.0897478908309665 -0.277665745544381
0.170740131620338 0.359003945025526 -0.0612953196156177 -0.287611236634747
-0.039210304685481 0.388967008872463 0.0570951840809911 -0.228958978476405
-0.254681111082114 0.326888851320882 0.106997726815771 -0.09048210155963
-0.54108379008057 0.0746919806712169 -0.036582213984077 -0.0223361189908492
-0.413655771999132 -0.342338148240319 -0.109290021548141 -0.207552530661242
0.00102472314304257 -0.5176692342178 -0.013365923926132 -0.49299851832099
0.254762804601996 -0.503993458979329 0.334081896319203 -0.557605506924599
0.221943362652091 -0.667137753868411 0.00938212372033365 -0.154690665992027
-0.123571888180019 -0.630821788329094 -0.0223978005977948 -0.0334984804742886
-0.530398554578299 -0.366544200422675 0.182652882925379 0.0154285533688045
-0.636635867595184 0.124230870724936 0.195825966209899 -0.0710368550655678
-0.308804036454904 0.396337489299717 0.0884878075610264 -0.169547561372308
-0.0450559332056983 0.436070580225524 0.0195702414886627 -0.197990145767091
0.185901356780617 0.446742544177591 -0.0488872215722194 -0.159318508584105
0.243964361543 0.423546437722063 -0.0190436858552467 -0.132400924269345
0.189975842823509 0.464398033843496 -0.00428673353436061 -0.131438176148235
-0.0765128731645383 0.494350182220605 0.0684319809803326 -0.0757784725705894
-0.340557154729827 0.407527084275062 0.0610841898440242 0.0299903499721291
-0.694320332534021 0.100353898068939 -0.0871889595179627 0.0437706485144003
-0.558886951388946 -0.426492318986008 -0.134795136553326 -0.163839369419744
-0.0415450377908209 -0.693886043391419 -0.0511127572016174 -0.383962621124685
0.30924940823917 -0.705247669845673 0.176842931750221 -0.37270100649031
0.199945626003147 -0.766362163083088 -0.111491251644827 0.076029408557383
-0.202711414197153 -0.719175538486386 -0.0038209203503107 0.133713283924078
-0.636293485522127 -0.38984604555473 0.224662073464095 0.0359304588926636
-0.714268169354873 0.170594796333586 0.174950455734145 -0.0693233126098761
-0.341311062671273 0.451996148625043 0.0189174375415039 -0.0979550702006001
-0.0591059037475218 0.481490546432003 -0.00248093845395659 -0.0504136943658889
0.184335416561456 0.493186196805822 -0.00530727616297005 0.00918737241357048
0.240232405461584 0.458808841274222 0.0542652000684261 0.0328669667510602
0.174604005839375 0.491916688751396 0.0528439566552314 0.0447423859050154
-0.103388590818964 0.511956985719294 0.0690925921899231 0.0930922251414487
-0.370215585744457 0.408894228364403 0.00147948253245168 0.157426679138546
-0.719566843518405 0.0987712251035914 -0.138631593061959 0.108411000207366
-0.591076697293354 -0.43799690737991 -0.15236653270039 -0.103685298783301
-0.0617723940549427 -0.737617997381703 -0.071855136374228 -0.235167159375021
0.313281675379796 -0.782828049889456 0.0178601598687167 -0.137456798544004
0.144411245790087 -0.752078549421139 -0.235461661750738 0.318155835996176
-0.243222503302902 -0.692241257176545 0.0116141392654947 0.316018109194596
-0.631001425486891 -0.352647803869 0.237804172346233 0.0698448321822555
-0.670953750914119 0.183038366437882 0.130506812741571 -0.0453324819033291
-0.316875885542287 0.426407884711648 -0.0516900039241108 -0.000266777366571951
-0.0603577842799452 0.447837763214034 -0.0209177271610184 0.114746555051948
0.153779122794235 0.464155501559743 0.0416321497218451 0.179862474555615
0.200629603450623 0.423288756363074 0.119422505003328 0.192774398722502
0.131323807663468 0.444790980644331 0.100913043513478 0.209569137039859
-0.117672743456569 0.442014791726291 0.056267311325237 0.243880370685101
-0.339529413847765 0.327706702640345 -0.0628538616490398 0.256441639418011
-0.606078112622093 0.0609209964628965 -0.178220669859689 0.147324874337598
-0.492907995564934 -0.379153451163513 -0.15499808372704 -0.0489278837469746
-0.0513250382865576 -0.641518914324401 -0.0694705804046802 -0.0845752911812595
0.269608012234052 -0.722803770370516 -0.115820662045911 0.0973756852915549
0.0706274591759044 -0.611854557026766 -0.3512450924029 0.524658403447567
-0.227235298323119 -0.540114221958485 0.00869597468691568 0.475533065290282
-0.49407913092767 -0.259636943846518 0.214765547897831 0.114661714396926
-0.49487107955535 0.14829575808638 0.0724732541650911 -0.00452762480962424
-0.235437697642525 0.312671947090343 -0.108074993568504 0.097341745437984
-0.0570917511513384 0.333709608367038 -0.0340453846023037 0.261483747405794
0.0970683365881327 0.359180486096668 0.0830535448230847 0.324146717796932
0.129793002805512 0.324061281556905 0.166870257857536 0.323914097676562
0.0683413488707668 0.332068183123498 0.12920317113144 0.338038239932983
-0.114640064988381 0.307940211443976 0.0305422532214292 0.348011179636544
-0.255861473204828 0.194755973460923 -0.121358679528623 0.304567988620693
-0.395870290073556 0.00882474590573538 -0.198960202425064 0.146189922127922
-0.310435000401104 -0.264348872760539 -0.143921156268585 -0.0158750658419148
-0.0279962522342362 -0.445053239050006 -0.0489883780419741 0.0340647299154447
0.182716647140076 -0.552808906489027 -0.206268726692803 0.29127948771142
-0.012231856209724 -0.371927125385324 -0.439994641797631 0.655874321759161
-0.172211495009981 -0.291739560946222 -0.0113032458317873 0.58373247891867
-0.272267099233449 -0.115995407140905 0.170754336591482 0.159227323530069
-0.235013102702466 0.0885038763111824 0.0226930266880949 0.0343570277858609
-0.11352231243928 0.14260457645674 -0.139799249948464 0.165744624583246
-0.0441345057952302 0.160839834372957 -0.0440660704019957 0.361593617208252
0.0215914174768118 0.194138487146716 0.113070851979874 0.419471068191703
0.0379547687404604 0.175408566678475 0.188390395179423 0.406196249163735
-0.00281065961728317 0.176733501243658 0.137482143944394 0.412299365398294
-0.0940522283684179 0.141192975786985 -0.00364555770217893 0.395151020498315
-0.144336850008205 0.0546393177229365 -0.165606774208017 0.302260196024533
-0.158883234681228 -0.0292912177405525 -0.199971432458565 0.116628132659245
-0.117570737799991 -0.120066017883205 -0.125502589736565 -0.00104992373756935
-0.0162946350276367 -0.206538669818217 -0.0191088437669371 0.108944253620261
0.069457237940449 -0.316863594008967 -0.240031251242748 0.421845146070954
0.0825761446715307 0.00952731547127946 0.141862085453075 -0.543960701972137
0.0354073296817302 -0.0483944387886368 -0.0629915376849349 -0.239532163638187
-0.0477426713706928 -0.0326207472578508 0.0762732426707122 0.0144674750549316
-0.0722343750168396 0.0414596121700865 0.177015572423779 -0.0657786448144525
0.00983756033582118 0.0661732329132568 0.181450168236962 -0.254922034707621
0.0500048075174525 0.037801096388391 0.025084697310629 -0.406885682290902
0.0683371625678181 0.00475629624045875 -0.151394919303764 -0.423193275484954
0.056398083306676 -0.00118977105087791 -0.210290315879426 -0.412355076992621
0.0545583737363856 -0.00410361958057905 -0.165953435827029 -0.432058248251403
0.0372631841520295 0.0130952177990315 -0.0132663396628181 -0.383657818065859
0.007574318306513 0.036287324227601 0.111101696955156 -0.238286811616499
-0.0358575909989597 -0.00191993674968625 0.0128701609102151 -0.104357405631386
0.0247433960410474 -0.0438072653507235 -0.0929484841156692 -0.205786047743519
0.0841211003330287 0.0357675596981178 0.0223293265995574 -0.529850848982983
0.0475423171564881 0.107442428047648 0.487644466660255 -0.706562894745598
0.139481993428343 -0.253205010360497 0.137787334333412 -0.482315768394039
-0.00883943629337352 -0.260924146482452 -0.0546428919750575 -0.220589716324185
-0.216113529193538 -0.156626292776924 0.0973089151340084 0.00195833179796607
-0.281945271924005 0.0706158341849546 0.182324352935663 -0.0656456059160354
-0.10756196556825 0.195262240791175 0.166239641243109 -0.240602512940132
0.0253200286607456 0.19576219212182 0.0256259825968398 -0.377036567935685
0.136182536676114 0.176383889202613 -0.133600297026348 -0.385049267546736
0.155961547079156 0.16462855797716 -0.170644001410474 -0.37070039527735
0.136761287896651 0.184549348115629 -0.132833666293176 -0.387393510874667
0.0143124387287017 0.218344812324052 0.0170257006440696 -0.338198936322285
-0.119010735896601 0.204451773525189 0.117803419178297 -0.190145040930849
-0.302564092861063 0.0582789243236145 -0.00411460610090967 -0.0741436239341402
-0.21787397759111 -0.191182969339416 -0.102904845621533 -0.218042235536968
0.0291567333328472 -0.25745666286177 -0.00765077086964685 -0.540806919816651
0.143367674992105 -0.220167862138455 0.416425974460001 -0.693501140704017
0.174488391080633 -0.491674451777272 0.0875364303159787 -0.353345112597612
-0.072433878390094 -0.457625627322552 -0.0439269974477884 -0.154658600509431
-0.386404302066076 -0.259590441461659 0.134667428436456 -0.00529534447686813
-0.469476078541058 0.110921660692762 0.189394085023301 -0.0754608204322181
-0.20887880500152 0.31601669796837 0.130747200703083 -0.219482267807305
0.00139839943860406 0.335174354764169 0.0163038273440791 -0.30908002871499
0.18658264214017 0.326349337938937 -0.100557949256302 -0.292723371573006
0.232070016751065 0.30630116125094 -0.106592450075026 -0.272706668655034
0.195527081545324 0.344900215543199 -0.078500704782948 -0.280865534084678
-0.0130794030566575 0.391478769662265 0.044445432646986 -0.23056633899771
-0.231937835550316 0.345475293967844 0.100762464556917 -0.0980300497021056
-0.53433984200486 0.112961521358518 -0.040725833215652 -0.0209594201811248
-0.436537384630823 -0.314005623428843 -0.125981343335564 -0.201852258839822
-0.0327789899905394 -0.517388399998299 -0.0465453658151319 -0.492561299509281
0.21895022898401 -0.514825393347425 0.297806573940528 -0.5789702103011
0.176180227477253 -0.67870936470437 0.00280465109309226 -0.161369992354457
-0.16176792205235 -0.617115412154579 -0.0240757799092308 -0.0355154840618604
-0.553098295532483 -0.323879669517554 0.18458364050053 -0.00355242834845568
-0.624603124172375 0.171830889592746 0.190399741429047 -0.0886020892939781
-0.28117763942823 0.420046943566424 0.0771208114797293 -0.177161249659762
-0.0153995825110818 0.441047482010667 0.00278583913091327 -0.199873990303305
0.216085588028308 0.431936678236741 -0.0547719847279524 -0.155982883707605
0.274261125602453 0.402037096156388 -0.0250956473921682 -0.132392426108985
0.221067309469667 0.447573977030133 -0.0106007810192634 -0.12899915213724
-0.0426225988220814 0.500332785637224 0.0659813467266687 -0.0794073370415779
-0.313954147520546 0.432818393027247 0.0649787646826885 0.0254025562118745
-0.685038945476418 0.151043220958674 -0.0861508925970068 0.0482265303252913
-0.58789826054917 -0.386803847838489 -0.148125358927772 -0.157044965596904
-0.0857781196397266 -0.690697206248232 -0.0773707768813773 -0.383466531654131
0.258059205802035 -0.719494403942073 0.154102282246361 -0.380457644008661
0.14821575628342 -0.775236461331049 -0.102037359368803 0.0764560367615923
-0.246606313381235 -0.70096787663121 0.00498113116505482 0.12967559690504
-0.661965364883994 -0.340000937455896 0.22848190638047 0.0139182010107798
-0.701923769576885 0.225790890977948 0.171544243721509 -0.0867514009346851
-0.308589619557638 0.477403406891134 0.0127352023814852 -0.101343410139651
-0.0256361405122554 0.487088783597503 -0.00891093327147799 -0.051733486158168
0.216353799332519 0.477371487181277 0.000841131696480715 0.00859107849701428
0.274639782431857 0.435229075648552 0.0595681554002897 0.027729022578088
0.210440991191107 0.476470741427351 0.0584938660925886 0.0418903318779945
-0.0662181037454526 0.519678162565301 0.0773389122104125 0.0894259941074097
-0.341359868760066 0.436350306690699 0.014825277895246 0.156440773594099
-0.710003284785029 0.151502554935821 -0.132482208757803 0.116650086796571
-0.621246895891847 -0.395727188126443 -0.161292260660067 -0.0947418290564132
-0.108957855731134 -0.730505977588495 -0.0896875546326184 -0.232897291079084
0.257248580960158 -0.796449904706576 0.0104554514031409 -0.134530297323966
0.0940278973976678 -0.75663047334868 -0.211360360235911 0.326809429924697
-0.287515599441541 -0.672398746928905 0.0323709113741487 0.311630875687489
-0.656232135052241 -0.305310790343033 0.24491702673807 0.047309250847453
-0.655714500248232 0.234646294936553 0.128666191330979 -0.0596017924424422
-0.284774180148697 0.452076405619738 -0.0507495418197097 0.00112914517686376
-0.0306266455873803 0.453924304260643 -0.0154312976744883 0.113143851967148
0.184677683526732 0.450038387090669 0.0589659272452354 0.175218398962918
0.231508644585464 0.404194013014755 0.134522313580609 0.183069762532239
0.164443738570539 0.432130646483448 0.116544418610407 0.202921932220907
-0.0854090707815604 0.451221859908856 0.0748907360545676 0.240391733651316
-0.316641838823343 0.35264122265121 -0.0416035855440888 0.260533605790883
-0.598583561736555 0.106307839290751 -0.16843598249928 0.157955367716034
-0.520363466977047 -0.342433732672798 -0.159150213288309 -0.0392595731663595
-0.0929909262654768 -0.635293887199984 -0.0780203666751471 -0.082629928783828
0.215212854943055 -0.736378867211293 -0.108424313341771 0.110820469016928
0.0302671463503105 -0.613274681117891 -0.314888140771923 0.542577953217893
-0.263951022635431 -0.521422869415624 0.0397564911086079 0.471747316135231
-0.514555567601405 -0.221850498011091 0.224727439370201 0.0952013788485871
-0.48399455527301 0.187292137234023 0.0742617980256199 -0.0145947612333399
-0.212948126677695 0.332401653107249 -0.099347247520453 0.102939835195596
-0.0340037752888746 0.337808163204828 -0.0178943800011235 0.26151268994829
0.120636710721627 0.350009315453893 0.109503587955121 0.317364022574933
0.154335846778803 0.310370361145726 0.190487189055836 0.311163196002514
0.0933923386005123 0.324700094941611 0.152520871605847 0.328232520623286
-0.0916161888546487 0.315878735258577 0.0550988407087591 0.345969342605026
-0.242917969281008 0.214689793085377 -0.0963961794889169 0.312677408947677
-0.39152903286849 0.0384536909047957 -0.188470841416206 0.159574282710391
-0.32887623439114 -0.239669021584945 -0.145417598856446 -0.00578601611450471
-0.0569585621856959 -0.438983282452196 -0.050631268194724 0.0345123924199571
0.141403820038504 -0.560537363392109 -0.18514497074475 0.311913484653347
-0.0361077356851939 -0.369306800701113 -0.398271482648354 0.683843343313016
-0.191273239066742 -0.279350434189554 0.0261209457195211 0.583161419045355
-0.283037826299901 -0.0959267730242277 0.183721047523683 0.145563692649778
-0.228070159987854 0.107238737633321 0.0279007167255391 0.0290067390719904
-0.102867181988751 0.152158377383904 -0.127754741081985 0.173610191714554
-0.0339005891380075 0.163780572359509 -0.0192593663036275 0.361977515291501
0.0354279800069029 0.190542584753846 0.143449462712611 0.409443650718005
0.0522420460855393 0.169397043664859 0.216516922050678 0.392805594728952
0.0112683770868643 0.17539286989957 0.165106910531755 0.401843942655254
-0.0824834424442041 0.147772273246512 0.0239840040393545 0.394392211765309
-0.139831537331711 0.0665061113440787 -0.140611297608332 0.31378131076302
-0.158145039076466 -0.0159729324132714 -0.189462477300013 0.131099728953062
-0.126447259833922 -0.108906055039697 -0.125136755559505 0.00869637611319498
-0.031033912486991 -0.203192854966868 -0.0157921473338359 0.10830789203731
0.0457918841052849 -0.319097126930175 -0.211354737357116 0.443333187368043
0.0792186318496464 0.00431227578704363 0.107241576542753 -0.530931074102676
0.0325391600688396 -0.0492265465316606 -0.0725219024710985 -0.22589182652655
-0.0458533814662536 -0.0309999716738255 0.0758069691006044 0.00810692147857096
-0.0681696073366774 0.0432721604449025 0.165369150864892 -0.074949624267502
0.0109789147934735 0.0637301924871755 0.156838663590515 -0.256835835253808
0.0506126073134085 0.0332099333369745 -0.00162462405950447 -0.390031213211301
0.0663207769853995 0.0010880342897191 -0.168688130252094 -0.396065651253372
0.0537325031880371 -0.00353793754663356 -0.225552040736496 -0.384860242057028
0.0511431804187133 -0.00705446336925649 -0.183828643202496 -0.404700119301864
0.0349880494101148 0.010414404813326 -0.034195252661551 -0.367288075132964
0.00938599060589682 0.0332664191765028 0.0908486105148875 -0.234790522934481
-0.0355294749298273 -0.000313458919819311 0.00415873900268364 -0.0992537754706038
0.0219650310399609 -0.0455529945870489 -0.10399240847756 -0.192180780351372
0.0839387173502374 0.0301158858778775 -0.00727456260466475 -0.511245048480151
0.052087907001067 0.103051097594189 0.428744323155436 -0.709273819008594
0.118623572846441 -0.249810250182819 0.10617462190257 -0.475197772788084
-0.0199463154738112 -0.249674894915557 -0.0640623460322594 -0.209275335253277
-0.214133347843705 -0.138354239293036 0.0939724014482211 -0.00675441167799986
-0.267418613528228 0.0852405305408987 0.170686726259256 -0.0754539304648309
-0.093129805845868 0.19494713417186 0.142806573520976 -0.242197067663634
0.0363460451894641 0.186971872923369 0.000467146014158401 -0.361837586324392
0.141053140199231 0.160968594777528 -0.14981251655157 -0.360930915688299
0.15935118456299 0.147841046022203 -0.185604648203785 -0.347889733127454
0.14169586209634 0.168381792832498 -0.148714884600748 -0.36333989208595
0.0252893693180042 0.2096701753663 -0.00153142518592042 -0.324020230436555
-0.102239253535541 0.203846106382313 0.101422302123799 -0.189573737831457
-0.287039855977747 0.0749687301400329 -0.0113737106594447 -0.0703764243390092
-0.221488851180892 -0.172081215459149 -0.114875587222399 -0.204113998822612
0.0144264230160853 -0.248542772137108 -0.0370635770435272 -0.521083062199888
0.124529187354751 -0.21614491038897 0.361852782133996 -0.693111321303949
0.138814210734698 -0.480075482419365 0.0662002197697986 -0.35080211090284
-0.0919467643199849 -0.43454197849627 -0.0509628730154171 -0.147902045284286
-0.384993655770148 -0.225783280549124 0.129135815508506 -0.0176844720359261
-0.444026127346132 0.13547801589675 0.17649782329209 -0.086581771264098
-0.182397122148463 0.317377913757862 0.110213219003196 -0.219556368545676
0.0219657984056495 0.323134619603284 -0.00531708341847503 -0.296374157333971
0.198456349447226 0.301439615602585 -0.110958927326829 -0.275240448078305
0.241974204433446 0.277411226138355 -0.117199894323899 -0.257136244620896
0.208883509783423 0.31783070365999 -0.0896394956728443 -0.264131566215951
0.00981178287381512 0.377957975857386 0.0311879844718595 -0.2239611905218
-0.20348931376948 0.347710294431799 0.0917407347631525 -0.100425230769171
-0.505853134600942 0.142002854033317 -0.0432360964475141 -0.0177008097772705
-0.438526028698098 -0.277089331355911 -0.135519865281958 -0.188373650181718
-0.0593970832265548 -0.495476844491959 -0.0728553765214389 -0.472995093558042
0.179523119322406 -0.502102615670969 0.254781588333471 -0.573531312712783
0.130062785413459 -0.658133364084629 -0.0041557291691577 -0.163135059330325
-0.186477420530956 -0.581617280703982 -0.0253903880272499 -0.0358436437026264
-0.549505035964169 -0.276653804742892 0.177246899576793 -0.0201971983491491
-0.588730772806292 0.206358615213386 0.17698421557147 -0.100266576175829
-0.244189663632596 0.422282561974869 0.0623621758504699 -0.176899453916831
0.0114808533371448 0.425337335568543 -0.012441681935552 -0.191141158706515
0.232042568430341 0.400849115887685 -0.0575905544687334 -0.147755045863705
0.287921879867847 0.365143927547524 -0.0300301368768514 -0.127888606605922
0.239389838581239 0.413981361234143 -0.016031343044722 -0.122177715590787
-0.00944831542518125 0.483996021392348 0.0613719626355808 -0.0799518744652332
-0.276108535799579 0.43712839727635 0.065621210352143 0.0204806693753983
-0.648712676828564 0.188998154220472 -0.0833809406034331 0.0513992400949919
-0.590192617848345 -0.337601793237345 -0.153880081089041 -0.143216600088172
-0.119349177627089 -0.657093926968959 -0.0979741756537211 -0.367230329826028
0.204772722884308 -0.700189274034516 0.128262688207408 -0.373789397566454
0.0974996217180733 -0.750749883855941 -0.0910892992403071 0.0720228726027326
-0.273466305713983 -0.658320686552055 0.0120777438119928 0.120580365254025
-0.658362106913598 -0.284923412653009 0.220347376990156 -0.00708037113705045
-0.659548592807417 0.262204073771473 0.160436397897438 -0.0982253156382148
-0.265162975724224 0.480125855660901 0.0058579711041794 -0.100318476141009
0.00489011575947188 0.471614647008869 -0.0150956293936174 -0.0497382839674018
0.235878077615491 0.445186445834572 0.00593365337330481 0.00647836470025484
0.29149603517817 0.397556038955332 0.0608078268101409 0.0208069325901145
0.231657608386082 0.442188110978624 0.0605544143321187 0.0376820384792385
-0.0317041655578764 0.505457194031189 0.0828713459538118 0.0816277590304454
-0.304644329904169 0.442663752837529 0.0268858435199763 0.14887647561078
-0.671025898843734 0.190791495292517 -0.122763823711813 0.119222379901009
-0.622209767655084 -0.342259539991593 -0.161550269411367 -0.0838689693738986
-0.144684345483306 -0.696647982311498 -0.102975828338034 -0.222052591491523
0.197450728313421 -0.773605460484699 0.00499160249885309 -0.125921498333053
0.0486576099691895 -0.730616046372336 -0.183145836933654 0.31958987224998
-0.312899314466925 -0.628840955975783 0.0475499962840713 0.29443060208515
-0.652356635835201 -0.250356700496247 0.238604924807774 0.0252865249651266
-0.616547476999213 0.269946414907078 0.121481088558346 -0.0699312894386171
-0.245179138369383 0.453164255407378 -0.0477958431118319 0.00174874348718489
-0.0018351953153686 0.439262943476357 -0.0113592189656428 0.108707120839764
0.203993020819563 0.419996441616087 0.0707304473690498 0.162981221375159
0.248045279963918 0.368991336706145 0.142537935170866 0.166249593612857
0.184859642423923 0.402711410112272 0.125026367519253 0.188343228800215
-0.0535388381308078 0.439264151155721 0.0887075422040241 0.227087959723354
-0.283549156718237 0.361327250576499 -0.0210251769762377 0.251870853672671
-0.565637805707892 0.140987401314487 -0.153706826517462 0.161884450267299
-0.520194656880419 -0.295206572050986 -0.15624551789571 -0.0289849920753064
-0.12273045818656 -0.603485411578795 -0.0837758759287799 -0.0775448866450132
0.162026818443258 -0.714396501124268 -0.0946830268741816 0.117911485279545
-0.00330711002253658 -0.588381782588128 -0.271118978359686 0.535225310469006
-0.281701092791128 -0.48626619323972 0.0638946342419985 0.449592084154958
-0.510859069448563 -0.177970550372983 0.222732303123954 0.0733770375307701
-0.452958849160437 0.212162856041862 0.0719736839911025 -0.0227598219945093
-0.183051421337252 0.334256008993817 -0.0888551117040315 0.102845181865801
-0.0129807712600636 0.329168964126392 -0.00412286942543632 0.250413405730679
0.137320846666858 0.327407988091813 0.126748892067342 0.296362188421309
0.168383956716556 0.284883286895435 0.202230482283223 0.287425697072931
0.110893527885202 0.304586762021029 0.166824753733375 0.306191629896444
-0.0681181831091285 0.309350145025487 0.0752133286412205 0.329146821062967
-0.219888784639494 0.222605069358211 -0.0710602758052457 0.305152016476967
-0.371177549401747 0.0623111326745387 -0.171419613588879 0.164735698761033
-0.331164639844551 -0.207461781742768 -0.140350742609752 0.00314329563997333
-0.0796463031507952 -0.416057179947032 -0.0504057527049062 0.0345340847893116
0.100657055054357 -0.542867513202412 -0.157705941520567 0.316068754097091
-0.0536124162036551 -0.351784746004054 -0.345267275227633 0.677530453406688
-0.1996153532711 -0.257552713661742 0.0569077670004806 0.558970532871669
-0.28116153490715 -0.0737240230467249 0.186504255988265 0.126624632019279
-0.212075616082441 0.119659334740449 0.0298091757807156 0.0221865985206713
-0.0884818995181585 0.153366774300266 -0.111601849701455 0.173134408560866
-0.0240501346343057 0.160973148815222 0.00170233595837943 0.346462829675728
0.0454150627418019 0.18037347697243 0.163413147173063 0.38330045496721
0.0609677558469821 0.156633370470342 0.231553596328914 0.365261872930303
0.0229899268508105 0.166720927337704 0.180820332646765 0.376207752171356
-0.0684592584298812 0.146820067772908 0.0473468971498299 0.377291684854155
-0.130318415686794 0.073748104703617 -0.113038677145502 0.308649057917451
-0.150167097482647 -0.00451906780115121 -0.172785667376329 0.137894815739011
-0.128353556567322 -0.0948232274642448 -0.119418170388223 0.0166070138143054
-0.0419147219555321 -0.191997005711285 -0.0133273270681849 0.103918405841639
0.0240155849630883 -0.30811202918191 -0.175887881002168 0.443100273991645
0.0675055662176096 -0.0139426652664371 0.0155334066348459 -0.514059585061769
0.0202505430272808 -0.0502229185678206 -0.101760090338686 -0.202454823598395
-0.0439188174018981 -0.0268468956319417 0.071578114336685 -0.00971776383799914
-0.0573088220382895 0.0452805604635619 0.137552765607964 -0.098059206874079
0.0125820694355702 0.0537214702100027 0.103776684437406 -0.26314974496283
0.0466533075892447 0.0247428789727905 -0.0595574125075377 -0.367098523774086
0.0581144228226649 -0.00758830597990376 -0.216551211946619 -0.353123521067057
0.0466694393495962 -0.00866376637868853 -0.270565827394708 -0.330003634171128
0.0423905078655376 -0.0122044911390214 -0.237529960261081 -0.355188232970233
0.0307402015168177 0.00363870939751829 -0.0919348768124743 -0.34055590842356
0.0115483332114185 0.0268357701873601 0.0470877893918794 -0.234811318499816
-0.0343306405580636 0.00280079119417343 -0.0122314750091632 -0.0914050250939015
0.0147415432370958 -0.04804919512067 -0.130687610006052 -0.161940654920615
0.0856044998480419 0.0102360615578741 -0.0915031321187316 -0.475665432861369
0.0649045707872886 0.0808163081831191 0.299146607418751 -0.725311968140636
0.0747388916287329 -0.251117439652331 0.026682443854188 -0.474921237759216
-0.0530562739204897 -0.226871924831371 -0.0924494737360335 -0.196561239974992
-0.212177998968799 -0.101506271667306 0.0753993915658612 -0.0378221529709483
-0.23165151197182 0.11310996051928 0.128254005478295 -0.104997132760639
-0.064128654693707 0.188420687106312 0.0856861237325197 -0.238931091559371
0.053960367862824 0.170820525582274 -0.0545185772408315 -0.332727470799939
0.148806612538184 0.130681935422538 -0.191446012864925 -0.31370901650727
0.163283281805649 0.1179206421846 -0.226477154715869 -0.300286817950264
0.151430583594172 0.139231468493757 -0.200918700785278 -0.322418912959905
0.0496750845424062 0.192387438805344 -0.0583940024443182 -0.308203632536923
-0.0737188247558815 0.19938113669415 0.0645233086866325 -0.195487312968243
-0.260499361739535 0.107745418940457 -0.0194610505165956 -0.0662005792699638
-0.22595453002355 -0.136579147330062 -0.143482395219907 -0.177679121893563
-0.0165867240853477 -0.240654144611521 -0.116308258894201 -0.477775663433171
0.0943487305570165 -0.22605016821573 0.242827865682333 -0.699289935108976
0.0670654851347617 -0.46186279377054 0.0114547274007901 -0.365037058806761
-0.141794119643977 -0.38709246015851 -0.0726700368102508 -0.149969800658083
-0.378753233312621 -0.156847956772805 0.0952091309141775 -0.0632592160117877
-0.384309854333511 0.186153120348141 0.119365871546184 -0.121321301764592
-0.129296741134832 0.3140847698672 0.0522712566855315 -0.205909564668482
0.0584853685643359 0.299578049373642 -0.0517785742824212 -0.2647396213378
0.222246687412768 0.251343011910527 -0.142706514471871 -0.231111986646222
0.256617660244455 0.227450787035866 -0.148203348195201 -0.223742263246349
0.235039729871767 0.269625029011458 -0.132519774126983 -0.238872646193887
0.0595557331313989 0.35329712545779 -0.014546650219145 -0.22027302968168
-0.151292761428911 0.346409269038096 0.0704351205951339 -0.111803442655113
-0.457960411955167 0.20119469090453 -0.0381438213369547 -0.0144693931969424
-0.440900895999325 -0.207083453239639 -0.1624354945008 -0.164181787564195
-0.117651859794979 -0.459059874472397 -0.136259293190527 -0.427756895020273
0.109862688909158 -0.49900969933169 0.162159721597753 -0.568980398274769
0.040300114789377 -0.62247784086502 -0.0229835127737951 -0.188186908782895
-0.244843140745106 -0.509728179108895 -0.0340228561355152 -0.0552867422707051
-0.535348470629035 -0.181299406097563 0.128680600945753 -0.0803533598506183
-0.506301920052198 0.271038405142127 0.106795389626399 -0.136266247328955
-0.170652267703492 0.421187026066041 0.00913010642522099 -0.151399426314744
0.0651409342663244 0.39632981219941 -0.0442022922589513 -0.159435849291211
0.268403500638729 0.338428005217801 -0.0733075801883954 -0.112017828238093
0.312127949034562 0.302306474111973 -0.0480184399468164 -0.113073518400573
0.279408453120944 0.354014401366295 -0.0412227707076501 -0.116558255013777
0.0550937807349023 0.456104752993545 0.0351284836406305 -0.0899640407998446
-0.20895767692711 0.439978401702472 0.0663242960941129 0.00477401199567572
-0.584290583616784 0.265128063368105 -0.0628144544219168 0.0538852694850489
-0.587313516451294 -0.243769608982995 -0.172229697375123 -0.12268589835821
-0.197117062465501 -0.601238673798018 -0.140159548796977 -0.32213646904479
0.110230780631387 -0.685977055956334 0.0760302953978894 -0.3620861275416
0.00122989627781965 -0.70007558203304 -0.0663498862628567 0.0405635212795714
-0.334031425428133 -0.567716426444518 0.0229578615720146 0.0824558772466478
-0.63524179167469 -0.172966701292573 0.164553737616546 -0.0776182963738876
-0.561457145712348 0.334225530285866 0.0848865994980727 -0.131769431686481
-0.180450296966881 0.478077431615583 -0.032897963572921 -0.0679927689841955
0.0651430089577001 0.439897838838769 -0.0250372336426244 -0.0237400318644196
0.278610744483829 0.378044168768528 0.00894298212697837 0.0275508295779644
0.319922830199736 0.330182904582729 0.0594464541953029 0.0141049095855103
0.276986450368387 0.381861244284344 0.056063884854825 0.0227977823444655
0.0388587399584978 0.479314268644472 0.0822286727529426 0.058723328767631
-0.233300487164924 0.45128329139831 0.0516045953367771 0.132628733593585
-0.604141773728555 0.270524097801892 -0.0881382007638199 0.123835274081433
-0.617241959466111 -0.24210240397476 -0.169347269555206 -0.0653296966062138
-0.224318968535219 -0.630648860412768 -0.121684743093421 -0.186050902354242
0.0932076122223656 -0.749795474915032 -0.00316264819521742 -0.11180842516928
-0.0383586283792455 -0.671639856672858 -0.113607264090588 0.288559734433271
-0.362994449533535 -0.535525049869917 0.0838342678168336 0.24227480408376
-0.625743454627843 -0.142526280603566 0.187510191208071 -0.0472133867092435
-0.520430217787813 0.336696755822996 0.055564531344288 -0.09701211213652
-0.162684408506696 0.452990729728037 -0.0651119188312112 0.0348118569598266
0.0565170153256188 0.413623546069292 0.00284367023919312 0.123617325363971
0.24790072943528 0.358449754352172 0.092640656525404 0.165943944530606
0.278414183975354 0.30983446280773 0.158107252856394 0.139395590909686
0.229341284364653 0.349954048604106 0.141198636903637 0.155693147155054
0.0110190231565582 0.421506894860326 0.112023312968859 0.196050802393275
-0.222862513894875 0.373392820473451 0.0240476707887963 0.237440791256409
-0.513407940499786 0.209313146049345 -0.110450226273171 0.1700877915141
-0.517440061599834 -0.210234637417074 -0.15432274948981 -0.0127323141495248
-0.19488694584674 -0.544829478665314 -0.0825913014191204 -0.0544897453336076
0.0654525106097008 -0.685035891424551 -0.0616294310121724 0.13072654165031
-0.0689443400547593 -0.531231216105915 -0.165307890906215 0.51196588905263
-0.3127483492106 -0.407897714817577 0.12501264719207 0.392087839094199
-0.489380170831961 -0.0957927960237484 0.189445820215218 0.00993725292597445
-0.381819603973208 0.261166152220316 0.0292910068313992 -0.042017144063298
-0.120232226141994 0.334776958959177 -0.081505104141296 0.129412954551485
0.0342895514100353 0.310182934065545 0.0315490501008189 0.251117437959711
0.174586431796062 0.282604820234034 0.163717560800797 0.280623491683695
0.192912345926918 0.241238662946022 0.233091978895095 0.244011287662149
0.148077297659341 0.267868468613649 0.201685827863464 0.262254685288873
-0.0189005186556467 0.301522929957668 0.11950544084521 0.295974108485012
-0.178710105442268 0.236866364301347 -0.0134403354611799 0.297074352096591
-0.339331480813001 0.110310794675534 -0.128248756521779 0.178353785273235
-0.331329610386423 -0.150398687351127 -0.133237571136551 0.0185938358396173
-0.129880173418248 -0.375294954502011 -0.0376348353304627 0.0434106038520981
0.0281754106597978 -0.515582644989075 -0.0942740552941571 0.32401288792591
-0.0848286650189527 -0.304733815719751 -0.21229383071431 0.670103376691033
-0.208647187319579 -0.209855211327065 0.137328841907825 0.507262665346024
-0.26618102692998 -0.0295178348240861 0.178191863950266 0.0773193745963689
-0.174300544915068 0.141561978132406 0.0150603799232852 0.0120524163196779
-0.0566490744462926 0.155748667886709 -0.0833727847389094 0.189360814471973
0.00249472147899104 0.154135697334049 0.0514987489839495 0.334643557283497
0.070952630339931 0.158837224851909 0.210068675376401 0.351423688889764
0.0796306514182355 0.136237061431784 0.272331528618283 0.31244445824067
0.0479294179195255 0.150448522799654 0.228186961910472 0.326769292307788
-0.0415967350601841 0.148536229113355 0.105426488986502 0.346164512606202
-0.110957185458017 0.0875902431302136 -0.0527713949011484 0.307479703434682
-0.141770271661228 0.0176652435717888 -0.136470795477403 0.156714121457953
-0.13023440813718 -0.0693327684997269 -0.109647895170856 0.0328378235322788
-0.065784442266231 -0.170632032386374 0.00513889460786046 0.100833080894248
-0.0166183701162929 -0.284112418502133 -0.0957841569737426 0.443366012524928
0.0645131343493871 -0.0114753924693035 0.0229485749983881 -0.494444974679342
0.0209695638771515 -0.0484436530417633 -0.0918145560430277 -0.195573448235431
-0.0424082888634298 -0.0295403032800195 0.0703842185749808 -0.011342445543039
-0.0568742160607272 0.0425567206413566 0.131388070797551 -0.0946426159738702
0.00999696943342934 0.0535004414096532 0.100728971694159 -0.250396193393826
0.0443747161292698 0.0247453171844674 -0.0530350963571539 -0.351407198125788
0.0555966245730024 -0.00683082999622864 -0.203059393762878 -0.340003161872968
0.0449589557565013 -0.00693045926082621 -0.255869499798914 -0.322101112746154
0.0396975307231059 -0.0102796222227883 -0.223129215294944 -0.343077131040529
0.0281265189792068 0.00454262767388392 -0.0825689093449645 -0.328682192001415
0.00971350512422206 0.0244613395856963 0.0473391422821947 -0.222860546402729
-0.0335159955913016 0.00142687618833383 -0.011456471605724 -0.085678414058919
0.0144939021622092 -0.0473875895894603 -0.124937931269689 -0.155511006086719
0.0834838752686494 0.0116579761696692 -0.0801177709891476 -0.460000639393567
0.0623835858808387 0.0800150962759978 0.296173063636119 -0.694318222415271
0.0748577471085683 -0.236880376645724 0.0336972593423768 -0.459018330936873
-0.0447433238370805 -0.218920419748056 -0.0843140866607978 -0.190499476398549
-0.20106401608209 -0.10201460840647 0.0728717690368077 -0.0384555319828199
-0.224119793569357 0.10650303741751 0.122591025716713 -0.101187029456051
-0.0655293093869243 0.182593641644259 0.0832448692324373 -0.227583338027132
0.0493112822685482 0.165398652805527 -0.0489893267773926 -0.318594712760062
0.140828946458611 0.126553469761224 -0.177516626489992 -0.303116727862854
0.155459023734368 0.114846018742735 -0.21384269469989 -0.293248684610545
0.142712338041281 0.135198176706291 -0.187392692058749 -0.311448182133107
0.0442607831035563 0.186317062613063 -0.05017779934749 -0.296511952485882
-0.073710143504151 0.190960581067951 0.0637705226376073 -0.185500084457059
-0.251823215265224 0.100048425617019 -0.0198609651184481 -0.0605144752996764
-0.215417535419763 -0.13475814557721 -0.138331571971018 -0.172629455714747
-0.0100244562146517 -0.230884929378982 -0.104523627104083 -0.463682185817437
0.0952783166136483 -0.212731735179635 0.244792526067175 -0.668308400967361
0.0701128569051225 -0.439786025840038 0.0163549719767636 -0.35576151159183
-0.126728434479166 -0.373253956984193 -0.0671483901510639 -0.145737801607612
-0.359031074141236 -0.155447298903156 0.0909187440398479 -0.0632613202314858
-0.37030446324873 0.175509070913277 0.114829736083259 -0.116928405429815
-0.127947033456253 0.302578633261647 0.051322804641062 -0.196508292259402
0.0530645961047178 0.289867342536657 -0.047868368573894 -0.252207251459398
0.21004247804754 0.243714265966492 -0.131143145971347 -0.224064813841208
0.243904752570274 0.219653849918606 -0.139576132107558 -0.2191654555649
0.22198568761863 0.259956787425356 -0.12164711592359 -0.230572462575667
0.0517359156504888 0.340900324645241 -0.00888719083146594 -0.211527265156835
-0.149466625606976 0.332226163310933 0.0689445520389007 -0.105946007849619
-0.442180667051705 0.188217315243524 -0.0397666666444098 -0.0113688100511076
-0.421256230020166 -0.202250041012491 -0.156063658415754 -0.161087102748403
-0.102223961157357 -0.443223560319225 -0.127041339534918 -0.414776358507764
0.11540981596619 -0.473527579068471 0.167015731417233 -0.544410501901926
0.0474271644154982 -0.592653134402531 -0.020123582009014 -0.187815730314996
-0.224720089099317 -0.492550212694866 -0.0325230822080005 -0.0549997925984436
-0.509112784060562 -0.179364748626868 0.122436075271712 -0.0793910414029037
-0.488365716598667 0.257218751663501 0.103347293682791 -0.132599119505753
-0.168139280632311 0.403428294334222 0.0101613159381836 -0.145978841855654
0.0576060079503199 0.383244914151407 -0.0424250805230797 -0.151767324493585
0.254176518957469 0.328287582596281 -0.0666662942002113 -0.109955624879019
0.295925077623276 0.29048347740358 -0.0445197076007052 -0.111374400526931
0.264160288549425 0.340721765884093 -0.0359858765633751 -0.112206374714075
0.0477070212358668 0.43969816871984 0.0374890734423744 -0.0862847574519653
-0.205525053733825 0.421817151182861 0.06430069948568 0.00538859223739536
-0.562727590093537 0.247450750952697 -0.0644349604292811 0.0541170001603088
-0.560212711466809 -0.240175295898912 -0.166941746240335 -0.122280867424775
-0.176968285450828 -0.580116711591277 -0.132899398061689 -0.314328537500194
0.117424813506026 -0.650626309127527 0.0816244552808051 -0.345833496146931
0.0124619927469923 -0.668283208102359 -0.0663934855558394 0.030906698397982
-0.310180988318525 -0.550643641755553 0.0188753791115087 0.0775235116026299
-0.605252573319727 -0.173356499237955 0.156868280419938 -0.0761734244785375
-0.541181409511598 0.318134729792499 0.0828115602198211 -0.12871970306145
-0.179050640660106 0.458594480486283 -0.0309180167025566 -0.0665412448072464
0.0588932122697826 0.426809524390082 -0.0263748812040972 -0.0224611180913293
0.263171637876263 0.3663545713504 0.0107322786705495 0.0237550095940905
0.302196355307584 0.317190442085768 0.0580214276022488 0.0125763100599851
0.260616973735791 0.368061739733248 0.0558216110299663 0.0233186001604995
0.0332794583856376 0.462988337668348 0.0803009497228548 0.0571610947928777
-0.228797114105723 0.431653201457836 0.0488404127406307 0.12720369801864
-0.582574223654657 0.254009045943083 -0.0891541806311885 0.120506882740415
-0.589014227766206 -0.237696532279915 -0.164661283611728 -0.0671231678363633
-0.204173458337375 -0.609035291046284 -0.118319401928641 -0.1813508981248
0.102023305693808 -0.712510294684814 0.00256008074115672 -0.105317396284392
-0.0270885989824584 -0.642917865215296 -0.11619533221744 0.268746694569639
-0.338967221612511 -0.521436655541016 0.0750231804488184 0.232170723185225
-0.599718215696839 -0.142784719513064 0.178932762801387 -0.0457665585559006
-0.503063655971682 0.319358025236908 0.0552019106726965 -0.0962456087118597
-0.161014372646474 0.433676894458399 -0.062349806635128 0.0307148571883415
0.0505022673448626 0.399388891339911 -0.00161485280081946 0.11912459356451
0.233508768946071 0.348909709612587 0.088958544260737 0.157760177276131
0.262763422467841 0.298018418885398 0.150823274471455 0.134436913020683
0.215877920896192 0.336270940946088 0.135786076728347 0.152147985536745
0.00602322770843815 0.404500316804644 0.107988948411955 0.188870417421348
-0.217194231210958 0.357883258977072 0.0219397868496623 0.227450377062909
-0.492308438678428 0.194208696004255 -0.11087098731934 0.164792761868173
-0.493249181800091 -0.204479368016504 -0.150519408189084 -0.0169553870793888
-0.177143451160035 -0.524697160367611 -0.0825549269534309 -0.0546263356301084
0.0729450479721665 -0.651317835191253 -0.0573531427786539 0.126815868882563
-0.0551749303056634 -0.511350371513102 -0.16901648315791 0.484348969675619
-0.295094258546479 -0.39820190779041 0.111631421018336 0.37762151341434
-0.470446946189925 -0.0956452049515792 0.18053330625826 0.00921894205334679
-0.36823593174202 0.248335180255305 0.0289500726775304 -0.0432490047986862
-0.118174834897422 0.320572698910755 -0.0792116432471088 0.121005362936933
0.0294491553260865 0.300366948086306 0.0249634809318255 0.242124803576489
0.164753002956969 0.273318793208159 0.15511073335787 0.268681522771674
0.183138463636301 0.230746826757718 0.221769347280959 0.236697050801854
0.13909957320964 0.256381730849027 0.191039301824711 0.255023960443406
-0.0204584232871658 0.288065952040783 0.112740066934292 0.285175243031941
-0.172938070956357 0.227094383529228 -0.0145816104193046 0.284057129132921
-0.324013276722943 0.102487562942823 -0.126309233160532 0.171409841011487
-0.315620157621399 -0.14537705108758 -0.129143287649795 0.0154041402966287
-0.118349429425726 -0.360657294122142 -0.0405592344764184 0.0411478204137216
0.0345571007337003 -0.490884355663222 -0.091213769540629 0.312217618780104
-0.0750582517533478 -0.295009269948762 -0.218218873537849 0.638449340608413
-0.196818083078187 -0.205574980598226 0.121913909479443 0.490013030980887
-0.256389280178328 -0.0297613020452891 0.170308941985183 0.0762146734093282
-0.168066102399467 0.135533328782021 0.0147196547672787 0.00845013190556322
-0.0553034168783011 0.148197327488804 -0.0815542469349266 0.178572805640415
0.00132015375486181 0.148733083040566 0.0440386756261416 0.320990571973097
0.0667530377952687 0.152498066586305 0.197096886938443 0.338396965465782
0.0746859731676675 0.129843603829111 0.258291450181644 0.30329218163557
0.0451156001288376 0.143680441195208 0.215211690650908 0.317525564711127
-0.0407351569505789 0.141255321864931 0.0974315157897868 0.334122589986715
-0.106286298187463 0.0838389632784203 -0.0523877588264503 0.293440924294334
-0.134082529852167 0.015931151631852 -0.131867835105297 0.149580284106593
-0.12343198209911 -0.0652216602674463 -0.105997112312743 0.0307190108627986
-0.0615966729006904 -0.163354194202001 -0.000515700210522916 0.0969579980709268
-0.0131662586169435 -0.270582398378201 -0.0947708701584879 0.427270700787094
0.0642505742266356 -0.00760269521543904 0.0407645652096849 -0.49274876532257
0.0233509030753324 -0.0475926426416567 -0.0816250504118943 -0.197805749618034
-0.0420491547676542 -0.0334888898495695 0.0713294462933019 -0.0126242835859441
-0.0589175915571357 0.0408041294544521 0.131177782008197 -0.0917966963831376
0.00764038262261079 0.0561277036810435 0.104883523551554 -0.24563579250229
0.0429763624267629 0.0265620972775988 -0.0426008827782687 -0.350098603674016
0.0545485754586131 -0.00527312472729453 -0.190167192584798 -0.342886602580994
0.0451997703009247 -0.00487216993678104 -0.24591300392155 -0.329246569610018
0.038991861882591 -0.00765121897361829 -0.210751846749219 -0.347910602429429
0.02618691754598 0.00641091848868096 -0.0712624836222793 -0.329313780916905
0.0077099549868321 0.0241186854858824 0.0539248911814598 -0.218371034787553
-0.0344077729354388 6.5930028993094E-05 -0.0100354212629055 -0.0835240157998494
0.0158513639325297 -0.0486022531350918 -0.120969709499288 -0.1566940009031
0.0843557355938612 0.0137462254219505 -0.0651667015080019 -0.460697862587753
0.0609441186173484 0.0826917627850245 0.318189224896586 -0.681757482926248
0.0816949010899974 -0.23059544958543 0.0470437048009408 -0.460369268263605
-0.0354690565374298 -0.218757829993842 -0.0762812120558349 -0.193012790172002
-0.196223478860735 -0.108930386850831 0.0735849696566031 -0.0389856406176169
-0.22648037794616 0.0998888293055884 0.122364230247816 -0.0984924572790779
-0.0703413935972285 0.182541066845609 0.0879451020654818 -0.223134314366131
0.04461042543756 0.167018352135173 -0.0398009600918486 -0.315817494681075
0.135975251496079 0.129893960674568 -0.165589987162527 -0.306261710917149
0.151687345985511 0.118176304900306 -0.204630129652468 -0.299956629536807
0.13693265799994 0.139232148851166 -0.175263180673536 -0.315392246814471
0.037252288431593 0.18829174145542 -0.0392294650506187 -0.297215306158995
-0.0802264533349045 0.188014831465392 0.0689263588505354 -0.180744955891827
-0.254166467754505 0.0920599992023991 -0.0209001962585593 -0.0580255225117187
-0.211676143639874 -0.141378163041653 -0.13475618531229 -0.175809344906737
-9.88981626293822E-06 -0.231032426470539 -0.0896928600504663 -0.466014964638766
0.104139224717571 -0.206717448330607 0.265111200316245 -0.658481548704223
0.084464211876215 -0.431355193752714 0.0258531017789819 -0.359268111938272
-0.111051866168978 -0.375563928004597 -0.0617701967190128 -0.147977704497917
-0.350771370404058 -0.166065625795636 0.0906039828904508 -0.0629826274147519
-0.3730214471306 0.165794188787138 0.115401513029534 -0.115463741561196
-0.13631418396493 0.29881757708971 0.055854012229649 -0.193176020781151
0.0450940822208018 0.291540038094319 -0.0409180634467788 -0.249931131693166
0.201240646503872 0.248471410589476 -0.122163306564465 -0.227063288220121
0.235794843037816 0.223592135555918 -0.132432575036175 -0.223717785032301
0.212334187416164 0.264671839034937 -0.112349278263472 -0.232362854202854
0.0406494709172625 0.341878751560487 -1.3408723006256E-05 -0.21164394392309
-0.159432658906723 0.327305585526329 0.0722622810894581 -0.10208668643829
-0.444359607965688 0.174987421153625 -0.042464547920624 -0.008923480838972
-0.41396769123538 -0.215363757582613 -0.153707610528456 -0.166827345670722
-0.0862502062846132 -0.444620833306217 -0.113685966948384 -0.41806893944526
0.131612133769718 -0.464163157052126 0.184789961473417 -0.537054117487911
0.0655673407439175 -0.583730689408235 -0.0164008227332925 -0.194209528492891
-0.206214647710722 -0.497463751169341 -0.0321708119507926 -0.0567089580242546
-0.499136938687996 -0.193431095135243 0.12234794871371 -0.0777331783380818
-0.491406301964913 0.243600870544072 0.10556198571084 -0.131619709991818
-0.179342579746885 0.399440766645438 0.0136389563717705 -0.144893856237929
0.0474461505474306 0.385642091574925 -0.0394404936379837 -0.150089123676684
0.241390686703559 0.333470618238936 -0.0603307076066954 -0.112847288581967
0.285453632452107 0.295272859295056 -0.0405620748609085 -0.114022679463339
0.251694353436693 0.346724108896597 -0.0296948011985484 -0.111992402611938
0.0350679081968865 0.440464484071092 0.0423260779174734 -0.0852594914965501
-0.216481849673577 0.416452445676269 0.0645098960247779 0.00802251716222358
-0.566721569847318 0.229896540482722 -0.0686174690370298 0.056378988537233
-0.551664657078059 -0.253801916519421 -0.16570528732335 -0.129103580827747
-0.154207547054632 -0.58333466128933 -0.126168350551316 -0.319021662516931
0.138608888044048 -0.638912565149455 0.0940237957810611 -0.342085144678267
0.032052776526964 -0.661055736682166 -0.0699033353042197 0.0220852295378533
-0.288504301611143 -0.558710105487348 0.0144493216098458 0.0775647193222163
-0.597649585995054 -0.187363856672497 0.156802974371996 -0.0736592660403443
-0.5469963229443 0.302619680249329 0.0867628506435248 -0.129128362857255
-0.191010920882391 0.452591381110842 -0.0285738711838022 -0.0681644645377222
0.0473664987814137 0.426995338241826 -0.027903378164482 -0.0207277024585976
0.251326356447084 0.37140995785806 0.0121381069012451 0.0225621761775803
0.292071683232507 0.321494575226656 0.0578383054165125 0.0127495811836064
0.248930742654601 0.371957194791901 0.0572264729624431 0.0261933384947354
0.0174647025746329 0.460750955858174 0.0809833887104588 0.0589657223917256
-0.239524609634177 0.42552219807595 0.0466487955352344 0.127767498643885
-0.585532146419099 0.234811787890658 -0.0944929399966533 0.122170168320156
-0.580300432174062 -0.251374564621233 -0.165032108229081 -0.0746915369539319
-0.182852229536401 -0.61127067825828 -0.115699177519167 -0.185382763781798
0.123827359234865 -0.699812007528475 0.0100691172521894 -0.103099943236612
-0.00485576012077458 -0.638455119765368 -0.127822270637003 0.258832910219625
-0.318400824776527 -0.530904702205309 0.0638271201710967 0.233735884039834
-0.592864874692741 -0.156717003462943 0.178325755161564 -0.042690571203418
-0.507562582060443 0.306756329148549 0.0584786813993907 -0.0984946038721419
-0.17116119444412 0.428209818496813 -0.062823472316253 0.0269523370000312
0.0407378038036717 0.400912282622922 -0.00743022850841495 0.119921509425405
0.222938704182085 0.352536745936186 0.0860454939754588 0.157467135338287
0.253565191854439 0.299178708299839 0.147217690690509 0.137536716540062
0.205997096165938 0.338263998896568 0.13216132077936 0.157109200859558
-0.00539295012809034 0.403786320325376 0.104413673140717 0.191635848165087
-0.224952095871783 0.352158933647127 0.0171129894652864 0.226432277962082
-0.49234629473973 0.179360125251128 -0.117292650230126 0.164383476175015
-0.485372809852277 -0.214346920278976 -0.151997300652484 -0.023760510813588
-0.158166187762018 -0.526226480492061 -0.0849896341024987 -0.0574165617400578
0.093301176924773 -0.639677384427105 -0.0564582737913923 0.126580690979178
-0.0386958674248465 -0.510351661769317 -0.186780818684158 0.473925017827567
-0.280214514313953 -0.409296764907047 0.0956066592808977 0.380889058155064
-0.465727827526053 -0.106219023526145 0.179260155014043 0.0136759833938464
-0.373326986003436 0.239355001072955 0.0315513523096025 -0.0463774374385245
-0.12582847696941 0.315238946524401 -0.0818347530948449 0.115423228058839
0.0219663629984156 0.301598631047796 0.015593788576969 0.241250068929132
0.156847209796372 0.276110922566545 0.147531968406755 0.270427725979352
0.176080037685031 0.232236089597634 0.214363672546003 0.241481235686921
0.131657800814022 0.256760873298567 0.183210627962083 0.260432769939381
-0.0283529793444792 0.286171235610025 0.105996681214951 0.286633753768551
-0.177102176566995 0.222930631636507 -0.0209865539086569 0.280739008651969
-0.324257068012385 0.0930298646289083 -0.131170982032469 0.169330750789574
-0.308981808101401 -0.149866292595682 -0.130750266330095 0.0101535706516294
-0.105847812568778 -0.360969948615224 -0.045724778525231 0.0396187910848321
0.0505421466248042 -0.482778206917103 -0.0970354000253796 0.310530890259245
-0.0642503075982166 -0.298413112817094 -0.242333557674091 0.629336176018516
-0.189800817364187 -0.213053842041309 0.103561139463185 0.493304413986103
-0.255875242695647 -0.0348133049976739 0.168181443303965 0.0799629058854314
-0.169888023952722 0.131467499578177 0.015800417829364 0.00579284128960876
-0.0585638836603871 0.144911414166205 -0.0864415150155663 0.172002537494885
-0.00292631941155356 0.149501673546301 0.0325734264247687 0.320561474915075
0.062791022797839 0.153339255338852 0.186941306688044 0.341727533999297
0.0713920014380279 0.128951024267966 0.249453139517776 0.310143202556929
0.0419596525754705 0.142105863546025 0.205189449286186 0.323035220001702
-0.0429962647448295 0.138538642012186 0.0880000703934416 0.33487027458826
-0.106043664837308 0.0809067997931503 -0.0585684193365661 0.28858428112096
-0.131790055106526 0.0123582872029243 -0.134730442069918 0.146322253362665
-0.119847846972813 -0.0649927751493996 -0.107525405798462 0.0275507562662699
-0.0567182958071674 -0.161892501075002 -0.00651537587158793 0.0963461380971505
-0.00533568289802029 -0.26801426263028 -0.10420577750145 0.424681085693475
0.0666553832626696 -0.00476933052286556 0.0524671761238993 -0.510407060688934
0.0268789055335993 -0.0482034725377909 -0.0773359100109912 -0.207552014324541
-0.0436462240247855 -0.0378119431317598 0.0753328983176178 -0.0151179938623239
-0.0631819764751904 0.04139406110622 0.13442066874578 -0.093586243224073
0.0065202679707972 0.0604779614994856 0.111156792433344 -0.251101351962793
0.0443205129023861 0.0286824689456752 -0.0374875133774072 -0.361816030040021
0.0555947915301304 -0.00399620527358249 -0.188794225362541 -0.357586428082534
0.0471430836987364 -0.00329921498518333 -0.249310878986568 -0.346405154687165
0.0393724671711835 -0.00536494751808653 -0.210299559051932 -0.363813973104756
0.025833510174535 0.00845217547833371 -0.0664609738437033 -0.341463691649313
0.0066124273049074 0.0243171512591176 0.0602025064240857 -0.222775887688617
-0.0359987747349391 -0.000881188230612812 -0.0108424200166807 -0.083934358717013
0.0164382711850555 -0.0517239963731677 -0.12261659770237 -0.162334713525981
0.0888655562742083 0.0155266442706177 -0.0566027520330581 -0.479386224636869
0.0624834068497704 0.0881476584828023 0.342212581815556 -0.700270068500274
0.0895388075242832 -0.233361776992525 0.0572264288809785 -0.479245469504598
-0.029659599386039 -0.227138013189645 -0.0727181569777021 -0.202093563348093
-0.201115467458231 -0.117540717520809 0.0761604359382917 -0.0422094253242371
-0.236100569720842 0.100487220927528 0.126148451675531 -0.101604065249135
-0.0768350108586067 0.190172878083596 0.0929535308399199 -0.227798325273006
0.043902685770203 0.174792133347759 -0.0360934852909932 -0.326115810618656
0.137061470964179 0.137608998196706 -0.163523893535354 -0.320121637243224
0.154525914165257 0.124566177715044 -0.207142744622335 -0.315669686091586
0.138348694811509 0.147204583819904 -0.173826744297218 -0.329563321945576
0.0337474154572546 0.196776592870493 -0.0342362990336753 -0.308131055427497
-0.086473794408704 0.193210573585114 0.0748455842465325 -0.183707770252338
-0.265338801406937 0.0903060809179445 -0.0225881755302764 -0.0566584972058051
-0.216580259681841 -0.150231322501508 -0.138489253291612 -0.184204017973931
0.00765343553719742 -0.239855663490785 -0.0843690336363511 -0.486107046279685
0.113076147087354 -0.20912046801166 0.288860896488756 -0.677271911753049
0.0962119915786995 -0.44016487623516 0.0319918799922541 -0.376372103636699
-0.104929695536738 -0.389168238877239 -0.0606775333364189 -0.155543967518238
-0.358541536333448 -0.177137650051088 0.0938526017582178 -0.065915430959854
-0.388639100796256 0.165838783694599 0.119955611472993 -0.119260899214285
-0.146897602625272 0.308743103562296 0.0605982929057312 -0.198451316151154
0.042263678248035 0.303489888663842 -0.0392911992741142 -0.256509165103764
0.202834963879954 0.260495821499885 -0.119371925516633 -0.237561668347477
0.240496041120431 0.23336291458803 -0.133574149186938 -0.2359058085974
0.21391346126434 0.277572935127621 -0.109072032895173 -0.242384897938571
0.035145852781628 0.356804934285491 0.0054770855245419 -0.220134781943861
-0.170482800417973 0.336314198317851 0.0774324080989117 -0.102964311669326
-0.464153243607879 0.172559422442785 -0.0457670911848507 -0.00539255090492486
-0.424447136355307 -0.229349353782441 -0.15958612544415 -0.177218397904447
-0.0756827893873695 -0.462896932074275 -0.113629822998872 -0.437685410417977
0.148036779023918 -0.473108532576118 0.203869645780157 -0.552794901541363
0.0798808373611562 -0.59920129961835 -0.0158356869881448 -0.206457722946904
-0.200356677388369 -0.519053170537244 -0.0329366423177581 -0.0598781685296807
-0.511073470950859 -0.207744251920278 0.126729632619773 -0.0805482427678929
-0.51148719326784 0.2452450348572 0.110820656017739 -0.137956894722625
-0.193213908294291 0.4117662954559 0.0164572593510084 -0.150272062490185
0.0446471862286597 0.401584643732079 -0.0398012727487949 -0.153324899673881
0.244946665450775 0.348907650570948 -0.0579440019890092 -0.118830213733204
0.288993497191654 0.307579816949315 -0.0396655292737853 -0.120404145822163
0.253756312193937 0.361940927547448 -0.025750506513376 -0.115079664127377
0.0275670748894729 0.457453534309419 0.0474641222133539 -0.0879977972130646
-0.230315384603564 0.426987505359914 0.0680930721907207 0.0102502084193385
-0.589806017603677 0.227713279356371 -0.0744667164629368 0.0621020791429056
-0.566420083080522 -0.271628055514187 -0.173701624920468 -0.139367059390797
-0.143422565343002 -0.606226840120264 -0.127203559503474 -0.3337155350585
0.158848029279876 -0.65420400835516 0.107616952790187 -0.351242402978477
0.0477550347063335 -0.680724361789461 -0.0773168306910104 0.0160936551004468
-0.285219489374236 -0.584682041502397 0.0119087713037643 0.0808546262733277
-0.612884052304492 -0.20307289888515 0.162892891960791 -0.0751669249267595
-0.569494475584008 0.306762457036012 0.0917501758034417 -0.137044085485768
-0.203201244795839 0.46692154988839 -0.0280558327533304 -0.0730337912203818
0.0430723721611441 0.444311752685197 -0.0299817199895656 -0.0197659178046934
0.253708676295339 0.387878857464876 0.0148026186657525 0.0220809950995232
0.295685885861465 0.334849215879712 0.0601621798960265 0.0127504641881119
0.250681174685797 0.385090535105947 0.0613423092789378 0.0291615807254538
0.00995900972145175 0.478374373639886 0.0848447638622677 0.0621251788283463
-0.25297265076587 0.437949115868933 0.0474739280601947 0.132821778686601
-0.607963399195049 0.232264017909831 -0.102456705842504 0.129267700047883
-0.592651855015367 -0.268200843691534 -0.174797849687998 -0.083189660414954
-0.170527075652642 -0.636205213052018 -0.121080978571981 -0.194667410445323
0.14556966625378 -0.715411381128514 0.015994760543846 -0.105676815926889
0.00752811939895089 -0.65948742726071 -0.141458281511662 0.261053418288507
-0.318326574139905 -0.558958306152761 0.0596868300633597 0.244449711054083
-0.609275911191437 -0.170217435165983 0.184815849229786 -0.0420535911482733
-0.529857730451503 0.311276918131109 0.0629110827820534 -0.106724842600249
-0.184761008696794 0.440060319198298 -0.0648247066935719 0.0236217416301443
0.0363340171538846 0.417369747001113 -0.0117678737741913 0.12467071148796
0.226325224880694 0.366914583791082 0.0874461393911426 0.163544402914266
0.256659792822338 0.310442435217846 0.150499153527183 0.144005955041839
0.206193154971903 0.352176095492093 0.136216988173085 0.165523708925206
-0.0133331740877429 0.416786654104516 0.106294495630043 0.198690955208159
-0.236764998444526 0.361781274984112 0.0152040632244787 0.234182178067911
-0.511693362323401 0.177022226749357 -0.125102536757062 0.172099569118934
-0.49683752307781 -0.227266859118053 -0.161153245267345 -0.029276182916648
-0.150793297426231 -0.546840255363184 -0.0913038108845028 -0.0610768401592583
0.11107674138442 -0.655773624967123 -0.0570105459500434 0.131841702334369
-0.02877448431233 -0.529646811938229 -0.206629394077621 0.484308077575911
-0.281668398420029 -0.431745290519363 0.090123567068793 0.398018803827647
-0.481800781554801 -0.116741867453175 0.186448746332628 0.0163946641132177
-0.388277302140793 0.243989131834406 0.0344627346980653 -0.0529215737793563
-0.135936307274721 0.323764534612912 -0.0862028235969518 0.114168683035477
0.0185101786020589 0.314115225464681 0.00966744647649407 0.250858051387444
0.158264018353604 0.286737419714009 0.148093879353997 0.281148724411068
0.177685821388416 0.24033662610477 0.218481445495242 0.253233174046929
0.131718673314036 0.265319041575203 0.186569926553832 0.274313242311085
-0.0335760799492801 0.294811947594798 0.106109516919865 0.29843854585403
-0.184790715528475 0.227633583288053 -0.0244441879584972 0.289248634566295
-0.334157880219133 0.0909948496887636 -0.138917711309263 0.176048197609625
-0.314745735457373 -0.156178259652261 -0.138707381398222 0.00645989626395409
-0.100666707044116 -0.372840267838711 -0.0523314007908027 0.0398174269370986
0.0607809500352241 -0.493113543325153 -0.102782948894381 0.321393586354527
-0.0596898315201089 -0.310833963898398 -0.266218402097005 0.644594736551437
-0.193826297978995 -0.226726393140247 0.0953855548842335 0.515394909037193
-0.265240310501579 -0.0384097511070215 0.173724850433362 0.0857513246277721
-0.177247894692691 0.134270136051657 0.0173425144379493 0.00129169272695555
-0.0632861319170756 0.147660458634712 -0.0919920715559376 0.173046973766518
-0.00512104238057459 0.155758117669507 0.0268184941202822 0.332292887219362
0.0634278002930783 0.159005079725763 0.186317634907635 0.355729977590859
0.0712361961643285 0.132825122582731 0.254172855524402 0.325023947975802
0.0417453723221973 0.145607322525262 0.206168640653446 0.3381122235687
-0.0467223670660138 0.140973086034329 0.0870052474413596 0.347158353709399
-0.109026396350857 0.0825946584288049 -0.0638024365187536 0.295538547313273
-0.133714724443368 0.0107806494711978 -0.140569719265807 0.150020050606817
-0.12131451605736 -0.0656852997274127 -0.11333894370325 0.0267589489079047
-0.0559593237315433 -0.166224352824241 -0.0124922185330891 0.0990186697023002
-0.000727118695633258 -0.274200405408689 -0.113363536146555 0.439368500903772
0.07110365803708 -0.00423067708992595 0.0457412264872369 -0.54345091076553
0.0303049977223123 -0.0517417337878936 -0.0826159576607437 -0.219529344382937
-0.0478744256965978 -0.0410360290976838 0.0793437057799795 -0.0205603894231012
-0.0665316421186482 0.0445805144436141 0.136658819843451 -0.101729458927188
0.00799175477633039 0.0657781740355156 0.110043042927156 -0.265852300123899
0.0471045639446831 0.0304212139262616 -0.0468819978037594 -0.38041664714725
0.0575838939424535 -0.00404827884280826 -0.206092531200256 -0.37307032825779
0.0501788654938333 -0.00384393027282868 -0.272000097059375 -0.360762555238598
0.0411396641191141 -0.00540660107388364 -0.228337719242779 -0.379841216342612
0.0264641306483502 0.00987376272898721 -0.0755062199455053 -0.358627085896712
0.00566396009020974 0.0247300963462711 0.0597085965083018 -0.233220659388939
-0.0386581375508862 -0.00173014467749367 -0.0138992696905886 -0.0848290353416413
0.0155812441815134 -0.0565809932160133 -0.132763550966138 -0.16712665446217
0.0955582180535244 0.0142797690241641 -0.0693254667207918 -0.505872916188548
0.0689778592292259 0.0928438301728223 0.347216669981022 -0.748033784155507
0.0914309708941499 -0.243885282262601 0.0500833959032467 -0.51055290927733
-0.0321685447024603 -0.239139504616327 -0.0785129866690543 -0.213023424307868
-0.214388657783807 -0.120450332520892 0.079609388432645 -0.0485108620030409
-0.247379696747531 0.111377379052661 0.128183022693749 -0.110640110590201
-0.0765445573719994 0.204571743831209 0.0920086721373636 -0.240717742609042
0.0511252096212446 0.184593701491777 -0.0442954845173875 -0.341503502996522
0.146943430503426 0.14303621724302 -0.177202395150106 -0.335196769652213
0.16630110318519 0.127937361087242 -0.225863982838386 -0.330290103033793
0.148311039207487 0.153332937938858 -0.18810380112363 -0.344614513786203
0.0392915487119564 0.209610386894386 -0.0397636975285528 -0.324991204927615
-0.0882135482908061 0.205077019514308 0.0766456934637109 -0.193268147077419
-0.279018022332029 0.100829451471108 -0.0264935808223206 -0.0551588457024221
-0.232574227171714 -0.155310359442775 -0.152506256202536 -0.191812635866724
0.00599281610963992 -0.254801214088533 -0.0975513261186472 -0.512823856979695
0.117742713320695 -0.22066191490069 0.293029545198581 -0.721361711691766
0.0945300848490154 -0.459345344264203 0.023213608515622 -0.403038119729766
-0.114356416899262 -0.409067004088927 -0.0658243570968998 -0.162520488247584
-0.382117812340773 -0.180136010226856 0.0974958075834317 -0.0740447970311585
-0.406083099390532 0.18454063639596 0.121919930589179 -0.130989615338719
-0.147857378572863 0.332739262254903 0.0594481784103043 -0.209688278488511
0.0527555156404413 0.320665408041802 -0.0459756737023355 -0.267472271281654
0.218901358166884 0.271197780955869 -0.128515751035272 -0.250010177994691
0.25864621640476 0.239915950698729 -0.146782312032656 -0.247351654846098
0.230633385134311 0.288468151134815 -0.11754819187844 -0.253846765469223
0.0431450048766647 0.37827198790296 0.00347850986556081 -0.232366274327021
-0.17363991658473 0.358865883401528 0.0806314724023766 -0.108548265975238
-0.486016109667129 0.191984206222894 -0.0504654991472058 0.000150437020745323
-0.452214087770479 -0.232470636057677 -0.177159314501226 -0.185152747146577
-0.0849252890731613 -0.489568470157554 -0.127950454995971 -0.460530371295783
0.148942330807161 -0.501147492893525 0.20699961445317 -0.588963611502739
0.0741703621100361 -0.627548418528377 -0.0250918670061548 -0.222507403956576
-0.217324582679525 -0.545418629104831 -0.0351808426930848 -0.0613160554924168
-0.542353212275918 -0.206178984117752 0.131118143796609 -0.0900778726210727
-0.534019760984021 0.271507138241186 0.112488352537464 -0.152084571819088
-0.193077488717562 0.440198797467425 0.0146505073092041 -0.159416366518357
0.0554065891649125 0.423107869000555 -0.0446265987574243 -0.158572891656891
0.264715697629744 0.362167233931694 -0.0604372682618401 -0.126340288880485
0.312618030905996 0.315794044247618 -0.0446920401258948 -0.127824144325299
0.274244313689365 0.375735290824339 -0.026034381083013 -0.120718598502079
0.0382108267449116 0.484188911209956 0.0505550081490944 -0.0948126260999496
-0.234484453954198 0.457063576720229 0.0736599072642249 0.010404339587921
-0.620326419589275 0.252922515812332 -0.0789126066498309 0.0728357989911635
-0.602325428262704 -0.272376197841846 -0.192711581577636 -0.145436061886641
-0.158942407662454 -0.641615164896835 -0.14411885025528 -0.349957273604301
0.156227204007098 -0.68978805048481 0.110584488405985 -0.371991671277103
0.0400806629190893 -0.714902416203706 -0.0857613731814498 0.0141699960751387
-0.309658510943587 -0.612899851798438 0.0131467689539759 0.0867199423062771
-0.650511282581585 -0.19909987981549 0.169787545864518 -0.0854156557456665
-0.594465869291204 0.339096032389142 0.0929894036523448 -0.15223147976361
-0.204833929448561 0.49819858570832 -0.0310466790269867 -0.0792105231171912
0.0563421764404538 0.468992167687575 -0.0333033357136069 -0.0178394358054877
0.275952707889599 0.402091575373765 0.018120460162957 0.0210179114088381
0.319298082385383 0.342510158699047 0.0637841201815099 0.0108841753598016
0.270415729515465 0.400644859697878 0.069454428302772 0.0300861734951725
0.0205735229002211 0.505614218162227 0.0928519811469162 0.0628164331265127
-0.258573535786027 0.467876717134253 0.0546465099208182 0.140102999392912
-0.638179314142429 0.259180865483006 -0.106246240348706 0.143602012040782
-0.630657028182369 -0.267209864344703 -0.192990655818332 -0.0858154598475721
-0.188868888503409 -0.669200350909809 -0.134934020173006 -0.203345086309969
0.141512549773781 -0.755227332985301 0.0186590600665682 -0.11117417983722
-0.0030424674289624 -0.693285860883029 -0.149351274805974 0.275926864162356
-0.347385057031864 -0.586608082006998 0.0660919469194569 0.25931695578869
-0.647896541263776 -0.163609154252468 0.194661857919184 -0.051131390786854
-0.553414006917387 0.343167115390535 0.0642034457884586 -0.120055482580332
-0.185666842871498 0.470316538862387 -0.0681757086537009 0.0231618780086936
0.0483562937935391 0.440589818313336 -0.0111230007261376 0.13386616813349
0.245164994739183 0.380971172452188 0.0979348497071858 0.169200444063463
0.277813335416798 0.318680412121867 0.162767417357542 0.147000388993111
0.223939652602741 0.365070315278479 0.151038581156595 0.173287371064614
-0.00459132538306745 0.440270148548935 0.118560051191304 0.207089540638845
-0.241641361276911 0.387355536005082 0.023119201875514 0.246493716398676
-0.535345179235085 0.199669815919716 -0.128303321672369 0.188582754095881
-0.525161252555316 -0.226250181720887 -0.176927981370923 -0.0291686832371591
-0.164363079951845 -0.575135315842832 -0.103561668983397 -0.0618401199611177
0.106128182970383 -0.689019521114235 -0.0538493680768066 0.141398844376171
-0.0385930871947087 -0.558807542472266 -0.214379165658761 0.515407883031631
-0.306923967319944 -0.452593292576495 0.101144187073834 0.422360115093716
-0.511025282954262 -0.110313342525641 0.197799846708427 0.0116440911505362
-0.404994452541706 0.268036274739441 0.0357476990607394 -0.063253623715903
-0.136344985784666 0.344786844197806 -0.0893357521149496 0.118399141758294
0.0281918685962757 0.331985070785252 0.0139569942972384 0.26527498802895
0.173613013681406 0.298099161087384 0.163456128363845 0.293541622098559
0.19263119473062 0.246183206164867 0.237479759075597 0.262843740497839
0.144078647505397 0.275147557415323 0.204912870589085 0.286838012983602
-0.0294844330948412 0.310971015629192 0.119269504917198 0.311088348151258
-0.188866270279747 0.244362854310142 -0.0181407995491558 0.30450151900458
-0.348917248958791 0.104141983485303 -0.142074716651541 0.191080713468811
-0.331649994479058 -0.154859992635471 -0.151044527849007 0.00967848810815671
-0.110988138965729 -0.389521068361161 -0.0597315703592854 0.0433566276432137
0.0547012825057847 -0.517691522039367 -0.0979179746850312 0.343280462139778
-0.0682086716453013 -0.330184452809877 -0.272267912742816 0.68655944289697
-0.210033165756219 -0.238684820887796 0.109822527703935 0.546339370482194
-0.282333268975624 -0.0329920021977963 0.186403560606516 0.0853329698256863
-0.18354433931661 0.147093738817684 0.0189805632538222 -0.0034110614385919
-0.0646774511265101 0.15657117446198 -0.0942452236603292 0.180431905017772
-0.00110590451357109 0.164772739674687 0.0332318786179441 0.350014561066511
0.0712955144759727 0.164733852652821 0.203645804507022 0.372076114520248
0.0780733760791027 0.136296057490449 0.276157586588407 0.33835136770413
0.0474889036836756 0.150420031754888 0.22548457037118 0.354213244882808
-0.0448589977263238 0.14824968524996 0.0996352831369546 0.364368319608277
-0.111285040893813 0.0890211652238505 -0.0603715832316193 0.311436578473253
-0.138793380391797 0.0156671042210643 -0.144114189128938 0.16271407018479
-0.126792676877078 -0.0638420237153164 -0.121459576726911 0.0316140670061118
-0.0619954920682404 -0.171861426558838 -0.0157455687907998 0.105538690919186
-0.00607733619854631 -0.287567089176448 -0.107941175426645 0.468524775724369
0.065200557572854 0.00190023236741154 0.137966099116928 -0.546743062474242
0.0380700592755961 -0.0469072962507124 -0.0466001466999318 -0.242518436627689
-0.0410790343658443 -0.0533918645843264 0.0830075970856916 -0.0145133374847978
-0.0763739540183571 0.0304515849102919 0.151098885593515 -0.082414302440637
-0.00761904418666876 0.0661349057394214 0.154251265310985 -0.253633047910112
0.0388511111158275 0.0383492516644021 0.011418011281644 -0.401055489642373
0.0572222983049896 0.00600146384062164 -0.153274190625141 -0.42083242058875
0.0495939232229615 0.00562439146741282 -0.226197784992005 -0.420225189516729
0.0434222394610298 0.00311142281022265 -0.180715103621426 -0.433112486209481
0.0233948176014511 0.0145459840326512 -0.0225055731556407 -0.383149029498715
-0.000100215532525975 0.024107192872916 0.0977459721217873 -0.228654892963475
-0.0408373488292897 -0.0109610714167412 -0.000277350424446035 -0.0869158147327043
0.0263642944985498 -0.0592773087713834 -0.111303215376365 -0.190779478550317
0.100545211357431 0.0256257208871324 0.00942606185579862 -0.531638802238032
0.0578135147628268 0.104714424046656 0.490431802708883 -0.717789944588141
0.130198006374008 -0.234550134619759 0.13737294885959 -0.521757477318521
0.00880524446552795 -0.245549108630595 -0.0454412302579515 -0.24021397805953
-0.194138224474676 -0.16213383424642 0.0772800784022479 -0.0474765273296917
-0.267544499434608 0.0699935033162187 0.129701176525104 -0.094613124862242
-0.117312835257183 0.193216261747007 0.12913377243641 -0.222873550853807
0.016685836773929 0.197610695962794 0.00744539332542022 -0.355405008960386
0.124158573751548 0.17052178616448 -0.13015551261173 -0.3714507880744
0.143104818310106 0.162925342372959 -0.183205435755956 -0.380351867856113
0.124375933641342 0.184769265694034 -0.146353184302571 -0.390507494469519
0.00127449172886396 0.223796781529878 0.00577044851098396 -0.346821904141546
-0.134104684554905 0.193006006751771 0.113168727047808 -0.191958254098183
-0.307640622143762 0.0546489020561524 -0.00634601989215935 -0.0685846334841267
-0.208631432447291 -0.211623766382715 -0.124685202213191 -0.216603168671992
0.0603839743835763 -0.271654202349528 -0.0178837184347285 -0.530316098247479
0.172394364577645 -0.218290532507875 0.420891105858818 -0.685494509192162
0.173655875953612 -0.450762549512104 0.0948135277258775 -0.425393226361393
-0.044269728817026 -0.432296828715064 -0.0429295193375718 -0.19068466715549
-0.351632098183715 -0.2495210579114 0.0884728752901804 -0.0742822628294646
-0.438829185317534 0.118909195418708 0.114373438827893 -0.11797632293382
-0.210770289153285 0.310005193354409 0.0881628977701473 -0.188112077090349
-0.00385043463956938 0.338228292230838 -0.0058710814615689 -0.274548230276351
0.175929957626319 0.312866672654725 -0.0935264223860974 -0.270102124806042
0.215599910178271 0.294916592359719 -0.113016672581207 -0.28185486589047
0.184413641225789 0.338665391186991 -0.0879635483592477 -0.284992682974361
-0.0237332885396931 0.399330290592978 0.033539319068567 -0.247885391489441
-0.253656627580623 0.336801376601349 0.108797680092715 -0.109686944012178
-0.539437120873739 0.115165082531353 -0.0304166090852329 -0.024107163571602
-0.420802743633486 -0.336302136606151 -0.148922727371638 -0.211205693808793
0.0113416014120283 -0.532082931537849 -0.0554698968599032 -0.470533997186079
0.261197729821547 -0.506296428693875 0.302516317746166 -0.550581184362826
0.186790839899372 -0.619652482311516 0.0156002598949985 -0.257802559235773
-0.122388150573692 -0.585141913931391 -0.0314805584656429 -0.0854747373989006
-0.508288960224737 -0.304673026532547 0.116779412759761 -0.0878026036430661
-0.58115490958828 0.1875908960886 0.0981791411444476 -0.140407679495983
-0.274465289015173 0.412940053234928 0.0324197845551115 -0.138152958648192
-0.0168753861659389 0.444346545622114 -0.02273173923255 -0.158136163931983
0.210232531400364 0.413561412553781 -0.0433139122146432 -0.127207435625683
0.256777382304252 0.38237168524445 -0.0258831645289516 -0.13994388414764
0.2128711097488 0.435541179333679 -0.0136916475594101 -0.132837602213118
-0.0485725402508894 0.510318388637065 0.0603983212319695 -0.0987188362082755
-0.335896257255662 0.426642099665598 0.0861247047258675 0.00702018657301132
-0.688362415608688 0.157048613155303 -0.0644197832914302 0.0407687134591446
-0.565183668867214 -0.407492449970505 -0.169519247232013 -0.170857281543237
-0.0359621203224255 -0.702475334063329 -0.0889982104770687 -0.352408741620192
0.307842187823744 -0.700936073340083 0.159966110904182 -0.335081114889176
0.170645751433444 -0.710631507027704 -0.0854125247613129 -0.0301428346451969
-0.203866186936988 -0.669964815472083 -0.00816469683639559 0.074164129437554
-0.619716880161593 -0.31656385215529 0.14871921187307 -0.0750462411581793
-0.653794187615215 0.246181376031218 0.0738668080020943 -0.142562960106169
-0.295227050148986 0.471240407282339 -0.0268489121262786 -0.0599418455415009
-0.0242348136580241 0.492385063896664 -0.0326835295293698 -0.00964904000260788
0.214192890187976 0.456136160900547 0.0154085172194695 0.0402295892705494
0.260270440677363 0.412713762023161 0.0644203874579466 0.0213104840710449
0.205357359880752 0.459640385368436 0.0622199202271829 0.0395461517902189
-0.0710304938923839 0.528252332029374 0.0800065897615498 0.070557940602089
-0.362272246062215 0.435957781880476 0.0470095088720523 0.137296275524847
-0.70716905867829 0.16179945661684 -0.102843108900494 0.108005276226617
-0.593775776247008 -0.405849129437631 -0.178954135514487 -0.109715381119397
-0.0638087027443641 -0.734466847857177 -0.103184682832235 -0.198833879893946
0.302389419367167 -0.771304059794584 0.0184942877344888 -0.0766119899015514
0.126935353844504 -0.694048939987528 -0.195338197443354 0.22577714981036
-0.243947795353406 -0.651444948005265 0.0183477634639232 0.261935488753626
-0.622644146514706 -0.279884211371278 0.169955032404035 -0.0343819206102462
-0.612029364670328 0.258272022373439 0.0421451279977585 -0.112875434492631
-0.268866793514362 0.446243840385661 -0.0807741490136501 0.036787536636029
-0.0235693751194451 0.462194783882387 -0.0342606453603484 0.149615714233058
0.18732892137417 0.429476738946652 0.0745337343990175 0.206244630663479
0.223999348926598 0.378373005292295 0.145053901306454 0.180364616440485
0.164869679555005 0.413353831046959 0.125824410784496 0.20276198753266
-0.084498790866707 0.456595994857223 0.0864049529748015 0.225522064991885
-0.32953115438796 0.355855867004478 -0.00195720552856119 0.244761930769513
-0.591208836437823 0.117779812414553 -0.136761034087636 0.155361135985347
-0.494829035970458 -0.339539764597063 -0.173334591184335 -0.0494785855969422
-0.0580880597698528 -0.626988249876885 -0.0948354073776931 -0.0534603887543126
0.251354308576767 -0.705987231184058 -0.0980613265439834 0.170270539369094
0.0685766910447518 -0.560813207838193 -0.30346459190624 0.464705099770355
-0.225401552244488 -0.510667997611318 0.0288365015809361 0.440260474147365
-0.495980320229099 -0.202738816288212 0.172103727619496 0.0341028327464216
-0.449897498316357 0.20679445907009 0.0148532646539662 -0.0588174250754845
-0.197343807433541 0.327792468366426 -0.116060684266154 0.124866258694973
-0.0256303027605254 0.347048490941891 -0.0285494147306246 0.287303328744233
0.130097255841033 0.331773426302035 0.122416570467562 0.343322360339357
0.152224612284388 0.288387478467999 0.203837856979128 0.312042290646239
0.0982390158687413 0.305813850046191 0.165736849314107 0.329297923441665
-0.0858938662927035 0.317552193182358 0.0734943346917826 0.335412955584164
-0.244134279497176 0.218710139763151 -0.0557719242608587 0.302651158063727
-0.379993350310893 0.0507420136012819 -0.159146863887881 0.164101857607841
-0.309512214283904 -0.225637470558571 -0.155142881853469 -0.00729602718999203
-0.0394862368590529 -0.42295188807921 -0.0698204986754634 0.0528440045607738
0.162733019359714 -0.532265293053138 -0.173415895968291 0.363042440284386
-0.000618585034491012 -0.333473761088477 -0.393289928362226 0.639742112028791
-0.16414823271536 -0.277272177341324 0.0206915724995753 0.57623468631338
-0.277998691085131 -0.0826136241107976 0.162829719276099 0.113656219612534
-0.206734024675355 0.120075138596897 0.0058546418416626 -0.00176804778678564
-0.0900908068407533 0.14957541976388 -0.128320257362912 0.176857228332449
-0.0259584657297369 0.171216865504779 -0.0227494334592977 0.371328847945834
0.0467260029388885 0.179488306330489 0.152404636391993 0.426896383011362
0.0568090474524361 0.154022983108508 0.232070932041732 0.396848256825579
0.0220413507415603 0.160886477608449 0.179179406630599 0.403405989325146
-0.0722193424749976 0.145851527358234 0.0458015174048935 0.389519338684709
-0.132583127244053 0.0727567574250833 -0.10385208348578 0.308777670256512
-0.146364720141712 -0.00528707549140482 -0.166435622810612 0.142918548905316
-0.117150812620113 -0.0894712782176064 -0.130249548848548 0.0177327509316125
-0.0323268397702938 -0.185573520995517 -0.0353312093232288 0.112697228281368
0.0500004163992328 -0.299915909525934 -0.19833192640687 0.481208530172438
0.0662686195641395 -0.00190811841225932 0.0919089175764715 -0.558241964624383
0.0375892349542931 -0.0504957464690914 -0.0638820475198974 -0.241135383052281
-0.0458308319260321 -0.0518755535318474 0.0826449153088529 -0.0243282536711205
-0.0757688486693419 0.0355213907831029 0.142325082471082 -0.0953071648185534
-0.00180869048630709 0.0686686506632847 0.131510682149275 -0.265199479804528
0.0424811946411464 0.036344622807843 -0.0227004102868444 -0.400336206222406
0.0578282397703557 0.0032161321667501 -0.187029800968024 -0.407292635171899
0.0505735789538808 0.00266318534938204 -0.261499728079891 -0.399350523059379
0.042878720988698 0.00124716772917654 -0.216117776094258 -0.41709121469242
0.0237179570733446 0.0139913173648633 -0.0525260219860449 -0.380926949423063
-4.10448483271156E-05 0.0241580807672136 0.0809451354018834 -0.233535257146143
-0.0426208889154724 -0.00839364231688347 -0.00819447532601538 -0.0832845104750453
0.0212896737060992 -0.062353884537971 -0.12762975758614 -0.180596508067357
0.103879315923045 0.0172169617952686 -0.0314705938442494 -0.534154796203679
0.0671371998509653 0.100629532251672 0.431009708397139 -0.756311182722492
0.113089694223242 -0.240946365596634 0.0936014123186642 -0.534418574563389
-0.00703039408818848 -0.246468079412224 -0.0620779776502249 -0.237294383719938
-0.205949198005869 -0.146219723546908 0.0736476073142783 -0.0565895504962302
-0.262186461608681 0.0915692216862381 0.118520556843712 -0.106344924135959
-0.100188997733943 0.203947488067981 0.109704311008509 -0.232100488977545
0.0339815473710269 0.196169441143077 -0.0214930019731413 -0.353671956769625
0.138134050488073 0.161168492085753 -0.159355284706883 -0.361176043062226
0.156579598711868 0.150648770718398 -0.215246839082473 -0.364867995145385
0.139228952033117 0.175571523234331 -0.176828013288284 -0.378742683114223
0.0185330883342591 0.225543502385329 -0.0210632843577092 -0.347237026018678
-0.119677450327956 0.204548697355078 0.0991556150549751 -0.198672644594506
-0.304625741284541 0.0802387004850768 -0.0131598458869926 -0.0629877899209432
-0.225803114472882 -0.194047061606184 -0.14593462385687 -0.206339888113132
0.040477900125108 -0.277620812597957 -0.0612396339281966 -0.528971068522913
0.155642761951159 -0.229312510624817 0.36460085650482 -0.719231097733436
0.139313247499034 -0.459272434549603 0.0566379904794677 -0.434756424630162
-0.0727227281394245 -0.427339256299647 -0.0555492203432347 -0.187541474647655
-0.369031306527653 -0.218776235107853 0.0831290602580826 -0.0842898372321239
-0.426900463626717 0.156358046656655 0.101225644873505 -0.129249403639702
-0.183106241613789 0.327957214837324 0.0719927263491743 -0.196195758536707
0.0251812223353258 0.337845786862729 -0.0281343725870538 -0.271630559447369
0.202724978096162 0.298268109517736 -0.11352107307553 -0.264646646615159
0.240675561282409 0.274947555657576 -0.137638906987132 -0.272477365737846
0.21220825808493 0.323231661276649 -0.109052017330911 -0.277825376139959
0.00757186609846107 0.40303510960529 0.0153933203043226 -0.250145400355355
-0.226448899524097 0.35761632605472 0.101441515270562 -0.117612718226146
-0.530797754544426 0.159989434552683 -0.0328399356506669 -0.0157448976824827
-0.445788998747841 -0.300969639276807 -0.171237156388934 -0.198840945774786
-0.0285701506959702 -0.535424135498935 -0.0951647420200621 -0.46624378224157
0.221170390680928 -0.522374182148181 0.258840303126693 -0.575078277222091
0.138821232362459 -0.629193700176367 -0.00908978568904392 -0.260844721600508
-0.167662230148648 -0.575019284787112 -0.0361349605338678 -0.0822098437913118
-0.529895111922159 -0.258650598778336 0.109106139878731 -0.100291867945462
-0.561739700925282 0.237393667782774 0.0834936283924814 -0.15156244019972
-0.238866512619792 0.435696926933395 0.0213821913873959 -0.142243617856815
0.0223192156585381 0.444682394771701 -0.0355405182271212 -0.154310246321896
0.243647236611605 0.395877157576514 -0.0519420520416038 -0.1261491715724
0.289504474996014 0.35673153947347 -0.0384325357994799 -0.138591430261466
0.248804572930255 0.416393755918926 -0.0217764413715219 -0.132001121898234
-0.00769871406764551 0.513954439720277 0.0536986214633676 -0.104486192278748
-0.301248649655105 0.455420298711035 0.0887365859421469 0.000548355192122971
-0.674813784530735 0.215143094634697 -0.0617782179436893 0.0516837268519561
-0.595203070043407 -0.357546912531869 -0.19137781344884 -0.156730344172214
-0.0905677712710757 -0.699652929150902 -0.120832448465463 -0.344853341499501
0.2505051424706 -0.72076368007016 0.135041423810014 -0.346673308156573
0.114442695153791 -0.719429915894515 -0.0915901687289904 -0.0259320977252216
-0.254710249833005 -0.654330698667708 7.98210312696786E-05 0.0757182344474976
-0.641721910340201 -0.261161850356912 0.142418766138608 -0.090853230620346
-0.628549097459963 0.302491040794836 0.0584498076340612 -0.153292056033561
-0.255461714290312 0.494938109925262 -0.032712456652479 -0.0608170588441335
0.0210264778735529 0.4941526234331 -0.0341356549283145 -0.00562252186234354
0.252387921811495 0.436098326861444 0.020188590236052 0.0361934430872472
0.293608650178941 0.385815952190474 0.0660245310239479 0.0152434618023483
0.243961198957443 0.440379717997854 0.0689482065852583 0.0335463945545176
-0.0274421052033529 0.534987511569289 0.0876859299228074 0.0630201314893477
-0.327320531625157 0.465794405204107 0.0611142559779541 0.132662684724124
-0.691823010166398 0.22062037216184 -0.0942843411178616 0.122757203422061
-0.623978018475517 -0.354977113756118 -0.196284545628245 -0.0938818614540987
-0.118508465976345 -0.731406632963788 -0.124611281474377 -0.188606673322298
0.2401961543254 -0.789328664535595 0.0147777902983807 -0.0769695418832243
0.0725306033029286 -0.701043190905022 -0.180137666278452 0.239588574955299
-0.295750829082517 -0.632097168833694 0.0410157648685333 0.262489422800956
-0.644199285119025 -0.225509566373509 0.167395899335219 -0.0508181163279182
-0.586233350510088 0.312027626438434 0.029504714143642 -0.121766353624099
-0.230902488788273 0.46724400054301 -0.0780741180278843 0.0389957391004144
0.0163477197092846 0.462947139310911 -0.0226025303679286 0.153403057646752
0.224504431613658 0.411204373633825 0.092340286765477 0.197571240929945
0.25575760664429 0.355923550255779 0.160085385001104 0.166862968224944
0.197702294998509 0.397228323632014 0.146633324147801 0.190318332879169
-0.0467528719576565 0.462517614461125 0.105515669304493 0.217641482821657
-0.29709184815508 0.382701582731582 0.0194339805424445 0.242697786859842
-0.57857913166537 0.167707566649975 -0.123649498709522 0.171537414333886
-0.517704002099135 -0.296111168276649 -0.184358199089219 -0.0330311842025619
-0.105385801451392 -0.622657191980667 -0.104901593276497 -0.0440200169652219
0.193124413213193 -0.719550919965822 -0.0800682053872379 0.179323457223013
0.0244285861056412 -0.564792475278377 -0.26713803503239 0.486743534309837
-0.268937242281439 -0.493649250578969 0.0662938791756089 0.439963766613761
-0.512675525357849 -0.1575329525737 0.175290399964239 0.0176422616162204
-0.430707757745801 0.247763523263275 0.00827464570992598 -0.066339594517135
-0.169690397902222 0.34489020137332 -0.106987892451747 0.1299244226737
0.00536271138190994 0.349181931311425 -0.0069051699831451 0.288835457064471
0.15794442966066 0.318956030531506 0.151290150635552 0.331072098989017
0.175914127166259 0.271326221705995 0.230649454766079 0.294329024060129
0.124046593936443 0.295484317020595 0.196325688853081 0.314641867081626
-0.0594069018042469 0.323420885378349 0.102019201259272 0.328383555945388
-0.224060831519028 0.237569871675299 -0.0295319689014512 0.305179546055133
-0.371944489775141 0.0826058834550413 -0.145006882840229 0.179964676874579
-0.323655658632186 -0.196404261826039 -0.160849659938911 0.00761423262436211
-0.0714374102749293 -0.41795776024841 -0.0707152280787577 0.0599637778414098
0.11926442166369 -0.542164778624371 -0.139854172645534 0.378530702762599
-0.0273681466680738 -0.334271209910641 -0.341618414664654 0.672201284555541
-0.188940371596954 -0.264957720251722 0.0677951698416586 0.576822996556304
-0.285865598988989 -0.0572344385156135 0.173382797522248 0.0984759808718263
-0.195069707307459 0.138950253843367 0.00456409245993007 -0.00763623686864126
-0.0788847946733235 0.156401993430295 -0.115783692980914 0.183711599501956
-0.0110695588715375 0.172590072617324 0.00622913868190425 0.372829635888653
0.0624218966173933 0.173438967800164 0.187303201120455 0.413101080094857
0.0688975332352203 0.146560919108486 0.266707367481604 0.37664785144394
0.0358596795014953 0.156362870137658 0.213875194707199 0.38850268657859
-0.0595295491300119 0.150795523614614 0.0792700656732734 0.384388542973432
-0.124581373903173 0.0829030224690106 -0.0763656170985333 0.315261019713336
-0.143244843570182 0.0076543339289652 -0.153173732102287 0.158305984870024
-0.121604150368069 -0.0766822793059783 -0.130916728097766 0.0308171049412862
-0.0463641806220013 -0.181214223942256 -0.031077098467597 0.116661258849217
0.0248595196998866 -0.301330933807976 -0.154742888345905 0.498529882279371
0.0649185461242941 -0.00409336035819691 0.0538306250800702 -0.543708277562739
0.0361836235740033 -0.052448906883688 -0.0733305857298689 -0.230100044914283
-0.0478671320114844 -0.0494494227632668 0.0792016336985751 -0.0319199168213126
-0.0730546156274666 0.0386215998866395 0.129387354648978 -0.101262238561227
0.00246349622675899 0.0674256595385028 0.109209462399816 -0.262388179385577
0.0437632644124313 0.0332874281730437 -0.0449214553902822 -0.384492325290999
0.0562100705977454 0.000901884941952211 -0.204925770690477 -0.382608415301768
0.0496688041871575 0.00053264184087197 -0.275612623577922 -0.369139298190841
0.0406357434186235 5.96345276773587E-05 -0.231776076771527 -0.388501219174173
0.0234434440447495 0.0134937809648381 -0.0712583339381114 -0.363264149696975
-0.000183815736745727 0.023265727714155 0.0657327947981972 -0.226842858884366
-0.0429993104121316 -0.00629775268907812 -0.0128309194086539 -0.075832825000952
0.0164232428853591 -0.0621081913708706 -0.134396499457065 -0.165822132387496
0.10272407050425 0.0100723459737577 -0.0601129789589103 -0.514489552500653
0.0718768571699885 0.0933306419969421 0.36908886646432 -0.753646821776435
0.0967698322038259 -0.236004422443569 0.0561903404029209 -0.520208150701241
-0.0167764378366755 -0.238253668877778 -0.0714453307236557 -0.226567047236986
-0.20612680424993 -0.128970519546783 0.0678314155290358 -0.0615394927333609
-0.247533635706906 0.105445333369728 0.104395507933335 -0.110096288633377
-0.0835587879172551 0.203387280294096 0.0904537692456917 -0.229088974910394
0.0452787345360959 0.187279478040247 -0.0409484614040489 -0.338810362297454
0.143206348902665 0.147702768726696 -0.17333055601446 -0.339761191964031
0.160435192759253 0.134646979983523 -0.23062255666011 -0.337993634419356
0.144474407803196 0.161693898128332 -0.192441394246372 -0.353966033322284
0.0312650653700219 0.217715659885199 -0.0394544369444927 -0.332876377560116
-0.104325341595392 0.204316192745694 0.0855503387543327 -0.195432605935796
-0.289166952478649 0.0954271412867571 -0.0172964181066568 -0.0554203358354929
-0.227585984328479 -0.17348841585621 -0.156120863457219 -0.18940650000154
0.0251431711522561 -0.27144631895528 -0.0888746221356508 -0.507788941645442
0.137506283933667 -0.227599304709138 0.306061900122671 -0.714604902097722
0.110489042850112 -0.446334720780514 0.0253415909825991 -0.422768307057186
-0.0925849030112557 -0.407145762471431 -0.0618828829006305 -0.178735890925356
-0.365286847743011 -0.187270923700625 0.0744095161325171 -0.0894042840637094
-0.400031124446509 0.179029321793141 0.0855535248184704 -0.131932358023268
-0.155584929460788 0.328748620893297 0.0559713849221505 -0.193049733139579
0.0465596029154626 0.323170164128793 -0.043337292106225 -0.259313148406388
0.213647234922576 0.27549315495853 -0.123876428794174 -0.250176994022985
0.247941150559524 0.248591937188172 -0.149990354350685 -0.253789711765263
0.224054308972856 0.298573535572415 -0.120313201518282 -0.262266645524753
0.0326462108468147 0.390534323070386 0.00145389727232951 -0.242227886673245
-0.197310859118762 0.358315339130267 0.092600292154047 -0.118384112910052
-0.501273278632346 0.186179103340537 -0.0331440191281589 -0.0077674551287181
-0.445530351868717 -0.263014020506641 -0.183031068895377 -0.179428851377921
-0.0560397633476379 -0.515612882744346 -0.121036572966799 -0.444197301394374
0.183494570089289 -0.510970335073031 0.21650980530079 -0.569202146064049
0.0990403724321277 -0.609632832266966 -0.0277501022249733 -0.25189947355463
-0.191224622054083 -0.54387351633658 -0.0373791686941076 -0.0780884025230488
-0.522322050697929 -0.215805926921757 0.0985126653671312 -0.105661006245077
-0.524187393152243 0.266809563206833 0.0668467884692694 -0.154260592704918
-0.202656128028175 0.436192299662139 0.0113298243243095 -0.140066037948405
0.0492800718300529 0.426008462658961 -0.0433889379717273 -0.145538477025129
0.259698001986081 0.365289246995774 -0.0566187908244501 -0.121148081400351
0.299604439175298 0.323590708263 -0.0466646254612033 -0.131638879691059
0.264935299054481 0.386084950976059 -0.027173153516147 -0.127789942871886
0.0239088578943869 0.498572923717415 0.046839664315481 -0.104227647435735
-0.262568398641347 0.456785908774352 0.0865492087022013 -0.00496281414550744
-0.63790232448167 0.248913729348348 -0.0562979961501398 0.0591952694959568
-0.59192298952674 -0.310093514526825 -0.20020662526146 -0.136882677239003
-0.126276858650459 -0.671850403223079 -0.138580058446554 -0.322849506454577
0.201274308321236 -0.705123393435198 0.111475537626195 -0.341111189509117
0.0709088099289022 -0.695495343534997 -0.0932855236208514 -0.0212117193125677
-0.280807422984035 -0.61461402293716 0.00609346841091627 0.0727262263286338
-0.629301721040305 -0.21048387713045 0.131060318175441 -0.0991151232279144
-0.582280707415444 0.333331890365823 0.0431336570957178 -0.154893139655884
-0.215337367531966 0.493653332484875 -0.0358725771446566 -0.0603571336229271
0.0509058825753456 0.472354302344032 -0.0334140052801427 -0.00330786099740037
0.269450474468779 0.404211183817742 0.0232308942832255 0.0312875126376238
0.305790046879758 0.349627986139759 0.0638725261498577 0.0107053888093085
0.261455455259215 0.409765744711785 0.0714180094123015 0.026041774676739
0.0049895864792394 0.517413482452422 0.0896166912666894 0.0556077748514144
-0.285315421243792 0.468476938441696 0.0679260639259938 0.122623234769334
-0.652657988660071 0.255033295441948 -0.0826952231098411 0.129296917508023
-0.616920331962785 -0.304037576162218 -0.201339362196764 -0.075073994758339
-0.154305333692226 -0.698318776799057 -0.135541721451575 -0.171459174569682
0.185918878041701 -0.76624801394255 0.0136380989465215 -0.0741149307577089
0.0313383154750705 -0.67587683925457 -0.16166551251382 0.240259450467429
-0.321597117099811 -0.590972959288911 0.0567203615909334 0.251023100661793
-0.632951694175913 -0.175137826414523 0.157826840439781 -0.0616271944537736
-0.541459275898504 0.338850709370686 0.0184536395618631 -0.124374681308242
-0.192509788077891 0.465528198904477 -0.0745925218751051 0.037684864071225
0.0456605331346452 0.444440257249256 -0.0134198616027548 0.148750942713973
0.241452056188918 0.380400630002026 0.101507242122475 0.182220630122327
0.266300822519736 0.321827226450873 0.163836522276092 0.151141156427011
0.214095362773178 0.368310840063906 0.154966289002551 0.172670727134731
-0.0169856687052545 0.449833485089993 0.116283495212186 0.202384696970519
-0.26266617007959 0.38584384437786 0.0346017054963451 0.231744428848643
-0.542333526370949 0.196981355464711 -0.107875814648988 0.177593176698172
-0.509481496545796 -0.252042648843577 -0.185730053736967 -0.0183869158288254
-0.136124763826165 -0.593474209179356 -0.107273681444108 -0.0334838983359333
0.144946055558217 -0.697422157909571 -0.0628920512207279 0.177735150320838
-0.00829859539384807 -0.544277584425742 -0.229420978584975 0.483958539465631
-0.28825505657391 -0.460889156733934 0.0914512400977531 0.421259093040978
-0.502775409695718 -0.116908659474736 0.169839413040946 0.00483685749456678
-0.396587518516157 0.266915261373872 0.00182842909908282 -0.0692099938860155
-0.142742041844818 0.342043613884736 -0.0973620577619398 0.126271806971211
0.0265183891478069 0.335276437107768 0.00900973732119099 0.278566581687372
0.171957909573219 0.295618602631985 0.166200018619849 0.30834278266424
0.184755479608544 0.247089263535795 0.239448408055072 0.26823330227835
0.137570619300149 0.274179661477251 0.210015490988862 0.289183839872887
-0.0374379274374989 0.314794187514312 0.11873331343996 0.310083402518471
-0.19906556989449 0.24235503549399 -0.00958708345122072 0.294678749184963
-0.350240671496802 0.103095518972925 -0.126697792872498 0.186175076947609
-0.318871703391184 -0.167359113221446 -0.158480791310478 0.0196503593309774
-0.0910693726766927 -0.397209246718156 -0.0695642981403514 0.0640507916107848
0.0835127593175085 -0.522873282625789 -0.108107474502613 0.372439072952147
-0.0463691868905611 -0.321232731452755 -0.290494774325515 0.664959383106621
-0.199784850569343 -0.244096454342938 0.102163184075348 0.554348589249342
-0.279399709646207 -0.0344464376671077 0.173041166989612 0.0831795296215129
-0.177225582524706 0.14744208145992 0.00298199001288281 -0.0122530224801498
-0.0671536451583046 0.155393967415765 -0.102368846017004 0.179664619165035
-0.000110381707834898 0.167183822160675 0.0262152304168616 0.358183776232756
0.0707371339694227 0.161486102539606 0.204364423279445 0.386107901377986
0.0751150175717787 0.133406463057446 0.27942012889758 0.345991110129226
0.044388494798651 0.145176866715167 0.230095143865458 0.360128322425856
-0.0483107231400897 0.147439106221205 0.10051921298039 0.364927966783982
-0.113235031511959 0.0870214530748203 -0.0547513365824282 0.30671326377505
-0.133582542254748 0.0168152149824277 -0.135954221446641 0.16326042014227
-0.11924177924101 -0.0640991941670158 -0.125327031815397 0.0404196196333861
-0.0542187745370819 -0.168774882901761 -0.0276882160522308 0.115129184091707
0.00634970691547958 -0.289649156031998 -0.116239834538044 0.488934781933582
0.063623748905977 -0.00415593647348293 0.0383509905994989 -0.521263314405478
0.0364000256838746 -0.0525226188269017 -0.0739746253915642 -0.22131685588035
-0.0479384557863631 -0.0491869702955367 0.0758878048044636 -0.0362601060916002
-0.0712796607667841 0.0388404959732374 0.119276600667369 -0.100465756210687
0.00458271000684448 0.0658094218150583 0.096975847149246 -0.253693827333965
0.043704957720796 0.0312807405649161 -0.0531749689184418 -0.367669985571453
0.0544964182478439 0.00097795643083343 -0.202221951877736 -0.362908733534855
0.0484724892949335 0.000412891787147845 -0.272295111287972 -0.345817265501553
0.0395101904104358 0.00119521682291476 -0.229751261471032 -0.366241709235283
0.0221519901449452 0.0140185143050365 -0.0748434523171925 -0.346736530502814
-0.00151337004835307 0.0222653531179312 0.059961180177879 -0.216253151125039
-0.0428114211433187 -0.00554638948965392 -0.0148928697759104 -0.0686829305644805
0.0141988605398912 -0.0604524522081159 -0.134444908252004 -0.154769298748363
0.100027114474003 0.00713979041829839 -0.0690974543980423 -0.492722159952822
0.0715014890290611 0.0883061198421882 0.335229308123837 -0.726970513911606
0.0900469417190639 -0.225004686073298 0.0380117679137283 -0.499339970657226
-0.0177985749289557 -0.229173169845499 -0.0710208942512701 -0.217559599575421
-0.199092914391057 -0.119492661094921 0.06359332488722 -0.0645684599070099
-0.234239688390901 0.107430832913273 0.0950242532857984 -0.108681492230867
-0.074030937926496 0.198103457536208 0.0800710946646659 -0.221308285110834
0.0491000237289757 0.177887676685711 -0.0477423768706894 -0.323188696699056
0.141526780827524 0.139156522242921 -0.173498409630865 -0.323772424869808
0.157725708726031 0.125638669360243 -0.229699844024969 -0.3180251204579
0.142710339319484 0.152915324999656 -0.191657264846853 -0.334875107321626
0.0356044134789839 0.209984834151387 -0.0440330443880567 -0.318352711343188
-0.0964827308370569 0.198062609067331 0.0794584646021294 -0.187512517652202
-0.276248351635965 0.0973895792415792 -0.0183927830604238 -0.0476937877626208
-0.220918084454575 -0.16154384166201 -0.157236996731788 -0.176790108495314
0.0202372457791508 -0.262008323094319 -0.0961571571748222 -0.48590374305824
0.128578917828221 -0.217772206853542 0.277746229084017 -0.689485006936303
0.0978390729393195 -0.425566778338887 0.0116264888104228 -0.404958951060594
-0.0935172759231829 -0.388219037595926 -0.061611839602383 -0.171517084537898
-0.350603774868851 -0.169765836355804 0.069011885062185 -0.0904174803908958
-0.377638381089388 0.181534180068392 0.0749727364374717 -0.129557731110632
-0.1397925714218 0.31926003158631 0.048604327570404 -0.187216884487097
0.0530582198349191 0.307367352383216 -0.0475102795786031 -0.246932214150305
0.211940170198394 0.258841890952749 -0.12439315975283 -0.238571023493346
0.243399630847851 0.230527766549656 -0.150612921554968 -0.240152233262107
0.222695701547847 0.28131740706745 -0.119921117536591 -0.249608523577222
0.0396699163689204 0.375757495710832 -0.00292035365492514 -0.232177693411616
-0.181935083358791 0.348055913690221 0.0867775456991092 -0.114625246441744
-0.477378165110473 0.191074560369038 -0.0323552545550309 -0.00147615130237428
-0.429725582373115 -0.241375562285193 -0.18365826115525 -0.165713635502607
-0.0623249241774002 -0.496476438965668 -0.126416406285021 -0.422125396042627
0.167402769294437 -0.490293620552057 0.194894919456466 -0.5484603903309
0.0848121988133773 -0.581001302942199 -0.0355205767224032 -0.24108382639905
-0.190460729533501 -0.517136961399846 -0.0354508708779592 -0.075590762108318
-0.499923083397605 -0.192208649803205 0.0912231951624665 -0.105874961682313
-0.491341017886961 0.270210871710392 0.0560066471580788 -0.151370555393052
-0.181416934103112 0.423269968414809 0.00564422209367315 -0.136406027316264
0.0587957738697382 0.405731136027094 -0.0453477060432309 -0.138488464746158
0.258124779375291 0.343009664992844 -0.0565580263138869 -0.117079474719333
0.294000649559831 0.299274974774907 -0.0479776114496709 -0.124882082389448
0.262866994984687 0.363641217084447 -0.0269188741935222 -0.123568394069785
0.0343775464364068 0.479435659085206 0.0436212315155454 -0.101174741200357
-0.242267823071175 0.444067802165533 0.084061923392556 -0.00661206741069445
-0.604282698256188 0.253002616671136 -0.0519823451559472 0.0640758637363286
-0.570021799203885 -0.284535227690141 -0.201688204408827 -0.12358881887352
-0.131165326865172 -0.644705810386956 -0.141943270440822 -0.305709967207285
0.179056147419939 -0.672570266381634 0.0996835609106706 -0.329421457764294
0.0553385105882647 -0.663070553998639 -0.0926183474705663 -0.0190229771072966
-0.280599405357643 -0.583447663048197 0.0100842319554 0.0684718810098365
-0.604452990448017 -0.182653369704962 0.122697656696174 -0.100549239464693
-0.546143155252406 0.335745717462215 0.0339363256606858 -0.153096442105238
-0.191895814681878 0.478445492550256 -0.0378570915519602 -0.0604907231662595
0.0601302375387805 0.449210354866008 -0.0332889343704359 -0.00191533171308619
0.268098209272306 0.379362556604879 0.0229587080474006 0.0266372701486905
0.301310199139472 0.324854298882829 0.0605865230539638 0.00833919272878064
0.260389376564048 0.384678953514546 0.0702862407068119 0.021366510837352
0.0182268672682791 0.498985124714289 0.088210273208104 0.0510662204024439
-0.261859102061492 0.455711116952003 0.0680929380882923 0.115638183757612
-0.617465120504556 0.260583926561738 -0.0745423366643787 0.131333165415274
-0.592809619229557 -0.276448456707544 -0.201330493391446 -0.0646720390875297
-0.159710135784097 -0.667730892737714 -0.135256577726709 -0.159379436592943
0.162941728590246 -0.731862951926436 0.0142214279615286 -0.071217080572833
0.017196452677233 -0.646021283166573 -0.152653779012207 0.231162515949378
-0.320248409475219 -0.559271780411512 0.0617494510931182 0.239166428643881
-0.606291104891266 -0.14895538098591 0.149213977560433 -0.0653947559611661
-0.507834109105242 0.339562530270913 0.0109991518932979 -0.124106244529183
-0.172954627595503 0.451779159942336 -0.072788069969493 0.0337836157211128
0.0551785944713382 0.423810539395395 -0.0117760309501007 0.14312517592036
0.240547171180001 0.356856994959342 0.101912499346365 0.170410307002851
0.261124311303671 0.299472186707987 0.160086206607424 0.140309309987944
0.214436451780867 0.347510393514011 0.153697575777309 0.159876665754923
-0.00633445648655518 0.431849660366412 0.11717613478596 0.19149931717381
-0.240753780965912 0.374436929620519 0.0389977890603341 0.219978478485067
-0.51227222731795 0.201550001250275 -0.0980701438275788 0.176892864648759
-0.488751589966136 -0.228838297178252 -0.183750404409135 -0.009680172435651
-0.139103416188473 -0.566424467659457 -0.107712866080662 -0.0270407727030964
0.126932679986324 -0.665054479156584 -0.0528228669304919 0.171411872805471
-0.0182962524617258 -0.521408560349765 -0.211296122803454 0.466005118581233
-0.286254782146292 -0.435209191053359 0.0978168646120504 0.40299716350774
-0.48293789599358 -0.0968353602166365 0.162733666076623 -0.00171852664988063
-0.370458105315853 0.26657693967658 -0.00266159812261905 -0.0711560991240654
-0.127829581235555 0.332439684145921 -0.0931743652123349 0.119398756795321
0.0339504291983609 0.319954969535027 0.0129381297997895 0.266694360728983
0.171494160153519 0.277237618616198 0.16684628604057 0.290034941219945
0.181420863161208 0.229256277005985 0.235544512488876 0.25208168478746
0.137748878442889 0.257389057971012 0.209287185177456 0.270828292590588
-0.0281646241263131 0.302484713694458 0.121979737612257 0.293863196643752
-0.184141710768134 0.236476629169854 -0.00142381488021351 0.28059639445156
-0.329473691020739 0.107242157658423 -0.115585427260943 0.184530185808545
-0.305128902135492 -0.150883159829453 -0.154864526084415 0.0257727444277358
-0.0939601131603936 -0.377337188451736 -0.0686680042071963 0.065237349528579
0.0678897693006299 -0.499346689673983 -0.0912972790495265 0.35990242168823
-0.0514337161231548 -0.307028031181327 -0.263257726705069 0.640886526730431
-0.199283128231199 -0.22926402200125 0.110982948492573 0.531017054111288
-0.26815782489848 -0.0228710594549084 0.167658393950917 0.0745742569317919
-0.163638714166057 0.146125455825888 0.0013963590595158 -0.016026265957141
-0.0609790118193334 0.150500441473224 -0.0971091588816305 0.170948933126172
0.00462999405778703 0.159852216983995 0.0311572882382004 0.34288331551259
0.0716898269978728 0.150921002104227 0.20575234346921 0.366204317016906
0.0741276731056224 0.12387122529428 0.275570253627205 0.325024842078022
0.0453997054941073 0.135313915017523 0.230653658661523 0.338304621475093
-0.0429054982242336 0.141470066180081 0.105540892356794 0.347691144275
-0.104464761524198 0.0846285993948544 -0.0444557535337942 0.293994049565307
-0.124147251231965 0.0195075686904637 -0.124221522538169 0.160788896407283
-0.11359470515626 -0.0565126685444265 -0.120075524938529 0.0437260760067738
-0.0547403235120301 -0.159324991238218 -0.0281534616095788 0.112652717400696
-0.000332917969539239 -0.275230829645421 -0.0961479530353025 0.471334507258846
0.064222379314586 -0.00296669033686239 0.0363401711146852 -0.509531837192537
0.0386252951745278 -0.053431835072741 -0.0710653093947528 -0.219027140603789
-0.0479587673256426 -0.0506503628298037 0.0743248683416621 -0.0399495755615281
-0.0715488021497629 0.0380526182878976 0.115270439463017 -0.0989195457943562
0.00470614125056524 0.0659796133404035 0.0931461021559195 -0.247384261530746
0.0436477949986149 0.0309811670510519 -0.0532790529433425 -0.360474065154162
0.0545802240472056 0.00204375372146798 -0.198156251002637 -0.357181063390539
0.0482309135557596 0.000968735873879998 -0.267914783109659 -0.339864068237046
0.0389808125840621 0.00279864243621469 -0.225690019181456 -0.359635980796696
0.0219761393907542 0.0149925620347081 -0.0720666332588998 -0.339780968910239
-0.00304393614771977 0.0226605290374451 0.061940812753417 -0.209385412704967
-0.0439545693726072 -0.00625851429689911 -0.0145744526514796 -0.0633928797938541
0.0145471516332881 -0.059658867398331 -0.132213061740973 -0.150323247118184
0.0996001065390444 0.00692019001394303 -0.0663239196581194 -0.485462655772389
0.0708368694184031 0.0876640679072161 0.327287254018985 -0.710656881393294
0.0908985375519347 -0.217591161142513 0.0358158805037459 -0.488252356935127
-0.0135976063193768 -0.225554875858004 -0.0690959243478081 -0.215544769411024
-0.193999461590141 -0.118782878778229 0.0624135483426806 -0.0670270807348428
-0.22959902938632 0.106306505669347 0.089864544041578 -0.106684217435356
-0.0712359896408675 0.194920068431354 0.0770123957245855 -0.21715224380727
0.0486026987457063 0.174053029740749 -0.0478626557986613 -0.317189154299514
0.139709525931902 0.136387793925408 -0.170155876736769 -0.319617769932731
0.154531874385165 0.122761792581825 -0.224984488692325 -0.310702863894168
0.140568587922894 0.151026478389503 -0.186439559100473 -0.328941350387916
0.0344333902548083 0.20793245240601 -0.041881692242671 -0.31134682221749
-0.0958714631836678 0.19516201071956 0.0797674221885793 -0.181981677623544
-0.271420920273745 0.0962710225549114 -0.0183138751724938 -0.0425694584479449
-0.214676606425776 -0.159163571119401 -0.157314285902758 -0.171307641763478
0.02237272652357 -0.257654650634469 -0.0939217895729277 -0.478277093125097
0.128103175377038 -0.210996188369044 0.271960630824492 -0.673888638298612
0.101320524729401 -0.411827066339757 0.00906974749002316 -0.395557022800976
-0.086584314202805 -0.381846771842009 -0.059215454160443 -0.170138207643083
-0.340847575716278 -0.165897498911709 0.0669761234558884 -0.0918901844256764
-0.366352031492075 0.178880600754126 0.0699012727726492 -0.127423836598877
-0.134857266906978 0.313489142877779 0.0460529696052634 -0.184006430004275
0.051662188077106 0.300128045376497 -0.0474451146684451 -0.242023460575061
0.208471724964877 0.252996433961779 -0.121678688928428 -0.237209306946339
0.238391397396057 0.224888525389666 -0.147668709943642 -0.234423829162778
0.219196845670274 0.276382068224562 -0.117353577896688 -0.245633171228787
0.0392668242567098 0.370756890898958 -0.00180340928183783 -0.227300116701194
-0.178960934370234 0.341485944933332 0.0867481207856646 -0.111322997042802
-0.468078422877891 0.18675602256546 -0.0312788906728994 0.00421106047756528
-0.418301597258134 -0.238276350153657 -0.185386910027419 -0.159932356396018
-0.0591315073271454 -0.487322799231875 -0.122484020596493 -0.413955015788177
0.16736057613775 -0.475189191547949 0.191313205403594 -0.534627996089103
0.0861219688378945 -0.564593022307357 -0.0370138531290592 -0.236235390383061
-0.182166689474686 -0.507332282942982 -0.0337091794154001 -0.0755149801593814
-0.485892664620622 -0.18669252086117 0.0884381413136563 -0.106887738565975
-0.478145286737882 0.264737043534862 0.0510839581642911 -0.149895516041123
-0.175604764744968 0.41518494092333 0.0042512689648511 -0.13583404793623
0.057198418138901 0.395954072079552 -0.0454343285601105 -0.13484188612682
0.253423249409318 0.335179224824634 -0.0556913170584734 -0.117367718240753
0.287680934382544 0.291623409583388 -0.0481519798465538 -0.122176858930434
0.258651537809981 0.355378367966455 -0.0266312938270809 -0.122689094006144
0.0340629801961828 0.472199237103089 0.0446420833146323 -0.0983610675298023
-0.236470450799658 0.434633404951384 0.0821348828588301 -0.00718538770904446
-0.590831237000491 0.249032408869936 -0.049684083437526 0.0682274021020412
-0.554315897184532 -0.277875719282051 -0.20242252842123 -0.118906682649612
-0.12304354534434 -0.63318627138244 -0.140143504963778 -0.298538753213099
0.17970755052114 -0.651074917844496 0.100038223489086 -0.320905689568152
0.0584099412265104 -0.644995089900098 -0.0931820736910118 -0.0193863832740238
-0.271440293065234 -0.572444691193401 0.0106818831251686 0.0659103727738289
-0.587520544492507 -0.177200500049885 0.119154605455132 -0.100888726021572
-0.530113486713631 0.329759026859446 0.0290839823342335 -0.152835421670189
-0.186773157543661 0.469305029055409 -0.03902440555622 -0.0626962978601935
0.0590861823642421 0.43964913538591 -0.0344478304239999 -0.00126022890240319
0.26343033848804 0.369770319637143 0.0216276602544769 0.0236069629840121
0.292375627333793 0.313547973070974 0.0584833978773856 0.00832486939642494
0.25606161219742 0.37554265193422 0.0691646184581556 0.0187494754671252
0.0178509306084744 0.491017436749626 0.0880714005034396 0.0501928555561343
-0.256278960045298 0.44552473966824 0.0668679316793543 0.112595909142353
-0.603065026107509 0.256799321886491 -0.0716516568776127 0.133787128293614
-0.575690952346387 -0.27124242245203 -0.202972842194567 -0.0605091832679645
-0.150895731581642 -0.655438487018394 -0.134958312543303 -0.155346416042082
0.164166743220588 -0.709064359643391 0.0167124634003741 -0.069184821893547
0.0209149741769921 -0.631019990735476 -0.150673969289644 0.22524094969462
-0.31097386642112 -0.547847634351218 0.0613891863367077 0.234001078486678
-0.590454653829837 -0.141335492465171 0.14539202920571 -0.0661150236827964
-0.492286724925495 0.334171554842861 0.00743707955882976 -0.125588300605272
-0.168643714813842 0.443018900344174 -0.0741288128391104 0.0287851807468127
0.0532705494791121 0.413428056556229 -0.0137190781631145 0.140519108883895
0.235599128564108 0.348551007911272 0.0992148721269695 0.164800768129302
0.253540963986351 0.289843595412405 0.156543739116369 0.137170085635136
0.210013662831396 0.337833709350875 0.150956051942972 0.154206740666516
-0.00600722748890039 0.425443200064968 0.116262760033564 0.187550084009034
-0.235031305836214 0.366919848951774 0.0378257900802517 0.214201922055731
-0.500544247480055 0.198914472450404 -0.0933284339772409 0.177862019170901
-0.474049895251063 -0.224349372596191 -0.185018153242532 -0.00655844013407723
-0.132750745836049 -0.554377335717102 -0.108339547475905 -0.0247824204227294
0.125723266987405 -0.64570490798164 -0.048260130176775 0.167785183693416
-0.0164646484575472 -0.509272472862405 -0.208644870368065 0.454298904047992
-0.281794674142902 -0.426267860826372 0.0967410548598457 0.395970211989237
-0.471123588169954 -0.0918256775310769 0.158992800226223 -0.00266113833221702
-0.359141039466703 0.262859060883038 -0.00522797483965984 -0.0746291933855061
-0.125101733228578 0.325376519637255 -0.0941648685380672 0.112427166309832
0.0329969200756056 0.312788008149572 0.0100947766769975 0.261573971442944
0.168324049078347 0.26891695746087 0.163051827197235 0.283552160324496
0.176489637114154 0.220752623209199 0.230268059519003 0.246160132747693
0.134768199012942 0.249593942712222 0.206124288069884 0.263355689973097
-0.0280132687593832 0.296537042745561 0.121120210807298 0.28803924755241
-0.178837412296564 0.230153399931466 -0.00210422760790458 0.274210760532633
-0.319932889398377 0.105977901386441 -0.110354146686012 0.18323862426186
-0.295085423005237 -0.14654354320612 -0.15456021918818 0.0279336963143803
-0.0897278752843549 -0.36883125777596 -0.0712963651237485 0.0657257222178881
0.0689412510348417 -0.484731131883868 -0.0857551605710549 0.352111426781763
-0.0499620749492743 -0.301539710412858 -0.260379162768572 0.625908984067773
-0.19620296849823 -0.223323180490031 0.10968363332567 0.522055587526367
-0.262287255051179 -0.0192453440415902 0.16432970288071 0.0719328634748994
-0.157780796326844 0.143830512500766 -3.96757586426754E-06 -0.0206686823632043
-0.0600952483024019 0.147860391965571 -0.0984068972191351 0.16373978710973
0.00371801851096658 0.157103308128817 0.0275622463650214 0.335940580472528
0.069530028638939 0.146369588658327 0.200876156720807 0.35863644213625
0.0709043623704672 0.118950018868699 0.270259151310347 0.317827709106911
0.0439262164582281 0.130203508409117 0.225622196583257 0.330258467685127
-0.0420732235434375 0.137718915307224 0.104287935357586 0.339904674528464
-0.100645878006016 0.0825573829911458 -0.0426516622784901 0.287809749054556
-0.118332478887548 0.019253990979732 -0.118659076023779 0.159319431138919
-0.10940801512043 -0.0532756518305864 -0.118358357996275 0.0449675091247648
-0.0523483674857441 -0.15438016020673 -0.0316498413059547 0.11232640972433
-0.000319411898953785 -0.267895349917695 -0.0912026189716452 0.460589459448507
0.0528075131790378 -0.021678021196084 -0.177990363241831 -0.482506100355797
0.014208862593825 -0.0631957180158868 -0.160612494138883 -0.173253109520139
-0.0676528102647368 -0.028561228049976 0.0452570522137089 -0.0700421293260413
-0.0530177883907049 0.0642612035629207 0.0598256814668097 -0.137035253917793
0.0284361310821396 0.0603230778358024 -0.0213331663011022 -0.263692083025753
0.0512881307168376 0.0124023048274279 -0.205017581789679 -0.305330629329717
0.0521293745057913 -0.0204058288815657 -0.33702998220344 -0.242618113302092
0.0479634119809711 -0.01626119613236 -0.393222227440188 -0.191905526797802
0.0383037099581354 -0.0134173535753707 -0.361182547875244 -0.228032099597814
0.0259482813019056 0.00530361828726644 -0.211612692949366 -0.278526086334888
0.00458555852469151 0.0225821643039661 -0.030890476309726 -0.215937834230083
-0.044565990374256 0.0126690462393598 -0.0404537057206875 -0.0507460586740334
-0.0129245675198327 -0.0656554098752925 -0.181670038081459 -0.0775493227205662
0.0968661540027458 -0.043707789341367 -0.26578754059337 -0.412060766391146
0.108318117285435 0.043845542206939 -0.0014502339236727 -0.78435037938878
-0.00466490652049847 -0.228752232278719 -0.176784192459357 -0.468779048964066
-0.100858681522983 -0.198705659235962 -0.162004238860424 -0.170378597987113
-0.225694231126403 -0.0317689317651719 0.0175495124127747 -0.083074207023191
-0.164112054134872 0.188759574104833 0.0303054894201582 -0.124419739772635
0.0133380598100962 0.207732431943411 -0.0190742250744689 -0.224757247630587
0.114863660689312 0.140277681710134 -0.176810383502221 -0.264869527507679
0.184315858171467 0.0664672186171742 -0.288373045072456 -0.217980138398096
0.195524763354128 0.0532983529267882 -0.34131444453252 -0.18387157812292
0.193716487447775 0.0814499350268908 -0.315514641629453 -0.215723946202398
0.119097388904265 0.179477736417709 -0.176498662946185 -0.262381514578273
-0.00922031423598981 0.222928034745934 -0.0122801865767936 -0.201795583023788
-0.207120578070982 0.204263284482279 -0.0487056807116851 -0.0408917259857698
-0.267518325016045 -0.0631431084263211 -0.213017584434625 -0.0945742320772974
-0.0889845999902461 -0.256141422114494 -0.273424161042442 -0.396788176859527
0.0282721308156583 -0.260098322653187 -0.0207872469457356 -0.721473827925655
-0.0702470346713526 -0.412138255473558 -0.170139423389033 -0.37801999796085
-0.229195425024882 -0.31088833436873 -0.138273454925543 -0.132324747191286
-0.375933051469829 -0.016866355836537 0.00685546718919284 -0.10138489094045
-0.254843116774334 0.30954412985425 0.000150422511033681 -0.127356680949888
0.00435371914188796 0.340385111599405 -0.0297914076507263 -0.177190136004081
0.170424940243259 0.253788279941791 -0.140905285352427 -0.194594352856198
0.293965989477582 0.143025605604659 -0.20439410721041 -0.160323677971474
0.314704507507382 0.113190993183347 -0.237289798921397 -0.145688206032011
0.318393032041546 0.164889571050088 -0.217444380122345 -0.168774882859957
0.192774333272217 0.328202559539114 -0.107033502989906 -0.200079128073423
-0.0242990584509705 0.395600821220334 0.0164836501758819 -0.143280249864398
-0.345606939789174 0.371363268535067 -0.0524757022462449 -0.00244236401692292
-0.491148648346143 -0.0511215180065153 -0.233182067794459 -0.0799309867352483
-0.262092748821916 -0.434240226977532 -0.262668940269539 -0.330320559573716
-0.0548977354471056 -0.522610238993236 -0.0219357897685442 -0.554951780767984
-0.139638597928885 -0.546290965486674 -0.151993506580113 -0.215931573217719
-0.363571659840913 -0.386826891580128 -0.0770027849171668 -0.0548236842968824
-0.515694595217403 0.0231534440807044 0.0168233954060792 -0.117142708462114
-0.316818127045371 0.430157046400628 -0.0282212941715946 -0.132397347553734
0.00945823022473883 0.447172415903728 -0.0451147414337772 -0.113078003466601
0.2154115583974 0.339620142163595 -0.0914167356033548 -0.0963524201977037
0.367992734180796 0.199562381425652 -0.0888055799406145 -0.0781705704070664
0.386511013296872 0.154033600014232 -0.0967665795840808 -0.0860451982399496
0.388294993973685 0.221045179903516 -0.0818371474240334 -0.0951834970308326
0.231135501467951 0.424591896912547 -0.0107730326558331 -0.101480447146798
-0.0384336348665277 0.506183000435529 0.0526566281635362 -0.0482329683832257
-0.431745137309046 0.480505570130962 -0.0494903635912898 0.0586343172701723
-0.634658465280979 -0.0317676668511777 -0.230787622089466 -0.0393167399104206
-0.385820359800803 -0.539125981539137 -0.221774835203649 -0.220230059970323
-0.121324076103101 -0.69251996283967 -0.00611431290573037 -0.31823188909357
-0.194543250959237 -0.612566320746572 -0.117185736034789 0.00489829677527542
-0.470298411017679 -0.412009020025009 0.0222250811288972 0.0588307369842239
-0.604425508910536 0.073989114012701 0.046207545280729 -0.119948185782989
-0.337215661957432 0.510436400389494 -0.0496246337519292 -0.123006983444979
0.0242009664975376 0.500385260962151 -0.050774391345259 -0.0270436049048801
0.236266722715465 0.376799659953642 -0.0222651101844103 0.0217304439658707
0.391569514360175 0.226224462356713 0.0442367554022025 0.0189132221268816
0.400425037452161 0.172014267689661 0.0580454689293442 -0.013465687894722
0.39299172785612 0.240688291808934 0.0664486883892339 -0.0085905641003742
0.223844125706079 0.448554893429978 0.0929175582483339 0.0156436471627571
-0.0508048761989077 0.525115864666515 0.0884813063751647 0.0657209176130879
-0.438702391266733 0.49227127215143 -0.0414556363399923 0.126232579998197
-0.650198668366472 -0.0141452086494346 -0.205539432620343 0.0121065090905289
-0.420585720753252 -0.545124181007437 -0.155783265848503 -0.0920409112970506
-0.163217517994029 -0.73697398292501 0.0268084275564403 -0.0534741472381745
-0.220053071488832 -0.585611804207794 -0.0696644117438078 0.254018378580342
-0.497792559424904 -0.376467337627829 0.141954081160187 0.192202764486683
-0.592688871681819 0.106739090429564 0.0871269063949607 -0.0979694748401689
-0.301369955772631 0.500821384921888 -0.0567093803816349 -0.0907440359899606
0.0303941276393891 0.469533478744844 -0.0447211233454585 0.0702497382779456
0.221204051999578 0.356110121893131 0.0573102118828639 0.142031521136377
0.356249329198717 0.21826591291419 0.175575833983956 0.114791680413655
0.352502548700496 0.163741847659543 0.202941225204411 0.0611734133770373
0.333579307257887 0.224345634114131 0.201121929771109 0.0787380387178775
0.174554337973919 0.396366900005479 0.180174900633033 0.126718719803556
-0.0636701883642137 0.44288943376643 0.109302954779609 0.170376487673452
-0.367875467379409 0.396115180028951 -0.0357078119860407 0.178702169362342
-0.535002235994682 -0.0115885332900144 -0.167030109388034 0.0571165452139997
-0.361099993632489 -0.45827422167166 -0.0827595003060262 0.0180708351357183
-0.168721071911433 -0.656780015501273 0.0636329323863114 0.187013078850534
-0.204374567693119 -0.462871757232501 -0.0244437435862221 0.491527065759654
-0.422429841745805 -0.28015039355839 0.247722673229958 0.325306182361833
-0.4636900801779 0.104873962378237 0.131437324049173 -0.0510703032992793
-0.212037412265905 0.381119854045744 -0.0437614046968953 -0.0467198878971638
0.0223646646195004 0.345792713743966 -0.0307677479045775 0.151862872454856
0.162749806847585 0.271213774657574 0.128156019421585 0.240071051098599
0.262283881841141 0.175061959106593 0.282476304932057 0.195356360123972
0.251489566843526 0.130786734474954 0.318346374314885 0.126931318108878
0.227069682122714 0.174853953290461 0.299238405308698 0.152711752060133
0.0999402059439102 0.287000733611077 0.229991621300168 0.213485564638381
-0.0681352073173283 0.291043675228607 0.10614248264114 0.243033430044042
-0.242587823775373 0.234241583294677 -0.0368948815931436 0.198246591245776
-0.334921173867579 -0.0130007134177113 -0.125659707099688 0.0819244331462422
-0.239867457134246 -0.302981108039292 -0.0210242405363268 0.0878089695861567
-0.152664026849819 -0.478893144842006 0.0986681463583455 0.366288280741946
-0.153292178674396 -0.261938632109427 0.00834280614825522 0.675657109661371
-0.26435450612714 -0.13149258859352 0.318224577755301 0.434990480742533
-0.24466543373399 0.0864042572090102 0.175502291801646 0.00652187118029292
-0.0810943954414392 0.192447875855911 -0.0123245727151078 -0.0111334899841396
0.00854354545833328 0.158271309311356 -0.0181145714221369 0.195214700965417
0.0712826190059057 0.139895686764131 0.173682074401161 0.29784431844068
0.121752058221538 0.104214637228071 0.345318229635161 0.244962862885359
0.110980872452178 0.0786370973388743 0.385376068386457 0.173936562254783
0.0933947313459343 0.101531922764074 0.348501988594496 0.203932576103186
0.0202304983215385 0.145102731450674 0.239849836056342 0.265305440068847
-0.0572829087617019 0.119062983672285 0.0812505813593687 0.275180768354756
-0.0970290909741126 0.0689340568533309 -0.0422736421355455 0.188264607527545
-0.122829577354668 -0.00210983832999691 -0.0865489642725715 0.0884453310824169
-0.114274953687396 -0.117515798710342 0.0237469838259386 0.115773379882239
-0.121595374263047 -0.246152455761766 0.126878673448685 0.462020027714609
0.0555795696697439 -0.0239784494010472 -0.193967137219566 -0.487345060196478
0.0140088918572414 -0.068849772728856 -0.16945246406474 -0.175128598086157
-0.0727120139575835 -0.0288180504527814 0.0424689736639969 -0.0766296764580738
-0.0543300637090642 0.068878883978554 0.0553355105615884 -0.142012332940778
0.0313526477500174 0.0614344003011755 -0.030605843237399 -0.268477388937974
0.0531493108085881 0.0115020797231436 -0.219629007011269 -0.307572175094376
0.0542408123301747 -0.0221013758382948 -0.353228960258587 -0.239044471853599
0.0509020419334311 -0.0173227848003361 -0.40808434692009 -0.186118532476141
0.0405301931054985 -0.0133811799633955 -0.375411566748082 -0.224528274857784
0.0270370415400101 0.00592981533974327 -0.222134811205852 -0.280955599670076
0.00388691537832916 0.0243837202059043 -0.0332865640136213 -0.220688352288534
-0.0469084440296255 0.0149964482694896 -0.0409955050353723 -0.0469200971458883
-0.0155212225514833 -0.0688899971149722 -0.188338014662668 -0.0726156630398076
0.0994563462659819 -0.0488387074134605 -0.282403126289506 -0.416680396003217
0.113595382696891 0.0428102639979405 -0.0210333027619293 -0.798190141101159
-0.00609439870526852 -0.23318219116206 -0.192657320000228 -0.472477039688509
-0.105952113072169 -0.204456947382698 -0.170441217110353 -0.171702510017217
-0.231496640770026 -0.0278084233841239 0.0142479651900848 -0.0889757957699972
-0.163245404092805 0.197158183533425 0.0254266134339434 -0.12794202062878
0.0199941177306277 0.212515883954517 -0.0270105872445684 -0.229655338750374
0.121008381299736 0.141247746730009 -0.190038892781645 -0.266936357640107
0.191822584922373 0.0634111806813532 -0.303137410322646 -0.216188555634306
0.203142027881679 0.049187141083923 -0.355020097988038 -0.179773887638237
0.202755841353158 0.0789843954009527 -0.328542703626919 -0.213972299777844
0.127853120977859 0.182001356318726 -0.185641491039223 -0.266038289088167
-0.00525798471446493 0.230266585083766 -0.0144817929748857 -0.206107570076165
-0.20752359431897 0.215301768664932 -0.0482805008222401 -0.0362933905726601
-0.275203464100172 -0.0603462733642812 -0.221713741796906 -0.0883628717375156
-0.0958139644656508 -0.261985985235311 -0.290978541616684 -0.402571484516392
0.0265883601465201 -0.264782035940567 -0.037691642755817 -0.73472110999647
-0.0770604728895295 -0.416895327309989 -0.184068084972339 -0.380534642338531
-0.23832808721256 -0.316556067108836 -0.144105432175294 -0.133959301656664
-0.382125877280506 -0.00841311871883344 0.00298755079987059 -0.106717954313459
-0.250356511264604 0.322562424573956 -0.00651515425757071 -0.1299199792633
0.0151271483060655 0.347307425004717 -0.0373782916877361 -0.182147406229316
0.17965526085646 0.255957607703217 -0.150579774902469 -0.194347621740153
0.305543319046458 0.138611118115753 -0.215521890196719 -0.159484213735835
0.324658411101372 0.10771620868588 -0.247008593711545 -0.142609686255427
0.332592199871809 0.159761250818001 -0.227221197651314 -0.167896348574363
0.20794508054709 0.333532086896832 -0.112463299027296 -0.203195618857659
-0.0160859813597275 0.406296256364739 0.0151303687173353 -0.147129911421342
-0.345310476659097 0.390412904238462 -0.050294639021511 0.00295047496473527
-0.502190471264151 -0.0429877448452261 -0.243679483673984 -0.0711878587588244
-0.277284544458416 -0.441813300563357 -0.278214178417291 -0.333306047870921
-0.0624847607604398 -0.531017444968147 -0.0343994168048241 -0.566796036679606
-0.151316612441543 -0.553956189279913 -0.162684136761605 -0.216441621726922
-0.377176182792762 -0.390054685617125 -0.0795026807423063 -0.0557719842682944
-0.522456855982719 0.036662570472383 0.0131043019171119 -0.123276916132349
-0.31029493613896 0.447004108098445 -0.0364321829871239 -0.135682942267071
0.0217904220771697 0.458099973422083 -0.0524123566882386 -0.116599677581438
0.22731379585617 0.341197106680978 -0.0967207378406681 -0.0946478572519454
0.382502277810372 0.193664375226946 -0.0952101549085025 -0.0779639655501442
0.397253150130086 0.146779084065686 -0.101361343980561 -0.0849941920212385
0.404997898225782 0.21472420055244 -0.0871309071758221 -0.0956611990985511
0.249281835693414 0.431302870884134 -0.0114780489539328 -0.104724003608038
-0.0272792533474781 0.521262604304589 0.053701806203053 -0.0503692042604216
-0.428691355583038 0.505110797528883 -0.044820482705817 0.0644914265078254
-0.647298245632301 -0.0204393170246587 -0.240768199451665 -0.0282252268331654
-0.404937152559791 -0.544033302317587 -0.234226977913829 -0.220785884514372
-0.135814323157074 -0.700483643657447 -0.010717275375039 -0.325892063860079
-0.208481991144598 -0.619144383887563 -0.1212561812411 0.0069447264883242
-0.487739822223907 -0.411349561224075 0.0260662719564712 0.0573398247118841
-0.611677727086055 0.0894979191053959 0.0441929784858859 -0.125878112164732
-0.328659333683404 0.530240560835799 -0.0585407919288039 -0.125367667394265
0.0371799377122568 0.512448414637642 -0.0577663801464623 -0.0295374148130167
0.251020282600757 0.381094520407887 -0.0234652617900078 0.0244454701136155
0.405474495635182 0.220449925531298 0.0439546809814952 0.0174031559653655
0.410913276050871 0.164914868050966 0.0592363591727717 -0.0150079242949647
0.409605122051619 0.234615036929794 0.0673164944368373 -0.0107340108310386
0.242884591299716 0.455283685928085 0.097878742755368 0.0118166295937099
-0.0398371653047981 0.538052093539543 0.092581315781549 0.0655618569733715
-0.433875943174941 0.515718821285876 -0.0348075277040658 0.132800333395965
-0.663661815405876 -0.00218836418167173 -0.213771956834257 0.024676818478022
-0.442362592537936 -0.550614888923194 -0.163822491575312 -0.0885336304107424
-0.17674271281211 -0.74556027646199 0.0290626600566843 -0.057331682621286
-0.236622575595428 -0.593505571298712 -0.0667986312367905 0.259851735007432
-0.516990081538481 -0.374282254016918 0.152622406630827 0.191956213816258
-0.599988259033083 0.124648060331216 0.0875467576888031 -0.105020907468676
-0.291871924168373 0.519049087596135 -0.0649501270183845 -0.0934109772229832
0.0437316900451709 0.480138806858893 -0.048925806952469 0.06989456255647
0.235809413230199 0.360188317143402 0.0607972642989969 0.145661642475648
0.370192079220125 0.213580198211141 0.181604694043264 0.11293294389629
0.36251224565043 0.157510763147105 0.20986065081238 0.0569871233720944
0.347676426068454 0.219159953476918 0.206889357193644 0.0749009894832799
0.190359817665431 0.403527419893056 0.188815386303326 0.124180398176001
-0.0539964269861634 0.45459029373685 0.116317500556678 0.172221272010107
-0.363393298842098 0.415364461636854 -0.0276796488541523 0.185144620847777
-0.544583825245099 0.000320826888397682 -0.172631768980817 0.0686504336848868
-0.376972391093977 -0.461721439571179 -0.086529725186991 0.0231464741508773
-0.184968147653833 -0.664331487151299 0.0730512007293615 0.187609341325369
-0.220419516913525 -0.468868818139613 -0.0143016266118656 0.501536149634042
-0.437339472830949 -0.277158751744817 0.264742503824447 0.326005444197467
-0.468023189507027 0.120091610568693 0.134189650272478 -0.0573055426628393
-0.203930915153878 0.394387622382005 -0.0505302912529198 -0.0489921774549456
0.0326486381953069 0.353724949220779 -0.0324878195278475 0.153647890870718
0.173006947440736 0.274461083698579 0.136747409102502 0.244959418096366
0.272277060954674 0.172008308125149 0.293198422268829 0.19243271332295
0.257302772572043 0.126449787184704 0.330086351060191 0.122170436159614
0.235787410063237 0.170652755788774 0.309990954714198 0.148732551930662
0.11077555281308 0.291471253588913 0.242288484865036 0.212018244580804
-0.0622158254685095 0.298172513397863 0.114489830098385 0.245695130645901
-0.239049467275073 0.24418077021447 -0.0285379234363331 0.204474223571743
-0.339506933877297 -0.00448794721968902 -0.12854745352701 0.0915509694135682
-0.250134873652609 -0.30373134594734 -0.0217689818207059 0.0939205945427726
-0.165708173524529 -0.483368902632931 0.112788563713561 0.369097670703103
-0.163449199316814 -0.264547500292415 0.0212190012666081 0.687390177908086
-0.273803106988295 -0.126690271791852 0.340626963986674 0.43775000142973
-0.245836984138903 0.0961582314089564 0.180849594459088 0.00197897555935549
-0.0759349475378121 0.198508810935976 -0.0167741626929844 -0.0141310401527428
0.0126043387843434 0.162179190394627 -0.0184397817722573 0.198565575794876
0.0768172637646591 0.142424837379128 0.18317216622996 0.303049809263346
0.12612865266324 0.10326898243893 0.360202000034058 0.242534874228587
0.113069143234838 0.0770272075379061 0.40054080579422 0.168145781277517
0.0953802935077092 0.0994467357284628 0.361739346936761 0.199426615812824
0.0245966684117771 0.147319279259291 0.254218533400153 0.26511584048923
-0.0546601762518952 0.1214460540176 0.0907681203970738 0.278961808880556
-0.0943941484347379 0.0713833121684027 -0.0349692055514627 0.193226267236932
-0.12266913815338 0.00279676493241871 -0.0867009659142487 0.0950605649550198
-0.118903476467199 -0.116305478296741 0.0248899471463991 0.12133472679808
-0.130370306645283 -0.247317496041198 0.143890257349389 0.466062415472406
0.056874053332997 -0.0275395967989633 -0.220385620636169 -0.478697135170714
0.0111376146104277 -0.0740453687480465 -0.181804756329311 -0.169112171180123
-0.0776025272105556 -0.0257054450124898 0.0362893886049378 -0.0831498815289222
-0.0530834163599979 0.073938593122242 0.0454198259924454 -0.14783810592666
0.035738052195675 0.0610546009797036 -0.0484680963598822 -0.270246079941401
0.0548217682939115 0.00913311751879516 -0.240316410375752 -0.298479642387882
0.0558398228622406 -0.0253533751142909 -0.37155632799987 -0.225277918829606
0.0527295145900423 -0.0209171574665286 -0.422944901705182 -0.166679773353998
0.0427111630730762 -0.0144440600487165 -0.391584485958591 -0.209170270433536
0.0280194112478987 0.00602960614697593 -0.238097469527663 -0.27400537736744
0.00455843584094206 0.026768998216587 -0.0407887796390401 -0.222304137417986
-0.0482096329898729 0.0183866993098361 -0.0411021790341032 -0.040955232758676
-0.0199090055262634 -0.0709851387470747 -0.193920719821707 -0.0618150985142692
0.098937127716566 -0.0554342653678184 -0.308820645886793 -0.408272707862228
0.119148720770477 0.0379552105072546 -0.0614215598041916 -0.801997833151111
-0.0150913250595494 -0.234583731252235 -0.217933006202068 -0.464929262467792
-0.115379506136715 -0.204946638512055 -0.181597577420861 -0.166315265019797
-0.234920468767309 -0.0170370540043008 0.00779923415273383 -0.0943142978621924
-0.154522594875378 0.208811376638203 0.0155482986787353 -0.13125427590338
0.0320317186734507 0.213263310135778 -0.0423038975290492 -0.231615923913261
0.129827428432983 0.137998119999734 -0.207905257710148 -0.259321687359299
0.198676998222423 0.0532892352253758 -0.320601245234739 -0.202441872437906
0.208736151964128 0.0384922313336255 -0.36961441420409 -0.161715158243125
0.211431430029742 0.0695039321457525 -0.344008303300678 -0.199006816487496
0.140643855598296 0.179327684479098 -0.200079694554712 -0.261037650372934
0.00571953925751993 0.235191103586448 -0.0228577398705842 -0.207785794546218
-0.199382574407439 0.229648976495974 -0.0477046076217541 -0.03049668397042
-0.281889508011235 -0.0499665688127375 -0.23009135046953 -0.0731212540677046
-0.108922390987064 -0.262025657162612 -0.315879088282472 -0.393479495656183
0.0167687774422257 -0.267308976828437 -0.0741537825134087 -0.738131659882097
-0.0948651804478231 -0.41604571643105 -0.205413062732978 -0.37317047935458
-0.254027649137895 -0.311047974126282 -0.152297645634868 -0.129649584301175
-0.384715213618316 0.0109196927829441 -0.00411496216495382 -0.112016763071112
-0.234745931319474 0.33798817814013 -0.017204765115686 -0.131090111555772
0.0339693248157647 0.35002246102956 -0.0512002465944924 -0.184617967018791
0.195283676520966 0.251385985688058 -0.163596073025392 -0.188407594080621
0.316940007160532 0.123849195252092 -0.228962993552962 -0.15002071571078
0.334112367944068 0.0912485863697206 -0.257603544211515 -0.131130346251846
0.346017142678052 0.143064680348095 -0.239105263012119 -0.157822620027663
0.229553418776515 0.328203922507651 -0.122411493996123 -0.202037237783953
0.00359729853486912 0.413561543305694 0.0092255538029997 -0.149804700954125
-0.327478020915849 0.413600423449531 -0.0466599529096602 0.00907237460744348
-0.509648743842567 -0.0212130389808601 -0.252178685979121 -0.0532043740511983
-0.301347920216862 -0.433206532675023 -0.301049776861709 -0.324304988235211
-0.0850266283024606 -0.530927348830811 -0.0612222387909403 -0.568566296268585
-0.176384973697485 -0.550193695696337 -0.175811983699275 -0.209913894126208
-0.39896328978408 -0.378013895442292 -0.0820148942877943 -0.0546754564389931
-0.520687532899621 0.0633699003065342 0.00632062914867103 -0.129472791042918
-0.286876314601111 0.466588526879811 -0.0484456295082111 -0.13557949528173
0.0475109408454984 0.460539795216928 -0.0635894692752645 -0.118616644962335
0.248132971259781 0.335857987335385 -0.103489295262622 -0.0897849187718158
0.396992451798582 0.175990591039993 -0.102070756857963 -0.0741812170021099
0.408951805853572 0.127636713857656 -0.106434963464346 -0.0804382062540887
0.422072944294462 0.194102103911066 -0.0937101314598356 -0.092416118502506
0.277993463604156 0.425327505945112 -0.0147526294726577 -0.107509316294618
-0.00053627874640102 0.529820536035825 0.0528573388271764 -0.0539121821159237
-0.404523319175229 0.532734501306267 -0.0377858453623028 0.0697508852937143
-0.654865722966544 0.00837694698959148 -0.248343492686175 -0.00906875248474925
-0.435285949398292 -0.533899609448265 -0.250577282417121 -0.209915341128432
-0.166422352242893 -0.697541075019399 -0.0250970269757052 -0.32944159121201
-0.238851035320808 -0.613285488435386 -0.123599630856702 0.0119005593211122
-0.510865376236892 -0.39439435866522 0.0313666453543124 0.0539001972054389
-0.605767259583448 0.122590600413336 0.0379834954717586 -0.13379823005317
-0.301333027104883 0.549792637123471 -0.0703227279820701 -0.125448050594178
0.0656231106283866 0.515021921284818 -0.0650793823844838 -0.030410456284129
0.273697784304678 0.374131864967244 -0.0237348933207299 0.0278004432393814
0.421308117821627 0.201250703678186 0.0445534227285618 0.0155755755362679
0.420539827352989 0.145203884813929 0.0594547112607809 -0.0184294058935573
0.425686309241808 0.213639841393097 0.0667823959332735 -0.013552766346658
0.272274902115538 0.449316861841303 0.102100598482357 0.00520805198707247
-0.0112621473335763 0.546798453460372 0.0973856449346667 0.0621133419266462
-0.409349140020024 0.543128153437248 -0.02298675171855 0.138419379347657
-0.667305225321577 0.028615138185223 -0.217997857495522 0.043435892264524
-0.471868905674396 -0.534431742608123 -0.172363569190064 -0.0803217521395068
-0.211478621188157 -0.740919472303283 0.0292195441515957 -0.0614412632121807
-0.266770641302388 -0.585936233260142 -0.055910963849116 0.26332469784207
-0.539146496245723 -0.354990668170645 0.167019231416924 0.183608755375968
-0.593667457922424 0.156610068064466 0.0832999836568656 -0.1136665719461
-0.265084845928177 0.537408677049405 -0.0757919301066781 -0.0929691861633724
0.0700164630898173 0.48253124622881 -0.0519864275670307 0.0697955886309103
0.257522220391491 0.353361744712048 0.0681265293985144 0.146360503808474
0.385694753747284 0.195934678639776 0.188842187166722 0.104436411933189
0.370805578187753 0.140677371204076 0.215873730190157 0.0471379595329392
0.360931359879958 0.201445388328661 0.212810999472814 0.0653589011925995
0.216160307700602 0.398645469199869 0.199756034512495 0.114180980185286
-0.0318907336983177 0.461405569448995 0.127646820632299 0.168647079156689
-0.342424404857011 0.437166167652692 -0.013158454846148 0.189843583867462
-0.546416393030056 0.0252104998305379 -0.172763016808383 0.0851914777866988
-0.401921945758636 -0.446659556021335 -0.0885127060673394 0.029971298695638
-0.216684493911821 -0.657138047554758 0.0868113261235566 0.181629162186712
-0.244046738586956 -0.463484477402673 0.00923009866408893 0.50362960997638
-0.455734222788685 -0.257972232001768 0.287811903694867 0.314644945177957
-0.461827146937446 0.147095966544455 0.133858449688981 -0.0672877606124242
-0.182317061778972 0.409181978797594 -0.0583292369328044 -0.048971627478523
0.0516963849104298 0.356194488597979 -0.0304418658112802 0.154669793460573
0.190007303337774 0.269704723459148 0.150609319637725 0.242749208449964
0.282407479319754 0.159350208622169 0.30775195354227 0.179298014566969
0.263435969748329 0.114736713673499 0.341359058041152 0.106211665620545
0.244776929578325 0.158112982729779 0.321760161767113 0.135154803233002
0.127963646278242 0.289038752796391 0.257846610615461 0.199914927329608
-0.0464255643189593 0.303102834589853 0.13003734293278 0.242705379178649
-0.225082672485323 0.257924553106299 -0.0146596857011495 0.208149119836576
-0.338853231123083 0.0126955561138004 -0.126652921852619 0.103904866985527
-0.266198992797078 -0.29386761386404 -0.0193075859925454 0.0995736037891374
-0.188821698614411 -0.476509838675183 0.136034673496854 0.36291946056803
-0.179880452707694 -0.258618324449223 0.0536497546471019 0.690497727569534
-0.283778886121411 -0.113291549620437 0.369568628031549 0.424004243792373
-0.240291232305532 0.111836022877839 0.184802299689045 -0.00881487939578778
-0.0647153084241434 0.204146655822801 -0.0215004352882078 -0.0160967292539082
0.0212852892916445 0.163985622379105 -0.0129461223663075 0.200931062342923
0.0857344249248173 0.140958347306581 0.200487974838607 0.298939389490416
0.131765877205481 0.097732142136962 0.378029390909994 0.225747491223312
0.114936005674798 0.0726016670248305 0.415256424521506 0.149504132881271
0.0983034119936339 0.0938772668119 0.377931792847218 0.182684151223511
0.0328894664321348 0.147051791482567 0.271555268094312 0.253156235314721
-0.0478504750663145 0.124201241942539 0.107524134141922 0.277046734712487
-0.0884133044987247 0.0749052051337698 -0.0220368742628433 0.195617477706794
-0.120391164954471 0.0108662835284844 -0.0829323222754857 0.103120922496802
-0.125061222141776 -0.110854822101796 0.0297714536376799 0.125477198865592
-0.145174664965964 -0.24094656982862 0.172946836505687 0.459152515942061
0.0561627183241717 -0.0307411663819732 -0.241609970657994 -0.454038366892298
0.00731692079074579 -0.0769703119289787 -0.187794081278049 -0.15602390404891
-0.0799425522262299 -0.0210305510193444 0.0278921744595134 -0.086981278694566
-0.0502773297747693 0.0776943179867608 0.0327205389204893 -0.148356100916691
0.039454864056311 0.0584097964230185 -0.0664018451888882 -0.260823548882028
0.0547158936865624 0.00588977864183345 -0.256542100996207 -0.278543024489108
0.05502581536822 -0.0286134777926307 -0.380231450258517 -0.198982550686104
0.0523053003749641 -0.0248897403815178 -0.42601033394596 -0.139276327310942
0.0432091757501327 -0.015903704527368 -0.396390654795266 -0.183471830508946
0.0282900662892564 0.00587299459089976 -0.247903759962745 -0.258288305732545
0.00523017116333761 0.0279648874002419 -0.0495501787487826 -0.21758005639074
-0.0478306123850474 0.0222369204294985 -0.039780429283091 -0.0342595938500734
-0.0248239709317147 -0.0707114307095056 -0.193195095368785 -0.0482089409459721
0.0957636794356361 -0.0612332400948278 -0.327002894091822 -0.385208406982477
0.121128119546578 0.0304644497811539 -0.103022647448634 -0.779909869979157
-0.0248158427364146 -0.229195905764025 -0.238287931670208 -0.440867958804194
-0.123539801947114 -0.198994904276342 -0.187315141761894 -0.154330704375587
-0.231262667530468 -0.00418739592543632 -0.00037510187095225 -0.097057228366558
-0.140081802528668 0.214395154982608 0.00365145130578092 -0.130316957876721
0.0443289203531668 0.20805812108318 -0.0588771852877068 -0.224982153285748
0.135574730359607 0.128875794543912 -0.220817685227001 -0.241957238436729
0.199511389689448 0.0408394863526113 -0.328824034838287 -0.180825681174008
0.208844819665298 0.0253209453020682 -0.372099595764456 -0.138051722082419
0.213947566514084 0.0562056186497541 -0.349481568831997 -0.176586242391586
0.14996262355145 0.169940944949597 -0.210736463634705 -0.247784553714018
0.0178822485081113 0.2327183940254 -0.0315376613860156 -0.203960182398661
-0.183732447053685 0.238134231639101 -0.0452657852837313 -0.0231421250550246
-0.280342290918889 -0.0356630914372827 -0.230661904969041 -0.055482228379444
-0.119557123333139 -0.25380139802226 -0.33500272275964 -0.369706152193206
0.00595797648175219 -0.262006091944367 -0.112704599290544 -0.717391121688782
-0.111572882658663 -0.402095677664936 -0.222256327034439 -0.35368683901534
-0.263428357113209 -0.295076643448051 -0.156024830324485 -0.121319616004966
-0.373160222011968 0.0300505987712102 -0.0121312447477312 -0.114270051817467
-0.210931891605137 0.344144232963352 -0.0285723868139097 -0.127796234824246
0.0535758531382197 0.341611372514967 -0.0665722954610524 -0.179059639126335
0.206375663290835 0.23747152878107 -0.173356627572554 -0.174812724619427
0.319461170226251 0.103279076357057 -0.235087800181283 -0.133713368250804
0.333331224820456 0.0699958628860618 -0.261072319465735 -0.113842289371599
0.349298597351367 0.120020475214978 -0.243644544456361 -0.140615852534552
0.246555254088903 0.311288804877815 -0.130369012797468 -0.194300204479293
0.0257751026327171 0.408949255499089 0.00286573495223911 -0.147507121004921
-0.298626310881806 0.426612594639969 -0.0415253633145867 0.0145969114670221
-0.502664154877795 0.00372388646065433 -0.251550747933082 -0.0326312174428903
-0.31656411707852 -0.411836923590236 -0.316161753210387 -0.302207928525321
-0.106344773088328 -0.513695280608749 -0.0896662653696086 -0.554024754529732
-0.198043779347936 -0.527743196535071 -0.184600561264712 -0.196294533585374
-0.409644065254339 -0.352117558432866 -0.082820544472599 -0.0531437948563614
-0.502171673815164 0.0886023009548611 -0.00221093386625382 -0.132200598686458
-0.253846152737828 0.472756051722242 -0.0598916112987635 -0.130930574043397
0.07224300898804 0.448978852174882 -0.0759594443755105 -0.114985679926806
0.262900170896444 0.318178239096709 -0.108340784639463 -0.0806463670173556
0.400226405122795 0.148463383489308 -0.105669278792956 -0.0664341521810908
0.406801366470034 0.101585528359601 -0.10920256943901 -0.0728093632967427
0.425830312796542 0.164264031039458 -0.0968855602243722 -0.0844707439939764
0.299429774270195 0.404078553896844 -0.0187304952359136 -0.107712557797747
0.0286966937155345 0.521753156571189 0.0497578517480413 -0.0555366026493795
-0.365692182386807 0.54578404783309 -0.0280629963498182 0.0729607317206537
-0.641205906675813 0.0414249141800507 -0.245623119278073 0.0124690443503423
-0.454676663791283 -0.502332478281472 -0.260234932653944 -0.191945686307849
-0.193219886397755 -0.67318572521934 -0.039356493069568 -0.323401271670255
-0.26458807921903 -0.586458108242859 -0.122265504751093 0.0164628256501617
-0.52130057479837 -0.362121736970735 0.0351834030170742 0.046850808665077
-0.583111243056737 0.151234867574298 0.0291419614711853 -0.138363043458161
-0.260766340743098 0.5548244559762 -0.0812713724058703 -0.119818351561407
0.0935778474529353 0.501443510520159 -0.0733978926900524 -0.028880121987071
0.292478144850839 0.355106847049405 -0.0227498378391163 0.0298665726535623
0.425650023804308 0.174501238515651 0.0436650045039559 0.0128463856171364
0.419992338688634 0.119739819800942 0.0583691594709393 -0.0215258779923003
0.42818828520962 0.183983459603393 0.065619401358468 -0.0165116883767996
0.295695485705468 0.427044531462199 0.102009515200862 -0.00314423078035824
0.018547324836494 0.539353951152162 0.100637234592342 0.0553208580416453
-0.369840204692282 0.555960729056613 -0.0105207692546828 0.13783409585647
-0.652652652124047 0.0618209315964455 -0.212865034858621 0.0627223568616578
-0.489891719475629 -0.502081852443882 -0.176132527046522 -0.0677371131626365
-0.241072667459663 -0.711132312038437 0.0278143135016989 -0.0656762295186192
-0.290579356894575 -0.557989170875474 -0.0431961127158942 0.257936438535543
-0.547532158531797 -0.319673476908106 0.175768608820193 0.165958659165659
-0.568616003558708 0.186264485538442 0.0755940916130816 -0.121126899136906
-0.225997752734717 0.541007661825171 -0.0848184884430618 -0.0880747238978153
0.0972827714005442 0.469679476268414 -0.055052688888355 0.0691118680929673
0.273720285653124 0.334159821434509 0.0744577817448061 0.141890678001962
0.38759489459467 0.170137373002842 0.191898162985593 0.0916299694706557
0.368500376393462 0.117917217609747 0.216028062716491 0.0336203516237832
0.364865974100753 0.174583191478974 0.213177952421383 0.0530776254004319
0.236629448001415 0.379543099635991 0.204545094649673 0.0986216342615573
-0.00420217519059525 0.455361633914046 0.135728311720692 0.158572545616767
-0.308959738136121 0.446808776723691 0.00178473539492488 0.186650649944776
-0.532012160315909 0.0531618726817705 -0.166778658961341 0.100825868166304
-0.416346595822908 -0.418689303770813 -0.0874650297279723 0.0380320549907023
-0.242445608624822 -0.628827177201845 0.0972206135736152 0.168519423138451
-0.265156089078346 -0.439712896233978 0.032461504073752 0.489168459205114
-0.461594945785735 -0.227883359988957 0.303436468505233 0.288673998482731
-0.440005391311593 0.169913435123478 0.129024854377769 -0.0773081401217733
-0.15266757964946 0.411448706158761 -0.0643443211443584 -0.0462505065256826
0.0711927453976789 0.347584623495957 -0.0280714012257405 0.151849296082745
0.203143246155703 0.255180891891128 0.160703695883871 0.23214228757722
0.286153645841665 0.140932007564413 0.312958715867275 0.158368315686977
0.261802334693548 0.0991509179585061 0.342870910295748 0.0841572621201457
0.246105290658914 0.14005348964812 0.324164961878321 0.11369116549441
0.143787643149628 0.275563793874021 0.266625129830969 0.180339011730583
-0.0281717495825665 0.299499677885452 0.142212603005828 0.231392690875327
-0.203023599427398 0.263415096809361 0.00123318013398975 0.203581965566089
-0.327778133077757 0.03082645328217 -0.119112698679765 0.114841895483894
-0.274673045452054 -0.273146295927355 -0.015173765475409 0.101693216720913
-0.210243791248157 -0.453300305266844 0.155541723735303 0.3428030152311
-0.191594051581576 -0.243693619851171 0.0878205995916614 0.670089184931364
-0.285421941682925 -0.0953938923264833 0.390877800520828 0.391935130843776
-0.227221687356583 0.123857038493334 0.182657850229782 -0.0213911460118031
-0.0499210154726346 0.203838179825837 -0.0255682046600076 -0.0161101575070045
0.030082665744963 0.160402118764665 -0.00673842891103296 0.196888823248887
0.0927524036458368 0.133764114976403 0.213471720675476 0.284322047848305
0.133887360285013 0.0890515276514582 0.385540437710829 0.200676550883461
0.113974568118789 0.0658110824999019 0.418296277280979 0.122547451480443
0.0985021370818654 0.0862618058787627 0.382233306620474 0.157530850999561
0.0401423553601857 0.140695421001883 0.283070707889788 0.232153311023867
-0.0394900513303041 0.122835745133421 0.12325448342465 0.264765077927311
-0.0793918733477633 0.075940286501968 -0.00787519583365462 0.192274374505749
-0.113138694181188 0.0191411087018234 -0.0760198788991738 0.109644666032564
-0.126727076318185 -0.0999933752122687 0.0347002700673907 0.124999606035157
-0.155943520500576 -0.225397893058703 0.196920162200827 0.436167945386973
0.0543663885067287 -0.0319924410377031 -0.245995947055631 -0.425146300819793
0.00420735588453453 -0.0782764423169542 -0.186065557446093 -0.143282160124452
-0.0796801772793912 -0.0174072827038869 0.0206580062934316 -0.0878243610630094
-0.0466163664153829 0.0793171947468077 0.0214687796868128 -0.144194253455278
0.0403258745641944 0.0551793296674259 -0.0761144464291813 -0.246317592512299
0.0530386811282318 0.00394547513057997 -0.259800818557733 -0.256412420476095
0.052748563482531 -0.0302449975896648 -0.37550225392103 -0.176488214068241
0.0512761655097755 -0.0268481997481788 -0.416010747272007 -0.11819072355063
0.0446917949070629 -0.0165810095944522 -0.387929368063016 -0.163096744081198
0.0282179304116764 0.00660770948727717 -0.246832955470721 -0.241664179423156
0.0056215454714678 0.0290901656303692 -0.0521783385443604 -0.208336332779124
-0.0467796156557268 0.0240178293880093 -0.0359432318560188 -0.0276156252431588
-0.0283250938074995 -0.068616443456704 -0.187001155527655 -0.0376249909327807
0.0908745293256423 -0.0638933346704834 -0.330529943246486 -0.360002515057743
0.119910825969245 0.0242659672891049 -0.123574054905279 -0.743108432589326
-0.0286739899301619 -0.218842434581658 -0.243320473952603 -0.412925803989817
-0.12487500944525 -0.191142637291461 -0.186042021355839 -0.142230544441133
-0.221838365484971 0.0035970444754602 -0.00687940021618995 -0.0972908034800875
-0.127472837319779 0.212534483542705 -0.00592805208843259 -0.12515816466452
0.0502218868189732 0.198518233247587 -0.069753543703 -0.212651992280688
0.135895377052582 0.120252026868941 -0.223776586117624 -0.22295508041697
0.194080285250625 0.0318090369760326 -0.32549828321987 -0.160967334018396
0.202770382591452 0.0158863547236536 -0.363010420594292 -0.118451326447331
0.209689319554406 0.0457290866509787 -0.341952267486501 -0.15614010907102
0.151865338115992 0.159906453956384 -0.210851738413342 -0.233421837458081
0.0250894620528605 0.225894238385839 -0.034948815869414 -0.195489435987075
-0.168701934857728 0.236998475712762 -0.0405198473422377 -0.017447593242038
-0.27269117753307 -0.0273954374572842 -0.223626793755941 -0.0414672653283521
-0.121537227356258 -0.241581649748401 -0.338210976381449 -0.345613809989889
0.0017695204147611 -0.251681073203747 -0.12893112185618 -0.682967755230543
-0.116226387406169 -0.380466693860602 -0.226092124298217 -0.330220640879523
-0.261346632674095 -0.278886384261316 -0.154220112381657 -0.113351226856128
-0.35404916483675 0.0405846436299781 -0.0185833196116872 -0.11441488062413
-0.189324191528302 0.337755240005701 -0.0370315843184927 -0.121505957232897
0.0634296865551925 0.326174015865498 -0.0762620521563861 -0.169177371363055
0.207853587304121 0.222591086920171 -0.175007718810277 -0.159811220240971
0.311471494677375 0.0866325872757214 -0.232170309209561 -0.11952756572736
0.323384930862685 0.0548976129266019 -0.255426252682974 -0.0995708601641239
0.34087249187179 0.101371716121754 -0.239609563880423 -0.125582578687068
0.251096297893427 0.291682571428025 -0.131496136225142 -0.185198873771159
0.0387620201828435 0.394037801131497 -0.000293791422333692 -0.142597596110971
-0.271232859907441 0.421307751609068 -0.0355781892114046 0.0177677718366458
-0.484255332450891 0.0180413394593561 -0.243733764826141 -0.017016739990983
-0.316227500002463 -0.387802504828912 -0.316680861053633 -0.280754509815064
-0.113577985860943 -0.488144769292695 -0.101327968549135 -0.529922086935882
-0.204632327447436 -0.497407831132723 -0.18551186496054 -0.183469134034196
-0.404425342394773 -0.328481327698173 -0.0810920513120974 -0.0521792761749865
-0.475360981958298 0.102191148220023 -0.00941345356900211 -0.132785270529368
-0.224939583300704 0.460834214691828 -0.067629484251309 -0.123637985957583
0.0859456492107638 0.429100813583788 -0.0852037901296236 -0.108303407719974
0.265539319672809 0.299049548070469 -0.109112627978647 -0.072587173881674
0.389532921402144 0.127814336431236 -0.10489969226753 -0.0593245072791804
0.394616511519618 0.08341068835735 -0.107035499829136 -0.0659645805407979
0.414564387028685 0.141377837205547 -0.09488207733293 -0.0771145232504304
0.305739027729447 0.376718538874286 -0.0211353950916145 -0.105657407569523
0.0454452724387219 0.502502461865913 0.0479261388042707 -0.055003409507184
-0.33194501134863 0.538568253568088 -0.020124248752298 0.0725120015734185
-0.61600104989161 0.059347808425758 -0.236033219420873 0.027427817861394
-0.450725520681424 -0.469644968893299 -0.258943014742401 -0.175594124011389
-0.201422257975262 -0.637381732691038 -0.0477119491864653 -0.311078924007725
-0.269326107468348 -0.552187251421028 -0.11925627760008 0.0173435169623859
-0.511409970064904 -0.332919833101769 0.0356830039415585 0.0386720161290226
-0.548873913520316 0.16347603583872 0.0211849090589512 -0.140415298390349
-0.228882945319121 0.541267941842337 -0.0882784228870407 -0.113240387898609
0.108022417832481 0.48033126360756 -0.0810284442065117 -0.0260756516150683
0.294045699093153 0.334031996166671 -0.0221479765340325 0.0312438017074966
0.414345700629192 0.151211465543824 0.0426295406616192 0.0112639042765379
0.407229916452532 0.0998576933615601 0.0564722706772293 -0.022934894356519
0.417356583039494 0.160412420095918 0.0640433874115905 -0.0178048374759485
0.301062069648317 0.400341430005167 0.0995644264405442 -0.00985067795744951
0.0378881714100824 0.518757912634942 0.0996213514236681 0.0504978668906003
-0.331923247945661 0.547024037802552 -0.00127901384681279 0.133088774042802
-0.624106329014268 0.0798358009578413 -0.202855618846611 0.0758895035030394
-0.484372531074387 -0.468845220210172 -0.174176395370624 -0.057387318512557
-0.248731958612893 -0.671548186002447 0.0260412799984079 -0.0676463397943247
-0.296050728362106 -0.524187014545111 -0.0372095637228275 0.245358306602909
-0.537209570323239 -0.291711628421898 0.175454608954905 0.148271149607504
-0.535234673451894 0.197707850428037 0.0674130956093494 -0.124843504070188
-0.195449526185441 0.526561435400159 -0.0898456924944661 -0.083109670593132
0.11012037898201 0.449584785460384 -0.0591033600600861 0.0668066526400212
0.277265492701108 0.313625211002775 0.075822432771555 0.135742629490108
0.379102852944628 0.149882838270834 0.188814767113772 0.081357951823076
0.35677315543791 0.101716150782161 0.211142542765062 0.0243534060967
0.353887551143711 0.154536271295813 0.208983037719054 0.0437604331928089
0.242358740134679 0.356729286064961 0.201934769139855 0.0843043294637156
0.0117978961511917 0.438353766447579 0.137586034452732 0.148022554992768
-0.277963150519926 0.438733564038535 0.011699618343791 0.17885882995333
-0.504736871996976 0.0675390644123582 -0.157130405777423 0.10982021373324
-0.410738101551121 -0.389287952047551 -0.0843109814051714 0.0415976131371629
-0.249314019742438 -0.592759743580699 0.100076574169604 0.154178541027101
-0.269498223682861 -0.411774932900852 0.0438966623019653 0.465367300468091
-0.451608635182806 -0.20368073768945 0.302445972573843 0.262311046353076
-0.414476065081087 0.179077194605378 0.121962141070336 -0.0831656315669644
-0.130508286983334 0.400029863780961 -0.0682463171787746 -0.0440227389947911
0.0813579304022603 0.332197866812799 -0.0290434309230138 0.145619851189436
0.205398653341532 0.239537129581576 0.162595686939037 0.220090733988264
0.27965322961453 0.124979801919043 0.308526993097571 0.141512785061218
0.253084257009327 0.0871981343799616 0.334734924583359 0.0682994638633156
0.238311635223935 0.125124831938051 0.317251709978294 0.0978928302173727
0.148485914328022 0.258818178201368 0.2645062214653 0.162479845634998
-0.016179657694987 0.288236747282375 0.146791872984851 0.21709718948219
-0.183002842042371 0.257894874592441 0.0108516093826901 0.194882015018909
-0.309414097797188 0.0403320065701607 -0.111300861564733 0.119994965402024
-0.271114512848779 -0.253226924966911 -0.01227055003822 0.101953806656912
-0.213962420794776 -0.423564556016772 0.162015072267609 0.318609414066261
-0.193318313998587 -0.226907197535695 0.102383412883295 0.63536561363621
-0.277722071925729 -0.0808388162085555 0.390616847434999 0.359175359665064
-0.211243295614911 0.126879660677798 0.176561125104932 -0.0299967773960637
-0.0386091965373931 0.196515221095191 -0.028304888775841 -0.0168376456129629
0.0344465308221356 0.154007327979351 -0.0049948491548144 0.189127744898487
0.0951098432592007 0.125702750450344 0.215644213277974 0.268539800335709
0.131164813048297 0.0808576560229207 0.379541886768533 0.1793407201402
0.109785819941414 0.061321731192653 0.408232005273866 0.101285293398492
0.0937620005940837 0.0791283474284695 0.374774679094621 0.13699821784243
0.0427799720265561 0.132508275173828 0.282561464671008 0.212478901500638
-0.0332808679864927 0.11773174805603 0.129843435215429 0.249905938835447
-0.0713580971637853 0.0727873731754739 0.00192141352963822 0.184055101441066
-0.103733830410291 0.0232727760402337 -0.0684006567900194 0.111658022192021
-0.124273209235571 -0.0908107402579972 0.036901212448728 0.122324847187817
-0.157435319281429 -0.208501020404534 0.204779202297132 0.407256128613408
0.0544956156110684 -0.0232785022796704 -0.213285160983522 -0.422563326934394
0.00897599093235773 -0.0766728747072095 -0.174216048257356 -0.145411547070748
-0.0794246798968995 -0.0218605827077308 0.0201115727410586 -0.0820472244710868
-0.0515950691504317 0.0757659348379611 0.0240842539951774 -0.133364982109768
0.0341451576119509 0.0577013849736979 -0.063311802003916 -0.234957528216638
0.0499973363344136 0.00909367126966319 -0.239603878759992 -0.251706812459919
0.0504506609721196 -0.0292511238372793 -0.357310573324932 -0.182978404117752
0.052241597108501 -0.0258934861718257 -0.398017448890029 -0.124887941671483
0.0432328626826958 -0.0163589055185122 -0.369870591170945 -0.167683659762963
0.0259940215958 0.00833943185474788 -0.23066658533091 -0.239913009992977
0.00308334608483626 0.0298518314949066 -0.0404866740321265 -0.201740328390562
-0.0483349416362256 0.0224132586617849 -0.0316171851144394 -0.0249297927388931
-0.0300543544476652 -0.0703802557730971 -0.1745502627139 -0.0450042593474886
0.0878782566417335 -0.0671062358718252 -0.301771758757428 -0.358579057083557
0.111342074310934 0.0197128596633577 -0.0726687410256057 -0.707252296480501
-0.0128322621837875 -0.210244516851867 -0.220579985478425 -0.410370561984408
-0.108873583749338 -0.193581337643858 -0.177125638922514 -0.141848215688398
-0.215865229113416 -0.0107629506673158 -0.0054464369072708 -0.0876445893910894
-0.13384941719063 0.197602872155042 -0.00126263959536158 -0.109747541566713
0.0363147412487596 0.195887590399419 -0.0543572389526847 -0.200087834244007
0.12520097185453 0.12520105256978 -0.202344610579576 -0.21961582878124
0.184138091026542 0.0377882326466935 -0.305109537560829 -0.167551271268588
0.198936210067267 0.0242091989804879 -0.344911322281777 -0.122442985778301
0.202574436883053 0.0501193155671857 -0.324886201747865 -0.157202407612789
0.143738356582923 0.162422002431869 -0.196965753378202 -0.227920439022007
0.0154191370592295 0.224145420858336 -0.0313386192124496 -0.185678291524559
-0.171851495511923 0.222717929433471 -0.0479262465648737 -0.0121341283321698
-0.268982445105318 -0.0406710531801658 -0.215683889696233 -0.0548426333139589
-0.111336199100245 -0.247071548617729 -0.304610201331732 -0.352818610752883
0.00599471866461869 -0.248145317739984 -0.0771100345120915 -0.657497741971335
-0.088184373752582 -0.373316707721968 -0.216243331514701 -0.329288947113993
-0.234891975875729 -0.287274394459975 -0.150500023217772 -0.109635178164945
-0.344223633734026 0.0165150334694828 -0.0148872136079667 -0.100002810375741
-0.197998265286513 0.313831395930641 -0.0292632673420132 -0.102542145472187
0.0424140831163593 0.318594480968681 -0.0585314045994601 -0.156462119167008
0.19087892121916 0.227733908017141 -0.153794839582223 -0.157742202424096
0.294812240644571 0.097723985434388 -0.212462555023977 -0.126243219114401
0.315259794686126 0.0691025074652367 -0.238067196846315 -0.10141877048323
0.328958276553229 0.109356829593506 -0.226228844421272 -0.123084495885734
0.237755483189247 0.294247314097474 -0.123435825624258 -0.177031222556379
0.0232252283677092 0.390396223709712 -0.00544436829468061 -0.13044284922258
-0.276322961359102 0.397200802273846 -0.0535004194924757 0.0247868311269841
-0.476140287989505 -0.00519145135684735 -0.240402487301573 -0.0351791748826809
-0.294801462725854 -0.394658163209933 -0.283037619882661 -0.294933341769608
-0.0960572169613249 -0.477087238142082 -0.0521248475403856 -0.515740423711854
-0.162398446145162 -0.494720500074283 -0.19280061594379 -0.185840161491511
-0.36913335594468 -0.342068253988363 -0.0845636509554953 -0.0442879129810492
-0.463514879377413 0.0675783182236309 -0.00228679859231331 -0.112407198674387
-0.237514925912017 0.42950345032232 -0.0558472428029367 -0.101541872117728
0.0591026832394598 0.418014733157756 -0.0661421249800469 -0.0972993603103093
0.243917784508265 0.304148424984951 -0.0916201827496999 -0.0720469489295488
0.370225718485571 0.141080538017049 -0.0892930974175415 -0.0651703185483854
0.383650703147322 0.10202258020402 -0.0951138640013491 -0.0656025668594374
0.398451415703427 0.152343816379212 -0.0877050255428502 -0.0709401376262598
0.289889154130338 0.381080791980751 -0.0198632479611582 -0.0966733115845429
0.0258553018049465 0.49701168236908 0.0347656698457934 -0.0432130168072098
-0.337647774962735 0.507647499898899 -0.047050394693151 0.0789892724031458
-0.604673424314764 0.0294443566569568 -0.238409671389845 0.00603085135077606
-0.420762266433195 -0.476340065269891 -0.231165556641746 -0.194261844927816
-0.175807423159657 -0.619571129009243 -0.00943810282394017 -0.310545211993096
-0.222402035224901 -0.554448964268299 -0.1442862729642 0.0113184228283214
-0.473735070145593 -0.356852425197156 0.0237657039505537 0.0501670110866395
-0.540304288643149 0.12294320817749 0.0302972636803764 -0.115233008814647
-0.245061780742067 0.504583308298533 -0.0738102937627436 -0.0911256010522654
0.0777244722366901 0.466520143292327 -0.0645725373422377 -0.0187807858932153
0.269877149772231 0.336147818037194 -0.0114429751499124 0.0297869793527138
0.393545000608287 0.167267190108148 0.0517954836806527 0.00752350889425376
0.393294186160758 0.120048545359448 0.0611988622004205 -0.0199645056692458
0.400847626423818 0.169003002497213 0.0637988676855398 -0.0091992377435341
0.285353224043062 0.402538723101331 0.0937209807984146 -0.00103022223099063
0.0185356563165574 0.512916168982695 0.0806578860065888 0.0595381611326578
-0.336936947823775 0.516265261773513 -0.0315887372644152 0.137237054314329
-0.611152767554623 0.0500973305985737 -0.21005490685028 0.0544103514034171
-0.451181017387447 -0.475036875693806 -0.154998260009716 -0.0768919709216665
-0.218489097770151 -0.651250767348658 0.047548674021372 -0.0766913821496372
-0.249267857512633 -0.532028582292048 -0.0770919597408804 0.235890691859005
-0.502593640985001 -0.318456135875924 0.154511839351988 0.162287267252244
-0.52962251921569 0.157363664163174 0.0765718347994183 -0.0982258481129333
-0.211602716336774 0.492220026752914 -0.0757623050674433 -0.0641116505925984
0.0823172764951262 0.43793363413202 -0.0485302765193452 0.0689862640813752
0.254782394924774 0.31608893746232 0.0769774487509449 0.132692980305747
0.359123278877402 0.164530047453804 0.189557233921826 0.0806821772389618
0.345089480710176 0.118779717431065 0.20827518212754 0.028981745473825
0.339259232740847 0.163499557118756 0.201705020285025 0.0526299052873714
0.229332041048458 0.356442747802374 0.190414133151049 0.0918930846313545
-0.00187403714751223 0.431001156096913 0.115802186166417 0.152878211857809
-0.279940974791387 0.413158502998483 -0.0161708495569009 0.179775956120063
-0.492707213673784 0.0446388995131406 -0.165314722863523 0.0917227841434289
-0.383072629272626 -0.392568921387228 -0.0753203786667341 0.0258854389515339
-0.218760586674686 -0.573614992964197 0.102562853026956 0.137685342356561
-0.230664817765538 -0.422703466816729 -0.00774409355166847 0.450453024673649
-0.426475032511443 -0.229436326054874 0.274460355587975 0.274964492456848
-0.412260566182645 0.146234777936606 0.126620069159597 -0.0604181084763623
-0.141342198365606 0.373955486279148 -0.0577345276084134 -0.0321823216704037
0.0624858149848668 0.323558600385549 -0.026515599267292 0.14328349615626
0.18956148472962 0.239804216161645 0.153882746295349 0.216292008945797
0.265842581738602 0.136377976093954 0.300847402841268 0.143151752137742
0.243573756990944 0.100786674223857 0.324238080447217 0.0741754758925893
0.227389763243216 0.131572312819726 0.304528937920099 0.106675195317927
0.138894423555544 0.257754802433509 0.249487329980427 0.166242460776468
-0.0242816317730927 0.282367107270976 0.126684790998224 0.215809123495887
-0.181090782882975 0.241574474514942 -0.00887375466534741 0.190249169342872
-0.299498441406186 0.0272536343690293 -0.118066458809662 0.107133176226434
-0.25246235049814 -0.253199288909574 -0.0117812834439147 0.0919705562053775
-0.189908546473799 -0.409210103264266 0.14731902322132 0.300004159301795
-0.168495787111547 -0.239086717358042 0.0465339409881279 0.617799829169587
-0.264781143321324 -0.100421713797984 0.357920701675392 0.369605508437169
-0.212456444808402 0.108798931133488 0.175714164098401 -0.0136925223636097
-0.044802521021645 0.184518603041474 -0.0242978460831279 -0.0129800998020416
0.0276757556173221 0.149029840206082 -0.0106397239827504 0.183144424881322
0.0878447672480023 0.123535740643138 0.199006535078535 0.264713013869488
0.125310587660696 0.0871695493156533 0.365369578556765 0.183611544095153
0.104256209165299 0.0684040121812128 0.393482669874152 0.107543413759209
0.0880613693367562 0.0826430320981945 0.359237069313616 0.143272653471436
0.0391632000954713 0.130039705730915 0.26695784664642 0.212237266075388
-0.0347298212566372 0.113450125167849 0.115204458268433 0.243413951654931
-0.0673735241287657 0.0678268149184836 -0.00773899118272733 0.175573245249332
-0.0985379977861809 0.0206651503936132 -0.0723196408132493 0.104665786215112
-0.116156081437501 -0.0886017130524616 0.0308919599720897 0.118893393189491
-0.143873118629039 -0.198953674917642 0.177497345975187 0.388641109285736
0.0560108598476577 -0.0233665362718938 -0.202742122409059 -0.41610027851925
0.00925643659200408 -0.0802095924018951 -0.168943895699217 -0.144662282227501
-0.0798285324580943 -0.0230685065916328 0.0178247444433073 -0.0835346856488132
-0.0532826862456109 0.0774547925741784 0.0205446607809516 -0.131142709490346
0.0335754853890367 0.0583464427796219 -0.0640083549988006 -0.230106920101001
0.0498456560630747 0.0108083900262968 -0.237989568233211 -0.248266848637511
0.0506684783062084 -0.0287465310961009 -0.355143304145352 -0.181875541185624
0.0533573981651072 -0.02657353621702 -0.391658273316345 -0.124672298889829
0.0456350271696625 -0.0164090841026677 -0.363627372162892 -0.169326452120475
0.0277697992455097 0.0100617347869816 -0.225519108030473 -0.241163993106709
0.00264760608572056 0.0318024255300178 -0.0349190065012884 -0.201481686216769
-0.0499499979033022 0.023427549219919 -0.026904826786886 -0.0219643428535993
-0.0312612486144645 -0.0710652034221397 -0.171628880611032 -0.0446794660450779
0.0887789351523593 -0.0676938195224328 -0.295141466908496 -0.358409949358978
0.111160631452955 0.0193336956591145 -0.0619655157812797 -0.696929181462824
-0.00620602025801336 -0.206833650418565 -0.211303962890648 -0.404198175492409
-0.10406489341438 -0.197097035845279 -0.172198103602549 -0.142916901091984
-0.212326311372933 -0.0149290352843645 -0.00843656133434909 -0.0909286013098566
-0.134353280137507 0.196164982050005 -0.0046190810655891 -0.107323087500037
0.034433762008932 0.195074543219307 -0.0561547650621448 -0.194701138610459
0.12399315573627 0.126481756510192 -0.199957456038393 -0.216235542508757
0.182323229989134 0.038733807969053 -0.302221264891616 -0.167020151060615
0.19724160410861 0.0243051592209085 -0.33956188889181 -0.123023019529727
0.201770312395458 0.0503907265631734 -0.319100039527682 -0.158593692180985
0.143312079943747 0.163651235662257 -0.192114040469967 -0.229872723549574
0.0130179394836118 0.224636747062817 -0.0260072285405658 -0.183918565942208
-0.172892782657147 0.220413423492357 -0.043116088613154 -0.00988300856691244
-0.267652842183219 -0.0449392229226006 -0.212602888160137 -0.0530247758053801
-0.105478103671347 -0.248293862651947 -0.299922742518064 -0.352857779455225
0.0130999933464598 -0.244612104171892 -0.0655268582781249 -0.648183849311641
-0.0767894827311374 -0.367034022694752 -0.209456466984212 -0.326361507381828
-0.228018061302604 -0.28867477250326 -0.147557925010754 -0.112110866138228
-0.337400236699735 0.00995129309595723 -0.0178309855481591 -0.104067263258327
-0.19800734467756 0.308003500884213 -0.0328365410988979 -0.100617280104005
0.0394246202720546 0.316696029483561 -0.062857535172929 -0.152013605499996
0.188049580779929 0.22862320668518 -0.152325862796108 -0.154815369011025
0.290861506143483 0.0993323087935767 -0.209985596344998 -0.125530779757952
0.311422305166381 0.0703979880590641 -0.23358005197977 -0.102413425830133
0.323939625522244 0.110404498309866 -0.220166171972849 -0.123497093446826
0.235687870232551 0.294716679270668 -0.120503287190901 -0.178803845544635
0.0190361469454156 0.389396316668787 -0.00141728113903819 -0.12902659438537
-0.27681817207511 0.391674287593315 -0.0491695752448407 0.0256232256049171
-0.471811807557806 -0.0121156395705206 -0.236608076097825 -0.032299761994685
-0.283378534319006 -0.395825197026884 -0.279642163542996 -0.294882816377255
-0.0820335306055391 -0.470935705785784 -0.0444357799883952 -0.510246339455041
-0.149829191839716 -0.486990645422448 -0.189739910783396 -0.186035984598602
-0.358632230339805 -0.346634220565204 -0.0843597998584242 -0.0484943923378733
-0.454257352842908 0.0582695697169985 -0.00578038502021114 -0.117743089635999
-0.23798221683888 0.421488563692976 -0.0597363183989904 -0.100146959098436
0.0541476912851709 0.414781802353488 -0.0727276456978834 -0.0938500432121094
0.239622447964819 0.303374654774975 -0.0913116138763665 -0.069287321799052
0.365065644347172 0.143683388085096 -0.0878982444241556 -0.0647207680146516
0.378871980601672 0.105377936387973 -0.0924051390912194 -0.0664938481059
0.392002984530241 0.153680953908723 -0.083823688265101 -0.0711969335087697
0.285271772443309 0.379901422323464 -0.0182235649076597 -0.0987496661737811
0.0199199623458527 0.493007917690852 0.0374143352281565 -0.042139019870872
-0.337657494775387 0.499429175808279 -0.0432866036998514 0.0785893542354187
-0.597908836237629 0.0203291758202785 -0.235103809086299 0.00987229355849756
-0.40706492293547 -0.477979020589273 -0.22935553967699 -0.19395989780091
-0.158753444575266 -0.610999173710065 -0.0040952848281825 -0.307660547504285
-0.20899326615136 -0.545527853050563 -0.146484346279217 0.00745715646498185
-0.462659554647989 -0.361145794935043 0.0203678777707373 0.0448387400050416
-0.530404713614912 0.113539126834287 0.0275727494695716 -0.120608614632888
-0.243955682404333 0.49403063791189 -0.077271657620343 -0.0905958745144483
0.0728497242956411 0.463169220814826 -0.0727064577295364 -0.0171534259930519
0.266538842863819 0.336531919483703 -0.0127915421570658 0.0318329095387673
0.386552708522988 0.169133899880768 0.0521551227935721 0.00770508937386975
0.388177027297401 0.123160108441903 0.0619371179680474 -0.020991403598068
0.392108866898296 0.171094538194173 0.0652226087348323 -0.00868627161453791
0.279832948588351 0.400932290659365 0.0928520000501531 -0.00298641317247228
0.0123843161516748 0.508158073208781 0.0820334233848227 0.0601935699960956
-0.336878477122206 0.506140168051132 -0.0287227348739914 0.135748040091832
-0.602903706298228 0.039409833896806 -0.207137362042149 0.0591086606336419
-0.438329562156741 -0.4765091239482 -0.154759105558287 -0.0757808481927646
-0.200935161330367 -0.642308139689388 0.048934693557508 -0.0785738495649597
-0.23705181461626 -0.525231526184291 -0.0840974334919785 0.22881051905215
-0.492278727281008 -0.320506659844437 0.149229770165338 0.156560330147347
-0.519658465928344 0.147605401246912 0.073712064965689 -0.1032167166394
-0.211214769627816 0.482571116717244 -0.0794683065073439 -0.0651635787243392
0.0775353899244665 0.434695281489864 -0.0578133744248123 0.0692974773862353
0.251005213960533 0.315872563718066 0.074427118782635 0.134631462664319
0.353621505412305 0.166790946372791 0.188335646771996 0.0803144222406558
0.338969348243567 0.122536854618731 0.206956805230731 0.0284124975409012
0.331270181923124 0.165465290082014 0.201326285303762 0.0535397569987444
0.223185207671096 0.354299355136004 0.18831375742843 0.0896584596192248
-0.00595866802266591 0.425737595617223 0.11527401529988 0.152211327844334
-0.278169537050803 0.403417921061198 -0.0142325410195955 0.17692792029877
-0.486099845114724 0.0364932091927997 -0.163014952527372 0.0965201317076989
-0.369224926340048 -0.39352301475618 -0.0767590141651403 0.0272808192256638
-0.203310823358786 -0.564151495126044 0.100356209221662 0.133063645267365
-0.220871963066028 -0.417240489157934 -0.0192375759972582 0.441578515927038
-0.418089813747636 -0.231740326340652 0.266703778916045 0.269892547150037
-0.404668387229119 0.139394810299398 0.12474442670499 -0.0640132115124686
-0.141193466586817 0.367007569596181 -0.0608713377108194 -0.0343301288488377
0.0595005700015318 0.320860368818065 -0.0360708621412625 0.14220816729655
0.186954606574303 0.238837410501241 0.149800230848172 0.217733478084576
0.261596812363637 0.137432259400749 0.29767927295752 0.142784250368297
0.238694332718734 0.103255073249067 0.322009779494006 0.0741599495023805
0.219479774437504 0.133262102772441 0.302213462772755 0.107327868893753
0.134189623135323 0.254846900769815 0.246408914262629 0.163154382663044
-0.0262830354667448 0.277327547810784 0.125578864888624 0.214022028777214
-0.178898215697365 0.234609136005916 -0.00782233069674497 0.187521133559313
-0.291885541241165 0.023288237119641 -0.116747106701198 0.110806119957745
-0.243575753894265 -0.252940259165785 -0.0137828281158657 0.0934254602522547
-0.180428493869302 -0.401508158668688 0.142818660713249 0.292751576779122
-0.16458645323226 -0.236608579545946 0.0332246823128282 0.607754961470214
-0.261350697910627 -0.100548070780453 0.348527983626807 0.364499450532189
-0.209125111198406 0.10560734500132 0.174529441211129 -0.0159341138107158
-0.0436532087205094 0.180783130682203 -0.0268242551803031 -0.0151293252870084
0.026723227182303 0.148114634313437 -0.0186131244383957 0.180978907606584
0.0865997417884869 0.122472765299962 0.193853291647097 0.265635815780592
0.122891302952339 0.0868269911104555 0.361053936005426 0.183742527897246
0.100657828864363 0.069703706114444 0.389239254572073 0.107964439042143
0.082686620180191 0.0836003921858172 0.355245654921976 0.143830827628122
0.0356246216258471 0.127001513931322 0.263463029460352 0.210153485148663
-0.0356098005768906 0.109047748854139 0.114400968433953 0.240292826634514
-0.0645382960699538 0.0627985010035192 -0.00644904210822133 0.172719967694045
-0.0928309177431167 0.0192584303563092 -0.0721529193381935 0.107393997641962
-0.112694529319682 -0.0867853549533547 0.0283713453025649 0.120912677059951
-0.138733075386139 -0.19433138651343 0.171742499867488 0.381449921496163
0.0596267469880611 -0.0241315769029408 -0.198101888355791 -0.420037346762742
0.00907290056599486 -0.0861796489672003 -0.168305261706499 -0.14854569840543
-0.0831643525366326 -0.0247297741206298 0.0159254777386934 -0.0879317323425358
-0.0562093440023712 0.0811984919050513 0.0167868157449731 -0.131956277872054
0.0337120198757782 0.0602854394889396 -0.0659808059691933 -0.230305980409962
0.051304281002984 0.0123649225745096 -0.241731711435648 -0.249734147339585
0.0527052661201297 -0.0286487111413954 -0.362028496932069 -0.182909905867774
0.0551521202216835 -0.0283795676730256 -0.398050481277474 -0.12799427481834
0.048993022760261 -0.0174597283908979 -0.367595798978531 -0.172912617144833
0.0300884175741296 0.0114728809407997 -0.226306109246799 -0.248741771635629
0.00270796645872774 0.0347621283863172 -0.0303930987158152 -0.205946268306624
-0.0519554071411432 0.025658806072937 -0.0229078914431511 -0.0194288407152322
-0.033368776449794 -0.0736330469171013 -0.173711313591966 -0.045580815856784
0.0916025237097922 -0.0708496256994682 -0.301263798537822 -0.364475391762073
0.113609446631887 0.0193799123141335 -0.0550966247113708 -0.703118153853051
-0.000470342821715138 -0.209881962388111 -0.207775983648419 -0.409010961739579
-0.104442815939764 -0.204715834979782 -0.172567292421997 -0.146498736020203
-0.215313804700417 -0.0188205202056819 -0.0117458958013432 -0.0960456561996319
-0.138052943149793 0.199613123876571 -0.00900828380099504 -0.108156276066953
0.0340149224369089 0.199052036036144 -0.0597400119657952 -0.19427078549318
0.126427975380139 0.130776847025119 -0.203091940497635 -0.216342230620171
0.18525453873824 0.0406799021131382 -0.30740990792881 -0.168251949011776
0.201085671094523 0.0247844122471742 -0.344008847780606 -0.126073956782392
0.206017087911354 0.051148137745556 -0.321708669687464 -0.163246274142807
0.14641704444648 0.167800977243032 -0.193538721620699 -0.236551650480055
0.0116003190436791 0.231062518162345 -0.0219375309530502 -0.187715941449311
-0.17729211094039 0.224802691632259 -0.0394570832570665 -0.00802234873481456
-0.273266451963412 -0.04933407353895 -0.21460455354595 -0.0516942960936312
-0.103338424224013 -0.256051949032114 -0.3050448561212 -0.358500240953835
0.0194320785317566 -0.248103235257121 -0.057134963675815 -0.656203035913922
-0.0680560147782343 -0.36991012964601 -0.209147752821894 -0.330830348174028
-0.227094704273293 -0.299038898077974 -0.149068429572916 -0.117362748490668
-0.339932826299874 0.00392978023376716 -0.0223093232791376 -0.111062903175534
-0.202265706356142 0.311218373503139 -0.0381578471216654 -0.101188391488351
0.0384257217152285 0.322664347985513 -0.0686565544357244 -0.150922286834742
0.191995568812858 0.234557150219859 -0.155224436588449 -0.154785848810123
0.295435994249415 0.102928425426688 -0.214023676876325 -0.127155559523878
0.316617736207128 0.0731098994363903 -0.236149245220885 -0.105427109638988
0.329515915079821 0.113251726276199 -0.221081582932595 -0.126854619571539
0.239425101166177 0.301532683049391 -0.120604636540367 -0.184911648297162
0.0168273745772481 0.398073973324636 0.00289387846731527 -0.131685952929687
-0.284315852518788 0.396136929745141 -0.0456416048893565 0.0273545146739329
-0.479445963390522 -0.0181761866049118 -0.239240714408392 -0.0288977724303391
-0.281892953291191 -0.408471920608925 -0.285082553715788 -0.300731081456889
-0.0727354624859852 -0.477934724106803 -0.0377429774673288 -0.516593808331365
-0.140476508663686 -0.489049884912605 -0.19282902927625 -0.190233628655493
-0.358541897515081 -0.357096441931048 -0.0860840402338659 -0.0533955939977487
-0.457027419591595 0.0517373510773166 -0.0101772748938966 -0.125701113588238
-0.242171810346745 0.423796411970364 -0.0653773312514181 -0.101284960868228
0.0533551091400801 0.423217125199775 -0.0811476168613874 -0.091739769590002
0.243923207958123 0.312117991421813 -0.0931484200797934 -0.0673396231289535
0.369275803186645 0.148866991717792 -0.0878621406576568 -0.0662050657043376
0.3840039709424 0.108894889402348 -0.0921950506737056 -0.0690575689044701
0.396236958615387 0.158430213318411 -0.0822355899576979 -0.0731682842966537
0.289001839878831 0.387714514199999 -0.0178993419304623 -0.102710709988234
0.0174271407387538 0.503891088459345 0.0416868578111734 -0.0430314824128849
-0.343782504497114 0.504528377980011 -0.0398250651439504 0.0805787364441461
-0.607094019171482 0.0128747147207353 -0.237163912961002 0.0152637965724527
-0.405772191112955 -0.492911270521582 -0.233673632716204 -0.19759737368335
-0.147041489708017 -0.620650505553597 0.000377825850869198 -0.314367309475337
-0.200773911238531 -0.551564260417099 -0.152979548370575 0.00497127658842496
-0.46476220589762 -0.370399419536406 0.0184259152496125 0.0414057646808927
-0.534091637442111 0.107307928535781 0.0240591121035624 -0.128851049876401
-0.248182349568281 0.497529766850521 -0.0834979315589162 -0.0924958505275165
0.072516094444086 0.471832997145785 -0.0825547965601278 -0.0140329027211916
0.270071242546406 0.344077265282324 -0.013875982505693 0.0353267740654428
0.39258898490622 0.173988720315551 0.053759966434263 0.00713142836142847
0.392874248381781 0.128153137606378 0.0644107231644313 -0.0225958712565542
0.396493083011177 0.177266463457799 0.0694795497477185 -0.00942027091910697
0.283777330785481 0.408166686589092 0.0950771463716188 -0.00509269806947031
0.00963215891182003 0.517213033105876 0.0859843919319828 0.0612602487437667
-0.343724829501268 0.511463528840261 -0.0258772582042739 0.137855675376662
-0.611626445165988 0.0325586065168763 -0.209391527221067 0.0662500902821658
-0.436235484783848 -0.490970955435869 -0.159787486245914 -0.0759762008554554
-0.188602974914485 -0.650100550870082 0.0511284193585579 -0.0827883053901485
-0.231634722868871 -0.531102485368024 -0.0937492220515219 0.228823392011797
-0.495901028290124 -0.330335053702553 0.147139091625182 0.155746618181719
-0.524454328760796 0.143804362760953 0.0715748332527912 -0.110821168615286
-0.214783166011712 0.486979260438954 -0.0853361500495526 -0.0679854239795864
0.0780096234431697 0.4424984604867 -0.0687996559097669 0.0733743061067406
0.254180505446129 0.322831589303329 0.0739383278040062 0.140127516244229
0.358091696623381 0.171011665284631 0.192538228578632 0.0816039317832304
0.344188710076636 0.126888759373501 0.210976578131911 0.0283790006518351
0.33192107101426 0.170941127387598 0.206717428233184 0.0544683859417188
0.224913886391112 0.361375261108517 0.191150083415755 0.0899363264617436
-0.00954620351346115 0.432640281536747 0.119516882754632 0.154721525273881
-0.283749115546581 0.407175736121062 -0.0118139312011281 0.178825693508625
-0.490123125945384 0.0304679997792627 -0.164887689996382 0.104159437556999
-0.369473786889703 -0.405325387752296 -0.0804263357455996 0.0300149325887796
-0.193913658181596 -0.570477957474468 0.100771929677327 0.130748100290186
-0.218192813262482 -0.421501503443874 -0.0301714063418467 0.445099897275353
-0.423729067200325 -0.237845999298307 0.265872454233381 0.271899180758257
-0.409784235286527 0.137861818208732 0.124795016902738 -0.0693861102331858
-0.142655247893438 0.369470436240336 -0.066272134618078 -0.0364613696866108
0.0596267476613963 0.326817569607928 -0.0460763499623284 0.146594532560305
0.190000614861032 0.243645703053325 0.150431645976458 0.223950530583364
0.26472051326172 0.140790348761681 0.303999953569994 0.145830432021963
0.241215187697132 0.107349800399237 0.327273077495315 0.0751547054815496
0.219467738248194 0.1386324803369 0.308705161964959 0.109589570023415
0.134238214596265 0.259513896103 0.250362789086336 0.165579071009854
-0.0293102660914254 0.279558346403057 0.12932867484701 0.217051848802986
-0.180336579641105 0.2337220731334 -0.00557595174219651 0.189309763819904
-0.293228448421212 0.019874966187167 -0.117847402486766 0.11856947947186
-0.242347821077858 -0.257485162562641 -0.016544112212999 0.0982839749223532
-0.173411320034659 -0.405333715685869 0.141611077822417 0.292831866120079
-0.164869224669913 -0.239777548055597 0.0210302536226727 0.613299082826159
-0.265712512796665 -0.102374313668194 0.349879482110072 0.369221234845463
-0.211514558324338 0.106505747570941 0.177137252352345 -0.0190759962352744
-0.0430570550648057 0.18182700745653 -0.0305723537341549 -0.018071641580782
0.0270727320857742 0.150656483279493 -0.0264396054738953 0.185191117388628
0.0877073659314622 0.124403553683171 0.194848793791881 0.272741231832229
0.123926691667204 0.0887971099811073 0.367785443243169 0.187242471605831
0.10147728925187 0.0727726158282482 0.395250331533185 0.109598272341044
0.080252738513043 0.0869512718477042 0.360998190465708 0.146767464776681
0.033196022348746 0.128485539251525 0.267688172320947 0.213020471746345
-0.0368241186178704 0.10755035375741 0.117018730328727 0.242983703509233
-0.0639429933008531 0.0600810481054253 -0.00466626576531936 0.174636108409323
-0.0899412023961679 0.0192728768852499 -0.0723085115908368 0.113218972421577
-0.112028936230423 -0.0868566872775236 0.0273687573194449 0.126546033973901
-0.137789929143804 -0.195083702279558 0.171369783379939 0.382300034255949
0.0632597631078576 -0.0278728468881742 -0.206508795507036 -0.427735757078478
0.00611101894820792 -0.0940352534719037 -0.173780454656724 -0.151422797356269
-0.0889313226235824 -0.0251149914717868 0.0117509440337434 -0.09420482646678
-0.0581196561147613 0.0887329489101974 0.00995643241891502 -0.135239207517419
0.0360375074508782 0.0633177720743854 -0.0742985056156029 -0.231769131975281
0.0543277586770124 0.0129719122373131 -0.255889889587967 -0.248941149841993
0.0546292567950432 -0.0308505064794943 -0.38044260763517 -0.179528398613226
0.0573443718863572 -0.0312137968837741 -0.413638283901328 -0.123013065960816
0.0530405233629896 -0.0201987981104938 -0.3811344709732 -0.172431204628625
0.0330947522776824 0.0124739856513801 -0.237113260561827 -0.255395605721774
0.0036762605351386 0.038125335509157 -0.0306034097374701 -0.21412943646735
-0.054713268807641 0.0294141413662576 -0.0189340067937907 -0.0172952786341206
-0.0381673781211967 -0.0759386179525815 -0.178965571239397 -0.0422830668104379
0.0942507979453583 -0.0773512742701448 -0.319779617877613 -0.370015512820971
0.119010861856962 0.0175724303951444 -0.0636043933593712 -0.72099991643467
0.000821519847585914 -0.215404825972221 -0.217366096924128 -0.416923428301391
-0.110952067352783 -0.214535205563195 -0.179563935862307 -0.150345343801852
-0.223051349366876 -0.017987933173417 -0.0182265627702639 -0.103165154811555
-0.138985033257612 0.211064063591717 -0.0165691461360218 -0.109728990255877
0.0388935784627779 0.206879948924951 -0.0683240093131212 -0.195127189220419
0.134623661788529 0.134313176355149 -0.214454571841357 -0.215461931558673
0.193676022951953 0.038672433885115 -0.32130382407458 -0.165170318106572
0.209225727319942 0.0207446274555493 -0.356941222175913 -0.123711542843478
0.215313652497507 0.0483958076910821 -0.333739553351691 -0.162950714241067
0.157206360337058 0.172160140012037 -0.202990454637656 -0.243542927270022
0.0160889968368523 0.241499442712203 -0.0219656768958208 -0.194899575016913
-0.180006035562405 0.237030937185025 -0.0370416441736644 -0.00519747012385704
-0.285126359920715 -0.0473689974415204 -0.221904621525373 -0.0475073803846026
-0.108942902863033 -0.266730339984108 -0.322931553952543 -0.365798024082496
0.0203202249610063 -0.257160891273991 -0.0667244175688841 -0.67385420656373
-0.0688668426045944 -0.378667117194561 -0.219684642598972 -0.336799042093584
-0.238298642098831 -0.309412070165729 -0.156259919796181 -0.120891207017083
-0.34877901416461 0.00607786392956005 -0.0302779381539261 -0.119494549379887
-0.202489018307778 0.325073522250036 -0.0464130052339639 -0.101921797825054
0.0456755796349437 0.333164865774206 -0.0776860874040615 -0.149367228405298
0.20357309108112 0.240384605894222 -0.163229123768907 -0.152629105670137
0.307814315607113 0.101714665973358 -0.222498554433026 -0.125884592505342
0.329219689683814 0.0686070557062372 -0.244710637360943 -0.10515828808917
0.343336158969923 0.110328265858284 -0.228182026361969 -0.128457487392801
0.254920408057043 0.309046037141922 -0.127656576575217 -0.191553216462786
0.0233868405789612 0.414516493812028 0.00494344215099015 -0.137039882002675
-0.285306620552889 0.416269364474214 -0.0426828181830817 0.0308666260354767
-0.497961211481391 -0.0128504203017872 -0.246197687721099 -0.0203576607892006
-0.295529716928426 -0.422975492261127 -0.303768945733495 -0.303203554178715
-0.0760065918194112 -0.489900931912935 -0.0439841636853581 -0.533443590229467
-0.14479029861327 -0.500976927964031 -0.202998945124204 -0.192134572061459
-0.374548424179119 -0.366668071051524 -0.0920967412530055 -0.0571615641875628
-0.467071227411835 0.0558983787666973 -0.0195101181046483 -0.135593447118973
-0.24095050482637 0.441459936149089 -0.0750659372385674 -0.102146448895437
0.0619529329461003 0.436062183480074 -0.0918524759184516 -0.0878021658070081
0.259740142606327 0.318418605192463 -0.0973941524637424 -0.0640623068319605
0.38482459845436 0.147375832974184 -0.0919606590484658 -0.0662838031752138
0.399568867561863 0.10581475071431 -0.0959426830643097 -0.0707476830505662
0.411237458825668 0.156653835835935 -0.0833813530130306 -0.0748385575727215
0.307708205794561 0.396006869058315 -0.0200198716352462 -0.108674354351617
0.0253325979331281 0.52356753487008 0.0468536128061541 -0.0463525430527158
-0.347198436874146 0.528586481303956 -0.035704697425846 0.0840980896510258
-0.628419331818223 0.0210221789300393 -0.242979704135002 0.0255950259705441
-0.423186570068908 -0.507602877594252 -0.249172967184354 -0.198396432551487
-0.15214607953821 -0.635414915592757 -0.00323448814224397 -0.326245232149271
-0.208343703118765 -0.560745388159408 -0.161968185927174 0.00684793179128125
-0.483199302134339 -0.377818075975846 0.0162793597537024 0.0389298614769439
-0.545727163107599 0.115477728012313 0.0157533980807568 -0.139715710919565
-0.245261209386982 0.516637335875552 -0.0940005214287652 -0.0935534584714641
0.0838155130355483 0.4864505260233 -0.0940686635774809 -0.00783239246771824
0.287328039660245 0.351393942973405 -0.0145078910489127 0.040595722270739
0.407469113914606 0.174106907878706 0.0571745198460783 0.00568221525729911
0.408618153384954 0.124756601919374 0.0660143748919717 -0.0261016290155781
0.410345833487843 0.175756751686601 0.0740874575497299 -0.0118942102302843
0.300739954326076 0.418379125112649 0.0982165549905295 -0.00978532323922295
0.0172340098849555 0.535596563413657 0.0940670122192518 0.0603697759754199
-0.344156397085376 0.532483739961219 -0.0202882451793437 0.142691503523293
-0.629974544407006 0.0394118184288582 -0.212473627173083 0.0787790530583575
-0.45395498063251 -0.504132983915472 -0.169173592884962 -0.073395274174628
-0.194716113557935 -0.666659744943551 0.0516019377841807 -0.0894100446272704
-0.242714160208341 -0.539860265722309 -0.0998770111852921 0.236290261395571
-0.517173660812234 -0.333250037041879 0.150693904216915 0.154952528789474
-0.536280831842192 0.153600131827688 0.0665802134182934 -0.121523402894487
-0.210221690566751 0.50332144368228 -0.0952188297424239 -0.0693205703175196
0.0887657127733843 0.456421262710849 -0.0786437607749591 0.0815960732702029
0.270409598232316 0.328500360166197 0.078596750913498 0.146574039644507
0.372570377042032 0.171138847790665 0.201648336088117 0.0793531424659106
0.357966817907913 0.125114271401741 0.218759487426542 0.0231672732169458
0.34322664483547 0.171337928041115 0.217395560665182 0.0518447853767684
0.237852089539708 0.370220714302274 0.200124695672702 0.0870899297595711
-0.00377633366404906 0.44831639827064 0.12971819625755 0.156649467033049
-0.282356478799817 0.422303328427242 -0.00551023589015953 0.184448473437617
-0.503471972179164 0.0370858185678577 -0.166295764084242 0.118182754103405
-0.384838470228373 -0.4137059215035 -0.0848670305549175 0.0356529413249835
-0.202160049067942 -0.583110450360226 0.105594032878435 0.129264179409631
-0.229372863121466 -0.429849056597166 -0.0333861250662569 0.458143738820598
-0.440467577933796 -0.236851507249897 0.275272811121708 0.272451984413119
-0.417940970320937 0.148766979074493 0.124736016593499 -0.0793129369239674
-0.138540442423648 0.381015561955845 -0.0740593451068122 -0.0384787204233576
0.0684272317915039 0.335578720594813 -0.0531671581668457 0.156144947230075
0.20132902107533 0.247381819849706 0.158755421931244 0.231900760600252
0.275381167728085 0.140960169235391 0.318277782902117 0.142878325696675
0.250688999958902 0.107524889764141 0.339624832032262 0.0696174280220584
0.226169510575301 0.140754213075161 0.322685470024432 0.106400079539362
0.140959699791214 0.26535312666927 0.263107941626019 0.164332667385418
-0.0263303481403838 0.288324087803078 0.140508414614365 0.220276323715698
-0.17962146964345 0.240645960467127 0.000955147010593716 0.195703593121285
-0.297929498481559 0.0234756705569542 -0.116961550795188 0.130989742869221
-0.251412542232801 -0.262184359430748 -0.0168083607661574 0.10569753811748
-0.18175336498115 -0.412031772074258 0.150088897772826 0.29462364937057
-0.174590533437629 -0.24379079670573 0.0208974277542102 0.630530859403766
-0.276093482661382 -0.0991748128136278 0.364969230583685 0.373184852297674
-0.214418072518703 0.114532160567234 0.181733725625365 -0.026379034614898
-0.0393967936910456 0.185423345559932 -0.0355575650104781 -0.0203341752389519
0.0315526305552735 0.154026119485214 -0.0305182339616089 0.193930141479663
0.0932233666234725 0.125447964740161 0.205594005824821 0.280828832190864
0.128641094258172 0.0891947385648706 0.383871670969711 0.185214476604625
0.10542327438998 0.0740855831060317 0.409956578872739 0.103785077133064
0.081761494365289 0.0907716113039611 0.376514701107738 0.14358137229881
0.0338638683718425 0.131441221600456 0.281924636421161 0.213084511274903
-0.0365271360619031 0.109590567368709 0.127751362613594 0.246651265545709
-0.0627110409129246 0.0592679443741253 0.00134804270849079 0.179047876528534
-0.0877168576930549 0.021193417338618 -0.0707316287979278 0.123126411586451
-0.115347516752828 -0.0858541213033996 0.0296412604040477 0.133958832102968
-0.14376393657241 -0.195805037092991 0.182031761899084 0.386415634469712
0.0655759916996028 -0.034027878676291 -0.22649473015569 -0.427136054014108
-0.000434102490156969 -0.102241502039923 -0.182610539980383 -0.14776522414385
-0.0953556856923689 -0.0225606672126359 0.00357860558066486 -0.100952198852167
-0.0559666569508505 0.0983070293362377 -0.00209556900974366 -0.137784097294317
0.0404516470499084 0.0651773809907693 -0.0898182829635674 -0.230103842637362
0.0579469920430342 0.0119255605183252 -0.27510691997486 -0.237640836805349
0.0556715412286153 -0.0341229997428827 -0.399665818908109 -0.16014681763245
0.0583062627224649 -0.0365373187651879 -0.429665943356547 -0.105303662166959
0.0548618037464993 -0.0252535804468374 -0.399699590629471 -0.158737744038313
0.0364209714830561 0.012062910409659 -0.255200383018511 -0.252590888409197
0.006128914722463 0.041980269643229 -0.0381105474012693 -0.221303461949096
-0.0554581910889876 0.0357646211462997 -0.0149919644194672 -0.014094365056413
-0.0458113744038672 -0.0768375429521089 -0.184802369955952 -0.0327535517532862
0.0938855059147724 -0.086559207088945 -0.346476520124823 -0.363955932226636
0.123727396130289 0.0115666647754707 -0.0937564616320799 -0.732823893670408
-0.00386816883015751 -0.222039506830834 -0.239319418528892 -0.416070009800189
-0.125137883150817 -0.219669923300702 -0.189454226312714 -0.147629864335771
-0.229901164236531 -0.010500671717057 -0.0294724948947281 -0.109191661197558
-0.132664286709245 0.226123849675368 -0.0275277093592446 -0.109331826057167
0.0504986330374276 0.211894785289569 -0.0829333652468432 -0.190996529649494
0.146732250821834 0.13253676196279 -0.23100029118573 -0.206161934905039
0.20196215112604 0.0301778366105362 -0.33789497545433 -0.149930881632958
0.21710165141228 0.00963489927839897 -0.372275875961893 -0.108831749693536
0.224490399833309 0.0372609539266597 -0.348901738126546 -0.151662643041778
0.172223942451833 0.170035494019549 -0.22052104567787 -0.242614892309766
0.0284911073719357 0.25027165651988 -0.0275183329432424 -0.201523693322252
-0.172305256445332 0.254341106312767 -0.0332614723949428 -0.00177443539645459
-0.2974315686941 -0.0364183890427008 -0.228380303182557 -0.0345743262159879
-0.123602235518679 -0.272612745897231 -0.353500204270021 -0.357911984855292
0.0141582337385738 -0.265324307940508 -0.0955188388010547 -0.686284674585901
-0.0812890679014502 -0.385363072857714 -0.239173705383599 -0.33413473363603
-0.258229369881907 -0.310059392672817 -0.166138525045747 -0.118896931474791
-0.355933537006786 0.0191075181158996 -0.0440403655411898 -0.125586916770917
-0.191275741395883 0.344130103801828 -0.0583812456487849 -0.0997621202942472
0.0635513246175976 0.341864889767858 -0.0913951347629927 -0.142767529903572
0.223458305342145 0.237278736846723 -0.174415891995241 -0.144193535334091
0.322257608907697 0.0895349313404744 -0.23444394270747 -0.116247468722127
0.342405721193919 0.0530137770859453 -0.256334784957016 -0.0957812756907852
0.358219155770278 0.0945610413204925 -0.237797203841915 -0.121231861271819
0.279050947384091 0.30470425879769 -0.14018537111762 -0.192804981008812
0.0443509182277556 0.427692232972553 0.00212630017847491 -0.14336418601909
-0.270296437237764 0.442195234203541 -0.0384894422302495 0.0344647191809704
-0.513597850398961 0.00854166129446276 -0.251750415445255 -0.00541133619195667
-0.320065556702837 -0.424610775988991 -0.330484866725211 -0.296357287381573
-0.0920028629878748 -0.499634463210093 -0.0669095184314737 -0.545312258042978
-0.162142022970085 -0.505243875239949 -0.218273987313059 -0.18732553130376
-0.399019614850907 -0.361771224736753 -0.0986175755647382 -0.0570051668965105
-0.473513640311839 0.0744165518126666 -0.0340072373902961 -0.142759381958342
-0.224070931309176 0.461506906318748 -0.0880629959259084 -0.09931677092166
0.0866094234952513 0.446318664287127 -0.10390238887539 -0.0788740227084868
0.283697814308634 0.314600737520816 -0.103053899301109 -0.0570856296371449
0.403081981563881 0.132775580359146 -0.0968292979481221 -0.0628741216351665
0.415017353564737 0.0866999668152716 -0.101729813692423 -0.069118446846483
0.430606778791332 0.140606623729838 -0.0864409547864566 -0.0741525375882286
0.336719853469153 0.393577250104912 -0.0258117649705892 -0.113734372704403
0.051735291270284 0.540451804576012 0.0497709289767152 -0.0517970326621711
-0.329947157590662 0.559792539548326 -0.0288842899472359 0.0887359870890369
-0.644320510794261 0.0489942105400459 -0.245546667880024 0.0443990207589814
-0.45636933798156 -0.507237222960908 -0.268135155056116 -0.188965588115128
-0.176151550688925 -0.643499532279318 -0.0160396084066044 -0.335861690854444
-0.229919433110233 -0.563186851638813 -0.169693523946818 0.0152619053913578
-0.511558637603916 -0.36669378724381 0.0149919522585155 0.0363487387453132
-0.549710505819088 0.139430674586731 0.00164886217847001 -0.148778517512746
-0.226600632680784 0.538387414143119 -0.10733472461552 -0.090642239486973
0.109230618718441 0.495882224618182 -0.103554458278019 0.00366450580675525
0.314004575228966 0.347288121201597 -0.012312972813464 0.0466776907871146
0.42844647448414 0.157424164594209 0.0594969738428439 0.00179290841012762
0.42520213879838 0.107812966639475 0.0669199823598118 -0.0318583306074273
0.42855441534099 0.162373319775723 0.0790248237442287 -0.0170832766541495
0.329853695713382 0.415347072146297 0.100910084138831 -0.0172788909206844
0.0431782488001716 0.552673847632362 0.103538897940607 0.0557818948495015
-0.325830881985838 0.562994698490207 -0.0103571732938918 0.146501995429454
-0.644355777587214 0.0689475326152589 -0.211056195277699 0.0983099727451205
-0.48568849609656 -0.500318677401096 -0.180135424084228 -0.0632019077165723
-0.22098882408855 -0.674224214592208 0.0491338828520357 -0.0979097703974256
-0.266240324841144 -0.539064088719408 -0.0983957160412871 0.246782163455992
-0.543521625654531 -0.318624969181207 0.158163363459117 0.149339028135724
-0.539210763853838 0.178922027403534 0.0558694977093183 -0.133173165303348
-0.189356712368995 0.522639664682725 -0.107537547175803 -0.0656900603078996
0.114038964736023 0.463385601827103 -0.0845894760894967 0.0942520473984669
0.295504627572565 0.322889368169482 0.0880677768676386 0.150459304300767
0.391658464700143 0.156588437125075 0.211751606191592 0.0695472311724458
0.372770991641598 0.11188090276442 0.226315334153393 0.0111898653579743
0.358757892344262 0.160913502199554 0.228647146362474 0.0415188339992813
0.262689074027533 0.369107395152398 0.210380793034495 0.0773517567857259
0.0175106755700104 0.461127321437575 0.144439635801082 0.152465366819802
-0.268740610342502 0.443292573714408 0.00706996975740864 0.188871584005211
-0.512632150073034 0.0592913295694894 -0.161561156288112 0.136430882024199
-0.409534270034193 -0.410429707775502 -0.0884282840874856 0.0452873995021813
-0.225065066864246 -0.587462901171316 0.113109764723376 0.12266228937029
-0.252081847726473 -0.428238864256675 -0.0206104576454002 0.469834882785344
-0.461802169335146 -0.222268155679718 0.291945279098718 0.265274143459782
-0.418790524777964 0.170865849614927 0.118875569855618 -0.0913899124163477
-0.121597901062982 0.39424520243471 -0.0833496592382347 -0.0363067755267639
0.086465937909267 0.340318709101289 -0.0545872552873513 0.168031900818789
0.219420251865889 0.242500139353569 0.173853033538076 0.233277167234354
0.289900523654974 0.130072205307948 0.334550937713885 0.128637334817879
0.261869920584783 0.0982269613592613 0.351918580371735 0.0528290757463319
0.236700770614228 0.136078682554934 0.338931549541522 0.09216567563435
0.155928420619164 0.266472348883625 0.279039087108174 0.15363066168644
-0.0141109833640131 0.2964833853216 0.1585190357462 0.217604346009499
-0.170393423746399 0.251785670329992 0.0134152674905663 0.199296203989247
-0.300490219935653 0.0364166699260742 -0.110936086837001 0.147392167676929
-0.266335315737658 -0.258155455619132 -0.0138976722130552 0.114035438989579
-0.199078603994359 -0.411264093601558 0.166086656145423 0.289449771638959
-0.191264597922169 -0.239548927165399 0.0426965149471225 0.645624892031897
-0.287689947414389 -0.0864898297751448 0.389620970140243 0.364535009059
-0.212335689744208 0.129112575570268 0.183017157051884 -0.0391952362880216
-0.0294355350166235 0.188399614288226 -0.04166536286211 -0.0212929285037895
0.0397930033432645 0.155187808855983 -0.029088758882947 0.203825069820791
0.100800194961164 0.12292257775495 0.224170855914618 0.280166520566262
0.135769292318077 0.084650145095552 0.403925378841686 0.169159911450972
0.110583947248084 0.0716967595833233 0.426906216396554 0.0849853202214437
0.0856236571968712 0.0920025973620638 0.394548260692669 0.127234010819608
0.0386539362916704 0.133154110574161 0.301472166160576 0.202889428482778
-0.0339994821264401 0.11111457263811 0.145539693233235 0.244608907149933
-0.0597093250174688 0.0590604616581838 0.0133122018593814 0.182478126757702
-0.0844457872030027 0.0254840471016621 -0.0636660335567845 0.13475900105555
-0.119596371579289 -0.0814976118304694 0.0360328688255038 0.140156046775432
-0.154099950232528 -0.191178523741482 0.202761610292169 0.382705732232103
0.0744668965858557 0.00278701953946702 -0.0149673271069302 -0.488345154821092
0.0433165435345586 -0.0955811557889589 -0.0999133157825003 -0.211855925129494
-0.0819453765448739 -0.0635724399823845 0.0463847113429311 -0.0914111159197006
-0.0960815232143046 0.0698439918153812 0.05441438636516 -0.124256334692568
0.00562786798627461 0.0815243610619138 0.0183104096153926 -0.244744780211536
0.0467046323277324 0.0404623572999258 -0.144282608511678 -0.333022471069297
0.0630522168553101 -0.00673103694510292 -0.290767948209778 -0.3143908895426
0.0695722328995419 -0.00833685247615101 -0.341051723636584 -0.276811424948854
0.0608932601089194 0.000989829118086325 -0.291523422269154 -0.311980376098593
0.0270004107626244 0.0274239243056107 -0.119485564894819 -0.335629288017386
-0.0133803755477708 0.0428575568220678 0.0636750920718466 -0.215626011276483
-0.0668769125885333 0.0100640315450521 -0.00505999228977606 -0.0156683848727416
-0.0114797052438801 -0.0919982467390118 -0.150869876867485 -0.112752162481242
0.118492252656896 -0.0459854376425954 -0.152480463276178 -0.48473697411068
0.106624074955295 0.0627692643760313 0.263425299745022 -0.698106014588123
0.0977943434506603 -0.195700679740085 -0.0371740034871455 -0.480711290014263
-0.0161019490851688 -0.255519010070305 -0.106235703025144 -0.210414189118859
-0.206774093720078 -0.112099526538093 0.0220484341410983 -0.110660317069427
-0.217453773076261 0.149579516791324 0.0221189873766818 -0.106817983026819
-0.0488788493903973 0.217618550703868 0.0141002027607078 -0.205281887263141
0.076043350075715 0.187512614485593 -0.115042843079188 -0.288007531880502
0.168893182524668 0.115127510588808 -0.238097245728574 -0.282001839506644
0.194819438983536 0.103465490131526 -0.284996811228522 -0.256246949081518
0.187224229322557 0.129956527548712 -0.248436851369956 -0.282642255036579
0.0849405738525709 0.227789426553339 -0.0947066087378441 -0.309001732232347
-0.0820763963670238 0.242825517042078 0.0596669818506705 -0.189692105156461
-0.264093736072606 0.155261533405626 -0.0351000368812209 -0.0105806125367455
-0.255457799711453 -0.166682517142297 -0.192700750399149 -0.13783690651128
0.00412166248817771 -0.308279200421302 -0.153707973108071 -0.486014160502925
0.129702775629919 -0.233145514947731 0.242702463900729 -0.656504386131199
0.10167406149431 -0.376317433692886 -0.0795384180410157 -0.40611152280302
-0.0963840915918305 -0.394899954117852 -0.0968045916209501 -0.170775681465628
-0.330857166928297 -0.141159167475026 0.0177411227914143 -0.130026357424525
-0.319075765308097 0.228518296776781 -0.00742912136866395 -0.109833133057761
-0.0933248325201912 0.338694961301316 -0.00913413848903193 -0.164608157287138
0.0995596757624176 0.314982250858328 -0.0885299186681914 -0.210307908187395
0.253456488511408 0.221241426175054 -0.158336301311904 -0.208481177311946
0.290175694944448 0.19894547538164 -0.185649919817253 -0.196364252752339
0.28279276318736 0.240082760927309 -0.160769382575026 -0.207934642762536
0.125984923840506 0.395899405453377 -0.0455026809037957 -0.228898313061057
-0.144173296002908 0.411212050485861 0.0570886700988936 -0.121683332498689
-0.432444561545719 0.282315211319691 -0.0613874869534145 0.0207649567266354
-0.470038318639713 -0.22282986403774 -0.230663397949947 -0.124963583473719
-0.107211243162059 -0.530183103604152 -0.156286960320956 -0.421892542847777
0.138083047740228 -0.48876218087708 0.206615078299121 -0.518630826281308
0.0831767844800952 -0.521330727604171 -0.130796297763547 -0.262777982538621
-0.202013209482852 -0.503086478966568 -0.0619387773533269 -0.0820906991183129
-0.462190567034378 -0.143258363680917 0.0367607907326705 -0.139132878386531
-0.399120125988892 0.318617065676579 -0.0311556003550676 -0.121272302722198
-0.118070515085534 0.441073743760142 -0.04472186763463 -0.11267058331141
0.122073874239431 0.41024590533474 -0.0609792109042073 -0.102456599565993
0.308499184813126 0.296613081336439 -0.0563310234172033 -0.102718774748126
0.341615635573342 0.262659162218101 -0.0574366655007476 -0.107637757803012
0.328479106041863 0.311007680315312 -0.0443273021719636 -0.101514984201331
0.140979555336068 0.500232995290705 0.0219898529436711 -0.108258341704677
-0.184407548286409 0.516178253286862 0.0573739704819866 -0.0176686975003021
-0.533231385525981 0.362224977202843 -0.0804719452061973 0.0733896254960478
-0.60434397180465 -0.244932678122893 -0.248743721347047 -0.0781033558753293
-0.190537162752424 -0.66187621725053 -0.145071881181476 -0.298131183548511
0.126755904815364 -0.654062256865468 0.15600041687941 -0.307736150474826
0.0494682800078306 -0.605727797997338 -0.180187917404127 -0.0568400058504977
-0.302290658878827 -0.558659830567067 0.00237405460602754 0.0543737109240462
-0.55949819303716 -0.115891543628502 0.0753202477242677 -0.128405340060773
-0.432568471783726 0.385995955145708 -0.0497911516313063 -0.122144938931689
-0.118239578984413 0.495541778722383 -0.0787633316530791 -0.0393909401320509
0.135281746114662 0.451566454816429 -0.0244404630934854 0.0300433326618088
0.322238632669687 0.330089203966265 0.056252921688325 0.0226545080268405
0.342752555552792 0.287531472935269 0.0778064586123757 -0.00268556268061662
0.318179285773403 0.3307629261063 0.0803912639319605 0.0196401280883167
0.126401016802208 0.518801925921613 0.0943810844581284 0.0311395140924045
-0.197434656066541 0.523383602641659 0.0590447184551761 0.102001422280604
-0.530871093517151 0.366126377571823 -0.0896189703557421 0.133422268333996
-0.611422325623633 -0.223395701084938 -0.242379139852972 -0.0124660351792755
-0.218373477173911 -0.66717185401159 -0.123074139505553 -0.142666260221761
0.0998852128065437 -0.699246065151511 0.101179058461472 -0.0638692173126783
0.00738998723484826 -0.603228156207169 -0.219103225090149 0.185549128672046
-0.352787735164883 -0.529203935964125 0.0831794671281716 0.219032677966956
-0.567751879919336 -0.073724734440149 0.118909425394903 -0.0900878614050439
-0.393097370245707 0.386980733477042 -0.0605420440434101 -0.102008162046891
-0.099196243851508 0.466684199560794 -0.103373584535135 0.0499100691982145
0.127992755448467 0.419675388405555 0.0182221538550866 0.167925624773212
0.2906602709452 0.311743771981099 0.16333486634513 0.149409533606459
0.292223900510941 0.266527113701704 0.201539988602853 0.103547488376326
0.254978270931197 0.299551800628608 0.190133245353673 0.134905062103109
0.0851632809947873 0.445784852021797 0.152844212493916 0.161006516533433
-0.180846022089819 0.427033131613682 0.0564037549399736 0.20542429038255
-0.42615545083404 0.282767498600121 -0.0885228985417539 0.17717107761206
-0.486132365217769 -0.172921820928214 -0.212913122897458 0.0480095838836616
-0.187363225028612 -0.548039829299901 -0.0910060173913083 -0.000285631763555927
0.0558416140321899 -0.622626614758703 0.0535419659751942 0.163255657220476
-0.0317332799287059 -0.499036023915156 -0.247675648528907 0.421539845997669
-0.323616865430877 -0.406956836281239 0.154907207271588 0.379898756222031
-0.45492110412226 -0.0271774285025102 0.157126900584846 -0.0268901222526341
-0.275017075355448 0.299786763973651 -0.0532345294396025 -0.0675992951952484
-0.0685382970396737 0.342972356557932 -0.114090115284117 0.128876510559668
0.0952242232720258 0.313002509804881 0.0581618841754905 0.283010864547816
0.209970055177982 0.243749122898655 0.247304825380924 0.257718536952436
0.1963839470388 0.205461094599906 0.296548456823514 0.194745413912569
0.155051600568544 0.223874918466247 0.26716429073572 0.226866316602753
0.0308632964218342 0.306740528438434 0.183648153100589 0.25676157741656
-0.138864163999162 0.262301666919791 0.0442299091276816 0.265188565237138
-0.255241277775941 0.152358413899077 -0.0809022098832946 0.186366362087815
-0.283821845136782 -0.0983702813310268 -0.169373875967744 0.0842488762855972
-0.125237215070206 -0.346983439917235 -0.0588312090218945 0.0983174190292889
0.00210033020992664 -0.453183607110659 0.0195073396937725 0.33605570440419
-0.061443976938226 -0.30599948810544 -0.261665459063823 0.606715072335184
-0.224612379114893 -0.209502776706779 0.198332489387299 0.50785514485907
-0.24992624513246 0.0248335107772511 0.189276849938708 0.0452009435337354
-0.105611022256877 0.153881392727714 -0.0264620384851532 -0.0392955126449816
-0.0288067930423551 0.154355736572616 -0.114312817566199 0.172388627102209
0.0401480134880993 0.151200565372759 0.0788166333221299 0.350445565208513
0.0901524802337807 0.135186504618071 0.291593605839861 0.3264067303155
0.0697384327098022 0.114152296499965 0.347610893436731 0.255405081296244
0.0373743703828854 0.119733553071468 0.302736921842119 0.280746622626834
-0.0206852266708353 0.136216645878638 0.183707413102751 0.308025934911945
-0.0772269369950426 0.084550484828348 0.0255917981827391 0.280928332338362
-0.0739428927237117 0.0259321272659555 -0.067045836832633 0.169481209038652
-0.0830453514616839 -0.0115633712366295 -0.118585400407326 0.0978804258390526
-0.0703723935936069 -0.120570834804263 -0.029632274682525 0.146296298644606
-0.0558918448630325 -0.236182603118427 0.00639996850347235 0.435103125781513
0.0751841140345479 -0.00342815639365612 -0.0369565558602128 -0.473340668742191
0.0351522194399112 -0.101239419841861 -0.10490921702476 -0.202387657950652
-0.0868380084606615 -0.0593902546084139 0.0377039237193396 -0.0972148998696577
-0.0910197325601149 0.0774358459765112 0.0398169049766116 -0.123868988646342
0.0102946627706198 0.0816232629094307 0.00207864283704631 -0.23662062682783
0.0500052235240753 0.0384699254992839 -0.160903566287098 -0.313352682962058
0.0632710381488688 -0.00932678403656478 -0.301303705280866 -0.287467290124762
0.069284995302255 -0.0132417829658834 -0.347122153542569 -0.249868084695523
0.0610131853249716 -0.00432724271837319 -0.300931965914861 -0.28901694357211
0.0293807798453212 0.0266734972103057 -0.133500610091837 -0.323327011528152
-0.0109110590852902 0.0455912319671731 0.055284913736855 -0.215324252846092
-0.0668561110296865 0.0152634157069097 -0.00104252917127152 -0.0109895639060474
-0.019032113115105 -0.0909810402891723 -0.153101962854323 -0.100188123898922
0.114580847824501 -0.0539451910685664 -0.17797751225277 -0.463799466751067
0.10914678642418 0.0553236075740418 0.224726139649791 -0.690913526063276
0.0902498339184376 -0.196201853061577 -0.0592541625683612 -0.465429346173123
-0.0303287529170476 -0.253772401916522 -0.11300598939732 -0.201016604453185
-0.209263321913698 -0.100595677427094 0.0107979998551262 -0.115125068042822
-0.204499494209125 0.161450596076037 0.00838737356946901 -0.10467459563879
-0.0352393277848726 0.217067557887757 -0.00075774695484908 -0.197022237712935
0.0867705801471952 0.180477393090109 -0.128822187934782 -0.270536050392539
0.1738264370505 0.103998803561233 -0.247904309919429 -0.259215164298812
0.197823669279337 0.0891637905580276 -0.292371146349736 -0.233624896465477
0.192051225668857 0.115186397799774 -0.255470431767586 -0.262839905535521
0.0973510858653155 0.219344500468555 -0.108252543789091 -0.29916896791744
-0.0670369662284932 0.245704191022616 0.0518494146622884 -0.190184126608967
-0.25069333705286 0.168277673535209 -0.0311547896330395 -0.0049314302308425
-0.260688012969427 -0.151407931449689 -0.19604886397887 -0.120977488451519
-0.00996457385412886 -0.304766889820987 -0.181387909824001 -0.464277722430689
0.119598090542932 -0.233604250631572 0.208846462033643 -0.650208919101157
0.0868739199356545 -0.369278987904675 -0.0982838317322215 -0.39018916865576
-0.114089296616091 -0.384589852960388 -0.103578374375908 -0.163504655588305
-0.329322386359891 -0.123793352736131 0.00370609463883056 -0.133967382728856
-0.29769551016088 0.241809101512631 -0.0203378915749803 -0.105538469496334
-0.0724948935577219 0.338013270281945 -0.022526561080855 -0.155740001847019
0.117050791048498 0.30403890189321 -0.0987252351923808 -0.196463615522666
0.261613181672761 0.203006238648853 -0.164999855896545 -0.192770372595563
0.296572428086801 0.177027976407073 -0.191280242714622 -0.181730831904234
0.290961989789096 0.217641774263361 -0.165820689736622 -0.194856474319809
0.145988894113446 0.381641688372983 -0.0560401842196501 -0.224149074532578
-0.119227013363646 0.414365184249612 0.0532645112418162 -0.123146722307139
-0.406201836869532 0.299815618054658 -0.0560010826217047 0.026387708399541
-0.47104612472273 -0.195341481248864 -0.231933804629567 -0.104538858329307
-0.129640262300361 -0.517166089087857 -0.180206344695297 -0.401925088338666
0.116629582237234 -0.4832423030514 0.17803242083465 -0.515770164192234
0.0637065242346213 -0.509437471474173 -0.143542307522134 -0.248476840636159
-0.220969273900216 -0.48371944893193 -0.0667983883138545 -0.0795421360951299
-0.455118517148263 -0.117648163381495 0.0217843509458608 -0.144245791128029
-0.371050497720845 0.33136807543878 -0.0448939502017045 -0.11573373194258
-0.0916987233509276 0.439315902187774 -0.055715914107983 -0.102597452327371
0.142860540792781 0.395283932418079 -0.0652038394639233 -0.0922484432671486
0.319203233106266 0.27300036916175 -0.0597928803873036 -0.0966081251260487
0.349121771595232 0.23597485190151 -0.0612861997381792 -0.10265952735935
0.337314570897563 0.285701903856562 -0.044986074253678 -0.0969417262260026
0.166348650663848 0.48304996354601 0.0167072101020813 -0.10981105606937
-0.152969921283759 0.518969893152852 0.0593851392651297 -0.02185980504883
-0.499823280136625 0.382076009896973 -0.0717462932083697 0.0783254431349222
-0.604737251419886 -0.207448233024442 -0.246506902451805 -0.0561980863928166
-0.217435545269228 -0.641573348678694 -0.162783167647309 -0.280468969144107
0.0973794504647047 -0.642603682089492 0.139361295670532 -0.309046287009212
0.024614829482345 -0.589444905796045 -0.183206299316218 -0.0465317433328327
-0.321006744392543 -0.530858874690177 0.00203491203002484 0.0502898645717157
-0.547947337052288 -0.0877911728798935 0.0595798870333143 -0.135317515175659
-0.398578414809282 0.398198050892303 -0.0624962953715613 -0.116091319110692
-0.0886377058640826 0.491802417246678 -0.0869670506530367 -0.0295145409834824
0.1585314508741 0.434312859424487 -0.0229739685462186 0.0351816401077606
0.334237737453787 0.304312279040265 0.0568885190941469 0.0192007520268534
0.352067880254775 0.260750611566836 0.0768822725644289 -0.00788928179462009
0.328928589149238 0.306412846696259 0.0836163391556692 0.014035780053025
0.15251905289805 0.502238397231215 0.0950025803765348 0.0227220746873499
-0.166617330782649 0.525076575632774 0.0675144155908689 0.094990243200792
-0.497102589597948 0.384283156282797 -0.0772841151140335 0.137157466353504
-0.608351441851969 -0.189324934922528 -0.236032477275796 0.00971199269500912
-0.243336168691788 -0.645924478311892 -0.132671630640446 -0.129612607133304
0.0683825392087268 -0.683666444842873 0.0973290343385809 -0.0715759137128971
-0.0191308476952039 -0.584986003015163 -0.210993114568001 0.191325416345538
-0.370512951966936 -0.498896615162859 0.0896547774416376 0.207232293359244
-0.55328532929904 -0.0437617537041341 0.105908579179122 -0.0996631044573811
-0.360384801172553 0.397485790740671 -0.0701723940710662 -0.0968808835626825
-0.0723132727811007 0.461716505464323 -0.106857304921138 0.0586357156884362
0.150088087884725 0.403030648235517 0.026199222050783 0.167355105845142
0.300730455489549 0.288339451927851 0.168611037804383 0.136259656807571
0.299828599810132 0.243596230324104 0.203061682789492 0.0894270501973792
0.264714391594849 0.280440766864624 0.196492730301241 0.120643376211988
0.107149903689614 0.431924733015803 0.159829808809287 0.147104822375226
-0.154412764400892 0.428765368078729 0.0703816544504506 0.195949821390063
-0.397216709187387 0.298581158437234 -0.0742254696770953 0.178558204202621
-0.480749486922324 -0.143925266917304 -0.203834438047696 0.0666524978661836
-0.208169835542319 -0.528156069281039 -0.0926905044786961 0.00940496097093755
0.0308599939397495 -0.606791544662832 0.0603474364311812 0.151488772899633
-0.0525128334827825 -0.481278448288424 -0.226104327847403 0.42290767613834
-0.335870518270449 -0.380018611915894 0.167966074162994 0.361350254965716
-0.440897442717154 -0.00314199695039064 0.1491595498352 -0.039084178378644
-0.251288852574987 0.304779260851011 -0.060129985938527 -0.0652778754324541
-0.0482866991189569 0.337571168813446 -0.112898305585688 0.135482006522106
0.109163434423352 0.299484848247473 0.0706187057219755 0.277243787230648
0.21846035242133 0.225000699456581 0.256475365788068 0.237342862662434
0.202508263580771 0.189557597246288 0.300941117124263 0.17294608778949
0.162122476813369 0.21258747914778 0.27647418679382 0.205902223266095
0.045424047462872 0.298810088659766 0.195180852918058 0.239065182142974
-0.121613462118761 0.263196958940559 0.0617650153747775 0.255517580536044
-0.238066439497211 0.159127228577235 -0.0650659456645682 0.187565916226818
-0.27727246639239 -0.0808345474625206 -0.159201181023646 0.0996978317256915
-0.137568889865655 -0.332885447565879 -0.0551839178748527 0.104395102327761
-0.0173264822214192 -0.438433106848824 0.0358749001479745 0.320804028816258
-0.0768798337598699 -0.292212569061734 -0.230523320545114 0.603437569048739
-0.23014777285959 -0.190463832946221 0.219255612244224 0.484256681319828
-0.239381658772726 0.0397956375880556 0.187384002048615 0.0309667260772034
-0.0932137917695519 0.152847830276262 -0.0310985381474502 -0.0403485250998058
-0.0203916822142474 0.151076664291711 -0.109312868310063 0.176375256190297
0.0464003650382038 0.14459882940816 0.0942405566569434 0.341749138967973
0.0942720887580508 0.125768999955413 0.302824911840271 0.30142161860076
0.0732057236063859 0.10815787190614 0.353531833869809 0.229589380410325
0.0407375322176981 0.117168860137135 0.311649915303797 0.257281517560148
-0.0149592402089924 0.133772603818396 0.198829251924669 0.289449310439183
-0.0713632732523492 0.0834076037374592 0.043869593795235 0.271935111958174
-0.067706824866198 0.0251764991947095 -0.0519894490114482 0.169344870884538
-0.0766168767828801 -0.0057353411310762 -0.108966563854162 0.108170988320053
-0.0733999858765741 -0.11270291585343 -0.0229179478109613 0.149240041990119
-0.0658653016775735 -0.224910315791398 0.0277620932294394 0.419177897626868
0.0744053923735392 -0.00860330214160261 -0.0482527722803153 -0.45360599690921
0.026947194580178 -0.104192589589264 -0.105522248823135 -0.194017863437217
-0.0907421208100951 -0.0551509622617893 0.0292446303532582 -0.100402710856483
-0.0861389312054321 0.082529348489975 0.0272508635407719 -0.119769748341096
0.0140131409732436 0.0812682454222436 -0.00938470623500449 -0.224361222417594
0.0519368283853688 0.0371690343961024 -0.167591498823506 -0.293141076840832
0.0633757869032415 -0.0113961584031665 -0.302415524055094 -0.262844531147975
0.0677739715420408 -0.0166234859917514 -0.345094918249407 -0.227691892816136
0.0602452347809263 -0.00786649008802643 -0.300303578026195 -0.269594157383212
0.031228591547431 0.025345488789869 -0.139427634299217 -0.311159332096953
-0.00826279958134927 0.0472549110414992 0.0498940892817098 -0.212704562250081
-0.0655457842916529 0.0190789606902176 0.00362875270118671 -0.0075573512438769
-0.0246652705364387 -0.0884587800557425 -0.151652921811746 -0.0898626173692343
0.109785035715896 -0.0594309895614988 -0.190956293847986 -0.439608715562274
0.109505281084686 0.0489080421692572 0.199588020795498 -0.672675825303394
0.0854345331210209 -0.193411858927982 -0.0694525751978645 -0.444551036478701
-0.0394238980442782 -0.248478247228325 -0.114987732457315 -0.192459578197648
-0.208079026729214 -0.0920490904632403 0.000853937443340284 -0.116307169784382
-0.190873883191453 0.166349266942085 -0.00283639375873746 -0.098890317983366
-0.0248939267992737 0.214433010810734 -0.0111362667396942 -0.185455160982506
0.0925465041380222 0.173256213046991 -0.135199225712782 -0.252893863214922
0.173954372083967 0.0939581436749975 -0.248444482381769 -0.239102180095971
0.195981267773564 0.0775482843521606 -0.290534841792168 -0.214924427837258
0.191536898102195 0.103063700172607 -0.254486401556209 -0.246349720527131
0.103645618430627 0.210698212503743 -0.114909223394136 -0.28865580657421
-0.0555882828867058 0.243597955317049 0.0474865704083813 -0.187771083742458
-0.236664953232642 0.173550407052582 -0.0261538164259658 -0.000510714864000838
-0.260247418576473 -0.139138579134914 -0.19378259543977 -0.107237632749955
-0.0184722402418402 -0.299177723133236 -0.195348696602398 -0.439996973615677
0.112277639738412 -0.229963477422414 0.183387137726417 -0.632967777711181
0.0794013606823766 -0.358780260905284 -0.107014996424133 -0.372410652220586
-0.122432120740877 -0.371846105817406 -0.105552851230056 -0.156543618064053
-0.321514886510565 -0.11128908817951 -0.00774015655122206 -0.134631084643454
-0.278148623696893 0.245752740405187 -0.0307822216045968 -0.098564333247896
-0.0563416978757408 0.3322820916054 -0.0317404059130531 -0.144311900319107
0.126438579009078 0.290885751052912 -0.102121675177681 -0.181809661752704
0.262821889660835 0.185993984705885 -0.165285507573202 -0.178044850068191
0.294459957117793 0.158938996672592 -0.190622295974654 -0.16865848943749
0.290530961885417 0.19895288205447 -0.164419080728347 -0.183925853965416
0.157210198708447 0.366327028095075 -0.0615865338726401 -0.217331257680066
-0.0994605615966861 0.408858615365636 0.0509928209597265 -0.123443619130202
-0.3823941863372 0.305910916490552 -0.0495636035543422 0.0302175949656048
-0.463789128365875 -0.173069554864292 -0.22735102683804 -0.0887283978440594
-0.139964415401577 -0.501161381476119 -0.192810890692781 -0.379365450216482
0.103157330107867 -0.470441877108995 0.15782572890012 -0.504618872253167
0.0530450582055511 -0.491629276576381 -0.148276741759051 -0.234398463657132
-0.226737538469885 -0.464225344140649 -0.068435531624671 -0.0767325610337702
-0.441026719800247 -0.103161895619139 0.00803847958053262 -0.145237950105669
-0.344644634436457 0.33477667404634 -0.0535988141525839 -0.108020618822587
-0.0725508670824199 0.429984873864904 -0.0630058212794482 -0.0914235561595779
0.15520430553524 0.379209280513155 -0.0661264900472715 -0.0823493180660572
0.320143625353736 0.25244416067097 -0.0597160767089489 -0.0902190073589872
0.347685455176741 0.215475684178147 -0.0622196593050185 -0.0974187588818993
0.33959558592405 0.264306615945815 -0.0435454413474038 -0.0940156780274205
0.179487502378987 0.464205385842517 0.0128100640403612 -0.109133077631438
-0.128944085337451 0.510745875257106 0.060219718695609 -0.0258455558984726
-0.468300351754473 0.388605528915891 -0.06377458286633 0.0810712457027408
-0.591496867412263 -0.183050057366933 -0.239222925051303 -0.0389288256690398
-0.22930583802748 -0.62016772485597 -0.172692015284955 -0.261594453565382
0.081246142418935 -0.623737195151115 0.125153358741231 -0.305682438474466
0.0120714237582513 -0.566895251307481 -0.182412561329991 -0.039080353675047
-0.325847495756603 -0.50497515307662 0.000956970612601545 0.0463414226300065
-0.530137657401782 -0.0690311970851645 0.0463729252025795 -0.137904347659289
-0.369606498535117 0.397324476079592 -0.0710817286178426 -0.109172523425445
-0.0677119125052043 0.480687734620492 -0.0921384372761201 -0.0191008030199985
0.170222008358297 0.416215888028605 -0.0211563127217216 0.0398500907513252
0.333978960111712 0.282755536983903 0.0572705094539191 0.0165785945865445
0.349272519541884 0.238030268906019 0.0747243144437287 -0.0112328991656721
0.329024133125407 0.286015185202803 0.0849642037879433 0.00858736134489309
0.166573454302033 0.483107009922074 0.0938740316590708 0.0161831308006534
-0.141329779609584 0.51695251264874 0.0726894439072821 0.0873045842629041
-0.465418658267026 0.389098404006714 -0.0668977527500544 0.137074845225377
-0.592888124725562 -0.163805878376207 -0.226273138950864 0.0250553599376009
-0.254508288329987 -0.6206454972176 -0.136826919303845 -0.116128646103743
0.051707327947853 -0.661401923560564 0.0920393013203457 -0.0756703720416901
-0.0309128233362918 -0.561781663053834 -0.203725786366122 0.190932263980342
-0.372667397959422 -0.469798359159312 0.0906679984761548 0.195849717104897
-0.531519728133793 -0.0268668635150704 0.0937004905392915 -0.104391856765722
-0.332552124132543 0.394716576110989 -0.0772491161176265 -0.0916277299116167
-0.0522835621733401 0.45010444468111 -0.108886964921536 0.0656448682979637
0.159822656447488 0.384777554244296 0.0312525532546444 0.165934056035581
0.302003192753756 0.26679597874033 0.169686375457719 0.125272892570753
0.298647955075009 0.224956216147975 0.200426339268874 0.0778015343295579
0.265424591293568 0.262683266669802 0.198166822919329 0.108018310667401
0.118985329974975 0.416816766734289 0.161910384072191 0.134751498598297
-0.135068300748869 0.422155708126056 0.0789430116955189 0.18460014886223
-0.371254761329932 0.300386843795755 -0.061772901864175 0.176135454629605
-0.467350471906174 -0.124546748704389 -0.192871548100016 0.0808234334571946
-0.21705828080292 -0.507185954975801 -0.0921755304803711 0.0175020033308634
0.0147798890158834 -0.584567983532476 0.0629461403261587 0.139643771587996
-0.0646708048208309 -0.459725094233557 -0.212494753965983 0.415732918720531
-0.336087628747275 -0.355272969964249 0.172290449750537 0.342764698673059
-0.422268155166735 0.0115671177262413 0.140513383314322 -0.046391301078332
-0.229888276544867 0.300961450612975 -0.0652124488949401 -0.0629670744206373
-0.0350909070538014 0.32834473795193 -0.111837532953701 0.138925489894232
0.11639189371492 0.28540809792738 0.0772305233863306 0.270195717192125
0.218192900521056 0.209020352546982 0.257110573621338 0.219015171404179
0.201528563261747 0.17664751460841 0.297897480833915 0.155160607981953
0.163587306029805 0.201977392794461 0.27760512674694 0.187133751565845
0.0535510919796944 0.288585494370625 0.199515810213179 0.222400888237056
-0.108550542872124 0.258712886467799 0.0726569572652325 0.243472020475915
-0.221357199029166 0.158557238434604 -0.0527786481504958 0.183927015977902
-0.265871189288248 -0.0691586359817602 -0.147994203307838 0.109347757744983
-0.141582790121488 -0.317422686494381 -0.0511368749566451 0.107495159816054
-0.0292243741698151 -0.421180540541474 0.0447767437591965 0.30439386549835
-0.083868222073563 -0.276643793584302 -0.211798250686467 0.590612172493073
-0.227499856298436 -0.173754957367785 0.227152072454132 0.460251504970781
-0.226013509522053 0.0474308980463543 0.18267780916121 0.0204928009463519
-0.0829424402914256 0.148541159130931 -0.0347844917962947 -0.0409543036237529
-0.0142773569326984 0.145610928650293 -0.105821125409611 0.177181769514844
0.0486518992801897 0.137056257452449 0.101933898586497 0.330973002045932
0.0944594416861591 0.117786423362272 0.303902409459242 0.280078260961136
0.0738099141304788 0.103017731600117 0.351360858124483 0.208416593815571
0.0420543587127538 0.114207284094068 0.313083445204922 0.236528200983887
-0.0116777788876095 0.130197488159411 0.205376495945167 0.270419353501398
-0.0667515600757989 0.0806503415424587 0.0552359057615965 0.259755375540542
-0.0617352770892689 0.0225825931526291 -0.0398175889686809 0.16495471619805
-0.0685184290498325 -0.00180239097107869 -0.0987623273109214 0.114649821689358
-0.0724894626576996 -0.104818950761924 -0.0175681998946889 0.149726706604175
-0.0708443444273559 -0.212333956786788 0.0399728927207737 0.398037847736173
0.0736211728211798 -0.0122351371884808 -0.0507722380022663 -0.436804110881252
0.0200041059606098 -0.105647780883115 -0.103941014944367 -0.188121069926888
-0.0944092670848481 -0.0516295472995668 0.0221277321738233 -0.102179616142883
-0.0825692474733157 0.086875545641108 0.0175321117416059 -0.114116087590606
0.016552745155129 0.0811669009638539 -0.0167454688320883 -0.213458973634502
0.0540806815177589 0.0357363478682456 -0.16986579602521 -0.276259582447354
0.0640033765300378 -0.0127749100259654 -0.298806449410661 -0.244950564100374
0.0671302507251517 -0.0194593729226928 -0.339576075168033 -0.21322227159323
0.0596627278979484 -0.0104890042842072 -0.296201197333864 -0.256631591346859
0.0323606117842716 0.0249686281564043 -0.141440025581912 -0.302632002743306
-0.00651296996899874 0.0495827611269981 0.0486436931372464 -0.210369840448991
-0.0651678798215612 0.0228031202075355 0.00887107604227264 -0.00513198951484176
-0.0287151387286743 -0.0866730168214031 -0.149370946744167 -0.0825541075179493
0.105642825150322 -0.0635731140662823 -0.199188537830093 -0.419782143250647
0.108653896852095 0.0439641339311904 0.184702725351975 -0.652998032163559
0.0839226036632519 -0.19035007964098 -0.0739529334786518 -0.42768837782521
-0.0449570995020998 -0.244791975591145 -0.114245050753768 -0.186270373997563
-0.205986042607659 -0.0866682302348895 -0.00782555498145648 -0.116997889963789
-0.181484310567034 0.169089133126894 -0.0116954772270995 -0.0924418931962857
-0.0180104243164822 0.211299725906179 -0.0180052232233435 -0.175210699027811
0.0972532560300877 0.167409403837602 -0.136396938992303 -0.238895699739759
0.174096444621506 0.0870798635103276 -0.245660592831839 -0.224891221440922
0.19369502185292 0.0688097764322293 -0.285986223433851 -0.202076042661119
0.18957858914461 0.0945866134242783 -0.250034551758557 -0.235519727521546
0.108164469290566 0.203941285928901 -0.11711158581789 -0.281176069019011
-0.0477648626983215 0.241927758292728 0.0454097732201574 -0.185842629600836
-0.227062720272239 0.176164371770785 -0.021368884650796 0.00285257413148362
-0.258325090278954 -0.13154424118221 -0.191057711553102 -0.0967096256281855
-0.0225394057482088 -0.295421349617694 -0.203396558768006 -0.420845729806083
0.108786174617572 -0.22610541639461 0.170664705992309 -0.618299604838627
0.077627929822238 -0.35035299868362 -0.110005764490903 -0.357700361642082
-0.125626504808895 -0.363716053279476 -0.106162265350701 -0.151951696664392
-0.315095541128115 -0.104882388636257 -0.0173571734804836 -0.13480194922973
-0.263434139670321 0.246037389795692 -0.0386524945748935 -0.0912796441901576
-0.0466467037666588 0.326630251180407 -0.0371652467313265 -0.133946803188264
0.13190004448968 0.281746937693798 -0.103050634137988 -0.170393198912872
0.261579299941286 0.174816269252127 -0.163231073639256 -0.168655881765442
0.290783767222786 0.146070136940898 -0.18762964930772 -0.159925328411375
0.28764996249614 0.18598079336012 -0.160894274329262 -0.177234906208457
0.163072398475959 0.354978758059767 -0.0642833751739667 -0.213373714255362
-0.086635637915786 0.40431536663118 0.0504759226662461 -0.123323800245003
-0.363761107914451 0.306083660360615 -0.0447152157263275 0.0333213723732528
-0.456736997632331 -0.161067662279034 -0.222353100084396 -0.0766850793245181
-0.145116012997417 -0.489163275287291 -0.19905331432502 -0.36071587908043
0.0972474397346571 -0.459482162613258 0.145356501907187 -0.493073291439738
0.0512661121234942 -0.4764940538017 -0.150175945329064 -0.224411772080239
-0.227551330180374 -0.449687788330541 -0.0700340101489743 -0.07527600122892
-0.428671216630128 -0.0950588710004673 -0.00294799485691778 -0.145473590959286
-0.324645957672365 0.331951931665059 -0.0615935855233489 -0.100893579089099
-0.0579704826231279 0.422120146611846 -0.0678623497760421 -0.0818047020939759
0.160269213216516 0.366062907307362 -0.0653610684251501 -0.0739606983353407
0.318484607634278 0.237698852615289 -0.0583266938102903 -0.0857866607487364
0.343884385515485 0.200132208006622 -0.0616237400526115 -0.0941428595816739
0.336091869706595 0.249139617283991 -0.0410058066878148 -0.0931033630903471
0.187716348581262 0.449251084384822 0.0102206276908076 -0.109105619315381
-0.114207680728908 0.504830163689674 0.0617396760184126 -0.028687749588301
-0.447442744784347 0.387594007228241 -0.0571157356696499 0.0820479558963617
-0.579548385167766 -0.167661224673988 -0.23183291411671 -0.0267829772192092
-0.232920052123403 -0.602698209716783 -0.177261533466958 -0.246192524707872
0.0749604809593657 -0.606827274414946 0.115896095406282 -0.302111976348898
0.0111378061087235 -0.549069504082234 -0.18237627825551 -0.0338439818138981
-0.323281338217003 -0.486452799704706 -0.000759478669838331 0.0436988055606377
-0.511319844383834 -0.0612239948191842 0.0347777464491068 -0.139333072703566
-0.350115822569946 0.392917860471157 -0.0775420660263386 -0.103304591557063
-0.0556117647015311 0.471020187909184 -0.09602698766224 -0.0107309494295839
0.174745933943525 0.40113045230768 -0.0188112161610631 0.0436754831075569
0.331903834284868 0.26656899115485 0.0577632669368722 0.0145430649749222
0.344991904038507 0.22351135715194 0.0727507448158304 -0.0133137946421432
0.327201039634518 0.271412182149672 0.0865266924839494 0.00393454797130483
0.174251029955361 0.468964140589824 0.091986563464015 0.0113785548003981
-0.127153845431955 0.509988720088714 0.0757029058305861 0.080923833160258
-0.441525703052622 0.387590871738855 -0.0585040197679103 0.135876065892818
-0.577936435335916 -0.150892170168842 -0.217349109418011 0.0370596285146382
-0.257409314597292 -0.603110746438138 -0.13896450880552 -0.10422002628671
0.0461340607935537 -0.642264776334478 0.0871153975922115 -0.0790515775305842
-0.0335886860677458 -0.541854179999391 -0.200417528101701 0.188736139650901
-0.36881797859589 -0.451084281088662 0.0887425304629685 0.187844593044254
-0.513603416714059 -0.0187400168112443 0.0835639792368991 -0.107690681033295
-0.312537874046711 0.388484174855793 -0.0827658549941004 -0.0879536545350509
-0.0413606499558055 0.439738530057632 -0.111351828450611 0.0718462192663472
0.16393805600264 0.371562507742627 0.0337940878001334 0.16506644488051
0.299503142537067 0.252813810352979 0.169245751600845 0.117573499126315
0.294883095055248 0.211689549140634 0.196649620314595 0.0705254391796878
0.264435782671738 0.251521674460214 0.198181213758884 0.0983354337986779
0.124692061635309 0.40485569748316 0.161120530837245 0.124782768942433
-0.121028127126153 0.416202207555495 0.0839062417997499 0.175545071662174
-0.353513134372446 0.297893596784814 -0.052779755182609 0.173482039258609
-0.45226973548711 -0.113769310673775 -0.182604896002261 0.0902066109937385
-0.218129615376861 -0.492797838464196 -0.0918306971371289 0.0245673932875256
0.00921579117326129 -0.565271693740241 0.0624327255519982 0.129979016805061
-0.0676500315405037 -0.442153488554151 -0.206201138925726 0.405841673873311
-0.330680689649831 -0.337596074904402 0.172092706026172 0.328792397124188
-0.40546546986172 0.0188702407212686 0.132825376036215 -0.0524816189720539
-0.215567411081504 0.294793015885303 -0.0693683802740897 -0.0621259923877743
-0.0271743726245176 0.3203468070677 -0.112432302156403 0.142291777103605
0.118313267001806 0.27522551907148 0.0812017529234834 0.265295486684626
0.215840988180014 0.198282094418561 0.256363799150127 0.206221677931383
0.1989496492001 0.167344371950071 0.292666100040202 0.143763213125866
0.162781535878986 0.194827123251918 0.276940893810398 0.174612699582103
0.0569019088784622 0.281063551551597 0.201126331070585 0.209824871293418
-0.100155730261095 0.253208090541391 0.0792637432568143 0.233008378203091
-0.208914406550851 0.155266390764273 -0.0436332476580779 0.180137530041996
-0.255054337349286 -0.0628004758821097 -0.138463950053925 0.117252580407972
-0.142013870296742 -0.306689220959013 -0.0483902775867536 0.110733149454498
-0.0315527237537147 -0.404271018887996 0.0472674396812708 0.289393206998332
-0.0855673552730618 -0.263922550072523 -0.203463887992439 0.576906621467937
-0.223473466043509 -0.162623583064974 0.228471582702417 0.44180359699888
-0.215211545427737 0.0515170611552976 0.17789944271499 0.0121980243950889
-0.0765861935019015 0.143103095696794 -0.0379111589126827 -0.0430884919221846
-0.0113622169595709 0.141091587264954 -0.10548566360495 0.177209966049407
0.0485522696339285 0.131933763494754 0.106091784440501 0.323227286874044
0.092655375524803 0.111940485352345 0.301312404038683 0.265713775908675
0.0724769510551379 0.0993116686105684 0.345382301510449 0.194314918610886
0.0427133856151406 0.112140321215627 0.311372661131446 0.221781274438796
-0.0110694995694992 0.12763569028779 0.207388378744276 0.256362705981198
-0.0643417863119774 0.0774551719639563 0.0629928326240026 0.24868049913427
-0.0573595216358592 0.0187084041507705 -0.0311302000925914 0.160297102055637
-0.0609857260665794 -0.000448915254672817 -0.0906762919509416 0.119480906038935
-0.0709107183493425 -0.0989152599212056 -0.0139466854526077 0.149905429380187
-0.0719379145010944 -0.201671622929005 0.0445842452958939 0.381030525537498
0.0730509888502222 -0.0154276714356799 -0.0523013691028303 -0.424671835508765
0.0139440918047372 -0.107431442852868 -0.102139347635264 -0.185604739334611
-0.0978545644888214 -0.0475795882116786 0.0146249816919228 -0.104954382656259
-0.0794083752094277 0.0907834683310326 0.00919341770892991 -0.108364748259966
0.0192113709394073 0.0819365226611965 -0.0215728888711893 -0.204004840760527
0.0568745227917473 0.0347363161947032 -0.170490061873392 -0.264784113074638
0.064385198108729 -0.0144367975786834 -0.296680158504611 -0.232193013184246
0.0671122006708314 -0.0225523459262489 -0.336045659998154 -0.201854614458366
0.0595395865678894 -0.0127242242120365 -0.293675897678623 -0.248282946753444
0.0342297081155759 0.0247548443438956 -0.143490784254546 -0.296998956796983
-0.0042457585310723 0.0516132514288211 0.0480250541827579 -0.210290039494398
-0.0651221077258629 0.0262718729841065 0.01356749996577 -0.00367758518180398
-0.033516863378445 -0.0849072835116777 -0.147611711652231 -0.0767283590468621
0.102779560563499 -0.0671001227106896 -0.203815799560668 -0.404719271271113
0.108488957535368 0.0401367266409664 0.17555060298592 -0.639830300067578
0.0841933782963492 -0.189787919511596 -0.0769263838610196 -0.415023498570088
-0.0496516702620917 -0.243110674761203 -0.113283192846883 -0.182727358262741
-0.20563579754814 -0.0823012495147069 -0.0155314687513203 -0.118034504987299
-0.173639368073323 0.171675831541069 -0.0185017066333043 -0.0858283498803533
-0.0115581235585015 0.209427996751661 -0.0223392797764127 -0.166224336115921
0.101493494434879 0.163555882891835 -0.136854632771667 -0.227294009502539
0.174247720350154 0.0814617860223223 -0.243419249523256 -0.213333573178909
0.192456474718751 0.0624284565246008 -0.283488384412957 -0.192547563289409
0.188263085144816 0.0881700753666244 -0.247895364730273 -0.229022936184696
0.112181304288788 0.199309831319022 -0.120137533785275 -0.276151952421627
-0.0408753145809231 0.241482232220708 0.0454247601186618 -0.185702855496698
-0.219480424791308 0.178593238757568 -0.0169688373666471 0.00514870289539892
-0.257688114641079 -0.125016652633868 -0.188746115489978 -0.0892735135356183
-0.0266487685307513 -0.293216098523529 -0.20950876223389 -0.405330932075925
0.107017881531218 -0.224197711273151 0.159945741791625 -0.607332576091504
0.0787183896282433 -0.345193980230584 -0.113069917220054 -0.346477375544203
-0.129609314055913 -0.356938604618884 -0.106228941748561 -0.148851627846022
-0.309952127766629 -0.100109091390637 -0.0268658142170509 -0.135192510128694
-0.252888607888998 0.247037694033044 -0.0452322010635245 -0.0849088484312386
-0.0378286036246159 0.322897046316838 -0.04199995173097 -0.124543213399508
0.136990661521281 0.274902876923182 -0.102177600837761 -0.161072919754734
0.26258775457262 0.166160062582008 -0.16118262523254 -0.161539863985331
0.288986290000868 0.136833567732536 -0.186386692183495 -0.153906289696525
0.286705954883989 0.176700456241064 -0.157557164101694 -0.173630547667339
0.169216952424697 0.347893110652523 -0.0672925449252187 -0.210322279839762
-0.0767822363024475 0.401867434870815 0.0502915675754891 -0.124879896712404
-0.352254691180693 0.308586988323919 -0.0396892704951873 0.0358694220792481
-0.452245012790691 -0.151813262624205 -0.218466223302803 -0.0669900119063835
-0.149113638367815 -0.483244457994449 -0.206030093525121 -0.347619641681212
0.0944689098968246 -0.449334512349323 0.138185440640658 -0.487460185867847
0.0536027989015453 -0.468104955043417 -0.152901493907826 -0.216243752721918
-0.227059795118775 -0.44103448024585 -0.0719287203280773 -0.0735015117234876
-0.419469132787618 -0.0905399806600143 -0.0123669427051976 -0.146687908162699
-0.31228360357959 0.328670271106611 -0.0681222007104972 -0.0940489973526152
-0.0493632359713628 0.417538890087517 -0.0723923448092166 -0.0732699475755144
0.165462472821249 0.357193518860925 -0.0639615937178811 -0.0670690322797184
0.318782618609989 0.227236973368719 -0.0569396393650231 -0.0834905665984181
0.341365331348908 0.189971490102706 -0.0614179582782202 -0.0917636742474678
0.335926943337282 0.236514836997455 -0.0388815183079326 -0.0933746451092137
0.194364977745427 0.440027593129646 0.00774917295282907 -0.109838575472211
-0.103404990976227 0.500125738066397 0.0628863180618682 -0.0319333514850608
-0.430303998263773 0.38756514934447 -0.0511788911968848 0.0841204914160941
-0.570214632404845 -0.158029315567401 -0.226024213855054 -0.0159642806708555
-0.235729792236379 -0.594314133405975 -0.183154618893856 -0.235212131018201
0.0725474522980559 -0.595440869402247 0.111665389836556 -0.30065862375145
0.0119015576124917 -0.537368866144624 -0.184357990121657 -0.0298703290837359
-0.320972301585563 -0.47437385535821 -0.00302434200514329 0.0426970363038422
-0.501549731539569 -0.0567847633485305 0.0244254842829024 -0.140798090179422
-0.333582675081456 0.389276272968511 -0.0843649370382374 -0.0980639222156588
-0.0450620329100411 0.464923083040598 -0.0992973301218342 -0.00280543828419556
0.179132878153516 0.392306262674391 -0.0163966513384801 0.0476811886970011
0.332380238577353 0.255333530116731 0.0590872838615543 0.011958665544446
0.342484218834125 0.211931122334207 0.071629447046134 -0.0152108662756447
0.326311513812542 0.260110345702152 0.0876652755799432 -0.000233600059921039
0.180707350201616 0.458076185933232 0.0901427242599843 0.00695869065524016
-0.114222951709798 0.503866365673642 0.0789161128974979 0.0750263721745307
-0.42412191044083 0.387419557047469 -0.0525434306259437 0.135739283089982
-0.568754517951477 -0.140159690296213 -0.20908799916101 0.0474550698186487
-0.259553856145042 -0.592842490697044 -0.140732434297135 -0.0949507942173524
0.0424469247361598 -0.628133900478527 0.0832444094351849 -0.0825516404756338
-0.0334647979618362 -0.527860352260807 -0.201246768499852 0.188584165643971
-0.364586525165149 -0.438255823769019 0.086809892776664 0.183407133234272
-0.499834996868621 -0.0137647306550465 0.0747324233962478 -0.112132629328545
-0.297942741470505 0.3838119074247 -0.0884653946625928 -0.0852997714707967
-0.032219934807999 0.432361266405727 -0.114481501072128 0.0780256806168399
0.167262762306422 0.362385688446306 0.0374718295846566 0.166059110941628
0.297572842203973 0.242817579841627 0.170036875121851 0.111193826357948
0.293166391952706 0.202131034264939 0.19440477273885 0.0647639832766388
0.264248425909478 0.242683463330063 0.199515815601442 0.0900056626596
0.131451224210006 0.398033604767321 0.160819726795366 0.117055459924257
-0.111008704535812 0.410613813218226 0.0886178919605483 0.168479306780048
-0.338439931729708 0.294847551817475 -0.0448954681864866 0.171070154929576
-0.443069537494687 -0.105988694764775 -0.173957412185121 0.0990761156086821
-0.218822895573472 -0.48298177257301 -0.0912519433380642 0.030675510569337
0.00543514203439697 -0.55168640522135 0.0608497428461677 0.121756390885954
-0.0680535044185871 -0.429554375964546 -0.204057507602138 0.401202210483623
-0.32695521893752 -0.32680145534268 0.170750519871983 0.320782734011632
-0.393044857249842 0.0226019594992893 0.125734607555658 -0.0584203720355169
-0.20549655514956 0.288956822753533 -0.0744085970460566 -0.0617962233377769
-0.0203364446964367 0.314585928062163 -0.114305142865453 0.145598250148142
0.120709303013271 0.269509414734346 0.0849288792066149 0.262657030572942
0.214462303864639 0.189671953444942 0.255963413098562 0.196553402542806
0.196825868433349 0.160954472940398 0.290653005983685 0.13486750662104
0.162890422626489 0.18963390684585 0.276419036280226 0.163772398943124
0.0605282441153754 0.275612043057995 0.20194458282806 0.200021913747183
-0.0936397794074268 0.249406551629559 0.0854617298642714 0.223810382872693
-0.199903898650676 0.15189400602143 -0.0353794082217487 0.177090763279116
-0.2462266732702 -0.0586690480455944 -0.130138966486285 0.124683786056541
-0.141640187584945 -0.298671679028462 -0.0461549875146374 0.113902475760478
-0.0341140561697657 -0.391999699996961 0.0487261266338131 0.277801210087114
-0.086596413536752 -0.25479352926535 -0.200104915289291 0.567218275327745
-0.219118964556772 -0.15503355320495 0.228971992691531 0.428674475471254
-0.205984969056706 0.0536086054731888 0.173644439553324 0.00452048479260628
-0.0710922649579073 0.138085642496361 -0.0426528435587689 -0.0457839741322435
-0.00964267145820027 0.137617233292205 -0.105929015317157 0.178248996673376
0.0489341433764325 0.128854594324185 0.108914046799556 0.318044179981463
0.0912914934685528 0.107833084262986 0.301060662915663 0.253728319080312
0.0715076447952665 0.0970865302049841 0.341596158475806 0.184401568653502
0.0430468257633406 0.11145635566637 0.311748420361034 0.209385459759696
-0.00998824872307018 0.125958633013613 0.209367218165865 0.245292299985956
-0.0624565474530892 0.0742905321237747 0.0694843447518574 0.240154052110572
-0.0540237245027139 0.0145316965625946 -0.0238807583266662 0.156449961341252
-0.0534991226848439 0.000106456021740952 -0.0836396226386014 0.124884498740809
-0.0689440717286122 -0.094074825402807 -0.0103315150367889 0.150973879586738
-0.0728298128006452 -0.193002265445268 0.048540907807543 0.368659863163727
0.0781508451703026 0.000293296538844934 0.0330803360860285 -0.416557848514622
0.0321400573198555 -0.101479766397731 -0.0580556135592513 -0.199104823826872
-0.0868532079261424 -0.061349540120537 0.0323321359695106 -0.104681622546274
-0.0900218916950266 0.0757392358530799 0.0217661768331374 -0.101290365438724
0.00556000108000882 0.0862017928947234 0.0150750670264266 -0.197844453331747
0.0514252849915874 0.0467479333973214 -0.115457045002089 -0.284602518890544
0.0654989599303775 -0.00103392215338395 -0.240529951943489 -0.28352067227976
0.0715910020743582 -0.00939297607469347 -0.280842719611953 -0.260005914420151
0.0617170363738863 -7.63196644625345E-05 -0.231313414309458 -0.299049730934246
0.0285777464432551 0.0324544050054759 -0.0753472908172942 -0.314471687617673
-0.0139471423772357 0.0515349098673962 0.0910822380266029 -0.193151679413384
-0.0687745335044278 0.0132652986011918 0.0162192441167058 0.0030939227040876
-0.0175223293564127 -0.0902966181962887 -0.12988709543241 -0.104344217236238
0.109795653004477 -0.0463557295342311 -0.120730074175467 -0.434757033040814
0.0970121735272841 0.0609836785228415 0.319212027503499 -0.594541383174349
0.125889405774026 -0.160405248634105 0.00828133660016962 -0.414750362296237
-0.00181661061374948 -0.241207366600434 -0.0647137251668232 -0.198671704161746
-0.179771528698969 -0.115564909685479 0.00501160171254352 -0.126200077666723
-0.192429503681851 0.131864991013798 -0.0112581097144745 -0.0863543445875939
-0.0477809060147971 0.201255334368718 0.00630373413951805 -0.162231874300289
0.0691003610997359 0.178245775788594 -0.0921816632422204 -0.243388715496467
0.153078999260578 0.111537123070791 -0.191751260472477 -0.252169615742301
0.176695917423729 0.0976118434396607 -0.231866420106477 -0.240472708879223
0.164805409191828 0.122932554226331 -0.190219069441778 -0.269491655308055
0.0686143168700891 0.214519493928976 -0.0580074646610652 -0.28626799977307
-0.0879680565951304 0.227038226423799 0.0819371832115745 -0.16372837100027
-0.246304367585311 0.124586882183175 -0.020103272169971 0.0106621006009492
-0.22464993917692 -0.17905369377922 -0.174919613931663 -0.124262206590897
0.0340437695531007 -0.291403233388842 -0.125169667109789 -0.440112270300885
0.154499284614182 -0.19179997988434 0.29447679663504 -0.566236039193312
0.152747520237497 -0.307564430052735 -0.0417029419766477 -0.356712885602331
-0.0535870006405291 -0.362250553530679 -0.0617239281384977 -0.166519345444199
-0.272559699680172 -0.153944809323073 -0.00185534209068518 -0.147456297900795
-0.278696334064977 0.184436833205911 -0.0387778154919395 -0.0918413255389515
-0.0935893123534977 0.303081508921777 -0.0201457909507537 -0.128235564039496
0.080883507785021 0.291154076306589 -0.0735339889272058 -0.174059602641236
0.221010072744505 0.208184739909712 -0.122535099327446 -0.185405006608701
0.255032509692264 0.188633140746941 -0.14704020754153 -0.185386730600868
0.24060401739391 0.227338648481358 -0.114429523071355 -0.197888558026321
0.0955890202078951 0.366977901007594 -0.0213696672125826 -0.209690573871756
-0.155236374454969 0.372551765493642 0.0729836729275212 -0.0985223155554679
-0.39784079801029 0.219512562401643 -0.0523725957620514 0.040084485113893
-0.40390325266418 -0.249691647142278 -0.214111541846747 -0.106932493106266
-0.0421911099732011 -0.500402891413286 -0.131063664581648 -0.385768942616578
0.193251687437239 -0.411196038402517 0.243833845073828 -0.455395978521521
0.153706122883311 -0.428412579475616 -0.105870672789914 -0.240867840837985
-0.131923347332277 -0.458690599436801 -0.0393031864850776 -0.0903243810272749
-0.376616629383268 -0.166481414775384 0.0134840060178517 -0.158333591875744
-0.348783196563768 0.247737249181436 -0.0607603635282764 -0.107653390318952
-0.123116773765832 0.38770022819588 -0.0596301438056255 -0.0855991474852841
0.0914305025204779 0.37383178773651 -0.0566917672396274 -0.0759986582205281
0.263196914847615 0.277455948029358 -0.0371002460104492 -0.0887923447953084
0.293817400835415 0.250183781564344 -0.0401081956377804 -0.101681578898941
0.274014031002943 0.295463372137285 -0.0162267181917939 -0.0968739830130716
0.100349155887124 0.461129885692028 0.0299608678069151 -0.0973538859326515
-0.199546948419114 0.461132674504217 0.0658720862355455 -0.00430002993867087
-0.487790793144388 0.276979349502893 -0.0760674452777796 0.0863752641541562
-0.516897386987341 -0.282526257387798 -0.234110942314469 -0.057730233781554
-0.100708752789193 -0.624131454893419 -0.129440395730974 -0.272482095169641
0.202631221879213 -0.554170931093439 0.175220513703394 -0.279501640826533
0.126830004213742 -0.503005294309008 -0.173563588901422 -0.0688463161469477
-0.214215606073979 -0.50804616326425 0.0062031561074065 0.0325357961292818
-0.458384398355367 -0.14881448910692 0.0479092426869002 -0.149346113084137
-0.37916161428441 0.299136903593371 -0.0764728676908451 -0.116326134062886
-0.128701845520932 0.433149814867679 -0.100653329089132 -0.0241244820039612
0.0979750094946993 0.409123607529432 -0.0343420482588416 0.0440867299779735
0.271070878246507 0.304462380699232 0.0551879203550768 0.0263462845326186
0.290512995024551 0.271776593313207 0.0722202966394099 -0.00222978293591524
0.259394317622339 0.316352783741078 0.0868714118080705 0.0173391749177604
0.0839294776125589 0.476344673002248 0.0848771020045595 0.0315564998144866
-0.213293150780753 0.461345955713849 0.0593217422256945 0.101245436325801
-0.4813992978404 0.275131549090201 -0.0869287620016375 0.135484297326158
-0.516170955481744 -0.264543055916004 -0.229233923186013 0.00865835682271564
-0.123534668456772 -0.627691606168765 -0.116997815319854 -0.126652293166162
0.180907296166512 -0.592781771867855 0.0975877914879877 -0.0702026250841359
0.0792018897557818 -0.50497226427453 -0.233540942940653 0.138323297450643
-0.265313577135628 -0.479860320668291 0.0666982027349613 0.183390854647709
-0.466743685728239 -0.106100892697454 0.0905995922430201 -0.112057467917933
-0.345153823095926 0.300246199228831 -0.0827567861660336 -0.106053584167327
-0.110830290447098 0.403902464125298 -0.130724671005423 0.0507518562298436
0.0894836519741149 0.377083416647899 -0.00462772361803574 0.169688250689327
0.241570033848757 0.286779411391787 0.142782972904515 0.144892043394922
0.244004581646124 0.252483775337185 0.174480222946644 0.0985285760051429
0.202973533674792 0.286947443760132 0.175432928237839 0.126128906553385
0.0467925953785185 0.407067063459061 0.130148299718669 0.149695887891127
-0.190929191042811 0.370823933620336 0.0509365810986756 0.189693273034308
-0.379272596949254 0.205678487908303 -0.0847256865365215 0.166875825880507
-0.39964950176937 -0.202278185457376 -0.200366016040217 0.0677417073640671
-0.105700977908323 -0.511250755448591 -0.0938225097691915 0.00909172821383121
0.128553077974869 -0.525422759145882 0.030507481462123 0.127251540838641
0.022676783712655 -0.421299821485293 -0.278792393647896 0.343066808988688
-0.252330873468036 -0.366520036912787 0.118795914545142 0.331656549087317
-0.374013008924907 -0.0500770821981104 0.130006265397859 -0.048157652711731
-0.241047442085921 0.228896140022706 -0.0713118121765082 -0.0812216287134221
-0.0789392070523581 0.290625926149877 -0.144265552585481 0.116908431291044
0.0618293206930729 0.278124717229739 0.0236461291803899 0.272581448188967
0.170496818881485 0.220214527445258 0.208920556155584 0.243553742602229
0.158757421947481 0.194767020096945 0.251877658569633 0.185049379833017
0.116341605906219 0.215807892616703 0.235835426962659 0.210631366888532
0.00299315841118203 0.276202666721733 0.153323165304627 0.23355867778367
-0.141675064997863 0.217919268458074 0.037561710304201 0.237016154738246
-0.216640788638956 0.0975385862178007 -0.0723935742436752 0.16848389485829
-0.218814519776702 -0.110786290322046 -0.155847122475806 0.10168207101869
-0.0702461258204265 -0.316167843529282 -0.0664848637107753 0.102019334513621
0.0534410462042598 -0.381336493101289 -0.0151646644719576 0.27939504385192
-0.0347470046437264 -0.260946252199322 -0.306838384573977 0.507602795044884
-0.184101851460114 -0.18531078786198 0.149630871224374 0.450488089096368
-0.202954424254632 0.0146878567470923 0.164607998836024 0.026947095891736
-0.089875065286512 0.112941963637923 -0.039750649515584 -0.0584725110435503
-0.0351263903473587 0.124413814584985 -0.141431289227127 0.151697552568511
0.0195629593388453 0.129426459274393 0.0396482598147399 0.330904785414341
0.0671188431790048 0.11874133561873 0.241010257705796 0.309222561334597
0.0487709871457627 0.108746803750018 0.29138510986052 0.243217639457001
0.0171168684525351 0.116962708572518 0.25777031315967 0.261411372142899
-0.0355489895477848 0.117566671904669 0.15110004157695 0.275309658526406
-0.0761102295442804 0.0554851970165463 0.020041734745709 0.243481676440011
-0.050495886070737 -0.00241392348725289 -0.0517647588496011 0.145862806304557
-0.0450906352961431 -0.0104067315147073 -0.104406525982857 0.110952987440131
-0.0441614215299907 -0.102490759107615 -0.0401780289368466 0.148325733808625
-0.0288461470746189 -0.198547505804569 -0.0351612717528369 0.369790888643219
0.077163065495089 -0.00286454477697089 0.0311303607201663 -0.404582991956705
0.0270418538583189 -0.102263987551593 -0.0570273791675586 -0.196093662303859
-0.0888314668621288 -0.0572981604329237 0.024989628376661 -0.107506037928319
-0.0865346993653736 0.0801824191190608 0.0148442781592531 -0.0957791142325825
0.00885499510753248 0.0862131815294069 0.00998993640949503 -0.188524475882281
0.0540543379899733 0.0448503352986593 -0.11632311413403 -0.272266897060877
0.0662390775310518 -0.00242176132776516 -0.237114533753669 -0.268916010960303
0.0709762277719225 -0.0125531901841629 -0.277930063958406 -0.248648412503916
0.0615824208097646 -0.00193353174707462 -0.228928085421672 -0.288789954978692
0.0300521205828475 0.0323094805374916 -0.0778087568821158 -0.309145962462175
-0.0114423661990081 0.0537066735076906 0.0898438260325128 -0.192663722313304
-0.0677235017692973 0.0174274960312915 0.0212251419163282 0.00494411192699372
-0.0218158933347551 -0.0873226618228378 -0.128433790474669 -0.0975529133173669
0.10622636454042 -0.0499801929650366 -0.126557823247743 -0.417681041371222
0.0960197145226744 0.0568304345972898 0.305941370389304 -0.580955824536379
0.124863309648587 -0.159415007513531 0.00584578838850843 -0.400491344147037
-0.00684392559396178 -0.237918178582233 -0.0649269480683731 -0.195386703289112
-0.178566295010616 -0.110433751226709 -0.00213366040827206 -0.127312185246071
-0.184348528453003 0.134626526807737 -0.0176587335834098 -0.0800546948244343
-0.0410205392209309 0.198984087045187 0.00189340887588793 -0.153918042806666
0.073292347967398 0.17332494238122 -0.092615439518873 -0.232821308405792
0.15313243407027 0.10564065140283 -0.189468334602586 -0.241980614820338
0.174804255887181 0.090555915301049 -0.228699841447708 -0.232608019367672
0.164066926511983 0.116612850485498 -0.188496203258987 -0.262981515062483
0.0733165754766251 0.209765780960317 -0.060977442543859 -0.280512308887738
-0.0817082143222768 0.226773532271582 0.0813309523413903 -0.163233089978284
-0.238109805530242 0.127512826259139 -0.0160050989194476 0.0140358347355251
-0.223501435095417 -0.1726907800575 -0.172659518819007 -0.114553813527561
0.0303516596600052 -0.288752879127688 -0.130328277347257 -0.423179985881232
0.15202305849774 -0.188832498853137 0.283036879934527 -0.555479071075308
0.152401723267681 -0.302457726776477 -0.0443160160847672 -0.343901275009898
-0.0572305298531439 -0.356254432388349 -0.0627337584655257 -0.1625215653098
-0.26719242217449 -0.148262047732475 -0.0112815711164505 -0.148347867714837
-0.267384941529895 0.184619448496674 -0.0449088365831317 -0.0844824706286715
-0.0850959436264412 0.298137992691107 -0.0249909662435839 -0.119094349342172
0.0861894596044202 0.283435697225946 -0.0729502074585165 -0.164768926936385
0.221290316347438 0.199022443696726 -0.120322915537389 -0.179172426690415
0.252075222780015 0.179227244925984 -0.144973086115827 -0.17917644139679
0.23831979333685 0.217114297267975 -0.113201862410786 -0.194225703180651
0.10168652680687 0.358843535128152 -0.0238967324558092 -0.207030132498919
-0.144559904530717 0.369690203585313 0.0730920908513474 -0.0997287583841101
-0.382961788283716 0.221833211342439 -0.047365341620562 0.0429288039601326
-0.397822388714429 -0.23955860283746 -0.209544147340318 -0.0964534198751989
-0.0467941416307505 -0.491080024096752 -0.136738809901041 -0.370285761551503
0.188704901004984 -0.401964086474861 0.233431057935365 -0.447492195815123
0.15312784583572 -0.419409347760969 -0.108764085603961 -0.230106298864072
-0.132549781005059 -0.448850586848754 -0.0408486175485718 -0.0872831724874148
-0.36750022349866 -0.159979472153188 0.00266678959018226 -0.159090656888393
-0.334431292457019 0.246031565806682 -0.0665176231204981 -0.100999962328655
-0.112862414030314 0.382345828169522 -0.0642014667008059 -0.076671558679108
0.0967306465600619 0.364552267176618 -0.0551361546489718 -0.0694683010798127
0.263155701229626 0.265331609922661 -0.0358973924038932 -0.0869387964758202
0.291238148501767 0.239214423479412 -0.0392614456202678 -0.0992487459090035
0.273576895569978 0.283691123688194 -0.0150354405067122 -0.0976520150204062
0.107961385955889 0.449929803725306 0.0269308323019885 -0.0970437838448573
-0.186946643451512 0.455847560063421 0.0676665060928294 -0.00809444205042787
-0.469859660974929 0.277155481403192 -0.069937236755532 0.087950590186873
-0.506234695554749 -0.269469357074029 -0.227469851845586 -0.0464275692271799
-0.103921728814148 -0.612377293295005 -0.135170125960799 -0.257206953951039
0.198942982184092 -0.538172208138702 0.16727654121406 -0.276779706098181
0.12604025526631 -0.490507696585098 -0.17538871046057 -0.0625438546748747
-0.21453638980956 -0.495298671780546 0.00519226317946734 0.0317544831479741
-0.445620323677217 -0.143206524572338 0.0375527672773849 -0.15079606296299
-0.364384109617047 0.294344919323225 -0.0828482691673068 -0.110995190525929
-0.117621541323694 0.423723822592936 -0.105098465371283 -0.0167413806791759
0.101812334577862 0.398458547832939 -0.0319591253458965 0.0478588177006727
0.268451846721635 0.29367742974213 0.0560659711767985 0.0236546576187807
0.288583577145656 0.260651020077379 0.0711431545425762 -0.00391630411334505
0.258828398821255 0.305011364672935 0.0873013430321604 0.012540579937171
0.0907183019580282 0.463779818362403 0.0833024634805347 0.0277514350297873
-0.200651642516633 0.456256457980937 0.0625227528648812 0.095609625198871
-0.462767288022954 0.2731634377358 -0.0798036385847364 0.135218409032356
-0.50510884157996 -0.2532690493188 -0.220342939767339 0.0198766003320199
-0.124948733535522 -0.615203137440987 -0.119394164573282 -0.116099488154879
0.177862862596177 -0.575441425178075 0.0928238565190073 -0.0736397577901077
0.0783359550393589 -0.490422283568481 -0.233248067262808 0.139816221365023
-0.262218386638373 -0.466472997299004 0.0658085951084106 0.17893927367653
-0.451643159484916 -0.100518629575149 0.0804844164325229 -0.115616199147715
-0.331138287416854 0.293791008543138 -0.0890264130449805 -0.102666132873724
-0.102589728281584 0.394847624669082 -0.133883519885142 0.0566012597712511
0.0934739670258147 0.368190126783289 -0.00214977062224787 0.169490961214601
0.239251388871582 0.275850662209047 0.142686256840552 0.136858790355668
0.241772468687762 0.243388883068847 0.172033052934347 0.0935564162402171
0.20261992529905 0.277738994026927 0.175077344032941 0.116879248982092
0.0539536436198251 0.397438569888179 0.129369285658542 0.141930040666613
-0.180217050851572 0.365502081486446 0.0560661603203405 0.181182811250922
-0.363299073229353 0.201516718173584 -0.0770783712038707 0.164717601369565
-0.38857075240531 -0.194633661218079 -0.190535123819453 0.0769526110592656
-0.107765119938285 -0.499155587145774 -0.0934421715076991 0.0152688626206096
0.124751830977903 -0.509434995267364 0.0290354027774461 0.1190534517603
0.0210145369327671 -0.407651592094217 -0.275880489456804 0.338905656693411
-0.249242192202005 -0.354713532106351 0.118777620141119 0.322056344012192
-0.360176186117074 -0.0445492424703477 0.121951135306586 -0.0542197921672829
-0.230453279366372 0.222537879315397 -0.0771283256661323 -0.080236322640693
-0.0724133537287489 0.284348365403253 -0.145705443692941 0.12055684268839
0.064053059587272 0.271049649521908 0.0268585795905404 0.269197771978607
0.168658180917232 0.211931613063636 0.207843306279345 0.233351179566074
0.156894935146082 0.188545857289658 0.248280186347794 0.176452960655278
0.116798773838074 0.20957967537432 0.234757959818987 0.19947420408106
0.00674829423512974 0.270539599828765 0.1542017048393 0.223358927437699
-0.13515475276866 0.213754676703458 0.0437555104788045 0.227640368169177
-0.207534175417125 0.0937058035435202 -0.0643609752682854 0.164998083010442
-0.209057327295058 -0.106201849459564 -0.146382160517924 0.108756015709543
-0.0703270216222761 -0.307116883365592 -0.0649016909704672 0.10516532687419
0.0512843322815658 -0.367513829075165 -0.0142293807562701 0.267270769142701
-0.0360378307247179 -0.251322299689188 -0.301392221875741 0.498180731948248
-0.181253409709737 -0.177677055353396 0.151364682941736 0.43628943308712
-0.193864108913112 0.0168744924092233 0.159516597502173 0.0192325910547159
-0.0851736686016194 0.108132733754546 -0.0452116904837542 -0.0602034304833086
-0.0330020023790521 0.121007804355388 -0.143064250706494 0.153223881896169
0.0196114816441065 0.126320734329108 0.0427907084939824 0.325788875671173
0.0658690612239566 0.114888901014007 0.238758679331114 0.295783135444567
0.0481094364548095 0.105824618357438 0.287322730726694 0.233150991816781
0.0174502892975645 0.115558951542199 0.257112945574442 0.249545585037822
-0.0345319304870489 0.11651054061972 0.153938562213611 0.264290391809466
-0.074571695351644 0.052548046242816 0.0267051116909583 0.233517727182858
-0.0472796093800757 -0.00675229451116816 -0.0440160548628059 0.141025162220443
-0.037948534458991 -0.0100758468841649 -0.0959695176592339 0.114878559504205
-0.042705923628644 -0.0977086119532347 -0.0369047872443724 0.148334635678408
-0.0299600234554748 -0.189072825107458 -0.0311013347065388 0.354835683996272
0.0758648543704387 -0.00526286220565757 0.0349033580180213 -0.39194671953212
0.0224518691645696 -0.10215300299327 -0.0539665835359981 -0.194355192983857
-0.0898671207356415 -0.0545726546478683 0.0196879532443327 -0.108225758298158
-0.082843329934209 0.0829587649530437 0.00877750040137981 -0.090379514885329
0.0108459470893181 0.0860119690106461 0.00710573411031335 -0.180113576352508
0.0553079981568002 0.0439378175501398 -0.113909048987274 -0.262605011131171
0.0670092656239763 -0.00342564005806018 -0.230908030495442 -0.258830209692328
0.0698067199118446 -0.0145509976334354 -0.270130676784899 -0.241922188577992
0.0611989511636036 -0.00307589032316865 -0.224283500850721 -0.285022198795793
0.0317021498466672 0.0328588407797906 -0.0765789269441252 -0.303506866139276
-0.00974246557708668 0.055264595751204 0.090518379587901 -0.190840306041881
-0.0667646468624724 0.0196619303621153 0.025354532574074 0.00626181258497586
-0.0244041925020506 -0.0851413996644917 -0.12535542144809 -0.0929079275875535
0.103097055664142 -0.0518266046728497 -0.126211954178759 -0.402113863250051
0.0949356988018162 0.0554073842619862 0.303179225518975 -0.564172234116674
0.125841134457302 -0.157380727389738 0.00893991183409029 -0.38751531684918
-0.00850345247919131 -0.235297197342549 -0.0624510728030213 -0.191609454037107
-0.176115460177101 -0.108105744136733 -0.00881628546010477 -0.127986315728403
-0.177615103514017 0.134314212185035 -0.0221516344632267 -0.0739217577347611
-0.0376388761275406 0.195579947909899 -0.00179163374083896 -0.145398283297798
0.0749494293784939 0.169491402549283 -0.089771279146989 -0.223939932338244
0.153119704124935 0.101564283198777 -0.184232515919463 -0.233818978134986
0.172302019023376 0.0855889588983653 -0.222874493935224 -0.225951143190523
0.161599298180437 0.111881486648291 -0.182828363492657 -0.258520665725016
0.0746632635193938 0.205239795104249 -0.0596203285951243 -0.276266549201301
-0.0772565521067331 0.224182763935869 0.0820598088419036 -0.162358022944358
-0.231611556549294 0.126594020396083 -0.0121896462131764 0.016512738523462
-0.220144969273547 -0.169349166055096 -0.168589370540619 -0.10730491672106
0.029240401049681 -0.285192947101787 -0.131415684785146 -0.408283021243104
0.151964680046898 -0.1828370164538 0.27821143410044 -0.54030283571981
0.154487803215183 -0.29575490695313 -0.0418794294882169 -0.331638978224274
-0.0556455678180326 -0.350506465513069 -0.0611815634096494 -0.159663402646981
-0.260190222738898 -0.147016673937025 -0.0189504423519177 -0.14752320852135
-0.258607978923863 0.181980143718058 -0.0493322426178117 -0.078046038057304
-0.0803332470713475 0.291919494420031 -0.0283338978438851 -0.110487007615934
0.0878562935310606 0.277428784639227 -0.0702464463467539 -0.157351533182598
0.21856693755994 0.193682611369593 -0.116422766511811 -0.174608338451733
0.24826136283748 0.172525079978647 -0.140913047630948 -0.17505949142103
0.235464011197376 0.21064349043579 -0.1081418468411 -0.193415348637409
0.102111060997116 0.351139525573912 -0.0242135122828329 -0.203127841361306
-0.139015390694158 0.36448345629741 0.0742295269724271 -0.100826065565612
-0.372156845736976 0.216224629214182 -0.0430506271438007 0.0450267926318262
-0.389872555727793 -0.23589135320351 -0.203675125033109 -0.0880990822264842
-0.0444798981529059 -0.482771548697019 -0.137642161834145 -0.354335554449199
0.190302077366436 -0.389467998827761 0.228362199715773 -0.436275749816605
0.158153511086721 -0.408857967459749 -0.107047981970086 -0.220812238264125
-0.127499795217301 -0.442088459100354 -0.04036409983202 -0.0855025512670175
-0.355657759469686 -0.159597405628097 -0.00537211985689428 -0.159681496828361
-0.32420365508952 0.239744959716025 -0.0713366995495662 -0.0948355333472872
-0.107526739499709 0.373244085913979 -0.0675684145163211 -0.0686044468061758
0.0979693153840243 0.357446451763714 -0.0527198406129089 -0.0638019726490068
0.258698378192817 0.258695990963382 -0.0333460384317581 -0.0857853792508337
0.288056902265989 0.232175698928883 -0.0375839748451941 -0.0977328798811792
0.268981868949871 0.276723555336388 -0.0125791896809151 -0.0993308125939697
0.10983188546036 0.440660268011152 0.0258330603271219 -0.0964607708629522
-0.180762320175822 0.449154152376934 0.0687956743449866 -0.0104606994335964
-0.456139175250737 0.270184080112202 -0.0652517450026217 0.088062578331215
-0.494106659719562 -0.264677411496499 -0.220331967625647 -0.038454831946155
-0.0998985507300425 -0.601392435767408 -0.135260924868236 -0.24637690452463
0.201137039396083 -0.521807202023452 0.161931081327007 -0.271406070177676
0.132229633598386 -0.476090767971034 -0.174802551053719 -0.0572711202340336
-0.207377207737239 -0.484660279311421 0.00425910357015985 0.0317103512095972
-0.431387587151328 -0.144245297013673 0.0280717413517372 -0.151917924074658
-0.353412908767075 0.285416318035023 -0.0876458881772123 -0.10562161851451
-0.112796320893552 0.414846200062693 -0.107770335166387 -0.00993067162586744
0.101497812518208 0.392279929687449 -0.0300282542471752 0.0504890175077476
0.266413534740235 0.285956450016248 0.0564954709505883 0.0210865669120835
0.282528874760155 0.254112815617574 0.0701219438794804 -0.00430234617901656
0.254018246030337 0.297858214383178 0.0877202894915847 0.00811703352447914
0.091691464735756 0.456286267596039 0.0811537263095389 0.0252802423085974
-0.193019778558078 0.448132773601537 0.0640397641170508 0.0892243020644508
-0.450512203046834 0.267717806757961 -0.0744525676495693 0.133877891997375
-0.48955234863711 -0.249197035856392 -0.211704079906697 0.0265991242632621
-0.120713284937196 -0.603380163152786 -0.119463784999118 -0.108194826167296
0.18157018627156 -0.557189932797575 0.0887037574618965 -0.0753950108321538
0.0840652954402492 -0.476722072892208 -0.234195527119746 0.138904925938327
-0.253861994699819 -0.455991030266751 0.0631621239808246 0.174890790843938
-0.43751216579523 -0.10066498785648 0.0711353114480055 -0.117723238268515
-0.32149886265044 0.283696366430495 -0.0938948729317133 -0.0994103033634445
-0.0986081401733794 0.385546316458723 -0.137774702528492 0.0614369904253209
0.092639156307355 0.360579940926541 -0.00126618731322007 0.169750594695407
0.234378637170598 0.268595472606033 0.140559932851924 0.130631643299178
0.237090434148286 0.237094221258226 0.16893534755095 0.0900930153483075
0.199511139339326 0.270727705529962 0.173661169494022 0.110217886743564
0.0555170665142378 0.389512356871772 0.127571373715882 0.137018838655114
-0.175089207281743 0.357637530115203 0.0581194532972454 0.173040959438533
-0.352601470068979 0.194553215572024 -0.0710172934702929 0.161787103560882
-0.374497258365955 -0.190336960951009 -0.182218635548868 0.0828888839710185
-0.102659165097943 -0.488161561969622 -0.0933506832642177 0.0194869815983443
0.128926524000635 -0.491670182409595 0.0250039328701506 0.111136636273092
0.025437451247683 -0.395641232974296 -0.278139500911123 0.332616789328189
-0.242087757097879 -0.346564977315851 0.1148588297038 0.314644499686997
-0.34698546853186 -0.0453555501590995 0.11381735541295 -0.0574724971957353
-0.22393508198566 0.214361996780986 -0.0819635578380692 -0.0793580096369026
-0.0703308264194941 0.277001186610063 -0.148953598147504 0.122878711960096
0.0627694775425555 0.265701493667737 0.0268448713006981 0.266676420481225
0.164144862653817 0.206263646877033 0.20420374146524 0.224888966116691
0.153014676818628 0.184244854912885 0.244304635774707 0.170959638534216
0.114109285481026 0.204862765008482 0.230422015222194 0.191223985724312
0.00778417033426871 0.264884831002925 0.152728255220297 0.215724358143126
-0.13204389762184 0.207585264670064 0.0458041170975732 0.217652723203777
-0.20065753578574 0.0877095194323745 -0.0582257651439691 0.160092493607514
-0.198515595687835 -0.105329493437129 -0.138199362869256 0.113127264257673
-0.0667029096648442 -0.299043787022676 -0.063606956340872 0.106045328678462
0.0529749019525415 -0.35301594195647 -0.0162435837968716 0.255450022983908
-0.0328237335782149 -0.241962639192029 -0.30202826827761 0.485186536369528
-0.175687977213331 -0.171986987113893 0.148187822111318 0.424608942248157
-0.185226976820138 0.0167566859576588 0.153307616304618 0.0135883630036847
-0.0826558330460556 0.101714845415086 -0.0500670369848295 -0.0608245654886902
-0.0330168713044835 0.1167720719427 -0.14576345926288 0.152833975662572
0.0180675931292209 0.123920321866768 0.0409587526796972 0.322174328356413
0.0630591995986867 0.112125039308518 0.234739079759611 0.28816524576693
0.0459423884107659 0.104270458573117 0.281577330371495 0.224678961971662
0.0167464906029128 0.113912155295423 0.252720189502496 0.240614780343135
-0.034622560822665 0.11485126470141 0.152937098550155 0.254328293874574
-0.0740027458289849 0.0489159070653421 0.0295322081610436 0.224585377754333
-0.0455097790151396 -0.0113371456554204 -0.0382304120807079 0.135748080846828
-0.0309617126300656 -0.0107889777297365 -0.0897326282200078 0.118065855959407
-0.0394168200064789 -0.093125791293949 -0.0357605227886169 0.147175106003011
-0.0288530239913808 -0.181225961158184 -0.0323407528628122 0.340682014002242
0.0754650974699362 -0.00701225412142096 0.0446669525148303 -0.383991175309581
0.0197137057834896 -0.103337853507766 -0.0493944729368544 -0.1948182471913
-0.091081596740463 -0.0531582088095203 0.0152836425977182 -0.110897281506344
-0.0811251648699633 0.0846753540568832 0.00499917390226786 -0.0851823270545632
0.0122329303364113 0.086975809592674 0.00680000084167758 -0.173914588964919
0.0574688419116175 0.043318233535552 -0.109216072330945 -0.257587934834331
0.0686496780471112 -0.00385239369833601 -0.22398999945267 -0.255841858211037
0.0705653136889385 -0.0154542778763429 -0.264283603240517 -0.241604960739945
0.0622369357130496 -0.00408990944949949 -0.21793570957625 -0.286070621662516
0.0326734671663146 0.033012765521759 -0.0727157132013516 -0.303043793116285
-0.00825747318973899 0.0570579088116812 0.0944842120628614 -0.190109101245096
-0.0667875322281594 0.0219505447745135 0.0290218026652533 0.00822073204745877
-0.0259750983819451 -0.0840707929189213 -0.121969669143427 -0.0906467718625338
0.101749896027631 -0.0527381596068782 -0.119935663574315 -0.392788044620378
0.0936635859376009 0.0552606347402766 0.309175400187863 -0.550012118070101
0.12974012866942 -0.155346988529691 0.0183240865425497 -0.378211814045015
-0.00759336621434414 -0.23514377582371 -0.0586225523418159 -0.191082649988031
-0.173318345306358 -0.108778900242636 -0.0143636154195173 -0.129157634122663
-0.174493476559573 0.132835596723709 -0.0265615212638571 -0.0687249815658175
-0.0363040575596188 0.193970602791551 -0.00202622695690089 -0.137846960931433
0.0749475590063505 0.167789541933024 -0.084786357335561 -0.218859944314245
0.152044350961078 0.0999120885708129 -0.178252130373337 -0.231742875707491
0.1704191896542 0.0841302206083749 -0.216333552700549 -0.225351715810849
0.160158504784168 0.110476218993092 -0.176977620155949 -0.26052306106346
0.0742871159351729 0.202955727195186 -0.0570210678823434 -0.275001501084692
-0.0761164032609066 0.22313909256682 0.0856863363518959 -0.162252240008901
-0.229508018688389 0.12442255029931 -0.00879354628774233 0.0186759324336559
-0.216890863251385 -0.16986916654922 -0.164278247057905 -0.104949778327117
0.0335838537017478 -0.283868224790886 -0.128318811063203 -0.398505469071628
0.156717444054168 -0.177227671397718 0.28337131751342 -0.525961441349816
0.162735740815344 -0.290486229182272 -0.0351022081724868 -0.322676257341706
-0.050902087949447 -0.349213177921136 -0.0578490070816949 -0.158579855076829
-0.254797760843003 -0.150060442467104 -0.0251418805530944 -0.148476041166868
-0.255291656553973 0.176900416032097 -0.0530960439503337 -0.0730634807635573
-0.0796241148967543 0.288841628952547 -0.0294234215014037 -0.103359473271745
0.0861272723069111 0.275536375450573 -0.0662521618016653 -0.152644367793562
0.21613588253126 0.191728666129245 -0.111582382565448 -0.17405581152786
0.245055552972046 0.170941184943568 -0.136054359823394 -0.174577676412076
0.231624557857457 0.208719924681795 -0.104102455653112 -0.195180482210755
0.100031704348079 0.347430021089101 -0.0225490542505086 -0.202247999083665
-0.138814061206058 0.36055939868632 0.0769708565698663 -0.101472421719667
-0.368109210305786 0.21078995502028 -0.0400020848177627 0.0472030274421754
-0.382746338040521 -0.23768914990577 -0.19829147657915 -0.0843304992418519
-0.035224882926092 -0.479609793196696 -0.134168939776365 -0.346369503860248
0.19980441359022 -0.378855832520761 0.2309504987519 -0.427715640908518
0.168663817292739 -0.401138511237144 -0.103180225270521 -0.214110484093599
-0.12018066240765 -0.439740458646348 -0.0389024069771628 -0.0849527534574477
-0.347134565514766 -0.164890050700762 -0.0124272052340167 -0.159964577137365
-0.32176650089641 0.231787215023011 -0.075146584665228 -0.0899526429165387
-0.108246450318428 0.368339486171587 -0.0698546730217814 -0.0619625484759334
0.0946903113173155 0.355603980955547 -0.0494620660935921 -0.0597492942495509
0.254370236260649 0.256082317028395 -0.0309448658605953 -0.0871338596773646
0.282457955658221 0.230742448978661 -0.034698725957249 -0.0975063560320683
0.263894543853558 0.272824645895032 -0.00967532875492556 -0.101395338562967
0.105695155412567 0.436473268925812 0.0258935375522679 -0.0959787138030818
-0.181976786084975 0.442793965497314 0.0700382584211608 -0.0137810018450003
-0.450694442608831 0.26091755849707 -0.0618089388197755 0.0892335315485529
-0.483749118532453 -0.270013218102086 -0.21418732256561 -0.0346202271259118
-0.0888733722303049 -0.597387344013486 -0.133745776216879 -0.239521666527447
0.213343090630754 -0.509961364105168 0.16085391947217 -0.267342695593706
0.14579120236093 -0.46706041892838 -0.175414351952627 -0.05443954428723
-0.196365964591325 -0.48334815037724 0.00306051275960976 0.0316682137879939
-0.420465369214702 -0.150747402007542 0.0209889185280751 -0.152058028906673
-0.351263657519515 0.275648397923647 -0.0919117519000681 -0.101845255995532
-0.115075246795373 0.408697759540685 -0.111913226391882 -0.00360407360702398
0.099051870052821 0.389696971442185 -0.0289365742814787 0.0545087235412582
0.25929628922228 0.283890799707627 0.056121874268434 0.0190065415457626
0.277067939673814 0.252879966157582 0.0705232633498634 -0.00493180717793539
0.249391575130203 0.295666816107297 0.087642327070662 0.00565726868985137
0.088861519209262 0.451229230886214 0.0799380502991564 0.0249162243318272
-0.193978313134054 0.441631629810245 0.0650407119966112 0.0847114256730288
-0.444347264040959 0.256244612204835 -0.0710805274479084 0.132855782842947
-0.479560713268237 -0.254472728050814 -0.204992205842406 0.0299858387904324
-0.109468341811299 -0.59902373083323 -0.119016522826839 -0.10281468957316
0.1930764323525 -0.543234212239855 0.0849925361647389 -0.0760088384337954
0.0977283972609298 -0.467947449956082 -0.238357193898354 0.137820310479119
-0.243270436194735 -0.454666644725643 0.0594576228711231 0.173997542860105
-0.42582325739777 -0.108189238489318 0.064008390786485 -0.118853782815333
-0.320165064001898 0.273105150487423 -0.0979496720102756 -0.0975083261414668
-0.101014015814297 0.37946827670232 -0.142133473212016 0.0658849624990039
0.0874716584581336 0.358804103818574 -0.00204580631633348 0.17210020680206
0.228832154376546 0.266419782340408 0.138173091796355 0.128240519710418
0.231457016497096 0.236394606708095 0.166929824467355 0.089593721819272
0.194300158270316 0.269900553556988 0.172029678176595 0.107475996154382
0.0510274455317336 0.387134413143042 0.124923620076088 0.134485982403383
-0.174349303854279 0.351966998272386 0.0579705259283718 0.167031082434579
-0.347028046586505 0.184794876147455 -0.0681874080457597 0.158623701481602
-0.364200544115468 -0.196247825255594 -0.175799278417837 0.0862200912648224
-0.0939820703381292 -0.484281594395681 -0.0939980832719719 0.0225719540952635
0.140221452665687 -0.479512024880563 0.0196400246232385 0.105974465583319
0.0354180647361612 -0.387249424721009 -0.285187351273014 0.326135669770127
-0.233440613986469 -0.343019680348416 0.110086017282911 0.311657630859096
-0.338608849089436 -0.0519964690682929 0.107440093805138 -0.0596773215607737
-0.222636030943449 0.205256457998348 -0.0862047462811387 -0.0796888411571482
-0.072449796854521 0.272341683033844 -0.155022948419816 0.124940125976903
0.0587414785032111 0.264463100394799 0.0225534370591331 0.268371286572466
0.158787329367003 0.206038474380726 0.199748083046704 0.222297780429376
0.148319055704479 0.184430994153104 0.239935386422555 0.169939098535932
0.110590793126202 0.204353398684769 0.227224704258491 0.188484805411281
0.00524089868491807 0.262662780472779 0.149007295167864 0.212240192835762
-0.132734347876796 0.203334884986172 0.0460113713475056 0.211257248254114
-0.19703519566 0.0798919599882325 -0.0554178392895373 0.155738693129124
-0.18935586893894 -0.108701974151153 -0.132723130720579 0.115581788169301
-0.0598394244465682 -0.295511243724971 -0.0648919964216699 0.107511378730646
0.0610071431350675 -0.342904493755708 -0.0227736446451861 0.246121529049095
-0.0272751767252727 -0.235491672471093 -0.313040486949139 0.476261191600574
-0.170486756891233 -0.170288397016985 0.141097439870483 0.419320160693315
-0.178289898480123 0.014007094755211 0.148021876000866 0.0108128954302336
-0.0828059330702821 0.0966636284666312 -0.0542028506502301 -0.0631301224805774
-0.0351617000317055 0.11406392147739 -0.151425959501141 0.152966760071255
0.0155448049872237 0.123548862723381 0.0360611736169092 0.321709231306668
0.059485552294914 0.111978031222207 0.228242059210486 0.286063928651371
0.0430413400218436 0.10500977801778 0.276368160089253 0.224202307840029
0.0147162624580004 0.114244638045301 0.248000715050744 0.237361678312822
-0.0365464065690361 0.113857490322348 0.149384719843269 0.249511805219156
-0.0751397597499446 0.0451748963537853 0.0298250720737324 0.217458761860724
-0.0443973933704304 -0.0162787558532712 -0.0348255974961486 0.130773502589101
-0.0245406778506902 -0.0125814326949684 -0.0845407122426293 0.119846470393118
-0.035870335136519 -0.0906485942858445 -0.0367051639550048 0.14748179118203
-0.0266793956037769 -0.175258654168755 -0.0390106742067187 0.330478647994101
0.0765977451185509 -0.00824476162834506 0.057144894026255 -0.382231619534975
0.0176542577330334 -0.106446972998787 -0.0449622639637648 -0.200243278966954
-0.0939415853133138 -0.0539579341504293 0.011301859643821 -0.114637436666068
-0.0810734967414717 0.088156821425183 0.000968284695826225 -0.0817941543622974
0.0135127077122644 0.0889889999917476 0.00751721197835475 -0.170910468973858
0.059368145897246 0.043882260709899 -0.10543454849784 -0.258367389236606
0.0712252506698676 -0.00460213886096485 -0.220632951159909 -0.258322798960669
0.0718633920426594 -0.0168619975458392 -0.261918210868791 -0.246898694766394
0.0647575567206886 -0.00452577430857948 -0.216235528378447 -0.293844692368169
0.0345519937246438 0.0337642715959315 -0.0694401811003487 -0.309257548569921
-0.00717467253406302 0.060042840966504 0.100993913218438 -0.193791360678806
-0.0678406888876649 0.0243960757633646 0.0334708735036746 0.00991407169802867
-0.0271977161616978 -0.084375960618517 -0.121251532733284 -0.0908089738295089
0.102401783573133 -0.0544836060721742 -0.115769770817322 -0.390899219189572
0.0951405366144871 0.0564716863218338 0.323403616262467 -0.544708672618087
0.136777429099751 -0.156440765785911 0.0275976201544962 -0.375848812483012
-0.00720849299083911 -0.239132611711933 -0.0546813011439944 -0.195002233546753
-0.174246641000327 -0.112656246234121 -0.0190103467070055 -0.132616529246688
-0.175334300870761 0.133352440407935 -0.0299267817912284 -0.0643345312225224
-0.0359959731092148 0.196268020530029 -0.00254741855975956 -0.133445758349209
0.0766006204001704 0.170380028029267 -0.0811152119597555 -0.21874004250876
0.154741838085375 0.101373681357673 -0.174235034648982 -0.235243749079786
0.171488606697843 0.0851322370204292 -0.213715432199734 -0.23054016392546
0.161586576344332 0.112065441555202 -0.173762533866008 -0.268743553149812
0.0743621849748648 0.206603844086667 -0.0532473771608185 -0.279305243734219
-0.0780001948988606 0.226482712665875 0.0913756294925472 -0.165659072937533
-0.232542352681247 0.124286983802567 -0.00528444926874638 0.0210539586397253
-0.217840435427439 -0.175201344950649 -0.163481571941309 -0.104571391321915
0.038665161263499 -0.288552357309764 -0.123477928573541 -0.396166303946485
0.165827280850148 -0.175290046763176 0.296358877930314 -0.523359269279829
0.175267472495461 -0.291337498239948 -0.0267922246732473 -0.320941033817038
-0.0463361698287686 -0.355478353867444 -0.0550564852777655 -0.160775246166141
-0.253858577524665 -0.157036899506498 -0.0312465706019245 -0.152305752350363
-0.257857160602816 0.175074737855268 -0.0568555339018577 -0.0685837857019962
-0.0825635827581053 0.29071550157379 -0.0305279463835649 -0.0977036462689686
0.0873764763297197 0.280046874960868 -0.0635462120025505 -0.152103666204808
0.217715942611793 0.194717928835716 -0.108360175776281 -0.177624886676176
0.245492982193115 0.173720658920944 -0.133237328392952 -0.178674843683918
0.231900586262859 0.21194453395948 -0.100937352577344 -0.201789086556262
0.0989643051697404 0.351976691272701 -0.0200315914791176 -0.205292260032559
-0.14196744282862 0.364790285582855 0.0816780175036256 -0.104642475028672
-0.372798079207598 0.206144665152224 -0.0373072360698093 0.0497565542870261
-0.382456445792518 -0.247246786552559 -0.197545298611687 -0.0838048096142133
-0.0264253102167829 -0.489118382770032 -0.132220435641326 -0.34519249522004
0.215789068206244 -0.376528779781234 0.240229622234501 -0.426991530610785
0.185162826748807 -0.401968585756397 -0.100287231485165 -0.21301948157394
-0.112785351349352 -0.448222774451607 -0.0372540264084523 -0.0852876924666808
-0.344131194874818 -0.175963856930602 -0.0189070176994051 -0.163669685566724
-0.326341577095562 0.226732471896278 -0.079479497999579 -0.0871108824617708
-0.112519226648602 0.369420619536875 -0.0727742493900252 -0.055883306042697
0.0930422200735875 0.361094288076878 -0.0471659250314432 -0.0573891487184343
0.253865267170136 0.261134089492616 -0.0287713279349535 -0.0900464248910468
0.281704953331309 0.234566355002361 -0.0324979551755224 -0.100100660910801
0.264013096776808 0.278647038965787 -0.00762644627504115 -0.106039728769369
0.102164887293103 0.44316774884847 0.0277127364357967 -0.0968312787322407
-0.187722932750011 0.446330084894252 0.0729905626138279 -0.0167422172938449
-0.456626813420647 0.255168855864758 -0.0599288338100359 0.0911589051166997
-0.482341706654241 -0.282313679871541 -0.211616440367605 -0.032030549576851
-0.0785100357979097 -0.607433070523011 -0.133994760326299 -0.236691224111142
0.234516500722131 -0.506465499278045 0.1647079400922 -0.266650632703942
0.163957365501549 -0.468624835012181 -0.177184912918928 -0.0533170748314655
-0.186705023259276 -0.493711901260954 0.00273212512690194 0.0331389749543453
-0.417926519836777 -0.163136860874317 0.0140423063156776 -0.155438156815281
-0.3581830254535 0.269228354243419 -0.0966639968497444 -0.100909194540622
-0.120157964217719 0.411309587042301 -0.117061788961404 0.00245585730974316
0.0955947089697013 0.395271521976057 -0.0278184886318238 0.0587574792925873
0.259289767701045 0.289894807491596 0.0569904552796639 0.017244052143454
0.276917994284656 0.257430926284066 0.072183535631051 -0.00512890451271004
0.248450928837891 0.300552707835161 0.0897155702645665 0.00217149058793502
0.0844625754167117 0.456104597607 0.0802965593396518 0.0258147356628583
-0.200991175999216 0.444974756888413 0.0661178042049318 0.0817237433634587
-0.450120263187214 0.2484747353178 -0.0705757156223615 0.134393664043212
-0.476952570415029 -0.268026053652141 -0.202763508067822 0.0337131096297319
-0.0982397049419177 -0.608206349336398 -0.120933618851292 -0.0997202981265261
0.214170748931027 -0.538825122799455 0.0842292234879289 -0.0781676624120309
0.113688946163033 -0.468043045101835 -0.247148972289996 0.138833991979636
-0.234673933241037 -0.46295816285006 0.0575926676555193 0.176850589154065
-0.424022926197144 -0.119569801636941 0.0584017684758777 -0.121622529833358
-0.327164367789064 0.266771170497286 -0.104038161969137 -0.0984030239381603
-0.106954696874629 0.381194376266708 -0.149887158508121 0.0719693102934546
0.0854234377285356 0.365394922395132 -0.00330732260412003 0.178573978815095
0.22666801121504 0.272231305413777 0.136908513328728 0.128475899396963
0.229985990062539 0.241768456355182 0.168711917084768 0.0916518063639847
0.193105186203753 0.275097487490572 0.172890920543073 0.106930828057389
0.047114668985232 0.391220477827588 0.125122298333823 0.136415101510692
-0.180707150331743 0.352003106579546 0.0582560739160205 0.164345618206959
-0.351811196937788 0.17848191123552 -0.0675264412568281 0.158838012644603
-0.360522362008121 -0.205876752340033 -0.172567790101043 0.0900851146133051
-0.0833392795241032 -0.490517813309162 -0.096947555791335 0.0264850432624566
0.156434370619203 -0.474675658821779 0.0140692537284756 0.10209930632298
0.0490888906654788 -0.385933883315844 -0.297811165479998 0.327612965099404
-0.226504790729798 -0.349251435179858 0.105961396764295 0.316211078029457
-0.33436227068371 -0.0589641721867469 0.102792090434915 -0.0617406647481157
-0.227598365252586 0.200605421880483 -0.0915394665421166 -0.0818787712240052
-0.0772153240934254 0.272821128405053 -0.163138488988889 0.13024770353245
0.0557048171838407 0.268993981765172 0.0198437286625181 0.276296577488447
0.156815076450539 0.209807965236077 0.197881434071695 0.224930550466357
0.14706654239352 0.188490072395446 0.240055290628595 0.173482018875134
0.108366371496563 0.209207705911264 0.227717896161182 0.190119302108196
0.00212735250608233 0.266190106243919 0.148690385729704 0.21399583219145
-0.136931227259817 0.20068223284058 0.0456307886144392 0.209603298395947
-0.198750352072608 0.0731792882357697 -0.0542243100129016 0.154774369258511
-0.183407175584288 -0.114640284537341 -0.130099715267032 0.120309105746913
-0.0533294338814364 -0.29851872493116 -0.0675084758186541 0.110846608393105
0.0707676137093818 -0.339110277190899 -0.0305549593119609 0.242190284388357
-0.0207802432935594 -0.234784403472923 -0.329815488570797 0.475570203473884
-0.167527427216801 -0.17266879091822 0.136744132843445 0.423181480733956
-0.175421911014755 0.00984970373950994 0.145485140855359 0.00920231123044598
-0.0849705550467825 0.0932605583797168 -0.0597088263495179 -0.0663151556416486
-0.0378838192067285 0.114427290693349 -0.160113429762463 0.156831699900564
0.0127940322848037 0.126306165068721 0.0316124874419889 0.329774311615237
0.0567280822554181 0.115048028343062 0.225826761662732 0.289312549915298
0.0402913421279399 0.107489637439427 0.276196493386582 0.228225345221073
0.0121412653250787 0.116712773053149 0.247153212899951 0.240026986921984
-0.0391865822173089 0.114987757304971 0.148741172292524 0.250356885098862
-0.0785694863701946 0.0426130904121825 0.0293856239800298 0.214990984196455
-0.044296576161885 -0.021486421861454 -0.0333223697706018 0.127664883065724
-0.0187026596192532 -0.0149589942945446 -0.0821419005100875 0.12456188233515
-0.0329520236792205 -0.0902198848987355 -0.0390845885032969 0.150779024439701
-0.0228183188981296 -0.172585257078792 -0.0475441235192801 0.326097032820619
0.0573907843051513 -0.0540149988268832 -0.181429653717579 -0.353020986412188
-0.0513471608101423 -0.0952151645717033 -0.162142394077008 -0.143628510276006
-0.110272322620903 0.01223544966249 -0.0702706761417736 -0.0982405254812388
-0.0131749269636408 0.118714741192017 -0.0487582637135764 -0.0558974266930794
0.0643416741886638 0.0647813842975656 -0.0938232981227194 -0.137785359758473
0.0758073198508338 -0.000501331704600979 -0.240205735216285 -0.144302309707429
0.0554046544830913 -0.0472586969723373 -0.339744555274903 -0.0784592112355602
0.0471747694691922 -0.0601914421045787 -0.364625517352349 -0.043324615767493
0.048564670324619 -0.0466852821480339 -0.360926147128513 -0.109145293702806
0.0497532251526396 0.00613795090619683 -0.247744087354116 -0.216839581061584
0.0347057540668955 0.0538586418897784 -0.0356194205426024 -0.225592852783699
-0.0400937225514975 0.0643490978544912 0.0391096707026988 -0.0142994156169122
-0.0815100475746409 -0.0527406156477646 -0.152599739093557 0.00419623004459752
0.043797096848326 -0.115680345035361 -0.339689562294353 -0.239965612944055
0.121191902851195 -0.0221396074685409 -0.0753018693682911 -0.658647196509433
0.0274460443813556 -0.214870546998333 -0.211460494713666 -0.332210388988379
-0.145713920310314 -0.190583662097643 -0.170213957146628 -0.135601550446589
-0.210886097121929 0.00777841275945253 -0.110540305747259 -0.0919206251110278
-0.0641632084358201 0.208438829223165 -0.063389976186331 -0.017806010710999
0.0860690900282467 0.180791869838326 -0.0764983196743782 -0.0986439728092683
0.16497142410968 0.0923602860906306 -0.193635635541748 -0.124521362308335
0.186126847225077 -0.0113170099358106 -0.28488962357619 -0.0897578056333995
0.192061129627973 -0.0369854981749625 -0.31663857577837 -0.0591615416985081
0.20125967421769 -0.00859112768177005 -0.312407187438398 -0.114680562426385
0.19019823634848 0.124471007210728 -0.217581775577564 -0.200952439620512
0.0785049668671779 0.237894437872555 -0.0240528716797466 -0.196842722698815
-0.118924494848014 0.247942612097044 0.0157498614633857 0.0189267433846461
-0.30275233060943 -0.011413900065426 -0.193247339433187 0.0205781251698495
-0.157514464878964 -0.273759218807487 -0.344709598071402 -0.240910149949223
0.0365369511180698 -0.265757993893465 -0.0781579548667874 -0.613288560465972
-0.0129897890221372 -0.350510072023443 -0.233742835560523 -0.254086315763482
-0.241811516245252 -0.264233881407419 -0.154500397933519 -0.109003676728743
-0.302737434224215 0.0149857068754355 -0.136588267252542 -0.0972941745929184
-0.109725580363232 0.287495974326167 -0.0891808448190635 -8.69493167659043E-05
0.103432522805188 0.284903761195184 -0.0767849217523954 -0.0500524224404958
0.238954135699606 0.176638581216426 -0.135339504274222 -0.0785663218938578
0.293542328637832 0.0263708485298181 -0.193510891277398 -0.0832961515688327
0.308274159707389 -0.00878669549249798 -0.218861510735297 -0.0670447592124434
0.322707182536948 0.0312200291058243 -0.212444281652408 -0.104956245401106
0.301925663952715 0.2312719825009 -0.144166323395722 -0.159468654267067
0.109141763520509 0.393765255655424 0.00656290512840757 -0.141851243493168
-0.187908293812393 0.402107167433811 0.00878112878660689 0.0612561487230118
-0.490362675541272 0.0294319956962547 -0.203701519405085 0.0584979907718673
-0.337270055030047 -0.401356668310525 -0.312087283665849 -0.195720139195238
-0.0457495598388589 -0.46878991823918 -0.058500599443758 -0.489967200715196
-0.0646976321771183 -0.450276556183583 -0.236357950309276 -0.119228975811434
-0.346975156681695 -0.302852633969487 -0.098919068327803 -0.0580394877812181
-0.389665143411318 0.0487701006059622 -0.136109119045782 -0.110087871316745
-0.136086740748858 0.367879615105494 -0.119105476011178 0.0015403065149374
0.125467371660195 0.367115267469972 -0.0845339709700814 0.0119173123243209
0.292990267266707 0.238790020572349 -0.0629877781941349 -0.00782684747473987
0.36375308119611 0.0588135097520283 -0.0728572754114092 -0.0598700796253731
0.376509684798809 0.0198517012288461 -0.0887840545714891 -0.0639428088955132
0.39065549262743 0.0674351393316404 -0.0773820730829498 -0.0841270643993681
0.361661422425164 0.303896511467924 -0.0388855311138646 -0.0993427374129388
0.123356216632818 0.491976514932858 0.0538643703605349 -0.065382850708508
-0.228952429584569 0.493461429220372 0.0159183073524457 0.108308076288482
-0.59803159557333 0.0620381234395173 -0.181000242423791 0.109343401050809
-0.453652697252129 -0.468634323680668 -0.240482121456746 -0.107405232402932
-0.112949030032669 -0.5894560652721 -0.0179759327544299 -0.304517704573593
-0.120119345190056 -0.493161459239988 -0.209323405199253 0.0617040359098083
-0.43027872537642 -0.297354276928994 0.00273211901167443 0.0164180083917662
-0.440521916045464 0.0997486307284114 -0.104970461770511 -0.120176547708502
-0.13997277363588 0.41900178991443 -0.142362469293111 0.00317083047707584
0.140181309620611 0.405155918898127 -0.0851139859169078 0.0878934449800145
0.315487646585245 0.265687903557277 0.0246738958902237 0.0772377263298044
0.383665213960471 0.0800367396352905 0.0642362630559384 -0.023471203251139
0.386843895435316 0.0438397390985986 0.0550874154287633 -0.0505928650196518
0.393007705091629 0.0959834022997722 0.0695248696205342 -0.0542211241482918
0.356597670516408 0.327322052952794 0.0803511426315559 -0.0301310389718893
0.109838823116633 0.49758140677888 0.10881055121747 0.0199712237915622
-0.228128978887102 0.484566779217157 0.0328364335035615 0.148785706383778
-0.582217983738731 0.0709840883288167 -0.130186164299296 0.157213516044326
-0.46906965535302 -0.454474530386276 -0.14293609635721 -0.00396242882220779
-0.151802490290921 -0.599104045102671 0.0337554795791283 -0.0954894366535996
-0.161406243494407 -0.461746416153419 -0.151365129059617 0.265267202842137
-0.45048239243276 -0.247014425400239 0.133601131374646 0.103574591539058
-0.418286063006342 0.138787731869226 -0.0468208974006937 -0.11831615772925
-0.117383789650145 0.400373519065483 -0.146934359013385 0.00693943080087243
0.134328959707582 0.373215809808514 -0.0712182682190098 0.164277665668301
0.288770618176693 0.248826000960293 0.117349963897914 0.160015146688783
0.34731379164551 0.0848063551015731 0.198738076411619 0.019501084201705
0.338212073893415 0.0592882403500712 0.192501118805737 -0.0292978646266615
0.331952331630093 0.110299465304716 0.203244710366347 -0.0204572441027017
0.284718263252454 0.296216665522602 0.185166150220169 0.0338868462442018
0.0688793502807035 0.408998159537359 0.151730123005975 0.0928457660505195
-0.188874161908083 0.363350692500811 0.0485417264714799 0.168171454059412
-0.439565316239145 0.0491214078444909 -0.0720342157310087 0.183474257132359
-0.380312751563009 -0.363255077437053 -0.0460467001329058 0.0836890306955363
-0.160977582361547 -0.503363673906846 0.0878785837763341 0.095349591706893
-0.171704732930011 -0.352289670000384 -0.0759440393853545 0.455582679875949
-0.378577574549017 -0.156612387784718 0.260265954991143 0.191441512852653
-0.308309485295412 0.138445155941133 0.0319839956586766 -0.0996100650637007
-0.0749873600103731 0.289733712281171 -0.128620693143209 0.00654715812941334
0.095336058925872 0.268271142718647 -0.0500762463460185 0.218246930191706
0.206762773105582 0.187315968880949 0.192894708720851 0.223552044517217
0.252911943397381 0.0758641143600944 0.306944928140712 0.0630411492686536
0.237449378260843 0.066959140402312 0.301463192216552 -0.00543015561026519
0.221065386481304 0.108460433756049 0.30092792202358 0.0130033272009253
0.167941128143361 0.220696878035104 0.252952210481637 0.0824754482539597
0.0101507117064846 0.254631174259588 0.167691606542554 0.137617552625279
-0.124178499531064 0.180033117358779 0.0546596912063267 0.155702797189009
-0.228433114475548 0.015081514485871 -0.0204994641421809 0.180405413447418
-0.230983399150435 -0.216426418540739 0.0259132705783887 0.134529034087669
-0.149579625740244 -0.329439042802433 0.134389240143616 0.23239479363527
-0.146250672569234 -0.182086469678364 -0.00210074537974473 0.597788056193382
-0.229322534363533 -0.0449950008811738 0.355643619553876 0.263152416614365
-0.135906887565829 0.10556526353963 0.117330326705645 -0.0724630656759895
-0.0189831674943963 0.121949750797526 -0.0939725010119837 -0.0106240903389704
0.0352358068865197 0.115734586451324 -0.0348974123595757 0.233790372417202
0.0863986468869011 0.0957222754659143 0.231960552464051 0.258084533985301
0.114811937540802 0.058518632415483 0.368550007469511 0.100839141538189
0.100702321749786 0.066286812063679 0.364887453037639 0.0188169881241443
0.0850807960279536 0.0912179740690959 0.348982528303845 0.0427986466182824
0.0399202718857705 0.121127304896402 0.275051637669602 0.111960744596158
-0.0413636540894215 0.0852451826435815 0.156431711491019 0.153424263332255
-0.0523159318592564 0.00512408442412177 0.0527030160666288 0.120714287689555
-0.0215807987993679 -0.00440892142280742 0.0178806710038242 0.153122056270599
-0.0809534691206827 -0.0526056618053902 0.0683606384933331 0.148701688801389
-0.126654221686659 -0.123949357237817 0.168121207353115 0.303334618245454
0.0573092026696021 -0.0601683240710294 -0.189373741059164 -0.364161680570917
-0.0596659924842174 -0.0955832239929761 -0.172591647497186 -0.147464599892417
-0.115003527597705 0.0183137627201814 -0.0816561148667406 -0.0976804411798905
-0.00633134873858166 0.124375505085574 -0.051262141074783 -0.0500684644335769
0.0710759265362951 0.0645948065503043 -0.0975253731596845 -0.134281476821543
0.0793203386242039 -0.00542825690917219 -0.250111055992508 -0.140660980494073
0.0563440745584537 -0.0535774765095046 -0.35136583479733 -0.0733050814098265
0.0460878339655414 -0.0657704275706947 -0.377617355296492 -0.0354617498490965
0.0486208874030541 -0.0519315128942405 -0.378380898713176 -0.105085538720238
0.0535774933811996 0.00338521636491712 -0.263435115591171 -0.219953621009955
0.0413473199422151 0.0545376969511122 -0.0425067525207955 -0.236974180233041
-0.0381455756070883 0.0700728552518872 0.0443032039771677 -0.0172482758924051
-0.0876748109924641 -0.0503239107031336 -0.155502923999945 0.0094235576410655
0.0394060103706785 -0.12220895447157 -0.35242886711621 -0.236148045913038
0.1252919244156 -0.0273484238496711 -0.0866154709475185 -0.680341373946492
0.0241589307281262 -0.226912561768353 -0.21978355577703 -0.339610017227879
-0.15784941620904 -0.193770288780888 -0.179800939837216 -0.137891088779251
-0.219655575222898 0.0140300875906747 -0.123328749089838 -0.0885882981778682
-0.0590539658865643 0.217760886599644 -0.0653226124983238 -0.00891954891756824
0.0966039282409444 0.184208865560147 -0.0787716424391547 -0.0939709930818582
0.175038438652437 0.0889219858090725 -0.200498263694324 -0.122172876828127
0.192606581202831 -0.0206619496292229 -0.296349919746223 -0.0870160368092652
0.196791561706618 -0.0460565992209064 -0.328441449488868 -0.0543957053554458
0.207619508647891 -0.017446957047854 -0.328557084907609 -0.112573801798095
0.201970352072031 0.122917896959407 -0.231121962106773 -0.203802385502512
0.0911430091392843 0.243635450099849 -0.0302544187216444 -0.207629558600945
-0.115398966975149 0.25993912032492 0.0223067734381918 0.0187041958387715
-0.315382199342576 -0.00366320161827212 -0.195595277540094 0.028183030070001
-0.171786483892332 -0.282957286936287 -0.355915652508407 -0.23485407787062
0.0369606057070136 -0.279455872816392 -0.0921820345793473 -0.631756325295802
-0.0178689031118574 -0.369140450366772 -0.24203902448041 -0.256042265451604
-0.259596279455854 -0.268251775488539 -0.161331584656523 -0.10994765244525
-0.314951369726111 0.0210238388948683 -0.15061732200596 -0.0922056636688796
-0.104791700005194 0.299216980018951 -0.0909314545602223 0.00922998604200478
0.116601905766185 0.290390602418475 -0.0766977981891307 -0.0431907007341835
0.254047667805445 0.174128298801824 -0.137682619018667 -0.0765444619876494
0.304936774607285 0.0166873715520009 -0.202967353192939 -0.0825030660646043
0.317275981689463 -0.0199161761771658 -0.228168412565062 -0.0650520546952787
0.334152567261382 0.0209397014618813 -0.225376476823197 -0.105758234989443
0.319636898339689 0.229953545782247 -0.153296139119992 -0.163034609396727
0.126275067475687 0.405062134056057 0.00219555902310161 -0.151923455782034
-0.183715480730969 0.420521249567231 0.0156010654106522 0.0630068626599928
-0.508730684686606 0.0411692909480934 -0.204493078745578 0.0684406085578686
-0.360399676993125 -0.409819067586235 -0.323186504153404 -0.187759396888086
-0.0495710408037584 -0.488757738810597 -0.071083839209395 -0.503875766558393
-0.0720112635149109 -0.471555319144325 -0.242195718592912 -0.115255365925528
-0.366533890900707 -0.308197466884792 -0.102193733177754 -0.0584583912084792
-0.403219154759017 0.0566901611614494 -0.152084157409613 -0.105172746924309
-0.133427016981462 0.382728417617242 -0.122795781672963 0.0120395338706605
0.141203167305761 0.37679266377803 -0.0835373218411157 0.0222242085286824
0.31195474906476 0.238557210568132 -0.06065311646085 -0.00588539788332865
0.378466716496404 0.0493071954809736 -0.0783658181537239 -0.0626658894144162
0.389784022636646 0.00804872215417739 -0.0935415487681074 -0.0655500950585312
0.405623945943722 0.0575011309174281 -0.08503014705756 -0.0877176569339337
0.384387255594682 0.304564964568362 -0.0418043420704372 -0.10260996762358
0.14230463734923 0.505944045599543 0.0523009726480192 -0.0728559529741706
-0.225401469328339 0.515200120868766 0.0244577766744358 0.111402643325264
-0.619511662216228 0.0760958196292722 -0.177970273274261 0.11972075688855
-0.480936654600553 -0.478100426378513 -0.24750234699139 -0.0977592668621388
-0.120132734140676 -0.610689755169249 -0.0281927650364105 -0.31364966337309
-0.129274454412355 -0.513508751674554 -0.211867895076455 0.0731806256216996
-0.4535565612267 -0.300885335015772 0.00434040990537155 0.0161991326106292
-0.456483414439571 0.10931011795501 -0.120561638779904 -0.116839127738624
-0.135802541860144 0.435233238403945 -0.148330952447127 0.013006157706691
0.157815872354683 0.415779692873488 -0.0829428006551673 0.101484338801614
0.336684404836938 0.267516651953281 0.0330841112949518 0.0804289175850376
0.400025507997719 0.0706699107558413 0.0642081083653887 -0.0284295028570781
0.40084592574477 0.0337129493617039 0.0561225046212907 -0.0552531729908376
0.408638089759277 0.0876473405074005 0.0684027585780118 -0.0609827901135395
0.380248640938286 0.329371444129069 0.0828460733543315 -0.0349858059293534
0.127941031985082 0.513035868711312 0.111063524567907 0.0136476959737828
-0.224680165155628 0.502952793071515 0.0414604709798782 0.152169055247353
-0.601685829916896 0.0830686494048763 -0.123461566301523 0.167343772778592
-0.497708613252718 -0.463645353518112 -0.144188170126155 0.00577076672992341
-0.159192293849994 -0.622276129349141 0.0280560310828684 -0.0979521798895254
-0.171002211701873 -0.479345275238269 -0.14945673144661 0.283241012152137
-0.47021277805552 -0.246934655291236 0.142023447457351 0.103313602619161
-0.430610685737754 0.148287825363801 -0.0590217497543975 -0.117175515563837
-0.114398570299968 0.414287914421138 -0.155128819142808 0.0162613085582391
0.149008018108666 0.383525129273211 -0.0672507993785245 0.180095607340354
0.307903214142245 0.250024863245763 0.131370476062344 0.164306407890549
0.361699477441211 0.0783224664088208 0.204979816336524 0.013619211174956
0.351115108961284 0.0525493485854365 0.198061666224741 -0.0375543469523346
0.345650022635436 0.104380495262726 0.208377626063199 -0.0295105273619839
0.303846024464846 0.299136504902189 0.192751092133626 0.0279714813263858
0.0810616437811832 0.421998333911105 0.157527439326977 0.0868650580001678
-0.188207060969277 0.376661876193533 0.0573367290002468 0.169819494877312
-0.454374676286994 0.0554931976598049 -0.0608725948884303 0.192881915848464
-0.400768264207087 -0.369609587616162 -0.042080889017324 0.0938150301915655
-0.169135616170814 -0.518520083733925 0.0867964623451634 0.0971454971564
-0.180149120974803 -0.363408070585666 -0.0702211047393941 0.477124245885106
-0.392733465821857 -0.153776860303275 0.274809386407636 0.189222150871423
-0.315789099579145 0.145447325166391 0.0238228449027015 -0.100821698046203
-0.0721859012791462 0.299710536972494 -0.13732322997352 0.0135965169575049
0.104582438834661 0.275170899277247 -0.0456108312544341 0.234667286226397
0.220744125351008 0.189568501356271 0.210625055068755 0.229424265839811
0.263385481668145 0.0736524917527174 0.318025313067852 0.0561601658319091
0.247075133420258 0.0649113886066187 0.311145232892767 -0.0153421601088494
0.231847828207856 0.107028791946423 0.309492427267811 0.00323259363454106
0.180701986237755 0.22508793543294 0.263660764647183 0.0757276370208119
0.0142199765499507 0.263673829088376 0.174776813415554 0.13333638329917
-0.126606308833892 0.18581979946263 0.0614931040892769 0.15666544492156
-0.233989574136638 0.0150377524965821 -0.00777212870107996 0.187356355770217
-0.24176734216078 -0.219261611899562 0.0326944530436814 0.142551243904313
-0.154133742362007 -0.33657824816985 0.137145920156268 0.237117451469058
-0.151899057173472 -0.184730042263768 0.00781107012225813 0.623892461646394
-0.235749384037465 -0.0409097903634904 0.374065087828979 0.261781607745991
-0.135920855662109 0.108441766582717 0.114463207061945 -0.0778490964332283
-0.0189041050920848 0.124908013599753 -0.102741494341621 -0.00600933642168607
0.0386891706675046 0.118741862067078 -0.0313728813967725 0.250177484169103
0.0925876725699503 0.0982036787069627 0.250436675370716 0.265046692591464
0.119933691487266 0.0591405435137336 0.383925688860068 0.094694439175998
0.105981469376632 0.0680694400956903 0.377244896744355 0.00891603254992739
0.0910550669093499 0.0946497925941499 0.361140277107445 0.0326768468354927
0.0441388861209474 0.125450968852504 0.285937101623208 0.105359199680708
-0.0445953526480292 0.089833076499281 0.164498091316766 0.149535926716434
-0.0577726618859969 0.00357865738032884 0.0576212475334804 0.118314430255671
-0.0200485909575874 -0.00980295250340724 0.0303020817669805 0.157298187372786
-0.0824727027457764 -0.0515156952858788 0.076759258237467 0.154292238214157
-0.128736248972397 -0.122407437956382 0.17372592241575 0.308443704224397
0.0538813912669654 -0.0658499742912087 -0.203926363266156 -0.363227650370558
-0.069511915433449 -0.0926417908086124 -0.18449939782768 -0.144501781504491
-0.116757557853769 0.0274081748578735 -0.094536162444464 -0.0921526933597849
0.00314609782813172 0.127477230838063 -0.0533148544822451 -0.0415180721446316
0.0783951306461807 0.0617122494282385 -0.102129214306934 -0.126192617568812
0.0814057044010933 -0.0117695288580515 -0.259318594263062 -0.129674836537914
0.0536579529309822 -0.0616017197677955 -0.359197561824979 -0.0574299584675933
0.0420212665475919 -0.0718930683373796 -0.385481436114674 -0.0190659573961191
0.0454397873093278 -0.0582244206047004 -0.393199664310695 -0.0888912672463519
0.0565522681726955 -9.72955470467454E-06 -0.281039790503712 -0.213901881315552
0.0483010147534924 0.0525116840794124 -0.0551700160036356 -0.244061278077271
-0.0329122608955693 0.0753961884587891 0.0494174295674999 -0.0212176904372909
-0.0936242273229152 -0.0444843100842024 -0.155612374731751 0.0190467179358804
0.0306769299035623 -0.127016056002196 -0.36276544691415 -0.218756808789448
0.12703375781656 -0.0368766928987089 -0.11466408613953 -0.687877973208291
0.0143380383098283 -0.237578012606802 -0.231972861769559 -0.337014547361561
-0.174065303254728 -0.189246122040319 -0.189535240399572 -0.134173791844921
-0.224509070954731 0.0262484467727835 -0.136898466128956 -0.0795040754684258
-0.046470808727898 0.224033413432475 -0.064219610181193 0.00024249521262386
0.109930396938075 0.18102806209228 -0.0797697093679133 -0.0858986479539985
0.184408697567966 0.078807987305665 -0.207631601232381 -0.114544697830862
0.194216906948974 -0.0339421397351175 -0.305557502616096 -0.0750923240766424
0.196965684949999 -0.0591531697254041 -0.335872793338265 -0.0414191013129643
0.2090437696661 -0.0311222822450149 -0.343284879891267 -0.100123387549925
0.213102162431287 0.113877790635636 -0.245599428238622 -0.198131288721305
0.107623900626332 0.242950411374662 -0.042082105292792 -0.21356899706645
-0.103277908773768 0.271278077657829 0.0294832877992942 0.0175760649981426
-0.323288648835663 0.0113627361271388 -0.194076450841308 0.0404079150210835
-0.190635327698422 -0.2822035406881 -0.369121640894652 -0.216073404931805
0.0286544061474355 -0.291853271014372 -0.118460884200049 -0.638438042417361
-0.0335232366106054 -0.381198416637768 -0.250072232159165 -0.249877827208233
-0.2796581203608 -0.262215446517576 -0.168826500838107 -0.10634968877397
-0.321104672271109 0.0346854716778092 -0.165040387234571 -0.0815372258708752
-0.0905320332827177 0.308940265893529 -0.0901095620919301 0.020460876935712
0.134674977531751 0.289412171205356 -0.075877442980999 -0.033634464387942
0.269929918549179 0.162318769841329 -0.140421305718137 -0.0715223459736747
0.3104973062502 -0.00134406324657521 -0.211475443382504 -0.0762364578719322
0.321686559263948 -0.0373871448022289 -0.234958727742131 -0.0576830046349235
0.33961907159313 0.00195628703897777 -0.237537646376242 -0.0988112474090072
0.338843407770256 0.217194381464135 -0.163911447212478 -0.159940473936761
0.150491346947462 0.406317597816539 -0.00665649624616912 -0.157911732265019
-0.165532441096575 0.43721707605136 0.0255974038901699 0.0630783048851769
-0.51805917442511 0.0643784712411472 -0.199322603410615 0.0822891746722555
-0.387921247209753 -0.405236995024927 -0.331620432898696 -0.169832439355247
-0.0647965346831991 -0.500543323634296 -0.0939611207161047 -0.509640109973454
-0.0922015418989896 -0.48318456308078 -0.245214786641328 -0.104965041104727
-0.388513415773085 -0.29869425875224 -0.105270246946546 -0.0566843134418255
-0.411129598189662 0.0727535865587911 -0.166797953222858 -0.0933607262239675
-0.11759291519817 0.394206169023065 -0.123244698292827 0.0250935838208607
0.161926655153568 0.376118692368045 -0.0798395485715137 0.0341536016536353
0.33264383937487 0.225961914025439 -0.057294089860044 -0.00300926954390251
0.386431948917619 0.0274813962933332 -0.0843146603455883 -0.0622220027760047
0.397422869053022 -0.0126464393054314 -0.0985046711282553 -0.0653411608998744
0.414607190510714 0.0364659511404371 -0.0935624476408408 -0.0872421852691096
0.408339850466761 0.289989807876393 -0.0474017976574072 -0.104805117170287
0.171690139796333 0.509450764325113 0.0476421073029918 -0.0809060816351976
-0.20548882478941 0.53415332145084 0.0354696114391629 0.111265680743536
-0.629740878711183 0.104827834399501 -0.167446919553834 0.132265891960312
-0.512781212047914 -0.468922801438215 -0.251925167560503 -0.0814353658751554
-0.14084455588662 -0.625173796633438 -0.0450922381001299 -0.31539695140623
-0.149180666570594 -0.524564054607761 -0.207870417509133 0.0868753874207988
-0.476704058893829 -0.287815436330435 0.0064260265903574 0.01440124994161
-0.460971889078363 0.127233325935885 -0.136367108886024 -0.107119500441161
-0.11914813313745 0.449232203108713 -0.150672826015502 0.0270425012075629
0.180420881761815 0.415009383463748 -0.0758419738831315 0.114921601656709
0.358157252134324 0.254701577033476 0.0428952289639491 0.0806924101050104
0.410614335018872 0.0517433419389908 0.0619082296489905 -0.034218920327055
0.408655455483998 0.0141431476452473 0.0540192929486621 -0.0614417971210054
0.41930355501756 0.0681141644231017 0.0638560266879476 -0.0679941559294329
0.404609523983251 0.315951552310116 0.0837859574350326 -0.04218156034194
0.155491745877276 0.516666624870158 0.110632635931665 0.00483496524282192
-0.206275536184591 0.521051566129712 0.0536499023710759 0.151182406719006
-0.61045730633689 0.10847837667248 -0.108642128056713 0.177519094554014
-0.528399892769894 -0.451496013195524 -0.141412899778182 0.0194556395021776
-0.180632650202512 -0.631499513129855 0.0203964688623498 -0.0980534562076954
-0.190048834357159 -0.485867860326764 -0.136745167935621 0.299438023701742
-0.490192522252063 -0.231296213907968 0.150886415182479 0.0967466015931769
-0.433482497486715 0.16565741030029 -0.0725060196717942 -0.110592322203001
-0.0980326306490958 0.426866626115274 -0.158717098295944 0.0300661886856076
0.170150462902649 0.382335140756806 -0.0572401852872804 0.195581215601899
0.32776305880286 0.240532054231556 0.147785915171029 0.162024711598243
0.371878532726091 0.0618863182303462 0.206860419935181 0.00180357999213305
0.360398539735914 0.0372030856001782 0.198834135347464 -0.04983762594801
0.356925606025853 0.0885908037161423 0.207741383701654 -0.04324833490686
0.32646863806558 0.289484121066903 0.198394352461761 0.0155762663212924
0.103130908790626 0.426337644581384 0.160997020780201 0.0776266247196273
-0.176191563636263 0.388597398334581 0.0688819127414678 0.167907134446905
-0.459828395469537 0.0730680005720935 -0.0431296679890658 0.199006573596868
-0.424105743992032 -0.360857907509783 -0.034675925288185 0.102812137339615
-0.184834989582412 -0.524376594128225 0.0868117463021078 0.0974593784787093
-0.194693958735209 -0.36506843843761 -0.0485345266187576 0.495397949159865
-0.405072231920524 -0.139270846873382 0.288475283803026 0.178729133777841
-0.314012775909789 0.157799009348167 0.0136040914934653 -0.100492818972051
-0.0619337606114312 0.307081213637276 -0.142723525487187 0.0254725105472821
0.118921557307845 0.274559126249617 -0.0334857121179211 0.249438598675912
0.236357859801916 0.182833034576266 0.231833241614161 0.225279585364474
0.271874247296345 0.0629348702521578 0.325497168787801 0.0410866178633147
0.255775385089042 0.0555393234204279 0.315315619627393 -0.0326764255218165
0.242002202038538 0.098017397266063 0.313566865495071 -0.0151177862733058
0.196111501291121 0.220545648638483 0.27184624592543 0.0605930862853162
0.0251686294152227 0.268264673768608 0.181348035894087 0.122587667924289
-0.123796385147596 0.191998751100094 0.0706222184078798 0.152470258742657
-0.237019610819793 0.019584905289526 0.00999975975402246 0.19067361710414
-0.25365111985906 -0.213322348584949 0.0434242392344778 0.146838291311419
-0.163889478351533 -0.336751015097201 0.143292939614855 0.23595373037661
-0.159756587938941 -0.18091549460013 0.0342866414048757 0.64091491431095
-0.239224548912085 -0.0304048086626597 0.3915806471849 0.246600518929105
-0.132024870003607 0.112661153327748 0.107969697634524 -0.0831161767304655
-0.0157660187010725 0.126452587958766 -0.110229192736402 0.00230730475946576
0.0433415606842985 0.119214855631945 -0.0194459567597277 0.263197799600656
0.100048558409395 0.0961487799258139 0.273681574110962 0.259962852909318
0.124651600765345 0.0565863106022082 0.39465662676407 0.0775685132204454
0.112044480948494 0.0670222952660869 0.383277513574127 -0.00994830932637566
0.0985457504497287 0.093696524960667 0.367624169810453 0.0136127071827884
0.0515370708836012 0.127240955058941 0.295630615950007 0.089001023794715
-0.0445280829957693 0.0942863536995824 0.171575403692188 0.139481072111144
-0.0628029531374517 0.00356422817406747 0.0636254727011943 0.112521596059009
-0.0191204181984677 -0.0151054676995115 0.0472271485683068 0.157052910257843
-0.0826027462902631 -0.0478754657244751 0.0884151172815941 0.154231036742314
-0.131812161982999 -0.115632456782539 0.183402013430912 0.306091234259283
0.0476148843229992 -0.0705199081458289 -0.214035003790859 -0.354654377223816
-0.07732890573355 -0.0860012487387184 -0.192069247298966 -0.13629431936426
-0.115398413040916 0.0365153061342698 -0.104737101300927 -0.0841378074224767
0.0128752577595117 0.126797044371403 -0.0528375943567834 -0.0326052604966175
0.0833860823521539 0.0561438246008164 -0.102691446698072 -0.115660879827932
0.080668813997454 -0.0185319286696312 -0.261727660730546 -0.113708822481562
0.0487745189241122 -0.0670554035913856 -0.359004725260517 -0.0388340752596385
0.035303359010433 -0.0754012748343343 -0.383428503677092 -0.00119105053645547
0.0407898129581757 -0.0626699151556317 -0.397279230105289 -0.0689828813139613
0.0576288378000874 -0.00516806823995315 -0.293295696636534 -0.199566357728616
0.0538286161881111 0.048094824624681 -0.0688045793657808 -0.2437152889507
-0.0257452401963816 0.0788242472492713 0.0530403593514584 -0.0264093063215864
-0.0968090525689523 -0.0371289226657427 -0.150430429338891 0.0278561497126717
0.0204913338422876 -0.128564137386249 -0.365790734012601 -0.19642434865102
0.124540111647199 -0.0448795113630504 -0.142411498980792 -0.681118278881277
0.00257385091907057 -0.241361655086394 -0.240050474512871 -0.325609317517529
-0.184818830077243 -0.177890237934804 -0.195435411655207 -0.125558080774908
-0.223278022268292 0.0384108866973834 -0.145925188093183 -0.0678294161653399
-0.0319074569262689 0.22422633445704 -0.0611276651043445 0.00952551256722786
0.120555919893514 0.173180438806066 -0.078333387418634 -0.0762830671018885
0.188230373664811 0.0659593223963294 -0.209205896899494 -0.102734479615226
0.189431489784408 -0.0476526128771579 -0.308081664460989 -0.0598982272565327
0.190370112239768 -0.0711795807114503 -0.336138623560602 -0.0267162867341938
0.203300926007962 -0.0445024142976209 -0.348938924121326 -0.0815522625534222
0.219004917604108 0.101029310625293 -0.255550138271593 -0.186810229738048
0.122189594769521 0.234688568094631 -0.0536874731956244 -0.214767518166888
-0.0875514787039772 0.274757733207674 0.0364264815101268 0.0145957197555848
-0.322480675140652 0.0284063495520958 -0.186346789883373 0.051606764878977
-0.205825190456981 -0.273319896278013 -0.370139149388351 -0.192314914074726
0.0183130149887823 -0.296705560602765 -0.145402813017362 -0.628681581673563
-0.0507706453043895 -0.383806612442198 -0.253664118017236 -0.237464115761869
-0.292748319930407 -0.246410756336579 -0.17211586729435 -0.0999008679372774
-0.320219308429466 0.0498850450255472 -0.174288314400476 -0.0658888632228134
-0.0730217977270786 0.310479037600765 -0.0853154952542032 0.0308646732186641
0.149691774429827 0.279123117870427 -0.0715900564560022 -0.0243065202353906
0.27827439684606 0.144824946701809 -0.139730942912117 -0.0639455502177221
0.306612685553943 -0.0209162955470957 -0.215511602129512 -0.0661017666119603
0.31605869438355 -0.0568238646002596 -0.236969952090821 -0.0476509501280795
0.334696942865325 -0.0178375665310139 -0.243246948231223 -0.0863871659452042
0.349355021473577 0.197748654340957 -0.171579785220072 -0.153512735958417
0.173984356636265 0.395654861053865 -0.0163481726563841 -0.160286264336602
-0.142935465813638 0.441138559787218 0.0345299538643894 0.0605744070473403
-0.514855270918976 0.0883730820355066 -0.187156684949307 0.0930185999053452
-0.408009953791648 -0.386608858431102 -0.331660219421022 -0.146034601307931
-0.0837738298043236 -0.503405560900331 -0.116324397039328 -0.498543330917421
-0.111615266657881 -0.484636226651157 -0.242359169490465 -0.0921297498304101
-0.402637017341611 -0.279203316004692 -0.106274035969501 -0.0537687348712639
-0.40740113690368 0.0890734691225842 -0.177547398608061 -0.0769970711118046
-0.0966177103542072 0.396750662556207 -0.118548872176702 0.0373999220412725
0.180209869803024 0.364469862329999 -0.072457866906163 0.0447530905265413
0.344968200272278 0.205015508527252 -0.0526600015657567 -0.000866085835716721
0.385217202967843 0.00573412029103303 -0.089315334929292 -0.0581720773585686
0.392169703517821 -0.0333193220741881 -0.101896847341428 -0.062015424424942
0.410139543903714 0.0117713409952227 -0.10056378205169 -0.0836308563979377
0.424588885058904 0.26619314303092 -0.0523969421972059 -0.103953643148573
0.19858202607665 0.497605835114006 0.0405581259697594 -0.0856716978855335
-0.177777621296252 0.539640468966086 0.046215352474351 0.107317022629036
-0.6238537261643 0.131312212128762 -0.15203363914893 0.140738531747754
-0.534788432620364 -0.444050112402979 -0.247764227598653 -0.0624350046594011
-0.161895572138186 -0.622652411483614 -0.0598753120263245 -0.311248076234851
-0.170652514664063 -0.522285544183811 -0.19686732859251 0.0989681109717053
-0.487758485994679 -0.265836284321303 0.00884541008268703 0.0112795563014533
-0.455708595547787 0.143878573670987 -0.147096243450134 -0.0907309243097567
-0.0985493939020602 0.450699134914648 -0.147035067740646 0.0406585959046845
0.200819024534971 0.404074729018847 -0.0652272204504158 0.126083509326059
0.372498227675891 0.232504225322187 0.0522656443224327 0.0771222355922823
0.41023378646291 0.0284796774150483 0.0573243440057777 -0.0381680402225993
0.407155226032662 -0.00698344178039929 0.0494172139693704 -0.0664750605553554
0.418845527857334 0.044551269223557 0.0576956707543271 -0.0728710669606173
0.420519371711568 0.292938989450104 0.0813287484198831 -0.0492258925557466
0.182108461091625 0.508204355058573 0.107073811469392 -0.00371701550301869
-0.180847476881777 0.526774774952892 0.0649050618576537 0.145887939652999
-0.604415016870594 0.134135223316288 -0.0897468732927618 0.181509822291744
-0.547794610909551 -0.428218483761598 -0.133751090250449 0.0320203849595751
-0.199697776124115 -0.627422150821585 0.0118110783744303 -0.0957558675564717
-0.208204013932819 -0.479135331081434 -0.1184713778844 0.30851881337329
-0.497446524380108 -0.208218437655771 0.155205799376492 0.0858800490553129
-0.425559716822874 0.178198588968504 -0.0841940824313747 -0.0991685018391325
-0.0791643566788759 0.426902747977492 -0.157453803317603 0.0439632445939803
0.187430048645675 0.372322811872009 -0.0436078805862306 0.205079868564627
0.341307383925785 0.219236998576365 0.161260217536062 0.153158759928981
0.372867004811292 0.0422887118053601 0.203189828250775 -0.00933869610934526
0.360636487799754 0.0191644828793456 0.19409882011988 -0.0615184898626071
0.357448746106021 0.06980650994373 0.201910810070676 -0.0548353690903585
0.341826037854679 0.271653384852504 0.197641899158627 0.00176927654468032
0.123164718603183 0.419219207959722 0.160640438592189 0.0660210921233522
-0.157747823786651 0.393495607163785 0.0792360544202644 0.160060302033132
-0.456145211846054 0.0899253491210956 -0.0234559022412821 0.19937522726308
-0.438355908054425 -0.339410192876286 -0.0241722957414152 0.108551159930092
-0.199797742824372 -0.51903162301956 0.0855728704486863 0.0962799581654264
-0.207152757889944 -0.355686786075207 -0.0253657224690285 0.498332964267147
-0.406750891178776 -0.121012182417172 0.295287079903188 0.160341547733126
-0.30555728214537 0.166623435191078 0.00316145101553104 -0.0954439059528274
-0.0491872855333148 0.306476395825802 -0.142861334904043 0.0376782862580672
0.130121588250116 0.267467273554024 -0.0182336584845647 0.25703135311718
0.245322064747893 0.169247884130249 0.24768367428722 0.212884742377722
0.273148234986599 0.0496792182071432 0.323860728088981 0.0240757798259571
0.256945036373555 0.0436092204871513 0.309973853082935 -0.049175937126535
0.244828975313829 0.0861203855566577 0.308376647808752 -0.032710595178141
0.207431980643775 0.209880303726105 0.27186729725163 0.042395598337308
0.0364325581026407 0.267658280021242 0.183703822289048 0.108556678843857
-0.117269525674934 0.193828704125802 0.0790836199159541 0.144207418065387
-0.234449471018245 0.0260282066529132 0.0288786704192077 0.186592671324851
-0.259501428674733 -0.200753771054839 0.0537517471327383 0.146484419797779
-0.171050544581218 -0.328854815333964 0.146826320533061 0.230188893778711
-0.163772487283356 -0.171758079946399 0.0603557945408745 0.63967722290128
-0.236096314571578 -0.018831008541317 0.399989766365982 0.223895681722336
-0.125093792544787 0.113813789086722 0.0990186316394271 -0.0863080351083291
-0.0120241409719235 0.125708508064476 -0.113433671167078 0.0115248845016069
0.0468496756187389 0.116637164115662 -0.00551996417462709 0.269246597479161
0.105188667254374 0.0907239682827623 0.290207559872194 0.246486458491969
0.127087932799767 0.0519605332366194 0.396815415147793 0.057180554758012
0.116492746173357 0.0627584224732807 0.378950683788539 -0.0295633012800108
0.103227382855994 0.0899394559376616 0.363280109246952 -0.00775806801788416
0.0580718008708869 0.124659169811484 0.295978012171503 0.0706548784766852
-0.0425492012313872 0.0985169024978114 0.174441520297732 0.125258926546169
-0.0661479449313774 0.00473346249452556 0.0678967424680258 0.104284642747983
-0.0192712417497185 -0.0203826864271743 0.0622331135174153 0.151350337212607
-0.0805788992434225 -0.0435701115890239 0.0976949183940583 0.150427262008147
-0.130910724869269 -0.106451601726909 0.189814725073876 0.29540144823494
0.0417660338290521 -0.0723633817373529 -0.215016499090744 -0.344143830960464
-0.081312208317896 -0.0778793664405728 -0.193945213384115 -0.128702063466402
-0.111553168830881 0.0426100741958507 -0.111442875098489 -0.0738389816030106
0.020742229910023 0.123388631557316 -0.0507672074422953 -0.0247424096651314
0.0863849862829726 0.0504610474460639 -0.0997389118256959 -0.106175713354476
0.0783773248518199 -0.0229287412714932 -0.257350491564256 -0.100715383916032
0.0430468693602481 -0.0699709665136126 -0.352055119298172 -0.0251608852626236
0.0297526167890707 -0.0769931829871927 -0.374254013983029 0.0105270174437017
0.0351961484737328 -0.064923005683597 -0.393340674382634 -0.0532662815913481
0.0571516431039691 -0.00876970177950438 -0.296311751038381 -0.187290681280645
0.0572000424723087 0.0438058376294045 -0.0771200366910553 -0.240497728783492
-0.0191790761480927 0.0785697990357256 0.0559072026896348 -0.0309901163425009
-0.0968202972753368 -0.0304768349598802 -0.142494493417108 0.0340989182345304
0.0129229536778354 -0.126092824948854 -0.357431008698074 -0.178165553319885
0.119827419287468 -0.0510920983021305 -0.155790224267577 -0.661887522498433
-0.00756085722275937 -0.240077023620106 -0.237984360230815 -0.313669229880969
-0.189584219670151 -0.166018295208642 -0.195507735129633 -0.118836136695515
-0.217975911635876 0.0465477103128527 -0.150003440943299 -0.0549365339813608
-0.020922286818375 0.219575082516837 -0.0560671643391845 0.0165914408157908
0.126102302559803 0.164258083725266 -0.0731258713433534 -0.0683159273969963
0.18696405612953 0.0550750162625713 -0.205338840386656 -0.0921310269198883
0.180936448438317 -0.0558267804719998 -0.303588865331328 -0.0484376182932412
0.180601674560456 -0.0781759934081727 -0.329465253342643 -0.0164407739651671
0.194822998286882 -0.0519754583971891 -0.346093698022381 -0.0685718861758214
0.219286996071175 0.0890833543078317 -0.257767645565347 -0.175743424149651
0.130327809679049 0.225015862028659 -0.0613606032916948 -0.21114611613503
-0.0734826137561619 0.271752635651117 0.041762800729228 0.0112025578175163
-0.316339649797403 0.0397940465925394 -0.175307095125109 0.0585570468617005
-0.213443895680164 -0.26167819027453 -0.360199775463532 -0.171286416728142
0.011234677873011 -0.296980306651994 -0.157095148474972 -0.61011899939842
-0.061685513384539 -0.381243945407413 -0.24831588371814 -0.225929340839268
-0.296055860146359 -0.23118626159831 -0.171346331358134 -0.0948477070529089
-0.313768522675713 0.0579446078644528 -0.177684474989827 -0.0511940547845045
-0.0592185238634089 0.305254959632144 -0.0784639370643009 0.0377196071193477
0.158303349399939 0.26709548680563 -0.0643671104550882 -0.0165335163513739
0.277929447694903 0.128550535645255 -0.135849037460367 -0.058207956661488
0.297097567738967 -0.0339871626551258 -0.214690292436726 -0.0576884603399181
0.304597115528832 -0.0677649680110769 -0.233692205245054 -0.0415018701773524
0.323717852950785 -0.0306417877304911 -0.243161173726986 -0.077398648818379
0.350601164491697 0.178611147576234 -0.173266798695397 -0.146480979096491
0.184462433134217 0.380817047910787 -0.0237401186304529 -0.159687028500558
-0.123424601119103 0.436259182290304 0.0419391081106763 0.0560146670499918
-0.501430685510511 0.103474418735187 -0.173241954093534 0.0983162138242313
-0.413083635459043 -0.368256698493721 -0.322421643514229 -0.125914484644035
-0.0924948537058926 -0.499033184433065 -0.126547269539553 -0.482102625195922
-0.123537723147075 -0.478182232774478 -0.23269818971328 -0.0829422652421381
-0.404323050391409 -0.259731721667993 -0.104846379327397 -0.0523077260559827
-0.399369436751922 0.0987105716156774 -0.18040624460881 -0.0604077304786811
-0.081413749430833 0.389102034036163 -0.110913976783323 0.0455307482502603
0.190257531580085 0.350023293329137 -0.0633356797135853 0.0515604128426345
0.346718811574273 0.185371191245331 -0.0474909814988714 0.000319995261532287
0.37440515358424 -0.00994887487692621 -0.0919266053711546 -0.0541192842668687
0.3820174244597 -0.0488444058159042 -0.102301233772424 -0.0595566917290184
0.398920597484402 -0.00287509251577232 -0.103122240879616 -0.0793004658521376
0.425209792994223 0.244211772333817 -0.055135620550716 -0.102945621397526
0.211736930909458 0.48163339437422 0.034101742257101 -0.0877507154664588
-0.155500700100749 0.533314383623904 0.0542501361349409 0.101550843680859
-0.608234359778779 0.146024138894948 -0.135864372967404 0.143032798354408
-0.53898434891565 -0.422890023841943 -0.237082972391759 -0.0475444750316645
-0.168911392591144 -0.613745822060621 -0.0697348952859335 -0.297719494911295
-0.181607024213098 -0.511729825390055 -0.183960738054739 0.103805132082843
-0.486052703007807 -0.245562454838875 0.00962111627696917 0.00745594899220291
-0.445682582186149 0.151908688814163 -0.15086506574943 -0.0760298050888435
-0.0819931325037735 0.442289186799426 -0.140928482723512 0.0498458700704981
0.209900504509443 0.387993636252758 -0.0538408966480786 0.132506794835382
0.375156694872368 0.212301504277328 0.0582040458833083 0.0726154486988896
0.400981483003437 0.0125105007843311 0.0521030190729606 -0.0395107848021882
0.397457458205486 -0.0227515150548818 0.045444366121129 -0.0684114674860255
0.40818105252843 0.0286972359061828 0.0518541094583538 -0.0744519097873635
0.423770038774218 0.272068278083186 0.077675149782325 -0.0540526172142235
0.197834926381071 0.49168382828442 0.101058824162433 -0.00977978274730332
-0.159928469151958 0.519573924956209 0.0734498733553505 0.137656325845345
-0.589023609532078 0.147781631842935 -0.0718846122322684 0.179330037367795
-0.550458846368512 -0.404555312945165 -0.12280518629334 0.0412115335995173
-0.206774022168647 -0.615704410839143 0.00609678166024121 -0.0899989916991694
-0.215796151636741 -0.4685293005344 -0.102898562760593 0.307249257839562
-0.491751854475406 -0.189490062239259 0.153902058950279 0.0757927725497729
-0.412864287409371 0.184978820378249 -0.0888990907750715 -0.087461202813576
-0.0643520075061118 0.418236811338035 -0.1521308408955 0.0531494672013027
0.194903828668844 0.357827582975735 -0.0310789494181623 0.209509824251592
0.343358727109706 0.200383373930796 0.168083290686782 0.143532050885893
0.365134703653599 0.0286230455550832 0.196307560021934 -0.0156611643882673
0.353439230180635 0.00571901500607252 0.186612616098743 -0.0683092776202137
0.350699379631825 0.0562838939560064 0.193433426595766 -0.0628395335193253
0.345116613022875 0.253288941294711 0.192904261190542 -0.0090478304219727
0.135532991832114 0.408002203820761 0.155761940639946 0.0563355264820676
-0.145060253034961 0.386883202694214 0.085736744288263 0.151278696404592
-0.445026534619944 0.0986156719009157 -0.00594772905329052 0.192800990893675
-0.438046560923666 -0.320238664719642 -0.014588922982492 0.110808679083792
-0.203827336061785 -0.507880850648271 0.0817826359190078 0.0951997059446066
-0.210002759289854 -0.344532747838758 -0.00780212894912925 0.492671176217454
-0.400034748861463 -0.10738932370298 0.292061882168065 0.144580666091979
-0.295966741946734 0.166354246084386 -0.00416694132751176 -0.0887056806502246
-0.0408818360982363 0.300092513813756 -0.140630836698901 0.0461686815543442
0.135086430132615 0.258665567727605 -0.00634905792846477 0.259650924407687
0.24700605279374 0.155126566585073 0.255345378408712 0.200096555299663
0.268948792753005 0.0405107340648516 0.316910553939277 0.0118761069298769
0.254874205631634 0.0353705695838077 0.300055998570802 -0.0593472235158181
0.242261992054891 0.0769196415803943 0.298809052288284 -0.0449646272550226
0.211311861080392 0.198216176355389 0.265765690227731 0.0279268437139878
0.0439649990077765 0.262654736549363 0.179212577804088 0.0972689031493675
-0.111911082651968 0.192015987130099 0.0823897848695175 0.134742343787114
-0.229580542867839 0.0275182590568389 0.0432061581926426 0.17798537850589
-0.257195947072114 -0.18908650089204 0.0617042327849697 0.143908808413106
-0.170892646554179 -0.317025510129748 0.144641494844373 0.223310661297264
-0.161538491960131 -0.162503104399583 0.0790606432572007 0.628132377036687
-0.228655307589404 -0.0113063937199365 0.395186362564477 0.202156533020921
-0.11871307214494 0.110683967062458 0.0903944944383609 -0.0857485309352719
-0.0105366246369555 0.122212848441179 -0.11376224550866 0.0195147117320252
0.0477480465615554 0.113519614810963 0.00529096489568805 0.269777266902774
0.106579651746086 0.0850717240135822 0.29710607938119 0.232550032392329
0.127123141935999 0.0484533518209717 0.390793898365079 0.0420312475923306
0.118226308468634 0.0595577819765304 0.36887359898571 -0.0424158226905668
0.105402599651729 0.0854760293602027 0.353916806970065 -0.0221868123786213
0.061399343492827 0.12104743937029 0.289248039413813 0.054614481482953
-0.0404193525715164 0.0999868782349525 0.171854721819721 0.112823851552622
-0.0694532066503195 0.00511154179664808 0.068340136403235 0.0953791272908627
-0.0195810989381711 -0.0253007100863453 0.0735798059851033 0.141571486269659
-0.0763877751645949 -0.0409327659116479 0.102762409120705 0.144034933279417
-0.126349082759687 -0.0980416988681327 0.187682101284832 0.285208914198334
0.068055096254531 -0.0494384746029178 -0.0524020543330504 -0.403220177112879
-0.0403978128711866 -0.102017900799487 -0.126858535493327 -0.193606458554339
-0.118898719425775 -0.00676471603196963 -0.0741743065624643 -0.1030791496816
-0.0316883450137729 0.118211644004653 -0.0280420395763587 -0.0364939649657981
0.0581902492408666 0.0819334526085762 -0.037700010772965 -0.135240447064648
0.0806387661363433 0.0105143777200903 -0.184913311305784 -0.196389042811073
0.0654962451620836 -0.047198454670425 -0.304346524458248 -0.168174963421529
0.0551472995479175 -0.0593528421776885 -0.337514928017575 -0.144034301480947
0.0542806496739449 -0.045166082171676 -0.330189422295977 -0.206883753308521
0.0537827357483074 0.0152179514858667 -0.19039042299569 -0.290026722440582
0.0343736207379154 0.060223445350417 0.0307378428149483 -0.248574049173111
-0.0454554047204302 0.0646309747996035 0.0666748546210629 -0.00553411496028442
-0.0806421085422214 -0.0606167894381612 -0.13739874244363 -0.0283598765567966
0.0484553752675742 -0.108203822709294 -0.238744100544496 -0.297781241130503
0.124665109014163 -0.0146586194283761 0.136397969329284 -0.650417983818275
0.101633410722948 -0.22562250878123 -0.102582523662436 -0.375374916452472
-0.0967608277179866 -0.227256334562231 -0.136452813074507 -0.180883608707658
-0.215458610335568 -0.0508969366114948 -0.117592563776748 -0.0940166304039499
-0.109803994982978 0.183243425084015 -0.0442000792065097 0.00285074014629366
0.0449468399090827 0.19767436005098 -0.0236933692159716 -0.0901999233510233
0.144436214675713 0.123768404750168 -0.135783779651257 -0.169323350920048
0.180994701758739 0.0211396391726201 -0.251056291050655 -0.169896573181584
0.192020566419374 -6.45160821444602E-05 -0.287418251210947 -0.151089161507891
0.191819387042929 0.0292526285557303 -0.281261234886372 -0.199451455771382
0.161865805114645 0.165713922305076 -0.160756652611577 -0.261833683037215
0.0302730604303128 0.251701757485442 0.0322188900227797 -0.214079341037886
-0.170430004573667 0.215321751592038 0.0347285559357347 0.0279498445368178
-0.308823806272425 -0.0806003339197769 -0.178584541578891 -0.0219513126571384
-0.103045548458338 -0.316765982855376 -0.24055150816402 -0.305740572250429
0.119739340843347 -0.281398518899715 0.128610448464957 -0.604596553129143
0.117941935127637 -0.380056655028392 -0.161459161832637 -0.291224174803693
-0.160262703710803 -0.332526593814326 -0.128186716561276 -0.143172345152089
-0.306512165255829 -0.0822514616100187 -0.143964894754307 -0.0942869648437505
-0.180723058866903 0.240033459332659 -0.068979279057778 0.0173000694377853
0.0291360199669655 0.301508513572582 -0.030891395801614 -0.0396114458429108
0.194132656736378 0.225895627212719 -0.0825159233323127 -0.112023256017899
0.274212469918727 0.0879460892474859 -0.165423916938885 -0.143514661032024
0.299992579739166 0.0591888685834349 -0.192839551417282 -0.134486663680746
0.298368558112065 0.099678144796825 -0.185600942846796 -0.162861558023985
0.24358501357472 0.29672464075289 -0.0970187779598356 -0.198795674828459
0.0187697631831755 0.413945637797721 0.0428186219350628 -0.150316539141616
-0.280129864787517 0.341879779583574 0.0133532961006505 0.0699502860090228
-0.502797108274853 -0.0933824591172108 -0.194139342649741 0.010763353783783
-0.241678311103576 -0.487653522500165 -0.220741851760471 -0.259294411263046
0.102973668146667 -0.504770920948156 0.110915603919609 -0.477810186471852
0.106522211266716 -0.49688041300686 -0.21811551406146 -0.14644889461972
-0.242729953267254 -0.407278087955629 -0.0881116294479458 -0.0725720095093093
-0.401084705144742 -0.0862121199245569 -0.140738893955717 -0.0970889025234233
-0.237664104428747 0.304528430779828 -0.0977902520924252 0.0139077419122738
0.0209472102014249 0.387081187493704 -0.0538106946118778 0.0226989423302329
0.230639033470484 0.305384275332226 -0.0234751782941473 -0.0244684857004224
0.33366308222835 0.142252420266435 -0.0564243591235645 -0.0908625914945309
0.361444004136932 0.10791319093066 -0.0683506013840662 -0.0984827110305525
0.356872106995401 0.154773996794614 -0.0597962936083506 -0.107567215185253
0.286296342665808 0.384105519963318 -0.00837335033557542 -0.109361318565702
0.00512218353390771 0.515510786392666 0.063764524401905 -0.0626019959962427
-0.349958705739275 0.415496444114472 0.00398358434571882 0.115172443035799
-0.615381533433599 -0.0955553888919222 -0.178192070376342 0.0629841563007061
-0.33243109036041 -0.583732915662176 -0.174510627539414 -0.16035164449728
0.0782090260619477 -0.637944493419708 0.0919967118902061 -0.288674680954681
0.0721593246569911 -0.55341897887521 -0.256228959224123 0.0490517222382991
-0.318741087905184 -0.428825544886578 -0.00977504431362415 0.0324164215866162
-0.463174624027115 -0.0592505081694966 -0.10537136675489 -0.0947784661737741
-0.263042093713846 0.350732631389229 -0.123954996695087 0.00686797788178616
0.021167267000085 0.429744708868331 -0.077533519179444 0.0995237284340766
0.242587673441689 0.339722248322541 0.0433554242465406 0.0840316960672842
0.348210398930416 0.173072183588127 0.0672686111176488 -0.0183904831708982
0.365676471084971 0.139461385912008 0.0670771254419901 -0.0461967799176188
0.351933960354066 0.187349270277864 0.0759635433890413 -0.0403655076612428
0.27557721817004 0.4073006570793 0.0897164194701587 -0.0118607265818865
-0.0116116573335441 0.519200913681508 0.0909622900721638 0.034290296565818
-0.346337445996947 0.401322835500659 0.00433895669313283 0.154433741154777
-0.597252377379389 -0.0899501459007307 -0.136035311554906 0.120786795599217
-0.346230294186584 -0.573280392228623 -0.108630442895944 -0.0362606188603778
0.0476094971285834 -0.650313694934839 0.072565803726148 -0.0726869936030379
0.021122313679641 -0.526432448556582 -0.26445291524839 0.269663510886331
-0.347465592283968 -0.383979262645723 0.0941842772637264 0.154637990088099
-0.448852074850895 -0.0195269802260266 -0.0419281512726244 -0.0820263736616546
-0.238087021490831 0.336371695859295 -0.138325555463851 0.00267397611238458
0.0191191781148966 0.396617863468612 -0.0919745782285569 0.178230438789888
0.219373785882906 0.318031620735866 0.111024191983813 0.193527265597883
0.309822499018386 0.173527056830899 0.186855474666308 0.0628836213968758
0.315579743476295 0.147750238845155 0.192993757533198 0.0123936215168902
0.291286614181779 0.188638121479262 0.196894899687628 0.0266653806333228
0.213215951317423 0.359081037488803 0.174576134530009 0.0749722902439353
-0.0355602665781903 0.418892851898085 0.111955730188091 0.113438811346156
-0.282489612664295 0.288537985531613 0.0106131032456804 0.169537890575561
-0.444514893698455 -0.0820537914744013 -0.0794528572030949 0.16060674397417
-0.273804355028938 -0.453563305847407 -0.0426471019488807 0.0742204663424666
0.0114227157902979 -0.542096908224126 0.0576829852342687 0.121317165115494
-0.0280546242435459 -0.409437492187538 -0.245721653561511 0.472146809400625
-0.302066538761464 -0.269192466769554 0.193592992179472 0.268845661258131
-0.333495139891758 0.0175580468917493 0.0367382470475265 -0.0578376811984714
-0.166221177636143 0.243649506077593 -0.132733464397691 -0.00367620197991052
0.00796876297374142 0.281932310612731 -0.0981169801199397 0.234455173034199
0.152821101481393 0.238331923506296 0.161005344740952 0.281868626035075
0.220305350572539 0.145656316451503 0.283223884139785 0.138535110111734
0.215712274925423 0.135373471196032 0.291941414095479 0.0676196511959022
0.18756598635363 0.164930914233767 0.281687967918592 0.0831379956466926
0.113535158924248 0.258195827984272 0.225126580713472 0.134103296923377
-0.0615078657902715 0.253379181261163 0.116835882130081 0.157567583191599
-0.176542421526349 0.125095475736829 0.0161099570581015 0.151180195410284
-0.217887732941152 -0.0663335372552088 -0.0263150660249695 0.170688200666789
-0.156797229447448 -0.265987066839018 0.00707392033703817 0.1422869247517
-0.0282519735387209 -0.351831661170719 0.0499534612291033 0.258598498478137
-0.0692034993200736 -0.219666913557926 -0.209021205111149 0.619914947047484
-0.193013123597284 -0.110556721417793 0.266600159337087 0.355898215011892
-0.151501005923275 0.0432091524179692 0.118756245197701 -0.0296253384778542
-0.0634681447834091 0.100942710828698 -0.108310939559937 -0.0229415574440281
-0.00727031142323136 0.117900911894165 -0.101494120124031 0.25009655935735
0.0570299421051832 0.117917558570343 0.179112774222428 0.331557015277946
0.091742189741572 0.095555811695175 0.335459878324757 0.198159483874995
0.0833568434202536 0.103140048754427 0.345331016749771 0.112559072662209
0.0622774126740057 0.11916825614225 0.320796946682086 0.123010181359334
0.00870335424652794 0.130822433748561 0.233938276988366 0.164983379366308
-0.075750487885962 0.0750799348229583 0.104242237046911 0.165474313931059
-0.0665544398073021 -0.0259280090564084 0.0210576331354129 0.108349071621713
-0.00487562041868138 -0.0354322063875385 0.0166930131478916 0.153187745168439
-0.0474139444535449 -0.0636567512535421 0.0384302464793562 0.167295072228206
-0.0704442777807196 -0.129564406419767 0.0519930347253576 0.327669029888595
0.0657721146474713 -0.0522140989569466 -0.0504712065873582 -0.404473532860099
-0.0448243923746448 -0.0996798722564766 -0.130494685113763 -0.193983115956377
-0.119845477496692 -0.00262050301879688 -0.0818404736487311 -0.0989691381610194
-0.0270296065258852 0.119201296122113 -0.027928577845687 -0.0307566020428458
0.0627144414604559 0.079946502791314 -0.0361621057082263 -0.129663147878434
0.0816891569626959 0.00731940627938013 -0.185945471199914 -0.191182213515805
0.0632904460315623 -0.0504755694901698 -0.305435517879808 -0.161964056440408
0.0519382974134656 -0.0619573323267311 -0.339558363293552 -0.140712193383579
0.0522337413394329 -0.0481536263906834 -0.333481635449944 -0.201993126731545
0.0559787581453236 0.0131983211905981 -0.19598859580296 -0.290490807895294
0.0386135931058832 0.0588466696541188 0.0264373665140732 -0.25311844524562
-0.0416407749402666 0.0662814113961499 0.0723573449200578 -0.00807870493342191
-0.0836198049836549 -0.057237294156239 -0.134523554617381 -0.0245767493339977
0.0447350084839707 -0.109369833263156 -0.236433286704312 -0.288966463312736
0.12412214539233 -0.0194286828407368 0.137125413455427 -0.650533597741819
0.0979020635264766 -0.230670036611241 -0.0982031758410415 -0.375385016547656
-0.101711461579571 -0.224922420503691 -0.13848478081665 -0.180897463944134
-0.21769126057684 -0.0469893567277389 -0.124830691806928 -0.0876014985922781
-0.104280162710699 0.184610889712288 -0.0424827755820241 0.00874513234663164
0.050012284588447 0.195872462932664 -0.0206996004997217 -0.0843900696082103
0.147267094650566 0.118523704992295 -0.135825676392204 -0.16669140991232
0.179629652123242 0.0152752945492571 -0.253146912672657 -0.165910620052691
0.189433049998795 -0.00489705283414077 -0.289138498138846 -0.149229652060751
0.189303837485782 0.0245977378800508 -0.284561620004831 -0.195323540975351
0.164975288328357 0.162519760348479 -0.164801479892298 -0.26163628236632
0.0355709125185713 0.250410913861416 0.0279562952453435 -0.217513551876812
-0.165525342148373 0.217255854059222 0.0418478310774022 0.0268303142485025
-0.311541574591447 -0.0767823918600784 -0.173550396277503 -0.0176171548108934
-0.108630109589529 -0.317552812073023 -0.237134947690511 -0.295874073982405
0.119900235993813 -0.288700057565404 0.125783289708618 -0.604374350034215
0.114049471554567 -0.385185001754488 -0.15657424766129 -0.289893367251056
-0.166064905756383 -0.329852047475958 -0.128535888429413 -0.145021335589697
-0.309983615930124 -0.0799399160796211 -0.150731766526487 -0.0854422687082097
-0.176097948664433 0.241828611568415 -0.0671707754668325 0.0237417008354271
0.0348162609652563 0.300576570794464 -0.0270333187029392 -0.0327958151755703
0.198758761067529 0.220602412778514 -0.0805470495669648 -0.109661063212666
0.273132859349671 0.0819358593496921 -0.16907966661941 -0.141324605375487
0.297806402987744 0.0530482795853034 -0.193728283116374 -0.134698105974514
0.296990655273811 0.0940124800940826 -0.189310052850035 -0.161441700661817
0.24945844614747 0.293595434691925 -0.099377793499223 -0.200053122405224
0.0259405048351941 0.414354387688157 0.0402664621839205 -0.153590241680095
-0.274530054758882 0.343706738430173 0.0216108079691736 0.0694049732834739
-0.505499349050492 -0.0881730406596693 -0.18702479244067 0.014875027988262
-0.248165308481069 -0.4892903076092 -0.216552830499765 -0.2491302671704
0.104567591020758 -0.513756624141601 0.109698061141649 -0.477616169335211
0.103965025385181 -0.503287692166416 -0.212301686780317 -0.143870708263889
-0.246774486855714 -0.40556911403488 -0.0880853805595219 -0.0753338850828288
-0.403881890136176 -0.0855314716339534 -0.148143304118968 -0.0878358351464403
-0.233058101624632 0.306226772496633 -0.0962524312670774 0.0198889911565345
0.0278400706382895 0.387882505554584 -0.0490968051686489 0.0302777630063744
0.235411211425432 0.298761213625608 -0.0194558296027287 -0.022843261333753
0.333771648193545 0.135666295075798 -0.0593521150682032 -0.0894940365745637
0.361192412217876 0.101551678195793 -0.0695665030020148 -0.0999092717222366
0.355452526076719 0.148604418544008 -0.0619810045593403 -0.107619585070949
0.29464828791589 0.380387897771424 -0.00956240406195378 -0.112462907493129
0.0144006091502246 0.514771075055274 0.0610418222825949 -0.0659142327912974
-0.344009792147505 0.418126302767038 0.0125781197908408 0.11446010503214
-0.619560709675336 -0.0926173421090929 -0.168622102275193 0.0669586330510779
-0.33889696561092 -0.5848430903274 -0.170104185767076 -0.152212473001734
0.0784482911243032 -0.646593801288735 0.0895861153973443 -0.285891433106609
0.0702764216596866 -0.55940021290987 -0.250251013265651 0.0522274058522242
-0.322896869895254 -0.428210783531564 -0.00909312135143265 0.0287627087968445
-0.467794551859967 -0.0598343243009534 -0.111565560868434 -0.0861638592034114
-0.259359853468441 0.351324352221559 -0.124342803530622 0.0131645294466894
0.026424386485688 0.429433057694868 -0.0728147614871814 0.109091613418664
0.248726849646409 0.334352686022572 0.0489700319156155 0.0840083842312038
0.349814967033689 0.167781533332657 0.0647019549634811 -0.0189825822746623
0.366249346787796 0.132676398575002 0.0656612388776147 -0.0490624472895957
0.351891080535579 0.182202339105451 0.0737595624535603 -0.0430861343782625
0.283544602919657 0.402106372155374 0.0894822007445644 -0.016224922539877
-0.00350981907121552 0.51973762077064 0.0888865230627905 0.0309966057845937
-0.343277419309541 0.403424304691552 0.0119422266606227 0.153279892831776
-0.600705710834879 -0.0861223341616687 -0.123593129756285 0.122474810520204
-0.351289278052983 -0.573129317365851 -0.103338135976912 -0.0292860690362794
0.0497981762102716 -0.657016333229936 0.0693903238840403 -0.0700182052422233
0.0190373476503243 -0.529132575029002 -0.258983246006988 0.274277924198987
-0.348677917813837 -0.382565325138483 0.0953348939479206 0.14987648464389
-0.449810137068004 -0.0187423954005093 -0.0477921904577104 -0.0755266390091299
-0.235811308843335 0.337098275261881 -0.139812125646857 0.00900180039516263
0.0234494593292386 0.39580541840426 -0.0876632703777227 0.188662649967462
0.223851648249833 0.313242870782229 0.118862308350952 0.192950533881581
0.311290659008495 0.169460959220713 0.186538264975872 0.060869716825761
0.317163433072417 0.142917135256362 0.192359171107691 0.00826743882231819
0.291899317877849 0.185800814853561 0.195538127108564 0.0214649933995225
0.219548626431836 0.356483626199321 0.174389038291518 0.0683210687815471
-0.0301095797897682 0.420961313416202 0.111228730144238 0.109783774487318
-0.28054890919199 0.289382388425579 0.0168599928528117 0.166859831792772
-0.445515081317785 -0.0818500440805305 -0.0671966666373148 0.161721762088404
-0.275953234416647 -0.452748699425453 -0.0369190833969003 0.0786969841608054
0.013924139155615 -0.547246128216622 0.0538212842409508 0.124144288022993
-0.0287127419805152 -0.41041507737756 -0.241404016698561 0.477190871730354
-0.300443447169958 -0.267485089810364 0.194868244417536 0.263534737080369
-0.335625259577386 0.015065335410706 0.0311283054699769 -0.0537062982531146
-0.165426262079454 0.24316226710943 -0.13527057411821 0.00151313682644393
0.00954258290110835 0.282782285253138 -0.0937278333885833 0.243846174257272
0.155270430796249 0.235010007560014 0.170310759983886 0.281758253438396
0.221480171828856 0.143930288403171 0.283903852620101 0.135130088522946
0.218201113962555 0.132971589758317 0.291564100493393 0.0628686509399613
0.188964804288558 0.163776081225225 0.282156571059395 0.0765494436747635
0.117623087189582 0.256757243468425 0.224742012538868 0.126926616124704
-0.0592826245340016 0.255600833894913 0.116381551650584 0.152016434888034
-0.178335422697708 0.124413584379364 0.0193566719794787 0.148090664901767
-0.218926388433269 -0.0688995378400476 -0.0143949191941961 0.169348145992748
-0.155875577821838 -0.26583659732299 0.0127220984349131 0.144695295508147
-0.0249407639206391 -0.35221831565406 0.0460378713418404 0.260303132096617
-0.0675123063110591 -0.217987339637188 -0.206530438392894 0.625637176827721
-0.19076501763791 -0.107669845647549 0.267547763560127 0.348384215789906
-0.150262212004113 0.0407281303246758 0.114564947816158 -0.0296062647452966
-0.0644242240699646 0.0999305185790082 -0.11231667399624 -0.0196697521504985
-0.0082271888865569 0.118831957913085 -0.0987278284691284 0.258295891377224
0.0575450361525441 0.116740119824864 0.188814827730934 0.331044144789866
0.092638701398428 0.095989913280531 0.338224544644724 0.193641931180417
0.0860587038494251 0.103749815027361 0.346622195599174 0.107648500387694
0.0653153168258868 0.119814280600173 0.320622232884408 0.116106091770543
0.0101027248805525 0.132147729249792 0.233676505949148 0.157692912806953
-0.0774010173228129 0.077416348246589 0.103816687099689 0.159709554040977
-0.0707040710977643 -0.0270320699270765 0.0220809620114485 0.104062339316576
-0.0042596759830367 -0.0407497040263059 0.0270090748460652 0.150518943736376
-0.0440911725461822 -0.0629880575716552 0.0428513706950875 0.167608173598186
-0.066478963021979 -0.126155889854866 0.0483488318429136 0.327505127582542
0.0631789759622058 -0.055900643460727 -0.0537543112994773 -0.409745515882664
-0.0506940267198125 -0.0976522956874136 -0.137533198604791 -0.194422630290578
-0.121658225596832 0.00316233787799867 -0.0910393140315373 -0.0941719629992817
-0.0205857848470402 0.121737177976591 -0.0282403301101837 -0.0249131589402661
0.0683631511670166 0.0773035931826896 -0.0357161494814297 -0.126282391172177
0.0839253285372946 0.00291458958591848 -0.190301004388664 -0.18548460719345
0.0606265466357279 -0.0550936394062974 -0.312147598233113 -0.153435657438326
0.0487828103320656 -0.0653821823725976 -0.346274530316933 -0.134993420391684
0.0492682775945221 -0.0519354644707639 -0.343222854470333 -0.19467806057267
0.0586471338079874 0.0107813601807854 -0.206905582157521 -0.289677585372557
0.0428758765178386 0.057015467931841 0.0190750386887662 -0.260415450648127
-0.0369887893340183 0.0694710168925781 0.0779820552447028 -0.0125911050478034
-0.0875430072762434 -0.0532145191897782 -0.13304741666344 -0.0201760362846559
0.0397037972882788 -0.112089355295699 -0.239149455689024 -0.281803052640567
0.12452067758511 -0.0262821729319339 0.127376762381735 -0.660477355205739
0.0918916308717025 -0.238023680397786 -0.100732665148233 -0.379720275121022
-0.110035224184857 -0.223148407936732 -0.145130746244077 -0.1813404690776
-0.222685340455308 -0.0405046445920647 -0.133402395421303 -0.0799443696233944
-0.0971757972484758 0.188758372667668 -0.0414111790442272 0.014733658209997
0.0585650420853051 0.194696114640684 -0.0180392099749091 -0.080291479721694
0.15329705066816 0.113051388468879 -0.138725365796501 -0.161398400945038
0.179550226674118 0.00858873705197476 -0.260235631514738 -0.15906733152957
0.188829995810863 -0.0114615124066045 -0.29670108728793 -0.145789079345287
0.188788053262589 0.0183258598014515 -0.293864081419233 -0.190204056450809
0.172884555266675 0.158440177163383 -0.174141433715038 -0.262402586826909
0.0461282470324655 0.251378693985178 0.021829665325643 -0.223659707737721
-0.159189182372467 0.223542095143026 0.0497145719128821 0.0249364330738074
-0.318286182753702 -0.068574373205917 -0.170483953660281 -0.0113960876639482
-0.119527321724862 -0.319634839202822 -0.24074378340528 -0.287231860841553
0.116475330737804 -0.301141153605007 0.118569999550009 -0.612625140245148
0.104119147559444 -0.397063598017189 -0.157190479007512 -0.290232674175835
-0.176626112321895 -0.328892530215818 -0.134108294975332 -0.145570949856569
-0.31761861217923 -0.0732849125515003 -0.159159715353742 -0.0761723592119506
-0.170180665095462 0.24739971586685 -0.0653182741091541 0.0301319751526113
0.0453785380168119 0.300910194330657 -0.0227311351508443 -0.0271273231413433
0.207951486855373 0.214169321547337 -0.0815174840110923 -0.107124290018382
0.276431336223601 0.0732549183384721 -0.174561872410768 -0.136036276524508
0.300606183854454 0.0434192695980841 -0.200373518127928 -0.134000021103989
0.298931047630927 0.0861871197338812 -0.196287353241689 -0.158618347165796
0.261555863858528 0.289041935952286 -0.106990358961471 -0.201649995974402
0.0396391367530978 0.417636927305935 0.0341884201924895 -0.159173518713367
-0.268443963673497 0.352746694741195 0.0309151767263501 0.067977004183168
-0.514951939228423 -0.0779652331066645 -0.180731151212137 0.0212141781843128
-0.262638370669702 -0.491602993210434 -0.219328397488461 -0.241256684419948
0.0977167885329197 -0.529364298540805 0.102469007438228 -0.481976620351993
0.0942139234055503 -0.515872313046655 -0.21034961460485 -0.141616695374327
-0.259110738477689 -0.404707428209741 -0.0909487528778492 -0.0768274740208822
-0.413758867770255 -0.0786534719900198 -0.156295976538994 -0.0771114307693607
-0.22791973303919 0.313249701472525 -0.0952970641627047 0.0276480637344178
0.0397478149616646 0.390189251904341 -0.0436151570643629 0.039685627672673
0.247681002187201 0.292410761139713 -0.0160373241875383 -0.0222106339293497
0.3379594077577 0.126526841666497 -0.0632506937114142 -0.088053414359339
0.36537838184617 0.0910228867301989 -0.0744169168936208 -0.101142497196209
0.358768066185719 0.141195176539918 -0.0666961854034533 -0.108745073249083
0.30915622646231 0.374709840843797 -0.0138588090917541 -0.116035068078813
0.0295672065077335 0.521917526736973 0.0577742504230336 -0.0703086741799121
-0.337507580333806 0.429373187989486 0.0224264943480317 0.114016042252075
-0.631666043429443 -0.0787972235314176 -0.159572990979385 0.0719896642529891
-0.357106941747903 -0.586005526798217 -0.168793037275841 -0.143622341122481
0.071739364972717 -0.664016655440171 0.0847642175548455 -0.287269512493658
0.0592292007497051 -0.570107018087254 -0.245378782028464 0.0594356670738755
-0.335411697931546 -0.426753523826819 -0.00899279705105044 0.0255965247012575
-0.477123718269796 -0.0523339878625375 -0.118996413728709 -0.0763902069345326
-0.252954041607575 0.360012206874706 -0.124364757286542 0.0206275651590834
0.0379607231703956 0.432461505134559 -0.0659577489091977 0.120271099663937
0.260713999774661 0.328948781234054 0.0574423359174053 0.0838897158198463
0.355165161361267 0.158755075414168 0.063442135889925 -0.0198728589762478
0.372892633191302 0.12370992063696 0.0643014356035817 -0.0533502842229524
0.357554178800452 0.174809434944707 0.0728446914811795 -0.0476388507021378
0.298713367177947 0.399220203332247 0.0893061828665253 -0.0220379428863233
0.0117259931541832 0.525472748994351 0.0876933656375254 0.0266622203628764
-0.337683607342055 0.414176556265897 0.0216003127129 0.152535060585206
-0.610438245403704 -0.0749502483090238 -0.111445492431587 0.12571669511235
-0.368493348581363 -0.57367308416124 -0.0982508123570229 -0.0220473146452856
0.0411945645884384 -0.673629107956461 0.0672135088710675 -0.0673612874824328
0.0105984942947912 -0.537798192356878 -0.251954156254518 0.284775151222364
-0.359471002373439 -0.378424456496911 0.0991268183903276 0.145486781835166
-0.458109348572358 -0.0130804198550496 -0.054069596569711 -0.0678352976187826
-0.231286396310666 0.343709131505147 -0.14164804839293 0.0167283816293433
0.0324548091461606 0.399832770356471 -0.0792960794929307 0.20136281076866
0.234137671222743 0.308494033700989 0.1306346058946 0.192908376039547
0.31803255149834 0.163300285217512 0.188418319359121 0.0566923598655362
0.323504193600336 0.135296518629662 0.193386091159732 0.00227942336907478
0.297900594519572 0.181046839901509 0.196868856568902 0.0138652405088486
0.23194444034466 0.353456018319325 0.176980601954565 0.0609394705238609
-0.0182827548289368 0.428436319025541 0.112532991224898 0.104967612183337
-0.278896299840359 0.29593134837348 0.0249035774170444 0.166014435961306
-0.452402548309298 -0.0748468932068658 -0.0529990748685565 0.162028064656504
-0.288664414635694 -0.453981041683111 -0.0300937749488866 0.0852477241599947
0.00854963464414359 -0.558465683280898 0.0535694962738486 0.128552106319137
-0.0345776820480508 -0.415338173404853 -0.233322250606919 0.490306595998049
-0.308097730936902 -0.263431580264216 0.201428174135353 0.258032211991636
-0.337775533102589 0.0184456558622406 0.0274006943242016 -0.0501390295989328
-0.163229069981835 0.247475909112468 -0.139044271012985 0.00801791017765557
0.0150496037585791 0.286102293806175 -0.0860003573222864 0.256505057216229
0.162271569922031 0.232126480241552 0.184618750147431 0.280184335947178
0.227201078534682 0.140851130682108 0.289681944787553 0.129336101578453
0.224059003940938 0.128578349750098 0.295050397793159 0.055160956474746
0.1951169562554 0.162131574847309 0.284961600320442 0.0672586077235585
0.126311411904564 0.257273588338951 0.228451444188894 0.117769403508728
-0.0540430628297608 0.261020174953798 0.119262496313903 0.147536431789986
-0.179674628473179 0.128370493477401 0.0255758728216241 0.146037881106127
-0.222579308459788 -0.0689147265632785 -0.000466659160304125 0.168310560179493
-0.160901087733783 -0.266680793196399 0.0200483498403945 0.148404343569061
-0.0256870129692875 -0.357529549491457 0.0471000203996215 0.264825293815811
-0.0694383749213591 -0.217606375481629 -0.195900406897882 0.640742314182314
-0.191502728416132 -0.104118470743851 0.275394885875129 0.342703443662928
-0.150700738723387 0.0410999744895576 0.111858804549487 -0.0308766015107447
-0.0651714976284717 0.100821597240326 -0.117778295812522 -0.0140457282270119
-0.00717073364927895 0.120834160008207 -0.0916938449978564 0.269879710070281
0.0594166994582556 0.116217757023994 0.204481363429798 0.330777133760914
0.0959334840481222 0.0963739123879201 0.34772134371831 0.18563357672304
0.0912100707379331 0.103762695263082 0.351843069273104 0.100327255687616
0.0695349728529028 0.121564752171408 0.324610986036103 0.106504021541289
0.0134138482281785 0.134004864623907 0.237671937136165 0.149005034390655
-0.0785285920572257 0.081721778186201 0.106737010550031 0.154658189656603
-0.0760858096518575 -0.0272466261905026 0.0250272354686037 0.100751223359193
-0.00545661131740893 -0.0462019934332689 0.038859121372475 0.14741858469597
-0.0425418997098312 -0.0625100415735941 0.0491933275339487 0.169132353220437
-0.0648592354655544 -0.124250373854001 0.0498741089458744 0.331561279528205
0.0577559109081666 -0.0601513987120427 -0.0679543696813683 -0.410481411790502
-0.0574802332318267 -0.09312420845684 -0.147803687151502 -0.18836226281458
-0.121960414795116 0.0119047521752083 -0.100803034052103 -0.0854640133406751
-0.011275403263476 0.122903016871018 -0.0276544494261917 -0.0184402313509313
0.0744461733005798 0.0720964715422496 -0.0371438587554119 -0.120358715286527
0.0843147156654599 -0.00446116295127222 -0.19614782987431 -0.173708714690008
0.0563481109317419 -0.0596297485868949 -0.316685897207463 -0.137062070491276
0.0433589337551649 -0.0679753000159088 -0.352622031839499 -0.11975554432598
0.0440487508852006 -0.0555321933771086 -0.353955351011668 -0.176829528525169
0.0601050323886569 0.00612592815828859 -0.223150851351405 -0.281005400050403
0.048269153848821 0.0530876126584372 0.00583842102838644 -0.264835259707644
-0.0308023893250233 0.070952438365678 0.0820812115662978 -0.0191020237269876
-0.0909888970517929 -0.0458943909580609 -0.129907497633017 -0.012760878006899
0.0314621643542313 -0.114189862996621 -0.245109928439288 -0.266793312332617
0.122284015538332 -0.0357862838513475 0.103122327969353 -0.667419640917664
0.079578387471707 -0.24471280941313 -0.111007637682668 -0.378234348487341
-0.121983921506081 -0.216350757595474 -0.153437920847313 -0.175865866761757
-0.225986172809567 -0.0275360278486975 -0.141283667590255 -0.0676755599938695
-0.0852345594828191 0.192551190948231 -0.03839705545347 0.0212255373051776
0.0704855036364699 0.189872185750723 -0.0163416663874987 -0.0748540066767692
0.159185538487002 0.102192145155817 -0.14294763009003 -0.153167085896029
0.177488939303004 -0.0016171527854672 -0.266256420012008 -0.144868491290016
0.185850949997229 -0.0221680850578435 -0.303550234120149 -0.132836557566043
0.186334509445473 0.0085384051869755 -0.303559809623108 -0.176557423303711
0.181282537905088 0.148862404170654 -0.187652932384088 -0.256418526770379
0.0602545301518745 0.247167071972227 0.00951466078149963 -0.226480140993854
-0.146235358308496 0.229357655788014 0.0568562115073378 0.0198897363075047
-0.322264999361653 -0.0520745879794119 -0.16589694695898 -0.00260439036572673
-0.135368278938878 -0.316333152879204 -0.247163995072446 -0.272007165877929
0.104305384760578 -0.312166556568679 0.0952526341209651 -0.617017645326544
0.0862467922944856 -0.405591405927637 -0.161879136075767 -0.286848605603354
-0.192155573928024 -0.320980952106382 -0.140438574700101 -0.141576988041151
-0.324022837619418 -0.0585021759546009 -0.166434304818747 -0.0616190209013509
-0.156355501074686 0.254225055866849 -0.0617225807312083 0.0371402829117502
0.0617429328657929 0.296897833527037 -0.0180310759497556 -0.0207319596119906
0.21841070286704 0.200914721549283 -0.082268717731581 -0.102260544147001
0.277855419143443 0.0585413750291784 -0.180846183294503 -0.126555325956722
0.299515884271863 0.0277764066012937 -0.207548818342887 -0.126442984992501
0.299246319935184 0.0716386332913955 -0.204528621657245 -0.150754868091947
0.276823383256234 0.275317074623459 -0.117479987570951 -0.199263480558216
0.0627717690712017 0.414736002799253 0.0247996473372908 -0.162747958398408
-0.250628520131302 0.363213271140854 0.0407202747396155 0.0636710927466394
-0.519710563250905 -0.0550985866092896 -0.172197593817491 0.0297446335270983
-0.286839019390801 -0.481736063165405 -0.221093405924189 -0.225731962008659
0.0764569131881598 -0.541846890547276 0.0856866351027886 -0.484084169357549
0.071678779982073 -0.523922313041569 -0.209653069158077 -0.134800197195754
-0.276961484920359 -0.393035540683211 -0.0945996092367576 -0.0758064597459133
-0.420402406226181 -0.0609914284440541 -0.162123848708678 -0.0616302572872346
-0.212214734634571 0.321804648797335 -0.0926896118881213 0.0359745083489609
0.058985122802993 0.386690287443713 -0.0350062153479933 0.0481888046398381
0.260878897326659 0.277785042691083 -0.0122133260666847 -0.0208796552553415
0.343408389298734 0.109233600167535 -0.0678187332531853 -0.0837623732759443
0.366223033714753 0.0710925026587803 -0.080051387794607 -0.100207998141526
0.362684031360389 0.124051242458228 -0.0725670281981162 -0.10660518189605
0.328688823164048 0.359060076498599 -0.0203774426756454 -0.117908592005617
0.0571824997643425 0.519687703187895 0.0511564293051384 -0.074471188983276
-0.31724276924407 0.441565028692863 0.034409566388724 0.110335031330652
-0.634106724264781 -0.0512681907506422 -0.14789277609842 0.0774697936838214
-0.383256851441221 -0.574582651267923 -0.167803396685814 -0.130050645915773
0.0461517058020546 -0.677370296983965 0.0732728395394912 -0.285789845115418
0.0359595603883158 -0.577248900399311 -0.236689561982977 0.0690723422594122
-0.352781340345451 -0.412583085101939 -0.00839343421575139 0.0232610442459349
-0.483963648785457 -0.0338580556627405 -0.12478421101385 -0.0621256453684276
-0.237141916195524 0.370335622639738 -0.12316906066942 0.0303916156525567
0.0587697895688495 0.431245673885094 -0.053535625295125 0.130643272608234
0.27505088289098 0.314319849038668 0.0670308303573176 0.0811171822134647
0.362066896227589 0.141290629653321 0.0622864231742349 -0.0223511625263755
0.376386808003916 0.104833389445427 0.0601664169333387 -0.0586304814726613
0.363332084890607 0.158014070606018 0.0690999003874275 -0.0520962650772919
0.319661655432311 0.383361075134665 0.0866251970958836 -0.0288657426455842
0.037783837396577 0.526747560075329 0.0861405994753365 0.0211325406499574
-0.319067541422803 0.426013500061421 0.0341771411667534 0.148462860484789
-0.615635995130521 -0.0499477572512434 -0.0962382700552174 0.127706296666091
-0.394021200253099 -0.561079640144984 -0.0928343276081918 -0.0128858210345055
0.0175507328739923 -0.682579103144259 0.0632614335259377 -0.0666330844288249
-0.0100519808894038 -0.542969306120008 -0.236451551365929 0.295723746153754
-0.373321539572359 -0.363030483865627 0.104167805497839 0.138447290185172
-0.462524104735238 0.00388189226324534 -0.0590843892533105 -0.0576276562103566
-0.218360607076929 0.353184089741305 -0.141481131778041 0.0269908501065955
0.0506927780198239 0.398644022611229 -0.0647260766166211 0.213148632573702
0.248142117381533 0.296397314071417 0.146264190787873 0.186212765168888
0.324385814499779 0.149096143877405 0.191299633722107 0.0477697362698839
0.329118705035401 0.12008576674863 0.192178233068669 -0.00831437496099355
0.304975700320601 0.167762900124644 0.195304460463826 0.00345627112350881
0.250212099437578 0.34219835169707 0.177835871478654 0.0492437806722891
0.00228762844616354 0.429153645507738 0.113978297875419 0.0979681003705369
-0.266037004957215 0.307617229965256 0.0369176102383135 0.161261215276147
-0.457651384420442 -0.0563887722387623 -0.0358771992051292 0.160243465361555
-0.307082699857452 -0.443801782054782 -0.0207685079849698 0.0898871366941009
-0.0117325244485579 -0.564222588310831 0.0572262440507327 0.130812720543034
-0.04901811154138 -0.414431551844736 -0.210984059152792 0.501415403409352
-0.315873617712145 -0.251200471658109 0.210113015329613 0.246039950237955
-0.340323450823285 0.0298459768715627 0.0224273777954908 -0.0460694707656188
-0.154521164598011 0.252909267895681 -0.141066916466759 0.0171211724091894
0.0275079333463756 0.286168832111972 -0.0703294542314735 0.267772191843499
0.171935430586607 0.223964917950114 0.204292004218878 0.270917741303446
0.233073386520613 0.131390487539499 0.295398435766577 0.115083843938026
0.23031444473564 0.118300054582035 0.296367919965945 0.0415697102571462
0.202203538590667 0.153432473196323 0.28516262828701 0.0519375596744729
0.13928167104578 0.25068733439557 0.231436259416581 0.103945125848504
-0.0421984175289763 0.264530798296912 0.122681618377949 0.138904071708221
-0.176767773273278 0.134829649664887 0.0343971983144023 0.140901955586534
-0.226236958049835 -0.0626810505725798 0.0154123843633459 0.163486205410114
-0.169724630151799 -0.260749238952973 0.0306959185623537 0.149447523718671
-0.0356744020481202 -0.358556439659787 0.0545973360137281 0.267186236259781
-0.0752732737809413 -0.213303268467415 -0.170034003008542 0.650512813066297
-0.192656459600018 -0.0959413048515912 0.286347339300165 0.326816097841997
-0.149257309212361 0.0440360178813317 0.107582175488394 -0.0337837029180901
-0.0625499756230904 0.102643143702029 -0.121099761388866 -0.00601340238491073
-0.00340317283271742 0.122053543532703 -0.0775529645408651 0.280311850888477
0.0634077614496101 0.114179401061832 0.224852516976615 0.321620203208172
0.100698478857522 0.0937797528091666 0.35636015772256 0.168821316972837
0.0971457293951978 0.10053316398949 0.355571653526642 0.0834715245944574
0.0763265269192592 0.119054852387326 0.326640548795149 0.0897688805807233
0.0197759521219797 0.134174758396047 0.241410476866608 0.13435328794635
-0.0766006350868569 0.0867363756378414 0.111260788944277 0.145305209103916
-0.0809438108033753 -0.024113767409394 0.0292020731603065 0.095310464863221
-0.00768260412836692 -0.050396463169506 0.0527725806586188 0.141439575258212
-0.0414057843733309 -0.0612567364698324 0.0593656141740226 0.167572602532062
-0.0641806328841023 -0.120223696566725 0.0587221049595867 0.331215378548384
0.051508000110144 -0.0625621254037925 -0.0783699367664183 -0.399498605428958
-0.0615967561299993 -0.0852768148816177 -0.153373232296188 -0.176457670958137
-0.117591346641665 0.0204236483614126 -0.105982495086434 -0.0728393626067913
-0.00195979910498101 0.118936240743507 -0.0258955673477899 -0.0121687988424851
0.0774441828331515 0.0637338708659146 -0.0374464549245198 -0.112053805810993
0.0817386135212337 -0.0110758736991662 -0.195732037815014 -0.156826857270549
0.0500413187176194 -0.0619975156795367 -0.310957658767487 -0.116604360475414
0.0366485179432949 -0.0686439021803929 -0.347918727891211 -0.101628054790844
0.0374929984305678 -0.0565739347124493 -0.351327538092527 -0.155405484200154
0.059417581755683 0.00161906935581744 -0.232085875647345 -0.263537048746191
0.0513199802343072 0.0472844777029254 -0.00885916605218443 -0.259309579706706
-0.0236971480640766 0.0697608722166808 0.0830301580147701 -0.0257443533699333
-0.0914603120209875 -0.0373618417231677 -0.122952130336054 -0.0061403840168223
0.0219142334851227 -0.111963824881427 -0.242887369291847 -0.245165068283093
0.114857438909437 -0.0436306299103436 0.0737658078962003 -0.653723885109289
0.0647131265754963 -0.244102621504645 -0.119372689919095 -0.366514107848965
-0.12978490224564 -0.202990449063723 -0.157522242230345 -0.164475383141099
-0.221290010662898 -0.0136642043166089 -0.143483282783712 -0.0530018980497438
-0.0716647304765835 0.190127975444853 -0.034246372651063 0.0262031424855106
0.0791784840272274 0.178045291617806 -0.0138386492207143 -0.0683956169240496
0.159131114206324 0.0883521954017334 -0.14235690985453 -0.140228140574057
0.17040397397457 -0.0117289230332802 -0.263130787568978 -0.126445049062889
0.176992127685586 -0.0310962940873663 -0.302618427561773 -0.116374807622962
0.178497013717935 -0.000516119806164398 -0.303841868436273 -0.157088095451299
0.184496882814647 0.134090500770792 -0.196638578864647 -0.241395356799886
0.0725246885053425 0.235966486930807 -0.00272159336921504 -0.223151367128352
-0.129812010016363 0.227784346271295 0.0618258739263426 0.0132513495867027
-0.316138821599824 -0.0347632709988894 -0.155398922490918 0.00564433478584708
-0.148658194146526 -0.302194405783581 -0.242774149044908 -0.249977575996844
0.0865372888851786 -0.314359370239205 0.0704656204862623 -0.603458013932752
0.0652586337861836 -0.401234126758178 -0.164709150500898 -0.275686775452368
-0.202411635421581 -0.301997984701188 -0.143033732364717 -0.132941409742353
-0.318598786958129 -0.0397473790943852 -0.166309430980948 -0.0452449346553331
-0.138178697310448 0.252525371959481 -0.0569106412578702 0.0425863128785053
0.0754655536243614 0.282889530113141 -0.0117750429522214 -0.0149722879125524
0.220810820584015 0.181422929302156 -0.0802305399641691 -0.0948407775189256
0.270335115585266 0.0418265618974358 -0.181328691871546 -0.11307269064835
0.289480880404875 0.0116719528982886 -0.209340332890592 -0.114770545026323
0.29129032460869 0.0552121993697118 -0.206738522940364 -0.137267008506987
0.28241866049896 0.25179316775384 -0.12530167918239 -0.189485987047985
0.0827754962283352 0.398103650807044 0.0143075665583622 -0.160798385113537
-0.225404545349156 0.362961452280719 0.0490297547249956 0.0569132370776811
-0.508250401274342 -0.0274686606437052 -0.159313742200977 0.0358748963583508
-0.301494303709727 -0.457652180741856 -0.217005695460819 -0.204041239920973
0.0512060057310772 -0.537212974311304 0.0646393671048783 -0.473232799976696
0.0463071759175012 -0.515656355322351 -0.203320764776472 -0.125222646554165
-0.28593241459477 -0.370385297524986 -0.0961486027631594 -0.0718827505557492
-0.414677535581384 -0.0388270214193601 -0.162160353850682 -0.0453198017567
-0.19076528043497 0.322346208972535 -0.0876566343425404 0.042848779418477
0.0767363791686456 0.37126291164108 -0.0247957702947074 0.0535095109808461
0.266495333135403 0.25340938397421 -0.00784390777863029 -0.0205501525422898
0.336394608215051 0.0893158630777762 -0.0698753553487247 -0.0774697630629987
0.358130533314419 0.0505450095106329 -0.084392536932218 -0.0952087219058195
0.355397188282125 0.104868957214181 -0.0768963145611667 -0.101181904008079
0.336550825618258 0.331650854305 -0.0267626588005528 -0.116174437345159
0.0821364372886284 0.502278088559284 0.0439983325646152 -0.0755571850369862
-0.28762585890596 0.440755255491815 0.0448597095987868 0.101809496380912
-0.620645905292473 -0.0234478988988851 -0.130801648744195 0.0799404191967156
-0.400092807812904 -0.544219992805126 -0.160485196258711 -0.114579108802906
0.0165153108248685 -0.667960930856406 0.0617039641342804 -0.280736813205005
0.0106146110679885 -0.566089853210029 -0.222163663353705 0.0750094533967949
-0.359766566028141 -0.388471971743016 -0.00816993565008884 0.0201537018930246
-0.475004119752214 -0.0116097940446322 -0.12492339083592 -0.0475313938796664
-0.215179078917552 0.36925765416542 -0.117888579622988 0.0393728236643996
0.0781345059104439 0.414843280374247 -0.0393798003138434 0.135527568996615
0.283777172070937 0.290168281362142 0.074176603442497 0.0745291415517077
0.357101809466868 0.119437339461901 0.0582400068997876 -0.0247382411140739
0.369143838937326 0.0816422974185555 0.053542538372089 -0.0604562221925003
0.357599494467957 0.138119914466476 0.0627409716832506 -0.0553036893643001
0.328879616436448 0.35511185832669 0.081190603100941 -0.0350303891007517
0.0636765504505354 0.510104635609395 0.0813442470562237 0.0157328282085406
-0.292055279826038 0.427215795205586 0.0455940668564989 0.138436128887985
-0.600700105051627 -0.0222773645472771 -0.0788671734164509 0.124159389436575
-0.408379090670123 -0.529011598051501 -0.0830354192677595 -0.00491794826263032
-0.0122926215984359 -0.671529986096665 0.060011925782525 -0.0636839475600327
-0.0305571429147687 -0.529297585788745 -0.213133437292363 0.297493903480439
-0.377781535700651 -0.339699666499587 0.105715264474271 0.126334584570067
-0.452156405257999 0.0228643460451389 -0.0612525697828086 -0.047421594014332
-0.197165935314106 0.35178205563868 -0.137665607943979 0.0361090518722701
0.0669486630699471 0.385465367053128 -0.0463393156962318 0.216444750811384
0.254564566773412 0.274787859217234 0.156071305613369 0.172258828340117
0.321884184462663 0.129220107346903 0.186900832768909 0.037290163409359
0.324626092811217 0.0999871486611667 0.184587999326527 -0.0182226855782585
0.303503099338533 0.14988134091338 0.188163461959872 -0.00743582179069802
0.260545372712009 0.318513740441755 0.172840168436002 0.0363496109192238
0.0238162071523083 0.417231839903873 0.112075758878467 0.0882075357864834
-0.245722960030026 0.30829213749833 0.0458951304874245 0.151217183725674
-0.448733206824604 -0.0364291868077028 -0.0193750206486047 0.151914448894568
-0.316867946592224 -0.418943469000203 -0.0100921614625977 0.0907736224866067
-0.0301255495672189 -0.55335046241536 0.0595543746675225 0.128580281241264
-0.0617115933995804 -0.402546406340327 -0.182238809635099 0.498150729436042
-0.314356730510743 -0.232274185674015 0.212398767771624 0.227503831013796
-0.330690841305447 0.040794758824436 0.0189413383351625 -0.0419295844202656
-0.141229816537944 0.251616307365073 -0.138273869445912 0.0263000504056367
0.0389048786544561 0.277243125222291 -0.0514284336149029 0.269709029466071
0.176304349130184 0.209671889133612 0.216063807284774 0.252028528184661
0.232468709924006 0.117190554925841 0.29166463611926 0.0967659004010447
0.22931835935626 0.104323723206864 0.289005399147799 0.0259203362891113
0.203823669657681 0.141205900161167 0.276387467549049 0.035786727446146
0.147119260527275 0.23609910864052 0.227091050582896 0.0866372352427745
-0.0287371973089783 0.259801060323392 0.122437618745097 0.126971585291998
-0.168223646991231 0.137559585548819 0.0412014762026788 0.131787921610411
-0.223567059403533 -0.0540673574485947 0.0304069470836251 0.15209725359288
-0.174321175618577 -0.247655832172255 0.0399045522148347 0.145205090788697
-0.0463121881113724 -0.35021963982998 0.0618403957521336 0.261101853980463
-0.0784940788353155 -0.203816383391058 -0.138184216018607 0.643737538360664
-0.187619217399543 -0.0858222616057945 0.28965670041601 0.303758921086679
-0.143806381810717 0.0465961582593543 0.101119432922319 -0.035770121879705
-0.0586137708566226 0.101529054257576 -0.121327686832413 0.00270446046791805
0.00111864918726829 0.120049813199129 -0.0594884416091102 0.281575680157529
0.0651756294892492 0.108848892905209 0.237582134048607 0.300086600110648
0.102250607426844 0.087475347016657 0.353725050872101 0.146203427057683
0.100116873716017 0.0931698769278051 0.349388133634027 0.0651746389446563
0.0811013437075829 0.112965702252004 0.318030764134784 0.0705663756627333
0.0251296550352797 0.129783747756904 0.23704833801611 0.116406386780112
-0.0719446187056584 0.0900535438197173 0.111538795334344 0.132652870498208
-0.0829584849670467 -0.0203713688370568 0.0319724770577925 0.0878754853613106
-0.0105265206785999 -0.0529295752645046 0.0639007781630542 0.12923539173663
-0.0395057165602004 -0.0592136415726763 0.0664848518720303 0.159888815005542
-0.0625480229952017 -0.113691329946622 0.0676114493723872 0.322419380843047
0.0374342965895187 -0.0698173329924454 -0.119878783668449 -0.36795708525266
-0.0702571141659124 -0.0725343525319698 -0.16421515175505 -0.146855765632305
-0.109158134780167 0.0352407194454186 -0.107006265838821 -0.0512910077387922
0.0130373076152851 0.111047674117816 -0.0210764730074308 -0.00796229822132689
0.0813768563011845 0.0492658320253527 -0.0447685942117698 -0.104516908747274
0.074526614727036 -0.0209395888332005 -0.202544261801991 -0.127605722406854
0.0368971840554513 -0.0640767959158217 -0.311781862965523 -0.0777301775296914
0.0244558398959371 -0.0688132640730495 -0.339511344574092 -0.0553844151342682
0.0271446724820926 -0.0561223438472001 -0.350745107400283 -0.108795675104593
0.0570115027020705 -0.0046637109050783 -0.251419895308987 -0.223089841924545
0.0541347303012967 0.0382300272900879 -0.0364712584648075 -0.247880120825039
-0.012960532185027 0.0666763052583473 0.0804907593363411 -0.0363328505186304
-0.0895145270648575 -0.0195123432736029 -0.116333797006155 0.00933798846536817
0.00321738443035635 -0.10038936974934 -0.252791264620729 -0.205779650381713
0.0902636830631537 -0.0578190955284441 0.00275710291304562 -0.634642656332954
0.0277293997640273 -0.248383832643332 -0.151671619519836 -0.316457630976623
-0.146168071535566 -0.177034903264417 -0.163725951471341 -0.131599344930784
-0.211171936559702 0.014119988565932 -0.134635545166709 -0.0252042153193766
-0.0453754857051094 0.184324291864956 -0.0210367723780316 0.0276711465481753
0.0949693246750491 0.156515785201985 -0.0141431631760343 -0.070274443148217
0.157806878649546 0.0640342545042149 -0.148872844933214 -0.123691762672331
0.154587914384509 -0.0288262416821014 -0.265073368977437 -0.0957497562856346
0.160465993385988 -0.0490099196175535 -0.298117810484356 -0.0764078130123893
0.165853557699016 -0.0188340345368415 -0.302054516523724 -0.116636859045666
0.188364455309776 0.103791041522195 -0.210912972510525 -0.206513537847598
0.0950878142605807 0.21230662113936 -0.0222385477029504 -0.212742065739634
-0.0960392897986915 0.224239500584966 0.0690183073195774 0.00830594078917356
-0.299183249293761 0.00952482920367988 -0.150132428386386 0.0294542756338807
-0.175046227215889 -0.258772708058588 -0.264921486598135 -0.212488966359851
0.0320798517074852 -0.306400089769856 0.00449310798588473 -0.592298925733183
0.0089755896054248 -0.400837858124026 -0.18184174553887 -0.211719891139253
-0.224221803101221 -0.26483216601393 -0.14438621265848 -0.100523200241385
-0.307408960371414 -0.000123875930196676 -0.150571349214046 -0.0132696655410367
-0.103880387096783 0.250587751132173 -0.0369208107971665 0.0462413284767191
0.102043966493487 0.256280581053936 -0.00274722021658323 -0.0225506379892356
0.226365746872396 0.145406122241354 -0.0825604964103835 -0.0924871590864621
0.254216923420918 0.0108966416971429 -0.18353633244773 -0.095329694069567
0.271261137300624 -0.022431930174225 -0.210394202633615 -0.0859968911314781
0.278439524742015 0.0220510344933609 -0.206990824508525 -0.110019771348094
0.293208277228978 0.202648050087656 -0.13408070900862 -0.165973634739491
0.124001785044049 0.362841418499279 0.00528504134305018 -0.15413229786783
-0.171672302194412 0.359671415586995 0.0642386353266988 0.0552480317145828
-0.477325522606432 0.0370443801261132 -0.152486118972156 0.0629370255333575
-0.33252765096871 -0.386714378279008 -0.245083291946463 -0.175853740872777
-0.0260688376328664 -0.509521168487266 0.0144010803425034 -0.473088027176184
-0.0211211641354742 -0.511312855337991 -0.199168296532261 -0.0541317822274741
-0.310517154040165 -0.322764748180871 -0.0901952738546408 -0.0471891109656061
-0.398095430203888 0.0122872139404503 -0.140847631090338 -0.013098987574714
-0.149015850104349 0.320732409483591 -0.0639342271741626 0.0493133217332837
0.112344887379894 0.340189478229693 -0.00385361121490066 0.0414008912025301
0.277289762871312 0.211179244356842 -0.00442807250905842 -0.0336027279242433
0.32193246797502 0.0472027960864537 -0.0708868352775525 -0.0756837306703956
0.341048730959294 0.00737262116229157 -0.0910867147248723 -0.0824145584586504
0.345117267379645 0.059868682206044 -0.0788935815269819 -0.091052636285378
0.353453424677222 0.271135355815859 -0.030129590161288 -0.108389464641494
0.13504405955944 0.459118563432639 0.0446806664279512 -0.075885842401501
-0.220954709704434 0.439310656737371 0.0656994871458431 0.10034776135139
-0.581606511842259 0.0561015716407433 -0.123430342820704 0.10344310898725
-0.431958921147262 -0.455932517001224 -0.187212066005022 -0.0984286636075477
-0.0699298986857791 -0.626269044400592 0.0302438536643813 -0.293496583181424
-0.0599500463439522 -0.553502423559055 -0.191469907160827 0.142686849790455
-0.379722702136413 -0.332384542612919 0.00545793415312302 0.0297164206270186
-0.454099915166254 0.0417772796831945 -0.103181857627617 -0.0205317573214378
-0.166586976421662 0.368312658574545 -0.0925816477218227 0.0489301105659743
0.117389534176725 0.381715203735619 -0.00612801100435014 0.1208716709058
0.295889506064647 0.244073893114543 0.0856377688001453 0.0450972434019902
0.346211460769119 0.0750586858374499 0.0587295119298057 -0.0404777219892192
0.357017482789653 0.036668139881287 0.0436177533503781 -0.0659337047403585
0.352148118886555 0.0899661934826242 0.0583901636180768 -0.063598170755651
0.347572149916541 0.293039717855066 0.0817330951518332 -0.0444976550099171
0.119900641371263 0.469189669042314 0.0895259416912211 0.00600305347933735
-0.227160323804496 0.427088428037879 0.0695179950590448 0.135298754185227
-0.563587996444348 0.0522689077499581 -0.0680957852168402 0.138040479077434
-0.436001107525121 -0.446385380667883 -0.102092113019955 -0.00385556030808012
-0.0919622083585845 -0.626914144013342 0.0519811217051492 -0.084769846794923
-0.0935026772582482 -0.510941062620704 -0.155939093987499 0.350547975618364
-0.387690738740197 -0.285087251982 0.125209151850315 0.116140223996857
-0.427130806028458 0.0685140895973254 -0.0431621067721354 -0.0304626803767397
-0.153063297980794 0.350015929802499 -0.113634743295556 0.0492254716903891
0.103291613525306 0.35536054138238 -0.00478117751279867 0.200665405942832
0.267679390638625 0.232645278009949 0.174492063633067 0.129582830861024
0.315209032208192 0.0875645308637216 0.188558943228772 0.00547074059767953
0.316729419917999 0.0573173635515583 0.172263260031221 -0.0404076613794827
0.302688790163938 0.107214483601979 0.1800602383333 -0.0312729545890075
0.278609423284807 0.267247536972941 0.174904458469323 0.0121987464761236
0.071062720424779 0.387695077598718 0.124018789862116 0.072267670613873
-0.198145107270203 0.312306999384104 0.0676908776231576 0.145639499084171
-0.423422626022005 0.017657895106577 -0.00547506048487485 0.152521837062791
-0.337655168097637 -0.355635207996837 -0.0167326398335396 0.0796129677340416
-0.0920899255570607 -0.512677128358842 0.0721920777734413 0.102525917880919
-0.105260811543957 -0.380959929805014 -0.105119894296629 0.528030577918082
-0.31668372013565 -0.189343225354704 0.235831297183002 0.196172831605266
-0.311621003799149 0.0728255876762662 0.0280285122803176 -0.0378928044110698
-0.110547921866709 0.250166758391538 -0.120035880058345 0.0421355845056554
0.0632118922901519 0.258490268267842 -0.00564160973002103 0.256859369574761
0.18734265927973 0.179847736579082 0.240127191803658 0.20282014953725
0.231506877806664 0.0858668504694429 0.29485901185143 0.0529865662500511
0.228537317491577 0.0724904873631817 0.274951649035131 -0.0102127559121248
0.208860604983167 0.109607256719604 0.266960509778477 0.00149783811768109
0.163334643030323 0.20269670768919 0.227386903741157 0.0543030226146907
0.00250273210114617 0.246021056670125 0.132906269530994 0.107165725676946
-0.143844493935812 0.1445220984237 0.055430433321007 0.123239671108183
-0.215612646695347 -0.0269718567300688 0.0448551168612486 0.139776634908963
-0.185249410988515 -0.213098091892971 0.0455808281975547 0.127212515631349
-0.0791620721148032 -0.32072182120684 0.0863613716194528 0.234907984827137
-0.0950760914410847 -0.184896317191613 -0.0515229968685889 0.6443479714078
-0.180843305946961 -0.0628628536287834 0.311364209132566 0.253797034856569
-0.131535165179894 0.0561268541658674 0.0973908163539159 -0.045009133149155
-0.0479183823673174 0.100703976017202 -0.112746430070164 0.0198720834448991
0.0110739396940199 0.114386118650768 -0.0164112977025144 0.275051205543046
0.073032051164092 0.0970419727769863 0.265812081618107 0.253037850893256
0.107979949013557 0.0721496883322679 0.359350601124366 0.0966053569592679
0.106089177683654 0.077253664531312 0.336480232623384 0.0212072538536166
0.0907022229496403 0.0966658620592046 0.307972879893998 0.0311108645486006
0.0375044072896255 0.11736661910865 0.236786507869843 0.0810493975961012
-0.0575157234730808 0.0929887414823146 0.118558664208165 0.11354518165485
-0.0820342978240261 -0.0104798875014655 0.0378942911118009 0.0792001536491584
-0.0172001981173872 -0.0530277823344796 0.0778041185978315 0.108846446442672
-0.0390788969356167 -0.0535852859195105 0.0802447755695122 0.141523104296796
-0.0630458572328471 -0.098092990444917 0.0966147067111584 0.299660150122137
0.034087253260386 -0.0665045066225062 -0.105208709739294 -0.358060057848085
-0.0674466667622804 -0.0674694285270242 -0.154850751726916 -0.142729794639865
-0.103143642609776 0.0341187904805068 -0.103533980012851 -0.0457403599924831
0.0136431750028418 0.105008755325602 -0.0180477016887896 -0.00527089533613244
0.0783007432456151 0.0455450639214376 -0.0369826770026465 -0.0990996864914282
0.071208948348014 -0.0211409787373272 -0.187469757976862 -0.123738770585175
0.0343311915780832 -0.0610887233508118 -0.293596091831996 -0.0774655480060315
0.023134169871944 -0.0652473923867684 -0.324055990769682 -0.0588591618620436
0.0248988787271793 -0.0524254884494144 -0.333708609151112 -0.107796653735136
0.0545848951520622 -0.00536977466156073 -0.238968438033887 -0.216231145386881
0.0523823968234039 0.0354317975901238 -0.0336067516392961 -0.238954879321711
-0.0117527045683528 0.0621951595401817 0.0801105684808015 -0.0373443021775495
-0.0845815399822237 -0.0176453472833887 -0.107770575517781 0.00665017887067788
0.00236334082133778 -0.0947078603017683 -0.231234167769844 -0.199776888397346
0.0833737313385181 -0.0558575869283744 0.0154661350282688 -0.606345914145913
0.0280180179205087 -0.237841062953717 -0.135557528613638 -0.309469401854716
-0.138102222413881 -0.169628750014909 -0.154227118143609 -0.129091421441736
-0.200914594349462 0.0130177497861003 -0.128694252780006 -0.0209170611018808
-0.0437518364323204 0.173703639448611 -0.0180988242479912 0.029517829012815
0.0890076706857289 0.148762842185929 -0.00723478518837685 -0.0660538231299334
0.149017349774008 0.0611720631420734 -0.136128939823177 -0.120181655528335
0.145953103370729 -0.0262727255942165 -0.249901155027824 -0.0947628340136119
0.152272053348404 -0.0448151294879806 -0.285214532808587 -0.0780274961174285
0.157158823699667 -0.0141311995308681 -0.287258780313122 -0.116793700074783
0.17908404981626 0.100452003394783 -0.199997417079949 -0.201176792170607
0.0897445396019221 0.202358729558255 -0.0200804019121101 -0.204535660929431
-0.0938009538157885 0.210787397328599 0.0690444661817048 0.00422848905776493
-0.286033812641182 0.00649817349604068 -0.13938167170243 0.0239952465980221
-0.164578423109295 -0.24956214439523 -0.241794724576324 -0.205242352485686
0.0334828063221281 -0.295240891671376 0.0160442068307166 -0.567007493003658
0.01325855971539 -0.384372042242174 -0.166146192418177 -0.210040218833232
-0.210967042139518 -0.255624760198496 -0.136379718213291 -0.100649065475462
-0.293276180503295 -0.00210138753584857 -0.143348964394562 -0.0088596282958085
-0.100673740215132 0.235539793702467 -0.0339907222886301 0.0463102740878596
0.0945703168927934 0.243804586960526 0.00420509757291438 -0.0203082436180843
0.212820896447211 0.140507223281829 -0.0742360212415389 -0.0907956720572604
0.241003741140356 0.0133183052230042 -0.172271782696487 -0.0932249458185104
0.257589530572184 -0.0180126796592237 -0.202042607868679 -0.0855781252385317
0.263457378846725 0.0260192514950388 -0.19615176155396 -0.108705355978355
0.277814377990504 0.194987829628547 -0.127042851712974 -0.161690498808103
0.114728726840192 0.347545757966843 0.00502796811616654 -0.148143835835026
-0.168519048897097 0.338781875937455 0.064876351418496 0.0484201103254555
-0.456057643130287 0.028195614640375 -0.141822659607334 0.0554976106584905
-0.312654901186342 -0.37602478215258 -0.222899265223931 -0.169869344994748
-0.0162522275406077 -0.492270064876523 0.0228343127455419 -0.450720004038839
-0.0142548480983146 -0.491074434456855 -0.185393968092254 -0.0591669185930487
-0.292044614723584 -0.313176626982905 -0.085407282333567 -0.0484331834566455
-0.382487790727777 0.00588907609656772 -0.133956313834057 -0.00857374296128233
-0.144316669128338 0.303486723765799 -0.060269144425847 0.049829976917445
0.102780782826404 0.3255540460004 0.00314668085428851 0.041790885146538
0.260088670465549 0.203210383887995 0.000102995436236245 -0.0344950760783777
0.304497713947656 0.0494906526068351 -0.0671506135033441 -0.0725544845647162
0.323424429557599 0.0111432148771284 -0.0872885003891491 -0.0801802160333496
0.326513268272551 0.0629769219093688 -0.0753880000686426 -0.0890569158798278
0.334212284262857 0.2617340166219 -0.0286225010657773 -0.105227051668212
0.123995520425694 0.441355660703412 0.041427659468195 -0.0723858633192862
-0.217693918523002 0.413951935301052 0.0651964717332578 0.0916910631840615
-0.558504224095507 0.0432245062374805 -0.11367342414924 0.0923821848676665
-0.406096195970815 -0.445907233186007 -0.169283812491873 -0.0961438314257198
-0.0563512105842852 -0.604682866896526 0.0366656168473279 -0.278035071107414
-0.0487262278669202 -0.534327502953832 -0.182071532095073 0.130755609255046
-0.355769943649119 -0.325663722103259 0.00390866247849278 0.0262705201350459
-0.436183365135615 0.0327333357267031 -0.0975380517245557 -0.0156072180520424
-0.165069528063233 0.348147595688025 -0.0890310724483682 0.0494759566743116
0.106323666573922 0.36611738940332 -5.99269504707391E-05 0.118672080037732
0.27901531281404 0.235958897236352 0.0850953165419389 0.0406946533530552
0.327491317914912 0.0764336825369776 0.0557925861839293 -0.0375124748313356
0.338022785337475 0.0379842282255796 0.0406124046194825 -0.0623581319840259
0.333963674659998 0.0915445205939282 0.0548661177677927 -0.0603095099184553
0.329378289387907 0.283206692575879 0.0764633048515485 -0.0430474909101621
0.11041502076399 0.4487744595212 0.0823842487014859 0.00749174609162722
-0.224760394818979 0.402255172177428 0.0669003595285263 0.126007887853823
-0.539384954820083 0.0394530369357523 -0.0605942231971427 0.124942511587371
-0.410462087113147 -0.435520140184422 -0.0901902571189988 -0.00388456596537608
-0.0779861367487438 -0.60392353304424 0.0521272335126992 -0.0783445325520514
-0.0782589478519685 -0.493105306174545 -0.152668286305291 0.331407954152725
-0.365448867116282 -0.281306143395427 0.116187641236789 0.110918767405485
-0.411708981559329 0.058308869117268 -0.0403361142828884 -0.0252468645222252
-0.153151576613244 0.330818468282018 -0.109583199096596 0.0493434571816886
0.0936857681698636 0.340963741311366 -0.000719027926199192 0.194807310638334
0.251551761627949 0.225777918570131 0.168772336199192 0.123459649268686
0.299709552264306 0.0880560942081104 0.178851097070717 0.00730952947744014
0.300224038032916 0.0589338053677082 0.163404180514714 -0.035669363547106
0.287140936549664 0.107092456524318 0.17040919327893 -0.0277872591909364
0.263173330085034 0.257705101471838 0.163873600002396 0.0121387919638801
0.0634881170927477 0.371667468789759 0.114126700521927 0.0703863083262653
-0.194688829243239 0.293707102632591 0.0632717654076846 0.135478357497909
-0.405116299167604 0.00825074886959646 -0.00201388182032979 0.138480492820107
-0.317951164550148 -0.346438572610846 -0.0112230178850985 0.076044991837771
-0.0779940612017778 -0.495108366020029 0.0670326413173465 0.101691631090432
-0.0909556130527986 -0.36784006816807 -0.108400855919657 0.50297231961124
-0.297227470687752 -0.188262497564769 0.218789757657783 0.188895737654159
-0.298278593310751 0.0621470869020693 0.0266474007074072 -0.032458826077442
-0.111115689496556 0.236304453745821 -0.116703641664313 0.0419871027159644
0.0560763086788609 0.248211258006525 -0.00431990722657747 0.2488595379106
0.175417431189722 0.175524052938824 0.229906286995771 0.194964264110516
0.219764867714895 0.0861148076574197 0.27937511651107 0.0540531566570953
0.21737894540474 0.0724134154294347 0.262287375727445 -0.0056449834989738
0.198393170487101 0.107771408489437 0.252257586977657 0.00508762308324631
0.153619994298604 0.195326628186275 0.213402723469671 0.0529582999381512
-0.000519128824650251 0.235739320964545 0.122182935200466 0.103418540353087
-0.141440819785363 0.135114464952072 0.0516661922353415 0.114890618134133
-0.206266551537959 -0.0318245342195672 0.0457001209864187 0.127552029215613
-0.171835796650662 -0.208673193434125 0.0446649411508415 0.122048681167685
-0.0662097321499259 -0.30940023361756 0.077776296202813 0.228109950452118
-0.0842342616847836 -0.178863937419546 -0.060040039902377 0.617684072074185
-0.168340860814706 -0.0657261763656998 0.288975461429852 0.246932703423546
-0.127093081071036 0.0495918135717402 0.0920702122130636 -0.0399243194412216
-0.0496695897150138 0.0954460366106296 -0.110668343758649 0.0204492141618441
0.00767151584944472 0.110168898427815 -0.0167007554917961 0.266153773407535
0.0672317228232122 0.0956831890897236 0.252224837273665 0.243476533815699
0.102636766674164 0.07173228986148 0.339936908921644 0.0968876859664827
0.100917987019432 0.075617971487541 0.320687806476223 0.0244487133097897
0.0864402323652587 0.0934511193069461 0.291173989270826 0.0349264727277011
0.0343502481103726 0.11338614743386 0.221276586374807 0.0791026394116216
-0.0570568816106926 0.0899369579619284 0.10759887582936 0.107777404632202
-0.0808785229036207 -0.0110488672428871 0.0337964229751553 0.0734464623740202
-0.0169369111926841 -0.0538551714299514 0.0764091257559965 0.0985620187584614
-0.0337307636229433 -0.0542271247910975 0.076700651719294 0.136012337978585
-0.0539039021627243 -0.0953362716230416 0.0842258289713833 0.28974985702483
0.0336921196610463 -0.0646396365773899 -0.08653725678151 -0.360189971255081
-0.0644522007487392 -0.0659182937500284 -0.146698542399651 -0.147673407645774
-0.101671228446076 0.0318371509044346 -0.101799077504006 -0.044268634083626
0.011499035006434 0.101909113221001 -0.015314775290188 -0.00313880754735107
0.0754123354671559 0.0462087419125971 -0.0280339754641775 -0.0983710600979037
0.0699091699077273 -0.0199357305452035 -0.176769739254803 -0.128721740663932
0.0342979402796261 -0.0596119505851625 -0.281947595784966 -0.0881295736831859
0.0239494585296598 -0.063234777263845 -0.316385356888037 -0.0710609857724988
0.0249221639270201 -0.0499445683764578 -0.323751521158487 -0.12034318023921
0.054801753361629 -0.00467612172088527 -0.228866360845561 -0.222637656774932
0.0514915114763708 0.034605655530507 -0.0251767379538595 -0.238243921390986
-0.0116936678584941 0.0602079108578803 0.0829261209656267 -0.0376563897558952
-0.0820157456888897 -0.0184045688774632 -0.103441433014313 0.00167871241948325
0.00371865138831191 -0.09160730654702 -0.211476155813938 -0.204869658072924
0.0812153245374826 -0.0525847458094872 0.042510813281595 -0.595705697623826
0.0351848254922855 -0.233498615783284 -0.117166422252002 -0.31470340033184
-0.12932007674979 -0.169887400686757 -0.145558765465543 -0.134810040917773
-0.197246837441621 0.00684317632898815 -0.126529088774512 -0.0202120539158248
-0.0474903777671006 0.166993420771035 -0.0174884686121475 0.030317563961131
0.0825371368617049 0.147360584418268 0.000822520785881244 -0.0648320272468515
0.142949083100427 0.064369845904003 -0.126572385370426 -0.124419441730646
0.142436100021389 -0.0210634371774226 -0.240226790990156 -0.102332509548035
0.149498884823174 -0.0387041385718637 -0.278115562204591 -0.0882391470862701
0.153202136628942 -0.00662548154507223 -0.278943485710952 -0.125864657641298
0.171673571349441 0.10443876442914 -0.19081760951703 -0.205383593148141
0.081443264688496 0.200709859073436 -0.0128941113092227 -0.203045443357451
-0.0999108835094279 0.201956856769472 0.0715655190097071 0.00290351971343961
-0.280219225261926 -0.00445511541663949 -0.133290389955743 0.0173116659125435
-0.153504792499502 -0.252634582077146 -0.220921542066237 -0.210470930872714
0.0435256101350707 -0.291317502135939 0.0434259803785699 -0.556833021571138
0.0272473239421029 -0.3796071880967 -0.15153607141227 -0.218375619613061
-0.196933666951399 -0.258391007408436 -0.129324272673226 -0.106286387992487
-0.287933661465807 -0.0124340874465521 -0.140951618116365 -0.0090172294770212
-0.106631295640002 0.226059404894212 -0.0335079758763737 0.0476716912159145
0.0840764275756561 0.241996426195962 0.0112470036128291 -0.0186822966601837
0.203043287976416 0.144648700158602 -0.0660166957078527 -0.0945087567628485
0.234274747736387 0.0218559515292304 -0.165237631499171 -0.0980011925446903
0.251699175792902 -0.00761136902107326 -0.196548948910029 -0.0926671941744061
0.256888515084101 0.0371565415153408 -0.189385070194074 -0.1156626759281
0.265907014664205 0.201908990679989 -0.12065368276921 -0.164594823620273
0.0997744962472017 0.344740391273425 0.00890600573936368 -0.145522070523369
-0.17938090241052 0.323911584863143 0.0655084405142969 0.0457303535815036
-0.449975582196491 0.00843540768952247 -0.136691411692992 0.0455643575731776
-0.293593489796505 -0.384717407813121 -0.204439098217307 -0.175558710874614
0.00281089328268166 -0.487836235197875 0.0444618582363228 -0.442779453686202
0.00581089916438841 -0.48541808667465 -0.176257707418043 -0.070155543867958
-0.273908619344594 -0.319306286524898 -0.0816631701686222 -0.0540974540150475
-0.376194426765179 -0.00778131472170256 -0.130807847540637 -0.00885990280347929
-0.153681241017413 0.289570298649284 -0.0603871202705075 0.0503509905567394
0.0879480306422011 0.322036169614634 0.00843673430149194 0.0422716218497454
0.247199635287745 0.209119752414994 0.00493662156974125 -0.0369429351837531
0.295873192792595 0.0600152436539034 -0.0631341247765309 -0.0736151666867428
0.315016754881524 0.0227849705961398 -0.0850890246427758 -0.0829317969760208
0.317054246577974 0.0766910308360096 -0.0717903936985491 -0.0911392274016272
0.317510076694102 0.269712507797655 -0.0264987241080541 -0.105457701229126
0.106789892465522 0.436287236090489 0.0411500395300374 -0.0689581358076149
-0.231784465383268 0.395705086868279 0.0636912248685533 0.0881188961244624
-0.549413866336514 0.0185496776386943 -0.110404722648351 0.0821838951276614
-0.382821370915578 -0.456560982397978 -0.154754401570731 -0.100365450946286
-0.0304101105698888 -0.601160762994321 0.0492953139705344 -0.270899154019092
-0.0253704526404902 -0.529656661373699 -0.182047054619273 0.118171895871992
-0.337210055816957 -0.336215305237292 0.00148388492430797 0.022813646140196
-0.430215022969866 0.0157462927414554 -0.094633270663159 -0.0145624869713856
-0.176472567434765 0.333661591289253 -0.0888200230033433 0.0496041631969475
0.0906974052116054 0.363346442751275 0.00268680933330231 0.117977679528912
0.263360048253963 0.243877834261058 0.0857911845143409 0.0408823113619468
0.31800298743905 0.0873539224322534 0.0556541026979764 -0.0339206886473084
0.328137085051521 0.0493792600830182 0.0404266877884312 -0.0596728211001859
0.32358228910274 0.104432138613211 0.0547930853537301 -0.0576646637170127
0.313335436178726 0.289933981439509 0.0743776089237149 -0.0401246380249226
0.0925005340203841 0.444474135137903 0.0778603854005888 0.010504242377229
-0.23715693455105 0.384223253962278 0.062901231991353 0.121887290153932
-0.532309941196611 0.0145449677780133 -0.059707754358389 0.114992270444691
-0.386807389989791 -0.446224347023489 -0.0822787132554409 -0.00733379192360784
-0.0485242760336329 -0.601212377986452 0.0548511199784128 -0.0735881165363656
-0.0557172174310456 -0.490231131895217 -0.161860414461792 0.318069907211414
-0.346300220428293 -0.294795229467457 0.108119291464153 0.110786909165489
-0.408801263785362 0.0400054580703938 -0.0385162479025227 -0.0226247586234168
-0.164349058504122 0.318395478626318 -0.11090379805798 0.0485571961293288
0.0760772618562228 0.339569146018737 -0.00152419385889227 0.194484660340486
0.236876675037094 0.232791692041205 0.164724847494538 0.124856441177674
0.290622517571151 0.098984682813161 0.173867889093174 0.0143125882075424
0.292244595238359 0.069605868134987 0.160332375150985 -0.028864846224516
0.277906953116046 0.118467050971634 0.167072099455541 -0.0208052098926048
0.249674800243811 0.26324981303481 0.157761783728678 0.0168498432339401
0.0491276055215671 0.366490011644712 0.106368193016273 0.0740455806029283
-0.204596658129227 0.279562232279516 0.0587991026787175 0.131373186225751
-0.399382310815195 -0.0109570342282232 -0.00264196063773941 0.129809503211028
-0.297628077437998 -0.35631779395328 -0.0093927781999106 0.0733810367243167
-0.0525602874294853 -0.493745448829398 0.0614585759643289 0.104703874270811
-0.0717302814225982 -0.367538544449456 -0.128016296394209 0.491727953258821
-0.281531506406793 -0.200047992878564 0.204069296432138 0.193135852854071
-0.296670492322845 0.0469248617831695 0.0271865195114289 -0.0290718109011629
-0.120765910739937 0.227312213631474 -0.118359315295528 0.0408382824306923
0.0440900297047441 0.247181276087776 -0.00879629453912536 0.247855253930074
0.164178114624419 0.180866422422465 0.221959659484056 0.198366963106194
0.213274811016847 0.0944358462775373 0.271349639918759 0.0647979957596839
0.210322391479174 0.0794315080863898 0.256530852423091 0.00472440874172879
0.191112654216309 0.114882519262856 0.246010854746817 0.0143281098029978
0.143388663937291 0.197748087557329 0.204309127067313 0.0595192221275083
-0.00939191552241017 0.232461868758241 0.112377878910158 0.105190955684148
-0.146460564491829 0.126358934014917 0.0452376294343246 0.111527135955967
-0.202005584808482 -0.0421448793249843 0.0437178508264079 0.120172347384383
-0.15976979671052 -0.213912622890266 0.042826313891183 0.121365522178191
-0.0486446145007156 -0.309632768692695 0.0655945480733766 0.229745172919517
-0.0719325512475547 -0.18009852537046 -0.0858021681894978 0.606358456750984
-0.160516956589831 -0.0735313299110374 0.269818141426514 0.252801145581158
-0.127165403468368 0.0413974638988298 0.0904728981378305 -0.0347841591764287
-0.0542586675754529 0.0911167714822482 -0.111793684625172 0.0189318491134503
0.00246334716966307 0.109619134111112 -0.0238401812316056 0.264474183882053
0.0612169384124322 0.0979576114115516 0.241457376210655 0.247402762429277
0.0987406091958 0.0754185648446478 0.329142072426719 0.108553272816813
0.0973154854862396 0.0779922306780487 0.313456450066878 0.0369626042831293
0.0822278984203675 0.0951852551660028 0.28192515781017 0.045637035055786
0.0290135103282412 0.1139629226461 0.210748839190632 0.0858485717594615
-0.0600148905641363 0.0878783894624464 0.0982062412917605 0.107894797814029
-0.0816903403743538 -0.0136892663929037 0.0284370489392566 0.0713529093122876
-0.0155038960549555 -0.0565419926995614 0.0736727910188838 0.0942538522366387
-0.0289938308259124 -0.0561695306834391 0.0716429310385693 0.136217788717302
-0.045124574622453 -0.0969126822447997 0.0684835771406305 0.290102820813201
0.0349216669904414 -0.0644986908980281 -0.0716217116783406 -0.376905784365186
-0.0633680555405458 -0.0677048658094832 -0.14402208995695 -0.158434833726445
-0.104059241500195 0.0302709875083594 -0.103898875131714 -0.0443244194385671
0.00975281305634755 0.103781425325858 -0.0134815254806095 -0.0011084761631246
0.076376710764293 0.0480635899126675 -0.0206177314507775 -0.101662529760828
0.0711959043808134 -0.0201196725111558 -0.171899519291461 -0.138945363572543
0.036228169915445 -0.0601818084977969 -0.282267952729766 -0.101860719703227
0.025772067795855 -0.0638603807513746 -0.321036000522756 -0.0871569636528179
0.0264795875629076 -0.0493442811426376 -0.326766327991936 -0.136431447679352
0.0567805015338458 -0.0040819047998578 -0.226901875400071 -0.236670388318192
0.0525760467163791 0.0358422284859902 -0.0180663340072579 -0.246514032946687
-0.013207140911905 0.0599629619459276 0.0884542443908895 -0.0389299203200803
-0.0830531136264161 -0.0193672471404422 -0.102308612107156 -0.00338150500029109
0.00557514606116355 -0.0924606960575153 -0.199373901159747 -0.217994656232159
0.0821198145755331 -0.0513507231483131 0.0723289926845229 -0.607561251803781
0.0428397842163337 -0.237515407699233 -0.10361895181616 -0.331792123892227
-0.125809134657107 -0.176875700789433 -0.142563662649685 -0.145298469919357
-0.200586301590045 0.00104440843349887 -0.129019755897616 -0.0213457966825291
-0.0531805571550689 0.167074030608988 -0.0170410641164486 0.0334986600027098
0.0784357954847531 0.152086146311234 0.0081975003521395 -0.0662530301672781
0.142272682016982 0.0697911897279249 -0.121094819599317 -0.13346523863608
0.14491925087792 -0.0161233542405451 -0.238834757849536 -0.114569434009804
0.152116345011407 -0.0333532213090972 -0.281104284823698 -0.101943729237694
0.15579974458957 0.0010162274001538 -0.279634829902975 -0.141376745919508
0.172542436652629 0.112738326753827 -0.187831530614294 -0.21869251037706
0.0758724275222936 0.206656295746522 -0.00610671872015727 -0.209206438501053
-0.10996447212138 0.200517984027754 0.0767792026335325 0.00185200649242584
-0.285883862528814 -0.0152871911449854 -0.133199802190975 0.0102403437240195
-0.147647791164069 -0.264386162068181 -0.208554625384267 -0.224699804596232
0.0541947665867644 -0.298550992654071 0.0716836371697939 -0.568638342158658
0.0416750863756366 -0.388184905077726 -0.142418890083547 -0.23396123487839
-0.19181041803972 -0.271984389530139 -0.127106447967308 -0.116946055402076
-0.292253732179844 -0.0223747912749797 -0.143519987649893 -0.00980546350579522
-0.116490759882164 0.224865124843749 -0.0347536747535128 0.0501330869842649
0.0758574135639456 0.249416239244249 0.0180375364117408 -0.0192754115202522
0.200653674310818 0.155082711261104 -0.0605553018606457 -0.101354143185111
0.236442713450763 0.0314315180980342 -0.163630880354707 -0.106316501285322
0.255488768602954 0.00231465898714201 -0.198258872178367 -0.103821953659875
0.260249176194482 0.0507227589373622 -0.189857700535114 -0.126943016711849
0.264833487402197 0.216519840064415 -0.118297953316473 -0.174336339135153
0.0903939136929637 0.355473227524267 0.0134839174174328 -0.148752848032693
-0.196318614985076 0.321759352098156 0.0687542907806128 0.0444470695498266
-0.460561847762818 -0.0106035457359083 -0.137543645011065 0.0383218552776203
-0.285343265244982 -0.405930736206138 -0.192386777709766 -0.187340810426614
0.0231168899194536 -0.502427662504979 0.0671210735602158 -0.451115174067593
0.0257404700634913 -0.49750076093572 -0.174217132000979 -0.0833198757656678
-0.267047191618939 -0.338515521710805 -0.0809715459187801 -0.0622631618105436
-0.384289162000725 -0.0236039053066384 -0.133590165424036 -0.00916712335746452
-0.168554289240814 0.288324854334698 -0.0623653818117276 0.0528793930626933
0.0763561088654312 0.332673774036597 0.0136479195950801 0.0440418228904681
0.243937077362377 0.224727146531167 0.00985850610558044 -0.0408881979923248
0.299048601201421 0.0741264862595897 -0.0618083990675954 -0.0774751769835453
0.319298185713398 0.0361594111899218 -0.084633773883885 -0.0884351297528466
0.320507694921063 0.0935450476671934 -0.0706697397035851 -0.0973445709066286
0.316297139355236 0.288206290463314 -0.0247610072592847 -0.110257963126458
0.0925187549082328 0.450263591373622 0.0425222111045064 -0.0689759151928973
-0.253376235237713 0.39327866529006 0.0644673670592157 0.0879052332746132
-0.562280421273118 -0.00544905504622417 -0.110587546678192 0.075027592140323
-0.372366990577244 -0.485054870743239 -0.146093467664059 -0.109239637669809
-0.00524544615867362 -0.619958869378485 0.0636407676044617 -0.274416645419677
-0.0038804185377355 -0.54513892969046 -0.188563073121341 0.110412336967835
-0.329857414740216 -0.359028852019396 0.000134128519281881 0.0200387638633988
-0.442421563433208 -0.00240183920947407 -0.0959457610116758 -0.0142802974515868
-0.194708931628101 0.332867242199931 -0.0922486308245539 0.0516377131892459
0.0765247275057995 0.376092183297014 0.00496584466762454 0.122009081958534
0.259623375529324 0.259736310375165 0.0894814478590925 0.0415636386574252
0.320083200838627 0.102757326591673 0.0574684992627932 -0.0314080270089128
0.332911806195672 0.0648653769520117 0.0420539922806756 -0.0593271638240117
0.327048371673988 0.12277389433987 0.0571594421322901 -0.0574396667323367
0.309855639768572 0.308675754522065 0.075758992286634 -0.0391741187968638
0.0765301295734938 0.457841567835234 0.0773890528282918 0.0150120106195185
-0.260254658825697 0.382045129453675 0.0615598468628808 0.121578910216227
-0.546168445906744 -0.00986212018216431 -0.0612489109811923 0.109025032034444
-0.376582484767087 -0.475416991384073 -0.0768578356859527 -0.0114486189022245
-0.0239584294765477 -0.62040410056341 0.0608007761837777 -0.0720960201979737
-0.0330309974120053 -0.506315721860452 -0.17807392173489 0.316811069568769
-0.340200757978884 -0.318922871652642 0.103271621068971 0.115057266746875
-0.419223392189657 0.0219549878181388 -0.0380173232218866 -0.021700227199616
-0.183068228750052 0.317416148400214 -0.114915553608808 0.0499701912254482
0.0630386965297388 0.352217264004169 -0.00308240416006491 0.200965844388852
0.233561613642184 0.249733341759917 0.166909745006967 0.131336235995589
0.292598283822359 0.114611121512885 0.175912279290573 0.023334188922523
0.295153251470744 0.0826518264848803 0.163805009933399 -0.0232703071943276
0.279105757245959 0.133284976902813 0.170129845350238 -0.0154455841357779
0.244716853180734 0.27779422564024 0.157845611580424 0.0222090194760906
0.0361447746065932 0.376630502665778 0.102807484843267 0.079586545946163
-0.222805625738985 0.275658523591957 0.0550057380305527 0.132741738559997
-0.408306181711166 -0.0302115072017903 -0.00385007845261221 0.126137607038299
-0.289667773308666 -0.379032841765767 -0.00740788044499438 0.0744020787948693
-0.0311658878217273 -0.509900468124148 0.0579027212930748 0.111543226737829
-0.0538808237040382 -0.381685950603192 -0.150745739164845 0.498508676520218
-0.27714453259098 -0.21926494173473 0.197014116048345 0.204011829905474
-0.305729042357532 0.0331557653655441 0.0281123849950211 -0.0260107324331306
-0.134980737024912 0.226062361948249 -0.124046906500519 0.0408168280947547
0.0333790225690272 0.255570244181732 -0.0142245725856791 0.25577815295128
0.160403491474373 0.193938288246658 0.221591444432441 0.208680274730801
0.213840034644993 0.106124312331705 0.273008170688283 0.0780925692643474
0.212075727829559 0.0901913379416847 0.260988283710394 0.0157536302305967
0.191466456018408 0.125747488009322 0.248473821567727 0.0258460679944584
0.139628949430731 0.208496517181814 0.202976295529577 0.0675687452528958
-0.0186920937630271 0.238164621109185 0.107335522578206 0.110942477931396
-0.157088746929137 0.122799281496067 0.0417604353713662 0.112419316068406
-0.205310622144952 -0.0547198112400848 0.0429918482473583 0.118412690384131
-0.152733524096043 -0.226619324333724 0.0413747794303609 0.125081552746402
-0.0329214519919215 -0.319987672313885 0.0553457070455105 0.239645761140774
-0.061973858510484 -0.188046163276185 -0.114138889208856 0.618479338515983
-0.158563810293607 -0.0841143108321734 0.260390181824191 0.268764175620567
-0.132238533810902 0.0345152090037145 0.0927493933338544 -0.0307801248522038
-0.0612966587803886 0.0901034436518339 -0.117470206237533 0.018040604080863
-0.00332488845694721 0.11293709096368 -0.031906957596501 0.272718849970661
0.0581022670326582 0.105117480269424 0.239554291900523 0.262076996910685
0.0986481657321056 0.0821597883561862 0.330759843869904 0.124237782866815
0.0973892002140152 0.0843588469187268 0.318535169630966 0.050525867267248
0.0809396333303047 0.101149469163303 0.284386773357654 0.0589124742104077
0.0248156675321521 0.11823013498943 0.208025210445593 0.0947961293184907
-0.0654993231773422 0.0892762061932541 0.0921072859790363 0.113059223766649
-0.0851574939914917 -0.0169123595046791 0.0248992575112265 0.0714964128753913
-0.0145419201728937 -0.0608357842753213 0.0740506927936311 0.0929284400839782
-0.0248051037791509 -0.0605637669781083 0.068157022278545 0.141390807337846
-0.0370393526630998 -0.101789760333632 0.0545334600520521 0.302938175044208
0.034679191330953 -0.067230950828306 -0.0663744000137278 -0.404144518641219
-0.0659406612710926 -0.0700953189190161 -0.149682085579314 -0.170646143923773
-0.109168886994169 0.0325150870973265 -0.109869461595466 -0.0437767192472031
0.0111286447597742 0.108463020110999 -0.0124164861347766 0.00123146424948044
0.0806659523320237 0.0501553930072487 -0.016538480587468 -0.10746100573011
0.0746790391650907 -0.0217260949416287 -0.176726752432263 -0.149778484993296
0.037406139597875 -0.0639921501332861 -0.293694637181408 -0.11201726567713
0.0270043893660913 -0.0668891896803333 -0.338655567247517 -0.0971606084693986
0.0280713501704721 -0.0503273180939471 -0.343227827995608 -0.149616380888486
0.0603685261524611 -0.00467252759044789 -0.237971834870663 -0.254164067771175
0.0559251200584924 0.0367044270609756 -0.0161633256502641 -0.262323921601135
-0.0132055777850039 0.0626295393531055 0.0966249460077191 -0.0443672325171472
-0.0871774032191525 -0.0194716082476401 -0.105201084126299 -0.00604390891058939
0.00534146961881323 -0.0954972416797535 -0.199678871135914 -0.234205405407748
0.0846745890782219 -0.0537123998311192 0.0903638233526458 -0.642623983215857
0.0470545531758879 -0.250392238983045 -0.101337122099979 -0.35845721189536
-0.130557055588792 -0.187361778794831 -0.147944615220501 -0.158970441776875
-0.210459208974979 -8.40676526966198E-05 -0.136390596383558 -0.0196161415697843
-0.0565622904051139 0.173873450540749 -0.0164729106312744 0.0379721343702092
0.0814589902082031 0.16064353264263 0.0150224640132781 -0.0707241789109765
0.148667906305018 0.0741160505432057 -0.123328135240566 -0.14461932948744
0.151987133512232 -0.0156509186080701 -0.248640956361585 -0.125526013735132
0.159107746649643 -0.0332031780259081 -0.296976580762253 -0.113884031222931
0.164209910439544 0.00509400065635571 -0.294881803689658 -0.154713197576299
0.180608952909278 0.120429833906103 -0.197159079422054 -0.234877337898311
0.0783464546997722 0.217395041191672 -0.00501560577363122 -0.222001358287386
-0.11885579556004 0.208867069482563 0.0843594407491301 -0.002171503219442
-0.302248119214562 -0.0203701039961157 -0.136761593207378 0.00682152487754427
-0.154133643263516 -0.281358642522322 -0.207872241055471 -0.242199370118894
0.0606978689300465 -0.316582626086927 0.0883087072877347 -0.601169320158047
0.0479217531166621 -0.410633434421084 -0.143332472757352 -0.255056563948491
-0.198130866677032 -0.288612037792396 -0.13193737576995 -0.128929894599575
-0.308020778156001 -0.0266071287237825 -0.151054206502844 -0.00814493354982714
-0.125696994093727 0.233458265301745 -0.0352053242223638 0.0564792155015231
0.0769248459539561 0.26406148989184 0.0254698452005711 -0.0211809275122524
0.209427584453784 0.166183239261058 -0.0600508859700525 -0.110680319433327
0.248398274521466 0.0372773023461608 -0.170810549321593 -0.115433252351115
0.26746750293189 0.00571942987914773 -0.20941739080558 -0.113098673852473
0.273639248408053 0.0594739322531172 -0.199514916655975 -0.13838731541393
0.27669099237932 0.232645040119273 -0.123736204082843 -0.186360567350311
0.0911946568629499 0.375767287307441 0.0149964710707495 -0.157104777409092
-0.213903781835932 0.33456001350728 0.0751902119171732 0.0427641398136322
-0.486450927153502 -0.0194470857161837 -0.141246721445864 0.0346990671509318
-0.297598968791153 -0.435027519197725 -0.191889840951553 -0.201896287313725
0.0337748281502162 -0.533893869915081 0.0816268843243237 -0.477885467841508
0.0343547838556482 -0.528640737053237 -0.180544470257871 -0.0956256894340691
-0.277183087272915 -0.362823589484865 -0.0853163108610167 -0.0712019779840906
-0.40534657125795 -0.0301639339412206 -0.140680254879209 -0.00633261324852335
-0.182909930793792 0.299999672439595 -0.0645971261791811 0.059480344114999
0.0773971677739921 0.352286344040207 0.021005588635981 0.0459116549431991
0.255345222484922 0.240945228664828 0.0136953045649729 -0.046443488497681
0.31402301639237 0.0829385791230259 -0.0637494287759525 -0.0821904637523306
0.334929547096459 0.0434051623573034 -0.0895534059292865 -0.0949279485531984
0.337178429750845 0.105530695157771 -0.0741646998759248 -0.105137821647852
0.330631311777364 0.30827757784225 -0.0258254678379882 -0.117281823875248
0.0912934777479286 0.475499844681113 0.0437355985741186 -0.0715666328737838
-0.276544814006344 0.41090032539769 0.070106742197372 0.0882064203046123
-0.59517052101285 -0.0166598025482253 -0.114077164699774 0.0728160413769916
-0.38749778238007 -0.520888316181893 -0.144822433771426 -0.118780559822043
0.00579464540809039 -0.659514510193973 0.0732062651234325 -0.290432207597634
0.00570563628650541 -0.57782499565713 -0.198576970883064 0.109909221456784
-0.342656841555572 -0.386193760355472 -0.00104154215437069 0.0166777584231788
-0.467453947192062 -0.0101706407258045 -0.100630665900234 -0.0122709634174609
-0.211717095363659 0.347271031769355 -0.0962279999325317 0.0575064008474432
0.0748057928744123 0.400299532323241 0.0111480774396986 0.129590985698229
0.270298198026544 0.28061339179882 0.0967696118138587 0.0416112689974682
0.337406604677695 0.114413738990438 0.0607424025309776 -0.0313392110339006
0.348867826053084 0.0730952116979267 0.0444171145408038 -0.0626939538356647
0.343447765759577 0.13621740950367 0.0603169602520854 -0.0615762814920989
0.324471218546197 0.331254696309757 0.0783154291278507 -0.0412289358536719
0.075173828842309 0.484462496200534 0.078152496064407 0.0179260535328917
-0.282652022196778 0.39776932495827 0.0652359407847307 0.124723369468118
-0.577664005935327 -0.0206302307529234 -0.0617388937694281 0.108387932113177
-0.39180728709665 -0.510303237554671 -0.0742109285636225 -0.0146204897958082
-0.0132004643535107 -0.660034896048733 0.0659169728590625 -0.0744535272017458
-0.0253705969931365 -0.538234189230063 -0.191593078972994 0.331264508866254
-0.353251890002217 -0.345307873663968 0.105685668068751 0.119597511582992
-0.445405294078232 0.0146471381451761 -0.0393752312298723 -0.0196819751137569
-0.200490114322356 0.331124130865678 -0.122082837477679 0.0555672880098958
0.0603429449313728 0.374177078385408 0.000663297974993673 0.213909649294274
0.242902518713846 0.269492602385115 0.177774715028295 0.137749277286013
0.308230541421677 0.12624235051808 0.185063646260299 0.0286253675826385
0.309676584057342 0.0917674920864817 0.173040357028029 -0.0214244413216164
0.294334358736882 0.146443241525568 0.178268175672222 -0.0137554593660639
0.25543218691216 0.297569916365591 0.163875493579054 0.0255896424353857
0.033550782346308 0.399233139183483 0.103964301700842 0.0862388608437611
-0.241527803605037 0.286661126503283 0.0571930405958044 0.136510993844128
-0.431516963747346 -0.041931617957467 -0.00224742477439462 0.126423853156229
-0.299786104764259 -0.407531058427175 -0.00465182985601001 0.0773412469186359
-0.0229477060149104 -0.541907911676582 0.0592564618080673 0.119777782753432
-0.0488678649220949 -0.405142427281456 -0.166873718389853 0.52511595901658
-0.287047760141197 -0.239612462130231 0.202260348956796 0.216763813135598
-0.324764687431492 0.0281331654053387 0.029774884883014 -0.0247136569399627
-0.148894888865357 0.235600872298143 -0.13287974803083 0.0453276164987176
0.0293632227223248 0.272182365100672 -0.0137444200097026 0.272971560792654
0.166587839921491 0.209967915681943 0.234590830077769 0.221979297304668
0.225637482877102 0.117318462495425 0.286690368964799 0.0882045502473902
0.222528746501382 0.0990442988371161 0.275239020271024 0.020901147862785
0.201489639649019 0.136590643805671 0.260517150867728 0.0307564474292959
0.144312644858383 0.223062410331414 0.210506707366652 0.0737836830051784
-0.0232773246212985 0.252338960111787 0.108150719619422 0.118783514525475
-0.17048868809134 0.126837104791057 0.041603643703988 0.116264634046807
-0.2165241800377 -0.0638057756078767 0.0469398198204313 0.119219939387827
-0.156790989795505 -0.244531792618434 0.0450657873016209 0.131923178938148
-0.0252076540257825 -0.340312760638005 0.0532746316072647 0.256758147202191
-0.0593928688368086 -0.201942852831058 -0.132399490887017 0.654949476110968
-0.163535826772671 -0.0943162986499323 0.265638150061393 0.288065430960972
-0.140822600958244 0.0317524213721744 0.0963787422336062 -0.0303955508948005
-0.0686792799052057 0.0944717170759631 -0.126240515014507 0.0209558665626249
-0.00712678861635134 0.121031841132449 -0.0354479952687744 0.29162149846618
0.0590756316720795 0.114935461127582 0.251685824713704 0.279573127754015
0.104404933183694 0.0900825301679482 0.34676244261304 0.137618258677215
0.102583398254389 0.0916883931197383 0.335570558417654 0.059225104389683
0.0849974133094519 0.108140989841069 0.297033638412591 0.0678830133008655
0.0248732069837627 0.126238286248133 0.214645834515815 0.102677522984396
-0.071281573372672 0.0950619153464242 0.091638880498646 0.119438128960999
-0.0924730636796853 -0.0186887365107878 0.0231893284015749 0.0732086365872152
-0.0150203063833566 -0.0672258294360593 0.0789760198647477 0.0939743051598252
-0.0236896438600298 -0.066239197005647 0.070586102616127 0.149295659494804
-0.0338898687695392 -0.108852961865383 0.0503731958640727 0.323138921684992
0.0279627731915024 -0.0746353105377226 -0.134382306661049 -0.418727355435448
-0.0779193964965067 -0.0630225922374403 -0.182147835469997 -0.158429091829956
-0.10884713853225 0.0515025060665488 -0.118903030827581 -0.029245181170826
0.0281098455638749 0.111292930611726 -0.0117194301094418 0.0005333527882234
0.0933880318575382 0.0400576663711228 -0.036325317349558 -0.113876589409017
0.0757235911742802 -0.0352509944201173 -0.212183652802419 -0.130667163383561
0.0298759809638142 -0.0733235249619781 -0.333326890168307 -0.0722270231384894
0.0192346979275133 -0.0764189511814484 -0.370825800890769 -0.0531422559494869
0.0222273862475876 -0.0583455281413294 -0.386689775651391 -0.107762703307149
0.0650258092930814 -0.0168294341740217 -0.291640293306346 -0.233831776557313
0.0671261917935017 0.0286522991916305 -0.0576268043499975 -0.279494791328146
-0.00468933043366725 0.066278568676426 0.0981728756349283 -0.0674483774964107
-0.0929392410835299 -0.00469725960149862 -0.108696969227404 0.00851074202563872
-0.00841016817139614 -0.0959953743148699 -0.240015215847158 -0.219841618211887
0.073890728707552 -0.0651689635464254 0.00858403413093933 -0.697427094073132
0.0106897369712956 -0.275110589300547 -0.152581281104842 -0.351853722871802
-0.16235893046536 -0.179393587059022 -0.17296238139165 -0.14400501347703
-0.220601379934361 0.0310166839018136 -0.13548363258394 -0.000615068211637247
-0.0359407114612581 0.18834146457437 -0.00637530386436054 0.0365930561882747
0.109508284755076 0.156185873202523 0.00285052604772603 -0.0864670753982087
0.167714912719636 0.0563429926198909 -0.159655077169292 -0.138699364353994
0.156967426583441 -0.0365429906634833 -0.290288586738766 -0.0957988583826833
0.162894257856578 -0.0589871296963407 -0.330315722087717 -0.0765938521515391
0.172802834012464 -0.0200326234352354 -0.336108129504634 -0.121814057496399
0.208776050544849 0.0977714583687574 -0.244147112771302 -0.220694437475114
0.116393007190567 0.214565147085652 -0.038987113842981 -0.239751552173315
-0.0974298591717748 0.233614249510582 0.0956493161171548 -0.0222427384921183
-0.317754812537309 0.0256233374064934 -0.138016878814922 0.0301108530111525
-0.200014653119856 -0.268338590730961 -0.25343233669952 -0.222448840369304
0.0124193592149225 -0.336160939976519 0.011537901909534 -0.654862342504658
-0.0148847910236252 -0.448174192949008 -0.170297409796552 -0.225808574963233
-0.249388314060061 -0.279273314573319 -0.14608914786887 -0.113966647240158
-0.328574769874035 0.016254882686661 -0.142982269023771 0.0127255330872505
-0.100872163623155 0.26077118383896 -0.0186340932385531 0.0563724315557621
0.117576608273438 0.265955877138671 0.0232818155489557 -0.0419870993181377
0.24521103595125 0.14593137783967 -0.0908217469037269 -0.118332174132192
0.266407378187126 0.00556647167714512 -0.206786744090317 -0.101047686983147
0.282023730810065 -0.0314873236039901 -0.239356731696539 -0.0875108783260753
0.296445358656603 0.0214814383285945 -0.234056255232358 -0.119400246718622
0.325750548754661 0.202139301126318 -0.158446442284681 -0.182461327598175
0.151067206140874 0.378343170447051 -0.00795887137856119 -0.174963147349961
-0.18195379561179 0.376830525409704 0.0957154743225086 0.0255395334314686
-0.509299610088238 0.0531208260415653 -0.135997766440549 0.0621071098327737
-0.370173910836254 -0.409628166287717 -0.234415607299036 -0.179562807652151
-0.047734027530187 -0.5593497057298 0.0208219688785378 -0.522328799361108
-0.0504781602176707 -0.574182956503716 -0.173577709156697 -0.0415422436974371
-0.344737223177186 -0.348471938374853 -0.0836537613914856 -0.0588472126075048
-0.433264090505905 0.026815755910104 -0.125549167129032 0.00924891668995207
-0.153542285358162 0.337642556742414 -0.0468317314627427 0.0616730886767473
0.127447047601154 0.360395353329194 0.0296953637279074 0.0250669266859638
0.303812749058989 0.218909675421028 -0.00506153642294206 -0.0654065007439137
0.343268648265161 0.0459022571547425 -0.0883804108321692 -0.0847819842620408
0.357769426767078 -0.00169634868295111 -0.111720172257712 -0.0865206664805258
0.370499883401839 0.0612370857361517 -0.0957816132785175 -0.102860522438843
0.392559401473009 0.273599579132898 -0.0448734186527926 -0.123920512429788
0.167499103275405 0.482655640699464 0.0359464449418299 -0.0890015579291612
-0.236952862740744 0.465724798344577 0.0978335835280237 0.073086946161683
-0.625676649772525 0.0717002068231983 -0.100526279479083 0.0983458820315902
-0.478291039654861 -0.487785330407557 -0.174312203830738 -0.096094210938557
-0.0906284571031621 -0.686182085352343 0.0368693206187676 -0.321427388978753
-0.0893291444648082 -0.626881229339746 -0.155596472105107 0.184264054023703
-0.420054835893306 -0.364809576143582 0.0223782242289002 0.0219731728903638
-0.497063302011757 0.0553939646002197 -0.0823915977115259 -0.00642607775720669
-0.179378964108028 0.392101929372884 -0.0805162637632684 0.0640061161419298
0.131164534459451 0.410683900684854 0.0333755924868422 0.113010295669974
0.325001276752211 0.259220688120159 0.0968380520217554 0.0121440228797708
0.372322099503528 0.0764888282628636 0.0524821624800229 -0.0512823057400577
0.377237992579965 0.0285722540663601 0.0340450006979791 -0.0719971238392429
0.380893222254354 0.0929987225836245 0.0526529174065001 -0.0757829620419407
0.387837867180587 0.298890210032402 0.0771759444113087 -0.059110058485887
0.150696409153792 0.495366371198143 0.0852618808784923 0.00124092015810182
-0.246266210128084 0.453440579739832 0.0975956177266869 0.114196285677574
-0.608291420577599 0.0645651947140033 -0.0401347556806494 0.126590126580932
-0.481819762728186 -0.476595939387957 -0.0859066555750736 0.00376227913611627
-0.10732429370018 -0.687204514139239 0.0586809149094023 -0.0905755195547471
-0.117728332011434 -0.580587996783845 -0.113420180425069 0.416955191786602
-0.42572500737992 -0.319912240904876 0.150792052527357 0.113193729593398
-0.471421544754734 0.0802633692038469 -0.020654815612564 -0.0258484985403616
-0.170654429532563 0.373707132409709 -0.109300940679212 0.066830756831605
0.110941008342456 0.386468431275376 0.0372675531814421 0.206262127763882
0.292875053341406 0.253100665112713 0.198710247257295 0.101700845355402
0.341919331261452 0.093406586643686 0.196423484753423 -0.00757067998160904
0.338175835176092 0.0554214740048665 0.175037831175149 -0.0476308795071189
0.331092562202512 0.110973560447782 0.18508012184023 -0.0427729092401825
0.310605171112967 0.274895305486925 0.176428214804764 -0.000857290909332568
0.0928765050641854 0.411954212110029 0.121805647163008 0.0713086929506735
-0.217367208596465 0.331543495294822 0.0881838624409997 0.12987790489731
-0.457054161612649 0.019369301168386 0.0229371971503979 0.134052471500291
-0.369939500920163 -0.383528437826561 0.00208834396558479 0.0882646718993302
-0.0990389986832249 -0.562924017572624 0.0788082775904625 0.118441305544939
-0.120375518772423 -0.435236230732113 -0.0632670060484032 0.610154772252289
-0.341652567499774 -0.21869656805361 0.262513295284104 0.199487137280482
-0.341915368984837 0.0748980308046768 0.0440157141002185 -0.0403191864344696
-0.128589661565741 0.26733386209419 -0.125404826988208 0.0628653371800279
0.063694547221699 0.284153124355676 0.0330675201818166 0.278001535408732
0.204097937688644 0.201650475598936 0.276010655708288 0.186804608299334
0.254433620862252 0.0947864360609386 0.317359554930578 0.0407747360254178
0.247594006985382 0.0749356107084561 0.290210007207066 -0.0184746353087336
0.231814896394786 0.11500201448256 0.278618171491165 -0.00692583226815125
0.183164380006876 0.213410467053085 0.232019855066794 0.0439582888573713
0.0118234126913896 0.26815737901516 0.13062420036276 0.106929282474567
-0.164373819014173 0.155844769604464 0.0650581991958995 0.113587643463748
-0.236871839893617 -0.0365254992698403 0.0706747460728891 0.116254121989661
-0.197752059014935 -0.235302467871816 0.0635777182080656 0.135167656510984
-0.0715762975706186 -0.353074552757877 0.0909413332558138 0.265749297024095
-0.0988389592876216 -0.214651885674544 -0.0181337215592537 0.730847007503018
-0.190189744104636 -0.080089681601854 0.332832539372598 0.265403493742543
-0.146367026618 0.0531238798628623 0.102773649394004 -0.0527989696811454
-0.0620704198167067 0.107295748062072 -0.127442181119371 0.0426608204027617
0.00334468389218469 0.128941258474581 0.0142480931182725 0.310752174004209
0.0769858077998644 0.115602376508409 0.310124018950522 0.249350585451999
0.122624576431887 0.083451065427125 0.394294814517399 0.0859794601184167
0.120693471246142 0.0845849622935382 0.358998892550884 0.0128079593613151
0.106388351596118 0.103581007145693 0.323525772331961 0.0282211438411064
0.0434625988753271 0.13085985683936 0.240065294660142 0.0762165681028734
-0.0617541436619096 0.112227858256411 0.11189775920629 0.112251757671066
-0.102072398600287 -0.00645851436372931 0.0357521297526202 0.0736690366073977
-0.0273232165716369 -0.0709024050046509 0.097848107039017 0.0825199393890838
-0.0327388133099595 -0.0688022914583878 0.0968840705431974 0.147225628824796
-0.0453983457672155 -0.110769865440009 0.095992329327638 0.338126763380952
0.02171145098444 -0.0773312868355274 -0.170740390810048 -0.424635476932965
-0.0840867407129225 -0.0564661978569773 -0.200488415781246 -0.151934380768708
-0.106500656040376 0.062225910039236 -0.123216918790012 -0.0162945452599931
0.038591597100771 0.109667177333924 -0.00946233204379825 0.00374995733019497
0.0994720249995894 0.0316458018504122 -0.0429870064532222 -0.115898590722139
0.0728161900548972 -0.0433312560177146 -0.226460094470682 -0.119183418224395
0.0225847402085116 -0.0776170610776321 -0.346054679350004 -0.0512517976551554
0.0120377222312686 -0.0800357957593742 -0.385314894693429 -0.0267278765066098
0.0184476449341496 -0.0607740062452084 -0.406837446998633 -0.0815228192475108
0.0658765211952059 -0.0234251389708912 -0.319710045704174 -0.21780691803779
0.0709770984148306 0.0218465288648249 -0.0824987321212286 -0.283815355799114
0.00102972561367598 0.0673832654048642 0.0961240837947231 -0.0812926341373537
-0.0943051141171918 0.00477410528411532 -0.108985692077065 0.0152237239658901
-0.0168445102520335 -0.0951535326225588 -0.255347118651602 -0.210925853305735
0.0675045711485786 -0.0722812856473443 -0.0409677590164192 -0.718203775973773
-0.0117515177906672 -0.282013463196777 -0.182468199645946 -0.355467692951236
-0.179503917047849 -0.169644942184056 -0.189746301666334 -0.138890192515919
-0.222433498013753 0.0500216112663821 -0.137480219021935 0.0142953235053764
-0.0213904374466737 0.194047416213125 -0.000252502294949599 0.0404427527093503
0.124657089976199 0.150989271589826 -0.000139005891734915 -0.0916911258262533
0.17563809207017 0.0443714537330996 -0.172860062639892 -0.132910183440434
0.156239595511794 -0.0497894004430418 -0.304051927768504 -0.0783485343223569
0.1607947864506 -0.0722153214507126 -0.346448005621765 -0.0537811749145898
0.176339028385643 -0.0322210890501609 -0.356286994435275 -0.101118822199154
0.222842970512855 0.0840843045372203 -0.269481790069572 -0.208707061611388
0.135873569088159 0.209573574095343 -0.0590275566730168 -0.243898055714829
-0.0831097632955633 0.246388766584287 0.0977258936116133 -0.0361872311649291
-0.323364337900897 0.0512402491813027 -0.136654852711249 0.0376039255677913
-0.226680636777815 -0.258695327445108 -0.269298727152366 -0.213251498073988
-0.0135563171932027 -0.347262366173242 -0.0366242854740576 -0.675061967331006
-0.0509688075374692 -0.458997041527043 -0.19039195432442 -0.225484285498028
-0.276411134983563 -0.265384870770907 -0.160407928733857 -0.111078068393586
-0.334122404052199 0.0431433526641925 -0.143658324566828 0.0282196003369549
-0.0834558743755947 0.272809439093499 -0.0118446912105353 0.0616214807357553
0.141981654168322 0.264790542429438 0.0250451130971551 -0.0477771987047309
0.262951096224986 0.130551993323332 -0.101120036672956 -0.117665754722559
0.272866437230187 -0.014353503253396 -0.218892589042318 -0.0877731754198153
0.285614929739243 -0.0539168543722329 -0.253148369737367 -0.072624423562865
0.306506665638983 0.00137112332473951 -0.251009831094733 -0.106481003010948
0.350644214824807 0.181714096543099 -0.178490606637612 -0.175217027648909
0.18445942369548 0.375700883401532 -0.0223519659378714 -0.178384122636767
-0.15952987550169 0.399832056268923 0.101840457847005 0.0116370582950851
-0.52025618519975 0.0924874933418167 -0.131684266095038 0.0694909800925014
-0.410965100155925 -0.39146711768036 -0.246230969213241 -0.171307955631994
-0.0899890621584642 -0.57391753123122 -0.017049140456743 -0.540389252828772
-0.0977404211394285 -0.586676267262277 -0.180248625700941 -0.0348164254342129
-0.379187110086362 -0.329692744713395 -0.0932001418894407 -0.0592456345665052
-0.44143060770077 0.0617886907975441 -0.126121327357216 0.0226594169569988
-0.13190843514457 0.357096087081034 -0.038941717583794 0.0692696773967819
0.159486247082741 0.361837954281288 0.038063576565328 0.0203669790610743
0.330253748465902 0.202527180332802 -0.00950962328958068 -0.0716431375798855
0.354726824430355 0.0211013520707184 -0.096688122005667 -0.0803096076410927
0.364928179660271 -0.0275974494306554 -0.122223745508205 -0.0805241808365747
0.385706487321775 0.03638940958459 -0.108061125382405 -0.0997379406613013
0.424428453554835 0.25066159549259 -0.0566929393130313 -0.124240956824791
0.209410157173698 0.482913590739367 0.0290331414247685 -0.0922055117178819
-0.210792884330856 0.49429260729432 0.106577206396737 0.0613330933613422
-0.635598444410736 0.118943117630523 -0.0928087805738138 0.101506340462715
-0.528701376165366 -0.464241739848669 -0.179951080633187 -0.0901931884353978
-0.143250195305523 -0.700190773257685 0.0137902808863299 -0.334940049560596
-0.140594007277189 -0.637421093685567 -0.143056215552378 0.19577030879426
-0.457933497514156 -0.345108126142785 0.0214963074009191 0.0151819740718887
-0.506730512483533 0.0957110953137175 -0.0825218926675653 0.00369061243037542
-0.155850267725252 0.415735597248027 -0.0739003294228785 0.074744647828905
0.167699855771194 0.414343720908116 0.0491338973127377 0.110718339480899
0.357365777066741 0.242437696648979 0.100742207800226 0.000423223671800741
0.388076482929237 0.051550262837352 0.0508416255271022 -0.0570234123266796
0.388063042637811 0.00190237570468722 0.0291272419233347 -0.0767729032553751
0.40017295347304 0.0672486820403631 0.0467684205530731 -0.0829348313300618
0.422303066513845 0.2774795098941 0.0730105758717711 -0.0669539864220122
0.193679917117362 0.496473144509873 0.0864789575737998 -0.00234661362291797
-0.220869074386773 0.483786773031944 0.108816183372849 0.103052737763807
-0.618648788797736 0.109919114202338 -0.0297857284532134 0.125351671341724
-0.531302336476877 -0.45314330446525 -0.082793813704459 0.00583934568819042
-0.161201189276015 -0.700191638656478 0.0537840353074253 -0.09772547760994
-0.162871593243922 -0.589377501586636 -0.0835235143006105 0.433557982329142
-0.460402722052416 -0.299026413763808 0.159735990998231 0.101793995128311
-0.478613399155001 0.116676213854679 -0.0223636206479265 -0.0219766284948683
-0.149233032284087 0.397027959793491 -0.104717557286127 0.0807210441719578
0.144089761085047 0.391662772103809 0.0603094476422081 0.207849673177641
0.323344900092332 0.23972150548226 0.212884730550232 0.0851626601282138
0.359661750470626 0.070604682068187 0.202637199663812 -0.0224552820966304
0.350964566367706 0.0323053481712283 0.175919024238679 -0.0621961828850904
0.3487606260372 0.0902037872331173 0.185756765184412 -0.0583589738599525
0.341014298207505 0.258000326748845 0.179358594172146 -0.0145490772374152
0.128755319974916 0.416908604064598 0.128880898933606 0.0663867841364643
-0.200738870605484 0.357514253962025 0.099603463914456 0.121692173692706
-0.468974155718184 0.0528727804176113 0.0356004823965508 0.127809734376904
-0.409264408730726 -0.366406107916165 0.0130758946812067 0.0864515276985749
-0.141732723029133 -0.573877294423561 0.0892396200464072 0.116926411522234
-0.153556082421451 -0.440123085652554 -0.0176981010065292 0.631521806004496
-0.366051463728196 -0.202427364708061 0.280562806054922 0.185029446312829
-0.34614464919054 0.100287708569803 0.0413253294620422 -0.0431986428554917
-0.114079162222727 0.284116228537229 -0.123202205166129 0.0778366139479499
0.0863090259944814 0.289526642428706 0.0603432412127409 0.283692043562166
0.227151954471783 0.194502699589156 0.299905728913357 0.166784529023243
0.270176689657401 0.0793420772938779 0.329711722637759 0.0193495862369958
0.26068751068153 0.0594980007167568 0.296270269314125 -0.0409170351225243
0.248301097675125 0.101035340216203 0.284593041192931 -0.0273844048570241
0.204772398261845 0.206048733141922 0.238143256440323 0.027760924881896
0.0342679106711205 0.276516361631501 0.138433261920121 0.101302754613083
-0.159469122395375 0.173199988210784 0.0742037920701132 0.108204379347913
-0.24711608799552 -0.0221454385211704 0.0821021582483152 0.10606890376786
-0.219965870292223 -0.227111356755045 0.0781102405512392 0.131113968822279
-0.0961272966315504 -0.359298570334136 0.11239897128166 0.26816787696553
-0.115561545130415 -0.215755535006132 0.0355677442521659 0.754384829809045
-0.199462054750888 -0.0708619437008295 0.356737484064995 0.248779541698266
-0.146957818805908 0.0637058434731461 0.0989483899774941 -0.0606628713068712
-0.0582174567765389 0.115512096561331 -0.128685119238203 0.0571054606732941
0.0131078095326126 0.134690516828663 0.0417743298459514 0.320196165301489
0.0896905839730772 0.115697772937488 0.339399270045007 0.230591359074729
0.134086168023488 0.0770084651388931 0.41194707059531 0.0587419293149168
0.13171327088742 0.0779226376801524 0.370511247254167 -0.0134712728181539
0.117883162268363 0.0973924164574445 0.333667435633427 0.00588205779232546
0.0551472962511816 0.132138666728304 0.248426716302396 0.0602339211253431
-0.0540851470205941 0.122513237709281 0.119538261687926 0.107012538172512
-0.107025561034221 0.00266199991066715 0.0403356622714745 0.0705377853398062
-0.03563895039012 -0.0734997060252077 0.10720866728351 0.070484129245482
-0.0376320642941183 -0.0699682297911758 0.110975042734604 0.142656778767831
-0.0506214510837064 -0.112362794236809 0.123388534722018 0.343378549724298
0.0143293586616728 -0.0755788863188485 -0.1962682267828 -0.407942364649166
-0.0850683326055613 -0.0478463186804664 -0.208088174094999 -0.136212684034838
-0.0983030733620202 0.0694088241933263 -0.120329437368392 -0.00316665878636182
0.0467739612800368 0.10255411156808 -0.00644313963912533 0.0064836095627329
0.0993978948927405 0.0217624842353538 -0.0479064519882157 -0.11114150861327
0.0662216598012822 -0.0482165467831037 -0.227678770504711 -0.10175350421096
0.0142914251387129 -0.0772915541749685 -0.341050343233893 -0.0273663428908033
0.00525104712153143 -0.0782763635065104 -0.379523919594014 -0.00167417080992512
0.0138917952586013 -0.0597231845159659 -0.40513765783361 -0.0520238557719706
0.0623222113600223 -0.0287793165126812 -0.328974086039671 -0.190350323669762
0.0706677706521203 0.0141658265259649 -0.102357028004408 -0.273789073809929
0.00666882505692697 0.0649479855101991 0.0887990840907725 -0.0907375689253968
-0.0901291972682371 0.0139770822260622 -0.103145443783008 0.0207452104507512
-0.023991778438303 -0.0894404175696427 -0.257049350458843 -0.192196940452804
0.05800523677979 -0.0736900491046322 -0.0869185924116762 -0.701400786900104
-0.0321120894483229 -0.272606829463878 -0.20341437729077 -0.340893255404055
-0.186482229414372 -0.151406444231156 -0.197328581201081 -0.125861679810168
-0.211871748726729 0.0653946514845686 -0.130266559267687 0.0271510054731077
-0.00693022251249452 0.188662858245068 0.00583220558813744 0.0416277597900811
0.132922806744875 0.137450918382635 -0.00398610011946608 -0.0913409468323358
0.173270179416 0.0303582429210079 -0.177459913165671 -0.120157024290148
0.147278394533747 -0.0592032115149988 -0.302047689939462 -0.057036653999139
0.150682586142842 -0.0806923534046915 -0.343254199047951 -0.0296774953696563
0.171338657513373 -0.0431654312788338 -0.356957635386862 -0.0750231412362428
0.224276480731359 0.0657663164327258 -0.27934098793725 -0.186082676674687
0.146751125909387 0.194192928123472 -0.0760237227950257 -0.234923985293963
-0.0651344846083376 0.245156903355614 0.0928715141742186 -0.0473364317172646
-0.311251344536813 0.0729157366832021 -0.128877428612127 0.0436197618201013
-0.238541295307242 -0.236742203720555 -0.269815467352796 -0.194885226498448
-0.038987111409742 -0.339199384399905 -0.0788496917840846 -0.659146646557409
-0.0835509569888434 -0.442436323822156 -0.201230365492431 -0.213736622270577
-0.286608460564088 -0.239812385859946 -0.167755160785588 -0.102076621163252
-0.320950826009466 0.0656901991571518 -0.135179944905164 0.0413407140435892
-0.0626789630946812 0.270435447103572 -0.00306820076874187 0.0624370807699628
0.158604821542846 0.247975191023378 0.0243154604039779 -0.0514791386911576
0.266985811151515 0.108665550355197 -0.106933197732846 -0.111001108800733
0.264376581362317 -0.0325880959244911 -0.219735276405249 -0.0724601932134276
0.273563301525667 -0.070542972597039 -0.254139977173637 -0.0546804898377701
0.301090126402989 -0.0192869549681352 -0.254348331988377 -0.0884237692022903
0.356643023336864 0.152307558730385 -0.188060847461679 -0.159928702010307
0.206739669787785 0.353057621983143 -0.0347138729271893 -0.172492905056923
-0.131357703466706 0.401683677602355 0.100339044159206 -0.00181884553876564
-0.501061535156606 0.125247894659007 -0.122403858442353 0.0715659522419912
-0.429447047148687 -0.354091387207046 -0.245928425450102 -0.155524083643635
-0.128092226378929 -0.55658018360027 -0.0526381303112253 -0.528544055733356
-0.135641574146336 -0.565578715635566 -0.178020923257462 -0.0288595782708722
-0.39390562266607 -0.296918409121479 -0.0982609649231462 -0.0565090964834943
-0.42543991912293 0.0904978486699532 -0.119098693658188 0.0348841439609839
-0.10576705561072 0.357929589724017 -0.0293837471808104 0.072736867139896
0.183182942388899 0.344188285495003 0.0434944940858838 0.0131853734685613
0.338859173759011 0.175259571710361 -0.01373416225347 -0.0734214510656956
0.348047344329481 -0.00336621490568543 -0.0993743529163449 -0.0727129552044322
0.354577400039867 -0.050908263921707 -0.125901056464793 -0.0716314103365745
0.381239360030565 0.00978599094396883 -0.11429057931725 -0.0913844336606837
0.434011701735608 0.215094340624502 -0.0656378425985376 -0.118111821072235
0.240192925699494 0.456987279050648 0.0216609609686838 -0.0905084026300173
-0.173540249450082 0.497997872838672 0.108388257399591 0.045388117533351
-0.614232453810642 0.15900697097947 -0.0817735431167529 0.0993601251358274
-0.547366350922656 -0.416626800654884 -0.176849430157924 -0.0807244498267345
-0.18802627613975 -0.678671910768192 -0.00898779303121361 -0.328782019213231
-0.180718562293995 -0.613453264294791 -0.125689143717463 0.195146973063044
-0.470832832458057 -0.30557334799019 0.0176324548309801 0.00898142773524913
-0.488176305752318 0.127537973902661 -0.0787298408751342 0.012079601437039
-0.124984756793297 0.415635939501324 -0.0634028393976718 0.0805681063633573
0.193682714502207 0.396057236256875 0.0611840032540114 0.101213056700807
0.368498433439697 0.212991500759357 0.0990577882777953 -0.0111243867603743
0.383038063248883 0.022469485633196 0.0465134818041489 -0.0597071741715174
0.377884127903675 -0.0231118915577804 0.0221678876302108 -0.0768311618579699
0.396339919200227 0.0386951276969419 0.0392997530320513 -0.0852023292780226
0.432814258463799 0.241011877181638 0.0646738524657429 -0.0710274330645142
0.226358125704703 0.472928577354913 0.0840159787702202 -0.00646200326992743
-0.185658565132666 0.487781424939265 0.112351029545813 0.0864013690918267
-0.598000016958953 0.148152459661853 -0.0194062576571567 0.116375775051341
-0.550499728058229 -0.405733471923037 -0.0758780650322191 0.00661874931422112
-0.20383734910524 -0.677558730843769 0.0455042293981783 -0.0993348903170436
-0.200659602205717 -0.565744856305849 -0.0503090205751951 0.4257806442856
-0.469184043035567 -0.263039335746026 0.158552593683251 0.0859764586155982
-0.461120262982656 0.143533468525313 -0.0230186964443157 -0.0171214999396996
-0.12070667189543 0.399010187097539 -0.0940175647320708 0.0891652006457042
0.168965558734077 0.376151329549592 0.0787728904960214 0.196407902592622
0.336641195982937 0.213322107814246 0.215274086643317 0.0638846967430638
0.357747411054991 0.0444044626563629 0.197021649685568 -0.0356696238268202
0.344772945082187 0.00881787094295543 0.166995337442216 -0.0732418400394626
0.348763171430195 0.064754755074844 0.176694287841933 -0.0708726051676224
0.352409368986058 0.228422779395144 0.171657091490981 -0.0270588550220305
0.156598612102536 0.398802995052177 0.129190531212942 0.0576195988141863
-0.174456646722596 0.363745874428944 0.10461554014781 0.1065485190283
-0.454570236375421 0.0813489677571024 0.04309471927289 0.113533454017841
-0.423195450876893 -0.330038025584516 0.0213448571613903 0.0799604459348331
-0.173623613526825 -0.554080426514858 0.0946409527203881 0.108710925074841
-0.180477929622175 -0.421225006665576 0.0267309954583286 0.6159683263932
-0.369534876105658 -0.175143958115935 0.281517720087434 0.160427482640168
-0.331450676490573 0.120450204231851 0.0365412806543637 -0.0429936831149026
-0.0957769860971091 0.286030643327623 -0.113854142211851 0.0881520708742011
0.104738754422289 0.279922418188098 0.0841764831373811 0.272465344367943
0.23854974823027 0.176354519716462 0.30640969045767 0.138004182939311
0.270591828256651 0.0597347844513924 0.324404498103047 -0.00408460558787284
0.259170903524315 0.0413000275593984 0.286239527297091 -0.0593324356869507
0.250356520681216 0.0818475815220989 0.275351237710762 -0.0466784929285508
0.215865753472424 0.187403017003365 0.232299077151877 0.0115666570957733
0.0542318776644339 0.268585454293123 0.140826712252777 0.0912599893488537
-0.145937839970327 0.181564222948838 0.0780540253866062 0.0969424424857385
-0.244696922749772 -0.0073260716170372 0.0867718490334038 0.0902263909945397
-0.229838404426415 -0.207422992539022 0.0856937038385093 0.119943468148067
-0.114440166961939 -0.34803849105812 0.127310390991471 0.256734824850273
-0.125743938728708 -0.205131937024043 0.0871786894412126 0.73416108558629
-0.198459877075511 -0.0596012730175192 0.361336022309794 0.220749449273872
-0.139626550822495 0.0701271433136768 0.0894777159027993 -0.0641914772615663
-0.0509146540247566 0.117973593515772 -0.121823873964672 0.067897296828708
0.0217182219898018 0.13352950302842 0.0669837407430486 0.310768837313245
0.0977922067089022 0.10922081248167 0.350016923541993 0.200150332058955
0.138697237486149 0.0666419110057956 0.406453084161363 0.0299572583973555
0.134988663647648 0.0679612299262995 0.360345919969112 -0.0376229135793138
0.122700844382933 0.0871446113491412 0.325996251425316 -0.0161464664340656
0.0641270090208669 0.126360202347213 0.24432908297728 0.042946254771442
-0.0425833805559355 0.125769929334193 0.120535735129929 0.0968935773725068
-0.106180864940828 0.0120969424080417 0.0426960362117283 0.0646248831704706
-0.0416166904087319 -0.071925174510184 0.109163124802772 0.0543020999065617
-0.0410544179053135 -0.0682792667529578 0.117856387251324 0.130468750181978
-0.0527800314892199 -0.108781308709218 0.143529744476439 0.329978596827036
0.0104704703722622 -0.0714140510291387 -0.200718995585239 -0.387410307226896
-0.0818348344541134 -0.0417736144504877 -0.205206434412005 -0.126368770953752
-0.090444009064121 0.0703340300152624 -0.112665461411462 0.00328394609573009
0.0484547009565093 0.094580616603142 -0.00295633922535024 0.00848547037184717
0.0955880440229536 0.0158310177362314 -0.0467219794158202 -0.105000272847149
0.059644890282841 -0.0480168633801569 -0.220102205505074 -0.0910173211712031
0.0095164547004211 -0.0738955066614912 -0.3259447840802 -0.0185439896306472
0.00123665085639254 -0.0745761115613293 -0.363900058920723 0.00792340699858665
0.0118965460625348 -0.0570183572806761 -0.389542575437236 -0.038555217269053
0.0585553014114374 -0.0303951515173391 -0.321609981878233 -0.171404774744916
0.0673601503305965 0.00941272359274109 -0.108120425404667 -0.260110523136376
0.00874130263542906 0.0606601412227891 0.0821844698576369 -0.093803816874523
-0.0834473052037595 0.01774287667707 -0.0958797131485352 0.0214682833599079
-0.0254823615806208 -0.0822030775167458 -0.244247348527679 -0.180801790099247
0.0502939720201622 -0.0705162695452854 -0.102263449119099 -0.66781462221708
-0.0402211772454237 -0.25800473534094 -0.204477649417253 -0.323689973871578
-0.181137138596838 -0.138038194135629 -0.194616803823662 -0.118150322987741
-0.198416475329547 0.0691735264808273 -0.120711217643652 0.032093612682451
-0.000664771405835295 0.178043380504146 0.00953032878820846 0.0402823760108383
0.131933367631663 0.125468504777702 -0.00444968321477077 -0.0886138403247405
0.166062351917177 0.0238675490839722 -0.172810591318556 -0.11054639521538
0.13728858725098 -0.0602823226078638 -0.289978974536027 -0.0472161857687126
0.140224800759345 -0.0800715628624205 -0.329387645398897 -0.0201990737880666
0.162652786509503 -0.0449821081083205 -0.344953730100559 -0.0621043363775236
0.216269076400274 0.0550948003579774 -0.273657147045215 -0.169850435229329
0.145576283376214 0.17961281600629 -0.0798860629623709 -0.22253905437566
-0.0562700225427567 0.235051303906803 0.0878838798702435 -0.0533210444804483
-0.29361005468545 0.0792634572166052 -0.119501463764837 0.042035882614994
-0.234317836275178 -0.217836877921687 -0.256922480673027 -0.183110621233624
-0.0493510445126882 -0.32296472077489 -0.093955728316403 -0.628754712006537
-0.0935353688751419 -0.417625596573631 -0.19912619469539 -0.203561322214661
-0.280159157271269 -0.220055798060016 -0.166696320570537 -0.0961014656550581
-0.303214723700609 0.0724169675738411 -0.124871116921772 0.0455376208233588
-0.0523659256498041 0.257970683300429 0.0018853557430739 0.0605826647737566
0.160445183863524 0.23134083980934 0.0239178335001703 -0.0527783397761703
0.258986498179682 0.0959464858464898 -0.105522757480418 -0.105237852616985
0.2501252423641 -0.0380860434371922 -0.211758296167334 -0.0636455334616825
0.258500838862009 -0.0740408586915993 -0.245799975266021 -0.0467087323341969
0.286726161161538 -0.0252789931648573 -0.247254044187106 -0.0772335368695452
0.345790659476482 0.134559751194845 -0.185767942915775 -0.147849827636834
0.208257361165995 0.330346530571209 -0.0384074130954993 -0.163052265785449
-0.115578358209542 0.387472720107835 0.0950637655192609 -0.010755577671993
-0.47332723751902 0.132976383228784 -0.112874705105282 0.0668265027399207
-0.418472461235074 -0.326522692575313 -0.233552124593176 -0.146972477011831
-0.137930769613349 -0.529608999119309 -0.0671226601776885 -0.50553175418364
-0.148898138359544 -0.532490902037812 -0.17019951514025 -0.0286228638396684
-0.382725562247058 -0.270338009499622 -0.0996283266721964 -0.0557882239204667
-0.401624309645307 0.0983369915141862 -0.109727960579128 0.0393599606266861
-0.0919004245616065 0.343524875445373 -0.0220665902428863 0.0713527428391567
0.18754491457688 0.323164216755206 0.0441875527781144 0.00791778062373709
0.330607612839583 0.155582024414736 -0.0161721831098795 -0.073653890883044
0.331297952657496 -0.0134112711228891 -0.0967342336193704 -0.0675555993096023
0.335024524677681 -0.057265449013335 -0.123639576555887 -0.0655247033489156
0.364552222780968 -0.00103193978063907 -0.112734757475888 -0.0854366767574081
0.422696227340792 0.191771825152297 -0.0681370994758687 -0.111081852679236
0.242823354600693 0.428417681300835 0.0184319426855368 -0.0853885998586494
-0.154317313919296 0.481134728474312 0.103228615632867 0.0345850149801746
-0.581122024298924 0.167277097134031 -0.0748966183889753 0.0903647984315019
-0.533849544761421 -0.382796604907377 -0.166892708594821 -0.0779162861932272
-0.197952204318157 -0.646759040151921 -0.0198591157399554 -0.314258089462594
-0.191689594887357 -0.578840466152187 -0.113955184305683 0.184611507584998
-0.456097795407686 -0.279992866753701 0.0112503500841438 0.0047723534081779
-0.46035253290325 0.134767490647165 -0.0728412269057783 0.0166876649010396
-0.109402010128617 0.400287486561024 -0.0543897943997359 0.0798085760389646
0.198928922180957 0.372615083592831 0.0652847176239392 0.0914144048644614
0.36060894711154 0.1929058799462 0.0945630294617814 -0.0181167305126583
0.366839670001565 0.0116053356600326 0.043442153259832 -0.0586150691817284
0.359704671052633 -0.0310366872056383 0.0180186513634093 -0.0751983932532089
0.380225523640459 0.0263027175184779 0.0335029493829761 -0.0839730964792576
0.423287859946941 0.217340256396626 0.057828207509447 -0.0704861577958156
0.231121952502485 0.444335221783274 0.0798984926321497 -0.00653628755118268
-0.164051785692079 0.473023907173776 0.108092173393434 0.0735679857321928
-0.5676339942891 0.156557682122925 -0.0157991651399598 0.103519552644309
-0.534555444591943 -0.372538402319627 -0.0697592137803228 0.00349774643728395
-0.210840585560728 -0.644651780245355 0.0386941686366384 -0.0959499040906352
-0.206479108774164 -0.533523625592409 -0.0351992047595573 0.402838031553824
-0.454983145067412 -0.240136721863998 0.147979380677739 0.0747695018560016
-0.43522555599652 0.148447036941594 -0.021791524354706 -0.0130873070525746
-0.105192581019374 0.38517018300027 -0.0841363298467479 0.0896985328871295
0.174412373507895 0.357295575374161 0.0855760395501538 0.183078770935851
0.330790258559865 0.194009376964847 0.208291262006499 0.0497807638986015
0.343872527181338 0.0326239497971914 0.188027509316305 -0.0401486489261197
0.32964867794554 1.20939182150295E-05 0.156693073554254 -0.0749026440555914
0.335331625177939 0.0519987402625909 0.165290213848687 -0.0731310380239865
0.345496164990714 0.208051241925714 0.161347458832172 -0.0312715015631081
0.163149852123866 0.375021037316454 0.125649473529596 0.0541154014369262
-0.157253482748018 0.354100572220094 0.100380216587379 0.0941154306493684
-0.433226212294705 0.088628833000943 0.043706425800324 0.0989388535913989
-0.412925902737652 -0.301874550883992 0.0234412055822532 0.0716619849899514
-0.178764954481977 -0.528052194131904 0.0925614092713053 0.101987276264346
-0.181580818318 -0.398604577128064 0.0429819763729669 0.585862309809331
-0.357051275093405 -0.160585867944407 0.268402828296605 0.144887073441655
-0.313916069458395 0.121120372301632 0.0320657980726743 -0.0396751200014345
-0.0850658534321767 0.277073981261132 -0.104458782588423 0.0898492549707978
0.108884364026034 0.267887512920563 0.0922553051657758 0.256333705263347
0.236078044970336 0.162571700744863 0.297687661873932 0.118744364644855
0.262430391991594 0.0493555276728819 0.311374714499826 -0.0140670914604917
0.249746505566734 0.0335066557079219 0.272002884545845 -0.0650290903526686
0.242167031019784 0.0710282431333415 0.260809804452506 -0.0526474945440674
0.212546502971942 0.172832865445199 0.219569825131754 0.00430994997494003
0.0612167307979094 0.255451498640044 0.135662986558797 0.0849211843819704
-0.135423897061074 0.178724451698741 0.0754212949844601 0.0867928763308792
-0.235211143311977 -0.00172347156666896 0.0839613316293355 0.0756468837637189
-0.22409400218421 -0.192348579713388 0.0853764282584609 0.109492233005395
-0.116079136308399 -0.332539863934161 0.128827221187677 0.242922080205341
-0.124305819748726 -0.193616070715895 0.103527680487306 0.698600973559434
-0.190260946638572 -0.0532648669114778 0.346365225126418 0.201957987562269
-0.131662317860457 0.0684166523943427 0.08049514906473 -0.0609578599732678
-0.0475114701739113 0.115384342815185 -0.11404085793861 0.0711931012223295
0.0243222037510838 0.129235640611673 0.0768159158308297 0.295517940077628
0.0997806570922908 0.103273311228283 0.342375199464961 0.176852960999762
0.136135454597706 0.0601891624779044 0.391154472440345 0.0169497581498943
0.132062392256915 0.0614562331560591 0.344446868038223 -0.0449437374148711
0.120506291823712 0.0790983215850753 0.311287217725957 -0.024077739982258
0.0659468642322155 0.119466794385173 0.231525140235332 0.0350599761080274
-0.0356424410039045 0.122960285903318 0.11479755266209 0.0902563980120393
-0.101775418360048 0.0165697727366943 0.040810127174485 0.0581350663789869
-0.0442120104368003 -0.0693574894761893 0.104199652603706 0.0422995417163742
-0.0403190540345715 -0.0650055617567245 0.115825915196867 0.119481953159448
-0.0493457124050958 -0.105741087256349 0.146296858587225 0.312717246239807
0.00935548971654566 -0.0687377406762926 -0.191818552458017 -0.379826360548322
-0.0780776529333119 -0.0403271402321262 -0.200492871454146 -0.125371604373587
-0.087306778353452 0.0681184748158194 -0.107411620246271 0.00420715371432918
0.0465051189599741 0.0902403507544793 -0.000433334300271672 0.00983605567076874
0.0922604605846388 0.0141679335642856 -0.0421621446429308 -0.102893182153465
0.0569898477726554 -0.0460630142731989 -0.211878506108071 -0.0901003131289243
0.00779607545419267 -0.0709609496852 -0.316229846917094 -0.02172587201402
0.000787587011186412 -0.0722601239434595 -0.355964715907683 0.00229720869466146
0.0123742801780546 -0.0549759627295654 -0.379615105040183 -0.0405940401827718
0.057278587882323 -0.0300335057188032 -0.312566869873592 -0.169427151207694
0.0642749229531686 0.00802971018593722 -0.103832304444537 -0.25434681465303
0.0078032480856171 0.0585048301543097 0.0793203693980714 -0.0936862484134145
-0.0790373914554368 0.0180041889332914 -0.0911331792496246 0.0184143187965722
-0.0239404170428995 -0.0784178450531019 -0.229133815781875 -0.18323344899589
0.0470777171538475 -0.0660246795963133 -0.0910546864889591 -0.650717482647682
-0.036903388638941 -0.24890820539751 -0.197149469478065 -0.320594038339757
-0.172978990210383 -0.135071930594616 -0.191052695511176 -0.118909007041898
-0.19180980993759 0.0652610730249151 -0.115143057533278 0.0307901782484091
-0.00204217131237297 0.171091749493908 0.0113924418182358 0.0398756101988304
0.127784598905593 0.120971651775173 -0.0013497356463746 -0.0873676676497874
0.160258545894568 0.0237781078112543 -0.166752215997506 -0.109917510600517
0.131959557704508 -0.0564290880569914 -0.281300508744863 -0.0493913134731285
0.135968369944046 -0.0753458066748466 -0.32215064879628 -0.0245662097580088
0.158773774805094 -0.041895079484189 -0.336139317319948 -0.0644967803914313
0.209820803577911 0.0552000280174674 -0.266189612058512 -0.167426488796272
0.139177073501569 0.174090460475762 -0.0761510267968672 -0.2175601779275
-0.0581140077457305 0.22673649527758 0.084539430365293 -0.0552030405697678
-0.283793214735772 0.0735600906954535 -0.114959235223779 0.0369200343934658
-0.224538154372705 -0.213208761655017 -0.242748859467355 -0.185745462639406
-0.0452034990821159 -0.314387437701188 -0.0851865671402338 -0.611475264393253
-0.087085150093788 -0.403935879205371 -0.192012279674881 -0.204330551585751
-0.268165727996545 -0.215230651529087 -0.165704540954515 -0.0987318811407318
-0.293176549626191 0.066561082301391 -0.118239588087534 0.0446370882774865
-0.0532853564539821 0.248851926952987 0.00453122332962531 0.059664654011443
0.155523683050244 0.225450974219534 0.0261131707537511 -0.0529302200288678
0.25122641053739 0.0945171359425682 -0.102042777697916 -0.105650427165668
0.242502458055648 -0.0344486371538816 -0.205178012720714 -0.0644373460121433
0.250378790060367 -0.0678355117866284 -0.240254943451857 -0.0483424608717499
0.279610998670641 -0.0212383817272432 -0.240740778936367 -0.0792851431201763
0.336060268158197 0.13368342709268 -0.180960788579346 -0.145381804567171
0.198147703048294 0.322653830532093 -0.0351864546486086 -0.158616521826395
-0.117772769383356 0.375274783349965 0.0909489171499154 -0.0147116941575946
-0.461537043436458 0.122580709881759 -0.109624080298054 0.0592047140871599
-0.400968988699458 -0.320772962138804 -0.220631603924896 -0.15076907150662
-0.127626576408175 -0.517923916201766 -0.0606999990283558 -0.490618641420014
-0.138557554436232 -0.516363259002129 -0.166079334375933 -0.0341509913286829
-0.368277542740709 -0.266379785333576 -0.102003379675225 -0.0583536281119131
-0.390686094648889 0.0896201666402233 -0.103996719295936 0.0390357029080972
-0.0930996799426526 0.331721381140916 -0.0188209104619508 0.0694711139643218
0.181332046105777 0.315113475512382 0.0454901863946577 0.00591245430434495
0.321662508535386 0.153069199166869 -0.0151566163941965 -0.0748231930053241
0.321660473576267 -0.00889125413659737 -0.0935107586007672 -0.0665340729133804
0.325839916111007 -0.0509197918157234 -0.120899431533593 -0.0656621386483661
0.354041504872888 0.0030810280007861 -0.110627057375895 -0.085311843434809
0.410072263524047 0.189960343117781 -0.0663512567398262 -0.109479852600843
0.232576992054821 0.417125433748008 0.0196233649194019 -0.081657393957019
-0.157036918280576 0.464920624885344 0.0979185615344003 0.0286838638251153
-0.566103986331318 0.153803515143269 -0.0739029238653499 0.0802955510078358
-0.512257352189762 -0.376754906410641 -0.158732293647324 -0.081813516521953
-0.184114718295983 -0.632127010851649 -0.0178550002700088 -0.305352687086715
-0.17878828433463 -0.560943064621535 -0.112577439771418 0.172604625569039
-0.438953269259819 -0.277948231222288 0.00479817701081407 0.00188714947133599
-0.448744509912074 0.123597707602215 -0.0689735252507468 0.0176685170920139
-0.111350129936732 0.387526100342256 -0.0509076577817157 0.0786177887664942
0.1911847488564 0.365385456214471 0.0651297622259049 0.0871690640436079
0.352417407490792 0.189248134665531 0.0916145696294881 -0.0213329885103232
0.35659300045465 0.015212296213789 0.0425950656088871 -0.0575626690256184
0.349055448073175 -0.0243163525029508 0.0174917012288369 -0.0733604819621223
0.369994655170297 0.0303420375074403 0.0318173127233613 -0.0827721836824316
0.408885125507016 0.214093559127129 0.0555220465043475 -0.0677356662412723
0.220252455406154 0.432656128785298 0.0790079004916275 -0.00399902637706828
-0.165783859757947 0.45796133442681 0.101595733306395 0.0677089813336173
-0.552948355693264 0.144140286431096 -0.0175800481870564 0.0928431851834906
-0.513311004151885 -0.367375853341066 -0.0665876705082752 -0.00133718762054677
-0.197967857480572 -0.629905259622133 0.0370278068776709 -0.0923569363238346
-0.192764787020483 -0.518268446884069 -0.0383927701494818 0.385006329684872
-0.438058422665783 -0.240466314743359 0.137096746767574 0.0727472850071647
-0.423661224051352 0.136252607486782 -0.0207780897286674 -0.00986690328707831
-0.108240254636072 0.372395440417119 -0.080045522072923 0.0877663197505465
0.167443670305486 0.349693374826942 0.0842820005072593 0.175675030988828
0.322784675331524 0.191341279967852 0.201273914089461 0.0459890516579493
0.334540453572131 0.0356850967391523 0.183478220546068 -0.0381471482465157
0.320102636788674 0.00487919473086258 0.152495462378157 -0.0713858056436704
0.325960159020757 0.0539238740124174 0.15979235616793 -0.0703528359316681
0.33444786971891 0.204062650654903 0.154837249481347 -0.0284296812668754
0.156294582295931 0.365436948107598 0.121453883969831 0.0551074406730628
-0.157743557603403 0.342277116976717 0.0942408244876572 0.087939632466479
-0.423150683449575 0.0795769016272855 0.0392437815044455 0.0882827075554319
-0.395836879356413 -0.298106799413032 0.022208223671615 0.0660959664502295
-0.165514232010184 -0.517173964088565 0.0875398448517992 0.10019725842064
-0.170808465712826 -0.38744428578048 0.0368932161236779 0.56492419780262
-0.343957338035886 -0.162328771663987 0.254692590786719 0.143364046245945
-0.306019146095226 0.11089579415675 0.0307725159731841 -0.0347382017632287
-0.0876706978039227 0.269217282889938 -0.101007517475173 0.0891213560531917
0.104704811584958 0.263850660069234 0.0900789932520584 0.248083970736706
0.231056449143719 0.161195682310666 0.288528442782993 0.115173562505113
0.256318445226946 0.0511155101064407 0.302735420143809 -0.0116157163599621
0.242680817114807 0.036425807506589 0.264497557490583 -0.0593050543203195
0.235338535718494 0.0713207871651276 0.253304958921428 -0.0490128325991014
0.20649154308424 0.170259380163917 0.211256829655224 0.0064727452311874
0.0582914014751342 0.249050472599753 0.130130457795509 0.0851846497408881
-0.134517397449837 0.173519035512511 0.0701286633489606 0.0819788839708546
-0.230082498009599 -0.00650637037316774 0.0791087864460404 0.0670201203426985
-0.214481600833561 -0.190542648526445 0.0817275864024922 0.105322045634978
-0.105890920005396 -0.327991877387836 0.121812982310278 0.237790345814451
-0.116535550063446 -0.18953955251912 0.0939563266511388 0.677753934702828
-0.183197056311506 -0.05635754421687 0.330292003616829 0.202654249603772
-0.128776544390218 0.0624271020335241 0.0767392529855739 -0.0545840574384426
-0.0485628518406252 0.112105447464588 -0.111981781756203 0.0715582311293262
0.0227550766042618 0.128641110191991 0.0743094893072685 0.287047747802838
0.0984653520279045 0.102118001593947 0.331698304988666 0.17257195676798
0.133326305218508 0.0602419077078312 0.380415840030609 0.0204172601370929
0.129320151272519 0.061204594198578 0.335664451595474 -0.0396055477201797
0.117028095994547 0.0784633219595297 0.302221538463074 -0.0198239392405262
0.0637280822381528 0.117340733633084 0.222785712007514 0.0374696552750241
-0.0343625958334915 0.119921177744232 0.109477800098702 0.0899786004619759
-0.0998430743751732 0.0167010941710713 0.0369695183734614 0.0551849737250233
-0.0447696914263917 -0.069563914383809 0.099089226517883 0.035880079769367
-0.0374027090973025 -0.0651619870281856 0.110053463080341 0.117365375534813
-0.0440359278483956 -0.106816733952243 0.138752151453689 0.306663855635025
0.0198997908747858 -0.0648520440401186 -0.133161291583682 -0.405634801546394
-0.0688008148280261 -0.0516618099991073 -0.180646591809607 -0.159255550301946
-0.0962026329374508 0.0545452138499164 -0.10758933711069 -0.0180889886421691
0.0310620265594204 0.0948963733533225 -0.0033084979981003 0.00860361994940933
0.0880227787128525 0.0276814868231345 -0.0280026927253219 -0.106694687908149
0.0633172615613395 -0.0344987977888089 -0.197447198806228 -0.1194978283602
0.0164462598182124 -0.0676605739862534 -0.313857979683627 -0.0673790689307961
0.0101042951316992 -0.0708430563816203 -0.354467763242384 -0.0593624805415551
0.0182332577406128 -0.0488856863744279 -0.373746965983575 -0.105514391462012
0.0580887573220855 -0.0203733598623383 -0.285257411485768 -0.221888200440305
0.0580960963502601 0.0161830014363612 -0.0627609472071613 -0.273808447267966
-0.00316913771684646 0.0569093423264475 0.0958195692467236 -0.0844440337808792
-0.0790058562860703 0.00772721924011238 -0.0897837417336996 0.00300403136475855
-0.0129830699596422 -0.0771465521137004 -0.192293850772577 -0.224901957643861
0.0473409393189214 -0.0563015956884228 0.0256767506427757 -0.670088990720841
-0.000638087821614838 -0.249928816749366 -0.133009533942267 -0.344122648524028
-0.148275824002048 -0.160551880443559 -0.166323875811553 -0.153317092935621
-0.198659631850776 0.0339197828165089 -0.114474724917977 0.0025618198349096
-0.0316343747557715 0.165836931711055 0.00420975145849595 0.0353838694580942
0.104691835937004 0.139254735883734 0.00671314156258047 -0.0905691126610089
0.154851765093548 0.0512666481824499 -0.156341692299396 -0.133370312608585
0.138736266280356 -0.0319335379082144 -0.277457182917548 -0.0915549621489622
0.144907235312818 -0.0504271834726661 -0.317007201625987 -0.0802333330864974
0.159761968784407 -0.0105631016221728 -0.32600425307832 -0.123319135910585
0.19496631395383 0.0889221035775273 -0.237556231779041 -0.215470388208056
0.10334562451969 0.192198039775025 -0.036717243688148 -0.233711287589206
-0.0986566329591198 0.211868146010904 0.0973256085502888 -0.0473051765050167
-0.290659464110805 0.0271613929453594 -0.115176055399419 0.0185918488664658
-0.186459143994703 -0.246053954602663 -0.207079562923766 -0.223290476865555
0.00165657211334121 -0.319414748645563 0.0201767485169692 -0.62619555760964
-0.0270844713837809 -0.41071175942811 -0.133276545792307 -0.226074341386996
-0.228956254931459 -0.254871140258502 -0.138461187364962 -0.131703597287314
-0.298642152360071 0.0187913386991909 -0.115476691683493 0.0102758324197974
-0.0953409919612191 0.233452410975852 -0.00481010739194825 0.0483321927399598
0.113855476413749 0.246102455816043 0.0258893092880834 -0.0573088405065051
0.233189520024679 0.135515506757352 -0.0977334093959069 -0.120303061581582
0.245998066538224 0.00916160930739506 -0.201678177846228 -0.0959580134656427
0.257674387631215 -0.0226986127024224 -0.230696467286267 -0.0891976342139062
0.275767257671739 0.0285037829490018 -0.228532011473503 -0.123209370269182
0.306154653871896 0.187186814498887 -0.153623699594949 -0.181979143451545
0.137479608658043 0.346254329784863 -0.00279918080413563 -0.168310943162395
-0.183019383611976 0.348155317390638 0.0976928989127559 -0.00777315525939129
-0.473938136408748 0.0458323887475651 -0.1125957392918 0.0422894586501144
-0.339803900361242 -0.38431669863955 -0.194162803409806 -0.178280447389434
-0.0420037166330973 -0.536532133322226 0.022361738281298 -0.498856399724837
-0.0615695778652693 -0.528862506642412 -0.12183757814416 -0.0533537258674251
-0.318123256561277 -0.322195774048742 -0.0765628752562988 -0.0844419086006847
-0.398629463011204 0.0247711495434543 -0.0982431588195863 0.00210216046126885
-0.149184696255795 0.30887481177464 -0.0293804853502116 0.0507992962435377
0.12371479509834 0.339574478546543 0.0347204776963008 -0.000974815935516862
0.293241482254728 0.204731625153206 -0.0201685142593915 -0.0765247588818018
0.321425025965455 0.0467075269712797 -0.0908814568347521 -0.0830060358542594
0.329993530004305 0.00714429180421281 -0.108689227446032 -0.0860779786063712
0.345415890568897 0.0645482515710171 -0.0970421638934169 -0.107976803674714
0.369452669509937 0.253298119935633 -0.0452615509130527 -0.127984832950379
0.15613483910018 0.44603330729916 0.0405135246691561 -0.082845629775942
-0.237954474570075 0.43041615790894 0.0982154459150577 0.0357300931122232
-0.58213092001481 0.0566421340878595 -0.0807594845647168 0.0700633461579735
-0.436114138772698 -0.459637822809522 -0.144748841327702 -0.0955255392337764
-0.0735183023350865 -0.660698748802365 0.0318985656727198 -0.30125335257008
-0.0961261470986477 -0.581323046055557 -0.0938416710222204 0.160389872336406
-0.388451583359173 -0.347146626683393 0.0244277988503796 -0.00921749059806801
-0.460739868191242 0.0473872431318937 -0.0592995934027294 -0.0173783062793249
-0.179141283973675 0.361159887562241 -0.063087511418222 0.0529576154160824
0.124834718288783 0.392611143596628 0.0409783578136756 0.0796217947493625
0.318965490677343 0.243907549615527 0.0760825230914974 -0.00745239156554728
0.354360527315678 0.0756972972064306 0.0424935171114451 -0.0549069862034255
0.350773699992492 0.0363113074010397 0.0298243725003238 -0.0692192109494431
0.356507551858834 0.0922170887949403 0.0453388372454566 -0.0810795250232056
0.367934271252734 0.278016970965905 0.0693327372361404 -0.066561443410487
0.143844615345084 0.459201232962716 0.0871909760817243 0.00577376714146624
-0.245049291604117 0.420806640729112 0.0946194101283567 0.0760033225060132
-0.566652279170816 0.0462800575259592 -0.0286599217110646 0.0908924208964779
-0.437458553744823 -0.451165630374527 -0.0691001809890546 0.00113163590806879
-0.0824029894180376 -0.661780020561186 0.0481008523793475 -0.077793252464011
-0.114959560592648 -0.541063406369037 -0.0528339436436277 0.381664821806318
-0.39309993247762 -0.311115900860084 0.144733547729504 0.0819550765784457
-0.441162245783925 0.0632445004954079 -0.00984425809085805 -0.0364481904496139
-0.173048282448429 0.346807485642136 -0.0943638107657013 0.0589820163928162
0.102431727838954 0.374861115662532 0.0478906987210971 0.171548126703031
0.288764480443402 0.241026370316971 0.176660497435357 0.0750320717300268
0.330043193367005 0.0925821055475776 0.181328142757492 -0.0143549199986667
0.31767090254885 0.0610544782878024 0.163843441531506 -0.0436868479360797
0.311227763602922 0.106556477409479 0.17141716153274 -0.0468784023019608
0.295554460074787 0.255093985072608 0.161054103802839 -0.00871615099532247
0.0937690900337044 0.383060724344049 0.117585942093738 0.072617899025725
-0.215610440085473 0.309210555328029 0.0821485377555331 0.0976530818357222
-0.42812996093782 0.00537143349584107 0.026305275937505 0.0936795458338493
-0.333347583690905 -0.362741068346762 0.00726992958305731 0.0810516556330929
-0.0679498680701313 -0.544360036348508 0.0655471242949622 0.12338907815815
-0.111105622037002 -0.411872042083594 -0.0145521310200097 0.570593847077268
-0.312791556142044 -0.21948508975264 0.245610204760428 0.174366507113626
-0.320918116482593 0.0570831695817141 0.0410967083909541 -0.0467553231404966
-0.13602456305737 0.248862113051802 -0.114100421302259 0.0622576882366387
0.054679022508261 0.280413485425011 0.0463141067753565 0.24859172647509
0.203510095724771 0.196733309982218 0.258286873476939 0.157749885712697
0.249941706006574 0.0944306425349381 0.300160463174089 0.0298779593101663
0.236159634899353 0.078383173544092 0.273190930228253 -0.0131873382134388
0.220428622094894 0.107276285905646 0.261012957146046 -0.00779636992030068
0.176557101218267 0.200017064482528 0.210345927801857 0.038576093762691
0.0182050061314468 0.252759826974583 0.118287647288738 0.106099186649527
-0.162439556190313 0.148020761033718 0.0576654725195517 0.0901930609969528
-0.225355606705458 -0.0474867313129741 0.0663875125353267 0.0770186683684729
-0.173635348059791 -0.225627595859908 0.0593514153025626 0.125399523620205
-0.0406276499386031 -0.346062041161672 0.0776590260868831 0.265335585370521
-0.0863269262313451 -0.207251962372189 0.0097902767959691 0.68700385353078
-0.172255142454134 -0.0879181648550455 0.30476679512533 0.248761657741053
-0.137372266621858 0.0379625098952674 0.0842823570904257 -0.0482974735662031
-0.0699602408803509 0.10202336517915 -0.120852746161921 0.050885785229362
-0.00180203646739467 0.133426811822569 0.0302063829155317 0.291334829973541
0.0814758215371891 0.115701130671179 0.299964918706453 0.221875901298295
0.126056263613649 0.0816586410244202 0.376206296636195 0.0739273267462105
0.120478598621999 0.0827940502779362 0.340693204040913 0.0194000856462865
0.104193326918987 0.0936059180100492 0.305168169551152 0.0306792656689995
0.0450090668766437 0.125126680592907 0.215412963577284 0.0739658242938488
-0.0510969038584413 0.112467720275917 0.0937512046497131 0.108999307455785
-0.101751638671969 0.00039244556232297 0.0274740017653369 0.0606415327146722
-0.0331847165151438 -0.0789050417179698 0.0889719658084075 0.0480771528830642
-0.0220851755737184 -0.0728589145172351 0.0880958110749431 0.137303676591537
-0.0173086764467558 -0.116752242375632 0.0838468730578577 0.335758934405863
0.0192409012776606 -0.0665598655248178 -0.136630536118887 -0.422553914948356
-0.071172078267242 -0.0530625475628852 -0.190382196568607 -0.166169650645567
-0.0983417978461464 0.0580076935030834 -0.111513811772706 -0.0179912563555518
0.0320502380138275 0.0964160607490546 -0.00141695347712202 0.0111567729840971
0.091165437162691 0.0271384578562819 -0.0250460353465902 -0.110559067267424
0.0650446515461098 -0.0354049179479479 -0.202995818637545 -0.12436856225293
0.0155538281203728 -0.0696670761415389 -0.324754947522266 -0.0726364851947902
0.00980931173199322 -0.0734069466835913 -0.370497872939788 -0.0641346635248385
0.0198792472079841 -0.0504026153165481 -0.388233928350239 -0.110954908504957
0.0605635602390509 -0.0219065848683695 -0.296597220202556 -0.230808002328452
0.0595954367757649 0.0153384456106451 -0.0660928159363608 -0.285603336313637
-0.00343354801106708 0.0583646924500601 0.0989281715920451 -0.0902344353717737
-0.0795046796591222 0.00901421019828554 -0.0906070198120753 0.0015150596582154
-0.0136140623428548 -0.0784022127450928 -0.191992718077883 -0.23823372325589
0.0473889669607357 -0.0566392614530187 0.0288873423956277 -0.692265382538616
0.000572024841828996 -0.256830819096696 -0.137443506043687 -0.361019085432385
-0.15166222860119 -0.166390411848469 -0.175870027145465 -0.161089161167257
-0.204125923380081 0.0349524700367107 -0.118280898819557 0.00211963338205133
-0.0321390146379086 0.169653730518614 0.00618877191835141 0.0381792159771336
0.109238253741877 0.142656266830134 0.00972391733362522 -0.0947100056870829
0.160556727921016 0.0532502202819235 -0.161400546255057 -0.13872450417345
0.142135421841117 -0.0317637966385323 -0.287195022610439 -0.0964464536681455
0.1492604227516 -0.0506347282281136 -0.331028090444526 -0.0865450541418424
0.166617335646204 -0.010805991964454 -0.339740587600601 -0.129605880508987
0.202393305192384 0.0923729048558334 -0.24771732953792 -0.224819639846477
0.105629142658601 0.198824830619876 -0.0374187237514608 -0.243790971647529
-0.104062808361019 0.218800756126895 0.100439131253243 -0.0527913484345309
-0.300180358675409 0.0244706615699354 -0.118271637848595 0.0162649996921783
-0.190651724565685 -0.256824382298486 -0.207850814304725 -0.237318113189968
0.00209796687134446 -0.332173687965398 0.0249237862794657 -0.648796098427825
-0.0254333637093356 -0.423538881709967 -0.138189851200863 -0.239232995932219
-0.234482430017377 -0.265733983940484 -0.147692493126604 -0.138697553018133
-0.308030496410127 0.0171169278164124 -0.118256500813435 0.0100428584728367
-0.0996217356862052 0.240362163485643 -0.00313952103351465 0.0516963620751225
0.119668377542551 0.25399498780817 0.0292175977536765 -0.0600170971122017
0.242350753569083 0.139379998751192 -0.101904397216747 -0.126549430559598
0.25391130576928 0.0101883658405488 -0.209259615269914 -0.100866296751089
0.266619818281121 -0.0209742441209376 -0.241428474394177 -0.0951510649922531
0.286587698689207 0.0319197151746296 -0.239078326153347 -0.129832757693017
0.318888800309687 0.194434829594153 -0.161245499414706 -0.189618363354002
0.140646388016496 0.359522627166679 -0.0010029625109916 -0.174389645208067
-0.193819138618991 0.35822794864955 0.100446807236896 -0.0117616879332642
-0.489908652135455 0.0409992960170261 -0.117354270841881 0.0392258101485749
-0.347866320905724 -0.401596444039057 -0.197076617468016 -0.189754738613103
-0.0409879472112971 -0.558545140432253 0.0237361476543156 -0.513959564922774
-0.0586261967836199 -0.545806611238748 -0.127213927009681 -0.0614018469762426
-0.326551884181813 -0.33770664934113 -0.0855250759374562 -0.0901361486188657
-0.411786123231474 0.0218328731406426 -0.0991188849596222 0.00252019482816412
-0.155988774582393 0.318970484792959 -0.0284202296156359 0.0537352806535849
0.129058148000202 0.351940580434706 0.0377019097729137 -0.00203806057382271
0.307274983569571 0.210718800595787 -0.0224897273560056 -0.0822398425365919
0.333702593382467 0.0494835712827283 -0.0941451930427027 -0.0868662574722735
0.342451828024407 0.0109185526423247 -0.114574752077516 -0.0905925941667153
0.358958023576771 0.0694687830920618 -0.101942323230243 -0.113654527070601
0.38592712416805 0.265552404071894 -0.0474714734321788 -0.133486602723291
0.160467687759824 0.462923771094974 0.0445648225645417 -0.0850080539210156
-0.25087571081151 0.446315207776885 0.100069157589642 0.032994209277899
-0.605030273415034 0.0517181204969911 -0.086387052718953 0.0654899154215482
-0.447328368838783 -0.481025130143513 -0.148358146848623 -0.103266100736879
-0.0721238820641578 -0.687990791335084 0.0309263772499089 -0.309625066692148
-0.0908989286471015 -0.599722998585963 -0.099772964434992 0.159522326090457
-0.398147427844107 -0.362766649725427 0.0188675865558722 -0.0109415843849455
-0.479993476997421 0.0432962767332355 -0.0594426803384245 -0.0161474993284394
-0.189099622270387 0.373541366614926 -0.0627659770511512 0.0558286202657662
0.129743980206915 0.407609679990854 0.043806030484943 0.0815023183292506
0.331828398713419 0.253852539384545 0.0769339248990192 -0.0109898315660767
0.36794686646453 0.0806318874155222 0.0447061706105704 -0.0565155488071431
0.363213387720612 0.0412846029243354 0.0302040570755771 -0.0726380076781441
0.370036668663073 0.0974302334168286 0.0452092314756461 -0.0849778061185239
0.383134824788077 0.288498733173755 0.0705620180472784 -0.0693124166104309
0.14888164607096 0.47520205852958 0.0916723732557315 0.00729512646779511
-0.256541438798846 0.435438802795752 0.0951449822367264 0.0753008720652371
-0.590042126801084 0.0417262491324779 -0.0330397004593672 0.0864895189422464
-0.449453530728181 -0.470344230903402 -0.0713266135706435 -0.00197304995766985
-0.0810021644006364 -0.690297244605146 0.0468836733707522 -0.0788993706866732
-0.111223498051153 -0.560706033076695 -0.0585192156588097 0.389522920516351
-0.404446691002239 -0.326154229476877 0.143155812976173 0.0852509549224402
-0.458298987753484 0.0589495466622413 -0.00801706326867691 -0.0353233133825274
-0.184300072993965 0.359434590082019 -0.0957144992198718 0.0635206997266961
0.107948016380573 0.391113512281296 0.0505713117364464 0.176508002515768
0.302789220648481 0.251398723211046 0.181869183214877 0.0749683075714203
0.343761848283399 0.0973730833813597 0.188638558118206 -0.0144270449841467
0.329695229830618 0.0669279693082915 0.169612554761245 -0.0451571697906218
0.322579105658852 0.112454252070344 0.176836868717353 -0.0490240488712889
0.308520070193859 0.264812996553127 0.16560516057523 -0.00891466059324402
0.0960201429820869 0.396002344340778 0.122235341865881 0.0769474253981424
-0.226116729814871 0.320378346416748 0.0827274301960584 0.0978912352632828
-0.444157900511144 -0.00095925823162343 0.021893703933561 0.0901838176832604
-0.341815852969895 -0.37858548985629 0.00578222874322155 0.0823479179989785
-0.0665574648570474 -0.567709798050994 0.0644361637285099 0.129833031772756
-0.108624990278838 -0.42597625377127 -0.0198266894220638 0.586165911615925
-0.321969170209009 -0.231333818367331 0.248738181454426 0.182835137620649
-0.333849074987913 0.0525459211873989 0.0430072355831129 -0.0441252645900257
-0.144824115534474 0.259122275467839 -0.117737358865656 0.0661266032431712
0.0568009141617915 0.293478125878489 0.0478100383393184 0.258114751182846
0.213533445015655 0.204095310482493 0.266960001311821 0.161450637631992
0.261084318014956 0.0992521953113695 0.31079855759856 0.0324488898016987
0.246179071880255 0.0842065336255506 0.283957325769227 -0.0115454932921261
0.228087841357463 0.11342067708851 0.270368300340419 -0.0077075226364931
0.183572684367777 0.208772297705646 0.216457833033189 0.0405547073165626
0.0187809428813371 0.262944294907112 0.122157204394747 0.11151039324221
-0.170248156364817 0.153568673935464 0.0573254096833684 0.090314731144253
-0.234821700094587 -0.0528972749763835 0.0646718594525869 0.0737770402898162
-0.177593219155036 -0.235903690067329 0.0599707754218809 0.129929915733423
-0.0374019771347834 -0.362700244050015 0.0769399451251276 0.276443851055598
-0.08456743643665 -0.21554037867032 0.00514201187367278 0.711277227364374
-0.176739175352263 -0.0943287480661367 0.311284331874146 0.262605457977617
-0.143428273273999 0.0344856001299419 0.0870423349873568 -0.0448580789570761
-0.0752281638826563 0.106703006965192 -0.126308767373259 0.0549657652326805
-0.00238295865104413 0.140755149157313 0.0316443629911254 0.30314973243093
0.0864797128395863 0.120818701281294 0.311571092392048 0.229625027819145
0.133256438402932 0.08530321187108 0.390048178305815 0.0775051425992097
0.126115920069081 0.0874104574267449 0.354420162234466 0.0231790341913223
0.107805935806966 0.0976016676291572 0.316625201282968 0.034898819153018
0.0471261373086324 0.130990862419514 0.221774764866119 0.0782449980216472
-0.0521080080089872 0.117441728628828 0.0955226984496315 0.115197556512353
-0.106021618592372 0.00128217604951802 0.0266848781598085 0.0604651850677159
-0.0362533089293976 -0.0830837533128871 0.0897280322355095 0.0451269389017189
-0.021420468070029 -0.0771764299820075 0.0893675237568901 0.142909403357697
-0.0145898870668947 -0.124230634939846 0.0851327252225945 0.349465451025884
0.0167382188159355 -0.0696590284878388 -0.157963079764944 -0.435881909387115
-0.0755298978473684 -0.0524591467338316 -0.207878946044961 -0.166475803959807
-0.098697640403955 0.0644266061880879 -0.117363813878413 -0.013790349152054
0.0376615254396317 0.0971139369583347 0.00136151166073193 0.0134260425550033
0.0957110736664084 0.0225092775019002 -0.0268013025616101 -0.115417051804785
0.0661478150598994 -0.0396553466010043 -0.214483006320479 -0.121180143263643
0.0114259469473938 -0.0716507227317878 -0.341167150951906 -0.0640663532929261
0.00559747941223754 -0.0770603704594853 -0.39165047239832 -0.0548653635009432
0.0197338533964342 -0.0539926892261604 -0.411715151965078 -0.102222316619167
0.0624533598331571 -0.0269375343591305 -0.320138842877662 -0.229414927370133
0.0624924725873365 0.012056270558666 -0.0816253578386218 -0.297036181260079
-0.000880510034521585 0.0606899623735616 0.0999138403422941 -0.0999127101779723
-0.0800508756311723 0.0124233633819165 -0.0915965833560009 0.00315757940667332
-0.017107663921423 -0.0795146024811446 -0.20354917101749 -0.246866748454337
0.0450103067105492 -0.0588074570977959 0.00617793245652961 -0.721686791755922
-0.00859579204437259 -0.266585836829845 -0.157327181916024 -0.372892875651865
-0.162470598830758 -0.167143305253838 -0.193671821745066 -0.162689147249796
-0.209452689388781 0.0445257058661106 -0.122866099943686 0.00610268111965681
-0.026676304169464 0.176086402537594 0.0107647983578809 0.0411440549338479
0.119472023368185 0.141782237160789 0.0100789276440271 -0.0991286624011836
0.169884924729462 0.0480011645684166 -0.17327126427808 -0.13865990634032
0.146013359141982 -0.0378552945201296 -0.303452474567234 -0.0905209271297049
0.152714395737923 -0.0580470979111114 -0.352142198221552 -0.0792589055849895
0.174470724248028 -0.0169362577838466 -0.362304341270486 -0.123989144909975
0.216469549175234 0.0872998913121139 -0.267913392189463 -0.225471305650177
0.116895592236203 0.202284976941818 -0.0479752827455253 -0.253821916487788
-0.101217408007922 0.232276180026915 0.102809498136109 -0.0613968194261882
-0.311155919409559 0.0344177471458398 -0.121079328704498 0.0187279952006369
-0.206837354697325 -0.261499241733255 -0.222106790235965 -0.244260359452972
-0.0108260151557211 -0.346020409925317 0.00242501095005559 -0.673101551742085
-0.0387763734528295 -0.435979997070255 -0.153767203983638 -0.248025781928245
-0.252505242914447 -0.268226661172866 -0.164844607835545 -0.140223588103436
-0.319025154009362 0.0277756745056836 -0.121772504480653 0.0151477039011849
-0.0946958190468994 0.252273835772232 0.000972525066856343 0.0553302662652149
0.135627746106505 0.257996136328744 0.0303243891189476 -0.065158871808001
0.259813539754431 0.134380425332716 -0.111969420498443 -0.128736828166855
0.264467846587278 0.00110041217369747 -0.221864066081302 -0.09804015189889
0.276856645145682 -0.0305508458492769 -0.258919217471669 -0.0924440310566006
0.300461699740199 0.0236069130186979 -0.256757948555048 -0.127008525409707
0.341654068720218 0.189938342409875 -0.176538015614556 -0.192066801368232
0.159264487115835 0.369838498544033 -0.00662358037985738 -0.182951087353094
-0.190098586819004 0.38056250532945 0.103162545998638 -0.0194172023188633
-0.510045136251765 0.0548856393322438 -0.121943932827483 0.0415251306608056
-0.375283854043005 -0.409887194136285 -0.209214078045146 -0.19393515083991
-0.0628920043046082 -0.581075354231558 0.00476235002447279 -0.533188815236227
-0.0775616499563091 -0.564004579148235 -0.137285168326697 -0.0649430245561741
-0.351524135141699 -0.34026303200876 -0.0981895393244079 -0.0909554492714143
-0.427787684341328 0.035171749883115 -0.101503747990707 0.00666766219902639
-0.152599923983634 0.335869992317585 -0.0254149360553936 0.058750976245908
0.150209917189541 0.360579777980477 0.0418110700307745 -0.00433889082107307
0.329294830369577 0.20646445399456 -0.0280812710006036 -0.0862669844831748
0.349312542106348 0.0388628413412651 -0.101857945703703 -0.0869843301729224
0.356244872597667 0.00103034009893607 -0.125120086875503 -0.0913863780625491
0.377483038816311 0.0600385116410595 -0.113165115083876 -0.116069486337697
0.414601020249777 0.261212288776637 -0.0562302298980645 -0.137661421966306
0.183488593035976 0.476179807760633 0.0455344200642785 -0.0903081892337394
-0.247828093046318 0.472929353908965 0.103037297314177 0.0275241295705847
-0.630376110078397 0.0696879112483124 -0.0911027484577028 0.0666307016538221
-0.481647918840999 -0.489401503080793 -0.15666840967826 -0.104800345547916
-0.0998050559506989 -0.717182609683423 0.0180508109343155 -0.320175204985241
-0.111153956325689 -0.618683645611517 -0.100867291193952 0.16344152359254
-0.426962487990251 -0.365645991339021 0.0124684876670375 -0.0121585370755287
-0.499197290280502 0.0583838484834312 -0.0596038394744605 -0.0132596152959718
-0.183793957479895 0.396561004535281 -0.0614287251525207 0.0623887161824198
0.152161157531393 0.420140667954287 0.0508100466455122 0.0825384601876218
0.357690714036481 0.24904752636918 0.077935155299529 -0.0173010635589175
0.386567674637587 0.0688529498479512 0.0443602392478163 -0.060837652011526
0.380686653633233 0.0327057584364306 0.027149425905929 -0.0775198137007307
0.390052345048805 0.0894338425508046 0.0419761410894842 -0.0915506802764972
0.411678746363591 0.28460055637702 0.0693910404558813 -0.0748611797011952
0.172573127237297 0.489250663128236 0.09856040664841 0.00496492738231722
-0.253339366874447 0.464045798265001 0.0990284284525577 0.0712558730414525
-0.613956398836885 0.0589970102348736 -0.0363084791819278 0.0861177573322032
-0.482580550808653 -0.479008377218227 -0.0744465819484097 -0.000466079284016098
-0.109506165495944 -0.718614835293716 0.0424329452603045 -0.0802107567475116
-0.129528905459969 -0.57953811318717 -0.0506288056168793 0.402309596441079
-0.431852647606914 -0.329232754557192 0.146502692161412 0.0844549498531728
-0.477182748707108 0.0734716571505512 -0.00761227567408227 -0.0341652604319886
-0.181633277997373 0.383294322099809 -0.095794986148933 0.0709290818344078
0.12879131010549 0.405076618300044 0.0605423407294315 0.183091324973264
0.327764301404291 0.248297485605138 0.191174383584397 0.0682981241925971
0.363641521934807 0.0883652520315978 0.196042609942828 -0.0219164770126963
0.348429803044989 0.0600741604867071 0.175555365601657 -0.053269782266385
0.339666903993451 0.106568196703748 0.18072566877774 -0.0581974828637147
0.332958185407576 0.264552230418983 0.170069041298298 -0.0159684884394996
0.115591550336731 0.410290450860547 0.132948956533472 0.0763592884823654
-0.224703996976953 0.342789905132263 0.0865132345025632 0.0959581517113802
-0.465413435302341 0.0114668610764938 0.0212070741934966 0.0872748209032955
-0.367122865159033 -0.386412803186579 0.00796483720674416 0.0856624103847369
-0.0874281157466617 -0.594283060555607 0.0676608943583273 0.135540615147427
-0.122341399859214 -0.4396878853645 -0.00296122839828796 0.60702768756072
-0.343087398922972 -0.233122180852835 0.261420582430223 0.183585680366395
-0.348597645605601 0.0622461259714524 0.0452485409479293 -0.044247415561743
-0.143086987293661 0.276915661739671 -0.119453802530475 0.0753958782387801
0.0717327155349237 0.306535671264523 0.0614380510788736 0.268522301263058
0.232593361647933 0.203901559405447 0.283644679334054 0.155570357385838
0.27901587873989 0.0926684622267092 0.326331597361764 0.0227087270665136
0.261677913836379 0.0809342798785797 0.296827810274456 -0.0223791594516011
0.241605019449786 0.109597661908366 0.280388637715707 -0.0181032284504059
0.20135677906684 0.210426798425212 0.225046876219742 0.0338033095201684
0.0309999006734621 0.274240268310145 0.132258734150061 0.11246932970697
-0.171954187851514 0.167390015088627 0.0606346674168177 0.08963887508719
-0.248630320578182 -0.0485442588309625 0.0651899078506274 0.0685191510975816
-0.190939790724917 -0.242052347806214 0.0656375845691537 0.134002378925744
-0.0509781271140337 -0.380115565619268 0.0881931944887162 0.286609574939802
-0.0922052475589465 -0.22211641544829 0.0277651312912845 0.737172104586138
-0.186800887430838 -0.0952851535103266 0.330525439039106 0.265165085015481
-0.150222491169102 0.0373876970993596 0.0895542481817473 -0.0462632219312601
-0.0757182815469381 0.116263684823793 -0.129517525947349 0.0640799553489088
0.00382955097532901 0.149931857876489 0.0449353269743874 0.316765338628196
0.0969026273506813 0.123091023895362 0.333877839007901 0.22499926904346
0.14463762168426 0.083805180982884 0.409912644297233 0.0658946674002016
0.136398660712446 0.0882547584373863 0.372812948137019 0.011901325372347
0.115918211739782 0.0982100591639168 0.331138688970007 0.0232468610176402
0.0557801142772699 0.135705988225554 0.231682811673239 0.0735466971341238
-0.0489352630872554 0.125384816487957 0.102357159461709 0.117430308767475
-0.110749581515613 0.00680247410589678 0.027800340591653 0.0601568245179613
-0.0435487900697071 -0.0866286472109067 0.0921111917040898 0.0386252940722582
-0.0245326214819837 -0.081739806347361 0.0973249965267796 0.146732049759177
-0.0178061945426287 -0.132054149049192 0.0996564345480453 0.361531813965013
0.0112228188872192 -0.0713012732827662 -0.187273940407483 -0.431858827456502
-0.0788696825423918 -0.0485456113321925 -0.223944075270784 -0.154050882796831
-0.094144640416793 0.0723302761000378 -0.12142926374832 -0.00528537361801362
0.0437834829972093 0.0935119485315836 0.00497208994553258 0.0146376025848842
0.0969359025650055 0.0139921420364087 -0.0309538391247021 -0.116298207301965
0.0639289431381429 -0.0446977575582182 -0.222789480530037 -0.108189980065025
0.00557704879063734 -0.0717242146814756 -0.349309987194761 -0.0447427159863304
-0.000841115915944845 -0.0780137198342688 -0.404577016743914 -0.0318975904480034
0.0174017802799112 -0.0567400956731332 -0.424913203271944 -0.0771844436182243
0.0616210427721281 -0.0324114512220712 -0.340379462357854 -0.210925938000569
0.0625756148517044 0.00735725617620474 -0.103434873756194 -0.296856240222597
0.00343220119179161 0.0605324124621332 0.0945835071925543 -0.111235082829627
-0.0779597220081531 0.0172187556317286 -0.0898001740562074 0.00711362495195822
-0.0220219773987708 -0.0788411486614828 -0.216923060534213 -0.242525515822918
0.040817330142933 -0.0600764657954143 -0.0345567116083674 -0.72792933112021
-0.0244632085635966 -0.267975322521016 -0.18221981902939 -0.369210334320176
-0.174433198789899 -0.158599239229215 -0.211097952059663 -0.151550350521553
-0.20761101750676 0.0579472739020815 -0.124979028411702 0.0143210235019865
-0.0161632674266664 0.177289315674954 0.0157824360263813 0.0418035588418849
0.130176666338659 0.133329979920591 0.0066492004282917 -0.102488147095756
0.174968016759513 0.0366339541906439 -0.183832953912211 -0.128954208333504
0.144187942697814 -0.0472557122322358 -0.313680773780491 -0.0727978210620783
0.150476464159702 -0.067263391664745 -0.366156948864049 -0.0597323457073212
0.176764148753377 -0.0280231806249964 -0.377040315152069 -0.102947911107618
0.225416333435622 0.0730933674533652 -0.2875612133653 -0.21084867769923
0.130065037965949 0.196919177440273 -0.0654661954701054 -0.256431532853653
-0.0887413084876627 0.240409733521088 0.0991522338595233 -0.0718734649961966
-0.312236044972287 0.0514994586856638 -0.121133082242178 0.0241021350393766
-0.224422042787971 -0.253336403476881 -0.236075944485865 -0.237646893100298
-0.0332349398089968 -0.348692484016304 -0.0385739852376566 -0.677291010328331
-0.0626523715434406 -0.438362992632095 -0.174094067750395 -0.245232813398134
-0.271439650111611 -0.256109972776976 -0.181032582414033 -0.132066372514465
-0.320301192747861 0.0470146845031843 -0.122740079298316 0.0227981148477922
-0.0796832045967702 0.259900888234424 0.00729652266002353 0.0567240493906153
0.155098539447338 0.249966824071128 0.029794625811848 -0.0681624341588206
0.272730006190374 0.116902144608659 -0.122474308963442 -0.122811159072261
0.266881366363067 -0.0150438738639708 -0.231732193136191 -0.0855690235632718
0.278227100208309 -0.0468964859505075 -0.272386255999547 -0.0781026059210266
0.307783133784783 0.00558494468316453 -0.270758674385613 -0.113580148069688
0.360146027419136 0.169107964331697 -0.192969105236712 -0.183861513782158
0.184001103994491 0.364548961510153 -0.0165309733473372 -0.186619726985519
-0.169665001367262 0.396385582485815 0.102076867475782 -0.0295317157962643
-0.51465979686091 0.0833035680758404 -0.122787275495106 0.0465726582613178
-0.403388161557571 -0.393869274744362 -0.221752084821608 -0.187279223394247
-0.100265241436789 -0.585079526760526 -0.0291290085948604 -0.533578777260769
-0.106659504014783 -0.563467024797198 -0.145586674985997 -0.0615985149495556
-0.375806895711428 -0.323148166773736 -0.111617285850568 -0.0858112084558257
-0.431896701089392 0.0591622631181568 -0.101949205024937 0.0130968350988735
-0.132096156422393 0.34956687228256 -0.019368807515551 0.0622776311767327
0.177081618522908 0.353814357190798 0.0437414214955604 -0.00775187356620654
0.347791797123735 0.18495094194211 -0.0355505066234381 -0.0870492625188367
0.355816178335907 0.0168224632019025 -0.108672369192118 -0.0817607761171454
0.361525383074739 -0.0192731865827969 -0.135708964088813 -0.0854117347253548
0.386618032716693 0.0393734588562594 -0.124691936325152 -0.111012133677986
0.438732867140933 0.234891063041241 -0.0675569674000243 -0.136103015000947
0.215850531715242 0.47129955708314 0.0423560471768104 -0.096040035957676
-0.2211021194296 0.494844503891162 0.103659381882436 0.0181278365125512
-0.63466581884709 0.104556891378075 -0.0925554272866072 0.0700232222938421
-0.516436273590793 -0.469723478297372 -0.164369255928655 -0.0975902472128718
-0.14477064961079 -0.721617219623217 -0.00419882275237026 -0.318627306483565
-0.144114833786169 -0.619347301209963 -0.0960320194760501 0.166537606486197
-0.453945100819985 -0.347277071218435 0.00657025001760932 -0.0120815781503198
-0.502765427205098 0.0866272926060231 -0.0602765569295146 -0.00931589234493886
-0.162508917371578 0.413625428264605 -0.0557984078054161 0.0684196737666478
0.18447249430716 0.41457623642468 0.05879203722454 0.0803386149941237
0.37993431397849 0.225790899626161 0.0757912581372313 -0.0234994066849562
0.396897708212313 0.0449998299356857 0.0412220716317353 -0.0636325183084279
0.389119551994137 0.0113593616379466 0.0210580175444061 -0.0805973799380448
0.401206064531908 0.0686704257566509 0.034209121004769 -0.0958234151381985
0.438770556441232 0.261701535151056 0.0637284817389905 -0.0812093584408033
0.206674790199265 0.485813686028894 0.102537931695588 -0.002945221682586
-0.228467293719299 0.48577082721566 0.101266375651422 0.0631811988508957
-0.620213881662648 0.0949319444359396 -0.0376847985622914 0.0857418070421245
-0.515979095839484 -0.458932920206665 -0.0756894340125273 0.00409818907394721
-0.152328961234727 -0.72454594420292 0.0350920701871401 -0.0777887096136041
-0.161470124782964 -0.577944249520345 -0.0303493452938134 0.40530036353031
-0.456953336443395 -0.310413443690018 0.149096210247896 0.0778555364694611
-0.481608091579408 0.098717122389265 -0.00726469741672718 -0.032595934873104
-0.160553026291893 0.400132319616449 -0.0909638886247184 0.0800761313274379
0.158637117675573 0.403714912516422 0.0750906293776074 0.182038080997631
0.348377237204689 0.229131018089543 0.196148611965213 0.0557236135671442
0.3746380155289 0.0649118242993395 0.197121101073129 -0.0347133768655891
0.358206092495138 0.0420246829829052 0.17390509626928 -0.0649015907473514
0.35126458348749 0.0882229349743105 0.176587789911608 -0.0703509753893306
0.355585641139631 0.244914689321409 0.169344720283037 -0.0271778941127619
0.144634916748996 0.408290611968625 0.141111140106959 0.0685972169823956
-0.206124888827355 0.361495881383989 0.0900546503850901 0.0889635195536465
-0.472992499475202 0.037729186970116 0.0207443732530219 0.0835351036257022
-0.393582590765757 -0.369786537718173 0.0125647553688144 0.0869153376844351
-0.124584855727742 -0.59745001407252 0.0741084941136944 0.136758072956246
-0.144426609805965 -0.438110760335238 0.0294779610643581 0.610502177330269
-0.361097671602697 -0.219785540675314 0.272160129450515 0.171206454867593
-0.352711572545597 0.0799146279880613 0.0449238868192179 -0.0454609139731258
-0.128687665713585 0.291449881223795 -0.115921306895123 0.0864316435533286
0.0941572626637834 0.307915923538079 0.0802708726594505 0.269630579153808
0.25034913073748 0.190948301025479 0.296630062828786 0.137054966819934
0.28957896498538 0.074856958595787 0.332162548027188 0.00320497484491976
0.272148620857279 0.0667686611429968 0.300770365365876 -0.0401992460902851
0.252133505751902 0.0977587729806834 0.281914445521158 -0.0363170837374888
0.219342349073293 0.199674387140469 0.227368872690006 0.0206742325533761
0.0496539593111578 0.275731103959919 0.141782119380133 0.105703302549249
-0.163610012628097 0.181122303671897 0.0638082582510958 0.0851841086955734
-0.257318433504134 -0.0357434633206873 0.064730165301539 0.0618443720110381
-0.207330934055831 -0.235430348288035 0.0738283951576413 0.132508024281527
-0.0741752330581692 -0.383867313795286 0.104558075802068 0.28781147490067
-0.103405256233135 -0.220953978158963 0.0686756818484057 0.742969978705668
-0.194338920122808 -0.0873669539193409 0.349358724508753 0.249874486109813
-0.152048276871298 0.0443178065456625 0.0897500838745301 -0.0491938234313999
-0.0700251773465945 0.124369566961956 -0.127278311645566 0.076245533324406
0.0149595146502831 0.154048366835026 0.067512322049053 0.319978038944553
0.106893336421125 0.117980776118498 0.352802082508903 0.205144565508263
0.154236678619475 0.0743691366099531 0.421369341470857 0.0422239159241576
0.146086291656672 0.081297272934693 0.381589133414451 -0.0103060764590502
0.123344033779797 0.0926344103140877 0.337260940674473 0.00398698242625029
0.0664129832513723 0.134093057583474 0.237479067087239 0.0606349182624465
-0.0399275980621805 0.131326388496652 0.110638581660233 0.113276428526059
-0.111830045732337 0.0153092122069951 0.0295083538073725 0.0575998730111801
-0.0521595318998776 -0.085491662125811 0.0913534731300795 0.0297194903582779
-0.0289220634397115 -0.0824756587506215 0.10820176443731 0.143478338878736
-0.024553022132979 -0.13597729184454 0.123544591501471 0.361057401592665
0.00515983549463538 -0.069124806159425 -0.204255105417042 -0.410505508934791
-0.079305602672049 -0.0424159493597363 -0.230038636578404 -0.135189064253286
-0.0859592179051757 0.0756692591458788 -0.120369514176915 0.00380186595044638
0.0467022814805241 0.0871997035679125 0.00839470423958729 0.0148381490879245
0.0932910035833392 0.00662987534128814 -0.033946909726756 -0.113914113235827
0.0594273979370864 -0.0475188850173573 -0.220491006926093 -0.0934836672266774
0.000567448039236331 -0.0682527882658493 -0.343122060687768 -0.02476655067542
-0.00669433156861037 -0.0751429385753969 -0.399093306425885 -0.00867077683232334
0.0140932382517359 -0.0576564718027845 -0.420128673171333 -0.0507740612156445
0.0578111658315988 -0.0364352188439445 -0.345190473278154 -0.18538265433198
0.0602556350620952 0.00264709493361263 -0.119678699062283 -0.284103191083672
0.00740778722124084 0.0581695619157568 0.0860447152973278 -0.115687420638362
-0.0729641082857451 0.020041737317873 -0.084369272723057 0.00871701888313186
-0.0256646662819311 -0.0739055022009599 -0.220600884183529 -0.230610496404721
0.03498085367014 -0.0590500777052812 -0.0709536101200128 -0.703837684122027
-0.0379359869245512 -0.258542166123955 -0.1990237043549 -0.350030954500902
-0.178045891336741 -0.144951784523427 -0.217823781844126 -0.134477224323845
-0.198131022865393 0.0669985791427534 -0.122711994220469 0.0221957945834887
-0.00621410339065375 0.171781565562591 0.0204278320820228 0.0407053823397548
0.13345196858868 0.120344020085835 0.00309540718759741 -0.101568799902887
0.172333807722972 0.0239019596073272 -0.184866774058406 -0.114992773949628
0.136684298098704 -0.0519020204276386 -0.310220135667408 -0.0542066444681223
0.141706196619253 -0.072308088335075 -0.364934215454234 -0.0378805703557496
0.171238358965091 -0.0377657080393231 -0.374981828807575 -0.0788273364010514
0.224621014059711 0.0572486358321873 -0.29370287973765 -0.189293578698846
0.137191594632591 0.184353906725687 -0.0788591172422098 -0.247567468350175
-0.0738943674139062 0.238444454385381 0.0924126258805148 -0.0786918018543745
-0.300930089659638 0.0650249012005444 -0.115855620676377 0.0288511641407706
-0.23215506403497 -0.235621727317657 -0.239241120841853 -0.222295636174999
-0.0517270406386824 -0.336826427358709 -0.0723457987695615 -0.6530751643995
-0.0838105185986789 -0.422790759558397 -0.183373387847119 -0.231352617463031
-0.277062914175832 -0.233693881947446 -0.188539959087292 -0.11721058579228
-0.308588166197367 0.0617708273558159 -0.119221710049963 0.0285290726862715
-0.0632996153748298 0.255098407459823 0.0129785002013917 0.0561893111702572
0.165188532803616 0.231985119870384 0.0279773984584118 -0.0687959999955762
0.271871806323492 0.095540848075292 -0.126104547099079 -0.112905211378195
0.257647817243789 -0.0284995489368444 -0.230567971358263 -0.0708303693060311
0.268515520092992 -0.0589467661614354 -0.273102383566137 -0.0607872389749408
0.300816540859902 -0.0115606972179631 -0.272368006509037 -0.0952460383330748
0.361324531459758 0.142866642164009 -0.199484815554347 -0.168719371595635
0.199385662314938 0.344928305457111 -0.0259985511982177 -0.182849649249926
-0.145488300161365 0.395842059311121 0.0958619079153896 -0.0373994738274381
-0.497962694139301 0.104706899405558 -0.119069346054399 0.0511405072998218
-0.41311865864115 -0.365575269987066 -0.223040011276524 -0.171707369157142
-0.128606571713843 -0.56449115594238 -0.0555625529629146 -0.510974017474177
-0.131487402756415 -0.544592862524476 -0.147955510370072 -0.0547351859059832
-0.382300260614683 -0.294909154354123 -0.11768286596489 -0.076992385602774
-0.417622576451806 0.0789963234960684 -0.0984954327702233 0.0188617168840304
-0.109475633598619 0.345802429378227 -0.0123907457806822 0.0625821167785384
0.193983724300547 0.331912240068442 0.0452783684851469 -0.0108325968446546
0.34984467247742 0.158715146220154 -0.0404156267349681 -0.0836467973631729
0.347147069931219 -0.00336671575614835 -0.110869951632839 -0.0742247077910352
0.352171970516003 -0.0363587028618773 -0.140298743388156 -0.0753910256122626
0.379474733941138 0.0175879267595377 -0.1307277585483 -0.101202154924811
0.441427454229416 0.203252614069743 -0.074876660976035 -0.129200977087396
0.237552749871941 0.446931564041518 0.0373627721482533 -0.0980195651196374
-0.189678277673797 0.492758841483945 0.0987990683893452 0.00985478422158758
-0.615532048118964 0.131763439240361 -0.0900938201795353 0.0726226844149728
-0.525492273634806 -0.433535675827257 -0.163260456826218 -0.0863157063977111
-0.17955898530125 -0.695494770211286 -0.0204871090739102 -0.302540806736596
-0.166287262959716 -0.59556615833092 -0.0890529746305835 0.163813717452124
-0.459571614237947 -0.315006451473987 0.000295302796569536 -0.01199284166113
-0.487927939422549 0.10814042222708 -0.0582091361386401 -0.0054025807982756
-0.1342979208689 0.410262017885624 -0.0477427434344913 0.0717249794216211
0.205074113204451 0.392812417384906 0.0647101040782408 0.0754988293264225
0.383774023189716 0.197403388535513 0.0713063021904483 -0.0288357441431709
0.38849113546923 0.0212863447026949 0.0361768687859467 -0.0640720886363026
0.381030124367291 -0.00798149389053785 0.0142944676070727 -0.080071911449058
0.394552266576259 0.0454885819609072 0.0260605813341586 -0.09540752390749
0.442472607146466 0.226939128580641 0.05574509843666 -0.0823846436830537
0.228524414239221 0.460957811491796 0.101627647839903 -0.0105906166687626
-0.19707344702844 0.483868241516187 0.0993465359954653 0.0540336556925426
-0.602905048389848 0.1217727183338 -0.0381063971220474 0.0846945908776638
-0.524572118332066 -0.422610964474561 -0.0734733311865552 0.0088437818822654
-0.186196869808134 -0.697593855738706 0.0287047821640508 -0.0711084526051229
-0.18147202933322 -0.556086208666487 -0.0132577495756007 0.393063565015775
-0.461524220529598 -0.280413715522094 0.144511971903206 0.0684979585128594
-0.466778281618078 0.119680804277115 -0.00761452920183602 -0.0307892324569879
-0.134657363102201 0.398502443967764 -0.0817175051779889 0.0851024389266008
0.179702606828619 0.384011394656571 0.0860520075779932 0.174354048186924
0.354051822562792 0.20184467353122 0.19270903058053 0.0410636601782969
0.369313129975301 0.0420843922071895 0.191238234721756 -0.0438936897700519
0.353189580474765 0.0226465263389041 0.165238791182649 -0.073363856122634
0.348399852572645 0.0680572822935333 0.166253489570183 -0.0783020660788542
0.362407153586024 0.216858917476603 0.161306534881343 -0.0356751036855146
0.165363702151539 0.38950716365575 0.142394966271776 0.0571888882460792
-0.181595189518916 0.362264614745057 0.088885297169112 0.0807714296147364
-0.462455195441592 0.0584917702083561 0.0186919040954834 0.0792589239102073
-0.401936152339942 -0.344593941111946 0.0166913526416609 0.0864132088269823
-0.154155176387659 -0.576748621233748 0.0784668905559211 0.134171325932169
-0.159909416548874 -0.421261192851257 0.0572077912244415 0.590156337021108
-0.362245896584072 -0.196278514832684 0.270777346073854 0.153255371816629
-0.341682833200391 0.0940266578387079 0.0426262737223411 -0.0452101864932625
-0.109997684296985 0.291555891522255 -0.106202535219393 0.0936543755198568
0.11161313530324 0.295354766003859 0.0962840518031476 0.260303728105047
0.255615575046317 0.170902216547914 0.294931242818348 0.115073996358158
0.286800450555049 0.0555780302476285 0.324804260102547 -0.0155423736872614
0.271146497997713 0.0510583682696736 0.291671380775145 -0.0557389930219325
0.25080378921691 0.0825044215653827 0.2715423543188 -0.0505245395354153
0.225737320817963 0.180621992796648 0.220854235416736 0.00798739790568818
0.066116220468652 0.265771771220596 0.144185231901584 0.0945071742874086
-0.150318288497849 0.186429974058464 0.0631735531641986 0.0783641686125948
-0.255607996200621 -0.0223592613540583 0.0613416405127322 0.0550304406730084
-0.212553270228043 -0.21989436353052 0.079475128772029 0.127449267646959
-0.0921078866716167 -0.372104127348057 0.116542464830426 0.276860361804583
-0.107919077031465 -0.211123336266541 0.10114242864651 0.718309368857415
-0.193518423585196 -0.0766944891460212 0.351045459608402 0.226267334285548
-0.147855532186815 0.048666057343223 0.0858119671675341 -0.0506057111428338
-0.0616007764207137 0.125721252067345 -0.118943924727054 0.0839543439736613
0.0250658690511268 0.1506986134159 0.0857011552648357 0.310824667822741
0.111828180056446 0.108645107054518 0.354833450921399 0.178324404113948
0.154877624500595 0.062560385727901 0.413527272280535 0.0184855563483579
0.149228473179876 0.0712573930245007 0.373413283336148 -0.0310189642222825
0.125103281660124 0.0852234389228037 0.329391825924827 -0.0142840705178739
0.0731331561727405 0.125949452170089 0.233793275876303 0.0465807212074554
-0.0294216123345311 0.130508750747804 0.113697226660895 0.104547988667473
-0.107900765653174 0.0222551406408122 0.0292775354394603 0.0532319314015397
-0.057799727128228 -0.0804160291789797 0.0868118595965922 0.0221197986129814
-0.0319705504852907 -0.081223397191582 0.112964250160914 0.135774421830504
-0.0308160943179232 -0.133530306449293 0.139591196758477 0.344363923794253
0.0122102750190072 -0.0628877665982303 -0.142849036953531 -0.406917414732877
-0.0685831964601991 -0.0490131246952528 -0.205012930573325 -0.154316145089863
-0.0887591478168459 0.0603288626583213 -0.120738947259509 -0.0100031210595493
0.0310330721473765 0.0875824994779953 0.0044486089332161 0.0171763838619037
0.0854274036620908 0.0186815391668996 -0.0190558482841316 -0.10772258649314
0.063598158675079 -0.0376099207047211 -0.194375603021704 -0.109352187953771
0.00803712132756922 -0.0621387712301121 -0.322740308020075 -0.0599486210447827
-0.00059762706445555 -0.0713860767796623 -0.38463853347063 -0.0542978591550633
0.0216120225669735 -0.052364702485311 -0.400701552387866 -0.0969133066719198
0.0607269634974958 -0.0270790444940058 -0.312934279844496 -0.21630741085675
0.0558864432357024 0.0117019295651038 -0.0869072688480947 -0.289243761508605
-0.00210667631192471 0.0573558015745008 0.0966807557886751 -0.107338567703485
-0.0697067162512021 0.0118727188070015 -0.0770132832066789 -0.00388807997631537
-0.0162234177940555 -0.0702639459204607 -0.183441852244866 -0.249788754268536
0.0376987416399168 -0.0465767394729617 0.0142936773377476 -0.691691384579373
-0.00400173842956255 -0.243975744565691 -0.134251312388069 -0.359228143950548
-0.146192315975601 -0.155625970985686 -0.193817671934244 -0.159241005391226
-0.191543105655293 0.0375551760614476 -0.127105687422753 -3.60481101322191E-05
-0.030310117456353 0.158270530387166 0.00929469305293212 0.039714297221269
0.107526728127401 0.13078390331665 0.00930326927871798 -0.093060590268473
0.160081846029231 0.0435561164922294 -0.160575656468576 -0.121263356249171
0.13582013261659 -0.0314132644668965 -0.289639211493742 -0.0826911397983083
0.143399025430192 -0.0501891360208605 -0.347304225010033 -0.0796042326190932
0.169931188019055 -0.0130415863511983 -0.355974932133537 -0.121450911706144
0.208494098334451 0.0822542189916536 -0.266180828797728 -0.220116169673785
0.106730093747488 0.195394846547437 -0.0501816142202594 -0.257444220291323
-0.102710644326931 0.2208804835267 0.0997338667213196 -0.075971284740477
-0.294742268617239 0.0276427104798194 -0.103670136446614 0.0128582252487514
-0.195511600858581 -0.250887144015284 -0.19316378067841 -0.236537769396489
-0.0145559829750789 -0.326892983710971 0.0163644495238509 -0.630360774676053
-0.0254162350755022 -0.402196502061102 -0.124517175105796 -0.25394166946622
-0.226606364205794 -0.252006011285181 -0.167730676162417 -0.147392441264533
-0.293969137396426 0.0170825010441328 -0.126621254506063 0.000480555758778547
-0.0952800389709335 0.228881113810781 -0.00139755236041027 0.0499251952426939
0.122149334707378 0.240566092117514 0.0242045061655699 -0.0602230989521712
0.244686807706801 0.123167724728412 -0.107896780073051 -0.108532948258359
0.24897262558887 0.00517184217838602 -0.214380906059611 -0.0894252925173837
0.264408316882175 -0.022234331146173 -0.256255456340487 -0.0920048202108243
0.289883402490832 0.0275734138082741 -0.257757610762791 -0.127205870198458
0.329579654442597 0.17978321110253 -0.181011140269128 -0.194781123860529
0.148051485583319 0.35676115069839 -0.00588756658938875 -0.196618077628479
-0.190450946774728 0.363404443303348 0.0993469747332279 -0.0398292765961365
-0.490432497651747 0.0435229084411029 -0.10466382269386 0.0358979030297841
-0.35536202662124 -0.398808322385375 -0.174186919167274 -0.178917263805032
-0.0631542021185818 -0.557794940323871 0.0216372543482746 -0.483294218287023
-0.0522121376297683 -0.520388227132094 -0.104647168339546 -0.0933006678581416
-0.315302705168543 -0.322157254513094 -0.106612130472826 -0.108550144769966
-0.39957575340996 0.0177105104636633 -0.108013800569952 -0.0129702965649872
-0.151727623499403 0.305828780085942 -0.0293469468709379 0.0513116030473816
0.135239721327785 0.339423002637118 0.0302649930784448 -0.00436991267429181
0.309511467487029 0.191062115768101 -0.0327897304777946 -0.068922200607968
0.329955178835612 0.0379632702157641 -0.101836596848543 -0.0793836947842302
0.344177175156121 0.00963438384191601 -0.126574762662181 -0.0912885566503657
0.362036652975073 0.0652428912880199 -0.1202449386142 -0.117248580443708
0.397760899163687 0.244783439013009 -0.0672001328097783 -0.145807945495765
0.171444242981302 0.456863917732584 0.046547985031467 -0.111136479503321
-0.245511192435857 0.450876690868652 0.0976264134928323 0.00317394414880304
-0.607242167734134 0.0558404594288929 -0.0771797802033693 0.060997367438975
-0.454402896753079 -0.478100316904674 -0.122004722953583 -0.0853750341989153
-0.0972404582733995 -0.69072777961079 0.0378689494770181 -0.270863528680533
-0.0794107515496537 -0.574716719442807 -0.0703344810960313 0.113817496161635
-0.385754694219603 -0.351872817704041 -0.00330035017881175 -0.0394376961487957
-0.467791197440743 0.0342053504095827 -0.0709466149828896 -0.03414211354355
-0.184405471945267 0.363456636539418 -0.0655012282901751 0.0544973674089049
0.137104722953352 0.399766630329012 0.0367301973396849 0.0780155601116557
0.335680228885084 0.232249865738828 0.0650225904038358 -0.00416769260164864
0.367363368010683 0.0658149051901172 0.0367968172038873 -0.0543095962116454
0.369276216001943 0.040116110207031 0.0226776014537748 -0.0776148879533364
0.371928644638836 0.0944554175399743 0.0291967055723271 -0.0942592435617592
0.394545291780799 0.268040118953153 0.0532895253920761 -0.0865568198841145
0.162104947141919 0.468758799826142 0.0984456641522025 -0.0198628691388864
-0.251572465269343 0.440978971176872 0.0924118596732411 0.0474800189355043
-0.594018395254668 0.0472358804511497 -0.0301458612549497 0.0789736186801946
-0.454852015630743 -0.468694690775428 -0.0455471186581277 0.0190457615753353
-0.104026895061351 -0.695711326460316 0.0591562040220905 -0.0390012196933964
-0.0969288272131409 -0.539586284544865 -0.0272062802489964 0.336475382202365
-0.391825697624889 -0.32161108002915 0.123096866940173 0.0528743657913914
-0.452476873751946 0.0474541320683866 -0.0200745321474282 -0.0507171549694515
-0.184073063873019 0.35414437196156 -0.0980829513392075 0.0639683988240565
0.114805260141808 0.387685404887323 0.0462230319695318 0.173267513543803
0.305809869504151 0.23315672433636 0.172042524778731 0.0740658883962612
0.347096572517262 0.0812412331452967 0.181006684344279 -0.0186973694287738
0.339069175584997 0.0651622029180831 0.167884795871238 -0.0529394255183325
0.32395162348795 0.109220917967514 0.163837325172392 -0.060792127988505
0.319680516502998 0.248704564486471 0.150846945168656 -0.0273934174170733
0.110755371459007 0.390659003791625 0.131440218467505 0.0540287570872438
-0.220418336866929 0.326091984040903 0.0794133084966609 0.0759736059116574
-0.451678900049747 0.00334537981784328 0.019453686772848 0.0808161258296297
-0.345577180174223 -0.37894275171349 0.0262713165758199 0.101481514248157
-0.0834912429059755 -0.577615497313253 0.0796963093238581 0.162672200193478
-0.0937776936299093 -0.41300148628638 0.00882612345283599 0.535112236844568
-0.310265812341226 -0.231583407867459 0.233633653470461 0.153086924108085
-0.33263205798034 0.0401001990798349 0.0335276563143549 -0.0528960324587817
-0.145454583582279 0.25698381793717 -0.118613125433986 0.0710890309694672
0.0631440551156242 0.295598826187117 0.0507541024221528 0.254433423295302
0.216547604956557 0.192738085426352 0.261470605822629 0.150772738912009
0.267902977433436 0.084290868827551 0.306980669782299 0.0214654856608996
0.257955209293746 0.0820825509476424 0.287528254801875 -0.0215311732782288
0.229659330198826 0.110244047058944 0.262940883248687 -0.0208580857996423
0.193437497933852 0.198027474413722 0.205702960291743 0.023694263342656
0.0323855474332192 0.260743197355524 0.129850903856785 0.0960715984820253
-0.167159143016691 0.160338815880258 0.0543144984704299 0.0763916138654069
-0.246034662711516 -0.0510127667056412 0.0564467668539445 0.0625706125687616
-0.178926295362278 -0.238897069051304 0.0730895256846616 0.143692267521591
-0.0468013236948174 -0.373906221391854 0.0933699130634276 0.298152944299507
-0.0720651843398039 -0.210662856540901 0.0271407935689721 0.667206788688344
-0.169540690436238 -0.0982432234515461 0.302492604944603 0.240118894319783
-0.145623256906529 0.0238250693154787 0.0812671069852045 -0.0429845438878603
-0.0763422048453596 0.108914151872081 -0.124070699266109 0.0639336625098228
0.00207700320102671 0.147264900112959 0.0418714028412151 0.300043409113366
0.088444926503451 0.116297546583918 0.313462336046538 0.210624227578734
0.141636827949957 0.0740253054390562 0.38974669258759 0.0619211293249497
0.137481105297069 0.0861752417533131 0.363239613183042 0.0131676912752963
0.108517351773929 0.0957920800220775 0.317471913894208 0.0216357948865409
0.0544245843121977 0.127992991423691 0.217051885857734 0.0670625478508694
-0.0425496082460427 0.119855813736495 0.0994627928348515 0.10907285628496
-0.10601387049577 0.00866964169943543 0.0233929155122161 0.0539047014609035
-0.049428354664165 -0.0845236739023659 0.0784392038869002 0.0325346540594908
-0.0209944707747693 -0.0843070021374272 0.0976358188115345 0.150113542324283
-0.0141191246721271 -0.138217088078445 0.100494305402605 0.357792611617393
0.0109586938142479 -0.0602850810439039 -0.133434157558909 -0.399254864019924
-0.0667542347479189 -0.0482545261514406 -0.199790099426901 -0.151147098011417
-0.0861858462445526 0.0586051636938698 -0.119022512291298 -0.00910851319909257
0.0284893420725032 0.0844247065559228 0.00581417247878167 0.017794438017078
0.0820928556508734 0.0191999781491932 -0.0154985258497367 -0.107533614054643
0.0619871121410573 -0.0364448709950687 -0.185569258361826 -0.108777769852005
0.00833382762440667 -0.0588868128172389 -0.314065268936343 -0.0631305939496705
-0.000610493156334662 -0.0682363900110076 -0.379301905193614 -0.0572341758016995
0.0215301483376098 -0.0525617479864403 -0.391822474704738 -0.10001390585483
0.0601822423813385 -0.0266218791563358 -0.304237418574578 -0.214241538046492
0.0535108121293226 0.0116089021390162 -0.0835044497606994 -0.283889825324091
-0.00251314377733717 0.055750693478347 0.0953535455502643 -0.10647235409679
-0.0667332264585647 0.00969543781152073 -0.0729029496513433 -0.00783215952430236
-0.0146110177358139 -0.0673723255378667 -0.172288762152267 -0.251601374351011
0.0370551034914237 -0.0436535346402742 0.0283271088266147 -0.671428532855673
-0.000787801242148035 -0.236825801871437 -0.125713777701808 -0.353196245151949
-0.14043404075389 -0.1535282980232 -0.189103496669363 -0.1574262312675
-0.186329091857112 0.0344161423576845 -0.125743267948936 -0.000203055174619866
-0.0318010689811284 0.152867795029342 0.0106819121488916 0.0395768106507183
0.102958266161075 0.127725699759574 0.0126411206106656 -0.0918535590672376
0.15558586428061 0.0431060550952738 -0.154175706455705 -0.119903156675447
0.132101525443989 -0.0268742141104078 -0.28217972141822 -0.085726679541813
0.140383390476981 -0.0455484237125235 -0.342575950782758 -0.08167844973461
0.166227057193151 -0.0108776979161415 -0.34814266235967 -0.124211225212791
0.203534973868583 0.0815604070531004 -0.258664096873931 -0.218465934349331
0.102051891430582 0.192455288562881 -0.0469195027987639 -0.253491648345934
-0.103454510644062 0.213618307127112 0.0975933605956077 -0.0757570542816003
-0.289877779353569 0.020921518456607 -0.100112028603957 0.0094855109512542
-0.187365560830821 -0.249072753074792 -0.181030504921403 -0.237660507904883
-0.00888219945227048 -0.318137732324111 0.028871341113479 -0.610535754517567
-0.016842402794786 -0.392964721802664 -0.118351374903781 -0.251190171416616
-0.216603630675039 -0.248032090423526 -0.165275527500481 -0.145887915645453
-0.287052401505433 0.0123504444962212 -0.124954730655499 -0.000397745417578216
-0.0963170337426938 0.219511692551974 8.86376406379178E-05 0.0494073110257971
0.116082652634858 0.234752666165516 0.0277353973793173 -0.0602026924937666
0.236557118321139 0.121836645462545 -0.104037471330197 -0.10787291318686
0.242106123802954 0.00931198272832637 -0.207968289059199 -0.0906557315460516
0.259278592308917 -0.0159671122570681 -0.253842921303657 -0.0921325951177702
0.283834537094128 0.0313863900574544 -0.251750199669216 -0.128348523213946
0.319506282884892 0.177562755701018 -0.175787615718261 -0.192137906429986
0.140289147301576 0.349031243442596 -0.00399081036943453 -0.194363457730426
-0.193625152415382 0.350425211932235 0.096857888880047 -0.0397865154146764
-0.481387014254872 0.0322504441630804 -0.102576325114743 0.0330071098389608
-0.340900092030049 -0.397583769849739 -0.163893491151405 -0.178569004758693
-0.0536272734253762 -0.545083890217133 0.0332228994009582 -0.464012818132207
-0.0400593885627498 -0.510515823451543 -0.103077123605187 -0.0943375366377378
-0.301936808471055 -0.320317460252267 -0.106529296597848 -0.107226757196864
-0.390844623885192 0.0101389587163564 -0.106634329956476 -0.0133341731470445
-0.153662767825933 0.295645128197321 -0.0256999775107045 0.0500552920909796
0.128438093971518 0.331661725218889 0.0329482837429497 -0.00471338371662862
0.299760057378341 0.188655301681288 -0.031940070007661 -0.0680431149476561
0.321502091939975 0.0424754112868479 -0.0981931501135004 -0.078662847572129
0.337254102554843 0.0164885551455472 -0.125901912674534 -0.0904107156697482
0.353011827073077 0.0699381408875449 -0.118225676502803 -0.11678772054579
0.386751469820322 0.242216007888748 -0.0659778831721338 -0.143884864711067
0.162273419510215 0.44981507954468 0.0470602538454297 -0.11143827761107
-0.248190150028039 0.435198656883147 0.0937777392491278 0.00306906972292816
-0.598202608116467 0.0420454662139973 -0.0781101715174764 0.0587716290213701
-0.436662395291137 -0.479043708825742 -0.114269402330363 -0.0845899233213722
-0.083088680854298 -0.676166363261356 0.043658752927065 -0.256286113287299
-0.0642198599780595 -0.564011960426172 -0.0737616589132834 0.107714805190319
-0.368291538414503 -0.35003877164224 -0.00781378772844379 -0.0377698374271943
-0.460379547282256 0.0249111838300365 -0.0683287711346393 -0.0326336072181972
-0.186468218815104 0.35172075415522 -0.06173989791667 0.0524781430818001
0.129007237449543 0.391129258608402 0.0392291767540241 0.0770963193714587
0.324891867919963 0.230072519677149 0.0629049114687891 -0.0046243311064588
0.357463834583678 0.0693096078664822 0.0373174096424003 -0.0525420088937932
0.362513532573091 0.0463903528466713 0.0210829527365018 -0.0750890138318669
0.363581874831248 0.0991496966052278 0.0280004510075308 -0.0916253644240564
0.383893374651238 0.265681736300181 0.0507436766914678 -0.0844551297228443
0.153377932638042 0.460180676336976 0.0963110474455149 -0.020667788303816
-0.253017586369187 0.424672564415057 0.0869052897520815 0.0467594365263383
-0.585601367438392 0.0335295065033484 -0.0334885379738014 0.0779914398481038
-0.43726994199049 -0.467842208383598 -0.041731386446704 0.019978072027026
-0.0898683612269162 -0.681274291385406 0.0600642517296229 -0.0306091658116265
-0.0811072237196976 -0.532011752007748 -0.0353525881727591 0.326406361081403
-0.374676223569943 -0.322073965282277 0.114218241438335 0.0542058715538379
-0.445046494080565 0.0368183578688012 -0.0183797433251839 -0.0494058867097278
-0.186070479787346 0.341755088303276 -0.0946391687167806 0.0620451127577643
0.108293374450785 0.3796929479023 0.0469696983362863 0.170339861022286
0.295530329935076 0.230630228168109 0.166061751840092 0.0724110012517645
0.337781803331287 0.0835211067371608 0.178219597630598 -0.0160179319895008
0.332848505322233 0.0704672636216472 0.164345698847584 -0.049563101082663
0.316637065558228 0.113661343602142 0.160167706152173 -0.0571267974515178
0.309450771668725 0.244447208120429 0.145415372160294 -0.0249741908895551
0.103820630727368 0.38351516831281 0.127545580483717 0.052149846067161
-0.219586092728614 0.314115232239702 0.0732837111125072 0.0746578216016004
-0.445804665320816 -0.00575767865086046 0.0140564555515823 0.079725772605805
-0.331538204353667 -0.378418134490302 0.0269574620457461 0.102538478854196
-0.0718913194859478 -0.566893585831665 0.0757960774134292 0.165360185224409
-0.0791219400839909 -0.406165610800507 -0.00482939603799778 0.519895009251474
-0.296774170464477 -0.232684171094167 0.22060195641741 0.152819749608187
-0.327797394653979 0.0305902163787955 0.0343898383676559 -0.0506043151535431
-0.146831146157378 0.24834048519238 -0.115462168660353 0.0687594052902396
0.0596698199820015 0.28947001309498 0.0492679907482666 0.250925484409939
0.209475695486997 0.189266177224864 0.253147019999751 0.149426615614017
0.260960664707233 0.0853369923318408 0.300530951135197 0.0258023602082907
0.253816016426098 0.084166527985617 0.282575618461298 -0.0169082087726238
0.223398096473691 0.112291436406223 0.256848631238787 -0.0161827102966289
0.18681508578956 0.194006833803199 0.198926526259834 0.026254170033803
0.0297665495397156 0.254824129926664 0.124831098816249 0.0941887559692743
-0.164812268181385 0.154217450522653 0.049436840164049 0.0750219517565484
-0.241963541984625 -0.0542179754065622 0.0507791826613072 0.0620063108695735
-0.170596662125804 -0.237651567207391 0.0717400762571046 0.144234704335557
-0.0402526662639578 -0.367020164081751 0.0868160347137429 0.294131834154888
-0.0634445113139307 -0.2091085094537 0.0105165496670789 0.650263214608126
-0.162403889558383 -0.100210370404614 0.2874786183036 0.239767257451893
-0.144589796934014 0.0174546210048178 0.0812793248439179 -0.0397689398525046
-0.0761790561644599 0.10516536422916 -0.121770630626972 0.0624696009781996
0.00169442596995994 0.143965055073891 0.039403034137282 0.295343683798657
0.0853159441803964 0.114159114465791 0.303871237357173 0.207889919389472
0.137380303850798 0.0730371831447339 0.381479867091527 0.0654290170277241
0.13583021624702 0.085132321824033 0.357261139079742 0.0169159574865149
0.105386424281545 0.0960940321410889 0.309608987013691 0.026189495175827
0.051412755067585 0.125364916683311 0.2097396158695 0.0685786374909385
-0.041994508601445 0.116846899169293 0.094916477565022 0.106948906399153
-0.10343341306368 0.00740020522884922 0.020391277633909 0.0525971416795523
-0.0492002278538031 -0.0827729743119176 0.0736299728580865 0.0322299988938763
-0.0190207279238107 -0.084456110469642 0.0940955305568442 0.149396032696531
-0.0115527239493416 -0.136135999693362 0.0929534135996112 0.349787709592276
0.0108977099348589 -0.0588206087086726 -0.122297839627638 -0.40760399690591
-0.0669832244205683 -0.0492332120638603 -0.199461319558097 -0.157190025337792
-0.0872745755404604 0.0588098204904916 -0.122392344052096 -0.00881770242334314
0.0270799745889845 0.0857947453263638 0.00707116813535369 0.0193788712810786
0.0818773957512318 0.0215673982332172 -0.0115092667880489 -0.111773614598619
0.0634771933624678 -0.035370470796269 -0.182569988736318 -0.115105514706026
0.0094088725285255 -0.0573465115269693 -0.31687200579062 -0.0717886314779908
0.000241905367418173 -0.0678076549159035 -0.384956982513 -0.0650673498885378
0.0219443989187455 -0.0534563997776175 -0.395149145875488 -0.111812435678751
0.0617522915620431 -0.0271348695810882 -0.303317017942742 -0.223461003795006
0.0536468262682562 0.012923144738332 -0.0790881196134947 -0.28984571332494
-0.00390998162761519 0.0559053599097991 0.098580380226961 -0.108581357984893
-0.0670378379858037 0.00762582843213522 -0.0710584616864359 -0.0122813139422311
-0.0134028553066601 -0.0667749681210789 -0.165827986679511 -0.263467551969562
0.037975749367645 -0.0419624782831566 0.0500804552064645 -0.674745581397883
0.00526501569530124 -0.238153908990606 -0.117951689279189 -0.361215417202679
-0.137984919946595 -0.157448559688432 -0.18997893999911 -0.162731335900248
-0.18794071479912 0.0302622832991515 -0.128711181830168 -0.00114888025994314
-0.036045819494172 0.152185075759985 0.0118848936458341 0.040634729813486
0.100660670644567 0.131027254827748 0.0169367486114169 -0.0945452187016127
0.155696859796177 0.0460096834222698 -0.151328012500968 -0.125062102043654
0.134136820116761 -0.0221250146506421 -0.283322502663347 -0.0927192221538271
0.142871425206228 -0.0406111300357568 -0.348909645769975 -0.0887334248719125
0.168560011254184 -0.00758704321610751 -0.352195112489519 -0.134750729718029
0.204483829699099 0.0853675256622204 -0.257781088528858 -0.227037407783281
0.0980643355414728 0.197340978554138 -0.0432080083930171 -0.259137160018265
-0.110843653987222 0.213534471578572 0.100326089724531 -0.0767551508032261
-0.29451981240476 0.0123832744577782 -0.0996437894864846 0.00617385710793202
-0.183375200611964 -0.257235683143638 -0.173185520519187 -0.248599781364896
-0.000780864528811076 -0.321135384958351 0.0492956400783616 -0.611150485449087
-0.00693997402008098 -0.39612247884058 -0.113873543075984 -0.259047447220186
-0.211162556231105 -0.254959847267987 -0.16763118434942 -0.150753405958815
-0.289620612305588 0.0049185293603532 -0.128228039508209 -0.00158009094649529
-0.102739091726013 0.218128179266068 0.000910034571807176 0.0498580040418917
0.112411209571819 0.238255105325445 0.0323552093458051 -0.0612527859150767
0.235720062317055 0.126746380060485 -0.101885819963896 -0.111769174010026
0.244459286852793 0.016686097967319 -0.208223776711742 -0.097122383878776
0.263791622068075 -0.00687637005936208 -0.257728159762909 -0.0984287492371634
0.287115634473391 0.0389621080533239 -0.254587606394703 -0.1370677521639
0.321125816884842 0.186343663205432 -0.175239356299892 -0.198851452886862
0.135337235775045 0.357158739954126 -0.000503197354622299 -0.199594258999184
-0.20530894093793 0.350682142976566 0.0979937491204252 -0.0403356974000575
-0.491918566816023 0.0183806682016199 -0.104141235117839 0.0310371319672607
-0.333728667902834 -0.414359237699065 -0.156583353368018 -0.187276599545255
-0.0387597344114013 -0.552452010064142 0.0498208697886979 -0.462762409699832
-0.0246256167808608 -0.517999486396974 -0.103742277897209 -0.100107181266905
-0.29491510344772 -0.330720979392326 -0.110361663453215 -0.110840606006714
-0.396181345180846 -0.000380102580637511 -0.108471942113152 -0.0147527656815789
-0.163106564108182 0.292619806597589 -0.0259587909998668 0.049389954122559
0.123866060020852 0.336812810353131 0.0375107704175115 -0.00505858801278621
0.296791153399187 0.195837028121551 -0.0307016541531651 -0.0704509654490926
0.323949366830354 0.0523921280336036 -0.0968028990418167 -0.0831458070340353
0.343067826660464 0.0275365216811329 -0.127986727846718 -0.0935416473541634
0.356814453984038 0.0804032490943279 -0.11903833687646 -0.121704638499714
0.387249689155055 0.25350399312422 -0.0654696715313859 -0.147234269958222
0.154292599232044 0.459050036847162 0.0492069862865867 -0.113861231939278
-0.264004598354635 0.433763759849629 0.0928802371393059 0.00312050096705552
-0.609810011704591 0.0248880966634074 -0.081007289257478 0.0589508598622615
-0.430025626046207 -0.498493855899413 -0.108309759068354 -0.0879645923042174
-0.0656131418406835 -0.68495737420447 0.0550789244267635 -0.252061596932127
-0.0480515307801606 -0.57357877346469 -0.08024007975217 0.104405131915701
-0.362351011707556 -0.365658028933704 -0.0120739086494336 -0.0379344645157784
-0.46793765192887 0.0109230638578381 -0.0693932167490775 -0.034623060556815
-0.198458102364527 0.349698804501041 -0.0612282588926423 0.0512568121498068
0.12316513175618 0.397078348227119 0.0419733470831224 0.0781601593707913
0.323361826001192 0.238193496642919 0.0627907564983647 -0.00435006733314789
0.360087116328208 0.0793200745359452 0.0392212898508766 -0.0524415768830597
0.368440738322799 0.0587335694061085 0.0213462953791814 -0.0749364036554639
0.366768001227873 0.110291774003272 0.0294373076211036 -0.0923801398962176
0.383377132539539 0.275121193044732 0.0506090861815456 -0.0841084910545212
0.146143300493033 0.468809167473009 0.097474161955442 -0.0211315228200259
-0.268088943459608 0.42254552330926 0.0850407088210338 0.0485493940033494
-0.5964248392172 0.0178707211715418 -0.0374548762687048 0.0795884700668181
-0.429884847121568 -0.489904072213233 -0.0381808113141871 0.0212786142431393
-0.0718936391312295 -0.691216568057409 0.0637236747165757 -0.0238568808312365
-0.0638656490296927 -0.541988710156437 -0.0490427292829149 0.326170231011214
-0.368269669203999 -0.335897978284665 0.109168520732638 0.0581412610832613
-0.454729300113314 0.0215367190078707 -0.0167129858937903 -0.0498405687432799
-0.196923440115692 0.34005133094221 -0.0953800540642558 0.059876546218127
0.101228404025766 0.386498104275136 0.048102561356515 0.174606070225554
0.294157837942625 0.239773535431595 0.165570269979403 0.0762937588720113
0.340443400078515 0.092886900989256 0.181841102031219 -0.0120085363726307
0.338973769566856 0.0808637536285154 0.166696063845991 -0.0455848998145511
0.318388320607405 0.124001756703751 0.162306041021501 -0.0534525687658179
0.308571807258822 0.252566293094313 0.144880906765081 -0.0215591190110504
0.0987502412150445 0.388775126394682 0.126354100992366 0.0536016164549751
-0.231605166781626 0.311449246080033 0.0713716703992655 0.0762687403769411
-0.453503738595952 -0.0170151535493734 0.0101821182482689 0.0827616657846078
-0.325239364889107 -0.394023886464338 0.0287397285122102 0.106568647753776
-0.0575118070464696 -0.574731988833135 0.0740808424950654 0.17251870198914
-0.0657148109825196 -0.416609911291517 -0.022517014806983 0.523036961367048
-0.292750761577641 -0.245832522409098 0.215006081786382 0.162223151769155
-0.335887420176825 0.0176913120870461 0.0366311079396768 -0.0484861595077386
-0.156141177474614 0.246113360852092 -0.11747932167071 0.0673972367995395
0.0545024398627562 0.294733147835494 0.0483732747057289 0.256611327328858
0.207521226539838 0.196742121585337 0.251978067059109 0.15502686336184
0.26159224695052 0.091946182329925 0.305212198070717 0.0324739847515795
0.25777946421875 0.0919540388461958 0.287720622512021 -0.0106601202793867
0.224538341475691 0.121315564791005 0.260161993787211 -0.00979284293131944
0.185155514668836 0.19968743479899 0.197939201780673 0.0313046758003984
0.0260347127680302 0.257450536612378 0.123222200689633 0.0963476446309382
-0.170743976066243 0.151248648697034 0.0464805010497207 0.0763452886760373
-0.245109445151678 -0.0599176187750529 0.0473296440205709 0.0644008605834048
-0.166826931125709 -0.247349350607945 0.072109181072244 0.149975991311745
-0.0312631646949707 -0.372387166748355 0.0807474725045757 0.301359071516897
-0.0555261404840574 -0.215586350456831 -0.0108727098473166 0.657318211609394
-0.159779571546449 -0.10755750549248 0.28054024477583 0.251452491082763
-0.14936284710942 0.0106882936688209 0.083564230221851 -0.0365831169046497
-0.0808016659521383 0.103403695986739 -0.124034781540366 0.062253465099065
-0.00099685652560552 0.145694919606524 0.0356651550716633 0.302508134160849
0.0834962328197829 0.117538299517944 0.301896758529261 0.216324873259092
0.137732883271814 0.0764070789379229 0.385470961599481 0.0747494281751531
0.13720997142773 0.0895479667143676 0.364053195675643 0.0248265374193998
0.105034057377303 0.101105330581579 0.31251321119296 0.0347661430084215
0.0488201082874477 0.127924324539527 0.208293090014741 0.0744495338858335
-0.0432113031934933 0.116803071086973 0.0924975341159885 0.109650892349072
-0.104682146488199 0.00525707847602379 0.01799639886 0.053333883775722
-0.0493371014424113 -0.0842176947581313 0.0719090563497904 0.0339996312712108
-0.0174966233363427 -0.0875241294887777 0.0944689518822058 0.155233837794098
-0.00740110057782605 -0.139199391193528 0.0843150330550974 0.355890632281193
