TRXV5
3
4
4
9
string Extension=J
integer IsArchMeasurement=1
integer IsSpherical=1
string Generator=SPM
string GeneratorVersion=1.3.1 Dev
double ArchRadius=0.449999988079071
integer FrequencyAxisIndex=0
integer AzimuthAxisIndex=1
integer ElevationAxisIndex=2
Frequency
5 136 690000000 960000000 LIN
Azimuth
7 8 0 2.74889357189107 LIN
Elevation
7 15 -2.74889357189107 2.74889357189107 LIN
Polar H Real Part
13
Polar H Imaginary Part
14
Polar V Real Part
13
Polar V Imaginary Part
14
Polar H Magnitude (dB)
12 0xC0000002 0 1
Polar H Phase
7 0xC0000003 0 1
Polar V Magnitude (dB)
12 0xC0000002 2 3
Polar V Phase
7 0xC0000003 2 3
-0.0136451721191406 0.0324611663818359 0.0527534484863281 -0.00751876831054687
0.0208473205566406 0.0268344879150391 0.0242843627929688 0.00994491577148438
0.0235671997070313 -0.00205612182617188 0.0261611938476563 0.0232486724853516
0.0134563446044922 -0.0138177871704102 0.0499229431152344 0.015350341796875
0.00350379943847656 -0.0169773101806641 0.0559425354003906 -0.0101242065429688
-0.0073089599609375 -0.019683837890625 0.0469894409179688 -0.0342979431152344
-0.0087442398071289 -0.0166282653808594 0.0347251892089844 -0.0381126403808594
-0.00562000274658203 -0.0155620574951172 0.0239925384521484 -0.0278339385986328
-0.00042152404785156 -0.0219554901123047 0.0141811370849609 -0.0133810043334961
0.0133876800537109 -0.016057014465332 0.00259685516357422 -0.00686550140380859
0.0220928192138672 -0.00090789794921875 -0.0144023895263672 -0.0183029174804688
0.0178146362304688 0.0128536224365234 -0.0081024169921875 -0.0395736694335938
0.000415802001953125 0.0244331359863281 0.028778076171875 -0.0619659423828125
-0.0150260925292969 0.0271415710449219 0.0499153137207031 -0.0558319091796875
-0.0306568145751953 0.0209617614746094 0.0333633422851563 -0.0382003784179688
-0.0315895080566406 0.0414314270019531 0.0463790893554688 0.00615692138671875
0.00716018676757812 0.0432052612304688 0.0202121734619141 0.0231361389160156
0.0223636627197266 0.0155811309814453 0.0261325836181641 0.0336017608642578
0.0223464965820313 0.00070953369140625 0.0517311096191406 0.0244941711425781
0.0175685882568359 -0.0105953216552734 0.0589256286621094 -0.00130081176757813
0.0103569030761719 -0.022796630859375 0.052520751953125 -0.027679443359375
0.00531768798828125 -0.0234432220458984 0.0379104614257813 -0.0314750671386719
0.00728416442871094 -0.0204601287841797 0.0242862701416016 -0.0206146240234375
0.01373291015625 -0.0259761810302734 0.0120439529418945 -0.00541114807128906
0.0273017883300781 -0.0154705047607422 -0.00254273414611816 0.00133156776428223
0.0326328277587891 0.00617790222167969 -0.0221748352050781 -0.0114517211914062
0.0245857238769531 0.024169921875 -0.0192604064941406 -0.0347461700439453
-0.00280380249023437 0.0384864807128906 0.0143394470214844 -0.061279296875
-0.0262222290039063 0.0386276245117187 0.0333480834960938 -0.0524826049804688
-0.0448188781738281 0.0307502746582031 0.0178089141845703 -0.0321578979492188
-0.0466461181640625 0.0426788330078125 0.0324325561523438 0.0218276977539063
-0.0114212036132813 0.0539436340332031 0.0088348388671875 0.0393943786621094
0.0150718688964844 0.0340805053710938 0.0227775573730469 0.046783447265625
0.0273609161376953 0.0184268951416016 0.0505027770996094 0.0364799499511719
0.0297374725341797 1.1444091796875E-05 0.0577659606933594 0.00952911376953125
0.0276966094970703 -0.0201187133789063 0.0535202026367187 -0.0175590515136719
0.0203380584716797 -0.0265216827392578 0.0357170104980469 -0.0214080810546875
0.0184535980224609 -0.0224647521972656 0.0204601287841797 -0.0107097625732422
0.0251312255859375 -0.0267868041992188 0.00641822814941407 0.00475025177001953
0.0364036560058594 -0.0155715942382813 -0.00970840454101562 0.00963497161865234
0.0387458801269531 0.00775146484375 -0.0307102203369141 -0.00227546691894532
0.0304718017578125 0.0286197662353516 -0.0309467315673828 -0.0272598266601562
0.00153350830078125 0.045440673828125 -0.00275039672851562 -0.0565414428710937
-0.0279045104980469 0.0477066040039063 0.0136680603027344 -0.0432853698730469
-0.0504226684570313 0.0378875732421875 -0.00164413452148438 -0.0226001739501953
-0.0565948486328125 0.0378570556640625 0.0105361938476562 0.0359535217285156
-0.0282363891601562 0.0560722351074219 -0.00971603393554687 0.0549430847167969
0.00297927856445313 0.047821044921875 0.013336181640625 0.0609626770019531
0.0262527465820312 0.0358085632324219 0.0434150695800781 0.0466423034667969
0.0367889404296875 0.0132789611816406 0.0506591796875 0.0187950134277344
0.0408248901367188 -0.012725830078125 0.0475196838378906 -0.0066680908203125
0.0314788818359375 -0.0252819061279297 0.0287055969238281 -0.009002685546875
0.0270500183105469 -0.0206947326660156 0.0131454467773438 0.00145816802978515
0.0316600799560547 -0.0245170593261719 -0.000732421874999997 0.0156764984130859
0.0398139953613281 -0.0148506164550781 -0.0167751312255859 0.0205402374267578
0.0401077270507813 0.00747299194335938 -0.0373725891113281 0.00872039794921875
0.0331783294677734 0.0274581909179688 -0.0391921997070313 -0.0167121887207031
0.00620269775390625 0.0455398559570313 -0.0160636901855469 -0.0463447570800781
-0.0246009826660156 0.0491828918457031 -0.00198936462402344 -0.0287208557128906
-0.0504684448242188 0.0396957397460938 -0.0207004547119141 -0.00879859924316406
-0.05560302734375 0.0264129638671875 -0.0136642456054688 0.0447463989257813
-0.0386085510253906 0.0472908020019531 -0.0315780639648437 0.0643806457519531
-0.00942611694335938 0.0493431091308594 0.000537872314453124 0.0698623657226563
0.0182685852050781 0.0447959899902344 0.0317649841308594 0.0535697937011719
0.0357017517089844 0.0235214233398437 0.0385971069335938 0.0240058898925781
0.0456619262695313 -0.00364303588867188 0.0352401733398438 0.00284576416015625
0.0377235412597656 -0.0189552307128906 0.0166692733764649 0.00247955322265625
0.0303897857666016 -0.0161781311035156 0.00303363800048828 0.0122461318969727
0.0345935821533203 -0.019317626953125 -0.00821495056152344 0.0263080596923828
0.0392074584960938 -0.0107955932617188 -0.0230350494384766 0.0292873382568359
0.0373954772949219 0.0084228515625 -0.0412673950195313 0.0178146362304687
0.0289459228515625 0.0256729125976562 -0.0425529479980469 -0.00723648071289062
0.00513076782226562 0.0406913757324219 -0.0225543975830078 -0.0332984924316406
-0.0219039916992188 0.0421409606933594 -0.0121450424194336 -0.0108070373535156
-0.047027587890625 0.032867431640625 -0.0374221801757813 0.00476455688476562
-0.0415382385253906 0.0137100219726562 -0.033233642578125 0.049224853515625
-0.03558349609375 0.0295524597167969 -0.0492744445800781 0.0673141479492188
-0.0164756774902344 0.0381698608398438 -0.0121994018554688 0.070892333984375
0.00637054443359375 0.0399665832519531 0.0182762145996094 0.0528717041015625
0.02581787109375 0.0263557434082031 0.0250053405761719 0.0246868133544922
0.0397834777832031 0.00585556030273438 0.0200271606445313 0.00888633728027344
0.0355491638183594 -0.00979995727539063 0.00341415405273438 0.0112056732177734
0.0289745330810547 -0.00866317749023438 -0.00762748718261719 0.0219268798828125
0.0320053100585938 -0.0118885040283203 -0.0163326263427734 0.0337257385253906
0.0351314544677734 -0.00374031066894531 -0.0301532745361328 0.0348110198974609
0.0307788848876953 0.0119915008544922 -0.0439910888671875 0.0228919982910156
0.0209426879882813 0.0250968933105469 -0.0426406860351563 -0.00184249877929688
-0.00185966491699219 0.0340862274169922 -0.0238780975341797 -0.0236549377441406
-0.0224895477294922 0.0290584564208984 -0.0172624588012695 0.00196075439453125
-0.0402336120605469 0.017578125 -0.0493240356445313 0.0153160095214844
-0.0199966430664063 -0.00115013122558594 -0.0430259704589844 0.0489501953125
-0.0216655731201172 0.00944328308105469 -0.058685302734375 0.0639228820800781
-0.0149345397949219 0.0183887481689453 -0.0215415954589844 0.0671844482421875
-0.00373649597167969 0.0244503021240234 0.00776290893554688 0.0486679077148438
0.0104427337646484 0.0203914642333984 0.0144119262695313 0.0226955413818359
0.0243682861328125 0.0115280151367188 0.00691795349121094 0.011317253112793
0.0266151428222656 0.0010833740234375 -0.00764083862304688 0.0166244506835938
0.0233249664306641 -0.00150680541992188 -0.0164871215820313 0.0279560089111328
0.0264625549316406 -0.00281143188476562 -0.0237159729003906 0.0383567810058594
0.0284690856933594 0.00403022766113281 -0.035919189453125 0.0370712280273438
0.0227508544921875 0.0154457092285156 -0.0461883544921875 0.0225334167480469
0.0106334686279297 0.0253372192382812 -0.0421295166015625 -0.000736236572265626
-0.0112972259521484 0.0252647399902344 -0.0253257751464844 -0.0178623199462891
-0.0246047973632813 0.0123157501220703 -0.0227088928222656 0.00747108459472656
-0.0315952301025391 -0.00154685974121093 -0.0591087341308594 0.0172920227050781
0.00386428833007812 -0.0137252807617188 -0.0436592102050781 0.0459060668945313
-0.00109767913818359 -0.00926113128662109 -0.0571022033691406 0.0594711303710937
-0.00641202926635742 -0.00404214859008789 -0.0229454040527344 0.0634841918945312
-0.0104398727416992 0.00266361236572266 0.00466537475585937 0.0435295104980469
-0.00549125671386719 0.00883960723876953 0.0104007720947266 0.0177536010742188
0.00482177734375 0.0135669708251953 -0.00117588043212891 0.00895977020263672
0.013554573059082 0.0111064910888672 -0.01611328125 0.0180320739746094
0.0132331848144531 0.00763034820556641 -0.0239620208740234 0.0307540893554688
0.0167274475097656 0.00623893737792969 -0.0314559936523438 0.0399436950683594
0.0169515609741211 0.0114860534667969 -0.0436019897460937 0.0358848571777344
0.0114727020263672 0.0176029205322266 -0.0506782531738281 0.02020263671875
-0.000156402587890627 0.0231513977050781 -0.0441169738769531 -0.00407028198242188
-0.0200386047363281 0.0146579742431641 -0.0263404846191406 -0.0181541442871094
-0.0233402252197266 -0.00551795959472656 -0.0261516571044922 0.00615119934082031
-0.0196018218994141 -0.0206584930419922 -0.0640907287597656 0.0137290954589844
-0.00885391235351563 0.0370597839355469 0.0591773986816406 -0.0102615356445312
0.0273628234863281 0.0259227752685547 0.0297203063964844 0.00809478759765625
0.0262298583984375 -0.00657844543457031 0.0297183990478516 0.0210285186767578
0.0120944976806641 -0.0178070068359375 0.0523872375488281 0.0120391845703125
0.000516891479492185 -0.0197963714599609 0.0585479736328125 -0.0138816833496094
-0.0124893188476563 -0.0213088989257812 0.0474967956542969 -0.0389518737792969
-0.0127725601196289 -0.0168466567993164 0.0355110168457031 -0.0426139831542969
-0.00930500030517578 -0.0161466598510742 0.0251693725585937 -0.0309352874755859
-0.00543594360351562 -0.0242080688476563 0.0174808502197266 -0.0151081085205078
0.0115489959716797 -0.0207405090332031 0.00465917587280274 -0.00579452514648438
0.0244503021240234 -0.00584793090820313 -0.015254020690918 -0.0151157379150391
0.0221900939941406 0.0107192993164063 -0.0126113891601562 -0.0388336181640625
0.00506973266601563 0.0279426574707031 0.0239677429199219 -0.0669326782226562
-0.0124874114990234 0.0340576171875 0.0499038696289063 -0.0639801025390625
-0.0306491851806641 0.0294628143310547 0.035980224609375 -0.0417976379394531
-0.0293312072753906 0.0470848083496094 0.0539474487304688 0.00591659545898438
0.0134620666503906 0.0446395874023438 0.0260944366455078 0.0233421325683594
0.0252857208251953 0.0126628875732422 0.0308189392089844 0.0322818756103516
0.0225658416748047 -0.00317192077636719 0.0560111999511719 0.02191162109375
0.0160293579101563 -0.0139789581298828 0.06304931640625 -0.00455474853515625
0.00643157958984375 -0.02423095703125 0.0548553466796875 -0.0325126647949219
0.00289726257324219 -0.0247516632080078 0.039947509765625 -0.0363235473632813
0.00452232360839844 -0.02203369140625 0.0273094177246094 -0.0242786407470703
0.0103588104248047 -0.0287055969238281 0.0162754058837891 -0.00661563873291016
0.0268440246582031 -0.0203113555908203 0.00106692314147949 0.00328445434570312
0.0361480712890625 0.00214004516601563 -0.0228557586669922 -0.00726509094238281
0.0295982360839844 0.0238056182861328 -0.023223876953125 -0.0328407287597656
0.00164794921875 0.0425796508789063 0.00828552246093751 -0.0649185180664063
-0.0254096984863281 0.0473785400390625 0.0322837829589844 -0.0576362609863281
-0.0462684631347656 0.0399322509765625 0.0191516876220703 -0.0330162048339844
-0.0469322204589844 0.04876708984375 0.0400581359863281 0.0239982604980469
-0.00767517089843751 0.0575752258300781 0.015655517578125 0.041778564453125
0.0180606842041016 0.0336761474609375 0.028472900390625 0.0465583801269531
0.0287456512451172 0.0172595977783203 0.0555152893066406 0.0345497131347656
0.0307102203369141 -0.00196647644042969 0.0627593994140625 0.006500244140625
0.0265998840332031 -0.0226306915283203 0.0572395324707031 -0.0224838256835938
0.0191078186035156 -0.0293655395507813 0.039337158203125 -0.0254592895507813
0.0179920196533203 -0.024505615234375 0.0242023468017578 -0.0136222839355469
0.0237293243408203 -0.0302715301513672 0.0113706588745117 0.00441741943359375
0.0374603271484375 -0.01959228515625 -0.00502967834472656 0.0129909515380859
0.0423736572265625 0.00532150268554687 -0.0302200317382812 0.00330924987792969
0.0351676940917969 0.0286598205566406 -0.0340862274169922 -0.0228385925292969
0.00482940673828125 0.0503654479980469 -0.00849533081054688 -0.0575942993164063
-0.0282020568847656 0.0553970336914063 0.0120391845703125 -0.0456428527832031
-0.0532989501953125 0.0459556579589844 -0.00134086608886719 -0.0211811065673828
-0.0595245361328125 0.0426712036132813 0.0174751281738281 0.0414276123046875
-0.0278472900390625 0.0606155395507812 -0.00263214111328125 0.0601234436035156
0.0050506591796875 0.0502166748046875 0.0201187133789063 0.061981201171875
0.0291595458984375 0.0364799499511719 0.0496292114257813 0.0462989807128906
0.0395011901855469 0.0118789672851563 0.0560989379882813 0.0165596008300781
0.0426864624023437 -0.0162811279296875 0.0509147644042969 -0.0107460021972656
0.0321769714355469 -0.0287628173828125 0.0323238372802734 -0.0125999450683594
0.0272445678710938 -0.02374267578125 0.0169878005981445 -0.00043010711669922
0.0323677062988281 -0.0277042388916016 0.00493907928466797 0.0162639617919922
0.042022705078125 -0.0182037353515625 -0.0117397308349609 0.0234699249267578
0.0438766479492188 0.00590133666992187 -0.0352897644042969 0.0144004821777344
0.0374107360839844 0.0283241271972656 -0.0415420532226562 -0.011871337890625
0.00821304321289062 0.0496749877929687 -0.021240234375 -0.0458526611328125
-0.0261306762695312 0.0559158325195313 -0.00271797180175781 -0.0281257629394531
-0.0539474487304688 0.0467147827148437 -0.0211429595947266 -0.00538444519042968
-0.0596504211425781 0.0299339294433594 -0.00860977172851563 0.0521736145019531
-0.0413551330566406 0.0511016845703125 -0.0259017944335937 0.0727157592773438
-0.00944137573242188 0.0530967712402344 0.00698852539062499 0.0728759765625
0.0205650329589844 0.0481491088867187 0.0375747680664063 0.0535888671875
0.03924560546875 0.0238151550292969 0.0435409545898438 0.0227584838867187
0.0491104125976563 -0.00561904907226563 0.0389289855957031 -7.62939453125034E-06
0.0400352478027344 -0.0223464965820313 0.0201988220214844 0.000612258911132811
0.0331802368164062 -0.0187816619873047 0.00687217712402344 0.0116310119628906
0.0363349914550781 -0.022308349609375 -0.00355720520019531 0.0273895263671875
0.043121337890625 -0.0127487182617188 -0.0184211730957031 0.032867431640625
0.0412559509277344 0.008209228515625 -0.0390586853027344 0.0228080749511719
0.0330333709716797 0.0279521942138672 -0.0439949035644531 -0.00244903564453125
0.00632476806640625 0.0450477600097656 -0.0256729125976563 -0.0314674377441406
-0.0249443054199219 0.0476875305175781 -0.0122575759887695 -0.00877189636230469
-0.0515174865722656 0.0368881225585938 -0.0383110046386719 0.00965118408203125
-0.0466232299804688 0.0133857727050781 -0.0306854248046875 0.057952880859375
-0.0402984619140625 0.0313911437988281 -0.046630859375 0.0764236450195312
-0.0186195373535156 0.041015625 -0.00677490234375 0.0765914916992187
0.00724411010742187 0.0450172424316406 0.0240325927734375 0.0540122985839844
0.0289268493652344 0.0287628173828125 0.0282974243164063 0.0246562957763672
0.0442161560058594 0.005584716796875 0.0231361389160156 0.00741195678710938
0.0397109985351562 -0.0126571655273437 0.00515937805175782 0.0118265151977539
0.0326366424560547 -0.0107479095458984 -0.00393486022949219 0.023162841796875
0.0359649658203125 -0.0140571594238281 -0.0125274658203125 0.03668212890625
0.0403213500976563 -0.00586318969726563 -0.0250015258789063 0.0385589599609375
0.0357437133789063 0.0131912231445313 -0.0418891906738281 0.0272979736328125
0.0243053436279297 0.02874755859375 -0.0436134338378906 0.00273132324218751
-0.00271987915039063 0.0387420654296875 -0.0267868041992188 -0.0212135314941406
-0.0271530151367187 0.0323600769042969 -0.017451286315918 0.00534629821777344
-0.0466499328613281 0.0204048156738281 -0.05181884765625 0.0210762023925781
-0.0242271423339844 -0.00470733642578125 -0.0433769226074219 0.0575027465820313
-0.0268821716308594 0.00826454162597656 -0.0574493408203125 0.0738143920898438
-0.0182342529296875 0.0194931030273438 -0.0163803100585938 0.0732650756835937
-0.00601005554199219 0.0292034149169922 0.0122642517089844 0.0499153137207031
0.0115432739257813 0.0247154235839844 0.0164909362792969 0.0215034484863281
0.0295600891113281 0.0137138366699219 0.00806808471679688 0.0104694366455078
0.0321216583251953 0.000225067138671875 -0.00737571716308593 0.0184135437011719
0.0273342132568359 -0.00241661071777344 -0.0154666900634766 0.0301074981689453
0.0311813354492187 -0.00390434265136719 -0.0212249755859375 0.041473388671875
0.0335216522216797 0.00393104553222656 -0.0336647033691406 0.0401954650878906
0.0268154144287109 0.0179443359375 -0.0454254150390625 0.0272331237792969
0.0142707824707031 0.0300941467285156 -0.0430526733398438 0.00318145751953125
-0.0129680633544922 0.0300178527832031 -0.0273609161376953 -0.014617919921875
-0.0297431945800781 0.0146713256835937 -0.0237827301025391 0.0107975006103516
-0.0387496948242187 -0.00154876708984375 -0.0624122619628906 0.0224113464355469
0.00199699401855469 -0.0201454162597656 -0.0456390380859375 0.0528221130371094
-0.00560665130615234 -0.0130844116210938 -0.0574760437011719 0.0680122375488281
-0.010498046875 -0.00574111938476563 -0.0183944702148438 0.0686073303222656
-0.0136499404907227 0.005584716796875 0.00919342041015625 0.0433921813964844
-0.00572586059570313 0.013458251953125 0.0114955902099609 0.0161342620849609
0.00839519500732422 0.0169916152954102 -0.00194072723388672 0.00883007049560547
0.0189037322998047 0.0118007659912109 -0.0174999237060547 0.0196247100830078
0.0177059173583984 0.00743293762207031 -0.023712158203125 0.0339393615722656
0.0216484069824219 0.00592422485351563 -0.0303764343261719 0.0438804626464844
0.0220737457275391 0.0122184753417969 -0.0426139831542969 0.040191650390625
0.0160541534423828 0.0207023620605469 -0.0511894226074219 0.023956298828125
0.00252342224121094 0.0277786254882813 -0.0456047058105469 -0.000305175781250001
-0.0225772857666016 0.0196304321289062 -0.0285663604736328 -0.0153827667236328
-0.0297603607177734 -0.00521278381347656 -0.0289096832275391 0.00985527038574219
-0.0261573791503906 -0.0232639312744141 -0.069427490234375 0.0184593200683594
-0.00251007080078125 0.0402069091796875 0.0644187927246094 -0.0147628784179687
0.0333614349365234 0.0230922698974609 0.0334434509277344 0.00409126281738282
0.0266475677490234 -0.0116138458251953 0.0311527252197266 0.0172500610351563
0.0105171203613281 -0.0224761962890625 0.0533523559570312 0.00873184204101562
-0.00265693664550781 -0.0213279724121094 0.0587005615234375 -0.0172920227050781
-0.0179920196533203 -0.0198574066162109 0.0465850830078125 -0.0422515869140625
-0.0169010162353516 -0.0149202346801758 0.0344352722167969 -0.0469436645507813
-0.0128145217895508 -0.0149087905883789 0.0257453918457031 -0.0343704223632812
-0.0111865997314453 -0.0238513946533203 0.0193328857421875 -0.01702880859375
0.0074462890625 -0.0240650177001953 0.00761079788208008 -0.00546789169311524
0.0252189636230469 -0.0108451843261719 -0.0145559310913086 -0.0122442245483398
0.0255470275878906 0.00705718994140625 -0.0155143737792969 -0.0364341735839844
0.0108528137207031 0.0286693572998047 0.0178184509277344 -0.0692634582519531
-0.00825881958007812 0.0393562316894531 0.04681396484375 -0.0699081420898438
-0.0269279479980469 0.0367698669433594 0.0378875732421875 -0.0452728271484375
-0.0249710083007813 0.0515975952148438 0.0608940124511719 0.00297164916992188
0.0182304382324219 0.0440635681152344 0.0322437286376953 0.0198554992675781
0.0271186828613281 0.00950241088867188 0.0334930419921875 0.0288181304931641
0.0223064422607422 -0.00577163696289063 0.0579452514648438 0.0190277099609375
0.0129880905151367 -0.0150823593139648 0.0640869140625 -0.00910568237304688
0.00323295593261719 -0.0252132415771484 0.0545883178710938 -0.0372734069824219
-0.000297546386718752 -0.0249061584472656 0.0406303405761719 -0.0406951904296875
0.00217437744140625 -0.0228042602539063 0.0291404724121094 -0.0284233093261719
0.00627899169921875 -0.0304775238037109 0.0199165344238281 -0.00911331176757813
0.0246391296386719 -0.0241603851318359 0.00575065612792969 0.0029754638671875
0.0374755859375 -0.00260543823242188 -0.0205898284912109 -0.00316619873046875
0.0341014862060547 0.0209465026855469 -0.0254631042480469 -0.0278720855712891
0.00704956054687501 0.0445823669433594 0.00238418579101563 -0.0650863647460938
-0.0219612121582031 0.0538101196289063 0.0294990539550781 -0.0612602233886719
-0.0447044372558594 0.0480270385742187 0.0214958190917969 -0.0341701507568359
-0.0451774597167969 0.053955078125 0.0478515625 0.0235366821289063
-0.00372695922851563 0.0592002868652344 0.02294921875 0.0403861999511719
0.0196247100830078 0.0327472686767578 0.0325736999511719 0.0443801879882813
0.0299510955810547 0.0150127410888672 0.0590591430664063 0.0314788818359375
0.0300807952880859 -0.00403976440429688 0.0658226013183594 0.00232696533203125
0.0243206024169922 -0.0251426696777344 0.0581703186035156 -0.0272216796875
0.0172138214111328 -0.0305461883544922 0.04107666015625 -0.0301246643066406
0.016510009765625 -0.0259075164794922 0.0271186828613281 -0.0175228118896484
0.0215282440185547 -0.0325050354003906 0.0162878036499023 0.002410888671875
0.0364990234375 -0.0230903625488281 0.000671386718750002 0.0135746002197266
0.0447425842285156 0.00128936767578125 -0.0268821716308594 0.00757408142089844
0.0396270751953125 0.0265998840332031 -0.0342826843261719 -0.0174942016601563
0.00901031494140626 0.0527610778808594 -0.0136642456054687 -0.055938720703125
-0.0258560180664063 0.0612716674804688 0.0107421875 -0.04730224609375
-0.0527763366699219 0.0540847778320313 0.00105094909667969 -0.0199756622314453
-0.0600242614746094 0.0480308532714844 0.0260696411132812 0.0435371398925781
-0.0262451171875 0.0642585754394531 0.00549697875976562 0.0616836547851563
0.00649261474609374 0.0511054992675781 0.0260200500488281 0.0609474182128906
0.0317573547363281 0.0364799499511719 0.0544815063476563 0.0436859130859375
0.0417442321777344 0.0105934143066406 0.0597915649414062 0.0128440856933594
0.0421562194824219 -0.0195426940917969 0.0535621643066406 -0.0154190063476563
0.0324630737304688 -0.0320758819580078 0.0346813201904297 -0.0153083801269531
0.0287914276123047 -0.0257987976074219 0.0204124450683594 -0.00377845764160156
0.0326633453369141 -0.0304012298583984 0.0100002288818359 0.0145015716552734
0.0428810119628906 -0.0208892822265625 -0.00519943237304688 0.0243167877197266
0.0469703674316406 0.00365066528320313 -0.0310249328613281 0.0191993713378906
0.0411453247070313 0.0274696350097656 -0.0402336120605469 -0.00560760498046875
0.0117683410644531 0.0525398254394531 -0.0244293212890625 -0.0427436828613281
-0.0253219604492188 0.0609588623046875 -0.00328636169433594 -0.0281944274902344
-0.0555305480957031 0.0530281066894531 -0.0188808441162109 -0.00190925598144531
-0.0632133483886719 0.033599853515625 -0.00177001953125001 0.0574569702148437
-0.0425910949707031 0.0552253723144531 -0.0180206298828125 0.076904296875
-0.00855636596679688 0.0560684204101563 0.0136337280273437 0.0731658935546875
0.0234146118164062 0.050384521484375 0.0430183410644531 0.0520401000976563
0.0427894592285156 0.0240097045898438 0.0478439331054688 0.0197525024414063
0.0517463684082031 -0.0085601806640625 0.0414848327636719 -0.00371170043945313
0.0421600341796875 -0.0256919860839844 0.0227508544921875 -0.0012664794921875
0.0347938537597656 -0.0214710235595703 0.0104398727416992 0.0105886459350586
0.0384254455566406 -0.0260162353515625 0.00177764892578125 0.0268440246582031
0.0460853576660156 -0.0159645080566406 -0.0120315551757812 0.0339107513427734
0.0450363159179688 0.00753021240234375 -0.0345611572265625 0.0267848968505859
0.0366287231445312 0.029144287109375 -0.0413818359375 0.00300598144531251
0.00777053833007813 0.0476112365722656 -0.0278491973876953 -0.0277557373046875
-0.0256462097167969 0.0523567199707031 -0.0115995407104492 -0.00642299652099609
-0.0548553466796875 0.043121337890625 -0.0361557006835938 0.0148544311523438
-0.0521774291992188 0.0140380859375 -0.0269737243652344 0.0650444030761719
-0.044342041015625 0.0341415405273438 -0.0393829345703125 0.0831756591796875
-0.0197372436523437 0.0441932678222656 0.000183105468750001 0.0774917602539063
0.00921249389648437 0.0491714477539063 0.0282325744628906 0.0528602600097656
0.0322761535644531 0.0308208465576172 0.0306529998779297 0.0215301513671875
0.0482101440429688 0.00355148315429688 0.0239677429199219 0.00539016723632813
0.0425071716308594 -0.0158500671386719 0.00758171081542969 0.0110807418823242
0.0354347229003906 -0.013763427734375 -0.00151824951171875 0.0230445861816406
0.039794921875 -0.0169639587402344 -0.00775146484375 0.0364303588867188
0.0441131591796875 -0.00748062133789063 -0.0202598571777344 0.0394325256347656
0.0396919250488281 0.0129432678222656 -0.0377540588378906 0.0309410095214844
0.0284252166748047 0.0308322906494141 -0.0414581298828125 0.00734329223632813
-0.00176239013671875 0.0421676635742188 -0.0269584655761719 -0.0173187255859375
-0.0299072265625 0.0365333557128906 -0.016448974609375 0.00809478759765626
-0.0509147644042969 0.0236244201660156 -0.0503654479980469 0.0258674621582031
-0.0295467376708984 -0.00658988952636718 -0.0411300659179687 0.0649223327636719
-0.0321731567382812 0.00832557678222657 -0.051849365234375 0.08172607421875
-0.0215530395507812 0.0217685699462891 -0.0094757080078125 0.0752487182617188
-0.00621795654296875 0.0338401794433594 0.0164756774902344 0.0485572814941406
0.0144557952880859 0.0281429290771484 0.0176010131835938 0.0197048187255859
0.0346546173095703 0.0135936737060547 0.0088186264038086 0.00964927673339844
0.0364913940429688 -0.00302886962890625 -0.006439208984375 0.0193023681640625
0.0317096710205078 -0.00472831726074219 -0.0129261016845703 0.0322132110595703
0.0356903076171875 -0.00685882568359375 -0.0178070068359375 0.0433464050292969
0.0389213562011719 0.00177383422851563 -0.0298690795898437 0.0427970886230469
0.0318737030029297 0.01861572265625 -0.0424461364746094 0.0302162170410156
0.0177288055419922 0.0325069427490234 -0.0414199829101563 0.00690460205078124
-0.013092041015625 0.0352554321289063 -0.0272006988525391 -0.0115928649902344
-0.0346603393554687 0.0190792083740234 -0.0228862762451172 0.0148963928222656
-0.0447769165039063 0.00100326538085937 -0.0629310607910156 0.0285110473632812
-0.0027923583984375 -0.0244407653808594 -0.0450019836425781 0.0595893859863281
-0.0118122100830078 -0.0163640975952148 -0.053375244140625 0.0756454467773438
-0.015355110168457 -0.00483322143554688 -0.0108261108398437 0.070953369140625
-0.0158205032348633 0.00977706909179688 0.0125541687011719 0.0419921875
-0.00492286682128906 0.0179920196533203 0.0107955932617187 0.0137367248535156
0.013519287109375 0.0194606781005859 -0.00356388092041016 0.00862598419189453
0.0239887237548828 0.0104656219482422 -0.0180892944335938 0.0222110748291016
0.0227012634277344 0.00577926635742188 -0.0229568481445313 0.0371208190917969
0.0259838104248047 0.00424766540527344 -0.0285415649414063 0.0470123291015625
0.028106689453125 0.0113525390625 -0.0402984619140625 0.0426406860351563
0.020477294921875 0.0213623046875 -0.0492019653320313 0.0275726318359375
0.00618934631347656 0.0309829711914063 -0.0444297790527344 0.00253677368164062
-0.022674560546875 0.0242290496826172 -0.0288658142089844 -0.0118675231933594
-0.0351009368896484 -0.00148582458496094 -0.0297317504882813 0.0136547088623047
-0.0333271026611328 -0.0228500366210937 -0.0723648071289063 0.0236358642578125
0.00255966186523438 0.0406455993652344 0.0677146911621094 -0.0193939208984375
0.0368766784667969 0.0182876586914063 0.0356254577636719 -0.000354766845703124
0.0257034301757813 -0.0156593322753906 0.0307292938232422 0.0149517059326172
0.00715446472167969 -0.0237789154052734 0.0535049438476563 0.00709152221679687
-0.00696563720703125 -0.0213623046875 0.0577888488769531 -0.0194244384765625
-0.0212554931640625 -0.0174846649169922 0.0455131530761719 -0.0444869995117188
-0.0198040008544922 -0.0124454498291016 0.0335807800292969 -0.0492630004882813
-0.0154094696044922 -0.0127782821655273 0.0252227783203125 -0.0375785827636719
-0.0155258178710938 -0.0224933624267578 0.0209999084472656 -0.0197277069091797
0.00362205505371094 -0.0256004333496094 0.0108757019042969 -0.00716400146484375
0.0235462188720703 -0.0154552459716797 -0.0122289657592773 -0.00943279266357422
0.0282268524169922 0.00343513488769531 -0.0156230926513672 -0.0325450897216797
0.0155811309814453 0.0284938812255859 0.0131912231445313 -0.0684776306152344
-0.00206756591796875 0.0425910949707031 0.0430984497070313 -0.072967529296875
-0.0222320556640625 0.0411300659179688 0.0391426086425781 -0.0486335754394531
-0.0204696655273438 0.0528297424316406 0.0662078857421875 -0.000911712646484372
0.0224647521972656 0.0411643981933594 0.036285400390625 0.0154800415039063
0.0269718170166016 0.00658798217773437 0.034027099609375 0.0260868072509766
0.0202274322509766 -0.00785064697265625 0.0582618713378906 0.0167236328125
0.0108413696289063 -0.0163068771362305 0.0644149780273438 -0.011505126953125
-0.000864028930664061 -0.0241107940673828 0.0544166564941406 -0.03961181640625
-0.00274848937988281 -0.0236644744873047 0.0409469604492187 -0.0444297790527344
-0.000240325927734373 -0.0214424133300781 0.0298480987548828 -0.0315628051757813
0.00330924987792969 -0.0299263000488281 0.0231361389160156 -0.0121097564697266
0.0219554901123047 -0.0264072418212891 0.00975894927978516 0.00233745574951172
0.0374107360839844 -0.00632095336914063 -0.0167245864868164 -0.000395774841308593
0.03662109375 0.0176963806152344 -0.0239467620849609 -0.0236968994140625
0.0117263793945313 0.0455131530761719 -0.00170135498046875 -0.0631942749023438
-0.0170478820800781 0.0580940246582031 0.0272712707519531 -0.0634803771972656
-0.0409889221191406 0.0537033081054688 0.024078369140625 -0.0354728698730469
-0.0427093505859375 0.0573196411132813 0.0542793273925781 0.0216789245605469
-0.000717163085937503 0.0588645935058594 0.0289039611816406 0.0375518798828125
0.0204925537109375 0.0310077667236328 0.0352058410644531 0.0411720275878906
0.0300502777099609 0.0141525268554688 0.0608329772949219 0.0288925170898437
0.0296382904052734 -0.00512504577636719 0.0667686462402344 -0.000530242919921875
0.0221710205078125 -0.0256271362304688 0.0579147338867188 -0.0311927795410156
0.0154628753662109 -0.031463623046875 0.04193115234375 -0.0340309143066406
0.0154991149902344 -0.0262527465820313 0.0285129547119141 -0.021270751953125
0.0195579528808594 -0.0334968566894531 0.0199508666992187 -0.000772476196289064
0.0354461669921875 -0.0254592895507813 0.00577259063720703 0.0124568939208984
0.0458564758300781 -0.0009918212890625 -0.0222358703613281 0.0100975036621094
0.0419692993164063 0.0246849060058594 -0.0326385498046875 -0.0127658843994141
0.01275634765625 0.0537796020507813 -0.0162887573242187 -0.052764892578125
-0.0235633850097656 0.0659332275390625 0.0100059509277344 -0.0477943420410156
-0.0511283874511719 0.0605621337890625 0.00430488586425781 -0.0193595886230469
-0.06048583984375 0.0515708923339844 0.032440185546875 0.0436134338378906
-0.0253562927246094 0.0659561157226563 0.0121421813964844 0.0600967407226563
0.00753402709960938 0.0516242980957031 0.0295143127441406 0.0577201843261719
0.0332717895507813 0.0365142822265625 0.0569343566894531 0.041290283203125
0.042572021484375 0.0097503662109375 0.0612564086914063 0.00933456420898438
0.042327880859375 -0.0211143493652344 0.0543670654296875 -0.0187911987304687
0.0313320159912109 -0.0337162017822266 0.0361366271972656 -0.0195846557617188
0.0282459259033203 -0.0270347595214844 0.0220737457275391 -0.00693893432617188
0.0321693420410156 -0.0326499938964844 0.013763427734375 0.0118770599365234
0.0441665649414063 -0.0236434936523438 0.00043106079101563 0.0227813720703125
0.0485954284667969 0.0018463134765625 -0.0258998870849609 0.0203742980957031
0.0443954467773438 0.0270309448242188 -0.0373001098632813 -0.00120925903320313
0.0142250061035156 0.0545272827148437 -0.0256538391113281 -0.0387535095214844
-0.023834228515625 0.0656356811523438 -0.00243949890136719 -0.0270862579345703
-0.0554695129394531 0.0595016479492187 -0.0149002075195313 -0.000918388366699214
-0.0656051635742188 0.0363731384277344 0.00463867187499999 0.0596160888671875
-0.0437278747558594 0.0581245422363281 -0.0104522705078125 0.0775146484375
-0.008514404296875 0.058868408203125 0.018524169921875 0.0703506469726563
0.0261268615722656 0.0525093078613281 0.045440673828125 0.0495109558105469
0.0452880859375 0.0245895385742188 0.0484504699707031 0.0170631408691406
0.0533905029296875 -0.010772705078125 0.0423049926757813 -0.00672149658203125
0.0421867370605469 -0.0294265747070312 0.0242424011230469 -0.00353813171386719
0.0366172790527344 -0.0242500305175781 0.0122604370117188 0.00812053680419922
0.0397796630859375 -0.0281333923339844 0.00565147399902344 0.0245914459228516
0.0474853515625 -0.0183296203613281 -0.00726509094238281 0.0321559906005859
0.0481719970703125 0.00671768188476563 -0.0294609069824219 0.0278816223144531
0.0408706665039063 0.0296478271484375 -0.0382766723632813 0.00681686401367188
0.00887298583984375 0.0509262084960938 -0.0275535583496094 -0.0249176025390625
-0.0269279479980469 0.0567626953125 -0.00997734069824219 -0.00484561920166015
-0.0562934875488281 0.0479965209960938 -0.032989501953125 0.017730712890625
-0.05682373046875 0.0159416198730469 -0.0221138000488281 0.0689506530761719
-0.0474624633789062 0.0375137329101563 -0.032318115234375 0.0859832763671875
-0.021484375 0.0484886169433594 0.00556182861328124 0.0762481689453125
0.0113296508789062 0.0527992248535156 0.0306854248046875 0.0505409240722656
0.0351028442382813 0.0318336486816406 0.0318546295166016 0.0193729400634766
0.0522041320800781 0.0012664794921875 0.0252857208251953 0.00351142883300781
0.0458869934082031 -0.0190658569335938 0.00902175903320313 0.0108165740966797
0.0385665893554688 -0.0170364379882813 0.00154304504394532 0.0219764709472656
0.0421562194824219 -0.0205497741699219 -0.00449180603027343 0.0350189208984375
0.0475616455078125 -0.0100364685058594 -0.0159378051757812 0.0388870239257813
0.0436439514160156 0.0121421813964844 -0.0325603485107422 0.0320987701416016
0.0320320129394531 0.0328178405761719 -0.0378875732421875 0.00933456420898438
-0.000785827636718748 0.046051025390625 -0.0258331298828125 -0.0147285461425781
-0.0323333740234375 0.0416412353515625 -0.0142316818237305 0.0105762481689453
-0.0549163818359375 0.0291481018066406 -0.0486679077148438 0.0296783447265625
-0.0350265502929687 -0.00728988647460938 -0.0385627746582031 0.0698623657226563
-0.03790283203125 0.00987625122070312 -0.0471649169921875 0.0853805541992188
-0.0246353149414063 0.0246868133544922 -0.00451660156250001 0.0744857788085938
-0.00518798828125 0.0377311706542969 0.0184135437011719 0.0471115112304688
0.0180950164794922 0.030853271484375 0.0175094604492187 0.0182304382324219
0.0395164489746094 0.0123443603515625 0.00837135314941406 0.009063720703125
0.040191650390625 -0.00638580322265625 -0.00613594055175781 0.0193195343017578
0.0343837738037109 -0.00790214538574219 -0.0109481811523437 0.0325069427490234
0.0390090942382812 -0.0105628967285156 -0.015472412109375 0.0432205200195312
0.0424003601074219 -0.000835418701171875 -0.0267906188964844 0.0424079895019531
0.0357475280761719 0.0179939270019531 -0.0391960144042969 0.03118896484375
0.0219058990478516 0.0348320007324219 -0.0385780334472656 0.00889205932617187
-0.0123481750488281 0.0390815734863281 -0.025970458984375 -0.00939369201660156
-0.0381546020507813 0.0231857299804688 -0.0212669372558594 0.0176563262939453
-0.0491180419921875 0.00428009033203126 -0.0623321533203125 0.0325355529785156
-0.00728034973144531 -0.0273265838623047 -0.0443153381347656 0.0638961791992188
-0.0172901153564453 -0.0174064636230469 -0.0496673583984375 0.0791091918945313
-0.0197315216064453 -0.00340080261230468 -0.00665664672851562 0.0701026916503906
-0.0175895690917969 0.0142726898193359 0.0129547119140625 0.0399169921875
-0.00269699096679687 0.0212955474853516 0.00952720642089844 0.0118837356567383
0.0186672210693359 0.0204524993896484 -0.00453281402587891 0.00873613357543945
0.0280818939208984 0.007781982421875 -0.0181903839111328 0.0239028930664063
0.0256538391113281 0.00329971313476563 -0.0214385986328125 0.0387458801269531
0.0296592712402344 0.00128173828125 -0.0263214111328125 0.0487327575683594
0.0320949554443359 0.00815963745117188 -0.0378761291503906 0.0430679321289063
0.0250205993652344 0.0214385986328125 -0.047149658203125 0.0290718078613281
0.00996208190917969 0.0332202911376953 -0.0437889099121094 0.00460433959960938
-0.0224933624267578 0.0287551879882813 -0.0280609130859375 -0.0101356506347656
-0.0396614074707031 0.00284957885742187 -0.0290050506591797 0.0176296234130859
-0.0389442443847656 -0.0205879211425781 -0.0734939575195313 0.0278854370117187
0.00664520263671875 0.0396995544433594 0.0703811645507813 -0.022705078125
0.0395011901855469 0.0154647827148438 0.0360679626464844 -0.0042724609375
0.0249080657958984 -0.0186023712158203 0.0300083160400391 0.0128746032714844
0.00482368469238281 -0.0249252319335938 0.0533676147460938 0.00592803955078125
-0.00929450988769531 -0.0213890075683594 0.0584259033203125 -0.0202102661132813
-0.0243034362792969 -0.0149517059326172 0.0457191467285156 -0.0450897216796875
-0.0212268829345703 -0.00971221923828125 0.0342903137207031 -0.0522308349609375
-0.0169811248779297 -0.0114822387695313 0.0261917114257812 -0.0408897399902344
-0.0186805725097656 -0.0199489593505859 0.0222129821777344 -0.0224819183349609
0.000301361083984377 -0.0270900726318359 0.0138206481933594 -0.00857639312744141
0.0217971801757813 -0.0179233551025391 -0.00936222076416016 -0.0080413818359375
0.0290050506591797 -0.00016021728515625 -0.0147342681884766 -0.0299816131591797
0.0193729400634766 0.0281505584716797 0.0113563537597656 -0.0672416687011719
0.00246810913085938 0.0456466674804687 0.0417709350585938 -0.0758895874023438
-0.0175323486328125 0.043975830078125 0.0416755676269531 -0.0515632629394531
-0.0175971984863281 0.0544166564941406 0.07122802734375 -0.00350189208984375
0.0242843627929688 0.039581298828125 0.0382156372070313 0.0117683410644531
0.0259914398193359 0.00446701049804688 0.0341110229492188 0.0242824554443359
0.0182476043701172 -0.00897216796875 0.0593986511230469 0.015838623046875
0.00931358337402344 -0.0160160064697266 0.0654373168945312 -0.0125732421875
-0.00227737426757812 -0.0225887298583984 0.0562553405761719 -0.0423545837402344
-0.00419425964355469 -0.023040771484375 0.041534423828125 -0.04803466796875
-0.000505447387695312 -0.0202789306640625 0.0310745239257812 -0.035308837890625
0.000719070434570312 -0.0295314788818359 0.0257530212402344 -0.0152931213378906
0.0205612182617187 -0.0274524688720703 0.0134572982788086 -0.000110626220703127
0.0367050170898438 -0.00876617431640625 -0.0126533508300781 0.000782966613769531
0.0384063720703125 0.0154266357421875 -0.0223007202148437 -0.0213356018066406
0.0150871276855469 0.0459403991699219 -0.00362777709960938 -0.0617446899414063
-0.0135536193847656 0.0608673095703125 0.026336669921875 -0.0648345947265625
-0.0385475158691406 0.05877685546875 0.027923583984375 -0.0372352600097656
-0.0424880981445313 0.0599098205566406 0.0604591369628906 0.0194435119628906
0.000736236572265631 0.0596885681152344 0.0320529937744141 0.0338306427001953
0.0201854705810547 0.0312175750732422 0.0351676940917969 0.0395278930664062
0.0302886962890625 0.0138931274414063 0.0624008178710938 0.0281600952148438
0.0290451049804688 -0.00515365600585938 0.0676841735839844 -0.002716064453125
0.0212421417236328 -0.0259323120117188 0.0601043701171875 -0.033294677734375
0.0144271850585938 -0.0320949554443359 0.0430755615234375 -0.0375938415527344
0.0159358978271484 -0.0270748138427734 0.0304756164550781 -0.0247764587402344
0.0192642211914063 -0.0342445373535156 0.0224437713623047 -0.00450515747070313
0.0355033874511719 -0.0272789001464844 0.0104150772094727 0.0100374221801758
0.0468673706054688 -0.00293731689453125 -0.0178756713867187 0.0105934143066406
0.0447311401367188 0.0239410400390625 -0.0299930572509766 -0.0100593566894531
0.0150222778320312 0.0550804138183594 -0.0172500610351562 -0.0502662658691406
-0.0212249755859375 0.070343017578125 0.0102348327636719 -0.0482215881347656
-0.0502128601074219 0.0652999877929688 0.00850486755371094 -0.0196704864501953
-0.0614242553710938 0.0549736022949219 0.0382041931152344 0.0433616638183594
-0.0251617431640625 0.0688095092773438 0.0174102783203125 0.0588569641113281
0.0078125 0.0534477233886719 0.0306282043457031 0.0562248229980469
0.0340156555175781 0.0385704040527344 0.0578651428222656 0.0397109985351563
0.0440673828125 0.00954055786132813 0.0630111694335938 0.00676727294921875
0.0426445007324219 -0.0219230651855469 0.0556564331054688 -0.0218963623046875
0.0322990417480469 -0.0348834991455078 0.0376091003417969 -0.022308349609375
0.0293598175048828 -0.0288639068603516 0.0240383148193359 -0.0109577178955078
0.0326251983642578 -0.0347309112548828 0.0164957046508789 0.00806045532226562
0.0444412231445313 -0.0258369445800781 0.00472068786621094 0.0208511352539063
0.051300048828125 0.00099945068359375 -0.02154541015625 0.0206928253173828
0.046844482421875 0.0266494750976563 -0.0336761474609375 0.00024032592773438
0.0157089233398438 0.0567550659179688 -0.0254287719726562 -0.0370826721191406
-0.0238761901855469 0.0701904296875 -0.00125503540039063 -0.0261344909667969
-0.0557746887207031 0.0639991760253906 -0.0108537673950195 0.000320434570312506
-0.0691642761230469 0.0393409729003906 0.0100250244140625 0.062042236328125
-0.0457344055175781 0.0619125366210938 -0.00543212890625001 0.077392578125
-0.00970458984374999 0.0614242553710937 0.0213546752929688 0.0688629150390625
0.0282745361328125 0.0546875 0.04620361328125 0.0488510131835938
0.0470466613769531 0.0244903564453125 0.0498542785644531 0.015960693359375
0.054718017578125 -0.0121650695800781 0.0435562133789062 -0.00894546508789062
0.0436668395996094 -0.0313186645507813 0.0259571075439453 -0.00546073913574219
0.0384407043457031 -0.0266532897949219 0.0142698287963867 0.00576400756835937
0.0417633056640625 -0.0304527282714844 0.00838851928710938 0.0215740203857422
0.0504875183105469 -0.0214271545410156 -0.00402641296386718 0.0302047729492188
0.0518569946289063 0.00560760498046875 -0.02655029296875 0.0272064208984375
0.0433807373046875 0.0306777954101562 -0.0349769592285156 0.00819396972656251
0.010833740234375 0.0541572570800781 -0.0264034271240234 -0.0237636566162109
-0.0275192260742187 0.0622749328613281 -0.00791692733764649 -0.00458860397338867
-0.0578956604003906 0.0526580810546875 -0.0301856994628906 0.0192756652832031
-0.0609283447265625 0.0186233520507813 -0.0165863037109375 0.0723037719726563
-0.052001953125 0.0402717590332031 -0.0285186767578125 0.088470458984375
-0.0227851867675781 0.0517921447753906 0.00777435302734376 0.0743408203125
0.0131568908691406 0.0553436279296875 0.0318222045898438 0.0504837036132813
0.03936767578125 0.0328826904296875 0.0321331024169922 0.0193119049072266
0.0554237365722656 -0.000316619873046875 0.0254726409912109 0.00201797485351563
0.0473823547363281 -0.022247314453125 0.0104665756225586 0.00976371765136719
0.0408134460449219 -0.0204277038574219 0.00277137756347656 0.0207557678222656
0.0445747375488281 -0.0231552124023438 -0.00255012512207031 0.0341453552246094
0.0506935119628906 -0.0131721496582031 -0.0137672424316406 0.0378036499023438
0.047882080078125 0.01275634765625 -0.0314178466796875 0.0316257476806641
0.0363540649414063 0.0341567993164063 -0.0352783203125 0.00948715209960938
0.000179290771484374 0.0491561889648437 -0.0247364044189453 -0.0135688781738281
-0.0338172912597656 0.0468597412109375 -0.0113925933837891 0.0110864639282227
-0.05810546875 0.0321693420410156 -0.0469856262207031 0.0316276550292969
-0.0407524108886719 -0.00630950927734375 -0.0366973876953125 0.0740585327148438
-0.0429649353027344 0.0118598937988281 -0.0439910888671875 0.0885162353515625
-0.0280532836914062 0.0278186798095703 -0.00222015380859375 0.0733642578125
-0.00385665893554688 0.0408134460449219 0.0186843872070313 0.0462417602539063
0.0202541351318359 0.0333042144775391 0.0166864395141602 0.0168600082397461
0.0431365966796875 0.0112228393554687 0.00793886184692383 0.00818967819213867
0.0433998107910156 -0.0098876953125 -0.00505828857421875 0.0211715698242187
0.037139892578125 -0.010833740234375 -0.0100898742675781 0.0336513519287109
0.0420684814453125 -0.0139007568359375 -0.0144424438476563 0.0432548522949219
0.0466766357421875 -0.003265380859375 -0.0256729125976562 0.0413589477539063
0.0399513244628906 0.018096923828125 -0.0372428894042969 0.0305862426757812
0.0253829956054688 0.0370063781738281 -0.0371055603027344 0.00907516479492187
-0.0123672485351563 0.0431289672851562 -0.0243625640869141 -0.00866889953613281
-0.0414695739746094 0.0283546447753906 -0.0190563201904297 0.0193576812744141
-0.0546607971191406 0.00785446166992188 -0.0613632202148437 0.036224365234375
-0.0129489898681641 -0.0284957885742188 -0.0444488525390625 0.0675849914550781
-0.0232410430908203 -0.0161705017089844 -0.0479202270507812 0.0814437866210938
-0.0238609313964844 -0.00132942199707031 -0.00370025634765626 0.0689659118652344
-0.0182590484619141 0.0186252593994141 0.0126075744628906 0.0388031005859375
0.000717163085937502 0.0248451232910156 0.00772380828857422 0.0119228363037109
0.0240535736083984 0.0195732116699219 -0.00639820098876953 0.00936126708984375
0.0315074920654297 0.00597000122070312 -0.0188522338867188 0.0267333984375
0.0285625457763672 0.000589370727539063 -0.02105712890625 0.0410537719726563
0.0336761474609375 -0.00166702270507813 -0.0259857177734375 0.0499382019042969
0.0364456176757813 0.00589752197265625 -0.0371208190917969 0.0443916320800781
0.0277366638183594 0.0214462280273438 -0.0467071533203125 0.0286865234375
0.0142021179199219 0.0354194641113281 -0.0418472290039063 0.00431823730468749
-0.0221118927001953 0.0321807861328125 -0.0269813537597656 -0.00817108154296875
-0.04315185546875 0.00715255737304687 -0.0288772583007813 0.0200309753417969
-0.0439071655273437 -0.0175018310546875 -0.0749282836914063 0.031005859375
0.00989913940429688 0.0391883850097656 0.073822021484375 -0.0259857177734375
0.0421066284179688 0.0116958618164063 0.0374183654785156 -0.00678634643554687
0.0249080657958984 -0.0207557678222656 0.0299148559570313 0.0122127532958984
0.00227165222167969 -0.0271759033203125 0.0546379089355469 0.00658416748046875
-0.0124111175537109 -0.0207347869873047 0.0602684020996094 -0.0205612182617187
-0.0263633728027344 -0.0127182006835938 0.0478858947753906 -0.0471572875976563
-0.0230941772460938 -0.00769996643066406 0.0353431701660156 -0.05517578125
-0.0191421508789062 -0.00979995727539063 0.026580810546875 -0.0435943603515625
-0.0209865570068359 -0.0187835693359375 0.0242900848388672 -0.0259628295898438
-0.00271797180175781 -0.0271739959716797 0.0167837142944336 -0.0105905532836914
0.0208206176757813 -0.0218715667724609 -0.00591564178466797 -0.00878524780273438
0.0287818908691406 -0.00377655029296875 -0.0130577087402344 -0.0287876129150391
0.0242729187011719 0.0274696350097656 0.010833740234375 -0.0672874450683594
0.0079193115234375 0.0472030639648438 0.041778564453125 -0.080169677734375
-0.0142440795898437 0.0470924377441406 0.0446548461914062 -0.0557365417480469
-0.0163803100585938 0.0558853149414063 0.0759353637695313 -0.00728607177734375
0.0248680114746094 0.03912353515625 0.0404090881347656 0.0079803466796875
0.0255012512207031 0.00358390808105469 0.0342044830322266 0.0232143402099609
0.0185813903808594 -0.00974082946777344 0.0605545043945312 0.0165824890136719
0.0080108642578125 -0.0159149169921875 0.0672492980957031 -0.0139808654785156
-0.00478363037109375 -0.0218982696533203 0.057952880859375 -0.0441856384277344
-0.00444602966308593 -0.0221214294433594 0.0429725646972656 -0.0518455505371094
-0.000835418701171874 -0.0202484130859375 0.0316238403320313 -0.0399208068847656
-0.000761032104492187 -0.0285663604736328 0.0278396606445313 -0.0200138092041016
0.0182628631591797 -0.0289554595947266 0.0175561904907227 -0.00245094299316406
0.0372200012207031 -0.0117378234863281 -0.00943374633789062 0.000358581542968751
0.0396957397460938 0.0133056640625 -0.0200920104980469 -0.0192852020263672
0.0184860229492188 0.04693603515625 -0.00310516357421875 -0.0606575012207031
-0.0101814270019531 0.0656051635742188 0.0276527404785156 -0.0684890747070313
-0.0364456176757813 0.0623664855957031 0.0316047668457031 -0.0404624938964844
-0.0425872802734375 0.0631370544433594 0.0666122436523438 0.0178413391113281
0.000534057617187502 0.0613517761230469 0.0352783203125 0.031524658203125
0.0205631256103516 0.0321254730224609 0.0366134643554688 0.0382804870605469
0.03118896484375 0.0147323608398438 0.0630683898925781 0.0279121398925781
0.0291690826416016 -0.00493049621582031 0.0704727172851563 -0.00443267822265625
0.0204582214355469 -0.0258007049560547 0.0621414184570313 -0.037353515625
0.0147895812988281 -0.0328445434570313 0.0450935363769531 -0.0420608520507813
0.0158977508544922 -0.0279674530029297 0.0314216613769531 -0.0291175842285156
0.0192146301269531 -0.0354270935058594 0.0247325897216797 -0.00907135009765625
0.0354690551757813 -0.0297470092773438 0.0139684677124023 0.00721549987792969
0.049102783203125 -0.00430679321289062 -0.0142192840576172 0.0108757019042969
0.0479164123535156 0.0230751037597656 -0.0270233154296875 -0.00794792175292969
0.0183067321777344 0.0574111938476563 -0.0167961120605469 -0.0490951538085938
-0.0191497802734375 0.0761795043945313 0.0112686157226563 -0.0500450134277344
-0.0498580932617188 0.0714340209960938 0.0118694305419922 -0.0225696563720703
-0.0640640258789062 0.0590095520019531 0.044525146484375 0.0434036254882813
-0.0260467529296875 0.0724258422851563 0.0207901000976563 0.0573196411132813
0.00719833374023437 0.0562057495117188 0.0326881408691406 0.0548439025878906
0.0368995666503906 0.0403518676757813 0.0603675842285156 0.0395278930664063
0.0459365844726563 0.0101890563964844 0.0647926330566406 0.0065460205078125
0.0443305969238281 -0.0232009887695313 0.0577659606933594 -0.0248184204101563
0.0324287414550781 -0.0374488830566406 0.0396652221679688 -0.0250511169433594
0.0315513610839844 -0.0318031311035156 0.0254840850830078 -0.0143547058105469
0.0342903137207031 -0.0367965698242188 0.0188522338867188 0.00503921508789062
0.0465812683105469 -0.0287055969238281 0.00754737854003906 0.0184459686279297
0.0544319152832031 5.7220458984375E-05 -0.0177345275878906 0.0205707550048828
0.0506362915039063 0.0277824401855469 -0.0315456390380859 0.00212287902832031
0.0180892944335938 0.0610084533691406 -0.0250358581542969 -0.036346435546875
-0.0242538452148438 0.0764846801757813 0.00100326538085938 -0.0269184112548828
-0.0583381652832031 0.07000732421875 -0.00783920288085938 -0.000203609466552731
-0.0739669799804688 0.0435867309570312 0.0151329040527344 0.063873291015625
-0.0495529174804687 0.0676651000976563 -0.00191497802734375 0.07769775390625
-0.0101852416992188 0.0669746398925781 0.0213584899902344 0.0689430236816406
0.0303306579589844 0.0588035583496094 0.0476531982421875 0.04901123046875
0.0516700744628906 0.0260696411132813 0.0519485473632813 0.0152778625488281
0.0587348937988281 -0.014556884765625 0.0453529357910156 -0.0117263793945313
0.0458908081054688 -0.0349960327148438 0.0267524719238281 -0.00727081298828125
0.0412101745605469 -0.0297050476074219 0.0152425765991211 0.00311565399169922
0.0447425842285156 -0.0338783264160156 0.00988388061523438 0.0188465118408203
0.0529708862304688 -0.0248527526855469 -0.0017242431640625 0.0278072357177734
0.0557174682617188 0.00504302978515625 -0.0233058929443359 0.0270843505859375
0.0477333068847656 0.0321578979492187 -0.0323696136474609 0.00890922546386718
0.0121192932128906 0.0585479736328125 -0.0250396728515625 -0.021942138671875
-0.0297355651855469 0.0686454772949219 -0.00570821762084961 -0.00480318069458007
-0.0611305236816406 0.0595779418945313 -0.0276546478271484 0.0195713043212891
-0.0675582885742188 0.0214118957519531 -0.0139389038085938 0.075225830078125
-0.05560302734375 0.0455474853515625 -0.0252914428710937 0.0902786254882813
-0.0255851745605469 0.0572776794433594 0.00919342041015625 0.0750045776367188
0.0144119262695313 0.0606002807617188 0.031158447265625 0.0509300231933594
0.0432624816894531 0.0354042053222656 0.0329418182373047 0.018341064453125
0.0598106384277344 -0.00180435180664062 0.0256404876708984 0.00176048278808594
0.0507469177246094 -0.0270195007324219 0.0114507675170898 0.0090799331665039
0.0445899963378906 -0.0239906311035156 0.00322914123535157 0.020233154296875
0.04840087890625 -0.0275115966796875 -0.00184440612792968 0.0323333740234375
0.054473876953125 -0.0161247253417969 -0.0119285583496094 0.0353813171386719
0.052001953125 0.0123977661132813 -0.0295658111572266 0.0304355621337891
0.0411262512207031 0.0354385375976563 -0.0341339111328125 0.0113277435302734
0.0016632080078125 0.0547904968261719 -0.0241813659667969 -0.0134983062744141
-0.0372238159179688 0.0546379089355469 -0.00961875915527344 0.0112876892089844
-0.0616569519042969 0.0386123657226563 -0.0463142395019531 0.0340843200683594
-0.0471878051757813 -0.00503540039062501 -0.0363388061523438 0.0792236328125
-0.0481986999511719 0.01556396484375 -0.0423812866210938 0.0920639038085938
-0.0309200286865234 0.0317192077636719 -0.00081634521484376 0.07379150390625
-0.00313568115234375 0.0466575622558594 0.0178070068359375 0.0473670959472656
0.024993896484375 0.0361557006835937 0.0165481567382813 0.0176296234130859
0.0474128723144531 0.00922393798828125 0.00776052474975586 0.00818872451782227
0.0465660095214844 -0.0127601623535156 -0.0054931640625 0.0218181610107422
0.0403404235839844 -0.0149345397949219 -0.0089111328125 0.0336017608642578
0.0451850891113281 -0.0178642272949219 -0.0139732360839844 0.0440139770507813
0.0501480102539063 -0.0072784423828125 -0.0247383117675781 0.0414848327636719
0.0444908142089844 0.0175399780273438 -0.0374794006347656 0.0309524536132813
0.0303840637207031 0.0384559631347656 -0.0371856689453125 0.00847244262695312
-0.0109710693359375 0.0483207702636719 -0.023895263671875 -0.00920486450195312
-0.0444068908691406 0.0340576171875 -0.0177688598632813 0.0213260650634766
-0.0586204528808594 0.0113677978515625 -0.0631561279296875 0.0383071899414063
-0.0181884765625 -0.0299854278564453 -0.045684814453125 0.0734939575195313
-0.0282840728759766 -0.0163650512695313 -0.0470504760742187 0.0861282348632813
-0.0270633697509766 0.00119590759277343 -0.00309753417968751 0.0686607360839844
-0.0189895629882812 0.0224666595458984 0.0117263793945313 0.0378875732421875
0.00262641906738281 0.0276165008544922 0.00583457946777344 0.0122575759887695
0.0283355712890625 0.0193328857421875 -0.00818634033203125 0.0110464096069336
0.0343856811523438 0.00261306762695313 -0.0193614959716797 0.0274105072021484
0.0308895111083984 -0.00215339660644531 -0.0208015441894531 0.0447578430175781
0.0354232788085938 -0.00411605834960938 -0.0251808166503906 0.0516090393066406
0.0391998291015625 0.002899169921875 -0.0380859375 0.0461387634277344
0.0315341949462891 0.0203399658203125 -0.0476188659667969 0.0292472839355469
0.0176887512207031 0.0363197326660156 -0.0420455932617188 0.00482177734375001
-0.0212593078613281 0.0365333557128906 -0.0260639190673828 -0.00861549377441406
-0.0456581115722656 0.0119285583496094 -0.0278205871582031 0.0235328674316406
-0.0484962463378906 -0.015960693359375 -0.0778274536132813 0.034515380859375
0.0142288208007813 0.0395774841308594 0.0783233642578125 -0.031982421875
0.0445289611816406 0.00887680053710938 0.0378189086914063 -0.0113983154296875
0.0236263275146484 -0.0242023468017578 0.0297260284423828 0.0127124786376953
-0.000381469726562498 -0.0289402008056641 0.0571441650390625 0.00603103637695312
-0.0151042938232422 -0.0215167999267578 0.0630760192871094 -0.0233535766601563
-0.0292606353759766 -0.00982093811035156 0.0498847961425781 -0.0512809753417969
-0.0244121551513672 -0.0048065185546875 0.0359458923339844 -0.0608482360839844
-0.0195293426513672 -0.007232666015625 0.0265998840332031 -0.0487785339355469
-0.0240745544433594 -0.0164871215820313 0.02618408203125 -0.0313434600830078
-0.00602912902832031 -0.0275020599365234 0.0190639495849609 -0.0143833160400391
0.018524169921875 -0.0246524810791016 -0.00360488891601562 -0.00943374633789063
0.0303440093994141 -0.00610160827636719 -0.0114879608154297 -0.0293064117431641
0.0284633636474609 0.0262165069580078 0.00974655151367188 -0.0688934326171875
0.0129013061523438 0.0491294860839844 0.04156494140625 -0.0851669311523438
-0.00972747802734375 0.0506820678710938 0.0476303100585938 -0.0631790161132813
-0.0137825012207031 0.0588645935058594 0.0811767578125 -0.0121994018554687
0.0279769897460938 0.0385704040527344 0.041534423828125 0.00459671020507813
0.0256366729736328 0.00235939025878906 0.0348854064941406 0.0230331420898438
0.0176239013671875 -0.0102386474609375 0.0640678405761719 0.0152359008789063
0.00793361663818359 -0.0162887573242188 0.071563720703125 -0.0160675048828125
-0.0062713623046875 -0.0207347869873047 0.0601882934570312 -0.0490074157714844
-0.00575447082519531 -0.0217914581298828 0.0441932678222656 -0.0581016540527344
-0.00260734558105469 -0.0200462341308594 0.0323753356933594 -0.0448760986328125
-0.00160789489746093 -0.0284290313720703 0.0292472839355469 -0.0254783630371094
0.0161476135253906 -0.0305957794189453 0.0210800170898438 -0.00696372985839844
0.037628173828125 -0.0146713256835937 -0.00576639175415039 -0.000237464904785157
0.0424613952636719 0.01165771484375 -0.0183086395263672 -0.0189704895019531
0.0233154296875 0.0480728149414063 -0.00450515747070312 -0.0615386962890625
-0.00630569458007813 0.070220947265625 0.0271759033203125 -0.0725784301757813
-0.0332908630371094 0.0687408447265625 0.0347785949707031 -0.0465126037597656
-0.0429573059082031 0.0685272216796875 0.0727767944335937 0.0146484375
0.00317382812500001 0.0644645690917969 0.03814697265625 0.0283584594726563
0.0211811065673828 0.0331916809082031 0.0375442504882812 0.0382461547851563
0.0329456329345703 0.0146503448486328 0.0675315856933594 0.0279197692871094
0.0305156707763672 -0.00459098815917969 0.0746688842773438 -0.006561279296875
0.0210437774658203 -0.0262641906738281 0.06427001953125 -0.0424156188964844
0.0149078369140625 -0.0343608856201172 0.0461502075195313 -0.0482597351074219
0.0167083740234375 -0.0296535491943359 0.0319900512695313 -0.0345458984375
0.018707275390625 -0.0373764038085938 0.0273857116699219 -0.0136547088623047
0.0356941223144531 -0.0321006774902344 0.0174045562744141 0.0035400390625
0.0514984130859375 -0.00743484497070313 -0.010676383972168 0.00931835174560547
0.0516586303710938 0.0223159790039062 -0.0247039794921875 -0.00763511657714843
0.0225563049316406 0.0608634948730469 -0.0178070068359375 -0.0495567321777344
-0.0161285400390625 0.0827102661132813 0.011138916015625 -0.0535888671875
-0.0489044189453125 0.0790786743164063 0.0155296325683594 -0.0254020690917969
-0.0675201416015625 0.0664710998535156 0.0514259338378906 0.0428581237792969
-0.02581787109375 0.0787124633789063 0.0244178771972656 0.0569190979003906
0.00864791870117187 0.0607795715332031 0.0338287353515625 0.0558013916015625
0.0403366088867187 0.0429458618164062 0.0637397766113281 0.0412826538085938
0.0496788024902344 0.0101318359375 0.06842041015625 0.00478744506835938
0.04669189453125 -0.0254631042480469 0.060028076171875 -0.0298004150390625
0.034088134765625 -0.0409355163574219 0.0411567687988281 -0.0311508178710938
0.0322723388671875 -0.0343952178955078 0.0267047882080078 -0.0181255340576172
0.0356826782226563 -0.0412979125976563 0.0210361480712891 0.000905990600585935
0.049835205078125 -0.0318031311035156 0.0103960037231445 0.0149316787719727
0.0585250854492188 -0.00284957885742188 -0.0155315399169922 0.0191707611083984
0.0566635131835938 0.0276412963867188 -0.0293312072753906 0.00172233581542969
0.0213508605957031 0.0645866394042969 -0.0257110595703125 -0.0360183715820312
-0.0225906372070313 0.0849075317382813 0.00114250183105469 -0.0299453735351562
-0.0586318969726562 0.0789947509765625 -0.00531816482543946 -0.00123453140258789
-0.079437255859375 0.05078125 0.01983642578125 0.066436767578125
-0.0503158569335937 0.0753326416015625 0.00186920166015624 0.0801544189453125
-0.0102081298828125 0.0738754272460938 0.024383544921875 0.0693016052246094
0.0354461669921875 0.0638923645019531 0.051727294921875 0.0505867004394531
0.0570487976074219 0.0270042419433594 0.0536231994628906 0.0139846801757813
0.0626373291015625 -0.0175323486328125 0.0462989807128906 -0.0145492553710938
0.0482101440429687 -0.0402259826660156 0.0293636322021484 -0.0109062194824219
0.0427742004394531 -0.0339698791503906 0.0161266326904297 0.00141429901123047
0.0474281311035156 -0.0394020080566406 0.0114479064941406 0.0174999237060547
0.0572586059570313 -0.02911376953125 0.000535964965820316 0.0256195068359375
0.0616569519042969 0.00319671630859375 -0.0212173461914062 0.0271701812744141
0.0542831420898438 0.0324516296386719 -0.0317764282226563 0.00889968872070312
0.0151748657226563 0.0636863708496094 -0.0256919860839844 -0.0224761962890625
-0.028656005859375 0.0775909423828125 -0.00425815582275391 -0.00557613372802734
-0.0638427734375 0.0668983459472656 -0.0259361267089844 0.0208911895751953
-0.0740280151367188 0.026458740234375 -0.011383056640625 0.0812606811523438
-0.0606536865234375 0.0534515380859375 -0.0226821899414063 0.0947952270507812
-0.0261306762695313 0.0645179748535156 0.0113601684570312 0.076812744140625
0.0193023681640625 0.0669403076171875 0.0341720581054688 0.052825927734375
0.0483589172363281 0.0373497009277344 0.0341167449951172 0.0186061859130859
0.06524658203125 -0.0062408447265625 0.0269298553466797 -0.000877380371093751
0.0533638000488281 -0.0317192077636719 0.0127325057983398 0.0089120864868164
0.0464057922363281 -0.0284080505371094 0.00381088256835938 0.0209827423095703
0.0512123107910156 -0.0333251953125 -0.00141334533691406 0.0321540832519531
0.0585594177246094 -0.0210380554199219 -0.0117759704589844 0.0356636047363281
0.0584602355957031 0.0093536376953125 -0.0292072296142578 0.0307636260986328
0.0467910766601563 0.0376815795898438 -0.0326137542724609 0.0108451843261719
0.003662109375 0.0600738525390625 -0.0241870880126953 -0.0139617919921875
-0.0384101867675781 0.0616340637207031 -0.00797271728515625 0.0132484436035156
-0.0664176940917969 0.04620361328125 -0.044677734375 0.0363044738769531
-0.0537643432617187 -0.00245285034179687 -0.034332275390625 0.0861587524414063
-0.0540046691894531 0.0204010009765625 -0.04034423828125 0.0969390869140625
-0.0337295532226563 0.0388526916503906 0.000762939453124994 0.075592041015625
-0.00166702270507813 0.0531539916992188 0.0188980102539063 0.0480880737304687
0.02899169921875 0.0379905700683594 0.0161151885986328 0.0189189910888672
0.0544166564941406 0.0066375732421875 0.00697803497314453 0.00895595550537109
0.0500755310058594 -0.0186614990234375 -0.00454902648925781 0.0232925415039063
0.0426445007324219 -0.0187759399414062 -0.00911712646484375 0.0362625122070313
0.0482597351074219 -0.0225563049316406 -0.0133781433105469 0.0455474853515625
0.0546798706054688 -0.0114517211914063 -0.0252456665039062 0.04315185546875
0.0504913330078125 0.0160980224609375 -0.0379486083984375 0.0320053100585938
0.0357513427734375 0.0405654907226563 -0.0376243591308594 0.00921249389648438
-0.00882720947265625 0.05389404296875 -0.0236930847167969 -0.00913047790527343
-0.0465545654296875 0.0417404174804688 -0.0157356262207031 0.0230712890625
-0.0640640258789063 0.0183334350585938 -0.0638427734375 0.0425987243652344
-0.0239276885986328 -0.0300750732421875 -0.0463790893554688 0.0814437866210937
-0.0341758728027344 -0.0144863128662109 -0.0468673706054687 0.092437744140625
-0.0312347412109375 0.00453948974609375 -0.00199127197265626 0.0707015991210938
-0.0176525115966797 0.0277919769287109 0.0116195678710937 0.0399742126464844
0.00623321533203125 0.0302925109863281 0.00391197204589844 0.0132551193237305
0.0326557159423828 0.0176277160644531 -0.00888824462890625 0.0131521224975586
0.0374679565429688 -0.0014190673828125 -0.0193996429443359 0.0327606201171875
0.0334129333496094 -0.00566482543945312 -0.0204887390136719 0.0473747253417969
0.0387725830078125 -0.00875091552734375 -0.0252571105957031 0.0555076599121094
0.0433769226074219 -0.000637054443359375 -0.0394096374511719 0.0485267639160156
0.0374183654785156 0.0199012756347656 -0.0493011474609375 0.0314788818359375
0.0214385986328125 0.0384941101074219 -0.0436477661132813 0.00559616088867187
-0.0202484130859375 0.0417022705078125 -0.026214599609375 -0.0089874267578125
-0.0494956970214844 0.0168304443359375 -0.0265464782714844 0.026092529296875
-0.0536346435546875 -0.0114974975585938 -0.0814132690429688 0.0403671264648438
0.01739501953125 0.0390968322753906 0.0808029174804688 -0.0405502319335938
0.0468482971191406 0.00275802612304688 0.0379142761230469 -0.0164871215820313
0.0211734771728516 -0.0275039672851563 0.0300388336181641 0.0124702453613281
-0.00460624694824219 -0.0304851531982422 0.0587844848632813 0.00373077392578125
-0.0188808441162109 -0.0189838409423828 0.066497802734375 -0.0283966064453125
-0.0320968627929688 -0.00540542602539062 0.0507164001464844 -0.0571250915527344
-0.0255794525146484 -0.00193977355957031 0.0343170166015625 -0.0664176940917969
-0.0220012664794922 -0.00544548034667969 0.0243415832519531 -0.0554847717285156
-0.0275592803955078 -0.0122222900390625 0.02374267578125 -0.0376205444335937
-0.0103740692138672 -0.0272331237792969 0.0215225219726563 -0.0191802978515625
0.0166301727294922 -0.0270252227783203 -0.00284957885742187 -0.0111093521118164
0.0302410125732422 -0.0115795135498047 -0.0108222961425781 -0.0289497375488281
0.0323982238769531 0.0244560241699219 0.00527191162109374 -0.0714797973632813
0.0201263427734375 0.048675537109375 0.0378875732421875 -0.0927505493164062
-0.00318145751953125 0.0545310974121094 0.0488815307617187 -0.072509765625
-0.0107688903808594 0.0622024536132813 0.08636474609375 -0.019561767578125
0.03131103515625 0.03759765625 0.0418052673339844 -0.000812530517578123
0.0262584686279297 0.000421524047851562 0.0365219116210938 0.0230865478515625
0.0166406631469727 -0.0115537643432617 0.0672416687011719 0.0135726928710937
0.00571537017822265 -0.0152292251586914 0.0749969482421875 -0.0216751098632813
-0.00777626037597656 -0.0182876586914063 0.0595550537109375 -0.0562019348144531
-0.00697517395019531 -0.0200672149658203 0.0414009094238281 -0.0654106140136719
-0.00423812866210938 -0.0194816589355469 0.0302658081054687 -0.0520553588867188
-0.00395774841308594 -0.0289192199707031 0.02935791015625 -0.0309429168701172
0.0159435272216797 -0.0322055816650391 0.0228233337402344 -0.0123977661132813
0.0360794067382813 -0.0183525085449219 -0.00263309478759765 -0.00217008590698242
0.0460052490234375 0.00728607177734375 -0.0166912078857422 -0.0184993743896484
0.027862548828125 0.0485076904296875 -0.00678253173828126 -0.0625953674316406
-0.000274658203124996 0.0753555297851562 0.0235824584960937 -0.0775070190429688
-0.0282211303710938 0.075286865234375 0.0358123779296875 -0.0528678894042969
-0.0416946411132813 0.0749664306640625 0.0786590576171875 0.00754547119140626
0.00669097900390625 0.06787109375 0.0418014526367188 0.0256843566894531
0.0224704742431641 0.0346031188964844 0.0394706726074219 0.0362396240234375
0.0355796813964844 0.0149574279785156 0.0731735229492188 0.0256576538085938
0.0325164794921875 -0.00648307800292969 0.07763671875 -0.0114669799804687
0.020263671875 -0.0278835296630859 0.065032958984375 -0.0485801696777344
0.0130348205566406 -0.0373077392578125 0.0448875427246094 -0.0562973022460938
0.0164661407470703 -0.0335712432861328 0.0313186645507813 -0.0407218933105469
0.017333984375 -0.0397911071777344 0.0279598236083984 -0.0201072692871094
0.0343017578125 -0.0373420715332031 0.0204010009765625 -0.00207138061523438
0.0538253784179688 -0.0116386413574219 -0.00676774978637695 0.0082859992980957
0.0553245544433594 0.0195999145507813 -0.0230674743652344 -0.0072021484375
0.0286483764648437 0.063507080078125 -0.0196685791015625 -0.0507659912109375
-0.010498046875 0.09039306640625 0.00993728637695312 -0.0579566955566406
-0.0458297729492188 0.0868301391601563 0.0177688598632812 -0.029632568359375
-0.0699005126953125 0.0757675170898438 0.0591583251953125 0.0408172607421875
-0.022369384765625 0.0861129760742188 0.0288124084472656 0.0545158386230469
0.0117034912109375 0.0672111511230469 0.0382881164550781 0.0555953979492188
0.0461997985839844 0.0452041625976562 0.0679588317871094 0.0396919250488281
0.0538177490234375 0.009246826171875 0.073333740234375 0.0014495849609375
0.046875 -0.0303115844726563 0.06060791015625 -0.0368728637695313
0.0335121154785156 -0.0477142333984375 0.0412788391113281 -0.0360488891601563
0.0335502624511719 -0.0416221618652344 0.0266380310058594 -0.0224037170410156
0.0361213684082031 -0.0465850830078125 0.0223350524902344 -0.00294685363769532
0.0516510009765625 -0.0373039245605469 0.0122089385986328 0.0114631652832031
0.0632858276367188 -0.00602340698242188 -0.0128231048583984 0.0181694030761719
0.0626373291015625 0.0260467529296875 -0.0272102355957031 0.00142860412597657
0.0282859802246094 0.0686302185058594 -0.0268630981445313 -0.0350761413574219
-0.0179519653320313 0.0928726196289063 0.000408172607421871 -0.0329456329345703
-0.0561752319335938 0.0872268676757813 -0.00181877613067627 -0.00199246406555175
-0.081573486328125 0.0592803955078125 0.0278396606445313 0.0679092407226563
-0.0498886108398437 0.0852127075195313 0.0074920654296875 0.0814208984375
-0.00814056396484375 0.0813827514648437 0.0275230407714844 0.069732666015625
0.0423812866210937 0.0660438537597656 0.0564994812011719 0.049835205078125
0.0644035339355469 0.0240821838378906 0.055816650390625 0.0120429992675781
0.0665245056152344 -0.0250282287597656 0.0465660095214844 -0.0195846557617188
0.0482139587402344 -0.0471458435058594 0.0303916931152344 -0.0156822204589844
0.0438117980957031 -0.0413055419921875 0.0176906585693359 -0.00230026245117188
0.048095703125 -0.0479660034179688 0.0126962661743164 0.0140361785888672
0.0599708557128906 -0.03656005859375 0.00269126892089844 0.0246009826660156
0.0671119689941406 -0.0013275146484375 -0.0192604064941406 0.0276412963867188
0.0612030029296875 0.0305709838867187 -0.0296669006347656 0.00838851928710937
0.0217208862304687 0.0671234130859375 -0.0262165069580078 -0.0225448608398437
-0.0250091552734375 0.0846405029296875 -0.00273990631103516 -0.00689935684204101
-0.0639877319335938 0.0780181884765625 -0.0228939056396484 0.0230388641357422
-0.0796737670898438 0.0345382690429687 -0.00545501708984375 0.0875091552734375
-0.0623817443847656 0.0611038208007813 -0.0173721313476563 0.0987472534179688
-0.0254669189453125 0.0726547241210938 0.0163345336914063 0.0794601440429688
0.025543212890625 0.0719146728515625 0.03851318359375 0.0521965026855469
0.0566902160644531 0.0370903015136719 0.0336532592773438 0.0178298950195313
0.0696296691894531 -0.012451171875 0.0273876190185547 -0.00216293334960938
0.054229736328125 -0.0402679443359375 0.0132627487182617 0.00714492797851562
0.0490074157714844 -0.0354461669921875 0.00490951538085938 0.0198593139648437
0.0516166687011719 -0.040863037109375 0.00223922729492188 0.0335121154785156
0.0611419677734375 -0.0295257568359375 -0.0110130310058594 0.0367393493652344
0.0642776489257813 0.005157470703125 -0.0281982421875 0.0328407287597656
0.0525550842285156 0.0361289978027344 -0.031494140625 0.0107574462890625
0.00849914550781249 0.0657806396484375 -0.0254154205322266 -0.0151023864746094
-0.0369644165039063 0.0719146728515625 -0.00607109069824219 0.0115890502929688
-0.0687179565429688 0.0567855834960938 -0.043609619140625 0.0398902893066406
-0.0590782165527344 0.00312042236328125 -0.03045654296875 0.09295654296875
-0.0578727722167969 0.0282554626464844 -0.0356521606445313 0.104454040527344
-0.0346832275390625 0.0449905395507813 0.0038604736328125 0.0768051147460938
0.00336074829101562 0.0587425231933594 0.0213279724121094 0.0502128601074219
0.035888671875 0.0388336181640625 0.0158367156982422 0.0194969177246094
0.0597915649414063 0.00193405151367188 0.00622844696044922 0.0104494094848633
0.0511360168457031 -0.0240554809570313 -0.00295066833496093 0.0248031616210937
0.0445594787597656 -0.0249519348144531 -0.00679397583007812 0.0378494262695313
0.049072265625 -0.0305290222167969 -0.0108299255371094 0.0483894348144531
0.057647705078125 -0.0177383422851563 -0.0244178771972656 0.0454788208007812
0.0562477111816406 0.0119209289550781 -0.0386695861816406 0.0334625244140625
0.0426368713378906 0.0402030944824219 -0.0371322631835938 0.00976943969726562
-0.00434112548828125 0.0597305297851563 -0.0231723785400391 -0.009613037109375
-0.046478271484375 0.0507049560546875 -0.0139293670654297 0.025970458984375
-0.0676383972167969 0.0263557434082031 -0.0644950866699219 0.0482864379882813
-0.0296745300292969 -0.0272064208984375 -0.0431442260742187 0.0907745361328125
-0.0396652221679688 -0.0122871398925781 -0.0430526733398437 0.099822998046875
-0.0351428985595703 0.0100784301757813 0.000793457031249992 0.0724639892578125
-0.0172958374023438 0.0332012176513672 0.012420654296875 0.0391349792480469
0.0106487274169922 0.0329132080078125 0.00288105010986328 0.014582633972168
0.0379981994628906 0.0133056640625 -0.0106925964355469 0.0158758163452148
0.0398025512695312 -0.00719070434570312 -0.017913818359375 0.0359573364257813
0.0343284606933594 -0.0116252899169922 -0.0177001953125 0.0513267517089844
0.0405197143554688 -0.0150680541992188 -0.0230026245117188 0.0599861145019531
0.0460357666015625 -0.0045623779296875 -0.0394859313964844 0.0529212951660156
0.0410232543945313 0.0179939270019531 -0.0507049560546875 0.0345535278320313
0.0271720886230469 0.0389900207519531 -0.0458030700683594 0.00630950927734376
-0.0188674926757813 0.0475387573242188 -0.0269908905029297 -0.00865936279296874
-0.0513229370117188 0.0247116088867187 -0.0246162414550781 0.0297088623046875
-0.0601921081542969 -0.00661849975585938 -0.0827789306640625 0.04638671875
0.0216903686523438 0.0359916687011719 0.080230712890625 -0.0499649047851563
0.0491065979003906 -0.00026702880859375 0.0342693328857422 -0.0218029022216797
0.0196819305419922 -0.0286388397216797 0.0291385650634766 0.0109081268310547
-0.00679397583007813 -0.0314064025878906 0.060882568359375 0.000652313232421873
-0.0217170715332031 -0.0171375274658203 0.0668830871582031 -0.0355567932128906
-0.0317173004150391 -0.00133323669433594 0.0490760803222656 -0.0615921020507813
-0.0249576568603516 0.00118637084960938 0.0261611938476563 -0.0730743408203125
-0.0194416046142578 -0.00198173522949219 0.020782470703125 -0.0575790405273438
-0.0293903350830078 -0.00844573974609375 0.0223770141601563 -0.041229248046875
-0.0148143768310547 -0.0230655670166016 0.0204620361328125 -0.0253372192382813
0.012664794921875 -0.0296783447265625 0.000794410705566406 -0.0132684707641602
0.0272922515869141 -0.0145149230957031 -0.0115985870361328 -0.0299720764160156
0.0381622314453125 0.0176582336425781 0.003997802734375 -0.0721817016601563
0.0282630920410156 0.046539306640625 0.031829833984375 -0.0949172973632812
0.00181961059570312 0.0563697814941406 0.044342041015625 -0.0797576904296875
-0.0059661865234375 0.0655517578125 0.086761474609375 -0.0281143188476562
0.035369873046875 0.0315284729003906 0.0398483276367188 -0.00592041015625
0.0260047912597656 -0.00300216674804688 0.0388565063476563 0.0228691101074219
0.0142726898193359 -0.010838508605957 0.072052001953125 0.006988525390625
0.00507450103759766 -0.0167741775512695 0.0755767822265625 -0.0287933349609375
-0.0111732482910156 -0.0176105499267578 0.0559463500976562 -0.0635147094726563
-0.00844573974609375 -0.0195655822753906 0.0362548828125 -0.0726470947265625
-0.00423431396484375 -0.0208473205566406 0.0253105163574219 -0.0587921142578125
-0.00633621215820313 -0.0280685424804688 0.0286140441894531 -0.0376434326171875
0.0119152069091797 -0.0346183776855469 0.0230064392089844 -0.0169868469238281
0.0325984954833984 -0.0233173370361328 -0.00141692161560058 -0.00260162353515625
0.0493431091308594 0.00479888916015625 -0.0135726928710937 -0.0166082382202148
0.0335884094238281 0.0437278747558594 -0.0111656188964844 -0.0616188049316406
0.00843811035156249 0.0772018432617188 0.0174942016601562 -0.0827713012695313
-0.0203781127929688 0.0788040161132813 0.035736083984375 -0.05731201171875
-0.0389175415039062 0.0814361572265625 0.0841140747070313 0.000457763671875005
0.0107498168945313 0.0681648254394531 0.0429801940917969 0.0195579528808594
0.0267753601074219 0.036285400390625 0.0419578552246094 0.03509521484375
0.0367813110351563 0.0123748779296875 0.0775604248046875 0.0212173461914063
0.0335006713867188 -0.00736045837402344 0.07904052734375 -0.01806640625
0.0188312530517578 -0.0289154052734375 0.0644989013671875 -0.0578269958496094
0.0129852294921875 -0.0401573181152344 0.0419158935546875 -0.0641670227050781
0.0156059265136719 -0.0351715087890625 0.027984619140625 -0.0452651977539062
0.0148887634277344 -0.0425987243652344 0.0241851806640625 -0.0276031494140625
0.0323219299316406 -0.0401573181152344 0.0210838317871094 -0.00765228271484375
0.0531272888183594 -0.0173873901367188 -0.00481986999511718 0.00493669509887695
0.0594482421875 0.0123519897460938 -0.0218505859375 -0.00841331481933593
0.0350875854492188 0.0622634887695313 -0.0241889953613281 -0.0507049560546875
-0.00180816650390626 0.0918350219726563 0.00579452514648438 -0.0602989196777344
-0.0354843139648438 0.0946044921875 0.0188503265380859 -0.0326156616210937
-0.0681838989257813 0.0841140747070313 0.0656471252441406 0.0346145629882813
-0.01556396484375 0.0940628051757813 0.0308456420898438 0.0504264831542969
0.0156364440917969 0.0696182250976563 0.0410194396972656 0.0526046752929688
0.0501937866210938 0.0405540466308594 0.0757369995117188 0.0362472534179688
0.0579910278320312 0.00431060791015625 0.0727920532226563 -0.007049560546875
0.0459442138671875 -0.0390052795410156 0.0572395324707031 -0.04071044921875
0.0310592651367188 -0.0516242980957031 0.0397148132324219 -0.0437736511230469
0.0286483764648437 -0.0462265014648438 0.0272483825683594 -0.0275592803955078
0.0293731689453125 -0.05419921875 0.0220413208007813 -0.00629234313964844
0.0487518310546875 -0.0433235168457031 0.0137128829956055 0.00454616546630859
0.0630226135253906 -0.0151939392089844 -0.00876808166503906 0.0170087814331055
0.0674705505371094 0.0200614929199219 -0.0260906219482422 0.00567436218261718
0.0350570678710938 0.0713958740234375 -0.0294075012207031 -0.0358810424804687
-0.00760650634765625 0.102592468261719 0.000654220581054688 -0.0335159301757812
-0.05072021484375 0.0987319946289063 0.000183105468749997 -0.00626993179321288
-0.0810546875 0.0716094970703125 0.0327377319335937 0.0655326843261719
-0.0432815551757813 0.0945281982421875 0.01361083984375 0.07965087890625
-0.00112915039062501 0.08685302734375 0.031036376953125 0.0706100463867187
0.0505332946777344 0.0647315979003906 0.0598831176757813 0.047882080078125
0.0696601867675781 0.0212745666503906 0.0572738647460938 0.00732040405273438
0.0644493103027344 -0.0302886962890625 0.0467453002929688 -0.0228309631347656
0.0472526550292969 -0.0553398132324219 0.0284347534179688 -0.0222797393798828
0.0426673889160156 -0.0494270324707031 0.0139675140380859 -0.00388813018798828
0.04254150390625 -0.054107666015625 0.0159616470336914 0.0131626129150391
0.0588912963867188 -0.0435905456542969 0.00408363342285157 0.0225887298583984
0.07196044921875 -0.0102691650390625 -0.0194759368896484 0.0265331268310547
0.0660247802734375 0.0253028869628906 -0.0271930694580078 0.00705718994140625
0.0296630859375 0.071136474609375 -0.0316028594970703 -0.0245037078857422
-0.0182266235351563 0.094085693359375 -0.000509738922119143 -0.00774812698364257
-0.0574951171875 0.0867919921875 -0.0209331512451172 0.02197265625
-0.0838470458984375 0.0438690185546875 0.00275421142578124 0.0845947265625
-0.0592041015625 0.07623291015625 -0.00938415527343751 0.102775573730469
-0.0206527709960937 0.0847625732421875 0.0186386108398437 0.0790939331054688
0.03363037109375 0.0745086669921875 0.0406074523925781 0.0515480041503906
0.0603446960449219 0.0311012268066406 0.0340957641601563 0.0149574279785156
0.0746078491210937 -0.0195465087890625 0.0265083312988281 -0.00685501098632813
0.0560493469238281 -0.0475502014160156 0.0153865814208984 0.00813102722167969
0.0455360412597656 -0.0451583862304688 0.00785446166992188 0.0174713134765625
0.0495414733886719 -0.0501670837402344 0.00357437133789063 0.0284385681152344
0.0625953674316406 -0.0386276245117188 -0.00861358642578124 0.0355606079101563
0.0691261291503906 -0.002349853515625 -0.0236377716064453 0.0335235595703125
0.0606842041015625 0.0334396362304688 -0.0309581756591797 0.0142822265625
0.0169715881347656 0.0661201477050781 -0.0245285034179688 -0.0151653289794922
-0.0363235473632812 0.0803680419921875 -0.00277233123779297 0.0123682022094727
-0.061553955078125 0.0654830932617188 -0.0395660400390625 0.0440559387207031
-0.0641517639160156 0.0102348327636719 -0.022796630859375 0.0993194580078125
-0.0578689575195312 0.0374565124511719 -0.0282211303710937 0.107078552246094
-0.0327873229980469 0.0533103942871094 0.00796508789062501 0.0777359008789063
0.00950241088867187 0.0639495849609375 0.0254859924316406 0.0463371276855469
0.0425529479980469 0.0363273620605469 0.0176200866699219 0.0200996398925781
0.0609893798828125 -0.00669479370117188 0.00420999526977539 0.00803422927856445
0.0496025085449219 -0.0326156616210938 -0.0010833740234375 0.0268077850341797
0.0437774658203125 -0.0321998596191406 -0.00360107421875 0.0399322509765625
0.0477523803710938 -0.0376968383789063 -0.00793075561523437 0.0509567260742188
0.0584182739257813 -0.0262184143066406 -0.0218849182128906 0.047882080078125
0.0625038146972656 0.00635528564453125 -0.0372772216796875 0.0372810363769531
0.0495033264160156 0.0380897521972656 -0.0389213562011719 0.0111122131347656
0.00295639038085938 0.0637016296386719 -0.024993896484375 -0.0108470916748047
-0.0445785522460937 0.0571823120117188 -0.00866508483886719 0.0256023406982422
-0.0663795471191406 0.0367469787597656 -0.06256103515625 0.0557022094726563
-0.0369453430175781 -0.0231170654296875 -0.040435791015625 0.0976181030273438
-0.0441551208496094 -0.00479507446289062 -0.0375823974609375 0.105461120605469
-0.0366287231445313 0.0135955810546875 0.00384521484375 0.0714340209960938
-0.0123367309570312 0.037750244140625 0.0136566162109375 0.0388526916503906
0.0174598693847656 0.0311450958251953 0.00132179260253906 0.019287109375
0.0417594909667969 0.0092010498046875 -0.0104045867919922 0.0187454223632813
0.03936767578125 -0.0123100280761719 -0.0164260864257812 0.0425796508789063
0.0336742401123047 -0.0143146514892578 -0.0118293762207031 0.0537147521972656
0.0418701171875 -0.0193328857421875 -0.0233497619628906 0.0632247924804688
0.0471611022949219 -0.0123519897460938 -0.0365638732910156 0.0558433532714844
0.0477027893066406 0.0114555358886719 -0.0462226867675781 0.039215087890625
0.0353355407714844 0.0376663208007813 -0.0480194091796875 0.00969696044921876
-0.0139274597167969 0.0525321960449219 -0.0241165161132813 -0.0064544677734375
-0.0480270385742188 0.0307197570800781 -0.0234222412109375 0.0332183837890625
-0.0647468566894531 0.00131607055664061 -0.0811080932617188 0.057769775390625
0.0253620147705078 0.0340213775634766 0.0768203735351563 -0.0551071166992188
0.0447235107421875 -0.0074005126953125 0.031463623046875 -0.0242881774902344
0.0139694213867188 -0.0327472686767578 0.0302677154541016 0.0089111328125
-0.0100421905517578 -0.0290374755859375 0.0596542358398438 -0.00216293334960938
-0.0223026275634766 -0.0153846740722656 0.0646018981933594 -0.0375938415527344
-0.0329017639160156 0.0033416748046875 0.0432968139648438 -0.0661392211914063
-0.0246601104736328 0.00342178344726562 0.0230178833007812 -0.0757369995117187
-0.0213069915771484 -0.000383377075195317 0.0150566101074219 -0.0624580383300781
-0.0284481048583984 -0.00510406494140625 0.0171890258789062 -0.0459060668945313
-0.0163898468017578 -0.0221233367919922 0.0187892913818359 -0.0274562835693359
0.00748252868652343 -0.0314064025878906 0.00129604339599609 -0.0146369934082031
0.0248737335205078 -0.0179195404052734 -0.009857177734375 -0.0297298431396484
0.0386810302734375 0.0150604248046875 -0.000946044921874996 -0.0705795288085938
0.0317192077636719 0.0422897338867188 0.0240020751953125 -0.0979385375976563
0.010162353515625 0.0513687133789063 0.0401458740234375 -0.0847091674804687
-0.00154495239257812 0.0641975402832031 0.0838623046875 -0.0376434326171875
0.0376358032226563 0.0306396484375 0.0406036376953125 -0.00978851318359375
0.0237007141113281 -0.00330352783203125 0.0370101928710938 0.0183639526367188
0.0144872665405273 -0.0135602951049805 0.0690803527832031 0.00509262084960937
0.00418758392333984 -0.0154800415039062 0.0726089477539063 -0.0333480834960938
-0.00977420806884765 -0.015228271484375 0.05377197265625 -0.0683479309082031
-0.00991058349609374 -0.0198612213134766 0.0313339233398438 -0.0763320922851562
-0.00618743896484375 -0.0203685760498047 0.0199241638183594 -0.0614738464355469
-0.00900650024414062 -0.0259017944335937 0.0214805603027344 -0.0421371459960937
0.00710487365722656 -0.0336723327636719 0.0217514038085938 -0.0223102569580078
0.0326461791992188 -0.0252094268798828 0.00122785568237305 -0.00676155090332031
0.0448989868164063 -0.000514984130859375 -0.0138339996337891 -0.0185337066650391
0.0375480651855469 0.0429878234863281 -0.0126457214355469 -0.0609703063964844
0.0162506103515625 0.0731124877929688 0.0128555297851562 -0.0833511352539063
-0.0127639770507812 0.0794677734375 0.0316352844238281 -0.0657615661621094
-0.0313034057617188 0.0840606689453125 0.083099365234375 -0.0079803466796875
0.0170631408691406 0.0671844482421875 0.0438575744628906 0.0140724182128906
0.0281238555908203 0.0339679718017578 0.042755126953125 0.03125
0.0394706726074219 0.0106048583984375 0.0756759643554688 0.0155258178710938
0.0332851409912109 -0.0108127593994141 0.0767059326171875 -0.0238418579101563
0.0171432495117188 -0.0299720764160156 0.0564193725585938 -0.0603866577148438
0.00843429565429688 -0.0396652221679688 0.0349998474121094 -0.0685462951660156
0.0126953125 -0.03704833984375 0.0218696594238281 -0.04998779296875
0.0116424560546875 -0.0436477661132812 0.0213375091552734 -0.0299949645996094
0.0284767150878906 -0.0425682067871094 0.0190181732177734 -0.0131435394287109
0.0520896911621094 -0.0224990844726563 -0.00299739837646484 0.00307512283325195
0.0606842041015625 0.00972366333007812 -0.0188121795654297 -0.007537841796875
0.0402870178222656 0.0602264404296875 -0.0249214172363281 -0.0460624694824219
0.00656890869140625 0.0937728881835938 0.000888824462890631 -0.06134033203125
-0.0294570922851563 0.0974502563476563 0.0170860290527344 -0.038238525390625
-0.0596237182617188 0.0915908813476562 0.0690345764160156 0.0268707275390625
-0.0117874145507813 0.0936355590820313 0.0365676879882813 0.0457687377929688
0.0218238830566406 0.0684394836425781 0.0421295166015625 0.048675537109375
0.0557785034179688 0.03936767578125 0.0728912353515625 0.0288543701171875
0.0595588684082031 0.00037384033203125 0.07342529296875 -0.0103836059570313
0.0437774658203125 -0.0372390747070313 0.0542831420898437 -0.0474090576171875
0.0270042419433594 -0.0546188354492187 0.0339469909667969 -0.0480384826660156
0.0262069702148437 -0.049346923828125 0.0200843811035156 -0.0311012268066406
0.0281448364257813 -0.0558586120605469 0.0192546844482422 -0.0131206512451172
0.043975830078125 -0.0491371154785156 0.0139350891113281 0.00183486938476562
0.0647163391113281 -0.0189094543457031 -0.00798034667968749 0.0135574340820312
0.0708160400390625 0.0160980224609375 -0.0232505798339844 0.00244712829589844
0.0404586791992187 0.0658187866210938 -0.0289020538330078 -0.0319461822509766
0.000152587890625003 0.100723266601562 -0.0025787353515625 -0.0355110168457031
-0.041748046875 0.103302001953125 0.00180006027221679 -0.00765228271484374
-0.07733154296875 0.0788040161132812 0.042083740234375 0.0611305236816406
-0.0376129150390625 0.100616455078125 0.0215911865234375 0.0762710571289063
0.00406646728515624 0.0872116088867187 0.0336456298828125 0.0646209716796875
0.0565414428710938 0.0618820190429688 0.0618629455566406 0.0419349670410156
0.0707626342773438 0.014251708984375 0.0579414367675781 0.0059356689453125
0.062103271484375 -0.03619384765625 0.0422210693359375 -0.0270500183105469
0.0418434143066406 -0.0576133728027344 0.0266208648681641 -0.0209140777587891
0.0365142822265625 -0.0520210266113281 0.0160436630249023 -0.00799560546875
0.0398597717285156 -0.0600509643554687 0.0131988525390625 0.00922107696533203
0.0550765991210937 -0.0497932434082031 0.0038909912109375 0.0182209014892578
0.070465087890625 -0.0155105590820313 -0.0157279968261719 0.0235385894775391
0.07086181640625 0.0204010009765625 -0.0258464813232422 0.00952911376953125
0.0342636108398438 0.0695343017578125 -0.0284996032714844 -0.0202255249023437
-0.0106964111328125 0.096923828125 -0.00273323059082031 -0.0094308853149414
-0.0514755249023438 0.093475341796875 -0.0161476135253906 0.0205535888671875
-0.0778732299804688 0.0540084838867188 0.0108489990234375 0.086029052734375
-0.054534912109375 0.0792312622070313 -0.00177764892578126 0.0982131958007813
-0.0169219970703125 0.0839996337890625 0.0234527587890625 0.0735092163085938
0.040771484375 0.0718841552734375 0.0437545776367188 0.0481224060058594
0.06707763671875 0.0278892517089844 0.0361328125 0.01458740234375
0.0701866149902344 -0.0268936157226563 0.0244407653808594 -0.00601577758789063
0.0496482849121094 -0.0527992248535156 0.0152215957641602 0.00400447845458984
0.0425872802734375 -0.0470161437988281 0.00820732116699219 0.0183181762695313
0.04681396484375 -0.0561065673828125 0.0027923583984375 0.0307426452636719
0.0591278076171875 -0.0426483154296875 -0.00760650634765625 0.0338230133056641
0.0693511962890625 -0.00732421875 -0.0222988128662109 0.0317306518554688
0.06463623046875 0.0269203186035156 -0.0289440155029297 0.0133171081542969
0.0213165283203125 0.0675888061523438 -0.0254135131835937 -0.0137062072753906
-0.0250091552734375 0.0855712890625 -0.00264072418212891 0.0108194351196289
-0.0581588745117187 0.0729446411132813 -0.034698486328125 0.043243408203125
-0.0641021728515625 0.0180091857910156 -0.0129623413085938 0.100212097167969
-0.0568771362304687 0.042877197265625 -0.0193862915039063 0.107589721679687
-0.0285377502441406 0.05694580078125 0.01177978515625 0.0748062133789063
0.0159225463867188 0.0624465942382813 0.0243263244628906 0.0477714538574219
0.0479087829589844 0.0342369079589844 0.0159206390380859 0.0199527740478516
0.0615806579589844 -0.0120391845703125 0.00713634490966797 0.0105342864990234
0.0482444763183594 -0.038909912109375 0.0019073486328125 0.0270214080810547
0.0408782958984375 -0.0369338989257813 -0.000560760498046872 0.0397224426269531
0.0455322265625 -0.0446281433105469 -0.00529098510742187 0.0485725402832031
0.0555648803710938 -0.0326576232910156 -0.0202980041503906 0.0478668212890625
0.0623703002929688 0.000339508056640625 -0.0343971252441406 0.0367507934570313
0.0541152954101563 0.0319175720214844 -0.0369911193847656 0.0133895874023438
0.00718307495117188 0.0632705688476562 -0.0242443084716797 -0.00743675231933594
-0.0387802124023438 0.0650062561035156 -0.00692939758300782 0.0262660980224609
-0.0639266967773438 0.0428123474121094 -0.0558090209960938 0.0578575134277344
-0.0392227172851563 -0.0215530395507812 -0.0306472778320312 0.100479125976563
-0.045623779296875 0.00157928466796875 -0.0272674560546875 0.106590270996094
-0.0339603424072266 0.0201969146728516 0.00855255126953125 0.0693473815917969
-0.00787353515625 0.0391578674316406 0.0142326354980469 0.0416069030761719
0.0227851867675781 0.0313892364501953 0.00179100036621094 0.0178451538085938
0.0425071716308594 0.0045623779296875 -0.0100154876708984 0.0208663940429688
0.0375595092773438 -0.0183563232421875 -0.00936126708984375 0.0426101684570313
0.0330581665039063 -0.0202522277832031 -0.00880050659179687 0.0565071105957031
0.0377388000488281 -0.0261650085449219 -0.014556884765625 0.0641021728515625
0.046173095703125 -0.0170364379882813 -0.03216552734375 0.0574417114257813
0.0475959777832031 0.00807952880859375 -0.0465316772460938 0.0403099060058594
0.0383720397949219 0.033050537109375 -0.0448112487792969 0.0112991333007813
-0.00742721557617188 0.05145263671875 -0.0277652740478516 -0.006134033203125
-0.0468101501464844 0.0367813110351562 -0.0173816680908203 0.0329685211181641
-0.0606880187988281 0.00799179077148437 -0.0768585205078125 0.0616226196289063
0.027618408203125 0.0307712554931641 0.0710372924804688 -0.0579833984375
0.0423088073730469 -0.00979995727539063 0.0272541046142578 -0.0250892639160156
0.0114154815673828 -0.0323944091796875 0.0293846130371094 0.00879096984863281
-0.0129718780517578 -0.0277671813964844 0.0582389831542969 -0.00481414794921875
-0.0237674713134766 -0.0132503509521484 0.0616340637207031 -0.0395164489746094
-0.0314865112304688 0.005889892578125 0.0409431457519531 -0.0679664611816406
-0.0236434936523437 0.00635719299316406 0.0181961059570313 -0.0761642456054687
-0.0207195281982422 0.00174331665039062 0.0110702514648438 -0.0627975463867188
-0.0278148651123047 -0.002197265625 0.0140533447265625 -0.0474128723144531
-0.0184459686279297 -0.0199260711669922 0.0161495208740234 -0.0311241149902344
0.00396347045898438 -0.0305461883544922 0.00207901000976563 -0.0175399780273438
0.0242252349853516 -0.0192413330078125 -0.00832366943359375 -0.0296974182128906
0.0388374328613281 0.011016845703125 -0.00234222412109375 -0.0675621032714844
0.0342445373535156 0.0384407043457031 0.0203857421875 -0.09649658203125
0.0125465393066406 0.0493736267089844 0.0355300903320313 -0.0873870849609375
0.00280761718750001 0.0623741149902344 0.0808486938476563 -0.041351318359375
0.0357933044433594 0.0282211303710938 0.0366249084472656 -0.0127182006835937
0.0229568481445312 -0.00264549255371094 0.0358772277832031 0.0168266296386719
0.0127363204956055 -0.0125398635864258 0.0684280395507813 0.00190353393554687
0.00270748138427735 -0.0150394439697266 0.0705795288085938 -0.0355606079101563
-0.0100984573364258 -0.0130043029785156 0.0493240356445313 -0.0699615478515625
-0.00960731506347656 -0.0178623199462891 0.0250778198242187 -0.0780258178710938
-0.00567245483398437 -0.0192985534667969 0.0156974792480469 -0.0623970031738281
-0.0100517272949219 -0.0236759185791016 0.0182876586914063 -0.0444526672363281
0.0053558349609375 -0.0321559906005859 0.0197982788085937 -0.0258750915527344
0.0297794342041016 -0.0257911682128906 0.00107955932617188 -0.0101871490478516
0.0438308715820313 -0.00315093994140625 -0.0115089416503906 -0.0198898315429688
0.0393257141113281 0.038604736328125 -0.0134696960449219 -0.0570144653320313
0.0201034545898438 0.0706634521484375 0.009490966796875 -0.0819015502929687
-0.00815582275390625 0.0780181884765625 0.0278053283691406 -0.0675697326660156
-0.0265350341796875 0.0852127075195313 0.0814590454101563 -0.0138168334960937
0.0191078186035156 0.0649604797363281 0.0408134460449219 0.0101089477539063
0.0285015106201172 0.0336570739746094 0.0408668518066406 0.029510498046875
0.0385360717773438 0.0088348388671875 0.07440185546875 0.0127944946289063
0.0317897796630859 -0.0123119354248047 0.0745620727539062 -0.026611328125
0.0152797698974609 -0.0297393798828125 0.05328369140625 -0.0629653930664063
0.00637435913085937 -0.0392570495605469 0.03033447265625 -0.0689888000488281
0.00980377197265625 -0.0379295349121094 0.0185279846191406 -0.0518951416015625
0.00856781005859375 -0.0435295104980469 0.0181503295898438 -0.0332221984863281
0.0262603759765625 -0.0432510375976563 0.017578125 -0.0160484313964844
0.0499420166015625 -0.0249900817871094 -0.00173211097717285 -4.398822784424E-05
0.0603866577148438 0.00570297241210938 -0.0162668228149414 -0.00905704498291015
0.0426445007324219 0.055999755859375 -0.0233345031738281 -0.0440521240234375
0.0117950439453125 0.0918502807617187 0.000240325927734382 -0.0607070922851562
-0.0233993530273437 0.0963592529296875 0.0161895751953125 -0.0413665771484375
-0.0542449951171875 0.0939178466796875 0.068267822265625 0.0219039916992188
-0.00641632080078125 0.0929641723632813 0.0365638732910156 0.0407829284667969
0.023651123046875 0.0691261291503906 0.0412979125976563 0.04644775390625
0.0573310852050781 0.0355911254882813 0.0723724365234375 0.0258560180664063
0.0585098266601562 -0.003265380859375 0.0703353881835938 -0.0130386352539062
0.0410728454589844 -0.0396957397460938 0.0504531860351563 -0.0482635498046875
0.0233154296875 -0.0542755126953125 0.0303192138671875 -0.0503807067871094
0.0240745544433594 -0.0500564575195313 0.0179004669189453 -0.0331020355224609
0.0250015258789062 -0.0565299987792969 0.0165739059448242 -0.0153541564941406
0.0410118103027344 -0.0514602661132812 0.0126276016235352 -0.00192642211914063
0.06298828125 -0.0229988098144531 -0.00699043273925781 0.010899543762207
0.0694046020507813 0.0111541748046875 -0.0205478668212891 0.000547409057617184
0.0436439514160156 0.0650520324707031 -0.0282745361328125 -0.0303382873535156
0.006103515625 0.100784301757813 -0.00255584716796875 -0.0360031127929687
-0.0351333618164063 0.102958679199219 0.00253105163574219 -0.0106315612792969
-0.07330322265625 0.0833816528320313 0.0440292358398438 0.0562858581542969
-0.0330963134765625 0.09991455078125 0.0226364135742187 0.0719223022460938
0.00998687744140625 0.0892105102539063 0.0347862243652344 0.0617904663085938
0.0601234436035156 0.0592613220214844 0.0617713928222656 0.0387344360351563
0.0724868774414063 0.0108184814453125 0.0563888549804688 0.00246429443359375
0.060546875 -0.0404052734375 0.0402565002441406 -0.0278244018554688
0.0373725891113281 -0.0598373413085938 0.0246906280517578 -0.0243415832519531
0.0348472595214844 -0.054901123046875 0.0150308609008789 -0.00867176055908203
0.0361480712890625 -0.0622482299804687 0.0111017227172852 0.00627899169921875
0.052093505859375 -0.05291748046875 0.0048055648803711 0.0153322219848633
0.0698699951171875 -0.0196495056152344 -0.0138740539550781 0.0216407775878906
0.0721969604492188 0.0165023803710938 -0.0239276885986328 0.00778579711914063
0.0377082824707031 0.0678291320800781 -0.0265712738037109 -0.0194644927978516
-0.00439453125 0.098114013671875 -0.001678466796875 -0.0107860565185547
-0.0450820922851562 0.0954360961914063 -0.0141830444335938 0.0191593170166016
-0.0757217407226562 0.0574722290039063 0.0161819458007812 0.0843734741210938
-0.049774169921875 0.0822296142578125 0.00266265869140626 0.09393310546875
-0.01092529296875 0.0855789184570313 0.0234146118164062 0.0713043212890625
0.0455169677734375 0.0690269470214844 0.0439491271972656 0.045654296875
0.0687484741210938 0.0234031677246094 0.035919189453125 0.0140151977539063
0.0672492980957031 -0.0309410095214844 0.0242023468017578 -0.00646018981933594
0.0448951721191406 -0.05511474609375 0.0156087875366211 0.00316905975341797
0.0401077270507813 -0.0516777038574219 0.00858402252197266 0.0157899856567383
0.0427742004394531 -0.0584220886230469 0.00394058227539063 0.0287246704101562
0.0556716918945313 -0.0476036071777344 -0.00612831115722656 0.0320644378662109
0.0693740844726563 -0.0134811401367188 -0.0223102569580078 0.0309391021728516
0.0675392150878906 0.0225677490234375 -0.0284194946289062 0.0124359130859375
0.0258293151855469 0.0678062438964844 -0.0242538452148438 -0.0120391845703125
-0.0188980102539063 0.0861663818359375 -0.00035381317138672 0.00960922241210938
-0.0552978515625 0.0752639770507813 -0.0308341979980469 0.0435218811035156
-0.0639114379882813 0.0213432312011719 -0.0091705322265625 0.098846435546875
-0.0542221069335938 0.0473670959472656 -0.014556884765625 0.105270385742188
-0.0265121459960938 0.060577392578125 0.0137710571289063 0.0721282958984375
0.0212478637695312 0.0619430541992188 0.0259284973144531 0.0455436706542969
0.0503311157226563 0.0301094055175781 0.0161075592041016 0.0196285247802734
0.0600051879882813 -0.0167198181152344 0.00645542144775391 0.011082649230957
0.0446205139160156 -0.0417366027832031 0.00319290161132813 0.0265712738037109
0.0380821228027344 -0.0401458740234375 0.00185012817382812 0.0383567810058594
0.0421485900878906 -0.0478782653808594 -0.00288391113281249 0.0480842590332031
0.05340576171875 -0.0377845764160156 -0.01806640625 0.0469398498535156
0.0623397827148438 -0.00451278686523438 -0.0326156616210938 0.0376091003417969
0.0562515258789063 0.0284881591796875 -0.0349330902099609 0.0131969451904297
0.0107002258300781 0.06317138671875 -0.0240497589111328 -0.00821113586425781
-0.0338973999023438 0.0677032470703125 -0.00501632690429688 0.024169921875
-0.0604171752929688 0.0466690063476563 -0.0512619018554687 0.0589599609375
-0.0404090881347656 -0.017974853515625 -0.02545166015625 0.10064697265625
-0.0449600219726563 0.00526809692382813 -0.0230255126953125 0.103607177734375
-0.033966064453125 0.0235748291015625 0.00954437255859374 0.0672073364257813
-0.00503158569335938 0.0411529541015625 0.0139961242675781 0.0394248962402344
0.0238151550292969 0.02880859375 0.00184822082519531 0.01934814453125
0.0420150756835938 -0.00025177001953125 -0.00804328918457031 0.0230503082275391
0.0369071960449219 -0.0214958190917969 -0.00772857666015625 0.0429801940917969
0.0310783386230469 -0.0232295989990234 -0.00551605224609375 0.0554466247558594
0.0357666015625 -0.029388427734375 -0.0121536254882812 0.0637359619140625
0.0445442199707031 -0.021514892578125 -0.0300216674804687 0.05841064453125
0.04779052734375 0.00409317016601562 -0.045013427734375 0.0422706604003906
0.0396728515625 0.0295372009277344 -0.0435333251953125 0.0124244689941406
-0.00450515747070312 0.0516357421875 -0.0262775421142578 -0.00712966918945312
-0.0439033508300781 0.0414543151855469 -0.0137081146240234 0.0323104858398438
-0.0592079162597656 0.0122261047363281 -0.0721969604492188 0.0637741088867188
0.0277843475341797 0.0294322967529297 0.0698814392089844 -0.058746337890625
0.0408439636230469 -0.0110282897949219 0.0252971649169922 -0.0247917175292969
0.0108299255371094 -0.0313720703125 0.0283164978027344 0.00944137573242188
-0.0140094757080078 -0.0263805389404297 0.0578384399414063 -0.00469207763671875
-0.0246391296386719 -0.0115909576416016 0.0609397888183594 -0.0405311584472656
-0.0300331115722656 0.00689697265625 0.0403900146484375 -0.0689773559570313
-0.0223426818847656 0.00704383850097657 0.016448974609375 -0.0764236450195313
-0.0200576782226562 0.00238609313964844 0.00941848754882812 -0.0631866455078125
-0.0267238616943359 -0.000125885009765627 0.0122146606445312 -0.0487213134765625
-0.0188827514648437 -0.0182762145996094 0.0156135559082031 -0.0339622497558594
0.001922607421875 -0.0298843383789063 0.00239753723144531 -0.0193901062011719
0.0229949951171875 -0.0200977325439453 -0.00667381286621093 -0.0301475524902344
0.0382194519042969 0.00854110717773437 -0.00144577026367187 -0.0666885375976563
0.0353012084960938 0.0357933044433594 0.0192337036132812 -0.095672607421875
0.0140037536621094 0.0475578308105469 0.0347900390625 -0.0890426635742188
0.00405502319335937 0.061370849609375 0.0800323486328125 -0.0426483154296875
0.036041259765625 0.0274658203125 0.0345611572265625 -0.0132503509521484
0.0229587554931641 -0.00240707397460937 0.0347766876220703 0.0169887542724609
0.0129098892211914 -0.0122108459472656 0.0677986145019531 0.00256729125976562
0.00199604034423828 -0.0147666931152344 0.0698280334472656 -0.036895751953125
-0.00931549072265625 -0.0124645233154297 0.0476455688476562 -0.0704498291015625
-0.00978851318359375 -0.0174379348754883 0.0236892700195313 -0.0787353515625
-0.00551414489746094 -0.0194625854492188 0.0135726928710938 -0.0631103515625
-0.00936698913574219 -0.0229988098144531 0.0157508850097656 -0.0456314086914063
0.00504684448242187 -0.0314655303955078 0.0184688568115234 -0.0290851593017578
0.0282745361328125 -0.0269985198974609 0.00223827362060547 -0.0126705169677734
0.0436668395996094 -0.00431060791015625 -0.00932693481445312 -0.0205879211425781
0.0397186279296875 0.03680419921875 -0.0123672485351562 -0.0563735961914062
0.0223159790039062 0.0685501098632813 0.00888824462890625 -0.0810165405273438
-0.00621795654296874 0.0768356323242188 0.0282096862792969 -0.0702667236328125
-0.0246353149414063 0.0855178833007813 0.080474853515625 -0.016082763671875
0.0196189880371094 0.0649070739746094 0.039276123046875 0.0084381103515625
0.0287227630615234 0.0341587066650391 0.0400009155273438 0.0291213989257813
0.0388679504394531 0.00849533081054688 0.073455810546875 0.0124435424804688
0.0320854187011719 -0.0125331878662109 0.0736465454101563 -0.02734375
0.0153179168701172 -0.0293388366699219 0.0512542724609375 -0.0635337829589844
0.00616455078125 -0.0392990112304688 0.0281143188476562 -0.0699386596679688
0.00911712646484375 -0.0380401611328125 0.0154838562011719 -0.0528450012207031
0.00783157348632813 -0.0431785583496094 0.0165767669677734 -0.0345268249511719
0.0249290466308594 -0.0436439514160156 0.0167083740234375 -0.0185413360595703
0.0487213134765625 -0.025909423828125 -0.00145292282104492 -0.00305747985839844
0.0602645874023437 0.00413131713867187 -0.0145816802978516 -0.0106172561645508
0.0437049865722656 0.0551338195800781 -0.0222129821777344 -0.0431251525878906
0.0147018432617188 0.0911331176757813 -1.14440917968723E-05 -0.0604705810546875
-0.02099609375 0.0962142944335937 0.016326904296875 -0.0440330505371094
-0.0518875122070313 0.09539794921875 0.0690193176269531 0.0190658569335938
-0.00379180908203126 0.0933914184570313 0.034698486328125 0.0384330749511719
0.0255508422851563 0.0697288513183594 0.0401229858398438 0.0455436706542969
0.0585784912109375 0.0345687866210938 0.07171630859375 0.025543212890625
0.0589256286621094 -0.0044403076171875 0.0689163208007813 -0.0125465393066406
0.0402069091796875 -0.0402793884277344 0.0482864379882813 -0.0484619140625
0.0223350524902344 -0.0557746887207031 0.028564453125 -0.05120849609375
0.0230903625488281 -0.0512161254882813 0.0167636871337891 -0.0342979431152344
0.0231513977050781 -0.0578804016113281 0.0148086547851563 -0.0169668197631836
0.0396881103515625 -0.0525474548339844 0.0114631652832031 -0.00405597686767578
0.0621299743652344 -0.02557373046875 -0.00633859634399414 0.00827550888061523
0.070465087890625 0.00848388671875 -0.0190334320068359 -0.000772476196289064
0.044891357421875 0.0641441345214844 -0.0267906188964844 -0.0304050445556641
0.00843048095703125 0.1004638671875 -0.00191879272460937 -0.0360488891601562
-0.0324783325195313 0.103324890136719 0.00309181213378906 -0.0132923126220703
-0.0713577270507812 0.0863418579101563 0.0461845397949219 0.0543212890625
-0.0302352905273438 0.100502014160156 0.0223846435546875 0.0686302185058594
0.0106201171875 0.0904693603515625 0.0333290100097656 0.0598678588867188
0.0621681213378906 0.0590286254882813 0.0611343383789063 0.038543701171875
0.0737838745117188 0.0095367431640625 0.0556793212890625 0.00197219848632813
0.0602989196777344 -0.0415153503417969 0.0388526916503906 -0.0282554626464844
0.0355567932128906 -0.0622406005859375 0.0236644744873047 -0.0251674652099609
0.0331840515136719 -0.057464599609375 0.013707160949707 -0.0100059509277344
0.0345802307128906 -0.0640907287597656 0.0100536346435547 0.00469303131103515
0.05029296875 -0.0552749633789062 0.00384140014648438 0.0128250122070312
0.0696640014648438 -0.0222396850585938 -0.0136775970458984 0.0200214385986328
0.0730972290039063 0.01409912109375 -0.0228099822998047 0.00627899169921875
0.0399017333984375 0.0682258605957031 -0.0262947082519531 -0.0191593170166016
-0.00136566162109375 0.0988998413085937 -0.0005950927734375 -0.0118303298950195
-0.043212890625 0.0962066650390625 -0.0122079849243164 0.0170125961303711
-0.074737548828125 0.0607223510742188 0.0177154541015625 0.0824737548828125
-0.04803466796875 0.0836563110351562 0.00302886962890626 0.0920639038085938
-0.0093994140625 0.0877761840820312 0.0221061706542969 0.0688743591308594
0.0479202270507813 0.0678749084472656 0.0430908203125 0.0456275939941406
0.0704116821289062 0.0210418701171875 0.0354194641113281 0.0144233703613281
0.0667800903320313 -0.0332527160644531 0.0224990844726563 -0.00584793090820313
0.0420799255371094 -0.0575828552246094 0.0150213241577148 0.00193214416503906
0.0376663208007813 -0.0535049438476562 0.00860786437988282 0.0153102874755859
0.04022216796875 -0.06072998046875 0.00398635864257813 0.0273208618164062
0.0538558959960938 -0.0515975952148438 -0.00605201721191406 0.0301933288574219
0.0696640014648438 -0.0164794921875 -0.0226097106933594 0.029296875
0.0690803527832031 0.0197830200195313 -0.0280971527099609 0.0109920501708984
0.0275077819824219 0.068328857421875 -0.0243434906005859 -0.0136432647705078
-0.0159149169921875 0.0882110595703125 0.000203609466552733 0.0072321891784668
-0.0524673461914063 0.0778656005859375 -0.0292854309082031 0.04205322265625
-0.0643730163574219 0.0243301391601563 -0.00777435302734377 0.0981292724609375
-0.0524978637695313 0.0494766235351563 -0.0127105712890625 0.1033935546875
-0.025360107421875 0.0630569458007812 0.0131149291992188 0.0704116821289063
0.023712158203125 0.0616989135742188 0.0245857238769531 0.0455856323242188
0.05218505859375 0.028350830078125 0.0160045623779297 0.0207023620605469
0.0594482421875 -0.0190277099609375 0.00651264190673828 0.0123329162597656
0.0424995422363281 -0.0438423156738281 0.00461387634277344 0.0262889862060547
0.0367889404296875 -0.0423545837402344 0.00258636474609375 0.0372390747070313
0.0399703979492188 -0.0496482849121094 -0.003143310546875 0.0467033386230469
0.0517654418945312 -0.0396842956542969 -0.0175247192382812 0.0453948974609375
0.0630073547363281 -0.00739669799804688 -0.0337104797363281 0.0361900329589844
0.0579071044921875 0.0262641906738281 -0.03460693359375 0.0118141174316406
0.01312255859375 0.063262939453125 -0.0231208801269531 -0.00870513916015624
-0.0311813354492187 0.069610595703125 -0.00306892395019531 0.0233421325683594
-0.0589485168457031 0.0489349365234375 -0.0495147705078125 0.0581817626953125
-0.0426292419433594 -0.0157737731933594 -0.0242080688476562 0.100822448730469
-0.0448799133300781 0.00708770751953124 -0.0213394165039063 0.102714538574219
-0.0340557098388672 0.0257816314697266 0.00832366943359375 0.0656089782714844
-0.00238800048828125 0.0422897338867187 0.0127525329589844 0.0391654968261719
0.0259113311767578 0.0278720855712891 0.00172615051269532 0.0204315185546875
0.0416488647460938 -0.00279998779296875 -0.00698471069335937 0.0242710113525391
0.0348720550537109 -0.0234546661376953 -0.0058441162109375 0.0432891845703125
0.0305862426757813 -0.0248603820800781 -0.00386810302734375 0.0550193786621094
0.0335960388183594 -0.0317592620849609 -0.0106925964355469 0.0638275146484375
0.043243408203125 -0.0239448547363281 -0.029571533203125 0.0578956604003906
0.0485572814941406 0.000965118408203125 -0.0452079772949219 0.0417213439941406
0.0406990051269531 0.0280570983886719 -0.0435142517089844 0.0119361877441406
-0.00252532958984375 0.0518150329589844 -0.0265388488769531 -0.00788116455078125
-0.0420608520507813 0.0436935424804687 -0.0127735137939453 0.0317039489746094
-0.0580635070800781 0.0139808654785156 -0.0700912475585937 0.0638847351074219
0.0288429260253906 0.0290908813476562 0.071075439453125 -0.0604400634765625
0.0404129028320313 -0.0119132995605469 0.0245437622070313 -0.0258445739746094
0.0104999542236328 -0.0322437286376953 0.0284767150878906 0.0101318359375
-0.0148754119873047 -0.0260887145996094 0.0595932006835938 -0.00443267822265625
-0.0258064270019531 -0.0107345581054687 0.0623703002929688 -0.0422630310058594
-0.0294780731201172 0.00883865356445313 0.0404205322265625 -0.07159423828125
-0.0226612091064453 0.00812530517578125 0.015716552734375 -0.0788421630859375
-0.0202350616455078 0.00306510925292969 0.00782012939453125 -0.0647468566894531
-0.0269966125488281 0.000616073608398442 0.0108108520507813 -0.0504875183105469
-0.0198650360107422 -0.0169734954833984 0.0143318176269531 -0.0365257263183594
0.000394821166992187 -0.0299072265625 0.00286293029785156 -0.0226573944091797
0.0221061706542969 -0.0209007263183594 -0.00473213195800781 -0.0320720672607422
0.0388641357421875 0.00774002075195313 3.81469726562527E-05 -0.0672492980957031
0.0363388061523438 0.0339546203613281 0.0198135375976563 -0.097442626953125
0.0151824951171875 0.0470390319824219 0.0357513427734375 -0.0925140380859375
0.004730224609375 0.0629806518554688 0.0814590454101563 -0.0444869995117187
0.0354957580566406 0.0266609191894531 0.0333328247070313 -0.0143642425537109
0.02313232421875 -0.00169563293457031 0.034332275390625 0.0182838439941406
0.0125856399536133 -0.0126609802246094 0.0687408447265625 0.00309371948242187
0.00245189666748047 -0.0146684646606445 0.0710906982421875 -0.0372695922851563
-0.00935649871826172 -0.01153564453125 0.0484619140625 -0.0723800659179688
-0.00983715057373047 -0.017481803894043 0.022491455078125 -0.080810546875
-0.00625419616699219 -0.0195083618164063 0.0116462707519531 -0.0647811889648438
-0.009185791015625 -0.0235214233398438 0.0141220092773437 -0.0481605529785156
0.00450515747070313 -0.0318088531494141 0.0183353424072266 -0.0327167510986328
0.0275249481201172 -0.0276699066162109 0.00272178649902344 -0.0157995223999023
0.0447196960449219 -0.00613021850585938 -0.00766944885253906 -0.0237693786621094
0.0405731201171875 0.0377693176269531 -0.0107269287109375 -0.0568008422851562
0.0236091613769531 0.0697860717773438 0.00894927978515626 -0.0825576782226562
-0.00476074218750001 0.0779342651367188 0.0289382934570312 -0.0731964111328125
-0.0243606567382813 0.088348388671875 0.0819473266601563 -0.0172500610351562
0.0202865600585937 0.0666465759277344 0.0382881164550781 0.0081329345703125
0.0300941467285156 0.0360145568847656 0.0394096374511719 0.0305709838867188
0.0401878356933594 0.00876617431640625 0.0744552612304688 0.0134201049804688
0.0328712463378906 -0.0128593444824219 0.0744400024414063 -0.0277633666992188
0.0157318115234375 -0.0297565460205078 0.0519180297851562 -0.0653648376464844
0.00612640380859375 -0.0407371520996094 0.0265731811523438 -0.0725173950195313
0.00890350341796875 -0.0399055480957031 0.0143508911132812 -0.0552635192871094
0.00739669799804688 -0.0444602966308594 0.0145797729492188 -0.0370407104492188
0.0247383117675781 -0.0446968078613281 0.0161876678466797 -0.0221462249755859
0.0492630004882812 -0.0272369384765625 -0.0011453628540039 -0.00567531585693359
0.0611801147460938 0.00328445434570313 -0.0129594802856445 -0.0130825042724609
0.0450668334960938 0.05572509765625 -0.0212249755859375 -0.0438575744628906
0.0158004760742187 0.0925521850585938 0.000476837158203124 -0.0626869201660156
-0.0204010009765625 0.0984344482421875 0.0172157287597656 -0.0472183227539063
-0.0518264770507813 0.0982742309570312 0.0705184936523437 0.0174789428710938
-0.003631591796875 0.0955963134765625 0.0347213745117188 0.0373687744140625
0.0272674560546875 0.0724716186523438 0.0392112731933594 0.0467185974121094
0.0608901977539063 0.0350303649902344 0.0725860595703125 0.0258941650390625
0.0607414245605469 -0.00519180297851563 0.0699653625488281 -0.0136260986328125
0.0412445068359375 -0.041351318359375 0.0490226745605469 -0.0489349365234375
0.021881103515625 -0.0577392578125 0.0281257629394531 -0.05328369140625
0.0220146179199219 -0.0541152954101563 0.0153465270996094 -0.0360183715820312
0.022430419921875 -0.059356689453125 0.0127506256103516 -0.0183753967285156
0.039794921875 -0.0545539855957031 0.0105676651000977 -0.00681877136230469
0.0643463134765625 -0.027557373046875 -0.00681066513061523 0.00625514984130859
0.0726242065429688 0.00860595703125 -0.0172195434570312 -0.00293445587158203
0.0479011535644531 0.0664520263671875 -0.0260963439941406 -0.0305919647216797
0.0108489990234375 0.103553771972656 -0.00217437744140625 -0.03802490234375
-0.0321731567382813 0.1060791015625 0.00376796722412109 -0.0155858993530273
-0.0729522705078125 0.0909881591796875 0.04669189453125 0.0537834167480469
-0.0303268432617188 0.103317260742187 0.0218734741210937 0.0671653747558594
0.0124053955078125 0.0943679809570313 0.0323295593261719 0.0607376098632813
0.0652694702148438 0.0587081909179688 0.0612640380859375 0.0393447875976563
0.0763626098632813 0.00763702392578125 0.0565567016601563 0.00244903564453125
0.0609092712402344 -0.0435371398925781 0.0378875732421875 -0.0276718139648438
0.0351524353027344 -0.0648765563964844 0.0241966247558594 -0.0269088745117188
0.032379150390625 -0.060333251953125 0.0131254196166992 -0.0120000839233398
0.0335617065429688 -0.0668373107910156 0.00908470153808594 0.00330066680908203
0.0500526428222656 -0.0589370727539063 0.00227928161621094 0.011347770690918
0.0716094970703125 -0.0246200561523438 -0.014404296875 0.0178146362304688
0.0757827758789063 0.0132293701171875 -0.0227642059326172 0.00442886352539062
0.0424423217773438 0.0699462890625 -0.0257129669189453 -0.0205307006835937
0.000762939453124996 0.102195739746094 -0.000692367553710937 -0.0127773284912109
-0.0419845581054687 0.0998458862304688 -0.0122060775756836 0.0154094696044922
-0.0764389038085937 0.0645904541015625 0.0182647705078125 0.0833816528320313
-0.0485687255859375 0.0871658325195313 0.00341796874999999 0.092010498046875
-0.00780487060546874 0.0916290283203125 0.0210800170898437 0.0706100463867188
0.0505523681640625 0.0696868896484375 0.04364013671875 0.0472450256347656
0.0734329223632813 0.0211105346679688 0.0363540649414063 0.0156326293945313
0.0675239562988281 -0.0352096557617187 0.0234184265136719 -0.00508689880371094
0.0425643920898438 -0.0608901977539062 0.0154943466186523 0.00137138366699218
0.0369033813476563 -0.0567512512207031 0.00889301300048828 0.0146503448486328
0.03955078125 -0.0650634765625 0.00348472595214844 0.0265426635742188
0.0538215637207031 -0.0542373657226563 -0.00742912292480468 0.0295944213867187
0.0723724365234375 -0.0191421508789063 -0.0235271453857422 0.029022216796875
0.0712509155273438 0.0191726684570313 -0.0280265808105469 0.00895309448242188
0.0308914184570313 0.0704879760742188 -0.0242290496826172 -0.0136241912841797
-0.0142364501953125 0.0920028686523437 0.00153398513793945 0.00728082656860352
-0.052490234375 0.0812149047851563 -0.0300941467285156 0.0411186218261719
-0.0658378601074219 0.0273361206054687 -0.00682830810546876 0.100303649902344
-0.0537643432617187 0.0517539978027344 -0.0136566162109375 0.104377746582031
-0.0259170532226563 0.0664520263671875 0.0115509033203125 0.0713882446289062
0.0259666442871094 0.0643692016601563 0.0242271423339844 0.0466499328613281
0.0548858642578125 0.0279197692871094 0.0162467956542969 0.0224494934082031
0.0612373352050781 -0.0210609436035156 0.00645065307617188 0.0142383575439453
0.0427360534667969 -0.0466461181640625 0.0049896240234375 0.0262775421142578
0.0367240905761719 -0.0453948974609375 0.00336456298828125 0.0372886657714844
0.0393028259277344 -0.0533370971679688 -0.00333023071289063 0.0477256774902344
0.0523872375488281 -0.0436897277832031 -0.0179405212402344 0.0458755493164063
0.0649986267089844 -0.0094757080078125 -0.0343170166015625 0.0364570617675781
0.0596427917480469 0.0251045227050781 -0.0356674194335937 0.0110969543457031
0.0145606994628906 0.0657691955566406 -0.0239601135253906 -0.00959587097167969
-0.0300979614257813 0.0731964111328125 -0.00238990783691406 0.0227642059326172
-0.0588455200195312 0.0514564514160156 -0.0498504638671875 0.0588340759277344
-0.0433006286621094 -0.0148429870605469 -0.0238113403320313 0.103073120117188
-0.0460548400878906 0.0089569091796875 -0.02197265625 0.103340148925781
-0.0337810516357422 0.0283126831054688 0.00704574584960938 0.065582275390625
-0.000507354736328123 0.0435333251953125 0.011932373046875 0.0412673950195313
0.0279788970947266 0.0277175903320313 0.00181770324707031 0.0228137969970703
0.0434303283691406 -0.0041046142578125 -0.00723457336425781 0.0268192291259766
0.0346183776855469 -0.0257377624511719 -0.00460052490234375 0.0440902709960937
0.0299167633056641 -0.0273971557617187 -0.00237274169921874 0.0558700561523438
0.0334587097167969 -0.0340118408203125 -0.0105628967285156 0.0653572082519531
0.0432014465332031 -0.0273818969726563 -0.0299301147460937 0.0597419738769531
0.050323486328125 -1.1444091796875E-05 -0.0460853576660156 0.0418853759765625
0.0430374145507813 0.0276947021484375 -0.04364013671875 0.0115242004394531
-0.00168609619140626 0.0531959533691406 -0.0264739990234375 -0.00869941711425781
-0.0414772033691406 0.0459213256835938 -0.0101642608642578 0.0317287445068359
-0.0579490661621094 0.0165328979492187 -0.0709381103515625 0.0654830932617188
0.0313854217529297 0.0289211273193359 0.0737838745117187 -0.065216064453125
0.0416755676269531 -0.0134429931640625 0.0242919921875 -0.0263023376464844
0.00995063781738281 -0.0342216491699219 0.0292301177978516 0.0114250183105469
-0.0168266296386719 -0.0267333984375 0.0617179870605469 -0.00470733642578125
-0.0271091461181641 -0.00995826721191406 0.0638847351074219 -0.0454254150390625
-0.0302085876464844 0.0114898681640625 0.041595458984375 -0.0768508911132813
-0.0233097076416016 0.0095977783203125 0.01361083984375 -0.0832061767578125
-0.0206584930419922 0.004486083984375 0.00540924072265625 -0.06866455078125
-0.0275688171386719 0.00285530090332031 0.00898742675781249 -0.0534858703613281
-0.0215473175048828 -0.0163631439208984 0.0133781433105469 -0.0405616760253906
-0.00177192687988281 -0.0309276580810547 0.00374221801757812 -0.0250759124755859
0.0220279693603516 -0.0229835510253906 -0.00399589538574219 -0.0349063873291016
0.0407180786132813 0.00551605224609375 0.000373840332031254 -0.0696334838867188
0.0392837524414063 0.0339317321777344 0.0195159912109375 -0.101531982421875
0.0177726745605469 0.0484542846679688 0.0353469848632812 -0.0991134643554688
0.0064849853515625 0.0650138854980469 0.0840225219726563 -0.0488128662109375
0.0375785827636719 0.0275993347167969 0.0340042114257813 -0.0154609680175781
0.0241870880126953 -0.00116729736328125 0.03570556640625 0.0192451477050781
0.0127849578857422 -0.0128726959228516 0.0716323852539063 0.0019073486328125
0.00176906585693359 -0.0145282745361328 0.073699951171875 -0.0413131713867188
-0.00932025909423828 -0.0112838745117187 0.0491714477539063 -0.077545166015625
-0.0105400085449219 -0.0179920196533203 0.0203323364257812 -0.0851898193359375
-0.00717544555664062 -0.0196952819824219 0.00988006591796876 -0.0687332153320313
-0.00963592529296875 -0.0234851837158203 0.0125617980957031 -0.051971435546875
0.0034332275390625 -0.0320549011230469 0.0171051025390625 -0.0362777709960938
0.0273094177246094 -0.0295848846435547 0.0028533935546875 -0.0185089111328125
0.0451011657714844 -0.007171630859375 -0.00730133056640624 -0.02508544921875
0.0436286926269531 0.0369873046875 -0.010833740234375 -0.0586471557617188
0.0263214111328125 0.0709991455078125 0.0088958740234375 -0.08660888671875
-0.00298309326171875 0.0813064575195313 0.0302200317382812 -0.0790634155273438
-0.0226898193359375 0.0934295654296875 0.085235595703125 -0.0201416015625
0.0228271484375 0.06927490234375 0.0387954711914063 0.00656890869140625
0.032684326171875 0.0383567810058594 0.0406455993652344 0.0316352844238281
0.0427284240722656 0.00827407836914063 0.0775299072265625 0.0127792358398438
0.0345611572265625 -0.0145626068115234 0.0774917602539063 -0.0305862426757812
0.0163440704345703 -0.0312061309814453 0.0529365539550781 -0.0695457458496094
0.00539016723632813 -0.0430526733398438 0.0252914428710937 -0.0765380859375
0.00744247436523438 -0.0423698425292969 0.0126876831054688 -0.0591201782226563
0.00653457641601563 -0.0467796325683594 0.0128059387207031 -0.0401687622070313
0.0244979858398437 -0.0474433898925781 0.0149269104003906 -0.0259342193603516
0.0504112243652344 -0.030181884765625 -0.001129150390625 -0.00823640823364258
0.0643692016601563 0.00124740600585938 -0.0125112533569336 -0.0146007537841797
0.0492591857910156 0.0575294494628906 -0.0211257934570312 -0.0453109741210937
0.0197296142578125 0.0966720581054687 -0.000221252441406255 -0.0652618408203125
-0.0188980102539063 0.103691101074219 0.0178718566894531 -0.0511817932128906
-0.0523300170898437 0.105857849121094 0.0736846923828125 0.0164260864257813
-0.0014801025390625 0.101181030273438 0.0351715087890625 0.0368118286132813
0.030670166015625 0.0768051147460938 0.0410728454589844 0.0482330322265625
0.0653266906738281 0.0346565246582031 0.0758819580078125 0.0266952514648438
0.0642852783203125 -0.007537841796875 0.07281494140625 -0.01507568359375
0.0421180725097656 -0.0446052551269531 0.0495758056640625 -0.0520553588867188
0.02069091796875 -0.061431884765625 0.0268363952636719 -0.0563392639160156
0.0214309692382813 -0.0579071044921875 0.0135841369628906 -0.0390968322753906
0.0215110778808594 -0.0641899108886719 0.0114765167236328 -0.0214385986328125
0.0395889282226563 -0.0589179992675781 0.00978279113769531 -0.0100030899047852
0.0665092468261719 -0.0311927795410156 -0.00722026824951172 0.00422191619873047
0.0769195556640625 0.00534820556640625 -0.0184135437011719 -0.00476264953613282
0.0522575378417969 0.0688552856445313 -0.0270042419433594 -0.032562255859375
0.0148696899414062 0.108657836914063 -0.00233840942382812 -0.0401039123535156
-0.0305633544921875 0.111961364746094 0.00464820861816406 -0.0180301666259766
-0.0731887817382813 0.0984878540039063 0.0507164001464844 0.0548744201660156
-0.0280685424804688 0.11083984375 0.0227699279785156 0.0688858032226563
0.0161666870117187 0.100250244140625 0.0332794189453125 0.0639915466308594
0.0710678100585938 0.0602798461914063 0.0633811950683594 0.0403785705566406
0.0805816650390625 0.00525665283203125 0.0587654113769531 0.00271987915039063
0.0624618530273437 -0.0474929809570312 0.0395393371582031 -0.0287513732910156
0.0344657897949219 -0.0697784423828125 0.0237579345703125 -0.0289478302001953
0.030792236328125 -0.0654983520507813 0.0126485824584961 -0.0135650634765625
0.0328598022460937 -0.07281494140625 0.00812864303588867 0.00293445587158203
0.0497703552246094 -0.06341552734375 0.00243759155273438 0.00970745086669922
0.07452392578125 -0.0295867919921875 -0.0150289535522461 0.0173377990722656
0.0806045532226563 0.0105972290039063 -0.0232410430908203 0.0035858154296875
0.0474853515625 0.0736083984375 -0.0264167785644531 -0.0217018127441406
0.00441741943359375 0.108345031738281 -6.38961791992196E-05 -0.0148849487304687
-0.041656494140625 0.106697082519531 -0.01116943359375 0.0139064788818359
-0.0789260864257813 0.0712738037109375 0.0211105346679688 0.085968017578125
-0.0485687255859375 0.0938873291015625 0.0037689208984375 0.0947036743164063
-0.00553894042968749 0.0987014770507813 0.0221328735351562 0.073150634765625
0.0577774047851563 0.0717239379882813 0.0450096130371094 0.0478324890136719
0.0787582397460938 0.0184707641601563 0.0378608703613281 0.0168266296386719
0.0697097778320312 -0.0398025512695313 0.0239334106445313 -0.00376701354980469
0.04241943359375 -0.0654296875 0.0158510208129883 0.000660896301269527
0.0360527038574219 -0.0616073608398438 0.00956058502197266 0.0138206481933594
0.0391387939453125 -0.0699691772460937 0.0031280517578125 0.0276870727539063
0.0538787841796875 -0.0599098205566406 -0.00724983215332031 0.0306510925292969
0.0750503540039063 -0.0228500366210938 -0.0245151519775391 0.0292987823486328
0.0766830444335938 0.0174102783203125 -0.0304355621337891 0.00902366638183594
0.0349349975585938 0.0741500854492187 -0.0249385833740234 -0.0144214630126953
-0.0113677978515625 0.097900390625 0.00230979919433594 0.00624799728393555
-0.0522842407226562 0.0869064331054688 -0.0298576354980469 0.0427284240722656
-0.0691413879394531 0.0321693420410156 -0.00542449951171875 0.1044921875
-0.0551986694335938 0.0568275451660156 -0.01251220703125 0.107467651367188
-0.0245590209960938 0.0727157592773438 0.0114822387695312 0.073394775390625
0.0306472778320313 0.0661125183105469 0.0251235961914063 0.0480804443359375
0.0601654052734375 0.0264053344726563 0.0166110992431641 0.0243244171142578
0.06304931640625 -0.0252151489257812 0.00760650634765625 0.0161237716674805
0.0421180725097656 -0.0513038635253906 0.00720596313476563 0.0270595550537109
0.0358390808105469 -0.049896240234375 0.00458145141601563 0.0387649536132813
0.0386848449707031 -0.0577659606933594 -0.00263214111328125 0.0500335693359375
0.0528945922851563 -0.048095703125 -0.018402099609375 0.047607421875
0.0686264038085937 -0.0132865905761719 -0.0361747741699219 0.0383338928222656
0.0644950866699219 0.0237579345703125 -0.0372238159179687 0.0117149353027344
0.0179290771484375 0.0695571899414062 -0.0246963500976563 -0.0101757049560547
-0.0283279418945313 0.0786666870117188 -0.00110244750976563 0.0223979949951172
-0.0596199035644531 0.0569534301757812 -0.050201416015625 0.0614356994628906
-0.0468559265136719 -0.0130348205566406 -0.0234375 0.109123229980469
-0.0486640930175781 0.0116310119628906 -0.021392822265625 0.107612609863281
-0.0344772338867188 0.0331840515136719 0.00759506225585937 0.0675621032714844
0.0019683837890625 0.0461921691894531 0.0118141174316406 0.0431861877441406
0.0310897827148438 0.027252197265625 0.00177383422851563 0.0256805419921875
0.0448226928710938 -0.00659561157226563 -0.00567626953125 0.0294952392578125
0.0354194641113281 -0.0289268493652344 -0.00207901000976562 0.0471153259277344
0.0300712585449219 -0.0303211212158203 -0.000270843505859377 0.0583992004394531
0.0336647033691406 -0.0378990173339844 -0.00937652587890626 0.0680885314941406
0.0438728332519531 -0.0304756164550781 -0.0298843383789062 0.0628890991210938
0.05328369140625 -0.00258636474609375 -0.0476570129394531 0.044708251953125
0.046173095703125 0.0267181396484375 -0.0460357666015625 0.0123748779296875
0.000442504882812497 0.0564079284667969 -0.0274829864501953 -0.00931930541992187
-0.0406150817871094 0.0502052307128906 -0.00911521911621094 0.0325603485107422
-0.0595130920410156 0.0194053649902344 -0.0720596313476563 0.0701522827148437
0.0343570709228516 0.0276355743408203 0.0746002197265625 -0.071868896484375
0.041900634765625 -0.0167198181152344 0.0222549438476563 -0.0286121368408203
0.00759124755859375 -0.0361671447753906 0.0308856964111328 0.0113239288330078
-0.0191841125488281 -0.026947021484375 0.0651931762695313 -0.0068817138671875
-0.0293254852294922 -0.00787353515625001 0.0647735595703125 -0.0509376525878906
-0.0303497314453125 0.0143051147460937 0.0386886596679688 -0.0832138061523438
-0.0230598449707031 0.0121955871582031 0.0096588134765625 -0.0875320434570313
-0.0213451385498047 0.00675010681152344 0.000915527343749996 -0.07208251953125
-0.0277309417724609 0.00565528869628906 0.00491714477539063 -0.0576515197753906
-0.0237751007080078 -0.0147933959960937 0.0105552673339844 -0.0442657470703125
-0.00439453125 -0.0312614440917969 0.00293159484863281 -0.0280075073242188
0.0206985473632813 -0.0251407623291016 -0.00418853759765625 -0.0373573303222656
0.0430793762207031 0.00256729125976563 -0.0018463134765625 -0.0719757080078125
0.0426445007324219 0.0328826904296875 0.0160598754882812 -0.106559753417969
0.0221519470214844 0.0483894348144531 0.0327529907226562 -0.106910705566406
0.0107078552246094 0.0681800842285156 0.0867233276367188 -0.0556182861328125
0.0404129028320313 0.027191162109375 0.0325851440429688 -0.0176677703857422
0.0257339477539063 -0.00220680236816406 0.0373878479003906 0.0190773010253906
0.0132808685302734 -0.014251708984375 0.0748748779296875 -0.000267028808593751
0.00103759765625 -0.0151529312133789 0.0747451782226563 -0.0466156005859375
-0.00892925262451172 -0.0103473663330078 0.0467605590820313 -0.0845489501953125
-0.0117435455322266 -0.0179424285888672 0.0161285400390625 -0.0911102294921875
-0.00860404968261719 -0.0208187103271484 0.00463104248046875 -0.0728530883789063
-0.0114269256591797 -0.0235080718994141 0.00872802734375 -0.0558509826660156
0.00167465209960938 -0.0339641571044922 0.01434326171875 -0.0409317016601563
0.0264129638671875 -0.0318336486816406 0.00284004211425782 -0.0215892791748047
0.0460205078125 -0.0095977783203125 -0.00677680969238281 -0.0275688171386719
0.0479965209960938 0.03594970703125 -0.0126113891601562 -0.0610771179199219
0.0321426391601562 0.0726165771484375 0.0057220458984375 -0.0910720825195312
0.000930786132812492 0.0849075317382813 0.0281143188476563 -0.0861434936523437
-0.0183334350585937 0.0992050170898438 0.0879287719726563 -0.0258407592773437
0.0273513793945312 0.0717926025390625 0.0390205383300781 0.00452041625976563
0.0368995666503906 0.038909912109375 0.0426750183105469 0.0322227478027344
0.0455818176269531 0.00667953491210938 0.0816726684570313 0.0101394653320313
0.0354995727539063 -0.0169448852539063 0.0790481567382813 -0.0354461669921875
0.0162315368652344 -0.0337886810302734 0.0515823364257813 -0.0756912231445312
0.00253677368164063 -0.0451850891113281 0.0212249755859375 -0.0815582275390625
0.00500869750976562 -0.0447425842285156 0.00794219970703125 -0.0621528625488281
0.005157470703125 -0.04962158203125 0.00964736938476562 -0.0434036254882813
0.022705078125 -0.0511970520019531 0.0122928619384766 -0.0304088592529297
0.0507583618164063 -0.0344009399414063 -0.0014047622680664 -0.0110998153686523
0.0672454833984375 -0.00238418579101563 -0.012730598449707 -0.0169200897216797
0.0551528930664063 0.0575408935546875 -0.0233917236328125 -0.0469703674316406
0.0264129638671875 0.100364685058594 -0.00276565551757812 -0.0681571960449219
-0.0135955810546875 0.109260559082031 0.0171699523925781 -0.0567626953125
-0.0486068725585937 0.114944458007812 0.078094482421875 0.0129623413085938
0.0049896240234375 0.106842041015625 0.0371475219726563 0.0360145568847656
0.0376968383789063 0.0804443359375 0.0437850952148438 0.0488548278808594
0.0711822509765625 0.0339126586914063 0.0797805786132813 0.0245437622070313
0.0670700073242188 -0.0119857788085938 0.0754547119140625 -0.0189361572265625
0.0419387817382812 -0.0492210388183594 0.0490341186523438 -0.0563507080078125
0.0181808471679688 -0.0658760070800781 0.023834228515625 -0.06085205078125
0.0176162719726563 -0.0622062683105469 0.0108108520507813 -0.0430717468261719
0.01873779296875 -0.0689620971679688 0.00913619995117188 -0.0233230590820313
0.0377540588378906 -0.0644989013671875 0.00788116455078125 -0.0132179260253906
0.0675201416015625 -0.0375480651855469 -0.0078434944152832 0.00301027297973633
0.0813217163085938 0.00124359130859375 -0.018798828125 -0.00548934936523438
0.0591850280761719 0.0695533752441406 -0.028533935546875 -0.0333080291748047
0.022674560546875 0.113914489746094 -0.00392532348632813 -0.0427818298339844
-0.0257034301757812 0.119651794433594 0.00439453125 -0.0218544006347656
-0.07110595703125 0.10858154296875 0.055633544921875 0.0541229248046875
-0.0233001708984375 0.118247985839844 0.0256233215332031 0.0695686340332031
0.0236053466796875 0.1058349609375 0.0368843078613281 0.0653343200683594
0.0782928466796875 0.0593490600585938 0.0673561096191406 0.0396919250488281
0.085418701171875 9.1552734375E-05 0.0609855651855469 0.00025177001953125
0.0630035400390625 -0.0536537170410156 0.0397529602050781 -0.0309181213378906
0.0313491821289062 -0.0752487182617188 0.0223369598388672 -0.0322360992431641
0.0282821655273438 -0.0708465576171875 0.0118007659912109 -0.0157585144042969
0.02850341796875 -0.0788803100585937 0.00640535354614258 0.00197792053222656
0.0476303100585938 -0.0699462890625 0.00142288208007813 0.00822734832763672
0.0765609741210938 -0.0365753173828125 -0.0154533386230469 0.0171680450439453
0.0860519409179688 0.00603485107421875 -0.0238437652587891 0.0028228759765625
0.0549774169921875 0.0753631591796875 -0.0276393890380859 -0.0218009948730469
0.01190185546875 0.114509582519531 -2.95639038085926E-05 -0.016444206237793
-0.0373611450195313 0.114540100097656 -0.0108795166015625 0.0136528015136719
-0.0785064697265625 0.0806655883789062 0.0263137817382813 0.0885848999023438
-0.0454483032226563 0.102340698242187 0.00768280029296874 0.0974578857421875
0.000938415527343761 0.10595703125 0.0250473022460937 0.0749969482421875
0.0645523071289062 0.0721054077148438 0.0474777221679688 0.0489273071289063
0.0839920043945313 0.0132522583007813 0.0403823852539063 0.0169029235839844
0.0711669921875 -0.0465316772460938 0.0253257751464844 -0.00395584106445313
0.0391082763671875 -0.0723037719726563 0.0172500610351563 -0.000651359558105473
0.0334548950195312 -0.0680389404296875 0.0110740661621094 0.0132322311401367
0.0357742309570312 -0.0772781372070312 0.00428581237792969 0.0283470153808594
0.0526161193847656 -0.0669403076171875 -0.00715065002441406 0.0305728912353516
0.0777359008789063 -0.0300140380859375 -0.0245857238769531 0.0308036804199219
0.0818099975585938 0.0131988525390625 -0.0309391021728516 0.00962638854980469
0.04168701171875 0.0764541625976562 -0.0259475708007812 -0.0142402648925781
-0.00534820556640626 0.104782104492188 0.00318765640258789 0.00579261779785157
-0.0494155883789063 0.094451904296875 -0.0275001525878906 0.0443038940429688
-0.0708541870117188 0.0385360717773437 -0.000396728515625001 0.109939575195313
-0.0548858642578125 0.0640449523925781 -0.00837707519531251 0.111785888671875
-0.0206985473632812 0.0795516967773437 0.0147247314453125 0.075714111328125
0.0374679565429687 0.0677986145019531 0.0276336669921875 0.0499000549316406
0.0650520324707031 0.0237770080566406 0.0188255310058594 0.0267353057861328
0.0645790100097656 -0.0306968688964844 0.00933265686035156 0.0179862976074219
0.0398025512695313 -0.0568962097167969 0.00942420959472657 0.0274238586425781
0.0340385437011719 -0.0553207397460937 0.00732803344726563 0.0392608642578125
0.036651611328125 -0.0640106201171875 -0.000308990478515627 0.0523605346679687
0.0513496398925781 -0.0548744201660156 -0.0174217224121094 0.0507965087890625
0.0711746215820313 -0.0192947387695313 -0.0358428955078125 0.0410079956054688
0.0700416564941406 0.0204391479492188 -0.0386466979980469 0.01318359375
0.0233535766601563 0.0719680786132813 -0.0259838104248047 -0.0101089477539062
-0.02423095703125 0.0845794677734375 0.000993728637695312 0.0224437713623047
-0.0589714050292969 0.0637397766113281 -0.0488357543945312 0.0662002563476563
-0.0505752563476562 -0.00934219360351563 -0.0183334350585938 0.115936279296875
-0.0503768920898438 0.0164260864257812 -0.0172958374023438 0.113548278808594
-0.0341033935546875 0.0384178161621094 0.00987625122070313 0.0700759887695312
0.006317138671875 0.0485038757324219 0.0134696960449219 0.0455665588378906
0.0357398986816406 0.0255508422851563 0.00284004211425781 0.0290660858154297
0.0469322204589844 -0.0109329223632813 -0.00428199768066406 0.0325546264648438
0.0340461730957031 -0.0335254669189453 0.001251220703125 0.0483665466308594
0.0294589996337891 -0.0344028472900391 0.00419998168945313 0.059814453125
0.0318946838378906 -0.0423698425292969 -0.00626373291015624 0.0721359252929688
0.043426513671875 -0.0359687805175781 -0.0283889770507812 0.0670204162597656
0.0555992126464844 -0.00720596313476563 -0.0479545593261719 0.0497474670410156
0.0504798889160156 0.02490234375 -0.0481643676757813 0.014617919921875
0.00455093383789063 0.0597877502441406 -0.0286464691162109 -0.00936508178710937
-0.0389213562011719 0.0554580688476563 -0.00694847106933594 0.0331745147705078
-0.0601348876953125 0.02386474609375 -0.071533203125 0.0767288208007812
0.0369606018066406 0.0253410339355469 0.071258544921875 -0.07904052734375
0.0415687561035156 -0.0198707580566406 0.0201835632324219 -0.0299072265625
0.0054473876953125 -0.0377082824707031 0.0320205688476563 0.0106601715087891
-0.0223522186279297 -0.0245933532714844 0.0656547546386719 -0.0104560852050781
-0.031036376953125 -0.00431442260742188 0.0620155334472656 -0.0566177368164063
-0.028839111328125 0.0181026458740234 0.0326385498046875 -0.0887298583984375
-0.022247314453125 0.0151252746582031 0.00213623046875 -0.0906295776367188
-0.0213165283203125 0.008819580078125 -0.00556945800781249 -0.0736160278320313
-0.0268764495849609 0.00823783874511718 -0.000991821289062499 -0.0597114562988281
-0.0250568389892578 -0.0118618011474609 0.00631332397460938 -0.0476951599121094
-0.00805473327636719 -0.0306472778320313 0.00105857849121094 -0.0315895080566406
0.0182571411132812 -0.0273876190185547 -0.00521469116210938 -0.0393486022949219
0.0439300537109375 -0.00107574462890625 -0.0052490234375 -0.0736465454101563
0.0459938049316406 0.0295982360839844 0.00982666015625001 -0.109161376953125
0.0263633728027344 0.0471382141113281 0.026702880859375 -0.11346435546875
0.0162086486816406 0.0687675476074219 0.084686279296875 -0.0630264282226563
0.0434761047363281 0.0249366760253906 0.0308685302734375 -0.0197372436523437
0.0262184143066406 -0.00375747680664062 0.03887939453125 0.0180015563964844
0.0117311477661133 -0.0149374008178711 0.0767135620117187 -0.00537872314453125
-0.000204086303710938 -0.0147056579589844 0.072662353515625 -0.0526962280273438
-0.00981807708740234 -0.00929832458496094 0.0416259765625 -0.0901718139648438
-0.0129728317260742 -0.0165700912475586 0.00824737548828124 -0.0939254760742188
-0.0109786987304688 -0.0198574066162109 -0.00219726562499999 -0.0745849609375
-0.0136070251464844 -0.0230655670166016 0.00299072265624999 -0.0578575134277344
-0.000883102416992185 -0.0338230133056641 0.00931930541992187 -0.0453033447265625
0.0233955383300781 -0.0340824127197266 0.000659942626953126 -0.0244731903076172
0.0456695556640625 -0.0139007568359375 -0.00811386108398437 -0.029327392578125
0.0518836975097656 0.03314208984375 -0.0150489807128906 -0.0604019165039063
0.0373992919921875 0.0714645385742188 -5.34057617187477E-05 -0.0926589965820313
0.00807189941406249 0.0861282348632813 0.0233612060546875 -0.091766357421875
-0.0113754272460938 0.103324890136719 0.0892181396484375 -0.0333480834960937
0.0335159301757813 0.0711135864257813 0.0383415222167969 0.00213241577148438
0.0417098999023438 0.03851318359375 0.0449409484863281 0.0310592651367188
0.047393798828125 0.0032196044921875 0.0835647583007813 0.00579833984375
0.0348148345947266 -0.0201053619384766 0.0780258178710938 -0.041290283203125
0.0143222808837891 -0.0349311828613281 0.0466079711914062 -0.0806503295898438
-0.000953674316406253 -0.0461578369140625 0.0147323608398438 -0.0852813720703125
0.0011749267578125 -0.0461235046386719 0.00181198120117188 -0.0644874572753906
0.00035858154296875 -0.0512962341308594 0.00471115112304688 -0.0457954406738281
0.0189971923828125 -0.0539588928222656 0.00856590270996094 -0.0338058471679688
0.0487632751464844 -0.0391120910644531 -0.00276851654052734 -0.0138063430786133
0.0688896179199219 -0.00763702392578125 -0.0134963989257812 -0.0183048248291016
0.0610885620117187 0.0553092956542969 -0.0251502990722656 -0.046234130859375
0.0355453491210937 0.100379943847656 -0.00677108764648438 -0.0697059631347656
-0.00622558593750001 0.112800598144531 0.0142135620117188 -0.0616340637207031
-0.040496826171875 0.121978759765625 0.0805587768554688 0.00747680664062501
0.0124740600585937 0.108352661132812 0.0385856628417969 0.0337371826171875
0.0461044311523437 0.0807342529296875 0.0461158752441406 0.0473823547363281
0.0761489868164063 0.0291290283203125 0.0819015502929688 0.0205459594726563
0.0671539306640625 -0.017730712890625 0.075347900390625 -0.0239334106445313
0.0396385192871094 -0.0535926818847656 0.0457229614257813 -0.0601997375488281
0.0125389099121094 -0.0688247680664062 0.0192146301269531 -0.064483642578125
0.0123519897460938 -0.065673828125 0.00573348999023438 -0.0443229675292969
0.0125656127929687 -0.0725555419921875 0.00633621215820313 -0.0253047943115234
0.0329818725585938 -0.0689506530761719 0.00557708740234375 -0.0154876708984375
0.0655136108398438 -0.0438919067382813 -0.00881385803222656 0.00157356262207031
0.0836334228515625 -0.00551605224609375 -0.0191802978515625 -0.0063934326171875
0.0675315856933594 0.0671463012695313 -0.0298671722412109 -0.0321369171142578
0.03240966796875 0.115913391113281 -0.00708770751953124 -0.0440330505371094
-0.0165252685546875 0.124053955078125 0.00342178344726562 -0.0249862670898437
-0.0640106201171875 0.11761474609375 0.0610313415527344 0.0509872436523438
-0.0143051147460938 0.123908996582031 0.0296211242675781 0.068756103515625
0.033966064453125 0.108863830566406 0.0403289794921875 0.0640602111816406
0.0854873657226563 0.0544357299804688 0.070220947265625 0.03680419921875
0.08740234375 -0.00731658935546875 0.0630989074707031 -0.00249862670898438
0.0601730346679688 -0.0606575012207031 0.0389900207519531 -0.0333442687988281
0.0255355834960937 -0.0799789428710938 0.0200176239013672 -0.0348949432373047
0.02178955078125 -0.0752105712890625 0.00876140594482422 -0.0174446105957031
0.0222320556640625 -0.0837020874023438 0.0061492919921875 0.00106811523437499
0.0421142578125 -0.0763931274414063 0.00065422058105469 0.00731945037841796
0.0752487182617188 -0.0437240600585937 -0.0155410766601562 0.0168886184692383
0.0885696411132813 -0.001220703125 -0.0241374969482422 0.00331687927246093
0.0625457763671875 0.0727005004882813 -0.0290908813476562 -0.0207328796386719
0.0223236083984375 0.117195129394531 -0.000866889953613278 -0.0175027847290039
-0.0289535522460937 0.120635986328125 -0.00942230224609375 0.0125837326049805
-0.0749893188476563 0.090240478515625 0.0329513549804687 0.0887603759765625
-0.0384445190429688 0.109428405761719 0.0136795043945313 0.0982131958007813
0.0101318359375 0.110237121582031 0.0290451049804687 0.0744705200195313
0.0729293823242188 0.069366455078125 0.0511436462402344 0.047515869140625
0.0877914428710938 0.00701141357421875 0.0423164367675781 0.01556396484375
0.0691261291503906 -0.0541915893554687 0.0266017913818359 -0.00436782836914063
0.0335845947265625 -0.0769882202148438 0.0168952941894531 -0.00229454040527344
0.028228759765625 -0.0727157592773437 0.0109224319458008 0.0119485855102539
0.02850341796875 -0.0821533203125 0.00508689880371094 0.0284023284912109
0.0474395751953125 -0.073974609375 -0.00609016418457031 0.0308914184570312
0.0772171020507813 -0.0375900268554688 -0.0235748291015625 0.0322017669677734
0.0849533081054688 0.00565338134765625 -0.0306644439697266 0.0106353759765625
0.0500411987304688 0.0757369995117188 -0.0271873474121094 -0.0136451721191406
0.004364013671875 0.108535766601563 0.00432825088500977 0.0040576457977295
-0.04254150390625 0.101287841796875 -0.0252456665039063 0.046356201171875
-0.0695686340332031 0.0463066101074219 0.0073089599609375 0.113075256347656
-0.050689697265625 0.070648193359375 -0.00188446044921876 0.113761901855469
-0.0135574340820313 0.085052490234375 0.0183258056640625 0.076080322265625
0.0446662902832031 0.0672340393066406 0.0299148559570313 0.050201416015625
0.0684623718261719 0.0174598693847656 0.0214157104492188 0.027069091796875
0.0639190673828125 -0.0371322631835938 0.0122051239013672 0.0190296173095703
0.0352249145507813 -0.0618629455566406 0.0115451812744141 0.0270900726318359
0.0291481018066406 -0.0599937438964844 0.0105476379394531 0.0384864807128906
0.0307159423828125 -0.0694503784179688 0.00342178344726562 0.0536003112792969
0.0482177734375 -0.0611228942871094 -0.0145492553710937 0.0524139404296875
0.0712890625 -0.026641845703125 -0.0341949462890625 0.0446205139160156
0.07373046875 0.0141677856445312 -0.0388679504394531 0.0153312683105469
0.0307388305664063 0.0730209350585938 -0.0271377563476562 -0.00931739807128906
-0.017486572265625 0.0894851684570312 0.00286293029785156 0.0218372344970703
-0.0548095703125 0.0699195861816406 -0.044952392578125 0.070831298828125
-0.0530357360839844 -0.00450515747070313 -0.0114898681640625 0.120986938476563
-0.0504837036132813 0.0219955444335937 -0.0111846923828125 0.116256713867188
-0.0312652587890625 0.0439186096191406 0.0123748779296875 0.0702743530273438
0.0116462707519531 0.0491523742675781 0.0153541564941406 0.0462684631347656
0.0385208129882813 0.0230979919433594 0.00599288940429688 0.03082275390625
0.0469703674316406 -0.0159339904785156 -4.57763671874953E-05 0.0357170104980469
0.0318107604980469 -0.0375404357910156 0.00581741333007813 0.0492935180664062
0.0261726379394531 -0.0382804870605469 0.00863647460937501 0.0601310729980469
0.0287895202636719 -0.0469398498535156 -0.000152587890624995 0.0740509033203125
0.0413589477539063 -0.0411643981933594 -0.0242080688476563 0.070587158203125
0.0568580627441406 -0.0130043029785156 -0.0459671020507812 0.0540313720703125
0.0541534423828125 0.02001953125 -0.0485877990722656 0.0178031921386719
0.00944900512695312 0.0614814758300781 -0.0301151275634766 -0.00797653198242188
-0.0344505310058594 0.0602340698242188 -0.00436973571777344 0.0338592529296875
-0.0589714050292969 0.0298538208007812 -0.0673675537109375 0.0835800170898438
0.03814697265625 0.0221366882324219 0.066619873046875 -0.0837020874023438
0.0396041870117188 -0.0230827331542969 0.0177497863769531 -0.0303192138671875
0.00259017944335938 -0.0373611450195313 0.0319042205810547 0.00990867614746093
-0.0240516662597656 -0.0227413177490234 0.0652008056640625 -0.013885498046875
-0.0308971405029297 -0.000885009765625004 0.0569343566894531 -0.0594520568847656
-0.0265445709228516 0.0206127166748047 0.0252227783203125 -0.0900115966796875
-0.0201358795166016 0.0171279907226562 -0.00423431396484375 -0.0896224975585938
-0.0203628540039063 0.0107517242431641 -0.0111618041992187 -0.0717849731445313
-0.0253467559814453 0.0107269287109375 -0.00591278076171875 -0.0589447021484375
-0.0257625579833984 -0.00937843322753906 0.000408172607421871 -0.0484085083007813
-0.0106449127197266 -0.028778076171875 -0.000944137573242186 -0.0330848693847656
0.0157546997070313 -0.0282688140869141 -0.00647735595703125 -0.0403900146484375
0.0434989929199219 -0.00467300415039063 -0.008270263671875 -0.0712051391601563
0.0475654602050781 0.0256614685058594 0.00358581542968751 -0.108360290527344
0.0293426513671875 0.0444984436035156 0.01934814453125 -0.115440368652344
0.0204811096191406 0.0671005249023438 0.0802688598632813 -0.0683135986328125
0.0446281433105469 0.022125244140625 0.0288238525390625 -0.0212173461914063
0.0260658264160156 -0.00531005859375 0.0388031005859375 0.0167503356933594
0.0104351043701172 -0.0154638290405273 0.0755844116210938 -0.0088958740234375
-0.00130081176757813 -0.013981819152832 0.0681686401367187 -0.0562515258789062
-0.00937557220458985 -0.00790977478027344 0.0340118408203125 -0.0924911499023438
-0.0140352249145508 -0.0151700973510742 0.000968933105468755 -0.0935745239257813
-0.0123233795166016 -0.0189533233642578 -0.007537841796875 -0.0729904174804688
-0.0142345428466797 -0.0217494964599609 -0.00288772583007813 -0.0576171875
-0.00324440002441406 -0.0331935882568359 0.00461578369140625 -0.0464630126953125
0.0206394195556641 -0.0349025726318359 -0.00132942199707031 -0.0264930725097656
0.0443534851074219 -0.0165901184082031 -0.00889778137207031 -0.0298423767089844
0.0539321899414063 0.02862548828125 -0.0176200866699219 -0.0590705871582031
0.0427436828613281 0.0685043334960938 -0.00442504882812499 -0.0915756225585938
0.013519287109375 0.0847702026367187 0.017120361328125 -0.095123291015625
-0.00421142578124999 0.104469299316406 0.0864944458007813 -0.0388336181640625
0.0381126403808594 0.0688133239746094 0.0367584228515625 -0.000530242919921871
0.0447769165039063 0.0356636047363281 0.0457077026367188 0.0286521911621094
0.0474281311035156 0.00051116943359375 0.0828933715820313 0.0016021728515625
0.0325508117675781 -0.0221042633056641 0.0746078491210938 -0.045501708984375
0.0122451782226563 -0.0354270935058594 0.041015625 -0.0831451416015625
-0.0049896240234375 -0.045440673828125 0.0076446533203125 -0.085205078125
-0.0030670166015625 -0.0449790954589844 -0.00445556640625 -0.0638580322265625
-0.00328445434570313 -0.0507774353027344 -8.01086425781249E-05 -0.0458564758300781
0.0144882202148437 -0.0546150207519531 0.0035858154296875 -0.0355224609375
0.0450668334960937 -0.0426368713378906 -0.00465679168701172 -0.0151844024658203
0.0678367614746094 -0.012115478515625 -0.0136985778808594 -0.0185089111328125
0.0652236938476563 0.0509185791015625 -0.0266075134277344 -0.0442085266113281
0.04205322265625 0.0979461669921875 -0.0107536315917969 -0.0690116882324219
0.00206756591796876 0.112457275390625 0.0103302001953125 -0.0638313293457031
-0.0318145751953125 0.125450134277344 0.0806961059570313 0.00202178955078126
0.0206756591796875 0.107864379882813 0.0389785766601563 0.0309371948242188
0.0522918701171875 0.0778427124023438 0.0474967956542969 0.0451278686523438
0.0775299072265625 0.0234909057617188 0.08245849609375 0.0161972045898438
0.0656547546386719 -0.022735595703125 0.0729522705078125 -0.02728271484375
0.0358390808105469 -0.0562896728515625 0.0425529479980469 -0.0625457763671875
0.00695800781249999 -0.0689048767089844 0.0140533447265625 -0.0654640197753906
0.0065765380859375 -0.0654792785644531 0.00111007690429688 -0.0454254150390625
0.00621795654296874 -0.0729522705078125 0.00305938720703125 -0.0255775451660156
0.0272064208984375 -0.0712661743164063 0.00176429748535156 -0.0175552368164063
0.0619888305664063 -0.0490798950195313 -0.0098724365234375 -8.48770141601571E-05
0.0820770263671875 -0.0121994018554688 -0.0194950103759766 -0.00678825378417969
0.0718154907226563 0.0624923706054688 -0.0307807922363281 -0.0301933288574219
0.0410308837890625 0.112823486328125 -0.00849533081054687 -0.0430946350097656
-0.00825500488281249 0.125167846679688 0.00222206115722656 -0.0269508361816406
-0.05548095703125 0.121757507324219 0.0633621215820313 0.0469589233398438
-0.00561523437500001 0.124244689941406 0.03179931640625 0.0658493041992188
0.0418319702148438 0.106620788574219 0.042022705078125 0.0618972778320313
0.08935546875 0.0485687255859375 0.0713272094726563 0.0333633422851563
0.0863876342773437 -0.0134735107421875 0.0621299743652344 -0.00586318969726563
0.0559730529785156 -0.0642318725585938 0.0371475219726563 -0.0352096557617188
0.0187835693359375 -0.080902099609375 0.0168952941894531 -0.0359306335449219
0.0150680541992188 -0.0758895874023437 0.00568389892578125 -0.0181541442871094
0.01513671875 -0.0849456787109375 0.00544452667236328 0.000903129577636713
0.0359115600585937 -0.0792160034179688 -0.00117063522338867 0.0063633918762207
0.0717620849609375 -0.0500717163085937 -0.0156316757202148 0.0166130065917969
0.0890045166015625 -0.00794219970703125 -0.0247364044189453 0.00329399108886719
0.0691719055175781 0.0690727233886719 -0.0296154022216797 -0.019195556640625
0.0308914184570312 0.116043090820312 -0.00156211853027344 -0.0186424255371094
-0.0204620361328125 0.121742248535156 -0.00795745849609375 0.011073112487793
-0.0680465698242187 0.0959396362304688 0.0379562377929688 0.0868988037109375
-0.0301971435546875 0.111717224121094 0.0181961059570312 0.0956497192382812
0.01959228515625 0.109939575195312 0.0315017700195313 0.0718231201171875
0.0785903930664062 0.0643157958984375 0.0521469116210938 0.0447921752929688
0.0873489379882813 -0.000244140625 0.0427398681640625 0.0135307312011719
0.0647087097167969 -0.0589447021484375 0.0273075103759766 -0.00538444519042969
0.026580810546875 -0.07867431640625 0.0158777236938477 -0.00353431701660157
0.0205612182617188 -0.0748062133789063 0.0106782913208008 0.00996017456054687
0.0211868286132813 -0.0842437744140625 0.00709152221679688 0.0275917053222656
0.0409393310546875 -0.0771255493164063 -0.00543403625488281 0.0305423736572266
0.0745773315429688 -0.0442733764648438 -0.022552490234375 0.0329990386962891
0.0854721069335937 -0.001007080078125 -0.0300579071044922 0.0120964050292969
0.0562591552734375 0.0726470947265625 -0.0272598266601562 -0.0127887725830078
0.01263427734375 0.108779907226563 0.00546932220458985 0.00328969955444337
-0.0354461669921875 0.104080200195313 -0.0213584899902344 0.0460205078125
-0.0660324096679688 0.0518646240234375 0.01422119140625 0.112869262695312
-0.045257568359375 0.0744781494140625 0.00366210937500001 0.112297058105469
-0.00669097900390625 0.08709716796875 0.0205612182617187 0.07403564453125
0.0502662658691406 0.0635643005371094 0.0316696166992187 0.0488433837890625
0.0696792602539063 0.0121879577636719 0.0230979919433594 0.0271835327148437
0.0599555969238281 -0.0421600341796875 0.0142707824707031 0.0192337036132812
0.0297775268554688 -0.064300537109375 0.0135478973388672 0.0260543823242187
0.0235023498535156 -0.0617408752441406 0.0125465393066406 0.0376014709472656
0.0249252319335938 -0.072174072265625 0.00680160522460937 0.0527610778808594
0.0417671203613281 -0.06475830078125 -0.0116157531738281 0.0525741577148437
0.0687789916992188 -0.0326881408691406 -0.0313949584960938 0.0463104248046875
0.0743255615234375 0.00836944580078125 -0.0372695922851562 0.0173263549804688
0.0363082885742187 0.071136474609375 -0.0271396636962891 -0.008514404296875
-0.00968933105468751 0.0912704467773438 0.00501632690429687 0.0202560424804688
-0.04913330078125 0.0736770629882812 -0.0398941040039063 0.0721664428710938
-0.0528640747070313 0.000286102294921875 -0.00377655029296874 0.121971130371094
-0.0487518310546875 0.0265274047851563 -0.00454711914062499 0.115486145019531
-0.0272674560546875 0.0466957092285156 0.0149765014648437 0.0688896179199219
0.0161819458007813 0.0491447448730469 0.0172157287597656 0.0458564758300781
0.0411949157714844 0.019317626953125 0.00780677795410157 0.0317001342773438
0.045013427734375 -0.0205001831054688 0.00352096557617187 0.0363044738769531
0.0282173156738281 -0.0392646789550781 0.0100593566894531 0.0481834411621094
0.022125244140625 -0.0398750305175781 0.0124931335449219 0.0583915710449219
0.0236396789550781 -0.0487403869628906 0.00576019287109376 0.0739593505859375
0.036224365234375 -0.0441246032714844 -0.0194549560546875 0.0717391967773438
0.0551490783691406 -0.0178413391113281 -0.0416946411132813 0.056182861328125
0.0552787780761719 0.0156211853027344 -0.04736328125 0.0205078125
0.0139083862304688 0.0606575012207031 -0.0302143096923828 -0.00713157653808594
-0.0295791625976563 0.0630569458007813 -0.00108909606933594 0.0323772430419922
-0.0556411743164062 0.033355712890625 -0.0609588623046875 0.0870361328125
0.0384864807128906 0.0201759338378906 0.06280517578125 -0.0853958129882813
0.0372390747070313 -0.023834228515625 0.0157051086425781 -0.0296497344970703
0.000236511230468746 -0.0370635986328125 0.0313262939453125 0.00960159301757812
-0.0255374908447266 -0.0215873718261719 0.0635147094726563 -0.0147590637207031
-0.0301856994628906 0.000978469848632812 0.0544319152832031 -0.0598716735839844
-0.0239620208740234 0.0214881896972656 0.0207138061523438 -0.0886001586914063
-0.0183658599853516 0.0186042785644531 -0.0083160400390625 -0.0872039794921875
-0.0200061798095703 0.0117740631103516 -0.0148849487304687 -0.0695075988769531
-0.0242462158203125 0.0115280151367187 -0.00955581665039063 -0.057861328125
-0.0259361267089844 -0.00772285461425782 -0.00305557250976563 -0.0479965209960938
-0.0123653411865234 -0.0269050598144531 -0.00265121459960938 -0.0340328216552734
0.0136280059814453 -0.0283870697021484 -0.00706863403320312 -0.0407638549804688
0.0420799255371094 -0.00704193115234375 -0.00880050659179687 -0.0698318481445313
0.047576904296875 0.0226707458496094 0.000457763671875013 -0.106491088867188
0.0301246643066406 0.0434989929199219 0.0148162841796875 -0.11553955078125
0.0228004455566406 0.0653190612792969 0.0770492553710938 -0.0708541870117188
0.044952392578125 0.0201644897460938 0.0265884399414063 -0.0210666656494141
0.0254707336425781 -0.00566291809082031 0.0385856628417969 0.0165939331054688
0.00959587097167968 -0.0154485702514648 0.07427978515625 -0.00997161865234375
-0.00188446044921875 -0.0136318206787109 0.0647239685058594 -0.0570182800292969
-0.00891399383544922 -0.00745201110839844 0.0294342041015625 -0.0911178588867188
-0.0134811401367188 -0.0139942169189453 -0.00283813476562501 -0.0915908813476562
-0.0135488510131836 -0.0172643661499023 -0.0119781494140625 -0.0709304809570313
-0.0146923065185547 -0.020233154296875 -0.0068817138671875 -0.0565032958984375
-0.00469398498535157 -0.0319194793701172 -0.000358581542968751 -0.0461654663085938
0.0180282592773438 -0.0343036651611328 -0.00275993347167969 -0.0280284881591797
0.0432243347167969 -0.0179367065429688 -0.00875473022460937 -0.0313987731933594
0.0537681579589844 0.0263328552246094 -0.0174140930175781 -0.0570945739746094
0.0450553894042969 0.0657844543457031 -0.00727844238281251 -0.090118408203125
0.0161285400390625 0.0828781127929688 0.0132598876953125 -0.0955886840820312
0.000450134277343752 0.102592468261719 0.0838546752929688 -0.0422897338867187
0.0401802062988281 0.0659217834472656 0.0348758697509766 -0.00151824951171875
0.0457763671875 0.0335540771484375 0.0443382263183594 0.0274658203125
0.0468902587890625 -0.0016937255859375 0.0811080932617188 -0.00012969970703125
0.0312156677246094 -0.0223731994628906 0.0711135864257813 -0.0469131469726563
0.0108451843261719 -0.0352058410644531 0.0363388061523437 -0.0826263427734375
-0.0062713623046875 -0.0440559387207031 0.00335693359375 -0.0838394165039063
-0.00484466552734375 -0.0443191528320313 -0.00799560546875 -0.0619316101074219
-0.00567626953125 -0.0494728088378906 -0.00360488891601562 -0.0452880859375
0.0117111206054687 -0.0541305541992188 -9.91821289062529E-05 -0.0357475280761719
0.0421409606933594 -0.0434989929199219 -0.00617408752441406 -0.0165443420410156
0.0654411315917969 -0.014923095703125 -0.0136680603027344 -0.0199298858642578
0.066436767578125 0.047698974609375 -0.02642822265625 -0.0428352355957031
0.0456466674804688 0.0949020385742188 -0.012420654296875 -0.06768798828125
0.00617980957031251 0.110618591308594 0.00773239135742188 -0.0654487609863281
-0.0259552001953125 0.124465942382813 0.0793914794921875 -0.00184631347656249
0.0244827270507813 0.1048583984375 0.03790283203125 0.0289382934570313
0.0552597045898438 0.074920654296875 0.0461006164550781 0.0435333251953125
0.077972412109375 0.0199432373046875 0.081146240234375 0.0145492553710938
0.0631256103515625 -0.025482177734375 0.07037353515625 -0.0287017822265625
0.0328598022460938 -0.0567855834960938 0.03900146484375 -0.0633506774902344
0.00337982177734374 -0.0673408508300781 0.0103836059570313 -0.0640068054199219
0.0023651123046875 -0.0648651123046875 -0.00242996215820312 -0.0436744689941406
0.00211334228515626 -0.0720748901367188 0.000663757324218752 -0.0253276824951172
0.0231857299804688 -0.0708084106445312 -0.0013580322265625 -0.0176925659179688
0.0588645935058594 -0.0513763427734375 -0.0104093551635742 -0.00101089477539063
0.0809707641601563 -0.0152969360351563 -0.0194740295410156 -0.00748252868652343
0.0741958618164063 0.0591049194335938 -0.0304508209228516 -0.0290546417236328
0.0459442138671875 0.11029052734375 -0.00954437255859375 -0.0429458618164062
-0.0032958984375 0.123382568359375 0.000862121582031252 -0.0286426544189453
-0.0493545532226563 0.122802734375 0.0640830993652344 0.0433425903320313
-0.000373840332031251 0.122726440429688 0.0327301025390625 0.0628128051757813
0.04705810546875 0.103599548339844 0.0415992736816406 0.0593109130859375
0.0912933349609375 0.0437774658203125 0.0705184936523438 0.0311050415039063
0.0844879150390625 -0.0174942016601563 0.0607681274414063 -0.00665283203125
0.0513992309570313 -0.0660972595214844 0.0361862182617188 -0.0355110168457031
0.0138473510742188 -0.0802230834960938 0.0147628784179688 -0.0366363525390625
0.0101394653320313 -0.075714111328125 0.00423622131347656 -0.01824951171875
0.00990295410156249 -0.0849380493164063 0.00433850288391113 0.000135898590087885
0.0310897827148437 -0.0801925659179688 -0.00240135192871094 0.00496578216552734
0.0675086975097656 -0.0533332824707031 -0.0152730941772461 0.015254020690918
0.0867996215820313 -0.01220703125 -0.0237102508544922 0.0036468505859375
0.0719375610351563 0.0657958984375 -0.0289821624755859 -0.0179634094238281
0.03656005859375 0.113662719726563 -0.00244903564453125 -0.0191879272460937
-0.0151901245117187 0.121208190917969 -0.00784492492675781 0.00927734375000001
-0.061920166015625 0.097747802734375 0.0406112670898437 0.083740234375
-0.0251846313476562 0.111602783203125 0.020050048828125 0.09222412109375
0.0245742797851562 0.108551025390625 0.0312995910644531 0.0696220397949219
0.0804901123046875 0.0599517822265625 0.0521392822265625 0.0438041687011719
0.0856552124023438 -0.00431060791015625 0.0432815551757813 0.0135879516601563
0.060882568359375 -0.0605888366699219 0.0272312164306641 -0.00647735595703125
0.0221176147460938 -0.0791473388671875 0.0155410766601563 -0.00445652008056641
0.0161590576171875 -0.0738296508789063 0.009735107421875 0.00972747802734374
0.016204833984375 -0.0842437744140625 0.00769424438476562 0.027069091796875
0.0357666015625 -0.0779342651367188 -0.00531578063964844 0.0294609069824219
0.0709609985351563 -0.04827880859375 -0.0212974548339844 0.0323848724365234
0.0841140747070313 -0.00453948974609375 -0.0292491912841797 0.0120010375976563
0.0594825744628906 0.0693092346191406 -0.0266513824462891 -0.0116729736328125
0.0178909301757812 0.106925964355469 0.00517511367797852 0.00197410583496094
-0.0301513671875 0.103782653808594 -0.0191802978515625 0.0446624755859375
-0.0630226135253906 0.0552139282226562 0.0178985595703125 0.110977172851562
-0.041351318359375 0.0757522583007812 0.00691986083984375 0.110176086425781
-0.00183868408203126 0.0871124267578125 0.0211105346679687 0.0722808837890625
0.0530052185058594 0.0607795715332031 0.0318336486816406 0.0484466552734375
0.0693435668945313 0.00838470458984375 0.0240707397460938 0.0268096923828125
0.0570106506347656 -0.0447425842285156 0.0160942077636719 0.0193061828613281
0.0259132385253906 -0.0649528503417969 0.0146427154541016 0.0248699188232422
0.0191497802734375 -0.0623779296875 0.0134620666503906 0.0355720520019531
0.019744873046875 -0.0726394653320313 0.00869750976562501 0.0513954162597656
0.0374412536621094 -0.0666046142578125 -0.00989532470703125 0.0516433715820312
0.0660629272460938 -0.0361099243164062 -0.0299034118652344 0.0462608337402344
0.0738372802734375 0.00446319580078125 -0.0366859436035156 0.0178413391113281
0.0400352478027344 0.069183349609375 -0.0270023345947266 -0.00808334350585938
-0.00506591796875001 0.0907363891601563 0.00576972961425781 0.0186176300048828
-0.0445022583007813 0.0735931396484375 -0.0363922119140625 0.0713577270507813
-0.0519828796386719 0.0031585693359375 0.000160217285156244 0.121597290039062
-0.0461616516113281 0.0283889770507813 -0.001068115234375 0.113426208496094
-0.023590087890625 0.0481834411621094 0.0149383544921875 0.0671768188476563
0.0190887451171875 0.0477371215820313 0.0167884826660156 0.0465431213378906
0.0410919189453125 0.016387939453125 0.00975227355957032 0.0323143005371094
0.0429916381835938 -0.0230178833007813 0.00640487670898438 0.0356864929199219
0.0246315002441406 -0.0406341552734375 0.0125160217285156 0.0467910766601563
0.0194091796875 -0.0410041809082031 0.0149650573730469 0.0561103820800781
0.0207138061523438 -0.0494003295898438 0.00851440429687501 0.071929931640625
0.0334968566894531 -0.0457611083984375 -0.0163803100585937 0.071014404296875
0.0537757873535156 -0.0208320617675781 -0.0394783020019531 0.0575714111328125
0.0551948547363281 0.0125007629394531 -0.0458869934082031 0.0212059020996094
0.0174026489257813 0.0598869323730469 -0.0294628143310547 -0.00647544860839844
-0.025787353515625 0.063385009765625 0.000579833984374996 0.0307540893554688
-0.0527763366699219 0.0347976684570313 -0.0572433471679688 0.0878677368164063
0.0382652282714844 0.0186691284179687 0.06134033203125 -0.086578369140625
0.0367584228515625 -0.0243949890136719 0.0149421691894531 -0.0289363861083984
-0.000968933105468749 -0.0363655090332031 0.0308952331542969 0.0103588104248047
-0.0257701873779297 -0.0206699371337891 0.0630950927734375 -0.0150299072265625
-0.0300617218017578 0.00175666809082031 0.0529136657714844 -0.0596427917480469
-0.0224075317382813 0.0221443176269531 0.0189666748046875 -0.0876235961914063
-0.0174121856689453 0.0190773010253906 -0.0103607177734375 -0.0868453979492187
-0.0191364288330078 0.0123538970947266 -0.0164527893066406 -0.0686492919921875
-0.0235519409179688 0.0125370025634766 -0.0118598937988281 -0.0570335388183594
-0.0253314971923828 -0.00533866882324219 -0.00568771362304688 -0.0475006103515625
-0.0132579803466797 -0.0258350372314453 -0.00383758544921875 -0.0356712341308594
0.0127048492431641 -0.028167724609375 -0.00630569458007813 -0.0418624877929688
0.0407142639160156 -0.00812911987304688 -0.00793838500976562 -0.0693855285644531
0.0475807189941406 0.02117919921875 -0.000106811523437502 -0.106315612792969
0.0314521789550781 0.0417823791503906 0.0134735107421875 -0.116363525390625
0.0238113403320313 0.0642433166503906 0.0754318237304688 -0.0725555419921875
0.0447006225585938 0.0188026428222656 0.0254154205322266 -0.0209522247314453
0.0246601104736328 -0.00643348693847656 0.0381927490234375 0.0165328979492188
0.00954723358154297 -0.0148468017578125 0.0740509033203125 -0.010284423828125
-0.00188255310058594 -0.0121860504150391 0.0631828308105469 -0.0572319030761719
-0.00800704956054687 -0.00742435455322266 0.0275115966796875 -0.09100341796875
-0.0143375396728516 -0.0128030776977539 -0.00521087646484375 -0.0911102294921875
-0.0137748718261719 -0.0166254043579102 -0.0141220092773438 -0.0698204040527344
-0.0156688690185547 -0.0200634002685547 -0.009185791015625 -0.0558967590332031
-0.0057220458984375 -0.0306186676025391 -0.00275421142578125 -0.0465202331542969
0.0167465209960937 -0.0336952209472656 -0.00378608703613281 -0.0295505523681641
0.0419998168945313 -0.0187225341796875 -0.00850677490234374 -0.0326423645019531
0.0536880493164063 0.0246849060058594 -0.0161895751953125 -0.0565452575683594
0.0459480285644531 0.0644760131835938 -0.00749969482421874 -0.0894012451171875
0.0175399780273438 0.0818634033203125 0.0125579833984375 -0.0963134765625
0.00268554687500001 0.102447509765625 0.0835494995117188 -0.0435638427734375
0.0411186218261719 0.0651435852050781 0.0338764190673828 -0.00109100341796875
0.0473365783691406 0.0326576232910156 0.0434722900390625 0.0280914306640625
0.0462303161621094 -0.00182342529296875 0.0807266235351563 -0.00030517578125
0.0307521820068359 -0.0233097076416016 0.0703048706054688 -0.0466842651367188
0.0106964111328125 -0.0353507995605469 0.0350112915039063 -0.0821456909179688
-0.00751113891601562 -0.0427818298339844 0.00113677978515624 -0.0835418701171875
-0.0069580078125 -0.0435867309570312 -0.0104560852050781 -0.06072998046875
-0.00725555419921875 -0.0495109558105469 -0.00553512573242188 -0.0447044372558594
0.0100746154785156 -0.05413818359375 -0.00318145751953125 -0.0365715026855469
0.0405807495117188 -0.0440521240234375 -0.00773239135742187 -0.0181751251220703
0.0647506713867188 -0.0162811279296875 -0.0134239196777344 -0.0212001800537109
0.0674209594726563 0.04638671875 -0.0254325866699219 -0.0423545837402344
0.0484390258789063 0.0937118530273437 -0.0124397277832031 -0.0673751831054688
0.00720977783203124 0.110000610351563 0.00691604614257812 -0.0669975280761719
-0.0227432250976563 0.124916076660156 0.0788726806640625 -0.00325012207031249
0.0263671875 0.103919982910156 0.0367698669433594 0.0283622741699219
0.0580520629882813 0.0735321044921875 0.0458221435546875 0.0435562133789063
0.0780029296875 0.0184860229492188 0.0800323486328125 0.0143890380859375
0.0622367858886719 -0.0260391235351563 0.0699043273925781 -0.0289077758789063
0.0322341918945313 -0.0573387145996094 0.0384368896484375 -0.0630416870117188
0.001922607421875 -0.0676994323730469 0.0084075927734375 -0.0638008117675781
0.000392913818359376 -0.0638275146484375 -0.00356292724609375 -0.0424995422363281
-0.000167846679687503 -0.0722579956054688 -0.00165748596191406 -0.0253715515136719
0.02105712890625 -0.0715713500976563 -0.00390243530273437 -0.0186290740966797
0.0565605163574219 -0.0526008605957031 -0.0117683410644531 -0.00232124328613282
0.0805816650390625 -0.017303466796875 -0.0188236236572266 -0.00932884216308594
0.0758819580078125 0.0572509765625 -0.0292377471923828 -0.0285816192626953
0.0483627319335937 0.108955383300781 -0.00959396362304688 -0.0434150695800781
-0.00108337402343749 0.123695373535156 1.33514404296883E-05 -0.030364990234375
-0.0463943481445312 0.124847412109375 0.0647468566894531 0.0421905517578125
0.00218963623046875 0.121650695800781 0.0318603515625 0.0615425109863281
0.0504837036132813 0.103065490722656 0.0402336120605469 0.0591239929199219
0.0922317504882813 0.04144287109375 0.0694503784179687 0.0315666198730469
0.0833816528320312 -0.0197067260742187 0.0610122680664063 -0.00699996948242188
0.0498695373535156 -0.067352294921875 0.0354652404785156 -0.0353889465332031
0.011505126953125 -0.0804290771484375 0.0132980346679688 -0.0358428955078125
0.0081634521484375 -0.0749893188476562 0.00301742553710938 -0.0181770324707031
0.00681304931640624 -0.0844650268554687 0.00314640998840332 9.63211059570261E-05
0.027587890625 -0.0807952880859375 -0.00452184677124023 0.00453710556030273
0.0662117004394531 -0.0555534362792969 -0.0165443420410156 0.0149936676025391
0.0867156982421875 -0.0150527954101563 -0.0236892700195312 0.00300788879394531
0.0737838745117188 0.06463623046875 -0.0285167694091797 -0.0180511474609375
0.0395431518554687 0.112480163574219 -0.00158309936523437 -0.0198001861572266
-0.0130157470703125 0.120826721191406 -0.00783395767211914 0.00776672363281251
-0.0602493286132812 0.0998001098632813 0.04150390625 0.0827407836914063
-0.0230560302734375 0.111671447753906 0.0201187133789062 0.0911331176757813
0.0275421142578125 0.108512878417969 0.0295295715332031 0.0698776245117188
0.0829696655273438 0.0576629638671875 0.0514640808105469 0.0437088012695313
0.0851364135742188 -0.00615692138671875 0.0436363220214844 0.0141868591308594
0.0586280822753906 -0.062835693359375 0.0280971527099609 -0.006103515625
0.0189743041992187 -0.0785751342773438 0.0155096054077148 -0.00514888763427735
0.014068603515625 -0.0749282836914063 0.00911617279052734 0.00943851470947265
0.0121841430664063 -0.0851058959960938 0.00755119323730469 0.0263442993164062
0.03277587890625 -0.0792388916015625 -0.00623512268066406 0.0287189483642578
0.0695724487304688 -0.04986572265625 -0.0218009948730469 0.0318584442138672
0.0844039916992188 -0.0074462890625 -0.0294895172119141 0.0113525390625
0.0613174438476563 0.0683555603027344 -0.0268573760986328 -0.0122127532958984
0.0210800170898437 0.106742858886719 0.00479555130004883 0.000341415405273444
-0.0278396606445313 0.104026794433594 -0.0186119079589844 0.0433120727539063
-0.0618515014648438 0.0566291809082031 0.0196914672851562 0.11077880859375
-0.0401382446289063 0.0771636962890625 0.00712585449218749 0.108932495117188
0.000640869140625007 0.0874252319335938 0.0192642211914063 0.0714950561523438
0.0548553466796875 0.0596122741699219 0.0312728881835938 0.0484046936035156
0.0691108703613281 0.00650787353515625 0.0248699188232422 0.0276603698730469
0.0554008483886719 -0.0469627380371094 0.0179214477539063 0.0190258026123047
0.0234718322753906 -0.0651397705078125 0.01507568359375 0.0238361358642578
0.0171089172363281 -0.0623664855957031 0.0135917663574219 0.0345478057861328
0.0174636840820313 -0.0731582641601563 0.00968170166015625 0.0503692626953125
0.034942626953125 -0.0680160522460938 -0.0100898742675781 0.0511665344238281
0.0650062561035156 -0.0381889343261719 -0.0289955139160156 0.0464668273925781
0.0740203857421875 0.002227783203125 -0.0368003845214844 0.017578125
0.0423240661621094 0.0681686401367188 -0.0265579223632812 -0.00826835632324219
-0.0020904541015625 0.091278076171875 0.00646114349365234 0.0173311233520508
-0.04345703125 0.0742874145507813 -0.035400390625 0.0707550048828125
-0.0519180297851563 0.00492095947265624 0.00188446044921874 0.122306823730469
-0.0457344055175781 0.0301475524902344 -0.000709533691406243 0.112373352050781
-0.0224456787109375 0.0495758056640625 0.0137863159179688 0.0667800903320313
0.0211067199707031 0.047210693359375 0.0165519714355469 0.0471649169921875
0.041534423828125 0.0148963928222656 0.0101165771484375 0.0333194732666016
0.0417938232421875 -0.024169921875 0.00826263427734376 0.0364799499511719
0.0224723815917969 -0.0410003662109375 0.0135116577148437 0.0459251403808594
0.0174903869628906 -0.0414886474609375 0.0165557861328125 0.055145263671875
0.0184860229492188 -0.0505828857421875 0.0100250244140625 0.0705718994140625
0.0316848754882813 -0.0466117858886719 -0.0154953002929688 0.0702095031738281
0.05322265625 -0.0225868225097656 -0.0386505126953125 0.0575332641601563
0.0556144714355469 0.0114059448242188 -0.0458412170410156 0.0214958190917969
0.0192222595214844 0.0601005554199219 -0.0294361114501953 -0.00699234008789062
-0.0238533020019531 0.0643196105957031 0.00142478942871094 0.0288162231445313
-0.0518035888671875 0.03509521484375 -0.0555648803710938 0.0871810913085937
0.0401268005371094 0.0181617736816406 0.0621109008789063 -0.0901107788085938
0.0367279052734375 -0.0248794555664063 0.0143280029296875 -0.0294342041015625
-0.00188064575195313 -0.0376548767089844 0.03131103515625 0.0105171203613281
-0.0275783538818359 -0.0200366973876953 0.0649871826171875 -0.0152626037597656
-0.0304126739501953 0.00373268127441407 0.0524559020996094 -0.0605812072753906
-0.0215721130371094 0.0234508514404297 0.0184173583984375 -0.0889663696289063
-0.0167827606201172 0.0197315216064453 -0.0126571655273438 -0.087615966796875
-0.0190391540527344 0.0140037536621094 -0.0181198120117187 -0.0689277648925781
-0.023773193359375 0.0126457214355469 -0.014129638671875 -0.0571975708007813
-0.0257015228271484 -0.00407791137695313 -0.00727462768554688 -0.0483627319335938
-0.0142440795898437 -0.0248508453369141 -0.00574111938476562 -0.0381278991699219
0.0110092163085938 -0.0294723510742188 -0.0063323974609375 -0.0443000793457031
0.0415191650390625 -0.0095672607421875 -0.00720214843749999 -0.071136474609375
0.0489006042480469 0.0201835632324219 -0.00106048583984375 -0.108772277832031
0.0325965881347656 0.0418815612792969 0.01226806640625 -0.120368957519531
0.0251922607421875 0.06549072265625 0.0774612426757813 -0.075653076171875
0.0447311401367188 0.0187301635742188 0.0256404876708984 -0.0212268829345703
0.0258693695068359 -0.00729560852050781 0.0387763977050781 0.017852783203125
0.00903511047363281 -0.015803337097168 0.075347900390625 -0.0110321044921875
-0.00234317779541015 -0.0129909515380859 0.0632591247558594 -0.0574455261230469
-0.00796794891357422 -0.00706672668457031 0.0271835327148437 -0.0931777954101562
-0.0136556625366211 -0.0121803283691406 -0.0081024169921875 -0.091949462890625
-0.0140361785888672 -0.0162429809570313 -0.0167236328125 -0.07037353515625
-0.0159778594970703 -0.0201187133789063 -0.0105400085449219 -0.05621337890625
-0.00654029846191406 -0.0309619903564453 -0.004852294921875 -0.0471000671386719
0.0157794952392578 -0.0348033905029297 -0.005767822265625 -0.0311603546142578
0.0419197082519531 -0.0200042724609375 -0.0077972412109375 -0.035858154296875
0.0551223754882813 0.0242767333984375 -0.0156898498535156 -0.0579795837402344
0.0485801696777344 0.0640525817871094 -0.00701141357421875 -0.09149169921875
0.0189208984375 0.0842056274414063 0.01153564453125 -0.099853515625
0.00394439697265626 0.104454040527344 0.0851898193359375 -0.0463943481445312
0.0437545776367188 0.0655746459960938 0.0338001251220703 -0.00169944763183593
0.0488739013671875 0.0325164794921875 0.04425048828125 0.0294227600097656
0.0471458435058594 -0.00311279296875 0.0818252563476563 -0.00067138671875
0.0306758880615234 -0.0236396789550781 0.071197509765625 -0.0475006103515625
0.01123046875 -0.036407470703125 0.0345687866210938 -0.084075927734375
-0.00792694091796875 -0.0435295104980469 -0.000633239746093747 -0.0838470458984375
-0.00750350952148437 -0.0441017150878906 -0.011932373046875 -0.061492919921875
-0.00894927978515625 -0.0496482849121094 -0.00687026977539063 -0.0454940795898438
0.00905990600585938 -0.0555381774902344 -0.00542831420898438 -0.0370903015136719
0.0403175354003906 -0.0462722778320312 -0.00861930847167968 -0.0205326080322266
0.06585693359375 -0.0177154541015625 -0.0130062103271484 -0.0228862762451172
0.0698661804199219 0.0461692810058594 -0.0245475769042969 -0.0434226989746094
0.0512619018554688 0.0943603515625 -0.0121574401855469 -0.0689544677734375
0.00881958007812501 0.112876892089844 0.00614929199218751 -0.0697555541992187
-0.0225372314453125 0.127716064453125 0.081298828125 -0.00448608398437499
0.0285491943359375 0.1060791015625 0.036468505859375 0.0291099548339844
0.06085205078125 0.0745697021484375 0.0450553894042969 0.0449333190917969
0.0808944702148438 0.0187835693359375 0.0810317993164063 0.0147628784179688
0.06298828125 -0.0278778076171875 0.070892333984375 -0.0290679931640625
0.0308837890625 -0.0601081848144531 0.0387420654296875 -0.0644798278808594
0.000389099121093749 -0.0688514709472656 0.00662612915039062 -0.0652122497558594
-0.000808715820312502 -0.0653343200683594 -0.00544357299804687 -0.0428848266601563
-0.00218963623046875 -0.0738296508789063 -0.00264167785644531 -0.0251235961914063
0.019073486328125 -0.0737380981445313 -0.00568580627441406 -0.0187149047851563
0.0570793151855469 -0.0546340942382812 -0.012995719909668 -0.00332832336425782
0.08148193359375 -0.0196762084960938 -0.0187015533447266 -0.0100383758544922
0.0795211791992188 0.0578842163085937 -0.0288429260253906 -0.0299758911132812
0.0520095825195313 0.111137390136719 -0.0098114013671875 -0.0443916320800781
-0.00036621093750001 0.12567138671875 -0.00127601623535157 -0.0329856872558594
-0.0452728271484375 0.128875732421875 0.0666046142578125 0.0418815612792969
0.00417327880859376 0.12493896484375 0.0314712524414063 0.0626983642578125
0.0541458129882812 0.105133056640625 0.0399742126464844 0.0616874694824219
0.0944061279296875 0.0409011840820312 0.0703201293945313 0.0321502685546875
0.0847091674804688 -0.0220260620117188 0.0613670349121094 -0.00751495361328125
0.0495109558105469 -0.0698165893554688 0.037078857421875 -0.03631591796875
0.009307861328125 -0.0815505981445313 0.013397216796875 -0.0372161865234375
0.006103515625 -0.076629638671875 0.0021514892578125 -0.01837158203125
0.0048675537109375 -0.086639404296875 0.00241303443908691 -0.000325202941894537
0.0256805419921875 -0.0837249755859375 -0.00592851638793945 0.00430488586425781
0.0662002563476563 -0.057769775390625 -0.0174131393432617 0.014460563659668
0.08856201171875 -0.0169601440429687 -0.0247230529785156 0.00194931030273438
0.0770950317382813 0.0645523071289063 -0.0280609130859375 -0.0188274383544922
0.0439300537109375 0.114097595214844 -0.00231361389160156 -0.0215625762939453
-0.012115478515625 0.123359680175781 -0.008056640625 0.0062403678894043
-0.0599899291992187 0.103294372558594 0.0441055297851563 0.0836257934570313
-0.0220260620117188 0.114280700683594 0.0197601318359375 0.09307861328125
0.030975341796875 0.109916687011719 0.029327392578125 0.070892333984375
0.0852584838867188 0.0581512451171875 0.0520248413085938 0.0457191467285156
0.086517333984375 -0.008514404296875 0.0448074340820313 0.013916015625
0.0579566955566406 -0.0662002563476563 0.0288867950439453 -0.00656318664550782
0.0176773071289063 -0.081298828125 0.0153293609619141 -0.00542163848876954
0.0117034912109375 -0.0760421752929688 0.00928211212158203 0.00923347473144531
0.0119171142578125 -0.0868606567382812 0.00747108459472657 0.0259552001953125
0.0306549072265625 -0.0818634033203125 -0.00757789611816406 0.0283622741699219
0.0693893432617188 -0.0533790588378906 -0.0218868255615234 0.0314826965332031
0.0854110717773438 -0.0091705322265625 -0.0284633636474609 0.0120792388916016
0.0653610229492188 0.0698204040527344 -0.0266628265380859 -0.0132083892822266
0.024810791015625 0.108650207519531 0.00545072555541992 -0.00123500823974609
-0.0274887084960938 0.106521606445313 -0.0192909240722656 0.0432701110839844
-0.0619659423828125 0.0594482421875 0.0215225219726562 0.112991333007813
-0.0399246215820312 0.0802459716796875 0.00684356689453126 0.110954284667969
0.00305938720703125 0.0898056030273438 0.0178146362304688 0.0729446411132813
0.0583381652832031 0.0591354370117188 0.0314712524414063 0.05035400390625
0.0703048706054687 0.00511932373046875 0.0258846282958984 0.0283279418945313
0.0552215576171875 -0.0490913391113281 0.0195693969726563 0.0196723937988281
0.0216712951660156 -0.0674705505371094 0.0157508850097656 0.0237236022949219
0.0159873962402344 -0.0637016296386719 0.0136852264404297 0.0345001220703125
0.0148468017578125 -0.0746231079101563 0.0109214782714844 0.0510711669921875
0.0322265625 -0.0704421997070313 -0.0102348327636719 0.0518074035644531
0.0662117004394531 -0.0409393310546875 -0.0295906066894531 0.0468406677246094
0.0760269165039063 0.00124359130859375 -0.0372161865234375 0.017822265625
0.0452728271484375 0.0696640014648438 -0.0264911651611328 -0.0088348388671875
0.000518798828125003 0.0933074951171875 0.00689315795898438 0.0163698196411133
-0.0433807373046875 0.0774002075195313 -0.0349884033203125 0.0720901489257812
-0.0530776977539063 0.00625991821289063 0.0041961669921875 0.125007629394531
-0.0458908081054688 0.0317115783691406 -0.00112915039062501 0.115028381347656
-0.0201797485351563 0.0505561828613281 0.0123291015625 0.0679206848144531
0.0235862731933594 0.0471343994140625 0.0167922973632812 0.0498580932617188
0.04290771484375 0.0141716003417969 0.01129150390625 0.0358734130859375
0.0418319702148438 -0.0264244079589844 0.0103302001953125 0.0368766784667969
0.0211715698242188 -0.0426902770996094 0.0151100158691406 0.0460090637207031
0.0163154602050781 -0.0429000854492187 0.0171661376953125 0.0543594360351562
0.0181312561035156 -0.051788330078125 0.0110855102539063 0.0718917846679687
0.0305671691894531 -0.0480117797851562 -0.01507568359375 0.0717010498046875
0.0543479919433594 -0.0243148803710938 -0.0383758544921875 0.058197021484375
0.0567359924316406 0.0103988647460937 -0.0477027893066406 0.0219573974609375
0.0205726623535156 0.0610313415527344 -0.029754638671875 -0.00760269165039063
-0.0222549438476563 0.0658073425292969 0.000699996948242185 0.0292930603027344
-0.0521354675292969 0.03692626953125 -0.0553741455078125 0.0888671875
0.0412826538085937 0.0177459716796875 0.0620193481445312 -0.096832275390625
0.0374298095703125 -0.0284881591796875 0.0143013000488281 -0.0318565368652344
-0.00336456298828125 -0.0387382507324219 0.0334644317626953 0.0115013122558594
-0.0289955139160156 -0.0196437835693359 0.066650390625 -0.0166397094726563
-0.0305118560791016 0.00469970703125 0.0541648864746094 -0.0643501281738281
-0.0213279724121094 0.0246257781982422 0.0159835815429687 -0.0920639038085938
-0.0159263610839844 0.0208797454833984 -0.0154190063476563 -0.0904617309570313
-0.0185432434082031 0.0152931213378906 -0.021270751953125 -0.0706863403320312
-0.0236740112304688 0.0156021118164062 -0.0174331665039063 -0.0585174560546875
-0.0261306762695313 -0.00289726257324218 -0.0098114013671875 -0.049407958984375
-0.0161075592041016 -0.0243320465087891 -0.00671005249023437 -0.0409507751464844
0.0107822418212891 -0.0302753448486328 -0.00688552856445313 -0.0473556518554688
0.0421371459960938 -0.0124435424804688 -0.00780487060546875 -0.073150634765625
0.0514450073242188 0.0194931030273438 -0.00185394287109373 -0.111907958984375
0.0356636047363281 0.0418014526367188 0.0099639892578125 -0.126670837402344
0.0287322998046875 0.0667915344238281 0.0783004760742188 -0.081329345703125
0.04852294921875 0.0174980163574219 0.025543212890625 -0.022857666015625
0.0257568359375 -0.00839424133300781 0.0397415161132813 0.0187263488769531
0.00862598419189453 -0.0156955718994141 0.0779876708984375 -0.0122451782226563
-0.00200271606445313 -0.0119457244873047 0.0647735595703125 -0.0613021850585937
-0.0077672004699707 -0.00758695602416992 0.02471923828125 -0.0958404541015625
-0.0145883560180664 -0.0125303268432617 -0.0107040405273438 -0.0950775146484375
-0.0159111022949219 -0.0161199569702148 -0.0199813842773438 -0.0717620849609375
-0.0172252655029297 -0.0190715789794922 -0.0146369934082031 -0.0580787658691406
-0.00712966918945313 -0.0318775177001953 -0.00837326049804688 -0.048126220703125
0.0143051147460938 -0.035614013671875 -0.00758552551269531 -0.0342884063720703
0.0422248840332031 -0.0220260620117188 -0.00788497924804687 -0.0382728576660156
0.05767822265625 0.0232696533203125 -0.0166893005371094 -0.0585823059082031
0.051666259765625 0.0645484924316406 -0.00966644287109374 -0.0950469970703125
0.022491455078125 0.0864486694335938 0.00930786132812499 -0.106498718261719
0.0072479248046875 0.108810424804688 0.0867691040039063 -0.0509567260742187
0.0468215942382812 0.0660476684570313 0.0338516235351562 -0.00279426574707031
0.0519142150878906 0.0316390991210938 0.0456390380859375 0.030181884765625
0.0494537353515625 -0.00453567504882813 0.0849685668945313 -0.0016632080078125
0.031646728515625 -0.025543212890625 0.072235107421875 -0.0506668090820313
0.00999069213867188 -0.03839111328125 0.0332260131835938 -0.0874481201171875
-0.009552001953125 -0.0448036193847656 -0.0038909912109375 -0.0876922607421875
-0.00945281982421875 -0.0443496704101563 -0.0147323608398437 -0.0625724792480469
-0.0110435485839844 -0.0509605407714844 -0.0100135803222656 -0.0466156005859375
0.0070343017578125 -0.0566825866699219 -0.00847625732421875 -0.0386199951171875
0.0395698547363281 -0.0491714477539063 -0.0111541748046875 -0.0218524932861328
0.06793212890625 -0.021148681640625 -0.0144538879394531 -0.0255393981933594
0.0740127563476562 0.0452651977539062 -0.0246963500976562 -0.0450630187988281
0.05694580078125 0.0957260131835938 -0.0144424438476562 -0.070953369140625
0.0125503540039062 0.117179870605469 0.003692626953125 -0.0746994018554687
-0.0185012817382813 0.133560180664063 0.0846405029296875 -0.00736236572265624
0.0331878662109375 0.108345031738281 0.038543701171875 0.0279922485351563
0.065826416015625 0.0758209228515625 0.0466842651367188 0.0466651916503906
0.08551025390625 0.014923095703125 0.0839691162109375 0.0150985717773438
0.0642433166503906 -0.0307388305664063 0.0729293823242188 -0.0310440063476563
0.0307579040527344 -0.0627861022949219 0.0377960205078125 -0.0671348571777344
-0.00173950195312501 -0.0701560974121094 0.004486083984375 -0.0676155090332031
-0.00327682495117187 -0.0677413940429687 -0.00820159912109374 -0.0447578430175781
-0.00444793701171875 -0.076385498046875 -0.00473785400390625 -0.0266323089599609
0.01715087890625 -0.0770416259765625 -0.00898551940917969 -0.0209331512451172
0.0570106506347656 -0.0596427917480469 -0.015110969543457 -0.00437068939208985
0.0839767456054688 -0.0228805541992187 -0.0192184448242188 -0.0121135711669922
0.0843276977539063 0.0576553344726563 -0.0290145874023437 -0.0315761566162109
0.0589828491210938 0.113456726074219 -0.0108566284179687 -0.0470657348632812
0.003204345703125 0.130516052246094 -0.00170135498046875 -0.0357818603515625
-0.0429000854492188 0.134765625 0.0720138549804687 0.0406570434570313
0.00920867919921876 0.129280090332031 0.033477783203125 0.0631332397460938
0.0605010986328125 0.106956481933594 0.0416069030761719 0.0634765625
0.10101318359375 0.0391311645507813 0.073089599609375 0.0331573486328125
0.0864944458007813 -0.0245590209960938 0.0650291442871094 -0.0075531005859375
0.049072265625 -0.0744476318359375 0.0383872985839844 -0.0385169982910156
0.00637817382812501 -0.0852432250976563 0.0108070373535156 -0.0390396118164063
0.00231170654296875 -0.0787734985351563 0.00118446350097656 -0.0192222595214844
0.0009613037109375 -0.0906829833984375 0.000962615013122558 -0.000256896018981939
0.0237197875976563 -0.087310791015625 -0.0080881118774414 0.00358295440673828
0.067352294921875 -0.0640106201171875 -0.0190563201904297 0.0145511627197266
0.0912017822265625 -0.0212860107421875 -0.0237789154052734 0.000934600830078125
0.0842819213867188 0.0647354125976563 -0.0290718078613281 -0.0203838348388672
0.0496978759765625 0.117256164550781 -0.00210952758789062 -0.0232658386230469
-0.00880432128906249 0.129806518554687 -0.00815010070800781 0.00542020797729493
-0.0582809448242188 0.110267639160156 0.0480575561523437 0.0858078002929688
-0.0182571411132812 0.120384216308594 0.0215225219726562 0.0945663452148438
0.0367660522460938 0.114540100097656 0.0311660766601563 0.0731124877929688
0.0904464721679687 0.0559616088867187 0.0531349182128906 0.0474281311035156
0.0889511108398438 -0.01214599609375 0.0466499328613281 0.0131912231445313
0.058135986328125 -0.0712127685546875 0.0305652618408203 -0.007598876953125
0.0159149169921875 -0.085693359375 0.0156927108764648 -0.00652599334716797
0.00890350341796875 -0.0788497924804688 0.00754785537719727 0.00877189636230468
0.00756072998046875 -0.0904464721679688 0.00868606567382812 0.0259265899658203
0.0283279418945313 -0.08648681640625 -0.00783348083496094 0.0295009613037109
0.0703964233398438 -0.0583953857421875 -0.0239372253417969 0.0329990386962891
0.0897903442382812 -0.013214111328125 -0.0308475494384766 0.0111236572265625
0.0719451904296875 0.0699615478515625 -0.0269947052001953 -0.0140419006347656
0.0313262939453125 0.111549377441406 0.00638723373413086 -0.00282287597656249
-0.0254364013671875 0.111152648925781 -0.0185279846191406 0.0433540344238281
-0.0627593994140625 0.0649032592773438 0.0249404907226562 0.118133544921875
-0.0383682250976563 0.0845413208007813 0.00949096679687501 0.116004943847656
0.00688934326171875 0.0936279296875 0.0186386108398438 0.0763931274414063
0.0634269714355469 0.0599136352539062 0.0330314636230469 0.0524749755859375
0.0741424560546875 0.0021820068359375 0.0280628204345703 0.0297584533691406
0.0550575256347656 -0.0540885925292969 0.0212230682373047 0.0200347900390625
0.0192451477050781 -0.0701789855957031 0.0178165435791016 0.0242500305175781
0.01373291015625 -0.0673408508300781 0.0148162841796875 0.0345821380615234
0.012054443359375 -0.0786590576171875 0.01275634765625 0.0517082214355469
0.03045654296875 -0.0749282836914063 -0.0093231201171875 0.0531768798828125
0.0661582946777344 -0.0463714599609375 -0.0298538208007813 0.0491142272949219
0.0787506103515625 -0.001373291015625 -0.0377159118652344 0.0192604064941406
0.0502853393554688 0.071807861328125 -0.0282001495361328 -0.00960922241210937
0.00513458251953126 0.0964584350585938 0.00795173645019531 0.0154705047607422
-0.0420913696289062 0.0817718505859375 -0.0343551635742187 0.0746612548828125
-0.0548248291015625 0.0089263916015625 0.00669097900390624 0.131202697753906
-0.0475692749023438 0.0354804992675781 -3.81469726562631E-05 0.119888305664063
-0.0192718505859375 0.0547332763671875 0.0125808715820312 0.071563720703125
0.0268020629882813 0.0493011474609375 0.0175971984863281 0.0516471862792969
0.0449142456054688 0.0125389099121094 0.0125236511230469 0.03759765625
0.042205810546875 -0.0293083190917969 0.0126457214355469 0.0386505126953125
0.0207862854003906 -0.0452117919921875 0.0175933837890625 0.04638671875
0.0154457092285156 -0.0446586608886719 0.0199508666992187 0.0561294555664063
0.0156097412109375 -0.0542259216308594 0.013885498046875 0.073394775390625
0.0291786193847656 -0.0519523620605469 -0.0150909423828125 0.0742721557617188
0.0547027587890625 -0.0280914306640625 -0.0374336242675781 0.0611724853515625
0.0600318908691406 0.00879669189453125 -0.0480232238769531 0.0245895385742188
0.0252304077148437 0.0624122619628906 -0.0309581756591797 -0.00775146484374999
-0.0195655822753906 0.0690689086914063 0.00253105163574218 0.0292644500732422
-0.0531578063964844 0.0393486022949219 -0.0547714233398437 0.0939407348632813
0.0434303283691406 0.0151290893554688 0.0590591430664063 -0.104141235351563
0.0365028381347656 -0.0317268371582031 0.0120182037353516 -0.03424072265625
-0.00678634643554688 -0.0393943786621094 0.0348701477050781 0.0107383728027344
-0.0321559906005859 -0.0174846649169922 0.0683555603027344 -0.0204696655273437
-0.0315933227539063 0.00774765014648437 0.0523109436035156 -0.0678062438964844
-0.0202770233154297 0.0262985229492188 0.0106735229492187 -0.0958404541015625
-0.0142879486083984 0.0226783752441406 -0.0216064453125 -0.091827392578125
-0.0183162689208984 0.0175590515136719 -0.0269927978515625 -0.0707626342773438
-0.0233955383300781 0.0175666809082031 -0.0215110778808594 -0.0596351623535156
-0.0273838043212891 -0.000894546508789063 -0.0142059326171875 -0.0506782531738281
-0.0180454254150391 -0.0236759185791016 -0.00996398925781251 -0.0431594848632813
0.00856590270996094 -0.0325355529785156 -0.0098724365234375 -0.050872802734375
0.0421981811523438 -0.015838623046875 -0.0102081298828125 -0.0750808715820313
0.0535621643066406 0.0161857604980469 -0.0071563720703125 -0.115684509277344
0.0394210815429688 0.0417289733886719 0.00376892089843749 -0.133148193359375
0.0334663391113281 0.0670623779296875 0.0770034790039063 -0.0895462036132813
0.0506973266601563 0.0142784118652344 0.0246696472167969 -0.025726318359375
0.0267906188964844 -0.00965309143066406 0.0420150756835938 0.0176353454589844
0.00750732421875 -0.0168018341064453 0.0795745849609375 -0.0156784057617188
-0.00349521636962891 -0.012690544128418 0.0637016296386719 -0.0659332275390625
-0.00802326202392578 -0.00777387619018555 0.0201492309570313 -0.0994033813476562
-0.0152225494384766 -0.0118169784545898 -0.0169525146484375 -0.0966796875
-0.0164699554443359 -0.0154142379760742 -0.0247726440429687 -0.0728836059570313
-0.0190944671630859 -0.0187931060791016 -0.0189933776855469 -0.0586776733398438
-0.00967788696289063 -0.0315933227539063 -0.0126800537109375 -0.0500221252441406
0.0135726928710938 -0.0378761291503906 -0.0101470947265625 -0.0368461608886719
0.0418815612792969 -0.0250358581542969 -0.0107040405273438 -0.0408821105957031
0.060821533203125 0.0197257995605469 -0.0183601379394531 -0.0615234375
0.0573348999023438 0.0635452270507813 -0.0133285522460938 -0.0970230102539063
0.0279998779296875 0.0882797241210938 0.0040435791015625 -0.112213134765625
0.014190673828125 0.111114501953125 0.0880661010742188 -0.0590667724609375
0.0527992248535156 0.0647735595703125 0.0348548889160156 -0.00502395629882812
0.0563926696777344 0.0302162170410156 0.0482444763183594 0.0299415588378906
0.0506515502929688 -0.00824356079101562 0.087646484375 -0.0047149658203125
0.0314445495605469 -0.0279769897460938 0.0723495483398438 -0.0556793212890625
0.0085906982421875 -0.0409202575683594 0.029754638671875 -0.0915756225585938
-0.0125236511230469 -0.0454750061035156 -0.0095672607421875 -0.089111328125
-0.0127944946289063 -0.0455703735351562 -0.0196380615234375 -0.0636558532714844
-0.014862060546875 -0.0525627136230469 -0.0145835876464844 -0.0471382141113281
0.00317764282226563 -0.0593681335449219 -0.0130653381347656 -0.0395736694335938
0.0374641418457031 -0.0526657104492188 -0.0137443542480469 -0.0232448577880859
0.0679702758789063 -0.0260772705078125 -0.0152397155761719 -0.0280513763427734
0.0797805786132813 0.0420913696289063 -0.0267066955566406 -0.0456504821777344
0.0650863647460938 0.09539794921875 -0.017242431640625 -0.0741653442382813
0.0199966430664063 0.120742797851563 0.000312805175781256 -0.0795211791992187
-0.0109405517578125 0.138916015625 0.0877227783203125 -0.0134201049804687
0.0409774780273437 0.109230041503906 0.0397682189941406 0.0266609191894531
0.0733413696289063 0.07342529296875 0.0495376586914063 0.0471153259277344
0.0885772705078125 0.010345458984375 0.0880661010742188 0.0117263793945312
0.065460205078125 -0.035552978515625 0.0746612548828125 -0.0354385375976563
0.0276069641113281 -0.0676383972167969 0.0364913940429687 -0.071380615234375
-0.00647735595703125 -0.0725021362304687 -0.000160217285156256 -0.07000732421875
-0.00826263427734375 -0.0685272216796875 -0.0108489990234375 -0.0454788208007813
-0.0101776123046875 -0.0786056518554687 -0.00781631469726562 -0.0273170471191406
0.0115280151367187 -0.0804290771484375 -0.0124244689941406 -0.0201187133789063
0.0543060302734375 -0.0652313232421875 -0.0171270370483398 -0.00497817993164063
0.0855712890625 -0.029388427734375 -0.0205345153808594 -0.0135307312011719
0.0917816162109375 0.0540618896484375 -0.0309066772460937 -0.0315685272216797
0.068267822265625 0.112640380859375 -0.0126914978027344 -0.048828125
0.0111846923828125 0.135887145996094 -0.00399017333984375 -0.0383834838867188
-0.03631591796875 0.142135620117188 0.0763702392578125 0.0385055541992188
0.0165786743164063 0.131813049316406 0.0373916625976563 0.0639457702636719
0.0693588256835938 0.106513977050781 0.0450859069824219 0.0648193359375
0.106903076171875 0.0339279174804688 0.0771255493164063 0.031829833984375
0.0885696411132813 -0.030609130859375 0.0671615600585938 -0.0104637145996094
0.0455703735351563 -0.0804290771484375 0.0378036499023438 -0.0418434143066406
0.00229644775390624 -0.0873794555664062 0.00911331176757812 -0.0414848327636719
-0.00199890136718751 -0.08209228515625 -0.00132942199707031 -0.0196762084960938
-0.00583648681640625 -0.0930557250976563 0.000311851501464843 -0.0014328956604004
0.0175628662109375 -0.092041015625 -0.0101470947265625 0.00437164306640625
0.0640830993652344 -0.0699348449707031 -0.0197467803955078 0.0148830413818359
0.0936279296875 -0.0287933349609375 -0.0248165130615234 0.00103378295898437
0.0920486450195312 0.0614166259765625 -0.0299453735351562 -0.0207462310791016
0.0601806640625 0.118171691894531 -0.00307464599609375 -0.0252971649169922
-0.0015869140625 0.134361267089844 -0.00923919677734375 0.00484848022460938
-0.054931640625 0.118072509765625 0.055206298828125 0.0867156982421875
-0.0111083984375 0.124565124511719 0.0278549194335938 0.097259521484375
0.0450820922851563 0.115310668945312 0.0327606201171875 0.0763778686523438
0.0986404418945313 0.052978515625 0.0575103759765625 0.0479469299316406
0.0926437377929688 -0.0179977416992188 0.0506019592285156 0.0132980346679687
0.0553359985351563 -0.0777359008789063 0.0326423645019531 -0.00939178466796876
0.0100479125976562 -0.0885162353515625 0.0162534713745117 -0.00768184661865235
0.00373840332031251 -0.0816574096679687 0.00853967666625977 0.00824308395385742
0.000816345214843754 -0.09478759765625 0.00888252258300781 0.0261249542236328
0.0226287841796875 -0.0919723510742187 -0.00842857360839844 0.0315227508544922
0.0688858032226563 -0.0656776428222656 -0.0229053497314453 0.0346145629882812
0.0919952392578125 -0.0201263427734375 -0.0308952331542969 0.0126132965087891
0.0788345336914062 0.06805419921875 -0.0288448333740234 -0.0130786895751953
0.0399322509765625 0.113800048828125 0.00648355484008789 -0.00402021408081054
-0.0203704833984375 0.117332458496094 -0.0175132751464844 0.0456886291503906
-0.0604934692382812 0.0717315673828125 0.0330581665039063 0.121284484863281
-0.0345230102539062 0.0899276733398437 0.015228271484375 0.1177978515625
0.0129852294921875 0.0967483520507813 0.0218658447265625 0.078643798828125
0.0703048706054688 0.056915283203125 0.0359878540039063 0.0545463562011719
0.0770263671875 -0.0016326904296875 0.0307788848876953 0.0299625396728516
0.0540695190429688 -0.0597953796386719 0.0244808197021484 0.0192031860351562
0.0159912109375 -0.0742340087890625 0.0194873809814453 0.0238151550292969
0.00920104980468749 -0.0703506469726563 0.0167522430419922 0.0347785949707031
0.00693511962890625 -0.0819473266601562 0.0150260925292969 0.0517311096191406
0.026275634765625 -0.078948974609375 -0.00839614868164063 0.0561027526855469
0.0657196044921875 -0.0523757934570313 -0.0289993286132813 0.0524673461914063
0.0818939208984375 -0.00736236572265625 -0.037994384765625 0.0213203430175781
0.0576324462890625 0.0704421997070313 -0.0291213989257813 -0.0091705322265625
0.0117950439453125 0.100135803222656 0.00956535339355469 0.0141143798828125
-0.0391998291015625 0.0864410400390625 -0.0313949584960938 0.0784454345703125
-0.0558967590332031 0.0138130187988281 0.0148391723632812 0.136787414550781
-0.0460662841796875 0.0400543212890625 0.00612640380859375 0.123703002929688
-0.0165214538574219 0.0586395263671875 0.0152130126953125 0.0737380981445313
0.0318565368652344 0.0472335815429687 0.0202102661132813 0.0538558959960938
0.0476188659667969 0.0103378295898438 0.0165443420410156 0.0383415222167969
0.0417747497558594 -0.0339279174804688 0.0161170959472656 0.0380630493164063
0.0181083679199219 -0.0487213134765625 0.0205078125 0.0468254089355469
0.0123443603515625 -0.0474929809570313 0.0226669311523438 0.0558242797851562
0.0120315551757812 -0.0582122802734375 0.0178985595703125 0.0741500854492188
0.0256614685058594 -0.0563468933105469 -0.0107192993164063 0.076324462890625
0.0546340942382813 -0.0329513549804688 -0.0366096496582031 0.0654373168945313
0.0625648498535156 0.00498199462890625 -0.0479927062988281 0.0273170471191406
0.0303421020507813 0.0636520385742187 -0.032318115234375 -0.00713729858398438
-0.0157089233398438 0.0726089477539063 0.00558280944824218 0.0285224914550781
-0.05255126953125 0.0428543090820313 -0.0508041381835938 0.100730895996094
0.0450096130371094 0.0113754272460938 0.0516891479492187 -0.109825134277344
0.0354042053222656 -0.0362358093261719 0.00959777832031251 -0.0357933044433594
-0.0103607177734375 -0.0395011901855469 0.0351295471191406 0.00811767578125
-0.0339717864990234 -0.0155582427978516 0.0674285888671875 -0.0245132446289063
-0.0317516326904297 0.0102920532226562 0.0497512817382813 -0.0708160400390625
-0.0179996490478516 0.0271034240722656 0.00495910644531251 -0.0961990356445313
-0.0114765167236328 0.0243644714355469 -0.0275802612304688 -0.090087890625
-0.0167694091796875 0.0206375122070312 -0.0317001342773437 -0.0706024169921875
-0.0212421417236328 0.0199089050292969 -0.0267448425292969 -0.0585289001464844
-0.0264873504638672 0.00218963623046875 -0.0190048217773438 -0.0493354797363281
-0.0206928253173828 -0.0208339691162109 -0.0135421752929687 -0.0444602966308594
0.00702476501464844 -0.0340232849121094 -0.0121002197265625 -0.0526542663574219
0.0410041809082031 -0.0197982788085937 -0.0126571655273438 -0.0746841430664063
0.0550613403320313 0.0129470825195313 -0.0142593383789062 -0.115837097167969
0.0421905517578125 0.0383796691894531 -0.0061187744140625 -0.135513305664063
0.0384597778320313 0.0643424987792969 0.0715560913085937 -0.0973739624023437
0.0501976013183594 0.0114479064941406 0.0229949951171875 -0.0288410186767578
0.0256710052490234 -0.0123176574707031 0.0423736572265625 0.0170631408691406
0.00782489776611328 -0.0165948867797852 0.0810699462890625 -0.0205612182617188
-0.0041656494140625 -0.012120246887207 0.0599136352539063 -0.0701217651367188
-0.00875139236450195 -0.00646781921386719 0.01513671875 -0.102462768554688
-0.0152721405029297 -0.011418342590332 -0.0243377685546875 -0.09564208984375
-0.0179233551025391 -0.0136814117431641 -0.0295677185058594 -0.0691070556640625
-0.0210704803466797 -0.0167655944824219 -0.0252799987792969 -0.0572090148925781
-0.0126514434814453 -0.0304794311523438 -0.0168380737304687 -0.0501174926757812
0.0112953186035156 -0.0382537841796875 -0.0142364501953125 -0.037353515625
0.0401039123535156 -0.0287399291992188 -0.012725830078125 -0.04345703125
0.0618247985839844 0.0146751403808594 -0.0205650329589844 -0.061309814453125
0.0614891052246094 0.0598373413085937 -0.019378662109375 -0.0985794067382813
0.0350570678710937 0.0870208740234375 -0.00273895263671876 -0.11474609375
0.0226211547851563 0.111732482910156 0.084564208984375 -0.0656051635742188
0.0582008361816406 0.0621070861816406 0.0347614288330078 -0.00786209106445312
0.0591506958007813 0.025634765625 0.0501632690429688 0.0288009643554688
0.0504722595214844 -0.0116844177246094 0.0875091552734375 -0.00934600830078125
0.0300369262695313 -0.0298347473144531 0.0701866149902344 -0.0593757629394531
0.00611114501953125 -0.0421562194824219 0.0248184204101563 -0.0948486328125
-0.0164337158203125 -0.0453300476074219 -0.0162200927734375 -0.08966064453125
-0.01617431640625 -0.044891357421875 -0.0247306823730469 -0.0621376037597656
-0.0185775756835937 -0.0509490966796875 -0.0189361572265625 -0.0462417602539063
-0.00203323364257812 -0.0603675842285156 -0.0178604125976563 -0.0382308959960938
0.0328636169433594 -0.056060791015625 -0.01641845703125 -0.0233287811279297
0.0667572021484375 -0.0312271118164063 -0.0177097320556641 -0.0291023254394531
0.0844802856445313 0.0358810424804688 -0.0280914306640625 -0.0451850891113281
0.0735092163085938 0.0919418334960938 -0.0200271606445313 -0.0736541748046875
0.0282974243164063 0.120529174804688 -0.00666809082031249 -0.0810928344726562
-9.15527343750101E-05 0.142135620117188 0.0884246826171875 -0.0210952758789062
0.0498886108398438 0.106056213378906 0.0420341491699219 0.0239448547363281
0.0794906616210938 0.0681686401367188 0.0519332885742188 0.0468406677246094
0.090057373046875 0.0037384033203125 0.0897216796875 0.00638580322265625
0.0636405944824219 -0.0401496887207031 0.0724639892578125 -0.0401840209960938
0.022735595703125 -0.0694313049316406 0.03277587890625 -0.075042724609375
-0.0112762451171875 -0.0712814331054687 -0.00403594970703125 -0.0710220336914063
-0.0121994018554688 -0.0686798095703125 -0.0167198181152344 -0.0439872741699219
-0.01763916015625 -0.0793991088867188 -0.0115432739257813 -0.02777099609375
0.0049591064453125 -0.082611083984375 -0.0162200927734375 -0.0184535980224609
0.0508499145507812 -0.0704345703125 -0.0187015533447266 -0.00425910949707032
0.085357666015625 -0.0372543334960938 -0.0218906402587891 -0.0134296417236328
0.0970458984375 0.0454940795898438 -0.0317897796630859 -0.0305728912353516
0.0770721435546875 0.109016418457031 -0.0146026611328125 -0.050079345703125
0.0211181640625 0.137405395507813 -0.0084991455078125 -0.0402297973632812
-0.02581787109375 0.143508911132813 0.0813751220703125 0.033355712890625
0.02630615234375 0.132377624511719 0.0408821105957031 0.0614280700683594
0.077392578125 0.1019287109375 0.0473747253417969 0.0620002746582031
0.111289978027344 0.0249557495117188 0.0783309936523438 0.0287933349609375
0.0869293212890625 -0.03826904296875 0.0666007995605469 -0.0152626037597656
0.0396270751953125 -0.0855026245117188 0.0357666015625 -0.0449066162109375
-0.00440979003906249 -0.0895309448242188 0.00606536865234375 -0.0417976379394531
-0.00767517089843749 -0.0827713012695312 -0.00398063659667969 -0.0202980041503906
-0.0141220092773437 -0.0939483642578125 0.000139474868774413 -0.00238656997680665
0.0107650756835938 -0.0943069458007813 -0.0105438232421875 0.00506496429443359
0.0583114624023437 -0.0766067504882812 -0.0196876525878906 0.0169391632080078
0.0927047729492188 -0.0367584228515625 -0.0257987976074219 0.00102043151855468
0.0976943969726563 0.054779052734375 -0.0293750762939453 -0.0195388793945312
0.0696182250976563 0.113227844238281 -0.00346565246582031 -0.0265483856201172
0.00748443603515626 0.13580322265625 -0.0104866027832031 0.00293445587158204
-0.046844482421875 0.123908996582031 0.0603866577148438 0.0829086303710938
-0.002349853515625 0.123954772949219 0.0351638793945312 0.0966873168945313
0.0543594360351563 0.113143920898438 0.0375137329101562 0.0760955810546875
0.105400085449219 0.04400634765625 0.0607948303222656 0.0436592102050781
0.0923614501953125 -0.0246353149414062 0.0506744384765625 0.00960922241210937
0.0513381958007813 -0.08349609375 0.0317153930664063 -0.0107669830322266
0.00391387939453126 -0.0902633666992188 0.01556396484375 -0.00887203216552735
-0.00150299072265625 -0.0816879272460938 0.00959968566894531 0.00681686401367187
-0.00858306884765625 -0.095306396484375 0.0101242065429688 0.0240230560302734
0.01470947265625 -0.0944747924804687 -0.00621795654296875 0.031219482421875
0.06298828125 -0.072723388671875 -0.0213470458984375 0.0367469787597656
0.0918197631835938 -0.0275039672851563 -0.0296974182128906 0.0142040252685547
0.0855560302734375 0.062530517578125 -0.028900146484375 -0.0141372680664062
0.051605224609375 0.111671447753906 0.0074148178100586 -0.00658512115478515
-0.0125656127929687 0.120132446289063 -0.0132217407226563 0.04693603515625
-0.0547866821289063 0.0783615112304688 0.0419769287109375 0.120307922363281
-0.028564453125 0.094024658203125 0.0217971801757812 0.117080688476563
0.0200347900390625 0.0967636108398438 0.025909423828125 0.078826904296875
0.0755615234375 0.0519485473632813 0.0395774841308594 0.0539398193359375
0.0786590576171875 -0.00838470458984375 0.0340995788574219 0.0280055999755859
0.0493850708007812 -0.0651130676269531 0.0263996124267578 0.0180473327636719
0.00999450683593751 -0.0756912231445313 0.0217685699462891 0.0213489532470703
0.00400543212890625 -0.0720748901367188 0.0186386108398438 0.0322895050048828
-0.000297546386718748 -0.0831222534179688 0.0175552368164063 0.0511627197265625
0.0187301635742188 -0.0818405151367187 -0.00543212890625 0.05548095703125
0.0628433227539063 -0.0584754943847656 -0.0251045227050781 0.0543365478515625
0.0820693969726563 -0.0148391723632813 -0.037445068359375 0.0237884521484375
0.0640602111816406 0.0672607421875 -0.0285072326660156 -0.00781631469726562
0.01953125 0.0975189208984375 0.0103616714477539 0.0127630233764648
-0.0331039428710938 0.0896148681640625 -0.0263214111328125 0.0814895629882812
-0.0539779663085937 0.0191307067871094 0.022979736328125 0.137825012207031
-0.0431404113769531 0.0434112548828125 0.014373779296875 0.123954772949219
-0.0113296508789062 0.05902099609375 0.0180511474609375 0.0746002197265625
0.0363349914550781 0.0453872680664063 0.0247573852539063 0.05438232421875
0.0485954284667969 0.00626754760742188 0.0193672180175781 0.0374984741210938
0.0388832092285156 -0.0385589599609375 0.021636962890625 0.0375633239746094
0.0136680603027344 -0.0505828857421875 0.0249519348144531 0.0448036193847656
0.00797271728515626 -0.0500755310058594 0.0262222290039063 0.0554885864257812
0.00733566284179687 -0.0586700439453125 0.02288818359375 0.0721588134765625
0.0209159851074219 -0.0600776672363281 -0.00550079345703125 0.0775909423828125
0.0529556274414063 -0.0370292663574219 -0.0316505432128906 0.0678482055664062
0.0638542175292969 -0.000736236572265625 -0.047149658203125 0.0311050415039062
0.0358390808105469 0.061065673828125 -0.0338668823242188 -0.007171630859375
-0.01104736328125 0.074188232421875 0.00804328918457031 0.0278129577636719
-0.0507621765136719 0.0463981628417969 -0.0454254150390625 0.104766845703125
0.0452499389648438 0.00651931762695312 0.0434341430664063 -0.111198425292969
0.032379150390625 -0.0375633239746094 0.00431060791015625 -0.0351715087890625
-0.00954437255859375 -0.0377349853515625 0.0356483459472656 0.00853729248046875
-0.0372352600097656 -0.0103988647460938 0.0656776428222656 -0.028350830078125
-0.0303058624267578 0.0134620666503906 0.045379638671875 -0.0720367431640625
-0.0146465301513672 0.0283889770507813 0.00330352783203125 -0.0948867797851563
-0.00752830505371094 0.0283088684082031 -0.0351409912109375 -0.0877914428710938
-0.0143775939941406 0.0192184448242188 -0.0342483520507813 -0.0665931701660156
-0.0201492309570312 0.0199928283691406 -0.0297470092773438 -0.0545616149902344
-0.0256309509277344 0.00376129150390626 -0.019989013671875 -0.048187255859375
-0.0207996368408203 -0.0203056335449219 -0.0154533386230469 -0.0441436767578125
0.0032958984375 -0.0323505401611328 -0.0160408020019531 -0.0528221130371094
0.0390243530273437 -0.0204658508300781 -0.0166473388671875 -0.0745620727539063
0.0553703308105469 0.00850677490234375 -0.0185165405273438 -0.113853454589844
0.0448951721191406 0.0346145629882812 -0.0117568969726562 -0.1328125
0.0402107238769531 0.0609397888183594 0.0628662109375 -0.102394104003906
0.0521202087402344 0.00893020629882813 0.0194625854492188 -0.0319309234619141
0.024871826171875 -0.0124912261962891 0.0449562072753906 0.014984130859375
0.00626564025878906 -0.0186595916748047 0.078125 -0.0223922729492188
-0.00423717498779297 -0.00990486145019531 0.0556144714355469 -0.0691108703613281
-0.0127773284912109 -0.00728797912597657 0.00669860839843749 -0.100372314453125
-0.013575553894043 -0.00972557067871094 -0.033905029296875 -0.092132568359375
-0.0187397003173828 -0.0135612487792969 -0.0342063903808594 -0.0683708190917969
-0.0203666687011719 -0.0161228179931641 -0.0266647338867188 -0.0573844909667969
-0.014434814453125 -0.0289821624755859 -0.0211296081542969 -0.0503349304199219
0.0059814453125 -0.0384101867675781 -0.017822265625 -0.0366592407226563
0.0378036499023438 -0.0272178649902344 -0.0150680541992188 -0.0461769104003906
0.0618209838867187 0.0106697082519531 -0.0223121643066406 -0.0609931945800781
0.0670051574707031 0.0529708862304688 -0.023681640625 -0.0962066650390625
0.0396041870117187 0.0836715698242188 -0.00947570800781251 -0.112312316894531
0.0276947021484375 0.107093811035156 0.08099365234375 -0.0723724365234375
0.0586433410644531 0.0572166442871094 0.0310325622558594 -0.00800704956054687
0.0592422485351563 0.0242729187011719 0.0500411987304688 0.0279121398925781
0.048828125 -0.0140495300292969 0.0853805541992188 -0.0110549926757813
0.0293388366699219 -0.0317192077636719 0.0649757385253906 -0.062713623046875
0.00363922119140625 -0.0429801940917969 0.0190811157226563 -0.0936813354492187
-0.0169792175292969 -0.0415725708007813 -0.0197906494140625 -0.0847091674804688
-0.0177154541015625 -0.0432395935058594 -0.0271682739257812 -0.0585784912109375
-0.02105712890625 -0.0485610961914063 -0.0244903564453125 -0.0433998107910156
-0.00760269165039062 -0.0567855834960938 -0.02032470703125 -0.0385513305664063
0.0269889831542969 -0.0578155517578125 -0.0213470458984375 -0.0227375030517578
0.0624351501464844 -0.0332298278808594 -0.02166748046875 -0.0282745361328125
0.0838623046875 0.0288543701171875 -0.0286979675292969 -0.0439682006835937
0.07623291015625 0.0851287841796875 -0.0210723876953125 -0.0705337524414063
0.0345993041992187 0.118621826171875 -0.0084991455078125 -0.0815277099609375
0.00934600830078126 0.137435913085937 0.0833511352539063 -0.027618408203125
0.054229736328125 0.0975189208984375 0.0397796630859375 0.0223617553710938
0.0820465087890625 0.0598220825195312 0.0534820556640625 0.0435333251953125
0.088958740234375 -0.00258636474609375 0.0891342163085938 0.00250244140625
0.0587959289550781 -0.0441207885742187 0.0707550048828125 -0.0402145385742188
0.0213394165039062 -0.07025146484375 0.0278244018554687 -0.0748672485351563
-0.015350341796875 -0.0699844360351562 -0.0104713439941406 -0.0695419311523437
-0.0175819396972656 -0.0677032470703125 -0.0183868408203125 -0.04315185546875
-0.0221328735351563 -0.0754470825195313 -0.0136585235595703 -0.0266971588134766
0.000396728515625006 -0.0833892822265625 -0.0184574127197266 -0.0190696716308594
0.0443572998046875 -0.0745620727539063 -0.0209331512451172 -0.0044841766357422
0.0832672119140625 -0.0417327880859375 -0.0231456756591797 -0.0158367156982422
0.09906005859375 0.0404205322265625 -0.0316295623779297 -0.0278110504150391
0.08160400390625 0.100296020507813 -0.0156745910644531 -0.0472412109375
0.0277481079101563 0.134780883789063 -0.00648880004882812 -0.0410728454589844
-0.018218994140625 0.145645141601563 0.08001708984375 0.0268478393554688
0.0352096557617187 0.128890991210937 0.0435562133789063 0.05743408203125
0.0816192626953125 0.0949325561523437 0.0482177734375 0.0607948303222656
0.112159729003906 0.0157623291015625 0.0804214477539063 0.0234222412109375
0.0857009887695312 -0.0424957275390625 0.0631027221679688 -0.0235176086425781
0.031494140625 -0.0881423950195312 0.0340843200683594 -0.0453834533691406
-0.00946044921875 -0.0842819213867188 0.00163650512695313 -0.0429115295410156
-0.0113754272460938 -0.0808181762695313 -0.00720977783203125 -0.0202598571777344
-0.0218887329101563 -0.0914840698242188 -0.000911951065063478 -0.00114130973815919
0.00595855712890624 -0.091888427734375 -0.009124755859375 0.00836658477783203
0.054229736328125 -0.079833984375 -0.0197544097900391 0.0166606903076172
0.0862197875976563 -0.0428314208984375 -0.0256118774414062 0.000614166259765627
0.10223388671875 0.0458297729492188 -0.0324134826660156 -0.0199794769287109
0.0765151977539063 0.107261657714844 -0.00170707702636718 -0.0246944427490234
0.0158462524414063 0.134048461914063 -0.00876140594482422 0.000810146331787118
-0.0386123657226563 0.123634338378906 0.06463623046875 0.0821075439453125
0.00632476806640624 0.125274658203125 0.03369140625 0.0890579223632813
0.0616531372070312 0.107208251953125 0.0406341552734375 0.0718002319335938
0.107887268066406 0.0360488891601563 0.0603485107421875 0.0418014526367188
0.0876083374023438 -0.02886962890625 0.0488357543945313 0.00562667846679687
0.0424957275390625 -0.0864181518554688 0.0346775054931641 -0.0169601440429688
-0.000854492187500008 -0.087554931640625 0.0183582305908203 -0.0124282836914063
-0.00913238525390626 -0.0809173583984375 0.00872087478637695 0.0077519416809082
-0.014495849609375 -0.0932998657226563 0.009765625 0.0267391204833984
0.0092315673828125 -0.0918655395507813 -0.00494766235351563 0.0293045043945312
0.062286376953125 -0.0770034790039063 -0.0194091796875 0.0360488891601562
0.0902328491210938 -0.0348587036132813 -0.0264320373535156 0.011627197265625
0.0856170654296875 0.0614166259765625 -0.0269603729248047 -0.0135154724121094
0.0574569702148438 0.105079650878906 0.00312280654907227 -0.00753116607666015
-0.00395202636718749 0.115768432617188 -0.01104736328125 0.0416755676269531
-0.0501861572265625 0.0785293579101563 0.0493240356445312 0.115653991699219
-0.0222549438476562 0.0951004028320313 0.0283050537109375 0.115203857421875
0.0259552001953125 0.0947723388671875 0.0304183959960937 0.077606201171875
0.0781936645507813 0.0451126098632813 0.0429801940917969 0.0509719848632813
0.0750198364257813 -0.0140151977539063 0.0361251831054688 0.0269279479980469
0.0440254211425781 -0.0673294067382813 0.0270271301269531 0.0147285461425781
0.00572967529296876 -0.0761337280273438 0.0232448577880859 0.0189380645751953
-0.000526428222656247 -0.0697174072265625 0.0209560394287109 0.0307369232177734
-0.00445556640624999 -0.0826416015625 0.0209922790527344 0.0469818115234375
0.0145797729492188 -0.0833663940429687 -0.001800537109375 0.0538215637207031
0.0567512512207031 -0.06298828125 -0.0233001708984375 0.053466796875
0.079498291015625 -0.0199737548828125 -0.0349483489990234 0.0235862731933594
0.0683517456054688 0.0618476867675781 -0.0302734375 -0.00673675537109375
0.0273361206054688 0.0950088500976563 0.0118293762207031 0.010289192199707
-0.0287399291992188 0.0902557373046875 -0.0217437744140625 0.0799484252929688
-0.0518989562988281 0.0205650329589844 0.030242919921875 0.133781433105469
-0.0377311706542969 0.0465087890625 0.0185089111328125 0.122047424316406
-0.0079803466796875 0.0628433227539063 0.0218276977539063 0.07244873046875
0.0422821044921875 0.0434494018554687 0.0254554748535156 0.0569267272949219
0.0509376525878906 0.00356292724609375 0.0190277099609375 0.0354499816894531
0.0368156433105469 -0.0402336120605469 0.0230026245117188 0.036712646484375
0.0120925903320312 -0.051025390625 0.0246009826660156 0.0413284301757813
0.00334930419921875 -0.0471115112304688 0.0270423889160156 0.0526847839355469
0.00355148315429687 -0.0588836669921875 0.027099609375 0.0701370239257813
0.0171356201171875 -0.0625801086425781 -0.00560760498046874 0.0748519897460938
0.0505790710449219 -0.0425453186035156 -0.0274200439453125 0.0708541870117188
0.0616226196289063 -0.0032501220703125 -0.0455818176269531 0.0323028564453125
0.0413703918457031 0.0547714233398438 -0.0316581726074219 -0.00658607482910156
-0.00565338134765625 0.0737457275390625 0.00851249694824219 0.02374267578125
-0.0463142395019531 0.0508766174316406 -0.0361480712890625 0.103462219238281
0.0427818298339844 0.00658416748046875 0.0390396118164063 -0.109466552734375
0.0284767150878906 -0.0379600524902344 0.00384712219238281 -0.0347385406494141
-0.0130615234375 -0.035736083984375 0.0338878631591797 0.00849533081054687
-0.0335483551025391 -0.0106220245361328 0.064208984375 -0.0270729064941406
-0.0283317565917969 0.0137042999267578 0.04205322265625 -0.0713729858398438
-0.0143051147460937 0.0278091430664063 -0.00287628173828126 -0.0925827026367188
-0.00796127319335938 0.0246715545654297 -0.0350189208984375 -0.0829086303710938
-0.0134162902832031 0.0214939117431641 -0.0359153747558594 -0.0621910095214844
-0.0188770294189453 0.0216522216796875 -0.0316276550292969 -0.0523796081542969
-0.0258617401123047 0.00579071044921875 -0.0218772888183594 -0.0464973449707031
-0.0227298736572266 -0.0173320770263672 -0.0186042785644531 -0.043365478515625
0.000719070434570311 -0.0317306518554688 -0.0167083740234375 -0.0531959533691406
0.0368766784667969 -0.0229530334472656 -0.015472412109375 -0.0714263916015625
0.0534324645996094 0.00634002685546875 -0.0205764770507812 -0.108863830566406
0.0453338623046875 0.0332107543945313 -0.0171279907226563 -0.131416320800781
0.0423088073730469 0.0578651428222656 0.0587615966796875 -0.100257873535156
0.0507164001464844 0.00384902954101563 0.0176982879638672 -0.0295200347900391
0.0231113433837891 -0.0133686065673828 0.0424270629882813 0.0139808654785156
0.00544357299804687 -0.0159721374511719 0.0745391845703125 -0.0245132446289063
-0.00426292419433594 -0.010676383972168 0.0540847778320313 -0.0723419189453125
-0.00875043869018555 -0.00728654861450196 0.00517272949218751 -0.097442626953125
-0.0159282684326172 -0.0101413726806641 -0.0324249267578125 -0.0886154174804688
-0.0162506103515625 -0.0102930068969727 -0.0364608764648437 -0.0636520385742188
-0.0203819274902344 -0.0133152008056641 -0.0298881530761719 -0.0517921447753906
-0.0153560638427734 -0.0258197784423828 -0.0226936340332031 -0.0450820922851563
0.00609970092773438 -0.0355911254882813 -0.0184364318847656 -0.0362358093261719
0.0362358093261719 -0.0302009582519531 -0.0160713195800781 -0.0437698364257813
0.0600624084472656 0.00896835327148438 -0.0213279724121094 -0.0577583312988281
0.0646934509277344 0.0500602722167969 -0.0229949951171875 -0.0919723510742188
0.0407562255859375 0.0796432495117188 -0.0135421752929687 -0.112876892089844
0.0306472778320312 0.105682373046875 0.0749130249023438 -0.0737228393554688
0.0603179931640625 0.0515060424804687 0.0294609069824219 -0.0101413726806641
0.0587615966796875 0.0191307067871094 0.0491676330566406 0.0259284973144531
0.0477104187011719 -0.01544189453125 0.0838165283203125 -0.0146408081054688
0.0269298553466797 -0.0319290161132813 0.0632743835449219 -0.0618171691894531
0.00169754028320312 -0.0409736633300781 0.0167999267578125 -0.0923919677734375
-0.018707275390625 -0.0423545837402344 -0.022979736328125 -0.083282470703125
-0.0186424255371094 -0.0396347045898437 -0.0298652648925781 -0.0556373596191406
-0.0226211547851562 -0.046600341796875 -0.0245513916015625 -0.0427780151367188
-0.00754165649414062 -0.0561065673828125 -0.022186279296875 -0.0353431701660156
0.0269126892089844 -0.0559883117675781 -0.0200443267822266 -0.0227527618408203
0.06121826171875 -0.0368995666503906 -0.0189037322998047 -0.0313301086425781
0.082122802734375 0.0265579223632813 -0.0265121459960937 -0.0438652038574219
0.078582763671875 0.0804290771484375 -0.0239753723144531 -0.069854736328125
0.03778076171875 0.113456726074219 -0.0131988525390625 -0.0799713134765625
0.0106582641601563 0.13555908203125 0.0821304321289063 -0.0303878784179687
0.0554733276367187 0.0963516235351563 0.0397109985351563 0.0184173583984375
0.0840606689453125 0.0584945678710938 0.0527267456054688 0.04248046875
0.0876617431640625 -0.00494384765625 0.0870361328125 0.0026702880859375
0.05767822265625 -0.0445213317871094 0.0670166015625 -0.0429801940917969
0.0160064697265625 -0.0708160400390625 0.025482177734375 -0.0743026733398438
-0.0179405212402344 -0.0699081420898438 -0.0107154846191406 -0.0663223266601563
-0.0189208984375 -0.0646858215332031 -0.0203590393066406 -0.0403213500976563
-0.0235977172851563 -0.0725555419921875 -0.0137424468994141 -0.0245800018310547
-0.00453948974609376 -0.0768966674804688 -0.0195369720458984 -0.0167121887207031
0.0409317016601563 -0.072174072265625 -0.0192298889160156 -0.00417900085449219
0.0786361694335938 -0.0448760986328125 -0.0216960906982422 -0.0164375305175781
0.0970306396484375 0.0359344482421875 -0.0298824310302734 -0.0303077697753906
0.0836257934570313 0.0956802368164063 -0.0177154541015625 -0.046783447265625
0.0319290161132813 0.130241394042969 -0.0115547180175781 -0.0399284362792969
-0.0118560791015625 0.142120361328125 0.0789794921875 0.0218048095703125
0.0373611450195312 0.122222900390625 0.041656494140625 0.0533218383789063
0.0839614868164063 0.0919265747070313 0.0488700866699219 0.0595741271972656
0.108024597167969 0.0138015747070313 0.078155517578125 0.0222625732421875
0.0789794921875 -0.0447998046875 0.0632247924804688 -0.018310546875
0.0297698974609375 -0.0867080688476563 0.0317268371582031 -0.0467262268066406
-0.0139389038085938 -0.084197998046875 0.00302505493164062 -0.0410118103027344
-0.0154342651367187 -0.0784378051757813 -0.00711822509765625 -0.0182857513427734
-0.0233535766601563 -0.087860107421875 -0.00318694114685059 -0.00205564498901368
-0.00125885009765626 -0.0903472900390625 -0.0124950408935547 0.00658607482910156
0.049224853515625 -0.080230712890625 -0.0188655853271484 0.0175094604492188
0.0850448608398437 -0.0449752807617187 -0.0248851776123047 -0.00137519836425782
0.099761962890625 0.0429000854492188 -0.0297164916992187 -0.0188617706298828
0.077850341796875 0.101364135742188 -0.0043182373046875 -0.0262680053710937
0.019256591796875 0.130287170410156 -0.00804281234741211 0.00202417373657227
-0.0320587158203125 0.122871398925781 0.067413330078125 0.0730514526367188
0.00915527343749999 0.121543884277344 0.0383148193359375 0.0873794555664063
0.0630264282226563 0.103202819824219 0.0388412475585938 0.0721588134765625
0.104721069335938 0.0334091186523438 0.0623550415039063 0.0415306091308594
0.0866775512695313 -0.033447265625 0.0515632629394531 0.0074462890625
0.037933349609375 -0.0835647583007813 0.0316867828369141 -0.0144596099853516
-0.00659179687500001 -0.0858078002929688 0.0131969451904297 -0.0113401412963867
-0.0109786987304688 -0.0782928466796875 0.00650739669799805 0.00678014755249023
-0.017059326171875 -0.0896682739257813 0.0101375579833984 0.0233001708984375
0.00336456298828126 -0.0922927856445312 -0.00752067565917969 0.0307350158691406
0.0534286499023438 -0.0768814086914063 -0.0190505981445312 0.0354843139648437
0.0862655639648438 -0.0372314453125 -0.0284824371337891 0.0118808746337891
0.0894012451171875 0.0507659912109375 -0.0287971496582031 -0.0125751495361328
0.0582809448242188 0.100830078125 0.005157470703125 -0.00915527343749999
-0.00115966796875001 0.116081237792969 -0.0110206604003906 0.0451469421386719
-0.0455398559570312 0.0798721313476563 0.0514297485351563 0.110801696777344
-0.0178451538085937 0.09271240234375 0.0300216674804688 0.1114501953125
0.0290374755859375 0.0923309326171875 0.028900146484375 0.0748825073242188
0.0777816772460938 0.0406875610351563 0.0412483215332031 0.0509300231933594
0.07501220703125 -0.01605224609375 0.0355644226074219 0.0262260437011719
0.0401802062988281 -0.0673027038574219 0.0285358428955078 0.0131912231445312
0.00105285644531249 -0.0737152099609375 0.0225925445556641 0.0182762145996094
-0.00432586669921875 -0.0686149597167969 0.0193881988525391 0.0296802520751953
-0.00853729248046875 -0.0798797607421875 0.0219268798828125 0.0467872619628906
0.009552001953125 -0.0799179077148438 -0.00249099731445313 0.0534515380859375
0.0530624389648437 -0.0639877319335938 -0.01953125 0.0538368225097656
0.0771102905273438 -0.0219573974609375 -0.0341968536376953 0.0229740142822266
0.0686264038085938 0.0572509765625 -0.0293312072753906 -0.00757217407226562
0.028961181640625 0.0934982299804688 0.0112991333007813 0.0102062225341797
-0.024993896484375 0.089813232421875 -0.0174713134765625 0.0784759521484375
-0.0478935241699219 0.0237541198730469 0.036163330078125 0.130706787109375
-0.0363693237304688 0.0473823547363281 0.0207672119140625 0.118255615234375
-0.00413894653320312 0.0603256225585938 0.0202789306640625 0.0713424682617188
0.0399436950683594 0.0399932861328125 0.0258674621582031 0.0528831481933594
0.0490684509277344 9.1552734375E-05 0.0211601257324219 0.0355415344238281
0.0331344604492188 -0.0406074523925781 0.0240688323974609 0.0331401824951172
0.0064239501953125 -0.0476570129394531 0.0285530090332031 0.0405464172363281
0.00339889526367187 -0.0466461181640625 0.0282478332519531 0.0500907897949219
0.000747680664062504 -0.0587730407714844 0.0278701782226562 0.0675392150878906
0.0127182006835938 -0.0579948425292969 -0.00168609619140624 0.074188232421875
0.0461959838867188 -0.0421295166015625 -0.0253753662109375 0.0672836303710938
0.0611534118652344 -0.00777816772460938 -0.0428009033203125 0.0290985107421875
0.0411415100097656 0.0550956726074219 -0.0338649749755859 -0.00544166564941405
-0.000686645507812504 0.0719070434570313 0.00855064392089843 0.0243797302246094
-0.0439682006835938 0.0499038696289062 -0.0328445434570312 0.102592468261719
0.0429267883300781 0.00562286376953125 0.0367431640625 -0.110893249511719
0.02801513671875 -0.0378952026367188 0.0021209716796875 -0.0332603454589844
-0.0132637023925781 -0.0355567932128906 0.0335330963134766 0.0091094970703125
-0.0330104827880859 -0.00834655761718751 0.0642204284667969 -0.0270118713378906
-0.0270671844482422 0.0145149230957031 0.0421066284179688 -0.0704879760742188
-0.0131263732910156 0.02874755859375 -0.00295257568359376 -0.0902481079101563
-0.007537841796875 0.0244884490966797 -0.0346527099609375 -0.0815200805664063
-0.0122528076171875 0.0222682952880859 -0.0363082885742187 -0.0598182678222656
-0.0168342590332031 0.0221805572509766 -0.0320014953613281 -0.0506401062011719
-0.0247383117675781 0.0062103271484375 -0.0233116149902344 -0.0447959899902344
-0.0215167999267578 -0.015960693359375 -0.0199813842773438 -0.0424385070800781
0.000225067138671872 -0.0310478210449219 -0.0169296264648438 -0.0528221130371094
0.0350589752197266 -0.0218429565429688 -0.0140762329101562 -0.0711517333984375
0.0532302856445313 0.0050811767578125 -0.0194320678710937 -0.108993530273438
0.0459022521972656 0.0323715209960938 -0.0171585083007812 -0.130935668945313
0.0424423217773438 0.057647705078125 0.05645751953125 -0.101631164550781
0.0484237670898438 0.00335311889648438 0.0151157379150391 -0.0288276672363281
0.0245265960693359 -0.0127735137939453 0.0417213439941406 0.0159797668457031
0.00506496429443359 -0.0161724090576172 0.075286865234375 -0.0243606567382813
-0.00313568115234375 -0.00986766815185547 0.0532951354980469 -0.0700569152832031
-0.00892066955566406 -0.00649452209472656 0.00470733642578124 -0.0959854125976563
-0.0153293609619141 -0.00865554809570312 -0.0323257446289063 -0.0870285034179688
-0.0166873931884766 -0.00925731658935547 -0.0364303588867188 -0.0621719360351562
-0.0201835632324219 -0.0122528076171875 -0.030059814453125 -0.0512466430664063
-0.0148277282714844 -0.0257320404052734 -0.0240516662597656 -0.0438308715820313
0.00525665283203125 -0.03533935546875 -0.0194091796875 -0.0366477966308594
0.0344924926757813 -0.0301227569580078 -0.0174636840820313 -0.0445671081542969
0.0595970153808594 0.00776290893554688 -0.0192832946777344 -0.0581130981445313
0.0650978088378906 0.0491561889648438 -0.0223770141601562 -0.0920867919921875
0.0421066284179687 0.0787811279296875 -0.0141448974609375 -0.112571716308594
0.0315704345703125 0.103080749511719 0.07293701171875 -0.0739593505859375
0.0594673156738281 0.0507469177246094 0.0285720825195313 -0.0118255615234375
0.05914306640625 0.01934814453125 0.0485572814941406 0.0271148681640625
0.0478973388671875 -0.01605224609375 0.0836639404296875 -0.014312744140625
0.0259685516357422 -0.0317668914794922 0.0629692077636719 -0.0613441467285156
0.000118255615234374 -0.0419692993164063 0.014923095703125 -0.0908050537109375
-0.0191688537597656 -0.0411872863769531 -0.0240707397460938 -0.0815887451171875
-0.0195732116699219 -0.0395660400390625 -0.0304756164550781 -0.0541419982910156
-0.0237922668457031 -0.04534912109375 -0.0247726440429688 -0.0410232543945313
-0.00906753540039062 -0.0544166564941406 -0.0236301422119141 -0.0335597991943359
0.0255661010742188 -0.0555953979492188 -0.0209827423095703 -0.0230655670166016
0.0595016479492188 -0.0365715026855469 -0.0201168060302734 -0.0325355529785156
0.0822372436523437 0.0253982543945312 -0.02655029296875 -0.04443359375
0.0783004760742188 0.0778121948242188 -0.022979736328125 -0.0703659057617187
0.0386199951171875 0.112495422363281 -0.0135040283203125 -0.0801620483398438
0.0137252807617187 0.133842468261719 0.0809707641601563 -0.0307464599609375
0.0555953979492187 0.0943603515625 0.0380210876464844 0.01751708984375
0.0823440551757812 0.0570449829101562 0.0510330200195313 0.0429801940917969
0.0859909057617187 -0.00649261474609375 0.0854949951171875 0.00354766845703125
0.0558929443359375 -0.0443229675292969 0.0666961669921875 -0.0419960021972656
0.0132484436035156 -0.0697555541992188 0.0248336791992187 -0.073333740234375
-0.019439697265625 -0.0680732727050781 -0.0123863220214844 -0.0649757385253906
-0.0200881958007813 -0.062713623046875 -0.0207901000976563 -0.0381317138671875
-0.0257415771484375 -0.0709686279296875 -0.0150852203369141 -0.0240650177001953
-0.00589752197265626 -0.07623291015625 -0.0200843811035156 -0.0155124664306641
0.0382614135742188 -0.072418212890625 -0.0209884643554688 -0.00482177734375
0.0755386352539063 -0.04437255859375 -0.0232582092285156 -0.0173110961914063
0.0969467163085938 0.03369140625 -0.0293312072753906 -0.0311870574951172
0.084686279296875 0.0932998657226563 -0.0168647766113281 -0.0479087829589844
0.0323257446289062 0.128776550292969 -0.0118522644042969 -0.0404815673828125
-0.0100250244140625 0.140495300292969 0.0789260864257813 0.0202102661132813
0.0369873046875 0.12042236328125 0.0417823791503906 0.0521049499511719
0.0844955444335938 0.0898895263671875 0.0477027893066406 0.0597915649414063
0.1075439453125 0.0122833251953125 0.0777359008789063 0.0227584838867188
0.079071044921875 -0.0451889038085938 0.0634078979492188 -0.0166015625
0.0267333984375 -0.0852279663085938 0.0322151184082031 -0.046630859375
-0.0146942138671875 -0.083587646484375 0.000926971435546875 -0.0403366088867188
-0.0166854858398438 -0.0763702392578125 -0.00799369812011719 -0.0168514251708984
-0.02496337890625 -0.0866241455078125 -0.00320172309875488 -0.000980615615844732
-0.00301361083984375 -0.0887680053710938 -0.0149202346801758 0.00703239440917968
0.0462417602539062 -0.0802230834960938 -0.0193557739257812 0.0155887603759766
0.083953857421875 -0.0463790893554687 -0.0250968933105469 -0.00283622741699218
0.0995254516601563 0.040924072265625 -0.0297393798828125 -0.0210132598876953
0.0784835815429688 0.0991592407226563 -0.00495529174804687 -0.0275192260742187
0.0198135375976563 0.129707336425781 -0.00940322875976562 0.00182247161865235
-0.0302734375 0.1201171875 0.0684890747070313 0.0709686279296875
0.010223388671875 0.119216918945313 0.0377960205078125 0.0852584838867188
0.0638427734375 0.103317260742188 0.0381240844726563 0.0716018676757813
0.104385375976563 0.0302276611328125 0.0602073669433594 0.0406570434570313
0.084930419921875 -0.0344009399414063 0.0504646301269531 0.0073699951171875
0.0365142822265625 -0.0847930908203125 0.0314140319824219 -0.0163288116455078
-0.00799560546875 -0.0851058959960938 0.0123567581176758 -0.0111379623413086
-0.0123672485351563 -0.0790863037109375 0.0054326057434082 0.00641107559204101
-0.019561767578125 -0.089874267578125 0.0101661682128906 0.0225353240966797
0.00220489501953125 -0.0903854370117188 -0.00728034973144531 0.0316028594970703
0.0513992309570312 -0.078033447265625 -0.0181312561035156 0.0354728698730469
0.0846099853515625 -0.038726806640625 -0.0286445617675781 0.0101394653320312
0.0894699096679688 0.0489044189453125 -0.0286159515380859 -0.0141830444335937
0.0597610473632813 0.0996551513671875 0.00611686706542969 -0.00883197784423827
-0.000198364257812505 0.116233825683594 -0.010101318359375 0.0433311462402344
-0.0436248779296875 0.0800933837890625 0.0526046752929688 0.109115600585937
-0.0170669555664062 0.0911026000976563 0.0291976928710937 0.10894775390625
0.0301666259765625 0.0915145874023438 0.027557373046875 0.07501220703125
0.078369140625 0.0405502319335938 0.0418663024902344 0.0509605407714844
0.0730438232421875 -0.017059326171875 0.0356025695800781 0.0262413024902344
0.0369377136230469 -0.0682296752929688 0.0284957885742188 0.0122146606445312
-0.000434875488281244 -0.0728836059570313 0.0221710205078125 0.0178565979003906
-0.00531387329101562 -0.0680618286132813 0.0187530517578125 0.0297508239746094
-0.0116119384765625 -0.0796356201171875 0.0206298828125 0.04571533203125
0.00726318359375001 -0.0797042846679688 -0.0031280517578125 0.0538253784179687
0.0516624450683594 -0.0646705627441406 -0.0199775695800781 0.0530662536621094
0.0769577026367187 -0.0243377685546875 -0.0334091186523437 0.0209884643554687
0.0697746276855469 0.0556488037109375 -0.0298233032226562 -0.0087738037109375
0.031036376953125 0.090362548828125 0.0108776092529297 0.00799942016601563
-0.0236282348632813 0.0896148681640625 -0.0169525146484375 0.07720947265625
-0.0483856201171875 0.0244026184082031 0.037506103515625 0.128715515136719
-0.0356521606445313 0.0469932556152344 0.021942138671875 0.116386413574219
-0.00407028198242187 0.0594139099121094 0.0195846557617188 0.0714645385742187
0.0398635864257813 0.0376739501953125 0.0261497497558594 0.0537757873535156
0.0478096008300781 -0.00186538696289062 0.0223808288574219 0.0369148254394531
0.0301628112792969 -0.0419425964355469 0.0247764587402344 0.0323982238769531
0.00526046752929688 -0.0495529174804688 0.0272178649902344 0.039825439453125
0.00156784057617187 -0.0478363037109375 0.0285720825195313 0.0478668212890625
-0.00131607055664062 -0.0580863952636719 0.0272560119628906 0.0659904479980469
0.01220703125 -0.0582237243652344 -0.000289916992187496 0.0744171142578125
0.0447425842285156 -0.0437164306640625 -0.0250015258789062 0.06707763671875
0.0614089965820313 -0.0086669921875 -0.0419158935546875 0.0294609069824219
0.0423431396484375 0.0542869567871094 -0.0330944061279297 -0.00566482543945312
-0.000259399414062501 0.0708160400390625 0.00862312316894531 0.0221900939941406
-0.0433311462402344 0.0511360168457031 -0.03070068359375 0.101966857910156
0.0423240661621094 0.00534820556640625 0.0351409912109375 -0.111915588378906
0.0268783569335937 -0.0389022827148438 0.00053977966308594 -0.0334358215332031
-0.0136260986328125 -0.0357704162597656 0.0347747802734375 0.0108737945556641
-0.0332088470458984 -0.00734329223632812 0.0652999877929688 -0.0272407531738281
-0.0261592864990234 0.01531982421875 0.042327880859375 -0.0714950561523438
-0.0124378204345703 0.0297679901123047 -0.003753662109375 -0.0910110473632812
-0.00734710693359375 0.0245418548583984 -0.0358810424804687 -0.0816650390625
-0.0109519958496094 0.0232124328613281 -0.0369377136230469 -0.0603065490722656
-0.0158252716064453 0.0240936279296875 -0.032562255859375 -0.0500450134277344
-0.0243434906005859 0.00773048400878906 -0.0238723754882812 -0.0446624755859375
-0.0222873687744141 -0.0149707794189453 -0.0211334228515625 -0.0438613891601563
-9.53674316406224E-05 -0.0312519073486328 -0.0179977416992188 -0.0538482666015625
0.0351448059082031 -0.0233726501464844 -0.0122756958007813 -0.0732421875
0.0538253784179688 0.00517654418945313 -0.0189666748046875 -0.110099792480469
0.0465469360351563 0.0320358276367188 -0.0185012817382813 -0.133468627929688
0.0427131652832031 0.0582809448242187 0.0555419921875 -0.104240417480469
0.0492820739746094 0.00295639038085938 0.0140151977539063 -0.0288963317871094
0.0244483947753906 -0.0131931304931641 0.0416221618652344 0.0169792175292969
0.00554752349853516 -0.0161428451538086 0.0757064819335938 -0.0240707397460938
-0.00394821166992188 -0.00976657867431641 0.0541152954101562 -0.0712661743164063
-0.00893115997314453 -0.00622177124023438 0.00423431396484374 -0.0977401733398437
-0.0153779983520508 -0.00876998901367188 -0.033233642578125 -0.0872421264648438
-0.0164947509765625 -0.00895023345947265 -0.0373382568359375 -0.0619468688964844
-0.0203704833984375 -0.0117969512939453 -0.0317840576171875 -0.0506515502929688
-0.0149574279785156 -0.0251903533935547 -0.0250816345214844 -0.0445747375488281
0.00470733642578125 -0.0356101989746094 -0.0205917358398438 -0.0370292663574219
0.0335464477539062 -0.0306739807128906 -0.0178909301757812 -0.0469322204589844
0.0594024658203125 0.00723648071289063 -0.0185317993164062 -0.0606460571289062
0.0666885375976563 0.0485916137695313 -0.02215576171875 -0.0937271118164062
0.043731689453125 0.0805587768554687 -0.0153121948242187 -0.114723205566406
0.0319290161132813 0.104461669921875 0.07244873046875 -0.0763931274414063
0.0600662231445313 0.0504989624023438 0.0272846221923828 -0.0116443634033203
0.0603523254394531 0.0197601318359375 0.049163818359375 0.0286293029785156
0.0480880737304688 -0.01702880859375 0.0847396850585938 -0.0137481689453125
0.0260086059570313 -0.0324325561523438 0.0637054443359375 -0.0612335205078125
-0.000183105468749999 -0.0420379638671875 0.0152053833007812 -0.0918807983398438
-0.0195426940917969 -0.0412521362304688 -0.0252761840820313 -0.081695556640625
-0.0194206237792969 -0.0392341613769531 -0.0323753356933594 -0.0539894104003906
-0.024261474609375 -0.0446090698242188 -0.0262374877929688 -0.0412635803222656
-0.0092926025390625 -0.0541725158691406 -0.0252475738525391 -0.0328464508056641
0.0243911743164063 -0.0566062927246094 -0.0223445892333984 -0.0236892700195313
0.0597000122070313 -0.0374794006347656 -0.0216789245605469 -0.0342178344726563
0.082672119140625 0.0257339477539063 -0.0255813598632813 -0.0455169677734375
0.0794296264648437 0.0779495239257813 -0.023223876953125 -0.0720977783203125
0.040283203125 0.113960266113281 -0.01446533203125 -0.0816497802734375
0.0137405395507813 0.134613037109375 0.0807571411132813 -0.0326766967773437
0.0567855834960938 0.0938720703125 0.0369644165039063 0.0167388916015625
0.084564208984375 0.0570449829101563 0.0514984130859375 0.0450286865234375
0.086822509765625 -0.00759124755859375 0.0864334106445312 0.003509521484375
0.0563850402832031 -0.0460891723632813 0.0682487487792969 -0.0423812866210938
0.0119247436523437 -0.0712051391601562 0.0251922607421875 -0.0742416381835938
-0.0198516845703125 -0.0684165954589844 -0.013641357421875 -0.0660667419433594
-0.0199699401855469 -0.0625343322753906 -0.0222625732421875 -0.0376434326171875
-0.0272903442382812 -0.070831298828125 -0.0163726806640625 -0.0239276885986328
-0.0069427490234375 -0.0770492553710938 -0.022705078125 -0.014678955078125
0.037322998046875 -0.073638916015625 -0.02203369140625 -0.00534820556640626
0.0760726928710938 -0.0459671020507813 -0.0253429412841797 -0.0197029113769531
0.0976181030273438 0.0331497192382813 -0.0295639038085938 -0.0324497222900391
0.0867767333984375 0.0928726196289063 -0.0166778564453125 -0.04962158203125
0.0341262817382813 0.130149841308594 -0.01300048828125 -0.0414886474609375
-0.00982666015624999 0.142669677734375 0.079559326171875 0.019317626953125
0.0379791259765625 0.121124267578125 0.0408287048339844 0.0517807006835938
0.0868911743164062 0.0903244018554688 0.0473175048828125 0.0617218017578125
0.109260559082031 0.0100479125976562 0.0786972045898438 0.024200439453125
0.0787353515625 -0.0458984375 0.0649948120117188 -0.0167121887207031
0.024505615234375 -0.0870513916015625 0.0316352844238281 -0.0477485656738281
-0.01617431640625 -0.084228515625 -0.000442504882812496 -0.0404090881347656
-0.0184783935546875 -0.0763168334960938 -0.00894451141357422 -0.0167932510375977
-0.02685546875 -0.0872802734375 -0.00391578674316406 -0.00180959701538087
-0.00492095947265625 -0.09014892578125 -0.0154619216918945 0.00796985626220702
0.0451812744140625 -0.0828857421875 -0.0206470489501953 0.0158004760742188
0.0832748413085938 -0.048309326171875 -0.0276374816894531 -0.00471305847167969
0.101364135742187 0.0397720336914062 -0.0297718048095703 -0.0210304260253906
0.0804824829101563 0.0988845825195313 -0.00553321838378906 -0.0292644500732422
0.0207748413085938 0.1317138671875 -0.0106697082519531 0.0012960433959961
-0.0303802490234375 0.122825622558594 0.0684814453125 0.0704269409179688
0.0113296508789063 0.119575500488281 0.0375595092773438 0.0854721069335938
0.0653152465820313 0.103492736816406 0.0376663208007813 0.07305908203125
0.106216430664063 0.0290908813476563 0.0617752075195313 0.0422554016113281
0.085418701171875 -0.0353775024414063 0.0518379211425781 0.00859451293945313
0.0339279174804688 -0.0862045288085938 0.0321865081787109 -0.0154380798339844
-0.0102386474609375 -0.0870819091796875 0.0128145217895508 -0.0111770629882813
-0.0138397216796875 -0.0787429809570313 0.00516700744628906 0.00702142715454101
-0.0220489501953125 -0.0904998779296875 0.00889968872070312 0.0223102569580078
-0.000846862792968749 -0.0914840698242187 -0.00829887390136719 0.0311965942382812
0.0504989624023438 -0.0797500610351563 -0.0183238983154297 0.0345554351806641
0.0838088989257813 -0.0408782958984375 -0.0305213928222656 0.00947952270507813
0.0912704467773438 0.0485382080078125 -0.0294055938720703 -0.0150413513183594
0.0607223510742187 0.0994491577148438 0.0061187744140625 -0.0100116729736328
0.000625610351562492 0.117935180664063 -0.0101776123046875 0.0424690246582031
-0.0443801879882813 0.0812454223632813 0.053466796875 0.109954833984375
-0.0158767700195313 0.0923919677734375 0.029052734375 0.109054565429687
0.0314865112304687 0.0925521850585938 0.0274124145507812 0.0772781372070313
0.0792160034179688 0.0393295288085938 0.0422592163085938 0.05303955078125
0.0743560791015625 -0.0191726684570313 0.0369491577148438 0.0273857116699219
0.0358047485351563 -0.0694160461425781 0.0301322937011719 0.0122585296630859
-0.00225067138671875 -0.0736160278320313 0.02166748046875 0.0180168151855469
-0.00701141357421875 -0.068878173828125 0.0187206268310547 0.029876708984375
-0.0139541625976562 -0.08074951171875 0.0203132629394531 0.0457305908203125
0.00545501708984376 -0.080047607421875 -0.0029296875 0.0546379089355469
0.0510520935058594 -0.0669288635253906 -0.0201377868652344 0.0527992248535156
0.0783538818359375 -0.0260848999023438 -0.0351295471191406 0.0211353302001953
0.071502685546875 0.055145263671875 -0.0299053192138672 -0.00971603393554687
0.0320587158203125 0.0914993286132813 0.0111227035522461 0.00702571868896485
-0.023223876953125 0.091705322265625 -0.0161209106445313 0.0777130126953125
-0.048858642578125 0.0253562927246094 0.0384368896484375 0.129692077636719
-0.0345535278320313 0.0474891662597656 0.0218276977539062 0.117668151855469
-0.00355911254882813 0.0606307983398438 0.0201873779296875 0.0728530883789063
0.0420150756835938 0.0368461608886719 0.0266952514648438 0.055938720703125
0.0477409362792969 -0.00147628784179687 0.0236778259277344 0.0374794006347656
0.0295982360839844 -0.0419235229492187 0.0256023406982422 0.031982421875
0.00496292114257813 -0.0495491027832031 0.02838134765625 0.0397071838378906
9.15527343749958E-05 -0.0482521057128906 0.0287513732910156 0.0488815307617188
-0.00327682495117187 -0.0597152709960938 0.0280570983886719 0.0656585693359375
0.0106658935546875 -0.0590095520019531 -0.000617980957031253 0.074981689453125
0.0444984436035156 -0.0457038879394531 -0.0242729187011719 0.0669364929199219
0.0610847473144531 -0.0099334716796875 -0.0430908203125 0.0289077758789062
0.0438117980957031 0.0539932250976563 -0.0340328216552734 -0.00646018981933594
-2.28881835937519E-05 0.0713958740234375 0.00954818725585937 0.0216274261474609
-0.0433845520019531 0.0520744323730469 -0.0298004150390625 0.102462768554688
0.0438957214355469 0.00525665283203125 0.0332870483398438 -0.115341186523437
0.0260543823242188 -0.0410919189453125 -0.00156211853027344 -0.033111572265625
-0.0142478942871094 -0.0358848571777344 0.0358734130859375 0.0121955871582031
-0.0342559814453125 -0.00611686706542969 0.0664215087890625 -0.028289794921875
-0.0270671844482422 0.0162925720214844 0.04266357421875 -0.0743179321289063
-0.0116119384765625 0.0307598114013672 -0.00548553466796874 -0.0931396484375
-0.00633430480957031 0.0259628295898438 -0.0389328002929688 -0.082427978515625
-0.00984954833984375 0.0244312286376953 -0.0391883850097656 -0.0604095458984375
-0.0144729614257813 0.0253524780273437 -0.0346260070800781 -0.0515289306640625
-0.0241870880126953 0.0081787109375 -0.0261688232421875 -0.0455780029296875
-0.0227146148681641 -0.0140018463134766 -0.0238838195800781 -0.0447998046875
-0.00134658813476563 -0.0311145782470703 -0.0197067260742188 -0.055908203125
0.0349369049072266 -0.0244026184082031 -0.01190185546875 -0.0749969482421875
0.0552482604980469 0.00391006469726563 -0.02130126953125 -0.113204956054688
0.0489883422851563 0.0315933227539063 -0.022369384765625 -0.1380615234375
0.0452346801757813 0.059173583984375 0.0546646118164062 -0.107696533203125
0.0493125915527344 0.00139999389648438 0.0127906799316406 -0.0295505523681641
0.0246124267578125 -0.0138454437255859 0.0439071655273438 0.0182228088378906
0.00441932678222656 -0.01605224609375 0.0773391723632813 -0.0256881713867188
-0.00456809997558594 -0.00968551635742188 0.0547943115234375 -0.073211669921875
-0.00979423522949219 -0.00627613067626953 0.0027923583984375 -0.099395751953125
-0.0162897109985352 -0.00891017913818359 -0.0361709594726562 -0.0886154174804688
-0.0164833068847656 -0.00753974914550781 -0.039794921875 -0.0618438720703125
-0.0214385986328125 -0.0109977722167969 -0.0338859558105469 -0.0509414672851562
-0.0164051055908203 -0.0246829986572266 -0.0268402099609375 -0.0441856384277344
0.0032958984375 -0.0360641479492188 -0.0230178833007813 -0.0386695861816406
0.0337295532226563 -0.0323028564453125 -0.0196952819824219 -0.0490875244140625
0.0615730285644531 0.00650787353515625 -0.0186691284179687 -0.0620803833007812
0.0688400268554688 0.0487861633300781 -0.0236587524414063 -0.0967178344726563
0.046661376953125 0.0818557739257813 -0.0189361572265625 -0.118148803710937
0.0349884033203125 0.107070922851563 0.0718460083007813 -0.08056640625
0.061676025390625 0.0495223999023438 0.0261478424072266 -0.0122528076171875
0.0630989074707031 0.0191116333007813 0.0503768920898438 0.0302238464355469
0.0485877990722656 -0.0186614990234375 0.0868606567382813 -0.0148849487304688
0.0251350402832031 -0.0339775085449219 0.0646591186523438 -0.0633010864257813
-0.00175094604492187 -0.0427627563476563 0.0131378173828125 -0.0941085815429687
-0.0215110778808594 -0.042449951171875 -0.0286102294921875 -0.0827713012695313
-0.0212173461914062 -0.0385055541992188 -0.03460693359375 -0.0536880493164063
-0.0268211364746094 -0.0446395874023438 -0.0285148620605469 -0.0411949157714844
-0.0119094848632812 -0.0545501708984375 -0.0278186798095703 -0.0332412719726563
0.0234375 -0.058197021484375 -0.0243511199951172 -0.0247097015380859
0.0594825744628906 -0.0398750305175781 -0.0232620239257813 -0.0358657836914062
0.0855636596679688 0.0243453979492188 -0.0259323120117187 -0.0477066040039063
0.0835113525390625 0.077545166015625 -0.0242385864257812 -0.0748825073242188
0.0436325073242188 0.116592407226563 -0.0177536010742188 -0.0851974487304687
0.016265869140625 0.138381958007813 0.0813446044921875 -0.0364913940429687
0.0597763061523437 0.0947799682617188 0.03656005859375 0.0164375305175781
0.0870895385742188 0.0573959350585938 0.0522651672363281 0.0462684631347656
0.0890350341796875 -0.01025390625 0.0892181396484375 0.0030517578125
0.0552597045898437 -0.048614501953125 0.0698127746582031 -0.0434722900390625
0.00904083251953124 -0.0730209350585938 0.0244827270507812 -0.0773468017578125
-0.0233955383300781 -0.0693130493164063 -0.01568603515625 -0.066650390625
-0.0232429504394531 -0.0630378723144531 -0.0241012573242188 -0.0377082824707031
-0.0297698974609375 -0.0715255737304688 -0.0192070007324219 -0.0238037109375
-0.0093231201171875 -0.0774612426757812 -0.0230369567871094 -0.0143451690673828
0.0356292724609375 -0.0770950317382813 -0.0237140655517578 -0.00549316406250001
0.0756759643554687 -0.0497665405273438 -0.0272560119628906 -0.021026611328125
0.101493835449219 0.0321197509765625 -0.0304794311523437 -0.0332736968994141
0.0912551879882812 0.09332275390625 -0.016998291015625 -0.0523643493652344
0.0364608764648438 0.132896423339844 -0.0146141052246094 -0.0433273315429687
-0.00630187988281251 0.145477294921875 0.0810546875 0.0165252685546875
0.0411834716796875 0.122406005859375 0.04046630859375 0.05194091796875
0.0899887084960938 0.090911865234375 0.047882080078125 0.0643539428710938
0.112060546875 0.0081024169921875 0.0803985595703125 0.025390625
0.0793914794921875 -0.0498046875 0.0659446716308594 -0.0165939331054688
0.0223388671875 -0.0891799926757813 0.0313987731933594 -0.0495491027832031
-0.0199966430664063 -0.0860061645507813 -0.00150299072265625 -0.0412673950195313
-0.0219345092773438 -0.077545166015625 -0.0107898712158203 -0.0166482925415039
-0.0308303833007812 -0.0881576538085938 -0.00528573989868164 -0.00130653381347657
-0.00804901123046874 -0.0912322998046875 -0.016993522644043 0.00886154174804687
0.0433578491210938 -0.086822509765625 -0.0217227935791016 0.0159835815429687
0.0845184326171875 -0.0519180297851563 -0.0302658081054687 -0.00488662719726562
0.104591369628906 0.0387115478515625 -0.0315876007080078 -0.0233097076416016
0.0852584838867187 0.0995635986328125 -0.00571250915527343 -0.0309734344482422
0.0238418579101563 0.134902954101563 -0.0111541748046875 -0.000358581542968743
-0.0281143188476563 0.127738952636719 0.0713577270507813 0.06903076171875
0.0134963989257813 0.121490478515625 0.0381240844726563 0.086273193359375
0.0696487426757813 0.106094360351563 0.0396957397460938 0.0759735107421875
0.109565734863281 0.0272445678710938 0.0633430480957031 0.0433998107910156
0.08660888671875 -0.0390396118164062 0.0545654296875 0.008544921875
0.031890869140625 -0.0884628295898438 0.0325832366943359 -0.0174598693847656
-0.0134658813476562 -0.0888519287109375 0.0120201110839844 -0.0112800598144531
-0.016876220703125 -0.0804367065429688 0.0047612190246582 0.00790691375732421
-0.0270004272460937 -0.091522216796875 0.00901031494140625 0.023162841796875
-0.00399017333984374 -0.0930938720703125 -0.00860977172851563 0.0346851348876953
0.0483322143554688 -0.0840682983398437 -0.0192070007324219 0.0364112854003906
0.08465576171875 -0.0447463989257812 -0.0318813323974609 0.00941276550292969
0.0951995849609375 0.047271728515625 -0.0306167602539062 -0.0150585174560547
0.0655441284179688 0.099700927734375 0.0057668685913086 -0.0117073059082031
0.00238037109375001 0.121688842773438 -0.00965499877929688 0.0426750183105469
-0.0428237915039063 0.0836257934570313 0.0568008422851562 0.110725402832031
-0.0152130126953125 0.095123291015625 0.0307388305664062 0.111152648925781
0.0345306396484375 0.095062255859375 0.0274734497070313 0.0792007446289063
0.082977294921875 0.0374984741210938 0.0439300537109375 0.0554580688476563
0.0753097534179688 -0.0212020874023438 0.03839111328125 0.0287322998046875
0.03375244140625 -0.0718917846679688 0.0305271148681641 0.0119647979736328
-0.00460815429687499 -0.0753250122070312 0.0222854614257813 0.0170631408691406
-0.00938415527343751 -0.0705184936523438 0.0188694000244141 0.0305538177490234
-0.017913818359375 -0.0825347900390625 0.0211944580078125 0.0466156005859375
0.00189208984375 -0.0826950073242187 -0.00234603881835937 0.0568885803222656
0.0490570068359375 -0.0710296630859375 -0.019989013671875 0.0549163818359375
0.0789108276367188 -0.0299606323242188 -0.0366363525390625 0.0210151672363281
0.0751190185546875 0.0546417236328125 -0.0322093963623047 -0.010467529296875
0.0349807739257813 0.0925827026367188 0.0116100311279297 0.00572299957275391
-0.0217666625976562 0.0950241088867187 -0.015350341796875 0.0800018310546875
-0.048370361328125 0.0267181396484375 0.042999267578125 0.132774353027344
-0.0349464416503906 0.0494194030761719 0.023101806640625 0.120071411132813
-0.00217437744140625 0.0634841918945313 0.0204925537109375 0.0756607055664063
0.0435104370117188 0.0363807678222656 0.0277786254882813 0.0580902099609375
0.0496139526367187 -0.00382614135742187 0.025299072265625 0.03857421875
0.02789306640625 -0.0445709228515625 0.0267925262451172 0.0321979522705078
0.00325393676757813 -0.0514297485351563 0.0299491882324219 0.0402107238769531
-0.00118255615234375 -0.0498847961425781 0.0301132202148437 0.0491485595703125
-0.00599670410156251 -0.0612869262695313 0.0305404663085937 0.066650390625
0.00783920288085937 -0.0609359741210937 0.000778198242187509 0.0770111083984375
0.044036865234375 -0.0484428405761719 -0.0243301391601562 0.0691146850585938
0.0621261596679688 -0.0118026733398438 -0.0446014404296875 0.0301475524902344
0.0464134216308594 0.0542755126953125 -0.0349884033203125 -0.00659561157226562
0.001983642578125 0.0728607177734375 0.0108222961425781 0.0215892791748047
-0.0436477661132813 0.0552215576171875 -0.028076171875 0.105743408203125
0.0441932678222656 0.00384521484375 0.0281143188476563 -0.119049072265625
0.0235176086425781 -0.0429191589355469 -0.00348091125488281 -0.0329303741455078
-0.0163917541503906 -0.0363388061523438 0.0381317138671875 0.0123939514160156
-0.0345401763916016 -0.00436782836914062 0.0675888061523438 -0.0319023132324219
-0.0256900787353516 0.0182685852050781 0.0405654907226563 -0.077056884765625
-0.00952529907226562 0.0322208404541016 -0.00844573974609375 -0.0933456420898438
-0.00472640991210937 0.0262928009033203 -0.0428314208984375 -0.0824050903320312
-0.00776481628417969 0.0253582000732422 -0.0422706604003906 -0.0596656799316406
-0.0131282806396484 0.0274429321289062 -0.0381546020507813 -0.0499725341796875
-0.0233173370361328 0.0102062225341797 -0.0292205810546875 -0.045562744140625
-0.0239353179931641 -0.0120449066162109 -0.0270233154296875 -0.0452423095703125
-0.0025482177734375 -0.0309429168701172 -0.0226058959960938 -0.0580902099609375
0.0338001251220703 -0.0264682769775391 -0.0141220092773437 -0.0777130126953125
0.0559234619140625 0.00072479248046875 -0.025665283203125 -0.115516662597656
0.0512351989746094 0.0295906066894531 -0.0295562744140625 -0.140541076660156
0.0479049682617188 0.0588569641113281 0.049407958984375 -0.113151550292969
0.0494575500488281 -0.00163650512695312 0.0101318359375 -0.0305728912353516
0.0247611999511719 -0.015777587890625 0.04522705078125 0.0184059143066406
0.00428581237792969 -0.0163202285766602 0.0789413452148438 -0.0278396606445313
-0.00421619415283203 -0.00991058349609375 0.0533218383789063 -0.0776138305664063
-0.00984668731689453 -0.00528717041015625 -0.00108337402343751 -0.100494384765625
-0.0168428421020508 -0.00801277160644531 -0.0410842895507813 -0.0877685546875
-0.0171413421630859 -0.00688552856445313 -0.0430259704589844 -0.0597114562988281
-0.0220165252685547 -0.00964736938476563 -0.0383567810058594 -0.0498771667480469
-0.0176334381103516 -0.0236454010009766 -0.0305557250976562 -0.0439109802246094
0.00183486938476563 -0.0362434387207031 -0.0267524719238281 -0.0386772155761719
0.0325813293457031 -0.03350830078125 -0.0227317810058594 -0.0497016906738281
0.0630455017089844 0.00423812866210938 -0.0197715759277344 -0.0646934509277344
0.0723648071289062 0.0459060668945312 -0.0272216796875 -0.0993270874023438
0.0510482788085938 0.0809478759765625 -0.024566650390625 -0.120834350585938
0.040252685546875 0.10784912109375 0.0692520141601563 -0.085662841796875
0.0642890930175781 0.0474281311035156 0.0243721008300781 -0.0137042999267578
0.0647201538085938 0.0160408020019531 0.0522613525390625 0.0305290222167969
0.0487442016601563 -0.0212783813476563 0.0880584716796875 -0.0172576904296875
0.0246658325195312 -0.0352363586425781 0.0648765563964844 -0.0670814514160156
-0.004730224609375 -0.0428504943847656 0.010040283203125 -0.0960540771484375
-0.0244789123535156 -0.0415153503417969 -0.0329513549804688 -0.0830001831054688
-0.0235786437988281 -0.0380134582519531 -0.0380706787109375 -0.0515594482421875
-0.0289459228515625 -0.0438270568847656 -0.0316810607910156 -0.0398941040039063
-0.0146980285644531 -0.05426025390625 -0.0301609039306641 -0.0321445465087891
0.0203132629394531 -0.0604896545410156 -0.0269603729248047 -0.0241947174072266
0.0583457946777344 -0.043121337890625 -0.0262489318847656 -0.0371551513671875
0.0878448486328125 0.0211181640625 -0.0271492004394531 -0.0485954284667969
0.0883102416992188 0.0750808715820313 -0.027099609375 -0.0765609741210937
0.0495758056640625 0.116981506347656 -0.021942138671875 -0.0867233276367187
0.0220794677734375 0.1407470703125 0.0804901123046875 -0.0415802001953125
0.063568115234375 0.0936813354492188 0.0364036560058594 0.0149116516113281
0.0925216674804688 0.055572509765625 0.0546302795410156 0.0474624633789062
0.09002685546875 -0.0147018432617187 0.0904388427734375 0.0012054443359375
0.0543785095214844 -0.0523605346679688 0.0702896118164062 -0.0466842651367188
0.00536346435546875 -0.0736465454101563 0.0215530395507812 -0.0792999267578125
-0.0270195007324219 -0.069305419921875 -0.01953125 -0.0665435791015625
-0.0260047912597656 -0.0628433227539063 -0.0273818969726563 -0.03582763671875
-0.0355224609375 -0.0709915161132813 -0.0213871002197266 -0.0232086181640625
-0.0143356323242188 -0.0776138305664063 -0.0255622863769531 -0.0126819610595703
0.0318069458007812 -0.0798187255859375 -0.0260753631591797 -0.00473403930664062
0.0747528076171875 -0.0541229248046875 -0.0301551818847656 -0.0213394165039063
0.105194091796875 0.0288238525390625 -0.0318832397460938 -0.0345973968505859
0.0972213745117188 0.0905303955078125 -0.019866943359375 -0.054534912109375
0.0433120727539063 0.1353759765625 -0.0174560546875 -0.0445899963378906
-0.000762939453125003 0.14947509765625 0.0823593139648438 0.0130233764648438
0.0461502075195313 0.122390747070313 0.0422782897949219 0.0507965087890625
0.096466064453125 0.0896072387695313 0.0508995056152344 0.06427001953125
0.113540649414063 0.0026397705078125 0.0838775634765625 0.0240249633789063
0.0780410766601563 -0.0543136596679688 0.0676727294921875 -0.019439697265625
0.0177993774414062 -0.09149169921875 0.0300102233886719 -0.0521965026855469
-0.0246734619140625 -0.0862579345703125 -0.003265380859375 -0.0418853759765625
-0.0257568359375 -0.0782318115234375 -0.0126895904541016 -0.0151233673095703
-0.0367355346679688 -0.08843994140625 -0.00675296783447266 -0.000456809997558598
-0.0137176513671875 -0.092132568359375 -0.0180206298828125 0.0108013153076172
0.039398193359375 -0.0907745361328125 -0.0224552154541016 0.0166244506835937
0.08270263671875 -0.05670166015625 -0.0315647125244141 -0.00517463684082032
0.10809326171875 0.0344924926757813 -0.0327644348144531 -0.0233097076416016
0.0914764404296875 0.097015380859375 -0.00719833374023437 -0.0327606201171875
0.029754638671875 0.137290954589844 -0.0115089416503906 -0.000522613525390617
-0.0228805541992188 0.13031005859375 0.0748672485351563 0.0672988891601563
0.0181732177734375 0.123222351074219 0.0407028198242188 0.0861282348632813
0.0760574340820313 0.105545043945313 0.0417404174804688 0.0767974853515625
0.111495971679688 0.0216293334960938 0.0668907165527344 0.0432891845703125
0.086273193359375 -0.0433273315429688 0.0559425354003906 0.00739669799804687
0.0270309448242188 -0.0911331176757813 0.0335216522216797 -0.0195331573486328
-0.0179672241210937 -0.0889053344726563 0.0113382339477539 -0.0123395919799805
-0.0210800170898438 -0.0805740356445313 0.00409078598022461 0.00877666473388671
-0.03240966796875 -0.0919036865234375 0.00909805297851563 0.0231838226318359
-0.00959014892578124 -0.09417724609375 -0.00831031799316406 0.0349044799804688
0.0442428588867188 -0.0889358520507813 -0.0187530517578125 0.0377120971679687
0.0843276977539063 -0.050079345703125 -0.0338401794433594 0.00954627990722656
0.0992889404296875 0.0441360473632813 -0.0324573516845703 -0.0156898498535156
0.0711517333984375 0.0989151000976563 0.0054464340209961 -0.0129184722900391
0.00789642333984374 0.124610900878906 -0.00847244262695312 0.0431137084960938
-0.0398788452148438 0.087890625 0.0629959106445313 0.11041259765625
-0.0112380981445313 0.0968246459960938 0.0349884033203125 0.111297607421875
0.0400543212890625 0.095977783203125 0.0305099487304688 0.0811767578125
0.0857009887695313 0.0339813232421875 0.0462760925292969 0.0556602478027344
0.0747451782226563 -0.0257110595703125 0.0406532287597656 0.0283126831054688
0.0295867919921875 -0.0744094848632813 0.0318889617919922 0.0106468200683594
-0.00945281982421875 -0.076812744140625 0.0238704681396484 0.0164318084716797
-0.014007568359375 -0.0717315673828125 0.0198040008544922 0.0310173034667969
-0.0231552124023437 -0.083343505859375 0.0234794616699219 0.0460319519042969
-0.00278472900390625 -0.0840530395507813 -0.000823974609375005 0.058685302734375
0.045928955078125 -0.0754852294921875 -0.0180931091308594 0.0560760498046875
0.0785446166992187 -0.0347900390625 -0.0372085571289062 0.0226707458496094
0.0793838500976563 0.052032470703125 -0.0335254669189453 -0.0094146728515625
0.0402450561523437 0.0926513671875 0.0120706558227539 0.00476455688476563
-0.0182266235351563 0.0980987548828125 -0.0122909545898437 0.0806350708007813
-0.0487098693847656 0.0296745300292969 0.049072265625 0.133720397949219
-0.0334053039550781 0.0512771606445313 0.0282058715820312 0.121421813964844
0.00125885009765625 0.06585693359375 0.0226974487304688 0.07757568359375
0.0464591979980469 0.0347251892089844 0.0307846069335938 0.0588340759277344
0.0497093200683594 -0.00673294067382813 0.0278778076171875 0.0396957397460938
0.0259017944335938 -0.0466651916503906 0.0289192199707031 0.0319538116455078
-4.95910644531298E-05 -0.0520591735839844 0.0325202941894531 0.0396080017089844
-0.00421524047851563 -0.0499000549316406 0.0326461791992187 0.0487518310546875
-0.0101356506347656 -0.0619697570800781 0.0331993103027344 0.0664558410644531
0.00476074218750001 -0.0624847412109375 0.00318908691406249 0.0786209106445313
0.0418739318847656 -0.0525321960449219 -0.0221786499023438 0.0708847045898438
0.0631752014160156 -0.0159454345703125 -0.0446739196777344 0.0320777893066406
0.0497589111328125 0.0530319213867188 -0.0371513366699219 -0.00632095336914063
0.00506591796874999 0.0737228393554688 0.0120677947998047 0.0202789306640625
-0.0420455932617188 0.0580558776855469 -0.0239715576171875 0.107994079589844
0.0449142456054687 0.00241470336914063 0.0212860107421875 -0.120643615722656
0.0210762023925781 -0.04400634765625 -0.00688743591308594 -0.0325279235839844
-0.0189018249511719 -0.035247802734375 0.0390701293945312 0.0121002197265625
-0.0342826843261719 -0.00215339660644531 0.0665397644042969 -0.03399658203125
-0.0246829986572266 0.0196704864501953 0.0373001098632813 -0.0795669555664063
-0.00755691528320313 0.0322360992431641 -0.012176513671875 -0.0930252075195313
-0.00344085693359375 0.0262508392333984 -0.0463638305664063 -0.0801467895507812
-0.00553703308105469 0.025726318359375 -0.0445022583007813 -0.0571327209472656
-0.0108070373535156 0.0280227661132813 -0.0415611267089844 -0.0476493835449219
-0.0224761962890625 0.012115478515625 -0.0312728881835937 -0.04400634765625
-0.0237274169921875 -0.0102138519287109 -0.029632568359375 -0.044036865234375
-0.00389289855957031 -0.0305385589599609 -0.02508544921875 -0.0575370788574219
0.0326786041259766 -0.0277824401855469 -0.0162506103515625 -0.07806396484375
0.0554542541503906 -0.00139617919921875 -0.0299606323242188 -0.114433288574219
0.0525894165039063 0.0273628234863281 -0.0359573364257813 -0.139358520507813
0.0502967834472656 0.0576896667480469 0.0438690185546875 -0.115226745605469
0.0488052368164063 -0.00388717651367188 0.00728607177734376 -0.0306911468505859
0.0242347717285156 -0.0176639556884766 0.0471458435058594 0.017547607421875
0.00284194946289062 -0.0166177749633789 0.0779800415039063 -0.0310440063476563
-0.00544929504394531 -0.00932407379150391 0.0498504638671875 -0.07952880859375
-0.0102357864379883 -0.00479507446289063 -0.00537872314453124 -0.100578308105469
-0.0173473358154297 -0.0070343017578125 -0.0455245971679688 -0.0855331420898438
-0.0164670944213867 -0.00649356842041015 -0.0460128784179688 -0.0575981140136719
-0.0217151641845703 -0.00772285461425781 -0.0405120849609375 -0.0473556518554688
-0.0190639495849609 -0.0216217041015625 -0.0329666137695313 -0.0417327880859375
-0.000343322753906252 -0.0357284545898438 -0.0290069580078125 -0.0378913879394531
0.0310935974121094 -0.0347061157226563 -0.0252952575683594 -0.0502243041992187
0.0620040893554687 0.00129318237304687 -0.0217666625976562 -0.0646553039550781
0.074310302734375 0.0418319702148438 -0.0312118530273437 -0.0977783203125
0.0544204711914062 0.0786895751953125 -0.0309829711914063 -0.120384216308594
0.0450820922851563 0.106651306152344 0.0643692016601563 -0.0896148681640625
0.0653572082519531 0.0439834594726562 0.0227928161621094 -0.0147590637207031
0.0660820007324219 0.0134086608886719 0.0540809631347656 0.0293807983398438
0.0471382141113281 -0.0231666564941406 0.0876922607421875 -0.0200881958007812
0.0225067138671875 -0.0362968444824219 0.0620079040527344 -0.069305419921875
-0.00696563720703125 -0.0421028137207031 0.005584716796875 -0.096771240234375
-0.0268096923828125 -0.0400657653808594 -0.0365142822265625 -0.0809326171875
-0.024627685546875 -0.0364341735839844 -0.0405006408691406 -0.0489921569824219
-0.0309638977050781 -0.0416221618652344 -0.0342483520507812 -0.0376129150390625
-0.0176849365234375 -0.052734375 -0.0326118469238281 -0.030364990234375
0.0166473388671875 -0.0607337951660156 -0.0294437408447266 -0.0237503051757813
0.0558509826660156 -0.0457420349121094 -0.0289878845214844 -0.0373153686523438
0.0885772705078125 0.016815185546875 -0.0284996032714844 -0.0491256713867188
0.0917129516601563 0.0704727172851563 -0.029998779296875 -0.0766448974609375
0.0545806884765625 0.114982604980469 -0.0266876220703125 -0.0866928100585937
0.0283737182617188 0.139900207519531 0.0780563354492188 -0.0460357666015625
0.0663375854492188 0.0895156860351563 0.0350704193115234 0.0132102966308594
0.0952606201171875 0.0509109497070313 0.0566520690917969 0.0464591979980469
0.0882949829101563 -0.018402099609375 0.0909347534179688 -0.0012969970703125
0.0517158508300781 -0.0541038513183594 0.0688552856445313 -0.0490264892578125
0.0013580322265625 -0.0732955932617188 0.018157958984375 -0.0805740356445313
-0.0314064025878906 -0.0678863525390625 -0.0229377746582031 -0.0653762817382813
-0.0292625427246094 -0.0612106323242187 -0.0284214019775391 -0.0339412689208984
-0.0392417907714844 -0.0681343078613281 -0.0231151580810547 -0.02154541015625
-0.0190048217773437 -0.0764617919921875 -0.0273246765136719 -0.0111160278320313
0.0264434814453125 -0.0812301635742188 -0.0271091461181641 -0.00444793701171875
0.0710296630859375 -0.0567855834960937 -0.0322418212890625 -0.0207958221435547
0.105827331542969 0.0240859985351563 -0.0332965850830078 -0.0346107482910156
0.100898742675781 0.0858154296875 -0.0217018127441406 -0.05419921875
0.049346923828125 0.133407592773438 -0.0206222534179688 -0.0446701049804687
0.0054779052734375 0.148910522460938 0.0823593139648438 0.00830841064453126
0.0509567260742187 0.119087219238281 0.04290771484375 0.0483512878417969
0.101211547851563 0.0857315063476563 0.0527572631835938 0.0642585754394531
0.112930297851563 -0.00313568115234375 0.0838394165039062 0.0211029052734375
0.075103759765625 -0.0575332641601563 0.0677337646484375 -0.022125244140625
0.0127029418945312 -0.0914382934570313 0.0275955200195313 -0.0529136657714844
-0.0294036865234375 -0.0845184326171875 -0.0062255859375 -0.04156494140625
-0.029754638671875 -0.0760650634765625 -0.0134773254394531 -0.0131845474243164
-0.042327880859375 -0.084808349609375 -0.00772857666015625 -3.29017639160225E-05
-0.019012451171875 -0.0905914306640625 -0.0185737609863281 0.0118923187255859
0.0332565307617187 -0.0924758911132813 -0.022430419921875 0.0170478820800781
0.07916259765625 -0.0607070922851563 -0.0329532623291016 -0.00444793701171875
0.110481262207031 0.0294723510742188 -0.0335330963134766 -0.0229930877685547
0.0954437255859375 0.0926055908203125 -0.00881576538085937 -0.0340290069580078
0.0358810424804688 0.136795043945313 -0.0126686096191406 -0.000594139099121088
-0.0174789428710938 0.131271362304688 0.0773849487304688 0.0637664794921875
0.0227508544921875 0.121589660644531 0.0430984497070312 0.083343505859375
0.0814208984375 0.101394653320312 0.0438308715820313 0.07745361328125
0.112335205078125 0.0160598754882813 0.0681915283203125 0.0419349670410156
0.0825271606445312 -0.0479354858398437 0.0575904846191406 0.0059661865234375
0.0217742919921875 -0.0914154052734375 0.0323925018310547 -0.0211811065673828
-0.023956298828125 -0.0872344970703125 0.00993156433105469 -0.0126562118530273
-0.02545166015625 -0.0785369873046875 0.00396347045898437 0.00920867919921874
-0.0392684936523438 -0.0896148681640625 0.0096588134765625 0.0227832794189453
-0.01568603515625 -0.0927276611328125 -0.007720947265625 0.0351753234863281
0.0379180908203125 -0.0912399291992188 -0.0177268981933594 0.0373420715332031
0.0803070068359375 -0.054351806640625 -0.0345935821533203 0.0108890533447266
0.101776123046875 0.03948974609375 -0.0336360931396484 -0.0146942138671875
0.076019287109375 0.0944442749023437 0.00504779815673829 -0.0149478912353516
0.0144271850585937 0.125267028808594 -0.00718307495117187 0.0429420471191406
-0.0358963012695312 0.0893402099609375 0.0673294067382813 0.106353759765625
-0.00792694091796876 0.0967864990234375 0.0385284423828125 0.109214782714844
0.0452499389648438 0.0944900512695313 0.0326156616210938 0.0807342529296875
0.087310791015625 0.0292587280273438 0.0488853454589844 0.0547027587890625
0.0730819702148438 -0.0295181274414063 0.0430679321289063 0.0274238586425781
0.0254287719726562 -0.0761184692382813 0.0328235626220703 0.00875663757324218
-0.0141372680664062 -0.0758056640625 0.0241146087646484 0.0156593322753906
-0.0178718566894531 -0.0702056884765625 0.0209617614746094 0.0305747985839844
-0.0287246704101562 -0.0807876586914063 0.0247611999511719 0.0451850891113281
-0.00762939453125 -0.0835952758789063 0.00134658813476562 0.0591201782226562
0.04071044921875 -0.0783767700195313 -0.0159111022949219 0.0562210083007812
0.0758895874023438 -0.0392837524414063 -0.0373878479003906 0.0237197875976562
0.081939697265625 0.0481796264648438 -0.0346164703369141 -0.00878524780273437
0.0445632934570312 0.0903091430664063 0.0121088027954102 0.00283336639404297
-0.013519287109375 0.09893798828125 -0.00838470458984374 0.0802230834960938
-0.0478363037109375 0.0316696166992188 0.0551605224609375 0.130172729492188
-0.0313034057617188 0.0533065795898437 0.0333709716796875 0.120338439941406
0.00494766235351563 0.0658950805664063 0.0242767333984375 0.077239990234375
0.0483322143554687 0.0322494506835938 0.0331840515136719 0.05859375
0.0488967895507812 -0.0101165771484375 0.0305023193359375 0.0389366149902344
0.0226554870605469 -0.0474433898925781 0.0315456390380859 0.0299358367919922
-0.00289535522460938 -0.0523567199707031 0.033935546875 0.0369796752929688
-0.00772476196289063 -0.0500373840332031 0.0346527099609375 0.0474472045898438
-0.014892578125 -0.0611190795898438 0.0352287292480469 0.0647163391113281
0.00052642822265625 -0.0625152587890625 0.00685882568359374 0.0786056518554688
0.0390357971191406 -0.0552902221679688 -0.0192184448242188 0.0712356567382813
0.0621223449707031 -0.0193672180175781 -0.0443229675292969 0.034027099609375
0.0527229309082031 0.0505790710449219 -0.0371055603027344 -0.00490951538085937
0.00853729248046875 0.0731201171875 0.0126495361328125 0.0192050933837891
-0.0394287109375 0.0596046447753906 -0.0179824829101562 0.108314514160156
0.0446510314941406 0.00152969360351563 0.0168914794921875 -0.118927001953125
0.01837158203125 -0.0435218811035156 -0.00816726684570312 -0.0311164855957031
-0.0195083618164063 -0.0345077514648437 0.0395889282226563 0.011566162109375
-0.0331935882568359 -0.00152206420898437 0.0650863647460938 -0.0345649719238281
-0.0232925415039062 0.020294189453125 0.0346145629882813 -0.078765869140625
-0.00656318664550781 0.0320663452148438 -0.0143661499023437 -0.0902786254882812
-0.00173377990722656 0.0259857177734375 -0.0474853515625 -0.0772323608398438
-0.00433921813964844 0.0254058837890625 -0.0450973510742187 -0.0551872253417969
-0.00868606567382813 0.0272769927978516 -0.0422401428222656 -0.0452537536621094
-0.0210628509521484 0.0129852294921875 -0.0326919555664062 -0.0420684814453125
-0.0238189697265625 -0.00898170471191406 -0.0311470031738281 -0.0426216125488281
-0.00499343872070313 -0.02996826171875 -0.02618408203125 -0.0570259094238281
0.0313072204589844 -0.0281963348388672 -0.0172271728515625 -0.0777587890625
0.05419921875 -0.0037689208984375 -0.0321807861328125 -0.112617492675781
0.0524177551269531 0.0244522094726563 -0.0393218994140625 -0.136199951171875
0.0512962341308594 0.0558128356933594 0.0380706787109375 -0.115341186523438
0.0459938049316406 -0.00590133666992188 0.00483894348144531 -0.0306911468505859
0.0233707427978516 -0.0178642272949219 0.0475578308105469 0.0177574157714844
0.00225543975830078 -0.0167922973632813 0.0765609741210938 -0.0317535400390625
-0.00501823425292969 -0.00901603698730469 0.0470428466796875 -0.0796737670898437
-0.0102300643920898 -0.00405216217041016 -0.007843017578125 -0.0988388061523438
-0.0168266296386719 -0.00628852844238281 -0.0464096069335938 -0.0827102661132813
-0.0154695510864258 -0.00481796264648437 -0.04681396484375 -0.0546150207519531
-0.0208415985107422 -0.00714683532714843 -0.0416145324707031 -0.0444450378417969
-0.0190982818603516 -0.0203838348388672 -0.0340614318847656 -0.0400314331054688
-0.00115585327148438 -0.0341663360595703 -0.0310745239257812 -0.0367279052734375
0.0290164947509766 -0.035125732421875 -0.0268592834472656 -0.0495071411132813
0.0611000061035156 -0.000194549560546875 -0.0217628479003906 -0.0643653869628906
0.0735015869140625 0.038604736328125 -0.0328369140625 -0.0968551635742187
0.0559158325195313 0.075714111328125 -0.0341339111328125 -0.117637634277344
0.047393798828125 0.104026794433594 0.0596160888671875 -0.090484619140625
0.0638542175292969 0.0410385131835938 0.0200939178466797 -0.0153427124023437
0.0652618408203125 0.0111656188964844 0.053985595703125 0.0289726257324219
0.0456657409667969 -0.0242347717285156 0.0863265991210938 -0.0214385986328125
0.0208358764648437 -0.0362892150878906 0.0598678588867188 -0.0698776245117188
-0.00904464721679688 -0.0406837463378906 0.00341796875 -0.0956344604492187
-0.0279388427734375 -0.0385932922363281 -0.0382003784179688 -0.0782546997070312
-0.02520751953125 -0.0354423522949219 -0.0408897399902344 -0.046234130859375
-0.0324859619140625 -0.0393829345703125 -0.0357627868652344 -0.0356407165527344
-0.0185661315917969 -0.0505828857421875 -0.0337047576904297 -0.0284709930419922
0.0138130187988281 -0.0588531494140625 -0.0306816101074219 -0.0229530334472656
0.05303955078125 -0.0466537475585937 -0.0305404663085938 -0.0363731384277344
0.0874786376953125 0.0144119262695312 -0.0286712646484375 -0.0491600036621094
0.0923995971679688 0.0660781860351563 -0.0309677124023437 -0.0757980346679688
0.057373046875 0.111808776855469 -0.0294265747070313 -0.084442138671875
0.0310516357421875 0.137252807617188 0.07379150390625 -0.0479583740234375
0.06634521484375 0.0855560302734375 0.0330734252929688 0.0116062164306641
0.0956268310546875 0.0471649169921875 0.0567817687988281 0.0460319519042969
0.0866241455078125 -0.0214385986328125 0.089691162109375 -0.00284576416015625
0.0487442016601563 -0.0543594360351562 0.0674362182617188 -0.0499153137207031
-0.001800537109375 -0.0716400146484375 0.0156478881835938 -0.0793304443359375
-0.0330924987792969 -0.0649986267089844 -0.0246772766113281 -0.0630264282226563
-0.0303726196289063 -0.0590744018554688 -0.0295391082763672 -0.0309219360351563
-0.0408515930175781 -0.06561279296875 -0.0239200592041016 -0.0194206237792969
-0.0215072631835937 -0.0740203857421875 -0.0278835296630859 -0.00986480712890625
0.0226898193359375 -0.080535888671875 -0.0279502868652344 -0.00405693054199219
0.0678138732910156 -0.0585975646972656 -0.0327854156494141 -0.0203304290771484
0.10504150390625 0.0206985473632813 -0.0329055786132812 -0.0348930358886719
0.101669311523437 0.0805892944335937 -0.0225868225097656 -0.054229736328125
0.0524444580078125 0.130744934082031 -0.0215263366699219 -0.0437088012695312
0.00921630859374999 0.147415161132813 0.0801620483398438 0.00556182861328126
0.0517044067382813 0.115913391113281 0.0412826538085938 0.0458793640136719
0.102020263671875 0.0812149047851563 0.0537528991699219 0.0631027221679688
0.111167907714844 -0.006195068359375 0.083831787109375 0.0197296142578125
0.0717926025390625 -0.0590286254882813 0.0665283203125 -0.0226058959960938
0.00859832763671875 -0.089599609375 0.0261421203613281 -0.0535316467285156
-0.0326156616210938 -0.08197021484375 -0.00749588012695312 -0.0404281616210938
-0.031524658203125 -0.0734329223632813 -0.0140504837036133 -0.0112810134887695
-0.0450286865234375 -0.081085205078125 -0.00854253768920899 0.000530719757080072
-0.0220413208007812 -0.0875625610351563 -0.0181465148925781 0.0125999450683594
0.0288925170898438 -0.0918350219726562 -0.0226516723632812 0.0171165466308594
0.0754318237304688 -0.062713623046875 -0.0340003967285156 -0.00361442565917969
0.109710693359375 0.0258407592773438 -0.0340595245361328 -0.0227298736572266
0.0971145629882813 0.0878677368164063 -0.00956153869628906 -0.0340442657470703
0.03814697265625 0.133438110351563 -0.0129051208496094 -0.000396728515624994
-0.0139541625976562 0.130973815917969 0.0768890380859375 0.0597915649414063
0.0247573852539062 0.119163513183594 0.0433197021484375 0.0804901123046875
0.0831451416015625 0.099151611328125 0.0446624755859375 0.07586669921875
0.110275268554687 0.0117874145507812 0.0678596496582031 0.0402183532714844
0.0800552368164063 -0.0486221313476563 0.0579261779785156 0.00486373901367187
0.0177078247070313 -0.0907211303710938 0.0314292907714844 -0.0219268798828125
-0.0268096923828125 -0.0848541259765625 0.0094003677368164 -0.0127420425415039
-0.027984619140625 -0.0761489868164063 0.00421142578125 0.0093088150024414
-0.0422210693359375 -0.085968017578125 0.00887870788574219 0.0226039886474609
-0.0186691284179688 -0.0899124145507813 -0.00746726989746094 0.0351104736328125
0.0335235595703125 -0.0911178588867188 -0.0175895690917969 0.0369987487792969
0.0775680541992188 -0.05584716796875 -0.0348129272460937 0.0116863250732422
0.101669311523438 0.0347366333007813 -0.0336666107177734 -0.0143642425537109
0.076934814453125 0.0903472900390625 0.00400543212890626 -0.0157718658447266
0.017059326171875 0.122833251953125 -0.00632858276367187 0.0418930053710938
-0.0330429077148438 0.0889511108398438 0.068817138671875 0.102645874023438
-0.00511932373046875 0.0953903198242188 0.0397720336914062 0.106773376464844
0.0474853515625 0.0923309326171875 0.033111572265625 0.0799026489257812
0.0866470336914062 0.0257110595703125 0.0494041442871094 0.0530052185058594
0.0709304809570312 -0.031341552734375 0.043701171875 0.0267677307128906
0.0217361450195312 -0.0749969482421875 0.0324821472167969 0.00768470764160156
-0.0168609619140625 -0.0742111206054688 0.0240421295166016 0.01458740234375
-0.01971435546875 -0.0686874389648438 0.0213756561279297 0.0301399230957031
-0.0321578979492188 -0.0783004760742187 0.0247383117675781 0.0433502197265625
-0.0116729736328125 -0.0818634033203125 0.00249862670898438 0.0572128295898437
0.0365829467773438 -0.0782241821289063 -0.0146636962890625 0.0549964904785156
0.0732192993164062 -0.041168212890625 -0.0369949340820312 0.0239334106445312
0.0825424194335938 0.044525146484375 -0.0345230102539062 -0.00797653198242186
0.0463790893554687 0.0869598388671875 0.0124931335449219 0.00147819519042969
-0.0104217529296875 0.0981903076171875 -0.00619506835937501 0.0787124633789063
-0.0458526611328125 0.032623291015625 0.0576400756835938 0.126358032226563
-0.0296783447265625 0.0527420043945312 0.0344619750976562 0.1177978515625
0.00767898559570313 0.0650825500488281 0.0251541137695312 0.0759735107421875
0.0479011535644531 0.0290985107421875 0.0343551635742188 0.0580978393554687
0.0478439331054688 -0.0113754272460938 0.0314598083496094 0.0379753112792969
0.0205574035644531 -0.0472145080566406 0.0313911437988281 0.0286769866943359
-0.0053863525390625 -0.0511817932128906 0.034393310546875 0.03564453125
-0.008941650390625 -0.0488166809082031 0.0348892211914063 0.0460662841796875
-0.0176544189453125 -0.0593338012695313 0.0368843078613281 0.0623855590820312
-0.00168609619140625 -0.061767578125 0.00834655761718749 0.0766448974609375
0.0351409912109375 -0.0558929443359375 -0.017242431640625 0.0701942443847656
0.0605010986328125 -0.0216789245605469 -0.0432205200195312 0.033966064453125
0.0534095764160156 0.0481147766113281 -0.0376167297363281 -0.00433349609374999
0.011016845703125 0.0714111328125 0.0135736465454102 0.017486572265625
-0.0366134643554688 0.0605239868164063 -0.01507568359375 0.105926513671875
0.0445823669433594 0.00197219848632813 0.0149917602539063 -0.117507934570313
0.01739501953125 -0.0432510375976563 -0.00974655151367188 -0.0300941467285156
-0.0198001861572266 -0.0347843170166016 0.0400581359863281 0.0124740600585937
-0.0330333709716797 -0.000907897949218757 0.0649948120117188 -0.0344276428222656
-0.0231800079345703 0.0201282501220703 0.0342483520507812 -0.0777206420898438
-0.00547027587890625 0.0322761535644531 -0.0132675170898438 -0.0894546508789062
-0.00110435485839844 0.02630615234375 -0.0477828979492188 -0.0761795043945313
-0.00349617004394531 0.0249481201171875 -0.0445747375488281 -0.0540962219238281
-0.00762748718261719 0.0273017883300781 -0.0414085388183594 -0.0438232421875
-0.0208168029785156 0.0133228302001953 -0.03289794921875 -0.0417671203613281
-0.0235710144042969 -0.00865745544433594 -0.0313835144042969 -0.0423431396484375
-0.00505828857421875 -0.02960205078125 -0.0263023376464844 -0.0576896667480469
0.0300712585449219 -0.0284976959228516 -0.016265869140625 -0.0779495239257813
0.0531730651855469 -0.004669189453125 -0.031280517578125 -0.1116943359375
0.0521621704101563 0.0242576599121094 -0.0395278930664062 -0.135017395019531
0.0517616271972656 0.0555152893066406 0.0363693237304687 -0.114120483398438
0.0445404052734375 -0.00548553466796875 0.00313568115234375 -0.0294609069824219
0.0227432250976563 -0.0176486968994141 0.0472221374511719 0.0182456970214844
0.00258636474609375 -0.0165271759033203 0.0762252807617188 -0.0318603515625
-0.00498437881469727 -0.00855588912963867 0.0464248657226563 -0.0784225463867188
-0.0107641220092773 -0.00370883941650391 -0.00746154785156251 -0.0971832275390625
-0.0166902542114258 -0.00574302673339844 -0.0467529296875 -0.081573486328125
-0.0151433944702148 -0.00596523284912109 -0.0457382202148438 -0.0533943176269531
-0.0204410552978516 -0.006134033203125 -0.041656494140625 -0.043487548828125
-0.0190811157226563 -0.0191688537597656 -0.0345001220703125 -0.0390663146972656
-0.00172233581542969 -0.0332965850830078 -0.0315208435058594 -0.0361213684082031
0.0279712677001953 -0.0345230102539062 -0.02716064453125 -0.0501747131347656
0.0601387023925781 -2.6702880859375E-05 -0.0209083557128906 -0.06536865234375
0.07305908203125 0.0377197265625 -0.0318756103515625 -0.0958099365234375
0.0555953979492188 0.0750045776367188 -0.0341644287109375 -0.11676025390625
0.047576904296875 0.103340148925781 0.0566253662109375 -0.0902328491210938
0.062225341796875 0.0403938293457031 0.018096923828125 -0.0152263641357422
0.0647811889648438 0.0100555419921875 0.0537910461425781 0.0300636291503906
0.0447540283203125 -0.0246925354003906 0.08575439453125 -0.0212326049804688
0.020599365234375 -0.0355033874511719 0.059844970703125 -0.0694961547851563
-0.009429931640625 -0.0397453308105469 0.003173828125 -0.09423828125
-0.0281448364257812 -0.0376129150390625 -0.03887939453125 -0.0768203735351563
-0.0247306823730469 -0.0347404479980469 -0.03997802734375 -0.0449142456054687
-0.0318717956542969 -0.0379486083984375 -0.0361366271972656 -0.0343170166015625
-0.0192222595214844 -0.0487709045410156 -0.0340423583984375 -0.0277500152587891
0.0130462646484375 -0.0584373474121094 -0.0317592620849609 -0.0228614807128906
0.0522232055664063 -0.0462532043457031 -0.0307083129882812 -0.0371170043945313
0.0870895385742188 0.0139923095703125 -0.0276107788085938 -0.0504074096679687
0.0914306640625 0.0647354125976563 -0.030975341796875 -0.0760345458984375
0.0564956665039063 0.110893249511719 -0.0291671752929688 -0.0842819213867188
0.0316314697265625 0.136604309082031 0.0721969604492188 -0.048431396484375
0.064361572265625 0.0843124389648438 0.0313262939453125 0.0115318298339844
0.0952224731445313 0.0463333129882813 0.05670166015625 0.0464591979980469
0.0843658447265625 -0.0216293334960938 0.0889892578125 -0.00196075439453125
0.0479850769042969 -0.0543670654296875 0.067718505859375 -0.0495033264160156
-0.00247573852539062 -0.0701980590820312 0.0150680541992188 -0.079132080078125
-0.0335731506347656 -0.0639991760253906 -0.0247116088867188 -0.0622825622558594
-0.0301437377929688 -0.0583038330078125 -0.0292148590087891 -0.0296783447265625
-0.0414352416992187 -0.0628814697265625 -0.0247611999511719 -0.0184879302978516
-0.0220413208007812 -0.0716018676757812 -0.0284919738769531 -0.00921058654785157
0.0214309692382813 -0.078887939453125 -0.0286083221435547 -0.0044708251953125
0.0660972595214844 -0.0575408935546875 -0.0335159301757812 -0.0209255218505859
0.104896545410156 0.0199203491210938 -0.0320014953613281 -0.0363121032714844
0.10101318359375 0.0789871215820313 -0.02276611328125 -0.0550575256347656
0.05194091796875 0.129692077636719 -0.0222244262695313 -0.0442352294921875
0.00971984863281249 0.146331787109375 0.0781402587890625 0.00405120849609376
0.0500259399414063 0.113304138183594 0.0392837524414063 0.045562744140625
0.102584838867187 0.0803070068359375 0.0521354675292969 0.0638618469238281
0.108673095703125 -0.007171630859375 0.082794189453125 0.0205307006835938
0.0703811645507813 -0.0579452514648438 0.0667839050292969 -0.0217323303222656
0.00771331787109375 -0.0876922607421875 0.0255661010742187 -0.0533561706542969
-0.033050537109375 -0.08074951171875 -0.0084075927734375 -0.0398216247558594
-0.03131103515625 -0.072662353515625 -0.0137853622436523 -0.0101652145385742
-0.0457916259765625 -0.0787353515625 -0.00930976867675782 0.000668525695800777
-0.0233001708984375 -0.085479736328125 -0.0191555023193359 0.0127124786376953
0.0265121459960938 -0.0909042358398438 -0.0230884552001953 0.0163764953613281
0.0738906860351563 -0.0623245239257812 -0.0341663360595703 -0.00465965270996094
0.109039306640625 0.0248947143554688 -0.0329990386962891 -0.0241107940673828
0.0965576171875 0.085968017578125 -0.0101432800292969 -0.0354385375976562
0.0392990112304688 0.132850646972656 -0.0131797790527344 -0.00106525421142577
-0.0135116577148438 0.128425598144531 0.0752716064453125 0.0578689575195313
0.02435302734375 0.117210388183594 0.0411758422851563 0.079559326171875
0.0836334228515625 0.097869873046875 0.0430679321289063 0.076080322265625
0.109092712402344 0.0116043090820313 0.0676040649414063 0.0401535034179688
0.0791549682617187 -0.0487213134765625 0.0573387145996094 0.00560760498046875
0.015869140625 -0.089569091796875 0.0312061309814453 -0.0221481323242188
-0.0277328491210938 -0.0832977294921875 0.00884723663330078 -0.0121431350708008
-0.028228759765625 -0.0752105712890625 0.00465869903564453 0.0102977752685547
-0.0433807373046875 -0.0841522216796875 0.00794029235839843 0.0220355987548828
-0.0204544067382813 -0.08807373046875 -0.00730514526367188 0.0352363586425781
0.0306015014648438 -0.089996337890625 -0.0171623229980469 0.036376953125
0.075958251953125 -0.0561752319335938 -0.0346946716308594 0.0107326507568359
0.101264953613281 0.0340652465820313 -0.0332546234130859 -0.0151405334472656
0.0771484375 0.0884323120117188 0.00379085540771485 -0.0169048309326172
0.0172958374023437 0.122238159179688 -0.00638198852539063 0.0411224365234375
-0.0322647094726563 0.0880661010742187 0.067474365234375 0.100494384765625
-0.00536346435546874 0.0941619873046875 0.03826904296875 0.104759216308594
0.048187255859375 0.0914077758789063 0.0320587158203125 0.0795364379882813
0.0852127075195313 0.0247879028320313 0.0489349365234375 0.0539627075195312
0.0696220397949219 -0.0312461853027344 0.0441017150878906 0.0264320373535156
0.0208511352539062 -0.0734710693359375 0.0323925018310547 0.00684738159179687
-0.0179061889648437 -0.073028564453125 0.0237693786621094 0.0140457153320312
-0.0202980041503906 -0.0677299499511719 0.0210762023925781 0.0300540924072266
-0.0334548950195313 -0.0761489868164063 0.0236282348632812 0.0425262451171875
-0.0128631591796875 -0.0802993774414062 0.0020751953125 0.0566024780273437
0.034637451171875 -0.0779647827148437 -0.0146026611328125 0.05364990234375
0.0721588134765625 -0.0415496826171875 -0.0367813110351562 0.0237236022949219
0.0821533203125 0.0437545776367187 -0.0345745086669922 -0.00889968872070312
0.0465316772460938 0.0848541259765625 0.0120353698730469 7.05718994140677E-05
-0.010009765625 0.0976715087890625 -0.00604248046875001 0.0769424438476562
-0.0446548461914063 0.0323219299316406 0.0573348999023438 0.123970031738281
-0.0294227600097656 0.0519447326660156 0.0342788696289063 0.115570068359375
0.00862121582031251 0.0648918151855469 0.0240325927734375 0.0756607055664063
0.0477142333984375 0.0287704467773438 0.0334930419921875 0.0580635070800781
0.0469741821289063 -0.0117607116699219 0.0319709777832031 0.037994384765625
0.0197982788085938 -0.0470008850097656 0.032073974609375 0.0276107788085937
-0.00604248046875 -0.0503578186035156 0.0345401763916016 0.0343456268310547
-0.00950622558593749 -0.0483207702636719 0.0343360900878906 0.0460777282714844
-0.0189056396484375 -0.0579032897949219 0.036834716796875 0.0605621337890625
-0.003326416015625 -0.0610771179199219 0.00855255126953124 0.0753555297851563
0.0339088439941406 -0.0562858581542969 -0.0168571472167969 0.0688514709472656
0.0590248107910156 -0.0218658447265625 -0.0425567626953125 0.0335884094238281
0.0531425476074219 0.0473213195800781 -0.0368881225585938 -0.00502777099609374
0.0109329223632812 0.0706253051757812 0.0137176513671875 0.0157203674316406
-0.0362129211425781 0.060211181640625 -0.0140609741210937 0.103767395019531
0.0461463928222656 0.00217437744140625 0.0154647827148438 -0.11834716796875
0.0173072814941406 -0.0429725646972656 -0.0111637115478516 -0.0291748046875
-0.0206069946289062 -0.0353202819824219 0.0410575866699219 0.01324462890625
-0.0332145690917969 -0.00135803222656249 0.0665969848632813 -0.0338592529296875
-0.0230064392089844 0.0197086334228516 0.0358123779296875 -0.0784225463867188
-0.00609970092773437 0.0326519012451172 -0.0125961303710937 -0.0903854370117187
-0.00119972229003906 0.0263195037841797 -0.047210693359375 -0.0768966674804688
-0.002532958984375 0.0253467559814453 -0.044677734375 -0.0551338195800781
-0.00668716430664063 0.0269241333007813 -0.0419044494628906 -0.0445823669433594
-0.0200157165527344 0.0141506195068359 -0.0333442687988281 -0.0426368713378906
-0.0233173370361328 -0.00817108154296876 -0.0317611694335938 -0.0434150695800781
-0.00542449951171875 -0.0302791595458984 -0.0263137817382813 -0.0595779418945313
0.0307331085205078 -0.0289573669433594 -0.014678955078125 -0.0806350708007812
0.0537185668945313 -0.00409317016601563 -0.0296249389648437 -0.113578796386719
0.0528678894042969 0.0246429443359375 -0.0384140014648438 -0.137191772460938
0.0527000427246094 0.056610107421875 0.0371475219726562 -0.114936828613281
0.0442008972167969 -0.00510025024414063 0.00135612487792969 -0.0292396545410156
0.0234088897705078 -0.0185260772705078 0.0488433837890625 0.0198860168457031
0.00232219696044922 -0.0163650512695313 0.0779571533203125 -0.0307998657226563
-0.00468826293945313 -0.00914382934570313 0.048675537109375 -0.078948974609375
-0.0100574493408203 -0.00343608856201172 -0.00665283203125001 -0.098785400390625
-0.017003059387207 -0.00550937652587891 -0.04656982421875 -0.0823974609375
-0.0147819519042969 -0.00563716888427734 -0.0454673767089844 -0.0543174743652344
-0.0194263458251953 -0.00669097900390625 -0.0421333312988281 -0.0441055297851562
-0.0180530548095703 -0.018951416015625 -0.0347709655761719 -0.0397720336914063
-0.00146102905273437 -0.0334548950195312 -0.0317649841308594 -0.0371437072753906
0.0285873413085938 -0.0351161956787109 -0.0273933410644531 -0.0522994995117188
0.0612373352050781 -6.103515625E-05 -0.0196342468261719 -0.0679779052734375
0.0732650756835938 0.0381622314453125 -0.0308456420898437 -0.099273681640625
0.0557861328125 0.0764999389648438 -0.0335540771484375 -0.118873596191406
0.0482254028320312 0.105506896972656 0.0578155517578125 -0.0905838012695312
0.0614089965820313 0.0417442321777344 0.0164642333984375 -0.0146770477294922
0.065216064453125 0.0109024047851563 0.0544929504394531 0.0321464538574219
0.0449638366699219 -0.0247077941894531 0.08770751953125 -0.0196456909179688
0.0208816528320313 -0.0352096557617188 0.0615577697753906 -0.0692939758300781
-0.00936126708984375 -0.0399131774902344 0.00417327880859376 -0.0951156616210938
-0.0286979675292969 -0.0372695922851563 -0.0390243530273438 -0.0773849487304688
-0.0240402221679688 -0.035369873046875 -0.0399513244628906 -0.045623779296875
-0.031707763671875 -0.0382843017578125 -0.0366363525390625 -0.0348281860351562
-0.0191307067871094 -0.0486602783203125 -0.0346851348876953 -0.0281600952148438
0.0134010314941406 -0.0583839416503906 -0.0325050354003906 -0.0234813690185547
0.0529556274414063 -0.0458030700683594 -0.0315704345703125 -0.0394058227539062
0.0881271362304688 0.01458740234375 -0.0272064208984375 -0.0531349182128906
0.0915451049804688 0.0654525756835937 -0.0300445556640625 -0.0788116455078125
0.0563583374023438 0.113357543945312 -0.0289230346679688 -0.085693359375
0.0310211181640625 0.139137268066406 0.0719070434570313 -0.0480499267578125
0.0632553100585938 0.0861282348632813 0.0297889709472656 0.0118331909179688
0.095916748046875 0.0479965209960937 0.0560073852539063 0.0495834350585938
0.0861129760742188 -0.0215072631835938 0.0908126831054688 -0.000846862792968751
0.0492935180664063 -0.0540275573730469 0.0703506469726563 -0.0495376586914063
-0.00192260742187501 -0.0704345703125 0.0165786743164062 -0.0800399780273437
-0.0343399047851563 -0.0642585754394531 -0.0252952575683594 -0.0630035400390625
-0.0298919677734375 -0.0592460632324219 -0.0288581848144531 -0.0296230316162109
-0.0416946411132813 -0.0638504028320313 -0.0258979797363281 -0.0188236236572266
-0.0217208862304688 -0.0715789794921875 -0.0290393829345703 -0.00925827026367189
0.0212249755859375 -0.0797348022460938 -0.0298690795898437 -0.00497817993164064
0.0677757263183594 -0.0580520629882813 -0.0342960357666015 -0.0224475860595703
0.106414794921875 0.0206375122070312 -0.0318145751953125 -0.0383949279785156
0.101898193359375 0.07989501953125 -0.0218315124511719 -0.0571670532226562
0.0518264770507812 0.132843017578125 -0.0220756530761719 -0.0454025268554688
0.00817871093750002 0.147933959960938 0.0781478881835938 0.00473785400390626
0.048248291015625 0.115211486816406 0.0377960205078125 0.046173095703125
0.103485107421875 0.082305908203125 0.0514373779296875 0.066375732421875
0.110206604003906 -0.00656890869140625 0.0839309692382812 0.0226516723632812
0.0729751586914063 -0.0578765869140625 0.0695533752441406 -0.0212783813476563
0.00762176513671875 -0.0882568359375 0.0269050598144531 -0.0538749694824219
-0.0334930419921875 -0.08099365234375 -0.00870132446289063 -0.0403938293457031
-0.0315933227539063 -0.073699951171875 -0.0136804580688477 -0.00938224792480469
-0.0460052490234375 -0.07977294921875 -0.0100784301757813 0.00136089324951171
-0.0236053466796875 -0.0855712890625 -0.0198173522949219 0.012939453125
0.0266494750976562 -0.090972900390625 -0.0244293212890625 0.0160579681396484
0.0742263793945313 -0.0625839233398437 -0.0353164672851562 -0.00545501708984376
0.110786437988281 0.0264511108398438 -0.0334110260009766 -0.0259056091308594
0.0970687866210938 0.0871963500976563 -0.00974655151367187 -0.0369682312011719
0.038604736328125 0.135330200195313 -0.0134372711181641 -0.00119781494140624
-0.014190673828125 0.130416870117188 0.0747222900390625 0.058258056640625
0.0221939086914063 0.118133544921875 0.0396957397460937 0.0803298950195313
0.0848541259765625 0.0998382568359375 0.0425338745117188 0.0786972045898438
0.109825134277344 0.01171875 0.068634033203125 0.0428619384765625
0.0799713134765625 -0.0486831665039063 0.0602302551269531 0.00636672973632812
0.0170516967773438 -0.0890426635742188 0.0314559936523438 -0.0225162506103516
-0.027496337890625 -0.084625244140625 0.0091552734375 -0.0122385025024414
-0.0283737182617187 -0.0766677856445313 0.00380992889404297 0.0118083953857422
-0.0439529418945313 -0.0839157104492188 0.00787925720214844 0.0224552154541016
-0.019866943359375 -0.0882034301757813 -0.0083465576171875 0.0363273620605469
0.0312347412109375 -0.0914382934570312 -0.0184555053710937 0.0358810424804688
0.0771102905273438 -0.0570907592773438 -0.0357322692871094 0.0100860595703125
0.102302551269531 0.0350265502929688 -0.0334644317626953 -0.0169658660888672
0.077545166015625 0.08966064453125 0.00337219238281251 -0.0186386108398437
0.0159683227539063 0.124366760253906 -0.00650787353515625 0.0405158996582031
-0.0330886840820312 0.08929443359375 0.0666656494140625 0.101875305175781
-0.00707244873046874 0.0951461791992187 0.0366058349609375 0.106163024902344
0.0486602783203125 0.0939483642578125 0.0302963256835938 0.08197021484375
0.0859527587890625 0.0255661010742188 0.0486984252929688 0.0563201904296875
0.0706100463867188 -0.0307083129882813 0.0453071594238281 0.0277862548828125
0.0213470458984375 -0.0741195678710938 0.0331497192382813 0.00647544860839843
-0.0180130004882812 -0.0736846923828125 0.0240650177001953 0.0138492584228516
-0.0199775695800781 -0.0683555603027344 0.0210247039794922 0.0312862396240234
-0.0340347290039063 -0.0764312744140625 0.0233306884765625 0.0434532165527344
-0.0131454467773438 -0.0803146362304688 0.00131988525390625 0.0579833984375
0.0343780517578125 -0.0787887573242188 -0.0157737731933594 0.054046630859375
0.0730514526367188 -0.0421066284179688 -0.0377006530761719 0.0230979919433594
0.0836868286132813 0.0451126098632813 -0.0341300964355469 -0.00957870483398438
0.0469284057617188 0.0861587524414063 0.0125417709350586 -0.000710487365722651
-0.0109024047851562 0.0992813110351563 -0.00667572021484375 0.0774078369140625
-0.0458755493164063 0.0321044921875 0.0558013916015625 0.126502990722656
-0.0302276611328125 0.0527000427246094 0.032440185546875 0.11700439453125
0.00910568237304687 0.0665512084960938 0.0224990844726562 0.077880859375
0.0485801696777344 0.02899169921875 0.0335235595703125 0.0609359741210937
0.0479240417480469 -0.0110282897949219 0.0329818725585938 0.0393829345703125
0.0196990966796875 -0.0470771789550781 0.0323925018310547 0.0284214019775391
-0.0057830810546875 -0.0511016845703125 0.0353660583496094 0.0349159240722656
-0.00954818725585937 -0.0491142272949219 0.0343894958496094 0.0467147827148438
-0.019012451171875 -0.0576133728027344 0.0356826782226563 0.061767578125
-0.0032958984375 -0.0611763000488281 0.00765991210937499 0.07659912109375
0.0339622497558594 -0.05645751953125 -0.0180625915527344 0.0693855285644531
0.0599250793457031 -0.0221672058105469 -0.0437202453613281 0.0331153869628906
0.054046630859375 0.0486297607421875 -0.0374717712402344 -0.00604629516601562
0.0113372802734375 0.071533203125 0.0141448974609375 0.0145072937011719
-0.0366935729980469 0.0605926513671875 -0.0150222778320313 0.104789733886719
0.0488395690917969 0.00217819213867187 0.0151824951171875 -0.1219482421875
0.0170783996582031 -0.0446243286132813 -0.0124740600585937 -0.0295791625976563
-0.0215950012207031 -0.03619384765625 0.0435447692871094 0.0146331787109375
-0.033660888671875 -0.00139236450195312 0.0691337585449219 -0.0351486206054687
-0.0241966247558594 0.0209922790527344 0.0369415283203125 -0.0814743041992188
-0.005401611328125 0.0339279174804687 -0.0124053955078125 -0.093719482421875
-0.000627517700195315 0.0276260375976563 -0.04937744140625 -0.0802383422851563
-0.00214767456054687 0.0261001586914063 -0.0462074279785156 -0.0567893981933594
-0.00568389892578125 0.0280628204345703 -0.0435523986816406 -0.0461883544921875
-0.0201930999755859 0.0152912139892578 -0.0347061157226563 -0.0437469482421875
-0.0240116119384766 -0.00805854797363281 -0.0337028503417969 -0.045166015625
-0.00560188293457031 -0.0313568115234375 -0.0273208618164063 -0.0630950927734375
0.0317859649658203 -0.0299453735351563 -0.01434326171875 -0.085479736328125
0.055450439453125 -0.00485992431640625 -0.0296249389648438 -0.11865234375
0.0554237365722656 0.0258674621582031 -0.0393218994140625 -0.143295288085938
0.0561141967773438 0.0595588684082031 0.03729248046875 -0.119148254394531
0.0448570251464844 -0.00498199462890625 0.00027275085449219 -0.0293407440185547
0.0233516693115234 -0.0193367004394531 0.0508270263671875 0.0213432312011719
0.00287628173828125 -0.0175352096557617 0.0811614990234375 -0.0316543579101563
-0.00486373901367187 -0.00897407531738281 0.0509796142578125 -0.0816726684570313
-0.0108976364135742 -0.00284194946289062 -0.00638580322265626 -0.1021728515625
-0.0173406600952148 -0.00532341003417969 -0.0489501953125 -0.0851898193359375
-0.014958381652832 -0.00585460662841797 -0.0464744567871094 -0.0560379028320313
-0.0201339721679688 -0.00624465942382812 -0.0435943603515625 -0.0452232360839844
-0.0180263519287109 -0.0185661315917969 -0.0363197326660156 -0.0411834716796875
-0.00162887573242188 -0.0341148376464844 -0.0338249206542969 -0.0392265319824219
0.0290908813476563 -0.0364341735839844 -0.0279312133789063 -0.0555152893066406
0.0635528564453125 -0.00042724609375 -0.019805908203125 -0.07275390625
0.07568359375 0.0384368896484375 -0.0321807861328125 -0.103569030761719
0.0581512451171875 0.0793609619140625 -0.0348358154296875 -0.124755859375
0.0497970581054687 0.110237121582031 0.0590362548828125 -0.0939712524414062
0.0622749328613281 0.0436553955078125 0.0151491165161133 -0.0152158737182617
0.0681838989257813 0.0105819702148438 0.0572624206542969 0.0348472595214844
0.0460548400878906 -0.0258102416992188 0.0912704467773438 -0.0197525024414063
0.0218315124511719 -0.0371627807617188 0.0647048950195313 -0.0721817016601563
-0.0100479125976563 -0.0405654907226562 0.00455474853515626 -0.0991897583007812
-0.0296974182128906 -0.0390396118164063 -0.0405654907226562 -0.080352783203125
-0.0247688293457031 -0.0365829467773438 -0.0409355163574219 -0.0470542907714844
-0.0331649780273437 -0.0393257141113281 -0.0386161804199219 -0.0355072021484375
-0.0195274353027344 -0.0497360229492188 -0.0363311767578125 -0.0286865234375
0.0132789611816406 -0.0601234436035156 -0.0342273712158203 -0.0252571105957031
0.0550689697265625 -0.0481452941894531 -0.0330276489257812 -0.0418548583984375
0.0915985107421875 0.0150604248046875 -0.0276451110839844 -0.0574226379394531
0.0948028564453125 0.0671310424804687 -0.0311660766601562 -0.082916259765625
0.05914306640625 0.117973327636719 -0.02996826171875 -0.0898895263671875
0.0326385498046875 0.144821166992188 0.073974609375 -0.050933837890625
0.064208984375 0.0899429321289063 0.0289630889892578 0.0127372741699219
0.100616455078125 0.049285888671875 0.0588111877441406 0.0526466369628906
0.0888595581054688 -0.0220489501953125 0.0944290161132813 0.000694274902343749
0.051666259765625 -0.0558433532714844 0.0736465454101563 -0.0508193969726562
-0.0027313232421875 -0.0720138549804688 0.0172576904296875 -0.0828399658203125
-0.0358848571777344 -0.0666656494140625 -0.0263290405273438 -0.0647239685058594
-0.0309944152832031 -0.0614395141601563 -0.0288848876953125 -0.0297660827636719
-0.0432052612304687 -0.0643806457519531 -0.0272064208984375 -0.0181827545166016
-0.0233383178710938 -0.0736465454101563 -0.0314006805419922 -0.0091686248779297
0.0212783813476563 -0.0821762084960938 -0.0322990417480469 -0.00592803955078126
0.0697097778320313 -0.0602607727050781 -0.0361824035644531 -0.0244369506835938
0.110992431640625 0.0214004516601562 -0.0328865051269531 -0.0414810180664062
0.105484008789063 0.0824661254882813 -0.0234947204589844 -0.0613517761230469
0.0535812377929688 0.138595581054688 -0.0227508544921875 -0.0471153259277344
0.00854492187500002 0.154220581054688 0.0796432495117188 0.00449371337890626
0.049530029296875 0.120880126953125 0.037200927734375 0.047454833984375
0.108131408691406 0.08538818359375 0.0531234741210938 0.0708770751953125
0.114692687988281 -0.00659942626953125 0.0868988037109375 0.0254898071289063
0.0756607055664062 -0.060302734375 0.0733718872070313 -0.022216796875
0.00772094726562499 -0.0908050537109375 0.0279273986816406 -0.0559921264648438
-0.0358428955078125 -0.0835418701171875 -0.00867843627929688 -0.0407333374023438
-0.0324935913085938 -0.076568603515625 -0.0138282775878906 -0.00881099700927735
-0.04852294921875 -0.0817337036132813 -0.0111904144287109 0.00190067291259765
-0.0245361328125 -0.0879669189453125 -0.0214271545410156 0.0140419006347656
0.0256576538085938 -0.09417724609375 -0.0264186859130859 0.0159339904785156
0.0768356323242188 -0.0653228759765625 -0.0366554260253906 -0.00664901733398439
0.115882873535156 0.0267715454101563 -0.0347423553466797 -0.0285892486572266
0.100845336914063 0.0896148681640625 -0.01025390625 -0.0392913818359375
0.039825439453125 0.141708374023438 -0.0137510299682617 -0.00191783905029296
-0.0153045654296875 0.136405944824219 0.0767364501953125 0.0608139038085938
0.0222854614257812 0.124137878417969 0.0392913818359375 0.0833892822265625
0.0893325805664063 0.10406494140625 0.0418701171875 0.083740234375
0.113967895507813 0.0127716064453125 0.0706939697265625 0.0466156005859375
0.0839996337890625 -0.0498886108398438 0.06298828125 0.00718307495117187
0.0168991088867187 -0.0922088623046875 0.033538818359375 -0.0242023468017578
-0.0295486450195312 -0.0874252319335937 0.00947761535644531 -0.0117273330688477
-0.0296173095703125 -0.0796737670898438 0.00499153137207031 0.0133399963378906
-0.0461502075195313 -0.0855712890625 0.00686836242675781 0.0238094329833984
-0.0223770141601563 -0.0913467407226563 -0.0091552734375 0.0378456115722656
0.0305709838867188 -0.0948104858398438 -0.0207748413085937 0.03717041015625
0.0795364379882813 -0.0591506958007812 -0.0373153686523437 0.00998306274414061
0.107627868652344 0.0360031127929688 -0.0347080230712891 -0.0183162689208984
0.08148193359375 0.0924301147460938 0.00404548645019532 -0.0201759338378906
0.0171966552734375 0.129867553710937 -0.00655746459960938 0.0415611267089844
-0.0346908569335937 0.0929183959960938 0.0685577392578125 0.104782104492188
-0.0080413818359375 0.0987319946289062 0.0370941162109375 0.109596252441406
0.0518875122070312 0.097991943359375 0.0304489135742188 0.087127685546875
0.0892791748046875 0.0258102416992187 0.050811767578125 0.0597267150878906
0.0742263793945313 -0.0321273803710938 0.0481834411621094 0.0296440124511719
0.02117919921875 -0.0763702392578125 0.0346565246582031 0.00680732727050781
-0.0194931030273437 -0.076416015625 0.0246009826660156 0.0147800445556641
-0.0217666625976563 -0.0710372924804688 0.0219440460205078 0.0329513549804687
-0.03662109375 -0.078857421875 0.02374267578125 0.0455856323242188
-0.0149993896484375 -0.0828781127929688 0.000965118408203124 0.0599899291992188
0.0344009399414063 -0.0821990966796875 -0.0173797607421875 0.0559463500976562
0.0754623413085938 -0.0443344116210937 -0.0392036437988281 0.0233840942382812
0.0874557495117188 0.0463714599609375 -0.0359764099121094 -0.01080322265625
0.0489959716796875 0.0893020629882813 0.0137042999267578 -0.00202941894531249
-0.0106048583984375 0.103683471679687 -0.00676727294921876 0.080322265625
-0.0477066040039062 0.0338401794433594 0.0576934814453125 0.130805969238281
-0.0316238403320312 0.0555648803710938 0.0327835083007813 0.121391296386719
0.010345458984375 0.0690345764160156 0.0227279663085937 0.082183837890625
0.0510520935058594 0.0297660827636719 0.0347137451171875 0.0649986267089844
0.0498390197753906 -0.0120353698730469 0.0352745056152344 0.0415725708007813
0.0199165344238281 -0.0490341186523438 0.0341682434082031 0.0289287567138672
-0.00709915161132813 -0.0535240173339844 0.0363388061523438 0.0362472534179687
-0.0101318359375 -0.051361083984375 0.03570556640625 0.0484237670898438
-0.0205154418945313 -0.0592842102050781 0.0363540649414062 0.0643692016601562
-0.00496292114257813 -0.0633125305175781 0.00717926025390626 0.0795516967773438
0.0342330932617187 -0.0598869323730469 -0.0191879272460938 0.0713729858398438
0.0623321533203125 -0.0239753723144531 -0.0457038879394531 0.0337715148925781
0.0568733215332031 0.0500869750976563 -0.0391159057617188 -0.00645828247070312
0.0115432739257813 0.0742568969726563 0.0152492523193359 0.0146007537841797
-0.038238525390625 0.0630149841308594 -0.0151214599609375 0.107917785644531
0.0523681640625 0.0005950927734375 0.0122604370117188 -0.127861022949219
0.0159759521484375 -0.0468254089355469 -0.0146579742431641 -0.0287075042724609
-0.0246047973632812 -0.0375099182128906 0.0466880798339844 0.0146446228027344
-0.0358734130859375 -0.000797271728515625 0.0723114013671875 -0.0384445190429688
-0.024688720703125 0.0230426788330078 0.0365066528320313 -0.0849990844726563
-0.003875732421875 0.0364761352539063 -0.0147781372070312 -0.098114013671875
0.000764846801757815 0.0291786193847656 -0.0534286499023437 -0.0826950073242188
-0.000423431396484375 0.0269088745117188 -0.0504837036132812 -0.0586509704589844
-0.00423240661621094 0.0299358367919922 -0.0473823547363281 -0.0469932556152344
-0.0199642181396484 0.0168437957763672 -0.0377731323242188 -0.0451850891113281
-0.0252170562744141 -0.00684928894042968 -0.0364952087402344 -0.0470008850097656
-0.00683975219726563 -0.032470703125 -0.0307540893554687 -0.0666580200195313
0.0318107604980469 -0.032806396484375 -0.0170516967773437 -0.0905914306640625
0.0579566955566406 -0.00651931762695313 -0.0346527099609375 -0.123733520507812
0.0594024658203125 0.0251922607421875 -0.045867919921875 -0.14984130859375
0.06158447265625 0.0606803894042969 0.0353012084960938 -0.125205993652344
0.0467643737792969 -0.00598907470703125 -0.00162506103515625 -0.0296401977539063
0.0240058898925781 -0.020904541015625 0.0542755126953125 0.0217132568359375
0.00173568725585937 -0.0185413360595703 0.084991455078125 -0.03515625
-0.00513076782226562 -0.00970840454101563 0.0513839721679687 -0.0871429443359375
-0.0116310119628906 -0.00202369689941406 -0.00914001464843749 -0.106971740722656
-0.0185947418212891 -0.00485801696777343 -0.0535354614257813 -0.0873184204101563
-0.0148277282714844 -0.0061798095703125 -0.0505943298339844 -0.0575904846191406
-0.0202007293701172 -0.00641822814941406 -0.0472373962402344 -0.0458602905273438
-0.0190811157226562 -0.0183391571044922 -0.0400161743164062 -0.0419998168945313
-0.00285911560058594 -0.0345630645751953 -0.0368995666503906 -0.0402793884277344
0.0296478271484375 -0.0384902954101563 -0.032196044921875 -0.05908203125
0.0669708251953125 -0.00226593017578125 -0.0219955444335937 -0.0771713256835938
0.080657958984375 0.0384292602539063 -0.0364227294921875 -0.108421325683594
0.0633544921875 0.0827102661132813 -0.0392303466796875 -0.130241394042969
0.0564422607421875 0.114509582519531 0.0585556030273438 -0.100135803222656
0.0660133361816406 0.044647216796875 0.0142717361450195 -0.0153102874755859
0.072296142578125 0.00937652587890625 0.0616188049316406 0.0361824035644531
0.0476417541503906 -0.0286102294921875 0.0959625244140625 -0.0222244262695313
0.0222625732421875 -0.0392341613769531 0.0668563842773438 -0.0775985717773438
-0.0118255615234375 -0.0414009094238281 0.00262451171875 -0.104217529296875
-0.0324478149414063 -0.0388870239257813 -0.0448760986328125 -0.0827255249023438
-0.0267753601074219 -0.0376663208007813 -0.0438995361328125 -0.0474357604980469
-0.0354766845703125 -0.0397109985351562 -0.0419235229492188 -0.0354995727539063
-0.0218544006347656 -0.0505485534667969 -0.0395660400390625 -0.0289878845214844
0.0117759704589844 -0.0626716613769531 -0.0381431579589844 -0.0254364013671875
0.0559768676757813 -0.051788330078125 -0.0363235473632813 -0.0448112487792969
0.0971527099609375 0.0131912231445313 -0.0298309326171875 -0.0612754821777344
0.101722717285156 0.0671157836914063 -0.0352783203125 -0.087371826171875
0.0653915405273438 0.122535705566406 -0.0338134765625 -0.0939254760742188
0.038360595703125 0.15167236328125 0.0754776000976563 -0.0544281005859375
0.0693130493164063 0.0932693481445313 0.0288143157958984 0.0128173828125
0.106918334960938 0.0487899780273438 0.063018798828125 0.0555801391601563
0.0917129516601562 -0.0258712768554687 0.100006103515625 -0.000572204589843752
0.0530204772949219 -0.0600090026855469 0.0769424438476563 -0.0555877685546875
-0.00519561767578125 -0.07513427734375 0.0159835815429688 -0.0880279541015625
-0.0401496887207031 -0.0684356689453125 -0.0295677185058594 -0.0668296813964844
-0.0344810485839844 -0.0634269714355469 -0.0310535430908203 -0.0295448303222656
-0.0475425720214844 -0.0663871765136719 -0.0294456481933594 -0.0184822082519531
-0.026580810546875 -0.07568359375 -0.0335502624511719 -0.00824356079101564
0.0193405151367188 -0.0864028930664063 -0.0352745056152344 -0.00448608398437501
0.0716094970703125 -0.0651779174804688 -0.0393753051757813 -0.0259284973144531
0.117546081542969 0.0191879272460938 -0.0354385375976562 -0.0450019836425781
0.112754821777344 0.0825881958007813 -0.026123046875 -0.0642433166503906
0.059814453125 0.144805908203125 -0.0248298645019531 -0.0497169494628906
0.0137939453125 0.162750244140625 0.083251953125 0.00209045410156251
0.0538177490234375 0.125717163085938 0.0390777587890625 0.0494842529296875
0.116973876953125 0.0862503051757812 0.0576553344726563 0.0749893188476563
0.11993408203125 -0.0101776123046875 0.09307861328125 0.0256195068359375
0.0782928466796875 -0.065032958984375 0.0779800415039063 -0.0251617431640625
0.00486755371093749 -0.09490966796875 0.0272064208984375 -0.0608558654785156
-0.0403976440429687 -0.0861740112304688 -0.0106163024902344 -0.0417251586914063
-0.0364456176757813 -0.0791549682617187 -0.014470100402832 -0.00817489624023438
-0.0537338256835937 -0.0826187133789063 -0.012385368347168 0.00317287445068359
-0.0293426513671875 -0.0904388427734375 -0.0226535797119141 0.0159587860107422
0.0240554809570313 -0.0994949340820313 -0.0282936096191406 0.0174350738525391
0.078826904296875 -0.0708236694335938 -0.0396881103515625 -0.00714492797851563
0.123023986816406 0.0245513916015625 -0.0366172790527344 -0.0304183959960938
0.108795166015625 0.0910568237304688 -0.0116729736328125 -0.0431671142578125
0.0466461181640625 0.1484375 -0.0146360397338867 -0.00196361541748046
-0.012908935546875 0.143875122070313 0.080780029296875 0.06060791015625
0.0258865356445312 0.129447937011719 0.0414886474609375 0.0861740112304688
0.0969696044921875 0.106513977050781 0.0464096069335938 0.0886917114257813
0.120460510253906 0.0102615356445313 0.0760955810546875 0.0488357543945313
0.0866165161132813 -0.0550384521484375 0.0680122375488281 0.00639724731445312
0.0141677856445313 -0.096710205078125 0.0337314605712891 -0.0261554718017578
-0.0345687866210938 -0.0902099609375 0.00863838195800781 -0.0134048461914063
-0.0338821411132813 -0.0826263427734375 0.00527477264404297 0.0146923065185547
-0.051513671875 -0.0877456665039062 0.00707626342773437 0.0254306793212891
-0.0263290405273437 -0.09405517578125 -0.00958633422851562 0.0398445129394531
0.0285491943359375 -0.100204467773438 -0.0216102600097656 0.0390625
0.0814056396484375 -0.0650177001953125 -0.0394554138183594 0.010650634765625
0.114723205566406 0.0342025756835938 -0.0366287231445312 -0.019744873046875
0.0875167846679688 0.0947189331054688 0.00384140014648438 -0.0230426788330078
0.0219573974609375 0.137107849121094 -0.00666046142578125 0.0439567565917969
-0.0341644287109375 0.0988388061523438 0.0738449096679688 0.107933044433594
-0.00611114501953125 0.104972839355469 0.040252685546875 0.1138916015625
0.05780029296875 0.101242065429688 0.0336761474609375 0.091583251953125
0.0943679809570312 0.0255813598632812 0.0551643371582031 0.0628623962402344
0.0774307250976563 -0.0356521606445313 0.0525970458984375 0.0298805236816406
0.0193023681640625 -0.0802230834960938 0.0365867614746094 0.00533676147460937
-0.0238418579101562 -0.079559326171875 0.0265235900878906 0.0147609710693359
-0.0254898071289063 -0.0742111206054688 0.0243549346923828 0.0347404479980469
-0.0411300659179688 -0.0805435180664063 0.0254287719726562 0.047698974609375
-0.01898193359375 -0.086090087890625 0.00203323364257812 0.0629997253417969
0.0325088500976562 -0.0867767333984375 -0.0167503356933594 0.0584220886230469
0.0775833129882813 -0.0492706298828125 -0.0413970947265625 0.0251502990722656
0.0939559936523438 0.0458755493164063 -0.0377883911132812 -0.0113334655761719
0.0539093017578125 0.092132568359375 0.0141315460205078 -0.00370407104492187
-0.0080108642578125 0.110244750976562 -0.00492858886718749 0.0839385986328125
-0.0487861633300781 0.0369186401367188 0.0630722045898438 0.13507080078125
-0.0319900512695312 0.0597152709960937 0.0378189086914062 0.126243591308594
0.013946533203125 0.0729827880859375 0.0250244140625 0.086822509765625
0.0539741516113281 0.0292701721191406 0.0387496948242188 0.0679893493652344
0.0524406433105469 -0.0137825012207031 0.0387840270996094 0.0434188842773438
0.0194168090820312 -0.0517616271972656 0.0364990234375 0.0291748046875
-0.0101280212402344 -0.0556793212890625 0.0398521423339844 0.0363235473632812
-0.0124740600585938 -0.0535888671875 0.0391998291015625 0.0507965087890625
-0.0234870910644531 -0.0612258911132813 0.0396919250488281 0.0663299560546875
-0.00762176513671876 -0.0657958984375 0.00933837890624999 0.0831146240234375
0.033935546875 -0.0627555847167969 -0.0180511474609375 0.0743026733398438
0.0650177001953125 -0.0272064208984375 -0.0468902587890625 0.036529541015625
0.0618782043457031 0.0511932373046875 -0.0409202575683594 -0.00655364990234375
0.0139846801757812 0.0773544311523438 0.0172529220581055 0.0130128860473633
-0.0377922058105469 0.0678672790527344 -0.0122299194335937 0.113746643066406
0.0551681518554688 -0.00318145751953125 0.00544738769531251 -0.13336181640625
0.013397216796875 -0.048797607421875 -0.0183067321777344 -0.0278816223144531
-0.0284385681152344 -0.0379981994628906 0.0499916076660156 0.0133438110351562
-0.0375785827636719 0.001434326171875 0.073150634765625 -0.0429458618164063
-0.0243244171142578 0.0252742767333984 0.033599853515625 -0.0903244018554688
-0.00128173828125 0.03802490234375 -0.0195693969726562 -0.100494384765625
0.00357818603515625 0.0303497314453125 -0.0599365234375 -0.0825347900390625
0.00223541259765625 0.0271720886230469 -0.0550498962402344 -0.0585517883300781
-0.00198173522949219 0.0303802490234375 -0.0514564514160156 -0.0461692810058594
-0.0184307098388672 0.0194835662841797 -0.0415878295898438 -0.044921875
-0.0268478393554688 -0.0050506591796875 -0.0403404235839844 -0.04718017578125
-0.00936126708984375 -0.0330066680908203 -0.0358467102050781 -0.0688934326171875
0.0307693481445312 -0.0360908508300781 -0.0222396850585938 -0.0942153930664063
0.0590782165527344 -0.0103759765625 -0.041748046875 -0.126625061035156
0.0630416870117188 0.0231475830078125 -0.0549163818359375 -0.1524658203125
0.0682487487792969 0.0585517883300781 0.0295486450195313 -0.131492614746094
0.0466995239257813 -0.00846099853515625 -0.00560951232910156 -0.0294132232666016
0.0231781005859375 -0.0237312316894531 0.0574836730957031 0.0207672119140625
0.000301361083984375 -0.0194320678710938 0.08624267578125 -0.040679931640625
-0.00632476806640625 -0.00990867614746094 0.0487823486328125 -0.0931549072265625
-0.0114660263061523 -0.000632286071777345 -0.0143280029296875 -0.110282897949219
-0.0188407897949219 -0.00356483459472656 -0.0600051879882813 -0.0873947143554687
-0.0157003402709961 -0.00524711608886719 -0.0552215576171875 -0.0569381713867188
-0.020477294921875 -0.00537681579589844 -0.051483154296875 -0.0448112487792969
-0.0200614929199219 -0.0171375274658203 -0.0439186096191406 -0.0414581298828125
-0.00548553466796875 -0.0352058410644531 -0.0407295227050781 -0.0401954650878906
0.0281600952148438 -0.0421867370605469 -0.0375518798828125 -0.060516357421875
0.068817138671875 -0.006744384765625 -0.0271072387695312 -0.08111572265625
0.0847930908203125 0.0344772338867187 -0.0435714721679688 -0.111312866210938
0.0710067749023438 0.0818862915039063 -0.0481338500976562 -0.133544921875
0.066070556640625 0.115951538085938 0.05419921875 -0.107147216796875
0.0700454711914063 0.0427398681640625 0.0120449066162109 -0.0161848068237305
0.0752410888671875 0.00531768798828125 0.0657501220703125 0.0353240966796875
0.0475578308105469 -0.0325164794921875 0.0989837646484375 -0.0272140502929688
0.021148681640625 -0.0424728393554688 0.0651626586914063 -0.0840835571289063
-0.0140953063964844 -0.0418014526367188 -0.0031585693359375 -0.107551574707031
-0.0358848571777344 -0.0382461547851563 -0.050933837890625 -0.0825958251953125
-0.0300331115722656 -0.0379180908203125 -0.0476837158203125 -0.0461578369140625
-0.0386619567871094 -0.0384101867675781 -0.0452766418457031 -0.0340461730957031
-0.02484130859375 -0.050079345703125 -0.0434036254882812 -0.0269546508789063
0.00894927978515626 -0.0648574829101563 -0.0408134460449219 -0.0244560241699219
0.0551567077636719 -0.056610107421875 -0.0411911010742188 -0.0458183288574219
0.101356506347656 0.00800323486328125 -0.0341262817382813 -0.063873291015625
0.108383178710938 0.0634613037109375 -0.0413055419921875 -0.0895233154296875
0.07489013671875 0.124755859375 -0.0401687622070312 -0.0965118408203125
0.0492095947265625 0.155853271484375 0.0746841430664063 -0.0609588623046875
0.0755081176757813 0.0936737060546875 0.0288467407226563 0.0121498107910156
0.114341735839844 0.0448760986328125 0.0689735412597656 0.0557174682617188
0.0938568115234375 -0.031585693359375 0.104278564453125 -0.00469970703125
0.0524978637695312 -0.0652122497558594 0.0774307250976563 -0.0615158081054688
-0.0096588134765625 -0.0771408081054688 0.0119857788085937 -0.0920867919921875
-0.0452461242675781 -0.067718505859375 -0.0344467163085938 -0.0669212341308594
-0.0391883850097656 -0.0640068054199219 -0.0331287384033203 -0.0287036895751953
-0.0529556274414063 -0.0651321411132813 -0.0318832397460938 -0.0167140960693359
-0.03179931640625 -0.0761337280273437 -0.0363883972167969 -0.00595855712890626
0.0146331787109375 -0.0897293090820313 -0.0371513366699219 -0.00318145751953125
0.0705490112304688 -0.0716171264648438 -0.0433807373046875 -0.0264968872070312
0.123405456542969 0.01275634765625 -0.0390243530273437 -0.0462379455566406
0.12103271484375 0.0787353515625 -0.0308685302734375 -0.0666961669921875
0.0708465576171875 0.147506713867188 -0.028350830078125 -0.0506362915039062
0.0234375 0.169097900390625 0.0851898193359375 -0.00251007080078124
0.0615158081054688 0.128250122070313 0.0407791137695313 0.0485382080078125
0.126365661621094 0.083770751953125 0.0636825561523438 0.0764389038085938
0.122978210449219 -0.0169677734375 0.0986557006835938 0.022491455078125
0.0783615112304688 -0.0718994140625 0.079833984375 -0.030548095703125
-0.00064849853515624 -0.0979537963867188 0.0240325927734375 -0.0642051696777344
-0.0475616455078125 -0.0860595703125 -0.0136795043945313 -0.0432052612304688
-0.0428924560546875 -0.080352783203125 -0.0142736434936523 -0.00648689270019532
-0.0604782104492188 -0.0815582275390625 -0.0129909515380859 0.0049753189086914
-0.036102294921875 -0.0914688110351563 -0.0235614776611328 0.0181121826171875
0.0181884765625 -0.103523254394531 -0.0289478302001953 0.0199871063232422
0.077972412109375 -0.0777511596679688 -0.0423469543457031 -0.00693511962890625
0.12969970703125 0.0181427001953125 -0.0403251647949219 -0.0309638977050781
0.116935729980469 0.0872039794921875 -0.0148544311523437 -0.0449066162109375
0.05645751953125 0.152420043945313 -0.0145063400268555 -0.00225830078124999
-0.0038299560546875 0.150894165039063 0.08642578125 0.0586318969726563
0.0326919555664063 0.133758544921875 0.0466690063476563 0.0861587524414063
0.107536315917969 0.10546875 0.0522613525390625 0.0903091430664063
0.125328063964844 0.00354766845703125 0.0818252563476563 0.047210693359375
0.0878677368164063 -0.0626068115234375 0.0711669921875 0.0025177001953125
0.00917816162109375 -0.100013732910156 0.0331287384033203 -0.0291557312011719
-0.0417022705078125 -0.0905914306640625 0.0084390640258789 -0.013300895690918
-0.0392074584960937 -0.083160400390625 0.00743961334228515 0.0149631500244141
-0.0595016479492188 -0.0866851806640625 0.00812530517578125 0.02685546875
-0.033843994140625 -0.095123291015625 -0.00883865356445313 0.0425682067871094
0.0231781005859375 -0.10443115234375 -0.0209770202636719 0.0418319702148437
0.0799484252929688 -0.0722122192382813 -0.0412940979003906 0.0124130249023437
0.121818542480469 0.0290145874023438 -0.0393028259277344 -0.0195236206054688
0.0958786010742188 0.0921173095703125 0.00279998779296876 -0.0254707336425781
0.0302581787109375 0.141525268554688 -0.00366592407226563 0.0450592041015625
-0.0298309326171875 0.10479736328125 0.0813446044921875 0.108062744140625
-0.0013885498046875 0.109428405761719 0.046478271484375 0.114944458007813
0.066436767578125 0.102439880371094 0.0395584106445313 0.0953521728515625
0.0992965698242188 0.0206680297851563 0.0611114501953125 0.0638427734375
0.078857421875 -0.0415267944335938 0.0568351745605469 0.0284576416015625
0.0152969360351563 -0.0839004516601563 0.0375556945800781 0.00360870361328125
-0.0301513671875 -0.0804977416992188 0.0277137756347656 0.0142784118652344
-0.0309066772460938 -0.0750656127929688 0.027435302734375 0.0352554321289063
-0.047607421875 -0.0801467895507813 0.0285530090332031 0.0487327575683594
-0.0250244140625 -0.0865097045898437 0.00464248657226562 0.0659637451171875
0.0280914306640625 -0.0921096801757813 -0.01519775390625 0.0613899230957031
0.0778045654296875 -0.0560379028320312 -0.0418472290039062 0.0282173156738281
0.10052490234375 0.0418701171875 -0.039825439453125 -0.0108146667480469
0.0607452392578125 0.0921554565429688 0.0146303176879883 -0.00615215301513671
-0.00185394287109375 0.115028381347656 -0.000595092773437499 0.0865859985351563
-0.0484466552734375 0.0413589477539063 0.0724258422851562 0.136634826660156
-0.0300140380859375 0.0628929138183594 0.0448532104492188 0.128616333007813
0.0192184448242188 0.0748214721679688 0.0301513671875 0.090362548828125
0.0579185485839844 0.0275611877441406 0.0445137023925781 0.0697059631347656
0.0536041259765625 -0.0174331665039063 0.0433616638183594 0.0431938171386719
0.0164833068847656 -0.0547866821289063 0.0395088195800781 0.0282669067382813
-0.0148544311523438 -0.0570831298828125 0.0430717468261719 0.035430908203125
-0.016510009765625 -0.0546989440917969 0.0440139770507813 0.0510520935058594
-0.0287628173828125 -0.0623970031738281 0.0441932678222656 0.0673599243164063
-0.0118217468261719 -0.0673408508300781 0.0135726928710937 0.0860214233398438
0.0305862426757813 -0.0675811767578125 -0.016143798828125 0.078155517578125
0.0657920837402344 -0.0323333740234375 -0.0478553771972656 0.0398139953613281
0.0675277709960938 0.0495376586914063 -0.0425453186035156 -0.0058135986328125
0.0193252563476562 0.0795974731445313 0.0184898376464844 0.0111827850341797
-0.0353851318359375 0.0726547241210937 -0.00639343261718751 0.117233276367187
0.0555915832519531 -0.00726699829101562 -0.00254058837890625 -0.13372802734375
0.010498046875 -0.0499267578125 -0.0206222534179687 -0.0245170593261719
-0.0315132141113281 -0.0359954833984375 0.0515251159667969 0.0104293823242187
-0.037933349609375 0.00338363647460937 0.0717239379882813 -0.0468902587890625
-0.0228786468505859 0.0273151397705078 0.0283889770507813 -0.0911712646484375
0.0021514892578125 0.03826904296875 -0.0253753662109375 -0.100273132324219
0.00648880004882813 0.0304603576660156 -0.0645904541015625 -0.0790786743164063
0.00403976440429688 0.0272636413574219 -0.0587043762207031 -0.05572509765625
0.00114822387695312 0.0301113128662109 -0.0541000366210937 -0.0432243347167969
-0.0160999298095703 0.0206108093261719 -0.0450897216796875 -0.043731689453125
-0.0266151428222656 -0.00249671936035157 -0.0436515808105469 -0.0456352233886719
-0.0118904113769531 -0.0324840545654297 -0.0410194396972656 -0.0674705505371094
0.028045654296875 -0.0378227233886719 -0.0281906127929688 -0.0942611694335938
0.058258056640625 -0.0137748718261719 -0.0491104125976563 -0.124977111816406
0.0654487609863281 0.0189743041992188 -0.0653533935546875 -0.150680541992188
0.0724258422851563 0.053863525390625 0.0203170776367188 -0.133735656738281
0.0461616516113281 -0.0106658935546875 -0.00872421264648437 -0.0278472900390625
0.02130126953125 -0.0251617431640625 0.060028076171875 0.018157958984375
-0.00146675109863281 -0.0190868377685547 0.0850296020507813 -0.0444488525390625
-0.00649929046630859 -0.0089263916015625 0.0437469482421875 -0.0957489013671875
-0.010289192199707 0.000237464904785157 -0.0205459594726563 -0.10992431640625
-0.0183982849121094 -0.00162887573242188 -0.0655899047851562 -0.084136962890625
-0.0157499313354492 -0.00496768951416016 -0.0586662292480469 -0.0533866882324219
-0.0199832916259766 -0.00433540344238282 -0.055084228515625 -0.041839599609375
-0.0206298828125 -0.0159626007080078 -0.0473213195800781 -0.0390777587890625
-0.0069732666015625 -0.0343742370605469 -0.0440902709960938 -0.0382881164550781
0.0253791809082031 -0.0431632995605469 -0.0413589477539063 -0.05999755859375
0.0682296752929688 -0.0107803344726563 -0.0322036743164062 -0.0810623168945313
0.0862503051757813 0.0289688110351563 -0.04998779296875 -0.10968017578125
0.0766525268554688 0.077972412109375 -0.0564498901367187 -0.131454467773438
0.074249267578125 0.112106323242188 0.0473709106445313 -0.11163330078125
0.0722885131835938 0.0392532348632813 0.00941467285156251 -0.0158452987670898
0.0760726928710938 0.00048828125 0.06915283203125 0.0329208374023438
0.0458450317382813 -0.0355377197265625 0.098175048828125 -0.0324172973632813
0.0182380676269531 -0.0441169738769531 0.0612106323242188 -0.0881195068359375
-0.0166473388671875 -0.0406951904296875 -0.0093536376953125 -0.108230590820312
-0.0380401611328125 -0.035186767578125 -0.0562057495117187 -0.07940673828125
-0.0319862365722656 -0.0361328125 -0.0501174926757813 -0.0433883666992187
-0.0402984619140625 -0.0357742309570313 -0.0478706359863281 -0.0308036804199219
-0.027587890625 -0.0482521057128906 -0.0458488464355469 -0.024261474609375
0.00452041625976563 -0.0645637512207031 -0.0431900024414062 -0.0226058959960938
0.0515823364257813 -0.0605354309082031 -0.0450477600097656 -0.0450553894042969
0.102340698242188 0.00115966796875 -0.0390396118164062 -0.0642280578613281
0.111991882324219 0.0568008422851563 -0.0467453002929687 -0.0887222290039063
0.0836334228515625 0.120491027832031 -0.0460586547851562 -0.0954513549804687
0.059051513671875 0.154190063476563 0.070343017578125 -0.0666351318359375
0.0814971923828125 0.0899887084960938 0.0275650024414063 0.0115737915039063
0.118316650390625 0.0384292602539063 0.0730514526367188 0.0538787841796875
0.0919189453125 -0.0379180908203125 0.105735778808594 -0.0101470947265625
0.0486907958984375 -0.0690116882324219 0.0747604370117188 -0.0676193237304688
-0.0145416259765625 -0.075408935546875 0.00597381591796876 -0.0930023193359375
-0.0507392883300781 -0.0639991760253906 -0.0387916564941406 -0.064727783203125
-0.0435905456542969 -0.062103271484375 -0.0348072052001953 -0.0264072418212891
-0.05712890625 -0.0618667602539063 -0.0337791442871094 -0.0139102935791016
-0.0364837646484375 -0.0730514526367188 -0.037139892578125 -0.00305557250976563
0.00900268554687501 -0.0898513793945313 -0.0383224487304688 -0.0010528564453125
0.0655288696289063 -0.076416015625 -0.04632568359375 -0.02496337890625
0.124664306640625 0.00472259521484375 -0.0428733825683594 -0.0465202331542969
0.12591552734375 0.07098388671875 -0.0349845886230469 -0.0656852722167969
0.080413818359375 0.144943237304688 -0.0316390991210937 -0.0498924255371094
0.03369140625 0.16827392578125 0.0846939086914063 -0.00807189941406249
0.0689773559570313 0.125785827636719 0.0418930053710938 0.04718017578125
0.132911682128906 0.0762252807617188 0.0687255859375 0.0751953125
0.122276306152344 -0.0246505737304688 0.101593017578125 0.0184860229492188
0.0746536254882813 -0.077117919921875 0.0793380737304688 -0.0349960327148438
-0.00696563720703124 -0.0970611572265625 0.0204315185546875 -0.0658988952636719
-0.0531768798828125 -0.082977294921875 -0.0163345336914063 -0.0416221618652344
-0.0481948852539063 -0.0782470703125 -0.0138072967529297 -0.00557327270507813
-0.0663528442382813 -0.0772628784179687 -0.01312255859375 0.00666236877441406
-0.0418853759765625 -0.0885086059570313 -0.0229148864746094 0.0208568572998047
0.0109634399414062 -0.105064392089844 -0.0290813446044922 0.0214366912841797
0.0737838745117188 -0.0832901000976563 -0.0439834594726562 -0.00447082519531251
0.131668090820312 0.00926971435546875 -0.0432395935058594 -0.0310173034667969
0.122856140136719 0.079742431640625 -0.0178871154785156 -0.0459327697753906
0.0663299560546875 0.151138305664063 -0.0153465270996094 -0.00162506103515624
0.00445556640625 0.15301513671875 0.0892486572265625 0.05377197265625
0.0398635864257812 0.132919311523438 0.0492706298828125 0.0841445922851563
0.11566162109375 0.0999832153320312 0.0580902099609375 0.0898971557617188
0.125343322753906 -0.00397491455078125 0.086090087890625 0.0432586669921875
0.0850677490234375 -0.0680465698242188 0.0725860595703125 -0.00260162353515625
0.00246429443359374 -0.100372314453125 0.0311546325683594 -0.0312232971191406
-0.0483932495117188 -0.0872650146484375 0.00765037536621094 -0.0136260986328125
-0.0456008911132812 -0.0817642211914063 0.00904750823974609 0.0160837173461914
-0.065185546875 -0.0824661254882812 0.00915336608886718 0.0277061462402344
-0.040802001953125 -0.0917205810546875 -0.00609207153320312 0.0440635681152344
0.0163192749023438 -0.106193542480469 -0.0191650390625 0.0427131652832031
0.0757293701171875 -0.0775299072265625 -0.0414543151855469 0.0136528015136719
0.124420166015625 0.0204315185546875 -0.0413665771484375 -0.0190277099609375
0.101470947265625 0.085784912109375 0.00108337402343751 -0.0272979736328125
0.040374755859375 0.141433715820313 -0.000610351562500002 0.0447883605957031
-0.0237045288085937 0.107894897460938 0.0876007080078125 0.103515625
0.00496673583984375 0.110710144042969 0.0517654418945313 0.112586975097656
0.0739974975585938 0.0988998413085938 0.0450515747070313 0.0944595336914063
0.100990295410156 0.0144577026367188 0.0663490295410156 0.0613822937011719
0.0768203735351563 -0.047515869140625 0.0594215393066406 0.0246734619140625
0.009552001953125 -0.0854263305664063 0.0375785827636719 0.00110626220703124
-0.0365676879882812 -0.0786666870117188 0.0293083190917969 0.0127334594726562
-0.0359115600585937 -0.0739669799804688 0.03045654296875 0.0348434448242188
-0.0538787841796875 -0.0772018432617188 0.0312385559082031 0.0475502014160156
-0.031890869140625 -0.0849075317382813 0.00837326049804687 0.0665740966796875
0.0215225219726563 -0.0941619873046875 -0.0122642517089844 0.0620651245117187
0.0736618041992188 -0.0609588623046875 -0.0412101745605469 0.0298042297363281
0.104248046875 0.0353317260742188 -0.041015625 -0.0098876953125
0.066864013671875 0.0882339477539063 0.0138463973999023 -0.00859832763671874
0.00587463378906249 0.116462707519531 0.0053863525390625 0.0867385864257813
-0.045654296875 0.0446357727050781 0.079986572265625 0.133583068847656
-0.025970458984375 0.0667343139648438 0.0511932373046875 0.127365112304688
0.0250167846679688 0.0739898681640625 0.0354690551757813 0.0906143188476562
0.0599784851074219 0.0239601135253906 0.0499534606933594 0.0680351257324219
0.0532760620117187 -0.0214958190917969 0.0468559265136719 0.04083251953125
0.0117568969726563 -0.0560531616210938 0.0412788391113281 0.0256309509277344
-0.0191764831542969 -0.0559272766113281 0.0453567504882813 0.033111572265625
-0.0212440490722656 -0.0542793273925781 0.0475616455078125 0.0485191345214844
-0.0330276489257813 -0.0594749450683594 0.0485115051269531 0.0655746459960938
-0.0173721313476563 -0.065826416015625 0.0185928344726563 0.0860366821289062
0.0256195068359375 -0.0702857971191406 -0.0116195678710938 0.078704833984375
0.0638465881347656 -0.0363998413085938 -0.0455093383789062 0.0423774719238281
0.0715713500976563 0.0453109741210938 -0.04345703125 -0.00463104248046874
0.0244827270507812 0.0782241821289063 0.0191421508789063 0.00840377807617188
-0.0306320190429687 0.0749053955078125 -0.000343322753906263 0.1177978515625
0.0546302795410156 -0.0103683471679688 -0.0086822509765625 -0.131744384765625
0.00795364379882812 -0.048858642578125 -0.0223102569580078 -0.0219306945800781
-0.0333080291748047 -0.0339145660400391 0.0514144897460937 0.00905990600585937
-0.0380210876464844 0.00491714477539063 0.0693893432617188 -0.0481300354003906
-0.0216884613037109 0.0280551910400391 0.0253372192382812 -0.0906906127929688
0.00432968139648437 0.03704833984375 -0.0276107788085938 -0.0977706909179688
0.00887298583984375 0.0299663543701172 -0.0668182373046875 -0.075653076171875
0.00538253784179687 0.0261306762695313 -0.0597114562988281 -0.0531768798828125
0.0030670166015625 0.0279827117919922 -0.0556297302246094 -0.0406112670898437
-0.0144309997558594 0.0209712982177734 -0.0465049743652344 -0.0410385131835938
-0.0261783599853516 -0.000932693481445308 -0.0447425842285156 -0.0442924499511719
-0.0134983062744141 -0.0317420959472656 -0.0436248779296875 -0.0662612915039063
0.0252456665039063 -0.038787841796875 -0.0313720703125 -0.0921173095703125
0.0559463500976563 -0.016021728515625 -0.05279541015625 -0.120048522949219
0.0658836364746094 0.0152091979980469 -0.0699615478515625 -0.146881103515625
0.0745925903320313 0.0496139526367187 0.0146484375 -0.133544921875
0.0451278686523437 -0.0118484497070312 -0.0107326507568359 -0.0253887176513672
0.0193939208984375 -0.0250244140625 0.0608787536621094 0.0161705017089844
-0.00211906433105469 -0.0191841125488281 0.0824661254882812 -0.0465545654296875
-0.00742530822753906 -0.00876855850219727 0.0394973754882813 -0.095855712890625
-0.00988006591796875 0.000657081604003908 -0.024505615234375 -0.107559204101562
-0.0176906585693359 -0.000259399414062498 -0.0678939819335938 -0.0802078247070313
-0.01519775390625 -0.00401782989501953 -0.0593223571777344 -0.0508499145507812
-0.0190620422363281 -0.00348281860351562 -0.0560073852539063 -0.0388069152832031
-0.0199794769287109 -0.0138187408447266 -0.048553466796875 -0.0368385314941406
-0.00799751281738281 -0.0326385498046875 -0.045166015625 -0.036773681640625
0.0230140686035156 -0.0439872741699219 -0.0446281433105469 -0.058624267578125
0.0663223266601563 -0.013916015625 -0.0357437133789062 -0.0793609619140625
0.086029052734375 0.0249252319335938 -0.053436279296875 -0.106925964355469
0.0795516967773438 0.0733718872070313 -0.0611495971679688 -0.128257751464844
0.0782089233398438 0.107688903808594 0.0418930053710937 -0.112480163574219
0.072662353515625 0.0368728637695313 0.00672149658203126 -0.0144138336181641
0.0746307373046875 -0.0027313232421875 0.0697898864746094 0.0310516357421875
0.042724609375 -0.0365638732910156 0.096649169921875 -0.0349578857421875
0.0164604187011719 -0.0445365905761719 0.0578079223632813 -0.089263916015625
-0.0174217224121094 -0.0386009216308594 -0.0133209228515625 -0.106575012207031
-0.0388107299804687 -0.0323448181152344 -0.0590896606445313 -0.0755996704101562
-0.0329704284667969 -0.0347957611083984 -0.0504646301269531 -0.0405426025390625
-0.0413246154785156 -0.0338363647460937 -0.0483474731445313 -0.0279388427734375
-0.0286521911621094 -0.0452041625976563 -0.0459785461425781 -0.0219230651855469
0.00204849243164063 -0.0626602172851563 -0.0442123413085938 -0.020843505859375
0.0480918884277344 -0.061370849609375 -0.0478096008300781 -0.0440139770507813
0.10113525390625 -0.00337982177734375 -0.0413627624511719 -0.0628242492675781
0.11163330078125 0.05084228515625 -0.0494003295898437 -0.0859298706054688
0.08782958984375 0.116188049316406 -0.0493240356445312 -0.0933914184570312
0.0648956298828125 0.149612426757813 0.0658683776855469 -0.0688362121582031
0.0831375122070313 0.086578369140625 0.0253009796142578 0.0109577178955078
0.11846923828125 0.0324783325195313 0.0751571655273438 0.0514678955078125
0.088836669921875 -0.0407028198242188 0.104225158691406 -0.0131454467773438
0.0456008911132813 -0.0711669921875 0.0719223022460938 -0.0691070556640625
-0.017364501953125 -0.0731887817382812 0.00206756591796874 -0.0916976928710937
-0.0523452758789063 -0.0604934692382812 -0.040374755859375 -0.061981201171875
-0.0455589294433594 -0.0593223571777344 -0.0341053009033203 -0.0244274139404297
-0.0593070983886719 -0.0574493408203125 -0.0340328216552735 -0.0116596221923828
-0.0390472412109375 -0.0694198608398438 -0.0368576049804688 -0.000888824462890621
0.00495910644531251 -0.0886459350585938 -0.038543701171875 -0.000102996826171886
0.0616683959960937 -0.07806396484375 -0.0483665466308594 -0.0242042541503906
0.123786926269531 -0.00032806396484375 -0.0444297790527344 -0.0452308654785156
0.126747131347656 0.0644989013671875 -0.0375709533691406 -0.0652923583984375
0.0864944458007813 0.140022277832031 -0.0330162048339844 -0.0487556457519531
0.0405731201171875 0.165573120117188 0.0824661254882812 -0.0116195678710937
0.072235107421875 0.122123718261719 0.040771484375 0.0451622009277344
0.134765625 0.0701980590820313 0.0719680786132813 0.0730438232421875
0.11968994140625 -0.0296859741210938 0.10162353515625 0.0147018432617187
0.0708999633789063 -0.0802078247070313 0.0777359008789063 -0.0386199951171875
-0.0103378295898438 -0.0952377319335938 0.0176773071289063 -0.0650596618652344
-0.0567169189453125 -0.0785675048828125 -0.0176048278808594 -0.0400276184082031
-0.0511245727539062 -0.0749969482421875 -0.0133895874023438 -0.00465869903564453
-0.0687026977539063 -0.07305908203125 -0.0133304595947266 0.00831890106201172
-0.04522705078125 -0.0840835571289063 -0.0221786499023438 0.0219268798828125
0.0060272216796875 -0.103050231933594 -0.0283641815185547 0.0225811004638672
0.0682220458984375 -0.085205078125 -0.0455245971679687 -0.00399017333984375
0.130226135253906 0.0040740966796875 -0.0442276000976563 -0.0301437377929688
0.12347412109375 0.0735855102539062 -0.0201911926269531 -0.0454788208007812
0.072296142578125 0.146575927734375 -0.014521598815918 -0.00165176391601562
0.0109710693359375 0.150955200195313 0.0891036987304688 0.0489578247070313
0.044281005859375 0.130424499511719 0.050567626953125 0.081512451171875
0.117988586425781 0.094818115234375 0.0607986450195313 0.0879745483398438
0.123855590820313 -0.0089874267578125 0.0879592895507813 0.0412216186523438
0.0815200805664063 -0.0723114013671875 0.0720138549804688 -0.005462646484375
-0.00166320800781249 -0.0988998413085938 0.0292243957519531 -0.0313453674316406
-0.0519256591796875 -0.0839920043945312 0.00723171234130859 -0.0136251449584961
-0.049041748046875 -0.0795516967773437 0.0101137161254883 0.0149240493774414
-0.067779541015625 -0.0779800415039063 0.0104141235351562 0.0280418395996094
-0.0443496704101563 -0.0874786376953125 -0.0048370361328125 0.0449790954589844
0.0110702514648437 -0.104766845703125 -0.0175857543945313 0.04302978515625
0.0707244873046875 -0.0801239013671875 -0.0411643981933594 0.0144424438476562
0.1236572265625 0.0151290893554688 -0.0425605773925781 -0.0181617736816406
0.103340148925781 0.0803985595703125 -0.000782012939453119 -0.027923583984375
0.0460586547851562 0.138145446777344 0.000682830810546875 0.0431251525878906
-0.0188140869140625 0.107955932617187 0.08917236328125 0.09832763671875
0.008758544921875 0.10943603515625 0.0539169311523437 0.109207153320312
0.0779571533203125 0.0943222045898438 0.0482025146484375 0.0926132202148438
0.100593566894531 0.010040283203125 0.0679092407226563 0.0585060119628906
0.0745620727539063 -0.0499420166015625 0.0602874755859375 0.0225028991699219
0.00511169433593751 -0.0832748413085938 0.0368232727050781 0.000450134277343745
-0.0398483276367187 -0.0741729736328125 0.0292110443115234 0.0117473602294922
-0.03961181640625 -0.0710601806640625 0.0324916839599609 0.0327968597412109
-0.0567703247070313 -0.07269287109375 0.0324668884277344 0.0470733642578125
-0.0350418090820313 -0.081085205078125 0.0104560852050781 0.0659523010253906
0.0168533325195312 -0.09326171875 -0.0100593566894531 0.0618515014648437
0.0700531005859375 -0.0633277893066406 -0.0409927368164062 0.0301322937011719
0.104766845703125 0.0304794311523438 -0.0414886474609375 -0.00952911376953124
0.0688629150390625 0.0842361450195313 0.0131044387817383 -0.0107040405273437
0.0109100341796875 0.115493774414063 0.00875091552734375 0.0841445922851563
-0.0437049865722656 0.0460662841796875 0.0829010009765625 0.128341674804688
-0.0234527587890625 0.0672111511230469 0.054229736328125 0.12286376953125
0.0284500122070312 0.07269287109375 0.0380020141601562 0.0885772705078125
0.0604095458984375 0.0205726623535156 0.0527572631835938 0.0654487609863281
0.051513671875 -0.0241355895996094 0.04840087890625 0.0388221740722656
0.00925064086914062 -0.0551681518554688 0.0415077209472656 0.0240516662597656
-0.0225715637207031 -0.0535926818847656 0.0464973449707031 0.0309295654296875
-0.0235328674316406 -0.0522346496582031 0.0499305725097656 0.0456962585449219
-0.0363845825195312 -0.0569992065429688 0.0500907897949219 0.0632171630859375
-0.0206832885742188 -0.0630912780761719 0.0212860107421875 0.0850067138671875
0.0217971801757812 -0.0702743530273438 -0.00874328613281251 0.0777053833007812
0.0610847473144531 -0.0394020080566406 -0.044342041015625 0.043304443359375
0.0726852416992187 0.0423126220703125 -0.0436630249023438 -0.00386428833007812
0.0265655517578125 0.0766754150390625 0.0191364288330078 0.00600242614746094
-0.0269927978515625 0.0761871337890625 0.00511932373046876 0.115867614746094
0.05389404296875 -0.0125274658203125 -0.0114593505859375 -0.130241394042969
0.00687789916992187 -0.0484619140625 -0.022369384765625 -0.0196056365966797
-0.0342483520507813 -0.0320014953613281 0.051788330078125 0.00865936279296875
-0.0376853942871094 0.00624847412109376 0.06805419921875 -0.0483512878417969
-0.0204277038574219 0.0288105010986328 0.02459716796875 -0.0892868041992188
0.00601959228515625 0.0369529724121094 -0.0285720825195312 -0.0969772338867188
0.0100193023681641 0.0288639068603516 -0.0675506591796875 -0.0737075805664063
0.00617027282714844 0.0249900817871094 -0.0602340698242188 -0.0520248413085938
0.00432205200195312 0.0274085998535156 -0.0552864074707031 -0.0389747619628906
-0.0129013061523437 0.0208873748779297 -0.0466766357421875 -0.0402984619140625
-0.0250396728515625 0.000413894653320311 -0.0457038879394531 -0.0439033508300781
-0.0147705078125 -0.0306587219238281 -0.0446014404296875 -0.0656967163085938
0.024017333984375 -0.0386009216308594 -0.0321426391601563 -0.0903854370117188
0.0552482604980469 -0.0166740417480469 -0.0525588989257813 -0.118942260742187
0.0658760070800781 0.0131607055664063 -0.07147216796875 -0.1439208984375
0.0745086669921875 0.046905517578125 0.0109481811523438 -0.132171630859375
0.0437431335449219 -0.0123558044433594 -0.0119686126708984 -0.0230140686035156
0.0183258056640625 -0.0252819061279297 0.0609474182128906 0.0158615112304688
-0.00350189208984375 -0.0187034606933594 0.0820159912109375 -0.0470504760742188
-0.00739097595214844 -0.00817632675170898 0.038482666015625 -0.095245361328125
-0.00897502899169922 0.00173091888427735 -0.0253524780273437 -0.105995178222656
-0.0166196823120117 0.000300407409667972 -0.0686798095703125 -0.0777359008789063
-0.0149726867675781 -0.00465011596679687 -0.0596427917480469 -0.0498275756835938
-0.0188999176025391 -0.00358009338378906 -0.0554466247558594 -0.037628173828125
-0.0184593200683594 -0.0128135681152344 -0.0489883422851563 -0.0355911254882813
-0.00786399841308594 -0.0307445526123047 -0.0456504821777344 -0.0363082885742188
0.0214347839355469 -0.0440559387207031 -0.0458908081054687 -0.0586280822753906
0.0650215148925781 -0.0150794982910156 -0.0360565185546875 -0.0783920288085938
0.0847549438476563 0.02313232421875 -0.0539016723632813 -0.104660034179688
0.0802993774414063 0.0709457397460938 -0.0621185302734375 -0.126785278320313
0.0798492431640625 0.104934692382813 0.0380096435546875 -0.112205505371094
0.0720901489257813 0.035919189453125 0.00481319427490235 -0.0129852294921875
0.0735092163085938 -0.00391387939453125 0.070465087890625 0.030426025390625
0.0413818359375 -0.0365791320800781 0.0964889526367188 -0.03570556640625
0.0154571533203125 -0.0443611145019531 0.0560531616210938 -0.0893173217773438
-0.0178642272949219 -0.0368194580078125 -0.0143280029296875 -0.104827880859375
-0.0390777587890625 -0.030426025390625 -0.0593185424804687 -0.07391357421875
-0.0328502655029297 -0.0341205596923828 -0.0500755310058594 -0.0396308898925781
-0.0409812927246094 -0.0325431823730469 -0.0489044189453125 -0.0266647338867188
-0.0284500122070312 -0.0435905456542969 -0.046051025390625 -0.0206756591796875
0.00059890747070313 -0.0616302490234375 -0.0446968078613281 -0.0204238891601563
0.0463905334472656 -0.06182861328125 -0.0493316650390625 -0.0436630249023438
0.0994033813476563 -0.004669189453125 -0.0423698425292969 -0.0625877380371094
0.110588073730469 0.0482711791992188 -0.0500946044921875 -0.085113525390625
0.0887527465820312 0.113533020019531 -0.0505752563476563 -0.0922470092773437
0.0675811767578125 0.147476196289063 0.062713623046875 -0.0696296691894531
0.0831069946289063 0.0851974487304688 0.0233974456787109 0.0111484527587891
0.11822509765625 0.03082275390625 0.0762786865234375 0.0515060424804687
0.0873565673828125 -0.041778564453125 0.104469299316406 -0.01324462890625
0.043548583984375 -0.0715713500976562 0.0704879760742188 -0.07000732421875
-0.0187759399414062 -0.0719146728515625 0.000747680664062507 -0.09063720703125
-0.0527000427246094 -0.0576515197753906 -0.0412673950195313 -0.0599594116210938
-0.0458946228027344 -0.0582389831542969 -0.0334110260009766 -0.0234546661376953
-0.0589981079101563 -0.0552558898925781 -0.0335121154785156 -0.0100574493408203
-0.0387191772460938 -0.0666732788085938 -0.0367393493652344 -0.000289916992187505
0.00351715087890625 -0.08673095703125 -0.0385475158691406 0.000476837158203123
0.0599441528320313 -0.0788192749023438 -0.0492401123046875 -0.023956298828125
0.122077941894531 -0.00301361083984375 -0.0461692810058594 -0.0454635620117188
0.125030517578125 0.0615921020507812 -0.0388717651367187 -0.0641746520996094
0.0882186889648438 0.137603759765625 -0.0338973999023438 -0.0488967895507812
0.043060302734375 0.16326904296875 0.0797882080078125 -0.0133590698242187
0.0721511840820313 0.121223449707031 0.0389900207519531 0.044921875
0.135833740234375 0.0668716430664063 0.072998046875 0.0725860595703125
0.117927551269531 -0.0308761596679687 0.101150512695313 0.0142593383789062
0.0685806274414063 -0.08160400390625 0.07635498046875 -0.039703369140625
-0.01190185546875 -0.0928878784179687 0.0160484313964844 -0.0642890930175781
-0.0577774047851563 -0.0751419067382813 -0.0183448791503906 -0.0389022827148438
-0.0522689819335938 -0.073028564453125 -0.0120038986206055 -0.00426769256591797
-0.068878173828125 -0.0701522827148437 -0.0126819610595703 0.009033203125
-0.0462799072265625 -0.0812301635742187 -0.0217857360839844 0.0233554840087891
0.00421142578124999 -0.101593017578125 -0.0286617279052734 0.022979736328125
0.0661087036132813 -0.0857391357421875 -0.0460929870605469 -0.00397491455078126
0.129547119140625 0.00153350830078125 -0.0449943542480469 -0.0303382873535156
0.122940063476563 0.0699234008789063 -0.0209693908691406 -0.0455474853515625
0.0746002197265625 0.144805908203125 -0.0145168304443359 -0.00269126892089843
0.0137176513671875 0.149337768554688 0.0882797241210938 0.0470657348632813
0.0451431274414063 0.129501342773438 0.0488510131835938 0.080322265625
0.120170593261719 0.0909271240234375 0.0624542236328125 0.0878372192382812
0.122360229492188 -0.0114517211914063 0.0876312255859375 0.0395050048828125
0.079620361328125 -0.0731124877929688 0.0718841552734375 -0.006195068359375
-0.00383758544921874 -0.0967178344726563 0.0278587341308594 -0.031524658203125
-0.0537338256835937 -0.080291748046875 0.00684642791748047 -0.0128421783447266
-0.0502700805664062 -0.0767364501953125 0.0113840103149414 0.0147457122802734
-0.0689926147460938 -0.0750350952148437 0.0103778839111328 0.0287113189697266
-0.0451889038085938 -0.084136962890625 -0.00444793701171876 0.0453834533691406
0.00758361816406249 -0.103599548339844 -0.0174598693847656 0.042877197265625
0.06866455078125 -0.0807571411132813 -0.0425224304199219 0.014373779296875
0.122589111328125 0.0123748779296875 -0.0430755615234375 -0.0192031860351563
0.102752685546875 0.0775299072265625 -0.00199699401855468 -0.0289344787597656
0.04803466796875 0.137100219726563 0.0014495849609375 0.042449951171875
-0.0166397094726562 0.107208251953125 0.0886993408203125 0.0956039428710938
0.01031494140625 0.108879089355469 0.0532608032226562 0.107414245605469
0.08013916015625 0.0924606323242188 0.049072265625 0.0919265747070313
0.0997467041015625 0.0077667236328125 0.0688705444335938 0.0574417114257813
0.0728073120117188 -0.0518722534179688 0.0603675842285156 0.021392822265625
0.00366210937499999 -0.081939697265625 0.0360527038574219 0.000221252441406245
-0.0420074462890625 -0.071685791015625 0.0290699005126953 0.0114688873291016
-0.0409088134765625 -0.0695304870605469 0.0331668853759766 0.0322189331054687
-0.058074951171875 -0.0696983337402344 0.0327568054199219 0.0465087890625
-0.0366973876953125 -0.0783920288085938 0.0109672546386719 0.0657882690429688
0.0136184692382813 -0.0923919677734375 -0.0101814270019531 0.0610389709472656
0.0677032470703125 -0.0640754699707031 -0.0405616760253906 0.0300712585449219
0.103981018066406 0.0289382934570313 -0.0423431396484375 -0.00965499877929688
0.0692672729492188 0.0819549560546875 0.0122041702270508 -0.0121726989746094
0.01263427734375 0.114295959472656 0.00990295410156251 0.0827178955078125
-0.0430221557617187 0.0470848083496094 0.0833511352539063 0.12603759765625
-0.02166748046875 0.0671348571777344 0.0541839599609375 0.120346069335938
0.0306549072265625 0.0717239379882813 0.0390853881835938 0.0877761840820312
0.0594673156738281 0.0188064575195312 0.0526695251464844 0.0650520324707031
0.0512733459472656 -0.0253715515136719 0.0492477416992188 0.0380401611328125
0.0081939697265625 -0.054046630859375 0.0407447814941406 0.0230445861816406
-0.023773193359375 -0.0519218444824219 0.0467453002929687 0.0301361083984375
-0.0248069763183594 -0.051422119140625 0.0502052307128906 0.0453605651855469
-0.0374908447265625 -0.0554428100585938 0.05035400390625 0.0626678466796875
-0.0222282409667969 -0.0615615844726563 0.022003173828125 0.0844650268554688
0.0193901062011719 -0.0700454711914063 -0.008270263671875 0.0770950317382813
0.0593299865722656 -0.0402679443359375 -0.0434989929199219 0.0428276062011719
0.07305908203125 0.0395736694335938 -0.0447349548339844 -0.0045928955078125
0.02752685546875 0.0749588012695313 0.0187435150146484 0.00416946411132813
-0.0249710083007813 0.0761260986328125 0.007659912109375 0.113540649414063
0.0543556213378906 -0.013519287109375 -0.0123443603515625 -0.130661010742188
0.00648117065429687 -0.0484237670898438 -0.0227470397949219 -0.0185356140136719
-0.0347137451171875 -0.0316009521484375 0.0525856018066406 0.00902938842773437
-0.0388832092285156 0.00703811645507812 0.0698699951171875 -0.0486373901367188
-0.0212554931640625 0.0293045043945313 0.0256805419921875 -0.089996337890625
0.00728607177734375 0.0369644165039063 -0.0278701782226562 -0.0980911254882813
0.0117435455322266 0.0285682678222656 -0.068328857421875 -0.0738983154296875
0.00698661804199219 0.0241146087646484 -0.0613555908203125 -0.0527496337890625
0.00449752807617188 0.0263786315917969 -0.0565299987792969 -0.0400848388671875
-0.0112018585205078 0.0203723907470703 -0.0473251342773437 -0.0406723022460938
-0.0248908996582031 0.00113677978515625 -0.0468025207519531 -0.04486083984375
-0.0151004791259766 -0.0307693481445313 -0.0460586547851563 -0.0668411254882813
0.0236358642578125 -0.0384368896484375 -0.0312118530273438 -0.0915756225585937
0.0555496215820312 -0.0172195434570312 -0.052276611328125 -0.119575500488281
0.0662040710449219 0.0122947692871094 -0.072296142578125 -0.145538330078125
0.075439453125 0.0467987060546875 0.00994873046875 -0.133445739746094
0.0440902709960937 -0.0120811462402344 -0.0130329132080078 -0.0219650268554688
0.0181236267089844 -0.0250568389892578 0.0626220703125 0.0167312622070313
-0.00408744812011719 -0.0183067321777344 0.0831680297851563 -0.0470428466796875
-0.0078878402709961 -0.00786066055297852 0.0398025512695312 -0.0960922241210938
-0.00853824615478515 0.00185918807983398 -0.0252609252929688 -0.107070922851563
-0.0158939361572266 0.000395774841308591 -0.0690689086914063 -0.0782699584960938
-0.0148849487304688 -0.00444793701171875 -0.0601615905761719 -0.0503616333007813
-0.0181350708007813 -0.00438690185546875 -0.0569229125976562 -0.0376548767089844
-0.0175838470458984 -0.0129547119140625 -0.04974365234375 -0.0360794067382813
-0.00771331787109375 -0.0302600860595703 -0.047027587890625 -0.0376358032226563
0.0215835571289063 -0.0435523986816406 -0.0471153259277344 -0.0596580505371094
0.0651092529296875 -0.0148849487304687 -0.0360565185546875 -0.0796051025390625
0.084869384765625 0.0234146118164063 -0.0540084838867187 -0.105674743652344
0.08062744140625 0.07159423828125 -0.0631256103515625 -0.12799072265625
0.0808334350585938 0.104660034179688 0.0365524291992188 -0.113143920898437
0.0724258422851563 0.0370101928710938 0.00346469879150391 -0.0115079879760742
0.074737548828125 -0.00399017333984375 0.0726242065429688 0.0319442749023438
0.0412826538085938 -0.0370712280273438 0.097900390625 -0.0357208251953125
0.0148239135742187 -0.0447654724121094 0.0568008422851562 -0.0901031494140625
-0.0175437927246094 -0.0370368957519531 -0.0147628784179688 -0.105873107910156
-0.0385055541992188 -0.02996826171875 -0.0596771240234375 -0.0743026733398437
-0.0335502624511719 -0.0344200134277344 -0.0503158569335938 -0.0402069091796875
-0.0408973693847656 -0.0327339172363281 -0.0491828918457031 -0.0270004272460938
-0.0281028747558594 -0.0434379577636719 -0.0469398498535156 -0.020782470703125
0.00139236450195313 -0.0616493225097656 -0.0458717346191406 -0.0213775634765625
0.046905517578125 -0.0615386962890625 -0.0507164001464844 -0.0447998046875
0.100044250488281 -0.00534820556640625 -0.042724609375 -0.063873291015625
0.111000061035156 0.04840087890625 -0.0511322021484375 -0.0864486694335938
0.0901870727539063 0.114822387695313 -0.051513671875 -0.0933837890625
0.0686798095703125 0.148635864257813 0.061981201171875 -0.0707321166992188
0.083404541015625 0.0866165161132813 0.0213947296142578 0.0125770568847656
0.120010375976563 0.0303268432617188 0.0773468017578125 0.0531005859375
0.0873260498046875 -0.0425262451171875 0.106216430664063 -0.01318359375
0.0437774658203125 -0.0725021362304688 0.0717926025390625 -0.0707321166992188
-0.0186386108398437 -0.0712814331054688 0.000823974609374995 -0.0912551879882813
-0.0533065795898437 -0.057098388671875 -0.0415725708007813 -0.0603904724121094
-0.0469970703125 -0.0586891174316406 -0.0330600738525391 -0.0242729187011719
-0.0598487854003906 -0.0556221008300781 -0.0336933135986328 -0.00964736938476563
-0.0389442443847656 -0.0660018920898438 -0.03753662109375 0.000568389892578119
0.00286102294921876 -0.0865936279296875 -0.0400924682617188 0.000549316406249994
0.0603866577148438 -0.0788497924804688 -0.0513877868652344 -0.0250320434570312
0.123458862304688 -0.0029449462890625 -0.04681396484375 -0.0469551086425781
0.126014709472656 0.0621414184570312 -0.0393257141113281 -0.0657119750976562
0.0899810791015625 0.139968872070313 -0.0347633361816406 -0.0498046875
0.0448455810546875 0.165359497070313 0.079620361328125 -0.0135879516601562
0.0725631713867187 0.122451782226563 0.0367240905761719 0.0457267761230469
0.13812255859375 0.0675888061523438 0.0747756958007813 0.07489013671875
0.1185302734375 -0.0312118530273437 0.103492736816406 0.0152206420898438
0.0690841674804688 -0.082855224609375 0.077362060546875 -0.0395965576171875
-0.0123825073242187 -0.0924911499023438 0.0156288146972656 -0.0644607543945313
-0.0581512451171875 -0.0745468139648438 -0.0184745788574219 -0.0381240844726563
-0.0530242919921875 -0.073516845703125 -0.0112380981445313 -0.00450706481933594
-0.0700798034667969 -0.0694580078125 -0.0129327774047852 0.00990104675292968
-0.0465621948242187 -0.079925537109375 -0.0222949981689453 0.0238246917724609
0.00341796874999999 -0.102134704589844 -0.0292835235595703 0.0226726531982422
0.065948486328125 -0.0870437622070313 -0.0478858947753906 -0.00510787963867188
0.131118774414063 0.00095367431640625 -0.0464973449707031 -0.0312309265136719
0.122932434082031 0.0702743530273438 -0.0216560363769531 -0.0463905334472656
0.0760498046875 0.146865844726563 -0.016139030456543 -0.0027942657470703
0.0140533447265625 0.1514892578125 0.08740234375 0.04718017578125
0.0450363159179688 0.131446838378906 0.0473709106445313 0.080596923828125
0.1220703125 0.0916748046875 0.0645370483398438 0.0892562866210938
0.123123168945313 -0.0113143920898438 0.08892822265625 0.0405197143554688
0.0799026489257813 -0.0747222900390625 0.0726547241210938 -0.00600433349609375
-0.00420379638671876 -0.0963973999023437 0.0276088714599609 -0.0308570861816406
-0.0554428100585937 -0.0789642333984375 0.00672340393066406 -0.0130653381347656
-0.0510940551757812 -0.0777740478515625 0.0127792358398437 0.0157871246337891
-0.07000732421875 -0.0743026733398438 0.0107975006103516 0.0295352935791016
-0.045562744140625 -0.0833816528320313 -0.00461196899414063 0.0466194152832031
0.0069732666015625 -0.103988647460938 -0.0182723999023438 0.0431861877441406
0.0685195922851563 -0.0818710327148438 -0.0435218811035156 0.0135383605957031
0.12457275390625 0.011993408203125 -0.0443954467773437 -0.019287109375
0.103233337402344 0.0777969360351563 -0.0025653839111328 -0.0295047760009766
0.0493392944335938 0.138359069824219 0.00107192993164063 0.0426979064941406
-0.0162277221679687 0.108680725097656 0.0883255004882813 0.0965805053710938
0.00989532470703124 0.110427856445312 0.0523300170898437 0.10772705078125
0.081787109375 0.0931625366210937 0.0499649047851563 0.0939254760742188
0.100608825683594 0.0073089599609375 0.0695304870605469 0.0583457946777344
0.0734786987304688 -0.0528717041015625 0.0621376037597656 0.0213279724121094
0.00289154052734375 -0.0819549560546875 0.0363044738769531 0.000526428222656245
-0.042938232421875 -0.0711746215820313 0.0292263031005859 0.0117034912109375
-0.0421104431152344 -0.0695304870605469 0.0342178344726563 0.0325241088867187
-0.0592117309570313 -0.0695419311523438 0.033172607421875 0.0479278564453125
-0.0369186401367187 -0.0772705078125 0.0112686157226562 0.0672187805175781
0.0127182006835938 -0.0936279296875 -0.0102310180664062 0.0615425109863281
0.0682830810546875 -0.0652084350585938 -0.0414276123046875 0.0293807983398437
0.105613708496094 0.027435302734375 -0.0438423156738281 -0.0104217529296875
0.0699539184570313 0.0826187133789063 0.0116786956787109 -0.0133333206176758
0.01385498046875 0.115341186523438 0.0102005004882813 0.08251953125
-0.0429534912109375 0.0476188659667969 0.0833816528320313 0.127006530761719
-0.0216903686523438 0.0680046081542969 0.0540618896484375 0.121475219726562
0.031890869140625 0.0716323852539063 0.0387420654296875 0.0889892578125
0.0605392456054688 0.0176887512207031 0.0536308288574219 0.0659370422363281
0.0515213012695313 -0.0261573791503906 0.04949951171875 0.0386276245117187
0.007659912109375 -0.0537071228027344 0.0412559509277344 0.0238456726074219
-0.0256156921386719 -0.0510215759277344 0.0469093322753906 0.0296630859375
-0.0268440246582031 -0.0519905090332031 0.0515708923339844 0.0452194213867188
-0.0391464233398438 -0.0549697875976563 0.0513572692871094 0.0641021728515625
-0.022491455078125 -0.061187744140625 0.0224456787109375 0.08544921875
0.0185623168945312 -0.0711288452148438 -0.00935363769531249 0.0780105590820312
0.059478759765625 -0.0410232543945313 -0.0452995300292969 0.0429801940917969
0.0745391845703125 0.0396957397460938 -0.0459976196289062 -0.00496292114257812
0.0275497436523437 0.07586669921875 0.0180644989013672 0.00300216674804688
-0.0241470336914062 0.076446533203125 0.00748443603515624 0.113601684570313
0.0555686950683594 -0.0148239135742188 -0.0154037475585938 -0.134376525878906
0.00612258911132813 -0.0503730773925781 -0.0237350463867188 -0.0169734954833984
-0.0363731384277344 -0.0317115783691406 0.0554046630859375 0.0095367431640625
-0.0401840209960937 0.00860977172851563 0.0723724365234375 -0.0503768920898438
-0.0211162567138672 0.0312099456787109 0.0265731811523438 -0.0926971435546875
0.00844192504882813 0.03778076171875 -0.028839111328125 -0.101676940917969
0.013336181640625 0.0284004211425781 -0.0708770751953125 -0.0768661499023438
0.00773429870605469 0.0247669219970703 -0.0642204284667969 -0.0546112060546875
0.00580024719238281 0.0266170501708984 -0.0593414306640625 -0.0405540466308594
-0.0106315612792969 0.0209827423095703 -0.0501327514648438 -0.0422019958496094
-0.0245914459228516 0.00135040283203125 -0.0498199462890625 -0.0468978881835938
-0.0164337158203125 -0.0309810638427734 -0.0486984252929688 -0.0691757202148438
0.0233497619628906 -0.0399284362792969 -0.0320053100585938 -0.0945892333984375
0.0569877624511719 -0.0185928344726563 -0.053863525390625 -0.12322998046875
0.0685958862304688 0.0121002197265625 -0.0755767822265625 -0.14923095703125
0.0786361694335938 0.046417236328125 0.00685882568359376 -0.137336730957031
0.0443992614746094 -0.0121650695800781 -0.0146026611328125 -0.0205001831054688
0.0184726715087891 -0.0252017974853516 0.065765380859375 0.0175743103027344
-0.00470256805419922 -0.017460823059082 0.0865554809570313 -0.0487747192382813
-0.00821113586425781 -0.00803184509277344 0.0404815673828125 -0.099609375
-0.00769615173339844 0.0020904541015625 -0.0265655517578125 -0.109649658203125
-0.014892578125 0.000434875488281249 -0.07232666015625 -0.0802841186523438
-0.0144433975219727 -0.00501918792724609 -0.062957763671875 -0.0516738891601563
-0.0182018280029297 -0.00456428527832031 -0.059051513671875 -0.0392112731933594
-0.0175189971923828 -0.0138130187988281 -0.0514373779296875 -0.0360527038574219
-0.00689888000488282 -0.0303878784179688 -0.0496444702148437 -0.0387535095214844
0.0216445922851562 -0.0449295043945312 -0.0501823425292969 -0.0621719360351563
0.0662117004394531 -0.0164451599121094 -0.03717041015625 -0.08251953125
0.0869979858398438 0.0230789184570313 -0.0560150146484375 -0.109359741210938
0.0852203369140625 0.0726394653320313 -0.0669021606445313 -0.132209777832031
0.0853652954101563 0.10662841796875 0.03509521484375 -0.116851806640625
0.073944091796875 0.037750244140625 0.00171089172363282 -0.0106744766235352
0.0770797729492188 -0.00481414794921875 0.0761566162109375 0.0328140258789063
0.0416374206542969 -0.0378875732421875 0.101707458496094 -0.0371170043945313
0.0144805908203125 -0.046356201171875 0.0584716796875 -0.0932693481445312
-0.0176925659179688 -0.0373725891113281 -0.0159225463867187 -0.108657836914063
-0.0395431518554688 -0.0300788879394531 -0.0628890991210938 -0.075592041015625
-0.0348854064941406 -0.0353317260742188 -0.0522117614746094 -0.0419082641601563
-0.0423965454101563 -0.0330848693847656 -0.0512886047363281 -0.0268592834472656
-0.0282058715820312 -0.0440711975097656 -0.0488204956054688 -0.0204963684082031
0.00121307373046876 -0.0626983642578125 -0.0487403869628906 -0.0215339660644531
0.0472640991210938 -0.0637779235839844 -0.0537605285644531 -0.047027587890625
0.103492736816406 -0.00582122802734375 -0.0447120666503906 -0.0664634704589844
0.114265441894531 0.0490875244140625 -0.0530242919921875 -0.0897216796875
0.0948410034179688 0.117530822753906 -0.0540237426757813 -0.0965347290039062
0.073638916015625 0.1522216796875 0.061126708984375 -0.0737686157226562
0.08636474609375 0.0894851684570313 0.0208740234375 0.0138111114501953
0.124771118164062 0.0303115844726562 0.0819473266601563 0.0546875
0.0900039672851563 -0.0444564819335938 0.110755920410156 -0.0143966674804688
0.0444259643554687 -0.0761566162109375 0.07391357421875 -0.0741043090820313
-0.019561767578125 -0.0726699829101563 -0.000129699707031252 -0.0934371948242188
-0.0546836853027344 -0.0571861267089844 -0.0437889099121094 -0.0610580444335938
-0.0489387512207031 -0.0601119995117187 -0.0344085693359375 -0.0250415802001953
-0.0620956420898438 -0.0560455322265625 -0.0350799560546875 -0.00951385498046875
-0.0402336120605469 -0.0669784545898438 -0.0388450622558594 0.001251220703125
0.0019989013671875 -0.0888290405273438 -0.0421829223632812 3.43322753906172E-05
0.0615386962890625 -0.0820541381835938 -0.0547218322753906 -0.0264968872070313
0.127540588378906 -0.004425048828125 -0.0492591857910156 -0.0487213134765625
0.1290283203125 0.062896728515625 -0.0415840148925781 -0.0682373046875
0.0941314697265625 0.144027709960938 -0.0365524291992187 -0.051666259765625
0.0486907958984375 0.169540405273438 0.0801544189453125 -0.0149612426757812
0.075592041015625 0.126678466796875 0.03692626953125 0.0482444763183594
0.14447021484375 0.06756591796875 0.0795135498046875 0.0768661499023438
0.122322082519531 -0.0338821411132813 0.107955932617188 0.014892578125
0.070465087890625 -0.0877838134765625 0.080322265625 -0.0420913696289063
-0.013946533203125 -0.0944900512695313 0.0156707763671875 -0.0657577514648438
-0.0610122680664063 -0.07464599609375 -0.0188217163085938 -0.0392494201660156
-0.0567703247070313 -0.0753097534179688 -0.0110445022583008 -0.00516510009765625
-0.0732421875 -0.0700454711914062 -0.0127897262573242 0.011174201965332
-0.0483627319335938 -0.0809097290039063 -0.0224723815917969 0.0256900787353516
0.00169372558593749 -0.10498046875 -0.0309982299804688 0.0233345031738281
0.0676345825195313 -0.0905609130859375 -0.0507164001464844 -0.00545120239257814
0.13525390625 -0.0008544921875 -0.0493736267089844 -0.0324516296386719
0.126930236816406 0.0717239379882813 -0.0230522155761719 -0.0485572814941406
0.0803070068359375 0.151641845703125 -0.0165205001831055 -0.00302028656005858
0.0166168212890625 0.155838012695312 0.0897369384765625 0.0479583740234375
0.0475616455078125 0.13623046875 0.0480728149414063 0.083221435546875
0.1285400390625 0.0930938720703125 0.0683059692382813 0.09210205078125
0.126136779785156 -0.013458251953125 0.0930023193359375 0.0420150756835938
0.0816879272460938 -0.0791702270507813 0.0754852294921875 -0.00734710693359375
-0.00518798828124999 -0.0988235473632812 0.0282363891601563 -0.0314483642578125
-0.0576324462890625 -0.0799484252929688 0.00697231292724609 -0.0128812789916992
-0.0547256469726562 -0.0785064697265625 0.0131597518920898 0.0155115127563477
-0.0733795166015625 -0.0749435424804688 0.0120296478271484 0.0310192108154297
-0.0484085083007813 -0.0847244262695313 -0.0041046142578125 0.0490760803222656
0.00461578369140624 -0.107376098632812 -0.0186042785644531 0.0441703796386719
0.0698471069335938 -0.0846405029296875 -0.0462226867675781 0.0142784118652344
0.128692626953125 0.011260986328125 -0.0466995239257812 -0.0201301574707031
0.107101440429688 0.0790939331054688 -0.00346946716308593 -0.0322227478027344
0.0529632568359375 0.142364501953125 0.00126647949218751 0.0432891845703125
-0.0155105590820313 0.112998962402344 0.0907058715820313 0.0983810424804688
0.0108108520507813 0.114791870117188 0.0528182983398438 0.110519409179688
0.0864715576171875 0.0950469970703125 0.0521011352539063 0.0967788696289063
0.103317260742188 0.00650787353515625 0.0728225708007813 0.060211181640625
0.074951171875 -0.056549072265625 0.0642318725585938 0.0221176147460937
0.001983642578125 -0.0843048095703125 0.0372886657714844 0.00097274780273437
-0.0453033447265625 -0.07110595703125 0.0308246612548828 0.0118255615234375
-0.0455245971679687 -0.0712509155273438 0.0366897583007813 0.0332565307617187
-0.0622444152832031 -0.0702781677246094 0.0353736877441406 0.0499610900878906
-0.0398178100585938 -0.07855224609375 0.0123405456542969 0.0701751708984375
0.0108718872070313 -0.0962371826171875 -0.0110740661621094 0.063018798828125
0.0691795349121094 -0.0688705444335938 -0.0439643859863281 0.0306015014648438
0.109825134277344 0.0270843505859375 -0.0464553833007812 -0.0105819702148438
0.072357177734375 0.0845947265625 0.0111303329467774 -0.0149574279785156
0.0155792236328125 0.119499206542969 0.010894775390625 0.0851058959960938
-0.0437202453613281 0.0500411987304688 0.0870742797851563 0.130363464355469
-0.0223312377929687 0.0703887939453125 0.0549392700195313 0.124664306640625
0.035064697265625 0.0740585327148438 0.0406570434570313 0.0908203125
0.0625228881835938 0.0182304382324219 0.0560798645019531 0.0680923461914063
0.0523948669433594 -0.028717041015625 0.0521888732910156 0.0395469665527344
0.00662994384765625 -0.05548095703125 0.0430526733398438 0.0245780944824219
-0.0272636413574219 -0.0516395568847656 0.0491905212402344 0.0306015014648437
-0.0286674499511719 -0.0521965026855469 0.0549201965332031 0.045928955078125
-0.0414352416992188 -0.0559654235839844 0.0542449951171875 0.0661087036132813
-0.0242424011230469 -0.0622024536132812 0.0239791870117187 0.0889968872070313
0.0170135498046875 -0.0730133056640625 -0.0094757080078125 0.08026123046875
0.0607223510742188 -0.0432929992675781 -0.0460472106933594 0.044097900390625
0.078216552734375 0.0402374267578125 -0.0489463806152344 -0.00566482543945313
0.0290145874023438 0.0776824951171875 0.0186614990234375 0.00163078308105469
-0.0243988037109375 0.079315185546875 0.00863647460937499 0.116386413574219
0.0573158264160156 -0.0184402465820313 -0.021331787109375 -0.138526916503906
0.00418472290039063 -0.051788330078125 -0.0254440307617187 -0.0150547027587891
-0.0382499694824219 -0.0305023193359375 0.0580940246582031 0.00851821899414062
-0.0411148071289062 0.0106887817382813 0.0740585327148438 -0.0549163818359375
-0.0203342437744141 0.0337905883789063 0.0251388549804687 -0.0970535278320313
0.0110893249511719 0.0387687683105469 -0.0328445434570313 -0.105010986328125
0.0159320831298828 0.0279960632324219 -0.0769195556640625 -0.0766754150390625
0.00939178466796875 0.0252017974853516 -0.06903076171875 -0.0548591613769531
0.00751876831054688 0.0266971588134766 -0.0637474060058594 -0.040985107421875
-0.00936317443847656 0.0215549468994141 -0.0537185668945312 -0.0420722961425781
-0.0242500305175781 0.003082275390625 -0.0540695190429688 -0.0472869873046875
-0.0183353424072266 -0.0319766998291016 -0.05340576171875 -0.0709762573242188
0.0221176147460938 -0.0426788330078125 -0.0350723266601563 -0.0977325439453125
0.0583381652832031 -0.020782470703125 -0.0595169067382812 -0.12628173828125
0.071807861328125 0.00940704345703125 -0.083709716796875 -0.15252685546875
0.0830001831054688 0.0447158813476563 0.00131225585937502 -0.142166137695313
0.0457763671875 -0.0139961242675781 -0.0162792205810547 -0.0190067291259766
0.0187149047851563 -0.0270977020263672 0.0698966979980469 0.0158348083496094
-0.00584220886230469 -0.0179691314697266 0.0889816284179688 -0.0535125732421875
-0.00906658172607422 -0.00725555419921875 0.0392684936523438 -0.104400634765625
-0.00679111480712891 0.00270938873291016 -0.03118896484375 -0.113548278808594
-0.0150604248046875 0.000643730163574221 -0.0776138305664063 -0.080108642578125
-0.0150108337402344 -0.00558662414550781 -0.0678863525390625 -0.0525779724121094
-0.0189285278320313 -0.00431442260742188 -0.0630912780761719 -0.0379486083984375
-0.0176525115966797 -0.0136222839355469 -0.0553665161132813 -0.0363693237304688
-0.00751304626464843 -0.0311775207519531 -0.0537948608398438 -0.0386848449707031
0.0206108093261719 -0.0472450256347656 -0.0553512573242188 -0.063262939453125
0.0676994323730469 -0.018157958984375 -0.041015625 -0.0850982666015625
0.09039306640625 0.0210342407226562 -0.0615768432617188 -0.112007141113281
0.0902633666992188 0.0721511840820313 -0.0740280151367187 -0.135513305664062
0.0922317504882813 0.107688903808594 0.0306549072265625 -0.122230529785156
0.0785903930664063 0.0374984741210938 0.000781059265136724 -0.00934886932373047
0.0801010131835938 -0.00772857666015625 0.081329345703125 0.0317611694335938
0.0419692993164063 -0.0404243469238281 0.104690551757813 -0.04180908203125
0.0131034851074219 -0.0490150451660156 0.0576629638671875 -0.0992355346679688
-0.0193099975585938 -0.0368804931640625 -0.0199508666992188 -0.112205505371094
-0.0407524108886719 -0.0291862487792969 -0.066925048828125 -0.0761871337890625
-0.0369491577148438 -0.0352897644042969 -0.055694580078125 -0.0421943664550781
-0.044769287109375 -0.0332489013671875 -0.0548210144042969 -0.0257377624511719
-0.0298500061035156 -0.0443840026855469 -0.0523414611816406 -0.0196876525878906
-0.000919342041015623 -0.0640144348144531 -0.0521583557128906 -0.0211448669433594
0.047210693359375 -0.0677947998046875 -0.0592269897460937 -0.0475196838378906
0.106430053710937 -0.00969696044921875 -0.0488357543945313 -0.0680465698242188
0.119087219238281 0.0472183227539063 -0.0581207275390625 -0.091461181640625
0.102989196777344 0.119148254394531 -0.0598831176757813 -0.0991973876953125
0.0822906494140625 0.1556396484375 0.059051513671875 -0.0783462524414063
0.0927581787109375 0.0914306640625 0.0209312438964844 0.0149517059326172
0.132270812988281 0.02630615234375 0.0887908935546875 0.0541839599609375
0.0914459228515625 -0.0490264892578125 0.114822387695313 -0.0183563232421875
0.0427169799804687 -0.0810928344726563 0.0745620727539063 -0.07940673828125
-0.0223617553710938 -0.073516845703125 -0.00318145751953125 -0.0962677001953125
-0.0581626892089844 -0.0563278198242187 -0.0469131469726563 -0.0622329711914062
-0.0532760620117187 -0.0599937438964844 -0.0357284545898438 -0.0247764587402344
-0.0661888122558594 -0.0551643371582031 -0.0366249084472656 -0.00820922851562501
-0.0432701110839844 -0.0676651000976563 -0.0405082702636719 0.00302886962890625
-0.00084686279296875 -0.0909881591796875 -0.0440177917480469 0.00143432617187499
0.060791015625 -0.0881423950195313 -0.0593376159667969 -0.0258979797363281
0.132217407226562 -0.00945281982421875 -0.0537185668945312 -0.0495414733886719
0.135528564453125 0.0613632202148438 -0.04571533203125 -0.0705184936523438
0.103973388671875 0.146591186523438 -0.0403366088867187 -0.0530548095703125
0.0569915771484375 0.174423217773438 0.0812149047851563 -0.0181503295898437
0.08282470703125 0.130516052246094 0.0375938415527344 0.0495681762695313
0.15301513671875 0.06524658203125 0.085479736328125 0.0771102905273438
0.125297546386719 -0.0387725830078125 0.112205505371094 0.012237548828125
0.0694580078125 -0.094024658203125 0.0820465087890625 -0.0463485717773438
-0.0175399780273438 -0.097412109375 0.0143585205078125 -0.0679817199707031
-0.0656280517578125 -0.0739517211914063 -0.0207138061523437 -0.0397758483886719
-0.0615081787109375 -0.0757217407226563 -0.0111789703369141 -0.00533485412597657
-0.0785751342773437 -0.069122314453125 -0.0129976272583008 0.0129556655883789
-0.0525283813476563 -0.0814437866210938 -0.0228176116943359 0.0275382995605469
-0.0026702880859375 -0.107322692871094 -0.0321388244628906 0.0247650146484375
0.06683349609375 -0.0963211059570312 -0.054840087890625 -0.00411987304687502
0.14044189453125 -0.0058746337890625 -0.0524711608886719 -0.0326576232910156
0.133544921875 0.0702667236328125 -0.02642822265625 -0.0509147644042969
0.090057373046875 0.154769897460938 -0.0178699493408203 -0.0034046173095703
0.023651123046875 0.16192626953125 0.092926025390625 0.0454635620117188
0.054351806640625 0.140869140625 0.0497817993164063 0.0860977172851563
0.137550354003906 0.0923004150390625 0.0737762451171875 0.0934066772460937
0.130256652832031 -0.018402099609375 0.097564697265625 0.0406417846679688
0.081298828125 -0.085479736328125 0.0791778564453125 -0.0098114013671875
-0.00888061523437501 -0.101875305175781 0.0285091400146484 -0.0326652526855469
-0.0621261596679688 -0.0786056518554687 0.00676345825195312 -0.0134983062744141
-0.0599212646484375 -0.0799179077148438 0.0156126022338867 0.0150060653686523
-0.0788803100585938 -0.0739288330078125 0.0133876800537109 0.0323696136474609
-0.0524215698242187 -0.0851058959960938 -0.003265380859375 0.05120849609375
-0.000328063964843748 -0.110244750976563 -0.0191230773925781 0.0461959838867187
0.0692672729492188 -0.0913238525390625 -0.048309326171875 0.0154190063476563
0.134063720703125 0.00632476806640625 -0.0501823425292969 -0.0193595886230469
0.113014221191406 0.0789108276367188 -0.00502014160156249 -0.0338764190673828
0.0605316162109375 0.14678955078125 0.00263977050781251 0.0440902709960938
-0.0125732421875 0.118186950683594 0.0966110229492188 0.0995559692382813
0.0157012939453125 0.119148254394531 0.0563583374023438 0.113090515136719
0.0946273803710938 0.0953292846679688 0.0576553344726563 0.0989837646484375
0.107284545898438 0.00281524658203125 0.0771331787109375 0.0604629516601563
0.0749969482421875 -0.0621566772460938 0.0679893493652344 0.0205497741699219
-0.00100708007812501 -0.0867233276367188 0.038665771484375 8.77380371093697E-05
-0.0496978759765625 -0.0710220336914063 0.0325164794921875 0.0115947723388672
-0.0503082275390625 -0.0713882446289063 0.0401496887207031 0.0327644348144531
-0.0679435729980469 -0.06988525390625 0.0389289855957031 0.0510025024414062
-0.0440750122070313 -0.079193115234375 0.0151214599609375 0.0728302001953125
0.00625610351562501 -0.0999603271484375 -0.00951004028320312 0.0655136108398438
0.0685501098632812 -0.0739517211914063 -0.0448455810546875 0.0329017639160156
0.115638732910156 0.02374267578125 -0.049224853515625 -0.00957489013671874
0.077545166015625 0.0853424072265625 0.0105209350585938 -0.0167837142944336
0.02069091796875 0.12371826171875 0.013763427734375 0.0874481201171875
-0.0422096252441406 0.054168701171875 0.0930557250976562 0.131668090820313
-0.0202484130859375 0.0745086669921875 0.059661865234375 0.126747131347656
0.0393753051757812 0.0753860473632813 0.0448989868164062 0.0941162109375
0.0649261474609375 0.01654052734375 0.0603179931640625 0.0690231323242188
0.0531044006347656 -0.0324172973632813 0.0564117431640625 0.0395164489746094
0.00508499145507812 -0.0578880310058594 0.0451469421386719 0.0246925354003906
-0.0306282043457031 -0.0514678955078125 0.0522727966308594 0.0299530029296875
-0.0327491760253906 -0.0530281066894531 0.0595932006835938 0.0459823608398438
-0.0457763671875 -0.0558433532714844 0.0594940185546875 0.0673942565917969
-0.0282173156738281 -0.0631027221679688 0.0275039672851563 0.092376708984375
0.0129928588867187 -0.0768890380859375 -0.00813293457031249 0.0835189819335938
0.0615921020507813 -0.0479583740234375 -0.0477371215820312 0.0466690063476563
0.0829391479492188 0.0388336181640625 -0.051971435546875 -0.00329208374023438
0.0330886840820312 0.0807723999023438 0.0186576843261719 -0.00069808959960937
-0.0223312377929688 0.0835952758789063 0.0135345458984375 0.1201171875
0.0564537048339844 -0.0220947265625 -0.0304336547851563 -0.138336181640625
0.00148773193359375 -0.0525856018066406 -0.0264644622802734 -0.0121498107910156
-0.041015625 -0.0282859802246094 0.0610580444335937 0.00534439086914062
-0.0411300659179688 0.013824462890625 0.0734100341796875 -0.0591964721679688
-0.0184326171875 0.0370864868164063 0.0212020874023437 -0.100387573242188
0.0149154663085938 0.0385475158691406 -0.0390625 -0.106185913085938
0.0183906555175781 0.026214599609375 -0.0826568603515625 -0.0742263793945313
0.0114898681640625 0.0245304107666016 -0.0747604370117188 -0.0516891479492187
0.00921058654785156 0.0263824462890625 -0.0686111450195312 -0.0381011962890625
-0.00701332092285156 0.0219688415527344 -0.0580902099609375 -0.0404319763183594
-0.0237274169921875 0.00437736511230468 -0.058441162109375 -0.0453987121582031
-0.0210170745849609 -0.030609130859375 -0.0592727661132813 -0.0696449279785156
0.0199089050292969 -0.0437278747558594 -0.0401229858398438 -0.0987014770507813
0.0578842163085938 -0.0245018005371094 -0.0665664672851563 -0.126289367675781
0.0738372802734375 0.00537109375 -0.09381103515625 -0.150833129882813
0.0874099731445313 0.0405349731445313 -0.00794982910156251 -0.143997192382813
0.0460624694824219 -0.0164031982421875 -0.0177860260009766 -0.0166263580322266
0.0171566009521484 -0.0281753540039063 0.0731277465820313 0.012451171875
-0.00696659088134766 -0.0169563293457031 0.088623046875 -0.059295654296875
-0.00944137573242188 -0.00551986694335938 0.0351104736328125 -0.108268737792969
-0.00593471527099609 0.00353145599365234 -0.0370712280273438 -0.114799499511719
-0.013524055480957 0.00114345550537109 -0.0841064453125 -0.0777969360351563
-0.0153989791870117 -0.00459098815917968 -0.0727462768554688 -0.0495758056640625
-0.0195369720458984 -0.00342178344726563 -0.0678253173828125 -0.0351104736328125
-0.0173311233520508 -0.0132064819335938 -0.0590972900390625 -0.0343856811523438
-0.00840950012207031 -0.0308418273925781 -0.0581779479980469 -0.03656005859375
0.01849365234375 -0.0489158630371094 -0.0612983703613281 -0.0626373291015625
0.0680351257324219 -0.0221405029296875 -0.0462493896484375 -0.0851287841796875
0.0930709838867188 0.016265869140625 -0.0682525634765625 -0.111274719238281
0.0970611572265625 0.0686111450195313 -0.0843505859375 -0.133552551269531
0.100669860839844 0.10406494140625 0.0224533081054688 -0.125900268554688
0.0822372436523438 0.0341796875 -0.000949382781982417 -0.00751209259033203
0.082244873046875 -0.0127182006835937 0.0861358642578125 0.0278167724609375
0.040496826171875 -0.0428848266601562 0.105308532714844 -0.0477523803710937
0.0107803344726563 -0.0501022338867188 0.0542068481445313 -0.104660034179688
-0.02069091796875 -0.036163330078125 -0.0255584716796875 -0.113555908203125
-0.042510986328125 -0.0269355773925781 -0.0731964111328125 -0.0739898681640625
-0.0397529602050781 -0.034576416015625 -0.0598068237304688 -0.040008544921875
-0.0478439331054688 -0.0302810668945312 -0.0575599670410156 -0.0232925415039062
-0.0314445495605469 -0.0431480407714844 -0.0544624328613281 -0.0168075561523437
-0.00394058227539062 -0.0649833679199219 -0.055206298828125 -0.0191993713378906
0.0437545776367188 -0.0721282958984375 -0.0646896362304688 -0.0460357666015625
0.108673095703125 -0.0156402587890625 -0.0537300109863281 -0.0678825378417969
0.123451232910156 0.04205322265625 -0.0642776489257812 -0.0907135009765625
0.112266540527344 0.1165771484375 -0.067657470703125 -0.0976943969726562
0.0928955078125 0.153732299804688 0.0543441772460938 -0.0828170776367188
0.0997390747070313 0.0893630981445313 0.0202980041503906 0.0165157318115234
0.137115478515625 0.0188827514648438 0.0948257446289063 0.0498504638671875
0.0905227661132813 -0.0547866821289063 0.116584777832031 -0.0244827270507813
0.0382614135742188 -0.0853424072265625 0.07171630859375 -0.0847396850585938
-0.0264205932617188 -0.07415771484375 -0.00783538818359374 -0.0980453491210937
-0.0624923706054688 -0.0539436340332031 -0.0516853332519531 -0.0604019165039063
-0.0583572387695312 -0.0589447021484375 -0.0382156372070313 -0.0240402221679687
-0.0714187622070313 -0.0520401000976563 -0.0381546020507813 -0.00560760498046875
-0.04754638671875 -0.0656814575195312 -0.0412826538085938 0.00597763061523437
-0.00658416748046875 -0.0928421020507813 -0.0460357666015625 0.00362777709960938
0.05718994140625 -0.093505859375 -0.064178466796875 -0.0241661071777344
0.134681701660156 -0.0169525146484375 -0.0574836730957031 -0.0478401184082031
0.141555786132813 0.0555877685546875 -0.0506134033203125 -0.070098876953125
0.114974975585938 0.144195556640625 -0.0449867248535156 -0.0520248413085937
0.068511962890625 0.175567626953125 0.0796890258789063 -0.0230636596679687
0.0918807983398438 0.1295166015625 0.0397605895996094 0.0500831604003906
0.161819458007813 0.0572052001953125 0.0932998657226563 0.073822021484375
0.126480102539062 -0.0469512939453125 0.11627197265625 0.00655364990234375
0.0643081665039062 -0.100479125976563 0.081756591796875 -0.0516738891601563
-0.0230484008789062 -0.0979843139648437 0.0109138488769531 -0.0702705383300781
-0.0703048706054687 -0.0709915161132813 -0.0238685607910156 -0.0395965576171875
-0.0671539306640625 -0.0732498168945313 -0.0109615325927734 -0.00478744506835938
-0.0848846435546875 -0.0652236938476563 -0.0122184753417969 0.0147190093994141
-0.0581588745117188 -0.0794754028320312 -0.0218029022216797 0.0302219390869141
-0.00949859619140626 -0.1090087890625 -0.0324115753173828 0.0269355773925781
0.061859130859375 -0.102684020996094 -0.0574378967285156 -0.00158691406250001
0.143997192382813 -0.01324462890625 -0.0564460754394531 -0.0306968688964844
0.140312194824219 0.0649642944335938 -0.0299339294433594 -0.0515785217285156
0.101669311523438 0.153945922851563 -0.0186271667480469 -0.00231170654296874
0.033538818359375 0.16387939453125 0.0956802368164063 0.0414352416992188
0.062469482421875 0.141586303710938 0.05389404296875 0.085662841796875
0.146804809570313 0.08563232421875 0.0814895629882813 0.0907821655273438
0.132469177246094 -0.02587890625 0.10260009765625 0.0367050170898438
0.0776596069335938 -0.0925521850585938 0.0800857543945313 -0.01416015625
-0.014801025390625 -0.102470397949219 0.0275917053222656 -0.0345935821533203
-0.0672988891601563 -0.07550048828125 0.0068511962890625 -0.0137472152709961
-0.0666885375976563 -0.0777511596679688 0.0175037384033203 0.0142908096313476
-0.0858688354492188 -0.0696868896484375 0.0166187286376953 0.0335674285888672
-0.0590286254882813 -0.0828704833984375 0.000194549560546866 0.0533485412597656
-0.00717926025390626 -0.111732482910156 -0.0177574157714844 0.0480232238769531
0.0649795532226563 -0.0978775024414063 -0.0504646301269531 0.0183296203613281
0.138809204101562 -0.00110626220703125 -0.0531692504882813 -0.0168724060058594
0.119987487792969 0.0750274658203125 -0.00793075561523437 -0.0351791381835937
0.0710601806640625 0.147293090820312 0.00561141967773438 0.0451469421386719
-0.00487518310546876 0.121109008789062 0.103279113769531 0.0956344604492188
0.0225067138671875 0.120964050292969 0.06243896484375 0.11328125
0.102989196777344 0.0917816162109375 0.064300537109375 0.0971755981445313
0.109207153320313 -0.00315093994140625 0.0828094482421875 0.0577011108398438
0.0725173950195313 -0.0688629150390625 0.0709609985351563 0.0172958374023437
-0.00610351562500001 -0.0889892578125 0.0396041870117188 -0.000938415527343755
-0.0543746948242187 -0.0683021545410156 0.0344333648681641 0.00970649719238281
-0.055999755859375 -0.0696029663085938 0.0432090759277344 0.0303268432617188
-0.0744247436523438 -0.0662612915039063 0.0436515808105469 0.0503768920898437
-0.0498199462890625 -0.07708740234375 0.0199432373046875 0.0746307373046875
0.000106811523437494 -0.101806640625 -0.00702285766601562 0.0675315856933594
0.0657882690429688 -0.0800857543945312 -0.0459823608398437 0.0360641479492187
0.120414733886719 0.0177459716796875 -0.05206298828125 -0.00682067871093751
0.084442138671875 0.083343505859375 0.00934982299804688 -0.0188312530517578
0.0288543701171875 0.125587463378906 0.0195465087890625 0.0876998901367188
-0.0405349731445313 0.0579681396484375 0.101646423339844 0.129119873046875
-0.0161590576171875 0.0776596069335938 0.065826416015625 0.126426696777344
0.0458450317382812 0.0740203857421875 0.0494613647460938 0.0936355590820313
0.0668907165527344 0.0128326416015625 0.0654716491699219 0.0678329467773438
0.0519294738769531 -0.0364494323730469 0.0606422424316406 0.0372047424316406
0.0016937255859375 -0.0594062805175781 0.0474128723144531 0.02313232421875
-0.0343894958496094 -0.0493316650390625 0.05517578125 0.0280838012695312
-0.0369453430175781 -0.0515365600585938 0.0639305114746094 0.0425262451171875
-0.0507621765136719 -0.0538330078125 0.0658531188964844 0.0652694702148438
-0.032806396484375 -0.062103271484375 0.0346603393554688 0.0927505493164063
0.0078582763671875 -0.0788345336914062 -0.00360107421875 0.0851058959960938
0.0597000122070313 -0.0526771545410156 -0.0473899841308594 0.0506401062011719
0.087646484375 0.03466796875 -0.0538368225097656 -0.000759124755859365
0.0388870239257813 0.0805206298828125 0.0187778472900391 -0.00242996215820312
-0.0173873901367188 0.0862655639648438 0.0207748413085937 0.121376037597656
0.0540580749511719 -0.026123046875 -0.0385589599609375 -0.134201049804688
-0.0013580322265625 -0.0517692565917969 -0.0260944366455078 -0.00878524780273438
-0.0419921875 -0.025726318359375 0.0611076354980469 0.0024261474609375
-0.0397300720214844 0.0174903869628906 0.07073974609375 -0.0629196166992188
-0.015350341796875 0.0389595031738281 0.0164871215820313 -0.100845336914062
0.0181427001953125 0.03643798828125 -0.0439682006835938 -0.103958129882813
0.0206050872802734 0.0239601135253906 -0.0866012573242187 -0.0684127807617188
0.0129718780517578 0.0228443145751953 -0.077850341796875 -0.0466995239257812
0.0109157562255859 0.0250129699707031 -0.0707321166992188 -0.0332489013671875
-0.00526237487792969 0.0213947296142578 -0.060455322265625 -0.0373802185058594
-0.0220279693603516 0.00602340698242188 -0.0613861083984375 -0.0417404174804688
-0.0225601196289062 -0.0285129547119141 -0.0634727478027344 -0.0661811828613281
0.0167121887207031 -0.0445556640625 -0.0444869995117188 -0.0967864990234375
0.056121826171875 -0.0272712707519531 -0.0725250244140625 -0.121635437011719
0.0737762451171875 0.0006256103515625 -0.101394653320313 -0.143722534179688
0.0883255004882813 0.0346298217773438 -0.01702880859375 -0.141036987304688
0.0447044372558594 -0.0180854797363281 -0.0187225341796875 -0.0133094787597656
0.0158023834228516 -0.0288791656494141 0.07366943359375 0.00839996337890625
-0.00739097595214843 -0.0157337188720703 0.085052490234375 -0.0631484985351563
-0.0093841552734375 -0.00406551361083984 0.0294265747070313 -0.109687805175781
-0.0046229362487793 0.00395917892456055 -0.0419769287109375 -0.11175537109375
-0.0128755569458008 0.00113677978515625 -0.0879974365234375 -0.0723495483398437
-0.0148897171020508 -0.00497817993164062 -0.075531005859375 -0.0449676513671875
-0.0190677642822266 -0.00222587585449219 -0.0705642700195313 -0.0309906005859375
-0.017003059387207 -0.0120153427124023 -0.0614471435546875 -0.0303611755371094
-0.00919342041015625 -0.0292758941650391 -0.0602836608886719 -0.03369140625
0.0155143737792969 -0.0492362976074219 -0.0652084350585938 -0.0587577819824219
0.0656204223632813 -0.0252532958984375 -0.0495452880859375 -0.0835342407226563
0.0927200317382813 0.012237548828125 -0.0737075805664063 -0.107192993164063
0.099853515625 0.0625457763671875 -0.09075927734375 -0.127044677734375
0.105972290039063 0.0970916748046875 0.0140533447265625 -0.124557495117188
0.0834274291992187 0.0305862426757812 -0.0018773078918457 -0.00541162490844726
0.0813140869140625 -0.0173187255859375 0.0878067016601563 0.0224227905273438
0.037841796875 -0.0440635681152344 0.102455139160156 -0.0530014038085938
0.00742721557617188 -0.0493507385253906 0.0481643676757813 -0.106246948242188
-0.0218486785888672 -0.0340137481689453 -0.0313568115234375 -0.1109619140625
-0.0427780151367188 -0.0245704650878906 -0.0768508911132813 -0.0686569213867188
-0.0413017272949219 -0.0320243835449219 -0.0621376037597656 -0.0361061096191406
-0.0488471984863281 -0.0274505615234375 -0.059356689453125 -0.0190963745117188
-0.033203125 -0.0412673950195313 -0.0556259155273438 -0.0138397216796875
-0.00669479370117188 -0.0636177062988281 -0.0567779541015625 -0.0157203674316406
0.0395965576171875 -0.0738601684570312 -0.0682144165039063 -0.0422401428222656
0.106819152832031 -0.021453857421875 -0.0562896728515625 -0.0650100708007813
0.124282836914062 0.034912109375 -0.0689773559570313 -0.0867156982421875
0.118675231933594 0.109161376953125 -0.0727081298828125 -0.092620849609375
0.102203369140625 0.146194458007813 0.0470352172851563 -0.0843429565429687
0.104179382324219 0.0835647583007813 0.0193595886230469 0.0170822143554688
0.137763977050781 0.00992584228515625 0.0971450805664063 0.0431594848632813
0.0868148803710938 -0.0587692260742188 0.114639282226562 -0.0302581787109375
0.0324859619140625 -0.0861740112304688 0.0669021606445313 -0.08782958984375
-0.0298995971679687 -0.0709915161132813 -0.012725830078125 -0.0963134765625
-0.06365966796875 -0.048797607421875 -0.0547523498535156 -0.0565452575683594
-0.0616073608398437 -0.0542716979980469 -0.039337158203125 -0.0222816467285156
-0.07354736328125 -0.0465164184570312 -0.0385627746582031 -0.002777099609375
-0.05010986328125 -0.0621337890625 -0.0411949157714844 0.008697509765625
-0.0113067626953125 -0.0906600952148437 -0.0467605590820313 0.0065155029296875
0.050750732421875 -0.0957489013671875 -0.0664215087890625 -0.0206642150878906
0.133354187011719 -0.0239181518554688 -0.059600830078125 -0.0449600219726563
0.143203735351562 0.0470123291015625 -0.0543060302734375 -0.0672607421875
0.123207092285156 0.137321472167969 -0.0478019714355469 -0.0486717224121094
0.077880859375 0.16998291015625 0.0753860473632813 -0.0267181396484375
0.0993194580078125 0.124183654785156 0.0403556823730469 0.0486907958984375
0.1640625 0.046722412109375 0.0961151123046875 0.067108154296875
0.12225341796875 -0.053741455078125 0.115951538085938 0.0011749267578125
0.0576553344726563 -0.103256225585938 0.0782852172851563 -0.0558242797851563
-0.027587890625 -0.0945053100585937 0.00699615478515625 -0.0686111450195313
-0.0727081298828125 -0.0657196044921875 -0.025909423828125 -0.036651611328125
-0.0717239379882813 -0.0691986083984375 -0.0111532211303711 -0.00500106811523438
-0.0880355834960938 -0.05889892578125 -0.0113401412963867 0.015380859375
-0.061492919921875 -0.0747451782226563 -0.0198898315429688 0.0320529937744141
-0.0157394409179688 -0.106704711914063 -0.0321311950683594 0.028472900390625
0.055084228515625 -0.105293273925781 -0.0597267150878906 0.00168228149414061
0.142913818359375 -0.021881103515625 -0.0569992065429687 -0.0278587341308594
0.142471313476563 0.056793212890625 -0.0332489013671875 -0.0500869750976562
0.11016845703125 0.147964477539063 -0.0184364318847656 -0.00122070312499999
0.042449951171875 0.16058349609375 0.0953140258789063 0.0362548828125
0.0704421997070312 0.137191772460938 0.0561599731445313 0.0828781127929688
0.15191650390625 0.0754547119140625 0.0853500366210938 0.0850601196289063
0.1290283203125 -0.0334014892578125 0.103767395019531 0.031463623046875
0.0709609985351563 -0.0963668823242188 0.0789794921875 -0.0187301635742188
-0.0207061767578125 -0.0999908447265625 0.0250511169433594 -0.03424072265625
-0.0706710815429687 -0.07086181640625 0.00551319122314453 -0.0137901306152344
-0.0708160400390625 -0.0728836059570313 0.0182933807373047 0.0124778747558594
-0.08935546875 -0.0632781982421875 0.0191936492919922 0.032571792602539
-0.0631866455078125 -0.0777740478515625 0.00304794311523437 0.05303955078125
-0.0148086547851563 -0.109489440917969 -0.0162391662597656 0.0486259460449219
0.057769775390625 -0.101310729980469 -0.0508346557617187 0.0210647583007813
0.137771606445313 -0.0100250244140625 -0.0536918640136719 -0.0136756896972656
0.122955322265625 0.0682754516601563 -0.0103721618652344 -0.0352630615234375
0.080291748046875 0.14251708984375 0.00806808471679688 0.0439872741699219
0.002410888671875 0.121040344238281 0.105873107910156 0.08917236328125
0.0294265747070313 0.119415283203125 0.0658340454101563 0.109466552734375
0.1083984375 0.0839004516601563 0.0677490234375 0.0928726196289063
0.107902526855469 -0.00981903076171875 0.084930419921875 0.0531768798828125
0.0671310424804688 -0.0727157592773438 0.0718307495117188 0.0140304565429687
-0.01165771484375 -0.0870437622070313 0.0394096374511719 -0.00262832641601563
-0.0579566955566406 -0.063385009765625 0.0349025726318359 0.00797843933105468
-0.0598526000976563 -0.0654411315917969 0.0453338623046875 0.0267753601074219
-0.0778884887695313 -0.060333251953125 0.0471649169921875 0.0478019714355469
-0.0536117553710937 -0.0725860595703125 0.0240097045898437 0.0731201171875
-0.006927490234375 -0.0997161865234375 -0.00450897216796875 0.0667037963867188
0.0601043701171875 -0.0842742919921875 -0.0447578430175781 0.0378990173339844
0.121246337890625 0.0096588134765625 -0.0521354675292969 -0.00385284423828125
0.088409423828125 0.07830810546875 0.00798225402832032 -0.0208358764648437
0.0362167358398437 0.123260498046875 0.0242156982421875 0.0852737426757813
-0.0364570617675781 0.0593643188476563 0.1064453125 0.122749328613281
-0.0109710693359375 0.0779190063476563 0.0707321166992188 0.12213134765625
0.049957275390625 0.0702552795410156 0.0529861450195312 0.0907211303710938
0.0665969848632813 0.00811386108398438 0.0684623718261719 0.0642852783203125
0.0486106872558594 -0.03924560546875 0.062255859375 0.0336456298828125
-0.00262451171875 -0.0586700439453125 0.0486793518066406 0.0212059020996094
-0.0365219116210937 -0.046051025390625 0.0569801330566406 0.0243759155273438
-0.0400543212890625 -0.0486831665039062 0.0665473937988281 0.0380401611328125
-0.0539627075195313 -0.0500068664550781 0.0698165893554688 0.060577392578125
-0.0366668701171875 -0.0589065551757813 0.0396347045898438 0.0908126831054688
0.002685546875 -0.0783615112304687 -7.62939453125555E-06 0.084716796875
0.0554237365722656 -0.0565948486328125 -0.0444908142089844 0.052825927734375
0.0899887084960938 0.02850341796875 -0.053436279296875 0.00247573852539062
0.0435943603515625 0.0787734985351563 0.0170402526855469 -0.00562763214111328
-0.012176513671875 0.0870742797851563 0.0274505615234375 0.11822509765625
0.0513458251953125 -0.0273590087890625 -0.042449951171875 -0.128028869628906
-0.0030517578125 -0.0504951477050781 -0.0253372192382813 -0.00696563720703125
-0.0412712097167969 -0.0230522155761719 0.0597991943359375 0.000473022460937499
-0.0378341674804687 0.0185546875 0.0671768188476563 -0.0634498596191406
-0.0123786926269531 0.0392646789550781 0.0132064819335937 -0.0986480712890625
0.0200042724609375 0.0348720550537109 -0.0457687377929688 -0.100936889648437
0.0212497711181641 0.0210151672363281 -0.0870819091796875 -0.0640487670898438
0.0137481689453125 0.0211715698242188 -0.07861328125 -0.0428543090820312
0.0117263793945313 0.0230655670166016 -0.0714035034179688 -0.02960205078125
-0.00362396240234375 0.0204849243164063 -0.0614128112792969 -0.0341720581054688
-0.0208759307861328 0.00681304931640626 -0.0620803833007813 -0.0389366149902344
-0.0233936309814453 -0.0263500213623047 -0.0639839172363281 -0.0627326965332031
0.0146293640136719 -0.0429840087890625 -0.0458297729492187 -0.0937957763671875
0.0538101196289063 -0.0282516479492188 -0.0736846923828125 -0.11663818359375
0.0719985961914063 -0.00235748291015625 -0.102706909179688 -0.136756896972656
0.0872421264648438 0.0306015014648438 -0.0220794677734375 -0.135223388671875
0.043121337890625 -0.0187911987304688 -0.0188560485839844 -0.0108375549316406
0.0149784088134766 -0.0285701751708984 0.07257080078125 0.0057525634765625
-0.0074005126953125 -0.0144844055175781 0.0822830200195313 -0.063568115234375
-0.00865411758422852 -0.00276899337768555 0.0261383056640625 -0.107200622558594
-0.00307965278625488 0.00376558303833008 -0.04388427734375 -0.108863830566406
-0.012171745300293 0.00111484527587891 -0.0885467529296875 -0.0674591064453125
-0.0144786834716797 -0.00447463989257812 -0.0756454467773438 -0.04150390625
-0.0181598663330078 -0.00219154357910157 -0.07049560546875 -0.027130126953125
-0.016413688659668 -0.0112161636352539 -0.0615692138671875 -0.0276756286621094
-0.0092926025390625 -0.0283699035644531 -0.0608024597167969 -0.0310821533203125
0.0127372741699219 -0.0480842590332031 -0.0666580200195313 -0.0550117492675781
0.0633659362792969 -0.0261878967285156 -0.0502777099609375 -0.0803985595703125
0.0904464721679688 0.00914764404296875 -0.0749740600585938 -0.102363586425781
0.0999069213867187 0.0575942993164062 -0.0920181274414063 -0.120529174804688
0.106369018554687 0.09033203125 0.00800323486328125 -0.120193481445313
0.0828628540039063 0.0275115966796875 -0.00303649902343749 -0.00330877304077148
0.0788116455078125 -0.0201492309570313 0.0863723754882812 0.018798828125
0.0352020263671875 -0.0440940856933594 0.099090576171875 -0.0542678833007813
0.005767822265625 -0.0478248596191406 0.0443038940429688 -0.104507446289063
-0.0212116241455078 -0.0322723388671875 -0.0336074829101563 -0.107696533203125
-0.0415420532226563 -0.0230560302734375 -0.076995849609375 -0.06396484375
-0.0417098999023437 -0.0301170349121094 -0.0621337890625 -0.0334014892578125
-0.0481796264648438 -0.024658203125 -0.0588951110839844 -0.0165176391601563
-0.0331306457519531 -0.0386734008789063 -0.0552291870117188 -0.01116943359375
-0.00780868530273437 -0.0609664916992188 -0.0571556091308594 -0.0133171081542969
0.0363616943359375 -0.073333740234375 -0.0693244934082031 -0.039154052734375
0.10382080078125 -0.0239334106445313 -0.0563468933105469 -0.0622673034667969
0.121742248535156 0.0309677124023437 -0.0695343017578125 -0.08270263671875
0.120399475097656 0.102920532226563 -0.0741119384765625 -0.0877456665039063
0.103919982910156 0.13885498046875 0.04132080078125 -0.0828323364257812
0.104393005371094 0.0790481567382813 0.0179214477539063 0.017242431640625
0.135330200195313 0.00445556640625 0.0960617065429688 0.0387039184570313
0.0830078125 -0.0602035522460938 0.11163330078125 -0.03253173828125
0.0283889770507813 -0.0851211547851563 0.0633773803710938 -0.0869598388671875
-0.0302886962890625 -0.0669364929199219 -0.0152740478515625 -0.0934066772460938
-0.0629158020019531 -0.0451774597167969 -0.0550994873046875 -0.052642822265625
-0.0622673034667969 -0.0518836975097656 -0.0394134521484375 -0.0206222534179687
-0.07330322265625 -0.0425643920898438 -0.0379447937011719 -0.00154876708984375
-0.0504188537597656 -0.058319091796875 -0.0398597717285156 0.0104255676269531
-0.013397216796875 -0.0870742797851563 -0.0464057922363281 0.00777053833007812
0.04583740234375 -0.095245361328125 -0.0671653747558594 -0.0180397033691406
0.129791259765625 -0.0277786254882812 -0.0593070983886719 -0.0428276062011719
0.141006469726563 0.041839599609375 -0.0557441711425781 -0.0646209716796875
0.125587463378906 0.130149841308594 -0.0480117797851562 -0.045684814453125
0.08203125 0.162933349609375 0.07171630859375 -0.0270004272460937
0.100204467773438 0.118820190429688 0.0389785766601563 0.0477676391601563
0.162109375 0.039337158203125 0.0950393676757813 0.06182861328125
0.117012023925781 -0.05615234375 0.113777160644531 -0.00220489501953125
0.0527725219726562 -0.102912902832031 0.075439453125 -0.0567474365234375
-0.030181884765625 -0.090728759765625 0.0053558349609375 -0.0668106079101563
-0.0728302001953125 -0.0609588623046875 -0.0266399383544922 -0.0344066619873047
-0.0722274780273437 -0.06512451171875 -0.0108613967895508 -0.00448322296142579
-0.0877151489257813 -0.053436279296875 -0.0101785659790039 0.0160417556762695
-0.0619392395019531 -0.0700836181640625 -0.0187644958496094 0.0322265625
-0.01873779296875 -0.102554321289063 -0.0309219360351562 0.0291404724121094
0.0501632690429687 -0.104866027832031 -0.0593643188476563 0.00337982177734376
0.138809204101563 -0.0270156860351562 -0.0567398071289062 -0.0258331298828125
0.1407470703125 0.051361083984375 -0.0352096557617187 -0.0483131408691406
0.113449096679688 0.14093017578125 -0.0182018280029297 -0.000410079956054682
0.0473175048828125 0.154647827148438 0.0927047729492187 0.0331802368164063
0.0732955932617188 0.132896423339844 0.0545120239257813 0.080535888671875
0.151229858398437 0.0676422119140625 0.0845260620117188 0.07965087890625
0.124588012695312 -0.03656005859375 0.102081298828125 0.0279159545898438
0.0652389526367188 -0.0967025756835938 0.0768356323242188 -0.0201797485351563
-0.0234909057617188 -0.0962905883789062 0.0237808227539063 -0.0333213806152344
-0.0702095031738281 -0.0659675598144531 0.00492668151855468 -0.0135250091552734
-0.0725631713867188 -0.06854248046875 0.0185222625732422 0.0109367370605469
-0.0895004272460938 -0.0577239990234375 0.0199050903320312 0.0306377410888672
-0.063568115234375 -0.0730209350585937 0.00506210327148437 0.0529060363769531
-0.0186767578125 -0.105072021484375 -0.0151557922363281 0.0484390258789062
0.0525741577148438 -0.100730895996094 -0.0502204895019531 0.021728515625
0.134712219238281 -0.014312744140625 -0.0531120300292969 -0.0125465393066406
0.121734619140625 0.0626144409179687 -0.0118370056152344 -0.0357704162597656
0.0833740234375 0.137092590332031 0.00885772705078125 0.0425529479980469
0.00626373291015626 0.116783142089844 0.103981018066406 0.083892822265625
0.0323867797851562 0.116615295410156 0.0655517578125 0.105262756347656
0.109176635742187 0.0778884887695313 0.067718505859375 0.08868408203125
0.104110717773438 -0.0128860473632813 0.0840682983398438 0.0499420166015625
0.0624160766601563 -0.0733566284179688 0.0705947875976562 0.0109939575195312
-0.0145950317382812 -0.0838699340820313 0.0386390686035156 -0.00242614746093751
-0.0578804016113281 -0.0591964721679687 0.0343208312988281 0.00729179382324218
-0.06134033203125 -0.0620918273925781 0.0455398559570312 0.0238494873046875
-0.0784988403320313 -0.0552749633789063 0.0481986999511719 0.044769287109375
-0.0553436279296875 -0.0682106018066406 0.0261993408203125 0.071258544921875
-0.0110244750976563 -0.0960006713867188 -0.00320053100585937 0.0655059814453125
0.0550765991210938 -0.083984375 -0.043914794921875 0.03802490234375
0.118827819824219 0.00516510009765625 -0.0512351989746094 -0.00261306762695313
0.08905029296875 0.0732192993164063 0.00579833984375 -0.0216636657714844
0.0405044555664063 0.119110107421875 0.026641845703125 0.081390380859375
-0.0337028503417969 0.0587730407714844 0.106216430664063 0.116119384765625
-0.00879669189453126 0.0760574340820313 0.0708160400390625 0.1175537109375
0.0522727966308594 0.0659103393554688 0.05242919921875 0.0871429443359375
0.0648040771484375 0.00615692138671875 0.0682563781738281 0.0612945556640625
0.0453071594238281 -0.0402641296386719 0.0622711181640625 0.0305557250976563
-0.00472259521484375 -0.0571212768554687 0.0485458374023438 0.019744873046875
-0.0371818542480469 -0.0428085327148438 0.0568885803222656 0.0216255187988281
-0.0412254333496094 -0.0463829040527344 0.0665016174316406 0.0342636108398438
-0.0552825927734375 -0.0454292297363281 0.0711746215820313 0.0568084716796875
-0.037933349609375 -0.055511474609375 0.0421218872070312 0.0878143310546875
-0.000823974609374994 -0.0756072998046875 0.00235748291015624 0.0822906494140625
0.051422119140625 -0.0577659606933594 -0.0422782897949219 0.0521583557128906
0.0892486572265625 0.0237045288085938 -0.0525665283203125 0.00373458862304688
0.04547119140625 0.075408935546875 0.0169773101806641 -0.00728321075439453
-0.0087890625 0.0852584838867188 0.0311279296875 0.113197326660156
0.0495681762695313 -0.0273475646972656 -0.0417404174804688 -0.124542236328125
-0.00298690795898438 -0.04937744140625 -0.0242462158203125 -0.00551605224609376
-0.0405387878417969 -0.0226020812988281 0.0587081909179687 0.000480651855468749
-0.0364990234375 0.0194091796875 0.0667152404785156 -0.0621566772460938
-0.0109901428222656 0.0389289855957031 0.0141525268554687 -0.0969314575195313
0.0207271575927734 0.0322837829589844 -0.0457611083984375 -0.0999374389648438
0.0205135345458984 0.0193214416503906 -0.0857086181640625 -0.0625381469726562
0.0134201049804688 0.0198593139648438 -0.07763671875 -0.0411148071289062
0.0119075775146484 0.0220146179199219 -0.0709381103515625 -0.0280303955078125
-0.00256538391113281 0.0194187164306641 -0.0606689453125 -0.0333633422851562
-0.0197086334228516 0.00581741333007812 -0.0617523193359375 -0.0384750366210938
-0.023773193359375 -0.0251941680908203 -0.0632743835449219 -0.0614204406738281
0.0137290954589844 -0.0419044494628906 -0.0446548461914063 -0.0924911499023438
0.05242919921875 -0.0277862548828125 -0.0720138549804687 -0.113395690917969
0.0705032348632813 -0.00339508056640625 -0.100440979003906 -0.133155822753906
0.084564208984375 0.0289993286132812 -0.0225448608398437 -0.130470275878906
0.0422477722167969 -0.0178184509277344 -0.0182971954345703 -0.00888442993164063
0.0143985748291016 -0.0278415679931641 0.0713043212890625 0.00530242919921875
-0.00756549835205078 -0.0136499404907227 0.0814361572265625 -0.0621566772460938
-0.00727033615112305 -0.00228595733642578 0.0259323120117188 -0.104331970214844
-0.00229239463806152 0.00319719314575195 -0.0437164306640625 -0.106544494628906
-0.0112485885620117 -0.000235557556152343 -0.087249755859375 -0.0651092529296875
-0.0148153305053711 -0.00487899780273438 -0.0755462646484375 -0.0400466918945313
-0.0172176361083984 -0.00189590454101563 -0.0694084167480469 -0.0254325866699219
-0.0150632858276367 -0.0112400054931641 -0.0613250732421875 -0.0268020629882812
-0.00842475891113281 -0.0276508331298828 -0.0602531433105469 -0.0300559997558594
0.0122337341308594 -0.0464515686035156 -0.0662040710449219 -0.0547866821289062
0.0622024536132813 -0.025482177734375 -0.049041748046875 -0.0789108276367188
0.0884857177734375 0.00965118408203125 -0.0737380981445312 -0.0991058349609375
0.0986328125 0.0562362670898437 -0.0902175903320313 -0.117500305175781
0.104591369628906 0.0872421264648438 0.00650024414062502 -0.116226196289063
0.0811767578125 0.0273513793945312 -0.00359869003295898 -0.0020596981048584
0.076812744140625 -0.0201263427734375 0.0843658447265625 0.0177078247070313
0.0340843200683594 -0.0426597595214844 0.0978546142578125 -0.0529022216796875
0.0051422119140625 -0.0459976196289063 0.0438766479492188 -0.1021728515625
-0.0200748443603516 -0.0319423675537109 -0.0331878662109375 -0.105484008789063
-0.0406761169433594 -0.0224990844726563 -0.0768280029296875 -0.0622100830078125
-0.040985107421875 -0.0295257568359375 -0.061859130859375 -0.03265380859375
-0.0469322204589844 -0.0239028930664062 -0.0583343505859375 -0.0152511596679688
-0.0318107604980469 -0.0377006530761719 -0.05474853515625 -0.01031494140625
-0.00769805908203125 -0.0596733093261719 -0.0567817687988281 -0.01287841796875
0.0345916748046875 -0.0713653564453125 -0.0703125 -0.0382766723632812
0.101776123046875 -0.0235671997070313 -0.0554008483886719 -0.0618667602539063
0.119178771972656 0.0303497314453125 -0.0690383911132812 -0.0813446044921875
0.118316650390625 0.100090026855469 -0.0729217529296875 -0.0850143432617188
0.102165222167969 0.135299682617188 0.0383224487304688 -0.0796279907226562
0.103065490722656 0.077362060546875 0.0166606903076172 0.0185909271240234
0.132492065429688 0.00299835205078125 0.0936813354492188 0.037322998046875
0.080322265625 -0.0590438842773437 0.1102294921875 -0.0319747924804688
0.0274810791015625 -0.0827407836914063 0.0620346069335938 -0.0854263305664063
-0.0292472839355469 -0.0653152465820313 -0.015106201171875 -0.0910491943359375
-0.0614891052246094 -0.0442466735839844 -0.0548973083496094 -0.0508575439453125
-0.061767578125 -0.050140380859375 -0.0390510559082031 -0.0205345153808594
-0.07147216796875 -0.0401382446289062 -0.0365371704101563 -0.000679016113281257
-0.0491104125976562 -0.0568580627441406 -0.0402297973632813 0.0111465454101562
-0.0137939453125 -0.0845565795898438 -0.0467376708984375 0.00789260864257813
0.0441818237304687 -0.0933990478515625 -0.0674247741699219 -0.0173797607421875
0.127540588378906 -0.028350830078125 -0.0579719543457031 -0.042999267578125
0.138153076171875 0.0408401489257812 -0.055450439453125 -0.0631332397460938
0.124961853027344 0.127052307128906 -0.0472068786621094 -0.0443687438964844
0.0814666748046875 0.158447265625 0.0674514770507813 -0.0262222290039062
0.099639892578125 0.117179870605469 0.0365638732910156 0.0482826232910156
0.159912109375 0.0363311767578125 0.0926895141601563 0.0602264404296875
0.114250183105469 -0.0552597045898437 0.110923767089844 -0.00208282470703125
0.0504150390625 -0.101043701171875 0.0739974975585938 -0.054901123046875
-0.0296783447265625 -0.0885543823242188 0.00560760498046875 -0.0654640197753906
-0.0717391967773438 -0.0585403442382813 -0.0258235931396484 -0.0339107513427734
-0.0721435546875 -0.0632781982421875 -0.0115032196044922 -0.00513076782226563
-0.0863265991210938 -0.050689697265625 -0.0097494125366211 0.0158662796020508
-0.0604896545410156 -0.0676498413085938 -0.0181064605712891 0.0326042175292969
-0.0197372436523437 -0.0994720458984375 -0.0319976806640625 0.0283298492431641
0.047760009765625 -0.103446960449219 -0.0604476928710938 0.00322723388671875
0.137252807617188 -0.0272598266601563 -0.0560798645019531 -0.0255661010742187
0.13818359375 0.0500030517578125 -0.0348739624023437 -0.0480232238769531
0.112953186035156 0.137733459472656 -0.0179328918457031 -0.00030899047851562
0.0467529296875 0.150482177734375 0.088775634765625 0.0323257446289063
0.0726699829101562 0.129951477050781 0.0525665283203125 0.0802154541015625
0.14892578125 0.0649261474609375 0.0819625854492188 0.0780258178710937
0.121620178222656 -0.0355987548828125 0.100563049316406 0.0283432006835937
0.0631103515625 -0.0948410034179688 0.0758285522460938 -0.019256591796875
-0.0230178833007812 -0.0944366455078125 0.0234165191650391 -0.0322990417480469
-0.0699234008789062 -0.0638580322265625 0.00516891479492187 -0.0124483108520508
-0.072235107421875 -0.0665130615234375 0.0175609588623047 0.0100851058959961
-0.0881805419921875 -0.0544586181640625 0.0202312469482422 0.0299930572509766
-0.062042236328125 -0.0703811645507812 0.00537872314453125 0.0517692565917969
-0.0188522338867188 -0.102157592773438 -0.01513671875 0.04681396484375
0.049835205078125 -0.0993499755859375 -0.0505485534667969 0.0213508605957031
0.132797241210937 -0.0151290893554687 -0.0519332885742187 -0.0132102966308594
0.119773864746094 0.060791015625 -0.0127773284912109 -0.0346889495849609
0.0837478637695313 0.13385009765625 0.00836563110351563 0.0410995483398438
0.00689697265625 0.114288330078125 0.10076904296875 0.08221435546875
0.032470703125 0.114051818847656 0.06268310546875 0.103782653808594
0.107917785644531 0.0744857788085938 0.0650787353515625 0.0867385864257813
0.101898193359375 -0.0131912231445312 0.082733154296875 0.0498809814453125
0.0604476928710937 -0.0722427368164062 0.0690460205078125 0.01068115234375
-0.014190673828125 -0.0821151733398438 0.0384368896484375 -0.00177764892578125
-0.0571098327636719 -0.0573806762695313 0.0343399047851562 0.0066680908203125
-0.0612945556640625 -0.0598907470703125 0.0446510314941406 0.0229835510253906
-0.0776824951171875 -0.0522232055664063 0.0480728149414062 0.043365478515625
-0.0542221069335938 -0.0656852722167969 0.0267410278320313 0.0696945190429688
-0.0120925903320313 -0.093475341796875 -0.003509521484375 0.0643463134765625
0.0521087646484375 -0.08294677734375 -0.0434989929199219 0.0370559692382812
0.117393493652344 0.00327301025390625 -0.0496749877929687 -0.00269317626953126
0.087677001953125 0.0718994140625 0.0046539306640625 -0.0218715667724609
0.041015625 0.116783142089844 0.0263824462890625 0.079010009765625
-0.0327568054199219 0.0577354431152344 0.103439331054688 0.113426208496094
-0.00830078125000001 0.0746917724609375 0.0681228637695313 0.114662170410156
0.0522422790527344 0.0634956359863281 0.0508193969726563 0.0860595703125
0.0634078979492188 0.00569915771484375 0.0670700073242188 0.0608711242675781
0.0437850952148438 -0.0404586791992188 0.0612220764160156 0.0301742553710937
-0.00588607788085937 -0.0556602478027344 0.04876708984375 0.0203475952148437
-0.0372314453125 -0.0415534973144531 0.0563430786132813 0.0210723876953125
-0.0415267944335937 -0.04449462890625 0.0659294128417969 0.0326499938964844
-0.0548286437988281 -0.0432586669921875 0.0705642700195313 0.0548934936523437
-0.0372467041015625 -0.0533485412597656 0.0428466796875 0.0855789184570312
-0.00292205810546874 -0.073638916015625 0.00162506103515626 0.0805282592773438
0.0487861633300781 -0.0565986633300781 -0.0429000854492188 0.051055908203125
0.0882034301757813 0.0221176147460938 -0.0519828796386719 0.00257492065429687
0.0454025268554688 0.0736465454101563 0.0148601531982422 -0.00840568542480468
-0.0071868896484375 0.083648681640625 0.0304718017578125 0.109359741210938
0.0487442016601563 -0.0266456604003906 -0.040802001953125 -0.123870849609375
-0.00321197509765625 -0.0493049621582031 -0.023956298828125 -0.00486946105957032
-0.0402870178222656 -0.0225181579589844 0.058837890625 0.00183486938476562
-0.0363960266113281 0.0195960998535156 0.0680427551269531 -0.0610618591308594
-0.0102348327636719 0.0390739440917969 0.015777587890625 -0.097015380859375
0.0206775665283203 0.0313186645507813 -0.0449600219726563 -0.101264953613281
0.0198802947998047 0.0188922882080078 -0.086273193359375 -0.0633621215820313
0.0128669738769531 0.0193672180175781 -0.0784912109375 -0.04083251953125
0.0113487243652344 0.021881103515625 -0.0710601806640625 -0.0273971557617188
-0.00241851806640625 0.0189800262451172 -0.0610694885253906 -0.0343093872070312
-0.0191097259521484 0.0056915283203125 -0.06182861328125 -0.0392265319824219
-0.0234241485595703 -0.0245571136474609 -0.063690185546875 -0.0621070861816406
0.0140190124511719 -0.040863037109375 -0.0427398681640625 -0.0934829711914063
0.0525741577148437 -0.0268783569335937 -0.06976318359375 -0.1138916015625
0.0706024169921875 -0.0024871826171875 -0.098663330078125 -0.133338928222656
0.0836639404296875 0.0303115844726563 -0.0212936401367187 -0.130058288574219
0.04193115234375 -0.0172462463378906 -0.0185031890869141 -0.0077667236328125
0.0147342681884766 -0.0282382965087891 0.071014404296875 0.0068206787109375
-0.00706195831298828 -0.0127658843994141 0.082977294921875 -0.0612030029296875
-0.00698757171630859 -0.00183439254760742 0.0281906127929688 -0.104278564453125
-0.00101947784423828 0.00243926048278809 -0.0428543090820313 -0.108169555664063
-0.0114145278930664 -0.000946044921875 -0.087310791015625 -0.06591796875
-0.0150299072265625 -0.00532245635986328 -0.0766525268554688 -0.040740966796875
-0.0172958374023438 -0.00237369537353515 -0.0698585510253906 -0.0250930786132813
-0.0143909454345703 -0.0121002197265625 -0.0618629455566406 -0.0273704528808594
-0.00737762451171875 -0.0280952453613281 -0.0604286193847656 -0.0315628051757812
0.0128288269042969 -0.0455207824707031 -0.0671806335449219 -0.0548324584960937
0.0624847412109375 -0.024139404296875 -0.0484619140625 -0.0810928344726563
0.088165283203125 0.0106048583984375 -0.0721664428710938 -0.1004638671875
0.0977554321289063 0.0567474365234375 -0.0887908935546875 -0.117919921875
0.102760314941406 0.0882034301757813 0.00630187988281251 -0.115463256835937
0.0811920166015625 0.0285415649414063 -0.00388026237487793 -0.000246286392211912
0.07757568359375 -0.0200653076171875 0.083740234375 0.019287109375
0.0345191955566406 -0.0419425964355469 0.0992507934570313 -0.0517425537109375
0.00616455078125 -0.0458564758300781 0.0457000732421875 -0.101554870605469
-0.0190658569335938 -0.0321922302246094 -0.0318679809570313 -0.106407165527344
-0.0401763916015625 -0.0232925415039063 -0.07659912109375 -0.0623245239257813
-0.0418510437011719 -0.0308761596679688 -0.0625419616699219 -0.0331764221191406
-0.0464515686035156 -0.0242233276367187 -0.0588836669921875 -0.0151748657226562
-0.0307197570800781 -0.0385627746582031 -0.0555534362792969 -0.0108718872070312
-0.0062103271484375 -0.0596122741699219 -0.0579109191894531 -0.0142669677734375
0.0346527099609375 -0.0713272094726562 -0.0710296630859375 -0.038909912109375
0.102378845214844 -0.0219802856445313 -0.0550918579101562 -0.0630607604980469
0.118782043457031 0.0320358276367188 -0.0682220458984375 -0.0818023681640625
0.118545532226563 0.101448059082031 -0.071929931640625 -0.0857009887695313
0.100341796875 0.13568115234375 0.0386428833007813 -0.0782699584960937
0.102790832519531 0.0793914794921875 0.0153980255126953 0.0209674835205078
0.132675170898438 0.00319671630859375 0.0924453735351563 0.0389633178710938
0.0811767578125 -0.0581893920898438 0.111442565917969 -0.029937744140625
0.02777099609375 -0.08270263671875 0.0638198852539063 -0.0850982666015625
-0.0282173156738281 -0.0651321411132813 -0.0138320922851563 -0.0914993286132813
-0.0613632202148437 -0.0448188781738281 -0.0545539855957031 -0.0511627197265625
-0.06201171875 -0.0516242980957031 -0.0397529602050781 -0.0208015441894531
-0.0709991455078125 -0.0407562255859375 -0.0373916625976563 -0.000701904296874997
-0.0478057861328125 -0.0571975708007813 -0.0400657653808594 0.0105705261230469
-0.01263427734375 -0.084564208984375 -0.0473747253417969 0.00716400146484375
0.0452499389648438 -0.092559814453125 -0.0698928833007813 -0.0183944702148438
0.1282958984375 -0.0275497436523438 -0.0579605102539062 -0.0447540283203125
0.1375732421875 0.0431747436523437 -0.0552940368652344 -0.0639495849609375
0.124710083007813 0.128517150878906 -0.047027587890625 -0.0450515747070312
0.0791015625 0.1593017578125 0.0662384033203125 -0.0244979858398437
0.0986785888671875 0.119186401367188 0.0345191955566406 0.0507278442382813
0.159866333007813 0.0370941162109375 0.091033935546875 0.0609130859375
0.11468505859375 -0.0541915893554688 0.112030029296875 -0.000602722167968753
0.0506057739257812 -0.100059509277344 0.075439453125 -0.0545196533203125
-0.0286941528320313 -0.0882034301757813 0.00675582885742187 -0.0644760131835938
-0.07061767578125 -0.0594635009765625 -0.0258331298828125 -0.0335884094238281
-0.07318115234375 -0.0642852783203125 -0.0111474990844727 -0.00517368316650391
-0.0859451293945312 -0.0510177612304688 -0.00954723358154297 0.0153417587280273
-0.0594673156738281 -0.0673980712890625 -0.0185165405273438 0.0331783294677734
-0.0188446044921875 -0.098846435546875 -0.0331230163574219 0.0280857086181641
0.04815673828125 -0.102745056152344 -0.0619239807128906 0.00261688232421874
0.13812255859375 -0.0268783569335938 -0.0561599731445313 -0.0272331237792969
0.13739013671875 0.0521316528320313 -0.03533935546875 -0.048583984375
0.112838745117188 0.139488220214844 -0.0182075500488281 -0.00106811523437499
0.0447235107421875 0.151641845703125 0.0867691040039063 0.0344467163085938
0.071258544921875 0.131500244140625 0.0503387451171875 0.080657958984375
0.148605346679688 0.065155029296875 0.0797805786132813 0.0789642333984375
0.121658325195313 -0.0346450805664063 0.100387573242188 0.0297088623046875
0.06402587890625 -0.0949020385742188 0.0756683349609375 -0.0190277099609375
-0.0217514038085937 -0.0943603515625 0.0249176025390625 -0.0314426422119141
-0.0684814453125 -0.0641288757324219 0.0059976577758789 -0.0123977661132813
-0.0723190307617188 -0.0671844482421875 0.0181922912597656 0.00981521606445312
-0.0880508422851563 -0.0546035766601563 0.0202617645263672 0.0303478240966797
-0.0619163513183594 -0.0702705383300781 0.00497817993164062 0.0525245666503906
-0.0183944702148437 -0.101615905761719 -0.0171585083007813 0.0469207763671875
0.050567626953125 -0.098663330078125 -0.05279541015625 0.0208511352539062
0.133560180664063 -0.0155105590820313 -0.0518722534179687 -0.0145416259765625
0.120315551757813 0.0630645751953125 -0.0130729675292969 -0.0363044738769531
0.083038330078125 0.134925842285156 0.00835418701171876 0.0403099060058594
0.00550079345703126 0.114181518554688 0.0981826782226562 0.083953857421875
0.0313720703125 0.114883422851562 0.060516357421875 0.105690002441406
0.107475280761719 0.0744247436523438 0.0631790161132813 0.08831787109375
0.102005004882813 -0.0120468139648438 0.0823974609375 0.0512008666992188
0.0599441528320313 -0.0723190307617188 0.0691909790039063 0.0112152099609375
-0.0141677856445312 -0.081939697265625 0.0389938354492188 -0.00110626220703126
-0.0570755004882813 -0.05712890625 0.0343437194824219 0.00683784484863281
-0.0613517761230469 -0.06048583984375 0.0451202392578125 0.0227890014648437
-0.07733154296875 -0.0522994995117188 0.0477218627929687 0.0434608459472656
-0.0539283752441406 -0.0657119750976563 0.0267410278320312 0.0704421997070313
-0.0120086669921875 -0.0928268432617188 -0.00553131103515626 0.0642166137695313
0.0522308349609375 -0.08270263671875 -0.045562744140625 0.0369300842285156
0.117851257324219 0.00348663330078125 -0.0500068664550781 -0.00387191772460937
0.087890625 0.073150634765625 0.00424575805664063 -0.0233592987060547
0.041412353515625 0.117378234863281 0.02520751953125 0.0783157348632813
-0.033660888671875 0.0567207336425781 0.10076904296875 0.11529541015625
-0.00888824462890625 0.075439453125 0.0661849975585938 0.116561889648438
0.0515594482421875 0.0641021728515625 0.049163818359375 0.0876541137695313
0.0633163452148438 0.0062713623046875 0.066619873046875 0.0627632141113281
0.0440788269042969 -0.0408554077148437 0.0609970092773437 0.0311393737792969
-0.006011962890625 -0.0557022094726562 0.0489692687988281 0.0212821960449219
-0.0364799499511719 -0.0416984558105469 0.0567169189453125 0.0211563110351562
-0.0418128967285156 -0.0444145202636719 0.065643310546875 0.0321083068847656
-0.0554008483886719 -0.0426139831542969 0.0706787109375 0.0548553466796875
-0.037139892578125 -0.0534439086914063 0.0426483154296875 0.0867996215820313
-0.0023345947265625 -0.072967529296875 -0.000228881835937505 0.0806808471679688
0.0485801696777344 -0.056793212890625 -0.04400634765625 0.0501480102539062
0.0889358520507812 0.02178955078125 -0.0517616271972656 0.00191116333007812
0.0454483032226562 0.0742721557617188 0.0144014358520508 -0.00915431976318359
-0.00782012939453125 0.0837020874023437 0.0289535522460937 0.109024047851563
0.0491447448730469 -0.026824951171875 -0.04107666015625 -0.127006530761719
-0.00286483764648437 -0.050384521484375 -0.0253410339355469 -0.00392532348632813
-0.0414657592773438 -0.0228652954101562 0.0605964660644531 0.00341796875
-0.0371246337890625 0.0215339660644531 0.0710601806640625 -0.0624237060546875
-0.00982284545898438 0.04046630859375 0.017669677734375 -0.100120544433594
0.0215244293212891 0.0313243865966797 -0.04638671875 -0.104644775390625
0.0202617645263672 0.0185890197753906 -0.0890655517578125 -0.0653457641601563
0.0131893157958984 0.0199527740478516 -0.0818099975585938 -0.0422592163085938
0.0119495391845703 0.0215797424316406 -0.0740890502929688 -0.02838134765625
-0.00221443176269531 0.0184516906738281 -0.0634956359863281 -0.0357513427734375
-0.019134521484375 0.0059356689453125 -0.0644302368164063 -0.0410041809082031
-0.02386474609375 -0.0248775482177734 -0.0656242370605469 -0.0641326904296875
0.0141754150390625 -0.0414581298828125 -0.0432891845703125 -0.0970916748046875
0.0546531677246094 -0.0274925231933594 -0.0699539184570312 -0.117897033691406
0.0714950561523438 -0.00279998779296875 -0.09967041015625 -0.13787841796875
0.0849075317382813 0.0307998657226563 -0.0231399536132812 -0.132278442382813
0.04302978515625 -0.0175018310546875 -0.0199069976806641 -0.00670814514160156
0.0147266387939453 -0.0290794372558594 0.0724029541015625 0.00772857666015625
-0.00705337524414063 -0.0123472213745117 0.0848922729492188 -0.0624008178710937
-0.00643682479858399 -0.00159502029418945 0.0308685302734375 -0.107833862304688
-0.000537514686584473 0.00163745880126953 -0.0435562133789063 -0.112037658691406
-0.0113954544067383 -0.00131797790527344 -0.0899276733398438 -0.0677871704101563
-0.0159263610839844 -0.00597572326660156 -0.0790634155273438 -0.0416793823242188
-0.0176105499267578 -0.00284576416015625 -0.0731887817382813 -0.0252914428710937
-0.0141630172729492 -0.0124340057373047 -0.0643959045410156 -0.0282516479492188
-0.00680732727050781 -0.028594970703125 -0.063446044921875 -0.0325241088867187
0.0126609802246094 -0.0462150573730469 -0.0693931579589844 -0.0568885803222656
0.0643119812011719 -0.0240821838378906 -0.0485916137695313 -0.0837631225585937
0.0902023315429688 0.0113372802734375 -0.0728225708007812 -0.1031494140625
0.100982666015625 0.0579986572265625 -0.0899581909179688 -0.121353149414062
0.104537963867188 0.0914077758789063 0.0064849853515625 -0.116477966308594
0.083251953125 0.0300979614257813 -0.00511026382446289 0.00161027908325196
0.0794754028320313 -0.0206527709960938 0.085479736328125 0.0203094482421875
0.0355567932128906 -0.0424995422363281 0.102737426757812 -0.0521697998046875
0.00749969482421875 -0.0472526550292969 0.0486297607421875 -0.104835510253906
-0.0185680389404297 -0.0339202880859375 -0.0314865112304687 -0.109710693359375
-0.0415763854980469 -0.0241432189941406 -0.0787811279296875 -0.0639114379882812
-0.0431938171386719 -0.0316848754882813 -0.0648384094238281 -0.0340766906738281
-0.0475120544433594 -0.0250511169433594 -0.0615386962890625 -0.0149879455566406
-0.0311355590820313 -0.039093017578125 -0.0577239990234375 -0.0110664367675781
-0.00571823120117188 -0.0611991882324219 -0.060028076171875 -0.0150527954101562
0.0357894897460938 -0.0723419189453125 -0.0747833251953125 -0.040496826171875
0.105964660644531 -0.02203369140625 -0.0560722351074219 -0.0668373107910156
0.121620178222656 0.0342559814453125 -0.069549560546875 -0.0849075317382813
0.121734619140625 0.104621887207031 -0.072845458984375 -0.0882720947265625
0.102096557617188 0.140533447265625 0.0380477905273438 -0.07867431640625
0.105735778808594 0.0827255249023438 0.0146656036376953 0.0229301452636719
0.13616943359375 0.0033111572265625 0.0934677124023438 0.0411758422851563
0.0828018188476563 -0.0592727661132813 0.114593505859375 -0.0299453735351563
0.0288848876953125 -0.0852279663085938 0.066680908203125 -0.08685302734375
-0.0281791687011719 -0.0680389404296875 -0.0128860473632813 -0.0943145751953125
-0.0626335144042969 -0.045379638671875 -0.0565414428710938 -0.0517616271972656
-0.0649871826171875 -0.0534744262695313 -0.0415191650390625 -0.02154541015625
-0.0726776123046875 -0.0415802001953125 -0.038787841796875 -0.000411987304687503
-0.0484809875488281 -0.0583038330078125 -0.0415496826171875 0.0110816955566406
-0.0129547119140625 -0.0866241455078125 -0.0500335693359375 0.00674057006835937
0.0460357666015625 -0.094879150390625 -0.0736465454101563 -0.0189743041992187
0.132255554199219 -0.0281753540039062 -0.0600166320800781 -0.0472831726074219
0.14117431640625 0.0454864501953125 -0.0564804077148437 -0.066192626953125
0.128501892089844 0.132118225097656 -0.0484237670898438 -0.046478271484375
0.07952880859375 0.164199829101563 0.0666275024414063 -0.0238418579101562
0.101814270019531 0.123260498046875 0.0338630676269531 0.0530014038085938
0.164260864257812 0.03753662109375 0.0922317504882813 0.0635833740234375
0.117469787597656 -0.054901123046875 0.115486145019531 0.000633239746093747
0.0524444580078125 -0.103126525878906 0.0778884887695313 -0.0559616088867188
-0.0282821655273437 -0.0911407470703125 0.00812911987304687 -0.0663185119628906
-0.0724716186523438 -0.0613250732421875 -0.0266666412353516 -0.0343093872070313
-0.0758895874023438 -0.0670623779296875 -0.0118131637573242 -0.00604820251464844
-0.0882720947265625 -0.0527114868164062 -0.0102119445800781 0.0153846740722656
-0.0608787536621094 -0.0685386657714844 -0.0194664001464844 0.0339450836181641
-0.0190963745117188 -0.101539611816406 -0.0350799560546875 0.0288448333740234
0.0495681762695313 -0.105491638183594 -0.0660858154296875 0.00225448608398437
0.142562866210938 -0.028411865234375 -0.0571365356445313 -0.0302162170410156
0.141189575195313 0.053680419921875 -0.036102294921875 -0.0508003234863281
0.116485595703125 0.143356323242188 -0.0178928375244141 -0.00186920166015624
0.0444183349609375 0.155349731445313 0.0873641967773438 0.0359268188476563
0.0730438232421875 0.136436462402344 0.0497970581054688 0.0853729248046875
0.153045654296875 0.0665283203125 0.0795059204101563 0.0821456909179687
0.125747680664063 -0.0352401733398438 0.102920532226563 0.031494140625
0.0650634765625 -0.0976409912109375 0.0788497924804687 -0.0188674926757813
-0.0218048095703125 -0.0972213745117188 0.027252197265625 -0.0319118499755859
-0.0699539184570313 -0.0658226013183594 0.00636291503906249 -0.0122909545898438
-0.0761032104492187 -0.0695877075195313 0.0185451507568359 0.00900077819824219
-0.0906295776367187 -0.0552291870117187 0.0214424133300781 0.0309162139892578
-0.0626754760742188 -0.0709152221679688 0.00546646118164063 0.0543098449707031
-0.0190658569335938 -0.104255676269531 -0.0193519592285156 0.0492286682128906
0.0509872436523438 -0.101371765136719 -0.056365966796875 0.0212669372558594
0.137619018554688 -0.0167694091796875 -0.0541534423828125 -0.0162277221679688
0.122947692871094 0.0655136108398438 -0.0145187377929687 -0.0382308959960937
0.0865249633789063 0.138595581054688 0.00837707519531251 0.0409584045410156
0.00437927246093749 0.116973876953125 0.0988693237304687 0.0873260498046875
0.0320205688476563 0.118644714355469 0.0591506958007813 0.108993530273438
0.110824584960938 0.0768814086914063 0.062896728515625 0.0913925170898438
0.104545593261719 -0.011505126953125 0.0846786499023438 0.0538253784179688
0.0621490478515625 -0.0743255615234375 0.0717926025390625 0.0129623413085937
-0.0144424438476563 -0.0842056274414063 0.04119873046875 9.15527343749949E-05
-0.0587959289550781 -0.0583572387695312 0.0358085632324219 0.00706863403320312
-0.0642967224121094 -0.0621452331542969 0.0462722778320312 0.022796630859375
-0.0797500610351563 -0.0531463623046875 0.0496559143066406 0.0443229675292969
-0.0550880432128906 -0.0662841796875 0.0272064208984375 0.0728607177734375
-0.0125198364257812 -0.094451904296875 -0.0066680908203125 0.0656509399414063
0.0526657104492188 -0.0845489501953125 -0.0482177734375 0.0369606018066406
0.121894836425781 0.0029754638671875 -0.0512924194335938 -0.00554656982421875
0.0904998779296875 0.0754623413085937 0.0039215087890625 -0.0250968933105469
0.0422210693359375 0.120147705078125 0.0258026123046875 0.079833984375
-0.0345077514648438 0.05780029296875 0.101348876953125 0.119155883789062
-0.00896453857421876 0.0772247314453125 0.0660400390625 0.119895935058594
0.053253173828125 0.0652008056640625 0.0485916137695313 0.092315673828125
0.0640487670898438 0.00646591186523438 0.0674781799316406 0.0652542114257813
0.0449333190917969 -0.0415687561035156 0.0627632141113281 0.0332603454589844
-0.00619506835937501 -0.0571556091308594 0.0513648986816406 0.0225257873535156
-0.0381050109863281 -0.0414505004882812 0.0587425231933594 0.0215835571289062
-0.0436058044433594 -0.0456161499023438 0.0677070617675781 0.0326995849609375
-0.0574378967285156 -0.0436286926269531 0.0727920532226563 0.0562210083007813
-0.0382194519042969 -0.0546073913574219 0.0433425903320313 0.0894012451171875
-0.0030975341796875 -0.0745773315429687 -0.00133514404296876 0.0830841064453125
0.0491943359375 -0.0580101013183594 -0.0466880798339844 0.0510368347167969
0.0911636352539063 0.0220718383789063 -0.0541191101074219 0.00135803222656249
0.0468521118164062 0.0769271850585938 0.0143213272094727 -0.0109128952026367
-0.00799560546875 0.084930419921875 0.0285720825195313 0.111289978027344
0.0502510070800781 -0.0275535583496094 -0.0450363159179688 -0.12884521484375
-0.00445175170898437 -0.0526542663574219 -0.0259189605712891 -0.00206947326660156
-0.0438117980957031 -0.023468017578125 0.0630874633789062 0.00315475463867187
-0.0376205444335938 0.0233917236328125 0.0730667114257813 -0.0661544799804688
-0.00788879394531249 0.0418548583984375 0.017852783203125 -0.104255676269531
0.0234527587890625 0.0309486389160156 -0.0505294799804687 -0.10906982421875
0.0207271575927734 0.0181827545166016 -0.0944976806640625 -0.0657730102539063
0.0139808654785156 0.0200042724609375 -0.08636474609375 -0.0413742065429687
0.0128669738769531 0.0212364196777344 -0.0781173706054688 -0.0268325805664062
-0.00159454345703125 0.0190830230712891 -0.0672416687011719 -0.0361404418945313
-0.0190505981445313 0.00599288940429687 -0.0680351257324219 -0.041748046875
-0.0257129669189453 -0.0245552062988281 -0.0690841674804688 -0.0657501220703125
0.0142326354980469 -0.0427474975585938 -0.0457077026367188 -0.100227355957031
0.05572509765625 -0.0294609069824219 -0.0733642578125 -0.120124816894531
0.0738906860351563 -0.0050506591796875 -0.104812622070313 -0.14068603515625
0.0874862670898438 0.0316390991210938 -0.0261306762695313 -0.135116577148437
0.0442123413085937 -0.0189399719238281 -0.0210361480712891 -0.00522232055664062
0.0148906707763672 -0.0300750732421875 0.0747146606445313 0.00783538818359375
-0.00718402862548828 -0.0116996765136719 0.08843994140625 -0.0659027099609375
-0.00572681427001953 -0.00142240524291992 0.0308837890625 -0.112800598144531
-0.000571608543395996 0.00157678127288818 -0.0478439331054688 -0.116065979003906
-0.0124759674072266 -0.00119590759277344 -0.0957260131835938 -0.0679397583007812
-0.016749382019043 -0.00606918334960937 -0.0844497680664063 -0.0408096313476563
-0.0184745788574219 -0.00351333618164062 -0.0774688720703125 -0.0243606567382813
-0.0140151977539062 -0.0137643814086914 -0.0684280395507812 -0.0284004211425781
-0.00710868835449218 -0.0298671722412109 -0.0675125122070313 -0.0329856872558594
0.0126914978027344 -0.0476417541503906 -0.0741729736328125 -0.0572052001953125
0.0660476684570313 -0.0254249572753906 -0.0509872436523437 -0.0871429443359375
0.0936279296875 0.0106124877929687 -0.0764846801757813 -0.104934692382813
0.105262756347656 0.05859375 -0.0948104858398437 -0.124893188476562
0.109123229980469 0.0930328369140625 0.00359344482421875 -0.119529724121094
0.0870132446289063 0.0299530029296875 -0.00630187988281249 0.00384664535522461
0.0814743041992187 -0.023834228515625 0.087921142578125 0.0206451416015625
0.0363883972167969 -0.0436935424804688 0.106300354003906 -0.05584716796875
0.00645828247070313 -0.048431396484375 0.0498199462890625 -0.109764099121094
-0.0196151733398438 -0.0353469848632813 -0.0353164672851563 -0.11370849609375
-0.0433197021484375 -0.0243148803710937 -0.0834503173828125 -0.0642166137695313
-0.0465888977050781 -0.0324821472167969 -0.069091796875 -0.0336532592773438
-0.0498809814453125 -0.025543212890625 -0.0647468566894531 -0.0142593383789062
-0.0322723388671875 -0.0405845642089844 -0.0608978271484375 -0.0102500915527344
-0.00646591186523438 -0.0630035400390625 -0.0642929077148438 -0.0142097473144531
0.036285400390625 -0.0754776000976562 -0.0795364379882813 -0.0405502319335938
0.109237670898438 -0.0251388549804688 -0.0593757629394531 -0.0686874389648438
0.12664794921875 0.0334396362304688 -0.0735931396484375 -0.0863800048828125
0.128456115722656 0.105606079101563 -0.0777130126953125 -0.0898818969726563
0.107574462890625 0.144058227539063 0.036590576171875 -0.0810928344726562
0.111160278320313 0.084014892578125 0.0140361785888672 0.0252285003662109
0.14129638671875 -9.1552734375E-05 0.0962905883789063 0.04083251953125
0.0848846435546875 -0.0622482299804688 0.118843078613281 -0.0330581665039063
0.0285873413085937 -0.0884780883789063 0.0690078735351563 -0.092041015625
-0.0305213928222656 -0.0699882507324219 -0.0151901245117188 -0.0980148315429688
-0.0659294128417969 -0.0465202331542969 -0.0597343444824219 -0.0525665283203125
-0.0698318481445313 -0.0532150268554688 -0.0438194274902344 -0.0218276977539063
-0.0763015747070313 -0.0418319702148437 -0.0406494140625 0.000213623046874993
-0.0507583618164063 -0.0592308044433594 -0.0443572998046875 0.0124359130859375
-0.01416015625 -0.0893707275390625 -0.0536537170410156 0.00829315185546874
0.045928955078125 -0.0987319946289063 -0.0782623291015625 -0.017822265625
0.137321472167969 -0.0317306518554688 -0.0628700256347656 -0.0490989685058594
0.146926879882812 0.0445404052734375 -0.0597305297851562 -0.0676651000976562
0.136711120605469 0.135017395019531 -0.0504951477050781 -0.0473403930664062
0.0850677490234375 0.169036865234375 0.0673561096191406 -0.024261474609375
0.107315063476563 0.125770568847656 0.0348091125488281 0.0559616088867188
0.171234130859375 0.0345611572265625 0.0942611694335938 0.0654449462890625
0.120429992675781 -0.0584945678710938 0.119903564453125 -0.000335693359375004
0.052337646484375 -0.1077880859375 0.080902099609375 -0.058929443359375
-0.0307159423828125 -0.09393310546875 0.00813674926757813 -0.0691337585449219
-0.0758132934570312 -0.062164306640625 -0.0281448364257813 -0.0335922241210938
-0.0814437866210937 -0.0677413940429688 -0.0131893157958984 -0.00662326812744141
-0.0923995971679687 -0.0517807006835938 -0.010319709777832 0.0161924362182617
-0.0640487670898437 -0.0699119567871094 -0.0202713012695313 0.0352363586425781
-0.0211105346679687 -0.103797912597656 -0.0374603271484375 0.030303955078125
0.048583984375 -0.109710693359375 -0.070220947265625 0.00463485717773437
0.147918701171875 -0.0326080322265625 -0.0609321594238281 -0.0311431884765625
0.147903442382812 0.0533599853515625 -0.0389556884765625 -0.0525016784667969
0.124664306640625 0.145889282226563 -0.0190753936767578 -0.00179100036621093
0.049163818359375 0.160873413085937 0.0892410278320312 0.0382461547851563
0.0785369873046875 0.140701293945313 0.0509490966796875 0.0884170532226563
0.160232543945313 0.065765380859375 0.0830307006835938 0.0844802856445313
0.129188537597656 -0.0379791259765625 0.107627868652344 0.031890869140625
0.0655441284179687 -0.102882385253906 0.0817108154296875 -0.0206298828125
-0.0243606567382812 -0.0992965698242188 0.0280818939208984 -0.032888412475586
-0.0744705200195312 -0.0661697387695313 0.0059213638305664 -0.01312255859375
-0.0810699462890625 -0.070892333984375 0.0187931060791016 0.00873947143554687
-0.0952377319335938 -0.055450439453125 0.0221176147460937 0.0307025909423828
-0.0664291381835938 -0.072509765625 0.00642776489257812 0.0558891296386719
-0.0211944580078125 -0.106361389160156 -0.0200920104980469 0.0509071350097656
0.0504684448242187 -0.105880737304687 -0.0595436096191406 0.0230331420898437
0.143295288085937 -0.020294189453125 -0.0565452575683594 -0.0167083740234375
0.129150390625 0.0653915405273438 -0.0159568786621094 -0.0403518676757812
0.0926055908203125 0.140914916992187 0.0087890625 0.0420074462890625
0.00633239746093751 0.121688842773438 0.102569580078125 0.0896453857421875
0.03546142578125 0.122383117675781 0.0615005493164063 0.113838195800781
0.116279602050781 0.0768280029296875 0.0652923583984375 0.0941085815429688
0.107749938964844 -0.0132217407226563 0.0881195068359375 0.054534912109375
0.0627365112304688 -0.0788726806640625 0.0750274658203125 0.012176513671875
-0.0163345336914063 -0.086822509765625 0.0434226989746094 0.000465393066406245
-0.0620079040527344 -0.0586166381835938 0.0377120971679687 0.0063934326171875
-0.0693016052246094 -0.0630722045898438 0.0488853454589844 0.0216560363769531
-0.0846710205078125 -0.052398681640625 0.0528602600097656 0.0440711975097656
-0.057830810546875 -0.0681419372558594 0.0298309326171875 0.0748825073242188
-0.0153350830078125 -0.0968704223632813 -0.0074920654296875 0.0679168701171875
0.0524063110351562 -0.08880615234375 -0.0508499145507812 0.0395774841308594
0.126213073730469 -0.00119781494140625 -0.0541839599609375 -0.0062408447265625
0.0959548950195312 0.0763931274414063 0.00272941589355469 -0.0270366668701172
0.0465316772460938 0.123153686523438 0.0275802612304687 0.0815811157226563
-0.0363197326660156 0.0611038208007813 0.105300903320313 0.121971130371094
-0.00838470458984375 0.079986572265625 0.068389892578125 0.123947143554688
0.0572967529296875 0.0658683776855469 0.050811767578125 0.0952682495117188
0.0669403076171875 0.00609970092773438 0.07183837890625 0.067047119140625
0.0454788208007813 -0.0443954467773438 0.0663375854492188 0.0336685180664063
-0.007659912109375 -0.0595550537109375 0.0543594360351563 0.0230827331542969
-0.0409355163574219 -0.0419960021972656 0.0620040893554688 0.0206108093261719
-0.0472602844238281 -0.0459632873535156 0.0710220336914063 0.0306243896484375
-0.0605430603027344 -0.042694091796875 0.0762481689453125 0.0555877685546875
-0.0409088134765625 -0.0558929443359375 0.0473403930664062 0.0917510986328125
-0.00444030761718749 -0.076263427734375 -0.00115203857421875 0.0858688354492187
0.0499000549316406 -0.0611228942871094 -0.0493698120117188 0.0534439086914062
0.0954742431640625 0.0195236206054688 -0.056182861328125 0.000854492187500012
0.0503921508789063 0.0783843994140625 0.013728141784668 -0.0133352279663086
-0.00614166259765625 0.088043212890625 0.0311813354492188 0.113876342773438
0.0501136779785156 -0.0298995971679688 -0.0508193969726563 -0.13031005859375
-0.00750732421875 -0.0532150268554688 -0.0266742706298828 9.91821289062469E-05
-0.0462265014648438 -0.0217552185058594 0.0649566650390625 0.00198745727539062
-0.0369148254394531 0.0256118774414063 0.0729141235351563 -0.0697708129882813
-0.00623703002929688 0.0432014465332031 0.0152587890625 -0.108322143554688
0.0241413116455078 0.0297527313232422 -0.055999755859375 -0.110252380371094
0.0219745635986328 0.0173664093017578 -0.100013732910156 -0.0633087158203125
0.0147895812988281 0.0196895599365234 -0.0911102294921875 -0.0372161865234375
0.0136661529541016 0.0212268829345703 -0.081329345703125 -0.0239028930664062
-0.000110626220703127 0.0185871124267578 -0.0711593627929688 -0.0346832275390625
-0.0190982818603516 0.00658798217773437 -0.0723724365234375 -0.04119873046875
-0.0271282196044922 -0.0236549377441406 -0.0727081298828125 -0.0640029907226563
0.0130805969238281 -0.0438079833984375 -0.049591064453125 -0.101470947265625
0.0560035705566406 -0.0324630737304688 -0.078094482421875 -0.120246887207031
0.0752792358398438 -0.00865936279296875 -0.111900329589844 -0.140220642089844
0.0911026000976563 0.0293197631835938 -0.03179931640625 -0.135475158691406
0.0448265075683594 -0.0205116271972656 -0.0213222503662109 -0.00231170654296875
0.013580322265625 -0.0317916870117188 0.0767440795898438 0.00609588623046875
-0.00687408447265625 -0.0117197036743164 0.0882720947265625 -0.0712661743164063
-0.00576496124267578 -0.00131082534790039 0.0281753540039062 -0.117538452148438
-0.000476747751235962 0.000266432762145996 -0.0535507202148438 -0.118148803710937
-0.0132436752319336 -0.00171566009521485 -0.101104736328125 -0.0654525756835938
-0.0181961059570312 -0.00605392456054688 -0.0890579223632812 -0.0378952026367188
-0.0190925598144531 -0.00308418273925781 -0.0811004638671875 -0.0209274291992187
-0.0150442123413086 -0.0135183334350586 -0.0714035034179688 -0.0263442993164063
-0.00778770446777344 -0.0301532745361328 -0.0716781616210938 -0.031585693359375
0.0113296508789062 -0.0493202209472656 -0.0790634155273437 -0.0558929443359375
0.0674018859863281 -0.0287055969238281 -0.05462646484375 -0.087493896484375
0.0958633422851563 0.00731658935546875 -0.0808181762695313 -0.105209350585937
0.109443664550781 0.0552215576171875 -0.101448059082031 -0.123489379882812
0.115036010742188 0.09173583984375 -0.00153350830078123 -0.121261596679688
0.090362548828125 0.02740478515625 -0.00706243515014648 0.00585174560546875
0.0821075439453125 -0.02764892578125 0.089996337890625 0.0190200805664062
0.035369873046875 -0.0458564758300781 0.106758117675781 -0.060821533203125
0.00523757934570313 -0.0502204895019531 0.0477294921875 -0.115509033203125
-0.0211410522460937 -0.0356483459472656 -0.0403060913085938 -0.115898132324219
-0.0452346801757813 -0.0236701965332031 -0.0882186889648438 -0.0615005493164062
-0.0499420166015625 -0.031005859375 -0.0736618041992188 -0.0310134887695313
-0.0523300170898438 -0.0239715576171875 -0.0673255920410156 -0.0112838745117188
-0.0339546203613281 -0.0409927368164062 -0.0632667541503906 -0.00770568847656249
-0.00876998901367188 -0.0648040771484375 -0.0676956176757813 -0.0125198364257812
0.0341262817382813 -0.0785675048828125 -0.0847625732421875 -0.0378189086914063
0.111961364746094 -0.0304946899414063 -0.0629119873046875 -0.0693321228027344
0.131118774414063 0.0301513671875 -0.0777130126953125 -0.085662841796875
0.135734558105469 0.103080749511719 -0.0826187133789062 -0.0892791748046875
0.115737915039062 0.14373779296875 0.0339584350585938 -0.0830535888671875
0.1177978515625 0.0819015502929687 0.0142421722412109 0.0273494720458984
0.14447021484375 -0.0060272216796875 0.0988616943359375 0.0398101806640625
0.08465576171875 -0.0660476684570313 0.121345520019531 -0.0381317138671875
0.0252914428710938 -0.091888427734375 0.0680618286132813 -0.0970840454101562
-0.0336151123046875 -0.0705337524414063 -0.0184478759765625 -0.100028991699219
-0.0691299438476563 -0.0452880859375 -0.0628128051757813 -0.0506973266601562
-0.0742950439453125 -0.0521774291992187 -0.0467681884765625 -0.0204582214355469
-0.0802459716796875 -0.0395431518554688 -0.0429649353027344 0.00222778320312499
-0.0537757873535156 -0.0593414306640625 -0.0452194213867188 0.0151329040527344
-0.0174789428710938 -0.0907974243164063 -0.0557746887207031 0.0104560852050781
0.0429840087890625 -0.102935791015625 -0.0829086303710938 -0.0144882202148438
0.139801025390625 -0.0385971069335938 -0.0663375854492188 -0.0494384765625
0.152816772460938 0.040496826171875 -0.0638580322265625 -0.0678253173828125
0.144790649414063 0.132553100585937 -0.0536041259765625 -0.0471267700195313
0.0933074951171875 0.170257568359375 0.0667991638183594 -0.0257377624511719
0.114891052246094 0.125648498535156 0.035858154296875 0.0578231811523438
0.177215576171875 0.02825927734375 0.0981521606445313 0.0632705688476563
0.121757507324219 -0.0642547607421875 0.123428344726562 -0.004608154296875
0.0487594604492188 -0.113044738769531 0.0821075439453125 -0.0633010864257813
-0.0351333618164062 -0.0952072143554688 0.0063018798828125 -0.0713653564453125
-0.0804672241210938 -0.0598831176757812 -0.0301189422607422 -0.0334281921386719
-0.08740234375 -0.0654144287109375 -0.0139579772949219 -0.00586795806884766
-0.0972518920898437 -0.0484771728515625 -0.0107126235961914 0.0170421600341797
-0.0675888061523438 -0.0691146850585938 -0.0189743041992188 0.0375289916992187
-0.0258407592773438 -0.105270385742187 -0.0388450622558594 0.0326080322265625
0.0456314086914062 -0.114173889160156 -0.074005126953125 0.00730133056640626
0.150070190429688 -0.0402984619140625 -0.0640373229980469 -0.0310783386230469
0.153396606445313 0.0491790771484375 -0.0422096252441406 -0.05401611328125
0.133712768554688 0.143951416015625 -0.0201320648193359 -0.00098037719726562
0.0556640625 0.16375732421875 0.09161376953125 0.0358505249023438
0.0861968994140625 0.140853881835938 0.0542373657226563 0.090179443359375
0.166900634765625 0.0600433349609375 0.0869522094726563 0.0842208862304688
0.130767822265625 -0.0445785522460937 0.11175537109375 0.0275955200195312
0.0630569458007813 -0.108322143554687 0.0840988159179688 -0.0247039794921875
-0.0296173095703125 -0.10150146484375 0.0294952392578125 -0.0347137451171875
-0.0780410766601563 -0.0644454956054688 0.00590038299560546 -0.0127429962158203
-0.0869598388671875 -0.06805419921875 0.0193500518798828 0.00758552551269531
-0.0997390747070313 -0.0519943237304688 0.0242977142333984 0.0299701690673828
-0.0701675415039062 -0.0711288452148438 0.00922775268554687 0.057281494140625
-0.0264968872070312 -0.107215881347656 -0.0205421447753906 0.0523300170898437
0.0472335815429687 -0.110504150390625 -0.0622138977050781 0.0268898010253906
0.145843505859375 -0.028533935546875 -0.0593795776367187 -0.0165977478027344
0.134986877441406 0.0618057250976563 -0.018096923828125 -0.0419883728027344
0.101333618164063 0.140869140625 0.010223388671875 0.0424957275390625
0.0107498168945312 0.12451171875 0.106826782226562 0.0886459350585938
0.041229248046875 0.124000549316406 0.0656280517578125 0.114585876464844
0.122367858886719 0.072906494140625 0.0689010620117188 0.0959548950195312
0.110206604003906 -0.0176773071289063 0.092498779296875 0.0532760620117188
0.060943603515625 -0.0834197998046875 0.0777053833007813 0.0102615356445312
-0.0207138061523438 -0.0887985229492187 0.0463714599609375 -0.00146484375000001
-0.0655097961425781 -0.0571746826171875 0.0391426086425781 0.00524139404296875
-0.0743331909179688 -0.0613632202148438 0.0503959655761719 0.018951416015625
-0.0887451171875 -0.0491790771484375 0.0557212829589844 0.0424079895019531
-0.0621986389160156 -0.0661697387695313 0.0343551635742188 0.0753173828125
-0.0196609497070313 -0.0984039306640625 -0.00638580322265625 0.0706024169921875
0.04913330078125 -0.09246826171875 -0.0527801513671875 0.0428009033203125
0.129615783691406 -0.007293701171875 -0.0561141967773437 -0.00510025024414062
0.101142883300781 0.073699951171875 0.000898361206054691 -0.0289535522460937
0.0524673461914063 0.1240234375 0.0306854248046875 0.081939697265625
-0.0348281860351563 0.0641822814941406 0.110908508300781 0.121147155761719
-0.00518798828125 0.081939697265625 0.0731430053710938 0.125251770019531
0.0616912841796875 0.0643692016601563 0.05499267578125 0.0969390869140625
0.0694046020507813 0.00372695922851563 0.0762939453125 0.0675048828125
0.0445365905761719 -0.047943115234375 0.0694084167480469 0.0322151184082031
-0.0111656188964844 -0.0602493286132812 0.0579338073730469 0.0217971801757812
-0.0429229736328125 -0.0406608581542969 0.064697265625 0.0187149047851562
-0.0511665344238281 -0.0444717407226562 0.0740280151367188 0.0276107788085938
-0.0641517639160156 -0.0403480529785156 0.08111572265625 0.0529556274414063
-0.0446319580078125 -0.0546150207519531 0.0522918701171875 0.0914535522460938
-0.00846099853515625 -0.0775299072265625 0.0011444091796875 0.0888442993164062
0.0476303100585938 -0.0649299621582031 -0.0494461059570312 0.05694580078125
0.098724365234375 0.01470947265625 -0.0577735900878906 0.00215530395507812
0.0553359985351563 0.077880859375 0.0129261016845703 -0.0159578323364258
-0.00315093994140625 0.0903091430664063 0.035888671875 0.115524291992188
0.0493850708007813 -0.0312728881835938 -0.0556182861328125 -0.127723693847656
-0.00981903076171874 -0.0526123046875 -0.0270500183105469 0.00200080871582031
-0.0474090576171875 -0.0196418762207031 0.0657196044921875 0.000617980957031249
-0.0355300903320312 0.0274581909179688 0.0712051391601563 -0.0729446411132813
-0.00346755981445313 0.0434303283691406 0.0123214721679687 -0.110298156738281
0.0256710052490234 0.0283145904541016 -0.0609588623046875 -0.109138488769531
0.0222148895263672 0.015960693359375 -0.103080749511719 -0.0592193603515625
0.0158729553222656 0.0187835693359375 -0.0943069458007813 -0.0329208374023438
0.0148067474365234 0.0198078155517578 -0.0828933715820313 -0.0199966430664062
0.000398635864257813 0.0178050994873047 -0.0737075805664063 -0.0321807861328125
-0.0184860229492188 0.00671195983886719 -0.0753707885742187 -0.0388107299804688
-0.0283336639404297 -0.0220928192138672 -0.0757598876953125 -0.0622329711914063
0.011260986328125 -0.0442276000976563 -0.05181884765625 -0.101287841796875
0.0550041198730469 -0.0355720520019531 -0.0815963745117188 -0.118194580078125
0.0743255615234375 -0.0114517211914062 -0.115409851074219 -0.136451721191406
0.0929489135742188 0.0263442993164063 -0.0366134643554688 -0.133956909179688
0.043975830078125 -0.0223388671875 -0.0215339660644531 -0.000209808349609374
0.0115947723388672 -0.0322151184082031 0.0770187377929688 0.00507354736328125
-0.00693225860595703 -0.0109357833862305 0.0871658325195313 -0.0739517211914063
-0.00542163848876953 -0.00128650665283203 0.024627685546875 -0.119522094726563
8.24630260467529E-05 -0.00054517388343811 -0.0588607788085938 -0.116928100585937
-0.0133504867553711 -0.0016775131225586 -0.104568481445313 -0.061614990234375
-0.0186653137207031 -0.0052032470703125 -0.0914688110351563 -0.0332412719726562
-0.0189132690429688 -0.00347900390625 -0.0826263427734375 -0.0173721313476562
-0.0144815444946289 -0.0144453048706055 -0.0735321044921875 -0.0237960815429687
-0.00863456726074219 -0.0311393737792969 -0.0741043090820313 -0.0294952392578125
0.00988006591796875 -0.04937744140625 -0.0818023681640625 -0.0532073974609375
0.0668716430664063 -0.0310287475585938 -0.0569076538085937 -0.0875244140625
0.0971603393554688 0.003875732421875 -0.0841140747070313 -0.102813720703125
0.11163330078125 0.0513076782226562 -0.105392456054687 -0.120162963867188
0.119140625 0.0885086059570313 -0.00638580322265624 -0.119804382324219
0.0916900634765625 0.02410888671875 -0.00732612609863281 0.0087122917175293
0.0812606811523438 -0.0312118530273438 0.0909500122070313 0.0170059204101562
0.0348396301269531 -0.0469703674316406 0.105888366699219 -0.0645599365234375
0.00350189208984375 -0.0502700805664062 0.0440521240234375 -0.117668151855469
-0.0225963592529297 -0.0349063873291016 -0.0448150634765625 -0.115379333496094
-0.0461387634277344 -0.0223655700683594 -0.0910110473632813 -0.058258056640625
-0.0517730712890625 -0.0296173095703125 -0.0756988525390625 -0.02801513671875
-0.0533065795898437 -0.0227241516113281 -0.0687332153320313 -0.00752258300781251
-0.0348587036132813 -0.0404205322265625 -0.064483642578125 -0.00520706176757812
-0.010650634765625 -0.0651397705078125 -0.0697441101074219 -0.0101432800292969
0.0315322875976562 -0.0799713134765625 -0.0870590209960938 -0.0342788696289063
0.111518859863281 -0.0348052978515625 -0.0654754638671875 -0.0689544677734375
0.13287353515625 0.025421142578125 -0.0802841186523437 -0.0836181640625
0.139739990234375 0.0979995727539063 -0.0848312377929687 -0.0864486694335938
0.121612548828125 0.140335083007813 0.0303955078125 -0.0827178955078125
0.121139526367188 0.0779342651367188 0.0142860412597656 0.0290966033935547
0.144500732421875 -0.0123443603515625 0.0998611450195313 0.03729248046875
0.08294677734375 -0.0694961547851563 0.120567321777344 -0.0421524047851563
0.02142333984375 -0.0931777954101563 0.065887451171875 -0.100601196289063
-0.0356826782226563 -0.0694503784179687 -0.021881103515625 -0.100234985351563
-0.07080078125 -0.042327880859375 -0.0652389526367188 -0.0478286743164063
-0.0774154663085937 -0.0493545532226563 -0.04913330078125 -0.01824951171875
-0.0819168090820313 -0.0365142822265625 -0.0434455871582031 0.00489425659179688
-0.0560188293457031 -0.0573463439941406 -0.0450668334960938 0.0169105529785156
-0.0210647583007812 -0.0903167724609375 -0.0572509765625 0.012481689453125
0.0387115478515625 -0.105255126953125 -0.0854110717773438 -0.0107040405273438
0.139045715332031 -0.04522705078125 -0.0690231323242187 -0.0483322143554687
0.154312133789063 0.0355072021484375 -0.0670623779296875 -0.0662841796875
0.151351928710938 0.126358032226563 -0.0551834106445312 -0.0448074340820312
0.100509643554688 0.167617797851563 0.0646820068359375 -0.0267066955566406
0.120468139648437 0.121696472167969 0.0372505187988281 0.0592155456542969
0.178131103515625 0.0206298828125 0.0990753173828125 0.0620498657226563
0.119346618652344 -0.0695114135742188 0.123809814453125 -0.0089874267578125
0.0444107055664062 -0.116157531738281 0.0810546875 -0.067169189453125
-0.039398193359375 -0.093719482421875 0.004547119140625 -0.0717086791992188
-0.0825653076171875 -0.0567169189453125 -0.030364990234375 -0.0318565368652344
-0.091827392578125 -0.0610427856445313 -0.0154609680175781 -0.00584602355957031
-0.0995559692382812 -0.0447235107421875 -0.00998687744140626 0.0177459716796875
-0.0697174072265625 -0.0667037963867188 -0.0174636840820313 0.0381851196289062
-0.029754638671875 -0.104385375976562 -0.0395622253417969 0.0342941284179687
0.0410537719726563 -0.116767883300781 -0.0761032104492188 0.01202392578125
0.149429321289063 -0.0469970703125 -0.0659866333007812 -0.0301780700683594
0.155990600585938 0.0436553955078125 -0.0445518493652344 -0.0528335571289063
0.139976501464844 0.138511657714844 -0.0201816558837891 -0.00129127502441405
0.061859130859375 0.163253784179688 0.091156005859375 0.0342178344726563
0.091888427734375 0.1385498046875 0.0557708740234375 0.0907821655273438
0.170196533203125 0.052703857421875 0.088623046875 0.0829620361328125
0.130416870117188 -0.048980712890625 0.112892150878906 0.02496337890625
0.0577850341796875 -0.110870361328125 0.0849075317382813 -0.0276260375976563
-0.0330963134765625 -0.10040283203125 0.0288162231445312 -0.0362777709960938
-0.0811080932617188 -0.0614547729492187 0.00608062744140624 -0.0130100250244141
-0.09100341796875 -0.0639801025390625 0.0194740295410156 0.00630378723144531
-0.103179931640625 -0.0476303100585938 0.0246391296386719 0.029571533203125
-0.0723724365234375 -0.0686874389648437 0.0109062194824219 0.05792236328125
-0.030426025390625 -0.105743408203125 -0.0205307006835938 0.0539436340332031
0.0428466796875 -0.113006591796875 -0.0633506774902344 0.0297050476074219
0.145797729492188 -0.03533935546875 -0.0601997375488281 -0.0160865783691406
0.137855529785156 0.0565567016601563 -0.0202980041503906 -0.0422744750976563
0.106857299804687 0.137275695800781 0.0120010375976563 0.0415916442871094
0.0148696899414063 0.125389099121094 0.108078002929687 0.0861358642578125
0.0462722778320312 0.123062133789063 0.068572998046875 0.113937377929688
0.125862121582031 0.0673828125 0.0717315673828125 0.09454345703125
0.110687255859375 -0.0222549438476562 0.0945816040039063 0.0508575439453125
0.0571517944335938 -0.08660888671875 0.0791702270507813 0.00769805908203125
-0.0244293212890625 -0.087554931640625 0.0477104187011719 -0.00285339355468751
-0.0672988891601562 -0.0540695190429688 0.03997802734375 0.00413894653320312
-0.0783233642578125 -0.05816650390625 0.0506439208984375 0.0163421630859375
-0.0914535522460938 -0.0451431274414062 0.0571479797363281 0.0394172668457031
-0.0643043518066406 -0.0638313293457031 0.037017822265625 0.074249267578125
-0.0233917236328125 -0.097412109375 -0.00458526611328125 0.0710678100585938
0.0460052490234375 -0.0948944091796875 -0.0529823303222656 0.0453033447265625
0.129470825195313 -0.0134963989257813 -0.0569381713867187 -0.00465393066406249
0.1043701171875 0.06982421875 -0.000541687011718746 -0.0304718017578125
0.0576095581054687 0.122016906738281 0.0333786010742188 0.0805435180664063
-0.0330352783203125 0.0663833618164063 0.113914489746094 0.119102478027344
-0.0021209716796875 0.08270263671875 0.07635498046875 0.123382568359375
0.0647621154785156 0.060821533203125 0.0577850341796875 0.096221923828125
0.0698280334472656 0.000698089599609375 0.0783462524414063 0.0642471313476563
0.0418281555175781 -0.0506095886230469 0.0717849731445313 0.030364990234375
-0.014007568359375 -0.0597000122070313 0.0607833862304687 0.0200347900390625
-0.04461669921875 -0.0385665893554688 0.0654258728027344 0.0155105590820312
-0.0532722473144531 -0.0419921875 0.0745773315429688 0.0234909057617187
-0.066497802734375 -0.0375175476074219 0.0837554931640625 0.0490951538085938
-0.0465126037597656 -0.0528526306152344 0.0572357177734375 0.0893783569335938
-0.0112533569335937 -0.0767593383789063 0.00330352783203125 0.0886077880859375
0.0449104309082031 -0.066497802734375 -0.0492668151855469 0.0582008361816406
0.099761962890625 0.01019287109375 -0.0583724975585937 0.00320816040039061
0.0585784912109375 0.075286865234375 0.0111970901489258 -0.017059326171875
-0.000373840332031244 0.0901031494140625 0.0394515991210938 0.113349914550781
0.0489616394042969 -0.0323333740234375 -0.0571975708007812 -0.125511169433594
-0.0108375549316406 -0.0522422790527344 -0.0262241363525391 0.00387191772460937
-0.0483360290527344 -0.0183563232421875 0.0661544799804688 0.000690460205078124
-0.0332431793212891 0.0281028747558594 0.0705184936523438 -0.0737686157226563
-0.00199508666992187 0.0431900024414063 0.0111541748046875 -0.110450744628906
0.0262184143066406 0.0269565582275391 -0.0629425048828125 -0.107902526855469
0.0222644805908203 0.0145683288574219 -0.104690551757813 -0.0562820434570312
0.0158004760742188 0.0181884765625 -0.0944290161132813 -0.0294036865234375
0.0151004791259766 0.0187911987304688 -0.0826950073242188 -0.0168914794921875
0.000835418701171876 0.016779899597168 -0.07525634765625 -0.0309295654296875
-0.0176963806152344 0.00713539123535156 -0.0764694213867187 -0.0367889404296875
-0.0283565521240234 -0.0205440521240234 -0.0756378173828125 -0.0606460571289063
0.0110626220703125 -0.0440750122070313 -0.0523223876953125 -0.10040283203125
0.05340576171875 -0.0370674133300781 -0.0816574096679687 -0.116157531738281
0.0730438232421875 -0.0123443603515625 -0.115394592285156 -0.133613586425781
0.0929412841796875 0.0252838134765625 -0.0387115478515625 -0.131576538085938
0.0430030822753906 -0.0231971740722656 -0.0211315155029297 0.00197410583496094
0.0110759735107422 -0.0319976806640625 0.0767822265625 0.005340576171875
-0.00593948364257812 -0.0106306076049805 0.0861358642578125 -0.0747299194335938
-0.00474023818969727 -0.00123834609985352 0.0232009887695312 -0.120475769042969
-0.00018763542175293 -0.00104260444641113 -0.0604629516601563 -0.115737915039063
-0.0137491226196289 -0.00204372406005859 -0.105560302734375 -0.0585403442382813
-0.0199165344238281 -0.004730224609375 -0.0922012329101563 -0.0291366577148437
-0.01873779296875 -0.00323104858398437 -0.0824050903320313 -0.0142974853515625
-0.0148353576660156 -0.0148181915283203 -0.0752792358398438 -0.021881103515625
-0.00868034362792969 -0.0306987762451172 -0.0756683349609375 -0.0280838012695313
0.00860977172851562 -0.0485572814941406 -0.0822601318359375 -0.0516815185546875
0.0662689208984375 -0.03253173828125 -0.0577850341796875 -0.0871200561523438
0.095733642578125 0.001953125 -0.0843505859375 -0.100677490234375
0.1114501953125 0.0494842529296875 -0.105682373046875 -0.116996765136719
0.1202392578125 0.0853500366210938 -0.00888061523437499 -0.11767578125
0.0917434692382813 0.0222015380859375 -0.00724029541015624 0.0109243392944336
0.08013916015625 -0.0326614379882813 0.0903854370117188 0.0170211791992187
0.0340919494628906 -0.0469093322753906 0.104995727539063 -0.0661468505859375
0.0024566650390625 -0.0503463745117188 0.0427398681640625 -0.118980407714844
-0.0223522186279297 -0.0349178314208984 -0.0468063354492188 -0.114715576171875
-0.0461807250976563 -0.0213165283203125 -0.0917205810546875 -0.0558319091796875
-0.05328369140625 -0.0280647277832031 -0.0767593383789063 -0.0246810913085937
-0.0533332824707031 -0.0214881896972656 -0.0693588256835937 -0.00512313842773437
-0.0349197387695313 -0.0399360656738281 -0.0651817321777344 -0.00394058227539063
-0.0111846923828125 -0.0649681091308594 -0.0705490112304688 -0.00939941406250002
0.029693603515625 -0.0798797607421875 -0.0880508422851563 -0.0320587158203125
0.111099243164062 -0.037078857421875 -0.0659408569335938 -0.0686874389648438
0.132293701171875 0.023162841796875 -0.0808486938476562 -0.0817718505859375
0.140655517578125 0.094818115234375 -0.0852127075195312 -0.0845260620117188
0.123649597167969 0.137901306152344 0.0276718139648438 -0.0807723999023437
0.122032165527344 0.07464599609375 0.0136184692382813 0.030975341796875
0.143310546875 -0.016021728515625 0.0989761352539063 0.0373001098632813
0.0809402465820313 -0.0700759887695313 0.119636535644531 -0.043548583984375
0.0201568603515625 -0.0931549072265625 0.0652084350585938 -0.101509094238281
-0.0363121032714844 -0.0690078735351563 -0.0236740112304688 -0.10009765625
-0.0708541870117188 -0.0402984619140625 -0.065277099609375 -0.046173095703125
-0.0787506103515625 -0.0468521118164062 -0.0489273071289063 -0.0164451599121094
-0.0825576782226563 -0.033966064453125 -0.0442771911621094 0.00607681274414063
-0.0557632446289062 -0.0559349060058594 -0.0448188781738281 0.0173568725585937
-0.0217437744140625 -0.089569091796875 -0.0582351684570313 0.0136528015136719
0.037353515625 -0.10540771484375 -0.0864181518554687 -0.00856781005859376
0.137680053710938 -0.0483245849609375 -0.0695533752441406 -0.0485763549804688
0.15386962890625 0.032379150390625 -0.0669631958007812 -0.065185546875
0.152496337890625 0.1231689453125 -0.0556411743164063 -0.043060302734375
0.10296630859375 0.166061401367188 0.0629653930664063 -0.0256309509277344
0.121994018554688 0.118637084960938 0.0363998413085938 0.0601730346679688
0.177520751953125 0.0163421630859375 0.0985260009765625 0.0610198974609375
0.117866516113281 -0.0706863403320313 0.122802734375 -0.010406494140625
0.04193115234375 -0.1160888671875 0.0799331665039063 -0.0688705444335938
-0.040130615234375 -0.0928878784179688 0.003570556640625 -0.0718612670898438
-0.0829315185546875 -0.0544357299804687 -0.0311927795410156 -0.0308589935302734
-0.0930404663085938 -0.0585708618164063 -0.0152578353881836 -0.00502586364746094
-0.0995330810546875 -0.0416946411132812 -0.0109214782714844 0.0181388854980469
-0.0700035095214844 -0.0650901794433594 -0.0164146423339844 0.0387153625488281
-0.0311050415039062 -0.103111267089844 -0.0399322509765625 0.0356559753417969
0.0385360717773438 -0.116004943847656 -0.0769195556640625 0.0130996704101563
0.147720336914063 -0.0510101318359375 -0.0664405822753906 -0.03045654296875
0.155914306640625 0.040771484375 -0.0455398559570312 -0.0532188415527344
0.141754150390625 0.134445190429688 -0.0197238922119141 -0.000322341918945306
0.0646209716796875 0.16094970703125 0.09100341796875 0.0342254638671875
0.0939254760742188 0.135513305664063 0.0550765991210938 0.090667724609375
0.170669555664063 0.048187255859375 0.0876617431640625 0.0818252563476563
0.128646850585937 -0.0507125854492187 0.112480163574219 0.0240478515625
0.0563812255859375 -0.112640380859375 0.084686279296875 -0.0284805297851563
-0.0350723266601562 -0.0991134643554688 0.0295982360839844 -0.036102294921875
-0.08111572265625 -0.0588455200195313 0.00567245483398437 -0.0126791000366211
-0.0927581787109375 -0.061370849609375 0.0191078186035156 0.005767822265625
-0.103271484375 -0.0439605712890625 0.0245590209960937 0.0283222198486328
-0.0735092163085938 -0.0665054321289063 0.0127410888671875 0.0564842224121094
-0.0316925048828125 -0.10467529296875 -0.0203323364257813 0.054290771484375
0.0410385131835938 -0.111953735351563 -0.0638999938964844 0.0316238403320313
0.143646240234375 -0.0388946533203125 -0.0607833862304688 -0.0156669616699219
0.138191223144531 0.0535736083984375 -0.0217018127441406 -0.0426979064941406
0.109031677246094 0.134262084960938 0.0125312805175781 0.0409164428710938
0.0173797607421875 0.125389099121094 0.108512878417969 0.0852737426757813
0.048492431640625 0.121063232421875 0.0680007934570313 0.113479614257813
0.12738037109375 0.0635757446289063 0.0715408325195313 0.0938491821289063
0.1094970703125 -0.0243453979492188 0.0949935913085938 0.0490264892578125
0.0549774169921875 -0.0878982543945313 0.0796966552734375 0.0063934326171875
-0.0263214111328125 -0.086517333984375 0.0485115051269531 -0.00401306152343751
-0.06695556640625 -0.0524978637695313 0.0411911010742187 0.003326416015625
-0.079833984375 -0.0546951293945313 0.0505561828613281 0.0148239135742187
-0.091705322265625 -0.0418777465820313 0.0571098327636719 0.0376968383789063
-0.0653152465820313 -0.0621604919433594 0.0390853881835938 0.072265625
-0.02520751953125 -0.0959854125976562 -0.00431060791015625 0.0716476440429687
0.0436172485351563 -0.0948867797851562 -0.0529861450195313 0.0468788146972656
0.128196716308594 -0.0168533325195313 -0.0573806762695313 -0.004730224609375
0.105415344238281 0.0669326782226563 -0.0020008087158203 -0.0315799713134765
0.0592727661132813 0.119270324707031 0.0337753295898438 0.0785446166992188
-0.03082275390625 0.06707763671875 0.1143798828125 0.117225646972656
-0.000152587890624999 0.0822525024414063 0.0762863159179688 0.12200927734375
0.0661430358886719 0.0576820373535156 0.0578765869140625 0.0955047607421875
0.0701446533203125 -0.00114822387695313 0.0794754028320313 0.06341552734375
0.0401268005371094 -0.05078125 0.0723724365234375 0.0292510986328125
-0.0157890319824219 -0.0595855712890625 0.0625038146972656 0.0184288024902344
-0.0442962646484375 -0.0372695922851562 0.0665817260742188 0.0147209167480469
-0.0545501708984375 -0.0403594970703125 0.0747833251953125 0.0212860107421875
-0.0669822692871094 -0.0344009399414063 0.0842437744140625 0.046142578125
-0.0469284057617188 -0.0509033203125 0.0589141845703125 0.0871353149414063
-0.0125045776367188 -0.0758743286132813 0.00417327880859375 0.0887222290039063
0.0429000854492188 -0.066864013671875 -0.0485801696777344 0.0594367980957031
0.0990219116210937 0.0070953369140625 -0.058197021484375 0.00298690795898437
0.0607833862304688 0.0727920532226563 0.00980567932128907 -0.0192089080810547
0.00135040283203125 0.0897598266601562 0.0404891967773438 0.111328125
0.0496406555175781 -0.0322265625 -0.0576095581054688 -0.125701904296875
-0.0117988586425781 -0.0524520874023438 -0.0258407592773438 0.00473022460937499
-0.0483169555664063 -0.0180435180664063 0.0670738220214844 0.0016326904296875
-0.0328273773193359 0.0273456573486328 0.0717620849609375 -0.073455810546875
-0.00172042846679687 0.0427665710449219 0.01123046875 -0.1119384765625
0.0262699127197266 0.0261077880859375 -0.0634689331054688 -0.109512329101562
0.0221309661865234 0.0143241882324219 -0.10601806640625 -0.0556106567382812
0.0158252716064453 0.0182952880859375 -0.0952224731445313 -0.0281524658203125
0.0153903961181641 0.0179042816162109 -0.08331298828125 -0.0159072875976563
0.00101470947265625 0.0154953002929688 -0.0768280029296875 -0.0312423706054688
-0.0179576873779297 0.00721931457519531 -0.0780181884765625 -0.0374832153320313
-0.0280628204345703 -0.0198078155517578 -0.0759658813476563 -0.0616226196289062
0.011199951171875 -0.0442886352539063 -0.0511016845703125 -0.102104187011719
0.053375244140625 -0.0374641418457031 -0.080780029296875 -0.116165161132812
0.0726776123046875 -0.0127792358398437 -0.114463806152344 -0.134590148925781
0.0934295654296875 0.0251846313476563 -0.0385818481445313 -0.130950927734375
0.0425682067871094 -0.0231246948242188 -0.0218544006347656 0.00381851196289062
0.0115966796875 -0.0321712493896484 0.0778121948242188 0.00579833984375
-0.00547599792480469 -0.00987434387207031 0.0874862670898438 -0.075164794921875
-0.00432634353637695 -0.00130224227905273 0.0238418579101563 -0.121726989746094
0.000640988349914551 -0.00131690502166748 -0.0613250732421875 -0.1171875
-0.0135459899902344 -0.00199508666992188 -0.106597900390625 -0.0583953857421875
-0.0197334289550781 -0.0051116943359375 -0.0928878784179688 -0.0284347534179687
-0.0194816589355469 -0.00341606140136719 -0.0833511352539062 -0.0134429931640625
-0.0140180587768555 -0.0159111022949219 -0.0763320922851563 -0.0221176147460938
-0.00847625732421875 -0.0321235656738281 -0.0774688720703125 -0.0290756225585937
0.0089263916015625 -0.0480804443359375 -0.0828857421875 -0.0519943237304688
0.0667228698730469 -0.0326728820800781 -0.0569381713867188 -0.089202880859375
0.09576416015625 0.00194549560546875 -0.0836639404296875 -0.101570129394531
0.111488342285156 0.0493927001953125 -0.104293823242187 -0.117561340332031
0.120986938476563 0.0857315063476563 -0.00817871093749999 -0.116279602050781
0.0919342041015625 0.0223922729492188 -0.00700950622558593 0.0127544403076172
0.0800323486328125 -0.0336532592773438 0.09033203125 0.0183868408203125
0.0344314575195313 -0.0463943481445313 0.105926513671875 -0.06591796875
0.00244522094726563 -0.0505256652832031 0.0438385009765625 -0.120849609375
-0.0219039916992187 -0.0353507995605469 -0.0473861694335938 -0.115516662597656
-0.0465660095214844 -0.022125244140625 -0.0922927856445312 -0.0550613403320313
-0.0537834167480469 -0.02764892578125 -0.077239990234375 -0.0241470336914062
-0.053924560546875 -0.0214118957519531 -0.0697364807128906 -0.00470352172851563
-0.0345573425292969 -0.0407829284667969 -0.0659370422363281 -0.00365447998046875
-0.0109443664550781 -0.0657424926757813 -0.0726852416992188 -0.00891876220703127
0.0299606323242187 -0.0799407958984375 -0.088958740234375 -0.032135009765625
0.11090087890625 -0.0379562377929687 -0.0659408569335938 -0.0708999633789063
0.132316589355469 0.0232009887695313 -0.080322265625 -0.0823593139648438
0.141006469726563 0.095367431640625 -0.08453369140625 -0.084686279296875
0.124641418457031 0.138153076171875 0.0280609130859375 -0.079437255859375
0.122604370117188 0.0752029418945313 0.0136585235595703 0.0340843200683594
0.143722534179688 -0.0170135498046875 0.09893798828125 0.039276123046875
0.081878662109375 -0.0702972412109375 0.120376586914062 -0.0430221557617188
0.0195693969726562 -0.0937957763671875 0.065643310546875 -0.103096008300781
-0.0363044738769531 -0.0693626403808594 -0.0229263305664063 -0.100921630859375
-0.0711898803710938 -0.0412139892578125 -0.0653114318847656 -0.04571533203125
-0.08050537109375 -0.0463027954101562 -0.049896240234375 -0.0159950256347656
-0.0830764770507812 -0.0336074829101562 -0.0443954467773438 0.00714492797851562
-0.0555496215820313 -0.0573921203613281 -0.0447959899902344 0.0183029174804687
-0.0220794677734375 -0.0908584594726563 -0.06005859375 0.0134773254394531
0.03717041015625 -0.106040954589844 -0.0879974365234375 -0.00780487060546874
0.138557434082031 -0.0490951538085937 -0.0697288513183593 -0.0504226684570313
0.154815673828125 0.0327301025390625 -0.0669403076171875 -0.0666732788085938
0.1531982421875 0.123519897460938 -0.0549354553222656 -0.0437355041503906
0.103927612304688 0.16693115234375 0.0634346008300781 -0.02459716796875
0.122703552246094 0.119300842285156 0.0361175537109375 0.0626144409179688
0.178482055664063 0.014892578125 0.098358154296875 0.0631561279296875
0.118820190429688 -0.0703811645507813 0.123512268066406 -0.00982666015625
0.0413665771484375 -0.117469787597656 0.082122802734375 -0.069427490234375
-0.0396881103515625 -0.0932235717773438 0.00440979003906249 -0.0722732543945313
-0.083526611328125 -0.0547637939453125 -0.0301380157470703 -0.0306682586669922
-0.0948257446289063 -0.0575714111328125 -0.0156803131103516 -0.00512790679931641
-0.100570678710938 -0.0411453247070313 -0.0109310150146484 0.0187206268310547
-0.0700645446777344 -0.0643577575683594 -0.0167503356933594 0.0390243530273438
-0.031036376953125 -0.103363037109375 -0.0413703918457031 0.0362205505371094
0.0386428833007813 -0.116889953613281 -0.0781021118164063 0.0146102905273437
0.148162841796875 -0.052093505859375 -0.0675773620605469 -0.0322418212890625
0.156951904296875 0.040283203125 -0.0456733703613281 -0.0539169311523438
0.142288208007813 0.135604858398438 -0.0200061798095703 -0.000579833984374989
0.0657196044921875 0.161972045898438 0.0909194946289063 0.0361328125
0.094512939453125 0.136390686035156 0.0547027587890625 0.0927352905273438
0.170608520507813 0.046966552734375 0.0872573852539063 0.0839309692382813
0.129508972167969 -0.051513671875 0.113441467285156 0.0244140625
0.0556869506835938 -0.113151550292969 0.0854949951171875 -0.0289459228515625
-0.0350723266601563 -0.0998458862304688 0.0299530029296875 -0.037078857421875
-0.08099365234375 -0.0586166381835938 0.00771999359130859 -0.0128889083862305
-0.0942001342773437 -0.0604324340820313 0.0186920166015625 0.00515365600585937
-0.10382080078125 -0.042816162109375 0.0247268676757812 0.0292205810546875
-0.0731887817382813 -0.0659866333007813 0.0130805969238281 0.0559539794921875
-0.0327072143554687 -0.104545593261719 -0.0221633911132813 0.0552482604980469
0.0406646728515625 -0.112869262695313 -0.0654869079589844 0.0323219299316406
0.144180297851562 -0.040069580078125 -0.0621299743652344 -0.0174674987792969
0.138824462890625 0.0536041259765625 -0.0224151611328125 -0.0441246032714844
0.109100341796875 0.134056091308594 0.0121231079101563 0.0407943725585938
0.0176010131835937 0.126174926757813 0.10699462890625 0.0872421264648438
0.0485305786132813 0.121772766113281 0.0668563842773438 0.114959716796875
0.127342224121094 0.062530517578125 0.0706100463867188 0.095367431640625
0.11029052734375 -0.024627685546875 0.0949020385742188 0.0502700805664063
0.054412841796875 -0.088043212890625 0.08099365234375 0.0063323974609375
-0.0266342163085937 -0.086639404296875 0.05010986328125 -0.00397491455078126
-0.0680313110351563 -0.0522499084472656 0.0419425964355469 0.00304794311523437
-0.0808258056640625 -0.0543975830078125 0.0507125854492187 0.0140190124511719
-0.0922775268554688 -0.040496826171875 0.0574417114257813 0.0379600524902344
-0.0646934509277344 -0.0615425109863281 0.0396957397460938 0.0724639892578125
-0.025421142578125 -0.0955429077148438 -0.00582885742187501 0.072784423828125
0.0434188842773438 -0.0952301025390625 -0.0544776916503906 0.0475349426269531
0.128738403320313 -0.018157958984375 -0.0578575134277344 -0.0063629150390625
0.105865478515625 0.066986083984375 -0.00324249267578124 -0.0331192016601562
0.0596466064453125 0.11981201171875 0.0333938598632813 0.0790786743164063
-0.0307655334472656 0.067230224609375 0.113128662109375 0.118553161621094
-0.000152587890624996 0.0822677612304688 0.0750198364257812 0.123497009277344
0.0662727355957031 0.0572509765625 0.0569229125976563 0.0971755981445312
0.0696258544921875 -0.00105667114257813 0.0788650512695313 0.06463623046875
0.0401077270507813 -0.051513671875 0.0745010375976563 0.0301437377929687
-0.0159568786621094 -0.0589637756347656 0.0634918212890625 0.0186691284179688
-0.0449981689453125 -0.0367164611816406 0.0678253173828125 0.0135116577148438
-0.0554542541503906 -0.0395431518554687 0.0747146606445313 0.020233154296875
-0.0673370361328125 -0.0334510803222656 0.0845413208007813 0.044952392578125
-0.0472259521484375 -0.0501251220703125 0.0591278076171875 0.0865936279296875
-0.0131607055664062 -0.0756683349609375 0.0029144287109375 0.0902023315429688
0.0432891845703125 -0.0669593811035156 -0.0503921508789063 0.060089111328125
0.098968505859375 0.00605010986328125 -0.0590705871582031 0.0020294189453125
0.0616607666015625 0.073028564453125 0.00881958007812501 -0.0201320648193359
0.00170135498046874 0.0900497436523437 0.0402145385742188 0.111686706542969
0.0508651733398438 -0.0328178405761719 -0.0575180053710938 -0.128158569335938
-0.0124244689941406 -0.0535736083984375 -0.0267353057861328 0.00617408752441405
-0.0498313903808594 -0.0179557800292969 0.0698890686035156 0.0030059814453125
-0.0332908630371094 0.0282802581787109 0.074981689453125 -0.07464599609375
-0.000957489013671879 0.0439949035644531 0.012481689453125 -0.115470886230469
0.0266380310058594 0.0263442993164062 -0.0658111572265625 -0.113235473632813
0.0221900939941406 0.0139675140380859 -0.1090087890625 -0.0567092895507813
0.0163154602050781 0.0180702209472656 -0.0975265502929688 -0.0281448364257813
0.0153779983520508 0.0172529220581055 -0.0852737426757813 -0.0166549682617187
0.000760078430175782 0.0153493881225586 -0.0799484252929688 -0.0320587158203125
-0.0178298950195313 0.00643539428710937 -0.081146240234375 -0.0387496948242187
-0.0288753509521484 -0.0195732116699219 -0.0775299072265625 -0.0642776489257813
0.0114212036132813 -0.0449714660644531 -0.0504837036132813 -0.106063842773438
0.0537033081054688 -0.0383033752441406 -0.080535888671875 -0.120132446289062
0.0745468139648438 -0.0124588012695313 -0.114189147949219 -0.139068603515625
0.0958480834960938 0.0259323120117188 -0.0383071899414062 -0.133598327636719
0.0441131591796875 -0.02288818359375 -0.0213222503662109 0.00588226318359375
0.0108013153076172 -0.0323619842529297 0.08074951171875 0.00814056396484375
-0.00479793548583984 -0.0104360580444336 0.0905685424804688 -0.0769119262695313
-0.00391793251037598 -0.00121855735778809 0.0261306762695312 -0.126129150390625
0.000517010688781739 -0.00206494331359863 -0.0630645751953125 -0.121604919433594
-0.013972282409668 -0.00272750854492187 -0.109413146972656 -0.0591354370117187
-0.0207710266113281 -0.00519371032714844 -0.0955123901367188 -0.0282058715820313
-0.0198612213134766 -0.00455856323242188 -0.0852279663085938 -0.0128707885742187
-0.0147981643676758 -0.0171737670898438 -0.0796279907226562 -0.0233230590820313
-0.007904052734375 -0.0330181121826172 -0.08062744140625 -0.0297317504882813
0.00975418090820312 -0.0491676330566406 -0.0850067138671875 -0.0535354614257812
0.0690956115722656 -0.0332450866699219 -0.056640625 -0.0930404663085938
0.0974197387695313 0.00262451171875 -0.0843124389648438 -0.104721069335938
0.114044189453125 0.0509185791015625 -0.104202270507812 -0.121261596679688
0.123680114746094 0.0887832641601563 -0.00775909423828123 -0.118095397949219
0.0940322875976562 0.02337646484375 -0.00685501098632812 0.015223503112793
0.0823745727539063 -0.0343399047851563 0.0933914184570312 0.0214309692382812
0.036712646484375 -0.0478515625 0.109413146972656 -0.0665969848632813
0.00281143188476563 -0.0517349243164062 0.045989990234375 -0.124588012695313
-0.0223274230957031 -0.0365715026855469 -0.048553466796875 -0.119575500488281
-0.0474739074707031 -0.0225448608398438 -0.0944061279296875 -0.0561294555664062
-0.0561447143554688 -0.0278129577636719 -0.0797042846679687 -0.0238189697265625
-0.0550918579101563 -0.0225334167480469 -0.0718154907226563 -0.00376129150390625
-0.0353240966796875 -0.0429420471191406 -0.0689811706542969 -0.00411605834960937
-0.0106124877929687 -0.0682716369628906 -0.0755081176757813 -0.00977325439453126
0.0315093994140625 -0.081390380859375 -0.092193603515625 -0.0330429077148438
0.114616394042969 -0.0387649536132812 -0.0668106079101562 -0.0748672485351563
0.135108947753906 0.0247268676757813 -0.0811004638671875 -0.0862197875976562
0.143997192382813 0.0986328125 -0.0854110717773438 -0.087738037109375
0.126785278320313 0.142608642578125 0.0293731689453125 -0.0796279907226562
0.125938415527344 0.07830810546875 0.0138816833496094 0.0368270874023438
0.147552490234375 -0.0179290771484375 0.101753234863281 0.0424880981445313
0.0851898193359375 -0.0713653564453125 0.123756408691406 -0.0433502197265625
0.0207595825195313 -0.0965118408203125 0.06890869140625 -0.106552124023438
-0.0360260009765625 -0.0714111328125 -0.0234298706054688 -0.104339599609375
-0.0727157592773438 -0.0425491333007813 -0.0669593811035156 -0.0470199584960937
-0.0831832885742187 -0.0470123291015625 -0.05181884765625 -0.0157623291015625
-0.08477783203125 -0.034698486328125 -0.0458793640136719 0.00822067260742188
-0.0565032958984375 -0.05902099609375 -0.0469589233398438 0.0183334350585938
-0.0211944580078125 -0.09320068359375 -0.0632514953613281 0.0140571594238281
0.0381011962890625 -0.108375549316406 -0.0916213989257813 -0.00782775878906251
0.142410278320313 -0.0505523681640625 -0.0715866088867187 -0.0540008544921875
0.158447265625 0.033935546875 -0.0684013366699218 -0.0691642761230469
0.155868530273438 0.12744140625 -0.0548896789550781 -0.0446395874023437
0.106124877929687 0.171646118164062 0.0650100708007813 -0.0231590270996094
0.125473022460938 0.12249755859375 0.0363693237304688 0.0667762756347656
0.183074951171875 0.015289306640625 0.0994949340820313 0.067230224609375
0.123130798339844 -0.0716552734375 0.126861572265625 -0.00838470458984376
0.04296875 -0.120010375976563 0.0853347778320313 -0.071807861328125
-0.0396652221679688 -0.0959548950195312 0.00543975830078125 -0.0751876831054688
-0.084686279296875 -0.0566329956054688 -0.0305118560791016 -0.0316123962402344
-0.0974655151367187 -0.05841064453125 -0.0169038772583008 -0.00515270233154297
-0.103691101074219 -0.0411834716796875 -0.0119895935058594 0.0200290679931641
-0.0709686279296875 -0.0666122436523438 -0.0174484252929688 0.0399589538574219
-0.0317611694335937 -0.106048583984375 -0.0435409545898438 0.037261962890625
0.0400848388671875 -0.119773864746094 -0.0815353393554688 0.0155715942382812
0.152450561523438 -0.0537567138671875 -0.0690269470214844 -0.0354194641113281
0.16082763671875 0.0419921875 -0.0472793579101563 -0.05615234375
0.145660400390625 0.1395263671875 -0.0201358795166016 -0.000854492187499996
0.066680908203125 0.166915893554688 0.0920791625976563 0.03948974609375
0.0959014892578125 0.139671325683594 0.0544052124023437 0.0974960327148438
0.175186157226562 0.0473175048828125 0.0879974365234375 0.0886383056640625
0.133430480957031 -0.0510482788085938 0.115447998046875 0.026763916015625
0.056732177734375 -0.116096496582031 0.0898590087890625 -0.0298995971679688
-0.035675048828125 -0.102073669433594 0.0317726135253906 -0.0381698608398438
-0.0823287963867188 -0.0604400634765625 0.00861454010009765 -0.013056755065918
-0.097503662109375 -0.0606536865234375 0.0194644927978516 0.00591468811035156
-0.106536865234375 -0.0433731079101562 0.0246372222900391 0.0301723480224609
-0.0740585327148437 -0.0679702758789063 0.0135917663574219 0.058074951171875
-0.0325546264648437 -0.107063293457031 -0.0238800048828125 0.0572509765625
0.0419769287109375 -0.115158081054688 -0.0680885314941406 0.0341567993164063
0.147628784179688 -0.0413055419921875 -0.0640716552734375 -0.0200271606445313
0.142257690429688 0.0552825927734375 -0.0235595703125 -0.045928955078125
0.111541748046875 0.138298034667969 0.0127677917480469 0.0418510437011719
0.0185012817382813 0.13006591796875 0.108642578125 0.0913925170898438
0.049072265625 0.125007629394531 0.0672149658203125 0.119773864746094
0.130462646484375 0.0637283325195313 0.0708160400390625 0.100189208984375
0.113487243652344 -0.0240707397460938 0.0964202880859375 0.053619384765625
0.055328369140625 -0.0903549194335938 0.0841140747070313 0.00720214843749999
-0.0268020629882813 -0.0887222290039062 0.0525550842285156 -0.00374221801757813
-0.0689964294433594 -0.0535545349121094 0.0441131591796875 0.0023956298828125
-0.0835418701171875 -0.0545578002929688 0.0516357421875 0.0144691467285156
-0.094512939453125 -0.0407485961914062 0.0585098266601563 0.0386810302734375
-0.065185546875 -0.0631484985351563 0.040618896484375 0.0741958618164063
-0.0259017944335937 -0.0978927612304688 -0.0075225830078125 0.0754547119140625
0.0449676513671875 -0.0968246459960938 -0.0571937561035156 0.0491600036621094
0.132011413574219 -0.018402099609375 -0.0600738525390625 -0.00803756713867189
0.108810424804688 0.0687026977539063 -0.00428581237792968 -0.0350475311279297
0.0600433349609375 0.123725891113281 0.0335159301757813 0.0812530517578125
-0.0313720703125 0.0690193176269531 0.114303588867187 0.123611450195312
-0.00113677978515625 0.08404541015625 0.074676513671875 0.127395629882813
0.0671463012695313 0.05767822265625 0.0566787719726563 0.101814270019531
0.071990966796875 -0.0012969970703125 0.0810317993164063 0.06817626953125
0.0404205322265625 -0.0527839660644531 0.0770950317382813 0.032440185546875
-0.0165863037109375 -0.0603675842285156 0.0674934387207031 0.0194587707519531
-0.0458221435546875 -0.0374946594238281 0.0703811645507813 0.0127487182617188
-0.0574188232421875 -0.0401802062988281 0.0759353637695312 0.0202407836914062
-0.0685806274414063 -0.0330390930175781 0.0862808227539063 0.0464096069335938
-0.0482673645019531 -0.051788330078125 0.0608444213867188 0.0888595581054688
-0.0137481689453125 -0.077362060546875 0.00203704833984376 0.09326171875
0.0442390441894531 -0.0678863525390625 -0.0526542663574219 0.0618247985839844
0.101066589355469 0.0059814453125 -0.0608444213867187 0.000415802001953118
0.0624847412109375 0.074798583984375 0.00801658630371094 -0.0219821929931641
0.000930786132812499 0.092529296875 0.03948974609375 0.11480712890625
0.0528945922851563 -0.0348701477050781 -0.061370849609375 -0.133232116699219
-0.014007568359375 -0.0541191101074219 -0.0278739929199219 0.00792694091796874
-0.0520172119140625 -0.0177268981933594 0.07415771484375 0.00362396240234375
-0.0342617034912109 0.0289268493652344 0.078521728515625 -0.0785903930664063
0.000770568847656246 0.045623779296875 0.0120391845703125 -0.122268676757813
0.0278949737548828 0.0268497467041016 -0.0709075927734375 -0.118431091308594
0.0232868194580078 0.0139198303222656 -0.114715576171875 -0.0569381713867188
0.017333984375 0.0191879272460938 -0.102302551269531 -0.026153564453125
0.0156173706054688 0.0177974700927734 -0.089141845703125 -0.0159988403320312
0.000399589538574218 0.0153036117553711 -0.0855026245117188 -0.032867431640625
-0.0185317993164063 0.00668525695800781 -0.0861129760742188 -0.03985595703125
-0.0300216674804688 -0.0198307037353516 -0.0820770263671875 -0.0673446655273438
0.0122489929199219 -0.0475425720214844 -0.052703857421875 -0.112152099609375
0.0543403625488281 -0.040679931640625 -0.083465576171875 -0.124320983886719
0.0773773193359375 -0.0133056640625 -0.118545532226563 -0.144821166992187
0.100662231445313 0.0260238647460938 -0.0410079956054687 -0.138328552246094
0.0451812744140625 -0.0242652893066406 -0.0217933654785156 0.00750732421874999
0.0114231109619141 -0.0339183807373047 0.0847930908203125 0.00861358642578125
-0.004638671875 -0.0112934112548828 0.0947952270507813 -0.0805740356445313
-0.00383973121643066 -0.00078272819519043 0.0258712768554688 -0.132736206054688
0.000580549240112305 -0.00292372703552246 -0.0677871704101563 -0.126716613769531
-0.0148048400878906 -0.00306034088134765 -0.115364074707031 -0.0600204467773438
-0.0221176147460938 -0.00448799133300781 -0.100471496582031 -0.0264816284179688
-0.0211906433105469 -0.00509262084960938 -0.0898361206054687 -0.01220703125
-0.0157203674316406 -0.0191535949707031 -0.0848770141601562 -0.0235214233398437
-0.00904273986816406 -0.0350666046142578 -0.0858078002929688 -0.030517578125
0.0105018615722656 -0.0505714416503906 -0.0893020629882813 -0.0556411743164063
0.0712051391601563 -0.035980224609375 -0.0596084594726562 -0.0984649658203125
0.100456237792969 0.0019378662109375 -0.0871200561523438 -0.108718872070313
0.119544982910156 0.05291748046875 -0.108406066894531 -0.1268310546875
0.130226135253906 0.092010498046875 -0.00876617431640624 -0.122329711914062
0.09893798828125 0.0237808227539063 -0.00674247741699218 0.0180435180664063
0.0854721069335938 -0.036865234375 0.0979156494140625 0.0230789184570312
0.0379104614257813 -0.0503997802734375 0.114463806152344 -0.0704116821289063
0.00271987915039062 -0.0537605285644531 0.0470809936523438 -0.13238525390625
-0.0229721069335938 -0.0389976501464844 -0.052276611328125 -0.12445068359375
-0.0501823425292969 -0.0232086181640625 -0.099639892578125 -0.0570297241210937
-0.0591316223144531 -0.02801513671875 -0.0837020874023438 -0.022674560546875
-0.0584754943847656 -0.0231781005859375 -0.0751724243164062 -0.00232696533203124
-0.0370826721191406 -0.0449714660644531 -0.0728302001953125 -0.00370788574218751
-0.0118179321289063 -0.0712814331054688 -0.0811538696289063 -0.00917816162109377
0.0327606201171875 -0.0854263305664063 -0.0970611572265625 -0.0330352783203125
0.119941711425781 -0.0418853759765625 -0.0697708129882813 -0.0793991088867187
0.140838623046875 0.0247650146484375 -0.0848007202148437 -0.0893325805664062
0.151473999023438 0.102264404296875 -0.0883102416992188 -0.0905914306640625
0.134246826171875 0.14813232421875 0.0302581787109375 -0.0814208984375
0.132125854492188 0.0796279907226563 0.0148391723632813 0.0400352478027344
0.153823852539063 -0.0205841064453125 0.1063232421875 0.045318603515625
0.0885009765625 -0.0757904052734375 0.129539489746094 -0.0451736450195313
0.0210037231445313 -0.100593566894531 0.0715789794921875 -0.1134033203125
-0.0386428833007813 -0.0746994018554688 -0.0254974365234375 -0.108421325683594
-0.0762710571289063 -0.0435943603515625 -0.06964111328125 -0.048065185546875
-0.087921142578125 -0.0471115112304688 -0.0549507141113281 -0.0148277282714844
-0.0890655517578125 -0.0346221923828125 -0.0481338500976563 0.00994873046875
-0.0587730407714844 -0.060302734375 -0.0494918823242188 0.0196876525878906
-0.0235366821289062 -0.0972900390625 -0.0677986145019531 0.0161705017089844
0.0397262573242188 -0.113533020019531 -0.0958786010742188 -0.00664520263671877
0.148056030273438 -0.05499267578125 -0.07598876953125 -0.057647705078125
0.165252685546875 0.0347900390625 -0.0716476440429687 -0.071746826171875
0.165130615234375 0.131607055664063 -0.0571022033691406 -0.0468673706054687
0.112808227539062 0.178802490234375 0.0673141479492188 -0.0242156982421875
0.132652282714844 0.126792907714844 0.0378189086914063 0.0713348388671875
0.190872192382812 0.01287841796875 0.104133605957031 0.0712738037109375
0.127647399902344 -0.0753936767578125 0.1324462890625 -0.00913238525390626
0.0429458618164062 -0.126045227050781 0.0892791748046875 -0.0773391723632813
-0.0423812866210938 -0.0997085571289063 0.00547027587890625 -0.0791091918945313
-0.08856201171875 -0.0581817626953125 -0.0315475463867188 -0.0329132080078125
-0.103248596191406 -0.0588912963867188 -0.0178775787353516 -0.00466346740722656
-0.108230590820313 -0.0413589477539062 -0.0121192932128906 0.0220756530761719
-0.0746536254882812 -0.0688018798828125 -0.0182762145996094 0.0417671203613281
-0.033782958984375 -0.109687805175781 -0.046783447265625 0.0407638549804688
0.040771484375 -0.125862121582031 -0.0860137939453125 0.0183486938476562
0.158584594726563 -0.05767822265625 -0.0734481811523437 -0.0375747680664063
0.167724609375 0.0422821044921875 -0.0499114990234375 -0.0588417053222656
0.1529541015625 0.144729614257813 -0.0199146270751953 -0.000598907470703115
0.071014404296875 0.174942016601563 0.0965576171875 0.0413665771484375
0.100631713867188 0.14556884765625 0.0576400756835938 0.102630615234375
0.183151245117188 0.047607421875 0.0918807983398438 0.0935897827148438
0.139244079589844 -0.054534912109375 0.1207275390625 0.0282440185546875
0.0581207275390625 -0.122001647949219 0.0936126708984375 -0.032562255859375
-0.0377426147460938 -0.106315612792969 0.0341682434082031 -0.0403823852539063
-0.0874557495117187 -0.06207275390625 0.0100030899047852 -0.0143194198608398
-0.103439331054688 -0.0619049072265625 0.0196857452392578 0.00565719604492187
-0.111129760742187 -0.0428237915039062 0.0257740020751953 0.0320186614990234
-0.0775222778320312 -0.0697174072265625 0.0140533447265625 0.0600166320800781
-0.0360336303710938 -0.1104736328125 -0.0256881713867188 0.0607376098632812
0.042388916015625 -0.12060546875 -0.0718002319335938 0.037933349609375
0.15325927734375 -0.045318603515625 -0.0681343078613281 -0.0217247009277344
0.149917602539063 0.0561370849609375 -0.0255661010742187 -0.0490493774414063
0.11798095703125 0.143753051757813 0.0130157470703125 0.0437736511230469
0.0212249755859375 0.135963439941406 0.113006591796875 0.0956802368164063
0.0520706176757813 0.129417419433594 0.06939697265625 0.126045227050781
0.136268615722656 0.0644149780273438 0.074127197265625 0.105445861816406
0.118637084960937 -0.0256195068359375 0.101211547851563 0.05657958984375
0.0567474365234375 -0.0956573486328125 0.0890579223632813 0.00666809082031249
-0.0290985107421875 -0.092254638671875 0.0568962097167969 -0.00516128540039063
-0.0723800659179688 -0.05474853515625 0.0472869873046875 0.00131988525390625
-0.0882339477539063 -0.0551681518554687 0.0534706115722656 0.0138626098632812
-0.0985260009765625 -0.040313720703125 0.0618324279785156 0.0398750305175781
-0.0688209533691406 -0.0648078918457031 0.0431060791015625 0.0767135620117188
-0.028045654296875 -0.101150512695313 -0.00828552246093749 0.0804595947265625
0.0457992553710938 -0.101486206054688 -0.0600814819335938 0.0528068542480469
0.137466430664063 -0.0219573974609375 -0.0639877319335937 -0.00925445556640624
0.114578247070313 0.0703048706054688 -0.00598907470703124 -0.0371551513671875
0.0640792846679688 0.1282958984375 0.0359420776367188 0.0850067138671875
-0.030853271484375 0.0731277465820313 0.119056701660156 0.12982177734375
-0.000106811523437508 0.087677001953125 0.0771484375 0.134185791015625
0.070709228515625 0.0592803955078125 0.0589675903320313 0.10748291015625
0.0753860473632812 -0.00186920166015625 0.0846176147460938 0.0713424682617188
0.0414352416992188 -0.0556678771972656 0.0816650390625 0.0322723388671875
-0.01824951171875 -0.0626144409179688 0.0718994140625 0.0190658569335937
-0.0476493835449219 -0.0377235412597656 0.0745620727539063 0.0120315551757813
-0.0601806640625 -0.0394134521484375 0.0795745849609375 0.0195541381835938
-0.0726394653320313 -0.0323333740234375 0.0902023315429688 0.0466995239257813
-0.0505447387695312 -0.0529747009277344 0.06396484375 0.0920944213867188
-0.0152130126953125 -0.0800857543945313 0.00218200683593749 0.0990524291992187
0.0455474853515625 -0.071197509765625 -0.0546836853027344 0.06549072265625
0.105438232421875 0.00469970703125 -0.0642585754394531 -0.000198364257812491
0.0670089721679688 0.0766220092773438 0.00671386718750001 -0.0239715576171875
0.00215911865234376 0.0963363647460938 0.0424880981445312 0.120223999023438
-0.0484808011912745 -0.0106431169543741 0.082571844952894 -0.121508675531431
-0.0336679100388706 0.0455383228252102 -0.011953983608716 -0.01675820504839
0.00954407282330823 0.0569545341951291 0.0465629370547757 0.0651293440539775
0.0452500704907166 0.0167212390824857 0.110863567187025 0.0206899039356703
0.0343165108590139 -0.0229199146141766 0.117593686123388 -0.0595497448395752
0.00820709879339339 -0.0252968799779379 0.0716275567440571 -0.117918490534749
0.00776367249888369 -0.0241811056545003 0.00875992611981491 -0.132238184190454
0.0105104070367303 -0.0244471718532749 -0.0276724117864862 -0.113513177006103
0.0121557732793732 -0.0209868261341034 -0.0256996404558021 -0.0930773634863815
0.017217752182485 -0.00942206139181962 -0.0149804418944398 -0.0938755364424193
0.0218249818236709 0.0119909512234655 -0.00447021078165667 -0.1065535320084
0.00646541283585814 0.0419765846832461 0.0289555780045897 -0.113325762433434
-0.0404861869440904 0.0359451509050113 0.0711042466988073 -0.103872922950245
-0.0598132876586127 -0.0103221435983383 0.066620776091603 -0.129142788836306
-0.0426601079960725 -0.0486717296878683 0.0365865807109641 -0.179165825214336
-0.0252106746476277 -0.0824435611804915 0.0860773415296016 -0.10478259241023
-0.0473487359004538 -0.023992413167363 -0.0217450016151212 -0.00584081580689519
-0.0448226293618915 0.0131121037213183 0.044993095738954 0.0957060384962091
-0.0142165659276176 0.0204007527501507 0.12766283730175 0.0489280105042853
0.000977359109433698 0.0169155816488799 0.143749049236898 -0.0528786359284635
0.00192465345980378 0.0158754389703507 0.0872546450563559 -0.121021601690228
0.0123918078603275 0.0192404741417102 0.0184007717359833 -0.135088172954931
0.0185142119036512 0.02102840894599 -0.0223459032022298 -0.114838115477778
0.0136601472714219 0.0255896162440429 -0.0246566922686542 -0.0929701538303907
-0.000118105250745104 0.0255517904455388 -0.0173527234380192 -0.0864474485069481
-0.0166947543026605 0.0334380191850393 -0.0103425821007983 -0.0969258345211717
-0.0465519507869431 0.025593992919773 0.011840017823131 -0.106765560991416
-0.0760889688077249 -0.0147387019972784 0.0496272624739722 -0.0990289777323684
-0.0539889027699085 -0.0732079170975758 0.0434430624743611 -0.127189695126417
-0.0110890394290687 -0.117290976648254 0.02373327440093 -0.16724935066221
0.00944966282723746 -0.14420771164918 0.0785878355692154 -0.0689533311289225
-0.0434950976590536 -0.100521130471781 -0.0396323641292619 0.0161707136945217
-0.0938335717842044 -0.0501658720995178 0.0296070985035973 0.133724295460251
-0.0821696725371196 0.00922195603283317 0.132876989537634 0.089579624461497
-0.0460282769763806 0.0526860077828841 0.163287863153027 -0.0286682707305329
-0.0130275443916231 0.0570886673610465 0.0992070089565905 -0.106314547895199
0.0112290042765308 0.0626896552724262 0.0286020874739917 -0.120027590211853
0.0243980776123314 0.0641381405294039 -0.0145536875434522 -0.0985229421801587
0.0197874874500371 0.0679948562965314 -0.0238583422303917 -0.0761716199356486
-0.00873340943952523 0.0591952191872877 -0.0245261837300477 -0.0645286237852307
-0.0430059155546445 0.0602628602138181 -0.0243438923181666 -0.0777493225669455
-0.0907652039657441 0.0267657890109975 -0.0128236504437591 -0.0954968911196124
-0.114365902189943 -0.0445601275169494 0.0243625256758573 -0.0935506602812265
-0.061288041467058 -0.119824702237007 0.021659652398424 -0.116270040679736
0.0110610077444685 -0.168877539565014 0.00342245735600685 -0.135102397033112
0.0490480624077874 -0.182495342403117 0.0573842634010439 -0.0157533945154974
-0.0213138563470228 -0.16770386188691 -0.0643432008865474 0.04625756512135
-0.122082253473059 -0.121034178483296 -0.000405642064712262 0.167648809189739
-0.14259564841902 -0.0194111541745599 0.117277140653605 0.132791518250761
-0.0975034834850225 0.073283014834804 0.16630866654972 0.00906992669988404
-0.0336596415247999 0.0901539230551001 0.103307765975412 -0.0740807980762591
0.00512476708729461 0.0967379255329536 0.0360521844716581 -0.087591122224014
0.0273936081481165 0.0976170213795969 -0.00430825039195033 -0.0672818996788146
0.0262987641758502 0.100531396914333 -0.0199816374876778 -0.0467370003167377
-0.00846766280901866 0.0867297324737226 -0.0294470389629721 -0.0328230743070905
-0.0546479648403993 0.0861937605675028 -0.0382057576459928 -0.0498455191507003
-0.120534788614214 0.0364919538632942 -0.0362237842534677 -0.0763664131170944
-0.143672487822795 -0.056134929231854 0.00141492070065332 -0.0830069097948364
-0.0696606988568603 -0.14570296269262 0.00998134557329433 -0.0960225299992806
0.0258532951657005 -0.196694662913208 -0.0143363524182684 -0.0866464356450476
0.0814959585234848 -0.187550380759076 0.0244687229330156 0.0451168201120956
0.0157394022571453 -0.201400594278295 -0.0904061543785643 0.0777296519442986
-0.117042353345058 -0.175727198728353 -0.0404875674222732 0.184952707905466
-0.172423516752188 -0.0580168889527658 0.0792868958776405 0.164893403516604
-0.136040721819862 0.0720553935453963 0.144513256614117 0.051903521948712
-0.0539418127225443 0.10601925105944 0.0934834651287568 -0.0300711680448661
-0.00376356235338993 0.115162431409482 0.0388296264793277 -0.0437796825823007
0.0261282618820668 0.116371470402161 0.00471902624154319 -0.0270976773400216
0.0296832829948325 0.119741138595323 -0.0137105710558299 -0.00789311579419034
-0.00707443185373736 0.102766296497176 -0.0309609022264908 0.00518572942678428
-0.057603865778852 0.101247939988338 -0.0495439803533265 -0.0180523021997504
-0.13235919190146 0.0419828755509537 -0.0536470775263204 -0.0521765616791238
-0.152843144677862 -0.0621579322512428 -0.0150118841877343 -0.0700721562859084
-0.06609284219774 -0.153591848944526 0.00862881398634911 -0.0719409804824963
0.0395388652341686 -0.196476451442817 -0.0277519357200425 -0.0309682259584804
0.0951647618697 -0.158681741530461 -0.0123375443662635 0.103077529905854
0.0485548599821465 -0.189540184182238 -0.110510000326676 0.104554267267555
-0.0810699055019743 -0.191995220679509 -0.0755881034524307 0.178206894710693
-0.161177252415048 -0.086297923303653 0.0308194272147186 0.173761894805107
-0.144583481047787 0.0532469324931728 0.104031549214585 0.084088891073113
-0.064287331532265 0.102613879064129 0.0720046257552111 0.0151585096327906
-0.011202737144075 0.11443435724693 0.0366761704180364 0.00422610512531454
0.0206657561285766 0.117712123445708 0.0140188096385773 0.015918518478411
0.0276147556351193 0.121860829995502 -0.00604107195775854 0.0331987688848376
-0.00725498827167663 0.105228477386573 -0.0305757063161959 0.0422990049855109
-0.0576934696201042 0.101505015189265 -0.0583676227382352 0.0135431549572727
-0.129551236084587 0.0357683924215035 -0.0665824402326649 -0.0300078207609012
-0.140434728941884 -0.0695123134942074 -0.0267694878400091 -0.0571527770003332
-0.0458457844014101 -0.14776899436035 0.0126877012063212 -0.0481882285344691
0.0551244190466862 -0.168742974957427 -0.0391392312794711 0.021979134518215
0.0874537507838826 -0.100825357349002 -0.0408367636264155 0.1464520749816
0.0661843709516395 -0.139473334715186 -0.117018697605296 0.121649226594101
-0.0370256722878661 -0.164615787791195 -0.0956456645634423 0.155150656068827
-0.119024226414642 -0.0912188469449124 -0.0106976168759359 0.159824982137466
-0.12409640979766 0.0303535560579803 0.0588551204268254 0.102126971805412
-0.0604239634011903 0.0824643308686747 0.0469126584645892 0.052682288659576
-0.0145221911708784 0.0964256066665533 0.0315496276337833 0.0467323464532561
0.0136950525832048 0.101115015615716 0.0215562912738365 0.0547664849203737
0.0202393215893713 0.107604684701904 0.000238135262143278 0.0713210308057569
-0.0108454648210081 0.0948024559840243 -0.0328563064038411 0.0763444722319912
-0.0563051790825577 0.0879563441913042 -0.0694026399135564 0.0398512349021979
-0.115375498356803 0.0197588988020324 -0.0770218994287144 -0.0132520979419904
-0.111821352103384 -0.0761579895244945 -0.0354624241432608 -0.0491265137159918
-0.0145707671895787 -0.129768093641372 0.0148940412968075 -0.0274020211738119
0.0686283747870682 -0.120419386810928 -0.0528554112838421 0.0664572021763179
0.0618711213413052 -0.0275597015013786 -0.0551103919263927 0.168689464405928
0.0635032378998453 -0.0681478195064656 -0.106826353746546 0.129944375272805
-0.0011026961839063 -0.104833667744655 -0.0962189420629968 0.126134235283255
-0.0642108886058759 -0.0712752262447399 -0.033973199103671 0.137381654386564
-0.0820583557895236 0.00879766280967878 0.0234510324996172 0.1061852629769
-0.0441705941904161 0.0524975441652017 0.0261722582135565 0.0774951430193234
-0.0133450858940537 0.0636656084308135 0.0253429211999779 0.0777654878509811
0.00504369219877955 0.0703174557822404 0.0256420068236212 0.0845801299821543
0.00988980748907599 0.0774719136655843 0.00328763265176557 0.10351709785924
-0.0148231455986263 0.0724617132490084 -0.0383705524891846 0.102541516577451
-0.050012478518972 0.0622272297001108 -0.0855711923886895 0.0588783563519113
-0.0885957932786276 0.000260250313745076 -0.0895514941441692 -0.00671812728492196
-0.070424121035799 -0.0742243563622065 -0.0440031902583089 -0.0490604741920155
0.0183301862505763 -0.0968243094478098 0.0141833803781984 -0.0126675231731885
0.0735038702167183 -0.056184527846326 -0.07021126152474 0.0966058143218758
-0.0502955639204654 -0.00846153920486607 0.0781457639701202 -0.128317635491918
-0.0318647265837853 0.0479144611104485 -0.0141150745466223 -0.0159442884570306
0.0124137895970008 0.0578545070710831 0.0508638651573064 0.0657403178460731
0.0462580167097163 0.0146208718380289 0.115360421574409 0.0172709989489958
0.0332044922221617 -0.0262101416728627 0.118159829924999 -0.0673969728386745
0.00690480819380868 -0.0256979993056531 0.0683956097381259 -0.126318662045952
0.00708511086656107 -0.0254161030290039 0.00104535366033708 -0.135888945954107
0.00955996540567638 -0.0257234667069946 -0.0353523992078812 -0.114557393634341
0.0114765253288162 -0.0218252498934097 -0.0322056461481302 -0.0952866826468437
0.0174411837109353 -0.00967257799565845 -0.0215519367481237 -0.0974130119285775
0.0227432925771275 0.0115484876830348 -0.0105728259182591 -0.110722361780698
0.00885631230595921 0.0419768934833852 0.0247721572091685 -0.118609786027168
-0.0397165612020815 0.0389708334521182 0.069211058839964 -0.110314428768223
-0.0608109070988483 -0.00720336579076302 0.0637237528796702 -0.133930213483779
-0.046107051270715 -0.0481120124248329 0.0307677516316086 -0.18645952653532
-0.0295732873740044 -0.0833285753127183 0.0825185104955028 -0.111761218813679
-0.0495911476074871 -0.0225881240156366 -0.0239296011592431 -0.00353828020075807
-0.0449823882296625 0.015710637668455 0.0498397164514084 0.0974588293845011
-0.0138652329844819 0.021332057046194 0.134048276840131 0.0448876172983294
0.00130826533362704 0.0164838738701018 0.145287954143527 -0.0620625226144161
0.00232339773284813 0.0165635483256355 0.0837729907037836 -0.129593137768652
0.0139004580452107 0.0198096268861348 0.0108192385236091 -0.140197482534288
0.0206351877622546 0.0208485695213228 -0.0304675861258983 -0.115966293055246
0.0160106014725032 0.0262408284393007 -0.0315077285489822 -0.0947014121557832
0.000827584021918263 0.0268927360367137 -0.0239141190597374 -0.0890464777906887
-0.0160603632325499 0.0352639701977172 -0.0169292193032602 -0.0998652501109713
-0.0465103564559358 0.0280426319444937 0.00698930176943439 -0.110663412084689
-0.0789317555868352 -0.0110780032036343 0.0484424156776027 -0.105055420145454
-0.0587931413041019 -0.0731047393469014 0.0392740980526358 -0.131194576647524
-0.0169392960314107 -0.120139967996635 0.017349272777504 -0.173302114738621
0.00300356695765762 -0.14885338433892 0.0768280279820142 -0.074057510151441
-0.0499886668704841 -0.102080341968312 -0.0411998802428231 0.0205496257078372
-0.0993861485373323 -0.0463198344744445 0.0362764900817534 0.137606478122815
-0.0848024216626083 0.0132293914153269 0.140838272429886 0.08642172930856
-0.044836300512314 0.0558910801835684 0.166994314968329 -0.0386950791900376
-0.0107716061085146 0.059790106777393 0.0975041143667978 -0.115001407099893
0.0149299919165095 0.0641745253847712 0.0227654958493825 -0.125006400189928
0.0298205175254169 0.0648012466962506 -0.0218083647822906 -0.0997119007661727
0.0245599609174595 0.0690315316468309 -0.0298604256055984 -0.0770506336936001
-0.006005847512957 0.0614138409229677 -0.0295987223128002 -0.0663583896604298
-0.0413530513470718 0.0646478989955348 -0.0310310673226441 -0.0801510197148672
-0.0926568050431208 0.0321034782620356 -0.018130138002445 -0.0977056872752347
-0.119983495699683 -0.0392961586243409 0.022504581035131 -0.0986631047606267
-0.0681367529830245 -0.120185566020337 0.0177980108458099 -0.120151371827873
0.00317082955137291 -0.175245929386824 -0.00212297791893094 -0.138951084700683
0.0410486789433517 -0.190327246691971 0.0574548143371839 -0.0183735595989544
-0.029759532566072 -0.171395246837968 -0.0653653113786896 0.0522342507366233
-0.132301758033009 -0.116579131477839 0.00679910108547995 0.173539916194602
-0.147774688596026 -0.0135895046329665 0.12661671560215 0.132009306630772
-0.0960074757488782 0.0806687154225315 0.172601500941948 0.000333954066150436
-0.031214643650777 0.0951131324924218 0.102875642743766 -0.0818907999644493
0.0103992223485566 0.0990903076997079 0.0321153492015315 -0.091883013789382
0.0345668832171562 0.0987636108577587 -0.00940455795794281 -0.0690288721523667
0.0333309756337034 0.102466230859231 -0.0245152249074681 -0.0463959589893288
-0.0052636379554864 0.0893733746113443 -0.0331233410145845 -0.0331018976409988
-0.051876747494937 0.0915449313354531 -0.0438900363180101 -0.0502963886672313
-0.122502651626368 0.043931682766193 -0.0418038140850602 -0.0769490699852637
-0.151183960930141 -0.0502199994082699 -0.00152000149390839 -0.0878776993964038
-0.0780155625693538 -0.146447730930874 0.00573071803349449 -0.0998067609049387
0.0166343734063284 -0.204896813284921 -0.0186370285714445 -0.0881663482439877
0.0741531071997831 -0.197720483642019 0.0261705896163494 0.0455721435400656
0.00573859335330414 -0.207299002466989 -0.0907401747896542 0.0856909859932081
-0.128828754476252 -0.174351188901909 -0.0334887852953068 0.192765521845755
-0.180442074381295 -0.051249578312222 0.0888572636277081 0.167257942507376
-0.136175297499606 0.0815521331881109 0.152959292784611 0.0452863845792644
-0.0504490392745604 0.112535519403608 0.0952736554612944 -0.0357467299266453
0.00252194180613729 0.119183962263703 0.0379039162654704 -0.0470628332359849
0.0344542011128678 0.117967164284551 0.00304734679866684 -0.0280480254916555
0.0373840710608315 0.121246921584318 -0.015212585636506 -0.006617495651704
-0.0025095207767752 0.106104169474582 -0.0322592422765905 0.00627611417741581
-0.0540461914354107 0.107178882090195 -0.0539841421824337 -0.0168501882106076
-0.134742717207288 0.0500957890908918 -0.0592615619279905 -0.0512719625330907
-0.161090994133221 -0.0552293293222038 -0.019017868558963 -0.0734178939203397
-0.0755427678449678 -0.15496516330494 0.00533516971657943 -0.0755141836559253
0.0310500361910978 -0.205385648879269 -0.0299492350196885 -0.0305674905800316
0.0904033111536159 -0.167975544462245 -0.00890752695126141 0.106099098328011
0.0418222887002977 -0.197563318721257 -0.110102770129878 0.112691244681407
-0.0941516225027741 -0.191922774144367 -0.0709371611423302 0.188013255023782
-0.170471539732781 -0.0820070177055021 0.0387963219623173 0.177362533279612
-0.145837830435117 0.0628224231665391 0.11221383358431 0.0813895823887816
-0.060694223244374 0.108919025848617 0.075664179654149 0.0126867292028109
-0.00549538409626804 0.118932557822183 0.0383310821318668 0.00277766875336582
0.0291927903651765 0.119669658117517 0.0146653827524683 0.0148693898026672
0.0358277759569874 0.123291733677636 -0.00473527158779023 0.034624785994259
-0.00186706132190813 0.108496532510782 -0.0295883028553862 0.0446881858952862
-0.0541106670048368 0.107165206386775 -0.0614990432599905 0.0169274269922694
-0.131528760910546 0.0434540414996246 -0.071205134121064 -0.0274427448814449
-0.14871672360023 -0.0630245364045482 -0.0297759442453269 -0.0591773367217786
-0.0550749814382324 -0.149357116260696 0.0107816314074119 -0.0509995360008065
0.0482650385488794 -0.17786086153865 -0.0391509660334634 0.0248167575681485
0.0846385648287459 -0.108472816256996 -0.0363634540019512 0.152139792011008
0.062151849905086 -0.146373574353465 -0.115914921251597 0.130117419479893
-0.0465749926190507 -0.166119257297448 -0.0928995771925288 0.163870033016066
-0.127606587237967 -0.0887702508801183 -0.00477433953345341 0.16610831765503
-0.125831898007189 0.0377354268698225 0.0662766089091584 0.102272537098898
-0.0571240233106265 0.0880365851285715 0.0519321329790766 0.0522734913315681
-0.00951900162415519 0.0995392826557105 0.0357208720973898 0.0465922113097766
0.021175127168979 0.10274129036478 0.0244744715066729 0.0546911293785461
0.0273684924559836 0.108588688025228 0.00443087835164289 0.0734274218912187
-0.00607618106802137 0.0983206046421931 -0.0293377773702874 0.0802345917760364
-0.0529902275161632 0.0929742969621648 -0.0712174732499271 0.0442486578401326
-0.117932752679275 0.0255484164414103 -0.0810969047147004 -0.0103331341758089
-0.119007454649329 -0.0722287758916889 -0.0388685601654167 -0.0507726923573416
-0.0219502511871657 -0.132150567107518 0.0139901329611993 -0.0308142789398048
0.0644254405610113 -0.128249141667797 -0.0514746187340256 0.0710307962649354
0.0616014765214884 -0.0315408681327074 -0.0495216594898752 0.176236841422414
0.0622402018821897 -0.0731915559179793 -0.104917604514858 0.13821889946979
-0.00623638372103429 -0.107072704552663 -0.0942019717219633 0.134470194604126
-0.0704417984308931 -0.0707143699180506 -0.029607264010343 0.144036042613272
-0.0841212599714955 0.0139558205377991 0.0306804690158511 0.1090551131241
-0.0421499302196523 0.0562090289610682 0.0320839186814167 0.0792378913788244
-0.00986504320949016 0.0659789703971242 0.0313968637380442 0.0786221271013146
0.00918250413537013 0.0719087440266738 0.0317355291391175 0.085135483238804
0.0146329725154117 0.07938533867766 0.00928015521093041 0.105903659133666
-0.0115347797405295 0.0745911946040629 -0.0341014096192686 0.107376014178785
-0.0473298169894983 0.0669780932703615 -0.0864606129736744 0.0648144668964642
-0.0911478007610269 0.00424050311888573 -0.0931717147593011 -0.00274651038116796
-0.075779737196777 -0.0723901853955987 -0.0471667195880185 -0.0505199702757619
0.0139273594630909 -0.0996565574129461 0.0132398767693145 -0.0154345321540561
0.0728260789545906 -0.0621610514143837 -0.0679712622442875 0.10305995051765
-0.050708852014431 -0.00586118336323481 0.0718584020299676 -0.132964853315204
-0.0295587047739878 0.0493861504956227 -0.0163618275648622 -0.0145669338616651
0.0159020740504994 0.0574952732637267 0.0542450030826456 0.065869322070866
0.0468985903830339 0.0131432144744327 0.118252530224938 0.0130840280041732
0.0307571547223695 -0.0284785207720867 0.11726310459806 -0.0736575909253402
0.00585852021378977 -0.0254934463663539 0.0625751052546219 -0.131492313934905
0.00587535268621513 -0.0254127278096242 -0.00654053856188254 -0.13629149679656
0.0080698722060517 -0.0262965604235539 -0.0421457652946693 -0.112257312730295
0.0105602268767538 -0.0216851093221984 -0.0375616108101486 -0.0945365259090979
0.0170769253939129 -0.00997112072337508 -0.0273103168963689 -0.0979783262517026
0.0236933752291148 0.0107723113218894 -0.0167832262562809 -0.111245478989386
0.0101517053833484 0.0416065975343583 0.020292544557925 -0.120912194357095
-0.0379192691442634 0.0413558899111766 0.0670448564752083 -0.115120519648226
-0.0606563828934014 -0.00505907196326781 0.059596993531101 -0.135633328401046
-0.0486940348283823 -0.0460654930869907 0.0246073368770019 -0.188341185631951
-0.033915634199874 -0.0830602489164633 0.0778603576930854 -0.115643628865485
-0.0500566042542261 -0.0204606955011482 -0.0247838549464234 -0.00123725026464704
-0.044899829171896 0.0179408399874367 0.0544727101600282 0.0976399714720678
-0.0133023950183122 0.0217498311797101 0.137386952422643 0.040358382305922
0.00124577301146707 0.0163066346141378 0.144782461394675 -0.069389212800587
0.00306386898419254 0.0170023263975227 0.0782687241158152 -0.135393228450468
0.0151174054622938 0.0193534309799464 0.00287800877481682 -0.141195450283061
0.0221402274759168 0.0193935159320449 -0.0377007627947046 -0.113501979606848
0.0182235571886458 0.0256451498457069 -0.0372102414929481 -0.0940090608743733
0.00184527663478857 0.0278081627953218 -0.0294387083274844 -0.0896211780333051
-0.0147638056218561 0.0371341144424701 -0.022743255649216 -0.100523243440306
-0.0458352045823119 0.0301153550312379 0.00209363814529544 -0.112023515207068
-0.0799195888991209 -0.00737342334039443 0.0462446390034563 -0.108770881150394
-0.0611287379456019 -0.071410250829776 0.0352012611084014 -0.132974664793915
-0.0227447396487453 -0.12032986658316 0.0113314461660427 -0.175168734163821
-0.00369199943557157 -0.150302018208631 0.073155159101659 -0.07747634130474
-0.0544239255840617 -0.100361597599885 -0.0412057449026518 0.0237072706286016
-0.101518948548387 -0.0412521418636909 0.0418231772375285 0.137812739290711
-0.0846341340358922 0.016246048853673 0.145943152210995 0.0815610489868965
-0.0426428873121894 0.0578503252704023 0.167416265941107 -0.0472804637317529
-0.00896943230280638 0.061149908666348 0.0925951290978431 -0.121139479159191
0.0182975145741 0.0634614339951268 0.0155185582786088 -0.126235318834337
0.0338131900659192 0.0633268573136537 -0.0278890395262291 -0.0982225582882263
0.0285745069919533 0.0688204418314978 -0.0344485810210576 -0.0759249688839056
-0.00385179643728875 0.0625098437770819 -0.0342665023659483 -0.0659583165869569
-0.0381897367059457 0.0677512129193115 -0.0367998723686012 -0.080082863142333
-0.0922213538275577 0.0358233791737843 -0.0232389138424003 -0.097342084993644
-0.123431634916226 -0.0336345689108201 0.0196969903934292 -0.102014417491814
-0.0734771325038433 -0.118362940566714 0.0133977991973235 -0.120467414787311
-0.00544622837537717 -0.176695042329386 -0.00729429710981522 -0.139669086964133
0.0327212806929465 -0.19444456225368 0.055951413063573 -0.0211986457784104
-0.0373355530872903 -0.170495405813693 -0.064245231541001 0.0565652757598008
-0.138574055786062 -0.111268601153818 0.0128714881642 0.176117201392769
-0.15049406110485 -0.00744554929626496 0.133141278285914 0.128535839094075
-0.0932995587612068 0.0854130724751658 0.174008074255641 -0.00890163404019
-0.0273477407334237 0.0972300887774462 0.100367544328706 -0.0875505242905102
0.0150968635152461 0.100010478412445 0.0279080910932529 -0.0939195190713597
0.0403501483264298 0.0971188542636264 -0.0141879931934074 -0.0680589251322428
0.0390678877026077 0.101157251288547 -0.0274421657125003 -0.0451776998942758
-0.00132856270532071 0.0903362830807317 -0.0361098001501789 -0.0323377596445939
-0.0478679153524015 0.0947858044840012 -0.049018786680457 -0.0497915640347105
-0.122105496854985 0.0501925308224562 -0.0470145674662094 -0.0753436275849013
-0.154881364271374 -0.0426056880523437 -0.0048135914829509 -0.0901670048634253
-0.085316281362387 -0.144643686428472 0.00169825450991341 -0.100848409257808
0.00766038436728696 -0.207285896888288 -0.0217556480253022 -0.0883080878282799
0.0651287004450035 -0.202843698645919 0.0277819595467458 0.0451008510432594
-0.00296553478166309 -0.209191293649697 -0.0886056769441459 0.0909968548524887
-0.138172726337918 -0.167944660033781 -0.026731076395619 0.196473454656994
-0.185547244505072 -0.0443793948722965 0.096015327147786 0.16553273939477
-0.132294660985193 0.0888652988742995 0.156015645004461 0.0377952736686356
-0.0459632748745583 0.115979028567649 0.0943966814797444 -0.0406322011868172
0.00809693987036092 0.119424355513677 0.0353204634967112 -0.0487494153403455
0.0416174418890521 0.117095348253862 0.00100326562167286 -0.0282446206395694
0.0450586434996762 0.119771668380616 -0.0162385970431309 -0.00575829750738837
0.00229492331701539 0.106917917773417 -0.033201415071729 0.00749000267688286
-0.0492346780432769 0.11039474306045 -0.0569772764984635 -0.0150244032744023
-0.133428033041788 0.0567709346776514 -0.0627542842246421 -0.0490523033893778
-0.164382166450291 -0.0470193376600559 -0.0213680552100265 -0.074988060993805
-0.083301265404145 -0.152535245210959 0.00182450888663407 -0.0767356680380826
0.0214186709083546 -0.208081745091909 -0.0312032608292026 -0.0291148993048754
0.0830031808429782 -0.173679375790767 -0.0056189573452825 0.107565588477071
0.033833391169284 -0.200018924759026 -0.107290463277988 0.118638522392473
-0.103426014210202 -0.188483375023685 -0.0650359980961005 0.192548087419493
-0.175904022974275 -0.075660596222062 0.0456165257075935 0.178567914005989
-0.143794657307061 0.0710066750483797 0.117044944442845 0.0762779715089044
-0.0560675218798871 0.113355582974132 0.0774516576832509 0.00911191064958177
0.000302297885081481 0.119815128012398 0.038954785557695 0.000467935237256302
0.0363929542611672 0.118893920106006 0.0156164088693244 0.0144364334598437
0.0435123060588889 0.121877330298801 -0.00301329960580299 0.0350649892814442
0.00216481772915346 0.109743120311848 -0.028287389387076 0.0467000208455417
-0.0487729129177694 0.110250767131224 -0.0628163488346678 0.0190691788134745
-0.131175649090257 0.0494083562094251 -0.0733126610871635 -0.0249337163541323
-0.152453612088994 -0.0560838525711746 -0.0325663140483975 -0.0612603664617205
-0.0620224295884066 -0.148187429181645 0.00787629827850248 -0.0536563550452349
0.0395869201106714 -0.181879656177018 -0.0382473126059987 0.0276631594999532
0.0803070218606452 -0.113900529235564 -0.0314720166830184 0.1543153868815
0.0567934821292712 -0.150230783991921 -0.112318421732045 0.135261888681073
-0.0550144300688289 -0.164292853764584 -0.08777016785444 0.16957488674822
-0.133024840912612 -0.0838298407320895 0.00128794775729251 0.168853890212778
-0.125043696768292 0.0445984293354371 0.0723103661586211 0.100096659363058
-0.0529643485260319 0.0919510244180279 0.0555148735869699 0.0508739181882366
-0.0044002397401027 0.101129060153829 0.038310871623741 0.0443891939725053
0.0269005121577882 0.102841128434138 0.0279487492469551 0.0526853890947793
0.0340243196158169 0.107561182495042 0.00796044202225331 0.0736580363840105
-0.00140200143425015 0.0995545317223831 -0.0260245958475662 0.0815751196130422
-0.0480844635326805 0.0959054815848545 -0.0709768507842485 0.0484506614187967
-0.117844019653101 0.0316608001053943 -0.08254616881668 -0.00719260216680521
-0.123487176097476 -0.0660922586259882 -0.0414328547004963 -0.0519627465062579
-0.0283076233177485 -0.131973595637161 0.0122069394028574 -0.0331055447265201
0.0586918292447738 -0.132281962205529 -0.0483116086033115 0.0747787679279642
0.0601968855461511 -0.0353448507695673 -0.0436701496378889 0.179089887155737
0.0601527843756523 -0.0759317333473295 -0.100779107869661 0.14226232150427
-0.0116792560828972 -0.106691823905803 -0.0903621397804174 0.139926438832304
-0.0741861954531749 -0.0675902838227936 -0.0245386913565563 0.146817034340179
-0.0837200085919577 0.0185964448060087 0.0360878130767551 0.10873422758438
-0.0393958775196741 0.0592345389568833 0.0371451237984521 0.0790418877213614
-0.00676858688576821 0.0669415107882252 0.0374561235910401 0.0774594996929836
0.0138168486819047 0.0714612549266908 0.0362867187388681 0.0833124616455058
0.0196240891747792 0.0782143663376939 0.0151395353958107 0.105507891696196
-0.00747526036165019 0.076179629914039 -0.0295012162255807 0.109807139682143
-0.0442901213064582 0.0693169626447937 -0.0849492798608255 0.0694646776541489
-0.0919218835393502 0.00896770333826208 -0.0952623962843436 0.00116217737451141
-0.0799099292990962 -0.0680859232626157 -0.0500721332925424 -0.0501512964711725
0.00872738990020242 -0.100871191625873 0.0124043276643369 -0.0175739318906704
0.0704520014591943 -0.0659660851033742 -0.0631426759721258 0.107356491192811
-0.051623417550019 0.0107306780043843 0.0258199023187451 -0.150798952539686
-0.0102336368816461 0.0572810162946304 -0.022267944323021 -0.0102736266864174
0.0361607848672099 0.0480344879350815 0.0693181253136639 0.0457982937257135
0.0496276556641491 -0.00555828029242038 0.116074654786501 -0.0234807780757873
0.0186755414375348 -0.037601978721779 0.0884175981250245 -0.10672384876824
-0.00221936240697132 -0.0268384423145367 0.0149958453554304 -0.145219924425112
-0.00278245811003291 -0.0270602705150373 -0.0538888921093511 -0.124456409228756
-0.00183327355915262 -0.0276227403046421 -0.0778140400346716 -0.0873543064229385
0.00254794372848512 -0.0235413294321349 -0.0674098999898796 -0.0762508728092581
0.0124711097900804 -0.0143205470196382 -0.0589783693694134 -0.0827621454449212
0.0251541128667279 0.00245035860932916 -0.0534110173232061 -0.098426070483434
0.0236382547301306 0.0352401096012668 -0.0202288103862377 -0.121179915036383
-0.0219506650380002 0.0511115013447269 0.0284316015105268 -0.131393226327957
-0.0589503400772162 0.0159120023280232 0.0156837044617205 -0.145296922796256
-0.0614413597363424 -0.0273283158322823 -0.0329839571546005 -0.181984258072967
-0.0622768982679575 -0.0694744605134406 0.0392212007905743 -0.133684061429148
-0.0555955072191711 -0.00208303039969679 -0.0223421932770784 0.00679177894944931
-0.0343385851986166 0.0326255192730722 0.0834049483476278 0.0731099454153451
-0.00433216500658348 0.02456166904716 0.144223239264336 -0.00725116493060282
0.00681260819601259 0.0140324554362825 0.114441276203679 -0.113474741083572
0.00931097110061011 0.0137094790299476 0.0267679751415605 -0.155017354801981
0.0210310639059216 0.0132177464244762 -0.0472473471690456 -0.133028908176979
0.0267978193645812 0.0106373420148649 -0.0755053286227607 -0.091404429431395
0.025635977864632 0.0179680209090005 -0.067420205856088 -0.075419898616296
0.0103718704793015 0.0264746735466737 -0.0584189774672265 -0.0747311627961949
-0.00160482843926386 0.0397400158476502 -0.0562225915287441 -0.0877616331728658
-0.0338783725378533 0.043693742872554 -0.0330772243437355 -0.106838078627031
-0.077897090848481 0.01896993336986 0.0104478017053185 -0.117622706513939
-0.0813811113756932 -0.0460988161352559 -0.00761912130434902 -0.134031094027327
-0.0595533502446046 -0.106497361399793 -0.0439479840558634 -0.164641882313343
-0.0576114248009494 -0.144641351614628 0.0481653356918034 -0.0932492619718697
-0.0870732273803425 -0.0757691614624798 -0.0259274162884277 0.0375336165283132
-0.109405724241358 -0.00235428178219697 0.0892804699870445 0.113708938013446
-0.073434874649848 0.0463643537317157 0.16738305281071 0.025709066926776
-0.0196980238975101 0.0681311237806067 0.141462613371371 -0.103141657950112
0.0129917710975175 0.0590450172138944 0.0442681817569984 -0.147247724800959
0.039316221456653 0.0539833190309058 -0.0313337567694404 -0.125189779192351
0.0521413737686964 0.047017962060146 -0.0626364937958756 -0.0809096060197503
0.050373245542806 0.0542276233662527 -0.059292354928429 -0.059362919793092
0.0167349947412328 0.0609301169255297 -0.0558383131916392 -0.0522407173726628
-0.0133722884651311 0.0757055211511262 -0.0627742566641551 -0.0647487485464458
-0.0755673770402692 0.0642570194220237 -0.052374447837303 -0.0855744914712485
-0.126997015221859 0.00917505819295144 -0.0116823749303357 -0.102241828731555
-0.108571408681314 -0.0871582094608285 -0.025933142996439 -0.115702823315607
-0.0610033178011675 -0.166766779987555 -0.0530507594309253 -0.125254851330399
-0.0371657251373735 -0.198936066500243 0.0509855648559485 -0.0320066324817526
-0.0959975375279275 -0.14962078593374 -0.0345192130269124 0.0790667674049783
-0.168058091615931 -0.054187336427806 0.0793125473608073 0.157988084281681
-0.143525842734565 0.0480139877373744 0.172531500789362 0.0719355742707867
-0.0567089077943763 0.111170671207662 0.159944112506241 -0.0717540375647542
0.00761609405338237 0.0993422735585605 0.0616885494047106 -0.11883314141742
0.0485886134836469 0.0898020271375697 -0.00914291414164945 -0.10049603470563
0.0700927844875224 0.0761221669554829 -0.0401938787119831 -0.0579791691033339
0.071217240358589 0.0808041022090979 -0.0428426886916377 -0.0323730661751534
0.0280970778792938 0.0860539662149829 -0.0466325431318161 -0.0199968228127885
-0.0127575921648803 0.104031441180933 -0.0647409127342995 -0.0327596469643876
-0.0986817510448804 0.0879108525147892 -0.0661658836431227 -0.0578190842560604
-0.159195637109817 0.011182002756997 -0.0306344481083918 -0.0831194771422323
-0.128796610927351 -0.10718747075239 -0.0307834593277776 -0.0930134665871682
-0.0592674775610587 -0.200718752856162 -0.0519971586224543 -0.0718632377960138
-0.00914083929534247 -0.218717653938138 0.0445680604464511 0.0411287736435137
-0.0764107772907329 -0.19735415412348 -0.0457293776338343 0.122251897942568
-0.188105111162546 -0.107907996389974 0.0508878491298202 0.191584235734911
-0.189281421935265 0.0261082135228159 0.151562803568971 0.117282981734228
-0.092267022054184 0.128207393151059 0.158702150251589 -0.0230037867015106
-0.00332196802414555 0.123460911180782 0.072334995305197 -0.0736453826261368
0.0485162598174232 0.110984019261593 0.0146997876921314 -0.0617519767413618
0.0779067938198562 0.093967652793071 -0.0125506701857851 -0.0267104389566729
0.0829383232532249 0.0960936975753141 -0.0197211996776909 0.000157069550904258
0.0377926336665449 0.100070535344988 -0.0312770879109123 0.01540761556039
-0.00871479621444622 0.11908557680279 -0.0613078020051814 0.00233009002438886
-0.107573641365406 0.097395652332773 -0.0733112629795272 -0.0275405052692807
-0.170147592236709 0.0100592186936873 -0.0421176383239561 -0.0639057865961074
-0.129301744721362 -0.115766468986941 -0.0243058021509975 -0.070931706924333
-0.0461061676673295 -0.206264005946751 -0.0433866567330113 -0.0142560944244145
0.0178803704766235 -0.196697158678208 0.033066890162067 0.11062967704802
-0.0384619330523851 -0.202124824423824 -0.0564432594613628 0.155682833797302
-0.162739117594978 -0.139509530326584 0.0132953590857051 0.202861159708934
-0.192551218143933 -0.00616780428167735 0.109396446761168 0.147926024739603
-0.109301375212929 0.116144188833229 0.13592178751815 0.0266024053788085
-0.0135641561965378 0.124697882223848 0.0735755442730163 -0.0211326724146827
0.0419308669567037 0.113896406667107 0.035286268612871 -0.0170024772774033
0.0734822775697898 0.0979567559794002 0.0161469347604334 0.00687256179204153
0.0819253274337733 0.0981291804554014 0.00667785058899903 0.034145094613827
0.0389293237585115 0.102141016517828 -0.0133559911296433 0.0512982319870883
-0.0082616094507632 0.118854932311676 -0.0548390644763511 0.0357411567996251
-0.107383069889598 0.0899726544785888 -0.0752572238640741 -0.00226258291222387
-0.161450499359332 -0.00192366507488752 -0.0491183318182664 -0.0468254213295352
-0.10816905886054 -0.117753122687155 -0.0119172396681634 -0.0511735682461652
-0.019489987578653 -0.186855428032545 -0.032017218731943 0.0396971952032749
0.0375094750898101 -0.136854236567551 0.021286997015941 0.162766250798308
0.00168788544508342 -0.161902729413532 -0.0592521140213137 0.172201487164236
-0.108663529142314 -0.134045447051703 -0.018076391206443 0.190556499361479
-0.155652919975392 -0.029326127436647 0.0638940414430811 0.155060219536017
-0.100485179234211 0.0849762812572563 0.101514162103252 0.0653880993492697
-0.0176637540218892 0.104458460847834 0.067243035244038 0.0258671366220564
0.0309126695582633 0.0982369618985317 0.05149024298161 0.0246035636023678
0.0595870041701879 0.0863305126376964 0.0419066748514699 0.0387740643064042
0.0683490851352572 0.0883030069508187 0.0309964515364106 0.0659459805924796
0.0320527475917544 0.0935658351506082 0.000531413251512429 0.0832057239826662
-0.0129174065930888 0.105302385862851 -0.0524223087595632 0.0668122016649568
-0.101086274802797 0.0686425848473611 -0.0786861784945013 0.0182360744359988
-0.136893779869627 -0.0208789699149196 -0.0549597061463637 -0.0350257976895262
-0.0707139376192043 -0.113895570367032 -0.00136477083479565 -0.0343480545207448
0.0135404350553426 -0.146236568159661 -0.0265998830324596 0.0855518576853555
0.0464286548012235 -0.0536571022044576 0.0157938904130592 0.187446504024091
0.0311154257973055 -0.0926510535922837 -0.0495009319999957 0.172221564504081
-0.0480531613422838 -0.0952324203556546 -0.0351683266702266 0.164155872431289
-0.0949172785991179 -0.0354011252775603 0.0299381705499342 0.147009293690966
-0.0709094976055159 0.0473854812206648 0.0709535686294577 0.0877073516904841
-0.0155177771551618 0.0690201136184642 0.0607687545046898 0.0597422561062859
0.017357617944703 0.0668428351536889 0.0622735828975641 0.0564531741072938
0.037176978711114 0.0620639061797904 0.0610541333071122 0.0637542169023148
0.0446340807236727 0.0658747665102108 0.0484205097229833 0.0930278864413689
0.0189757036235837 0.0734414417420181 0.00777622285235661 0.110910747897336
-0.0181061915334742 0.0789374255327163 -0.0578056459992164 0.0915216729261801
-0.0838856113590909 0.0381883487640427 -0.0880116603737684 0.0301996120499105
-0.0972255696787959 -0.0374564581684181 -0.0635581060815243 -0.0307386461748374
-0.0255720507900524 -0.0971324414040827 0.00401507240633304 -0.0208543514705925
0.0463408591449445 -0.0869030238756191 -0.0289993704203363 0.119338529024884
-0.0518427821982968 0.0120089343164926 0.0239244207683888 -0.151019642588348
-0.00977816098775983 0.0571428161713216 -0.0228797430761392 -0.00821117406482397
0.0376363183674808 0.0472130711264422 0.0704837252526581 0.0465800232071908
0.0489527375096039 -0.00672777499280085 0.117667301739229 -0.0247341534497411
0.0163909135666732 -0.0375463615842497 0.0881395494847926 -0.109603060953794
-0.00287559704906356 -0.0271139826740647 0.0116048788186235 -0.147211076768419
-0.00391348923612176 -0.0274439869470477 -0.0565748965799923 -0.122805857752152
-0.00252481037155893 -0.0276912418058042 -0.0793544571127884 -0.0859078062462756
0.00245634152647798 -0.0236570361870462 -0.0702926406801637 -0.0759550332497709
0.0122217307301722 -0.0140835368240695 -0.0626641735420207 -0.0830761503966722
0.025764707006057 0.00227154327765638 -0.0565136783771095 -0.0984775605909488
0.0233477217223699 0.0346259138442045 -0.0218820205390669 -0.122144829844404
-0.021228286953723 0.0524886455830726 0.0285307657873555 -0.133489157907555
-0.0591885806510068 0.0165695941920557 0.0162088927353253 -0.145652042553735
-0.0618253291462669 -0.0257056816908058 -0.0341584000603759 -0.183725888810699
-0.0645881327915544 -0.068663852894972 0.0369220263435512 -0.133674085661083
-0.0557112361585247 -0.00185535147818066 -0.0229106077450732 0.00863737417251604
-0.0345885772393351 0.032450868175057 0.0850594829831434 0.0741250922383661
-0.0049332635248585 0.0253171013892033 0.146084070595867 -0.0087762277928002
0.00619365521760297 0.0142320228430806 0.113648217770779 -0.117691500866351
0.00903826536571395 0.0142201104251545 0.0241807613912381 -0.157340248242772
0.0212134833699118 0.0129069729881475 -0.0504569385680365 -0.132440239096664
0.0268112395948194 0.00971629571831149 -0.0778685883938687 -0.0882941078005832
0.0268059471602695 0.0174300144049679 -0.0705108670473607 -0.0745937327199074
0.0108168922632157 0.026903400099363 -0.0621751315540477 -0.0745258784238375
-0.000964309466088245 0.040494954658177 -0.059089534200952 -0.0870431881778705
-0.0337770294277657 0.0436809487405972 -0.0344650254675133 -0.107437278976284
-0.077771803831824 0.0209763733237418 0.0110106510023026 -0.120201554481355
-0.0827581306565605 -0.0457770389689341 -0.00789101889749261 -0.134065141232991
-0.0613855735758277 -0.106551292713173 -0.0455569474029539 -0.165831955857985
-0.0602880699132413 -0.144866992323364 0.0464628233776221 -0.0931730317293325
-0.0886036554674527 -0.0751264771363668 -0.0258837899975965 0.0393949952563704
-0.10955978164647 -0.000958379175311202 0.0915483788727147 0.114554273082828
-0.0741119834197405 0.0478458001377969 0.169555895137523 0.0246581736938686
-0.0188372049463722 0.0691192461120338 0.141376111024886 -0.107134385690315
0.0139669699195164 0.0598769555176999 0.0417398096758231 -0.149498380258526
0.0403272335967368 0.054007291727404 -0.0340322036456342 -0.124669449372163
0.053886832484116 0.0455063959021236 -0.0649973811131586 -0.0781454137046379
0.0519254705699882 0.0525258292107826 -0.0619396188133618 -0.0583524585368776
0.0178590268901779 0.0614749598727812 -0.0586178811532504 -0.0512995925906772
-0.0121118439792666 0.0769240785849412 -0.065882362675652 -0.0636233771326999
-0.0753559745234538 0.0661657658912361 -0.0539701659680011 -0.0860115901038677
-0.127304754001076 0.0116010376326406 -0.0127353710072991 -0.104961729440149
-0.110433393685639 -0.086550746514299 -0.025834602630993 -0.115840705329925
-0.0646246774473265 -0.16713746405053 -0.0543906095211125 -0.125146971662553
-0.0415802774473466 -0.20001669515436 0.0496676669179298 -0.0316584674361827
-0.0987209459895515 -0.14853169648141 -0.033698258539741 0.0814856775175219
-0.169974761439278 -0.0518753125474667 0.0814031116983627 0.159652433127554
-0.145380213676364 0.0503911181573659 0.175219739604467 0.0712537484189008
-0.0554388542072041 0.113665426632797 0.160252433513411 -0.075052179615052
0.00989767029887149 0.100431438726875 0.0599764126794459 -0.120930000722169
0.051118058390484 0.0894803754178993 -0.0115677097024051 -0.100356965823446
0.072792078180046 0.0748486041503801 -0.0420593507020507 -0.055669994486322
0.0739613055264458 0.0792117323953934 -0.0442258807142583 -0.0317024305552075
0.0294380612975745 0.0858394732883738 -0.0483873277560376 -0.0192166623282957
-0.010982346618258 0.105062633558903 -0.0679443868355486 -0.031567024043125
-0.0979094152743638 0.089993170580028 -0.0691165244759938 -0.0580531355921825
-0.159871088262124 0.0147329507268688 -0.0325323846661978 -0.085733103686055
-0.130824923867596 -0.106809787426573 -0.0318524763555779 -0.0938482994277452
-0.0630520849314969 -0.201511497600521 -0.0530555528071818 -0.0710983117750742
-0.0128174671190305 -0.220391911548312 0.0438652485775533 0.0415830467160804
-0.0795037171951365 -0.198177036733043 -0.0454677050119764 0.124142900299196
-0.190802887252669 -0.104949814689082 0.0534121325647056 0.193580692073985
-0.191828255899228 0.0301802404632542 0.154378527196368 0.117611206124065
-0.0904127757019014 0.131111270325769 0.15893014772499 -0.0262752181777628
-0.000794478286819469 0.124593463130456 0.0718756644137907 -0.0747797893700032
0.0510199585239066 0.111497063301363 0.0136313453912869 -0.0620696512582797
0.0814792308068025 0.0925494606139263 -0.0134796123416569 -0.0256729525465625
0.086004044328978 0.0940236080392644 -0.0201038082115212 0.000985866511618002
0.0396309299816788 0.0997073577709704 -0.0322057119488582 0.0166983885523063
-0.00656582524259333 0.119466045048501 -0.0631936377487622 0.00409065638777479
-0.106151882227723 0.100387896957307 -0.0751103161518777 -0.0273069666931905
-0.171031944075124 0.0136193564997521 -0.044284472876716 -0.0656175591232335
-0.132406731989783 -0.114461381644166 -0.0254271322982454 -0.070979888634715
-0.0502722886059547 -0.208069715439738 -0.0429842338129485 -0.01351491985575
0.014152814374329 -0.198205215567009 0.0322407086693509 0.112253328589805
-0.040857050603615 -0.203302664739201 -0.0561151456408483 0.157342921297143
-0.16582708748378 -0.137290291320316 0.0156351086826021 0.205638957026727
-0.194792143528081 -0.00240071803287574 0.112108116327204 0.14879857929907
-0.107078176185351 0.119931206073474 0.137742557244543 0.0235236238165622
-0.0112820001438225 0.126206368000725 0.0736509843102873 -0.022638539924437
0.0440885602458945 0.114815320162903 0.0353546542463072 -0.0180076762044202
0.0769198676787718 0.0960787522558518 0.0159171142614363 0.0067292133360649
0.0849971749482652 0.0960730601550851 0.00661966096035356 0.0336266729266857
0.0409316972470911 0.102463900090541 -0.013250070324296 0.0516908722853198
-0.00667284570251283 0.119407928432027 -0.0563573328177057 0.0382244152593816
-0.106498595657114 0.0931367546312883 -0.0774663880478949 -0.00128945918352613
-0.163098358314967 0.00191737964061762 -0.0509451816975092 -0.0478482929650788
-0.110654019727269 -0.117410086011468 -0.0133120252688597 -0.0519072666774739
-0.0239939645532748 -0.188685086037894 -0.0312612172930295 0.040285837807875
0.0348942795162917 -0.138882066601762 0.0214367982984634 0.163492145144708
0.000316272242571167 -0.163624757455681 -0.0592402349449377 0.173832730344976
-0.111217056582074 -0.132591511298409 -0.0169963538335456 0.192610089243824
-0.157379401007235 -0.0263212199502573 0.0663038201852141 0.157631814784318
-0.0989034445649409 0.0885054140831654 0.103367706763955 0.0638335297183162
-0.0154607649853225 0.104998512290986 0.0689984404367796 0.0252375814398978
0.0330279116740283 0.0981697090592738 0.0528199645077263 0.0239880534286711
0.0628443904650616 0.085136317155619 0.0424240866161848 0.037420575275325
0.0713788290647063 0.0862447031865844 0.0315457833097082 0.0648939111196037
0.0340860636378017 0.0940015436344409 0.00247741982643588 0.0840069835523468
-0.0108758850889739 0.10634197334799 -0.0526161466563343 0.0690783955859317
-0.100504221857832 0.0710011369621913 -0.0805867646634241 0.019248982200259
-0.13829733747925 -0.017582634215457 -0.0571265673524421 -0.0358324912292778
-0.0732775811916598 -0.113375189268924 -0.00297516601707295 -0.0352631757237009
0.0108000809419108 -0.148426692419262 -0.0249611496663674 0.0867006461893337
0.0456299226498205 -0.0544318683505343 0.0161930570235598 0.18910239413253
0.0308487145829262 -0.0943966512069788 -0.0499784712472802 0.173443372355498
-0.0497106945366152 -0.0937107196132062 -0.0335319870269698 0.166973244678793
-0.0960705985348165 -0.0336473250960688 0.0322114227167282 0.149154998754704
-0.0697200023481234 0.0497055571380695 0.0738039319564364 0.087165112056712
-0.0133176158124463 0.06944788620261 0.0632707069908828 0.0591052217983876
0.0188275409238843 0.0662953220816293 0.0645372540749293 0.054755749073811
0.0389324854224875 0.061532634816469 0.0629795246822467 0.0617961627025276
0.0469697951358454 0.064753962359624 0.0507979076542402 0.0920531639839687
0.0210063687206294 0.0739022063916316 0.0102835273489544 0.111329917236482
-0.0164388242243368 0.079722587210462 -0.0567231391313577 0.0938198358838526
-0.0840305144352683 0.0405828921892759 -0.0894294063942446 0.0311557517488038
-0.0979053604089393 -0.0348958958878669 -0.0653959561850497 -0.031768226539327
-0.027878768788945 -0.096924485453452 0.00250999891431914 -0.0215920741698833
0.044699043434579 -0.0885536249618613 -0.027012205630621 0.120535885373872
-0.052592038599707 0.0126830843543664 0.0214900214272785 -0.154579198599174
-0.00903411292474413 0.0578002513248596 -0.0236978193929457 -0.00628599207631674
0.0393617166038234 0.0465875336093182 0.0733994089765989 0.0481834650125867
0.0499170562917722 -0.0076942204017922 0.120717142210768 -0.027327816642938
0.0156288034897506 -0.0379272193444459 0.0891722205258889 -0.114700657876186
-0.00371531015063811 -0.0273864559719954 0.00946866974664506 -0.151400470735926
-0.00444120670702852 -0.0272797970157187 -0.0596488105234157 -0.123481109879661
-0.00374897385879958 -0.0284147235913465 -0.081894500076508 -0.0837362641074944
0.00216659928800061 -0.0246206847158735 -0.07421666801895 -0.0759261196510269
0.0124250917741892 -0.0143661706165731 -0.0668295006867141 -0.0833974049107751
0.0261250501762695 0.0023325916766843 -0.0599533543114109 -0.0998663422692722
0.0239841120941541 0.0342583610466327 -0.0239450397608348 -0.125243325513581
-0.0207571179147918 0.0538696840593313 0.0288972222808733 -0.138410625914116
-0.0599487795277201 0.0179660370796293 0.0174148250998655 -0.148845720949707
-0.0635806890759051 -0.0255460946643986 -0.0363243191530253 -0.18770248755772
-0.0661607357669894 -0.0697485372836676 0.0354132573830974 -0.13681578918016
-0.0572127026170191 -0.00108799855633662 -0.0233662194200714 0.0103704588795894
-0.0342253173282096 0.0332256794333626 0.0881955064780751 0.076247472982241
-0.00454587511313918 0.0256390805255045 0.149771075369073 -0.0107952358523874
0.0053818838048329 0.0149559318827083 0.114882574752448 -0.122572297269734
0.00918222635907873 0.0148543634650971 0.0218151293515846 -0.161711157941969
0.0215802582479523 0.013374538740108 -0.053783866516683 -0.132761546992954
0.027855248854366 0.00933837274620764 -0.0811256006425356 -0.0867053279797399
0.0279843105986428 0.0173024505950408 -0.075021402203479 -0.0745189016814372
0.0115549513567391 0.0278335293812653 -0.0663878029760501 -0.0749037354498967
0.000200280720256963 0.0419585064971976 -0.0637699147773564 -0.0887271825533455
-0.0347939755864101 0.0449880495884136 -0.0372979363666131 -0.109858454233179
-0.0786986193031522 0.0228301752236836 0.0104433563630903 -0.125247472994462
-0.0848016966279242 -0.0464578602653756 -0.0072349199699023 -0.136232412416718
-0.0646671883810925 -0.108017144085377 -0.0472974519572108 -0.168956196582382
-0.0642680759252872 -0.146947281279885 0.0462934311157174 -0.0949256274404965
-0.0919544052416238 -0.0764251147825114 -0.026199071203205 0.0418934131989876
-0.11184167817726 0.000738553475053593 0.0948876208020552 0.117563208865736
-0.0758394426188898 0.0503073849446877 0.174495255604864 0.0238498620121018
-0.0187849375645292 0.0712564906271459 0.142792678156143 -0.112380472780746
0.0144997793393423 0.0611108757032613 0.0406441897482573 -0.153440674500615
0.0426194611406571 0.0547318408096598 -0.0371673700483661 -0.125966389334075
0.0563466657822127 0.0451975262112065 -0.0678933904529338 -0.0766240538673637
0.0544970968662059 0.0526274202029817 -0.0655682215622293 -0.057612963851667
0.0185486926818467 0.0633918154396423 -0.06233062958809 -0.0512431048916519
-0.0110087472918728 0.0793313804987422 -0.0703215325270966 -0.0639249025399433
-0.0766827110613068 0.06886217615702 -0.0571902415617155 -0.0878085630855833
-0.129785780662477 0.0141909950987678 -0.0138799994777428 -0.109549431305321
-0.11450676326454 -0.0873105578002168 -0.0269321777615721 -0.117407129735348
-0.0685879135719304 -0.170421383408676 -0.0559792666860894 -0.127610720654755
-0.0459540886050523 -0.204218047743633 0.0494322630633196 -0.0315365838415062
-0.102215653550225 -0.151295574810027 -0.0341278147161235 0.0845396324606894
-0.173801044254113 -0.0498527411778409 0.0851952373838692 0.163656385063427
-0.148504849838603 0.0546488664081765 0.180843218239132 0.0722354679082731
-0.0546720087193075 0.11744249633188 0.163108178958011 -0.0798869412228334
0.0116032385829749 0.102775259788658 0.0595099590909071 -0.124998149324347
0.0531087141180408 0.0906789227763579 -0.0128925112278829 -0.10144020052537
0.0767214348198329 0.074232868302091 -0.0440413730407758 -0.0558153330050317
0.0780353875332327 0.0777864011997695 -0.0466772154255639 -0.0300515355988238
0.0307490404977112 0.0885165673119747 -0.0511840269736912 -0.0184781844210246
-0.00913919802220812 0.108058216523951 -0.0716868143641552 -0.0305103101552046
-0.099653087344507 0.0939769382253988 -0.071849188443501 -0.0583788103172165
-0.163920629286037 0.0180617250222208 -0.0347297189389164 -0.0890208290343495
-0.136066035461809 -0.107299278950949 -0.0336578295298957 -0.0948129653577623
-0.0682104190427681 -0.20561213152663 -0.054564763804129 -0.0723328236722534
-0.0176032392661436 -0.224315959132337 0.0441122590703539 0.0431857119622695
-0.0831939171668756 -0.202574782806033 -0.0465100145222857 0.127979863165237
-0.195837662307889 -0.103748401322837 0.0564046990536064 0.198447737741715
-0.197098848674465 0.0332418173887109 0.159611949931342 0.121312973070037
-0.0903350505493506 0.136148435548556 0.162768755007902 -0.0307974953499722
0.00181382884290217 0.128487876033985 0.0727527460424896 -0.0779775230076552
0.0545559982879306 0.113996640773124 0.0124064500480866 -0.0631117793689129
0.0853640216834607 0.0922348131145465 -0.0146412660758286 -0.0250873272913743
0.0904489839871203 0.0928845967823845 -0.020719397710747 0.000950125642027031
0.0417991182447175 0.101879048342493 -0.0335709195694071 0.0174721652890557
-0.0050517720353146 0.122311274336533 -0.0668944837458766 0.00593969024265253
-0.107423979795282 0.105273220407926 -0.0783436610747929 -0.027185862961194
-0.174677682985565 0.0181677928107784 -0.0469951240360382 -0.068246787693057
-0.137293722427351 -0.115297085970295 -0.0267895554833094 -0.0724834689539893
-0.0561129687981273 -0.212093621906577 -0.0439438295521794 -0.0124629012049454
0.0111213178673571 -0.202663192716624 0.0334308911784949 0.115073409837204
-0.0437145795612076 -0.207703907356124 -0.057124127350121 0.161936627948002
-0.170641189407552 -0.136770512458616 0.0183145255900425 0.211104831540893
-0.200606045782651 0.000396832805935362 0.116281353003739 0.152938258756175
-0.107166621109471 0.124589946037318 0.141166935603215 0.0219667527978032
-0.00863704907222657 0.129269273072071 0.0758108471249912 -0.0239591254482175
0.0482006401037753 0.116931856283308 0.0358878488734157 -0.0187020943702812
0.081564575844893 0.0964128944674085 0.0156025463382227 0.00731612072778761
0.0898749435596012 0.0956361912103626 0.00760172027996051 0.0344084067957278
0.043263958963029 0.10407184229142 -0.0131452816935887 0.0533112280376684
-0.00354357733432153 0.122230298138928 -0.0580353199848183 0.0415304879643658
-0.108424593182072 0.0973533885453834 -0.0798478223985493 -0.000360890390112618
-0.166307810152076 0.00562079875347819 -0.0537470857404254 -0.0511048120926464
-0.115487978669306 -0.11820082529788 -0.0150557422282875 -0.0530663879089885
-0.0282482436032352 -0.194031718821465 -0.030392986770931 0.0422079822287855
0.0328623943638672 -0.142065312131385 0.0221108289654562 0.168420356214704
-0.001840849834241 -0.168478454732752 -0.0602635538055347 0.179452304084513
-0.115429533719652 -0.132551787452881 -0.0158446995128268 0.198446948471432
-0.162454462455574 -0.0245022769524119 0.0704398385039394 0.162140738093327
-0.0991750913332466 0.0923654453949727 0.107107139768481 0.063125636817231
-0.0129043718450648 0.107881205789241 0.0717344470896959 0.025034008827631
0.0361255062286482 0.0997909416327521 0.0547248322843003 0.023199005429436
0.0666157192510227 0.084915874645495 0.0433122756695237 0.0368363623248491
0.0748930861992164 0.0854340093759277 0.0339847355739622 0.0653462117187866
0.0371054272251069 0.0946177798559287 0.00356665666317637 0.0854107056071016
-0.0085393711525475 0.108170096458932 -0.0535280711597854 0.0715039146467949
-0.102267123374953 0.0745111751691409 -0.08317505571347 0.0207202292631311
-0.141599916402578 -0.0152378295224088 -0.059626078285401 -0.0379458360420457
-0.0768117787982248 -0.11481539143175 -0.00439433170669891 -0.0361976344944722
0.00756016343197803 -0.152007748619671 -0.0238775976995591 0.089510070590477
0.044873219061876 -0.0560885368469981 0.0172593314185136 0.193138917044087
0.030999146076232 -0.0969232733010452 -0.0505261133326256 0.178455443597116
-0.0521700997891277 -0.0946348451062592 -0.0331820938739152 0.171291066373802
-0.0991350897911369 -0.0332702757165906 0.0351256062583913 0.153553185773834
-0.0704612690041705 0.0518845621224697 0.0775117250621688 0.0887412808742013
-0.0119274635121868 0.0703490807659203 0.0669763362310433 0.0594679089213538
0.0204760124787945 0.0672052872636725 0.0675730048019552 0.0541275541916672
0.0418957936701921 0.0612761001510547 0.0648896804399701 0.0612146769427158
0.0495222130580291 0.064250766810084 0.0539524023519787 0.0916076153666298
0.023461613435118 0.0747841812225531 0.0121966758395959 0.113676815192972
-0.0150848236203829 0.0817724798874405 -0.0568919385310099 0.0972187576189991
-0.0866323504112707 0.0430006035272862 -0.0918667801855124 0.0330674317773188
-0.100375200651701 -0.0336377540924754 -0.0675794213462239 -0.0326227592539415
-0.0297251656992165 -0.0980308280985427 0.00216101257794829 -0.0231965857001438
0.0439428050846383 -0.0915589867075022 -0.02500186230552 0.124603203698288
-0.0531398245936844 0.0144182067345658 0.0170972112302731 -0.159901295204927
-0.00754458487249282 0.0591969702316533 -0.0252478406396104 -0.0044697927215134
0.0411094896439803 0.0456529312703725 0.0777624652605097 0.0497987111978445
0.0501073069783095 -0.00923003413255588 0.125030366818964 -0.0310726955392391
0.014081464586316 -0.0383828325457454 0.0876154771572091 -0.121668302827067
-0.00486741414252693 -0.0276866681002692 0.00404106831027456 -0.157859740826983
-0.00511522522936035 -0.0280505345724267 -0.0654877259019449 -0.12462998081034
-0.00525568316889949 -0.0286811519307529 -0.087263930167145 -0.0820583747279549
0.000968572033050952 -0.0249730583106432 -0.0802766950468542 -0.0744558843342891
0.0126693798389304 -0.0150413074487728 -0.0732667933702053 -0.0836995407252334
0.0271454880284983 0.0018031567888814 -0.0663106324248157 -0.101457280989561
0.0253086564568764 0.0351218790552726 -0.0279270664261405 -0.128233883526982
-0.0191004237935551 0.0555583403172258 0.0275091669409069 -0.145201389845502
-0.0610401395802702 0.0203070612171615 0.0162114834213258 -0.153219025997271
-0.0662672337914283 -0.0237220037179401 -0.0409112836806652 -0.192690840502593
-0.0710965164888518 -0.069935868300754 0.0326275498522564 -0.140847855812904
-0.0592372799917151 -0.000765322123345726 -0.0241107260271443 0.0127983340437025
-0.0346362160424741 0.034963875517374 0.0938904106928543 0.077596426864767
-0.00510884221681493 0.0262646595190354 0.154925890951076 -0.0144845691005462
0.00567115104745073 0.0163909028108104 0.114389829385213 -0.130616586910229
0.00980939110249373 0.0150556452177913 0.016816844411835 -0.168309790520939
0.0233775999900004 0.0129686086186673 -0.0598347519303662 -0.134222312235079
0.028779347768056 0.00839743148803533 -0.0856355998448619 -0.0847353649863802
0.0294677273359764 0.0159713395768468 -0.08087706073687 -0.0723730841476041
0.0127524508559178 0.028672675465601 -0.0719955881787838 -0.0743471180222915
0.00135733759133312 0.0431288664703163 -0.0693555119184791 -0.0887489829423971
-0.034719297201918 0.047512792325709 -0.0424219030249366 -0.11220557853559
-0.0808752029045644 0.026096029240075 0.00781314990204521 -0.131064773975055
-0.0896178012258425 -0.0452128637524376 -0.00967571795807557 -0.139950685989433
-0.0701561748392947 -0.109241360338146 -0.0528256196478837 -0.172970918283854
-0.0713400720781319 -0.150304761419604 0.0443008561628948 -0.0979187818908701
-0.0970339194734704 -0.0769791888673832 -0.0259690050931776 0.0455250822923524
-0.114791921719315 0.00402444208906058 0.101701205520149 0.119535946044952
-0.0773807448369173 0.0539956773086471 0.180679574971836 0.0202458584276642
-0.0172345973151133 0.0747275948063343 0.143314963727327 -0.120982341886735
0.0171224310174626 0.0628003399418144 0.0360469983050497 -0.160118188668435
0.0455319480369413 0.0550436938806226 -0.042411262194911 -0.127464313539718
0.0592793334449572 0.0434590742677498 -0.0722215786521223 -0.0747675514095728
0.0585294391238158 0.0508921522548931 -0.0707748885487834 -0.0558196263879991
0.0214367776472723 0.0652992422506038 -0.067762437372143 -0.050681621135021
-0.00881199013630245 0.0820456890828003 -0.0759272962063579 -0.0631671451496514
-0.0776972553716563 0.074186464171998 -0.0617214962928327 -0.0886147901471886
-0.13338880776951 0.0194524104502671 -0.0174258688235586 -0.113910103925314
-0.120769306468017 -0.0870229254736486 -0.0297269005733313 -0.119546847186986
-0.0769739349175939 -0.17329089428011 -0.0604908221780221 -0.129389746412218
-0.0540963198688283 -0.208310525806905 0.0495856040471613 -0.0323143450802627
-0.110352692431196 -0.15403761357926 -0.0335170248422542 0.0896219080163629
-0.180485416999927 -0.0454452826454258 0.0929695043392341 0.167680570716798
-0.15162372924398 0.0603265037053148 0.188376836049731 0.0705293131924794
-0.0524816930418256 0.12268707366857 0.164415577519694 -0.0884633734324519
0.0151799619212222 0.106061385934248 0.0575045186673137 -0.130938273540985
0.0585861247911548 0.0922120492895127 -0.01659876071476 -0.103733654168258
0.0822584954278794 0.0724573778108085 -0.0471588570357649 -0.0536746255842498
0.0828193169045313 0.0763111262274754 -0.0502310014997841 -0.0287326939434711
0.0348891948706671 0.0908454439156345 -0.0546607309535274 -0.0170049037102723
-0.00614084346585334 0.110742883902521 -0.0764068182128376 -0.0280228932561721
-0.100065936568529 0.10019450793925 -0.0768464457840743 -0.0580597428659106
-0.167548755467472 0.0249136322382119 -0.0390761544070871 -0.093192549194533
-0.143838388450924 -0.106458860859539 -0.0360964853821952 -0.0960030452789205
-0.0782221605170273 -0.209443364484157 -0.057329338260322 -0.0731152818085417
-0.0252081081934512 -0.230836732598881 0.0459725186438634 0.0449656936109487
-0.0912109967866513 -0.206119072426512 -0.0443107915314894 0.134549246688364
-0.204132394700645 -0.10033512593072 0.0633971868823308 0.203896127893008
-0.202374615991501 0.0408404492835176 0.168848469714012 0.121477544665321
-0.0872227686416215 0.14391358346365 0.166373976026716 -0.0372000032419151
0.00612599154658651 0.132350467455856 0.0732327777829741 -0.0824324408377576
0.0602627388475548 0.115526972661348 0.0113270506883142 -0.0650933651254026
0.0920059827926766 0.0904285386152857 -0.0166148683541463 -0.0251158988849694
0.0971237646471104 0.0899936489192792 -0.0220881399288308 0.00286633890701257
0.0460329400076891 0.104133744234704 -0.0339237260618055 0.019749325333393
-0.000172007819972356 0.125829961369447 -0.0697662115242344 0.00916588168575283
-0.108469293384848 0.112373571198118 -0.0824039540857311 -0.0255491627287657
-0.179707962126157 0.0259195757045853 -0.0514173586694807 -0.0710106183387784
-0.145135605621074 -0.114148800969707 -0.029721765516133 -0.074043743258963
-0.0658971494665486 -0.217454800148202 -0.0452565188500194 -0.0122794333298241
0.00499840366750079 -0.20835744224837 0.0362293576018634 0.118724929911702
-0.0506254737548665 -0.213932148715578 -0.0549330350340908 0.169361442871172
-0.178952623292684 -0.135003249230824 0.0234807144611721 0.217026651856032
-0.207216470686534 0.00709917111612256 0.12601467087079 0.155810371001744
-0.105997241891774 0.132177064933527 0.145877757309801 0.0174146185638298
-0.00378825675801402 0.133113508763372 0.0781492989627045 -0.0268494614115529
0.0536257085658088 0.118668662906289 0.0365156632950673 -0.020796559141396
0.0886909664367669 0.0945147397640334 0.0164583884815565 0.0066667535378138
0.0961437042166437 0.0926674171357507 0.00879792056885573 0.0352510018300267
0.0484221384230177 0.105369816410475 -0.0121960493903761 0.0555805160736426
4.52357665541307E-05 0.124787773636256 -0.0598128026497353 0.0447147148081718
-0.108562074006933 0.103952247114513 -0.0839916765265701 0.00210139782522069
-0.170423981352399 0.0119347074547317 -0.0585839370391254 -0.0519252050773148
-0.122561686040503 -0.117644656748308 -0.0176515623838915 -0.054214742363045
-0.0372206614741992 -0.198512037894563 -0.0299659525095584 0.0445861618746928
0.0288874961307413 -0.14663745883278 0.0262630381183372 0.173847619861081
-0.00671059460666466 -0.174176731761655 -0.05849363549753 0.187252294790891
-0.121708211345158 -0.132704681643578 -0.0117502986835669 0.205018945455398
-0.169107129717263 -0.0203279676965914 0.0777567689315979 0.166511955318448
-0.0985650852895444 0.0988717024480836 0.113153140604567 0.061665318463658
-0.00931802364119157 0.110588602362417 0.0755512094485707 0.0240639829464404
0.041123337327522 0.101699472375304 0.057016718771166 0.0214940576200788
0.0721828748667765 0.084410169579184 0.0456640294296715 0.0359919560663547
0.0809929169460245 0.0839797941313915 0.036531227551069 0.065077159562258
0.0417483159619347 0.0966806851545175 0.00669782017463595 0.0880174034859272
-0.00510016299694218 0.110940460354482 -0.0535620539108127 0.0761494473512356
-0.103341127104212 0.0809734300350131 -0.0863484505715494 0.0232550865347742
-0.146384286336122 -0.0100293678354566 -0.0645439362047955 -0.0388278731264412
-0.0828191662192028 -0.114981144054352 -0.00536881225852575 -0.0369665073600524
0.0018177836510766 -0.15694414447235 -0.0211323443998537 0.0930584533411403
0.044713208306963 -0.0585819564244024 0.0215943074696972 0.199750103187747
0.0290518516061351 -0.101281888343669 -0.0487444468746794 0.186079466912871
-0.0559025209940919 -0.0957250787636115 -0.0304938795713609 0.17928216986263
-0.103359113975859 -0.0312019360236373 0.0408565646505793 0.158868955986021
-0.0695808984798089 0.0559521751052131 0.0831732585393074 0.0887635289161186
-0.0088466737048852 0.0723779083521212 0.0715074758738228 0.0594925565676039
0.0240035490038598 0.0683560114547488 0.0710399738954338 0.0534491040034935
0.0449026708021162 0.06090368448019 0.0676632686780789 0.0587109543813828
0.0542028224006085 0.062606508431733 0.057709130143914 0.0910149438484195
0.0271095941593192 0.0764167586170107 0.017003423534957 0.115835715887857
-0.0120642273743741 0.0842579821270228 -0.0561608000889268 0.10195668145533
-0.0873799509593279 0.0474486387945169 -0.0952343366670372 0.0365394737466721
-0.104038261596303 -0.0301583807994235 -0.0724850490267041 -0.0331030693986346
-0.0342627393314223 -0.0993233323240575 0.000896246407820059 -0.0235722160621265
0.0411360414940063 -0.0956692994230362 -0.0212101961209772 0.128949886225062
-0.0532252728994444 0.0164365605400541 0.0108684155698317 -0.163054048840176
-0.00486959143904672 0.0601603379188796 -0.0255093824350078 -0.00216575479282337
0.0436565914771896 0.043639347526578 0.0823181942883743 0.0490148158836396
0.0507205419887455 -0.0125520352818783 0.126580079220042 -0.0368146634849306
0.0117137870558244 -0.0384992810360267 0.0845868242763821 -0.128561376694878
-0.006491062318273 -0.0276938614925292 -0.00423158637597193 -0.161340444640456
-0.0061511697499856 -0.0290169181942979 -0.0726593127354603 -0.122705915876749
-0.00756385902998071 -0.0288903751238625 -0.0908659531211498 -0.0778044972892483
0.000303270151877263 -0.0257233744049721 -0.0864015403011406 -0.0702604049840573
0.0121094236133245 -0.0159906211302567 -0.0800587260302665 -0.0808131426940568
0.0275857755366413 0.000666252634157361 -0.0732116616459583 -0.0994032814010015
0.027339011414963 0.0335799881522337 -0.0339873582081785 -0.129563471037864
-0.0170339782673823 0.0575191891095415 0.022921574197079 -0.150295198822961
-0.0613464326170173 0.023528282822712 0.0117935485995067 -0.156741516448511
-0.0674922952915566 -0.0207754607275044 -0.0492047499764914 -0.194927360349228
-0.0754437104105534 -0.0687424228048615 0.0266202418092555 -0.144645046324048
-0.0602598148927316 0.0018360692190961 -0.0238201398511759 0.0153396318556025
-0.0335251402992391 0.0363689497979867 0.0998162161964239 0.0757343355168094
-0.00393953489660415 0.0277761214667656 0.157770202134015 -0.0214692126016419
0.0054992659718644 0.0158276947967203 0.109991197219713 -0.138348198016098
0.0104169061467943 0.0153047711850129 0.00795804728996368 -0.172605215017171
0.0244097551932627 0.0118339144433901 -0.0673155135610332 -0.132870495954728
0.0295269335962936 0.00646288700208131 -0.0904477697769165 -0.0803205261171104
0.0308142188683111 0.0142278171634617 -0.0869256306218943 -0.0682591752603273
0.0144253182716298 0.0292445194177218 -0.07901379920656 -0.0719744137453237
0.00364331033861698 0.0440779662791523 -0.075794874685032 -0.0867023537593908
-0.0333980076669211 0.050170775959656 -0.0477535368600577 -0.112756495046517
-0.0809574201838756 0.0305065919803994 0.0029780892938772 -0.134722080264894
-0.0925807708042806 -0.0418976491009764 -0.0133587660763749 -0.141822550950329
-0.076739832044952 -0.108057052401084 -0.0602127051927731 -0.173125055282435
-0.0792917804842805 -0.149312657286934 0.0409215721818397 -0.100256603918518
-0.102430654611625 -0.0744516989852325 -0.024565980059968 0.0486328691340947
-0.116384921309813 0.00926807614014981 0.109314953201334 0.118799250248494
-0.0776313444034543 0.0587729742912867 0.186003160003367 0.0138720835607588
-0.0144159027056107 0.0768162340272341 0.139367145511978 -0.130448734514362
0.020036513556771 0.0635061744955145 0.0291185769954312 -0.165385586229577
0.0497073030050265 0.054141546742167 -0.0493657508900561 -0.127218255489654
0.0630652189691292 0.0406742573407748 -0.0763757485060672 -0.0706342127359252
0.0619149744711366 0.047783711655953 -0.0762334806101187 -0.0513515621393709
0.025261912559274 0.0657374410339536 -0.0729939262631217 -0.0473666376033741
-0.00422708624771897 0.0841227897204838 -0.0820362250377402 -0.060514508912169
-0.076171018095672 0.0784894742503984 -0.0680970157165823 -0.0873256933563584
-0.134715565073127 0.0265914199227715 -0.0231081887121301 -0.117104690401342
-0.127361772750001 -0.0830497194211556 -0.0339453501986871 -0.120468879947789
-0.0871009767959265 -0.172851449142943 -0.0670957859495432 -0.129566145660576
-0.065709773751943 -0.20960308206521 0.0483608175849184 -0.0336043451945773
-0.118769535786576 -0.152534129868453 -0.0309095273536929 0.0927184095485568
-0.184184520673205 -0.0377278160234756 0.101412420791665 0.167865586480579
-0.153484890621666 0.0688126799339518 0.196888741759582 0.0656946233114934
-0.0473584802346429 0.127001532962671 0.16248309117036 -0.0984251051172723
0.0204905291578468 0.107507737801666 0.0527275790235987 -0.135642402680582
0.0646781208360791 0.0917072970281358 -0.0225521888999897 -0.103704833061896
0.0871416749384827 0.0681469637544495 -0.0505369419408039 -0.0499113341805825
0.0885912232844878 0.072115945145579 -0.0542164150899031 -0.0260225179847593
0.0401642544015048 0.0909871836095676 -0.0571927880265457 -0.0135577570680367
-0.000714491391979959 0.112927818230974 -0.0810748117303721 -0.0244737132929345
-0.0975426725862703 0.107774940168526 -0.0818342377302925 -0.0559439912269308
-0.169199182251304 0.0337553851843206 -0.0449055440985446 -0.0942653773540865
-0.151354445611469 -0.102428949905404 -0.0404709096444575 -0.0958895740792458
-0.0909014305901159 -0.210640124199008 -0.061167773219747 -0.0715048631059257
-0.0374602356383701 -0.233371656711347 0.0483182927136876 0.045830226944384
-0.103447334608842 -0.207604288070252 -0.0398655689754969 0.139905490456684
-0.211419845967028 -0.0929412243980179 0.0728610679596394 0.206869501054697
-0.206086272202515 0.0512553531095552 0.178505729894667 0.118375908194687
-0.0817394235145494 0.150623753925725 0.16710611974428 -0.0465803332743954
0.0119629484546795 0.133523178271387 0.0705254801538438 -0.0872308798594438
0.0682144415943792 0.114911027960409 0.00826000607567694 -0.0666888896429064
0.0988624328505849 0.0858132549612953 -0.0175195036437458 -0.0228972252545992
0.103731188973235 0.0851937157984815 -0.0236774322929568 0.00469356383524738
0.0523013903591135 0.103576923528125 -0.0347427825209659 0.0227518455362986
0.00566275015128756 0.127225935993135 -0.0718945916797585 0.0137994594106103
-0.105027388413923 0.119810088940941 -0.0866355614729841 -0.0218673334597367
-0.181292775192174 0.0355889164731734 -0.0566666566886854 -0.0714390834119333
-0.15344132825814 -0.109112651939884 -0.0330095851129839 -0.0739092029106271
-0.0783042706506107 -0.217862427036807 -0.044994621010538 -0.00956980012532349
-0.00462212351747077 -0.212114093417446 0.041403441113634 0.120607027353963
-0.0610749304184822 -0.216325512051555 -0.0502523407340494 0.176096514584882
-0.187218997877975 -0.129816792748081 0.0318045172406976 0.220683402361752
-0.211977083633818 0.0164384873499634 0.13509314771022 0.155373405716184
-0.0999976910302545 0.140108166043261 0.148994584389336 0.0103232763134138
0.00321611231105556 0.135290552728265 0.0788836135354984 -0.0305805466557347
0.0617327035524382 0.118230759897656 0.036855028682592 -0.0228594906989117
0.0955851887725505 0.0904752885750778 0.0163776603447726 0.00647055657406533
0.102960407512944 0.0884779515798468 0.00945706652034162 0.0352419577560014
0.0549913501317632 0.105817046066526 -0.0099425099296901 0.0568666929766258
0.00579361419395343 0.126366967176619 -0.0605527237999162 0.0494241388370559
-0.105718525188019 0.112340226611605 -0.0868768139304141 0.006182969293211
-0.172499854663068 0.021614743111668 -0.0633978723917899 -0.0519498191325038
-0.130938093113839 -0.113948114632169 -0.0199838354874471 -0.0550349485617416
-0.0479944097081086 -0.200081460457094 -0.0280956841093968 0.0467533445294253
0.0224905084160406 -0.150493073002754 0.0330551985023374 0.177566689208942
-0.014360503250181 -0.178592657390987 -0.0531859466983207 0.194214359694231
-0.129614039274927 -0.129768279071241 -0.00398790821966379 0.209797078012961
-0.173859097381686 -0.0130530500732072 0.0867670585722759 0.168061402197621
-0.0946292697089301 0.105633514921888 0.118110342891903 0.0570453681184866
-0.00344028941485412 0.112801578742408 0.0787679792188801 0.0209392722951564
0.047424058642607 0.101138587030996 0.0593118594966929 0.0183406408934067
0.0784916694236345 0.0811586617094467 0.0471162942865057 0.0346343603378821
0.087020116836475 0.0796634030080766 0.0398022409620779 0.0643389999314133
0.0473862547941607 0.0959044639170431 0.0109970972533543 0.0889079362413123
0.000284559757444688 0.112469452997936 -0.0520129549656511 0.0809029332267422
-0.101658352712307 0.0877579534787668 -0.0884379730002529 0.0282146086056188
-0.148567125085575 -0.00215760379970981 -0.0685719243775658 -0.0376784571099064
-0.0902670276692568 -0.112752625589673 -0.00748599132719716 -0.0382115726874243
-0.00686392300025441 -0.160158111415065 -0.016215553323929 0.0957304848878974
0.0428506897015069 -0.0619323273215963 0.0282124189521505 0.204003746482487
0.0253177484976772 -0.105559131871904 -0.0441495600045445 0.192787120298162
-0.0602590855251758 -0.0946491257506979 -0.0246188164352267 0.182994967850055
-0.107383148878355 -0.0266430992139728 0.0494207099729977 0.161388281518413
-0.0669277148217399 0.060759563776113 0.0901217575164792 0.0859893501518887
-0.0045828631539474 0.0726913800334662 0.0767078925612203 0.057649024045215
0.0284580340816154 0.0680573505710715 0.0753022635705451 0.0498548110591297
0.0501230950024412 0.0586748179126668 0.0710416874003551 0.0562743585523157
0.0580434629568594 0.0602030436083003 0.062792757574463 0.08857201731723
0.0325461971667495 0.0760686406698319 0.0235835313555034 0.117040957373786
-0.00814073169056251 0.0858349085063342 -0.0523900760249947 0.106977084613297
-0.0865113528770505 0.053419397460987 -0.0962371761330069 0.0419697257160126
-0.10746735221713 -0.0253515302396202 -0.0767080262656638 -0.0311545469441579
-0.0391886376406423 -0.0989352594798419 9.1446049753614E-05 -0.0243103787856772
0.0363727438709381 -0.0993034275529338 -0.0148175743509782 0.131904295079947
-0.0515794924090616 0.0218228394042329 -0.0132135466888771 -0.162232893915486
0.00490375539626521 0.0595603379379277 -0.0272298287025373 0.00121936302847482
0.0510227589210182 0.034680717118412 0.0864033032555254 0.0382309859242062
0.0491744456847256 -0.0229449713291181 0.118328546871118 -0.0519988489031348
0.00523140882682225 -0.0429343057497518 0.0649459228574926 -0.139263256519913
-0.0131075896383523 -0.0291696145640287 -0.028660725271341 -0.156481375782762
-0.013946065141462 -0.0285218477713241 -0.0891484277946123 -0.107659279704534
-0.0135415112886168 -0.0268057863843234 -0.0988773736713571 -0.0623640382240466
-0.00587902062495412 -0.024588351813674 -0.0952403724300646 -0.0567431065735909
0.00900833367784613 -0.0167217338141682 -0.0910018800656869 -0.0695463354877178
0.0263707812197546 -0.0035552420899616 -0.0856037373249122 -0.0882353108608501
0.0300382648239963 0.0300325013701576 -0.0498818098523394 -0.124784133869965
-0.0104439012716417 0.0594932132386544 0.0048168376315763 -0.154946639060502
-0.0576825538341814 0.0326369220042523 -0.00464466723117385 -0.156424353777966
-0.0709962416425077 -0.0106849185280791 -0.0683652392480017 -0.185290474367373
-0.0874735149666915 -0.0574137247867469 0.00953702236297559 -0.145479168654376
-0.0588642695597733 0.012174633593225 -0.0197390059917022 0.0175577224798056
-0.0245779121482673 0.0420557535996677 0.109670110009556 0.0578905356343578
0.00283228244907307 0.0257633176443741 0.15181292273149 -0.0449604761099623
0.00875765014891352 0.0117633186298787 0.0858488808490746 -0.154399755323332
0.00999952893477148 0.00920893552986956 -0.0201215765063947 -0.16993815035599
0.0245727137578596 0.00655383140396822 -0.0875852664083733 -0.119395079001658
0.027802691317088 0.00207840822076359 -0.0994272268675373 -0.0636881249741587
0.0313057320471465 0.00955946474586999 -0.0958898827458037 -0.0542808536627969
0.0181097721632907 0.0277841152723381 -0.0892512900761781 -0.0610968611358344
0.00981698083612867 0.0436393738958747 -0.0877302882596421 -0.0766071599453066
-0.0274854592467435 0.0560636266939792 -0.0604409522043801 -0.107397392313811
-0.0766665871711679 0.0426934359129977 -0.01148328929923 -0.136218351371342
-0.0980304624390942 -0.0276079541085809 -0.0297342678112152 -0.137693407616423
-0.091992306080697 -0.0959943252065652 -0.0797540662191589 -0.161229123776223
-0.10483228458377 -0.134976217829517 0.0327688456153061 -0.102134270415327
-0.113354139399002 -0.0547305820400956 -0.0117132044450411 0.0496404688416649
-0.110337714153578 0.0289342986780356 0.128114511844189 0.0956640290903657
-0.0626053190094776 0.0698906459667266 0.185812781584995 -0.0183638267839228
-0.000410004935813627 0.0735029687104301 0.113603847322771 -0.151919095972161
0.0274603885695439 0.0549473089587108 0.000214984081282162 -0.166267598939091
0.0578306082978363 0.0442844479520066 -0.0709196997915409 -0.11808186501445
0.0656853583701594 0.030332197931308 -0.0848081248574132 -0.0554358574468531
0.0677227654161021 0.0372935066627849 -0.0828238441854505 -0.0392636165595629
0.0351540760136622 0.0625638322939648 -0.0800992044222699 -0.0373549775100885
0.00779057689258886 0.0841163395823929 -0.0906527361176952 -0.0491920855137597
-0.0643579228122005 0.0923779142806401 -0.0765048788989233 -0.0811498122329936
-0.130084836387679 0.0476126805917773 -0.0338541267947565 -0.114433320287265
-0.138294735507684 -0.0624374567205847 -0.0481198463722304 -0.112182732171105
-0.111669637456929 -0.159281254040212 -0.0826352711836889 -0.11560731029748
-0.0999487427783781 -0.195550337903261 0.052821515950216 -0.0359982482071987
-0.142908334256672 -0.127166854889211 -0.00739892747463613 0.0952323446234574
-0.18453711385668 -0.00538580686734942 0.130401683021272 0.1415451870678
-0.135054340819229 0.0943795280049056 0.205465531291575 0.0261980542391271
-0.0228792644738926 0.128806517208954 0.139752478895011 -0.125701674799828
0.0360627430639384 0.0982140898877114 0.0263104455154508 -0.141174476138248
0.0794963439411116 0.0791804467689836 -0.041473960614484 -0.100217419186931
0.0941003707761037 0.0534875148713857 -0.0575938070052916 -0.0395074791846739
0.0986051913330546 0.056015116548561 -0.0576884962508802 -0.0162513660050661
0.0543485453582937 0.0851548885279796 -0.0609391601583326 -0.00669411060284831
0.0166711466761772 0.112380863668859 -0.0848056262057632 -0.0141099925394575
-0.0808822082731203 0.123968680837428 -0.0868618237909408 -0.0478492718688507
-0.162424838228223 0.0599078863740915 -0.0532729162595665 -0.0895324597129208
-0.164964483697224 -0.077289553778212 -0.0524657601717874 -0.0864522286135297
-0.119835739920482 -0.195346191009278 -0.0714075820031968 -0.0578230047735036
-0.0755727790633189 -0.221988595528939 0.0642020883043812 0.0430067257141203
-0.135555790928823 -0.18223114713917 -0.00803251335331684 0.143295512633765
-0.219568854509236 -0.0538545160563217 0.11075099018313 0.184181644862592
-0.189296209555832 0.086978298825063 0.197581855058549 0.080015469801367
-0.0513699458915272 0.157566513962059 0.151233216739988 -0.0768690837680288
0.0337157901300453 0.125604937336555 0.0514907737810561 -0.0975691193973243
0.087947852750716 0.101966249858733 -0.00656934958367739 -0.0695939999157699
0.108910177856362 0.0686728818766698 -0.0228372930020148 -0.0172928600401149
0.116225559147446 0.0670786729074573 -0.0239846076657768 0.00957548536418427
0.0685017830569386 0.0956526143713216 -0.0336365224839028 0.0256622431400487
0.0252291146507644 0.125330785669735 -0.071742806710804 0.0219909744895632
-0.0861537736862543 0.137470519849524 -0.088338900435172 -0.0150963841650285
-0.172985556373565 0.0630267465741101 -0.0622553445796286 -0.0642626029309858
-0.16791696322962 -0.084395520432593 -0.0429642340703938 -0.0648624312777347
-0.108067966593081 -0.205132865012074 -0.0492632741606289 0.000533801999226694
-0.0387975730558119 -0.205551059815294 0.0658572343665934 0.119053725693812
-0.0963894558288615 -0.198425178386025 -0.0126295578950573 0.182438879309543
-0.202703936554948 -0.0925141838513659 0.0744874008178662 0.206660896079299
-0.202541314481848 0.0551600187100431 0.162709460949963 0.123305081170749
-0.0728493611619531 0.151973985032092 0.143030366366754 -0.0185861684469174
0.0247331060949421 0.129487243854297 0.0688268798532619 -0.0428678126423529
0.0827632416750174 0.10691583662611 0.0287007423847148 -0.0320634928220769
0.106744149424535 0.0730782343406987 0.0144845507368805 0.00603557171310669
0.115546669876175 0.0698452199351357 0.0126057904745625 0.0353113761676357
0.0718844461834434 0.0959838526658394 -0.00493636761712683 0.0571824201846824
0.0263923367082057 0.123520172714206 -0.0551277869433187 0.055466857163373
-0.0877996771540139 0.129593471349874 -0.0846703766828311 0.0142628227997434
-0.166688767363836 0.048398305191305 -0.0663345206487927 -0.0432044047018895
-0.145949095166718 -0.0924058664077848 -0.0279965621327964 -0.0480139566361924
-0.0757455757600551 -0.191957522492783 -0.0257833775105967 0.053362902347786
-0.00077188264631653 -0.148424072504718 0.0634023384746316 0.174358781769508
-0.0427310876202334 -0.168174192803868 -0.0154519219072673 0.201973740984702
-0.146678174756517 -0.102397398598159 0.0357740699795813 0.204250927774104
-0.170672889254265 0.0200765732180163 0.117316264980201 0.145266306660301
-0.0722403342454542 0.117984143798215 0.121671196089963 0.033001841247691
0.016351119739393 0.108739205430315 0.0779624915028373 0.00782684250028927
0.0667443084970836 0.0922210993793258 0.0582809073865474 0.00553405457752477
0.0899242275170622 0.0668347271249101 0.0488611777514086 0.0273632401073317
0.0995758885477924 0.0640746399549736 0.0462694451571779 0.0582601466820343
0.063491044602699 0.0876132761559297 0.0209031059183161 0.0855822498685791
0.0185304000164133 0.110213564623168 -0.0427635097155277 0.0854935110427478
-0.0866791776021303 0.105032590205014 -0.0829890290496902 0.0364023240304912
-0.145896903475266 0.0217123973667693 -0.0706240735975416 -0.0281182803548769
-0.105182160310077 -0.0970704649381731 -0.0141352401019876 -0.0342651280073112
-0.0283719425298072 -0.157735157146188 -0.00835946761104731 0.0987145063059172
0.034875144673771 -0.0640248182043271 0.0586220685554932 0.199299025312813
0.00795042645580792 -0.104213746662033 -0.011353795910063 0.199027957874478
-0.0731689601337558 -0.0797929886459166 0.00844466322779727 0.183251212838964
-0.108907117917307 -0.00412287668421178 0.0790456670843479 0.147009762501985
-0.0525253193079725 0.0708650729581864 0.100746580750585 0.0672667332277293
0.00979022312949157 0.0708129489259881 0.0824147441743189 0.0441451185091322
0.0415105879729223 0.0619548113319937 0.0804830098920189 0.0351141576650637
0.0588878593952903 0.0489582926306596 0.0751241407035031 0.0440366794643669
0.0683231990302638 0.0490570420132671 0.0729005106880206 0.0790821172374142
0.0449683964621677 0.0687710926249666 0.0366284019571213 0.111205754427893
0.0072017080107109 0.0851434891803189 -0.0396818101521858 0.111488062328473
-0.0772065609643262 0.0687379352898687 -0.0893679591875568 0.0515229369820622
-0.108725803612756 -0.00766851900600655 -0.0784896354065772 -0.0204520294003889
-0.0526929694511798 -0.0914501841637985 -0.00585155506624081 -0.023940956977559
0.0236697441585107 -0.104034295030188 -0.00158872654628978 0.132249473526243
-0.0494127428267693 0.0219430183298627 -0.0184202463963591 -0.158669765367418
0.00587881632406801 0.0575446769037964 -0.0264451252330863 0.0026354572194535
0.0500348640483614 0.0326225594404295 0.087587746919374 0.0360695427980924
0.0473863059568789 -0.0240651336749384 0.11566337330594 -0.0534972884110047
0.00293611842794444 -0.0414044836388611 0.0600633101385057 -0.137533748294199
-0.0142556076935383 -0.0282476644042253 -0.0339260261003923 -0.15351076062487
-0.0148766176416868 -0.0278773060489116 -0.0906664565424921 -0.103138799463391
-0.0146384981423684 -0.0257074908472307 -0.0976048089532439 -0.0576211696518923
-0.00675704124385354 -0.0238292127111875 -0.0952231558081883 -0.0515615839770549
0.00823433079125098 -0.0163633594864913 -0.0927137615288161 -0.0646096355301217
0.0263074006426266 -0.00419604765914156 -0.0874233526652057 -0.0842001475680418
0.0300520872136226 0.0279973905594274 -0.0516272906819017 -0.121624096308224
-0.0084264047514182 0.0586433801098009 0.00198178606178554 -0.153692705316566
-0.0548724793565078 0.032380976262883 -0.00653782595590337 -0.154111666757235
-0.068586110109546 -0.00914549667850571 -0.0706496094692927 -0.180438005519338
-0.0871742977776699 -0.0546114535725061 0.00544390571478132 -0.142082565018945
-0.05815603780203 0.0129842499736163 -0.018916657432135 0.017904278600639
-0.0239299126300736 0.0405893578588106 0.110011513421294 0.0556420390355853
0.00302820132801429 0.0251800086951031 0.148370358265775 -0.0473356716281587
0.00804981521406282 0.0118661088317211 0.0797057072014949 -0.15326449761538
0.00953294713492174 0.00952120813382178 -0.0253482597648329 -0.166571202656864
0.0247136797156797 0.00538883863662336 -0.0896451998365037 -0.114015311179562
0.0274645423830148 0.00123615321963787 -0.0975401827019781 -0.0585962929518856
0.0306528841594444 0.00851429036735833 -0.0956860023165542 -0.0489779890167915
0.0185839895429126 0.0272863135001207 -0.0906073635724957 -0.0562506430627751
0.0110474089134398 0.0423898233352983 -0.0887250671428892 -0.0720111525549335
-0.0262088020882056 0.0564904005038549 -0.0613970897339976 -0.103680066240652
-0.0738606538490592 0.0438763522243436 -0.014197880404486 -0.134986203846301
-0.0959482029079088 -0.024507549738986 -0.0314007308920561 -0.134399964605302
-0.091825771295945 -0.0918815739012661 -0.0811468396729378 -0.156519143413532
-0.10617785793034 -0.129993385784087 0.0306376783074356 -0.10005259781299
-0.112901560182401 -0.0507863999338843 -0.0101865561272405 0.0489884338303226
-0.106998169005719 0.0309063587123489 0.127638792794023 0.0918756627986588
-0.0602148339199665 0.0709028695896554 0.182766984274148 -0.0220441414621112
0.00137292610368158 0.0725156744888119 0.106549292994615 -0.151573983003847
0.028000216111637 0.0536738624537929 -0.00487256856455509 -0.162941791420464
0.0587297630025177 0.0416883674605317 -0.0729825486769742 -0.112956134270157
0.0658793492604653 0.0270661810246794 -0.0836804522148643 -0.0509832268171938
0.0670779635987251 0.0338817518779458 -0.0829632223845806 -0.0341856769676143
0.0364871555351538 0.0608800387360911 -0.0809113862547188 -0.0337035260527733
0.0103278323315167 0.0821977704411562 -0.0913549680285736 -0.0453185464455864
-0.061153267860035 0.0927602653348901 -0.0773221751426149 -0.0775274378376256
-0.125791060599589 0.0498100679467232 -0.0368434178747325 -0.113334660749353
-0.136770188488862 -0.0577609294254451 -0.0485749064681363 -0.109533969918257
-0.113254222789059 -0.153199604333739 -0.0834569915597688 -0.111336318352238
-0.102484923388396 -0.189105415836256 0.0511856058573513 -0.0357505055745886
-0.143521033556604 -0.121508664124411 -0.00449398214708871 0.0939301051268792
-0.180571558740584 -0.000609820343745262 0.13140418530111 0.137810431019979
-0.130795356112726 0.0968544326501581 0.203382709314221 0.0219266311385151
-0.0186587528081053 0.1263301349226 0.132754531008238 -0.126621771337751
0.037452310946338 0.0958717811929862 0.0220194629627405 -0.139865334413278
0.081544467488834 0.0747323036979705 -0.0443472441474602 -0.0966984190340736
0.0941792240712315 0.0489645061780587 -0.055932714050862 -0.0353802067702232
0.0981752535102853 0.0517856214436159 -0.0573128502592448 -0.0128731420183136
0.0559720946612372 0.0822977479528964 -0.0603458603178423 -0.00388708551956567
0.0196033621363256 0.109083739205824 -0.0858834508708818 -0.0099111378667756
-0.0761452279344325 0.124955787664498 -0.0871990592773619 -0.0445688639375592
-0.157168256086228 0.0635589943317672 -0.0549172052717369 -0.0874869975423629
-0.163773883899018 -0.0712062905109749 -0.0522049649556001 -0.0845248962638372
-0.122601352215327 -0.187754782469254 -0.0703174476655174 -0.0547440520113398
-0.0792975906804003 -0.214759895648383 0.0645957470166899 0.0421210639777921
-0.137751719020238 -0.176326141066514 -0.00475771828678708 0.142271039527619
-0.215652726567973 -0.0474269894431927 0.112492370931958 0.179768867900137
-0.185112343922003 0.0907362410898599 0.197470628390132 0.0751014580449472
-0.0467795944810021 0.155778576865246 0.145758862989301 -0.078758637950578
0.0366489324102851 0.122735580077728 0.0487456176243763 -0.096648793498019
0.0904873698022732 0.0972560517493051 -0.0089072961435539 -0.0678963049858125
0.108509466546405 0.0627872176995351 -0.02222955199932 -0.015450720853082
0.114661490559497 0.0605540944628615 -0.0232752522028575 0.0113094092123062
0.070893653338135 0.0920510592684907 -0.0321297580555101 0.0272712563017273
0.0284344153547588 0.121248925485325 -0.0711718363990704 0.0248718650735204
-0.0804307259813933 0.138136608741017 -0.0880826210394298 -0.0113505809672049
-0.167083164693994 0.067015311889552 -0.0637496610898606 -0.0624323866217607
-0.165910672501484 -0.0777163038119644 -0.042667820000831 -0.062999552905259
-0.112148230226453 -0.197231477807329 -0.048136210070746 0.0025797514250938
-0.0431608430206755 -0.199815901661059 0.0676854091511299 0.116588012679571
-0.0997558308097047 -0.193309168921791 -0.0089917543489749 0.180359867984307
-0.200120342073368 -0.0861721653572087 0.0760676435300214 0.202775865373254
-0.198898622489598 0.0603776153089548 0.164108358351783 0.11890951481314
-0.0661541307684419 0.150625312037563 0.138955231663422 -0.0214687547454834
0.028615030448788 0.12526532743897 0.0670131914320071 -0.0435629353605518
0.084921106091107 0.101611648087672 0.0268614582836176 -0.0311738439577082
0.106768809323654 0.0674348454302621 0.0146856059366075 0.00627413786307423
0.115269325940627 0.0630546578100123 0.0127638586195466 0.0344560574668284
0.0731577087151439 0.0913354990571272 -0.00243050968868385 0.0554660514719486
0.0288330387703039 0.119496437285031 -0.0543004070474284 0.0565710063295868
-0.0823413626971401 0.130865143281501 -0.0836110590854522 0.016320245012642
-0.161141167146107 0.0522718843379052 -0.0671443865002777 -0.0414950626308268
-0.145845781615017 -0.086191119420201 -0.0281254522153254 -0.0470893557198524
-0.0797946676827486 -0.185471451869204 -0.0230692123316998 0.053400048218131
-0.00426750075883279 -0.145113728019598 0.0653831233115777 0.170736575908884
-0.0469024410715135 -0.165036727947348 -0.0116627953046062 0.199788817777472
-0.1457074149983 -0.0966107114689666 0.0386152237102771 0.200565993543056
-0.168290582070558 0.0246988825403437 0.119480713178583 0.141437817621661
-0.0669031399852948 0.117399909229167 0.119340125606844 0.0288990901725488
0.0193129725256705 0.10531308000683 0.0778979387372297 0.00518085697975046
0.0685207403782178 0.0876493644806948 0.0574329845775512 0.00380502195964693
0.0896994315357173 0.0620572583466918 0.0481804479745299 0.0260515677120447
0.0984749197180209 0.0579382466880152 0.0467717969490955 0.0561146320735454
0.0652158369051252 0.0831106820059163 0.0227180652048541 0.0829353703128817
0.0217176133160995 0.107509141997711 -0.0405796523569335 0.0858071351612301
-0.081987347515599 0.106411956728257 -0.0817112630795289 0.0382464295426103
-0.141827244931733 0.0255458221247222 -0.071152917802906 -0.0262476848061643
-0.1061402025363 -0.0915915913615859 -0.0147345320495409 -0.0337363152245637
-0.0321341773046846 -0.153556324309418 -0.00535959813260413 0.0969576152084431
0.0325301823530159 -0.063555235104137 0.0607299743126788 0.194714392651815
0.00442893535036815 -0.102787221930316 -0.00758478326231892 0.196320158513273
-0.0736693469063831 -0.0764832176960196 0.0106584953817408 0.181284231445087
-0.107252751020215 -0.00104798169053348 0.0805723662142642 0.144147584744174
-0.0496879958615185 0.0705285416747273 0.100924485385172 0.0638596566951364
0.0114752043737446 0.0679954551754648 0.083215831201565 0.0402638991076093
0.0423771970795577 0.0590955451427012 0.0792677152082509 0.0314796484799394
0.0591722383407968 0.0458235306948195 0.0742998126907304 0.0413790970798325
0.0679006153746736 0.044482568335803 0.0727721424196757 0.0746816185152099
0.0467597647327839 0.0657432933046615 0.0396271852953792 0.107623803848752
0.00921552940258 0.0829453851365849 -0.0364800777238055 0.110551572912594
-0.0735417372551907 0.0702042073266938 -0.0874522224210127 0.0530939948423749
-0.106138456977196 -0.00455884059975397 -0.0783787542593573 -0.0186820650106804
-0.0544429339004058 -0.0873382721455257 -0.00663910285090135 -0.0237984295747172
0.0200558902941669 -0.101596218982367 0.00257225730736561 0.129674141917362
-0.0493716755613889 0.0210757620193274 -0.0182112829874241 -0.156241416074597
0.00565658363269823 0.0571971457217428 -0.026471668684021 0.00328635714490663
0.0483312135281886 0.0323478470724102 0.0876332376140763 0.0364911863370225
0.0465364217661662 -0.0233022386553872 0.115880317414293 -0.0521864953684295
0.00303476583640201 -0.0399947208138089 0.0587679147623595 -0.136070903716312
-0.014192021383385 -0.0272529266831639 -0.0358876120028439 -0.15146043309404
-0.0148651416920938 -0.027339316922916 -0.0895795938192896 -0.101287372527548
-0.0146675835727904 -0.0248963139421972 -0.0955126232568665 -0.0565851503028084
-0.00704244379451165 -0.0225790522245012 -0.0946740202344813 -0.0500268558066479
0.00780238761144451 -0.0160116649506686 -0.0929923460804518 -0.0634812814396931
0.0263910138995247 -0.00434041304693257 -0.0859684694365353 -0.0830630694275875
0.0295954324313328 0.0271926072032517 -0.0497018053701263 -0.121096004038658
-0.00851922190473748 0.0576170364005682 0.00260478749190289 -0.153339339698674
-0.0528469444741039 0.0313410684792476 -0.00459261017097093 -0.152023195930234
-0.0678840425025274 -0.0100668098798252 -0.0678026223158874 -0.178911196209011
-0.0864046335422362 -0.0542526008175988 0.00586372626094115 -0.140032248541805
-0.0575451018846753 0.0124435469611685 -0.0184344222950797 0.0177287334830958
-0.0239497644605029 0.0400650410966059 0.109363210332013 0.0567635554299366
0.00256753657572853 0.0250272956425254 0.148244067574077 -0.0454861484984955
0.00778731825552721 0.011686240146612 0.0783501916990046 -0.151203609839623
0.00957084689873641 0.00965684500019217 -0.0275448631443255 -0.16382122313979
0.0241768547921649 0.00474955708569044 -0.0896745452927054 -0.111408554972726
0.0265824247478403 0.000912778198515075 -0.0953730957815751 -0.0573097676059404
0.0294788138304119 0.00800114189913771 -0.095139507050509 -0.0461118170706969
0.0188490978096034 0.0271232178639931 -0.0908162701594456 -0.0549514538309745
0.0111756617061744 0.0414847621233117 -0.0886685087610673 -0.070321246741418
-0.0257528029296907 0.0556649195837215 -0.0607077659322339 -0.10315085183061
-0.0724327860248593 0.0433976030566298 -0.0135527658799168 -0.135235060050262
-0.0940680195877359 -0.0254182031982103 -0.0289601794930258 -0.13341271074223
-0.0907472850201904 -0.0911536086355863 -0.0789969071400774 -0.155034915349841
-0.104934397773267 -0.128050568269995 0.0305399256158947 -0.09813160601399
-0.111806398273638 -0.0507502486622992 -0.0102151091366982 0.049478256226176
-0.106332215859379 0.0303079490241722 0.127005024857687 0.0920926247112038
-0.0608452685559742 0.0706847735191405 0.182651595370838 -0.0206051462265462
0.00165057195258854 0.0717992327870256 0.104737657907245 -0.148745704963163
0.0281053899747167 0.0538040342920082 -0.00596138990931898 -0.161785713024543
0.0586324328275401 0.0405469914100715 -0.0730984562364802 -0.110519757756332
0.0648404934127645 0.0264844710639005 -0.0810431902387343 -0.0497477918344124
0.0665926127891186 0.0324925137238477 -0.0819737724803468 -0.0316756186022065
0.0365813637882544 0.0607188076283472 -0.080780359432784 -0.0324079909577647
0.0108980510804632 0.0806331183906922 -0.0913825552252484 -0.0437718040895809
-0.0604863767235125 0.0923668246569576 -0.0766304681128928 -0.076427817532869
-0.12355910917588 0.0494705252141566 -0.0363521043702943 -0.112970820058352
-0.134094138653503 -0.0575373194631788 -0.0463039741430272 -0.109172586159928
-0.1112272951944 -0.151040085921477 -0.0807119137765853 -0.109841718618911
-0.101653001558433 -0.185825742076705 0.0511134908435784 -0.0338466756751838
-0.142535185250258 -0.120821544569574 -0.00518672653379744 0.0936249303042849
-0.178376469988014 -0.00190427091822776 0.12961531558631 0.138279434032133
-0.130422323004033 0.0962223710953989 0.202882620055187 0.0230613046959464
-0.0182796270043944 0.125124124755657 0.130008520948449 -0.12477499957828
0.036788036563929 0.094546699296078 0.0212236621650194 -0.138404187421359
0.0816871959929028 0.0729635093552358 -0.044942776722177 -0.0947506409723506
0.0934536769632303 0.0473820785348333 -0.0546101915021226 -0.0342925875483795
0.095731134506845 0.0491970160084168 -0.0565989019085045 -0.0109188900900359
0.0564907227340359 0.0814231330493919 -0.0607971107213285 -0.00323691852540729
0.0198270464606492 0.10700648272978 -0.0861207558065627 -0.00914246381486846
-0.0747257226753057 0.12402702817525 -0.0876135560819104 -0.0440654825998064
-0.15505909281424 0.0627945104234071 -0.0542710695614217 -0.0878040223272558
-0.161198714719252 -0.0706140962518018 -0.0501092911124085 -0.0837639849332264
-0.121665108837485 -0.185926401593737 -0.0690690229055602 -0.0541089741764635
-0.0778226250905002 -0.211882401019602 0.0640063761294358 0.0427532651238682
-0.135752857526345 -0.175436581337687 -0.00546505552213637 0.140644124686341
-0.213019620420887 -0.0478402398066279 0.109796756581449 0.179981176149116
-0.185174103399301 0.0902933066865807 0.197179109357656 0.0757351173561856
-0.04503086546107 0.153743583350696 0.143073531435556 -0.077641176856975
0.0359258288278334 0.120682746571886 0.0479014988987175 -0.0953948983260739
0.0904016856360766 0.0950650627679414 -0.00931021290998966 -0.0664533826696906
0.108032332544947 0.0609759033305613 -0.0209298892493465 -0.0150996865736146
0.112829571815928 0.0575723802873992 -0.0238164972503448 0.0119961949187791
0.0705602945138372 0.0905382151967993 -0.0327429425440391 0.0270904539789319
0.0288197615136583 0.119303477700338 -0.0712148874357902 0.0259359661995395
-0.079592649637889 0.137962767058003 -0.0882826148041228 -0.0111575136645087
-0.164999720562261 0.0664296443086514 -0.0640855683137033 -0.0630619615509285
-0.163566745149926 -0.076748119287716 -0.0417798252683129 -0.0635209304946062
-0.111207825487842 -0.194439428356909 -0.0464144606474785 0.00247944543168961
-0.0424100986538876 -0.196827911310575 0.0669904368107499 0.115593233370272
-0.098051725298528 -0.191448882423768 -0.0097826771240573 0.179076298832079
-0.197793627368212 -0.0864154951178092 0.0739463765804118 0.202169878068734
-0.197264122857221 0.060782736192276 0.163312645596468 0.119012602181629
-0.0647398046264368 0.147990706586162 0.135803343735069 -0.0204712711971656
0.0278511085272992 0.122884353539643 0.0672672772975091 -0.0437851154360842
0.0843048572148354 0.0994497207666727 0.0266271934952165 -0.0310104842155429
0.106525850599215 0.0656257938252996 0.0155372662347886 0.0068280836323886
0.113471342815136 0.0597306821516114 0.0121933058990125 0.0344566037643435
0.0734815941271281 0.0905519891550351 -0.00245992443382014 0.0550513778816181
0.0290948215481161 0.118108392993262 -0.0538269323699056 0.0574291378643987
-0.0806998965969457 0.130559059195325 -0.0838592875277692 0.0168299470468644
-0.158519648229316 0.0517744183160107 -0.0684261223525982 -0.0414924422416644
-0.14257633146792 -0.0843545112101836 -0.027571626168318 -0.0475718877849319
-0.0787662170597868 -0.18272253767983 -0.0223267966307248 0.0527399012187295
-0.00281711144851769 -0.142948198899356 0.063729821513225 0.169607303054218
-0.0459444537134444 -0.163597418847202 -0.012464772286413 0.198183513142837
-0.143499016851543 -0.0965175149933051 0.0357405109324305 0.200168722503491
-0.167292058492948 0.0257831567329867 0.118894753749739 0.140514042393127
-0.0654672384701747 0.115884779059531 0.117381200977901 0.0296045949931525
0.0186369244753341 0.102627786455862 0.0779473953636647 0.00516057376413471
0.0679983573739993 0.0852587977704942 0.0566878643323683 0.00336168080290485
0.0893302120262394 0.059681771034576 0.0475284683823888 0.0260597616235699
0.097366684059317 0.0553605974071425 0.0451998448452265 0.0554362997380726
0.0648736521517014 0.0812976055438179 0.0228259144935826 0.0813259498110998
0.0211568242167542 0.104988722724535 -0.0402907693699626 0.0856400557927944
-0.0804577765698891 0.105555697595122 -0.0821317974311303 0.038475562660909
-0.139481808351044 0.0251132480503361 -0.0717415887569278 -0.0266954584176811
-0.103598535861801 -0.0894565101814563 -0.0142064360163212 -0.0346767746249684
-0.0320527976888058 -0.151128304721764 -0.00486938513311024 0.0957631944643377
0.0328996123775645 -0.0627649161537931 0.0596727438789993 0.1933945795238
0.00491912681310296 -0.102333489613435 -0.00953353629548283 0.194864520446115
-0.0723470754614365 -0.076296137582748 0.00871660081165045 0.180494382754707
-0.106351472310511 -0.000396810276961083 0.0803212006617333 0.14309248552316
-0.0480017457980995 0.0697603046705148 0.0987574189371214 0.062814448863125
0.0104676079160345 0.065799504917526 0.083226032989614 0.0398061906456519
0.042482199322238 0.0574856046243866 0.0780554598002718 0.0302697565246306
0.0587646150680387 0.0445142643460577 0.0721546817889387 0.0405292425506667
0.0670382624595868 0.0429058338606158 0.0710838367107566 0.07335779789452
0.0471861072388176 0.0642608020022112 0.0388812798750112 0.104276638563885
0.00986692248289497 0.08185298408968 -0.0358834549375346 0.109285775749821
-0.0722450095002308 0.0700426268992044 -0.0883023032190821 0.052272511796499
-0.104412627591004 -0.00397156601341659 -0.0786963443317095 -0.0185838859901554
-0.0533959153097267 -0.0850649433370347 -0.00569039536954518 -0.0244161040834868
0.0194654078652526 -0.10114146416735 0.00271622639470145 0.127875980814384
-0.0504619568082938 0.0200567449993348 -0.0164133975785019 -0.157392073841477
0.00462820547045611 0.0568740361826723 -0.0279648982073026 0.00259412831711153
0.0484648198547096 0.0336425709810067 0.088975939437559 0.0389553045200111
0.0469665656739716 -0.0236401367953675 0.118346181960275 -0.0507914813263622
0.00325058019704611 -0.0395843728535953 0.0619253630640576 -0.136760099535844
-0.0147041383190159 -0.0271397709622177 -0.0355776202892611 -0.152540351403116
-0.0153064953066121 -0.0277532985001161 -0.089923081347058 -0.102606449028101
-0.0141258383362833 -0.0249420775494656 -0.0947676482566904 -0.0589272792441817
-0.0066015413028861 -0.0226837589455333 -0.0948067620297447 -0.0502680862624695
0.00835889805227772 -0.0160138929043123 -0.0948344502924702 -0.0640338392737715
0.0263970547770035 -0.00459752394633434 -0.0864491766830544 -0.0845521983578993
0.0293620017355724 0.0277740329726824 -0.0480208871379404 -0.123860233146717
-0.00926215966654488 0.0578721605628577 0.00558258423745995 -0.156553836082057
-0.0530209104252582 0.0291567980059344 -0.000832264711072749 -0.153595710977896
-0.0675138151797437 -0.0114027115941479 -0.0646756793825557 -0.182522510253303
-0.0864127684857595 -0.0561956599977148 0.00757250875315108 -0.140244210120008
-0.0583357928723505 0.0117634931487788 -0.0199070952328148 0.0180441936355632
-0.0252385186995079 0.0408763516524177 0.110470726571425 0.0602310538019331
0.0013365679896901 0.0258111028337019 0.151741603525788 -0.0436671976176754
0.00777076467140938 0.0126967421856406 0.081171548915378 -0.150833843906449
0.00869068834728056 0.0112151145580983 -0.0265950521156457 -0.166176622274548
0.0243688812736594 0.00473679139299302 -0.0890087677106089 -0.112815886631048
0.0279042621649182 0.000968613936871622 -0.0948361651921238 -0.0586009765165316
0.0297296417787665 0.00835673659429992 -0.0953703714995606 -0.0465420690068078
0.0190319921935024 0.0277007412700355 -0.0921594092227 -0.0556171157761004
0.0111141784992506 0.0415262469554436 -0.0896307540256867 -0.0718718785576321
-0.0267282830956464 0.0563963186053262 -0.0588904791767365 -0.105633859215653
-0.0733305685295775 0.0423557747385994 -0.0113271833305388 -0.138519538933852
-0.0934379952529716 -0.0277752624773312 -0.0257542390660604 -0.13543233333656
-0.0895386794062233 -0.0941047536826813 -0.0755156842101631 -0.157951620045236
-0.103429771986866 -0.131440370588552 0.0328291716800181 -0.098445747474871
-0.112190258019708 -0.0527277599596919 -0.0116654194281453 0.0495158202778604
-0.108718008289986 0.0290220543126111 0.127287010687238 0.0970884116290288
-0.0630899640769537 0.0709276251897307 0.186271813155775 -0.017208663513967
0.000182612108873456 0.0730166634137681 0.10751648749718 -0.148593915440175
0.0272579979819492 0.0555163352139342 -0.00561778497008992 -0.163046345077404
0.0594054760394465 0.0403501532209195 -0.0729513528318596 -0.110586687029788
0.0660320710860713 0.0263507718151816 -0.0803667694314169 -0.0503763950609487
0.0659360905105931 0.0334997639040877 -0.082507267310276 -0.0313004089610033
0.0363633093451355 0.0618431326245826 -0.082227933580105 -0.0326991615691986
0.00943858115585148 0.0815591536337048 -0.0927374030248743 -0.0445669235238316
-0.0630655932290388 0.0937594513038039 -0.0765078015240876 -0.078702452985561
-0.125282521188952 0.0481394368249937 -0.0353852804112392 -0.11678771412403
-0.134135564042743 -0.0610733284870411 -0.0437871508627783 -0.111465318528569
-0.109609732506633 -0.154634327367965 -0.0788200309489321 -0.11242891213006
-0.099049427761801 -0.189205438007659 0.052973935668838 -0.0330476985866062
-0.141870376859416 -0.124277311381315 -0.00762139117199258 0.0945662273422624
-0.180482889030609 -0.00459281790729255 0.129001313302343 0.143779694897348
-0.134407752711821 0.097021270368347 0.2058832573051 0.0276855815567723
-0.0204489213243542 0.126141830311414 0.132502832138813 -0.122631481544045
0.0357927151462584 0.0973306316739497 0.0228282382009538 -0.139573969318457
0.0819662066987518 0.0737249489717601 -0.0443097515448998 -0.094537078571268
0.094329782962497 0.0479106800795941 -0.0536478262106257 -0.0349248630794498
0.0953873633320728 0.0499710947361309 -0.0571302177561347 -0.0106648921900229
0.0562689965618597 0.0831146349102108 -0.0620543313586388 -0.00361987440046504
0.018494535947666 0.108909504505284 -0.0874925696412947 -0.00936951021441536
-0.0772899384211783 0.125733927312254 -0.0882629499777032 -0.0449971367710422
-0.156885252399963 0.0616638072044292 -0.054738529349903 -0.0908511820028867
-0.16110895582444 -0.0738048131846559 -0.0485987206578386 -0.0864945780993745
-0.119288155178232 -0.18889000923749 -0.0672092146701677 -0.0555384651508549
-0.0745686221193623 -0.21456740816285 0.0647595142294029 0.0444836983313237
-0.134892155999848 -0.179207975081395 -0.00852655950264075 0.142224166008405
-0.214644482229157 -0.0515523919920441 0.108265029724809 0.185677935257591
-0.18887251717227 0.0905714564844705 0.199526063896719 0.0807223875308421
-0.0479609256605436 0.154739501322522 0.144356691989972 -0.0755345473393227
0.0344305540771341 0.122524787643097 0.0500164801866048 -0.0965707296888545
0.091234981116027 0.0964763481931702 -0.008684728313283 -0.0659383722652979
0.109332347211012 0.0620469154714764 -0.0200218439010715 -0.0147200526560626
0.112362437150738 0.0581326358057822 -0.0241014403633882 0.0131704021468868
0.0703059956362842 0.0918651578157972 -0.0340117880847473 0.0268864069000017
0.027148986603115 0.120673484700759 -0.0732535954106627 0.026280117466785
-0.0818762143955038 0.139261850950004 -0.0899953655475794 -0.0119341245500293
-0.166616256884495 0.0649725258755622 -0.0647640081961416 -0.0659551813870721
-0.163833584850181 -0.0799315823495162 -0.0408606705753722 -0.0656250105352329
-0.109587742678667 -0.197788805728341 -0.0453157406365126 0.00197187952276916
-0.0384697718990252 -0.199035161452806 0.06558684300282 0.11888915119831
-0.0966034260142627 -0.195559683442432 -0.0130086200745572 0.180279679370992
-0.198404265342729 -0.0905841127274055 0.0705935726044354 0.207942231313802
-0.202254585334988 0.059423699261403 0.165347173814168 0.123885984732435
-0.0671686705343554 0.148404149598216 0.137077715603509 -0.0182174693027485
0.0263933471328555 0.125055550084312 0.0692346339925433 -0.0431297038920766
0.0857039114247939 0.10066899399567 0.0263966342838962 -0.0311517907744296
0.107959948698729 0.0666638127280829 0.0151361368977658 0.00702250827035461
0.112725307900682 0.0601026316341217 0.0119375261807644 0.0356664407047686
0.0735260912498999 0.0915790580798844 -0.00380605369254433 0.0555162980288567
0.0279666432962805 0.118886784989867 -0.0565658242717257 0.0584495710459514
-0.0830768633628616 0.131796992743759 -0.086552811948711 0.0165627609504733
-0.16013544068969 0.0509436567156979 -0.0691307685165234 -0.0440577836247703
-0.142014531546874 -0.086315500619132 -0.0267621371242418 -0.049627930825356
-0.0774278810999472 -0.185611405366196 -0.0227223253815015 0.0531343176335078
-9.19566566834826E-05 -0.144320704105131 0.0610454197845052 0.173111231011586
-0.0439934264615523 -0.166642546383435 -0.0163607224843759 0.199339197636213
-0.143356559912904 -0.100124357724446 0.0317027776067299 0.204204081823414
-0.169885262653708 0.0249666933797511 0.118880058578288 0.144600820051649
-0.0665947083841358 0.116354613760094 0.117934069877887 0.031228967994746
0.0171990075001689 0.102933129021455 0.0795576948733541 0.00614767762786122
0.0687901937293802 0.0867030821142868 0.0571163201623739 0.00424889143723789
0.0900780510191655 0.0603789366654822 0.0471671638579253 0.0269667835577804
0.0972203069417222 0.055601719328135 0.0439043792865694 0.0566945516861321
0.0651791198042536 0.0825691886274261 0.0214112935031279 0.0816662552814722
0.0204310821564962 0.106074053564502 -0.0431788424812922 0.0861608803374651
-0.0819733249198745 0.106887057958839 -0.084772426027335 0.0380816721746648
-0.140563431660968 0.0239706662170249 -0.0723476342385854 -0.0288073552803513
-0.102294280641578 -0.0913105075423307 -0.0140202986914196 -0.0357404019226483
-0.0305245335021107 -0.153230235803944 -0.00537327253017181 0.0964975471989311
0.0348825393955126 -0.0626185320648773 0.0551826422591502 0.197488116635979
0.00643893940716748 -0.103495449291045 -0.0138244044870451 0.196494814580599
-0.0723195935648562 -0.0782011953840805 0.00461509454417736 0.183741155014256
-0.108229351229699 -0.00120787566797474 0.0799588991440022 0.145769755528769
-0.0485053757137262 0.0695809665314495 0.0992848073273399 0.0650609367402152
0.00994335952838421 0.0655858440268186 0.0846399145124832 0.0410426580592028
0.0421388561220852 0.0577745225063997 0.0788734013681306 0.0303003252980454
0.059759409258598 0.0449085268396427 0.071726135393447 0.0414644717508492
0.0671735556956558 0.043202520789449 0.0701562493866858 0.0747365041284308
0.0466420256799786 0.0645725238346541 0.0375792182657804 0.104804172657553
0.00908313556594485 0.0827565932861322 -0.0384973383882661 0.110659359394232
-0.0742856849243931 0.0706323386760449 -0.0903549821824655 0.0523105020945794
-0.104593593816975 -0.0051934991137384 -0.0796532561384194 -0.0211255867351286
-0.0514523028529326 -0.0859688932869338 -0.0053692993068223 -0.0256848248113202
0.0207161521982581 -0.100708438942517 0.00173307996813257 0.128978371429485
-0.0530272386636699 0.0200580777738467 -0.015474380411685 -0.162556461019227
0.00488008117072666 0.058128675627366 -0.0302828878683151 0.00274115044974209
0.0494562885118354 0.0362359101137082 0.0932428093878993 0.0429194391771651
0.0488228888008879 -0.0242819040802395 0.124490265755667 -0.0509922501701766
0.00395114407344455 -0.0399907512394185 0.0653388943320344 -0.141386218972299
-0.0152118253043131 -0.0267740676296789 -0.0373342138185057 -0.157965384731402
-0.0160039677618849 -0.0288264652703001 -0.0928694646778185 -0.106018413210154
-0.0144416131235732 -0.0257285098210557 -0.0978886514964705 -0.061174263958146
-0.00698961908317308 -0.0234687950490311 -0.0981133590387649 -0.0518137304684926
0.00902070779639211 -0.0164050972435061 -0.0989622050605295 -0.0662396989515447
0.0280362276532827 -0.00500927557018399 -0.0897801665563438 -0.0883339030838668
0.029776684772796 0.0292892951984289 -0.0476178182326553 -0.130374337885332
-0.00924303064073434 0.0603813358249156 0.00697546413211865 -0.164575905743985
-0.0551852583035244 0.0288391359238532 0.00213569520454021 -0.159286013414367
-0.0704544714576577 -0.0139955106281478 -0.0638549722214317 -0.191754528852682
-0.0902842858015825 -0.0598443301128873 0.0101796947103234 -0.144686359792847
-0.0607690618013485 0.0110962297126783 -0.02170034164164 0.0182316574262617
-0.0274418973435889 0.0422095937979259 0.115052248463039 0.064465857197429
0.000709248124535789 0.0271974854066162 0.159494718591889 -0.0430698987888143
0.00800791338769239 0.0139877379073909 0.0854896199881365 -0.156444523091751
0.00937382967003398 0.0125897967650694 -0.0282109503666498 -0.172538885171569
0.0250599302333197 0.00480148040847809 -0.0919655984359531 -0.116164533882321
0.0282722059115843 0.00106791652683061 -0.0973199104577024 -0.0617056138489815
0.0306684678169801 0.00958190748720386 -0.0984196380619031 -0.0475758580204898
0.0198371579255291 0.0293113338072312 -0.0968301485940496 -0.0569435830902533
0.0114957634107471 0.0428524324535517 -0.0934201996518024 -0.0753074483480227
-0.0288681178791879 0.0582768113720287 -0.0602742387379277 -0.111335350551126
-0.0762950468777984 0.0437169090706049 -0.0112209394525329 -0.146073505197367
-0.0961267638681093 -0.0316123715057034 -0.0235463365952997 -0.140704362213179
-0.0924678880686252 -0.0994161013892772 -0.0754825875742391 -0.165418053418861
-0.10672139163317 -0.137034634565853 0.0356221696413768 -0.101592381769137
-0.116039967646997 -0.0564786891391481 -0.0137579661548999 0.0516577433851098
-0.113533749421662 0.0289178077805199 0.13164966879746 0.103777411917606
-0.0669928428438232 0.074048589575083 0.195482158852322 -0.0153823482635858
-0.000353132271925207 0.0754102970330485 0.112688620705638 -0.152398408739037
0.0280961952144843 0.058821144100736 -0.005629989342616 -0.168927519729285
0.0612326702470879 0.0422314061855915 -0.0754414121432005 -0.113756095615159
0.0686407420208399 0.0272701017157073 -0.0821112875973126 -0.0528769399729987
0.0681341501431367 0.0350048961117648 -0.085336413323392 -0.031504533798464
0.0378178707313807 0.0647009915721693 -0.0864591755649805 -0.0334571544532559
0.0100870307960143 0.0844720942149537 -0.0973174972346261 -0.0460258755953088
-0.0661468017951541 0.0971229432776628 -0.0788095833789324 -0.083286380819416
-0.13042152018513 0.0487023320105664 -0.0356552841429156 -0.123848902291426
-0.137623788977657 -0.0658678437977991 -0.04362429697706 -0.1167162648783
-0.112500558824907 -0.161952143891088 -0.0789813993975842 -0.117373845803195
-0.100269782094678 -0.197032100877611 0.0559091596955513 -0.0337140393878173
-0.145972352667246 -0.130395214917474 -0.00907484738219902 0.097669194898219
-0.187231993356138 -0.00663599731786601 0.132383958254318 0.152336304813812
-0.141425305303406 0.10117495911084 0.216557522024363 0.0312574616646167
-0.0217054862727428 0.130906704436745 0.138019256358239 -0.125382181268361
0.0367862956369861 0.101643520479123 0.0242386929950215 -0.14490654983564
0.0857474651542197 0.0762980353961069 -0.0455714080952761 -0.0970745986274428
0.0989256859589481 0.0494608865123614 -0.0553520398007761 -0.036420755638296
0.0981378207907338 0.05130816511385 -0.0591646955891604 -0.00922387411259038
0.0584838891817803 0.0862037786170658 -0.0655338867232034 -0.00367654674261016
0.0190788811397141 0.11288676809977 -0.0921418599679111 -0.00942433144196299
-0.0814171488157166 0.131076059359343 -0.0919723090954186 -0.0473599245764866
-0.162815861178823 0.0631232193448862 -0.0566081372454639 -0.0966238609362052
-0.165203770956746 -0.0785038216623042 -0.0491344820105698 -0.0907904490243422
-0.122796768985106 -0.198063211337951 -0.0680294475881929 -0.0579940102911402
-0.073659457028134 -0.223587239182711 0.066793080816726 0.046994308574275
-0.13849537177607 -0.18839660584338 -0.0106355112567886 0.147505328369957
-0.222911699876054 -0.0565637998807048 0.109063454854267 0.196008968936866
-0.197708008910015 0.0940235018551046 0.208231983430824 0.0863752543675938
-0.0503977022572144 0.160007943981514 0.150389377687351 -0.0758890706862124
0.0347486596608573 0.127633283680436 0.0526965612123802 -0.0998162029227246
0.0945844172881435 0.0989753769460895 -0.00921234886932972 -0.0675794648365557
0.113825803559966 0.0641531526240683 -0.0198525500909679 -0.0154692494231832
0.115786566660516 0.0605183921434413 -0.0244900707769008 0.0144088242441384
0.0728999608414497 0.0957231028647653 -0.0359702529402847 0.0281781081631817
0.0278365398094801 0.124850622446619 -0.0773914226707485 0.027269939767889
-0.0851857066965337 0.144896337076202 -0.0938785806668922 -0.0126386903055571
-0.173539127893708 0.0668825067197553 -0.067571216114887 -0.0702261323327425
-0.168107846228531 -0.0839404593710777 -0.0412475258461364 -0.0695453086254602
-0.112373175453959 -0.206851805474642 -0.0461391199706134 0.00178356713051455
-0.037134562241831 -0.206760575785952 0.0668834884028577 0.124553483378464
-0.097573042615626 -0.20471689784043 -0.0162056251149124 0.187091877908814
-0.20641127255443 -0.0964377240381177 0.070735119745994 0.218667129788039
-0.211245361428974 0.0618716735143175 0.171927368209862 0.130622715215568
-0.0697555832246333 0.153415652553662 0.142627268453782 -0.0172098643375085
0.0258577003608339 0.130056710292066 0.0733307615439443 -0.044613735938106
0.0889460025652253 0.104102415295921 0.0273140157549423 -0.0306787645118499
0.112010794219427 0.0681504457305034 0.0160405233867352 0.00746187314588768
0.116183460355394 0.0621554429712133 0.0120704420248006 0.037789154371221
0.076332442935763 0.0949280028539943 -0.00539144097901718 0.0567280723155872
0.0282717175188141 0.123315560126833 -0.0606181348762369 0.0607786501647683
-0.0868868384631486 0.137433648223195 -0.0909442707245894 0.0167883633881398
-0.166110447708034 0.051679776775996 -0.0731575043008623 -0.0483735241672048
-0.145894945834875 -0.0905797900482991 -0.0271044033123647 -0.0526289795138816
-0.0789384493772974 -0.192972098537252 -0.0222165021489469 0.0553554214546143
0.00175290980628925 -0.149854958282731 0.0608634150917685 0.181019463735405
-0.0444669055855474 -0.173974587516841 -0.0205118149617457 0.207058673394123
-0.149079801948946 -0.105509786663613 0.0296426934271859 0.214012096001529
-0.177180520294123 0.0257905371879368 0.123303649152976 0.152044383987261
-0.0696250266973914 0.1200569515317 0.122446225591405 0.0340736864599239
0.017126203271723 0.106921062939551 0.0833782051828662 0.00632386033833219
0.0711504864014052 0.0893890354956301 0.0588408796320338 0.00465058725478071
0.0940484781747123 0.0627336608958152 0.0485889782724407 0.0279399576703993
0.0995639077006095 0.0572784471863938 0.0451522015303931 0.0589635430074497
0.067035227575627 0.0855790897368087 0.0210187238120783 0.0836859538342725
0.0206016374329311 0.109952792017439 -0.0464112408487982 0.0901440716475557
-0.0860363058796333 0.111485296892039 -0.0890112334219729 0.039203831218914
-0.145753125094075 0.0237907084171676 -0.076297003812445 -0.031673731388743
-0.104422146138358 -0.0954014259055676 -0.0140480171715891 -0.0385304890615633
-0.0309188651851011 -0.158678036179623 -0.00557879909601269 0.100607646469535
0.0372789691843615 -0.0654507460724942 0.0542763156359393 0.205686662956406
0.00760849994974402 -0.107594018579535 -0.0172419636672689 0.204239246653369
-0.0747876068846855 -0.081563373140478 0.00185389834039797 0.191857500201511
-0.112088673796822 -0.00139567544415321 0.082986292094736 0.153368512862956
-0.050207863564333 0.0716820808171253 0.102769734454987 0.0678983447587575
0.00895259116760957 0.0672756505701115 0.0893734265689413 0.0425381643406732
0.0439328742187347 0.0597754039447549 0.081430917787524 0.0318783381071388
0.0618029125584132 0.0462923238805181 0.0740468584740355 0.0436961379909362
0.06849852131795 0.0443212853513569 0.0708472280287198 0.0781377208172599
0.0484023616925853 0.0668327179736464 0.0374887207199243 0.107775551905538
0.0098606882483988 0.0852149391540405 -0.0427132864010399 0.115257091896262
-0.0775328582620116 0.073555326664101 -0.0955503456818639 0.0539689342332889
-0.108026975257506 -0.00624812741723417 -0.0834586621496834 -0.0234921036003733
-0.0519882203149844 -0.0887012197130294 -0.00553918964353915 -0.0280707059957074
0.0219878678159598 -0.104388267646946 0.000981460828939363 0.134680403687929
-0.0554396582455322 0.0251221495561402 -0.0253311423164808 -0.173506896877238
0.0105735494409666 0.0593032675669109 -0.0366279283484518 0.0060790542338569
0.0561024578099392 0.03052696473882 0.0970000035185094 0.0430951016816133
0.0483317348935185 -0.0325575130218012 0.12865982211175 -0.0563904695840844
-0.000763256731605143 -0.0433784108521476 0.0617187875866307 -0.15261929070302
-0.0199934350830044 -0.0267095298225054 -0.0500433496901075 -0.16190181248406
-0.0212737043833598 -0.0278591929572092 -0.102804730791393 -0.102966752144342
-0.018090474036781 -0.0251907392009319 -0.106950326841651 -0.0567596429940137
-0.00871938546124599 -0.0231567896298757 -0.108529017025848 -0.0469276374992168
0.00894088415562171 -0.0179042371813679 -0.112414310821659 -0.0624491112198198
0.0293589386231002 -0.0094197093478362 -0.10371786938835 -0.0876330042270063
0.0359971094868477 0.0275124574647979 -0.06184071516391 -0.138763669443336
-0.000726417132293744 0.0648369353248191 -0.00469385978101572 -0.181983543934554
-0.0540515303703699 0.0342597012011463 -0.00229640422972743 -0.171057948759967
-0.0735092342956557 -0.0107168331589618 -0.073121742355939 -0.19904895813904
-0.100660852845562 -0.053038879768206 0.00871892306161351 -0.15881045094508
-0.0607629818265471 0.0180873613452734 -0.0234265864770034 0.0172205063008509
-0.0214836258681292 0.0462945614290271 0.121667569718141 0.0576548001441775
0.0052257043227496 0.0272661474566346 0.162941755395178 -0.0560422180954626
0.00830595415805766 0.0111790747224167 0.0768766409091592 -0.168738788170824
0.0083712802178059 0.0127710185867069 -0.0430725458429073 -0.17696549068142
0.0254818195220848 0.000939800950588425 -0.107535662418404 -0.111388718979525
0.0291460291103651 -0.000897338448382252 -0.105508287613966 -0.0556895750543034
0.0335150496455105 0.00673691798777204 -0.108504243643606 -0.041688341786866
0.0246933419211179 0.0286360617112136 -0.110262640507264 -0.0536369267188796
0.0168511548600629 0.0419710719722609 -0.107149148007139 -0.0745141108222915
-0.0219497451804987 0.0645896493254025 -0.0726574202787307 -0.11939386907154
-0.072471687698105 0.0526633961405465 -0.0192696961721136 -0.161726412403725
-0.102092810712369 -0.0270357170307382 -0.0291985614199482 -0.145371118899266
-0.104060583834999 -0.101642566459327 -0.0871837023650221 -0.165093615833522
-0.125430083402298 -0.130269774829526 0.0438310953030434 -0.114848877888823
-0.124485013825327 -0.0451804015604977 -0.00817185309047035 0.0481193458951013
-0.111755827402001 0.0422747771237812 0.143887391718761 0.090919853417395
-0.0587122656244456 0.0837523331449637 0.199686854900752 -0.0361233815395735
0.006867124900788 0.0749513871184878 0.10172378402665 -0.167501863977236
0.0320571045648955 0.0578717690135898 -0.0218355761493671 -0.173920694614094
0.0677527966450639 0.0359504279484165 -0.093399659184844 -0.110054436675801
0.0729921172729847 0.0221379531397185 -0.0893531843711242 -0.0470836891983974
0.0736754995202738 0.0286081060924499 -0.093348063113041 -0.0258333403258937
0.0467518661037979 0.0636032746879152 -0.0981408088117758 -0.0289983709382334
0.0193595050356153 0.0847873407224024 -0.110273318461302 -0.0428217038703199
-0.0566608572172737 0.108205156060105 -0.0907746040685381 -0.0887328221218071
-0.129183917514537 0.0632168895648388 -0.0425887600776479 -0.136459282442961
-0.149161991000355 -0.0596902578152482 -0.0481962121198241 -0.114692011699407
-0.131324752638906 -0.167840354389329 -0.0898900573953974 -0.108458389179953
-0.124039553500496 -0.192204390409621 0.0729287877757038 -0.0442617866994319
-0.161926062545682 -0.11884940009546 0.00406694654344934 0.0948753719617547
-0.192594174448032 0.0139257503293514 0.151897106611561 0.135716256884752
-0.131978908790813 0.120990394718937 0.22522760503331 0.00468726046073243
-0.00962939670497183 0.133967792013556 0.126309658642075 -0.14190384050476
0.0448218368112784 0.101442428962859 0.00904731232282339 -0.151220894009653
0.0983167159658367 0.0682144948538975 -0.0646058746031895 -0.0958486732914549
0.105494522459482 0.0424684086517973 -0.0598422762793248 -0.0325487661084457
0.106968439483918 0.0426594408912472 -0.0637766411830537 -0.00441631851636737
0.0702503371312973 0.0837112938267554 -0.0735557200087177 0.000634103755961818
0.0312313878672875 0.113233260153032 -0.102802210375905 -0.0037548254151871
-0.0700563357330363 0.14445255861038 -0.102742357463067 -0.0503070920185794
-0.162230231766958 0.0806154313654554 -0.0624272576809307 -0.106965607058362
-0.180116979699329 -0.0712446816920554 -0.0517507436373203 -0.0857665680794944
-0.14535284173676 -0.204864158264809 -0.0754606631293269 -0.0431866191274545
-0.0988346477389291 -0.221430431356308 0.0902519689973121 0.0412118011627058
-0.158835152120609 -0.178239746088458 0.00896205185016815 0.147501276332987
-0.233889738873522 -0.0330024619199714 0.135562926848796 0.179803284777762
-0.190386136593882 0.120909602705703 0.221424720209124 0.0579870389739469
-0.0348846508767722 0.166891997004832 0.140495972475888 -0.0928373452312201
0.0454892704423004 0.129177074055638 0.0411599063642282 -0.107054262172557
0.110211164292003 0.0920354327600913 -0.0256316829979139 -0.0684425032971566
0.122682605646233 0.0557288088921903 -0.0221254265165855 -0.0122876705917348
0.125256713303719 0.0500456609860947 -0.0250258141073961 0.0183344783931041
0.0851587394470286 0.0922190030973158 -0.0404488601349854 0.0321115958006831
0.0408209926753732 0.125032618500457 -0.0851560662444782 0.034869501704927
-0.0725845309301489 0.159850320962083 -0.102942817786444 -0.0122875455197997
-0.1742081162932 0.0858630915595854 -0.0715925735037017 -0.0777928266574568
-0.183547280160568 -0.076870394755652 -0.042901239122644 -0.0625013308437858
-0.135724885316647 -0.214690336782708 -0.0495292861068516 0.0198204880680465
-0.057546116273872 -0.209592932800888 0.0906726287032317 0.125312187663248
-0.119055321008654 -0.19962244401885 0.00632167115602568 0.191438052398436
-0.220201247927536 -0.0762057401885902 0.0981507548402394 0.207180450726757
-0.207396721128269 0.0898874199908391 0.187677919078767 0.105515131529018
-0.0553500345883296 0.162558552799307 0.137390793035051 -0.0317427111528903
0.0377848264649883 0.131566483358354 0.0665377413246667 -0.0512706524906734
0.10588487505959 0.09681205497208 0.0156068557630335 -0.0343644501540358
0.121670890780954 0.060997989898064 0.0176391101251988 0.00799696787977506
0.125795232412242 0.0521136699787842 0.0153802249496087 0.0403175201618576
0.0881760313425824 0.0903355026769542 -0.00537763415771934 0.0612463963754608
0.0401296665533821 0.123108483591885 -0.0634086726097309 0.0698778632012872
-0.0754376139761557 0.1514726430797 -0.0976789326040079 0.0182506859333163
-0.167293593971408 0.0692069025656723 -0.0763064398349964 -0.0532820597258538
-0.160332571804326 -0.0852670237066698 -0.0285760892470901 -0.0460862920163929
-0.100266749501225 -0.20228964871723 -0.0232929527031375 0.0736279467098558
-0.0104852344390848 -0.154254556559634 0.0827435372757855 0.187541711568121
-0.0597361005245195 -0.17330110869957 0.000885854780194716 0.215901824879722
-0.162691893652677 -0.0916523446928965 0.0556108305303311 0.211139077966316
-0.176576577627307 0.0492474970704269 0.142233817601975 0.134159588885063
-0.0568406918506651 0.129233016367252 0.121716304289419 0.02253534302998
0.0272696777189547 0.108646433265378 0.083366389968777 0.000193934095333706
0.0853822819714902 0.0845528577161202 0.0528686206235076 -0.00077321981507099
0.102683496216632 0.0559277137878988 0.0527883829203949 0.0275289490664583
0.108452778283571 0.0485697340679214 0.0524147328107293 0.0602054160843263
0.0777699037223878 0.0820330863700533 0.0249074987336435 0.0869112555688512
0.030944383690926 0.110544136488757 -0.0460245828786507 0.0992229210705531
-0.077900445019612 0.12411867580441 -0.0936743015698563 0.0437387424397968
-0.148602759883496 0.0377111280390727 -0.078987773480849 -0.0328980175133898
-0.117328155216705 -0.0925540134689851 -0.0156439804941598 -0.0335510940343685
-0.0466519317917176 -0.168412183069734 -0.0039039890215837 0.117626101599546
0.0351534879380478 -0.0711733790314177 0.0699854089652971 0.217067439492745
0.000273360327920403 -0.110265605689028 -0.00125863917895567 0.216320851255422
-0.0827367765978263 -0.0741000487396499 0.0215876651831142 0.195467372473122
-0.112793642869097 0.0135682861477376 0.0986781837563826 0.144645329194543
-0.0420119250416222 0.0780884072560296 0.107242160499757 0.0599371083722474
0.0159071750672311 0.0675817939456417 0.0942835324676399 0.0380132216658052
0.0531839114347551 0.056449108872218 0.0812137391891094 0.0252469484218899
0.0689412274429233 0.0419164246569374 0.0797504064936357 0.0418942306484993
0.0757357603621752 0.0388518372859739 0.0819914313772166 0.0772035608759931
0.0567306370333324 0.0642002164613319 0.0462515861708959 0.111495554652631
0.0161732670047102 0.0858831696052354 -0.0390200406420768 0.126054673667602
-0.0726024166202987 0.0834007253499676 -0.0990204677000899 0.0618266321975884
-0.112220770218212 0.00268264051987285 -0.0868782409012548 -0.022255684073136
-0.0608618414010663 -0.0906205405527891 -0.00840100593948948 -0.0248391694175754
0.0133115374389927 -0.113895452680391 0.0045129274872625 0.147972044478687
-0.057025822344389 0.028414053192389 -0.0344295054632306 -0.180357734020147
0.0137295601299914 0.0608937719176847 -0.0393803346482407 0.0097241858041838
0.0603643402143687 0.0299444526934645 0.104340477039786 0.041552854910617
0.0484421925264466 -0.0361170381284325 0.133526123130783 -0.0649005562810571
-0.00345637498187367 -0.0439830074141557 0.0577803198614101 -0.162472445955324
-0.0220748013912337 -0.0256826142964165 -0.0605471081039187 -0.164090224098358
-0.0241864485718711 -0.0278664713024732 -0.112490639230702 -0.100581455753842
-0.0204017829258265 -0.0252444240299579 -0.113661300486313 -0.0541009310409071
-0.0105300621302402 -0.0236319708371924 -0.115308073462131 -0.0432415601326539
0.00907704734682576 -0.0193765674658021 -0.12103513124808 -0.0582621164701024
0.0308225492984876 -0.011396313224208 -0.112378734277762 -0.0867348583765134
0.0387632833862276 0.0276763867461061 -0.0706651913507114 -0.144186762448477
0.00286073804531579 0.0672149378631094 -0.013791928223013 -0.190672559093003
-0.0554429091981693 0.0365178861649179 -0.00754059569426959 -0.177235634180148
-0.0775557508288774 -0.00760338694102775 -0.0838967028782959 -0.205398740032609
-0.108171212767762 -0.0506419216277247 0.00256983301499257 -0.166498022676554
-0.0632536334919148 0.0202272011815773 -0.0250375488992937 0.0205882349592116
-0.020815692061961 0.0494369133726865 0.130914119291613 0.05615070575185
0.00703812539815374 0.0282996618201294 0.169218070640106 -0.0664350707453064
0.00942098495201609 0.011542778355254 0.0731126279840146 -0.178650415401103
0.00971965489796747 0.0135144314493289 -0.0542241277756421 -0.180733951119515
0.0265841073140529 0.000774540153868766 -0.116294316898714 -0.109753410375776
0.0306459660984232 -0.00328382478907668 -0.112850398980942 -0.0530562403060303
0.0350220632788331 0.00500419787205419 -0.115288021782183 -0.0366951698498101
0.0276714695329666 0.0289649399607162 -0.118049611362922 -0.0488768982730496
0.0199759276864711 0.0426939650895622 -0.115684523161407 -0.0713338448079101
-0.0203756874785883 0.068216722899109 -0.0809387031876529 -0.122703284179696
-0.0729741191944803 0.0583337344775575 -0.0287859919458139 -0.169100583664995
-0.108596930701622 -0.0249491362155812 -0.0349791870957066 -0.149402657739408
-0.113508503899992 -0.101420836437506 -0.0960951968893059 -0.168354157509937
-0.136432646442221 -0.129919617314306 0.040896532540579 -0.121579505492881
-0.131799833374055 -0.0426877270619906 -0.00815028124531205 0.0512123148586254
-0.114648524833438 0.0495234893404678 0.155440161140338 0.0898480691929052
-0.056944949334581 0.0911830091359489 0.208524697395886 -0.0472226753643709
0.0108602024489966 0.0786037132542696 0.0984879720536437 -0.178391142566471
0.0360915958689234 0.0602362309369244 -0.0316881378621337 -0.179947435512597
0.0726087879537349 0.0332467759422156 -0.101774619331643 -0.10822938002143
0.077383869081885 0.0184444376754282 -0.0947113739760486 -0.0453600567453987
0.0780200768517764 0.0258889503862839 -0.0976143247956467 -0.0210907219002835
0.0526636022911456 0.0642402536336822 -0.104483727828624 -0.0245648019857892
0.0240788622966102 0.0871887311736707 -0.117412454602517 -0.0384862731097397
-0.0538915867783809 0.11651421726148 -0.0989944542852163 -0.0892724084343782
-0.131401818404018 0.0724549654346756 -0.0519848543094956 -0.142641620035695
-0.15895214023204 -0.0572114052540726 -0.0539770731676368 -0.1174543359976
-0.14582825488398 -0.169400835900321 -0.0965713938821272 -0.109588653602695
-0.137157629975159 -0.195575105708819 0.0740021251317389 -0.0502601319745174
-0.174715034791322 -0.117753865308997 0.00675627748195505 0.098363130234556
-0.199774836142024 0.0236528229414661 0.164832072040225 0.135981704615697
-0.131830333252459 0.133321945449902 0.236574677429737 -0.00524968961666536
-0.00382810841464724 0.139987168042546 0.125951042368319 -0.151850119058165
0.0521545154003809 0.104144223548982 0.00255815124477428 -0.15753601092687
0.105669322575673 0.0657908617427131 -0.0712946976155293 -0.0945589599760323
0.11257290018305 0.0374293300895299 -0.0625110631975651 -0.0304475909460192
0.1125990761089 0.039204911917105 -0.0661520576395334 0.000116912544666622
0.0776866951988436 0.0842106976974414 -0.0780901364123643 0.00616503651290722
0.0371475719864018 0.116799390259413 -0.107842398000159 0.00213176189624241
-0.0652615590406811 0.155489856198223 -0.110086206178421 -0.0485548631895842
-0.165146810134059 0.0919919301801246 -0.0709965836194589 -0.111025672007072
-0.190898752140449 -0.0668563429629471 -0.0570947085601261 -0.087657030554126
-0.161831728125881 -0.206946392486376 -0.0789097032028167 -0.0417638849550847
-0.111482748195898 -0.227656299463789 0.0945934060278463 0.0392125195751779
-0.173253166810343 -0.180097885290823 0.0144367700196587 0.152614250691958
-0.245636841237059 -0.0241385339517175 0.149088562842852 0.183999459791571
-0.192312231324446 0.137592828587574 0.234710572583273 0.0497926396687371
-0.0280179260381043 0.175319095150255 0.142095064990603 -0.10174187018948
0.0544041168933324 0.13293472402895 0.038834920948788 -0.113871678607959
0.120094788177783 0.088349101087223 -0.0298190271562504 -0.0686376813311753
0.131094328995056 0.0507656605759108 -0.0223732498247833 -0.0119053739187769
0.132361585817677 0.0455159442134789 -0.0248801442547346 0.0212277861657248
0.0937535249118825 0.0912372746050351 -0.0414586446569533 0.0361517439917105
0.0468796641660858 0.128338346543471 -0.0875125227108706 0.0426085064040995
-0.0675026524705086 0.171623501032021 -0.109054534511797 -0.00816437776700454
-0.176117099115905 0.0974685444154782 -0.0810867333945673 -0.079808593186558
-0.194309273845121 -0.071789822599143 -0.0467395559070482 -0.0644606975963501
-0.152480395497436 -0.217123441445408 -0.0490930214120315 0.0225513847933259
-0.0684360214514634 -0.215658257089722 0.0999020065147056 0.126597086033
-0.132464503843364 -0.203773465982661 0.0135489833159837 0.198812951229622
-0.233371986302375 -0.06939485997858 0.111646107005611 0.213999630734513
-0.211265567333923 0.105102246793214 0.202406930790299 0.101187233517894
-0.0490244541657186 0.172419043581571 0.14100517450628 -0.0389694911142112
0.0456226222021675 0.134962367748896 0.0683040737777699 -0.0574331064488208
0.115142744341086 0.095493013309314 0.0150120423478167 -0.035687899444715
0.129907345400818 0.0559932765737641 0.0191472586888998 0.00804113143690699
0.132729274878915 0.047434885597141 0.0181764995600883 0.0410028667853479
0.0972645174279713 0.0894853614011523 -0.00340190267328584 0.0637507856457162
0.0471459113163669 0.126554794302555 -0.0637250569112427 0.0769223572876288
-0.0708253757484548 0.162013114649257 -0.101599189233051 0.0246177004098032
-0.171494060980855 0.0797495296757516 -0.08356668050317 -0.0529837479503314
-0.170402509825287 -0.0814220055160377 -0.0313217264877722 -0.0476376756974778
-0.11462798966315 -0.204854313406316 -0.0191086720344532 0.0774925234142783
-0.0175723084663053 -0.160658693544122 0.0934692279191088 0.193428481314843
-0.0694979964839639 -0.179643623052745 0.00853073677224167 0.224580161308628
-0.173648346137599 -0.0877330078505993 0.0658540954180462 0.219083528041292
-0.181953850241396 0.0607911826827718 0.154743169332076 0.133182765214752
-0.0529257772045035 0.136923244819184 0.12750889656488 0.0183309590710097
0.0325787307614891 0.111993411480564 0.0872927742558746 -0.00439837164007215
0.0937407180119917 0.0826564847798871 0.0553456842766447 -0.00262460950871558
0.110674507350689 0.0520952849907314 0.0566278718863736 0.0257780966873373
0.114749922373436 0.045096155473551 0.0575093883900079 0.0595220436050668
0.0855224927350848 0.0808098029196369 0.0289180015848991 0.0895189331486011
0.0375470940195282 0.112966865511078 -0.0438752957824989 0.107333171500468
-0.0746333818337098 0.133600742611449 -0.0967008977477872 0.0506549833617947
-0.152656411853264 0.0469476110963984 -0.0853307121865277 -0.0323369335847229
-0.124988661643961 -0.0917461349285992 -0.0184368595983211 -0.0357578579362335
-0.0574817899138434 -0.172801750945132 0.00229574005084609 0.122598710911482
0.0327507623136476 -0.0763828932154306 0.0805606749902299 0.223657578693656
-0.00518801992186091 -0.115187366922656 0.00702725553477242 0.225049557632502
-0.0901326567941709 -0.0738550038379045 0.0303805908048938 0.204700952098391
-0.116987644304552 0.0208652251485131 0.110612397099659 0.145501548283279
-0.0391809088463926 0.0826774812201957 0.114129892502481 0.0582381064435872
0.0190182529808077 0.0693317468866674 0.100071605918942 0.0344509657244624
0.0583495008896226 0.0563010261727119 0.0860406933370224 0.0210464645230236
0.074071690428748 0.0399200801809662 0.0849042872883662 0.0391345601852508
0.0799108324009607 0.0358120185212475 0.087731385915647 0.0765441868949423
0.0623314772813504 0.0639055039714507 0.0517812233597251 0.11285741291221
0.0208412238169416 0.0887385332814131 -0.0351112203706463 0.133669743542206
-0.071647625174214 0.0914371651735305 -0.101041268935043 0.0686403074652252
-0.116464095751838 0.00847414755208521 -0.0939554931775053 -0.0197518465055986
-0.0662366457401697 -0.0906166012175468 -0.0100147192790144 -0.0270268919744925
0.00778384691836025 -0.118727440791342 0.0127397802283753 0.153874518690449
-0.057290694005867 0.0309616148429744 -0.0444380376344443 -0.180346641057875
0.0154719232569831 0.0606461540314885 -0.0399840544980886 0.0138595270737968
0.0640201367704845 0.0271425500439586 0.10941167369605 0.0379253368740644
0.0470325465771579 -0.0388126296639077 0.133552219858299 -0.0730098234854295
-0.00572021124089179 -0.0437617696069179 0.0503673716817123 -0.167689292199742
-0.0230062344188114 -0.023832184825671 -0.070553540720544 -0.161695941341449
-0.0265559478729447 -0.0266530283117883 -0.119569675626591 -0.095638920208951
-0.0220074785151285 -0.0237397195264305 -0.117520509831236 -0.0488200318704515
-0.0114960803805491 -0.0226091795403001 -0.119775751628503 -0.0356331544458542
0.00773431067240191 -0.0200674444116795 -0.12640136595436 -0.0509839966226756
0.029985730782606 -0.013571834261883 -0.118669352940328 -0.0826058687520768
0.0410957919128677 0.0260242130688581 -0.0795514218318739 -0.144465364699715
0.00733143991869344 0.0672096756405288 -0.0245711451645255 -0.19377457084377
-0.0560163045617706 0.0391906359671439 -0.0138158785883633 -0.179838400719528
-0.0799579230967447 -0.00391601976764391 -0.0939721207770968 -0.205517624760395
-0.11280500834828 -0.0456974197517117 -0.00527579327509861 -0.168914862411397
-0.0632133692334837 0.0229289626791519 -0.0250497535623075 0.0235253388661623
-0.0183771423255993 0.0516421819839935 0.137830391853579 0.0516243783595295
0.00831989300732736 0.0293875817118667 0.169927302637312 -0.0758145875712212
0.0101748443606279 0.0123904885801869 0.065033856789212 -0.18444511659604
0.0109634517362748 0.0134136874741777 -0.0655656385833049 -0.178326697802588
0.027058236983286 -0.00153502980931272 -0.1237543397892 -0.103289260579608
0.0304586795201368 -0.00497386570238187 -0.115991629534487 -0.047060990327284
0.0356580885706722 0.0031574566685794 -0.118026538573609 -0.0300240679773952
0.0297556683391897 0.0279423351266533 -0.123268877996774 -0.041195245922379
0.0219043898910741 0.0415478968944039 -0.12187274452906 -0.0655298774212081
-0.0170254960312514 0.0713602228084954 -0.0890017264709897 -0.122239271442736
-0.0701210836977578 0.0626266411802625 -0.0394139259166276 -0.171745842932521
-0.113054328317264 -0.0216219061124232 -0.0407777331610744 -0.149891793120361
-0.121484545307279 -0.0971092349487534 -0.104871083621587 -0.167335992546116
-0.145665089868711 -0.125877004522875 0.0352888141122357 -0.126045845520586
-0.136091629231669 -0.0373667402646251 -0.00670797046200719 0.0533019912670277
-0.11411881882519 0.0568965521065438 0.164029437568669 0.0842248441690072
-0.0526501384059883 0.0975129796329969 0.21125797051376 -0.0591103165751576
0.0148439829315319 0.0795442750338064 0.091346042117196 -0.185080936302326
0.0410643515200599 0.0597211271238243 -0.0421800047176048 -0.180088075837747
0.0753295289224707 0.0290927965150623 -0.108345958239875 -0.102183455848855
0.0795585067599698 0.0138108585468344 -0.0980281376180049 -0.0402311342297163
0.0809313033192092 0.0217289816335275 -0.0997130099659887 -0.0145106695653778
0.0571491424583273 0.0625758050290038 -0.107960533995489 -0.0173413838404383
0.0293266030041065 0.087335527324509 -0.121990198759378 -0.0317920547667928
-0.0480373061180812 0.122365424088825 -0.105922181236758 -0.0865746410474984
-0.128756448711236 0.0797771226371965 -0.0619138038640184 -0.143544074088533
-0.164697566544243 -0.05056707780569 -0.0592474303444197 -0.117102561053444
-0.157069979290149 -0.164206826126114 -0.101316238116442 -0.107068169577453
-0.149375256762721 -0.191580010157888 0.0723874812984203 -0.0541236142724968
-0.182969359153053 -0.111191675213894 0.0100344702542947 0.100403136290592
-0.202445551867366 0.0349541879475439 0.175613402484223 0.131731814429918
-0.125943092249216 0.145304903714542 0.241567163041109 -0.0186279784552628
0.00356727024444328 0.142968867557351 0.120413012282098 -0.160504462856361
0.0593927773114703 0.103838276100505 -0.00678568723467938 -0.160415421828574
0.110566714831946 0.0598652171101525 -0.0759838305052562 -0.0896383211245413
0.116486248344529 0.0306184494101874 -0.0649374216569082 -0.0276065901221027
0.116336742958884 0.0328385229612927 -0.0659662061305686 0.00434707327812311
0.0831142087750959 0.0809849429193239 -0.0793190453818493 0.0116504270077947
0.0443919709757948 0.115963590679258 -0.110358170216669 0.00917852834090005
-0.0570261650049664 0.162361765559359 -0.114794284253452 -0.0442195869425684
-0.16206831834828 0.102580932953456 -0.0804100626555444 -0.110304028597277
-0.19728179485279 -0.0591685009530326 -0.0612305679221449 -0.0866715009987998
-0.176198733984226 -0.200737640170824 -0.0795937370266435 -0.0385497636771697
-0.125084704744535 -0.225587806438758 0.0980945057541615 0.0347754107031337
-0.185742768496494 -0.174546919543404 0.0210478975076859 0.154599188179478
-0.250839807554807 -0.0105878140157742 0.161803148227299 0.180717650002762
-0.187754997678109 0.151481824657258 0.242486953917923 0.0380778933306052
-0.0192874626451803 0.179732776843286 0.140202372873447 -0.109068724125962
0.0629236798659238 0.132452901692566 0.0332384061107341 -0.117862174221005
0.126803734355335 0.0820149545229293 -0.0324690871485752 -0.0659689422215486
0.136493982081909 0.0423694463156717 -0.023100484933054 -0.0110260386917578
0.135939218287707 0.0380097243986281 -0.0237146840392149 0.023230266624029
0.100820948240332 0.0872450114792025 -0.0409355368673594 0.0397008884868815
0.0555635779681135 0.127466327434962 -0.0870360529651324 0.0486872338577251
-0.059142199463835 0.178658938749955 -0.111941220511168 -0.00252895320004671
-0.172520302162116 0.108967437115118 -0.0883462638435876 -0.0785788876565859
-0.200711605874434 -0.0641672881619692 -0.0505108186655094 -0.0639975900237012
-0.167138437165041 -0.211741273666101 -0.0472524652827452 0.0253885934594935
-0.0797302483646054 -0.216365029174426 0.107436381855691 0.12440086437604
-0.144868988486564 -0.201304574800646 0.0220731766664998 0.201565018655693
-0.240770203576486 -0.0580694473611743 0.123928814147508 0.214321308076074
-0.20920782994094 0.120537766932719 0.211879872503321 0.0916651923849276
-0.0401381369656537 0.177071113504128 0.142391692336582 -0.0447483557986699
0.0540877041665095 0.134946383945891 0.0658338926485609 -0.0627221658931871
0.122003293464207 0.0884595599974046 0.0138530952837239 -0.0358669983791818
0.13604244654748 0.0478925156995679 0.0195531614190153 0.00704523919557408
0.137582881076923 0.0403510096368077 0.0209346913011497 0.0410523442108538
0.102759672877838 0.0854084286429969 -0.00165676587126431 0.0650692973777989
0.0545969272873257 0.125517526582547 -0.060228958950278 0.0832412516474277
-0.0621395248436415 0.170131994987555 -0.10221995419047 0.0305495875463257
-0.16841578012802 0.0909954750804 -0.0901435401340755 -0.0512253657297718
-0.175880724440625 -0.0744493535685246 -0.034484252058328 -0.0479998973871023
-0.12840113127306 -0.201488923549901 -0.0141009533995449 0.0796475201642495
-0.0254999345365442 -0.163790688852217 0.103622936654591 0.19209515035761
-0.080761991150773 -0.179320126070043 0.0186116238484126 0.228199901468208
-0.180500345178646 -0.0797075490271799 0.0774336932369771 0.221121319017672
-0.181766820720865 0.0727051219323134 0.16385359732109 0.127289149480823
-0.0462593134742832 0.141140831580396 0.13057029088299 0.0126560647260052
0.0391915993488146 0.111562127935578 0.0896499086068198 -0.0100504382013358
0.0996880399764061 0.0772979557945858 0.0558028937252213 -0.00523859376516584
0.115766614755429 0.0447870789056852 0.0582714468188658 0.0231973260448211
0.118782206249072 0.0381506725598496 0.0611238875326318 0.0577130225978516
0.0915773895073159 0.0763624512627829 0.0333648145253391 0.088043977565452
0.0442654824997356 0.112522402358198 -0.0391045427704266 0.111929152734334
-0.0674823169236979 0.140911111705122 -0.0960226773329739 0.0571033381825204
-0.151556475108621 0.0563171174343165 -0.0905861546789036 -0.0295557867144045
-0.131291243511498 -0.0865750125564605 -0.0203344111387126 -0.0359803895776776
-0.0685764908213123 -0.171967383743621 0.010269103412918 0.123746915319239
0.0296499828790081 -0.0805580229289261 0.091908279382646 0.225904459027272
-0.0114321384386356 -0.11796252442217 0.0172531149321353 0.228536996957521
-0.0959042158701557 -0.0695238098903469 0.0392519274546313 0.208167783406937
-0.117626743930792 0.0274644725070238 0.119671609629673 0.142122949596777
-0.0347576999107123 0.0853139444548863 0.119309176091954 0.0533145172895856
0.0227551033428739 0.0694460144134171 0.104756269619619 0.0281193519224737
0.0622019399343877 0.0521173093011435 0.0888201769943105 0.0172904033154602
0.0778407459352655 0.0350911690550884 0.0875324865897489 0.035111676874309
0.0831259631511292 0.0319206034736071 0.0925178121555716 0.0719751192724794
0.0675320586188337 0.0604966862317851 0.0573280510477696 0.111184451824374
0.0264663402623637 0.0883875441427708 -0.0284424400404664 0.138350153724479
-0.0662571444529543 0.0979782960083367 -0.0995121647273523 0.0752671536076644
-0.117209824366985 0.015956982598627 -0.0970042340216546 -0.01633893740746
-0.0714515978943051 -0.0890592604341396 -0.011778509461258 -0.028320553107444
0.00166379141269686 -0.120218274648295 0.0213616085695449 0.154665270335819
-0.0573148343527732 0.0332886088688642 -0.0501758068865563 -0.177887447300298
0.0166522807611997 0.0588587182504203 -0.0399603277289928 0.0169079163934496
0.063919015030564 0.0252337136669186 0.113387604212384 0.0338480791868864
0.0455214399426582 -0.0400807539068855 0.132738691566699 -0.0777868093078189
-0.00598962729292344 -0.0419391989114021 0.0448968942532011 -0.168815051682179
-0.0236808265184912 -0.0219795118205814 -0.0763049384283804 -0.157359047987726
-0.0269761285692166 -0.0249315390151567 -0.121720766208647 -0.0894152262825882
-0.0233303762697351 -0.0225451660919431 -0.117829292016323 -0.0439256203688653
-0.0125462022567126 -0.0226293516827913 -0.119595497990176 -0.0298259140342304
0.00718835746434037 -0.0199414792307535 -0.127591635752148 -0.0453304212383695
0.0288355913956722 -0.0153492302607589 -0.12160416769248 -0.0778216173372921
0.0415412612496408 0.0246391648879377 -0.0844640586106734 -0.142578896246211
0.0102405365533623 0.065759150406244 -0.0314420580383334 -0.192182489376652
-0.055989561490381 0.0397622281011645 -0.0168154531172801 -0.178649676225386
-0.0798137503498069 -0.00132113657249123 -0.0987717962301085 -0.2034574474256
-0.115589912724049 -0.0421315270514921 -0.0119335954979923 -0.168202524080102
-0.0633482066443118 0.0246549333810361 -0.025347119743791 0.0268245275516325
-0.016707873651401 0.0529975539400606 0.141254145118169 0.0477656934395825
0.00991280788750423 0.029583613630087 0.168853598176922 -0.0820904739261359
0.0106303298613969 0.0124302879094596 0.0595411624918437 -0.185574987498566
0.0118636877287427 0.0138441706149647 -0.0712669933520732 -0.173754102501732
0.0265489075506799 -0.00198909433164904 -0.125417728145118 -0.0972624907187562
0.0304438952100008 -0.00701107719073355 -0.116859247436739 -0.0427463742926395
0.0358581178710883 0.00181065894232474 -0.117822988371738 -0.023797535450177
0.0311811803885224 0.0266987493892525 -0.123573882541291 -0.0349836451035285
0.0231196913753071 0.0408068395060918 -0.123800148379437 -0.0612736429019809
-0.0137916144869887 0.0723468304609567 -0.0933324803653812 -0.120161114692775
-0.0675551845230224 0.0637159388999712 -0.0455094698089924 -0.169855160323912
-0.114027157466512 -0.0182499828099163 -0.0423769783918647 -0.14839642172714
-0.124749831140018 -0.0922461045695201 -0.108145699247826 -0.164858496195897
-0.150287774383106 -0.12052318786078 0.0312127676382085 -0.127223681654028
-0.137549646052196 -0.033625302624836 -0.00575683504226683 0.0546821621810322
-0.111903667313761 0.0613425778826218 0.168611736932701 0.080013875912606
-0.0483997486793953 0.100185599068257 0.210340841099708 -0.0661926440610461
0.0174490078700311 0.079658817512709 0.0862285072444514 -0.186228333672582
0.0439377096324974 0.0587002993743889 -0.048639931103091 -0.176975675032827
0.0758979127369519 0.0259382239488892 -0.110123432756185 -0.0962269212901893
0.0796179198417319 0.0090596786440247 -0.0981866578665617 -0.0367899534159273
0.08091117719368 0.0185253788029747 -0.098716857349583 -0.00924083951749927
0.0592089387257238 0.0602388675350152 -0.108265306318713 -0.0110310402072933
0.0321253799854445 0.0857873950674497 -0.123096387994549 -0.0264120560967336
-0.0428852203424993 0.124742461137491 -0.108916199937993 -0.0844498152297751
-0.125297341897344 0.0840898880469381 -0.0683349357729615 -0.141695274309644
-0.166466662506267 -0.0461616958636968 -0.0601696601274489 -0.115217688068435
-0.163194633408278 -0.158068133391663 -0.102764169583917 -0.103935105483039
-0.155695818237518 -0.186358679318298 0.0702858661192528 -0.0570449508358596
-0.186510563271353 -0.105146506011285 0.0120952762829778 0.100516068455397
-0.200580133192003 0.0426574961948406 0.180731077672989 0.126976009804311
-0.119529634425534 0.15052326745137 0.241301624442764 -0.0272126982264533
0.009021447997127 0.142577600540229 0.115744084370468 -0.162531617539704
0.0640829998157739 0.102239706807036 -0.012136817085171 -0.158778988984084
0.111379215068615 0.0545412522810571 -0.0773813796416261 -0.0854030561158886
0.116813675129621 0.0239677354484093 -0.0655507119550678 -0.0253971758473389
0.117119353104659 0.0275477991499205 -0.0645212104419462 0.00762834409240063
0.0862208276018867 0.0776037529032982 -0.0798112893506588 0.0164803432850466
0.0479640043879878 0.114027338826324 -0.108718886587979 0.0142792677981921
-0.0498562604194712 0.164904543566623 -0.116979947351394 -0.0408068570231896
-0.157134482704213 0.107694512344056 -0.0869724917299363 -0.10863272741571
-0.198544695418434 -0.0530863117549612 -0.0628919894467431 -0.0847988903308856
-0.18310319607154 -0.193922056404099 -0.0794559097411833 -0.0370038083941455
-0.132019292389009 -0.221822958118709 0.0977307104812755 0.0320516055835503
-0.190987599811549 -0.169963745322484 0.024128794759405 0.15321939400461
-0.250633184879465 -0.0024107226255947 0.167770690595254 0.176516657709076
-0.181363762314828 0.159299719549258 0.244341009546441 0.0293273068697612
-0.0133139797917825 0.179729415020083 0.137442317885383 -0.112624913736367
0.0683710865397773 0.130449307943902 0.0290881432677362 -0.11916552132134
0.129363992414493 0.0759235981277512 -0.0332506711778284 -0.063822898011514
0.137615088491501 0.0345337856481234 -0.0237404743185567 -0.0102210740175586
0.136462779943764 0.0323140527298657 -0.0218297753593656 0.0241910426244752
0.102961351431641 0.0823647248561669 -0.0401464825720204 0.0425929250848896
0.0592005823597783 0.124379783863434 -0.0850233342419872 0.0529279141848963
-0.0507851524569085 0.18094573603113 -0.112264608388008 0.000978603707542296
-0.167090268754685 0.114895482588823 -0.0935529628832151 -0.0759606387532579
-0.201407935504115 -0.0571066860711058 -0.0518463715704869 -0.063404751591393
-0.174306909580833 -0.204287527590961 -0.0441181746000693 0.0253011656343459
-0.0868708120273698 -0.214021799287659 0.1096000681342 0.120792086434789
-0.151858873886529 -0.1972710763134 0.0264167565473686 0.200739832395287
-0.2427674200009 -0.0497657157429833 0.131010091115176 0.210938962440944
-0.204179646176648 0.128756922808098 0.21514600631938 0.0839583418588962
-0.0343268958035095 0.177528335218554 0.140658245624842 -0.0490782039038829
0.0586010600555799 0.133464756583759 0.0644067074161408 -0.0662886548015887
0.123758947696896 0.0828004484684119 0.0137661812966024 -0.0352498818904071
0.137844755180775 0.0400172849593263 0.01961211447982 0.00603948829244445
0.137264678643282 0.0339228502015261 0.0222889218683563 0.0406526359268468
0.106103365166967 0.0804660325287314 0.000152186697621491 0.0655146368915409
0.059480398059144 0.123018187655845 -0.0577586566884648 0.0856091360096065
-0.0547827688912412 0.172333936740232 -0.102128617531925 0.0348458049488491
-0.164092207742444 0.0973942726758818 -0.0932409617282807 -0.0483186510479882
-0.178068841065592 -0.068678739590203 -0.0361754642781757 -0.047698778257753
-0.135822962440616 -0.195064188722046 -0.00941720183518891 0.0784432747280354
-0.0311136788628396 -0.163069323014022 0.107926033600515 0.189782548310518
-0.0868085584115436 -0.177315515535227 0.0237151744182767 0.226583940343046
-0.183505301676995 -0.0734007823209912 0.0846428095067636 0.219870132494472
-0.17741762852757 0.079888375535585 0.167501251551733 0.121367019566882
-0.0410188276427855 0.141393376822828 0.131166628114862 0.00998698442954906
0.043228283722581 0.109709641124093 0.0887557825645564 -0.0143170360749198
0.101665155230797 0.0723457648930263 0.0560824670438952 -0.00724491372012515
0.116968680080824 0.0385736640498089 0.0586143988043675 0.0208984150423854
0.119216568025259 0.0327524688409842 0.0627092040172839 0.0545124494108723
0.0936600928588864 0.0722921736503119 0.0351311573520318 0.0872410916400108
0.0478651091963624 0.11056353825329 -0.0350881435131711 0.113994638076659
-0.0603565589625046 0.144124306641858 -0.0945876180219243 0.0595807373370897
-0.147789648215691 0.0621398782156702 -0.0935560659506644 -0.0272693077788072
-0.133411019500222 -0.0822190647893844 -0.0219347846701511 -0.0364161101716221
-0.0744497972111886 -0.167341402841587 0.015078582936725 0.121719073846401
0.0258225874444951 -0.0818892318374368 0.0973405318796171 0.223538408150244
-0.0154290504169535 -0.117576731421858 0.0226026968764466 0.226846815378864
-0.0967835843374225 -0.0664138240638879 0.0451547512909254 0.208382451003417
-0.115820731791584 0.0325673406880498 0.124371030694784 0.137934699923154
-0.0316097700004061 0.0855054991320501 0.12012481234019 0.0503007766537964
0.0247772981834697 0.0677412965754589 0.105420252174052 0.0233483144304813
0.063802742862621 0.0486007588752089 0.088279109290012 0.0133558931497857
0.0793728385672954 0.0306266425380046 0.0873106118652045 0.0320714853973994
0.0837443618758494 0.0274867413548411 0.0939028508800985 0.0682497170920487
0.069346584682547 0.0565749462178751 0.0598968745273203 0.10849161497921
0.0301010701213274 0.0865749999285634 -0.0240769713800466 0.13930454450346
-0.0615233349921784 0.100372869102702 -0.0977594357379595 0.0784329056690266
-0.115091525730615 0.0198175656216319 -0.099346763326827 -0.0136576703160756
-0.0737116696285225 -0.0860296609588767 -0.0132225008615846 -0.0292755577495924
-0.00373745007435655 -0.118679231582711 0.0273468755652984 0.152240169221172
-0.0581366253165404 0.0342313750752076 -0.0515205775124748 -0.177794697786797
0.0159304639112079 0.0587968716184427 -0.0397299529952128 0.0198708767058157
0.064391490026864 0.0246119625838305 0.115124654242565 0.0331041207062575
0.04476042591317 -0.040663072696191 0.133491416041339 -0.0802879749741346
-0.00607632533341541 -0.0421145969754775 0.043839006053925 -0.169432305687154
-0.0229995450897084 -0.0213116671225558 -0.077837244845844 -0.154829556201225
-0.028003596478756 -0.0238417167257342 -0.122617544633786 -0.0877862680437444
-0.0240384185192565 -0.0222043665947368 -0.118496920716182 -0.0425999784820867
-0.0129113258703732 -0.0215383016610149 -0.11956643770698 -0.0279439489537286
0.00672146564622221 -0.0195039545429916 -0.128324181359175 -0.0424420067556683
0.0283991208539923 -0.0157687346391182 -0.122812588360261 -0.0771281182377956
0.0421966841365382 0.024214335575663 -0.0863580164852726 -0.143668685804038
0.010899692279884 0.0649979053467653 -0.0332785296592543 -0.192780532250622
-0.057126301164771 0.039366135418698 -0.0148485969231054 -0.179299798163504
-0.0804362324087631 -0.000951610031725553 -0.099676271440232 -0.205059079579319
-0.116818862223407 -0.0402266695102632 -0.0125020867474077 -0.168208889119733
-0.0644068039576726 0.0254860415595203 -0.0250173492721117 0.0282066723279701
-0.0156116290098141 0.0534840364917129 0.143237992251834 0.0464655514318034
0.0100827275331942 0.0302412128632148 0.169460036801006 -0.084391493921026
0.0110248930744534 0.0131874161558829 0.0594958911237393 -0.187037941073962
0.0133356037183122 0.0147087102871657 -0.0738283816617867 -0.172312303117927
0.0258624361931977 -0.00230858936438336 -0.125983531676722 -0.0944337215614643
0.0299520589430669 -0.00850921119875117 -0.116948120309463 -0.0413084973742359
0.0356571198746137 0.00139951452480175 -0.117645332217125 -0.0213800331287439
0.0313180837092616 0.0267631889799591 -0.124912949142601 -0.0320320906220926
0.0232580946160468 0.0398903935726902 -0.125296573031424 -0.0591065304797438
-0.0133110591198975 0.0732819825400605 -0.0953652893752176 -0.121460978780809
-0.0668055587038282 0.0637470218994593 -0.0479996447236335 -0.170838733248408
-0.115589999596279 -0.0184533362177532 -0.0409136877889857 -0.149451523855409
-0.126318594095769 -0.0912187721728122 -0.107738379564673 -0.165850997708728
-0.152291004514751 -0.119023214076717 0.0301805942498377 -0.12806616530939
-0.138751279598531 -0.032418797189867 -0.00637085162346725 0.0563588445001409
-0.111167130035176 0.063058028746499 0.171086503402975 0.0788002289296095
-0.0472001930631745 0.101913928016712 0.212003518535753 -0.0692224421130703
0.0182597654052524 0.0798518648541787 0.0859222083580176 -0.187361917871201
0.045790333548296 0.0588461219672272 -0.0506671591066259 -0.175787335206125
0.0754768819309585 0.0242289717808563 -0.110192155832138 -0.0945864418512413
0.0795405165987742 0.00676957456757821 -0.0986508024364944 -0.0352906588072536
0.0810630030498641 0.0176286635161345 -0.097317604938 -0.00716324627309522
0.0608078895639186 0.0598426541065463 -0.108306074177218 -0.00872629065629699
0.03324107520577 0.0854233124197621 -0.124045013122859 -0.0246113802920526
-0.040542161209696 0.126167564960838 -0.110854042429502 -0.0844922557513701
-0.12444442752498 0.0843963591721638 -0.0716142327191377 -0.141798106737908
-0.168458400706223 -0.0458447433900552 -0.059327492779512 -0.115550485854395
-0.165424727422079 -0.155766502830433 -0.10178293557098 -0.104642679791395
-0.157238568079571 -0.186011175810771 0.0697381010149969 -0.0576556582748809
-0.188230935317442 -0.105117700043924 0.0118301978880279 0.101937129174567
-0.200388848633797 0.04532743548056 0.184051620897673 0.126363613499189
-0.117647352129562 0.153304554938738 0.242792871276464 -0.0300855522483509
0.0106491436635997 0.142825824280431 0.116084328497527 -0.163966500494389
0.066319686691769 0.101892520253234 -0.0139547081362025 -0.15870417727828
0.112151323428918 0.0523379946602411 -0.0766940514026925 -0.0831473689304722
0.117497743758749 0.020862613435908 -0.0655513230703873 -0.0248006133542651
0.116662656413596 0.0252110542759911 -0.063532558578482 0.00922234364169589
0.0869666921058285 0.076054706931266 -0.0790413272759389 0.0184910871316138
0.0498019533684047 0.113111950499071 -0.109803701143873 0.0168257698898444
-0.046795009284388 0.167180474966608 -0.118152966300677 -0.0408313576058252
-0.155616489541394 0.109773416961127 -0.0895336360799893 -0.108795761334329
-0.200246231189192 -0.0522168165570265 -0.0617369667677685 -0.0854788692084097
-0.186031247567335 -0.191487804318054 -0.0778418376102795 -0.0374244520608362
-0.134125022996917 -0.221732160870697 0.0979812643774046 0.0315002997522995
-0.194304282716998 -0.169027618827987 0.0240768915896112 0.154960344866456
-0.252299257996404 0.00124639862797705 0.171363977788108 0.177084267100299
-0.178679702202704 0.162857891757112 0.245803757976211 0.0269142069285626
-0.0108448575346072 0.180160447143753 0.137566539312742 -0.113161949625617
0.0707709053111385 0.129594511105984 0.0271386988309745 -0.120055890437436
0.129131261186762 0.0733120502936241 -0.0323434700501012 -0.0624559685284971
0.137985067225266 0.0307232671728896 -0.023236297451704 -0.0102549011032379
0.136532549787987 0.0294973898801588 -0.0207312212063366 0.0255446242211147
0.104095034992432 0.0812808694155709 -0.0400416652062611 0.0441590535039484
0.0610603138618943 0.124713432312069 -0.0846967388595714 0.0551884944048841
-0.0465301631789527 0.182857242771706 -0.113605189390587 0.00157039417150789
-0.166166641607664 0.117519768779796 -0.0968871432254298 -0.0756949687892527
-0.202794399021576 -0.056390834262444 -0.0524330379986456 -0.0633592559979634
-0.177232664346135 -0.20172299617709 -0.0424059412736407 0.0252647575759015
-0.0893247328028272 -0.215107619030835 0.110864476367959 0.121283355517022
-0.154988108003 -0.196683572582289 0.0268253980225237 0.201447686447633
-0.244683229064818 -0.0472302481952019 0.134145952793762 0.211867270643655
-0.201695941484035 0.132437235321789 0.21699575315714 0.0823683546143954
-0.0320871102406276 0.178990646651615 0.142057359918507 -0.0499251753076431
0.0611823646336273 0.13283374088202 0.0635801040428513 -0.0681106092562112
0.125388423937866 0.0795872893136615 0.0141821574398532 -0.0345234812397447
0.137978181319228 0.0365839743770607 0.0197877328095075 0.00581967323409967
0.137644790963438 0.0310877596722439 0.0237693838943895 0.0403937971821297
0.107132484899156 0.078749110065103 0.00031571349078054 0.0664365964184746
0.0605749817107444 0.122241884190237 -0.0561248642107089 0.0874901880742702
-0.0511959968155738 0.173761702464126 -0.103266816230502 0.03508319480488
-0.162087911605234 0.0996832919954122 -0.0973201480360149 -0.0481867401988238
-0.178233557137679 -0.06800243108802 -0.0363897812068297 -0.0493280929069193
-0.137822960202873 -0.193037298215581 -0.00776277213228611 0.0772146503964684
-0.0335779426696649 -0.16421691180649 0.109198947932678 0.191028030150753
-0.0893548422258778 -0.177380128975111 0.0239099171660058 0.228162436573262
-0.184466732554919 -0.0712492975108405 0.086315869478214 0.220539350963038
-0.176702862598343 0.0826605166531385 0.169264142285076 0.119819081381672
-0.0394810624852416 0.1419750151473 0.13233201826886 0.00896027015306945
0.0441780594392717 0.109136724734345 0.0893869688757376 -0.0167807010709653
0.102514238548378 0.070691034686366 0.0565525271776834 -0.00775222687993065
0.117622122141444 0.0350419096462671 0.0584058839395597 0.0205449502471048
0.119471411508641 0.0304878540087872 0.0630233159655939 0.0535902390252711
0.0946536883767859 0.0698891965770334 0.0354431915118373 0.0877828692510058
0.0489859896975814 0.109916729876855 -0.0337327269086737 0.115201608845613
-0.0580660929556087 0.145693077983032 -0.0954585596291176 0.0605665550199486
-0.146466912744709 0.0633523176793644 -0.0965525043276081 -0.0269855005749906
-0.133768194437528 -0.0822453624393929 -0.0231145749254969 -0.0375335220375033
-0.0762557722750052 -0.165743781747243 0.0174990401469071 0.120744131789634
0.0249024312761966 -0.0828325609126592 0.0992469361240839 0.225161740361037
-0.01737876632716 -0.118892710930502 0.0231600039988117 0.227941159146171
-0.09814248307905 -0.0657594683601311 0.047185819714516 0.210014582125386
-0.115280158852425 0.0340599091801161 0.12481448810032 0.136468884731526
-0.0308737458617656 0.0851129635036168 0.121453476656206 0.0487506839425719
0.0250903048848106 0.0670751733967242 0.105914485094271 0.0203790864719774
0.0640842540671348 0.0469475380309615 0.0881403241543133 0.0127091645611709
0.0798439761290097 0.0286872024584112 0.0870039322825028 0.0314190059277319
0.0836866580797147 0.0262560849269767 0.0946009111026869 0.0671076749068309
0.0699910914482225 0.0547543243106632 0.059620540307591 0.107974655947216
0.031324118933138 0.0862127715315782 -0.0232831609345011 0.139999221503903
-0.0596597288237059 0.102996165694631 -0.097976235163048 0.0793950191838971
-0.114326691169907 0.0216485872676053 -0.101661127619798 -0.0138406041273967
-0.0738996565754707 -0.0865411611931383 -0.0141367421281174 -0.0304582716395741
-0.00497161994177419 -0.118011652158112 0.0296516287438006 0.1518951904663
-0.0513301466554919 0.0442994649530162 -0.0935387965620062 -0.17708870055324
0.0264447331750619 0.0550796048239769 -0.0388115318201577 0.0318655589503136
0.0684541355515708 0.0106154469496305 0.127687423571914 0.0161266862013104
0.0354989133017947 -0.0512438559433191 0.127465834586276 -0.106161406539499
-0.0153469272748221 -0.0416089044948918 0.0136886407915153 -0.185533815978858
-0.0283483145028216 -0.0154844927505422 -0.107428196152903 -0.14459353479691
-0.0343899224558995 -0.0164737192907013 -0.137865947893518 -0.0682710329932178
-0.0286506054708603 -0.0167227533546732 -0.127420545951602 -0.0213002818510397
-0.0172953345929376 -0.0183012890432701 -0.127043369118992 -0.00475205607525009
0.00189490787467086 -0.0214366435652791 -0.140652793190018 -0.016365339526462
0.0226096439107019 -0.0223057797584346 -0.142623697318596 -0.0537633132660906
0.0471523967868914 0.0126858140158675 -0.121295568991009 -0.131302939750655
0.0243508271118984 0.0584455884993928 -0.0774041450535115 -0.192631149512702
-0.0486273928022256 0.0489300477308586 -0.048497506616132 -0.187482161617081
-0.0811287166591435 0.0114021640892135 -0.137839734222534 -0.196091297714138
-0.121425522124657 -0.0186301078445851 -0.0496913240333556 -0.180570183190038
-0.0581386927740194 0.0381592547359009 -0.02361982241988 0.0337934784624073
-0.00335079281226636 0.0551835140729136 0.153512087246578 0.0207325354294737
0.0172774005163014 0.0251440767981061 0.157919056050623 -0.118180991196005
0.0119627548208031 0.00915733865029862 0.0252518474777154 -0.20215152706268
0.0142085916611495 0.0126463859382452 -0.106815140957613 -0.160097793989013
0.0228764159663423 -0.00751092711708533 -0.143067386084379 -0.0703689839026691
0.026731441264647 -0.0132412320435085 -0.125301972006171 -0.0194841601551882
0.0348185713705824 -0.00472569675278031 -0.124200060807422 0.00219885169133024
0.0356017697895701 0.0203433452997115 -0.136264273373415 -0.00607335027223395
0.0280736055099728 0.0333977627647122 -0.142234190842542 -0.0351297223669927
0.00197921632819226 0.0722675890097478 -0.126373882053885 -0.108341874151159
-0.052360451578701 0.0721938707647464 -0.0875780564247087 -0.169751331590205
-0.119386120914241 0.00262027107661251 -0.0649852525308697 -0.149606054347733
-0.145590563656592 -0.0705595584119857 -0.132377717381802 -0.151270311853794
-0.17014744152125 -0.0884352802913398 0.00485083698617196 -0.151987080653724
-0.142735374650506 -0.00426859613894672 0.00132879924794639 0.0547508785788723
-0.0945285160534892 0.0840804409920183 0.183009748582729 0.0431643375771625
-0.0222919300470908 0.106849432578901 0.196729137643752 -0.113155095092465
0.0327859103452505 0.0729028851542682 0.0498264276118372 -0.205320449122214
0.0549710913699804 0.0499508501508498 -0.0863285550877329 -0.164882446069718
0.0771395438047865 0.00816442093707604 -0.127233433540951 -0.0683721957094567
0.0785157427594833 -0.00804340792296298 -0.105704340141907 -0.0162986214065797
0.0822748332299326 0.00236108691880431 -0.10149259727601 0.0117075945336838
0.0698362577169847 0.0476505342213195 -0.116329755789601 0.014459534283165
0.0455119286867393 0.076196515806506 -0.134125078723327 0.000393773822793026
-0.0161502167788786 0.129913298880609 -0.135688605735899 -0.067416409630196
-0.105114021970775 0.103591887278041 -0.106921715679879 -0.138712411933814
-0.177566639197476 -0.0144760403550982 -0.0742473437171019 -0.111088371086682
-0.19792891806307 -0.12643012296306 -0.110558114317171 -0.0878239899640537
-0.187073180255435 -0.151520640291668 0.0630019018519375 -0.0897343939021641
-0.205620400485959 -0.0662449167300799 0.0294140732266518 0.0932558619631127
-0.184935816934118 0.0845642567594692 0.201799607185582 0.0835147695425566
-0.0786871800773415 0.172054466231332 0.229941553026295 -0.0816942040096114
0.0376084799160452 0.136731578935559 0.0818096279585222 -0.1835623275431
0.0838212557460057 0.0876266544209827 -0.0465798102835819 -0.152561288473334
0.119195996457898 0.0269019508355848 -0.0923697660463023 -0.0595021657334213
0.118470787017409 -0.00206479728498413 -0.0706856652347094 -0.0116855200740315
0.118763024399763 0.00370059317244063 -0.064058038543347 0.0216610283746862
0.0995894420857623 0.0597377232568024 -0.0807195248546695 0.0368016826949295
0.0666926063721062 0.101301494410058 -0.112075246050322 0.0414150476371131
-0.0150046799995306 0.171195171745785 -0.135193933113862 -0.0205996025209388
-0.131222208211898 0.13394442128147 -0.120405151650997 -0.101498968111233
-0.210799703592566 -0.0145169378243083 -0.0698534747775105 -0.0807442887167075
-0.22603562127644 -0.156943658215533 -0.0703290086283601 -0.0218712595779194
-0.17065318149691 -0.191232874192128 0.112611702535386 -0.00227363748283121
-0.222489022424993 -0.128488213711202 0.0547307628125771 0.144081802591405
-0.243429893589179 0.0519455525392134 0.199056793394847 0.132515925152136
-0.136273409937226 0.195103282709634 0.240512564013019 -0.0278557544758808
0.0246780480530721 0.177211293568063 0.110750751116192 -0.135481952870619
0.0931662402108666 0.114393346766288 0.00126908891765978 -0.119873696616728
0.140482638997207 0.0436372644345019 -0.0452934335098125 -0.0449896363548583
0.140996691522895 0.00456103592633714 -0.0257116741312924 -0.0047179415819328
0.13928766675431 0.00329586885896444 -0.0179945981004049 0.029797236052759
0.117343761901799 0.0607841502954596 -0.0361117964411669 0.0552006552853983
0.0796200924764821 0.110667300283489 -0.0782114986475679 0.076196350624495
-0.012341169167321 0.188064015184639 -0.121351367251536 0.0219549475139439
-0.139273443947128 0.143809725602102 -0.121768728389661 -0.0667638021963872
-0.213434362140754 -0.0168323952697322 -0.0552789616938094 -0.060569360349363
-0.21915870156804 -0.168301420466459 -0.0224699572479326 0.0369434069699184
-0.126726085318594 -0.191997306416306 0.144606749596697 0.09191682643125
-0.189716274609251 -0.163946356361069 0.0687340925055739 0.193114167331722
-0.244996487518205 0.00328899654263527 0.17016618688671 0.174152105646097
-0.164256698229253 0.170229564551545 0.221758787846054 0.0322364832784996
0.00342753519170746 0.179174627004279 0.125651479832612 -0.071351814813697
0.0848255104926341 0.118436309879341 0.0477060640655142 -0.0740446978255911
0.138423065017322 0.0502235643524121 0.00598176556771545 -0.0258147463942842
0.141977295283827 0.00903441704727089 0.0202592233613305 0.00344812453278514
0.141205952546473 0.00464537023865894 0.0294987660773929 0.036239291643245
0.119602112059355 0.0582540613297645 0.00985082888344742 0.0698064546266949
0.0792645194394276 0.108518267673374 -0.0426536105374581 0.103111274018416
-0.0179104146723523 0.180721654674426 -0.103332947880224 0.0547500707012405
-0.139389182324562 0.126261081194159 -0.115494643178242 -0.038115166387298
-0.191262008981239 -0.0332272061294484 -0.0377184497097157 -0.0466098965191724
-0.177470106690825 -0.165054138472526 0.0211744679206374 0.0852549026553376
-0.0628715646680644 -0.152666353869691 0.156958561873138 0.169984580407084
-0.121583848253599 -0.156859430552884 0.0726102419426583 0.224147034099166
-0.19221112147594 -0.0323334287889787 0.127485591717831 0.196031381131043
-0.151111910155335 0.117451489134011 0.183958232899416 0.0799085591098352
-0.010089241499119 0.145385546679088 0.128479805299891 -0.0108130029580183
0.0638700703738317 0.0983915231469061 0.0841477343805848 -0.0283153073656797
0.114157378056845 0.0458824199168875 0.0527249245439973 -0.00789021820084967
0.122694208860273 0.0126454704779696 0.0625408791962658 0.0105679164518688
0.123450335477923 0.00741000684856469 0.0731436054144343 0.0426502544003494
0.106588959457061 0.0519567010229346 0.0503229050470997 0.0839558963240547
0.0662785877132347 0.0986040541148099 -0.0137160419904866 0.127735432077685
-0.0303177001205154 0.153883897051861 -0.0893997128075674 0.0794343335593086
-0.131204790562674 0.0884861720121035 -0.108741367173924 -0.0153356959954669
-0.149139436285218 -0.0553747179626527 -0.023401002870997 -0.0354406659421308
-0.109763539714907 -0.14900476976414 0.0512820050605618 0.126355265510206
0.00822098870499064 -0.0838534773841085 0.152003815687266 0.214793498608562
-0.0395559243110306 -0.112461743519279 0.0702963403866283 0.229687213180408
-0.107695411860068 -0.0438821145364342 0.087656695732339 0.198249467895579
-0.102291680762248 0.0571042053353088 0.146973659004815 0.109233832809019
-0.0125837786648255 0.0880108838353312 0.128057481474762 0.030204428782482
0.0368401789308352 0.0603122778098221 0.110764340488554 0.00354252920038777
0.0729114661335242 0.0318626539393693 0.0897085463865149 0.00292561811303893
0.0842050002770883 0.0122409164360512 0.0932512967081947 0.0167283452224379
0.087570692858761 0.00970003540565823 0.10768421559957 0.0501492805895771
0.0798460301680688 0.0418495287298786 0.0806278236661195 0.100309347101576
0.0445103975899243 0.079751026711434 0.00379733634014751 0.150296219575064
-0.0405247654578057 0.11174399971029 -0.0876871059684015 0.100017015370942
-0.107856404532386 0.0416645301676963 -0.109536607335906 0.00142322994290321
-0.0906268158380753 -0.0718297572050246 -0.0160371902664132 -0.0283110854403915
-0.0282530956825289 -0.114704789045261 0.0643394992975636 0.155721405305659
-0.0544429264154171 0.0479642181761408 -0.101096597825017 -0.184272421656427
0.0278750395239303 0.0580866971079998 -0.0399676109375665 0.0351058271794463
0.0724545547067536 0.0103017133609391 0.135043357522863 0.0141749120419355
0.0361505951132104 -0.0540832304861693 0.133003629776661 -0.113940263737682
-0.0159939120924509 -0.0434958741936402 0.0123416900676208 -0.194861196341599
-0.0287917727304933 -0.015282308201592 -0.1132765711172 -0.148528013665139
-0.0361799641950766 -0.0154014022317776 -0.145000562160548 -0.068871257754941
-0.0301164963891026 -0.0165910844330772 -0.133580535653782 -0.0200970468750415
-0.0180154211789359 -0.0185441377334594 -0.132329127120658 -0.00238744767347728
0.00209772035949435 -0.0221657602271386 -0.147950051088507 -0.0135081007309557
0.0230029917973385 -0.0235185364594028 -0.151049188490341 -0.0539194181008117
0.0492545795341599 0.0122355606440867 -0.130767589881257 -0.13623684685384
0.025777144968549 0.0592250493130052 -0.0834439751457309 -0.200338015671078
-0.0515082105312484 0.0520945095060499 -0.0506208492119022 -0.197113849168654
-0.08497621242204 0.0134731967646419 -0.146282692351132 -0.206327006012969
-0.127974435918744 -0.0159869757202393 -0.0553852776703812 -0.189384851122315
-0.0612400735492379 0.0410491700427657 -0.0237274473946658 0.0368470837900435
-0.00218658343718652 0.0589996297225871 0.162061373326799 0.0184454211668541
0.0190830647821746 0.0256327060575753 0.163709752370221 -0.12710967469101
0.01337642501426 0.00954153581073543 0.0238147878356272 -0.213275337510896
0.0160904329487754 0.0135079901125061 -0.11373120470369 -0.164651878369166
0.0235185912528285 -0.00788457911411966 -0.149370078652602 -0.0709599854100723
0.0274711365434026 -0.0143779148769153 -0.13122851049134 -0.0189851914961907
0.0362846128770037 -0.0058576649131305 -0.128808549894318 0.0039516867120577
0.0376674040785535 0.0207514334032454 -0.14293769306635 -0.00281403579902178
0.02971308143249 0.0347352881851517 -0.150369562280504 -0.0342608740471559
0.00421692104188234 0.0752014976141215 -0.135600634155959 -0.111935537476862
-0.0539787927926817 0.0753839609263627 -0.0945885210326825 -0.177115766857444
-0.126681284117133 0.00452385671681111 -0.0674782785649956 -0.157601530127815
-0.154392908048153 -0.0712453455534827 -0.139929600962522 -0.159123581440009
-0.179888378712129 -0.0891319080720216 0.00290390485149212 -0.160025111329379
-0.150094671262792 -0.00294176977362692 0.00148323005186188 0.0576247170789175
-0.096978838263997 0.0903183713793231 0.19369482344476 0.0413633504970298
-0.020282637089179 0.112825575494998 0.204535060449081 -0.122588649691187
0.0357202933228947 0.0764294695585714 0.0499974796340827 -0.216592050038456
0.0593750363647968 0.0513717562116053 -0.0923015336582509 -0.170340452331571
0.0802820173764533 0.00753728890617017 -0.132349619367479 -0.0694861273896409
0.0808135474382445 -0.0109219095633621 -0.110343963614492 -0.0158498773648144
0.0858902466756644 0.000400088557740003 -0.104980226239478 0.0139379017278217
0.074451738677042 0.0489368450994405 -0.120875918028657 0.018092660172906
0.0486340046509784 0.079435402662337 -0.140955099139042 0.00418956162715022
-0.0130926829386346 0.13651987598991 -0.145412980338048 -0.0701904759431961
-0.108277057984307 0.109639439611822 -0.115039210991702 -0.144065790762947
-0.187491150472054 -0.0129267230926005 -0.0771097028584574 -0.118130059585359
-0.210542355955947 -0.129158562023632 -0.11551085547245 -0.0923719614440459
-0.198789028044849 -0.15623344481412 0.0647198764935905 -0.0956073389028174
-0.217019914466094 -0.0665997466242345 0.0322467387333591 0.0984711008665128
-0.192082771006232 0.0926141393169827 0.214132447278275 0.0836382547746296
-0.0788431303173519 0.182115928463839 0.23995384032064 -0.0898742127809837
0.0420924909128612 0.142633230177093 0.0843177978590376 -0.194513836489079
0.0902344674548245 0.0904719809430784 -0.051913988217052 -0.158706404490303
0.124912282468801 0.0262241442060575 -0.0961680379738747 -0.0613434999657201
0.122816239994106 -0.00588418747529408 -0.0736813334032276 -0.0108018919651315
0.12388394705104 0.000956636866209883 -0.0659609370789043 0.0235461444842506
0.105802714427918 0.0606093827105283 -0.0840570149614526 0.0407373197027993
0.0707946528094826 0.10490960297013 -0.116781335050601 0.0458329659938151
-0.011701007384877 0.179914193732475 -0.144704950366811 -0.0195866679150753
-0.135321955768995 0.142226988388223 -0.129432249114983 -0.105173981784752
-0.221793583187343 -0.0122716211128069 -0.0729836636779583 -0.0855155093475463
-0.239105773030671 -0.1601008542762 -0.0723864122811208 -0.0240024005827956
-0.182918738864438 -0.198000961966517 0.118021635130856 -0.00372874405914606
-0.237244133849003 -0.131770379464685 0.0587337376806852 0.150548695848993
-0.254722772754873 0.0586208513817442 0.211345911683083 0.135970418807897
-0.138960694964971 0.207845817897577 0.25183289566248 -0.0340193868366083
0.0279371551230299 0.18576018307344 0.115475465094062 -0.144564202519999
0.0998794920495021 0.117824680639004 -0.00092321984169146 -0.126194499968812
0.147350441517997 0.0419209824034583 -0.046469042703675 -0.046384344183268
0.146419327359958 3.48885408380026E-05 -0.0270727561754292 -0.00409956711038035
0.145508381516548 -0.000170097458470083 -0.0176967902057566 0.0316043135945924
0.123835325997382 0.0618181908542191 -0.0366006633859014 0.0598356943964938
0.0854483358630032 0.113989637121516 -0.0805868742264462 0.081912652568849
-0.00805130835287671 0.196983283025308 -0.129034266413237 0.0249608584094336
-0.143354759346304 0.152465852775576 -0.131161352702893 -0.0674440152570655
-0.224573613498282 -0.0151125852244954 -0.0587583754057654 -0.0638558489617065
-0.232175189945314 -0.171593713067911 -0.0211191372182202 0.0374414759808039
-0.13607690006693 -0.199636121790567 0.152835761895298 0.0949791390038708
-0.202682080302359 -0.16926472292851 0.0744763547056184 0.20195962177903
-0.257452999216585 0.00820377596696877 0.181951428775566 0.180101119647543
-0.169275892701088 0.181765022189318 0.232098216497992 0.0293216312467203
0.00653791476515467 0.188351885629478 0.131179906809681 -0.0774038549181724
0.0912199832606193 0.122858190260215 0.0478870316313966 -0.0787094750106148
0.145600190066625 0.0493882890459839 0.00690608391051712 -0.0275021823300237
0.148182718326814 0.00530728862742265 0.0211127060335441 0.00323118492723234
0.147113267999551 0.00156108814006868 0.03160631862727 0.0375182245706877
0.125645881691891 0.0584282948554377 0.0115017008492438 0.0741326113620911
0.0844928337197562 0.112503041707556 -0.0427240076925859 0.109560715203826
-0.0144296986706598 0.189021317956594 -0.109027195745232 0.0594205595279953
-0.143297918235686 0.134175108143342 -0.123769138764669 -0.0373868279998862
-0.200873474412918 -0.0321706703015699 -0.0408468423506227 -0.0495669003455018
-0.187885794018919 -0.16968165558614 0.024332899436245 0.0883494151587582
-0.0690146852191834 -0.160020859527827 0.166903712890882 0.178039227356953
-0.130210958955015 -0.162916061695516 0.0774887410123584 0.234379529291877
-0.202428537235134 -0.0305286038462204 0.13589852235278 0.204726804799154
-0.15592177399567 0.126301636122385 0.193086092952939 0.0812215120904428
-0.00811154457273127 0.152200476268833 0.134386629703467 -0.0138809882189106
0.0684610755267101 0.102395586248681 0.0874839560251657 -0.0314214067550185
0.119502089025882 0.0445335484746789 0.0564223013912038 -0.0093577429985161
0.128077830225066 0.00888669182418444 0.0657030543204071 0.0109159140626642
0.128179084687891 0.00504226727381075 0.0768092296489286 0.0435865772115124
0.112019749072317 0.0522942506560133 0.053788203447787 0.0878051277587443
0.0709459080990836 0.10212487830387 -0.0122716060237386 0.13388971028438
-0.0277963976588689 0.161632368206034 -0.0940419375960855 0.0853776388865702
-0.134899664478103 0.0951315673201392 -0.116903050032121 -0.0144212146697004
-0.15685236755794 -0.0566096944505992 -0.0263047005788547 -0.0385070401803601
-0.117191069470295 -0.153559309725703 0.0564609377853136 0.130881613879777
0.00679771954793339 -0.0881188413193781 0.161161855028027 0.225269958320126
-0.0440841017289942 -0.117026128909045 0.0757004775739653 0.239926232557405
-0.113493944387236 -0.0443127468229726 0.0940555380204533 0.207877118720489
-0.105620632496338 0.0616725447235185 0.154178458771893 0.113040566415463
-0.0120341415112745 0.0920304215853661 0.134776634786893 0.0299107330186148
0.0397532645244244 0.0628986887999848 0.115009166216529 0.00213428935807772
0.0759961563906896 0.0315622945518208 0.0934786104361727 0.00156885417316414
0.0880564813850473 0.0100305614008871 0.0982996701195634 0.0166778555327048
0.0910392729386666 0.00801094734038966 0.112542411030988 0.0506284999267943
0.0837584551271548 0.0419036372393794 0.0847276181178688 0.103951457605382
0.0485251608387423 0.0822708441401884 0.00579192443177614 0.157902498621731
-0.0393581583056026 0.117525036358267 -0.0915468143584028 0.106722183005245
-0.111149509428257 0.0448160395380421 -0.117223366247564 0.00306122759768359
-0.0957317993185264 -0.0742352505820895 -0.0181493698457529 -0.0306461963398397
-0.0314738765602551 -0.118895052408118 0.0702345399951392 0.162098102356365
-0.0550781201000784 0.0551041002009254 -0.115485146179576 -0.189734423085442
0.030803091501248 0.0598689805802036 -0.0404521220990742 0.0399337855942647
0.0773014917744228 0.00690813077562579 0.142827874888337 0.00735451764021334
0.0355520506644182 -0.0585307718788715 0.134715532062555 -0.126338174847179
-0.0184896769174185 -0.0448381824350644 0.00429773322859929 -0.205854374935696
-0.0303686372781473 -0.0141849339866243 -0.125405920224052 -0.150102409525998
-0.0380371643935303 -0.0133081423821937 -0.155225816636009 -0.0647111427990817
-0.0328473204701963 -0.0150620485737675 -0.141432528695962 -0.0141832077713267
-0.0194603776664787 -0.0179524351118542 -0.138982655838231 0.00365053191242844
0.00114593482191682 -0.0231629651014653 -0.155718640747687 -0.00592754428794135
0.0217147613834805 -0.0257323015241948 -0.162005752594095 -0.0492400510363084
0.0520105495510169 0.0100998437559393 -0.146177544611573 -0.136719091862156
0.02920250182506 0.0596275937699201 -0.0964142361138847 -0.206344804610452
-0.0532138351612748 0.0573163862495784 -0.0586407678147889 -0.207094650645134
-0.0891389530643661 0.0186432786446612 -0.162671618596075 -0.212757658880374
-0.135693012946089 -0.00927105541357234 -0.0675382374369631 -0.197615145059596
-0.062548188073063 0.0467143499551987 -0.023255843287394 0.0407709484603541
0.00211824471532126 0.062195106035704 0.170857866175001 0.0108524287653061
0.021788988415741 0.0262147670304417 0.166140726084895 -0.142357311689957
0.0155528265147959 0.00926566619411712 0.0157620879183621 -0.226143231546238
0.0184922240974567 0.0132488936444465 -0.127170478575239 -0.166803361573147
0.0240891843648487 -0.00869922106226964 -0.159703689016042 -0.0666421881850568
0.0273164531989273 -0.0170303613770065 -0.138486577010364 -0.012991821195112
0.0375827182706416 -0.0073741502755698 -0.134110773895972 0.0102899534954101
0.0415631350267226 0.0205228020559423 -0.149562608538884 0.00449597060372957
0.032257424128572 0.0352071193461037 -0.159597108429819 -0.0283285274787974
0.00844169790103476 0.0784385034636318 -0.150906262740399 -0.111227693305265
-0.0531727267839447 0.0809775693020942 -0.108062102832531 -0.182330970653155
-0.133721574958303 0.0105183961290293 -0.0755467290376829 -0.164925857518091
-0.165752969419567 -0.0664208605049443 -0.153130770490611 -0.162565316416714
-0.193389276231346 -0.0843803030226697 -0.00428280396959597 -0.169756893408424
-0.158092907833725 0.00501695507172618 0.00367380495018883 0.0616452057900688
-0.0965153408875395 0.1005028271071 0.205497966636951 0.0332240195342735
-0.0154049062230991 0.120087224351753 0.209722199030983 -0.139027796926767
0.042145717857531 0.0785917419627452 0.0427803210384377 -0.231380152875985
0.0658304570077168 0.05049260415436 -0.105641619812863 -0.174217149280544
0.0844270513965783 0.00374839340587842 -0.141540507888577 -0.0664828456299473
0.0835987802819254 -0.0161476266252148 -0.11606570701802 -0.0112636278856609
0.0899709119128948 -0.00462352197285507 -0.108720118518736 0.0198642088094999
0.0811452112945432 0.0477066512576041 -0.125758195166743 0.0265989720975069
0.054854110118712 0.0812005939232287 -0.148376198513827 0.0117881226081536
-0.00598403743140899 0.143582429049012 -0.158567964441314 -0.0663892270027635
-0.109028936838268 0.120086895025449 -0.128603238617342 -0.146394170064376
-0.198686202249701 -0.00472751805023736 -0.0848841933847201 -0.122548354217362
-0.227421966428144 -0.124415303251276 -0.124586615826359 -0.0944744900311799
-0.217240303450629 -0.153953905064861 0.0637075332090501 -0.103620529838655
-0.231503283025123 -0.0605829522074198 0.0370555653546845 0.10214853283786
-0.196938881318097 0.107165574902313 0.229379167171797 0.0773907313650699
-0.0727431363867561 0.196263703604678 0.247910301782419 -0.107194079130326
0.0517898370147733 0.147880722775572 0.0803222049510858 -0.209450784766975
0.0998197291080102 0.0899450190718506 -0.0625554803916509 -0.164277867133244
0.131730538136942 0.0210326290000619 -0.10258183025846 -0.0600873991590238
0.127831342010824 -0.0136628263125748 -0.0776471516979866 -0.00833512535595044
0.129877978174078 -0.0062019250068756 -0.0677603346093481 0.0281754604187431
0.114473047703063 0.0584192989146308 -0.0857659479436094 0.0484519062567006
0.080254528827389 0.107050154640237 -0.120921357683128 0.0549098726779409
-0.00116362018813778 0.190213111648865 -0.15485417681943 -0.0134730369543329
-0.135166656122342 0.155812488465078 -0.142489135680715 -0.104169589147984
-0.234081126430978 -0.00252118683432101 -0.0799552354846661 -0.0889876696517203
-0.25953872512649 -0.156375379453811 -0.0766027269609859 -0.0237455478562616
-0.202147179135804 -0.199055178648935 0.123482991309999 -0.00950163601529916
-0.25605962207067 -0.126690877509929 0.0679755159951794 0.155672615755577
-0.263847762618482 0.0747992347106249 0.228126038734218 0.132460412509501
-0.134167511160423 0.225613644148054 0.262391691881894 -0.048038392271463
0.039881755755086 0.193711031834756 0.113925004603915 -0.157903936112668
0.111870017880245 0.118498299131454 -0.00809942131917923 -0.13198380309619
0.155875059908975 0.0366438892025017 -0.0496910270843211 -0.0469580147330573
0.152260364944101 -0.00904105877523692 -0.0280759206422808 -0.00295443676737561
0.151950295687024 -0.00828620708032377 -0.0167212750256861 0.0335363544732803
0.133079421684255 0.0588572786682878 -0.0360062107371914 0.0650503316012255
0.095389109418098 0.11607698280942 -0.0817638764794947 0.0908414394134882
0.00309469941395305 0.207774202539067 -0.136327873712238 0.0330793490325928
-0.142736428938843 0.16744623005923 -0.143054498573905 -0.0648862665893985
-0.236519796768815 -0.00574149235123485 -0.0647124426348056 -0.0664202409192777
-0.252393418935624 -0.167997036810949 -0.0200110142460234 0.0385174998221436
-0.152144429458999 -0.202955148528698 0.164755290441699 0.0934337015572383
-0.2220660883104 -0.168966253908905 0.0864221129434742 0.208593096572857
-0.269516589600468 0.021493713139695 0.198798253849261 0.180466806140642
-0.168225279048469 0.200458169384398 0.244855595058759 0.0202763343598782
0.0169537661311335 0.197609627898856 0.135010055762302 -0.0876323338471131
0.101510262336078 0.124699483841319 0.0454034428085317 -0.0849305082256002
0.153741539602641 0.0442001624370862 0.0072620738836909 -0.0295669818520312
0.154756192316831 -0.00364584213716629 0.0232144189951543 0.0023065611315574
0.153199985495569 -0.00713593031197562 0.0356331906036548 0.0377152723988934
0.134962555532304 0.0547692283221996 0.0153415820493067 0.0779682704427196
0.0947690719135164 0.113925604195671 -0.0399982334710154 0.118201105926303
-0.00445887441006608 0.198738218665668 -0.113951718457689 0.0678725328635373
-0.142491843807332 0.148030163110311 -0.134711582126921 -0.0339376619799611
-0.21266167944005 -0.0245312896497168 -0.0459089984395612 -0.0520973659129852
-0.206446412806455 -0.167866685169763 0.0313038578163469 0.0903703731720992
-0.0810107859723778 -0.164079480264481 0.182497168923301 0.179745034683473
-0.145540085308258 -0.164699605972096 0.0918717311696629 0.242607441767468
-0.214404635632228 -0.0208739013846209 0.152897074997922 0.208979304616142
-0.157769165162303 0.140696543231701 0.206085152811022 0.0767331084055137
-0.00134608869235244 0.16104441707936 0.141623686760479 -0.020731129301969
0.0768026626566202 0.1040501227646 0.0891235600331883 -0.0369413034470283
0.127231986589123 0.0406861927975509 0.0594741320953095 -0.0130584481402605
0.133612413245679 0.000963211216312375 0.0691982467596338 0.00839809817710702
0.133808276943467 -0.00277495461704565 0.0824622628844337 0.0421784187127371
0.120162939908306 0.0486663883244267 0.0594904794125217 0.0903336433021014
0.0795823620445321 0.104024597694075 -0.00617481571580764 0.142218046077646
-0.0194157254800057 0.170677556748568 -0.0968288664502497 0.0943361703415732
-0.136074295869426 0.105906273347507 -0.125824600608291 -0.00867646016573689
-0.166731479735263 -0.052340842822418 -0.0308985860668777 -0.0403173812327032
-0.131033477387526 -0.155132286507345 0.066542173256944 0.134542981087294
0.00220511711285933 -0.0924619785475631 0.179427080770906 0.230680838060483
-0.0529981743267506 -0.119943674094449 0.090225635492018 0.249166266612126
-0.121868577383747 -0.0401710998133075 0.1079000705469 0.215252221521475
-0.108324439626044 0.0702731651346858 0.16680343227297 0.112627107050433
-0.00806841893742988 0.0974201139222522 0.14354626263814 0.0255958610974879
0.0441331603478812 0.0644161639474592 0.120397012194952 -0.0033573862973736
0.0811172196820842 0.0293344751443518 0.0991420092769777 -0.00236041722059816
0.0928085637200977 0.00469233005123744 0.103782949240087 0.0132929590385424
0.0958014986297886 0.00223230879006583 0.119979166589768 0.047958015905715
0.0903877786753558 0.0386859685018668 0.0928467702628401 0.105176533734079
0.0545512861133724 0.083452714672419 0.0142237467946452 0.166123587900011
-0.0338336985762476 0.1250178012217 -0.0923440216744838 0.116617788885843
-0.113662032570612 0.0527046036030709 -0.124835846734232 0.0090271558019032
-0.103072342623007 -0.0741157229928207 -0.0222612673076883 -0.0320585609511007
-0.038893121499707 -0.123383769119931 0.0823574449042244 0.166929291154996
-0.0522945369422333 0.0615794529709975 -0.132050646324515 -0.186461651127916
0.035754007864599 0.0596992693663612 -0.0387569659608592 0.0444362670626022
0.080102040996702 0.000689527344535801 0.145968202138905 -0.00241804017630873
0.0316188834526528 -0.0627099099669979 0.130128499692386 -0.138952826600032
-0.0223063117787606 -0.0449854486706865 -0.00908326818729396 -0.210548472523995
-0.0309854046086903 -0.0123623075637862 -0.138703810994731 -0.144034661958897
-0.0388469336516209 -0.0104305820541696 -0.163417228333276 -0.0544861839445203
-0.0343147694116723 -0.0124456701330066 -0.145476071021362 -0.00353804862303184
-0.0206058509417319 -0.0170986973746703 -0.140956364415914 0.0140941895910386
-0.000401441637162401 -0.0239622238348143 -0.159019555344871 0.00631875102191162
0.0200566508239304 -0.0276360695896466 -0.169834769451825 -0.0387466351432479
0.0538068280680338 0.00573937860342031 -0.160921378939801 -0.128890764365272
0.0339993913502331 0.0578570768279725 -0.112969587289727 -0.204866754582931
-0.0511229781763078 0.0632060743986805 -0.0719061446154716 -0.209779170273297
-0.0890583722630398 0.026008846725584 -0.181145331476875 -0.207878722617914
-0.139451016743325 0.0019030560950686 -0.0832338474893425 -0.198133492448551
-0.0608383315794148 0.052243525801413 -0.0218537117971397 0.0438355391226516
0.00716989163757419 0.0630243258244785 0.175905790321532 -0.00147322187898658
0.0245562849207102 0.0255552589701869 0.160915617224838 -0.158015169160843
0.0163086468505131 0.00848380811832612 -0.000396519773315744 -0.233117729581704
0.020938030075961 0.0126296084550298 -0.140989789459755 -0.161351330379502
0.0247997551465194 -0.0101226822738469 -0.166973185692705 -0.057011689848424
0.0259578503556991 -0.0192607949343873 -0.142523996091341 -0.00338489894692118
0.0378592246933506 -0.0109898206930403 -0.1355175658385 0.0204632866143171
0.044273310831834 0.0174485399984194 -0.15199674498552 0.0163754948430566
0.0354898271558931 0.0339939818454366 -0.166427987941235 -0.0165178361723243
0.0149992155838824 0.079296445625591 -0.16410967478235 -0.102986393994047
-0.0494288445067686 0.0858472601888818 -0.123778565343543 -0.178300257079538
-0.137193846824804 0.0208332263979799 -0.0860151955430171 -0.165621028495107
-0.174461801224983 -0.0547979207457165 -0.168114727066117 -0.158117968153268
-0.204000161053491 -0.071127411365173 -0.0166944239469253 -0.174340894886419
-0.161828233146393 0.0164114456131084 0.00742755587713177 0.0638300732168459
-0.0899975384019507 0.110272295186814 0.211856259495653 0.0190124002610448
-0.005653309518566 0.124467395130788 0.204021291521743 -0.158554401166051
0.0494403617859969 0.0772159385892765 0.0269904732628883 -0.240412742999815
0.0717991516945389 0.0469633146578314 -0.120273495380086 -0.169702293401583
0.0865077163218661 -0.00190433627821503 -0.14806067616697 -0.0580044356844984
0.0832854902721199 -0.0229691289794146 -0.118982444956462 -0.00328078363182529
0.0915976192662905 -0.0118583921332308 -0.108320691421432 0.0279987388029334
0.087759067403783 0.0425610576148537 -0.126582649104752 0.0373622973209329
0.0614977745598018 0.0790384065242483 -0.150953212461169 0.023036865473282
0.00564840638180234 0.147006918820808 -0.169655440246871 -0.056253179195907
-0.102794763714918 0.130532434842635 -0.142868195406277 -0.140167409790014
-0.204001001754396 0.00981640881579347 -0.0939185800059535 -0.12231030013445
-0.241178807152093 -0.109774462888113 -0.133308803228204 -0.0898783800453012
-0.232814894363965 -0.141227144261806 0.0569617683665211 -0.111731275198933
-0.241373741753155 -0.0446955438730415 0.0438748993201253 0.101532216265196
-0.19197557770785 0.125203080144644 0.239440528288123 0.0616851995434431
-0.0593957001726205 0.206861524796747 0.245521189028893 -0.128026193775386
0.0645218453322827 0.147753481209644 0.0666058959640159 -0.221618717812389
0.108936552522334 0.0848857962224624 -0.0764129465859381 -0.162018242079074
0.135273740831824 0.0115915469081007 -0.107452802408904 -0.0544882718057513
0.127764416281821 -0.0244566627872992 -0.0797505900812584 -0.00284134427719331
0.130899177729519 -0.016931688215706 -0.0660782778603797 0.0335813851154666
0.121976363840097 0.051671775309452 -0.0837709313275834 0.0564572268893162
0.0898449779138272 0.10355940318025 -0.119147130432249 0.0655525619412077
0.0146055772116501 0.193474251029849 -0.161951492548175 -0.00223153219967186
-0.126452346423838 0.169587064059333 -0.154353570791496 -0.0960952622359133
-0.239251656121576 0.0142781072299809 -0.0875728924925567 -0.0878010424099929
-0.276575884761006 -0.138782733804194 -0.0783896825505023 -0.021205225779122
-0.220854338308834 -0.188865228532578 0.125312492567457 -0.0190760198354812
-0.270643331851608 -0.1117388095149 0.0785343775747431 0.154727419131028
-0.26379179898828 0.0971926845446399 0.242251492239274 0.118118800844509
-0.119527295509651 0.24079448308733 0.264778199734946 -0.0679951086275393
0.0558322780805159 0.195687922536443 0.106116652066867 -0.170364815969856
0.123543290146591 0.113349302577919 -0.0187209910471086 -0.133601675258156
0.161473698347465 0.0260972701005292 -0.0531628262399794 -0.0451203471160195
0.153179402903144 -0.022035320270899 -0.0283774613457872 -0.000780092605030105
0.153713634605997 -0.0206160378911142 -0.0146291062531151 0.0352405555674381
0.140625188932723 0.0500581238900688 -0.0315737042983466 0.069702322083243
0.106043386282476 0.111322470097268 -0.076319950026627 0.0996185821610171
0.0202735201328783 0.211499129111659 -0.139690082416577 0.044652930318555
-0.133403036841042 0.181855670795506 -0.152383574608045 -0.0553937348289884
-0.242813832316491 0.0112945040508304 -0.0708435009115436 -0.0650341093474921
-0.269449302166484 -0.151513061044052 -0.0163436300187295 0.0389224983408422
-0.171285630295962 -0.196426651454596 0.17457936028433 0.0842754436286145
-0.239618224948396 -0.156527245566058 0.101430617669946 0.206198627955918
-0.274001894991342 0.0438466280194883 0.215868274916004 0.170394913149208
-0.156732608711896 0.217331996262122 0.251272638512242 0.00380287885132311
0.0326683744921419 0.201351867348413 0.131722917476567 -0.0999073071032836
0.113407440209248 0.119978826395459 0.0397362324608052 -0.0898458274219341
0.159824667987386 0.0338246192875046 0.00617491870870845 -0.0315479087514679
0.155462605420806 -0.0162093473665873 0.0243904792065791 0.00102870441649297
0.155111840911126 -0.0196920442707474 0.0388321204622293 0.0352740410243405
0.141594235675217 0.0460451736690772 0.0208529042092649 0.0792541246483418
0.105150577428989 0.109137039123129 -0.0324651266670328 0.124637252215861
0.0120053524586074 0.203453599255456 -0.114517420545956 0.0792756605585084
-0.134265434574188 0.161482805018018 -0.142524738241804 -0.0238375730845331
-0.218668019043887 -0.0100124941001437 -0.051773665816406 -0.051264349374231
-0.222345568167491 -0.155329495591696 0.039876989258541 0.0891600825958401
-0.0946455507319274 -0.161546130902622 0.199230353887238 0.172426637238668
-0.161929099240236 -0.157668663165938 0.109429667450117 0.240743153205636
-0.219573693709064 -0.00465689460655607 0.169617540074669 0.202810368705637
-0.150610292475608 0.156119593925112 0.214345804889321 0.064662207054669
0.010356932781171 0.164612081793853 0.143744951658858 -0.0309696138860947
0.0855064241060653 0.101669274696254 0.0882015050079119 -0.0437493799286594
0.1317628052544 0.032420823949852 0.0605199906948836 -0.0179725743938265
0.13472607021244 -0.00996277554171176 0.0718318813157662 0.00400318572258823
0.136399380462164 -0.0133558108985381 0.0865992069525795 0.0374140836581444
0.12549966016723 0.0404212828108516 0.0672805020607962 0.0885495721603343
0.0891161602493839 0.0999487435779805 0.0037535081082808 0.145984092061486
-0.00606737622432812 0.175323810932317 -0.0939620027373954 0.104962853842529
-0.130285094748827 0.117871039224469 -0.131613657984313 0.000515795459250965
-0.174069695563817 -0.0423864954854812 -0.0355302286519186 -0.0398757503633837
-0.144219206476703 -0.147608968354102 0.0788617021941234 0.131474511029604
-0.00502271382514607 -0.0934676268901056 0.199509727094812 0.225329531797673
-0.0628679575646065 -0.117995084500604 0.107670223137184 0.247479828348943
-0.126940602401353 -0.0309767093663096 0.125104076660439 0.213280683426637
-0.105142536413857 0.0810422333950236 0.177834067095509 0.104369351132908
-0.00193494755040048 0.100570077820152 0.14881018206063 0.0160169398034733
0.0492801110166202 0.0627686469945534 0.122763453256448 -0.0124853821050595
0.0838972851452807 0.0232734164118249 0.10138842876915 -0.0097351243004846
0.0936134486799877 -0.00338867133269224 0.107144910608369 0.00686146214535045
0.0981192574949507 -0.00555238329208272 0.125541956948108 0.0397359202666931
0.0940392835023086 0.0322704438700847 0.101918344967895 0.102191115362184
0.0620633380480019 0.0807922079538458 0.0262054171831521 0.169481734059627
-0.0238925298898132 0.12991106160076 -0.0879961916943627 0.126371661510677
-0.111226937770063 0.0613076495829737 -0.129327647462025 0.0188054014786694
-0.110608320490306 -0.0686502686996636 -0.026855076846221 -0.031811501156006
-0.0488206332995201 -0.122288838511916 0.0976844041740502 0.163971842507097
-0.0472117539665305 0.0657536098128114 -0.142546387614625 -0.175303966758925
0.0381588550080106 0.0577995790177709 -0.0357173399873297 0.0470334217288169
0.0790273156420994 -0.0048105292938533 0.143550305498251 -0.0113659525967618
0.0272203526011715 -0.0639439899208416 0.120306612858788 -0.145964537232017
-0.0245711228311102 -0.0425568466980749 -0.0218811537379176 -0.207580901841991
-0.0301804263204253 -0.0102768973923196 -0.144570896981808 -0.133250719661839
-0.0380031371118773 -0.00681454154658146 -0.16351088596823 -0.0431084347533567
-0.0344240954016877 -0.00910223814514591 -0.142707148065992 0.0049736612213462
-0.0214676631525562 -0.0151435676091491 -0.137363289217918 0.0225592469900205
-0.00185350284117742 -0.023174374847063 -0.155732545523383 0.0166438698068776
0.0175475055455363 -0.0279982375290504 -0.169366243115286 -0.0270192606372823
0.0529795365333676 0.00207676649534002 -0.166205612335421 -0.116248212086095
0.0356706879168623 0.0540378403771095 -0.123026595085445 -0.194009793361128
-0.0472567008714859 0.0661502944385429 -0.0805031927533968 -0.204456400863569
-0.0855705943854904 0.0317867291294291 -0.191071149226193 -0.19514935029863
-0.136065558770066 0.0117117912223628 -0.0953397291894961 -0.191056516153947
-0.0568398042195875 0.0557855292037076 -0.0196780048667143 0.0455719144969152
0.0118416992952282 0.0611334754921453 0.172017475814258 -0.0121034192349934
0.025889603851147 0.0243643574557592 0.148878686574693 -0.165479424674525
0.0168378876409446 0.00737517505552894 -0.0141764909696817 -0.22926669968812
0.0225606947154022 0.0104790394091734 -0.149096044727225 -0.148126479292157
0.0240234317248753 -0.0112569353757267 -0.167211806576826 -0.0455168680023614
0.0234183124524513 -0.0202703053483192 -0.139526601735397 0.00544329992043599
0.0365619929178297 -0.0136827990770969 -0.130657297210952 0.0289818622521848
0.0451080193533483 0.0143498788062344 -0.147327944105964 0.0263653817294222
0.0365942394668141 0.0315252276082639 -0.164124468466992 -0.00588167260355537
0.0199464511270955 0.0765299389919475 -0.168938764054692 -0.0895546113619452
-0.0437289923664443 0.0869420214370135 -0.13195399043316 -0.167919424566758
-0.134183230262994 0.029299966241281 -0.0924077243280782 -0.160621655708348
-0.1739933167504 -0.0420500836802378 -0.17482310861548 -0.147746161136157
-0.204195819717875 -0.0558412435631541 -0.0281594358340891 -0.17155862131585
-0.158258768871518 0.026320787439898 0.0100703664481447 0.0620287246468148
-0.080651602373629 0.114243423486995 0.208904234922948 0.00505696521781893
0.00309951835305513 0.123107487912634 0.191382007364742 -0.169162635474117
0.0538987064526985 0.0730497522630103 0.0118801581794692 -0.238435003970322
0.0743679960613955 0.0416371921247049 -0.128573014424569 -0.158429867408504
0.0848162502771433 -0.00743672213429741 -0.148272626380137 -0.048438108428949
0.0789920225752035 -0.0286915623141863 -0.116814921264409 0.00375170520334436
0.0883495260312232 -0.0178482173834087 -0.104342874126067 0.0348217334237372
0.0891710728221626 0.0365591699777481 -0.121065608703826 0.0451381874113613
0.0659473607128749 0.0740508706119798 -0.146856224698556 0.0328226899035599
0.0160207963031504 0.143906641963176 -0.171840706093272 -0.0437909453231417
-0.0929856656823773 0.134837345950215 -0.149325574558162 -0.129107429175749
-0.20020781165512 0.0225631884959773 -0.0984878445196944 -0.116625417856196
-0.243053174507699 -0.0910188563823212 -0.135547662182192 -0.0825794929998272
-0.237776171524329 -0.122897916006873 0.0486883415062339 -0.115020067661871
-0.240552903562206 -0.0290420291391358 0.0477760562916452 0.0985182752171209
-0.180096189488317 0.13535036670204 0.23770690527724 0.0457211764009049
-0.0439528744326193 0.207534064023583 0.232248266762092 -0.141368528325271
0.0732530570751673 0.140938625351245 0.0516456477348846 -0.222546087372893
0.113373948727966 0.076685749207221 -0.0853932056248955 -0.153413645526396
0.133737196091571 0.00308939581338757 -0.108186053638789 -0.0473057884548776
0.12193727920084 -0.0328791320223194 -0.0773469395191498 0.00245170591657899
0.126466655323497 -0.0260681570495858 -0.0620107690314893 0.036959107680074
0.123235698337514 0.0429577039337612 -0.0777462696345913 0.0616153947913273
0.0952526953349043 0.0964450817940363 -0.113265099476717 0.072879797956161
0.0281771889693583 0.189031172300391 -0.162232870202876 0.00966559248077758
-0.113765515502066 0.174500902095928 -0.158911562794211 -0.0852006844828311
-0.234796476743524 0.0288699080594147 -0.0912484110032298 -0.0830243422229265
-0.279638701533654 -0.117404773895372 -0.0773617352899843 -0.0187931942023965
-0.22854923660773 -0.17098300531679 0.121498302592689 -0.02766167554616
-0.27425988220905 -0.0936404202372214 0.0850749203962003 0.146949977207951
-0.252086275191972 0.113855664763179 0.243625031856873 0.101086300031381
-0.101763826032805 0.245437306935348 0.255212459763978 -0.0826037869642827
0.0676446622052125 0.189450438469177 0.0930305384437657 -0.174401170246481
0.128903702788523 0.103959773934737 -0.0269059432789513 -0.129780344178026
0.159913536457774 0.0151611821477612 -0.0541425202508099 -0.041975504628248
0.147289736912429 -0.0323139287364362 -0.0282832934731647 0.000339172199881425
0.148324471674807 -0.0313002734766881 -0.0118189375088272 0.0360031528159127
0.142104095027059 0.0405058289706242 -0.0265043691051243 0.0712670820886464
0.111105051426678 0.103031908429229 -0.0689825397640489 0.103705619823657
0.0348742661196194 0.205856074228073 -0.137181395644284 0.054444679876855
-0.118755890797893 0.187357042582069 -0.155293481773551 -0.0445459941749515
-0.238011735757645 0.0253063647280223 -0.0744611204191455 -0.061592983979592
-0.274096760104843 -0.129794886240865 -0.0120243931211365 0.0375250993322677
-0.180341607584791 -0.181629315386225 0.175790199800686 0.0718169605050967
-0.245870596739671 -0.138616397770084 0.109765096726461 0.196512655384551
-0.264946285962733 0.0613889293841768 0.220835759479241 0.154006156114443
-0.139844178730485 0.225046645711674 0.246639915902931 -0.0112644871620771
0.0441546265561293 0.196079810056935 0.123938392291751 -0.106269951071072
0.119110381849632 0.111179574009481 0.0334583940938917 -0.0901482942574791
0.158635094668504 0.0230993874507379 0.00532449448483901 -0.0324214160114176
0.150079226249614 -0.0273488673323047 0.0248333804876419 -0.00026885493264562
0.149066576686472 -0.0301275488315 0.0393254145397783 0.0334236448606029
0.142614852017731 0.0359989361986225 0.0250908746414757 0.0768903519338056
0.110612335208042 0.100484447614796 -0.024221549223908 0.125595410221434
0.0256633334050929 0.198767882800949 -0.108845886724059 0.0869185860486963
-0.120962106699297 0.16691329382361 -0.143297743680878 -0.0135955010424819
-0.215489509511912 0.00352370725212157 -0.0550638235504156 -0.0488870455644753
-0.227793073253308 -0.136582955239134 0.0456264954824706 0.0827065565423752
-0.103327302002939 -0.152361440882841 0.205578550591629 0.157387967908955
-0.168718372390907 -0.1442573332052 0.119734037447103 0.22982514192804
-0.215460154916526 0.0107140174203504 0.178669692558861 0.189264596972525
-0.13786149356813 0.163760929730984 0.214597579051632 0.0515166205656543
0.020781229807971 0.161441747756554 0.139354764085832 -0.0389060056656152
0.090551403970266 0.0949405007844246 0.0839042585615928 -0.0486152594845913
0.130895996440742 0.0235252054625797 0.0593715461618251 -0.0220357573515709
0.130229448292825 -0.0200870748211946 0.0710698478413973 -0.000122777121828094
0.131352519391551 -0.0226329054688862 0.0873043538882826 0.0314207935709777
0.125802005829557 0.03164182978108 0.0709600719724203 0.0834342994416964
0.0938077370126687 0.0925579515545486 0.0131417227883678 0.144169520497253
0.00571119211271905 0.172443935022823 -0.0880043599093331 0.110518592354336
-0.119983056289596 0.123950339503532 -0.131028977614137 0.00935745476056568
-0.173045836311436 -0.0305011533822227 -0.0382606448220236 -0.0381388392775924
-0.150693341210475 -0.134073440746275 0.0870481622904115 0.122910982330482
-0.0112882827745253 -0.0913568014017681 0.20953440735855 0.210651298535259
-0.0692414204394093 -0.110974080686293 0.118601361174651 0.237181262475643
-0.126073096547418 -0.021279980062346 0.134949014838865 0.203040987956257
-0.0990881566770583 0.0869970916092358 0.180680512148062 0.0926882738252544
0.00471989591830747 0.0985818108920692 0.147563706864353 0.00724382351431458
0.0522763020941886 0.0589794087951464 0.120334716052151 -0.0194759960346822
0.0833312700528966 0.017698176817854 0.0995541565588734 -0.0155323086492285
0.0913579674291247 -0.0103098069173731 0.106620686564628 -0.000199795597180076
0.0948529423381442 -0.0119516791468424 0.125369347302471 0.0313605584480816
0.0940781694947299 0.0249132089016516 0.105021621439758 0.0944118168223826
0.0657338794071515 0.0753286459522648 0.0360982225548136 0.164597674851148
-0.0147687564113923 0.128554272071316 -0.0800738615150621 0.131723099746269
-0.10486594016047 0.0669589588562233 -0.127292848548798 0.0261965413139044
-0.112468007994478 -0.060272491440124 -0.029270972738521 -0.0305301746538786
-0.0561343080400025 -0.115618117172136 0.10798939809194 0.153667034424368
-0.0394420391286523 0.0681808232662275 -0.169517340153094 -0.139514696543563
0.0443210190278823 0.0505413557110398 -0.0259289107899631 0.0560657263152616
0.0739595615991914 -0.0182581573415984 0.141909921191156 -0.0333324136112918
0.0129856698747598 -0.0667599563949925 0.0974755084777993 -0.164652136374326
-0.0331219060392725 -0.036083863789484 -0.05617353133386 -0.200667590960444
-0.030713931039966 -0.00412957328324753 -0.161619651704745 -0.105987252108479
-0.0367734995836147 0.000934092443302464 -0.167192113884437 -0.0180481190245424
-0.0344963096175963 -0.00293703074413496 -0.136658867905023 0.0261580995574045
-0.0227344334130384 -0.0106235740579584 -0.129318908237178 0.0447325326814527
-0.00560019353177463 -0.0211387203508147 -0.146427364003338 0.0426302582882143
0.0113421503582597 -0.0280009195246358 -0.168200653567735 0.00315527447413731
0.048316307884159 -0.00709411026430266 -0.178541116104121 -0.0822370278951724
0.0381072625254082 0.0447426317348282 -0.149704439021512 -0.165206417520229
-0.0365351249900514 0.0667433503739875 -0.109857834589532 -0.185173327451026
-0.0814828965323783 0.0400722967059821 -0.210985274128118 -0.161007504165249
-0.130112458016734 0.028182929490432 -0.131267852350524 -0.165736647728546
-0.0448458381260076 0.061730267569399 -0.0145705313572569 0.0502328358124587
0.0211358543278021 0.0518567102046814 0.16275488046825 -0.0353445335945437
0.0256679863617208 0.0141731233929265 0.118389919129303 -0.182614040572951
0.0116146774988529 0.00389759968871691 -0.0506841296644983 -0.219228174256003
0.0213170975609566 0.00891532778174003 -0.165569955333539 -0.119311897880877
0.0207073522176408 -0.0119024412491983 -0.168185741167089 -0.0195386585322718
0.0187764252932462 -0.0208503717851831 -0.132851821386107 0.0263797368151247
0.0327699841476015 -0.0172192258748006 -0.122550914918012 0.0496201057217386
0.0443855321175676 0.00765857544754212 -0.138329717795007 0.0522911898048661
0.0370832152739084 0.0263697709121274 -0.159829208668139 0.0224848873134498
0.0272964209557169 0.0691093789915028 -0.177989388765332 -0.0583720249693989
-0.0327051633689353 0.0856006668747375 -0.156846877608386 -0.13922399480516
-0.124331821224571 0.0440451693384422 -0.113283818504428 -0.142625244423767
-0.174844520562046 -0.0190461295952175 -0.186925928241204 -0.119288205237543
-0.201623062425986 -0.0288605909435675 -0.0671933646804386 -0.16269574184571
-0.143806121400963 0.0469448649666833 0.0127238773180765 0.0592227983077328
-0.0568332176444712 0.114153635813832 0.192784842307173 -0.0224644178466149
0.0198490654484519 0.108738429192621 0.153448981923262 -0.186439084287434
0.0558331658194107 0.0598139032768626 -0.0248140500207482 -0.227499270380307
0.0750328146963051 0.0310644095140612 -0.145848009724266 -0.130158687607309
0.0787786351562479 -0.0175536662035999 -0.147367525165153 -0.023647647117594
0.0697415681019194 -0.0362495630387894 -0.110822564150747 0.0217763886680268
0.0812531734766545 -0.0285137211882964 -0.0963173439963675 0.0514288509393363
0.0907545358475371 0.0229345163844586 -0.109960872117305 0.0663521907107734
0.0705138448763716 0.0638529370171894 -0.136291724879544 0.0568332377870597
0.0334842804304652 0.134477269808235 -0.174369370988976 -0.0148534116259933
-0.0733160648361865 0.137090283429098 -0.168943752328809 -0.0992359761026423
-0.187769316828225 0.0472949092245248 -0.11115139765268 -0.101327955487273
-0.246429416252477 -0.0567801331236465 -0.140025481628208 -0.0637676201313353
-0.240226902792727 -0.0885193853439644 0.0140196861315036 -0.124955375502859
-0.228122574492909 0.0067932190776194 0.0518485643439222 0.0843306986891631
-0.14527032628933 0.147832231833224 0.220562501789234 0.0111689095794076
-0.00987182169024372 0.194179422365143 0.191872130386187 -0.163270761595699
0.0842496052502333 0.120024508578564 0.0166353216616198 -0.213694427887911
0.117014915946761 0.0584149711776875 -0.101392140416966 -0.130968238621781
0.12595536855354 -0.0155385592574361 -0.106449242022633 -0.0279191413883275
0.109893052060249 -0.0460250281395452 -0.0728537292324897 0.0142050093185587
0.116798696206166 -0.0417270194507663 -0.0556596345515499 0.0477627207186066
0.124745546650774 0.024539027372008 -0.0662753845708175 0.076235472120336
0.101119215205701 0.0819633493134457 -0.0975690230291169 0.0896502247603922
0.0515182304929737 0.176477150196053 -0.156642532392283 0.0338850674555456
-0.0868117847972599 0.177943913171239 -0.171725691022561 -0.0543996970162938
-0.220469026072144 0.0593906154573523 -0.0985661366938359 -0.0706311058035316
-0.284558010861711 -0.0759973453534038 -0.0740990601414551 -0.0111807683191225
-0.234752327329593 -0.134469882454209 0.0994028936635355 -0.0564120285760605
-0.267600665135694 -0.0500276854006256 0.0944896165493308 0.122262378642779
-0.214698263008813 0.137817864529327 0.230626019200476 0.0613043002880621
-0.0563345876308429 0.239037295922158 0.217286032684529 -0.109939058423817
0.0871499968828325 0.165297578650009 0.0646670188624948 -0.170589377181459
0.135342825984597 0.0824210278430178 -0.0406561596796313 -0.115548077379324
0.152294786881362 -0.00878188564258005 -0.0514439584763391 -0.0291459578984712
0.134485605761902 -0.0491489725370982 -0.0253309390150056 0.00572237825689236
0.136220868597579 -0.0499103714735731 -0.00724667154636977 0.0395317910414895
0.142002143081498 0.0195530364254511 -0.015333870562493 0.077417023077862
0.118051622197119 0.0864237595898469 -0.0495061628508719 0.112409190519963
0.0604428563696395 0.192918086968472 -0.125731932481958 0.0728474911090247
-0.0906388409724857 0.190544492586299 -0.16206339895852 -0.0157406040929051
-0.223392476287699 0.0563189130183278 -0.0797469055406453 -0.0519060087642371
-0.279440816596716 -0.0885616780111562 -0.00353921324960559 0.0324013232034018
-0.189449403974478 -0.149821969221628 0.170830797816133 0.0285965296880318
-0.246718320939457 -0.0963093087128746 0.128058998061578 0.163497983676408
-0.233788879702519 0.0921015281862184 0.217403524738134 0.11268967785894
-0.0937479275965301 0.226573455329148 0.218879680283415 -0.0414456048035098
0.0672543951965256 0.174667581303928 0.102597202188752 -0.109332870991385
0.127686030462512 0.0901212578557864 0.0238735529899845 -0.0864955072359224
0.151991875404602 -0.000819086369800948 0.00730103365241939 -0.02857308362923
0.13819219734108 -0.0453716550632785 0.0250359604642464 -0.0032092528738296
0.137966883787487 -0.0505437394937912 0.0424682318331572 0.0284509323434121
0.142085191481086 0.0147198828986538 0.0359690413604579 0.0741885838771752
0.117319537765065 0.0843388846585583 -0.00231462228795875 0.124870114514119
0.0516338396849907 0.187421941535712 -0.0933796387388424 0.0996776320642412
-0.0952256840524429 0.172199124161709 -0.145155807582741 0.011911466193104
-0.204958984642791 0.0318283778828195 -0.0585348284423874 -0.0417601423572896
-0.234947074517708 -0.10037003012752 0.0583869987867778 0.0686569454948826
-0.111206452335362 -0.129919009824913 0.218571592286402 0.107753473401743
-0.174233801985864 -0.111882338912144 0.146224942742131 0.194236462676899
-0.193085645810612 0.0379315691273551 0.18636547870501 0.151464226314422
-0.100369721644442 0.170101061976643 0.201269685877495 0.0209747298278181
0.0425191198402149 0.145796168052129 0.12821029602015 -0.0496522813071251
0.0983822316861452 0.077286837900131 0.0787382644128843 -0.055595346608538
0.126676399929368 0.00251557856156707 0.0607683682862196 -0.0260674696886469
0.120591351503469 -0.0364369592646605 0.0706513332642408 -0.0103017373220905
0.121924870553778 -0.0415655364929595 0.0880502543158606 0.0186943365897526
0.125624838587043 0.0121316155176566 0.0804627747058031 0.0726542808475252
0.100748741661664 0.0783351588459965 0.0368050446726371 0.136720647713283
0.0282404623013771 0.164993127370458 -0.0680406998580267 0.118678909525921
-0.0986703736434747 0.130835119747855 -0.128538992820304 0.0315335354610634
-0.169300086800183 -0.00561683216296352 -0.0411942205706373 -0.0332298011395118
-0.159700624852258 -0.107844450426193 0.103770117143812 0.10124873532071
-0.0159926559311273 -0.0828209528727324 0.2354900213813 0.162115131363848
-0.0760098588911522 -0.0939006574163031 0.150183339968995 0.204126823999998
-0.115315336597708 -0.00299220935020424 0.154248827248301 0.170489035730628
-0.0750940370502378 0.093745613752929 0.180102366709429 0.062963915369714
0.0189982791131821 0.0892702728090078 0.143956920307573 -0.0105917367311837
0.0577115105604506 0.0483466106267018 0.116473258406661 -0.0356698884702963
0.0814886557588143 0.00379176667719995 0.0991263480896316 -0.0278622744520636
0.0844505861654424 -0.023056957289794 0.104850037874147 -0.015246115731068
0.0887446883721426 -0.0260400213354824 0.124809037558923 0.012471420076483
0.0938578134419079 0.0102060236652892 0.115566722153863 0.0765166465760641
0.0726039097124968 0.065252454375024 0.0620333566094244 0.152578960668888
0.0029259357854432 0.126802640154723 -0.0564786306321089 0.137144665877245
-0.0913888118901783 0.0748715195359643 -0.121190537510961 0.0467091515392679
-0.115566219417502 -0.0430390162625119 -0.0316481952356138 -0.0259412451451794
-0.0658095904983123 -0.101762908088703 0.128518729095026 0.12882033118495
-0.0385580102786995 0.068184386054167 -0.164711439212118 -0.138583482875573
0.0432356612406231 0.0507334141078748 -0.0257147084153148 0.056203362568414
0.0722767790223164 -0.0176736847467678 0.139654147847073 -0.0303119991549192
0.0134655502411415 -0.0651771317445844 0.0976255405571366 -0.16124271076462
-0.031956396140169 -0.0360435948093366 -0.0521565534245678 -0.198229703269924
-0.0294629643421092 -0.00391208092320448 -0.156055606897472 -0.105823183290897
-0.0349163945461747 0.000641809129828724 -0.163154565719574 -0.018533516259182
-0.0333607223230193 -0.00235904451621185 -0.13430299351862 0.0238595202928059
-0.0219757290241748 -0.00979951900000878 -0.12628424800843 0.0422029289786237
-0.00523922593969297 -0.0205017665648399 -0.143687957735722 0.040107706936076
0.0113990232432721 -0.0269830616356016 -0.164738690111886 0.00138749385468953
0.0470237019540345 -0.00601940416819951 -0.173587139312466 -0.0831175143401369
0.0356601039825609 0.0439671916408192 -0.143388423406265 -0.163944043795427
-0.0376690845906913 0.0655100916408127 -0.103717190303384 -0.186015468645228
-0.0798781161097255 0.0376563875698607 -0.204023511642088 -0.162648728143157
-0.126778180342938 0.0269312726124551 -0.127879262945627 -0.164961860137091
-0.0450669019831571 0.0601258898140538 -0.015503025209403 0.0499255832093182
0.0205358301127858 0.0506027188082768 0.159514215010662 -0.0325064671258619
0.02539918274753 0.0138939388758613 0.1184226996522 -0.178690307244541
0.0118039207861823 0.00481635719484663 -0.0467898108941583 -0.215897640617933
0.0215888322850306 0.00882627858502647 -0.159480163433255 -0.117980958190906
0.0205899881835108 -0.0110890443371596 -0.164021438023883 -0.0205787768510753
0.0181731856961465 -0.0194637264116039 -0.130536897595789 0.0235443426818961
0.0321143642934359 -0.016049086524144 -0.119692860164023 0.0466236844448428
0.0442352938350767 0.0086907980777818 -0.135903357705948 0.0497602006329129
0.0356170150452687 0.0270403828145072 -0.156476439836156 0.020267833931704
0.0258793023317048 0.0680581965095617 -0.173802067418515 -0.0596134611486019
-0.0336785753814997 0.083954261809329 -0.150823787126767 -0.139507874597545
-0.122965465063774 0.0414714393917137 -0.107605811823166 -0.144203073680572
-0.169947050262002 -0.020768591478738 -0.182801199654155 -0.122361308352824
-0.196485012854902 -0.029842313027629 -0.0658358442360806 -0.161188606663638
-0.142376675037087 0.0446033875370514 0.0105785010015195 0.0595285803208052
-0.056359436101951 0.110711834974381 0.188858698950904 -0.0190064415972407
0.0190007768113654 0.106914636895535 0.15300561919006 -0.181522757885092
0.0544656751124234 0.0597046595916912 -0.0221705850842722 -0.223890779497305
0.073674825381431 0.0310392871946199 -0.140852922635452 -0.128932719472381
0.076845609804779 -0.0158228535534527 -0.143357559113961 -0.0249210851650854
0.0676671420484993 -0.0345237265416121 -0.108404620234566 0.0194532707210092
0.0793202015451297 -0.0273093916886833 -0.0938078241562878 0.04898236027183
0.0889593533269938 0.0235577794113936 -0.107927270996158 0.0644492278461186
0.0683909222024777 0.0637933500629512 -0.134382435713228 0.0543933777036918
0.0316585607692021 0.131393912957445 -0.171843282194108 -0.0153407207583307
-0.0737993030612622 0.134156973827547 -0.164739390265233 -0.0997603450024707
-0.185644448144313 0.0441138601065031 -0.106820227883213 -0.103900508887872
-0.24066871962248 -0.0578647208343004 -0.135686557069197 -0.0668531553508415
-0.233417106104776 -0.0889601330423865 0.0135598215908216 -0.123136148875847
-0.224424093434536 0.0030454953943944 0.0479990490974866 0.0836331215612811
-0.143139140366332 0.14340838835313 0.215412162872952 0.0144801937150495
-0.0106328073924305 0.191045482887726 0.190921729379209 -0.157175021315751
0.0813355392946851 0.119613728196292 0.0195201338365359 -0.209039662796089
0.114729898233578 0.0588251229612821 -0.0976838962592401 -0.129462737401478
0.123486020742112 -0.0138345126365317 -0.103037524614947 -0.0291886531016846
0.106792327671598 -0.0439547322643518 -0.0714226546475294 0.0131626078139637
0.113081970718333 -0.0392899344964021 -0.0544711203729346 0.0459373623063046
0.122045477280968 0.0253554613598683 -0.0653198354983996 0.0738128294372228
0.0983954308102996 0.081367411927355 -0.0961650407023128 0.0878051821395127
0.0490500136410953 0.173087309772297 -0.154538534733776 0.0333990145588719
-0.0870210629475224 0.173738438116087 -0.168861157894859 -0.0550233057241536
-0.217308967019365 0.0543100345141405 -0.0957769670191855 -0.0721373564733183
-0.276077623811852 -0.0773140582906162 -0.0720147889267453 -0.0149185628295709
-0.228842341283397 -0.133938148244617 0.0964319792402114 -0.0541796412558701
-0.263097247603183 -0.0523671242643908 0.0883244646848325 0.121208877432617
-0.210970015758346 0.132414363323666 0.224921289486211 0.0639304393172703
-0.0570126239356358 0.234126985927814 0.21444896852062 -0.103905293843691
0.0840770544225206 0.163800966453987 0.065152073652268 -0.167345513098048
0.1324626825421 0.0822174098954137 -0.0378176042688551 -0.113456913766276
0.14947093005753 -0.00646419204472036 -0.0487620376422797 -0.0308774023454278
0.130487617250866 -0.0473069446090448 -0.024394025654303 0.00447080793871002
0.132299162790983 -0.0477451114808443 -0.0064876017761811 0.0383811367265774
0.139164632706933 0.0207315464060362 -0.0152181031944211 0.0759855089923596
0.115286760974927 0.0859787590505548 -0.0495861282668214 0.11015397608533
0.0576712651812781 0.189270819255059 -0.124200800805008 0.0724826378378627
-0.090234062652148 0.185649218566519 -0.160042190788972 -0.0172267909148648
-0.219391699831622 0.0522395865668577 -0.0777137640473345 -0.053930679385672
-0.271234515366821 -0.0895161679710021 -0.00366684659361003 0.0294135780458138
-0.182832533869868 -0.149161382074705 0.166032979937797 0.0310487236958628
-0.240640121478567 -0.0981890354501237 0.120341952002527 0.162397951874182
-0.228865877031957 0.0868887575444807 0.210361968900437 0.114507464976655
-0.0931075159050801 0.221464698376441 0.21583107682597 -0.0373942152803348
0.0649339968058593 0.172631157231282 0.103197620162257 -0.10629285123424
0.125014914866398 0.0901352080025333 0.0245520279121506 -0.0845090989379448
0.148617610452193 0.000610229051866311 0.00910722945549542 -0.0280466726725565
0.133872663978973 -0.0435896305134693 0.0249717830637189 -0.00293698491908191
0.134159696412445 -0.0477894713485587 0.0417361940633491 0.0289698133947887
0.138195140923165 0.016182903647312 0.0342414381699928 0.0729533432125229
0.11406595538905 0.0840481834201817 -0.00381805891372624 0.124052482449741
0.0482022156444077 0.184557945975757 -0.0924453154996907 0.0981187367984562
-0.0950761416408033 0.16723082839261 -0.144473515504724 0.0115977923862406
-0.201028738898243 0.0280578128707048 -0.0577120425638577 -0.0430725198067856
-0.227505729863912 -0.099983369339235 0.0567995362436797 0.066174925955599
-0.107318312206938 -0.127937467217283 0.212211421770079 0.109764166744537
-0.169044036700238 -0.112302589991671 0.137866772876665 0.193205944013088
-0.189428541555452 0.0354814125820484 0.180207578420547 0.152027169595493
-0.0990532537420667 0.166580672791174 0.19720287581953 0.0236243054260445
0.0400389604398113 0.143828390277863 0.12675853372408 -0.0468398711446418
0.0960405218392734 0.0774642672321587 0.0783510644317132 -0.0534404924051494
0.123115430630425 0.00381314941654183 0.0610067392849107 -0.0261261342990503
0.117032947608463 -0.0349047619563867 0.0702711117595277 -0.00946263610948791
0.118420572165313 -0.0392873699487928 0.0861357508101358 0.0197644378796036
0.122450149979697 0.013074024810453 0.0781322870847904 0.0724106695925259
0.0984122378955917 0.0779728212600113 0.034375208908936 0.13496534660527
0.0264938143422693 0.162280017023805 -0.0686667393159247 0.117371760838072
-0.0976284347267164 0.126575679383925 -0.128428028669621 0.0300328603152557
-0.165810506442828 -0.00848229235588118 -0.0407420148904568 -0.0338498361680202
-0.154400233202011 -0.105951890057026 0.10148120529737 0.0988882165742445
-0.0145738891056443 -0.080702957126781 0.228455594338256 0.163883052862839
-0.0731792579232925 -0.0930957863291007 0.141279223593802 0.202699888228807
-0.111424919303498 -0.00370425914164325 0.148736951221883 0.170580922218144
-0.07339024462472 0.0922554268729995 0.17564548097196 0.0648951119133962
0.0180564201180057 0.0879102664193678 0.141832079775983 -0.00856756064751227
0.0560238113282552 0.0479428989320019 0.115622162028302 -0.0343700283782333
0.078839160382821 0.00454118038492384 0.0987311961016777 -0.0265991897888095
0.0824970093340595 -0.0219075246207986 0.104352097479726 -0.0140725163051435
0.0858170851424376 -0.0249400413670391 0.121702670750421 0.0141422553236624
0.0916454777115417 0.0104926131719989 0.111807104230854 0.0767939831715376
0.0704350886060598 0.0648150324693125 0.0590012609710496 0.150424983640449
0.00166456302895953 0.123480027148565 -0.0576257917453676 0.135275631974369
-0.0902479500735533 0.0721248882027203 -0.121539761378005 0.0452532600065734
-0.113062915446776 -0.0439072587419407 -0.0314397937330777 -0.0259035980412096
-0.062681665898068 -0.0985154701484357 0.124835487369149 0.126288565812007
-0.0396261809538744 0.0685984550047419 -0.16579628087545 -0.146308297862916
0.0425837731919139 0.0542207883557901 -0.0278516306176808 0.0580012679812745
0.0736358775699495 -0.0163901508892172 0.142814059298279 -0.0256668844618887
0.0156485775634126 -0.0655517832651923 0.10478843024875 -0.1614019307569
-0.031224692488951 -0.0367047256973174 -0.0471247409583225 -0.204351133322491
-0.0290423868044481 -0.00547814957892229 -0.153958592354144 -0.112631850427537
-0.0352246805637693 0.000658131373932376 -0.164231170187435 -0.0229742777081882
-0.0337045947962647 -0.00260647564159716 -0.136986178726181 0.0197135685446119
-0.0217196058059238 -0.0096055925110446 -0.130014393136691 0.0389045545670129
-0.00486986013353759 -0.0206630465857632 -0.147082096196499 0.0372918409694629
0.0116075211260219 -0.0263900688561083 -0.166963492019575 -0.00371350843153355
0.0471146092701113 -0.00455773630840713 -0.173213660280319 -0.0903315923711499
0.0340162989097667 0.0459661656045396 -0.139983594323514 -0.171956104735446
-0.0408338306261332 0.0660682123763023 -0.0975987489349067 -0.195527972106553
-0.082206576361485 0.0364278387069988 -0.203062395875869 -0.174454152057477
-0.1282548048188 0.0245394988939417 -0.126646330300422 -0.172122034761628
-0.0475908371733572 0.06050583794829 -0.0176430210438599 0.0522936530384087
0.0198064534293666 0.0517331552046802 0.163463994631202 -0.0275936689702806
0.0254209794963781 0.015940532753113 0.126703758893094 -0.178395930473112
0.0119593548467892 0.00596960521253054 -0.0405466604231747 -0.222263650291233
0.0225827394936401 0.00942895511522387 -0.157919534432975 -0.124616165669671
0.0213124744996146 -0.0105053876826587 -0.165065887759781 -0.0251111318000179
0.0182109581186725 -0.0186917689302102 -0.132938541122154 0.0193870704762362
0.0327506624379037 -0.014876225664443 -0.122768562782212 0.0437817522696394
0.0447217767705618 0.00994370903759522 -0.138610627802875 0.0469792548010861
0.0347705272885163 0.0283129919957047 -0.159204243062909 0.0155207855782797
0.0243582080486253 0.070290127311408 -0.174468839213169 -0.0657425522880352
-0.0372260186501891 0.0841250364017225 -0.148887299340122 -0.146494544195621
-0.127033183894948 0.0384450054465832 -0.103700327170866 -0.152710730637844
-0.171987924540991 -0.0262874255364823 -0.18119733770788 -0.131467953753706
-0.197593421097857 -0.0353016025168458 -0.0638732696946639 -0.166803833188607
-0.146614646632356 0.0414466971868108 0.00725463420113338 0.0619767511138991
-0.0593624663337473 0.110664501857645 0.192050771062598 -0.0123430775692942
0.0169351363232294 0.110497931762376 0.161467523265803 -0.180330541262848
0.0538945181148567 0.0632052319948529 -0.0148429206623414 -0.228983687105661
0.0748449456842008 0.0338990406461282 -0.138183784828764 -0.134605710752975
0.0783928280554462 -0.0138251706275716 -0.144007912893104 -0.0300697642193953
0.0683893061598589 -0.0328660801966062 -0.110171082853623 0.0157664775189262
0.0803996112113757 -0.0247054684022915 -0.0962264905377254 0.0467467297855013
0.0900480986772795 0.0264311630332733 -0.110725722767111 0.0625952211134222
0.0673196061460466 0.0664308156847595 -0.137900920080886 0.0515329729505696
0.0287541815869869 0.134691744527343 -0.173785919597796 -0.0194014075233724
-0.0785125332301399 0.133777702529711 -0.165069250061482 -0.107340880498067
-0.190505992140029 0.0386735466942673 -0.105266939714021 -0.110942925995567
-0.241393810677309 -0.0656123646776387 -0.136268757472454 -0.0749127727530031
-0.233434521389993 -0.0962357609376941 0.0156099495712024 -0.125322712007977
-0.229194289263806 -0.00312714596449135 0.0437140191366463 0.0882734521377285
-0.148726054018197 0.141383164180907 0.217878880536604 0.0229068218001274
-0.0155144682956627 0.194537287316976 0.199207050691885 -0.155182268312795
0.0799946267173218 0.124556521008074 0.026979456467639 -0.212565230355396
0.11517748677694 0.0629762438953091 -0.0943791295825979 -0.133852358386514
0.125287782943012 -0.00990246991556897 -0.102106141758385 -0.0334825371313431
0.108341005232106 -0.0413482615622209 -0.0722136465064832 0.0102992129114982
0.114698750382275 -0.0365722406106411 -0.0559956057371274 0.0446230506107799
0.123225765715737 0.0287461659235716 -0.0676886556873541 0.0738756346301746
0.0980086896989124 0.0857981951644323 -0.0996480075733819 0.086345759081451
0.0448641720044084 0.177494386114288 -0.158276135740078 0.0307285995272599
-0.0934506646223327 0.173888126482045 -0.1715378848162 -0.0616706935963692
-0.222982573789628 0.0479446840078827 -0.0953940260663406 -0.0788324488332691
-0.277340262245468 -0.0864487713081218 -0.0727984000306244 -0.0199743805174075
-0.227538458611868 -0.142522254277084 0.0972467524054068 -0.0521952095640564
-0.265898347554891 -0.0615926990449992 0.083307270269218 0.126898763094053
-0.217219090578995 0.128397917501379 0.22567364954549 0.0730870379853073
-0.0634982427833374 0.237394524614343 0.221518795783805 -0.0999727528195257
0.0805598419906945 0.169490574324229 0.0724408213454381 -0.16795665414877
0.13296780046843 0.0874126404070122 -0.0338778805025323 -0.115623193772344
0.151275837034624 -0.00261207625264915 -0.0476539021551989 -0.0329376852061071
0.132635817379413 -0.0442060997244962 -0.0245472499773501 0.00351543465500342
0.134139851243335 -0.0443705443900117 -0.00720163723902652 0.0385489683582025
0.140372037656081 0.025157586620914 -0.0177838028062341 0.0775967837539912
0.114773244084343 0.0905581417052558 -0.0529464318662026 0.111143555617952
0.0535829339760181 0.193570946170704 -0.128766983828306 0.0720329317870116
-0.096807602985501 0.186096132483287 -0.16436629794158 -0.0215979348535837
-0.224612528930263 0.0458396746948419 -0.0779509921180195 -0.0585402106386608
-0.271073652833475 -0.098320612978313 -0.00418243373543235 0.0275686768394796
-0.181654783845664 -0.155183207160213 0.167099430326642 0.037371263204519
-0.241987005648563 -0.106644940647068 0.113803872077754 0.170028686970692
-0.233585504851324 0.0817371825008133 0.210488978100445 0.124667703824027
-0.100956137410373 0.224245452676582 0.220159383504471 -0.0311005463775393
0.0611229914067633 0.178372025366579 0.108631835791782 -0.1046971467255
0.124713668004602 0.0956711907477432 0.0292467690818501 -0.085360044951121
0.150160209120672 0.0042923797648663 0.0112051649789134 -0.0292182640175096
0.13594311233359 -0.0405901741789551 0.02671597178775 -0.00281691089642669
0.13533493785407 -0.0445324374522222 0.0427970114030117 0.0305442415293055
0.139951314243338 0.0199641360504478 0.0324526567561078 0.077069867198338
0.114027392726732 0.0884626494974902 -0.00704424464139732 0.126469568599831
0.0442856515217124 0.188290350709591 -0.0974202612895012 0.0989432181433971
-0.100452161262795 0.16756068499074 -0.148894001758568 0.00759096714576411
-0.204993196839273 0.02242166353394 -0.0580811318254457 -0.0463615545000726
-0.227246182473152 -0.107991851030029 0.0568271628839002 0.066835871019856
-0.105217161119505 -0.132293183099811 0.211288286051527 0.119908304586289
-0.168793464502481 -0.11836984142327 0.131122140957765 0.20283156397883
-0.192327492760788 0.0301613875863129 0.177954311838305 0.161779821454942
-0.10458508639234 0.168011207219509 0.199707410837042 0.0302370721591915
0.0370407285651046 0.147569650336476 0.131173448615454 -0.0435286384273513
0.0959703902810565 0.081678870158483 0.082534332298649 -0.0520260023790486
0.125133348779542 0.00735018820250397 0.0633619966466667 -0.0259707832886542
0.118589518013444 -0.0330986206082932 0.072933028109746 -0.00750379601994332
0.119584086565239 -0.0365869626402496 0.0877718461089616 0.0235912367006219
0.12346913917894 0.0162477099921475 0.076893471698529 0.0770444960359546
0.0974573281694599 0.081904276533901 0.030653139231465 0.13921425194877
0.0224347989278119 0.165625889177301 -0.0732551445439235 0.119325820346496
-0.102570847229537 0.126055568134963 -0.133115500369177 0.0275970042493316
-0.168703151566167 -0.01432621275094 -0.0413722950034437 -0.0361758463676261
-0.152348481411504 -0.111618204798129 0.100879175848371 0.101833554841464
-0.012158349616975 -0.08188979309137 0.227116460612972 0.174297774594847
-0.0702090657581714 -0.0963695336629752 0.135844417037894 0.212482784783273
-0.112186553167257 -0.00736696366803782 0.144793840932751 0.179708563385335
-0.0768945622629686 0.092542732929888 0.177431712274097 0.0709323306310039
0.0160572927201139 0.0903307935835834 0.144886972063721 -0.00423428116839853
0.0549614450142355 0.0511099303488523 0.119138754697625 -0.0313630825345011
0.0795145708272586 0.00679721027590917 0.101716021041658 -0.0246574853511186
0.0832320488574319 -0.0208959144089836 0.107343339834328 -0.0112839845945078
0.0875889339245452 -0.0229145603845511 0.123006283921886 0.0184970870683669
0.0921530015484602 0.0132338324916162 0.111231053653459 0.082589501539252
0.0705669507099497 0.0677334928452994 0.0559536270089424 0.154895816153782
-0.00159270060515171 0.125650772643192 -0.0631324290339402 0.136717405085992
-0.0933867375982749 0.0697785623603147 -0.125896436405222 0.0432046801568959
-0.113857859861846 -0.0476293609861723 -0.0315388284534694 -0.0285700461849403
-0.0599231330630744 -0.101691054148913 0.123964741228655 0.130676535879638
-0.0414765399357892 0.0726675417931164 -0.173856272801667 -0.157695430547141
0.0444648780989664 0.0592049204697244 -0.0308596297670442 0.0633709158088359
0.0782477655112135 -0.0161791282240591 0.152383274204235 -0.0233924651957368
0.0173131894054581 -0.0686832722642496 0.114070803387965 -0.169203315183451
-0.0315551309449513 -0.038779373056015 -0.0450093519142354 -0.217580696262633
-0.0299418481088697 -0.00713999154016406 -0.159489827187959 -0.122576075841224
-0.0367872559851202 -2.0835529727049E-05 -0.17191638753792 -0.0267498741763999
-0.0357701939660778 -0.00254021864733799 -0.145935649050694 0.0181330658251121
-0.0226541426897982 -0.0101345953494847 -0.137951208802695 0.0379161844177672
-0.00476363577912062 -0.0216467591836073 -0.156004886561533 0.0363180429196081
0.0122031972503922 -0.0273027089314227 -0.177359864117627 -0.00743107716519334
0.0496718786996633 -0.00382920235016571 -0.180198301704209 -0.0999544382962211
0.0338595587570017 0.0494650274040863 -0.141715909798573 -0.184463763636988
-0.0457533751120765 0.0697488511573984 -0.0969847558220726 -0.211699594390809
-0.0866769829214848 0.0364150348569947 -0.211098762719109 -0.190281088004371
-0.135081853382021 0.0244546185404097 -0.133120197970052 -0.184190339315231
-0.0523971010383767 0.063611403407234 -0.0209885070180555 0.0568550793149482
0.0197767961450964 0.0545141253649692 0.173535948304111 -0.0237643369146529
0.0264528466192591 0.0172919752638052 0.1370141740696 -0.186788319652592
0.0135217413557517 0.00702874651582505 -0.0376702109660397 -0.236130385759473
0.024140174893846 0.0100680341087441 -0.163252542449191 -0.134542532870037
0.023094946424868 -0.0105150213871465 -0.172141954179454 -0.0298807792175898
0.0189983051007669 -0.01866544765041 -0.14046532965062 0.0172449190031621
0.034898673079918 -0.0142831875166396 -0.13005795541924 0.0429154214963897
0.0468463481478912 0.0117711017011224 -0.146991803422944 0.047016416782412
0.0358622033898653 0.0308849990723932 -0.16852546622984 0.0130419922362108
0.0243765784183526 0.0746517209405814 -0.182509143787573 -0.0729009478764472
-0.0420221749993742 0.0884352431706763 -0.154737942983846 -0.158892741548876
-0.136559306866836 0.0378884050026014 -0.105006440793826 -0.165899615512665
-0.180574475013955 -0.0311503221733742 -0.189077468406088 -0.145834390283362
-0.207396180209161 -0.0398420672304003 -0.0670210677417924 -0.177627735882426
-0.156041815156976 0.0413220513556973 0.00510117357742262 0.0674125406107601
-0.0639301230238681 0.11538874066737 0.203415659291638 -0.00795683490304456
0.0167498537552899 0.117132730469681 0.175206748827853 -0.188381251583162
0.0561132597839513 0.0683953367336767 -0.0105071580256027 -0.24272611395496
0.0794102362197098 0.0368518970967857 -0.141808480811969 -0.144325879193025
0.083184479528975 -0.0132667142484106 -0.149944754995182 -0.0350956459223956
0.0719521386016425 -0.0325208440099239 -0.116640545767484 0.014312199157364
0.0846684596898771 -0.0239134020785837 -0.10186745650013 0.046582903650847
0.0946076530870706 0.0294689139488668 -0.117487271384935 0.0641233277239552
0.0696670710888125 0.0722109477074994 -0.145544503018259 0.0518397151908465
0.0278661290993776 0.142668765009838 -0.182930094319581 -0.0233450610243921
-0.0860570186674761 0.140602954034412 -0.172788439281666 -0.117068938626932
-0.203149183953493 0.0362406609188585 -0.108095410756413 -0.121566521567288
-0.253155382561469 -0.0741385621237557 -0.141925299222079 -0.084643287610919
-0.244010481641054 -0.106377019421502 0.0161246301849462 -0.131825225431786
-0.243122231688806 -0.00778889344467633 0.0423314373978985 0.0955714905293819
-0.15850630858795 0.146136356477917 0.229251687596002 0.0299595000416751
-0.0184649925108828 0.206401027213888 0.214065791126987 -0.160103394359415
0.0829876455802217 0.134116910016514 0.0331478657046158 -0.224808353523081
0.121584826421308 0.0687814383394385 -0.095865496147814 -0.142271951263989
0.132751042229823 -0.00914536761988709 -0.106559926186261 -0.038389014108063
0.113963122328407 -0.0419543215792874 -0.0759073824745049 0.00892770828979673
0.120543925690246 -0.0361022329038835 -0.058561223616414 0.0453014148519986
0.129971126955692 0.0334551303867712 -0.0726223662043398 0.076709354091405
0.101683741452354 0.0922915755771252 -0.106982444697518 0.0893750286404245
0.0442358368993222 0.188642449129747 -0.166893044267898 0.0303795460858245
-0.101811932507284 0.183033912134556 -0.180679912770846 -0.0680528926266642
-0.237029114656117 0.0451705082283024 -0.0991560813860154 -0.0867857831305689
-0.290548786866962 -0.095811684470635 -0.0760370604318981 -0.025023902663437
-0.237257269672163 -0.153781672082561 0.10204449243805 -0.0523156871129134
-0.281116322414243 -0.0700353032495744 0.0832351565328359 0.138638341708883
-0.23042301041762 0.131577586331406 0.236121658073111 0.0835215625680201
-0.0699142639982003 0.250018832022347 0.237757200286073 -0.101771524820529
0.0824414533660556 0.180974464562494 0.0808257258295727 -0.176457048578555
0.139803581737702 0.0949063220550135 -0.0319738953430443 -0.123046618700448
0.159153134578692 0.000452418375374671 -0.0478351669221292 -0.0375493009139154
0.138889190958236 -0.0441316848242252 -0.0245459370962742 0.00270974098948893
0.140240501671039 -0.0440281222360717 -0.00723177095356779 0.0401531867338224
0.14777213038184 0.028580918966095 -0.0191899628861232 0.081708982309321
0.118998291610804 0.0977756794672894 -0.0573368664732563 0.116738909199422
0.0528372329458809 0.20548609102019 -0.136268716980867 0.0753666944486515
-0.105210764645604 0.195271968307591 -0.174792311954946 -0.0254431373630882
-0.239404915879797 0.0430097394720998 -0.0810350414182959 -0.0644205659444814
-0.283764394621003 -0.108169526825335 -0.00381537025379431 0.0262995908341459
-0.187750924154076 -0.167633026231028 0.173588542648792 0.043690426829865
-0.254088929175431 -0.117252482503933 0.114035387432231 0.184696330651877
-0.247287736367247 0.0817704006864682 0.218735346156262 0.136849367074597
-0.10887092503869 0.23597785990115 0.234057819021988 -0.0280455211917004
0.0624543933729489 0.190218888459252 0.117630759908013 -0.108388144008088
0.130806046107633 0.10359914203801 0.033987201601049 -0.0888722875019103
0.158605205532566 0.00739491935633428 0.013573311397682 -0.0320032001135736
0.142962284909815 -0.0412739548805462 0.0294983321291328 -0.0030327147214173
0.142529819142493 -0.0442007542420861 0.044869894526871 0.0327652107765856
0.147244729129084 0.0232636708194486 0.0331351673598715 0.0821325856338279
0.11837801100279 0.0955590033464426 -0.00911618069810244 0.134794022799852
0.0436450032822813 0.200358092177543 -0.104023143686373 0.104471383162477
-0.108119802144751 0.174601714589951 -0.159128177734266 0.00586122501014326
-0.217412043528819 0.0185427503841511 -0.0614594816496305 -0.0514488533799516
-0.237002984363387 -0.117688877116267 0.0594607639752888 0.0700104596517698
-0.108018567585113 -0.140876301633269 0.220444274288211 0.132887325400434
-0.175995173769699 -0.128881877916773 0.131438572359453 0.218609762987761
-0.202349040475678 0.0275926438985039 0.184125777953493 0.175316508767723
-0.112281458999803 0.176603432164059 0.210311671788248 0.0365093640030119
0.0364668258338138 0.157506540006473 0.140173566974181 -0.043696612484081
0.0999979046942919 0.0885516701965341 0.0894506224583924 -0.0537982570929291
0.130745954724285 0.00964884115578368 0.0693019356351891 -0.0267788516126357
0.124579073746961 -0.0336389892305845 0.078906844590229 -0.00770135523865032
0.1259044889587 -0.0363991407213791 0.0927349896283921 0.0264172214515503
0.130036310117927 0.0187503353240296 0.0797319665403139 0.0837777962879957
0.101781905211814 0.0877930412034871 0.0304086957520175 0.147528755517121
0.0211637492648939 0.175195778951421 -0.0797444129034744 0.12607441389441
-0.110205997414061 0.130788316975456 -0.143059458195253 0.0278630641095689
-0.177724022729567 -0.0185172961042688 -0.0436613015707772 -0.0399853647795352
-0.158525074642379 -0.119848248731977 0.105820442208929 0.108582162478008
-0.0111561438933802 -0.085382908318164 0.236758755110496 0.192094651271874
-0.0722348184629995 -0.102847392193353 0.135864762608353 0.230523523599432
-0.117462166966431 -0.0107872246551712 0.14976228580645 0.194767518706705
-0.081573626230573 0.0977239976980018 0.186157797409076 0.0803456154818028
0.0142106126706725 0.0962719770775651 0.153619543704218 -0.00150797897910725
0.057383803486497 0.0557448919723375 0.127157861468555 -0.031045197733189
0.0836343690835867 0.0081133474862485 0.108330781308358 -0.025344012607029
0.0868922525325855 -0.0216387116560782 0.115223508496727 -0.0114913199313911
0.0910598085534221 -0.0234333748554232 0.130538508073941 0.0219786603851134
0.0963708789393147 0.0146343532025111 0.115674642737847 0.0913949122950309
0.0728738167937211 0.0723521615530984 0.0554648308528717 0.164928170963949
-0.0044516156143873 0.132533211917461 -0.069839702690304 0.144900573252883
-0.099714260072861 0.0714981598461403 -0.135380162406199 0.0436820740718858
-0.118536920131415 -0.0528655291665682 -0.0333696313987744 -0.0313829091568645
-0.0609961847561382 -0.106981045994038 0.129491110814275 0.139222705814115
-0.040885784789581 0.0794375425406229 -0.192532223840363 -0.166222606338817
0.0494328653948457 0.0632267055580753 -0.0311972182697465 0.0710988281531721
0.0831520031585073 -0.019497112583104 0.165467534691998 -0.0263032860425033
0.0166557846993068 -0.074581835430895 0.119892895506631 -0.184789061862035
-0.0345434129857682 -0.04091931939395 -0.0530991471684549 -0.234952369600934
-0.0323202492021219 -0.00727072670257313 -0.172962646648163 -0.129706931057865
-0.0388295110370991 0.00085938292269675 -0.184874039146357 -0.0247136443789361
-0.0382967422467698 -0.000729910054115309 -0.156053467476392 0.0224077617673799
-0.0232289433768896 -0.0101463367702271 -0.148666948393913 0.0438386749525127
-0.005387641595714 -0.0225307408133501 -0.167208367167096 0.0428620659455233
0.0120088585758791 -0.0287675862518212 -0.191114376762938 -0.00571189779702645
0.0531393901947491 -0.00495058834843756 -0.196007751444676 -0.106096611005377
0.0363831375490255 0.0530009917466357 -0.154654967155671 -0.196954614156325
-0.0492292096703978 0.0765050832058522 -0.106184830479166 -0.229684511738306
-0.0929465510153506 0.041468595762912 -0.231819761349474 -0.204395910849022
-0.142995582952468 0.0295405773390393 -0.150142529049444 -0.196838282221957
-0.0549163009595874 0.0702437575514366 -0.0218836941258118 0.0640567597212258
0.0222495586762202 0.0573588490904088 0.187983891247719 -0.02780195312105
0.0291495584072851 0.0184243374011253 0.144493882435392 -0.204642850303134
0.0155637663266727 0.00797778885934793 -0.0448625477177573 -0.254841229268594
0.0269605856005275 0.0100938415717786 -0.176983598584205 -0.143011880898213
0.0245057147613688 -0.0116785209623932 -0.18562360564322 -0.0289161625413489
0.0195469170621737 -0.019488336452979 -0.151387838291247 0.021742731616229
0.0376781965430232 -0.0159036482687163 -0.140049392251761 0.0491175495105756
0.0512010531754222 0.0121245163999473 -0.15766106133379 0.0530243303883224
0.0393091867916882 0.0331691830440092 -0.181577822455478 0.0170122949993723
0.0277689914532763 0.0794811121024257 -0.19844943317962 -0.0753608498345142
-0.0443454269975259 0.0961221368521615 -0.168627929183736 -0.168598937578011
-0.148079511567727 0.0439801809459734 -0.114413939903892 -0.180473980028951
-0.194462028488868 -0.0298650380989362 -0.206526356885069 -0.156977250546168
-0.222556208446109 -0.0389573853544582 -0.078427807402769 -0.190818945115747
-0.16848054919691 0.0478893450883637 0.00508629583665841 0.0745850773634793
-0.0667300290655191 0.125333367482698 0.219859100048371 -0.0108038395138557
0.0211849133281209 0.127022655077227 0.185446124056873 -0.207670128638867
0.0629214206975885 0.0733657414968602 -0.0149162052507036 -0.262881045030471
0.0872372038553651 0.0376987135223086 -0.154328092244509 -0.153278961268037
0.0892481410385422 -0.0156558326782045 -0.16109224763225 -0.0353336546947758
0.0757069462099755 -0.0360330966897179 -0.125426718824437 0.0165787184529607
0.0906496901430438 -0.0270656844870729 -0.108788885034478 0.0518327332861237
0.102612477057608 0.0302390919543574 -0.125309735445461 0.071867470644706
0.0760454475099306 0.0765357906219232 -0.15651011189028 0.0581019687428615
0.0329029418809974 0.153633481729868 -0.197325300191831 -0.0220617866611199
-0.0900266758940438 0.153487867422909 -0.188896031294376 -0.122896599505173
-0.219567261669859 0.042864342719828 -0.117389352998064 -0.131766873831716
-0.274031394269657 -0.0749187220005504 -0.155068702763002 -0.0917501558739658
-0.264450614141388 -0.109383135497616 0.0122570972198139 -0.142224057650098
-0.263785168263869 -0.00377245247183405 0.0453785616440207 0.1053532887264
-0.167682828226755 0.160482563617177 0.248603756634132 0.0295934563608174
-0.0146484633082661 0.224016336936436 0.228238548997934 -0.177940720261883
0.0927402310707786 0.143662973254779 0.0324798152315579 -0.244578181082152
0.133740982624157 0.071196545340202 -0.104543620618945 -0.15219617026173
0.142173522688202 -0.0124030460583157 -0.114567445370518 -0.0406347241476896
0.120171671684209 -0.0471858384339072 -0.0811540523299572 0.0103196043156743
0.128728104874786 -0.0408892499698276 -0.0618919356867878 0.0496922165915986
0.140823493519139 0.0329373164407098 -0.0764908464905888 0.0848250139943263
0.110719770986918 0.0978556302374183 -0.113367577413821 0.0993846044002951
0.0526897356809275 0.202315455693654 -0.179332933638347 0.0370734206386439
-0.105696441982994 0.199441979569995 -0.198128320235718 -0.0700643975155015
-0.256275220300627 0.0535062653112613 -0.108214182430192 -0.0931447221740511
-0.314004330155027 -0.0979591274168347 -0.081777810576797 -0.0289412660396569
-0.257286771116675 -0.161418567443009 0.107045384901264 -0.0576585193387966
-0.305433755414341 -0.0707319981632405 0.0892347240027259 0.150658684451665
-0.245575921434707 0.146020106033969 0.256406063114495 0.0868779231229476
-0.0694829452958174 0.273186171304623 0.254305496832839 -0.114087865123519
0.0937825025517618 0.195063228126929 0.0846734437809907 -0.192193579551025
0.153728715701757 0.0996662734451622 -0.0354951282906838 -0.132318355320133
0.170648178864062 -0.0031730779197471 -0.0519673869243798 -0.0405386424672302
0.147312714994242 -0.0513545215106204 -0.0261030743776823 0.00291199090801803
0.148855254314895 -0.0498926286870864 -0.00665379701018519 0.0430429870491309
0.15981219036423 0.0277977499387092 -0.019374441623829 0.0893035803976819
0.130676005680948 0.102878024823638 -0.0585734862653428 0.127748541871579
0.0621127975217671 0.221166923746181 -0.145620845594236 0.0847245017573977
-0.108294264725464 0.213077746600465 -0.190631854014779 -0.0228166165258
-0.258030877442592 0.0496781202115093 -0.0898005067798621 -0.069434099298623
-0.307519203156735 -0.111027883264953 -0.0031384497667481 0.0259459798706528
-0.205049080572122 -0.175817641552104 0.186820548225983 0.0458835978676503
-0.276963536666895 -0.122351488733426 0.124580367834819 0.199520046456434
-0.265101480363517 0.0922113283624674 0.238505992185342 0.14549475350288
-0.111678789891018 0.258011706075995 0.252362899748506 -0.0349753930651732
0.0713461272536064 0.204408843513877 0.125504303172116 -0.119681722841054
0.1434623202063 0.109061500463517 0.0357766940162167 -0.096590688831041
0.169956680766184 0.00483136053876701 0.0154113108116021 -0.0364605708269723
0.151843938195927 -0.0482416192702548 0.0322916489267374 -0.00547394786834246
0.15126554227568 -0.0502241119078984 0.0498355889649333 0.0342038523981664
0.158942043747729 0.0224316992221069 0.0375411774533494 0.0890031287456992
0.12921751689926 0.100035787741357 -0.00657041314952242 0.145294188816586
0.0521746620161671 0.216031167320794 -0.109235875511809 0.116506339825435
-0.112651431545062 0.190094917261399 -0.173392512409413 0.0113822236039949
-0.235531388919406 0.0227742675376854 -0.068235993273763 -0.0544103793914088
-0.256889235578702 -0.121313570657096 0.066335897086667 0.0721135710995918
-0.118290381771009 -0.149490805357722 0.239425296101366 0.141860335257961
-0.191959372398787 -0.135710850626288 0.143308635195245 0.236933404937414
-0.217070243155783 0.0335840339651188 0.200389648532607 0.187468549099302
-0.116283794269439 0.194196089202182 0.22719468005141 0.0358284668783072
0.0435572213067657 0.169302821018746 0.150949950613505 -0.0492018546948794
0.110855539835895 0.0940442861570003 0.0959716801287573 -0.059741042372429
0.141167068738433 0.00758145037736122 0.0746827533095122 -0.0315511416077202
0.132392845100222 -0.0393668469915011 0.0855136054781365 -0.0110520321376763
0.133784750326212 -0.0420466482119461 0.101434803002781 0.0261770138329854
0.139368007424243 0.0178171483872593 0.0881509482687615 0.0902363013422926
0.111382175913436 0.0925298984860775 0.0359942421398244 0.159569235714925
0.0263602060675567 0.189904014406919 -0.0830345676929032 0.138854753344718
-0.115517325381124 0.141795952818332 -0.156076940434146 0.0346686883839184
-0.192458865704147 -0.0176538875904027 -0.0490055620056703 -0.042719905275352
-0.172479091171536 -0.125141582715873 0.117486402323002 0.112930498420695
-0.0122259115996126 -0.0911373103167747 0.259740428567843 0.205870772866321
-0.0793866071724712 -0.109187971224523 0.149009399493682 0.248420293942334
-0.125876492295613 -0.00941737190799817 0.163230288865694 0.209456834906641
-0.0850918068382031 0.107942335221504 0.200833293419436 0.0834060462204648
0.0182442476866723 0.103722303049377 0.165971726432667 -0.00378029704171129
0.0630379412698895 0.0590961152799837 0.137140204526581 -0.0361710561541134
0.0898431682556943 0.00712434845458383 0.118227500910629 -0.0302105147853082
0.0918355767659881 -0.0259779498749318 0.124935958227787 -0.0157076021240624
0.0970636319286473 -0.0266222544064059 0.142390215651904 0.0218638615131434
0.103587837194594 0.0130026730213125 0.126599278953902 0.0967065229061307
0.0802076512786076 0.0761608906100599 0.063064504118134 0.178084135891289
-0.00130930227513497 0.143129767546319 -0.0733649464196292 0.159075166141433
-0.105404108716902 0.0783824506849461 -0.147318537914213 0.0506302072019979
-0.129151974446959 -0.0549260830664966 -0.0380003329136908 -0.033757795668225
-0.0671281674007101 -0.112380085527235 0.144214413908407 0.145644342184789
-0.0608200398769284 0.0755553758724165 -0.176798115087847 -0.202101555953614
0.0410743670730406 0.0748165238213915 -0.0438029865709467 0.0746458551066477
0.0893684406964965 -0.00858621034420623 0.184613879169105 -0.000986733225387669
0.0262785798526147 -0.0763326786944527 0.162467628470496 -0.180990291500841
-0.0334220623211976 -0.0482126001047059 -0.0194890246534505 -0.261158059446887
-0.0349853531916632 -0.0134281318689421 -0.162517401016887 -0.166191234655741
-0.0408927037460003 -0.00481148356307376 -0.193092464133214 -0.0573643989342993
-0.0408529406930039 -0.00652989612614411 -0.170002642968737 -0.00303676248663224
-0.0222156489206179 -0.0146436624528723 -0.166271824988059 0.0225884889627073
-0.0020070250548509 -0.0236444794716922 -0.184446959136512 0.019540407954116
0.0167253345739846 -0.0280589160569606 -0.202183522303711 -0.0354494621514297
0.054976535234406 0.00118278960819736 -0.191636825279891 -0.144127735089906
0.0260764183053189 0.0611348415231611 -0.130079378192111 -0.235765047537344
-0.0686181125997251 0.0692417234135198 -0.0670438020798643 -0.264838896644988
-0.111786058566371 0.0240572419632717 -0.201666595230487 -0.261848123495717
-0.157187526622006 0.00387694725626427 -0.131326581285037 -0.229758770609093
-0.0676884393566431 0.064184309561545 -0.0359135636183219 0.0683846343083186
0.0134226418050242 0.0609846278665348 0.204153764474907 0.00516011378457784
0.0243799556322268 0.0211677694422555 0.189774176570521 -0.19220449832088
0.00912327572972442 0.0105317195024487 -0.00518144819245007 -0.277667553985456
0.0240942379122723 0.0155770462478198 -0.162929822111427 -0.180331650824254
0.0271592631764446 -0.00724449990009854 -0.191001007240483 -0.060939509997148
0.0231656747326637 -0.0145151550357925 -0.165106765981005 -0.00314920715215206
0.0424652444703684 -0.00899803349124554 -0.157606951522534 0.0301025157662299
0.0515573059587892 0.0232752943234995 -0.176369500605452 0.0327638541110461
0.032677565688535 0.0444115556830138 -0.196262076982903 -0.0127479355222067
0.0136631083187054 0.0868022513077419 -0.200031875257239 -0.117079935983713
-0.0685570358491747 0.0895729823655647 -0.148244984236059 -0.208783926680395
-0.166784447457322 0.0149919075483952 -0.0807990675840899 -0.213257782173504
-0.208838626264351 -0.0727616056603434 -0.179687293783063 -0.201082993610974
-0.226436779996679 -0.0827832261074224 -0.0605752477419572 -0.214342954024377
-0.181734738968789 0.0207219856986915 -0.0131009548000991 0.0838403099211214
-0.0901430408134917 0.113678194534273 0.229218570886158 0.0339845598647476
-0.00117502819176352 0.130293329594141 0.230470891160469 -0.181260544185213
0.0472689782500847 0.0868977108093935 0.0311745758151604 -0.278321758082168
0.0825784945338475 0.0554686274998188 -0.135857163857035 -0.186040627426147
0.0949747948910097 -0.00105753114577429 -0.162712593746819 -0.0630383691473488
0.084621011818001 -0.0213467066774378 -0.135440865678162 -0.0031932583416279
0.0997388326044798 -0.010810656285256 -0.125275471622685 0.0385692036106351
0.102393048342914 0.0514466320861727 -0.146459394082392 0.0578746254654697
0.0630076234357614 0.0977864895448402 -0.177042459499483 0.0330578872896085
0.00520153652819907 0.167073680792528 -0.210255454078715 -0.0637372481900062
-0.128779066783926 0.140649238612466 -0.177212212410345 -0.164099675397064
-0.243891669851341 -0.000528148713973471 -0.0894785145949543 -0.162018948491913
-0.283960668342687 -0.138004334593952 -0.134246100246374 -0.11827302440615
-0.254288728081815 -0.164543694487106 0.0251659207660121 -0.150657560665083
-0.269984029236588 -0.0498308229261169 0.0204579084064615 0.120696832440391
-0.199347739442041 0.131793895886166 0.244872669038603 0.0831280063712623
-0.0526460270892689 0.223571067977966 0.265427715320784 -0.137097451241119
0.0665851007588138 0.164540084227929 0.0815000743750041 -0.247018464682558
0.125819548603149 0.0989746891574564 -0.0816751015160574 -0.175700656857556
0.149216448798899 0.0120084778824411 -0.110820944446525 -0.0598369815250368
0.134050909710603 -0.0250668541628081 -0.0874203669432693 -0.00348088389716686
0.141725544749847 -0.0180415423136643 -0.0747123618640048 0.0442444254524506
0.142575544478661 0.0611475405108658 -0.0974439552945978 0.0801775902705503
0.0958657305821465 0.128058959563086 -0.138470334274413 0.0832679496897683
0.0179771735025147 0.223612187599481 -0.202637603235592 -0.000317131568205169
-0.154995492966211 0.186205021310151 -0.19619175039627 -0.109624943689855
-0.284283538569501 0.00397582179120234 -0.0848582675282472 -0.119888160394448
-0.322261825647011 -0.170736924836577 -0.0673084458818095 -0.0355495375543805
-0.235284720310996 -0.216735449635774 0.111141419406398 -0.0491848829005583
-0.30046499483797 -0.126986228116323 0.0580869661242801 0.172790027067328
-0.275256305228812 0.10235754121205 0.239282584715089 0.144136715795212
-0.115754016315852 0.265108191205318 0.277927476265812 -0.0620639578175146
0.0604191446991748 0.217784714187406 0.128979333817972 -0.180395839801733
0.142821425658686 0.132188255135537 -0.0119594317457306 -0.142059376794798
0.178658324702326 0.0255625316864621 -0.0425248876173895 -0.0487854815779198
0.163860381607675 -0.024053485862044 -0.0271454601957617 -0.00279153767054587
0.164513022525331 -0.0241408145316255 -0.0152645352456739 0.0462507642287126
0.16395128603391 0.0595511405841742 -0.0376204017897883 0.0948491707055257
0.115701418883379 0.137799223375964 -0.0859668629654914 0.121707593183455
0.0245496923505937 0.246773660923416 -0.175097714548528 0.0553066561821462
-0.160187264800415 0.199941051135873 -0.195766120146523 -0.0584112557443114
-0.284858231556124 -0.000332674617394224 -0.0703399108337304 -0.0915285591062994
-0.312051441458901 -0.183072119663052 0.00567635394000758 0.0378623063259601
-0.1743570199306 -0.222707729730232 0.17919215284864 0.0728567114081363
-0.261862359999554 -0.176122984799985 0.0878512388324341 0.228865326991056
-0.284911379619398 0.0432758857667059 0.208937462179617 0.197413746505987
-0.153856729306902 0.243410147988429 0.259533622350126 0.0199466790857679
0.0368467025536881 0.222667787934963 0.158169425973363 -0.0949904073050473
0.131391477515425 0.14038738252812 0.058061072592011 -0.0928975435070072
0.176664340451136 0.0340099107458851 0.0269844133627762 -0.0328928999775605
0.168488084625849 -0.0205006287490003 0.0360520271856923 -0.00155480654250012
0.166318026208767 -0.0249569554676536 0.0470194747438103 0.0466120436610475
0.163630374279313 0.0532477431405696 0.0222888788551317 0.103859181257564
0.115307495706673 0.1352211350287 -0.0335907457182904 0.14792555057087
0.015295143269936 0.240046276486772 -0.141178451626139 0.0937671011079968
-0.16028905923202 0.17586681987311 -0.182648553612494 -0.0191416012873666
-0.255723047278966 -0.0238371822511112 -0.0514528008847547 -0.0689378607269444
-0.252980493326643 -0.183707995007401 0.0687638726117976 0.0986005412003298
-0.0873218269113918 -0.17786341411503 0.220816822603713 0.182899077666783
-0.169967561659073 -0.174711570775645 0.105687001661878 0.270866327772407
-0.225082047729364 -0.00745264999121272 0.166606976567431 0.234048242445523
-0.148125569160245 0.177077161106541 0.222378214638439 0.0868128667822746
0.0148211491942911 0.180978555669625 0.172067464101349 -0.0178286945360137
0.0999094392473767 0.117697467989746 0.115791420225346 -0.0448703813107333
0.145401490139674 0.0318539669835205 0.0897435039656465 -0.0183090328713711
0.146191347821116 -0.0158110478834614 0.0945314350818554 0.0013495540844905
0.147304441174953 -0.0189283870849361 0.103234381714595 0.0463843878069471
0.144116564126716 0.0445668348373359 0.0761528862177277 0.1132406093172
0.0984571142896258 0.123175888058557 0.00931213164570661 0.170961535380223
-0.00663303427066032 0.20814804108986 -0.11687067328371 0.123871300923539
-0.15350185762552 0.124126635372135 -0.16851900056076 0.0105703112691076
-0.201798204429946 -0.0574641929972077 -0.0355876157819003 -0.0524319720417062
-0.159878606525472 -0.169341559976825 0.110841443889537 0.14950303211474
0.0119944430602382 -0.0970246013315711 0.236409247317597 0.256467032684356
-0.0575990608829416 -0.127193597553193 0.113611926088618 0.285058674921745
-0.123719392882577 -0.0338612677291361 0.129268471545756 0.247250877876828
-0.101179589862333 0.0944764070427037 0.191078423922021 0.128465502245487
0.00199015028748714 0.107747233394703 0.178785444833957 0.0295621723394844
0.0563587904594475 0.0727452067598619 0.154521863889686 -0.0145763626379364
0.092615637966851 0.022594478649705 0.134039017031143 -0.0115936265584919
0.101837534974411 -0.00995575697680635 0.136422761581807 0.0029123855620535
0.106316493513766 -0.0106664345257924 0.147492204586569 0.0469979281296893
0.106603975514267 0.0325328714176631 0.116854345451227 0.12566348973211
0.0703231365316934 0.0992043475004468 0.0350823086702045 0.195742292639025
-0.0281418876331151 0.153894398021115 -0.107156559812446 0.149035390966759
-0.129970579629085 0.0582798924577245 -0.162727975061569 0.0300944948560581
-0.126649700853412 -0.0845623077539108 -0.0290559526635645 -0.039339837529275
-0.046368798577185 -0.134105719562349 0.128124534671178 0.185667861741767
-0.0539792689483213 0.081759402185667 -0.200485712621589 -0.190010862986435
0.0486495885978516 0.0731084271083513 -0.0381192168798065 0.0821525522810614
0.0902068193048475 -0.0163526883607092 0.190618856220945 -0.0151305918420067
0.0207353655125205 -0.0799617321683116 0.151286840480776 -0.198475954517248
-0.0378499507510027 -0.0470512054844414 -0.0413851578463829 -0.266386413877216
-0.0361893567650201 -0.011065762890442 -0.179702136770666 -0.15844631078354
-0.041710981633289 -0.00153466185486102 -0.201304279513332 -0.0416341238082416
-0.0420707552232514 -0.00195176099840386 -0.175067058641738 0.0111668796419657
-0.0228829785836904 -0.0129927433884176 -0.169063995429118 0.0373595231552546
-0.00402472856702252 -0.0232750629627917 -0.186625623684462 0.0346279073422546
0.0142125178220616 -0.0293743507327809 -0.210153564879914 -0.0200831839324823
0.0568713464175802 -0.00334314135379756 -0.208380947701436 -0.133639053692887
0.0302516882395574 0.0607895908323146 -0.14951680842481 -0.232172077104346
-0.0659647929113512 0.078236049904354 -0.0877608563165446 -0.269318362765744
-0.111457350344908 0.0338533701566485 -0.228368977611089 -0.25369657229566
-0.158241772003034 0.0156821084345382 -0.156151291212498 -0.222871481852767
-0.064118856172181 0.0708609546444704 -0.031639918622407 0.0757508137706385
0.0179658202771661 0.0605849732901451 0.210619994978782 -0.00989212004640456
0.0278020143845613 0.0198626796325839 0.178394085193857 -0.21223779846947
0.0109056499698518 0.0112258799239546 -0.0272478861420704 -0.285935720655438
0.0270950253810004 0.0139405624442111 -0.180601630323205 -0.171860823827705
0.0271913508482551 -0.00922490811180466 -0.200081957151664 -0.0466240551480234
0.0219768296100726 -0.0164636654696695 -0.16962671931403 0.0102169435848256
0.043417022485977 -0.0124378144201257 -0.159508926533276 0.043471028139013
0.0549073589407343 0.0201475016796249 -0.177700993188031 0.047713336942791
0.0358825911972702 0.0434799056055036 -0.202646781234325 0.00254982198420046
0.0206938808201418 0.0876548416205701 -0.213837064843777 -0.104208146518755
-0.0624935780504943 0.0981787454479598 -0.168130736275113 -0.201735075050671
-0.171388831643802 0.0299584625696989 -0.0973755046441982 -0.214428961519434
-0.217049879753443 -0.0575693275069007 -0.201212743596495 -0.192872859971903
-0.236609773563284 -0.066246173668898 -0.0818945815306183 -0.212737366042822
-0.184456665948925 0.0362612018440869 -0.00773493688846815 0.0889492798063962
-0.0822212555143248 0.123517617217158 0.237141545332236 0.0175555797417934
0.0114133793061971 0.133475751821381 0.220867236184101 -0.204256796370083
0.0566523987307028 0.0852929068708294 0.00950310282373749 -0.288670766485325
0.0898674167316041 0.0490733753148928 -0.153088649228307 -0.17978880240261
0.0971698699813263 -0.00886619625091491 -0.171402954474339 -0.0521122992606257
0.0841080877024016 -0.0288207478189445 -0.139863565180912 0.00643905493305709
0.101316524605741 -0.0192609856656252 -0.125356449112934 0.0492603102498158
0.10944931417588 0.0446903735491612 -0.144372129632945 0.0718132896024005
0.0721036015906926 0.095547603193492 -0.178596080274053 0.0484623546014407
0.0199283173510298 0.170340803264809 -0.220273455658906 -0.0484981582070825
-0.119505981493429 0.15488036741717 -0.195381191521252 -0.153424324741039
-0.251326871340859 0.0195568593398325 -0.103001871217954 -0.161196580403684
-0.300672792757635 -0.116695110591166 -0.146983757350965 -0.112866692624944
-0.272196402010971 -0.147466803610472 0.0109602679992767 -0.155409576403817
-0.281580599845648 -0.028399932723916 0.0298154878585283 0.123471510302803
-0.192469508447213 0.150713091014294 0.257126868419079 0.0670848244297936
-0.0334229939695489 0.23357722576527 0.260600653454547 -0.161248805650823
0.0830217332341751 0.162674625128807 0.0633872851902186 -0.260522631366647
0.138425836449288 0.090233319125831 -0.0970666776461104 -0.173259214864808
0.153633464401741 -0.000690203982395388 -0.11789693265332 -0.0529814018092553
0.13388639179542 -0.0366859332580085 -0.0900653478777145 0.00256903584983195
0.14271983147945 -0.0306022984510558 -0.0732187079869454 0.0502062794384081
0.151125458077788 0.0503550999828485 -0.0928940746936324 0.0911584972583457
0.108298752398525 0.123334015476628 -0.134740008204113 0.0961183169374334
0.0383235784443629 0.226667019048068 -0.207294865895695 0.0168054982272535
-0.141694379132503 0.203242933509754 -0.210019401386129 -0.0953791147236819
-0.291730221500317 0.0267059067991071 -0.0962910012785996 -0.118078007387825
-0.342103101239636 -0.146206316232416 -0.0715434579391395 -0.0337790716886458
-0.256881985968038 -0.203223392311502 0.107597702113449 -0.0574217419841099
-0.319053997709289 -0.105860941698553 0.0713414885265862 0.174375597476182
-0.273612509304226 0.127330524674338 0.255612531838609 0.12936916296364
-0.0936605874337586 0.282364874837004 0.278836533775577 -0.0866465834822771
0.0808490519670631 0.217509707341134 0.11732974690195 -0.196235369855964
0.158766474520248 0.122924378571949 -0.0225923256626861 -0.145537828305259
0.184597021340528 0.0118965430196054 -0.0477971211301501 -0.047150849545841
0.163189420548969 -0.0387086882429151 -0.0279865122977796 -0.00186870440332259
0.165745251483884 -0.0379028987871045 -0.0111748376212621 0.047867470700084
0.172367950574488 0.0469388425408586 -0.0297041186364079 0.10125954285745
0.129086221765423 0.131854685392656 -0.0779661210319633 0.131903328862285
0.0476196230997952 0.251019577392922 -0.174437418465442 0.0719248985049178
-0.146756256721223 0.217286685897906 -0.206390244474744 -0.041457237816504
-0.293523887522139 0.0225948784889159 -0.078902873784396 -0.0881127312647242
-0.332094096139943 -0.159625230151933 0.0098754966556359 0.0346627869915892
-0.196123634911489 -0.214414238139937 0.18843135869342 0.0614218883227226
-0.282682593020512 -0.158893504122701 0.106849591843121 0.22931844436362
-0.287577758527736 0.0678421266492668 0.228486531629472 0.188703660307499
-0.135140734633633 0.263011794572148 0.266304391203894 0.00044039246996395
0.057582688605773 0.22502223780849 0.155852928107523 -0.110538696820455
0.148437835076738 0.131744044546821 0.0533491564641017 -0.100294297152308
0.183321323403755 0.0203337218909674 0.0260132067908535 -0.0376645584484361
0.16829236966842 -0.0362024672179 0.0373825227832929 -0.00555881888747135
0.16800753577073 -0.0392773102847251 0.0520984264915579 0.042052850653002
0.17196209694498 0.0399784575141283 0.0327038776056324 0.105990085129995
0.129555982894401 0.12864914748183 -0.0220897382526724 0.155673518712006
0.0370964154910842 0.244154010610081 -0.137202631847728 0.109581667432617
-0.149371509425762 0.191952635841483 -0.189824174143408 -0.00124169639784628
-0.264574290310657 -0.0043229954247541 -0.0585336744918777 -0.0676741974576565
-0.273196755302098 -0.164461007929885 0.0796209325675642 0.0928128531936157
-0.102763439082676 -0.174793138041867 0.24138823176938 0.171008075364991
-0.18833295734716 -0.165185616221102 0.128063848133516 0.271156601600301
-0.230259527262963 0.0106391731325611 0.186657339256633 0.227775190489142
-0.133950780287517 0.194084892181776 0.23334172403561 0.0725153140198767
0.0309280440847182 0.184283889382271 0.175573654978894 -0.0311895615993404
0.113015530444853 0.11238378076711 0.116465105910848 -0.0548522994485437
0.15177571150108 0.0208601149607587 0.0913502925115591 -0.027522246043706
0.146214322242434 -0.0298607089867851 0.096733521611217 -0.00838904356986058
0.148302300948155 -0.0328304770005856 0.110218680376956 0.0378869768120754
0.150745494530214 0.0328523976424649 0.0882800254089812 0.110717443384455
0.110769229936925 0.117251055749061 0.0231798453474246 0.175026749682413
0.0126511471891888 0.213663993954567 -0.109449970370415 0.137168807633138
-0.146346205421338 0.138332123095206 -0.173091699126987 0.0268370838237554
-0.21139167592195 -0.0427384359936694 -0.0413924101775314 -0.0510737091685575
-0.176000546717035 -0.158427597576531 0.127738165056074 0.140905405549888
0.0056925879345931 -0.100143245902404 0.262661847605636 0.24472104963332
-0.0694692390919795 -0.125090419522931 0.13691203782211 0.284483476448113
-0.128616932848226 -0.0252095799278804 0.150679421451286 0.245372769033522
-0.0925594489258857 0.105504981344572 0.205138083312757 0.118041395184953
0.0112422140812676 0.110093801408705 0.185896570951459 0.0168274607360778
0.0642321577249707 0.0694519037312372 0.15839600236322 -0.027445427591991
0.0956609635182749 0.0157202744767526 0.137755068882905 -0.0235822275979325
0.101827799656059 -0.0197146717322353 0.140435105897099 -0.00997256755186382
0.107446597178571 -0.0201528426636982 0.155449909674657 0.0355564029731895
0.111248422633625 0.0239370053831084 0.131627000755715 0.120294916708008
0.0800007351327237 0.0950092473353855 0.0514903227247463 0.197357197892764
-0.0141610929554442 0.159786034848659 -0.0981936318049843 0.161993585426923
-0.127745889619695 0.06910963240014 -0.165004272620507 0.0462561456956267
-0.135829064708314 -0.0755478674212317 -0.0336709420837051 -0.0386961602799883
-0.0576260175409634 -0.131394440588146 0.147540505457488 0.176917452029053
-0.0468936393107393 0.0829299742901153 -0.210780071939936 -0.173638042809608
0.0527882028249759 0.0698791440887775 -0.0328892956242288 0.0858567557792894
0.087199124412384 -0.0216358697344862 0.188588590626247 -0.02553330516248
0.0160992010020513 -0.0803952485693077 0.13810529968533 -0.204401792811715
-0.0403360027144329 -0.0438256470621956 -0.0561039540503109 -0.26121974763872
-0.0364643107554805 -0.00907193477880616 -0.186546890344285 -0.146019304953477
-0.0408486330250423 0.00100930647230346 -0.200502301223005 -0.0287287045705228
-0.0409405591622655 0.0022132789427578 -0.172807381632883 0.0222440610600963
-0.0229331176203191 -0.0109818197123924 -0.165121616706493 0.0473052121383469
-0.00461522670395457 -0.0224378918159797 -0.182134429245019 0.0454949331412161
0.0120546702144178 -0.029658251637856 -0.209617831801137 -0.00772209112012852
0.0555581074470846 -0.00677437292036402 -0.213737366738251 -0.120807774984889
0.0331502423615662 0.0589980342780292 -0.159378369556682 -0.222207894216252
-0.0607227563681865 0.0831218406408924 -0.100927935913554 -0.264579530783963
-0.1066482544471 0.0398217066044806 -0.24032877795776 -0.239042357217341
-0.153986347971353 0.0245782717291742 -0.169342920914263 -0.207647203574972
-0.0598791985920062 0.074393973502574 -0.0270003941124893 0.0789602863668941
0.0218750193273457 0.0586532317088744 0.20846557358779 -0.0202268931478082
0.0294767681912243 0.0176972771770965 0.164343730656847 -0.219599320447921
0.0121149778453532 0.0102601746446903 -0.0431623013269936 -0.281400650317051
0.0273883747143809 0.0107833118884386 -0.18751174761408 -0.159058633622854
0.0271156282639236 -0.0111157909510609 -0.199577364742743 -0.0341445896652475
0.0207723222329776 -0.0165344034233197 -0.167438694029494 0.0201851057389821
0.0424615675340806 -0.0150269039343132 -0.155407786975916 0.0529267329380943
0.0555365843479752 0.0168566623107994 -0.172595331883365 0.0584827007027106
0.0384810607097284 0.0411608463405338 -0.200878880045072 0.0144106576619576
0.0260011613007832 0.084874512011631 -0.218566012900705 -0.0908261965396633
-0.0568934435604496 0.10108258573011 -0.176073601392025 -0.189895583598966
-0.167958728946242 0.0404418258680617 -0.107687833115129 -0.209979735431034
-0.216523235623522 -0.0443849254971977 -0.210862291643258 -0.181455042958419
-0.236354925866722 -0.0521358912871059 -0.096192835999113 -0.203242374294607
-0.180702695512178 0.0472005925679258 -0.00348540202428724 0.0915012260140666
-0.0728903075664916 0.126752057795122 0.235799110944837 0.00524150313574751
0.0214600328790389 0.131357082017333 0.205526104743237 -0.213934621737237
0.0625974178074087 0.0811390798456406 -0.00719612564422946 -0.286732431729685
0.0921038630854356 0.0420081171220287 -0.161441579328265 -0.169013281668508
0.095606607870046 -0.0149492366684676 -0.172094893986732 -0.0411875830252937
0.0799944290967247 -0.0328685120406314 -0.13846751578922 0.0154232787449042
0.0986480758254645 -0.0252030224649644 -0.121407562817963 0.0559461927003537
0.11119256783825 0.0380811144686128 -0.138579081587486 0.0802449039416741
0.0767571683505356 0.0906952105118855 -0.174571181346236 0.0582651192592069
0.0309160429235698 0.166683071293229 -0.220683745911286 -0.0341106179488824
-0.108476261294368 0.159960459877209 -0.201539971856987 -0.13948081365929
-0.248301336481562 0.0348306779490345 -0.109538564894357 -0.155864460952592
-0.301080996663155 -0.0965896108045537 -0.152368660822081 -0.10530332312603
-0.275863916637478 -0.129912940466145 0.000148834581617734 -0.151842701230479
-0.280301687576824 -0.0105299549237273 0.0343738586258303 0.123075423114822
-0.180388627448246 0.159958369541598 0.257375597275875 0.0526362170389111
-0.0159666540650303 0.233518579589354 0.246834783304471 -0.173916120081631
0.0938868012856591 0.156139314075512 0.0482153475041418 -0.262062143302888
0.142847601715436 0.0795494584854318 -0.10521142053729 -0.165670844412331
0.152377504884209 -0.0103599478751092 -0.119618733040394 -0.0453918636867236
0.128261096549239 -0.0440312281828179 -0.0900251109377275 0.00741930614593167
0.139293136264385 -0.038829769451206 -0.0696500915251243 0.0540207542329366
0.152559976498036 0.0411077417100515 -0.0856076293945484 0.0962122075806105
0.114687026804784 0.115893556333355 -0.128145279508528 0.102892843177653
0.052848997059236 0.221880769659138 -0.203945466461917 0.0295944349194241
-0.127223308479486 0.20851340689427 -0.213549418188561 -0.0807240807805288
-0.288036151680746 0.0438998013713618 -0.101118842662507 -0.112783949442437
-0.344619830425156 -0.123649282033296 -0.0725404345809576 -0.0320409666259527
-0.264160746961083 -0.186264149283772 0.101646006300398 -0.060961752659442
-0.322021243742536 -0.0845405048730703 0.0782710645226264 0.170258907949873
-0.261152779551623 0.142512658692182 0.258449756030541 0.115292444417679
-0.0720942468556984 0.284758928467899 0.269621257897061 -0.100691908503216
0.0948238872183671 0.209946206577871 0.105787969405722 -0.200376282845179
0.164756618185904 0.110038783981979 -0.0286948306208882 -0.143010577112792
0.183352722984277 -0.000424803728893748 -0.0495707232885484 -0.0457566265375599
0.157005403466788 -0.0494613152796012 -0.0286996874057964 -0.000715313660679347
0.160837776229509 -0.0482846173183511 -0.00901527218963437 0.047240485967964
0.173574977855604 0.0356853900702136 -0.0227281864967462 0.103068630625054
0.135870416380416 0.122594646665571 -0.069353347451255 0.135123356002896
0.0637742316825391 0.244719383145892 -0.168423644192078 0.0822161403663787
-0.131237470661084 0.222399588466818 -0.208028218787466 -0.0263827994548059
-0.290116809196189 0.0403552738329176 -0.0822567278756444 -0.0838288354233881
-0.335704852535076 -0.137007980980265 0.0124133169399825 0.0314448618215323
-0.205595200152137 -0.20057181123922 0.18875199160095 0.0508536825492527
-0.288886394891733 -0.140727923517831 0.116356077840856 0.221791324511945
-0.278629687480881 0.0841436159680735 0.235832586237716 0.175146491923075
-0.114831639369289 0.268700160495871 0.261611249118699 -0.0137752829259255
0.0720038177875413 0.219879081144316 0.149341781562265 -0.117869361542594
0.154910506263201 0.120805955887382 0.0484747266920541 -0.10358429631725
0.183073646709623 0.00834298623414488 0.0237547425062649 -0.0397344738391259
0.161808766534185 -0.0474733759309204 0.0358991322863004 -0.00904030751803769
0.162988786036494 -0.0495796499040562 0.0540871283145305 0.037680012974568
0.172482834025228 0.0290146121590538 0.039669157201864 0.10360206765931
0.136182537863962 0.119320080771756 -0.0130310916254294 0.155299391097161
0.0537252098172917 0.238798706379834 -0.128971916710901 0.11748127434234
-0.13532671643784 0.197469433469479 -0.189305306398133 0.0131721001959612
-0.262909872473192 0.0119211496141223 -0.0608961463810706 -0.063314995437855
-0.276939813938676 -0.144789833937309 0.0846880435078135 0.083122342932962
-0.111150882197265 -0.166912039871242 0.248430585027254 0.155113096008881
-0.196154263935667 -0.151723215952202 0.139924132703538 0.262017038682589
-0.225388339761045 0.0236574051773221 0.196904745517667 0.216801180520156
-0.117673355182948 0.200185713795966 0.234272399025627 0.0599654482224087
0.0431847242804605 0.179867871838537 0.173000803201066 -0.0402070895940008
0.119315704713313 0.103298249238829 0.112816824328855 -0.062823851872483
0.150829172638992 0.011408094764373 0.0895735969988198 -0.0340155874635434
0.14097667686233 -0.0397238111271079 0.0945301867467489 -0.0151141410059982
0.14363077149754 -0.0427514597553443 0.110550997570471 0.0307747136541982
0.150118334949803 0.0231726597445048 0.0948399043695681 0.105648353746201
0.117253692009537 0.108743274214985 0.0327399859078472 0.171065252002045
0.0269349902038557 0.20998081027144 -0.100275572597396 0.143277312940921
-0.13635642990246 0.143465680428468 -0.169826500354916 0.0391939438133287
-0.211869379479803 -0.0299686706540578 -0.0440059883739757 -0.0483722061737877
-0.181254399374346 -0.144359928483439 0.13558908199117 0.129006841234364
0.00125450689476706 -0.099256638108464 0.274750859280296 0.226826297324081
-0.0753603460611633 -0.119104955711963 0.150639043334369 0.274425235470043
-0.127599603800382 -0.0173957408772399 0.163094131919426 0.235559874282518
-0.0826709986068146 0.109910882964168 0.209964120581203 0.105945970815145
0.0184106378528666 0.107828121216336 0.18651422620537 0.00647731634950469
0.0680875659906693 0.0642029192515644 0.15582181878656 -0.0373815479566446
0.0956665249223163 0.00913438937604319 0.13566611242713 -0.0326062685002791
0.0978426504797511 -0.0264180458069846 0.137570436580447 -0.0202801759369746
0.104595420570967 -0.0283877522602592 0.154499242270751 0.0252776805275756
0.110152520023506 0.0157474936816257 0.137767590475491 0.112487841854666
0.0849286680489348 0.0892369022917397 0.0630476327919378 0.192761409654244
-0.0024433542661351 0.158739168845579 -0.0884641653710663 0.167216851581628
-0.122233551934176 0.0744373942290084 -0.161029539275367 0.0573186301312405
-0.138966798543409 -0.0669029168579177 -0.0359639703359513 -0.0366958503950418
-0.0624395276325403 -0.124514814604701 0.157946992899526 0.162607492336039
-0.043457284510767 0.08156180090114 -0.21262223253363 -0.163180321858782
0.053446421105297 0.0678233359127948 -0.0293052975185276 0.0884209939422241
0.0845880455648769 -0.0230370798460752 0.18696624591486 -0.0285866243071052
0.0137163602210395 -0.0792897392946349 0.1322902451864 -0.203711226895559
-0.0402790433897361 -0.0418569044590918 -0.0603754751133329 -0.256634048479172
-0.0359456681842181 -0.00860860818384522 -0.186603956547371 -0.140800224413169
-0.0399646638355499 0.0015042688461763 -0.196509922218913 -0.02348472451125
-0.0392215975350598 0.0041048493241119 -0.170128653349053 0.026996170648356
-0.0223679894471449 -0.0105779641418503 -0.163056761697061 0.0517274577274211
-0.00445376433493589 -0.0214505415594557 -0.17958908312379 0.0484742884147311
0.0110836526144078 -0.0289441390031592 -0.206845201102738 -0.00335833325675179
0.0536018723729851 -0.00866368028507369 -0.213881712906393 -0.114417909025834
0.0334317254340679 0.058482650044427 -0.160842627775588 -0.21657515603422
-0.0582183306118111 0.0841136770205969 -0.102473695872889 -0.261233419685062
-0.10286394603369 0.0411251984028275 -0.24342394361417 -0.231781091701487
-0.149860838796726 0.0273010916457036 -0.173078463971744 -0.197760675678842
-0.0570786007068064 0.0750543841056314 -0.0250497876239945 0.0813779318313319
0.0226341654330656 0.0565314126400704 0.205905663396258 -0.0236059096972728
0.0304576046854998 0.01695632993705 0.15719723400411 -0.219328545115542
0.01295354628313 0.00985222048945171 -0.0486356592911753 -0.277340873075453
0.0270223582441146 0.0098068488992392 -0.187209121299986 -0.152752352948956
0.0266625237063014 -0.0117284503419336 -0.19659751361437 -0.0282087168840929
0.0202823838465279 -0.0157315547143782 -0.16528423091037 0.0242038375610173
0.041508388767734 -0.0160029223928511 -0.152696211704589 0.0559497213477559
0.0560918784207167 0.0156401724280496 -0.168631709359986 0.0616211231410687
0.0384146905884905 0.0405570934494447 -0.198333536080324 0.0187409943810871
0.0274698874438558 0.0821979173907156 -0.217346318855501 -0.0844842973539911
-0.0534280378563351 0.101396700442043 -0.176716628354258 -0.184559057246507
-0.165507432041884 0.0446075262773968 -0.109109755597458 -0.207961487163961
-0.212096565795081 -0.0391157306964606 -0.212607945261814 -0.176285555490081
-0.232564501792573 -0.046892852777108 -0.101356877611608 -0.194942148874202
-0.177832294957102 0.0507028260511492 -0.00295439523684602 0.0931563163431866
-0.0689458899714925 0.125925464942358 0.233016655012834 0.00192601516683733
0.025731366076115 0.128847115069639 0.198196957843163 -0.214329259704687
0.0642718816740596 0.078285936841834 -0.0124976161136715 -0.283689379699911
0.0921399773291579 0.0382991603037706 -0.16147794556228 -0.163387717825287
0.093786824286057 -0.0177855857208308 -0.169991448431285 -0.0365918292401905
0.0777427041913706 -0.0335004214176791 -0.136260778133525 0.0189136990972223
0.0963681758019465 -0.0278450502095125 -0.119176920218708 0.0583383350946766
0.111337106121421 0.0351028195692972 -0.133967810669869 0.0818718812051255
0.0779862312807753 0.0883001029419265 -0.171547937791132 0.0615538874996822
0.0347885282728019 0.162857029672383 -0.218319251171883 -0.0293162694131244
-0.103396136443597 0.159351905850111 -0.20138965526707 -0.132994153599121
-0.244167485445185 0.0404489767727233 -0.110454737388966 -0.153847297836801
-0.296738371537489 -0.0886488258993519 -0.15267832416372 -0.102666643616723
-0.273704072342327 -0.123186424759118 -0.00531710476842737 -0.147002648042857
-0.277535009043601 -0.00418491870839827 0.0342471110018117 0.123126588095458
-0.172200495673829 0.161485752685957 0.254961340331807 0.0485508348508373
-0.00798367625622672 0.229235314657624 0.239428884616977 -0.175374214398955
0.0972761073578403 0.151128960128918 0.0412794573166474 -0.260479782674628
0.142828625056234 0.0740055505646876 -0.106379993182536 -0.16124642425478
0.14973357709046 -0.0142434040305064 -0.118866052191887 -0.042287781065613
0.124198908135268 -0.046485591222771 -0.0882011030222395 0.00992107714085367
0.135261402273011 -0.04147552934769 -0.0686502724462884 0.0548068319254482
0.151822963136494 0.036633681287229 -0.0815281938405702 0.0969809759054614
0.115732442505212 0.111776394360691 -0.124983969978608 0.104208929159132
0.0575932533715103 0.216539677105222 -0.199742751953362 0.033985269491817
-0.120479090808129 0.207143554687271 -0.212810603408284 -0.0734750710899841
-0.28363317987588 0.0492795530683399 -0.101119128041222 -0.11081883405104
-0.33926956902889 -0.113325568355893 -0.0721643074298754 -0.0327086038386582
-0.263869702781547 -0.178711156458824 0.0972819522725151 -0.060855001290886
-0.319864063102789 -0.0757019393581798 0.0793289324810598 0.169079861092402
-0.252242492676263 0.144672773085888 0.256533641029631 0.110775464825397
-0.0611259297010149 0.281612635028665 0.262810313733267 -0.103127714053062
0.0999194955194478 0.203979449193163 0.101260741924711 -0.200451625716325
0.165523840010758 0.103654677501757 -0.031516764707858 -0.140559622661796
0.18103329601658 -0.00533131177609021 -0.0502998366899212 -0.0443052443154867
0.152127366989936 -0.0529137207498538 -0.0284968796947056 -7.74095742419607E-05
0.156908960185206 -0.0521057406967025 -0.00858682069768728 0.0466236458249077
0.171664208595614 0.0309214689392289 -0.019894532964653 0.102091453146513
0.137072502691914 0.117520332301035 -0.0665449248121954 0.135342384060751
0.0701195379689467 0.2386964197904 -0.163163025822709 0.0858150676632152
-0.123624722225831 0.221395758429901 -0.204963647195577 -0.0197273845170818
-0.286162651460352 0.0459897547863244 -0.0827871370711951 -0.0819626293554546
-0.331164240693284 -0.126515213089228 0.0130980928781417 0.0276631793757103
-0.205918425236318 -0.19280039479209 0.186302357107926 0.047854519472754
-0.288116617578053 -0.13185930575068 0.118482234451319 0.21910725517053
-0.270926401924454 0.0884149872329723 0.23504397809256 0.169961852296161
-0.103244869462297 0.26578864534078 0.257310916389892 -0.0179201849912229
0.0771830850949791 0.213211396035705 0.145088194462774 -0.119269729307214
0.156652570512881 0.113916250556278 0.0467443777452109 -0.103786676176751
0.18035017322925 0.00348178815115489 0.0226935040535824 -0.0404881877196819
0.156514865393512 -0.0509698438589957 0.0347862129253723 -0.00985176908694744
0.15807614392526 -0.05367179702677 0.0526731884582528 0.035963712945428
0.169647209789477 0.0242163587251907 0.0416007345514389 0.100812963618943
0.136647716375601 0.114731442815774 -0.00995138271237191 0.153515318551651
0.0605394755534667 0.234083105847308 -0.124047732996126 0.119803575052905
-0.128466052829076 0.195918598473515 -0.185823941166528 0.0193574263003002
-0.258824410419516 0.0176345043185758 -0.0619941908907073 -0.0626062063163085
-0.273608753269712 -0.135424875483524 0.0852567181278264 0.0771145383695128
-0.112153534839963 -0.162511936010583 0.248031485481351 0.149094095776845
-0.195744508059838 -0.144734601976449 0.14276105291702 0.256471981271084
-0.22085304320716 0.0276503053512091 0.198527241387693 0.210996312561989
-0.107787473479942 0.198486341906015 0.231696746971128 0.0554386934908826
0.0476529404216982 0.175522794949715 0.170540956645537 -0.043689222395382
0.120125262556509 0.0983742086997686 0.111361317875699 -0.0649777653173701
0.148787402714902 0.00657658947044237 0.0878333724417551 -0.0363317056622035
0.135807767970256 -0.0436915755303229 0.0923347592691747 -0.0181163083481002
0.139306067541223 -0.0461748372574232 0.108478968278333 0.0266547957924735
0.147588125875524 0.0188895946611461 0.0965365996824333 0.101495728100134
0.118049858377817 0.104108069153763 0.035798570785523 0.169045485226401
0.0331540821283301 0.205963060389175 -0.094824348658572 0.144392648664569
-0.131357622295168 0.143948745216812 -0.166984379633761 0.0444509934642187
-0.209502599738023 -0.024315163331305 -0.0447047533500664 -0.0471729222948709
-0.179049570686485 -0.137051838877378 0.1369487170566 0.120937388955412
-0.000696954051751853 -0.097773840167747 0.276280165945523 0.218905552812645
-0.0758730225544982 -0.115532999728569 0.152865590245484 0.268660252868307
-0.12539720364532 -0.0146716130986662 0.16534053230265 0.230242321841343
-0.0768214033181243 0.109825544947481 0.208731302947497 0.101152036613687
0.0210762362323706 0.105428643425772 0.184662896816803 0.0032259020967365
0.0689427217658951 0.0621294205506881 0.154621172233408 -0.0412966007466806
0.0940703255180711 0.00622110508574256 0.134205945855644 -0.036407948546279
0.0936871894953576 -0.0295757348209201 0.135367270774698 -0.0240453991010483
0.100879726451557 -0.0313706288720099 0.153042647107524 0.0207605836830479
0.107916966557173 0.0127564542096815 0.138738863006206 0.107990525710081
0.0864254026054301 0.0839025326289876 0.0655312888398479 0.189152268587307
0.00198168533787235 0.155261395223139 -0.0834423116283597 0.168032186793619
-0.119384437193164 0.0752861038920591 -0.157619685543579 0.0612951908610996
-0.137960054010556 -0.0626324984035638 -0.0365234512272001 -0.0363086687892041
-0.0622165020974921 -0.120515050562938 0.159270555925724 0.153213089400254
-0.0428059256391377 0.0809957776482793 -0.214678089764316 -0.161211638116893
0.0539348823807931 0.0691309462083278 -0.0285158310358706 0.091144822078665
0.0842062036532305 -0.0234479407107864 0.189869495042828 -0.028523527978033
0.0140157455916635 -0.0804223245244974 0.135237375024425 -0.204762309232779
-0.0401621922669587 -0.0420439419928374 -0.0605376678215981 -0.259939604595047
-0.036195997063683 -0.0084105172663109 -0.186704024009106 -0.142888747872246
-0.0396826751052221 0.0018957004825781 -0.196811404891254 -0.0226951650302505
-0.0387220634586753 0.00432763277435182 -0.172268770472304 0.0279877904314206
-0.0221825164354946 -0.0106029444504443 -0.165157693461647 0.0529299000109367
-0.00348803082916656 -0.021628817376813 -0.181417839143948 0.0487271462905117
0.010283181673297 -0.0285467858167401 -0.208949547916678 -0.00301950391975049
0.0535620780122967 -0.00864828918594722 -0.215870610530897 -0.1156924210099
0.0332839547837742 0.0596216326315331 -0.159975817992544 -0.219980836674053
-0.0583433722272867 0.0867488719278393 -0.101726783003415 -0.267170096262962
-0.102584667108197 0.0406099025246044 -0.245466076994637 -0.23574876682897
-0.150141230337547 0.0264943049321947 -0.175592861830971 -0.196492421301756
-0.0582308116771861 0.0758747074263067 -0.0245341994398825 0.0852239247141229
0.0226902116717065 0.0568563163400347 0.208780073418359 -0.0225202873127594
0.031733264952814 0.0164125952558268 0.160448213224674 -0.219583624568777
0.0134816444202003 0.00981367876520561 -0.0481633230478491 -0.280390922404579
0.0276476234005319 0.009973668939337 -0.188445352786657 -0.154094889089536
0.0269644257754472 -0.0122382942745357 -0.197720941078636 -0.0279868833654971
0.0205389896906532 -0.0155379884145074 -0.167056652412294 0.0258293993225573
0.0422618127603232 -0.0161840540663738 -0.154701158768932 0.0577339890872925
0.0569322421450697 0.0160375851608724 -0.170601457369043 0.061600386523146
0.0383189817049234 0.0414456573289782 -0.200587670243419 0.0184809985144391
0.0272450085900905 0.0830571205961944 -0.219889670451135 -0.086101301141876
-0.0541009621881213 0.101903911973393 -0.176863284792959 -0.186664513637464
-0.167839198651827 0.0456325566832531 -0.107798231973243 -0.212749573111475
-0.212251691563405 -0.0403181235991811 -0.214343250871438 -0.179716053808183
-0.233793449962364 -0.0483524282953471 -0.102854287841065 -0.193688000338542
-0.178989483598764 0.0522423211999643 -0.00365380193258238 0.0971721308954701
-0.068858313156222 0.126752670769171 0.235549225569888 0.00378655993096024
0.0282844526350532 0.12890134303373 0.200502760813971 -0.214571914885938
0.0654565494630367 0.0784803677100646 -0.0120225633544062 -0.28727881610172
0.0923789845136625 0.0385517856660818 -0.162145607741683 -0.165110079430307
0.0943647458744651 -0.0184610670212091 -0.170901266376629 -0.0362861820387908
0.0775234050695217 -0.0338922035086462 -0.138289578700333 0.0194132770381114
0.0973297855318329 -0.0281892698343949 -0.120996515794304 0.0596406609984013
0.112720091536779 0.034880348135404 -0.135357532902869 0.0826935401255135
0.0790439475086137 0.0891185584970359 -0.174558941497805 0.0624381123749826
0.0350915615077826 0.163317564193002 -0.220216060752875 -0.0283069174781315
-0.103850562499105 0.160620028947958 -0.202928414425225 -0.134517825550056
-0.247262193571096 0.0406255091226889 -0.109742458360902 -0.158019289237445
-0.29685517425616 -0.0900153623719475 -0.154157067002535 -0.106353665681004
-0.275887362529791 -0.124952231063345 -0.00633867765393342 -0.145957931112157
-0.279438677152521 -0.00424810611903936 0.0333731899724049 0.126963425902629
-0.172569125014006 0.162137155044285 0.257248897846225 0.0515575864647054
-0.00530959856413105 0.229693735044472 0.241896130305329 -0.175022226627625
0.0992116367824228 0.151480696385689 0.0432937021219387 -0.263958466679403
0.14345114224083 0.0735895883857344 -0.106587737510639 -0.163301453696338
0.150244105352146 -0.0156857714824231 -0.11951466419276 -0.0432999420299697
0.123562193766122 -0.0471920127493307 -0.0899683593532653 0.0101855538079842
0.135707467091358 -0.0427208273847741 -0.0702487983540548 0.0560698826310839
0.153395710782083 0.037248728140628 -0.0816730285623201 0.0982057571966424
0.116937263496902 0.112753833874616 -0.127216293296223 0.106035784473047
0.0597049087794155 0.217276185867522 -0.201426882808476 0.0352368634848843
-0.121562905024076 0.20794304592015 -0.215163594976572 -0.0729830970376271
-0.287941844978752 0.0500837288585091 -0.100368457443116 -0.114267936440466
-0.339837495966141 -0.114723898712933 -0.0727415414432948 -0.0355158294034024
-0.265772361401981 -0.18117213072068 0.0973529904109026 -0.0588934435136416
-0.322688982544629 -0.0759733990486804 0.0780346141759116 0.173473024631545
-0.252935029754451 0.145786488525521 0.259219779176072 0.114628427147646
-0.0584934254958525 0.282336370926904 0.265849298952768 -0.101482134476278
0.101777387245607 0.204934308420798 0.102247033633285 -0.204000339716484
0.167404079040264 0.103688754904461 -0.0305330070456573 -0.142843941176706
0.182314328830844 -0.00625958885223105 -0.0508471743880239 -0.0451951411910003
0.151135623612224 -0.0538405262689519 -0.0294023194555277 0.000395417278382642
0.156740654694473 -0.0534067887822666 -0.0102904337780839 0.0472291255774614
0.173421756939962 0.0315004384440698 -0.0188216783424043 0.10330573329918
0.1384876923879 0.118915048007532 -0.0682337569063143 0.136900437669508
0.0730431753542001 0.239628431694776 -0.164467077153468 0.0866539818597452
-0.124849858217207 0.221586020982545 -0.208175752882705 -0.0171172403499101
-0.288460523826199 0.0461315051002775 -0.0833084657126196 -0.085054552896054
-0.331134091191724 -0.126729077396898 0.0130966959150947 0.0249857666767489
-0.206414366744351 -0.195459305528407 0.18724321906985 0.050127219265855
-0.289996045264241 -0.132731792487562 0.11716322419579 0.22300366243698
-0.271538639971795 0.0890214723087915 0.236643333416304 0.173240655338904
-0.101545863652776 0.267256615278427 0.259361918521664 -0.0155496350437738
0.0790109403695853 0.214907964020741 0.147651762759876 -0.121070855234511
0.15769850563632 0.114822055834641 0.047767699291107 -0.105170468299072
0.181753359907683 0.00154345276605874 0.0238257962027849 -0.0415331620896046
0.155683281465933 -0.0521461542092762 0.0345708801289299 -0.0097958087410553
0.158852689009965 -0.0559397580453351 0.0526277829794593 0.036348208011457
0.171163851756657 0.0242963138413556 0.0433836157676043 0.102735234896226
0.138350761536843 0.114747865504187 -0.0105279631590972 0.155453601624652
0.0633840351786516 0.235171847785245 -0.125720225866521 0.121091097598663
-0.129397395343861 0.197415137280915 -0.187877273751916 0.021185016205791
-0.261325688462279 0.0177119630871901 -0.0619792316853461 -0.0645026725518146
-0.272908636492289 -0.136467178879973 0.0865539638630314 0.0758392520385524
-0.11270034682312 -0.163610565289195 0.249436881529603 0.151252526534155
-0.197181088263619 -0.146054337930956 0.141874520173578 0.260455116960293
-0.221134075880332 0.0273962080260373 0.199210804977573 0.213767293532249
-0.106425268337732 0.199399227228411 0.233751414042784 0.0575767662386117
0.0492557504514678 0.176596632185174 0.174037423684722 -0.0439306180968405
0.121641878067617 0.0989805728678698 0.113320311689441 -0.0661800478217336
0.149890659704022 0.00573307251344484 0.0895654070723681 -0.0379075507065771
0.134898664269975 -0.0443544415787581 0.0925429512999063 -0.0189033761316892
0.13929525594985 -0.0478379958623017 0.108932465695878 0.0265992244119064
0.148859395624929 0.0182615359250798 0.0982500824512193 0.102772223749589
0.119757216557282 0.103898699054044 0.0352081520421458 0.171091032475523
0.0359625903259891 0.20717728389071 -0.0957056671965398 0.146897057811492
-0.13272990275569 0.143405331279382 -0.168715502177948 0.0472154038555589
-0.211226478421571 -0.0245412163658873 -0.0451151494696015 -0.0492061846212791
-0.177127872094413 -0.137985445654296 0.138218196617325 0.118793401607492
-0.000856194933360727 -0.0989510189243539 0.277527514978116 0.221607824179813
-0.076212515709223 -0.116769101780347 0.153829742525577 0.271793158560146
-0.125358432639657 -0.0155234482814581 0.166047035975469 0.234208237671043
-0.0747655334554949 0.109386061027489 0.209712090977138 0.104184041598175
0.0217756251289829 0.106908461058373 0.186908119544254 0.00378093977492363
0.0694986628082302 0.0617769452992272 0.156575188733283 -0.0431112828498901
0.0944282638316859 0.00619465647414346 0.136447593680223 -0.0378457164164537
0.0930588577840881 -0.0307399714608134 0.136287515746916 -0.0255883600241329
0.100659849451034 -0.0328859591638879 0.153139950747614 0.0209641667776519
0.108412366951956 0.0128634578878207 0.141012219042948 0.108762052706496
0.0875188048914467 0.084166882001034 0.0654117052820176 0.190646409373486
0.0034483499413239 0.156022922729231 -0.0846474093827759 0.169903239815634
-0.121192804400431 0.0751448884059509 -0.159544388097612 0.0632219921304972
-0.13815568402647 -0.0629217688857514 -0.0372043248111326 -0.0377321460173801
-0.0601799398601834 -0.121218267511704 0.161374340008558 0.152337345823128
-0.00640804241478789 0.0975493841644066 -0.270325035724556 -0.0544859244577321
0.0799746327097113 0.0411594620668069 0.0180772072641982 0.0989786021770888
0.0663401124599256 -0.0583147187464108 0.166941669254173 -0.114704807983444
-0.0252897286207224 -0.0792170153068917 0.0347567110175745 -0.257364733039221
-0.057328097059762 -0.0182500034861801 -0.176199753088791 -0.217434162335917
-0.0373745482692463 0.00987433145998139 -0.240193524207112 -0.0503427276286238
-0.0367005883781823 0.0180969950188211 -0.196219226187561 0.0669621870917221
-0.0331756770125468 0.0210086283056646 -0.149708686456285 0.105058559244847
-0.0259060982760843 -0.000936557116634472 -0.130670054536964 0.125522165842693
-0.0125680721746078 -0.0184611572387551 -0.148644246649132 0.127898884945885
-0.00345263807149915 -0.030353540698286 -0.195507174361503 0.0901680630988246
0.0420238267546347 -0.0327734910616843 -0.251085516150043 -0.0109748925801371
0.0569148434811081 0.0401399665421456 -0.246692193953613 -0.133923239372121
-0.0168050911623741 0.105743586943029 -0.21661716426338 -0.213255843963697
-0.0828468916509435 0.0845512580129936 -0.337040058859749 -0.123729649534996
-0.130788686297222 0.0894361108065613 -0.252586775947617 -0.101599330060053
-0.0214222501554161 0.09377101497909 0.017941674327059 0.0953258553362679
0.0420027382721408 0.0419488312706455 0.191027655878737 -0.113203619028919
0.0318468217789371 0.00113224303636167 0.055776788555484 -0.27999471926617
0.0146889879775542 0.00735167634852002 -0.17185717223959 -0.242847229220961
0.0301587029798187 -0.000547138930263527 -0.244678141043758 -0.0620912941430211
0.0192766311075823 -0.0230302771475343 -0.196560957536392 0.0603774119114812
0.0149068011434599 -0.0223434261126363 -0.144806141305766 0.100971995369467
0.0328812468457768 -0.0339008830569166 -0.118909233098893 0.125889653336985
0.0622160881309209 -0.00876326214032546 -0.131701532397428 0.136867843355746
0.0543474038114994 0.0240912662086951 -0.181768198500036 0.109301056345423
0.0583941630825889 0.0643603186030876 -0.24873159272867 0.0214049929311202
-0.0085428924009704 0.1186670532038 -0.251075467183504 -0.0979513869308432
-0.139790134151776 0.115671097124455 -0.19679104887179 -0.165156688200019
-0.225395202961848 0.0591958661311991 -0.27714435761356 -0.0905501511126575
-0.241330932380058 0.0527020916925143 -0.187044735318029 -0.128737107068123
-0.14462234859666 0.121399238571193 0.0416810216834077 0.100936986806288
-0.0140841683808365 0.144141446145112 0.229138216470383 -0.0944009088513176
0.0760548542598225 0.10463697580486 0.0999972225512635 -0.28963555690153
0.0919967493195639 0.0483840577680125 -0.136959265229941 -0.266202838928204
0.103010681554497 -0.00222533343118096 -0.222696907002876 -0.0836032084323019
0.0799316274725076 -0.0581282943880297 -0.173652043764742 0.040522194563215
0.0609121332274797 -0.0643647684202261 -0.120114276995766 0.0817711747080562
0.0797960470756478 -0.068773348998538 -0.0860785904129713 0.113498211260559
0.123533665159662 -0.0152911787063971 -0.0887156582494132 0.142931652769126
0.114234163874616 0.0526323653774511 -0.139503791291109 0.141030669641411
0.101971603942232 0.136454159567846 -0.228814943021373 0.0782338497810238
-0.0325598404203243 0.196626057638032 -0.254745323978723 -0.0382316308350202
-0.218514728952574 0.146815679327251 -0.174618539772857 -0.116672101553814
-0.32989783405784 0.0516393317673538 -0.184195657863406 -0.0515030707347816
-0.312471100488396 -0.00433911258101053 -0.0791582844059238 -0.126155872503822
-0.261250236645562 0.110043150445818 0.0871216530308244 0.115932068216263
-0.0962239345297613 0.219362698127185 0.270859940585852 -0.0522972394251177
0.0893502508126672 0.210698845149386 0.159752094214441 -0.265169497646536
0.153718026386632 0.101357206259704 -0.0707057037176905 -0.269965814816789
0.166543206285394 0.00864220992330392 -0.167987675185246 -0.108227742925215
0.133505224252164 -0.0797220216931355 -0.126145144751409 0.00964305072914403
0.0984413371666406 -0.0963923997918385 -0.0787857536277318 0.0512244718991996
0.110108136739366 -0.0995779990764379 -0.0390782032640479 0.0874903002664687
0.163090551758464 -0.0310951473685272 -0.0307660183322312 0.133557178740384
0.16197452749013 0.0580920384700303 -0.0765487862848582 0.163298155699464
0.150118481248237 0.176686886394709 -0.185584724431825 0.133296008418433
-0.0285234345607959 0.250683326761355 -0.241676274727863 0.0245524712126087
-0.25267839722606 0.174654974757387 -0.14769768664055 -0.0819587361247519
-0.380887408655009 0.0484118783799892 -0.0744749984973059 -0.0223002902806351
-0.325713258775836 -0.0641156699611432 0.054496001472806 -0.0899315788509058
-0.331761870047672 0.0587893599257963 0.146268119913471 0.140114506304083
-0.178038740448422 0.235247823893201 0.296831484629337 0.00977459963877623
0.0625487479323912 0.280903202808515 0.215322024510238 -0.20192565496281
0.179721907604485 0.14804094488676 0.0144104167166355 -0.239391042616072
0.202024725441451 0.026268803262957 -0.0871033455007629 -0.121838517842575
0.167104322719794 -0.0846414152627511 -0.0607556328622518 -0.0237618322027498
0.121342550362371 -0.115341271965284 -0.0264728606438602 0.0142906157430669
0.125707096501312 -0.118722744246667 0.0134990622908794 0.051821620104817
0.1791491919902 -0.0457326707683138 0.0316065133187296 0.110539916604194
0.185893948944179 0.0539076258353833 -0.00744700915408057 0.166297134998447
0.173805907126048 0.192413220104618 -0.12974595027721 0.167535563700953
-0.0256183495607655 0.26620873070234 -0.210913295295162 0.0734018421602003
-0.255585343528524 0.170761343677608 -0.11907361731622 -0.060702739962144
-0.376294103399363 0.0322075074158538 0.0330484522686344 -0.00224354249780533
-0.276281941573154 -0.10468756457924 0.186962539563307 -0.028164255453753
-0.325130123361597 -0.00824619952048988 0.204067643075881 0.167263829338892
-0.218469400549891 0.189493181258497 0.298053282867521 0.074610922210031
0.0175322391355994 0.282392345731099 0.246239254575335 -0.117989866595758
0.162245213330307 0.165143315300715 0.093598155602752 -0.182094379303198
0.197551244005392 0.0395813026292407 0.00311695046715414 -0.123043291299454
0.171133363926061 -0.0767292605708307 0.0107588849360734 -0.0538809357214078
0.125346326369401 -0.115653928386658 0.0289366789075412 -0.0249417299884342
0.126324710565186 -0.120988218428164 0.0666096805704878 0.0134310765164963
0.174046589296364 -0.0511833532990431 0.0899185921712266 0.0812724459795017
0.184485357782127 0.0504164310457066 0.0539634949506582 0.157950067779206
0.162742997975494 0.192233450618691 -0.0772825867449417 0.18181032737943
-0.0414963373010881 0.244996338351658 -0.174242723098717 0.101660682052373
-0.241907036308922 0.132230159836682 -0.0888867918863381 -0.0493129579751194
-0.324027240359718 -0.0030785829036477 0.125553577871286 0.017320172219957
-0.173694747295401 -0.1152179657815 0.293450619701613 0.0374715676720572
-0.24424296846561 -0.0607169593868799 0.243847770246746 0.188341348582717
-0.195450986531682 0.11055823153962 0.278536492006094 0.12544881856649
-0.0146901036578519 0.22273455084792 0.250660579240354 -0.0383178457542122
0.118680217415134 0.142262965432025 0.151751956413428 -0.119842645359471
0.157124192116263 0.0395978248410176 0.0810756529027314 -0.115588382206924
0.142201654080196 -0.0590187149645858 0.0737983265032985 -0.080224416772164
0.108169017690433 -0.0998722022624913 0.079885481603995 -0.0600918031011333
0.111017283695825 -0.106163158587158 0.115887920986841 -0.0220869236802726
0.149834642150807 -0.0471944328474593 0.141331422903256 0.05604057258969
0.161971867451822 0.0473727315153125 0.104183053122435 0.150765582974606
0.125310367341659 0.178859281284558 -0.0377114005711545 0.190013761420067
-0.0679251665255338 0.195913755634651 -0.142714766206081 0.115327674265771
-0.212400534052263 0.0695408420882646 -0.0636858851178887 -0.0388732896213598
-0.232706966251743 -0.0493483847254804 0.191960134698156 0.041306722826313
-0.0408289555644052 -0.099943724062214 0.354945619190846 0.0883952495815762
-0.118323884206074 -0.0824097409690363 0.260156322741919 0.190513053963552
-0.123319419356975 0.0313985934615596 0.255123338874284 0.152314928057982
-0.0227007364284453 0.126987057706221 0.245744396463731 0.0116041301630066
0.0629611821312817 0.0877064927701149 0.1839064378045 -0.0803548464377775
0.0916009168309758 0.0274623160120942 0.130351301855997 -0.112684814711696
0.0907237891952214 -0.0350655204184343 0.115846056919166 -0.100395980880649
0.0737240658655597 -0.0682216111104983 0.116105280164401 -0.0859895754891454
0.0803606024370916 -0.074884259669849 0.154690300143024 -0.0480095022165813
0.109199203715715 -0.0344277140503616 0.182994647718935 0.0402903325978049
0.121817694043492 0.0427497075229097 0.142738295163035 0.154646159755498
0.0728795781622092 0.146462506845354 -0.0145820419877485 0.203525513001422
-0.0868801830914549 0.125706526386383 -0.124313985212705 0.125877694592301
-0.159036799813763 0.000826198691831825 -0.0491482686470794 -0.027999468275282
-0.111676467565871 -0.0895673963365968 0.224752974068142 0.0695170274717374
-0.00359645871405628 0.101640659018916 -0.28582029750198 -0.0469445896955515
0.0862172447768985 0.0412403054458733 0.0244443079365563 0.105251855725605
0.0678329142872965 -0.0627137455201042 0.174483832194905 -0.127033056475509
-0.029682841243894 -0.0836775006183642 0.0312429816974683 -0.27430260754316
-0.0604679961478293 -0.0179137355824957 -0.193378010240582 -0.226175122671155
-0.0390106811424668 0.010628005819677 -0.256035181288562 -0.0477691843021008
-0.0380207138108404 0.020567864186282 -0.203507400764514 0.0758043689986238
-0.0335262379017338 0.0235147222710526 -0.154059998987248 0.116775081243831
-0.0272670382968711 -0.000646585081203032 -0.133904144910856 0.13836922874252
-0.0126683924793743 -0.0195193872514845 -0.154123344406884 0.140678181032532
-0.00523597892998542 -0.0315191015702365 -0.203886904039203 0.101578164646379
0.0426222461951707 -0.0355809908695392 -0.266111532067596 -0.00457819887716843
0.0620764082971362 0.0408323338209572 -0.263059856610675 -0.137927990642093
-0.0133861920336903 0.11308020735802 -0.235116804181107 -0.222886152045492
-0.083885284560889 0.0908107669362812 -0.360750940992405 -0.122402168427758
-0.135582779978908 0.0973103609806285 -0.269090359459654 -0.0969218298882239
-0.0194519802592862 0.100228129159703 0.0235418973360248 0.102629590420727
0.0452751898303259 0.0432785808746184 0.199787246564398 -0.12476594523567
0.033726532714297 -0.00135181956383092 0.0524323485710809 -0.297741828961621
0.0165616887725263 0.00669966633976014 -0.189401916558595 -0.25391531992427
0.0322610375943047 -0.00221236797687604 -0.260555347856131 -0.059634894247043
0.0192280228923016 -0.025369329438359 -0.20446532477417 0.0698052097567628
0.0152034073519278 -0.0238597916081911 -0.150161148956133 0.111934306346062
0.0333289092731632 -0.0376879565468046 -0.121546964149399 0.138688673519032
0.0665885023659326 -0.0111571167541076 -0.135396074512619 0.150099249180999
0.057772092501334 0.0244155379707387 -0.189457703989712 0.121550898194949
0.063456780409991 0.0664005624762313 -0.261790146220054 0.0286313772919374
-0.00555223885778912 0.125028190685497 -0.267354051806385 -0.0974748637878676
-0.143497405437732 0.127229572261734 -0.212955612957089 -0.17233044279987
-0.234787973109601 0.0676417221016028 -0.296998821968836 -0.0887448218195934
-0.252868125139906 0.0621123576652536 -0.201177031553173 -0.127839479086642
-0.148751763242308 0.132792482257603 0.0481747280443434 0.108256605354691
-0.0108253531267029 0.151812592660481 0.241065239787881 -0.105967915458655
0.0845915486098978 0.106281755525159 0.0990357938663734 -0.308566378112914
0.0995979484239886 0.047291986644948 -0.153471381083056 -0.279685222420771
0.109422295540745 -0.00557342080444771 -0.23821401022993 -0.0835533346810554
0.0821710905439492 -0.0643497181753734 -0.181074215884947 0.0478089035753453
0.0616461714459803 -0.0693131975926124 -0.123592714354657 0.0907435929709843
0.0814780328146322 -0.0759166718908942 -0.0870808097837882 0.124231580560743
0.1312599227733 -0.0204517901073823 -0.0895996639605915 0.154878605935207
0.12241878677866 0.0524240158267162 -0.144024318101415 0.154271533342434
0.112224559022979 0.140365600088553 -0.239892360711788 0.0888908828759324
-0.0283137093882397 0.208480375124462 -0.269638166958863 -0.033757920167701
-0.22707779348241 0.16216889103819 -0.188765138987728 -0.121946044771885
-0.344849437772727 0.0627281008253171 -0.197917076004424 -0.0515403468383362
-0.329990672861217 0.00433259139264978 -0.0872730482091583 -0.128359104865794
-0.272794125843467 0.124804876846975 0.0965244339819501 0.123223571436162
-0.0944649513022589 0.233088315078436 0.285641310504907 -0.0623726088058775
0.101470090443032 0.216847295035909 0.162924718235786 -0.284551931995956
0.167256361960789 0.100837546292364 -0.084189393410497 -0.285363321620623
0.176647635818876 0.00373292891514289 -0.180696462980783 -0.109797765036881
0.138131893137199 -0.0886873264857358 -0.132541511280098 0.0140234138086891
0.0997247318969463 -0.104715975403519 -0.0811446965593648 0.0566340355316875
0.112393880753259 -0.109045948410371 -0.0390009753293854 0.0950158073490367
0.172559537479288 -0.0381841527299941 -0.0283815489972251 0.143056702563488
0.172981100433146 0.0565086535433166 -0.0768481786102308 0.176000952172852
0.165033751824388 0.180626211785174 -0.192621721390546 0.146602699170046
-0.0227227333848737 0.265336042542778 -0.253449768865161 0.0340797972465123
-0.262294760227544 0.19152406863791 -0.160242812797254 -0.0842634427740658
-0.398319739049477 0.0606899467992062 -0.0812656071265873 -0.0242667662670009
-0.345609445020648 -0.0585168495943687 0.0552128442691518 -0.0949676182783332
-0.34917962398597 0.0726689129002002 0.158807017618499 0.145683273460631
-0.180351384361372 0.253031134631288 0.314458615413964 0.00304573213343852
0.0758895479504975 0.290981679087768 0.22278748721474 -0.220211136291491
0.19533863123416 0.150209202706361 0.00727438271968683 -0.255693660895918
0.214746459896989 0.0208520660882502 -0.0953870413924317 -0.127970944158848
0.173476432291899 -0.0955453942498738 -0.0644080365017518 -0.0238685405419827
0.122964225736489 -0.124532321620221 -0.0268981922757633 0.0152869188214
0.127542417573094 -0.129514601537106 0.0165736546111695 0.0561733813599703
0.188505303895757 -0.0539327392742537 0.0368052652212037 0.115950071065209
0.1979811086524 0.0508555913007679 -0.00335423618798665 0.17781336695767
0.191032006284957 0.196775593150259 -0.131741334882877 0.181061272690275
-0.0197657428249957 0.281204591305202 -0.21906391898668 0.0856874861620039
-0.265704124426611 0.188415582846551 -0.1288983085138 -0.0627131283116808
-0.395025422543323 0.0430321623487416 0.0338273314893702 -0.00569409412373443
-0.294677831024498 -0.102921096574603 0.196245333723515 -0.0345176257034272
-0.343994715296532 0.000520494198765436 0.219731280182418 0.172683796342579
-0.224545663193052 0.205028749985681 0.317231688835652 0.071895071971314
0.027742268330132 0.295386490576371 0.257696204458368 -0.130281556348225
0.177176700253926 0.168519068579971 0.0935502516730831 -0.196162816210444
0.210470386541815 0.035527034689323 -0.000513971161232032 -0.13128433564487
0.177485589788925 -0.0867570156427496 0.00934706752363578 -0.0590811317618037
0.126470617848407 -0.124904746290185 0.0296091945860342 -0.0281903907221966
0.127358654068823 -0.131963396469402 0.0709413839668262 0.0125163770464999
0.182410910130163 -0.0605437428291368 0.0974156883883271 0.0831765530980026
0.196320686328862 0.0471048099739057 0.0613952137962403 0.167124127483219
0.179170123502257 0.196050671413471 -0.0761547729847842 0.19538089333068
-0.0374014400552165 0.260175865874646 -0.179655995832889 0.113990134479403
-0.251402807289615 0.146915713575276 -0.0972501845509763 -0.05056708652296
-0.340163859514335 0.00393851841995778 0.131454300588004 0.0110073590173147
-0.186473918226332 -0.116012235670398 0.310507157338316 0.0319692460142088
-0.259544811357587 -0.0578824064272137 0.26166180040817 0.192610030896228
-0.202956680532318 0.121832910975457 0.297727240694561 0.12559824217475
-0.00776104355945757 0.233565850619736 0.264610684740202 -0.0466878858443785
0.130219569235989 0.146269907953431 0.157257700100832 -0.131999352925289
0.168117841476885 0.036491326743579 0.0824866006599319 -0.125598322574798
0.148603849626406 -0.0676399692131362 0.0760028368395494 -0.0891161274727784
0.1089780895795 -0.107324458121862 0.0821792983738904 -0.0669972743507368
0.111684746485075 -0.115319324402279 0.12183598917753 -0.0266835763702991
0.156622063558897 -0.054769363113404 0.150554592776479 0.0540774500465765
0.17191482656887 0.0450180659864865 0.11480748586252 0.158381284927855
0.139193232517468 0.183459822078714 -0.0340814429426073 0.202098090440803
-0.0661491682588323 0.209784883798568 -0.146491604912024 0.127340929050928
-0.222170440869985 0.0798974194077533 -0.070151762564937 -0.0402120980823427
-0.24539536227886 -0.0467627882372466 0.2033049495433 0.0342946390754886
-0.0455394737602215 -0.103845207085704 0.377585951740815 0.0831285764398376
-0.126864143850905 -0.0847547834224906 0.280292182694972 0.193962190003342
-0.128898040181189 0.0362875510684497 0.273764491643362 0.154708199179031
-0.0194472759744709 0.132164468709989 0.261333505210553 0.00586441008933051
0.0707513920901113 0.0907728724553814 0.192572501149457 -0.0910668385982783
0.0985840720373817 0.0262070963300358 0.134899812875783 -0.124150821427557
0.0941705528285588 -0.0401485745964856 0.119440413594949 -0.11204918304166
0.0739607793754874 -0.0736968729536798 0.12016855107875 -0.0959332510530536
0.0808206350361213 -0.0812048198792536 0.16226093357959 -0.0564346732241473
0.113628223906393 -0.0398091571217724 0.195377407193791 0.0366321048899735
0.129923963699541 0.0400215067921077 0.155325063667393 0.160530801736565
0.0818379975158423 0.150975876612911 -0.00960342323894211 0.216093670535821
-0.0887827756422384 0.13588244403725 -0.127372743320888 0.137028841521515
-0.167288610428701 0.0053149956243349 -0.0547800387966133 -0.0284639325668341
-0.119493246041661 -0.0917710467347617 0.239190993508508 0.0636526873778984
0.00272037940945396 0.103948588525706 -0.298688068955962 -0.0292274896571988
0.0930237724525206 0.0379259962528743 0.0336482619357018 0.109421901250987
0.0668177653076343 -0.0687883393752861 0.17685829995743 -0.142699960458331
-0.0367081384840508 -0.0857811592257006 0.0182113365994591 -0.290079244058826
-0.064372791610977 -0.0153094963619861 -0.217209399380224 -0.226821541479682
-0.0396948170123383 0.0131361981979433 -0.271368965701752 -0.0359193674314145
-0.0381185926006237 0.0236097084572625 -0.20678452245124 0.0900406358076931
-0.0323743257792119 0.0268673493885262 -0.153532186154701 0.132330813563504
-0.0284992510274046 0.000742417434694671 -0.131196898502698 0.154263635475569
-0.0145314105156858 -0.0203767576736782 -0.152490077005547 0.158005812007332
-0.00778631630262969 -0.0318010316187668 -0.207350702418176 0.117923517819191
0.0418473991685957 -0.0394497723901293 -0.277736182642224 0.0105215512663415
0.0671909665232034 0.0386961938556813 -0.282055915202899 -0.130222887381251
-0.00685878579721614 0.119614713579497 -0.258837338252866 -0.221596019566335
-0.0820322857048762 0.0980901572114506 -0.385344983209725 -0.106348727091884
-0.134818080602038 0.108569823397452 -0.285104256452041 -0.0823489483197272
-0.0143225734240997 0.106233827179981 0.0331628660978334 0.106700550503643
0.0505379114167614 0.0422992147205512 0.202653890746317 -0.142558554483244
0.0345351741616673 -0.00498192511070167 0.0391192135897379 -0.315498398079332
0.0180660328893655 0.00468337716869827 -0.214170960516949 -0.255482713448148
0.0337827015535749 -0.00513048657900045 -0.27673050768823 -0.0479985393207474
0.0181723277635951 -0.0274516452130246 -0.208457539742814 0.0847057800593204
0.0154351488297865 -0.0257043732829007 -0.149073516707001 0.127340384884855
0.032622143986194 -0.041523687465023 -0.117745316420686 0.153581879424201
0.0699754930115381 -0.0173198445683313 -0.133184618500495 0.166472847962237
0.0619105176211265 0.0229403221027751 -0.191256957130425 0.139769543247079
0.0692977112565966 0.0654072340436898 -0.271638786435569 0.0454337965168656
0.00160302496987628 0.130842448967767 -0.283462691833787 -0.0873803230362309
-0.14209010332876 0.141779655768593 -0.23350381880781 -0.170624455257379
-0.240020873542626 0.0829740048491284 -0.316626115207325 -0.0753654715283809
-0.259184399691892 0.0794582097164262 -0.217206104526267 -0.11944325172383
-0.147445651457831 0.148427041393607 0.0583100650526355 0.112316903415057
-0.00146654184806167 0.158633483794617 0.247482406078121 -0.124015410453925
0.0944185115122772 0.103498603735617 0.086723137533561 -0.328395647512873
0.107370623638315 0.0422831081920903 -0.179585921813457 -0.284607893611801
0.114685629285085 -0.0131215804654153 -0.253499589693943 -0.0736971818246879
0.0814439563563016 -0.0725329192877079 -0.18534822178566 0.0599069511092475
0.0600683838463258 -0.0752194659242571 -0.123513248490966 0.102978010257964
0.0798355181527537 -0.0844404492877874 -0.0829247358785801 0.136381249198258
0.13725080210871 -0.0300744870731516 -0.0843841812760169 0.167837165312999
0.130943500938194 0.0477695388293697 -0.141812889291731 0.171540699259759
0.125569492060897 0.138904774992443 -0.245052117740307 0.107708471289144
-0.0172966861611646 0.218911804327155 -0.283021184573002 -0.0193561310707086
-0.22771552400958 0.183835429531257 -0.206179341406848 -0.119587392877184
-0.354316274686686 0.0829434002464415 -0.211517488482278 -0.0433249884765252
-0.343140655485902 0.0237964426499201 -0.0982152825273247 -0.12691154999128
-0.277439488758852 0.146933985602318 0.108581418966705 0.124664120489285
-0.0843865843099172 0.248388369623888 0.296289644403004 -0.0805309531124518
0.118850715592226 0.217274781511534 0.154761942127934 -0.307732851879572
0.181271846395899 0.0940422983317486 -0.107548213456177 -0.295411300421092
0.185784621083677 -0.00792790377668668 -0.195853270686521 -0.104670794875709
0.138490247294678 -0.101765791732299 -0.136976686887623 0.0221857448622957
0.0967864014449846 -0.113871004343736 -0.0812523798330184 0.0644274637886325
0.109731165350459 -0.120964370773504 -0.0342676371438373 0.103037625354094
0.179005749362839 -0.052009007241237 -0.0211871010194713 0.15204423347111
0.184086210427162 0.0489694704250077 -0.0698775294738833 0.190460481133244
0.183650420249381 0.177310263682355 -0.19229124017192 0.164129759918004
-0.00830730197594405 0.277687152340934 -0.261295693152374 0.0515155351614019
-0.263240027784858 0.21595604268092 -0.174415089164792 -0.0812435704581662
-0.410323635416914 0.085437141289679 -0.0881219084012276 -0.0226702236631594
-0.36479364063389 -0.0397252416216233 0.0514664083872192 -0.100427878171994
-0.360033540174741 0.0969842747456656 0.174066929509949 0.144402624070579
-0.172764051474231 0.273111064992246 0.329220093567022 -0.0136873840437253
0.0973582438033864 0.295975956989221 0.22083377649576 -0.242839891556492
0.214026697993683 0.142811476346513 -0.0104404048574506 -0.27027086477343
0.226922124502478 0.00810530551067357 -0.10773203764605 -0.129028114752733
0.174974999994078 -0.11083614571865 -0.068548228441863 -0.0217773257430167
0.119690189312902 -0.136042745179005 -0.0272299873664789 0.0173677268167357
0.123022505977555 -0.142581525000281 0.0200915640296164 0.0588439009277689
0.194360611507289 -0.0694914610598978 0.0449544564328771 0.11910153511271
0.209434514007945 0.0410175155671637 0.0070434731677668 0.188376576967745
0.212647615551084 0.191274098498306 -0.127341853231161 0.197012977961735
-0.00445655653579469 0.294742848835539 -0.222034064164391 0.103216586233322
-0.265467113391176 0.212388106641062 -0.140553226018022 -0.0597022734891297
-0.407213562390846 0.0678480360406154 0.0331483861485772 -0.0118546238943418
-0.312613656288495 -0.0886103869406535 0.202627421800668 -0.0455250590987449
-0.359809874909435 0.0201144818900221 0.238238205389639 0.168531797783587
-0.221225635698625 0.225496514009685 0.335927344665152 0.0583588613797366
0.0481487351871449 0.304090557341 0.261523095737363 -0.150650569967386
0.196638256386212 0.164376140692762 0.0848321253560298 -0.213013339015746
0.223524657918251 0.0228133695810446 -0.00833492584219112 -0.138068083093011
0.179032858123579 -0.10318723922903 0.00724792252547307 -0.0634989953166469
0.122453653956993 -0.137354915647186 0.0290457056336269 -0.0319205976040934
0.122656554238661 -0.145420346011228 0.0757128882595039 0.00895152466859968
0.187038698101044 -0.0752997223744027 0.106521298333775 0.0808416148015904
0.207458614631749 0.0364502000122757 0.0740978570726867 0.173857659559876
0.200579587384079 0.192253825353692 -0.0687565799872203 0.208377455502806
-0.0236099340878055 0.273917699224729 -0.179525618754242 0.130774847822262
-0.253880958888668 0.167955537246597 -0.106539162114993 -0.0485176418000055
-0.353027883376015 0.0225219472523733 0.136759093825674 0.000240948225911261
-0.201068812163158 -0.109825763371399 0.32532032405315 0.0164253744670596
-0.274218869104869 -0.0446050996945246 0.283684134298312 0.186489779866257
-0.204678455913301 0.137838067531206 0.317629862952855 0.115607603152488
0.00702583361856422 0.241683416693142 0.274067813737351 -0.0645273190612098
0.14650232261625 0.143853250826809 0.15664972758731 -0.149387213102182
0.178425170569225 0.0269964053959026 0.0790152848934505 -0.137778391145595
0.150368392348082 -0.0801080766572355 0.0741460815692285 -0.0998688510103891
0.105449961729632 -0.118073917351971 0.0806941123919544 -0.076042234400103
0.106863741512133 -0.126962010075868 0.125563056313209 -0.0354986610029789
0.159875180910229 -0.0671063990382174 0.160588378323137 0.0470976186426631
0.182249597973205 0.0359032093593243 0.129369635829004 0.160822912379994
0.158002627670547 0.181356599402006 -0.0244652548796499 0.214057940036964
-0.0569795424804041 0.223294873514486 -0.144251182401207 0.142585246091052
-0.226642378758796 0.0962066032712448 -0.0775702808449288 -0.0389400373872182
-0.257024338366488 -0.0355280296113473 0.212633080040773 0.0199232937210009
-0.0528775672081053 -0.105859689599078 0.397364041236774 0.0647487596906094
-0.137019048931754 -0.0806699805542303 0.3016068428872 0.186997509686917
-0.132560478718327 0.0444863339154244 0.293524902315729 0.147957129061161
-0.0117998156903475 0.137398160556262 0.273451086239422 -0.00905536393483977
0.0803062983673471 0.090119554803185 0.196574024918769 -0.107987265544649
0.105100408589036 0.0207721839403269 0.134428267440251 -0.138976477504162
0.0955726855157594 -0.0477331181267055 0.117835000016907 -0.127206628444009
0.0709710675911978 -0.0800145208393163 0.11864942273425 -0.109242454972223
0.0767865772769313 -0.0899725840401383 0.165059679569957 -0.0694137323831563
0.115472727896958 -0.0488364406653634 0.205068162142262 0.0265995765790578
0.138059662302992 0.033079774145668 0.171251737509265 0.160486242118652
0.0961976836383915 0.151556363016274 0.00239297846449989 0.226728042610694
-0.0841084134961271 0.148355671324097 -0.124398109832594 0.151692022191072
-0.173781654901335 0.0145184749360011 -0.0603386698680133 -0.0270023724933967
-0.12943123778559 -0.0897731889641313 0.25245551519939 0.0485110282417274
0.00945455452659771 0.102998119598459 -0.302200544619042 -0.00848394523556725
0.0975017180187882 0.0324656717581921 0.0435685528427298 0.109299160278029
0.0631783963175675 -0.0734390190500938 0.170744098251619 -0.157406184195372
-0.0444537020926446 -0.0845366242106119 0.00116237336786884 -0.296772034020424
-0.0662084064907004 -0.0118940783498411 -0.237204349645081 -0.216121943542648
-0.0393684346374458 0.0151256458566667 -0.279841520640369 -0.0182312322314843
-0.0371835460897723 0.0269250264654303 -0.203214991803651 0.103769631358091
-0.0297414684052755 0.0294223729188847 -0.146130518287854 0.145978839641822
-0.0279840354858323 0.00255687494639557 -0.122228041427822 0.167425827254347
-0.0160092580174518 -0.020318394220891 -0.14424758880398 0.17156059087895
-0.00988847703092078 -0.0305225016907558 -0.202603066411251 0.132580798448533
0.03936854718407 -0.0424153239232479 -0.281796059321481 0.0291378389366623
0.0705552581561984 0.0343758890985751 -0.293240378184191 -0.116258555745607
0.00205769309651137 0.122376937172595 -0.278151581413997 -0.211172900886815
-0.0764774582520255 0.102828214623065 -0.398488832486896 -0.0816987345072274
-0.12901832088082 0.11737970796604 -0.292651078225036 -0.0627094275768404
-0.0067442294390401 0.109084366562767 0.0419403111211913 0.107606888994463
0.0543793223035681 0.0398988730539299 0.197782625411311 -0.157779541593772
0.0336344457941643 -0.00777274733517191 0.0199975192319393 -0.323465905577968
0.0183583421400561 0.00270260406510901 -0.236340219128436 -0.245823621861477
0.0347799554961708 -0.00825762041406914 -0.285604884793818 -0.0310042153522709
0.0168600935540131 -0.0293193406328635 -0.205082059703819 0.0989417433075317
0.01410020336641 -0.0267193365789643 -0.141756013951353 0.139753260532099
0.0298784430523035 -0.0451014200032937 -0.108569771469681 0.166173313847613
0.0706114829451444 -0.0240138095975682 -0.12358912160725 0.179132493521085
0.0645787022541049 0.0197773975539769 -0.18453081396194 0.154606508008799
0.0745949944970754 0.0617735138089895 -0.273398271860175 0.064073697983481
0.0100739759120576 0.131884021360298 -0.291947639787967 -0.0717023546510384
-0.134347013141785 0.153940917263254 -0.249482088264247 -0.161252731596414
-0.237471776919357 0.0978041352721386 -0.326685701065476 -0.0568138635302752
-0.256171682139295 0.0973768585612638 -0.227206313660365 -0.104695876338085
-0.138935113575735 0.160143982294165 0.0673600740836975 0.111815736671857
0.0103672974370003 0.160636005681781 0.243964788629291 -0.14196966890731
0.102175804232226 0.0966568875838913 0.066684658621561 -0.339492677558534
0.112316173298533 0.0340555669195196 -0.204883829129376 -0.276971415709737
0.116941010601425 -0.0221292372745606 -0.262972861466424 -0.0590218652283293
0.0769454396816066 -0.0791888764242046 -0.183191824314736 0.0722946505082807
0.0561665345455797 -0.0796712315327102 -0.118369900659853 0.112996775966225
0.0745671561561716 -0.091763786747163 -0.0741238364841172 0.1452378772568
0.137964969064009 -0.0417497833502641 -0.0746437682239621 0.176943265693229
0.136767839879918 0.040464132979139 -0.132542141432509 0.184786347972068
0.136958956153931 0.132082231317614 -0.242147993774166 0.125216994927962
-0.00334753746079146 0.222589655101581 -0.286548588705034 -0.00148008734070079
-0.218455126886811 0.201288002124507 -0.218529214393103 -0.110058966234426
-0.352016589157902 0.106196229267728 -0.218814903146783 -0.0314792907771822
-0.344482928946785 0.047661917992382 -0.107590908513439 -0.120011280944592
-0.271115507566834 0.168086050928883 0.118062698572244 0.121609399651357
-0.0681421275003701 0.255904250864252 0.295758472833378 -0.100067211834821
0.135666075596582 0.210234171743136 0.136728945860226 -0.322558658392415
0.191282986444388 0.0814666774292372 -0.132416287413225 -0.293695115981887
0.189841646692306 -0.0215957224316793 -0.206978436567217 -0.0942643841098375
0.132632045609563 -0.113872981762153 -0.136245040643248 0.0304126237646685
0.0896781334779411 -0.121845426826607 -0.0780592027843521 0.0706629817294079
0.101491647165529 -0.12995771337777 -0.0271392861714181 0.108033799416663
0.178741140967767 -0.0659131579415305 -0.0112593914470945 0.156229652081342
0.190442332000258 0.0375020762040052 -0.0576306937194933 0.200706800207598
0.199035079857773 0.166036233477806 -0.184738012034835 0.179660378662625
0.0101977729965693 0.281930385263807 -0.259477928909108 0.0690197935536135
-0.252046644084377 0.236635335568639 -0.183807327769328 -0.0735437084529299
-0.407986013002975 0.110972849377176 -0.0930962533343652 -0.0193127673906417
-0.370161317451108 -0.0158324693612978 0.0451369350145173 -0.103691405242525
-0.358954491950547 0.121734289359824 0.185551535801301 0.136610341993874
-0.156096665979859 0.286923758637691 0.332403452505357 -0.0356628648149181
0.118799036845949 0.291454795702588 0.208072515588621 -0.260209830577481
0.227764085929043 0.129273230246323 -0.0318467604571049 -0.274727033824239
0.231489480946912 -0.00863593522762845 -0.118798094358813 -0.123968067947417
0.168892340567885 -0.126004963320635 -0.0709175207185274 -0.0194421214221776
0.111062043847679 -0.145382905914996 -0.026650307657908 0.018560362621803
0.113293071369404 -0.152629195497364 0.0254725568028832 0.0589526854404841
0.192591457605859 -0.0844846164978164 0.0541117441643725 0.118892609648728
0.216048543722517 0.0279329808464913 0.019778293856464 0.192637081036541
0.229259477083032 0.177342852388995 -0.116643849461179 0.209032466730351
0.0156879417128563 0.299484546737258 -0.216412461020043 0.120023002221274
-0.255445797697914 0.233215098141477 -0.148388414076063 -0.0529737970965396
-0.405502990352278 0.0927298868025854 0.0306316875540321 -0.0163105722091047
-0.322092660698986 -0.0688554798265649 0.202300462092054 -0.0586217666255619
-0.363781428093157 0.0441646874005732 0.251523316275117 0.156229115357271
-0.209124153278182 0.24229736017111 0.344225783014174 0.0373089255200029
0.0696798477083222 0.301638374841322 0.255128115015524 -0.169430210037654
0.211937387612569 0.151684467037269 0.0689587371034022 -0.2235201495512
0.229233851851074 0.00694660161238562 -0.0179836642754317 -0.140532336310828
0.175120522088463 -0.117578200025721 0.00341682074799174 -0.0674627832346121
0.113214861662537 -0.14585843847423 0.0275733032050361 -0.035138400538151
0.1117322253798 -0.154698339439235 0.0777678864737785 0.00470455243537492
0.184863585886928 -0.0898467094380956 0.113287185549523 0.0757678442807022
0.213079767171031 0.0231660970839238 0.0877622375282162 0.173299794611561
0.217716158268565 0.178391770487781 -0.057211797885129 0.216581187390353
-0.00529420172664534 0.279812587568777 -0.171297504492282 0.14500479230827
-0.24620786824414 0.187427126758285 -0.112541607608345 -0.0419558413857763
-0.355114026935661 0.04461230083871 0.136434585435026 -0.0120555909612202
-0.210152978815897 -0.0976429011894987 0.330622954527446 -0.00387048194478934
-0.281425345083054 -0.0273812958895785 0.297553960746094 0.17164434098729
-0.197744077449266 0.152200614523512 0.328998349712813 0.0986334288083069
0.0227897881108107 0.241785413252225 0.273414946596384 -0.0816387944965971
0.159583330474329 0.135155188233716 0.146934578735147 -0.162692858880857
0.183953618803175 0.0141905170644026 0.0706843669484061 -0.146370344082265
0.146831526885875 -0.0920892115160555 0.0682696429800224 -0.109080810311691
0.0973304352996243 -0.12545827944424 0.0759378445136492 -0.0849113141659944
0.0972019319014272 -0.13538588642596 0.124791638826613 -0.0449799822657298
0.15733364995493 -0.0798841670096316 0.165814756193902 0.036911355954649
0.18693199729187 0.0236295115376588 0.142631234311486 0.156078226051457
0.173129037723846 0.170776194530623 -0.0124981411186583 0.219446812552241
-0.0420184165638626 0.231032770942508 -0.135736831354933 0.155307975062717
-0.223335643920083 0.112544690473086 -0.0827217324442602 -0.0349256665543337
-0.261545514962066 -0.0201074890884393 0.214828398465391 0.0030194732162042
-0.0601500713454531 -0.103521175668237 0.407204471400701 0.0409029657286109
-0.143842057493142 -0.0727533737635936 0.315629968182446 0.170130976767017
-0.131767772289206 0.053672042718379 0.307248947120662 0.133433109025899
-0.00231117941678128 0.138072619985635 0.276957678529823 -0.0259207980887354
0.088567610351773 0.0858963250282891 0.192667466654338 -0.12361081275442
0.108779896352749 0.012968554753947 0.127517492289143 -0.151666340644563
0.0930742691184765 -0.0554173896743179 0.110338800299224 -0.140258892981615
0.0651461157118671 -0.084451880404799 0.110784674962551 -0.120315574781197
0.068974311071967 -0.0950651337596181 0.163164733815696 -0.0818887699600257
0.11333990957488 -0.0583662530440584 0.209490948315199 0.0120847068195151
0.141377827427005 0.0232652935775896 0.185604411695457 0.153208476471732
0.108149806771531 0.145290169274911 0.0169794596064283 0.231153455937928
-0.075567707267039 0.156388971083598 -0.116353632190953 0.163487900224239
-0.174581941535615 0.0256657896775341 -0.064909845476028 -0.0242955148845446
-0.136002606657414 -0.0830255431199528 0.257755510376358 0.0286260807614546
0.0133770018896641 0.099803208300045 -0.298646632137373 0.00771459661655486
0.0985527044699596 0.0275555556138771 0.0493111664535481 0.107661438971219
0.0595726896856773 -0.0759204892528586 0.16369385010607 -0.164572841793249
-0.0495673173958435 -0.0814910414700954 -0.0112222680682842 -0.297245863370841
-0.0666608906949892 -0.00949987566213108 -0.247069065892679 -0.203469462943983
-0.0389620035730996 0.015538950233799 -0.280235088330524 -0.00413337607953052
-0.0356357467799857 0.028140384875801 -0.19701927876324 0.112932345915237
-0.0269632919114316 0.0298220675836893 -0.137417948755409 0.153034992723336
-0.0281983662484188 0.00391652027188733 -0.112452818963907 0.173868088780818
-0.01660020256765 -0.0199676120183653 -0.134308198378239 0.178805344473373
-0.010739071187373 -0.0285932523236496 -0.195837889912592 0.140766432450653
0.0368159482042159 -0.0432777410537427 -0.277485156873184 0.0417920897919796
0.0711029920658709 0.0304372434074045 -0.295269320525096 -0.103982525633105
0.00870426781756842 0.121946517039958 -0.287624715809955 -0.199842406285493
-0.071400334981533 0.103115165600868 -0.399627733768717 -0.0630998317107264
-0.121930946555326 0.120857301141462 -0.291948347773994 -0.0468308304842422
-0.00117643691442045 0.108411758599015 0.0480652183958607 0.106696316638812
0.056623400522428 0.0368636709948892 0.190083806053768 -0.166249500364799
0.0323998402028053 -0.0102843014751403 0.00534356971347848 -0.323050247856717
0.0185214688605904 0.000819850610912553 -0.249177485321012 -0.231984919700616
0.0342623308553705 -0.0109512763963681 -0.285933313583801 -0.0169588553869611
0.0148866098773115 -0.0298253112790318 -0.197971129130214 0.107033566929869
0.013815537080213 -0.026860974045484 -0.134020501743319 0.146498421476895
0.0270738439465599 -0.0464976685276694 -0.0988484615994119 0.171325698626015
0.0689470829570452 -0.0282355144173032 -0.114038722540939 0.185101551081889
0.0654308648921866 0.0180365645484294 -0.176367615230189 0.163888389936019
0.0765015958679573 0.0568768681963919 -0.268223330486394 0.0763818124997458
0.015546050000823 0.129984395865698 -0.291577693183605 -0.0600537356185719
-0.125362881307242 0.15880568515389 -0.256376638473146 -0.150682734927676
-0.230392311302495 0.10523300687499 -0.329467109452434 -0.0409901329673105
-0.248530034307159 0.108144571431872 -0.228858423492368 -0.0905130907829552
-0.129800100778758 0.165543743777481 0.0730441264297451 0.109898741506535
0.0190536879914761 0.157970120743004 0.236828089338269 -0.151611129204367
0.105200731582265 0.0890977606488065 0.0512361870641267 -0.340671211948918
0.112981296636069 0.026671530134329 -0.219239996997311 -0.26530993964369
0.115206416064613 -0.0291792355601823 -0.265300079542484 -0.0458909046492032
0.07169219550709 -0.0822716429238851 -0.177728747028061 0.0794333903878626
0.0519027864706777 -0.0812781957485224 -0.112166670799319 0.118312888245457
0.0687572673784803 -0.0948117006247194 -0.0655364903170093 0.149081977068238
0.135703863774441 -0.0495557695008681 -0.0649208392803542 0.180216851938285
0.137843896454258 0.0342633375723127 -0.12225867704441 0.191626122544634
0.142410555477248 0.123288444442237 -0.2350178483238 0.135671576857191
0.0071294907777591 0.220714668581553 -0.282760791189953 0.0104555705006908
-0.207090692745368 0.210382859299388 -0.223745823745097 -0.101670004671504
-0.342940669409513 0.118825271394769 -0.220725846448383 -0.021984348727671
-0.338061568143249 0.0631397746678059 -0.112556719369037 -0.112906613948472
-0.261145149311908 0.179218526849175 0.122975719739605 0.116904152061156
-0.0548231503878809 0.255806326280917 0.289667433540938 -0.112628441635616
0.144230386001442 0.199366940341908 0.120937932427986 -0.326514265630272
0.194703509851853 0.069418038044019 -0.149179444927631 -0.284228063069998
0.188054074183542 -0.0326336492475039 -0.210556508656679 -0.0836675907401053
0.124869874455999 -0.119259853241991 -0.133614055573258 0.0354989590620785
0.0826768897486059 -0.123963788611572 -0.0737447626328536 0.0735259552974199
0.0925818963971271 -0.133827649849139 -0.0208534026757821 0.109430821375379
0.174563804420035 -0.0758310223013807 -0.00342863303933134 0.156580433891256
0.191230529205822 0.0278515710018781 -0.0472657782389704 0.204073449943087
0.205356713638625 0.152688051715201 -0.176532956043188 0.187690214371392
0.0232115515898909 0.278801113980427 -0.252755308434101 0.0810044548260756
-0.239278225148647 0.246862171217403 -0.18808779835893 -0.0656898020368853
-0.39787213950811 0.126072059547715 -0.0957987347638937 -0.0164466628049349
-0.365641375931734 0.00167132372563249 0.0401572045913747 -0.103978993231257
-0.35108582512765 0.137743520180185 0.189028673980395 0.129031120450148
-0.140532029688042 0.290196392439033 0.329540492966594 -0.0491987181629069
0.131001812763046 0.280775120704135 0.194344944095333 -0.267741795568902
0.23293801569411 0.115477518190443 -0.0487587693510912 -0.271295826246611
0.231607653877207 -0.0218271023254656 -0.124455816015283 -0.117356189522429
0.160581785780558 -0.134153658830368 -0.0712317282932824 -0.0173264079304025
0.101668301573413 -0.148126820202896 -0.0264341068654545 0.0192017679980877
0.103174132666201 -0.157081846893784 0.0292094113245044 0.057806616840933
0.187674486501779 -0.0956749738826323 0.0588389760023049 0.116698813391834
0.21614303350157 0.016951708343056 0.0294518999978193 0.192971560580312
0.236317601795659 0.163151570158292 -0.106990999188341 0.213702946658392
0.0302445215241433 0.296644104333541 -0.207174085619877 0.129035570449785
-0.242410858666088 0.244126741513806 -0.151732109845801 -0.0465004727536692
-0.396629416904159 0.108875421536981 0.0266756672936833 -0.0198103547586312
-0.320445944954489 -0.0530533958780197 0.196744901900956 -0.0664729653217804
-0.358908626950659 0.0616189718605531 0.253780838906435 0.144776738990429
-0.195587787006899 0.248611289988702 0.341523310460075 0.0227701067897305
0.0829491848086803 0.293299447573722 0.245668210424144 -0.178499095183273
0.219409422943209 0.138676487943435 0.0557461173020499 -0.224913135919447
0.229744278462233 -0.00642828643547598 -0.0254854036476821 -0.138964970013274
0.167014312391927 -0.125154702838803 -0.000421987784801395 -0.0693556197381382
0.104980474090242 -0.149056089484062 0.0240116247263526 -0.0376251708539319
0.100597988357337 -0.159005455713368 0.0775641368920253 0.0011353224551188
0.178110065623969 -0.100274265425052 0.115415470796939 0.0705860425000637
0.212248348027551 0.0124973286256192 0.0959596711037481 0.170286082218356
0.224719707848591 0.164046888943827 -0.0470673730687519 0.21925250987619
0.00879012505379899 0.278180058203738 -0.161245429738907 0.152678692253504
-0.23550742319908 0.197500725401079 -0.115910119478941 -0.0380647880733867
-0.347708343006137 0.0588952248914901 0.131906343468045 -0.0206480744982575
-0.211541608001226 -0.0874055226431904 0.326893449560986 -0.0182621478272638
-0.280751192636277 -0.0136541895003143 0.300327430528231 0.157392762145847
-0.189681054696403 0.158870091507138 0.329955078850498 0.0845802212664027
0.0339893772702381 0.236040725893079 0.267602989694416 -0.0929276133570888
0.16642330712146 0.124707669051721 0.136628089388866 -0.169191617582377
0.184450594417699 0.00362159506636633 0.0633336881763597 -0.149975889151052
0.140503645993257 -0.0994705797035581 0.0616610073787572 -0.115071872881981
0.0895285285631197 -0.127856216588888 0.0699965303814022 -0.0890110095154082
0.0876756362648703 -0.13836615121924 0.121296385222413 -0.051089527412076
0.151561797939778 -0.0878450772006902 0.166118723086484 0.0295334368396698
0.185878155820591 0.0133170460867892 0.150144405368349 0.149996958436812
0.180812388878001 0.15864703987041 -0.00256120613396436 0.219627806153105
-0.0302004332028375 0.231613786615601 -0.126366001540538 0.160962688711365
-0.215894432100095 0.120921904685295 -0.0857409606642925 -0.0307030738711308
-0.259208374104654 -0.00835759196634426 0.211176083944542 -0.0109635053236808
-0.0635457092073881 -0.0996420413259935 0.404594820722926 0.0222433712316968
-0.14527154278745 -0.065907116811391 0.318432036018401 0.155948462414125
-0.127889603157109 0.0592820886234137 0.310339866998575 0.120639166424564
0.00388029686555068 0.135024625884054 0.273255971296296 -0.0376925680193787
0.0934612667243365 0.0798254385146985 0.18500638993893 -0.132338317591776
0.10830744146751 0.00712121725846334 0.119444543763976 -0.158777367880745
0.0891302372795663 -0.0598923417172142 0.10156110177518 -0.148011864585641
0.0594336177502792 -0.0858867685993016 0.102643421623443 -0.126695553688123
0.0618626698657947 -0.0959255489356243 0.156753828939197 -0.090296318197598
0.108346566220011 -0.0631951647659219 0.208180819575194 0.00279043795263914
0.140758432592232 0.0157695989848024 0.192439321328959 0.144248509396929
0.114726015503034 0.137212918179185 0.0268591145602991 0.230297480822282
-0.0670257711546484 0.159298610366105 -0.107475862070118 0.16771519236848
-0.172498242038124 0.0325940313326307 -0.0667560510424465 -0.0212606569232488
-0.13810170573093 -0.0760450235752284 0.254023944352988 0.0124206489052049
0.00891368606162709 0.103281810438976 -0.291943559893124 -0.00289324114195723
0.0979156033198315 0.031103563187192 0.0477501197827919 0.106715463807583
0.0613846457609945 -0.0743460323182536 0.165232425791303 -0.158848537362555
-0.0495353796840054 -0.0803399867484489 -0.00510817222175552 -0.2970397056783
-0.0671684351982782 -0.00832019486477089 -0.241606075399457 -0.20422834741093
-0.0397236340325952 0.0155194281057252 -0.277200371883704 -0.0097892009364597
-0.0382760907730963 0.0276044569513701 -0.198128016535999 0.108214891099039
-0.0281515568436568 0.0292414581654399 -0.137877488652569 0.152271352102289
-0.0288281009798557 0.0041138188411322 -0.113767018337265 0.173153569518486
-0.016837933605273 -0.0197988428846897 -0.136234887825623 0.176566844844974
-0.0111017267701634 -0.0262029557278501 -0.19706210874358 0.134816532423581
0.0322051353255736 -0.0394713815357434 -0.272934292936639 0.033184475437509
0.0654123221560849 0.0302258861198255 -0.28569939544756 -0.113115523054147
0.00339898748118762 0.118349271755134 -0.281007949420072 -0.209652683554525
-0.0772716422249851 0.102807260063871 -0.393983619567066 -0.0805930344561585
-0.128656683797586 0.117815395420027 -0.284043942098894 -0.0498818153812158
-0.0052234954564393 0.107019228589434 0.0484303271205188 0.109125011360039
0.0533149567519243 0.0373185487605135 0.196367783758015 -0.158513125080236
0.0281974856333313 -0.00807628830744838 0.0170360831092753 -0.322654951873876
0.0172759444124503 0.00481819306269986 -0.240791099534452 -0.235889727469697
0.0343702474719827 -0.00955545231054229 -0.282120220297901 -0.0251566047484547
0.0139841594489454 -0.028472126438304 -0.19900198766113 0.100370444671806
0.0146597385650528 -0.0265355478742734 -0.13411442413686 0.144738702748547
0.0277315081349867 -0.0455306457439864 -0.0995523482014599 0.170861522790035
0.070947177847128 -0.0273487665528703 -0.114392981280254 0.184034825491681
0.0655114482800743 0.0222491505572882 -0.178363673169783 0.16099779757849
0.0700924488005714 0.0610996146596943 -0.266292727767755 0.0724644720717205
0.00675637849651402 0.129142654116307 -0.286838648647938 -0.0682278540931522
-0.131818352581966 0.153498839141277 -0.253744403987641 -0.163114070677946
-0.233739873725304 0.102938752199836 -0.326253642689997 -0.0617694084765947
-0.25569907723902 0.0978589841535404 -0.222270214491761 -0.086376614346636
-0.136602363959701 0.158087884214643 0.0751252859229911 0.117098524135849
0.00956329532506995 0.155514138806805 0.245472650786919 -0.140481208358682
0.0958815566313295 0.091424769894489 0.0683738027118697 -0.337492906930295
0.109155306397809 0.0338211101552346 -0.207826460669847 -0.269761983361729
0.11623411722731 -0.0252765371552135 -0.259690680259356 -0.0552188182286895
0.0723214002521579 -0.0792506461940471 -0.178191670281417 0.0715892351007918
0.0551052071155434 -0.0797362702848268 -0.112061411922227 0.115901083841663
0.069923577488708 -0.0924372033124441 -0.0647935863901407 0.148986541467175
0.138833111089124 -0.0477691103705808 -0.0650287948412518 0.181102244047602
0.139348840028084 0.040231172442577 -0.124316750493742 0.192978559727333
0.13476987421059 0.127978595983612 -0.235661518884441 0.137059714036672
-0.00412403525859738 0.220485124459418 -0.283464537459487 0.00349208677127557
-0.214577403541275 0.203311084455619 -0.226240751080071 -0.115300595492192
-0.344179321826541 0.11522630572239 -0.222900671607942 -0.041328638438395
-0.344109042864915 0.0474050725612011 -0.109181817497807 -0.100196333916998
-0.269054033817639 0.164496097436763 0.123791639238006 0.130134263700279
-0.0680897131327193 0.249285056564377 0.299876801870259 -0.0951910494658195
0.12988881085704 0.199034553301927 0.140874122118723 -0.318364075507229
0.187909299359788 0.0780477872060455 -0.13529437328963 -0.287827764623794
0.189053577149329 -0.0266583971433614 -0.203189968503502 -0.09254063480217
0.126763612546651 -0.114160315749536 -0.133663342466237 0.0269975531155795
0.0878838490668329 -0.121706803856482 -0.0745532959784366 0.0704697623859174
0.0956753048872578 -0.131274962179732 -0.0190251909418311 0.110219440793011
0.178992745331953 -0.0741519188674645 -0.00226800437993842 0.159144169559904
0.194161600893974 0.0349143909965113 -0.0487099960774403 0.208626620370596
0.198377541172001 0.158996208405016 -0.177560801838542 0.193457992664564
0.0114901268051861 0.281443397638361 -0.257654134050369 0.0753803828054258
-0.247189633667707 0.240382298019126 -0.19412375789468 -0.0787316018719729
-0.397873571727225 0.120576578102146 -0.101793178093396 -0.0326368144091804
-0.369576468586668 -0.0177249884497674 0.0385518580458392 -0.0852533040780273
-0.357884822487065 0.118353120661267 0.187294613062304 0.147443448367845
-0.156029037416327 0.27839055884939 0.337430353552907 -0.0273100415895878
0.115525415245027 0.277370060391642 0.213802107150005 -0.255088671948304
0.224253454904449 0.123494146718694 -0.0327846404369458 -0.273311850697464
0.231549533000284 -0.0150869860301724 -0.117090638564227 -0.125430191983591
0.163951734572976 -0.128540019173264 -0.0703398744358559 -0.0258261820223614
0.108173482536539 -0.145574136876394 -0.0267321893322107 0.0159314316516055
0.106257887073315 -0.154389544021406 0.03074197401867 0.0587171743653421
0.19266214968258 -0.0945718813738211 0.0603878306164043 0.119525644931201
0.219796047984937 0.0235516019160983 0.0285490550395589 0.200675467203412
0.23076465619889 0.168662533974356 -0.109225884811508 0.222999353420363
0.018878197381514 0.29966810416337 -0.21475270161135 0.125997155442856
-0.250963072108821 0.236969703116152 -0.158409184893421 -0.0576466062767119
-0.394822771254159 0.10289818056294 0.0191575741660676 -0.0315398856584694
-0.321098513457492 -0.0727506437737888 0.191762959811738 -0.0451036968683776
-0.36218488159759 0.0401778207218369 0.24868949752114 0.165803729179125
-0.209567146280528 0.234029667256389 0.34531783523136 0.0470364236847796
0.0672750576450303 0.288027328187725 0.260603663667817 -0.163994821550322
0.209267029827135 0.145199296676573 0.0695471964314964 -0.224562985488428
0.229718164217411 -0.000231418157869713 -0.0180193703322852 -0.143666382989989
0.170874511810615 -0.120665689750992 0.000924876242044806 -0.0767470547114988
0.111178955470127 -0.146667711507653 0.0241589468247734 -0.0400869600994495
0.104570697268552 -0.156321568636344 0.079963629270278 0.00254239162185258
0.182872050775492 -0.098552532925202 0.117357444872727 0.0740540349320392
0.216894327166836 0.0175850446125707 0.0951044182909094 0.17956923227631
0.22095587914353 0.169574909210746 -0.0498015992260846 0.230725592440744
-0.000356089776251269 0.280481117609453 -0.170738551398639 0.149945988481204
-0.241953790187211 0.191245343971128 -0.121796757152234 -0.0479559368442201
-0.345071136383708 0.0536673248780414 0.124596380221314 -0.0270348716272835
-0.20924442531691 -0.103433025558064 0.318396505929469 0.00346726400971998
-0.280553908416123 -0.0312842327839889 0.290635832930496 0.177478430693565
-0.19737253955234 0.145039938460955 0.327017363179743 0.107148496716063
0.0223757591764166 0.229746485235077 0.276175182845258 -0.0775677669407516
0.157634908163045 0.127863481367834 0.147376648615382 -0.167057804435833
0.18261940112016 0.00774775173747723 0.0689575931525824 -0.151189952238491
0.144004721782619 -0.0963966617474079 0.0630820430862031 -0.120405589685401
0.0947921303371385 -0.125204510060654 0.0693852587452202 -0.0906174676282325
0.0905193750487179 -0.135710380330182 0.122877697142936 -0.0490960046787604
0.155427867996002 -0.0869868292160412 0.167259660178844 0.0333186453527791
0.189979448142883 0.017753449794518 0.148553369073207 0.159746412661333
0.177388129347864 0.16300013930043 -0.00728803426943308 0.230500298932985
-0.0383993748613786 0.233287146368902 -0.135478943934166 0.157421168952462
-0.219929609627265 0.115847554262839 -0.0887055213394885 -0.0394805005397511
-0.25565390068717 -0.012925758819409 0.204006971542087 -0.0120824821861157
-0.0601579764149158 -0.109176242928775 0.394889943331154 0.0400746430480668
-0.142549085380358 -0.0766520119104054 0.306316079468006 0.171881950179212
-0.131070311825894 0.0480921999576323 0.30325978442026 0.139061398591779
-0.00322770306488482 0.128652412906114 0.27688043348603 -0.024019837050393
0.0872441512431791 0.079776104664751 0.191277068960446 -0.128487049005128
0.10711650214983 0.00919911136135374 0.123731260569123 -0.15683433738189
0.0917632393484126 -0.057430767717487 0.103205725169243 -0.150721711667003
0.0629143525030883 -0.0840680452677833 0.102695719683524 -0.126936000915416
0.0647749731945418 -0.0953590450572224 0.157226637044289 -0.088096604713568
0.110847959984388 -0.0628746330472414 0.20842752211586 0.00736530207711924
0.1432404629635 0.0189610443926238 0.189876813058716 0.153083170088093
0.11292876973267 0.141176181726311 0.0199221443460208 0.238694052876623
-0.0730560687251558 0.160558512871913 -0.116247234471022 0.163338111099691
-0.174226303874483 0.0281374868204823 -0.0678454646641554 -0.0281438167253898
-0.133654175399177 -0.0793425942868255 0.248936570302545 0.0157666848244133
0.00848025305320172 0.103008580787099 -0.294697405728036 -0.000583845029081258
0.0995020430146003 0.0308572074431995 0.0507157964416514 0.109426505924826
0.0623333409050335 -0.0762599730231657 0.168625903913864 -0.162197835224034
-0.0512724421908082 -0.080228143444947 -0.00528288737148024 -0.304490786255717
-0.0689931720727966 -0.00825099411820424 -0.248142136140855 -0.207068351697132
-0.0419238056279468 0.0154326306142184 -0.283661509413839 -0.00818935094411911
-0.0387403734942355 0.028365346817386 -0.201039685370612 0.110904573256218
-0.0277178881931424 0.0295572527601335 -0.137807802513978 0.157900637285483
-0.0293654818420082 0.00413535373856296 -0.114418215787018 0.179174486983913
-0.0175331540960308 -0.0208608433795554 -0.138243868618782 0.181615798192277
-0.0108090091227485 -0.0252352924670048 -0.200368779709293 0.137490691521898
0.0314907275616107 -0.0398273736783391 -0.276629939661249 0.0341411543434626
0.0658539806181256 0.030247437856756 -0.289614633833573 -0.118342429389019
0.0051334133554208 0.120290029362849 -0.286525299858907 -0.214774375816921
-0.0796671254794435 0.102821103965226 -0.40056814203242 -0.0804598371922623
-0.130118269190939 0.118661926689433 -0.287925628914463 -0.0478036795357433
-0.00519946323510072 0.109288360308203 0.0512403407160695 0.112432187966163
0.0546502737024189 0.0366283863539372 0.199984423340226 -0.162095729214082
0.0280019660908123 -0.00836635246267667 0.0175411103609963 -0.329804815600861
0.0167801549762592 0.00423914914951628 -0.247736845639195 -0.237613508966811
0.0339186902101834 -0.0108515572421458 -0.28764230554352 -0.0236515396777727
0.0138577135809654 -0.0288626108880928 -0.202129232719793 0.10313685461857
0.0152889229609137 -0.0272404764739639 -0.135099084798362 0.150038164268778
0.0275931818019893 -0.0461532987893837 -0.0988751185954545 0.175764243511163
0.072303134919347 -0.0293156197076074 -0.116232159455271 0.189587312991238
0.0682693533279593 0.0233637314524765 -0.181156205683634 0.164666567529677
0.0716122031624012 0.0614880322280692 -0.27106730731718 0.0743027807978136
0.00664907106832209 0.130747656913736 -0.29143850799644 -0.0722298676854134
-0.132857441045744 0.156055323358908 -0.260617961863671 -0.167695597448235
-0.237852332913455 0.1030688569775 -0.332514660043899 -0.0617804624583395
-0.258165707549462 0.0989990613706558 -0.226133829009764 -0.0853827734376716
-0.138346757824733 0.161656735009168 0.0770822377049687 0.121274441567248
0.0118681216096893 0.156471846842646 0.250537210032897 -0.143465974185856
0.0976721815626449 0.0913031153178131 0.0692430169341089 -0.344095836978393
0.110757679326235 0.0323156833842525 -0.214134885564753 -0.271498770171144
0.117923949237843 -0.0284999842345544 -0.264552499922821 -0.0543253657401697
0.0727846424140084 -0.0810633531901001 -0.180900452406182 0.0731786804786976
0.0562157406110853 -0.0809607318816843 -0.113737309793052 0.1193454700046
0.0700600471364195 -0.0943461719749347 -0.0642703775830854 0.152906562311019
0.141757459751487 -0.0518981428624962 -0.0659468724295474 0.185952881843483
0.142961025891127 0.0409607180376823 -0.125182489111627 0.198914765322651
0.137777446054725 0.12881019067842 -0.239536173418629 0.140400203685337
-0.0033647432329458 0.224071529223635 -0.286987164304897 0.00211539065685498
-0.217768688534608 0.207377469945312 -0.232150519804929 -0.118508898091913
-0.350104673207493 0.114772328596523 -0.227689731607326 -0.0423182448794951
-0.346696878957689 0.0479142732505736 -0.111839103233524 -0.0995889266554156
-0.272712107471993 0.169206905995244 0.125666540156966 0.135135148976629
-0.0674666551237379 0.25172089046545 0.304734008001619 -0.096734367158489
0.132550738660543 0.200658276667995 0.143127566843135 -0.324547345549987
0.191134037609163 0.0762058970098036 -0.1414650271288 -0.291329422804843
0.193053362103085 -0.0309803743235386 -0.208395144236114 -0.0932790012488772
0.12830274730008 -0.118167412746855 -0.135996669746369 0.0272354242887974
0.0885897562037979 -0.123570462706503 -0.0760868047974907 0.0727349763456483
0.0951652665770642 -0.133501912843156 -0.0181823920223037 0.112687537034839
0.182155774903926 -0.0789670236176307 -0.00197048724736609 0.163163581973894
0.198566144366776 0.0353148218316224 -0.048360824127552 0.214358526433209
0.202702306898207 0.159583110371639 -0.180316698322962 0.198541909357728
0.0135217367349713 0.285738555272238 -0.260921165166737 0.0762073701510505
-0.250930921596008 0.244915340883504 -0.198735371816776 -0.0807458474330775
-0.402766101165748 0.121451937848206 -0.105234652767205 -0.0347936437339798
-0.372472481710838 -0.0175295269515477 0.0374512211058742 -0.0847296623286125
-0.363576941262358 0.122513133928798 0.189031950509216 0.151496218100686
-0.156614572897587 0.282574132441698 0.342691547745356 -0.0267516272060208
0.118147627413114 0.279775312849798 0.217741649700176 -0.260063846987886
0.22954496024828 0.121936580769596 -0.0377119690286513 -0.276002611936789
0.236638715122073 -0.0196717279183551 -0.120203306266232 -0.126840705968478
0.165817441724704 -0.132836925363061 -0.0723273839861184 -0.0278162109986106
0.108780850687566 -0.147496130848894 -0.0287944155558472 0.0165325020507079
0.105540817329507 -0.156548361107661 0.0316342597616088 0.059266658357217
0.19496607160131 -0.0985671311704008 0.0622076947085987 0.122754090284451
0.223995676216012 0.02242793328846 0.0312487879854099 0.206283962625314
0.236291312699802 0.168339324987861 -0.110816417188105 0.229036741477602
0.0211215080034458 0.303814797221627 -0.21664254350432 0.127778159661683
-0.254156189395385 0.242169099278725 -0.163438975728487 -0.0590430178870788
-0.400765709325815 0.102866469688313 0.0168783438103652 -0.0338677618805404
-0.323994138415296 -0.0732106291815904 0.192589271363755 -0.0442114904741365
-0.3685696929576 0.0432654658133607 0.250758565670248 0.17069345707826
-0.21107658107098 0.236672288559746 0.349905676121341 0.0495449688869083
0.0694641850642205 0.290089815131245 0.264685742533031 -0.165743652359003
0.215005881385482 0.143455684494889 0.0680898884530752 -0.228119840420605
0.234359382842314 -0.00464221003944082 -0.0196038235315519 -0.146613524821659
0.172236048715649 -0.125280135505572 -0.000872969767608183 -0.0803357419784685
0.111213311483916 -0.14867467604984 0.0226017205459674 -0.0413621896885875
0.103477084612159 -0.157866506082396 0.0805859851084355 0.00186296973519376
0.184832574252234 -0.102192215913398 0.119878970635415 0.0758827361386807
0.220975881732267 0.0166610163780552 0.0993853050324918 0.183929257398462
0.226062267122677 0.16895389913626 -0.0514132954469705 0.236135014487468
0.00209888404081449 0.2847460236322 -0.171697349943477 0.152327973951601
-0.245753924892843 0.195319148593792 -0.124926187168604 -0.0485724782595805
-0.348989455961498 0.0540518561982199 0.123549014857574 -0.0310661894689069
-0.211344784900087 -0.104286631874885 0.322065175541242 0.00439876868488865
-0.285036514157845 -0.0309039937191601 0.29311928548777 0.1811193398475
-0.200157900028883 0.14721472886205 0.332306865726269 0.110575642099558
0.023199926307216 0.231503368179504 0.281026039714379 -0.078402430388881
0.1614639552647 0.12719394408438 0.147226590801754 -0.170485264462319
0.186676342445036 0.00476990105828911 0.0694371598241949 -0.155276696041004
0.145019040832176 -0.0993196554946451 0.0616910059411815 -0.125271360869729
0.0946513859028512 -0.126700123223141 0.0679570254027616 -0.0933899377624897
0.0893375228397942 -0.137171375214218 0.124464810411313 -0.0511655323893491
0.156475150288005 -0.0905199438516281 0.170486518578409 0.0340510624901644
0.192710054106367 0.0167779298321405 0.153265083200564 0.163053114367662
0.181739962794826 0.162375055220393 -0.00684615265485273 0.236620664213745
-0.0367208049715004 0.237576367088159 -0.136544001802725 0.161060810840716
-0.223543456269272 0.118279265819466 -0.0920331210256763 -0.0404794830814868
-0.258451765937972 -0.0134523114216754 0.204620811284976 -0.0163332690271235
-0.0603319758496668 -0.111265032320066 0.401114303779418 0.0411834621411508
-0.14514438086133 -0.0787083223661112 0.309644505665512 0.175341195033107
-0.133156593265526 0.0492530046413779 0.308174357348937 0.143281282650013
-0.00345119192214909 0.130111630363886 0.281539183397066 -0.0239140197883979
0.0899014973195593 0.0792274415082343 0.193768685055019 -0.132763360497466
0.108906897866416 0.0073968675325075 0.1248844031484 -0.162601494046416
0.092513792069326 -0.0595675999573117 0.101869422979465 -0.157103605544707
0.0626571123921106 -0.0844310458918749 0.100938350573399 -0.130854311354218
0.0639668977508151 -0.0955547222234638 0.158065594148003 -0.0908206447352263
0.111531707470962 -0.0648774102024999 0.212025896262499 0.00640105310364958
0.145566751219787 0.0170850626415409 0.194621691307723 0.155188006383566
0.115652809849998 0.141159684134213 0.0216504219409301 0.245226840733219
-0.0735569543456294 0.163675619832439 -0.117268835389125 0.166314780554105
-0.176836230760533 0.0291970741402976 -0.0701488918549183 -0.0291528761220114
-0.135265151405158 -0.0800502293712419 0.250445711117189 0.0115786762992719
0.00882161437554945 0.105997024014896 -0.305795468885021 0.00355417590778471
0.104515371764758 0.0314546248310603 0.0560308786819457 0.115084275691011
0.0642352374231241 -0.080813828830624 0.176845834700359 -0.171601463547604
-0.0545945235331903 -0.0822435960236886 -0.0072925125486964 -0.320394884513346
-0.0730547434384476 -0.00707317947279978 -0.262292547147659 -0.21343219535276
-0.0449783610493421 0.0162545300192851 -0.29896673371431 -0.0050069265224865
-0.0403228556145286 0.0305906477820283 -0.209121854968133 0.118766407470478
-0.0272687588219039 0.0311202702132275 -0.140416306313251 0.167807603257389
-0.0306557260956169 0.00430354209573953 -0.116200824861772 0.190318580694286
-0.0184645807817471 -0.0218053508197229 -0.142593569729518 0.193123407629423
-0.00983898886094261 -0.0253666365989863 -0.208627189676486 0.144876146367601
0.0325152374779421 -0.0417876315829185 -0.287995058490179 0.0373192179628754
0.0678624094609075 0.031041940000821 -0.303164242480526 -0.124688576182296
0.00675451722465776 0.125547790165746 -0.301236705222145 -0.224121872838742
-0.0830836857125804 0.106585417375619 -0.417788305891677 -0.080736506242219
-0.13376639323442 0.123627737092146 -0.29868877938106 -0.0465249524247452
-0.00347774980050675 0.114504315091423 0.0563159139124817 0.118497721518408
0.0584141747039594 0.0366710682363129 0.208571725351802 -0.170882079932631
0.0286176252504533 -0.0088474676054907 0.0161097703210163 -0.346327032320019
0.0165347377083122 0.00396805508700744 -0.261907522937893 -0.245020068985891
0.0346486357832204 -0.0127190687014239 -0.302247775764522 -0.0215999012049358
0.0134366784382363 -0.0302053772559438 -0.21027664484695 0.109759911731415
0.0164242901940161 -0.0285881264261223 -0.138259417833244 0.159551495695222
0.0278375386782085 -0.048522334483392 -0.10059628379771 0.186125929950849
0.0757720178312272 -0.0327867658839572 -0.119501360912055 0.200338717417265
0.0731867156592593 0.024843330463823 -0.188547995585454 0.174091456140586
0.0749075494072824 0.0640136333641444 -0.282016471031595 0.0791364947878998
0.00787065934664144 0.136440958126875 -0.303685945237845 -0.075955114075127
-0.137267904154854 0.16390803875292 -0.273910673413675 -0.175030814747321
-0.247767535177172 0.10807744125773 -0.348078990431424 -0.0626124796101831
-0.26585913298179 0.104117281575921 -0.236084983881914 -0.0852526579542287
-0.142648046800097 0.170294980149795 0.0822024777843322 0.128031715160397
0.0147165460825697 0.161441220071809 0.260500736175549 -0.150174516397988
0.102532599206306 0.0931811795777849 0.0696906623108123 -0.36063217156799
0.115601447957859 0.0315470401075037 -0.227695537890266 -0.280197207277482
0.122339873823549 -0.0330248562951553 -0.278305481898054 -0.0542917420062379
0.0749306482298851 -0.0854434021303267 -0.188576338045123 0.0778985267464253
0.0574401348421558 -0.0848841239930917 -0.116660321998459 0.127527135256654
0.0715238273767027 -0.0990397047100236 -0.0643932976392367 0.161462108909766
0.147001022207149 -0.0574855197727607 -0.0665815799372694 0.196737554579023
0.151383030073625 0.0416776512109036 -0.128868979460503 0.209212495486299
0.144718162686006 0.132593070559572 -0.249661059832758 0.149118579064239
-0.00214114060547092 0.23402265180201 -0.298863406565462 0.00106848121953881
-0.22561192057777 0.21809491363842 -0.244312409196168 -0.12387392143705
-0.364217577098185 0.120120130930859 -0.239548609262076 -0.0432625929424641
-0.358091547050519 0.0515756951338589 -0.117855896406131 -0.100897183596655
-0.283012079971886 0.178642810516862 0.131775124302608 0.14243264852882
-0.0667538199115681 0.260973783571633 0.317739134747314 -0.101666572440733
0.140659097779728 0.206472211888312 0.147072225481775 -0.339746427632915
0.199649559078831 0.0759905821496696 -0.151414027588859 -0.300525596873471
0.20084216963242 -0.0364473201397448 -0.219082197071764 -0.0955608030767562
0.132555205918042 -0.125571209779718 -0.142443863330266 0.0288636966315976
0.090870649639133 -0.129448284645133 -0.0798364805228285 0.0778352550720396
0.0972640483481745 -0.139734271444935 -0.0167452967368334 0.117635637836851
0.188932653446568 -0.0862326334825287 -3.25881250064902E-05 0.171966576386951
0.208937839416904 0.034598176137622 -0.047022593450957 0.226026757382834
0.213781325303137 0.162648448620733 -0.188577257172637 0.208795965921111
0.0162203502860996 0.297095293095127 -0.270691074194009 0.0796724217573155
-0.260680116988279 0.257811933441224 -0.210496747401526 -0.0838723924774124
-0.419149288764249 0.12750072690394 -0.112070531350004 -0.0369402005238574
-0.385386027386403 -0.0165262880434119 0.0377688454206274 -0.0863611554092888
-0.378256729948264 0.130900011083445 0.196664882391737 0.160315294777214
-0.160417321493944 0.29341811737201 0.35699801616857 -0.0278021271117294
0.125605132419562 0.288729097657474 0.225114212356208 -0.271910601123236
0.240102868777348 0.123273499749911 -0.0441129413388355 -0.286392625667727
0.246187493431141 -0.0258635013319092 -0.12719972749777 -0.131435084468793
0.170854639954544 -0.142134713566164 -0.0765349091503707 -0.0297262388890726
0.111583273292366 -0.154563683396396 -0.0310624873014523 0.0178593546750433
0.107490243349594 -0.162904586322601 0.0344657589663819 0.0621453499027657
0.202260056018869 -0.106570348482801 0.0665350604177396 0.129153167308248
0.235537957982124 0.0211221534153143 0.0368397243245076 0.216675308013721
0.248463247663965 0.170836533273305 -0.11566238288213 0.241549171032719
0.0254162436803145 0.317054390217427 -0.224775710541021 0.133701134778978
-0.263416023492876 0.254841941440869 -0.172264386790968 -0.0615865325329747
-0.415686352198645 0.10861504877342 0.0147746144417363 -0.0374748635741295
-0.335543980126151 -0.0756638950081795 0.199769627987951 -0.0453864083203611
-0.384553696932369 0.0480089964319382 0.26110658332053 0.17802991841736
-0.2177979165198 0.247748802097578 0.365236447848276 0.0518296010015869
0.0748307233134006 0.301382656629649 0.275232663301753 -0.174196397876143
0.225233223511788 0.145941253777458 0.0650318783158311 -0.237377088650549
0.244083857194279 -0.00990064710340414 -0.0212926878062367 -0.153712092708773
0.17795433278337 -0.133918324027517 -0.00308439542621485 -0.0864578962040024
0.113415071442424 -0.155679583134887 0.0208669676012375 -0.0438850994050926
0.105414095194387 -0.164398563654744 0.0835873969036978 0.000314352923905699
0.190599954795419 -0.110320688434459 0.126341337643352 0.079248434467785
0.231260280367918 0.0151919664452092 0.107464473456302 0.192219948642304
0.237913386173753 0.170966734270043 -0.0524105484175414 0.248777122039403
0.00510080313952876 0.297468904772629 -0.177432684762799 0.160494022876297
-0.254748566938158 0.205650092612426 -0.132880062211561 -0.0501781047091246
-0.361760768259698 0.0581548748663235 0.12639700265901 -0.0366713161466377
-0.219540512368844 -0.108904565019605 0.33413381827967 0.00426583029605796
-0.298153786918668 -0.0302196133298676 0.30424867914048 0.189553733471494
-0.207120797631189 0.153991113689084 0.347138765541898 0.1157081824844
0.0253457657819577 0.239732759193802 0.292260106167314 -0.0824821877326574
0.170319834072196 0.129169653526499 0.15024049851389 -0.178847103830754
0.194642603403628 0.000942750551757836 0.0709190598529892 -0.16478432348273
0.1502110985095 -0.107089720704957 0.0620013243982578 -0.133961667439546
0.0972006466986351 -0.132264200622705 0.0672850856409055 -0.0988706194585733
0.0908660771511782 -0.142577791512428 0.12835007229973 -0.0554032084832165
0.160671429717229 -0.0965882825757334 0.178079607160441 0.0341027749700934
0.201008824345178 0.0155808945333876 0.16306560199323 0.16984725112539
0.191279012591174 0.165080312527223 -0.00561090539306405 0.249161847716279
-0.0351343983429957 0.24793515159245 -0.140790929412423 0.168688356633549
-0.23212879541039 0.125239502840665 -0.0972125878673335 -0.0419602534871613
-0.267410122206413 -0.0120672055598657 0.211293717067335 -0.0223253163550551
-0.0625816942201372 -0.116382308655758 0.416074988572359 0.0433779322276645
-0.151361277034059 -0.0813523247442402 0.321411236431959 0.183752407671869
-0.137950046600424 0.0523978374471952 0.322464155478004 0.149156459432039
-0.003854408251055 0.134364717733495 0.293027119267305 -0.0257959290982093
0.0950637905541759 0.0800906684212256 0.199497677953725 -0.140753364462401
0.113755508408803 0.00535191970179177 0.12872717525178 -0.173163339575447
0.095132011435404 -0.0637800758409834 0.103027461013901 -0.167750173815587
0.0644066763956957 -0.0875905623466221 0.101350290279564 -0.137602609159739
0.0650900090497115 -0.0989481259998074 0.161978795199028 -0.0969961955893528
0.114448944251365 -0.0683175593663718 0.222061197262009 0.00466062014453834
0.150617890571358 0.0160303272386334 0.206098645012404 0.161752081443811
0.12258221254443 0.144675261821396 0.0239987940296391 0.256773990178275
-0.0742135057657656 0.171440270970504 -0.121270439513783 0.17434479791777
-0.18399410224356 0.031672390721895 -0.0744536146021843 -0.0309435365955754
-0.139955753358295 -0.0834730296480194 0.258181579050925 0.00600117347729796
0.0106907568907719 0.110023186265945 -0.320696362233903 0.0139370530496508
0.112708019211547 0.0300346578983664 0.0648290452946558 0.120990938014481
0.0648825747214858 -0.0881524441174054 0.183339309695154 -0.189171720515734
-0.0609162407834475 -0.0841779573866894 -0.0189484337446266 -0.343262372096926
-0.0781545838110953 -0.00394968523667895 -0.285476167800797 -0.218253287592
-0.0482372069709348 0.0197774899067428 -0.317784854016351 0.00732650022648436
-0.0414590117106104 0.0348300073110644 -0.216718747180683 0.133221113624366
-0.027536522917592 0.0334255556706874 -0.140104483147096 0.183697931489015
-0.0321387254051686 0.00577626049679403 -0.114437415606562 0.207432751028371
-0.0211872441119393 -0.0232212069148667 -0.14510023056517 0.210752624048663
-0.0108210503559597 -0.026363211625005 -0.21818355986814 0.160453572985492
0.0326126899730882 -0.0448209073511685 -0.302582238130286 0.0479046388224311
0.0723426197040484 0.0307184384361845 -0.325655445690585 -0.126359008578583
0.0126018767837149 0.132078587741463 -0.327017803925943 -0.229833649958203
-0.0863861951429266 0.115370243649474 -0.445306396178525 -0.0721969414229548
-0.137569188585 0.132529965968461 -0.31600589013832 -0.0378192072470703
0.000289873606266683 0.121716393271646 0.0650484165143375 0.125361622542999
0.063432486683741 0.035108901951415 0.217220523176381 -0.187815979136459
0.0301273318353161 -0.0107060274321364 0.00669792249842046 -0.37022779420056
0.0170264528857378 0.0038959597851815 -0.287043692500365 -0.249906834802304
0.0349174601678448 -0.0151779744701916 -0.322420745850925 -0.0106939664359329
0.0136505713654628 -0.0317639881320539 -0.218635569682526 0.124031226951708
0.0167679882535596 -0.0304409549473895 -0.138479088519034 0.17486995723589
0.0273554470194685 -0.0524412098389327 -0.0987248765492677 0.202762837292936
0.0783961993938338 -0.0388082735024031 -0.119886536416669 0.218782333705481
0.0792800328426349 0.0238136181167111 -0.194897198413539 0.191655380506065
0.0816766664255061 0.0652864026953174 -0.296950258025604 0.092411567787161
0.0121327303628511 0.144258782721999 -0.325427207594753 -0.0745209656226839
-0.139951680684896 0.177893318421944 -0.297990648102459 -0.18002956830249
-0.260226725064677 0.120589636027956 -0.371497425615354 -0.0555648228392309
-0.276670509835958 0.115514177828785 -0.251019418609461 -0.0803678173727687
-0.145067454777592 0.185560041982319 0.0922860966450759 0.135626130198596
0.0213245584130604 0.168034837764596 0.272581522155681 -0.167206339224292
0.111751067242046 0.0946802031942616 0.0633757998439393 -0.38620701643209
0.122560781712525 0.0288042897837778 -0.252648974149768 -0.287620305910905
0.12727752379664 -0.0405434565366906 -0.297950490988377 -0.0472935880812448
0.0757284167612425 -0.0934702764275666 -0.197030262446539 0.0893161605311007
0.0583661249589255 -0.0918296307120043 -0.118470894244868 0.140446384502025
0.0715252354582799 -0.107190571986135 -0.0611285434446049 0.174419560356934
0.153838102148835 -0.0677468844699305 -0.0633982014701949 0.213019580433493
0.163392827757558 0.0395627054680669 -0.130005352457599 0.227515858605156
0.158168666306976 0.134738059833818 -0.260223333955028 0.165687736687312
0.00485942049271833 0.247683254575444 -0.316787715073474 0.00887515839259319
-0.233033308557547 0.238474166211642 -0.264954016560113 -0.125615499822837
-0.381400320984982 0.137437824923331 -0.256014363495076 -0.0396600598242594
-0.375222128163737 0.0630353911327566 -0.127454854075601 -0.100808796126017
-0.29392772813684 0.200165431000886 0.144075044109482 0.149870979287838
-0.0620638190488604 0.276419190045119 0.333569315373842 -0.115819610778719
0.155267279009766 0.211959368808932 0.146558673317524 -0.365458254200263
0.213717356288459 0.0713789966624757 -0.173420295295359 -0.311310378394798
0.210606178111358 -0.0493746385719171 -0.236649337603163 -0.09315278387039
0.135314679926424 -0.138441743805652 -0.14968711513715 0.0347592213532624
0.0913007017962106 -0.139803671266027 -0.0821970339267462 0.0864590435083522
0.0974448399055731 -0.151080146645971 -0.0127336579225573 0.126267933044571
0.197447262320993 -0.100078856670238 0.00605785191333723 0.184043787384741
0.224239203828074 0.029874619125412 -0.0418875115512168 0.242088125726163
0.231692863409082 0.162726553319451 -0.193309160913252 0.22976880664473
0.0266007267696134 0.31416521536532 -0.283990937887011 0.0915106408403816
-0.268642465613781 0.28223914614183 -0.22673732749242 -0.0839640060774035
-0.439892182007188 0.146275058970369 -0.122279276804592 -0.0377721220247808
-0.406394184460053 -0.00781766523211168 0.0367564052586075 -0.0904796944189404
-0.397367005392469 0.150979117072323 0.211919086369739 0.166764298953695
-0.159897052851814 0.314043263898131 0.377654053091777 -0.0377909665579588
0.142110180688808 0.299857046989366 0.230773645051772 -0.295756850172575
0.258160448878224 0.119631633887551 -0.0588695284156519 -0.299790122127038
0.259905309896069 -0.0383491387344361 -0.139532396285911 -0.13504424420738
0.175383490744104 -0.157783779127153 -0.0827962358254221 -0.0298012576492463
0.1119350910413 -0.167602587159959 -0.0338258254543921 0.0214313255720385
0.106694835403127 -0.175218612316981 0.038775172285942 0.065060949069001
0.209405149659705 -0.121753430168743 0.0755251250823471 0.136041629525814
0.251750031455398 0.0147315552186781 0.0472792680406936 0.229613621709431
0.269146610669221 0.169528599394823 -0.114921752832234 0.261052659485517
0.0383093894093126 0.333604928101368 -0.233264341795578 0.148602533324016
-0.272235671621823 0.27900147685682 -0.185378957865814 -0.0601456423159624
-0.435987432535513 0.125979485525145 0.0121955997523272 -0.0435350609045916
-0.355405261205924 -0.0723096772161783 0.208851412828682 -0.0519846147412819
-0.406650434236903 0.0637759363081795 0.279330000898038 0.183021037765259
-0.222713924643104 0.267129057244704 0.387962928953368 0.0461319009196931
0.0886353435260396 0.314580164046426 0.286184253670393 -0.193230576870747
0.244097881312312 0.144983523106629 0.0582568530106151 -0.251915939708333
0.258631460810564 -0.0217731011550362 -0.0293647564647251 -0.163004430224498
0.182907499493973 -0.151097051956016 -0.00747924647392873 -0.0928821505193089
0.114147488919465 -0.168633404526534 0.0179870469696789 -0.0464812582875173
0.104499424798688 -0.177178562261938 0.0886583520664018 -0.00194047525185393
0.197554424186025 -0.124854813107759 0.136793259765639 0.0798888215779805
0.246262435527993 0.00782245585598994 0.121936409813457 0.201120792796303
0.2593272811952 0.170334392125463 -0.048208208716844 0.26725672702842
0.0163205154134465 0.314182430403819 -0.182150500044985 0.174797719095162
-0.26310316120573 0.226350713573008 -0.143655406377816 -0.0498541056341346
-0.38164473499183 0.070787465686461 0.129203942538929 -0.04564013528077
-0.234100077802323 -0.110105054177217 0.353705244207571 -0.00342217601226959
-0.317115111344683 -0.0219497924639689 0.32587440763925 0.193496930846148
-0.214762104705902 0.168497569190581 0.371132986806546 0.114474221789451
0.0342741288930228 0.25195945469428 0.3070239010644 -0.0960200854385826
0.184849534641813 0.129232438927371 0.150915877535312 -0.192258162323905
0.20628521648114 -0.00784519823213097 0.0689393592230898 -0.17872752899674
0.154129000293625 -0.120471700494979 0.0583058943591923 -0.1468327751438
0.0976523780081833 -0.143347787901306 0.0648574801676856 -0.106430215238662
0.090365571157485 -0.152679221912756 0.132531458268395 -0.0630472471681379
0.166320451630447 -0.107927571631523 0.190581194785563 0.0308939492755771
0.213985334276212 0.00868181535273202 0.180147533087198 0.175358032584782
0.208786141899519 0.166103750221869 0.00199176098310651 0.266670189803087
-0.0283289820804732 0.263254277140528 -0.143505446088372 0.183620648783601
-0.241891133222986 0.140514231665207 -0.106127570065029 -0.0425195463411607
-0.2828233563731 -0.00662780833549651 0.219276534404214 -0.0342696806897751
-0.0695022946275789 -0.121416894758002 0.441262712801867 0.0332370457687255
-0.162797472944545 -0.0815813790664059 0.342689006914276 0.186123346096185
-0.144331710946197 0.0593862256257016 0.346266260378711 0.150922209690969
0.000637776488308654 0.14175798183585 0.308880213162999 -0.0351756501494262
0.103102804694121 0.079518253676975 0.205029846365486 -0.155224292472144
0.120065095935787 0.000661451804356748 0.130474491044526 -0.190609316652077
0.0979311520190939 -0.0718109800202403 0.0998803385613085 -0.184109476914647
0.0650972481832904 -0.0946136310182779 0.0992387211484402 -0.15069299769196
0.0648721588209518 -0.105312258498248 0.167171650218945 -0.108257828384952
0.117504798815788 -0.0757110062686516 0.234608464301903 -0.0024341677506402
0.159884062396037 0.0115261913336246 0.225412138398929 0.16528156159226
0.135276035526681 0.147037515463818 0.0341208848291043 0.273380456400019
-0.0724287789623136 0.184143135629378 -0.122259517441134 0.189146846091485
-0.193960566581701 0.0391578630827513 -0.0811226307356019 -0.0315859316364959
-0.149821631956103 -0.0844292817328656 0.271244272251709 -0.00571567726773456
0.0160042282820721 0.113599256163888 -0.335143702709402 0.0352535749814342
0.12030057599017 0.0242924046352498 0.0773736977748024 0.123397416838809
0.0614749978643326 -0.0972160799756089 0.182083360469736 -0.21236353301915
-0.069296356460703 -0.0837725813621495 -0.0430669330194257 -0.363008649776303
-0.0827507785846377 0.00204222254296477 -0.31571850721546 -0.210386976964255
-0.0502527414076823 0.0256601064779378 -0.334564603297996 0.0306391135062888
-0.0408695218352207 0.0400447937135693 -0.218857779440142 0.155045887711333
-0.0264028902537085 0.037265694771782 -0.132594802709146 0.20336872286182
-0.0330999118205227 0.00783955996278824 -0.104076593644688 0.227356057761385
-0.023946086629298 -0.0233830587831145 -0.138900599789543 0.2338845074721
-0.0117851315903817 -0.0269118946077297 -0.22101998916605 0.182964577195225
0.0309933881932311 -0.0486265199140451 -0.315345929744231 0.0680876196924599
0.0770572868792141 0.0284591278470886 -0.351295359087907 -0.116008667304949
0.0226568546264587 0.138701373874681 -0.359756967055064 -0.225196869586558
-0.0847467453423464 0.125773901036516 -0.472546182779998 -0.0485569134531627
-0.137269816094028 0.145387984616875 -0.332336544632633 -0.0190613471745699
0.00817044877171721 0.127923001628805 0.0775870120875313 0.128833992937417
0.0683882613304647 0.0311032784652883 0.218285882104486 -0.213397192350862
0.031051940682041 -0.0128918323964721 -0.0171917620787149 -0.392731247135503
0.0176008560619537 0.0031694649460074 -0.319734975869759 -0.243787912938329
0.0343245540451104 -0.0177341977771483 -0.340804498811688 0.0111407553480474
0.011690544648293 -0.0339090043041728 -0.220831608683058 0.145331010222446
0.0161289131573094 -0.0333917525822904 -0.131399873624009 0.194903667847973
0.0250261127495159 -0.0572139383120214 -0.0882559066723596 0.220983592598496
0.0795743588034652 -0.0477148455779376 -0.112270647539205 0.24094458035921
0.0866693198788081 0.020200901358817 -0.193695769266187 0.214533974767511
0.0899431227164771 0.063227561420547 -0.306763748662378 0.115991448328393
0.020694810320694 0.151894995812722 -0.346711142653808 -0.0617171099574475
-0.135855774828919 0.196130320918502 -0.326213088558793 -0.172241666208848
-0.266962674312159 0.142552306090584 -0.394627429143849 -0.0354561431915792
-0.282111380366973 0.135838212974388 -0.267975048362851 -0.0669487841337728
-0.139810227235714 0.205791158866301 0.106457674412376 0.138964716709587
0.0330081523198962 0.17342674397235 0.277961487721856 -0.193261385636038
0.123321579794775 0.0912283652657976 0.0421500049450435 -0.412966234143544
0.130191476153369 0.0218020075224427 -0.285520366706093 -0.284914659939469
0.129776711329664 -0.0522048297760963 -0.31764708588655 -0.0292566071625814
0.0732915623038238 -0.103716247574723 -0.200167278437159 0.10636251378908
0.0552375418647563 -0.0999252736641668 -0.113998797396675 0.156881293730713
0.0675282188678242 -0.117080067959669 -0.0513005039278511 0.188749670215386
0.157058734347446 -0.0839306585175923 -0.0522161442951726 0.230296185244915
0.176620529754471 0.0312619318977388 -0.12283587721914 0.248875271201598
0.175380489149933 0.130783485861762 -0.26433310020121 0.192061835941164
0.0206862828768876 0.260308298545012 -0.333610086162556 0.0259567485518594
-0.230315694520994 0.266050035641692 -0.288425990933676 -0.116886494656208
-0.392904646316811 0.167766701819014 -0.273893425964997 -0.0275601715775702
-0.388286181042679 0.0861541205445398 -0.139893167209001 -0.0952292398860826
-0.296398623171377 0.22921383838442 0.160788071031642 0.152021386821926
-0.0472966343232851 0.290881051840997 0.34549910409511 -0.14236079201391
0.176915260984045 0.212083628010576 0.131262699256599 -0.39499856217689
0.228680350855901 0.0606504870406641 -0.204333848697004 -0.313368483224386
0.217192151940678 -0.0669888756661501 -0.255786217175132 -0.0814925474598036
0.131776824759451 -0.156035097624944 -0.155978802251736 0.0455416675813369
0.086272192263462 -0.152300978906285 -0.0794479145379974 0.098064665729236
0.0915652286129811 -0.164025316158377 -0.00405622744125967 0.134178250949849
0.199843104743262 -0.120381611728261 0.0187513422024741 0.195298041917961
0.239963158143704 0.0164510298399266 -0.0272024717343265 0.25863573694158
0.255269373459657 0.154365450614353 -0.19030953587374 0.255622201433888
0.0485697070405821 0.32919753308087 -0.293051478837526 0.112079103966778
-0.26475592156247 0.315432955701486 -0.245513842581661 -0.0755917612341228
-0.453644906071103 0.179623122856503 -0.133036978689169 -0.0335151807859893
-0.425156936252361 0.0139014834156604 0.0332381925306904 -0.0946771834367699
-0.408393104104211 0.185486604484542 0.23234135487458 0.164929635430454
-0.148529229776517 0.338312920255906 0.396074907168886 -0.0617506262750215
0.168619934079938 0.305865571870848 0.224035540409581 -0.324826383586237
0.279134390748529 0.107316722802494 -0.0839969747525404 -0.307654445305922
0.270111675203568 -0.0615681901235795 -0.156404094383782 -0.132842857996957
0.172608341854124 -0.179653877122187 -0.0903360448021649 -0.0266552812254738
0.105562462942636 -0.183412287940524 -0.0344896333369849 0.0262142838398843
0.0996552311672296 -0.191005641938462 0.0458313822686124 0.0657316869264902
0.210791051343802 -0.143767318191804 0.0894444411958984 0.140224098708489
0.266752283130011 -0.00186804364930886 0.0662450911510204 0.238844515444138
0.294805141921213 0.15748294086731 -0.104559616679963 0.285125290288362
0.0622796792362875 0.3487972058569 -0.23562089549098 0.17030761263011
-0.268852524916397 0.311984274298258 -0.200211467284393 -0.0521404906397247
-0.44999994403039 0.15834929528177 0.00673848989950593 -0.0494716891276799
-0.37680317579187 -0.0559419196161535 0.216949368727611 -0.0640654137396555
-0.424357116160678 0.093625876281653 0.302264454722818 0.177854446314883
-0.217337804037484 0.293759262885909 0.4125082610279 0.0274265668968159
0.113178737441557 0.324508221238768 0.289475783128671 -0.220023994549181
0.265825761460179 0.133684177856606 0.0434156884385055 -0.264868240823457
0.269357682943586 -0.0430036708208866 -0.0421194721175049 -0.17027514559398
0.180617453045249 -0.173440836173603 -0.0160239633667745 -0.0997745926147593
0.107837256767432 -0.184988124422481 0.0141688085016256 -0.0487745784674994
0.096207154426288 -0.191367578869088 0.0929317852718295 -0.00780996008817685
0.197834915630202 -0.145399240198662 0.15000749887081 0.0769271953598205
0.260252841695515 -0.00845891356191279 0.142856079572915 0.204088533120393
0.28392007440472 0.159511803813242 -0.0335995460705745 0.287532834232
0.0376610647851846 0.32935419291929 -0.180177357330591 0.195488531046665
-0.263202636619078 0.256517679043188 -0.155204409131491 -0.0437577931636521
-0.395242981269643 0.0972768921649263 0.129843285945785 -0.0598432569771563
-0.251659284934581 -0.102986872788709 0.371344620337864 -0.0231043981996816
-0.335476460861252 -0.00355728253401472 0.351997464091059 0.186035140974616
-0.215312379177397 0.189664315490387 0.39721213620333 0.099760662617584
0.0519648914704527 0.262333336949239 0.31646596724067 -0.118247621571689
0.202446399733527 0.121396071538902 0.143874277443593 -0.210141730579496
0.215384403853309 -0.0246561527549001 0.0606862894249298 -0.193910147957577
0.151879343568989 -0.13866381011837 0.0491972794732632 -0.160702807222532
0.0919137112089695 -0.157078839936693 0.0584478585556695 -0.115958278799833
0.083798070194267 -0.165204317679604 0.133936075620931 -0.0749179397508299
0.165392746946426 -0.124746054888146 0.203078497197362 0.0203744331204285
0.225313858857417 -0.00556392410036561 0.202707280834299 0.173222214351531
0.231050399209622 0.158499441355884 0.018936521077415 0.283032216817993
-0.0121227573591395 0.278577682170328 -0.139027638566624 0.202996721566509
-0.244851754137564 0.163288269256703 -0.11605193308757 -0.0381989869407937
-0.296111754199416 0.00943726997646566 0.224067628835917 -0.0535914028792569
-0.0802501347489864 -0.125395498479684 0.466543853787347 0.0106809594448837
-0.176533596885395 -0.0763161394557938 0.369585271064821 0.177476701426355
-0.14828132734759 0.0712132630659282 0.373973925679826 0.138682450159111
0.00847991664340148 0.148110618636291 0.322826531205842 -0.0548779450797203
0.114069707107413 0.0755497346380297 0.203883343897723 -0.175152769495807
0.126203389410953 -0.00868507511932631 0.123484278400615 -0.211124492382466
0.096699308401713 -0.0832053207333655 0.0899668049223993 -0.202469754172428
0.062085882521424 -0.103461889860776 0.0911806095665532 -0.164735617469766
0.0606524240202404 -0.113433359105699 0.166600498536036 -0.124987626798562
0.11768051485823 -0.0871066141405477 0.247114701981391 -0.0177600033407056
0.168461315241006 0.00128837722110015 0.249881348390323 0.159254474043247
0.152349603538136 0.144732407178997 0.0536819404083391 0.287838146643402
-0.0639339164311281 0.198554382630501 -0.116426926013798 0.207575677290696
-0.200449236666918 0.0526026373000896 -0.0897457806062266 -0.0292750164659142
-0.161352472509014 -0.0803005786895247 0.280057201300463 -0.0270487142710586
-0.0336337230734007 0.114108626589152 -0.326886061871533 -0.113652940242224
0.103361702739096 0.0728218316029988 0.0168102520804594 0.147790395340718
0.0954088162880453 -0.0648736832460653 0.259412351498368 -0.120589157804291
-0.0319926682335763 -0.102737433685034 0.11407359743773 -0.360425404102407
-0.0783414961185798 -0.02769590022312 -0.205804204366021 -0.329729388619947
-0.0588766715097015 0.0060360063976024 -0.32505435285795 -0.116010199343867
-0.0573545397294456 0.023656401881637 -0.269712253240546 0.0505039297815541
-0.0403762289437582 0.025626517948305 -0.206665476487372 0.133955262454677
-0.0340138402043494 -0.00562543071742962 -0.19120321437495 0.17064692146449
-0.0129750887216078 -0.029524892784199 -0.22714058356379 0.160167126162759
6.85902628851558E-05 -0.02792188329004 -0.284727463014077 0.0746779233080813
0.0446415587963499 -0.0285158107339853 -0.318590660840899 -0.0767536129080639
0.0547913085014597 0.0596452553240478 -0.274308590907973 -0.267532893908659
-0.0425932835323317 0.136171227706901 -0.239607223212278 -0.377166344556617
-0.135102772040204 0.0820291840475792 -0.417747588426732 -0.270506635138772
-0.190903881155683 0.0772677450894989 -0.299922740493319 -0.159090839913916
-0.0467395317404416 0.12188268088639 0.0196374303928967 0.152886961569565
0.0459833382080753 0.0575962308519624 0.295924099520079 -0.107659645964819
0.0305016229804808 0.00492378965517521 0.153432173240259 -0.379888252512627
0.0137357684757643 0.0171547394886011 -0.19399291106461 -0.366865431212386
0.0383343576195789 3.64666596218151E-05 -0.32489169421282 -0.138986146246794
0.0237293380368592 -0.0247476104998032 -0.26855106166653 0.0386639209157832
0.0294829657844998 -0.023105653936227 -0.202630817638088 0.125772184563316
0.0479809112792275 -0.0416264145153558 -0.173258276007696 0.171278690100955
0.0951855795803484 -0.0108845113741822 -0.203808981766227 0.179438779516182
0.0738795261115139 0.0582769350940581 -0.272629712409964 0.119552252683887
0.0521831523656945 0.10011447750273 -0.333884861936462 -0.0242995857004155
-0.0516804800121612 0.150084841137944 -0.298506561275178 -0.213797521268886
-0.215237045293491 0.122777529547483 -0.230939720240538 -0.31865785117901
-0.309802239569133 0.0187442867579864 -0.350544103258131 -0.225126322558113
-0.322453075123884 0.00364225696609786 -0.219552878794622 -0.171018694638974
-0.220223827134842 0.130106650231921 0.0454915094286778 0.176237901929587
-0.0497645034267431 0.174583648190074 0.347933727768173 -0.0630439310764748
0.0715891712245979 0.140193825030021 0.221512044974429 -0.373976980226535
0.109290513323462 0.0822723339234192 -0.144268724084996 -0.395792650561335
0.143272217271479 0.00783838454111202 -0.286207378529123 -0.168834201692283
0.110818382011325 -0.0655093571565022 -0.233152106360159 0.0104721950149796
0.0958071410915911 -0.06959554512947 -0.170977033052155 0.0985444733899894
0.112976372074337 -0.0796840934498009 -0.124800533250234 0.15582846394454
0.182622606910224 -0.0137933346983942 -0.143608412618763 0.195279510336226
0.154954762970815 0.106308352036624 -0.219582375773356 0.184268434404844
0.103930708408694 0.198346376234697 -0.329446199738862 0.0701727260280192
-0.098979463208811 0.252029540578009 -0.327198618193186 -0.124699651993596
-0.333373095370863 0.148038807786783 -0.22156823792625 -0.252652089834007
-0.437839668616863 -0.013315579911156 -0.241116914792664 -0.163514181352312
-0.400331263258147 -0.0903263215915941 -0.0878388524875885 -0.138644451674789
-0.378788502166604 0.0848125843111892 0.0946205481653002 0.214607920526575
-0.177102176908985 0.249988089150104 0.394214909051448 0.0152799305422612
0.0693423557277306 0.272850206207699 0.301514877951871 -0.318879050869701
0.184172319100367 0.159558734704496 -0.0538248179414487 -0.389534444441538
0.231107571005543 0.0296489114651049 -0.206363116991388 -0.19392442434066
0.188066126338812 -0.0907597779215413 -0.165849981665502 -0.0278616086876737
0.147489020839539 -0.105609042089893 -0.115309292347499 0.0571923618437826
0.154679088545556 -0.114351544598581 -0.0583433330377145 0.124562889731526
0.238252720796959 -0.0312377899615919 -0.0619374729049523 0.192940299021052
0.220828032677453 0.119140050679286 -0.133176193675915 0.236169357509162
0.17003374301787 0.254305734547743 -0.287920596659563 0.164813591267993
-0.103573306738219 0.329104324599648 -0.330805162175778 -0.0238191998627941
-0.386664874573303 0.178272605523857 -0.202323803838603 -0.194438685104703
-0.499212143891984 -0.027059343188785 -0.10733867744459 -0.104789872730085
-0.404149560098843 -0.176555204988514 0.0723527884955145 -0.0603770535443663
-0.467718305771712 -0.00588445675521605 0.157409877025536 0.260977451890828
-0.292630913984799 0.248173115147299 0.407443744493263 0.115973208103594
0.0213416482376366 0.354702426972209 0.360844573368749 -0.212113646668173
0.209550644525149 0.222932609883181 0.0589027508722152 -0.334329611337013
0.277877362719805 0.0562718861738737 -0.0917127501071551 -0.199898091392446
0.236933290723373 -0.0981066893499534 -0.0737064121206126 -0.0681860323325859
0.17928542092149 -0.128127666296898 -0.044153311760535 0.00888401553779144
0.173037353042001 -0.135964810788145 0.0158779783813136 0.0814410683151024
0.259070071542297 -0.0485241012176616 0.0275550430807497 0.171042444391846
0.254904965257438 0.112566086389646 -0.0366447496786585 0.25873384432668
0.207554053972152 0.27334130489569 -0.220076559374375 0.230941601320812
-0.0980933079286784 0.353824636334755 -0.302051806453891 0.0579639793367562
-0.389054352685553 0.175903454978409 -0.169098101890236 -0.151686210587785
-0.487427073435057 -0.0465357591780471 0.0294139127709504 -0.0531416986722142
-0.330023765395122 -0.222444332112568 0.231048897559659 0.0474875596557469
-0.441861726293138 -0.100163231744663 0.215293459418922 0.306274404564928
-0.338103300741759 0.174836986556899 0.383098728339547 0.208893262152264
-0.0384295585616383 0.34688222032986 0.375614366032935 -0.0819376941338237
0.185109315646033 0.239777642396242 0.15948645121608 -0.238064646372256
0.269475809791584 0.0719251157363204 0.0332180936333992 -0.185064093012199
0.24084004981099 -0.0892252161955796 0.0259826238914095 -0.104149454347266
0.182280553350278 -0.128667243418307 0.0317578984204536 -0.0408938901556067
0.169804519142208 -0.138170552237874 0.091498454673191 0.0323117258894027
0.246476999569779 -0.0562893846700113 0.10950180663475 0.137956819635228
0.251082528453265 0.102270258478096 0.0514055488988943 0.258694154551517
0.198171335995136 0.269068554999729 -0.155432234966984 0.264986423096705
-0.11103975184426 0.325233523180224 -0.26131930593259 0.106827764820883
-0.357898305735445 0.126703858455032 -0.129879629021562 -0.12223470773743
-0.409336509327627 -0.0801700298561513 0.148917592863605 -0.00457351429417612
-0.193482894811892 -0.213432450895371 0.356001392865434 0.151541648955945
-0.317211624086766 -0.154078329827332 0.25340811439788 0.334851029810099
-0.28957472589162 0.0782777225080373 0.33429598707017 0.271911337853066
-0.0675321505283478 0.262387906233216 0.35488556746386 0.0271570279095641
0.131763583225707 0.199494383799009 0.230155790799185 -0.140646436263478
0.21016472188292 0.0669080490538655 0.139254711766529 -0.160570999018522
0.20111935169017 -0.0690619296360742 0.11258890526067 -0.133424315103506
0.155095609900416 -0.108682036079273 0.100489708316586 -0.0849924306791335
0.14706911072421 -0.119537549205129 0.156004928819861 -0.0124308357903833
0.207483604220172 -0.049870983715469 0.180565864007933 0.106385012539068
0.216544444908419 0.0905735165933254 0.11832391750435 0.254378790819309
0.149728865497643 0.246165571420033 -0.105782673385106 0.282436363201303
-0.135055803839233 0.25600946639353 -0.225340668106632 0.130261833136259
-0.301107212325941 0.0464005508215389 -0.0938160429712901 -0.0984396890883848
-0.279099444301081 -0.120169559866351 0.234266905589154 0.0467423841172128
-0.0242756844053348 -0.159990209327403 0.4304603493811 0.219019431352995
-0.136933023970155 -0.154737556954338 0.269671364245841 0.333827079411129
-0.172990300747815 -0.00322030316238761 0.29019106464772 0.298515649938551
-0.0588652394956911 0.137787946212728 0.329681233664985 0.0912337516105989
0.0700445747404741 0.117298379922349 0.269498509662261 -0.0786507933977141
0.11903689088618 0.0444639525600093 0.206296290093626 -0.147409555266295
0.124841676541907 -0.0398474472014938 0.16897014162005 -0.153570521522963
0.1033342617303 -0.0717241633783859 0.150405940782784 -0.115741944820694
0.104506673172577 -0.0817163377860343 0.2051836279788 -0.0457051957632085
0.14709185511603 -0.0345754127239611 0.237318157299137 0.0891443910439185
0.159666622740733 0.071437870685972 0.166444544906761 0.260449001345653
0.0828223654056039 0.200459618671116 -0.0766216852447471 0.299635847374861
-0.147843808444435 0.159934637454249 -0.20668302098999 0.14358933650175
-0.210449064054132 -0.0377361488482452 -0.0712628712064818 -0.0751990380142639
-0.113711212318075 -0.145856091261168 0.273477560604454 0.100165092103361
-0.0290190174844272 0.116134701527927 -0.334875141527899 -0.0901828635813337
0.109008947792017 0.0659892759583309 0.0274450102042722 0.148513896315186
0.0896336699070064 -0.0711200215381328 0.251775662850874 -0.140184755844339
-0.039875209054685 -0.10017121146859 0.0874648881846379 -0.372122579515472
-0.0815712262624896 -0.0210582383884762 -0.230285262958188 -0.31636591894278
-0.0595938830406531 0.0122626394726279 -0.335595331181073 -0.0906047649278761
-0.0557265682362614 0.0298295049003439 -0.266348266826322 0.0708228981264076
-0.037746542692889 0.029076398293954 -0.194748437026023 0.15055201393093
-0.034678007493919 -0.00279152908670436 -0.177833226245365 0.187084302199736
-0.015210080424991 -0.0296969650177673 -0.216369518472429 0.179844820571658
-0.00144683558674119 -0.0271959252946042 -0.282479822460229 0.0953301879566215
0.0416010103608301 -0.0314876361486135 -0.323779086549574 -0.0568483757667289
0.0584581410877726 0.0567883359393361 -0.293144782272003 -0.253134015156658
-0.0323019056394578 0.139951826619343 -0.266881666585707 -0.363540029185119
-0.130079237784069 0.0912340267908167 -0.437943304331819 -0.239526800263141
-0.187079626004653 0.0887912873467166 -0.311573189273245 -0.137404221679888
-0.0379166575706637 0.126715777428049 0.029573871946909 0.154310015756097
0.0491440791142021 0.0538481172764559 0.289240526696724 -0.129579891884314
0.0317655738969971 0.00196573676681476 0.126910075425239 -0.393837918180022
0.0147246163484461 0.0169572689988299 -0.22131641056243 -0.352786687545718
0.0376481337979592 -0.00174934223126431 -0.337041025107219 -0.11420197192764
0.0216353113371244 -0.0256908460819938 -0.265995823768799 0.0583948847425319
0.028475570229142 -0.0246936283168549 -0.19161927630749 0.141939593743474
0.0440755089893751 -0.0454599749459584 -0.159918206851929 0.185673881527962
0.0944327764913973 -0.0188415757907607 -0.191930431586938 0.197012915479588
0.0796430370523004 0.0539190203227528 -0.266574763435633 0.139858690101328
0.0591775595039675 0.096669407320503 -0.336968327603969 -0.00124491462735776
-0.0427278142754041 0.154723672315244 -0.31308917397001 -0.198193039633717
-0.207530647370349 0.139046388590997 -0.254929780421265 -0.305229682506114
-0.309868805218311 0.0397235495408634 -0.367301456593023 -0.202231515537288
-0.322233826927029 0.023005468755862 -0.230937157733367 -0.154554179929194
-0.211964817762102 0.14693341390335 0.0571101842768846 0.176541761178858
-0.037663072098376 0.176032098139466 0.344433912081901 -0.0879005356572901
0.0823294756794787 0.133552843638623 0.196055396821781 -0.392896433729783
0.115516184151125 0.0744212959719117 -0.173846146943997 -0.384302431135135
0.142814609773199 -0.00296072181680392 -0.300774831026713 -0.147457058310443
0.105564788160956 -0.0740889549796007 -0.232226839075971 0.0265153626402523
0.090121591763517 -0.0759162416095769 -0.16215599958309 0.112663141119306
0.106340988198033 -0.0885532029774889 -0.112305002265951 0.166592590033001
0.181997409509751 -0.0281649729736849 -0.129824379805302 0.208937293440439
0.164765541791488 0.0961910265482169 -0.208003923896969 0.201918113809072
0.118285684671631 0.190699776164962 -0.326472570768503 0.0932389951218207
-0.0826320583160963 0.259389398209824 -0.337083916777047 -0.105241624686733
-0.3242339975604 0.172988922990222 -0.241536815985924 -0.240265917282135
-0.439976305184789 0.0164121934831547 -0.254451227529803 -0.148747531688923
-0.406437705386885 -0.0660771620221295 -0.0976918674065547 -0.130049748326261
-0.373987076684488 0.112828897522485 0.107549119300767 0.212098707521078
-0.159910243762292 0.260138729112548 0.395187250138285 -0.0107173385118419
0.0895952704327701 0.267238588885556 0.279904317285712 -0.341265750421828
0.195916990041366 0.144863207684193 -0.0838570979062377 -0.384556722809408
0.232779000241622 0.0107008264272071 -0.221419148697342 -0.177436664832464
0.18000025760067 -0.106605308101793 -0.167599344277588 -0.0171149847046691
0.139118919000764 -0.117005154999718 -0.110520544706298 0.0678109681276063
0.145295327422207 -0.125472340599057 -0.0484780166882341 0.130249349173654
0.237186214639837 -0.0501399219882659 -0.0474603590967355 0.200807547446284
0.232412390320454 0.103418044617503 -0.116951112991679 0.247586473133968
0.18830943894377 0.240429223429132 -0.277387423178441 0.187998376125751
-0.0793856293988095 0.337131135554137 -0.331687921275466 -0.00278882422967837
-0.376141014057532 0.208130437906013 -0.21767352674828 -0.182993546425337
-0.50181040416492 0.00577465984395236 -0.116924643353471 -0.10030775780759
-0.417508746663373 -0.152976782086414 0.0682568351307478 -0.0628635122315257
-0.468088957820247 0.0283964455376463 0.172342247278835 0.254260608762133
-0.275988336491758 0.267011391328526 0.416579332512956 0.089788506722324
0.0470655216200776 0.352114506535113 0.34698050110369 -0.236935316680089
0.226240831179968 0.205850549494685 0.0324895236013943 -0.334731193473576
0.281697416794756 0.0335333387120431 -0.106348990371304 -0.193036107052059
0.227621922072374 -0.117616155014425 -0.0789579632710363 -0.0648339158794617
0.16845002313902 -0.141102603310902 -0.0436166098086851 0.0136689640407096
0.162323763030592 -0.148731915775624 0.0229616697519005 0.0811309659750082
0.254267564422651 -0.0687923260837527 0.0403190677309333 0.171934900423666
0.265076141009431 0.0945267071165638 -0.0169723158428703 0.263148091865644
0.228594160497235 0.256289028652551 -0.205573687792448 0.250838875261902
-0.0731649409615154 0.362596744526708 -0.297346648835716 0.0778270722962192
-0.378294845458356 0.204249394368463 -0.181727802883596 -0.142237696091189
-0.490756290240659 -0.0136165087537899 0.0237452300246015 -0.0590749881443776
-0.344869429060425 -0.203037902456542 0.233945512237125 0.0336723373854846
-0.450760342618269 -0.0686420539575217 0.233278600565385 0.295420208155067
-0.326352613294987 0.1969622806731 0.397061144678478 0.185222559233591
-0.0131206158542178 0.3481622162449 0.37080475648337 -0.106114233075806
0.20327692016251 0.225066034041442 0.141353603127583 -0.245878788870682
0.273783157028767 0.0499189595314529 0.01951250383848 -0.186991317807015
0.232297695888454 -0.109417523307335 0.0174727390787777 -0.108254691089756
0.170853179037038 -0.142009800493848 0.0278241582482649 -0.0421069224769771
0.159049076270176 -0.151311683552424 0.0930669733369012 0.0267383368834661
0.241891753925894 -0.0748808650636189 0.119925662252975 0.131679885867964
0.260328791931987 0.0835781128512234 0.0705358489076375 0.257166553386277
0.218540469668867 0.251426379670336 -0.137316335806047 0.280992314283493
-0.0869733038770692 0.334039894429945 -0.253032815983714 0.125090039562704
-0.350580515612692 0.151541244066203 -0.14024489179647 -0.114814471914964
-0.414696038034576 -0.0524085986868245 0.146195395959487 -0.0195320345545629
-0.208393323040419 -0.202440183328087 0.367177338459713 0.128710029216566
-0.329396503497421 -0.131791421553783 0.272763581689669 0.32129117133676
-0.284580124467796 0.0973455454552927 0.352933299723538 0.252943930369143
-0.0491201183509729 0.266255804976414 0.357153776504802 0.00467494605263612
0.147227947264967 0.18838015901946 0.218730924265322 -0.152638934340273
0.214464108108311 0.0495535455582507 0.12851542203889 -0.172359761320551
0.193336578130033 -0.0853779035865907 0.101512222361102 -0.144623524922451
0.145227463380166 -0.12091498093461 0.0919695012292724 -0.0917872781346574
0.136587322442392 -0.129960151412309 0.153966091274021 -0.0231506290999663
0.203264379439984 -0.0655336255164836 0.188398133270404 0.0950736977849674
0.224046092510972 0.0739681490340838 0.138340664355094 0.248373317946225
0.16930610697353 0.233026662151366 -0.0864196331854401 0.294529100029393
-0.115811990351692 0.266211343806358 -0.215641097766747 0.146857025658963
-0.297913969573483 0.0676147838617691 -0.102483090679405 -0.093302250560426
-0.286957995293949 -0.101635550963929 0.234575079560527 0.0258141675122742
-0.0348099552883699 -0.158747529923177 0.445651241302192 0.191487251590747
-0.148012899291223 -0.144886682998687 0.288019620303501 0.318369767629299
-0.173730147938306 0.00802550068728858 0.312107942061043 0.283647774196008
-0.0495345293514269 0.141716452100023 0.336588865857194 0.070480814861982
0.0784361160557145 0.110428805142792 0.263113056583757 -0.0946850590613872
0.12225818565934 0.0337805835482944 0.196787719425995 -0.16378671396823
0.120355739556031 -0.0497355254013478 0.155465265335892 -0.169346116270868
0.0969918550390088 -0.0791201309654307 0.139179544094831 -0.126978146288954
0.0971376009866128 -0.08882526702516 0.200219850699054 -0.0600330024684696
0.14363301807178 -0.0449331595550828 0.243292426488113 0.0721854097656472
0.164719803366083 0.058851864639825 0.186548362499225 0.250501316212519
0.0982607897861058 0.192881801432678 -0.0556831547885022 0.309435481461854
-0.13605691950606 0.170734724514046 -0.19663629934191 0.159273978173391
-0.213608051005056 -0.0239821935098168 -0.0789999827216317 -0.0722959866831966
-0.123855019471874 -0.13958662612925 0.277703590162989 0.077594936949584
-0.0263188206753678 0.117067708245954 -0.337235599142225 -0.0713486874775372
0.112750670700073 0.0601535665367488 0.0350084994387841 0.148594062382411
0.0847989982205988 -0.0745018255238644 0.242096062094723 -0.15269586231548
-0.0453648209283196 -0.0976062344748141 0.0659723319678983 -0.377048866823512
-0.082406077355222 -0.0154441667570451 -0.246008368226623 -0.302325496967537
-0.0588116162059045 0.0170784367058785 -0.339191676354455 -0.0695128896016508
-0.0527543515132634 0.0343967578557961 -0.260807655468501 0.08526521255179
-0.0348578932238929 0.031831094768734 -0.182638807129288 0.16042389589947
-0.0351421880012229 -0.000416638830184754 -0.164816749873567 0.197963210006591
-0.0169001088644457 -0.0287829661314042 -0.205139495808936 0.192708010025822
-0.00217949100155771 -0.0265515505598846 -0.276958116028925 0.110742477235644
0.039103655102171 -0.0324442523142833 -0.324153925436675 -0.0404513104994908
0.0601013322588173 0.0543502947155993 -0.304396505734801 -0.239855342455163
-0.0228815378026202 0.141292651265343 -0.284267470968563 -0.348752321017559
-0.124381540135451 0.0972440816071594 -0.446688773498745 -0.216274221611535
-0.183493896694959 0.096521615750994 -0.316429632032026 -0.119116588974886
-0.0304270353084547 0.128878066074751 0.0377116490221371 0.154444214257173
0.0511595094190252 0.0503171117530952 0.280185140923957 -0.143814373556238
0.0316979763083422 -0.000512963842498526 0.104059134319514 -0.400479438995013
0.0150807717450599 0.0164455120909046 -0.239518886889157 -0.338792452904732
0.0373206702549463 -0.00311683474223318 -0.341366842223081 -0.09318627862559
0.0198177396952 -0.0259084060466266 -0.260361735612693 0.071827646957071
0.0272822876811235 -0.0253582440337874 -0.180436472416828 0.151981427625636
0.0408011043665987 -0.0472413459925451 -0.146679260479214 0.19493889163888
0.0923560508894695 -0.0248434017597773 -0.179602683441513 0.209872172220874
0.0837129484660535 0.0499332944276187 -0.259301403599591 0.154879568541801
0.0634487507633102 0.0932671999948122 -0.334959801644862 0.0161528741309911
-0.0346858665527605 0.15687551648775 -0.321530261995757 -0.18396348390218
-0.198241614412154 0.1495661984045 -0.269700844090252 -0.292374548321707
-0.305378062054993 0.0551706976087066 -0.375795065450496 -0.183103234834698
-0.320101452800086 0.0371620023596051 -0.236557586824612 -0.139336973221858
-0.202076507852869 0.158389073750239 0.0651020080018006 0.175864334320239
-0.0288563527778393 0.175911357215318 0.337226838182632 -0.104629050304076
0.0898247025574085 0.126257504110386 0.173753016494613 -0.401732003554446
0.118554444063631 0.0678291469948402 -0.194402433964124 -0.370148808655846
0.140380177142215 -0.0116255232253657 -0.307551316504882 -0.128112242583147
0.0988679963342274 -0.0796232578361728 -0.229826727949216 0.0381651419345853
0.0853159245590599 -0.0795565985504503 -0.15334904499446 0.121185848661356
0.099356829127157 -0.093821362524835 -0.101744263439772 0.172223244206755
0.179412657715989 -0.0399315009161675 -0.117445794457676 0.217860088724729
0.171175572894565 0.0870069922001381 -0.196994129032741 0.213604709858435
0.127970893481544 0.182966553717091 -0.32043262245967 0.110761553113949
-0.0690818475315249 0.263736230340859 -0.339127711699185 -0.090733466017166
-0.314491724137048 0.190076540263595 -0.253265982647615 -0.227818487661086
-0.436395399467061 0.0389231328789097 -0.262185374656648 -0.13619803860453
-0.407435842415078 -0.0480354857731901 -0.10369897386044 -0.122069842463386
-0.366277277418029 0.132732224889554 0.116530912471293 0.209127166989758
-0.145724369409805 0.265016761868117 0.391657837764298 -0.0291937684556821
0.103869838421117 0.258105235791017 0.261037644895649 -0.35448128188992
0.201433702524574 0.132924620184506 -0.104107273031212 -0.373617169417758
0.230732021073478 -0.00382026183929894 -0.230525104348945 -0.162926471759924
0.171079886976539 -0.116725853240646 -0.167796170861634 -0.00900808386297744
0.130577478614475 -0.123690334740179 -0.105371353345269 0.0744695135911457
0.135510366848457 -0.132232116082513 -0.0400341282245121 0.132380466509563
0.231618682151277 -0.0646029367601349 -0.0357332114614716 0.205214886971005
0.23847433449231 0.0902671954813627 -0.102328401757914 0.254676863771928
0.20090049270179 0.227244182617917 -0.267024634178169 0.202981842264356
-0.0619003261342317 0.340008760902248 -0.328705459435967 0.0116176307282926
-0.364058560240999 0.22658146061923 -0.22697021376861 -0.172253703761588
-0.498400259449885 0.0313064309014347 -0.123334609837625 -0.0960552590166958
-0.420681938932665 -0.133157041639581 0.0646301878953864 -0.0633358728632365
-0.464851043681538 0.0537686919317947 0.182246296612087 0.247832539625118
-0.261164712567196 0.277664014119381 0.416908246343492 0.0711832241619092
0.0660531163552401 0.344663546664065 0.333785587107148 -0.252814673994673
0.235780279458251 0.191002736461217 0.0139800061644639 -0.329575964428361
0.280288078805916 0.0157243129227055 -0.11598520106548 -0.184334674722148
0.216879437072795 -0.131508466317127 -0.0827696888317773 -0.062077252934854
0.157861506207387 -0.14875981733499 -0.0430371027539145 0.0170563527350255
0.150604209843252 -0.15620298232891 0.0279037848371791 0.0796801770282386
0.248783970939535 -0.0840158666382953 0.0494790803261035 0.170969983082341
0.269955345840924 0.0783888412263439 -0.00219613607025331 0.264998686362299
0.240311551683402 0.239253647582531 -0.191633624163506 0.263235883408291
-0.0528518466668464 0.364357893181657 -0.290447930764161 0.0912064404401553
-0.36632782999991 0.223460928634715 -0.189543692901467 -0.132794416013141
-0.488142606961888 0.0112607679123472 0.0175113733200852 -0.0632802237777593
-0.351672762947447 -0.186943859045383 0.233502780466721 0.0236489724667915
-0.452794464814395 -0.0438838515836063 0.242368452789188 0.285719191541915
-0.314022343816347 0.211085361382791 0.40351125403441 0.167314956781895
0.00561941526087256 0.345216171147271 0.363651679053193 -0.123498438079171
0.214288075826013 0.210892272515195 0.127039096649431 -0.246154032147297
0.27381523193269 0.0328776820284703 0.0103022412504737 -0.186548286892627
0.221849396385464 -0.123191685203891 0.0104773598138373 -0.111351924715647
0.160377870444338 -0.150355477884479 0.0243136451721753 -0.0423868677152993
0.147453060468034 -0.15789142380948 0.0939968050768325 0.0220059941352691
0.234089747928388 -0.088550334167187 0.126767586623896 0.125705160649852
0.26463809756027 0.0683012736219654 0.0850543373446138 0.253823167671091
0.231108555828246 0.234899864606974 -0.121951938522325 0.289780471664996
-0.0677833435465063 0.337035856070059 -0.243562616006099 0.136560711056866
-0.341245614098186 0.17009918240651 -0.146274237971266 -0.108041720163682
-0.413901170333089 -0.0321278661338755 0.140299383143597 -0.0304795063493111
-0.216136008983561 -0.191914880303781 0.371229920706372 0.11071145865098
-0.334104178491306 -0.113438350532099 0.283610771343175 0.309454396494688
-0.278170002826951 0.110003538720059 0.362697700072719 0.236891802478857
-0.0345690131144493 0.265897383546712 0.355788618873044 -0.0115151843895739
0.156370374016143 0.177766651725383 0.209359839305723 -0.159054672467743
0.215112329349444 0.0354610661214062 0.119221167636315 -0.178419504344729
0.184526945866839 -0.0966586066266647 0.0910723417048534 -0.151485310397419
0.13615805806755 -0.127514268183508 0.0839668517926097 -0.0949154992830227
0.12701041937625 -0.135943180095383 0.150789519502463 -0.0308156280494327
0.197292342891059 -0.0765812657658065 0.193197122345748 0.08524705074006
0.226945235327828 0.059959837661685 0.152223859642398 0.24052211660092
0.180905191501138 0.218551357743324 -0.0693262870285396 0.301280850109574
-0.100177321507759 0.270868466632738 -0.205372154088852 0.157474844510013
-0.292419593060331 0.0829976432150893 -0.108451187877991 -0.0890160993736133
-0.288876608070115 -0.0871648366701355 0.23073944330265 0.00988144438114021
-0.0430632628372402 -0.156801726803384 0.45124893361161 0.16927350813742
-0.154686216180737 -0.136672558041643 0.298011804164047 0.304487735312021
-0.17207711336748 0.0160248111884891 0.324472787029738 0.269030053378387
-0.0413028424346923 0.143163230984701 0.337604834385714 0.0550054622150458
0.0833162346542966 0.104320687911342 0.257282506055899 -0.103888578816396
0.122018248127847 0.0261911056483408 0.187271268147406 -0.174621482220178
0.115634008873002 -0.0559543777190535 0.142015133908911 -0.178590149982732
0.0910671283506988 -0.0835942306623767 0.128125471886469 -0.133157422800445
0.0906013335257859 -0.0936304527323872 0.194532567954752 -0.0686942368343899
0.13982035793937 -0.0515471145923491 0.245823315716663 0.058800291533166
0.166615382612798 0.0486016993931132 0.200142117161473 0.239981971356377
0.109096429615351 0.18393306817066 -0.0387761257503977 0.31345459763187
-0.124881121511259 0.177411977034435 -0.18568192897613 0.168950360121096
-0.212889716856697 -0.0127496628975268 -0.0841305790926992 -0.0695564208757447
-0.128627584623769 -0.133436479264393 0.275633763364442 0.0586067146375661
-0.0242364137107196 0.118958864281179 -0.338709688599988 -0.0576317410094736
0.11525528158875 0.0559031869280138 0.0412458424033701 0.150227177542875
0.0810628521977645 -0.0774152603420629 0.235090299487862 -0.162153348801794
-0.0498954273652632 -0.0953042012803537 0.0497265860912695 -0.380899263158124
-0.0829304429601619 -0.0105622567428323 -0.257713837406303 -0.293061655825132
-0.0573265866356052 0.021316577380023 -0.341501754611407 -0.0526184675539476
-0.0503220200062426 0.0376111634820371 -0.256472327433264 0.0966983532639366
-0.0320996441112977 0.0342206771820303 -0.173328962800353 0.168591596348291
-0.0355387549028681 0.00211000451708018 -0.154689650111497 0.207108015680046
-0.0187462893738854 -0.0280570609681617 -0.19668427833219 0.204613423050803
-0.00305119128070934 -0.025678547536729 -0.274223285406445 0.122846301349989
0.0376307676424572 -0.0333181295744401 -0.324204351111488 -0.0298779338037327
0.0625148496754403 0.0525839175622119 -0.313856579781255 -0.232288208339696
-0.0162890997416768 0.142285739044636 -0.297073227207227 -0.339582959316831
-0.121035436418429 0.10157101628543 -0.454049540245782 -0.198714246054641
-0.181257981268152 0.103262151953689 -0.319939985834861 -0.104944912140453
-0.0242012861476346 0.130846332309126 0.0434410613844309 0.156231030302188
0.0528880056650331 0.0483774718991767 0.273371646282522 -0.1538183237685
0.0312953219481891 -0.00301627109401012 0.087232305804397 -0.405410378429248
0.0161591363438192 0.0167082327065528 -0.253338248434511 -0.32771079865268
0.0364413371862067 -0.00349310461872546 -0.345292839044262 -0.0759061456805075
0.0191491554662379 -0.0253129144715543 -0.257143754922968 0.0827674499163724
0.0270461199122976 -0.0251935028086896 -0.171711432655104 0.159731205892425
0.0377127176999038 -0.0484012941253902 -0.137463960165309 0.202628497764498
0.0908774806213487 -0.0299025993041564 -0.17057963543908 0.220389697841858
0.0881513078833866 0.0468121515358384 -0.253949582457671 0.166659986941443
0.0670687995648728 0.09065950993715 -0.333526059728432 0.0287717194368548
-0.0282694836135317 0.159057608267287 -0.328539866729772 -0.176529450618541
-0.191896982400268 0.157935664813675 -0.28085835594649 -0.282988153571531
-0.302050215714245 0.0664194382932992 -0.383397797891506 -0.169268289247037
-0.319303660774871 0.0484546163004518 -0.241332456541813 -0.127675677353619
-0.195133447196828 0.167420195956778 0.0713345206744149 0.177996099008344
-0.0219511034922129 0.175991790024737 0.331745670454456 -0.116432266520481
0.0947018625283237 0.120533996292622 0.157463003070997 -0.409142205259962
0.121198441854983 0.0624342187618893 -0.208648315024282 -0.360142560408625
0.139427297292164 -0.0176313398862466 -0.312473624426961 -0.112964079000794
0.0942361472924299 -0.0833985418594895 -0.227699629909557 0.0473132518211302
0.0815985562988147 -0.0820552045527106 -0.14624331028005 0.127645525118471
0.0941423547728953 -0.0972372122764939 -0.0933784514707173 0.178570001788267
0.176835368206252 -0.0491749542950202 -0.107619925834167 0.226449401978452
0.176526920163224 0.0798015512715799 -0.188977812452574 0.223439151989672
0.135476055602197 0.17657582400237 -0.316061980741277 0.125351909712392
-0.0576968573718534 0.2671510750833 -0.343962550794278 -0.0807552261000558
-0.307355518675824 0.203161196292176 -0.26274526110163 -0.21925017215295
-0.433687897398227 0.0544307172377853 -0.268823630711284 -0.127251486441679
-0.40963708170764 -0.0348949785403247 -0.107688238123649 -0.115577435776614
-0.360056127296713 0.148983974923292 0.123291888530246 0.209719169226091
-0.135656437952933 0.268831943753105 0.390035793132535 -0.0421099434220457
0.113856675020434 0.25156300610088 0.246581142568605 -0.363912535275738
0.206539885355185 0.123814073024568 -0.119127657754799 -0.365668032786751
0.228713981519428 -0.0145405763250985 -0.236204265170421 -0.151291152855291
0.162968467891074 -0.124098244279161 -0.168378905549271 -0.00294791819378487
0.124200282136737 -0.127307909868047 -0.100932602845249 0.0788774709259991
0.128440840090921 -0.137072521870216 -0.0335621774155376 0.134831714677964
0.22801445165975 -0.076269038807319 -0.0257794440153993 0.210163602937913
0.243939353027926 0.0795607822441565 -0.0917650637864735 0.260665601184989
0.209831617366371 0.217957170587107 -0.258064887410966 0.216942868077771
-0.047672013258305 0.342673490923779 -0.328863966758949 0.0214630041862601
-0.356342070319236 0.243566279371236 -0.234198418111791 -0.164585585755538
-0.496209237553054 0.0497697849563739 -0.130355080240957 -0.0931851520301409
-0.425657412402682 -0.120127776006304 0.0625550323907105 -0.063541412295032
-0.462870038541066 0.0741707372283182 0.188665727306957 0.246283923491019
-0.250832206404973 0.285068828276027 0.419465444120919 0.0583175841172344
0.080184701900694 0.339249919148375 0.323578985940828 -0.265358826939563
0.243089211214344 0.179944944423534 0.000832548803456204 -0.325427410748289
0.279085102180478 0.0019596087685016 -0.121983449192355 -0.177936846926248
0.20738677444922 -0.14108762117386 -0.086048437007046 -0.0600026642554865
0.149761171813355 -0.154357164751175 -0.0417565124987734 0.0199572550539329
0.141417747110005 -0.161529609981279 0.0323560837355172 0.0787848501597739
0.243576308218674 -0.0960060940629984 0.0574994658404593 0.171608059690501
0.275353393156092 0.066239970931537 0.00997312007176157 0.267368488130947
0.250346702818964 0.226388001855846 -0.180504082744693 0.274265811598233
-0.0374862053052982 0.366153232951535 -0.286055257706275 0.100650441459635
-0.357104614558551 0.239752627704901 -0.195583685314581 -0.126597030020643
-0.486600170349221 0.0301035531848501 0.0111450781884149 -0.0664803877095081
-0.358789263227934 -0.174437307514979 0.234439510356106 0.0168974332670688
-0.454268396558143 -0.0242201867395882 0.250745532914416 0.281582366939775
-0.307381297025601 0.221443404685547 0.40955401042132 0.15556273664129
0.0188857804751387 0.342463130853147 0.359442714585925 -0.136420107335639
0.222613502670027 0.200115633704517 0.117734861257806 -0.246714873984899
0.273992027313247 0.0192232718463421 0.00404412702027863 -0.186110497330234
0.213090260344085 -0.133274294677543 0.00409245701438918 -0.113693754827021
0.151468043274984 -0.15664278098085 0.0215282904487662 -0.0417090992474847
0.138263724641521 -0.163502441876098 0.0953362672774192 0.0178824093994104
0.228874968606171 -0.0990764716520888 0.132856066756916 0.122642897445654
0.268147656231504 0.0557316281000005 0.0967446709006835 0.252583379804913
0.240637857944968 0.222118990577608 -0.109040545480166 0.298812661550448
-0.0539137328354803 0.338763649551198 -0.237432951002003 0.145330508745902
-0.334357812143751 0.184855084483441 -0.152614236020288 -0.103463714675157
-0.413921954990331 -0.0157616557185079 0.134965646277898 -0.038775921303216
-0.223419901125768 -0.185198303906485 0.374198654746367 0.0979774729898933
-0.339717887539364 -0.0989629212199026 0.291822335427338 0.302763188174219
-0.273599605159935 0.119175591000125 0.371311490303085 0.226351739762224
-0.0244240948666029 0.265332144326881 0.354560828954128 -0.0228456736310585
0.163398020546758 0.169206070887298 0.204030471214221 -0.163059040607451
0.214820425888248 0.0255885283996761 0.113608061110945 -0.183956902161535
0.177378737675672 -0.104652181936929 0.0821807588579248 -0.157229847519669
0.128925811126224 -0.132608163838278 0.077788183528348 -0.0971557354631844
0.119181862109821 -0.140644335373765 0.149079767650422 -0.0357759817349299
0.19244305559968 -0.0846319538976981 0.196513397466859 0.0787134996931958
0.229832287855555 0.0492700882363899 0.163357259477911 0.236037196470012
0.190310969373753 0.208252627327538 -0.0558198658913912 0.307322654003225
-0.0883865622913778 0.274167686931522 -0.198177376622738 0.164877698035238
-0.288690065508707 0.0943713588921875 -0.113715485814839 -0.0852463053231458
-0.290953750280652 -0.0770006245337878 0.226380324399623 -0.00212870562934674
-0.0488117280240771 -0.155724601917431 0.456374661931486 0.152535473190746
-0.160102715797683 -0.130306367911034 0.305462587701815 0.297350051400596
-0.171754549485296 0.0216009353162762 0.335613908405604 0.258973088254643
-0.036050111437539 0.143490582648749 0.339790402932336 0.0437779847855533
0.087558741057151 0.0990894386018882 0.253774489704922 -0.11173453020406
0.121753153483618 0.0200783787219774 0.180420970951385 -0.184603808639985
0.110899739796007 -0.0608671952569445 0.132329004558626 -0.186461738598705
0.0865552277576876 -0.0865967977969178 0.119996246715298 -0.13643732719799
0.0850019079713153 -0.0968473351584546 0.189856057233909 -0.0756012856796585
0.136825271982169 -0.0576209080890628 0.248021845549256 0.0499973435185293
0.168684159612589 0.0411289669447403 0.211337306329927 0.233009048301854
0.117177360751037 0.17670885414397 -0.0249977937792337 0.318812926850118
-0.117346664843024 0.182305861240557 -0.178313804143603 0.175764622870628
-0.212655421952957 -0.00571248535802983 -0.0890947327407694 -0.0672001436400975
-0.132539155834594 -0.129808319055525 0.273879112382495 0.0450941417196476
-0.0218790286277909 0.122396020632322 -0.343017091315573 -0.045144272077646
0.119577637386609 0.052626551840659 0.0477117210886403 0.153650583584035
0.0790477723672144 -0.0796457330143721 0.231284765114735 -0.171062757148363
-0.0549080791184432 -0.0938136527963085 0.0345271670787157 -0.38707307686327
-0.0833090058780567 -0.00553914579127651 -0.271303937961896 -0.286972119324607
-0.0563161215845185 0.0261541590532873 -0.3454963126261 -0.0368082633396974
-0.046637625018598 0.041300987145493 -0.253996030074317 0.109737120850785
-0.0289296532165584 0.0363495078360929 -0.166797585013605 0.176380588731403
-0.0362020627611381 0.00470739330219801 -0.145499641297397 0.217378937125064
-0.0204577469691021 -0.0278272660620788 -0.189313796492341 0.216278894649991
-0.00306108167586387 -0.0253358746453458 -0.27209965284293 0.13535782191728
0.0366974391499514 -0.0342032148634343 -0.328152767419763 -0.0209783007256765
0.0652434831318935 0.0517310928691448 -0.324466072344984 -0.22653595976731
-0.00941906545548679 0.143780417890955 -0.309826765771302 -0.331962434944822
-0.117908004348267 0.106044556715846 -0.461173052285254 -0.182247692423335
-0.180386426000473 0.110287952443772 -0.32496071967427 -0.0928377807743166
-0.0180526392520152 0.133424020120252 0.0500391542378256 0.160634628926504
0.0550840707518704 0.04657918535696 0.269087974891981 -0.163732903484825
0.0307977100076361 -0.00524126433368658 0.0713793648868521 -0.4136905459249
0.0174291880841246 0.0173688398820932 -0.269378676103091 -0.320100897576984
0.036697204974521 -0.0041610792703372 -0.350516423835984 -0.0600299263786319
0.0186025421402073 -0.0258792606393977 -0.255388044517003 0.0943398347185836
0.0276383954837181 -0.0260731837852655 -0.165368465699227 0.167227143304049
0.0350010318302418 -0.0492874029567323 -0.127649023078948 0.211985082517265
0.0898550003622767 -0.0347606445723934 -0.161734341742664 0.23173822457898
0.0917310014724963 0.0434160193629955 -0.250613189779586 0.179892076554576
0.0714053411683644 0.0892285363106115 -0.335526429822957 0.0410535155800831
-0.0228584393443914 0.161755475479556 -0.338964168235027 -0.169265619520597
-0.186582428778545 0.167196219109183 -0.295022687695233 -0.277287619803616
-0.300789158321847 0.0770646420245485 -0.392222498103255 -0.154818963800414
-0.321084778312074 0.0593759658307967 -0.246719795523023 -0.118556642461749
-0.188474291792022 0.177036574413435 0.0791090004414349 0.181508627497696
-0.0158385713449093 0.176882736659604 0.329984013654101 -0.127226331019763
0.0994126069958646 0.115729371423066 0.142829299990218 -0.418395172816397
0.124821749590514 0.0582422160286738 -0.224731778622147 -0.353740713649374
0.139098918695402 -0.0235949988974188 -0.319115145464681 -0.0999538085555205
0.0909668212840096 -0.0868048850145656 -0.227792712194878 0.0571209968677497
0.0790229968342081 -0.0846887084740278 -0.141041020601135 0.135494689238324
0.0891792951506865 -0.101415844594151 -0.0855186429911975 0.184568539241174
0.17537164692047 -0.0582387580516029 -0.0979979164141852 0.235611280820397
0.183229243319763 0.0726218600714527 -0.182180338068321 0.235426924692938
0.14383385389747 0.172779788614712 -0.313506788479844 0.138863158001522
-0.048715484769087 0.272152447480792 -0.349905091839939 -0.0724785980369042
-0.302079956500476 0.218182769395539 -0.274280927052421 -0.212284480646414
-0.433460544067261 0.0697847615006241 -0.27823080472562 -0.119459770918171
-0.415319460122951 -0.0239153674981594 -0.111801506790558 -0.110179433749883
-0.355863831557686 0.165738686435273 0.131137519832014 0.212184286467033
-0.128393884235885 0.274419645202684 0.390437099185428 -0.0547889766339655
0.123949504531319 0.245780570903875 0.234871537180903 -0.376052051628715
0.212796729336447 0.115879786076609 -0.13427697951722 -0.360834586253555
0.229455806400011 -0.024759933036239 -0.242493315832892 -0.14145456123448
0.157368473980151 -0.131736001820716 -0.171034161169838 0.00253309887314373
0.120398875262562 -0.131873687097812 -0.0972740305817849 0.0846455210997258
0.122176180792828 -0.142937587088742 -0.0276593058492996 0.137429307926409
0.225196857204903 -0.0881709729154212 -0.0162758967087862 0.216298975715227
0.251095671020526 0.0691460816795745 -0.0817885813951885 0.269043741473718
0.220367924752279 0.209002767126889 -0.251928992181136 0.230100403922574
-0.0342934961802135 0.348630955496353 -0.330660324612281 0.0306673247479115
-0.349964281206929 0.260116287315084 -0.243669478011542 -0.158723024456666
-0.496866109918518 0.0684094815260474 -0.138418456686016 -0.0905396849440601
-0.434176149575142 -0.107636841585657 0.0608230393879505 -0.0635897195133872
-0.46199074028048 0.0939820643012137 0.197482716361961 0.246994106370595
-0.243622278326649 0.296395820075625 0.425376589819737 0.0458980933809848
0.092974811280702 0.336906290559619 0.317345558831567 -0.278938878525447
0.251963433960933 0.169868297282842 -0.00946320936351295 -0.323520968135948
0.280515787686618 -0.0107667412711197 -0.128592283264053 -0.173409486269625
0.20065267716585 -0.150536446666403 -0.0904562510959144 -0.0586536432398872
0.143179864417123 -0.160866499728613 -0.0406863852946062 0.023001416125517
0.13455747864132 -0.167657643894218 0.0360953525597161 0.0780988132874308
0.240671534947013 -0.108076185860091 0.0663733780944505 0.173626493099394
0.281418252520178 0.055350646617033 0.021422290196069 0.270883819124738
0.261268539487899 0.216056919046958 -0.170289205504852 0.286226337056936
-0.0234182805035699 0.370512226112989 -0.284203762286601 0.109821356958909
-0.352784219011734 0.25664670844316 -0.202324377989048 -0.120649393070906
-0.487480713488325 0.0469003910690685 0.00530544434530716 -0.0692585037537585
-0.367835793286778 -0.166417617262205 0.236276995790608 0.0103076131408505
-0.458727550260068 -0.0065265984895082 0.26119220856681 0.278898828501887
-0.30237289824521 0.233175645065192 0.419392960221355 0.145810563773667
0.0317882029035738 0.342227879747486 0.356806571960586 -0.149928361437473
0.232152249337428 0.191870915906446 0.110966908227578 -0.248642641861155
0.274900541551434 0.00656991372947313 -0.00170085085324213 -0.187810547046741
0.206734841320922 -0.143434290616201 -0.00201523120921744 -0.116874006043024
0.144845952689989 -0.162730861141118 0.0193873029921362 -0.0414426249312347
0.130215778912192 -0.169613865739826 0.0963890139931291 0.0153923277635277
0.225603118357052 -0.110105839290922 0.140116502837497 0.120411353679979
0.272962068867818 0.0437229085799435 0.108628764208716 0.251813841153902
0.251628157539753 0.210688583986727 -0.0973228955294525 0.308691491441788
-0.0412105544015504 0.34352816406532 -0.232863467019801 0.153786315002177
-0.33006208120098 0.19984220034644 -0.158654364626989 -0.0992584110380497
-0.415782479209808 -0.000822963491313267 0.13094878242981 -0.0465796713585156
-0.232484817996085 -0.180357178915448 0.380429407034052 0.0864085631748521
-0.346010440843058 -0.0865058930174746 0.302747176344922 0.298425103975251
-0.272906903125635 0.129734994919416 0.384223838271004 0.218987939333451
-0.0142498778000898 0.267075389287743 0.356285810778215 -0.0339940497593984
0.170958180077621 0.162898566334322 0.201054169127795 -0.167574172176604
0.216372881253218 0.0157412426374684 0.108168691124128 -0.191776185529363
0.172263888410519 -0.112844584435451 0.0740654707812566 -0.164191134585844
0.124185102260676 -0.138233754915623 0.0737556705410148 -0.0994245073602183
0.112171057015623 -0.145526653561673 0.148313274374512 -0.041486947400268
0.189906966626797 -0.0933408857449737 0.202336739366318 0.0729587762892192
0.233513871535356 0.0392206455883054 0.175143387565195 0.233209053432141
0.19969940150421 0.198787290786022 -0.0432292941305341 0.315560360477787
-0.0773172046605317 0.280646145651099 -0.1917983043483 0.172683044186159
-0.287286889596203 0.105838595097266 -0.120125490786594 -0.0825154054729931
-0.294033660797545 -0.0675845515618486 0.223906437729581 -0.0136963724842063
-0.054836766925344 -0.156034067621172 0.462804081793505 0.139208583393323
-0.166472098676356 -0.125868596937272 0.316720869004949 0.292670219718602
-0.172958127951302 0.0276875879399089 0.34835130181477 0.253713418001299
-0.0306416103840236 0.145628320552152 0.342951114401206 0.0340747114002008
0.0916126382673639 0.0952772858483527 0.253262929941222 -0.119498673305407
0.122654362075249 0.0153623918160858 0.175845157658193 -0.194767664304803
0.107783414671215 -0.0656740211029207 0.12358423563419 -0.195329430475044
0.0830197147920655 -0.0905110262606501 0.1134893679235 -0.140223552219476
0.0811675438989946 -0.10046356326521 0.18834562901268 -0.0821668468791792
0.134548561985826 -0.0632559650010579 0.251469740535536 0.0413651442146628
0.170580896912068 0.0332309710663194 0.223896452045374 0.22713766242578
0.125338471648979 0.172084295535595 -0.0107348738222117 0.325259474490309
-0.110212018712517 0.188792786848322 -0.172240305680377 0.183470926381346
-0.215223307113955 0.00181326925471024 -0.0949128133126273 -0.0650685980516499
-0.138036155361391 -0.127489071436961 0.273957953800201 0.0325733852247689
-0.0413650281637346 0.113284738763177 -0.335740521504025 -0.100699356720905
0.107580841912553 0.0692154351301516 0.0197003478573391 0.168643020305612
0.0910366862727823 -0.0603034286178454 0.260118640550811 -0.124612707598366
-0.0346019844644413 -0.0945760912533007 0.101813547205936 -0.381453980011127
-0.0738423829277106 -0.0163558028110609 -0.219937197248735 -0.329719055458296
-0.0560237455821717 0.0175403668479846 -0.337420630698075 -0.0960167883040975
-0.0507462126819043 0.0350571428163363 -0.275041185871842 0.0643669903712334
-0.0324684774220096 0.0320591527011822 -0.194675104441406 0.143774959778119
-0.0358800640910342 -0.00139830296375137 -0.180962493272574 0.191794754921641
-0.015517306967078 -0.0301948685012924 -0.225090226079741 0.179900162649011
0.00246456920519014 -0.0253040593091185 -0.294886373927169 0.0845735346197389
0.0414458915117061 -0.0233278498538077 -0.320542596629708 -0.0861674039399224
0.0511012948137147 0.0661473746103997 -0.282618601231843 -0.288913205134893
-0.0387231855132325 0.142033237869437 -0.255059120178548 -0.394069759457363
-0.136687727984215 0.0816888502242482 -0.433187045286398 -0.276943999635293
-0.192472333566578 0.0732413169750043 -0.31173101323202 -0.145360849815693
-0.0396596198888083 0.127047533396455 0.0189377994143235 0.171108988433695
0.0458594904284885 0.0588568375826008 0.292260727851801 -0.111303548138276
0.0327473355500905 0.0042122517773477 0.141582418390201 -0.399013219627254
0.0201798356526075 0.0232559559635227 -0.214159273063095 -0.363446725417144
0.0399222062738596 0.00366353479511751 -0.338896108552754 -0.119582184029779
0.0237108615635123 -0.0205465374097229 -0.273779325127525 0.0488758059941691
0.0341251127441326 -0.0199021360201965 -0.191856142394201 0.135935201917076
0.0444254512142541 -0.0415650665935279 -0.163293905675587 0.188524899320356
0.0954846928421941 -0.0188710501048039 -0.19948516597129 0.20203259254732
0.08434211480231 0.0604750076028859 -0.278417539778603 0.135754808518291
0.0525104149752705 0.103856537909766 -0.338590889783278 -0.0213258731021563
-0.0588332047266721 0.158046157941681 -0.30940299746177 -0.229652307237281
-0.21948275586109 0.131594588578346 -0.252474750024132 -0.335497209432009
-0.313060535848917 0.0175948829542683 -0.371028636887503 -0.236564866982
-0.320329611180697 -0.00261276547231499 -0.229982195260965 -0.15949881222027
-0.213339405672236 0.14275354169211 0.0433427453952668 0.191193567317855
-0.0464651812566415 0.173974902150958 0.342528117125706 -0.0671109950209578
0.0778982369418195 0.132146051805886 0.210917646874784 -0.390768553987071
0.118048483483576 0.0817810859055138 -0.16594226059733 -0.386497973540878
0.143296445604968 0.00198692704737868 -0.300611596356741 -0.150403267820328
0.104009526684025 -0.0689640994550732 -0.238259222630032 0.0161514682489218
0.096368140551599 -0.0696873665604557 -0.163019481230085 0.108613753115505
0.106727995731823 -0.0826090115075172 -0.116208803537904 0.1694854895616
0.183694398987908 -0.0267835276904938 -0.135545139323254 0.217937313977862
0.170121042122114 0.105917978458308 -0.217141662434764 0.20469294382635
0.107673030567232 0.199138157530419 -0.332818893444753 0.0854406984964156
-0.106357766192987 0.263426330612353 -0.339810086998431 -0.131093992559653
-0.343914564595243 0.160199825833934 -0.246302553942169 -0.270051082000805
-0.443041355601246 -0.0146589732519711 -0.263874878770253 -0.177695240055658
-0.398906606327125 -0.0977995101864317 -0.0981381936445267 -0.129831463873743
-0.375593933977531 0.104670110459696 0.0914922482469791 0.224832054301459
-0.174738615377075 0.250785008620092 0.38737646886962 0.0126892735394228
0.0783721859875234 0.261551998224257 0.293592443418968 -0.331596427256982
0.192622738269477 0.1532871887814 -0.0762093176679755 -0.380958573662199
0.231248360739062 0.015368606495013 -0.218445051703154 -0.178098505595064
0.175957611702271 -0.102656976804024 -0.170737208660468 -0.0282397812778261
0.144183060524781 -0.110192190425004 -0.111754419862895 0.0667059798314594
0.146047936073963 -0.116775583661296 -0.0500999970508656 0.132685194097145
0.238015949055094 -0.0474214492051782 -0.0496230919708276 0.213211717577852
0.238353238987752 0.114670909338766 -0.121183113328045 0.255986159886776
0.176685296071804 0.249035577421676 -0.286250101265121 0.190041966399785
-0.107539430954425 0.343648837454329 -0.338097472154558 -0.0201512181632997
-0.400532689237383 0.192830122702865 -0.226639481458067 -0.208372302526802
-0.505226557692992 -0.0293399887695178 -0.128559674981437 -0.119684507288716
-0.403620327713391 -0.18445625452345 0.0662453879820782 -0.0559330682684158
-0.469174221523328 0.0182976317085176 0.154665139720974 0.26643182356349
-0.293783013068482 0.251354510281094 0.403620579690121 0.113905936937057
0.0320100734295969 0.343238929689219 0.355144889745874 -0.22035898159219
0.219168968087028 0.213344543612966 0.0413383121390992 -0.321997730233294
0.277652726168344 0.0378415068984808 -0.0996275212885331 -0.18993611904781
0.220499663863865 -0.115552950280238 -0.078171221892184 -0.0758093307259896
0.171781004037274 -0.134815315829838 -0.0448476764161248 0.0162082485720281
0.16156136076649 -0.139776454634977 0.0239816418147775 0.0847082239263212
0.255817929929152 -0.0653194114518185 0.0397908473354209 0.18655827800922
0.270401965107033 0.105997033360835 -0.0166487776682383 0.276096088904578
0.216187794042978 0.260512599633769 -0.213257497650469 0.26193686863365
-0.0997179233009941 0.367548003941106 -0.305438772661811 0.068825352586964
-0.400951495240767 0.189395014378962 -0.191676483453349 -0.16385073804334
-0.491582457847033 -0.049399120352951 0.0136671678351416 -0.0702346816127767
-0.331073830818548 -0.226959185697463 0.2299370747156 0.0468525566670964
-0.451397455195722 -0.0776786317708798 0.214235372542717 0.309740265722418
-0.341856223317445 0.179932994976102 0.382418124270089 0.209369038856915
-0.0289421351707101 0.339299431042764 0.373248647682464 -0.0843327363356223
0.193922674923964 0.229692836264523 0.148962112035678 -0.227773470769664
0.268361770690168 0.0538632013874124 0.029837410215728 -0.184099020538237
0.224675021369732 -0.107495514187578 0.0200696966008688 -0.117706501100138
0.173290455131604 -0.136280126599672 0.0257198636331083 -0.0361756485076447
0.157722597334242 -0.141828067137804 0.0942264829298349 0.0333652933339839
0.241531843198761 -0.0698522243394102 0.120960346743601 0.147578187405714
0.263831610166993 0.0933908800692592 0.072758631374073 0.272718337231461
0.207007252611814 0.252730204808343 -0.14463818140574 0.297813050271023
-0.111298739260194 0.337093086734836 -0.260677681346482 0.121627337695935
-0.366935856519026 0.135290700609796 -0.150752798410234 -0.133275354376038
-0.411980523770558 -0.0832241478155729 0.13784554413031 -0.0233051253218555
-0.197939185346544 -0.215079736766548 0.361681711582358 0.148153492061241
-0.329609208731214 -0.139045435080781 0.254562195686987 0.341112765885026
-0.296607480420909 0.0821015777129855 0.33843881781453 0.275854696552611
-0.0623090635192692 0.257771808169174 0.353162494746136 0.0282626117958806
0.137272358102812 0.190901299349303 0.226528872082622 -0.13203756219205
0.208330139868912 0.0537577605311624 0.140724954591477 -0.170073692824578
0.185748205843714 -0.0831585933324043 0.104587389571751 -0.151698426785769
0.147422046648101 -0.115917796739115 0.0889072155783743 -0.0828286162760024
0.135919575085959 -0.122363499948958 0.155920070729393 -0.0142859417121459
0.202710622333872 -0.0592678623488299 0.189444308113601 0.11063994681509
0.224449733144043 0.0813073570127379 0.140833906451208 0.264930945846981
0.159531263600231 0.231634418654312 -0.0946632990583854 0.315072242265744
-0.133869008675249 0.264862711381119 -0.224840727655463 0.147379772954754
-0.306880354050843 0.0503281086132398 -0.1128392668545 -0.109184026578769
-0.278256128209156 -0.126069736019886 0.226765532770549 0.0280961810859281
-0.0311449250901421 -0.158920307166125 0.437839845364934 0.216592693697014
-0.148886749225922 -0.148381141122234 0.269562846710378 0.342102175108745
-0.18172669562987 -0.000469237447834579 0.300209796126223 0.308352491796071
-0.0581313521930676 0.137205622617924 0.330917827403721 0.0945847819612065
0.0702044620281506 0.111287355198398 0.271192955973803 -0.0757295152863795
0.115943358959452 0.0380268625309128 0.210031195061757 -0.165110587188184
0.11563000840742 -0.0467491058681155 0.159364186322891 -0.173821302616924
0.0988973439436234 -0.0756996538482704 0.135743313533277 -0.115936816299754
0.0965214742522791 -0.0834746418493516 0.201612825574922 -0.0470597485830081
0.143550010246745 -0.039138295272862 0.242507324665248 0.0878322946419469
0.162664133380488 0.0638050052158967 0.187857149222808 0.267621186493237
0.0924212614888897 0.190227380283953 -0.0661402536409608 0.329297671375123
-0.148034696452528 0.166937507946484 -0.208405862787978 0.159171473362351
-0.214085639862689 -0.0405518467222425 -0.089609080200253 -0.0879731943940026
-0.112177019921696 -0.154944278581377 0.269227268585075 0.0850050106620759
-0.0377679711427192 0.116720858269475 -0.34023733004365 -0.0874752676565033
0.111578360476675 0.0647280831814301 0.027881764878857 0.172210503857845
0.0894613934678705 -0.0634802397966666 0.256800740490219 -0.1333523441588
-0.0390950195048031 -0.0926801983545829 0.0846883103812565 -0.38565354712164
-0.0740745381517759 -0.0125217997782265 -0.23397382837436 -0.323188026870554
-0.0534195104160935 0.0208096960487072 -0.340486501235067 -0.0809323696757304
-0.04745701124595 0.0380768442244562 -0.271181569116916 0.0782711298579177
-0.0288430360054904 0.0332879851853237 -0.186232488757352 0.15292771089917
-0.035455964375619 0.00199284945778297 -0.171090401652836 0.201387047828246
-0.0174078227630857 -0.029800584435753 -0.216476814714553 0.192059909404308
0.00216473082984233 -0.0254609528812637 -0.293345389183923 0.0969625007678356
0.0402703676016266 -0.0251898265294199 -0.323640258168959 -0.0751022467802705
0.0539271548879073 0.064911769307358 -0.29453315061932 -0.281912940192974
-0.0320706360098863 0.143383459721701 -0.270220916413601 -0.38547956947697
-0.133147123722533 0.0852414871958574 -0.441961188025207 -0.261191535649367
-0.190546515568084 0.0806786415874782 -0.317456157748358 -0.133033892438529
-0.032653156778827 0.128636784971165 0.026819389046974 0.174593820389345
0.0490323310714196 0.0568000581533611 0.287499179505349 -0.121624434057311
0.0320904495249633 0.00205757097691524 0.124655695557293 -0.406995515994006
0.0221463692348335 0.0227205967141308 -0.227016949826487 -0.354327828456608
0.0412404770774036 0.00221148322160261 -0.342777273607659 -0.103865367869114
0.0237969497909885 -0.0203997528877724 -0.271267051246225 0.0625788044791573
0.0351125744176855 -0.0215373265063212 -0.185385699602533 0.144355597213508
0.0427679392623927 -0.0421960263578028 -0.153555427761787 0.198126236817445
0.0939753997739667 -0.0232562577106541 -0.18954167372853 0.213714997817985
0.0885113660433016 0.0566274619996848 -0.274074961299942 0.148725810356297
0.0570478038353753 0.101181557476691 -0.339906848289163 -0.00802594147430482
-0.0525185545836616 0.161387998369495 -0.320399964087705 -0.220377535514335
-0.21447665988012 0.140977561414056 -0.264287877539435 -0.3273559837025
-0.310603857607577 0.0275484988846454 -0.380260659865009 -0.222370333588913
-0.320666418270379 0.00857674064722637 -0.235885967747446 -0.149888170243028
-0.206390507441219 0.152147759983902 0.0509561563086457 0.194327255420328
-0.0399717872452365 0.175028748956948 0.339461765248577 -0.0775970908720318
0.0822976345325714 0.12753197678288 0.195827887780252 -0.399402012248645
0.122007058521832 0.0763368697551098 -0.179550949310324 -0.378411507319349
0.143089134639887 -0.00475888457781315 -0.305328255381315 -0.136790577571186
0.100751197711696 -0.0730956722826768 -0.237915248886062 0.0271759787628519
0.0943968633899269 -0.073641852518549 -0.15756550107097 0.115677686168849
0.102849616516333 -0.0861914645595064 -0.108013863371107 0.176038458706565
0.181783740463888 -0.0371661874442879 -0.124540869884841 0.226661553699037
0.177340967801637 0.0981404473139741 -0.209653040114979 0.215641758885548
0.116670299017513 0.193859750043697 -0.329994437886452 0.0989471027416064
-0.0955757603968248 0.268517986085925 -0.345620450680141 -0.120794324066719
-0.338695517797257 0.174290708894264 -0.255838489872773 -0.261298433295605
-0.440837423202033 0.000100076223657986 -0.271494164969197 -0.167414490668113
-0.402567768910915 -0.0844221080526517 -0.102104759574558 -0.124929191508741
-0.371669904525912 0.121144484541488 0.100415572268687 0.226804916927945
-0.165320445292988 0.255776265239982 0.38769690575106 0.000581896401358908
0.0883982725109756 0.256515082365944 0.280586286204498 -0.342697023050206
0.199477849742382 0.144690727347073 -0.0899789635507415 -0.373357607002606
0.231491597036912 0.00449489986304322 -0.223792379777533 -0.168035140746226
0.169709200865357 -0.110893353962989 -0.172244017240775 -0.0212702064406829
0.140321619469914 -0.11620130713104 -0.107674733969576 0.0721281829931494
0.13953203607526 -0.122754472838575 -0.0439883239414082 0.136494813909219
0.234882621945133 -0.0593068761123282 -0.0384754949816532 0.218961834203554
0.24607192106229 0.104223098341777 -0.110655178150255 0.262964111573126
0.187459288275585 0.238913351835592 -0.278071023665592 0.204105827052887
-0.0924330563844322 0.348314141259766 -0.339344787965509 -0.00959748839753876
-0.392157660658661 0.20969732715463 -0.234682451514897 -0.201103608692147
-0.503917336324581 -0.0108260021467453 -0.135615187039611 -0.115769633500701
-0.410190589059391 -0.169907245043719 0.0651997743154441 -0.0568273281828898
-0.470018004275501 0.0381669117172821 0.163346590992784 0.266368566078615
-0.28564402116902 0.262148698270142 0.407733241054573 0.101869818027536
0.0449008460866362 0.340238404405883 0.345653464436701 -0.233828938935984
0.227914893215876 0.202902494914367 0.0302774343680062 -0.320205922404265
0.278434047696211 0.0251143997955144 -0.104838295220671 -0.186461371751501
0.213513866773744 -0.125647863884437 -0.0830537538981405 -0.0732082321606418
0.166408909352446 -0.14171769572141 -0.0437839807658834 0.0189196658188763
0.154197151510482 -0.144955227849879 0.0270303085610221 0.084814428509502
0.251634622631137 -0.0770803180800396 0.0502233724874516 0.187696325098347
0.277143575755213 0.093505616258611 -0.00399985586535778 0.278599301655618
0.226965562355779 0.249428261351474 -0.202128295858055 0.27429828339398
-0.0843332442400102 0.37180486715212 -0.302607574117392 0.0789068344817726
-0.393205123056721 0.205945568198493 -0.197884486112537 -0.156871582372765
-0.491729421427012 -0.0306945302451212 0.00748888770561993 -0.0723849096647392
-0.340591678903906 -0.215909414846396 0.230745453186958 0.0406517981127552
-0.455259824286484 -0.0596234406949132 0.224605573174123 0.306216111204691
-0.337697095672357 0.191443488909452 0.389663503458337 0.198845297202906
-0.0162418461300252 0.339287610912568 0.36910936835342 -0.0984910655825231
0.203213246517703 0.221321964426843 0.142815534429001 -0.229523594355842
0.269853938453453 0.0418968741331836 0.0243779731456554 -0.186641516916861
0.217630785133496 -0.117043027926891 0.0135063638781148 -0.120483583295307
0.167377969415057 -0.144268237744557 0.0242099479156845 -0.0360942599258891
0.149446538244867 -0.147309658257612 0.0954877887046776 0.0290687029508652
0.236552780696765 -0.0810674017580086 0.12956196079622 0.144232018450654
0.268627819154708 0.0803405177983958 0.0855027685807682 0.271299916584304
0.217558901942174 0.241478385098508 -0.131287466563944 0.307462149708304
-0.0961725087963758 0.341046202463788 -0.255598686877597 0.130595537309886
-0.36126035262281 0.150723335528435 -0.15730622077482 -0.128667814162094
-0.412762405100558 -0.0679104747845252 0.132933671894587 -0.0309343499559824
-0.206419268936924 -0.209195601156551 0.364861593385257 0.13557270352908
-0.335940456605733 -0.124450893653467 0.265763643922202 0.334440012153026
-0.29537251592328 0.0943477350398764 0.348528230890131 0.266146862012631
-0.0520271439657968 0.259948541254385 0.353312060007 0.0177876732200528
0.145389918493905 0.18401360883955 0.22369838867326 -0.137336829387505
0.210143784294132 0.0439634776444369 0.135560870606471 -0.179138495987419
0.180469657195144 -0.0905979734823713 0.0962793730724281 -0.158548469146364
0.141629713198318 -0.122438241575917 0.0846720890595627 -0.0856798411577094
0.128307755481296 -0.126920701667484 0.15482821348909 -0.020083170351342
0.198672189165408 -0.0681365753266309 0.195848570245424 0.103948551913828
0.227926307760552 0.0702026055671393 0.154211452419842 0.26028497121507
0.168574614649867 0.22157610484958 -0.0800414696428429 0.322262635853004
-0.122491578779231 0.270693983605908 -0.218183120059947 0.155073389999004
-0.304201275340323 0.0619524505297491 -0.119413345364663 -0.105477916266181
-0.280893715497786 -0.116621617679023 0.22377257827066 0.0169357434751392
-0.0365765704702993 -0.159037505304696 0.443850728706591 0.201941112472699
-0.155045957814778 -0.142031480978531 0.280738181670277 0.335992394312549
-0.183484563950199 0.00700280894486249 0.312379258053002 0.297017879998723
-0.0524661793924306 0.139473469125135 0.334360422946313 0.0837506444992641
0.0750970507310758 0.107326258198292 0.270552987460398 -0.0840526009215068
0.116618009180697 0.0325716610356538 0.204002109025793 -0.177194560424143
0.112603296212999 -0.0515664287791036 0.149752549625184 -0.183776891454576
0.0958609476277973 -0.0805013661653261 0.12957332035927 -0.120945069549052
0.091933440289788 -0.0872654718283781 0.199259772521394 -0.0545501620678582
0.141036402884731 -0.0451590822144889 0.246700454113393 0.0788606964593693
0.165321092121901 0.0562050802370235 0.200907304153235 0.25978229392362
0.101135196841368 0.184159786306595 -0.0510973603540819 0.334684897822411
-0.141155200683283 0.172621170778231 -0.201351951806895 0.166290731352896
-0.2156031786755 -0.0329482011072336 -0.0950933698542748 -0.0852133454296196
-0.11774981381992 -0.152622122777456 0.269801792123075 0.0713477268568352
-0.0357006634813378 0.118451816980474 -0.343977012812507 -0.0767816364460579
0.115248639207129 0.0607607569725988 0.0346071287340645 0.175230367907725
0.0882792826145402 -0.0663123131925427 0.253560874208477 -0.139954727976848
-0.0421163420187163 -0.0908608826552506 0.0734255529276224 -0.390160923414655
-0.0727602584197674 -0.0100018908311652 -0.243491562744901 -0.318804418891163
-0.0516232508104809 0.0226424262411768 -0.341818849872093 -0.0690704639916463
-0.0446566564019763 0.0399010158878796 -0.266484401758478 0.0891649030473276
-0.0255730595234934 0.0337626972468185 -0.180714735869076 0.157994911183699
-0.0343059365631452 0.00437188282652102 -0.161377463875178 0.208890049554329
-0.018714601233901 -0.02862318957515 -0.209629601528204 0.200771960195138
0.00175051841445838 -0.0252767068487202 -0.291852634582722 0.106547428629841
0.0394322701964738 -0.027078826558476 -0.325299694246608 -0.0682153536346843
0.0557224400469928 0.0642590437462394 -0.302298593838325 -0.277971686975718
-0.025563564896178 0.143887761131846 -0.277975179141471 -0.37870233788993
-0.13056212623062 0.0873912479034756 -0.445987997505903 -0.247436755475347
-0.188993630695811 0.08588704197034 -0.321056290529604 -0.123990015868459
-0.027275125958709 0.129475974488275 0.0333898197268138 0.17839539106609
0.0509910750693489 0.053984487632887 0.285082119073535 -0.127128625343328
0.0321468167480863 0.000493855814289318 0.111686637965353 -0.410467183780608
0.0235347865049302 0.0218666596034945 -0.237928587746456 -0.348854957806402
0.0425123593246904 0.000674695076051879 -0.344617370778518 -0.0919675462362317
0.0236493630631071 -0.0205311385267086 -0.267849023752675 0.0723729354616616
0.0362017836829594 -0.0230435078020421 -0.179992886256911 0.150554458637344
0.0419363578097079 -0.0427236981755866 -0.144967858600695 0.204796423924516
0.0929442791788554 -0.0265021628407867 -0.180879257315971 0.222335175140482
0.0920175449269569 0.0535533630846253 -0.271257058625276 0.157936637217614
0.0603995101289093 0.0989740052738059 -0.339100088433041 0.000298179213084595
-0.0474343671328953 0.163478083108486 -0.327120086291483 -0.216019744005388
-0.208521419436223 0.146840702037483 -0.273637225350665 -0.322533961979856
-0.307012371848706 0.0337391217538249 -0.385290911635415 -0.211438771409825
-0.322025095037692 0.0156465679676895 -0.240122259914681 -0.142450595171129
-0.200316469230007 0.158255015851966 0.0579300229140449 0.197977670284796
-0.034154476352568 0.174948333312363 0.337847410836897 -0.0852174606276614
0.0858183758197523 0.123022225241768 0.183680947115308 -0.405758829348531
0.124718777499105 0.0728415596832667 -0.190798763863766 -0.373088632715344
0.143114580495488 -0.010168246433233 -0.307422532023617 -0.126587653546477
0.0969943562343438 -0.0757450078670752 -0.236326516953812 0.035177569709277
0.0930236377435648 -0.0767451678710998 -0.153242191408572 0.121794257824849
0.100095422173917 -0.0884449354476829 -0.101858389172453 0.181002878026652
0.179622518034653 -0.043153612461488 -0.114743922190917 0.233445919776375
0.181729027380252 0.0920357153315284 -0.203420839647628 0.224267540972085
0.123349005829523 0.188759534986252 -0.326557884949766 0.109941551829949
-0.0877599437397573 0.271616325503875 -0.34907027610116 -0.114176591689635
-0.3325578126073 0.184801497137268 -0.262918783348214 -0.255763082010087
-0.437339650461118 0.00989080494064516 -0.277444983581696 -0.160208723389565
-0.404366685786181 -0.0752253365903274 -0.104973842962038 -0.120329973455608
-0.365993824570462 0.132190591886333 0.10671553471199 0.229260906752741
-0.158562270738977 0.259985055838441 0.387959976839452 -0.00662590538566655
0.0952338505176873 0.252136724645274 0.269771555068266 -0.351651488876046
0.203954971004342 0.137229827025566 -0.0973196149192601 -0.369149372647235
0.231182104959071 -0.00404326518283754 -0.226726374803298 -0.162302021100877
0.16428620145615 -0.115457973784277 -0.17321975928199 -0.0161105220358584
0.137322266471839 -0.120722543708672 -0.104772323667452 0.0765359523001584
0.135806583095859 -0.125586360952157 -0.0393714253500736 0.13842564790297
0.231070191115771 -0.0680008026913997 -0.0283213836202081 0.222761869415505
0.25089177129939 0.0948986061463346 -0.102597995535478 0.268793314889061
0.195092291401817 0.231023627922182 -0.271616077896584 0.214365064512422
-0.0805495145110406 0.351212902882061 -0.339894529277389 -0.0033140021197298
-0.386908137273355 0.223167335564538 -0.239894120012219 -0.196256651988378
-0.499759004391252 0.000830538390788289 -0.14161544923888 -0.113024343957006
-0.4152986967483 -0.16101319865558 0.0634752817786451 -0.0568489358189006
-0.466899163875626 0.0529676904553298 0.170799704140245 0.26674154969522
-0.278983183282056 0.269067309827566 0.409583503094512 0.0940737999943556
0.0547170958573307 0.337615236086149 0.339989156844293 -0.242697465980932
0.233917383463725 0.194862556402827 0.0238127942395049 -0.317648892343133
0.27867501553457 0.0147915205130011 -0.108406661544038 -0.184892469501387
0.206628944291495 -0.132213550402155 -0.0863635401408996 -0.0718161111777719
0.161475866040628 -0.146856821731992 -0.0422265808357861 0.0213956156439683
0.149051096658852 -0.148306891216113 0.0295787140720865 0.0838846061248364
0.24690144790986 -0.0868182297772852 0.0589660833897778 0.188778740815508
0.281853793439424 0.0828149397362067 0.00500918929571327 0.280462695337944
0.234803464480909 0.238909193848848 -0.192438501817627 0.282979464194361
-0.0717687050799832 0.375237872589572 -0.299595260683526 0.0844368763444607
-0.387623179461001 0.218591927174425 -0.203368542381871 -0.152852915713179
-0.487824282764202 -0.0182771130637362 0.00196497570054383 -0.0743211926677334
-0.345809875255019 -0.209628175734839 0.232295451174582 0.0366744904572364
-0.455859694352498 -0.0455727680700416 0.231450330026848 0.305267536264754
-0.333095366646946 0.201773472076818 0.393226011731504 0.19069758335821
-0.00672117221049892 0.339248673081697 0.367578200669717 -0.106104143166608
0.209623130890099 0.213250690368454 0.138824032760231 -0.229868049729796
0.270576277159464 0.0322959498526097 0.021048765819441 -0.19007419542754
0.211062440521952 -0.124509326013207 0.00775156459610004 -0.123495496860823
0.161779201594159 -0.149936786317252 0.0237791079658508 -0.0356937342985404
0.143619969387342 -0.14997452099992 0.0961789905662708 0.0265242487383441
0.232315580242255 -0.0890368404753665 0.136994259263373 0.142569493631273
0.271804845525549 0.0712196457995136 0.0960659103038381 0.268344367810987
0.224064171240735 0.230858109877796 -0.119941597973883 0.315001156127325
-0.0860741080457849 0.34376176549706 -0.250784255001183 0.135366674320594
-0.356217318292896 0.161572428071305 -0.16151883862921 -0.124520856364758
-0.412511995536662 -0.0586301573662932 0.128018963782033 -0.0363521983810545
-0.211910475849435 -0.205593730787997 0.368198615206413 0.128163092004767
-0.339532217287696 -0.114920218106512 0.2730983051666 0.330646734596124
-0.293183978463001 0.103671014335547 0.354537923820542 0.259510978509354
-0.0442426492939206 0.260470905644983 0.353391068861782 0.00976654608294213
0.150700921064398 0.178175097677979 0.22257529718344 -0.140361053502605
0.210639066615377 0.037218626665857 0.131294289788233 -0.185983697457677
0.175907127419221 -0.0964108818259309 0.0889809843971531 -0.164426466109663
0.137833711695968 -0.127621348135772 0.0817012299715674 -0.0878953496521654
0.122625007992121 -0.129342357919494 0.153437316361361 -0.0240858716709566
0.195306832241401 -0.0742174128589035 0.200740353401764 0.0991430625537808
0.230398353298907 0.0614440670307326 0.162442742048803 0.256382221432385
0.175697076293098 0.211881394658182 -0.0685746905212048 0.32774396860294
-0.113511715523487 0.274132002281974 -0.213332799892411 0.159110135168429
-0.301872002016835 0.0712255115533704 -0.123671298862457 -0.103222600715789
-0.283237042503264 -0.110862519847902 0.219341056459319 0.00799233354247754
-0.0407048641998885 -0.159601248117425 0.447893052154146 0.192212475020626
-0.159005570820422 -0.136679907372709 0.287425486292603 0.330254829204989
-0.184243878174481 0.0140679139013622 0.319448385137343 0.292012414987036
-0.0479816823864837 0.141083368560694 0.335077544353018 0.0776368690539429
0.0780073578797835 0.103916514953128 0.27030934762344 -0.0893140113011179
0.116478925354684 0.0300722779848961 0.198465976543665 -0.187003367341411
0.109850672903854 -0.0549750181102618 0.141644476514395 -0.191264663757272
0.092619600167036 -0.084092894352352 0.125191842112178 -0.123555705829285
0.0882917512505869 -0.0886324075168822 0.196939064424567 -0.059817271340747
0.138845685768562 -0.0493738410867641 0.249775673208472 0.071795631692015
0.166082212514162 0.0496917331890334 0.208537102687011 0.253184123417823
0.105877278147725 0.178253236156583 -0.0393710039672802 0.337984134188554
-0.134953748977125 0.177687203721907 -0.19540093351711 0.170650626695616
-0.216279163174546 -0.0272344052102528 -0.0999312598816067 -0.0831241691190222
-0.121994902887121 -0.150665307066159 0.268087451691861 0.0606351268461592
-0.034364796451935 0.12171973338634 -0.348796838588088 -0.0703378066121038
0.118409217298476 0.0574113659801251 0.0406721220319994 0.180558538687305
0.0884628207803907 -0.0690251640065334 0.254762081570153 -0.144745779766036
-0.0450998241155396 -0.0904972660633676 0.0654477891606761 -0.395011505989943
-0.0727820989438599 -0.00835271152182163 -0.253819692072947 -0.319220041830815
-0.0503048857470905 0.0240994413563304 -0.344347471494459 -0.0631282321118264
-0.0425182592095225 0.0413421174270313 -0.26421386193434 0.0972484997019685
-0.0235896407163593 0.0336938028065799 -0.178594747199356 0.164075586048232
-0.0328461549697716 0.00588151580525087 -0.156194611418767 0.215522206017755
-0.0202878166878925 -0.0273887237862988 -0.206507532806426 0.208922775988732
0.00108004596677706 -0.0252539020790114 -0.292869295971591 0.113287152893267
0.038184372143961 -0.0279936435325491 -0.328450871392624 -0.0663645404900469
0.0579325397323767 0.0645893692914095 -0.309834139503328 -0.277665845066987
-0.0210030701683604 0.144692052019654 -0.285337821856266 -0.380313328325618
-0.130487181614195 0.0878828594951455 -0.452304238280611 -0.242451539890141
-0.189571007121667 0.0901851194568931 -0.32613745002974 -0.118323614771004
-0.023263868260818 0.130490136995884 0.038810707353 0.1836918028922
0.052685365090548 0.0525019969892766 0.285681333855734 -0.1319181653972
0.0317285095534532 -0.00104835036661896 0.104873871743861 -0.416207143714833
0.0251195532034113 0.0214908495373669 -0.245086518598209 -0.348028157097237
0.0434215583588894 -0.000617337883391136 -0.348382661668398 -0.0860803231569666
0.0239018400425455 -0.0211987529249831 -0.267031199934993 0.0802593295623443
0.0380921496065653 -0.02444312319031 -0.176665610709153 0.156338754902563
0.0421216261903649 -0.0434745293711127 -0.140282768654653 0.211588103312252
0.0920258620516152 -0.0289495795362296 -0.176705820668914 0.230131955021097
0.0953023601198755 0.0514968199841431 -0.271917430442904 0.16601044569894
0.0622436448142601 0.0979212024260841 -0.340769718698052 0.00571169085574317
-0.0439507785732455 0.165978237642273 -0.333840488210175 -0.216936597262651
-0.205928235110658 0.15189755839814 -0.279739040463958 -0.321475731056666
-0.307830288712261 0.0356968245981683 -0.391195224049028 -0.205781912243137
-0.324102914756626 0.0213828952362111 -0.244236902337768 -0.139101776028021
-0.197305990172581 0.163788506842721 0.0642980776584654 0.204055679714308
-0.031858671801169 0.175517723752142 0.339169449021853 -0.0892823024629923
0.0884628631336051 0.120715565872759 0.177763217836049 -0.412815125042559
0.127956709544087 0.0697113138230932 -0.196932845655966 -0.371664426169948
0.144860939657485 -0.01378739294456 -0.31199574477793 -0.121948840713106
0.0961767803833213 -0.0781361747702747 -0.237700033728539 0.0414966452146499
0.0936770943014267 -0.0797394908445715 -0.151048331862229 0.127361517423382
0.0992833760966769 -0.0912195352028719 -0.0973584630490725 0.187571055165797
0.179540855015002 -0.048027862383251 -0.108673112982254 0.240549794540853
0.188095236230716 0.0875813444696661 -0.201569690198339 0.23109617575406
0.127322705006225 0.18579102401593 -0.326220611640981 0.116842813512112
-0.0825932083199284 0.27611665153664 -0.355225611079177 -0.112952290894279
-0.331417111535958 0.192930437555171 -0.269440478435266 -0.255692405214683
-0.438184586931975 0.0133802885489167 -0.283308580202468 -0.157670407041612
-0.411567303147162 -0.0713350529854093 -0.107524472716476 -0.118995200908083
-0.366121195822823 0.141009149757159 0.113380697436613 0.234391519399439
-0.156101342501031 0.264046493920714 0.390521214559009 -0.0113094929507344
0.0999057504696133 0.250247526824963 0.266632452317701 -0.358460538510633
0.208451399668472 0.133124932096303 -0.102952385499689 -0.368605349959199
0.232798269702652 -0.00954055221568175 -0.230579430713991 -0.159779793106909
0.161929239573148 -0.119668157357411 -0.17596844090971 -0.0128526465344671
0.136518345691948 -0.125441930704992 -0.103338887172928 0.0805265896025857
0.133682442341847 -0.129170732670045 -0.0364292305613051 0.142646796947674
0.230674891833716 -0.0738313898024976 -0.0204063656101999 0.22785860393226
0.256969197466323 0.0891503550961034 -0.0977107703612937 0.275008569845584
0.200992066607279 0.226089434232231 -0.268374424952387 0.223427531004693
-0.0745557975711241 0.356224456414213 -0.343227552831877 -1.30350136393263E-05
-0.386525559349477 0.232648726222795 -0.245403070623523 -0.195357614312339
-0.501726966682607 0.00575426341330875 -0.146328261189139 -0.111908353849911
-0.423068827769867 -0.158920882687847 0.0629671544270442 -0.0565562760497522
-0.469556560082158 0.0631883524325017 0.177442034499999 0.271309456363587
-0.277282257828597 0.276177400705844 0.414406348084321 0.091918701846003
0.0606450468293869 0.338509295457163 0.339643496028203 -0.249544767616379
0.239729177998521 0.190831952800492 0.0210866391167746 -0.318098329993118
0.280803939939328 0.00847876585215631 -0.111600994236833 -0.185940858798148
0.203647754842612 -0.137620844139873 -0.0897585785674215 -0.0724390451590095
0.159322524420327 -0.152293410600118 -0.0410830912620979 0.0237083041839583
0.146071917026471 -0.152069127732952 0.0309053066368519 0.0856399534108953
0.245565460401329 -0.0930593439201208 0.0667004104981437 0.191776337736477
0.287760186770225 0.0754475043311888 0.0120391119700599 0.283990258804241
0.241041447439608 0.23284532345771 -0.186563099047374 0.292145078450728
-0.0640162006056539 0.37921376309576 -0.300754629613966 0.0879617823305106
-0.386944612001727 0.228592404251628 -0.207633532834161 -0.151638590302285
-0.490219765377851 -0.0132813594468022 -0.00200121853204961 -0.0752927165959413
-0.353308870399774 -0.20824659642853 0.234632279845684 0.0354250315139443
-0.460297418049767 -0.0357137443138986 0.238210239531421 0.308849862836728
-0.333449052353172 0.210540583597327 0.40105927459644 0.188636582554022
-0.000969920735879349 0.341263184210216 0.368603303563265 -0.11202038392912
0.21614734742394 0.210187394004504 0.139461400678006 -0.232015122472752
0.271982666114553 0.026877377022072 0.0186506681668782 -0.195908872991288
0.208612785550045 -0.129892589011436 0.00297777762727424 -0.126533910357214
0.159011281518438 -0.155509652800541 0.0239006400257114 -0.0361475329886598
0.140368652507185 -0.153087340887713 0.0964640595189174 0.0257070834796181
0.230231337094954 -0.0944804622479064 0.143184075734354 0.142673158331083
0.277370195234551 0.0632908338060332 0.102743346969341 0.270580646765617
0.230369484030149 0.22401100037199 -0.112368008539265 0.322467992729619
-0.0780525159435284 0.348555827381542 -0.250588556672331 0.138943795840206
-0.356993023771865 0.170636167728484 -0.166007015729064 -0.124121373858416
-0.414373269252007 -0.0551832620661647 0.124306034789944 -0.0406303857018194
-0.217324180735887 -0.205659430657664 0.373029336997233 0.126070429237058
-0.343461335706441 -0.108828965824757 0.28067540333763 0.333195077642408
-0.295110936930125 0.110857443760469 0.360939857720306 0.258389546335566
-0.040297336421679 0.263332026915907 0.356474363502702 0.0071672286565556
0.155779653597737 0.176214100553911 0.225351536747034 -0.143644616762293
0.212436032861766 0.0333916453792852 0.128382164698122 -0.194557919647545
0.173662865139226 -0.100850892326141 0.0832864311663341 -0.170751868760613
0.134648517774801 -0.132353704722192 0.0809748906554102 -0.089475102983714
0.120364520283318 -0.131998500132871 0.153559178640288 -0.0271696393764075
0.194447724687277 -0.0789141253015439 0.205573769423457 0.0975208489206338
0.234039960999869 0.0554450194290612 0.170064017050581 0.255602284055321
0.180448369267241 0.207719807923918 -0.0602990159058444 0.334129620828831
-0.108552215940817 0.278729067261211 -0.211668789617002 0.16288481702077
-0.303371268888411 0.0763828449290504 -0.127688077027192 -0.102535203335769
-0.286592059401683 -0.108971325928946 0.217780964260498 0.00247840080961049
-0.0439159437817463 -0.161477247583707 0.453623488553977 0.190093235617656
-0.162932640635887 -0.134521425715485 0.293939206133293 0.332165163643376
-0.185223902723917 0.0189009982692049 0.326905912923317 0.291171272874738
-0.0455523801574264 0.143352194933904 0.338807684506344 0.0758284158766089
0.0803538974863079 0.102704157514847 0.273194975893679 -0.0934583084288649
0.118350444801935 0.0278565035931782 0.19593183912841 -0.197155300098406
0.108802231552207 -0.0572478712090073 0.135571381016456 -0.199604741260344
0.0913247586096214 -0.0876050460245685 0.123941907348997 -0.127135530077919
0.086589303611159 -0.0906422749667293 0.196689312858426 -0.063793519731265
0.138831518440753 -0.0523603760895644 0.253703199881549 0.067852569719304
0.167709070050697 0.0453382773273555 0.217093302462985 0.251252545440738
0.110138872225384 0.17571969138572 -0.0302855391874108 0.343184638872343
-0.132004608838424 0.181798380966851 -0.193273985365072 0.173470265607794
-0.219155286767547 -0.0242547930726265 -0.104256981984654 -0.0829916875117593
-0.125819336722653 -0.150891879685185 0.267217520897465 0.0540198272168947
-0.0340455296543849 0.127789465190645 -0.360585318221801 -0.0651256178077334
0.123391422276083 0.0559359333570847 0.047426309467044 0.188634131573102
0.0893988241413155 -0.0730112214733595 0.260637822509256 -0.152158120018259
-0.0487222358523892 -0.092253731383922 0.0598005722146272 -0.408820205258631
-0.0749140787991917 -0.00818939167013101 -0.269065734669905 -0.326401605610935
-0.0495375056043847 0.0250624606013318 -0.354527013774989 -0.05780923052113
-0.0413556786338241 0.0427898667005601 -0.266008767136435 0.105950417898056
-0.021667654904051 0.0343094734418803 -0.178182840200698 0.173035381278386
-0.03209204384792 0.00697372707900062 -0.153557238624394 0.226966941025731
-0.021566415640096 -0.027469861819512 -0.206965405755469 0.220370596090139
0.00102999206043578 -0.0255981606208046 -0.300868452581564 0.123781231437068
0.0379932087411402 -0.029447039615457 -0.337678773010211 -0.0657630341322651
0.0609389838120084 0.0661908106882803 -0.324116969518693 -0.284341685211151
-0.0173168454074725 0.148293962362439 -0.297250579913055 -0.387348727923686
-0.134002009474994 0.0893190207382331 -0.464188947588597 -0.243026412630083
-0.194183194157853 0.0960979376627397 -0.337407498202759 -0.115463043657985
-0.0200735187735182 0.133245787638101 0.0461433193663916 0.192816849059298
0.0549270592114594 0.0518732705369637 0.292814524770793 -0.138464547622945
0.0315177146044585 -0.00260040808041335 0.100381790449657 -0.430005111138365
0.0271780457401176 0.0203354863839114 -0.259319912459179 -0.355245647406353
0.0450959936543818 -0.00211645271087502 -0.35804434956809 -0.0821252731140211
0.0248425985368388 -0.0223747575831147 -0.270796289978768 0.0891876340889048
0.0399793812397525 -0.0267405170127192 -0.177954216119258 0.165583114280795
0.0432339726828501 -0.0454896613493668 -0.137267819671709 0.223144917244658
0.0941616942570338 -0.0315324652066702 -0.175201046511136 0.241549183428358
0.100113051157339 0.0503400093826397 -0.277116088845122 0.178289654088094
0.0651790314452317 0.0980440054217683 -0.349820127922758 0.0100353449236635
-0.0417172673839075 0.172620532100319 -0.347676910811643 -0.220624279756471
-0.207503027356868 0.159013134469432 -0.292750918379864 -0.327381211489551
-0.316015542995801 0.0376643149293864 -0.403873233083542 -0.207216530145555
-0.335206097584605 0.0250948487897289 -0.253558671106671 -0.1376469476136
-0.198377625824574 0.171298640258013 0.0718106552514814 0.212521480985061
-0.0304030815092277 0.179380399185457 0.348308447268723 -0.0942547057137932
0.0916888101175902 0.121031623243604 0.174359805149664 -0.427796769004052
0.133348925684208 0.0685933220387398 -0.208982639294924 -0.380238634396072
0.148962597470609 -0.0178597346133369 -0.320960313487405 -0.11964804198232
0.0968868342607363 -0.0824391727674797 -0.242309960830014 0.0477478291067221
0.0950418142845092 -0.0849457364269853 -0.15191199162547 0.134955946992707
0.1006254297486 -0.0949447188305085 -0.0948413748665843 0.196740602792281
0.183080255927763 -0.0532208178970033 -0.103254961030388 0.251440681261232
0.196719863526841 0.0853512954820097 -0.203852375620062 0.244699524702741
0.134932353373578 0.187667795050833 -0.331917806450368 0.126656455387755
-0.0795322541814387 0.286390204192173 -0.368079422976371 -0.11423994834008
-0.336743344097776 0.204780775184162 -0.281666046828901 -0.260443296292141
-0.448208019482888 0.0146535663508621 -0.295169858303113 -0.157286559402872
-0.424038432700263 -0.06857810785274 -0.112442153935572 -0.11972519552212
-0.372564971422097 0.152666453531771 0.122136582526869 0.243795385471356
-0.156908216197107 0.272514227571455 0.401425851571911 -0.0131775501000218
0.10626576182615 0.254356527793797 0.268417317523647 -0.373841656102058
0.216848860959789 0.132920155781395 -0.109796875862098 -0.377349487454048
0.239094193138877 -0.0156488964460066 -0.238236661175498 -0.16087570761261
0.163033687136113 -0.126289440443653 -0.181057393942839 -0.0101371993208131
0.137535702105262 -0.131936082492264 -0.103499609185931 0.0859752384811809
0.134119446555676 -0.134812059968772 -0.0340222591073313 0.150003350288167
0.23485432123698 -0.0811498044324927 -0.0127731868202639 0.236640233662563
0.268218026184364 0.0843469305880111 -0.0952766310198555 0.287131035717625
0.210116132332009 0.227058106939478 -0.27003257879011 0.235913349737826
-0.0699837808833249 0.366917266112175 -0.354000962279517 0.00177484480716513
-0.392981666747243 0.246485930194411 -0.255520138939096 -0.199293553774048
-0.513052256099081 0.00850037792582645 -0.154875531972222 -0.112718695026967
-0.438366941421391 -0.158166386327748 0.0648273647429875 -0.0578801360530409
-0.479862965849364 0.0731631050874276 0.187204044403951 0.281238461449923
-0.282148287149635 0.287237593369244 0.427209906942457 0.0910838873238882
0.0669549095941905 0.345899830990684 0.346051168655337 -0.259949243712602
0.25072222124964 0.191993238993729 0.0204901491810318 -0.326332948918557
0.288847774345989 0.00220215151685335 -0.117121321987342 -0.192085371181829
0.204373696866131 -0.145471866118371 -0.0952392706483313 -0.0735476217649465
0.159311539101928 -0.16107509371698 -0.040939505997255 0.0251010552578616
0.14622467844378 -0.157655253549267 0.0337836260058538 0.0894651022127695
0.250152717729205 -0.100367747130322 0.0757734091640997 0.196557848418943
0.299025258157239 0.0708608257916012 0.0175914919078904 0.293845106835104
0.251351622007823 0.231996026503594 -0.183908923166599 0.305293023341508
-0.0574943291399452 0.391222030754692 -0.308612367521671 0.092353368518092
-0.393345245194393 0.242713318866889 -0.21617706516579 -0.156084559258079
-0.501741974274552 -0.0110510458267826 -0.00646997820592146 -0.0782588519198639
-0.366328588613534 -0.210386695021637 0.242217582874725 0.0344111465215527
-0.473513694665992 -0.0284060958769871 0.250499151202679 0.318545304331845
-0.339764124268181 0.221170107615613 0.413893282479971 0.191494666493342
0.00453871849580233 0.350565219102653 0.376944485997602 -0.117653046461761
0.226258186912889 0.21139419106527 0.142968095281078 -0.23922119766646
0.280352737185199 0.0210833786128442 0.0154371187292754 -0.204059962363978
0.209790785559361 -0.137030321068668 -0.00206506180888952 -0.133282807791054
0.158349208733278 -0.163614068905937 0.0242111033609907 -0.0371703671425069
0.140683772961974 -0.159381973598194 0.099205561985394 0.0255633391629119
0.234761115351435 -0.101281719631476 0.153532113573222 0.145273881267115
0.285933523909258 0.0580758471631546 0.111404415854499 0.277723226877071
0.239643451468206 0.223736338176386 -0.1070909230271 0.33647171661453
-0.072800494566109 0.360043164348843 -0.255320709315402 0.143979032935128
-0.364696079689199 0.181103761622378 -0.173259056765676 -0.126323258677944
-0.42450545344443 -0.0531815221829032 0.123406643133802 -0.044539258864698
-0.227035110623712 -0.210266696622248 0.384784577654656 0.127075427732342
-0.355165466431616 -0.105152725063482 0.292464984983515 0.342261721835667
-0.300955528322368 0.119801915841176 0.37480062688251 0.263248989416395
-0.0367848108102259 0.27177567843647 0.366520001456258 0.00545598928183117
0.16449105091732 0.177495647143165 0.232342837309986 -0.149914625095564
0.219676870192106 0.0304871908827131 0.127814380561555 -0.205868956327784
0.175148016421576 -0.106616995737832 0.0788225999179028 -0.179578961072958
0.133915748235584 -0.13973455361459 0.0815995947157335 -0.0933438022438934
0.120210998268199 -0.137269758313256 0.156698133314107 -0.0293556705650747
0.197126983296038 -0.0847132403739756 0.215482588408377 0.0967490984601072
0.241266193232774 0.0510787327172205 0.180463662054794 0.259656873083573
0.188103386718488 0.206608583754202 -0.0529797047827247 0.346074399533433
-0.10566731118328 0.288704244793458 -0.213964492149796 0.168366276834554
-0.310502458622914 0.0839740567228821 -0.134469997690335 -0.103773232114084
-0.295512375784556 -0.109494102294729 0.220007225929084 -0.00309666907368099
-0.0479317526810921 -0.166677835896637 0.468860482993106 0.190783391214356
-0.169380821934356 -0.135716357145665 0.305995573097035 0.340381924477259
-0.189336593396733 0.0242979539891183 0.341133674001723 0.295710305336883
-0.044062881074952 0.147873029877461 0.349638042697222 0.0768760390216762
0.0853766547203418 0.103171482150748 0.282717211931061 -0.099066322975853
0.122383469644991 0.0271288299624993 0.195718360561422 -0.210202096651007
0.110555879458753 -0.0601237883865719 0.13117706615549 -0.210389173113747
0.0901749950580786 -0.0924375152669973 0.12447712941537 -0.133051059026491
0.0864027791465533 -0.0942311722813968 0.200533110203019 -0.0687049474643112
0.141500451761844 -0.0568468650263586 0.262567009498484 0.0655718790330788
0.172322771216964 0.0423486476039098 0.22812006803374 0.254072285431926
0.11512368231731 0.176231195563382 -0.0233193018921854 0.353984664799471
-0.131338249587804 0.189650791393742 -0.196212648746528 0.179793466483729
-0.22592460289411 -0.0215972680654368 -0.109911030703973 -0.0839852855149308
-0.131575216620235 -0.153044891605912 0.271844783340998 0.0496173248619812
0.0475140898496928 0.129414554257778 -0.325238721014502 0.182160318358034
0.133784262948794 -0.0306606115479002 0.17069277329339 0.121831052402183
0.0283188864849438 -0.117686896928898 0.11822649173111 -0.297006993010242
-0.0970133750847917 -0.0456147248619092 -0.221851239915038 -0.375192820853877
-0.0656889651650485 0.0411309912676897 -0.432503581933685 -0.0909377091132248
-0.0236535176788348 0.0523856752908513 -0.325546782066192 0.183260212562014
-0.00323990576041555 0.0608043121218022 -0.14600017299277 0.262152283033539
0.00501212605769249 0.0409882828289024 -0.0314250835674499 0.255194145200028
-0.0200560968731494 0.0276658381723211 0.0271501492455611 0.283992979860061
-0.0338971034955585 -0.00722764496861013 -0.0251339509751848 0.317555170547536
-0.0162748060104362 -0.0186865561636469 -0.164289648639609 0.298281030635939
0.010695281924068 -0.04576354542467 -0.322192925558988 0.16434434727756
0.0916769055017327 0.0167942391957703 -0.455564701577277 -0.0208087852431005
0.078229861071255 0.132654767368782 -0.508491522341728 -0.116398790476192
-0.0620069213640165 0.163715258959558 -0.54690256589167 0.100472262472767
-0.107146908647485 0.198878990567545 -0.339551787457265 0.137648262686538
0.065587437673585 0.118942780943982 0.170149095763308 0.133314706250469
0.0764234216241921 0.00551104911888526 0.158249476718168 -0.300538105818969
0.0204507234589836 -0.0222208447761444 -0.196433634194236 -0.420806404187402
0.0339803716666175 0.000871148741467829 -0.442000925617864 -0.122239144160271
0.0360220038230835 -0.0295838390715871 -0.34183277890037 0.164981553801948
0.00797195146619287 -0.0329365961084098 -0.161364321030753 0.250148989983739
0.0151263234050134 -0.048379254604946 -0.034009165141989 0.250355060203373
0.00664334939118739 -0.0642215470406143 0.0384632145677617 0.27279513748993
0.0574956006289075 -0.0872427310815139 0.0165413112432798 0.313879930309825
0.117189707628078 -0.0223569235388067 -0.108304387159624 0.326721544898003
0.116652370884014 0.0433875019678102 -0.281700378118591 0.233882714651664
0.0754786387652724 0.177222780065198 -0.431509799784996 0.0463158689681532
-0.0731633134868832 0.271097723594816 -0.467136495777232 -0.0759946038050139
-0.250410692350182 0.241124866224487 -0.466489256476593 0.0834068530670897
-0.268700384268158 0.222814212287339 -0.288624544935351 0.0756508660703142
-0.0547636676603038 0.256637987624587 0.200567625570937 0.140148949379894
0.0860431074209192 0.162692084825617 0.235173874663798 -0.291334849787153
0.143236938976623 0.0408806557979444 -0.125018362794155 -0.466364260748932
0.150092477772148 -0.0257231630759378 -0.411092942202843 -0.177011323894919
0.108964702869017 -0.107568010289145 -0.334490711764616 0.107691979779152
0.0265250267818969 -0.126279013791148 -0.166848666848808 0.196499813228581
0.0223756258047012 -0.131769144659036 -0.0337709652525642 0.208884341407451
0.0213162282615667 -0.14308237063791 0.0568175546063635 0.224457525862615
0.116677423650927 -0.164420008289516 0.0815147511340168 0.274857782014724
0.220230327444889 -0.0588954973635516 -0.00583250801198707 0.331257898536915
0.233442894626787 0.0731777132694094 -0.189507066627481 0.317858203533003
0.120952627019883 0.301366583501568 -0.378222063627203 0.145037760911351
-0.148980516855236 0.397664596569819 -0.413879643298597 -0.0331671340337514
-0.376527299733876 0.314090019510577 -0.338733382539647 0.0480098568336931
-0.401265939544653 0.196007473050248 -0.167035628139856 0.00634750400612997
-0.205179341437877 0.346227058257055 0.255374821492135 0.138878506703252
0.0398813247334854 0.317350786225164 0.332076045507805 -0.251844084544518
0.235910881245125 0.139019035861852 -0.00768677175599874 -0.480338043950519
0.256981496429348 -0.0258341016753125 -0.325514819471695 -0.240343144383541
0.183644588504824 -0.162841479333402 -0.292222378455389 0.019118172490082
0.0505973496886083 -0.20296871430579 -0.156590350054889 0.106790054213267
0.0253015311341675 -0.197731247612411 -0.026531341096649 0.137384820538786
0.0231803460857967 -0.197644488416184 0.0746842170387252 0.147683378765431
0.140704500145362 -0.221456278831638 0.146771907464116 0.20409276536953
0.280368432628615 -0.108359292610713 0.109670229312293 0.293930196483071
0.323432447025738 0.0560669011180011 -0.0669898979063514 0.367519599740236
0.186003029527189 0.36518943560283 -0.290263247696139 0.229599619777425
-0.166906590251223 0.472194263210706 -0.353403353033456 -0.00140742990252769
-0.432003417118013 0.350910658508125 -0.193139393231705 -0.011986029918685
-0.465927510154797 0.12789583862683 0.0105153967460088 -0.0552101688840592
-0.340136500812574 0.348810789507421 0.327069852898294 0.128865655766057
-0.0504692471857293 0.40782348690778 0.419154692977674 -0.174881952011664
0.260015967311043 0.236163030771459 0.134898366767623 -0.430936230282458
0.320298809880448 0.000648268577139476 -0.184937904613262 -0.283101583436267
0.234790388531862 -0.180281905169235 -0.213160495573052 -0.0848206132197548
0.0711462426194443 -0.244588382243105 -0.129820903497376 -0.00231457076447732
0.0251212288164998 -0.234636203513157 -0.0157143060770365 0.0476374154793133
0.0177713337792458 -0.2249543983373 0.0895367412656511 0.0546997931478742
0.140001293245647 -0.246951359579767 0.194521802369635 0.112601469459407
0.296214462726539 -0.141042464230796 0.205666176664661 0.224501765600093
0.360617829784236 0.0326229640901112 0.0500332175463942 0.368196756984219
0.213807965430462 0.377707935935999 -0.193508542693268 0.272887295444877
-0.170796740956026 0.468201924433016 -0.292112348378704 0.00776216608680368
-0.433150704637627 0.327221684217333 -0.0480945176469645 -0.081079475961759
-0.434657376309592 0.0418045058846457 0.210608352405294 -0.0982210143519434
-0.395623867910642 0.261210593199792 0.398011214226041 0.114492796089606
-0.138549819579908 0.390040693027032 0.466131102600959 -0.0823041884097487
0.214434950072432 0.277812526783443 0.249408547269519 -0.329789300529388
0.313204700476751 0.0306201812621181 -0.0275270625963919 -0.289161799675055
0.240739376262876 -0.159662852799208 -0.114194986211377 -0.180620311114435
0.0794581542196101 -0.241998213244431 -0.0927524479681971 -0.112122507525601
0.0218654705565098 -0.236375924765282 -0.00376931676196106 -0.0455785905401249
0.0117679915288106 -0.222704321579714 0.101002775208171 -0.0404429101132932
0.126114708217987 -0.237386511675454 0.223418751993411 0.0199027545679619
0.277070851274934 -0.142971364332239 0.270670724654267 0.149911961718665
0.34657354430832 0.03181788190589 0.133220812631959 0.342727944589311
0.181462547324505 0.360782848718444 -0.11480286869528 0.280557102953254
-0.186255168912324 0.39827036220285 -0.235542694173334 0.0027649103075287
-0.394248541805161 0.239339462382526 0.081406005464078 -0.136169263648078
-0.316995379069734 -0.0425385529159744 0.38453698426128 -0.124552018143403
-0.346751604597365 0.126888290572474 0.44507951607395 0.101520807710662
-0.16953928397021 0.282871208082784 0.475742664125518 -0.00347802374054192
0.134795832803239 0.2393322814155 0.317877161264784 -0.221658774191465
0.241631717944298 0.0411136641498508 0.101400459839011 -0.272468146212078
0.196280779116111 -0.113990275507933 -0.0263781003159941 -0.253007808765525
0.0707307954515625 -0.196288240334838 -0.0581502695459622 -0.202772085451637
0.0170745952274056 -0.200830670617763 0.00610805708222639 -0.127830289105415
0.00977910376169994 -0.191705312734665 0.110411218075256 -0.123433202335656
0.106487974586755 -0.200582507083095 0.242099348251521 -0.0593962995157338
0.235227560468351 -0.118400355532968 0.314778085781286 0.091390177955279
0.292954450682927 0.0516023999996513 0.184207683384248 0.315401033746237
0.106115198838861 0.320877119042248 -0.0648384599614704 0.273372758997783
-0.206760674994166 0.279212931264044 -0.185740946218043 -0.00256937433493834
-0.321895566538206 0.10577538727914 0.187686108559551 -0.159628785140999
-0.139026092970153 -0.112016259806489 0.494087840684144 -0.139264949974895
-0.216496860758473 -0.00845711118085572 0.458577808674381 0.0851162936307935
-0.135224248527565 0.136222960762601 0.46742414472237 0.0382526595914517
0.0556567588464706 0.143208380613784 0.343874212402078 -0.15364062640542
0.132055257394832 0.0297863582645625 0.171424512764082 -0.262468564478178
0.115855677645768 -0.0547709299324701 0.0232050367416213 -0.298891708349332
0.0482705973500055 -0.118415573881572 -0.0350812647693858 -0.260926583517023
0.0126413160826919 -0.134311576037791 0.0141262360711021 -0.188040836646186
0.0102160923602232 -0.135009661474805 0.119385256546506 -0.184315629770668
0.0791833789157706 -0.141185092700687 0.259060594048001 -0.116074211871615
0.173034390215355 -0.0790086014344114 0.350451393056306 0.0555194312182802
0.212426188480476 0.0735434879778851 0.213995325584902 0.302139652381063
0.0175235011685208 0.254723661396967 -0.0410427946998557 0.271672606346255
-0.20723316956845 0.133084679541641 -0.149388054236748 -0.0010913521812116
-0.21197024395779 -0.0407677129858354 0.264039009548822 -0.143823189005398
0.0592791356214986 0.134161539883072 -0.328995595888726 0.213732450650883
0.137219098731558 -0.0420026484845445 0.191881308326671 0.117717914468376
0.0220763749302557 -0.125363674818992 0.107903555248957 -0.318663069894862
-0.105628123295682 -0.0405724467760799 -0.25535065733048 -0.379733157740789
-0.0669468587000582 0.0472794196917417 -0.463061935932842 -0.0684719048388966
-0.0215203432700708 0.0559995045399147 -0.328581292788574 0.212220832963726
0.0022713144713274 0.0635668014723388 -0.133171657585193 0.281083624534209
0.00798533892090507 0.0405484897377588 -0.0149150215188197 0.268364951782871
-0.018452105505653 0.0301759673818255 0.050168061705108 0.294526250995607
-0.0352540056966303 -0.00559073204226609 -0.00443728946641892 0.335792754569099
-0.0177011711009716 -0.018227283440071 -0.154726667449969 0.324205499243634
0.0074796446140416 -0.0471056982869933 -0.331206982618574 0.187557939308226
0.0976827453773736 0.0111064376743516 -0.483855948512148 0.00291408425128827
0.0900108729021744 0.131156590911643 -0.539420481483404 -0.0947010367377327
-0.0589161852580463 0.175817931515146 -0.564369665095033 0.134557810491461
-0.100601857113509 0.215096502620838 -0.347592330533857 0.16673066681018
0.0758461309313097 0.118812417761411 0.192781381244062 0.129654718201104
0.0797388832489558 0.000929926809808038 0.150035071178158 -0.323232990390136
0.0185630875140246 -0.0241714981238875 -0.232074366373669 -0.428331845232766
0.0353546658878157 -0.00152991836298522 -0.472329286249677 -0.102878582583038
0.0349148083639344 -0.0337703796251201 -0.347006652923461 0.193857938673723
0.00710097103350605 -0.0349360109135736 -0.15103167884423 0.270642766287536
0.0123096174899224 -0.0533454088247364 -0.0179994440679102 0.26303643170667
0.00297646849414035 -0.0682931891454298 0.0615383764624498 0.281713817418498
0.0551965301287048 -0.0954886114087264 0.039908014293461 0.329026475149841
0.121010056833284 -0.0313594441973109 -0.0931085603753462 0.351719603207421
0.12468294575479 0.0386901388019864 -0.282243995779973 0.259187714277606
0.0900807268872606 0.181052823894492 -0.455421039129711 0.0711402115691548
-0.0598027373241268 0.285915189282968 -0.49327162640437 -0.0552997646602275
-0.252587341922467 0.265570414918053 -0.482810050024311 0.113822273324347
-0.269283183000827 0.250498412048292 -0.297629589062635 0.0981214603260924
-0.0414375080750864 0.271532353327556 0.224148002024919 0.135980087762197
0.0981002627794903 0.165453142145406 0.232892520865642 -0.317806808783795
0.151079807295956 0.0346852880980537 -0.160706487745549 -0.48060140748073
0.155241350132132 -0.0372203156941203 -0.442737437735666 -0.162260725145991
0.106177170461589 -0.120517950928894 -0.343749122578142 0.133381941829838
0.0198324318421497 -0.133146069264018 -0.161228305208507 0.216069985294649
0.0141123450213365 -0.1406205654939 -0.0192823891141034 0.220059021758906
0.0127906543082492 -0.150613123228118 0.0783024476361753 0.231865674880683
0.111550984493065 -0.180404698652385 0.106265889740904 0.28300084132669
0.226948085441857 -0.0777021319370966 0.016253249515191 0.351006566869724
0.248182871115161 0.0613660643805589 -0.178879517325285 0.343144842714759
0.146569457704205 0.308302044612301 -0.393923171592242 0.17330951939313
-0.132598270904213 0.425502411494501 -0.437240960517292 -0.0120877492196343
-0.380169415181703 0.345409002851936 -0.354369417102418 0.0713844848432937
-0.411687817460282 0.229483558826254 -0.174314740146622 0.0180632493499836
-0.193674726339776 0.374793833503652 0.280726237521916 0.131047679878764
0.0599240883691163 0.331311276156168 0.336744574851717 -0.2798123872192
0.253783879361882 0.131968109368974 -0.0356234920817969 -0.50043887605233
0.267976599439571 -0.0440917327905439 -0.354825900705945 -0.233808806550247
0.180674837056399 -0.183638780988822 -0.306283641858186 0.0362272830758096
0.0388299678532861 -0.214378400394816 -0.158355672777847 0.122458616719745
0.0131227991409859 -0.208386966269359 -0.0171639286261796 0.145264586840728
0.011239457100863 -0.207134914921474 0.0917358246158972 0.150968406726497
0.132923317384438 -0.241330890761658 0.170442917958841 0.202268388612369
0.286347465447576 -0.133777392118864 0.135503365825791 0.303848681596161
0.340077278918728 0.0373532774590762 -0.0455036434034955 0.387519235090574
0.218683204329795 0.371712435547662 -0.295222995065325 0.256820880197006
-0.145698866962687 0.504688325341578 -0.372932267859962 0.017041892624216
-0.436477758724832 0.389260198722894 -0.204580950745982 0.000285012735092054
-0.483618529055752 0.161961325425555 0.00997886086511826 -0.0576019676738198
-0.335286143341759 0.386899605013035 0.353898247144612 0.115996933395753
-0.0299139647112012 0.432713015511548 0.431090590966554 -0.203693472520273
0.286995291383524 0.232411132147695 0.115650828241973 -0.45973353118166
0.335772431718417 -0.0207903717560805 -0.209768440567078 -0.286454063564892
0.234374914978071 -0.20494231192143 -0.230656669314697 -0.0771860858181752
0.0572238496510632 -0.259368803465255 -0.139129429652734 0.00657843462588731
0.00956821217371943 -0.24694166738005 -0.0119181704659243 0.0505908967536108
0.00318864770475119 -0.234761720381792 0.101260606828724 0.0527183608851194
0.130078538495387 -0.267802265516679 0.213671607622074 0.102979056776683
0.29935428271791 -0.16813637504561 0.231798419483616 0.22494401681229
0.37696903542118 0.0102981628668492 0.07768690133591 0.382323167303999
0.250239908579661 0.382515179205705 -0.190358220951423 0.295991437381977
-0.149459822036583 0.502780736634815 -0.306737156744816 0.023657979260461
-0.438949774740747 0.364715700628818 -0.0570811485649803 -0.0805001491920793
-0.458200612449781 0.0691129545064788 0.217035278620522 -0.114042919984101
-0.399326498275685 0.297488409380023 0.426459182208419 0.0970026305037813
-0.122343925084042 0.419052171504661 0.486600006123137 -0.110413321257992
0.242288260529726 0.279058373770732 0.245813658817396 -0.359307343072432
0.330687053435153 0.0115306727386713 -0.0432253242558433 -0.303277624621792
0.241554014318396 -0.183953267159233 -0.133593277000736 -0.184389169996559
0.0663174649121634 -0.257377487443603 -0.108918812266766 -0.109974300021053
0.0062243002001691 -0.248123160133139 -0.00664342287699148 -0.0475934974745144
-0.00263339794301784 -0.231855361920597 0.105774454913177 -0.0475007005845265
0.117127940614201 -0.256758719429305 0.23834749931869 0.00441200019483057
0.279408060206231 -0.16825232656432 0.294504658115761 0.142088112017508
0.362245001375725 0.0113642169875018 0.164002149722378 0.350375634403207
0.212916393140588 0.364857903657688 -0.106856852865153 0.298901735451285
-0.170543756575599 0.428168567606691 -0.247862439049417 0.0162652120879105
-0.400335288195878 0.271225184093315 0.0741852336975607 -0.145498509259901
-0.33793658117372 -0.0256816388892635 0.397581110787261 -0.152243144369065
-0.356545720702601 0.154876652682602 0.475141676688344 0.0817942443576697
-0.15982879241156 0.307349647142058 0.501240071944582 -0.0285263570819385
0.156763730781909 0.242502170876208 0.322814294034044 -0.248943131787509
0.255822928643564 0.0258710007501943 0.0932093630884954 -0.293271510278968
0.199141368522616 -0.132945963054769 -0.0463450594972532 -0.265404319000058
0.0598841448243647 -0.208731677752389 -0.0785730109887149 -0.206758304307046
0.00343781745075578 -0.210220893838339 -0.00216776865730843 -0.13420649258015
-0.00238402172658942 -0.199889926224778 0.109343135231098 -0.135533828716264
0.098577440922039 -0.216180256243045 0.252150928254808 -0.0789121826967585
0.238052262609493 -0.13900493943163 0.337167910985181 0.0770132738755697
0.307628780161973 0.0350691737302107 0.215380789134234 0.318334970694496
0.132721786195123 0.329067360658969 -0.0536808249699684 0.29006648628383
-0.20085803305023 0.305784509881135 -0.19597040401572 0.00799279011240834
-0.3327031262306 0.127936484048174 0.183956015474438 -0.175916985260131
-0.154313329707649 -0.109351444472462 0.513055057130338 -0.173293575689511
-0.227341446512326 0.00387694665668901 0.485429296264429 0.0637288762822587
-0.132142511033704 0.151073007182805 0.494386504532646 0.0149305142876191
0.0685860199438293 0.146366685892075 0.356484555075356 -0.178093607975614
0.140107742609213 0.0215365681065479 0.168229348034584 -0.286100939013318
0.118898277183907 -0.0655482966863684 0.00251129191668752 -0.315810140803335
0.0420258529426129 -0.125755231229842 -0.058332795567012 -0.268427903241328
0.00313495213675341 -0.140573469323742 0.0022107962231036 -0.197796752777209
0.00133887504710286 -0.141163104595986 0.114875214627609 -0.200198328749003
0.0740012625309628 -0.152695897436627 0.265731168337837 -0.137644132965624
0.175164004464566 -0.092694464143982 0.371051057282174 0.0375422224345429
0.22561936828773 0.0622667762647532 0.24438960937741 0.3041692566199
0.0343411118580307 0.264793492370184 -0.028880255867854 0.286145692867767
-0.210030961738112 0.152410405036774 -0.158059637876717 0.00838655958981032
-0.225929521917707 -0.0313320534101034 0.263644012917487 -0.165427842698273
0.0728959356061506 0.132760323403964 -0.318434747576314 0.250092419332734
0.136883097180513 -0.0554143137090246 0.214023170872682 0.104661848606345
0.0121131948344948 -0.130239539714505 0.0865321896222935 -0.336762013140504
-0.112534589953062 -0.0319397729805645 -0.295498619879336 -0.367620975960009
-0.0649821838005353 0.0547179288500769 -0.483979581970269 -0.0310501521021827
-0.0170480884641783 0.0595268837925672 -0.31932581573335 0.245517175428104
0.00878715053661554 0.0638928878752756 -0.11017396528565 0.297121830801094
0.0114229918817742 0.0398679089377617 0.00932714723626469 0.275650083695116
-0.015233826364425 0.0318844787947641 0.0799940384536736 0.295537261210416
-0.0364810468396693 -0.00190741499736613 0.0262350809027851 0.346202291384397
-0.0190574948244561 -0.0176082892577671 -0.131025169511164 0.347457228879362
0.00349014201880522 -0.0481940252406468 -0.32865368307304 0.21626266422052
0.102587196911403 0.00260117111222187 -0.502754543143425 0.041199977905286
0.101597529137855 0.124354531126742 -0.561780164207418 -0.0563987113021621
-0.0492054156718707 0.186545154911365 -0.569926571691363 0.17701416560662
-0.0860092916963093 0.229530271001975 -0.341764058820883 0.203323101489632
0.0871185930172848 0.114061034165643 0.215237778874537 0.117424702510124
0.0807520073709931 -0.00554899473065802 0.13106308851513 -0.343310362983459
0.0157953779717707 -0.0251530505389521 -0.274869849846596 -0.420440752281235
0.035250443790431 -0.00507223264764712 -0.496516179685222 -0.063792912054495
0.0321862467081748 -0.0377725292912439 -0.340494049797964 0.228455792342937
0.0050220915700146 -0.036051728934765 -0.129751828138554 0.289653203547602
0.00716589423832228 -0.0571492638643134 0.00619576885351766 0.270469331340394
-0.00233068247659202 -0.0703227406234582 0.0920191595627048 0.282703424576497
0.0473112185326009 -0.103313484908737 0.072335574781556 0.334112687066761
0.121941297027892 -0.0442609380173955 -0.0648382705170458 0.371243117406005
0.129542112301782 0.0302169799288834 -0.270894641155202 0.286689127106386
0.109071675189671 0.178175559808287 -0.468457830288892 0.110518086190089
-0.0383542204334309 0.297323983586729 -0.50995173991617 -0.0186550727650073
-0.242720624559032 0.292910914918192 -0.485201741589624 0.152712865356374
-0.258435251679291 0.278483657177919 -0.2969803451466 0.125891278797984
-0.0197383284571606 0.281533748344747 0.247648117009975 0.120979108101153
0.113218570787301 0.162402548890057 0.216250776658834 -0.343062541146432
0.156334987731052 0.0227119020603827 -0.206017678792527 -0.48040627850348
0.155528650797857 -0.0521501621448028 -0.471475959574558 -0.129106189211145
0.0979085975420418 -0.133472811091923 -0.342535716159322 0.165104260990176
0.00889342032677815 -0.137237434441476 -0.1472020243356 0.235661793210817
0.00125009612198557 -0.145550259836465 0.00102552184199725 0.226058842227607
-0.000481951646107016 -0.155234930740668 0.104910748656863 0.230101088515949
0.097871118608725 -0.195306934923566 0.137656156254957 0.280177291004568
0.226685864753856 -0.101517545849124 0.0488128952923755 0.360974963753654
0.257055845541372 0.0426541424347139 -0.155776833658901 0.364489259714996
0.176997863224486 0.303647483600608 -0.395136268807513 0.209528790585604
-0.0996388081248231 0.446996305331853 -0.450605890516261 0.0230697426810411
-0.367978297984735 0.38552644375616 -0.356078648911035 0.100339549144296
-0.407851758588102 0.270398674756788 -0.175909121586207 0.033356845778757
-0.168596670943138 0.400963646023724 0.304464079618288 0.112217550386277
0.0871481397398149 0.336124701379212 0.327118348967493 -0.312117640642805
0.270455392332153 0.114365215508268 -0.0789772574029141 -0.512188615165198
0.2714240790225 -0.0697211669666625 -0.385171525240291 -0.210673668248562
0.168940230375502 -0.204958183348602 -0.31233666568616 0.0627881809660555
0.0205217893868649 -0.221045843310649 -0.153205336271291 0.140567961760511
-0.00524989122695015 -0.214814201627337 -0.00398359083721448 0.14938558012985
-0.00760368507592787 -0.212151139925581 0.112689508814107 0.145981688185159
0.114240122835875 -0.260099382182807 0.195569968554555 0.190835903423983
0.28111161706502 -0.163826204768387 0.167500155562965 0.303117743387305
0.350584335107595 0.00893141498640088 -0.0128267358472272 0.400285135303618
0.257086299489736 0.364157757346256 -0.287046287299153 0.287273916239802
-0.10748667420758 0.531372696267153 -0.381853367600689 0.0472244518290815
-0.421749822228272 0.432115178757629 -0.210258301284899 0.0172728697308358
-0.48823342468041 0.20551626800965 0.00627129665456794 -0.0604737637051533
-0.309963362258212 0.424781810422761 0.376681749404933 0.0906910260674001
0.00386805625963108 0.446997649143604 0.430912847392854 -0.241889832612675
0.313886597647974 0.214284617386359 0.0817883336580343 -0.481106899005979
0.343073578444467 -0.0520271452898053 -0.23796463813157 -0.279005856974028
0.222163854511953 -0.232257225108041 -0.245264534952908 -0.0611745349776354
0.0353025111228313 -0.269141236670486 -0.144327454065698 0.0215426701973137
-0.0131556335943838 -0.252414081694321 -0.00710079988208731 0.0522116919379737
-0.017433713588329 -0.23990584152215 0.112888030902616 0.0451758120469331
0.109874436480567 -0.28602288513949 0.232092544270582 0.0845577657158193
0.292392673180825 -0.200428488465179 0.259924963602494 0.213865514851274
0.385310734808015 -0.0213330140324812 0.114392720776774 0.38494585226337
0.289281788600658 0.37124829031201 -0.174770088841005 0.319821221250051
-0.11117903672066 0.529903106568214 -0.31516535975309 0.0480431473391526
-0.425531460591692 0.406073901037665 -0.0664362565613458 -0.0760754133794286
-0.468510016429464 0.108151966183443 0.21451979918496 -0.135298405541095
-0.385111907898553 0.340386263422414 0.447867909898367 0.0659249365320991
-0.0909270985633847 0.440820778932749 0.49549054780811 -0.149593944653489
0.272010552999093 0.265964728184768 0.223758901628109 -0.388882475177423
0.339863016856981 -0.0184825225246352 -0.0667547139432866 -0.309486563780157
0.232351442995015 -0.211046131289713 -0.155259662532322 -0.178163838345554
0.0437200378553478 -0.267634655330438 -0.124834978634945 -0.100413521975688
-0.0168054921959607 -0.253163948396444 -0.0104199025452377 -0.0486029253741555
-0.0229256708639105 -0.235138116712044 0.108314312091752 -0.0578528565795144
0.0974994044943445 -0.273889451847419 0.247322708257949 -0.0186194844208478
0.271986349199007 -0.197804936252587 0.317352711607402 0.122235448478361
0.36896869677306 -0.0201226476610807 0.20076678103217 0.343911112768738
0.250855322545092 0.356675740691713 -0.0874641179459119 0.314898167481495
-0.139171614295048 0.455295101416199 -0.255328859005393 0.035263173602732
-0.395049976905211 0.307318283404762 0.0616902331923393 -0.153684761755997
-0.35171946974335 0.0016441406010007 0.399461964354208 -0.187242943311501
-0.352907214314888 0.188396257856823 0.49362814343522 0.0469858093275349
-0.13860315586398 0.328970219373919 0.515850224142172 -0.0674995600028079
0.181612754726383 0.234499363451764 0.315065083233268 -0.279860624718858
0.264711971352345 0.00336777449406272 0.0756251130473136 -0.31097956501355
0.193424929557753 -0.156185928388983 -0.0721284415973838 -0.269669614213519
0.0430721831279788 -0.217824564737767 -0.101869302581278 -0.201895384029684
-0.0162163129245706 -0.21464209801588 -0.0139806985387222 -0.137305872933495
-0.019850978002018 -0.202634800264802 0.103132404544463 -0.147687708890439
0.0821224237419914 -0.230294505678867 0.253814335423472 -0.104220036218474
0.230876471114743 -0.162523930163245 0.354856891813615 0.0521293691164032
0.315833866773176 0.00919695923232268 0.250539162798951 0.308667352991508
0.165193272970163 0.325618987221034 -0.0332793629674987 0.300644095403676
-0.180436462123873 0.330117390960473 -0.20243733299922 0.0235931142019042
-0.333702468347949 0.156294532642491 0.171579901096188 -0.19363973309755
-0.169560223217537 -0.0989365163705873 0.515642428492498 -0.217601151648389
-0.233392985494366 0.0236712721831813 0.50235333854783 0.0273832425554257
-0.121841027707505 0.165939533601773 0.510354763688602 -0.0227055127227536
0.0833988780035642 0.142911148883954 0.355688875803864 -0.210242551151867
0.145026030172725 0.00827923313944429 0.153337469604451 -0.310526546338894
0.117423087364569 -0.0789447637564948 -0.0268718111800876 -0.325636126299031
0.0322233703911336 -0.132395020324131 -0.0862397868499695 -0.2679065971847
-0.0106755415061347 -0.144200536222117 -0.0149969349738501 -0.201992225735865
-0.0109277605791341 -0.143817907933772 0.102570878073444 -0.21534874689388
0.0620308839152715 -0.162634709128284 0.262265332660382 -0.164720093830809
0.171003879275707 -0.110063946237776 0.385946142922307 0.00865499742755058
0.235176206899543 0.0442882531782735 0.277467592421815 0.290879972262185
0.0588643883271214 0.268078433147402 -0.0078921788915154 0.295928689029357
-0.204600651443243 0.17387305612416 -0.163678569506432 0.0227474260564876
-0.235653762713627 -0.0142559621761924 0.253909920567362 -0.189734314886625
0.0850177349055398 0.126940604035717 -0.294020584380409 0.279295963147478
0.130510880471366 -0.0677241003950335 0.229197900034834 0.0836958861142869
0.00087936260572292 -0.131770601558809 0.0604792896851611 -0.344043815922121
-0.114735040187828 -0.020571023066152 -0.325795694251763 -0.341824757580336
-0.0606223500954037 0.0611833449823014 -0.489428640075632 0.0154769814579314
-0.0113288910904504 0.060956785313933 -0.297972766105221 0.272932851049688
0.0159328515767547 0.0613972629492154 -0.0833230653179159 0.3030021061215
0.0147720446522912 0.0375268648341821 0.0345277238590929 0.273020052219535
-0.0119456650237034 0.031821299274907 0.109270557210952 0.286386193355845
-0.0362794792401374 0.00170687978181714 0.0591969661964519 0.345045263760717
-0.0198159360090369 -0.0156706086109153 -0.101877605153156 0.359366025985991
-0.00103762318387722 -0.0471251062560416 -0.315924091858127 0.241074083795931
0.103234453804323 -0.00749467504191307 -0.503747534347763 0.0833185173169576
0.110161380300392 0.114067548641362 -0.564265164524718 -0.0126544888713785
-0.0361323360136565 0.193314604648478 -0.555660417431826 0.21858674720769
-0.067632838905626 0.236501380220492 -0.322911387218477 0.232844708128895
0.0962486851460825 0.106324014627842 0.230814752584148 0.0973498847049787
0.0793182471062561 -0.0117239719695565 0.106462763908401 -0.3539555265098
0.0126303384720579 -0.0259420714426416 -0.310601589970888 -0.39705712784352
0.0342415299365901 -0.00768486611881358 -0.503436593832699 -0.0197200768770918
0.0288866176919192 -0.0403029952904814 -0.319921126573938 0.257287819907491
0.00308252929691119 -0.036774348154871 -0.102545967260535 0.298440679796213
0.0024004778897373 -0.0581755092227336 0.0313101919222941 0.26783381390661
-0.00806486839916627 -0.0696940334317574 0.120368360169731 0.272235045157391
0.0384433334478305 -0.107577089304783 0.105030844863121 0.328458731996122
0.118398948302664 -0.0551072240958671 -0.0311294425834219 0.378638282634468
0.131482411796775 0.020166020239879 -0.249870986496992 0.305833433555827
0.123573402243885 0.168129976390891 -0.463307898529016 0.149175318555482
-0.0145936201802399 0.29895792121873 -0.510587542706002 0.0210317615665989
-0.221853993837026 0.313740387131415 -0.472896748057053 0.190360793697831
-0.236946968890407 0.301886458402451 -0.28374044043423 0.152156298993128
0.00440285286687412 0.281696581043614 0.262921525856327 0.0986471990107098
0.126034922742186 0.15374816615998 0.19311765421496 -0.359906573531328
0.157323529145902 0.0105976423919783 -0.246148596913115 -0.463011267014783
0.150344277779536 -0.0659794781468947 -0.482362076318446 -0.0883792357470396
0.0850855153270096 -0.142523714127575 -0.329124830341375 0.194880248318958
-0.002125265355195 -0.136861830612768 -0.125184170735741 0.24811599033446
-0.0120246157602164 -0.14582588042266 0.0226174142459229 0.224624884045808
-0.014017108902361 -0.153403308816803 0.129969795176418 0.217869140270337
0.0798809078464839 -0.204078803917516 0.164743199852931 0.267652290963421
0.217117714907261 -0.122204665186565 0.0824511442161316 0.359457078228964
0.259506133692728 0.0206912713796023 -0.1269016466962 0.37505968441813
0.204334590281714 0.288464874274668 -0.382038604839389 0.24171944395551
-0.0632175269767555 0.454189082438466 -0.447367917586147 0.0578609507651111
-0.341172703943806 0.41488627485544 -0.349621838115876 0.128279657167373
-0.387538505616517 0.305710915314345 -0.172585266977118 0.0474453836236787
-0.133676306685746 0.414035055084734 0.318420579485489 0.0854977051951412
0.115205983805161 0.32974721690453 0.306565470656406 -0.336395701421181
0.279564454667232 0.0917154051191468 -0.119901019089347 -0.50502519502609
0.264761584559939 -0.0939767145648592 -0.403860710773471 -0.178487632433074
0.149890741182242 -0.220827888277397 -0.309146343509081 0.089258576085655
0.00140965264673463 -0.220637449928182 -0.140852080277717 0.156282014719644
-0.0252749751001887 -0.213630318498131 0.010835166116828 0.148128044175048
-0.0262439843885157 -0.209537164959741 0.130198317999272 0.133981379204896
0.0900529967489128 -0.26979976288411 0.214649697213761 0.171724498653118
0.266742575043575 -0.190343309151251 0.197560455649188 0.291291460601178
0.348347077467296 -0.0208449665801848 0.022026411542209 0.398867761993426
0.28917687851787 0.341173723400453 -0.267154202061535 0.311524144042472
-0.0613273003358568 0.540974169664347 -0.379813755047132 0.0764988250732459
-0.393532401893135 0.464300392797895 -0.209508743630771 0.0346846848333699
-0.473101913575854 0.248464001931638 0.00298685576020003 -0.0614199909544383
-0.275124299564702 0.450169987934073 0.387313493659827 0.0591422522741835
0.0422318689611038 0.448555641413745 0.41540526338697 -0.275545700193832
0.330502714179068 0.188532205441736 0.042317999627636 -0.487263393311687
0.337774030554884 -0.0831747236679009 -0.259983794504313 -0.259985096322963
0.200214608598323 -0.253738758760839 -0.252950783902383 -0.039736203451765
0.0107797506764577 -0.269017267932663 -0.143908492407864 0.0377151564160394
-0.0368217854624563 -0.250269923878111 -0.0024658225710008 0.051461646637909
-0.0375456719699602 -0.234718560325443 0.120875185934068 0.0333177013497463
0.0834475801756626 -0.29504840713864 0.240784569918981 0.0614226263033162
0.2735755531682 -0.227250762024554 0.281786851949398 0.192651666324769
0.381240919547863 -0.054956279242628 0.149724487329732 0.372148627172953
0.322090491907528 0.343775654794766 -0.151617571181928 0.333937195907263
-0.066283897716551 0.53881134204316 -0.313544813059216 0.0724605664192054
-0.396250974229969 0.441580898953672 -0.0749548503815355 -0.0705195683752453
-0.463122451268991 0.147957324416377 0.205453280683803 -0.153348694019126
-0.355820237696553 0.372277216217129 0.453868217983993 0.0291626881254441
-0.0543509669316765 0.448986863014496 0.486981455285275 -0.186827036315612
0.293578275401505 0.242043961593263 0.195104532404797 -0.405815884188878
0.337307994846055 -0.0492733183061321 -0.0907769573523093 -0.305306340677923
0.212902081148072 -0.23375856261284 -0.172578385954367 -0.165513557988837
0.020648746326344 -0.268115044596404 -0.135135970324596 -0.0849510830124983
-0.0397955404060039 -0.250097056901169 -0.0146687706813899 -0.0478637173710786
-0.0424394944017478 -0.229871314502762 0.106290182248437 -0.0684202840279311
0.0720147513302387 -0.280654555986605 0.245848025357361 -0.0428189046259261
0.253339533243807 -0.221890975308539 0.33137550254035 0.0965091846097663
0.364474659424171 -0.0506161200836553 0.232904329038002 0.325173995295883
0.282997525136074 0.333265900494811 -0.0642608137682795 0.321116153460686
-0.100988704177491 0.465631381349863 -0.254572995726155 0.0554798250628987
-0.372689855743024 0.337882056290023 0.0466684913375313 -0.156531550493027
-0.353810253988654 0.0318945658777653 0.385139535491034 -0.219812569204292
-0.336293692251662 0.218242390717645 0.497371040026714 0.00667747974305304
-0.109758672039296 0.340273777757166 0.513035098543837 -0.10636199857356
0.201605130603627 0.217966551295384 0.295449895006037 -0.303645504999321
0.263753188758665 -0.0206270444909463 0.0527541729245978 -0.319280603554008
0.179177309647151 -0.174786868640026 -0.0987178533182451 -0.263272346708865
0.0237839097527273 -0.219514233028758 -0.122332635030954 -0.189215849432969
-0.0362025251582384 -0.211644907288283 -0.0260450349577443 -0.136306960023354
-0.0374959542603063 -0.198517180648429 0.092383759258892 -0.157675343646271
0.0617667875340526 -0.236215910726318 0.245498150565595 -0.128393817964533
0.215857639795438 -0.183428452026409 0.361565327718117 0.0236993005672301
0.313753893948178 -0.0177297005829495 0.279589923531231 0.285429119993826
0.193622028302996 0.309965753487942 -0.0115591225118917 0.302485743344969
-0.15348808445659 0.34521828690184 -0.202951562819314 0.0406906216383078
-0.323574868108273 0.183153035267295 0.152474434798587 -0.206324994384508
-0.178952458576497 -0.0842078262833239 0.498130073593165 -0.260116105809097
-0.230932295788748 0.043526840683583 0.503652189507923 -0.00988294057802568
-0.107127090060224 0.174760655023448 0.5107030336995 -0.0635551311492456
0.0954072125191022 0.133411997993301 0.343744517785671 -0.238160860776345
0.144113114793264 -0.00518744477031808 0.13087723670894 -0.325499816127214
0.110579123926776 -0.0908470275449204 -0.0577859904312699 -0.322260419677653
0.0205558266289238 -0.133485233364378 -0.113157951794718 -0.256464822966913
-0.0244544152103031 -0.141236059936455 -0.0329922206727552 -0.199228889213554
-0.022926356333672 -0.141413268872061 0.0848126067284126 -0.22400865007959
0.0473833308046824 -0.167427447458056 0.248610401492251 -0.187071447826858
0.160867854520984 -0.124322029324107 0.389052304261464 -0.0217116095479568
0.236487640402103 0.0245138437773311 0.304794101378879 0.266342057709101
0.0826944650236767 0.261707801756097 0.0141907978439084 0.295698074837567
-0.19203684201441 0.191532974794582 -0.163542790581742 0.036555649712994
-0.239015542282362 0.00451214050378492 0.234960076295484 -0.209622166324297
0.0918803322745163 0.118743446972385 -0.26715108227497 0.293942039574117
0.122103788717092 -0.0755316772792317 0.23522388476209 0.0631679399943444
-0.0082019030391851 -0.129307274753447 0.0397180816206758 -0.34324117180638
-0.113769321143974 -0.0116340729340915 -0.341793605887306 -0.312771516714445
-0.0551664683455807 0.0655393793464228 -0.481324801623994 0.0500617296461213
-0.0060370839125899 0.0603265626398706 -0.273880707959365 0.287970069546187
0.0207210958059299 0.0568969890131024 -0.0595832505207558 0.29838347276465
0.0171140385491663 0.0344284329618416 0.0538578052801682 0.263427624711083
-0.00850462455475579 0.0311455560514721 0.128054586459098 0.27028482393525
-0.03537870975588 0.00460540418957055 0.0851167947032657 0.334668528666669
-0.0198834341308894 -0.0138176433831719 -0.0757703736738816 0.36132605523112
-0.00433169333233631 -0.044966415713475 -0.299612485791276 0.254791504821704
0.101351172796765 -0.0152725981544303 -0.493444623810668 0.113982200087695
0.113853606367751 0.102632431400974 -0.554595814983688 0.0192116725537235
-0.0246506503597032 0.194392591360698 -0.533746452665076 0.246373277193051
-0.0516008614478525 0.237705927309 -0.29890317602006 0.249731596777512
0.100442501200588 0.0967354864401245 0.23921229275115 0.0764308793175273
0.0768868784788683 -0.0169102951267473 0.0849312701312602 -0.354896952738104
0.0103834449497631 -0.0252610528804651 -0.330544746808777 -0.36721065290952
0.0329498588390807 -0.00902976618572192 -0.49817191524979 0.0164808505712469
0.0254124193279702 -0.0417571808559168 -0.297699446914002 0.274501680344372
0.00184872206327896 -0.0368315934443454 -0.0782396040072056 0.298319868120872
-0.00275327973542431 -0.0579423436283363 0.0502080105816018 0.259079839516918
-0.0122235354843586 -0.0676386668788637 0.139687685214402 0.254703786017937
0.0296009600189176 -0.108061263876348 0.127931513043384 0.314966084381641
0.112813144559052 -0.0630032065431788 -0.00328835591616272 0.37494632616881
0.129080239967872 0.0118415735417812 -0.229415061097357 0.313484140425713
0.133180423344753 0.155772655818063 -0.449075117797503 0.177037388481614
0.00337286228241966 0.292374054453095 -0.498300189984197 0.0503721325616222
-0.202500721484476 0.323527241534925 -0.454517699478409 0.213727596581587
-0.214882969020458 0.313221790085688 -0.267443133444934 0.167676168249242
0.0230310222478394 0.275261904211347 0.269688914054528 0.0776099736013703
0.133748803668841 0.143457896367102 0.171961089918796 -0.365127891446602
0.153984924017505 0.000523436384010838 -0.271836007428991 -0.437528765228368
0.142300583690286 -0.0755987859070732 -0.48110263822331 -0.0526902882602018
0.0730683376311281 -0.145960203572459 -0.310536481820471 0.21404138059098
-0.0102655429734758 -0.133346432201356 -0.103826872644911 0.251787596752697
-0.0227545077379383 -0.141938792083611 0.0396912610356175 0.216681840121263
-0.0238084155809253 -0.148288953526559 0.146181907339685 0.200725546002204
0.0629470263648203 -0.205355388545848 0.182467688285596 0.249769074184645
0.204672469156845 -0.136079400731499 0.109198151585185 0.348665015024334
0.255232725787784 0.00375958430513828 -0.10104867899864 0.373459038623125
0.218531737569389 0.26893356316131 -0.363754366599563 0.262919782449926
-0.0319080810990594 0.449416838700973 -0.437185294688013 0.083622428607236
-0.315115189462913 0.430642964279837 -0.33433340342545 0.146943872707454
-0.361303607331225 0.327042045097494 -0.165323139795819 0.0577525999028522
-0.103608713552369 0.415259877697129 0.321431963172048 0.0618300861752163
0.134876341923152 0.317689703880897 0.285100446588853 -0.348911366526653
0.279109576508357 0.0716685137871962 -0.150861718340155 -0.487022510998034
0.252979467797236 -0.110880381258631 -0.407383190008063 -0.14755882025216
0.130315811004015 -0.227456990205403 -0.298165480879273 0.109482789764921
-0.0129100007098313 -0.214498317117675 -0.126463716002638 0.164314644834218
-0.0411063311089861 -0.206644009611578 0.0217702794458404 0.142753677461576
-0.038812528752129 -0.201415870635506 0.140454348661387 0.118571445634489
0.0689345916048474 -0.270946950171536 0.224955415223051 0.151078317992518
0.24837027506392 -0.205894516886172 0.218514369586417 0.273072801786977
0.338399459160151 -0.0438943362164507 0.0474052232794873 0.386116140727453
0.306964577285636 0.313857689759822 -0.246224390125127 0.323136270572723
-0.0253032329791006 0.533718425607627 -0.369595817378712 0.0975225691695323
-0.361390942052006 0.481221634396226 -0.204386650219665 0.0465062109083259
-0.450876468497025 0.277625915279166 -0.000493385025232613 -0.0610535541312646
-0.239158200058678 0.461151037682796 0.385861735060779 0.0325431538564506
0.069586580582325 0.439252754810854 0.396570053218969 -0.293866623394199
0.336897273830063 0.162300725293986 0.0113177158905966 -0.480106481436721
0.325353225464656 -0.105180666991948 -0.270570565793378 -0.238140149274784
0.177445705827076 -0.263600712810591 -0.252145635546429 -0.0220543156811303
-0.00648153280330357 -0.261830386195522 -0.138924174958269 0.0496839442976771
-0.0541297536399069 -0.241376315937966 0.00213983379986291 0.0501148048156525
-0.0521157122259145 -0.224760098081337 0.124695453456267 0.0211049773104348
0.0607413240695322 -0.29513322826135 0.2417677850789 0.040950900930149
0.252436972018776 -0.2429256324446 0.293691142034831 0.170202522655069
0.366844871034646 -0.0794770747228253 0.173622787635234 0.352526849697512
0.340007234914564 0.316426829209035 -0.130819527384207 0.337094761845755
-0.0281500170696054 0.533231301382926 -0.305552063102786 0.0894315445163496
-0.366942516510516 0.456135469113701 -0.0788923800826148 -0.0632335505290213
-0.446194707515026 0.177353710687383 0.192437698197657 -0.164206031190041
-0.324688864000127 0.388277903270812 0.447541626458411 0.000384167867195642
-0.0239717983025218 0.445336775945765 0.471088212151612 -0.213221752356666
0.302909166152386 0.217756027463998 0.167048945955395 -0.410469432805926
0.32626521274562 -0.0727347373343608 -0.106577996425443 -0.294916617791564
0.191364268285865 -0.246155894809998 -0.183361161154712 -0.150496768181517
0.00244725099943337 -0.262374390447863 -0.139711350359732 -0.0710161865623459
-0.0580675621853973 -0.23999496737144 -0.0178770454109596 -0.0466188656990065
-0.0566257331468079 -0.220400265146053 0.102057332961585 -0.0769002159841961
0.0516068556364512 -0.280215287814246 0.239815315204364 -0.0612264198278032
0.231758925253651 -0.23597729729372 0.335490825234322 0.0738989008603996
0.351288547354796 -0.0738265457919777 0.252318807453223 0.300001125273515
0.300860453340497 0.304598578710683 -0.0467329916299731 0.319905783436264
-0.0673800546919256 0.463691468404991 -0.248834560240778 0.070425598501089
-0.348113809390312 0.354784493602898 0.033872541083106 -0.155120554242303
-0.347149877957541 0.0551976793827231 0.364276418927139 -0.240778770159051
-0.314929921403819 0.235394226373174 0.489154257497561 -0.0223982044371924
-0.0853198912971118 0.341071171840697 0.500811586143717 -0.135374523374644
0.211255003943959 0.1989909502225 0.274045199980744 -0.316296327965301
0.254992319944722 -0.0394727308126631 0.0338898851046012 -0.319065040681133
0.162504212685996 -0.185897099073733 -0.116777974394331 -0.252014405391268
0.00872135330587147 -0.215274944407068 -0.134474793050904 -0.17280832220299
-0.051660277355612 -0.202686875926103 -0.0351355755868041 -0.131385232707722
-0.0502183801585824 -0.18982224433114 0.0809711785037489 -0.162657974806917
0.0434186723416302 -0.235948190874151 0.232405918768727 -0.143966948998892
0.198251640028723 -0.194377386013623 0.361042135439229 -0.00122695000844141
0.303863972851117 -0.0381357222304281 0.295305933200749 0.258933316833659
0.211198060039961 0.289338724130375 0.00575331648238547 0.296652718998045
-0.128736389459781 0.3497049507319 -0.199081033449656 0.0530739023985186
-0.308609171587806 0.199709032628261 0.134079041758687 -0.210127202667488
-0.182338436751465 -0.0706574657819078 0.473286652479482 -0.286157835917552
-0.223883737371555 0.0572650925059985 0.494148727727322 -0.0359847431893305
-0.0925785592559177 0.177583053649482 0.500136668665511 -0.0934933100206072
0.101640948297575 0.122592444255407 0.326224519744902 -0.253762242689212
0.138935427961715 -0.0159778935517139 0.110056019584478 -0.331025922176792
0.101335559151458 -0.0985212766288567 -0.0806707050561171 -0.31202981053785
0.0115417411261609 -0.132514513674855 -0.130030413451446 -0.240091525428766
-0.0353699557867345 -0.135177378975232 -0.0464805429116186 -0.192202004627503
-0.0323974120000469 -0.136015291352627 0.0679989608501224 -0.226159087457914
0.0346431448758296 -0.167705792135277 0.231498280176635 -0.201195728712133
0.148813228524543 -0.132930861751267 0.382988019494334 -0.0478658382988951
0.232188554273674 0.00789345594028704 0.31806650208246 0.240070515007104
0.0995597903298676 0.249749607949504 0.031457086209816 0.289078051344324
-0.177922552731214 0.201699626804739 -0.160572711719788 0.0470450090618317
-0.235330765101277 0.0201011663687203 0.213895625137846 -0.218147475810672
0.0345041524762488 0.149778261296111 -0.344543982648638 0.153690583779582
0.138983426025448 -0.0183391433708739 0.19288165632374 0.137418646334129
0.0437283357184321 -0.121567892000831 0.164754589579169 -0.300767835689433
-0.0962678422834619 -0.0528367180769242 -0.197078584077797 -0.412472936308693
-0.0707795462517046 0.0385350445404873 -0.457212005805996 -0.135820662507966
-0.0272989363954661 0.0508360467873673 -0.357232536178269 0.157267664763417
-0.00174090175621922 0.0568741347515553 -0.165869268958348 0.2460434083601
0.00295403198850226 0.0371008578673831 -0.0492792024394828 0.258147090419292
-0.0165255934330261 0.0252324337182394 0.0169825248197723 0.292426325005987
-0.0305984728157109 -0.00758273275434508 -0.0468183751144942 0.339572215885561
-0.00896864813963937 -0.0167483315115965 -0.206644898112093 0.296610715371385
0.0129701489661967 -0.0367679160646453 -0.375568970080968 0.111356040762761
0.096813482412084 0.0268076784111811 -0.490469446203687 -0.0837691997802387
0.0600888412704772 0.138322361243602 -0.513918333547032 -0.186547424862591
-0.0969276028873172 0.180529235603985 -0.592059060120086 0.0116505188326706
-0.149774194430239 0.198509517690798 -0.340493623115107 0.114936329425935
0.0498467653363795 0.12675337948223 0.199849979805504 0.153988807795026
0.0756433772969425 0.0144516260719698 0.219963056407263 -0.296872337284331
0.018088177112218 -0.0159788221593923 -0.165224823150951 -0.466019358317747
0.0371133630582492 0.00591173018928426 -0.461382844620653 -0.177145077242515
0.0398822007088848 -0.0284749490870176 -0.375407758874066 0.131918707670307
0.0171261881966124 -0.0336542243090678 -0.183576775050017 0.239063928388346
0.0189829738970977 -0.0538281825723054 -0.049660346580567 0.25261578894884
0.0158511136326769 -0.0651351783002666 0.0352352751678644 0.280789927567684
0.0680209302830902 -0.0884568492498432 0.00244247073284473 0.337680201403319
0.130671621769294 -0.0159949359664204 -0.143432860957228 0.338003797703333
0.115541366740439 0.0630197726260532 -0.33219895084532 0.194876623963332
0.0674087398371515 0.198416412054953 -0.478732874565176 -0.00956595491021949
-0.104865320877962 0.273880289207005 -0.486852647151577 -0.139270873342096
-0.307853301363293 0.238686290627387 -0.508980029890201 0.00362260816706513
-0.334781185236888 0.199241213271471 -0.26865891691335 0.0663695819515029
-0.0918682487053936 0.254850303375757 0.236522692350981 0.173062414222957
0.0638211376417566 0.182006147730782 0.315611788282046 -0.273938270492124
0.134905296375778 0.0646407499443955 -0.0803038421390618 -0.516039178007842
0.16094781299316 -0.0102201457398801 -0.420950561238685 -0.241630972296246
0.12152565411916 -0.103955547262647 -0.36708774497747 0.0693662302394014
0.0426897201931083 -0.123526748205748 -0.190421787891156 0.187809612343146
0.032029678227992 -0.137649689566665 -0.0446330338559105 0.209789739802149
0.0355696700742576 -0.142962264757847 0.0631979959398119 0.234188975117654
0.13326415560492 -0.166240699431206 0.0787216643528091 0.29835942112008
0.241474067692396 -0.0514041724457513 -0.0304144529361509 0.357097436424188
0.23394066059152 0.099914930385282 -0.23574661553185 0.300204802115475
0.10979935038782 0.334767838725973 -0.435494069574609 0.10389121531387
-0.190956621322307 0.405696679924275 -0.449209820832048 -0.0854534859756378
-0.44762417387861 0.296284153485627 -0.378167532267887 -0.0182790694021208
-0.477036994278286 0.148617003897169 -0.128443203138029 0.0204244356566785
-0.26124372249689 0.327862018125807 0.296003149298434 0.188259044647909
-0.00442482054177856 0.340922932984721 0.425666026559039 -0.212738327314037
0.217988498746448 0.177942117648794 0.0564933577077572 -0.522722811982378
0.273208336687615 0.00165795907851737 -0.316330478822545 -0.30569232293084
0.204809906263096 -0.155315549287283 -0.317410798725452 -0.02558427273113
0.071147701079596 -0.196414318152734 -0.179447417589241 0.0996756031562884
0.0389959914996043 -0.203183562426866 -0.0332782387649755 0.137047082317287
0.0401647020370267 -0.196006774035767 0.0904253154611382 0.156499489859296
0.160969295583538 -0.224514679134533 0.154939335448218 0.223230923867476
0.304885242594905 -0.10218385465144 0.0980380915773592 0.331008946688905
0.328321204387968 0.0847483893540067 -0.101701512218659 0.371014686355134
0.17886451963907 0.405401573624503 -0.352710981174707 0.204349703106544
-0.211035174897553 0.487179877477776 -0.399140830894275 -0.0453679203716933
-0.508946961850442 0.325517199961957 -0.222530825115647 -0.0615773549997606
-0.538141045446654 0.0643250645798421 0.0643350151753054 -0.0139942576786534
-0.402087128281183 0.313772207294438 0.365624420990943 0.194954786339878
-0.110973499024873 0.426243784966094 0.512868749213053 -0.112948286377127
0.232753806849149 0.280731635264993 0.210911166968318 -0.454810768804292
0.334549413229267 0.035412721253346 -0.154706486171175 -0.340062602558228
0.260046639339536 -0.170754388214456 -0.225344726127067 -0.129381106975156
0.0938731727761906 -0.236105810229977 -0.148354862741515 -0.00967580531659441
0.0389156469709065 -0.239845453922907 -0.0171055651876081 0.0456152440239231
0.0364249971663356 -0.222011972596454 0.112540052088641 0.0624263870120353
0.161835758430023 -0.248685833873538 0.212623351404914 0.128050190870732
0.320752806645931 -0.135583422836142 0.207360154387712 0.267339762147899
0.367392101113339 0.0613926276498201 0.0269679588250875 0.388197499784453
0.210105559223301 0.417330753995928 -0.253173193714913 0.261303980273611
-0.213698194518205 0.484794798322072 -0.338545552113949 -0.0290767480495184
-0.502896246521683 0.298288544788694 -0.0656230636386498 -0.113688461275875
-0.492521089363028 -0.0258928447747027 0.26859250785421 -0.0308542178012907
-0.448770925273689 0.213272806974751 0.428192095929251 0.195165226389027
-0.19782805350052 0.393888846959473 0.547429029074265 -0.00316937238199982
0.182071775147899 0.3156936924109 0.332803879347037 -0.327322237250937
0.320809689181601 0.0658863008583524 0.0199348401910697 -0.328284152255938
0.266179738454349 -0.149207328561127 -0.112523206891468 -0.220620808551727
0.101904867634063 -0.232889952872124 -0.104539380103116 -0.119367069625132
0.0345525144272164 -0.239761875766854 0.00031623039297766 -0.0487952806567498
0.0300483674729505 -0.219777892418803 0.127565366279895 -0.0345007854512029
0.146684127114912 -0.238609391792076 0.248275123525839 0.0334272907234182
0.299052283101949 -0.136949917299837 0.281862602916623 0.19563880298189
0.349754131363435 0.0588009551743291 0.119303801963605 0.37154566919848
0.177696199622606 0.393190298078519 -0.170258521714094 0.277696865743717
-0.226510949012255 0.407156301611478 -0.277784709882042 -0.0275038127824027
-0.44934934317656 0.208278751928829 0.0768770458811027 -0.151051310172135
-0.346628787779577 -0.0968821247346939 0.439702127779499 -0.0417172907220428
-0.380207217664168 0.0814435114197354 0.464315153895776 0.190178590191139
-0.212518198088243 0.273287063252906 0.537181607790751 0.0820812498075205
0.106279261000122 0.261149604556821 0.393794978063478 -0.193782050693447
0.241743109744086 0.0671777824348891 0.159591630359494 -0.292038031283427
0.216536679604036 -0.105859607303285 -0.0123639913039106 -0.284084889798202
0.0892978425598349 -0.18912251168483 -0.0611072952530909 -0.209730650935077
0.0268654571829172 -0.20351070963491 0.0162306531994621 -0.131792412595438
0.0239307721175292 -0.191216758843009 0.138952441277416 -0.119643205144791
0.123986681399825 -0.201219830429101 0.272008289199361 -0.043788445565347
0.252042834052589 -0.111051699206372 0.330997597407105 0.138412004243521
0.294656603627905 0.0734728265418405 0.173601904188328 0.351087579370635
0.101120747458825 0.345486639043696 -0.115078372603874 0.275570576992537
-0.242036151539236 0.280545298685666 -0.221803401391837 -0.0289122875484144
-0.357446019198071 0.0766669100610734 0.195935036172549 -0.157722345442246
-0.139974708389549 -0.14241043353738 0.540354358358536 -0.0536031987509897
-0.224921989148412 -0.0408677726075586 0.466203362325909 0.172386925051466
-0.152879482472944 0.122086094392882 0.507301492487481 0.118678486912106
0.0394304040902064 0.147810849205418 0.41277127805528 -0.111582311109714
0.127177298619358 0.0422478934505972 0.233558394887388 -0.267987780139031
0.128862890060109 -0.0501543958437409 0.0442087778813717 -0.320977077134163
0.0604391498718854 -0.113962786331896 -0.030992177276244 -0.268164191264975
0.0168925180698208 -0.136330422213117 0.0294128750837038 -0.190967584775752
0.0188576214355521 -0.136879084155135 0.150876454255607 -0.180550037412632
0.0903189183726419 -0.143356559453728 0.291720653538569 -0.0953428178189159
0.18480870629391 -0.0728690002460859 0.36745953427283 0.103302953338968
0.212023665575023 0.0887662617565151 0.200215944456268 0.343806742646324
0.0100155477356518 0.269263004692896 -0.0894136872909378 0.275472452683525
-0.23568204128652 0.12693702142611 -0.178124000149866 -0.0233121311568797
-0.225490152745013 -0.0658464013286539 0.278913508882311 -0.128244287338309
0.0405811227016073 0.14873522885695 -0.335625866876942 0.168981712859697
0.137347031799472 -0.0247027743107262 0.20219149274407 0.126382144449126
0.0390136431727966 -0.124359182755692 0.154373263116744 -0.309384665428347
-0.0986613734744049 -0.0473117631319359 -0.213271147945623 -0.404007953873225
-0.0686923726560032 0.0425941942361974 -0.465449751940089 -0.113509234814709
-0.0246644376418255 0.0519978417771755 -0.34963371749138 0.173231616644424
0.00164939617631102 0.0548302551183372 -0.154009488878268 0.249830900318637
0.00541423985982214 0.0362883199927391 -0.036418976784578 0.259016365918946
-0.0147055744062335 0.0257696615868144 0.032263509053436 0.289836391413975
-0.0305025411980378 -0.00569721603916941 -0.0290799892679036 0.342816880851073
-0.00924311720383156 -0.0159422733830904 -0.195086150482357 0.306260202075743
0.0109974481089601 -0.0358800031407011 -0.377477145479838 0.124117788255606
0.097811976435324 0.0219993208069245 -0.498049452935266 -0.0629504618084903
0.0646735832800639 0.135120342390687 -0.519207704569082 -0.169134611533406
-0.0909823134959749 0.186496777400149 -0.592196706916504 0.031031180345486
-0.142580045588306 0.205725505961516 -0.334071475483291 0.128598849855878
0.0544521036267704 0.124275510079935 0.209658446650001 0.143028704235287
0.0764638124860121 0.010728874142762 0.21141617478135 -0.306123309344634
0.0165697384460733 -0.0162175490576635 -0.184257867817355 -0.459065515316769
0.0371893550333684 0.00459991090869788 -0.469502022152831 -0.154669750718446
0.0382530769707781 -0.0306809643291451 -0.369074722275807 0.149447491295838
0.0162848224993456 -0.0356346519142704 -0.170948726275651 0.244254460502134
0.016852585860596 -0.0548533842974766 -0.0373939613525731 0.253049574802753
0.0140648575653947 -0.0661462846947486 0.0508264930597484 0.276927907794264
0.063862502298022 -0.0915332126864038 0.0210169326345754 0.337811740284217
0.130650601587949 -0.0227739097256894 -0.128413059472164 0.345010239446531
0.117218180277785 0.0593188200419667 -0.329128648880074 0.205521457212901
0.0756481922620397 0.195183121768631 -0.481924055974659 0.0087128939725246
-0.0951593940979359 0.277363826117784 -0.490316122919844 -0.123754534154486
-0.300939215003478 0.250958380739571 -0.510482449251342 0.0213003289123675
-0.328058790021703 0.215430794024297 -0.265297771085411 0.077333408919244
-0.0810466842463198 0.257941407682498 0.246638705798813 0.161126465755566
0.0717909525297711 0.179846670102746 0.309678744302535 -0.285818658929772
0.136920749178079 0.058746944124274 -0.10166947470166 -0.510221319026356
0.159952829710951 -0.0171647041066071 -0.431102806215456 -0.222413782474004
0.116100773276129 -0.109660898965035 -0.36395984501691 0.0861492525208121
0.0375757121078222 -0.12502247407866 -0.180113419340793 0.195719883239087
0.0252805636014589 -0.139048093154408 -0.0346151434085076 0.210188875587026
0.0295762392602692 -0.143028328264279 0.0773870874811732 0.227453592927102
0.124995915256146 -0.172440392357941 0.0960314919088075 0.294413797122592
0.239165704105778 -0.0641394932007385 -0.012195996930445 0.359848330060527
0.237781295071836 0.0911174022290026 -0.225873114758384 0.306865795954243
0.124646900956909 0.328628314492872 -0.43613855114372 0.120761295927401
-0.175244696820305 0.414003990989862 -0.452909736299986 -0.071069218441824
-0.440682255097417 0.314304182277728 -0.379647925414847 -0.00429830660946915
-0.47351499704737 0.171006595773585 -0.127340653662352 0.0250136546564366
-0.246070587376093 0.339601618767491 0.304565332259315 0.174943785522244
0.0100220634564996 0.342092287788595 0.423002676948412 -0.228710313092223
0.225217254340524 0.168649668980366 0.0355210513425446 -0.521906970494419
0.272596197580043 -0.010868409649485 -0.328070735227166 -0.291948484229028
0.195719469299824 -0.166092769361391 -0.319476702374019 -0.0114190496556299
0.0629344932318645 -0.198411395973324 -0.173751827120711 0.10807725498612
0.0290741205092232 -0.204204941626939 -0.0265266342618661 0.137480840135808
0.03271852747299 -0.195501912437734 0.100618582428266 0.149520117102668
0.150111662651283 -0.231092980239583 0.1686377563763 0.215027667641129
0.300504515587966 -0.11784477972138 0.117395886412781 0.328435858981201
0.330698321530814 0.0717431907408903 -0.0869869315708775 0.372885994305824
0.197576968986864 0.397814256969542 -0.349511532378786 0.218209939318066
-0.1912610738077 0.496281987393167 -0.402688011761549 -0.0321723755222318
-0.499967395517698 0.346468748873799 -0.227001233239992 -0.0532631550402809
-0.538636053421625 0.0890579556742542 0.063865635966587 -0.0177369670923006
-0.389114836176264 0.331059605022002 0.374468760952839 0.179666503547727
-0.093212822573508 0.431228039588078 0.514091338625119 -0.130862664345191
0.243381482725121 0.271331759892096 0.195070423696878 -0.461437210416534
0.335825499334899 0.0202509809529912 -0.166488840045497 -0.333452092646732
0.251170860751117 -0.183961720223668 -0.232903573541663 -0.120088543916987
0.0836998184625627 -0.239755792757796 -0.14857132400235 -0.00150803412468574
0.027218343052811 -0.239740523276894 -0.014765101410282 0.0456589224909398
0.0276428548746674 -0.221090212427139 0.117591936844644 0.0534897724451304
0.149745955613966 -0.256050832078694 0.220075826785209 0.117002910741691
0.314331836142919 -0.152036878126007 0.222835246228771 0.260109839162713
0.367828569388159 0.0455803536965209 0.044307176558214 0.384253564731528
0.230796703456447 0.406053380141376 -0.247313473975695 0.270936369490829
-0.193677855271009 0.493496202713548 -0.342587810434524 -0.0183284762154832
-0.496840494689065 0.319015382410445 -0.0722621572036387 -0.111025096410795
-0.495822431629799 -0.00427305070812032 0.26719262158184 -0.0426394827485025
-0.438961355862646 0.231271535594284 0.434691530189643 0.17906100144738
-0.182511551247205 0.401593061815176 0.552416873218151 -0.0225864330393057
0.19438606743574 0.307284894177033 0.321041156784231 -0.337900854217804
0.32264369554175 0.0503829957034463 0.00965008660095748 -0.329782559703178
0.257231663898331 -0.163535134173409 -0.124254632758259 -0.215015460253585
0.0913127781533252 -0.236844157153731 -0.110412667543512 -0.112097450620372
0.0227464394461764 -0.239724609606812 -0.00215600563174852 -0.0487171141738399
0.0208431259502062 -0.218827650240913 0.12767616895734 -0.0425779021376426
0.135478458655477 -0.245394777201246 0.251157667951315 0.0218364794372732
0.292694524594904 -0.151162113083328 0.294449240008725 0.184174141624343
0.350750465617855 0.0432589719053806 0.136788198217193 0.363840782160822
0.196458292623067 0.384127101021828 -0.162442628768023 0.283088260122285
-0.209486938679113 0.41790754590476 -0.282133478515948 -0.0186284681030534
-0.444509453208432 0.225935275459896 0.0684547068322136 -0.153372276985497
-0.353391381098624 -0.0808948903942841 0.439172747090408 -0.0571221881961125
-0.375814441853498 0.0961258573979851 0.471532422252689 0.174542285000569
-0.200584255034997 0.28184914784963 0.542561156246148 0.0629142287572959
0.117395066134086 0.255238901377167 0.388586314738913 -0.206606260299152
0.243585213601863 0.0552230844850981 0.151199637986396 -0.300550505554983
0.210450343417879 -0.117065282355322 -0.0271114125705575 -0.284591700925784
0.0807569754354628 -0.192523851827872 -0.0717704502762288 -0.204524927656435
0.0157118018732862 -0.202691402459572 0.0093909644033357 -0.13186685949899
0.0160080324411442 -0.189963545973858 0.134476154450207 -0.127088152820504
0.113557741224943 -0.206369840723498 0.270866006250892 -0.0565697441889322
0.245960811443749 -0.122938001754819 0.341723820258404 0.124436392863705
0.295376607589791 0.0612108087542754 0.189706513653863 0.342121300256689
0.116849514700725 0.339064655545687 -0.107434666826568 0.278871089253207
-0.231697785960746 0.291134942575176 -0.225883319283602 -0.0204657311500502
-0.356881059204641 0.0906451642955579 0.186878336270361 -0.165313554149136
-0.147729441771517 -0.135557640343166 0.538836462598725 -0.0745346096015059
-0.227251032431964 -0.0317622667503244 0.469207669586872 0.157363234749415
-0.147674250840088 0.127610127315228 0.514990836199512 0.102291195481688
0.045158818412982 0.144692732576784 0.412004389635925 -0.126323097379321
0.12781908350286 0.036554058711253 0.225657267052214 -0.279999454551793
0.125566396516495 -0.0570359675871187 0.0274501676783906 -0.323319338800634
0.0556531278821452 -0.117433529539302 -0.0446177679415913 -0.26418757945619
0.00890031216256541 -0.136052150673241 0.0200074163958917 -0.191687642697103
0.0129332093962861 -0.136544746081411 0.142391209168301 -0.188541751526533
0.0832281689902282 -0.147165602941017 0.288422879898686 -0.107473047237466
0.180211889107799 -0.0807038518023449 0.374677248646251 0.0885019972248714
0.215603404921722 0.0794549948138682 0.215771786337351 0.333355388005053
0.0227810977940693 0.267559919555349 -0.0804305956081358 0.278655074764178
-0.232091873528837 0.138232903983763 -0.181878652283342 -0.0157353115155444
-0.230046115855857 -0.0559602411473035 0.271257779662366 -0.139034332101428
0.0494166023445 0.148490969174554 -0.327526033148027 0.188553992042787
0.136111966200281 -0.0320657928820227 0.212982632603885 0.112357407888264
0.0323995592502314 -0.128239891228653 0.141159043070587 -0.321602785925454
-0.102229382112278 -0.0416517494239193 -0.236056059061245 -0.39557740383638
-0.0658751058160243 0.0483702979347239 -0.477590267077766 -0.0867997983786834
-0.021062963498401 0.0532885609632382 -0.342166965204876 0.194819400523944
0.00512993185330327 0.0534388430900825 -0.140456881268357 0.256315277418721
0.00789353153212897 0.0346805090166376 -0.0206976654652418 0.261367250562324
-0.0122162102534736 0.0259513962351389 0.0515492604998115 0.288449223787003
-0.0297738528000107 -0.00355074371683994 -0.00630750953530729 0.348036138278938
-0.00976617770556395 -0.0153830072824301 -0.181039942990266 0.321435800299824
0.00868203964648915 -0.0356116968808694 -0.380793789555519 0.144625056148663
0.099851866646368 0.0151970879200776 -0.508660061721909 -0.0365229743646477
0.071105242942808 0.131591399332187 -0.532307939926463 -0.148598682750978
-0.0825779345273985 0.195414578002132 -0.597533941602585 0.059647847696453
-0.133833377111876 0.21685177478317 -0.32995367043231 0.147449373993391
0.0623323257553152 0.121685119545487 0.221794677843899 0.128770608343303
0.0777883724502886 0.00600100259828609 0.20107026872204 -0.321728424936382
0.015695022253913 -0.0161085840747679 -0.209236518349285 -0.45124995323596
0.0388716707990322 0.00266093358554498 -0.484613586077737 -0.128792106643121
0.0367670097400751 -0.033275546496391 -0.362605701673108 0.173092019356043
0.0146126662127377 -0.038048825845299 -0.156867217105676 0.253319688200851
0.0140193902868204 -0.0568071668012537 -0.0222293791155622 0.256198884064975
0.0110095398099599 -0.0671368169145739 0.0704498411567982 0.273638674247685
0.0590727987233223 -0.0965771604885418 0.0441507446036376 0.339442114756454
0.130821626364797 -0.0314748950883354 -0.109920003196403 0.357444691695982
0.121007464198588 0.0545096452711862 -0.326728495957912 0.223604345161275
0.0863383093784452 0.191221770515526 -0.490770344191141 0.0358578445690839
-0.0827112341544442 0.284910730847562 -0.501285836512808 -0.103597662388653
-0.294047971312228 0.272069679598814 -0.515113931220039 0.0445815483033058
-0.320183293303553 0.23626056909245 -0.264092572346664 0.0910184292799671
-0.066892108610875 0.263918852456106 0.259350149291206 0.146748472765908
0.0820575572494831 0.177950125807619 0.30211243959283 -0.306099351923182
0.140362068704346 0.0521775914365672 -0.129023085898586 -0.507635392843091
0.160598224807982 -0.0271576667856698 -0.447931738023439 -0.198265215855484
0.110238586654463 -0.11827556303483 -0.361036119993183 0.108948230457927
0.03159668939211 -0.129059747339691 -0.167913550687024 0.205917206918683
0.0176427409749403 -0.141550988722249 -0.0216722554225131 0.213085711106289
0.0229562922798927 -0.145099402823641 0.0949094977648178 0.22217168272688
0.115688082891245 -0.181870690878039 0.117330333128106 0.290410405425266
0.238405049623283 -0.0807459761241742 0.0106970577330843 0.366040227849819
0.243522047444607 0.07922086392496 -0.214670679209025 0.319399510994463
0.144635427955725 0.324223153639001 -0.43822382966655 0.144571157245201
-0.155154121812505 0.427899293250234 -0.462012129797492 -0.05221674569495
-0.433990419840127 0.342997859323992 -0.384471743693179 0.0120820982062947
-0.469641931258232 0.200185084395465 -0.128189050786455 0.0307608108326553
-0.229876107359854 0.354936988255643 0.318125186760845 0.159095781033687
0.0293575503111759 0.345980684431382 0.421511237751462 -0.252102737161121
0.235999022837711 0.157098026385328 0.00982770253337287 -0.527748214019118
0.274384326866068 -0.0276037985284595 -0.346644795983891 -0.274392047309209
0.186251234223086 -0.179494474885665 -0.32316782931718 0.00799428358637258
0.0526853447007857 -0.204668939185476 -0.167888983606032 0.119439879649031
0.0166032757271438 -0.206129962621665 -0.0181917316187178 0.139431533884294
0.0233393105594888 -0.197863644051336 0.11253689090811 0.141144922278625
0.137660489210572 -0.24287171785582 0.185099367078383 0.2061721924699
0.29666948709809 -0.138189586103883 0.140966384641851 0.325761694948149
0.336188414607336 0.0544224029984923 -0.0695643923850688 0.377309105656142
0.222253625811702 0.390217805078745 -0.345249649266643 0.238249797783249
-0.166339997534649 0.512456641191669 -0.410491891614671 -0.0150089845212097
-0.49268718365537 0.377948873897681 -0.233638452325014 -0.0424776912962984
-0.540448047067675 0.119576550534673 0.0621839117166658 -0.0220756541410677
-0.371349762769573 0.353002819239119 0.386919697607061 0.161807900346952
-0.0694331445072708 0.441698511297179 0.516622315896309 -0.158787346745629
0.260796576300251 0.260624760872628 0.173962151612594 -0.473774323688425
0.339383097092718 -8.80878453220196E-05 -0.184298271260677 -0.327435361728042
0.240654344103032 -0.201932419207205 -0.241965020400987 -0.1066189691252
0.071361122064649 -0.245531873571738 -0.149302734594842 0.00826578063255944
0.0126569720927504 -0.241385242513157 -0.0124366506107884 0.0465932016069377
0.0169268920696686 -0.223116074302424 0.123511433130085 0.0443926818312369
0.135524110872894 -0.267242076543668 0.231043809121421 0.103753426101394
0.308495757455532 -0.173441910067482 0.244945556834885 0.250548304635417
0.372493487414024 0.0258805997870024 0.0648762214871174 0.381759029103599
0.256227048934928 0.396718732288412 -0.23929515949245 0.286254789850681
-0.169111385788979 0.511682607329793 -0.350597445068986 -0.00258680618540012
-0.48868253120924 0.348064445859469 -0.0806091147702355 -0.108169603156685
-0.502425824545814 0.0253876681523147 0.26728318723607 -0.0577207200279467
-0.430065776225981 0.257312574310067 0.447564291711788 0.159255816764596
-0.161578768424048 0.417252124212002 0.561387272718038 -0.0505290721948969
0.212023074377901 0.298609279552823 0.308630204990051 -0.356364488091692
0.328429765493045 0.0326986579579436 -0.00450731670829189 -0.334375463424039
0.247862340607764 -0.181017097688394 -0.13864848828805 -0.209424142699137
0.0793545909191677 -0.244308965558875 -0.117941268555892 -0.105192010107166
0.00714475352576225 -0.24032577516553 -0.00584367554457254 -0.0489254169760705
0.00954915460733449 -0.220705437320144 0.127630096068225 -0.0532218831322644
0.12175474299189 -0.255703003861652 0.256508712659879 0.00684908521545546
0.286263092618729 -0.169291909090113 0.312444048307279 0.170395770872604
0.355208168427743 0.02417007916975 0.158143432577916 0.358025747128405
0.220085369748896 0.375290306057362 -0.153118305597053 0.294386622381323
-0.188708096278067 0.434497230947614 -0.289634851308794 -0.00553761766142511
-0.440630668202127 0.252949979966267 0.059197803563017 -0.157804043094478
-0.362252137949401 -0.0610440759098532 0.439815458140248 -0.0811103233185006
-0.37426484736832 0.117470984635286 0.482373006418755 0.153734952912499
-0.186881556087091 0.295771430627157 0.554630136283307 0.0365154313250695
0.132143149492099 0.250415479115797 0.384909047975901 -0.227491389940111
0.248379323473583 0.0416157280278461 0.139986064926979 -0.313053458621622
0.203728905363663 -0.131752225878094 -0.0449468825952818 -0.285305224038649
0.0706184248376332 -0.198829582525499 -0.0853483360477913 -0.199765710521492
0.00236921385194518 -0.203130538212284 0.0017555503685616 -0.132628382552795
0.00550270879011588 -0.190797438986966 0.128995762129399 -0.137375859740412
0.10193970091977 -0.215258063175684 0.271326482924946 -0.0720108389635874
0.240631645874995 -0.138100962511083 0.355703452686147 0.106567116713461
0.299933860634884 0.0455490704931063 0.211122544571397 0.332730294314394
0.137618637540374 0.333855029174405 -0.0973035137720842 0.286960599444389
-0.218381028534834 0.307929976605051 -0.233008673769124 -0.00930356674753769
-0.35869008808418 0.111064542168359 0.178221513504798 -0.175392966918426
-0.157044824733445 -0.127454610537237 0.540931907009213 -0.100962747068802
-0.231023932665113 -0.0196864573163619 0.482071115826843 0.141114312985355
-0.141978676255566 0.136027814765343 0.526988283124953 0.0773531092564454
0.0524082957779412 0.142251063077579 0.412961730250836 -0.147869947497181
0.130073839758592 0.0297459654168306 0.216773803041017 -0.297821832240891
0.121810370890589 -0.0658163249459599 0.00803600797963758 -0.327853053391082
0.0489097975997553 -0.121641050152195 -0.0622792155941485 -0.262609441134723
-0.000249023995398342 -0.135996319990023 0.00844244922042765 -0.192969379366803
0.00425550298635994 -0.137772446572153 0.132121312804145 -0.198372413660604
0.0737117379640351 -0.15407720432772 0.2856024817958 -0.123815109656851
0.176314741482816 -0.0912178411302716 0.387030661661242 0.0681629426883942
0.220747861563986 0.0680019089929789 0.237359029120286 0.323693562678373
0.0378965913237303 0.267046981399408 -0.0694588335110467 0.285786372243391
-0.227685086357097 0.154017953517959 -0.188079396350225 -0.00537789802591595
-0.237122338480777 -0.0447648186564674 0.264295109380099 -0.153641995856471
0.06030526283163 0.144727817953019 -0.31281221882205 0.212311211845011
0.132280909719031 -0.0425627234238183 0.221347479252456 0.0925399187839327
0.0223253559908288 -0.131394492090698 0.118073758484344 -0.332949567518547
-0.10495562894461 -0.0327806016405052 -0.261232510595541 -0.37812451170275
-0.061049850974515 0.0537610918161112 -0.483768286751879 -0.0485903438835959
-0.0163263138459605 0.0544537708575676 -0.325526981611502 0.220265942911799
0.00889342071451261 0.0511071216304985 -0.120826760085917 0.262111039752348
0.0108700322962918 0.0328438086025458 0.000920466892850111 0.260991192687385
-0.00913231933566817 0.0254984033095691 0.0763793665029671 0.280078404782582
-0.0290272930206127 -0.000774249880315244 0.023910929418027 0.347536135257265
-0.0100073535251583 -0.015058271488194 -0.15778555038626 0.335545894530242
0.00578290436376791 -0.0347663449531281 -0.375753428808827 0.171649901020863
0.0996664207453402 0.00637572781427444 -0.512451913915553 0.00151391851254812
0.0787873829055226 0.126158284462413 -0.541037722883535 -0.115052864625893
-0.0679018952796983 0.203271184274147 -0.595128453417345 0.0969469477386729
-0.118458258443608 0.227205205306853 -0.318176486965657 0.171331101586888
0.0711571610492616 0.116085753408891 0.231093682481585 0.108791928638128
0.0784519624420843 -0.000467652994962958 0.180126458408376 -0.338419544745828
0.01413731104268 -0.0165674024919895 -0.239660578067897 -0.433614626840566
0.0390969500648399 0.000165517635084367 -0.492467360967419 -0.089384697449172
0.0338167918922257 -0.0363240127157269 -0.346931147841607 0.199440751362978
0.0119426805985338 -0.0407861472922154 -0.136250283454327 0.261237464774959
0.0100883211218269 -0.0583949120614256 -0.000335589724062142 0.255045075341169
0.00691370713169198 -0.0681066440849305 0.0941376973820687 0.264212524561055
0.0519776950760541 -0.100961932346329 0.0741672908135505 0.334762310425552
0.128450028130522 -0.0427143228235601 -0.0814037001629705 0.366136977401471
0.124079352090951 0.0467638350613018 -0.315239042527284 0.246364300680385
0.10046902174499 0.18293423578825 -0.490630790751079 0.0715789904501098
-0.0629008425965979 0.29001572090399 -0.507964020449305 -0.0732373204114671
-0.275589557213525 0.29528012099175 -0.51201993345842 0.0796593306261169
-0.303119184853298 0.260601566218829 -0.257538686056087 0.110154020548599
-0.0467128614603417 0.267252156957525 0.269732593276816 0.124140835645591
0.0960398918897163 0.170933316554849 0.283575084525837 -0.328628385361477
0.14357844154166 0.0418893985310373 -0.16363630538568 -0.495889439558647
0.157931361044329 -0.0399383071762156 -0.460170144936128 -0.163664827280591
0.0998365780984822 -0.126228498536085 -0.351406407405254 0.135908795787675
0.0211948367982945 -0.131811137416043 -0.150213158897007 0.216790518934658
0.00669347106605761 -0.142457801277794 -0.00418696206531964 0.212887199798177
0.0126181777815239 -0.146161704999574 0.11275180021336 0.210686439388543
0.10074933293528 -0.190756972928726 0.142887045946802 0.279072783683388
0.231583511853917 -0.100436271132087 0.0415961132241586 0.364774090182277
0.248645540773337 0.0622450434486835 -0.195616603981599 0.333669469654308
0.16849974837608 0.312142911086041 -0.430285488789782 0.176590780433226
-0.124257883273821 0.438752949999355 -0.466313586094415 -0.0233154751700129
-0.410891765761595 0.375643220435625 -0.385337409807859 0.0393102849754415
-0.454385698121018 0.236324459418298 -0.127431154823556 0.0392170837335074
-0.201482691439254 0.369542122855181 0.329594337819577 0.134534617611727
0.0570106096417694 0.342724439682578 0.405984844937822 -0.284145689410008
0.246382803548999 0.139652842338248 -0.0259133972488077 -0.524214907814494
0.271431391495024 -0.0497183172005886 -0.363619364027077 -0.247062753181177
0.169857648608254 -0.194113020941046 -0.320126534694413 0.0336396899103923
0.0372781195535845 -0.207813688220692 -0.15622303482974 0.131744396310004
0.000210187353230006 -0.206067485258418 -0.00726222136098369 0.139703007330672
0.00946440783373794 -0.198198274290607 0.125690029189195 0.128069305552596
0.117117161187224 -0.2530906907869 0.203732860963707 0.189196080981629
0.284680095102987 -0.163246313973986 0.169654675835887 0.314621742754296
0.338002537138935 0.0290614216492664 -0.0444499627766177 0.380392524392234
0.251500897154373 0.369088766314775 -0.3311743180913 0.263697712614867
-0.129345622922316 0.524981657519106 -0.413299187738973 0.0113260193318566
-0.467968311827457 0.414399007050034 -0.237893501722886 -0.0259834287973246
-0.5319292023017 0.161724746533415 0.0580128953705799 -0.0269758747617723
-0.343826777940885 0.378206934285916 0.396958212298166 0.134079212562918
-0.0348846361766611 0.44624879483658 0.510891176507896 -0.196461960083723
0.278984620156791 0.239774804763383 0.140971783927319 -0.4831653220993
0.339155100411594 -0.0283218003146922 -0.204586276068377 -0.313096743105058
0.22161760301042 -0.220621001537195 -0.249760203636565 -0.0879451806872449
0.0518740109546787 -0.250665338786414 -0.147723491232302 0.0210651338949141
-0.00739977654204421 -0.23998389795392 -0.0092094487241241 0.0473741395944762
0.00133735865084419 -0.222361048803547 0.127329378067 0.0309291546524124
0.113051659633659 -0.277169865552183 0.240977219064008 0.0840806488912779
0.293947500160644 -0.19804745042924 0.268794118812287 0.23054695741744
0.371768699183184 -0.00237817670623008 0.0911811588090999 0.374325125899471
0.2862528213164 0.37457706889373 -0.222199242123696 0.303436880249972
-0.131043281731483 0.523989127701527 -0.353941795198987 0.0213910908767108
-0.467084966350676 0.384864841597037 -0.0899266925188381 -0.101813586971381
-0.499640319135675 0.0640042703120575 0.260883451127746 -0.077259345017348
-0.408749540561271 0.288652420927718 0.456697142153879 0.129394447168634
-0.129413957856937 0.428520544682152 0.561151509395806 -0.0899733621372965
0.234679392766267 0.281452066039549 0.284261551591301 -0.374521820555241
0.329915528725996 0.00582419190838314 -0.0256841524181638 -0.33480827799594
0.230862119979375 -0.200979711853529 -0.154318604157026 -0.198384641489579
0.0597727278055794 -0.248807589623409 -0.126152468444093 -0.0938907251864535
-0.0129290780905397 -0.237541026523382 -0.00954060818428894 -0.0473042839477746
-0.00580857190094278 -0.2184986318999 0.122466516168957 -0.0649074909084881
0.101590404992723 -0.26374213510422 0.258078245949163 -0.014504668641062
0.270577210011784 -0.192057886348432 0.329970859420355 0.144644703196539
0.35360685545887 -0.00211567981292818 0.184130002267629 0.342416529420677
0.250484415615656 0.353960384623283 -0.135542271147315 0.305041954219891
-0.157755795944484 0.448236437246182 -0.293539673650456 0.0159105593653846
-0.426728089817479 0.285894235302872 0.0456042486810292 -0.161128928360173
-0.366596486009362 -0.0323684075846571 0.432449325896501 -0.112185480025834
-0.36454730451777 0.144934992265391 0.491101783034915 0.122752206053559
-0.163876100690583 0.309643469305039 0.559917595585636 -0.00129580908314671
0.149220553080521 0.239003777075852 0.370054531971594 -0.253587695499195
0.251010093743357 0.0223091278590743 0.121003341099994 -0.32428775433362
0.190540415174962 -0.147793722970273 -0.0674630486130627 -0.281279249635447
0.054002716809302 -0.203968747326197 -0.101628686008927 -0.190974751348559
-0.0143198390228933 -0.19939588713206 -0.0083864129149171 -0.130845458166138
-0.00837453088474937 -0.189243576883157 0.117477723269743 -0.148130768235508
0.083933496161935 -0.222071338171037 0.266666911357984 -0.0925849493478009
0.229062194924539 -0.155629590224349 0.367331276997701 0.0790850991358579
0.301390327564825 0.0225640542721454 0.235463593949062 0.314441074220371
0.163385258580685 0.320387872255569 -0.0797198497098847 0.293863420351006
-0.195677458216019 0.325543549432855 -0.237019361436143 0.00833343535835981
-0.352861189933208 0.137866532809067 0.162920281212963 -0.186705226467922
-0.165927430656216 -0.113905717913994 0.532913798011224 -0.138568362188783
-0.231800921116538 -0.00230714670881862 0.489636224098615 0.110900843272964
-0.131791801008694 0.14573450944768 0.532889802208698 0.0407691011140032
0.0622223116395456 0.136241058827041 0.404880925108895 -0.175604562012786
0.131442063844113 0.0197243406124579 0.196976518407788 -0.316335788165445
0.114871074449144 -0.0750144432739579 -0.0185008809084265 -0.327231367922424
0.0386486532458329 -0.124998331661548 -0.0837852431279803 -0.253747255261042
-0.0128718679295508 -0.13285599093511 -0.00555808096206249 -0.191772279531505
-0.0067301743275405 -0.137034177909712 0.116322166908085 -0.207894220595237
0.0607643033743346 -0.159557679975999 0.276545020823577 -0.144985877769449
0.168467752397782 -0.10403669862514 0.394488017641028 0.038262583837079
0.224587374007572 0.0503731436262286 0.260100699351655 0.304569784475687
0.0586084671496918 0.262133476742812 -0.0518317459675964 0.290373649143821
-0.216189856626239 0.172851770540467 -0.191345397906755 0.00985048838777
-0.240857445132857 -0.0257241856791103 0.250436975695045 -0.171790041553391
0.0693873659873959 0.137399820534089 -0.286560245460036 0.228618577987964
0.124562922125098 -0.0510449850930039 0.219883802556168 0.0714888480029164
0.0113259680370504 -0.130141547514323 0.0908713194009914 -0.332654274397645
-0.103856914218349 -0.0231462151733971 -0.279343636051201 -0.348363038972137
-0.0539607877788413 0.0574885378036492 -0.471619556565121 -0.00906167724308515
-0.0113152886581886 0.0533166544819563 -0.298790691236279 0.237270967117212
0.011485828051557 0.047703750945961 -0.098026878887567 0.259703133864185
0.0131358357763063 0.0292097342761331 0.0201478052907009 0.250779155368587
-0.00628501685423804 0.024931619853935 0.0964421559541927 0.26337839068295
-0.0269911188764594 0.00147667275848138 0.0519580424122555 0.333848146459579
-0.0105328898184799 -0.0140675456502065 -0.12795179226487 0.338308527855354
0.00323158735109275 -0.0321692373648577 -0.357388624297048 0.195722114780459
0.0960592734397312 -0.00274883629392262 -0.497718936421196 0.0388193773302212
0.0851272374636495 0.116447386875295 -0.532430734376589 -0.0767115001335234
-0.0505910629655038 0.203516114354994 -0.570974954869747 0.134754091673276
-0.0976139724363893 0.230130825054695 -0.297087966214212 0.188780162697879
0.0768003087855605 0.1063337187344 0.231188674140438 0.0864933493812741
0.0758004682327675 -0.0073361257286656 0.151954683799169 -0.342395196921658
0.0115860620726147 -0.0166058017206312 -0.260402266178071 -0.402902878510482
0.0378978727735015 -0.00291111099330756 -0.482793276027102 -0.0496288022778204
0.0300577439847769 -0.0379625966155753 -0.320520499034407 0.218270492207376
0.00751390184822976 -0.0408556812751807 -0.111722945231098 0.259801276667693
0.00465503706723422 -0.057995340260275 0.0201079881653528 0.245063095553557
0.00214082621459932 -0.0668288359486596 0.113013334282026 0.244917600831668
0.0428064162837953 -0.101386090596991 0.100344938879137 0.316898561670734
0.12129190962949 -0.0522016210712624 -0.0507323701720135 0.362472953000613
0.124055846071688 0.0375822936083024 -0.293121131882618 0.26237570630586
0.109615550370057 0.168669533221574 -0.472330939155435 0.105892069266175
-0.0408591579343979 0.285721676694581 -0.498881077748465 -0.0381970712968749
-0.248284429399441 0.307863669735821 -0.493295549044428 0.112116406709735
-0.274594460104266 0.276877524537592 -0.244308973246818 0.12567266714034
-0.0256353794898794 0.261200274899127 0.270055179599166 0.0996868558559437
0.106421809753911 0.15767535347141 0.254547712888519 -0.341890828788602
0.14179257663565 0.029723738695428 -0.19161769506816 -0.467344048637568
0.149682765306753 -0.0516582963547752 -0.4551893058382 -0.121692073392952
0.085676117203126 -0.13026919346792 -0.32862531858876 0.15815288508622
0.0103062331755581 -0.130146762567522 -0.12873375347532 0.218652190172165
-0.00493722640056334 -0.138193404052223 0.0133829449538597 0.205232625294047
0.00227352272008529 -0.142270196337094 0.126944906718172 0.191076450007601
0.0824559283236265 -0.193286872688305 0.163269967136745 0.257664508214253
0.217044852075318 -0.117570957445277 0.0705869171178485 0.351540132953727
0.245272447588804 0.0424419641552501 -0.16933005090978 0.3376550730991
0.186450045257888 0.288112526488667 -0.408663352990965 0.203454337371693
-0.0889527193884526 0.435889260232052 -0.455132781534014 0.00867858419415533
-0.373050976164936 0.39607719844424 -0.37275001848917 0.0645267577763283
-0.423795007117958 0.262925953436672 -0.123565333642561 0.0475473358910951
-0.167684788306347 0.370517530239775 0.328188211745237 0.105574662117694
0.0811132365237156 0.327581541868604 0.378050100078796 -0.305938381541923
0.248745110051838 0.116511437835131 -0.0620284215292059 -0.504953109330092
0.259053055906934 -0.0699574029080132 -0.368291236711085 -0.212807500738616
0.148587729870441 -0.201261400494083 -0.307582152655631 0.0561161268910393
0.0202824997543545 -0.20473630906979 -0.140114244805105 0.138426210568529
-0.0154038469559593 -0.199006941651815 0.00484948663968147 0.1346384442927
-0.00406539415394337 -0.192271782651138 0.131630363960345 0.110379599815224
0.0932411649776979 -0.254561880283102 0.214079735155401 0.165466170615545
0.262442984980602 -0.181479960937184 0.192399693296975 0.292278766662888
0.329415774451378 0.003282214167222 -0.01863409284573 0.370177468470312
0.27297918003248 0.338047904236584 -0.30625690638106 0.280330428108368
-0.0876891932435582 0.519204691377036 -0.403324227985382 0.0389727049958261
-0.428132194368938 0.437504075593421 -0.233719120450869 -0.00941498626776066
-0.503987984988103 0.197355357923317 0.0521606281615929 -0.0295747204992806
-0.305246752084684 0.391103041399414 0.393065277567153 0.101867571301431
-0.00098823699687529 0.434373864011302 0.485671379115013 -0.228471814729166
0.288517791854451 0.2117073050844 0.104970111329485 -0.476271127027825
0.325971562845366 -0.0545735870387244 -0.217892697681732 -0.288795307073434
0.195833347158827 -0.230991066797132 -0.247540493275877 -0.066447457234018
0.0308803309256881 -0.246417263565222 -0.140832238678474 0.0316934410986682
-0.0255909776740605 -0.23019301388796 -0.00420515945561617 0.0470856855230488
-0.0138082609899552 -0.214517062540782 0.125587053915639 0.0174378274896681
0.0879229640535829 -0.277564869893951 0.240996833867281 0.0610598986231001
0.268112339281477 -0.215780337423197 0.282251343963472 0.202408268643496
0.358836530971783 -0.0298144011392526 0.113883069466379 0.35478283470087
0.305639585063389 0.339849512544042 -0.198327183113288 0.311676343253734
-0.0888701106265281 0.518994475027264 -0.345516498153884 0.0455157976566268
-0.429795823613023 0.409569609412282 -0.0958327866494392 -0.0917675611498132
-0.478550993776851 0.0987620704954658 0.245540626374776 -0.0927360710441066
-0.375861906033637 0.30783394133674 0.450742797101415 0.0943093894363479
-0.0933464091524636 0.424845790198115 0.54254272538888 -0.127463824796481
0.247664980404423 0.255521170178088 0.252476768217436 -0.381295738814161
0.319237005844092 -0.0208490469106485 -0.0456788263867948 -0.324673954225803
0.205808405050124 -0.211551500012896 -0.164607610694631 -0.181514378365335
0.0384851134800265 -0.245528132837468 -0.129013587430465 -0.0801226410328506
-0.0309216079640005 -0.226743660406849 -0.0119404705283069 -0.0447253512529368
-0.0201708431679629 -0.210671167056461 0.11363982994749 -0.0747111169660509
0.0770678669399351 -0.262962271241523 0.250520021874564 -0.0351092609543095
0.247382641309867 -0.207446264283767 0.334307886041512 0.113887152705946
0.341529401357036 -0.0287201788326008 0.202080690974263 0.316314126486241
0.269163922676204 0.323055220407008 -0.11365970510257 0.306177723505351
-0.119336130627409 0.446724818694325 -0.287451740250791 0.0367339616472258
-0.395667018149481 0.309431550598924 0.0318986384359978 -0.158397704271789
-0.357060069175276 -0.00349334684790097 0.411726077573014 -0.137947758319257
-0.342643859467948 0.166014978081453 0.484189621665177 0.0880858826572921
-0.135857965139563 0.311886496313752 0.546366563852691 -0.0403708927584179
0.162170825670859 0.220489906468631 0.345183707429733 -0.269438557524397
0.243984719076808 0.000788759648860844 0.0969232114414469 -0.326615758587185
0.172507407799994 -0.157618170342961 -0.0874258366313265 -0.267615654153766
0.0363475151188195 -0.201326376717537 -0.112679125453997 -0.17469138182027
-0.0296975256844434 -0.189438234928113 -0.0175130222778876 -0.124687478178866
-0.0218779088282841 -0.181511161304866 0.101563868868145 -0.153471554146299
0.0631868017003606 -0.221161639143157 0.252783728918805 -0.110587446724357
0.209434796433654 -0.168028838888984 0.36514620576221 0.0473580825184515
0.292600728293242 -0.00213789643246536 0.250144919355063 0.285865129951282
0.182043159735974 0.296249455140716 -0.0590353998155851 0.2918383834782
-0.165522487240734 0.331513669330408 -0.232173156504391 0.0265524157572778
-0.333660027672655 0.162250496857435 0.143219529895918 -0.191860932063922
-0.169027322179901 -0.0969737885259526 0.507490239494857 -0.170238449410219
-0.225479970031059 0.0153898665839814 0.484042074047753 0.0776987161304597
-0.116368949214125 0.151021732101165 0.521804578312961 0.0035139320695081
0.0692849551155833 0.126831225707561 0.384295068766516 -0.198262648016655
0.128628644666121 0.00809064830856115 0.170481183141014 -0.324696436677169
0.105579843836586 -0.0816179734965333 -0.0433339077592518 -0.315663553473584
0.0267824711453929 -0.124005357539246 -0.101856516483435 -0.237369055695735
-0.0229829385821281 -0.125017300849254 -0.0200255738184898 -0.18328803311312
-0.0172368066048708 -0.130557277199423 0.095934874575198 -0.209680399711776
0.0450672572884646 -0.158604450410931 0.258936138982095 -0.161499000760355
0.155457910660017 -0.113311659301021 0.387958308078132 0.00550728663024491
0.220259807894711 0.0312028392186619 0.274376925582231 0.275097100979005
0.0770102463047483 0.246921390723357 -0.0317334400546619 0.285498656785851
-0.196182908335561 0.185799867002722 -0.187492910999095 0.0255056758976424
-0.236496563867218 -0.00556680661714641 0.229068225656186 -0.184326962706183
0.0878712702837422 0.125668729527552 -0.246164668291464 0.245845879790848
0.110934856445112 -0.0639824227294577 0.212254492732437 0.0356447234879014
-0.00982976781407237 -0.126282673060053 0.0372949111140573 -0.322302469566943
-0.100646193689761 -0.00917174538342771 -0.311881012052898 -0.285531651749194
-0.0425452927867866 0.0590727599152769 -0.443791055399611 0.0633473265814348
-0.00247791970880226 0.0522074212813086 -0.246990717566766 0.264268764031138
0.0170347774749518 0.0438314732297685 -0.0580085106289512 0.258354405980793
0.0165871320970768 0.0248627971466458 0.0552691650438047 0.229210983063263
-0.00126877790975384 0.0216559818724361 0.128555839629214 0.230848732218944
-0.0229972598506534 0.00305979181266166 0.10012425718659 0.304133344797786
-0.00900812717667847 -0.0139235033432045 -0.0761657249325391 0.337814301075349
0.00344213066688057 -0.0271099716437826 -0.317111042541366 0.236620707142376
0.0908074486598977 -0.0142076963119831 -0.463502831611822 0.103077478053699
0.0956658084427349 0.101718602880191 -0.507451934684026 0.0022538894387845
-0.0135347916628162 0.202283761473009 -0.526079760025089 0.213631765755219
-0.0598972236037996 0.24115313343939 -0.249326402306993 0.199374536413942
0.0866949392173519 0.0896734200436833 0.226432984335395 0.0436439626138155
0.0684742993168958 -0.020676694556881 0.0918323913937692 -0.346091798535623
0.00760207381349166 -0.0180517333741445 -0.308387990341672 -0.339298728324012
0.0355664470289174 -0.00948348528931003 -0.463865494199804 0.0256694319710378
0.0228820734852602 -0.0386938462614615 -0.272466529386294 0.251387361353194
0.00153910050511349 -0.0379523497505662 -0.0716532062782476 0.260833383887235
-0.00361918330970979 -0.0562170759363078 0.0538798297913055 0.224128479782766
-0.00588642210899364 -0.0650077769021692 0.139736092266188 0.20955667647165
0.0252961516630119 -0.102808884187899 0.142067764744666 0.278555195253349
0.107692442331969 -0.069517808316884 0.00220949102511314 0.345730326781724
0.124939015831792 0.0206756780724967 -0.243762763994402 0.288953030114654
0.129960434413982 0.143155100508946 -0.427066470953009 0.165387273871264
0.00351052837057183 0.274949803925173 -0.468906179272269 0.0438874647743215
-0.180622760191787 0.327008079517066 -0.461846979426642 0.182013577426048
-0.224133858013283 0.313395003878734 -0.1953455838447 0.125293453399623
0.0110847665667773 0.248154869626133 0.267912606418775 0.0463783682461462
0.120596201427022 0.130488563318736 0.190661601027962 -0.369237618708057
0.135051622052341 0.00904357250712715 -0.255080152528488 -0.41454643785432
0.13286007717427 -0.0705583904448555 -0.454435718626031 -0.0506310073678457
0.0625306269065295 -0.132239296670413 -0.294139267335361 0.195143506006294
-0.00799996978736585 -0.121485290467034 -0.0955085633791458 0.223791974520407
-0.0242876195189036 -0.12883967936828 0.0419530884572064 0.188251781048093
-0.0162054787569252 -0.134932222866128 0.144202875968643 0.156281086504748
0.0489111801657978 -0.193327521360144 0.191555903346856 0.210566675571673
0.185196025244622 -0.144774566124272 0.114940853196217 0.315406138775859
0.2376909534865 0.00667194843895129 -0.113913900337656 0.339793966587641
0.219892641211516 0.24130199465812 -0.348753078506508 0.249891103662481
-0.020587171809376 0.417675308610387 -0.421704180962668 0.0893891635134106
-0.285797017646541 0.427082036727815 -0.356963676671891 0.123182644785548
-0.369790064305771 0.322357757128665 -0.0804680238311637 0.0334495840709291
-0.109130197952977 0.370779529724553 0.328051005159764 0.0400728834480966
0.12069645254624 0.293350712423616 0.315175452248102 -0.360293576500141
0.246985798866116 0.0772238014306648 -0.140872409886373 -0.475406633129645
0.233071223183589 -0.102917532178684 -0.388218224488741 -0.149947774108732
0.110902438636219 -0.207276968531215 -0.290664192667023 0.096521733964865
-0.00949910721003111 -0.19252579296607 -0.120256424014549 0.149563416359208
-0.0420272567973511 -0.183154410559851 0.0240990935587924 0.123964434193453
-0.0297161757974681 -0.180195266506255 0.136232337696488 0.0791898022968947
0.0493377132789229 -0.251265167030056 0.224059280585967 0.115312765967124
0.217520535720992 -0.212183818441039 0.220975139622204 0.24002984744009
0.308561831817153 -0.0424592898234746 0.0348670552182522 0.346341889039963
0.308338734436388 0.272174957048654 -0.239274773688305 0.30785691829245
-0.00567493587212106 0.494978223645353 -0.3663972689846 0.115599196255986
-0.329255288294119 0.472447834339798 -0.239050547481842 0.0364411576094238
-0.455120642104105 0.267563961065669 0.0818154114898576 -0.0597950218921044
-0.236131890678007 0.406000132251582 0.393642302348321 0.0277036821831191
0.0594009954840433 0.404784859526249 0.43261235785875 -0.304901515972572
0.296129769623444 0.161548137213175 0.0219160343334229 -0.475940510867955
0.29823805645584 -0.096547677988877 -0.259749446730429 -0.24701217466316
0.150841336469219 -0.242058223889941 -0.25518187401847 -0.0283466332446253
-0.00406193122303538 -0.232783037016485 -0.136464514074407 0.0485656305213424
-0.0555767891520208 -0.210020614984963 0.00223414578858459 0.0432214697281109
-0.0418518080796144 -0.199651371241259 0.116855431006128 -0.0067892962470893
0.0408413474482738 -0.270156548671216 0.233939180022401 0.0133316741019179
0.216802074718562 -0.24363154875332 0.293382098218002 0.142469894335996
0.330644491403057 -0.0789904699507425 0.159633816780128 0.311089991879883
0.338994624238316 0.267041477153945 -0.133231163029603 0.321291829176939
-0.00659160490051156 0.494383149813004 -0.311368230252206 0.115581901514285
-0.335701036550416 0.444995507225207 -0.118662859669399 -0.0614276519498015
-0.446684969495638 0.166713211822576 0.255952774252823 -0.136719407838471
-0.312658035321003 0.336968567788824 0.448969751463385 0.0161774754032288
-0.0281638666092911 0.408588618995614 0.504904955395951 -0.216460902954352
0.264475548371372 0.20658193920661 0.18037965166953 -0.410910659282354
0.297250416837017 -0.0637460895512574 -0.100332082893176 -0.308766896888495
0.162947829149745 -0.226401117846074 -0.193269297611467 -0.149800684858519
0.00158042447239507 -0.233829704518392 -0.142127746038435 -0.0595225249182439
-0.0604506334243925 -0.205753971464828 -0.0171736708963236 -0.040799890602087
-0.0486157752292655 -0.193805227758196 0.0924719990237552 -0.0899146100345247
0.0321802044497681 -0.253990640176749 0.22734287616933 -0.0779173403258093
0.197939777244654 -0.23146106161718 0.330060297030263 0.0516862412765015
0.312582967757536 -0.0762772300362888 0.238065804474476 0.262417818130573
0.300912667936766 0.256788500183634 -0.0543630657482479 0.305755289879834
-0.0458482781719197 0.432450703158367 -0.261081253873964 0.0976394632315108
-0.321453045427865 0.346504916407494 -0.00556183349583949 -0.145599036979864
-0.342722997955985 0.0485125441952615 0.400537865104127 -0.192302970766178
-0.300779347900506 0.199535710871892 0.480524476235369 0.0107293307704531
-0.0837962620966939 0.308330511639438 0.521973074456836 -0.128375645451421
0.179243680863594 0.18447708915891 0.286891122574702 -0.317120691066521
0.229306383591136 -0.0325018438463235 0.0360048217498748 -0.332385424188029
0.138576116257457 -0.172063731213118 -0.130105707897413 -0.241970803499835
0.00565769898448531 -0.192489769890981 -0.139448860890583 -0.15200046434485
-0.0547393622658409 -0.170871351038062 -0.03479048847352 -0.114706879867273
-0.0464248671314748 -0.165869502682208 0.0711041484667804 -0.161082126015534
0.025149214081215 -0.212668213908152 0.219195804225964 -0.147210125384649
0.167337776594611 -0.189366978486749 0.350360351030166 -0.0131692817095021
0.270411291286263 -0.0450090837694905 0.281448207661654 0.228377523146624
0.216698676434939 0.243868251914029 -0.007012593602547 0.286136973771933
-0.102745248351041 0.331591458629983 -0.214399262882439 0.0781085013275134
-0.285756300824254 0.199300935644934 0.0971674794495219 -0.196950754444837
-0.174926402854714 -0.0707319257104897 0.472329272440534 -0.224588124236117
-0.208940914804858 0.0428750679881738 0.475583547521346 0.00627270908366254
-0.0870378687323985 0.154676660591198 0.503647073488648 -0.0767832850310626
0.0807038926454901 0.109097055756087 0.336339829226484 -0.252264181991231
0.122455988950713 -0.00978473382141096 0.110473130198555 -0.338537909703045
0.0865648043546218 -0.0915988146019776 -0.0909658604322275 -0.29311550257503
0.00643118993115013 -0.119318011404235 -0.135111767467697 -0.212514273596192
-0.0393273997435019 -0.111769121271371 -0.0455364105486477 -0.168684240476597
-0.0365337478066848 -0.119144868561813 0.0587834883006887 -0.211884351158243
0.0164325314625611 -0.152224549483075 0.218851245075067 -0.193374676876229
0.125285204832477 -0.1289962698338 0.36637132858262 -0.0532979153644601
0.208539026484411 -0.00540522271984594 0.301958362629981 0.21692046248463
0.111005285627708 0.215842844192948 0.0149645214698314 0.278658921693637
-0.15255881529862 0.200919119523876 -0.176553514098542 0.0655999553427844
-0.220162150654882 0.029642074213772 0.183010712702746 -0.20725363101824
0.0861839349807705 0.118561876032955 -0.231320421701216 0.238886781128721
0.104513177311151 -0.0623048453494337 0.201115600072646 0.0311440928694408
-0.0126862480640163 -0.120270611416413 0.0319888980967772 -0.307781389209524
-0.0959899330885049 -0.00703820997398239 -0.30120717823958 -0.271353131002799
-0.0383744204548999 0.057086512122847 -0.422249981432086 0.0667231387797995
-0.00149658864488834 0.0491272072207723 -0.23209009563311 0.254123047686195
0.0163797960014182 0.0411216496417165 -0.0542137860397784 0.244302989461565
0.0158004541022331 0.0221426144352003 0.0569054942289214 0.215950008376552
0.000388228197918586 0.019492206167003 0.125628360427475 0.215246616268517
-0.0213887636012361 0.00239063480445929 0.101913377372035 0.286906278211926
-0.00774810960419307 -0.0137275300026053 -0.0679917578797176 0.324326214980384
0.00361631948742434 -0.0243443045139972 -0.302558780005448 0.23288558282215
0.0849292161470566 -0.0151442834758897 -0.440332488219502 0.103938425880505
0.0927820346556056 0.095436463833409 -0.484874532593203 0.00427777237650122
-0.00972497797626863 0.19313532722447 -0.501847778791476 0.207287256385349
-0.0525368637233665 0.231873298545843 -0.236016808576931 0.194790488683792
0.0836426991402744 0.0839664729730618 0.214574222759137 0.0383930391147972
0.0636206334602188 -0.0211047008199652 0.08518182211203 -0.33246909841777
0.00612131510653883 -0.0171856712987875 -0.296306146968917 -0.321523539260413
0.0339607325202863 -0.00985607184815861 -0.44016199910241 0.0322478402110049
0.0214197766721615 -0.0373824747847193 -0.255738652691174 0.242874371021699
0.000320623479060473 -0.0362566291942979 -0.0656506891125804 0.24602288223019
-0.00436274273001531 -0.0536989082798662 0.0554187951546364 0.210682016196943
-0.00507075979811585 -0.062507863189509 0.135858603755968 0.194033951467532
0.0227740304295763 -0.0993100406012098 0.14231136486064 0.260324560587882
0.101069170777628 -0.0693947678045774 0.0086722383571461 0.32990928226019
0.120177267753377 0.0188142700971928 -0.231717011241092 0.280766021223621
0.124265995658305 0.134200544664427 -0.405403960311546 0.164715430315544
0.00659456850754175 0.262859117494244 -0.448335275762121 0.0423021520763721
-0.168472610514827 0.314660178224682 -0.438698416955474 0.177002030684045
-0.208885974979535 0.303101358381124 -0.186425655732934 0.123266761207599
0.0128672076894099 0.235221620662119 0.254072016792462 0.0406728632308117
0.116073975786768 0.121040750222552 0.179157265118383 -0.354805398977437
0.127820271421859 0.00617500794235165 -0.246499129457109 -0.391351712760777
0.125299809590182 -0.069693876957271 -0.432243673874137 -0.0404841178758312
0.0570268670681262 -0.127195380717817 -0.276630630731292 0.190345570864027
-0.00985963520857759 -0.115497080143319 -0.0874420881847305 0.212313012734684
-0.0253221695382633 -0.122631528631051 0.0443869301568397 0.176193294674316
-0.0166047880008672 -0.128969798521723 0.139625991549357 0.143000774400333
0.0425846017577416 -0.185486595799733 0.18757040237392 0.194704559734229
0.173213674644882 -0.143022727209606 0.116743610857228 0.29810704168449
0.226760415888228 0.00309209616423525 -0.108136954008418 0.326700946003052
0.212076383713213 0.226725508500696 -0.331111615492173 0.24387247242877
-0.0140683923365714 0.398794401860764 -0.403947431351606 0.0876109894933348
-0.269646550344763 0.410400826532132 -0.341264938672443 0.121049926691761
-0.348612209875546 0.313036021439251 -0.0781818771181823 0.035262865698004
-0.0993105524683031 0.353002280152751 0.310988288430899 0.0348351063452631
0.119170760151428 0.276698487711646 0.299506228552666 -0.348097133342705
0.235748768065883 0.0689167727940838 -0.135125072430318 -0.450665764082916
0.219405675079099 -0.102979737127635 -0.370412862088591 -0.138542772595031
0.101116472826326 -0.19986478926131 -0.276421308740846 0.0953642681393936
-0.0120620150653337 -0.182998713223688 -0.111820457059857 0.142901932861569
-0.0433461836183647 -0.173065001051556 0.0256020049863834 0.116311231807649
-0.0295684798059536 -0.172521710496108 0.130696130552973 0.070577884308698
0.0424466545723462 -0.240585725343608 0.217103350811955 0.103951214497521
0.203228977469454 -0.207614153878243 0.218286497784438 0.223261282286662
0.293829180012245 -0.0454777924165238 0.0348487580136822 0.330349836065253
0.296598205005645 0.253820265566272 -0.228256228838932 0.298075278412677
0.00112681413489081 0.47325795014509 -0.350970337322797 0.113331825409903
-0.310269098096342 0.455909213764457 -0.228601991545276 0.0375227146955948
-0.430914317766764 0.26108624437487 0.0753776302271824 -0.0559483464884494
-0.219928345282074 0.389818161593974 0.373430705101293 0.022805042020909
0.0629779822748054 0.383478524510063 0.411833620644722 -0.2963043333356
0.284039731990877 0.148675427566641 0.019755121291304 -0.453230006145767
0.280990081412105 -0.0974356623941713 -0.248530432196151 -0.23426042196544
0.138331351379223 -0.232883494431535 -0.243997375289604 -0.0235596666053784
-0.0093405160836639 -0.221611790489274 -0.129316124546708 0.048501853641844
-0.0563491780204229 -0.197773275146882 0.00401886635421181 0.0400113932342669
-0.0416565888757522 -0.190038245987174 0.110217051324401 -0.0100958018837821
0.0338735511994539 -0.258326552160397 0.224220161482953 0.00656287164192019
0.201921570970078 -0.237136616529229 0.284997370440053 0.128567612371667
0.312554015963934 -0.0801678634737751 0.153909942817852 0.294296631988306
0.325977047609971 0.248170347044491 -0.126192235594229 0.309151864815879
0.00115864294678046 0.472541411812962 -0.298983610564049 0.113011837211253
-0.316686034931303 0.430311175897824 -0.115623768561802 -0.0565098384537915
-0.422489892644279 0.164783548697831 0.240734299482025 -0.132600380005795
-0.295681381671512 0.324072478610909 0.427262734946428 0.0115360418553979
-0.0219180283708006 0.388208571686343 0.481363672371462 -0.212932379651864
0.254306386236038 0.191814613432464 0.171730545034697 -0.392599800658898
0.280647166426537 -0.0663235531093908 -0.0972842059560045 -0.295526938811942
0.150324602448478 -0.218554154265883 -0.187902338345075 -0.139503033831092
-0.00309188764338743 -0.221948568145479 -0.136235433335742 -0.0534713755288543
-0.0604004306734087 -0.193621768130421 -0.016497406262667 -0.0393349759207671
-0.0481856082667504 -0.183898453584812 0.085762920984712 -0.0883706570881863
0.0260653080925171 -0.243047437938596 0.216737663127797 -0.0789791272965726
0.183736478761591 -0.225169995352525 0.318302918141143 0.0425925859749123
0.295812278672663 -0.0772249668722111 0.229273256473548 0.246547830424678
0.289046083567334 0.237457916107373 -0.0510651748126904 0.293462072402197
-0.0359772549637464 0.413353671471445 -0.250657897988282 0.0971992025693685
-0.303172311080079 0.33701075704563 -0.008617741543639 -0.137917066224423
-0.325992418333037 0.0508833736163084 0.37808383876399 -0.186105876879799
-0.284342191324219 0.192987952934395 0.457253635825166 0.00654094252434189
-0.0756079357864812 0.293757336896973 0.497564356764647 -0.13014506176062
0.17258049307323 0.173078383748907 0.274912389485606 -0.305182659975536
0.216943834652282 -0.0349384216603417 0.0318026888071834 -0.320546372105724
0.1284640545101 -0.165396725354488 -0.129322699105695 -0.229053895540432
0.000896986038204445 -0.18286341828197 -0.135587246039269 -0.1408010731038
-0.0543451690874177 -0.159434831408205 -0.0332799528760739 -0.109518489013162
-0.0465755617723412 -0.156965658863862 0.065006524347807 -0.154972267522095
0.019840564244184 -0.202487449551919 0.208280104871732 -0.144781853998758
0.156372967832702 -0.183149781304421 0.335815280318935 -0.0206710516653895
0.255402773527397 -0.0473276066570007 0.26964602400811 0.212931839958394
0.208368231955349 0.226913328880442 -0.00608386954034 0.274656083223845
-0.0929002542318378 0.318253863655735 -0.205223449395713 0.078575617276415
-0.269624593435017 0.195436467882337 0.0885407625974575 -0.18898646649449
-0.167674090135133 -0.0653522355540464 0.447786438363509 -0.218579546648712
-0.198521536620595 0.0443480507491364 0.453390147969577 0.00362012994556145
-0.0804109087124335 0.147552629821445 0.479992488861688 -0.0777216781362885
0.0775680594578771 0.102566952718192 0.32170123841743 -0.24382909838808
0.115014172103446 -0.0118222250919247 0.101960932056433 -0.327652074706222
0.0815387742376475 -0.0890249205055595 -0.0925643045541455 -0.277199363415775
0.00314518155611046 -0.113470892515252 -0.133204946535238 -0.197165912204936
-0.0388695548496823 -0.103426825969256 -0.045287027713398 -0.160110143258641
-0.0369800950963198 -0.111877897578268 0.0528601309858461 -0.202681872696542
0.012264190911374 -0.144042856499592 0.207092946455412 -0.188573079095749
0.11738450596977 -0.124402534325444 0.349728174083903 -0.0574046456863703
0.196946326311054 -0.00926899325127905 0.290604663815679 0.202383412901663
0.107779469663983 0.201841717734101 0.0154094036403179 0.266459019481787
-0.141138775563799 0.19515657996381 -0.168535118883321 0.0657299916876592
-0.209678044715359 0.0323461748652173 0.169954718375661 -0.19963991806321
0.0837534945232224 0.118021220691248 -0.22913947489121 0.231837702057445
0.102944695287364 -0.0589391145788187 0.195514951499182 0.0345459098714844
-0.0123582213272464 -0.118179622526095 0.0355241623701789 -0.301274474811154
-0.0944150556305969 -0.00649743722267759 -0.292147458596194 -0.271025068102891
-0.0371150707733734 0.0554818933435191 -0.414356883115516 0.0625162862883417
-0.00141326682233568 0.0470697943427564 -0.229911677521733 0.246694633299977
0.0158625369814356 0.0405393407296312 -0.0582543812974217 0.236520890275417
0.0148919452374605 0.0210005729137959 0.0527853750840401 0.20956633551595
0.000387458200056169 0.0172701595075165 0.121355677023976 0.209427089839433
-0.020161112825889 0.00177329897928925 0.0986652770317697 0.279856007030422
-0.00708492512825155 -0.0134455857829318 -0.0694270500671152 0.318232978466754
0.00508088817243902 -0.0231576530848565 -0.302155392540559 0.227060859876393
0.0816024171577342 -0.0144315131782049 -0.432248552411357 0.0946267883777967
0.0892991198158781 0.0939609531856907 -0.477261328861674 -0.00733366422353312
-0.0109515142162748 0.189400746421274 -0.496688732949634 0.196355131561717
-0.0535523984122197 0.228002895460882 -0.234151603899416 0.189440125898963
0.0806061563292071 0.0834222248803954 0.207230717129565 0.0413027404547026
0.0612588044703472 -0.0205186860276727 0.088016658792128 -0.325541900803974
0.00516604353314639 -0.0158726391628476 -0.285820352824109 -0.319972923219405
0.0339974992826547 -0.00914346612797406 -0.431146352268704 0.0270521022217692
0.0212704597977222 -0.0369733925055235 -0.253802651745274 0.234825134003205
0.000843706757711476 -0.0355177432381299 -0.0681541723411529 0.237514037746923
-0.00397078927673475 -0.0533913767994628 0.0522167591356118 0.20452584612297
-0.00390088296405998 -0.0619507649615873 0.131218840445505 0.188099914543171
0.022960778806644 -0.0976956363921697 0.139389659182009 0.253799858974903
0.0991209941248633 -0.0684245607247712 0.00645507601097236 0.323604844933973
0.118216141053943 0.0202027163443013 -0.233666928597558 0.274789080606337
0.119141718668933 0.132001029701078 -0.401742679795608 0.155764034014076
0.00271330330070506 0.257206522153993 -0.442752439400896 0.0326122221748275
-0.168673373113284 0.307647164993134 -0.433616671862089 0.168614470428696
-0.206925629877245 0.295927793135069 -0.185262683227422 0.120727912382259
0.0106263332464986 0.230360925627381 0.24567045432631 0.0432434221726317
0.111431741629989 0.11851498146196 0.181219097322186 -0.346157098052591
0.123212959562545 0.00778126286218272 -0.234053335875228 -0.389255305471439
0.123407358071536 -0.0675977495321253 -0.422099883424131 -0.0441055684718805
0.056191234856591 -0.124349480798297 -0.272695190244399 0.182981198081673
-0.00921040138286108 -0.113328273422398 -0.0878311344095325 0.205108444892454
-0.0240767870608848 -0.120205658064491 0.0419908873710386 0.170885153723742
-0.0142075954828414 -0.127162780689652 0.135081561143217 0.1378078642194
0.0425032057956236 -0.182682737339389 0.183456633115274 0.189459659032781
0.169970772544013 -0.140461109807634 0.114306263881784 0.292338969944303
0.221972021845325 0.00531189310660508 -0.111872324583996 0.320841516233742
0.204561196399073 0.223339770221218 -0.331238708434784 0.235833530652007
-0.0172010029210885 0.392581353916801 -0.400461004224603 0.0787248927591432
-0.268921651056923 0.401919455069938 -0.337415441264379 0.114738629437987
-0.344680320761934 0.303727987673764 -0.0788383335070753 0.0364102874660167
-0.101015434124408 0.344904714276316 0.301653962227659 0.0389926661986028
0.113404737799868 0.270950089437203 0.299839924541674 -0.33907387443579
0.229081196635781 0.070057423953348 -0.123425322060974 -0.443185638089986
0.215145062971519 -0.0994349497824368 -0.36038211327557 -0.140948091516258
0.0997616395350098 -0.195202556420071 -0.271420729221802 0.091338745545903
-0.0112324753301401 -0.179043415329966 -0.110533196188597 0.13857011672632
-0.0413171373208016 -0.168921692704658 0.0244229465473399 0.112838508102756
-0.0265687688676826 -0.169400227051191 0.126444400678572 0.068014715764925
0.0430671405510446 -0.23573854446393 0.212716149869325 0.100072369187235
0.198863757694458 -0.203674371898972 0.214442365957496 0.219659019677081
0.288237404432994 -0.0417854559305551 0.0285415442670256 0.325708216274697
0.288295691215439 0.250096550799548 -0.230807823473091 0.291206644108086
-0.00278244995838095 0.465742655982071 -0.349478330740787 0.106114171131131
-0.311205869341647 0.446025545389583 -0.225939169552349 0.0341758902490117
-0.424329394711575 0.252674345866305 0.0727293345964857 -0.0510717889898373
-0.2206034465114 0.379218316050449 0.362143845809166 0.0292438566663038
0.0567989710088362 0.375546345695271 0.409169063521968 -0.287087604618053
0.275562192712642 0.146644350646333 0.0291085892791658 -0.445355120473523
0.275409526794984 -0.0943504496271113 -0.239461474255727 -0.234288154381598
0.135959614591189 -0.227536184227235 -0.240007961814758 -0.0251122441914686
-0.00713075526726977 -0.217160720609833 -0.126694748636398 0.0470280293478919
-0.0539315419160775 -0.19297015564074 0.00482736101180006 0.0374952553300533
-0.0388670858761442 -0.186742201187555 0.107896840114673 -0.0115260244966303
0.0349141364129267 -0.252765426233445 0.220642497187505 0.00566408692688851
0.198444321866305 -0.232925486773735 0.280776546292752 0.125987785969333
0.305963932950386 -0.0756452308102467 0.145482056464133 0.290412466824942
0.318223957459666 0.244070709945491 -0.131200779956549 0.304281319637404
-0.00352135624039008 0.464901581695109 -0.297763962627685 0.107812616019306
-0.317144894776513 0.419915901404065 -0.113934872869001 -0.0559655249502091
-0.416443769029458 0.157741482601938 0.236669046188899 -0.123997290347672
-0.293408461198769 0.314853246166365 0.415117175722589 0.0193995717262214
-0.0245206277509804 0.379366497763319 0.476447723157287 -0.202822453859217
0.247296927470689 0.189805880060758 0.177565902559151 -0.383327766185111
0.274851462524083 -0.0636648767696792 -0.0907167415213441 -0.2939349870438
0.148394371871911 -0.21322887252572 -0.183648445817871 -0.138451155764415
-0.00164409572859768 -0.216695988001688 -0.132819876903504 -0.0513658704260926
-0.0575305400636885 -0.18693676553113 -0.0151340467947906 -0.0392528875166007
-0.0444360422941159 -0.180082608188735 0.0843155327564968 -0.0874244002963638
0.0277014389001333 -0.236498458671256 0.214136872989088 -0.0775583138245475
0.180912658782464 -0.220610148344647 0.314604734371385 0.0425519938797402
0.288691031884359 -0.0728741307112405 0.22106206613348 0.244172951371048
0.280691531607847 0.233457735486805 -0.0573228811581128 0.289286713059962
-0.038720842937581 0.406186670846681 -0.24960747621116 0.0938847008493063
-0.302117287334514 0.328678480997606 -0.00795670803234351 -0.134237661963759
-0.320488559715979 0.045863693284671 0.372421056890249 -0.177573637732746
-0.280861460100716 0.18721632913016 0.446530666042533 0.0161197521192807
-0.0768135773151456 0.285348539173265 0.491005435637173 -0.120922126453951
0.167016379139521 0.171139197015433 0.277470445695798 -0.296218861582919
0.21143019304862 -0.0332709610577417 0.0362500017069396 -0.317261038504803
0.126939344806329 -0.161775247514807 -0.125226358682131 -0.225272787179535
0.00146870931231425 -0.177892682880247 -0.131667245285706 -0.137118208317364
-0.0513608072896819 -0.154187615815401 -0.0318499576448005 -0.1078704385375
-0.0436153433658411 -0.15315331253315 0.0640311583801053 -0.151652687362973
0.0209312109658621 -0.197076234424952 0.205735860125645 -0.141617393828309
0.154691659744539 -0.178699586778732 0.331936643916022 -0.0190615083584511
0.248818429383635 -0.0436609102621625 0.261111307847005 0.211946828967163
0.20037114124798 0.222462109154659 -0.0123198889932266 0.27065879268885
-0.093214469956744 0.311808613499 -0.204318618491593 0.0761139061489838
-0.265428455268053 0.19024088476985 0.0870471685613833 -0.183637010632775
-0.163731147037358 -0.0657343033224009 0.444206658786187 -0.206122019370839
-0.194843537612167 0.0428495071938497 0.44449469509456 0.0116191046229321
-0.0796725549949354 0.142549791173798 0.472701608922384 -0.0717714789384297
0.0740889242204547 0.0999856594758757 0.323112506948331 -0.235959193231139
0.111825649060368 -0.010943628425002 0.10440872718797 -0.323755112849145
0.0799924463385807 -0.0870284142545543 -0.0888804494944323 -0.273068213719308
0.00385569591078745 -0.109821864887501 -0.128894846827415 -0.192344337585074
-0.0375367641764839 -0.0998696064862959 -0.042391517158867 -0.157121127082921
-0.0351663312798651 -0.108682346550069 0.0530302128642323 -0.198097196472289
0.012286631056684 -0.13954442209515 0.205138008277069 -0.184410491709893
0.115617958439935 -0.121361267340913 0.344215544960907 -0.0556895602278791
0.191296764023074 -0.00677027022216824 0.282060529519326 0.200591385238041
0.103304130773211 0.196838475588617 0.00996935507610483 0.262836551691001
-0.139054833964156 0.190178053790619 -0.166948407435869 0.0642009622941546
-0.203852061899654 0.0300313889931577 0.166960211122306 -0.19310988561263
0.0858259431527426 0.121450044421141 -0.23590200511306 0.233810964698551
0.105571011996866 -0.0585279550974308 0.197945405960619 0.0392480381785861
-0.0129059247592367 -0.119828979865639 0.0399740197571767 -0.30596925157144
-0.0963355593375188 -0.00606534159597193 -0.293584280101826 -0.282273249186088
-0.036460470161765 0.0559488649587903 -0.421795728491274 0.0617105293727803
-0.00197673185271241 0.047200311856044 -0.237179307995309 0.24825060171809
0.0157585625060056 0.0408311674254186 -0.0651228028242993 0.23799478207068
0.0150083128794407 0.0201376284073697 0.0509167411976731 0.212245102355838
0.00106976567154613 0.0154543706093683 0.120853888480176 0.211629619301832
-0.0196926170823154 0.000739820740592727 0.0997279477480853 0.282717397209421
-0.00644143259395994 -0.0149619158923305 -0.0743022114436377 0.324053595015374
0.006376115312281 -0.0222182201814412 -0.313256337779807 0.229376097927012
0.0817661218419877 -0.0134970093268253 -0.44047626574717 0.0910885741388288
0.08958422028375 0.0949673504991724 -0.486195301612581 -0.0158384101299943
-0.0131440471000954 0.193021079566065 -0.508193408302686 0.190899219702587
-0.0556010592826264 0.231772469862537 -0.241414573970526 0.192585139600656
0.0812875196599394 0.0854093793118989 0.209484335193309 0.0460891470788857
0.0610766055784378 -0.0210215837092587 0.0940094502513977 -0.329723143530188
0.00424011545656251 -0.0151173931725156 -0.284528928950107 -0.332416903922437
0.0352658855588093 -0.00943076883047138 -0.438394805095897 0.0239288643479339
0.0217168892926345 -0.0382221928956536 -0.260536088089337 0.236238787963595
0.000931530314382895 -0.0358160067270258 -0.0732211322286327 0.238563481268053
-0.00398401531581037 -0.0545626340345394 0.051181245947042 0.206229048702458
-0.00274725195545207 -0.0646420774513665 0.131285150201698 0.18973388596476
0.0240204719734474 -0.0997514331045614 0.140374777713828 0.255529097321419
0.101714486465772 -0.0700772173654285 0.00500808389330141 0.329056792557577
0.120816199704843 0.0222031518624932 -0.243537818448696 0.278757622892939
0.118840743510568 0.135945717763577 -0.410480017411383 0.153260061989315
-2.67390111724636E-05 0.261199623683703 -0.453118362434615 0.0255085116906292
-0.17582087194754 0.312024710108247 -0.44525842713976 0.164511182080978
-0.212503503987434 0.298830137499294 -0.191053436640768 0.123955589358357
0.00780968018370525 0.233995383831233 0.24632962514061 0.0499541676139245
0.110813089372587 0.120725787354097 0.18931044688793 -0.35145375027666
0.124157503020608 0.00941256521896842 -0.231576237130766 -0.399769850299441
0.125732818345901 -0.0680049082015449 -0.4267860464141 -0.0492830316514429
0.0577581806010168 -0.1264410543273 -0.278572081312245 0.183332781208196
-0.00802253647011979 -0.114574536407366 -0.0917597904958022 0.205978659645456
-0.0233939652972152 -0.121818131445958 0.0412535856940322 0.171801778348535
-0.0117825807882772 -0.131101710736488 0.135256133966272 0.138281246212246
0.0438175199454247 -0.185784812497429 0.186115438749699 0.190978556344681
0.172635108162856 -0.143114072090656 0.115932565314383 0.296705960603937
0.226088748208328 0.00818931287370966 -0.120032962765086 0.327037468619075
0.204803849500384 0.228356600866288 -0.34194384573966 0.236179580104602
-0.0207389609162603 0.399901646566691 -0.411586903935851 0.0725985837753152
-0.279887086983356 0.407456249298941 -0.346649816511149 0.112001303980455
-0.353206097619046 0.304990404801201 -0.0831139554308167 0.0391910535856537
-0.107365739169734 0.348274950371712 0.302382804819966 0.0456959145930638
0.112192308253499 0.275264319799956 0.310835195970527 -0.342380244588869
0.231098462692569 0.0731990319186541 -0.115980801680308 -0.454208219006479
0.218889662911079 -0.0997459409565573 -0.362679849889188 -0.147772423665376
0.101763880151178 -0.197807776768416 -0.277193878541064 0.0906265819524888
-0.0101120805507803 -0.181343180137446 -0.112854809817922 0.139200974392689
-0.0407847837335931 -0.170708602227249 0.0249956202217199 0.112671570279824
-0.0240244506001603 -0.172931244157899 0.127262979854831 0.0666156656283275
0.0444837641650406 -0.240153335063272 0.216262536220742 0.100197301697908
0.201999637773082 -0.207858719975261 0.219490864208673 0.223406213221015
0.292813832366521 -0.0401655345503614 0.0233512931685895 0.332844709666592
0.289127368772875 0.256684393764418 -0.24101014640233 0.295392803102516
-0.00623867549332625 0.473581529661796 -0.36052458625413 0.102916567942304
-0.321695625507985 0.451922075481825 -0.231901821234092 0.0328989105963172
-0.434699622199144 0.252682497073332 0.072517351607225 -0.0484324321591268
-0.229232115996102 0.382839364282818 0.364727041545308 0.0368925559700889
0.0530896525033685 0.380661723460615 0.421301923802102 -0.286191649798531
0.27885955728626 0.151671603595168 0.0406734854681728 -0.453136341386125
0.279492047648427 -0.0944974193528133 -0.238880283270649 -0.243018830052355
0.139493393703307 -0.230459752033942 -0.244083916945784 -0.0267906209840531
-0.00654989953558683 -0.219643474822849 -0.128719763517225 0.0477063715601433
-0.0536557663121739 -0.194798680279971 0.00466138229237267 0.0377697493553904
-0.0363276263011448 -0.189945548712422 0.108396891249059 -0.0128577711545779
0.0372681138336779 -0.257275284192444 0.224611355014851 0.00507612077235236
0.20188222306066 -0.237307581132234 0.287836935597495 0.12799166771313
0.310817277079333 -0.0742902214801354 0.143971990560659 0.296467470623843
0.31787792670967 0.249249992791531 -0.140782772644807 0.309702212972986
-0.00664165134053124 0.474019973851274 -0.30747628260116 0.106152379718337
-0.326060762835908 0.426424345540063 -0.11723852733471 -0.0574930552473976
-0.425609645264259 0.154905748236056 0.241264282361868 -0.120571866703071
-0.301992288062859 0.317190964534098 0.42042845110641 0.0283210119958149
-0.0295203792093068 0.385176946686969 0.488480627402569 -0.200653322527134
0.248106198334269 0.195907669967926 0.190031493582749 -0.388038569049928
0.278391717139736 -0.0636216096987131 -0.0877189487009482 -0.303364479127574
0.151624283212325 -0.216631040037765 -0.186373184622676 -0.142100803125261
-0.000489744136331185 -0.21972748872449 -0.134711562163873 -0.0526703509655563
-0.0567040631082731 -0.188476189727416 -0.0149428649301054 -0.0409795114372868
-0.0432960691767043 -0.183477150588081 0.0852484685262442 -0.0889389837425009
0.0296681720138644 -0.24028388576176 0.218402655600176 -0.0798741475143146
0.185698242095372 -0.223469170967351 0.322123425292812 0.0423897015703064
0.292871459893271 -0.0718498699390379 0.22166244669591 0.250116647853377
0.281180445821489 0.23712125693641 -0.0651785386052985 0.296373808311475
-0.0419216720014218 0.413856121846757 -0.257402158830209 0.0938401955869463
-0.309395781572736 0.333191411142397 -0.00818140368206215 -0.136301181601998
-0.327499059571355 0.0436157965826746 0.380396053160257 -0.173033210295674
-0.287885124964672 0.18828851670565 0.452396513061882 0.0242494076369576
-0.0817637965534714 0.288952640739973 0.501520432368996 -0.117265459158623
0.166679471348674 0.174484468096828 0.291284287304521 -0.298335933792331
0.214329183885176 -0.0322981675918015 0.0418342447393135 -0.326227647246326
0.129485687706907 -0.164374220266068 -0.125723867053533 -0.229434548760375
0.00263974993464916 -0.180314489563093 -0.132853631700482 -0.13805823312859
-0.0506512768967119 -0.155492414540152 -0.0316358903783327 -0.110422088712127
-0.043435991382579 -0.154754131880469 0.0662344247940381 -0.153908151471641
0.0226250668626325 -0.199472751649476 0.211246052001646 -0.143862689278118
0.15851107045693 -0.181499520013758 0.339718297522488 -0.0196475510848375
0.251627629017193 -0.0424249421930468 0.263446101538725 0.217653575694182
0.200841173020644 0.225909810906974 -0.0189888298369424 0.277048830238442
-0.0959941162468938 0.316687260743973 -0.210347063437521 0.0757312959755562
-0.271441378897603 0.191391048556003 0.089227264672472 -0.184935670016218
-0.166026117084426 -0.0674432957786524 0.454459783493841 -0.204037477965875
-0.197418997632591 0.0425389309530526 0.452499008537507 0.0221197366261733
-0.082417518982381 0.143574441694244 0.48405056607539 -0.0654793135924406
0.0726239980788682 0.102715289982688 0.335742632556337 -0.236977365692767
0.112601233689393 -0.010089684230713 0.10965461308932 -0.332072611056515
0.081893930070489 -0.0884900667291322 -0.0879844852593603 -0.277969467293949
0.00446369763103922 -0.111093830625998 -0.129313416181224 -0.19444549620005
-0.0367813768926023 -0.0991188947105621 -0.0422701203124793 -0.160091613056132
-0.0355563214083956 -0.109504209274573 0.0555267388176345 -0.200320717105438
0.0136131005396581 -0.140769355076286 0.211745374866025 -0.186429104506121
0.118475376730689 -0.122563970785595 0.35186787101508 -0.0550333813862101
0.193133967726418 -0.00517433276686342 0.284500246760601 0.207183678649809
0.10213361760693 0.199969154410246 0.00360257894562162 0.268894830235422
-0.141923782309321 0.192635380563696 -0.172037014890761 0.0644993753322613
-0.206444326260355 0.0292124439707507 0.169775545345251 -0.194414957366258
0.0929320105654579 0.126163840058354 -0.243786340965232 0.250496122832559
0.109779605955202 -0.0620474828103088 0.20778880426965 0.0409220121288925
-0.0167758943152128 -0.124399029136893 0.0393362780032254 -0.320736734404933
-0.10026590290249 -0.00352150199623274 -0.312713163455069 -0.294369207469949
-0.0356666724895731 0.0589051358403613 -0.441576458717075 0.0713956741719124
-0.00192917423275877 0.0487488639716744 -0.244985855635774 0.265510210762865
0.0179205073997664 0.0421996818921427 -0.0679382068501139 0.249970694677851
0.0160561626072165 0.0193859386997008 0.0557262815731035 0.219458342423862
0.00115350966688246 0.0147679679586536 0.128611509004683 0.217359846149697
-0.0196096706325108 4.22698959671383E-05 0.109987664122371 0.291852151485078
-0.0071982734712157 -0.0155378051137873 -0.0721544279495429 0.341711241024583
0.00737338372265506 -0.0226154174912458 -0.326959366542771 0.247282447739882
0.0840063322485715 -0.0149666387612552 -0.462001660547906 0.100413881647307
0.0940688779068437 0.096786957041615 -0.511357802736983 -0.0150637297013609
-0.00954878533998394 0.202463250451848 -0.530821650168088 0.205063609801986
-0.0531168259773366 0.244432224497816 -0.250992411455881 0.207394890077925
0.0865942684911649 0.0883447334286482 0.217907353804927 0.0485181734713559
0.0626195216481553 -0.0227024662180388 0.0961927489405788 -0.346569173725152
0.00368120838668304 -0.0144989784068691 -0.301860448430274 -0.346453681985095
0.0369084751526007 -0.0107769842334164 -0.458082089764884 0.0329385984585674
0.0215883371175375 -0.0409067289563977 -0.269406979657082 0.251530364696626
0.000773711072448161 -0.0371734191090567 -0.0754904448359783 0.249447205739215
-0.00523696538903656 -0.0571963402822434 0.0564899399332436 0.212719777733821
-0.0034350014084306 -0.0699513670979026 0.139079987770609 0.19349252971534
0.0231883178692047 -0.106816018583331 0.153116295819309 0.262760253676886
0.103832807384339 -0.0757591442757311 0.0116657489181468 0.344977213957053
0.127439593317599 0.0224405230738428 -0.25422214724644 0.298555211456559
0.125326725956568 0.140617230210948 -0.431409653319435 0.167063049663461
0.00390394250562226 0.272463320732004 -0.477325445604308 0.0289334311247001
-0.179786708612094 0.330468698906746 -0.467141335993872 0.177441737868794
-0.217088928171068 0.318321564452591 -0.200535156940394 0.135262009815678
0.0121257470920874 0.24512767589451 0.256370651744972 0.0517791107809757
0.11736215381522 0.124154114731852 0.195111647413018 -0.370982847205536
0.128816221827873 0.00899864229705576 -0.245959201129182 -0.418543400457234
0.130549709229365 -0.0737269979748112 -0.447322949298926 -0.0450324350774782
0.0578913681332372 -0.133717089566079 -0.289232691595782 0.197495507199011
-0.0108520529458126 -0.119653129246518 -0.0935356837342879 0.215926579708544
-0.0266232140619521 -0.126718169956488 0.0463725138132295 0.176713215352735
-0.0138210017024494 -0.138766313158511 0.142556736750129 0.139237320962486
0.0426733010530112 -0.196449082672914 0.199205700033622 0.192817911339394
0.17730746599467 -0.155008334480532 0.12866030278019 0.308167306103094
0.237204123567712 0.00575447289161642 -0.123797696387464 0.346388084776044
0.217065315777632 0.236274552194281 -0.358900479528041 0.254013936363361
-0.0153089126754994 0.420163196408864 -0.433662472092804 0.0794045968556799
-0.288317338609544 0.432736033748044 -0.363603610268325 0.122521793301655
-0.36461074605408 0.325634830470072 -0.0883488907558092 0.0448001732896479
-0.107808272837145 0.367141085499632 0.314406467693269 0.0487602273164573
0.12076763931266 0.28602296111911 0.322679656566276 -0.362040620510243
0.241972186599517 0.073179625029069 -0.125939697004118 -0.475991695650944
0.226846469191602 -0.109231638457349 -0.381464635618173 -0.151214121165258
0.102410112117869 -0.209652643306637 -0.28903356185394 0.0997542757436933
-0.0143526669805623 -0.189429197434197 -0.116209193231156 0.147296535148755
-0.046070710322639 -0.177115934209559 0.0277296370602622 0.115418801014905
-0.0276813764252798 -0.182522357995436 0.132626803739754 0.0641657689413295
0.0420497017566708 -0.253588270357434 0.229209732979929 0.0978095931375552
0.20694552621734 -0.223522161002299 0.236921137051637 0.226947058508174
0.305522175161322 -0.0464140499258978 0.0268264584547866 0.349550079713117
0.306268398274439 0.262473233437335 -0.252524615387992 0.313408547951456
0.00178310600184716 0.497730384550989 -0.380429146232155 0.112394925441795
-0.33118567470057 0.481587171967211 -0.245274882381584 0.0378374293135524
-0.451367671031894 0.270249996204736 0.072958962636612 -0.0488431219794042
-0.234640575595263 0.403730262747916 0.379532774387851 0.0391196542934177
0.0612039438594473 0.39815642709024 0.440111493598067 -0.306364996771576
0.293626390404136 0.154263144862043 0.0403654050064116 -0.476717505437122
0.290743725267695 -0.10466482281802 -0.252575340283088 -0.254406541681062
0.140547264010603 -0.24522915035604 -0.256084701087098 -0.0248693108820193
-0.0111233113316502 -0.22930489336157 -0.132596331435058 0.0520185142185395
-0.0591023966136072 -0.200987466079513 0.00522226840593466 0.0370530334226321
-0.040873258072244 -0.19943580000666 0.112574107298327 -0.0174223437201674
0.0333402586267502 -0.270964377000402 0.235653314051732 -0.00188129336200608
0.205346823508523 -0.254559370568387 0.306379884530815 0.126782648062778
0.322994957995834 -0.0835381248359157 0.153791016671603 0.310041100375563
0.336526546810367 0.254399890926685 -0.146892957562254 0.329243354409908
0.00380462729190976 0.498073566340813 -0.32443344596021 0.116932879181747
-0.336133191108551 0.453885701500258 -0.125295556056391 -0.0581708302135209
-0.444143664356378 0.17030625372679 0.25021264909291 -0.127756466045635
-0.311382655740177 0.338727076475696 0.436455035733615 0.0280319857924556
-0.0270960316765605 0.401825234724729 0.510091779808425 -0.21631829785632
0.261501665564756 0.200968390524131 0.199277146585791 -0.411385648051771
0.289331185681381 -0.0722399035425536 -0.0941391091373304 -0.320406672608246
0.153561567281898 -0.231133976507639 -0.197622150446193 -0.145419545703861
-0.00502994755271005 -0.229540323371576 -0.140533978536077 -0.0512645285598615
-0.0622150406034481 -0.194532714547019 -0.0168805296219755 -0.0433866808217189
-0.0486640480522399 -0.191039121130579 0.0863083005487356 -0.0964126039186115
0.0261707049318076 -0.25230199169539 0.227513386155348 -0.0894760768463536
0.188598188724729 -0.239302816520164 0.340500526101425 0.0362292703558985
0.303712997277386 -0.0800618729843486 0.234291990127155 0.259164050846216
0.297885191294126 0.243390323287439 -0.0674596631734694 0.314715276025318
-0.0357555307410311 0.435406107734227 -0.271742236576964 0.10287944145711
-0.319014026400009 0.353999502985486 -0.0125807475651997 -0.141365456971411
-0.342093190914601 0.0513804257992295 0.396380571579201 -0.185890463226221
-0.298219367873596 0.202450680183719 0.472742736094122 0.0258314659744431
-0.0816565266055746 0.302549226670493 0.525927942581919 -0.128676003239467
0.176143019462129 0.1807287954271 0.305153587848491 -0.318624739874834
0.222922771872011 -0.0379745908319258 0.0397867881764596 -0.346550626789905
0.131672429170352 -0.176381586690889 -0.13674354976033 -0.238659263921164
-0.000467599647374 -0.187858363018892 -0.140773898065005 -0.140998000187596
-0.0550133806135889 -0.158806202845884 -0.0348644691306683 -0.115202076318946
-0.0481542625721329 -0.160160340076221 0.0663258358754611 -0.163632667850249
0.0205238608918649 -0.208422824774044 0.219786340989759 -0.155973131268824
0.161883411070789 -0.193391295062549 0.358358881614446 -0.028769038506448
0.260948963935701 -0.0473090553439066 0.278332945189482 0.224542397982126
0.212668995953761 0.231289395846336 -0.0186696016767066 0.293710188277103
-0.0946292243741837 0.334156066188546 -0.220767682409612 0.0835857083826901
-0.281246654258559 0.205411820831621 0.0892807331798152 -0.194299765049804
-0.174662850177125 -0.066661598679826 0.474242185316786 -0.218086190719448
-0.205069051827172 0.0489549109847645 0.473630200312833 0.021201688902192
-0.0843265544328403 0.150129374621597 0.50581306293329 -0.0764254395199697
0.0767912378585675 0.106525172957829 0.352824881530337 -0.25490791571796
0.116716122535614 -0.0128117421192812 0.110162684231699 -0.352433670338322
0.0836287666448794 -0.0957136535181987 -0.0975052443273268 -0.290164075449629
0.00215164459361876 -0.115184260829153 -0.139017812977101 -0.200289676500203
-0.0391968359092381 -0.100902578942823 -0.046333893062989 -0.166960847023387
-0.0401062295195479 -0.112180134719479 0.0543984192723695 -0.211443890417025
0.0111784060702351 -0.146619289851523 0.218596779986516 -0.200595006831426
0.121846287901905 -0.130944552326809 0.368917416081218 -0.0650920210908959
0.200460944696585 -0.00824598700136809 0.30032515032927 0.212310128084853
0.109142301681613 0.206519125051445 0.00575106210832445 0.284150710697843
-0.144281330071087 0.204275918922816 -0.180041468446595 0.0709872660514567
-0.214543919503675 0.0342281701714945 0.173061639852399 -0.205939611772687
0.123712495010847 0.11175087629439 -0.222713070203943 0.309436030986201
0.104405388569177 -0.0817769189860403 0.223214600683311 0.012779403723883
-0.0378274460336554 -0.123435494357123 -0.0126411085963817 -0.337371190219075
-0.0991385520336985 0.0121124172340509 -0.379850243526223 -0.246438817620435
-0.0264517352664557 0.0594300292567917 -0.440783910911834 0.158006391972968
0.00610239175131397 0.047416320221263 -0.207489162387547 0.320071661475135
0.0257395705959742 0.0402016630636732 -0.0271462416753903 0.275884904297395
0.0183554831908941 0.0171328873152188 0.0939276232850596 0.21553040954607
0.00189815105344453 0.0140084886814114 0.171698191728828 0.202705714414227
-0.0225787659056254 0.00261681627052393 0.165871118199311 0.282260888854342
-0.0127817940950608 -0.0168010685324866 -0.0163572979549691 0.369744724182304
0.00759255059575331 -0.0255304187488406 -0.30288127298607 0.319182291477969
0.0830845444891133 -0.0313797069524737 -0.465229324968186 0.183190745403015
0.115481258183561 0.082164929957522 -0.533001482754648 0.0675887410871822
0.0287254692949636 0.209656199084725 -0.522303884027261 0.304296553934073
-0.00718351621712095 0.265357532024694 -0.23755197240555 0.248679260873883
0.104716052051665 0.0798396167245275 0.231580798156308 0.0141425623019215
0.0618120565291038 -0.0304547936366301 0.0338821662917606 -0.378148804870281
0.00649921245938693 -0.0154704580971818 -0.381514079490509 -0.300710416414406
0.0378519474003036 -0.0245233585976111 -0.471771228293053 0.122296198491197
0.0151567195284749 -0.0495407455156925 -0.236027156541777 0.314523507720823
-0.00533250252976286 -0.0394672430566975 -0.034620399103557 0.278212894265521
-0.0164063959613734 -0.0592269943743923 0.0935020114823889 0.207772802716398
-0.0172100957004659 -0.0719716591253842 0.177223637060932 0.175055665893898
0.00295125086380127 -0.113796835117526 0.204903936537385 0.24291610839922
0.0896439853469174 -0.0986345472863768 0.0716131340429098 0.357312455948105
0.138063858939702 0.00097295353386379 -0.218771476108957 0.358859507526311
0.1536989847394 0.120972457516402 -0.421214355470794 0.246122537926825
0.0529622422577397 0.278342131743658 -0.485954985471447 0.109725037971022
-0.123679226441643 0.370568442926032 -0.460804767125198 0.264378361316088
-0.165576581617071 0.376102611598832 -0.192872891702763 0.149499523089407
0.0524231795679776 0.256577736852783 0.271254736558731 0.00341211114061772
0.143996794908326 0.11374950779007 0.128183902320357 -0.427885263911262
0.140577420667616 -0.0105807936567233 -0.34139568417626 -0.386287893981994
0.124189276263016 -0.104553547891695 -0.478544294095019 0.0427549872029643
0.0364736464922269 -0.151547443394819 -0.266887625031807 0.266094991428416
-0.0308577341297447 -0.122337796153171 -0.0594861968841842 0.24751456348928
-0.0499608469273526 -0.126546436383969 0.0779180519200117 0.172485278020646
-0.0399253880827642 -0.14095600073378 0.170887413914516 0.117136812658322
0.00645535563239285 -0.209183294711724 0.23952091524627 0.161922952011035
0.148664895888846 -0.191081916675921 0.187180915189196 0.298002207103483
0.246792771322623 -0.0350810495582741 -0.075720535444362 0.384829338558316
0.26507630726815 0.202255276405512 -0.32998774751672 0.323345457941636
0.0578322742976765 0.431692982240555 -0.428655839093283 0.156280287079995
-0.217062378137807 0.493563996622672 -0.362689666638401 0.191260148558238
-0.321148140305905 0.414497514540478 -0.0825217165635372 0.023714595317859
-0.0526137997171833 0.406115378554222 0.331923067085638 -0.0181204446498143
0.175042624313004 0.282594846495262 0.257110383567823 -0.451710473972748
0.268098755943413 0.0392672048254811 -0.233406709471256 -0.474327386305181
0.218446725685779 -0.156248656469692 -0.435015121119895 -0.0781311479266529
0.0699864764172574 -0.237734171944533 -0.286430920146296 0.168545208967316
-0.0460546982314908 -0.193804476875111 -0.0955320325297112 0.182427728366157
-0.0784559713936554 -0.174534222334218 0.048393154418992 0.112369406825534
-0.0609563161090289 -0.183781180469319 0.147747983904167 0.041690240080636
-0.00368308902481681 -0.266364031091063 0.253091106282653 0.056563439244271
0.166467607938382 -0.266406883716671 0.284817683133921 0.195092070605107
0.306288058507552 -0.100735825536214 0.0822249565689438 0.360866993781853
0.361486386866434 0.21364566776769 -0.210486242843524 0.367208781561204
0.0915304368623446 0.509263353771334 -0.366886948740018 0.183058196868789
-0.254488880961673 0.552333515589068 -0.25210835402455 0.084371498918304
-0.424252458759972 0.376976743857605 0.0785747340183691 -0.108541781314789
-0.179733107117801 0.467291494851417 0.401806641577943 -0.0456204223423078
0.131083038057946 0.410663990764421 0.391335107571494 -0.423785793132516
0.334335750887587 0.116713200067189 -0.0639429805318672 -0.511186122554659
0.285350156983101 -0.160303258433775 -0.326125283035617 -0.210689048057185
0.103915412563888 -0.281210845691611 -0.276132616862143 0.0345292281406475
-0.0499660056759988 -0.2360037901859 -0.132213052776434 0.0869931888774944
-0.0948899611317976 -0.196277262653166 0.0119049894923843 0.0367049555543635
-0.0776116158186093 -0.198234551848888 0.111343836020566 -0.0396716685785172
-0.0135288107810034 -0.282865207826082 0.241052829155379 -0.0474426798319669
0.161002486148908 -0.295234329922666 0.340961118163532 0.0771792073410867
0.316916824849125 -0.140634894258328 0.207617161459443 0.296975243688089
0.391167632371648 0.197953385554061 -0.0978736670850212 0.364948250376974
0.0921415199233164 0.508472216788917 -0.30780320477461 0.178364236194964
-0.264785210451162 0.526129064983356 -0.143184194905213 -0.0357780886440421
-0.436850359362053 0.269445500447783 0.254291895077311 -0.218888767989338
-0.272106603524536 0.411087973260067 0.465005595955477 -0.0654267526307769
0.0374169868625182 0.431358496236511 0.485490884748319 -0.345614443303729
0.306790649042381 0.172479519645617 0.114126667313191 -0.476003964183255
0.290509365445587 -0.12338635530565 -0.174139212914375 -0.312591193357056
0.119651293465104 -0.267018332973598 -0.239265597396246 -0.103120103810048
-0.0427838906853071 -0.237008915794039 -0.160655121059107 -0.0197169333011308
-0.0954189008468997 -0.188578264537742 -0.0248444814574547 -0.0427815210021225
-0.0827698056642417 -0.187288035512043 0.07149395684568 -0.116647413980412
-0.0166131336615415 -0.262108331443779 0.217767577343157 -0.136247021059574
0.148001554592428 -0.276773893672905 0.361415345786446 -0.024059105365369
0.296559935824068 -0.133332519046331 0.284042999013342 0.229469984060088
0.346950828126264 0.191780971028566 -0.0170761237878297 0.334952086039656
0.0412970898056501 0.451664663061655 -0.255344416759775 0.155501805521966
-0.263928239916863 0.420083803258267 -0.0389195327557016 -0.142822956445997
-0.352267278667121 0.126362536378033 0.39810587745042 -0.292148435748871
-0.282263488768651 0.267706083111536 0.506707551797542 -0.071050343498389
-0.037338760100295 0.334309628207148 0.52385440448487 -0.250296730187467
0.213563815820906 0.165181784326106 0.247399019894197 -0.400906582865389
0.226921998133879 -0.0750835449139501 -0.0366622876623729 -0.368193987441452
0.107072027845139 -0.205855375979955 -0.191990939448451 -0.214605728417822
-0.0309403486484092 -0.194703308843953 -0.178545847808106 -0.115207625769405
-0.0819789816018362 -0.1529938701981 -0.0558606820186984 -0.112311344758693
-0.0764891023254125 -0.155317090069254 0.0387100276097235 -0.182274673001989
-0.0150397909425705 -0.215213804279331 0.197004904642307 -0.203788436462016
0.12968511879045 -0.223819877258695 0.367722158977495 -0.0938712272455702
0.257808338510856 -0.0921375116934167 0.325972754044335 0.183896386338995
0.257427367779213 0.19697330411343 0.0317162469525565 0.305521673369264
-0.0372574821218492 0.357100221696192 -0.208242480375305 0.129533510294091
-0.2510444758057 0.260434937163003 0.0578650150687493 -0.216072413661055
-0.198006379791432 -0.029562291601397 0.472511899996234 -0.325025261856157
-0.20941950229237 0.0908827398450522 0.509720197016049 -0.0692465655874921
-0.0658862191002694 0.174905555488445 0.517276005167659 -0.184934779908264
0.0976426739959433 0.104007813063102 0.3131430975024 -0.341088572444668
0.122200548607523 -0.0304649055132677 0.0393501654175536 -0.390032024447359
0.0710016087920116 -0.114482575413229 -0.159717646372923 -0.280585431325192
-0.0160698227239992 -0.119214367948177 -0.187362401006272 -0.178833704709472
-0.0551798128013265 -0.0963222212377584 -0.077059137988271 -0.163641062834414
-0.0595103243736234 -0.10580184870675 0.0189963470856814 -0.229375769075872
-0.0130039441094781 -0.14924255600235 0.190093647811501 -0.248667950816661
0.100825016189178 -0.152351301395892 0.373111120185167 -0.134081450796069
0.2026237539517 -0.0417182505238615 0.347935641529007 0.168631970206297
0.146712570544884 0.190001550113996 0.0567430172755548 0.293930929157123
-0.1108262300425 0.233441182660636 -0.170810744397996 0.109359194303723
-0.213071552118317 0.0717917194120575 0.143845290196385 -0.243350345635602
0.138250937618474 0.0993762723518393 -0.193868409609535 0.338530376665872
0.0979352345428551 -0.093787678530985 0.229363950469988 -0.00704610400710326
-0.0508271276582251 -0.118770749176382 -0.0436724029981101 -0.33981001728508
-0.0966943824759443 0.0242310883395531 -0.410625033134616 -0.214144193026298
-0.019193724903244 0.0618704928402912 -0.429679700507172 0.205154099821275
0.0104134538273634 0.0476706754449471 -0.177196062890388 0.346648040144608
0.0308587311345802 0.0368518847841339 -0.00263036564547716 0.283571966110055
0.0197687260561852 0.0143071100167187 0.115625775363418 0.207696531065338
0.00196415370482268 0.0123815421826716 0.192545003582081 0.18616205134806
-0.0226317655996462 0.00377578544086196 0.196834934988619 0.266332538903432
-0.0143566918806653 -0.0158082904607798 0.0210650617859177 0.376097849167825
0.00665430085124726 -0.026071203309076 -0.275547737298533 0.355026788851978
0.0800419957114566 -0.0397081643000347 -0.453705139449162 0.230708136492574
0.123677424419463 0.0692335785694646 -0.53567572729126 0.118432313236649
0.0514097346293465 0.208514044649797 -0.498439676289484 0.359954086632925
0.0225808760153246 0.268980126389384 -0.215174529365815 0.279468159577559
0.114703301297882 0.0688507966669182 0.237192334035131 -0.00505039771553667
0.0586873361128987 -0.0364207465739046 -0.000334532240667259 -0.386604399760046
0.00622903274931121 -0.0139532188066232 -0.417902244968997 -0.268486802311719
0.0363735455098536 -0.0296555315502666 -0.463031086991421 0.174176678737093
0.00956794195093089 -0.0510787032535646 -0.206482705884803 0.342605953350159
-0.00863562564840722 -0.0393375085255252 -0.00910627175976026 0.284735260348802
-0.0224450660053118 -0.0588046871016762 0.113619198727967 0.199314372754047
-0.0256954881336914 -0.0731463658719699 0.194741541986406 0.156360213518101
-0.00951230711196853 -0.116522812256554 0.230438666744266 0.221283869545954
0.079075627976491 -0.108803314208019 0.109058449779054 0.35323940808287
0.140930624648051 -0.012868256859251 -0.187979557643351 0.386675479188503
0.166483349577013 0.106951570339919 -0.403534078686053 0.290870565552435
0.0805590002093556 0.27450424062293 -0.484771693681962 0.157719024646929
-0.0876045216936865 0.38671471621181 -0.442792663954573 0.314945118317409
-0.128666899967965 0.396790519986986 -0.179996624234169 0.175811940788166
0.0797703969356046 0.253415053133385 0.275532933982223 -0.0178988677516398
0.156262375492605 0.100428202528244 0.0898751965544909 -0.445836910677119
0.141126505877359 -0.0224605246244705 -0.383076113103291 -0.360695923058688
0.11443336176329 -0.119408078914225 -0.481105096315482 0.0918396763703175
0.0198387833918218 -0.157049103644139 -0.242619718655457 0.296815377103374
-0.0435772978980255 -0.120072316039496 -0.0361055969497623 0.255260074362971
-0.0628188542652648 -0.122655931141272 0.094230445273994 0.164270624580297
-0.0552542844760617 -0.140379396577587 0.181621843735722 0.0982716326790546
-0.0168062613443565 -0.212961101371107 0.257195350603578 0.134738406629697
0.129154644898815 -0.209526820158987 0.221138768832219 0.278808763231274
0.24640441294317 -0.0611871061942682 -0.0400904870364978 0.399331086516746
0.288279473985598 0.17673914232774 -0.304764744298799 0.362745278641151
0.103130914848991 0.429233129488756 -0.421255672197519 0.200302872012696
-0.170026529307145 0.522694347968394 -0.348365274642942 0.231205659458788
-0.281173281830231 0.453893886227235 -0.0829188957289654 0.0365015534839406
-0.0108308135074921 0.41516212540667 0.33402235125635 -0.0452665378944412
0.203795473220247 0.267605176152956 0.217976019341437 -0.483901546255551
0.274324029545422 0.013397440343044 -0.282409250066787 -0.4590937949417
0.203546115670311 -0.180765468104222 -0.448067134279918 -0.0364909757575438
0.0438711674308454 -0.247358867210648 -0.271057682959856 0.199318856285246
-0.0667785819783917 -0.190373334854068 -0.0789308106529858 0.1927960941606
-0.0955431610673464 -0.167752745622374 0.058835215464646 0.10699936288623
-0.0812471435002856 -0.180231191271252 0.150222995995646 0.0243623323428376
-0.0321876929486935 -0.269674689747112 0.259484520738457 0.0277317556630954
0.138446230833878 -0.286992428309598 0.309417977834623 0.163346006536465
0.299079698378648 -0.132488423499994 0.117488197842364 0.358974308911951
0.387129059797228 0.1769006088912 -0.178717953633943 0.396225855194658
0.145977388007906 0.505233347963255 -0.35629107921228 0.222071306861485
-0.201630546163304 0.585618923920938 -0.247546860352584 0.112674046658837
-0.390059025490375 0.42374312893907 0.067115819484766 -0.113726832883407
-0.133635251838186 0.489732895650594 0.402227237737939 -0.079276015086631
0.172027878102117 0.400649617012632 0.356439511664955 -0.468923405322324
0.349499309465006 0.0851550956077175 -0.113669593515224 -0.514075458019551
0.270914055984201 -0.192262646102372 -0.350664573302579 -0.18337400460968
0.0724674359740799 -0.295181782472061 -0.275955885023577 0.0634042927319966
-0.0747505744336482 -0.232320394574582 -0.124735122759253 0.101167220965875
-0.114396419750498 -0.187029012417545 0.014056606265386 0.0344894326935807
-0.0986176309830068 -0.19248967506263 0.10553238061281 -0.0537555932566439
-0.0441351103362735 -0.284256545529784 0.237008939140498 -0.0755913287649848
0.129756168102543 -0.316612004124405 0.353625704948786 0.03750690606756
0.304932166686954 -0.173200456748601 0.238371076695121 0.281157040148243
0.412680332592704 0.157843605269168 -0.064410721508941 0.382780898949005
0.147071798531481 0.503185846119644 -0.296577426966968 0.213384699808199
-0.212762199936865 0.559263630184309 -0.149100398278997 -0.0197772206256738
-0.41345716425261 0.318582626268136 0.234913613396905 -0.244148126498958
-0.233330384158365 0.442347995761512 0.464602110427824 -0.107112289519858
0.0817373642115283 0.430095525901679 0.45824934124968 -0.398521535122904
0.327904167250713 0.143655934274511 0.070356760032879 -0.495710165162911
0.279818214117415 -0.155080283742235 -0.209369859400367 -0.30227325177102
0.090243536872601 -0.283752212063762 -0.251973514268184 -0.0800127534488052
-0.0683341832403856 -0.233805961114604 -0.163396659235421 -0.00289529733997009
-0.114613850465688 -0.178884146118362 -0.0303838096687016 -0.0412244690436256
-0.102987882181029 -0.179595520747402 0.05806468600456 -0.12599919734569
-0.0445800819629608 -0.26326767280036 0.204672696315329 -0.162482964568133
0.119112413238545 -0.295517885322402 0.363828823955425 -0.0664961084884024
0.285119953980915 -0.163091839248597 0.309363875642461 0.20312771037296
0.367977406582205 0.158246582196238 0.0149466441149413 0.345062351577339
0.0894547949877612 0.451313447815011 -0.245104946343179 0.185450921181351
-0.223765156530957 0.45137070997733 -0.0550661524942198 -0.138128412234047
-0.341905882029309 0.165325332563278 0.374028151334818 -0.335198950347764
-0.256507752951399 0.297706516558956 0.505858559219773 -0.118236863469246
-0.00518196919066714 0.341173025575895 0.506052866778994 -0.306283933486942
0.232754245958056 0.146432820443524 0.212066918094348 -0.433335065743707
0.221433274625344 -0.0988142439907402 -0.0757639761939204 -0.372308342743664
0.0841036908459797 -0.220887899107019 -0.216496007885699 -0.197944249238621
-0.0517037019894431 -0.192166736161342 -0.191042182849246 -0.0971410199912494
-0.096889870905758 -0.144717211959752 -0.0688008223605421 -0.108655654765647
-0.0935635365659982 -0.146658955948366 0.0186388942024981 -0.188357633641731
-0.0378897079170872 -0.215793951819349 0.177951502283752 -0.227229032611716
0.106991824682378 -0.240730233333507 0.362894018409101 -0.136607161103831
0.250654411520236 -0.118218418089905 0.346809613226924 0.153779618850167
0.277772226120548 0.171690735281953 0.0611499500812877 0.309471856518234
0.000857693662833435 0.365001821480832 -0.199361134114027 0.153381269793682
-0.226665821553193 0.287407431235985 0.035790137289873 -0.222556555782324
-0.202368485530823 -0.00805345036155387 0.445928663896901 -0.376163843545392
-0.199965751837673 0.113126640629475 0.50972990000204 -0.118187098051458
-0.0495125447124936 0.182511937758904 0.506656035621096 -0.23721820447386
0.108412457497544 0.0958631256678786 0.284791059643783 -0.379539099813174
0.119881014517165 -0.0424631258728414 -0.000904191099554479 -0.402180187328705
0.0580611607123969 -0.123772425927533 -0.191445406171587 -0.26824639638848
-0.0285166810132879 -0.118177464890526 -0.206964239224147 -0.160706508647891
-0.0639802772139531 -0.089527285827942 -0.0950578553537512 -0.15719079849739
-0.0707551201830094 -0.0986391167153445 -0.00547589015712326 -0.233964477207357
-0.0284043098054084 -0.148475342962721 0.166518003258223 -0.27127715739688
0.0855903881489685 -0.164842211863059 0.363589139344729 -0.176048710874656
0.19962203994414 -0.062399702305082 0.368523087583763 0.135535214753437
0.166508107072104 0.17676092627652 0.0842238661194214 0.29329587653028
-0.086434963476667 0.247066570690048 -0.162748785455669 0.12949191083811
-0.207101436356161 0.0931135942136855 0.118940013075512 -0.259190053509984
0.14374595546733 0.0814922611066149 -0.154515914357766 0.346369976394609
0.0858700623079099 -0.100437404603352 0.223917397139165 -0.0242585404032404
-0.0593625853352445 -0.108642129894889 -0.0710558097089783 -0.322904700298271
-0.0884981232819444 0.0326306430885881 -0.416438416503557 -0.171025843122781
-0.012731995362163 0.0600626981381173 -0.393821148267688 0.23546118495917
0.0139730032072532 0.0454772297073042 -0.136971864094742 0.349479372959019
0.0339829655842009 0.0315927554763601 0.0216257893375628 0.274633575651386
0.0199585285296183 0.0108149640038421 0.127992361284674 0.18953495362825
0.00201605462494405 0.0106348034058835 0.200697477791401 0.159960505046443
-0.0216699779562153 0.00504912968260965 0.211946878218224 0.235816219528913
-0.0147497383789039 -0.013173674904464 0.0539467159887154 0.360018621569994
0.00565878898407675 -0.0258911666185905 -0.233952862574352 0.369614055381636
0.0723669163369522 -0.0446060313918143 -0.414991495047277 0.261508804139375
0.122160094747714 0.0549388066150166 -0.506731831667397 0.158779289146269
0.0682139389962064 0.194877465439089 -0.448024270870262 0.388998937581016
0.0476127311675092 0.255292517533602 -0.180396150223161 0.29309387159909
0.116902059930026 0.0548677684749762 0.231102232943188 -0.0227796175508071
0.0525275356345826 -0.0392519409789162 -0.0319320448248913 -0.372187415224751
0.00637660153426882 -0.0121188699227319 -0.425881464939886 -0.224201747927387
0.032888377233247 -0.0327926843114513 -0.427745941399162 0.207832781519442
0.00371767698377463 -0.0493532583323911 -0.165428954604913 0.348366217005337
-0.0110912538580149 -0.0374124347187566 0.0155846839212862 0.275115856850268
-0.027193588464561 -0.0547652064052918 0.125447162874645 0.180818401463291
-0.0325754151648751 -0.0691258225046407 0.198463568678627 0.131187648114961
-0.021260062071304 -0.11141333433962 0.240406150913216 0.18883327986552
0.0654634597799427 -0.111326597676356 0.137973744647659 0.328221222674848
0.136237672957518 -0.0249720211311211 -0.147026043140148 0.391464407799154
0.168733075619688 0.0880452021417231 -0.361595422649736 0.316787968114281
0.100986691258559 0.254813564364036 -0.4553153841535 0.19263138713801
-0.0490271364372804 0.380816386585227 -0.398369024557978 0.343623575687028
-0.0841318487550805 0.393193438029453 -0.156861970519744 0.189986791882341
0.100082521540084 0.235162214422318 0.265390138764815 -0.0362949401723452
0.158422316897893 0.0822346582513837 0.0485570029951745 -0.43803235560454
0.134221800782733 -0.0334027542184041 -0.401140509803912 -0.314311871099898
0.09865735740163 -0.125918907879395 -0.452333027256869 0.131488153110519
0.00306442835079297 -0.152191744630623 -0.204746120834412 0.306890821581986
-0.0518371638794146 -0.110841453391296 -0.012965851381247 0.248583456176822
-0.0715298454059635 -0.111956680775238 0.102985178061991 0.148649658211675
-0.0669726844892008 -0.13033851941971 0.180249223079179 0.0765533002742498
-0.0368377268996074 -0.203189846172944 0.257698205846952 0.102819677605088
0.103005964328157 -0.213162305468089 0.237627269229013 0.244852613419387
0.231780457600631 -0.0804937996385852 -0.00349161689707156 0.390142709626322
0.292205773087856 0.143037360230646 -0.261812186430109 0.377213052660294
0.138997976161961 0.402306438553133 -0.390548937352872 0.229138418354218
-0.114862663896649 0.519145654917361 -0.316427020187559 0.25481087980297
-0.225851013340643 0.461644004573259 -0.0761277312598327 0.0472431553617302
0.0274335992687239 0.39831576713387 0.319090066440902 -0.0671270977244393
0.219237470658744 0.238200406598038 0.169389512073563 -0.48573134705207
0.265711272970388 -0.0103370794250544 -0.311868254637991 -0.418619498754357
0.177810881424533 -0.193498019191206 -0.434098449180147 0.0027836388982162
0.0173187586506626 -0.242254665113906 -0.242130692762828 0.216073748264014
-0.0813254889855885 -0.175307247557987 -0.0577000230822295 0.191921005396569
-0.106662191036229 -0.151315420188575 0.0634140947195074 0.0961792392864233
-0.0955370273962335 -0.166053917863991 0.143147715356752 0.0079975318274993
-0.0576868359887732 -0.256691139478115 0.249868266376233 0.000277001348128277
0.104242630166199 -0.289272610271123 0.312074297563234 0.123104251954265
0.275112384005468 -0.153834160420921 0.144002026419899 0.336738319133732
0.386120141900012 0.134488862706322 -0.137513531031734 0.400351102618203
0.185914682294259 0.470704821703289 -0.325052344582509 0.246320741450835
-0.140335883626507 0.580935238296616 -0.228301140350006 0.13239640080211
-0.334787193248648 0.443599863954866 0.053978409143543 -0.110659715965043
-0.0831102777251768 0.481031230716411 0.380248609793838 -0.105663834021394
0.200134789771406 0.369019183042194 0.301945579539135 -0.482745013846101
0.34373089559418 0.0501809581621575 -0.153480460044184 -0.488343545934514
0.241952658434485 -0.209152212786706 -0.354599127113569 -0.147435379008886
0.0394191422335228 -0.290301949251416 -0.258512169823032 0.0859047570217338
-0.0930853748264538 -0.215180127065553 -0.109903115274976 0.108277197921209
-0.125947830063058 -0.167641513831662 0.0149196982649774 0.0308917724997417
-0.112798855813119 -0.175517903815096 0.0937429095638358 -0.0625600906249855
-0.069656497075104 -0.269088024742944 0.219096281097058 -0.0969341605706605
0.0928150735014571 -0.316380966630577 0.342943190345416 -0.0025622845895156
0.276793940045254 -0.193679928968497 0.252715091401499 0.250226549083794
0.40934097424436 0.113111591549325 -0.0290088738471408 0.378515038652661
0.187888047536993 0.469002799675754 -0.268471624415081 0.234081572803213
-0.154044306607492 0.557523389593807 -0.144498586785584 -0.00352817929352597
-0.366030053326971 0.344635217218434 0.202613003627456 -0.251930541109005
-0.183384592769239 0.44584547489945 0.437277690885079 -0.139410212615525
0.114276245797014 0.405612964438593 0.406043443618721 -0.422963912661583
0.328148326132169 0.108879194138373 0.0246240726801129 -0.48743487740542
0.253663929464953 -0.174636018890499 -0.229367164093099 -0.274999285488066
0.0579958788763469 -0.281033173582092 -0.250877516770734 -0.0548735474533913
-0.0874260951382706 -0.217162625306293 -0.156628997282719 0.0124395504345217
-0.124855323137629 -0.159424343394888 -0.0345973551524071 -0.037020931406783
-0.115122602920419 -0.162227038138179 0.0421838166837213 -0.127353085644816
-0.0679641232028153 -0.248427879271983 0.180427821746649 -0.176227788585597
0.0849142931718893 -0.295888847289829 0.342716225082006 -0.10265649784144
0.258148786776352 -0.182688032629589 0.314311705588763 0.169576206464522
0.365271344233423 0.117360770653204 0.043541533917247 0.334380366242166
0.129424107510364 0.424012160892558 -0.221251221736758 0.203419908237084
-0.173493802025197 0.453444628653064 -0.0650595124783053 -0.126440724707377
-0.312135855742135 0.19009566402338 0.329848881780192 -0.352089765182927
-0.218510582554598 0.308967349775156 0.475534698483512 -0.153669752375874
0.0244856966392967 0.328120822303366 0.457147451233913 -0.338275532021189
0.236726870992199 0.120130506602255 0.167105381103064 -0.438547915831856
0.202811404687038 -0.11539130459797 -0.10896186117479 -0.353727531662495
0.0577402619219229 -0.220262187940593 -0.227679935827476 -0.171138959087905
-0.0680315435315424 -0.178706834368595 -0.192632357145243 -0.0751356279554961
-0.103915592472055 -0.128223590996403 -0.0769824459015009 -0.0984229127188861
-0.102155025211609 -0.130490409573904 -0.000792640829072847 -0.182730723789038
-0.056518806747385 -0.203524331748352 0.149342675862636 -0.236028984289959
0.0786769113081211 -0.241856656156252 0.334853242453523 -0.168635428602762
0.229676090237604 -0.136096366831054 0.345874869357282 0.117160896613003
0.279517569516828 0.139499557562238 0.0852677771962097 0.295230183458705
0.0348224873064672 0.348307484375732 -0.179057635169304 0.168092301906733
-0.190762781387802 0.295528529336733 0.0136798114132218 -0.21556133133
-0.193304868250619 0.0116481097709997 0.395033379350034 -0.399895140401086
-0.181163127312047 0.126397062726924 0.480182888726805 -0.1576139346066
-0.0314758685321369 0.179693081527712 0.465608605792261 -0.2720429163745
0.113181963369366 0.0826467546751361 0.242666556771029 -0.392487752336669
0.110197890689837 -0.0516500748890018 -0.040167905059358 -0.388763924704306
0.0417873583956468 -0.124708911374867 -0.20970519558242 -0.241047413982216
-0.0381233141438276 -0.110378772075016 -0.213747886810127 -0.1345011046435
-0.0681446446763013 -0.079110230069792 -0.106036008596859 -0.142682539592813
-0.0761919049394579 -0.0853738140114355 -0.0274804158577156 -0.224749793835315
-0.0411437022202359 -0.138653545985036 0.134942521759867 -0.277247509791254
0.0660059959212066 -0.166975385390745 0.333956703973802 -0.20602081484093
0.18574253764594 -0.0772446920001894 0.366310105037778 0.0971122072957222
0.173927916903902 0.154217925606707 0.105964394883398 0.276361726885213
-0.0596302869459497 0.244205453138559 -0.145332316563403 0.14108833984764
-0.190189738215076 0.10681088197149 0.0901267880530075 -0.259473619110351
0.139388236410699 0.0672267370843132 -0.125795240348637 0.336513325927635
0.0754964690412139 -0.0988214664320922 0.213467270153123 -0.0328996757030047
-0.0607596401499125 -0.0982512938630784 -0.0788491511853836 -0.302359752383269
-0.0793615186758195 0.0351946247152319 -0.402237675527628 -0.141794375560359
-0.00805359757938198 0.0564122979484649 -0.356573619621805 0.241305405125467
0.0154151941079891 0.04243188695997 -0.11090824018385 0.335868683962584
0.0341692743237568 0.0262865019036027 0.0333330683722198 0.259061820564577
0.0193362264736286 0.0085219529982175 0.128492152426947 0.172549417361593
0.0012473919036865 0.00925433162232045 0.194494372868479 0.140938702389412
-0.0203570435165446 0.00513945444005432 0.209600789768665 0.209349971664793
-0.0135974452331955 -0.0115395153964009 0.0677519780303577 0.336100620483947
0.00566476935027896 -0.0253145693292444 -0.202778494980088 0.360051753136411
0.0646542749653998 -0.044649420849307 -0.376500340540172 0.262243466177448
0.114836372463068 0.0458981945871976 -0.471884704199202 0.169597762504729
0.0731985433384145 0.179543340313632 -0.401203432977443 0.385776002626358
0.0593304776783218 0.235202232241435 -0.15356834811178 0.287801893687859
0.111563893043209 0.0445258044325379 0.219162762878782 -0.0290470616525426
0.0467416081621916 -0.038959941218902 -0.0454264012276237 -0.349911905087019
0.00693845983081423 -0.0111237321324584 -0.413541562586898 -0.192860883460847
0.0290488708293674 -0.0331987667565436 -0.390386403260744 0.215385628860204
0.000398921708947181 -0.045959683133839 -0.137165985183012 0.334407914649964
-0.0113576761510961 -0.0355063640708675 0.0259984484176122 0.25837729191133
-0.028279024218485 -0.0504277919464052 0.12418805707769 0.163861374921837
-0.0352023234886722 -0.0638788465602299 0.190164617295115 0.113457385269059
-0.0264217636262148 -0.103742698910019 0.232911324515886 0.163228616114177
0.0559173863718881 -0.10806110076401 0.144077753951381 0.299956852193541
0.127597283189864 -0.0298271545906361 -0.119731654652029 0.377753736938357
0.161887012707706 0.0742217403523267 -0.324932442799228 0.313657760750173
0.105317302032604 0.23354501257405 -0.421865704083084 0.200252151403752
-0.0284149140521997 0.359046264517292 -0.355174751478848 0.339900620910202
-0.0573960648299227 0.371370022584772 -0.137051476475587 0.190335311193587
0.104906801498519 0.21364501337778 0.250894153152017 -0.0419998311968203
0.151424665691151 0.0697244184255117 0.027681921245684 -0.415128593647991
0.125078009398732 -0.0366747032256898 -0.392891375082009 -0.279226946832706
0.0859456120919675 -0.123903500725968 -0.41737437159261 0.14438213206315
-0.00584983173935917 -0.142367322686392 -0.176939701605315 0.297986367038038
-0.0536943946729934 -0.101633867802626 -0.00114864995132118 0.233896294919933
-0.0722670551288146 -0.101342515623652 0.101864633250644 0.134004533612728
-0.0703798995739172 -0.119652854455509 0.169660436761369 0.0624034156334168
-0.0461894777282007 -0.188868086468322 0.244818325346741 0.0810462670859502
0.0843924289270509 -0.205596842404215 0.234794395753314 0.2146649513149
0.214137168368575 -0.0866306340665869 0.0146170150670384 0.37007899446815
0.27985066284149 0.119245621650044 -0.229144823742492 0.368131332746553
0.1476045662489 0.370429032915775 -0.359805038369805 0.233030747872947
-0.0837599420036634 0.493897775953619 -0.284128446198638 0.254494398321153
-0.186943114242641 0.442612443598294 -0.0687796396586496 0.053056384348429
0.0462021305526444 0.37046699343175 0.298276069150691 -0.0720417673934556
0.215495569867064 0.213022888697328 0.138335776824164 -0.465105475120134
0.248736196468026 -0.0217176608502302 -0.311912735291731 -0.381640712910586
0.156558073265961 -0.191013686824304 -0.408201131921179 0.0226920666273156
0.00163307426217519 -0.227127643355277 -0.2160062124746 0.214599513553366
-0.0847696045731419 -0.160133743768151 -0.0454210452418923 0.181653183120976
-0.106340005215781 -0.136006672093458 0.0626191825596477 0.0861159542116646
-0.0986706092564796 -0.150782424016104 0.130755565405964 0.000205123221551405
-0.0688845993561734 -0.237679763425978 0.232291847890107 -0.0144805284164733
0.0802900228719826 -0.275920025276014 0.298544472710485 0.0954609922980716
0.25130176211415 -0.158227490300749 0.150568232335612 0.311999019189681
0.366993768216823 0.106039687444947 -0.111525260829306 0.385170414225873
0.197677240309131 0.430995347475658 -0.296118573127101 0.24815992811578
-0.103631096021389 0.552848208907721 -0.207382653710982 0.136309727047206
-0.288652044918541 0.432358801778454 0.0449192286316303 -0.102002068861213
-0.0546923309448779 0.455038428206385 0.352533231809171 -0.111189528666889
0.204648035381725 0.336551088572109 0.263449318166286 -0.467855445843634
0.325457779982579 0.0311860206791803 -0.16684999026003 -0.454515438391038
0.215258766635454 -0.209239925079187 -0.341210696744571 -0.122993749129133
0.0194700709820907 -0.273604178231522 -0.239725310975998 0.09276405759375
-0.098295736461779 -0.196055131449687 -0.0977647160538473 0.106398825995079
-0.124530839646801 -0.149892406553004 0.01401438103115 0.0282112847984729
-0.114747751027323 -0.158579314721553 0.0809799943361298 -0.063067890901418
-0.0806064006993244 -0.249155441874237 0.198886216408822 -0.103750006464147
0.0680024085778578 -0.302425725052123 0.320503677920651 -0.024984504557696
0.250288393331618 -0.195397928784802 0.248840235230623 0.224291372666114
0.387747925909083 0.0850250010075219 -0.0103958382108084 0.359015344003176
0.20069716678843 0.429275769542814 -0.243354440508784 0.235116343495284
-0.117944396232275 0.531607323766472 -0.134760595136851 0.00486206397225661
-0.32478918822527 0.339629214708154 0.178173716384469 -0.242065430750059
-0.149621440754295 0.427207624788476 0.403800461464411 -0.145720433138345
0.125687255261091 0.375111565238892 0.361133079602368 -0.416252409275347
0.314148773923558 0.08641654679166 0.00195142617693062 -0.461650662347891
0.228841533028561 -0.176964604489564 -0.231282859516724 -0.249053294124814
0.0371395179834819 -0.266322843651643 -0.238817309510899 -0.0391825678164836
-0.0934423509217992 -0.198398690137256 -0.14602015223043 0.0194214583736367
-0.12285539193923 -0.142603922785039 -0.0349327946437666 -0.0337714471900169
-0.115632195009275 -0.14491276432578 0.0303553922094829 -0.121729638155822
-0.0768824927738235 -0.229558482618172 0.158436528423077 -0.175852410984996
0.0618616902208888 -0.282329830952278 0.31579202578115 -0.118623012782318
0.233039036682577 -0.182612958615997 0.302556701685479 0.145154117453715
0.345657712079067 0.0912833610280182 0.0559114388948447 0.315890425281387
0.144041678571851 0.390225359049529 -0.199573666164393 0.204828535156941
-0.140697394339715 0.433466472777695 -0.0666304084390248 -0.114386208431775
-0.28162809390364 0.193001067260306 0.292093782184554 -0.343099374536577
-0.187733177409781 0.301161015510189 0.43972103802775 -0.163539949301585
0.0370040945237127 0.306647853439745 0.413888235795304 -0.338431266285057
0.228613766609404 0.101189741276752 0.138541668764278 -0.421434506835257
0.184344983330223 -0.117673265444941 -0.121519447810996 -0.328423871578392
0.0397369795021471 -0.209315755433766 -0.224166285466838 -0.149472040196197
-0.0725098471346374 -0.163708985906 -0.183872951857283 -0.06052103432835
-0.101779799602708 -0.11402889224771 -0.0773062355581939 -0.0884284932378549
-0.101319350024093 -0.115666003329763 -0.0119735311041315 -0.171662250342343
-0.0633359021723314 -0.187484677069553 0.12776941809219 -0.230353917734638
0.0600114755241744 -0.230997267593407 0.30561904142622 -0.179497153715719
0.208501561183784 -0.137866610369646 0.330365105097349 0.0942503260870691
0.266579263139748 0.117457509287988 0.0930230217374947 0.27588325463843
0.0505698244368763 0.324721031410915 -0.160627283704925 0.168962952884614
-0.16510905265256 0.285348333643793 0.00287919166951421 -0.202756582674066
-0.178442499789818 0.019962954115429 0.351463638621179 -0.392666628624797
-0.161871707990334 0.128073961784056 0.443873107686498 -0.167581819889123
-0.0222548093002556 0.169608803662411 0.423664759314503 -0.276309512686439
0.11038462678256 0.0723514912266492 0.210766168702797 -0.380775603406063
0.100779922489363 -0.0532964534682982 -0.0581019857430298 -0.364671166596487
0.0299010973596446 -0.119063559740046 -0.210833527453259 -0.216157136198662
-0.0415488165577979 -0.100866885585705 -0.206826910257637 -0.115351549367913
-0.0661393789605378 -0.0694303727376703 -0.106058736354882 -0.128901867020768
-0.0738835422161119 -0.0743440704317899 -0.0379211751282745 -0.209354608207991
-0.0455354768313428 -0.126854112764619 0.11230074204199 -0.268092310853401
0.0524900355438129 -0.159645724346216 0.302068793383539 -0.212698490634185
0.170714527556285 -0.0815835938284996 0.348369986880129 0.0745373155929408
0.168400239365407 0.136252879597568 0.111382714982689 0.256516960617945
-0.0426924232841056 0.230820446313409 -0.130169760778574 0.141375417877485
-0.173546128043734 0.10796255384998 0.0707810766964627 -0.248210726850471
0.133658436847903 0.0610823322227752 -0.114061181162092 0.324929148631726
0.0700390324706472 -0.0955761340884238 0.208035975116937 -0.0321652959696169
-0.0583954262913003 -0.0917326754690672 -0.0758057454106038 -0.289304393912977
-0.0735274719804428 0.0336457434187489 -0.387862845263701 -0.133549200314214
-0.00646327252959762 0.0530611538635081 -0.338586810747852 0.231909334728806
0.0151499159906117 0.0417245930948439 -0.101947475110655 0.32111995698775
0.0330400313085735 0.0236042486037789 0.0335111053834078 0.248735008406909
0.0178040419544424 0.007709727758028 0.123566290303994 0.164982154670755
0.000337460460208473 0.00826117123833991 0.186306304510188 0.133592833284027
-0.0197136178914591 0.00455642198053898 0.201374617235395 0.197115481293836
-0.0121990793712476 -0.011362074981893 0.0665957338221158 0.320838395934755
0.00605270222739458 -0.0245239369582141 -0.191680696636836 0.346603242824499
0.0604278123192849 -0.0418107984038365 -0.357816037121775 0.250367130788748
0.106992601703626 0.0430194508532436 -0.451419572220903 0.161679541872946
0.0708871925949027 0.170448023177336 -0.381684422078798 0.368393106875005
0.0594234637103653 0.222474682933704 -0.140644121573619 0.280049828823287
0.106094398716547 0.0403438126101936 0.213969356669248 -0.0268468389673108
0.0441251248835106 -0.0369174168718315 -0.0436204580632155 -0.334882504109438
0.00790704201816273 -0.010420325568119 -0.396498236028736 -0.18208693566523
0.0277467396547517 -0.0327928294507858 -0.370658095347508 0.207918454189475
-0.000275901039075937 -0.0431892592053564 -0.127871416562894 0.320633934356214
-0.011098839329672 -0.0350139562001468 0.0266481589627746 0.247425855145583
-0.0273066785256432 -0.0487921295580339 0.118490900395813 0.15620849753372
-0.0351077495497832 -0.0612790783029315 0.180978123674984 0.106327646619584
-0.0272379968552322 -0.0988780853732271 0.223002325989063 0.152345981243714
0.0519734338458144 -0.103373902619552 0.13990380806751 0.283139642180446
0.122497895362072 -0.0301318707067687 -0.112289714101245 0.364366785305733
0.15346476344186 0.0702424067731477 -0.307897511700725 0.300510610434109
0.0997569999130014 0.221865399576417 -0.403668860261831 0.191970456453467
-0.0247216253106801 0.342431086866548 -0.337210833494782 0.32578591103091
-0.050496515953985 0.353121418633549 -0.126880966004117 0.187457498319343
0.100977811292334 0.201368042831724 0.242484127967418 -0.0379217220785746
0.1439290830644 0.0657091661989468 0.0258547744094934 -0.398747619258602
0.119985381589627 -0.035321357034079 -0.378248327908058 -0.26560686445779
0.0806658791336702 -0.119816600435344 -0.395497563451033 0.139729410756293
-0.00816222200671608 -0.135444981392074 -0.166098878547011 0.285137550785248
-0.0519276777619366 -0.0966773889052475 -4.04447392905891E-05 0.222781901097092
-0.0691648302007982 -0.0965780777937791 0.0968800954871067 0.127344751887454
-0.0692172077167435 -0.11398367429545 0.159707023303043 0.0590201386889068
-0.0478184093827611 -0.18020980800271 0.232490894464349 0.0738367901913355
0.07777392232143 -0.196628894579339 0.224473161840576 0.199401934293407
0.204663055138417 -0.0847720717743205 0.0155859874236017 0.355185962541872
0.266679828459591 0.111768502404734 -0.217917535475779 0.353787639326475
0.143274592398806 0.351314005890866 -0.344887986662404 0.22535094753233
-0.0775008685472031 0.472384981827862 -0.267795191412654 0.244877508564579
-0.173607227088961 0.421741996750555 -0.0631834704463958 0.0561846468345957
0.0453553471383523 0.352112815251588 0.28802040012295 -0.065353421592495
0.206216130272828 0.201764622079773 0.13174810253404 -0.446012941332991
0.238733510573052 -0.0230226619797898 -0.301373822930451 -0.366375293856996
0.146207150678378 -0.184582458840065 -0.389595495701913 0.023744281966069
-0.00287340140216726 -0.215848553552179 -0.204282815678458 0.205596329964433
-0.0822236391353737 -0.152659340657498 -0.0425681346447598 0.173778193024568
-0.10138109016416 -0.128845553244717 0.0590352697636942 0.0821481584250737
-0.0960314599101388 -0.143618646909314 0.121743060780412 -0.00051792268901887
-0.0694899415239561 -0.226424408363053 0.219260324728805 -0.0173109014665008
0.0722850184800417 -0.264112015993898 0.28419868157223 0.0842908008454645
0.238517199373677 -0.152577731484531 0.145755501774462 0.299640898342685
0.349454345445036 0.0977724497082307 -0.105393139795409 0.371893067187463
0.191155930396647 0.408670011468028 -0.28348716880729 0.240932699390848
-0.0959128179933587 0.53027508204968 -0.195440781071059 0.132603647429437
-0.27105779908933 0.412662584098313 0.0430320233451686 -0.0927219375451068
-0.0478485173112061 0.43386660316109 0.337440786192768 -0.101525506934292
0.195703463513492 0.320998454506771 0.248589552368235 -0.447768641231567
0.311589808439886 0.027288539616327 -0.161784336863851 -0.43399322768831
0.202823613122782 -0.202088685760856 -0.327490744742532 -0.116794940204251
0.012723058182985 -0.26073608457811 -0.228511359675034 0.0901674614317493
-0.0959097085899247 -0.185533845771778 -0.0916794703052598 0.101425617649523
-0.118639705804383 -0.141460791446261 0.0126648195460269 0.0267829049304232
-0.110491522463701 -0.149532729831229 0.0741114479501085 -0.0606522280849024
-0.0809920705386298 -0.237619325814495 0.186668422799833 -0.1019159999227
0.0599280148219275 -0.287993617485149 0.303542642157397 -0.0310572697403607
0.236189675546898 -0.188128424069671 0.239150204451657 0.214906624922764
0.368316009638218 0.0782043535855006 -0.00846667233251464 0.346998928988538
0.196310696570587 0.407063164957001 -0.231337145970754 0.228938545731703
-0.108442158867619 0.509252248954522 -0.127536588401289 0.00613260577110482
-0.306108308037949 0.32565645622592 0.168932419838716 -0.227748227495213
-0.139971781799894 0.406657647499117 0.385559168648187 -0.134879693811109
0.120900376842216 0.358320570275612 0.342877552589727 -0.398686927329006
0.301318114251245 0.0793497470755361 -0.00073182890115077 -0.44187306612753
0.216389606216177 -0.171928804087105 -0.224174299996101 -0.237705960574511
0.0287432134546319 -0.253887138211149 -0.230453662796136 -0.0347230227730595
-0.0912478767446281 -0.188140324458017 -0.13941469232888 0.0185151040848604
-0.116876529563408 -0.134245585511203 -0.0347141957602663 -0.0313848834079062
-0.110476192417586 -0.135839081699759 0.02572099383006 -0.115608601193313
-0.0763438303530461 -0.218285110157694 0.148366277494246 -0.170527004855794
0.0544867744496034 -0.269108180323517 0.298416964035173 -0.11980941962389
0.220039136331925 -0.176876808651559 0.290463358025052 0.137549011405205
0.327664834436262 0.0844479657257566 0.0549834762860325 0.304223650537003
0.139982760282284 0.370453467039371 -0.188593074060481 0.199833804609946
-0.132372701211701 0.415089090388526 -0.0641355894044177 -0.10890364203202
-0.265878317852783 0.185335211854539 0.277038236668115 -0.326965439848898
-0.177194089407332 0.288448273132791 0.417864790721388 -0.153971288091545
0.0361951471256282 0.293264535278224 0.391970699253744 -0.323118949126351
0.219491579696656 0.0942701441225303 0.12999280798004 -0.404101662302125
0.174412024011756 -0.114824980540985 -0.120797386916745 -0.314128287589429
0.0327361777245793 -0.199930914739522 -0.217163272096285 -0.1404887340364
-0.0712574845347179 -0.155278965052161 -0.176022056917773 -0.0559684750230457
-0.0961153358198728 -0.107079520849495 -0.0755244062463038 -0.0844041877376524
-0.0959885001636112 -0.107443439719673 -0.0142572920162132 -0.162948017953062
-0.0628905258207827 -0.178042977782254 0.118549152119378 -0.222259826166765
0.0530558620926872 -0.220946621083202 0.288453716540763 -0.177755918970603
0.197609334446181 -0.133256123065534 0.315802242532116 0.0879103242628786
0.252558928005202 0.110339791503015 0.0896082480982409 0.265830946304794
0.051500904059569 0.307991629092847 -0.151248315586285 0.165032422172833
-0.155905460751715 0.273293820018588 0.000585810249924307 -0.193594754665601
-0.168262997514398 0.0207130370679725 0.333267078418414 -0.376391677763487
-0.151325702053828 0.12334599370433 0.421602979240892 -0.159653336468603
-0.0207057027692613 0.162526586755784 0.402444154340856 -0.265970026379839
0.106426340050483 0.0680084634951008 0.199011405506497 -0.367650122952481
0.0958090326680605 -0.0515301976357385 -0.0600770755538858 -0.348300325319929
0.0249273644808463 -0.113297681843711 -0.205957364861629 -0.204325691780358
-0.0411803835784282 -0.095970167690781 -0.198741080971748 -0.107551416460655
-0.0611805401405275 -0.0653512783686537 -0.102896183007726 -0.122742380177798
-0.069058289554625 -0.0683940923178534 -0.0392367745143201 -0.198810151893745
-0.0447917445939929 -0.120329201921683 0.104757276623769 -0.258084290759597
0.0470547715946784 -0.152847348607197 0.285499126221575 -0.208161780153504
0.161414627049089 -0.0795184648253527 0.332995637222984 0.068864882804312
0.160640702867025 0.129374686226499 0.106294360467997 0.247086963098443
-0.0386446154307469 0.219218574853379 -0.122632788002142 0.137270508812543
-0.165424798584211 0.103961320866525 0.0642181086445376 -0.237346374122082
0.122697205084022 0.0745072563862344 -0.158593317999507 0.314469933225328
0.0813255418924892 -0.0829221681183419 0.216123318172831 0.00349988001830126
-0.0423874763829925 -0.0962134096431477 -0.0278582895249871 -0.296058696113126
-0.0738844296748837 0.0192804541503317 -0.360272165262465 -0.183331778864495
-0.01622825976078 0.0475202796502535 -0.359993246686151 0.180096164060279
0.0108164528232466 0.0426136679437227 -0.144683390785089 0.30095108092924
0.0297745370919098 0.0275047313667333 0.000249954888044261 0.250715210399608
0.0172016557431339 0.00946735614023444 0.0956066010679137 0.180095167438545
0.000711910164842311 0.00729905832180293 0.162832823422064 0.15919513478977
-0.0174621180394013 0.000909339838401507 0.166315395994794 0.221853820224243
-0.00552532406190962 -0.0106098632604133 0.0156793782841299 0.326895704213459
0.0148212158699328 -0.0194446833000196 -0.244190688525714 0.313783546076202
0.0641811411337587 -0.0219143041959318 -0.391890332059194 0.185854132444514
0.0946019469421184 0.0654688493636115 -0.470353701945058 0.0821775840188949
0.0452970304560741 0.182213232675519 -0.438280771054071 0.298368110426064
0.0310386606445209 0.221857089682997 -0.187650540247449 0.257082178900747
0.0961908957847324 0.0539512702193421 0.214727885213398 0.00792316514748717
0.048926800640923 -0.0286069280010126 0.00396929804176105 -0.334235082169779
0.0118837888545228 -0.00999705492741491 -0.364924923159856 -0.228372992919545
0.0300639420821706 -0.0298579527989948 -0.389341641146572 0.155046749379733
0.00756927007410309 -0.0419249545680874 -0.168159905327385 0.29958946401371
-0.00427739869709448 -0.0363099158171957 -0.00621268488415261 0.248671846532648
-0.0179971039742437 -0.0522888967670184 0.0916722017837732 0.17048356900379
-0.023386925268007 -0.0656453866083427 0.159898917549909 0.133000187873459
-0.0104889225362128 -0.100473600169849 0.192307421956624 0.181531024962408
0.0692795260889534 -0.0913019852329698 0.0912499180632894 0.297402764251352
0.130149184985223 -0.00696292831154098 -0.169703852612635 0.343507973678778
0.138959461848124 0.100234305443461 -0.349835234932826 0.241251118634573
0.0602305912106249 0.236158560535297 -0.424962984819491 0.118978598163564
-0.0760790159445577 0.33451920608671 -0.384061147868979 0.264986131074533
-0.0922075751730945 0.336519095431476 -0.167179189726124 0.156441801352014
0.0684627243412881 0.210164281169645 0.237647596021558 -0.00160846699800914
0.130566995677757 0.0859686845245395 0.0721911922705866 -0.385536213971248
0.124092544740002 -0.0159190194153071 -0.33720534618718 -0.304484540918362
0.0945618319757172 -0.105315809932154 -0.407539744350174 0.0903801977936209
0.0126923184182888 -0.132577471117961 -0.198168167390818 0.262512951728196
-0.0353513011507741 -0.102978368245014 -0.0282641464369805 0.222603908270723
-0.0518359630868971 -0.104523503382577 0.0745172905676016 0.138497684307102
-0.0489756919290416 -0.121397317291074 0.144490853838147 0.0819445287598109
-0.0188926154517404 -0.182182095748382 0.211637146977966 0.106083712078759
0.106582089277155 -0.178446923414759 0.185574800566305 0.227484649622268
0.218108286895665 -0.0493213558925977 -0.043169642922726 0.35412284278642
0.243503324876304 0.155922906448867 -0.26938482243032 0.309208153998097
0.0840413780874209 0.366228978921715 -0.368282687248709 0.159917389439037
-0.148578324065166 0.451365498331692 -0.300806022219507 0.195517569824174
-0.221122214459171 0.387788582850524 -0.0890059983686691 0.0253201415525366
-0.0068856796944894 0.349853249219014 0.279886499378164 -0.0281609808101834
0.170795231034082 0.227620675277838 0.172605573886034 -0.419600980633288
0.235576217464705 0.0142132802549137 -0.256438593082681 -0.388854458465865
0.168841355290951 -0.156905344001252 -0.387561460189603 -0.0196149947403195
0.0290016840902731 -0.209921892134295 -0.223731274438471 0.181597168432703
-0.0571225602800516 -0.160291926451128 -0.0627741033605029 0.168404397419147
-0.0778032950115441 -0.140731269315612 0.0446536466280101 0.0885251633576024
-0.0713793963631414 -0.153986932504165 0.115546672337181 0.0188892464434641
-0.034290438732394 -0.231114855195975 0.210954590829112 0.0147478027044311
0.110079820905075 -0.24621981529297 0.260309156765242 0.121737277875571
0.260155997035546 -0.112164474596667 0.0928178930294502 0.3203232028808
0.327443046713866 0.151706270480804 -0.162865049979613 0.343011721823651
0.124574661737261 0.428289825323344 -0.308478919480001 0.183904197155161
-0.176515740355344 0.503822360002144 -0.208824721202419 0.0963803087686807
-0.314844932791042 0.367762075055621 0.0393131995976089 -0.114412596188424
-0.109267700610018 0.41580621156892 0.332799283349595 -0.063145045583523
0.143337042696429 0.342494871685044 0.283736141765605 -0.408734700816825
0.298758848614816 0.0748112635526447 -0.114175873825887 -0.439760674492013
0.226390628457823 -0.164990344072348 -0.31149243079477 -0.14609789435333
0.049588612234015 -0.24967436364016 -0.231008964498053 0.066925328618991
-0.066408538642502 -0.196498237449126 -0.102756379937568 0.0922073299498023
-0.0924504371166354 -0.156048681524626 0.00760324001223558 0.0270999043288632
-0.0839779450787626 -0.161266133077447 0.0774778602861666 -0.0464252256626111
-0.0442937677367701 -0.24320830351798 0.191913451325785 -0.0720225693386913
0.100890534373482 -0.272478600671175 0.296210459650206 0.0113377008839487
0.263698227265954 -0.148656342582927 0.197168059918364 0.250871159588684
0.349231678568515 0.133594063836261 -0.0647305988686471 0.335566315060897
0.129122054611832 0.425841225385339 -0.254145015781801 0.181794424568488
-0.187449313261416 0.478897408466465 -0.121608050702433 -0.0180352541139365
-0.339860542960209 0.279269203893331 0.186726721594723 -0.230419943911773
-0.193919073320328 0.377505262508853 0.386901899585418 -0.0938529360257042
0.0653362476734938 0.367622006066925 0.368436220905696 -0.350974181003058
0.280611416000359 0.124702768130135 0.0433169859661211 -0.42742465540269
0.23529280058262 -0.13233474842899 -0.195448775512668 -0.251868007270991
0.0629698020254895 -0.240581605530197 -0.216876272844667 -0.0565647477103548
-0.0624149017899488 -0.197686910757398 -0.139018547603272 0.00559598243609434
-0.0919270418296959 -0.147991577972358 -0.0298495258281509 -0.0367453387915277
-0.0864307389976316 -0.147818139380848 0.038630728721899 -0.107743116018744
-0.0425422359192624 -0.224575544570468 0.165434644204843 -0.14436626349321
0.0923651888678557 -0.255484257180884 0.303843917415215 -0.0769398594965054
0.245016139471431 -0.140858080722455 0.260407191375775 0.181962444303544
0.308209873896552 0.133038144382594 0.00399890018007991 0.303610842436892
0.0805958903914431 0.381341947811937 -0.20850454142859 0.161520686588937
-0.195784903766069 0.383266672926016 -0.0411755481647765 -0.120549734256371
-0.281359619981569 0.147807477217085 0.312215345114317 -0.306031584894343
-0.212682870540612 0.256208836080688 0.427238689109854 -0.106055209201488
-0.00784507437133542 0.293311598991894 0.41497521430478 -0.272575038918552
0.199274694975431 0.126543287360821 0.168646337665988 -0.376293312406753
0.187335317547483 -0.0842595954551614 -0.0838111216837311 -0.315951273345499
0.058518055967748 -0.186824718419141 -0.191503730974755 -0.159039463911129
-0.0483515279456452 -0.162649244197678 -0.1665488897052 -0.0735007452816143
-0.0761195720722178 -0.119144751303484 -0.0617787437995534 -0.0943614044927633
-0.0766466753019598 -0.117809762280904 0.0073520156029358 -0.160561925335198
-0.0356657394190122 -0.183199175259172 0.144962663700248 -0.200161541275483
0.0833765597404236 -0.208833469316512 0.304435874702985 -0.134150292152914
0.215318389415815 -0.103291803482811 0.294479481172953 0.136661344700258
0.232363738858849 0.14595696230694 0.0452577695244536 0.272325651377052
0.00401050975626933 0.307627850535256 -0.166464276735185 0.134462542765593
-0.197738265574543 0.240122402914845 0.034621068055387 -0.193757892752047
-0.165835731861865 -0.000218391701857707 0.381735104256342 -0.3356572194026
-0.163345631675393 0.0993202298371695 0.438186129033694 -0.108194347448063
-0.0443673776060662 0.156924490890156 0.425052689925519 -0.211621339476635
0.093807077246306 0.0834764542146748 0.23593345084781 -0.332319268046861
0.102014043918532 -0.0356290995877834 -0.0172176389648708 -0.345229202006854
0.0385942455753553 -0.103593540331907 -0.17405804348371 -0.224634464524072
-0.0275232720956578 -0.0992381884146636 -0.183027865551562 -0.12818561525236
-0.0494646804827697 -0.0727726515548282 -0.0828611090635067 -0.136024254683063
-0.0575025943105832 -0.0757853924566826 -0.0109880787887643 -0.200391352205121
-0.0270846942236044 -0.124322718728355 0.138023198271574 -0.237509079641062
0.0678114117191446 -0.144819309335273 0.307546050418693 -0.163557615789765
0.171604757280679 -0.0563303273082229 0.315357835244918 0.119596986148191
0.140215051247569 0.150266303775451 0.0658154765224532 0.256008516063859
-0.0695576602659318 0.207853438888373 -0.134949433061856 0.114400169684773
-0.180970477837728 0.0726575157136918 0.101920257976018 -0.225127390532906
0.125030263658999 0.0735436620551422 -0.153332616719224 0.323819370057063
0.0807811577685149 -0.0851678920434602 0.225113192231568 0.00184982569797678
-0.0432542961615455 -0.097434321589238 -0.0285807285705054 -0.302839967063596
-0.0736524725124015 0.0195436226553302 -0.371036535902642 -0.184855833659066
-0.0157408473570337 0.0474297013284909 -0.366306763469381 0.186224522079981
0.0128755684343592 0.0438836803445971 -0.143314056340578 0.308619502697726
0.0302610931285412 0.0271220589097453 0.0033968913065742 0.258225807142026
0.0171088489522071 0.00796853760162053 0.0995097039537221 0.1844377676084
0.000318107919193215 0.00690077775552944 0.168050928657246 0.162237488954348
-0.0185019151812488 0.00108906465432082 0.171851545744711 0.225181862259288
-0.0049548328836601 -0.0112369787508771 0.0177859924565375 0.333377809279317
0.0154312883374696 -0.0198219535073576 -0.246975678209721 0.323536020128443
0.0644833587581604 -0.0215581685900862 -0.397736515833816 0.189347541129307
0.0943989766962985 0.0672855303600448 -0.481448395066725 0.0850208265167516
0.0475475293644419 0.185229434086046 -0.442517375406321 0.305760348551283
0.0331687032429573 0.223887709606188 -0.183680311510319 0.267369321045177
0.0969163170781826 0.054062644427694 0.224540881593314 0.0090547075158229
0.0489651120787574 -0.0289950113230722 0.00324318686124093 -0.341223442781476
0.0123190725186385 -0.0108791980002796 -0.37539120832263 -0.230725347641637
0.0303559423061773 -0.0322577329244672 -0.396341204791874 0.161091771619508
0.00684135993646503 -0.0422581120643912 -0.166581961605219 0.307015234837579
-0.00491161050927231 -0.0374766961058823 -0.00370708649428371 0.254994044594515
-0.0196839069994614 -0.0539352682593237 0.0949792761741901 0.173962623140017
-0.0260381165471788 -0.0673233471562895 0.163490506548485 0.135287143423895
-0.0132540757002465 -0.102689302304228 0.196840422145546 0.182324940599348
0.0693494920433625 -0.0941973849933201 0.0938426668705658 0.303064839159946
0.133079694204279 -0.00936113077311762 -0.170588998485069 0.353492854910546
0.140121789597397 0.102278105962546 -0.357002050989903 0.248300426601079
0.0615954376398352 0.240709558973556 -0.434276891727862 0.122743154899838
-0.075516566038025 0.342653732724192 -0.38909026664715 0.272115217719706
-0.089907232385696 0.339927486038014 -0.165039833463548 0.165465195574932
0.070477456339162 0.21233796676537 0.247912381322842 0.000913676347768579
0.13246347314998 0.0868786788656906 0.0732635711259027 -0.393946330038885
0.127284559772824 -0.0175578722456669 -0.348118927876575 -0.309589118058674
0.0941929707355059 -0.109945751182602 -0.41485364841649 0.0936633027856668
0.0103209683711191 -0.134305744564948 -0.198732806426235 0.269759489525532
-0.0373931166979708 -0.104762746807717 -0.0270703856337433 0.226974357600329
-0.053532376220307 -0.106996685906052 0.0764620279277193 0.141112324237477
-0.0519947243414808 -0.1234668740225 0.147446470398405 0.0843318556593671
-0.0233755347167746 -0.186244724690115 0.215620082473147 0.105126768876578
0.105965927061236 -0.18373665759503 0.189536343883514 0.228270682951293
0.223007529845869 -0.0535051546484933 -0.0410038815807343 0.365322309255783
0.247671073039718 0.157190970526267 -0.272881788954965 0.318703378289087
0.0868131199592506 0.37258754523948 -0.375135398943772 0.164791041554298
-0.148156283043371 0.4632609206664 -0.303701352565374 0.201710794695429
-0.221875734096883 0.395677088705801 -0.0866327413845473 0.031227053306296
-0.00368407324173495 0.35457524005216 0.288667150623487 -0.02505727362768
0.17476114725094 0.230685838752065 0.175751910397062 -0.428990725233433
0.241328613633744 0.0119319366538085 -0.262899755567195 -0.397077054947559
0.169070211884509 -0.16354425576908 -0.395341264304 -0.0174826619810848
0.0244749864525492 -0.213170482302034 -0.225882265606785 0.188152834705807
-0.0609083201615737 -0.163605245606979 -0.0625944062098944 0.17187090824202
-0.0801741494132927 -0.143333055648701 0.0452733705480679 0.0901757548333234
-0.0744616424111841 -0.156093959764382 0.116060937761141 0.0197758916831882
-0.0398651201392233 -0.235456398995847 0.213424447703165 0.0123866949513374
0.108306253167986 -0.252153158990921 0.264271295752407 0.118227142974451
0.264636355107735 -0.117817359962638 0.0969350527060201 0.327764769437609
0.33229230058912 0.152470723024738 -0.164202673165468 0.354384057417017
0.129382979178013 0.436889747550277 -0.313386374666065 0.190615276874162
-0.176255415674492 0.517718630691566 -0.210263230822063 0.100202810936923
-0.317422535668555 0.373800359284666 0.0406351704975232 -0.112110719964639
-0.107616310680547 0.423238352594608 0.340838953721125 -0.0590042427252482
0.147448107557692 0.349207817185553 0.288844020560399 -0.418873677408946
0.30593147312775 0.073408527386319 -0.119266589097162 -0.448570074634494
0.227784423605815 -0.171841106160884 -0.320009698978035 -0.147028672843999
0.0450676653512766 -0.254558605262347 -0.235298591458819 0.072040140947808
-0.0711369916093874 -0.19886042552302 -0.103480164097095 0.0946723277724543
-0.0944873270927386 -0.158063324552692 0.00671716183456695 0.0276182568555385
-0.0868459141503403 -0.163374501228625 0.0759177927560007 -0.0471706103269494
-0.0494436834688233 -0.248318020238502 0.192754160393281 -0.0762336573370838
0.0982809409686144 -0.278407671070245 0.299512667025722 0.00471998304610298
0.265729017108893 -0.155622214650833 0.203991410683562 0.25632526121348
0.354594490804382 0.13358982146939 -0.0636755055405041 0.347198100249407
0.134705548439749 0.433042344377215 -0.258376486051023 0.188939103409146
-0.186985339130776 0.492543117206629 -0.123108959428149 -0.017541184341659
-0.341850397923072 0.283342176894351 0.188835534102032 -0.232644640586572
-0.194046414374462 0.38532407386516 0.395568720890845 -0.0904470366465163
0.0686454770921728 0.376166856289676 0.375553987418372 -0.359788181669533
0.287586387729804 0.123539359914781 0.0423122692511743 -0.437644132733218
0.237838442579256 -0.139296321681555 -0.202872147352854 -0.255441332956664
0.0580155941362216 -0.244546869519933 -0.222204701772022 -0.0543961482683931
-0.0671435250470093 -0.199911839319409 -0.142108391271726 0.00703736359346648
-0.0928560468174403 -0.150000320306328 -0.0312760882406164 -0.0371026379998414
-0.0877824201745486 -0.148887902057267 0.0365848935294918 -0.10858068670854
-0.047765976405875 -0.228746835898587 0.165262034556822 -0.149799801341582
0.0892163801839656 -0.26120657266776 0.30732442239591 -0.0848193881234958
0.248382388258063 -0.146715510696057 0.26761245984684 0.185494046275479
0.312979184900567 0.133016907798504 0.00620327000522081 0.314357834863321
0.084958652294059 0.38862234659548 -0.20906883281909 0.167577143661829
-0.196646383106698 0.395786755191315 -0.0427450486451061 -0.122414146947868
-0.284470365009213 0.151223427200269 0.316451667922534 -0.31133978616028
-0.212192055229622 0.262761339086666 0.435288828028441 -0.105551866325134
-0.00630759452313093 0.300066389753841 0.42236831719137 -0.278670818431723
0.205093181331859 0.126808763535177 0.170575136628926 -0.3859294233787
0.189599923992055 -0.0889200363008999 -0.0886772215229719 -0.321499211818449
0.0544157164278685 -0.18995421136489 -0.198227990219261 -0.159579244302018
-0.0529122370708661 -0.165003258080837 -0.170927637700721 -0.072825870654709
-0.0769678349133763 -0.120211959627542 -0.0644558817992362 -0.0963923878911431
-0.0775282064336175 -0.118026525874092 0.00494115670997316 -0.163030834328241
-0.0391430271403553 -0.185786142530143 0.145072910052296 -0.206378420214709
0.081433366771141 -0.214010940675922 0.307270443001839 -0.14237004086781
0.217702982582056 -0.107655022049452 0.301906408690962 0.138388677430837
0.236160547811254 0.14813249480945 0.0478139490983426 0.281741394952319
0.00691631039435441 0.313005375108569 -0.167929396729321 0.140551099909546
-0.200534828035227 0.247641300821881 0.0329632982312335 -0.197262943429376
-0.16703126221168 -3.61445700094304E-06 0.387239021677273 -0.343194907806568
-0.163128565591364 0.10261867594185 0.446925906099715 -0.108833272853585
-0.0443764147951144 0.160910439807222 0.432816080242221 -0.216563094970895
0.0964441163931805 0.0838484197437534 0.240101834518883 -0.340755150346206
0.103144559469306 -0.0379981186650057 -0.0211988422501141 -0.352245686530526
0.0357691989843025 -0.105691686429563 -0.181231393000457 -0.226311084399393
-0.0304458542966603 -0.100699767974601 -0.188662878635915 -0.128680951856969
-0.0488792569408075 -0.0730408141831262 -0.0867231101018226 -0.138871390312924
-0.0572914642043523 -0.0747842226450036 -0.0137878334081565 -0.202998685154026
-0.0288083933283795 -0.125447026670656 0.137400338859812 -0.244935739751763
0.0655789942939985 -0.14824556146346 0.310866238955296 -0.171839565329346
0.173246933763747 -0.0600759708101853 0.322569873044629 0.119322634880388
0.143091629557533 0.152606309942711 0.068199838509948 0.264407995063483
-0.068803371545256 0.211452469870992 -0.136194008492747 0.118901891437697
-0.184255608082409 0.0767520302540126 0.0998619347148375 -0.230977743363321
0.130639049041109 0.0685661517567388 -0.137243925742053 0.340654552025991
0.0783528855797482 -0.0909704317158656 0.236753280638411 -0.00924697777367719
-0.0486886886712925 -0.097441839110258 -0.040485785938928 -0.310170604819451
-0.074823274890578 0.0228988340754309 -0.392016579682794 -0.172820136033491
-0.0145964468481854 0.048055930238531 -0.369189029625232 0.207475806455572
0.0161729629330607 0.0445638291821315 -0.131410733465737 0.322167011979922
0.0320812471533616 0.0252629437088235 0.0155771956471256 0.26637476094262
0.0175902114503666 0.00620864029273755 0.111108157399841 0.186276572953635
-0.000135272143682761 0.00683900470903953 0.181205316749588 0.15882290136744
-0.0197652141632042 0.00186880824948318 0.186240321780563 0.223241024419905
-0.00487886882965983 -0.0115721549610246 0.0323721505094463 0.343312706157108
0.0151829364556326 -0.0213422519538656 -0.239233703373292 0.344990673845321
0.0636449906732094 -0.0234147693331205 -0.401289228084115 0.209779160074162
0.0978180947911122 0.0660959974859434 -0.49357810760191 0.105838734501949
0.0563013061543809 0.187052555304364 -0.440473487918641 0.332227182657154
0.0445222861042933 0.225990066387057 -0.170485283960592 0.2850276676192
0.101301236305064 0.0506038922738869 0.236226110062035 0.000611598079194626
0.0488461399922689 -0.0318647250559971 -0.00987090672896919 -0.351958709182277
0.0130488486457538 -0.0119600466667324 -0.397059711056354 -0.22017139333144
0.0279694729277902 -0.0357446673639579 -0.400265514379762 0.182501386533023
0.00595814413888846 -0.0428378025889691 -0.15600005537817 0.322509585211942
-0.00767431320720438 -0.0384171100122052 0.0076094636084834 0.262587592099933
-0.0229418693508266 -0.0554058767090132 0.105774455825121 0.175481471031448
-0.0305080265155101 -0.0680162078113738 0.175026814965744 0.132631069098816
-0.0200453600313469 -0.105158559678418 0.210122362910859 0.17753989168544
0.0670815438722868 -0.100730728226168 0.1095953291136 0.3059310757522
0.136427347647054 -0.0167367353501 -0.158885630694148 0.372405140910528
0.146985418078645 0.100201992682996 -0.355239271593439 0.271147803367886
0.0708268086637625 0.244605123409832 -0.44298443667627 0.144259970854573
-0.0620093356362686 0.355456991930529 -0.384817423487447 0.296903887934074
-0.0761230895882213 0.350802975585234 -0.156902867405947 0.181115185018707
0.0815117914864302 0.213155370730146 0.25999278713313 -0.00637501538566991
0.139090998021428 0.0830302506352796 0.0590813618965662 -0.409198964681247
0.129353818519188 -0.0242576684058717 -0.371263958969458 -0.304458921676482
0.0900224853975108 -0.11849155896506 -0.421309306341258 0.115794439937827
0.00316831909458799 -0.136970463807756 -0.189510731678646 0.285896496082141
-0.0439476149717584 -0.105432027583892 -0.0173089864660446 0.233834939812821
-0.0601482212059655 -0.108024478144052 0.0845083840609143 0.14225240507823
-0.0604648478266694 -0.124534399419959 0.15399332359051 0.080858935625349
-0.0352816831487064 -0.18972379294653 0.224261897478708 0.0967449484668519
0.0989244755052729 -0.193327680425152 0.202520338388068 0.223711300205689
0.225742198836886 -0.0661889063850444 -0.0257891274840362 0.378861795853654
0.259259269023848 0.151324009247177 -0.265944747008642 0.340636059255829
0.103871267925175 0.377886643556306 -0.378527353247298 0.185964773757734
-0.129982576921033 0.483334896483764 -0.300009778973038 0.2218614163575
-0.207613416153711 0.411852135666658 -0.0843650848955044 0.0410014057377496
0.0117713388941547 0.362306328058549 0.30125399086281 -0.032260408033758
0.188957105431506 0.229604965246605 0.163762816378788 -0.448107690332373
0.248200992023062 0.000715846401075782 -0.287223438499769 -0.396884198313523
0.164372294299598 -0.17668107482875 -0.407315421078487 0.000237248230250131
0.0130854154555195 -0.217794890910744 -0.221925464590989 0.202995570713698
-0.0713373719866661 -0.163916623397849 -0.0559061853982218 0.179145203582214
-0.0885813096403519 -0.143733196070575 0.0496145388763946 0.0915152815017144
-0.0838076796280327 -0.156700932659518 0.118090967282264 0.0168707730629216
-0.0543943502575613 -0.24002315412969 0.218285004798009 0.00161263039112142
0.0969868170370367 -0.263915799903683 0.272520049122689 0.106369352583736
0.265244140384647 -0.135187857093159 0.115543066771422 0.334621494439806
0.346777919145292 0.141814350670194 -0.152068119933653 0.374102739731945
0.150471857266639 0.440957943742646 -0.313423931771709 0.211056860495753
-0.155420483609274 0.540846978659728 -0.208983731903531 0.111523486301642
-0.306674732316312 0.394688179978165 0.0378596912723429 -0.112651733868291
-0.0910955073783468 0.436630589831467 0.350876403344977 -0.0696305903042776
0.165973504839271 0.351742255288247 0.279656529121426 -0.44309455474303
0.317536612908859 0.0597676806510323 -0.141687756292199 -0.456760756051543
0.224080729606971 -0.18900540176168 -0.335054293827504 -0.135992664238119
0.0305553523155323 -0.261367636061016 -0.23750975128787 0.0851064179547161
-0.0835945655519598 -0.19905842676923 -0.101681643427015 0.101759499761362
-0.102664278642131 -0.157823358291754 0.00770021222599561 0.0286722255713748
-0.0963089296958512 -0.162868810453892 0.0746729624791727 -0.0499426062944371
-0.0654468812316739 -0.251539100977888 0.192442172572989 -0.0883597128479609
0.0851703220617611 -0.290753763417111 0.303626508502718 -0.0123874384650936
0.264128291648718 -0.172337300825329 0.221482483667493 0.255548694786179
0.367759450131559 0.121443627350342 -0.0493253901793518 0.362732508356827
0.156597216229171 0.438781586386784 -0.254798121536941 0.20669952659254
-0.169308893230313 0.516127177072212 -0.124918936591596 -0.012595871364571
-0.336865655791973 0.304228824079739 0.184056789398861 -0.242835859971427
-0.179185451748498 0.401929313732904 0.403810887815828 -0.103012323492171
0.0879127380336695 0.384894009554608 0.371876200330398 -0.384284870305867
0.301985479798095 0.113016901056269 0.0248607487044442 -0.451086871167115
0.23628928394567 -0.155466455844769 -0.219817195069228 -0.252162207480159
0.0451281030715578 -0.251600176712081 -0.230396888541257 -0.0439672718795084
-0.0799066152319929 -0.200985549365644 -0.145393264511297 0.0142256220762069
-0.100640578040928 -0.15004616310232 -0.0351877706232205 -0.0370559794974048
-0.0958725421284559 -0.147630707443546 0.0311500116129068 -0.111630648895292
-0.0621445508771832 -0.232275214979387 0.161669238587169 -0.162352206621181
0.0770113360039267 -0.272608914030468 0.307234163915741 -0.105012606603518
0.245553782760023 -0.164068843326309 0.283182978880617 0.178793189448328
0.325780843527674 0.123460237395224 0.0213159946231625 0.326767137218013
0.10557484076885 0.392687062223486 -0.206573862971455 0.18274383776728
-0.182187967823433 0.415661907610029 -0.0479907239082701 -0.124209851156056
-0.283173955171724 0.165628987197745 0.310807683675246 -0.329743266017063
-0.204027064845848 0.276529173641488 0.442575496768177 -0.121016878372668
0.00731022780908036 0.309774440442557 0.421120724160038 -0.304481709819461
0.216354891015715 0.119698424609662 0.159926011782709 -0.403119513767011
0.189680929017618 -0.101607221077487 -0.105439363160759 -0.325658907797325
0.0436009214925057 -0.195532060510978 -0.211315242952263 -0.153541258759805
-0.0634947306301258 -0.165468927344426 -0.179642026008618 -0.0656369042647988
-0.0823040581151937 -0.120580577123841 -0.0715973742961897 -0.0953443536394076
-0.0828229574580162 -0.116831567035091 -0.00391793333880969 -0.165671490880707
-0.0505430110665632 -0.188391986705942 0.136885289684826 -0.219769163725737
0.0714958716461925 -0.223567880409794 0.306073218909143 -0.163806305890155
0.216631194373725 -0.121528713370969 0.316295663332522 0.128930531224235
0.248709664867039 0.142337261095085 0.0623190579114129 0.290744321070873
0.0212646226494694 0.319810696214129 -0.163910561349476 0.152309015654629
-0.19327156169322 0.26501056671706 0.0238270459753244 -0.20401114116314
-0.16945888486806 0.00627985147348641 0.381200176695358 -0.367599468961883
-0.160395579660872 0.110626568562152 0.451766083618711 -0.127216738310478
-0.0379909113546054 0.167374969297825 0.432515157187161 -0.239447851356977
0.102658291523761 0.0801917013518149 0.233529510222566 -0.361486581962716
0.103734479996591 -0.0449759867060253 -0.0379612106663763 -0.360181513674116
0.0294082484997379 -0.108349596255099 -0.197699261076707 -0.221974480840279
-0.0375316240748663 -0.100747885952985 -0.201146824157434 -0.121496402634254
-0.0517456447816639 -0.0729162320261626 -0.0969118657752653 -0.139326079646119
-0.0603619942900224 -0.0728872774441837 -0.0250730537178488 -0.206373396975207
-0.0356142986958131 -0.126063457206394 0.127239073346498 -0.258389664892271
0.0592964931310358 -0.155356171940034 0.309294598361803 -0.192862248995163
0.173755183038085 -0.0706099467693187 0.337032948084929 0.108934729660519
0.153965602635319 0.15134700585528 0.0810775586400572 0.272293589988347
-0.0608629537214036 0.21954520485044 -0.134158979057621 0.127900897771723
-0.185495642418269 0.0872538732805957 0.0891310893221404 -0.240547094082415
0.135140278570086 0.0577372533953901 -0.108055923675931 0.34893769100621
0.0711910547780503 -0.0960633810032196 0.240878833605309 -0.0272619502884281
-0.0549689151487665 -0.094592808613772 -0.0587880696477898 -0.307509902586972
-0.0730876118761628 0.0281510169865206 -0.404383479456505 -0.144719473119674
-0.0107667552091842 0.0481636456188907 -0.355393303014204 0.232876675551541
0.0213617757464688 0.0429323164862369 -0.10751043235892 0.330569124011196
0.0341214831163286 0.0222660251475761 0.0355915122135443 0.265980917242989
0.0167786020336813 0.00380113131867215 0.125197271853565 0.178511507902844
-0.00075281909085552 0.00654656615468356 0.192943174998293 0.145101422215539
-0.0196859375391981 0.0032560411892949 0.201479648819353 0.20897162571347
-0.00514728328679935 -0.0121017581288853 0.0571505379604385 0.341832418055042
0.0138814591600638 -0.0221243314369204 -0.214889757230602 0.361994517465263
0.0615942413913319 -0.0265570518069367 -0.388084287966206 0.232408650131228
0.100509388808914 0.0602823792904483 -0.488400214003797 0.135875276210596
0.0691035968274735 0.182419288589494 -0.41693783913041 0.359038073475421
0.0601081556840496 0.22041924922184 -0.144725453688179 0.297489660912926
0.10331844527331 0.0428275463874458 0.241754929771255 -0.015353452810138
0.0460763529867769 -0.0348380730385113 -0.0316428956804541 -0.350992190528458
0.011586677997715 -0.0130580175004347 -0.413259067467471 -0.193474884534143
0.0245615343262562 -0.0388207130041459 -0.38585846810892 0.210610143769593
0.00294521632944383 -0.0433942599938399 -0.130674655978919 0.33208054791171
-0.00999328423863342 -0.0380284163794228 0.0266770278426083 0.261926871246636
-0.0273704482827884 -0.0550558020105059 0.11843005922553 0.168587704596375
-0.0366310973713166 -0.0660681238719904 0.184867000141562 0.119938932948051
-0.0285136407487909 -0.103099706776234 0.220719233884867 0.162063111670658
0.0598311887491471 -0.105813670633363 0.129555419560984 0.29872095296755
0.135023548428397 -0.026532494621447 -0.133461000244194 0.384370328288252
0.152995325761028 0.0916176881610046 -0.33669240046147 0.293475951102648
0.0852400472806507 0.240959150432692 -0.433150505632098 0.172284616483144
-0.0373585748338916 0.359141516877755 -0.361320200024169 0.321233691850089
-0.0528709815658108 0.352275628734845 -0.138000703029583 0.194206077559631
0.0952073132392789 0.206108615192476 0.265719700558219 -0.022005701406912
0.14334094800688 0.07368088423173 0.0341337684512316 -0.412327597417315
0.127300704947735 -0.0340376467573539 -0.391954378702201 -0.278298575116734
0.0795250411604183 -0.126190779279588 -0.411835928213166 0.144698977895729
-0.00773582901298971 -0.13597273204131 -0.167891409443965 0.297930890763457
-0.0512394772369927 -0.101396439276049 -0.000583448871259922 0.233883994012188
-0.0684916324596816 -0.104355467039595 0.0948556150613006 0.137204619847794
-0.0704030126033697 -0.120189663071446 0.159625346329612 0.0712204188082948
-0.0517137927112275 -0.186163052090123 0.229375958764014 0.0805476263251707
0.0836922626644959 -0.20180332333374 0.215390978463449 0.207738802214978
0.219959956596726 -0.0829026901648947 0.00117082241040242 0.381363007598422
0.268212287655425 0.134533207463745 -0.242620875364452 0.360033520288032
0.128630443347079 0.371276258083053 -0.365735215963091 0.211569087421217
-0.0959851697076072 0.49250282679427 -0.281359411744033 0.240360668465844
-0.179816559763787 0.421373814480754 -0.0771208323021343 0.0505061460514399
0.0367756265620929 0.358006875294545 0.303762178138194 -0.0480212378552919
0.203775024255135 0.216393476216261 0.135368775278474 -0.459634241694974
0.246857259133082 -0.0170624796781256 -0.313728501716719 -0.37618576453251
0.148802212839872 -0.189308461110716 -0.405605785919195 0.0286471017281496
-0.00491030479168389 -0.216933373014482 -0.206021506608243 0.218971102812897
-0.0828384708354279 -0.157081637703706 -0.0439979452975443 0.181568806103733
-0.0976054723714455 -0.13834369168082 0.0561957443259798 0.0886339693850419
-0.0948358585202801 -0.15017715379729 0.118554945052952 0.0100574408679799
-0.0751423320054307 -0.234343880248221 0.215804680883594 -0.0138876497958432
0.0757070242624764 -0.271632108836066 0.275505836122807 0.0853532222810211
0.25306402400974 -0.154226847011052 0.139240344263911 0.32762304736972
0.35395758465716 0.118579764479195 -0.125042098417447 0.386563759213613
0.180629742799169 0.428628585707443 -0.297396531145473 0.231994861530444
-0.117011869400815 0.55115995443561 -0.197916373594796 0.124771064172869
-0.279591842362881 0.41236372597718 0.0331913995886493 -0.109942537613675
-0.0608098495015947 0.440121550091327 0.351331011444188 -0.0870843539167415
0.189906475007588 0.340748742265975 0.249445107431318 -0.460230465452775
0.320754859984199 0.036086392460547 -0.172377373017859 -0.446903975472699
0.207851379399752 -0.205505822944568 -0.343611519672108 -0.111953214605089
0.00943524135018996 -0.260561084796153 -0.229841231560728 0.102098441518308
-0.0984726864450952 -0.191367833684313 -0.0951208319757086 0.108277479757811
-0.112489813418575 -0.15142850378767 0.00868399853564075 0.0283445949584378
-0.107229112163385 -0.155235042272901 0.0703749634980479 -0.0533808507090982
-0.0864593991971539 -0.246570141608437 0.184207843364973 -0.101934428016213
0.0614573757170188 -0.296929278490683 0.297138977256421 -0.0360012228885534
0.249795260444714 -0.192346892044887 0.240202473493694 0.24144624474622
0.373543258607128 0.0969871773569162 -0.021886824176079 0.369506659981686
0.18678270041454 0.42460441393705 -0.238565532095386 0.224051570305667
-0.129626963760903 0.528040428763068 -0.123424004875376 -0.00467361139935902
-0.314172897773095 0.323290268149997 0.168626300192751 -0.24994176437496
-0.151270571380339 0.410551412359124 0.399502275709997 -0.124551960660312
0.113317799828446 0.378556525588083 0.344568794280387 -0.408192612347795
0.308152780862071 0.0903235894912794 -0.00413755495335497 -0.452938873421584
0.222892871986022 -0.17369244148292 -0.236835233916877 -0.236458625838674
0.024421223080528 -0.252189069571707 -0.232607589622086 -0.0267793305850553
-0.0950405421771683 -0.192520641904846 -0.144239319914216 0.0240747263837341
-0.109374722185136 -0.143750887240609 -0.0389786817177481 -0.0349624188760296
-0.104729667250059 -0.140283976151278 0.022564941054431 -0.111514310957368
-0.0809659548526753 -0.227494898928344 0.147750883030083 -0.173669276777893
0.054927082413662 -0.278098419608493 0.294580253457454 -0.128718515278205
0.231534338956333 -0.18086262007815 0.296025292274938 0.16076118312882
0.332348720140557 0.101751655460249 0.0463661743892287 0.328146630464463
0.133139959318625 0.385606220441384 -0.191187198417982 0.197025656248193
-0.150871497567592 0.42868193645707 -0.0558353937601367 -0.121584160938003
-0.270564857034759 0.181508797454486 0.288168355926723 -0.346515058432349
-0.1828067895894 0.288050402190597 0.435892687699908 -0.146049855914584
0.0285498186419882 0.308931411972393 0.400106942328788 -0.330259593457528
0.224411172291701 0.102525312660765 0.133841465931357 -0.413457230646878
0.180598409865139 -0.116532693440253 -0.12743401706197 -0.317363261964758
0.0275980885268377 -0.195527143846865 -0.221318607297244 -0.137400010447041
-0.0761367937784843 -0.158458775150827 -0.184021221560895 -0.0524728768103361
-0.0891127531562598 -0.11566641837799 -0.079547875885706 -0.091283952075437
-0.08861390493467 -0.109708033786578 -0.015872043850591 -0.163806063192994
-0.065039997472321 -0.183945118907338 0.119352286324091 -0.229204583278928
0.053008219818802 -0.228473990684663 0.289559356538996 -0.186289557409075
0.206686527086493 -0.137055775119296 0.325050342289549 0.10708282710745
0.257180297869501 0.125762062067207 0.0840452613260251 0.289955515218628
0.0433888474160104 0.316673963832113 -0.151800134878057 0.16214116648305
-0.172794097064886 0.278165250286913 0.00922620210426034 -0.205137070668286
-0.166876367935664 0.0154754594316189 0.354243225132164 -0.387232117191568
-0.150164649971149 0.119432807999329 0.443020333348304 -0.153553247320225
-0.0258114110326226 0.169771321114619 0.418146867788282 -0.267947837129231
0.108080832878531 0.0719050483082948 0.21105638731173 -0.376443981020348
0.0989437352142734 -0.0534574800261116 -0.0625862464936654 -0.356917170071293
0.0197371816503774 -0.108095093731157 -0.214028273293237 -0.206652678171146
-0.045115615278419 -0.0960238417503124 -0.209437367523121 -0.105659540088424
-0.0553339677302061 -0.0702541212586855 -0.107782755873375 -0.132191200705744
-0.0629718024618778 -0.068103430652113 -0.0405450623435433 -0.202926732644686
-0.0451701013486543 -0.122449124391862 0.107279623487238 -0.267578913097233
0.0463219330244273 -0.158610794460402 0.291952733691006 -0.216314906326924
0.166969171366828 -0.083474714153604 0.344639469814506 0.0857184343257216
0.164083369811941 0.140659814220768 0.100584978558375 0.269268675908418
-0.0453161002456976 0.222174596533921 -0.124847358783692 0.135744774412932
-0.177429971880688 0.100486829026556 0.0701384359337208 -0.245073830386472
0.13233246089614 0.0461438442219327 -0.0775752315087241 0.342081379699008
0.0612616396544275 -0.0970652137906218 0.233871971822382 -0.0425959592794711
-0.0590929889351249 -0.0875607118634383 -0.0728465928827366 -0.29429367620528
-0.0683123673238012 0.0313202144973138 -0.399176804564733 -0.112810763666728
-0.00827990440480138 0.0461398777706174 -0.326681422872039 0.247415931985076
0.0241349774590042 0.0387912757828404 -0.0825485348042309 0.3234526908262
0.0340331594090893 0.0177792687212067 0.0521297266453709 0.254238963396045
0.0151554096528683 0.00155241310210263 0.133487581351126 0.165692782243346
-0.00116837330809341 0.00607524368063568 0.195966216891962 0.127177757347574
-0.0187519532473338 0.00420123423339277 0.206254877475443 0.188338833710571
-0.00534861265947698 -0.0122232337781839 0.0749178266753217 0.326448599924046
0.0117389154215631 -0.0221642194635896 -0.185336891443162 0.361474249836681
0.0569792856039721 -0.0273240784437313 -0.361025713385074 0.243174285352026
0.0984633762984119 0.0539180857718633 -0.461907568631303 0.158552541161492
0.0767739046265784 0.17056047268007 -0.378461582014798 0.367212934848597
0.0699475673636312 0.205782551408282 -0.115345322764769 0.295387185858222
0.10033124478282 0.0335585779261665 0.236992040345037 -0.0301586774497552
0.0411000566078113 -0.0363228908825318 -0.0479161462051885 -0.33718082696779
0.0101519019287731 -0.0132551696612385 -0.409768525912833 -0.161907682950157
0.0195935403831703 -0.0391044205525285 -0.358620265629743 0.226287939859669
0.00011606068187276 -0.0422974429135155 -0.104449963061494 0.326391820650961
-0.0110426985227644 -0.0360338233384486 0.0420494575246185 0.250711226204085
-0.0305244772416213 -0.0518777336834064 0.125326828280582 0.155888656199959
-0.0408060459340568 -0.0617662326948649 0.185946251009188 0.104285970569504
-0.0353515849963435 -0.0968003197851735 0.221880802357785 0.141993617254885
0.0500549186097445 -0.106932031265274 0.141782287964549 0.280154003772222
0.12793585521609 -0.0343873057357473 -0.105053673844906 0.379164268476286
0.1524988551593 0.0805736594817209 -0.307397881915342 0.300659170511336
0.0946093406002249 0.228462375099215 -0.406846331114082 0.190808724786523
-0.0143110410375414 0.347218083514364 -0.3275125998469 0.32612069832613
-0.029709821348757 0.338910431089075 -0.115727857150005 0.197500581354802
0.10223529320253 0.190880763934351 0.260760487610537 -0.036354402517255
0.141201176682752 0.0625956532025085 0.00986697712800609 -0.399145991109483
0.119240447126286 -0.0410689070641846 -0.394533537252751 -0.245090861066357
0.0667271065054353 -0.12631754441278 -0.38665154257004 0.16415629966189
-0.0162293840434692 -0.129847078703998 -0.141341281626093 0.295850489427776
-0.055231483489473 -0.0937897522567404 0.0134484848760125 0.225812549726549
-0.0723824708965174 -0.0974637189074555 0.0999704235785515 0.127195009600536
-0.0756703377962737 -0.112018555717056 0.158697809125218 0.0597516728815234
-0.0630955183157192 -0.175507711934202 0.225275744565316 0.0631705663470448
0.0665199100186352 -0.199318783069294 0.217551121369653 0.186747012766619
0.205225535670267 -0.0937186163039531 0.0240994409201146 0.369107234131786
0.265352013290646 0.115177658720264 -0.210427909397505 0.360439029336734
0.143316725731342 0.349952824315713 -0.338958261315752 0.225006838169034
-0.0608974440351954 0.479206929831954 -0.25331546179552 0.245634386847734
-0.147716569685872 0.413255373735953 -0.0666897874815257 0.0568265638231655
0.0560204995743129 0.339589419164754 0.295288132779271 -0.0608834101906646
0.20821737204512 0.196094506672418 0.103775501031545 -0.449582456324889
0.235259140935006 -0.0321312703698306 -0.32441824080672 -0.344952067834672
0.129450201945659 -0.191757990655399 -0.387954348255862 0.0523608305567655
-0.0186646657484829 -0.20672015565735 -0.183930221499981 0.223203571471772
-0.0896583852780909 -0.144669892573713 -0.0311240496834999 0.176853714122358
-0.102538188840682 -0.12799461884078 0.0590571873119422 0.0821958042624128
-0.100734197249078 -0.138964804518097 0.1153863658608 0.00346309971394889
-0.0892865414182178 -0.219804810707426 0.20564490106741 -0.0268213360314898
0.0533896331290685 -0.266925681405681 0.267070579921382 0.0644636063688172
0.231605219898513 -0.163903348311026 0.154144631244273 0.309043952266217
0.34774012831845 0.0946773070737464 -0.0960495413817434 0.381157231708293
0.199179118415523 0.401825089327921 -0.271244979780847 0.239539329171996
-0.0777738544736019 0.537972810099 -0.180506344476599 0.129213831599828
-0.244460877842653 0.409739122422478 0.0284095461817071 -0.102989609315278
-0.0324097894366999 0.423861633416787 0.337711209983996 -0.099298567803022
0.204072344943623 0.316553407015478 0.214422825017156 -0.456085307955531
0.309166888582242 0.0141053721449066 -0.190425272201279 -0.419820652230004
0.185294037076966 -0.211895220094305 -0.335860277364283 -0.0877528476731155
-0.00879073036034581 -0.248469398510115 -0.2140115754237 0.112407041423544
-0.106256092539886 -0.175564412919775 -0.0852558900123601 0.109277084219211
-0.116868949795355 -0.139850159856923 0.00991247920849287 0.0267293575541107
-0.11147653919288 -0.142933352976347 0.0641729253005725 -0.0536307727306755
-0.100166308610115 -0.230514804174659 0.169422883550979 -0.109137491686203
0.037688137288382 -0.290074525662544 0.279471818019877 -0.0532408941900383
0.225347806842305 -0.200312903178652 0.245874063617562 0.219232326042454
0.364891316476751 0.072875040589849 0.00336903869808086 0.358501065602676
0.205407043223288 0.396952387023478 -0.215368851446044 0.227880623309724
-0.0903767434243527 0.514932796712502 -0.117164135550329 9.86733245109987E-05
-0.283868403431978 0.326876651580751 0.149729018285899 -0.246142617735345
-0.119575443331703 0.401384299386225 0.38029586735186 -0.138481454789776
0.132168522136766 0.358255878972544 0.308802214017765 -0.411529757838068
0.301426820702665 0.066665334668649 -0.0285064154719694 -0.436965729109073
0.201232751193827 -0.181901442441998 -0.240854132911425 -0.213932444559297
0.00604233566159691 -0.241093559980213 -0.224984564653506 -0.0107447312452794
-0.104456284773648 -0.177363825243593 -0.138026641520072 0.0327174782834772
-0.11265921366115 -0.132683360738231 -0.0406608383931439 -0.0304611248697128
-0.107892022842558 -0.128609306410339 0.0141339659365086 -0.106724479685633
-0.0941767081439659 -0.212364402025484 0.129048282996485 -0.176008079766283
0.0324365305492551 -0.271449259356223 0.271189513247463 -0.14245318627524
0.209176735586579 -0.188542833968884 0.295220769186009 0.136920091562509
0.326148544802627 0.0786299080336235 0.0670316415604918 0.314789030852056
0.151481108424414 0.360898334977328 -0.170426786993287 0.198873312300875
-0.118458840210928 0.420786144729972 -0.0603366511082707 -0.115221300968173
-0.24892606123543 0.188346674426572 0.257793153620058 -0.345573071880068
-0.157709993033655 0.284522291077946 0.412476054586929 -0.16125495608527
0.0468049426274358 0.29560428978992 0.365656870598378 -0.339115470615156
0.221311406781839 0.0835518694374529 0.106866363617104 -0.406122663052223
0.164455546025733 -0.124768553253303 -0.140352506952574 -0.298307339211324
0.0128858312981041 -0.187419047684631 -0.221780316256669 -0.11736857434616
-0.0837886791005811 -0.145682296937618 -0.181741184914993 -0.0385392239579267
-0.0919070688681741 -0.106317907347485 -0.083728066050267 -0.0821627520426605
-0.0900990817818936 -0.100248087618631 -0.026266418892353 -0.155040441472321
-0.0753680888307783 -0.171043849984225 0.100010925677775 -0.226498579315952
0.034642917132835 -0.223256704955224 0.26309679334236 -0.198493198868242
0.18774468627629 -0.14428700505565 0.319557960912647 0.0840717673363085
0.255360705366573 0.105957310469189 0.0995052914441921 0.275640896038227
0.06144014570154 0.301719311636219 -0.135633474533174 0.16403476016484
-0.147626812080661 0.278386732278806 -0.00429789975748884 -0.198823210941029
-0.159100592089695 0.0232686909143045 0.3182096056264 -0.391540115974838
-0.135979319700733 0.120833823759377 0.416505808093558 -0.169432803279626
-0.0136000970302201 0.165066599114554 0.385785413463586 -0.280071984059344
0.10744501489823 0.0614530849966502 0.183040317534196 -0.375085329842708
0.0908352045338021 -0.0582578201750016 -0.0806737206107521 -0.339532943833655
0.0116826445908912 -0.102772072947542 -0.219545527335852 -0.183803040085338
-0.0505218029060289 -0.0879154514461859 -0.209413101021418 -0.0875672360396482
-0.0559815071877345 -0.0652711354320431 -0.1147214912307 -0.120532548292049
-0.062370049044286 -0.0609705893147998 -0.0522042631582035 -0.191527299853576
-0.0512206367466312 -0.114062572351098 0.085056868318794 -0.263784584168056
0.0333669150711693 -0.155264889843583 0.264951438825807 -0.226697962814661
0.153660183515622 -0.0897990803855146 0.336856164709687 0.0615528119919405
0.166865374267075 0.125188765343251 0.11412893624447 0.255149394285355
-0.0296726875653257 0.21534703457713 -0.111918834536512 0.137598982585167
-0.163476717003511 0.107397762912046 0.0499450943229746 -0.239590569886648
0.11526285482839 0.0560465138696833 -0.0988406741803781 0.316731084206689
0.0663358184192004 -0.0821231932014698 0.23249296859148 -0.0192865576211629
-0.043669158074516 -0.0874068146857116 -0.0312402252839462 -0.286377376276494
-0.0669192562380972 0.0188437237804961 -0.355737869145498 -0.14663063197514
-0.0149950712710098 0.0401141279135217 -0.328361539728872 0.19639624256073
0.0181031246309877 0.0343116018882701 -0.109075562843626 0.294568916133206
0.0315959426954604 0.0183548015570488 0.0238464739159262 0.244718413243991
0.0136342103851631 0.00214697180063032 0.110187512397382 0.17081991442567
-0.00277288757842619 0.00357388236120012 0.174297170011385 0.141815593550115
-0.0184626397137013 0.000630944307717218 0.176615232325912 0.200937099753111
-0.00226441664739826 -0.0156289481808216 0.0359613247054668 0.322514959675255
0.0188359697355145 -0.0234332464450057 -0.218646501506212 0.330569961857319
0.0633218299587619 -0.0173524202253318 -0.37562671536656 0.189396938686943
0.0900480681463453 0.0650932843396257 -0.466962845605562 0.0992927544738314
0.0581880997670526 0.170775664646173 -0.413480399491376 0.308070042373411
0.040241950658178 0.195486639255983 -0.140001850944114 0.271877072886463
0.0866283795288849 0.0428807320827534 0.230680968978426 -0.000422575753181705
0.0417474651229588 -0.0279183168640933 -0.00594187678944941 -0.317593629576493
0.0113458411129584 -0.0123857177283511 -0.359432046440885 -0.189279745502892
0.0217771191121554 -0.0358611347241579 -0.352526118686228 0.174693528933211
0.00518732238090684 -0.0428768225624323 -0.127494446146032 0.293666559640472
-0.00518793297636234 -0.0375146305226745 0.0152507886859828 0.240232081035132
-0.0239285652833183 -0.0533543048309116 0.102165012987957 0.161936676042547
-0.0322974923341165 -0.0646738566027182 0.166568950670107 0.119984703492806
-0.0238746098891664 -0.0967238382815821 0.195499286796524 0.161507004776604
0.0597826667054871 -0.0989656841130857 0.100371934555894 0.287044740261125
0.129492070524589 -0.022662270799854 -0.146029534238021 0.356053282332045
0.142793582271628 0.0941274794612535 -0.333137786146581 0.24807046777514
0.0683380197386476 0.2291356977914 -0.418031451969912 0.130094959395524
-0.0462973944372687 0.330398755311596 -0.35937318639239 0.268079234544493
-0.0665206797136745 0.305908686644541 -0.142150918910696 0.180221291774223
0.0695751991540402 0.186610156627077 0.246637292325912 0.00267532605515515
0.122212507901015 0.0759870589275361 0.0524957772958913 -0.3616723756685
0.116281056523835 -0.0236281562571394 -0.334469742230855 -0.260082203703127
0.0774955838048736 -0.11070516506634 -0.369744510589009 0.116731096967676
2.92427209704245E-05 -0.12537031225223 -0.156124369206043 0.260497017510341
-0.0409054583495255 -0.0951275988858813 -0.00859344658790718 0.213604863038099
-0.0580747476182559 -0.101813139958681 0.080182838933188 0.13210326798055
-0.0598400464557196 -0.116432681380215 0.14434137061218 0.0764650842795195
-0.0427167401858896 -0.172822631693661 0.205318969497319 0.0896688737853348
0.0833051460018759 -0.184771142330521 0.179865088467878 0.208978752157822
0.206988074453547 -0.0716275785311038 -0.0208569283360934 0.361123902842546
0.246592925600027 0.137807532563934 -0.249265340760576 0.315774183578903
0.102575449948883 0.348615174472225 -0.357535429165971 0.163718245959039
-0.103851401651227 0.453705199001396 -0.280632828663788 0.190234493181989
-0.182949185612217 0.361090703546616 -0.0922295017402944 0.0503077978854682
0.00883543246189613 0.317620890154567 0.27518239822706 -0.0125508715406149
0.168198878725149 0.20861441494419 0.139465957862748 -0.391140636290219
0.223827452366721 0.000223113675187227 -0.25902892148037 -0.34034772404925
0.145157552329354 -0.163569851129375 -0.357349363166919 0.017278079437865
0.00679178036005105 -0.195635789453261 -0.184548645538428 0.186890024181049
-0.0672926460970217 -0.145964289577752 -0.0452477765043404 0.163831562723051
-0.0829131367235517 -0.134059230992065 0.0457713104955801 0.0848286555236216
-0.0806995681673439 -0.143911494912214 0.108941651857809 0.0198133863936336
-0.0632022113882787 -0.217206821599546 0.19613142880105 0.00388250730620964
0.0777680187501767 -0.248986494418366 0.238782958050694 0.0993412858015008
0.238185635270095 -0.134705561939891 0.109338715771502 0.319940165912694
0.326242298327162 0.123537874704311 -0.143017557623984 0.349845148259639
0.149115457995077 0.40343518904521 -0.295193643654673 0.1840126526439
-0.125981444500991 0.507880708474476 -0.197091982687499 0.0827110703187675
-0.272533147001187 0.347237671508385 0.00814226831107856 -0.0937693156920211
-0.0825149287586181 0.383463113624915 0.311652022640509 -0.0456202018906346
0.148741915072305 0.319343625371913 0.235533285730293 -0.384086824293949
0.286680159044797 0.0534325301472536 -0.130656907527812 -0.393363902542491
0.200370516393889 -0.174614200817651 -0.295462924969577 -0.105171602422166
0.0216132855271847 -0.232851314401269 -0.201184664810409 0.0807300318907453
-0.0809724017951418 -0.176291655262732 -0.0887916033650692 0.0951657442187911
-0.0945736236057341 -0.147855381027545 0.00402343318547376 0.0275630792972644
-0.0894219915615149 -0.148658710647709 0.0664399966038518 -0.0401457110717207
-0.0730363799651982 -0.228741153109526 0.170811898925915 -0.0778644659164188
0.0640359664359392 -0.272189317432767 0.263915820339201 -0.0113889505335241
0.233317938559154 -0.169844998782883 0.20764816475859 0.244198931318451
0.343553887065288 0.103621030346041 -0.0466066186220275 0.339559127789845
0.157586111690518 0.399357838516817 -0.239877237286904 0.179251274242073
-0.137866096412923 0.484097337631811 -0.121801832837878 -0.0354162699528305
-0.297647415441855 0.266041223195101 0.136294413961151 -0.218013709245181
-0.159853566146339 0.352962901999071 0.351897270353499 -0.0814250017163809
0.0788924641623995 0.349051279768733 0.313817748643007 -0.334817018484049
0.272771802680515 0.100944674972911 0.0173916361521621 -0.391928647648975
0.211488288006663 -0.144032749216886 -0.196028494030808 -0.212576893961344
0.0346918730616916 -0.22288884402964 -0.198989702087787 -0.0341324974514976
-0.0787246603601809 -0.176322406780717 -0.131239446048564 0.0190097749213374
-0.0920608580692671 -0.140244944221014 -0.0371043683165509 -0.0328585229939386
-0.0865108309987225 -0.134326230746252 0.0247367529809054 -0.0963713235792288
-0.0681679961374305 -0.20966083331637 0.139474319914515 -0.146270445539315
0.056983751708581 -0.254244195488078 0.266404324258499 -0.0977630621260962
0.215949619267702 -0.159732774956457 0.26470780289016 0.169991706792248
0.304959015132432 0.104957641660532 0.0206962052755525 0.305184847323691
0.108584034092828 0.357623746202195 -0.192432174935303 0.157272047564591
-0.153877254643247 0.391444640193611 -0.0518166988966846 -0.138368895078768
-0.250550225946867 0.142970172171467 0.255582740064313 -0.301769080016547
-0.180062421882467 0.240309438050602 0.387098576007793 -0.104817057526152
0.00819897058406928 0.280532657070761 0.360937030841041 -0.266725026941401
0.195243693045791 0.106721333539942 0.138350085738474 -0.353637375684854
0.169604143172497 -0.094841799697051 -0.0963658240481126 -0.283313394141524
0.0349440695213968 -0.170660958546055 -0.188735776363779 -0.132493683599123
-0.0636156533612263 -0.143794105423016 -0.165925308756111 -0.0515704855200407
-0.0746543349588653 -0.112886387169189 -0.0727558231804753 -0.0864982141868531
-0.0727413317784605 -0.10436886324907 -0.00940541757856825 -0.14659201338806
-0.0540586825734113 -0.168531916851268 0.115912969386914 -0.19933123565808
0.0541048934346816 -0.207140860157453 0.265665433710356 -0.154219948431015
0.189824514114916 -0.119652638653186 0.294215442679314 0.119969890548125
0.233682895043762 0.123281051283967 0.0590412273405595 0.271583899387576
0.0291709042743104 0.292483389947013 -0.151432600124868 0.129149865388966
-0.169299577023779 0.252269925819878 0.0147144204335108 -0.207521012007861
-0.1484549831316 0.00185921943555685 0.328071627065575 -0.337028810696666
-0.139332472712764 0.0927540083186258 0.398834044056298 -0.116803538298951
-0.0320071991127304 0.151330615992698 0.378646429884192 -0.216624943376075
0.0925690969213374 0.0715582358054223 0.207039358263197 -0.321622551584997
0.091942169367131 -0.042719854251606 -0.0390244794797059 -0.319131220362642
0.0242725965278321 -0.091635618930895 -0.183083082828309 -0.193357034238439
-0.0374254186238418 -0.0860060890323686 -0.188254019140748 -0.0996395644250277
-0.0454777291862104 -0.0689252698128862 -0.0979508530059299 -0.125622412836613
-0.0506029531636253 -0.0637845168694754 -0.028940706360399 -0.185410977412698
-0.0366086038728907 -0.111518315949451 0.107395311245279 -0.237877644677849
0.0455107935227278 -0.143069215192403 0.271827904777207 -0.183258371663631
0.151628902406205 -0.0718261421874378 0.313188361489374 0.0977817599653217
0.148007431535026 0.132242037605997 0.0767633000975108 0.253627305201113
-0.0499468766179495 0.201102911953527 -0.122357951839196 0.109200579803159
-0.167458828358184 0.0868765799696727 0.0745732477330198 -0.234004878001928
0.109682342761958 0.0541601813089609 -0.0940783869269628 0.304433934679588
0.0627792244460475 -0.0781162434971945 0.229115643018894 -0.0179861965253348
-0.0421926908491186 -0.0847231302448919 -0.0246675774116034 -0.279599173863398
-0.0647609370529149 0.0182640801252156 -0.344137123792888 -0.145193421841452
-0.0154417175199585 0.0381068866225483 -0.31965568515725 0.188347327134102
0.0173671441837434 0.0324375605968267 -0.10688947629003 0.283798990916004
0.0305769524644712 0.016652364407014 0.021957319010105 0.238459542835607
0.0125502938892126 0.00129301404545747 0.107112039160025 0.167501645406438
-0.00359811058861509 0.00269034695030943 0.169251434587423 0.138044191766687
-0.0178720857926774 0.00012109323404152 0.170229354689371 0.195434887529837
-0.00194498570597654 -0.0156572037313477 0.0320396445965241 0.315008138252569
0.0183687764029938 -0.0221763761093202 -0.215432853205274 0.319543373017532
0.0618211565496649 -0.0155125489864989 -0.368259313189463 0.17805800707018
0.0859772188634086 0.0651743734133675 -0.456036215569368 0.0901866638849408
0.0547514967777784 0.165572589614468 -0.40223861586293 0.291423824879708
0.0360273630653377 0.187968921147955 -0.13301994217046 0.261620081414308
0.0820042953658753 0.0422648535533944 0.227640543241747 0.00129374799741658
0.0396062520383209 -0.0262038356542433 0.00129313249238425 -0.308613490135733
0.0110586067651539 -0.0117294201088205 -0.34566584414506 -0.186577780120279
0.0202169596395218 -0.0349371441786326 -0.343079881215399 0.168471237534619
0.00479233638574785 -0.0418328753163835 -0.124661389904656 0.282765544267983
-0.00449262750322554 -0.0369967224226688 0.013881029144023 0.233314611835077
-0.0241068489489334 -0.0537397197618511 0.0999044485672762 0.157838322062243
-0.0320772026222825 -0.0627475998176645 0.161561562009844 0.118185709025482
-0.0240140936191231 -0.0934245936304565 0.187961854769475 0.157656202857461
0.0573726384633543 -0.0961974481166662 0.0941088087063524 0.280813033238467
0.125042616108652 -0.0209344562386923 -0.144835360706334 0.345777992324467
0.137549433783009 0.0950507470218512 -0.325673355613876 0.236207580619644
0.0629175044722268 0.224456454479016 -0.406212701717906 0.118815830920854
-0.0479215624476878 0.319054506307211 -0.347844683596333 0.252416399378688
-0.0671782363169907 0.293853585360977 -0.13451741208784 0.173954920445194
0.0641082157398959 0.180805655048528 0.243585605708801 0.00576491622480551
0.117141860112378 0.0749011939104381 0.0576946998781999 -0.349335047155314
0.112149845714291 -0.0217906103788724 -0.320686526087927 -0.256006136556983
0.0740072627151008 -0.10709457351452 -0.358677828663358 0.109651020133265
-0.000314595288090128 -0.120822021957739 -0.151977703313534 0.250062561677684
-0.0381916022123575 -0.0928923188448193 -0.0102225276333651 0.206793300213722
-0.0562124769185429 -0.100171530994166 0.0783258940730089 0.128413878347893
-0.0582963121251521 -0.113159360799437 0.140002938998872 0.0759782657528915
-0.0421149304555402 -0.167773553959804 0.198522584363669 0.0879846607471723
0.0804149449588687 -0.179399642989778 0.170723588127266 0.204638398550342
0.200479579492616 -0.0673772291707151 -0.0235619478144209 0.351720242252261
0.238060329210989 0.136633321936902 -0.244499768980864 0.302596556748005
0.0956264118775159 0.34117411787734 -0.348308295158815 0.152195704485836
-0.102846268247671 0.436959572238884 -0.271520204323072 0.177047294226993
-0.181771198544195 0.346010910451838 -0.0857940890598716 0.0500729535695499
0.00375907606168773 0.305610943636297 0.271456460701251 -0.00764962836984615
0.160657239505724 0.203598224639644 0.140274360699542 -0.376818148969603
0.215573283112733 0.00132908011721763 -0.247329792091737 -0.334001247902476
0.139596010117248 -0.158144769739376 -0.345265966738156 0.0129271095198451
0.00639631746528884 -0.188709702263956 -0.179579817049838 0.180000840336805
-0.0636223495698688 -0.141721111612171 -0.045547530056024 0.158534507111508
-0.0801342813814549 -0.132076527467623 0.0440961315196058 0.0831584840844534
-0.0773057990161203 -0.14050263761307 0.105917608161194 0.0209783082886335
-0.0623922447269042 -0.210024786990897 0.190050478422813 0.00491700976419032
0.073059833746593 -0.241442246026581 0.228376249191065 0.0991009639744328
0.230336376848838 -0.128989054109867 0.103674714479761 0.312188166374952
0.313987427719162 0.123426508013242 -0.14171426081906 0.336479182228519
0.140994008486372 0.392682852940169 -0.288418793936125 0.173188603503442
-0.123888883238309 0.490710521947102 -0.191162704902805 0.0746030984736999
-0.267971679232769 0.3317292413978 0.0118054544155812 -0.0873115047872552
-0.0838067904299157 0.369367329188593 0.305207496559377 -0.03738359978173
0.141537325245542 0.311799994405362 0.232624529480985 -0.368167880054952
0.276478849284567 0.0534680259095942 -0.121434621234702 -0.383684202886195
0.192629092748344 -0.169146916749624 -0.28398525126386 -0.105155702618938
0.0204895715710252 -0.223513828889753 -0.194976242456802 0.0773712801859442
-0.076925494718749 -0.1704829314851 -0.0880161718719039 0.0919430308231913
-0.091204620954414 -0.144352459554885 0.00372611973963635 0.0267493029968316
-0.0859099390206917 -0.145204172323298 0.0643603335661416 -0.0365469009315141
-0.0717662054874959 -0.220720853104076 0.165305342556057 -0.0740740840021186
0.0600777424461059 -0.263536529083089 0.252374928861922 -0.00764753908562885
0.225839510239232 -0.161839260861456 0.199783449056888 0.238230149283389
0.332299343958255 0.1023776287444 -0.0470659185565618 0.329225533275748
0.148374840243404 0.387455685713692 -0.234982848738649 0.168341356492709
-0.134674373424961 0.46795510983709 -0.117460237210156 -0.0384608502440428
-0.291919334274805 0.253151204298597 0.136249515414358 -0.205698599266804
-0.158062878466047 0.33732778904308 0.344150601546148 -0.0712501138414126
0.0729117183365162 0.339190762439364 0.306953816215973 -0.317417868143394
0.262320244437462 0.100164658955716 0.023217726989553 -0.380585666211592
0.204591041803899 -0.13911153024613 -0.18673339115907 -0.209105987118866
0.0337805994684142 -0.213344500710193 -0.192867121331223 -0.033787579621641
-0.0745902566157091 -0.170106237085656 -0.129010742785327 0.0179728515729145
-0.0879245590887517 -0.13788480450767 -0.0377431590392035 -0.0306810188302623
-0.0816734664131736 -0.130608149137854 0.0241142938920262 -0.0914841586136664
-0.0669965343482234 -0.201746663936551 0.135301325556159 -0.140479140245828
0.0533594889971096 -0.245952881305962 0.255625803330462 -0.092831133219377
0.207781439379473 -0.152628219420853 0.255092044275148 0.167508564941663
0.295683471406571 0.104496693364309 0.0182181822040297 0.296689424428371
0.102945358449979 0.347790254391878 -0.188981370905103 0.147139012810054
-0.148426859159353 0.377527810939644 -0.0506957722110473 -0.136567005591198
-0.245449924003813 0.134405730417606 0.252005312687775 -0.285632163247117
-0.176815647731282 0.228372306216791 0.376207015369032 -0.0940372493779964
0.00607984564101148 0.271210428681246 0.350811833172117 -0.251903029554539
0.187766344140721 0.104579539523682 0.141143051874335 -0.341811632988935
0.162972224123619 -0.0914623269449174 -0.0895900191058142 -0.276302170181283
0.0342352333456323 -0.163231744439705 -0.182094141417481 -0.128247411294212
-0.0600522543374171 -0.13838776261819 -0.160713436751711 -0.0496842360841082
-0.0712001058169983 -0.111207565672195 -0.072368465060722 -0.0839671083702007
-0.0682916224561021 -0.10267948761046 -0.00851921460303198 -0.14065363594201
-0.052409673207599 -0.162176052165915 0.11308652958679 -0.192062504823393
0.0515915718419691 -0.200170239759065 0.255160958943813 -0.146982003019666
0.182412573599707 -0.114453604713417 0.284324248260615 0.118890810218088
0.226345413869084 0.121019296514121 0.0559358852261509 0.264963539520955
0.026399008082505 0.282639145273566 -0.148847581298124 0.121286575453765
-0.163938736994791 0.240931332594123 0.0136243827953613 -0.202464806885773
-0.144265525865736 -0.00119799344322218 0.321827732732582 -0.320352879707505
-0.135301205739832 0.0866201569069135 0.386762865064345 -0.104778543091903
-0.0320144780455926 0.145493294768761 0.36915641269275 -0.203542078201467
0.0882042358855158 0.0694830354150489 0.206181151042936 -0.310728315933662
0.0874774792397756 -0.0404731686087687 -0.033785397292649 -0.310306879271354
0.0233915645352334 -0.0864704918648521 -0.177348477380362 -0.187236291253913
-0.0356159877867362 -0.0821118852258907 -0.183353134198418 -0.0961106979264282
-0.043461055191645 -0.0682211348511542 -0.0960910729016819 -0.122134886158637
-0.0467096885645699 -0.0624617552232791 -0.0276414613255217 -0.178167597971219
-0.034807718880432 -0.107327796497041 0.104252078985462 -0.229451351469296
0.0431914216319181 -0.137084091195408 0.262281030131957 -0.175566280566679
0.145181241551576 -0.0682508836299793 0.302846852205908 0.0973583178985067
0.142481723714076 0.129230214565749 0.0727725382146432 0.246731658577612
-0.0490381151296953 0.19446680172047 -0.120486004603505 0.1030252071478
-0.161304867867153 0.0823310170588876 0.0720725147473805 -0.225597267476605
0.108351436628126 0.056058472209217 -0.0970216263119687 0.301753395489703
0.0633297602548413 -0.0759680091026527 0.233765781409708 -0.0163726817589329
-0.0413271486441326 -0.085421122721115 -0.0171578384260086 -0.283317248721883
-0.0644284623415575 0.0173999656300021 -0.342035708191277 -0.151805857514415
-0.0165939770914029 0.0377793220987747 -0.32423074670481 0.186000477732109
0.0177770292675908 0.0318630827319267 -0.111898370348426 0.283389757749097
0.0302524233527723 0.0150951928048785 0.0194436879935211 0.240229967276842
0.0113798190738185 0.000545593841349673 0.106969070386524 0.169329197343389
-0.00456933778038469 0.00299604657062266 0.169408840628447 0.141401321524093
-0.0182039756925876 -0.00055497565569418 0.168443367810877 0.198739324914853
-0.00204367772382582 -0.0162356684927734 0.0276508820106837 0.318674318373088
0.0197227288491509 -0.0211915250903614 -0.223198616755888 0.316578959541046
0.0611426210310718 -0.013202998456746 -0.375819378825838 0.168114838951185
0.0843912130472731 0.0684093990124896 -0.460625194529724 0.080726503224299
0.0516157459122241 0.16665133903318 -0.411009780096143 0.282927007452469
0.0316426838353884 0.188847796806214 -0.134338586213993 0.258515008117226
0.0799792480190177 0.0444069414393962 0.233138927653719 0.005096525253914
0.0399405416074649 -0.0246357715489444 0.0097093994574848 -0.311172098124547
0.0112310915972535 -0.0106176928135511 -0.344768600142866 -0.194472920962053
0.0198488196554484 -0.0350960215083527 -0.347136697586267 0.163669123711009
0.00538722506869164 -0.0422815935354751 -0.129285375386607 0.281340180210094
-0.00301205409593351 -0.0387236976868265 0.0104863516916384 0.235543131571373
-0.023994062324902 -0.0552820348876284 0.0998624611226348 0.160407880161299
-0.0323025387650038 -0.0637407261916107 0.161040272472015 0.121043591128081
-0.0234877330068259 -0.0944459779643592 0.186937173736569 0.160664666770816
0.0581538063891495 -0.0965763541473417 0.0893006500182337 0.284828391826727
0.12678737633027 -0.0183754891860677 -0.152059693135721 0.34514239618524
0.136765671747739 0.0984470394769098 -0.333712019608741 0.229844990479251
0.058429731339455 0.22809598585646 -0.412091764694796 0.110382933226798
-0.0532161936623508 0.318965277227537 -0.354145190346095 0.244993282729485
-0.0743158581963897 0.29173215051683 -0.134222080276716 0.172243289812094
0.0590171572780696 0.182118613635681 0.249285928413613 0.0120482207362659
0.115967515177198 0.0784072933965487 0.0668164106918295 -0.350921964060519
0.112654376858743 -0.0192767842533133 -0.317514627352711 -0.264383644287856
0.074268507173487 -0.107027474559395 -0.362298553308533 0.103392786420562
0.0011519882899749 -0.121529971034841 -0.156422573313048 0.248756693186143
-0.0360313711398026 -0.0947348156858212 -0.0142053755069808 0.207970022181645
-0.0556226404882569 -0.102602695931866 0.0774686047047783 0.130883239000071
-0.0578105287101766 -0.115153695178362 0.140092227415165 0.078654914249161
-0.0418959619059831 -0.168539435835515 0.197802820349518 0.0912588298448102
0.0808172883276854 -0.180154254538698 0.167304040043386 0.210785617570602
0.202600477073369 -0.0643637025327851 -0.0303743037927167 0.354654741975552
0.237734439211753 0.142175096452663 -0.253097816999944 0.297926990680944
0.0889590003941496 0.345244503023226 -0.355118418066472 0.144088302339784
-0.110741892509247 0.436206757741491 -0.276091675048626 0.170932055633297
-0.190425916592051 0.344232307423657 -0.0829631146963009 0.049481129660209
-0.00329010191034777 0.306503566963133 0.276896959069605 0.000253155810925718
0.15798740316682 0.208718060119586 0.151588711287658 -0.375097209886919
0.215930334671153 0.00554542253351035 -0.240844016616749 -0.342122889602815
0.140741961758654 -0.15740092023439 -0.347277325578295 0.00526419133504503
0.00771544461151827 -0.188202121819118 -0.18314041839538 0.177060131398315
-0.0609373418115174 -0.14374311027956 -0.0493708618817924 0.158190587458767
-0.0779057556482296 -0.135725315451319 0.0432051660630577 0.08475325575205
-0.0761534028320673 -0.142769107950793 0.106056376847399 0.0242868492848511
-0.0619904173340395 -0.211249747641749 0.190531406240978 0.00837064460232367
0.0746221428028785 -0.242718070996106 0.225718818652481 0.104785313301913
0.23182310141456 -0.125434534431182 0.0984663578300943 0.316554344748203
0.314978015833707 0.130305895291109 -0.148346186535368 0.335778021143048
0.134829086298857 0.39849315248028 -0.294762850734658 0.166090452855881
-0.131453079399657 0.489162844614528 -0.193282166555216 0.0679118343106481
-0.274931944686626 0.327258500055075 0.0169796451638955 -0.0851591047772897
-0.094140129672962 0.367009192188369 0.311216104852471 -0.027707507475338
0.13773653923564 0.316533660661773 0.242680486829845 -0.362701031333701
0.27587506696877 0.0580287553371603 -0.113872030273522 -0.389027607473551
0.193910265340605 -0.167236201592849 -0.284434496522036 -0.112840466649678
0.0228284732318019 -0.222816571567289 -0.197073799810032 0.0745409144567209
-0.0730647550673023 -0.172328771149649 -0.0914383166074585 0.0911665261777786
-0.0893825797495935 -0.148780347950995 0.00275851361237094 0.0277417557377647
-0.0832674479732114 -0.147842691168395 0.0652905534760118 -0.0338747605329436
-0.0713017830141119 -0.221068277042736 0.166576998567736 -0.0717326506074413
0.0606141818556707 -0.264299978287673 0.25173411369026 -0.00333414213271514
0.228154837413946 -0.158567994040261 0.196181351898727 0.244771813988815
0.332724693236151 0.108933151822216 -0.0527400663117919 0.329837680878577
0.144472609813267 0.392163149047863 -0.240857242014973 0.162496007180994
-0.140238863378859 0.467063181256528 -0.118520673165835 -0.0438383678101287
-0.299920824720671 0.247792515795016 0.143315277718493 -0.20159928571602
-0.167263674685355 0.33506772774314 0.348503484418933 -0.0612875408678172
0.0692064055256157 0.342482636839693 0.316046603787175 -0.310907780736058
0.261227519723817 0.104145025492142 0.0324790038851184 -0.383480977395924
0.205112465691818 -0.137716909407997 -0.18280167952 -0.214890615170197
0.0363083056135669 -0.21248804507913 -0.193155331278818 -0.0371901001416068
-0.0726049033572384 -0.171368939994239 -0.131084409822576 0.0172926833433318
-0.0854832663274204 -0.141267044784697 -0.0382101804090857 -0.0318887067761759
-0.0793140204530878 -0.133889308536811 0.0258869528003032 -0.0905066580755935
-0.0661044720583383 -0.202458657841523 0.137588131252437 -0.139139447940139
0.0544553403777775 -0.245847633065571 0.25551000668664 -0.0880116730788437
0.20884026192298 -0.148702785414779 0.253687216481653 0.172954954337944
0.295421582671496 0.109887633101664 0.0139098965006399 0.29952432841507
0.0995362823787098 0.350322344972841 -0.194369953921334 0.142678510699354
-0.154845011628177 0.375367580073739 -0.0498714249490183 -0.140423900147479
-0.249898970932773 0.129154176466956 0.260199370447123 -0.279449443790387
-0.183272683144574 0.225165871456857 0.379986510175686 -0.0830830962571935
0.00173390902862665 0.272899994532344 0.357465707321993 -0.243841754420882
0.186183872192516 0.107662959798338 0.150704569478371 -0.342576888170003
0.16328551467278 -0.0891940670048095 -0.0834714959910896 -0.281661880079037
0.0356852413789047 -0.161305079809153 -0.180515935560447 -0.131690500452756
-0.0577641851545233 -0.138225385969568 -0.162576281279894 -0.0504171426645192
-0.0694704347639117 -0.114187560958003 -0.0730312069767618 -0.0852904595827973
-0.0652192191327358 -0.104314238584076 -0.00605409144638161 -0.140254445317019
-0.0512664049355149 -0.162196535350407 0.115678340473287 -0.191189647390563
0.0521971078026906 -0.200016565874127 0.256755951296725 -0.143493026751281
0.183312585364151 -0.111443958850478 0.28388128731365 0.124555198260378
0.226260897910934 0.124826129105539 0.05209612159593 0.267262820249711
0.0221071699388074 0.284624703794892 -0.153914794695466 0.117516299536231
-0.167984005696872 0.238561746002529 0.0153289744440326 -0.203605628736374
-0.145751128824617 -0.00519491358350059 0.330242678969449 -0.314007920520049
-0.137934136905671 0.0834591491305564 0.38996984069915 -0.0947789608590646
-0.0337208956557482 0.145617934977431 0.375761513879747 -0.193960635969975
0.0871642342286183 0.0710951893263676 0.216156820221094 -0.309632432250279
0.0873332996676355 -0.0393350116876315 -0.0271323423228742 -0.31409959055853
0.0252587677678782 -0.0847072121267382 -0.175034873988966 -0.190196130357185
-0.0346605097019995 -0.0819504431016926 -0.183798143144874 -0.0976989399936495
-0.0426326880773078 -0.0710582701375868 -0.0968695581802603 -0.123248034869835
-0.0435851984137911 -0.0639170413137458 -0.0253192618540032 -0.178419032868579
-0.0335642723257513 -0.107233832814689 0.107048183770288 -0.227979083393546
0.0447364847204147 -0.136687553546538 0.263829989190778 -0.172196123124562
0.145477858385032 -0.0662350853652194 0.302280578961186 0.103369050960786
0.141740958088737 0.131272803591576 0.06864497616066 0.251105742784954
-0.0524570159513279 0.194758759364585 -0.125496104378332 0.100633494579396
-0.163547568251577 0.0793238447615382 0.0744828989457751 -0.224557749783833
