TRXV5
3
4
4
9
string Extension=J
integer IsArchMeasurement=1
integer IsSpherical=1
string Generator=SPM
string GeneratorVersion=1.3.1 Dev
double ArchRadius=0.449999988079071
integer FrequencyAxisIndex=0
integer AzimuthAxisIndex=1
integer ElevationAxisIndex=2
Frequency
5 136 690000000 960000000 LIN
Azimuth
7 8 0 2.74889357189107 LIN
Elevation
7 15 -2.74889357189107 2.74889357189107 LIN
Polar H Real Part
13
Polar H Imaginary Part
14
Polar V Real Part
13
Polar V Imaginary Part
14
Polar H Magnitude (dB)
12 0xC0000002 0 1
Polar H Phase
7 0xC0000003 0 1
Polar V Magnitude (dB)
12 0xC0000002 2 3
Polar V Phase
7 0xC0000003 2 3
0.0235519409179687 0.111763000488281 0.14794921875 -0.0601348876953125
0.104629516601563 0.044769287109375 0.09979248046875 0.0127334594726563
0.07275390625 -0.0510711669921875 0.115921020507813 0.0197296142578125
0.0142669677734375 -0.0720748901367188 0.1546630859375 -0.0300445556640625
-0.0229110717773438 -0.0582389831542969 0.13885498046875 -0.0950241088867188
-0.0575332641601563 -0.0488739013671875 0.0873260498046875 -0.14581298828125
-0.05706787109375 -0.0353851318359375 0.0531539916992188 -0.136436462402344
-0.0463371276855469 -0.041168212890625 0.0380096435546875 -0.091094970703125
-0.0402107238769531 -0.0679779052734375 0.0234832763671875 -0.037109375
0.0118484497070313 -0.0730056762695313 -0.0115785598754883 -0.0066366195678711
0.0625495910644531 -0.0421142578125 -0.0748062133789063 -0.0261001586914063
0.0749053955078125 0.004180908203125 -0.0861968994140625 -0.10198974609375
0.044769287109375 0.0727920532226563 -0.00822448730468749 -0.215606689453125
-0.00440216064453124 0.110374450683594 0.0604248046875 -0.222564697265625
-0.05194091796875 0.106330871582031 0.0343475341796875 -0.1431884765625
-0.011962890625 0.149444580078125 0.149322509765625 -0.011688232421875
0.0878067016601562 0.100509643554687 0.103561401367188 0.0569229125976563
0.0901565551757812 -0.0045013427734375 0.129615783691406 0.0534591674804688
0.0528907775878906 -0.045623779296875 0.175003051757813 -0.000885009765625003
0.0205917358398438 -0.0568695068359375 0.1634521484375 -0.0712890625
-0.0141067504882812 -0.0734405517578125 0.116706848144531 -0.133880615234375
-0.0249710083007812 -0.0674781799316406 0.0755081176757813 -0.124122619628906
-0.0154533386230469 -0.0649566650390625 0.052978515625 -0.0742416381835938
-0.00375366210937499 -0.0897598266601563 0.0333003997802734 -0.0126247406005859
0.04876708984375 -0.0804977416992188 -0.00968742370605468 0.0229263305664062
0.092926025390625 -0.0309600830078125 -0.0836257934570312 0.00769042968749999
0.0989151000976563 0.02935791015625 -0.110984802246094 -0.0676651000976562
0.0476226806640625 0.108177185058594 -0.053558349609375 -0.190231323242187
-0.021820068359375 0.147064208984375 0.014495849609375 -0.1890869140625
-0.0766143798828125 0.141250610351563 -0.00293731689453124 -0.103569030761719
-0.0534820556640625 0.165130615234375 0.130889892578125 0.0498580932617188
0.04791259765625 0.147903442382813 0.0916671752929688 0.117355346679688
0.0900726318359375 0.054443359375 0.136566162109375 0.100723266601562
0.0873870849609375 -0.0013580322265625 0.189437866210937 0.0390777587890625
0.0669364929199219 -0.0401611328125 0.17852783203125 -0.038970947265625
0.0380935668945313 -0.0843582153320313 0.136665344238281 -0.108139038085938
0.0144424438476562 -0.089874267578125 0.0870895385742188 -0.09716796875
0.0170822143554687 -0.0791244506835938 0.0586013793945313 -0.0460281372070313
0.0282745361328125 -0.0985107421875 0.0349998474121094 0.0181598663330078
0.0720672607421875 -0.0821304321289063 -0.0115394592285156 0.0561790466308594
0.106765747070313 -0.026824951171875 -0.0893783569335937 0.046356201171875
0.111396789550781 0.0349578857421875 -0.129852294921875 -0.0243759155273437
0.0599365234375 0.117668151855469 -0.097564697265625 -0.147216796875
-0.0190277099609375 0.16192626953125 -0.031158447265625 -0.137863159179688
-0.084320068359375 0.157180786132813 -0.0442886352539063 -0.0525093078613281
-0.08856201171875 0.152359008789063 0.0912322998046875 0.112655639648438
-0.00482177734375001 0.168807983398438 0.0578765869140625 0.182357788085938
0.067352294921875 0.107063293457031 0.127532958984375 0.153411865234375
0.102333068847656 0.0515975952148437 0.18658447265625 0.0836029052734375
0.102378845214844 -0.0083465576171875 0.175857543945313 -0.0012664794921875
0.0865097045898438 -0.0761947631835938 0.139984130859375 -0.0712661743164063
0.0523757934570313 -0.0960769653320313 0.0844039916992188 -0.05926513671875
0.045562744140625 -0.0805435180664063 0.0533943176269531 -0.0107536315917969
0.0542449951171875 -0.0955581665039063 0.0307769775390625 0.0516014099121094
0.0858917236328125 -0.0768051147460937 -0.0131454467773437 0.0882034301757813
0.1070556640625 -0.0225067138671875 -0.0869064331054688 0.082550048828125
0.109115600585937 0.032684326171875 -0.133895874023438 0.0188217163085938
0.0663604736328125 0.109268188476563 -0.120964050292969 -0.0948867797851562
-0.0111236572265625 0.15350341796875 -0.0600662231445313 -0.07635498046875
-0.081634521484375 0.150299072265625 -0.078460693359375 0.0042724609375
-0.103385925292969 0.111587524414062 0.0371551513671875 0.162521362304688
-0.051605224609375 0.150985717773438 0.00657653808593748 0.23443603515625
0.02728271484375 0.130035400390625 0.09820556640625 0.19879150390625
0.0868606567382813 0.0925750732421875 0.16180419921875 0.120635986328125
0.109878540039063 0.0276641845703125 0.152740478515625 0.0316162109375
0.115592956542969 -0.0497894287109375 0.12237548828125 -0.0317840576171875
0.0811080932617187 -0.0840377807617187 0.0668983459472656 -0.0184822082519531
0.065460205078125 -0.0706787109375 0.0383148193359375 0.0265998840332031
0.0723419189453125 -0.0819244384765625 0.0211944580078125 0.0820770263671875
0.0932846069335938 -0.0615692138671875 -0.018402099609375 0.114059448242188
0.100921630859375 -0.0120010375976562 -0.08050537109375 0.107963562011719
0.0956268310546875 0.0363998413085937 -0.124984741210937 0.0497665405273438
0.0536041259765625 0.09625244140625 -0.121353149414063 -0.0469512939453125
-0.01568603515625 0.12713623046875 -0.0694236755371094 -0.01885986328125
-0.081207275390625 0.119293212890625 -0.104690551757813 0.0550460815429687
-0.0897369384765625 0.052459716796875 -0.014068603515625 0.19061279296875
-0.07440185546875 0.0985260009765625 -0.0465545654296875 0.260650634765625
-0.0129013061523438 0.109771728515625 0.0608673095703125 0.223770141601563
0.0461807250976563 0.101821899414063 0.125526428222656 0.139686584472656
0.08624267578125 0.0539321899414063 0.116935729980469 0.04937744140625
0.114723205566406 -0.0129470825195312 0.0894317626953125 -0.000137329101562501
0.0930709838867188 -0.05474853515625 0.0396194458007813 0.0178871154785156
0.0746994018554687 -0.050384521484375 0.0174560546875 0.0600814819335938
0.0819091796875 -0.0590667724609375 0.00624847412109377 0.107795715332031
0.09552001953125 -0.0380630493164063 -0.0284881591796875 0.131782531738281
0.092559814453125 0.00675201416015625 -0.0792236328125 0.120147705078125
0.074859619140625 0.0489730834960938 -0.114921569824219 0.0635223388671875
0.0244827270507813 0.0878448486328125 -0.111831665039063 -0.0167160034179687
-0.0373382568359375 0.0914154052734375 -0.0698089599609375 0.0203208923339844
-0.0861282348632813 0.068145751953125 -0.125068664550781 0.0901718139648438
-0.0521583557128906 -0.0126266479492187 -0.04656982421875 0.1949462890625
-0.0631294250488281 0.0271110534667969 -0.0811309814453125 0.260177612304688
-0.0352630615234375 0.0547218322753906 0.0314178466796875 0.22637939453125
-0.00190734863281249 0.0737991333007813 0.0943603515625 0.138679504394531
0.0394630432128906 0.060211181640625 0.0847702026367188 0.0489654541015625
0.0844192504882813 0.0233612060546875 0.0523948669433594 0.0163459777832031
0.0866622924804688 -0.0160369873046875 0.00856781005859375 0.0420188903808594
0.0722427368164063 -0.021881103515625 -0.0066375732421875 0.0855789184570313
0.0809783935546875 -0.0304489135742188 -0.0147247314453125 0.127525329589844
0.0907363891601563 -0.00930023193359375 -0.0467529296875 0.141860961914063
0.0793609619140625 0.0283126831054688 -0.0885772705078125 0.121009826660156
0.0524368286132813 0.0643501281738281 -0.113113403320313 0.0626983642578125
-0.0113449096679688 0.08251953125 -0.105636596679687 -0.00369262695312498
-0.0655975341796875 0.0526123046875 -0.074432373046875 0.0382919311523438
-0.0900650024414063 0.00713348388671874 -0.144317626953125 0.103271484375
-0.00569915771484375 -0.0727767944335938 -0.0524444580078125 0.179931640625
-0.0322532653808594 -0.04315185546875 -0.0849456787109375 0.243881225585937
-0.03729248046875 -0.0122566223144531 0.02508544921875 0.215377807617188
-0.0417366027832031 0.0247573852539062 0.0834579467773438 0.124855041503906
-0.0131797790527344 0.0489044189453125 0.068267822265625 0.0350837707519531
0.038238525390625 0.0510826110839844 0.0229549407958984 0.0140552520751953
0.0642585754394531 0.0242576599121094 -0.0194206237792969 0.0497665405273438
0.0580558776855469 0.0101890563964844 -0.0301513671875 0.09869384765625
0.0686225891113281 0.00208282470703125 -0.0384521484375 0.138931274414063
0.0745620727539063 0.0200729370117187 -0.0726470947265625 0.145294189453125
0.058685302734375 0.0465621948242187 -0.106925964355469 0.116081237792969
0.02545166015625 0.0739517211914063 -0.122795104980469 0.0538406372070313
-0.0457000732421875 0.0703506469726563 -0.109039306640625 -0.00675964355468749
-0.0875091552734375 0.00791931152343749 -0.0884323120117188 0.0351181030273438
-0.0851821899414062 -0.057373046875 -0.162811279296875 0.093048095703125
0.0497055053710938 0.120567321777344 0.1668701171875 -0.08197021484375
0.128227233886719 0.02960205078125 0.114982604980469 -0.004058837890625
0.0730514526367188 -0.0726776123046875 0.123321533203125 0.00446319580078125
0.000923156738281241 -0.085906982421875 0.158035278320313 -0.0475616455078125
-0.0401954650878906 -0.0623092651367188 0.138343811035156 -0.114089965820313
-0.0783004760742187 -0.04205322265625 0.079742431640625 -0.162643432617188
-0.0731658935546875 -0.0262527465820313 0.0468292236328125 -0.153701782226563
-0.0616455078125 -0.0341072082519531 0.0382614135742187 -0.104621887207031
-0.0627822875976563 -0.066162109375 0.0308418273925781 -0.0447463989257813
-0.005340576171875 -0.0853042602539063 -0.00241541862487793 -0.00411152839660645
0.0609283447265625 -0.0630149841308594 -0.0760345458984375 -0.0121841430664062
0.0863494873046875 -0.0120010375976563 -0.102241516113281 -0.0907974243164063
0.0682220458984375 0.0757522583007813 -0.03765869140625 -0.226150512695313
0.0178375244140625 0.130897521972656 0.042633056640625 -0.248199462890625
-0.036346435546875 0.134880065917969 0.0320281982421875 -0.157012939453125
0.00912475585937502 0.164566040039063 0.176864624023438 -0.0282135009765625
0.111373901367188 0.093780517578125 0.127861022949219 0.0433425903320313
0.095001220703125 -0.0212554931640625 0.143844604492188 0.038665771484375
0.0464897155761719 -0.0589218139648437 0.185501098632813 -0.019134521484375
0.00836944580078125 -0.063873291015625 0.169082641601563 -0.09259033203125
-0.0315780639648438 -0.07293701171875 0.114303588867187 -0.155349731445313
-0.0390739440917969 -0.0652961730957031 0.0743255615234375 -0.145416259765625
-0.0285263061523437 -0.0645637512207031 0.0580368041992188 -0.0907440185546875
-0.0224761962890625 -0.09344482421875 0.0466766357421875 -0.0214958190917969
0.0368118286132813 -0.095001220703125 0.00633811950683594 0.0269737243652344
0.095947265625 -0.0502090454101563 -0.0785140991210938 0.0247726440429688
0.114227294921875 0.0165023803710938 -0.121940612792969 -0.0498275756835937
0.0708465576171875 0.115013122558594 -0.0818939208984375 -0.19085693359375
-0.00312805175781249 0.172393798828125 -0.00148010253906249 -0.20379638671875
-0.065826416015625 0.174041748046875 -0.00237274169921876 -0.106834411621094
-0.0419464111328125 0.184371948242188 0.1646728515625 0.04241943359375
0.0678863525390625 0.151458740234375 0.124031066894531 0.11126708984375
0.0985946655273437 0.0456466674804687 0.15838623046875 0.088165283203125
0.0893096923828125 -0.0105438232421875 0.207168579101562 0.0211639404296875
0.0630683898925781 -0.0486793518066406 0.190414428710938 -0.060760498046875
0.0274200439453125 -0.0914459228515625 0.140090942382813 -0.132820129394531
0.00402832031249999 -0.0950927734375 0.0910873413085937 -0.118568420410156
0.0086212158203125 -0.083526611328125 0.0679512023925781 -0.0625877380371094
0.0166473388671875 -0.107040405273438 0.0528602600097656 0.0102767944335937
0.0668487548828125 -0.0969772338867188 0.009979248046875 0.0607528686523438
0.11273193359375 -0.041534423828125 -0.078521728515625 0.0654983520507813
0.126708984375 0.0261306762695313 -0.134613037109375 -0.00147247314453123
0.0799179077148437 0.125312805175781 -0.121124267578125 -0.13897705078125
-0.00466918945312502 0.186248779296875 -0.04376220703125 -0.140838623046875
-0.077972412109375 0.188400268554688 -0.0416603088378906 -0.0445175170898438
-0.0881195068359375 0.172744750976563 0.126998901367188 0.117385864257813
0.0064544677734375 0.182449340820313 0.0944366455078125 0.188064575195313
0.077728271484375 0.109748840332031 0.156539916992188 0.146926879882812
0.112373352050781 0.0488967895507812 0.210540771484375 0.0684661865234375
0.10833740234375 -0.0168228149414062 0.19244384765625 -0.021331787109375
0.0851364135742188 -0.0885391235351563 0.147659301757813 -0.0954742431640625
0.0489273071289062 -0.107704162597656 0.0917510986328125 -0.078399658203125
0.0436325073242188 -0.0899581909179687 0.0646553039550781 -0.02410888671875
0.0508804321289063 -0.107139587402344 0.0509033203125 0.044830322265625
0.0873489379882813 -0.0903244018554688 0.010589599609375 0.0922622680664063
0.116477966308594 -0.0339889526367188 -0.0710067749023437 0.100906372070312
0.124404907226563 0.0278167724609375 -0.131492614746094 0.0431671142578125
0.080108642578125 0.117469787597656 -0.137062072753906 -0.0792999267578125
-0.00282287597656249 0.1748046875 -0.0661773681640625 -0.0698814392089844
-0.0820770263671875 0.177734375 -0.0746231079101562 0.0210113525390625
-0.113563537597656 0.127609252929688 0.070892333984375 0.179367065429688
-0.05316162109375 0.169219970703125 0.0437164306640625 0.253036499023438
0.033935546875 0.141830444335938 0.131851196289062 0.199905395507813
0.0994338989257812 0.099517822265625 0.189208984375 0.110671997070312
0.123970031738281 0.0250625610351563 0.169815063476563 0.0153656005859375
0.124366760253906 -0.06298828125 0.132728576660156 -0.0520553588867188
0.0846481323242187 -0.0992279052734375 0.0756607055664063 -0.0320587158203125
0.069915771484375 -0.0831985473632813 0.0512237548828125 0.0181465148925781
0.0768051147460938 -0.0954132080078125 0.0408935546875 0.0781402587890625
0.101310729980469 -0.0745620727539063 0.00595855712890626 0.117904663085938
0.113548278808594 -0.01861572265625 -0.0623550415039063 0.123695373535156
0.109992980957031 0.0374984741210938 -0.117607116699219 0.0723953247070312
0.0631790161132813 0.10693359375 -0.130073547363281 -0.029815673828125
-0.015960693359375 0.146026611328125 -0.0691795349121094 -0.00656509399414063
-0.0891876220703125 0.141159057617188 -0.10015869140625 0.077880859375
-0.108558654785156 0.059906005859375 0.011016845703125 0.216201782226563
-0.0874404907226563 0.112129211425781 -0.01397705078125 0.289031982421875
-0.014892578125 0.125228881835938 0.0944671630859375 0.231277465820313
0.05615234375 0.116233825683594 0.151947021484375 0.133758544921875
0.102096557617188 0.0594024658203125 0.132095336914063 0.0371475219726563
0.131423950195312 -0.0227279663085937 0.0972442626953125 -0.0136337280273438
0.104339599609375 -0.0714035034179688 0.0467491149902344 0.0117568969726562
0.084136962890625 -0.0632858276367187 0.0290794372558594 0.0575714111328125
0.0924606323242188 -0.07342529296875 0.0245819091796875 0.108360290527344
0.109611511230469 -0.0501327514648438 -0.00682830810546874 0.138069152832031
0.108451843261719 0.00396728515625 -0.0624237060546875 0.133804321289063
0.0907135009765625 0.054901123046875 -0.106666564941406 0.08221435546875
0.0293350219726563 0.103340148925781 -0.114845275878906 0.00100708007812503
-0.0455245971679687 0.109405517578125 -0.0675048828125 0.0362739562988281
-0.102310180664063 0.0846939086914063 -0.122947692871094 0.116310119628906
-0.074859619140625 -0.018585205078125 -0.030426025390625 0.223403930664063
-0.0848617553710938 0.0313034057617188 -0.055450439453125 0.294403076171875
-0.0466499328613281 0.0675582885742188 0.0633392333984375 0.23822021484375
-0.000228881835937492 0.0928878784179688 0.116836547851563 0.135147094726563
0.0526580810546875 0.0727157592773438 0.095001220703125 0.03887939453125
0.105827331542969 0.0202865600585938 0.0559654235839844 0.008819580078125
0.103424072265625 -0.0293960571289062 0.0121040344238281 0.04290771484375
0.0861740112304688 -0.0345382690429688 0.00345611572265625 0.0897293090820313
0.0957489013671875 -0.044036865234375 0.000473022460937518 0.133262634277344
0.109481811523438 -0.0198822021484375 -0.029388427734375 0.15130615234375
0.0984573364257813 0.0275039672851562 -0.0752410888671875 0.134925842285156
0.069305419921875 0.074462890625 -0.106895446777344 0.079864501953125
-0.009033203125 0.10198974609375 -0.106674194335938 0.013031005859375
-0.0810165405273438 0.0698318481445313 -0.0737533569335938 0.0562667846679688
-0.114784240722656 0.0178451538085938 -0.148468017578125 0.130401611328125
-0.02685546875 -0.0906295776367188 -0.0439300537109375 0.204071044921875
-0.0556297302246094 -0.0512619018554688 -0.065673828125 0.275680541992188
-0.0563545227050781 -0.0079193115234375 0.054473876953125 0.225967407226562
-0.0502204895019531 0.0423774719238281 0.103271484375 0.117965698242187
-0.00579833984375 0.0659370422363281 0.071533203125 0.0244979858398438
0.05950927734375 0.0564651489257812 0.02008056640625 0.0107345581054688
0.0841751098632813 0.0164260864257813 -0.02081298828125 0.0566749572753906
0.0747833251953125 0.0009918212890625 -0.0243606567382812 0.109397888183594
0.0855255126953125 -0.00855255126953125 -0.0277099609375 0.15081787109375
0.095306396484375 0.01239013671875 -0.059906005859375 0.158782958984375
0.078094482421875 0.0479965209960938 -0.0994033813476563 0.132179260253906
0.0418853759765625 0.0863037109375 -0.120460510253906 0.0703125
-0.0461502075195313 0.0911178588867187 -0.112525939941406 0.00962066650390625
-0.10748291015625 0.0236053466796875 -0.092987060546875 0.0546951293945312
-0.115440368652344 -0.053680419921875 -0.175125122070313 0.1192626953125
0.0770797729492187 0.117485046386719 0.175994873046875 -0.110107421875
0.143402099609375 0.0056915283203125 0.123054504394531 -0.0272216796875
0.06402587890625 -0.0930557250976563 0.122795104980469 -0.0114288330078125
-0.0163116455078125 -0.09271240234375 0.154449462890625 -0.063079833984375
-0.0576629638671875 -0.0585174560546875 0.130813598632813 -0.129066467285156
-0.094635009765625 -0.0271224975585938 0.068756103515625 -0.173553466796875
-0.08380126953125 -0.0106735229492188 0.036865234375 -0.166900634765625
-0.0738677978515625 -0.021942138671875 0.0340118408203125 -0.117446899414062
-0.0824432373046875 -0.0548095703125 0.0360260009765625 -0.0553207397460938
-0.0261077880859375 -0.0895004272460938 0.00883197784423828 -0.00666904449462891
0.0500106811523438 -0.0814208984375 -0.0685310363769531 0.000617980957031231
0.09063720703125 -0.0322418212890625 -0.109420776367187 -0.0739822387695313
0.0910186767578125 0.0691986083984375 -0.0660552978515625 -0.222549438476562
0.0481109619140625 0.140594482421875 0.0186004638671875 -0.263015747070313
-0.010009765625 0.155532836914063 0.028167724609375 -0.169082641601563
0.0327911376953125 0.169662475585938 0.196929931640625 -0.0543365478515625
0.129844665527344 0.0781707763671875 0.144393920898438 0.020477294921875
0.091400146484375 -0.0382766723632813 0.149734497070313 0.02032470703125
0.0349006652832031 -0.0672225952148438 0.188232421875 -0.0374603271484375
-0.00560760498046876 -0.0647773742675781 0.167160034179688 -0.113204956054688
-0.0472221374511719 -0.0656204223632813 0.105865478515625 -0.173141479492188
-0.05035400390625 -0.0569648742675781 0.067474365234375 -0.163497924804688
-0.0393524169921875 -0.0578346252441406 0.0577011108398438 -0.108322143554688
-0.0395736694335938 -0.0890121459960938 0.0569229125976563 -0.0360450744628906
0.0203475952148438 -0.10302734375 0.0243148803710938 0.0216617584228516
0.09088134765625 -0.0686111450195313 -0.06463623046875 0.0385627746582031
0.122611999511719 -0.0021209716796875 -0.122207641601562 -0.0288314819335938
0.0942306518554687 0.112503051757812 -0.105087280273437 -0.179672241210938
0.0242462158203125 0.188125610351563 -0.0193939208984375 -0.210357666015625
-0.0434112548828125 0.198760986328125 4.04318542187984E-18 -0.109443664550781
-0.02484130859375 0.197799682617188 0.194320678710938 0.0222320556640625
0.08587646484375 0.147216796875 0.150375366210938 0.092437744140625
0.10235595703125 0.0351943969726563 0.172836303710938 0.069610595703125
0.0869674682617188 -0.018951416015625 0.215866088867187 1.52587890624988E-05
0.0563545227050781 -0.0538787841796875 0.193756103515625 -0.0843048095703125
0.0152969360351563 -0.092376708984375 0.1348876953125 -0.155029296875
-0.00616455078124999 -0.09564208984375 0.0875244140625 -0.140098571777344
0.000488281250000002 -0.08526611328125 0.0700531005859375 -0.0821380615234375
0.00370025634765626 -0.109458923339844 0.0674552917480469 -0.00621032714843751
0.057098388671875 -0.107795715332031 0.032440185546875 0.0541954040527344
0.113288879394531 -0.058319091796875 -0.0579833984375 0.0774765014648438
0.137733459472656 0.0115127563476563 -0.127395629882813 0.0208740234375
0.10040283203125 0.125190734863281 -0.136131286621094 -0.120315551757812
0.0175628662109375 0.203445434570313 -0.0528182983398438 -0.138595581054688
-0.0614013671875 0.214996337890625 -0.0337600708007813 -0.0386276245117187
-0.0820159912109375 0.191513061523438 0.161758422851563 0.10687255859375
0.019287109375 0.190765380859375 0.130096435546875 0.177169799804688
0.085784912109375 0.109275817871094 0.177993774414062 0.129226684570312
0.119354248046875 0.044342041015625 0.225341796875 0.0469207763671875
0.110671997070313 -0.0240554809570313 0.199264526367188 -0.04473876953125
0.0803451538085938 -0.0977859497070313 0.146514892578125 -0.118728637695313
0.0419082641601563 -0.116737365722656 0.092132568359375 -0.0987396240234375
0.039794921875 -0.0983657836914063 0.0706787109375 -0.0424041748046875
0.0445480346679687 -0.116172790527344 0.067474365234375 0.0288276672363281
0.084869384765625 -0.103347778320313 0.0347442626953125 0.0851364135742188
0.121559143066406 -0.0455322265625 -0.04718017578125 0.109573364257812
0.135887145996094 0.019775390625 -0.118087768554687 0.0633697509765625
0.0959091186523438 0.120292663574219 -0.142593383789063 -0.0587921142578125
0.01129150390625 0.191635131835937 -0.0664634704589844 -0.0614814758300781
-0.0737762451171875 0.20318603515625 -0.0619621276855469 0.0340766906738281
-0.120925903320313 0.1463623046875 0.1064453125 0.182037353515625
-0.0503692626953125 0.185943603515625 0.0840911865234375 0.25396728515625
0.0415802001953125 0.150863647460938 0.160186767578125 0.185943603515625
0.114219665527344 0.102523803710938 0.207962036132812 0.091705322265625
0.135185241699219 0.0186996459960938 0.17889404296875 -0.0056915283203125
0.128509521484375 -0.0779647827148438 0.133956909179688 -0.0728225708007813
0.0840301513671875 -0.115470886230469 0.0787353515625 -0.0477142333984375
0.0707473754882813 -0.0960006713867187 0.0592880249023438 0.00403594970703124
0.0769805908203125 -0.109291076660156 0.0575752258300781 0.0649871826171875
0.105705261230469 -0.0896377563476563 0.029815673828125 0.11083984375
0.123832702636719 -0.0269622802734375 -0.0393600463867187 0.129501342773438
0.124519348144531 0.0340652465820313 -0.1009521484375 0.0887603759765625
0.0740280151367188 0.114288330078125 -0.1275634765625 -0.01123046875
-0.010162353515625 0.163925170898438 -0.06256103515625 0.00485992431640626
-0.090911865234375 0.165054321289062 -0.0850677490234375 0.0968780517578125
-0.126441955566406 0.0718460083007812 0.0438385009765625 0.228683471679688
-0.0966033935546875 0.130897521972656 0.024749755859375 0.30157470703125
-0.01324462890625 0.1417236328125 0.126144409179687 0.223495483398438
0.0703277587890625 0.128173828125 0.170928955078125 0.1190185546875
0.11968994140625 0.0584945678710938 0.140594482421875 0.0207977294921875
0.14495849609375 -0.03790283203125 0.0997390747070313 -0.0289382934570313
0.109817504882813 -0.0902481079101563 0.0515060424804688 0.00263595581054687
0.0899810791015625 -0.0797882080078125 0.0392227172851563 0.0498619079589844
0.0980453491210938 -0.0913848876953125 0.0395584106445313 0.0998687744140625
0.119575500488281 -0.0667343139648438 0.013916015625 0.133079528808594
0.123428344726562 -0.00417327880859375 -0.041778564453125 0.138313293457031
0.108573913574219 0.0565948486328125 -0.0913543701171875 0.0942916870117188
0.0386276245117188 0.116889953613281 -0.108161926269531 0.0164031982421875
-0.0485076904296875 0.129890441894531 -0.0574684143066406 0.0496788024902344
-0.114433288574219 0.106796264648437 -0.110305786132813 0.139030456542969
-0.100364685058594 -0.0151443481445313 -0.00576782226562498 0.242446899414062
-0.104911804199219 0.0435638427734375 -0.020904541015625 0.314208984375
-0.0550384521484375 0.08416748046875 0.0948944091796875 0.23443603515625
0.007965087890625 0.111602783203125 0.134437561035156 0.122245788574219
0.0710601806640625 0.0803604125976563 0.0984344482421875 0.0273590087890625
0.126762390136719 0.0104522705078125 0.0561485290527344 0.000556945800781251
0.114906311035156 -0.0488204956054688 0.0158538818359375 0.0420188903808594
0.0950164794921875 -0.0514144897460938 0.0124664306640625 0.0897140502929688
0.105636596679687 -0.0626907348632812 0.0151901245117187 0.132331848144531
0.124031066894531 -0.03765869140625 -0.011810302734375 0.150604248046875
0.116508483886719 0.0205841064453125 -0.0574798583984375 0.141143798828125
0.0899276733398437 0.0785598754882812 -0.0937042236328125 0.0908584594726562
-0.000274658203124993 0.119728088378906 -0.099273681640625 0.026824951171875
-0.0899505615234375 0.0928268432617188 -0.0649185180664063 0.07281494140625
-0.13568115234375 0.0363922119140625 -0.1412353515625 0.156387329101563
-0.0548324584960938 -0.09747314453125 -0.028717041015625 0.223541259765625
-0.0826492309570313 -0.048858642578125 -0.037261962890625 0.295623779296875
-0.0730361938476562 0.00428009033203124 0.083770751953125 0.222824096679688
-0.050201416015625 0.06280517578125 0.115776062011719 0.103828430175781
0.00903320312500001 0.0799942016601562 0.0693283081054688 0.0136184692382813
0.0815505981445313 0.052642822265625 0.0148210525512695 0.00925159454345703
0.100151062011719 0.00057220458984375 -0.0200843811035156 0.06439208984375
0.0862503051757813 -0.0147552490234375 -0.0160140991210938 0.117118835449219
0.0972442626953125 -0.0260009765625 -0.0139923095703125 0.157180786132813
0.112060546875 -0.0042572021484375 -0.0458526611328125 0.164764404296875
0.0970535278320312 0.0418777465820313 -0.08612060546875 0.141372680664063
0.06280517578125 0.09234619140625 -0.1109619140625 0.082275390625
-0.0374603271484375 0.112030029296875 -0.107131958007813 0.024139404296875
-0.121299743652344 0.0467681884765625 -0.08868408203125 0.0748977661132813
-0.141983032226563 -0.039337158203125 -0.176803588867187 0.14715576171875
0.09906005859375 0.107063293457031 0.179244995117188 -0.136581420898438
0.149703979492188 -0.0193023681640625 0.121978759765625 -0.0491409301757813
0.0501251220703125 -0.107421875 0.11749267578125 -0.0221481323242188
-0.0337448120117188 -0.0941238403320312 0.148880004882813 -0.0715179443359375
-0.0715255737304687 -0.050201416015625 0.123649597167969 -0.137420654296875
-0.104209899902344 -0.00926971435546874 0.0597686767578125 -0.17938232421875
-0.0884628295898437 0.00581359863281252 0.027587890625 -0.175827026367188
-0.0795974731445312 -0.00738525390625 0.0282821655273437 -0.128257751464844
-0.09600830078125 -0.0383987426757813 0.0380706787109375 -0.067626953125
-0.045379638671875 -0.0859603881835938 0.0187969207763672 -0.0138702392578125
0.03558349609375 -0.0937347412109375 -0.0574760437011719 0.00719451904296873
0.0882949829101563 -0.0507583618164063 -0.107795715332031 -0.0590057373046875
0.1090087890625 0.0559234619140625 -0.0843658447265625 -0.21112060546875
0.0774612426757813 0.140457153320313 -0.001708984375 -0.27001953125
0.0183868408203125 0.1639404296875 0.0250091552734375 -0.179885864257813
0.053497314453125 0.168014526367188 0.208297729492187 -0.08197021484375
0.140228271484375 0.0595321655273438 0.15106201171875 -0.00445556640625
0.0829391479492187 -0.050933837890625 0.148361206054688 0.0059051513671875
0.0229263305664063 -0.069610595703125 0.18597412109375 -0.0504608154296875
-0.0164642333984375 -0.0603179931640625 0.161972045898438 -0.126739501953125
-0.0572624206542969 -0.05328369140625 0.0977783203125 -0.18524169921875
-0.0566635131835937 -0.0464363098144531 0.058837890625 -0.1790771484375
-0.0456962585449219 -0.0492515563964844 0.0527572631835938 -0.125221252441406
-0.0520477294921875 -0.07958984375 0.06256103515625 -0.053558349609375
0.00531768798828125 -0.104934692382813 0.039459228515625 0.0107078552246094
0.0825119018554688 -0.0820236206054688 -0.0470237731933594 0.0434379577636719
0.125495910644531 -0.0186538696289062 -0.113121032714844 -0.0123748779296875
0.113273620605469 0.104217529296875 -0.1180419921875 -0.164154052734375
0.0519866943359375 0.194198608398438 -0.03173828125 -0.21185302734375
-0.0173797607421875 0.214828491210938 0.00489044189453124 -0.115226745605469
-0.00996398925781251 0.204864501953125 0.214553833007813 -0.00279235839843749
0.0978775024414063 0.139945983886719 0.165924072265625 0.0681610107421875
0.100997924804688 0.0274734497070313 0.176834106445312 0.0509490966796875
0.082855224609375 -0.02325439453125 0.2174072265625 -0.01654052734375
0.0502815246582031 -0.0552749633789062 0.190887451171875 -0.1025390625
0.0065765380859375 -0.0897369384765625 0.1278076171875 -0.172348022460938
-0.01287841796875 -0.0930633544921875 0.0809173583984375 -0.158889770507813
-0.00437164306640625 -0.08331298828125 0.0682525634765625 -0.101272583007813
-0.00463104248046874 -0.108261108398438 0.07464599609375 -0.0262222290039063
0.0476150512695312 -0.113395690917969 0.0501747131347656 0.0406150817871094
0.110496520996094 -0.06927490234375 -0.036773681640625 0.0788803100585938
0.143463134765625 -0.0016632080078125 -0.112472534179687 0.03643798828125
0.116943359375 0.121124267578125 -0.1407470703125 -0.102279663085937
0.0394744873046875 0.21356201171875 -0.0569305419921875 -0.135429382324219
-0.0416259765625 0.234115600585937 -0.0216026306152344 -0.0383758544921875
-0.0757598876953125 0.206771850585938 0.190353393554687 0.089935302734375
0.0303192138671875 0.195663452148437 0.155380249023438 0.157501220703125
0.0906829833984375 0.108108520507813 0.189178466796875 0.10980224609375
0.124984741210937 0.0417251586914062 0.231536865234375 0.02789306640625
0.112594604492188 -0.02960205078125 0.200042724609375 -0.065460205078125
0.07568359375 -0.103851318359375 0.14111328125 -0.138397216796875
0.0364532470703125 -0.123367309570312 0.0882415771484375 -0.116905212402344
0.03680419921875 -0.104080200195313 0.071380615234375 -0.0607986450195313
0.0395050048828125 -0.122940063476563 0.075836181640625 0.00946807861328124
0.0807647705078125 -0.11279296875 0.0532875061035156 0.0692062377929688
0.125419616699219 -0.0562057495117188 -0.0246658325195313 0.107810974121094
0.145523071289063 0.0112457275390625 -0.0991744995117188 0.0741653442382813
0.108985900878906 0.121513366699219 -0.138916015625 -0.042510986328125
0.0250701904296875 0.204788208007813 -0.061004638671875 -0.0567436218261719
-0.061248779296875 0.223770141601563 -0.0457115173339844 0.0397453308105469
-0.125 0.165634155273438 0.13751220703125 0.1741943359375
-0.0462799072265625 0.20147705078125 0.11541748046875 0.24261474609375
0.0482177734375 0.159469604492188 0.177200317382812 0.168853759765625
0.127090454101563 0.104042053222656 0.217559814453125 0.073883056640625
0.145645141601562 0.0129852294921875 0.181442260742187 -0.0234222412109375
0.130950927734375 -0.0914459228515625 0.131118774414063 -0.0903396606445312
0.0808029174804688 -0.128456115722656 0.0780563354492187 -0.0619735717773438
0.0698776245117188 -0.108787536621094 0.0619010925292969 -0.0111007690429688
0.0757369995117188 -0.122711181640625 0.0666046142578125 0.0488967895507812
0.107826232910156 -0.103202819824219 0.046142578125 0.0967025756835938
0.133132934570313 -0.0368118286132813 -0.0189666748046875 0.125030517578125
0.137481689453125 0.0297470092773437 -0.0822830200195312 0.0945587158203125
0.0849456787109375 0.120742797851563 -0.118461608886719 0.00165557861328125
-0.00357055664062501 0.180740356445313 -0.0511283874511719 0.0104827880859375
-0.087646484375 0.187606811523437 -0.0672607421875 0.106361389160156
-0.142074584960938 0.0904083251953125 0.07232666015625 0.2322998046875
-0.103179931640625 0.15179443359375 0.05950927734375 0.300537109375
-0.0102081298828125 0.157455444335937 0.147369384765625 0.208984375
0.085479736328125 0.137527465820313 0.18182373046875 0.10321044921875
0.135665893554687 0.0560684204101562 0.14190673828125 0.0069122314453125
0.154541015625 -0.0536956787109375 0.0980148315429688 -0.041656494140625
0.111251831054688 -0.10968017578125 0.0530891418457031 -0.00539016723632813
0.0918426513671875 -0.0969619750976563 0.0437202453613281 0.0413093566894531
0.099884033203125 -0.109458923339844 0.048614501953125 0.0890350341796875
0.126502990722656 -0.0840606689453125 0.0283737182617188 0.121665954589844
0.136466979980469 -0.0141983032226563 -0.0247268676757813 0.13360595703125
0.125709533691406 0.0548858642578125 -0.07415771484375 0.0983352661132813
0.050140380859375 0.128303527832031 -0.09716796875 0.0244522094726563
-0.0473785400390625 0.152145385742188 -0.04315185546875 0.05694580078125
-0.120491027832031 0.130485534667969 -0.093414306640625 0.153945922851563
-0.124671936035156 -0.00387573242187501 0.01702880859375 0.25347900390625
-0.121696472167969 0.0621185302734375 0.010101318359375 0.321319580078125
-0.0588226318359375 0.102554321289063 0.117111206054688 0.2235107421875
0.0199737548828125 0.126991271972656 0.143112182617188 0.107757568359375
0.0892257690429688 0.0830307006835938 0.097015380859375 0.0182876586914063
0.142181396484375 -0.0045318603515625 0.0533447265625 -0.00589370727539063
0.121078491210937 -0.0695648193359375 0.0182952880859375 0.0413970947265625
0.0998001098632813 -0.069610595703125 0.0194931030273438 0.0875473022460938
0.110092163085938 -0.0832366943359375 0.0246124267578125 0.12774658203125
0.133087158203125 -0.057159423828125 0.000900268554687506 0.14520263671875
0.131690979003906 0.00960540771484375 -0.0449981689453125 0.1390380859375
0.109207153320312 0.0772018432617188 -0.0811004638671875 0.0935287475585937
0.0121612548828125 0.134422302246094 -0.0888519287109375 0.0336151123046875
-0.0930557250976563 0.117332458496094 -0.0515899658203125 0.082977294921875
-0.149810791015625 0.060272216796875 -0.129776000976562 0.1761474609375
-0.0829238891601563 -0.0956268310546875 -0.013641357421875 0.236923217773438
-0.106613159179688 -0.037506103515625 -0.011688232421875 0.304290771484375
-0.0848922729492188 0.0202789306640625 0.103790283203125 0.210800170898437
-0.04510498046875 0.082305908203125 0.118942260742187 0.0904388427734375
0.0261764526367188 0.08819580078125 0.0620689392089844 0.00711441040039063
0.101730346679687 0.043121337890625 0.00937461853027344 0.0104913711547852
0.1107177734375 -0.018218994140625 -0.0189132690429687 0.0717239379882813
0.0928573608398437 -0.0315704345703125 -0.00885009765624999 0.122322082519531
0.103401184082031 -0.0448150634765625 -0.00369262695312499 0.159561157226563
0.122146606445312 -0.0228652954101563 -0.034820556640625 0.16534423828125
0.112922668457031 0.0318069458007813 -0.0755157470703125 0.144180297851563
0.0825881958007813 0.0914459228515625 -0.101264953613281 0.0874176025390625
-0.02490234375 0.128364562988281 -0.098052978515625 0.0325775146484375
-0.127357482910156 0.0714035034179688 -0.078948974609375 0.0911788940429688
-0.162796020507812 -0.017791748046875 -0.172470092773438 0.171524047851562
0.115501403808594 0.0952301025390625 0.18023681640625 -0.161361694335938
0.1510009765625 -0.041107177734375 0.1180419921875 -0.0672454833984375
0.0368423461914063 -0.117111206054688 0.1119384765625 -0.0280303955078125
-0.0481643676757813 -0.0933074951171875 0.146133422851563 -0.075836181640625
-0.0819625854492188 -0.04144287109375 0.12054443359375 -0.143875122070313
-0.10992431640625 0.0088958740234375 0.0568695068359375 -0.186141967773438
-0.0892486572265625 0.0212173461914062 0.02191162109375 -0.185791015625
-0.0824966430664063 0.00637054443359376 0.023895263671875 -0.14007568359375
-0.104164123535156 -0.0219879150390625 0.0395278930664063 -0.08154296875
-0.0610275268554688 -0.079620361328125 0.0262966156005859 -0.0244274139404297
0.0210418701171875 -0.102622985839844 -0.0459213256835937 0.00782394409179687
0.0829391479492188 -0.0660552978515625 -0.101943969726563 -0.050201416015625
0.123771667480469 0.0418548583984375 -0.0939483642578125 -0.202972412109375
0.103889465332031 0.135719299316406 -0.0153961181640625 -0.2763671875
0.0443115234375 0.167083740234375 0.024322509765625 -0.192626953125
0.067840576171875 0.16534423828125 0.216888427734375 -0.108840942382812
0.145553588867188 0.0449676513671875 0.152313232421875 -0.0256500244140625
0.0740585327148437 -0.05877685546875 0.14544677734375 -0.0032196044921875
0.0136184692382812 -0.0694961547851563 0.185897827148438 -0.058563232421875
-0.0236663818359375 -0.0547752380371094 0.160964965820313 -0.137344360351563
-0.0628738403320313 -0.0418701171875 0.093475341796875 -0.196578979492188
-0.0587654113769531 -0.0373039245605469 0.0517730712890625 -0.193450927734375
-0.0480804443359375 -0.0418548583984375 0.0482025146484375 -0.141265869140625
-0.0602607727050781 -0.0698318481445313 0.064422607421875 -0.0720901489257813
-0.00627899169921875 -0.103599548339844 0.05023193359375 -0.00445556640625001
0.0738601684570313 -0.0911483764648438 -0.0315895080566406 0.0412216186523437
0.125297546386719 -0.0319366455078125 -0.101654052734375 -0.00446319580078126
0.128456115722656 0.0958480834960938 -0.122390747070312 -0.152420043945313
0.0762481689453125 0.197677612304687 -0.039764404296875 -0.215484619140625
0.00546264648437501 0.225570678710938 0.0105819702148438 -0.125175476074219
0.000869750976562518 0.212371826171875 0.231063842773438 -0.027587890625
0.105934143066406 0.135261535644531 0.174819946289063 0.046142578125
0.098785400390625 0.0241546630859375 0.177963256835938 0.037689208984375
0.080596923828125 -0.0233612060546875 0.220001220703125 -0.027374267578125
0.0479354858398438 -0.0544967651367188 0.19122314453125 -0.116775512695313
0.0025482177734375 -0.085601806640625 0.12371826171875 -0.187911987304688
-0.016510009765625 -0.0908737182617188 0.0753936767578125 -0.176483154296875
-0.00742340087890625 -0.0828399658203125 0.0638580322265625 -0.119842529296875
-0.0108718872070312 -0.107162475585938 0.0772552490234375 -0.04608154296875
0.041229248046875 -0.117385864257813 0.0620460510253906 0.0232009887695312
0.109001159667969 -0.078857421875 -0.0195693969726562 0.0742950439453125
0.148513793945313 -0.011871337890625 -0.0967254638671875 0.04193115234375
0.130607604980469 0.118766784667969 -0.138946533203125 -0.09100341796875
0.0586700439453125 0.222747802734375 -0.0571441650390625 -0.1370849609375
-0.0249481201171875 0.25042724609375 -0.00966262817382813 -0.0432701110839844
-0.072235107421875 0.22235107421875 0.213485717773438 0.0704803466796875
0.0373077392578125 0.202850341796875 0.171707153320313 0.139572143554688
0.0945968627929688 0.111747741699219 0.195541381835938 0.095184326171875
0.131477355957031 0.041290283203125 0.23614501953125 0.015289306640625
0.116142272949219 -0.0329666137695313 0.200576782226563 -0.08074951171875
0.0736312866210938 -0.109077453613281 0.137054443359375 -0.155014038085938
0.0331573486328125 -0.128623962402344 0.0842056274414063 -0.133750915527344
0.0361709594726562 -0.111000061035156 0.0684356689453125 -0.0783843994140625
0.0370101928710938 -0.12945556640625 0.07928466796875 -0.00951385498046876
0.08013916015625 -0.121902465820313 0.0643730163574219 0.0523300170898437
0.130119323730469 -0.0653915405273438 -0.00733947753906249 0.0994338989257813
0.15545654296875 0.004180908203125 -0.0822906494140625 0.0768203735351562
0.121963500976562 0.124046325683594 -0.132591247558594 -0.03363037109375
0.0394744873046875 0.218887329101562 -0.0552215576171875 -0.05694580078125
-0.0511474609375 0.243789672851563 -0.0298080444335938 0.038909912109375
-0.130203247070312 0.1866455078125 0.163711547851563 0.164749145507813
-0.0432281494140625 0.218856811523438 0.137222290039063 0.231002807617188
0.054229736328125 0.170852661132813 0.187606811523437 0.156082153320313
0.140052795410156 0.108283996582031 0.22418212890625 0.061492919921875
0.155563354492188 0.00823974609375 0.183456420898438 -0.0368194580078125
0.133598327636719 -0.102249145507813 0.127090454101563 -0.1053466796875
0.0792694091796875 -0.1416015625 0.0759963989257813 -0.075927734375
0.0699539184570313 -0.120590209960937 0.0610427856445313 -0.0243988037109375
0.0757675170898438 -0.136131286621094 0.0698509216308594 0.0339164733886719
0.111061096191406 -0.117225646972656 0.0555038452148438 0.0817413330078125
0.143356323242188 -0.0472564697265625 -0.005401611328125 0.116043090820313
0.152374267578125 0.026336669921875 -0.0669631958007812 0.09320068359375
0.0973968505859375 0.129379272460938 -0.109420776367187 0.00602722167968752
0.004669189453125 0.19989013671875 -0.0404624938964844 0.0104331970214844
-0.0849456787109375 0.2100830078125 -0.0510711669921875 0.110496520996094
-0.156326293945313 0.111175537109375 0.09722900390625 0.233627319335937
-0.107940673828125 0.17413330078125 0.08367919921875 0.29742431640625
-0.00604248046874998 0.174850463867188 0.161209106445313 0.198822021484375
0.101547241210937 0.146728515625 0.188262939453125 0.0930328369140625
0.152114868164063 0.0535125732421875 0.142303466796875 -0.00140380859375
0.162979125976563 -0.068939208984375 0.0961761474609375 -0.0516586303710938
0.111000061035156 -0.127281188964844 0.0530471801757813 -0.0132255554199219
0.0935211181640625 -0.112892150878906 0.0444793701171875 0.0331916809082031
0.101249694824219 -0.127960205078125 0.0529556274414063 0.0792236328125
0.1319580078125 -0.101768493652344 0.0351409912109375 0.110954284667969
0.14990234375 -0.0250701904296875 -0.0149002075195313 0.127296447753906
0.143035888671875 0.0511016845703125 -0.0621414184570312 0.0960922241210938
0.0625991821289063 0.139785766601563 -0.0873794555664063 0.0264205932617188
-0.0433502197265625 0.17474365234375 -0.0307960510253906 0.0583648681640625
-0.125045776367188 0.155136108398437 -0.078948974609375 0.163070678710938
-0.145675659179688 0.011505126953125 0.0362548828125 0.2630615234375
-0.13519287109375 0.083221435546875 0.0333251953125 0.324676513671875
-0.0619735717773438 0.122222900390625 0.1298828125 0.214569091796875
0.0331268310546875 0.141143798828125 0.146942138671875 0.09967041015625
0.108345031738281 0.0835800170898438 0.0944061279296875 0.012908935546875
0.156158447265625 -0.01995849609375 0.0506477355957031 -0.00896453857421875
0.124610900878906 -0.0894927978515625 0.0196037292480469 0.0418968200683594
0.101676940917969 -0.0873870849609375 0.0230331420898438 0.0861358642578125
0.1123046875 -0.103416442871094 0.029449462890625 0.124031066894531
0.139480590820313 -0.07708740234375 0.00525665283203125 0.139419555664063
0.146438598632813 -0.0019073486328125 -0.0383377075195313 0.135665893554687
0.128578186035156 0.0747833251953125 -0.0731430053710937 0.0929946899414063
0.0255126953125 0.14886474609375 -0.0801849365234375 0.0352020263671875
-0.0929718017578125 0.142242431640625 -0.0391845703125 0.0886077880859375
-0.160659790039063 0.0856475830078125 -0.119140625 0.19085693359375
-0.108184814453125 -0.0888900756835937 -0.00167846679687501 0.250579833984375
-0.127418518066406 -0.0229721069335938 0.00778198242187499 0.31256103515625
-0.0944442749023438 0.0374374389648438 0.11566162109375 0.202056884765625
-0.036895751953125 0.0992202758789063 0.118438720703125 0.0830154418945313
0.0441131591796875 0.0936965942382812 0.0555839538574219 0.00647735595703126
0.117660522460938 0.0296554565429688 0.00426292419433595 0.014704704284668
0.1168212890625 -0.0371475219726563 -0.0158309936523437 0.0808486938476562
0.0959014892578125 -0.0481185913085938 -0.00312805175781249 0.1279296875
0.107215881347656 -0.0631332397460937 0.00158691406250001 0.16241455078125
0.129287719726562 -0.0425796508789062 -0.03033447265625 0.166488647460938
0.127174377441406 0.0201263427734375 -0.0706634521484375 0.144912719726563
0.1019287109375 0.0888137817382812 -0.0962371826171875 0.0882034301757812
-0.0125579833984375 0.141677856445312 -0.0903396606445312 0.0359268188476563
-0.129959106445313 0.0952682495117188 -0.068145751953125 0.102256774902344
-0.177566528320313 0.00347900390625001 -0.169052124023438 0.192031860351562
0.129814147949219 0.0847396850585938 0.1815185546875 -0.188552856445313
0.151748657226563 -0.0626373291015625 0.112327575683594 -0.0838165283203125
0.0237884521484375 -0.12664794921875 0.109405517578125 -0.0312271118164063
-0.0625457763671875 -0.0912322998046875 0.14874267578125 -0.08050537109375
-0.0919265747070313 -0.0325164794921875 0.122955322265625 -0.15216064453125
-0.113082885742188 0.02606201171875 0.055572509765625 -0.197341918945313
-0.0890121459960937 0.03558349609375 0.0150604248046875 -0.199493408203125
-0.0821914672851563 0.019744873046875 0.01776123046875 -0.154388427734375
-0.110794067382813 -0.00550079345703124 0.0382003784179688 -0.0968704223632813
-0.0761184692382812 -0.0728683471679688 0.031982421875 -0.0377464294433594
0.00605010986328124 -0.109626770019531 -0.0353469848632813 0.0051116943359375
0.076751708984375 -0.080596923828125 -0.0963973999023437 -0.0472183227539063
0.1368408203125 0.0277633666992188 -0.101181030273437 -0.199874877929687
0.129844665527344 0.127838134765625 -0.027862548828125 -0.288238525390625
0.069549560546875 0.16876220703125 0.02313232421875 -0.211868286132813
0.081451416015625 0.164566040039063 0.2255859375 -0.138153076171875
0.150146484375 0.032196044921875 0.15191650390625 -0.0457305908203125
0.0673027038574219 -0.0636940002441406 0.14434814453125 -0.0101470947265625
0.00566864013671876 -0.0689277648925781 0.19012451171875 -0.066375732421875
-0.0294189453125 -0.0499382019042969 0.163253784179688 -0.149993896484375
-0.066497802734375 -0.030975341796875 0.0911865234375 -0.212966918945313
-0.0605087280273438 -0.02978515625 0.044769287109375 -0.212692260742188
-0.0489997863769531 -0.0359458923339844 0.0412445068359375 -0.160629272460938
-0.06512451171875 -0.0616950988769531 0.0627365112304688 -0.0923385620117187
-0.0166473388671875 -0.102439880371094 0.0573501586914063 -0.0213356018066406
0.0662155151367188 -0.1007080078125 -0.0179710388183594 0.0347766876220703
0.125816345214844 -0.0452499389648438 -0.0918807983398437 -0.00142669677734375
0.143722534179688 0.0880584716796875 -0.125396728515625 -0.147186279296875
0.100936889648438 0.199996948242188 -0.0470428466796875 -0.224014282226562
0.0277252197265625 0.237167358398438 0.0162353515625 -0.139854431152344
0.0114593505859375 0.223861694335938 0.246505737304688 -0.0545196533203125
0.114738464355469 0.134803771972656 0.180999755859375 0.0256805419921875
0.0991287231445312 0.0240707397460937 0.1805419921875 0.029510498046875
0.0823745727539063 -0.0245819091796875 0.22711181640625 -0.0377044677734375
0.0473556518554688 -0.0545196533203125 0.194534301757812 -0.131332397460938
-0.000473022460937506 -0.0832748413085938 0.120101928710937 -0.206710815429687
-0.0187530517578125 -0.0916595458984375 0.068389892578125 -0.196929931640625
-0.00810241699218749 -0.0848388671875 0.0578842163085937 -0.139892578125
-0.0144500732421875 -0.108650207519531 0.0771865844726563 -0.06793212890625
0.03656005859375 -0.12335205078125 0.0701065063476563 0.00429534912109374
0.109298706054688 -0.0895004272460938 -0.00509262084960937 0.0656051635742187
0.155593872070313 -0.0217437744140625 -0.0835037231445312 0.0430145263671875
0.145858764648438 0.117660522460938 -0.137748718261719 -0.0852737426757813
0.0802764892578125 0.2335205078125 -0.0592041015625 -0.143096923828125
-0.00669860839843749 0.268463134765625 -7.62939453125149E-06 -0.0536308288574219
-0.069793701171875 0.243484497070313 0.235153198242188 0.0505218505859375
0.0464019775390625 0.215972900390625 0.185134887695313 0.123138427734375
0.100173950195312 0.119468688964844 0.202056884765625 0.086151123046875
0.1414794921875 0.042266845703125 0.245010375976563 0.0047149658203125
0.1240234375 -0.0370025634765625 0.206008911132812 -0.095306396484375
0.0744094848632812 -0.116477966308594 0.134597778320313 -0.174392700195313
0.0304336547851562 -0.138412475585938 0.0799560546875 -0.153488159179687
0.0350494384765625 -0.12030029296875 0.0638351440429688 -0.0953445434570313
0.034820556640625 -0.140434265136719 0.0794677734375 -0.0285491943359375
0.0805130004882812 -0.134719848632813 0.0707931518554688 0.0340194702148437
0.137657165527344 -0.0765228271484375 0.00409698486328126 0.0908432006835937
0.168014526367188 -0.0029144287109375 -0.069183349609375 0.075042724609375
0.1365966796875 0.129371643066406 -0.127838134765625 -0.0303497314453125
0.05560302734375 0.237548828125 -0.0508460998535156 -0.0617103576660156
-0.0406341552734375 0.267501831054687 -0.0165481567382813 0.0346469879150391
-0.135208129882813 0.21331787109375 0.188812255859375 0.15521240234375
-0.0387420654296875 0.243240356445313 0.156723022460938 0.223129272460938
0.0632476806640625 0.187408447265625 0.19818115234375 0.148391723632813
0.158355712890625 0.1131591796875 0.234634399414062 0.052215576171875
0.170394897460938 0.002349853515625 0.187744140625 -0.049591064453125
0.138946533203125 -0.118980407714844 0.1253662109375 -0.121414184570313
0.0773162841796875 -0.157485961914063 0.0738525390625 -0.089447021484375
0.0701904296875 -0.136703491210938 0.0586395263671875 -0.0376319885253906
0.0747833251953125 -0.154434204101563 0.0712203979492187 0.0199432373046875
0.114799499511719 -0.135269165039063 0.060302734375 0.0669212341308594
0.156036376953125 -0.059600830078125 0.00373077392578127 0.107948303222656
0.169357299804688 0.0198822021484375 -0.056365966796875 0.0904006958007813
0.112884521484375 0.138496398925781 -0.102767944335938 0.00591278076171877
0.0158538818359375 0.222686767578125 -0.0318927764892578 0.00696563720703126
-0.0807342529296875 0.237274169921875 -0.036956787109375 0.11279296875
-0.1702880859375 0.137069702148437 0.121719360351563 0.236297607421875
-0.111465454101562 0.202545166015625 0.1051025390625 0.299072265625
-0.000427246093750012 0.197189331054688 0.17236328125 0.19305419921875
0.121246337890625 0.157745361328125 0.196502685546875 0.087677001953125
0.171218872070313 0.04833984375 0.14581298828125 -0.00984191894531249
0.174057006835938 -0.0888671875 0.0936508178710938 -0.0612030029296875
0.111434936523438 -0.149261474609375 0.0531196594238281 -0.0199737548828125
0.0939865112304688 -0.131195068359375 0.0454902648925781 0.0268630981445312
0.101593017578125 -0.149368286132813 0.0549468994140625 0.0735626220703125
0.137786865234375 -0.124229431152344 0.0381698608398438 0.101692199707031
0.165115356445313 -0.038787841796875 -0.00980377197265623 0.121429443359375
0.164291381835938 0.045562744140625 -0.0554733276367188 0.0933456420898438
0.0789031982421875 0.153274536132813 -0.0810470581054688 0.024322509765625
-0.036590576171875 0.201828002929687 -0.0197830200195313 0.0577011108398438
-0.127243041992188 0.184738159179688 -0.0671539306640625 0.173446655273438
-0.165664672851563 0.031707763671875 0.0561981201171875 0.27471923828125
-0.147216796875 0.110000610351562 0.052947998046875 0.332305908203125
-0.061553955078125 0.145416259765625 0.142364501953125 0.211029052734375
0.0511016845703125 0.157745361328125 0.151382446289063 0.097259521484375
0.129348754882813 0.0830612182617188 0.0942916870117188 0.0105514526367188
0.17022705078125 -0.03936767578125 0.0486564636230469 -0.011077880859375
0.126556396484375 -0.112518310546875 0.0209884643554688 0.0430679321289062
0.1029052734375 -0.106925964355469 0.0257797241210938 0.0869674682617188
0.113029479980469 -0.125289916992188 0.0324020385742188 0.12408447265625
0.146087646484375 -0.100051879882813 0.00833892822265626 0.138221740722656
0.163116455078125 -0.0154571533203125 -0.0360870361328125 0.135215759277344
0.149703979492188 0.06964111328125 -0.0698699951171875 0.0914688110351563
0.0409088134765625 0.163558959960937 -0.0753021240234375 0.0327301025390625
-0.0895538330078125 0.170394897460938 -0.0274810791015625 0.0933151245117188
-0.169479370117187 0.114715576171875 -0.111587524414062 0.208694458007813
-0.131095886230469 -0.07794189453125 0.00854492187500001 0.268936157226563
-0.14556884765625 -0.00469970703124999 0.023468017578125 0.32427978515625
-0.101318359375 0.057159423828125 0.1246337890625 0.19891357421875
-0.0274276733398438 0.117774963378906 0.119087219238281 0.0803909301757813
0.0609054565429688 0.0963058471679688 0.0500717163085938 0.00792694091796876
0.133247375488281 0.0140609741210938 0.000928878784179695 0.0194625854492188
0.119941711425781 -0.0579452514648438 -0.0139923095703125 0.0892410278320313
0.097259521484375 -0.0654754638671875 0.00310516357421876 0.1358642578125
0.107948303222656 -0.083251953125 0.00729370117187502 0.169570922851563
0.135231018066406 -0.0626373291015625 -0.028076171875 0.172332763671875
0.1409912109375 0.0084381103515625 -0.070526123046875 0.148788452148438
0.120735168457031 0.0840682983398438 -0.0942535400390625 0.0909194946289062
0.002197265625 0.155227661132813 -0.0869140625 0.035919189453125
-0.131477355957031 0.120887756347656 -0.0578155517578125 0.111946105957031
-0.19171142578125 0.029022216796875 -0.1671142578125 0.217422485351563
0.145965576171875 0.0715179443359375 0.179580688476563 -0.221084594726563
0.150604248046875 -0.0872344970703125 0.104476928710938 -0.102569580078125
0.0085906982421875 -0.135581970214844 0.108070373535156 -0.0357818603515625
-0.0782546997070313 -0.0881500244140625 0.153350830078125 -0.089935302734375
-0.101486206054688 -0.0209503173828125 0.126312255859375 -0.167556762695313
-0.114784240722656 0.0451736450195313 0.0526275634765625 -0.215423583984375
-0.0865249633789063 0.0509872436523438 0.00468444824218747 -0.218475341796875
-0.0826263427734375 0.0324554443359375 0.00724792480468748 -0.17181396484375
-0.115379333496094 0.012451171875 0.0322189331054687 -0.116287231445313
-0.0905075073242188 -0.0626296997070312 0.0342674255371094 -0.0535430908203125
-0.0114059448242187 -0.116058349609375 -0.0279350280761719 -0.0014324188232422
0.0691680908203125 -0.0960845947265625 -0.0930252075195313 -0.0468292236328125
0.14990234375 0.0094146728515625 -0.111602783203125 -0.2010498046875
0.15655517578125 0.116546630859375 -0.04473876953125 -0.303497314453125
0.097381591796875 0.168365478515625 0.0157012939453125 -0.23638916015625
0.099090576171875 0.165191650390625 0.231460571289063 -0.173507690429688
0.15667724609375 0.0181884765625 0.149887084960938 -0.0675048828125
0.0603675842285156 -0.0702857971191406 0.146484375 -0.0172576904296875
-0.00191879272460937 -0.0691184997558594 0.1983642578125 -0.0786285400390625
-0.0348281860351563 -0.0446586608886719 0.167007446289063 -0.169418334960938
-0.068206787109375 -0.0203094482421875 0.0869903564453125 -0.236190795898438
-0.0605964660644531 -0.0228538513183594 0.0323333740234375 -0.236251831054688
-0.0503158569335938 -0.0309677124023437 0.0289764404296875 -0.181671142578125
-0.071319580078125 -0.0540771484375 0.0568695068359375 -0.115653991699219
-0.0271224975585937 -0.102264404296875 0.0613822937011719 -0.0417022705078125
0.0580596923828125 -0.110321044921875 -0.007354736328125 0.0262184143066406
0.126274108886719 -0.0595169067382813 -0.0835647583007812 -0.00180816650390625
0.161163330078125 0.0787506103515625 -0.13116455078125 -0.14556884765625
0.129745483398438 0.200973510742187 -0.0594635009765625 -0.237808227539063
0.055023193359375 0.248062133789063 0.0162353515625 -0.160995483398437
0.02545166015625 0.238723754882813 0.262161254882813 -0.087890625
0.127372741699219 0.135612487792969 0.1875 0.00425720214843751
0.102394104003906 0.0242080688476563 0.185577392578125 0.0202484130859375
0.085784912109375 -0.0255889892578125 0.238418579101563 -0.05255126953125
0.0494270324707031 -0.0560493469238281 0.199127197265625 -0.153579711914063
-0.00208282470703125 -0.083953857421875 0.114822387695313 -0.231842041015625
-0.0217819213867188 -0.0947265625 0.05682373046875 -0.22222900390625
-0.0100860595703125 -0.090179443359375 0.0463409423828125 -0.161956787109375
-0.0198135375976562 -0.112480163574219 0.0723037719726563 -0.091094970703125
0.0311355590820312 -0.132644653320313 0.074615478515625 -0.0176010131835938
0.109291076660156 -0.102836608886719 0.00622558593750001 0.0556907653808594
0.164093017578125 -0.0349578857421875 -0.0720443725585937 0.04150390625
0.16644287109375 0.115509033203125 -0.139823913574219 -0.0823135375976563
0.108108520507813 0.244644165039062 -0.0643310546875 -0.153579711914063
0.017303466796875 0.29034423828125 0.00766372680664063 -0.0678291320800781
-0.060455322265625 0.271820068359375 0.25897216796875 0.02545166015625
0.061492919921875 0.232437133789063 0.20001220703125 0.106170654296875
0.1131591796875 0.12945556640625 0.212478637695313 0.076446533203125
0.157745361328125 0.04150390625 0.259307861328125 -0.00933837890625
0.133056640625 -0.0446929931640625 0.211593627929688 -0.1160888671875
0.0748214721679688 -0.128250122070313 0.128631591796875 -0.198471069335938
0.025177001953125 -0.151077270507813 0.0710601806640625 -0.175979614257813
0.0320587158203125 -0.135383605957031 0.055084228515625 -0.115394592285156
0.0304107666015625 -0.155059814453125 0.0758514404296875 -0.0489120483398438
0.0783538818359375 -0.15191650390625 0.0749130249023438 0.0148086547851562
0.14501953125 -0.093231201171875 0.0140304565429688 0.0807342529296875
0.183792114257813 -0.0148468017578125 -0.0581436157226562 0.0728607177734375
0.158416748046875 0.133193969726563 -0.127067565917969 -0.0286636352539062
0.0793609619140625 0.256683349609375 -0.0497322082519531 -0.0698509216308594
-0.02154541015625 0.29644775390625 -0.00471305847167969 0.0286521911621094
-0.136703491210938 0.248672485351563 0.216995239257812 0.143218994140625
-0.0273590087890625 0.27313232421875 0.179901123046875 0.215240478515625
0.079559326171875 0.2069091796875 0.2119140625 0.140487670898438
0.182861328125 0.116531372070313 0.248931884765625 0.0413360595703125
0.1888427734375 -0.008026123046875 0.19415283203125 -0.0653839111328125
0.14288330078125 -0.139114379882813 0.121780395507813 -0.140945434570313
0.072296142578125 -0.179122924804688 0.0691986083984375 -0.106216430664062
0.06732177734375 -0.156707763671875 0.0539665222167969 -0.0501976013183594
0.070892333984375 -0.177871704101562 0.0699424743652344 0.00633239746093749
0.115463256835937 -0.158599853515625 0.063079833984375 0.0542373657226562
0.169326782226563 -0.0779571533203125 0.0104522705078125 0.100425720214844
0.190597534179688 0.0095062255859375 -0.0482254028320312 0.0876235961914063
0.135818481445313 0.148056030273437 -0.10040283203125 0.00608062744140625
0.0350494384765625 0.24932861328125 -0.024688720703125 0.00190353393554689
-0.0695037841796875 0.271896362304688 -0.0227890014648438 0.115425109863281
-0.179885864257813 0.17218017578125 0.150665283203125 0.238021850585937
-0.108673095703125 0.2393798828125 0.130279541015625 0.302520751953125
0.0126800537109375 0.225112915039063 0.189224243164063 0.189437866210938
0.150238037109375 0.167510986328125 0.210556030273438 0.080596923828125
0.196014404296875 0.0399322509765625 0.150299072265625 -0.018310546875
0.182174682617188 -0.11383056640625 0.0913314819335938 -0.0731658935546875
0.107498168945313 -0.174880981445313 0.051971435546875 -0.0269966125488281
0.0910186767578125 -0.154541015625 0.0451812744140625 0.0212478637695312
0.0981597900390625 -0.176239013671875 0.0564727783203125 0.0676803588867187
0.140518188476563 -0.15106201171875 0.0405349731445312 0.0964508056640625
0.181716918945312 -0.0585479736328125 -0.0060882568359375 0.119155883789063
0.188552856445313 0.0367889404296875 -0.0506134033203125 0.091644287109375
0.1015625 0.166671752929688 -0.0787506103515625 0.0229415893554688
-0.02178955078125 0.231979370117188 -0.0080413818359375 0.0561027526855469
-0.124221801757813 0.22119140625 -0.053192138671875 0.184722900390625
-0.185028076171875 0.059173583984375 0.08062744140625 0.28924560546875
-0.15557861328125 0.143417358398438 0.07745361328125 0.346588134765625
-0.0569305419921875 0.174591064453125 0.157455444335938 0.209793090820313
0.07476806640625 0.173370361328125 0.160919189453125 0.0944671630859375
0.154495239257813 0.078826904296875 0.095245361328125 0.00787353515625
0.181869506835938 -0.0638885498046875 0.0462112426757813 -0.0127334594726563
0.124786376953125 -0.139129638671875 0.0245513916015625 0.0456199645996094
0.101081848144531 -0.129486083984375 0.0305862426757813 0.0906448364257812
0.110565185546875 -0.152420043945313 0.037322998046875 0.127647399902344
0.14886474609375 -0.127349853515625 0.0107574462890625 0.141311645507813
0.178329467773438 -0.03570556640625 -0.0350341796875 0.137680053710937
0.174209594726563 0.0608978271484375 -0.0680389404296875 0.0924148559570313
0.0622406005859375 0.177902221679688 -0.0727615356445313 0.0313339233398438
-0.0813446044921875 0.203567504882813 -0.0146636962890625 0.0972824096679688
-0.174285888671875 0.14886474609375 -0.100860595703125 0.230682373046875
-0.15576171875 -0.0639190673828125 0.027679443359375 0.289459228515625
-0.163070678710937 0.01934814453125 0.045074462890625 0.341156005859375
-0.107292175292969 0.0819015502929687 0.139190673828125 0.199020385742188
-0.0112152099609375 0.137077331542969 0.12200927734375 0.079742431640625
0.082611083984375 0.0972442626953125 0.0472793579101563 0.0109901428222656
0.14703369140625 -0.0045623779296875 -0.00180816650390624 0.0278606414794922
0.1212158203125 -0.0813369750976563 -0.0083160400390625 0.101249694824219
0.0962905883789062 -0.0848617553710937 0.011474609375 0.147247314453125
0.10687255859375 -0.106704711914063 0.01593017578125 0.180801391601562
0.138290405273438 -0.0873184204101563 -0.02459716796875 0.183441162109375
0.1552734375 -0.0091705322265625 -0.0713653564453125 0.15869140625
0.142562866210937 0.076751708984375 -0.0955123901367187 0.0949478149414063
0.0204315185546875 0.169586181640625 -0.0849380493164063 0.0360794067382813
-0.128067016601563 0.151473999023438 -0.0452117919921875 0.123443603515625
-0.204116821289063 0.0586700439453125 -0.162933349609375 0.2470703125
0.16107177734375 0.053253173828125 0.166305541992188 -0.261520385742188
0.142562866210938 -0.115402221679688 0.0914077758789063 -0.121681213378906
-0.010894775390625 -0.14398193359375 0.107795715332031 -0.0422210693359375
-0.097076416015625 -0.0805206298828125 0.157257080078125 -0.104904174804688
-0.109840393066406 -0.00489807128906252 0.123748779296875 -0.188827514648438
-0.112136840820313 0.0679779052734375 0.041046142578125 -0.237808227539063
-0.08074951171875 0.0671463012695313 -0.0162353515625 -0.23931884765625
-0.0790481567382812 0.0470962524414063 -0.01202392578125 -0.189102172851562
-0.11669921875 0.0335464477539063 0.0181808471679687 -0.135658264160156
-0.104598999023438 -0.0486221313476563 0.0308456420898437 -0.073028564453125
-0.0322952270507813 -0.11724853515625 -0.0229549407958984 -0.0108585357666016
0.056304931640625 -0.111114501953125 -0.092193603515625 -0.0477828979492188
0.159835815429688 -0.0144500732421875 -0.12811279296875 -0.200469970703125
0.183578491210938 0.0964202880859375 -0.072662353515625 -0.31842041015625
0.128143310546875 0.160263061523438 -0.0018157958984375 -0.26226806640625
0.119491577148438 0.163131713867188 0.22637939453125 -0.2183837890625
0.16058349609375 0.0003204345703125 0.14178466796875 -0.092071533203125
0.0517120361328125 -0.07666015625 0.147552490234375 -0.027099609375
-0.00930404663085937 -0.0667915344238281 0.205703735351563 -0.0981597900390625
-0.0401535034179688 -0.039215087890625 0.164535522460937 -0.196258544921875
-0.0685043334960938 -0.008575439453125 0.0726165771484375 -0.262420654296875
-0.0607643127441406 -0.01641845703125 0.00787353515625002 -0.261459350585937
-0.0517082214355469 -0.026336669921875 0.00752258300781251 -0.2032470703125
-0.076080322265625 -0.0453109741210938 0.0431060791015625 -0.140090942382813
-0.0399322509765625 -0.0994796752929688 0.0591659545898437 -0.0653114318847656
0.0452804565429688 -0.12078857421875 -0.000328063964843749 0.0134315490722656
0.123992919921875 -0.0766220092773438 -0.07818603515625 -0.003326416015625
0.17889404296875 0.0614471435546875 -0.14141845703125 -0.142669677734375
0.162796020507812 0.1932373046875 -0.080230712890625 -0.25
0.0908660888671875 0.255035400390625 0.00842285156250002 -0.184326171875
0.049163818359375 0.25262451171875 0.268997192382813 -0.131866455078125
0.144393920898438 0.13232421875 0.190277099609375 -0.0218963623046875
0.108131408691406 0.0221786499023438 0.191207885742188 0.0069732666015625
0.0894393920898438 -0.0300827026367187 0.247543334960937 -0.0756378173828125
0.050628662109375 -0.0606613159179688 0.19854736328125 -0.181427001953125
-0.00495910644531251 -0.0848846435546875 0.099517822265625 -0.2606201171875
-0.0283432006835937 -0.09857177734375 0.0337982177734375 -0.248779296875
-0.0152206420898438 -0.0962066650390625 0.025970458984375 -0.184356689453125
-0.0287017822265625 -0.116844177246094 0.0595855712890625 -0.116050720214844
0.0215301513671875 -0.142669677734375 0.0723342895507813 -0.0410079956054688
0.106590270996094 -0.1204833984375 0.0150833129882813 0.0413589477539063
0.170623779296875 -0.0539703369140625 -0.062957763671875 0.0373153686523438
0.18914794921875 0.106231689453125 -0.145660400390625 -0.0775146484375
0.144943237304687 0.249786376953125 -0.0767822265624999 -0.16314697265625
0.0526123046875 0.309051513671875 0.00817108154296876 -0.0855178833007812
-0.040771484375 0.30242919921875 0.278549194335938 -0.0110626220703125
0.0858001708984375 0.246353149414063 0.216033935546875 0.0828399658203125
0.131568908691406 0.135444641113281 0.224456787109375 0.0621185302734375
0.176834106445313 0.03466796875 0.272628784179688 -0.0320587158203125
0.142990112304688 -0.0596771240234375 0.212661743164063 -0.143646240234375
0.0703887939453125 -0.143875122070313 0.115264892578125 -0.22698974609375
0.0151214599609375 -0.166900634765625 0.053741455078125 -0.1995849609375
0.022003173828125 -0.15087890625 0.0388641357421875 -0.133979797363281
0.0186309814453125 -0.172073364257813 0.0659904479980469 -0.0693359375
0.070343017578125 -0.173248291015625 0.0739974975585938 -0.00543975830078126
0.149612426757812 -0.115982055664062 0.0208702087402344 0.0687980651855469
0.199752807617187 -0.034912109375 -0.0489540100097656 0.0684700012207031
0.185409545898438 0.13018798828125 -0.128562927246094 -0.0263290405273438
0.115631103515625 0.270904541015625 -0.05364990234375 -0.0775070190429687
0.00942993164062499 0.325103759765625 0.00595664978027344 0.0193271636962891
-0.124267578125 0.289459228515625 0.247573852539062 0.1221923828125
-0.00143432617187502 0.304718017578125 0.206008911132813 0.20281982421875
0.105972290039062 0.223953247070313 0.228775024414063 0.1280517578125
0.213287353515625 0.109878540039063 0.26513671875 0.023223876953125
0.2071533203125 -0.0275726318359375 0.197418212890625 -0.0867767333984375
0.141189575195312 -0.16632080078125 0.1109619140625 -0.163467407226563
0.0587921142578125 -0.202804565429687 0.0584259033203125 -0.124595642089844
0.056396484375 -0.1802978515625 0.0451087951660156 -0.0620841979980469
0.058685302734375 -0.202377319335938 0.0664291381835937 -0.00733184814453126
0.109878540039063 -0.188278198242188 0.0640792846679688 0.0409889221191406
0.178497314453125 -0.105575561523438 0.0151901245117188 0.092437744140625
0.214035034179688 -0.0099334716796875 -0.0392608642578125 0.0843353271484375
0.164840698242188 0.151199340820313 -0.100288391113281 0.00618743896484378
0.0673065185546875 0.27264404296875 -0.0195407867431641 -0.00447845458984374
-0.04443359375 0.30718994140625 -0.00602722167968751 0.115753173828125
-0.180877685546875 0.21502685546875 0.186294555664062 0.234268188476563
-0.092620849609375 0.279815673828125 0.164306640625 0.30230712890625
0.036285400390625 0.2509765625 0.21038818359375 0.180587768554688
0.186309814453125 0.169509887695313 0.226303100585938 0.06781005859375
0.22222900390625 0.02093505859375 0.15435791015625 -0.0310821533203125
0.18450927734375 -0.14593505859375 0.0854949951171875 -0.0860443115234375
0.09490966796875 -0.20343017578125 0.0490913391113281 -0.0357284545898438
0.080230712890625 -0.182327270507813 0.0452499389648438 0.0172462463378906
0.0853118896484375 -0.2064208984375 0.0593299865722656 0.0625801086425781
0.135177612304688 -0.186126708984375 0.043731689453125 0.0917816162109375
0.19415283203125 -0.08843994140625 -0.00187683105468748 0.117881774902344
0.214462280273438 0.0166778564453125 -0.0455322265625 0.0903854370117187
0.1309814453125 0.174392700195313 -0.0781402587890625 0.021881103515625
0.00569152832031248 0.262939453125 0.00188827514648438 0.0524330139160156
-0.109237670898437 0.261016845703125 -0.03240966796875 0.196746826171875
-0.198150634765625 0.096221923828125 0.1160888671875 0.29876708984375
-0.15386962890625 0.183502197265625 0.114166259765625 0.356903076171875
-0.0419921875 0.205413818359375 0.178909301757813 0.204742431640625
0.108734130859375 0.184371948242188 0.174102783203125 0.08837890625
0.182113647460938 0.0648956298828125 0.0980300903320313 0.003021240234375
0.189132690429688 -0.0952606201171875 0.0447578430175781 -0.0145721435546875
0.116012573242188 -0.1685791015625 0.0290603637695313 0.0481681823730469
0.092254638671875 -0.156326293945312 0.037750244140625 0.0934829711914063
0.0984954833984375 -0.183517456054688 0.0471267700195312 0.131202697753906
0.143295288085938 -0.1610107421875 0.0174407958984375 0.145339965820313
0.19140625 -0.0643463134765625 -0.031494140625 0.144943237304688
0.200469970703125 0.042388916015625 -0.0657577514648438 0.0962753295898438
0.0927886962890625 0.18798828125 -0.0726394653320313 0.031341552734375
-0.06005859375 0.237060546875 0.00105285644531249 0.098907470703125
-0.168716430664063 0.191009521484375 -0.080230712890625 0.254974365234375
-0.180953979492188 -0.0396270751953125 0.05731201171875 0.311553955078125
-0.173080444335938 0.0521240234375 0.078216552734375 0.357086181640625
-0.103767395019531 0.109725952148437 0.157455444335938 0.196014404296875
0.012847900390625 0.153823852539062 0.127937316894531 0.0785751342773438
0.107917785644531 0.0911178588867188 0.04583740234375 0.0148048400878906
0.158187866210937 -0.0327911376953125 -0.00104522705078124 0.037017822265625
0.116508483886719 -0.107086181640625 0.00263214111328126 0.114509582519531
0.0899581909179688 -0.106826782226563 0.0263214111328125 0.157669067382813
0.097747802734375 -0.134689331054688 0.03082275390625 0.192825317382813
0.134391784667969 -0.118522644042969 -0.014556884765625 0.196578979492188
0.168869018554688 -0.03375244140625 -0.068206787109375 0.172271728515625
0.165847778320313 0.0615234375 -0.0966262817382812 0.102745056152344
0.04595947265625 0.181106567382812 -0.0851211547851563 0.0379562377929688
-0.115036010742188 0.185012817382813 -0.029327392578125 0.132118225097656
-0.2093505859375 0.0955352783203125 -0.14495849609375 0.283782958984375
0.170074462890625 0.030303955078125 0.137664794921875 -0.2978515625
0.122947692871094 -0.140289306640625 0.0680770874023438 -0.134140014648438
-0.0337371826171875 -0.144363403320312 0.105178833007813 -0.04803466796875
-0.111656188964844 -0.0662384033203125 0.15411376953125 -0.121597290039063
-0.113273620605469 0.0127792358398437 0.110336303710938 -0.2103271484375
-0.101875305175781 0.0888290405273438 0.019256591796875 -0.254852294921875
-0.0680389404296875 0.0818405151367188 -0.045684814453125 -0.250213623046875
-0.0707626342773438 0.05926513671875 -0.03643798828125 -0.199630737304688
-0.111106872558594 0.0564727783203125 -0.00242614746093752 -0.148468017578125
-0.11444091796875 -0.0281829833984375 0.0202560424804687 -0.0885467529296875
-0.0535659790039062 -0.113113403320312 -0.0228328704833984 -0.0199947357177734
0.0364990234375 -0.121498107910156 -0.0905532836914063 -0.0473403930664063
0.160430908203125 -0.0423583984375 -0.14404296875 -0.194595336914063
0.2056884765625 0.0645294189453125 -0.107757568359375 -0.32122802734375
0.156326293945313 0.139923095703125 -0.031341552734375 -0.28204345703125
0.139144897460937 0.153274536132812 0.206207275390625 -0.261398315429688
0.159698486328125 -0.021026611328125 0.124664306640625 -0.113723754882813
0.039794921875 -0.07977294921875 0.143310546875 -0.0386199951171875
-0.017852783203125 -0.0630073547363281 0.202545166015625 -0.119155883789063
-0.0422134399414063 -0.0320396423339844 0.150161743164063 -0.2208251953125
-0.0659408569335938 0.003570556640625 0.04547119140625 -0.287506103515625
-0.0586013793945312 -0.00880432128906251 -0.026824951171875 -0.277557373046875
-0.0503921508789063 -0.0191841125488281 -0.0221099853515625 -0.216156005859375
-0.07861328125 -0.0344924926757812 0.01788330078125 -0.158111572265625
-0.0513687133789063 -0.0936126708984375 0.0467147827148438 -0.087890625
0.0295791625976562 -0.127059936523438 0.00200855731964112 -0.00118803977966309
0.113998413085937 -0.0941009521484375 -0.0736160278320312 -0.00611877441406252
0.191253662109375 0.0364990234375 -0.152267456054688 -0.134017944335938
0.1953125 0.17401123046875 -0.108047485351562 -0.254226684570313
0.130706787109375 0.248260498046875 -0.00935363769531251 -0.202178955078125
0.0800933837890625 0.259506225585938 0.25982666015625 -0.179901123046875
0.161376953125 0.12225341796875 0.1827392578125 -0.050140380859375
0.112762451171875 0.0164260864257812 0.192291259765625 -0.010986328125
0.0923004150390625 -0.0389938354492187 0.246505737304688 -0.103286743164063
0.04888916015625 -0.066070556640625 0.18499755859375 -0.210311889648438
-0.0102767944335937 -0.0863571166992188 0.07080078125 -0.28607177734375
-0.0374679565429687 -0.1004638671875 -0.000167846679687514 -0.268722534179688
-0.0243606567382813 -0.100975036621094 -0.0033416748046875 -0.199234008789063
-0.0396194458007812 -0.120330810546875 0.0374069213867187 -0.134025573730469
0.0074005126953125 -0.148269653320313 0.0605049133300781 -0.0661888122558594
0.0962982177734375 -0.138031005859375 0.0185031890869141 0.0246086120605469
0.170394897460938 -0.0752410888671875 -0.0550727844238281 0.033966064453125
0.21142578125 0.0866546630859375 -0.15032958984375 -0.0697174072265625
0.181900024414063 0.240631103515625 -0.0928802490234375 -0.167144775390625
0.096435546875 0.312835693359375 0.00372314453125001 -0.104568481445312
-0.00744628906249998 0.329071044921875 0.283111572265625 -0.0538330078125
0.11846923828125 0.249679565429688 0.223190307617188 0.0529632568359375
0.154190063476563 0.135467529296875 0.229339599609375 0.0402374267578125
0.19287109375 0.0150604248046875 0.275650024414063 -0.0623931884765625
0.148391723632813 -0.078857421875 0.203903198242188 -0.17431640625
0.0605316162109375 -0.157577514648437 0.08984375 -0.250823974609375
-0.00100708007812501 -0.1761474609375 0.0250396728515625 -0.21636962890625
0.00700378417968751 -0.163558959960938 0.0150909423828125 -0.149459838867187
-0.000610351562500009 -0.18524169921875 0.0497970581054688 -0.0850906372070313
0.0538787841796875 -0.190216064453125 0.0643081665039063 -0.0256843566894531
0.144622802734375 -0.143020629882812 0.0269584655761719 0.0539474487304687
0.205718994140625 -0.0622100830078125 -0.0411033630371094 0.0606422424316406
0.213455200195312 0.1165771484375 -0.128639221191406 -0.0199737548828125
0.158493041992188 0.271163940429688 -0.0599594116210938 -0.084686279296875
0.05303955078125 0.3427734375 0.0120124816894531 0.00512123107910158
-0.09765625 0.32855224609375 0.270278930664062 0.0890045166015625
0.03607177734375 0.325714111328125 0.22918701171875 0.176849365234375
0.139053344726563 0.22998046875 0.243927001953125 0.10711669921875
0.244293212890625 0.0902862548828125 0.272109985351563 -0.00390624999999999
0.2178955078125 -0.053436279296875 0.193756103515625 -0.112106323242188
0.128677368164063 -0.195236206054688 0.0930938720703125 -0.183334350585938
0.0355377197265625 -0.224136352539063 0.041046142578125 -0.138481140136719
0.0343780517578125 -0.201873779296875 0.0316848754882813 -0.0737686157226563
0.032501220703125 -0.225311279296875 0.0573883056640625 -0.0203170776367188
0.090057373046875 -0.21466064453125 0.0601310729980469 0.0275154113769531
0.17791748046875 -0.137802124023438 0.0208663940429688 0.0823822021484375
0.226760864257813 -0.042022705078125 -0.0336227416992187 0.0803451538085938
0.195068359375 0.142349243164063 -0.101287841796875 0.00906372070312501
0.1119384765625 0.284637451171875 -0.0179958343505859 -0.014932632446289
-0.00573730468750002 0.333526611328125 0.012298583984375 0.109718322753906
-0.164321899414062 0.257522583007813 0.21893310546875 0.214645385742188
-0.0621337890625 0.312469482421875 0.19921875 0.287353515625
0.07476806640625 0.268020629882813 0.228317260742187 0.162841796875
0.2239990234375 0.153915405273438 0.238983154296875 0.0476837158203125
0.241012573242188 -0.0091552734375 0.15350341796875 -0.0458526611328125
0.173660278320313 -0.181503295898438 0.0746612548828125 -0.0992507934570313
0.0703125 -0.2310791015625 0.0415229797363281 -0.0428962707519531
0.0588836669921875 -0.206405639648437 0.0412750244140625 0.00854873657226561
0.060760498046875 -0.233245849609375 0.058319091796875 0.0556831359863281
0.1142578125 -0.215789794921875 0.0448837280273438 0.0835342407226562
0.196807861328125 -0.123733520507812 0.00283813476562501 0.114982604980469
0.230712890625 -0.01226806640625 -0.0404205322265625 0.0910186767578125
0.163040161132813 0.1689453125 -0.0771865844726562 0.0214767456054688
0.043792724609375 0.2828369140625 0.0106391906738281 0.0446701049804688
-0.079345703125 0.2969970703125 -0.004974365234375 0.199066162109375
-0.1986083984375 0.139190673828125 0.155548095703125 0.29730224609375
-0.133544921875 0.221405029296875 0.1573486328125 0.351806640625
-0.0131072998046875 0.232284545898438 0.197906494140625 0.191024780273438
0.145233154296875 0.179702758789063 0.186203002929688 0.075347900390625
0.20513916015625 0.039642333984375 0.0976791381835938 -0.00164031982421875
0.18365478515625 -0.129974365234375 0.0425453186035156 -0.0146522521972656
0.0927276611328125 -0.196380615234375 0.0372314453125 0.0487861633300781
0.073211669921875 -0.179672241210938 0.0469894409179688 0.0921401977539062
0.0743408203125 -0.212356567382813 0.0568771362304688 0.131904602050781
0.125747680664063 -0.195816040039063 0.0246124267578125 0.147079467773438
0.195541381835937 -0.096099853515625 -0.02239990234375 0.15045166015625
0.21783447265625 0.014556884765625 -0.0616302490234375 0.10015869140625
0.125457763671875 0.188400268554688 -0.0750198364257812 0.031097412109375
-0.02532958984375 0.264297485351563 0.0179519653320313 0.0948104858398438
-0.148818969726562 0.228500366210938 -0.0505218505859375 0.269500732421875
-0.194732666015625 -0.00744628906250001 0.094390869140625 0.317352294921875
-0.175201416015625 0.0887908935546875 0.118865966796875 0.358795166015625
-0.095458984375 0.136528015136719 0.1756591796875 0.18267822265625
0.041290283203125 0.160202026367187 0.136703491210937 0.0711593627929688
0.129714965820313 0.0773239135742188 0.0484657287597656 0.0183677673339844
0.155776977539063 -0.06097412109375 0.00244903564453126 0.0436935424804688
0.0988311767578125 -0.132331848144531 0.0175933837890625 0.120033264160156
0.0764083862304688 -0.125228881835938 0.0465087890625 0.163070678710938
0.0811767578125 -0.154983520507812 0.051849365234375 0.198135375976563
0.1214599609375 -0.14599609375 0.00303649902343748 0.207794189453125
0.172653198242188 -0.065155029296875 -0.0572357177734375 0.184921264648438
0.185684204101562 0.0368194580078125 -0.0929946899414062 0.113265991210938
0.0745086669921875 0.181594848632813 -0.084381103515625 0.0427398681640625
-0.089752197265625 0.213897705078125 -0.00554656982421874 0.134422302246094
-0.199951171875 0.135604858398438 -0.114105224609375 0.31329345703125
0.171585083007813 0.007415771484375 0.1016845703125 -0.3155517578125
0.100204467773438 -0.15411376953125 0.04779052734375 -0.140220642089844
-0.0549774169921875 -0.136497497558594 0.0994110107421875 -0.0526504516601563
-0.121551513671875 -0.0493240356445313 0.145278930664063 -0.133529663085938
-0.111473083496094 0.0295486450195313 0.0946197509765625 -0.225570678710938
-0.0843429565429687 0.10406494140625 -0.00366210937499999 -0.262771606445312
-0.0534744262695313 0.0892486572265625 -0.076263427734375 -0.250106811523438
-0.0584297180175781 0.0685768127441406 -0.0646514892578125 -0.2008056640625
-0.0967254638671875 0.07275390625 -0.0255126953125 -0.154876708984375
-0.114486694335938 -0.00833129882812499 0.0041656494140625 -0.101303100585938
-0.0716323852539063 -0.101249694824219 -0.0233707427978516 -0.0304069519042969
0.0182037353515625 -0.125312805175781 -0.091033935546875 -0.046844482421875
0.151611328125 -0.06787109375 -0.156234741210938 -0.182373046875
0.209808349609375 0.0305938720703125 -0.13763427734375 -0.313995361328125
0.17529296875 0.114608764648438 -0.060516357421875 -0.2890625
0.155746459960938 0.13818359375 0.172882080078125 -0.290771484375
0.152267456054688 -0.0370025634765625 0.102867126464844 -0.12579345703125
0.0295791625976563 -0.077484130859375 0.139755249023438 -0.0479660034179688
-0.0242996215820312 -0.0576820373535156 0.19244384765625 -0.138946533203125
-0.0432548522949219 -0.0237274169921875 0.130462646484375 -0.240676879882812
-0.0577278137207031 0.0125770568847656 0.01556396484375 -0.294677734375
-0.0542831420898437 -0.00435256958007813 -0.061676025390625 -0.279144287109375
-0.0503692626953125 -0.0173263549804687 -0.0546875 -0.218368530273438
-0.0764236450195313 -0.0239486694335938 -0.00746154785156251 -0.165664672851562
-0.0592422485351563 -0.0843658447265625 0.0303268432617187 -0.103530883789063
0.0135726928710938 -0.127311706542969 0.00100231170654297 -0.0146684646606445
0.102653503417969 -0.106048583984375 -0.068756103515625 -0.0117111206054688
0.194015502929688 0.013671875 -0.15777587890625 -0.123367309570312
0.216217041015625 0.146408081054688 -0.129287719726562 -0.246932983398438
0.15911865234375 0.22869873046875 -0.029693603515625 -0.21697998046875
0.10601806640625 0.257247924804688 0.235733032226563 -0.215591430664063
0.171417236328125 0.106857299804688 0.16656494140625 -0.071044921875
0.114608764648438 0.0132217407226563 0.187179565429687 -0.0243682861328125
0.091278076171875 -0.0439453125 0.238525390625 -0.12628173828125
0.0457992553710938 -0.0711669921875 0.164215087890625 -0.233154296875
-0.0145034790039063 -0.0847549438476563 0.03863525390625 -0.2955322265625
-0.0446319580078125 -0.0989913940429688 -0.0363922119140625 -0.271072387695313
-0.033477783203125 -0.102272033691406 -0.033905029296875 -0.202835083007813
-0.0497055053710937 -0.115150451660156 0.011688232421875 -0.1448974609375
-0.00891113281250001 -0.150375366210938 0.0454177856445313 -0.0820999145507813
0.0814666748046875 -0.148834228515625 0.0168352127075195 0.00910854339599609
0.16424560546875 -0.09649658203125 -0.0493888854980469 0.0235786437988281
0.221969604492188 0.06402587890625 -0.1505126953125 -0.06207275390625
0.213699340820313 0.2203369140625 -0.108078002929688 -0.16497802734375
0.13348388671875 0.3040771484375 -0.00526428222656249 -0.117538452148438
0.02801513671875 0.33758544921875 0.274871826171875 -0.0949859619140625
0.1468505859375 0.243560791015625 0.21942138671875 0.026275634765625
0.1719970703125 0.125762939453125 0.228408813476563 0.0234832763671875
0.20037841796875 -0.0022735595703125 0.270339965820313 -0.0876007080078125
0.1434326171875 -0.0954742431640625 0.183624267578125 -0.193557739257813
0.0458526611328125 -0.167587280273438 0.05914306640625 -0.26025390625
-0.021026611328125 -0.181442260742188 -0.0050201416015625 -0.224761962890625
-0.01129150390625 -0.1715087890625 -0.00852966308593748 -0.1524658203125
-0.022369384765625 -0.189987182617188 0.0284423828125 -0.0958099365234375
0.0327301025390625 -0.202072143554688 0.0516624450683594 -0.0415573120117188
0.13177490234375 -0.163238525390625 0.0239906311035156 0.0396041870117187
0.205123901367188 -0.08685302734375 -0.0345230102539063 0.0516815185546875
0.231246948242187 0.0962066650390625 -0.12701416015625 -0.0168609619140625
0.193450927734375 0.259780883789063 -0.067108154296875 -0.0878219604492187
0.095367431640625 0.3402099609375 0.0158300399780274 -0.00861072540283201
-0.061126708984375 0.351104736328125 0.277359008789063 0.050506591796875
0.075958251953125 0.329986572265625 0.24005126953125 0.149459838867188
0.171051025390625 0.22674560546875 0.24737548828125 0.0860595703125
0.26190185546875 0.0661163330078125 0.271774291992187 -0.030487060546875
0.220596313476563 -0.082794189453125 0.178329467773437 -0.129806518554688
0.108047485351562 -0.211822509765625 0.067840576171875 -0.191680908203125
0.00932312011718751 -0.233062744140625 0.0211029052734375 -0.144943237304688
0.011932373046875 -0.212265014648438 0.0177536010742188 -0.078704833984375
0.00524902343750001 -0.235565185546875 0.0447235107421875 -0.0273704528808594
0.0644073486328125 -0.23297119140625 0.0522613525390625 0.0140228271484375
0.165374755859375 -0.164810180664063 0.020050048828125 0.0735244750976562
0.228302001953125 -0.0703125 -0.0290069580078125 0.0704879760742187
0.219940185546875 0.125534057617188 -0.0988922119140625 0.010223388671875
0.14984130859375 0.279830932617187 -0.0177593231201172 -0.0223102569580078
0.036285400390625 0.3421630859375 0.026336669921875 0.0990371704101563
-0.136138916015625 0.29205322265625 0.243133544921875 0.185562133789063
-0.0216064453125 0.3297119140625 0.225372314453125 0.26104736328125
0.110549926757813 0.273101806640625 0.237152099609375 0.141860961914063
0.252151489257813 0.131240844726563 0.239776611328125 0.0261993408203125
0.245529174804688 -0.0408477783203125 0.145416259765625 -0.060638427734375
0.15374755859375 -0.20751953125 0.0599441528320313 -0.101882934570313
0.041839599609375 -0.243423461914063 0.0371780395507813 -0.0492706298828125
0.0328826904296875 -0.22052001953125 0.0400733947753906 0.00723266601562499
0.0276336669921875 -0.247695922851563 0.0586929321289063 0.0497970581054687
0.0866546630859375 -0.239212036132813 0.0456161499023438 0.0775985717773438
0.185134887695313 -0.154281616210937 0.00650787353515625 0.110435485839844
0.237625122070313 -0.0464630126953125 -0.0361480712890625 0.0855026245117188
0.192230224609375 0.154861450195313 -0.0781707763671875 0.0215301513671875
0.0853271484375 0.28741455078125 0.0180301666259766 0.0337352752685547
-0.039886474609375 0.31439208984375 0.0177154541015625 0.19427490234375
-0.1832275390625 0.171798706054688 0.187530517578125 0.279266357421875
-0.106597900390625 0.248672485351563 0.189483642578125 0.333709716796875
0.01739501953125 0.244400024414063 0.210968017578125 0.172607421875
0.177001953125 0.165069580078125 0.188888549804688 0.0595855712890625
0.2159423828125 0.0101318359375 0.0959701538085938 -0.00572967529296875
0.166183471679688 -0.16107177734375 0.0377120971679688 -0.01593017578125
0.065826416015625 -0.212265014648438 0.0410919189453125 0.0456047058105469
0.04754638671875 -0.194747924804687 0.0567474365234375 0.0907516479492187
0.0447235107421875 -0.225799560546875 0.0680084228515625 0.1265869140625
0.099029541015625 -0.216781616210938 0.0340576171875 0.145965576171875
0.185256958007812 -0.12884521484375 -0.0164794921875 0.151412963867187
0.226913452148438 -0.017333984375 -0.0570907592773437 0.100425720214844
0.154571533203125 0.175460815429687 -0.0719223022460937 0.032073974609375
0.0131072998046875 0.275833129882812 0.0293045043945312 0.086029052734375
-0.116241455078125 0.256866455078125 -0.0172271728515625 0.273895263671875
-0.198898315429687 0.02288818359375 0.130401611328125 0.31365966796875
-0.162353515625 0.117034912109375 0.15313720703125 0.34649658203125
-0.0706939697265625 0.159805297851563 0.186065673828125 0.167510986328125
0.07135009765625 0.15643310546875 0.138763427734375 0.0643539428710938
0.145767211914063 0.05487060546875 0.0467720031738281 0.0234184265136719
0.148193359375 -0.0888214111328125 0.0102806091308594 0.0516891479492187
0.0790863037109375 -0.150283813476563 0.0371322631835938 0.122848510742187
0.0573883056640625 -0.141082763671875 0.0662689208984375 0.160995483398438
0.055023193359375 -0.170623779296875 0.072845458984375 0.195602416992188
0.097442626953125 -0.165618896484375 0.0193939208984375 0.210205078125
0.163238525390625 -0.09063720703125 -0.042999267578125 0.191741943359375
0.190673828125 0.0103302001953125 -0.0858001708984375 0.11944580078125
0.10308837890625 0.175323486328125 -0.081451416015625 0.0429611206054688
-0.057525634765625 0.232437133789063 0.0122833251953125 0.131217956542969
-0.1805419921875 0.165603637695312 -0.07867431640625 0.327850341796875
0.16864013671875 -0.011199951171875 0.0726013183593751 -0.32269287109375
0.0797271728515625 -0.160125732421875 0.0287857055664063 -0.137840270996094
-0.0683517456054688 -0.126945495605469 0.0957412719726563 -0.0533447265625
-0.124229431152344 -0.0334396362304687 0.138702392578125 -0.140251159667969
-0.106201171875 0.0423049926757812 0.0793609619140625 -0.233779907226563
-0.0681381225585937 0.112197875976562 -0.02294921875 -0.267410278320313
-0.0405120849609375 0.0923385620117188 -0.097686767578125 -0.245071411132812
-0.0487899780273438 0.073089599609375 -0.085693359375 -0.196380615234375
-0.0821456909179688 0.0826568603515625 -0.0449066162109375 -0.155075073242188
-0.110855102539062 0.00685882568359375 -0.01019287109375 -0.107666015625
-0.082122802734375 -0.0880966186523437 -0.0275611877441406 -0.0377655029296875
0.00311279296875001 -0.123825073242188 -0.0896530151367188 -0.0492477416992188
0.138931274414063 -0.0849075317382813 -0.16015625 -0.171737670898438
0.20794677734375 0.00439453125 -0.15594482421875 -0.3031005859375
0.1829833984375 0.0911102294921875 -0.083160400390625 -0.2894287109375
0.164306640625 0.12310791015625 0.143341064453125 -0.3055419921875
0.142471313476563 -0.04595947265625 0.0839691162109375 -0.129905700683594
0.0229110717773437 -0.0741424560546875 0.134117126464844 -0.0515594482421875
-0.0270767211914063 -0.0502662658691406 0.183151245117188 -0.149307250976563
-0.0416717529296875 -0.0173606872558594 0.112716674804687 -0.25115966796875
-0.0498046875 0.018310546875 -0.00775146484375 -0.298004150390625
-0.0495643615722656 -0.000637054443359385 -0.08807373046875 -0.274490356445313
-0.0478248596191406 -0.0151863098144531 -0.078521728515625 -0.214019775390625
-0.0723037719726562 -0.0165023803710938 -0.030426025390625 -0.166305541992188
-0.0624237060546875 -0.0746307373046875 0.0130844116210937 -0.112693786621094
0.00137329101562501 -0.123687744140625 -0.0037841796875 -0.0260009765625
0.0905685424804688 -0.11199951171875 -0.0664405822753906 -0.018463134765625
0.190872192382813 -0.004364013671875 -0.158477783203125 -0.11651611328125
0.22442626953125 0.122085571289063 -0.143585205078125 -0.239974975585937
0.176925659179687 0.209381103515625 -0.0460968017578125 -0.222381591796875
0.126449584960938 0.25 0.211181640625 -0.237350463867187
0.1761474609375 0.094635009765625 0.148910522460938 -0.082611083984375
0.117050170898438 0.0108184814453125 0.180465698242188 -0.0315093994140625
0.0904388427734375 -0.0487518310546875 0.227188110351562 -0.140518188476563
0.04425048828125 -0.0739212036132813 0.145370483398438 -0.24346923828125
-0.0156631469726563 -0.0822982788085938 0.0130615234375 -0.298126220703125
-0.0491714477539063 -0.0973358154296875 -0.06304931640625 -0.26800537109375
-0.0404586791992187 -0.10174560546875 -0.0580291748046875 -0.198333740234375
-0.0569229125976562 -0.111785888671875 -0.0120391845703125 -0.146011352539063
-0.01885986328125 -0.147705078125 0.0276947021484375 -0.0921707153320313
0.0696563720703125 -0.15411376953125 0.0105676651000977 -0.00246524810791017
0.155487060546875 -0.108673095703125 -0.0480232238769531 0.0146903991699219
0.225540161132813 0.0460052490234375 -0.147933959960937 -0.0588836669921875
0.231536865234375 0.199600219726563 -0.116897583007812 -0.161956787109375
0.1588134765625 0.2901611328125 -0.0136871337890625 -0.127716064453125
0.057281494140625 0.33953857421875 0.259246826171875 -0.12188720703125
0.166427612304688 0.2340087890625 0.20806884765625 0.00753784179687501
0.185211181640625 0.119186401367188 0.22247314453125 0.01129150390625
0.203521728515625 -0.0178985595703125 0.259963989257813 -0.10504150390625
0.138908386230469 -0.108200073242188 0.166961669921875 -0.205459594726563
0.0341796875 -0.17022705078125 0.034637451171875 -0.261260986328125
-0.03656005859375 -0.18115234375 -0.0292205810546875 -0.222686767578125
-0.0266265869140625 -0.17364501953125 -0.0288543701171875 -0.15045166015625
-0.0374298095703125 -0.1900634765625 0.00940704345703125 -0.0982284545898438
0.0157012939453125 -0.20672607421875 0.03717041015625 -0.0505027770996094
0.119140625 -0.17620849609375 0.01806640625 0.0283489227294922
0.199050903320313 -0.105606079101563 -0.0342483520507812 0.0422286987304687
0.240631103515625 0.079132080078125 -0.124664306640625 -0.0151443481445312
0.217315673828125 0.244644165039062 -0.0717315673828125 -0.0902023315429688
0.1251220703125 0.332916259765625 0.0158939361572266 -0.02093505859375
-0.029083251953125 0.36419677734375 0.274002075195312 0.021759033203125
0.104949951171875 0.32611083984375 0.2401123046875 0.125015258789063
0.194564819335937 0.218994140625 0.24462890625 0.0710601806640625
0.273452758789063 0.0431365966796875 0.265335083007813 -0.0473480224609375
0.214706420898438 -0.105422973632813 0.165878295898438 -0.139892578125
0.089630126953125 -0.221572875976562 0.049224853515625 -0.191085815429687
-0.0126495361328125 -0.235198974609375 0.00428771972656251 -0.14599609375
-0.00941467285156252 -0.217071533203125 0.00469207763671876 -0.0783004760742188
-0.0179595947265625 -0.239547729492187 0.0324077606201172 -0.030548095703125
0.0413818359375 -0.242691040039063 0.0422248840332031 0.00740432739257811
0.151580810546875 -0.184677124023438 0.0163421630859375 0.0647659301757812
0.2257080078125 -0.0933837890625 -0.0289382934570312 0.0626258850097656
0.235061645507813 0.10919189453125 -0.0980606079101563 0.00871276855468752
0.178924560546875 0.2711181640625 -0.0193138122558594 -0.0294551849365234
0.0682373046875 0.34222412109375 0.0342864990234375 0.0858612060546875
-0.10968017578125 0.312164306640625 0.25274658203125 0.160507202148438
0.010772705078125 0.336822509765625 0.235824584960937 0.237091064453125
0.138381958007812 0.270263671875 0.238067626953125 0.126480102539063
0.26959228515625 0.108047485351563 0.237197875976563 0.0111846923828125
0.245880126953125 -0.0664215087890625 0.138862609863281 -0.066558837890625
0.13250732421875 -0.223403930664063 0.0487747192382812 -0.101715087890625
0.01617431640625 -0.249404907226563 0.0304832458496094 -0.05084228515625
0.00941467285156248 -0.226409912109375 0.0373115539550781 0.00497436523437499
0.00114440917968747 -0.254486083984375 0.0549240112304688 0.0463905334472656
0.0622711181640625 -0.251190185546875 0.0429000854492188 0.0746307373046875
0.170440673828125 -0.177337646484375 0.00638580322265625 0.106834411621094
0.234954833984375 -0.07177734375 -0.03692626953125 0.080078125
0.211868286132812 0.140213012695312 -0.0788192749023437 0.0206756591796875
0.117889404296875 0.284454345703125 0.0208168029785156 0.0238285064697266
-0.00601196289062502 0.321746826171875 0.03350830078125 0.184158325195313
-0.166793823242187 0.197357177734375 0.206619262695313 0.260482788085938
-0.080291748046875 0.264205932617187 0.20849609375 0.311920166015625
0.044708251953125 0.249481201171875 0.215057373046875 0.157485961914063
0.198944091796875 0.147018432617188 0.189361572265625 0.049957275390625
0.220458984375 -0.01361083984375 0.0942001342773438 -0.006866455078125
0.148101806640625 -0.17999267578125 0.0356979370117188 -0.0133247375488281
0.04150390625 -0.220733642578125 0.0453987121582031 0.0429458618164062
0.02587890625 -0.202255249023438 0.0625381469726563 0.0864715576171875
0.0191802978515625 -0.231842041015625 0.0731124877929687 0.123443603515625
0.0743255615234375 -0.229141235351562 0.039306640625 0.144088745117187
0.172134399414063 -0.1519775390625 -0.01202392578125 0.151687622070312
0.225357055664063 -0.042877197265625 -0.0557632446289063 0.100189208984375
0.174667358398438 0.16192626953125 -0.0728073120117187 0.0306015014648438
0.044952392578125 0.277618408203125 0.0369720458984375 0.07501220703125
-0.0872802734375 0.270584106445313 0.0057373046875 0.26885986328125
-0.195098876953125 0.04937744140625 0.153900146484375 0.30267333984375
-0.14788818359375 0.138458251953125 0.175567626953125 0.330780029296875
-0.051055908203125 0.171035766601563 0.1884765625 0.15533447265625
0.0919952392578125 0.14727783203125 0.139175415039063 0.0598602294921875
0.1531982421875 0.0356292724609375 0.048553466796875 0.0266876220703125
0.134117126464844 -0.106498718261719 0.016021728515625 0.0556259155273437
0.0588226318359375 -0.15777587890625 0.0506210327148438 0.119728088378906
0.0385589599609375 -0.148117065429687 0.0811309814453125 0.155227661132813
0.033416748046875 -0.176910400390625 0.085693359375 0.191848754882813
0.0767059326171875 -0.176712036132813 0.0311279296875 0.208969116210938
0.152847290039063 -0.109848022460938 -0.03350830078125 0.195327758789063
0.192108154296875 -0.012542724609375 -0.0811538696289063 0.120872497558594
0.12158203125 0.163894653320313 -0.0804901123046875 0.04248046875
-0.02947998046875 0.237197875976563 0.025390625 0.122962951660156
-0.157424926757812 0.184814453125 -0.048675537109375 0.32958984375
0.165802001953125 -0.024749755859375 0.052337646484375 -0.3284912109375
0.0649871826171875 -0.163482666015625 0.0164794921875 -0.134513854980469
-0.07696533203125 -0.119163513183594 0.0947952270507813 -0.0522079467773438
-0.125572204589844 -0.02154541015625 0.135940551757813 -0.145767211914063
-0.102035522460937 0.0526809692382812 0.0691375732421875 -0.242401123046875
-0.0550994873046875 0.117073059082031 -0.036651611328125 -0.27313232421875
-0.031097412109375 0.09381103515625 -0.114166259765625 -0.24371337890625
-0.0411148071289062 0.0755844116210938 -0.1015625 -0.193588256835938
-0.0709915161132813 0.0886764526367188 -0.0599212646484375 -0.154937744140625
-0.10662841796875 0.0186080932617188 -0.022705078125 -0.113426208496094
-0.089752197265625 -0.0781478881835937 -0.0327110290527344 -0.0453758239746094
-0.00803375244140625 -0.121505737304688 -0.0903778076171875 -0.0548553466796875
0.130210876464844 -0.0966720581054688 -0.161911010742187 -0.16937255859375
0.204086303710938 -0.0146942138671875 -0.167449951171875 -0.2994384765625
0.187973022460938 0.0745391845703125 -0.09820556640625 -0.293182373046875
0.170684814453125 0.114593505859375 0.12298583984375 -0.31640625
0.135971069335938 -0.0517654418945313 0.070404052734375 -0.130722045898438
0.0198745727539063 -0.0701446533203125 0.131851196289063 -0.0519485473632813
-0.0274925231933594 -0.0450820922851563 0.179290771484375 -0.156784057617188
-0.0397834777832031 -0.0131607055664062 0.101303100585938 -0.259933471679688
-0.04296875 0.0207405090332031 -0.023651123046875 -0.3031005859375
-0.0466728210449219 -0.00102996826171876 -0.107696533203125 -0.27203369140625
-0.0468978881835938 -0.0143089294433594 -0.09710693359375 -0.210891723632812
-0.0684318542480469 -0.0128555297851563 -0.0482330322265625 -0.166366577148438
-0.0635185241699219 -0.0691680908203125 -0.00240325927734374 -0.120590209960937
-0.00619506835937499 -0.121612548828125 -0.0101242065429688 -0.0355720520019531
0.082763671875 -0.115432739257812 -0.066680908203125 -0.0265121459960937
0.188430786132813 -0.01611328125 -0.1578369140625 -0.115234375
0.229995727539063 0.10577392578125 -0.1529541015625 -0.238449096679688
0.188491821289063 0.1968994140625 -0.05780029296875 -0.230575561523438
0.142303466796875 0.247055053710937 0.193572998046875 -0.253311157226562
0.1810302734375 0.088714599609375 0.136444091796875 -0.08782958984375
0.121955871582031 0.0111160278320312 0.178131103515625 -0.034271240234375
0.0918502807617188 -0.0516586303710938 0.223236083984375 -0.149078369140625
0.0439453125 -0.0766143798828125 0.133514404296875 -0.25238037109375
-0.0155715942382813 -0.0825347900390625 -0.00390624999999999 -0.301116943359375
-0.05352783203125 -0.0977783203125 -0.0839080810546875 -0.265426635742188
-0.0468597412109375 -0.102874755859375 -0.0771484375 -0.195404052734375
-0.0615463256835938 -0.111007690429687 -0.0301666259765625 -0.146636962890625
-0.0254974365234375 -0.148040771484375 0.0122756958007813 -0.0997848510742188
0.0609283447265625 -0.159149169921875 0.00318145751953125 -0.0123414993286133
0.150833129882813 -0.117691040039063 -0.049835205078125 0.00558853149414062
0.23077392578125 0.0351715087890625 -0.1468505859375 -0.05975341796875
0.244461059570313 0.186630249023438 -0.124603271484375 -0.163803100585938
0.1768798828125 0.2821044921875 -0.021026611328125 -0.138229370117187
0.078582763671875 0.344635009765625 0.247604370117188 -0.139923095703125
0.181442260742187 0.229278564453125 0.19903564453125 -0.00267028808593749
0.198486328125 0.116012573242188 0.220474243164063 0.00671386718750001
0.208526611328125 -0.028045654296875 0.256072998046875 -0.115234375
0.136764526367188 -0.118988037109375 0.156387329101563 -0.213790893554688
0.0268707275390625 -0.174850463867188 0.0191802978515625 -0.262191772460938
-0.04742431640625 -0.182693481445313 -0.047760009765625 -0.221923828125
-0.039215087890625 -0.176284790039063 -0.0445709228515625 -0.148651123046875
-0.0501251220703125 -0.192001342773438 -0.00560760498046875 -0.098876953125
0.00236511230468749 -0.21148681640625 0.0234756469726562 -0.0563812255859375
0.109878540039062 -0.18792724609375 0.0106029510498047 0.0208930969238281
0.196853637695313 -0.120193481445313 -0.0367927551269531 0.0336418151855469
0.251007080078125 0.0686492919921875 -0.124824523925781 -0.0174636840820312
0.237289428710937 0.2359619140625 -0.0769577026367187 -0.0950469970703125
0.147003173828125 0.329254150390625 0.0134544372558594 -0.032388687133789
-0.00592041015625 0.3758544921875 0.271286010742188 0.00407409667968752
0.126708984375 0.327178955078125 0.23809814453125 0.111557006835938
0.214813232421875 0.215774536132813 0.243942260742188 0.0647430419921875
0.282806396484375 0.02685546875 0.262588500976563 -0.0580291748046875
0.214218139648437 -0.121871948242187 0.159133911132813 -0.14599609375
0.0770721435546875 -0.230377197265625 0.0368499755859375 -0.190414428710938
-0.0286865234375 -0.23919677734375 -0.0076904296875 -0.146133422851563
-0.0258941650390625 -0.222320556640625 -0.00483703613281251 -0.0780792236328125
-0.0361480712890625 -0.243942260742188 0.0223140716552734 -0.0309677124023438
0.0246734619140625 -0.25103759765625 0.0328960418701172 0.0041370391845703
0.142501831054688 -0.200836181640625 0.0109367370605469 0.0607986450195312
0.225265502929687 -0.111892700195312 -0.0330657958984375 0.0568351745605469
0.249557495117188 0.0986328125 -0.0995254516601563 0.00653076171875001
0.20269775390625 0.266403198242188 -0.02276611328125 -0.0367393493652344
0.092315673828125 0.34466552734375 0.0385208129882813 0.0750579833984375
-0.090087890625 0.330413818359375 0.258453369140625 0.144195556640625
0.034210205078125 0.343353271484375 0.242355346679687 0.22357177734375
0.162078857421875 0.271255493164063 0.240203857421875 0.118911743164063
0.2838134765625 0.09210205078125 0.2374267578125 0.00283813476562501
0.246444702148438 -0.0877685546875 0.135765075683594 -0.0696792602539063
0.11810302734375 -0.235824584960938 0.0422515869140625 -0.09918212890625
-0.00222778320312502 -0.254165649414063 0.0254745483398438 -0.0522575378417969
-0.008514404296875 -0.233047485351562 0.0346183776855469 0.0039539337158203
-0.018951416015625 -0.25921630859375 0.0519027709960938 0.0460128784179687
0.0424346923828125 -0.261505126953125 0.0395965576171875 0.0741119384765625
0.1607666015625 -0.195144653320312 0.00359344482421875 0.106475830078125
0.235595703125 -0.0909423828125 -0.0399169921875 0.0776290893554688
0.22833251953125 0.129959106445313 -0.0810699462890625 0.01812744140625
0.142425537109375 0.283599853515625 0.0210208892822266 0.0151729583740235
0.016845703125 0.3292236328125 0.0438079833984375 0.176498413085938
-0.154891967773438 0.217987060546875 0.2186279296875 0.250091552734375
-0.0607147216796875 0.276290893554688 0.21856689453125 0.300933837890625
0.066131591796875 0.255783081054688 0.216690063476563 0.15106201171875
0.21600341796875 0.133407592773438 0.189620971679688 0.0448455810546875
0.223846435546875 -0.0330657958984375 0.0948410034179688 -0.006256103515625
0.134536743164063 -0.194229125976563 0.0359992980957031 -0.00978088378906251
0.0226898193359375 -0.227188110351563 0.0489845275878906 0.04119873046875
0.0082855224609375 -0.208297729492188 0.0677108764648437 0.0844268798828125
-0.00100708007812499 -0.237747192382812 0.0774917602539063 0.122810363769531
0.05499267578125 -0.23931884765625 0.04119873046875 0.144332885742188
0.162628173828125 -0.169952392578125 -0.010162353515625 0.15423583984375
0.227142333984375 -0.06243896484375 -0.0572280883789062 0.0994644165039063
0.190261840820313 0.1529541015625 -0.0754776000976562 0.029388427734375
0.0699462890625 0.280044555664063 0.0419845581054688 0.0666961669921875
-0.06573486328125 0.281341552734375 0.0209503173828125 0.265625
-0.191925048828125 0.069854736328125 0.169097900390625 0.29815673828125
-0.136550903320313 0.15472412109375 0.18804931640625 0.323638916015625
-0.0358428955078125 0.181640625 0.190841674804687 0.150405883789063
0.108512878417969 0.140029907226563 0.139701843261719 0.0595169067382813
0.1575927734375 0.0202178955078125 0.0520668029785156 0.0317497253417969
0.12322998046875 -0.120132446289063 0.0226020812988281 0.0611572265625
0.042877197265625 -0.164138793945313 0.0609054565429687 0.117820739746094
0.0251617431640625 -0.152801513671875 0.0920257568359375 0.151840209960938
0.0168304443359375 -0.182281494140625 0.0956573486328125 0.190582275390625
0.0601806640625 -0.185043334960938 0.038848876953125 0.210861206054688
0.14447021484375 -0.125350952148438 -0.0286712646484375 0.200286865234375
0.19256591796875 -0.029205322265625 -0.0812454223632813 0.123382568359375
0.134521484375 0.156829833984375 -0.0827178955078125 0.042449951171875
-0.00837707519531251 0.243301391601563 0.0342941284179687 0.115249633789063
-0.141265869140625 0.198043823242188 -0.028228759765625 0.332427978515625
0.166336059570313 -0.036651611328125 0.03680419921875 -0.342254638671875
0.053192138671875 -0.169464111328125 0.00685882568359375 -0.133132934570313
-0.0861587524414062 -0.115318298339844 0.0973968505859375 -0.0525894165039063
-0.128875732421875 -0.0117111206054687 0.138824462890625 -0.15484619140625
-0.0998153686523438 0.0628890991210938 0.0615692138671875 -0.255538940429688
-0.0443801879882813 0.123779296875 -0.0526123046875 -0.286468505859375
-0.0225448608398437 0.0979080200195313 -0.1331787109375 -0.247589111328125
-0.0354461669921875 0.0797500610351563 -0.118484497070312 -0.195388793945313
-0.0618209838867188 0.0946197509765625 -0.0753631591796875 -0.157638549804688
-0.104072570800781 0.0285568237304688 -0.0365676879882813 -0.120162963867188
-0.0976181030273437 -0.069244384765625 -0.0386085510253906 -0.0541839599609375
-0.0177154541015625 -0.1221923828125 -0.0935211181640625 -0.0620498657226563
0.124237060546875 -0.108795166015625 -0.168731689453125 -0.172271728515625
0.204513549804688 -0.0306243896484375 -0.183349609375 -0.304412841796875
0.195404052734375 0.0619659423828125 -0.11517333984375 -0.30523681640625
0.18096923828125 0.109359741210937 0.10882568359375 -0.3341064453125
0.134429931640625 -0.0564041137695313 0.0606613159179688 -0.132644653320313
0.0188980102539062 -0.0687599182128906 0.134231567382813 -0.0527877807617188
-0.026885986328125 -0.0421028137207031 0.181076049804688 -0.167861938476563
-0.0388526916503906 -0.00989151000976563 0.093505859375 -0.274642944335938
-0.0371322631835938 0.0230903625488281 -0.040679931640625 -0.315277099609375
-0.0452995300292969 -0.000270843505859384 -0.129150390625 -0.275985717773438
-0.04742431640625 -0.0142974853515625 -0.116653442382812 -0.21112060546875
-0.0666885375976563 -0.0110206604003906 -0.0667572021484375 -0.169906616210938
-0.0657615661621094 -0.0664176940917969 -0.01812744140625 -0.12890625
-0.0128936767578125 -0.121437072753906 -0.0184135437011719 -0.0451240539550781
0.0789108276367188 -0.121421813964844 -0.0707015991210938 -0.034515380859375
0.19171142578125 -0.02606201171875 -0.162826538085938 -0.118560791015625
0.240036010742187 0.0944976806640625 -0.166152954101562 -0.244415283203125
0.203521728515625 0.190948486328125 -0.071136474609375 -0.244049072265625
0.158538818359375 0.250762939453125 0.18267822265625 -0.272384643554688
0.189498901367187 0.0868377685546875 0.1285400390625 -0.0928878784179688
0.1300048828125 0.0106735229492188 0.18072509765625 -0.036468505859375
0.0965042114257813 -0.0562896728515625 0.224609375 -0.161468505859375
0.0446548461914062 -0.0814666748046875 0.126007080078125 -0.266189575195313
-0.015472412109375 -0.0863189697265625 -0.01983642578125 -0.311279296875
-0.0590438842773438 -0.100692749023438 -0.105087280273437 -0.269668579101563
-0.0537261962890625 -0.106651306152344 -0.095916748046875 -0.196380615234375
-0.0669097900390625 -0.113548278808594 -0.0478363037109375 -0.147598266601563
-0.0335540771484375 -0.152114868164063 -0.00321960449218749 -0.107254028320313
0.05560302734375 -0.167282104492187 -0.00514602661132812 -0.0204067230224609
0.151016235351563 -0.129638671875 -0.0543861389160156 -0.00244140625
0.241058349609375 0.026123046875 -0.15106201171875 -0.062530517578125
0.263092041015625 0.180648803710937 -0.1346435546875 -0.169692993164062
0.196136474609375 0.281768798828125 -0.029449462890625 -0.151687622070312
0.101226806640625 0.356475830078125 0.242706298828125 -0.159194946289062
0.198989868164063 0.231155395507813 0.195480346679687 -0.01055908203125
0.216445922851562 0.115676879882812 0.224411010742187 0.00364685058593751
0.218673706054688 -0.0398406982421875 0.25897216796875 -0.127212524414062
0.138587951660156 -0.131568908691406 0.152008056640625 -0.22552490234375
0.0211029052734375 -0.183853149414063 0.00541687011718748 -0.269027709960937
-0.0597991943359375 -0.189254760742187 -0.0653076171875 -0.225662231445313
-0.0524444580078125 -0.183563232421875 -0.0597381591796875 -0.149551391601563
-0.063720703125 -0.198211669921875 -0.0197830200195313 -0.09912109375
-0.00947570800781252 -0.221145629882812 0.00991058349609375 -0.0616569519042969
0.103713989257813 -0.202987670898438 0.00221729278564454 0.015970230102539
0.199691772460938 -0.13641357421875 -0.042572021484375 0.0278587341308594
0.267059326171875 0.0605316162109375 -0.1295166015625 -0.020233154296875
0.261672973632813 0.23297119140625 -0.0836868286132812 -0.101486206054687
0.16943359375 0.33514404296875 0.0106544494628906 -0.0437469482421875
0.016754150390625 0.395477294921875 0.275146484375 -0.0120849609375
0.150634765625 0.3345947265625 0.24176025390625 0.104293823242188
0.24066162109375 0.218643188476562 0.248916625976563 0.0618743896484375
0.29852294921875 0.011810302734375 0.267471313476563 -0.0679473876953125
0.21697998046875 -0.14129638671875 0.157257080078125 -0.154266357421875
0.06768798828125 -0.244140625 0.028533935546875 -0.19390869140625
-0.045501708984375 -0.248092651367188 -0.019866943359375 -0.149093627929688
-0.0433197021484375 -0.23138427734375 -0.013763427734375 -0.078765869140625
-0.0547027587890625 -0.253509521484375 0.0142288208007812 -0.0297527313232422
0.008331298828125 -0.26434326171875 0.0243206024169922 0.00185966491699217
0.136245727539063 -0.220443725585938 0.00466537475585939 0.0603103637695312
0.229156494140625 -0.132171630859375 -0.0380592346191406 0.0534286499023437
0.269210815429688 0.0904388427734375 -0.104408264160156 0.00469207763671875
0.229568481445313 0.267379760742188 -0.0265617370605469 -0.0445899963378906
0.115966796875 0.354095458984375 0.0415916442871094 0.0672836303710938
-0.072265625 0.355133056640625 0.268783569335938 0.13494873046875
0.057769775390625 0.3582763671875 0.251068115234375 0.21868896484375
0.189910888671875 0.277923583984375 0.247116088867188 0.116851806640625
0.30413818359375 0.0772705078125 0.242080688476563 -0.0042724609375
0.251678466796875 -0.108642578125 0.137252807617188 -0.0732192993164063
0.107254028320313 -0.252151489257813 0.0390396118164063 -0.0989456176757813
-0.0215911865234375 -0.264678955078125 0.0216064453125 -0.0543327331542969
-0.0265045166015625 -0.243453979492188 0.0323162078857422 0.00258445739746092
-0.0394287109375 -0.269317626953125 0.0497093200683594 0.0485954284667969
0.0240325927734375 -0.27618408203125 0.0366363525390625 0.07568359375
0.15399169921875 -0.2159423828125 0.000984191894531263 0.110252380371094
0.241058349609375 -0.11273193359375 -0.0452957153320312 0.07769775390625
0.249755859375 0.123123168945313 -0.0865097045898437 0.0172195434570313
0.170806884765625 0.287872314453125 0.021026611328125 0.00727844238281252
0.0394287109375 0.34185791015625 0.0524749755859375 0.173965454101563
-0.145431518554687 0.242156982421875 0.234207153320313 0.248260498046875
-0.044464111328125 0.294036865234375 0.233428955078125 0.299468994140625
0.090667724609375 0.266937255859375 0.224472045898437 0.149566650390625
0.236175537109375 0.123397827148437 0.195358276367188 0.041900634765625
0.231185913085938 -0.05328369140625 0.0989456176757813 -0.00469207763671875
0.124908447265625 -0.21185302734375 0.0383834838867188 -0.00577545166015626
0.00576782226562498 -0.2371826171875 0.0529251098632813 0.040863037109375
-0.0081787109375 -0.218154907226563 0.074127197265625 0.0835342407226562
-0.0204620361328125 -0.247207641601563 0.0825424194335938 0.126060485839844
0.0375213623046875 -0.252853393554688 0.0449981689453125 0.150360107421875
0.156875610351563 -0.190414428710938 -0.00875854492187499 0.161392211914063
0.231643676757813 -0.0823516845703125 -0.0610198974609375 0.103668212890625
0.210922241210937 0.148284912109375 -0.079559326171875 0.0294189453125
0.09564208984375 0.287506103515625 0.0454292297363281 0.0594863891601563
-0.047332763671875 0.297271728515625 0.034423828125 0.269607543945313
-0.192626953125 0.0901336669921875 0.186309814453125 0.302703857421875
-0.128067016601563 0.171600341796875 0.203521728515625 0.325714111328125
-0.0202484130859375 0.194076538085938 0.197052001953125 0.150436401367188
0.126579284667969 0.135467529296875 0.144729614257813 0.0612030029296875
0.1651611328125 0.005950927734375 0.057403564453125 0.0373039245605469
0.116256713867188 -0.134284973144531 0.0303573608398438 0.0670814514160156
0.0290679931640625 -0.172409057617188 0.0725860595703125 0.117630004882812
0.011627197265625 -0.161239624023438 0.104019165039062 0.15093994140625
0.0014801025390625 -0.189697265625 0.10772705078125 0.194015502929688
0.0453338623046875 -0.196640014648437 0.0474700927734375 0.219009399414062
0.139633178710937 -0.142227172851563 -0.0250244140625 0.210479736328125
0.196533203125 -0.0452880859375 -0.0844573974609375 0.130455017089844
0.15087890625 0.153152465820313 -0.0866851806640625 0.042694091796875
0.011444091796875 0.251907348632813 0.0427703857421875 0.110031127929688
-0.128936767578125 0.213668823242188 -0.011810302734375 0.342864990234375
0.169158935546875 -0.052764892578125 0.014129638671875 -0.36334228515625
0.0397796630859375 -0.1793212890625 -0.00428009033203125 -0.13458251953125
-0.099151611328125 -0.112266540527344 0.102058410644531 -0.056793212890625
-0.133903503417969 0.000129699707031268 0.140579223632813 -0.170562744140625
-0.0974578857421875 0.0776214599609375 0.0476531982421875 -0.275863647460938
-0.0316009521484375 0.132682800292969 -0.07818603515625 -0.30255126953125
-0.0131301879882812 0.10400390625 -0.1600341796875 -0.252944946289063
-0.0278396606445313 0.0861053466796875 -0.14276123046875 -0.196060180664063
-0.0514373779296875 0.103630065917969 -0.0962677001953125 -0.161224365234375
-0.102569580078125 0.040985107421875 -0.055206298828125 -0.126602172851563
-0.106773376464844 -0.0596847534179688 -0.0495071411132812 -0.0614089965820313
-0.03009033203125 -0.123855590820313 -0.102333068847656 -0.0684432983398438
0.117897033691406 -0.124183654785156 -0.18365478515625 -0.176849365234375
0.20745849609375 -0.0500030517578125 -0.208831787109375 -0.313262939453125
0.20782470703125 0.046295166015625 -0.141693115234375 -0.32073974609375
0.196975708007813 0.102508544921875 0.08917236328125 -0.360076904296875
0.134849548339844 -0.0662002563476563 0.0500106811523438 -0.137771606445313
0.0176544189453125 -0.070159912109375 0.139564514160156 -0.0590133666992188
-0.028350830078125 -0.0398979187011719 0.182952880859375 -0.186416625976562
-0.0381202697753906 -0.00634002685546875 0.0802001953125 -0.296234130859375
-0.0320949554443359 0.0248928070068359 -0.06756591796875 -0.33221435546875
-0.0462188720703125 0.00107192993164064 -0.159896850585937 -0.280914306640625
-0.0502700805664063 -0.0124855041503906 -0.143844604492187 -0.212371826171875
-0.0672721862792969 -0.00877380371093751 -0.0896759033203125 -0.17266845703125
-0.0704421997070313 -0.063690185546875 -0.0388107299804688 -0.137496948242188
-0.0215682983398438 -0.122840881347656 -0.029632568359375 -0.0540046691894531
0.0732040405273438 -0.131011962890625 -0.078765869140625 -0.041961669921875
0.19775390625 -0.040679931640625 -0.174667358398438 -0.121063232421875
0.256805419921875 0.0809173583984375 -0.188400268554687 -0.251296997070313
0.226119995117188 0.184326171875 -0.092132568359375 -0.261276245117188
0.185882568359375 0.255081176757813 0.169677734375 -0.300506591796875
0.205490112304688 0.0810394287109375 0.121566772460938 -0.101554870605469
0.142608642578125 0.00628662109375 0.18768310546875 -0.0430755615234375
0.101737976074219 -0.0653762817382813 0.227630615234375 -0.181381225585938
0.0440292358398437 -0.0899581909179687 0.115203857421875 -0.2884521484375
-0.018157958984375 -0.0920944213867188 -0.0439453125 -0.32647705078125
-0.0694808959960938 -0.105064392089844 -0.134796142578125 -0.274551391601563
-0.0658645629882813 -0.109695434570313 -0.121383666992188 -0.1966552734375
-0.0778427124023438 -0.117782592773437 -0.0683441162109375 -0.150390625
-0.0451507568359375 -0.158935546875 -0.0223846435546875 -0.115074157714844
0.046600341796875 -0.179885864257813 -0.0162277221679687 -0.0270614624023438
0.150787353515625 -0.146804809570313 -0.0620269775390625 -0.00887680053710938
0.2572021484375 0.0123443603515625 -0.160858154296875 -0.063812255859375
0.29034423828125 0.17181396484375 -0.152099609375 -0.176132202148438
0.2266845703125 0.283660888671875 -0.04266357421875 -0.167465209960938
0.135406494140625 0.373016357421875 0.239730834960937 -0.185256958007812
0.227371215820313 0.233993530273438 0.196273803710938 -0.0196685791015625
0.243057250976563 0.110580444335938 0.235107421875 -0.00329589843749999
0.231781005859375 -0.0572509765625 0.264114379882813 -0.14752197265625
0.138259887695313 -0.151763916015625 0.1446533203125 -0.245361328125
0.0118865966796875 -0.1971435546875 -0.013092041015625 -0.2816162109375
-0.078155517578125 -0.197738647460938 -0.089111328125 -0.230804443359375
-0.0721893310546875 -0.19122314453125 -0.079986572265625 -0.149871826171875
-0.083282470703125 -0.207229614257812 -0.0358200073242188 -0.0987625122070313
-0.0273895263671875 -0.234039306640625 -0.00485229492187501 -0.0657005310058594
0.0945281982421875 -0.224716186523438 -0.0056161880493164 0.0128231048583984
0.202484130859375 -0.16082763671875 -0.0500602722167969 0.0245094299316406
0.290496826171875 0.045623779296875 -0.138114929199219 -0.0201263427734375
0.29608154296875 0.228759765625 -0.0966415405273437 -0.108596801757813
0.203704833984375 0.3428955078125 0.00624084472656251 -0.056243896484375
0.050445556640625 0.422821044921875 0.2828369140625 -0.032684326171875
0.185791015625 0.346466064453125 0.251678466796875 0.09466552734375
0.277206420898438 0.217727661132813 0.262985229492187 0.05548095703125
0.321136474609375 -0.010833740234375 0.275390625 -0.08538818359375
0.220367431640625 -0.169525146484375 0.156509399414063 -0.16998291015625
0.0543975830078125 -0.264205932617188 0.017364501953125 -0.20196533203125
-0.069549560546875 -0.259735107421875 -0.0350799560546875 -0.153778076171875
-0.0675048828125 -0.242218017578125 -0.025604248046875 -0.0799484252929688
-0.0807647705078125 -0.26531982421875 0.0063648223876953 -0.0277690887451172
-0.01513671875 -0.281402587890625 0.0163516998291016 0.0022611618041992
0.126205444335938 -0.24755859375 0.000335693359375012 0.0616264343261719
0.234375 -0.160446166992187 -0.0447120666503906 0.0539665222167969
0.297607421875 0.0767822265625 -0.112602233886719 0.00479888916015624
0.268356323242188 0.266921997070313 -0.0333976745605469 -0.0516891479492188
0.15093994140625 0.367706298828125 0.04656982421875 0.0599098205566406
-0.045684814453125 0.387054443359375 0.28704833984375 0.124481201171875
0.090423583984375 0.37725830078125 0.270599365234375 0.214401245117188
0.229095458984375 0.285125732421875 0.262863159179688 0.112655639648438
0.331390380859375 0.056640625 0.252883911132813 -0.016021728515625
0.25909423828125 -0.139511108398438 0.141326904296875 -0.082061767578125
0.0927886962890625 -0.276412963867188 0.0366973876953125 -0.101631164550781
-0.046661376953125 -0.27838134765625 0.0169830322265625 -0.0576820373535156
-0.052825927734375 -0.256057739257813 0.0310611724853516 0.00241088867187498
-0.0673828125 -0.283447265625 0.0524711608886719 0.0523338317871094
-0.000396728515624976 -0.29486083984375 0.0368804931640625 0.0795974731445312
0.144485473632813 -0.245819091796875 0.00128936767578126 0.116935729980469
0.247329711914063 -0.14239501953125 -0.0497283935546875 0.0822372436523437
0.278900146484375 0.112213134765625 -0.0938873291015625 0.0188369750976563
0.209259033203125 0.29315185546875 0.0201225280761719 -0.000583648681640607
0.0709228515625 0.36065673828125 0.0655059814453125 0.173660278320313
-0.131134033203125 0.2740478515625 0.259613037109375 0.24737548828125
-0.020477294921875 0.317596435546875 0.258453369140625 0.30078125
0.122467041015625 0.279617309570313 0.240707397460938 0.14825439453125
0.263824462890625 0.109054565429688 0.205841064453125 0.0366058349609375
0.240234375 -0.0790557861328125 0.106452941894531 -0.00612640380859376
0.112045288085938 -0.234451293945313 0.0435066223144531 -0.00350570678710939
-0.0175933837890625 -0.250518798828125 0.0592308044433594 0.0385665893554687
-0.03118896484375 -0.230789184570313 0.0825042724609375 0.0829925537109375
-0.046234130859375 -0.260177612304688 0.0939865112304688 0.131263732910156
0.013519287109375 -0.271270751953125 0.053497314453125 0.158660888671875
0.147445678710938 -0.2176513671875 -0.00401306152343747 0.173568725585938
0.238204956054688 -0.109237670898438 -0.0636520385742187 0.112625122070313
0.238784790039062 0.140457153320312 -0.0865554809570312 0.032135009765625
0.12921142578125 0.29644775390625 0.0508155822753906 0.0525665283203125
-0.022705078125 0.318450927734375 0.05450439453125 0.277679443359375
-0.193222045898437 0.115921020507813 0.21429443359375 0.309814453125
-0.118057250976563 0.195114135742187 0.23089599609375 0.3311767578125
0.000366210937500011 0.210281372070313 0.212112426757813 0.1500244140625
0.147537231445313 0.129257202148438 0.155288696289063 0.0612335205078125
0.175140380859375 -0.0120391845703125 0.067169189453125 0.0419883728027344
0.10858154296875 -0.152786254882813 0.0422515869140625 0.0734176635742187
0.0119171142578125 -0.183349609375 0.0877151489257813 0.118263244628906
-0.00518798828125 -0.171340942382813 0.12213134765625 0.150604248046875
-0.0181732177734375 -0.199600219726563 0.127609252929687 0.199798583984375
0.0269927978515625 -0.211456298828125 0.0636444091796875 0.230361938476563
0.132980346679688 -0.164108276367188 -0.015380859375 0.226043701171875
0.201553344726563 -0.066986083984375 -0.085540771484375 0.14166259765625
0.173126220703125 0.14984130859375 -0.0929183959960937 0.0472030639648438
0.0367279052734375 0.263839721679688 0.0528182983398438 0.105964660644531
-0.114227294921875 0.23443603515625 0.01226806640625 0.360076904296875
0.168212890625 -0.0731048583984375 -0.022552490234375 -0.3836669921875
0.02020263671875 -0.1881103515625 -0.0183029174804687 -0.134536743164062
-0.115348815917969 -0.1046142578125 0.104660034179687 -0.06439208984375
-0.138160705566406 0.0173187255859375 0.136123657226563 -0.192230224609375
-0.0904922485351563 0.0946502685546875 0.023193359375 -0.29486083984375
-0.0133514404296875 0.141433715820313 -0.1170654296875 -0.312744140625
0.00115203857421875 0.108406066894531 -0.197372436523438 -0.249420166015625
-0.0169830322265625 0.0927352905273438 -0.17401123046875 -0.189849853515625
-0.0379409790039063 0.112258911132812 -0.12322998046875 -0.158157348632813
-0.0980911254882813 0.0556106567382813 -0.07928466796875 -0.128181457519531
-0.117393493652344 -0.0451126098632812 -0.0630149841308594 -0.066497802734375
-0.0462417602539062 -0.123252868652344 -0.115745544433594 -0.0707015991210938
0.106109619140625 -0.142471313476563 -0.205322265625 -0.173294067382812
0.207321166992188 -0.07623291015625 -0.246551513671875 -0.313079833984375
0.219924926757813 0.0237274169921875 -0.18194580078125 -0.3297119140625
0.215133666992187 0.088165283203125 0.055633544921875 -0.38739013671875
0.133316040039063 -0.0792922973632813 0.0355072021484375 -0.143020629882813
0.0142288208007813 -0.0721588134765625 0.143096923828125 -0.069793701171875
-0.0303764343261719 -0.0378341674804688 0.1773681640625 -0.212890625
-0.036834716796875 -0.00123977661132813 0.0543212890625 -0.319610595703125
-0.0260601043701172 0.0269069671630859 -0.108306884765625 -0.3431396484375
-0.0461044311523437 0.00412368774414063 -0.2001953125 -0.277450561523438
-0.0530662536621094 -0.00937652587890625 -0.177459716796875 -0.204666137695313
-0.0679893493652344 -0.00518417358398437 -0.118865966796875 -0.169937133789062
-0.0768051147460938 -0.0590744018554688 -0.06585693359375 -0.140945434570313
-0.0336990356445313 -0.123367309570313 -0.0437698364257813 -0.0602264404296875
0.0633544921875 -0.142745971679688 -0.0903778076171875 -0.0463714599609375
0.201889038085938 -0.062164306640625 -0.192459106445313 -0.11846923828125
0.27520751953125 0.0583648681640625 -0.22039794921875 -0.251052856445313
0.25433349609375 0.169570922851562 -0.124725341796875 -0.274658203125
0.222564697265625 0.251220703125 0.14471435546875 -0.333251953125
0.224197387695312 0.0680694580078125 0.112380981445313 -0.111824035644531
0.155731201171875 -0.004669189453125 0.193756103515625 -0.056854248046875
0.103797912597656 -0.0790481567382813 0.223831176757813 -0.21002197265625
0.0393142700195312 -0.0995559692382813 0.0924072265625 -0.3133544921875
-0.0257034301757812 -0.097625732421875 -0.081146240234375 -0.33837890625
-0.0838394165039063 -0.104721069335938 -0.173553466796875 -0.271438598632813
-0.082275390625 -0.109939575195312 -0.154327392578125 -0.189804077148438
-0.0938568115234375 -0.118125915527344 -0.0959320068359375 -0.147216796875
-0.0625 -0.163131713867188 -0.04742431640625 -0.11822509765625
0.0312347412109375 -0.193283081054687 -0.0291919708251953 -0.0318641662597656
0.144454956054688 -0.169754028320313 -0.0716171264648438 -0.0111465454101562
0.273513793945313 -0.01275634765625 -0.174636840820312 -0.0590362548828125
0.322845458984375 0.15081787109375 -0.176956176757813 -0.176315307617187
0.266098022460938 0.275634765625 -0.0640716552734375 -0.18145751953125
0.18359375 0.38232421875 0.229095458984375 -0.218536376953125
0.264923095703125 0.225006103515625 0.196701049804688 -0.034393310546875
0.273651123046875 0.0948486328125 0.2451171875 -0.01983642578125
0.241409301757812 -0.0851593017578125 0.264129638671875 -0.176055908203125
0.130874633789063 -0.176651000976563 0.127944946289062 -0.27001953125
-0.00616455078125002 -0.211074829101563 -0.04193115234375 -0.292633056640625
-0.105300903320312 -0.20086669921875 -0.121109008789062 -0.230026245117188
-0.099517822265625 -0.194503784179687 -0.10546875 -0.145355224609375
-0.111984252929688 -0.21112060546875 -0.0546798706054687 -0.0950851440429688
-0.055999755859375 -0.244598388671875 -0.0233345031738281 -0.0672035217285156
0.075347900390625 -0.248214721679687 -0.0152063369750977 0.0115766525268555
0.198028564453125 -0.19281005859375 -0.0575485229492187 0.0241127014160156
0.3153076171875 0.019195556640625 -0.148818969726562 -0.0152740478515625
0.3382568359375 0.210968017578125 -0.113807678222656 -0.110725402832031
0.25042724609375 0.341796875 -0.00238418579101561 -0.0689277648925781
0.100799560546875 0.445037841796875 0.2886962890625 -0.062408447265625
0.234100341796875 0.34759521484375 0.2650146484375 0.0788421630859375
0.322662353515625 0.203399658203125 0.278213500976563 0.038970947265625
0.339324951171875 -0.046417236328125 0.279891967773438 -0.11212158203125
0.214111328125 -0.204849243164063 0.14849853515625 -0.19049072265625
0.02899169921875 -0.2860107421875 -9.15527343749859E-05 -0.209823608398438
-0.103775024414063 -0.266952514648437 -0.055389404296875 -0.155502319335938
-0.102157592773438 -0.248321533203125 -0.0404586791992188 -0.0777816772460938
-0.118057250976562 -0.27154541015625 -0.00102615356445313 -0.0244255065917969
-0.049224853515625 -0.296112060546875 0.0076141357421875 0.00294256210327147
0.104812622070312 -0.278152465820313 -0.00259017944335937 0.0654716491699219
0.230438232421875 -0.198028564453125 -0.0499267578125 0.0579109191894531
0.327301025390625 0.0499267578125 -0.120826721191406 0.0106124877929687
0.316070556640625 0.254364013671875 -0.0430755615234375 -0.0574798583984375
0.199798583984375 0.374786376953125 0.0519218444824219 0.0503120422363281
-0.00292968749999997 0.41796875 0.309539794921875 0.10308837890625
0.1392822265625 0.39056396484375 0.29669189453125 0.200897216796875
0.279647827148438 0.2784423828125 0.282745361328125 0.098419189453125
0.35858154296875 0.021728515625 0.262161254882813 -0.0360565185546875
0.257369995117188 -0.1785888671875 0.142486572265625 -0.09619140625
0.06610107421875 -0.3031005859375 0.0323410034179688 -0.10601806640625
-0.083343505859375 -0.2877197265625 0.0103492736816406 -0.0605316162109375
-0.08880615234375 -0.263565063476563 0.0294418334960937 0.00147819519042967
-0.10821533203125 -0.290924072265625 0.0570449829101562 0.054534912109375
-0.0380859375 -0.310882568359375 0.0401153564453125 0.0835800170898437
0.122482299804687 -0.2789306640625 0.00605773925781251 0.12493896484375
0.244659423828125 -0.180908203125 -0.0516204833984375 0.0911331176757813
0.31231689453125 0.08856201171875 -0.101150512695312 0.0245895385742188
0.258026123046875 0.2861328125 0.0185394287109375 -0.00892639160156248
0.11627197265625 0.374114990234375 0.084228515625 0.169815063476563
-0.1043701171875 0.3082275390625 0.294342041015625 0.2366943359375
0.016876220703125 0.340057373046875 0.29400634765625 0.292327880859375
0.167694091796875 0.284454345703125 0.262298583984375 0.136795043945313
0.29345703125 0.0838623046875 0.218032836914063 0.024078369140625
0.243392944335938 -0.115264892578125 0.114852905273438 -0.012115478515625
0.0893707275390625 -0.260406494140625 0.0503959655761719 -0.00345230102539064
-0.0510101318359375 -0.260772705078125 0.0662460327148438 0.0345497131347656
-0.0638427734375 -0.238265991210938 0.0936203002929688 0.078826904296875
-0.0826873779296875 -0.26861572265625 0.111679077148438 0.131996154785156
-0.020782470703125 -0.286285400390625 0.0686492919921875 0.164566040039063
0.1285400390625 -0.248275756835938 0.00869750976562503 0.186019897460937
0.237564086914063 -0.145050048828125 -0.0620651245117187 0.125511169433594
0.27044677734375 0.121322631835937 -0.0925445556640625 0.0385894775390625
0.174346923828125 0.297576904296875 0.0569572448730469 0.0436019897460938
0.0147705078125 0.337860107421875 0.084991455078125 0.282440185546875
-0.186416625976563 0.148147583007812 0.254119873046875 0.3099365234375
-0.098419189453125 0.220474243164063 0.2689208984375 0.32818603515625
0.03094482421875 0.224136352539063 0.2320556640625 0.142318725585937
0.173080444335938 0.11602783203125 0.167510986328125 0.055877685546875
0.180740356445313 -0.03839111328125 0.0798797607421875 0.0429458618164063
0.0926361083984375 -0.173660278320312 0.0582504272460938 0.0760879516601562
-0.0132598876953125 -0.192352294921875 0.107017517089844 0.113212585449219
-0.0294342041015625 -0.178573608398438 0.14361572265625 0.144317626953125
-0.0462188720703125 -0.20684814453125 0.155685424804688 0.1986083984375
-1.52587890625002E-05 -0.22418212890625 0.0886077880859375 0.238174438476563
0.11810302734375 -0.189498901367188 0.00386047363281249 0.242721557617188
0.203353881835937 -0.0955352783203125 -0.080322265625 0.15948486328125
0.201309204101563 0.137359619140625 -0.0963058471679687 0.0551223754882812
0.07220458984375 0.27117919921875 0.0657424926757813 0.0987396240234375
-0.0911712646484375 0.257965087890625 0.049896240234375 0.37548828125
0.15966796875 -0.095306396484375 -0.070281982421875 -0.390533447265625
-0.00466918945312501 -0.190765380859375 -0.0348281860351562 -0.12957763671875
-0.130729675292969 -0.0900802612304688 0.103302001953125 -0.0732803344726563
-0.136375427246094 0.0362396240234375 0.120819091796875 -0.211654663085937
-0.075714111328125 0.109809875488281 -0.011199951171875 -0.304718017578125
0.00906372070312501 0.143386840820313 -0.16082763671875 -0.30560302734375
0.0186614990234375 0.108741760253906 -0.234817504882813 -0.230484008789062
-0.00405120849609376 0.0954055786132812 -0.203414916992188 -0.169601440429687
-0.0196533203125 0.116401672363281 -0.150680541992188 -0.143646240234375
-0.0879440307617188 0.0703506469726562 -0.104812622070313 -0.119232177734375
-0.122711181640625 -0.026275634765625 -0.0791015625 -0.0657196044921875
-0.06329345703125 -0.116432189941406 -0.129112243652344 -0.0670700073242188
0.08587646484375 -0.157928466796875 -0.2259521484375 -0.159271240234375
0.196853637695313 -0.103958129882813 -0.28546142578125 -0.295440673828125
0.224456787109375 -0.005279541015625 -0.2271728515625 -0.323089599609375
0.229751586914063 0.0650177001953125 0.00738525390625005 -0.403411865234375
0.125541687011719 -0.0939254760742188 0.017181396484375 -0.14398193359375
0.00848388671875 -0.0731430053710938 0.14068603515625 -0.0827789306640625
-0.0331268310546875 -0.0340995788574219 0.1602783203125 -0.236160278320312
-0.0343151092529297 0.00397872924804687 0.016632080078125 -0.332550048828125
-0.0190296173095703 0.0280323028564453 -0.15521240234375 -0.337005615234375
-0.0448951721191406 0.00777053833007813 -0.241622924804688 -0.256820678710937
-0.0550003051757813 -0.00424957275390626 -0.210601806640625 -0.182830810546875
-0.0674896240234375 0.000839233398437498 -0.148818969726563 -0.154251098632812
-0.0828018188476562 -0.0509796142578125 -0.0945053100585938 -0.133499145507813
-0.0481338500976562 -0.1185302734375 -0.0610618591308594 -0.0606803894042969
0.0472869873046875 -0.15130615234375 -0.102043151855469 -0.0444412231445312
0.19708251953125 -0.087432861328125 -0.20770263671875 -0.104827880859375
0.285888671875 0.02557373046875 -0.253646850585938 -0.235397338867187
0.278182983398438 0.142120361328125 -0.163238525390625 -0.273513793945312
0.259033203125 0.231430053710938 0.104736328125 -0.357696533203125
0.23797607421875 0.0448455810546875 0.0970382690429688 -0.120918273925781
0.163787841796875 -0.0222625732421875 0.192901611328125 -0.0741119384765625
0.0997238159179688 -0.0933914184570313 0.206329345703125 -0.237945556640625
0.0298995971679687 -0.107170104980469 0.057159423828125 -0.32989501953125
-0.0354080200195312 -0.0995941162109375 -0.125152587890625 -0.334503173828125
-0.099365234375 -0.0977935791015625 -0.214096069335938 -0.253387451171875
-0.0986328125 -0.102828979492187 -0.1849365234375 -0.168731689453125
-0.111442565917969 -0.111167907714844 -0.122016906738281 -0.132659912109375
-0.083984375 -0.159225463867188 -0.0742645263671875 -0.111961364746094
0.00848388671875002 -0.2017822265625 -0.0439987182617187 -0.0309867858886719
0.127410888671875 -0.19073486328125 -0.0813827514648437 -0.00917816162109375
0.27996826171875 -0.0455780029296875 -0.18572998046875 -0.047271728515625
0.34979248046875 0.115875244140625 -0.202377319335937 -0.1654052734375
0.30584716796875 0.250457763671875 -0.0915527343749999 -0.18682861328125
0.237335205078125 0.371551513671875 0.203689575195313 -0.250595092773438
0.3004150390625 0.200225830078125 0.190277099609375 -0.0524139404296875
0.298858642578125 0.063812255859375 0.247772216796875 -0.0419921875
0.24029541015625 -0.118057250976563 0.249954223632813 -0.206771850585938
0.112289428710937 -0.1978759765625 0.09906005859375 -0.288909912109375
-0.03143310546875 -0.217605590820313 -0.077056884765625 -0.292205810546875
-0.134109497070313 -0.192596435546875 -0.155075073242188 -0.216217041015625
-0.129119873046875 -0.185958862304688 -0.129730224609375 -0.129135131835938
-0.143829345703125 -0.202896118164062 -0.0728302001953125 -0.0844650268554688
-0.089447021484375 -0.244842529296875 -0.0425910949707031 -0.0623626708984375
0.0447235107421875 -0.265945434570313 -0.0243911743164062 0.0143260955810547
0.179214477539063 -0.223648071289063 -0.0639915466308594 0.0274925231933594
0.329681396484375 -0.019073486328125 -0.156295776367187 -0.00450134277343751
0.375946044921875 0.175018310546875 -0.132110595703125 -0.106033325195313
0.299774169921875 0.321014404296875 -0.0149612426757812 -0.0793914794921875
0.16302490234375 0.446441650390625 0.283843994140625 -0.096466064453125
0.284698486328125 0.32843017578125 0.272781372070313 0.054046630859375
0.363189697265625 0.16937255859375 0.28656005859375 0.013946533203125
0.345001220703125 -0.091796875 0.272628784179688 -0.14208984375
0.192245483398438 -0.238845825195312 0.130294799804688 -0.209121704101563
-0.00686645507812502 -0.29833984375 -0.022552490234375 -0.21234130859375
-0.143020629882812 -0.258438110351563 -0.078521728515625 -0.149093627929688
-0.139862060546875 -0.239410400390625 -0.0550918579101563 -0.0696830749511719
-0.16009521484375 -0.263290405273437 -0.00757217407226563 -0.0189437866210938
-0.09173583984375 -0.296783447265625 -0.00056982040405274 0.00668334960937498
0.06976318359375 -0.30194091796875 -0.00300979614257812 0.0693130493164062
0.210891723632813 -0.235031127929688 -0.0521583557128906 0.0636863708496094
0.347076416015625 0.00970458984375 -0.126487731933594 0.020416259765625
0.360626220703125 0.221710205078125 -0.0545082092285156 -0.0600013732910156
0.2537841796875 0.35955810546875 0.0549354553222656 0.0373954772949219
0.05401611328125 0.4324951171875 0.32513427734375 0.0704345703125
0.1944580078125 0.384857177734375 0.32037353515625 0.173858642578125
0.329681396484375 0.251312255859375 0.29583740234375 0.073974609375
0.37347412109375 -0.025360107421875 0.262664794921875 -0.0620574951171875
0.238113403320313 -0.218673706054688 0.136863708496094 -0.111595153808594
0.028106689453125 -0.31976318359375 0.024932861328125 -0.10986328125
-0.12677001953125 -0.2821044921875 0.00159835815429687 -0.061004638671875
-0.130218505859375 -0.256607055664063 0.0267391204833984 0.000827789306640609
-0.153076171875 -0.283172607421875 0.0637321472167969 0.0538902282714844
-0.083648681640625 -0.313446044921875 0.045379638671875 0.0848464965820312
0.087188720703125 -0.305145263671875 0.015167236328125 0.130714416503906
0.22698974609375 -0.220184326171875 -0.04864501953125 0.0998916625976562
0.33642578125 0.049713134765625 -0.1051025390625 0.0340042114257812
0.305908203125 0.26007080078125 0.0135364532470703 -0.0173912048339844
0.1688232421875 0.36932373046875 0.103973388671875 0.15716552734375
-0.063323974609375 0.334075927734375 0.3265380859375 0.210601806640625
0.0643310546875 0.347747802734375 0.328460693359375 0.26715087890625
0.215301513671875 0.27142333984375 0.278961181640625 0.115127563476563
0.313995361328125 0.044921875 0.22467041015625 0.00579833984375
0.231491088867188 -0.153411865234375 0.119606018066406 -0.0221176147460938
0.0544281005859375 -0.278396606445313 0.0574378967285156 -0.00801086425781252
-0.089813232421875 -0.258102416992188 0.0719146728515625 0.027374267578125
-0.100662231445312 -0.234100341796875 0.103378295898438 0.0702285766601562
-0.12518310546875 -0.262191772460938 0.130813598632813 0.124076843261719
-0.062408447265625 -0.28887939453125 0.086669921875 0.163238525390625
0.095855712890625 -0.273086547851563 0.0274505615234375 0.193756103515625
0.223068237304688 -0.182388305664063 -0.0544815063476562 0.136123657226563
0.296661376953125 0.088104248046875 -0.0945205688476562 0.0477828979492188
0.221160888671875 0.281036376953125 0.0600776672363281 0.0320205688476563
0.061248779296875 0.343414306640625 0.119613647460937 0.27459716796875
-0.1669921875 0.179443359375 0.294891357421875 0.292327880859375
-0.0678253173828125 0.23956298828125 0.307891845703125 0.306671142578125
0.0672607421875 0.2254638671875 0.24853515625 0.124435424804687
0.194915771484375 0.0928497314453125 0.178176879882813 0.0445404052734375
0.176681518554688 -0.0662994384765625 0.0921554565429688 0.0385208129882812
0.067962646484375 -0.190826416015625 0.0761489868164063 0.071502685546875
-0.0420379638671875 -0.192306518554687 0.124191284179688 0.100387573242188
-0.0574798583984375 -0.17633056640625 0.164031982421875 0.1278076171875
-0.07806396484375 -0.203704833984375 0.18487548828125 0.185653686523438
-0.0341796875 -0.2266845703125 0.118850708007812 0.236480712890625
0.09283447265625 -0.210556030273438 0.0311126708984375 0.251266479492188
0.192977905273438 -0.126358032226563 -0.067626953125 0.172943115234375
0.2254638671875 0.113204956054688 -0.09686279296875 0.0650482177734375
0.11273193359375 0.266189575195313 0.0769500732421875 0.0867462158203125
-0.0561981201171875 0.272857666015625 0.0982666015625 0.375152587890625
0.14361572265625 -0.111419677734375 -0.1148681640625 -0.380157470703125
-0.0278472900390625 -0.184219360351563 -0.0479354858398438 -0.119110107421875
-0.139053344726563 -0.0714569091796875 0.0990371704101562 -0.0797653198242188
-0.128631591796875 0.05322265625 0.100692749023438 -0.223464965820313
-0.0572509765625 0.118141174316406 -0.044219970703125 -0.299530029296875
0.0301971435546875 0.13720703125 -0.196807861328125 -0.28350830078125
0.0343780517578125 0.102760314941406 -0.259963989257813 -0.199859619140625
0.0090484619140625 0.093597412109375 -0.222702026367188 -0.141876220703125
-0.00254058837890624 0.113868713378906 -0.16949462890625 -0.122055053710937
-0.0744400024414063 0.0797882080078125 -0.123138427734375 -0.103111267089844
-0.120765686035156 -0.00739288330078127 -0.0924911499023438 -0.0602874755859375
-0.0759429931640625 -0.104385375976563 -0.138572692871094 -0.0603103637695313
0.063720703125 -0.164443969726563 -0.237579345703125 -0.139633178710937
0.17864990234375 -0.12542724609375 -0.312744140625 -0.266326904296875
0.21795654296875 -0.0313568115234375 -0.262481689453125 -0.300018310546875
0.233245849609375 0.0399322509765625 -0.03924560546875 -0.40087890625
0.113029479980469 -0.103744506835938 0.000679016113281265 -0.138389587402344
0.00211334228515624 -0.071563720703125 0.134468078613281 -0.0914382934570313
-0.0337123870849609 -0.029632568359375 0.135848999023438 -0.25054931640625
-0.0296745300292969 0.00816917419433594 -0.019256591796875 -0.329376220703125
-0.0119419097900391 0.0256366729736328 -0.194183349609375 -0.314544677734375
-0.0420913696289063 0.0110855102539063 -0.271026611328125 -0.223281860351563
-0.0538139343261719 0.00146865844726562 -0.231842041015625 -0.151992797851562
-0.06561279296875 0.0050811767578125 -0.170028686523438 -0.131057739257813
-0.0852203369140625 -0.0414199829101563 -0.117584228515625 -0.11761474609375
-0.0585861206054688 -0.109268188476562 -0.0754470825195313 -0.0555496215820313
0.0308074951171875 -0.15277099609375 -0.111076354980469 -0.0397567749023438
0.18365478515625 -0.106475830078125 -0.215667724609375 -0.088287353515625
0.28369140625 -0.00592041015625 -0.276382446289063 -0.21142578125
0.28863525390625 0.10931396484375 -0.195236206054688 -0.260208129882813
0.283477783203125 0.2025146484375 0.06158447265625 -0.366424560546875
0.24066162109375 0.0197296142578125 0.0807647705078125 -0.123283386230469
0.163543701171875 -0.0392303466796875 0.184616088867188 -0.0884552001953125
0.0913925170898438 -0.104156494140625 0.181060791015625 -0.255905151367188
0.0198440551757813 -0.110137939453125 0.020477294921875 -0.33026123046875
-0.0436935424804688 -0.0981674194335938 -0.16265869140625 -0.315155029296875
-0.109542846679688 -0.086395263671875 -0.242919921875 -0.222549438476562
-0.110885620117188 -0.0899505615234375 -0.205215454101563 -0.140365600585937
-0.12408447265625 -0.0992202758789063 -0.140342712402344 -0.111862182617188
-0.100494384765625 -0.149642944335938 -0.0966720581054688 -0.0970077514648438
-0.0143890380859375 -0.199844360351563 -0.0570106506347656 -0.0266189575195313
0.105484008789062 -0.20330810546875 -0.0890121459960938 -0.00566864013671877
0.274017333984375 -0.0761566162109375 -0.18927001953125 -0.033843994140625
0.3604736328125 0.076263427734375 -0.219253540039063 -0.148345947265625
0.330169677734375 0.214874267578125 -0.116897583007812 -0.182281494140625
0.280548095703125 0.342803955078125 0.171096801757813 -0.269927978515625
0.3214111328125 0.164886474609375 0.178268432617188 -0.0656585693359375
0.30865478515625 0.03076171875 0.240737915039063 -0.061309814453125
0.227066040039062 -0.145782470703125 0.227203369140625 -0.22833251953125
0.0891265869140625 -0.209793090820313 0.06787109375 -0.293731689453125
-0.0550689697265625 -0.2147216796875 -0.108200073242187 -0.278549194335938
-0.156326293945313 -0.175537109375 -0.180755615234375 -0.192611694335938
-0.151336669921875 -0.167953491210938 -0.146347045898438 -0.106719970703125
-0.169677734375 -0.185012817382813 -0.08563232421875 -0.069549560546875
-0.118438720703125 -0.23333740234375 -0.0584526062011719 -0.0507087707519532
0.0120849609375 -0.270233154296875 -0.0319728851318359 0.018198013305664
0.152816772460938 -0.244186401367188 -0.0682563781738281 0.0315933227539063
0.328765869140625 -0.057037353515625 -0.157699584960937 0.00747680664062501
0.395843505859375 0.131378173828125 -0.145309448242188 -0.0965728759765625
0.333740234375 0.286041259765625 -0.0295562744140625 -0.0846405029296875
0.215789794921875 0.42645263671875 0.266616821289063 -0.124923706054687
0.32257080078125 0.293243408203125 0.269622802734375 0.029998779296875
0.386688232421875 0.125762939453125 0.283721923828125 -0.00967407226562499
0.33404541015625 -0.132720947265625 0.254959106445313 -0.163970947265625
0.16162109375 -0.260116577148438 0.107284545898438 -0.21820068359375
-0.041748046875 -0.296295166015625 -0.0428009033203125 -0.206207275390625
-0.174026489257813 -0.238235473632813 -0.095794677734375 -0.135055541992188
-0.169998168945313 -0.21893310546875 -0.0650177001953125 -0.057464599609375
-0.19354248046875 -0.240631103515625 -0.012486457824707 -0.0124530792236328
-0.129669189453125 -0.284210205078125 -0.00772094726562501 0.0125102996826172
0.031646728515625 -0.31005859375 -0.00322723388671874 0.0724945068359375
0.181243896484375 -0.261581420898438 -0.0516014099121094 0.0681953430175781
0.350433349609375 -0.032196044921875 -0.127235412597656 0.0304718017578125
0.388153076171875 0.178253173828125 -0.0643424987792968 -0.0590667724609375
0.2938232421875 0.329254150390625 0.0528335571289063 0.0243759155273438
0.1090087890625 0.42529296875 0.326995849609375 0.03643798828125
0.24017333984375 0.359130859375 0.330322265625 0.141815185546875
0.363525390625 0.2103271484375 0.297149658203125 0.04779052734375
0.369354248046875 -0.0711669921875 0.253555297851563 -0.083465576171875
0.209121704101563 -0.2464599609375 0.125587463378906 -0.122955322265625
-0.011871337890625 -0.32073974609375 0.0169601440429688 -0.110481262207031
-0.160293579101562 -0.262069702148438 -0.00634384155273439 -0.0592842102050781
-0.16156005859375 -0.23590087890625 0.0244216918945312 0.000604629516601548
-0.189834594726563 -0.260162353515625 0.0679359436035156 0.0498542785644531
-0.124542236328125 -0.299468994140625 0.0491485595703125 0.0834884643554687
0.0467529296875 -0.314697265625 0.0246353149414062 0.131782531738281
0.197891235351563 -0.24835205078125 -0.0429458618164062 0.105331420898437
0.3438720703125 0.008056640625 -0.104911804199219 0.0424346923828125
0.338470458984375 0.221649169921875 0.00764656066894533 -0.0238285064697265
0.21258544921875 0.347076416015625 0.115867614746094 0.138565063476563
-0.01824951171875 0.341339111328125 0.344512939453125 0.17755126953125
0.10858154296875 0.337615966796875 0.3486328125 0.23382568359375
0.252120971679688 0.24285888671875 0.284088134765625 0.090484619140625
0.31976318359375 0.00372314453125 0.222763061523438 -0.0121002197265625
0.208786010742188 -0.18109130859375 0.11944580078125 -0.0318527221679688
0.01788330078125 -0.28277587890625 0.0616874694824219 -0.0145683288574219
-0.12255859375 -0.241744995117187 0.0744476318359375 0.0199737548828125
-0.13104248046875 -0.216949462890625 0.108589172363281 0.0587615966796875
-0.158798217773438 -0.242721557617188 0.144195556640625 0.110809326171875
-0.100921630859375 -0.2767333984375 0.10205078125 0.15625
0.05859375 -0.284454345703125 0.0458221435546875 0.191940307617187
0.197433471679688 -0.209442138671875 -0.042999267578125 0.14337158203125
0.3077392578125 0.051483154296875 -0.0927047729492187 0.0555038452148438
0.256271362304688 0.251220703125 0.0593719482421875 0.019287109375
0.102996826171875 0.33209228515625 0.147048950195312 0.254348754882813
-0.139938354492188 0.20037841796875 0.32391357421875 0.262939453125
-0.0352935791015625 0.245559692382813 0.333404541015625 0.27520751953125
0.0995635986328125 0.2144775390625 0.255157470703125 0.103378295898438
0.206634521484375 0.0650787353515625 0.18170166015625 0.032440185546875
0.164169311523438 -0.0899505615234375 0.101081848144531 0.031005859375
0.0401763916015625 -0.19647216796875 0.0901336669921875 0.0609817504882812
-0.067840576171875 -0.181671142578125 0.135017395019531 0.0843734741210938
-0.0815582275390625 -0.164535522460938 0.176315307617188 0.107650756835937
-0.105941772460937 -0.188583374023438 0.2052001953125 0.163284301757813
-0.064544677734375 -0.217910766601563 0.143356323242188 0.223617553710938
0.0628204345703125 -0.220108032226563 0.058135986328125 0.248916625976563
0.173812866210938 -0.149307250976563 -0.0518798828125 0.181060791015625
0.23797607421875 0.084625244140625 -0.0929412841796875 0.0733718872070312
0.14605712890625 0.247848510742188 0.08245849609375 0.0709991455078125
-0.0205535888671875 0.274154663085938 0.13824462890625 0.35772705078125
0.128890991210938 -0.119659423828125 -0.14508056640625 -0.362701416015625
-0.0430145263671875 -0.174697875976563 -0.0548324584960937 -0.108650207519531
-0.141815185546875 -0.055084228515625 0.0956039428710937 -0.0831069946289063
-0.118743896484375 0.0643081665039063 0.0850830078125 -0.226913452148438
-0.0415725708007813 0.120155334472656 -0.066558837890625 -0.2891845703125
0.0447921752929687 0.12689208984375 -0.2176513671875 -0.258438110351563
0.0446014404296875 0.0941162109375 -0.27294921875 -0.17254638671875
0.01885986328125 0.0891647338867188 -0.2303466796875 -0.117477416992187
0.00926208496093749 0.10809326171875 -0.178985595703125 -0.1007080078125
-0.0618896484375 0.0839309692382812 -0.133613586425781 -0.0864105224609375
-0.114974975585938 0.00562286376953122 -0.10205078125 -0.0541305541992188
-0.0827789306640625 -0.092864990234375 -0.143905639648438 -0.05413818359375
0.0453033447265625 -0.164169311523438 -0.240768432617187 -0.124649047851563
0.15966796875 -0.13714599609375 -0.32623291015625 -0.240936279296875
0.206954956054688 -0.0488739013671875 -0.283355712890625 -0.278045654296875
0.230438232421875 0.0213165283203125 -0.07275390625 -0.39031982421875
0.1016845703125 -0.108451843261719 -0.0099029541015625 -0.129997253417969
-0.00162124633789062 -0.0685043334960938 0.127891540527344 -0.0960235595703125
-0.0329132080078125 -0.0252246856689453 0.11669921875 -0.254745483398438
-0.0248851776123047 0.009368896484375 -0.04425048828125 -0.319000244140625
-0.00696563720703125 0.0218029022216797 -0.216644287109375 -0.28851318359375
-0.0386810302734375 0.0120735168457031 -0.28472900390625 -0.193328857421875
-0.0521430969238281 0.00522613525390626 -0.240036010742188 -0.124801635742188
-0.0629844665527344 0.00791549682617188 -0.1805419921875 -0.108383178710937
-0.084381103515625 -0.0340576171875 -0.131622314453125 -0.0992660522460937
-0.0642471313476562 -0.100433349609375 -0.087615966796875 -0.0501022338867188
0.017852783203125 -0.150131225585937 -0.117958068847656 -0.0365142822265625
0.169769287109375 -0.118133544921875 -0.216171264648438 -0.076141357421875
0.275238037109375 -0.0280914306640625 -0.286041259765625 -0.190093994140625
0.2890625 0.084320068359375 -0.216827392578125 -0.24591064453125
0.295135498046875 0.17572021484375 0.0282897949218751 -0.36273193359375
0.237518310546875 0.00128173828125 0.06787109375 -0.121368408203125
0.160614013671875 -0.0519256591796875 0.176605224609375 -0.0952606201171875
0.082855224609375 -0.109992980957031 0.160354614257812 -0.26214599609375
0.0123443603515625 -0.1103515625 -0.00531005859375002 -0.322174072265625
-0.0497207641601563 -0.0964736938476563 -0.18475341796875 -0.292266845703125
-0.114166259765625 -0.07598876953125 -0.257034301757813 -0.193557739257812
-0.116348266601563 -0.07861328125 -0.213088989257813 -0.1141357421875
-0.130767822265625 -0.0878372192382813 -0.15045166015625 -0.0911102294921875
-0.1121826171875 -0.138694763183594 -0.110260009765625 -0.0805130004882813
-0.03033447265625 -0.195022583007813 -0.0671272277832031 -0.020965576171875
0.086761474609375 -0.2078857421875 -0.0944137573242188 -0.00312805175781252
0.263290405273438 -0.09698486328125 -0.188949584960938 -0.02484130859375
0.35980224609375 0.044403076171875 -0.227371215820312 -0.13311767578125
0.34014892578125 0.1849365234375 -0.134567260742187 -0.1761474609375
0.304656982421875 0.314056396484375 0.142074584960938 -0.276809692382813
0.328704833984375 0.135772705078125 0.165374755859375 -0.0721435546875
0.310791015625 0.00311279296875 0.231307983398438 -0.0716705322265625
0.212966918945312 -0.163528442382812 0.206008911132813 -0.23681640625
0.0699615478515625 -0.214447021484375 0.044097900390625 -0.289581298828125
-0.07147216796875 -0.2080078125 -0.127487182617188 -0.262481689453125
-0.169174194335938 -0.157821655273437 -0.193206787109375 -0.16949462890625
-0.164321899414062 -0.150421142578125 -0.153228759765625 -0.0864410400390625
-0.184982299804687 -0.16607666015625 -0.091796875 -0.05474853515625
-0.138595581054688 -0.218353271484375 -0.0694351196289063 -0.0373001098632813
-0.012115478515625 -0.267318725585938 -0.0385017395019531 0.0229415893554687
0.129257202148438 -0.253616333007813 -0.0712356567382812 0.034088134765625
0.3203125 -0.084503173828125 -0.156173706054687 0.013885498046875
0.402130126953125 0.09405517578125 -0.152175903320312 -0.08831787109375
0.35113525390625 0.254852294921875 -0.04254150390625 -0.0864181518554687
0.251708984375 0.40118408203125 0.247848510742188 -0.14227294921875
0.341278076171875 0.2603759765625 0.261444091796875 0.01397705078125
0.395751953125 0.0888671875 0.274993896484375 -0.024566650390625
0.318084716796875 -0.16009521484375 0.237808227539063 -0.175872802734375
0.135589599609375 -0.268905639648438 0.0894927978515625 -0.218841552734375
-0.068023681640625 -0.28778076171875 -0.0561981201171875 -0.19720458984375
-0.1927490234375 -0.216812133789062 -0.106040954589844 -0.120826721191406
-0.186798095703125 -0.198028564453125 -0.0700225830078125 -0.045379638671875
-0.21478271484375 -0.217819213867188 -0.0143165588378906 -0.00628757476806642
-0.154876708984375 -0.266510009765625 -0.0124034881591797 0.0195980072021484
0.00097656249999997 -0.308319091796875 -0.00334930419921874 0.07470703125
0.154754638671875 -0.274276733398438 -0.0510635375976563 0.0716476440429687
0.3460693359375 -0.062225341796875 -0.126029968261719 0.0360870361328125
0.4002685546875 0.139556884765625 -0.0718307495117187 -0.0571746826171875
0.31640625 0.29986572265625 0.0474433898925782 0.0142059326171875
0.146759033203125 0.40960693359375 0.320831298828125 0.0128173828125
0.268280029296875 0.331207275390625 0.329010009765625 0.11834716796875
0.38043212890625 0.173583984375 0.291900634765625 0.031463623046875
0.358551025390625 -0.104156494140625 0.242034912109375 -0.0953216552734375
0.181732177734375 -0.260406494140625 0.11566162109375 -0.127143859863281
-0.0413818359375 -0.314117431640625 0.0111923217773437 -0.109199523925781
-0.1824951171875 -0.240676879882813 -0.0115814208984375 -0.05511474609375
-0.18194580078125 -0.214309692382813 0.0226516723632812 0.00245666503906249
-0.21337890625 -0.23553466796875 0.0706863403320312 0.0466079711914062
-0.152267456054688 -0.280807495117188 0.0507583618164063 0.0834579467773437
0.015106201171875 -0.31463623046875 0.0311965942382813 0.131172180175781
0.171371459960938 -0.263717651367188 -0.0388107299804687 0.107902526855469
0.342315673828125 -0.024078369140625 -0.103286743164062 0.04815673828125
0.356903076171875 0.18634033203125 0.000909805297851582 -0.0290164947509766
0.23883056640625 0.32177734375 0.119575500488281 0.122108459472656
0.0159912109375 0.338653564453125 0.34991455078125 0.148834228515625
0.137237548828125 0.32147216796875 0.3543701171875 0.20526123046875
0.274261474609375 0.213897705078125 0.281005859375 0.074066162109375
0.315216064453125 -0.02752685546875 0.218124389648438 -0.02288818359375
0.18524169921875 -0.196762084960938 0.118682861328125 -0.0388259887695313
-0.010772705078125 -0.27825927734375 0.0633773803710938 -0.0202369689941406
-0.14373779296875 -0.223114013671875 0.0742416381835937 0.0135574340820312
-0.150146484375 -0.197418212890625 0.110092163085937 0.0504837036132812
-0.180557250976563 -0.220458984375 0.151092529296875 0.0979156494140625
-0.127670288085938 -0.260391235351563 0.110031127929687 0.147994995117187
0.02862548828125 -0.28515625 0.059234619140625 0.188232421875
0.173187255859375 -0.224319458007813 -0.0345916748046875 0.146240234375
0.3092041015625 0.02020263671875 -0.09112548828125 0.0606765747070312
0.277481079101563 0.221405029296875 0.0555992126464844 0.00942230224609376
0.130950927734375 0.315643310546875 0.160858154296875 0.233444213867188
-0.114532470703125 0.209152221679688 0.33819580078125 0.236785888671875
-0.00901794433593751 0.243316650390625 0.344024658203125 0.2481689453125
0.122207641601563 0.198486328125 0.253921508789063 0.0886383056640625
0.209197998046875 0.040740966796875 0.182174682617188 0.0248870849609375
0.149261474609375 -0.104080200195312 0.106712341308594 0.0239410400390625
0.017791748046875 -0.195068359375 0.0981903076171875 0.0500411987304687
-0.084991455078125 -0.16864013671875 0.139259338378906 0.0698471069335937
-0.0973968505859375 -0.150985717773438 0.180557250976563 0.090240478515625
-0.122665405273437 -0.172653198242187 0.215484619140625 0.142745971679688
-0.086181640625 -0.205322265625 0.15826416015625 0.209213256835938
0.0393218994140625 -0.220977783203125 0.075897216796875 0.241729736328125
0.153961181640625 -0.162307739257813 -0.0395660400390625 0.183700561523438
0.242996215820312 0.0602569580078125 -0.0894241333007813 0.0770797729492187
0.1666259765625 0.2269287109375 0.0829391479492188 0.0573959350585938
0.00382995605468751 0.26715087890625 0.16326904296875 0.33587646484375
0.118522644042969 -0.125892639160156 -0.166656494140625 -0.35186767578125
-0.05419921875 -0.167678833007813 -0.0595779418945312 -0.101371765136719
-0.143234252929688 -0.04315185546875 0.0949554443359375 -0.08612060546875
-0.112197875976563 0.0727462768554688 0.0753326416015625 -0.230865478515625
-0.0298919677734375 0.120391845703125 -0.0814208984375 -0.2816162109375
0.0543670654296875 0.118560791015625 -0.231369018554687 -0.240951538085938
0.0518112182617188 0.087066650390625 -0.28155517578125 -0.15240478515625
0.0255050659179687 0.0860443115234375 -0.23614501953125 -0.099639892578125
0.0178756713867188 0.103271484375 -0.185592651367187 -0.0850067138671875
-0.0524139404296875 0.0865097045898438 -0.140228271484375 -0.0733184814453125
-0.110031127929688 0.0160980224609375 -0.111419677734375 -0.0496063232421875
-0.0873336791992188 -0.0838851928710938 -0.150543212890625 -0.05169677734375
0.0316162109375 -0.1634521484375 -0.2440185546875 -0.11663818359375
0.14605712890625 -0.144683837890625 -0.33502197265625 -0.224822998046875
0.200042724609375 -0.06072998046875 -0.299041748046875 -0.26361083984375
0.228683471679688 0.008453369140625 -0.097808837890625 -0.383636474609375
0.0940475463867188 -0.1114501953125 -0.0170822143554688 -0.124504089355469
-0.00333023071289062 -0.06634521484375 0.125679016113281 -0.0992355346679688
-0.0323982238769531 -0.0224533081054687 0.1051025390625 -0.25982666015625
-0.0211162567138672 0.00950241088867188 -0.06109619140625 -0.31243896484375
-0.00412654876708984 0.0171346664428711 -0.232040405273437 -0.271591186523438
-0.0366973876953125 0.0117225646972656 -0.29443359375 -0.170654296875
-0.0512123107910156 0.00752639770507813 -0.245071411132812 -0.104400634765625
-0.0617103576660156 0.00946044921875 -0.187713623046875 -0.090362548828125
-0.0839004516601563 -0.0294036865234375 -0.141738891601563 -0.08502197265625
-0.0678329467773438 -0.0940399169921875 -0.097686767578125 -0.043853759765625
0.009552001953125 -0.148696899414063 -0.124671936035156 -0.0349044799804688
0.160552978515625 -0.12579345703125 -0.21856689453125 -0.070098876953125
0.26959228515625 -0.044708251953125 -0.294891357421875 -0.17779541015625
0.290496826171875 0.06781005859375 -0.23309326171875 -0.23675537109375
0.303375244140625 0.15753173828125 0.00326538085937499 -0.361663818359375
0.235748291015625 -0.0119476318359375 0.0590133666992188 -0.118934631347656
0.159255981445313 -0.0613861083984375 0.173004150390625 -0.099395751953125
0.0776214599609375 -0.11517333984375 0.14678955078125 -0.26751708984375
0.0077972412109375 -0.111274719238281 -0.022125244140625 -0.317108154296875
-0.0546493530273437 -0.0965118408203125 -0.200607299804688 -0.276992797851563
-0.118522644042969 -0.0698165893554688 -0.2677001953125 -0.172195434570313
-0.120986938476563 -0.0707473754882813 -0.218063354492188 -0.0945129394531251
-0.136421203613281 -0.0797119140625 -0.156478881835938 -0.075439453125
-0.1199951171875 -0.130882263183594 -0.119758605957031 -0.0658721923828125
-0.042236328125 -0.191650390625 -0.0760116577148437 -0.0144805908203125
0.0745391845703125 -0.211807250976563 -0.100677490234375 -0.00154876708984376
0.256256103515625 -0.112228393554688 -0.189788818359375 -0.020538330078125
0.360504150390625 0.02154541015625 -0.23468017578125 -0.124160766601563
0.34814453125 0.16558837890625 -0.1495361328125 -0.172195434570313
0.322906494140625 0.2933349609375 0.1219482421875 -0.2822265625
0.335601806640625 0.115081787109375 0.15753173828125 -0.0752716064453125
0.31231689453125 -0.01739501953125 0.226577758789063 -0.077850341796875
0.20306396484375 -0.177276611328125 0.193206787109375 -0.243484497070313
0.0571136474609375 -0.218048095703125 0.02923583984375 -0.28790283203125
-0.084136962890625 -0.204971313476563 -0.140365600585938 -0.2510986328125
-0.178375244140625 -0.146011352539063 -0.202560424804688 -0.152252197265625
-0.173309326171875 -0.137008666992188 -0.157028198242188 -0.0711517333984375
-0.196273803710938 -0.151809692382812 -0.0963592529296875 -0.0432815551757813
-0.153564453125 -0.207305908203125 -0.0771255493164063 -0.025604248046875
-0.0312957763671875 -0.2655029296875 -0.0438690185546875 0.0285987854003906
0.112274169921875 -0.261917114257813 -0.075653076171875 0.0364990234375
0.31646728515625 -0.105682373046875 -0.1575927734375 0.0175628662109375
0.40887451171875 0.067352294921875 -0.159622192382812 -0.08380126953125
0.363922119140625 0.23284912109375 -0.0538864135742187 -0.0883026123046875
0.27630615234375 0.383056640625 0.234878540039063 -0.154098510742187
0.356903076171875 0.237060546875 0.256683349609375 0.00434875488281251
0.402587890625 0.06201171875 0.2713623046875 -0.03302001953125
0.30804443359375 -0.18157958984375 0.228042602539063 -0.18359375
0.117034912109375 -0.276336669921875 0.0785064697265625 -0.220199584960938
-0.086151123046875 -0.283477783203125 -0.06549072265625 -0.191009521484375
-0.206024169921875 -0.201004028320312 -0.112937927246094 -0.110443115234375
-0.200164794921875 -0.181640625 -0.0718460083007813 -0.0360641479492188
-0.229888916015625 -0.200668334960938 -0.0155439376831055 -0.00100231170654298
-0.175384521484375 -0.253753662109375 -0.0161151885986328 0.0266971588134765
-0.02130126953125 -0.30780029296875 -0.00466156005859376 0.07855224609375
0.13580322265625 -0.28485107421875 -0.0525054931640625 0.0741958618164062
0.343719482421875 -0.087677001953125 -0.126205444335937 0.038970947265625
0.410980224609375 0.11126708984375 -0.0790328979492187 -0.0575332641601562
0.3333740234375 0.27874755859375 0.0411605834960938 0.00646972656250002
0.174468994140625 0.398529052734375 0.316986083984375 -0.00366210937499998
0.288604736328125 0.312164306640625 0.328125 0.103363037109375
0.393341064453125 0.1458740234375 0.289794921875 0.021820068359375
0.350799560546875 -0.1304931640625 0.236495971679688 -0.103469848632813
0.162002563476563 -0.270675659179688 0.11041259765625 -0.130348205566406
-0.0638427734375 -0.308624267578125 0.00752258300781249 -0.109367370605469
-0.198333740234375 -0.224685668945313 -0.0146141052246094 -0.0517768859863281
-0.195755004882813 -0.19818115234375 0.0214977264404297 0.00434684753417968
-0.229934692382813 -0.217605590820313 0.0723037719726562 0.044464111328125
-0.1734619140625 -0.267135620117187 0.051971435546875 0.085174560546875
-0.00997924804687503 -0.314544677734375 0.0347137451171875 0.132064819335938
0.15155029296875 -0.274581909179688 -0.0366973876953125 0.110572814941406
0.342498779296875 -0.049591064453125 -0.103904724121094 0.0513687133789063
0.370025634765625 0.158966064453125 -0.0057868957519531 -0.0331344604492187
0.25836181640625 0.305328369140625 0.120323181152344 0.110198974609375
0.04150390625 0.3365478515625 0.35601806640625 0.131866455078125
0.1595458984375 0.309967041015625 0.358734130859375 0.188568115234375
0.2918701171875 0.19256591796875 0.280593872070313 0.065216064453125
0.311798095703125 -0.0521240234375 0.217086791992188 -0.029205322265625
0.16888427734375 -0.20831298828125 0.118766784667969 -0.0438232421875
-0.031219482421875 -0.275421142578125 0.0654945373535156 -0.0251846313476563
-0.158798217773438 -0.20855712890625 0.0743484497070312 0.00946807861328124
-0.163589477539062 -0.183853149414063 0.111305236816406 0.0443344116210937
-0.196395874023437 -0.203842163085938 0.155426025390625 0.0889739990234375
-0.147384643554687 -0.247222900390625 0.11590576171875 0.14404296875
0.00634765625000003 -0.285491943359375 0.06817626953125 0.185958862304688
0.155624389648438 -0.236465454101563 -0.02862548828125 0.148727416992187
0.31121826171875 -0.002197265625 -0.0906982421875 0.0638504028320313
0.2935791015625 0.19775390625 0.0509300231933594 0.00190734863281251
0.1512451171875 0.303314208984375 0.169952392578125 0.219207763671875
-0.0959625244140625 0.216995239257813 0.350311279296875 0.220184326171875
0.00912475585937497 0.241851806640625 0.351593017578125 0.231903076171875
0.13751220703125 0.18719482421875 0.25439453125 0.082000732421875
0.210906982421875 0.02197265625 0.185195922851563 0.0196685791015625
0.138694763183594 -0.114738464355469 0.112129211425781 0.0180511474609375
0.00123596191406251 -0.194015502929688 0.10430908203125 0.040802001953125
-0.0968170166015625 -0.158355712890625 0.14227294921875 0.05914306640625
-0.107048034667969 -0.13995361328125 0.183029174804688 0.0782623291015625
-0.135406494140625 -0.159896850585938 0.222198486328125 0.127426147460938
-0.101287841796875 -0.194808959960938 0.169158935546875 0.199478149414063
0.02099609375 -0.222274780273438 0.0891876220703125 0.236785888671875
0.140045166015625 -0.171707153320313 -0.0308380126953125 0.185501098632813
0.246444702148438 0.0418853759765625 -0.0882415771484375 0.0803451538085938
0.183151245117188 0.212188720703125 0.0817413330078125 0.04730224609375
0.021942138671875 0.262054443359375 0.180633544921875 0.321533203125
0.111305236816406 -0.133262634277344 -0.19134521484375 -0.349212646484375
-0.0650177001953125 -0.165267944335938 -0.0650482177734375 -0.0979232788085938
-0.146835327148438 -0.033294677734375 0.0951919555664063 -0.0910797119140625
-0.107528686523438 0.081207275390625 0.0675048828125 -0.24029541015625
-0.0204391479492187 0.122634887695312 -0.0948333740234375 -0.280670166015625
0.063018798828125 0.111961364746094 -0.2467041015625 -0.230438232421875
0.0586395263671875 0.0809097290039063 -0.294830322265625 -0.1376953125
0.0322723388671875 0.0840911865234375 -0.24517822265625 -0.0854644775390625
0.0250167846679688 0.101089477539063 -0.194427490234375 -0.0717010498046875
-0.04388427734375 0.089691162109375 -0.148468017578125 -0.063262939453125
-0.106803894042969 0.025238037109375 -0.122734069824219 -0.0448074340820312
-0.09271240234375 -0.0776138305664063 -0.16064453125 -0.050384521484375
0.01995849609375 -0.165054321289063 -0.252777099609375 -0.112091064453125
0.136566162109375 -0.154342651367188 -0.350311279296875 -0.215545654296875
0.197540283203125 -0.0726165771484375 -0.320068359375 -0.2569580078125
0.232421875 -0.003448486328125 -0.122161865234375 -0.385223388671875
0.0888137817382813 -0.116630554199219 -0.0234222412109375 -0.122642517089844
-0.00516128540039062 -0.0656051635742188 0.126289367675781 -0.1044921875
-0.0312843322753906 -0.0206089019775391 0.094696044921875 -0.268997192382813
-0.0176963806152344 0.00911712646484375 -0.075836181640625 -0.312469482421875
-0.00276470184326172 0.0128011703491211 -0.24969482421875 -0.261016845703125
-0.0360679626464844 0.0118331909179687 -0.30816650390625 -0.153564453125
-0.0504150390625 0.0100975036621094 -0.254257202148438 -0.0881500244140625
-0.0626106262207031 0.0114631652832031 -0.196548461914062 -0.0761260986328125
-0.0853195190429687 -0.0253982543945313 -0.152740478515625 -0.0718536376953125
-0.0714950561523438 -0.0905838012695313 -0.109619140625 -0.0390548706054687
0.001922607421875 -0.15020751953125 -0.134658813476562 -0.034271240234375
0.154998779296875 -0.1357421875 -0.226043701171875 -0.0673065185546875
0.268630981445313 -0.0599212646484375 -0.308624267578125 -0.17047119140625
0.298248291015625 0.0535888671875 -0.2540283203125 -0.233367919921875
0.3160400390625 0.143798828125 -0.018096923828125 -0.36749267578125
0.238479614257813 -0.0242462158203125 0.0535049438476563 -0.119773864746094
0.16107177734375 -0.0715484619140625 0.173080444335938 -0.105194091796875
0.07421875 -0.121604919433594 0.137603759765625 -0.278091430664063
0.00357055664062499 -0.115219116210938 -0.03656005859375 -0.319244384765625
-0.0616378784179688 -0.0988082885742188 -0.217041015625 -0.268447875976563
-0.123756408691406 -0.0657119750976563 -0.280380249023438 -0.15667724609375
-0.126899719238281 -0.064453125 -0.22564697265625 -0.0791473388671875
-0.145172119140625 -0.0736541748046875 -0.16424560546875 -0.062408447265625
-0.13006591796875 -0.1265869140625 -0.130332946777344 -0.0535888671875
-0.05291748046875 -0.192138671875 -0.086517333984375 -0.00807952880859377
0.063873291015625 -0.220184326171875 -0.10888671875 -0.000282287597656247
0.255661010742188 -0.128616333007813 -0.195571899414062 -0.0172882080078125
0.368896484375 0.000762939453125 -0.246994018554687 -0.118240356445313
0.363189697265625 0.15155029296875 -0.167068481445313 -0.172164916992187
0.345733642578125 0.28131103515625 0.10638427734375 -0.292083740234375
0.3472900390625 0.09844970703125 0.154464721679688 -0.0796051025390625
0.319488525390625 -0.03759765625 0.228683471679688 -0.08477783203125
0.19805908203125 -0.193374633789063 0.1861572265625 -0.254425048828125
0.046173095703125 -0.22601318359375 0.01776123046875 -0.291656494140625
-0.0997772216796875 -0.206069946289063 -0.154708862304687 -0.24578857421875
-0.18988037109375 -0.1378173828125 -0.21502685546875 -0.140548706054687
-0.185348510742188 -0.128570556640625 -0.163406372070313 -0.058563232421875
-0.210784912109375 -0.14239501953125 -0.101051330566406 -0.0327682495117187
-0.1712646484375 -0.201187133789063 -0.08441162109375 -0.01434326171875
-0.0482025146484375 -0.269638061523438 -0.0499420166015625 0.0348701477050781
0.0994720458984375 -0.27484130859375 -0.08184814453125 0.0390396118164062
0.318572998046875 -0.127960205078125 -0.162628173828125 0.0204925537109375
0.422119140625 0.043304443359375 -0.170120239257812 -0.0811614990234375
0.383392333984375 0.219390869140625 -0.065887451171875 -0.090972900390625
0.304901123046875 0.374114990234375 0.228515625 -0.1673583984375
0.376861572265625 0.220184326171875 0.257232666015625 -0.00402832031249999
0.41632080078125 0.036834716796875 0.2745361328125 -0.0396881103515625
0.302947998046875 -0.2056884765625 0.223800659179688 -0.194244384765625
0.10302734375 -0.28875732421875 0.0720977783203125 -0.224868774414063
-0.106414794921875 -0.2835693359375 -0.07501220703125 -0.190597534179688
-0.221878051757813 -0.1910400390625 -0.121047973632813 -0.102867126464844
-0.214508056640625 -0.171524047851562 -0.0752716064453125 -0.0288009643554688
-0.24871826171875 -0.187042236328125 -0.0165424346923828 0.00371932983398437
-0.196197509765625 -0.245864868164063 -0.0189056396484375 0.0354461669921875
-0.04425048828125 -0.312896728515625 -0.00534057617187501 0.0846481323242187
0.120086669921875 -0.2998046875 -0.0545501708984375 0.0779037475585937
0.347625732421875 -0.1123046875 -0.130767822265625 0.0429458618164062
0.427947998046875 0.0863037109375 -0.0880813598632812 -0.0580902099609375
0.355682373046875 0.266510009765625 0.0356712341308594 0.000732421875000016
0.204559326171875 0.395660400390625 0.32080078125 -0.01751708984375
0.312713623046875 0.30072021484375 0.33624267578125 0.0936279296875
0.41253662109375 0.12225341796875 0.294525146484375 0.01483154296875
0.34881591796875 -0.156097412109375 0.236785888671875 -0.11248779296875
0.146942138671875 -0.285614013671875 0.108238220214844 -0.136932373046875
-0.0858154296875 -0.310028076171875 0.00422668457031249 -0.111640930175781
-0.216400146484375 -0.21295166015625 -0.0179061889648438 -0.05059814453125
-0.211868286132812 -0.186965942382812 0.0224514007568359 0.0054340362548828
-0.250289916992188 -0.204574584960937 0.0757522583007812 0.0432281494140625
-0.196121215820313 -0.258590698242187 0.0549468994140625 0.089141845703125
-0.032867431640625 -0.319915771484375 0.039520263671875 0.135932922363281
0.13580322265625 -0.29010009765625 -0.0343093872070313 0.116439819335937
0.34954833984375 -0.074798583984375 -0.107063293457031 0.0549392700195313
0.389312744140625 0.136322021484375 -0.0125160217285156 -0.03759765625
0.281219482421875 0.296600341796875 0.123893737792969 0.102813720703125
0.066131591796875 0.340118408203125 0.368927001953125 0.118804931640625
0.182281494140625 0.3052978515625 0.37158203125 0.177825927734375
0.311187744140625 0.17547607421875 0.2861328125 0.060760498046875
0.3150634765625 -0.076171875 0.2216796875 -0.0348968505859375
0.158340454101562 -0.2230224609375 0.120918273925781 -0.0486602783203125
-0.0517578125 -0.2772216796875 0.0678520202636719 -0.0307655334472656
-0.174545288085938 -0.200180053710937 0.0756072998046875 0.00625610351562499
-0.177337646484375 -0.173294067382813 0.114219665527344 0.0401382446289062
-0.214706420898437 -0.19183349609375 0.163360595703125 0.0818939208984375
-0.167892456054688 -0.239639282226563 0.1248779296875 0.14398193359375
-0.014312744140625 -0.290985107421875 0.0776824951171875 0.188522338867188
0.142410278320313 -0.250564575195313 -0.0236968994140625 0.153961181640625
0.31903076171875 -0.023773193359375 -0.09246826171875 0.0680465698242187
0.312835693359375 0.1795654296875 0.0471649169921875 -0.00541305541992186
0.17047119140625 0.29925537109375 0.182144165039063 0.211257934570313
-0.0797882080078125 0.226226806640625 0.369873046875 0.209808349609375
0.026519775390625 0.24505615234375 0.367279052734375 0.222564697265625
0.153961181640625 0.178970336914063 0.261093139648438 0.0775146484375
0.215667724609375 0.0047607421875 0.191253662109375 0.0160064697265625
0.132087707519531 -0.125869750976563 0.118759155273438 0.0128631591796875
-0.013763427734375 -0.195785522460938 0.111618041992188 0.0335311889648437
-0.109298706054687 -0.151626586914063 0.148391723632813 0.0517120361328125
-0.118499755859375 -0.132797241210938 0.18896484375 0.068206787109375
-0.149169921875 -0.150787353515625 0.232711791992187 0.11712646484375
-0.116806030273437 -0.188247680664063 0.180740356445313 0.195281982421875
0.00527954101562499 -0.226394653320313 0.10382080078125 0.237289428710938
0.130538940429688 -0.183624267578125 -0.02288818359375 0.19244384765625
0.254608154296875 0.0258636474609375 -0.0898590087890625 0.085479736328125
0.200668334960938 0.199722290039063 0.0815887451171875 0.0392837524414063
0.038177490234375 0.262908935546875 0.19952392578125 0.314208984375
0.102737426757813 -0.145645141601563 -0.22589111328125 -0.3468017578125
-0.080474853515625 -0.163894653320312 -0.0745468139648438 -0.0938491821289063
-0.151992797851562 -0.0210418701171875 0.0961380004882812 -0.0988922119140625
-0.102081298828125 0.0936737060546875 0.0552520751953125 -0.253524780273438
-0.00926971435546874 0.126838684082031 -0.116424560546875 -0.28509521484375
0.0741348266601563 0.105552673339844 -0.269454956054688 -0.21875
0.0673751831054688 0.0749053955078125 -0.31365966796875 -0.118743896484375
0.0413436889648437 0.0828628540039063 -0.25836181640625 -0.0679168701171875
0.034423828125 0.0995330810546875 -0.205429077148438 -0.05548095703125
-0.03472900390625 0.0939254760742187 -0.160171508789063 -0.0510711669921875
-0.104110717773438 0.0355072021484375 -0.136260986328125 -0.0377273559570312
-0.100189208984375 -0.0703506469726563 -0.175857543945313 -0.045257568359375
0.0055084228515625 -0.169769287109375 -0.267654418945313 -0.105361938476562
0.125579833984375 -0.166854858398438 -0.376190185546875 -0.201904296875
0.196792602539063 -0.089447021484375 -0.351837158203125 -0.247344970703125
0.2381591796875 -0.0192108154296875 -0.157196044921875 -0.3895263671875
0.0825347900390625 -0.125144958496094 -0.0331954956054688 -0.122520446777344
-0.00726699829101563 -0.0667877197265625 0.12615966796875 -0.113861083984375
-0.0314750671386719 -0.0189876556396484 0.08251953125 -0.284332275390625
-0.0154333114624023 0.0087890625 -0.098052978515625 -0.317596435546875
-0.00263023376464844 0.00948715209960938 -0.274490356445313 -0.249435424804688
-0.0367546081542969 0.0105705261230469 -0.329437255859375 -0.133056640625
-0.0508766174316406 0.0140190124511719 -0.26763916015625 -0.0687255859375
-0.063812255859375 0.015350341796875 -0.208755493164063 -0.059722900390625
-0.0883102416992187 -0.020782470703125 -0.164840698242188 -0.0574798583984375
-0.0778732299804687 -0.0872573852539063 -0.123046875 -0.0301895141601563
-0.00758361816406251 -0.153518676757813 -0.14825439453125 -0.0301055908203125
0.1488037109375 -0.150344848632813 -0.238265991210938 -0.0611114501953125
0.270919799804688 -0.081634521484375 -0.330841064453125 -0.15936279296875
0.311004638671875 0.034759521484375 -0.283905029296875 -0.22808837890625
0.33758544921875 0.125518798828125 -0.0482788085937499 -0.37939453125
0.244705200195313 -0.0420684814453125 0.04583740234375 -0.123458862304688
0.164581298828125 -0.086700439453125 0.174972534179688 -0.117294311523438
0.0694503784179688 -0.132568359375 0.126007080078125 -0.2947998046875
-0.0030364990234375 -0.121246337890625 -0.0576171875 -0.325286865234375
-0.0719528198242188 -0.101615905761719 -0.241500854492187 -0.259918212890625
-0.132858276367188 -0.0603713989257813 -0.30108642578125 -0.13763427734375
-0.135673522949219 -0.0572433471679687 -0.237747192382812 -0.06103515625
-0.156570434570313 -0.06524658203125 -0.174224853515625 -0.046844482421875
-0.144317626953125 -0.121139526367188 -0.141876220703125 -0.0383453369140625
-0.0694122314453125 -0.1937255859375 -0.0964279174804687 0.00114440917968748
0.050048828125 -0.232574462890625 -0.119285583496094 0.00428771972656249
0.255584716796875 -0.153030395507812 -0.205963134765625 -0.010894775390625
0.380767822265625 -0.027801513671875 -0.265594482421875 -0.109848022460938
0.3865966796875 0.131988525390625 -0.190750122070312 -0.170272827148437
0.379608154296875 0.264984130859375 0.086669921875 -0.30999755859375
0.366485595703125 0.075775146484375 0.153060913085938 -0.088897705078125
0.330810546875 -0.06475830078125 0.233062744140625 -0.097320556640625
0.191146850585938 -0.216537475585938 0.17694091796875 -0.273300170898437
0.03265380859375 -0.23809814453125 0.000305175781250011 -0.300201416015625
-0.12005615234375 -0.208251953125 -0.176300048828125 -0.24200439453125
-0.206634521484375 -0.128372192382813 -0.23065185546875 -0.12554931640625
-0.200927734375 -0.11785888671875 -0.17108154296875 -0.0439605712890625
-0.230209350585938 -0.130035400390625 -0.10736083984375 -0.0221481323242188
-0.194259643554688 -0.194076538085938 -0.0908966064453125 -0.00149536132812501
-0.0715789794921875 -0.2752685546875 -0.0548896789550781 0.0448455810546875
0.0810546875 -0.29351806640625 -0.0882415771484375 0.0446624755859375
0.322052001953125 -0.15875244140625 -0.168869018554687 0.0268096923828125
0.4410400390625 0.0098876953125 -0.184768676757812 -0.0765838623046875
0.413665771484375 0.19970703125 -0.0818328857421875 -0.093414306640625
0.345611572265625 0.3642578125 0.222030639648438 -0.188690185546875
0.405792236328125 0.200958251953125 0.264068603515625 -0.0173797607421875
0.436279296875 0.003204345703125 0.28204345703125 -0.052642822265625
0.299102783203125 -0.2391357421875 0.220657348632813 -0.211685180664063
0.084442138671875 -0.306549072265625 0.0608367919921875 -0.236434936523438
-0.13385009765625 -0.2867431640625 -0.0888671875 -0.191375732421875
-0.2435302734375 -0.179534912109375 -0.131256103515625 -0.0943527221679688
-0.235397338867187 -0.159271240234375 -0.0800933837890625 -0.0211181640625
-0.27447509765625 -0.172134399414063 -0.0165081024169922 0.00918006896972655
-0.225112915039062 -0.236282348632813 -0.0188713073730469 0.0445060729980469
-0.0723876953125 -0.321441650390625 -0.0030517578125 0.0932388305664062
0.10089111328125 -0.32196044921875 -0.0556182861328125 0.0839920043945312
0.354095458984375 -0.14630126953125 -0.136543273925781 0.050048828125
0.45135498046875 0.051727294921875 -0.09954833984375 -0.05816650390625
0.38934326171875 0.25091552734375 0.0305423736572266 -0.00365066528320311
0.244293212890625 0.39508056640625 0.32965087890625 -0.038787841796875
0.3468017578125 0.285888671875 0.350433349609375 0.078369140625
0.438018798828125 0.091827392578125 0.30609130859375 0.00354003906250001
0.349822998046875 -0.193389892578125 0.239105224609375 -0.127761840820313
0.1300048828125 -0.306884765625 0.105117797851563 -0.146942138671875
-0.114837646484375 -0.31402587890625 -0.000770568847656263 -0.117218017578125
-0.239547729492188 -0.202728271484375 -0.0223388671875 -0.0488014221191406
-0.234390258789063 -0.174896240234375 0.0228500366210937 0.00741004943847655
-0.276123046875 -0.188522338867187 0.0816879272460937 0.04168701171875
-0.225341796875 -0.248931884765625 0.062225341796875 0.0945281982421875
-0.061737060546875 -0.328826904296875 0.048309326171875 0.141372680664062
0.116546630859375 -0.313690185546875 -0.0314788818359375 0.12261962890625
0.357940673828125 -0.107330322265625 -0.110633850097656 0.0621871948242187
0.41497802734375 0.106689453125 -0.0196342468261718 -0.0406494140625
0.313873291015625 0.285614013671875 0.12921142578125 0.0957107543945313
0.09765625 0.34771728515625 0.39007568359375 0.100311279296875
0.214599609375 0.300384521484375 0.393798828125 0.163482666015625
0.337188720703125 0.15374755859375 0.3001708984375 0.050262451171875
0.31884765625 -0.10693359375 0.228103637695313 -0.0474853515625
0.144317626953125 -0.244033813476563 0.125381469726562 -0.0593032836914063
-0.078277587890625 -0.28155517578125 0.0700836181640625 -0.0383796691894531
-0.197677612304687 -0.190811157226563 0.0789413452148438 -8.39233398437617E-05
-0.197677612304687 -0.162567138671875 0.120994567871094 0.0347824096679687
-0.238296508789063 -0.178054809570312 0.173980712890625 0.0742340087890625
-0.195343017578125 -0.231201171875 0.138687133789063 0.14288330078125
-0.040802001953125 -0.298736572265625 0.0938873291015625 0.192352294921875
0.125732421875 -0.27191162109375 -0.015533447265625 0.161758422851562
0.330047607421875 -0.05279541015625 -0.0949172973632812 0.0753173828125
0.339324951171875 0.157440185546875 0.0436668395996094 -0.0122642517089844
0.200225830078125 0.295745849609375 0.20037841796875 0.203643798828125
-0.06097412109375 0.240524291992188 0.39886474609375 0.195770263671875
0.050140380859375 0.2496337890625 0.39324951171875 0.21002197265625
0.176239013671875 0.169235229492188 0.274795532226563 0.0711212158203125
0.222686767578125 -0.01678466796875 0.202224731445313 0.007568359375
0.123794555664063 -0.141494750976563 0.127861022949219 0.00582122802734374
-0.032501220703125 -0.199295043945313 0.1192626953125 0.0221176147460937
-0.126144409179688 -0.145263671875 0.156875610351562 0.04119873046875
-0.132766723632813 -0.125114440917969 0.199478149414063 0.057281494140625
-0.166824340820313 -0.141357421875 0.247772216796875 0.1029052734375
-0.137924194335938 -0.18316650390625 0.201828002929688 0.190673828125
-0.015533447265625 -0.23388671875 0.124374389648438 0.239822387695312
0.118255615234375 -0.1990966796875 -0.011474609375 0.201675415039063
0.26580810546875 0.003753662109375 -0.0909423828125 0.092926025390625
0.222412109375 0.186019897460938 0.0819549560546875 0.0311660766601563
0.0583648681640625 0.266891479492188 0.228057861328125 0.309112548828125
0.089019775390625 -0.158294677734375 -0.26953125 -0.333709716796875
-0.0995941162109375 -0.157745361328125 -0.0866546630859375 -0.086944580078125
-0.155471801757813 -0.00396728515624998 0.093048095703125 -0.109817504882813
-0.0916900634765625 0.107772827148438 0.03564453125 -0.267410278320313
0.00651550292968749 0.128463745117188 -0.14422607421875 -0.28167724609375
0.0858230590820313 0.097747802734375 -0.29803466796875 -0.19781494140625
0.07562255859375 0.0663299560546875 -0.33343505859375 -0.090240478515625
0.0528488159179688 0.0790252685546875 -0.27142333984375 -0.0421295166015625
0.046173095703125 0.09600830078125 -0.217147827148438 -0.03448486328125
-0.0230560302734375 0.0976715087890625 -0.16973876953125 -0.034027099609375
-0.098876953125 0.04736328125 -0.150115966796875 -0.024017333984375
-0.109611511230469 -0.0600128173828125 -0.191818237304688 -0.033111572265625
-0.01300048828125 -0.171401977539063 -0.285491943359375 -0.08831787109375
0.108993530273438 -0.181747436523437 -0.40576171875 -0.176055908203125
0.19189453125 -0.111480712890625 -0.38946533203125 -0.22491455078125
0.241729736328125 -0.0421905517578125 -0.20452880859375 -0.38470458984375
0.0709991455078125 -0.135787963867187 -0.0465545654296875 -0.119354248046875
-0.01202392578125 -0.0666427612304688 0.122909545898438 -0.127143859863281
-0.0318431854248047 -0.0161800384521484 0.0599365234375 -0.30072021484375
-0.0129070281982422 0.00830078125 -0.12921142578125 -0.315826416015625
-0.00341796875 0.00575494766235352 -0.30572509765625 -0.227874755859375
-0.0371856689453125 0.0117378234863281 -0.350616455078125 -0.102203369140625
-0.0497283935546875 0.017669677734375 -0.28057861328125 -0.041259765625
-0.0640907287597656 0.0202217102050781 -0.219589233398438 -0.0360565185546875
-0.091766357421875 -0.0137176513671875 -0.176605224609375 -0.0384521484375
-0.0866851806640625 -0.0816116333007813 -0.135696411132812 -0.016571044921875
-0.0223236083984375 -0.156784057617188 -0.16326904296875 -0.019683837890625
0.136993408203125 -0.167877197265625 -0.251846313476563 -0.0463714599609375
0.268951416015625 -0.109634399414062 -0.355499267578125 -0.136474609375
0.323089599609375 0.006317138671875 -0.318603515625 -0.211639404296875
0.360015869140625 0.09625244140625 -0.090362548828125 -0.385894775390625
0.245529174804688 -0.0673828125 0.034942626953125 -0.128387451171875
0.162811279296875 -0.106765747070313 0.172271728515625 -0.133346557617187
0.060546875 -0.144973754882813 0.103546142578125 -0.314453125
-0.0142135620117188 -0.125930786132813 -0.08770751953125 -0.328948974609375
-0.086395263671875 -0.100379943847656 -0.271881103515625 -0.242630004882813
-0.143035888671875 -0.0507965087890625 -0.32080078125 -0.10858154296875
-0.145034790039063 -0.0452880859375 -0.248077392578125 -0.0352020263671875
-0.169189453125 -0.0507659912109375 -0.183670043945313 -0.0260467529296875
-0.16119384765625 -0.109329223632812 -0.151443481445313 -0.0185089111328125
-0.09051513671875 -0.193832397460938 -0.104270935058594 0.014739990234375
0.02911376953125 -0.245223999023438 -0.130287170410156 0.0132293701171875
0.247482299804688 -0.183685302734375 -0.215713500976562 0.00175476074218744
0.388031005859375 -0.06658935546875 -0.285888671875 -0.0924072265625
0.411041259765625 0.0985107421875 -0.220199584960937 -0.16070556640625
0.418060302734375 0.23492431640625 0.0554809570312501 -0.32696533203125
0.383544921875 0.040008544921875 0.146743774414063 -0.102081298828125
0.334869384765625 -0.10174560546875 0.232940673828125 -0.117401123046875
0.174713134765625 -0.244522094726563 0.159942626953125 -0.2950439453125
0.00921630859374998 -0.249923706054688 -0.0255126953125 -0.30859375
-0.146240234375 -0.204269409179688 -0.202163696289062 -0.23150634765625
-0.225555419921875 -0.111083984375 -0.248367309570313 -0.102630615234375
-0.21881103515625 -0.0999908447265624 -0.178817749023438 -0.024200439453125
-0.252517700195313 -0.10821533203125 -0.11199951171875 -0.00763702392578124
-0.22186279296875 -0.177566528320313 -0.0946731567382813 0.016265869140625
-0.10400390625 -0.2763671875 -0.0564498901367187 0.0567131042480469
0.0531005859375 -0.3128662109375 -0.09283447265625 0.0529632568359375
0.316162109375 -0.198577880859375 -0.17645263671875 0.039886474609375
0.45428466796875 -0.037322998046875 -0.201263427734375 -0.0644989013671875
0.44683837890625 0.1671142578125 -0.0998916625976562 -0.0902786254882813
0.395050048828125 0.34033203125 0.208206176757813 -0.215194702148437
0.438323974609375 0.162750244140625 0.268051147460937 -0.038330078125
0.4508056640625 -0.0435791015625 0.2872314453125 -0.07452392578125
0.282501220703125 -0.279144287109375 0.209503173828125 -0.23553466796875
0.054718017578125 -0.32525634765625 0.0430755615234375 -0.24749755859375
-0.168853759765625 -0.282470703125 -0.107666015625 -0.1890869140625
-0.269851684570313 -0.159133911132813 -0.1439208984375 -0.081573486328125
-0.259063720703125 -0.137786865234375 -0.08294677734375 -0.00956726074218752
-0.300750732421875 -0.14544677734375 -0.0160684585571289 0.0145320892333984
-0.257736206054687 -0.216949462890625 -0.0154647827148438 0.0550880432128906
-0.10992431640625 -0.323486328125 0.00327301025390625 0.100791931152344
0.0684814453125 -0.34429931640625 -0.0546951293945312 0.0916671752929687
0.350738525390625 -0.1917724609375 -0.140106201171875 0.0602264404296875
0.47015380859375 0.003753662109375 -0.112579345703125 -0.0525436401367188
0.427520751953125 0.220855712890625 0.0254554748535156 -0.00925064086914061
0.295623779296875 0.3797607421875 0.333740234375 -0.071380615234375
0.388092041015625 0.258331298828125 0.365631103515625 0.05126953125
0.4617919921875 0.045928955078125 0.31658935546875 -0.018768310546875
0.3389892578125 -0.238433837890625 0.236785888671875 -0.150634765625
0.10101318359375 -0.330902099609375 0.09735107421875 -0.16033935546875
-0.153228759765625 -0.31121826171875 -0.0103759765625 -0.12176513671875
-0.267105102539063 -0.181991577148438 -0.0262031555175781 -0.0464973449707031
-0.2587890625 -0.154129028320313 0.0247211456298828 0.0075550079345703
-0.30535888671875 -0.161865234375 0.0878677368164063 0.0368728637695313
-0.260177612304688 -0.229171752929688 0.0726852416992187 0.0953369140625
-0.101898193359375 -0.3319091796875 0.0637664794921875 0.1455078125
0.0845947265625 -0.337310791015625 -0.0235748291015625 0.129447937011719
0.3582763671875 -0.152313232421875 -0.112586975097656 0.0723724365234375
0.439422607421875 0.0616455078125 -0.0301170349121093 -0.042938232421875
0.35296630859375 0.26416015625 0.137901306152344 0.0844192504882813
0.14105224609375 0.347259521484375 0.413421630859375 0.067108154296875
0.2532958984375 0.285919189453125 0.419586181640625 0.13555908203125
0.365081787109375 0.12060546875 0.314910888671875 0.0303955078125
0.3157958984375 -0.1474609375 0.233901977539063 -0.066192626953125
0.122207641601563 -0.266128540039063 0.126976013183594 -0.0718841552734375
-0.112045288085938 -0.279464721679688 0.0706558227539063 -0.0485458374023438
-0.223220825195313 -0.172897338867187 0.0818557739257812 -0.00699615478515626
-0.220779418945313 -0.145050048828125 0.126785278320313 0.0250091552734375
-0.265151977539063 -0.155136108398437 0.185501098632812 0.06048583984375
-0.226547241210937 -0.213638305664063 0.157089233398438 0.137649536132813
-0.077056884765625 -0.30267333984375 0.11480712890625 0.1910400390625
0.098663330078125 -0.294342041015625 -0.0023040771484375 0.16864013671875
0.334197998046875 -0.09332275390625 -0.0950164794921875 0.0851593017578125
0.365509033203125 0.1220703125 0.0379600524902344 -0.0189476013183594
0.236572265625 0.284423828125 0.22265625 0.188705444335938
-0.03253173828125 0.252670288085938 0.43328857421875 0.164337158203125
0.0795440673828125 0.248687744140625 0.42431640625 0.18438720703125
0.200393676757813 0.152923583984375 0.29071044921875 0.054168701171875
0.225326538085938 -0.044403076171875 0.213531494140625 -0.0066986083984375
0.1103515625 -0.159713745117188 0.135902404785156 -0.00712585449218751
-0.0567779541015625 -0.199615478515625 0.127403259277344 0.00879669189453124
-0.144454956054688 -0.133682250976563 0.165298461914062 0.0254058837890625
-0.149917602539063 -0.112716674804688 0.208770751953125 0.03887939453125
-0.187057495117188 -0.125289916992188 0.26434326171875 0.0819091796875
-0.162200927734375 -0.169235229492188 0.226287841796875 0.17791748046875
-0.0424957275390625 -0.237991333007813 0.151214599609375 0.23516845703125
0.099517822265625 -0.217620849609375 0.00576782226562503 0.208206176757813
0.273468017578125 -0.0272979736328125 -0.0879287719726562 0.103324890136719
0.24822998046875 0.163650512695313 0.08258056640625 0.0205612182617188
0.08758544921875 0.268096923828125 0.263824462890625 0.293609619140625
0.069549560546875 -0.166488647460938 -0.31170654296875 -0.303009033203125
-0.118362426757812 -0.144699096679688 -0.0978240966796875 -0.0735549926757813
-0.152603149414063 0.0151519775390625 0.0856704711914062 -0.11865234375
-0.07623291015625 0.118545532226563 0.00910949707031248 -0.275100708007813
0.0237960815429688 0.125556945800781 -0.174163818359375 -0.268142700195313
0.0960540771484375 0.0849227905273437 -0.3193359375 -0.164337158203125
0.0820999145507813 0.0549774169921875 -0.344940185546875 -0.051483154296875
0.06280517578125 0.0713577270507813 -0.275619506835937 -0.00997924804687499
0.0584335327148438 0.0887832641601563 -0.221084594726562 -0.00811767578125002
-0.00868225097656249 0.0981216430664063 -0.174468994140625 -0.0130462646484375
-0.089935302734375 0.0589599609375 -0.159164428710938 -0.00534057617187502
-0.114082336425781 -0.0455169677734375 -0.20306396484375 -0.014312744140625
-0.0341033935546875 -0.16717529296875 -0.296539306640625 -0.065032958984375
0.086456298828125 -0.192047119140625 -0.425933837890625 -0.137939453125
0.178192138671875 -0.13330078125 -0.4188232421875 -0.18634033203125
0.23748779296875 -0.0689849853515625 -0.253265380859375 -0.3624267578125
0.05535888671875 -0.14263916015625 -0.0613784790039062 -0.110580444335938
-0.0179100036621094 -0.0651321411132813 0.113166809082031 -0.138221740722656
-0.0306644439697266 -0.0137462615966797 0.03106689453125 -0.309783935546875
-0.0105714797973633 0.0071563720703125 -0.16265869140625 -0.304962158203125
-0.00524139404296875 0.00214815139770508 -0.32952880859375 -0.194549560546875
-0.0371322631835938 0.0138626098632812 -0.360748291015625 -0.061798095703125
-0.0474662780761719 0.0212326049804687 -0.28375244140625 -0.00613403320312505
-0.0616645812988281 0.0267257690429688 -0.223800659179688 -0.00875854492187503
-0.092803955078125 -0.00428771972656248 -0.181777954101562 -0.0132598876953125
-0.0936431884765625 -0.0728988647460938 -0.14404296875 0.000961303710937479
-0.0399932861328125 -0.153854370117188 -0.173416137695313 -0.00350952148437499
0.118133544921875 -0.180953979492187 -0.26068115234375 -0.026214599609375
0.255157470703125 -0.1400146484375 -0.372161865234375 -0.102783203125
0.324859619140625 -0.029083251953125 -0.349822998046875 -0.180633544921875
0.372406005859375 0.057586669921875 -0.138214111328125 -0.3753662109375
0.236923217773438 -0.094268798828125 0.0193252563476563 -0.128669738769531
0.153167724609375 -0.125335693359375 0.163040161132813 -0.149032592773438
0.0456695556640625 -0.154129028320313 0.07269287109375 -0.327178955078125
-0.0268325805664062 -0.1279296875 -0.121917724609375 -0.32061767578125
-0.100418090820312 -0.0937042236328125 -0.298248291015625 -0.212249755859375
-0.150421142578125 -0.037078857421875 -0.332611083984375 -0.0704650878906249
-0.150482177734375 -0.02874755859375 -0.250946044921875 -0.00381469726562495
-0.175079345703125 -0.0316619873046875 -0.18572998046875 -0.000595092773437503
-0.174697875976563 -0.091064453125 -0.15399169921875 0.00573730468749997
-0.11102294921875 -0.184539794921875 -0.108444213867187 0.031280517578125
0.000640869140625019 -0.250381469726562 -0.136566162109375 0.0268173217773438
0.227981567382813 -0.212020874023438 -0.220611572265625 0.0196380615234375
0.380157470703125 -0.1119384765625 -0.29888916015625 -0.0672607421875001
0.42523193359375 0.053253173828125 -0.244400024414062 -0.13995361328125
0.447296142578125 0.18896484375 0.015380859375 -0.33367919921875
0.388946533203125 -0.002410888671875 0.13372802734375 -0.114265441894531
0.32611083984375 -0.140289306640625 0.2261962890625 -0.13812255859375
0.148880004882813 -0.26751708984375 0.130126953125 -0.312591552734375
-0.0184783935546875 -0.254898071289063 -0.0567626953125 -0.306488037109375
-0.173904418945313 -0.190628051757813 -0.226730346679687 -0.209259033203125
-0.241424560546875 -0.0878143310546875 -0.259429931640625 -0.0726776123046875
-0.230712890625 -0.074920654296875 -0.181442260742188 -0.000137329101562499
-0.266006469726563 -0.0765991210937501 -0.1116943359375 0.00845336914062498
-0.243270874023438 -0.15069580078125 -0.0937957763671875 0.0351181030273438
-0.137954711914063 -0.26617431640625 -0.0537033081054688 0.0685806274414062
0.01617431640625 -0.322235107421875 -0.0940780639648438 0.0628585815429687
0.294464111328125 -0.23809814453125 -0.17803955078125 0.0533905029296875
0.4520263671875 -0.0916748046875 -0.211883544921875 -0.046600341796875
0.469268798828125 0.11773681640625 -0.117103576660156 -0.08074951171875
0.437774658203125 0.29248046875 0.182159423828125 -0.237701416015625
0.4569091796875 0.1124267578125 0.263748168945313 -0.0640869140625
0.447906494140625 -0.096588134765625 0.282470703125 -0.100830078125
0.251617431640625 -0.314727783203125 0.1890869140625 -0.257110595703125
0.018646240234375 -0.33489990234375 0.0200042724609375 -0.252105712890625
-0.2049560546875 -0.263458251953125 -0.126556396484375 -0.178115844726563
-0.28936767578125 -0.128204345703125 -0.15203857421875 -0.0628509521484375
-0.276519775390625 -0.107254028320313 -0.0839996337890625 0.00292205810546876
-0.3203125 -0.1080322265625 -0.0138835906982422 0.0191669464111328
-0.286224365234375 -0.18365478515625 -0.00946044921875001 0.0630569458007813
-0.151641845703125 -0.312255859375 0.0129928588867187 0.105010986328125
0.026519775390625 -0.35614013671875 -0.0500259399414063 0.0988693237304687
0.328948974609375 -0.23614501953125 -0.139396667480469 0.0737152099609375
0.4736328125 -0.054656982421875 -0.12420654296875 -0.042510986328125
0.45538330078125 0.173553466796875 0.0193614959716797 -0.0128936767578125
0.344451904296875 0.346527099609375 0.327239990234375 -0.108123779296875
0.418243408203125 0.21197509765625 0.3719482421875 0.014923095703125
0.470245361328125 -0.00836181640625 0.319366455078125 -0.047210693359375
0.310546875 -0.27996826171875 0.223724365234375 -0.17376708984375
0.06268310546875 -0.344146728515625 0.0834197998046875 -0.172225952148438
-0.193267822265625 -0.2926025390625 -0.021942138671875 -0.122161865234375
-0.2896728515625 -0.150970458984375 -0.0314865112304688 -0.0427093505859375
-0.276702880859375 -0.123016357421875 0.0258960723876953 0.00537490844726562
-0.326141357421875 -0.123809814453125 0.0927886962890625 0.0287857055664062
-0.28851318359375 -0.19488525390625 0.0829925537109375 0.0943527221679687
-0.144134521484375 -0.3212890625 0.080108642578125 0.142974853515625
0.044891357421875 -0.35003662109375 -0.01348876953125 0.132987976074219
0.341766357421875 -0.19915771484375 -0.110366821289062 0.0846405029296875
0.446533203125 0.006195068359375 -0.0402450561523437 -0.0413780212402344
0.3861083984375 0.226776123046875 0.143218994140625 0.0676422119140625
0.186767578125 0.330078125 0.422088623046875 0.02117919921875
0.2894287109375 0.255828857421875 0.43511962890625 0.093353271484375
0.38238525390625 0.076690673828125 0.3214111328125 0.002838134765625
0.29742431640625 -0.188720703125 0.231277465820313 -0.0890045166015625
0.088348388671875 -0.283203125 0.122360229492188 -0.08544921875
-0.148239135742187 -0.266448974609375 0.0663337707519531 -0.0601692199707031
-0.244232177734375 -0.144607543945312 0.0819320678710937 -0.0162353515625
-0.238311767578125 -0.117050170898438 0.130203247070312 0.0133743286132812
-0.284637451171875 -0.120513916015625 0.194076538085937 0.040283203125
-0.252548217773438 -0.183303833007813 0.172760009765625 0.123260498046875
-0.115325927734375 -0.29449462890625 0.137176513671875 0.181228637695313
0.06268310546875 -0.3084716796875 0.01318359375 0.1688232421875
0.324798583984375 -0.136505126953125 -0.0908584594726562 0.0949783325195312
0.378753662109375 0.0753173828125 0.0305767059326172 -0.0247745513916016
0.270919799804688 0.258255004882813 0.241958618164063 0.163665771484375
0.000717163085937498 0.255142211914062 0.45440673828125 0.119537353515625
0.112060546875 0.238479614257812 0.446136474609375 0.143707275390625
0.220626831054688 0.126205444335938 0.299102783203125 0.029815673828125
0.21783447265625 -0.0746307373046875 0.218826293945313 -0.0260162353515625
0.089385986328125 -0.173873901367188 0.139389038085938 -0.0211944580078125
-0.0837249755859375 -0.192138671875 0.130462646484375 -0.00973510742187501
-0.160659790039062 -0.115127563476562 0.168960571289063 0.00465393066406249
-0.162567138671875 -0.09375 0.212188720703125 0.016571044921875
-0.202041625976563 -0.1004638671875 0.274322509765625 0.0535736083984375
-0.1827392578125 -0.147796630859375 0.24725341796875 0.155471801757813
-0.0739288330078125 -0.231674194335938 0.178253173828125 0.219940185546875
0.0722198486328125 -0.229446411132813 0.027435302734375 0.208892822265625
0.270233154296875 -0.0628204345703125 -0.08087158203125 0.113410949707031
0.267745971679688 0.131210327148438 0.0795440673828125 0.00899505615234376
0.118972778320312 0.257049560546875 0.296905517578125 0.2630615234375
0.0492401123046875 -0.168975830078125 -0.336822509765625 -0.26068115234375
-0.132591247558594 -0.126113891601563 -0.103370666503906 -0.058441162109375
-0.144744873046875 0.0299072265625 0.0767822265625 -0.122734069824219
-0.0581207275390625 0.123146057128906 -0.01519775390625 -0.270736694335937
0.0383834838867188 0.117027282714844 -0.1961669921875 -0.245574951171875
0.10150146484375 0.0709991455078125 -0.327911376953125 -0.126739501953125
0.084075927734375 0.04132080078125 -0.3408203125 -0.014678955078125
0.0701980590820313 0.0610733032226563 -0.267303466796875 0.020965576171875
0.0653533935546875 0.0794830322265625 -0.215362548828125 0.0160064697265625
0.00298309326171876 0.0943450927734375 -0.172027587890625 0.00755310058593748
-0.0776519775390625 0.0662078857421875 -0.159133911132813 0.0123138427734375
-0.115135192871094 -0.029632568359375 -0.205810546875 0.00651550292968747
-0.0513763427734375 -0.155532836914063 -0.29681396484375 -0.0394897460937499
0.063232421875 -0.19183349609375 -0.430633544921875 -0.0968017578125001
0.159286499023438 -0.146591186523438 -0.43212890625 -0.142059326171875
0.22259521484375 -0.08782958984375 -0.28814697265625 -0.32647705078125
0.036773681640625 -0.142349243164063 -0.0724334716796875 -0.0972976684570313
-0.0194969177246094 -0.0638809204101563 0.0996246337890625 -0.146331787109375
-0.0281124114990234 -0.0119209289550781 0.00100708007812498 -0.30511474609375
-0.00980281829833984 0.00454330444335938 -0.18560791015625 -0.28216552734375
-0.00783014297485352 -0.000414848327636719 -0.339019775390625 -0.155120849609375
-0.0365104675292969 0.0131950378417969 -0.356201171875 -0.021514892578125
-0.0419044494628906 0.0233955383300781 -0.273834228515625 0.0236663818359375
-0.0576019287109375 0.0317802429199219 -0.217880249023438 0.018524169921875
-0.0886383056640625 0.00679779052734376 -0.178573608398438 0.0115814208984375
-0.0976715087890625 -0.0601272583007813 -0.14349365234375 0.020050048828125
-0.0522918701171875 -0.144424438476563 -0.177749633789063 0.0124664306640625
0.095977783203125 -0.187820434570313 -0.2591552734375 -0.00701904296875004
0.2342529296875 -0.161026000976563 -0.37554931640625 -0.0686950683593751
0.31451416015625 -0.060638427734375 -0.365447998046875 -0.14453125
0.368072509765625 0.02020263671875 -0.17755126953125 -0.350372314453125
0.221298217773438 -0.115921020507813 0.00508880615234378 -0.122016906738281
0.138298034667969 -0.1380615234375 0.148193359375 -0.158966064453125
0.029693603515625 -0.156875610351563 0.04071044921875 -0.324920654296875
-0.0401153564453125 -0.12298583984375 -0.149261474609375 -0.302001953125
-0.111640930175781 -0.0810699462890625 -0.311981201171875 -0.175323486328125
-0.154037475585938 -0.021026611328125 -0.32928466796875 -0.0318603515625
-0.150650024414063 -0.013427734375 -0.243087768554687 0.02557373046875
-0.1748046875 -0.010589599609375 -0.179122924804688 0.021514892578125
-0.17950439453125 -0.06915283203125 -0.150238037109375 0.0298614501953125
-0.128753662109375 -0.167327880859375 -0.107276916503906 0.0467147827148437
-0.025970458984375 -0.244857788085938 -0.14007568359375 0.0407562255859375
0.2015380859375 -0.230270385742188 -0.217269897460938 0.0357208251953125
0.3575439453125 -0.149658203125 -0.3009033203125 -0.04083251953125
0.422332763671875 0.010101318359375 -0.260284423828125 -0.113250732421875
0.4586181640625 0.137359619140625 -0.0237121582031249 -0.324859619140625
0.377685546875 -0.04510498046875 0.120445251464844 -0.123336791992187
0.306915283203125 -0.175018310546875 0.209121704101563 -0.15301513671875
0.118255615234375 -0.27911376953125 0.098052978515625 -0.31829833984375
-0.0442352294921875 -0.247512817382812 -0.084075927734375 -0.2939453125
-0.190658569335938 -0.167617797851563 -0.240020751953125 -0.181869506835937
-0.244583129882812 -0.0600128173828125 -0.25982666015625 -0.041961669921875
-0.234298706054688 -0.0469207763671875 -0.175247192382813 0.0204925537109375
-0.267608642578125 -0.042877197265625 -0.106361389160156 0.0229034423828125
-0.255416870117188 -0.119903564453125 -0.0879974365234375 0.0484542846679687
-0.166015625 -0.24664306640625 -0.0467758178710938 0.0768814086914062
-0.0198974609375 -0.31927490234375 -0.0925216674804687 0.0734939575195313
0.262237548828125 -0.26434326171875 -0.175338745117187 0.0667724609375
0.430755615234375 -0.137176513671875 -0.216995239257812 -0.0283966064453125
0.4716796875 0.0684814453125 -0.128974914550781 -0.068939208984375
0.459259033203125 0.241455078125 0.150909423828125 -0.253265380859375
0.4598388671875 0.060638427734375 0.249771118164063 -0.0847930908203125
0.4281005859375 -0.14154052734375 0.2733154296875 -0.12066650390625
0.210845947265625 -0.334228515625 0.160858154296875 -0.270248413085938
-0.020721435546875 -0.32928466796875 -0.00314331054687501 -0.248260498046875
-0.230819702148437 -0.234573364257813 -0.142410278320313 -0.162063598632813
-0.297088623046875 -0.094207763671875 -0.153793334960938 -0.044769287109375
-0.28131103515625 -0.07611083984375 -0.0804290771484375 0.0146026611328125
-0.325653076171875 -0.067108154296875 -0.00938415527343752 0.0234012603759766
-0.29949951171875 -0.146697998046875 -0.00141906738281252 0.0689697265625
-0.1844482421875 -0.290008544921875 0.022369384765625 0.106201171875
-0.01324462890625 -0.351593017578125 -0.0460662841796875 0.101402282714844
0.297149658203125 -0.269195556640625 -0.13427734375 0.0839920043945313
0.455413818359375 -0.107086181640625 -0.130096435546875 -0.030731201171875
0.46649169921875 0.12469482421875 0.0121603012084961 -0.0136804580688476
0.372802734375 0.303009033203125 0.30816650390625 -0.1409912109375
0.42974853515625 0.163055419921875 0.363250732421875 -0.01934814453125
0.458831787109375 -0.060699462890625 0.308319091796875 -0.07281494140625
0.27447509765625 -0.311187744140625 0.206954956054688 -0.190460205078125
0.0233154296875 -0.346038818359375 0.0672607421875 -0.17462158203125
-0.223861694335938 -0.2669677734375 -0.0337448120117188 -0.119026184082031
-0.29888916015625 -0.11456298828125 -0.0354194641113281 -0.0371513366699219
-0.285247802734375 -0.08905029296875 0.0273265838623047 0.00815391540527343
-0.333953857421875 -0.084259033203125 0.0915756225585938 0.019622802734375
-0.30499267578125 -0.1568603515625 0.0911636352539062 0.08892822265625
-0.176971435546875 -0.29638671875 0.09344482421875 0.134712219238281
0.00256347656249998 -0.35101318359375 -0.00484466552734376 0.132461547851562
0.310760498046875 -0.23236083984375 -0.102920532226563 0.09320068359375
0.437225341796875 -0.04583740234375 -0.0484619140625 -0.03778076171875
0.40093994140625 0.183074951171875 0.142868041992188 0.0525360107421875
0.221160888671875 0.29925537109375 0.415252685546875 -0.021026611328125
0.31085205078125 0.216278076171875 0.436065673828125 0.051849365234375
0.3822021484375 0.031463623046875 0.315643310546875 -0.024749755859375
0.268936157226563 -0.219833374023438 0.22137451171875 -0.104507446289063
0.05511474609375 -0.28466796875 0.112205505371094 -0.0954818725585938
-0.177536010742188 -0.241546630859375 0.0596237182617187 -0.0686759948730469
-0.252792358398438 -0.11279296875 0.0780715942382812 -0.023193359375
-0.24462890625 -0.0897369384765625 0.12774658203125 0.00205993652343749
-0.29388427734375 -0.08428955078125 0.192123413085937 0.023162841796875
-0.26727294921875 -0.147018432617188 0.1826171875 0.10589599609375
-0.146896362304688 -0.2769775390625 0.153350830078125 0.16461181640625
0.02685546875 -0.30963134765625 0.027099609375 0.164306640625
0.30084228515625 -0.172332763671875 -0.0858917236328125 0.101791381835937
0.37774658203125 0.031005859375 0.0230846405029297 -0.0291194915771484
0.293121337890625 0.222991943359375 0.249038696289063 0.134490966796875
0.0325927734375 0.244979858398437 0.45953369140625 0.071563720703125
0.138092041015625 0.217864990234375 0.452423095703125 0.099365234375
0.228164672851563 0.100753784179688 0.29962158203125 0.00375366210937501
0.200302124023438 -0.099151611328125 0.212387084960938 -0.0429840087890625
0.0634765625 -0.179794311523438 0.137619018554688 -0.0366744995117188
-0.106048583984375 -0.177734375 0.126060485839844 -0.0240859985351563
-0.168533325195313 -0.092132568359375 0.16546630859375 -0.0111236572265625
-0.168502807617188 -0.0715179443359375 0.207870483398438 -0.00250244140625
-0.20892333984375 -0.0737152099609375 0.274002075195313 0.0243072509765625
-0.193771362304688 -0.119964599609375 0.256210327148438 0.124954223632813
-0.0962066650390625 -0.216293334960938 0.1949462890625 0.195816040039062
0.0432891845703125 -0.232757568359375 0.0462188720703125 0.2015380859375
0.256927490234375 -0.0928497314453125 -0.0725860595703125 0.118400573730469
0.2711181640625 0.0970306396484375 0.075286865234375 0.00235748291015626
0.144607543945313 0.237808227539063 0.31787109375 0.223846435546875
0.031463623046875 -0.16375732421875 -0.349822998046875 -0.222503662109375
-0.136329650878906 -0.108970642089844 -0.102813720703125 -0.0422134399414063
-0.135299682617188 0.0422439575195312 0.069183349609375 -0.124900817871094
-0.0443191528320313 0.122314453125 -0.035247802734375 -0.263946533203125
0.0479583740234375 0.10833740234375 -0.207382202148438 -0.224960327148438
0.104080200195313 0.0576095581054688 -0.32635498046875 -0.0986328125000001
0.0848312377929688 0.0329208374023438 -0.331451416015625 0.013580322265625
0.0744400024414063 0.0507431030273437 -0.255340576171875 0.0413665771484375
0.0712738037109375 0.0673446655273438 -0.20660400390625 0.035308837890625
0.0127944946289062 0.0877304077148437 -0.1654052734375 0.0223846435546875
-0.06640625 0.0700035095214844 -0.157669067382812 0.029296875
-0.110847473144531 -0.0180587768554688 -0.203826904296875 0.021453857421875
-0.06219482421875 -0.143707275390625 -0.292816162109375 -0.022125244140625
0.043792724609375 -0.188812255859375 -0.425384521484375 -0.0668640136718751
0.142913818359375 -0.154617309570313 -0.433319091796875 -0.1090087890625
0.2083740234375 -0.102874755859375 -0.30731201171875 -0.2891845703125
0.02471923828125 -0.1385498046875 -0.0779876708984375 -0.0845489501953125
-0.0222702026367188 -0.0584373474121094 0.0918426513671875 -0.147232055664063
-0.0276107788085937 -0.0114269256591797 -0.02056884765625 -0.298431396484375
-0.00713348388671875 0.00346231460571289 -0.200775146484375 -0.258819580078125
-0.0084075927734375 0.000765323638916016 -0.340850830078125 -0.12322998046875
-0.0363311767578125 0.015869140625 -0.346649169921875 0.00952148437499993
-0.0399627685546875 0.0256843566894531 -0.262557983398438 0.0472564697265626
-0.0535087585449219 0.033935546875 -0.2076416015625 0.0380859375
-0.0858917236328125 0.011505126953125 -0.171966552734375 0.0283966064453125
-0.0967559814453125 -0.052032470703125 -0.141677856445313 0.035491943359375
-0.0620269775390625 -0.134819030761719 -0.178298950195312 0.0281219482421875
0.0785675048828125 -0.186553955078125 -0.256240844726563 0.00907897949218746
0.212570190429687 -0.17236328125 -0.371612548828125 -0.0434875488281251
0.30035400390625 -0.082977294921875 -0.36993408203125 -0.1124267578125
0.358978271484375 -0.009735107421875 -0.203582763671875 -0.32452392578125
0.203369140625 -0.127334594726563 -0.00618743896484373 -0.116058349609375
0.125946044921875 -0.14678955078125 0.136459350585938 -0.163894653320313
0.0160675048828125 -0.156021118164063 0.017730712890625 -0.319244384765625
-0.0494232177734375 -0.11981201171875 -0.165634155273437 -0.280868530273438
-0.116706848144531 -0.0707321166992187 -0.314300537109375 -0.14666748046875
-0.151885986328125 -0.00933837890625001 -0.32049560546875 -0.00381469726562494
-0.14654541015625 -0.00219726562499997 -0.230514526367187 0.046844482421875
-0.1708984375 0.00357055664062502 -0.171005249023438 0.0386199951171875
-0.180084228515625 -0.05169677734375 -0.1412353515625 0.04425048828125
-0.13885498046875 -0.15277099609375 -0.10211181640625 0.057952880859375
-0.0439605712890625 -0.23583984375 -0.140914916992188 0.0521392822265625
0.176055908203125 -0.238327026367188 -0.2127685546875 0.0472412109375
0.335174560546875 -0.1728515625 -0.29901123046875 -0.02105712890625
0.410888671875 -0.022857666015625 -0.26605224609375 -0.0911102294921875
0.453826904296875 0.097015380859375 -0.053070068359375 -0.31109619140625
0.360748291015625 -0.070892333984375 0.104339599609375 -0.123565673828125
0.283721923828125 -0.19305419921875 0.19659423828125 -0.1607666015625
0.091217041015625 -0.2830810546875 0.076080322265625 -0.313873291015625
-0.0643157958984375 -0.238128662109375 -0.10107421875 -0.276779174804688
-0.203201293945312 -0.14556884765625 -0.2464599609375 -0.156982421875
-0.244400024414063 -0.0378570556640625 -0.253250122070313 -0.0181121826171875
-0.2315673828125 -0.027587890625 -0.164932250976563 0.037353515625
-0.265518188476563 -0.0195465087890625 -0.101142883300781 0.035491943359375
-0.257369995117187 -0.091064453125 -0.0795364379882813 0.0614166259765625
-0.18255615234375 -0.224411010742188 -0.0410079956054688 0.08282470703125
-0.0465087890625 -0.307861328125 -0.093048095703125 0.0803909301757812
0.23291015625 -0.278564453125 -0.169784545898437 0.0760650634765625
0.40576171875 -0.170257568359375 -0.217025756835937 -0.014007568359375
0.465423583984375 0.02947998046875 -0.136100769042969 -0.0555648803710938
0.466094970703125 0.197357177734375 0.122817993164063 -0.252609252929688
0.447174072265625 0.023162841796875 0.23175048828125 -0.0987701416015625
0.40521240234375 -0.173797607421875 0.256927490234375 -0.135467529296875
0.17608642578125 -0.345245361328125 0.139022827148438 -0.270477294921875
-0.046051025390625 -0.31884765625 -0.0211334228515625 -0.238800048828125
-0.246841430664062 -0.206573486328125 -0.149810791015625 -0.146759033203125
-0.297119140625 -0.0659790039062501 -0.151931762695313 -0.0284881591796875
-0.278564453125 -0.048736572265625 -0.0737686157226563 0.0240859985351562
-0.322998046875 -0.0369873046875 -0.00773048400878908 0.0265045166015625
-0.30303955078125 -0.11334228515625 0.00611877441406249 0.0722808837890625
-0.2061767578125 -0.265182495117188 0.0305023193359375 0.104545593261719
-0.045928955078125 -0.34210205078125 -0.0433883666992188 0.106002807617187
0.264556884765625 -0.28656005859375 -0.130096435546875 0.0903396606445313
0.431884765625 -0.142425537109375 -0.133033752441406 -0.0236587524414063
0.463775634765625 0.0848388671875 0.00575542449951175 -0.0147314071655273
0.3909912109375 0.261077880859375 0.28350830078125 -0.1575927734375
0.429473876953125 0.121368408203125 0.347808837890625 -0.045135498046875
0.441558837890625 -0.096771240234375 0.295989990234375 -0.08941650390625
0.237060546875 -0.3240966796875 0.187911987304688 -0.196563720703125
-0.00796508789062502 -0.33599853515625 0.0542449951171875 -0.174301147460938
-0.242050170898437 -0.234786987304688 -0.0418701171875 -0.114006042480469
-0.30242919921875 -0.0841064453125 -0.0358238220214844 -0.0321617126464844
-0.284393310546875 -0.059967041015625 0.0272083282470703 0.00988006591796875
-0.331298828125 -0.0489501953125 0.0937652587890625 0.0153045654296875
-0.309722900390625 -0.12188720703125 0.098876953125 0.0829925537109375
-0.20196533203125 -0.273971557617187 0.101959228515625 0.125724792480469
-0.02886962890625 -0.340362548828125 0.000701904296875012 0.131889343261719
0.2823486328125 -0.25469970703125 -0.100776672363281 0.0985946655273438
0.4180908203125 -0.08062744140625 -0.0546913146972656 -0.0332069396972656
0.40582275390625 0.14306640625 0.140556335449219 0.038482666015625
0.239669799804688 0.271133422851563 0.400421142578125 -0.05072021484375
0.316802978515625 0.182952880859375 0.42462158203125 0.019134521484375
0.37359619140625 -0.00177001953125 0.308319091796875 -0.04150390625
0.240081787109375 -0.235504150390625 0.21038818359375 -0.116744995117188
0.02642822265625 -0.2821044921875 0.106765747070313 -0.102165222167969
-0.193511962890625 -0.215255737304687 0.0520172119140625 -0.0712814331054688
-0.256820678710937 -0.0867156982421875 0.0740432739257812 -0.0277938842773438
-0.245407104492188 -0.06329345703125 0.124214172363281 -0.00530242919921875
-0.291748046875 -0.055450439453125 0.188949584960938 0.006103515625
-0.272781372070312 -0.117752075195312 0.186721801757812 0.092041015625
-0.168258666992187 -0.254196166992188 0.162689208984375 0.149551391601562
-0.00274658203125001 -0.30096435546875 0.033966064453125 0.160049438476563
0.277786254882813 -0.192855834960938 -0.0778274536132812 0.107589721679688
0.367095947265625 -0.00384521484375 0.0153045654296875 -0.0290374755859375
0.30328369140625 0.194061279296875 0.25115966796875 0.108810424804688
0.0546722412109375 0.2315673828125 0.451934814453125 0.03533935546875
0.149688720703125 0.196609497070313 0.446441650390625 0.062957763671875
0.231155395507813 0.074798583984375 0.293243408203125 -0.013702392578125
0.18487548828125 -0.114837646484375 0.209396362304687 -0.05792236328125
0.04583740234375 -0.179000854492188 0.132972717285156 -0.047210693359375
-0.11920166015625 -0.156280517578125 0.119346618652344 -0.0364227294921875
-0.1727294921875 -0.07147216796875 0.158905029296875 -0.02581787109375
-0.169601440429687 -0.0545501708984375 0.20172119140625 -0.0204315185546875
-0.20947265625 -0.0522918701171875 0.265899658203125 0.0024261474609375
-0.199432373046875 -0.0979156494140625 0.260528564453125 0.106048583984375
-0.116104125976563 -0.203170776367188 0.206924438476563 0.178009033203125
0.0212860107421875 -0.230072021484375 0.05535888671875 0.193008422851562
0.23822021484375 -0.112899780273437 -0.06573486328125 0.122154235839844
0.270187377929688 0.068267822265625 0.0673828125 -0.00612258911132812
0.159530639648437 0.219680786132813 0.32171630859375 0.19049072265625
0.0203857421875 -0.1593017578125 -0.35748291015625 -0.192352294921875
-0.140541076660156 -0.0952835083007812 -0.101112365722656 -0.029998779296875
-0.127273559570313 0.0495147705078125 0.0650405883789063 -0.126457214355469
-0.0329971313476562 0.12139892578125 -0.0491180419921875 -0.257980346679688
0.0544281005859375 0.0994873046875 -0.216415405273438 -0.21002197265625
0.105056762695313 0.0482101440429688 -0.324676513671875 -0.077056884765625
0.08453369140625 0.0243148803710938 -0.322509765625 0.0347595214843749
0.0769119262695313 0.0418319702148438 -0.2470703125 0.056365966796875
0.0754928588867187 0.0592422485351562 -0.1988525390625 0.0497894287109375
0.0193328857421875 0.0823745727539062 -0.1610107421875 0.0336151123046875
-0.0573348999023438 0.071929931640625 -0.15545654296875 0.0406951904296875
-0.107215881347656 -0.00928497314453125 -0.20355224609375 0.0341949462890625
-0.0687332153320313 -0.133499145507813 -0.290557861328125 -0.010040283203125
0.0309295654296875 -0.18597412109375 -0.42242431640625 -0.0449829101562501
0.1292724609375 -0.16107177734375 -0.436004638671875 -0.0828552246093751
0.197799682617188 -0.11065673828125 -0.321014404296875 -0.261322021484375
0.015533447265625 -0.134773254394531 -0.0799179077148438 -0.073944091796875
-0.0231819152832031 -0.0566825866699219 0.0865325927734375 -0.148788452148438
-0.0262660980224609 -0.0113849639892578 -0.03662109375 -0.291717529296875
-0.00690984725952148 0.000569343566894531 -0.210769653320313 -0.242767333984375
-0.00960540771484375 9.82284545898432E-05 -0.339202880859375 -0.09954833984375
-0.0362663269042969 0.0169029235839844 -0.337249755859375 0.03167724609375
-0.0364723205566406 0.0264549255371094 -0.251129150390625 0.0638580322265626
-0.0496063232421875 0.035552978515625 -0.199813842773438 0.0530242919921875
-0.08209228515625 0.0146026611328125 -0.1656494140625 0.0411376953125
-0.0964736938476562 -0.0454559326171875 -0.138786315917969 0.0472869873046875
-0.0671463012695312 -0.128166198730469 -0.178802490234375 0.0388946533203125
0.0666961669921875 -0.184616088867188 -0.253997802734375 0.0183258056640625
0.196426391601562 -0.180282592773437 -0.370849609375 -0.0259704589843751
0.28936767578125 -0.100189208984375 -0.37420654296875 -0.09039306640625
0.351593017578125 -0.030120849609375 -0.2236328125 -0.30120849609375
0.190444946289063 -0.135513305664063 -0.013092041015625 -0.1090087890625
0.116119384765625 -0.152206420898438 0.129409790039063 -0.16571044921875
0.00711059570312499 -0.156646728515625 0.000762939453124991 -0.314239501953125
-0.0561981201171875 -0.116485595703125 -0.175811767578125 -0.264923095703125
-0.121841430664063 -0.0607223510742187 -0.315673828125 -0.124114990234375
-0.151611328125 0.00108337402343748 -0.312408447265625 0.018096923828125
-0.143905639648438 0.0072021484375 -0.220123291015625 0.0613555908203125
-0.167816162109375 0.0152587890625 -0.16357421875 0.05218505859375
-0.179290771484375 -0.0374755859375 -0.133415222167969 0.056884765625
-0.146743774414063 -0.141799926757813 -0.0975570678710938 0.067718505859375
-0.0587005615234375 -0.228179931640625 -0.141769409179688 0.061553955078125
0.15875244140625 -0.243865966796875 -0.211441040039062 0.0548858642578125
0.317840576171875 -0.1898193359375 -0.2987060546875 -0.00671386718750007
0.4033203125 -0.046905517578125 -0.2713623046875 -0.0723724365234374
0.451995849609375 0.067535400390625 -0.074188232421875 -0.29998779296875
0.34661865234375 -0.091064453125 0.0933074951171875 -0.122825622558594
0.267257690429688 -0.20794677734375 0.18768310546875 -0.166824340820313
0.070159912109375 -0.285064697265625 0.059112548828125 -0.311309814453125
-0.0795135498046875 -0.230850219726563 -0.112655639648438 -0.265640258789063
-0.210769653320313 -0.127487182617188 -0.250823974609375 -0.138687133789063
-0.244491577148438 -0.0206756591796875 -0.247390747070313 -0.000244140625000017
-0.228378295898437 -0.0106353759765625 -0.156341552734375 0.0511627197265625
-0.262008666992188 -0.00016784667968754 -0.0949859619140625 0.0440673828125
-0.258438110351563 -0.0698394775390625 -0.070587158203125 0.0701980590820312
-0.19537353515625 -0.207351684570313 -0.0356216430664063 0.0885467529296875
-0.067535400390625 -0.298492431640625 -0.0936050415039063 0.0878448486328125
0.21136474609375 -0.288970947265625 -0.167572021484375 0.08306884765625
0.386016845703125 -0.1929931640625 -0.2177734375 -0.00375366210937497
0.460845947265625 0.00103759765625 -0.141586303710937 -0.0465545654296875
0.468658447265625 0.1639404296875 0.101104736328125 -0.252960205078125
0.436798095703125 -0.00537109375 0.219024658203125 -0.10662841796875
0.388153076171875 -0.196624755859375 0.248306274414063 -0.143310546875
0.148101806640625 -0.35198974609375 0.124313354492188 -0.2708740234375
-0.067840576171875 -0.3111572265625 -0.0305633544921875 -0.232833862304688
-0.258224487304688 -0.18304443359375 -0.154891967773438 -0.134658813476563
-0.29833984375 -0.04327392578125 -0.14935302734375 -0.01715087890625
-0.276657104492188 -0.0279541015625 -0.0687522888183594 0.0322647094726563
-0.31951904296875 -0.0122375488281251 -0.00514602661132815 0.0297660827636719
-0.30517578125 -0.0874023437499999 0.0132675170898437 0.0771102905273438
-0.223098754882812 -0.244461059570313 0.0361175537109375 0.104591369628906
-0.0704345703125 -0.332977294921875 -0.0426788330078125 0.109756469726562
0.2406005859375 -0.299560546875 -0.128349304199219 0.0978240966796875
0.41253662109375 -0.16748046875 -0.138076782226562 -0.0165252685546875
0.461883544921875 0.05511474609375 -0.000318527221679661 -0.0142545700073242
0.399261474609375 0.22943115234375 0.265777587890625 -0.16864013671875
0.42626953125 0.08984375 0.336181640625 -0.0606689453125
0.426727294921875 -0.1240234375 0.288970947265625 -0.100677490234375
0.208160400390625 -0.33447265625 0.177352905273438 -0.200790405273438
-0.031524658203125 -0.3287353515625 0.0457000732421875 -0.172622680664063
-0.253814697265625 -0.210617065429687 -0.0481719970703125 -0.109642028808594
-0.30328369140625 -0.0601806640625001 -0.0366592407226563 -0.0273818969726563
-0.28302001953125 -0.0400390625 0.0288028717041015 0.0101680755615234
-0.32916259765625 -0.0230712890625001 0.0931549072265625 0.0119247436523437
-0.311279296875 -0.095123291015625 0.10406494140625 0.078125
-0.219329833984375 -0.254119873046875 0.107398986816406 0.119483947753906
-0.0550537109375 -0.33160400390625 0.003753662109375 0.131790161132813
0.258758544921875 -0.269577026367188 -0.0974655151367188 0.103691101074219
0.40350341796875 -0.108184814453125 -0.0611000061035156 -0.0305328369140625
0.40911865234375 0.116241455078125 0.135337829589844 0.0295333862304688
0.25433349609375 0.248748779296875 0.388702392578125 -0.072265625
0.321563720703125 0.157684326171875 0.4149169921875 -0.00308227539062499
0.36737060546875 -0.027679443359375 0.30181884765625 -0.054901123046875
0.216262817382813 -0.24847412109375 0.20306396484375 -0.125244140625
0.00520324707031253 -0.27734375 0.100776672363281 -0.105148315429688
-0.206207275390625 -0.194671630859375 0.04669189453125 -0.074066162109375
-0.257736206054688 -0.0645751953125 0.0714874267578125 -0.03204345703125
-0.245697021484375 -0.043548583984375 0.122077941894531 -0.011383056640625
-0.291168212890625 -0.031402587890625 0.185821533203125 -0.00439453125
-0.274856567382813 -0.0936279296875 0.19134521484375 0.0821075439453125
-0.18609619140625 -0.235855102539063 0.16888427734375 0.137939453125
-0.02532958984375 -0.296356201171875 0.039276123046875 0.157394409179687
0.257476806640625 -0.208786010742188 -0.07501220703125 0.1114501953125
0.358001708984375 -0.02996826171875 0.00822257995605471 -0.0306015014648437
0.310272216796875 0.170257568359375 0.251205444335938 0.090484619140625
0.069671630859375 0.220672607421875 0.44879150390625 0.00598144531250001
0.158218383789062 0.181777954101563 0.441650390625 0.0390625
0.230941772460938 0.0554351806640625 0.28997802734375 -0.02532958984375
0.17132568359375 -0.126220703125 0.206695556640625 -0.0672454833984375
0.0302886962890625 -0.177658081054688 0.129722595214844 -0.0545806884765625
-0.128387451171875 -0.141647338867187 0.115325927734375 -0.0444412231445313
-0.173416137695313 -0.0568695068359375 0.154708862304688 -0.0346832275390625
-0.170166015625 -0.0401611328125 0.196792602539063 -0.0299072265625
-0.210052490234375 -0.0346832275390625 0.261947631835937 -0.014007568359375
-0.200714111328125 -0.0802001953125 0.26287841796875 0.0899200439453125
-0.129486083984375 -0.188934326171875 0.215057373046875 0.161788940429688
0.00434875488281252 -0.22637939453125 0.0640411376953125 0.188034057617188
0.22576904296875 -0.126693725585938 -0.0611114501953125 0.124748229980469
0.267257690429688 0.04888916015625 0.0627517700195313 -0.00983428955078125
0.169998168945313 0.204330444335938 0.32781982421875 0.16497802734375
0.0110931396484375 -0.156158447265625 -0.368133544921875 -0.165985107421875
-0.145584106445313 -0.0836334228515625 -0.100296020507813 -0.0193099975585938
-0.121810913085938 0.056396484375 0.0630340576171875 -0.129867553710938
-0.02197265625 0.121498107910156 -0.06292724609375 -0.256134033203125
0.061492919921875 0.0934066772460938 -0.227630615234375 -0.19781494140625
0.10650634765625 0.0390701293945312 -0.326568603515625 -0.0574645996093749
0.0837020874023438 0.0165939331054688 -0.31756591796875 0.054962158203125
0.0799789428710938 0.0338516235351563 -0.240524291992187 0.07171630859375
0.0793914794921875 0.0514984130859375 -0.193557739257812 0.063507080078125
0.02496337890625 0.0787811279296875 -0.158462524414063 0.044281005859375
-0.0498275756835937 0.0732421875 -0.154510498046875 0.0531158447265625
-0.104507446289063 -0.00206756591796874 -0.204833984375 0.0475006103515625
-0.07562255859375 -0.125312805175781 -0.29266357421875 0.00109863281250003
0.01885986328125 -0.184417724609375 -0.425262451171875 -0.02374267578125
0.118072509765625 -0.168777465820313 -0.444305419921875 -0.0584106445312499
0.191162109375 -0.11920166015625 -0.3380126953125 -0.23675537109375
0.00724029541015625 -0.132369995117188 -0.0825653076171875 -0.0641555786132813
-0.024932861328125 -0.0565223693847656 0.0828399658203125 -0.153488159179688
-0.0258712768554687 -0.0112075805664063 -0.052032470703125 -0.289031982421875
-0.00668430328369141 -0.000840663909912109 -0.224258422851562 -0.230316162109375
-0.0107107162475586 0.000796318054199219 -0.3426513671875 -0.077911376953125
-0.0364112854003906 0.0184516906738281 -0.33233642578125 0.05377197265625
-0.0341815948486328 0.0267677307128906 -0.244247436523438 0.08013916015625
-0.0470619201660156 0.0376625061035156 -0.19482421875 0.067352294921875
-0.0798187255859375 0.0190277099609375 -0.161422729492188 0.0543670654296875
-0.0971450805664063 -0.0403518676757812 -0.137474060058594 0.0594940185546875
-0.0738143920898438 -0.123825073242187 -0.18206787109375 0.05181884765625
0.05633544921875 -0.186264038085938 -0.256195068359375 0.0285797119140625
0.184783935546875 -0.190765380859375 -0.375244140625 -0.00778198242187501
0.282196044921875 -0.1165771484375 -0.3834228515625 -0.068115234375
0.349334716796875 -0.049591064453125 -0.243865966796875 -0.282623291015625
0.179962158203125 -0.144973754882813 -0.0197219848632812 -0.103057861328125
0.107879638671875 -0.160385131835938 0.12384033203125 -0.172012329101563
-0.00378417968749999 -0.157760620117188 -0.015869140625 -0.313323974609375
-0.0643997192382813 -0.113273620605469 -0.188995361328125 -0.254730224609375
-0.12677001953125 -0.0520858764648438 -0.32025146484375 -0.103729248046875
-0.152969360351563 0.0111846923828125 -0.307373046875 0.039398193359375
-0.142364501953125 0.01629638671875 -0.212265014648438 0.0772552490234375
-0.166244506835938 0.0269317626953125 -0.157485961914063 0.0648193359375
-0.180496215820313 -0.024566650390625 -0.12725830078125 0.0687255859375
-0.155548095703125 -0.13134765625 -0.0945510864257813 0.0775146484375
-0.0730743408203125 -0.22369384765625 -0.14361572265625 0.0740966796875
0.1435546875 -0.251800537109375 -0.212814331054687 0.064666748046875
0.3038330078125 -0.209075927734375 -0.302978515625 0.00753784179687498
0.39935302734375 -0.07177734375 -0.279693603515625 -0.0559844970703125
0.4547119140625 0.04217529296875 -0.096343994140625 -0.289764404296875
0.337371826171875 -0.110626220703125 0.0839080810546875 -0.122940063476562
0.25543212890625 -0.224899291992188 0.181411743164063 -0.173873901367188
0.05047607421875 -0.28863525390625 0.043304443359375 -0.3123779296875
-0.095489501953125 -0.225067138671875 -0.124862670898437 -0.258193969726563
-0.219802856445312 -0.110870361328125 -0.257339477539063 -0.122406005859375
-0.24615478515625 -0.00280761718750001 -0.244110107421875 0.0175628662109375
-0.228469848632813 0.00456237792968748 -0.149444580078125 0.063201904296875
-0.261734008789063 0.01922607421875 -0.08984375 0.0530014038085938
-0.261810302734375 -0.05072021484375 -0.0630645751953125 0.07879638671875
-0.210739135742187 -0.1922607421875 -0.0310516357421875 0.0946426391601562
-0.089019775390625 -0.292694091796875 -0.09356689453125 0.0978622436523437
0.19232177734375 -0.301116943359375 -0.167724609375 0.091705322265625
0.37158203125 -0.21722412109375 -0.223358154296875 0.00642395019531248
0.460845947265625 -0.027099609375 -0.14862060546875 -0.0367584228515625
0.478424072265625 0.13427734375 0.08148193359375 -0.254989624023438
0.432220458984375 -0.03253173828125 0.209075927734375 -0.114089965820313
0.37567138671875 -0.221893310546875 0.24212646484375 -0.153717041015625
0.12286376953125 -0.361236572265625 0.111495971679688 -0.2763671875
-0.089691162109375 -0.304168701171875 -0.0406951904296875 -0.230758666992188
-0.270599365234375 -0.16290283203125 -0.161331176757813 -0.12445068359375
-0.30096435546875 -0.020843505859375 -0.148895263671875 -0.00529479980468753
-0.27777099609375 -0.007354736328125 -0.063690185546875 0.0394859313964844
-0.31976318359375 0.012664794921875 -0.00137329101562502 0.0326499938964844
-0.309417724609375 -0.0630493164062501 0.0208358764648437 0.07977294921875
-0.242050170898437 -0.22711181640625 0.0421981811523437 0.105506896972656
-0.09478759765625 -0.326873779296875 -0.0405426025390625 0.118080139160156
0.220001220703125 -0.31585693359375 -0.127372741699219 0.106269836425781
0.3994140625 -0.195648193359375 -0.14373779296875 -0.0095062255859375
0.46649169921875 0.027130126953125 -0.00512981414794919 -0.0138797760009766
0.41259765625 0.202850341796875 0.251205444335938 -0.182693481445313
0.42852783203125 0.0633544921875 0.328704833984375 -0.075347900390625
0.420562744140625 -0.1527099609375 0.286285400390625 -0.1121826171875
0.18304443359375 -0.347900390625 0.167465209960938 -0.209716796875
-0.05523681640625 -0.32489013671875 0.0393218994140625 -0.17510986328125
-0.267730712890625 -0.188156127929688 -0.0541152954101563 -0.107063293457031
-0.306549072265625 -0.037567138671875 -0.0370101928710938 -0.0230674743652344
-0.28472900390625 -0.018646240234375 0.0309066772460937 0.0116519927978516
-0.331268310546875 0.00317382812500001 0.09478759765625 0.00762176513671875
-0.317169189453125 -0.0706176757812499 0.111579895019531 0.075775146484375
-0.239822387695312 -0.23614501953125 0.114532470703125 0.114448547363281
-0.080230712890625 -0.326812744140625 0.00746154785156249 0.136810302734375
0.23974609375 -0.28704833984375 -0.095123291015625 0.112052917480469
0.39361572265625 -0.13543701171875 -0.06719970703125 -0.0268287658691406
0.417633056640625 0.090576171875 0.13397216796875 0.0202560424804688
0.269989013671875 0.229049682617188 0.381622314453125 -0.0948486328125
0.330047607421875 0.134796142578125 0.411376953125 -0.02374267578125
0.364105224609375 -0.05255126953125 0.300537109375 -0.06732177734375
0.196090698242188 -0.262588500976563 0.198623657226563 -0.13494873046875
-0.01568603515625 -0.276123046875 0.097503662109375 -0.111007690429688
-0.21942138671875 -0.175811767578125 0.0422134399414063 -0.07733154296875
-0.261444091796875 -0.04376220703125 0.0691757202148437 -0.0354499816894531
-0.247970581054688 -0.024932861328125 0.122840881347656 -0.0164108276367188
-0.293487548828125 -0.00827026367187496 0.185821533203125 -0.0145111083984375
-0.280227661132813 -0.0714874267578125 0.198226928710937 0.07183837890625
-0.204116821289063 -0.220977783203125 0.177688598632812 0.127792358398437
-0.0487060546875 -0.293060302734375 0.045684814453125 0.158645629882812
0.242034912109375 -0.226470947265625 -0.0718307495117188 0.119049072265625
0.35223388671875 -0.054443359375 0.00271606445312502 -0.0313701629638672
0.320953369140625 0.15167236328125 0.25347900390625 0.074127197265625
0.0840606689453125 0.212753295898438 0.447540283203125 -0.020751953125
0.16864013671875 0.1688232421875 0.443206787109375 0.01611328125
0.234298706054688 0.0387725830078125 0.29083251953125 -0.039031982421875
0.158737182617187 -0.13775634765625 0.20635986328125 -0.078582763671875
0.0156402587890625 -0.178436279296875 0.129409790039063 -0.0619735717773438
-0.137916564941406 -0.12847900390625 0.111610412597656 -0.0523834228515625
-0.1756591796875 -0.041107177734375 0.151321411132813 -0.044891357421875
-0.172286987304687 -0.0257110595703125 0.194595336914063 -0.0418853759765625
-0.212295532226562 -0.01702880859375 0.259963989257812 -0.0293121337890625
-0.205764770507813 -0.06353759765625 0.269195556640625 0.074310302734375
-0.144363403320313 -0.17779541015625 0.22406005859375 0.148117065429688
-0.0135345458984375 -0.225189208984375 0.0730133056640625 0.18756103515625
0.214813232421875 -0.14215087890625 -0.0575103759765625 0.131019592285156
0.267578125 0.029510498046875 0.058013916015625 -0.0145301818847656
0.183059692382813 0.1912841796875 0.335357666015625 0.142669677734375
0.000579833984374989 -0.154617309570313 -0.3826904296875 -0.134918212890625
-0.152481079101563 -0.069122314453125 -0.0985336303710938 -0.00843048095703124
-0.116600036621094 0.0654830932617188 0.058746337890625 -0.137130737304688
-0.0099639892578125 0.121070861816406 -0.0809173583984375 -0.25390625
0.0693206787109375 0.0867385864257813 -0.24462890625 -0.183349609375
0.109733581542969 0.0285415649414062 -0.33087158203125 -0.0339660644531249
0.0844192504882813 0.0085296630859375 -0.314605712890625 0.080657958984375
0.08251953125 0.0246353149414063 -0.235687255859375 0.0901947021484375
0.0846405029296875 0.0426177978515625 -0.188446044921875 0.0796051025390625
0.03253173828125 0.0741653442382813 -0.156280517578125 0.057861328125
-0.0409393310546875 0.075775146484375 -0.152877807617188 0.0681915283203125
-0.102035522460938 0.00598144531250002 -0.206253051757813 0.0634307861328125
-0.0838241577148437 -0.117439270019531 -0.298583984375 0.0177917480468749
0.00459289550781249 -0.1846923828125 -0.431915283203125 0.00448608398437502
0.103912353515625 -0.178070068359375 -0.4549560546875 -0.0255737304687501
0.184646606445313 -0.13262939453125 -0.359405517578125 -0.207122802734375
-0.00376129150390625 -0.130142211914063 -0.0867691040039063 -0.0538864135742188
-0.0280418395996094 -0.0562324523925781 0.077117919921875 -0.160934448242188
-0.0252799987792969 -0.0104274749755859 -0.071990966796875 -0.287353515625
-0.00660371780395508 -0.00241994857788086 -0.24151611328125 -0.216323852539063
-0.0124073028564453 0.00122356414794922 -0.34906005859375 -0.053314208984375
-0.0372848510742187 0.0210762023925781 -0.32843017578125 0.0799255371093749
-0.0323200225830078 0.0278167724609375 -0.236083984375 0.1002197265625
-0.0436058044433594 0.0405845642089844 -0.188568115234375 0.084228515625
-0.0775527954101563 0.0248565673828125 -0.156585693359375 0.0694427490234375
-0.0994720458984375 -0.0331573486328125 -0.135276794433594 0.07379150390625
-0.0813751220703125 -0.117874145507813 -0.183502197265625 0.068511962890625
0.044097900390625 -0.189407348632813 -0.260787963867188 0.0441436767578124
0.170455932617187 -0.204254150390625 -0.38201904296875 0.016815185546875
0.27447509765625 -0.138992309570313 -0.39630126953125 -0.0391845703125
0.34808349609375 -0.075103759765625 -0.268814086914062 -0.260406494140625
0.168563842773437 -0.156219482421875 -0.0269088745117187 -0.0969619750976563
0.0974273681640625 -0.171142578125 0.117691040039063 -0.18145751953125
-0.01605224609375 -0.159088134765625 -0.036376953125 -0.31317138671875
-0.0746383666992188 -0.109634399414063 -0.20684814453125 -0.242828369140625
-0.132484436035156 -0.0405960083007812 -0.327667236328125 -0.0798034667968749
-0.15460205078125 0.024658203125 -0.30401611328125 0.0648193359375
-0.141708374023438 0.0278167724609375 -0.203109741210938 0.096466064453125
-0.164871215820313 0.0411224365234375 -0.150863647460938 0.080169677734375
-0.181793212890625 -0.00971984863281247 -0.120864868164063 0.0830764770507813
-0.167251586914063 -0.118515014648437 -0.0903472900390625 0.0892868041992188
-0.0909881591796875 -0.218368530273438 -0.14361572265625 0.0892486572265625
0.125808715820313 -0.263504028320313 -0.214874267578125 0.07855224609375
0.288604736328125 -0.233428955078125 -0.3096923828125 0.027801513671875
0.397979736328125 -0.10235595703125 -0.29034423828125 -0.0336303710937501
0.46112060546875 0.0069580078125 -0.121490478515625 -0.280181884765625
0.328521728515625 -0.134490966796875 0.0747146606445313 -0.124954223632813
0.240219116210937 -0.247833251953125 0.175689697265625 -0.1868896484375
0.025604248046875 -0.294525146484375 0.022918701171875 -0.317230224609375
-0.114959716796875 -0.218475341796875 -0.141357421875 -0.251754760742188
-0.230545043945313 -0.090423583984375 -0.26629638671875 -0.103302001953125
-0.248977661132813 0.0184173583984375 -0.241531372070313 0.03851318359375
-0.22894287109375 0.0236358642578125 -0.140640258789063 0.0782470703125
-0.261962890625 0.0428924560546876 -0.084197998046875 0.062896728515625
-0.265518188476563 -0.0271453857421875 -0.0543136596679688 0.0881576538085937
-0.228897094726562 -0.174468994140625 -0.0241470336914063 0.101318359375
-0.11322021484375 -0.28656005859375 -0.0914688110351562 0.111015319824219
0.17083740234375 -0.317596435546875 -0.166900634765625 0.104949951171875
0.35504150390625 -0.247344970703125 -0.229965209960937 0.0222625732421875
0.463531494140625 -0.062042236328125 -0.157669067382813 -0.0246429443359375
0.491546630859375 0.097198486328125 0.0592498779296875 -0.2581787109375
0.42864990234375 -0.064361572265625 0.201156616210938 -0.12457275390625
0.36090087890625 -0.254364013671875 0.236495971679688 -0.168914794921875
0.09149169921875 -0.372222900390625 0.09478759765625 -0.28460693359375
-0.115478515625 -0.29840087890625 -0.0546417236328125 -0.2288818359375
-0.284698486328125 -0.136444091796875 -0.171630859375 -0.113082885742188
-0.304595947265625 0.0054931640625 -0.147842407226563 0.00758361816406251
-0.280014038085937 0.0172576904296876 -0.0570335388183594 0.0480232238769531
-0.320404052734375 0.04302978515625 0.00310897827148436 0.0358352661132813
-0.315704345703125 -0.035491943359375 0.0310287475585937 0.0822601318359375
-0.264999389648438 -0.205322265625 0.050628662109375 0.105354309082031
-0.124542236328125 -0.319671630859375 -0.0354461669921875 0.12762451171875
0.196014404296875 -0.3353271484375 -0.124290466308594 0.118141174316406
0.384674072265625 -0.227783203125 -0.150833129882812 0.000946044921875002
0.472503662109375 -0.0078125 -0.0107440948486328 -0.012725830078125
0.429840087890625 0.171173095703125 0.236618041992188 -0.199020385742187
0.4337158203125 0.030487060546875 0.323211669921875 -0.09527587890625
0.411376953125 -0.188140869140625 0.2825927734375 -0.129974365234375
0.152862548828125 -0.364288330078125 0.157089233398438 -0.221603393554688
-0.084075927734375 -0.32012939453125 0.030517578125 -0.179519653320313
-0.284759521484375 -0.163543701171875 -0.0628204345703125 -0.102989196777344
-0.3099365234375 -0.00906372070312506 -0.0378341674804688 -0.0194931030273438
-0.287322998046875 0.00729370117187497 0.0359687805175781 0.0125389099121094
-0.33270263671875 0.034423828125 0.0967483520507812 0.0017242431640625
-0.3226318359375 -0.040802001953125 0.121513366699219 0.0701980590820313
-0.263702392578125 -0.214569091796875 0.124099731445312 0.107948303222656
-0.10980224609375 -0.320404052734375 0.01580810546875 0.141998291015625
0.21661376953125 -0.30999755859375 -0.091949462890625 0.122535705566406
0.38336181640625 -0.168792724609375 -0.074615478515625 -0.022308349609375
0.428619384765625 0.05889892578125 0.132438659667969 0.0105133056640625
0.28948974609375 0.207366943359375 0.375 -0.121246337890625
0.339508056640625 0.10931396484375 0.410491943359375 -0.050872802734375
0.363128662109375 -0.083099365234375 0.30047607421875 -0.0867919921875
0.17266845703125 -0.280288696289063 0.193695068359375 -0.149459838867188
-0.0404510498046875 -0.273773193359375 0.0936508178710938 -0.1202392578125
-0.234664916992188 -0.154190063476563 0.0366973876953125 -0.0818328857421875
-0.265090942382812 -0.0209503173828125 0.0675849914550781 -0.0408592224121094
-0.2506103515625 -0.00196838378906254 0.12396240234375 -0.0240097045898438
-0.295623779296875 0.021087646484375 0.186309814453125 -0.028350830078125
-0.28692626953125 -0.044708251953125 0.20684814453125 0.0589752197265625
-0.226455688476563 -0.201766967773437 0.188583374023438 0.116043090820312
-0.0760498046875 -0.2890625 0.0563201904296875 0.160568237304687
0.222366333007812 -0.247848510742188 -0.0669937133789062 0.127616882324219
0.34771728515625 -0.08392333984375 -0.00358200073242185 -0.0317516326904297
0.3367919921875 0.125518798828125 0.257858276367188 0.053253173828125
0.10076904296875 0.20416259765625 0.44720458984375 -0.053741455078125
0.181610107421875 0.154205322265625 0.445526123046875 -0.013671875
0.239334106445313 0.018707275390625 0.292388916015625 -0.058013916015625
0.144256591796875 -0.1519775390625 0.206146240234375 -0.0943603515625
-0.0016326904296875 -0.178237915039063 0.128494262695313 -0.0734710693359375
-0.148651123046875 -0.113693237304688 0.10791015625 -0.0621566772460938
-0.178207397460938 -0.025390625 0.14849853515625 -0.0572052001953125
-0.174713134765625 -0.010284423828125 0.193145751953125 -0.0555267333984375
-0.214065551757812 0.00358581542968746 0.25958251953125 -0.050689697265625
-0.211502075195313 -0.04351806640625 0.277450561523438 0.0546112060546875
-0.161300659179688 -0.164077758789063 0.23602294921875 0.131912231445313
-0.0339202880859375 -0.223663330078125 0.08563232421875 0.185653686523438
0.202392578125 -0.160552978515625 -0.0508651733398438 0.137741088867188
0.268157958984375 0.00823974609375 0.0537528991699219 -0.0196304321289063
0.1988525390625 0.176559448242187 0.3460693359375 0.114349365234375
-0.0116119384765625 -0.151702880859375 -0.39129638671875 -0.0932922363281251
-0.1566162109375 -0.050506591796875 -0.0953598022460938 0.00408172607421876
-0.108245849609375 0.0749664306640625 0.050018310546875 -0.144683837890625
0.00370025634765626 0.117782592773438 -0.103103637695313 -0.2464599609375
0.0767059326171875 0.0766677856445312 -0.260482788085937 -0.159088134765625
0.11016845703125 0.01556396484375 -0.330169677734375 -0.00314331054687499
0.0826873779296875 -0.00038909912109375 -0.303497314453125 0.11004638671875
0.083221435546875 0.0126419067382813 -0.223052978515625 0.112030029296875
0.088134765625 0.0305252075195312 -0.1788330078125 0.097381591796875
0.0396690368652344 0.068206787109375 -0.149810791015625 0.0731353759765625
-0.0310821533203125 0.0770950317382812 -0.146041870117188 0.0855255126953125
-0.09783935546875 0.0144119262695312 -0.20159912109375 0.08331298828125
-0.092864990234375 -0.106498718261719 -0.29876708984375 0.0418701171875
-0.013397216796875 -0.180877685546875 -0.4306640625 0.04229736328125
0.084869384765625 -0.18597412109375 -0.457122802734375 0.01708984375
0.172760009765625 -0.14642333984375 -0.376251220703125 -0.167205810546875
-0.0155029296875 -0.125556945800781 -0.0888824462890625 -0.0414352416992188
-0.0319480895996094 -0.0543060302734375 0.0663909912109375 -0.16839599609375
-0.0256919860839844 -0.010040283203125 -0.0961151123046875 -0.280014038085937
-0.00758981704711914 -0.00276756286621094 -0.259658813476563 -0.192367553710937
-0.0132684707641602 0.00179386138916015 -0.348968505859375 -0.02020263671875
-0.0362739562988281 0.0249786376953125 -0.316253662109375 0.112030029296875
-0.0298423767089844 0.0287055969238281 -0.221710205078125 0.122161865234375
-0.0389213562011719 0.0429153442382813 -0.176239013671875 0.103240966796875
-0.0731124877929688 0.0309829711914063 -0.147445678710938 0.0860595703125
-0.100387573242187 -0.023834228515625 -0.127349853515625 0.0902633666992187
-0.0904693603515625 -0.109626770019531 -0.179153442382813 0.0879669189453125
0.027923583984375 -0.191177368164063 -0.2596435546875 0.0643463134765625
0.148574829101562 -0.217453002929688 -0.3812255859375 0.04974365234375
0.258865356445313 -0.1627197265625 -0.399993896484375 -9.15527343749541E-05
0.33984375 -0.106109619140625 -0.292816162109375 -0.227935791015625
0.151535034179688 -0.167327880859375 -0.0352935791015625 -0.0885238647460938
0.08050537109375 -0.180648803710938 0.104263305664062 -0.19110107421875
-0.031646728515625 -0.1572265625 -0.062408447265625 -0.308258056640625
-0.0845565795898437 -0.101852416992188 -0.226425170898438 -0.222991943359375
-0.136093139648437 -0.0258331298828125 -0.330963134765625 -0.0485534667968751
-0.151565551757813 0.0410003662109375 -0.29278564453125 0.09423828125
-0.137672424316406 0.0409011840820313 -0.18792724609375 0.115570068359375
-0.158843994140625 0.057708740234375 -0.139396667480469 0.09625244140625
-0.180145263671875 0.00898742675781252 -0.108474731445313 0.09649658203125
-0.177001953125 -0.100418090820313 -0.080841064453125 0.100997924804688
-0.110687255859375 -0.206741333007813 -0.137557983398438 0.107307434082031
0.101806640625 -0.272964477539062 -0.210784912109375 0.0966796875
0.262222290039063 -0.257827758789063 -0.310211181640625 0.0549011230468749
0.38507080078125 -0.13800048828125 -0.29583740234375 -0.00439453125
0.458740234375 -0.036163330078125 -0.149246215820312 -0.261077880859375
0.31048583984375 -0.161468505859375 0.0618820190429688 -0.125083923339844
0.214706420898438 -0.2701416015625 0.162200927734375 -0.201004028320313
-0.00430297851562497 -0.294158935546875 -0.003387451171875 -0.31683349609375
-0.135406494140625 -0.204299926757813 -0.160995483398438 -0.237716674804688
-0.237106323242188 -0.064208984375 -0.272262573242188 -0.077545166015625
-0.24578857421875 0.0452728271484375 -0.23272705078125 0.062255859375
-0.22332763671875 0.04644775390625 -0.126922607421875 0.0919570922851563
-0.25433349609375 0.0717620849609375 -0.0744552612304687 0.0732421875
-0.265304565429688 0.00196838378906247 -0.041595458984375 0.09539794921875
-0.244903564453125 -0.147430419921875 -0.0145492553710938 0.106277465820312
-0.14080810546875 -0.270675659179687 -0.08319091796875 0.124397277832031
0.13970947265625 -0.33197021484375 -0.16064453125 0.120071411132812
0.326690673828125 -0.27996826171875 -0.2320556640625 0.043182373046875
0.454437255859375 -0.10540771484375 -0.16241455078125 -0.00765991210937502
0.49737548828125 0.050811767578125 0.0310821533203125 -0.257583618164063
0.41668701171875 -0.10272216796875 0.186447143554688 -0.137466430664063
0.334686279296875 -0.288543701171875 0.224456787109375 -0.187347412109375
0.0523681640625 -0.376373291015625 0.070343017578125 -0.290802001953125
-0.144287109375 -0.282623291015625 -0.072662353515625 -0.223861694335938
-0.294891357421875 -0.1041259765625 -0.17974853515625 -0.095855712890625
-0.301055908203125 0.03863525390625 -0.1436767578125 0.0234527587890625
-0.274520874023438 0.0458068847656249 -0.0468368530273438 0.055389404296875
-0.312164306640625 0.078948974609375 0.0080604553222656 0.0367469787597656
-0.314697265625 -0.000152587890625043 0.042022705078125 0.0805740356445313
-0.285186767578125 -0.173583984375 0.0606002807617187 0.102371215820312
-0.157257080078125 -0.3017578125 -0.0251541137695313 0.136222839355469
0.161102294921875 -0.352996826171875 -0.116378784179687 0.130989074707031
0.3585205078125 -0.264739990234375 -0.155593872070312 0.015167236328125
0.470428466796875 -0.053192138671875 -0.0160760879516601 -0.0096588134765625
0.44317626953125 0.126617431640625 0.211990356445313 -0.216140747070313
0.430572509765625 -0.01007080078125 0.310028076171875 -0.12005615234375
0.391143798828125 -0.2279052734375 0.272613525390625 -0.152755737304688
0.112701416015625 -0.37506103515625 0.137893676757813 -0.233566284179688
-0.115142822265625 -0.30657958984375 0.0161285400390625 -0.183013916015625
-0.297515869140625 -0.129150390625 -0.0713882446289063 -0.0964736938476563
-0.307647705078125 0.024383544921875 -0.0376396179199219 -0.0143661499023438
-0.282379150390625 0.03814697265625 0.0405311584472656 0.0101242065429688
-0.324981689453125 0.073211669921875 0.0975723266601562 -0.00601959228515625
-0.32293701171875 -0.00390625000000003 0.130348205566406 0.0594863891601563
-0.28546142578125 -0.18206787109375 0.134117126464844 0.096588134765625
-0.142852783203125 -0.3048095703125 0.02740478515625 0.145233154296875
0.18341064453125 -0.329193115234375 -0.082366943359375 0.133010864257812
0.3607177734375 -0.206207275390625 -0.0811614990234375 -0.0148086547851563
0.43328857421875 0.01611328125 0.128700256347656 -0.00102996826171875
0.30712890625 0.175628662109375 0.358245849609375 -0.1531982421875
0.345184326171875 0.075347900390625 0.40228271484375 -0.0843505859375
0.353057861328125 -0.1201171875 0.293243408203125 -0.110687255859375
0.139801025390625 -0.293060302734375 0.181732177734375 -0.165618896484375
-0.0686798095703125 -0.265548706054688 0.0844039916992188 -0.12957763671875
-0.246231079101563 -0.1246337890625 0.0285720825195312 -0.0847854614257813
-0.263565063476563 0.00904846191406255 0.06396484375 -0.0462265014648438
-0.247589111328125 0.0247650146484375 0.123031616210937 -0.0347137451171875
-0.29022216796875 0.05523681640625 0.182525634765625 -0.0459136962890625
-0.28790283203125 -0.011505126953125 0.213424682617187 0.0393524169921875
-0.247055053710938 -0.173110961914063 0.197952270507813 0.0971527099609375
-0.106491088867187 -0.276657104492188 0.0709228515625 0.158493041992187
0.195327758789063 -0.268386840820313 -0.0566482543945312 0.135749816894531
0.3338623046875 -0.11822509765625 -0.0108966827392578 -0.0310573577880859
0.347625732421875 0.091339111328125 0.257247924804688 0.027374267578125
0.1199951171875 0.191085815429688 0.43817138671875 -0.093658447265625
0.19366455078125 0.134246826171875 0.443115234375 -0.051849365234375
0.23931884765625 -0.0068359375 0.28759765625 -0.0821533203125
0.1239013671875 -0.164596557617188 0.198715209960937 -0.112899780273438
-0.02117919921875 -0.174057006835938 0.123245239257813 -0.0873565673828125
-0.157379150390625 -0.094482421875 0.100990295410156 -0.0731887817382813
-0.177993774414063 -0.00494384765625003 0.142318725585938 -0.0712738037109375
-0.17279052734375 0.00958251953125 0.186874389648438 -0.0730743408203125
-0.211135864257813 0.029296875 0.251541137695313 -0.07574462890625
-0.212844848632813 -0.0191192626953125 0.28216552734375 0.0272216796875
-0.177993774414062 -0.143417358398438 0.24639892578125 0.1083984375
-0.0575103759765625 -0.216934204101562 0.101959228515625 0.1790771484375
0.18231201171875 -0.178909301757813 -0.039459228515625 0.144439697265625
0.263259887695313 -0.0198211669921875 0.0485191345214844 -0.0254592895507812
0.215057373046875 0.154998779296875 0.350494384765625 0.0780029296875
-0.022796630859375 -0.144989013671875 -0.385589599609375 -0.0504760742187499
-0.153671264648437 -0.0309295654296875 -0.0884475708007813 0.0160140991210938
-0.0967025756835938 0.0824203491210938 0.0379180908203125 -0.148117065429688
0.0152053833007812 0.110267639160156 -0.121826171875 -0.230194091796875
0.0808258056640625 0.0643157958984375 -0.266555786132813 -0.129287719726563
0.105926513671875 0.00267791748046875 -0.318359375 0.02752685546875
0.0778961181640625 -0.00952911376953125 -0.282318115234375 0.135711669921875
0.0796890258789063 0.00176239013671875 -0.2042236328125 0.128692626953125
0.08685302734375 0.0171966552734375 -0.161834716796875 0.112258911132813
0.045654296875 0.0594253540039062 -0.137992858886719 0.0858383178710938
-0.0205535888671875 0.0748519897460938 -0.133201599121094 0.0988082885742187
-0.0909805297851563 0.02203369140625 -0.189743041992188 0.10003662109375
-0.0978317260742188 -0.0924072265625 -0.2896728515625 0.0655517578125
-0.0301971435546875 -0.171234130859375 -0.414031982421875 0.07879638671875
0.063690185546875 -0.186416625976563 -0.4420166015625 0.060302734375
0.155029296875 -0.1578369140625 -0.379180908203125 -0.120697021484375
-0.025634765625 -0.116127014160156 -0.087890625 -0.0279693603515625
-0.0355949401855469 -0.0498237609863281 0.052337646484375 -0.171249389648438
-0.0256481170654297 -0.00912094116210937 -0.116943359375 -0.262496948242187
-0.00785923004150391 -0.00326776504516602 -0.26788330078125 -0.161972045898438
-0.0134410858154297 0.00291347503662109 -0.33734130859375 0.0124511718750001
-0.0339736938476563 0.0284137725830078 -0.292938232421875 0.138946533203125
-0.0268440246582031 0.0293025970458984 -0.199554443359375 0.138763427734375
-0.0333671569824219 0.0438804626464844 -0.15869140625 0.1175537109375
-0.0666847229003906 0.0363616943359375 -0.132911682128906 0.0992507934570313
-0.0976638793945312 -0.013946533203125 -0.114646911621094 0.102752685546875
-0.0965042114257813 -0.0976791381835937 -0.167755126953125 0.104949951171875
0.01019287109375 -0.186386108398438 -0.250106811523437 0.084564208984375
0.122329711914063 -0.222625732421875 -0.367889404296875 0.0820922851562499
0.233688354492187 -0.18048095703125 -0.389739990234375 0.039031982421875
0.32000732421875 -0.1339111328125 -0.3046875 -0.18701171875
0.130157470703125 -0.172195434570312 -0.04119873046875 -0.077880859375
0.0619659423828125 -0.183151245117187 0.087615966796875 -0.196151733398437
-0.04608154296875 -0.14886474609375 -0.087188720703125 -0.292388916015625
-0.0918121337890625 -0.09014892578125 -0.238204956054687 -0.1954345703125
-0.133415222167969 -0.0103683471679687 -0.322601318359375 -0.0160217285156249
-0.142486572265625 0.055908203125 -0.271209716796875 0.11981201171875
-0.128501892089844 0.0521087646484375 -0.166458129882813 0.129470825195313
-0.146743774414063 0.071990966796875 -0.122734069824219 0.107894897460937
-0.170913696289062 0.026885986328125 -0.0931243896484375 0.105819702148437
-0.180038452148438 -0.078582763671875 -0.0679779052734375 0.108940124511719
-0.12652587890625 -0.189346313476563 -0.125076293945313 0.120468139648438
0.0733795166015625 -0.272918701171875 -0.200469970703125 0.112213134765625
0.228042602539063 -0.273269653320312 -0.299591064453125 0.0816955566406249
0.359405517578125 -0.16961669921875 -0.288818359375 0.025421142578125
0.440826416015625 -0.07769775390625 -0.170394897460938 -0.233078002929688
0.283782958984375 -0.18170166015625 0.0480880737304688 -0.120750427246094
0.182342529296875 -0.282928466796875 0.142547607421875 -0.209136962890625
-0.03338623046875 -0.28204345703125 -0.029754638671875 -0.305938720703125
-0.150283813476563 -0.183624267578125 -0.176422119140625 -0.215972900390625
-0.233917236328125 -0.036468505859375 -0.269500732421875 -0.0489044189453125
-0.232147216796875 0.0697174072265625 -0.216552734375 0.083648681640625
-0.210372924804688 0.066986083984375 -0.108673095703125 0.101295471191406
-0.23687744140625 0.0968170166015625 -0.06207275390625 0.0799102783203125
-0.25311279296875 0.0297698974609375 -0.0276336669921875 0.0984420776367188
-0.251663208007813 -0.115676879882813 -0.00310516357421876 0.107269287109375
-0.162567138671875 -0.247039794921875 -0.0702743530273438 0.133132934570312
0.103851318359375 -0.33453369140625 -0.148818969726563 0.131607055664062
0.2882080078125 -0.301605224609375 -0.225906372070312 0.0639495849609375
0.430419921875 -0.14501953125 -0.160232543945313 0.00994873046874999
0.48455810546875 0.001312255859375 0.0043487548828125 -0.246444702148438
0.39080810546875 -0.136016845703125 0.166702270507813 -0.145050048828125
0.295440673828125 -0.31207275390625 0.203399658203125 -0.200851440429688
0.012786865234375 -0.366729736328125 0.04443359375 -0.28662109375
-0.166839599609375 -0.2569580078125 -0.088592529296875 -0.211380004882813
-0.292999267578125 -0.0683288574218749 -0.181976318359375 -0.075439453125
-0.28594970703125 0.0692138671875001 -0.133949279785156 0.0373687744140625
-0.25909423828125 0.0716857910156251 -0.0357894897460938 0.0579452514648438
-0.291839599609375 0.111328125 0.0136184692382812 0.0365867614746094
-0.302154541015625 0.0343017578125 0.0522384643554687 0.0758590698242188
-0.292999267578125 -0.13519287109375 0.0683975219726562 0.0955581665039062
-0.182022094726563 -0.274032592773438 -0.0118865966796875 0.13824462890625
0.121673583984375 -0.3565673828125 -0.103843688964844 0.138740539550781
0.31842041015625 -0.290802001953125 -0.153976440429687 0.03045654296875
0.4500732421875 -0.0975341796875 -0.0191307067871093 -0.0060863494873047
0.440521240234375 0.07965087890625 0.183212280273438 -0.224838256835938
0.4132080078125 -0.049468994140625 0.28759765625 -0.14080810546875
0.3555908203125 -0.258331298828125 0.252166748046875 -0.17108154296875
0.0704345703125 -0.37158203125 0.11456298828125 -0.238204956054688
-0.14093017578125 -0.282867431640625 0.00102233886718748 -0.179718017578125
-0.297393798828125 -0.0916748046875 -0.0776748657226563 -0.086822509765625
-0.2940673828125 0.055938720703125 -0.0355339050292969 -0.00959396362304687
-0.26788330078125 0.0657653808593749 0.0439109802246094 0.00635147094726563
-0.304107666015625 0.107177734375 0.0943832397460937 -0.0137481689453125
-0.31036376953125 0.031646728515625 0.134429931640625 0.0451278686523437
-0.29498291015625 -0.14215087890625 0.138465881347656 0.0819244384765625
-0.170150756835937 -0.277740478515625 0.0406646728515625 0.141494750976562
0.14398193359375 -0.33660888671875 -0.069305419921875 0.1385498046875
0.326751708984375 -0.234405517578125 -0.0848464965820312 -0.00555419921875003
0.4212646484375 -0.02569580078125 0.1214599609375 -0.0123062133789063
0.313232421875 0.1387939453125 0.329803466796875 -0.179473876953125
0.33941650390625 0.040496826171875 0.380523681640625 -0.11541748046875
0.329925537109375 -0.15216064453125 0.27587890625 -0.13201904296875
0.103515625 -0.294921875 0.163223266601563 -0.176834106445313
-0.0926055908203125 -0.246658325195313 0.0718917846679687 -0.135444641113281
-0.248641967773437 -0.092193603515625 0.0195770263671875 -0.0849990844726563
-0.251876831054688 0.036651611328125 0.0585708618164062 -0.0511131286621094
-0.234085083007813 0.0496978759765625 0.118194580078125 -0.0452880859375
-0.271408081054688 0.087005615234375 0.171615600585937 -0.0612640380859375
-0.2772216796875 0.0208740234375 0.211669921875 0.017303466796875
-0.256866455078125 -0.1385498046875 0.199981689453125 0.0755615234375
-0.131881713867188 -0.254440307617187 0.0836944580078125 0.14971923828125
0.160812377929688 -0.27874755859375 -0.0435943603515625 0.138916015625
0.30828857421875 -0.147674560546875 -0.01739501953125 -0.0285911560058594
0.344146728515625 0.0538330078125 0.24774169921875 0.0020294189453125
0.133560180664063 0.17022705078125 0.414337158203125 -0.12945556640625
0.198455810546875 0.110443115234375 0.42498779296875 -0.088623046875
0.230331420898438 -0.0320892333984375 0.273330688476563 -0.103408813476563
0.10162353515625 -0.17010498046875 0.184494018554688 -0.127212524414063
-0.0386199951171875 -0.163558959960938 0.1129150390625 -0.09808349609375
-0.160110473632813 -0.0723724365234375 0.090606689453125 -0.081298828125
-0.170700073242188 0.013916015625 0.130744934082031 -0.0833816528320313
-0.164169311523438 0.0269622802734375 0.1746826171875 -0.08831787109375
-0.198745727539063 0.05303955078125 0.235519409179688 -0.097686767578125
-0.206100463867188 0.00512695312499998 0.2760009765625 -0.000946044921875
-0.186676025390625 -0.116729736328125 0.2476806640625 0.0810089111328125
-0.078826904296875 -0.202255249023438 0.116012573242188 0.166488647460938
0.157241821289063 -0.1905517578125 -0.0263214111328125 0.145538330078125
0.250076293945313 -0.043212890625 0.0402183532714844 -0.0295829772949219
0.2220458984375 0.127273559570313 0.343170166015625 0.03985595703125
-0.0304641723632813 -0.136215209960938 -0.366485595703125 -0.0160522460937499
-0.145233154296875 -0.0153961181640625 -0.0795135498046875 0.0239791870117188
-0.0847320556640625 0.0845108032226563 0.027587890625 -0.146438598632812
0.0229415893554687 0.101028442382813 -0.131576538085937 -0.2115478515625
0.0801315307617187 0.0528411865234375 -0.261428833007812 -0.103256225585938
0.0989151000976563 -0.00629425048828125 -0.298492431640625 0.0484924316406249
0.0721588134765625 -0.0154876708984375 -0.257049560546875 0.149398803710938
0.0738449096679688 -0.00659942626953125 -0.1839599609375 0.136474609375
0.08203125 0.0069427490234375 -0.143325805664063 0.118682861328125
0.047760009765625 0.0504875183105469 -0.123977661132813 0.0929412841796875
-0.0124015808105469 0.0699691772460938 -0.118637084960938 0.105270385742187
-0.08367919921875 0.0264434814453125 -0.1749267578125 0.109756469726563
-0.0982666015625 -0.0791091918945312 -0.273956298828125 0.0805816650390625
-0.0408477783203125 -0.157577514648438 -0.3890380859375 0.10247802734375
0.0458984375 -0.1806640625 -0.41546630859375 0.0886840820312499
0.138076782226563 -0.161102294921875 -0.366424560546875 -0.0829772949218751
-0.0313339233398438 -0.104637145996094 -0.0829544067382813 -0.0161056518554688
-0.0369949340820313 -0.0458259582519531 0.0400848388671875 -0.169052124023438
-0.0252723693847656 -0.00778579711914062 -0.128341674804688 -0.241455078125
-0.00888252258300781 -0.00365829467773438 -0.264739990234375 -0.134475708007812
-0.0136537551879883 0.00419235229492187 -0.31787109375 0.036224365234375
-0.0307426452636719 0.0300655364990234 -0.265884399414063 0.153152465820312
-0.0244560241699219 0.0282077789306641 -0.176727294921875 0.14501953125
-0.0290603637695313 0.0420989990234375 -0.139251708984375 0.124176025390625
-0.0593605041503906 0.038482666015625 -0.117012023925781 0.105171203613281
-0.0924148559570313 -0.007415771484375 -0.100830078125 0.108451843261719
-0.0973739624023438 -0.0859222412109375 -0.154205322265625 0.1141357421875
-0.00169372558593748 -0.176132202148438 -0.235794067382813 0.0962677001953125
0.0994415283203125 -0.218093872070312 -0.346893310546875 0.10357666015625
0.20867919921875 -0.187774658203125 -0.368011474609375 0.0661010742187499
0.2960205078125 -0.150390625 -0.302703857421875 -0.150299072265625
0.111068725585938 -0.168838500976563 -0.0437393188476562 -0.0665931701660156
0.0451812744140625 -0.179214477539062 0.0726165771484375 -0.193496704101563
-0.0551681518554688 -0.137954711914063 -0.101287841796875 -0.271377563476563
-0.0934982299804687 -0.0793914794921875 -0.238906860351563 -0.168792724609375
-0.127464294433594 0.00167846679687503 -0.305694580078125 0.008209228515625
-0.13134765625 0.0652847290039063 -0.24627685546875 0.134078979492187
-0.118698120117188 0.0585250854492188 -0.144912719726563 0.133590698242187
-0.132865905761719 0.0798416137695313 -0.105171203613281 0.112167358398437
-0.158645629882813 0.0384368896484375 -0.0780410766601563 0.108314514160156
-0.175430297851563 -0.0600128173828125 -0.055999755859375 0.111953735351563
-0.133163452148437 -0.169403076171875 -0.112297058105469 0.126953125
0.0513916015625 -0.26422119140625 -0.1868896484375 0.11962890625
0.194793701171875 -0.27459716796875 -0.282470703125 0.0984191894531249
0.3289794921875 -0.18634033203125 -0.274017333984375 0.0467987060546875
0.412384033203125 -0.105987548828125 -0.179000854492188 -0.2027587890625
0.254470825195313 -0.188751220703125 0.0373077392578125 -0.113433837890625
0.15277099609375 -0.283172607421875 0.123687744140625 -0.20928955078125
-0.0535430908203125 -0.263351440429688 -0.047576904296875 -0.2884521484375
-0.155563354492188 -0.162704467773437 -0.180938720703125 -0.193313598632813
-0.223648071289063 -0.01531982421875 -0.257614135742188 -0.0265350341796875
-0.214447021484375 0.0863189697265625 -0.196640014648438 0.095458984375
-0.193527221679688 0.0785064697265625 -0.0914764404296875 0.1024169921875
-0.215087890625 0.111618041992187 -0.0504989624023438 0.0813674926757813
-0.23577880859375 0.0488739013671875 -0.0158233642578125 0.0966644287109375
-0.246612548828125 -0.0880279541015625 0.00570678710937498 0.105361938476562
-0.173065185546875 -0.220611572265625 -0.0574417114257813 0.1357421875
0.07427978515625 -0.325897216796875 -0.136573791503906 0.136116027832031
0.249969482421875 -0.30670166015625 -0.214584350585937 0.0777587890625
0.39923095703125 -0.168304443359375 -0.153701782226562 0.0231475830078125
0.46099853515625 -0.033599853515625 -0.0152740478515625 -0.229278564453125
0.359130859375 -0.153533935546875 0.147293090820313 -0.144638061523438
0.257537841796875 -0.3197021484375 0.182357788085938 -0.203781127929688
-0.015380859375 -0.347137451171875 0.0241241455078125 -0.275527954101563
-0.17596435546875 -0.22998046875 -0.097900390625 -0.1956787109375
-0.281402587890625 -0.03985595703125 -0.177490234375 -0.05810546875
-0.264862060546875 0.0897979736328126 -0.121902465820313 0.04583740234375
-0.239044189453125 0.0884857177734375 -0.0247077941894531 0.0568428039550781
-0.265045166015625 0.130630493164062 0.0180549621582031 0.0351638793945313
-0.280853271484375 0.0580444335937499 0.0571098327636719 0.0685958862304688
-0.287506103515625 -0.101531982421875 0.072906494140625 0.0882339477539063
-0.19427490234375 -0.244293212890625 -0.000877380371093773 0.136199951171875
0.08880615234375 -0.3482666015625 -0.0919647216796875 0.140701293945312
0.277984619140625 -0.2991943359375 -0.148651123046875 0.0420989990234375
0.421417236328125 -0.12542724609375 -0.0209522247314453 -0.00229644775390625
0.423492431640625 0.04205322265625 0.15618896484375 -0.221771240234375
0.385345458984375 -0.074188232421875 0.262252807617188 -0.149169921875
0.318756103515625 -0.27435302734375 0.23028564453125 -0.178329467773438
0.0369873046875 -0.35504150390625 0.09442138671875 -0.233169555664063
-0.154159545898437 -0.256057739257813 -0.00962829589843753 -0.172943115234375
-0.286651611328125 -0.0615539550781249 -0.0800857543945313 -0.0769805908203125
-0.272430419921875 0.0782012939453125 -0.0329875946044922 -0.00577163696289062
-0.247940063476563 0.0834197998046875 0.0462455749511719 0.00225830078125001
-0.276260375976562 0.129104614257813 0.0897064208984375 -0.0188446044921875
-0.28924560546875 0.0563964843749999 0.132926940917969 0.03302001953125
-0.29083251953125 -0.108062744140625 0.137771606445312 0.0693511962890625
-0.18316650390625 -0.247589111328125 0.0492095947265625 0.134971618652344
0.110992431640625 -0.33099365234375 -0.0578842163085937 0.138671875
0.290252685546875 -0.247406005859375 -0.0848770141601562 0.00273895263671872
0.398468017578125 -0.056549072265625 0.111709594726563 -0.0189666748046875
0.30706787109375 0.107208251953125 0.298919677734375 -0.190673828125
0.323272705078125 0.014068603515625 0.352447509765625 -0.13372802734375
0.301483154296875 -0.171295166015625 0.255111694335938 -0.143081665039063
0.07415771484375 -0.286102294921875 0.144271850585938 -0.178421020507813
-0.105758666992187 -0.224853515625 0.0604934692382812 -0.135177612304688
-0.239944458007813 -0.0666046142578125 0.01251220703125 -0.0832748413085938
-0.23486328125 0.0557708740234375 0.0527229309082031 -0.0527267456054688
-0.217437744140625 0.0656585693359375 0.111557006835937 -0.0520095825195312
-0.247772216796875 0.106582641601562 0.158416748046875 -0.0704193115234375
-0.258514404296875 0.043853759765625 0.203094482421875 0.000320434570312503
-0.254562377929688 -0.106887817382813 0.195343017578125 0.0573577880859375
-0.145523071289063 -0.229232788085938 0.0915679931640625 0.137985229492187
0.130096435546875 -0.27642822265625 -0.03253173828125 0.136940002441406
0.2791748046875 -0.163650512695313 -0.0227069854736328 -0.0253849029541016
0.332061767578125 0.0244140625 0.231689453125 -0.016082763671875
0.138748168945313 0.149765014648438 0.384063720703125 -0.150848388671875
0.1951904296875 0.0892333984375 0.3975830078125 -0.11212158203125
0.216278076171875 -0.04986572265625 0.254257202148438 -0.116302490234375
0.0811614990234375 -0.16693115234375 0.16864013671875 -0.133392333984375
-0.048553466796875 -0.14947509765625 0.101478576660156 -0.103385925292969
-0.15521240234375 -0.053924560546875 0.080291748046875 -0.0851058959960938
-0.159576416015625 0.0274810791015625 0.117874145507812 -0.0895156860351563
-0.1522216796875 0.039031982421875 0.160293579101563 -0.097015380859375
-0.181350708007813 0.0677490234375 0.215286254882813 -0.109649658203125
-0.192672729492188 0.0233306884765625 0.26226806640625 -0.02178955078125
-0.186080932617188 -0.09405517578125 0.240234375 0.0579986572265625
-0.0910491943359375 -0.18365478515625 0.122177124023438 0.150344848632813
0.133148193359375 -0.192062377929688 -0.0152740478515625 0.14215087890625
0.231292724609375 -0.060699462890625 0.0328407287597656 -0.0314388275146484
0.220458984375 0.102874755859375 0.324310302734375 0.0115966796875
-0.0336151123046875 -0.128593444824219 -0.3470458984375 0.00442504882812501
-0.135848999023438 -0.00658416748046878 -0.0713424682617188 0.0288314819335937
-0.0765380859375 0.0843429565429687 0.0213165283203125 -0.143157958984375
0.0263442993164062 0.093017578125 -0.134765625 -0.196746826171875
0.077667236328125 0.0453414916992188 -0.253311157226563 -0.086181640625
0.0926055908203125 -0.0108718872070312 -0.28143310546875 0.058837890625
0.0662994384765625 -0.0182075500488281 -0.235748291015625 0.154571533203125
0.0678672790527344 -0.0114898681640625 -0.16796875 0.1380615234375
0.0766067504882813 7.62939453125E-05 -0.130012512207031 0.11956787109375
0.0478057861328125 0.0435562133789063 -0.113746643066406 0.095672607421875
-0.00765609741210938 0.0649452209472656 -0.107872009277344 0.106643676757812
-0.078033447265625 0.028106689453125 -0.1646728515625 0.1129150390625
-0.0949935913085938 -0.0698394775390625 -0.260910034179687 0.0875244140625
-0.04498291015625 -0.145843505859375 -0.367462158203125 0.112640380859375
0.035247802734375 -0.172561645507813 -0.39288330078125 0.1015625
0.124740600585937 -0.160232543945313 -0.35009765625 -0.057373046875
-0.0323562622070312 -0.0949783325195313 -0.0771560668945313 -0.00826263427734374
-0.0373878479003906 -0.0423622131347656 0.0325164794921875 -0.164352416992188
-0.0248908996582031 -0.00715827941894531 -0.132095336914063 -0.224945068359375
-0.00894927978515625 -0.00445079803466797 -0.25732421875 -0.116592407226562
-0.0132904052734375 0.00533771514892578 -0.2994384765625 0.04766845703125
-0.0278415679931641 0.0303573608398438 -0.244415283203125 0.158721923828125
-0.0234012603759766 0.0265884399414063 -0.159744262695312 0.144638061523438
-0.02587890625 0.0404891967773438 -0.124595642089844 0.124649047851563
-0.05426025390625 0.0381050109863281 -0.104690551757812 0.106307983398438
-0.0874862670898438 -0.00347900390624999 -0.0897979736328125 0.109779357910156
-0.0964279174804688 -0.0778427124023437 -0.1434326171875 0.117340087890625
-0.00808715820312501 -0.167282104492188 -0.2247314453125 0.101516723632812
0.0847015380859375 -0.209884643554687 -0.32763671875 0.1126708984375
0.189682006835938 -0.186767578125 -0.348052978515625 0.078887939453125
0.275344848632812 -0.156585693359375 -0.292755126953125 -0.123779296875
0.0994873046875 -0.161285400390625 -0.0428276062011719 -0.0566291809082031
0.0348663330078125 -0.172943115234375 0.063507080078125 -0.188735961914063
-0.0595779418945313 -0.128532409667969 -0.1063232421875 -0.254257202148438
-0.0927963256835938 -0.071868896484375 -0.233871459960938 -0.151290893554688
-0.120811462402344 0.00866699218749998 -0.288848876953125 0.02130126953125
-0.121353149414063 0.0699615478515625 -0.225357055664063 0.138961791992188
-0.110542297363281 0.0601730346679688 -0.128547668457031 0.13177490234375
-0.121879577636719 0.0816268920898438 -0.0926284790039063 0.112030029296875
-0.147445678710938 0.044342041015625 -0.0666580200195313 0.108039855957031
-0.168899536132813 -0.047943115234375 -0.0470199584960938 0.111434936523438
-0.134002685546875 -0.155258178710938 -0.102165222167969 0.129005432128906
0.037933349609375 -0.254791259765625 -0.177322387695313 0.122268676757812
0.172515869140625 -0.268783569335938 -0.268875122070313 0.106552124023438
0.3046875 -0.19097900390625 -0.25994873046875 0.057373046875
0.389678955078125 -0.119110107421875 -0.178955078125 -0.17919921875
0.233612060546875 -0.18743896484375 0.0311965942382813 -0.104598999023438
0.1318359375 -0.276931762695313 0.111495971679688 -0.20477294921875
-0.063079833984375 -0.247238159179688 -0.055450439453125 -0.272232055664063
-0.154525756835938 -0.147247314453125 -0.179183959960937 -0.177810668945313
-0.211517333984375 -0.00219726562499997 -0.24554443359375 -0.0141143798828125
-0.198196411132812 0.093780517578125 -0.179656982421875 0.100448608398438
-0.180618286132813 0.0840911865234375 -0.0784378051757813 0.100044250488281
-0.197067260742187 0.117477416992188 -0.0418014526367188 0.0805206298828125
-0.219146728515625 0.0589447021484375 -0.00804138183593752 0.0936737060546875
-0.237274169921875 -0.06915283203125 0.0113067626953125 0.102432250976563
-0.174774169921875 -0.201278686523437 -0.0491867065429688 0.135185241699219
0.05572509765625 -0.314422607421875 -0.127456665039063 0.136405944824219
0.221588134765625 -0.302276611328125 -0.204345703125 0.0848846435546875
0.37396240234375 -0.177581787109375 -0.146133422851562 0.0300445556640625
0.43743896484375 -0.053619384765625 -0.02496337890625 -0.2115478515625
0.3333740234375 -0.159515380859375 0.133255004882813 -0.138984680175781
0.23040771484375 -0.317596435546875 0.16796875 -0.201614379882813
-0.032562255859375 -0.327484130859375 0.013580322265625 -0.26287841796875
-0.177001953125 -0.210281372070313 -0.0996856689453125 -0.18402099609375
-0.266082763671875 -0.023193359375 -0.170791625976563 -0.047149658203125
-0.244979858398438 0.0996246337890625 -0.111160278320313 0.049652099609375
-0.22235107421875 0.0950927734375 -0.0169219970703125 0.053436279296875
-0.242111206054688 0.139144897460937 0.0206317901611328 0.0334758758544922
-0.261184692382813 0.0705413818359375 0.0604324340820312 0.0637779235839844
-0.277542114257813 -0.0792541503906251 0.0745849609375 0.0829544067382813
-0.19647216796875 -0.221588134765625 0.00576019287109374 0.132568359375
0.0677490234375 -0.336151123046875 -0.0834732055664063 0.139892578125
0.248443603515625 -0.297760009765625 -0.143310546875 0.04827880859375
0.39617919921875 -0.138702392578125 -0.0218315124511719 1.90734863281186E-05
0.404022216796875 0.020721435546875 0.137344360351563 -0.213775634765625
0.36279296875 -0.08673095703125 0.242416381835938 -0.149215698242187
0.289459228515625 -0.278472900390625 0.214324951171875 -0.1773681640625
0.01708984375 -0.336578369140625 0.0821380615234375 -0.225799560546875
-0.156814575195312 -0.234939575195313 -0.0152130126953125 -0.166427612304688
-0.272293090820313 -0.042572021484375 -0.0790481567382813 -0.0698623657226563
-0.253265380859375 0.0893249511718751 -0.0299625396728516 -0.00410270690917968
-0.23016357421875 0.0912017822265626 0.0469627380371094 -0.00137329101562499
-0.252029418945313 0.13848876953125 0.0855941772460937 -0.021728515625
-0.268783569335938 0.0706939697265624 0.129623413085937 0.0254974365234375
-0.280746459960937 -0.083892822265625 0.134246826171875 0.06048583984375
-0.187179565429687 -0.224822998046875 0.0531845092773437 0.127792358398438
0.0880126953125 -0.321044921875 -0.0511322021484375 0.135940551757812
0.26153564453125 -0.248184204101562 -0.0841140747070313 0.00822448730468747
0.377960205078125 -0.07373046875 0.103042602539063 -0.0222549438476563
0.296112060546875 0.08587646484375 0.274566650390625 -0.192611694335938
0.307464599609375 -0.00115966796875 0.328857421875 -0.139984130859375
0.278427124023438 -0.179244995117187 0.2393798828125 -0.144989013671875
0.054962158203125 -0.27374267578125 0.132614135742188 -0.17572021484375
-0.1107177734375 -0.207046508789062 0.0533370971679687 -0.133575439453125
-0.22821044921875 -0.04901123046875 0.00811767578124998 -0.0801544189453125
-0.21893310546875 0.066375732421875 0.0484352111816406 -0.0534286499023437
-0.202377319335938 0.07342529296875 0.105499267578125 -0.0557937622070312
-0.22637939453125 0.115737915039063 0.147705078125 -0.073577880859375
-0.240432739257813 0.0566864013671875 0.194320678710937 -0.0089263916015625
-0.2462158203125 -0.0859222412109375 0.187591552734375 0.045806884765625
-0.150009155273437 -0.20849609375 0.09344482421875 0.128890991210938
0.10992431640625 -0.269500732421875 -0.026153564453125 0.133674621582031
0.25543212890625 -0.16815185546875 -0.0258502960205078 -0.0220260620117188
0.316925048828125 0.0067138671875 0.216934204101563 -0.0261383056640625
0.137474060058594 0.133918762207031 0.358367919921875 -0.15948486328125
0.189559936523438 0.075775146484375 0.3731689453125 -0.1231689453125
0.202728271484375 -0.060211181640625 0.239532470703125 -0.119857788085938
0.06719970703125 -0.16119384765625 0.157882690429688 -0.134552001953125
-0.0532379150390625 -0.13812255859375 0.0933990478515625 -0.105224609375
-0.147979736328125 -0.041900634765625 0.0723419189453125 -0.0859298706054688
-0.148880004882813 0.0351104736328125 0.107620239257812 -0.0917816162109375
-0.141998291015625 0.0447540283203125 0.148666381835938 -0.100296020507813
-0.166015625 0.07574462890625 0.199539184570313 -0.11370849609375
-0.179840087890625 0.0336761474609375 0.247787475585938 -0.0337677001953125
-0.18096923828125 -0.0768890380859375 0.229827880859375 0.043914794921875
-0.0963592529296875 -0.168228149414063 0.123237609863281 0.138275146484375
0.116836547851563 -0.189163208007812 -0.00873565673828124 0.137168884277344
0.21600341796875 -0.0678863525390625 0.026235580444336 -0.0318641662597656
0.214248657226563 0.086517333984375 0.306304931640625 -0.00479125976562499
-0.0359649658203125 -0.125053405761719 -0.333648681640625 0.016693115234375
-0.129524230957031 -0.00131988525390626 -0.0649337768554688 0.0326881408691406
-0.0710601806640625 0.0846328735351563 0.0185546875 -0.142120361328125
0.0275192260742188 0.0878524780273438 -0.135818481445313 -0.188507080078125
0.0759429931640625 0.0402908325195313 -0.247406005859375 -0.0762939453125
0.0882492065429688 -0.014404296875 -0.270401000976563 0.0639038085937501
0.0633506774902344 -0.020050048828125 -0.223907470703125 0.157073974609375
0.0635948181152344 -0.0142974853515625 -0.158538818359375 0.137725830078125
0.0719985961914063 -0.00455474853515625 -0.1220703125 0.119850158691406
0.0479774475097656 0.0386924743652344 -0.107322692871094 0.0963058471679688
-0.00506591796875 0.0611343383789062 -0.101608276367187 0.107414245605469
-0.0743637084960938 0.0292282104492187 -0.158737182617187 0.115966796875
-0.092742919921875 -0.0643997192382813 -0.255462646484375 0.0911865234375
-0.0478591918945312 -0.138404846191406 -0.356170654296875 0.118743896484375
0.0292510986328125 -0.167999267578125 -0.380218505859375 0.108978271484375
0.117660522460938 -0.16033935546875 -0.339080810546875 -0.042205810546875
-0.0316696166992187 -0.0892105102539063 -0.0724563598632813 -0.00197601318359377
-0.0366706848144531 -0.03985595703125 0.0290679931640625 -0.162216186523438
-0.0245189666748047 -0.00721549987792968 -0.13372802734375 -0.216171264648437
-0.00961017608642578 -0.00508594512939453 -0.251815795898438 -0.106552124023438
-0.0124378204345703 0.00570869445800781 -0.288543701171875 0.054595947265625
-0.0266647338867187 0.0318870544433594 -0.231704711914063 0.160903930664062
-0.0237922668457031 0.0254421234130859 -0.149765014648438 0.144134521484375
-0.0252876281738281 0.0388145446777344 -0.116104125976562 0.124618530273438
-0.0503730773925781 0.0373344421386719 -0.0973281860351563 0.106819152832031
-0.0841598510742188 -0.00199127197265626 -0.0839004516601562 0.110336303710938
-0.0954055786132813 -0.0731277465820312 -0.138465881347656 0.120162963867188
-0.01141357421875 -0.163284301757813 -0.220993041992188 0.10418701171875
0.0761871337890625 -0.204315185546875 -0.318878173828125 0.11822509765625
0.179397583007813 -0.185867309570313 -0.338348388671875 0.0859374999999999
0.264404296875 -0.160354614257813 -0.28643798828125 -0.1080322265625
0.0939483642578125 -0.156478881835938 -0.0412673950195312 -0.0491447448730469
0.0284271240234375 -0.169952392578125 0.0588226318359375 -0.18646240234375
-0.0612640380859375 -0.122695922851563 -0.108795166015625 -0.24566650390625
-0.0919647216796875 -0.0682830810546875 -0.230255126953125 -0.141952514648438
-0.115577697753906 0.0128250122070312 -0.27911376953125 0.028533935546875
-0.115646362304687 0.0729217529296875 -0.2127685546875 0.141510009765625
-0.10693359375 0.0611038208007812 -0.118812561035156 0.129806518554688
-0.115074157714844 0.082763671875 -0.0844802856445313 0.111534118652344
-0.139541625976562 0.0472259521484375 -0.0592727661132813 0.107711791992188
-0.164474487304687 -0.041046142578125 -0.0411834716796875 0.111717224121094
-0.134429931640625 -0.147109985351563 -0.0976028442382813 0.130874633789063
0.0304107666015625 -0.24920654296875 -0.174118041992188 0.124176025390625
0.158584594726563 -0.264480590820312 -0.2625732421875 0.111724853515625
0.29193115234375 -0.19268798828125 -0.252548217773437 0.0629730224609375
0.3751220703125 -0.127044677734375 -0.178207397460937 -0.163833618164062
0.223602294921875 -0.1839599609375 0.028472900390625 -0.097381591796875
0.120712280273438 -0.273590087890625 0.105850219726563 -0.201629638671875
-0.068389892578125 -0.237716674804688 -0.05914306640625 -0.262939453125
-0.153839111328125 -0.139801025390625 -0.177703857421875 -0.169677734375
-0.203582763671875 0.00546264648437504 -0.237838745117187 -0.00666809082031246
-0.188827514648438 0.09918212890625 -0.16925048828125 0.10260009765625
-0.173110961914063 0.086944580078125 -0.0704269409179688 0.0980300903320313
-0.185287475585938 0.1204833984375 -0.03509521484375 0.0796661376953125
-0.20855712890625 0.0651397705078125 -0.00225067138671877 0.0918731689453125
-0.231552124023437 -0.0587005615234375 0.0148391723632812 0.10162353515625
-0.175460815429688 -0.189239501953125 -0.0447616577148438 0.135177612304688
0.0457763671875 -0.307891845703125 -0.124565124511719 0.137451171875
0.20550537109375 -0.300018310546875 -0.20050048828125 0.0896148681640625
0.358184814453125 -0.182708740234375 -0.14300537109375 0.0342864990234375
0.4227294921875 -0.064605712890625 -0.0300445556640625 -0.199737548828125
0.319000244140625 -0.1605224609375 0.126419067382813 -0.133781433105469
0.21453857421875 -0.316192626953125 0.161102294921875 -0.199325561523438
-0.04168701171875 -0.315032958984375 0.009063720703125 -0.25543212890625
-0.176666259765625 -0.19964599609375 -0.100128173828125 -0.178695678710938
-0.25677490234375 -0.013427734375 -0.167037963867188 -0.040985107421875
-0.233993530273437 0.106597900390625 -0.104393005371094 0.051361083984375
-0.212631225585938 0.09942626953125 -0.0122642517089844 0.0503616333007813
-0.227706909179688 0.14312744140625 0.0232563018798828 0.0325565338134766
-0.248077392578125 0.0787811279296875 0.0623054504394531 0.0602684020996094
-0.270645141601563 -0.065643310546875 0.0749588012695312 0.0800552368164063
-0.197265625 -0.207839965820312 0.00857543945312498 0.131492614746094
0.055511474609375 -0.330413818359375 -0.0806961059570312 0.139396667480469
0.2310791015625 -0.295928955078125 -0.141220092773437 0.052337646484375
0.382843017578125 -0.146514892578125 -0.0224514007568359 0.00158691406249999
0.39404296875 0.006439208984375 0.127227783203125 -0.206863403320313
0.349700927734375 -0.0914306640625 0.230926513671875 -0.14764404296875
0.274246215820313 -0.279525756835938 0.206497192382813 -0.176193237304688
0.00564575195312499 -0.32623291015625 0.0774688720703125 -0.221115112304688
-0.158676147460938 -0.224029541015625 -0.017669677734375 -0.163040161132813
-0.262893676757813 -0.0314788818359374 -0.0788421630859375 -0.065277099609375
-0.241409301757813 0.0964813232421875 -0.0276527404785156 -0.00403213500976562
-0.220428466796875 0.09576416015625 0.0484161376953125 -0.00453948974609374
-0.23699951171875 0.14373779296875 0.0843734741210937 -0.0224380493164062
-0.255523681640625 0.0791473388671875 0.128952026367187 0.0217666625976563
-0.273483276367188 -0.0698394775390625 0.132568359375 0.0563735961914063
-0.188705444335938 -0.210906982421875 0.055908203125 0.124931335449219
0.0753173828125 -0.3155517578125 -0.0470199584960937 0.135421752929687
0.245681762695313 -0.249267578125 -0.0847930908203125 0.01129150390625
0.36566162109375 -0.0828857421875 0.0979843139648438 -0.0237350463867188
0.290557861328125 0.074981689453125 0.260787963867188 -0.190811157226563
0.297698974609375 -0.008697509765625 0.314849853515625 -0.142333984375
0.264556884765625 -0.184906005859375 0.231414794921875 -0.14471435546875
0.0445556640625 -0.2655029296875 0.127609252929688 -0.174209594726563
-0.11328125 -0.197525024414062 0.0496597290039063 -0.133682250976563
-0.22137451171875 -0.0391387939453125 0.00495910644531248 -0.078857421875
-0.208847045898437 0.0728759765625 0.0461502075195312 -0.0541839599609375
-0.193634033203125 0.078155517578125 0.102752685546875 -0.05841064453125
-0.21221923828125 0.120864868164063 0.142013549804688 -0.0752410888671875
-0.228561401367188 0.0646209716796875 0.189178466796875 -0.015045166015625
-0.241195678710938 -0.0718231201171875 0.183395385742188 0.0397186279296875
-0.152557373046875 -0.196548461914063 0.094757080078125 0.123527526855469
0.096893310546875 -0.265228271484375 -0.0227508544921875 0.131927490234375
0.241256713867188 -0.170928955078125 -0.028961181640625 -0.0201835632324219
0.309112548828125 -0.004241943359375 0.2083740234375 -0.0311737060546875
0.137252807617188 0.125038146972656 0.34332275390625 -0.162841796875
0.185882568359375 0.06719970703125 0.359130859375 -0.128265380859375
0.194198608398438 -0.067138671875 0.232513427734375 -0.120834350585938
0.05859375 -0.158203125 0.152755737304688 -0.135986328125
-0.0548171997070313 -0.131721496582031 0.088958740234375 -0.107170104980469
-0.143295288085938 -0.0350341796875 0.0669326782226562 -0.0873489379882813
-0.142669677734375 0.0398101806640625 0.101524353027344 -0.0931549072265625
-0.136207580566406 0.0480194091796875 0.142242431640625 -0.102630615234375
-0.156082153320313 0.0787353515625 0.18939208984375 -0.115951538085937
-0.171417236328125 0.0398712158203125 0.239669799804687 -0.0392913818359375
-0.17724609375 -0.0665435791015625 0.22381591796875 0.0362548828125
-0.09881591796875 -0.158935546875 0.123458862304687 0.132041931152344
0.106369018554688 -0.18658447265625 -0.005767822265625 0.135215759277344
0.206512451171875 -0.072479248046875 0.0216236114501953 -0.0313262939453125
0.210617065429688 0.07659912109375 0.293914794921875 -0.013671875
-0.03936767578125 -0.124221801757813 -0.329071044921875 0.028594970703125
-0.126411437988281 0.00391387939453127 -0.0596351623535156 0.0362129211425781
-0.06732177734375 0.0869827270507813 0.0140228271484375 -0.14459228515625
0.0294036865234375 0.0852127075195313 -0.141494750976563 -0.183807373046875
0.0753021240234375 0.0371475219726563 -0.247589111328125 -0.067596435546875
0.0872726440429688 -0.0176849365234375 -0.266281127929688 0.071197509765625
0.0617904663085937 -0.0224266052246094 -0.217178344726562 0.164321899414063
0.0610389709472656 -0.0175895690917969 -0.153076171875 0.142608642578125
0.0694503784179688 -0.00886917114257813 -0.1170654296875 0.123382568359375
0.0487594604492188 0.0346641540527344 -0.103347778320312 0.100334167480469
-0.00294113159179687 0.0593147277832031 -0.097442626953125 0.111129760742187
-0.0722579956054687 0.0314102172851563 -0.156204223632812 0.122024536132813
-0.0931015014648438 -0.0603713989257812 -0.255584716796875 0.0991363525390626
-0.0511398315429688 -0.133705139160156 -0.3531494140625 0.128936767578125
0.0234222412109375 -0.167404174804688 -0.377288818359375 0.120391845703125
0.1129150390625 -0.163726806640625 -0.33636474609375 -0.028228759765625
-0.03204345703125 -0.085601806640625 -0.0692062377929688 0.00364303588867186
-0.0380172729492188 -0.0388679504394531 0.025360107421875 -0.163803100585938
-0.0256118774414062 -0.0069427490234375 -0.138961791992188 -0.211151123046875
-0.010685920715332 -0.00542449951171875 -0.25384521484375 -0.0979614257812501
-0.0117454528808594 0.006011962890625 -0.2840576171875 0.062713623046875
-0.0248298645019531 0.0327987670898438 -0.222518920898438 0.168075561523437
-0.0242271423339844 0.0256366729736328 -0.143157958984375 0.147628784179687
-0.0246238708496094 0.0386466979980469 -0.109695434570312 0.128005981445313
-0.0482063293457031 0.0373191833496094 -0.091949462890625 0.110870361328125
-0.083160400390625 0.00059509277343749 -0.0791702270507812 0.114387512207031
-0.0969924926757812 -0.0695114135742188 -0.136131286621094 0.126594543457031
-0.0154571533203125 -0.162078857421875 -0.220993041992188 0.111282348632812
0.0689239501953125 -0.204666137695313 -0.3170166015625 0.128387451171875
0.172882080078125 -0.190444946289063 -0.335906982421875 0.09619140625
0.258926391601563 -0.168685913085938 -0.28594970703125 -0.094482421875
0.0908050537109375 -0.155838012695313 -0.0399894714355469 -0.0431098937988281
0.023223876953125 -0.170822143554688 0.055450439453125 -0.188369750976563
-0.0652923583984375 -0.120452880859375 -0.114532470703125 -0.2412109375
-0.094482421875 -0.065093994140625 -0.233505249023437 -0.13482666015625
-0.113716125488281 0.0172653198242188 -0.275726318359375 0.0373687744140626
-0.111228942871094 0.0780258178710938 -0.204910278320312 0.148300170898438
-0.105690002441406 0.0641708374023438 -0.111930847167969 0.131675720214844
-0.111526489257813 0.0865554809570313 -0.07843017578125 0.113960266113281
-0.136039733886719 0.0508651733398438 -0.053253173828125 0.10992431640625
-0.16375732421875 -0.0349884033203125 -0.036529541015625 0.114433288574219
-0.138137817382813 -0.141769409179688 -0.0942230224609375 0.136306762695313
0.0229949951171875 -0.2503662109375 -0.174484252929688 0.130340576171875
0.148834228515625 -0.267074584960938 -0.2613525390625 0.120437622070313
0.285308837890625 -0.200592041015625 -0.25140380859375 0.0706024169921875
0.369903564453125 -0.138916015625 -0.180572509765625 -0.152999877929688
0.21795654296875 -0.18731689453125 0.0267868041992188 -0.0929336547851563
0.110809326171875 -0.277862548828125 0.102005004882813 -0.204635620117188
-0.0760650634765625 -0.233108520507813 -0.0645599365234375 -0.260284423828125
-0.157180786132813 -0.135543823242187 -0.181991577148437 -0.165634155273438
-0.200836181640625 0.0130615234375 -0.236495971679688 0.00103759765625005
-0.182327270507813 0.106643676757813 -0.16253662109375 0.108230590820312
-0.1700439453125 0.0923919677734375 -0.0643997192382813 0.0976486206054688
-0.178665161132813 0.126602172851563 -0.0302734375 0.080963134765625
-0.203750610351562 0.0722198486328125 0.00319671630859373 0.092254638671875
-0.231353759765625 -0.0482635498046875 0.0194549560546875 0.102348327636719
-0.180709838867187 -0.181411743164063 -0.0416793823242188 0.138671875
0.03497314453125 -0.30975341796875 -0.123626708984375 0.14215087890625
0.192840576171875 -0.30462646484375 -0.200592041015625 0.0973968505859375
0.352874755859375 -0.192718505859375 -0.142898559570312 0.03887939453125
0.41998291015625 -0.07757568359375 -0.035980224609375 -0.193069458007812
0.313690185546875 -0.16796875 0.121978759765625 -0.132057189941406
0.201995849609375 -0.324005126953125 0.157806396484375 -0.202606201171875
-0.052337646484375 -0.311492919921875 0.00463867187499999 -0.255218505859375
-0.1824951171875 -0.193206787109375 -0.105148315429688 -0.176803588867188
-0.254241943359375 -0.00250244140625 -0.166946411132813 -0.0353240966796875
-0.226593017578125 0.115814208984375 -0.100234985351563 0.0548019409179688
-0.208724975585938 0.106857299804688 -0.00793075561523439 0.0485267639160156
-0.218994140625 0.151947021484375 0.026315689086914 0.0324287414550781
-0.241744995117188 0.088348388671875 0.06646728515625 0.0586929321289063
-0.270217895507812 -0.052947998046875 0.07879638671875 0.0790557861328125
-0.204345703125 -0.199066162109375 0.01275634765625 0.132675170898437
0.04278564453125 -0.332733154296875 -0.07879638671875 0.143157958984375
0.21832275390625 -0.3026123046875 -0.142364501953125 0.05859375
0.378570556640625 -0.16009521484375 -0.0241813659667969 0.00301933288574218
0.393768310546875 -0.00665283203125 0.119644165039063 -0.205612182617188
0.3453369140625 -0.100860595703125 0.2247314453125 -0.150482177734375
0.26177978515625 -0.291168212890625 0.20416259765625 -0.181182861328125
-0.00546264648437497 -0.323577880859375 0.0734405517578125 -0.222808837890625
-0.165069580078125 -0.217529296875 -0.0225067138671875 -0.16473388671875
-0.2606201171875 -0.02081298828125 -0.0810928344726563 -0.062042236328125
-0.234268188476563 0.106155395507812 -0.026611328125 -0.00295066833496093
-0.21600341796875 0.104171752929687 0.0507469177246094 -0.00811386108398437
-0.2274169921875 0.153411865234375 0.0849227905273437 -0.0244522094726562
-0.248641967773437 0.0897369384765625 0.130538940429687 0.017364501953125
-0.273727416992188 -0.0566253662109375 0.134574890136719 0.0524826049804688
-0.195953369140625 -0.201080322265625 0.0595321655273437 0.123809814453125
0.06292724609375 -0.318145751953125 -0.0444564819335938 0.137374877929688
0.233291625976563 -0.256576538085938 -0.0870590209960937 0.01519775390625
0.363189697265625 -0.09539794921875 0.0950927734375 -0.0266647338867188
0.291534423828125 0.06396484375 0.253128051757813 -0.1951904296875
0.2960205078125 -0.017669677734375 0.30841064453125 -0.148284912109375
0.25653076171875 -0.195358276367188 0.2293701171875 -0.150222778320313
0.03411865234375 -0.26544189453125 0.125640869140625 -0.1783447265625
-0.118545532226562 -0.193344116210938 0.0457916259765625 -0.137237548828125
-0.219772338867188 -0.0301666259765625 0.00174713134765624 -0.0787734985351563
-0.203598022460937 0.08160400390625 0.0445976257324219 -0.05560302734375
-0.188766479492188 0.08563232421875 0.102500915527344 -0.0634994506835938
-0.203933715820312 0.129104614257813 0.140388488769531 -0.079071044921875
-0.222793579101562 0.0743865966796875 0.188949584960937 -0.0203704833984375
-0.2413330078125 -0.0600433349609374 0.183364868164062 0.033966064453125
-0.159027099609375 -0.188125610351563 0.0982131958007812 0.121139526367187
0.0860137939453125 -0.268646240234375 -0.019256591796875 0.132904052734375
0.233001708984375 -0.178680419921875 -0.0326194763183594 -0.0191688537597656
0.308197021484375 -0.01568603515625 0.204559326171875 -0.0381927490234375
0.141372680664063 0.118515014648438 0.334991455078125 -0.171417236328125
0.187530517578125 0.060699462890625 0.353271484375 -0.138671875
0.189895629882812 -0.075439453125 0.230377197265625 -0.12628173828125
0.051788330078125 -0.158172607421875 0.15203857421875 -0.141281127929688
-0.059051513671875 -0.128837585449219 0.086273193359375 -0.111587524414063
-0.141799926757813 -0.0287017822265625 0.062957763671875 -0.0895156860351563
-0.138916015625 0.046173095703125 0.0976028442382812 -0.0967483520507813
-0.132843017578125 0.0538787841796875 0.139350891113281 -0.107612609863281
-0.14959716796875 0.0848846435546875 0.185317993164063 -0.121002197265625
-0.16668701171875 0.0478668212890625 0.237289428710938 -0.047271728515625
-0.177886962890625 -0.0583038330078125 0.222885131835937 0.02880859375
-0.10443115234375 -0.1534423828125 0.127349853515625 0.127693176269531
0.0991363525390625 -0.189926147460938 -0.00171661376953124 0.134773254394531
0.202117919921875 -0.07940673828125 0.0174045562744141 -0.0332736968994141
0.212326049804688 0.06707763671875 0.2900390625 -0.024078369140625
-0.0472183227539063 -0.123733520507813 -0.326629638671875 0.047576904296875
-0.124526977539063 0.0118408203125 -0.0538253784179688 0.0413589477539063
-0.0615692138671875 0.0921173095703125 0.0072174072265625 -0.1480712890625
0.0333099365234375 0.0834884643554688 -0.152053833007813 -0.177703857421875
0.077178955078125 0.0324630737304687 -0.2515869140625 -0.0545196533203125
0.0861129760742188 -0.0241928100585938 -0.263397216796875 0.0845794677734375
0.0599594116210938 -0.0264015197753906 -0.208038330078125 0.176483154296875
0.058349609375 -0.0213890075683594 -0.146102905273438 0.151702880859375
0.0666007995605469 -0.0142784118652344 -0.110450744628906 0.130577087402344
0.0504913330078125 0.0297317504882813 -0.0983810424804688 0.106407165527344
0.00111007690429687 0.0583572387695313 -0.092315673828125 0.117301940917969
-0.0700111389160156 0.0354804992675781 -0.152755737304688 0.132736206054688
-0.0959548950195313 -0.0548477172851563 -0.255020141601563 0.1138916015625
-0.0576324462890625 -0.129493713378906 -0.35003662109375 0.148040771484375
0.014984130859375 -0.169708251953125 -0.374542236328125 0.141082763671875
0.103912353515625 -0.172393798828125 -0.337921142578125 -0.00909423828125005
-0.0341873168945312 -0.0830535888671875 -0.0657730102539063 0.0105361938476562
-0.0397224426269531 -0.0367507934570313 0.01788330078125 -0.168411254882813
-0.0265712738037109 -0.00620269775390625 -0.15032958984375 -0.205535888671875
-0.0118007659912109 -0.00549602508544922 -0.259353637695313 -0.08575439453125
-0.0116214752197266 0.00659084320068359 -0.28143310546875 0.077606201171875
-0.0230751037597656 0.0346927642822266 -0.21295166015625 0.181137084960938
-0.0240497589111328 0.0265617370605469 -0.1351318359375 0.155197143554687
-0.0240821838378906 0.0393638610839844 -0.101982116699219 0.134292602539063
-0.0456390380859375 0.0383834838867188 -0.0855484008789062 0.115966796875
-0.0830307006835938 0.00460052490234376 -0.072998046875 0.120437622070313
-0.100326538085938 -0.064849853515625 -0.1318359375 0.136886596679688
-0.023590087890625 -0.161636352539062 -0.220474243164063 0.125259399414062
0.058258056640625 -0.206863403320313 -0.314239501953125 0.147125244140625
0.16412353515625 -0.200225830078125 -0.334686279296875 0.114471435546875
0.251251220703125 -0.184341430664062 -0.290374755859375 -0.07666015625
0.0855865478515625 -0.15972900390625 -0.0400733947753906 -0.0376510620117188
0.0143585205078125 -0.173049926757813 0.0478057861328125 -0.193267822265625
-0.0727920532226563 -0.116935729980469 -0.125930786132813 -0.236862182617188
-0.0996627807617188 -0.0619125366210937 -0.2410888671875 -0.123748779296875
-0.112472534179688 0.02349853515625 -0.274032592773438 0.0516357421875001
-0.106315612792969 0.0854568481445313 -0.195968627929687 0.159759521484375
-0.103408813476563 0.0709457397460938 -0.104293823242187 0.136505126953125
-0.107131958007813 0.093109130859375 -0.0708999633789063 0.118507385253906
-0.13250732421875 0.058563232421875 -0.0457534790039063 0.113876342773437
-0.16552734375 -0.025604248046875 -0.029632568359375 0.118782043457031
-0.146209716796875 -0.134933471679688 -0.0894622802734375 0.144989013671875
0.00956726074218749 -0.253860473632813 -0.172348022460937 0.142623901367187
0.134185791015625 -0.275192260742188 -0.259552001953125 0.137069702148437
0.277725219726563 -0.217376708984375 -0.25152587890625 0.0853118896484374
0.3651123046875 -0.15948486328125 -0.188552856445312 -0.1405029296875
0.211441040039063 -0.197158813476563 0.0241165161132813 -0.0903244018554688
0.0960693359375 -0.286163330078125 0.095428466796875 -0.211624145507813
-0.0895233154296875 -0.229949951171875 -0.076507568359375 -0.259368896484375
-0.166824340820313 -0.128158569335937 -0.191314697265625 -0.158126831054687
-0.199691772460938 0.02423095703125 -0.236572265625 0.014068603515625
-0.176513671875 0.118301391601562 -0.155120849609375 0.117202758789063
-0.16644287109375 0.103515625 -0.05767822265625 0.0990524291992188
-0.170654296875 0.138137817382813 -0.0240554809570313 0.08319091796875
-0.197708129882812 0.0843048095703125 0.0103302001953125 0.0926437377929687
-0.233901977539063 -0.0345611572265625 0.0260238647460937 0.103584289550781
-0.192062377929687 -0.17254638671875 -0.03558349609375 0.145095825195313
0.017669677734375 -0.3155517578125 -0.120620727539062 0.152175903320312
0.175567626953125 -0.315185546875 -0.199874877929687 0.110321044921875
0.346282958984375 -0.21356201171875 -0.143722534179687 0.0477142333984375
0.41937255859375 -0.1011962890625 -0.0453338623046875 -0.188095092773438
0.308441162109375 -0.182464599609375 0.116668701171875 -0.134635925292969
0.185943603515625 -0.337554931640625 0.151611328125 -0.21234130859375
-0.06951904296875 -0.309051513671875 -0.00588989257812503 -0.257354736328125
-0.194198608398438 -0.185943603515625 -0.115280151367188 -0.174652099609375
-0.25360107421875 0.011474609375 -0.169189453125 -0.0257568359375
-0.219650268554687 0.130477905273438 -0.0953292846679688 0.0601348876953125
-0.2041015625 0.120071411132813 -0.00275802612304689 0.0463905334472656
-0.209182739257813 0.165863037109375 0.0301856994628906 0.0309848785400391
-0.235000610351563 0.103500366210937 0.072479248046875 0.0559768676757813
-0.2728271484375 -0.0355072021484375 0.0842514038085937 0.07611083984375
-0.216506958007813 -0.187942504882813 0.0188827514648437 0.135086059570313
0.023590087890625 -0.3385009765625 -0.074371337890625 0.150222778320312
0.20062255859375 -0.3167724609375 -0.143142700195313 0.0688018798828125
0.3726806640625 -0.180816650390625 -0.0257301330566406 0.00480270385742187
0.396270751953125 -0.02667236328125 0.109619140625 -0.208694458007813
0.34259033203125 -0.118865966796875 0.217727661132813 -0.158096313476562
0.246826171875 -0.307861328125 0.199905395507813 -0.191925048828125
-0.02325439453125 -0.323394775390625 0.06494140625 -0.229934692382813
-0.177719116210938 -0.21075439453125 -0.0308685302734375 -0.167190551757813
-0.261123657226563 -0.00564575195312499 -0.0847244262695313 -0.05767822265625
-0.22808837890625 0.121902465820313 -0.0252285003662109 -0.00141525268554687
-0.21063232421875 0.1181640625 0.0522308349609375 -0.0128822326660156
-0.217254638671875 0.167922973632812 0.0856781005859375 -0.0289306640625
-0.240936279296875 0.106109619140625 0.133628845214844 0.010955810546875
-0.276992797851563 -0.038299560546875 0.138519287109375 0.0464935302734375
-0.208786010742187 -0.190032958984375 0.0658721923828125 0.123565673828125
0.0445556640625 -0.324493408203125 -0.0398406982421875 0.142044067382812
0.217910766601563 -0.271011352539063 -0.0900344848632813 0.0215377807617187
0.36053466796875 -0.116973876953125 0.0922012329101563 -0.0315170288085938
0.296875 0.047698974609375 0.24456787109375 -0.205474853515625
0.29730224609375 -0.0328369140625 0.301727294921875 -0.1617431640625
0.245773315429688 -0.212738037109375 0.226547241210938 -0.16241455078125
0.01873779296875 -0.2672119140625 0.1192626953125 -0.187698364257813
-0.129974365234375 -0.187713623046875 0.0388946533203125 -0.143417358398438
-0.220260620117188 -0.016632080078125 -0.00254058837890626 -0.0789718627929687
-0.198013305664062 0.095306396484375 0.0425758361816406 -0.0586776733398438
-0.184661865234375 0.0976562499999999 0.10137939453125 -0.071502685546875
-0.194656372070313 0.142318725585938 0.13818359375 -0.086517333984375
-0.216354370117187 0.0892333984375 0.189712524414063 -0.030670166015625
-0.2445068359375 -0.0438690185546875 0.186172485351562 0.024749755859375
-0.171249389648438 -0.178665161132812 0.104957580566406 0.117340087890625
0.0710601806640625 -0.276016235351563 -0.0133743286132813 0.135581970214844
0.222824096679688 -0.192245483398438 -0.0375289916992187 -0.0168991088867188
0.309417724609375 -0.03460693359375 0.201019287109375 -0.049530029296875
0.14794921875 0.11029052734375 0.327789306640625 -0.185791015625
0.191543579101563 0.0499420166015625 0.347930908203125 -0.154449462890625
0.186019897460938 -0.0880279541015625 0.228271484375 -0.138092041015625
0.0420989990234375 -0.161148071289063 0.1473388671875 -0.152389526367188
-0.0663223266601563 -0.126121520996094 0.081390380859375 -0.119155883789063
-0.143295288085938 -0.02008056640625 0.0570831298828125 -0.0931930541992188
-0.135757446289062 0.0552597045898438 0.0928268432617188 -0.103286743164063
-0.130378723144531 0.062103271484375 0.134712219238281 -0.117218017578125
-0.14349365234375 0.09442138671875 0.18011474609375 -0.131637573242188
-0.1614990234375 0.0590057373046875 0.236846923828125 -0.0598907470703125
-0.181503295898438 -0.0461883544921875 0.224441528320312 0.017425537109375
-0.113922119140625 -0.146896362304687 0.13507080078125 0.122566223144531
0.0884857177734375 -0.196670532226562 0.00380706787109375 0.136375427246094
0.197860717773438 -0.0904998779296875 0.0116596221923828 -0.0344123840332031
0.217117309570312 0.0551605224609375 0.287994384765625 -0.0400390625
-0.0577545166015625 -0.119590759277344 -0.31939697265625 0.07257080078125
-0.120506286621094 0.0214309692382812 -0.0463714599609375 0.0464591979980469
-0.0529327392578125 0.096710205078125 -0.00350952148437499 -0.149139404296875
0.038604736328125 0.0801010131835938 -0.163421630859375 -0.165328979492188
0.0780410766601563 0.0261383056640625 -0.252731323242188 -0.0356597900390625
0.0821304321289063 -0.03173828125 -0.255508422851563 0.102569580078125
0.0571060180664063 -0.0316963195800781 -0.192886352539062 0.1917724609375
0.0540695190429687 -0.026336669921875 -0.134002685546875 0.161819458007812
0.0622596740722656 -0.0205230712890625 -0.099884033203125 0.138412475585938
0.052093505859375 0.0235824584960938 -0.0899276733398437 0.113967895507813
0.00618362426757812 0.0561790466308594 -0.083953857421875 0.124183654785156
-0.0663948059082031 0.0401878356933594 -0.143783569335938 0.145416259765625
-0.0980758666992188 -0.0461883544921875 -0.246673583984375 0.133712768554688
-0.0656585693359375 -0.122955322265625 -0.337188720703125 0.172637939453125
0.00144958496093748 -0.169326782226563 -0.3638916015625 0.167449951171875
0.089691162109375 -0.179061889648438 -0.334503173828125 0.018524169921875
-0.0378189086914063 -0.0792999267578125 -0.0603675842285156 0.0178871154785156
-0.0415267944335938 -0.0333404541015625 0.006683349609375 -0.16961669921875
-0.0273189544677734 -0.0037689208984375 -0.163421630859375 -0.1934814453125
-0.0135927200317383 -0.0054483413696289 -0.263229370117188 -0.065643310546875
-0.0110092163085938 0.00652122497558594 -0.27294921875 0.0967864990234375
-0.0196342468261719 0.0361709594726562 -0.1966552734375 0.195220947265625
-0.0234413146972656 0.0285491943359375 -0.122650146484375 0.163330078125
-0.022125244140625 0.0403633117675781 -0.091094970703125 0.141647338867187
-0.0423851013183594 0.0399703979492187 -0.0753173828125 0.122772216796875
-0.081329345703125 0.0101242065429688 -0.0637283325195312 0.125762939453125
-0.104209899902344 -0.0577163696289063 -0.122848510742188 0.148529052734375
-0.0355682373046875 -0.1597900390625 -0.213150024414063 0.142974853515625
0.0422210693359375 -0.207916259765625 -0.30322265625 0.170684814453125
0.149307250976563 -0.211151123046875 -0.32647705078125 0.139007568359375
0.235671997070312 -0.20269775390625 -0.29339599609375 -0.0522766113281251
0.075347900390625 -0.163299560546875 -0.0392799377441406 -0.0307998657226563
0.00125122070312499 -0.173385620117188 0.0349273681640625 -0.196029663085937
-0.0813064575195312 -0.110588073730469 -0.141326904296875 -0.226760864257813
-0.105026245117188 -0.0549850463867188 -0.248275756835938 -0.10565185546875
-0.109260559082031 0.0319290161132812 -0.2672119140625 0.0716705322265625
-0.09832763671875 0.093505859375 -0.180328369140625 0.173263549804688
-0.0984039306640625 0.0780487060546875 -0.0928192138671875 0.141372680664063
-0.0992050170898438 0.100479125976562 -0.0599365234375 0.123176574707031
-0.125930786132813 0.0673065185546875 -0.035430908203125 0.116905212402344
-0.16522216796875 -0.012451171875 -0.0198974609375 0.121383666992188
-0.155548095703125 -0.1234130859375 -0.0793304443359375 0.154067993164063
-0.009735107421875 -0.254119873046875 -0.164932250976563 0.156784057617187
0.111968994140625 -0.281402587890625 -0.250106811523438 0.1578369140625
0.260589599609375 -0.23699951171875 -0.245742797851562 0.103317260742188
0.351043701171875 -0.187255859375 -0.196853637695312 -0.123031616210938
0.1976318359375 -0.209579467773438 0.0194549560546875 -0.08673095703125
0.074005126953125 -0.2919921875 0.081878662109375 -0.218292236328125
-0.105987548828125 -0.220977783203125 -0.0924530029296875 -0.25347900390625
-0.176651000976563 -0.116043090820313 -0.202285766601563 -0.144439697265625
-0.194915771484375 0.039947509765625 -0.232894897460937 0.0320281982421875
-0.164382934570313 0.132186889648438 -0.143356323242188 0.12786865234375
-0.157745361328125 0.116073608398437 -0.0484771728515625 0.0998001098632813
-0.157821655273438 0.1510009765625 -0.0153427124023438 0.0838088989257813
-0.187728881835937 0.0988922119140625 0.0196762084960938 0.0915451049804688
-0.2333984375 -0.0147857666015625 0.0348663330078125 0.10235595703125
-0.204071044921875 -0.156997680664062 -0.025421142578125 0.149765014648437
-0.00778198242187503 -0.315765380859375 -0.112030029296875 0.162933349609375
0.149139404296875 -0.3251953125 -0.19305419921875 0.12744140625
0.329315185546875 -0.23968505859375 -0.141464233398438 0.058258056640625
0.4095458984375 -0.133544921875 -0.0585174560546875 -0.180435180664063
0.29351806640625 -0.20318603515625 0.107467651367188 -0.137985229492188
0.1580810546875 -0.351318359375 0.138626098632813 -0.22247314453125
-0.091522216796875 -0.3009033203125 -0.0234222412109375 -0.256942749023438
-0.208053588867188 -0.171524047851563 -0.1279296875 -0.166488647460938
-0.249893188476562 0.0319671630859375 -0.169097900390625 -0.01239013671875
-0.206344604492187 0.148330688476563 -0.0877838134765625 0.0659408569335938
-0.192901611328125 0.135604858398438 0.00270462036132811 0.0431289672851563
-0.192337036132813 0.18133544921875 0.0348110198974609 0.0281620025634766
-0.2225341796875 0.122055053710938 0.07867431640625 0.0496826171875
-0.272247314453125 -0.0126495361328125 0.0907363891601562 0.0703582763671875
-0.229293823242188 -0.168930053710938 0.0289154052734375 0.136054992675781
-0.00396728515624999 -0.339080810546875 -0.0654449462890625 0.157577514648437
0.1741943359375 -0.3275146484375 -0.140174865722656 0.0816268920898438
0.357757568359375 -0.2099609375 -0.0273265838623047 0.0073108673095703
0.391357421875 -0.057769775390625 0.094207763671875 -0.212677001953125
0.332855224609375 -0.14251708984375 0.204940795898438 -0.169464111328125
0.220947265625 -0.326171875 0.18798828125 -0.206512451171875
-0.048614501953125 -0.318939208984375 0.050079345703125 -0.235153198242188
-0.193572998046875 -0.196945190429687 -0.0440826416015625 -0.165740966796875
-0.257919311523438 0.015289306640625 -0.0878143310546875 -0.0496444702148438
-0.213729858398438 0.140182495117187 -0.0231132507324219 -0.000427246093749991
-0.199127197265625 0.134292602539063 0.0528907775878906 -0.0200958251953125
-0.198959350585938 0.184310913085938 0.0856781005859375 -0.0356521606445312
-0.228515625 0.125030517578125 0.136184692382812 0.000335693359375008
-0.276168823242188 -0.0145416259765625 0.141860961914062 0.0368194580078125
-0.221939086914063 -0.171340942382813 0.0746841430664062 0.119392395019531
0.01727294921875 -0.32562255859375 -0.030303955078125 0.14569091796875
0.194488525390625 -0.284912109375 -0.0909805297851562 0.0304641723632813
0.351226806640625 -0.145172119140625 0.0869522094726563 -0.037750244140625
0.2989501953125 0.023712158203125 0.228805541992188 -0.218978881835938
0.293304443359375 -0.055389404296875 0.2877197265625 -0.18060302734375
0.22760009765625 -0.231414794921875 0.215988159179688 -0.1778564453125
-0.00213623046874998 -0.265701293945313 0.106536865234375 -0.197769165039063
-0.144195556640625 -0.177032470703125 0.02783203125 -0.147323608398438
-0.218505859375 0.00141906738281249 -0.00881958007812502 -0.0772323608398438
-0.186492919921875 0.112945556640625 0.0390472412109375 -0.0619392395019531
-0.174636840820313 0.111846923828125 0.0967025756835937 -0.0803909301757813
-0.179031372070313 0.156951904296875 0.132118225097656 -0.096343994140625
-0.204055786132813 0.106719970703125 0.18865966796875 -0.045257568359375
-0.244979858398438 -0.0224151611328125 0.186614990234375 0.0116729736328125
-0.183807373046875 -0.162841796875 0.112716674804687 0.10986328125
0.04779052734375 -0.2803955078125 -0.00498199462890625 0.136985778808594
0.20391845703125 -0.208236694335937 -0.0417861938476562 -0.0131111145019531
0.305450439453125 -0.058837890625 0.193832397460938 -0.0642242431640625
0.154861450195313 0.097076416015625 0.3131103515625 -0.20660400390625
0.193893432617188 0.0341033935546875 0.33380126953125 -0.17864990234375
0.177978515625 -0.103591918945313 0.220123291015625 -0.154434204101562
0.0281829833984375 -0.16265869140625 0.136871337890625 -0.164993286132813
-0.0761566162109375 -0.120491027832031 0.0717620849609375 -0.126388549804688
-0.142410278320312 -0.00796508789062501 0.0495071411132812 -0.0965576171875
-0.129127502441406 0.0680007934570313 0.0844039916992188 -0.110511779785156
-0.123703002929688 0.0731582641601562 0.12579345703125 -0.128456115722656
-0.132965087890625 0.105133056640625 0.170211791992188 -0.14483642578125
-0.15338134765625 0.0720977783203125 0.231842041015625 -0.0775146484375
-0.182723999023438 -0.030059814453125 0.223495483398438 0.0012969970703125
-0.124656677246094 -0.135711669921875 0.143081665039063 0.112747192382812
0.07183837890625 -0.202774047851563 0.0123291015625 0.136299133300781
0.187698364257813 -0.104873657226563 0.00436973571777345 -0.0346565246582031
0.220245361328125 0.0364990234375 0.280059814453125 -0.061126708984375
-0.0670547485351563 -0.110710144042969 -0.302154541015625 0.096435546875
-0.112998962402344 0.0299072265625 -0.0371551513671875 0.0491485595703125
-0.04241943359375 0.097442626953125 -0.0144805908203125 -0.144485473632813
0.0429840087890625 0.0745925903320313 -0.169677734375 -0.148208618164063
0.0771560668945312 0.0187301635742188 -0.245071411132813 -0.01580810546875
0.0754776000976563 -0.0385284423828125 -0.23919677734375 0.1170654296875
0.0516853332519531 -0.0361671447753906 -0.17108154296875 0.200347900390625
0.0479736328125 -0.0303001403808594 -0.117889404296875 0.167022705078125
0.0555229187011719 -0.0255317687988281 -0.08544921875 0.141387939453125
0.0508460998535156 0.015869140625 -0.0791168212890625 0.117752075195313
0.0103225708007813 0.0527229309082031 -0.0729293823242187 0.127479553222656
-0.0605049133300781 0.0435447692871094 -0.12890625 0.153778076171875
-0.09765625 -0.0365676879882812 -0.229843139648437 0.149444580078125
-0.07098388671875 -0.112258911132813 -0.31231689453125 0.192138671875
-0.0130767822265625 -0.163970947265625 -0.34063720703125 0.189239501953125
0.0710601806640625 -0.18084716796875 -0.320343017578125 0.04522705078125
-0.0402603149414063 -0.0732345581054688 -0.0535774230957031 0.0240516662597656
-0.0417366027832031 -0.0287132263183594 -0.00506591796875002 -0.165908813476563
-0.0272483825683594 -0.00142478942871093 -0.171600341796875 -0.175399780273438
-0.0147905349731445 -0.00420188903808593 -0.2578125 -0.04437255859375
-0.0107173919677734 0.00695419311523437 -0.256851196289063 0.113357543945313
-0.0161895751953125 0.036163330078125 -0.1739501953125 0.204208374023438
-0.0224742889404297 0.0293598175048828 -0.106231689453125 0.16656494140625
-0.019805908203125 0.0402336120605469 -0.0767364501953125 0.143630981445313
-0.0383033752441406 0.0401229858398438 -0.0632781982421875 0.124252319335938
-0.0765609741210938 0.0147476196289062 -0.0519866943359375 0.127288818359375
-0.104812622070313 -0.0475311279296875 -0.108413696289062 0.155532836914063
-0.0458831787109375 -0.1512451171875 -0.1976318359375 0.157211303710938
0.02557373046875 -0.202529907226563 -0.281082153320313 0.188705444335937
0.127456665039063 -0.215499877929688 -0.307891845703125 0.159759521484375
0.21173095703125 -0.215042114257813 -0.28607177734375 -0.025238037109375
0.06268310546875 -0.162948608398438 -0.03778076171875 -0.0231361389160156
-0.01226806640625 -0.168106079101563 0.0210113525390625 -0.194229125976563
-0.0868988037109375 -0.0998458862304688 -0.151565551757812 -0.209945678710938
-0.10711669921875 -0.04522705078125 -0.24755859375 -0.0843963623046875
-0.102798461914063 0.0391845703125 -0.25244140625 0.0893402099609376
-0.0860748291015625 0.0984954833984375 -0.159271240234375 0.180160522460938
-0.0895919799804688 0.0840377807617188 -0.078094482421875 0.141937255859375
-0.0884475708007813 0.104835510253906 -0.0469512939453125 0.12335205078125
-0.115447998046875 0.0741729736328125 -0.0235671997070313 0.115142822265625
-0.15960693359375 0.000259399414062498 -0.00931549072265626 0.120040893554688
-0.159820556640625 -0.107650756835937 -0.0667572021484375 0.157867431640625
-0.0300140380859375 -0.244659423828125 -0.149993896484375 0.167861938476563
0.08624267578125 -0.278656005859375 -0.231689453125 0.173385620117188
0.233657836914063 -0.249755859375 -0.23236083984375 0.119354248046875
0.324981689453125 -0.208892822265625 -0.198211669921875 -0.10028076171875
0.177001953125 -0.21636962890625 0.013916015625 -0.081298828125
0.048248291015625 -0.289306640625 0.066162109375 -0.218582153320313
-0.119140625 -0.204360961914063 -0.107070922851563 -0.239974975585938
-0.1810302734375 -0.0992584228515625 -0.206436157226562 -0.124832153320313
-0.184356689453125 0.054168701171875 -0.221466064453125 0.04833984375
-0.14715576171875 0.141586303710938 -0.127059936523437 0.1328125
-0.143844604492188 0.125106811523437 -0.0381317138671875 0.0975189208984375
-0.13922119140625 0.158432006835938 -0.0069427490234375 0.0814285278320313
-0.17181396484375 0.109817504882813 0.028472900390625 0.08636474609375
-0.22540283203125 0.00424194335937503 0.0428085327148437 0.0969772338867187
-0.2093505859375 -0.134963989257812 -0.0141754150390625 0.14984130859375
-0.03271484375 -0.304351806640625 -0.09857177734375 0.169586181640625
0.118133544921875 -0.32391357421875 -0.17926025390625 0.139801025390625
0.3001708984375 -0.25677490234375 -0.134788513183594 0.0678863525390625
0.385955810546875 -0.16229248046875 -0.0694427490234375 -0.166336059570313
0.271484375 -0.216751098632813 0.094573974609375 -0.136695861816406
0.126007080078125 -0.353302001953125 0.12066650390625 -0.226593017578125
-0.112030029296875 -0.283355712890625 -0.0400390625 -0.248809814453125
-0.215667724609375 -0.150604248046875 -0.1370849609375 -0.152191162109375
-0.236587524414063 0.050994873046875 -0.162765502929688 0.00189208984375003
-0.184478759765625 0.160736083984375 -0.0777816772460938 0.0698776245117188
-0.175308227539063 0.147064208984375 0.00683975219726561 0.0390205383300781
-0.169418334960938 0.190780639648437 0.0384101867675781 0.0241508483886719
-0.201812744140625 0.135452270507812 0.0820693969726563 0.0415496826171875
-0.262496948242188 0.0104827880859375 0.0945968627929687 0.0617294311523438
-0.235443115234375 -0.144256591796875 0.0382919311523437 0.131690979003906
-0.031158447265625 -0.32781982421875 -0.0535125732421875 0.16033935546875
0.140869140625 -0.327911376953125 -0.131507873535156 0.0920486450195312
0.33148193359375 -0.232330322265625 -0.0280990600585937 0.0104103088378906
0.374176025390625 -0.088287353515625 0.0751800537109375 -0.208694458007813
0.31121826171875 -0.1627197265625 0.185836791992188 -0.174163818359375
0.188232421875 -0.3349609375 0.16888427734375 -0.214096069335938
-0.070953369140625 -0.3035888671875 0.0323333740234375 -0.232925415039063
-0.204132080078125 -0.175949096679688 -0.0562896728515625 -0.158340454101563
-0.245529174804688 0.036163330078125 -0.0871505737304688 -0.040771484375
-0.192306518554688 0.153701782226562 -0.0208244323730469 0.000745773315429701
-0.181472778320313 0.146240234375 0.0510902404785156 -0.0259780883789062
-0.175704956054687 0.194091796875 0.0820388793945312 -0.04156494140625
-0.206939697265625 0.139205932617188 0.134162902832031 -0.0108413696289062
-0.266433715820313 0.00990295410156255 0.140945434570312 0.0246429443359375
-0.227752685546875 -0.146865844726562 0.0812835693359375 0.111946105957031
-0.0107421875 -0.317352294921875 -0.020263671875 0.145462036132812
0.16375732421875 -0.289764404296875 -0.0888595581054687 0.0381927490234375
0.328094482421875 -0.169647216796875 0.0789413452148438 -0.0426025390625
0.290863037109375 -0.001129150390625 0.204803466796875 -0.225784301757813
0.279449462890625 -0.075775146484375 0.26409912109375 -0.1927490234375
0.200881958007812 -0.243881225585937 0.198516845703125 -0.188934326171875
-0.0237274169921875 -0.255523681640625 0.089385986328125 -0.201019287109375
-0.154388427734375 -0.160446166992188 0.014617919921875 -0.145828247070313
-0.208587646484375 0.0197601318359375 -0.0135879516601563 -0.07281494140625
-0.168594360351563 0.125045776367188 0.0340003967285156 -0.0636253356933594
-0.159912109375 0.123458862304688 0.087646484375 -0.0873489379882812
-0.1585693359375 0.166778564453125 0.121597290039062 -0.103599548339844
-0.18560791015625 0.120269775390625 0.18023681640625 -0.05841064453125
-0.236892700195312 -0.000381469726562506 0.181716918945313 -0.002899169921875
-0.190399169921875 -0.141082763671875 0.117645263671875 0.099456787109375
0.022674560546875 -0.274993896484375 0.00402832031250001 0.134429931640625
0.179733276367188 -0.215652465820312 -0.0449905395507812 -0.00712203979492189
0.291107177734375 -0.081878662109375 0.179763793945313 -0.07684326171875
0.157928466796875 0.0803680419921875 0.288177490234375 -0.22100830078125
0.190475463867187 0.017333984375 0.308319091796875 -0.1961669921875
0.162155151367188 -0.115982055664062 0.202728271484375 -0.165985107421875
0.013397216796875 -0.15869140625 0.12042236328125 -0.171340942382813
-0.0837783813476563 -0.110527038574219 0.059600830078125 -0.129318237304688
-0.135910034179688 0.00468444824218749 0.0408096313476562 -0.0959548950195313
-0.117362976074219 0.0771560668945313 0.0733261108398437 -0.113555908203125
-0.113670349121094 0.081329345703125 0.112770080566406 -0.135200500488281
-0.1185302734375 0.113166809082031 0.15435791015625 -0.153289794921875
-0.14013671875 0.0823593139648438 0.218841552734375 -0.0941925048828125
-0.177841186523438 -0.012725830078125 0.2159423828125 -0.015350341796875
-0.130813598632813 -0.119827270507813 0.146331787109375 0.0984954833984375
0.0530853271484375 -0.201904296875 0.0205764770507812 0.1312255859375
0.1724853515625 -0.115982055664063 -0.00197792053222655 -0.0326461791992188
0.214462280273437 0.01654052734375 0.263214111328125 -0.080963134765625
-0.0712890625 -0.100288391113281 -0.280105590820313 0.108551025390625
-0.104148864746094 0.0343246459960938 -0.0284461975097656 0.0484962463378906
-0.0331573486328125 0.0953903198242188 -0.0211563110351562 -0.138023376464844
0.04510498046875 0.0691070556640625 -0.168365478515625 -0.133529663085938
0.0736923217773438 0.0137557983398438 -0.232650756835938 -0.00338745117187497
0.0674209594726563 -0.0418052673339844 -0.222000122070313 0.1234130859375
0.0459098815917969 -0.0382575988769531 -0.15130615234375 0.199676513671875
0.0418167114257813 -0.0308151245117188 -0.103439331054687 0.1656494140625
0.0484542846679688 -0.0273361206054687 -0.074127197265625 0.139724731445312
0.0474777221679687 0.0106124877929688 -0.0697784423828125 0.116569519042969
0.0136947631835938 0.04742431640625 -0.064056396484375 0.125755310058594
-0.0547256469726562 0.04486083984375 -0.11541748046875 0.154495239257812
-0.0933074951171875 -0.0281143188476562 -0.210739135742188 0.155685424804688
-0.0720443725585937 -0.102241516113281 -0.287445068359375 0.197998046875
-0.0229034423828125 -0.1544189453125 -0.315765380859375 0.1986083984375
0.0567169189453125 -0.175003051757813 -0.300689697265625 0.0623168945312499
-0.0403175354003906 -0.0674705505371094 -0.0456161499023438 0.0275802612304687
-0.0403900146484375 -0.0250701904296875 -0.0127105712890625 -0.158462524414063
-0.025726318359375 0.000825881958007807 -0.171417236328125 -0.159515380859375
-0.0154733657836914 -0.00307083129882812 -0.247238159179688 -0.029510498046875
-0.0102386474609375 0.00638103485107422 -0.237930297851563 0.121124267578125
-0.0132255554199219 0.0349159240722656 -0.153701782226562 0.203170776367188
-0.0211009979248047 0.0296802520751953 -0.0925445556640625 0.163619995117188
-0.0182876586914062 0.038909912109375 -0.0647125244140625 0.14080810546875
-0.0343818664550781 0.0381622314453125 -0.053192138671875 0.122039794921875
-0.0716400146484375 0.0170822143554687 -0.0430984497070312 0.125228881835938
-0.101974487304687 -0.0398712158203125 -0.09625244140625 0.156509399414063
-0.052001953125 -0.140625 -0.180801391601562 0.16265869140625
0.014404296875 -0.19232177734375 -0.258544921875 0.194732666015625
0.10882568359375 -0.211685180664063 -0.285980224609375 0.169647216796875
0.189117431640625 -0.216354370117188 -0.272171020507813 -0.00596618652343753
0.05316162109375 -0.157577514648438 -0.0333786010742187 -0.0169944763183594
-0.02008056640625 -0.1597900390625 0.0113067626953125 -0.187606811523438
-0.0879440307617187 -0.0905227661132812 -0.15472412109375 -0.193588256835937
-0.106185913085938 -0.0369491577148438 -0.2392578125 -0.0674896240234375
-0.095001220703125 0.043121337890625 -0.234405517578125 0.09808349609375
-0.0756759643554687 0.098419189453125 -0.140655517578125 0.179244995117187
-0.08221435546875 0.0856552124023438 -0.0667190551757812 0.137557983398438
-0.0781784057617187 0.104248046875 -0.037506103515625 0.119125366210938
-0.104965209960938 0.0752487182617187 -0.0153121948242188 0.110610961914063
-0.151016235351563 0.00869750976562498 -0.00246429443359376 0.115119934082031
-0.158096313476563 -0.0936737060546875 -0.055328369140625 0.157608032226563
-0.042022705078125 -0.231521606445313 -0.135406494140625 0.170669555664062
0.0673828125 -0.267807006835938 -0.21270751953125 0.178680419921875
0.209030151367187 -0.250717163085937 -0.217132568359375 0.127105712890625
0.298248291015625 -0.216766357421875 -0.192794799804688 -0.0816192626953125
0.15911865234375 -0.214630126953125 0.0121002197265625 -0.0738677978515625
0.030487060546875 -0.279953002929688 0.0533447265625 -0.213577270507813
-0.124237060546875 -0.188247680664062 -0.113311767578125 -0.224319458007812
-0.179397583007813 -0.08502197265625 -0.202987670898437 -0.10858154296875
-0.171066284179687 0.06158447265625 -0.20660400390625 0.058135986328125
-0.129562377929687 0.143234252929688 -0.111373901367188 0.132575988769531
-0.130500793457031 0.127662658691406 -0.0308685302734375 0.092559814453125
-0.122528076171875 0.159072875976563 -0.000335693359374999 0.0770797729492188
-0.155014038085938 0.113540649414062 0.0332412719726562 0.080596923828125
-0.213516235351562 0.016815185546875 0.0465545654296875 0.0908584594726563
-0.206558227539062 -0.11737060546875 -0.00518798828125001 0.146636962890625
-0.048797607421875 -0.28863525390625 -0.0862579345703125 0.169570922851562
0.0943603515625 -0.312103271484375 -0.164657592773438 0.145034790039062
0.272659301757813 -0.262557983398438 -0.126708984375 0.0727462768554687
0.35809326171875 -0.1751708984375 -0.0731964111328125 -0.15087890625
0.248138427734375 -0.219680786132813 0.0843734741210938 -0.130195617675781
0.100341796875 -0.34442138671875 0.10491943359375 -0.224319458007813
-0.12139892578125 -0.262954711914062 -0.0504913330078125 -0.2364501953125
-0.215591430664063 -0.13153076171875 -0.139060974121094 -0.138603210449219
-0.219757080078125 0.061492919921875 -0.153091430664063 0.0104217529296875
-0.163803100585938 0.163848876953125 -0.0684394836425781 0.0691490173339844
-0.158584594726563 0.15081787109375 0.00880432128906249 0.0335235595703125
-0.147323608398437 0.191314697265625 0.0395469665527344 0.0198631286621094
-0.181655883789063 0.139633178710938 0.0828018188476563 0.0341262817382813
-0.247421264648437 0.02587890625 0.0935440063476562 0.0542068481445313
-0.231796264648438 -0.12359619140625 0.0434799194335937 0.1259765625
-0.049591064453125 -0.3104248046875 -0.04364013671875 0.158477783203125
0.115875244140625 -0.31787109375 -0.122207641601563 0.0966796875
0.303314208984375 -0.239166259765625 -0.028411865234375 0.0120182037353515
0.350311279296875 -0.105133056640625 0.061767578125 -0.199127197265625
0.28826904296875 -0.171966552734375 0.168685913085938 -0.171539306640625
0.159881591796875 -0.330780029296875 0.152145385742188 -0.214340209960938
-0.085205078125 -0.284454345703125 0.0190887451171875 -0.22479248046875
-0.2054443359375 -0.156036376953125 -0.0618896484375 -0.147964477539063
-0.22906494140625 0.0486297607421875 -0.0837631225585938 -0.0333633422851562
-0.171463012695313 0.158294677734375 -0.0181331634521484 0.000852584838867197
-0.1632080078125 0.150741577148438 0.0467185974121094 -0.0301399230957031
-0.15264892578125 0.19537353515625 0.0774154663085937 -0.04473876953125
-0.1849365234375 0.144012451171875 0.129257202148438 -0.01800537109375
-0.250839233398438 0.0263671875 0.1358642578125 0.0168685913085938
-0.225311279296875 -0.125534057617187 0.0837326049804687 0.103836059570312
-0.0294189453125 -0.300811767578125 -0.012939453125 0.14251708984375
0.13861083984375 -0.282379150390625 -0.0841751098632812 0.043609619140625
0.304107666015625 -0.18048095703125 0.0707244873046875 -0.0440216064453125
0.277069091796875 -0.018310546875 0.183807373046875 -0.222549438476562
0.26287841796875 -0.0876922607421875 0.241470336914063 -0.194473266601563
0.176742553710938 -0.245208740234375 0.180755615234375 -0.190826416015625
-0.036773681640625 -0.240936279296875 0.0744171142578125 -0.197235107421875
-0.157394409179687 -0.143753051757813 0.00617218017578124 -0.140121459960938
-0.19512939453125 0.030853271484375 -0.0150909423828125 -0.0679473876953125
-0.150009155273438 0.12939453125 0.0297927856445312 -0.0638771057128906
-0.143798828125 0.127182006835938 0.0790176391601562 -0.0906524658203125
-0.138137817382812 0.168060302734375 0.111640930175781 -0.106300354003906
-0.16619873046875 0.124542236328125 0.170013427734375 -0.066192626953125
-0.224090576171875 0.0146942138671875 0.173049926757813 -0.012451171875
-0.188888549804687 -0.121810913085937 0.11737060546875 0.0895004272460938
0.00440979003906251 -0.262466430664063 0.00965118408203126 0.130584716796875
0.157608032226563 -0.213668823242188 -0.04595947265625 -0.00215530395507813
0.272537231445313 -0.096160888671875 0.16461181640625 -0.0819854736328125
0.154251098632813 0.0672607421875 0.264236450195313 -0.223052978515625
0.181289672851563 0.004486083984375 0.282623291015625 -0.20098876953125
0.146987915039063 -0.120941162109375 0.185302734375 -0.1690673828125
0.00265502929687502 -0.150527954101563 0.105377197265625 -0.171524047851563
-0.086517333984375 -0.100059509277344 0.04949951171875 -0.127182006835938
-0.127189636230469 0.013214111328125 0.0339889526367187 -0.0937576293945312
-0.104072570800781 0.0818710327148438 0.0640411376953125 -0.113121032714844
-0.101676940917969 0.0850982666015625 0.099700927734375 -0.137046813964844
-0.104400634765625 0.115386962890625 0.139663696289063 -0.155075073242188
-0.125801086425781 0.08673095703125 0.204330444335938 -0.101516723632813
-0.168899536132812 -0.000701904296875004 0.204315185546875 -0.025421142578125
-0.131317138671875 -0.10479736328125 0.144271850585937 0.0876007080078125
0.0380096435546875 -0.19549560546875 0.0250320434570313 0.125869750976563
0.1571044921875 -0.119094848632813 -0.00733184814453124 -0.0287456512451172
0.204360961914063 0.0028533935546875 0.243988037109375 -0.0911712646484375
-0.0722198486328125 -0.0923538208007813 -0.263320922851563 0.113845825195313
-0.097381591796875 0.0359649658203125 -0.0223236083984375 0.0469779968261719
-0.0269317626953125 0.091827392578125 -0.0239181518554687 -0.132698059082031
0.0458526611328125 0.0644111633300781 -0.164932250976563 -0.12408447265625
0.07073974609375 0.0104141235351563 -0.222122192382813 0.00199890136718754
0.0615653991699219 -0.0430717468261719 -0.210357666015625 0.1241455078125
0.0407905578613281 -0.0396308898925781 -0.13885498046875 0.196456909179687
0.0374374389648438 -0.03070068359375 -0.0947723388671875 0.162521362304687
0.0428962707519531 -0.0278663635253906 -0.0674972534179687 0.136672973632813
0.0435676574707031 0.006317138671875 -0.0635528564453125 0.115074157714844
0.0146026611328125 0.0429725646972656 -0.0587844848632812 0.123458862304688
-0.0503311157226563 0.0447502136230469 -0.106613159179687 0.153854370117188
-0.0889434814453125 -0.0237503051757813 -0.197021484375 0.15460205078125
-0.0709304809570313 -0.0954208374023438 -0.26959228515625 0.19781494140625
-0.02777099609375 -0.145584106445313 -0.297454833984375 0.199737548828125
0.04827880859375 -0.1690673828125 -0.285003662109375 0.0711364746093751
-0.0390510559082031 -0.0634307861328125 -0.0389785766601563 0.0286750793457031
-0.0384292602539063 -0.0234146118164063 -0.0161590576171875 -0.152877807617188
-0.0240688323974609 0.00201606750488281 -0.1680908203125 -0.149566650390625
-0.0156011581420898 -0.00185680389404297 -0.236480712890625 -0.022186279296875
-0.0101556777954102 0.0058431625366211 -0.224090576171875 0.122344970703125
-0.0118026733398438 0.0325393676757813 -0.140411376953125 0.198455810546875
-0.020660400390625 0.0298786163330078 -0.08416748046875 0.159133911132813
-0.0181465148925781 0.03814697265625 -0.0579605102539063 0.136451721191406
-0.0326766967773438 0.0358352661132812 -0.0473556518554688 0.119255065917969
-0.0674629211425781 0.0170440673828125 -0.0384902954101563 0.122093200683594
-0.0989761352539063 -0.0356292724609375 -0.0877227783203125 0.1553955078125
-0.052825927734375 -0.132705688476562 -0.168731689453125 0.161605834960938
0.00848388671875 -0.18328857421875 -0.24200439453125 0.194076538085937
0.096832275390625 -0.205276489257813 -0.270721435546875 0.171905517578125
0.173324584960938 -0.213027954101563 -0.259658813476562 0.00508117675781244
0.04833984375 -0.152511596679688 -0.0288658142089844 -0.0128173828125
-0.02386474609375 -0.153305053710938 0.00726318359375001 -0.181915283203125
-0.08685302734375 -0.083526611328125 -0.153106689453125 -0.182144165039063
-0.103805541992188 -0.0319442749023438 -0.231491088867188 -0.059234619140625
-0.0891799926757813 0.044036865234375 -0.22021484375 0.0997161865234375
-0.0679397583007813 0.0962905883789063 -0.128036499023437 0.17529296875
-0.07647705078125 0.0847625732421875 -0.0605545043945312 0.132423400878906
-0.0718154907226563 0.102684020996094 -0.0321044921875 0.114784240722656
-0.0977783203125 0.0739593505859375 -0.0106201171875 0.106201171875
-0.143768310546875 0.0123291015625 0.00142669677734374 0.110984802246094
-0.153945922851563 -0.084869384765625 -0.0487060546875 0.154983520507813
-0.047393798828125 -0.220367431640625 -0.125762939453125 0.169509887695313
0.0565948486328125 -0.256622314453125 -0.19964599609375 0.178741455078125
0.193222045898437 -0.246246337890625 -0.206008911132813 0.128921508789062
0.279312133789063 -0.217742919921875 -0.186080932617188 -0.0689544677734375
0.147781372070313 -0.209671020507813 0.0123100280761719 -0.0676155090332032
0.0202178955078125 -0.269485473632813 0.046142578125 -0.208648681640625
-0.1240234375 -0.176361083984375 -0.11407470703125 -0.212936401367188
-0.175918579101563 -0.0759429931640625 -0.198165893554688 -0.0989227294921875
-0.160476684570313 0.064208984375 -0.194244384765625 0.061309814453125
-0.116714477539063 0.141021728515625 -0.101043701171875 0.129035949707031
-0.120903015136719 0.127021789550781 -0.0273208618164062 0.0868148803710938
-0.111602783203125 0.155776977539062 0.00308990478515625 0.0730438232421875
-0.143234252929688 0.111984252929687 0.0358428955078125 0.0749435424804688
-0.202377319335938 0.0229644775390625 0.0480575561523437 0.0855255126953125
-0.201461791992187 -0.105941772460938 -0.000991821289062525 0.14404296875
-0.0559539794921875 -0.275405883789063 -0.0787353515625 0.167648315429688
0.08135986328125 -0.300201416015625 -0.154586791992188 0.145294189453125
0.253463745117188 -0.25994873046875 -0.121330261230469 0.0751953125
0.336395263671875 -0.178924560546875 -0.07373046875 -0.138496398925781
0.2333984375 -0.216445922851563 0.0793533325195313 -0.122833251953125
0.08465576171875 -0.3348388671875 0.09674072265625 -0.220001220703125
-0.12457275390625 -0.247940063476562 -0.054107666015625 -0.226272583007813
-0.212127685546875 -0.119430541992188 -0.136787414550781 -0.129302978515625
-0.206756591796875 0.06597900390625 -0.144271850585937 0.0152587890625
-0.148468017578125 0.162094116210938 -0.0616607666015625 0.0669975280761719
-0.146682739257813 0.1497802734375 0.00933837890624999 0.0288791656494141
-0.132827758789062 0.187789916992188 0.0404472351074219 0.0165138244628906
-0.166778564453125 0.138778686523438 0.0818023681640625 0.02874755859375
-0.234634399414063 0.0334320068359375 0.0918350219726562 0.0489654541015625
-0.226104736328125 -0.110519409179688 0.0448379516601562 0.122283935546875
-0.058197021484375 -0.295562744140625 -0.0374908447265625 0.155914306640625
0.1007080078125 -0.30633544921875 -0.115402221679688 0.098663330078125
0.28375244140625 -0.239288330078125 -0.0284080505371094 0.0139579772949219
0.33404541015625 -0.1119384765625 0.05474853515625 -0.188766479492187
0.272354125976563 -0.171066284179688 0.157821655273438 -0.164810180664063
0.142059326171875 -0.32232666015625 0.141433715820313 -0.211639404296875
-0.090118408203125 -0.269088745117187 0.012298583984375 -0.21697998046875
-0.203704833984375 -0.14239501953125 -0.0634613037109375 -0.140449523925781
-0.216156005859375 0.0543212890625 -0.0788345336914063 -0.0286636352539062
-0.155853271484375 0.158096313476563 -0.0161647796630859 -0.000164985656738273
-0.151031494140625 0.150588989257813 0.0439796447753906 -0.0334663391113281
-0.137008666992188 0.191757202148438 0.074615478515625 -0.04638671875
-0.16888427734375 0.143417358398438 0.124519348144531 -0.0230178833007812
-0.23748779296875 0.0343017578125 0.1307373046875 0.0116500854492188
-0.21881103515625 -0.111984252929687 0.0836257934570312 0.099761962890625
-0.038177490234375 -0.28692626953125 -0.0084228515625 0.140480041503906
0.124008178710938 -0.273101806640625 -0.0809783935546875 0.0463333129882812
0.28570556640625 -0.1837158203125 0.0647125244140625 -0.0430183410644531
0.264816284179688 -0.0265655517578125 0.1710205078125 -0.215469360351563
0.248687744140625 -0.0921630859375 0.225753784179688 -0.18927001953125
0.160354614257813 -0.2421875 0.168975830078125 -0.1890869140625
-0.0440521240234375 -0.22821044921875 0.0659942626953125 -0.191970825195313
-0.157058715820313 -0.131820678710937 0.00136566162109374 -0.135063171386719
-0.183013916015625 0.0364532470703125 -0.015533447265625 -0.0640411376953125
-0.136405944824219 0.129920959472656 0.0278701782226562 -0.0625114440917969
-0.132270812988281 0.127777099609375 0.0727157592773437 -0.0918197631835937
-0.124099731445313 0.165191650390625 0.105026245117187 -0.106048583984375
-0.1513671875 0.124679565429688 0.161758422851563 -0.07012939453125
-0.212432861328125 0.0234832763671875 0.16552734375 -0.0167999267578125
-0.18450927734375 -0.109481811523437 0.115249633789062 0.0839309692382812
-0.00466918945312499 -0.250473022460938 0.012420654296875 0.126930236816406
0.143844604492188 -0.208953857421875 -0.0462913513183594 0.00181198120117186
0.258056640625 -0.101272583007813 0.1534423828125 -0.082550048828125
0.150070190429688 0.0589141845703125 0.247909545898438 -0.219039916992188
0.173812866210937 -0.00189208984375 0.264389038085937 -0.1978759765625
0.135406494140625 -0.122093200683594 0.1734619140625 -0.167221069335938
-0.00314331054687501 -0.143020629882813 0.096282958984375 -0.168060302734375
-0.0866241455078125 -0.0918197631835938 0.0438995361328125 -0.12432861328125
-0.119407653808594 0.017578125 0.0297775268554688 -0.090606689453125
-0.0943603515625 0.0821609497070313 0.0576629638671875 -0.1112060546875
-0.0931854248046875 0.0858993530273437 0.0910720825195313 -0.136390686035156
-0.0939483642578125 0.113700866699219 0.129684448242187 -0.153457641601563
-0.11456298828125 0.0865936279296875 0.193008422851562 -0.103775024414062
-0.160873413085938 0.00689697265625 0.195068359375 -0.0300445556640625
-0.128585815429688 -0.0955352783203125 0.141311645507813 0.0809173583984375
0.029327392578125 -0.188064575195313 0.0269851684570313 0.122688293457031
0.145767211914063 -0.11846923828125 -0.0105018615722656 -0.0259227752685547
0.194854736328125 -0.00469970703125 0.228424072265625 -0.09429931640625
-0.0728302001953125 -0.0878372192382813 -0.25335693359375 0.117599487304688
-0.0933837890625 0.0364608764648438 -0.017913818359375 0.0455741882324219
-0.0227890014648438 0.0894775390625 -0.0255813598632813 -0.130729675292969
0.0471611022949219 0.062225341796875 -0.164093017578125 -0.120101928710937
0.068939208984375 0.00884246826171875 -0.217071533203125 0.00370788574218754
0.0578384399414063 -0.0435791015625 -0.2039794921875 0.124343872070313
0.0371437072753906 -0.0403633117675781 -0.132171630859375 0.194808959960938
0.0342597961425781 -0.0302791595458984 -0.0902252197265625 0.161712646484375
0.0393524169921875 -0.0273628234863281 -0.0643386840820313 0.135780334472656
0.0406036376953125 0.00353622436523438 -0.060699462890625 0.11480712890625
0.0145225524902344 0.0400848388671875 -0.0565185546875 0.124046325683594
-0.0479164123535156 0.0441207885742188 -0.101943969726563 0.153335571289063
-0.0865859985351562 -0.0216064453125 -0.190505981445312 0.153823852539063
-0.0701141357421875 -0.0915756225585937 -0.2615966796875 0.195938110351562
-0.03070068359375 -0.140640258789063 -0.28955078125 0.200347900390625
0.0433197021484375 -0.165191650390625 -0.27520751953125 0.076385498046875
-0.0382041931152344 -0.0611495971679688 -0.0338535308837891 0.0294570922851562
-0.0364990234375 -0.0230178833007813 -0.017059326171875 -0.152023315429688
-0.022369384765625 0.00229835510253906 -0.166351318359375 -0.14501953125
-0.0154714584350586 -0.00170612335205078 -0.231491088867188 -0.0198211669921875
-0.0106945037841797 0.00540733337402344 -0.217391967773438 0.122695922851563
-0.0112514495849609 0.0315437316894531 -0.133468627929688 0.196731567382813
-0.0210285186767578 0.0293216705322266 -0.0802459716796875 0.157211303710938
-0.0176925659179688 0.037994384765625 -0.0546798706054688 0.135063171386719
-0.0322761535644531 0.0338764190673828 -0.0442962646484375 0.11737060546875
-0.0654983520507813 0.0164222717285156 -0.036102294921875 0.121673583984375
-0.0968399047851563 -0.033416748046875 -0.08416748046875 0.1558837890625
-0.053314208984375 -0.128852844238281 -0.163345336914063 0.161666870117187
0.00651550292968749 -0.177978515625 -0.235336303710938 0.193771362304687
0.0914459228515625 -0.202301025390625 -0.264144897460938 0.173431396484375
0.166275024414063 -0.210556030273438 -0.251968383789063 0.0129547119140624
0.046417236328125 -0.149826049804688 -0.0251598358154297 -0.0100574493408203
-0.025634765625 -0.150863647460938 0.00532531738281249 -0.180892944335938
-0.085723876953125 -0.0802536010742188 -0.152481079101563 -0.177658081054688
-0.103652954101562 -0.02886962890625 -0.226821899414063 -0.05511474609375
-0.0856552124023437 0.0441207885742188 -0.21380615234375 0.10089111328125
-0.0636749267578125 0.0946731567382813 -0.121658325195313 0.172286987304688
-0.07403564453125 0.0852203369140625 -0.0576095581054688 0.129981994628906
-0.068756103515625 0.102241516113281 -0.0294189453125 0.112510681152344
-0.0943222045898438 0.0724716186523438 -0.00770568847656251 0.104087829589844
-0.13970947265625 0.014068603515625 0.00313568115234373 0.109687805175781
-0.152297973632813 -0.0810546875 -0.045135498046875 0.155624389648438
-0.0494842529296875 -0.215133666992188 -0.120803833007812 0.169464111328125
0.0520782470703125 -0.25091552734375 -0.193756103515625 0.178298950195312
0.18560791015625 -0.24444580078125 -0.201736450195313 0.131866455078125
0.268936157226563 -0.217239379882813 -0.181488037109375 -0.060455322265625
0.143768310546875 -0.207443237304688 0.0147743225097656 -0.0632286071777344
0.0160980224609375 -0.266311645507813 0.0431365966796875 -0.208236694335938
-0.124542236328125 -0.17041015625 -0.114898681640625 -0.208175659179688
-0.175750732421875 -0.070465087890625 -0.194900512695312 -0.0947113037109375
-0.154678344726563 0.0655670166015625 -0.1875 0.062713623046875
-0.110198974609375 0.140220642089844 -0.0960235595703125 0.126358032226563
-0.116165161132812 0.127540588378906 -0.02587890625 0.0831832885742188
-0.105209350585938 0.154342651367187 0.00518035888671874 0.0701980590820313
-0.136558532714844 0.110733032226563 0.0374755859375 0.0718917846679688
-0.1968994140625 0.02593994140625 0.0490875244140625 0.0835800170898438
-0.199371337890625 -0.100341796875 0.0015869140625 0.143157958984375
-0.05987548828125 -0.268539428710938 -0.0744476318359375 0.168136596679687
0.075042724609375 -0.293792724609375 -0.149917602539062 0.1466064453125
0.245315551757813 -0.260345458984375 -0.119400024414063 0.0771942138671875
0.327301025390625 -0.182342529296875 -0.0725021362304687 -0.130699157714844
0.226043701171875 -0.215545654296875 0.0786285400390625 -0.118118286132812
0.0760498046875 -0.331634521484375 0.09197998046875 -0.220367431640625
-0.125656127929687 -0.24041748046875 -0.0559844970703125 -0.221633911132813
-0.21136474609375 -0.11224365234375 -0.136459350585938 -0.124847412109375
-0.19921875 0.067901611328125 -0.139007568359375 0.016815185546875
-0.139129638671875 0.160980224609375 -0.0577774047851563 0.0654869079589844
-0.140213012695313 0.150680541992187 0.00946235656738281 0.0260543823242188
-0.124664306640625 0.186370849609375 0.0408439636230469 0.0140914916992188
-0.157241821289062 0.137680053710938 0.0824508666992187 0.0259170532226563
-0.227783203125 0.038330078125 0.0914459228515625 0.0468063354492187
-0.222702026367188 -0.104293823242187 0.0467300415039062 0.121429443359375
-0.06231689453125 -0.288543701171875 -0.0344696044921875 0.156295776367187
0.093414306640625 -0.2999267578125 -0.112419128417969 0.100448608398437
0.275009155273437 -0.240631103515625 -0.029327392578125 0.0155467987060547
0.325164794921875 -0.116790771484375 0.05194091796875 -0.1822509765625
0.265090942382813 -0.171401977539063 0.1539306640625 -0.159408569335938
0.131500244140625 -0.32122802734375 0.136337280273438 -0.211578369140625
-0.093475341796875 -0.260498046875 0.00871276855468749 -0.212890625
-0.2039794921875 -0.134994506835938 -0.0649490356445313 -0.136665344238281
-0.207565307617188 0.0567626953125 -0.0754470825195313 -0.0268020629882812
-0.145401000976563 0.157516479492188 -0.0147514343261719 -0.00134086608886718
-0.143386840820312 0.151535034179688 0.0421867370605469 -0.0363273620605469
-0.128097534179688 0.1900634765625 0.0737228393554687 -0.0481414794921875
-0.15936279296875 0.14276123046875 0.122772216796875 -0.025848388671875
-0.230453491210937 0.0396575927734375 0.128753662109375 0.00945281982421875
-0.21636962890625 -0.1048583984375 0.083831787109375 0.0974807739257812
-0.0433197021484375 -0.280517578125 -0.00635528564453127 0.139694213867187
0.115814208984375 -0.268508911132813 -0.079803466796875 0.0491714477539062
0.276535034179688 -0.185638427734375 0.0612831115722656 -0.04144287109375
0.258987426757812 -0.0320587158203125 0.165313720703125 -0.211212158203125
0.242660522460937 -0.094512939453125 0.219345092773438 -0.184356689453125
0.150787353515625 -0.242446899414062 0.162765502929688 -0.189071655273438
-0.0478515625 -0.221603393554688 0.0616302490234375 -0.189224243164063
-0.156967163085938 -0.125442504882812 -0.000549316406250007 -0.133071899414063
-0.1766357421875 0.0389862060546875 -0.0146331787109375 -0.0627670288085938
-0.126861572265625 0.129364013671875 0.0264091491699219 -0.0632476806640625
-0.125518798828125 0.129158020019531 0.0692214965820313 -0.09393310546875
-0.115859985351563 0.164520263671875 0.10260009765625 -0.107345581054687
-0.143035888671875 0.1239013671875 0.158706665039063 -0.0726165771484375
-0.20587158203125 0.029296875 0.161239624023438 -0.0187530517578125
-0.182083129882812 -0.102508544921875 0.114273071289062 0.0813446044921875
-0.010009765625 -0.24560546875 0.0139999389648437 0.127403259277344
0.136520385742188 -0.206024169921875 -0.0474967956542969 0.00499343872070311
0.25054931640625 -0.10504150390625 0.147689819335938 -0.0826263427734375
0.147811889648438 0.0537872314453125 0.240921020507813 -0.217178344726563
0.169479370117187 -0.005767822265625 0.256118774414062 -0.194854736328125
0.12860107421875 -0.123565673828125 0.167739868164063 -0.166702270507813
-0.00667572021484375 -0.139129638671875 0.091522216796875 -0.16650390625
-0.0880966186523437 -0.087554931640625 0.040863037109375 -0.123306274414063
-0.114822387695312 0.0187530517578125 0.02923583984375 -0.0888671875
-0.0872955322265625 0.0826416015625 0.0545501708984375 -0.110740661621094
-0.0885086059570313 0.0871810913085937 0.0860137939453125 -0.137229919433594
-0.0873260498046875 0.113067626953125 0.125946044921875 -0.154388427734375
-0.1075439453125 0.0866851806640625 0.188262939453125 -0.106353759765625
-0.15606689453125 0.0116729736328125 0.189773559570312 -0.032318115234375
-0.127082824707031 -0.0898056030273438 0.139907836914063 0.0776290893554688
0.0248260498046875 -0.184616088867188 0.02777099609375 0.12213134765625
0.140625 -0.1180419921875 -0.0134124755859375 -0.0230693817138672
0.1905517578125 -0.0087890625 0.220108032226562 -0.0957489013671875
-0.075897216796875 -0.0848007202148437 -0.249160766601563 0.125320434570312
-0.0917510986328125 0.0389022827148438 -0.0135536193847656 0.0452499389648438
-0.01885986328125 0.0887985229492188 -0.0279693603515625 -0.13140869140625
0.0496482849121094 0.0601081848144531 -0.1676025390625 -0.117355346679687
0.0700836181640625 0.00685501098632813 -0.218017578125 0.00791931152343755
0.0553703308105469 -0.045501708984375 -0.202301025390625 0.129806518554688
0.0338211059570313 -0.0422172546386719 -0.127166748046875 0.199615478515625
0.0322837829589844 -0.0311317443847656 -0.0871734619140625 0.165878295898438
0.0367393493652344 -0.0276565551757813 -0.062042236328125 0.139564514160156
0.038330078125 0.00145721435546875 -0.0587234497070312 0.117691040039062
0.0154800415039062 0.0375404357910156 -0.0537185668945312 0.127235412597656
-0.0460968017578125 0.0453338623046875 -0.09918212890625 0.157760620117187
-0.0861663818359375 -0.01885986328125 -0.187789916992188 0.158126831054688
-0.0717697143554688 -0.089447021484375 -0.257980346679688 0.202011108398437
-0.0344009399414062 -0.138748168945313 -0.286041259765625 0.208984375
0.038909912109375 -0.166030883789063 -0.271499633789063 0.0859832763671875
-0.0377845764160156 -0.0607070922851563 -0.0294876098632813 0.0308189392089844
-0.0360946655273437 -0.0238990783691406 -0.020294189453125 -0.153701782226563
-0.0218467712402344 0.00222206115722656 -0.171173095703125 -0.1422119140625
-0.0159473419189453 -0.000913619995117191 -0.233474731445312 -0.014923095703125
-0.0108613967895508 0.00516986846923828 -0.214553833007813 0.127792358398438
-0.0109786987304687 0.0306129455566406 -0.12774658203125 0.200820922851563
-0.0210075378417969 0.0307693481445313 -0.077178955078125 0.160446166992188
-0.0180015563964844 0.038970947265625 -0.0517044067382812 0.137863159179687
-0.0331020355224609 0.0335483551025391 -0.0410995483398437 0.119743347167969
-0.0651092529296875 0.0163726806640625 -0.0329513549804687 0.124160766601563
-0.097320556640625 -0.031951904296875 -0.0802459716796875 0.16070556640625
-0.055816650390625 -0.127738952636719 -0.159866333007812 0.166168212890625
0.00317382812500001 -0.17767333984375 -0.231369018554688 0.200180053710937
0.0865325927734375 -0.203567504882813 -0.26177978515625 0.182052612304688
0.160430908203125 -0.215972900390625 -0.249725341796875 0.022552490234375
0.0447998046875 -0.151412963867188 -0.0207500457763672 -0.00794601440429689
-0.0292510986328125 -0.152450561523438 0.0012054443359375 -0.184127807617188
-0.087005615234375 -0.0783004760742187 -0.157333374023438 -0.175613403320313
-0.10528564453125 -0.0256805419921875 -0.2291259765625 -0.050445556640625
-0.0837631225585938 0.0460433959960937 -0.210830688476562 0.105270385742187
-0.0604324340820313 0.0958938598632813 -0.116378784179688 0.175735473632813
-0.0721588134765625 0.0882644653320313 -0.0555419921875 0.131065368652344
-0.0660476684570313 0.104667663574219 -0.0262603759765625 0.113739013671875
-0.0926589965820313 0.0737228393554688 -0.004364013671875 0.103927612304687
-0.139266967773438 0.0166778564453125 0.00650024414062499 0.111061096191406
-0.155105590820313 -0.078369140625 -0.041107177734375 0.159896850585938
-0.0543060302734375 -0.215194702148438 -0.117233276367187 0.174209594726563
0.0475616455078125 -0.251190185546875 -0.190338134765625 0.184555053710937
0.179733276367188 -0.249740600585938 -0.200469970703125 0.1385498046875
0.26409912109375 -0.225173950195312 -0.181259155273437 -0.05279541015625
0.1412353515625 -0.211441040039063 0.0171279907226563 -0.0612907409667969
0.00869750976562499 -0.27001953125 0.03863525390625 -0.212860107421875
-0.128509521484375 -0.1680908203125 -0.120635986328125 -0.207077026367188
-0.179000854492188 -0.0651092529296875 -0.198471069335938 -0.0906524658203125
-0.151962280273438 0.069244384765625 -0.185134887695313 0.0674591064453125
-0.104202270507813 0.142318725585938 -0.0916519165039063 0.128219604492187
-0.112571716308594 0.131629943847656 -0.0244369506835938 0.0832138061523438
-0.100189208984375 0.158279418945313 0.00752639770507812 0.0697784423828125
-0.132987976074219 0.113616943359375 0.040618896484375 0.0696754455566406
-0.1949462890625 0.03167724609375 0.0511932373046875 0.0829391479492188
-0.202713012695312 -0.095855712890625 0.00570678710937498 0.146713256835938
-0.0667572021484375 -0.268890380859375 -0.07012939453125 0.1728515625
0.06866455078125 -0.2955322265625 -0.147796630859375 0.152175903320312
0.240280151367188 -0.266937255859375 -0.118736267089844 0.0821380615234375
0.3232421875 -0.1922607421875 -0.07403564453125 -0.125480651855469
0.2235107421875 -0.222000122070313 0.0788650512695313 -0.116325378417969
0.066986083984375 -0.336883544921875 0.0867767333984375 -0.224960327148438
-0.131973266601562 -0.237396240234375 -0.0614166259765625 -0.221420288085938
-0.216873168945312 -0.105712890625 -0.139495849609375 -0.121772766113281
-0.195968627929687 0.0729827880859375 -0.136947631835937 0.019622802734375
-0.131973266601563 0.164505004882813 -0.0561714172363281 0.0658912658691406
-0.135101318359375 0.15557861328125 0.00923156738281249 0.0233230590820313
-0.117950439453125 0.19012451171875 0.0428085327148437 0.0118293762207031
-0.152114868164063 0.140914916992188 0.0843887329101562 0.0222015380859375
-0.225830078125 0.0458221435546875 0.0930633544921875 0.04486083984375
-0.22686767578125 -0.0977325439453125 0.0507125854492187 0.122886657714844
-0.070556640625 -0.2884521484375 -0.030181884765625 0.159835815429687
0.08685302734375 -0.301849365234375 -0.110824584960938 0.105667114257812
0.270217895507813 -0.249252319335938 -0.0292606353759765 0.0184574127197265
0.322845458984375 -0.12579345703125 0.0492401123046875 -0.180572509765625
0.2635498046875 -0.1793212890625 0.152557373046875 -0.16015625
0.122283935546875 -0.327728271484375 0.1309814453125 -0.2176513671875
-0.101043701171875 -0.258346557617188 0.00428771972656248 -0.214447021484375
-0.20928955078125 -0.128646850585937 -0.06866455078125 -0.136322021484375
-0.204574584960937 0.0621795654296875 -0.0747604370117188 -0.0249481201171875
-0.137954711914063 0.160995483398437 -0.0134668350219727 -0.00223922729492187
-0.138809204101562 0.156524658203125 0.0405731201171875 -0.0398483276367187
-0.120590209960937 0.19390869140625 0.073974609375 -0.0514144897460937
-0.152801513671875 0.1456298828125 0.123588562011719 -0.0304794311523437
-0.227783203125 0.04833984375 0.128974914550781 0.00647735595703125
-0.21917724609375 -0.0988922119140625 0.0873870849609375 0.0979537963867187
-0.0513458251953125 -0.2802734375 -0.000991821289062514 0.143096923828125
0.110031127929688 -0.271881103515625 -0.079742431640625 0.053497314453125
0.2735595703125 -0.194732666015625 0.0597038269042969 -0.0424118041992188
0.259231567382813 -0.0400543212890625 0.16192626953125 -0.213592529296875
0.241302490234375 -0.102066040039063 0.216049194335938 -0.186721801757813
0.143173217773438 -0.248672485351562 0.158004760742188 -0.194412231445313
-0.054168701171875 -0.22003173828125 0.057403564453125 -0.191375732421875
-0.161575317382813 -0.119476318359375 -0.0035400390625 -0.13372802734375
-0.174102783203125 0.0442962646484375 -0.0141525268554688 -0.062042236328125
-0.119476318359375 0.132713317871094 0.0248031616210938 -0.0653266906738281
-0.119964599609375 0.133430480957031 0.0662841796875 -0.098663330078125
-0.108657836914063 0.167984008789063 0.100906372070313 -0.112663269042969
-0.136543273925781 0.127471923828125 0.158035278320313 -0.0782318115234375
-0.203842163085938 0.0366973876953125 0.160888671875 -0.022216796875
-0.185638427734375 -0.09710693359375 0.118110656738281 0.0804824829101563
-0.01715087890625 -0.246139526367188 0.0180435180664063 0.129722595214844
0.1314697265625 -0.209396362304688 -0.0486259460449219 0.00785064697265625
0.248550415039063 -0.112899780273438 0.144149780273438 -0.085357666015625
0.149551391601563 0.04852294921875 0.237335205078125 -0.22210693359375
0.169601440429688 -0.0113372802734375 0.251876831054688 -0.198593139648438
0.123428344726562 -0.129203796386719 0.163681030273437 -0.170379638671875
-0.0113906860351562 -0.137672424316406 0.0875396728515625 -0.169479370117188
-0.0908889770507813 -0.083282470703125 0.037628173828125 -0.125373840332031
-0.113143920898438 0.0228805541992187 0.0283203125 -0.08978271484375
-0.0817489624023438 0.0857162475585938 0.0518798828125 -0.113609313964844
-0.083984375 0.0899200439453125 0.081756591796875 -0.141387939453125
-0.082427978515625 0.116645812988281 0.122467041015625 -0.160003662109375
-0.103767395019531 0.0897140502929687 0.1866455078125 -0.112960815429688
-0.154708862304687 0.0179443359375 0.1890869140625 -0.0362396240234375
-0.129798889160156 -0.085968017578125 0.14239501953125 0.074493408203125
0.0197601318359375 -0.18621826171875 0.0321121215820313 0.124000549316406
0.137321472167969 -0.121810913085938 -0.0161418914794922 -0.0205154418945313
0.190383911132813 -0.01495361328125 0.216033935546875 -0.101165771484375
-0.0809097290039063 -0.0799636840820313 -0.241989135742188 0.141159057617187
-0.0892791748046875 0.0436019897460938 -0.0080108642578125 0.0454597473144531
-0.0129928588867187 0.0889053344726563 -0.0347976684570312 -0.132514953613281
0.0540962219238281 0.0567550659179688 -0.175460815429688 -0.111068725585937
0.0715789794921875 0.00252532958984375 -0.2193603515625 0.0177764892578125
0.0522575378417969 -0.0496978759765625 -0.198104858398438 0.140472412109375
0.0290412902832031 -0.0448341369628906 -0.116424560546875 0.208633422851563
0.0297508239746094 -0.0329093933105469 -0.0787506103515625 0.174072265625
0.0337429046630859 -0.0290317535400391 -0.0554656982421875 0.146011352539063
0.0360679626464844 -0.00116729736328125 -0.0532684326171875 0.122833251953125
0.0169105529785156 0.0351715087890625 -0.0473403930664062 0.133041381835938
-0.04351806640625 0.0477561950683594 -0.0915374755859375 0.165634155273438
-0.086273193359375 -0.0142593383789062 -0.182342529296875 0.1671142578125
-0.0757904052734375 -0.0862197875976563 -0.251235961914063 0.2158203125
-0.0427093505859375 -0.136978149414063 -0.279144287109375 0.225997924804688
0.030426025390625 -0.168441772460938 -0.266342163085937 0.103729248046875
-0.039947509765625 -0.0595474243164063 -0.0237693786621094 0.0323143005371094
-0.0366401672363281 -0.0238456726074219 -0.028411865234375 -0.155776977539063
-0.0204677581787109 0.002593994140625 -0.180267333984375 -0.136260986328125
-0.0159273147583008 4.95910644531284E-05 -0.235595703125 -0.00357055664062505
-0.0104780197143555 0.00482654571533203 -0.210159301757813 0.138397216796875
-0.0107975006103516 0.0308303833007813 -0.117767333984375 0.209091186523438
-0.0202236175537109 0.0327911376953125 -0.0696258544921875 0.16680908203125
-0.0167045593261719 0.0411796569824219 -0.0449676513671875 0.14306640625
-0.0331630706787109 0.0345516204833984 -0.0349578857421875 0.123466491699219
-0.0652084350585938 0.0184974670410156 -0.0264205932617188 0.128570556640625
-0.100196838378906 -0.0274124145507813 -0.0725250244140625 0.168624877929687
-0.0616607666015625 -0.126121520996094 -0.153030395507812 0.1754150390625
-0.0047607421875 -0.178619384765625 -0.223739624023438 0.214096069335937
0.0776824951171875 -0.2095947265625 -0.25543212890625 0.198272705078125
0.150131225585938 -0.225875854492188 -0.248031616210938 0.0387115478515625
0.03997802734375 -0.155517578125 -0.0171918869018555 -0.00576210021972657
-0.0373687744140625 -0.154342651367188 -0.00886535644531252 -0.188461303710938
-0.0910568237304688 -0.07525634765625 -0.16717529296875 -0.169876098632813
-0.107955932617187 -0.01971435546875 -0.233856201171875 -0.040008544921875
-0.0819015502929687 0.049407958984375 -0.206146240234375 0.1158447265625
-0.0557632446289063 0.0986785888671875 -0.107528686523437 0.182479858398438
-0.0687026977539062 0.0931472778320313 -0.0499343872070313 0.134864807128906
-0.0606460571289062 0.109909057617188 -0.0203399658203125 0.116920471191406
-0.0899658203125 0.077880859375 0.00142669677734375 0.105087280273437
-0.139350891113281 0.0232086181640625 0.0125961303710937 0.113136291503906
-0.16070556640625 -0.071075439453125 -0.033233642578125 0.16650390625
-0.065521240234375 -0.214263916015625 -0.109710693359375 0.18280029296875
0.035980224609375 -0.255203247070313 -0.183029174804688 0.196670532226562
0.170120239257813 -0.261398315429688 -0.196014404296875 0.152633666992188
0.253082275390625 -0.241470336914063 -0.18267822265625 -0.040435791015625
0.1336669921875 -0.221084594726563 0.0182609558105469 -0.0606040954589844
-0.006317138671875 -0.274261474609375 0.0275421142578125 -0.218917846679688
-0.138015747070312 -0.163040161132813 -0.1309814453125 -0.203384399414063
-0.185012817382813 -0.055145263671875 -0.204132080078125 -0.0814361572265625
-0.148330688476563 0.0766448974609375 -0.181686401367188 0.0760345458984375
-0.09600830078125 0.147735595703125 -0.0849380493164063 0.132881164550781
-0.106658935546875 0.13946533203125 -0.02142333984375 0.0841903686523438
-0.091400146484375 0.165481567382813 0.0124282836914062 0.0689811706542969
-0.127540588378906 0.120292663574219 0.04541015625 0.0677719116210938
-0.194442749023438 0.042083740234375 0.0567626953125 0.0826873779296875
-0.209930419921875 -0.0865020751953125 0.0136566162109375 0.150985717773437
-0.0808868408203125 -0.26806640625 -0.0616302490234375 0.179367065429687
0.055633544921875 -0.30047607421875 -0.14202880859375 0.162872314453125
0.22998046875 -0.283447265625 -0.116287231445312 0.0909042358398437
0.31634521484375 -0.210296630859375 -0.0795669555664062 -0.118980407714844
0.21661376953125 -0.235443115234375 0.0775070190429688 -0.118324279785156
0.04742431640625 -0.345855712890625 0.074859619140625 -0.234283447265625
-0.1455078125 -0.2327880859375 -0.072662353515625 -0.22119140625
-0.225601196289063 -0.093414306640625 -0.146652221679687 -0.116668701171875
-0.19256591796875 0.0828399658203125 -0.134628295898438 0.0261077880859375
-0.122390747070313 0.1712646484375 -0.0518875122070312 0.0681037902832031
-0.1280517578125 0.165115356445313 0.00922203063964843 0.0215892791748047
-0.107177734375 0.19781494140625 0.0446662902832031 0.00773239135742189
-0.144287109375 0.148818969726562 0.087371826171875 0.0167312622070313
-0.223159790039062 0.059051513671875 0.09710693359375 0.0409469604492188
-0.234329223632813 -0.0872039794921875 0.05859375 0.123931884765625
-0.086517333984375 -0.288238525390625 -0.0205535888671875 0.164749145507813
0.072601318359375 -0.308685302734375 -0.107002258300781 0.113815307617187
0.261184692382813 -0.266769409179688 -0.0291309356689453 0.0213375091552734
0.318267822265625 -0.145355224609375 0.04217529296875 -0.182022094726563
0.25732421875 -0.194869995117187 0.148361206054688 -0.16510009765625
0.103729248046875 -0.338958740234375 0.119659423828125 -0.227294921875
-0.11480712890625 -0.253997802734375 -0.00645446777343751 -0.216445922851563
-0.21844482421875 -0.117431640625 -0.0754852294921875 -0.134262084960938
-0.201690673828125 0.0727386474609375 -0.074951171875 -0.0219802856445312
-0.127670288085938 0.167816162109375 -0.0129814147949219 -0.00251674652099608
-0.129837036132813 0.1656494140625 0.0376701354980469 -0.0442962646484375
-0.108901977539063 0.202102661132813 0.0728759765625 -0.0586395263671875
-0.144561767578125 0.1541748046875 0.124252319335937 -0.0391845703125
-0.224685668945313 0.06219482421875 0.130744934082031 0.000274658203125004
-0.226943969726563 -0.087432861328125 0.0938796997070312 0.0966110229492187
-0.0675506591796875 -0.280502319335938 0.0076446533203125 0.14630126953125
0.0966339111328125 -0.278594970703125 -0.078765869140625 0.0600128173828125
0.2672119140625 -0.212677001953125 0.0574951171875 -0.0447502136230469
0.258956909179688 -0.055389404296875 0.15386962890625 -0.221115112304687
0.238540649414062 -0.11627197265625 0.2098388671875 -0.196884155273438
0.12841796875 -0.259735107421875 0.148590087890625 -0.203964233398438
-0.0668487548828125 -0.216995239257813 0.04888916015625 -0.195999145507813
-0.17095947265625 -0.1109619140625 -0.010772705078125 -0.13519287109375
-0.172286987304688 0.0530548095703125 -0.0159988403320313 -0.0622482299804688
-0.11077880859375 0.138603210449219 0.0223808288574219 -0.0685157775878906
-0.112716674804688 0.14129638671875 0.0603485107421875 -0.104766845703125
-0.0983123779296875 0.175277709960937 0.0968017578125 -0.12158203125
-0.128616333007813 0.134811401367188 0.155868530273438 -0.0894012451171875
-0.201400756835938 0.0497283935546875 0.161346435546875 -0.030426025390625
-0.19244384765625 -0.0869293212890625 0.123405456542969 0.0761871337890625
-0.0312652587890625 -0.247604370117188 0.0271453857421875 0.131309509277344
0.121444702148438 -0.21734619140625 -0.0502548217773437 0.0120849609375
0.244583129882813 -0.128005981445313 0.139793395996094 -0.0936203002929688
0.152801513671875 0.0402069091796875 0.228973388671875 -0.234298706054688
0.169723510742188 -0.021240234375 0.245223999023438 -0.21099853515625
0.115715026855469 -0.137626647949219 0.156600952148438 -0.179428100585938
-0.0189895629882813 -0.136322021484375 0.0802764892578125 -0.175048828125
-0.0966720581054688 -0.0775299072265625 0.0319595336914062 -0.12945556640625
-0.112113952636719 0.0283584594726563 0.0249252319335937 -0.092620849609375
-0.0755767822265625 0.0896835327148438 0.046234130859375 -0.118339538574219
-0.07818603515625 0.0960769653320312 0.0734710693359375 -0.1492919921875
-0.0748214721679688 0.121971130371094 0.115081787109375 -0.17071533203125
-0.097442626953125 0.0952377319335938 0.183059692382812 -0.124740600585937
-0.152938842773438 0.028106689453125 0.188690185546875 -0.0454254150390625
-0.135261535644531 -0.078369140625 0.147994995117188 0.0689544677734375
0.00834655761718751 -0.188812255859375 0.0399932861328125 0.125717163085938
0.132278442382813 -0.130470275878906 -0.0197658538818359 -0.0183124542236328
0.19085693359375 -0.025177001953125 0.210372924804688 -0.113449096679688
-0.0865554809570313 -0.0720367431640625 -0.226547241210938 0.15802001953125
-0.083709716796875 0.049224853515625 -0.00159454345703125 0.0439796447753906
-0.00578308105468751 0.087432861328125 -0.0440673828125 -0.130111694335938
0.0583267211914063 0.0517234802246094 -0.1824951171875 -0.0979461669921875
0.0719070434570313 -0.003875732421875 -0.21710205078125 0.0326385498046875
0.0464057922363281 -0.053924560546875 -0.188034057617187 0.15362548828125
0.0232734680175781 -0.046661376953125 -0.0995941162109375 0.216567993164062
0.0257186889648438 -0.0346698760986328 -0.06494140625 0.180801391601563
0.0302581787109375 -0.0306892395019531 -0.04339599609375 0.151397705078125
0.0340785980224609 -0.00433540344238281 -0.0442657470703125 0.127578735351563
0.0186233520507812 0.031646728515625 -0.0372314453125 0.136940002441406
-0.0387687683105469 0.0501365661621094 -0.078277587890625 0.173294067382813
-0.0851287841796875 -0.00811004638671875 -0.1700439453125 0.178558349609375
-0.080474853515625 -0.0797119140625 -0.234298706054688 0.231735229492188
-0.051666259765625 -0.131904602050781 -0.260406494140625 0.245101928710937
0.017578125 -0.168197631835938 -0.252761840820313 0.1239013671875
-0.0417137145996094 -0.0565719604492188 -0.0177326202392578 0.0328865051269531
-0.0384063720703125 -0.0223159790039062 -0.0397491455078125 -0.153823852539063
-0.0195045471191406 0.00282096862792968 -0.188812255859375 -0.122512817382813
-0.0150365829467773 0.00116062164306641 -0.234420776367188 0.0118865966796875
-0.0103702545166016 0.00426673889160156 -0.19873046875 0.152145385742187
-0.00975799560546875 0.0307426452636719 -0.100509643554688 0.2161865234375
-0.0191974639892578 0.0340404510498047 -0.056884765625 0.172149658203125
-0.0142059326171875 0.0427360534667969 -0.0329437255859375 0.147613525390625
-0.031402587890625 0.035614013671875 -0.0257034301757812 0.126007080078125
-0.0640869140625 0.0210418701171875 -0.0163726806640625 0.131004333496094
-0.101394653320313 -0.0205841064453125 -0.0594635009765625 0.174758911132813
-0.0695571899414063 -0.121482849121094 -0.140472412109375 0.185501098632812
-0.0161285400390625 -0.176254272460938 -0.207183837890625 0.229278564453125
0.06170654296875 -0.213668823242187 -0.239486694335938 0.217254638671875
0.13189697265625 -0.235214233398437 -0.239715576171875 0.0592498779296875
0.030426025390625 -0.157501220703125 -0.0132770538330078 -0.00391769409179689
-0.049163818359375 -0.152297973632813 -0.023651123046875 -0.188125610351563
-0.0955429077148438 -0.0686569213867188 -0.17828369140625 -0.157394409179687
-0.108238220214844 -0.011138916015625 -0.234512329101563 -0.0235137939453125
-0.0768814086914063 0.0540847778320312 -0.195968627929688 0.129257202148437
-0.047821044921875 0.100830078125 -0.0923004150390625 0.188751220703125
-0.0618362426757813 0.0986404418945313 -0.039886474609375 0.13848876953125
-0.0510940551757813 0.113746643066406 -0.0104904174804687 0.118484497070313
-0.0841827392578125 0.08294677734375 0.00941467285156251 0.104484558105469
-0.136451721191406 0.0321273803710937 0.021759033203125 0.112129211425781
-0.165435791015625 -0.0589599609375 -0.0194549560546875 0.170501708984375
-0.0804290771484375 -0.209548950195313 -0.095794677734375 0.190521240234375
0.0187530517578125 -0.255203247070313 -0.168014526367187 0.210067749023438
0.151290893554688 -0.2730712890625 -0.183151245117188 0.167465209960937
0.234710693359375 -0.25836181640625 -0.181503295898437 -0.0236358642578125
0.119216918945312 -0.230056762695313 0.0174751281738281 -0.0594406127929688
-0.028350830078125 -0.274322509765625 0.00869750976562501 -0.220535278320313
-0.148727416992187 -0.152313232421875 -0.14501953125 -0.19293212890625
-0.188003540039063 -0.0399017333984375 -0.20806884765625 -0.0668487548828125
-0.140609741210938 0.08612060546875 -0.173721313476563 0.0870361328125
-0.0829620361328125 0.15252685546875 -0.0737075805664062 0.137947082519531
-0.095611572265625 0.1473388671875 -0.0157470703125 0.0849685668945313
-0.077056884765625 0.170883178710938 0.018310546875 0.06707763671875
-0.117149353027344 0.1279296875 0.0507774353027344 0.0632591247558594
-0.1890869140625 0.0560760498046875 0.06304931640625 0.078643798828125
-0.216323852539063 -0.0702819824218749 0.0266876220703125 0.151702880859375
-0.100830078125 -0.261917114257813 -0.0478515625 0.183517456054687
0.03472900390625 -0.302093505859375 -0.129592895507813 0.173187255859375
0.2080078125 -0.299957275390625 -0.108757019042969 0.100318908691406
0.29852294921875 -0.23486328125 -0.0841140747070312 -0.109085083007813
0.200103759765625 -0.25079345703125 0.0717010498046875 -0.120880126953125
0.019866943359375 -0.3487548828125 0.05517578125 -0.238800048828125
-0.16168212890625 -0.219955444335938 -0.0874786376953125 -0.214065551757813
-0.231689453125 -0.0752410888671875 -0.1536865234375 -0.10552978515625
-0.18365478515625 0.095672607421875 -0.130271911621094 0.0350875854492188
-0.1065673828125 0.177825927734375 -0.0453567504882812 0.0704727172851563
-0.114120483398438 0.17425537109375 0.00963783264160156 0.019195556640625
-0.0891876220703125 0.205245971679688 0.0455780029296875 0.00310516357421876
-0.13055419921875 0.157379150390625 0.088897705078125 0.00867462158203126
-0.215286254882813 0.0763092041015625 0.09967041015625 0.0344696044921875
-0.239761352539063 -0.068206787109375 0.0684661865234375 0.121292114257813
-0.107696533203125 -0.280441284179688 -0.00779724121093751 0.166336059570312
0.050048828125 -0.31109619140625 -0.099029541015625 0.122482299804688
0.240509033203125 -0.28643798828125 -0.0273094177246094 0.0243148803710937
0.305572509765625 -0.168731689453125 0.0310516357421875 -0.179794311523437
0.24237060546875 -0.213302612304688 0.13751220703125 -0.172149658203125
0.075042724609375 -0.34619140625 0.10101318359375 -0.234298706054688
-0.1324462890625 -0.243362426757813 -0.0217742919921875 -0.213943481445313
-0.226959228515625 -0.0981903076171876 -0.0845565795898438 -0.128387451171875
-0.193283081054687 0.0867919921875 -0.0733108520507813 -0.0173187255859375
-0.111968994140625 0.17431640625 -0.012664794921875 -0.00271224975585936
-0.115997314453125 0.17449951171875 0.0322799682617187 -0.0483779907226562
-0.0898590087890625 0.208969116210938 0.0680694580078125 -0.0660362243652344
-0.12994384765625 0.162979125976563 0.121452331542969 -0.0496063232421875
-0.21624755859375 0.079803466796875 0.130516052246094 -0.00854492187499999
-0.232635498046875 -0.0677032470703126 0.101669311523437 0.090606689453125
-0.0886993408203125 -0.274215698242188 0.0193023681640625 0.145492553710938
0.075958251953125 -0.2833251953125 -0.0745315551757813 0.0672836303710937
0.249664306640625 -0.232818603515625 0.0534629821777344 -0.0475311279296875
0.252609252929687 -0.075836181640625 0.1380615234375 -0.227386474609375
0.228546142578125 -0.133499145507813 0.196578979492188 -0.206405639648438
0.106033325195313 -0.268630981445313 0.131668090820313 -0.21185302734375
-0.0821075439453125 -0.209442138671875 0.0345306396484375 -0.197265625
-0.17840576171875 -0.0945892333984375 -0.020355224609375 -0.133995056152344
-0.165359497070312 0.06524658203125 -0.0180892944335938 -0.0612602233886719
-0.0970916748046875 0.144683837890625 0.0176620483398437 -0.0704421997070313
-0.099822998046875 0.149063110351563 0.0501556396484375 -0.110389709472656
-0.0818939208984375 0.181640625 0.0868301391601563 -0.130416870117188
-0.11517333984375 0.1427001953125 0.1497802734375 -0.101852416992187
-0.193283081054688 0.0658111572265625 0.15802001953125 -0.04144287109375
-0.197799682617188 -0.070953369140625 0.129196166992188 0.0680923461914063
-0.050445556640625 -0.244308471679688 0.037994384765625 0.129226684570312
0.104583740234375 -0.224578857421875 -0.0501251220703125 0.0179710388183594
0.234176635742188 -0.147216796875 0.130561828613281 -0.102973937988281
0.15423583984375 0.0265350341796875 0.211593627929688 -0.248153686523438
0.165679931640625 -0.03424072265625 0.22955322265625 -0.224227905273438
0.101959228515625 -0.145767211914062 0.142715454101563 -0.188003540039063
-0.02911376953125 -0.132431030273438 0.0678253173828125 -0.178985595703125
-0.102432250976563 -0.0682220458984375 0.0218048095703125 -0.13201904296875
-0.107879638671875 0.0369644165039062 0.0195846557617187 -0.0940933227539063
-0.0654296875 0.0934677124023437 0.0370330810546875 -0.1220703125
-0.0684280395507813 0.100860595703125 0.060394287109375 -0.155410766601563
-0.0631103515625 0.127159118652344 0.101104736328125 -0.18048095703125
-0.0878753662109375 0.101890563964844 0.173385620117188 -0.139678955078125
-0.147613525390625 0.041748046875 0.18414306640625 -0.0587158203125
-0.1409912109375 -0.0667266845703125 0.152359008789063 0.0590057373046875
-0.00663757324218751 -0.188461303710938 0.049896240234375 0.122390747070312
0.121047973632813 -0.139007568359375 -0.0227184295654297 -0.0147647857666016
0.187408447265625 -0.0407257080078125 0.199493408203125 -0.127365112304688
-0.0880279541015625 -0.061126708984375 -0.202438354492188 0.16943359375
-0.0758895874023438 0.0529937744140625 0.00393295288085937 0.0403060913085938
0.00128173828125001 0.0830612182617188 -0.0522842407226562 -0.122756958007813
0.0604972839355469 0.0434646606445313 -0.183059692382813 -0.0813751220703125
0.0693206787109375 -0.0110740661621094 -0.2069091796875 0.0467987060546875
0.0389137268066406 -0.0560951232910156 -0.171035766601563 0.161972045898437
0.0165176391601562 -0.0457267761230469 -0.078887939453125 0.216217041015625
0.0204448699951172 -0.0345363616943359 -0.0468597412109375 0.180496215820313
0.0254650115966797 -0.0312919616699219 -0.0289306640625 0.151260375976563
0.0304088592529297 -0.00695991516113281 -0.0332489013671875 0.127212524414063
0.0188503265380859 0.0274753570556641 -0.0254364013671875 0.135543823242188
-0.0326271057128906 0.0509796142578125 -0.062225341796875 0.172943115234375
-0.0811080932617188 -0.00119018554687499 -0.151947021484375 0.183639526367188
-0.0824508666992187 -0.07080078125 -0.207992553710937 0.240692138671875
-0.0600662231445312 -0.122200012207031 -0.23193359375 0.255325317382813
0.00431823730468751 -0.162094116210938 -0.230026245117188 0.13861083984375
-0.0422935485839844 -0.0519828796386719 -0.0108985900878906 0.0320281982421875
-0.0386619567871094 -0.020294189453125 -0.0507354736328125 -0.14605712890625
-0.0181732177734375 0.00267601013183593 -0.189727783203125 -0.104888916015625
-0.0139055252075195 0.001373291015625 -0.224273681640625 0.02825927734375
-0.0106039047241211 0.00414371490478516 -0.180465698242188 0.160980224609375
-0.008453369140625 0.0300655364990234 -0.0798187255859375 0.215499877929687
-0.0169944763183594 0.0349674224853516 -0.0408172607421875 0.171356201171875
-0.0102462768554688 0.0423355102539063 -0.0194549560546875 0.14599609375
-0.0293769836425781 0.036102294921875 -0.0153579711914062 0.123908996582031
-0.0605964660644531 0.0235748291015625 -0.00550079345703125 0.128120422363281
-0.0988235473632812 -0.0127182006835938 -0.043212890625 0.174880981445313
-0.0739212036132813 -0.112411499023438 -0.122238159179687 0.188796997070313
-0.0270538330078125 -0.168319702148438 -0.182830810546875 0.235824584960937
0.0445098876953125 -0.210464477539063 -0.21343994140625 0.22723388671875
0.10968017578125 -0.23577880859375 -0.222518920898438 0.07684326171875
0.0194854736328125 -0.155044555664063 -0.00918006896972656 -0.00302410125732423
-0.06024169921875 -0.143768310546875 -0.0378265380859375 -0.17926025390625
-0.0966339111328125 -0.060028076171875 -0.182342529296875 -0.139114379882813
-0.105148315429688 -0.00189208984374998 -0.226531982421875 -0.00588989257812503
-0.069854736328125 0.0565910339355469 -0.179107666015625 0.137725830078125
-0.03863525390625 0.100425720214844 -0.0738983154296875 0.188308715820313
-0.0525054931640625 0.100502014160156 -0.0276870727539063 0.136627197265625
-0.0400619506835938 0.113533020019531 0.000312805175781243 0.114997863769531
-0.0751266479492188 0.0855255126953125 0.0177078247070312 0.100074768066406
-0.128730773925781 0.0401992797851562 0.03021240234375 0.107261657714844
-0.164505004882812 -0.044769287109375 -0.00498962402343751 0.168228149414062
-0.0925140380859375 -0.196502685546875 -0.0782623291015625 0.190536499023438
0.000656127929687495 -0.247116088867188 -0.146148681640625 0.216033935546875
0.125686645507812 -0.275253295898438 -0.163375854492188 0.175857543945312
0.206008911132813 -0.266448974609375 -0.172119140625 -0.00642395019531253
0.0997161865234375 -0.231658935546875 0.0163612365722656 -0.0572891235351563
-0.0499114990234375 -0.262664794921875 -0.0091094970703125 -0.213165283203125
-0.154266357421875 -0.136123657226563 -0.153045654296875 -0.17559814453125
-0.184188842773438 -0.023193359375 -0.204666137695312 -0.04949951171875
-0.128448486328125 0.0921783447265625 -0.159835815429688 0.0955810546875
-0.0683746337890625 0.151809692382813 -0.0596084594726563 0.137168884277344
-0.080535888671875 0.150482177734375 -0.00951385498046876 0.0826263427734375
-0.05902099609375 0.170501708984375 0.0237541198730469 0.0630989074707032
-0.102622985839844 0.130744934082031 0.0543289184570312 0.0564689636230469
-0.176788330078125 0.067779541015625 0.0675735473632812 0.0713577270507813
-0.214447021484375 -0.05078125 0.038177490234375 0.146759033203125
-0.116592407226563 -0.245559692382812 -0.0319671630859375 0.180511474609375
0.01171875 -0.2930908203125 -0.111587524414062 0.178176879882812
0.179107666015625 -0.306182861328125 -0.0966415405273437 0.105888366699219
0.268600463867188 -0.248321533203125 -0.0859603881835937 -0.0954513549804688
0.175491333007813 -0.257080078125 0.0639495849609375 -0.119132995605469
-0.00946044921874997 -0.337310791015625 0.032867431640625 -0.232589721679688
-0.171798706054687 -0.199142456054688 -0.0991973876953125 -0.19976806640625
-0.2286376953125 -0.052825927734375 -0.155242919921875 -0.0904998779296875
-0.16912841796875 0.10546875 -0.121231079101562 0.0417098999023438
-0.0879364013671875 0.177581787109375 -0.0374069213867188 0.0702133178710938
-0.09600830078125 0.177017211914063 0.00934600830078125 0.0173654556274414
-0.0679168701171875 0.204116821289063 0.0443801879882812 -0.00256347656249999
-0.112167358398438 0.1602783203125 0.0871353149414063 0.00066375732421876
-0.20001220703125 0.0899810791015625 0.09881591796875 0.0265274047851563
-0.235946655273437 -0.0463104248046875 0.0762557983398437 0.114265441894531
-0.125595092773437 -0.263214111328125 0.00601196289062499 0.160797119140625
0.02508544921875 -0.30352783203125 -0.086181640625 0.127372741699219
0.2103271484375 -0.29632568359375 -0.0246925354003906 0.0264186859130859
0.280746459960938 -0.185836791992188 0.019134521484375 -0.17218017578125
0.217758178710938 -0.2232666015625 0.12255859375 -0.172592163085938
0.0433349609375 -0.3394775390625 0.0776824951171875 -0.230316162109375
-0.146194458007813 -0.223373413085938 -0.0357666015625 -0.203948974609375
-0.225372314453125 -0.0750579833984375 -0.0906219482421875 -0.117042541503906
-0.178085327148438 0.097625732421875 -0.0698585510253906 -0.0124855041503906
-0.0931243896484375 0.174636840820313 -0.0119752883911133 -0.00279235839843749
-0.0970611572265625 0.177871704101563 0.0262222290039062 -0.0500068664550781
-0.0682525634765625 0.207992553710937 0.0601577758789062 -0.0709075927734375
-0.110733032226562 0.1656494140625 0.113525390625 -0.0578384399414062
-0.199569702148437 0.0943145751953125 0.124794006347656 -0.01702880859375
-0.229095458984375 -0.0456695556640625 0.105545043945312 0.081634521484375
-0.107269287109375 -0.258010864257813 0.0302200317382813 0.138771057128906
0.0522003173828125 -0.278579711914063 -0.067626953125 0.0718612670898438
0.222946166992188 -0.244735717773438 0.0468215942382813 -0.0490989685058594
0.236282348632813 -0.092681884765625 0.118377685546875 -0.2261962890625
0.209396362304688 -0.146621704101563 0.175765991210938 -0.209503173828125
0.07861328125 -0.266845703125 0.111083984375 -0.211410522460938
-0.094573974609375 -0.193695068359375 0.01953125 -0.192047119140625
-0.178436279296875 -0.0756378173828125 -0.0295333862304688 -0.127433776855469
-0.153335571289062 0.0758209228515625 -0.0202713012695313 -0.0587882995605469
-0.080963134765625 0.145065307617188 0.0118865966796875 -0.070648193359375
-0.08331298828125 0.151382446289062 0.03802490234375 -0.110527038574219
-0.0625762939453125 0.181259155273438 0.0722198486328125 -0.134635925292969
-0.09771728515625 0.145416259765625 0.135902404785156 -0.110832214355469
-0.1781005859375 0.07977294921875 0.148818969726562 -0.05096435546875
-0.196044921875 -0.0506439208984375 0.129837036132813 0.0573272705078125
-0.0686187744140625 -0.231216430664063 0.0469589233398438 0.121482849121094
0.0838470458984375 -0.224334716796875 -0.0479965209960938 0.0231552124023437
0.213897705078125 -0.160263061523438 0.116775512695313 -0.107307434082031
0.1494140625 0.0135345458984375 0.185928344726563 -0.251617431640625
0.156005859375 -0.0458831787109375 0.205825805664062 -0.229766845703125
0.0848541259765625 -0.148422241210938 0.124237060546875 -0.188125610351563
-0.0379180908203125 -0.122428894042969 0.0522308349609375 -0.177230834960938
-0.102981567382812 -0.0557632446289063 0.01116943359375 -0.128974914550781
-0.100166320800781 0.044830322265625 0.0134506225585937 -0.0928115844726563
-0.0544662475585937 0.093597412109375 0.0263137817382812 -0.120903015136719
-0.0568923950195313 0.10260009765625 0.0444488525390625 -0.155014038085938
-0.0489044189453125 0.127548217773438 0.0814056396484375 -0.183441162109375
-0.0751724243164063 0.104415893554688 0.156051635742188 -0.14849853515625
-0.136444091796875 0.0527877807617187 0.172622680664063 -0.0693206787109375
-0.140701293945313 -0.0517578125 0.151260375976563 0.04595947265625
-0.0218048095703125 -0.18060302734375 0.058197021484375 0.114395141601563
0.106552124023438 -0.143264770507813 -0.0245723724365234 -0.00997734069824219
0.17633056640625 -0.05401611328125 0.179962158203125 -0.137176513671875
-0.0857315063476562 -0.0515060424804688 -0.180145263671875 0.169326782226562
-0.0680160522460938 0.0529861450195313 0.00704574584960937 0.0364189147949219
0.00634765625 0.0771331787109375 -0.0550079345703125 -0.114082336425781
0.0597000122070313 0.0368461608886719 -0.177215576171875 -0.068603515625
0.0644493103027344 -0.0156898498535156 -0.19317626953125 0.0535736083984375
0.0312576293945313 -0.0553741455078125 -0.154006958007813 0.1629638671875
0.0111351013183594 -0.0424156188964844 -0.0631561279296875 0.208740234375
0.0161666870117188 -0.0331344604492188 -0.0336761474609375 0.174362182617188
0.0210666656494141 -0.0301837921142578 -0.017822265625 0.14569091796875
0.0267543792724609 -0.00823783874511719 -0.024444580078125 0.123664855957031
0.0179824829101563 0.02337646484375 -0.0161972045898438 0.130256652832031
-0.0273208618164063 0.0493125915527344 -0.0499725341796875 0.167068481445313
-0.0751876831054688 0.00238037109375002 -0.135757446289063 0.180496215820312
-0.08026123046875 -0.0630264282226562 -0.18377685546875 0.237396240234375
-0.062896728515625 -0.111869812011719 -0.2061767578125 0.252410888671875
-0.00404357910156252 -0.152313232421875 -0.20684814453125 0.14288330078125
-0.0415267944335937 -0.0484733581542969 -0.00645828247070313 0.0297164916992187
-0.0377349853515625 -0.0180320739746094 -0.05523681640625 -0.13641357421875
-0.0169391632080078 0.00247764587402344 -0.1844482421875 -0.0903472900390625
-0.0129671096801758 0.000767707824707029 -0.210540771484375 0.0372467041015625
-0.0112228393554688 0.00355339050292969 -0.163345336914063 0.1612548828125
-0.00750732421875 0.0296878814697266 -0.0638427734375 0.207977294921875
-0.0149784088134766 0.0349941253662109 -0.029022216796875 0.165435791015625
-0.00788116455078125 0.0411453247070312 -0.0087127685546875 0.140121459960938
-0.0265884399414063 0.0356559753417969 -0.00750732421875001 0.118965148925781
-0.0570869445800781 0.0244522094726563 0.00176239013671875 0.122474670410156
-0.0938262939453125 -0.00717926025390625 -0.0308837890625 0.168319702148438
-0.0750656127929687 -0.103172302246094 -0.10626220703125 0.184295654296875
-0.032684326171875 -0.157882690429688 -0.159912109375 0.232040405273437
0.032196044921875 -0.200592041015625 -0.1900634765625 0.22528076171875
0.0914459228515625 -0.227020263671875 -0.202255249023438 0.0847015380859375
0.0118408203125 -0.148834228515625 -0.00540018081665039 -0.00261211395263673
-0.0640945434570313 -0.133895874023438 -0.0455322265625 -0.1676025390625
-0.0944595336914063 -0.0528335571289063 -0.178665161132813 -0.122756958007812
-0.09881591796875 0.0030517578125 -0.2138671875 0.0052642822265625
-0.0640907287597656 0.0560989379882813 -0.162460327148438 0.138427734375
-0.0319747924804688 0.096710205078125 -0.05938720703125 0.181732177734375
-0.0450897216796875 0.0986557006835938 -0.0191192626953125 0.131790161132813
-0.0309982299804688 0.109451293945312 0.00736999511718749 0.108985900878906
-0.0669631958007813 0.08428955078125 0.0224990844726563 0.0941009521484375
-0.119804382324219 0.04376220703125 0.0347213745117187 0.100456237792969
-0.157608032226563 -0.03369140625 0.0051422119140625 0.161407470703125
-0.09698486328125 -0.182754516601563 -0.065216064453125 0.184051513671875
-0.00978088378906251 -0.233627319335938 -0.126922607421875 0.212081909179687
0.105484008789063 -0.267181396484375 -0.1448974609375 0.174880981445312
0.180099487304688 -0.2620849609375 -0.158615112304688 0.00502014160156251
0.08355712890625 -0.22552490234375 0.0161056518554688 -0.0540275573730469
-0.06243896484375 -0.246231079101563 -0.020965576171875 -0.19921875
-0.152633666992187 -0.120803833007813 -0.152618408203125 -0.158660888671875
-0.175201416015625 -0.01141357421875 -0.195022583007813 -0.037322998046875
-0.116020202636719 0.0935516357421875 -0.145721435546875 0.0969696044921875
-0.0565185546875 0.146469116210937 -0.0484542846679688 0.132186889648437
-0.0685577392578125 0.147598266601563 -0.0050048828125 0.0788192749023438
-0.0457000732421875 0.163909912109375 0.0258102416992187 0.0577926635742188
-0.0896224975585938 0.128448486328125 0.0550804138183594 0.0504493713378906
-0.163040161132813 0.0727691650390625 0.0681648254394531 0.0649223327636719
-0.205276489257813 -0.0361480712890625 0.0449676513671875 0.138763427734375
-0.122970581054687 -0.228057861328125 -0.0215301513671875 0.172637939453125
-0.0023651123046875 -0.278030395507812 -0.0963592529296875 0.175216674804687
0.154754638671875 -0.30010986328125 -0.08612060546875 0.106002807617188
0.240158081054687 -0.248123168945313 -0.0820693969726563 -0.0826416015625
0.15362548828125 -0.252426147460938 0.0579757690429688 -0.113441467285156
-0.028167724609375 -0.3192138671875 0.018951416015625 -0.2191162109375
-0.172653198242188 -0.179336547851563 -0.10302734375 -0.184051513671875
-0.218414306640625 -0.0370941162109375 -0.150665283203125 -0.0782623291015625
-0.153274536132813 0.107498168945312 -0.110649108886719 0.0441741943359375
-0.0731201171875 0.170974731445313 -0.0309906005859375 0.0674362182617188
-0.0814208984375 0.173538208007813 0.0088510513305664 0.0156373977661133
-0.050872802734375 0.195816040039063 0.0411872863769531 -0.00573348999023436
-0.096771240234375 0.15643310546875 0.0826568603515625 -0.00463104248046874
-0.181976318359375 0.09503173828125 0.095550537109375 0.0207672119140625
-0.2255859375 -0.0302734375 0.0795669555664063 0.106071472167969
-0.133377075195313 -0.243316650390625 0.013092041015625 0.151626586914062
0.00982666015624997 -0.28802490234375 -0.0754165649414062 0.126434326171875
0.184112548828125 -0.293121337890625 -0.0220470428466797 0.0269737243652344
0.253570556640625 -0.190048217773438 0.0126190185546875 -0.160507202148438
0.195358276367188 -0.223617553710938 0.110992431640625 -0.166427612304688
0.020599365234375 -0.32281494140625 0.060943603515625 -0.218490600585938
-0.149383544921875 -0.202255249023438 -0.04278564453125 -0.190628051757813
-0.216690063476563 -0.0577392578125 -0.0912094116210938 -0.106361389160156
-0.161956787109375 0.10064697265625 -0.0649185180664063 -0.00930786132812499
-0.0780792236328125 0.168197631835938 -0.0103073120117188 -0.0031147003173828
-0.0819244384765625 0.173812866210938 0.0204124450683594 -0.0490989685058594
-0.051177978515625 0.199752807617188 0.053131103515625 -0.07147216796875
-0.0939788818359375 0.160858154296875 0.104461669921875 -0.0625228881835937
-0.181182861328125 0.0997772216796875 0.117378234863281 -0.021514892578125
-0.2186279296875 -0.02978515625 0.104629516601562 0.0735626220703125
-0.1165771484375 -0.23876953125 0.0360794067382812 0.129623413085937
0.035491943359375 -0.265960693359375 -0.06060791015625 0.0735397338867187
0.197952270507813 -0.244033813476563 0.0408592224121094 -0.048095703125
0.217086791992187 -0.100006103515625 0.102767944335938 -0.2171630859375
0.190750122070313 -0.149200439453125 0.158309936523438 -0.204940795898438
0.057464599609375 -0.255844116210938 0.094757080078125 -0.202529907226563
-0.0994110107421875 -0.17681884765625 0.0096435546875 -0.182464599609375
-0.172103881835937 -0.0607452392578125 -0.0338516235351563 -0.119155883789063
-0.139434814453125 0.0793991088867188 -0.0203475952148438 -0.0560455322265625
-0.0670623779296875 0.139877319335937 0.00771331787109375 -0.0681190490722656
-0.0699615478515625 0.147918701171875 0.0283660888671875 -0.107185363769531
-0.0470428466796875 0.173858642578125 0.059814453125 -0.132499694824219
-0.08331298828125 0.141189575195312 0.12249755859375 -0.113479614257812
-0.161529541015625 0.08526611328125 0.13775634765625 -0.0548095703125
-0.187240600585938 -0.035552978515625 0.126319885253906 0.0488204956054688
-0.0780487060546875 -0.2159423828125 0.0507583618164062 0.112091064453125
0.06817626953125 -0.215682983398438 -0.0456771850585937 0.0261573791503906
0.193206787109375 -0.163955688476563 0.102890014648438 -0.106735229492188
0.140396118164063 0.00445556640625 0.164657592773438 -0.24493408203125
0.14385986328125 -0.0513458251953125 0.184371948242188 -0.224853515625
0.0703277587890625 -0.143844604492187 0.109375 -0.182296752929688
-0.041290283203125 -0.112503051757812 0.0418701171875 -0.169464111328125
-0.099395751953125 -0.045379638671875 0.003509521484375 -0.121818542480469
-0.0914382934570312 0.0474090576171875 0.00972747802734376 -0.0894393920898438
-0.0456390380859375 0.0904312133789063 0.0183029174804687 -0.116790771484375
-0.0475845336914062 0.0993499755859375 0.031646728515625 -0.149871826171875
-0.0372390747070312 0.122406005859375 0.0650787353515625 -0.178970336914062
-0.0634536743164063 0.101432800292969 0.139175415039063 -0.150283813476563
-0.12359619140625 0.0573348999023437 0.15899658203125 -0.0731658935546875
-0.135017395019531 -0.0394134521484375 0.145309448242188 0.03692626953125
-0.03143310546875 -0.169525146484375 0.0603179931640625 0.105079650878906
0.092376708984375 -0.140914916992188 -0.0251731872558594 -0.00637054443359376
0.1636962890625 -0.0608673095703125 0.160018920898437 -0.137786865234375
-0.0815658569335938 -0.0447540283203125 -0.164031982421875 0.164031982421875
-0.0629501342773438 0.0519638061523438 0.00854110717773437 0.0332832336425781
0.00716400146484375 0.0718460083007812 -0.0545120239257813 -0.106986999511719
0.0580558776855469 0.0315895080566406 -0.169631958007812 -0.0610504150390625
0.0596809387207031 -0.0180282592773438 -0.18194580078125 0.0546722412109375
0.0256919860839844 -0.05291748046875 -0.143447875976563 0.15966796875
0.00792694091796875 -0.0389862060546875 -0.0538330078125 0.200515747070313
0.0134429931640625 -0.0306396484375 -0.0258636474609375 0.167205810546875
0.0184154510498047 -0.0284557342529297 -0.0113754272460938 0.139945983886719
0.0235595703125 -0.00823211669921875 -0.0202255249023438 0.118843078613281
0.0164165496826172 0.0205402374267578 -0.0121383666992187 0.12451171875
-0.0236091613769531 0.0466461181640625 -0.0423126220703125 0.160385131835938
-0.0693359375 0.0040740966796875 -0.125244140625 0.17401123046875
-0.0772018432617188 -0.0578765869140625 -0.168670654296875 0.228195190429687
-0.0625228881835938 -0.102973937988281 -0.189498901367188 0.242843627929687
-0.00732421875000001 -0.142623901367188 -0.188888549804688 0.14013671875
-0.0399589538574219 -0.0459175109863281 -0.00336837768554688 0.0273933410644531
-0.0370292663574219 -0.0175094604492188 -0.0562057495117188 -0.127525329589844
-0.0158805847167969 0.00197505950927734 -0.176376342773438 -0.0822601318359375
-0.0132036209106445 0.00023365020751953 -0.198699951171875 0.0382843017578125
-0.0122642517089844 0.00359916687011719 -0.1519775390625 0.156967163085938
-0.00789642333984375 0.0296287536621094 -0.0543212890625 0.199417114257812
-0.0139064788818359 0.0351352691650391 -0.0221710205078125 0.158645629882813
-0.0072174072265625 0.0394554138183594 -0.00331878662109374 0.13421630859375
-0.0256309509277344 0.0343399047851563 -0.00392913818359376 0.113945007324219
-0.0545234680175781 0.0236549377441406 0.00544738769531249 0.116661071777344
-0.0884017944335938 -0.00486755371093751 -0.0240325927734375 0.162200927734375
-0.0728988647460938 -0.0966796875 -0.0975494384765625 0.177093505859375
-0.0334320068359375 -0.14874267578125 -0.146072387695313 0.2239990234375
0.0253448486328125 -0.190628051757813 -0.174102783203125 0.218368530273437
0.0809783935546875 -0.216583251953125 -0.185516357421875 0.086212158203125
0.00874328613281249 -0.142807006835937 -0.00241875648498535 -0.00195741653442384
-0.0659713745117188 -0.126487731933594 -0.0476226806640625 -0.156402587890625
-0.090728759765625 -0.0478973388671875 -0.171859741210937 -0.113372802734375
-0.0938568115234375 0.00518798828124999 -0.202880859375 0.00773620605468749
-0.0598793029785156 0.0545082092285156 -0.150970458984375 0.134628295898438
-0.0285110473632812 0.0931472778320313 -0.0505828857421875 0.173919677734375
-0.0404891967773438 0.096466064453125 -0.0142059326171875 0.126182556152344
-0.0262908935546875 0.104713439941406 0.0113601684570313 0.103286743164062
-0.0617828369140625 0.0813522338867187 0.0237960815429687 0.0889205932617188
-0.113380432128906 0.0439682006835937 0.03546142578125 0.094970703125
-0.150741577148438 -0.0282135009765625 0.00964355468749998 0.154632568359375
-0.096099853515625 -0.171844482421875 -0.0578155517578125 0.177139282226563
-0.013885498046875 -0.221023559570313 -0.11480712890625 0.20465087890625
0.0936431884765625 -0.257125854492188 -0.132858276367188 0.16986083984375
0.164627075195313 -0.252166748046875 -0.146652221679688 0.00991821289062496
0.074981689453125 -0.216629028320313 0.0173263549804688 -0.0506858825683594
-0.0666046142578125 -0.23211669921875 -0.024200439453125 -0.18658447265625
-0.147857666015625 -0.110626220703125 -0.147705078125 -0.147750854492188
-0.166229248046875 -0.00639343261718749 -0.185638427734375 -0.032012939453125
-0.10833740234375 0.090606689453125 -0.135055541992188 0.0944290161132813
-0.0499649047851563 0.140419006347656 -0.0413894653320313 0.126190185546875
-0.06109619140625 0.143386840820313 -0.0031585693359375 0.075408935546875
-0.0377349853515625 0.15655517578125 0.0263328552246094 0.0539398193359375
-0.081390380859375 0.123344421386719 0.0534400939941406 0.0458869934082031
-0.151473999023438 0.0733642578125 0.0666084289550781 0.0601463317871094
-0.195632934570313 -0.0283966064453125 0.0478668212890625 0.132942199707031
-0.123291015625 -0.214218139648438 -0.0172271728515625 0.165359497070313
-0.00791931152343752 -0.264266967773438 -0.0872039794921875 0.169967651367187
0.139434814453125 -0.289520263671875 -0.078643798828125 0.103141784667969
0.22161865234375 -0.2406005859375 -0.0761260986328125 -0.0747604370117188
0.140838623046875 -0.243728637695313 0.0559463500976563 -0.107711791992188
-0.03692626953125 -0.301361083984375 0.0122222900390625 -0.205230712890625
-0.167587280273438 -0.165603637695313 -0.10137939453125 -0.171829223632813
-0.2083740234375 -0.028961181640625 -0.144088745117188 -0.0712432861328125
-0.142303466796875 0.105148315429688 -0.102851867675781 0.0435791015625
-0.0651397705078125 0.163421630859375 -0.0269622802734375 0.0643043518066406
-0.0721588134765625 0.16827392578125 0.00790214538574218 0.0146408081054688
-0.041748046875 0.186660766601563 0.0389442443847656 -0.00751113891601561
-0.087066650390625 0.149765014648437 0.0784988403320312 -0.00772857666015624
-0.169326782226563 0.0952911376953125 0.0917739868164062 0.0181503295898438
-0.214630126953125 -0.0217742919921875 0.0794219970703125 0.100685119628906
-0.134002685546875 -0.228347778320312 0.01513671875 0.144256591796875
0.002685546875 -0.273513793945313 -0.068634033203125 0.123146057128906
0.167633056640625 -0.283111572265625 -0.0206947326660156 0.02685546875
0.235687255859375 -0.186553955078125 0.0124053955078125 -0.150054931640625
0.180877685546875 -0.216964721679688 0.104110717773438 -0.157974243164062
0.009490966796875 -0.30615234375 0.0532989501953125 -0.20635986328125
-0.146331787109375 -0.187423706054687 -0.0441131591796875 -0.179840087890625
-0.206680297851562 -0.0484466552734375 -0.088470458984375 -0.0987777709960938
-0.150100708007813 0.09930419921875 -0.0601730346679688 -0.009002685546875
-0.0690155029296875 0.160797119140625 -0.00963973999023438 -0.00389099121093749
-0.0725860595703125 0.167724609375 0.0173072814941406 -0.0474624633789062
-0.0416717529296875 0.189422607421875 0.046539306640625 -0.0701675415039062
-0.0836334228515625 0.153915405273438 0.0969467163085938 -0.0629425048828125
-0.167205810546875 0.0998687744140625 0.111198425292969 -0.022796630859375
-0.207626342773438 -0.0213623046875 0.10223388671875 0.0688247680664063
-0.117706298828125 -0.224365234375 0.036712646484375 0.122322082519531
0.0274200439453125 -0.253097534179688 -0.0562973022460938 0.0733108520507812
0.180908203125 -0.238143920898438 0.0361518859863281 -0.0458908081054688
0.201873779296875 -0.09991455078125 0.094879150390625 -0.205764770507813
0.176254272460938 -0.1461181640625 0.147674560546875 -0.195358276367188
0.045928955078125 -0.24310302734375 0.0859222412109375 -0.191436767578125
-0.0981903076171875 -0.164276123046875 0.00668334960937498 -0.172073364257813
-0.164352416992188 -0.0518341064453125 -0.0347061157226562 -0.112701416015625
-0.129653930664062 0.0784530639648438 -0.0189208984375 -0.0544509887695312
-0.0596237182617188 0.133506774902344 0.00568008422851562 -0.0662879943847656
-0.061798095703125 0.142440795898438 0.0225906372070313 -0.103004455566406
-0.0381011962890625 0.165023803710938 0.0515518188476563 -0.128173828125
-0.07366943359375 0.135055541992188 0.113182067871094 -0.111709594726562
-0.148666381835938 0.0853118896484375 0.129402160644531 -0.0543594360351562
-0.1778564453125 -0.0271148681640625 0.120697021484375 0.0447235107421875
-0.0812225341796875 -0.202560424804688 0.050537109375 0.104911804199219
0.05859375 -0.206924438476563 -0.0433349609375 0.0278892517089844
0.17822265625 -0.162200927734375 0.0934219360351563 -0.102462768554688
0.132225036621094 0.00060272216796875 0.152297973632813 -0.234115600585938
0.133804321289063 -0.0518722534179688 0.17144775390625 -0.215850830078125
0.0611801147460938 -0.137954711914063 0.1016845703125 -0.173309326171875
-0.04132080078125 -0.104232788085938 0.0363006591796875 -0.161407470703125
-0.0949478149414062 -0.0403366088867188 0.000785827636718747 -0.11553955078125
-0.08447265625 0.0476608276367187 0.00821685791015625 -0.0864486694335938
-0.040283203125 0.0860977172851563 0.0141983032226562 -0.112747192382812
-0.0411605834960938 0.0962753295898438 0.024627685546875 -0.143524169921875
-0.0300369262695312 0.117073059082031 0.0549163818359375 -0.172958374023438
-0.0565109252929687 0.09710693359375 0.1273193359375 -0.14691162109375
-0.113693237304688 0.058135986328125 0.149078369140625 -0.07220458984375
-0.128013610839844 -0.0318603515625 0.138397216796875 0.0319976806640625
-0.03643798828125 -0.159927368164063 0.0591049194335938 0.09796142578125
0.0833740234375 -0.136009216308594 -0.0259323120117187 -0.00363349914550783
0.15216064453125 -0.0631103515625 0.145980834960938 -0.132431030273438
-0.07708740234375 -0.0407485961914063 -0.155410766601562 0.159652709960938
-0.0594635009765625 0.0502128601074219 0.00998306274414062 0.0313014984130859
0.00755691528320313 0.0682449340820313 -0.0532379150390625 -0.103919982910156
0.0562095642089844 0.0289077758789063 -0.164764404296875 -0.0583343505859375
0.0564193725585938 -0.0195121765136719 -0.1761474609375 0.0534820556640625
0.0223579406738281 -0.0508499145507813 -0.137298583984375 0.156463623046875
0.00632476806640625 -0.0359649658203125 -0.048797607421875 0.195968627929687
0.0125217437744141 -0.0284824371337891 -0.0218963623046875 0.163040161132813
0.0165748596191406 -0.0267696380615234 -0.00828552246093749 0.136085510253906
0.0214061737060547 -0.00812339782714844 -0.0178146362304688 0.116142272949219
0.0144443511962891 0.0192050933837891 -0.0105438232421875 0.121429443359375
-0.0217552185058594 0.0444831848144531 -0.0390777587890625 0.15557861328125
-0.0656585693359375 0.00419998168945313 -0.1201171875 0.169403076171875
-0.0748748779296875 -0.0556488037109375 -0.160568237304687 0.21990966796875
-0.0612411499023438 -0.09820556640625 -0.181045532226563 0.235549926757813
-0.00723266601562501 -0.135986328125 -0.179061889648437 0.137100219726563
-0.0381698608398437 -0.0442237854003906 -0.000762939453125 0.0261993408203125
-0.0364990234375 -0.0171470642089844 -0.054901123046875 -0.122146606445312
-0.0146322250366211 0.000576972961425779 -0.172210693359375 -0.078643798828125
-0.0128498077392578 -0.000694274902343751 -0.191986083984375 0.0374603271484375
-0.0135202407836914 0.00345993041992187 -0.145416259765625 0.153518676757813
-0.0078887939453125 0.0298938751220703 -0.0489959716796875 0.194000244140625
-0.0135116577148437 0.03546142578125 -0.0186920166015625 0.155059814453125
-0.00727462768554688 0.0389251708984375 -0.000511169433593743 0.130096435546875
-0.0252418518066406 0.0330467224121094 -0.00199127197265626 0.111587524414063
-0.0537605285644531 0.0227928161621094 0.00634002685546875 0.113487243652344
-0.08551025390625 -0.00404357910156248 -0.0208740234375 0.158157348632813
-0.07000732421875 -0.09405517578125 -0.0937652587890625 0.17218017578125
-0.0323638916015625 -0.143997192382813 -0.1380615234375 0.21710205078125
0.0226593017578125 -0.18463134765625 -0.166427612304688 0.211593627929688
0.077178955078125 -0.208908081054687 -0.174957275390625 0.084991455078125
0.00765228271484377 -0.138748168945313 0.000255465507507325 -0.00190842151641847
-0.0659637451171875 -0.1217041015625 -0.046905517578125 -0.149200439453125
-0.0877609252929688 -0.0463638305664062 -0.167510986328125 -0.10882568359375
-0.09112548828125 0.00594329833984376 -0.1962890625 0.00848388671875002
-0.0582504272460938 0.053192138671875 -0.144668579101563 0.131332397460938
-0.0267333984375 0.090423583984375 -0.0464324951171875 0.16864013671875
-0.0383071899414063 0.0954055786132813 -0.012176513671875 0.123542785644531
-0.023834228515625 0.101478576660156 0.0122833251953125 0.100639343261719
-0.0595703125 0.078582763671875 0.02459716796875 0.0862350463867188
-0.109725952148438 0.0431442260742188 0.0352554321289063 0.0925216674804688
-0.145614624023438 -0.025726318359375 0.0125732421875 0.151596069335937
-0.0948486328125 -0.1663818359375 -0.054931640625 0.172439575195313
-0.0145416259765625 -0.214019775390625 -0.108734130859375 0.199798583984375
0.0885772705078125 -0.249679565429688 -0.127532958984375 0.16546630859375
0.156906127929687 -0.244491577148437 -0.137779235839844 0.0117034912109375
0.0716400146484375 -0.211532592773438 0.0195426940917969 -0.0486183166503906
-0.06890869140625 -0.224441528320313 -0.0243377685546875 -0.177825927734375
-0.1441650390625 -0.105697631835938 -0.143508911132813 -0.141860961914063
-0.160919189453125 -0.00457763671875001 -0.17962646484375 -0.0299224853515625
-0.104011535644531 0.087982177734375 -0.12945556640625 0.0919189453125
-0.0463104248046875 0.136642456054687 -0.0378875732421875 0.122520446777344
-0.057830810546875 0.14129638671875 -0.00231170654296875 0.073638916015625
-0.0340728759765625 0.151779174804687 0.0260505676269531 0.0513191223144531
-0.077239990234375 0.119003295898437 0.0528640747070312 0.0438346862792969
-0.145980834960938 0.0717315673828125 0.0655403137207031 0.0582733154296875
-0.189849853515625 -0.0247802734375 0.0489730834960937 0.130378723144531
-0.123184204101563 -0.206802368164062 -0.01593017578125 0.1605224609375
-0.00932312011718749 -0.255706787109375 -0.0821685791015625 0.166366577148438
0.13232421875 -0.28277587890625 -0.0752716064453125 0.100311279296875
0.2119140625 -0.233123779296875 -0.0706939697265625 -0.069610595703125
0.1343994140625 -0.238571166992187 0.0565338134765625 -0.103355407714844
-0.04034423828125 -0.291015625 0.01123046875 -0.196609497070313
-0.164031982421875 -0.158523559570313 -0.0987701416015625 -0.16583251953125
-0.201568603515625 -0.0250091552734375 -0.139633178710938 -0.0683135986328125
-0.136360168457031 0.102890014648438 -0.0985031127929688 0.0411758422851563
-0.0602569580078125 0.158584594726563 -0.0244789123535156 0.0609703063964844
-0.0682373046875 0.165542602539063 0.00704669952392578 0.0138559341430664
-0.0374755859375 0.180419921875 0.0365333557128906 -0.00819015502929686
-0.081787109375 0.1451416015625 0.0760040283203125 -0.00912475585937499
-0.160980224609375 0.093414306640625 0.0888900756835937 0.0174484252929688
-0.2080078125 -0.0176239013671875 0.0794219970703125 0.0989532470703125
-0.134109497070313 -0.2196044921875 0.0153274536132812 0.139732360839844
0.000717163085937474 -0.265380859375 -0.0649185180664062 0.120674133300781
0.158905029296875 -0.278335571289063 -0.0204524993896484 0.026987075805664
0.2254638671875 -0.181732177734375 0.0130157470703125 -0.143157958984375
0.172775268554687 -0.212417602539062 0.102874755859375 -0.152145385742188
0.00411987304687501 -0.2955322265625 0.0508575439453125 -0.197174072265625
-0.142929077148437 -0.179580688476563 -0.0426788330078125 -0.173080444335937
-0.200302124023438 -0.0435333251953125 -0.0855255126953125 -0.0951690673828125
-0.144180297851563 0.0970306396484375 -0.0572929382324219 -0.010284423828125
-0.063934326171875 0.155960083007813 -0.00921154022216797 -0.00460147857666015
-0.0675811767578125 0.165008544921875 0.0141487121582031 -0.0462799072265625
-0.03631591796875 0.18316650390625 0.0430526733398437 -0.0692787170410156
-0.078094482421875 0.148666381835938 0.0928726196289062 -0.063232421875
-0.158721923828125 0.098358154296875 0.107582092285156 -0.0219497680664062
-0.200653076171875 -0.0169219970703125 0.100852966308594 0.0678024291992188
-0.118453979492187 -0.215988159179688 0.0359725952148437 0.118247985839844
0.0238800048828125 -0.245132446289063 -0.0543365478515625 0.072845458984375
0.171478271484375 -0.234115600585937 0.0340652465820313 -0.0436363220214844
0.1939697265625 -0.0980987548828125 0.0926513671875 -0.198028564453125
0.169570922851563 -0.14349365234375 0.143478393554688 -0.188262939453125
0.0400390625 -0.23541259765625 0.0832366943359375 -0.183700561523438
-0.09588623046875 -0.156524658203125 0.0057830810546875 -0.166793823242188
-0.159255981445313 -0.0475006103515625 -0.0337066650390625 -0.107719421386719
-0.12359619140625 0.0772933959960938 -0.0175704956054688 -0.0539512634277344
-0.05548095703125 0.129219055175781 0.00425338745117186 -0.0651969909667969
-0.057586669921875 0.139762878417969 0.0188064575195313 -0.100143432617188
-0.0331573486328125 0.159652709960937 0.0467987060546875 -0.125259399414063
-0.0684585571289063 0.13018798828125 0.107261657714844 -0.110877990722656
-0.141357421875 0.083892822265625 0.124961853027344 -0.0524520874023437
-0.17156982421875 -0.023101806640625 0.118217468261719 0.04351806640625
-0.0825347900390625 -0.194351196289063 0.04901123046875 0.101936340332031
0.0540008544921875 -0.2010498046875 -0.0427169799804688 0.0297164916992187
0.1689453125 -0.159576416015625 0.087493896484375 -0.0984573364257813
0.127296447753906 -0.0003204345703125 0.147064208984375 -0.226181030273438
0.128166198730469 -0.0511093139648437 0.165298461914063 -0.208328247070313
0.0559463500976562 -0.133262634277344 0.09881591796875 -0.1666259765625
-0.0411529541015625 -0.0993576049804688 0.03515625 -0.156341552734375
-0.0919189453125 -0.0375747680664062 -0.000114440917968744 -0.111473083496094
-0.0808868408203125 0.0474395751953125 0.00835418701171874 -0.0851593017578125
-0.03692626953125 0.0834426879882813 0.0112075805664063 -0.110336303710938
-0.0383224487304687 0.0939483642578125 0.0204620361328125 -0.139190673828125
-0.026397705078125 0.112579345703125 0.0495452880859375 -0.168182373046875
-0.0523529052734375 0.09381103515625 0.120437622070312 -0.144439697265625
-0.107414245605469 0.0574493408203125 0.143417358398438 -0.070465087890625
-0.123603820800781 -0.0280838012695312 0.134201049804688 0.0310134887695313
-0.038421630859375 -0.153549194335938 0.0580215454101563 0.0950775146484375
0.0780868530273438 -0.133613586425781 -0.0262241363525391 -0.000751495361328136
0.144866943359375 -0.0633392333984375 0.138458251953125 -0.127967834472656
-0.0745849609375 -0.0387344360351563 -0.149688720703125 0.158584594726563
-0.0573539733886719 0.0501136779785156 0.0117263793945312 0.0304183959960938
0.00779342651367188 0.0667915344238281 -0.05340576171875 -0.102180480957031
0.0559196472167969 0.0257492065429688 -0.16387939453125 -0.055389404296875
0.0544548034667969 -0.0211448669433594 -0.17425537109375 0.05426025390625
0.019561767578125 -0.0495147705078125 -0.133865356445312 0.15777587890625
0.00527381896972656 -0.0340843200683594 -0.044158935546875 0.195388793945312
0.0109348297119141 -0.027252197265625 -0.0173797607421875 0.163162231445313
0.0155982971191406 -0.0257892608642578 -0.00377655029296876 0.135406494140625
0.0192298889160156 -0.00790596008300781 -0.0159835815429687 0.116966247558594
0.0134601593017578 0.0182266235351562 -0.00916290283203126 0.121185302734375
-0.02032470703125 0.0432929992675781 -0.0359039306640625 0.155014038085937
-0.0634384155273437 0.00378036499023438 -0.11712646484375 0.168899536132813
-0.074432373046875 -0.0541000366210937 -0.155746459960938 0.218063354492188
-0.062103271484375 -0.0946884155273438 -0.1766357421875 0.234451293945313
-0.00721740722656249 -0.133964538574219 -0.1722412109375 0.137664794921875
-0.0377998352050781 -0.0439643859863281 0.00152587890625 0.0254859924316406
-0.036895751953125 -0.0167655944824219 -0.0553512573242187 -0.11981201171875
-0.0147600173950195 0.000370979309082029 -0.171188354492188 -0.0760345458984375
-0.0139617919921875 -0.000976562499999999 -0.190277099609375 0.038787841796875
-0.0149002075195312 0.00441455841064453 -0.14276123046875 0.154525756835938
-0.00740623474121094 0.0307388305664062 -0.0441436767578125 0.19384765625
-0.0133514404296875 0.0371551513671875 -0.014312744140625 0.15472412109375
-0.00657272338867188 0.0392608642578125 0.00283050537109374 0.129371643066406
-0.0261192321777344 0.0334510803222656 -6.86645507812563E-05 0.111137390136719
-0.0540351867675781 0.0228652954101563 0.00771331787109374 0.112922668457031
-0.0845260620117188 -0.00382995605468751 -0.01708984375 0.157638549804688
-0.0704727172851563 -0.0936737060546875 -0.0904541015625 0.17193603515625
-0.0333404541015625 -0.141952514648438 -0.133407592773437 0.215621948242188
0.019989013671875 -0.182769775390625 -0.162384033203125 0.211776733398437
0.0742034912109375 -0.207000732421875 -0.168869018554688 0.086639404296875
0.00664520263671875 -0.1385498046875 0.00318026542663574 -0.00162053108215333
-0.0683441162109375 -0.11944580078125 -0.0476837158203125 -0.145980834960938
-0.0878982543945313 -0.0451889038085938 -0.167083740234375 -0.105728149414063
-0.0905914306640625 0.00724029541015624 -0.194671630859375 0.00987243652343751
-0.05804443359375 0.0534515380859375 -0.141952514648438 0.131668090820313
-0.0247116088867187 0.0908660888671875 -0.04217529296875 0.167877197265625
-0.0363540649414063 0.0970382690429687 -0.00942993164062501 0.123268127441406
-0.0226516723632812 0.101043701171875 0.0144119262695313 0.100112915039063
-0.0583267211914063 0.0784454345703125 0.0263442993164063 0.0855560302734375
-0.109130859375 0.043914794921875 0.0367813110351563 0.0922012329101563
-0.145095825195313 -0.0237274169921875 0.01641845703125 0.151336669921875
-0.0968017578125 -0.165008544921875 -0.0526885986328125 0.171707153320313
-0.0164337158203125 -0.212158203125 -0.104339599609375 0.199188232421875
0.0835113525390625 -0.249069213867187 -0.123703002929688 0.166168212890625
0.152297973632812 -0.2430419921875 -0.133003234863281 0.014404296875
0.06842041015625 -0.211349487304688 0.0218315124511719 -0.0471763610839844
-0.073089599609375 -0.220565795898438 -0.025848388671875 -0.173385620117188
-0.14373779296875 -0.10296630859375 -0.143585205078125 -0.1387939453125
-0.160064697265625 -0.00137329101562498 -0.178924560546875 -0.0285797119140625
-0.102027893066406 0.0887527465820313 -0.126930236816406 0.0923233032226562
-0.04296875 0.135726928710938 -0.0350112915039063 0.121147155761719
-0.0548858642578125 0.143142700195313 -0.00155639648437501 0.0736923217773438
-0.0306243896484375 0.150665283203125 0.0266494750976563 0.0509262084960938
-0.0746841430664062 0.119033813476563 0.0533103942871094 0.0426406860351563
-0.143173217773437 0.0733642578125 0.0662155151367187 0.0581321716308594
-0.188308715820312 -0.02154541015625 0.0526809692382812 0.130538940429688
-0.126083374023438 -0.20428466796875 -0.0142822265625 0.1602783203125
-0.011871337890625 -0.2535400390625 -0.07867431640625 0.165924072265625
0.126495361328125 -0.283782958984375 -0.073760986328125 0.101226806640625
0.207504272460938 -0.232864379882813 -0.0671806335449219 -0.0667877197265625
0.130279541015625 -0.239181518554688 0.0570068359375 -0.101463317871094
-0.046173095703125 -0.287841796875 0.00936889648437498 -0.192108154296875
-0.164581298828125 -0.154571533203125 -0.0993194580078125 -0.163131713867188
-0.2001953125 -0.021453857421875 -0.138809204101563 -0.0667037963867187
-0.133316040039062 0.102981567382813 -0.0964431762695313 0.0399551391601563
-0.0564727783203125 0.158065795898438 -0.0228385925292969 0.0604934692382812
-0.0634918212890625 0.167098999023438 0.0064706802368164 0.0147762298583984
-0.0330047607421875 0.178955078125 0.0355873107910156 -0.00886917114257811
-0.078094482421875 0.144073486328125 0.0748519897460938 -0.0104217529296875
-0.157562255859375 0.0948944091796875 0.0888671875 0.0170211791992188
-0.205520629882813 -0.014007568359375 0.0813827514648437 0.0989532470703125
-0.138015747070312 -0.215866088867188 0.0164794921875 0.139381408691406
-0.00360107421874998 -0.263076782226563 -0.063018798828125 0.122001647949219
0.15203857421875 -0.279251098632813 -0.0204353332519531 0.0276756286621094
0.22076416015625 -0.18182373046875 0.0144805908203125 -0.140853881835938
0.168411254882813 -0.214019775390625 0.10223388671875 -0.150360107421875
-0.002288818359375 -0.29217529296875 0.04901123046875 -0.192962646484375
-0.143630981445313 -0.175186157226563 -0.04486083984375 -0.171035766601563
-0.200393676757813 -0.03961181640625 -0.0857696533203125 -0.0939254760742188
-0.141098022460938 0.098175048828125 -0.0560722351074219 -0.0121040344238281
-0.060546875 0.155059814453125 -0.00875997543334961 -0.00585079193115233
-0.063446044921875 0.165740966796875 0.0125541687011719 -0.0459747314453125
-0.0315093994140625 0.181716918945313 0.0399017333984375 -0.070281982421875
-0.0744171142578125 0.1475830078125 0.089996337890625 -0.0648117065429687
-0.154327392578125 0.0992279052734375 0.106277465820313 -0.0218658447265625
-0.1983642578125 -0.012939453125 0.102066040039063 0.067626953125
-0.122390747070313 -0.211944580078125 0.0360488891601562 0.117439270019531
0.019073486328125 -0.243499755859375 -0.0530776977539063 0.0745697021484375
0.165542602539063 -0.235260009765625 0.0322608947753906 -0.0427322387695313
0.190628051757812 -0.099456787109375 0.0918426513671875 -0.195068359375
0.1650390625 -0.144775390625 0.141815185546875 -0.186660766601563
0.034759521484375 -0.23321533203125 0.0816802978515625 -0.18084716796875
-0.0971221923828125 -0.152969360351563 0.00436401367187501 -0.165542602539063
-0.158950805664063 -0.0441741943359375 -0.0339202880859375 -0.107429504394531
-0.121162414550781 0.0783843994140625 -0.0171890258789063 -0.0555229187011719
-0.0516891479492187 0.12860107421875 0.00299453735351562 -0.0657920837402344
-0.0542449951171875 0.140914916992188 0.0152511596679688 -0.0993881225585937
-0.0293121337890625 0.157684326171875 0.0421142578125 -0.125709533691406
-0.0653228759765625 0.128707885742188 0.104339599609375 -0.11224365234375
-0.136512756347656 0.0852203369140625 0.123077392578125 -0.0523757934570312
-0.16864013671875 -0.0187530517578125 0.1185302734375 0.0431365966796875
-0.08734130859375 -0.190078735351562 0.0484848022460938 0.100486755371094
0.0495758056640625 -0.200119018554688 -0.0429191589355469 0.0314254760742187
0.164031982421875 -0.161483764648438 0.0838699340820313 -0.09735107421875
0.12445068359375 -0.00125885009765625 0.144454956054688 -0.224288940429688
0.125518798828125 -0.0533447265625 0.162002563476563 -0.206939697265625
0.05157470703125 -0.131919860839844 0.097900390625 -0.165130615234375
-0.0416183471679688 -0.097137451171875 0.0334930419921875 -0.15533447265625
-0.0920867919921875 -0.0345916748046875 -0.000129699707031268 -0.111412048339844
-0.0786590576171875 0.0484466552734375 0.00775909423828124 -0.0862350463867187
-0.0345001220703125 0.0822219848632813 0.00836944580078125 -0.110595703125
-0.0354995727539062 0.0947189331054688 0.015594482421875 -0.138397216796875
-0.0232009887695312 0.111915588378906 0.0439300537109375 -0.167724609375
-0.0494918823242187 0.0927810668945313 0.115676879882813 -0.146102905273438
-0.103347778320313 0.058013916015625 0.140945434570313 -0.0703887939453125
-0.121597290039063 -0.0250396728515625 0.133506774902344 0.0300445556640625
-0.041717529296875 -0.150421142578125 0.0577392578125 0.0934829711914063
0.074676513671875 -0.133842468261719 -0.0273380279541016 0.00172996520996093
0.14141845703125 -0.0650177001953125 0.133583068847656 -0.126686096191406
-0.073822021484375 -0.035919189453125 -0.142196655273438 0.162033081054688
-0.0548973083496094 0.0519294738769531 0.0139579772949219 0.0294551849365234
0.0100021362304687 0.0659332275390625 -0.0556488037109375 -0.100593566894531
0.0567245483398437 0.0224418640136719 -0.165390014648438 -0.05078125
0.052459716796875 -0.0233421325683594 -0.173065185546875 0.0589141845703125
0.016876220703125 -0.0485153198242188 -0.12847900390625 0.162826538085938
0.003692626953125 -0.0329113006591797 -0.035888671875 0.196823120117188
0.0103359222412109 -0.0267715454101562 -0.00912475585937502 0.16455078125
0.0135326385498047 -0.0253734588623047 0.002532958984375 0.136154174804688
0.0176582336425781 -0.00835227966308594 -0.0117111206054687 0.118362426757812
0.0128402709960938 0.0178680419921875 -0.00469207763671876 0.122406005859375
-0.0184288024902344 0.0432014465332031 -0.030364990234375 0.1556396484375
-0.0622787475585938 0.00492858886718749 -0.112045288085938 0.171585083007812
-0.07537841796875 -0.051666259765625 -0.148284912109375 0.220993041992188
-0.0641937255859375 -0.09100341796875 -0.169052124023437 0.238388061523438
-0.00926971435546875 -0.132858276367188 -0.16461181640625 0.141998291015625
-0.0381889343261719 -0.0433082580566406 0.00502014160156249 0.0251960754394531
-0.0379638671875 -0.0158424377441406 -0.0572128295898437 -0.117164611816406
-0.0148334503173828 -0.000737190246582032 -0.173385620117188 -0.0708770751953125
-0.014521598815918 -0.0012664794921875 -0.18914794921875 0.0439453125
-0.0154209136962891 0.0058441162109375 -0.137100219726563 0.159408569335938
-0.00653648376464844 0.0316429138183594 -0.0362091064453125 0.194931030273437
-0.0121192932128906 0.0387039184570313 -0.0069580078125 0.156082153320313
-0.00560760498046875 0.0399742126464844 0.00910186767578124 0.130195617675781
-0.0260601043701172 0.0341758728027344 0.00384521484375 0.11163330078125
-0.0539283752441406 0.0242424011230469 0.0117263793945312 0.113456726074219
-0.084381103515625 -0.00204467773437499 -0.0106201171875 0.158737182617188
-0.0728912353515625 -0.092376708984375 -0.08538818359375 0.174331665039063
-0.0373077392578125 -0.140762329101563 -0.125701904296875 0.2178955078125
0.0143280029296875 -0.182022094726563 -0.155029296875 0.215576171875
0.0687408447265625 -0.208084106445313 -0.161773681640625 0.0918731689453124
0.00251007080078126 -0.139488220214844 0.00642013549804688 -0.00175666809082032
-0.0727310180664062 -0.117027282714844 -0.0508270263671875 -0.143081665039063
-0.0889053344726563 -0.042755126953125 -0.169692993164062 -0.100112915039063
-0.090850830078125 0.010711669921875 -0.1947021484375 0.0148468017578125
-0.0563125610351563 0.0560798645019531 -0.137336730957031 0.135772705078125
-0.0210952758789062 0.0915603637695313 -0.0347137451171875 0.168960571289063
-0.0321044921875 0.100082397460938 -0.00422668457031251 0.124252319335938
-0.0189437866210938 0.102569580078125 0.0190582275390625 0.0997848510742188
-0.0562362670898438 0.07989501953125 0.029510498046875 0.0851974487304688
-0.107818603515625 0.0471878051757812 0.0401077270507812 0.0914993286132813
-0.145339965820313 -0.018646240234375 0.02337646484375 0.151809692382813
-0.102890014648438 -0.162612915039062 -0.04791259765625 0.173431396484375
-0.0225982666015625 -0.211944580078125 -0.09710693359375 0.200942993164063
0.075408935546875 -0.252120971679688 -0.117446899414063 0.170013427734375
0.145416259765625 -0.24700927734375 -0.127738952636719 0.0188446044921875
0.0616455078125 -0.214385986328125 0.0236701965332031 -0.0472068786621094
-0.081207275390625 -0.2181396484375 -0.0301361083984375 -0.171295166015625
-0.147384643554688 -0.0982208251953125 -0.147232055664062 -0.134429931640625
-0.16058349609375 0.00456237792968752 -0.180038452148438 -0.0241546630859375
-0.0987396240234375 0.0917587280273437 -0.124107360839844 0.0946731567382812
-0.0379791259765625 0.136871337890625 -0.0292587280273437 0.12152099609375
-0.048095703125 0.146621704101563 0.00147247314453125 0.0744552612304688
-0.02490234375 0.150924682617188 0.0287513732910156 0.0503959655761719
-0.0705184936523438 0.120857238769531 0.0548439025878906 0.0404052734375
-0.140762329101563 0.07733154296875 0.0684661865234375 0.0569915771484375
-0.189102172851563 -0.0154571533203125 0.0590591430664062 0.130264282226563
-0.134201049804688 -0.200531005859375 -0.00965881347656252 0.160797119140625
-0.02020263671875 -0.253036499023438 -0.0734100341796875 0.16815185546875
0.11651611328125 -0.2880859375 -0.0706634521484375 0.103889465332031
0.199356079101563 -0.23870849609375 -0.0652580261230469 -0.0635719299316406
0.122589111328125 -0.243881225585938 0.057281494140625 -0.10186767578125
-0.056976318359375 -0.284454345703125 0.00497436523437498 -0.189987182617188
-0.168487548828125 -0.147872924804688 -0.10394287109375 -0.159576416015625
-0.2015380859375 -0.0137786865234375 -0.140945434570312 -0.0634613037109375
-0.12921142578125 0.107368469238281 -0.0949935913085938 0.0414199829101563
-0.050872802734375 0.159408569335938 -0.0202522277832031 0.0595283508300781
-0.05670166015625 0.170989990234375 0.00647640228271484 0.0144186019897461
-0.0260162353515625 0.179412841796875 0.0344314575195313 -0.00954627990722655
-0.072723388671875 0.144989013671875 0.0745086669921875 -0.0135116577148437
-0.152999877929687 0.0996551513671875 0.0900650024414062 0.0153045654296875
-0.205734252929687 -0.006011962890625 0.0867919921875 0.0978469848632813
-0.146820068359375 -0.210922241210937 0.0201797485351562 0.139366149902344
-0.01190185546875 -0.262786865234375 -0.0588912963867187 0.124443054199219
0.141082763671875 -0.2841796875 -0.020050048828125 0.0289688110351562
0.215087890625 -0.188079833984375 0.012908935546875 -0.139114379882813
0.160430908203125 -0.219253540039063 0.09979248046875 -0.152236938476563
-0.013397216796875 -0.29022216796875 0.0451812744140625 -0.19256591796875
-0.14892578125 -0.169540405273438 -0.0489501953125 -0.169143676757813
-0.201141357421875 -0.0312347412109375 -0.0880966186523438 -0.0924072265625
-0.137107849121094 0.102584838867187 -0.055694580078125 -0.0117111206054687
-0.0542755126953125 0.156021118164063 -0.00876760482788086 -0.00628089904785155
-0.05657958984375 0.1697998046875 0.00962448120117187 -0.045928955078125
-0.02423095703125 0.182266235351563 0.0359420776367188 -0.0712356567382812
-0.0687408447265625 0.148406982421875 0.0875701904296875 -0.0686798095703125
-0.149032592773438 0.103897094726563 0.105880737304687 -0.0243988037109375
-0.197494506835938 -0.00500488281249996 0.106132507324219 0.0657196044921875
-0.131393432617187 -0.206298828125 0.0390701293945312 0.116561889648437
0.0101318359375 -0.243255615234375 -0.0506668090820312 0.0768890380859375
0.156097412109375 -0.24151611328125 0.0291061401367188 -0.0423355102539063
0.186935424804687 -0.104583740234375 0.0877685546875 -0.196319580078125
0.159149169921875 -0.150588989257813 0.137481689453125 -0.189208984375
0.02508544921875 -0.232757568359375 0.0772705078125 -0.181488037109375
-0.1011962890625 -0.149871826171875 -0.000213623046875013 -0.165023803710937
-0.160018920898438 -0.0373077392578125 -0.0371932983398438 -0.106590270996094
-0.117340087890625 0.0821762084960937 -0.0188369750976563 -0.057647705078125
-0.04608154296875 0.129234313964844 0.000282287597656249 -0.067169189453125
-0.0477294921875 0.143524169921875 0.00991821289062499 -0.099578857421875
-0.0224609375 0.158294677734375 0.0357208251953125 -0.127037048339844
-0.0599441528320313 0.129753112792969 0.0983428955078125 -0.116653442382812
-0.131507873535156 0.08929443359375 0.121543884277344 -0.0556640625
-0.168106079101563 -0.012237548828125 0.121109008789063 0.040863037109375
-0.0946044921875 -0.186492919921875 0.0513153076171875 0.0995635986328125
0.0413818359375 -0.201263427734375 -0.0427589416503906 0.0346717834472656
0.156005859375 -0.166473388671875 0.0793991088867188 -0.0983505249023438
0.124885559082031 -0.0058441162109375 0.138153076171875 -0.2266845703125
0.122604370117188 -0.0567779541015625 0.156509399414062 -0.210006713867187
0.04583740234375 -0.132980346679687 0.093994140625 -0.167526245117188
-0.043792724609375 -0.0955657958984375 0.029144287109375 -0.15679931640625
-0.092681884765625 -0.0301055908203125 -0.00364685058593751 -0.111663818359375
-0.0763931274414063 0.0511398315429687 0.00513458251953124 -0.088836669921875
-0.029754638671875 0.083221435546875 0.00310516357421874 -0.111930847167969
-0.0312576293945312 0.09552001953125 0.00812530517578126 -0.137939453125
-0.0181198120117187 0.111351013183594 0.035614013671875 -0.169265747070313
-0.0460433959960938 0.0930938720703125 0.109420776367188 -0.151107788085938
-0.0998458862304688 0.0620498657226562 0.139122009277344 -0.074066162109375
-0.120849609375 -0.0199127197265625 0.134574890136719 0.0270233154296875
-0.0484466552734375 -0.147674560546875 0.0597076416015625 0.0917739868164062
0.067840576171875 -0.1353759765625 -0.0283660888671875 0.00437164306640624
0.137214660644531 -0.06903076171875 0.128158569335938 -0.128936767578125
-0.0725173950195313 -0.0322799682617188 -0.130355834960938 0.165679931640625
-0.05078125 0.0536613464355469 0.01690673828125 0.0276088714599609
0.0134010314941406 0.0646591186523438 -0.0589981079101562 -0.0968475341796875
0.0556411743164063 0.0181198120117187 -0.164764404296875 -0.0422821044921875
0.0492324829101563 -0.0263137817382813 -0.168594360351563 0.0658416748046875
0.013427734375 -0.0471534729003906 -0.118118286132813 0.167236328125
0.00198173522949219 -0.0310554504394531 -0.02374267578125 0.196136474609375
0.00873756408691406 -0.0261306762695313 0.00138854980468749 0.162994384765625
0.0117702484130859 -0.0251369476318359 0.0112228393554687 0.13409423828125
0.0155925750732422 -0.00875949859619141 -0.00556182861328125 0.118545532226562
0.0126733779907227 0.0166959762573242 0.00130462646484375 0.121696472167969
-0.0157012939453125 0.0424003601074219 -0.0221405029296875 0.154434204101562
-0.0602073669433594 0.00638580322265626 -0.102249145507813 0.172836303710938
-0.0765304565429687 -0.046905517578125 -0.135467529296875 0.222137451171875
-0.0668792724609375 -0.0851821899414062 -0.155517578125 0.24176025390625
-0.015228271484375 -0.130790710449219 -0.152725219726563 0.14666748046875
-0.0392799377441406 -0.041229248046875 0.00874900817871094 0.0238361358642578
-0.0385093688964844 -0.0140533447265625 -0.0609359741210938 -0.113090515136719
-0.0150337219238281 -0.0012807846069336 -0.173110961914063 -0.061614990234375
-0.015380859375 -0.000254631042480468 -0.185546875 0.051544189453125
-0.01568603515625 0.00706768035888672 -0.127151489257812 0.1634521484375
-0.0048675537109375 0.0322856903076172 -0.0244598388671875 0.193832397460938
-0.00925827026367188 0.0397453308105469 0.00291442871093751 0.154922485351563
-0.00403213500976562 0.0403671264648438 0.0173721313476563 0.128227233886719
-0.0250473022460938 0.0354194641113281 0.00994110107421876 0.11090087890625
-0.0535545349121094 0.02667236328125 0.0173873901367187 0.112152099609375
-0.0833587646484375 0.00235748291015625 -0.00109863281250002 0.156845092773438
-0.075836181640625 -0.0888214111328125 -0.07647705078125 0.174880981445312
-0.04296875 -0.137077331542969 -0.113494873046875 0.220077514648438
0.00538635253906252 -0.179229736328125 -0.142684936523438 0.219650268554688
0.0587310791015625 -0.2086181640625 -0.152099609375 0.0972900390625
-0.00398254394531251 -0.138046264648438 0.00918102264404297 -0.00178909301757813
-0.0782241821289063 -0.111518859863281 -0.0552215576171875 -0.137886047363281
-0.0902252197265625 -0.0385513305664062 -0.170989990234375 -0.0910491943359375
-0.0892486572265625 0.0150146484375 -0.191864013671875 0.02337646484375
-0.0530662536621094 0.0577392578125 -0.12921142578125 0.140342712402344
-0.0160369873046875 0.091827392578125 -0.024627685546875 0.167510986328125
-0.0257492065429688 0.101844787597656 0.00428009033203124 0.123100280761719
-0.0127487182617187 0.102325439453125 0.025543212890625 0.097808837890625
-0.05206298828125 0.0818557739257813 0.0334014892578125 0.0830612182617188
-0.104454040527344 0.0519332885742188 0.044219970703125 0.0893630981445313
-0.14495849609375 -0.01153564453125 0.0323638916015625 0.149139404296875
-0.1099853515625 -0.156402587890625 -0.0392303466796875 0.173263549804688
-0.0324859619140625 -0.207809448242188 -0.0862579345703125 0.20220947265625
0.0616912841796875 -0.2515869140625 -0.1077880859375 0.17218017578125
0.131942749023438 -0.250259399414063 -0.121406555175781 0.024688720703125
0.0501861572265625 -0.214614868164062 0.0245361328125 -0.0473251342773438
-0.0921478271484375 -0.209945678710938 -0.035675048828125 -0.165237426757813
-0.149368286132813 -0.0901336669921875 -0.150848388671875 -0.124923706054687
-0.1583251953125 0.0135040283203125 -0.178634643554688 -0.016357421875
-0.09295654296875 0.0955581665039062 -0.117774963378906 0.0980758666992187
-0.0300369262695312 0.136306762695313 -0.0221328735351562 0.120079040527344
-0.0386810302734375 0.148849487304688 0.0057830810546875 0.07403564453125
-0.0163421630859375 0.151092529296875 0.0316352844238281 0.0487632751464844
-0.0638809204101563 0.121620178222656 0.0564613342285156 0.0373077392578125
-0.134895324707031 0.0836563110351563 0.0710601806640625 0.0537033081054688
-0.187179565429688 -0.00512695312499999 0.0671615600585937 0.126754760742188
-0.144027709960938 -0.191329956054688 -0.00218200683593752 0.159759521484375
-0.0320587158203125 -0.248504638671875 -0.064178466796875 0.169219970703125
0.099151611328125 -0.289886474609375 -0.0640182495117188 0.106033325195312
0.185928344726563 -0.24468994140625 -0.0640869140625 -0.0587310791015625
0.108413696289063 -0.24725341796875 0.0554656982421875 -0.102561950683594
-0.072235107421875 -0.277603149414063 -0.00228881835937502 -0.184768676757813
-0.172714233398437 -0.137664794921875 -0.10894775390625 -0.151840209960938
-0.19964599609375 -0.0023651123046875 -0.142227172851563 -0.056976318359375
-0.122306823730469 0.112686157226563 -0.0919189453125 0.0441970825195312
-0.0419769287109375 0.158493041992188 -0.0163040161132813 0.0586318969726563
-0.04541015625 0.173263549804687 0.00683021545410156 0.0142946243286133
-0.015167236328125 0.178558349609375 0.0329418182373047 -0.0109844207763672
-0.064544677734375 0.146133422851563 0.0721206665039063 -0.0179519653320312
-0.145584106445312 0.105636596679688 0.0900650024414063 0.0116729736328125
-0.203048706054688 0.00489807128906254 0.0927352905273437 0.0933609008789063
-0.157089233398438 -0.200714111328125 0.0260467529296875 0.137451171875
-0.0255126953125 -0.258499145507813 -0.0522384643554687 0.125679016113281
0.124298095703125 -0.287445068359375 -0.0189418792724609 0.0302295684814453
0.203155517578125 -0.196060180664063 0.0096282958984375 -0.136924743652344
0.147415161132813 -0.224624633789062 0.0939788818359375 -0.153274536132813
-0.02911376953125 -0.28509521484375 0.036834716796875 -0.189376831054688
-0.15478515625 -0.159591674804688 -0.0562744140625 -0.1644287109375
-0.199462890625 -0.0199127197265625 -0.091217041015625 -0.0877151489257813
-0.130027770996094 0.108451843261719 -0.0554275512695313 -0.0113143920898437
-0.0440826416015625 0.155105590820313 -0.00907325744628907 -0.00767421722412108
-0.045745849609375 0.171646118164062 0.0059661865234375 -0.0454444885253906
-0.0135498046875 0.180160522460937 0.0305557250976563 -0.0716781616210937
-0.060028076171875 0.148178100585938 0.0819473266601563 -0.0732803344726563
-0.14105224609375 0.109573364257813 0.103919982910156 -0.0282058715820312
-0.193771362304688 0.00532531738281253 0.1094970703125 0.0608367919921875
-0.14227294921875 -0.195846557617188 0.0431976318359375 0.11376953125
-0.002593994140625 -0.240676879882813 -0.0474624633789063 0.0796585083007813
0.139724731445313 -0.246017456054688 0.026702880859375 -0.0419273376464844
0.179244995117188 -0.113296508789063 0.079986572265625 -0.19610595703125
0.14849853515625 -0.156295776367188 0.128616333007813 -0.191024780273438
0.0109710693359375 -0.229843139648437 0.0688934326171875 -0.181015014648438
-0.106674194335938 -0.14202880859375 -0.00790405273437502 -0.161849975585938
-0.159683227539062 -0.02728271484375 -0.0411758422851563 -0.104011535644531
-0.111160278320313 0.0875091552734375 -0.021026611328125 -0.0580101013183594
-0.0380325317382812 0.128318786621094 -0.00366592407226563 -0.0673980712890625
-0.037933349609375 0.144607543945312 0.0032501220703125 -0.098236083984375
-0.01214599609375 0.156539916992188 0.0268020629882813 -0.126754760742188
-0.0521240234375 0.129859924316406 0.089630126953125 -0.121002197265625
-0.123725891113281 0.094207763671875 0.117294311523438 -0.059906005859375
-0.16497802734375 -0.00288391113281249 0.122245788574219 0.0353927612304688
-0.10467529296875 -0.17724609375 0.0541763305664063 0.095916748046875
0.0294189453125 -0.199783325195313 -0.0410499572753906 0.0378227233886719
0.14459228515625 -0.171722412109375 0.0727081298828125 -0.0988082885742188
0.122238159179687 -0.0118255615234375 0.12774658203125 -0.227920532226562
0.116912841796875 -0.0618209838867188 0.145492553710938 -0.213027954101563
0.0364761352539063 -0.132369995117188 0.0864715576171875 -0.168548583984375
-0.0475311279296875 -0.0917205810546875 0.022003173828125 -0.156234741210938
-0.0929946899414063 -0.02392578125 -0.00842285156250001 -0.1107177734375
-0.0714187622070313 0.0544662475585937 0.000617980957031255 -0.0900421142578125
-0.0242767333984375 0.082244873046875 -0.00355529785156249 -0.110862731933594
-0.0246353149414063 0.095703125 -0.000839233398437506 -0.13604736328125
-0.0107650756835938 0.110031127929688 0.02447509765625 -0.168365478515625
-0.0403594970703125 0.0920333862304688 0.0980072021484375 -0.154434204101562
-0.0938034057617187 0.0652542114257813 0.133941650390625 -0.0785751342773438
-0.119010925292969 -0.012664794921875 0.134483337402344 0.0212020874023438
-0.056396484375 -0.141525268554688 0.0626220703125 0.088226318359375
0.058502197265625 -0.136405944824219 -0.0288963317871094 0.0077075958251953
0.130241394042969 -0.0745391845703125 0.118865966796875 -0.131515502929688
-0.0706558227539063 -0.028533935546875 -0.116775512695313 0.16424560546875
-0.0459175109863281 0.0540313720703125 0.0189323425292969 0.0248813629150391
0.0160140991210938 0.0610694885253906 -0.0597000122070313 -0.0919418334960938
0.0536727905273438 0.0140037536621094 -0.160446166992188 -0.033355712890625
0.0452423095703125 -0.0278434753417969 -0.161239624023438 0.0708160400390625
0.0104103088378906 -0.0451431274414062 -0.10662841796875 0.167892456054688
0.00042533874511719 -0.0290603637695313 -0.0123291015625 0.190826416015625
0.00696754455566406 -0.0245647430419922 0.011871337890625 0.157119750976563
0.00946426391601563 -0.0242862701416016 0.0184478759765625 0.128776550292969
0.0135869979858398 -0.00850963592529297 0.000312805175781254 0.116363525390625
0.0121307373046875 0.0157661437988281 0.00698852539062499 0.118095397949219
-0.0126991271972656 0.0408744812011719 -0.014312744140625 0.1492919921875
-0.0571746826171875 0.00743865966796874 -0.091552734375 0.1702880859375
-0.0758590698242187 -0.0411758422851563 -0.121505737304688 0.219131469726563
-0.0675506591796875 -0.07794189453125 -0.140228271484375 0.237991333007813
-0.0190963745117187 -0.125923156738281 -0.138107299804687 0.14617919921875
-0.0394973754882812 -0.0383834838867188 0.0116081237792969 0.0217838287353516
-0.0377159118652344 -0.0120620727539063 -0.0619964599609375 -0.10662841796875
-0.0150928497314453 -0.0017538070678711 -0.169174194335938 -0.052032470703125
-0.0157384872436523 0.000899314880371091 -0.177688598632813 0.0575408935546875
-0.0149993896484375 0.00834465026855468 -0.115615844726563 0.164230346679687
-0.00265884399414063 0.0317497253417969 -0.0134124755859375 0.188034057617188
-0.00661849975585937 0.0408058166503906 0.012237548828125 0.149520874023438
-0.00192642211914062 0.0398025512695313 0.0244064331054688 0.122787475585937
-0.0235443115234375 0.035888671875 0.0151519775390625 0.107917785644531
-0.0515289306640625 0.0278434753417969 0.02191162109375 0.108726501464844
-0.0803451538085938 0.00535583496093751 0.00634765625 0.151046752929688
-0.0777816772460938 -0.0832748413085938 -0.0659332275390625 0.171157836914062
-0.0469894409179688 -0.130424499511719 -0.0996856689453125 0.215347290039063
-0.00204467773437501 -0.172515869140625 -0.127822875976563 0.216781616210938
0.0483551025390625 -0.204910278320313 -0.139266967773437 0.0997467041015625
-0.0105133056640625 -0.133651733398438 0.0117130279541016 -0.00347137451171876
-0.08087158203125 -0.104156494140625 -0.0569992065429688 -0.130180358886719
-0.0888290405273438 -0.033966064453125 -0.16912841796875 -0.080841064453125
-0.086212158203125 0.0193710327148438 -0.185028076171875 0.03082275390625
-0.0489158630371094 0.05877685546875 -0.118499755859375 0.141448974609375
-0.0109405517578125 0.0893402099609375 -0.0150299072265625 0.162216186523437
-0.018829345703125 0.101112365722656 0.0113677978515625 0.118934631347656
-0.00765228271484375 0.0999755859375 0.030487060546875 0.0934371948242188
-0.0474090576171875 0.0814895629882813 0.0369186401367187 0.078948974609375
-0.0994338989257812 0.0548019409179688 0.0474472045898437 0.08551025390625
-0.140487670898438 -0.00433349609374997 0.0399627685546875 0.142807006835938
-0.114776611328125 -0.14642333984375 -0.030792236328125 0.168563842773438
-0.0399169921875 -0.1990966796875 -0.07452392578125 0.1983642578125
0.048095703125 -0.244903564453125 -0.096099853515625 0.17120361328125
0.117019653320313 -0.247772216796875 -0.112709045410156 0.0290985107421875
0.038360595703125 -0.210708618164063 0.0250968933105469 -0.0469207763671875
-0.0997314453125001 -0.198196411132813 -0.0399627685546875 -0.156936645507812
-0.148452758789063 -0.080718994140625 -0.150787353515625 -0.113876342773437
-0.151901245117187 0.020965576171875 -0.1739501953125 -0.00808715820312499
-0.0853118896484375 0.0970382690429688 -0.109596252441406 0.099517822265625
-0.0223617553710938 0.133041381835938 -0.0149002075195313 0.116050720214844
-0.0285186767578125 0.146713256835938 0.0098114013671875 0.0714874267578125
-0.0077362060546875 0.146926879882813 0.0334053039550781 0.0459976196289063
-0.05584716796875 0.120246887207031 0.0561180114746094 0.0333213806152344
-0.126617431640625 0.0868988037109375 0.0714950561523438 0.0494766235351563
-0.18115234375 0.00402832031249999 0.07244873046875 0.119987487792969
-0.149322509765625 -0.178359985351562 0.00456237792968749 0.154571533203125
-0.042144775390625 -0.23876953125 -0.05474853515625 0.16656494140625
0.08111572265625 -0.28369140625 -0.0574417114257812 0.105430603027344
0.169158935546875 -0.245635986328125 -0.0606002807617187 -0.0538101196289063
0.092620849609375 -0.244110107421875 0.0519027709960937 -0.101058959960938
-0.0838775634765625 -0.263763427734375 -0.00775146484375 -0.17730712890625
-0.17364501953125 -0.125534057617188 -0.111358642578125 -0.141586303710937
-0.192779541015625 0.0081634521484375 -0.140701293945313 -0.0491180419921875
-0.112503051757812 0.1142578125 -0.0870132446289062 0.0454864501953125
-0.031829833984375 0.154067993164063 -0.0120010375976563 0.0557937622070313
-0.0339813232421875 0.17071533203125 0.00732040405273437 0.0137882232666016
-0.00456237792968748 0.172988891601563 0.0312938690185547 -0.011260986328125
-0.054962158203125 0.143280029296875 0.0683860778808594 -0.0211868286132812
-0.13519287109375 0.108299255371094 0.0884017944335937 0.00840759277343751
-0.195480346679688 0.0143890380859375 0.09649658203125 0.08642578125
-0.163238525390625 -0.185699462890625 0.0307540893554687 0.132209777832031
-0.0363006591796875 -0.248382568359375 -0.0448989868164062 0.124320983886719
0.105438232421875 -0.283203125 -0.0172882080078125 0.0307369232177734
0.187332153320313 -0.199188232421875 0.00629425048828126 -0.131942749023438
0.130783081054688 -0.223190307617187 0.0866546630859375 -0.1510009765625
-0.04302978515625 -0.272964477539063 0.0294952392578125 -0.183074951171875
-0.155929565429687 -0.147293090820313 -0.060455322265625 -0.15545654296875
-0.1934814453125 -0.00878906250000002 -0.0925216674804688 -0.08123779296875
-0.11962890625 0.110404968261719 -0.0546684265136719 -0.010284423828125
-0.035430908203125 0.150863647460938 -0.00920295715332032 -0.00870227813720702
-0.0337371826171875 0.168746948242187 0.00279617309570312 -0.0440940856933594
-0.00242614746093749 0.174545288085938 0.0253219604492188 -0.0699958801269531
-0.050384521484375 0.14495849609375 0.0747756958007813 -0.074798583984375
-0.129928588867188 0.111465454101563 0.0999069213867187 -0.0315322875976562
-0.185714721679688 0.014251708984375 0.110733032226563 0.0545425415039063
-0.147384643554688 -0.180770874023438 0.0457916259765625 0.108642578125
-0.0142822265625 -0.23138427734375 -0.0426025390625 0.0799102783203125
0.122451782226562 -0.243743896484375 0.0232925415039063 -0.0403480529785156
0.168258666992188 -0.116989135742188 0.0706634521484375 -0.19158935546875
0.135177612304688 -0.156814575195313 0.117904663085938 -0.18890380859375
-0.00187683105468751 -0.221572875976563 0.060882568359375 -0.176239013671875
-0.10980224609375 -0.1322021484375 -0.01416015625 -0.155487060546875
-0.154708862304687 -0.0175018310546875 -0.0446395874023438 -0.0991973876953125
-0.102005004882813 0.08929443359375 -0.0234146118164063 -0.0577583312988281
-0.0301284790039063 0.124160766601563 -0.00745010375976563 -0.0665931701660156
-0.0280609130859375 0.14117431640625 -0.0030517578125 -0.094573974609375
-0.00279235839843749 0.150588989257813 0.0186386108398438 -0.123046875
-0.0441665649414062 0.126113891601563 0.07940673828125 -0.121559143066406
-0.113883972167969 0.0959091186523438 0.111763000488281 -0.062103271484375
-0.1580810546875 0.00503540039062502 0.120941162109375 0.0293197631835937
-0.110000610351562 -0.165084838867188 0.0555343627929688 0.0910873413085937
0.0185699462890625 -0.193572998046875 -0.0394783020019531 0.0399360656738281
0.13018798828125 -0.17242431640625 0.0646896362304688 -0.0968856811523438
0.117523193359375 -0.0171890258789063 0.115188598632813 -0.224700927734375
0.108894348144531 -0.0652084350585938 0.1319580078125 -0.21063232421875
0.0272979736328125 -0.128631591796875 0.0771942138671875 -0.165969848632813
-0.0502395629882813 -0.0859298706054688 0.0141448974609375 -0.151321411132812
-0.09033203125 -0.01812744140625 -0.0130233764648438 -0.107147216796875
-0.0652694702148438 0.0558357238769531 -0.00362396240234375 -0.0897674560546875
-0.01898193359375 0.0795516967773437 -0.0100479125976562 -0.108200073242188
-0.0183639526367187 0.0935592651367188 -0.00875091552734374 -0.130111694335938
-0.00360107421875001 0.106330871582031 0.013336181640625 -0.162582397460938
-0.033599853515625 0.0902099609375 0.0855560302734375 -0.154220581054687
-0.0862274169921875 0.0667495727539063 0.126205444335938 -0.0809478759765625
-0.113967895507813 -0.0062103271484375 0.131271362304688 0.0149612426757813
-0.06201171875 -0.132797241210938 0.0627899169921875 0.0828094482421875
0.04931640625 -0.133293151855469 -0.0291824340820312 0.0111312866210937
0.121383666992188 -0.0771255493164063 0.107872009277344 -0.130317687988281
-0.0672988891601563 -0.0263099670410156 -0.10711669921875 0.158432006835938
-0.0415534973144531 0.05218505859375 0.0204086303710937 0.0220222473144531
0.0172843933105469 0.0573196411132813 -0.05816650390625 -0.0873565673828125
0.0502090454101563 0.0108375549316406 -0.153717041015625 -0.029296875
0.0416679382324219 -0.0278244018554688 -0.152587890625 0.0707244873046875
0.00778961181640625 -0.0421791076660156 -0.0978240966796875 0.163604736328125
-0.000400543212890626 -0.0263805389404297 -0.00482177734375001 0.182952880859375
0.00622367858886719 -0.0228748321533203 0.017486572265625 0.149810791015625
0.00777435302734375 -0.0224246978759766 0.0224380493164062 0.122390747070313
0.0112857818603516 -0.00741863250732422 0.00367736816406251 0.113052368164063
0.0104274749755859 0.0151567459106445 0.01007080078125 0.113746643066406
-0.0110397338867187 0.0384559631347656 -0.0107421875 0.142654418945313
-0.0547103881835938 0.00776290893554688 -0.083984375 0.162933349609375
-0.0731735229492188 -0.0365524291992188 -0.111404418945312 0.210342407226563
-0.0652618408203125 -0.0718154907226563 -0.128677368164063 0.229202270507812
-0.0208282470703125 -0.119918823242188 -0.127349853515625 0.142044067382813
-0.0384445190429687 -0.0363845825195313 0.0136604309082031 0.0195369720458984
-0.0368881225585938 -0.0103569030761719 -0.060455322265625 -0.101318359375
-0.0151653289794922 -0.00208377838134765 -0.16278076171875 -0.046295166015625
-0.0155544281005859 0.00136566162109375 -0.169540405273437 0.059234619140625
-0.0148105621337891 0.00908565521240235 -0.106552124023437 0.160476684570313
-0.00181198120117188 0.0317668914794922 -0.0066070556640625 0.179656982421875
-0.00497817993164063 0.0401115417480469 0.01806640625 0.1424560546875
-0.00083160400390625 0.0388946533203125 0.0278472900390625 0.116668701171875
-0.0225563049316406 0.0352249145507813 0.0183181762695313 0.104103088378906
-0.0494346618652344 0.0285224914550781 0.023956298828125 0.104576110839844
-0.0766372680664063 0.00650787353515623 0.01055908203125 0.143768310546875
-0.0771636962890625 -0.0784988403320313 -0.0603485107421875 0.164337158203125
-0.0479888916015625 -0.123214721679688 -0.0907135009765625 0.20697021484375
-0.00550842285156251 -0.164093017578125 -0.117507934570313 0.208999633789063
0.0411376953125 -0.197128295898438 -0.128173828125 0.0975799560546875
-0.0128402709960937 -0.128128051757813 0.0140142440795898 -0.0044994354248047
-0.0806732177734375 -0.09716796875 -0.055267333984375 -0.123451232910156
-0.0856857299804688 -0.0312118530273437 -0.162628173828125 -0.0733642578125
-0.0819168090820312 0.0210647583007812 -0.177291870117188 0.0331573486328125
-0.0457878112792969 0.0577964782714844 -0.109642028808594 0.137870788574219
-0.00821685791015625 0.085968017578125 -0.00894165039062501 0.15435791015625
-0.0139923095703125 0.0982666015625 0.0158462524414063 0.113449096679688
-0.00414276123046875 0.0964431762695313 0.0327301025390625 0.0885009765625
-0.0438461303710938 0.0792922973632813 0.037567138671875 0.0750045776367188
-0.0945968627929687 0.0551681518554688 0.0483169555664062 0.0818939208984375
-0.134849548339844 -0.000694274902343747 0.0431976318359375 0.135520935058594
-0.114646911621094 -0.137542724609375 -0.0261993408203125 0.161636352539063
-0.04278564453125 -0.189208984375 -0.066680908203125 0.190536499023438
0.0397491455078125 -0.234878540039062 -0.08795166015625 0.164505004882812
0.106613159179688 -0.2406005859375 -0.104255676269531 0.0289535522460937
0.0315704345703125 -0.203201293945313 0.0261039733886719 -0.0460433959960938
-0.101425170898437 -0.1861572265625 -0.0387115478515625 -0.148696899414063
-0.144149780273438 -0.0735931396484375 -0.145828247070313 -0.1051025390625
-0.145416259765625 0.0250244140625 -0.16815185546875 -0.00392150878906253
-0.0793380737304687 0.09417724609375 -0.102691650390625 0.09722900390625
-0.0178146362304688 0.127593994140625 -0.010833740234375 0.109954833984375
-0.021270751953125 0.142074584960938 0.0119667053222656 0.0677604675292969
-0.00274658203125 0.141159057617188 0.0341300964355469 0.0438232421875
-0.0513763427734375 0.116157531738281 0.0548362731933594 0.02972412109375
-0.11932373046875 0.0866622924804687 0.0701789855957031 0.0468368530273438
-0.173110961914062 0.00869750976562502 0.0743865966796875 0.113182067871094
-0.1484375 -0.1658935546875 0.00717163085937498 0.147994995117188
-0.04693603515625 -0.227249145507813 -0.0481719970703125 0.160308837890625
0.070159912109375 -0.273422241210938 -0.0523300170898438 0.101943969726562
0.156234741210938 -0.239761352539062 -0.0562210083007812 -0.050872802734375
0.082427978515625 -0.2359619140625 0.050384521484375 -0.09771728515625
-0.088226318359375 -0.249664306640625 -0.00927734375000002 -0.167938232421875
-0.16839599609375 -0.1162109375 -0.1087646484375 -0.132011413574219
-0.184127807617188 0.0137939453125 -0.136459350585938 -0.0441055297851563
-0.1046142578125 0.111572265625 -0.082763671875 0.0443954467773438
-0.0262451171875 0.147308349609375 -0.0110015869140625 0.0518226623535156
-0.0258026123046875 0.16473388671875 0.00779056549072266 0.0131235122680664
0.00120544433593749 0.16552734375 0.0299606323242188 -0.0111503601074219
-0.0492477416992187 0.137619018554688 0.064422607421875 -0.021697998046875
-0.126304626464844 0.107040405273438 0.0852508544921875 0.00598144531250001
-0.18634033203125 0.019012451171875 0.0968551635742187 0.0807647705078125
-0.161849975585938 -0.173049926757812 0.0319595336914063 0.126304626464844
-0.0414276123046875 -0.236282348632813 -0.0404205322265625 0.120750427246094
0.09283447265625 -0.272781372070313 -0.0156173706054687 0.0302619934082031
0.174514770507813 -0.19537353515625 0.00579833984375001 -0.126373291015625
0.11895751953125 -0.217056274414062 0.082275390625 -0.146392822265625
-0.050506591796875 -0.259185791015625 0.0263824462890625 -0.174163818359375
-0.153457641601562 -0.13690185546875 -0.06060791015625 -0.146347045898438
-0.185043334960938 -0.00212097167968747 -0.0901107788085938 -0.0762252807617188
-0.111061096191406 0.108230590820312 -0.053009033203125 -0.0101585388183594
-0.030120849609375 0.143905639648438 -0.00934982299804687 -0.00973510742187499
-0.0260772705078125 0.162704467773438 0.00140762329101562 -0.0413398742675781
0.00344848632812499 0.16571044921875 0.0221099853515625 -0.0667343139648437
-0.0439300537109375 0.13946533203125 0.0683441162109375 -0.0740203857421875
-0.120399475097656 0.109817504882812 0.0958633422851562 -0.0313873291015625
-0.1771240234375 0.018829345703125 0.1087646484375 0.0495834350585938
-0.146697998046875 -0.16827392578125 0.0457611083984375 0.103713989257812
-0.0195465087890625 -0.220291137695313 -0.0393295288085938 0.078277587890625
0.110366821289063 -0.235626220703125 0.0209236145019531 -0.0378837585449219
0.158172607421875 -0.117294311523438 0.0665130615234375 -0.184326171875
0.124404907226562 -0.153594970703125 0.1102294921875 -0.182373046875
-0.00860595703125 -0.210250854492188 0.05633544921875 -0.16864013671875
-0.107635498046875 -0.12249755859375 -0.0163421630859375 -0.147735595703125
-0.14788818359375 -0.01251220703125 -0.0448837280273438 -0.0950851440429688
-0.09490966796875 0.0877838134765625 -0.0244712829589844 -0.0562744140625
-0.0254287719726563 0.11859130859375 -0.00951004028320313 -0.0648040771484375
-0.0212173461914063 0.136512756347656 -0.00611114501953126 -0.0890350341796875
0.00274658203125001 0.14349365234375 0.0132522583007812 -0.117385864257812
-0.0384674072265625 0.120857238769531 0.0716171264648438 -0.118415832519531
-0.105232238769531 0.0940780639648438 0.106605529785156 -0.061126708984375
-0.150177001953125 0.00923156738281247 0.11798095703125 0.0255508422851563
-0.110809326171875 -0.153060913085938 0.0538482666015625 0.0860977172851562
0.0123748779296875 -0.184906005859375 -0.0372352600097656 0.0408287048339844
0.119216918945313 -0.167526245117188 0.059478759765625 -0.0929183959960938
0.112220764160156 -0.0207901000976563 0.107192993164063 -0.216461181640625
0.10150146484375 -0.064697265625 0.122314453125 -0.202987670898438
0.0215072631835937 -0.122550964355469 0.071533203125 -0.1597900390625
-0.050323486328125 -0.08038330078125 0.011077880859375 -0.144363403320313
-0.0866622924804688 -0.0139312744140625 -0.014495849609375 -0.103485107421875
-0.0602455139160156 0.0553169250488281 -0.00746154785156251 -0.0873565673828125
-0.016021728515625 0.07489013671875 -0.01324462890625 -0.104042053222656
-0.0136032104492187 0.0894622802734375 -0.0130691528320313 -0.123298645019531
0.000465393066406251 0.100875854492188 0.00671386718749999 -0.15484619140625
-0.0296478271484375 0.0861663818359375 0.076171875 -0.149703979492188
-0.0794525146484375 0.0650253295898437 0.119354248046875 -0.0805282592773438
-0.107864379882813 -0.00365447998046873 0.126518249511719 0.0116806030273438
-0.063873291015625 -0.123863220214844 0.0610504150390625 0.0780487060546875
0.042755126953125 -0.128700256347656 -0.0284519195556641 0.0133800506591797
0.113273620605469 -0.07666015625 0.0993423461914063 -0.125068664550781
-0.0649070739746094 -0.0252227783203125 -0.102371215820313 0.152435302734375
-0.0393867492675781 0.0505943298339844 0.0208072662353516 0.0205821990966797
0.0171279907226563 0.0549507141113281 -0.055694580078125 -0.08514404296875
0.04754638671875 0.00952911376953125 -0.149200439453125 -0.028472900390625
0.0393486022949219 -0.0269393920898438 -0.14862060546875 0.06939697265625
0.00713729858398438 -0.0396347045898438 -0.0940399169921875 0.159378051757813
-0.000452041625976564 -0.0244140625 -0.0020751953125 0.177230834960938
0.00579452514648438 -0.0215339660644531 0.020050048828125 0.14373779296875
0.00673866271972656 -0.02069091796875 0.0233535766601562 0.117950439453125
0.0100650787353516 -0.00608539581298828 0.00502777099609376 0.110664367675781
0.00968170166015625 0.0144491195678711 0.010162353515625 0.111587524414062
-0.00997543334960937 0.036041259765625 -0.0102996826171875 0.137702941894531
-0.0525436401367188 0.00666427612304688 -0.082427978515625 0.156723022460938
-0.0703125 -0.03460693359375 -0.106765747070312 0.202117919921875
-0.0621147155761719 -0.0684700012207031 -0.125259399414063 0.219757080078125
-0.0201263427734375 -0.116401672363281 -0.121055603027344 0.136810302734375
-0.036407470703125 -0.0347824096679688 0.0153608322143555 0.0173969268798828
-0.0357551574707031 -0.010498046875 -0.0575485229492187 -0.098358154296875
-0.0160112380981445 -0.0033721923828125 -0.157196044921875 -0.0446929931640625
-0.0151948928833008 0.00172710418701172 -0.164596557617188 0.058135986328125
-0.0142822265625 0.00953769683837891 -0.102615356445313 0.155929565429688
-0.00135612487792969 0.0314502716064453 -0.00401306152343748 0.173919677734375
-0.0037994384765625 0.03948974609375 0.0199203491210938 0.13714599609375
-0.000747680664062498 0.0382843017578125 0.0286941528320313 0.112152099609375
-0.0227813720703125 0.0351486206054687 0.0182418823242188 0.101837158203125
-0.0483512878417969 0.0284156799316406 0.02398681640625 0.101814270019531
-0.0739898681640625 0.00627899169921875 0.0108642578125 0.139381408691406
-0.0753250122070312 -0.076019287109375 -0.0590362548828125 0.158767700195313
-0.0462646484375 -0.118759155273438 -0.08740234375 0.1988525390625
-0.00532531738281249 -0.158035278320313 -0.113571166992187 0.20068359375
0.0389251708984375 -0.1907958984375 -0.121101379394531 0.093536376953125
-0.0131683349609375 -0.124046325683594 0.0166654586791992 -0.00587463378906251
-0.07952880859375 -0.0939178466796875 -0.052093505859375 -0.120048522949219
-0.0839309692382812 -0.0303726196289062 -0.156707763671875 -0.0704193115234375
-0.079193115234375 0.0215835571289063 -0.17254638671875 0.033050537109375
-0.0442276000976563 0.0560264587402344 -0.106063842773437 0.134078979492188
-0.00733184814453125 0.0832901000976562 -0.00679016113281248 0.14892578125
-0.011993408203125 0.0961685180664063 0.017791748046875 0.109718322753906
-0.0027618408203125 0.0937042236328125 0.0336685180664063 0.0857696533203125
-0.0425796508789062 0.0773162841796875 0.0369644165039063 0.0728912353515625
-0.0917816162109375 0.0545120239257812 0.0475692749023437 0.08001708984375
-0.130615234375 2.28881835937757E-05 0.0433807373046875 0.130767822265625
-0.111862182617188 -0.132667541503906 -0.0257415771484375 0.15655517578125
-0.041748046875 -0.183181762695313 -0.063873291015625 0.18402099609375
0.0386505126953125 -0.227066040039062 -0.0855712890625 0.159332275390625
0.101852416992188 -0.233062744140625 -0.0979232788085938 0.028045654296875
0.029296875 -0.196121215820312 0.0280036926269531 -0.0458106994628906
-0.100631713867188 -0.179611206054687 -0.0357666015625 -0.143661499023438
-0.139724731445313 -0.07110595703125 -0.140235900878906 -0.101493835449219
-0.140296936035156 0.0256881713867187 -0.163589477539062 -0.00354003906250002
-0.0762939453125 0.0916824340820313 -0.0995330810546875 0.0942611694335937
-0.0161895751953125 0.123359680175781 -0.00961303710937501 0.105270385742188
-0.0186767578125 0.138557434082031 0.0130500793457031 0.0660018920898438
-0.000167846679687506 0.136474609375 0.0342330932617188 0.0417251586914063
-0.0489578247070313 0.112716674804688 0.0528907775878906 0.0290641784667969
-0.115287780761719 0.084686279296875 0.0690994262695312 0.0459785461425781
-0.167633056640625 0.00926208496093747 0.0745773315429687 0.108924865722656
-0.14593505859375 -0.159591674804688 0.00656127929687499 0.143768310546875
-0.045166015625 -0.219497680664063 -0.0464935302734375 0.155487060546875
0.0674591064453125 -0.263931274414063 -0.0502777099609375 0.0983505249023437
0.150161743164063 -0.232376098632813 -0.0517005920410156 -0.0494461059570313
0.0781707763671875 -0.229080200195313 0.051025390625 -0.0952072143554688
-0.0882110595703125 -0.240341186523438 -0.00680541992187501 -0.162033081054688
-0.163970947265625 -0.111968994140625 -0.1046142578125 -0.127159118652344
-0.178207397460938 0.01531982421875 -0.132865905761719 -0.042816162109375
-0.100814819335938 0.108192443847656 -0.0801162719726563 0.0423202514648438
-0.0243377685546875 0.142807006835938 -0.0104408264160156 0.0486640930175781
-0.02197265625 0.16082763671875 0.00777053833007812 0.0131559371948242
0.0033721923828125 0.159530639648438 0.0292015075683594 -0.0109939575195312
-0.0468215942382813 0.132843017578125 0.0614891052246094 -0.0220108032226562
-0.121261596679688 0.104095458984375 0.0836029052734375 0.00707244873046876
-0.179672241210937 0.0196533203125 0.0955123901367188 0.077545166015625
-0.158599853515625 -0.165283203125 0.030364990234375 0.123046875
-0.041473388671875 -0.227859497070313 -0.039215087890625 0.117645263671875
0.0885467529296875 -0.264389038085938 -0.0153141021728516 0.0298900604248047
0.16864013671875 -0.190521240234375 0.0081939697265625 -0.121795654296875
0.113143920898437 -0.210479736328125 0.08123779296875 -0.141632080078125
-0.05133056640625 -0.249130249023438 0.0275421142578125 -0.167770385742188
-0.148712158203125 -0.13140869140625 -0.057586669921875 -0.141403198242187
-0.179000854492188 0.000183105468749972 -0.0879135131835938 -0.0741119384765625
-0.107391357421875 0.104660034179687 -0.0522804260253906 -0.0112342834472656
-0.0279006958007813 0.138824462890625 -0.00995922088623047 -0.0108146667480469
-0.0216064453125 0.157943725585937 0.000331878662109375 -0.0398292541503906
0.00590515136718749 0.159866333007813 0.02105712890625 -0.0646095275878906
-0.0418243408203125 0.133560180664063 0.0647201538085938 -0.0716171264648437
-0.115158081054687 0.106651306152344 0.0935440063476562 -0.0302581787109375
-0.170166015625 0.01934814453125 0.10760498046875 0.0475082397460938
-0.144149780273438 -0.160888671875 0.0433273315429688 0.101295471191406
-0.02001953125 -0.2127685546875 -0.0388107299804688 0.0779266357421875
0.104705810546875 -0.227386474609375 0.0204849243164063 -0.0360183715820313
0.152252197265625 -0.114898681640625 0.06591796875 -0.178054809570313
0.118301391601563 -0.1488037109375 0.107498168945312 -0.175994873046875
-0.0112457275390625 -0.20135498046875 0.055328369140625 -0.162399291992187
-0.104347229003906 -0.118148803710938 -0.0148773193359375 -0.14208984375
-0.143157958984375 -0.0103302001953125 -0.04351806640625 -0.0928192138671875
-0.0903701782226563 0.085723876953125 -0.0247955322265625 -0.0565071105957031
-0.0242080688476562 0.113800048828125 -0.01116943359375 -0.0641746520996094
-0.0179595947265625 0.132240295410156 -0.00738525390625 -0.085784912109375
0.00466156005859374 0.137771606445312 0.0111236572265625 -0.112480163574219
-0.0361328125 0.1158447265625 0.0672836303710938 -0.11474609375
-0.100112915039063 0.0909271240234375 0.103408813476562 -0.0594863891601562
-0.144058227539063 0.00914001464843753 0.115516662597656 0.0242767333984375
-0.108367919921875 -0.146575927734375 0.0517120361328125 0.0844802856445312
0.0101318359375 -0.177841186523438 -0.0359001159667969 0.0416183471679687
0.114105224609375 -0.162704467773438 0.0574417114257813 -0.0888442993164063
0.107986450195313 -0.0213775634765625 0.10455322265625 -0.208892822265625
0.0964584350585938 -0.0623321533203125 0.11883544921875 -0.195281982421875
0.0187759399414063 -0.117095947265625 0.0702362060546875 -0.153701782226563
-0.0485458374023438 -0.077301025390625 0.01141357421875 -0.138748168945313
-0.0826416015625 -0.012176513671875 -0.0142440795898437 -0.100563049316406
-0.05718994140625 0.0540390014648438 -0.0081329345703125 -0.08624267578125
-0.0149688720703125 0.0715484619140625 -0.015228271484375 -0.101142883300781
-0.0114593505859375 0.0862350463867188 -0.0146102905273437 -0.118484497070312
0.00260162353515626 0.0961151123046875 0.00424194335937499 -0.149063110351563
-0.0276260375976562 0.0824966430664062 0.0714111328125 -0.1448974609375
-0.0761032104492188 0.063079833984375 0.116073608398438 -0.0774383544921875
-0.1033935546875 -0.00264739990234374 0.123580932617188 0.0113754272460938
-0.0627059936523437 -0.117912292480469 0.0585556030273438 0.076019287109375
0.0394287109375 -0.123664855957031 -0.0280284881591797 0.0149307250976562
0.109016418457031 -0.0742721557617188 0.0963287353515625 -0.119766235351563
-0.0638160705566406 -0.0254631042480469 -0.100540161132812 0.149566650390625
-0.0376014709472656 0.0496139526367187 0.0222835540771484 0.0194530487060547
0.0171966552734375 0.053924560546875 -0.0540847778320313 -0.0855865478515625
0.0458259582519531 0.00925064086914063 -0.147140502929688 -0.0288848876953125
0.038177490234375 -0.0267868041992187 -0.14813232421875 0.0681304931640625
0.00677490234375 -0.0383758544921875 -0.0933685302734375 0.1583251953125
-0.000148773193359378 -0.0236778259277344 -0.00010681152343749 0.174636840820313
0.00589561462402344 -0.0206394195556641 0.0218505859375 0.141571044921875
0.00672340393066406 -0.01898193359375 0.023345947265625 0.116737365722656
0.00871849060058594 -0.00462675094604492 0.00570678710937499 0.111076354980469
0.00864696502685547 0.015045166015625 0.0101394653320313 0.1112060546875
-0.0099945068359375 0.0348720550537109 -0.011138916015625 0.135940551757813
-0.05157470703125 0.00626754760742186 -0.0834808349609375 0.153610229492188
-0.0692214965820313 -0.0335922241210938 -0.106765747070313 0.197479248046875
-0.0599250793457031 -0.0672492980957031 -0.127197265625 0.215591430664063
-0.0188064575195312 -0.115188598632813 -0.118614196777344 0.13360595703125
-0.0354652404785156 -0.0349044799804688 0.0169210433959961 0.0163106918334961
-0.0354652404785156 -0.0103721618652344 -0.0553359985351562 -0.0988006591796875
-0.0167531967163086 -0.0031442642211914 -0.155258178710938 -0.04547119140625
-0.0154666900634766 0.00179862976074218 -0.164306640625 0.0572357177734375
-0.0145759582519531 0.00965785980224609 -0.10247802734375 0.1549072265625
-0.0014495849609375 0.0316200256347656 -0.00231933593750001 0.171585083007813
-0.00286865234375 0.0401268005371094 0.0216217041015625 0.135398864746094
-0.000904083251953125 0.0392837524414063 0.029510498046875 0.111351013183594
-0.023529052734375 0.0357742309570313 0.0186004638671875 0.102020263671875
-0.0490036010742188 0.0281944274902344 0.0239486694335938 0.102516174316406
-0.0733184814453125 0.00532531738281251 0.0104751586914063 0.13800048828125
-0.074920654296875 -0.0758743286132813 -0.06036376953125 0.155960083007813
-0.0443801879882813 -0.11651611328125 -0.0872039794921875 0.195404052734375
-0.0031585693359375 -0.155349731445313 -0.114883422851562 0.196929931640625
0.0393829345703125 -0.188796997070313 -0.118141174316406 0.0905532836914062
-0.0119476318359375 -0.122695922851563 0.0186004638671875 -0.0070629119873047
-0.0793914794921875 -0.0925369262695313 -0.0497894287109375 -0.119094848632813
-0.083526611328125 -0.0307159423828125 -0.154037475585938 -0.0704498291015625
-0.0786056518554688 0.021636962890625 -0.17242431640625 0.0317840576171875
-0.0438346862792969 0.0554084777832031 -0.105667114257813 0.132606506347656
-0.00698089599609375 0.0829238891601563 -0.00642395019531249 0.146881103515625
-0.0105667114257813 0.0962600708007813 0.0188064575195312 0.108451843261719
-0.00272369384765626 0.0933074951171875 0.0342864990234375 0.0843353271484375
-0.0427627563476562 0.0770339965820313 0.036895751953125 0.0731582641601563
-0.0919418334960937 0.0543594360351563 0.0468673706054687 0.08056640625
-0.129745483398438 -0.000984191894531268 0.0440216064453125 0.129814147949219
-0.111831665039063 -0.131271362304688 -0.0275115966796875 0.155303955078125
-0.0399627685546875 -0.180465698242188 -0.0640869140625 0.181396484375
0.0396728515625 -0.22412109375 -0.086212158203125 0.156463623046875
0.101089477539063 -0.230545043945312 -0.0947418212890625 0.0255813598632813
0.029205322265625 -0.194412231445313 0.03045654296875 -0.0463409423828125
-0.0996551513671875 -0.177444458007813 -0.0331573486328125 -0.142440795898438
-0.138442993164063 -0.0712661743164062 -0.1373291015625 -0.100601196289063
-0.138870239257813 0.0261993408203125 -0.163131713867188 -0.00439453125000003
-0.0759506225585938 0.0901412963867188 -0.099029541015625 0.092987060546875
-0.016021728515625 0.122161865234375 -0.00952911376953126 0.102882385253906
-0.016510009765625 0.138526916503906 0.0141677856445313 0.0650405883789063
8.28444255015794E-18 0.135299682617188 0.0352973937988281 0.041229248046875
-0.0489273071289063 0.111740112304688 0.0523757934570313 0.0296859741210938
-0.11492919921875 0.08416748046875 0.0689735412597656 0.0467872619628906
-0.166336059570313 0.00839233398437501 0.07501220703125 0.10784912109375
-0.145156860351563 -0.158294677734375 0.00471496582031248 0.142959594726562
-0.0442352294921875 -0.2171630859375 -0.0476226806640625 0.154052734375
0.067779541015625 -0.26129150390625 -0.0507888793945312 0.097259521484375
0.149200439453125 -0.230331420898437 -0.0482368469238281 -0.0503044128417969
0.0771636962890625 -0.225967407226563 0.0534820556640625 -0.0950469970703125
-0.0885009765625 -0.23663330078125 -0.00389099121093751 -0.159805297851563
-0.161895751953125 -0.111343383789063 -0.101348876953125 -0.126197814941406
-0.176422119140625 0.0157012939453125 -0.132308959960938 -0.04364013671875
-0.099884033203125 0.106964111328125 -0.0800247192382812 0.0406875610351563
-0.0247955322265625 0.14080810546875 -0.0112342834472656 0.0468864440917969
-0.0197296142578125 0.159286499023438 0.00802516937255859 0.0131101608276367
0.00469970703124999 0.15753173828125 0.0293750762939453 -0.010955810546875
-0.0467605590820313 0.131095886230469 0.0604133605957031 -0.0212173461914062
-0.119956970214844 0.103134155273437 0.0838546752929687 0.00769042968750001
-0.178298950195313 0.0190277099609375 0.0965576171875 0.0771636962890625
-0.157546997070312 -0.162796020507813 0.028778076171875 0.122779846191406
-0.03997802734375 -0.22564697265625 -0.0399703979492188 0.117118835449219
0.0882568359375 -0.261306762695312 -0.0152530670166016 0.0299053192138672
0.166549682617187 -0.188262939453125 0.0115127563476563 -0.121223449707031
0.112075805664062 -0.207382202148437 0.08355712890625 -0.139663696289063
-0.0521087646484375 -0.245346069335938 0.02996826171875 -0.16510009765625
-0.146469116210938 -0.1304931640625 -0.0544281005859375 -0.139198303222656
-0.176345825195313 9.15527343750155E-05 -0.0870742797851563 -0.0742111206054688
-0.105613708496094 0.103622436523438 -0.0522651672363281 -0.0127105712890625
-0.0279083251953125 0.136878967285156 -0.0107412338256836 -0.0122575759887695
-0.0201263427734375 0.156494140625 0.000328063964843745 -0.0389595031738281
0.00709533691406249 0.157333374023438 0.0210800170898438 -0.0639877319335937
-0.0414199829101562 0.131446838378906 0.0631561279296875 -0.0709915161132812
-0.113685607910156 0.105056762695312 0.0936355590820312 -0.02899169921875
-0.1683349609375 0.0191650390625 0.108268737792969 0.0471115112304688
-0.142501831054687 -0.158172607421875 0.0418777465820312 0.101219177246094
-0.020172119140625 -0.210281372070313 -0.0391006469726562 0.0785980224609375
0.104934692382813 -0.2252197265625 0.0198898315429688 -0.0349655151367188
0.150192260742188 -0.114028930664062 0.0678863525390625 -0.175613403320313
0.116973876953125 -0.146072387695313 0.108963012695313 -0.172866821289063
-0.011688232421875 -0.197891235351563 0.057769775390625 -0.159286499023438
-0.102500915527344 -0.117431640625 -0.0120086669921875 -0.14019775390625
-0.140838623046875 -0.00970458984374998 -0.04315185546875 -0.0930404663085938
-0.0891036987304688 0.0841522216796875 -0.0252418518066406 -0.057403564453125
-0.02423095703125 0.111778259277344 -0.0123023986816406 -0.0645370483398438
-0.0163650512695312 0.129981994628906 -0.0079803466796875 -0.0844650268554687
0.00572967529296874 0.134994506835938 0.01104736328125 -0.110824584960937
-0.0359344482421875 0.114044189453125 0.0652923583984375 -0.112777709960937
-0.0984268188476562 0.0896377563476563 0.103874206542969 -0.0583648681640625
-0.141448974609375 0.00865173339843753 0.115364074707031 0.0244827270507812
-0.107345581054688 -0.14324951171875 0.04986572265625 0.084869384765625
0.00971984863281249 -0.175521850585938 -0.0366096496582031 0.0432281494140625
0.113189697265625 -0.159881591796875 0.0570755004882813 -0.0862808227539063
0.105583190917969 -0.0223007202148438 0.106552124023438 -0.205947875976563
0.0944137573242188 -0.060821533203125 0.11968994140625 -0.191650390625
0.0176620483398438 -0.114051818847656 0.0713348388671875 -0.151504516601562
-0.0475006103515625 -0.0759735107421875 0.013427734375 -0.137229919433594
-0.0812530517578125 -0.0116424560546875 -0.0138015747070312 -0.101005554199219
-0.0560188293457031 0.0528526306152344 -0.00879669189453124 -0.0868911743164063
-0.0147132873535156 0.0695915222167969 -0.0166702270507813 -0.101272583007813
-0.0101318359375 0.0849685668945313 -0.014923095703125 -0.116653442382813
0.00312042236328124 0.0940322875976563 0.0032806396484375 -0.146530151367188
-0.0278549194335937 0.0806350708007813 0.07012939453125 -0.142822265625
-0.07427978515625 0.0614166259765625 0.116592407226562 -0.0765304565429688
-0.101295471191406 -0.00291442871093749 0.122421264648438 0.0117034912109375
-0.0618438720703125 -0.115089416503906 0.0558547973632813 0.0771484375
0.0381088256835937 -0.121658325195313 -0.0281219482421875 0.0171260833740234
0.107620239257813 -0.0737075805664063 0.0955963134765625 -0.117019653320312
-0.0640411376953125 -0.0250511169433594 -0.099517822265625 0.151016235351563
-0.0367507934570313 0.0497322082519531 0.0235042572021484 0.0186195373535156
0.0176963806152344 0.0530586242675781 -0.0549697875976562 -0.0873184204101563
0.0452880859375 0.00893402099609375 -0.148727416992188 -0.0290069580078125
0.0383834838867188 -0.0278511047363281 -0.14996337890625 0.0712127685546875
0.006378173828125 -0.0377578735351563 -0.0928497314453125 0.161865234375
-0.000236511230468752 -0.0230789184570313 0.00363159179687499 0.175994873046875
0.00552177429199219 -0.0203113555908203 0.0252838134765625 0.141830444335938
0.00572967529296875 -0.0186195373535156 0.0252761840820313 0.117462158203125
0.00809383392333984 -0.00355100631713867 0.00794982910156251 0.114021301269531
0.00832748413085938 0.0150680541992188 0.01177978515625 0.112960815429688
-0.00972366333007813 0.0344429016113281 -0.01025390625 0.137771606445313
-0.05230712890625 0.00609970092773436 -0.0845489501953125 0.154922485351563
-0.0684089660644531 -0.0320053100585938 -0.106658935546875 0.197891235351562
-0.059967041015625 -0.066925048828125 -0.128448486328125 0.216964721679688
-0.02020263671875 -0.11578369140625 -0.117584228515625 0.13421630859375
-0.0354385375976563 -0.0353431701660156 0.0185718536376953 0.0145435333251953
-0.0360488891601563 -0.0107383728027344 -0.0561370849609375 -0.0998001098632813
-0.0176830291748047 -0.00337982177734375 -0.15679931640625 -0.04486083984375
-0.0156793594360352 0.00158214569091797 -0.16668701171875 0.0591888427734375
-0.0149002075195313 0.0105447769165039 -0.1015625 0.158203125
-0.00105667114257812 0.03265380859375 0.00131225585937501 0.1724853515625
-0.00196075439453125 0.0412178039550781 0.0254440307617188 0.134834289550781
-0.000263214111328126 0.0410499572753906 0.0321884155273438 0.111915588378906
-0.0238800048828125 0.0371475219726563 0.0206069946289062 0.104278564453125
-0.0501594543457031 0.0298042297363281 0.0264892578125 0.104316711425781
-0.0740890502929688 0.00559997558593752 0.0120010375976562 0.139595031738281
-0.0764389038085938 -0.0760040283203125 -0.061614990234375 0.158096313476563
-0.0449066162109375 -0.116561889648438 -0.0866851806640625 0.196243286132813
-0.0035400390625 -0.15728759765625 -0.11602783203125 0.198684692382813
0.0384674072265625 -0.190261840820313 -0.117164611816406 0.0909881591796875
-0.0131759643554687 -0.124107360839844 0.0204315185546875 -0.00895309448242188
-0.0813674926757813 -0.0923309326171875 -0.0494003295898437 -0.120346069335937
-0.084869384765625 -0.03021240234375 -0.155471801757813 -0.070892333984375
-0.0790786743164063 0.0226974487304688 -0.174697875976563 0.0341796875
-0.0443878173828125 0.0567855834960938 -0.104911804199219 0.135391235351563
-0.00598144531250001 0.0844192504882813 -0.003814697265625 0.14776611328125
-0.0076751708984375 0.0976486206054688 0.0216903686523437 0.108444213867188
-0.000885009765624997 0.0950546264648438 0.0371780395507812 0.0843887329101563
-0.0433349609375 0.0783767700195312 0.0384521484375 0.0745773315429688
-0.0927886962890625 0.0567474365234375 0.04931640625 0.0817337036132813
-0.13128662109375 0.00067901611328126 0.04608154296875 0.130767822265625
-0.114654541015625 -0.131309509277344 -0.0279693603515625 0.157180786132813
-0.041534423828125 -0.1820068359375 -0.0635833740234375 0.182830810546875
0.038848876953125 -0.2266845703125 -0.086761474609375 0.157974243164063
0.100433349609375 -0.233749389648438 -0.0931549072265625 0.0255584716796875
0.0272979736328125 -0.196517944335938 0.0323371887207031 -0.0485076904296875
-0.104080200195313 -0.176345825195313 -0.032257080078125 -0.143630981445313
-0.14117431640625 -0.0709075927734375 -0.138099670410156 -0.101165771484375
-0.139686584472656 0.0284881591796875 -0.16546630859375 -0.00230407714843753
-0.0759429931640625 0.091583251953125 -0.0994415283203125 0.0947799682617187
-0.0145721435546875 0.123359680175781 -0.0082244873046875 0.103233337402344
-0.0131454467773438 0.1402587890625 0.0163345336914062 0.0650482177734375
0.00322723388671875 0.137069702148438 0.0366058349609375 0.0407066345214844
-0.0489959716796875 0.113029479980469 0.0528831481933594 0.0298271179199219
-0.115333557128906 0.0864639282226562 0.0706024169921875 0.0475082397460938
-0.168289184570313 0.0111083984375 0.078216552734375 0.107749938964844
-0.149520874023438 -0.15692138671875 0.00463867187499999 0.145309448242187
-0.046478271484375 -0.21875 -0.046295166015625 0.155960083007813
0.06671142578125 -0.26507568359375 -0.0514602661132812 0.0984268188476562
0.148361206054687 -0.234786987304688 -0.046844482421875 -0.0513496398925781
0.075592041015625 -0.2283935546875 0.0554656982421875 -0.0970001220703125
-0.0922393798828125 -0.236328125 -0.00267028808593752 -0.161117553710938
-0.1646728515625 -0.111175537109375 -0.101646423339844 -0.126785278320313
-0.177536010742188 0.01873779296875 -0.135162353515625 -0.0427169799804687
-0.0997695922851563 0.1085205078125 -0.0814056396484375 0.0407257080078125
-0.0233154296875 0.142532348632813 -0.0112724304199219 0.0465507507324219
-0.0163421630859375 0.16143798828125 0.00841331481933594 0.0130519866943359
0.00793457031250001 0.15850830078125 0.0301589965820313 -0.0114498138427734
-0.0458984375 0.132293701171875 0.060577392578125 -0.0213966369628906
-0.119483947753906 0.106124877929688 0.0856170654296875 0.00753021240234376
-0.180084228515625 0.020965576171875 0.0993499755859375 0.0762176513671875
-0.1614990234375 -0.161895751953125 0.0291900634765625 0.124786376953125
-0.0424346923828125 -0.227035522460938 -0.039215087890625 0.1197509765625
0.0867462158203125 -0.264724731445313 -0.0157184600830078 0.0306720733642578
0.16656494140625 -0.193145751953125 0.0127639770507812 -0.123016357421875
0.110885620117188 -0.2093505859375 0.084869384765625 -0.141937255859375
-0.0561981201171875 -0.245452880859375 0.0316009521484375 -0.166213989257813
-0.14862060546875 -0.130615234375 -0.0542755126953125 -0.140327453613281
-0.178604125976563 0.00291442871093747 -0.0906295776367188 -0.0742263793945313
-0.105255126953125 0.1058349609375 -0.0539932250976563 -0.0135688781738281
-0.0266876220703125 0.138435363769531 -0.0125741958618164 -0.013056755065918
-0.0167236328125 0.158370971679688 -0.000129699707031249 -0.0394401550292969
0.0100860595703125 0.158157348632813 0.0193710327148437 -0.0643577575683593
-0.0409469604492188 0.132240295410156 0.0625 -0.0723724365234375
-0.112930297851563 0.106803894042969 0.0954208374023438 -0.0299072265625
-0.169219970703125 0.0204925537109375 0.11090087890625 0.046417236328125
-0.146224975585937 -0.156097412109375 0.0418777465820312 0.102752685546875
-0.0230255126953125 -0.211883544921875 -0.0388412475585937 0.0809860229492187
0.103179931640625 -0.228134155273437 0.0197887420654297 -0.034881591796875
0.15008544921875 -0.117568969726563 0.069488525390625 -0.1781005859375
0.115615844726563 -0.14752197265625 0.1102294921875 -0.17510986328125
-0.0149993896484375 -0.197738647460938 0.05889892578125 -0.160934448242188
-0.104560852050781 -0.117218017578125 -0.012115478515625 -0.141952514648438
-0.141677856445313 -0.00697326660156253 -0.0449676513671875 -0.0936813354492188
-0.0881195068359375 0.0860366821289062 -0.0269088745117188 -0.0592498779296875
-0.02301025390625 0.1129150390625 -0.0149421691894531 -0.0654335021972656
-0.0138015747070313 0.131736755371094 -0.0090789794921875 -0.0850143432617188
0.00878906249999999 0.135086059570313 0.00892639160156249 -0.111846923828125
-0.0347671508789062 0.114265441894531 0.063995361328125 -0.114517211914062
-0.09771728515625 0.0911865234375 0.104751586914063 -0.0601654052734375
-0.1419677734375 0.0100860595703125 0.117424011230469 0.023193359375
-0.11053466796875 -0.142471313476563 0.0498733520507812 0.086578369140625
0.00727844238281248 -0.176559448242187 -0.0367851257324219 0.0457611083984375
0.112335205078125 -0.16278076171875 0.0575714111328125 -0.0869140625
0.105758666992187 -0.0239715576171875 0.108062744140625 -0.207717895507813
0.0941009521484375 -0.0613861083984375 0.120361328125 -0.193023681640625
0.0157852172851562 -0.113800048828125 0.0725860595703125 -0.15338134765625
-0.04852294921875 -0.0760345458984375 0.0131378173828125 -0.139244079589844
-0.0817413330078125 -0.0103912353515625 -0.01495361328125 -0.102226257324219
-0.0547294616699219 0.0546188354492188 -0.0109176635742188 -0.0894927978515625
-0.0141944885253906 0.0697479248046875 -0.019989013671875 -0.102569580078125
-0.00803375244140625 0.0850830078125 -0.0177536010742187 -0.11627197265625
0.00540924072265625 0.0934600830078125 0.000625610351562497 -0.147445678710938
-0.0269012451171875 0.0818710327148438 0.0677642822265625 -0.145050048828125
-0.0739822387695313 0.0623779296875 0.117645263671875 -0.0782852172851563
-0.100967407226563 -0.00289154052734375 0.124160766601563 0.010955810546875
-0.0631484985351563 -0.114265441894531 0.0568313598632812 0.0785293579101562
0.0361862182617187 -0.122108459472656 -0.0280036926269531 0.01959228515625
0.107215881347656 -0.0753173828125 0.095733642578125 -0.118316650390625
0.0223548349763148 0.0458338497561389 -0.176069422042761 -0.00720643419200858
0.059864032640071 -0.00256459101049309 -0.00777946072494067 0.0198105864109011
0.0414118645471325 -0.0391470656803189 0.0403675116845828 -0.100078166482277
-0.00990254167510871 -0.0437728215157881 -0.0541856410719559 -0.139290861198019
-0.0336702177902168 -0.0159894885284902 -0.147075931527541 -0.0934548333067336
-0.0194991529581966 0.00343938887961746 -0.182977950093893 -0.00852320503868974
-0.0200172821102385 0.00111849400144395 -0.162281729053581 0.0684226907298225
-0.0210765254500551 -0.00117622843091931 -0.121842552974149 0.0945192580394913
-0.017095067886679 -0.00383304849606041 -0.0989390549653265 0.0747739232044866
-0.00933731095580338 -0.0110113675108051 -0.0953020807946576 0.0626034666739747
0.00706993262692308 -0.0215904556326282 -0.10258058162719 0.0658750391623514
0.0359830807125758 -0.0196722943414821 -0.135454400859574 0.0515544305868039
0.0498244224449355 0.0222350971081027 -0.171245720662944 0.00884872946321973
0.0218030120254037 0.0593997808536163 -0.213719186930785 0.00244058909332512
-0.0186250128171124 0.0671551959747557 -0.236836147035906 0.0331653242476637
-0.0723556087948069 0.0591415632240038 -0.163345939151987 -0.0178658753632221
-0.00964133538020141 0.0504728537213798 0.00749184190242481 0.0243735383012845
0.0206912829151927 0.0448499177141996 0.0723999854279221 -0.112693600927411
0.0238841217667159 0.0207855028366539 -0.0329338416947781 -0.169267848769621
0.0283160004069956 0.00205674306566367 -0.148328416249278 -0.124192558639977
0.0308677161008359 -0.00963630924111823 -0.188490726616595 -0.0241201800354719
0.0302058102201646 -0.027297384005834 -0.165589171913434 0.0576941703596835
0.0284368512956866 -0.0349240004844432 -0.120765837464529 0.0883178521341457
0.0368437511500143 -0.0320237466990004 -0.0942882371563994 0.0734341705415412
0.0430953694915689 -0.0102697099291111 -0.080348207527766 0.0615144870842252
0.0564200881813319 0.0119553275202166 -0.0830243165637688 0.0682399755616521
0.0494774764696947 0.0540149509315898 -0.114005636784576 0.0711591547730767
0.0110900397050995 0.0970909341203014 -0.153275321257716 0.0337797082343678
-0.0572648193642878 0.0912379733955712 -0.202005612195948 0.0289706398130832
-0.116334509397356 0.0684549200727534 -0.220936427984631 0.0416275358541015
-0.162999321069917 0.056022190621831 -0.120673857663164 -0.0273520395650041
-0.0949923559726391 0.0908218580160037 0.0417305490623879 0.0299370623133231
-0.0209357197813718 0.13262153359253 0.119375031331501 -0.118609952037418
0.0473375708103821 0.100275908871495 0.00663730557436549 -0.194364577723808
0.0912186621145757 0.0355551573863193 -0.130731609568592 -0.156371663000179
0.0842827588934938 -0.0126442419463246 -0.173696296121679 -0.0451398829708834
0.0787659538598922 -0.0482743552117587 -0.147701524382754 0.0366904964856874
0.0741686491922371 -0.0646506030156162 -0.101331701769317 0.0686482864268361
0.0827225109578252 -0.0613863718215165 -0.0709089488122749 0.0615076934709475
0.0866674063607505 -0.020166818081191 -0.0485274058149514 0.056063173306517
0.103682560196689 0.0263326810945309 -0.0486144469657928 0.0721820509575613
0.0784308059051717 0.106437467738502 -0.0812753712399896 0.093542246721644
-0.000114745037776775 0.161570721165772 -0.128681772963541 0.0624780149478082
-0.109906295014942 0.127922095678049 -0.176270262564026 0.0503676061773447
-0.191636176257563 0.0715785164109112 -0.176599365086428 0.0482354787863622
-0.231640474215336 0.0363826059340743 -0.0517549097892558 -0.0315348369409941
-0.180528353393552 0.106855914802723 0.0907704990631085 0.0379262999773789
-0.0791696286018752 0.203623021861997 0.172070159410646 -0.109573335497864
0.0500970711838419 0.179427835147896 0.0605526810202063 -0.202949673353707
0.139806173883492 0.0795889446476139 -0.0915654723390599 -0.178425030292803
0.129870197050979 -0.00643312996842179 -0.137221114216098 -0.0647039071377706
0.118855313575357 -0.058221688424351 -0.110596520199651 0.0099263533153875
0.108529378978769 -0.0851185441657642 -0.0662290734855361 0.0395829365922797
0.115295095217778 -0.0855264751549061 -0.0342234655521593 0.0399725423480403
0.11746883178338 -0.0349006247153732 -0.00563978204238259 0.0418870456333477
0.139046276584971 0.0239797488108774 -0.00629409235666619 0.0708028428370764
0.10880030702544 0.132640608232781 -0.0409467588002082 0.106891945061743
0.00433701864928966 0.202899401993444 -0.0970470129477004 0.082953529921388
-0.135558097000089 0.154895169338529 -0.143391852044659 0.0556059347505304
-0.236357026115972 0.0720054088839852 -0.113349667136659 0.0450642484538124
-0.26191502184592 0.00749048228050064 0.0361244397139148 -0.0285378218650456
-0.238461687708883 0.0934892030117838 0.146046851111338 0.0484722576213467
-0.1374112616021 0.230942523821818 0.215862622146835 -0.0808784899128811
0.029093936990703 0.230843263289096 0.11584214506599 -0.182877724083297
0.15793255989028 0.11882297689722 -0.0337907205232797 -0.177225253339877
0.155020054605571 0.0061931925190687 -0.0815955333576389 -0.0768880550743794
0.140109293122973 -0.0566620985446408 -0.0586066697099039 -0.0165269887076852
0.126363349290636 -0.0929016922863812 -0.0217900696887068 0.00612905107774714
0.130410558808715 -0.0987282092281736 0.00990751378801953 0.010473932377832
0.130462536190168 -0.0459780777887772 0.0397248789751542 0.0224128159312255
0.15512648143246 0.0161832394573769 0.0372564871767917 0.0622402090144381
0.123107022276866 0.137741013156358 -0.000644488821808522 0.109260210163197
0.00821155891269477 0.215137073731651 -0.0661697201178762 0.0916029285307257
-0.14391070651679 0.15908591491296 -0.108792674100624 0.0456571316708281
-0.247817125324398 0.0602835395417583 -0.0414491283264689 0.0331862163805446
-0.243051621650291 -0.0194830001525315 0.12421583011329 -0.0181643727890781
-0.245672788740988 0.0566599630182843 0.194417342302017 0.0574415424412596
-0.169801637132747 0.206440740381394 0.237150495737969 -0.0415721418007089
-0.00295957289952498 0.232233002879538 0.154172227896556 -0.140535537104989
0.143059322163597 0.133917541403048 0.0237961792841849 -0.153198918655075
0.151868730852114 0.0175732298479351 -0.0194585485553753 -0.0773104368689155
0.138163442314265 -0.0473006585119166 -0.00171083299516966 -0.0388489401444096
0.124907197960785 -0.086395754072224 0.0244954039479687 -0.0278130451603862
0.126866866402844 -0.0964278915010245 0.0545286270058373 -0.0216057635636393
0.127593282246544 -0.0473460244433253 0.0830768442727177 0.000511260810567891
0.150150913969596 0.0116502888557778 0.0764936958705713 0.0536086672476168
0.11447611876271 0.130621321543759 0.0315924299273207 0.106065415711533
-0.000776997954699335 0.202146581489235 -0.042386445317297 0.0911282858418419
-0.143662915916077 0.137212813268617 -0.0783702562233347 0.0267938773536051
-0.228737572121232 0.0326800021650904 0.0277251156197104 0.0188932150175634
-0.178986439008563 -0.0382805976282737 0.194615563852343 -0.00818141509889203
-0.200079493995069 0.0172609759511325 0.227277133527198 0.0583822587405095
-0.156657879955562 0.144978544777761 0.230905840758475 -0.00889163169339909
-0.0252440283971386 0.183760166832673 0.167138613843506 -0.0922927663709718
0.104277336974952 0.117499787395559 0.0674577623487681 -0.11568009759498
0.123081701488577 0.0207539514838406 0.0355196578954234 -0.0701041991898121
0.11329616857219 -0.034426754290252 0.049350175903917 -0.055657855494554
0.104561559310956 -0.068198111689597 0.0662003509108415 -0.0568586401974703
0.107807497462339 -0.0783948419690867 0.0956679813381408 -0.0494799262174533
0.110360843005582 -0.038161316536036 0.120905283613651 -0.0156778439092099
0.127078800047715 0.0133764140360749 0.109080972198643 0.0510769467899703
0.0885383899715873 0.114464535092917 0.0529441198267139 0.10493920861729
-0.0174855361261322 0.168490832943891 -0.0278155254816342 0.0904598343004356
-0.134830192037417 0.0960290541310249 -0.0518996359925129 0.0098434116545857
-0.183196493906259 -0.0031206829761833 0.0888169315337566 0.0103467197754137
-0.0837143319878961 -0.0467445737125759 0.23338602764121 -0.00549621143988024
-0.115954167839498 -0.0173156055209458 0.237456768839808 0.0428243054314401
-0.105236715759442 0.0689299491444778 0.207484381763407 0.00573228183606838
-0.0310450858168706 0.106681097659956 0.159465414124811 -0.0588417510414557
0.0550554423134404 0.076584413319883 0.0914935381738704 -0.0836545413826933
0.0757876900554331 0.0171057729312426 0.0721879764377443 -0.0626109941837926
0.070877989636256 -0.0177253617640431 0.0850936073503629 -0.0666654081770816
0.0686042434513156 -0.0399047709356924 0.0962552106911507 -0.0775403966765333
0.0737790432694203 -0.0481550519129312 0.128346075802485 -0.069040269687618
0.079951796925053 -0.0216018062643692 0.150000644927215 -0.0224295900250977
0.0892120563921912 0.0154334191537763 0.1324072824395 0.0589880721084211
0.051682399946055 0.0875928362372873 0.0630539646210392 0.110941030014487
-0.0331364309771272 0.116813205323012 -0.0230664704279208 0.0936551330052919
-0.110886749153711 0.04315240825434 -0.0308577243687761 0.000299850300101272
-0.114304058222185 -0.0397042878091013 0.135720002830044 0.0125637620610203
0.0242656666188579 0.0443663390081985 -0.175222625766374 0.00120442295853758
0.0584198096950352 -0.00553645274920742 -0.00565352516020599 0.0212607580171177
0.0394871188459132 -0.0407195306430756 0.0371575894359491 -0.102499047031497
-0.0116569313467803 -0.0423054751665129 -0.0602623881627746 -0.137381877906107
-0.034216192791561 -0.0134110630548162 -0.151795473615412 -0.0867413636410224
-0.0189954388755217 0.00384224711981614 -0.183728492226004 0.00212136805565522
-0.0191327260422573 0.00116881853259452 -0.157466542163011 0.0774935484586833
-0.0211761978230896 -0.000380534352943211 -0.115019112662882 0.101121627494123
-0.016811044168639 -0.00351363300680247 -0.0951723550270108 0.0813175891633856
-0.00843108763482375 -0.0110117471346179 -0.0927052926283553 0.0692419304097801
0.00647021290126352 -0.0214616052769494 -0.0995071450412941 0.0715836271707788
0.0348066518325771 -0.0199064698022312 -0.132786173149978 0.057608709927133
0.0509326924514236 0.0197748488781281 -0.171245576876451 0.0153258118325917
0.0238069082598419 0.0570533051590556 -0.211921024883592 0.0102480039705292
-0.0151136282118525 0.0671395371324023 -0.236169354311625 0.0417053765754546
-0.0701777463832939 0.0621770106404084 -0.162615105098758 -0.0102343118077276
-0.00747297731532977 0.0507964108191783 0.010356758513224 0.0243444102869683
0.0234819903186815 0.0442159579745165 0.0685317137063352 -0.116356693760301
0.0255183134937894 0.0203430178458069 -0.0399107469261309 -0.167922492155206
0.0289847725014476 0.00171216163685406 -0.155257189005416 -0.117217703422337
0.0312571235312595 -0.01120725387805 -0.190094324388637 -0.0144918955475444
0.0292581366457498 -0.0292418818645921 -0.161358683165353 0.0665051209038135
0.0266946407355318 -0.0370519431604234 -0.113768846087456 0.0950532114412743
0.0355489609268052 -0.0347414399433802 -0.0903240985342726 0.0789343646175167
0.043476922561183 -0.0128122434464783 -0.0777242174039715 0.066930409577746
0.0578068946888247 0.009356790867465 -0.0803072563640694 0.0734555601070079
0.0524350493567744 0.052766463514435 -0.110165598172973 0.0763813216957954
0.0161717359737745 0.0966005836025835 -0.153083947145259 0.0394597986670194
-0.053227655377308 0.0929416209095466 -0.199397200741906 0.036814666865009
-0.113285255350244 0.0731202219055481 -0.219841392296689 0.0502474541711189
-0.160831935569421 0.063424298170672 -0.120793090431126 -0.0214622202355103
-0.0912052362446688 0.0955904321811077 0.0444985481992722 0.0281472925102216
-0.0134083844186355 0.133502927736866 0.115047173704168 -0.12360036481712
0.0521599486985179 0.0988801114987493 -0.00160588671447352 -0.19475084962324
0.0928467561452333 0.031476416037382 -0.139362774046867 -0.15009630021852
0.0846574707441815 -0.01704151671341 -0.176093993623981 -0.0370401909951733
0.0765099440066516 -0.0524643494744655 -0.145137571261386 0.0443928980581339
0.0703268755756097 -0.0697869697149609 -0.0958848761372735 0.0744572849754152
0.0793000563301339 -0.0664609604404108 -0.0670673541416106 0.0659831172701774
0.0865403204212987 -0.0242439531154705 -0.0457557858037034 0.0596663403119648
0.106172632560292 0.021128263087598 -0.0453815274331607 0.0764675749064847
0.084202296636841 0.103733117635433 -0.0755265789819188 0.0971249200756696
0.00808245289251323 0.162048018452184 -0.126788421468186 0.0676491514648731
-0.104180216246068 0.132455138814764 -0.173788803381331 0.0569287327822085
-0.189044472871136 0.0808290587569515 -0.175374339776696 0.055346835974787
-0.231096969963531 0.0481149446618904 -0.0513167669313296 -0.0287512242594774
-0.17514753407002 0.115672675619105 0.0942853649957212 0.0337244969192115
-0.0679978015677135 0.207056367480164 0.168513471470592 -0.115910594421195
0.0591366159580963 0.177809557660498 0.0522811742536523 -0.205390132038203
0.143719952525564 0.0723096148545236 -0.100870746108544 -0.17411221021457
0.130448536061815 -0.0128896386144954 -0.140096866855781 -0.0587675957641627
0.11557733118424 -0.0637116662641452 -0.109043292216805 0.0157252005726647
0.103659682687789 -0.0920284317135741 -0.0634310863719104 0.0437844978507757
0.10995858768322 -0.0928962631890575 -0.0314946322322951 0.0420871060930189
0.115905687926261 -0.0404211524707893 -0.00390602214538591 0.0434786843979827
0.14066732262937 0.0164123984318949 -0.00305863263119053 0.072806137964089
0.11496496912199 0.128326476569956 -0.0342208758676223 0.109155541199311
0.0153084576813464 0.203409897919206 -0.0946563730988497 0.0874527604471755
-0.128087874447061 0.161344789677729 -0.141232081884645 0.0624106088130677
-0.233114922023629 0.0839659463688075 -0.111344056541574 0.0501728398140114
-0.262038276956145 0.0207539356571942 0.0358743605347102 -0.0289808474040923
-0.233324178664999 0.104247226430497 0.149510484888243 0.0418408856262743
-0.124932553350141 0.237650951641122 0.213491593429289 -0.0895071688986692
0.0392989915194331 0.230134611941871 0.108144461726208 -0.187309503444427
0.163820522375936 0.110340017303357 -0.0432588363229852 -0.176120998792317
0.155941642575416 -0.00120137824124577 -0.0846694404061484 -0.0742521080524535
0.137430444667087 -0.063530130374682 -0.0591104262315597 -0.0138118450799783
0.120766387439766 -0.100210827904438 -0.0208872790004929 0.00761373537859944
0.124366119351388 -0.106470021384149 0.0110766998010163 0.0102022660924328
0.127874973159894 -0.0517642776772636 0.0406560328761006 0.0201616214762812
0.156166517173687 0.00738556264605638 0.0405067794196083 0.0620460657018961
0.130058436974796 0.132202688489309 0.00580462006281296 0.109710595240126
0.0199420856180133 0.215051031333624 -0.0631399286140909 0.0941797961977958
-0.136320308988711 0.166733701256149 -0.107776324316932 0.051396562319265
-0.245708793396414 0.0726432774018129 -0.0400673911590178 0.0353955440489455
-0.244175096621116 -0.00696190517202721 0.124394310489047 -0.0228196752025829
-0.243075148921397 0.0678283411459169 0.197536864998465 0.0493716548593225
-0.157712827048423 0.21425706896746 0.234933421266439 -0.0514527688632268
0.00805249635509631 0.232749707347028 0.148450855622069 -0.14585191656866
0.149488865383207 0.126101687524772 0.0154425654740633 -0.154272806028179
0.153384252812926 0.00973038446613028 -0.0222453590773167 -0.0772712319850222
0.136333767945259 -0.0545490156679856 -0.00367285214558665 -0.0402222815414939
0.119680499894699 -0.0938338479539288 0.0233253474988229 -0.0292524773399744
0.120902907047955 -0.103068497169516 0.0535303240727434 -0.0241501708821894
0.125117634895743 -0.0534056928839484 0.0827143035090775 -0.00370098002086043
0.150200955889351 0.00399923367504771 0.079504893041867 0.051354500179378
0.121285921712666 0.125106582263725 0.0376030020197308 0.104942115129789
0.00999461844609436 0.20191720588828 -0.0397740941817531 0.093567634043638
-0.136591629233793 0.144224318131552 -0.0784201483200288 0.031350436089539
-0.227682209997696 0.0453063878273244 0.0284880070171343 0.0176629497275235
-0.180849848014311 -0.0284558939176476 0.194763958418582 -0.0157349180954576
-0.197987742830597 0.0263971746118747 0.229422073638804 0.0481185629905625
-0.14821077661337 0.151709207006583 0.230407215679554 -0.017783544730063
-0.0168600371283939 0.185794645939043 0.163557208037838 -0.0989760728510912
0.110781659009292 0.111327861376296 0.0621261579938689 -0.119332598610792
0.124237256693942 0.0141272973437964 0.0322543249023755 -0.0728305467616774
0.111757073937924 -0.0399514470599567 0.0461548203435206 -0.0596208917343472
0.100695632988142 -0.0739058112731652 0.0623529261230461 -0.0609329466413147
0.102635193540102 -0.0841951323261612 0.0921895000429495 -0.0546169025726623
0.108444604403189 -0.0428561682467704 0.120192377217817 -0.0221106275002994
0.127048209044153 0.00655314871523605 0.111631460273341 0.0472608342949309
0.0932046189901 0.11081416150789 0.0583943215717557 0.102689912346088
-0.00888888578965536 0.168153294143621 -0.0255309037107551 0.092660213898088
-0.129206501513511 0.101832136605945 -0.0531824301408985 0.0133078608809295
-0.183649883330805 0.00637579265261571 0.0896125890126803 0.00651823329172028
-0.0859463120945731 -0.0415269656246456 0.233287966436106 -0.0143343082728499
-0.115614159912543 -0.0120936411594168 0.238725524740753 0.0334649124693801
-0.101084989117534 0.0736277544760786 0.207421684305315 -0.00220093568203805
-0.026202139561083 0.108580647135131 0.158051033487739 -0.0651650050546907
0.0590911027643779 0.0731820294245014 0.0874783402949311 -0.0888303359626856
0.0766249384066302 0.0128820505359318 0.0690554860257622 -0.0675875981100174
0.0698390527211462 -0.0211035951323083 0.081138046958038 -0.0722958318973292
0.0657927621563595 -0.0434726378654907 0.0906699757368508 -0.0830430090013778
0.0700462399058501 -0.0522265916117847 0.123262075511838 -0.0758116040480985
0.0784564467279667 -0.0255677774949865 0.148632166224247 -0.0294046437714657
0.0896458742027801 0.0115759831448016 0.136710479810554 0.0527238048759648
0.0549415767800644 0.0853581580173735 0.0676577881174055 0.108770980727087
-0.0265990693254359 0.118062892652739 -0.02027317021223 0.0948643878713818
-0.107511201677685 0.0485381286376357 -0.0321745059037481 0.00269550658463518
-0.116454334015563 -0.0338587386569974 0.136585957398577 0.00714215233634244
0.0254374665125996 0.0420407239172077 -0.170472559272817 0.00905972253872911
0.0559213947515311 -0.00715482452974702 -0.00278369025610174 0.0215067255576886
0.0364859783736695 -0.0414496376520146 0.0329063517560117 -0.102462399304347
-0.0132372373219573 -0.0406808771989071 -0.0647839614752472 -0.132564591823928
-0.0333734458106038 -0.0100070687524044 -0.153188563107174 -0.0783731047957569
-0.0180385710512601 0.00394130298974711 -0.180833131651081 0.0111116063347931
-0.0188500330642145 0.00124850479070674 -0.148740669785312 0.0838777376759787
-0.0209337743826163 0.000657939281108652 -0.105549756699282 0.104962139801393
-0.0165106944503933 -0.00376980270215663 -0.0897095326196397 0.0852512044425142
-0.00868780668965886 -0.0111577571104561 -0.0876977199441814 0.073446459047271
0.00582962307786833 -0.0213563227240846 -0.0944986191995697 0.0751958300172615
0.0329780010252619 -0.0199899352293183 -0.127604328392262 0.061949495220068
0.0504978059922699 0.0177103816664708 -0.167269697840507 0.0203207665897491
0.0247473629254312 0.054120943234735 -0.206144719155976 0.0164470986536711
-0.0121612649605699 0.066248796441693 -0.230921780895595 0.0488424882270265
-0.0665527731851475 0.063775999432019 -0.158530685886683 -0.00286629390278884
-0.00650809076138971 0.050353587897555 0.0129907133526233 0.0238619689821182
0.0245541418563995 0.0420135372786077 0.0635944952805314 -0.116274596499551
0.0262261123946554 0.0197969186526448 -0.0451358771646 -0.163518369149895
0.0290878631970054 0.000910840578812801 -0.15804163928407 -0.108431591470651
0.0306514270051733 -0.0123584101959458 -0.18777738770674 -0.00502547567197102
0.0274753100569581 -0.0303406332062946 -0.153372816328461 0.0731756522759563
0.0237026520040917 -0.0388464990053537 -0.105037533666361 0.0990145488898803
0.0331914442535059 -0.0369321703298063 -0.0844736107946763 0.0826439944975487
0.0427070714351025 -0.0149074184859618 -0.0733967540410674 0.0707591906708549
0.0581913110441405 0.00626039672496937 -0.0753421733826424 0.0763430428810094
0.0536973685994032 0.0501057619043028 -0.104360515467045 0.0795269736426398
0.0204807421843572 0.0941825054903605 -0.148775852498611 0.0438296311082191
-0.0497968386284856 0.0929591788481058 -0.192491313617115 0.0426380122121639
-0.108251990119589 0.0764265805844389 -0.21489096018026 0.0574351457566862
-0.155140222169529 0.0690329891152459 -0.118005847853447 -0.0156860726507442
-0.0858035460219303 0.0975633819526593 0.0470276910613926 0.025546220104065
-0.00653747398134485 0.131331474421038 0.108673970244053 -0.125762594507151
0.0559509245009188 0.0956462756344865 -0.00831544847633732 -0.190497381866176
0.093129257225799 0.0271168596972162 -0.143553998465255 -0.140884735668888
0.0827618077416893 -0.0205013060715085 -0.174628015189301 -0.0280425690697375
0.0722778030681713 -0.0549890947735085 -0.13866618586826 0.0507063894163062
0.0650112580923451 -0.072551400736049 -0.0888804279207889 0.0783998888909367
0.0741291665662695 -0.0704837424106513 -0.0623157849190478 0.0691962456685093
0.0847143355301161 -0.0278558395706219 -0.0424247880488457 0.0618071058463256
0.105348367448125 0.0150489136923777 -0.0411743321628025 0.0781720540983729
0.0877471520272471 0.098158995871635 -0.069255997863562 0.0990597871050099
0.0157277197948894 0.158595651882532 -0.122429813447432 0.0708680886086905
-0.0973738009260176 0.134142738269931 -0.167241176215756 0.0623873211588266
-0.18235022777857 0.0876984279767762 -0.170126741697526 0.0615746445805258
-0.224764928566817 0.0577036878124906 -0.0498779478005667 -0.0254788399407613
-0.166816260863954 0.120804612969256 0.0955102671887334 0.0289644675537211
-0.0559278076579228 0.205621688950643 0.161139053621691 -0.120458056422124
0.0654801056589534 0.173188761394961 0.0442175155786219 -0.203018395412645
0.144226322995761 0.064406473012907 -0.107336626650753 -0.165416303042194
0.128135723492639 -0.0179036516745832 -0.139752276711977 -0.0520416384237115
0.110480133276869 -0.0684767017487833 -0.105620289557949 0.0202819615970146
0.0964665675561303 -0.0966546837109984 -0.0589611040365492 0.0462659555252179
0.102430626850735 -0.0977181065335573 -0.0281413578258362 0.0431848627054729
0.112025334399847 -0.0450089388212886 -0.00154903106262674 0.0437605654374134
0.139559166075999 0.00881577120787846 0.000500522363590088 0.0730267565370354
0.120139724712147 0.121016678089048 -0.027987504477701 0.108825696538302
0.0248737248717508 0.19886858614359 -0.0907290493620935 0.089354725199516
-0.119369227006702 0.163850421443634 -0.135021733818244 0.0674667118077824
-0.225954548947876 0.0931018529940035 -0.107420791074065 0.0536754828665915
-0.255909749059816 0.0324628816022 0.0354435798916017 -0.0291383470149125
-0.223946908319475 0.11173728108463 0.149099090794127 0.0347324564390495
-0.110194316403853 0.237917190657239 0.206416825696141 -0.0955345629390043
0.0489040984083711 0.22458704658955 0.0998466483710859 -0.18726490650427
0.166219091865228 0.0998857649038934 -0.0508317009186935 -0.170612394876194
0.152919266121711 -0.00768332382390522 -0.086269246735444 -0.0691691513010674
0.131842168624454 -0.0690647557271282 -0.0585181541358074 -0.0117298319335936
0.112513196615109 -0.105130320636564 -0.0194449105702426 0.00770278273686592
0.115258399189867 -0.111030766913694 0.0115756475559807 0.00938914305506171
0.123779393885654 -0.0565211224851032 0.0410200078984792 0.0184451518678393
0.153190219247036 -0.000496372340209517 0.0428047463302687 0.0606301445649004
0.133948654291804 0.123987999248198 0.011955366071081 0.10738832637485
0.0304785623720555 0.210055659018733 -0.0595322180227253 0.0958702245546454
-0.126153895368029 0.168982705281912 -0.103579818683109 0.0556298427314042
-0.238008467343078 0.0826443298208065 -0.0379785053441164 0.0361809805120875
-0.23957261398157 0.0051559385113663 0.121947542466217 -0.0267171328327357
-0.234338167714776 0.0768414228793935 0.195859566838753 0.0397270735453077
-0.143641096471552 0.216036518761437 0.229050073576401 -0.058580627695515
0.0178076180244463 0.229017630510215 0.141324942278474 -0.147764323777014
0.15250990785903 0.116265552246921 0.00801594415360801 -0.151613027787713
0.151192462225632 0.00247937005237884 -0.0250955168716517 -0.0756541209417601
0.130875864377108 -0.060054895875847 -0.0057551492439322 -0.0398278945064195
0.112290702817415 -0.0987012575451449 0.0212295610133334 -0.0303809672660546
0.112388228831449 -0.107776820069836 0.0510763846772126 -0.0265765931865458
0.12049814019922 -0.0577564074863601 0.0803912990699994 -0.00790390641611799
0.147025715145383 -0.00305337310441534 0.0810368323914883 0.0483227449332637
0.124697573842157 0.117326938790605 0.0416734072376373 0.101288285325254
0.0198822650906476 0.197601449394972 -0.0369145115202361 0.0938225603685927
-0.126847868381577 0.147377555327928 -0.0762371633962802 0.0356442587556782
-0.221637646292241 0.0550031533191114 0.029006300145751 0.0163944449482023
-0.17853129137301 -0.0186939101233831 0.190843386517085 -0.0223056052218498
-0.192617781754074 0.0332787162690624 0.225931964869469 0.0383335494534896
-0.137139678342165 0.154602143700146 0.22535819637146 -0.0259244532628692
-0.00884617800841701 0.183362855609147 0.158091771911377 -0.10224689890847
0.11317144100508 0.103384587996935 0.055459634724449 -0.11996484829161
0.121930867325173 0.0078365544555096 0.0288214914890145 -0.0740623967216664
0.10749693948706 -0.0443112387734139 0.0416780069897501 -0.0622365755197344
0.094081951642469 -0.0778731178708477 0.0574773934949449 -0.063141703652144
0.0957120810333429 -0.0875695847624272 0.0873630560170527 -0.0586926919426795
0.104206218436518 -0.046975968668148 0.115957138862906 -0.0276840656575143
0.123801746134079 0.000309851655624499 0.112801741439542 0.0418642684737261
0.0962142375106109 0.104489328495388 0.0620482569053709 0.098850580190799
-0.000205645057530507 0.16467456942661 -0.0227762743557443 0.0925214845700377
-0.121469242978255 0.105409711708195 -0.0522193178092378 0.0171920693261041
-0.180225915033738 0.0149960715941803 0.0882472856747159 0.00304426073304487
-0.0861339184592323 -0.0356492230185381 0.229168140451849 -0.0225805324845784
-0.113609814835433 -0.00689651498136089 0.234732561000471 0.0242913490415772
-0.0944372171217657 0.0757466166667323 0.203150754810488 -0.0100343869808416
-0.0204706192524542 0.106709469909065 0.152696495897187 -0.0701230699415306
0.0614061298118834 0.0685294771446484 0.0823031254204528 -0.0913081293658086
0.0749487511180903 0.00808268393856777 0.0652567682219006 -0.0702555561545352
0.066809269134738 -0.0238628397490029 0.0752987192713006 -0.0765373564218429
0.0619632650776614 -0.0459572281687523 0.0835188738765941 -0.0862483007147826
0.0653684679326699 -0.0542787108680473 0.116579116702914 -0.0809369461154892
0.0756361258092034 -0.0282352277918382 0.143991349226996 -0.0369016998776923
0.0872402575322206 0.0068878458494703 0.136577321633482 0.0464781684786764
0.0573234809263797 0.0811327231218491 0.0713620493177789 0.104167771367513
-0.0203013235391716 0.115627670118177 -0.0174805342997958 0.0946605009589382
-0.101985481527914 0.0518433806028792 -0.0325802065110295 0.005140012286361
-0.115464369663559 -0.0275403130339015 0.134256767456755 0.000645475630259263
0.0367344335914976 0.0319284573138442 -0.155436961290873 0.0628865342726618
0.0489788066384276 -0.0254031358127232 0.00475872432441838 0.0232087086463523
0.018315768433307 -0.0505619447582081 0.000765208841330081 -0.102688438730919
-0.0266508329483707 -0.0328402079738929 -0.10008743416757 -0.103626059684313
-0.0342091824668706 0.00201529168762539 -0.16624899084193 -0.0250852061335401
-0.0172675437147804 0.00925444442150929 -0.162554101673689 0.0704032040103985
-0.0184835867561328 0.00812054026391234 -0.105675502960927 0.127084978772822
-0.0190307659264883 0.00763723332829961 -0.059148474230162 0.129605009794262
-0.0161973673053692 0.00112841778218048 -0.053871266836559 0.10769456693809
-0.010478239281333 -0.00775583167254308 -0.0565850682083575 0.0970540319366101
-0.00106353818028863 -0.0214017499840236 -0.0614285432537712 0.0997927910950307
0.0236204187143505 -0.0285135802783813 -0.0982026869319216 0.0967881067559817
0.0515662736376224 0.000466005487064644 -0.148941268260887 0.0693055102444696
0.0408437349895241 0.0416312854655498 -0.183944179101905 0.0754054441353478
0.0104704511802619 0.0640944940355108 -0.195678089553161 0.111811522403047
-0.0416271980051056 0.084213461704176 -0.146348940401493 0.0442445015082401
0.0113881432014639 0.0494485498839505 0.0190304119226971 0.0155929889434387
0.0365682278802242 0.0297413652195835 0.0197706511455 -0.128206890327151
0.0310323608467029 0.00875079566777798 -0.0953160622941464 -0.137175450283984
0.0256114968581574 -0.00885619077050941 -0.181938804924033 -0.0481429166955862
0.0222685868700621 -0.0220314301850972 -0.173987324719613 0.0594457629871008
0.0135772382123141 -0.0376789989514145 -0.114760506918946 0.120536859009885
0.00824726369519551 -0.0425228354236194 -0.0596713670122121 0.125808728445865
0.0176033730061833 -0.0453598414061321 -0.0492921172439294 0.104707002220027
0.0352562533842944 -0.0280131384425512 -0.0450821652041897 0.0908410468816976
0.0553510351534979 -0.0137179274818389 -0.0444826017270361 0.0958189648688159
0.0662399596134641 0.0295670511351485 -0.0717364802083635 0.104138111107532
0.0486353374411794 0.0806647761749134 -0.123472605994252 0.0843417819263623
-0.0146181561200679 0.101286729355937 -0.162082919890479 0.09636642217075
-0.0767088952573675 0.103784056501645 -0.176041485623376 0.117371024468536
-0.122421430616689 0.119786729573594 -0.110469684102123 0.0165663248129709
-0.0456506349474278 0.1204190668928 0.0509730831358132 0.00159058640080378
0.038791291686883 0.122306860244666 0.0543907265370198 -0.154291726358041
0.0850174307794255 0.0677356823580201 -0.07413018211414 -0.173690994740877
0.0926420018363446 -0.00687807251758395 -0.180839881211834 -0.0802793006731223
0.0669073496854732 -0.0462416854471322 -0.170033361194595 0.0357568042818507
0.0483900848872779 -0.0751387989609988 -0.110853770664503 0.0955704875449792
0.0345106410252432 -0.0867306434097256 -0.0516403752756144 0.102831887883721
0.0436344399661542 -0.0892918838339072 -0.0328877673909036 0.0850572568273867
0.0690282541559187 -0.0529097001870489 -0.0197285097290462 0.0730781209716205
0.101264127411462 -0.0212856293877032 -0.0144772696038599 0.0871579044594712
0.113131917877884 0.0627322616754476 -0.0339013651256016 0.110261607227633
0.0654821413454116 0.140528513265261 -0.090239617305634 0.100299830501161
-0.0453517300079391 0.154840300512342 -0.131399321614486 0.108414951183171
-0.142278080534251 0.137650133528121 -0.132138012000676 0.109155975318479
-0.19119860603641 0.131969534608618 -0.049027361732211 -0.015667706130108
-0.112425208017754 0.169303161283062 0.0982513935457558 -0.0144303241201608
0.0194338386383846 0.206794141672941 0.101150097355453 -0.169868277743383
0.121512958553464 0.134926550389235 -0.0337236130773279 -0.202085060636117
0.152102682577444 0.00951075091782293 -0.157440375977395 -0.112864145937783
0.109559909895212 -0.058957096984901 -0.14668096833255 0.00321444146267741
0.0789513884716198 -0.100024964411931 -0.0921239745332088 0.0576652235877935
0.0545500947581407 -0.118576284429633 -0.0353573620464345 0.0644262799768814
0.0600457757310342 -0.12287837426417 -0.00992435271928593 0.0510138514515236
0.0886860610303193 -0.0774384135824173 0.0114315176338432 0.0435584126923589
0.129880339950937 -0.0380226522462299 0.0220924142600322 0.0693618716595003
0.149871169319446 0.0725126127080856 0.00600216250223096 0.106203409548212
0.087299424512435 0.174030567544257 -0.0545223360239182 0.107216180660665
-0.0555182099837218 0.189330779776126 -0.0994919496780397 0.103210791069074
-0.181524780437218 0.156728124132794 -0.0760326040570143 0.0846736068724364
-0.228818632915998 0.119744983607296 0.0306583523136137 -0.0467470136914566
-0.168545636361256 0.180439264940608 0.151839778858691 -0.0283256107979268
-0.0187457146512126 0.254566575965481 0.149301123792581 -0.164924771576645
0.12532335423595 0.187514378053235 0.0206644346686775 -0.207099438702837
0.184081193144373 0.0337019974976026 -0.109021559400423 -0.134734748789497
0.136046747751078 -0.0580426825656468 -0.103872763019197 -0.0302783196758018
0.099187288624688 -0.108406662042904 -0.0605230893164476 0.0124718418046425
0.0673037120241366 -0.132046147437351 -0.013889863010669 0.0169488410515815
0.066714763206138 -0.139404757652753 0.0149396423897691 0.00685745042582006
0.0953704093809734 -0.0921056073270123 0.0419715319029414 0.00722614528920586
0.139026730359181 -0.0501994175011036 0.0573345287940547 0.0449084694727075
0.163891659426702 0.0707356223133357 0.0415282789525077 0.0927217337114977
0.0958017811339071 0.182321151462912 -0.0245403687376262 0.103511666029757
-0.0599585567336971 0.196257400343251 -0.0749702162441506 0.0836384659899307
-0.196292422764749 0.151473721754321 -0.01779680102609 0.0488138999384079
-0.222922033290073 0.0879626380894314 0.111402545207441 -0.0703167788580981
-0.189287090366937 0.151599650657903 0.197682793451606 -0.037274752413818
-0.0567343069492124 0.245985819759998 0.184502493384 -0.139388518046014
0.0982585922233129 0.202322189974267 0.0727091631111147 -0.185595108015099
0.177761788267968 0.0532543097019789 -0.0481940954819928 -0.137821659552888
0.137795934800366 -0.0483680220745834 -0.0501625961329221 -0.0566694656970907
0.1020695188634 -0.0996040933788603 -0.0226369152114261 -0.0322645933322354
0.0688731751836686 -0.125890627456984 0.00940181738754304 -0.0315470251925467
0.0654902532270226 -0.135210286586253 0.0385388922215513 -0.0393527733595437
0.0910903048985595 -0.0915535533845742 0.0705504852236977 -0.0296750239757076
0.131975816505447 -0.0506173344002226 0.0877041780833328 0.0206625343168637
0.152328533184721 0.0679255705454453 0.0674555450893095 0.0785444090238837
0.082040794815067 0.173775936314426 -0.00407540790221257 0.0956534310532716
-0.0678470835898503 0.176110505908423 -0.0557057496199701 0.05798967630762
-0.189643137525194 0.120551265401296 0.0365588585958912 0.010534745753226
-0.172777680461207 0.0434754863861896 0.175939793042807 -0.0857245713161267
-0.165908249234102 0.0962693003362912 0.225984153477505 -0.0444141163038025
-0.071780768925607 0.186809883524496 0.194454162434449 -0.105485355841039
0.057680263988948 0.169721127362765 0.105259973275283 -0.149504973992558
0.137716037370277 0.0544757797757925 0.00673611111811173 -0.125234287080703
0.113843017274653 -0.0340196313516361 0.000102755119239307 -0.0743627847011427
0.0856393845337055 -0.0778508227912982 0.0128301828142768 -0.0694971426425406
0.0599769491026335 -0.101474163195426 0.0305936568144186 -0.0742154247573179
0.0572954291247392 -0.110188310562509 0.0607627134031427 -0.0803211439443192
0.079864550630832 -0.0765816227325383 0.0960636491578898 -0.0596206819342734
0.112304921392517 -0.0392440426139333 0.114486363320407 0.00412389071324126
0.122114630205057 0.0647960239392807 0.0851908329128551 0.0701063643504899
0.052555726231379 0.149931292442056 0.00877508567912288 0.0906866644470631
-0.0759657725764118 0.135731412722315 -0.0399140675261452 0.0339447921423484
-0.163434268995374 0.0712024945140931 0.0849025792727498 -0.0195384420997561
-0.0913488342961375 -0.00501393192132324 0.209248454420664 -0.0948475041911766
-0.106301303671435 0.0303406175738015 0.228107624744668 -0.0552708821386392
-0.0592714529259324 0.0996435903129992 0.182247912582797 -0.0800584367193375
0.0194133444043987 0.104604729280656 0.115339384626339 -0.117362433651271
0.0788392945009364 0.0402945400846363 0.0435323154086275 -0.108975984033265
0.0707134105426742 -0.0177787282567518 0.035225170380448 -0.0847113273811273
0.0547679596459879 -0.0453231843658468 0.0397085218530562 -0.0948813280558701
0.0416662959331955 -0.0621889633838183 0.0458110713705939 -0.104765745888611
0.0411137012266651 -0.0704758671412776 0.0792472725936728 -0.110600316703193
0.0593153182656806 -0.0507238729541854 0.118809026541654 -0.0777087317152035
0.0811708877887433 -0.0218191989315805 0.138144080321625 -0.000576513638398491
0.0789221040527618 0.0566734684287949 0.0962732877900002 0.0720495253482196
0.0190874132429157 0.111575391020562 0.0141610656612052 0.0916599613276222
-0.0760720592926316 0.0804252992171143 -0.026489058038462 0.0170675140878555
-0.116426655780098 0.0111732522756928 0.12444443201816 -0.0363247174003896
0.0364536502194733 0.0303863621547129 -0.150894354643281 0.0632884800998031
0.0466143742656002 -0.0247907960839172 0.00674282952383611 0.0229316246875431
0.0164732900208367 -0.0492265318800225 0.000410638874892373 -0.101785004502956
-0.0254615645168382 -0.0310364242963228 -0.0996190720418706 -0.101257179678809
-0.0320737113980093 0.00309246683223064 -0.164580628148019 -0.0213937475750789
-0.0166017744853499 0.00889588910203519 -0.158816022104212 0.0724936876798251
-0.0182153274171417 0.00769400075786059 -0.099525943895574 0.126730522898499
-0.0185369064932043 0.00793126860562516 -0.0532741311188352 0.12758607339442
-0.0162146559443916 0.000848315036456756 -0.0496802041251589 0.108187177154775
-0.0104634061660177 -0.00832704300022031 -0.05321148323066 0.097720225663378
-0.00101700579434531 -0.02126045558978 -0.0581029573180484 0.0994831565479443
0.0230579357774209 -0.0274685899480821 -0.0947173009599137 0.0963908243547303
0.0509329652494386 0.000178172208071757 -0.146520525785453 0.0696281226968985
0.0398670431674113 0.0406351506308369 -0.179208154912108 0.07479038724957
0.0106156788670307 0.0623216145174605 -0.192036717944336 0.111983667366997
-0.0396940555911719 0.0840352418371034 -0.141862713589292 0.0454005156608307
0.0110414420773179 0.0492262048070699 0.0203881859777233 0.0144918139972897
0.0363012592638402 0.0290264799416849 0.0186899047307059 -0.127109046852551
0.03143063138819 0.00845498603699344 -0.0954009703843338 -0.133587845824321
0.0263065079634996 -0.00832150640097229 -0.180016579969579 -0.044106236573963
0.0214927513553256 -0.0221695355039168 -0.170320359198913 0.0619511776445035
0.0126863162806206 -0.037181744747519 -0.108637524206966 0.119977560584429
0.0068317804835223 -0.0417719024899976 -0.0539405315691004 0.123861025920818
0.0157114092421329 -0.0455628522358008 -0.0450541364614641 0.104810239775838
0.0348109932155901 -0.0283503419802884 -0.0412180285360407 0.091188348095767
0.0547700525757782 -0.0146558886489906 -0.0410644188267614 0.0956234690650974
0.0658902380503422 0.0285205485144118 -0.0683416263080458 0.103120209104697
0.0493931678318202 0.0784328544240796 -0.121286248521696 0.084277058909042
-0.0141491836995813 0.0997292785606076 -0.157347249136843 0.0953381881134409
-0.0739061211367173 0.102817273129307 -0.172218713893832 0.11745394236436
-0.118632938300394 0.120511691977261 -0.106367665753297 0.0173445266549869
-0.0433246862341991 0.11946408386727 0.0515759718422071 0.000566215999973546
0.0402334318724529 0.118677042150598 0.0520377876896525 -0.152551735935135
0.0860125887134911 0.0660205218621458 -0.074612590917644 -0.170344394972749
0.0916160459195991 -0.00849610330184505 -0.179830716796046 -0.0748786245555878
0.0654336875974897 -0.0467943561359891 -0.166355562013564 0.0383482715272104
0.0463446353684459 -0.0753078467833318 -0.10536219781499 0.0959203390160519
0.0306766449937263 -0.0865923379596112 -0.0460851703778236 0.101188082725327
0.0397151344739843 -0.0889269560288737 -0.0291499016629271 0.0851064149049158
0.0675478015567946 -0.0538602136177919 -0.0173606907708857 0.0734865241905088
0.0992340868726947 -0.0230291330869928 -0.0108414258106626 0.0865961990717947
0.113113132146057 0.0596407081128239 -0.0311962690753354 0.109129243304817
0.0676140139958769 0.136980618444906 -0.0887884528705973 0.100398166609406
-0.0424694188210278 0.153194583484958 -0.126813998014663 0.107426111432576
-0.137935835725736 0.138249158517371 -0.128823046801291 0.109196024996249
-0.184874732972789 0.133649460337967 -0.0470963705482518 -0.0143978267891985
-0.107925754166083 0.168585294439602 0.0970199824075862 -0.0153255324009883
0.0230548662456588 0.20214144745008 0.0974998750847753 -0.168618695010718
0.122811127678107 0.13164011994023 -0.0346553260411929 -0.198989132287924
0.150118576133281 0.00579683247286557 -0.15715220084788 -0.107322342069403
0.106485605546002 -0.0607031101082007 -0.144104400256359 0.00629686898845492
0.0759965382600628 -0.1001881174406 -0.0881263474601965 0.0584186609884528
0.0501209975200646 -0.117948086431832 -0.0317021440079978 0.0635889343136328
0.0551619582507309 -0.122370748264765 -0.00764827555569905 0.0505272691699207
0.0857799870364891 -0.0779121147374457 0.0125812190844088 0.0434037974088468
0.127070964085068 -0.0398360386344255 0.0246297487129614 0.0686907007778051
0.149532176820434 0.0684744809479585 0.00860542524058716 0.104348934786765
0.090076838763544 0.169356343124789 -0.0531432904031647 0.107397666568224
-0.051150811266097 0.187407426867168 -0.0957040819686284 0.102916905357744
-0.175878901913182 0.158251485212555 -0.073594983740582 0.0843650949946824
-0.221965971776049 0.122676281774217 0.0305427102464461 -0.045894227169818
-0.163320779629108 0.179927570591271 0.1490526263684 -0.0297113249900512
-0.0130499424585942 0.249569887390883 0.14581417506359 -0.164153549647838
0.126877739520498 0.183463828997462 0.0194110403626799 -0.203788832307337
0.181868216599813 0.0295373993503938 -0.109292968110778 -0.129964245389898
0.132857745853688 -0.0607383722781231 -0.102004804844251 -0.0279833305355052
0.0953805625094726 -0.109066284288177 -0.059085168242046 0.0130101734204278
0.0615419007035563 -0.13186364272238 -0.0121939365897824 0.0170014637168653
0.0609353040442514 -0.13873986731191 0.0151435457657506 0.00651899196490122
0.0917801029401573 -0.0923019864267981 0.0417082994692564 0.00626697867108317
0.134770842070936 -0.0521884264307933 0.0584405612907678 0.0439349536460523
0.162403383007385 0.0658237033319019 0.0427881275165456 0.0911776066720571
0.0983400122189057 0.17663916892424 -0.0239277767590806 0.1034164093696
-0.0554939800831967 0.193940484462434 -0.071422915519278 0.084040878830743
-0.190413501850085 0.153579210909523 -0.0166270383612494 0.0478038984713876
-0.216524363215084 0.0906251497564964 0.110480171599313 -0.0699587433930771
-0.184789198613421 0.151139015311758 0.194563459292379 -0.0382187004897586
-0.0505647607125156 0.241334355388857 0.17991152534653 -0.138485326029162
0.10023289412934 0.197994783931674 0.0702578405792459 -0.183770931769562
0.175395183059733 0.0478704795859874 -0.04986818840232 -0.133984191427174
0.134136460512622 -0.0508313459597151 -0.0502217342148701 -0.0554496250526117
0.0980032529235729 -0.10067849858758 -0.0235371925475492 -0.03118041468225
0.0636286658149021 -0.126156470686971 0.00869324884846988 -0.0310187492709678
0.0598745710209885 -0.133614326696193 0.0369375649183251 -0.0397433236009776
0.087989569644753 -0.0916278547397313 0.0683039196822984 -0.0307035639998872
0.128007897651894 -0.0527821979749822 0.08777542906939 0.0185893456657805
0.151481385780647 0.0637733305800854 0.0680240512473738 0.0760755148217384
0.0846057951159065 0.168359245419628 -0.00320826428037941 0.0954491911961896
-0.0636158767724735 0.17467318145652 -0.0533254722771774 0.0588516626753946
-0.183949898324241 0.123001662932737 0.0360678679821318 0.00951689865831842
-0.168200269825676 0.0467440618643193 0.173664143290023 -0.0857373108047941
-0.162213103005248 0.0962087707840125 0.221174840875356 -0.0453982701115508
-0.0662898096962238 0.182998519435953 0.190288647190444 -0.105784485496345
0.0597475092526984 0.166212867115434 0.103455180907461 -0.148743568995772
0.136671454565531 0.0502976782422991 0.00433868824270336 -0.123250302260776
0.110398749576795 -0.035732129151741 -0.000738030716537957 -0.0742191389670007
0.0819780388333622 -0.0782474968379274 0.0109019687798963 -0.0682523348504649
0.0557296295117114 -0.101385368578387 0.0279466018297897 -0.0728698262729076
0.0525191869442783 -0.109762397735754 0.0573110531095147 -0.0803096241242552
0.0767739138689776 -0.0771728462640337 0.0926056959418724 -0.0607840608497501
0.10873721215381 -0.0406875264004924 0.113801450498152 0.00170664712139452
0.121077396917139 0.0621467601582645 0.0854650398486601 0.0677918994577578
0.0552533397100365 0.145834148866338 0.00949368402230788 0.0900369675573211
-0.0719010260582191 0.134542862454374 -0.0385814650063654 0.0349909684353594
-0.158824804428108 0.0736749299242659 0.0827969060296349 -0.0211411870705758
-0.0886636788870699 -0.00277837036179545 0.205601119035499 -0.0949773719176069
-0.104148896259247 0.0312107420151223 0.223394374300024 -0.0558696117293573
-0.0559009915582987 0.0984378559454126 0.178845502954791 -0.0804699042969633
0.0210846771611804 0.101915273341139 0.112847061830506 -0.116739460993614
0.0775501447240329 0.0375729404490801 0.0410969030479199 -0.108247475803802
0.0684013226580174 -0.0194548652851346 0.0331714063736485 -0.0848536963471122
0.0529486741985401 -0.0452874368460533 0.0354115749796226 -0.0947596285020921
0.0386307107841591 -0.0617952924621204 0.0415747889143029 -0.103491593985004
0.0379996519707266 -0.0692797106284289 0.0736576787275486 -0.110240667657842
0.0570378838555834 -0.0510716462086558 0.113970176302785 -0.079190643354609
0.0786182049783769 -0.0226282515239889 0.135825483172991 -0.00330539588079798
0.078671710985714 0.0547610979389339 0.096030446454369 0.0698752825374564
0.0206519720150823 0.107603204807552 0.0149290972599177 0.0906597363845977
-0.0724279023619107 0.0794612297359353 -0.025822090287875 0.018220440433854
-0.114079175796843 0.0136777642216124 0.121412627383793 -0.0383226111108386
0.0359336672344409 0.0293659679856444 -0.148786495774511 0.0656039716587132
0.0452454498300934 -0.0249739078777108 0.0087486987957177 0.0218409259872611
0.0147426708049797 -0.0482077649786472 0.000495101852668285 -0.102960875363529
-0.0254675251349181 -0.0299497839678 -0.100884525049456 -0.100015220081037
-0.0305540243651725 0.00360510691343699 -0.165674171541496 -0.0182330596119381
-0.0165794534832977 0.00902602199229682 -0.157465301765614 0.0764346298209603
-0.0180924778690549 0.00797029768673623 -0.0959296909285353 0.127822751886379
-0.0183319969978683 0.00853075108798501 -0.0494125069761 0.127366806724359
-0.0164648237811195 0.00129073121090571 -0.0460175311856867 0.110493944977672
-0.0103147034587049 -0.00865379252469906 -0.0502417989512315 0.100385598727876
-0.000657860473758597 -0.0217273751501274 -0.0561944707090965 0.101015646843046
0.0226129506212418 -0.0272362580963644 -0.0933415256785123 0.0974628619642639
0.0504994779767993 -0.000821847977662648 -0.146049793720293 0.0704502072761447
0.0397423259940369 0.0401051652047627 -0.177560020728897 0.07478704449659
0.0115361371082296 0.0610131066107323 -0.191309778309968 0.114037019148954
-0.0390752558530905 0.0844630285941538 -0.139352160435916 0.0471291331571039
0.0112074236948536 0.0498062563713344 0.0221567444399083 0.0142354297580825
0.036329653489341 0.0291044113746795 0.0183234498246895 -0.127996212012466
0.0321445332878793 0.00928133645142962 -0.096717673358108 -0.132674983349778
0.0265420776626607 -0.00892356983256758 -0.180544720695175 -0.0405204091373194
0.0212499479761466 -0.022874167050084 -0.16896270775243 0.0661944870207128
0.0123601385471787 -0.0378498549753703 -0.104716524910739 0.121157992065234
0.0053707064923674 -0.04248231128098 -0.0495961890649102 0.123429996523759
0.0139001535204832 -0.0463382946254315 -0.0410219425618336 0.106934021058878
0.0346992747574623 -0.0300187255599985 -0.0385100633446725 0.0930519317059642
0.0542778558826791 -0.0163487995580807 -0.0386498026315304 0.0967129249207354
0.0670020252713495 0.028038119699531 -0.0666281770892213 0.103922551328625
0.0508555312951958 0.077387077162366 -0.121028121691325 0.085873262835216
-0.0130940465508426 0.100381149550608 -0.155751941037862 0.0962391265972312
-0.0721140283319889 0.10436275080138 -0.17068326467732 0.119909068518817
-0.116866126438023 0.122581318685735 -0.104286157080347 0.0187029813690228
-0.0424418046284094 0.120266949793679 0.0524921554922947 -0.000304946893957954
0.042921589319823 0.117525589130849 0.0506400702214648 -0.154103514985378
0.0878103872177799 0.0651486459055018 -0.0762326023621588 -0.169680629020248
0.0919778371058207 -0.0103295849466744 -0.181248164465805 -0.0710266618301172
0.0648259011733993 -0.0484514361244238 -0.165721571560335 0.0419887595626727
0.0441034762826866 -0.07636151273626 -0.101731516879373 0.0973178103088646
0.0270692013086136 -0.086961094295272 -0.0426104861190537 0.101163074799668
0.036169740775331 -0.0902423659720283 -0.0261465273690231 0.0865736340803129
0.0669945607295238 -0.0557151856516032 -0.0146597409121058 0.0743469277015418
0.0983751579621507 -0.0257276370301214 -0.00858042387234555 0.0877216821795671
0.114169153649639 0.057875505416892 -0.0294136956872794 0.109729181070116
0.0705646712836449 0.135679751183803 -0.0877206874052384 0.101742969113289
-0.0406476055299952 0.154973534638192 -0.124652349407806 0.107765349748955
-0.135744712972188 0.141140212651108 -0.127695121150921 0.111266298088715
-0.182873564882364 0.138127574267562 -0.0443631145955217 -0.0136198158782263
-0.105962384894233 0.170664670894033 0.0976219234062842 -0.0168535090203147
0.0272766738019521 0.200454526941605 0.0955061419376018 -0.169940306252665
0.125784131954768 0.129828154299273 -0.0361391109775342 -0.198825923058897
0.150648696718454 0.00195410011988875 -0.159207366995505 -0.103699263248815
0.105083660383427 -0.0625198334552501 -0.14368003626694 0.00861376898666094
0.0738804581143341 -0.102477605072753 -0.0860595055838085 0.0591215145939766
0.0456397691572877 -0.119360323477261 -0.0290401878643882 0.063321981883683
0.0499049539801072 -0.123931604053289 -0.00525125273331428 0.0510515141676599
0.0850897099303997 -0.0799366766738598 0.0142436079379523 0.0439838661546729
0.12503114202304 -0.0430314345508039 0.0275248796056744 0.0689893241939973
0.151524908255333 0.0658848971633775 0.0107173471725243 0.104382648279408
0.0936634024046358 0.167626794338729 -0.0522646468446102 0.108662352993532
-0.048637827394523 0.188573189917473 -0.0936938162892492 0.104038642899788
-0.172645066689431 0.162154036735157 -0.0726044615078431 0.0853432842075786
-0.219406220760509 0.126791672515046 0.0322989391538496 -0.0455540505352092
-0.160807403386201 0.182302356707184 0.149078676571439 -0.0308515883596338
-0.00757754672481572 0.248154621229432 0.143544238699246 -0.165511873413281
0.130838708641053 0.181887599016248 0.0180579110551123 -0.205249790020588
0.18232726969601 0.0246806623724768 -0.111706104291758 -0.1268831232621
0.131631047666064 -0.0633987005089995 -0.102323207347652 -0.0260868095054201
0.0923004085578045 -0.11145796869335 -0.0581256412753663 0.0136670403130528
0.0568330389664028 -0.133654172191547 -0.0110551837715377 0.0170938378872431
0.0555109698248392 -0.139494496947173 0.0155639150848979 0.00621557016414945
0.0903272265635436 -0.0938959260841585 0.0423365277675517 0.00601675465408968
0.132902255887262 -0.0550986047652193 0.0605787465547924 0.0429451150061247
0.164396711490633 0.0628396657276284 0.0448564711808569 0.0902576412282684
0.103167953095882 0.174713262689136 -0.0227492560075242 0.104918571062285
-0.0518436611516173 0.195252684656234 -0.0688999822011951 0.0855392663469878
-0.187433373820694 0.158518678428417 -0.0156542694721802 0.0484416259820054
-0.213900349936181 0.0948952290695714 0.110988908127867 -0.0702218479262953
-0.182927015576781 0.153611731789107 0.193949327657165 -0.0400166689043112
-0.0456348160216468 0.240124462971678 0.178103710967042 -0.14036985985652
0.104541541758988 0.196304998275325 0.0691522571189506 -0.185528866017108
0.176322321646647 0.0429321833057737 -0.0524648560610019 -0.132695240472819
0.133189993104628 -0.053569760039679 -0.0509422716238178 -0.0549650542687282
0.0959093948779433 -0.102689445875103 -0.024197767791492 -0.0310721017666005
0.0592745976279051 -0.127826114944176 0.00788971023459429 -0.0306823844602033
0.0548234621198664 -0.134802630387002 0.0357317588410603 -0.03963113868011
0.0858989294701109 -0.0941625880832353 0.0678325727434617 -0.0324208250358925
0.125915775526678 -0.0550373807668829 0.0886269439935257 0.0178830735015703
0.152885176742627 0.0608956303800275 0.0700446712515032 0.0748620729641627
0.0883745101104909 0.166169505595095 -0.00225055712528625 0.0967785517441056
-0.0596294564173339 0.175290250073796 -0.0513458480546528 0.060253439652292
-0.181241019344288 0.127621017532245 0.0362127091884243 0.00929941705422601
-0.165952264346772 0.0501518470924448 0.173614217874919 -0.0873141631444231
-0.160565996105673 0.0990233651854541 0.221432257641487 -0.0470264714385078
-0.0628333724435568 0.182448058610201 0.189102544531211 -0.107275801101616
0.0633511133626572 0.164682782546824 0.101896951931528 -0.15070035273591
0.136585001915134 0.0463588135530162 0.00241083025322952 -0.123171782600576
0.108307071396491 -0.0387516631112875 -0.00167964387234683 -0.0747215718205348
0.0806823631116962 -0.0808413432788485 0.00885213916589603 -0.0694321140412533
0.051847689510825 -0.103162477587199 0.0251469445634534 -0.072430652274869
0.0486423698495738 -0.110065078578856 0.0542429890804732 -0.0810504975906219
0.0748559295601704 -0.0786300166458711 0.0904013988188247 -0.0633818973985784
0.106888239326505 -0.0428766136798807 0.114175289949223 -0.000576897746896795
0.122680716178138 0.0596857406692047 0.0866900054172733 0.0666361847417446
0.0589042533028217 0.14348679631068 0.0104039366787011 0.0911912295283256
-0.0689370301680216 0.135065790782853 -0.0376060926030643 0.03564787729517
-0.156654185154083 0.0774506572962021 0.0824905041077172 -0.0226896108565242
-0.0876255699283501 -9.79586529245985E-05 0.205333239497415 -0.0972951804602795
-0.103153294081593 0.0322031387742172 0.222793989736285 -0.0579981497059189
-0.0534703931761465 0.0973939671771445 0.177462492461043 -0.0823912064114555
0.0228597772835353 0.101664695306587 0.11223791468127 -0.118741874128189
0.0779110565603242 0.0348579302513581 0.0390969323776934 -0.109145950779571
0.0667623705441484 -0.0206610709019091 0.0317429011247966 -0.0867462731998849
0.0509180530989541 -0.0466728417208995 0.0327983555986291 -0.0953085298834725
0.0369158079533438 -0.0620999110701988 0.0381719237244402 -0.102967726683856
0.0359354611845204 -0.0698086469400809 0.0698116746547361 -0.11075615485021
0.0557766593385927 -0.0523651419210471 0.111139898512314 -0.0821101793766845
0.0772366941224048 -0.024498344040679 0.136094026049666 -0.00617415748734271
0.0791784813914299 0.0534644817925273 0.0967410697325065 0.0689526075689125
0.0226735139465389 0.106560846951451 0.0159891390786049 0.0922207294591735
-0.0699440881785873 0.0800208955828947 -0.0255150667308486 0.0193837603483362
-0.113151158227541 0.0169540449975266 0.120187971512703 -0.040847734811734
0.0363965904673914 0.0281842810734757 -0.146809587871086 0.0710578941063762
0.0441586442437486 -0.0259951903983179 0.010950917022718 0.0211919484825496
0.0127206600741028 -0.0476055438124358 -0.00143604910582297 -0.104708802975811
-0.0263691259755319 -0.0294666985258854 -0.105200729549639 -0.0973370053798725
-0.0295164564608884 0.00520840106344412 -0.167326209233818 -0.0118736042076695
-0.0161507834666795 0.00927979207675711 -0.15457100063024 0.0843053443280772
-0.0181335827774094 0.00810731266722114 -0.090083612912091 0.131021351362654
-0.0178355099206378 0.0090973002177935 -0.0430267005168358 0.128187840153427
-0.0167265618444365 0.00153662615312748 -0.0400602344155064 0.113658217126257
-0.0102585357403843 -0.00903587176752702 -0.0456612175626415 0.103945380683582
-0.00140826250878776 -0.0219231723736109 -0.0527699827628933 0.104101176105105
0.0224854137577905 -0.0274406991126085 -0.0900361767946229 0.100084130515619
0.0501338049128144 -0.00223404448838487 -0.145657511124642 0.0747177278805605
0.0409720925950048 0.0389835587851116 -0.176704787583888 0.0787718125821407
0.0137583811438111 0.0603541289842448 -0.190165510901093 0.120433240874958
-0.0370202046956581 0.0862673462976677 -0.137601461520763 0.0513817560771017
0.0120993976922903 0.0505933180606944 0.0242826295033874 0.0129035500191724
0.0373566360435236 0.0282330259734077 0.0146949681763115 -0.12997053258864
0.0332313186063283 0.00843303473752805 -0.101537446658723 -0.130354496468835
0.0275070758099118 -0.0107039542238147 -0.183432142213311 -0.0329287930524073
0.0205575151696695 -0.0238984451873887 -0.167003448990951 0.0736832125336021
0.0103848870904988 -0.0389648368962467 -0.0994485820413594 0.125747595903115
0.00306386272880627 -0.0426374345263826 -0.0431785019996495 0.124315177424704
0.010877676753839 -0.0467848734337908 -0.0348890869720034 0.109795919827863
0.0337617307760967 -0.0323025519527636 -0.0341477083371054 0.0962908600146723
0.0544710934082843 -0.0189809058747016 -0.0351655638217334 0.0991852253350708
0.0689565946446203 0.0259428193744449 -0.0631236061484656 0.106461328257195
0.0542734158234544 0.0762859585766959 -0.119933900595922 0.0900141491966066
-0.0102254437965946 0.101631982900559 -0.153082689704038 0.100240503279307
-0.0689404044761081 0.106870152970867 -0.168530444958639 0.125826319881088
-0.113088306699518 0.127659614440178 -0.10266368916118 0.0222532429987475
-0.0392149842281039 0.122948053100471 0.053993064342685 -0.0020978369534705
0.0469944804569802 0.116907624564735 0.0466347787665614 -0.156664600581686
0.0912682541823677 0.0628703582544538 -0.0810782275781474 -0.168314355980975
0.0921910608462851 -0.0145606016487123 -0.184637680670757 -0.0637244696820687
0.0634267290995001 -0.0514183801216199 -0.165102297287294 0.0485517008159003
0.0412827956786153 -0.0796631290344203 -0.097900557965889 0.101474516971976
0.0230950595525474 -0.0891964001143154 -0.0369899616320876 0.101656558802666
0.0312480602239122 -0.0924539492486632 -0.0211744570277259 0.0880756126511564
0.0655425594010852 -0.059189510542331 -0.0108035429150877 0.0762856958652856
0.0982281013428838 -0.0301806533390047 -0.00422798933138916 0.0890831470211808
0.118591800414141 0.0544761527923023 -0.0252609131708772 0.111086782312499
0.076922201056422 0.133234342152781 -0.085650941559217 0.105557271291208
-0.0357086535889772 0.157364011799996 -0.121493683652841 0.111793700738145
-0.131153941933152 0.146733651604328 -0.124806327073426 0.115795659447192
-0.178023220507508 0.145091800097184 -0.0432255550664949 -0.0126635870177461
-0.10133709780548 0.175323296044386 0.0983857430648609 -0.0197115484587547
0.0347387980144364 0.199232978010775 0.0907061951764097 -0.173738194566573
0.131872160853599 0.127120747927585 -0.0411869274330249 -0.198947118773766
0.151123021079859 -0.00405816823221671 -0.163524584597813 -0.09688098235799
0.103709134535681 -0.0669964162387961 -0.143398777545476 0.0140891284279737
0.0703008814869744 -0.106354520395843 -0.0832353488538114 0.0623456306107277
0.03928653354362 -0.12191278496807 -0.0251652142004201 0.0641012917121835
0.0432574716482121 -0.126165053380157 -0.00222480447954151 0.0516817555394334
0.0819731647565551 -0.0841094578538247 0.0170162479582703 0.044152236107687
0.124179833838316 -0.0486587834558168 0.0312352326278795 0.0684016702430565
0.156031982008763 0.0604116857150214 0.01510624262956 0.104709100207904
0.101463862582932 0.163745430952778 -0.049572839485629 0.111508880948303
-0.042300706058994 0.191397601352132 -0.0900561724050323 0.106763527678559
-0.168064455792404 0.170706517543429 -0.0696850583725816 0.0884565575024374
-0.214717999467575 0.136363369069933 0.0332280466574963 -0.0469973410070933
-0.156363576253892 0.189273942540448 0.149673385301483 -0.0355741283605086
0.00132582160108848 0.248007049000515 0.138961034126925 -0.170141374470658
0.138669642841867 0.178272534726867 0.012771812957676 -0.207131707987775
0.183808390499523 0.0172643048045563 -0.116366164451498 -0.122485474487418
0.129601273043934 -0.0693200911657604 -0.103460327056435 -0.0229835140318048
0.0889006200770183 -0.115926874752879 -0.0576643346225994 0.0156224186759029
0.050039335146103 -0.136596001774081 -0.0100735311234652 0.0172811079453347
0.0478857213242751 -0.142799662198349 0.0166874917792086 0.00636279090650611
0.086665809794883 -0.0982276063370843 0.0431735889499748 0.00490746524743081
0.130897962755368 -0.0602547215426587 0.0636306695079013 0.041543743599192
0.168385000607365 0.0562148389927852 0.048999000893392 0.0892750905708335
0.110705109725329 0.170260935429509 -0.0193126649692173 0.108148250426792
-0.0445089382231907 0.198310133257465 -0.0659491269370237 0.0880948099936408
-0.181572978002973 0.167678124987809 -0.0139017427969362 0.0485644976346337
-0.210605667910289 0.103283485633472 0.111446042618312 -0.0742124243899081
-0.179336066607358 0.16038602708411 0.194602135039728 -0.045959192952977
-0.0370491601883791 0.241974859997732 0.174725641621427 -0.146346888108051
0.112282880792214 0.194013085742383 0.0648558970635642 -0.189121386485507
0.178508002650934 0.036406998864678 -0.0569292022526894 -0.130431201056625
0.130456347627441 -0.0590378865174497 -0.0523794750473046 -0.0539977677023568
0.0915691627237795 -0.108176441913993 -0.0256018469843755 -0.0308828181173155
0.0527763141987444 -0.131354890512787 0.00683189734248062 -0.0307879631372644
0.0479690370880229 -0.137544832419957 0.0340838772744646 -0.0410209523399048
0.0820764271131312 -0.0972385905397734 0.0662187220581894 -0.0353065266899456
0.123119618612476 -0.0598812786870595 0.0908505517302345 0.0141328272138884
0.156575647019591 0.0552934198143579 0.0732098468272635 0.0737893268837753
0.0963415831870448 0.162394889610565 0.000668624237997325 0.0989511755682351
-0.053306867430268 0.178281097349695 -0.0490999125674029 0.0621059447001453
-0.176951443743404 0.136396871021276 0.0365374517985346 0.00806377680548796
-0.163887964577069 0.0567876477860108 0.173660748063269 -0.0930329149085418
-0.158804256493451 0.104414178351577 0.220896974404128 -0.0532836809690541
-0.0560687199626576 0.184733591799957 0.186510595728477 -0.113207200223613
0.0692296900772936 0.164301802803373 0.0989560653891108 -0.155015877083104
0.138757325504502 0.0403457769046267 -0.00156120414002491 -0.123604392096966
0.106847364818022 -0.0435031391630038 -0.00409849492139161 -0.0762245973917904
0.0770067985137956 -0.0843199437346515 0.00549913812197538 -0.0696375212291481
0.0471789250870134 -0.105569167007767 0.0215697872780174 -0.073225306293051
0.042962605290492 -0.112271103501746 0.0505569086124643 -0.0825665774249017
0.0721066747221911 -0.0818941661867509 0.0879368073186045 -0.0674465559992429
0.104950141154944 -0.0472936809764676 0.115512527131543 -0.00459438527053535
0.125586417602237 0.0558921729221356 0.0902195477550417 0.0644727144097614
0.0648003360282056 0.141009794099788 0.0136768294960798 0.0929105677285696
-0.0638995833068242 0.137797185166499 -0.0360745603795997 0.0384361594133128
-0.154613257185566 0.0845706039782483 0.0818349793737448 -0.0258451969519464
-0.0869598640603652 0.0024571571010159 0.205155592223518 -0.103508016430731
-0.103662264530648 0.0356627116717724 0.222512830064286 -0.0637791745780628
-0.0501515192159029 0.0989090064042342 0.176013840679698 -0.0875834506813655
0.0267035865425708 0.10088132508733 0.108892373902217 -0.124220442016207
0.0790569688385356 0.0316594006428551 0.0355702859068719 -0.111321065878301
0.0648278823977941 -0.0237873997952793 0.0286182806220818 -0.0889483037880812
0.0491361061410583 -0.0484698314568205 0.0282348718067675 -0.0962454108221932
0.0335815965424938 -0.064508895376269 0.032793675622066 -0.103725709785298
0.0319404901582519 -0.0713813689909937 0.0645070499019817 -0.113264290176268
0.0538612290474993 -0.0549271833992254 0.107788741167049 -0.0866113859153591
0.0761038518493562 -0.0271183283167559 0.13681362640135 -0.0117720472364012
0.0815172308350086 0.050500426176669 0.0999212891774465 0.0664964076731659
0.027447851000459 0.104874706390392 0.0189180615046508 0.0933665691833685
-0.0674228085629721 0.0822929414460018 -0.0248541297382827 0.0206146247301507
-0.112623519434585 0.0216649785961087 0.118931083765604 -0.0454230330342214
0.0363759992414601 0.0263534452225103 -0.141105235305369 0.0781000754239192
0.0421694312627457 -0.0274767428368131 0.0129785858395172 0.0199134625149011
0.00974803873971028 -0.0473541985450474 -0.00647916252179994 -0.104871476035213
-0.0266533724522194 -0.0271197424619139 -0.109187106387631 -0.0919844703106714
-0.0280478012025569 0.0061109254047742 -0.166649959915455 -0.00248368315012284
-0.0155497146129187 0.00975969081789115 -0.148929406964463 0.093521730070656
-0.0178943850674143 0.00941297068240156 -0.0818958032354521 0.134572507250701
-0.0169707820332256 0.0102404756903572 -0.0350887399571999 0.128103139980444
-0.0170148793791058 0.00199087765722022 -0.0316257406073962 0.115699763809889
-0.011208085978144 -0.00863965620902364 -0.0387775723489235 0.107053822798492
-0.00226482937556963 -0.0220531911415398 -0.0458686858828145 0.106081830689284
0.0207604767789262 -0.0278802739836096 -0.0838384216515269 0.10415775815752
0.0497689984692086 -0.0040549072472629 -0.141269698188772 0.0809165355854638
0.0418179776537249 0.0361376854293984 -0.171886874708704 0.0853930804180125
0.016197304909908 0.0580822701673821 -0.183668824685493 0.128762035069657
-0.0321665531520915 0.0874115416171422 -0.133050157414419 0.0572077001450647
0.0145419093669005 0.0497914338761748 0.0256223198129146 0.0111071716670694
0.0382919916459072 0.0272478155094907 0.00894275251935915 -0.130629070860561
0.034203110148602 0.00683939243555393 -0.106832376669024 -0.124625897345081
0.0274396668668457 -0.0121516761086966 -0.184124080432153 -0.0221896752109605
0.0194786144307191 -0.0251251799322606 -0.161800676763333 0.082938261180583
0.00747469685530578 -0.0398085450980621 -0.0908958296199376 0.129657736584847
0.000309076450482964 -0.0428703850340177 -0.0350089332523177 0.123750230910008
0.00710253248544932 -0.047278794121688 -0.0270303458676058 0.111149695354708
0.0317101839357605 -0.0342976483507559 -0.0269988060373481 0.0985969383414303
0.0528485692507245 -0.0228104855930157 -0.0292467035804037 0.1008638990138
0.0708885055584561 0.0226342522774272 -0.0564861889087832 0.108352908068065
0.0578816737743366 0.0732017190717705 -0.115046201374094 0.0946000965650522
-0.00522107234130195 0.101634385999875 -0.147008350826779 0.105458661331895
-0.0633998932848927 0.109573249666243 -0.161557331422633 0.132552872470072
-0.105641137697901 0.132396533371984 -0.0992351707518531 0.0260482735160896
-0.0330665498784796 0.12454034098091 0.0542050030180167 -0.00551615838364719
0.0526905706598348 0.113544059911357 0.0393076654119055 -0.157947561044048
0.0941449754087098 0.0585493829080788 -0.0880823528906493 -0.163416594405399
0.0906749868746746 -0.0194022977629327 -0.186389497453687 -0.0525693820205202
0.059904277754559 -0.0545773310415552 -0.160837503331757 0.0574649750234436
0.0365946973054173 -0.0818627603555847 -0.0904468979344406 0.105152426538984
0.0167554420517619 -0.0898492427506742 -0.0298170422186585 0.101681349074709
0.024538663079404 -0.0929623875905062 -0.013846876794202 0.0889279653092578
0.0620972410386557 -0.0628983641720472 -0.00500473713368894 0.0769154229174019
0.0952154427977054 -0.0359228755234023 0.00138715502435592 0.0894574721236948
0.120969865685764 0.0477257823743509 -0.0186921201921344 0.111755151905172
0.083699457186171 0.128363061072642 -0.0804487543077672 0.109181772239913
-0.0272940010980743 0.158146300842855 -0.114492839418824 0.115409446880141
-0.122094687609207 0.152812161751374 -0.118242546260485 0.120895917077571
-0.16884809824309 0.153715991825546 -0.0416973597025977 -0.0115132228425043
-0.0921686970525415 0.179574385661513 0.0977616023268612 -0.0244947893577342
0.0443331961069479 0.195260036427436 0.082816717150338 -0.17616729581773
0.137969374055928 0.119806761101017 -0.0496913093971385 -0.195960655802618
0.149905652553494 -0.0126358736376109 -0.166579339300693 -0.086779603433535
0.0993927558572158 -0.0727849763429883 -0.141527663740081 0.021339049943386
0.0635585044133616 -0.110313084948691 -0.0786139466671928 0.0664217039149556
0.0306028174821937 -0.123370891179315 -0.0203048315623698 0.0635944322815187
0.0337555985661225 -0.127144371730804 0.00216963441124103 0.0517955019863771
0.077337481062933 -0.088452819594678 0.0202000273536068 0.042835975661378
0.119921188588863 -0.0552235851459551 0.0356354915020824 0.0667177304740507
0.158669933433686 0.0512021865403463 0.0205803759335343 0.103508955999056
0.110307863869023 0.156548703697366 -0.0444085268782147 0.114693976630357
-0.0313643513655145 0.193131094488702 -0.0836678420278427 0.110056501361198
-0.157295827865099 0.178785250780564 -0.0648030512491076 0.0909394123038999
-0.205871189296566 0.14627690084383 0.0328926762080277 -0.0484658303834829
-0.145199273938362 0.195916513921579 0.14761211543907 -0.0425751409833909
0.0133949165840517 0.24503886056591 0.130909600860249 -0.174876245347194
0.147087616365128 0.170763442563168 0.00386002501550907 -0.206811983709723
0.182570423810764 0.00638412094520524 -0.121901284117504 -0.114453386070548
0.124487725693948 -0.0759940988600899 -0.104045202960945 -0.0180115357255866
0.0814398424874185 -0.12158010179646 -0.0561162824832948 0.0184698218433245
0.0400676562525114 -0.138644864832155 -0.00814250813130606 0.0171136582098965
0.0377117388287036 -0.143103546885672 0.0179085963484673 0.00540800160997991
0.0806583214452862 -0.102808811612654 0.0436289384585172 0.00224991323203308
0.125915308696943 -0.0672264535020532 0.0666116216007733 0.037678018909946
0.170971814274649 0.047124053772149 0.0540353593636011 0.0868361501037789
0.120057634065431 0.162419338481133 -0.0142301499408467 0.109161839672842
-0.0337552438768822 0.199400858724879 -0.0612256880803799 0.090176928396329
-0.170871468874102 0.176526878779335 -0.0114748584518008 0.0493399727705599
-0.20270779043048 0.114249719787301 0.109504028760208 -0.0797386880678953
-0.170177361156155 0.16888242680247 0.191610334600824 -0.0543891864943596
-0.0241186049320139 0.240816813213831 0.166743410830608 -0.151916584814977
0.122051512532552 0.187449728789827 0.0563073014154258 -0.19184528321871
0.178008577451395 0.0249840488501612 -0.0631755453991731 -0.126183499979378
0.125609067295316 -0.0660962046474121 -0.0546935824584978 -0.0524788060694614
0.0849426609524876 -0.113237039352833 -0.0272016830798621 -0.0291050197137984
0.0435013204327645 -0.132846680973647 0.0054004859003411 -0.0313854463913869
0.0379758553576861 -0.138647039045924 0.0317531564559079 -0.0419352612070919
0.076950650308938 -0.10195542857904 0.063678089697876 -0.0386841467263976
0.118395777245571 -0.0661200368232696 0.0917168336519272 0.00958332959200037
0.159106962690065 0.0462714610239046 0.0769159962871205 0.0697749725505684
0.104908422285681 0.155029757514704 0.00558804152070248 0.1002211233788
-0.0428996818306366 0.17918655662827 -0.0455058327524496 0.0641016152010851
-0.167546899909232 0.145202292757187 0.0367121796053828 0.00574633407469852
-0.158855858979231 0.0651132507877599 0.169647717956867 -0.101052702584812
-0.152791189696467 0.111827583500847 0.217681471032262 -0.0634193992059758
-0.0462975156070743 0.18453079970841 0.179718801354971 -0.119998167123583
0.0779182165165499 0.159988376280951 0.0912687335644717 -0.160103451029158
0.139360650343257 0.0318615794850269 -0.0078949748948774 -0.122433152435365
0.102414364170185 -0.0488386340827294 -0.00809480161838806 -0.0763968849839649
0.0714521921440941 -0.0885045144319652 0.00145074172721491 -0.069568678244398
0.0396413761064974 -0.107464745921907 0.0172620460354159 -0.0731591918801409
0.034472605776205 -0.11322416828083 0.0444870798255292 -0.0842779680252848
0.0666227631120103 -0.0852703235048831 0.0826926530717795 -0.0718487225420226
0.10050382030826 -0.052333556701077 0.114788738520393 -0.0112297043274538
0.127719785781386 0.0486253067557149 0.0927683742489544 0.0601604103345919
0.0717951011545736 0.135474891038747 0.0180440028035255 0.0933807753080856
-0.0557253880056513 0.139599754046183 -0.0336331048442388 0.0394395841888207
-0.147371371061898 0.0930051293543098 0.0797616407639056 -0.0296672919929796
-0.0850202675624302 0.00725354169039505 0.200721352371347 -0.112308609491399
-0.101153610132391 0.0403806644774044 0.218443202062717 -0.0729919530829758
-0.0452202167621367 0.099469653634604 0.17080317694924 -0.0946057986992707
0.0315021850744629 0.0990927948911867 0.102338042968772 -0.129952735677419
0.0790848911823544 0.0262515894054492 0.0293427779722732 -0.113021671875404
0.0620321514713614 -0.0271499020177143 0.0237704047041752 -0.0915110296096905
0.0453488383468463 -0.0509882130894636 0.0215178718865884 -0.0972147213364841
0.0285194268708418 -0.0658567154450939 0.0260922334553361 -0.103705892277503
0.0270032587609645 -0.0717544670789447 0.0565481194290236 -0.115173361435563
0.0500751399680836 -0.0578169640081676 0.100904028352129 -0.0917639500814302
0.0730783025148903 -0.0306660663469613 0.134730141234778 -0.0189984542031066
0.0838640651035895 0.0455976368568773 0.103471411732979 0.0613017226853641
0.0324361719292423 0.101586281748349 0.024100787891399 0.0929860529351763
-0.0621183634733433 0.0844130305628119 -0.0238378843441885 0.0222630079147947
-0.109821835702439 0.0275440242745843 0.115277986789541 -0.051399056256784
0.037278355311305 0.0221564284704137 -0.123677262764171 0.0962979251732702
0.0352633277289593 -0.0325420408522228 0.0162305880263482 0.0185733252870797
0.000612058778991297 -0.0473900034950419 -0.0199802546709532 -0.0992071925619053
-0.0326056277127913 -0.0217220376085672 -0.116153944303101 -0.071637906202767
-0.0282297940239334 0.0117539144714484 -0.159432296082167 0.0232537200716896
-0.0151636925044081 0.016137884378475 -0.126606186291855 0.112145122607836
-0.0159305684881892 0.0140833717248358 -0.05616474036548 0.140207534076704
-0.0134444982163752 0.01367467549769 -0.0133829635567231 0.125149830691104
-0.0146911858914583 0.00618470172525498 -0.0136898259020884 0.114856082100298
-0.0105563158332968 -0.00656172413375612 -0.0222005944091566 0.109481832351488
-0.00494339541119461 -0.0207475920109712 -0.0300731916730517 0.108762620723459
0.0177889431202972 -0.0294501439575842 -0.0689132332182924 0.110363032442307
0.0488189510417773 -0.00984283600191485 -0.129157763394664 0.0948936327250339
0.0469351771914897 0.0291556695418035 -0.155738181475137 0.101844245585091
0.0244737878090575 0.0544818159146971 -0.16133932276171 0.143440834367962
-0.0176462406869494 0.0920872916119128 -0.118686115149081 0.0706920552450663
0.0227698592183846 0.0458077028843581 0.0241972617771121 0.00595137756085149
0.0401362869422878 0.017946697934639 -0.0129780191801744 -0.125148472010286
0.0315600233933811 -0.000933565614005615 -0.122191204160558 -0.1022141767983
0.0206383256603874 -0.0152642628808877 -0.179154217598759 0.00959138649661081
0.0118038071862902 -0.022809643035173 -0.139266653871783 0.105657561943748
0.000305865214628831 -0.0379511839396404 -0.0658161550980398 0.139092081152038
-0.00556344482382054 -0.0391226108962304 -0.0134641104835112 0.121487720817143
-0.00010336759060643 -0.0459646777684656 -0.0086836394543665 0.110723607226985
0.0264726756476427 -0.0388171896860171 -0.0127889951015307 0.100696069605316
0.0482391061076756 -0.029587141318401 -0.0148642349672642 0.101718791950602
0.0740347034743237 0.0110779407484243 -0.0429350364507341 0.110550348710199
0.068406881950337 0.0622156583535224 -0.100998123183286 0.104127241734893
0.0113619215101661 0.0985994905166767 -0.127176445939955 0.118614711919083
-0.0446417647328526 0.115151849080261 -0.136824026515104 0.146513184876268
-0.0790550040107275 0.146831910749494 -0.0910440155182504 0.0318355037619007
-0.00905264627228087 0.123501488682467 0.0466674965380253 -0.0174314335573735
0.0686700382894204 0.0968451780867174 0.00742112275836 -0.156727812954878
0.0982727571923799 0.0371014488305188 -0.114419860540105 -0.141359803424187
0.0790592789315817 -0.0331237111802286 -0.186764275261419 -0.0162561616255494
0.0462901741198358 -0.0579256492955806 -0.142037537685804 0.082560923439561
0.0206452028805741 -0.084910038965023 -0.0698913563527754 0.117877277085232
0.00285750290387069 -0.0861435331194073 -0.0111384786684641 0.0994504802168361
0.00804838050285163 -0.0927372468826293 0.000835008776308154 0.0873718490368697
0.0511296280667843 -0.0716892260500714 0.00546984992095691 0.0769899793436472
0.086546317887161 -0.0494765673090026 0.0126076107189469 0.0867966026395409
0.127796330448994 0.0263677156600236 -0.00745985459862657 0.108022878878923
0.101540075921996 0.110555593786561 -0.0655550047732337 0.112464365597393
-0.00107998134452304 0.155434339977705 -0.0928591275756079 0.124550544916573
-0.0957855134128926 0.165866516570212 -0.0937238354632417 0.13083023574995
-0.134793125431791 0.176646843556979 -0.0413211179551627 -0.0155083087626933
-0.0557816025476685 0.18575588058458 0.0844645199485556 -0.0454596986717834
0.0751059439942384 0.17510231341296 0.0422746970633089 -0.182181747728257
0.151428830398177 0.0869578904488038 -0.086511667444581 -0.177778606952431
0.13643790729455 -0.0374030612861466 -0.174308003459551 -0.0498020286761105
0.0801114447529612 -0.0820648694868294 -0.129300743848329 0.0462251835514314
0.0419969490833275 -0.118190278736545 -0.065672694841848 0.0799245520159745
0.0104504049708118 -0.120906107456027 -0.00741455257010432 0.0634012834908259
0.0111518246076426 -0.126944396728162 0.0110538584016281 0.0494356779709433
0.0609236446967176 -0.0982236828150903 0.0256829969067781 0.0412333592266158
0.106107876353922 -0.0717674435124973 0.0428504623379515 0.0622759262339234
0.163836065181342 0.0233533998956388 0.0291669457928514 0.0965769777145818
0.131278007457825 0.13283184078591 -0.0292515124105336 0.112107184390046
-0.000332933147947861 0.189174941330819 -0.0624148506838296 0.115317569505936
-0.12549048616263 0.195096818432707 -0.044673467238985 0.096229135529236
-0.169745323876146 0.17367353284761 0.0247155770383429 -0.0632140064148341
-0.102129172079868 0.209794557493544 0.129392699178449 -0.0729308429037938
0.0548431675478713 0.226795059304551 0.0862753554091246 -0.190940300035155
0.170825860217166 0.133253174395713 -0.0391127883277501 -0.197121905347799
0.17009107025332 -0.025786794606133 -0.136690189143574 -0.0816670538500716
0.103689309253881 -0.0910082918132225 -0.0997835476878536 0.00345152708348966
0.0572307193505653 -0.132246926789992 -0.0519190172928158 0.0316556379761685
0.0169326773995551 -0.136936847289279 -0.00263261646455465 0.0178981932067953
0.0120374904521502 -0.143741820773418 0.0194139848881944 0.0036872343911448
0.0609146086117474 -0.11320669228641 0.0421523643699711 -0.00145779205362854
0.109715232559132 -0.0843936485270291 0.0687151994882973 0.0296373173922494
0.174635390457316 0.0170743532648592 0.0590518788808637 0.0768784325988611
0.141154378825192 0.135923696248081 -0.00128574130362229 0.103317562358125
-0.000864017293573577 0.195500453843126 -0.0423461070421623 0.0933939933827381
-0.138712791257069 0.195100170987763 0.00156723222743713 0.0497800178812307
-0.17201131283899 0.141118950636527 0.0935699307373747 -0.102774498386351
-0.13066743543341 0.186674180801859 0.170753206298492 -0.0907280345101883
0.0190650318411489 0.229211756900087 0.125065360919905 -0.175499550365317
0.150678406798531 0.153687985629027 0.0130167998344027 -0.192439839392074
0.170172299584715 -0.00743833442949363 -0.0823681688952241 -0.102594209550799
0.106805526506379 -0.0832752319555429 -0.05944021269022 -0.0373179637776674
0.0615802285125292 -0.124913260177306 -0.0321525651212487 -0.0188198852397348
0.0200431484750677 -0.13242009274431 0.00241122054336011 -0.0290986146157743
0.0121686147974008 -0.138759526637877 0.0261950553673031 -0.0434541443337405
0.0566744364445004 -0.111565957194626 0.0554899090532664 -0.0434904115440335
0.102070712886788 -0.0819637499352028 0.0889882123237013 -0.00083272179612927
0.162330897441423 0.0170026027396393 0.0791501503547338 0.0577571853746598
0.124935130417339 0.130632033362596 0.01727370176411 0.0921581079797632
-0.0135364734651705 0.177897626545847 -0.0310339064606757 0.0671340247991454
-0.140843133502586 0.164810905199954 0.0417437582323 0.00316010814226167
-0.137950498970352 0.085951509850568 0.149150254054973 -0.128944228786309
-0.12294904312436 0.129332757371086 0.196779466527415 -0.101780912297571
-0.0114660315281119 0.180107345743363 0.145892043696018 -0.147116528769973
0.103593298432722 0.134605461546395 0.0536020287749804 -0.168008972898517
0.135003599258684 0.00489471596208882 -0.0292012703646754 -0.110079372046461
0.0877283488341966 -0.0641058380269692 -0.0192457791056145 -0.0689455881576583
0.0529410836345464 -0.0997377616772858 -0.0120269096463938 -0.0631858984883572
0.0203706493742343 -0.108444520099416 0.00725831107973483 -0.0705793268124921
0.0133539817006936 -0.11509010244856 0.0323592150193525 -0.0861136908026341
0.0491798608960692 -0.0943134993658229 0.0692114056671003 -0.0781426188824639
0.087272932109668 -0.0664827461619799 0.107184167934583 -0.0242054846003412
0.132496153721222 0.0241554929977047 0.0945817154749574 0.0459937044482017
0.0908527849888447 0.116715779371954 0.0290395590410468 0.0848310734094723
-0.0312632547539135 0.141495543086705 -0.0234763206661557 0.0433023359604372
-0.129108813576656 0.110387169960044 0.077308987316796 -0.0360102020263151
-0.077963695186546 0.0170545484352468 0.176362298063099 -0.140257633546652
-0.0862433226235692 0.0525521637233269 0.198264008052351 -0.10766771246317
-0.0249885501350152 0.0988285794594629 0.145158775273632 -0.11892563480436
0.0483804098610639 0.0855051398280178 0.0726288420304973 -0.141106696970335
0.077860360380738 0.00938280773758562 0.0085896010647344 -0.109546827751738
0.0522533227465841 -0.0374423911079893 0.00858561582794133 -0.089208322002479
0.0338069613277111 -0.0584295677004545 0.00391660689949668 -0.0937288394124449
0.0159055933373875 -0.0677771297733492 0.0100126224075331 -0.100159990502123
0.0128545241363146 -0.0739446362075641 0.0379981867730204 -0.116208809173574
0.0370730421119098 -0.0643555658199723 0.0835994964664355 -0.100174667524257
0.0647363569448684 -0.0417847361463521 0.126415694637977 -0.0348821105479786
0.0897132051278961 0.0289456679967246 0.105244226468413 0.0461042522000103
0.0474547201747311 0.0904751147461751 0.0348778697619774 0.084545888044188
-0.0459969003604736 0.0895991439069699 -0.0181989967017992 0.0258388591076133
-0.1022225077661 0.0415866971575889 0.106226325729892 -0.0608121708557996
0.034963933183363 0.0198165202279622 -0.113752476847501 0.0951242641565999
0.0323376764928588 -0.0310702235417512 0.0160453404132626 0.017138273413713
-0.00047630620256125 -0.0437848337370148 -0.0221689171871776 -0.0945515111701457
-0.031276472087962 -0.0196479485642133 -0.112815471106588 -0.0652841183808089
-0.0257612459938436 0.0114079890115944 -0.151086116661012 0.0278540356864997
-0.0135704674130941 0.0155268881130799 -0.115538992684992 0.112571997314972
-0.0146979851461938 0.0143599373494164 -0.0475607621885709 0.134884631074083
-0.0125100592745395 0.013113238429936 -0.00879763066803656 0.118352650702928
-0.0137641411105884 0.00601908769347577 -0.00745073919760733 0.110059768425052
-0.0105532565498843 -0.00650821840867254 -0.0165947133625599 0.105679204345054
-0.00559982823832893 -0.0201112752788908 -0.0245113165616511 0.10477695362652
0.0161178065408449 -0.028269329273424 -0.0626882387248745 0.106107351352295
0.0462324451967695 -0.0108086483670383 -0.121239883486964 0.0942297292254417
0.044895943842434 0.0258378809859807 -0.146485968242751 0.0998796742222938
0.0244727219922348 0.0504639877214682 -0.150825020896155 0.141240012890931
-0.0140483068993862 0.0883603388390079 -0.110488054442953 0.0699886207051917
0.02300025985811 0.0433277211063323 0.0232953152103318 0.00434987274548273
0.0394600051211625 0.0165617695188598 -0.015898251810223 -0.120120287035055
0.0311281464575148 -0.00162905535471935 -0.118871754421321 -0.094191737176244
0.0197980122958556 -0.0156955249954721 -0.169609286960207 0.01541848816967
0.0110879888917831 -0.0223431912047733 -0.128858613300782 0.106344978193342
-0.00142512127694113 -0.0365635746859569 -0.0573376037175577 0.134306793896602
-0.00739413180354857 -0.0371282598743047 -0.00791340460167655 0.11442889065288
-0.00173572915809468 -0.0437978320870505 -0.00304542087962114 0.1051112412762
0.0239478855204313 -0.0382710457911177 -0.00776494883805938 0.0963537695793876
0.044215343241252 -0.0304540811941967 -0.0101918023953093 0.0979198543059918
0.0718424430044321 0.00825081066394039 -0.0377805769104758 0.10592309922563
0.0675832110790923 0.0567761888292513 -0.0943250889620408 0.102209580055367
0.0130450681208147 0.0930473154438753 -0.11878586193554 0.115714434965207
-0.039422168897732 0.110675501026958 -0.126449041115532 0.143121319751656
-0.0701816461381695 0.141940527818001 -0.0856289989696144 0.0319261318075035
-0.00497331137319179 0.118770234067582 0.0441173761937084 -0.0181235874183162
0.06858615231785 0.0907226638586574 0.00263066269363523 -0.150036336875153
0.0960427126871766 0.0323656992173434 -0.112326918385978 -0.131977292241032
0.0745672016494286 -0.0340905295401269 -0.177169873889195 -0.00920069116002672
0.0422393431840642 -0.0567788298255068 -0.13223528828959 0.0842029779225979
0.0159878579040947 -0.0820619834659779 -0.0613962125502278 0.114186123822811
-0.00138821220214776 -0.0817932417308985 -0.0068259563482753 0.0938018996808112
0.00378604174224254 -0.0877659796606249 0.00542619098687174 0.082720079278584
0.0456746512496192 -0.0705993466511933 0.00889849443608394 0.0735497729072963
0.0801010188889059 -0.0507738130759024 0.0160487375131491 0.082889648284054
0.123263225050845 0.020414190609471 -0.00330027584524474 0.103203200291762
0.100463924961828 0.10165711469531 -0.0594643167023627 0.109129858521629
0.00304226504542182 0.147743126271431 -0.0856613202454504 0.120508803161389
-0.0856548791165158 0.1603836179202 -0.0861578418846504 0.12686713258256
-0.122439036342742 0.171840382407878 -0.0392951543912659 -0.014894947414318
-0.0476385070116032 0.17908072274907 0.0787491316972595 -0.0456615473502276
0.0767502622430372 0.16437080961678 0.0361076534282695 -0.175279705575403
0.14850493419808 0.0784257284457372 -0.0872349412275244 -0.168029931002635
0.127520682585491 -0.0401020392231349 -0.166129046161912 -0.0408750723897329
0.0738892455137447 -0.0812230122942914 -0.121419743108976 0.0486365635394381
0.0343845320275296 -0.114633015664096 -0.0592193739088523 0.078387302338437
0.00471542880554597 -0.115200136484162 -0.00446605088153384 0.058784220061748
0.00498430627279783 -0.120420995989629 0.0133153799803285 0.0462610928089422
0.0541715468490227 -0.0971382218325581 0.0260601059580794 0.0385706163297673
0.0982168565263141 -0.0721718999091539 0.0436615401842803 0.0579422450242667
0.158018956710671 0.0157571954723775 0.0313923750001915 0.0904519548716478
0.130082540375182 0.121437912023271 -0.0251450744702317 0.108260062144653
0.0060619385186554 0.17978198574622 -0.0566718249213403 0.111017956617531
-0.112494751384548 0.189580074527302 -0.0398142964153632 0.0927080977791778
-0.155179135552135 0.170299326307367 0.0224452109074417 -0.061944836139521
-0.0910157770516753 0.203172285692572 0.121327251953448 -0.072915564838435
0.0586558165670393 0.21412006376414 0.0778545917384287 -0.183607737746904
0.167700915738352 0.122048278599232 -0.0426628545551524 -0.188041152977431
0.161086952961542 -0.0307488981442355 -0.131549220508573 -0.0729957565865854
0.0951944079025927 -0.0898397055204479 -0.0948345499889442 0.00541836564382009
0.0485495262238323 -0.128753329229773 -0.0482512206102466 0.0320647708836308
0.00961130359444099 -0.130946292124413 -0.00148584892836198 0.0159154969819293
0.00420463408026373 -0.136033262916356 0.0193303661769839 0.00243125888711537
0.0542378320264227 -0.110632693822882 0.0393599688232717 -0.00282495075517298
0.100847586721166 -0.0844205105075588 0.0664148479193218 0.0259951053462123
0.168425631035064 0.00953182105447756 0.0591450234713158 0.0710875356175064
0.139181455301096 0.123653090345821 0.00199384079334528 0.0992621525976169
0.00574028231490803 0.186033493034527 -0.0376646349499688 0.0898525446777736
-0.125122503913018 0.190576188631032 0.00291254970494334 0.0471737729249531
-0.158135873112659 0.13896153816364 0.0868898162080925 -0.101710940334243
-0.118571344605554 0.18261289274 0.160253757392376 -0.0917288190792643
0.0238251669993021 0.217460699622024 0.115705968753683 -0.170127184258578
0.148902110700555 0.141865161228407 0.00737228977910019 -0.184845173309809
0.160897381847495 -0.013531670173907 -0.0810153197745458 -0.0940299572607783
0.098002449735748 -0.0828703466741043 -0.0574890898048674 -0.0342179158411282
0.0531976142470184 -0.122016849471164 -0.0313267216453961 -0.0167810935897395
0.0132421885801155 -0.127370883773633 0.00129952668588435 -0.0280943248022765
0.00525007172070474 -0.131825438551677 0.022786844137697 -0.0426011131132137
0.0497461611188194 -0.108802746624904 0.050883981616298 -0.0427861420295887
0.0941476701077462 -0.0816741780753652 0.0851819730995935 -0.00371102723077537
0.155757674703068 0.0106738738674203 0.0784954938505944 0.0522792925685377
0.123339707391529 0.119324098956028 0.0191589100810464 0.0882428329395251
-0.00643365773108487 0.168799750161518 -0.027794329732306 0.0650916197745565
-0.126854194496834 0.161200212490735 0.0395712637476839 0.00108469349071912
-0.128121393009008 0.0854673702465913 0.139019516159119 -0.127956496777704
-0.113478226553589 0.127082928807823 0.184756709692848 -0.102097639637019
-0.00549010455260907 0.171413346247849 0.135442544812969 -0.143272705144587
0.103726445563376 0.125717268024768 0.0459834846081544 -0.162196677898763
0.128101154189292 -0.000110747269750164 -0.0309491364100236 -0.103046412247686
0.0799142705171947 -0.0633503247019256 -0.0205978004382336 -0.0661176212077694
0.0462299114465828 -0.0965324615843494 -0.0136489152231687 -0.0595306615001049
0.0142797491678009 -0.103706693903968 0.00429094627170185 -0.0671492478645599
0.00771625728879096 -0.109145945095542 0.0265369233405066 -0.0817036956366867
0.043312879928325 -0.0915107178868713 0.0623798996023738 -0.0766196514036329
0.0805823091609965 -0.0655801956130415 0.102008657913655 -0.0259872217873827
0.127668081446033 0.0184378173432125 0.0919955163179487 0.0410724128978009
0.0900813278042605 0.10653970296114 0.0299789702489779 0.0807336814351294
-0.0248353011242039 0.134609836426837 -0.0222826925719862 0.0424137442001869
-0.118211770433575 0.1096085386147 0.0717963614338897 -0.036709761569041
-0.0731096497713121 0.0184623316934525 0.16489390666738 -0.138878010955069
-0.0802702376197921 0.0528613057772367 0.185929555572568 -0.108191440361255
-0.0210394552672568 0.0945738822632255 0.13585616441892 -0.115892275560644
0.0491148222294021 0.0793408916550115 0.0652370055820748 -0.136695640062714
0.0739919101605897 0.00583634202960946 0.00479566400801784 -0.105247705775526
0.047521589719584 -0.0363996487594697 0.004887155517891 -0.0865962865759135
0.029877232281353 -0.0570566347731144 -0.000338620529485063 -0.0894515210321786
0.0127449947502894 -0.0649829618736797 0.00631856395980844 -0.0951125920709488
0.00910837350693937 -0.0706345962681523 0.0312311105218745 -0.110549764975138
0.0321976484152792 -0.0626266203922744 0.0751361681675332 -0.0976809844285166
0.0595894775417719 -0.0420792052706674 0.119013952790194 -0.0371777859389308
0.0864160760587399 0.0241433021339775 0.102106023582161 0.0408413934350426
0.0478090761224907 0.0837132794186324 0.0360413543026299 0.0800775958774227
-0.0405325525664829 0.085610229059138 -0.0164956700340538 0.0250499640941437
-0.0952448736218062 0.0433150984899967 0.0986670324774015 -0.0613617211887624
0.032950404727985 0.019350285044016 -0.107805482225019 0.0912825353847946
0.0309314961863626 -0.0295782126362221 0.0156571695522237 0.016319012790232
0.000251601036511589 -0.0408055071734533 -0.0216236902177319 -0.091664089370149
-0.0295101836275157 -0.0189177390560306 -0.107910448507838 -0.0620273437985044
-0.0238588737094735 0.0104328575670383 -0.143937068490238 0.0275481924012277
-0.012280656551682 0.0151525689130486 -0.109075002301502 0.110025199480193
-0.0137377335232683 0.0138118328018713 -0.0438522891811304 0.129612824579116
-0.012046726558339 0.0119811014916311 -0.0075535906072774 0.113169167804353
-0.0126194047205826 0.00592137861536975 -0.00517729256285655 0.105038058044456
-0.0103468544430483 -0.00647802776813907 -0.0139312344199824 0.102145930048604
-0.00565748733196774 -0.0191584048072947 -0.0231051279523099 0.100556089324998
0.0155156035801306 -0.0269103061690491 -0.0605892871410961 0.101344565743237
0.0443102522388289 -0.0107049513492926 -0.116757403220834 0.0904325699922329
0.0414242395342246 0.0243067747817818 -0.139906487797813 0.0955578363918905
0.0224930397092689 0.0478080850806147 -0.144860390080461 0.135881536862756
-0.0136244048031027 0.0849751481934201 -0.105180973755671 0.0675290770645314
0.0223301912590567 0.0422896800983671 0.0224921104819731 0.00430887490369298
0.0388698331766548 0.0160954169612702 -0.0149089470104539 -0.115335210133236
0.0307856233040582 -0.00109410569735047 -0.114006458363686 -0.0909191817425708
0.0197163913099847 -0.0150583512437208 -0.161612882961022 0.0160534582971407
0.0109902723303479 -0.0216241419102426 -0.121924348815024 0.103910295590672
-0.00260029241748401 -0.0354611227398133 -0.052246884649269 0.128628278568327
-0.00758235907784493 -0.0361439377111906 -0.00691537618993806 0.108818752747374
-0.00207984901343463 -0.0414807183383537 -0.000677862544188358 0.0997233581602563
0.0225303633656117 -0.0374679821588033 -0.0056376557091783 0.092639538273899
0.0423076812739453 -0.0299537877867338 -0.00882863440594782 0.094080470648754
0.0694116497545638 0.00732766453391491 -0.0358792362907238 0.101380292347803
0.0649772874830272 0.0536383045491586 -0.0911087361331949 0.0987560628041059
0.0119228287386187 0.0886456981791287 -0.113974701535243 0.110553811256323
-0.0381652763225412 0.105678923282159 -0.121356622809055 0.136948459118673
-0.066635777784875 0.13631337758313 -0.0815433674138763 0.0299285383510697
-0.00379473190614208 0.114157924450528 0.0422307088496497 -0.0171482311242297
0.0662278755564263 0.0871412658581984 0.00325654409189832 -0.143876837646067
0.0933007947140141 0.0309946962829387 -0.107527221794266 -0.127389596190771
0.0713260606534988 -0.0339047147218773 -0.169009037561472 -0.00722970662186656
0.0404469962208522 -0.0550596751768751 -0.125793285230665 0.0821832081632993
0.0130750980932239 -0.079021525635801 -0.0568191375750845 0.110115207800965
-0.00279567785581671 -0.0793385350157106 -0.0059047028801424 0.088372153078286
0.00265310903029554 -0.0834039664674996 0.00715256146613472 0.0784552468312449
0.0429322684371683 -0.0685541790666247 0.00970575343899145 0.0702477353712067
0.0762168843864482 -0.0495550106903483 0.0163002594215588 0.0793572296551339
0.119032997305413 0.018304067050198 -0.00256956443810308 0.0985674635179285
0.0971289443940775 0.0962560528609437 -0.0575084594306626 0.10573083941834
0.00345930032368604 0.141401506939215 -0.0822388001173996 0.114947748649706
-0.0813929016240264 0.153945665826834 -0.0821396507027754 0.121831249314637
-0.115566711267037 0.164266129482123 -0.0372154794284089 -0.0147167978708976
-0.0444080769217495 0.171909890723144 0.0753767446075722 -0.0436100781835457
0.074131433129596 0.157260551530196 0.0352211403059429 -0.167259451803683
0.143910218362864 0.0746277837499026 -0.0836769445689296 -0.16217044127464
0.12169092047078 -0.0394814807207832 -0.157927307804917 -0.0376148897291227
0.070276428681008 -0.078295811975864 -0.115924062510504 0.0471413547410589
0.030718445202415 -0.110754088764478 -0.0543150272250358 0.0753517783033609
0.00240889813217288 -0.110471833755229 -0.00390491028232639 0.0546461060915317
0.00282367379992333 -0.114272121719396 0.0143329589535205 0.0433833755898008
0.0508533528871712 -0.0936753946537395 0.0255480011155911 0.0367171957818921
0.0930841481993392 -0.0708520179532737 0.0428271762655345 0.0550148706424286
0.152306255382819 0.0132894206264434 0.0309099295153823 0.0860899642523383
0.125204310511315 0.114559044310783 -0.023868062335308 0.104278221472685
0.0069162290042387 0.171725467111796 -0.0545295288237367 0.106030752151774
-0.106162168052004 0.182395639646907 -0.0378719250108803 0.0882420046261714
-0.147214371297833 0.162916078236888 0.0216188625484159 -0.0607001388239518
-0.0866608308432228 0.196092837937338 0.116545320924151 -0.0704434759012548
0.0567805437746351 0.204943677738504 0.0759303988881403 -0.17542343008032
0.163134128950859 0.116663056250673 -0.0416402032102846 -0.181534349593311
0.153964761018688 -0.0306854925824651 -0.124800200238415 -0.0679992624303656
0.0900163889540781 -0.0872192399456409 -0.0914390764057504 0.00604820324275288
0.0445269669724778 -0.124338747945658 -0.0453221631976348 0.0307201393816385
0.00686137847716125 -0.125409820829897 -0.00136038737524978 0.0141009440704372
0.00232896265404242 -0.128877553774151 0.0190050225899589 0.0017763231937828
0.0504264587019398 -0.106357166719096 0.0379008852708446 -0.00312177217877289
0.0955220101319438 -0.0812432800003303 0.0648763546034961 0.0245390954737752
0.161826355619375 0.00718905814809826 0.0576783928061902 0.0676614881261254
0.134276438088819 0.11662974209875 0.00257634930459191 0.0956892511716591
0.00706276942830541 0.176614836655414 -0.036128046240602 0.0865036244173976
-0.117433693277512 0.182728950387603 0.00287950556003827 0.0447266079279996
-0.150518549699591 0.13310809801528 0.0839007436279374 -0.0982565125146504
-0.112363312551202 0.175812484033239 0.15391062056038 -0.087644637322583
0.0240110687715233 0.207479119472708 0.111965845925138 -0.162600475281094
0.145242431341051 0.135346012333148 0.00687529638955898 -0.177623692158741
0.153560775410816 -0.0151169153167602 -0.0771015711485204 -0.0892027991509037
0.0924991382205484 -0.079322149289125 -0.0559503014372851 -0.0334765207854722
0.0485453910444551 -0.117849465448095 -0.0305197760176341 -0.0158823496323278
0.0104467227888483 -0.121506376785406 0.00109609660889995 -0.027332827041048
0.00305376917425528 -0.124915961719113 0.021809078249079 -0.0407938770867368
0.0456038736563619 -0.104211415736475 0.0478401552008124 -0.0414912313501417
0.0887203717242979 -0.0786620745365095 0.082106962194376 -0.00399831179656888
0.149772085098469 0.00853455257929199 0.0758270281599639 0.0500983895668355
0.11869391423721 0.111708378319199 0.0192599420553355 0.0849338254199794
-0.00472761492234968 0.161009557807296 -0.0269960259480734 0.062230824817815
-0.119655463731797 0.154844095905945 0.0380751802501522 0.000597838874261985
-0.121883988663959 0.081541396367668 0.133777864266908 -0.122951362586737
-0.107856935098311 0.122144964345313 0.176533841236675 -0.0982497932562769
-0.00467606499085076 0.163323832079681 0.130414976682277 -0.136059467789839
0.10144566550282 0.119456365895577 0.0436850582596148 -0.156923562815669
0.121914143220666 -0.00191573629859954 -0.029765317852249 -0.0980996453293943
0.075314144838259 -0.0606540803693792 -0.0213819344614351 -0.0643159410632218
0.0421087429903425 -0.0931699066333052 -0.0139139364682457 -0.0565632013748292
0.0120562699184992 -0.0993646553304023 0.00334726957072023 -0.063763815754713
0.0057236522793649 -0.103287633202667 0.024844496678748 -0.0773485529582613
0.0398515850186255 -0.087666164243862 0.0581325790797924 -0.07282670163453
0.0756858423118322 -0.0635835373116733 0.0975274014030462 -0.0254122939252524
0.122593221813566 0.015760830172714 0.0885351454238639 0.0391772910796291
0.0866997583029611 0.100703424424792 0.0292843212247086 0.0775397156457883
-0.0223703985180549 0.128059179788987 -0.0214905467583241 0.0401652236570931
-0.111390531220184 0.105711008364186 0.0680246235819705 -0.0357198718818802
-0.0692432485408522 0.0179771642419781 0.158603683062104 -0.13330563744268
-0.0765091834477398 0.0507272974152571 0.177953306329824 -0.103115369933981
-0.0193819841732096 0.0903131543435218 0.130369954606413 -0.111100882742403
0.0480753917322089 0.0763672849894035 0.0625499546880584 -0.132068060818661
0.0703534467378672 0.00501672767678443 0.00366331364361489 -0.100053957118975
0.0439857383130782 -0.0339952780488497 0.00360608841543938 -0.0841095363977366
0.027558521682693 -0.0549483420327106 -0.00190710390245367 -0.0855031901338974
0.0110871125898776 -0.0621831574951563 0.00535011673640715 -0.0900786443328036
0.00826658309747719 -0.0668172105348699 0.029015982227782 -0.105298911801115
0.0301001229811477 -0.0601962399062381 0.0698144194808414 -0.0936110243250147
0.0568158760681465 -0.0404595181221566 0.113391466568681 -0.0358750035573861
0.0830115354605979 0.021899990331146 0.0985337199154009 0.0386945140427609
0.045829130273527 0.079543085474332 0.0346989091357705 0.0769050605832369
-0.0382903719814378 0.081290869234272 -0.0162339088631886 0.0245984175655218
-0.0900664041082173 0.0421888795530906 0.0939768669848858 -0.059262010755743
0.0317321775531263 0.0196129880470014 -0.105735978664993 0.0877732969291316
0.0302602143546689 -0.0279393595427911 0.0155574622277476 0.0170335065669232
0.00195846504619523 -0.0398865998462001 -0.0200917837696192 -0.0899302109544158
-0.0285973162168537 -0.0187042618382683 -0.105141530274864 -0.0626860393320438
-0.0226002332298296 0.00970062480150647 -0.140547083576615 0.0257075760257376
-0.0112817882831117 0.014524430237269 -0.105785585540142 0.107288542396946
-0.0137111317364265 0.0133476631431509 -0.0432088696701137 0.125631348928977
-0.0115154296351721 0.0113533781209131 -0.00831009626272647 0.109317306562871
-0.0124998250456577 0.00555499150262283 -0.00465976097354372 0.102064371352491
-0.00996325688286027 -0.00642842996403506 -0.0131449038138907 0.10048630857853
-0.00507310015907678 -0.0190185241529577 -0.0235273537026088 0.0978241460537325
0.0159092758165236 -0.0258284503252635 -0.0611732547808624 0.0976462190785122
0.0432918416025469 -0.00965576969688539 -0.116461472421251 0.0876343296644758
0.0383000641260585 0.0242359158783835 -0.138391242043183 0.0907183514305346
0.0204922857022875 0.0468613261570508 -0.144488266097814 0.130817301231723
-0.0142979287845373 0.0831236585480928 -0.103032048836812 0.0640008912531696
0.0215412852718413 0.0418520255467651 0.0219825992222358 0.00497672058327478
0.0383082354938262 0.0164202556480434 -0.0133705087585549 -0.113618091820201
0.0308328255066537 -0.000937541796845562 -0.110640373336584 -0.0911866718832409
0.0193426693570108 -0.0149570916257626 -0.157154174566797 0.0138171013980777
0.0116661020548324 -0.0214374201613762 -0.118123211331489 0.101492694465123
-0.00317188995903251 -0.0345128774707915 -0.0507749335012974 0.125090675929277
-0.00791343634757846 -0.0354990959458255 -0.00757775707413395 0.104721732442958
-0.00240542622051569 -0.0408406473113295 2.59032895067499E-05 0.0967785895544574
0.022412350692656 -0.0369502392020084 -0.0053866743617172 0.0908908193676048
0.041341437213214 -0.0293294503009471 -0.00890742358938448 0.0918020422896528
0.0686384310091522 0.00762717024159661 -0.0368681826577902 0.098108463243605
0.0630079726502377 0.0530337731094945 -0.091059485829432 0.095201041932818
0.00911254048381579 0.0869644431477221 -0.112912862456442 0.10577615640131
-0.0386256393299249 0.102698594519761 -0.120675967440415 0.132451285071541
-0.0664652203071095 0.132141330477183 -0.0796149198260539 0.027567622332042
-0.00480699525823964 0.111909577419661 0.0411205419242046 -0.0158499374541872
0.0646857382046827 0.0856632131188186 0.00542851718902908 -0.140921724495548
0.0924520987889326 0.0314661677248235 -0.103915576531866 -0.127068695614292
0.0703809950302655 -0.0327848726099316 -0.163727313481659 -0.00896978327567252
0.0404771505667864 -0.0541134367222282 -0.122995489353947 0.0800770011813416
0.0128325080272475 -0.0769306289908157 -0.0546237512590068 0.106365951561654
-0.00279994752618524 -0.0776220312990902 -0.00662352107265232 0.0849839831043856
0.00257872684161157 -0.0811267220944766 0.00804416268352946 0.0756070739446924
0.0424785577442365 -0.0673237411276002 0.00982082820664907 0.0693048477222926
0.0746565786824639 -0.048051999932172 0.0159489969708974 0.0778564342509805
0.117353917296651 0.0182944718166934 -0.00406939972479148 0.0956421816886804
0.0943308801358116 0.0948002975257509 -0.0577967003653896 0.102913116798825
0.00133414426034745 0.137802889742629 -0.0820726332635574 0.110913606642699
-0.0816756511684031 0.149774853131698 -0.0819338144297934 0.117518401899965
-0.114362043564209 0.158793505932065 -0.0363226050905727 -0.0160191667372776
-0.044606394626315 0.167766671819536 0.0741706323260817 -0.0419618382740582
0.071348058943562 0.154875453729388 0.03734436477496 -0.163417545222324
0.141938214759649 0.0744977016857169 -0.0797177891494615 -0.160937723179667
0.119762060120808 -0.0380175280352715 -0.152455788998782 -0.0383308880723156
0.0697674741283789 -0.0765912942270808 -0.113286625700414 0.0458112745957113
0.0296358821797105 -0.107660652657038 -0.0525168821268072 0.0729312246722051
0.00181945854519052 -0.108208637649846 -0.00465544964621405 0.0525605966129615
0.00281940826355503 -0.110764858739943 0.0146333737685224 0.0418661630439523
0.0502242732968677 -0.0917592460338044 0.0253913226923001 0.0361462828480455
0.0911128526838248 -0.0682697708189621 0.0422249311269173 0.0542112837399975
0.149404318880511 0.013846738920326 0.0298453916951549 0.0846813857644048
0.12146836945194 0.112502331943996 -0.0251059878756975 0.102603259161623
0.00473982676330112 0.167442995460945 -0.0551204439972773 0.102527990820552
-0.106209716142171 0.176933302284775 -0.0381403634461032 0.0857295168361652
-0.144717391334969 0.156911800275177 0.0217945663933267 -0.0597164586755599
-0.0866085451897678 0.189692183812069 0.113556707235503 -0.0669998743596463
0.0538785345404093 0.200441584528243 0.0776836187785766 -0.170701314839455
0.16050974153497 0.11492581556541 -0.0381191253377652 -0.17936255169795
0.15028162264187 -0.0287742357424337 -0.119876693188817 -0.0681207726840291
0.088760995733356 -0.0845317617598285 -0.0893166568801723 0.00454062535628861
0.042527392961237 -0.121135918984996 -0.0433909386536902 0.0294586679738239
0.00617314758788876 -0.12261126580722 -0.00190899724062073 0.0128010770933608
0.00239479055134595 -0.124401838242487 0.0190582575145335 0.00105467136379241
0.0495908576716328 -0.103899753297845 0.0371250273036092 -0.00235271558791585
0.0932301587823662 -0.0791599385128536 0.0639037342949503 0.0246068576268184
0.159162516376325 0.00679375835261909 0.0563377191019319 0.0668887352172198
0.129791601824592 0.11400864959421 0.000702298289276462 0.0943036231090997
0.00483706310324763 0.171979229257993 -0.0375343167725807 0.0834831658680451
-0.116041723798769 0.177582215992271 0.00205473912842047 0.0431171088139166
-0.147902523209389 0.127968503093175 0.0829092064921921 -0.0959133748600375
-0.112449165231774 0.171055405229746 0.150888215577731 -0.0838141812232994
0.0211353308566601 0.203376163679754 0.112536317876341 -0.157258188000457
0.142241237798751 0.133555110133653 0.00814211709562849 -0.174869868848784
0.150079083756817 -0.013498159802801 -0.0736894528774447 -0.0880182702484797
0.0908805559701732 -0.0767157161202489 -0.0549494545205381 -0.033945922198729
0.0472101477379237 -0.115003146230278 -0.029205830175197 -0.0157431855394085
0.00979258001646685 -0.118416442105642 0.00132805521681531 -0.0271883094836636
0.00287218255179985 -0.120798064540286 0.0217242155363108 -0.0394796404584422
0.0448947020829153 -0.101806350151688 0.0465527585047778 -0.039428649490258
0.0866558106776435 -0.0760879584634812 0.0808194797279689 -0.0030740334919144
0.14676401448312 0.00836186240137701 0.0745986985737218 0.0500657364042991
0.114805765302637 0.109466122050377 0.017867070076443 0.0841060856319192
-0.00563879027156609 0.155633858792293 -0.0276209006720898 0.0602467674247532
-0.117367813096077 0.150248245359548 0.0367938266083212 0.000374599427856759
-0.119201995946788 0.0779693431574963 0.132556437261101 -0.118700876016911
-0.107160846148142 0.118728038663424 0.174298704042787 -0.0936702464358148
-0.00645187616217461 0.160059233304774 0.130736290120056 -0.131529821286136
0.0986538382918312 0.117999025608095 0.0445837969923513 -0.153666301565153
0.118623848851442 -0.000759931905849754 -0.0273006073630525 -0.096213625243548
0.0735158229107711 -0.0579945950095728 -0.0210523668110934 -0.0637438070495201
0.0413141854848917 -0.0906852029559433 -0.0139353650752272 -0.0554192991453857
0.0116950956555394 -0.0972197331631508 0.00364651087164807 -0.0625931709556994
0.0055142638588977 -0.0998137318693151 0.0244921254548039 -0.0750745086601024
0.0387691896353302 -0.085422926215691 0.0560607168473557 -0.0703700072167332
0.0744429063475319 -0.0613848583883243 0.0954780431341537 -0.0240824342405362
0.120050402769169 0.0159284484087365 0.0865363444304372 0.0391901163228554
0.0835122580151268 0.0989498547945855 0.0280232694335238 0.0765584188074756
-0.0227498175681657 0.123986551160488 -0.0216025096731139 0.0394181945328189
-0.1088196766044 0.102333556404715 0.0668316769195429 -0.0346786205525361
-0.0679192812836949 0.016489077711115 0.157332053582927 -0.12784314196692
-0.075270117730068 0.0485779526641121 0.175600100302159 -0.0974594345289451
-0.0197296846162648 0.0881090682192667 0.129933511236935 -0.106168397963833
0.0469854060081653 0.0744030476309973 0.0623613812771857 -0.12876547534079
0.068003286521861 0.0055381384040663 0.00437611373437207 -0.0986993157815335
0.0432692903136006 -0.0324786632337373 0.00315098431598625 -0.0830258540977859
0.0269288699763078 -0.0529549424220014 -0.00178949070248862 -0.0832546055805758
0.0110071711711818 -0.0603051018408572 0.00567776260187177 -0.0874163696311246
0.00735899470764212 -0.0642070349324282 0.0285888954461633 -0.101775479375539
0.0298295847266955 -0.0583656489760825 0.0677571223925483 -0.0895142805543277
0.0556205986493984 -0.0386629395573169 0.111236249007705 -0.0341031149497484
0.081420044268647 0.0222875183866981 0.0955362394932835 0.039243354074543
0.0438500707936067 0.0768360233670469 0.0331959206984833 0.0760087020605679
-0.0370259837470785 0.0779001913340721 -0.0171178794252905 0.0235792689524591
-0.0874716755756729 0.0403253394929984 0.0917846411017486 -0.0570901878435658
0.0312563334395737 0.0208366277752105 -0.106444707780449 0.0864988310065734
0.0303243830567537 -0.0271869881839726 0.016008774258795 0.0178218748457285
0.00284293325339692 -0.0401034536983947 -0.0192794598960417 -0.0915058856728043
-0.0278957221711344 -0.0185349672530644 -0.104418290381951 -0.0647383467266248
-0.0218437265255398 0.00924401369018074 -0.140582073772436 0.0246992865855655
-0.010932853967989 0.0138205078379037 -0.104868528845264 0.107646022919015
-0.0139442632546259 0.0134402201377496 -0.0426755621108612 0.126021917083452
-0.0118845729791724 0.0112009136023818 -0.00878758106973562 0.108953242678323
-0.0121174515736954 0.00497880242751894 -0.00416655014277643 0.10203763204219
-0.009745923118174 -0.00671654239864616 -0.0125830411202448 0.100990866218529
-0.00558513487711245 -0.0191219129636921 -0.0235998644049883 0.0980739037974395
0.0161211646022203 -0.0251558691829985 -0.0630108389308257 0.0975671655341715
0.0433565042822376 -0.0095836556458932 -0.118448221750095 0.087129628076595
0.0372209962600282 0.0253378333194034 -0.13935575872618 0.0887682491370878
0.019488460945416 0.047604548865009 -0.14743928262396 0.129659297367673
-0.0153346675406842 0.0833622478811536 -0.103627586978669 0.0627497835279574
0.021166659310141 0.042104421231354 0.022344812067229 0.00619547699390173
0.0393599962758893 0.0170734843445199 -0.0117748588971355 -0.114718282324784
0.0322111104986773 -0.000501969397224408 -0.109995591999735 -0.0932305978002783
0.0201501801213284 -0.0158046428680906 -0.156992667197813 0.013255228016387
0.0123094799772535 -0.0222997431146538 -0.118144252046694 0.101802505611872
-0.00322523998035908 -0.0343208508593833 -0.0499404567486855 0.124756625730181
-0.00835576069574818 -0.036053534508215 -0.00805729313613029 0.104415046981022
-0.00196894528814561 -0.0409239450563138 0.00064560156869917 0.0968582676828934
0.0226056322331176 -0.0371727415302694 -0.00403726101169724 0.0917604131556552
0.0416817321965509 -0.0293069065728488 -0.00936739729936259 0.0919928136754922
0.0694504671921555 0.00798237917178565 -0.0387442780593447 0.0976744505366145
0.0632149352921498 0.054009384923999 -0.0929777421374853 0.0953623650583678
0.00767385444819355 0.0874158800137174 -0.114077746228064 0.104230062865168
-0.0406578346951643 0.103578070290192 -0.123504661584713 0.131697833132048
-0.0676646693984406 0.132033455688788 -0.080203741470034 0.0261076560253949
-0.00608903225468603 0.112936972139458 0.0420287203604001 -0.0149037435534987
0.0646494659404908 0.086913752200884 0.00759681246885639 -0.142193605540754
0.0945973901790673 0.0319065739092957 -0.103484197686212 -0.12974956158283
0.0709785361876678 -0.0330719308078695 -0.163373354971287 -0.00930461169679606
0.0414848444204422 -0.0546231907012356 -0.122509065087368 0.0799000600743985
0.0117264308665651 -0.0774989369451199 -0.053905851517444 0.10610857981832
-0.00374224929346705 -0.0781354165239602 -0.0071353964129213 0.084319501570284
0.0023539523353954 -0.0811334637561973 0.0085130522099971 0.0751231839442709
0.0428613139143668 -0.0680456325779461 0.0108680130881669 0.0699337710187748
0.0749587310949363 -0.048294091219584 0.016213114477234 0.0780691686015374
0.118910651289297 0.0185232349975015 -0.00469089874336549 0.0954631077958466
0.0943715318706634 0.0955257072225816 -0.059991372194157 0.103007457782138
-0.000795172468532954 0.138887116574897 -0.0836998311541812 0.109971604091009
-0.0833071964479691 0.150038440139593 -0.0835235863116379 0.116886545080519
-0.116380177038724 0.158314483775186 -0.0363526261112468 -0.0172042222540041
-0.0464831723265088 0.167745937970754 0.0744404922535226 -0.0406168528617915
0.0703449876192913 0.156286670343444 0.0407275811057404 -0.164448930681828
0.14415695624966 0.0756033825422369 -0.0787902163058167 -0.16378867804551
0.119931643289571 -0.0383283827554664 -0.151731461707497 -0.039326450922626
0.0704630364693304 -0.0770156325161658 -0.113632434600687 0.0453872515148025
0.0286978744238207 -0.108290754206154 -0.0514076046306136 0.0724520087631886
0.000890606879579293 -0.108614832371077 -0.00568373793682512 0.0518524001411584
0.00298373730608838 -0.110039757136535 0.01530667305774 0.0411054301951775
0.0501625684739914 -0.0923811682179072 0.0256964186172194 0.0367231836421585
0.0915086227032889 -0.0683034917385036 0.0432861446491024 0.0545322762468902
0.151079552908606 0.0132389336608373 0.0294933278454616 0.084845480632088
0.121941545613199 0.112987278141347 -0.0269951590173006 0.103173669241682
0.00297236227951483 0.167850146458058 -0.0564381509898934 0.102320916687586
-0.106971955568348 0.17736139906234 -0.0390778196247671 0.085122246665377
-0.146575050961274 0.156242403519105 0.0223762679125771 -0.0606361958286547
-0.0883092238377198 0.190337250841703 0.114242770640402 -0.065073963331473
0.0526193089832308 0.202464949147792 0.0809829143162009 -0.170729412755231
0.162769388791421 0.116201895663356 -0.0377319505552764 -0.18155185729922
0.150672916575683 -0.029195877526643 -0.118484897165566 -0.0686324179282643
0.089836727635836 -0.0838811131501221 -0.0897234378762671 0.00382799264363881
0.0417895566303673 -0.121749506631057 -0.0424706339405063 0.0285911823546319
0.00541614374921964 -0.123000385048133 -0.00248617298975043 0.0123435176014795
0.00177863847729835 -0.123747492300635 0.0196225105348036 0.000737516678206388
0.0493895761281317 -0.104128957432676 0.0375676047404667 -0.00156258705792711
0.0934722560148944 -0.0786521318300322 0.0649098230308234 0.0249788706699147
0.160365571739289 0.00700679329953711 0.0565166893105766 0.0670277135263142
0.130255210938923 0.114987040491953 -0.000297936749783067 0.0953163555958875
0.00375732821675917 0.172418629255628 -0.0388736274147501 0.0833996594999781
-0.117542587604868 0.17797786312626 0.00157685767888506 0.0429310446477475
-0.148997008034957 0.126747621715751 0.0842811798588257 -0.0953711490695118
-0.113538723899086 0.170917993822746 0.152309319891304 -0.0823877435487836
0.0201165553281953 0.2047712334489 0.115409702950275 -0.157034842660211
0.143809625578556 0.134874968457103 0.00884500593306417 -0.176813591345329
0.150145533865954 -0.0129661387326429 -0.0723567862589309 -0.0886110504500577
0.0916047277504915 -0.0761198000020644 -0.0554769452425242 -0.0353112455066966
0.0463229988532956 -0.115542093608671 -0.0286301525223373 -0.0162248058222054
0.00913624582035869 -0.119584565272316 0.00102649478490113 -0.0276093598538396
0.00324607517986459 -0.119784537728499 0.0219184377754539 -0.0399378947654839
0.0450184801399018 -0.102159609159007 0.0463707042877301 -0.0390536211644294
0.0867053495708905 -0.0761655409918916 0.0814937449497042 -0.00334201446513477
0.148375401039189 0.00825488845787646 0.0746254226798852 0.0499572332068337
0.115074212876735 0.11014488600945 0.016532564376402 0.0851297512557977
-0.00658150577358933 0.15489526436583 -0.029037227317851 0.0605473118724869
-0.118345168945802 0.150797512399509 0.0365391784490953 6.60468550075601E-06
-0.120726469142841 0.0777154374754129 0.134692206081296 -0.118394298194491
-0.107920609545666 0.118544693194741 0.175533922132398 -0.0914464901178555
-0.00731638701642113 0.160040811420438 0.133513091189389 -0.12975754587481
0.0999638625723448 0.11861406211872 0.0455815655330512 -0.154648773218721
0.118168245811056 -0.000785229958993253 -0.0263924229174219 -0.0968689424895679
0.0742430721990486 -0.0573424669304061 -0.0212685031510153 -0.0654112092639265
0.0405219804052235 -0.0910830044162252 -0.0133537403799552 -0.0559239271159582
0.010728678842667 -0.0973521356261049 0.00354037656730193 -0.0626935251504313
0.00580212661030584 -0.0987441843702856 0.025302571915671 -0.0752844542354803
0.0389379552314848 -0.0857918681099013 0.0556869662692874 -0.0697093481676863
0.0745935688708722 -0.0606670383730261 0.0970076217470817 -0.023860984429922
0.120984677014604 0.0159099865789245 0.0869188747817795 0.0398528477670036
0.0831779466019575 0.098616960575189 0.0272422364898769 0.0774581726318365
-0.0233106468579151 0.122664716750037 -0.022738051647757 0.0394490787982223
-0.109203088874923 0.101994855963857 0.0666816279439732 -0.0347516126305664
-0.0684939289972457 0.0156178551508998 0.159833157743663 -0.126730514893826
-0.0762056177116621 0.0483746323354387 0.176465143484652 -0.0966738973722013
-0.020899721041976 0.0876217427619294 0.132559808157423 -0.105032444364414
0.0476334401107217 0.0748273219447835 0.0625637129951737 -0.128901932883008
0.0680022622924946 0.00547493858763416 0.00554625725252807 -0.0985411736532213
0.0432252089022258 -0.030856856774577 0.00247189345406439 -0.0845011562580663
0.0272733268255406 -0.0529105640233895 -0.00256969707528115 -0.0834063664249154
0.0110744814741024 -0.0609363225258118 0.00581559068597896 -0.087164345652582
0.00769881460686736 -0.0637116613376526 0.0289279842956028 -0.101156218107927
0.0295180290309941 -0.0583520318759284 0.0670262652592519 -0.0887947982528913
0.0556323761254964 -0.0383234094485831 0.112197705916732 -0.0334732013371039
0.0819799339499495 0.0223671912726785 0.0963332940264516 0.0405379066967428
0.0432985340067883 0.0770358514486637 0.0322110013919812 0.0771793238435144
-0.0376116994347094 0.0770424394201114 -0.0183899021529013 0.0237186590514146
-0.0869529033062184 0.0405240967266696 0.0923782810274682 -0.0572077289539999
0.0336507153955015 0.0193791619861727 -0.105046263905267 0.0948092638425763
0.0276293755534653 -0.0298331340660438 0.0199502356291198 0.0197836277769639
-0.00192115724460291 -0.040581280845275 -0.021744542442939 -0.0910450722111773
-0.031444291022829 -0.0151970301361022 -0.107766375817499 -0.0615295345215802
-0.0219649629222683 0.0122618700996353 -0.141358622554936 0.0336257760349495
-0.00913278745576068 0.0161116786407068 -0.09762407306024 0.115646613788387
-0.0119500467541461 0.0166406174033691 -0.0323024264177744 0.128636142611461
-0.0105791060752802 0.0129138642348032 -0.000156451036753193 0.111207919720679
-0.0120275244063549 0.00613354660383304 0.0048208695767675 0.105357011179942
-0.0117001452127195 -0.00669156788346766 -0.00404461481786908 0.106406356988359
-0.00848413303691951 -0.0193748574527912 -0.0176292327090536 0.103586547725091
0.0133516800830645 -0.0287480982577219 -0.0599615232635351 0.106999876377746
0.0419405635073322 -0.0159079931833959 -0.119822468642485 0.0998852421968579
0.0384098727109985 0.0211541461316515 -0.141142465935722 0.0979599442104674
0.0214156840053774 0.0460130759615362 -0.146626303751818 0.138305407702739
-0.00621193764223719 0.0867733174802587 -0.107749688687065 0.0662992662632339
0.0250515922311254 0.0404808228298914 0.0217807040350301 0.00681273348754622
0.0400201133488932 0.0117242071281721 -0.0209878854765934 -0.112453551571927
0.0308494134365373 -0.00431086408439052 -0.117425960918847 -0.0851353009921886
0.017005654488584 -0.0152721644836763 -0.156404589448345 0.0256099033186763
0.0112990214878149 -0.0215695909872443 -0.109463469204897 0.111852584219182
-0.00772542548492773 -0.0331676866308448 -0.0375895838319425 0.130213225733536
-0.011420862649454 -0.034974139990029 0.000326519238647073 0.105412564545705
-0.00654268242781032 -0.040922614946614 0.00906947899860896 0.0987251432681107
0.0181423426471269 -0.0410782874910852 0.00342051646828825 0.0969410563711965
0.0376014484201065 -0.0337919359812262 -0.00290513090808083 0.097312066104956
0.0701108894761842 -0.000366411537342991 -0.0368770209273223 0.104713351044695
0.0675326359474818 0.0468005680526969 -0.0948052975037581 0.104299028718365
0.0122717469373039 0.0875249423579605 -0.109689257632048 0.110071546187273
-0.0367850687983414 0.108733917011967 -0.115529955471937 0.138065920559383
-0.0533870834993827 0.139357497800741 -0.0889981730054625 0.0239338000497247
0.00519160149095629 0.11193116087645 0.0355152995060024 -0.0178073722409472
0.0732081472814364 0.0788965641393326 -0.00844288485502856 -0.140052172316707
0.0968430768327415 0.0200168361729993 -0.117276980156846 -0.118296931167463
0.0655550594908856 -0.0378255581571867 -0.162365650689698 0.00598139384973678
0.0373235667035461 -0.0561921498005146 -0.114530518994333 0.0916330174682276
0.00269463174317082 -0.0785114766935178 -0.0412979200928583 0.114810824258495
-0.0102332078158886 -0.0773807377851336 9.85713398187233E-05 0.0841302257744991
-0.00589239127158263 -0.0810313610417449 0.0158003936098029 0.0755586103120129
0.0357981859811695 -0.0729874785954412 0.0175870236467841 0.0739247051800317
0.0689726226193656 -0.0552085986260323 0.0224472920657805 0.0815114417483871
0.1208494185167 0.00584096671961631 -0.00275790968323359 0.101007210210179
0.102645130988844 0.0864527460994801 -0.0615526527049593 0.109111253083543
0.00799510225365939 0.141044491640247 -0.0754834749807283 0.112314658093371
-0.0777351245093035 0.160795235897146 -0.0712531135903865 0.119770228108351
-0.0984548267921426 0.168789867335078 -0.0486116676812512 -0.0256687354146194
-0.0300249981809538 0.170526253355247 0.0634244720064822 -0.0484946268858179
0.0864160533298403 0.14669494321459 0.0169499989745049 -0.164259586205528
0.151347861418369 0.0570780109320967 -0.100204863816592 -0.151159458331406
0.11367924772776 -0.0481698156543938 -0.152472744802043 -0.0218467786947822
0.0642068639327968 -0.0815092643531628 -0.107787527027993 0.0569030512080329
0.01573446849244 -0.112258533631229 -0.0406308532576959 0.083036308038416
-0.00810778233340621 -0.108329354783209 -0.000244796719111279 0.0510070230396078
-0.00838212397201772 -0.110184849535832 0.0194180070813676 0.0399724252900805
0.0413454194008837 -0.0979902347501428 0.0302258839996078 0.0386213402736368
0.0838832604736452 -0.0764130793111831 0.0487576140670328 0.056120523748306
0.152593176076459 -0.00249305596015994 0.0317196465836906 0.0883292601883939
0.131871002170393 0.102031936266558 -0.0280416545824424 0.106021517668939
0.0145613470865661 0.170905243404339 -0.047006847325453 0.101080249024969
-0.100288993168318 0.191565280507734 -0.0244398334827282 0.0840161380735598
-0.129686402617482 0.167880560710632 0.00962643501912791 -0.0737082364770021
-0.0696942571486537 0.195636330880117 0.101352471828532 -0.0779904897606276
0.0732735188977733 0.194428305936493 0.0535567490659929 -0.175193038320268
0.174815860791231 0.0950500084195848 -0.0627466920743609 -0.171070362518503
0.144408174162633 -0.0426708112378425 -0.12153387742593 -0.0513923494828008
0.0823697086916197 -0.0909305226137807 -0.0866929460847961 0.0142251482067933
0.0277254523523446 -0.127394330627012 -0.0353315939636695 0.0398888533908793
-0.00512928435020561 -0.123324612235311 -0.000472613926259666 0.0108110784210133
-0.0105996206650052 -0.122944547248429 0.0203135529023647 -0.00143959821425398
0.0391260582739223 -0.110044695237832 0.0387747742778598 -0.00169975871918884
0.0858070819959924 -0.0863208966169628 0.0691921585880513 0.0237253865645933
0.161253036112293 -0.00974543843677973 0.0589785332458322 0.0684389314732463
0.140732273300628 0.103726071072975 -0.00124939915829387 0.0958342452660568
0.0161741317737697 0.175171562994338 -0.0298626396389711 0.0801461817312857
-0.110089139149797 0.193670620362318 0.0163089545182909 0.03807104318376
-0.135219145920732 0.139342928097162 0.0731258569574681 -0.112300943966606
-0.0965990138332814 0.177930547785453 0.139384466978199 -0.0983429761604626
0.0407953064443297 0.199005030602221 0.0895625663153495 -0.165729735378913
0.158020806206739 0.114639229716918 -0.0166632228602913 -0.170168500283296
0.145009323222807 -0.0279738221845082 -0.076983831953412 -0.0743328338581318
0.0845726519657491 -0.0836458310711297 -0.0556802140102377 -0.0279570155577424
0.0333452912796822 -0.122033703354516 -0.0262973281097196 -0.00627793667469484
-0.00144401198991134 -0.120139242642677 0.00030205635811481 -0.0296607090825836
-0.00909816149871281 -0.1196702179797 0.0193733090571326 -0.0426456179284848
0.0351931771895271 -0.106163762998427 0.0454949219669756 -0.0406975683282625
0.079584372363647 -0.082561153352786 0.084988352525759 -0.00683320837237667
0.149082611619238 -0.00618773739237795 0.0768676180413993 0.0489305565474169
0.124696212410725 0.10028191527901 0.0162574614127548 0.0844808167646833
0.00471415374455695 0.158279831421894 -0.0213968843875846 0.0573276980924956
-0.112012803758175 0.16616631054139 0.049071380287399 -0.00598828598378514
-0.112127233442287 0.086422834057266 0.126714201457188 -0.134905073135072
-0.0959756440774681 0.125097487112453 0.164656871440352 -0.10961480489441
0.00937555486886248 0.157802680957734 0.113836526093181 -0.14154114049916
0.112544019346301 0.103821114746135 0.0239977010613128 -0.153191563908177
0.115322132293075 -0.012874871125469 -0.0328196081037271 -0.0879088346901693
0.0687240132402108 -0.0628956402956244 -0.0243095784213871 -0.0612806083180163
0.0299450015922534 -0.0969414731679693 -0.0151815339122225 -0.0485757075131151
0.0022985535821321 -0.0983015379502031 -0.000424170573686791 -0.0645126488527843
-0.0042625901754671 -0.0988250143670665 0.0200984354318018 -0.0787710817125482
0.0310888683262686 -0.0886180070226103 0.0525049944129345 -0.0735204464073721
0.0686199807915222 -0.0655590810525674 0.0987528956244721 -0.0297245169052084
0.122308395789856 0.00437764509917883 0.0901155751610412 0.037131155588424
0.0915433143937599 0.0918323452610718 0.0276516802071976 0.0763105623325439
-0.0152425288753663 0.126304875559346 -0.0169110639474073 0.0378499248602516
-0.105364006360332 0.115410926413398 0.0764310497759224 -0.0412823483104081
-0.0668573256652688 0.0200556022100075 0.155755524600886 -0.14131009520616
-0.0702981036022539 0.0525170546147038 0.169839206287209 -0.111983259411585
-0.011015595710148 0.0875611871724193 0.120391392034553 -0.116143489443433
0.0558200295165699 0.0665467066886194 0.0475394202532474 -0.131948794444321
0.0662607377589656 -0.00253438092586704 -0.00140844245357694 -0.0955061086826851
0.0400575097086327 -0.0350466487056853 -0.00319833549767918 -0.0841395014810541
0.0211391892981548 -0.0566226061996642 -0.00843509925343011 -0.0795425495127446
0.00496913579455701 -0.0623748340756983 -0.000134802669046283 -0.0884005821553906
0.0010934978423387 -0.063868235134643 0.0216627936758669 -0.105654709379985
0.0240096363485696 -0.0605987688997117 0.0627808918548006 -0.0942926803615597
0.0515320437787195 -0.0420621702612946 0.113898205545021 -0.0413098109523209
0.0833292727946809 0.0152083244400953 0.100183485997843 0.036469878751883
0.0495443547389085 0.0739663424482364 0.035932724377989 0.0756203031186435
-0.0333477013588271 0.0808093912565735 -0.0136954417467019 0.0236576438733096
-0.0862753855183257 0.0501659974864966 0.0972715046675606 -0.0630213383167559
0.0346149277944446 0.0196206421362375 -0.101955953555561 0.0986687325019547
0.0260961718864462 -0.0298340603531901 0.0224243204523771 0.0192952373728505
-0.00324985537718742 -0.0407485600332572 -0.0251467896399763 -0.0919477045805971
-0.0316386312384623 -0.0139723183089448 -0.111011013891933 -0.0581324725729518
-0.0212469966536894 0.0128105204908377 -0.140306986170933 0.0396790838957193
-0.00770253722588093 0.0161880641963593 -0.091536524490036 0.120542013586356
-0.0110399536618764 0.01716869785126 -0.0263790443301307 0.130246262223794
-0.0102178136019156 0.013192865161089 0.00486752599537701 0.110986405711222
-0.0116820500477565 0.00639725139436371 0.00972344402476989 0.105073087265014
-0.0119428722177196 -0.00649226188100774 0.00207921074606753 0.107131394203377
-0.00940707919542481 -0.0191510828697065 -0.0134318501929493 0.105613076979057
0.0131269791371018 -0.0291974168490624 -0.0576337425640367 0.109746281599254
0.0411402629745448 -0.0174140449959889 -0.116500554054492 0.105815420287442
0.0388260369946272 0.0207392459717558 -0.13793394978137 0.102356749305618
0.0230678238248032 0.045879980071422 -0.142992092540931 0.145658443820481
-0.00267030124522377 0.0881614242711296 -0.105645995178396 0.0703973249856538
0.0265960461751783 0.0398673151122089 0.0232259530533594 0.00602338073554028
0.0419842339716925 0.00992457187206139 -0.0250885178918784 -0.1137126300355
0.0316860253892728 -0.0067213135468684 -0.122983277215827 -0.0826413681081284
0.0169070790267765 -0.0169907731998356 -0.155704267180672 0.0316578395126119
0.010506989284121 -0.0228634458509398 -0.10363583118038 0.116973743293517
-0.00950903548767816 -0.0324591194032857 -0.0307807696152583 0.132135605925987
-0.0135262700684088 -0.0345263139319325 0.00461509253750453 0.105525817638597
-0.00857796766572951 -0.040559850809332 0.0145943932225893 0.0986097577616578
0.0158677091250431 -0.0421949240107918 0.00973904945134221 0.0974176385155122
0.035968726260044 -0.0356650981884403 0.00175221241676042 0.0980724332628123
0.0717120335533096 -0.00371898767503004 -0.0338448481289295 0.10769657045795
0.0694425961827643 0.0444479832296896 -0.0911984670436359 0.10933164309902
0.0153007119117508 0.0890434159183094 -0.106333421981573 0.114165629069036
-0.0333954178459706 0.112024985415897 -0.112138628555532 0.143921138965938
-0.0478540988627152 0.143112238518668 -0.089450880690879 0.0274570783339593
0.00962449472793606 0.113237298854132 0.0360222057924473 -0.0183905636070668
0.0777792834417286 0.0760033498759432 -0.0137415294578214 -0.141224765264866
0.0997342007638362 0.0150256178423964 -0.123709404876532 -0.115548547548694
0.0647567656341529 -0.0412083060052648 -0.162427479848301 0.0125494750948275
0.0353431363273731 -0.0591861126706227 -0.11036271561319 0.0968102379802551
-0.00166279389096527 -0.0789596429057691 -0.0350120181033261 0.115560325766315
-0.0156505358097983 -0.0774026014107327 0.00345676200910055 0.0846848489862348
-0.00966248757202317 -0.0813511931428576 0.019641652944525 0.0746330098311277
0.0327007396919258 -0.0759293540729103 0.0221583744207845 0.072833029143312
0.0671727268663907 -0.0592226108029075 0.0265970677304064 0.0811015170747399
0.122730351150845 -0.000493257510106357 0.000942047397152273 0.101855768009432
0.107048812054937 0.0822924035110236 -0.0580192859277368 0.113153499844892
0.0127174513097744 0.14269347518143 -0.0718280462553161 0.115226584874028
-0.072026114600466 0.165541897436364 -0.0669245604063659 0.123190655584251
-0.0928569213158223 0.174154982448008 -0.0504247882993756 -0.0239767715628842
-0.0231773377324548 0.1734652351853 0.0624138919321272 -0.0501694062479496
0.0940528098575239 0.144246118807667 0.0113155587754304 -0.167041261092791
0.157169065011613 0.0503932962836541 -0.107406252489129 -0.148831056357497
0.112604894062131 -0.0534860302120938 -0.153176434412749 -0.0160406380417177
0.0610431406355995 -0.0853683111653289 -0.105401781425553 0.0615390456008282
0.0097849070803549 -0.113313677585415 -0.0363708760902395 0.0833638602919369
-0.01499242551264 -0.108533782108562 0.00157116460314457 0.0510909170475439
-0.0137950175456471 -0.109720781649929 0.0219588558052263 0.0388481196749454
0.0362430889353832 -0.100859873498246 0.0331293828005515 0.0375532309150398
0.0813052930286597 -0.0808236346587058 0.0524405078802531 0.054052569536347
0.154882570247645 -0.0106737761296504 0.0354675113277254 0.0872337441059512
0.137591678090191 0.0970260685526397 -0.0243188699364889 0.109447326168305
0.0208347464487587 0.17177572445109 -0.0431781551725972 0.103406292815907
-0.0916770947981915 0.197887757153371 -0.0217315425153978 0.0846573395273692
-0.124540368783789 0.174937434687139 0.0065708337928788 -0.0750923995946297
-0.0628435503201874 0.200847805202115 0.0991257945133689 -0.0817164380779036
0.0827058421821016 0.193065551641338 0.047536385171947 -0.179256063944886
0.182035972182734 0.0875889501199126 -0.0711053006528996 -0.170195022489122
0.143565062236372 -0.0494672913651907 -0.123702589156171 -0.0477264243605824
0.0793482434390227 -0.0956751461858931 -0.0868221784557582 0.0177533569531455
0.0203363819312773 -0.129759635120964 -0.0327873788690611 0.040843386912468
-0.0126573784298292 -0.123489759871745 -0.000522447654242549 0.010981498404528
-0.0163446536650441 -0.123014284603141 0.0203425737585697 -0.0031588751715301
0.0338008211957429 -0.111997853777481 0.0399345150549272 -0.00301272472098532
0.0821471281164693 -0.0905934894407845 0.0721807957326566 0.020361521939147
0.162326671986951 -0.0183442074885022 0.0628843725159025 0.0666312544714485
0.146668330488479 0.0975050188620713 0.0019844382624363 0.0983384720671586
0.0232946219442382 0.175859661637156 -0.0267051524380839 0.0821699900042889
-0.101419630381474 0.199819340558908 0.0177907480009895 0.0374257138437104
-0.131109793663782 0.145511014930939 0.0692721966064063 -0.11600947507627
-0.0905488064672196 0.183905860239577 0.135966463493429 -0.104054074806941
0.0497551169359284 0.199446221801112 0.0847771205679052 -0.170286380273197
0.16550129399943 0.108150487479385 -0.0236555959971402 -0.171243763592686
0.14532141973669 -0.0342503346310878 -0.0799466883844137 -0.0725751152928878
0.0819250403759746 -0.0877261777207926 -0.0575535435657738 -0.0263274954086855
0.0257230952650014 -0.124138142304029 -0.0259624436143974 -0.00635395429397844
-0.00868676025698337 -0.120588302283594 -0.00194439814364955 -0.0301247001510261
-0.015103798217777 -0.118856555168803 0.0174559566076719 -0.0443363195963849
0.0302980077646952 -0.108396320471759 0.0439714570697678 -0.0429658796712562
0.0759952027672747 -0.0858148073689505 0.085812651813867 -0.0109023248427216
0.150475250996396 -0.0143648167567646 0.0802691658986134 0.0463289836786512
0.129745186483473 0.0954192032804355 0.0197432852840791 0.085087263305888
0.0099105554081853 0.158955953470234 -0.0194435280565649 0.0595750058796437
-0.104785329250337 0.172071029770899 0.0489233402772232 -0.00867820802105877
-0.10969166730429 0.0914105048113905 0.122550298179852 -0.140466601302854
-0.0918089925687884 0.130569244587731 0.162008515792571 -0.114869735791539
0.016080099805009 0.158733054049229 0.109628754367383 -0.146710861486837
0.118683821661166 0.0989908828920981 0.0171830706948707 -0.154979802691574
0.115333827894506 -0.0180614454918959 -0.0355384811409202 -0.0874124624571547
0.0662366374121362 -0.0658987459351826 -0.0280473420679431 -0.0615646605410708
0.0242709538441227 -0.0984520227155777 -0.0176800386763572 -0.0485482330127781
-0.0037190876479874 -0.098950477280552 -0.00344015964385027 -0.064371238379213
-0.00883186528528845 -0.0992411716358709 0.0158181431938573 -0.0806276610042493
0.0266601426009486 -0.0904743955306871 0.0500185234029041 -0.0751272486591268
0.0657230834368792 -0.068724523508788 0.0981699462955127 -0.0344602243696213
0.123799701656119 -0.00187760653971561 0.0928240849032149 0.0337491065128166
0.096530753737583 0.0881051751469086 0.0313957422339844 0.0765197069171158
-0.0108987636009542 0.127451231195324 -0.015510265811295 0.0392032328000026
-0.0997600466892647 0.120936579464977 0.0749816890210682 -0.0455510630757089
-0.0660684627664206 0.0225772574945404 0.152787966597224 -0.147765796430741
-0.0688231314834668 0.0554488801970183 0.167336827117462 -0.118470122520929
-0.00756124624315958 0.0877737823563666 0.116944601587529 -0.12094778741536
0.0585085928899192 0.0642758163176376 0.0423265551132037 -0.134123476379543
0.0654283837137077 -0.0050168402320962 -0.00517079966883698 -0.0963135070349862
0.0383173116575747 -0.0358691874187926 -0.00839605658311448 -0.0852668812442574
0.0176439112202873 -0.0574260895239253 -0.0121242175565383 -0.0795670884676055
0.00220407868586978 -0.062928989595716 -0.00410445369547812 -0.0887221439496117
-0.0011642293396458 -0.0639215939053083 0.0171185112738261 -0.106442416947406
0.0211255768174514 -0.0616236738864859 0.0582621955519755 -0.0973740885599861
0.0500376111503651 -0.0441325773308515 0.112806363920645 -0.0461806174873622
0.085216333844231 0.0109192130781534 0.102655651149158 0.0326505177541286
0.0531319254188151 0.0717369894062587 0.0382285954957252 0.0752938268329946
-0.0305120939448233 0.0817880027353398 -0.013705034904309 0.0255730126245351
-0.0838101726725126 0.0543366270886704 0.0954005575820571 -0.0687036400094926
0.0347887584429598 0.0186452124628356 -0.0953631987107771 0.101992545195974
0.0244134692023949 -0.0293947040956459 0.0244361154587959 0.0173707829604948
-0.00477594772408685 -0.0398573380185184 -0.0288246331891213 -0.0906392367567374
-0.0314318701105118 -0.0123902427835881 -0.112396140486295 -0.0526362660971807
-0.0197995374657029 0.0130283132800359 -0.135673427749406 0.0451665932283962
-0.00712248659236465 0.0158192736901446 -0.0818041705728633 0.121748239696153
-0.0103384039309737 0.0177773792931237 -0.0185884369232722 0.128491407303187
-0.00943719257550765 0.0134805024989199 0.0101126936437874 0.107840204043285
-0.0115702988862723 0.00701444156884479 0.0162105708313165 0.102223843398648
-0.0120194346248286 -0.00555430409394393 0.00873127695370593 0.104711271832383
-0.0106777224164553 -0.0179751417603665 -0.00853917125425861 0.104214850618546
0.0114342564245845 -0.0295814888686666 -0.0520011697906877 0.111253570256356
0.0389606286860416 -0.0192465362034721 -0.109318485435583 0.109788102272216
0.0382662920106337 0.0207542528987459 -0.13123030317527 0.104863928439997
0.0243141221116522 0.0443985738856905 -0.135136337855804 0.149143035749868
0.00101541151683416 0.0871572652376833 -0.101034156647079 0.0736697412045493
0.0282498636240135 0.0392210330666557 0.0241927110314072 0.0052162059972963
0.0418055890749247 0.00767455590962213 -0.0294655576268786 -0.111538330706683
0.0318179867042841 -0.00900427333392049 -0.124683124747018 -0.0754304222002858
0.0163150185313156 -0.0177162924628314 -0.150340972572397 0.0375665995059966
0.00945896971763701 -0.0232403845943256 -0.0950466142837047 0.119593801716361
-0.0112780543575299 -0.0314999503192506 -0.0228518644996027 0.129493732563692
-0.0160775355270626 -0.0326540635289588 0.010238686631684 0.102477772041153
-0.0106942824370136 -0.0395017910803107 0.0202962984900981 0.0945284524006072
0.0133746747169054 -0.0426261816936452 0.0153885675988212 0.0945573621467208
0.0335818057019526 -0.0368483348400256 0.00619057515959754 0.0959606412297942
0.0708964872432138 -0.00753395067936768 -0.0288408671244381 0.107224297356303
0.0701336750522716 0.0401083281665318 -0.0847404140859282 0.112575001595083
0.0183068042798228 0.0881132726086777 -0.0997228634017702 0.115750984274281
-0.0271844277437665 0.111706661941749 -0.104257968819565 0.146131842262457
-0.0406245418508322 0.142791702119051 -0.0866540372628665 0.0308547173607631
0.0148374847183302 0.111299160621276 0.0355988162505929 -0.0190232591968267
0.0804455038632947 0.0713796924716839 -0.0194360716475682 -0.139539356533156
0.100109068791932 0.00877944980372824 -0.127384765222373 -0.108249121475934
0.0616987583176966 -0.0440856290324374 -0.158140410009151 0.0188268534347885
0.0315498401269462 -0.0605090143478434 -0.102365130811494 0.0996716671600114
-0.00620370848305504 -0.0770746987442595 -0.0278444600348421 0.113626411040134
-0.0202694573145566 -0.0747335066062547 0.00738129502983959 0.0819011765792953
-0.0145735028066816 -0.0790227309368035 0.0235107757503888 0.071031746977318
0.0270122702048243 -0.0766868609294894 0.0262755930239592 0.0705425178510631
0.0628712137512015 -0.0612769083967885 0.0309640919814127 0.0779322365967089
0.121287604614538 -0.00764585643406157 0.00460898113939913 0.100367769546676
0.108884447455595 0.0756704215961365 -0.0518929279959616 0.115258544362516
0.0184314986740287 0.140565516541153 -0.0650023989298728 0.115934087996481
-0.0626017917656213 0.167100471981398 -0.0613799187905811 0.123045903336461
-0.0829874367311844 0.174653478849243 -0.0506725621797007 -0.0208934291726539
-0.0152050399040565 0.171458093235669 0.0599227734699417 -0.051248202393634
0.0999974235616072 0.137669086745359 0.00430615076560418 -0.165594914262517
0.158330144039893 0.0402653430222937 -0.112977121685246 -0.142090957305529
0.107883549401712 -0.0582683687471284 -0.149791269730891 -0.00994937758972609
0.0554093946282484 -0.087921022887936 -0.100069415402086 0.066106187092863
0.00274628327764076 -0.110982608989049 -0.0304724534592107 0.0815720212925755
-0.0217935668284718 -0.105374936894956 0.00357836398175121 0.0493221018596361
-0.0198429461142737 -0.106297677342903 0.0238334255490258 0.0358375064705654
0.0302031601011284 -0.10127835444001 0.0351542329727357 0.0352036498046746
0.0753696308779531 -0.0835517863596919 0.0543834199669143 0.0498870322354056
0.15192642133159 -0.0194611128748408 0.0389410218473729 0.0843116075679181
0.140072397061866 0.0880085169250513 -0.0192087381858148 0.109897435725834
0.0282802982815644 0.168060671197294 -0.0384062842209241 0.103056477701553
-0.0802867854492428 0.199137497847204 -0.0180072817975665 0.0833826295860971
-0.11445444978968 0.177099570493441 0.00321487928251022 -0.0739530202999368
-0.0524104694153631 0.200278536085559 0.0936671473652183 -0.0833540668580177
0.0905245720105016 0.18581243175992 0.0400123220695533 -0.178447240933196
0.183770240090955 0.0755701982750181 -0.0776282759056993 -0.163840562283383
0.138004240886388 -0.0554752318510385 -0.121624526750629 -0.0420038530024257
0.0730911206660424 -0.0984192731885326 -0.0850548521479733 0.0211108173469334
0.0120791286741543 -0.127455361249234 -0.0300028944702027 0.0394704187579162
-0.0209159071758146 -0.120507231403274 -0.000351159408688787 0.0102154928912953
-0.0234355177847803 -0.118881995669106 0.0201456186664292 -0.00431634828974565
0.0268296321922611 -0.111611585100433 0.0395117577575031 -0.00490479882282081
0.0762907493678053 -0.093029856287106 0.0718449882208697 0.0155265331289161
0.158976607233303 -0.0270836574948154 0.0643014765191636 0.0619772317655883
0.148487837025019 0.0879513311507796 0.00721058693676482 0.0977180191895249
0.0306045635550768 0.171555887127994 -0.0226630223681186 0.0822347936979255
-0.0887803137584009 0.201914192534131 0.0187046129388785 0.0348108991424485
-0.122359749795307 0.148904236009597 0.0634011836987141 -0.116257937180574
-0.0800880241303268 0.185466830615094 0.129082096531244 -0.107563480908929
0.0586077108875359 0.192688469853564 0.0769479461863775 -0.171333544076484
0.168694768406105 0.096916232869811 -0.0315981855123008 -0.166541755320295
0.140169214643569 -0.0408418776041119 -0.0803612012544299 -0.0688255875617762
0.0763233395287559 -0.0900939055689877 -0.0591136103400417 -0.0231255715267763
0.0178397335001215 -0.122197009511585 -0.0252948853009576 -0.00616308368267511
-0.0161942941280718 -0.117357423061351 -0.00401392667277199 -0.0288179203996579
-0.02153664619867 -0.11502126551489 0.0148474957595794 -0.044081896519873
0.0233307288624424 -0.107682895870123 0.0410934979818275 -0.0434369436125272
0.0705034538949338 -0.0881029432753886 0.0838602730181429 -0.0151842647207644
0.147173407039711 -0.0228528234720543 0.0810557003977981 0.0415872363710714
0.132626600996835 0.0859122083129881 0.0238517075902167 0.0846344089933688
0.0173291856922491 0.154737780260255 -0.0168038431834451 0.0594320716102035
-0.0935408091352493 0.174927194837682 0.047319187900033 -0.011522895893369
-0.103406797947713 0.0947589680031642 0.115050018970989 -0.143532255790374
-0.0844536179225247 0.132397140055252 0.153689026210586 -0.119531409414725
0.0237189116049277 0.155080274593171 0.102929521708153 -0.148683245946806
0.121804631566693 0.0900332278321182 0.0096412206439206 -0.152356619205153
0.11142913595257 -0.0236889577202982 -0.0380929230791047 -0.0848861188342563
0.0616382566654969 -0.0679898530972781 -0.0317708935823411 -0.0595052900038327
0.0175716495980019 -0.0977076925112171 -0.0200162003012706 -0.0474636792813799
-0.00977362719689006 -0.0965450843700334 -0.00638722430475126 -0.0627665166768172
-0.0143680967763203 -0.095962351371845 0.0110965171494345 -0.0793216671298023
0.0210324531375862 -0.0903413819784591 0.0446299373186725 -0.0750705842918115
0.061563530153924 -0.0707392949742885 0.0952236873437428 -0.0394211541943036
0.121844882624944 -0.00911474821923341 0.0927485559425681 0.0283624061355457
0.0985709880361851 0.0804107569338192 0.0338520109677056 0.0747942518193397
-0.00464849186131957 0.124873335426531 -0.01411298124834 0.0398538646710104
-0.0907510464251365 0.123814126097582 0.070364042397815 -0.0487566061150404
-0.064540972649914 0.0260969282316375 0.144864691536231 -0.15197044993711
-0.0651547158044772 0.0581530085087199 0.158856818065641 -0.123472791232187
-0.00330074598997301 0.0860728611109286 0.111248385516745 -0.123452273443591
0.0603604880660871 0.0595720583143923 0.0352421334830522 -0.133275356774938
0.0632942758343999 -0.00808323918540063 -0.00920933434489369 -0.0941498833755797
0.0362610813554083 -0.0367556142339437 -0.0129889881958376 -0.0834649180702015
0.0138698395421959 -0.0569715348624802 -0.0161074931515869 -0.0774608870039089
-0.00252461389675034 -0.0612938131563741 -0.00882855254454954 -0.0869389615683179
-0.00457113068374059 -0.0631430213231979 0.0108543717757167 -0.104465224401587
0.0174017509960275 -0.061856997350208 0.0525216567576261 -0.0966102409311898
0.0465941767046923 -0.0455909593499665 0.108319527590187 -0.0512110853324336
0.0844022181987121 0.00583962642516757 0.102634003299409 0.0272258605051399
0.0553737031300982 0.0669937564369082 0.0412452037719611 0.0733977840053893
-0.0267276615900949 0.0812326115789169 -0.0131453848272067 0.0261261604556987
-0.0784373946425183 0.057316533394213 0.0889150140992889 -0.0715398780611602
0.0342910429535544 0.0172315874611817 -0.0890363941569316 0.100648624628274
0.0228692432241694 -0.0284041758057034 0.0258771437034199 0.0160112599114683
-0.00538334669065276 -0.0385164952426741 -0.0307357212720536 -0.087435254783318
-0.0300442286995274 -0.0112912080523469 -0.110665423202009 -0.0483824575741396
-0.0182817430735303 0.0119419923825799 -0.12870864176606 0.0471710304260569
-0.00582711857040671 0.0148364089687584 -0.0736753151455159 0.119064247577611
-0.00929758961780931 0.0173801424785814 -0.0132377102508758 0.123170118568205
-0.00870404712637394 0.0135539247816233 0.0129662206548145 0.103602404840185
-0.0109442850363478 0.00679769793528876 0.0193795836243768 0.0978443259000737
-0.0117617166237082 -0.00522506663417676 0.0122555273986168 0.100325610170454
-0.0106208256135959 -0.0166013291310924 -0.00591789377271914 0.100758106285953
0.0106145809306106 -0.0293454872551639 -0.0485012531932344 0.10870472621321
0.0366549896564826 -0.0187769241583216 -0.102417004938055 0.108197420361949
0.0373963615517072 0.0202638254319579 -0.124183893875233 0.10275507832196
0.0247865722579149 0.0418616086546693 -0.127759172369481 0.147598617994592
0.00410389664909202 0.084889124742518 -0.0958469937355821 0.0734012178354022
0.0283236825831421 0.0372946874415107 0.0253464030394834 0.00431669626924275
0.0416803658072054 0.00667325739922989 -0.0321731845353515 -0.108104454544221
0.0307858243723443 -0.0101142362583863 -0.122859599264548 -0.0704492801557089
0.0153890991489886 -0.0182330668092907 -0.143834865494795 0.0396528477532499
0.00838148395385082 -0.0242194623461512 -0.0865437238732028 0.117321390264932
-0.0125353670117008 -0.0295258237721484 -0.0171564429842345 0.124268104026287
-0.0170075795541234 -0.0308553367962285 0.0124865930628218 0.0979222370589798
-0.0121385250832332 -0.0375678990566776 0.0231918287082923 0.089412313626664
0.0115281775445366 -0.0417370819452513 0.018759362608318 0.0898251739008178
0.0312617130131448 -0.0362425987539304 0.00899089551297721 0.0923711751828166
0.0687220998844059 -0.0103842312960723 -0.0254663875333509 0.104487357619537
0.068433754169861 0.0368349370385854 -0.078696200211704 0.111475054286079
0.0196353685723177 0.0858064209449695 -0.0930900423723862 0.112266555877294
-0.0233672731231457 0.109056905265554 -0.0977621591615157 0.14305108088133
-0.0355507791664406 0.139174354131967 -0.0830347778080463 0.0318907942875736
0.017020991369614 0.107622137892009 0.0348348112992646 -0.0193637182256004
0.0806357758518528 0.0663461143680052 -0.0224400556741214 -0.135453882515171
0.0976850123653961 0.00435789942029076 -0.126451208456298 -0.101589494393549
0.0583040894284629 -0.0446998593143765 -0.151161705196743 0.0213174338549899
0.0286425338834907 -0.0602063033155841 -0.0952919930066428 0.0989386857991933
-0.00915267252797338 -0.0733004401632891 -0.0226732925207179 0.108379987239056
-0.0232842871650811 -0.0706344398665734 0.0091375331253071 0.077977234465311
-0.0172491556646217 -0.0753066243775482 0.0251818822450302 0.066660914037233
0.0233680483323869 -0.0747812907725505 0.0281755969348585 0.0664190697573548
0.0584581016681414 -0.0609894061402533 0.032168714352797 0.0743365423312015
0.117113920201899 -0.0125054107851848 0.00692478866196251 0.0965910133712605
0.107182690066669 0.0695723439012228 -0.0468922306575506 0.11345093177667
0.0217195985529744 0.135822896311303 -0.0603340427503047 0.111864181676648
-0.0549827453395904 0.163018033155559 -0.0566078217940474 0.11993103173823
-0.0759070126674947 0.171545645049357 -0.0491518202198019 -0.0194340881331859
-0.010861854822607 0.166926466769648 0.0569012282104009 -0.0499726869086731
0.100647993393695 0.129937648941287 -9.57784294639334E-05 -0.161202995279986
0.154889897405928 0.032714842049461 -0.11329731339131 -0.134310188263018
0.102061033441992 -0.0597397493127908 -0.144175340255261 -0.00707749343070266
0.0510485417300654 -0.0872984459220024 -0.0946420743197658 0.065733000784766
-0.00146400234999646 -0.106725481863951 -0.0268580125556055 0.0776615918208415
-0.0264668614419286 -0.100062209642053 0.00474839770102949 0.0470295129921155
-0.0228281777852243 -0.101564478997877 0.0239732877768117 0.0328805517119186
0.0251021594999249 -0.0982911049847888 0.0356503343461787 0.0322256148663446
0.0696088165265662 -0.0829255803709857 0.0541549014479269 0.0460438575844167
0.145592395082145 -0.025102691383606 0.0390441004138936 0.0803146867704543
0.137304782851413 0.0802330711127751 -0.0153432604804541 0.107820080387797
0.0314524526086832 0.161945560826572 -0.0346456527535848 0.100043147539403
-0.0709691228848749 0.194286156650277 -0.0160017882756046 0.0800466181482533
-0.105927586225204 0.174382892886861 0.00174051923727743 -0.071238800243223
-0.0452341714074632 0.195653247459756 0.0888475035544324 -0.0816901688180311
0.0929467290758674 0.17636406625429 0.0344490207846238 -0.174495841366848
0.181283662798568 0.0662794286751188 -0.0795697142677645 -0.156608533986025
0.131648992568156 -0.0578188775526072 -0.118545846023651 -0.0382401087377745
0.0672691718454681 -0.0975456999515117 -0.0818303147213819 0.0228025486005453
0.00708332084857433 -0.122145627100288 -0.0274970829985221 0.0373126672221533
-0.0253265211301827 -0.114336281870448 7.31317538561562E-05 0.0102307743049342
-0.0265493321395223 -0.113331150313217 0.0187174114881006 -0.00536527120600148
0.0221323817681142 -0.108567109327127 0.0386047331757804 -0.00586979435963989
0.0699647776093008 -0.0922086767063485 0.0699340848888181 0.0125257955013695
0.152378141863535 -0.0324911826537834 0.0630613121401775 0.0576032832614172
0.145516340846615 0.0793978189865927 0.00885059161897218 0.0960094845839447
0.0336223596101929 0.164546444960596 -0.020277220542003 0.0798013144027677
-0.0789188990685816 0.197312325607523 0.0180162369735498 0.0326733843899033
-0.114197721991047 0.146789350124442 0.058834067281552 -0.114179427742016
-0.0730741089065927 0.180779631512403 0.1218877249417 -0.105380111567167
0.0630576931519351 0.18486164409493 0.0701763137185997 -0.168222681209717
0.165967347945121 0.0878842822684338 -0.0349008493547316 -0.159955282786638
0.133524140028406 -0.0433374167224341 -0.0790692274035429 -0.0648008964211542
0.0702849734146988 -0.0896095811603047 -0.0584779155924307 -0.0208083373938658
0.012474670633783 -0.118462750035318 -0.0241429231241158 -0.00657440125622553
-0.0212689702311459 -0.111663206288153 -0.00484765606718394 -0.0270248124883195
-0.0246827976909389 -0.109934857932285 0.0123638805586503 -0.0426206847278067
0.0185313606522669 -0.104009753401088 0.0387155957593518 -0.0422539636265294
0.0652669659484248 -0.0872093240977784 0.0803721112984572 -0.0176884593482877
0.141240652167617 -0.0273644737431621 0.0786030591209341 0.0375422491224691
0.130231439877564 0.0779996136140962 0.0254199091608498 0.0822011732425647
0.0205024926971237 0.149069360188952 -0.0143670289317514 0.0581151766708661
-0.0836318782076319 0.170155772494063 0.0441006688169087 -0.0130138344317992
-0.0972626745341497 0.0946452195181104 0.108471443908353 -0.141720110766419
-0.0781822871750672 0.130612141947596 0.145638510296703 -0.117850241304431
0.0272574348365418 0.148342746512792 0.0959942520172368 -0.146626028526676
0.120294300793031 0.0825250727988607 0.00540368274622195 -0.146498301593879
0.106434858584804 -0.0251314168110969 -0.0387279238750735 -0.081342331356107
0.0577604974840965 -0.067323111583071 -0.0334131702343082 -0.0565926016127822
0.0135701765056218 -0.0936659813663989 -0.0206831468784381 -0.0455710667317972
-0.0142289661915254 -0.0925105232715735 -0.0084460214214515 -0.0602178899269422
-0.0177530973108297 -0.0915293063588992 0.00823694849848875 -0.0756519178593995
0.0168535522419675 -0.0868647562774572 0.04124277129816 -0.0731801696093561
0.0568064261853459 -0.0698975584874443 0.0906803782048755 -0.040822371357368
0.116823318333832 -0.0131731897852498 0.0897585077140455 0.024941110099514
0.0970564710764505 0.074062835587887 0.0352463180239743 0.0724067813570525
-0.00184586500546182 0.120462786175516 -0.0125556724453326 0.0393521042073328
-0.0825433029361664 0.121423018365139 0.0660443918085907 -0.0491029953830149
-0.0614314718512956 0.0276757568561299 0.13746927101263 -0.151017002040077
-0.0609531266514984 0.0582350110968357 0.150374242388952 -0.121584158128879
-0.00120824249638183 0.0831819211931547 0.105181786564852 -0.122104142700067
0.0599740274548575 0.0553380306376638 0.0309465347578466 -0.1285180043726
0.0603169315522074 -0.00946822631405732 -0.0113219427493695 -0.0901242605914363
0.0336668077033426 -0.0358299290353578 -0.0158372801611057 -0.0804094292099532
0.0106334270001637 -0.0552906156819334 -0.0186237192721493 -0.0738972367979544
-0.0054680806111641 -0.059067837452849 -0.0104334718087532 -0.082559151559287
-0.00694713229005701 -0.0599519247783948 0.00705664988920376 -0.100041749994199
0.0142750580742393 -0.059615487839414 0.0478692573378478 -0.0939063607163489
0.0435871544456708 -0.0450076874897213 0.102741358809777 -0.0525359966249735
0.0808728588938048 0.00225720933842996 0.0992191568371575 0.0236231305732994
0.0544815683510934 0.0623070058251059 0.0419884080583011 0.0704488944623159
-0.0234504160403453 0.0784879437839379 -0.0125963731157354 0.0267515334315818
-0.0724118364272112 0.0571227270737122 0.0835709423594125 -0.0717328472801415
0.0336389387870437 0.0176818424748367 -0.0864594017719805 0.0979883564882372
0.022635239607679 -0.0271081539823839 0.0258196117988878 0.0147589678398211
-0.00493545994462703 -0.037573970373611 -0.0308604048183259 -0.0855013535778109
-0.0288034749430944 -0.0113349293332025 -0.108356819799983 -0.0472291180300839
-0.0182314157854471 0.0111532951137914 -0.124764225772183 0.0454776789095728
-0.00585940641267334 0.0137686904933701 -0.0702728844251383 0.11486123046559
-0.00845136269343163 0.0171701761176596 -0.0112334933604675 0.118853404393271
-0.00821147199565654 0.0135085409907814 0.0131878842807331 0.0997301036977151
-0.0104168869417034 0.00618406141787254 0.0196651113721145 0.0934666336809768
-0.0116766875580341 -0.00511375463529473 0.0129085099679519 0.09685779384195
-0.0106513577534226 -0.0163332895916751 -0.00510781207378084 0.0985146588508019
0.0102094814281546 -0.028728943293187 -0.0476555981103801 0.106642158765965
0.0352537471127472 -0.0185058137202616 -0.0992451338599474 0.105039035852572
0.0358907382723137 0.0207667892576974 -0.121661507144287 0.0982695604429023
0.0239106541329168 0.0410097306844651 -0.124889377866008 0.143416869214011
0.00449839988850499 0.0826998723567248 -0.0928760627809127 0.0712551169579951
0.0276088801547841 0.037309323489747 0.0254887625523295 0.00379662676052795
0.0404893774256291 0.00569640481816767 -0.031539563604965 -0.105869809871248
0.0305402717646511 -0.0107554218741564 -0.12051446220073 -0.0686480291051448
0.0152483153742692 -0.0184193837530969 -0.139408604920717 0.0377321330074107
0.00765581083165414 -0.0239992100404349 -0.0826806600676901 0.113378619663371
-0.0117557982715265 -0.0284434905350444 -0.0163068535241325 0.118820746396179
-0.0176172864720287 -0.0293484540806288 0.0124646789478671 0.0947119008748252
-0.0120909562873226 -0.0364047886729382 0.0231413219063566 0.0856023792903621
0.0109388967153245 -0.0410344555885233 0.0195488140293595 0.0866003411265315
0.0300709084508456 -0.0351765043310494 0.00890673283919157 0.0901248795175078
0.0668612391887687 -0.0108058375741583 -0.0252724535431967 0.102131191110305
0.0658640284010236 0.0358074364875537 -0.0756501475947608 0.108487975783713
0.0193304612024277 0.0845177496331108 -0.091197283193144 0.107404110524147
-0.0223190219100814 0.106137183882244 -0.0960221583373928 0.139479275743206
-0.0344369124775032 0.135775183444287 -0.0803136381425837 0.030728793638911
0.016938113715073 0.105312557427823 0.0349270140967553 -0.0181451587504291
0.079103616714307 0.0637837120421005 -0.0226648148802579 -0.132141597711329
0.0953720092585436 0.00270205148610264 -0.123622971617178 -0.0990873342520467
0.0566681466538925 -0.0440618109618046 -0.147237149412259 0.0199375712608911
0.0270187179377616 -0.05941062626359 -0.0911643264338456 0.0959352684624867
-0.00973284635789678 -0.0707642306793038 -0.0219179953196692 0.103664139847412
-0.0243353624137395 -0.067620613794849 0.00922259572510457 0.0755055790172775
-0.0172891586720228 -0.0729901644500802 0.0247322934895334 0.0633258140385354
0.0222236427863473 -0.0729253574541618 0.0286967779973604 0.0637729287642388
0.0560761063901581 -0.0596451089779918 0.0314357705114374 0.0715378080778799
0.113828023705571 -0.013425223520416 0.00642378092308838 0.0941763446651823
0.103941019555418 0.0669022485955085 -0.0446069872304162 0.111064266682398
0.0212041508216144 0.132742552632585 -0.0591838746304525 0.107858032177503
-0.0528565965369296 0.158765282062366 -0.0555876195604506 0.115882875137873
-0.0738603175599046 0.167038732188628 -0.0473897789583325 -0.0183414072082142
-0.00992245208548142 0.162493612178475 0.0563568445092589 -0.0481237375516923
0.099027154517291 0.125153913129036 -0.000567443652123435 -0.157122232869419
0.1508806805601 0.0297874736252753 -0.111031902290336 -0.130399559689563
0.099316462918865 -0.0588567562767843 -0.140554891440362 -0.00751777178652433
0.0482263738450035 -0.0859330435400706 -0.0912947533497853 0.0638495173235143
-0.00296471966936749 -0.103023297611986 -0.025653974013041 0.0737034689261153
-0.0277219265372152 -0.0959397883961952 0.00510657080281725 0.0454397883241326
-0.0235895487376394 -0.097894229693765 0.023057650354083 0.0308104562762435
0.0234042193709161 -0.0951575312661349 0.03572023672466 0.0308050699428672
0.0668831635606757 -0.0809391375050583 0.0531143734609868 0.0441930849605986
0.141904753683194 -0.0264552017168142 0.0377746471763281 0.0781001178311862
0.133642676842839 0.0770284437264941 -0.0136205537382724 0.105686465066016
0.0307723476516185 0.157902241539831 -0.0336299453727076 0.0961050126573842
-0.0674952468703457 0.189567313060325 -0.0157499567134287 0.0768099039760938
-0.102872172237845 0.169372731979805 0.00211345468034319 -0.0692141214711315
-0.0442213127599979 0.19009936614777 0.08718834225075 -0.077884699243055
0.091674063058763 0.170997835981552 0.0331276002142026 -0.169562463181438
0.175942754380441 0.0617920635946273 -0.0785764624263019 -0.151676177344312
0.127891723987603 -0.0565810182136869 -0.114911920943545 -0.0383217911774681
0.0644741928228556 -0.0959348110225054 -0.0792995741687947 0.0225750227281169
0.00515909942734253 -0.118033300369958 -0.0260142924661175 0.0348613239056259
-0.0272383287459858 -0.109754336473628 -0.000607851213833493 0.0101527643207935
-0.027086682557766 -0.109395002537617 0.0179583659481728 -0.00563323822692353
0.0199610146528106 -0.10513684275546 0.0376985542456555 -0.00569032671811046
0.067710467880009 -0.0892999893508155 0.0676680361714764 0.0115986388138332
0.148045073679282 -0.0341791170397076 0.0616378458286471 0.0559284847179325
0.141922033681496 0.0756747218973081 0.00976694347872596 0.0938655827202707
0.0328856008744388 0.159463632602731 -0.0200285384056765 0.0771918872299347
-0.0749278740135451 0.190804855663374 0.0164722862843615 0.0307629346634502
-0.110813488649358 0.142920427090965 0.0578971366173162 -0.110796188344847
-0.0710550533738019 0.177068584620124 0.118903833396113 -0.101043793842783
0.0615963264918004 0.178685804121456 0.0686622032765087 -0.163227788687283
0.162109609240958 0.0824856375414316 -0.034769305286047 -0.155021070129301
0.129145447244517 -0.0424706215143474 -0.076828939096025 -0.0632863665118015
0.0674894408564371 -0.0876596355860201 -0.0573709588188989 -0.0198075753486451
0.0106037803140863 -0.113422485951852 -0.0241603910803423 -0.00725789588929035
-0.0228959554477302 -0.107521689206829 -0.00491341794130616 -0.0268597773888783
-0.0253299750166229 -0.105502325199819 0.0117959169681526 -0.0413982880910006
0.0169097647524075 -0.100515556043166 0.0377440029185731 -0.041399590169537
0.0629531476555652 -0.0848241379100226 0.0776046465656276 -0.0184165569045965
0.136296514316109 -0.0291791457475466 0.0765661169555605 0.0365629548000634
0.126121090581436 0.0744021461607787 0.024947217926352 0.0813170941146323
0.0202520927404292 0.144599126575957 -0.014536809582783 0.0566344749801036
-0.0795343866693393 0.165174943696385 0.0423262207658451 -0.0127139595039376
-0.0944841781737037 0.0928679182808302 0.106142977712644 -0.137971956777521
-0.0755104396522482 0.127785167186959 0.141899859393215 -0.113333652541848
0.0269604269988031 0.143743366683381 0.0934876554793146 -0.14214571261843
0.117230230878836 0.0788183898530356 0.00484192810455169 -0.141508548338137
0.102661309372826 -0.0248835843905959 -0.0372816368675894 -0.0795147278899249
0.0556507514923127 -0.0655332898335055 -0.033583828337091 -0.054506779285831
0.0119930730824031 -0.0900095779527249 -0.0205463499296287 -0.045091658818672
-0.0155569239618387 -0.0887482718183689 -0.00832944138167976 -0.0576948266054706
-0.0177088893491123 -0.0881039327584956 0.0073796220821293 -0.0729926861475826
0.0155353318048721 -0.0838604616334755 0.0398988664437445 -0.0701167407215263
0.0544885646104693 -0.067627759288081 0.0874709919791335 -0.0397248321518175
0.112833572029859 -0.0146083899483378 0.0870756060286652 0.0245490418599539
0.0941976200862058 0.071008256506865 0.0347724766391942 0.0716151263430343
-0.00162309332469699 0.116648037867791 -0.0127047549463984 0.0383978566251786
-0.0784205437833234 0.117855609833335 0.0637646467780985 -0.0477088982548039
-0.0589918201928044 0.0272248464722576 0.134004332252577 -0.146420336630019
-0.0594164319390977 0.0575198164457305 0.146006956260498 -0.117546265430938
-0.00129287000065445 0.0803574333488984 0.102504030716211 -0.11819619526622
0.0586319083948427 0.0528588220029729 0.0299986947250449 -0.12397431762423
0.0580184636533461 -0.00891702885400647 -0.0103402926477828 -0.0880302750225826
0.0324663085688154 -0.0345207209621389 -0.0169646658561832 -0.0774766424290532
0.010179246579267 -0.0525038566672236 -0.0180833412592721 -0.072051184493814
-0.00671933248492347 -0.0568492147060622 -0.0105462178990291 -0.0796647904962615
-0.0073914945761279 -0.0578780801681607 0.00626461173137456 -0.0960065119386497
0.0134475295235721 -0.0578019019536146 0.0455842970195268 -0.0901561762907936
0.0416831796907745 -0.0441303121458635 0.0991086605513897 -0.0509393383940122
0.0789045635380683 0.000745706159422601 0.0965173522347278 0.0229883846071576
0.0528977911203347 0.0596197194233214 0.0407066598688189 0.0694313039300691
-0.0228438680332305 0.0756822903766181 -0.0128868116776233 0.0258450991743586
-0.0694385437865009 0.0550507885692859 0.080327098078256 -0.0698790436493565
0.0350266193240465 0.0117106095216216 -0.0690914158436403 0.117558748171401
0.0172910058387929 -0.0291935991413576 0.0313720963316603 0.00965037339380493
-0.0120386501398594 -0.0352609224173428 -0.0451421827538088 -0.0825341363591001
-0.0309654723374326 -0.00456169696349766 -0.116581639142255 -0.0308156597808472
-0.0156445822040512 0.015098215263871 -0.11791475462071 0.0673488543379728
-0.00201231962631132 0.0147683964896211 -0.0493489318825673 0.1258219879609
-0.00385827120934396 0.018613280070978 0.00763455794764919 0.117856652155841
-0.00568403543528564 0.014799112128582 0.0309762347838735 0.0956888879227867
-0.00861539402637796 0.00832012354709801 0.0372984957941678 0.0885098856909195
-0.0123269381496691 -0.00228190603486518 0.032307920039011 0.0944263094931682
-0.0128382766668912 -0.011970535236019 0.0136794353428417 0.0999867955040103
0.00339895714118196 -0.028179856424198 -0.0269037973457348 0.117140728904399
0.0278330340374545 -0.0231475634118613 -0.0789141789885947 0.125888403087248
0.0366366541153346 0.01387106887899 -0.105866446480615 0.121597352426718
0.0275033826541823 0.0370438220816658 -0.103021046613764 0.166092510266811
0.0181569485866986 0.0775102845591753 -0.084945396322228 0.0932619893786184
0.0337302926489046 0.0301392687454209 0.0264549738584464 0.00138630000160384
0.0396345464439405 -0.00300493699449136 -0.0501293476857781 -0.0973404011478663
0.0250360781630272 -0.0166652335157822 -0.131299564488986 -0.0458253566600736
0.0100748739662468 -0.0191880535940329 -0.130143278432919 0.0627439871510154
0.00378236081993843 -0.0239750476000167 -0.060050330329369 0.125807670811439
-0.0161145451344066 -0.0232990646621431 0.00585310480162576 0.117522708692026
-0.0216892452874411 -0.024257704444715 0.0291913032906525 0.0897502800371056
-0.0178786258671995 -0.0321015916612351 0.0387826423708423 0.080504621664054
0.00335715304467566 -0.0404111757224259 0.0369280296885007 0.0838109669731862
0.021950173572221 -0.0372346349863006 0.0267265345357511 0.0895312805164371
0.0603046281183615 -0.0221393908998463 -0.00660376467197024 0.11001278402212
0.0671351202048492 0.0230097472466522 -0.0572149285114386 0.125672619448675
0.0326708986139535 0.0796159972787494 -0.0747246639693839 0.121444792348342
-0.00476633490620223 0.109214976046002 -0.0747449425951104 0.150913616223103
-0.00910250786589437 0.134193606600062 -0.0838025078337443 0.0504415154631308
0.0351437572556141 0.0972463217002772 0.0290899688548315 -0.0209233241124962
0.0863444791676292 0.0449873432586885 -0.0469750975038746 -0.120015696870493
0.088587007013276 -0.0169016879999955 -0.138725563093633 -0.0697089960232175
0.0451530119519837 -0.0512358410438052 -0.138604349393464 0.0459298331119172
0.0165220905687477 -0.0612485274539147 -0.0698908379000466 0.110119434234667
-0.0227652054099213 -0.0639757857294602 0.000876641360828954 0.101924541208527
-0.0348723640847722 -0.0598985728841402 0.0228257457622044 0.07201302961409
-0.0293818791792609 -0.0659820460629893 0.0364285352174472 0.058910897398812
0.00855933324217151 -0.0734027737627555 0.0423369366368618 0.0595416999092202
0.0432689837853835 -0.0646638232189648 0.0461221887544187 0.0672194211113564
0.105399407178435 -0.0328541836462453 0.0232540164372952 0.0963714244602194
0.10927012065111 0.0464183587845092 -0.0276929092733436 0.123920959060553
0.0438049184363788 0.125860943617573 -0.0439416469776359 0.1134876819065
-0.0241457886369346 0.165758888822198 -0.0385306399616649 0.117136823697508
-0.0409274366992987 0.170319296341178 -0.0619423774324818 -0.00622017942559349
0.0196772970096841 0.156815763924831 0.0424706127534783 -0.0540217981945505
0.116481575414581 0.0995553908233961 -0.0318452901792014 -0.144802712301081
0.146016583493172 -0.00309077198728243 -0.131618159707225 -0.098546224967683
0.0830180342109603 -0.0729112936087068 -0.133846953625497 0.0189511091772747
0.031662928068147 -0.0905900975449658 -0.0738501367016509 0.0789033521728912
-0.0229221064722456 -0.0958352058240361 -0.00525452002324427 0.0734478006087883
-0.0432977372703058 -0.0864747568325987 0.0126466447811088 0.0435867226573705
-0.0396074526012829 -0.0888333817662957 0.0284183654548464 0.0278051986458022
0.00613199284764 -0.0956172987526047 0.0431951940730739 0.0263750027047053
0.050541740809078 -0.0868466821910088 0.0627297487867801 0.0354447730423545
0.130535729198879 -0.0494872019374189 0.0516868560621429 0.0754038907281353
0.139466655736032 0.0502163736402409 0.00220835571988306 0.114225605973705
0.0575858296408497 0.148054954719192 -0.0221432387693972 0.0966640014702711
-0.0320999738165225 0.198273919186653 -0.00601438433012102 0.0690080350643341
-0.0680235557230317 0.177571937571178 -0.0220492898943357 -0.0675272239178993
-0.00823165848755843 0.189375089931116 0.0657372953939087 -0.0906984575554756
0.117686695302855 0.143457070020884 -0.00369155476880019 -0.161469981337025
0.17702836181995 0.0217352288401008 -0.103880610293196 -0.122119298910053
0.109677422746199 -0.0767715542693991 -0.112884877419453 -0.0146994678622206
0.0447889288999614 -0.102719931699667 -0.0684302896984351 0.0362279263736837
-0.0190965894474449 -0.112063406199775 -0.011530544325654 0.035831579882351
-0.0449419897280896 -0.0995682768197504 0.00183506270958192 0.00968564527513198
-0.0449259509358896 -0.0995222980907022 0.017112691758423 -0.00755287829271107
0.00181217232938907 -0.104171074276854 0.0384824827121221 -0.0109616274433992
0.0496722067071514 -0.0957321647640774 0.071167042744312 -0.000407726952524603
0.134903997492539 -0.058349033661772 0.0714323848905788 0.0485309656621563
0.146608439473098 0.047815074889109 0.0235403333750468 0.0982940069815098
0.0601593096448448 0.149397022705964 -0.0114651766233404 0.075214109838026
-0.0381330193819566 0.200882044742514 0.0189436646763471 0.0164280926240374
-0.079869460322032 0.154196935441333 0.0280489338815696 -0.122116352208729
-0.036314589152238 0.180822288716581 0.0938505648118071 -0.120893150756172
0.0913131619989166 0.156412309850754 0.0314653712618409 -0.163035093012597
0.167811176322402 0.0443475917301841 -0.062674903208592 -0.133195612972909
0.114094979711334 -0.0636089732982948 -0.0797205004949032 -0.045592436382862
0.0486204645181295 -0.0956354094190886 -0.0542668611440485 -0.00909735722250762
-0.0127741086669151 -0.109157224898274 -0.0167910091928949 -0.00543206992305364
-0.0405945359177778 -0.0983926109805337 -0.00873761742849068 -0.0248881652164032
-0.0424940532281295 -0.0961642235440319 0.00461065460892336 -0.0418476415711527
-0.00047469955394225 -0.0994639410813022 0.0316158327402194 -0.0463066710821534
0.0462602128130341 -0.0897194828243157 0.0754318336275229 -0.0316984913616264
0.125761093230478 -0.0512940118176575 0.0828542619732446 0.0252913263429996
0.132644089037256 0.0486802126868203 0.0366310143643324 0.0819823671863299
0.0455899027221788 0.136475998046754 -0.00910829772838673 0.0543195725575084
-0.0458913579509746 0.176061265735859 0.0385346154400339 -0.031109229562451
-0.0724621187984854 0.103127334680249 0.075082512062061 -0.159454741148907
-0.0490588838172428 0.134184861337704 0.115959345419503 -0.138569501152031
0.051805510430686 0.129848142372331 0.0607967012113433 -0.149246114615767
0.124766695568881 0.0497502397298411 -0.0212604850430239 -0.130612179141542
0.0923944968461184 -0.041984169335712 -0.0454016115291031 -0.0690673356555336
0.0408210848161031 -0.0721667980344317 -0.0385241224999332 -0.0474974576566095
-0.00702212056871445 -0.0876576884159144 -0.0211349080953981 -0.0419214547650272
-0.030809571383571 -0.0819464261218699 -0.0175814591405377 -0.055191181336037
-0.0323693001240124 -0.0809839155051654 -0.00543983788697908 -0.0724607629368571
0.000684751032253472 -0.083895481150013 0.0281882566628842 -0.0753072119447609
0.0416244396281863 -0.0731105969502702 0.081262549011528 -0.0554836443108584
0.105821331103013 -0.0328255885529968 0.0909632947472355 0.0104119031794387
0.101238413445764 0.0508463256223829 0.0447047115324284 0.0694615592207818
0.0194263194993828 0.113110112035991 -0.00919203869968854 0.0366235809610781
-0.0535706628294813 0.128640791592188 0.0544181923084215 -0.0675677656470869
-0.0501605273491206 0.0353628598792024 0.106073907725023 -0.175577945976854
-0.0463589857128863 0.0637647594984029 0.123355189865516 -0.14465867983622
0.0135490680584101 0.0754123566883242 0.0774203480428523 -0.132206352139664
0.0644093904382408 0.0372883423480008 0.00666568070079961 -0.121903875679556
0.0524101898994435 -0.0192124492155008 -0.0226975418252327 -0.083563926445065
0.0250772377195489 -0.0385256958701411 -0.0280132307465646 -0.0735559569093936
-0.00125344881852396 -0.0517666051555532 -0.0256609696348425 -0.0678745505089289
-0.0164563963493083 -0.0532137667914726 -0.0231625917884744 -0.0763369195840565
-0.0173447911172275 -0.0549802526680363 -0.0110338436598103 -0.0952180500105595
0.00334690978555527 -0.0581211412997952 0.030337176115518 -0.0966756705863895
0.0337283428132682 -0.048324202657972 0.0905092950272667 -0.0693791407078996
0.0755137722586043 -0.0114779671672016 0.100603481051197 0.00641321250262201
0.0601973878836773 0.0478271179044668 0.050871023305604 0.0644070301112997
-0.00882384856597315 0.0772574260130008 -0.00929754273894413 0.0256347692253817
-0.0562156381944913 0.0652168157840068 0.0692443897962664 -0.0889554804948903
0.0363713419015878 0.0113472010661783 -0.0700094748452613 0.12021948213684
0.0180031451599108 -0.0293825559380549 0.0322189414030641 0.00977637282648029
-0.0126737449246656 -0.0363155038731011 -0.0467750916447881 -0.0831442323314003
-0.031841240601181 -0.00513412622551255 -0.119059028801877 -0.0308079492587007
-0.0166995100117879 0.0149472382675551 -0.119728386877237 0.0692049474940146
-0.00213378554806725 0.014322416749232 -0.0490235806265831 0.127122186151112
-0.00333685734903707 0.0183597609950867 0.00952137449132356 0.119710945285855
-0.00519905630217665 0.0147639441653637 0.0319984962606383 0.0973304534312778
-0.00899494704406868 0.00789246776197081 0.0385276003516238 0.0897487229449493
-0.0125076408771311 -0.00231605455494118 0.0341325967231349 0.0954915514935002
-0.0131772745953976 -0.0119231407804439 0.0143502171225925 0.102089707224892
0.00260802310308532 -0.0286144015691478 -0.0265637307923873 0.120289378952885
0.0274083999661475 -0.0228144626409879 -0.0801034825751364 0.128159679586529
0.0380218548827032 0.0148445540001874 -0.108304565772542 0.122819798665659
0.0283637490359855 0.0374559500907924 -0.10550611862269 0.170158425255444
0.0195052833175585 0.079121185346668 -0.0863644813124329 0.0960075203978452
0.0348513366370571 0.0307680331561837 0.0272248500485294 0.000941567991200279
0.0408047696765253 -0.00389632624594448 -0.0518831928419617 -0.0985507702942759
0.0255783523362008 -0.0179542440689022 -0.134067835507089 -0.0457775309580716
0.00974211620778175 -0.0202162734953169 -0.133410856923185 0.0642336793427733
0.00328916895591945 -0.0247874486108972 -0.0597821763861906 0.127778021477182
-0.0162378533704591 -0.0234922824454951 0.00711545939256054 0.118358184096157
-0.022449393594244 -0.0242804316212972 0.0303328444440303 0.0912447462178433
-0.0186953186250302 -0.0326267731631245 0.0399256414998896 0.0812896751104248
0.00287576394909337 -0.0417957224019423 0.0387376212253337 0.0847951171603851
0.0220834529631381 -0.0383024572271903 0.0278227844767618 0.0908937865491559
0.061226888560064 -0.0237849110940029 -0.0062990993960949 0.112279150196621
0.0684295054429482 0.0232619174023642 -0.0578708827925485 0.12836609938828
0.0338873665656563 0.0815668687304724 -0.0766990010170975 0.123475264549887
-0.00393142621706249 0.111389957431403 -0.0769550571380961 0.154888980880882
-0.0081552430592581 0.136748291466682 -0.0856030942207839 0.0519149412062331
0.0369368316758229 0.0994019457730554 0.0305105445547116 -0.0208599783123005
0.0889922810407389 0.04406928786872 -0.0496698546146116 -0.121623971244356
0.0906181544905667 -0.0191623241915817 -0.142100645313488 -0.0701366406585165
0.0458474889459612 -0.0530181703689327 -0.141330996532983 0.0480287514089275
0.0153346360097311 -0.0631770033333292 -0.0703639209644813 0.112432502511348
-0.0237909878110329 -0.0645736921755693 0.00087225482546745 0.10252846239612
-0.0367563440369119 -0.0595089183986489 0.0235217890017323 0.0728300960197546
-0.0313101450751556 -0.0666368149315915 0.037362345511105 0.0588617658091915
0.00809059597764811 -0.0748528192376936 0.0437782077350614 0.0599688858418998
0.0436628240129096 -0.0664615837122236 0.0475874019335039 0.0677533035359925
0.107063297776259 -0.0353765894272657 0.0238979656554671 0.0992649939284509
0.111430324175068 0.0463432547625676 -0.0273002408527957 0.126307203290732
0.0453270913163169 0.129149769227317 -0.0453384639443533 0.114999057811601
-0.0227159104428965 0.169448277676859 -0.0399418909414305 0.119443728554058
-0.0409847956987825 0.173668823303448 -0.0633488934737824 -0.00625872546435901
0.0215295690218477 0.160076445172071 0.0438718521781001 -0.0541323839954498
0.120136716505328 0.0996356900409889 -0.033805786664044 -0.14688928458898
0.149048728018477 -0.00524156056026119 -0.13476234341706 -0.0994049860509989
0.0839540992915683 -0.0757101787945724 -0.136950134313376 0.0200475584312512
0.0306587388858245 -0.0927099283264098 -0.0743835061987842 0.0808994659038383
-0.0246533623868441 -0.0962824017031437 -0.00625206067424713 0.0737773405958743
-0.0452900436679997 -0.086174251262046 0.0133899896355542 0.0445525967359009
-0.0414800662671437 -0.0897971882339362 0.0290801067569571 0.0273411699380885
0.00495153368571665 -0.0974611179971311 0.0445165885437658 0.0261680202255137
0.0508305830277289 -0.0886693087069279 0.0638781866103522 0.035445315631507
0.131962225478568 -0.0529945636269622 0.052885356414518 0.0768347113339923
0.142221183698581 0.0501205247209051 0.00316842303210013 0.117115181626323
0.059528049709686 0.151049312603808 -0.0228399985796573 0.0984087122583287
-0.0308962253963979 0.201762515436844 -0.00697987710966362 0.0700436722965461
-0.0688954024417785 0.180929121503575 -0.0226783752839348 -0.0695172686695271
-0.00730943157019873 0.193653064452763 0.0673255251956168 -0.0917487696637761
0.121452614611221 0.14497790464129 -0.00483711147313828 -0.164048719075125
0.180504073330244 0.0197671431270339 -0.106511634525011 -0.123099334497873
0.111463312472895 -0.0792829805376559 -0.115763246850209 -0.0143890382065477
0.0445890649563358 -0.105070183944399 -0.0696928732169455 0.0379673496424448
-0.0199822065507395 -0.112889766154106 -0.0124070351722965 0.0352149540907273
-0.0481778814226514 -0.0998943950931786 0.00169583648555695 0.00940301556170276
-0.0472147555478229 -0.100125524934473 0.0167903654300734 -0.00779988320216337
0.00106989514861507 -0.105368589975605 0.0390315356821622 -0.0116668406583095
0.0497720907516432 -0.0979413315128867 0.0722115909012398 -0.000728315477975389
0.136454667532616 -0.0613624690802119 0.0734365392732049 0.0499104346514689
0.150060406394744 0.0470598485447933 0.0256169584515728 0.101247330288737
0.0620552074543761 0.151799891543801 -0.0120042443325172 0.0769305426650973
-0.036970603491251 0.204224435192939 0.0182403220512196 0.0163039846816415
-0.0796743445269673 0.157590195504975 0.0287721793498846 -0.124608781920186
-0.0348778641347616 0.185002653624464 0.0951810550299901 -0.12258573015152
0.0946201536583684 0.158164346441689 0.0307456815322607 -0.164526447934343
0.170912724776983 0.0433921203713494 -0.0640298005177124 -0.134549218088763
0.115706158419409 -0.0659249247434377 -0.08080354049438 -0.0460498982282304
0.0491384307431643 -0.0974688935273712 -0.055530481684584 -0.00819203524731331
-0.0142496350138266 -0.110053842876434 -0.0179545863264287 -0.00642769591621179
-0.0434883604145129 -0.0984816116744727 -0.00957928650982742 -0.0255154803792107
-0.0446138794879792 -0.0974569580412392 0.00378639464041391 -0.0421418581030913
-0.00159507688818467 -0.101515301809772 0.0322007745251984 -0.0465823144719299
0.0459645448116364 -0.0917832628367347 0.0764745749621901 -0.0331229186576574
0.126609865150934 -0.0534636016357072 0.0848858160775332 0.0263451640098426
0.134576625544276 0.0480137255527394 0.0383556491906117 0.0842635527788343
0.0470012992863413 0.139055068025305 -0.0094800103455751 0.0554771602665305
-0.0448113907500449 0.178484793962697 0.0379397757121784 -0.0320104849578139
-0.0724752276843691 0.105916054253817 0.0769239247747138 -0.163573308103768
-0.0486093656126939 0.137203793554129 0.118221345167616 -0.141155910691577
0.0543623814455959 0.131453257992914 0.0614686086752095 -0.152418063396967
0.127508742984831 0.0485023643356335 -0.0217875822112898 -0.131867704833635
0.0937572098568805 -0.0435290528015154 -0.046368818473858 -0.0701384070689729
0.0414213572344423 -0.0735051963863309 -0.0396815185374635 -0.0472845871866697
-0.00792395989452541 -0.0882661474839754 -0.0220017661551935 -0.0431365894743223
-0.0325483266081798 -0.0816696239182805 -0.0183228162559218 -0.0560068632397858
-0.034169643772452 -0.0817810730341407 -0.00618699714426126 -0.0729291895323446
-0.000108194235131636 -0.0850516467984399 0.028343298115028 -0.0763276234043955
0.0415301324282825 -0.0749893249463798 0.0816758220872262 -0.0571238719087972
0.106508088920526 -0.0352072214924831 0.0930960713147836 0.0110218207720363
0.10262492751264 0.0503285343093377 0.046366685013242 0.0715730822269626
0.020053061316857 0.114591049863752 -0.00932798979758895 0.0379999900319257
-0.0529371641377461 0.130939564599089 0.0549599633857618 -0.0692307708455713
-0.049467937701788 0.0368030218284337 0.109164818828664 -0.179961210580276
-0.046336010115828 0.0659505627397337 0.125368884938061 -0.14718395129959
0.0149640461061998 0.0763406953382067 0.0788140083762179 -0.134829426923347
0.0658228910095359 0.0373046169837442 0.00717227694828395 -0.123666819638012
0.0531478417944598 -0.0187312405485772 -0.0231385987652863 -0.0850927330008433
0.0250337334771075 -0.0390565236613952 -0.0295364743046803 -0.0740847486451157
-0.00179279410667198 -0.0523196031598097 -0.0269343073159844 -0.0685626192071669
-0.0177355001337933 -0.0532916426217526 -0.0240156273673051 -0.0772419674626985
-0.0186427714274069 -0.0550869961098555 -0.0116550340798342 -0.0959606553338962
0.00213319683315699 -0.0591289130840585 0.0306604026379881 -0.0979327965627595
0.0337021166078256 -0.0494076719376643 0.0909347528817345 -0.0712979166287402
0.0764825460534254 -0.0129068998698239 0.102342957894601 0.0069232038838744
0.0603534307172023 0.048243432172263 0.0530342766813476 0.0662197394575248
-0.00896911264509508 0.0787927014738246 -0.00948344779817616 0.0268453327114118
-0.055540007218907 0.0665227695078565 0.0695849244266437 -0.0912824016771034
0.0387436266813194 0.0108289063311165 -0.0678753966382198 0.125685385072728
0.0179627012880946 -0.0305319105089806 0.033886244232686 0.00862811234773548
-0.0143402348171716 -0.0371621899556112 -0.0510454067838242 -0.082883882552189
-0.0324915418918376 -0.00386459885651354 -0.123105724567151 -0.0270262214505202
-0.0165103880547886 0.0155248423639664 -0.119723466999966 0.0746480149863179
-0.00179427271424747 0.0138553872357033 -0.0450925855784689 0.131106976039531
-0.00230626226255322 0.0186704246581138 0.0138253636932581 0.121075513033634
-0.00458996039580037 0.0157392153775755 0.0370767955211156 0.0975438527751886
-0.00868547480018132 0.00880195009943145 0.0431623801537898 0.0897256138886696
-0.012589809853998 -0.00212340283291958 0.0395061151299383 0.0959946624047579
-0.0139666981862845 -0.0115906739684818 0.0188898112533117 0.104474174565952
0.00134734188492507 -0.0297808288174559 -0.0221914293186717 0.125283858348895
0.0270868972195635 -0.0236930415316045 -0.0773522503528932 0.133318914929494
0.040163039364277 0.0148450714409642 -0.10849931266886 0.128280140334631
0.0305983853942337 0.0372802787125608 -0.102760204507338 0.178861271810363
0.0239004809133337 0.0801673448328844 -0.0854945517103951 0.101801729497052
0.0373712851617828 0.0303449597615529 0.0284897306019479 0.000419427435350148
0.0414243188078526 -0.00644268880330594 -0.056789356806097 -0.0979289636893961
0.0255230338778797 -0.019972137150323 -0.139105834670618 -0.0418887943898665
0.00915255931435469 -0.0216107644943336 -0.134021897253461 0.0703549036726946
0.00173404277166592 -0.0261304336145409 -0.055914811224482 0.132551375432604
-0.0179919327143545 -0.0237256341347249 0.0111047248295148 0.119852652590564
-0.0242937441704428 -0.0232086673004379 0.0346157768249533 0.0920047263194072
-0.0214846119569296 -0.0324031496561495 0.0440972165746304 0.0810251124591752
0.000815135023186584 -0.0432710734808638 0.0431515682445377 0.0847702421194495
0.0212879455158465 -0.0403671424949446 0.0318428690791391 0.0923919275894464
0.0616823496622889 -0.0270631137107415 -0.00257512974732936 0.116726686703112
0.0708188133210324 0.0219159095700038 -0.0543624554655966 0.132981645857194
0.0380307832735522 0.0833881877132915 -0.0753587221404364 0.127904679146802
0.000754191925111116 0.113911856100923 -0.0741687622404121 0.161695684396097
-0.00280911830681671 0.140124861041091 -0.0861513614845862 0.056722377239317
0.0415871009788057 0.100205935261579 0.0302356527744152 -0.0223527069149888
0.0931874865329028 0.0408322383678958 -0.055327259156857 -0.122104357665809
0.0920834790391502 -0.0243027794390383 -0.148496289114576 -0.0663594898376985
0.044650696943546 -0.0567314435618637 -0.143389608806176 0.0538946060079018
0.0126075561276137 -0.0659619341925171 -0.0670208952499787 0.117549253011704
-0.0267510944859446 -0.0646080527804583 0.00440453493364062 0.104221000739072
-0.0407001562582595 -0.0583578889843763 0.0266596972829859 0.0732568984007951
-0.0352030393212127 -0.0665933680013806 0.0399450448344796 0.0581423763002104
0.0051356114587266 -0.0778497249382401 0.0474880589366904 0.0591086279519554
0.042047952374964 -0.0703797725361995 0.0509083360901576 0.067970098304261
0.107379138988179 -0.0414550010280392 0.0284078147082323 0.102093394155326
0.116083735563859 0.043351969239748 -0.0230787838495726 0.130809632668088
0.0514231138599043 0.131532901532263 -0.0436976792640716 0.119094266338502
-0.0161881223937738 0.17403217932545 -0.0381106427331598 0.123901718019977
-0.0350495763123035 0.179299769635503 -0.0657635341469484 -0.00320296444409893
0.0282935257656542 0.163260745659663 0.0429261145724914 -0.056665845961688
0.127632656431172 0.0964561671555079 -0.0407501476964692 -0.148000088331431
0.152464554966052 -0.0125800052947664 -0.141885101712796 -0.0961941946299952
0.0827481481018459 -0.0810340739370143 -0.140560593905676 0.025118768291526
0.0274868592435824 -0.0965510069819134 -0.0725377964846113 0.0861079321420417
-0.028934243488007 -0.0974158893533109 -0.00465102682231593 0.0746834650409968
-0.051023204504356 -0.0846912355803011 0.0148897172828883 0.0445419177719604
-0.046828391601124 -0.0891695724781146 0.0306917488427146 0.0264636215518308
0.00161854415493035 -0.0999715793426567 0.0467099305685084 0.0243559638189534
0.0483963234984293 -0.0933783680508118 0.0666319760949328 0.0339445574551593
0.131864822230774 -0.0608952551417736 0.0575636427828392 0.0780761764746583
0.147986315025101 0.0449152815684002 0.00773606051522392 0.120002750454412
0.0671230008359848 0.152761910291816 -0.0206354910724883 0.101732890566584
-0.0229401109155857 0.207558829674445 -0.0058154898879778 0.0718110179840389
-0.0633914088871591 0.188121608578895 -0.0257551459193711 -0.069593054588182
0.000482632390196032 0.198862146729064 0.0655780525011034 -0.0955186146104851
0.130780422853759 0.142375596069748 -0.0108445550558211 -0.166574336081507
0.185715728356176 0.0124118309923074 -0.113214487957144 -0.121657057567615
0.110534726314627 -0.0857667539934932 -0.119869184706056 -0.0103042184110949
0.0407561721852428 -0.109682917584091 -0.0688178195862344 0.0416826892498008
-0.0256392079334622 -0.114440579424203 -0.0129652894067549 0.0359291127131753
-0.0540670549095765 -0.0983870741908649 0.00146861836294468 0.00947453160816055
-0.0533620413145449 -0.0991611052993795 0.016334360979629 -0.00810425918943728
-0.00382072984697672 -0.107964047757881 0.0397353793220713 -0.0131407693712108
0.0467633528932037 -0.102086003684512 0.074041973472726 -0.00331113591048784
0.136479947727019 -0.0693367637715683 0.0772384930664097 0.04934829855354
0.155221052220873 0.0419113540209397 0.0302375699113374 0.103144793377107
0.069579999346866 0.153478058169696 -0.0102987980132757 0.0794804631612909
-0.0284310667594857 0.210396850547361 0.0183691578667418 0.0151868606269873
-0.0759585304725974 0.164013730550916 0.024851865323829 -0.128426269100631
-0.0288153925542328 0.190767796592557 0.0936948584557662 -0.127580335677644
0.103658966222293 0.15745173987625 0.0254715624815507 -0.169259055341243
0.177160757341642 0.0360016499903047 -0.0701412715649216 -0.134549316857921
0.116209598051749 -0.0718143455307075 -0.0848891566157285 -0.0444701489150577
0.0462396286524067 -0.101558847352109 -0.056913860799052 -0.00582635866245008
-0.0189653384805033 -0.111306748291378 -0.0192877780956533 -0.00628022389298365
-0.0487034821026307 -0.0969547991231645 -0.0112437266012651 -0.0259772670179098
-0.0502158163743478 -0.0964713166237652 0.00237123956722959 -0.0430068431395017
-0.00578572446768092 -0.102941051395374 0.0313124526791975 -0.0487504753566561
0.0433253194505016 -0.09585456635236 0.076858434487829 -0.0361470782519784
0.126358971448841 -0.0611699275824788 0.0879548047521051 0.0245114510439209
0.139202820707276 0.0435194952116821 0.0431063067119771 0.0857840733468983
0.0524672077243301 0.14078326804406 -0.00787058801499063 0.0575954836218527
-0.0378865546148138 0.184182746170399 0.0369698971841475 -0.0349287194121862
-0.0701731143687696 0.111619261610354 0.0736451820637832 -0.170246865366803
-0.044286585777937 0.142632560692489 0.115883625044704 -0.147766905966694
0.0613190529628106 0.131651827699817 0.0576849191117964 -0.15716329211051
0.132555381314841 0.0446560622655739 -0.0268785557102572 -0.133247200890254
0.0937989397979615 -0.0480357808569794 -0.0493705676372841 -0.0704276013640003
0.0396688155818436 -0.0763252705559473 -0.041652715148504 -0.0465325795209615
-0.011886444504438 -0.0895181545815551 -0.0253100841226696 -0.0436097042388702
-0.0370084335163916 -0.0812977362259903 -0.0210095665570507 -0.0567016641056326
-0.0387388004557244 -0.0820290835939198 -0.00913257274678948 -0.0737556623817181
-0.00391593166470861 -0.086295358542268 0.0258393352821104 -0.0788341977834783
0.0397213476412676 -0.0778422499692283 0.0814457016526 -0.061226114055829
0.106747306268973 -0.0410390852156939 0.0961428042813428 0.00836159492946826
0.107131967952376 0.0470252132169703 0.0505235308915167 0.0721981919569369
0.0246980986488208 0.116427506647629 -0.00866271084051905 0.0400360647073818
-0.0480835979301898 0.135308029510235 0.0531098891440591 -0.0737478904611965
-0.0486664685646502 0.0386922417485389 0.105984860155639 -0.187878477862371
-0.0436849151142354 0.0690416373803033 0.123447195912564 -0.153814681658704
0.0186723796662301 0.0771126911564303 0.0762755197085766 -0.139856343121085
0.0684891713025392 0.0349573588416684 0.00387928399487847 -0.126183336686135
0.0543133208004666 -0.0203179534553888 -0.026869878162321 -0.0867092611592334
0.0242581211692254 -0.0403952134192863 -0.0333225349713872 -0.0741832316117887
-0.00432467074650558 -0.053690992832935 -0.0307465805606638 -0.0692933777875104
-0.0206102785021857 -0.0528915992023957 -0.0280306240975712 -0.0779979160906607
-0.0217756537943661 -0.0554827026825684 -0.015242018310504 -0.0968297263188791
7.79639888647682E-06 -0.0598690745097509 0.0276546902977519 -0.100546013544306
0.0323208749686966 -0.0515194049852473 0.0906739929776164 -0.0761078070497717
0.0772296430796628 -0.016784113465984 0.10492352678819 0.00402709277924786
0.0631812531984731 0.0464032379196907 0.0568636030393867 0.0666631367051364
-0.00624358340198344 0.0806129890142192 -0.00856079245198721 0.0291250376454672
-0.0538292139612505 0.0692116401334711 0.0671487487932201 -0.0964721141712366
0.039835466020011 0.00796741371290374 -0.0597312820290282 0.13008923376059
0.0171830579746921 -0.031551824735274 0.0349353248060491 0.00668082555379275
-0.016742730500438 -0.0365016827732583 -0.0556910750473947 -0.0791444991895215
-0.0327990506904951 -0.00253962310267641 -0.124822100221139 -0.0197768326875008
-0.0160416020031255 0.016614769434611 -0.11470818985659 0.0816495776869223
-0.00147438556579082 0.0136731617141149 -0.0366023724764732 0.132458784923998
-0.00134401162694158 0.0183825685022019 0.0219853670570855 0.11936270618814
-0.00361025440074382 0.015766644234364 0.042705891417266 0.0947755055603159
-0.00873076990438773 0.00882984424299893 0.0488586072227624 0.0866331108200319
-0.01297979912872 -0.00160276321092577 0.0458644335052218 0.0928234248534365
-0.0142613861071645 -0.01063013526243 0.0255530571981313 0.103386789155049
-0.000469313375429721 -0.0297399485552074 -0.0147494053330169 0.126039577952695
0.0256833765245568 -0.0245155981876255 -0.0696248963481718 0.136763002835971
0.0414591404454121 0.0130564657203374 -0.101714121385772 0.132988055423416
0.0330385467561796 0.0350185328660822 -0.0923581576140926 0.185591230124531
0.0296005639769984 0.0778365145124694 -0.0792811975838836 0.107335849821143
0.0397507067716897 0.0284470231968752 0.0290161290426786 -0.00123423048116948
0.041073924829946 -0.00987068160940164 -0.0627265537550206 -0.0935431953498282
0.0239122938497802 -0.0222703067774502 -0.141486835246395 -0.0331749028113035
0.00748730097760779 -0.0223949584269324 -0.129613586414919 0.0782875054943582
4.39805335638857E-05 -0.0266469766575291 -0.0468070409572049 0.134571459725395
-0.019436880636886 -0.0226190296418737 0.0186250418550539 0.118278827875491
-0.0259606673952386 -0.0207007941744083 0.0397436707919262 0.0891036962200742
-0.0235065745848531 -0.0310114352660864 0.0486803661780879 0.0774460528586125
-0.00267843276902292 -0.0436387579983774 0.0484857733939887 0.0811871862655911
0.0184077803370841 -0.0415767689682009 0.0375398895346434 0.0907870606150076
0.0595463906017992 -0.0314188131993129 0.0054661222458824 0.117451831958538
0.0723223734489525 0.0174950560513409 -0.0464573959109869 0.135961528986888
0.0436808929609439 0.0810484809027959 -0.069763621362853 0.131239330675086
0.00822078854704083 0.113481906702554 -0.0654037651908924 0.166633477176758
0.00631146728849479 0.139798485645254 -0.0829290366604282 0.0622104627044254
0.0480461967946217 0.0980464814621487 0.0299565299017187 -0.0238476030290271
0.095566490921514 0.0334297838187277 -0.0623445498376133 -0.117446211423983
0.0900212685165268 -0.0311431476034446 -0.15180587335718 -0.0562222780949653
0.0404291306501176 -0.0600567036243605 -0.140437378680063 0.0628241992931144
0.00769445038315489 -0.0667159696586757 -0.0589471606846872 0.120711300719632
-0.0311512601104969 -0.0624332366392357 0.00995787846195954 0.10282546451909
-0.0446051680426611 -0.0545290277339868 0.0306507375311176 0.0713102656642547
-0.0396786833903856 -0.0635056837305944 0.042976604506118 0.0550739630775075
-9.63559443701708E-05 -0.0781187498489102 0.0511473505985011 0.0555222017451235
0.0371560825295254 -0.0732027804710221 0.0550888523000051 0.0646851859198801
0.103915425832868 -0.0493827511352545 0.0348407113303809 0.101001528630421
0.118747150465099 0.0359038922699994 -0.0148702273584999 0.131676419886077
0.0596175144096647 0.127932014546906 -0.0377195303391713 0.120929100533428
-0.00421256393552394 0.173946493485635 -0.0316058228557729 0.126386365093182
-0.0231039470548627 0.180475998301544 -0.0661643898724244 0.00116440504242026
0.0385732029200362 0.161426673820249 0.0400142116291803 -0.0579966692212089
0.133728545092004 0.0871726329188705 -0.049579335728766 -0.143651155034261
0.151625825793675 -0.0234383851684076 -0.147007417125389 -0.0866499982277923
0.0772283477476537 -0.0870350922158674 -0.138622309443583 0.0343242381740023
0.0210774252245228 -0.0984802249361352 -0.0664400989159751 0.0898193820797155
-0.0351914574159623 -0.0947288793714711 -0.000659474415121824 0.0738594842278277
-0.0564192988069861 -0.0795630729884443 0.0172822539775502 0.0430762016729258
-0.053324466431879 -0.0854412645069178 0.0313016862453167 0.0241910151765375
-0.00546727261982283 -0.0998824414727872 0.0479696694287512 0.0207963781721215
0.0418189777410344 -0.0963802387678315 0.0685799241735218 0.0295210617250942
0.126887642888807 -0.0699415745948469 0.0628232143647742 0.0749295914696588
0.150305138533444 0.0354759171975975 0.015041313759327 0.119342288404746
0.0766121930330348 0.148966745439818 -0.0150785163767102 0.102292460756659
-0.00891019633087314 0.208263633957527 -0.00253235703211652 0.0720485004493571
-0.0504497379374333 0.19129009536088 -0.0305342215586891 -0.067821361279829
0.012988224465273 0.198063071636212 0.0599728770217765 -0.0981013469251628
0.140764794120283 0.133101448245414 -0.0212347145660601 -0.164474749875577
0.185995425333475 -0.000626087173013367 -0.119751505370684 -0.113639521776385
0.105603276375789 -0.093510742275198 -0.120198296485949 -0.00301145183608912
0.0336262115518364 -0.112420574066032 -0.0657696497322728 0.0463684099562822
-0.0330132419062503 -0.111675229006945 -0.0115410817086319 0.0355890656297601
-0.0598656244719282 -0.0927943660028435 0.00156999736724728 0.00945162893844583
-0.0599894814855381 -0.094842811511224 0.0153180316027478 -0.00939806696011923
-0.0109021328154998 -0.107849369970399 0.0388561279299516 -0.0159905225091758
0.0399298697365216 -0.104812904296552 0.0738366001779269 -0.00789495915065923
0.130489391697977 -0.0791717352275589 0.08065994107062 0.0456701928461423
0.157085352911112 0.0312523878916798 0.0368586979711557 0.10149373484657
0.0787331033017351 0.148684975284835 -0.00592215375212183 0.0798947624784816
-0.014182188908561 0.210862352038769 0.0184108752880021 0.0139846931985816
-0.0651023922337369 0.168057112459462 0.0170986726047007 -0.129706764886035
-0.0164264249314162 0.192183272026337 0.085718626273333 -0.131989224456735
0.113557950936536 0.149779873923838 0.0159188304189416 -0.169385398569188
0.179030249857095 0.0239751884547635 -0.0773012057216648 -0.129152908109114
0.111319647096041 -0.0796065336037587 -0.0875760258806376 -0.0390429608350425
0.0400920500886248 -0.10439876104436 -0.0567613286116205 -0.00233538744666914
-0.0263118121552209 -0.109214342578045 -0.0207337759092035 -0.00544455479719266
-0.0554775649852014 -0.0923827673009467 -0.0130726371933459 -0.0249221864902874
-0.0564527289198324 -0.0919985221266126 -0.000897204919064238 -0.0424717289142533
-0.0122521067200531 -0.102421993260841 0.0281940976856556 -0.0503342302790446
0.0371121019266561 -0.0984160939099269 0.0743183280447509 -0.0407796429052865
0.121684134083797 -0.0691987866017728 0.0895164221594329 0.0202007688927345
0.14094077475134 0.0337414357644517 0.0486066723295823 0.083567418027341
0.0610281385143496 0.136399955585433 -0.00467748600927902 0.0584466881918861
-0.0251445680789307 0.185046484482793 0.0335567078784291 -0.0367073445756279
-0.0623429147262501 0.115228847393828 0.0635185080812736 -0.174117504151336
-0.0345554471003522 0.144995098641237 0.106675611764649 -0.153087167803136
0.0700755596197871 0.126750246756764 0.0485533367658739 -0.159286152208341
0.134761507386095 0.0357461767965952 -0.0335188836599463 -0.13132915278968
0.0911794350508509 -0.0538504666126418 -0.0537300607759353 -0.0674154163462402
0.0348918518606291 -0.0790711373843762 -0.0449227673900425 -0.0436781160650634
-0.0174871311990647 -0.0874527158929231 -0.0287269802241288 -0.0425179407798668
-0.0426511818201317 -0.0768727924484496 -0.0250083714376262 -0.0552436100097871
-0.0438805992123453 -0.0778406174660663 -0.0138361718223514 -0.0725909750117082
-0.00921267415672886 -0.0856478173838134 0.021371175861837 -0.0797687165493524
0.0344644918955315 -0.0800325463172215 0.0768250556958945 -0.0655193531667894
0.102814212231517 -0.0477899613931627 0.0968620673099117 0.0035994367434186
0.10913426731516 0.0396584690076981 0.0554535935481504 0.069612086278791
0.0314490037601493 0.114132647971644 -0.00585655121844099 0.0412395798821934
-0.038101517702734 0.136733734036083 0.0471192748073016 -0.0776465377127295
-0.0456526559180888 0.0421046176462231 0.0954867127735293 -0.194958098263928
-0.0388223215390447 0.0713917529811233 0.113933792967923 -0.159695478312378
0.0241302093614132 0.0751109774570993 0.0682444977935818 -0.143805182727318
0.0710617794557758 0.0306032653114217 -0.00311822891674553 -0.125812660028406
0.0523739031057244 -0.0240981548215665 -0.0312117580985932 -0.0849108354958557
0.0224342529897829 -0.041678098462054 -0.0378179733105622 -0.0722404114610176
-0.00733154981162995 -0.051990341636047 -0.0346650382957262 -0.0675590939132579
-0.0242097151173782 -0.0506730527103716 -0.0320889990140173 -0.0765867217278993
-0.0249980365797895 -0.0533956391691815 -0.021138791889501 -0.0948892405059836
-0.00417893088310627 -0.0592755028545824 0.0219495373563866 -0.101427980359847
0.0292238287165334 -0.0532753803207149 0.0854148784339255 -0.0814258192991162
0.0750155516917402 -0.0219101222213265 0.105463230438013 -0.00242302686004121
0.065762244905107 0.0421747772132408 0.0614306053812061 0.0635503486381779
-0.00127085198111404 0.0807804533646419 -0.00684961652385952 0.029685835639955
-0.0481065637285154 0.0722178249978368 0.0604222932857244 -0.101464558336574
0.0395273324369117 0.00451253830123461 -0.0503141256720793 0.128721192502614
0.0154849801858035 -0.0310513220345378 0.0349789312015704 0.00414185307250597
-0.0184741768140842 -0.0340327527255663 -0.0573345000071642 -0.0728580770966601
-0.0315776881793442 -0.000982997355030576 -0.120684079199334 -0.0125756326934227
-0.0140768640460836 0.0168279697270002 -0.106295603651251 0.0840293421194313
-0.00121869415401726 0.0128195043236968 -0.0274222781256035 0.128541196228498
-4.13378307579388E-05 0.0172293709295402 0.0277118178864516 0.112266746267419
-0.0021188462929398 0.0152736620087044 0.0465480618765162 0.0880125568359081
-0.00777377459375525 0.00907151809550427 0.051810787136455 0.0801062006428963
-0.0127698098037789 -0.000676812286294434 0.0492802997713383 0.0858870410311202
-0.0142395019898502 -0.0096329609981018 0.0305501244563835 0.0983480803009897
-0.00180038117420589 -0.0280360866950332 -0.0065284551720024 0.121166353532505
0.0233535712442158 -0.0242289662147368 -0.0591566872467919 0.134348597853708
0.0412980434344114 0.0104155899357983 -0.0925293571646886 0.131642376309857
0.0333860929878037 0.0315487298485678 -0.0796658557526906 0.183911040284487
0.0335243278967241 0.0730065127030457 -0.0711445332941597 0.107816638132582
0.040150181435371 0.0250876704206048 0.0289208950814294 -0.00275627859691961
0.0380862031613804 -0.0124067005053328 -0.0645071011937819 -0.0860315334921221
0.0215345813931641 -0.0231616431540667 -0.136843706460855 -0.0244739228793701
0.00599053826085267 -0.0221447826811462 -0.120324852621096 0.082212213387319
-0.00199399707812253 -0.0258140952426035 -0.0376230388469467 0.131246264006492
-0.0200787073515485 -0.0203667073452365 0.0242725411143061 0.111646098190028
-0.0258363942562464 -0.0176763144656131 0.0427873339082233 0.082502553988864
-0.0245074916158056 -0.0283798105480845 0.051045284606466 0.0711289165968367
-0.00504663541816175 -0.0417354680608681 0.0512815624712157 0.0743706311429895
0.0159587572917965 -0.0413884422082652 0.0410993764713619 0.084617480040701
0.0550637271699002 -0.034137037904727 0.011987932832867 0.112615625807465
0.0706826927344941 0.0134156718614129 -0.0373662298463136 0.132466755883486
0.0466498010251191 0.0762996673495888 -0.0612286029063737 0.128975013217038
0.0146040139976488 0.107780709343831 -0.0548681982871733 0.163786725217726
0.0143136891951024 0.133271650608728 -0.0772621529966283 0.0652668625623832
0.0515171171004631 0.0914850745598398 0.0281993317771407 -0.0236673232289997
0.0934870260901364 0.0259252754323447 -0.065773841592159 -0.108291837034689
0.0849296099260922 -0.035805234782684 -0.148977449697224 -0.0462076103186298
0.0353189503273495 -0.0600760936864589 -0.131138609104781 0.067890090321577
0.00316010514620081 -0.0650296594715983 -0.0495891277082965 0.118781201996648
-0.0335589784660062 -0.0578450533331017 0.0148518576246662 0.0977096555399957
-0.0456850002709865 -0.0486177392708447 0.0328519311750979 0.0662338723237964
-0.0420485458820274 -0.0581041199482974 0.0439906907576794 0.0497314274646043
-0.00521737443700798 -0.0750485731175046 0.0520738823847973 0.0497344904824096
0.0314631178416797 -0.0723524070823819 0.0563335585505759 0.0590595963531368
0.0964945542797699 -0.0534647336884954 0.0401384472913545 0.0954707617482594
0.116196749698716 0.0277970085463543 -0.00783660150151802 0.127097573612412
0.0647848349254735 0.119712812485813 -0.0308861454803918 0.117527838079621
0.00575479642388037 0.166635024483675 -0.0248348447976601 0.123343312371471
-0.0120685478848952 0.174466935800694 -0.0641107742518773 0.0049742909236048
0.0458944708146443 0.153276726637032 0.0358459475490027 -0.0571676271359324
0.133245394424143 0.0753110210746461 -0.0543886663973087 -0.134418707134764
0.144049747578451 -0.0323063229875151 -0.145247418679569 -0.0755664531793374
0.0692710569728477 -0.0884947152158639 -0.131312677848434 0.0404106497506829
0.0146058732072869 -0.0958922668239388 -0.0583199190873037 0.0893986348876749
-0.0390249605203321 -0.0884333670616782 0.00260570278726806 0.0705339530860864
-0.0586332653449713 -0.0721480631573278 0.0184583479261706 0.0403279645612315
-0.0564545342776116 -0.0776927488698429 0.0309846149654958 0.0217016459813262
-0.0111224401019648 -0.0957925409316761 0.0468284272307434 0.0168684218464864
0.0344626815938714 -0.0949652732577042 0.0671959435818484 0.0248888884831294
0.116872486535233 -0.0754379956438798 0.0652847133773257 0.0692394835236181
0.146496882307682 0.0252096681235859 0.0212075635048992 0.114333308042205
0.0816782513089234 0.138141899449724 -0.0104092937853952 0.0990886922495212
0.00408855388377605 0.199055563110968 -5.65170114463773E-05 0.0693988190478162
-0.0380231703351273 0.186093469734369 -0.0331937981764617 -0.0629187192649364
0.0230910468718319 0.190175676820521 0.0525854338389058 -0.0963445136716473
0.142244871649421 0.118344253545541 -0.0281281888052752 -0.155556504105983
0.178793443274005 -0.0117334039401577 -0.120736635331012 -0.102773457147479
0.0953638494279059 -0.0957651697421361 -0.114974630804739 0.00384831649752992
0.0259461380840282 -0.109678278025655 -0.0601846078659123 0.0475865358133715
-0.0380121773940598 -0.104565844297162 -0.0100010192915516 0.0344057892452886
-0.062858283960037 -0.0839959068349608 0.00170596262763939 0.008745660190701
-0.063049681959949 -0.0862685627698411 0.0142757761192737 -0.0100374261418136
-0.0167381189320259 -0.102601123798312 0.0361596753717031 -0.0171981621034932
0.0323563233911963 -0.103169929607652 0.0698668991362891 -0.0118711735516344
0.119879631033274 -0.0839009542174228 0.080721610690243 0.0395336273062151
0.152969321816189 0.0204637558529531 0.0411752567958464 0.0962525615477675
0.0839042577063558 0.138386611530513 -0.00188850475590998 0.0770631489175674
-0.00119861670692137 0.201582059019305 0.0168746361343465 0.012418001227282
-0.052660648055869 0.164261300693994 0.00945155613580461 -0.125647375544568
-0.00521612192747715 0.185593887549257 0.0751688277016948 -0.129194277948568
0.117650607265622 0.135914100134871 0.00685108386188179 -0.1625838950985
0.173592816175295 0.0124908290111558 -0.0801345936666746 -0.119915522496775
0.102319024367247 -0.0827629948928207 -0.085947262276029 -0.0330227178566615
0.0320110871547348 -0.102590082995722 -0.054050340479808 0.000677032417568204
-0.0307271258305806 -0.102604249856147 -0.021110805107122 -0.00481060903261183
-0.0584614607629748 -0.0835936764679084 -0.0144463032107694 -0.023330865816698
-0.0599906782055043 -0.0837429027865422 -0.00314359538473072 -0.0406535421933424
-0.017662452726111 -0.0968858505073089 0.02428304055366 -0.0499188605310011
0.030058002408383 -0.0962137899201018 0.0687853997290833 -0.0430486896622787
0.11191269268616 -0.0742885294605512 0.087951643550079 0.014578395051432
0.137158762729158 0.0240821170014084 0.0524901822926215 0.0775901243690913
0.0661920749664081 0.127538317356091 -0.00199569753093005 0.0565686600111611
-0.0129705801830415 0.177707218384531 0.0288232868487594 -0.0381370588930731
-0.0528625894055806 0.113032794728846 0.0519121173139222 -0.170941503353108
-0.0245656512120026 0.140518539791925 0.0940200600890205 -0.151120054565695
0.074446887369487 0.116891983627575 0.0388890715181135 -0.154565828259929
0.132325812655399 0.026127544996046 -0.0377793670666131 -0.123494739063175
0.0848283982762845 -0.0572951143696514 -0.0549072997949471 -0.0620004994549006
0.0296736274332156 -0.0778714849108985 -0.0452854810930779 -0.0402931915901686
-0.0216632951554087 -0.0825532532034064 -0.0303824714115804 -0.039377077534773
-0.0458860971244386 -0.0705347106660787 -0.0272056950605961 -0.0522016194979297
-0.0471995609496013 -0.0709613976598258 -0.0170422849150622 -0.0681675067641197
-0.0139765421123413 -0.0811848107257737 0.0162465733648169 -0.0771417209898468
0.0286776878594144 -0.0787627922444498 0.0704412624604058 -0.0672028817642981
0.0960070843938346 -0.0520388824957563 0.0933584659810144 -0.00148312097046686
0.106141050413872 0.0315956653098753 0.0574884576527789 0.0644067831131713
0.0357289857969629 0.107646507719065 -0.00368005285553029 0.0400092412621612
-0.0283703481473735 0.132241962201295 0.0400658109730444 -0.0768864888406029
-0.0407330146556397 0.0425970092985203 0.0822202275705231 -0.192533442797635
-0.0322844173044535 0.0697631108617106 0.10061730014336 -0.15796589626864
0.0276544643509943 0.0699458764310237 0.0588943167908732 -0.140791054299195
0.0707396927081795 0.0254994277093467 -0.00855948605750216 -0.120683160601424
0.0493790407157208 -0.0263994175307972 -0.0343250410144579 -0.0803408312079798
0.0197713838738323 -0.0413745443348389 -0.0402979265318436 -0.0678325697060982
-0.00974024540798591 -0.0490773828068863 -0.0379806616165747 -0.0633246733430317
-0.0261435997608545 -0.0461247149342678 -0.0354389334126718 -0.0723484083619496
-0.0271068430403236 -0.0487562244395004 -0.0255737877931917 -0.0893295169895127
-0.00728408140826806 -0.0560912487781198 0.0156259545125847 -0.0975965075206048
0.0251207057940624 -0.0528268477279419 0.0770198257982916 -0.0825511608825888
0.0701722442263818 -0.0255166032146038 0.101671101637857 -0.0073121760164028
0.0645413404808824 0.0363003347876988 0.0626600803819735 0.0581283699996993
0.00263870877843469 0.0774146665193922 -0.00455763619547186 0.0295365899551071
-0.0414133151811458 0.0708568998133942 0.0511796032261764 -0.101086055047231
0.0384415722991609 0.00142462056949866 -0.0236960022651535 0.128907645895153
0.0107829398356149 -0.0311190272543889 0.0354066418727657 -0.00298009260872633
-0.0228188707820734 -0.0280492517109368 -0.0651719630010345 -0.0621073993333119
-0.0300594545155666 0.00597903296777195 -0.118306028067913 0.00523438366347459
-0.00982421747492616 0.0195849996518951 -0.0880850365042747 0.0966378636877712
0.00159845418945727 0.0118976694083051 -0.00705132038023846 0.125531104975419
0.00339157197775556 0.0155748147609434 0.0426396192680112 0.103706014460669
0.000758729995913018 0.0143841817613351 0.0559616473345891 0.0759189849585396
-0.00542630853157244 0.00887043613034923 0.0611395871306111 0.0674720498455903
-0.0115591196418001 0.00136926434718589 0.060498302420011 0.0725458985046599
-0.0134499212626446 -0.00690941708861277 0.0443462457257454 0.0875418554605488
-0.00554683453422853 -0.0241538597533166 0.0131381477696178 0.115005941026779
0.0185329957236214 -0.0230452255966041 -0.0343934396614967 0.134710960193906
0.0378425739970934 0.00598146326656817 -0.0672695656565023 0.137667604470985
0.0345837660862684 0.0285737475010868 -0.0498517883086104 0.183860922389051
0.0396777769304068 0.0649093117579813 -0.0472599964644219 0.116262411941578
0.0404349193147406 0.0173271405008462 0.0287644970564288 -0.00564955692927291
0.0311063472640472 -0.0159219824780562 -0.0708946422125095 -0.0704644151531076
0.0144659567091526 -0.0223748361714449 -0.131401886008176 -0.00258041473393622
0.00338882593794092 -0.0182639686159678 -0.100273216940497 0.0952315628477492
-0.0039653493046793 -0.023497229606463 -0.0157396424517143 0.128059244047194
-0.0201152105918632 -0.0165758247516614 0.0386796683496994 0.101339302246468
-0.0249576334569304 -0.0131951519799167 0.0518846187902047 0.0713219523545099
-0.026332264800885 -0.0228608820769295 0.0598422479060245 0.0597409519568395
-0.0100244056633972 -0.0381227849687744 0.0614233852154465 0.0618237224482285
0.0108800738778838 -0.0396928301633593 0.0524225655313144 0.0738254327451941
0.0471490797791669 -0.0377693549824051 0.0282432861493934 0.104245491741932
0.0667257886538876 0.00594334390533404 -0.0141568703765784 0.130660501137964
0.0521886724389748 0.0662420931979709 -0.0393142070618429 0.129405316277812
0.0266635416411445 0.101808436970322 -0.0304963166500726 0.160859695432111
0.0287132431149583 0.122591911209465 -0.0608922873509127 0.0801971845432473
0.0592969494748839 0.0767294583964448 0.0249983609171355 -0.022640198352632
0.0863259789417594 0.0113535153059778 -0.0719064435807297 -0.0873113171751704
0.0698028351581749 -0.0432119177383016 -0.140920570527119 -0.019719687828891
0.0252075413178514 -0.0569633440819132 -0.110340580938912 0.0809268209537502
-0.00394858492901093 -0.0604396533115254 -0.0283763288646325 0.115838686504614
-0.0379975759660229 -0.0489529249388046 0.0276936394830622 0.087619124031668
-0.047290018332776 -0.0387740584441081 0.0404564488568613 0.0565906883559681
-0.0464584559587609 -0.0483989214039024 0.0502794325409381 0.0408797312780768
-0.014632871039509 -0.0697075930502551 0.0588506035128099 0.0387140072340692
0.0217493009620452 -0.0705512465651275 0.0628924851251207 0.047184855300936
0.0833733379299439 -0.0619577037491281 0.0514664340122333 0.0849140666310947
0.110526067756656 0.0131975813206012 0.0138031687318317 0.122321597421917
0.0755207973886845 0.104512277519973 -0.0138926505742369 0.114021761148635
0.0260843735077104 0.157036480538082 -0.00852215001794988 0.118397498043763
0.00864157422039268 0.162412059807784 -0.060180896703183 0.0241272046464482
0.0611876661796922 0.133781808342561 0.0259246689747986 -0.0527721741461761
0.128666085022744 0.0502500180789797 -0.0631940573155935 -0.109693206540634
0.124026114959027 -0.0481979994173193 -0.13830581995212 -0.0451569985964373
0.0518008201489126 -0.087168171142541 -0.112298424671139 0.0532694807530518
0.00198390831374293 -0.090517450948817 -0.0405309154409333 0.0890941074445175
-0.0475023577007785 -0.0758476797269508 0.0121104607986732 0.0620715091125562
-0.0627672285028091 -0.0589216504161231 0.0230687030443103 0.0345747773009394
-0.0622850079208895 -0.0647340781261836 0.0345123600908178 0.0159923158868668
-0.0230387130428394 -0.0883814711075825 0.0496531582621768 0.00893319206627747
0.0224946418960775 -0.0925103728656617 0.0673845407734416 0.0128686602412315
0.100033947118922 -0.0852840699462363 0.0710014690158123 0.0566649880531325
0.138101862380267 0.00681978229132911 0.0392557185317334 0.106292317613824
0.0937832050603662 0.119521581051785 0.00208624953504124 0.0934391260290914
0.0282879011757382 0.186698877662585 0.00675152896625113 0.0640555092092723
-0.0138935922971328 0.175380335277629 -0.0435697679222496 -0.0439136678351636
0.0452957231610011 0.169999981393801 0.0346061906229136 -0.0900865218105619
0.14225075190911 0.0881121884109301 -0.0420377070877151 -0.13006591763259
0.158155455087785 -0.0354605237601898 -0.117898673001463 -0.0725005374366725
0.0746166191404408 -0.0985877451321797 -0.100587983377568 0.0156654429290273
0.0107396554893293 -0.105068002346442 -0.0484753608568085 0.0487173164704247
-0.0489098486330975 -0.0906832114590772 -0.00482060130919598 0.028903538650225
-0.0685607580175294 -0.0693655719890898 0.00313769469407513 0.00725159537209537
-0.0699672637207703 -0.0711196794279774 0.0138534155322975 -0.0111358432022139
-0.029075595492747 -0.0944873413084877 0.0337194641995759 -0.0223889243275586
0.0190484122288749 -0.0999632534037369 0.0642021489890309 -0.0211993353247595
0.101841539975694 -0.0933788681116219 0.0809028879942214 0.026885507339395
0.143584355627572 0.0019833654033798 0.0559741130147936 0.0858043331653908
0.0959815088694552 0.118313834716722 0.00665264547812634 0.0718426744834979
0.0237280343736182 0.189093616938905 0.0143370953694765 0.00866948202055837
-0.0310758317986531 0.155725357248946 -0.0143287442223188 -0.110738768722707
0.0181585006904188 0.168686486189279 0.0485280730291489 -0.126023070609475
0.122246736810245 0.106792728946334 -0.0125509519914084 -0.141515580209087
0.156635323848741 -0.0135245760991001 -0.0822776413674929 -0.0933657654638525
0.0818800064757939 -0.0878399410822465 -0.0786131538046624 -0.02264392692049
0.0175155045475158 -0.0993747378846406 -0.049407963181271 0.0036765230181368
-0.0428050558428496 -0.0898038767177679 -0.0207318510892932 -0.00641102965068905
-0.064102743667381 -0.0695244226391883 -0.0165463316814043 -0.0209926161993573
-0.0670321864179294 -0.0695757916244288 -0.00697762911170359 -0.0379876161789763
-0.0297040331825076 -0.0888426224530595 0.0172715426984106 -0.0505569147842596
0.0178886824916235 -0.0937421168669508 0.0573822852918012 -0.0510699673104377
0.0955890168290939 -0.0837966211612963 0.0840307688501423 0.00240173789941962
0.129406442132286 0.00677954404354418 0.0625031112873181 0.0675405901272923
0.0776222001238999 0.110550770339107 0.00439380094582836 0.0525850381981944
0.00939637513726895 0.166849203817748 0.0187717143466225 -0.0400648825050907
-0.036687098412235 0.106861062091888 0.0175420147058334 -0.162695553792399
-0.00613315626500548 0.129710789449945 0.0635020848829842 -0.150547701645871
0.0804162483484309 0.0941256329521518 0.0167594567409613 -0.141394126647287
0.121081693167405 0.00379829156755087 -0.0466925264265629 -0.10454224680041
0.0686954897744726 -0.062938353587064 -0.0553412531562966 -0.0528155763234925
0.0175921052729663 -0.0758438982785886 -0.0474319977674388 -0.0347625798092244
-0.0314351606330075 -0.0731386017739721 -0.0343002568542675 -0.0371875365022737
-0.0506975922223077 -0.059015541238035 -0.0332218436686406 -0.0466253432177761
-0.0535744700920969 -0.0593221381032673 -0.0246047931328632 -0.0611373223027978
-0.023806063484046 -0.074312712767847 0.00557147149695986 -0.075211419698995
0.0182934514414667 -0.0769178193443352 0.0548586677615534 -0.0738389077851459
0.0837159846528354 -0.0611933696596293 0.0862058593913029 -0.0137782793172748
0.101165987463995 0.0178385434626653 0.0658149168141992 0.0533312888731631
0.0471304351946353 0.0957896945111152 0.000694669489143068 0.0374388360885628
-0.0103894588508037 0.125852421468906 0.0244132562563473 -0.078183788506603
-0.0336186275060736 0.0393967972877979 0.0434303888899995 -0.191301371948003
-0.0224442497481567 0.0651726311642979 0.0684672185909302 -0.161536142820012
0.0319788537519077 0.0577276190786424 0.0355418143030386 -0.135664249153142
0.0655213137231613 0.0118491413502214 -0.0222273199675649 -0.108817536736189
0.0400042517684302 -0.0298275797158075 -0.0415936366994734 -0.0723865895586649
0.0123391475276733 -0.0405299441920908 -0.047534325683503 -0.0600792562539548
-0.0163274310831298 -0.043943374195712 -0.0449889587525799 -0.0577758578089613
-0.0304840326081604 -0.0391316769155023 -0.0437168465947115 -0.0637220772957098
-0.0328587022682803 -0.0417106677442817 -0.0365442686066195 -0.0799261958178462
-0.0145628197517986 -0.0519606235235395 0.000698515833885065 -0.0945272856933378
0.0177901760980681 -0.0528025989983194 0.0591437322422946 -0.0895406030457632
0.0634392719107422 -0.0331764522171709 0.0930158830226712 -0.0209319683153584
0.0637783722220381 0.0267247578280438 0.068528407923728 0.0458177093520019
0.0125729093881766 0.0716065966213057 -0.00100853628949393 0.0275176300131454
-0.0295099042889619 0.0694441153413751 0.0323568192177573 -0.102041849109739
0.0368014859702805 0.0013045494297783 -0.0244800414985249 0.123599222912714
0.0113197952520788 -0.02995389292788 0.0347175758938065 -0.00245968507526871
-0.0223322625519516 -0.0268036125056766 -0.0603834113009249 -0.0605569052626848
-0.0289064804719465 0.00516467496166558 -0.113682686144001 0.00296912682276728
-0.00956304190307813 0.018122387781398 -0.0863019841115977 0.0911183592683099
0.00137129681321317 0.0113320469034447 -0.00847911055801068 0.118921680799586
0.0027600364625031 0.0144041820329727 0.0397465593632661 0.0987255556697942
0.000665351778120713 0.0136163967898245 0.0524839832485988 0.0733910030404242
-0.00539320148434557 0.00869598288184536 0.0575915337937821 0.0649912359943512
-0.0110113582575988 0.000967203585633491 0.0566346811597072 0.0703075941241439
-0.0125851866961661 -0.00645889524842587 0.0412988482288884 0.0850385959468813
-0.00452620903945824 -0.0229071464001059 0.0103603550759878 0.109317639388131
0.0184384738257779 -0.0213283031849552 -0.035897385484436 0.127377973891394
0.0364414159863447 0.00685745202954529 -0.0677315297993505 0.130129341486016
0.0326102480166714 0.0273093231854119 -0.0512567299737094 0.17537461816907
0.0378149524732244 0.0618943612129545 -0.0471182136294361 0.111482902228137
0.0386955526238485 0.0173019115409536 0.0286013424255694 -0.00502878206388174
0.029937434294153 -0.0152130400843076 -0.0655560540349517 -0.0683905123100147
0.014171962520151 -0.0216348578226272 -0.125869709289761 -0.00430832933400226
0.00366402339742511 -0.0177284117228568 -0.0975961327708348 0.0887409719534613
-0.0038428528433712 -0.0228174006976791 -0.0165670330484695 0.120878427741618
-0.0191846560836393 -0.0157950225290694 0.0355517804223592 0.0968721446780151
-0.0234962354049222 -0.0125807543858017 0.0486540359972279 0.069140666826392
-0.0242836662018786 -0.0224901451314286 0.0559470303451055 0.0571804884818593
-0.00915842827459993 -0.0368322932208745 0.0577873603605682 0.0602340670895338
0.0106892285758104 -0.0381419205545853 0.0490383119119943 0.0710442490872527
0.0455325733050578 -0.0354322248003975 0.0254921648258481 0.0998127800057594
0.0636469982202071 0.00685553912245925 -0.0156943803257738 0.124484015127082
0.0495388197740354 0.0648298333289468 -0.0410814194093217 0.122388876487326
0.0234518808265071 0.0969577081293987 -0.0324052498983723 0.154234197741569
0.025868846475124 0.117347087293165 -0.0593712304192983 0.0764215737021662
0.0559355022415138 0.0746403456303422 0.0254497009697392 -0.02077116940373
0.0822371353695735 0.0114359620794211 -0.0661966449141231 -0.085049689145303
0.0673178353027638 -0.0408239642160786 -0.134436967746023 -0.0216704818114158
0.0246738669557906 -0.0549321432762326 -0.107145436384056 0.0750508143327127
-0.00377828676745192 -0.0579603430988347 -0.0287382799088462 0.109658963825952
-0.035883370334567 -0.047199458564156 0.0247465591979027 0.0837979122646401
-0.0444621302712354 -0.0368965837392563 0.0374171161511199 0.0547279837393419
-0.0438697293108005 -0.0462984169332016 0.0470989788127877 0.0393352721712923
-0.0138095525128428 -0.0667351916554935 0.0557565859771307 0.0379519434391856
0.0219253494115232 -0.0675724278308178 0.0595155361308358 0.0464944417178078
0.0799937552715811 -0.0582982613534404 0.0482238977311073 0.0818592847819135
0.106125939149251 0.0141451265067304 0.0108793530796826 0.117212084408608
0.0705120316960809 0.101526741634367 -0.0160784313682307 0.108590331277655
0.0220591042098714 0.150058835070328 -0.0111400608473528 0.113600028618883
0.00618040009841346 0.155860722265251 -0.0576251116222253 0.0226634218905623
0.0569840629977092 0.129160299345568 0.0271647441649934 -0.0484903299188571
0.121829996829212 0.0490586200133107 -0.0574530557991969 -0.105676155751245
0.119189049088202 -0.0452958699001183 -0.1308708910098 -0.045782635277241
0.0510232913117097 -0.0834644372135086 -0.108302877023493 0.049189770825586
0.00256042070252322 -0.0870686298454403 -0.0397230956107808 0.0836408159658599
-0.0450455849264439 -0.0729645138825457 0.00948471601367827 0.0595239952536725
-0.0588629303286433 -0.0556729589320628 0.0211255530884654 0.0331845102649125
-0.0591467746099975 -0.0613749518870428 0.0326499137682574 0.015355448705673
-0.0214451015596392 -0.0851250098937072 0.0470661268281054 0.00906808264466342
0.0220216098563226 -0.0881692239457505 0.0646588006344065 0.0137278241502412
0.0964222210672948 -0.080682126084979 0.0673624828010481 0.0554844299950421
0.132234017334844 0.00864037196680221 0.0356915475704931 0.102066769218442
0.0878576417470662 0.115550819499553 -0.000682910181913765 0.0898998957727331
0.0243592988762157 0.177953852639957 0.00398045007702351 0.0620128561541731
-0.0160342571582615 0.167266990806813 -0.040482019592438 -0.042244516445553
0.0407394973485264 0.163582783471637 0.0360197630572413 -0.0845640521246194
0.134977627595645 0.085737643396795 -0.0369470107489692 -0.124597722441939
0.15222536081502 -0.0331777269013371 -0.110328365023622 -0.0714933538107777
0.0728508787562933 -0.0936497090037261 -0.0970960239068455 0.0127841524305854
0.0114595587414977 -0.100526257437294 -0.0468080696265814 0.0452942554976454
-0.0457338494413742 -0.0869584038861531 -0.00599018103113743 0.0269623177515969
-0.0639066053909103 -0.0663146588742183 0.00211539683499052 0.00635658622020146
-0.0659689786473752 -0.0680353339686497 0.0134919884840725 -0.0109233354688884
-0.0270376846273255 -0.0901993139645268 0.0327526402372449 -0.0210332590997423
0.0194583566023721 -0.0955906783428142 0.0616818238958272 -0.0195797201634264
0.0980221365545875 -0.0883685496259288 0.0776413506848837 0.026629800277006
0.136852410278003 0.00344361613593473 0.0520743191634587 0.0835706398214959
0.0893417520674935 0.115154711771311 0.00489865139154476 0.0691486436574664
0.0201633245146513 0.1801015748798 0.0123838355641686 0.00888536101340597
-0.0316091477269833 0.147828207748325 -0.0113336375290763 -0.10582051054447
0.0148043153432566 0.161757487008115 0.049866669357199 -0.117602268744813
0.115170519924251 0.102789124791401 -0.00803177995531414 -0.135053541820507
0.150210837479262 -0.0113424383918125 -0.0765844205443843 -0.0913560374148542
0.079816722539631 -0.0834926162709623 -0.0750872734812322 -0.0233383292897258
0.0182952114719581 -0.0947346811674757 -0.0473701644659362 0.00244163769040988
-0.0394734295787918 -0.0858149244617637 -0.0208693354056859 -0.00676621738066702
-0.0604942332827977 -0.0664329888388403 -0.0160352389232547 -0.021090130179115
-0.0632635529496186 -0.0667003271780499 -0.00629758265427072 -0.0362919125841479
-0.0273404108940893 -0.084871123934289 0.0174884645661121 -0.0480076306414763
0.0181594995132483 -0.0890244681740968 0.0563228203559664 -0.0477306424995188
0.0924528358654293 -0.0785839827077083 0.0806127006194623 0.00282346277796497
0.122879546818776 0.00812948966325028 0.059396383066086 0.0660831616442423
0.072387371184527 0.10686472205919 0.00289440182709789 0.0505678642929277
0.00687820582902158 0.158120788933285 0.0172145383349972 -0.037780203913487
-0.0362078805819399 0.101609254453126 0.0201465302732947 -0.155673685488229
-0.00754546408334637 0.123833498620288 0.064250985557528 -0.141137192348501
0.0752345345354521 0.0902136641843939 0.0196420581926447 -0.134972973842087
0.115791931418765 0.00461998409294472 -0.0422192474833023 -0.101307374558223
0.0665803623085795 -0.0594595272388615 -0.0520830847472321 -0.0523111408254018
0.0175889671462699 -0.0722870017768788 -0.045060282519204 -0.0347793069700408
-0.0289488394316073 -0.0694169200820998 -0.0329637545657292 -0.0362291241594397
-0.0477532748430385 -0.0561648190680945 -0.0314901210601936 -0.0453681801632541
-0.0502318793195403 -0.0568152987533966 -0.0223020891679572 -0.0590325287115035
-0.0218284718059624 -0.0711769733503306 0.00637689009943925 -0.0712390606461368
0.0186131122373213 -0.0736263350073876 0.0534590353535475 -0.0692332419707338
0.0804786777971883 -0.0568888646568023 0.0838886010484961 -0.0123960556762907
0.0958200053402673 0.0177256799854968 0.0624240707695192 0.052392519326854
0.0437322383767682 0.0925580722804054 0.000274821126862167 0.0356845280233238
-0.0115795990623405 0.118836302160512 0.0237636959749332 -0.0747741053734715
-0.0320528751307348 0.0371279921339849 0.0452018515374493 -0.182640289758888
-0.0220357102704603 0.0614234936382663 0.0695086346860016 -0.151296889364392
0.0291737467193294 0.0546032742221135 0.0370265551480394 -0.129137482603939
0.0621784460868307 0.0111784339267961 -0.0182784328785113 -0.104468193555197
0.0387636401285491 -0.0284144172416773 -0.0381609441070809 -0.0705398747949839
0.0127051261367074 -0.0384650054809031 -0.0450501380903608 -0.0584494489469754
-0.0149073400958672 -0.0417879464453607 -0.0430305980436347 -0.056218033936876
-0.0286805047615233 -0.0372875339653071 -0.0415762770374616 -0.0622320537429321
-0.0305485570032963 -0.0398347784407916 -0.0332603448693979 -0.0771224393507531
-0.013412761295198 -0.0495109693825997 0.00274914607309879 -0.0894048818447733
0.0179805081811512 -0.0503840927013485 0.0579987363425341 -0.0838894907707794
0.0608247595137425 -0.0301139096154868 0.08933574424025 -0.018465379912697
0.0598162635304784 0.0263205873973495 0.0651271458661262 0.0457933548463477
0.0108532987686293 0.0686113082069178 -0.00177955708343372 0.0263213188116912
-0.0291699204691258 0.0648697600991587 0.030619465445036 -0.097005550045146
0.0366624613309298 0.00142705468671913 -0.0276141042018531 0.122153680886821
0.0124966895552916 -0.0293117719196485 0.0353070811422658 -0.00182689330775147
-0.0211029896995703 -0.0273091433596346 -0.0576247612648717 -0.0624193709258817
-0.0284512921147356 0.00442429987118058 -0.112510644758872 -0.000840224986347442
-0.010250375593584 0.0175746837375929 -0.0883854936749958 0.0872361164014024
0.000471081848898726 0.0111523884665496 -0.0121227284699242 0.116576921615365
0.00227363110627091 0.014030800589377 0.036187022917909 0.0980174418405875
0.000549961135609708 0.0133385023027362 0.0498350317893744 0.0740799603564074
-0.00540463555567818 0.00822897314975001 0.0554608686889364 0.0661351896958484
-0.0104517335885319 0.000493192002148103 0.054483959733482 0.0714198160419595
-0.0120156389874075 -0.00645883611809094 0.0384343136429497 0.0848586116815504
-0.0036916086336089 -0.0235677947826082 0.00608007230711393 0.108229100057183
0.0189415654319369 -0.0198915079271812 -0.0396340261019358 0.124242742247833
0.0364040822217489 0.00873108107618256 -0.0730506223050571 0.125486637411073
0.0308606391580127 0.0280064434472461 -0.0570963641995103 0.172985681889744
0.035399285346487 0.0623190898223734 -0.0497797800934237 0.109787376820145
0.0382928843208917 0.0186091973470784 0.0297420226888955 -0.0037316320265321
0.0298103989918238 -0.0140159073893886 -0.0621669418744705 -0.0704488895263197
0.0148920525675808 -0.0210807108508674 -0.124512800824501 -0.00848016645687546
0.00420652570267809 -0.0178735144236212 -0.0996302136214185 0.0848001615725469
-0.00338003648230755 -0.0227931863178487 -0.020367024722725 0.118598386284036
-0.0184323493992474 -0.0159356063333935 0.0319648919176295 0.0962096496299521
-0.0228677787501931 -0.0125941411029767 0.0460541496616293 0.0700130791781368
-0.023639973884531 -0.0222092359847143 0.0532295688306497 0.0585876225181059
-0.00799185504537803 -0.0368442746976335 0.0553001618802801 0.0610827599682977
0.0117288164609023 -0.0372454486547845 0.0462188018021747 0.0721458132849288
0.0460668293157855 -0.0338941858032029 0.0220076818264628 0.0993881713526095
0.0633995632818212 0.00885060189233874 -0.0204339938134518 0.122259344971401
0.0466380004744847 0.0661242598177022 -0.0462862284911781 0.119728452939207
0.0201138615683392 0.0965757857402461 -0.0378534119641976 0.152166714353152
0.0224188964396807 0.116598104017526 -0.0612223153465816 0.0753976348821823
0.0530114310382686 0.0761017374148566 0.0264882676522429 -0.0189881088683618
0.0807371497736854 0.0136191182768786 -0.0616334748715131 -0.0861016554275566
0.0673815937878186 -0.0392472464393588 -0.132637940826772 -0.026031247691659
0.0264905453573519 -0.0540100335514786 -0.108566174328127 0.0710067604466552
-0.00203888205827931 -0.0576726959466953 -0.0321952797686954 0.10700036569509
-0.0344109050987571 -0.0470773977284179 0.0211241074951017 0.0827982139761958
-0.0429533384490395 -0.0371120019131643 0.0352236244636935 0.0554101312713577
-0.0418516483500747 -0.0462790480138266 0.0453487848454233 0.0402697501610973
-0.0117686052982444 -0.0668353503403126 0.0537541196326101 0.0387894470261707
0.0233122591855415 -0.0661748525731394 0.0571274052447584 0.0475366573617666
0.0804742189461009 -0.0557773418057022 0.0455586427646474 0.0824716713694001
0.104681939639229 0.0170135510836435 0.00668161757649475 0.116869828483676
0.0665974739970744 0.102826061458827 -0.0206229361608189 0.106785503295657
0.0172664079133201 0.148841941650139 -0.015566933901449 0.112835123807964
0.000922117949890799 0.153855568430161 -0.057825433311065 0.0221533164376474
0.0526750634222483 0.130222115961135 0.0291885584329582 -0.0466008138405449
0.118959728452676 0.0519154193257693 -0.0525143851038441 -0.106308993630415
0.118943974620853 -0.0423242283702407 -0.127912973150366 -0.0500346722934929
0.0528032878220381 -0.0812638878117061 -0.10902579906606 0.0443807483875639
0.00491333923354452 -0.0864382379072021 -0.0419642857137976 0.0805874012451964
-0.042066380096257 -0.0735245959234026 0.00701337258004774 0.0585267841413393
-0.0565931692118249 -0.0563070267678074 0.019323239459439 0.0333647718671808
-0.0562940016471672 -0.0616004310927646 0.0312254441330233 0.015976608958806
-0.018608123908806 -0.0849217327963268 0.0463782151414794 0.0102816301374684
0.0247039659150665 -0.0870680417103862 0.0632343096450024 0.0151316744122229
0.0973736594259604 -0.0771399725478953 0.0655506771490703 0.0562754286021271
0.130721277749085 0.0122161754240146 0.0321663894802966 0.102919244966448
0.0831548774504659 0.11772815050346 -0.00373480569201189 0.0882504940617647
0.0179593386851585 0.175928342507131 0.000673491629947743 0.0620700467587403
-0.0209673446381526 0.164491197839418 -0.038250741016689 -0.0424944900852965
0.0353572193848224 0.163949347179017 0.0395011909786009 -0.0811871295972318
0.130680895700989 0.0878505554718878 -0.0308279073084843 -0.124362872090785
0.151081110054473 -0.0289240984209734 -0.106747926515815 -0.0749860919309917
0.0749710355891116 -0.0907985055520327 -0.0966560262524385 0.00867113783262342
0.0144069106669079 -0.0996402500777304 -0.0479343839012621 0.0423011263379572
-0.0426296008223364 -0.0872776771449558 -0.00813000677524345 0.0264184383382265
-0.0615385381102031 -0.0664131084382583 0.00116280865760719 0.00622031679025153
-0.0626258458601299 -0.0681282371120899 0.0133025025809064 -0.0104046283418651
-0.0238369223073731 -0.0900899912163446 0.0330119708846794 -0.0196414202324662
0.0218109732555573 -0.0937754796112722 0.0621564406735537 -0.0172914643143126
0.0997570466345072 -0.0846649656406145 0.0765466244582993 0.028215492909285
0.135839107408896 0.00702124036625413 0.0492946645885578 0.084632507118863
0.0848207050953675 0.116710163240596 0.00158144830371808 0.0688415743753799
0.0147250796406317 0.17776969395335 0.0109837114310922 0.00970899620217818
-0.0355353657598541 0.144951177768531 -0.0067186828503559 -0.1046803628227
0.00949960171023817 0.160798170126294 0.0551913300055063 -0.113886946368771
0.110864211704288 0.104359128150783 -0.00222417879691298 -0.133542366464901
0.149159899676072 -0.00797260377117687 -0.0727921210306383 -0.0933149706312423
0.0814851271772789 -0.0804815361902496 -0.073627042223614 -0.0262431980676817
0.0204919754359926 -0.0936370024200949 -0.0468360266673953 0.000208360013780665
-0.0366709788618503 -0.0857578178995693 -0.0212334615765927 -0.00765695071402086
-0.057595327977168 -0.067012361927211 -0.0157532420080595 -0.0215245621982428
-0.0599033793718476 -0.0666645903446707 -0.00504280381768294 -0.0364571557511337
-0.0244707067156642 -0.0850381972786811 0.0192822997453041 -0.0467797845154967
0.0204358614702432 -0.0878704672421168 0.0574282926024733 -0.0452682271815678
0.0933207498464106 -0.0750205351769428 0.0806343978262106 0.00518108644759707
0.121741802181156 0.0116440015010913 0.0572921035284984 0.0677833104169128
0.0677043281657489 0.108005689450061 0.000814287980082475 0.0508168899834246
0.00202422013056814 0.1557555739379 0.0177192834689489 -0.0371726504232758
-0.0385576345303685 0.0991766797468824 0.0261906261949198 -0.153512736815632
-0.0119203448190972 0.121885922476345 0.0702089924956282 -0.136778502444296
0.0710322541263334 0.0905979931610896 0.0254970401155911 -0.132144718365767
0.11493252639544 0.00730631224777258 -0.0375986407171923 -0.101905709390249
0.0679706970533053 -0.0570037763757901 -0.0495606297894161 -0.0540323213582915
0.0198948485077976 -0.0713672623920108 -0.0436851532086927 -0.0363598594790608
-0.0265376925341716 -0.0693670313660671 -0.0330960769939175 -0.0375693333805219
-0.045422334008815 -0.0563833994297824 -0.0307033814308988 -0.0460350185644942
-0.0481635468041632 -0.0570799077180564 -0.0205265729477487 -0.0592914811342445
-0.0195983845786352 -0.0711839132520836 0.00904421274787097 -0.0700818266903363
0.0205961505815164 -0.072239077717235 0.0551300757199431 -0.0669919443122508
0.0811912173668432 -0.0541751904349433 0.0834082525543135 -0.00966115844270172
0.0938196499947576 0.0205383874899668 0.0605251670310234 0.0545013725522735
0.0400567274065636 0.0927565227227932 -0.00107195445755469 0.0358050417544054
-0.0150062025238272 0.116162899264346 0.0247577039947852 -0.0729913036547982
-0.0328457771794525 0.0351849811271767 0.051781265148456 -0.179811815057824
-0.0239971772651708 0.0595362168502427 0.0752798434582611 -0.146848928071897
0.0272893766676201 0.0545873075910094 0.0424172763442774 -0.126793910092999
0.0615362874156878 0.0124916516988334 -0.0145923283692775 -0.104581697034827
0.0395627031752006 -0.0268452899451952 -0.0356573489139071 -0.0715346723087224
0.0139659269743555 -0.0380302953905419 -0.0429781740729394 -0.0596658097610812
-0.0130320574510088 -0.0415688248982992 -0.0415308515002343 -0.0570701035533681
-0.027518994502141 -0.0368457836726369 -0.0401969359774262 -0.0631415450385667
-0.0288899847353294 -0.0396437512961205 -0.0301830680910167 -0.0772647411984658
-0.0115749265948846 -0.0481503067177047 0.00599898361776396 -0.089030040015902
0.0191362354806995 -0.0493470615251271 0.0602267878881704 -0.0806766859868732
0.0612674277643564 -0.0275140067317586 0.0902664847374589 -0.0157515756473998
0.0577406073059029 0.0274998619364516 0.0633332274985964 0.0478825873771727
0.00815893785897599 0.0682007782653442 -0.00251336476998755 0.0267181389187149
-0.0304568520169906 0.062233537640371 0.0335746969367644 -0.0955609888853467
0.0374621274479915 0.00102652763743708 -0.0307893714791796 0.125822440652681
0.013521472901713 -0.0305113854146416 0.0376737270865808 -0.00142383645929389
-0.0211983178854243 -0.0281144421987074 -0.0568496785853314 -0.0657443480679409
-0.0292010315179343 0.00320844133697931 -0.115140457354229 -0.00308227829270899
-0.0109598349809007 0.0174121858119895 -0.0928280691655011 0.0870381264125357
-0.00015308617199833 0.011015985383287 -0.0158531265953161 0.118571202037159
0.00185074623525718 0.0144388625107613 0.0353051210421368 0.100868401387579
0.000754656962266988 0.0137028657400372 0.049650517180332 0.0772840725563673
-0.00548326255906069 0.00796629703863183 0.0555422650620148 0.0687670050171577
-0.0112347413721768 0.000288155438203199 0.0545428178792186 0.0741851940879041
-0.0117911685095578 -0.00714149241786445 0.0370910071643841 0.0886276269930299
-0.00267953057542042 -0.0234745941778173 0.00267762462555258 0.110995883009701
0.0206429750403265 -0.0195598810374213 -0.044603768518447 0.125098250542418
0.0375901761328138 0.0105084845892595 -0.0787779715546267 0.126168734107415
0.0309722387161002 0.0291486471303654 -0.0634107765404076 0.177482774723833
0.0349954222419245 0.0636103638560877 -0.0530279427200277 0.112960991772324
0.0393300642515305 0.0198946100235446 0.0316005483044694 -0.003356916163408
0.0308695891787129 -0.0139710810923507 -0.0614774226159309 -0.0740705791552321
0.0155242480320281 -0.0221798132036063 -0.127594422645791 -0.0118090611199637
0.00409011420763699 -0.0189111100531737 -0.104400537753108 0.0847291662814837
-0.00391918955565349 -0.0235773015172014 -0.0236290596191241 0.120370373294527
-0.0186172666557886 -0.0172011470270801 0.0304178204788862 0.0990841014285887
-0.0231382810140205 -0.0132000943389757 0.0455303322784554 0.0728292100862171
-0.0235565650696118 -0.0233148276930707 0.0536146805815754 0.0605707923916347
-0.00741964958508612 -0.0379270976481886 0.0553690287929436 0.0640477164880937
0.0128525169721761 -0.0380584159396383 0.045652432255696 0.0754494552546961
0.048094215870715 -0.0340732322777117 0.0199624513385288 0.102338118686517
0.0654741030432296 0.0105033509809748 -0.0239824420112982 0.124536184174039
0.0469921824881234 0.0697535619877167 -0.0511382373907251 0.120793855650457
0.0180383493754502 0.0995987941860967 -0.0432303118459296 0.156621557376919
0.0207875490669355 0.119482951013262 -0.0639638602345513 0.0768211766876528
0.053071516901039 0.0795177703909549 0.0290513443546666 -0.018754841112105
0.0822590978460452 0.015079452809045 -0.0603399133218811 -0.0898404550086785
0.0705530196117525 -0.0394812192473514 -0.135523491785114 -0.0297868853045654
0.0279650951977018 -0.0557657635474643 -0.113629041852916 0.0702777697518129
-0.00156339265852232 -0.0600561508644665 -0.0349551659979422 0.108502610993851
-0.0343264515070014 -0.0493824708008314 0.0196107831252301 0.0853405586463075
-0.0430208948976238 -0.0382328067214911 0.0346168448337692 0.0582024456493489
-0.0416903419666024 -0.0479773884138888 0.0453912417202777 0.0422442346385044
-0.0108455413312143 -0.0687897450993886 0.0547061396813866 0.0411598919434182
0.0249662150897321 -0.0678109141980734 0.0576419805005354 0.0500457901192575
0.0837477447643123 -0.0558482690350374 0.0444790073149306 0.0849490571443246
0.107692700161081 0.0190403095638384 0.0039121519598369 0.120217150475632
0.0659752436986347 0.108223280441923 -0.0244788296386644 0.108943837215704
0.0142929827670275 0.152727107799779 -0.0199080310566425 0.116213232456239
-0.00235027062099267 0.15711132605546 -0.0587573722377716 0.0222860057048114
0.0519529156584044 0.135766330472256 0.0332422934645878 -0.0464375315072827
0.121277904065059 0.0547559634012429 -0.0500607131351784 -0.110494958373728
0.12316260494433 -0.0421281873109798 -0.13075717678288 -0.0544199450294474
0.0564154839193641 -0.0836480990987618 -0.113696632687024 0.0428415407905478
0.00636708456038831 -0.0894421756696329 -0.0450327585143568 0.0813511039300192
-0.041971993840867 -0.0756514460876303 0.00486994374704661 0.0601992152629003
-0.056967606908186 -0.0578645611791449 0.0187793654126169 0.034530784502553
-0.0561555326372117 -0.0635179154910611 0.0311602025518708 0.0168493925191855
-0.0180245908709468 -0.0879791305882959 0.0470255779241256 0.0114814392677664
0.0264069526401447 -0.0888689376288924 0.064555816071916 0.0170808571992631
0.100996485267021 -0.0774963806138802 0.0664024024933054 0.0590166750030681
0.134182534571674 0.0144816464461008 0.0311312824614717 0.10688167760396
0.0829099473445456 0.123029290083862 -0.00656377376052677 0.0908037940382634
0.0145179612009693 0.180747108346574 -0.00153286393651481 0.0640112401556791
-0.025536670204479 0.16773658951839 -0.0370788367156821 -0.0438744917681266
0.0327551631675979 0.169372398659458 0.0440022137954763 -0.0821282828901285
0.131548088822329 0.0927706726863384 -0.0281746969770912 -0.128567121540411
0.15589117197414 -0.0281254087814565 -0.107677521560357 -0.0795661993521908
0.0791123345046714 -0.0923428568898241 -0.0994215039907105 0.00658985184297798
0.0162079260070393 -0.102586931169506 -0.0499893180162225 0.0417866127356379
-0.0419704377541748 -0.089902465050213 -0.0099958517483394 0.0268670370020073
-0.0618777138425381 -0.0684913733348522 0.000842260532292343 0.00649751046686002
-0.0628241125363005 -0.0700681821300138 0.01341931192314 -0.0108528383785536
-0.0233420602044869 -0.0929126840846989 0.0343779475905334 -0.0194147480978909
0.0241015674998185 -0.0958720273627482 0.0634145548827368 -0.0165788318781736
0.103404990569498 -0.085180191341439 0.078225573206658 0.030181288858427
0.138549896225965 0.00922765820345425 0.0492489468649246 0.088856304223126
0.0842614484474438 0.122024509842126 2.93458054038305E-05 0.0706883904054048
0.0105876518569928 0.181423418992609 0.00966012704782439 0.0103659711284971
-0.0397069140846298 0.147535536216029 -0.00404172641542399 -0.107317899892309
0.00575529682743637 0.166020295352184 0.0609021946137235 -0.114380921158882
0.110777409345523 0.109023220647129 0.00191778844412666 -0.13737224780245
0.153500570723737 -0.00584176427775562 -0.0727603665685468 -0.0980010721938267
0.0856860620270905 -0.081589254988845 -0.0750560765624924 -0.029268041486592
0.0229422287248197 -0.0966081111548095 -0.0483843474099013 -0.00141196766183821
-0.0355517564157273 -0.0884691410924357 -0.0229423762859703 -0.00859933894192181
-0.0584809658849937 -0.0688034154473218 -0.0167139297892145 -0.0224042436014309
-0.0598072026038167 -0.0677354808629343 -0.00436326594601361 -0.0376725397314226
-0.0236369848887899 -0.0876236077641371 0.0206385627393005 -0.0474080452898453
0.0222965328958286 -0.0899168519667145 0.0600922182781338 -0.0452386273492086
0.0977288222631051 -0.075356795605661 0.0829369015126856 0.0065839971492918
0.123882449161422 0.0137887242236379 0.0580426256682918 0.0715330712105377
0.0669878104869848 0.112603534337521 -0.000503385206814187 0.0522737904981454
-0.000903194021152203 0.159071443029318 0.0176988229489159 -0.0373769121674736
-0.0417548982615887 0.100481337402141 0.0319565950840323 -0.157380366975112
-0.01446821977262 0.124809267525887 0.0765782185654229 -0.13788779967279
0.0704011442468934 0.0940034541563069 0.0302136880265056 -0.134930846491881
0.11737352005788 0.00893794774548043 -0.036117111062264 -0.105734427825922
0.0713151653974898 -0.0571432586294729 -0.0501328743566161 -0.0565271066911982
0.0218948734078882 -0.0733221594499684 -0.0445551056921988 -0.0385318342729998
-0.0260729844559283 -0.0711799187178978 -0.0335224927162196 -0.0394182440593901
-0.0460256131324035 -0.0579310332281615 -0.0310194966469397 -0.0479892344552814
-0.047732288404206 -0.0585882501641737 -0.0196532589937876 -0.0620077358755408
-0.0190932228192707 -0.0726101249449716 0.011277014326714 -0.0716506784772322
0.0221344531213796 -0.0734940482787937 0.0584286345732546 -0.0673729476401132
0.0846879258677767 -0.0536782282297849 0.0864394603222207 -0.00815951186232028
0.0949141150174145 0.0230241238287252 0.0619417730484108 0.0580125881485725
0.0388167064117109 0.0960015006409638 -0.00231325895257189 0.0370348791461358
-0.0177443851173195 0.117668520570623 0.0259318086920423 -0.0748083410515545
-0.0337578072692387 0.0349855496885744 0.0580856398866133 -0.184980924291095
-0.0260814411954976 0.0602223849651547 0.0821611406737124 -0.14840350970433
0.0260411968906946 0.0559193061698857 0.0477194471780012 -0.128491378627098
0.0628786655909839 0.01371184769512 -0.0116310852132785 -0.107206749925793
0.0412491283672179 -0.0266804021118421 -0.0347470207563752 -0.0745515604392517
0.0155082720962804 -0.0389769599842517 -0.0437111275745217 -0.0626615904285387
-0.0128933261353494 -0.0422799608329029 -0.0423678694586129 -0.0599084371830812
-0.0275395996030892 -0.038000917997737 -0.0411588953885624 -0.0657711144524718
-0.0293331637578431 -0.0407176985559073 -0.0288490275917471 -0.0799163661778426
-0.0111175715678413 -0.0501848498991089 0.0087778436114649 -0.0908859798887171
0.0207981690012372 -0.0499849847500909 0.0634826489175382 -0.0815888576947818
0.0631120911096469 -0.0270735942092707 0.0937069023864777 -0.0140308255647777
0.0580528011631698 0.0295202739512347 0.0649101316170007 0.0508924748689747
0.00726250262567402 0.0696998346753885 -0.00375289331286883 0.0277136834280101
-0.0321882050183726 0.0624304312807227 0.0349596940007119 -0.0975352208783483
0.0391021471771099 -0.00017749671107563 -0.0292186022718142 0.133833270795506
0.013722813822818 -0.0325578620174484 0.0405676937926373 -0.00277571824588813
-0.022173788726187 -0.0291254430664116 -0.0604878134558838 -0.0683275183604674
-0.0303941248828249 0.00408443200075142 -0.120435628356628 -0.00178283498979649
-0.0112411721697157 0.0180975631208215 -0.0964938784383908 0.0926319931443837
-0.000949318724785103 0.0115135035739949 -0.0148251540709336 0.12418879380136
0.00214593726296526 0.0147973637290899 0.0387510128071591 0.103486035302311
0.00118698483434462 0.0141614411637508 0.053988335435147 0.0801853084196547
-0.00573449383942943 0.0078947320040821 0.0593410765842178 0.0717111796354425
-0.0114487974733337 -1.26555893722995E-05 0.0577769926877692 0.0767204156249526
-0.0124947224851649 -0.00709441050375403 0.0402834667939221 0.0925250194735421
-0.00374101653329872 -0.0250635330080009 0.00353105018729259 0.116576471115967
0.0219034969535002 -0.0202999185654362 -0.0456586536168023 0.130782453165155
0.0405682285168429 0.0107575474535457 -0.0825718600062367 0.132622436064453
0.0323253604874297 0.0302657957709876 -0.0640163965675816 0.187869441030847
0.0375431614507928 0.0652806298822617 -0.053094209549835 0.119945630375901
0.0420625058643272 0.0201696998907648 0.0339314788091024 -0.00392477879386359
0.0314847332116121 -0.0151581469971871 -0.0645711192253849 -0.0772196657180922
0.0157154806333568 -0.0240441742191963 -0.134184719784896 -0.0106379395142394
0.00400743668118313 -0.0202615825373908 -0.108357456229134 0.0899270378802008
-0.00502217666755344 -0.0249508681038198 -0.0231540169758522 0.125819481329936
-0.0199912144361473 -0.0177381368544198 0.0331451777142478 0.102509330864914
-0.0237714927681577 -0.0132188113410388 0.0486499678485842 0.0760316177576444
-0.0254305400370395 -0.0240735501362087 0.0568143858447821 0.0631700442030159
-0.00898942641873142 -0.0400666860000801 0.0593895129844524 0.0659641837237658
0.0125916677225735 -0.0400490799315288 0.0484684109069677 0.0790039423020659
0.0495969186903678 -0.0365961858512944 0.0217433251469732 0.106588163028325
0.0692179090374479 0.0104123302588685 -0.0239099136779381 0.130522166928485
0.0503959743040725 0.0731484960847119 -0.0529971183108488 0.127282895564522
0.0199924004845739 0.103759132188842 -0.0433655108235835 0.165496143055606
0.0232774950903411 0.124323546888699 -0.0653184481874958 0.0832363160184118
0.0574961102561732 0.0830848029248477 0.0317059380803314 -0.0196594964762807
0.0859710651233053 0.0139869937636235 -0.0634663005309989 -0.0933709305365409
0.0728019711756305 -0.0439385824259014 -0.142287151108733 -0.0291972936486738
0.0285535093283666 -0.0594912273162988 -0.11816290704462 0.0748205305595272
-0.00301889437289983 -0.0627995883502889 -0.0354517055136737 0.112873432693919
-0.0367618507228086 -0.0506557927514174 0.0208691785345278 0.0885548258350771
-0.0456412069992856 -0.0387752339684182 0.036843108772084 0.0603693806899463
-0.0441428046006598 -0.0490718034879743 0.0477093055685996 0.0436902509067455
-0.012714133292307 -0.0720781390175205 0.0576232863005399 0.0420475183759644
0.0249884088581255 -0.0709307765323805 0.0604059009519885 0.051344256627196
0.0869015619223633 -0.0600997651791235 0.0478498977781649 0.0883978300798109
0.112913651441122 0.0180145144808238 0.0059780654714754 0.125393357245761
0.0712273904887594 0.112904948604322 -0.0250906486835798 0.113745615724998
0.0174874665656684 0.15897369636815 -0.020147705576187 0.12284750101997
1.92380599348019E-05 0.164112807229553 -0.0609324146348805 0.0248522672423556
0.0567668659818465 0.141859493838469 0.0354167292286425 -0.0485085808736005
0.127460844688689 0.0549044926039753 -0.0524829693118903 -0.115119296824184
0.128733947946423 -0.0476211661403314 -0.1372805233499 -0.0554764352912636
0.0573153291488813 -0.0888542950764818 -0.117944085815079 0.0461171759236137
0.00437247177375893 -0.0937133548876128 -0.0467040416339162 0.0850105078071303
-0.0453166712222456 -0.0780035342301956 0.0051398650097789 0.0623996917997485
-0.0604090840409956 -0.0587460503075083 0.01961302594676 0.0361654623953365
-0.0593471794548472 -0.065422056938727 0.0322692534959785 0.0172169711845616
-0.0205282687819257 -0.0911515217670373 0.0495670797549947 0.0112138440788857
0.0260546285916451 -0.0932670600260329 0.0673810914688282 0.0170656611186627
0.104325394757978 -0.0836421487739446 0.0703123530726901 0.0604785328044185
0.140701886254347 0.0122209543972918 0.0344634128538728 0.112041843829994
0.0885894137152176 0.128547334908876 -0.0063860018477461 0.0953777642737666
0.0183104295129395 0.188952258724998 -0.00167120995987065 0.0677922096561122
-0.0240743271275087 0.175494421499597 -0.0392251537951125 -0.0450706374588736
0.0371694952105493 0.177969659199928 0.0466730521917638 -0.0861583430640155
0.1392776888901 0.0941449569350288 -0.0296601214337792 -0.134067771082104
0.162241678750482 -0.0331025762385206 -0.113839208793879 -0.0820376363855725
0.081127869228844 -0.0991460181451348 -0.104547733715489 0.00832934071317169
0.0148387017183435 -0.108385489178785 -0.0519536569928249 0.0437129039460757
-0.0452973306322434 -0.0929211623831901 -0.0113866991088736 0.0280031572986745
-0.0658076766060746 -0.0697363215630055 0.000488575658113043 0.00678987554021017
-0.0664419402156855 -0.0717739851809295 0.0130785237056635 -0.0116587487427122
-0.0258418004062842 -0.0969584622412865 0.0359085904216206 -0.0207253650233401
0.0230366744175134 -0.101035614918386 0.0663701430257248 -0.0181949211240456
0.106954213534519 -0.0912801553583927 0.0824225547487518 0.0297352790901717
0.144896081010476 0.0070462675216698 0.0537991217354878 0.0926265408230768
0.0899028527207469 0.127082141424334 0.00111811096651883 0.0744605307044308
0.0138445904613064 0.189828228863152 0.00955388941562593 0.0108566042418572
-0.0387851205876514 0.154758433051263 -0.00459144327309013 -0.112676228084294
0.00925140847634641 0.173925336771328 0.0641682218812173 -0.120703509129163
0.11702133824826 0.111969322556452 0.00115972787895447 -0.143364926205985
0.16072461967342 -0.0101899137038284 -0.0763917038058881 -0.100937661838792
0.0883756302665903 -0.0880577214696431 -0.0787198969651448 -0.0295384138020462
0.0220965665874749 -0.102398012603983 -0.05125237804949 -0.0014121687299747
-0.0391395851084936 -0.0919717779752344 -0.0252131978280592 -0.00875347580167164
-0.0618970637587678 -0.0698181725435269 -0.0186499277690552 -0.0227523036148799
-0.0637406264312332 -0.0700431257636393 -0.00601864701200425 -0.0395354892139868
-0.0263119138967513 -0.0907982882459853 0.0217822409672577 -0.0499861916497672
0.0222065486152208 -0.0941696729081752 0.0619332543642405 -0.0483929747244466
0.100965208840563 -0.080983119458208 0.0873918090511835 0.00501099375388577
0.129912551130858 0.0123537441699499 0.0626894828902641 0.074053822876489
0.071599992849029 0.117302772993639 -0.000143005762575949 0.0545877451932846
0.000848309545565494 0.165882547293776 0.0171273938056465 -0.0394278081897752
-0.0418451761499532 0.104507827660402 0.0316635415983217 -0.165857642141015
-0.0135939373167302 0.131015035792934 0.0795820357542157 -0.14506645712495
0.0746897076617025 0.097164856779699 0.0307510600950316 -0.141545129723619
0.123433935571589 0.00653597181503935 -0.0384298170969143 -0.109753796830693
0.0734461294772858 -0.0612358728467452 -0.052383091985061 -0.0592192595798334
0.0220780122587308 -0.0774811582551561 -0.0474835705563799 -0.0404485099811211
-0.028310868029378 -0.0738676546385786 -0.0370266753497047 -0.0407768037791091
-0.0498927988899595 -0.0588486130921023 -0.0344059313771109 -0.0497653595356589
-0.0509506878510477 -0.0596284563168965 -0.0217023389835012 -0.0642808381000536
-0.0207628495067507 -0.0755067078059121 0.0110434012219069 -0.0754261410337981
0.0217283267697644 -0.0769964462284938 0.0605185020709038 -0.0712959449066429
0.0876873471305571 -0.0579384149399926 0.0910336751916833 -0.0103790939602331
0.0995847006423135 0.0223142470762606 0.0665695877322608 0.0600261567559096
0.0414097958260181 0.100027082272527 -0.00183342760417157 0.0397233732301069
-0.0165561201807709 0.12289123300509 0.0249728595090227 -0.0790754001315147
-0.0349509560336121 0.0364752952581006 0.0587293531866407 -0.195691442353395
-0.0260391696091002 0.0630265404179106 0.0850665134259784 -0.156874819480528
0.0279480868976295 0.0578166318612824 0.0487580765237095 -0.135823205774077
0.0660993531724389 0.0124378355883888 -0.0130213288771717 -0.112501483895658
0.0432026705349464 -0.028907253357875 -0.0373898387510451 -0.077580913532409
0.0157072513611022 -0.0411843279151995 -0.0462384159676019 -0.0653758830477404
-0.0142476388074564 -0.0436811593000401 -0.0460349962388677 -0.0618210660367014
-0.0297830906348664 -0.0387829529963852 -0.044827271615692 -0.0687500981138632
-0.0313868267437129 -0.0414790126938425 -0.0319045329565927 -0.0835457261756359
-0.0129230733756442 -0.0520116858754323 0.00842526731521163 -0.0952176925232202
0.0202236452070722 -0.053077705532057 0.0655379584321112 -0.0857930922384844
0.0656731290086467 -0.0301868831753921 0.0980724272959905 -0.0156996969435389
0.0601587548132197 0.0304474594298905 0.0693537808014991 0.0527960053854145
0.00794937412059663 0.0726635988151722 -0.00357460427927297 0.0291189011953078
-0.0322510524882091 0.0649595331678263 0.034327181481172 -0.103210105508944
0.0408849983794556 0.00864960230431564 -0.0496100680035634 0.131049915528162
0.0193550556917682 -0.0308256266582779 0.0434659598041541 0.00239184121551329
-0.0178724676029614 -0.032880079061731 -0.0506606248952981 -0.0817721760995259
-0.0320297546538307 0.00104362145724806 -0.125692104621733 -0.0226759473937752
-0.0132260588909096 0.0181529873378332 -0.114939045580107 0.0803686003127007
-0.00195436019677143 0.0127563933675047 -0.0358052071806392 0.124885472141307
-0.000342120016238879 0.0154393546077579 0.0225951537848082 0.113338529674765
-0.000494270956282062 0.0147736273547361 0.0424033172327388 0.0916566107882688
-0.00747379176467874 0.00713371297983469 0.0501361382411674 0.0836297787894922
-0.0108082011310037 -0.00164613449910241 0.0482781367249207 0.0884065282913568
-0.0109318747257105 -0.0089000597006832 0.026737095273081 0.101330064617421
0.000333942662907786 -0.0250380929486052 -0.0153026303724158 0.12107320994114
0.025707252458354 -0.014786506231533 -0.0691840749659789 0.125469634730128
0.0381226102994159 0.0206869391799948 -0.109110739861532 0.119914392934806
0.0275599544550648 0.0404174477044392 -0.101889201988633 0.178830123030972
0.0265182945428717 0.0741015632300249 -0.0717569741515838 0.116488799576469
0.0385105289935959 0.027000007754575 0.0383949312432627 0.00226345821405262
0.0334415620534016 -0.00947362742381593 -0.0502703072651853 -0.0898974904481944
0.0187909017971009 -0.0198728768573121 -0.134249537684759 -0.034316794089013
0.00930993432770966 -0.0177238761537637 -0.12628438049953 0.0734032072144462
-0.000225596616422703 -0.0254981977404361 -0.0442376853843488 0.123804822235379
-0.0170185632414666 -0.0206492125082571 0.0173815219907469 0.109694059258967
-0.0203043117151298 -0.0178429407150719 0.0373615183828293 0.0861210839491153
-0.0217322951719166 -0.0291481413474135 0.0492216209210722 0.0745152214736699
-0.00144023023564648 -0.0422427386624294 0.0515640864675815 0.0778484943593715
0.0217991020715714 -0.0371893290435424 0.0363229436489083 0.0898477338421618
0.0569127391993983 -0.0279669670988326 0.00232799680709763 0.115218457429659
0.0675335882701463 0.0257261852495808 -0.0473944741256936 0.128556830166757
0.0368228728713837 0.0870083459245258 -0.0783228592492167 0.116344796718826
0.000229847729166181 0.114714548927874 -0.0746783609468042 0.156376330796074
0.000563230163182208 0.130076938130056 -0.0787294713047887 0.0788639025928759
0.0435277273821073 0.0926760496676527 0.0385447138277803 -0.012168071688386
0.0820755167473649 0.0297307356300741 -0.0429999204170513 -0.105186822953205
0.0782380736652015 -0.0305930912286231 -0.135625333807619 -0.055058497178871
0.0400643733760216 -0.0528844152335686 -0.132420544225231 0.053519087038086
0.00839949127944447 -0.0639407369305149 -0.0546050075195416 0.108520974195813
-0.0285785988266704 -0.0570714255720261 0.00719285802781268 0.0927602696251921
-0.0381340853678925 -0.0477952187725204 0.0276208827892534 0.0684653958862173
-0.036248891763472 -0.0580064116790915 0.0430565759211657 0.0534013032411695
0.000348855075864318 -0.0755895243358746 0.0537335164807548 0.0537619404815769
0.040729854160591 -0.0672977210489178 0.0525256828143647 0.0655245254411803
0.100070540752607 -0.045820420133754 0.0304461745807445 0.103212354245081
0.111409479889242 0.0425518903010931 -0.0172591699764611 0.128267033387519
0.0500645938956476 0.132174122705362 -0.0483683043454908 0.105910474700699
-0.0139852908798342 0.172405608500221 -0.0409715695460273 0.114208341854374
-0.0312140095372593 0.165335334944217 -0.0660834124816555 0.0222683848971915
0.0316467601491093 0.151470093099832 0.0474232827253414 -0.0387161670632748
0.115211742068475 0.0775876357087522 -0.0264928894531222 -0.122255796259943
0.134305394581384 -0.0257299715747852 -0.122889914163536 -0.0799188557137333
0.0739742796877402 -0.0781439427123629 -0.126821794641707 0.0222085838711026
0.0214844571291551 -0.0940530545352268 -0.0609055914061888 0.076808364399654
-0.0327566218337043 -0.0860234633038712 -0.0047037629425471 0.0625279977888697
-0.0495164083272037 -0.0707880699738453 0.0135230295963592 0.040621966363761
-0.048297135924305 -0.0768178458121685 0.031824887324813 0.0232181828836552
-0.00452622682619027 -0.0968832758957897 0.0516446431853188 0.0209456873355273
0.0461548266196695 -0.0902144032758677 0.0647113236945713 0.0314816537225309
0.122360821453339 -0.06667198698203 0.0582275313266542 0.0798631713166233
0.140879016455606 0.0422460882682702 0.0138566518256345 0.119375342969492
0.0653100090918936 0.151220737011248 -0.0260081181172498 0.0886892462217915
-0.0192103406930084 0.202777060008328 -0.0115424815532137 0.0594918067230629
-0.0574088030740425 0.171069453089903 -0.032699258469477 -0.0448669552164574
0.00568739219357316 0.183129246764525 0.0637329264257617 -0.073703880053719
0.119711636323236 0.118059692461826 0.00120730018146132 -0.135139056130877
0.165206309215827 -0.00578758573075225 -0.0919474573355088 -0.100834258866407
0.098899492907849 -0.0836762369411582 -0.104875334932094 -0.0151920333706263
0.0344703772437965 -0.107631203963896 -0.0601005891096968 0.0332168258711904
-0.0305055246540179 -0.101880857218805 -0.0159041517250172 0.0238275872292325
-0.0529934090879691 -0.0831825907236426 -0.00217811068171692 0.00762187236488166
-0.0541909591731633 -0.0845315945462627 0.0169508307598572 -0.00930923348154314
-0.00913832624352578 -0.104234129943887 0.0422118981591395 -0.0141177660372984
0.0456216872191441 -0.0984258321364641 0.0694855834978716 -0.00463430517721329
0.126595508328631 -0.0746811273887195 0.0756785997638968 0.0515768578507388
0.146959106647914 0.037867418748275 0.0372802619920547 0.102637339089556
0.0672135387575244 0.149632414652972 -0.0155252749493228 0.0689528160209322
-0.0230479675262179 0.202376371106483 0.00989009879346906 0.0032019603105976
-0.0695786250507149 0.145663797984001 0.0127062364308206 -0.108715019327851
-0.0229794141287266 0.174073242705843 0.0861432059399816 -0.105977657815174
0.0941279403473263 0.131608235969836 0.0327031991389394 -0.138198596520141
0.159302196903275 0.0156096527961311 -0.0508635596313386 -0.113383549029151
0.103678935697452 -0.072286228280193 -0.0716823375530075 -0.0498864943437636
0.040369620017454 -0.100249288586293 -0.0515991233262126 -0.0127204325451838
-0.0235056343816427 -0.0989646274477677 -0.0244728860471 -0.0166835902303897
-0.0492786632457207 -0.0825909886509763 -0.0164553522290585 -0.0272110980899277
-0.0515429022103466 -0.082157932100282 0.00149566311220048 -0.0415247883023928
-0.00973317970805188 -0.097948773626435 0.0319505446186696 -0.0467292339429879
0.0426098329189342 -0.0929024041902027 0.0692853965304495 -0.0362066418225473
0.118811030439625 -0.0650548584985512 0.0847311636423822 0.0258048091091009
0.129662619960358 0.0398282280159847 0.0501145936119247 0.0855794656729501
0.0501055272902572 0.135112705289977 -0.0121687312952545 0.0505289803188365
-0.0317934027499179 0.174059106466739 0.0274350016727745 -0.0459463385166186
-0.0635952876682818 0.0940197918640883 0.0581426868212349 -0.158958515472637
-0.0382731969572366 0.126354305774013 0.105055279873746 -0.131343774629591
0.0551328810504819 0.108631332517669 0.0598038178265529 -0.132674814729672
0.119272616210833 0.0255661154501876 -0.0129835935856512 -0.115534736208113
0.0837861983931937 -0.0484983615323184 -0.0402452878594743 -0.0740379919972309
0.0356252754862248 -0.0759110168546518 -0.0418348054418547 -0.0517176411025659
-0.0160589901325952 -0.0794860579288023 -0.0313441215810076 -0.0510532834278491
-0.0394578802049192 -0.0688388420180009 -0.028427811153421 -0.0571146838589616
-0.0409489019737591 -0.069711137308135 -0.0115036117083922 -0.0694973854446041
-0.0077394011264128 -0.0810882295209182 0.0257105138040381 -0.0750932198322561
0.0391811460245841 -0.0753441084020859 0.0718206238935736 -0.0604140600350679
0.101168991821131 -0.0444436212243692 0.0909364099652962 0.00976736904141013
0.0966870415791729 0.0445206891889856 0.0572548209168075 0.0713865277872043
0.0225356154786504 0.110989339162724 -0.0101510672578484 0.0351300229228044
-0.0417254624176163 0.124558805419654 0.042301052788685 -0.0825163326057287
-0.0437914313997402 0.0257499305373434 0.0916293134571288 -0.186806200014181
-0.0389396170064237 0.0559892875470884 0.112743207442221 -0.14397628427505
0.0151248570011241 0.0602156356292457 0.0742011616994734 -0.125087408893025
0.0612244315422464 0.0217351607105179 0.0103517016318057 -0.114899982969871
0.0468903086788872 -0.0216267260311156 -0.0229275057465664 -0.0875850600568543
0.0225554831924582 -0.0395816743573338 -0.0372325758744839 -0.0760073324366323
-0.00730338821449245 -0.0466178804610827 -0.0373437861652744 -0.0731082392070258
-0.0229532180223397 -0.0451469677126827 -0.0360630688564005 -0.0780109621154809
-0.0239656878399843 -0.0479681595062171 -0.0192594504008824 -0.0909583715043564
-0.00339608997443083 -0.055291265944857 0.0252103472697305 -0.0963969503964235
0.0324798126947309 -0.0510870984915035 0.0797120843622541 -0.0756757456864143
0.073946412492494 -0.0188964385788006 0.100259777585007 0.00273520718516332
0.054846465151116 0.0442729313941777 0.0616359304107316 0.0648502516343372
-0.00606826931128837 0.0762723999683793 -0.00842219319572301 0.0258912359192587
-0.0470856118141973 0.0597025171245556 0.0554072563337779 -0.102427215766651
0.0400756225475165 0.0046700633988578 -0.0385108168235777 0.133679127822471
0.0175038125023729 -0.0318843225475515 0.0440058179007279 -0.000854034011743764
-0.0205753924935249 -0.0308465722095686 -0.0560815800949946 -0.0780442495167299
-0.0315192625330619 0.00272923837017538 -0.125539093795294 -0.0136440997097973
-0.0121914043511409 0.0187583007854897 -0.108051656881486 0.0882658643456019
-0.00199574906460375 0.0126511027273522 -0.0265902464781181 0.126016652859644
0.000989896275927281 0.0146885250827828 0.031091290200895 0.109815359246133
0.000912148497528556 0.0138526298841152 0.0490858871241476 0.0877682373267283
-0.00701712786584956 0.00704373938725101 0.056219429145223 0.0791756851277356
-0.0111251868388352 -0.00140717884748475 0.0538399234469507 0.084044746341473
-0.0109893886291202 -0.00814091151285148 0.034107628262083 0.0990362848199573
-0.00188081474647308 -0.0247520267255212 -0.00748859942248516 0.121559025947624
0.0248664938033223 -0.0164685842782189 -0.0604190508202418 0.12808171317428
0.0403527477770011 0.017866387159426 -0.101367435255997 0.12563204377492
0.029982300171863 0.0374135265503396 -0.0880776428481799 0.185770856491043
0.0313198476653144 0.0708483328308355 -0.0612217020480163 0.121591388028629
0.0403298243127721 0.0238577402943339 0.0391958020140257 -0.000442102766295973
0.0321760120364803 -0.0120751179778997 -0.0554939273048771 -0.0861663940414712
0.0168514065885202 -0.0214329299943487 -0.134772158322077 -0.0248066855300968
0.00738360202254461 -0.0188809991858646 -0.120214501498723 0.0823333821725405
-0.00224600335817828 -0.0253306395281919 -0.0353506206311706 0.125369090224368
-0.0180838695179337 -0.0192396294618719 0.0251213740553658 0.106991785592332
-0.0215233094036948 -0.015783386912015 0.0441098193071979 0.0826573395519256
-0.0233608551450396 -0.0275104408735907 0.0548462178826361 0.0706100617006658
-0.00455945098115679 -0.0424543791420594 0.0571070647014378 0.0731164986384231
0.0189439216428814 -0.038687287755398 0.0424294408937171 0.0870550862555035
0.0542208720554432 -0.0323223262491619 0.00976739187124235 0.114269212905346
0.069215112627879 0.0204240763358568 -0.0382210487110663 0.130264080562906
0.04312214599792 0.0837505852884047 -0.0710523058114056 0.120446752612055
0.00876873180816426 0.113146902487086 -0.0630403494425839 0.161093959484101
0.010001640010872 0.128335833102854 -0.0709326555557904 0.084727766338534
0.0502555951402958 0.0887090044483215 0.0381466520553532 -0.0145487127848
0.0832677891910498 0.0225337158964618 -0.0495928615380879 -0.100831197788515
0.0752278044159943 -0.0371577144871339 -0.138093146230718 -0.0442509114525073
0.0349742701826581 -0.0558883931548229 -0.12823190340568 0.0631448246150789
0.00283854195295623 -0.0644374253789582 -0.0468402295888646 0.110819389913365
-0.0328665917776993 -0.0538887601276879 0.0133921276160583 0.091488420617508
-0.0410616064969664 -0.0436355915435214 0.0323176653189731 0.066040545693214
-0.0403504486401855 -0.0545296733717215 0.0466948064958572 0.0495931931116159
-0.00579884671963272 -0.075382820136048 0.0572123011542044 0.0490190948460531
0.0353034414345915 -0.0700006110034711 0.0566699698763487 0.061527832172506
0.0950755994732407 -0.0535834829740479 0.0376370268431578 0.0998783479702842
0.113692927919406 0.0342443439111986 -0.00757083130000805 0.128073897089181
0.0602209926111894 0.127620697471613 -0.0414389225171547 0.107523585842564
-0.00106580437622678 0.171296902721543 -0.0333144618291802 0.117066082410912
-0.0187519001185209 0.165547610150203 -0.0631335857160887 0.0272340389613706
0.0430259353749939 0.147896612620927 0.0446813887924552 -0.0414610879776295
0.119696320928548 0.067232820018149 -0.0335466090511957 -0.119250722196501
0.130413477402793 -0.0368480033190279 -0.126744266904054 -0.0695275032656028
0.067041226600785 -0.0836552288269332 -0.124717847279907 0.0318104435043283
0.0132371420499841 -0.0954222838034019 -0.0552150719210446 0.0799175818607172
-0.0391577818021913 -0.0827170726919622 -0.000940637757143136 0.0627565642145057
-0.0547450460431379 -0.0653068961460207 0.0166049799148293 0.0394607626217364
-0.0536554745566288 -0.0720372011018982 0.0329527493488663 0.0213996520710441
-0.0116189560395136 -0.096185574715123 0.0527222354440623 0.0164612803088454
0.0390140774139195 -0.0928622678698467 0.0667439613289143 0.0269948766916993
0.115741889485791 -0.0762258148631664 0.062773769656871 0.074568622882378
0.142034532837274 0.0310661534216786 0.0238765152033065 0.11694205053879
0.0762474898935562 0.145621065043984 -0.0206743440890205 0.0899731312279956
-0.00322863091384411 0.201102966807772 -0.00878109145950659 0.0604015451138572
-0.044894947139171 0.173167314258283 -0.0351344292522662 -0.0421949688410104
0.0192826225900459 0.181955811443178 0.0588076365795995 -0.0773252895071675
0.12679011809868 0.10737728667681 -0.00706622646449057 -0.133247728391015
0.162803720350605 -0.019919207772826 -0.0974414508314675 -0.0935674093931381
0.0916102294535437 -0.0915045874882565 -0.105626615014911 -0.00771219158007061
0.0249962084691984 -0.109743030178696 -0.0574669016883429 0.0372341819453954
-0.0378437086497526 -0.0986111765587313 -0.0150940692998866 0.024718623930708
-0.0589933867633752 -0.0774958513309624 -0.00133144779670986 0.00798807079927308
-0.0602288098219349 -0.0792541765308604 0.0150106298881844 -0.00994102745793704
-0.0170273733793211 -0.102397583746182 0.0409231542284079 -0.0175474797506232
0.0370778236855364 -0.101128699148836 0.0681666633085293 -0.00913087021262742
0.11952282015946 -0.0848696171663704 0.0781794827132301 0.0447953220257971
0.147672788456002 0.0261443103402616 0.0458047584110458 0.0989346043694187
0.0775941221582378 0.143773341112236 -0.0114386573938115 0.0695965612502519
-0.00719106017169258 0.200802383269123 0.00905026861198429 0.00258194614912113
-0.0583443956962577 0.148920825165833 0.00510962069584674 -0.109171551756336
-0.00911141939978217 0.174316507608536 0.0782568940554361 -0.111373220719086
0.103145909769912 0.122570167829214 0.0244854417971321 -0.138590045754016
0.15818398975162 0.00211082418105174 -0.0572666572399915 -0.108426787753085
0.0968771239649016 -0.0793813783381964 -0.0745796112598787 -0.0442419073686028
0.0317944036514421 -0.103125135229395 -0.0525107997228636 -0.00949781438598036
-0.031253670818962 -0.0968461713610325 -0.0266547970183175 -0.0141927254671881
-0.0557937949212351 -0.0768813492866142 -0.0189449706843874 -0.0250658608151192
-0.0571973166014663 -0.0771763769612292 -0.00244268681909647 -0.0408252776402572
-0.0178403129716295 -0.0964417511426523 0.0284788201461439 -0.0488048973921041
0.0352887941927844 -0.0949149222106813 0.0660208025956848 -0.0408886971639376
0.112580939738401 -0.0752419078616227 0.0857022457484706 0.0197611913142357
0.130309368100039 0.0300918103868247 0.057162703074092 0.0810102318752449
0.0593097897604082 0.130988751811381 -0.00846384509819096 0.0505330938047721
-0.0184961961818758 0.173471432702962 0.0221321968992685 -0.0477003214261543
-0.0562889017579531 0.0972659149189665 0.0468278854445126 -0.162439598279979
-0.0284038155694652 0.127755209221046 0.0954239672381535 -0.136573812563275
0.0620878854761997 0.102623351390379 0.0518091452387286 -0.134232322155044
0.119506107806214 0.0152829072202773 -0.0198061629551097 -0.11330005163966
0.0787314369466365 -0.0549377562883632 -0.0445818687922269 -0.0708860087089661
0.029240044828548 -0.0781231584312995 -0.0452149266729616 -0.0491964122548038
-0.0223192315961656 -0.0777096697307024 -0.0360302496522165 -0.0479971163794124
-0.0441842059914592 -0.0642617914349898 -0.0333275089045285 -0.0537142990390406
-0.045882954253969 -0.0655442857049604 -0.0168997422362294 -0.0681765841443755
-0.0139048859831577 -0.0795950825513193 0.0197477187319489 -0.0765820950067713
0.0331160306827258 -0.0779052350698179 0.0668844383615751 -0.0646588013537479
0.0971761206563166 -0.0523552409526839 0.0915597437273855 0.0024989678493611
0.0980701341289974 0.0368826348243769 0.0630512728716238 0.0662775048118844
0.0305769158146054 0.108630959323829 -0.00752915920990566 0.0355792787341699
-0.0317769044856758 0.1251788755216 0.0345946252584814 -0.0852195190293574
-0.0414823553696867 0.0281389714485953 0.0772273762034907 -0.192590756052094
-0.034566900873443 0.0575953768150123 0.10141954803308 -0.150082280577113
0.018938403393862 0.0585916302603968 0.066374219454567 -0.128750328333805
0.0620585896171855 0.0160336183879761 0.00304100422546385 -0.114649044106869
0.0449138913716939 -0.0247345692864898 -0.0282412682440185 -0.0860542276330795
0.0194752496910756 -0.0412607125145918 -0.0427592955294442 -0.0738258544921702
-0.0102001041512472 -0.0457916117114748 -0.0436715615878667 -0.0705029789088821
-0.026621640666045 -0.0415534711678952 -0.0424305581601591 -0.0742741516738921
-0.0276220374232355 -0.0451732719383419 -0.0260907646519215 -0.0888027379414698
-0.00768809403816491 -0.0541171586554254 0.0180319683977111 -0.097115503127799
0.0278430165799387 -0.0525782932874918 0.0738284406462712 -0.0801458039136226
0.0716871912992594 -0.0246188767059263 0.0996457416153176 -0.00374761105963818
0.0568636391566536 0.0407596301556525 0.0668439457886469 0.0595656442604228
-0.000556229314067663 0.0752770374596973 -0.00681271206480168 0.0269831252134543
-0.0413987504104769 0.0615887600282652 0.0458212358833136 -0.105754483996191
0.0377202593136222 0.0022102016499984 -0.028635853274428 0.129961701796387
0.0146007301284615 -0.0313526864478421 0.0428946533605902 -0.0034125197312345
-0.0211377596628255 -0.0279217532084687 -0.0568205554284519 -0.0726647343974783
-0.030075467453481 0.00430969770975548 -0.120244642758089 -0.0071815013742478
-0.0105371779814108 0.018496695453425 -0.0988955497320326 0.0894199074880392
-0.00107766028330928 0.0121904510616771 -0.0193886311725285 0.120990539779513
0.0015502088604489 0.0137865799783251 0.035471170958878 0.102211815886503
0.00183201953625477 0.0130280537452935 0.0517008487216883 0.081547952526845
-0.00600765016883626 0.00713853848672465 0.0590055863859081 0.0729991779588256
-0.0104428142396049 -0.000808733791892976 0.0555217319630073 0.0773355642656731
-0.010428637266955 -0.00709774248938905 0.0370527612945052 0.0933303219904356
-0.00243190576519423 -0.0233992483564401 -0.00107907754463132 0.115889773039151
0.0236575467182008 -0.0170044930272004 -0.0523916489206264 0.124614796552937
0.040479416654901 0.0149793668802126 -0.092460192094995 0.12429465585364
0.0300787335530034 0.0337021365397195 -0.0754020568824512 0.182470039471604
0.0327055123904663 0.0653625899787357 -0.0507790633817084 0.119706399900013
0.0403086181297757 0.0208523041769706 0.0383390719354394 -0.00318114369477877
0.0302499507653258 -0.013456120066291 -0.0563804802940789 -0.0799166628048318
0.0146352534514651 -0.022228564124365 -0.12970726983097 -0.0167737696657363
0.00566628040545935 -0.0185053889701838 -0.111300827604465 0.0844098099214372
-0.00421302032575077 -0.0239205526279637 -0.0276867526829206 0.121242086898633
-0.0186003544192104 -0.0174532404174379 0.0296097215061787 0.100704227131142
-0.0207545434093086 -0.0137682081762879 0.0467314531432542 0.0765257413928286
-0.0238769903343401 -0.0245602989180236 0.0562634706190972 0.0648598548610245
-0.00645456616103577 -0.0404436679650414 0.057750400404604 0.0673761328736151
0.016225907790894 -0.0383015958712955 0.0450195638979815 0.0815075741083362
0.0501233382861327 -0.0336220665902451 0.0150250811859578 0.10921412049955
0.0675410120457537 0.0158969587364959 -0.0306756012860324 0.125526771450903
0.0465511927767166 0.0781446083808248 -0.0634655946423759 0.117520407615499
0.0134569242947764 0.106885776486212 -0.0527393664310823 0.158260343757718
0.0159168702318456 0.121647344007392 -0.0619968019342644 0.0851154151123965
0.0530295077777943 0.082730776928398 0.0376358738553555 -0.0151841917453335
0.0804805619869182 0.0165361701497125 -0.0509988818402314 -0.0942980389316524
0.0691318723863462 -0.0405395344272536 -0.133232119784721 -0.0354114144289042
0.0302963942058646 -0.0559872525910866 -0.120325183876244 0.0668933437976435
-0.00132430203147941 -0.0611530458681478 -0.0389109187523301 0.107761757308894
-0.0343436655796081 -0.0501021808553307 0.0168320262941476 0.0866304514607854
-0.0410389357628947 -0.0393444365756978 0.0343068420338481 0.0614229116786697
-0.0415587753180448 -0.0497007651991083 0.0476702827610324 0.0451586124652082
-0.00929333839711574 -0.0718397389596112 0.0577483916437106 0.0435086222941857
0.0303883449675207 -0.0688164369804062 0.0573601421253378 0.0564407635971883
0.0873057929712928 -0.0567681555306482 0.0405550336875763 0.0933915389764855
0.10994248411127 0.0261902003426136 -0.000674104223747262 0.122420127323609
0.0639709430976221 0.119782907728138 -0.0351134083953588 0.104334916564337
0.00757415780085002 0.162710480114375 -0.0266120870373195 0.114195076896338
-0.00942733004810306 0.158779787571035 -0.057519233706142 0.0295160195323214
0.0494168946003489 0.139765832860279 0.0424229082411957 -0.0412305621265453
0.11749851195585 0.0575120542116402 -0.0365824165530836 -0.11200363562711
0.121820480539364 -0.0436648231846155 -0.123561171303136 -0.0608930877964123
0.0588400569194534 -0.084255223296986 -0.117974393882748 0.0356586307755989
0.00714505501045055 -0.0916864965800743 -0.049289488339823 0.078565547152048
-0.0419112674482658 -0.0769927690348793 0.00159908934434956 0.0599703467711666
-0.0549842805709708 -0.0589032006873208 0.0175899400418566 0.0378472336729076
-0.0552158957713198 -0.0654166360697447 0.0325007591416128 0.0191779036017933
-0.016426290942815 -0.0912817796362268 0.0508818843877638 0.0129951764388758
0.0323942437760153 -0.0909236744276388 0.0647168898500665 0.0231464102622779
0.105793202813478 -0.0798306058808054 0.0633288666436764 0.0680457861209775
0.137078713513297 0.0215064419824608 0.0286750118650443 0.110595719513141
0.0804684743518668 0.13558676165322 -0.0160465516654985 0.0863694935561541
0.00744148276413297 0.191668083662437 -0.00602265274060841 0.0587201642725691
-0.0346489367151752 0.16742297247822 -0.0347028234671111 -0.0378081111543721
0.0277046950793646 0.173178232436642 0.0537267331922336 -0.0758339886162679
0.126367812958164 0.0956931576600515 -0.0115563799362772 -0.126932129720022
0.153984825676878 -0.029206639437216 -0.096575844688256 -0.0845319310173397
0.0820040964166227 -0.0933925619895812 -0.10138661898488 -0.00271019901503714
0.0175502600031121 -0.106328877763015 -0.0532416714604371 0.0373280915794313
-0.0416207883802915 -0.0917521735509201 -0.0137494101412952 0.0246939644034171
-0.0606500684168176 -0.069533651505787 -0.00164584063827872 0.0082838321683105
-0.0618170307044999 -0.072264178300562 0.0137416757258919 -0.0100680055755147
-0.0217984560036313 -0.0963750845964533 0.0382154840410282 -0.0191348668336886
0.0302679250413264 -0.0985721395849405 0.0647162258210062 -0.0121901907889652
0.10932362568651 -0.0881387726823087 0.0775157612429089 0.0386889245780446
0.141638139547181 0.0172863181140531 0.0492858421606773 0.092065800982278
0.0817841692245926 0.134375106175506 -0.00735288553373839 0.0662149911469202
0.00287501550085495 0.190953129833222 0.00761531088957754 0.00226791810201205
-0.0493575919096128 0.145131451051706 9.78541107996968E-07 -0.104824988431761
-9.32228171111275E-05 0.167062263165055 0.0702584397058556 -0.109447260401659
0.104128980060125 0.111498683780433 0.0181226206127992 -0.133104251043507
0.150860026074991 -0.00768108130169569 -0.0588790540601951 -0.100935254233294
0.0884799333667293 -0.0821726110710971 -0.0736098926070123 -0.0395060243120412
0.0240170233151868 -0.100674943080356 -0.0513382699075632 -0.0074375664785398
-0.0353985899190355 -0.0903730279691821 -0.026740185665329 -0.0126385522038497
-0.0572364130942768 -0.0697579349818305 -0.0199645553132995 -0.0220829424561514
-0.0589756687599874 -0.0697668141600054 -0.00488366995255244 -0.0377809062792443
-0.0215289663986501 -0.0909607727535421 0.0247029539715027 -0.0487323622230887
0.0285291402024822 -0.0926122172552356 0.0611414761790739 -0.0415671182749165
0.103490078429955 -0.0781371174220094 0.0828156792891137 0.0134570838526419
0.125086724309579 0.0214399602524804 0.0592960966270149 0.0739590924122848
0.0634818633695184 0.122731895185809 -0.00571074856677306 0.0480079561135231
-0.00881254587521651 0.165129151090755 0.017608293869424 -0.046528855819004
-0.0492979179629452 0.0952609257584863 0.0369893857548099 -0.157595043039235
-0.020874492557986 0.123394776251891 0.0856847670052397 -0.134928252751551
0.0640875230730362 0.0947128480227386 0.0437222092368742 -0.131465432763926
0.114459456872941 0.00668938374225066 -0.0238345269457086 -0.107635637190463
0.072251358877236 -0.0574298566228936 -0.0465378651561239 -0.0663290413635493
0.0231354316903207 -0.0762554684188789 -0.0471547628019722 -0.0446739579415585
-0.0248636407210896 -0.0726963630646377 -0.0378345268711142 -0.044402270889433
-0.0457087658992721 -0.0578212981013875 -0.0351906724226302 -0.0486357979976657
-0.0476206434356057 -0.0596518024319686 -0.020173607259356 -0.0632782315695282
-0.0169353113336879 -0.0752329216137088 0.0154101678026134 -0.0740473878169225
0.027222902011464 -0.0762093285396131 0.060451666852275 -0.0642867640542583
0.0890121535205176 -0.05550629676552 0.0873796945862467 -0.00191650311923382
0.095198882226385 0.0305131468008065 0.0641086261673678 0.0605247923642741
0.0348293678156198 0.102567168202304 -0.00539691979413907 0.034591595771371
-0.0237631846211303 0.11964283117599 0.0272948233153524 -0.0828228711437122
-0.0381100190906524 0.0285293580051491 0.0636432077740705 -0.187814482294941
-0.0298579505829688 0.0562387987580605 0.0901161678058114 -0.148224284458331
0.0211822055025998 0.0544412857581072 0.0580801830457509 -0.126138369245104
0.0594444841116967 0.0113309311730275 -0.00188254152153873 -0.109852910580671
0.0413939182833475 -0.0262513563042995 -0.0313246057596345 -0.0814767454497882
0.0157090022571042 -0.040580649500237 -0.045086868471991 -0.0689785824979981
-0.0126787790409736 -0.0430676164617659 -0.0463184537529833 -0.0646027017545706
-0.0279340650554298 -0.0378218347415364 -0.0452289195905993 -0.0681718459560766
-0.0293345423134012 -0.0412909960893617 -0.0292419525922517 -0.0833855522824961
-0.00996947243598695 -0.0506016539791996 0.0124383095573349 -0.094181681830104
0.0237883452747737 -0.0518020211966777 0.0665917920789545 -0.0797861198113395
0.0665996913729468 -0.0275931533226237 0.0955065733196296 -0.008714794840108
0.0561087034630066 0.0363231275743277 0.0673392101812035 0.0536985462692308
0.00277882269120447 0.0719119163811559 -0.00529049753113535 0.0265549601257843
-0.0360950340743069 0.0595454349631994 0.0366012127113716 -0.1028834002139
0.0349114418522822 0.00146116224055902 -0.0238267424920192 0.12431514809646
0.0140898721982181 -0.029902484628083 0.0418447542435544 -0.00481188112218746
-0.0203214582347013 -0.0261126665561845 -0.0544477849691947 -0.0691916997159414
-0.0287581721982431 0.0040588289798592 -0.114105126576333 -0.00626711640522221
-0.00997349333077235 0.0172674719378328 -0.0931263329652802 0.0858342458312655
-0.00104217522519811 0.0116430036260682 -0.0175182021453873 0.115159198685162
0.00147445723559123 0.0132637250166846 0.0345931638916952 0.0959580384278764
0.00186811523396595 0.0120773935001804 0.0508101585034196 0.0764453847713335
-0.00625532792337237 0.00669605946416645 0.057608370232619 0.06871727612951
-0.0101915663470611 -0.00134564323274233 0.0540195417743063 0.0730236694532004
-0.0103112015699487 -0.00637393021826361 0.036663110758808 0.0884598611803566
-0.00261515179230368 -0.0224378103373275 -0.00082714372283212 0.110840218370147
0.0228944941929274 -0.0160093900758667 -0.0490733710849786 0.118643635257335
0.039336531947221 0.0139120937919811 -0.0880241653635727 0.119010079298098
0.028397596381188 0.0313954357059608 -0.0698692245047197 0.175222207936353
0.0312649517321545 0.0613626681848083 -0.045262058779939 0.114503666909799
0.0389015518847758 0.0197398263323844 0.0380211923733434 -0.00364915950952991
0.0286162235197902 -0.0131152341701396 -0.0540390071175047 -0.0758780556413819
0.0132761842513256 -0.0219945893241152 -0.122923252926195 -0.0152130189480548
0.00461922671603083 -0.0178949148429546 -0.104853318174393 0.0812113444676797
-0.0045741059660598 -0.0223929686347379 -0.0250831618465894 0.115046021642687
-0.0186052119824953 -0.0162181580086338 0.0290811568882363 0.094767430340048
-0.0198879184023747 -0.0126819390678524 0.0457046507348468 0.0724960934831472
-0.0235774171890765 -0.0230451640737925 0.0547797048346812 0.0609754579231373
-0.00685569486017861 -0.0385157589818953 0.0559783483698692 0.0632529194548916
0.0149748830242183 -0.0368736135979569 0.0436827713642418 0.077533662057222
0.0467243346047797 -0.0326594718642532 0.014886065300328 0.103139611725032
0.0648401062112703 0.0141643202537089 -0.0284222383618293 0.119308381986395
0.0453854681340756 0.0741002566829035 -0.0604562951256886 0.111539435391012
0.0139636395096768 0.100958598007584 -0.0485630716754977 0.151343314768315
0.015927283565098 0.114904985054306 -0.0569834546980425 0.0821123520707138
0.0521822573976764 0.0778480991647964 0.0371611330768631 -0.0149651174853251
0.0766960644730399 0.0147462518642287 -0.0485143090567302 -0.0899622318888664
0.0645239648774026 -0.0403777043431858 -0.126892677222108 -0.0326141196977458
0.0274912582312149 -0.0539770305286707 -0.113776876222353 0.0644219037721133
-0.00282321290262961 -0.0580779654064497 -0.0361406102400365 0.102771411668564
-0.0336420149502937 -0.0466960488878639 0.017522160627615 0.0817560701719884
-0.0396624177346436 -0.0358671433597805 0.0337070935189164 0.0584742748540433
-0.0399900125940546 -0.0466917115606777 0.0455046011278037 0.0425672167472549
-0.0103746194831756 -0.0688078784664906 0.055507817323688 0.0411136657824236
0.0279243059651142 -0.0656716315829038 0.0548944970285368 0.0535685686040061
0.0821507608373189 -0.0554542179668449 0.0393174124928913 0.0881483790743121
0.104857394683589 0.0231309080382478 0.000443954216518226 0.1161003408159
0.0635065776853335 0.113552566117232 -0.0336061869755984 0.0988627245126061
0.00899548289767955 0.153845911202388 -0.0243868901520798 0.109548109551107
-0.00756963686313289 0.151157314162647 -0.0530612370013315 0.028975102157616
0.0488981728943464 0.132427684687014 0.0411333489288023 -0.0390728362662754
0.112440512131779 0.0530402075137181 -0.0344381237098303 -0.106823200749735
0.114370601311295 -0.044565399214674 -0.117714832682189 -0.057345025141214
0.0543832241091334 -0.0817852438045391 -0.112815189597751 0.0355835355426073
0.00454393943232575 -0.0873602994149324 -0.0461265166496985 0.0752560525067039
-0.0415700029426861 -0.072360984760348 0.0021192359118303 0.057399886099708
-0.0530328559157841 -0.0542695175711588 0.0174266796810952 0.0357213357419651
-0.0532665649877346 -0.060975562370526 0.0309887900297004 0.0180077347587011
-0.0172984451440454 -0.086477372640221 0.0486286558362218 0.0117716684673346
0.0295021743760725 -0.0868864808169417 0.0621450517934395 0.0215892336864117
0.099061434077286 -0.0775147586016682 0.0607778974694871 0.0632878171291333
0.130069877621866 0.0185622911529994 0.0291642457358563 0.104512816318619
0.0787057625452903 0.128815401055491 -0.0150870177709679 0.0818992439897
0.00912966813530142 0.18069139342497 -0.00585061967395435 0.0561776747689904
-0.0312544031430403 0.160107983354192 -0.0328908516487128 -0.035702649472555
0.0287749228869373 0.164490242287326 0.0514309755815762 -0.0719087450708086
0.121123151891159 0.088493717257875 -0.0113436082785114 -0.12081814820268
0.145299126504202 -0.0313061568482491 -0.0920376243384135 -0.0798168972138804
0.0763934588955573 -0.0906572340666169 -0.0968241785092555 -0.00211757174393147
0.0145599120846677 -0.10121265206614 -0.0508711625015963 0.0360340358105904
-0.0413363146596158 -0.0864428050501558 -0.0134950647159227 0.0244128709045235
-0.0586530478277051 -0.0642941110439282 -0.00165512246042682 0.00834737252027063
-0.0596968850546635 -0.0668538318972155 0.0127157713780269 -0.00913128411751681
-0.0222611436262245 -0.0918771610838147 0.0364702094874294 -0.0186507639513907
0.0272130582895096 -0.0942924432024245 0.0614998644410032 -0.0116073554364987
0.102522603953223 -0.0860468006795669 0.0732611253416672 0.0354233946554633
0.134586390221929 0.0144659018193215 0.0485401163228406 0.0866443550100109
0.0796554714805639 0.126971511081149 -0.007387054284797 0.0625919700404689
0.00512595927305688 0.180344377957612 0.00608398060636094 0.00216831353901366
-0.0449371587670723 0.137875983571273 -0.000942645403565748 -0.0998114678010206
0.00195792111945768 0.158966292400545 0.0668236049821237 -0.104634990212204
0.0996187896342021 0.103505617777127 0.0168946814527868 -0.127173284637962
0.141876939562105 -0.0106781687718523 -0.0563214131406401 -0.0957881807314385
0.082415495757205 -0.0798989007477763 -0.0711997819820856 -0.0374957832984244
0.0210160341442745 -0.0958405969853965 -0.0495641222667066 -0.00664861803089709
-0.0350322532835779 -0.0856972027375461 -0.0264341493458773 -0.0108553553782174
-0.05535986369328 -0.0640958465753467 -0.0195171708352912 -0.0203595013534165
-0.0573985807792506 -0.0648732704024419 -0.00513409877174847 -0.0360713294931164
-0.0222279397438513 -0.085918535569385 0.0229051875956128 -0.0469787416755854
0.0255495521231021 -0.088682819337997 0.0578075866728777 -0.039815276316796
0.0965140844507078 -0.0769804394458589 0.0781952617733285 0.0119430648869055
0.119054822409918 0.0190279057979985 0.0585452476941442 0.069200118222207
0.0624485195810179 0.115547579778798 -0.0058808501937524 0.0458145269356575
-0.00570360846724491 0.156489938353268 0.0149518950409724 -0.0444742961100696
-0.0459775116517941 0.0905617833231983 0.0327753361648783 -0.150487615419265
-0.017714052322076 0.117705679797482 0.0807027829775332 -0.128880241207777
0.0619328220672277 0.0887855995490381 0.0410196290099217 -0.125164630642237
0.107804160715972 0.00424519577008033 -0.0225767575416064 -0.102119075053722
0.0673366640217207 -0.0562221634135136 -0.044763954930438 -0.0633006847315545
0.0208661885294096 -0.0732932058157346 -0.0456684534792299 -0.0425818440560088
-0.0250465797279092 -0.068996019663656 -0.0371691913760581 -0.0417712634440023
-0.0444221284530002 -0.0535417755551635 -0.0341864337841783 -0.0452421253858632
-0.046080786421595 -0.0555371746931289 -0.0201610954527087 -0.0596318209779994
-0.0174092432978897 -0.0708101277928789 0.0132588919987939 -0.0712680912788542
0.0244532048811383 -0.0726554651020766 0.0573027418987989 -0.0617369501356066
0.0839563926368795 -0.0547632366109213 0.0829062662637424 -0.00364097056416824
0.090223410947976 0.027904497613814 0.0623520475869787 0.0559789246336811
0.0338367067309793 0.0965985795964989 -0.005483071153372 0.0324673739710956
-0.0212080660094417 0.112581052630402 0.0231830291272395 -0.0791328457962068
-0.0358838340800748 0.0269217200247486 0.0578004629099396 -0.180116075268279
-0.0280099355243373 0.0538364304517639 0.0844427716655952 -0.141299765351001
0.0200702958863497 0.0511374828561854 0.0553793184355981 -0.120747390328083
0.0559234095923308 0.00925558579279261 -0.00194417322536662 -0.104559937989167
0.0392872389644938 -0.0260466054843276 -0.030680686569923 -0.0780767767672106
0.014663301698083 -0.038989019079437 -0.0447195658125607 -0.0651226768324026
-0.0126589457896783 -0.0406741798973607 -0.045512016705784 -0.0612393027267897
-0.0266674874207358 -0.0347159884989305 -0.0448573864015618 -0.063396649292394
-0.0287626019626519 -0.037888694244746 -0.0296667088246934 -0.0783126512061249
-0.010081029851988 -0.0480834627335853 0.0105034396444141 -0.0900988876363066
0.0214916773083071 -0.0495953392761917 0.0627817970100121 -0.0766086779970005
0.0625969292577037 -0.0270336232797726 0.0909579826944168 -0.00897843612684707
0.0533825103394024 0.0340359954753929 0.0644276483177889 0.0498518352185123
0.00324028491192891 0.0678153422313699 -0.00540427921041995 0.0254317686893016
-0.0337314135641079 0.0561686784852453 0.0323931549385674 -0.098182903375581
0.0336292078532261 0.00175432781121691 -0.0233659440774317 0.120207125997759
0.0140865879088889 -0.0286097151101062 0.0412746528891683 -0.00466265031414888
-0.0189911336473509 -0.025631835142981 -0.0518819765957143 -0.0682633572296814
-0.0278383868641844 0.00355811027774204 -0.110607320504062 -0.00815072340496061
-0.00978354276480239 0.0166317887505553 -0.0927189563169289 0.0824448997313432
-0.00125367363114493 0.011382865455198 -0.0190432689075923 0.111583910232404
0.00132592382433811 0.013073022155214 0.0326569501584942 0.0932846796702029
0.00192434857873472 0.0113161746208663 0.0491966102490116 0.0746400391582311
-0.00586454263968954 0.00602033643163966 0.0558533590569339 0.0673571776749964
-0.00936330189270323 -0.00145333019947533 0.0515527693795784 0.0721861461197443
-0.00982193026923499 -0.00646275132498758 0.0345663619883865 0.0869117016635988
-0.00192007533124726 -0.0215942091221534 -0.00241012070116666 0.107241373590482
0.0228774694937383 -0.0156784617831971 -0.0509044022219312 0.114067863614148
0.0384044890235262 0.0137922535195756 -0.0885297674447933 0.113854723800254
0.0263372465223392 0.031137868240478 -0.0699708399035659 0.170304757016618
0.0295850660223397 0.0603437433823467 -0.0450055325715757 0.110901402065708
0.0377858642728072 0.0193429519731269 0.0379247052008618 -0.00300135479474803
0.027902277485512 -0.0123494140886395 -0.0510949535243177 -0.0754116243079967
0.0126773557522535 -0.02141446079837 -0.119394333782577 -0.0175885139508172
0.0045501873579668 -0.018017702193544 -0.103665454532213 0.0774500354326405
-0.00448796999666128 -0.0214856410352422 -0.0264190153350371 0.111732182266975
-0.018090892438488 -0.0156310607579555 0.0270462930459244 0.0921369941696795
-0.0190663536253601 -0.0126549717909195 0.0441365934105521 0.0710820960026079
-0.0227108698967507 -0.0228718014944449 0.0530841659783013 0.0599678881551318
-0.00620444217418344 -0.0383713991400894 0.0538975290722441 0.0623891242798619
0.0150677465503608 -0.0353529827896383 0.0417268437728462 0.0761348489945847
0.0452103681552269 -0.031658838614552 0.013127817903366 0.100896432836291
0.0628575386825445 0.0148533980356459 -0.0296951917977586 0.115062536363121
0.044164307192203 0.0729958111128557 -0.0616251358653795 0.10732703838032
0.0112593326658971 0.0983302926239689 -0.0495459377000329 0.147792381915262
0.0138949171271498 0.111950310802428 -0.0555378279417271 0.0789058327666496
0.0498348159537033 0.0766753858711712 0.0375382335121213 -0.0141972378581392
0.0742279881171143 0.0148256555526906 -0.0450444929121381 -0.088733497391715
0.0626619912958504 -0.0397099545777786 -0.122178218640277 -0.034439752266772
0.0267456831975668 -0.0530615037885379 -0.112331145375672 0.0610637097675093
-0.00227298045497181 -0.0565651541044996 -0.0369069572668389 0.0990249175878056
-0.0325021374032816 -0.0453518829972135 0.0160750790598098 0.0795072577737351
-0.0376544777573807 -0.0350230027581354 0.032635547804499 0.0570489827609214
-0.0388711808217105 -0.0452500052937791 0.0446153072636738 0.0423853844730648
-0.00947746936419337 -0.0671255038032835 0.0537321198690435 0.0407933286729287
0.0277314889858784 -0.0638818854569101 0.0533971698743344 0.0534807144977524
0.0799565711765459 -0.0535721878687309 0.0368224508661224 0.0860380601568969
0.101334465206082 0.023521194099404 -0.000815211920891835 0.112448493871177
0.0608130633776463 0.111794474604398 -0.034902291453463 0.0954237724888802
0.00681121013981713 0.149120843704345 -0.0256728630165105 0.106586525794175
-0.00933447003188525 0.147228915615099 -0.0510032896422912 0.0277540394997952
0.0464333447507922 0.129647382053402 0.0422458667979658 -0.0374652712819738
0.108385649773882 0.0520657166751789 -0.0310448526549428 -0.104586677967624
0.110950275746686 -0.0429953320478063 -0.113111418758072 -0.0575120203030989
0.0533549652957616 -0.0797377908466411 -0.110346671018714 0.0329283003829654
0.00511441144448758 -0.0845111926869259 -0.0458995833969294 0.0724432215525883
-0.0401200893535124 -0.0702506940626554 0.00140517448286169 0.0556628098031203
-0.0511730715886254 -0.0521221977676231 0.0167775756960334 0.0353863437445349
-0.0515272235134413 -0.0595522972073906 0.0305510536523047 0.0184813675472087
-0.0162074101000534 -0.0845142580691733 0.0471007696244987 0.0122801517888176
0.0295150298725475 -0.0845682983157366 0.0607510107672769 0.0226265513839805
0.0967282415011136 -0.0752196990300278 0.058002193999506 0.0623135278149049
0.12606634145166 0.0196091621683558 0.0271709650484129 0.101660049787705
0.0752618458013307 0.126415568300335 -0.0170256651694655 0.0792021977150923
0.00643142162647187 0.174980151741613 -0.00749223881343691 0.0549220587150812
-0.0324137421411817 0.15516829641885 -0.030926666876352 -0.0355225513153029
0.0266998132523991 0.160255889703117 0.052356534241733 -0.0690874503367522
0.116485561562079 0.0869943155710011 -0.00769263930706157 -0.117811462746632
0.140699757457189 -0.0299715802022941 -0.0875109425865986 -0.0796172761472756
0.0746944740295315 -0.0879662196169317 -0.0950200066792376 -0.00351774139505082
0.0149314366703153 -0.098520485199856 -0.0505429846106102 0.0340248107564795
-0.0398034081873585 -0.0843570759974431 -0.0134313940186681 0.0235862700113338
-0.0563866521623248 -0.061890642609793 -0.00122599843807126 0.0085026421824046
-0.0577369508469377 -0.0651999504058563 0.0132191252153322 -0.00778030803257398
-0.020983364717425 -0.0897153339777696 0.0357110715346137 -0.0171858249875046
0.0273653982332467 -0.0911092276040394 0.0605723987114835 -0.00970033631898069
0.0996273059550565 -0.0833226303601185 0.0706674850255089 0.0350778308688075
0.129979077904764 0.0151707714616742 0.047241906050739 0.0842577689791271
0.0762921776836155 0.124819549393874 -0.00875365246275591 0.0603986697244624
0.00288502695655028 0.174538980912111 0.00490403753140341 0.00232540257891223
-0.0460022616184541 0.133971264636633 0.000759251376399524 -0.0975158186514382
0.000158863757382373 0.155214500308264 0.0671438246970162 -0.100440827742637
0.0954970817036054 0.102143081538114 0.0198182825328856 -0.123545206726726
0.136740731676204 -0.0095935213269806 -0.052506978563763 -0.0942714677807609
0.0807869117807197 -0.0772128840801706 -0.0693163274037892 -0.0378807746744396
0.0213773940955114 -0.0933410797955941 -0.0487883750019792 -0.00775859323217686
-0.0333640834364349 -0.0834751555406512 -0.0260457881877488 -0.0108102395605038
-0.0535090857024097 -0.0617733434705461 -0.0189014656390961 -0.019208552750081
-0.0551409679954774 -0.0626877203660659 -0.00449271162864482 -0.0347392551726547
-0.0211054611346462 -0.0838686635912859 0.0228593264649515 -0.0452324088715188
0.0261959794172456 -0.0859583587877023 0.0568681488983284 -0.0383426683805334
0.0936334242294643 -0.0741766922530789 0.0762011409222874 0.0126843128523973
0.115093289442132 0.0199001876224298 0.0568780324137346 0.0680870862249696
0.059340470475642 0.11372945516499 -0.00704395802820184 0.0443942529759622
-0.00784334838588958 0.150478014759283 0.0134655280829871 -0.0427930485361139
-0.0454272473224821 0.0877098894538593 0.0339374057896815 -0.146213596517171
-0.0193547018810657 0.114029207369523 0.0807141886995163 -0.123745445658138
0.058421028412302 0.0864673798173905 0.0432449129983521 -0.121026715728016
0.103764221661828 0.00417221946475204 -0.0192464060673425 -0.100483948190435
0.0660478795831559 -0.0541144312659098 -0.0432176501061464 -0.063279105151887
0.0208373186869624 -0.0709479030594354 -0.0444850192551037 -0.0426786120280383
-0.0240745922003158 -0.0667609372454118 -0.0367516439352086 -0.041315175284242
-0.0425722884720201 -0.0515254809617979 -0.0337211510231232 -0.0445780466815171
-0.0449486786411927 -0.0533369276335834 -0.0186290108893133 -0.0581372682496759
-0.0162925399688574 -0.0689878870973991 0.013540271374973 -0.0692350060660359
0.0245470093000666 -0.0707281804878671 0.0565337906496672 -0.0592621475039777
0.0813627134317543 -0.0530218031925603 0.080684110805489 -0.00217335168709096
0.0877191688030382 0.0286868651738176 0.0605805550305072 0.0550277428323835
0.0319228159421046 0.0945965969353069 -0.00640600082978644 0.0320217520750761
-0.0221006321033126 0.108040159562488 0.0225086825725881 -0.0769393436416478
-0.0353926008301428 0.0259905525292531 0.0589096189156134 -0.174864768713793
-0.0275599220627972 0.0517309993054133 0.0838500158850326 -0.13614275771024
0.0187991817363451 0.0497617198049888 0.0558697776012531 -0.116425222258393
0.0530845776728352 0.00893212434415112 4.06369768465871E-05 -0.102383189163813
0.0382196956460058 -0.0252495484279214 -0.0289727307773213 -0.0774710024196047
0.0149623146074479 -0.038219236491929 -0.0430737428455214 -0.0642774972392574
-0.0115431328929751 -0.0391767075594944 -0.0444430337388854 -0.0603197000983831
-0.0254620919517554 -0.0331908499370019 -0.0435541149772779 -0.0616309150864083
-0.0274865530970058 -0.0365809637989271 -0.0275707677240746 -0.076142253498053
-0.00912644653625403 -0.0467358375686185 0.0113677120793281 -0.0877786728501751
0.0212169880393254 -0.0480831679858782 0.0623084782623947 -0.0728315970370987
0.0608101527824888 -0.0260967116854091 0.0885425378325705 -0.00827771592992854
0.051418377116206 0.0343781708564295 0.0627262239409982 0.0494311816620359
0.00245335300197953 0.0658099331656599 -0.00581725162236412 0.0245350068611507
-0.0339010872021362 0.052817457222697 0.0308859696511389 -0.095467733724473
0.0328588257608394 -0.0117655548556007 0.0284363073733771 0.118243040597692
0.00156674667705789 -0.0318884696847419 0.0362948990766151 -0.0232418273589124
-0.0267548831909378 -0.0147271517297847 -0.0774704530069759 -0.0409198501192452
-0.0227962809246312 0.0154630021443806 -0.106453439980263 0.0388083039266959
-0.000599325471359057 0.0191313461985527 -0.0498170472786812 0.114488609048516
0.00423858355680438 0.0105806183309959 0.0295997900897855 0.110160569179572
0.0060769633726329 0.0116284760650203 0.0688587737426999 0.0717408733163599
0.00593859713668985 0.00928094258530617 0.076672334721132 0.0467992679073326
-0.00311535615002771 0.00885063956164848 0.0798872419386828 0.0374513270198506
-0.00966505604711012 0.00243002638071817 0.0786115805636168 0.043973934155309
-0.0109716584271742 -0.00180159981658859 0.0677995983053075 0.0642651372909884
-0.0107765088794597 -0.0168950450419727 0.0429011709428939 0.0985757791538681
0.0143784649047378 -0.0229555111625715 0.000223568764788513 0.124937215391184
0.0404056591761897 -0.00233301832078181 -0.0370772477737062 0.141894491458856
0.0376561517939271 0.019173356776802 0.00206499277715882 0.186804833750822
0.0516262466863217 0.0436884625548359 0.00717023139040057 0.119439410974708
0.04138036581718 0.00250976306126392 0.035201902953894 -0.0207352335349119
0.0203570276253928 -0.020711238019495 -0.0774996590601942 -0.0500474164147716
0.00332806523194359 -0.0226030154872976 -0.117248055078979 0.0317795747214632
-0.000939187325505241 -0.0178083032219718 -0.0631516659087925 0.114378058341566
-0.0120727264969051 -0.0182739145455511 0.021631806763444 0.112344383516168
-0.022816130525239 -0.00678878721693506 0.0624947750587252 0.0724833651496813
-0.0227831815118858 -0.00429906458780292 0.0703561432446809 0.0457530398243363
-0.0302934454613367 -0.0112930259095617 0.0746926466219009 0.0313414837222122
-0.0211841882170832 -0.0328869468171759 0.0768863190582946 0.03327322781426
0.000472594196494589 -0.0391359592231194 0.0719805118590304 0.052839009008645
0.0286187075473608 -0.0464811197773721 0.0563861859287126 0.0885143090018399
0.0636782647627531 -0.01121627995757 0.0196024680696074 0.118480546219781
0.0706357427912191 0.0504012797720132 -0.0175494412706431 0.125592997848437
0.0535500215040158 0.0884231200449751 0.00842629843631207 0.155624478990011
0.0567972989818175 0.0976687705699817 -0.0140280484060831 0.0962973820110129
0.0743945373671451 0.0498313600561877 0.0317986665249469 -0.0303055032046519
0.07252259496243 -0.0140598251328397 -0.0753195905955991 -0.0663551917977962
0.0400807297670123 -0.0580993808201193 -0.125811854417715 0.01462356930235
0.00468188632771461 -0.0580160674155445 -0.0784672999204176 0.101261383907625
-0.0244039255085981 -0.0506773532083791 0.00680114670952813 0.104740430077104
-0.0478518480874338 -0.0278206037455704 0.0461513370728277 0.0650072575470119
-0.0487799533789367 -0.0177521431259408 0.0543902319948167 0.037878856701409
-0.0539143892994107 -0.0257508210935988 0.0598909685819838 0.0188085616265611
-0.036211607498631 -0.0583321555716975 0.0680466350281158 0.0130757972502384
0.000218547977272422 -0.0711381210181926 0.0742829386671723 0.0275720345875509
0.0510419113511296 -0.0811335217655668 0.0745430260389535 0.067067137950451
0.103969756659479 -0.0180183275564363 0.0453130152798246 0.106095494559206
0.102610251173806 0.079529015717989 -0.000684168215784449 0.104690910016584
0.0713843924603786 0.137594234259373 0.010704483641667 0.107808936026678
0.0478947350531529 0.138877489118487 -0.0302185746537422 0.0489732799151319
0.0915457679163642 0.0994381475036927 0.0278091365464089 -0.0526060023194726
0.117500879341717 0.00651016834398949 -0.0669446006038343 -0.0878906019094517
0.0817307509677732 -0.0807570720756869 -0.125772330451776 -0.0120075394986822
0.0178428002805073 -0.0919970573639751 -0.089978497271684 0.0739426895179937
-0.0289090593978907 -0.0794926304944726 -0.0136724053017811 0.0837597117129709
-0.0645997608249582 -0.047464875095202 0.0220106607741205 0.0491560024526542
-0.0677802534380097 -0.0284429710791386 0.0299547845590108 0.0244059969339361
-0.0717292852362553 -0.0334869499455922 0.0367012226693821 0.00285677873710909
-0.0494409620682943 -0.0721427609597951 0.0500809819119341 -0.0106399071808746
-0.00644359708533273 -0.0912854045075614 0.0686656775745925 -0.00338130376955431
0.056875563845409 -0.108071339363521 0.0864527297891739 0.0367950927867888
0.125709126190355 -0.0321348512908103 0.0665424122025661 0.085379528255339
0.122777538655479 0.0869303985287535 0.008908625637477 0.0829766708211724
0.0828473615336656 0.16131356178385 0.00489273895880751 0.0522224345812947
0.0287317113340968 0.155645546584975 -0.0377743082523516 -0.0166564295996437
0.0847553936712471 0.135649310458181 0.0244878015268102 -0.0853758003651243
0.137764334394464 0.0357352749979719 -0.049012044925676 -0.109050700658662
0.112337483628841 -0.080667290419216 -0.109906704371687 -0.0434704187046639
0.0332019908225633 -0.108583547964326 -0.0908893640003698 0.0328285392778311
-0.0261480058869825 -0.0958891061351532 -0.0341662885324536 0.0500586055188466
-0.0705170978382348 -0.0601869185129961 -0.00559537319868549 0.025357947035022
-0.0766850551294965 -0.0345971437307518 0.00209329475637935 0.00707274697894385
-0.0793603028893108 -0.0359439445977246 0.0097402040881013 -0.0140731119737472
-0.0562724328405428 -0.074748233038741 0.0264198211922392 -0.0330574753452491
-0.0117752864530093 -0.0971951828415058 0.0551538650408461 -0.033172566867383
0.0564090159749248 -0.117331012299171 0.0876418708601358 0.00651891665962075
0.127908941151945 -0.0375112737294154 0.078027330862579 0.0620184020090228
0.122478082304568 0.0845841605558836 0.00937292924220859 0.0633760456693322
0.0792123271440726 0.16229045544482 -0.00495578147818143 -0.00121457211921932
0.00713393981569361 0.141547766052096 -0.0345844604055173 -0.0856843346726356
0.0584787284830167 0.141220350048661 0.0247628456186009 -0.118540254722811
0.123856374459729 0.0565045213275776 -0.0261344621545226 -0.123550192243587
0.117397520499374 -0.0614320308257295 -0.0832942614085107 -0.0705131661382331
0.0419018569136879 -0.101102534821108 -0.0810098529307936 -0.00995808709710858
-0.0183943332924031 -0.0935066999972392 -0.0499944740192488 0.0111318137641967
-0.0644366747160179 -0.0618453625543062 -0.0317997790223776 -0.00125068107280077
-0.0737555450187126 -0.035914868660819 -0.0257973333771865 -0.0104061476919018
-0.0764497274703185 -0.0352960393771361 -0.0174947780855137 -0.0303540875955909
-0.0539013646176092 -0.0693149245730048 0.00343939470733308 -0.0528545654498185
-0.0112074679484567 -0.091570686766146 0.0407564372393009 -0.0569054567480439
0.054719272262902 -0.106877323611412 0.0824747448647907 -0.0164492102735765
0.116264803984273 -0.0270960887571186 0.0793582494753604 0.0423700952918615
0.102135681197254 0.0813115578203254 0.00545854117475132 0.0465937037412424
0.0577576633506198 0.143475711138916 -0.0140799206353108 -0.0468115702675645
-0.0115657532367279 0.0990431224686535 -0.0249197054529394 -0.144613380903398
0.0242312081730304 0.111867093083436 0.0261201639169802 -0.14543295836542
0.083858494625942 0.0573565902417316 -0.00476169052409169 -0.129760457168638
0.0927954372072553 -0.035726497988152 -0.055925663089631 -0.0877971291252602
0.0381734767542019 -0.0742856421464945 -0.0678621260368538 -0.043073476313838
-0.0101730109720626 -0.0731438566842536 -0.0603042473897194 -0.0218242293370528
-0.0488736216672754 -0.0508593490117885 -0.0537466289856376 -0.023659480623198
-0.0596698324347813 -0.0302637423535064 -0.0499400523271137 -0.0262770304240985
-0.0626075294006595 -0.0309230150382474 -0.0411243613385163 -0.0458854093416482
-0.0432862805850649 -0.0575920862128421 -0.0158634834520025 -0.0701463361147792
-0.00603000755243181 -0.0766422666871253 0.0305517113484527 -0.0763020309256793
0.0526836443238955 -0.0826611952190365 0.0786278477396221 -0.0316179765089706
0.0939199994838805 -0.00758445440857126 0.0769451110120316 0.0282285017136253
0.0690064853735139 0.0749549210940002 0.00176093507548074 0.0335454130730163
0.0262918782896185 0.110068857677467 -0.0178569726987848 -0.0814900769641229
-0.0252417270051724 0.0381793871639642 -0.0163931926455891 -0.18206829170827
-0.00793270907645125 0.0579680301329051 0.0215585964297076 -0.158022134263171
0.0336343629161614 0.0385676202627169 0.00646566030700348 -0.129312163980506
0.0494991113318676 -0.0117429618572224 -0.0400478570073267 -0.0951949756264073
0.0242744856647584 -0.0370163113849418 -0.0596423187670345 -0.0606201703948951
-0.00209438904002535 -0.0399964120766941 -0.0678704584902394 -0.04136132092644
-0.0261110494720456 -0.0311315933197142 -0.0682989869762459 -0.0370765220482835
-0.036427818412614 -0.0198604449296998 -0.0665793702817445 -0.0380311034517175
-0.0401697637408603 -0.0223831749690476 -0.0574734998675251 -0.0580450959008934
-0.0275878740479918 -0.0389292238429687 -0.025921448870053 -0.0850071729647511
-7.86986482211281E-05 -0.0540681325575754 0.0286614332857823 -0.0915268103029687
0.0457742680153053 -0.0497447079136452 0.0809382790277686 -0.0404098445330459
0.0627897900367899 0.0122712110773835 0.075779427873 0.0206470821411693
0.0294432027611265 0.0598985664307144 0.000698805481313733 0.0256305630575638
-0.00909453259307966 0.06306833927064 -0.0130990019860452 -0.102269197319335
0.0330840276379909 -0.0120662447155744 0.0314334088795893 0.119589547504908
0.0016833108371492 -0.0325581899182423 0.0373489018104426 -0.0250481719014341
-0.0274319112443166 -0.0145699033246138 -0.0795084828230341 -0.0421887595898958
-0.0233607220291853 0.0165404778993274 -0.10920609363198 0.039996961027842
-0.00074854304582474 0.019569128724602 -0.0503849578347107 0.118116912491168
0.00430766989462319 0.0111480785511109 0.0307618347209216 0.112379690632368
0.00630453370389167 0.0121364431821366 0.0705201707412368 0.0716679621758513
0.0061062641670889 0.00888775108251277 0.0796700071942085 0.0466254133672431
-0.0032063963586606 0.00923783858487769 0.0828119096313935 0.0373024296501051
-0.0102747815843546 0.00225065693854838 0.0811369133769196 0.0443958908377512
-0.0110132344203586 -0.00173581791230489 0.0700503995944183 0.0651263132384917
-0.0108483056550469 -0.0170491984525031 0.0446684810805322 0.100298459210951
0.0143176305159069 -0.0240833670002674 -2.67394251955181E-05 0.127127575456511
0.041836894364028 -0.0034781357668277 -0.0375676663623357 0.146165027513393
0.038512672129677 0.019116488436689 0.00455233115304609 0.191551720119861
0.0527800146793729 0.0444426407149223 0.009614681264405 0.121414510362524
0.0425750872896227 0.00229063487434078 0.0362867169606862 -0.0221649666311106
0.0202623766291146 -0.0215102892580654 -0.0800177387379724 -0.051167367917198
0.00237374000764028 -0.0232744455812025 -0.119784063617277 0.0329482328751162
-0.00206584440374324 -0.0181859171239818 -0.0640317725324677 0.117266587827311
-0.0128633818324225 -0.0186809980647004 0.0228850710397911 0.114720964489987
-0.0228227498082712 -0.00635795158717759 0.0644769813619512 0.0730114894999132
-0.0231497683444413 -0.00443060571156756 0.0733067595392724 0.045147928921078
-0.0311927582088351 -0.011389034260741 0.0774583510937594 0.0309439733507989
-0.0228741861967772 -0.034095259753706 0.0792241055583512 0.0331707713681113
-0.000274856968109323 -0.0398944313927376 0.0741169831033675 0.0529777282505993
0.0287069578098879 -0.0475723244100414 0.0583739680540932 0.0898793397882387
0.065300243793249 -0.0120206957523656 0.0198911464168294 0.120456844901475
0.073074202367085 0.0507888432898982 -0.0183794576502535 0.128573376288071
0.0551416187183752 0.0896758204472856 0.0107572537004839 0.159703979804534
0.0589716006345112 0.0989524234920437 -0.0122134217118334 0.0982004559886893
0.0772198460116366 0.0503048932638027 0.0333259306370675 -0.0322700648354574
0.0736538757241736 -0.0158403748563733 -0.0774664500266159 -0.0686020183991028
0.0389305152252397 -0.0599758531077472 -0.129231090133634 0.0157203815737743
0.00302211740260911 -0.0594610376218622 -0.0799542215153455 0.105120797816937
-0.0256489601376454 -0.0514326704847067 0.00726581440425895 0.106910197667659
-0.0491027353799158 -0.0270020021341845 0.0480183505312704 0.0657769408339531
-0.0499825310778137 -0.016947993791271 0.0562186456413852 0.0370711190473383
-0.0558727421789246 -0.024872375866708 0.0621008756507345 0.0181944922805334
-0.0382165528854531 -0.0601503848227715 0.0699368254411254 0.0127196963386529
-0.000803134607553874 -0.0729741229434788 0.0770790644837734 0.0277537399162016
0.0502104098362601 -0.0834221765228974 0.0766159552463666 0.0677764789935357
0.106023816756694 -0.0193854736975477 0.0465603938949138 0.107505407451234
0.106161219568269 0.0799702187369507 -0.000680374450006062 0.107300832634271
0.0734615408767502 0.139609908526329 0.0115727901727642 0.110501531282262
0.0504343997478736 0.141314626724158 -0.0297530163079159 0.0499391014460102
0.0948088145538317 0.101080185375658 0.0295634311895334 -0.0549888068698373
0.119386102877002 0.00492143167953587 -0.0682011969426463 -0.0903267981884154
0.080672276890765 -0.0833232158609941 -0.128513191262759 -0.012451037220323
0.015840161431069 -0.094679643658218 -0.0922137219217792 0.077066119627878
-0.0310441530902392 -0.0809116064294405 -0.0135054130361652 0.085407897725012
-0.0670538016504001 -0.046730869528971 0.0229170227388042 0.0495127097801818
-0.0689527694353886 -0.0277473126307074 0.0313661085934135 0.0243665343935628
-0.0738238721454091 -0.0325812554840228 0.0383260610899852 0.00218058577340017
-0.0519152383100133 -0.0731581514579182 0.0513995388551042 -0.0111875236074432
-0.00843538446821341 -0.0931409650809162 0.071209548110144 -0.00428587369846549
0.0562363149987482 -0.111590911191598 0.088638109022744 0.037047165978124
0.127860218732652 -0.033735480041118 0.0691665252596566 0.0859391162356453
0.126562980476976 0.0877379788315117 0.00894277343924929 0.08518870525837
0.0854989943848904 0.163581141926092 0.00495123256904032 0.0539960071091459
0.0313014897353561 0.158707437121211 -0.0383504765966405 -0.0162417820243127
0.0886014791198375 0.137722726603174 0.0256152567865571 -0.087486257084801
0.140174823713639 0.0343686849326632 -0.0504650389636077 -0.111954550632725
0.112619620503449 -0.0834479782091481 -0.112703560127406 -0.0445841886774393
0.0314294598178073 -0.111653804903797 -0.0939615428006762 0.0352390199742486
-0.0286335396877958 -0.0981324908816575 -0.0350149108196765 0.0518499935095186
-0.0728804456148979 -0.0602046752506883 -0.00589075872568032 0.0260545318279389
-0.0780028227945209 -0.0338343122471513 0.00226324477207042 0.00751554018464374
-0.0818068680466478 -0.0352980545325152 0.00969685442339627 -0.0145757826900314
-0.0583419853786562 -0.0759637849841747 0.0271577427033647 -0.033961811346935
-0.013937913688493 -0.0992834021776559 0.0570213694295927 -0.034527848913642
0.054927751205518 -0.121290350526229 0.0890206378510624 0.00609196621091481
0.130188498757922 -0.039499171525539 0.0800729342890185 0.0618668648650228
0.126334839118627 0.0853642273587582 0.00924597249824454 0.0648841069400087
0.0815354521857782 0.164004648115564 -0.00619978634262667 -4.83966453405965E-05
0.00897138994210155 0.144517295191074 -0.0358370450270191 -0.0868417579083777
0.0608464480223068 0.143835001956309 0.0246854988833208 -0.12101729062344
0.126623044667245 0.0564738620296364 -0.0268176851863138 -0.126681326987031
0.117875330785603 -0.0638992617912663 -0.0853647898287671 -0.0724262396604007
0.040832117918172 -0.104182816667424 -0.0839476740883718 -0.00917669403376169
-0.0205263570533462 -0.0956855805764332 -0.0513284687715801 0.0125272764070032
-0.0669948830297166 -0.0620983787123945 -0.0330723897736312 -0.000584564459616466
-0.075307666556941 -0.0345700521903943 -0.0270615818047095 -0.00996607310235508
-0.0786310085907779 -0.0340483226469624 -0.0182486303384673 -0.0305920929079709
-0.0561978483238643 -0.0703575133633867 0.00227920496702579 -0.053183037582977
-0.0124123714198962 -0.0932020985173556 0.0414632471667922 -0.0592976923257007
0.0541442292409919 -0.110225282522286 0.0837836668726555 -0.016932984068345
0.118364665020541 -0.028690156756729 0.0819091072777003 0.0411560969542501
0.105244884699188 0.0816905428564223 0.00531239243051124 0.0486638402986473
0.0600915733514211 0.145783337573646 -0.0162789281755144 -0.0473276433103099
-0.010546844947575 0.101141813845408 -0.0266083681665483 -0.148021618406378
0.026007914406703 0.114005732488384 0.025305537042223 -0.148175911067648
0.0857276502682853 0.0569967849425095 -0.0052626149323156 -0.132028385048602
0.0931319331486575 -0.0374717084772 -0.0573460298024702 -0.0899436884768394
0.0372879654473458 -0.0765881449285106 -0.070131762278911 -0.0434742672368886
-0.011805473829419 -0.0752259869281174 -0.0627680223919091 -0.0221809099153533
-0.0507807144668138 -0.0512865924846965 -0.0561960803426593 -0.0231366368754218
-0.0607287291898576 -0.0293875665955271 -0.0515821278924261 -0.0259658173622987
-0.0644823045635618 -0.029918775377917 -0.0426263368780837 -0.0459921979181506
-0.0454809848333303 -0.0582312058463985 -0.0168999641026932 -0.0710776203723356
-0.00700517257992133 -0.0781034359040615 0.0309700905395268 -0.0783245698364238
0.0522478908645345 -0.0853998421464493 0.0800705711452835 -0.0324894943366787
0.0960295451690583 -0.00891775155852436 0.0789650816452794 0.0277704586814804
0.0712616588988645 0.0752038613767784 0.0018205881915766 0.035095630089729
0.027283786274657 0.111690178174718 -0.0200666529348994 -0.0829449492397655
-0.0254956527124823 0.0387187706258667 -0.018541734479047 -0.186158922911961
-0.00747818750327145 0.0591764004223194 0.0211787699715265 -0.160750517085195
0.0345411217212351 0.0392992196485767 0.00603577829315321 -0.13200217520056
0.049737677465337 -0.0127448364369066 -0.0411351647407218 -0.0977567230886469
0.0240809425985984 -0.038174918850688 -0.0621194160307978 -0.062214989547461
-0.00308234265336175 -0.041166506622782 -0.070379763212877 -0.0417393472358172
-0.0272527887728575 -0.0311302464126267 -0.071734784327248 -0.0369070821172317
-0.0368075569492656 -0.0187804467737151 -0.0690341271089976 -0.0373360276752963
-0.0411841729158871 -0.0215126517841435 -0.0599674466548599 -0.0586911152161983
-0.0288621470706017 -0.039538935599695 -0.0281926983643746 -0.0868443919617771
-0.000891006941094392 -0.0547789934882263 0.029149922424215 -0.0944797230996029
0.0448928690762668 -0.0514981601692468 0.0828054902962618 -0.0414652406211788
0.0646000699889575 0.0123871836497207 0.0779876080419013 0.020760098406941
0.030028693665913 0.0608989649076559 0.000904899835059909 0.0267102791067387
-0.00981653158933501 0.0644856041849146 -0.0162943004955011 -0.103425664749234
0.0318899243289923 -0.0136360684608986 0.0371087676786851 0.119052516359352
0.00027767889474052 -0.0332034972662638 0.0371223644395834 -0.0273333377424769
-0.0278879247356101 -0.0142708386228806 -0.0820438496133081 -0.0403923560229581
-0.0227491550115139 0.0179753081160069 -0.109687590104839 0.0438458029166077
-0.000498039305001328 0.0196940347141372 -0.0468372007736145 0.12211840221728
0.00467637170919009 0.0111155305961037 0.0351125518512656 0.113070154583135
0.00693331078356235 0.0119775416156955 0.0738688101986633 0.0696202276937173
0.00651288080038312 0.00879067659875089 0.0829591875364794 0.0433329077647878
-0.00305312984699478 0.00937217191833153 0.0865843654333973 0.0334475774367139
-0.0105413161080853 0.00242225673664406 0.0842504126479665 0.0416751929569812
-0.0107255865287047 -0.00159120653584642 0.0730272778353685 0.0634889320146275
-0.0119935824916788 -0.0168984202164879 0.0486398663436729 0.100465986565041
0.0139295882253463 -0.0248875824674329 0.00348159229387681 0.128262289780637
0.0421683857028736 -0.00490981420892615 -0.034031201609186 0.148852112659346
0.0389960084085178 0.0183389237212196 0.0124979913937589 0.193591478647952
0.0547326844165384 0.0426102193905579 0.0153548693783505 0.121556898230605
0.0434248188746213 0.000587945241685733 0.0368136293035873 -0.0250618990818971
0.0199278343843147 -0.0227179119350254 -0.0827759326535192 -0.0499929716074602
0.000725056294456805 -0.023451553868728 -0.120688808940614 0.0365052899026271
-0.00308703885614851 -0.0185736331098697 -0.060921845369462 0.122361746540916
-0.014053809284894 -0.018087384122205 0.0274284528297747 0.115751499377067
-0.023838626150491 -0.00467685348075729 0.0680727274014048 0.0707973682281382
-0.0235752088548205 -0.00357535786218853 0.076397466447602 0.0422839662299955
-0.032283850732685 -0.00975362790624063 0.0808483896449883 0.0277530799250851
-0.0252714198350346 -0.0334085305644752 0.0826908465713301 0.0306235268854579
-0.0014849505103861 -0.0411341137899172 0.0778451270858504 0.0511436749159748
0.0270364073353105 -0.0487906662932961 0.0616139990409815 0.0888653449582437
0.065385876974421 -0.0146930370665406 0.0240348958164918 0.120940115893309
0.0763377257080387 0.0484191674787095 -0.0150185465382619 0.131503947110224
0.0584459710469401 0.0885578480765773 0.01676328376885 0.161735759365918
0.0633205852235205 0.0976801617262172 -0.00754751419042756 0.0991692919994823
0.0804580073984017 0.0472078488859253 0.0336645049322382 -0.0350354178937558
0.0736390034253887 -0.0190323360044543 -0.0809388820793146 -0.0667462091795442
0.0355085318835866 -0.0623852998540209 -0.130372351645522 0.0198177902801747
0.000206366374901378 -0.0604566145947813 -0.0772572083478612 0.110092912654121
-0.0285360846698571 -0.0513440711847762 0.0112000719746678 0.108109585898821
-0.0509049677580646 -0.0246895299821863 0.0507465917477027 0.0642844518271479
-0.051020661270375 -0.0150778779696145 0.058729166152491 0.035779318569531
-0.0577731600042912 -0.0225689197455764 0.0641697705169369 0.0156307660544654
-0.0418693950914275 -0.0588962805722235 0.0717654722162057 0.010085414233076
-0.00369533124418684 -0.0739640812019996 0.0797845769677086 0.0251930596637428
0.0472278563772001 -0.0864624351628793 0.0800378888223478 0.0660626120110068
0.106100469831062 -0.0237293306417259 0.0510241818235877 0.106055054483297
0.110674217906542 0.0770988784114928 0.0023086408849059 0.109388119443519
0.0791899826727935 0.137743799210121 0.0162799644980069 0.111840561468369
0.0567274500309755 0.140726609017566 -0.0276592511740105 0.0514702457922671
0.100510037031481 0.0980351651702232 0.0285594939693344 -0.0569244040073028
0.120623229372824 0.000309592377351751 -0.0717692039775755 -0.0895030235427293
0.0772206709406105 -0.0876551673210666 -0.130675928126031 -0.00769889818693823
0.0113309254346358 -0.0967460504951395 -0.0909977256300514 0.0822939570486479
-0.0354154171459535 -0.0807750068808716 -0.010870536152711 0.0874837747208163
-0.0701402428230128 -0.0443556877402883 0.0248578690791492 0.0485850531910985
-0.0705953654950912 -0.0245268504367974 0.032226487837395 0.0232645052545201
-0.075998468606834 -0.0291615867050938 0.039409076142192 0.000199782584132863
-0.0564882229721588 -0.0722089255686412 0.0518715033084919 -0.0135379847991459
-0.012043486217988 -0.0939423285141067 0.0729024248910718 -0.00717099448627649
0.0513188182023396 -0.115008711519536 0.0908641116497493 0.0345313264038328
0.127741345082646 -0.0389869854788331 0.072900730738285 0.0830464990015692
0.13193403639545 0.0837559046522057 0.0112607537347676 0.0868061603442288
0.0917625273942077 0.161449213937155 0.00678553908132301 0.0551289776175494
0.0378764517547053 0.159060574108246 -0.0387044467808969 -0.0147843885038617
0.0954068412141028 0.136362259916428 0.024015586786121 -0.0894917550748234
0.142816883492109 0.0288843181402629 -0.0543904027265062 -0.1114939686848
0.109022093589672 -0.088912343168046 -0.115829721816218 -0.0411895320308611
0.0263410313700985 -0.114470778855082 -0.093918800529575 0.0403238044098869
-0.0333213245686387 -0.0983232440351369 -0.0335773406959312 0.0544034669901271
-0.0765598647158596 -0.0575837847012404 -0.00516706854956756 0.026700031785821
-0.0793334874233202 -0.0302175234938247 0.00184989237462292 0.00832610800690113
-0.0841296592132461 -0.0312826901217627 0.0102003540533054 -0.0153810585190228
-0.0627055377653762 -0.0743235847386447 0.0260855509623775 -0.0348319385153469
-0.0178029261213952 -0.0998697224983193 0.0574714283295196 -0.0369468234065618
0.049501637089514 -0.124456133027631 0.0904471574599904 0.00339132274717037
0.130220933694057 -0.0449375979849265 0.0832417297083946 0.0578749133381194
0.131467582357542 0.0818779484824664 0.0114331565800544 0.0660455806188984
0.0878299560785771 0.162267441450929 -0.00744447185007 0.00046811106180122
0.0145038144518186 0.145854259022818 -0.0396452085508419 -0.0868064813627307
0.0673904993319941 0.143543316902889 0.0213185592985142 -0.12358180796126
0.129585329654332 0.0524229535584413 -0.0309134496228775 -0.127105797424594
0.115461242052599 -0.069312474149249 -0.0888840735319138 -0.0705076295374455
0.036489902625701 -0.107324959141996 -0.0860616429072197 -0.00528570104389703
-0.0258727814260069 -0.0963156806522193 -0.0521834989966507 0.0145780402535031
-0.0708028995150527 -0.0597554385614584 -0.0345401712657005 0.000628075934542732
-0.0769909504172934 -0.0314866721290502 -0.0279260090208774 -0.00853832818289716
-0.0806024210318905 -0.0298030416424448 -0.0195978127681803 -0.0306348280877597
-0.0608458968348135 -0.068869684024274 0.000653901553902452 -0.0538444157681821
-0.0169796147773097 -0.0936427339143567 0.0406008966107325 -0.0611285439223252
0.0492378366375874 -0.114679608100539 0.0840508817989362 -0.0200086062232578
0.118778480141729 -0.0338211655530988 0.084018244201261 0.0380632215479682
0.109323200986632 0.0788651954241488 0.00727074687393468 0.0490184492911418
0.0658189289197685 0.14484879653932 -0.0196127460109956 -0.0463900464204501
-0.00647813115651116 0.102484608205765 -0.0325938109423086 -0.1481377442579
0.0305883931937975 0.114363425891807 0.0202750273231937 -0.15029884186679
0.0882834987593759 0.0545925302512807 -0.00921635652773144 -0.133604799906216
0.091874726235431 -0.0412164845885232 -0.0615538153390068 -0.0893162779741921
0.034670471877914 -0.0789458577630349 -0.0735575148714162 -0.041464310526706
-0.0153691964640273 -0.0756431388529012 -0.0648852892011052 -0.0199022825323493
-0.0537145737890077 -0.0496863293516163 -0.0593096690687265 -0.0212660388252321
-0.0615393290788301 -0.0268440513338227 -0.0538293105007693 -0.0231751428070436
-0.0657253168397808 -0.0262214676542854 -0.0454233772520877 -0.0445144728668427
-0.0486608151414215 -0.0568905024862248 -0.0199420974074438 -0.0711168244258428
-0.0107264620977801 -0.0784760372112868 0.0296476871105971 -0.0806527778688139
0.048215149241609 -0.0885589869019424 0.0799951367118802 -0.0350978737330594
0.0972280526698518 -0.0123375482314583 0.0813643830662642 0.0245334259008979
0.0742895362842053 0.0738506014190684 0.00306028592141069 0.0357859488117619
0.0313053533068089 0.111139040876162 -0.0252111486455089 -0.0823183502541978
-0.0244492082963919 0.0399877546050917 -0.0265706259984151 -0.187640479066652
-0.00556333187275765 0.0602260494145438 0.0159074204550581 -0.161833824978996
0.0357673797480107 0.0383489910627912 0.00228706270179367 -0.13359265007609
0.04874548377199 -0.0140510749289927 -0.0452983822233097 -0.0977653779082033
0.0227380573117492 -0.0396701673742513 -0.0654231866106743 -0.061377534410311
-0.00469224313154753 -0.0415877508653203 -0.0741570898683384 -0.0400086243767809
-0.0289206419296899 -0.0306104006866884 -0.0753453208304051 -0.0337795684972597
-0.0372044188504678 -0.017723559792126 -0.0720016843071433 -0.0340662432218596
-0.0416385798759395 -0.0195002937878827 -0.062947489789493 -0.0565437807840248
-0.0308357674433649 -0.0390437476729231 -0.0318663999908952 -0.0864428984947507
-0.00363337751557813 -0.0553359333009701 0.0260418066630623 -0.0970545705770914
0.0432992844772864 -0.0537438261890512 0.0821457052610464 -0.045286355551917
0.0663634973546185 0.00989127511271118 0.0795790107178421 0.0180896632035754
0.0324132224861681 0.0601576960796065 0.00143926744853594 0.0274434438014895
-0.0075622771084743 0.0652122438003171 -0.0218717529662564 -0.103118343232909
0.03050693035108 -0.0143965075814116 0.0423526784820666 0.114445541565832
-0.00103342543832549 -0.0331808842913838 0.0355723466253669 -0.0294613859440629
-0.0281094129739239 -0.0125640023206529 -0.0829559497566656 -0.0368624303362177
-0.0218513661651065 0.0192966289600906 -0.107258878341889 0.0469830586333412
3.69115184852202E-05 0.0194081092934436 -0.0410797025410433 0.122495822966106
0.0046664940168668 0.0110255726037821 0.0394165403803505 0.11059275552216
0.00739088391281969 0.0113139163771282 0.0756147852605653 0.065164316171688
0.00694567923973078 0.00803724102772909 0.0838071140509113 0.0382488809536237
-0.0031183983585662 0.00910942149535094 0.0868873772939238 0.0283941944009671
-0.0107563543617948 0.00323796123635407 0.085726047059617 0.0370873695234276
-0.0102878906197813 -0.000888829647376047 0.0743673249070965 0.0595761870160571
-0.0123502559056351 -0.0161774522700125 0.051749565341007 0.0965777148299849
0.0125641754147132 -0.024631907718557 0.00731672869976919 0.125839692455433
0.0414604968641011 -0.00693980624844161 -0.0275789336526612 0.148777492304367
0.0387106541823428 0.0164459270155317 0.0213660193750015 0.190343734122001
0.0553903765367444 0.0396184253979695 0.0211188746822447 0.117970020963558
0.0432579635287577 -0.0015609001811587 0.0354487826651583 -0.0268978671552674
0.0187298291491565 -0.0239462281583626 -0.0834213481053865 -0.0460643328643496
-0.00102349854660689 -0.0224392204351563 -0.118338434777135 0.0412710624329781
-0.0045427845450163 -0.0177982001093083 -0.0541331685657611 0.124222078615965
-0.0154454306184301 -0.016907473803486 0.03209242953788 0.113346206629101
-0.0235943813552713 -0.00356293939198603 0.0694657512481551 0.066826081279785
-0.0233477104061112 -0.00251122726910964 0.0771289989694458 0.0375042455659421
-0.0323564675992504 -0.00766229063723426 0.0812811964974721 0.0224807172607472
-0.0266701901215488 -0.0316444300631914 0.0830615058728319 0.0263709443646674
-0.00285183059199769 -0.0398645262157672 0.0792430247482614 0.0472820266286527
0.0241904648915642 -0.0496137661725815 0.0649492099095459 0.0852817441229412
0.0637106258198661 -0.0176020374575685 0.0276791080512087 0.117057060137178
0.0773862697666801 0.0440529509942198 -0.0102744321381565 0.130502700075608
0.060363599673562 0.084782920899774 0.0238318456804375 0.158900143407108
0.0666124151198093 0.093100151727564 -0.00248842724291628 0.0974145111543981
0.0812721473554626 0.0429426863229877 0.0325222208554643 -0.0361513088742297
0.0709655471842418 -0.0223997537587028 -0.0823687361365532 -0.0630431959014614
0.0314911662777903 -0.0626743615707113 -0.128072409135625 0.0251098751780105
-0.00341039140454557 -0.0595525320583274 -0.0712794853235464 0.113783082862633
-0.0313670889549406 -0.0490094073911526 0.0159665099233048 0.105766168966347
-0.051581517128235 -0.02150324685535 0.0523687210723579 0.0609710464755761
-0.0507965486271935 -0.0120717780049158 0.0593564800119866 0.0319861991838293
-0.0581134403278056 -0.0191178322591511 0.0640772026612173 0.0117197214157569
-0.0448064290731367 -0.0563196563405033 0.0717671626569327 0.00679217954336778
-0.00675432437988321 -0.0726552175797208 0.0800850510751302 0.0211867115085137
0.0418040167350338 -0.0873443756348229 0.0814003013734596 0.0619978203783573
0.103306411809552 -0.0281431920876977 0.0538362018484505 0.101417396980324
0.112351567783925 0.0705026302220462 0.00597575046243187 0.108630634294552
0.0831186024970296 0.131750211871635 0.0204771010193 0.109883845868119
0.0621870418449968 0.13562749544597 -0.0242241005890041 0.0516482659890599
0.103700406277683 0.0923414202727926 0.0267453580845549 -0.0575522441429328
0.117822696204673 -0.00589514480092566 -0.0746111545004367 -0.0854977678439528
0.0703383789435053 -0.0890006203406642 -0.12937491430682 -0.00240469986248268
0.00545670482298815 -0.0959496517653364 -0.0853901573123885 0.0868089999759682
-0.039184617472979 -0.0781628471085024 -0.00697786332066877 0.0867480142616546
-0.0712435704297614 -0.0398145041701536 0.0266367631929865 0.0473378575094792
-0.0700345184869892 -0.0205007952646367 0.0330405304718251 0.0219825061605601
-0.0759344285874356 -0.0244322718868953 0.0388854329954652 -0.00182735833661365
-0.0595526970602517 -0.0686443596708872 0.0507256963045328 -0.0153970816502747
-0.0166242993470075 -0.0921294437245499 0.0723151812009337 -0.0102670073833532
0.0441525071046421 -0.115991698870863 0.0908919357911008 0.030386354970181
0.123951159750438 -0.0443533955473737 0.0748128748833801 0.0781192869104193
0.13384839544898 0.0760860578623738 0.0140542778600144 0.0859726842427801
0.0962963545301204 0.155017803446864 0.00867051374568698 0.0551449472826233
0.0447550492135793 0.154361500660313 -0.038316354146844 -0.0130334338122766
0.100352973039519 0.129711947264124 0.019953830791542 -0.0884547339737126
0.141164052538538 0.0221410183696992 -0.0577606476888348 -0.10842713123191
0.101854155134448 -0.0924301817090444 -0.115718314651778 -0.0356806296897551
0.0195253885334834 -0.114191475415812 -0.09130581663584 0.045046999619798
-0.0385652320887959 -0.0953709379292074 -0.0311770484851285 0.0548768872366077
-0.0785255087155968 -0.0524764113238258 -0.00434574614088613 0.02667710247927
-0.0793264017559605 -0.0257789554860632 0.00225383959691243 0.00800269721866845
-0.0836992089540405 -0.0261466492542073 0.00921304256786928 -0.0156398028896563
-0.0666469920900448 -0.0701120771629975 0.0245513835195305 -0.0358068883882454
-0.022206261061982 -0.0974820282972095 0.0558926715381916 -0.0391339875526431
0.0419085592972213 -0.12505325807219 0.0889641966154074 -0.000193289792041491
0.126176052809263 -0.0502768783948879 0.0846117708927968 0.0530329916889344
0.132810997293101 0.0742513922622967 0.0138965772928273 0.0653671051409978
0.0925756859537754 0.155349523710016 -0.00775889597877262 0.00228175103195293
0.0210134137880901 0.142054700154804 -0.042305007319961 -0.0835231231455982
0.0728752383767653 0.138571287941366 0.0164192158293575 -0.12130303810783
0.129396104825423 0.0456364369637912 -0.0351093771438336 -0.124177776966372
0.109230477193074 -0.0733347264028226 -0.0904538865403051 -0.0659490850795267
0.0300742478605047 -0.107972670693115 -0.0851998781096141 -0.000266197077194977
-0.030171514951172 -0.0943248164659407 -0.0514075096761134 0.0169695595807452
-0.0726301157561636 -0.0550327525427064 -0.0348946250257977 0.00309611115015792
-0.0760133630713914 -0.0270280659301083 -0.0284182296488991 -0.00662867214811509
-0.0802148760920679 -0.0251834503155383 -0.0205475954895659 -0.0291157535419588
-0.0631758880341275 -0.0648512813810154 -0.00172676123338525 -0.0527325879011581
-0.0210062172513769 -0.0914610185828111 0.0386675066336352 -0.0624636095667921
0.0416789447988309 -0.114812659322441 0.0820322932761368 -0.0225508244234538
0.11564693282434 -0.0390785007135113 0.0842781653037553 0.0331055012836573
0.111296859114914 0.0729324129740119 0.00842144946660402 0.0488663912987048
0.0700770056269108 0.138870948245993 -0.022367000743283 -0.0431852670508144
-0.0019141592424672 0.100364965198623 -0.0387238153700444 -0.144146125247882
0.0347881566455714 0.111158322896825 0.0141600105427112 -0.147500088175211
0.088881118805896 0.050183207065198 -0.0137363774051395 -0.131049840638138
0.0872648428013901 -0.0444636319886031 -0.0636316907595751 -0.0855423543973613
0.0298362110796519 -0.0802329556356165 -0.0747174522779692 -0.0370738221980628
-0.0192674917111765 -0.0740794705688182 -0.0660492234710963 -0.0167328591350656
-0.0556648255955235 -0.0460505553174862 -0.0603241052180187 -0.0176036806444534
-0.0612444182624503 -0.0231705210244812 -0.0549419608743712 -0.019701744080567
-0.0654760369541458 -0.0223695434360495 -0.0464417415559578 -0.0415863455385623
-0.0507928775974611 -0.0534771677473328 -0.0226568587415797 -0.068812371151751
-0.0142162917323132 -0.0768119744199054 0.0261381575000018 -0.0810289506160323
0.0426895230276952 -0.0893258716109731 0.077536553267135 -0.038006549414727
0.0952129635619034 -0.0170307362560665 0.0808836597693584 0.0202873919408801
0.0767541359371138 0.0692139961449388 0.00383876108549577 0.0350720919939219
0.034900910019064 0.108089532155938 -0.0297033996338153 -0.0785281937865636
-0.0222418771752523 0.0403722741924413 -0.0334043718001849 -0.182573975909917
-0.00316120082054235 0.0590492784161349 0.00898282430142967 -0.159163418769686
0.0364166600793773 0.0366273028113836 -0.00210055936490623 -0.131766532550734
0.046467984343956 -0.0160314824499316 -0.0480194841578722 -0.0944566492189545
0.0203122619173643 -0.0410326564287403 -0.0678067471414565 -0.057415954212895
-0.00687569957738943 -0.0411549190449471 -0.076135018297634 -0.0361599547025945
-0.0297888760937463 -0.0287565161173149 -0.0772138449039667 -0.02918540383805
-0.0368712311054594 -0.0158894285199208 -0.072960689498119 -0.0296471163649675
-0.041087271063425 -0.0163731336119516 -0.0652572576928436 -0.0520043159960085
-0.0323068579802573 -0.0368793316669587 -0.0352567237634288 -0.0833448464409915
-0.00628632876415457 -0.0541298369610538 0.0222500654963341 -0.0963826500915665
0.0395011806372674 -0.0552926037697685 0.0797201609088978 -0.0474689473946532
0.065238281690085 0.00640572869037122 0.0792157063251904 0.0141178569921362
0.0340929417171834 0.0581931232176957 0.00238810686514332 0.0274265800059378
-0.00515418181633489 0.0641456274297385 -0.0272220488329489 -0.0997937595186028
0.0284100381790308 -0.0139657394613135 0.0440851646885892 0.108361430945384
-0.00162604632989961 -0.0317578732028296 0.0339766649896597 -0.0296784216977819
-0.0277535686532728 -0.0117429800574809 -0.0811705818317121 -0.0338018441088919
-0.0206204953619015 0.0193224272226949 -0.102815479071753 0.0481560956889713
0.000291043392933454 0.0194272216055423 -0.0364259859789443 0.119967578813823
0.00446247871878905 0.0108534587145308 0.0413661526620297 0.1062122974567
0.0073703948778185 0.0107955638973312 0.0742132368320027 0.0609228627613056
0.00653111267591938 0.00758285373163044 0.0825663336984785 0.0345297865865954
-0.00268615379712247 0.00902687343313967 0.0856044159386981 0.0246507826257691
-0.0106041519389522 0.00354606573622399 0.0846018045609773 0.033390893418241
-0.00969832334246198 -0.00116345777366643 0.0736542482197022 0.0559441123730102
-0.0122245877762799 -0.0155201049228619 0.0522231099780689 0.0923426333683463
0.0115865379115142 -0.0241745058928634 0.00860523272563927 0.120952499337618
0.0402102628734848 -0.00828385289396293 -0.0244099674302864 0.144356697601275
0.0370363659340104 0.0157584905372403 0.0257253709884914 0.182858135381794
0.0540913537250012 0.0369358925394544 0.0237442056283434 0.112557132841812
0.041466969751598 -0.00260461673567027 0.0344356439236266 -0.0277790341197666
0.0169584761153732 -0.0241913664830014 -0.0818887710654625 -0.0431975654195979
-0.00175220420265304 -0.0214429725720763 -0.113669057700481 0.0419011366699336
-0.00572110834995918 -0.0167412413632792 -0.048960468379893 0.1219521340507
-0.0157309130230245 -0.0160052285727305 0.0341020764587249 0.109001571350826
-0.0229214553573836 -0.00241800443745753 0.0686627984881828 0.0623873103135324
-0.0226598140066847 -0.00171583367721392 0.0758649690361145 0.0338702574805125
-0.0318336135064019 -0.00606954742836683 0.0795457928551263 0.0197181320986529
-0.0274687192597356 -0.0302581589553526 0.0815067591964858 0.0235420987033855
-0.00389407630188544 -0.0389905665772185 0.0780814769762074 0.0437992707981669
0.0220135614610175 -0.0486104838028933 0.0644124911605325 0.081195578380508
0.0608029578961792 -0.0184133669385447 0.0282897006048388 0.112210691309888
0.076065494143532 0.0403200058346987 -0.00730235939529725 0.126832089898549
0.0593773714613759 0.0807537111071866 0.0272828922836362 0.15256170191724
0.0659451338993758 0.0881259799684838 0.000639841941383095 0.0935028683504088
0.0798184563013948 0.0392934171122569 0.0312844567174947 -0.0361987579730796
0.0673751330595782 -0.0240688905893691 -0.0808886971984795 -0.0595307970340623
0.0280696584220541 -0.0606646104602766 -0.123514026650481 0.0267759472118694
-0.00601639565656911 -0.0571460489907987 -0.0652088105700223 0.112452252481663
-0.03210770775614 -0.0464889790268577 0.0179957528548641 0.102926434889489
-0.0505246067336452 -0.0191031871368241 0.0518789154265765 0.0576158231917195
-0.0490160921616372 -0.00992801830544161 0.0584999357356358 0.029423393972181
-0.0564447684007316 -0.0158179343296527 0.0630612812767471 0.00879153814727472
-0.0460088007071975 -0.0531715587399206 0.0700809415130358 0.00478067299520573
-0.0086847257809348 -0.0701228005936648 0.0789235887778335 0.0184588830786094
0.0372443370171836 -0.085351335337374 0.0801416880271318 0.0579856666218081
0.0992773198338746 -0.0296699838830146 0.0533822009465285 0.0964925479053319
0.110690147729219 0.0652710334522381 0.00787170648270669 0.105172638657826
0.0822295577571103 0.125087930194287 0.0229204821526596 0.106679275321574
0.0633366218748777 0.128599648435181 -0.0213294700276125 0.0505933018973649
0.102490512847971 0.086247404473636 0.0255868882919085 -0.0563113450550259
0.113034935947562 -0.00890755079916219 -0.0740138714146326 -0.0811649300965556
0.0645166560754177 -0.0878909574854099 -0.124999344268686 0.000640436445513694
0.00146883285248028 -0.0926524608828036 -0.0800718287278616 0.087141461615941
-0.0411224309398856 -0.0744966506173625 -0.00460410944115799 0.0844272148457754
-0.0697387783815712 -0.0358797551561428 0.0263295351337208 0.0451577621981276
-0.0677251986033839 -0.0176570289127806 0.0320247201723356 0.0200612171916306
-0.0736978100654751 -0.0204979121464101 0.0377888486399275 -0.00325635002911781
-0.0607205917289801 -0.0643044528144029 0.0495299233754922 -0.0159237344840587
-0.0186636853437333 -0.0885959444157244 0.069997938248252 -0.0120640904174292
0.0386086261234364 -0.113014436531706 0.0879518069340197 0.0277600610794983
0.118419644536658 -0.0467169705844808 0.073096702109262 0.0728298239187791
0.131687551825966 0.0705509338126423 0.015273094043447 0.0827851981277962
0.0959245918154647 0.146302335126176 0.0091111506352257 0.0541226969182477
0.0467871360471908 0.146518881948809 -0.036945487598938 -0.0115222301872058
0.100303779833186 0.122890700975772 0.0180903102875175 -0.0854657857303217
0.13604335705196 0.0173722194700981 -0.0576554880921531 -0.103016515769465
0.0950459835462112 -0.0913246857258243 -0.11217072093637 -0.0317746395207503
0.0149768810880253 -0.111002429105623 -0.0860603834771367 0.0473370232030945
-0.0407995362054865 -0.0915419895337661 -0.0285726141935303 0.0543372573726581
-0.0773015814915796 -0.0479986422403039 -0.00454406113527085 0.0260887157446022
-0.0768853087501181 -0.0222234035838236 0.0024957537065628 0.0086267845290823
-0.0812087125992373 -0.0222515505240316 0.00898782275434109 -0.0154600942002864
-0.0670327859971875 -0.0659357076557435 0.0234801284354732 -0.0345803907654433
-0.0239295399672737 -0.0934034080068369 0.0537472218474278 -0.0399412554921626
0.0356606816921596 -0.121858260994164 0.0867922621895909 -0.00155364078815996
0.120649533161962 -0.05234288645293 0.0820625609018815 0.0483828127604278
0.130554118196984 0.0682295451192134 0.014279855386031 0.0637015554607031
0.0925062344510197 0.146824086897245 -0.00851085582296323 0.00343000563159568
0.0236766216394233 0.135812234509731 -0.0422826937889978 -0.0791586488701014
0.0734545022252066 0.131718215426483 0.012994508180941 -0.117092129679774
0.125197297629691 0.0404305259776627 -0.0359511614863512 -0.118973333971169
0.102395874855298 -0.0728236812236642 -0.0883920766666389 -0.0617921715469258
0.0252758618447343 -0.105015804717645 -0.0817278819933124 0.00259909083758533
-0.0328523800309237 -0.0905740737961657 -0.0492433570183968 0.0177827959734455
-0.0720364850459869 -0.0506491968015575 -0.0340703591815301 0.00439631954595233
-0.073808557457531 -0.0237113704919575 -0.0278334679211791 -0.00468231826313335
-0.0772017383170805 -0.0211143656308809 -0.0206898466696514 -0.0275054157742897
-0.0633448248158518 -0.0605460623767933 -0.00216164496811164 -0.0507189463563517
-0.0228875515192774 -0.0878538638318897 0.0361672111666411 -0.061806360568306
0.0361573172372453 -0.112297624406418 0.0792972055156079 -0.0231846660856198
0.110349027497057 -0.0409283763683465 0.0820006688801423 0.0293814049037616
0.109376396171312 0.0676987896338935 0.00923029656787279 0.0469317191742571
0.0705131737208733 0.131826455481903 -0.0234632029940698 -0.0400296989968816
0.000687248296565984 0.0962298508107578 -0.0402019018991403 -0.137937576598012
0.0366050146096535 0.106369117619518 0.011116386682821 -0.141814952296979
0.0869008730878831 0.0459888973327524 -0.0147854287669846 -0.126401208303137
0.0820371339220145 -0.044805184735095 -0.0629554865508461 -0.0809353002407154
0.0256149132624298 -0.0786334491002415 -0.0728362221186969 -0.0332534805027
-0.0216511092340933 -0.0711240752252971 -0.0647432236699292 -0.0140711976483049
-0.0552850026675454 -0.0426482324296222 -0.0595298048100138 -0.0141890613726003
-0.0592789343818823 -0.0207372609818216 -0.0539989378658851 -0.0165364528185112
-0.0629396143779979 -0.0188892638893533 -0.0462951157702775 -0.0387001358144646
-0.0510597689842673 -0.0498594510405908 -0.0233491636089096 -0.0654364718941445
-0.015960151853745 -0.0735447999538758 0.0235970503076198 -0.0788244385685557
0.0381902439519355 -0.0874182274474449 0.0748586672290889 -0.0380095237025939
0.0912688463527494 -0.0189143921281047 0.0785688478887282 0.0167874799882205
0.0753287052408841 0.0649421392633048 0.00456875218201942 0.0345602673308973
0.0364073828605949 0.102790773783486 -0.0316643472272045 -0.0734905569962552
-0.0204331863801182 0.0392604402630519 -0.0365267902905064 -0.175255847999267
-0.00183613408760209 0.0569384313840537 0.00540817589886577 -0.15307988601433
0.0362566253553264 0.034082256232704 -0.00335550356603879 -0.127279567020184
0.0440832406167755 -0.0160866202253853 -0.0480061227407737 -0.0904209144165908
0.0177363248120897 -0.0405270265751616 -0.0673925363486617 -0.0541526776639739
-0.00823445411410859 -0.0395873241656347 -0.0748039599432437 -0.0325499258108006
-0.0295127940595637 -0.0268348234561135 -0.0762740130802944 -0.0252718122128558
-0.0355403852140442 -0.0139287026630518 -0.0716455500679122 -0.0252726530356706
-0.0393798276125472 -0.0142285904930101 -0.0644140251994214 -0.0477910292849273
-0.0323109826039035 -0.0343225905555533 -0.0361554599926683 -0.0792045949626496
-0.007167391060769 -0.0519303814666101 0.0193515287322557 -0.0944246332913706
0.0359665329985899 -0.0540661327791781 0.0761492892423447 -0.047357103766247
0.0636732408116595 0.00423975821214501 0.0768141941213169 0.0118089475716545
0.0341287658599017 0.0557683372521474 0.00298436721829378 0.0262511114346731
-0.00293964625033287 0.0615306801843064 -0.0302788385019985 -0.0944540992761489
0.0296192162522724 -0.0122126399008486 0.036492884334467 0.105572662020065
-0.000115717500740979 -0.0310308297583065 0.0342955249905497 -0.0277009181196938
-0.026202903222974 -0.0124132575001057 -0.0761530338770773 -0.0363381731274261
-0.0198202225219005 0.0183409578567069 -0.102496240106424 0.0415106696079895
0.000526116740242575 0.019092181427038 -0.0394849275198221 0.114465210867547
0.00382200167059978 0.0105311270279644 0.0352186926633789 0.103833878262099
0.00724927453167432 0.0117893114290506 0.0693925859396573 0.0621041973421808
0.00580731547790122 0.00762688577272742 0.0788410781662282 0.0357537281836563
-0.00258054247907166 0.00920195494431513 0.082316768614152 0.0262858643296664
-0.0100713152049676 0.00298795680808367 0.0808171238395637 0.0349959321104738
-0.00897543010786069 -0.00140506589570271 0.0685327916986007 0.0572892851235341
-0.00957232517971227 -0.0141070393545838 0.0453708137005225 0.0903694353495578
0.0125442149487342 -0.0207231524586975 0.00102652156022605 0.116302733666045
0.0388649290840753 -0.00451210951266513 -0.0323067291238193 0.139118271656479
0.0361017509359865 0.0183525518215795 0.0127208480167466 0.177799419371561
0.0513314663424029 0.0391875415499843 0.018793454599332 0.108188032450849
0.0402576180223858 -9.86994257013454E-05 0.0350222433600769 -0.0267218123254807
0.0175547912813505 -0.0215331884235366 -0.0772558702415957 -0.047188508749265
-0.00012495277058574 -0.0196684385461596 -0.11261831111088 0.0337468346184233
-0.00333722755157647 -0.0164319222842423 -0.0530170502834983 0.115226162736127
-0.0143479511792854 -0.016298380808656 0.0269882494238038 0.106022923043173
-0.0212856466560158 -0.00268362847094434 0.0630870321811958 0.0632255402410185
-0.0221084501331279 -0.00271545836848356 0.0723342400195465 0.0350520212052946
-0.0304678461751992 -0.00652858287130688 0.07695417655399 0.0204204002776423
-0.0263678292319495 -0.0303952597362359 0.0789167199656594 0.0247388859567185
-0.00133929466501563 -0.0389190044851465 0.0749673180314599 0.0451227879024117
0.0242514241469272 -0.0446838740426755 0.059853865270693 0.0806493338956928
0.060705849420741 -0.0131036837329323 0.0212035306646686 0.110160210027319
0.0718867643887504 0.0442568375754036 -0.0160928681202155 0.124079661572335
0.0557203027398056 0.0812372949655293 0.0147086719010482 0.150112871000137
0.0594596639861609 0.0903588952446511 -0.000174440032213192 0.088897343128398
0.0746478198475056 0.0433821294316033 0.0340969305294102 -0.0360643248181956
0.0659319020545955 -0.0176066276609515 -0.0744169949482246 -0.0649513613482123
0.0304820201743745 -0.0550397972409061 -0.12145067451637 0.0166863307265813
-0.00114701799816895 -0.0551924407695714 -0.0691623230640284 0.104380796714922
-0.0290531979059221 -0.0469065551613178 0.0107874319401914 0.099435180988559
-0.0471633516474721 -0.0204638836575273 0.0467719896142899 0.0582441830642692
-0.0472510619831723 -0.0126378593898554 0.0551346614508026 0.0303789202785424
-0.0540622093009134 -0.0174981744000151 0.0609585435166761 0.00965648283128388
-0.0435669279194824 -0.0540006820313223 0.0687931961280871 0.00621232449049589
-0.00483268144718426 -0.0698703409141631 0.0776380048907048 0.0201715453416985
0.0407537008059626 -0.0799276524328022 0.0782409199828412 0.0583610204936206
0.0985728931294259 -0.0229775840086586 0.0476187657656268 0.0966898246650346
0.104691284448216 0.0696770716220993 -0.000374640183623463 0.105119502434954
0.0760439455247824 0.124357620094652 0.0117346432582109 0.106869149046591
0.0531320385703095 0.130186213578783 -0.0171027276373729 0.0469684141683027
0.0934992882463584 0.0909017829034057 0.0306260073688193 -0.0560658589447864
0.109245263295966 -0.000278786015312882 -0.0651950856995326 -0.0871257401417946
0.0664732269531792 -0.0783010692943846 -0.121936732555298 -0.0108537036335063
0.00774421796618536 -0.0889315945216351 -0.0834054172275309 0.0780823046693819
-0.0364402030703067 -0.0745820719925357 -0.0106360106421386 0.0808471925933072
-0.0655659796610705 -0.037893190332969 0.0210070459899917 0.0455383873250812
-0.0656648746551604 -0.0209190819664293 0.029996744367225 0.0204833745420688
-0.0711482708108163 -0.0229160734259978 0.0370829885462074 -0.00300064343903591
-0.0574477318178606 -0.06548448603097 0.0493457578221384 -0.0154744745923037
-0.0144876180370273 -0.088408573136872 0.0715343964345395 -0.0106781829557894
0.0429203628382526 -0.107457643209708 0.0886613229875215 0.0287182003177509
0.118502671577704 -0.0383867855299686 0.0688182523974326 0.0764488712617991
0.124614951252798 0.075403041056464 0.00776686831170195 0.0849597605379029
0.0885783246032133 0.145485908950002 0.00136738382324953 0.0563274950055205
0.0351385347098175 0.14757677695172 -0.027993349922073 -0.0126048212615622
0.0882192427693644 0.127115046561427 0.0268018084057181 -0.0845223638178471
0.129619315518588 0.0274470039646695 -0.0469638444600017 -0.108183744815965
0.0950482056377302 -0.0808260909042678 -0.106631161472527 -0.0422759639191588
0.0207642996591018 -0.10517228975216 -0.0877437372640818 0.038649062531302
-0.0351564565961137 -0.0908003993330109 -0.0327595241390204 0.0505100670397594
-0.0726717402113046 -0.0505139792409397 -0.00839829931463815 0.0262696164644461
-0.0742702194815643 -0.0260394997117833 0.00111740601191958 0.00858699064653455
-0.077857668671992 -0.0244160494945121 0.00901696301779801 -0.0158749226170553
-0.0638685407006742 -0.0672873247033248 0.0248102800629359 -0.0345251963074315
-0.0199856959839648 -0.0936087036211048 0.0568339879691377 -0.0381367420294862
0.0404385242032154 -0.117390625064162 0.0883187911855327 -2.70330829436896E-05
0.120851683927337 -0.0444916468607861 0.079170074619391 0.0532366532270677
0.124389964527577 0.0738371376286687 0.00857720679472508 0.0661141623379516
0.0846554009751214 0.145479534693369 -0.0120629029409555 0.00722588910143343
0.0126009380004703 0.135568969409445 -0.0297930241210275 -0.0779146410976133
0.0620827748743614 0.133869983834536 0.0240810402606017 -0.1141904631474
0.117510605543982 0.0493556847429177 -0.0241241806141961 -0.120962979974877
0.101157463518657 -0.0630467272300399 -0.0809013459321787 -0.0695378754011241
0.0301422179226266 -0.0990642906563593 -0.0818540698655515 -0.00454470355713628
-0.0276487755253336 -0.0893422880205205 -0.0512296146132975 0.0141024810856011
-0.0677973674055025 -0.0530898184441799 -0.0364634107118209 0.00393471066744018
-0.0709870684698316 -0.027337961049 -0.0280771396973071 -0.00486325842667748
-0.0742538019222672 -0.0237261134176185 -0.0190995721782101 -0.0284342834404671
-0.0606133047621136 -0.0614932828137585 0.000242154702133631 -0.0502622543117389
-0.0191350437014165 -0.0880624030282845 0.0407010741851436 -0.0600531466019615
0.0396240560365515 -0.107169412700518 0.0827948172506471 -0.0208016578941889
0.110620980830269 -0.0340944006918694 0.0793605481867073 0.034690739401299
0.103660512662621 0.0712680918604445 0.00473450069418774 0.0498582257590765
0.0633308675104076 0.129514369760765 -0.0239358330123309 -0.0360519852189713
-0.00771219135833326 0.0956665455398042 -0.02642246996812 -0.134026576014562
0.0267695587789434 0.107055734799711 0.0223482393571821 -0.136675330854485
0.0796205154788749 0.0515399498944346 -0.00359949854918533 -0.125739956494414
0.0802413457563305 -0.0368335760984812 -0.0550993441619521 -0.0857307186737553
0.0283990532267941 -0.073559281619446 -0.0707881719086025 -0.0384372242764459
-0.0175855261910579 -0.0701656807058854 -0.0641764147639774 -0.0171088741881981
-0.051785205371467 -0.0444332271532766 -0.0596472823792265 -0.0149277666620314
-0.0570737497872874 -0.0235712973207847 -0.0521457515240738 -0.0168110298623594
-0.0603048092499387 -0.021033547980941 -0.0437209820765415 -0.0395255954717115
-0.0483695916460386 -0.0510363486276296 -0.0199461484419914 -0.0653562556399179
-0.0128038083909245 -0.0734498455956938 0.0288652819206592 -0.0771371305898076
0.0406103182782321 -0.0835564864447006 0.078330090491973 -0.0347302901698214
0.0910609971552134 -0.0141695872485878 0.0759556816652703 0.0225510055008505
0.0700395955837958 0.0671184854078827 0.000577205331295883 0.0361997678643298
0.0309755696605645 0.0997452394361705 -0.0293297982781172 -0.0697023863678515
-0.024848720945554 0.0375475213357613 -0.0231901300911753 -0.170217153052477
-0.00709754461988348 0.0558411702801558 0.0164274309339932 -0.146387657711892
0.0310798777098581 0.0361465082904444 0.00627035614594032 -0.123848429441847
0.04158532280665 -0.0114195200897768 -0.0406452246781128 -0.0917505599518744
0.0190686484383335 -0.0367556716090256 -0.063395104063036 -0.0568662983923596
-0.00624030726643588 -0.0382576262196017 -0.0720323867050047 -0.0351438278200196
-0.0281677477487998 -0.0275673258479101 -0.0748673642799377 -0.0264472602762852
-0.0338276801229181 -0.0160906801395896 -0.0687268781328909 -0.0255790992683606
-0.0378386124475799 -0.0156277799387259 -0.0602663380600639 -0.0487548085875772
-0.0310182215605369 -0.0348839309487731 -0.0319700033411844 -0.0786488144620188
-0.00543718332031488 -0.052034687392124 0.0241799180366833 -0.0912423130471216
0.0380221462950175 -0.051297154889799 0.0792668653498736 -0.0425703184066144
0.0629258464857668 0.00769940893288624 0.073741938853664 0.0174298603390291
0.0306108802917131 0.0560562775688579 -2.51138301204976E-05 0.0274335586457096
-0.00580680548290496 0.0589295303155157 -0.0255509910854759 -0.0908487072704017
0.0291402915009791 -0.0107619706059365 0.0341713535674298 0.104766337093018
0.000544440897464162 -0.0309552088659444 0.035091454832705 -0.0275049545274141
-0.0259153936126772 -0.0129611049215446 -0.0748088770177617 -0.0379227112389155
-0.0197585088327325 0.0183399730090023 -0.10345806016639 0.0394546911756132
0.000149277273462086 0.0188940801029469 -0.0410888411301796 0.112994847015558
0.00386103943774242 0.0113938632184274 0.0338826175568039 0.104244349943261
0.00713695057210461 0.011803851383955 0.0681472516921542 0.0621979635630276
0.00547194090841241 0.00810595853982104 0.0784518401031894 0.035766036328211
-0.00276058742552033 0.00902371265305178 0.0822151702716386 0.0272408101699822
-0.0103779547652725 0.00308471929361077 0.0806878875347595 0.0360629617395499
-0.00825893695094865 -0.00189814438457104 0.0672239697091449 0.0586282569299603
-0.00924884925586851 -0.0139683619643019 0.042988660067539 0.0906660441746563
0.0125567592494349 -0.0202648263121551 -0.00237264047752332 0.115216446094268
0.0381937025455191 -0.00390942403545613 -0.0351331666297645 0.137683006883315
0.0353716161380362 0.0196587480792471 0.00950801253645818 0.176264961493185
0.0496880750737249 0.0398627469554655 0.0174435855332415 0.107170704047741
0.0404481562202682 0.00083122235974351 0.0363052433274105 -0.0262864515569347
0.0171889400649755 -0.021328642098237 -0.0755262040169302 -0.0483436650587197
0.000518726668694186 -0.019033760368884 -0.113234821206389 0.0310434454392756
-0.0033110928669999 -0.0158136912909482 -0.0538880752395069 0.113540977274471
-0.0145386564858349 -0.0159448645547316 0.0254261178895407 0.106024973955375
-0.0211760389555566 -0.00291550395078785 0.0615536521454891 0.0638330534195408
-0.0219033767480342 -0.00313874121081777 0.0717486112465548 0.0354846408071059
-0.0301247232994279 -0.00651641325391407 0.0763255822993083 0.0212642648451147
-0.0258694070255956 -0.0306173521375542 0.0789695445414179 0.0257274344473492
-0.000572731867520243 -0.0394055014294288 0.0740753594753517 0.0465993952833484
0.0247794219878699 -0.0441649338587652 0.0577684996256237 0.0812264867035055
0.0602832890762469 -0.0118047057750994 0.0174815311458484 0.109153227664834
0.0706707995374831 0.045004835694006 -0.0187913626227076 0.123342310727894
0.0532560398680366 0.0818230784929902 0.0117906486558934 0.149334175602975
0.057133701452454 0.090007462251889 -0.00115492687792461 0.0879289752077396
0.0735465681736923 0.0442094380471815 0.0353602849513577 -0.0354081192075025
0.0654947000251111 -0.0172681668138916 -0.0725739360573253 -0.065937916540312
0.0304055041590048 -0.0542632296779743 -0.121241786083224 0.0136672799708748
-0.00105645079013413 -0.054605939466075 -0.0693710728023836 0.103193212632852
-0.0284919069122244 -0.0467683553792704 0.00921191439577185 0.0991971717322572
-0.0465776619472952 -0.0208560138963396 0.0449329755220638 0.0585335439739139
-0.0464206791696769 -0.0128109498334685 0.0549220105642306 0.0304347839751536
-0.0530958194918074 -0.0179023562171429 0.0605574843105808 0.0101727831173751
-0.0430572277506412 -0.0544667881204224 0.0690349033123616 0.00689477510173304
-0.00399008734633158 -0.0699172386860145 0.0772770430397177 0.0211227946459637
0.0411539213750358 -0.0789077155819543 0.0760809600339302 0.0600239108563377
0.0982547087505899 -0.0211836885586782 0.0435720248376876 0.0968383779093962
0.103195892120593 0.070877225426958 -0.00316255657945685 0.104870173791532
0.0726495678668831 0.125441242248342 0.0096580455160021 0.106564039657468
0.0500311652156039 0.129361284934515 -0.0174780020902336 0.0460409972016885
0.0916640500385787 0.0917817796499045 0.0325912377654511 -0.0551386498908709
0.107399419416726 0.00145972878561701 -0.0622479942077943 -0.0877649883595499
0.066385245501394 -0.0767876168862904 -0.120403419597323 -0.013590391492996
0.00809174069390341 -0.0876201723253385 -0.0828854569678312 0.0770113543010427
-0.0358941570950431 -0.0743940150587467 -0.0116051120369181 0.0802344538981834
-0.0650796188338541 -0.0381880943664382 0.0200730751009965 0.0459320915846291
-0.0642613579392057 -0.0215513499529382 0.0299056294199778 0.0215796252318153
-0.0692999750573771 -0.0230162522696355 0.0367541664623198 -0.00271576145244868
-0.057198368188632 -0.0658372642843645 0.0500859695769822 -0.0144451417158687
-0.0128284030481728 -0.0885018989330536 0.0719593705087996 -0.00949079101491797
0.0431131890272068 -0.105742952461455 0.0874308084552687 0.0307907234458548
0.118405877445572 -0.0365116418306741 0.0656981316728091 0.076473562258819
0.122968040915834 0.0774171143595906 0.00579621129874679 0.0849517848874175
0.0842922953900738 0.145428199563498 -2.10129581438212E-05 0.0566895925678848
0.0320671809704993 0.14602530684496 -0.0265600252299588 -0.0128187756973546
0.0855316779638905 0.127451686681396 0.0293826852357193 -0.083018851018605
0.127462936578752 0.029376333870928 -0.043586265577111 -0.108111825907813
0.0948960330768694 -0.0783873619931337 -0.104921089075525 -0.0445795985496836
0.0210943579460984 -0.104111446124252 -0.0869539563244478 0.0377284978983604
-0.0349948036988336 -0.0910892532862561 -0.0333785565687816 0.0494340178735487
-0.0719953154989045 -0.0507421765484174 -0.00879021665134757 0.026601318646846
-0.072609916407522 -0.0267924510708504 0.000944255183008187 0.00954283059471826
-0.0763288532264937 -0.0251967916775356 0.00918697723598796 -0.0154479830947183
-0.063165074139079 -0.0673570304297475 0.0256969512706885 -0.0335472921321622
-0.0184385692457959 -0.0938328544990996 0.0573710247040742 -0.0375880810296758
0.0406842513438182 -0.115376876628496 0.0885004892306534 0.00256983484684979
0.120173189540457 -0.0426030043331971 0.0770546365672778 0.0539670488617323
0.122187128649294 0.0749296507971818 0.00681235696787586 0.0663859100386271
0.0804095652617255 0.145460252629948 -0.0130744514427654 0.00783992394430069
0.0100595240377543 0.133617193096632 -0.0274560571518057 -0.0770277313760839
0.0593676167971871 0.134429446069872 0.0274295673074577 -0.111805220876905
0.115098944739257 0.0508300992855409 -0.0208222784516735 -0.120754564043837
0.100869889315634 -0.0603476717260921 -0.0784705462679526 -0.0709957276394535
0.0306459505454832 -0.097874390029731 -0.0805191846319763 -0.00474802551807745
-0.0270749204835717 -0.0895426021226878 -0.0514453974692217 0.0134136538526081
-0.0670667080399985 -0.0531820720529559 -0.0371323146640672 0.0042037044561879
-0.0700103602552811 -0.0279949758881473 -0.0274245329978094 -0.00403674933396883
-0.0728412985807545 -0.0241765959657326 -0.0185015007596934 -0.0282312749909701
-0.059605240548985 -0.0618833937755318 0.00144936511149243 -0.0497934270044047
-0.017707057090598 -0.0880287526810517 0.0417067459476094 -0.0592500625137193
0.0399860662299243 -0.105753584239612 0.0830187138012003 -0.0185054431625368
0.110234850429088 -0.0324557496462445 0.0779335988205231 0.0351525025791554
0.101798712740398 0.0725605517163309 0.00304022013975276 0.0501952448480946
0.0601557873331931 0.129258709137265 -0.0241402870176064 -0.0349571428328247
-0.00965424321316021 0.094008815059962 -0.0226810446319116 -0.133667344326224
0.0248014497876458 0.106381007701116 0.0258642621229296 -0.134274850503218
0.0775026673433784 0.0524407028948729 -0.000300311309629455 -0.124629384092591
0.0795317476410036 -0.034780673092394 -0.0522382078595244 -0.0863081103284646
0.0289223650347173 -0.0725488033779283 -0.0693280247903991 -0.0389888514554097
-0.0172709118040928 -0.0696486023294258 -0.0638192131741828 -0.0180698148387848
-0.0513393237495121 -0.0451162558986389 -0.0597740964065891 -0.0148374585032096
-0.0556657777156174 -0.0240021279350272 -0.0519708814147031 -0.0166754011483699
-0.0588989699536228 -0.0217611018551969 -0.0429153361914443 -0.0389411663023586
-0.0477670633158984 -0.0510183163277758 -0.0182637976927967 -0.0647400325531164
-0.0122177986409595 -0.0731586579951272 0.0299697815131421 -0.0764080380855446
0.0406088222173063 -0.0825545723002735 0.0792350230897055 -0.0322648321185886
0.0907593629452605 -0.0126032661675699 0.0748251830249232 0.0236057366853331
0.0685962744143535 0.0677403101902186 -0.000202698067501724 0.0361436366958036
0.0285105025053824 0.0990125483852 -0.0291058916101566 -0.0684334132450958
-0.0256567396288953 0.0360729868058934 -0.0193765148160595 -0.168639519864078
-0.00849850738461739 0.0554852445777716 0.0200413835104605 -0.143383178694306
0.0300130501050625 0.0366568175893097 0.00985083098639084 -0.122588415772786
0.0411975577985853 -0.0106953399593572 -0.0375910458129945 -0.0922270977975619
0.0188331849400401 -0.0364823142877129 -0.0622145309260521 -0.0573783314369772
-0.00616878425776338 -0.0379279960271565 -0.0723974402598969 -0.035920769806003
-0.027538900816653 -0.0278051674192213 -0.0750301160922077 -0.0263697767632977
-0.0328700068608952 -0.0162786425965233 -0.0683558346586228 -0.025152944915635
-0.0368327044965495 -0.0158731064695189 -0.0597130163241543 -0.0480004648788737
-0.0299508290679979 -0.0347885903922841 -0.0303029493328152 -0.0780018347488364
-0.00462303892316699 -0.0514099955563564 0.0259042260141933 -0.0902791155755724
0.0379513739382176 -0.0506638046954594 0.0797440762006077 -0.0406848709685158
0.0621411314435616 0.00830523652503272 0.0728158204207732 0.0187322681545495
0.0290868268472136 0.0560407597480618 -0.00139054423041929 0.0276768938881941
-0.00703316792017979 0.0574731512730436 -0.025067843516959 -0.0894011343737929
0.029455105629541 -0.0103053851923749 0.0336788597918016 0.106555602752981
0.00135274021442473 -0.0315223326328628 0.0361803220291616 -0.0286678453098618
-0.0263071010039156 -0.0137014366239935 -0.0764926805145624 -0.0410044649314355
-0.019934443883475 0.0182181279430096 -0.107076157649961 0.0385492429271068
0.000351266372562134 0.0196806655263157 -0.0432033432863261 0.114947373198975
0.00387057740663609 0.0121922803399156 0.0337732779043798 0.107077583722213
0.00724029724052537 0.0121155524972817 0.068415353561833 0.064456712332816
0.00548383050152784 0.00805025080521119 0.0798057113500194 0.0361763981865159
-0.0032603582926661 0.00929958850138058 0.0843234539388635 0.0271992625142497
-0.0108698077837641 0.00323028449258302 0.082333708440911 0.0377996684935277
-0.00811893582507211 -0.0025683058327021 0.0678086353275326 0.0611691207180955
-0.00925715783879911 -0.0143511023254038 0.0420222968004981 0.093106928727471
0.013768424648698 -0.0204398671021161 -0.0062160932395782 0.117444737533663
0.0395213407043644 -0.00412404632728056 -0.0384492206843673 0.139992091768486
0.0353693395515915 0.0209620857121837 0.00800477382476692 0.17990231273014
0.0498454055946007 0.0409302157151836 0.0165117910217659 0.109049615034047
0.0413236628369345 0.00114020628546319 0.0381424983218474 -0.0274426877226654
0.0172603132005058 -0.0223148527911643 -0.0765030745034924 -0.0508724607538374
-5.71110367025215E-05 -0.0193145726314483 -0.116597144544608 0.0301247437415855
-0.00356298403633031 -0.0159930925925827 -0.0566810135784834 0.115501498272289
-0.014807533134054 -0.0160027579157963 0.0249189555700479 0.108980986361531
-0.021394411314269 -0.00280532138541621 0.0621809325456969 0.0654337151665763
-0.0223162963374201 -0.00333158934060693 0.0734876032296141 0.03642074241673
-0.0302524546873801 -0.00728385997550379 0.0780572718011414 0.021580699758515
-0.0268222681222709 -0.0312895487047952 0.0805505915047428 0.0272794117811102
-0.000186362909403351 -0.0404701008518032 0.0750069966238903 0.0490632080538964
0.0251971413001091 -0.0447075424728733 0.0572472093945878 0.0839411624790244
0.0618175091313279 -0.0113719188023455 0.0147547919669202 0.111974600833695
0.0715823114932907 0.0468811658707617 -0.021346075052559 0.125660946044558
0.0530449893873015 0.0847635272454549 0.0100460926643059 0.152273378034896
0.0563362945371112 0.0918603123334825 -0.00145497731291892 0.0895078997392957
0.0744910600776642 0.0458965447101685 0.0370179464061589 -0.036228755502401
0.0659795778585619 -0.0170648766300972 -0.0724434865845631 -0.0687718153303736
0.0311818140719881 -0.0547398502111191 -0.124162274574098 0.0121069474496677
-0.00135716973434809 -0.0552128789450063 -0.0716644904689704 0.104893538595765
-0.0295404555210029 -0.0473934178844724 0.00888032633322888 0.101589836681394
-0.0474409466383265 -0.0213247496496867 0.0452564006138858 0.0605238879719118
-0.047148593196827 -0.0135788995924645 0.0558760641358948 0.0317490367042315
-0.0539498712096883 -0.01828987286508 0.0616624758003956 0.0105382473369002
-0.0443481754658858 -0.0554524826552402 0.0705970742001623 0.00743961238460687
-0.00342149017313793 -0.0717642637035423 0.079005771496378 0.0228358103056922
0.0421516688848409 -0.0799945536311166 0.0767490682250842 0.062952595666567
0.100400955266974 -0.0204883469469845 0.0419813555792426 0.0995137420349055
0.104412030131929 0.0740305880506487 -0.00509298232917143 0.106957699126643
0.071395910478886 0.12836628278677 0.00828007484695549 0.108633746669066
0.0483716999047795 0.130944074661358 -0.0175468433863115 0.0467152963771926
0.092098380598131 0.0945505182476808 0.0353524599224454 -0.0556906533929416
0.108614407855959 0.00257738591587841 -0.0616489755639332 -0.0906589640755604
0.0679846261746277 -0.0772214817179866 -0.122762081340225 -0.0153742777890068
0.00810652994690913 -0.0889686826158164 -0.08441882769681 0.0780592714839994
-0.0370212722476922 -0.0755323641153353 -0.0127893551122639 0.0819716645663382
-0.0659321855012538 -0.0392885822800847 0.0198833125171203 0.0472550468262853
-0.0654764693939569 -0.0225039583657219 0.0307685832490673 0.0225810840044783
-0.0705258775413991 -0.023785666716756 0.0377881297625995 -0.0027411897251406
-0.0584920255312741 -0.0676040640870801 0.0518008424253846 -0.0141674547146836
-0.0122361449140835 -0.0911943464361213 0.0737710457505726 -0.00850012393331933
0.044473077376502 -0.108078920292329 0.0894271222271959 0.0331534948663961
0.120719568730391 -0.0359588691357172 0.065422464216108 0.0787564833019784
0.124683390403145 0.0808127289006471 0.00434306664657564 0.0871861548719973
0.0834548324086556 0.149594280312267 -0.00122136958755864 0.0586332656915551
0.0296208559880774 0.148301637374195 -0.0261141742907177 -0.013447821564803
0.0861344919315784 0.131410826687866 0.0324147044508268 -0.0839766511154993
0.12848856703692 0.0308676790388287 -0.0422287330768048 -0.11098137761475
0.0972225148279132 -0.0783590773231725 -0.105785128101158 -0.0474038715339606
0.0218762743352844 -0.105554603553416 -0.0883681068384849 0.038152248122911
-0.0356341754542959 -0.0927429685455184 -0.0349414428777826 0.0502343611132356
-0.073720991666407 -0.0520124107118145 -0.0092565932987252 0.0274687998352351
-0.0737874720867708 -0.027762964726085 0.00115142787813581 0.0102427206202791
-0.0775037204348547 -0.0259326511497692 0.00947074989434894 -0.0157412345017653
-0.0646909405483138 -0.0690933816889445 0.0273431227430533 -0.0339841832545636
-0.017881276812801 -0.0960721350237812 0.059657706755902 -0.0379418929045378
0.0412113785779874 -0.117558887448454 0.0907161395799956 0.00406606211259277
0.123283606450282 -0.0423826026076376 0.0770054205966656 0.0558352050332184
0.124230886587625 0.0784907875288007 0.0058079245708966 0.0677084938586748
0.0794948328979023 0.149135571760711 -0.0143126175728468 0.00887954106858793
0.007745882638861 0.135320009818248 -0.0259933360596486 -0.0790360428124969
0.0585880327024558 0.137738453343912 0.0309564753214913 -0.113288931613554
0.116034903464125 0.0530391028161731 -0.0179806361913934 -0.123433744911706
0.10303459476348 -0.0599444050150895 -0.078310484645755 -0.0740814028267595
0.0309855310253185 -0.099628026081229 -0.081547980662797 -0.00553928996546633
-0.0283460948716652 -0.0909748939570171 -0.0531818406220311 0.0133609724245903
-0.0684189075972245 -0.0546590613381391 -0.0381283593747424 0.0049430263458969
-0.0709942480998469 -0.0288099766773811 -0.0277493929035049 -0.00380022299617297
-0.0737093095487718 -0.0253975413959128 -0.0188601683448917 -0.0280414856355927
-0.0611946239250547 -0.0634554881632348 0.00251239990258477 -0.0509427365994291
-0.0174083148701614 -0.0902901989724044 0.0433974118751911 -0.0605501652489402
0.0408727143217875 -0.107784356099558 0.0857129041711802 -0.0175554611809621
0.112380712225432 -0.0324429356178254 0.0779882751343794 0.0373632511292554
0.102978250538046 0.0756749230214494 0.0021865802021136 0.0508478943686339
0.0589475766155846 0.131739080793878 -0.0252868529447948 -0.0348702184516765
-0.0115501474185193 0.0949736389523143 -0.0210043894414326 -0.136076974491679
0.0237240716417835 0.109072766520329 0.0293230685298021 -0.135487786155678
0.0778951773474271 0.0543788901690082 0.0029966139607076 -0.127300437379468
0.0815758057006307 -0.0341303844364489 -0.05196054044546 -0.0888040011391575
0.0293021525613019 -0.07361264165519 -0.0698504205440466 -0.0396890646958146
-0.0180513478442847 -0.0710493134385579 -0.066192540304739 -0.0188161606966932
-0.0521556325828818 -0.0458366623404253 -0.0617086583009221 -0.0149613414136833
-0.0565688817690765 -0.0249921302432974 -0.0529989970210138 -0.0157447101195777
-0.0596241128700416 -0.0225395392687506 -0.0432516395994898 -0.039518321028276
-0.0487803842032201 -0.0517987554052916 -0.0176042257818108 -0.0663553217311692
-0.0114658351132169 -0.0744971903983825 0.032124726155116 -0.077961912393892
0.0414443029083596 -0.0834862580927172 0.0814704093505227 -0.0322648099373179
0.0918792362840514 -0.0123620536931091 0.0752763854316391 0.0252243290941596
0.0692743645726279 0.0699304039618289 -0.00126802473943357 0.0373662879163454
0.0273940709586927 0.101071973239498 -0.0300133790615354 -0.0689054801107565
-0.0267318071656016 0.0364982222770143 -0.0163122568995363 -0.171840391239814
-0.00968600957428751 0.0562280419242784 0.0231166385370712 -0.144875438128228
0.0301384035636996 0.0374091594162392 0.0127264851551067 -0.125632490812896
0.0419131223469785 -0.0097551222718486 -0.0368171547132074 -0.0943040706418535
0.0191056236331397 -0.0369074931637282 -0.06325511359994 -0.0585414281836446
-0.00615046674327396 -0.0387680148422116 -0.0746940117588067 -0.0375394030036759
-0.0282426817599513 -0.0284252124001921 -0.0773295172962557 -0.0266602117950603
-0.0330435804291722 -0.0169293515002327 -0.0691397649273618 -0.0251529741890074
-0.0366774615843626 -0.0164612476363945 -0.0600306789360863 -0.048802192488658
-0.0301373029745407 -0.0353101626553263 -0.0296400634296194 -0.0797620358971827
-0.00449740006078344 -0.0524671408127898 0.0276794984844776 -0.0917020439901781
0.0387040856758839 -0.0512073325927533 0.082830832942601 -0.0405233942418554
0.0635187837495158 0.00893276481810784 0.073577197920604 0.019921558282947
0.0287363834892937 0.0573713211648647 -0.00204957763220481 0.0286118532280573
-0.00811483593631335 0.058056058131774 -0.025783090641187 -0.0898710361607856
0.03012253005155 -0.0102420780692649 0.036010921926877 0.109049400334505
0.00101727778917406 -0.0327455825708193 0.0376254212828002 -0.0301314893088585
-0.0274374407736143 -0.0140075590598975 -0.0795730997721883 -0.0419974090239177
-0.020698158666211 0.0188761882908036 -0.111545136548161 0.0412156198466331
0.000878826202572795 0.0202866850515355 -0.0434246350689182 0.119929096129857
0.00495379617137671 0.0130628859499447 0.0370684459631332 0.110529089615193
0.00845051286768659 0.0127374264180997 0.0722189149033658 0.0657294204149549
0.00587782528819205 0.00823188345563684 0.0837923789150297 0.0348833935154244
-0.00324241793504214 0.00971884961859318 0.0884366086240157 0.0263151041010615
-0.0116674535409305 0.00339192334906221 0.0866117847549023 0.0379941564272723
-0.00864053702949516 -0.00309224351902483 0.0710882341614633 0.0635170522832255
-0.00952775396536997 -0.0148588655048245 0.0441241629833903 0.095832825030157
0.0140864060561539 -0.0209784985319027 -0.00622845802790631 0.122691326711584
0.0406820354447231 -0.00454519537291025 -0.0393027711120763 0.145742798593858
0.036534829555833 0.021986061213389 0.010211996584673 0.185560037250604
0.0512063702953523 0.0420660830717719 0.0187532679517404 0.112214159251209
0.0430099512672814 0.000189423911169567 0.0395078333829901 -0.0290094660440143
0.0169835410333705 -0.0231926551823894 -0.0794209899072775 -0.0523142525946262
-0.000360330380957006 -0.0203420726081409 -0.121332681528704 0.0322054439136334
-0.00375774025251155 -0.0161647769544201 -0.056276582342648 0.120591166299796
-0.0154398137065877 -0.0157875011927451 0.0276929497510464 0.113013999896227
-0.0218641627799697 -0.00250709513523526 0.0655281072890841 0.0672158652614424
-0.0232307850892741 -0.00303266628034342 0.0768046769638294 0.0357127855914289
-0.0318136226301063 -0.00685429911718144 0.0817856280401182 0.0205490910480379
-0.0292037463633885 -0.0321355456151355 0.0850497880840677 0.0271714812292983
-0.000638865069343168 -0.0426721388450254 0.0785173808931666 0.0500735025879286
0.0254009709954864 -0.0467910535580327 0.0593727659284662 0.0865045880932487
0.064039998370872 -0.0124257587677641 0.0149470092368769 0.116143952776902
0.0751010899022311 0.0478870219150388 -0.0216803971250921 0.130701802500624
0.0555214814176239 0.087724783632364 0.012288735326627 0.157712178378763
0.0584139687274445 0.0940041650633841 -5.00764013584486E-05 0.0920263039858697
0.0780794098521592 0.0466451449996677 0.0394685287613234 -0.0383621275092773
0.0671832332312218 -0.0186140017240519 -0.075567069248411 -0.071003745712038
0.0310408803586104 -0.0568290644180317 -0.129710531008997 0.0135030638612643
-0.0022707498754623 -0.0566899946274244 -0.0722774852815817 0.109629360617403
-0.0319292408934579 -0.048234600000084 0.0103322473529199 0.105566339118883
-0.0495691653770167 -0.0208631858861556 0.0474817133647899 0.0620761464393075
-0.0488512019754863 -0.0132973783135968 0.0590979039538465 0.0317977798206893
-0.0557905581493946 -0.0173588770006606 0.0645929588418326 0.0095032755619772
-0.0476347085155458 -0.0562266872094108 0.0743745972923081 0.00714017217841945
-0.00455122031886312 -0.0751650499786655 0.0825280728557625 0.0226494940904554
0.0427228007183388 -0.0835693918951408 0.0806947746010758 0.0647794513666158
0.103614557545432 -0.0221199802422723 0.0434146123261739 0.102536999195703
0.109180635381109 0.0752177683314132 -0.00531934738031706 0.111432841848003
0.075150302076964 0.132936899279557 0.0093492822581673 0.1131453406072
0.050734300155 0.134445849157656 -0.0169117608651632 0.0483072789737114
0.0970007117512172 0.0970436269650066 0.0372010443662477 -0.0583324652645479
0.111558727473879 0.00110320056394156 -0.0642755733821354 -0.0939526167205402
0.068639577801038 -0.0811061709698663 -0.127330351591543 -0.0151933109602882
0.00653726549343676 -0.091832680907451 -0.0857389909169066 0.0826750359030854
-0.0406613143593514 -0.0777252305209827 -0.012175282107693 0.0857085484721854
-0.0692033286611526 -0.0396026486621169 0.0208620705245664 0.0493083504794401
-0.0679661535626443 -0.0218779506191347 0.0329718939203714 0.0229714386360682
-0.0727659585384916 -0.0235494420635438 0.0391775258682989 -0.0031784054692997
-0.0623562693120017 -0.0684344369689777 0.0544582993649737 -0.0159966149764518
-0.0140826766897313 -0.0943512973462755 0.0767444454073525 -0.0102985025424732
0.0438499046617271 -0.111939807973654 0.0933735580952671 0.0341038861484004
0.124365389594346 -0.0390822141087534 0.0677772472741662 0.0811001101007081
0.130524397326582 0.0818951616974482 0.00490682822174559 0.0908136154634282
0.0871201690948281 0.153996136240241 -0.00132873172464811 0.0615258832863211
0.0311447278051324 0.152700137136753 -0.0268298385809789 -0.0136514970604659
0.090808866413452 0.134758236117287 0.0337651347836949 -0.0867861106501699
0.133043518686952 0.0306376867825846 -0.0436425139611754 -0.115115683176774
0.0988399615942529 -0.0822401442686859 -0.110164107951202 -0.0483003378696418
0.0205008238573357 -0.109269036234463 -0.0903172241268136 0.0413253866826902
-0.0398062653092232 -0.095318480509194 -0.0356322222104081 0.0528236909999525
-0.0776162913612122 -0.0523018081175355 -0.0100715845690744 0.0291519820079416
-0.0766966175341161 -0.0276158793417267 0.00177026319270325 0.0110948129771805
-0.0797362212069695 -0.0248653629185404 0.00995622867191905 -0.0162685410188523
-0.068727275596879 -0.0698734756798435 0.0286170075696505 -0.0360357090557028
-0.020237272912378 -0.10008087924534 0.0615755830775448 -0.0402443857096106
0.0401819591293019 -0.122340126349511 0.0946868980611394 0.00387176742773249
0.126925211493281 -0.0455557288695147 0.0793626266553637 0.0571068163381176
0.129896491771704 0.0798001399567424 0.00640508135479374 0.0707664357656278
0.0829657916722464 0.153417257253293 -0.0151942860472183 0.0103325471201218
0.00842795605921372 0.139566360166062 -0.0266386336555364 -0.0815646542455571
0.06282035634281 0.142400296980027 0.0316697954578425 -0.11674885347297
0.120557090171137 0.0532762429766675 -0.0187060362748875 -0.127940751962834
0.105581481585771 -0.0635073730704866 -0.0816658313769363 -0.0758408221056191
0.0302883682915507 -0.103100783511695 -0.0836185155777343 -0.0037288593757506
-0.0319892397877575 -0.0935566915890538 -0.0555640427317406 0.0146541335329983
-0.0723318179001776 -0.0547940354215532 -0.0403053413809303 0.00602137782227562
-0.0737346315483194 -0.0287212797737633 -0.0285244566355023 -0.00200770261510015
-0.075817071314369 -0.0245017221877384 -0.0196433808758717 -0.0287808347943258
-0.0643493937242134 -0.0641678797236003 0.0019278199728635 -0.0523352971499801
-0.0195539665249382 -0.0935334003973927 0.0444899358683022 -0.0638692174111023
0.0397133811548037 -0.111777172745056 0.0895728435527036 -0.0185278623021688
0.11584753281723 -0.0353043379493866 0.0808734844285774 0.0376350997597817
0.107581620113524 0.077192797322238 0.00290864105387608 0.0534456745735789
0.0618514386753067 0.135471646033827 -0.0277854273896309 -0.0346377719512868
-0.0114821868459902 0.097737246293256 -0.0224351946957679 -0.140537900634525
0.0264050084183656 0.112772860282859 0.0298734875674916 -0.139693740938953
0.0811718152942973 0.0556630766185953 0.00243913017026563 -0.131482901839138
0.0836623374994649 -0.0360434682119172 -0.0539644721988868 -0.0915068442600384
0.0289549445590791 -0.0765174150418346 -0.0721515918009197 -0.0401538763400207
-0.0203299426076862 -0.0731041536112419 -0.0695319832174461 -0.0185109840689109
-0.055694256785978 -0.0458604895690996 -0.0651869169708363 -0.0136843505257441
-0.0586638800810206 -0.0252296589627936 -0.0544435157692444 -0.0141522712174595
-0.0614451730428409 -0.0215585285802047 -0.0454110705370708 -0.0400012169873348
-0.0510276848308862 -0.0527527543797546 -0.0188731368503697 -0.0680413257210814
-0.013050344244802 -0.0768913456587016 0.0324200334057983 -0.0821256750318272
0.0413512825932583 -0.0870615502052243 0.084949282854152 -0.03383299285921
0.0951994564555274 -0.0141711899003265 0.0786797619231583 0.0253073268610819
0.0724199409333566 0.0719459211579775 -0.000925280939707592 0.0395866714053998
0.0287132878302018 0.103572060984011 -0.0331829058645359 -0.0694037508118635
-0.0281095960786594 0.0374641830685796 -0.0183590062583569 -0.177868203203395
-0.00940920214857632 0.0584886772718655 0.0236599860869819 -0.149637760737113
0.0314657057736926 0.0386741280106538 0.0129277204436604 -0.13037782507105
0.0435400783153384 -0.0102717462520749 -0.0383188165693324 -0.0981188287749093
0.0189700176906408 -0.0383375255367728 -0.0662196306485298 -0.059934394141436
-0.00726800048604595 -0.0398895310175638 -0.0784484314657255 -0.0371616299265063
-0.0303665577009441 -0.0287093161939621 -0.0815629854362746 -0.0248007308132665
-0.0343670202666451 -0.0171094673652896 -0.0723481245516278 -0.0237715455912709
-0.0378366397760719 -0.0168646329412482 -0.0628219104857137 -0.0489128986752646
-0.0313679228191082 -0.0357882766653738 -0.0319681546595862 -0.0821851763114569
-0.00535424123780725 -0.0540913744152677 0.0278299005665865 -0.0960299839187521
0.0390135739152111 -0.0536102811581094 0.085910418822814 -0.0429794460612333
0.0655768857235918 0.00861551654283098 0.0768313436137768 0.0199256971126484
0.0303000732137496 0.0592744635816686 -0.00255541439044169 0.0301246185909761
-0.00834212021741754 0.059482109833577 -0.0290133274856453 -0.0912628671818242
0.0299935748044008 -0.0111322001248112 0.0416375541979126 0.110601709914354
-0.000318948674948003 -0.0341318744490526 0.0376808605803455 -0.033986021350407
-0.0290701723169557 -0.0128229766870907 -0.0848835842380914 -0.0402663834117676
-0.0204151788998793 0.0201066801172394 -0.114129153001533 0.0476917723519611
0.00173447846109839 0.0214456099838893 -0.039359473860168 0.125294700254551
0.00567468690110742 0.01375537055021 0.0443519779137235 0.112621107039438
0.00962236228270964 0.0128536657648405 0.0775797171343086 0.0636877381546146
0.00666703034785198 0.00808550124438186 0.0876839908943499 0.031246349527291
-0.002641633585332 0.0105576436112504 0.0927882578233543 0.0221498649154581
-0.0120132160599383 0.0044240306988829 0.0923484317656588 0.034933741650345
-0.00912463956634538 -0.00329973605559993 0.0764669728134301 0.0629673858072123
-0.0104305496846519 -0.0147798194072335 0.0486015553821615 0.0965392565317792
0.0140950582367782 -0.0226588867106218 -0.0030827761935172 0.126964377543611
0.0420115594012177 -0.00683248158661824 -0.035170481130792 0.151889255677344
0.0388223592048865 0.0214823686793989 0.0183500259841488 0.190713612938638
0.0537008374033032 0.0414153565393138 0.0246504837898075 0.113942075188405
0.0444994962582829 -0.00179372354143667 0.0399882384985521 -0.0327886007164962
0.0155269564090262 -0.024256789238295 -0.0847675132164284 -0.0512405296293528
-0.00117512491089275 -0.0209415016668305 -0.124326622481947 0.0384813027662903
-0.00465560057653436 -0.016466690185032 -0.0521520229094036 0.126465880501417
-0.0170647800852047 -0.0150957216221454 0.0340894962266605 0.11546149729087
-0.0225360283646981 -0.00140015707984919 0.0708262083485277 0.0658855153574636
-0.0235872702013624 -0.00161272515675281 0.0813147211985431 0.0322976556664892
-0.0328988074661599 -0.00512947273601659 0.0855458660706115 0.0167849604130347
-0.0316682852857084 -0.0312667303527816 0.0899971865908389 0.0240205737637316
-0.00280231778700245 -0.0445820887611619 0.0833425335380948 0.0489888438949503
0.0241863791981959 -0.049488639872166 0.0652683722674287 0.0870655993773472
0.0654570321533579 -0.0157256051487689 0.019165967901167 0.119674973586812
0.0794295598726448 0.0456856638741101 -0.0173905757297587 0.136075172082212
0.0602582833915714 0.0881218589655281 0.019127471949126 0.162110812692539
0.0632755861830878 0.094314887137077 0.00452990920514743 0.0939750673005195
0.0832804990900357 0.0439998266967825 0.0395670518461622 -0.0418553589467184
0.0673675719240329 -0.0219638882239361 -0.0807065987960175 -0.0706814421626721
0.028799094201447 -0.0598980784961465 -0.133039565359018 0.0190322861815315
-0.00521533394845397 -0.0578345887094479 -0.069255382619562 0.116010829072088
-0.0353987172536146 -0.0476692977194641 0.0160111617152848 0.108560514913171
-0.0523642591803331 -0.0190865743707424 0.0518636031316509 0.0613603972829325
-0.0507991485744776 -0.0111750358425767 0.0624468329690644 0.0290951805320485
-0.0586136447313739 -0.0152400284951211 0.0670630274572729 0.00647550506775671
-0.0523194963156789 -0.0556892483705143 0.0777233722236792 0.00345183287306734
-0.00851569288903172 -0.0771824676547359 0.0864897516251656 0.0199109899493907
0.0391743183051799 -0.0876767891654619 0.0858618598021104 0.0637354486635795
0.105765458528222 -0.0276483889923903 0.0482609016228442 0.104724031169191
0.116087770465009 0.0731119038103124 -0.000920310199002735 0.115619869320815
0.082022251806348 0.134011718788312 0.0142332193718652 0.116927119345041
0.0564143643313207 0.135833307100801 -0.0143646639366277 0.0503490720904434
0.104579250892062 0.0952842706758889 0.0368993317143826 -0.0615741561369544
0.114030632628764 -0.00356164619997401 -0.0693286458373382 -0.0943789863280806
0.0664461505303255 -0.086331442444306 -0.132024582710829 -0.0105196017748161
0.00191659886407044 -0.0948537212843388 -0.0837140690677472 0.0889853567587863
-0.0461326703796052 -0.0772812456149429 -0.00851240144512944 0.0888127650130942
-0.0740203489194464 -0.03665963473361 0.0238194100401775 0.0495616628896875
-0.0710759274361177 -0.0191289075592666 0.0356341395905562 0.0218624376474784
-0.0755545306611517 -0.0201383518632873 0.0404829708349682 -0.0056347222445247
-0.0684281759219197 -0.0671757928813727 0.0563778436567946 -0.0185560520533679
-0.0192866361035588 -0.0976002553970854 0.078824505183836 -0.013972297707945
0.0386565561037183 -0.117326814984553 0.0981376789504267 0.0314278433560696
0.126541905193137 -0.0454762084787431 0.0717600508000352 0.0805006827169998
0.138436587183445 0.0788627097388904 0.00838526799860895 0.0939872206577363
0.0953817558164609 0.155302090709043 0.00125332321386383 0.0639051947234385
0.0376253038283296 0.155211588930089 -0.0266454439819404 -0.0131888591467804
0.0999141209511359 0.135085030532633 0.0327021789970326 -0.0905368852256633
0.137349506330541 0.025915554123581 -0.0488132916363201 -0.116976255764571
0.0978504885248186 -0.0888406189085787 -0.115576135699427 -0.0456267880510944
0.0151575868100112 -0.113195796641251 -0.0896420993605202 0.0469477043541446
-0.0463855674785819 -0.0952804268658394 -0.0340179320098006 0.0565968914791114
-0.0828134326920382 -0.0493891843064437 -0.00913474741439677 0.0311276335358981
-0.0799437081743458 -0.0240169776843688 0.00329099592499858 0.0116134549360001
-0.0826943516322645 -0.0218634919684988 0.00981948953045318 -0.0171968718774076
-0.0745439627980296 -0.0685019786389859 0.0281763300036726 -0.0383517014196682
-0.026064263537216 -0.102459697367469 0.0621910561310358 -0.0450569221249234
0.0344810483702396 -0.127681427187836 0.0988603429846188 0.000308637413058417
0.128018451041498 -0.0530383924115758 0.0834900444884909 0.0549324717471163
0.137179602417374 0.0766506974618532 0.0091240371388663 0.0729211535098745
0.0917222871704954 0.154562756502074 -0.0158339769462295 0.0125050250093079
0.0139717500769144 0.142525043465677 -0.0301974033447003 -0.0827372427120002
0.0713175507504723 0.144016373035578 0.0293135634555216 -0.12085173948801
0.125381781994328 0.0502593693078062 -0.0237680971206755 -0.130930992561792
0.105300399804785 -0.0693329156148864 -0.0866705019463724 -0.0751095216809507
0.0253060758442218 -0.107552907952086 -0.0847919195835764 -1.6409319710043E-05
-0.0380458627240551 -0.0946558394185854 -0.0568399350071789 0.0177656791765001
-0.0779038045263858 -0.0521387907688877 -0.0420264138002158 0.00916063967092898
-0.0769219008083155 -0.0258506179591174 -0.0290658030197438 -0.000373897159085574
-0.0785337464107285 -0.0215177477686744 -0.0216246615498316 -0.0282662520176173
-0.0696982988551448 -0.0621746725449359 0.000549700565281501 -0.0547625314799563
-0.025033886652864 -0.0955517733357635 0.0432828147817933 -0.0679592521388018
0.0344072026258566 -0.117244191368261 0.092212361916528 -0.0229947860819665
0.117384334542389 -0.0420043035071831 0.0851427271574857 0.0349676202150502
0.115003989886885 0.0749190543701168 0.00451506275633507 0.0555579677640392
0.0690345085002636 0.136474089312999 -0.0307290040712293 -0.0328262033549007
-0.00870021694323477 0.100580401509052 -0.0280056249096488 -0.143899618097157
0.0319247684734661 0.115102871910938 0.0258517982274809 -0.143655471437106
0.0855921372487113 0.0537586502476651 -0.00153376273906086 -0.136409258556218
0.0840684509449332 -0.0407491202415663 -0.0588793797015991 -0.0926597720276404
0.0254274176205418 -0.0799064949610315 -0.0754387062550589 -0.0374524999617691
-0.0250848501425465 -0.0738385312621331 -0.0734307859789133 -0.0152548865275943
-0.0599278846746074 -0.0439158790323428 -0.0685590926592238 -0.00951866958109852
-0.0615022510486516 -0.0226471532609098 -0.0566133805579712 -0.0115377082915437
-0.0634961943776681 -0.0194319702624691 -0.0482668663146217 -0.0381839073423648
-0.0552942631099026 -0.0513700862016836 -0.0225494322020191 -0.0694628265047983
-0.017413291977062 -0.0788922863212698 0.0299866947460932 -0.0856031096619765
0.037794490241004 -0.0910481674344837 0.086737944800928 -0.0382819744364111
0.0971361175182315 -0.0190466002970094 0.0815853516505786 0.0220025212074987
0.0779715102934715 0.070683283781097 -0.000125239465339102 0.0408925622739048
0.0337060779469641 0.104898977124576 -0.0382567417199532 -0.0685514867395123
-0.0270807956673542 0.0397933744400649 -0.025271176501491 -0.182563207890115
-0.00727173070050517 0.0605648599496181 0.0192055201851415 -0.153744175923667
0.0338346640086238 0.038758351172335 0.00832838318072579 -0.134832455130783
0.0442796659484088 -0.0121277105389462 -0.0427783216650755 -0.099114596313964
0.0172775624339573 -0.0399679211805518 -0.0699432091997986 -0.0582574171771826
-0.0098738814187544 -0.0404866408137505 -0.0833845439268728 -0.0344687269292623
-0.0321611072896216 -0.0275266139657629 -0.0852389651627598 -0.0201931607015509
-0.0362814329972791 -0.0160148574977895 -0.0748791279379961 -0.0198927056821613
-0.0393170233686131 -0.015757009348325 -0.0666496406148971 -0.0468121143160968
-0.0336934147350319 -0.0352509836934882 -0.0365892104865381 -0.0834875721000705
-0.00804385302170349 -0.0553315810745878 0.0239008586239448 -0.100189223681948
0.0373032498909743 -0.0569007772473382 0.0873583240669658 -0.0479026596258789
0.0678700508185538 0.00584492779092228 0.0799888037883316 0.0170462519495376
0.0338822967188932 0.0594857205079241 -0.00142930766841754 0.0318360738629697
-0.00671666711023924 0.0614062666718898 -0.0347278177516756 -0.0911425170363978
0.0328056482371247 0.00273222641855717 -0.0111565163764424 0.118070953632092
0.0139146033067744 -0.0312755830199928 0.0494296760711397 -0.0132051185822554
-0.0203150741034103 -0.0234419247718823 -0.0589317402570551 -0.0729893621705971
-0.0255128572170331 0.00984460756828208 -0.124539263184215 -0.00595432462032064
-0.005647116411483 0.0196628673263196 -0.0896943367951114 0.0960124782162872
0.000741543799059275 0.0150197912302792 -0.00949778941958269 0.121122554672614
0.00436710328256795 0.0161747340793447 0.0423502706335886 0.091477317302387
0.00308432231486759 0.0101064775952206 0.0659996083819807 0.0646594839751424
-0.00677493940891315 0.0083268489944907 0.0749168734269424 0.0586004918871477
-0.0120946972848966 -0.00108948241919311 0.0684219584448176 0.070907763100481
-0.00606138273840442 -0.00663581870036442 0.0412656891916205 0.0904180614075674
-0.00143137706477227 -0.0162247415865589 -0.000311171150874002 0.108175301316469
0.0225486125294793 -0.0126661574329637 -0.0612928543458413 0.113876252679433
0.0406622329264137 0.0141271357003074 -0.102641110864557 0.122813843467779
0.0260156306470275 0.0369428292976824 -0.0746666294265485 0.180903479535502
0.0306663197635776 0.0609041371722614 -0.0270642127355085 0.11288563439061
0.0409870529475069 0.0182033507355489 0.050281418800201 -0.0126516258429247
0.0249691694776126 -0.0137439648733081 -0.0544632637268307 -0.0838599334891686
0.00856601229918907 -0.0187999840634956 -0.131346370074165 -0.019780808427067
0.0049772234634407 -0.0168846485928904 -0.103388139407053 0.0922153963167591
-0.0078251136465876 -0.0205148525541333 -0.0196977561605832 0.119971472205545
-0.0190076775414642 -0.0103968884915607 0.0346989729497557 0.090466738065877
-0.0206773476363292 -0.0120484842055946 0.0589490464968069 0.0628418292778483
-0.0272641927615443 -0.0185898599949666 0.0706667751321065 0.0506209131774758
-0.0156943237595467 -0.0421117421313352 0.0712569543793664 0.0592387547632367
0.0169182933298401 -0.0423732003262645 0.0553764418264617 0.0801876638529815
0.044027250527324 -0.0334496991201157 0.0206782034059018 0.10689047155995
0.066306720776018 0.0169495763401581 -0.0375784084512035 0.117540348873408
0.051572145995371 0.0781275709219478 -0.0814892714464906 0.116906650101961
0.0164019413053042 0.10622423190399 -0.0618309230064568 0.155227508147447
0.0154009640855699 0.112637648788351 -0.0348264626522508 0.0858527242420007
0.0558539572901106 0.0768428483401554 0.0542215849111756 -0.0226362912928467
0.0707875047460025 0.011447481273211 -0.0435294267402718 -0.100857847969449
0.0524120776435291 -0.0407852761116137 -0.13162225847991 -0.0420409600509062
0.0224704478538084 -0.0541346796512283 -0.115469881310089 0.0750762742388569
-0.0113691417101832 -0.0581463112091711 -0.0343552449618347 0.106230015818187
-0.0388113799470816 -0.0387032902522627 0.0190572462846645 0.078738727382487
-0.0411026585884363 -0.0325033558695038 0.0440829529799053 0.052539567893463
-0.0463474947805554 -0.03832593019762 0.0585407187007373 0.0334340771017656
-0.0250544207995935 -0.0728018172079977 0.0698713849435283 0.0356846343459369
0.0262435022635006 -0.0752070666781607 0.0713110007827349 0.054768532445823
0.0734785581213771 -0.0619251207970353 0.051350017845052 0.0948997085575239
0.108145554703091 0.023209773234253 -0.00373938588176195 0.117738260522412
0.073102149807722 0.118570497381441 -0.0577342643198228 0.106469265071828
0.015650392568343 0.157039523269891 -0.045547837410665 0.112094762702756
-0.0096505493548996 0.148070185245004 -0.0309697143576852 0.0384187982700831
0.0530691936688104 0.133396135017431 0.0611895945112435 -0.0431116952299901
0.104871544938013 0.0488368101405837 -0.0220855326687185 -0.119038943613243
0.0976190448382792 -0.0473908340482712 -0.117531553957343 -0.0701494828570666
0.0443835190799205 -0.0837028197031427 -0.118594063681328 0.0437912944835684
-0.00860515948274813 -0.0901328898892023 -0.0484256130862245 0.0784704687416891
-0.0520522241202871 -0.0645322746684114 -0.00127740739855868 0.0557569200939544
-0.0560787151564362 -0.0483190788645634 0.0221832336749798 0.0351434836401359
-0.0597428206566094 -0.0503575100356422 0.0392220258882618 0.0113070346697943
-0.0343446611457103 -0.0901031680293185 0.0594870704060927 0.00595462756583339
0.0242629369850729 -0.0981656118976245 0.0795361169299301 0.0199524115877458
0.0859185909866958 -0.0890162707577483 0.0779859986896482 0.0708909112858799
0.135023837780314 0.0154567492615603 0.0298239630640003 0.108103104761503
0.0911553207575268 0.132898767286214 -0.0393540496743149 0.0915780342212191
0.019078257290032 0.181910918211097 -0.0329489302466914 0.0587127507135545
-0.0360228146226039 0.157640228628937 -0.0135625095483965 -0.0247992981178592
0.0311539591972942 0.168318905386126 0.0707032210297279 -0.0713762091132656
0.112728662049341 0.0863096730965981 0.00732747979159834 -0.130957802447188
0.126302920902342 -0.0364529165421133 -0.0862694497702982 -0.0954080225616092
0.06420322917134 -0.0947465334490361 -0.105714282000515 0.00189989396619262
-0.0013430787820993 -0.106153161893088 -0.0582222190475277 0.0374885461518726
-0.0552973805911041 -0.0802180812098667 -0.0230171887444302 0.024871446439041
-0.0629351994916982 -0.0570883214308654 -0.0019372324252507 0.0126816724154483
-0.0659479620551059 -0.0546140518202023 0.0163336290932186 -0.0123096558699432
-0.0396823777875625 -0.0932363916965243 0.0428656314127472 -0.0232927105080981
0.0202158731898386 -0.105661814380109 0.0780859733764282 -0.0156180588548608
0.0861309527348132 -0.100193094154124 0.0927739835436346 0.0422543703856845
0.139966866518023 0.00958563281268607 0.0525537101096088 0.0899773004072352
0.0914094863619721 0.130628051712906 -0.0293767091698099 0.073258079801406
0.0153119489621645 0.179470448520902 -0.0242690871605931 0.00402250171279381
-0.0526754088640413 0.136575550915984 0.0139217297579838 -0.0895244210961685
0.000332211050187814 0.163858422054298 0.0817774841316018 -0.10037195331251
0.0906621039025622 0.102946832387997 0.0381641484651469 -0.133407990723494
0.124311197211809 -0.0149739653495476 -0.047142678743149 -0.109720018578292
0.0704626751603193 -0.0847503915251552 -0.0802270271415979 -0.0389524653929242
0.00553077279021884 -0.101231458779517 -0.06202386800984 -0.00750584646365891
-0.0495679442797239 -0.0804800367041768 -0.0436056435569686 -0.00917377155436156
-0.0594842881855776 -0.057014127765891 -0.026572954359945 -0.0115116941539852
-0.0622577441483315 -0.0526322342268908 -0.00694310586475516 -0.0346243474864568
-0.0377826750460237 -0.0859007644836589 0.0246940725013507 -0.0492349481597193
0.0181727452937945 -0.0984322161499234 0.0712143582615272 -0.0442463847877719
0.0811285029878727 -0.0909721269276575 0.0970987734832211 0.0189357913140535
0.125402621808213 0.0148271298592232 0.0626050069943464 0.0719339649569653
0.0716866853970518 0.11844364681257 -0.0249705861541068 0.0539471133216516
0.00238511589482167 0.153189630089025 -0.0157802365856151 -0.0442080881968183
-0.054860161128537 0.0889700946838991 0.0421810893881116 -0.143854827216695
-0.0224381057677732 0.120582611492722 0.0892592741217241 -0.121002447592812
0.0520368071041754 0.0882019222593403 0.059985923145144 -0.12601423951679
0.0923052070318103 0.00144504881709922 -0.0125071576196567 -0.11242749140384
0.0571101211610214 -0.0593209011152248 -0.0537965471126116 -0.0686306563776889
0.00818351464707428 -0.0771211447244602 -0.0616167250473742 -0.0454188362728129
-0.0370961401857394 -0.0651836935098488 -0.0590288106606798 -0.0369436213005371
-0.0467923726019546 -0.0479126125501368 -0.0464767412291876 -0.0331934539909911
-0.0495637581232697 -0.0444537358753726 -0.0263842536975477 -0.0549513890117658
-0.0289187240433896 -0.0699791157129319 0.0105068333618682 -0.072401674809929
0.0177425771125726 -0.0797389281820569 0.0662276746647055 -0.0662666459172641
0.0726213677507418 -0.067086852422875 0.0990495026736261 0.00292943081467722
0.0965094286377845 0.0259532374627666 0.0649714542668808 0.0594969258132221
0.0396034476471652 0.0986949020789984 -0.0223910873400972 0.0385164050121043
-0.0159586961970389 0.10887036771438 -0.0046935365640318 -0.079402871583386
-0.0445563317294561 0.0256394103464214 0.0591699179693756 -0.177242216282746
-0.0349609360218092 0.0536785488077232 0.0871945520621354 -0.131405922063761
0.0117947259461232 0.05113100274682 0.0693742884475245 -0.119589534438904
0.0441334343835504 0.00957711589833739 0.00588304732640905 -0.110153009152643
0.0326208072582464 -0.0274158582518148 -0.0387124168413415 -0.084740516601738
0.00796102825913299 -0.0403210513042743 -0.0621816465669729 -0.0678950791913688
-0.0183136082236344 -0.0389184417390177 -0.0694693436918017 -0.0548413218752694
-0.0265062912085075 -0.0308407370049348 -0.0598187420398183 -0.048213145464719
-0.0294526253276094 -0.0301444594725395 -0.0398107320082481 -0.0699606646976676
-0.0160974918144252 -0.0466676015256687 0.00285204882564348 -0.089918214434322
0.0159254689457215 -0.0542053895315552 0.0675409345871418 -0.080766533483067
0.0580277542234635 -0.0360562355024995 0.102436682964823 -0.00436971004134484
0.0596811527014107 0.0352584245265346 0.0650509820621735 0.0537255223927407
0.004326229362195 0.0687068496999421 -0.0190621795245633 0.0285814060466842
-0.0332525025143905 0.0517264025252315 0.00957823832453043 -0.0983995315363015
0.0320130677752612 0.00246720907193393 -0.00480633266375222 0.115782255905201
0.0124051638318846 -0.0313907923477251 0.0482615063932479 -0.0158185053345106
-0.021107146342216 -0.0216267490278669 -0.0613170966850127 -0.0683695861002324
-0.0243710010809449 0.0107710520281645 -0.123119055016447 0.000140558544725083
-0.00404743891285776 0.0198225368121795 -0.0825686787686506 0.0989452697311825
0.0019338678400413 0.0147901782043673 -0.00168855278250213 0.118936476542822
0.00543983088600309 0.0155181799855622 0.046623033488937 0.0868511616820973
0.00352710943261727 0.00964140926062982 0.0680046925113433 0.0588413476198976
-0.00611634516879313 0.00844187937491524 0.0774403103294535 0.0526622734293472
-0.0123521438606825 -0.000281534060518224 0.0722050091801434 0.0659360752536757
-0.00653648265960182 -0.00665008758980436 0.0454394913558819 0.086897758408143
-0.00227346268682927 -0.0159101424258527 0.00429160431238516 0.105356185786423
0.0220101972676117 -0.0131771100395599 -0.0559317792729168 0.113703694376026
0.0406783205537903 0.0112570760945167 -0.094904554536883 0.125452788982256
0.0272586224706473 0.0351415242575491 -0.0632379370584518 0.180182198554855
0.0322135502469582 0.0585824720103186 -0.0204924169872021 0.111933183366541
0.0417139350286259 0.0149675177606081 0.0495431964300639 -0.0151188806499877
0.0233120813202361 -0.0145059668402778 -0.0577040517873588 -0.0792703720833458
0.00719632676016489 -0.0191465594263478 -0.130306549345063 -0.012593588683382
0.00378943943072774 -0.0164730896851578 -0.0968767941296594 0.0954681488662046
-0.00872139133693411 -0.0193129801370728 -0.0127401120737421 0.11897405309665
-0.0192212049763187 -0.00899643728144196 0.0388042276168026 0.0860612153316048
-0.0204930286213354 -0.0106335691617494 0.0617028806081723 0.0576089484146497
-0.0281404702094469 -0.016217504132038 0.0727692712644 0.0447990946502988
-0.0182503529607979 -0.0403193374336845 0.0743728135007262 0.0542632857955461
0.0142114465693816 -0.0428182972597423 0.0586884933741055 0.0768017547196939
0.0412357518430983 -0.0349197283352032 0.025703940108834 0.10361063131421
0.0661046901912171 0.0131406833885154 -0.0324135205067313 0.116830440302518
0.0549147341646959 0.0741511280288035 -0.074167368974088 0.118199906933758
0.0213822905726554 0.103023755287315 -0.0530291149221389 0.154849890674903
0.0199740887180276 0.109616337718595 -0.0292788126808037 0.0856203734283275
0.058926437827932 0.072026182032889 0.0534362166871003 -0.0245221920551129
0.069154424591535 0.00748117708329487 -0.0470693016598367 -0.0970015135751001
0.0485569027301784 -0.0426730098200491 -0.131055089153242 -0.0347615694000206
0.0186059702580781 -0.0541246089078919 -0.108508916218184 0.0798313686948435
-0.0142716912243568 -0.0558621211093695 -0.0272185182881722 0.106102114900219
-0.0405378839152777 -0.0358860627401942 0.0230581151473601 0.075777992413059
-0.0418041289048508 -0.0292855028583811 0.0463333982227845 0.0485484518834285
-0.0473357301290687 -0.035138669848636 0.0593544779492605 0.0291857079880391
-0.0286849746119077 -0.0695998049822694 0.0712329601097944 0.0313015085033425
0.0210390854943349 -0.075605985186939 0.0733505155347375 0.0508126739211627
0.068493871630763 -0.0642756335634688 0.0554442041798643 0.0904769550305218
0.107534000834043 0.0173450268290365 0.000959381456594564 0.115413775914886
0.0781594222581408 0.11272350488015 -0.05251244970323 0.107491425227846
0.0236999795842242 0.152781470980051 -0.0398806710996615 0.112788711940695
-0.00297935431483762 0.145225328640049 -0.0279513590919114 0.0386753787726001
0.0592028301371165 0.128220147648897 0.0593284589824091 -0.0449931396698983
0.104437123338361 0.0426203229009929 -0.0264924752460354 -0.115703718275348
0.0921145911066162 -0.0514613444153503 -0.118794304286886 -0.0631781698671098
0.0384269217358548 -0.0842519377982121 -0.112631636519712 0.0490591487566488
-0.0142542358615719 -0.0869461954336983 -0.0431129918418861 0.0793361877974468
-0.0544600277495579 -0.05937002390778 0.00148695613530787 0.0545948869040451
-0.0576947154333708 -0.0437474172895835 0.0243689933399982 0.0329957941548138
-0.0615058068806113 -0.0453583422209026 0.0397712720937444 0.00895919289534071
-0.039359953289839 -0.0858022298024577 0.0600497744129093 0.00278151810661007
0.018128225259127 -0.0978033883008798 0.0796461841302972 0.0159828558600477
0.0785328411016012 -0.0916795411039162 0.0810646651942441 0.0659243026852273
0.132967244473434 0.00819386396871143 0.0332606563507321 0.103776447705306
0.0966870782319622 0.126189719450191 -0.0349749528644533 0.0916624660265352
0.0268277897961477 0.176768791993846 -0.030280343617297 0.0600274027780983
-0.028565329269405 0.155506793033745 -0.0135432243884592 -0.0236910805769597
0.0395381176458891 0.163408634784068 0.0673196160572174 -0.0729845844649391
0.113808363470472 0.0788002967203699 0.0018228057412594 -0.129000597042456
0.121370294775135 -0.0422945248626467 -0.0891914576100492 -0.0897313032194188
0.057043896639731 -0.0961405344686326 -0.101905177672619 0.00787226585946868
-0.00825476513080583 -0.10348450412004 -0.0550815761908496 0.0396287573971457
-0.0591929678965993 -0.0742808566642818 -0.0220277289105764 0.0257481131076499
-0.0646329683985102 -0.0519908758962207 -0.000929354655788354 0.0123155634361572
-0.0674446516156313 -0.0493791430468271 0.0156700491010553 -0.0128514110946989
-0.044744140056711 -0.0889491776061202 0.041973242943567 -0.0253145121900019
0.0140461726158748 -0.104869059870468 0.0761699257697523 -0.0189591075174755
0.0772401120021551 -0.102863511170779 0.0941370681025119 0.0374617042096134
0.137495491715252 0.00180834839937515 0.0551645558244443 0.0849449633038584
0.0968031069046665 0.123761521584634 -0.0255433879525709 0.073436138155455
0.0239330397775951 0.174579706420075 -0.0244625406137088 0.00600668609594078
-0.0458772405734819 0.135989045166219 0.010484364011239 -0.0882514651489535
0.00947655741445616 0.161151795088112 0.0760939218175045 -0.10100945446539
0.0930389689738069 0.0961313698460869 0.0315445916626469 -0.131599828029168
0.120359242497804 -0.0220927516453398 -0.0506199602731493 -0.105288184578865
0.0635417906732536 -0.0863913061425061 -0.0789101341242444 -0.0333985731922703
-0.00147059192794087 -0.0987480165910983 -0.0610596513856337 -0.0040822281995474
-0.0539790901895668 -0.0747181679983864 -0.0437936372121351 -0.00555779502081219
-0.0614134561530319 -0.0520421682553035 -0.0253715431755011 -0.00915531979267764
-0.0637284919009008 -0.0474694361851896 -0.00846374256292403 -0.0336606105227547
-0.0422885603719981 -0.0815436817353001 0.0221702176933244 -0.0498806124464193
0.0120864326285045 -0.0975042262684382 0.0680890143910078 -0.0473508856211699
0.0734027059649395 -0.0934804029707785 0.097409327541908 0.01366570973473
0.122760192754475 0.0073645836306471 0.0646079170696592 0.0671029756818177
0.0766457191882748 0.112149667839888 -0.0222470316576604 0.0551868952626001
0.00999123219177094 0.149570234262492 -0.0189947587553667 -0.0410905025933292
-0.0495873511452289 0.0900940626708399 0.0344964313565774 -0.142848837294938
-0.0160490815819922 0.119911786801531 0.0824824870512252 -0.121634956342427
0.0547724473234932 0.0839249346612397 0.0539774245615452 -0.126316246455901
0.09017968102563 -0.00356128976975437 -0.0167144468391277 -0.109711585101528
0.0525789306816102 -0.0616095006696746 -0.0548573650804297 -0.0641737067905853
0.00284384520230399 -0.0754307556084584 -0.0634455012910429 -0.0414338466497556
-0.040095450805032 -0.0606681392900944 -0.0608446338517307 -0.0325920609548922
-0.0485379018017395 -0.0435087814051572 -0.0467847263544559 -0.0287663354533642
-0.0504879961564792 -0.039951160720154 -0.0286775400038169 -0.0515934637221692
-0.032285023059365 -0.0662718817684001 0.00670791512998552 -0.0713907653356395
0.012854747954211 -0.0796217755260214 0.0617383736636396 -0.0679323928041815
0.0667168475812821 -0.0695227828813632 0.097961693230373 -0.00140861528261941
0.0960799337134425 0.0203502620257112 0.0664524792936016 0.054097149067914
0.0440245778380267 0.0943059788560612 -0.0202109435430399 0.0398843910146101
-0.0106097659563447 0.107110641976684 -0.00997648370206326 -0.0762211848156544
-0.0425599322225424 0.0272291910358176 0.0499238654629722 -0.176022455747661
-0.0316458224689576 0.054439419110122 0.0793539711751292 -0.131265477873912
0.0138719329729942 0.0494196825725191 0.0634035565216339 -0.119815183330384
0.0434933942970457 0.00757077271408479 0.00126683763571525 -0.10843195602088
0.0300444974291853 -0.0281461986641378 -0.0415199029117109 -0.0813432711074348
0.00510306355756295 -0.0393720565474671 -0.065081940111158 -0.063280073897871
-0.020533981943303 -0.036037207073354 -0.0718312342734272 -0.048508749209573
-0.0272169394539047 -0.0282208789512308 -0.0603554495862065 -0.0427155540324852
-0.0303407752920006 -0.0281127975587991 -0.0421407112462864 -0.0651483451986305
-0.0181748715978533 -0.0445797295975859 -0.00140517430104424 -0.088122634479489
0.0124686377166572 -0.0539176802959039 0.0617159634832339 -0.083013999971894
0.0544653932876434 -0.0385068572080653 0.100524676377771 -0.00923980641038718
0.0602368823343378 0.0315592222745329 0.066528286508749 0.048707345144756
0.00758526174216748 0.0672912639381335 -0.0178672631881636 0.0297481094229707
-0.0309179275118196 0.0519901928430598 0.00331336088907604 -0.0952334579180476
0.0312272201214082 0.00256603939007909 -0.000762054665458672 0.112214713307532
0.0114907754739945 -0.0309188392138466 0.0472434415083373 -0.0169731055538139
-0.0209832981257354 -0.0200679359720447 -0.0616533801993374 -0.0638660566621458
-0.0233040902066318 0.0112892204001731 -0.119720285616253 0.00490497955478222
-0.00304820600192528 0.0192295396765216 -0.0774246027200893 0.0985331488069039
0.00294697105505654 0.0143841785686277 0.00300346135432139 0.115219496822511
0.00666797153575226 0.0146237141016774 0.048497923992769 0.082123550939514
0.00367592244837206 0.0092200339817106 0.0681935272802635 0.0538940539106952
-0.00558231613391668 0.00899761403250539 0.0774439637670276 0.047400947811339
-0.0123352918182123 8.34638469104187E-05 0.0729491899968914 0.0614985374253986
-0.00678837507169066 -0.00621486192629467 0.0473841045929029 0.0839021090127312
-0.00253107779901585 -0.0153398678290159 0.00672635333513547 0.10226578754109
0.0211156292845232 -0.0136760915168892 -0.052061197105847 0.111974910116076
0.0397286221665669 0.00977121262029894 -0.0880956708340521 0.123636156438161
0.027403587448273 0.0336072264599933 -0.055212140678136 0.176238070599706
0.0331446611254554 0.0563252321900104 -0.0157512245043331 0.109081830540794
0.0408921652647371 0.013375209920614 0.0489617815741915 -0.0158538112822099
0.0219547130861509 -0.0148693705790185 -0.0585930007346191 -0.0746922896795483
0.00563978819622071 -0.0190033976401193 -0.127116359530242 -0.00805047022864982
0.00335812870213129 -0.0160891962687623 -0.0902014078623953 0.0960125049058261
-0.00940862909573052 -0.0181492249831333 -0.00778450425940301 0.115297363611704
-0.0185535484761709 -0.00795928268840918 0.0406977542570053 0.0818355853654629
-0.0200834901483378 -0.00935381944705437 0.0619361248029381 0.0528181380445181
-0.0278023746016155 -0.0142767495584446 0.0726361946720596 0.0405215454932656
-0.0200133122861962 -0.0381063928392175 0.0753645523662813 0.0503340396161175
0.012400815653639 -0.0426733211941406 0.0601099623505345 0.0727414989569548
0.038805368499379 -0.0352047677943169 0.0277580188641885 0.0996281662330942
0.065037493839048 0.0109101736966272 -0.0295733515451291 0.114345722931594
0.0561989889050793 0.0698898617959294 -0.0685980367774116 0.11699225678177
0.0235994262655011 0.0996011100826174 -0.0458992396710903 0.15173722306258
0.0219462449482502 0.105880042417223 -0.0249243608108122 0.0838808711250985
0.0601714687263554 0.0679957900393861 0.0522398833266717 -0.0253827805108947
0.0666205692143965 0.00483434631029605 -0.0478454896782419 -0.0919369328439541
0.0446346257443482 -0.0431364701482315 -0.128088578524669 -0.0295568887099488
0.0159769510028425 -0.0528959851100251 -0.101630410419658 0.080621041062526
-0.0163256688650407 -0.0530842545890553 -0.0226051017835337 0.103932112475717
-0.0401913957730631 -0.0321944079627394 0.0246750956368318 0.0722672045101675
-0.0414090193100774 -0.0265204896239099 0.0465450314743395 0.0446054392094043
-0.0469017486072393 -0.0314002825625394 0.0591019788194764 0.0258103587712208
-0.0311243076075552 -0.0662386584113263 0.0712939242021871 0.0278001951526268
0.0179020452680616 -0.0747445447140037 0.0737158181249949 0.0470703638092994
0.0638524857430227 -0.0645384954431048 0.0567919508338145 0.0862932066553586
0.10497555612073 0.0129684127400462 0.00304459846696354 0.111518475309332
0.0796593717097017 0.106765136913512 -0.0474835958601999 0.106046050961888
0.0275556331366157 0.147130162061468 -0.0352092200331264 0.110528013741798
0.00045618698206177 0.140696393425673 -0.0247624721441633 0.0382556554736502
0.0622797065710234 0.122310381160645 0.0574932444740067 -0.0450233085518431
0.101741113800512 0.0381985255198606 -0.0288272198310017 -0.110779679554116
0.0864099731223184 -0.0536976830115973 -0.117307884762957 -0.0575340886077522
0.0336811923022006 -0.0827851578458696 -0.105725770800542 0.0509310840939221
-0.017273200285387 -0.0832655006910552 -0.0383095524379744 0.0780615250993485
-0.0550612015344837 -0.0544832287912943 0.00295815131229599 0.0533863623763867
-0.0571343412314538 -0.0393173217570695 0.0252684229601525 0.030527442431312
-0.0608510972006067 -0.041063505397436 0.0387600237474041 0.0068650573892595
-0.0419876832730324 -0.0813252832957512 0.0592520705377816 -4.38079724795667E-06
0.0139688488780436 -0.0961395005675914 0.0787469841676249 0.0124175428424438
0.0718410559967037 -0.091525343557497 0.080783948298838 0.0615077367414471
0.129521403355072 0.0031463261823047 0.034860471277552 0.0992524611732367
0.0984881182693568 0.119553516083982 -0.0311146215977546 0.089916038427725
0.0317421522559334 0.170312652672867 -0.0279514791572272 0.0600088974222056
-0.0238004615154419 0.151414940674426 -0.0130566577623235 -0.0225341446022276
0.0446304851609697 0.157013189925987 0.0643742874913663 -0.0719536586965827
0.111836298714179 0.0725931454795319 -0.000988727051852151 -0.124535072538477
0.114947424896101 -0.0454418168272746 -0.089207888941727 -0.0842809467776757
0.050851153046211 -0.0947127730250857 -0.0968843024384063 0.0107693217854788
-0.0126905495546773 -0.0996514761742465 -0.0515434846888219 0.0402441132397448
-0.0603310964991531 -0.0681130968081313 -0.0209687788597264 0.0262481588240843
-0.0639689245943989 -0.0471455142929219 1.29409897096596E-05 0.0123553470605661
-0.066663950608175 -0.044573460809147 0.0145338283697869 -0.013063943146707
-0.0475300455376043 -0.0840807163859206 0.0404373740745807 -0.0258346239279417
0.00928580093640541 -0.102661827939148 0.0735300668151192 -0.0210208432057739
0.0705700075278673 -0.102379572740033 0.0933650944180496 0.0330549378964842
0.133454044541597 -0.00293819454956233 0.0557644067754217 0.0799312838927883
0.0984208199151104 0.116521308534348 -0.0233409290422022 0.0721394475586795
0.0286781651452109 0.168283542680085 -0.023964160816421 0.00770569862726244
-0.0404889698730893 0.133126034173994 0.00726689403221619 -0.0860574493765145
0.0149326287010642 0.155950588144868 0.0719147441111367 -0.099394279344205
0.0927721088301735 0.0903889830217098 0.0277628114974536 -0.128288472136506
0.114969511952265 -0.0251559344972356 -0.051868474368691 -0.101240689982577
0.0574852900906591 -0.0859971072935223 -0.0761899754516402 -0.030129137921538
-0.0058218532721721 -0.0954954097429856 -0.0593905796476508 -0.00226816144377864
-0.0555863403651093 -0.0693137204786101 -0.0433353028517355 -0.00336290513186615
-0.0611683516480315 -0.0470728605780969 -0.02475780871262 -0.00771724483904483
-0.0632261400947502 -0.0429977918107615 -0.00922295175174604 -0.0322759421045234
-0.0442182603047427 -0.076881770257672 0.0204580249117425 -0.0491196315056314
0.00736061304170561 -0.0953300832829631 0.0649492637676539 -0.0483407042312382
0.0665054721442793 -0.0930186144208331 0.0962391570968736 0.010263616139568
0.119492148637442 0.00299612231609362 0.0643716596922964 0.0623440731045088
0.0782955753585822 0.106224316733174 -0.0202170264832751 0.0542309730300809
0.0141647274914522 0.144505888377533 -0.0205642394927558 -0.0379927752961641
-0.0458441294531015 0.0882119958560615 0.029390651434892 -0.139431880142483
-0.0113505162034848 0.116781602406806 0.0773303618678148 -0.118903032984175
0.05598460546323 0.0793143336100689 0.0493432054687109 -0.124170240994855
0.086711642503876 -0.00654583342824669 -0.0188530566865279 -0.106108600588107
0.048035069118549 -0.0611168283245329 -0.0538653344590951 -0.0610149161369802
-0.000281706057502442 -0.0727622902115053 -0.0628448439826497 -0.0381408145748013
-0.0415353965209923 -0.0564299049465672 -0.0607631900611353 -0.0280279329165799
-0.0480196779233034 -0.039851611871858 -0.0462848555443605 -0.0250525160341557
-0.0502804915167345 -0.0367153910171419 -0.0292983957901685 -0.0485551384341539
-0.0337739608324834 -0.0628365643073349 0.00410128386540913 -0.0691409837653192
0.00924521384286427 -0.0775475334734703 0.0578267615703116 -0.0685942818757537
0.0612966078716579 -0.0697507089910703 0.0960937666659656 -0.00499386955996816
0.0933231611016812 0.0160823836115644 0.0658876335964799 0.0497706415763789
0.0455848516801375 0.0898927015943579 -0.0186781625132585 0.0393828759926018
-0.00711006585972021 0.103922691232618 -0.0133006815428774 -0.0722578378381982
-0.0404257324206888 0.027311386252589 0.0431062533968725 -0.172354586497607
-0.0288149203120979 0.0538168819225211 0.0739333578290454 -0.12836020747553
0.0145972158782259 0.0474032004584912 0.0588235004134714 -0.118087863940718
0.0425231364126313 0.00571058573827402 -0.00133920433093426 -0.105085366145476
0.0273156407442269 -0.0286634131385401 -0.0414304500798264 -0.0771561874965774
0.00317307450443517 -0.0376659924093705 -0.0660831750880603 -0.0593355128234242
-0.021252022871293 -0.0338427453149153 -0.0721374066024512 -0.0434493936238225
-0.0276376808681632 -0.0262508966955926 -0.0600790482877943 -0.0378399357440569
-0.0300842261776271 -0.0261371707451168 -0.0425930389677612 -0.0607486086454878
-0.0191099880737405 -0.0421687838328298 -0.00461975781378131 -0.0850922017719501
0.0101213099461683 -0.0523706676254164 0.0575201893130867 -0.0824948838807696
0.050613377536904 -0.0394434833467806 0.0990559942449706 -0.0122547434131467
0.0591940125336322 0.0283514458074165 0.0656138762465245 0.0447564798392143
0.00919025832623324 0.0646186085659575 -0.0166867446108599 0.0301013211716119
-0.0284227162776225 0.0506323419466237 -0.00109027871541971 -0.0907644048999239
0.0311043552940145 0.00244151654321132 0.00174317489595625 0.109340656072082
0.0105594491766549 -0.0304705552275084 0.0465498461119131 -0.0175335365473456
-0.0204923692638831 -0.0190726659802293 -0.0610802378473275 -0.0612838275244453
-0.0225705770002751 0.0115441013366115 -0.116813313791974 0.00742988572927029
-0.00258613861574373 0.018806695503336 -0.0735781194843102 0.0972649212127982
0.00341632657204355 0.0136281736028947 0.00618568543589707 0.111322991109529
0.00706067189300144 0.0136701019141851 0.0490207561000659 0.0783860653921764
0.00425715260425415 0.00842666563269148 0.0673082827546341 0.0497551328142802
-0.00480418342789411 0.00910058903626023 0.0769349395064773 0.0437332074261756
-0.0117665450980994 0.000670184669917486 0.0735578049900901 0.0578864519299088
-0.00648321606608163 -0.00663227939032972 0.0477641178591282 0.0811666295512434
-0.00249203629337626 -0.0147675316771729 0.0081427305240509 0.0992255374361864
0.0211936568488092 -0.0139733048156281 -0.0501811248642797 0.110112256269689
0.0393468601943784 0.00805119538456615 -0.0840694676245503 0.121709731281302
0.0270186055460891 0.0320263456164024 -0.0504797871352049 0.172257239193703
0.0331232707368367 0.0548860554141214 -0.012671082591752 0.105875413422635
0.0407951848811888 0.0117234985777376 0.0481789851788869 -0.0168312544991471
0.0212280973635772 -0.0148850869646418 -0.0576100589067546 -0.0712904510754674
0.00442301031764345 -0.0183001177383897 -0.124057993282109 -0.00508448122784328
0.00276421365857533 -0.0156426645626631 -0.0856500928826708 0.0950552756860106
-0.0087559221184886 -0.0172885044751818 -0.00374074660800603 0.111971128968486
-0.0180708990244501 -0.00719750958954898 0.0412924118677737 0.078938354024562
-0.0194278177889606 -0.00870110571340766 0.0612226274952195 0.0489475619685237
-0.0269549055968032 -0.0127593421319882 0.0717949015116731 0.0370532207362378
-0.0204518517992664 -0.0363183830179002 0.0753675314389872 0.0467968057315969
0.0109732833072989 -0.0420625469683275 0.0605231738041963 0.0702756816988673
0.0371132880541165 -0.0351663880676767 0.0287092667026649 0.0961480944279785
0.0637123806318229 0.00876430173500437 -0.0282136326026115 0.111858134758529
0.0562239785461681 0.0667949751144651 -0.0653546878859565 0.114723948156188
0.0242307052299348 0.0963440902352395 -0.0420927954421101 0.148523404575408
0.0228415430168407 0.102876612080558 -0.021895103951141 0.0814456919180575
0.0602091739981303 0.0648772513115851 0.0521424332071834 -0.0256987597961286
0.064554657075049 0.00369503946686367 -0.0478051831784922 -0.0888488335339323
0.0418288555871819 -0.0426113262168781 -0.125788153449087 -0.0265593749412829
0.014306709445166 -0.0518810199920741 -0.0962926001945755 0.0802476751579182
-0.0174308597538196 -0.0510425464180904 -0.0190936936416813 0.101092856794586
-0.0396855974340074 -0.0296886050793385 0.0254616526072662 0.0700169265623123
-0.0406213510991395 -0.0244170180458743 0.0466140257252269 0.0421634865230276
-0.046363504214091 -0.028977110787811 0.0581347136643869 0.0235678230645752
-0.0323668241191087 -0.0633877021635894 0.0709928440847792 0.0253143876944908
0.0151786325831856 -0.0739327987621831 0.0732396298764659 0.0442472238535719
0.0603435394276229 -0.0644926513409217 0.0568567894228743 0.0830683238316679
0.102609193788039 0.010544371815663 0.00379576946056747 0.108831714978143
0.0804889807001949 0.102661391274438 -0.0445465323706835 0.103598586819716
0.0292988021041203 0.142485239644164 -0.0323556561089077 0.108589380348022
0.00248309539436153 0.13743210026722 -0.0223247896200779 0.0372949177178457
0.0630664899173157 0.117521927326167 0.0570395351167963 -0.0444598461447267
0.0990229589169616 0.0349942216370638 -0.0286828938294365 -0.107659580230962
0.0817325684849995 -0.0540494908599533 -0.114783549404051 -0.0542777237273554
0.0307692380776665 -0.0811519556027202 -0.100992611989213 0.0517309636072748
-0.0192088222545039 -0.0800079203423624 -0.0352441967079534 0.076563072086515
-0.0550403035189068 -0.0509335224615614 0.00366942233795453 0.0520860755863927
-0.0560293199430146 -0.0371181912861601 0.0252506691073043 0.0290723370769576
-0.0598385311836076 -0.0379704045859305 0.0380314283042922 0.00607580456079848
-0.0432280562239614 -0.0776123312458929 0.0590004887107483 -0.00114714086039817
0.0111650863974105 -0.0944833089010029 0.0776125432272031 0.0109004666381706
0.0674426899825668 -0.0903153878702896 0.0809549938841938 0.0583819775361737
0.12654835753643 0.000589601344489559 0.0341227033138596 0.0957847303397192
0.0986319992960984 0.11463594746255 -0.0290169466061331 0.088236959249155
0.0338713835919913 0.165441756677612 -0.0263265297158769 0.0594586383307632
-0.0208538132917675 0.148003412475573 -0.0122630070824299 -0.0218767312973752
0.0466267762051651 0.151860340987839 0.0634623722919281 -0.0707343952292182
0.109850864995001 0.0687076688926565 -0.00196195196978314 -0.121397093158695
0.109742395094584 -0.0464663899333304 -0.087827490834731 -0.0811780529390541
0.0471685187467011 -0.093323583813543 -0.0925038394536057 0.0117237614278526
-0.0152077399177974 -0.0960450666656386 -0.0490194002460729 0.0395988142012807
-0.0602716235488747 -0.0640323172279874 -0.0203188187568235 0.0264445754278913
-0.0632596286920983 -0.0438767165993703 0.00086740293163433 0.0120551181329422
-0.0657122379231094 -0.040857582258934 0.0141914187928508 -0.0131391270511638
-0.0482750381802333 -0.0805969376273629 0.0396522549091214 -0.0261525672151708
0.0060810426383858 -0.100536438044994 0.0719500278733486 -0.022069038149881
0.0652025623013571 -0.100499419194514 0.0921061091945218 0.0303792456397005
0.129625370419897 -0.00617219933347891 0.0547713068171262 0.0769010262019895
0.0983710783371936 0.111823125126271 -0.0216109779194797 0.0704026574677756
0.030995331586294 0.162772375709116 -0.0240332916421325 0.00918753047796284
-0.0379723952146125 0.130198602913719 0.00644156203818946 -0.0844296553961838
0.0180578629865633 0.1511401177493 0.0701725685880467 -0.0970673514739399
0.091358340363884 0.0861637659319 0.0260185306947368 -0.125771217712026
0.110789327604257 -0.0266585839186065 -0.0515331248598978 -0.0976924126849631
0.0540257616614076 -0.0847940379075464 -0.0732588556108655 -0.0284059113752869
-0.0086463151571436 -0.0923378663301758 -0.0576458394614276 -0.00155375386218698
-0.0553584361201364 -0.0650776716936779 -0.0426093155062008 -0.0017129063626585
-0.0607681186884778 -0.0439439792659292 -0.0237142205679569 -0.00616371963976895
-0.0621239972144254 -0.0394610412259176 -0.00985898469510739 -0.0306293993800328
-0.0447687562080906 -0.0735221816579774 0.0196653795008631 -0.0484385934937016
0.00526976188832229 -0.093205193256013 0.0628947356922684 -0.0483946408763298
0.0612906342296261 -0.092072952959043 0.094707412258906 0.0079504326987658
0.115847249240551 2.05907567495268E-05 0.0632249413535061 0.0591491641344029
0.0787481486388884 0.10202284343194 -0.0192313105945635 0.053695296523948
0.0164349295555365 0.139747804838708 -0.021831078776245 -0.0351148185449081
-0.0434168663593374 0.0866502263397546 0.0263512438319724 -0.135583526129875
-0.00881126242300059 0.113691218111702 0.0744426801249254 -0.115828864588328
0.0549751724416501 0.0764198831923033 0.0476192409855469 -0.121519252151124
0.0837029716858236 -0.00822492745199655 -0.0195088876436631 -0.103146342392352
0.0449134771887135 -0.0604975096725171 -0.0523662897912091 -0.0590888485261148
-0.00236993820946976 -0.0701508858299225 -0.062402583096026 -0.0358513422363316
-0.0417538712752314 -0.0529031532285419 -0.0607313448316283 -0.0252364547115453
-0.0477769995107883 -0.0373497079353592 -0.0448453680262259 -0.0230531575864958
-0.049347769869838 -0.0341172933334252 -0.0288739059371316 -0.0460283734585703
-0.0346262689510081 -0.0601195641379355 0.00312865719590355 -0.0673282588512849
0.00693753748555333 -0.0755926244914635 0.0550623786164928 -0.0682402325637213
0.0567480807548047 -0.068587853520304 0.0946070165573641 -0.0065172902238163
0.0909870527664979 0.0138215403648106 0.0647417937224334 0.0474113436808093
0.0461457174558826 0.0862236477285866 -0.0181598203542443 0.0396858599073241
-0.00540297347781827 0.100862617558508 -0.0157111454136637 -0.0685036865770792
-0.0392356143096204 0.0273364616222592 0.0392065113289728 -0.167819463218722
-0.0271618215680885 0.0527568975989488 0.0711910867949982 -0.125042807387401
0.014580004408122 0.0458776658091314 0.0564500011966042 -0.116400625137998
0.0410145102083042 0.00488924663283563 -0.00235889056829571 -0.102433525969275
0.0254435502314982 -0.0280919429270918 -0.0409805278148131 -0.075459643110648
0.0022347865996551 -0.0366083054179394 -0.0662561179708524 -0.0560382819717351
-0.0208163808098511 -0.0321079427806335 -0.0718024789676362 -0.0393893312621198
-0.0272234681903095 -0.0248030030214436 -0.0580301411879187 -0.0350747143553375
-0.0298531167230312 -0.0245819792342358 -0.0423536482302989 -0.0578169050792772
-0.0195981074731297 -0.0408174071316517 -0.00605342029206918 -0.0819783183238789
0.0083328956907746 -0.0509043380187813 0.0544416790949723 -0.0819298982254044
0.0475815377212628 -0.0396447999511833 0.0962173050908035 -0.0138825748601763
0.0580100556570979 0.0262294571014568 0.0642943487775905 0.0420591895232638
0.00984695012072308 0.06267477854689 -0.0159426027377031 0.0302421212452301
-0.0270234235387459 0.049937433691186 -0.00371954284744732 -0.0873829311827973
0.0308531886514522 0.00295028525466696 0.00364874245822403 0.107203684789634
0.0107298832774179 -0.0306372719528629 0.046788085372701 -0.0181588726888365
-0.0206180801765835 -0.0190741854052716 -0.0594974219758239 -0.0590806971415653
-0.0223218232141568 0.0120622270625101 -0.114847230128192 0.00859949657205206
-0.00191415058980952 0.0182842681575516 -0.0714917604398403 0.0962342256950704
0.00447110528658893 0.0133779383767411 0.00821300609269917 0.109198108630941
0.00741774283020399 0.0129407399082539 0.0500797197491661 0.0758262159997779
0.00443665715409963 0.00737404054312834 0.0664471569565689 0.0468157171112439
-0.00412718540140962 0.00912503791015273 0.0768439017623289 0.041054520673187
-0.0117669406585168 0.00120079141738342 0.0741295719024004 0.0556121625311934
-0.00668464021511257 -0.00626951199442029 0.0484640423027958 0.0793125978042145
-0.00263733993196895 -0.015066992772592 0.00830813800733337 0.0973002462768341
0.020322807242079 -0.0136760544729212 -0.0491127631153538 0.109018849467103
0.0384463004326402 0.00710216152101732 -0.0809724630746248 0.120332514959983
0.0272059718458472 0.0311573224102944 -0.0472071682061958 0.168987436473714
0.0331455363397602 0.0536439083409681 -0.010564278314859 0.103297599643835
0.0404157585298157 0.0104417109177642 0.0485579678763264 -0.0170873473644328
0.0202981655326084 -0.0148838109577388 -0.0567689940400399 -0.0690978140286495
0.00356756920640542 -0.0181576143010688 -0.121943781517911 -0.00371816698509558
0.0026536851212568 -0.015747942213322 -0.0818292598054711 0.0942463282042306
-0.00859934346836609 -0.0169019459067016 -0.00131109582272477 0.110036975282725
-0.0175325372802264 -0.00614326492201819 0.0425627278848886 0.0763848076953034
-0.0187617735427754 -0.00827282113770004 0.0607558849129803 0.0470655347952606
-0.0261587004600189 -0.0118676862771344 0.0717264717727849 0.0349625314996522
-0.0211538505516181 -0.034764700747566 0.0757644751880114 0.0448069909864861
0.0100325865584797 -0.0423495750032846 0.0607931027588991 0.0689462240227889
0.0354594346384644 -0.0351284881935705 0.0285456984069308 0.0948862293225872
0.0629144570792423 0.00763003660718209 -0.0268712485018952 0.109934971039514
0.0561322801638213 0.0644179561981233 -0.0626729203782928 0.113236771558619
0.0250888637761807 0.0942233014385143 -0.0389687420416764 0.146018185482525
0.0228983541792183 0.100452870756442 -0.0199341831089898 0.0801358401401518
0.0604688838401702 0.0619406533139759 0.0523501927154989 -0.0265155820070451
0.0625349085464523 0.00236045359272123 -0.0470097010415445 -0.0859734265908062
0.0395399833172851 -0.0423671388329144 -0.123966122250836 -0.0244353231325489
0.0127074781792059 -0.0508482221691051 -0.0932107865086501 0.0799360292686358
-0.0175792418211908 -0.0493785210360706 -0.0166327311675725 0.0992906992777091
-0.0397349509755909 -0.0283222492803936 0.0261386794660508 0.0684391928180654
-0.0397897261285125 -0.0229728333830106 0.0460567722955925 0.0404222442632226
-0.0454408062833632 -0.0271123097939789 0.0577604304602678 0.0214406580072408
-0.033503754626045 -0.0615161110906796 0.0714064437390545 0.0230435813881477
0.013605607493317 -0.0730886027323121 0.0732477193807975 0.0429534359048738
0.0577499589968538 -0.0640922929166364 0.0573502302573583 0.0807011528430384
0.100927935228668 0.00889452393667343 0.00357401957954938 0.106769573470949
0.0809278312578428 0.0999393737473132 -0.04254481747119 0.102130577999163
0.030517474579961 0.138785373235566 -0.0305813993910639 0.107484324954575
0.00378311581748549 0.134797493958128 -0.021203822980985 0.0365288905316555
0.0643026951823173 0.11392486793788 0.0574630751971503 -0.0439823491715683
0.096801937724557 0.0337229617179058 -0.0283291109644526 -0.105257568170202
0.0787084211074802 -0.054002053655868 -0.11301659694341 -0.0520099466203635
0.0284588343524142 -0.0797166377787035 -0.0968403357032249 0.0517588512214455
-0.0210674242245638 -0.077687588619421 -0.0332475642089588 0.0749582165085814
-0.0549777250976323 -0.0481458442362567 0.00440750372568547 0.0509825948203251
-0.0552832743305848 -0.0349527814724371 0.0253392032137528 0.0277268207613787
-0.0588742551494465 -0.0355096257832141 0.0376120361968768 0.0049041789562114
-0.0445282197529317 -0.0750407485924563 0.0584032332077305 -0.00285503512627197
0.00870123771449818 -0.0929390810499156 0.0769909280999265 0.00934548751331309
0.0640309179428371 -0.0898886364639331 0.0804571810083189 0.0561826596779532
0.124039202711739 -0.00188757995294037 0.0340149498257518 0.0939524682508857
0.0986471066758208 0.110797484540994 -0.0278125981595049 0.0869373021529725
0.0350822412083932 0.161313912377052 -0.0256076507697882 0.0595965381544338
-0.0192417278106096 0.145794231354068 -0.012025851201158 -0.0214038031898956
0.0487653227696954 0.148381280145552 0.0627754418654159 -0.0701175727423948
0.108184411512389 0.0663649554710708 -0.00214082800021275 -0.119197857453362
0.106299765263826 -0.0467123105997955 -0.0867072617541011 -0.078508560076578
0.0434176042544278 -0.0925494452662904 -0.0888868641309377 0.012014972943961
-0.0167135107745728 -0.0938788061339845 -0.0478025226450891 0.0386260053394839
-0.0603525420614889 -0.0605939642818676 -0.0199926274735906 0.026701694559764
-0.0622886573818423 -0.0411395368387485 0.00126282734447552 0.0115049159704303
-0.0649325066149822 -0.0384235666026269 0.0137613150044511 -0.0126975648601326
-0.0494019233755546 -0.0773587106002736 0.03948079892151 -0.0270240309782511
0.00393423476283115 -0.0990318613489865 0.0705332863988512 -0.0229975819848667
0.0612986883927473 -0.0995715190793362 0.0917850325024407 0.0282495835357555
0.127070035819986 -0.00827589977458481 0.0531029514886439 0.0747813849364498
0.0983487853297068 0.108446598534179 -0.0201818107909158 0.0695540585301637
0.0326466233808009 0.159293311463022 -0.0238997813575528 0.0104664189734794
-0.0366022585411365 0.127897043684979 0.00562343843701587 -0.0825365947493088
0.0204136438895316 0.147954088315174 0.0688503690476251 -0.0951716747908561
0.0900684556093551 0.0835115354813733 0.0253598141067667 -0.123943445689175
0.107861536779488 -0.0276435313881599 -0.0516261785189181 -0.0955194461612546
0.0506531930376914 -0.0844517782452925 -0.0710486897166533 -0.0276681966861133
-0.00995960400271774 -0.0895116857713608 -0.056743067238184 -0.000916859647275784
-0.055763631899982 -0.0617176238481343 -0.0427899853239211 -0.000446657122768259
-0.0595694825382183 -0.0415488977989883 -0.0228816038658094 -0.00533428282631668
-0.0613835928235786 -0.0368826184150808 -0.00944266080964132 -0.0297619024717031
-0.045516954071849 -0.070350646979206 0.0193108813132493 -0.0477884950712813
0.00222584450721356 -0.0917015308656162 0.0614990011269559 -0.049455983844007
0.0579437123727645 -0.0904566977103093 0.0932746703839165 0.00608283854083131
0.1136934684618 -0.00280018252297632 0.0618855032281208 0.0572873760368976
0.0788283632482839 0.0987478281686341 -0.0183292548960337 0.0531384927018285
0.017548054383382 0.136396935172095 -0.0218654790638224 -0.0328978729912958
-0.0420326546406155 0.0852400779769805 0.024920097787157 -0.133232412603429
-0.00710906432776804 0.111620672023263 0.0723947722265073 -0.113706476880078
0.0548177283856931 0.0747266638997901 0.0461692868972822 -0.120449948408319
0.0814369040249237 -0.00973788645889257 -0.0195262977449008 -0.101176497274639
0.042283842102315 -0.0599526346884727 -0.0512338111498397 -0.0578377347356301
-0.00393188664063563 -0.0679572935784204 -0.062476072426962 -0.0351281962178394
-0.0419017752223265 -0.0502855160844887 -0.0606800102848177 -0.0222619723260764
-0.0470701735442078 -0.0358294051530898 -0.0437631597467615 -0.0210685943249984
-0.049046454836935 -0.0320520815164154 -0.0291529158711899 -0.0443769035002516
-0.0347704154938399 -0.0577668541080782 0.00236609152471418 -0.0653606045430396
0.00468774065926708 -0.0742037461455918 0.053945342589851 -0.0680411993211123
0.0541727903221824 -0.068454905163677 0.0934855772119358 -0.00865128798943708
0.0893536342416144 0.0116753610356119 0.0634723017561956 0.0452144085537445
0.0463306441342202 0.0841134287700183 -0.0170290904187673 0.0392567754537488
-0.00355606531515321 0.0979791469793958 -0.0168641703288408 -0.0656450321469736
-0.038120259891973 0.0272438761296924 0.03635845556779 -0.164572354900243
-0.0260608630408223 0.052156721583797 0.0694419633534766 -0.122801282864007
0.0155358704920698 0.0451257803630824 0.0544116049323869 -0.114991882806616
0.0402503518775309 0.00385141399676997 -0.00321439184086871 -0.100939120012382
0.0248784089271575 -0.0281944268089508 -0.0404784347154623 -0.0744019824880545
0.00144426700781337 -0.0357727837910419 -0.0662641525903804 -0.0541211315419285
-0.0214894760758925 -0.0308571893684632 -0.0715956508786074 -0.0367708850375789
-0.0268883823125845 -0.0237503063828109 -0.0567101463758053 -0.0326356743044203
-0.0292800998992429 -0.0230088999532983 -0.0418067643871658 -0.0560068379783821
-0.0198545674982966 -0.0393122340742728 -0.00639980393669611 -0.080616291428887
0.00685437247358686 -0.0501399145457026 0.0521797194836919 -0.0811666339863562
0.0456713521305325 -0.0389568021145177 0.0951205125763062 -0.0155715471885581
0.0568688024622174 0.0250330044984169 0.0634460002019662 0.0404094402155626
0.0105805550379742 0.0613188925829979 -0.0153330249113085 0.030099708402965
-0.0263864093102864 0.0485091594103991 -0.00593653444225344 -0.0843463856112218
0.0277513772785307 0.00810618736534154 -0.0161327150638889 0.104508032728969
0.015080786637198 -0.026297118515916 0.0510266265704498 -0.00833999122956006
-0.0142568839409043 -0.0219734183877299 -0.0441400536932146 -0.0685845184934631
-0.0218629374832668 0.00606775481902822 -0.112825223093349 -0.0142505155036293
-0.00448752957071494 0.0148729953696205 -0.0864923844434357 0.0786167495205803
0.00172854525992874 0.0121653525270201 -0.0130786501712576 0.106279834257117
0.00532341224011471 0.0129413001530717 0.0334182048277468 0.0833892102038263
0.00274828155412145 0.0077751351781986 0.0541099665911964 0.0575562728014234
-0.00593775960910158 0.00770765060721386 0.0662702584843352 0.0536633851262641
-0.0114990835029688 -0.00118611055516951 0.0605171574104905 0.067174924692748
-0.0049291127514928 -0.00832671575544847 0.0306397794952221 0.0861134017685889
0.00150523414198528 -0.0140464884826121 -0.0135848388015153 0.0944892806770454
0.0235918918897032 -0.00815771799430931 -0.0702203655551483 0.0954853636392615
0.035972104724921 0.0154736894010057 -0.104221121594113 0.10194321025104
0.0191383414005561 0.0351809831018374 -0.0836273739788048 0.156030854346418
0.0195668176668488 0.0566749027481936 -0.0293832107222709 0.0990094224934532
0.0364981504286227 0.0172574756504707 0.0507413343711698 -0.00661896612899941
0.023007562449447 -0.0104702157132382 -0.0396976424910749 -0.076368134499102
0.0077648140756469 -0.0169098750340517 -0.116510308958006 -0.0264291161063836
0.00570941183411872 -0.0160878015630668 -0.0966848221611696 0.0748662918732238
-0.00512953751078196 -0.0191105832998703 -0.0220278819430552 0.105681112514165
-0.0146619518224042 -0.00936753492034526 0.0256063333138625 0.0827372114210827
-0.0165165845257536 -0.012842533149635 0.0489604625925052 0.056282946195953
-0.022794114605448 -0.0167805171979386 0.062653987064367 0.0467733507346242
-0.0134126631396215 -0.0374817479741109 0.0641223372899107 0.0571129878585929
0.0178500777800845 -0.0386980689341736 0.0455995298009438 0.077054500538701
0.0417095008242716 -0.0258767034337746 0.00819547477885583 0.095983658470436
0.0596496542792083 0.0218052035216613 -0.0483083689430917 0.102172029764352
0.0409861482378716 0.0746939146748327 -0.0853393688447605 0.0993330425281402
0.00429763981808141 0.0952919436809051 -0.0707331651667253 0.136227383792146
0.000862855463322878 0.099099506906123 -0.0345118369411221 0.074489053004378
0.0461794532205336 0.0697363390483445 0.0540141712947782 -0.0141593423949333
0.0599693257418504 0.0142134080034168 -0.0273059136986085 -0.0898886344873885
0.0453782658119843 -0.032776951703712 -0.113416252110317 -0.0464503607704258
0.022427063227886 -0.0474129793983175 -0.104102175458564 0.0598445055137824
-0.00744291552693927 -0.0510601997311502 -0.0334717639778032 0.0924721487034928
-0.032117758719046 -0.0341674263123394 0.011829219610294 0.0712723415646825
-0.0338031803253778 -0.0305958209687223 0.0365719895992571 0.0472553883396352
-0.0378558576441576 -0.0349839139963888 0.0512721258572939 0.0317703627279086
-0.0201400843183755 -0.0650398912603477 0.0643485972196489 0.0352294779699066
0.0276341706725612 -0.0679173444319068 0.0628177525325837 0.0540022007737194
0.068690634839293 -0.0490193340560836 0.0399489170445736 0.0875846792439583
0.0961165044513434 0.031593629707284 -0.0155724369809449 0.104907945653647
0.0569478024110522 0.113423075647692 -0.0640770668524096 0.0934586578912794
-0.00118259726859327 0.14020152006294 -0.0535944089115745 0.100247215983085
-0.0238481237615635 0.12753790346249 -0.0275946391877388 0.0324634142155911
0.0405742008311723 0.119981702744259 0.0604052846277378 -0.0308533821184958
0.0865254784006399 0.0507159806385183 -0.00721877035715652 -0.10289854851394
0.0841304716936364 -0.0354094358498921 -0.0978969776604359 -0.0704621230775444
0.0429506044314676 -0.0712835111794886 -0.102598696438751 0.0315646063017249
-0.00516663986375328 -0.0781515947452062 -0.0448300818757991 0.0664480453158658
-0.0436050972290428 -0.0557138897017053 -0.00608488921536483 0.0502572432203777
-0.046393240820642 -0.0447780259053733 0.0191773833333374 0.031579085885332
-0.048665942533637 -0.0450144803837883 0.0355509581191559 0.0111844898567485
-0.0278345256929885 -0.079855058750633 0.0570910923267257 0.00740572896526166
0.027227700154022 -0.0879687589314442 0.0728114332888424 0.02167146453139
0.0797815472291007 -0.0717352929886479 0.068259119973642 0.0683568661911046
0.120587806255879 0.026190330792616 0.0166485277563594 0.0982104592194592
0.0725260977265552 0.128908377387233 -0.0461328587796401 0.0820558179263371
-0.000342135983593994 0.161788145084241 -0.0383449694217135 0.0548031697337978
-0.0477962203648322 0.133769798510616 -0.00821401544498999 -0.0212791721044293
0.0200673996453689 0.150013470612785 0.069302548800302 -0.0546395266502738
0.0907729581603153 0.084463350679254 0.0197449428360662 -0.111552159448719
0.108798229954376 -0.0235504189662805 -0.06711054034684 -0.0906929107743867
0.0597818163890279 -0.0790339449981007 -0.087735147678824 -0.00373573889432908
0.00138676180456098 -0.0921581596637622 -0.0520467742626424 0.0287585174146299
-0.0465048133679921 -0.0685307392957378 -0.0248480945787755 0.0215933780085776
-0.0525852326420186 -0.0522351089181535 -0.000591450005596361 0.0115090642153199
-0.0533206488750097 -0.0491960387615677 0.0160572931072877 -0.00990677051819697
-0.0321563426377833 -0.0830333154037153 0.0443057645403981 -0.0194321091727408
0.0235005399931985 -0.0942692115443539 0.0736419430650625 -0.0117147166790487
0.0789517136092323 -0.0816117690347574 0.08508746952549 0.0433422212762188
0.124686743628187 0.0203223481435906 0.0400573927605247 0.0825082615169548
0.0726570172771076 0.125186396204175 -0.0351367784766901 0.0668650911736959
-0.00308601042756762 0.159222724776591 -0.0260586753694222 0.00674816396197728
-0.0594430120610333 0.11444149461993 0.0207263102484983 -0.0763421403837147
-0.00632894761394115 0.144634915916292 0.0803821071782185 -0.0789026394033431
0.0703783261974484 0.0985239285562291 0.0465404568456188 -0.11085793901917
0.106075698518981 -0.00531896867412912 -0.0303379609880326 -0.0995230819082271
0.0643826002274123 -0.0694726449434695 -0.0624503502515117 -0.0390674857579537
0.00701803151416178 -0.0869149022495627 -0.053600338713345 -0.0117195680689983
-0.0417515408484228 -0.0681571837938501 -0.0414274657605067 -0.00878418555977463
-0.0497772424496448 -0.0520132991949182 -0.0202854425204178 -0.00952649831288385
-0.0501146785945747 -0.0470817643976465 -0.00303647281855271 -0.0309443767969065
-0.0297919199366151 -0.0760204233592802 0.0287808600676186 -0.0435279645482397
0.0209330476291116 -0.087824825645935 0.0690506468037543 -0.0379551088614534
0.0735114100614941 -0.0741023167659826 0.0914012368309621 0.0221066718557876
0.110306902487816 0.0228409356507126 0.051305608147462 0.0673571655635955
0.0553021957376546 0.111809871189257 -0.0296073254412776 0.0504876982408904
-0.0119736364874241 0.134539917546437 -0.0156443687534069 -0.0356294696226471
-0.0555356110865439 0.0734710574373016 0.0480830354613833 -0.123053605482534
-0.0258693030059133 0.105614044765753 0.0885963173068712 -0.0967221335347213
0.0384186688832925 0.0827613371926649 0.065402025152127 -0.104632321378136
0.0781937090480868 0.00798058424281206 0.00155312784332639 -0.0992061650261331
0.0523279807016399 -0.0481963530163648 -0.0375057750236462 -0.0649558267689288
0.00924519656715909 -0.0653534055288683 -0.0532086547866097 -0.0455586298264777
-0.0308299652086637 -0.0549087049566128 -0.0550224369021514 -0.0341847126138688
-0.0388687035147174 -0.0434991467142077 -0.0369004455315824 -0.0282717576485537
-0.0398817396893836 -0.0398709037105928 -0.0191406432712409 -0.0483261108958997
-0.0217726790715903 -0.0617868813602509 0.0163555500460894 -0.0635988228898848
0.0195402971430627 -0.0698658617261623 0.0650475942187668 -0.0571296636608092
0.0652512731044857 -0.0535702419536249 0.0940354893696375 0.00877969712974464
0.0837035211934321 0.0305276294148025 0.0548475697377478 0.0567716169432854
0.0268002099061887 0.0908199406222505 -0.0262650148846852 0.0368890585131295
-0.0256986205148235 0.0929168146953893 -0.00313410107789823 -0.0669768718647037
-0.03990392131262 0.0193660472526913 0.0657548145538834 -0.151371415715905
-0.0332329674981522 0.0461882562098289 0.0883348198042485 -0.10564269134035
0.00603383439959784 0.0477904214902051 0.073423217645989 -0.0985975294224961
0.0372783576160132 0.0122938508517977 0.0167848650573377 -0.0963742712418051
0.0289768871580022 -0.0210387137862792 -0.0252745116193907 -0.0792016869065895
0.00873335981632307 -0.0330438362170718 -0.0542189446941422 -0.0655525935828613
-0.014466599317197 -0.0329152096601161 -0.0627944396220013 -0.0498838071839821
-0.0214647141229914 -0.0286415447113792 -0.0477805198761018 -0.041384027959108
-0.0233209152034664 -0.0278370258021406 -0.0286512298916894 -0.0619669104108876
-0.0113582543920035 -0.0411008628378485 0.0100276938743841 -0.078710928699101
0.0164144914502954 -0.0461450481746094 0.0671264378915475 -0.0693321107951282
0.0516364083823795 -0.0281084795484033 0.0973807628736205 0.00297025109885644
0.0499703661372037 0.0361425595107974 0.0548827817320889 0.0526897053152281
-0.00341122222757072 0.0614539981115151 -0.0229384627209204 0.0280795643567659
-0.0366040207169539 0.0412516310600603 0.011920496916127 -0.0834103012102775
0.0279881030041526 0.00758378121795398 -0.0141999189411392 0.102215893686576
0.0147322399982353 -0.0266467399594468 0.0504942301998898 -0.00933881673277191
-0.0141139350676342 -0.0217281324789707 -0.0431841394615616 -0.0672288620462646
-0.0213872264524952 0.0062190644100549 -0.110545238272339 -0.0121584078333465
-0.00425668919083698 0.0146405994565257 -0.0841046771311641 0.0777474192594239
0.00236805686508377 0.0114462180669183 -0.0108539575847646 0.103189279640672
0.00544126786173959 0.0121416601700476 0.0343368045259146 0.0803082892467508
0.00329610419530424 0.00687495444612116 0.053653090651098 0.0551110065604896
-0.00484677570045998 0.00747279376824892 0.0658429792760074 0.0509890771272165
-0.0112169251128036 -0.000623613469992272 0.0604547068937204 0.0648881231497866
-0.00515450367719568 -0.00753940920864613 0.0317571154540458 0.0845678265391325
0.000828377647515517 -0.0142779634635263 -0.0128704278758938 0.0925358107281964
0.0233806421775594 -0.00840453363892012 -0.0684899400602497 0.093920682070954
0.0354433348827625 0.0144999147338763 -0.100355535984807 0.0992156769419898
0.0185152343056647 0.0345332570705564 -0.079633013582004 0.152656826453685
0.019860631224634 0.0550954967863744 -0.0275076451539648 0.0968979730404122
0.0356941112649612 0.0157185087028237 0.0509244782098906 -0.00752468908821524
0.0222395363799731 -0.0107630562664419 -0.0389212068777219 -0.0745400962149304
0.00690150007446217 -0.0166876558817733 -0.113796275151687 -0.0245937376303902
0.00547072320162071 -0.0158477542506659 -0.0933030753703247 0.0741464818570431
-0.0052818156339612 -0.0183308996685409 -0.0200151283898661 0.102694634076382
-0.0147812528565457 -0.00929458009026602 0.0268390105171953 0.0799368944032821
-0.0156498244516387 -0.0119601229532215 0.0485724484591464 0.0541667537879778
-0.0221620499897409 -0.0158670618319986 0.0626148394788042 0.0446249437167802
-0.0141502360936879 -0.0360849770386179 0.0642987978796849 0.0542413277879258
0.0167926775040883 -0.038686762694034 0.0456803655997386 0.075415575747655
0.0403382705936016 -0.0262290463266129 0.0083737634534706 0.0939657308102197
0.0581805005250303 0.0206555458612948 -0.0469082011728001 0.0998089847322904
0.0413232945499954 0.0721931827918004 -0.0820303030563489 0.0967608673089462
0.00398478952136344 0.0922036262542458 -0.0670511940770125 0.133673845543074
0.00166258591018189 0.0964060430946994 -0.0323281553405604 0.0729289845482052
0.0458829453132063 0.0671465758439665 0.054058463928268 -0.0144609782748511
0.0583771155244324 0.0135224261789827 -0.0264978849278937 -0.0873250557431395
0.0433795177197752 -0.0319963273669943 -0.111310768026535 -0.0441663504915792
0.021264948014735 -0.0466308913771849 -0.100042034348613 0.0591672439022799
-0.00876436339111352 -0.0496309228888088 -0.0314378473108809 0.0902778473069454
-0.0316879500286004 -0.0322643771225627 0.0127567362385785 0.0692180306286959
-0.0331240857847042 -0.0294107680279605 0.0361805976818134 0.0458011130416363
-0.0370524306744122 -0.0327703990226119 0.0512809731935572 0.0302090188059702
-0.0213729989236456 -0.0625608394052442 0.0641549818492278 0.0325486462916721
0.025934580794021 -0.0673094745800194 0.0626320065870066 0.0518900223616468
0.0657734526005227 -0.0490701349109924 0.0396240369191969 0.0849666248512224
0.0944747877549408 0.0291760427739025 -0.0156393473696644 0.102831460851132
0.0578727516461542 0.109922143403863 -0.061605458313983 0.0915869344271619
0.000377217929504654 0.13552238009568 -0.0511518201491108 0.0986596211348705
-0.0230080860408052 0.124401439266419 -0.0258089560493922 0.0321978269117404
0.0410752853521966 0.116570329390234 0.0602444887896394 -0.0307563866772432
0.0842691237665621 0.0484929366813528 -0.00656779435869315 -0.1009769560963
0.0806014607426641 -0.0352404421959846 -0.0961968797341319 -0.0680201383130282
0.0402007490176383 -0.0698968379513257 -0.0987100395191909 0.0316431506404885
-0.00636782840949825 -0.0762826635229848 -0.042292993718775 0.0645541540086615
-0.043097529820786 -0.0530446419867005 -0.00505504352764159 0.0492657208685892
-0.0460338213158485 -0.043196140060038 0.0190454816158276 0.0301267047311116
-0.0475255708263099 -0.0428042557900839 0.0350351791892079 0.0108057655131862
-0.0293704067983096 -0.076914765240988 0.0571942585978746 0.0056274775251225
0.0249365807969985 -0.0869868287186513 0.0719355392101113 0.0200892112145912
0.0760469042619495 -0.0717985441770956 0.0676699612357645 0.0654749570835641
0.117792251830441 0.0235875548071314 0.0162547924218549 0.0955538682921158
0.0721732358327029 0.124273678331028 -0.044525815261212 0.0804834418824039
0.000459953435322182 0.157021297040938 -0.0365096614948425 0.0546054562702869
-0.045741181957616 0.130855999039124 -0.00748033950762867 -0.0210107031966812
0.0217742206068299 0.145964297402978 0.0686106783921536 -0.0538283219433188
0.088916948462316 0.0816929383061147 0.0192199150065825 -0.108573271445764
0.105016753765363 -0.0241285963495458 -0.066081065208654 -0.0871208582177706
0.0572467674070218 -0.0783419159206278 -0.0834573705766936 -0.00343804114577544
-0.000101614328160413 -0.0893384824003274 -0.0500997635787713 0.0281828670476773
-0.0466129149271707 -0.0650486978009577 -0.0242265274351661 0.0217149055294591
-0.0515320426761742 -0.0498805425643348 -0.000431094020505718 0.0115869530929589
-0.0524841336214636 -0.0470270755233929 0.0162016214638435 -0.00998561210398762
-0.0333375646471214 -0.0796372092801622 0.0434486324170088 -0.0202019122182293
0.0210765486366254 -0.0934156516149017 0.071406327111957 -0.012038475447844
0.0748766509015481 -0.0809583134448128 0.0834891428447235 0.0410158893916989
0.122069445565559 0.0180636714518707 0.0388025414647745 0.0803651860918851
0.072905216393214 0.121161011540037 -0.0342837880108874 0.0649263866324529
-0.00165824303326942 0.154579066273063 -0.0257729717679628 0.00763264548051896
-0.0573750207812535 0.111839378676973 0.0198420259509607 -0.0753014671711345
-0.00445802265528069 0.141238519102057 0.0785307242281962 -0.077294446248381
0.0697579311844592 0.0953848832307438 0.0448628576287203 -0.108348220619692
0.103028520702603 -0.00617859158251755 -0.0293048663610456 -0.096979703626364
0.0615230958310793 -0.0689415918665943 -0.0599294242190823 -0.0383995274817257
0.0056530148234207 -0.0842516869414273 -0.0528284504128703 -0.0118101473668537
-0.041811438021984 -0.065449310140919 -0.0411874094855965 -0.0072804564644533
-0.0492376203883228 -0.049668558212663 -0.0198690485264903 -0.00891038076658777
-0.0493064418993587 -0.0446179361339399 -0.00368605081132975 -0.0300828363654563
-0.030045871676455 -0.0725189006003713 0.0280492616617793 -0.0432189660802539
0.0186084738898659 -0.0857702844631768 0.0669465131591414 -0.0379789168371702
0.0694170346330883 -0.0734891668504284 0.0903223624143957 0.0203700404633308
0.107359975218381 0.0205039317811843 0.050486254498325 0.0649478402123518
0.0555640485806946 0.108357404855208 -0.0289837811393846 0.0494701029115785
-0.0106094109697218 0.130399009674493 -0.0158222208966185 -0.0330806701308911
-0.0541430773395127 0.0720973327609081 0.0471648834609466 -0.119706974348063
-0.0238626172772982 0.10314924438951 0.0865057581892839 -0.0942524755470145
0.0383191317275342 0.0811970535383077 0.0635745595137018 -0.101905348354336
0.0764382125743833 0.00694922854975588 0.00144221618071812 -0.0963985544448455
0.0503408851283476 -0.0473410327044908 -0.0367252974095696 -0.0638531160965187
0.00771171773544106 -0.0636457824828507 -0.053416377992902 -0.0444203482861287
-0.030664699889256 -0.0525360354915629 -0.0545893326784044 -0.0315082722340461
-0.0386791974222187 -0.041279883351154 -0.0356343286254495 -0.0264318380248262
-0.0385809857771996 -0.0384014517090605 -0.0191299564786169 -0.0470935429777925
-0.0221684774294765 -0.0592765942104842 0.0156645233343287 -0.0619240582613143
0.0181869760507652 -0.0686877735832312 0.0635362578843377 -0.0566489679230426
0.0612499993490131 -0.053135173412156 0.0927784689690623 0.00729224373987134
0.0814321918759066 0.0289178652831024 0.0535812870849463 0.054731561201196
0.027318640450183 0.0884475786957552 -0.0257363879826747 0.0364882116006419
-0.0244961506237997 0.0905536254970488 -0.00459384716338375 -0.0634283748529946
-0.0390614950500899 0.0193243961604937 0.063509220041635 -0.147781997195882
-0.0315644600689604 0.0457367091803236 0.0861444117312294 -0.102897742014955
0.00713111024135836 0.0468239531624653 0.0717773471460182 -0.0966785687917945
0.0365984204066443 0.0114760030149381 0.0163581601700493 -0.0938295794055276
0.0279632387918388 -0.0210614011330962 -0.0240803970144225 -0.077789450930961
0.00826870411742065 -0.0321344330770077 -0.054825179498404 -0.0631570344551523
-0.014533996483983 -0.0311952698978463 -0.0627252934951047 -0.0471815713303011
-0.0217361189050916 -0.027306143911549 -0.0463461520294348 -0.0390543103487251
-0.0229544866253899 -0.026670872259586 -0.0282814997659052 -0.0593876582022774
-0.0115743464848399 -0.0397825707719474 0.00921878013506963 -0.0765390190980828
0.0152849711001629 -0.0453829343164601 0.0643674471521927 -0.0688420379172854
0.048586218376624 -0.0278043246319448 0.0951041146507641 0.00199492558846123
0.0487294418356626 0.0346330193864931 0.0539061383539769 0.0501338604652985
-0.00264977660512104 0.0599011231951117 -0.0223358125392004 0.0284267618280615
-0.0355610492501762 0.0401372163246582 0.00958366035054842 -0.080045076906387
0.0278700849119908 0.00793661485535754 -0.0139984886705142 0.100089249159428
0.0141905118584171 -0.0262233438937982 0.0509807389307254 -0.0090158821778239
-0.0137875464763645 -0.0213393404038139 -0.0413400625969657 -0.0660087884149201
-0.0208039158982996 0.00622133234135538 -0.107999721346029 -0.0123819681336949
-0.0041049564594505 0.0138835990805245 -0.0829381877347484 0.0757954164421633
0.00207617332083533 0.0108285181735929 -0.0103359848005734 0.100196914258104
0.00527589814648518 0.0115642525869606 0.0342363333503148 0.0780196509017243
0.00311398102910154 0.00673640949583424 0.0525128650508897 0.0536018304614031
-0.00451801073333733 0.00722213013221785 0.0646358495089419 0.0492518539493328
-0.010857620075833 -0.000493205519064486 0.0596899101984358 0.0629488698122646
-0.0051469882934655 -0.00812353292478539 0.0304081207649935 0.082903319467573
0.000972546190246021 -0.0138533056724449 -0.0137561432123714 0.08976177326099
0.022803524752991 -0.00799230935906835 -0.0684201384981968 0.0913615617255914
0.0340994897262975 0.0135104112544371 -0.0992174556336765 0.0954371857673844
0.0173435577877071 0.033625568820164 -0.0776046182326416 0.147751945612199
0.019377288933242 0.0542139348383753 -0.027148273494453 0.0938888967966295
0.0348435128442126 0.0151775910399742 0.0509229129890754 -0.00754680096405928
0.0213155425680253 -0.0106485650365566 -0.0367879212886311 -0.0731020936455522
0.00614105019262416 -0.0160466659076302 -0.111495784152249 -0.0245301021633967
0.00539721098361266 -0.0158484900107963 -0.0912257829585708 0.071779865008305
-0.00514559242937899 -0.0181707545255705 -0.0191692406698768 0.0994769842809813
-0.0138993992089497 -0.00916363048137785 0.0262904167730758 0.0776044564492555
-0.0160190286557485 -0.0121025464863487 0.0477261512675428 0.0526716127434219
-0.0212270834068128 -0.015571567570211 0.0614406481895496 0.0429834362946306
-0.0142063007338864 -0.0350213653102049 0.0640270479860393 0.0518985343964746
0.0162792934172285 -0.03842938960389 0.0445142244806961 0.073983588246171
0.0388120156920492 -0.0252233945398378 0.00812678297288004 0.0911606261268673
0.0572694812241968 0.0201020324927875 -0.0474323089020403 0.0971224701638536
0.0397703951081544 0.0701111576389882 -0.0809840427479321 0.0938409929003199
0.00304098946283513 0.0898460180056415 -0.0658362739814786 0.129414764430076
0.000478065617895033 0.0943392006237966 -0.0315500133971086 0.0706729195921638
0.0448768526683949 0.0648472360835918 0.0546868293042898 -0.0141638691815729
0.0565642015340851 0.0135042592867156 -0.0248714172374172 -0.0852816314372403
0.0414967078666144 -0.0313123348416798 -0.108445492521503 -0.0434997380814005
0.0201195720788049 -0.0456032454283779 -0.0977287617489056 0.0565499708315848
-0.00820205555818568 -0.0483660368905847 -0.0309098193556397 0.0873367527380782
-0.0307076263239935 -0.0312341646663309 0.012996267991448 0.0674831947952714
-0.0323512329013529 -0.0285257771211575 0.0359433680911063 0.0441168183340217
-0.035860537277279 -0.0315512523115057 0.0506360426674596 0.0289397135382923
-0.0215399792136482 -0.0601819394005754 0.063528657918706 0.0311334607066198
0.0245027202547503 -0.0664159927015231 0.0612555662906682 0.0515341101082008
0.0638250805457187 -0.0477236224762456 0.0388067951799176 0.0826988134866476
0.0923426755079164 0.0280723297092489 -0.0165831055167933 0.0996781120081594
0.056512703025638 0.107478748890738 -0.060459300234375 0.0881891956621946
-0.000980337718480322 0.131551290452749 -0.0502629670720545 0.0966046532659066
-0.0232731734012198 0.121670013886836 -0.0249274612541408 0.0307983212321227
0.0405476509730732 0.113274990827613 0.0604387104011259 -0.0297544938339374
0.082020989202874 0.0479712742414842 -0.00510259820302456 -0.0980666780864453
0.0785614168967387 -0.0344460363680254 -0.0927913641556391 -0.0670743796029819
0.0387049151224901 -0.0683034102441208 -0.0954570353135082 0.0300933956956096
-0.00652637512684393 -0.0739294766669172 -0.0419728034717866 0.0624353941376927
-0.0418294432601425 -0.0512044876626937 -0.00496008279201773 0.047762892619348
-0.0449200183613685 -0.0416114587235091 0.0194974817176016 0.0291488234591974
-0.0463723742760231 -0.0418338857429283 0.0343008937900712 0.0103817967550407
-0.0290253235645684 -0.074415695289673 0.0569086369095953 0.00452806900518426
0.0236554274969325 -0.085471110112537 0.0705374040677415 0.0196259755382692
0.0732812537565489 -0.0698249252970376 0.0658418582004901 0.0636711898933547
0.115059380422798 0.0228108908480368 0.0143125926603758 0.0931497551836559
0.070545043222841 0.121263017668518 -0.0438115938875774 0.0777179873957657
-0.000437845575326919 0.151785078788253 -0.0365798289423868 0.0533578436821519
-0.0455120789516774 0.127532885520238 -0.00643934719301796 -0.0207283369183929
0.0214684588753413 0.14215053946673 0.0687965864375444 -0.0517074093404642
0.0864204564461934 0.0802875395929124 0.0206993265187678 -0.105517169116464
0.101941440325753 -0.0232755469804472 -0.0634338341040645 -0.0860381508276279
0.0549686101654168 -0.0765164148828529 -0.0810878220209883 -0.00511999910859677
-0.000574009144142079 -0.0868056599958808 -0.049219705437459 0.0265198717894091
-0.0454821217671392 -0.0626063642583513 -0.0236852015970348 0.0216420632413146
-0.0507396730377235 -0.0486357391869247 0.00011092498232411 0.0108413879347308
-0.050692971399882 -0.0445820034770529 0.0156532946296403 -0.009598196705646
-0.0330314115768958 -0.076840763923649 0.0433199310953136 -0.0206498055691817
0.0200644781638602 -0.0912129570944737 0.0702724631501771 -0.0116412878188069
0.0716516989373285 -0.0789155184004195 0.0823867449320312 0.0395953377729773
0.118748347919839 0.0174369824713316 0.0368728387977815 0.0783566852427768
0.0710954771085484 0.118582375839253 -0.0336758945061169 0.0633600729356083
-0.00273781183752363 0.149912224170857 -0.0256792963259364 0.00807687016023688
-0.0571458951859715 0.108835003716354 0.020076831191759 -0.0729874384638441
-0.00426010187135792 0.13738140584125 0.0778655701338739 -0.0740730195441158
0.0676157128647619 0.0934773195075704 0.0455192391948116 -0.10498022772106
0.099806190271879 -0.00582980072180241 -0.0277836405326242 -0.0947941440364087
0.0595390559837164 -0.0669690538384745 -0.057129721313942 -0.0389540416520774
0.0051689798015407 -0.0820426396201775 -0.0524708706333604 -0.0116706038769331
-0.0406809106201429 -0.0625280172262735 -0.0407337259000341 -0.00643462853213975
-0.0482695269995775 -0.0479477336339194 -0.0190352523049896 -0.00856709882715268
-0.0480024160116788 -0.0424929250846061 -0.00313434131612413 -0.02905426997979
-0.0299082974783268 -0.0703929355877412 0.028401338293277 -0.0421963401833736
0.0178444817960477 -0.0839475586198982 0.0658932696534245 -0.0370295107523055
0.0666398411766361 -0.0712775083746095 0.0891209359983225 0.0198441024671977
0.105327379391493 0.0201021876611972 0.0479348009134531 0.0631316434579775
0.0539722503744345 0.105702299279723 -0.0286906500056795 0.0484951885926893
-0.0116579407689661 0.126017171217378 -0.0159774524829374 -0.0315499395790427
-0.0535395399857687 0.0698527416367803 0.0463673450909272 -0.116431573088884
-0.0229953918285947 0.100877943057656 0.08546178385334 -0.0906612569013648
0.0374604195374488 0.0791539846388126 0.0637550397142775 -0.0986384393945112
0.0745016120382248 0.00641916180927718 0.00227639121187697 -0.0938601611698892
0.0484844935143191 -0.0462391422300729 -0.0351254992370777 -0.0635124882536978
0.00793185989944898 -0.0616458395870445 -0.0529120548211793 -0.0433790102153266
-0.0296458035632554 -0.0501903245006287 -0.0537401645994285 -0.0306477546442921
-0.0375894346302562 -0.0399861449746494 -0.0347828488387123 -0.0259840349877034
-0.0378600195613358 -0.0364435551929026 -0.0180379559278277 -0.0451511509105504
-0.021916729767257 -0.0574211889081491 0.0157599877525811 -0.0603431815394672
0.0170638587254659 -0.0671183538314594 0.0620122834492479 -0.0551076156276852
0.0588371717130228 -0.0516978819261606 0.0907778906524189 0.00633424428666149
0.0795549987489354 0.0278908505693589 0.0514739102101542 0.0528447202539228
0.0263753041146289 0.0858733112103035 -0.0251875908689156 0.0358097288549279
-0.0246311715943585 0.0872443132027262 -0.00491350789872858 -0.0607474285000486
-0.0389070520763376 0.0186009491739708 0.0631330189919831 -0.143379797956581
-0.0310297028379197 0.0446123923794892 0.0851835508998707 -0.0987661579815387
0.00704649616881382 0.0454346258031298 0.0713712038586929 -0.0936098398785207
0.0357926422731174 0.0114328552871851 0.0178155556922241 -0.0913472994890852
0.0269667232404706 -0.0201741409715907 -0.0232890802816191 -0.077112698003267
0.00760175656145024 -0.0314711730510283 -0.0546681602946012 -0.0613509873624674
-0.0144231354006296 -0.0303989171540381 -0.0617585806136123 -0.044816375607455
-0.0214902336305624 -0.0262483260561052 -0.0452284441269842 -0.0379730846328894
-0.0222303668687417 -0.0257485052127331 -0.0274153065002011 -0.0576861599243138
-0.011129459299813 -0.0387348028173234 0.00894550151244352 -0.0743572812037812
0.0149041634286009 -0.0437131495423996 0.0626028904634835 -0.0670097453846295
0.0465310665849662 -0.0269815318830219 0.0925937441780093 0.000846060266951496
0.0477369502592945 0.0337640587266987 0.0518926038627418 0.0489176742463816
-0.00333010525456812 0.0581331274188415 -0.0224339306391309 0.0282217330088558
-0.0348111169393392 0.0390991704061305 0.0091338675669593 -0.0771206594669702
0.0276758284862993 0.00876724285308596 -0.0146131537634196 0.0981685570038695
0.0139943700336554 -0.0260767252566004 0.0513917804051095 -0.00926903189809331
-0.0138555774408423 -0.0214923077253781 -0.0397420544538697 -0.0663859538397874
-0.0208202753533462 0.00589172894818508 -0.106153975005423 -0.0134851842351612
-0.00455531469569763 0.013678334849562 -0.0832543380306141 0.0738618545640219
0.00198632061920708 0.0104113709942125 -0.0111453293374045 0.0983504026439035
0.0054667247525943 0.0111087084942182 0.0331088549323923 0.0758897609752781
0.00300287579319939 0.00609437321711156 0.0514555374905909 0.0528895965608199
-0.00410093157303563 0.00679839137451324 0.0637544715058551 0.0479087418992466
-0.0105832677362393 -0.000578795526579324 0.0588176856367308 0.0621379089908894
-0.00459160366985826 -0.00779923627145701 0.0292037916903094 0.082615660325227
0.00116062738840828 -0.01343284997791 -0.0157517272441217 0.0881118727103185
0.0229251031042763 -0.00800323764155727 -0.0701294361422262 0.088225649561406
0.0334552620732613 0.0136482872820263 -0.0994716197697119 0.0913952811982753
0.0159293556312661 0.0338735204996751 -0.0786818620658703 0.143078688355644
0.0182036634564887 0.0542366533297184 -0.0270998641397883 0.0924335896673726
0.0342505287736633 0.0148087536649045 0.051628007789627 -0.00747747905116114
0.020770146987592 -0.0104812235275844 -0.0343843090126001 -0.0726890677464805
0.0059988005558571 -0.0153581316435909 -0.109626325223063 -0.0259722620428167
0.0049501215675431 -0.0155133412042497 -0.0914363823030834 0.0689771899544181
-0.00553031460305204 -0.0178572892397156 -0.0197052127912981 0.0971199981189662
-0.0137830597310065 -0.00937197049217646 0.0255128755529957 0.0764042887240982
-0.0156121125120565 -0.0123308278891094 0.0466109723641768 0.0521769338981798
-0.0205134697477616 -0.0150267201512588 0.0603415516526312 0.0424081637615083
-0.0137177277761129 -0.0341927018100859 0.0629896994863082 0.0519210566690838
0.0160054032130258 -0.0377670924218806 0.0438487738732203 0.073719767502243
0.03840409804059 -0.0245274800232207 0.00630649819472026 0.0899550909074453
0.0567025795296054 0.0203834819670705 -0.0495892652799269 0.0958165076274531
0.0387929783503721 0.0693440350488344 -0.0816965223236506 0.0906790879100106
0.000613626009982545 0.0882743232729879 -0.0667666774773683 0.126391298497347
-0.000539968541028647 0.0938791305220894 -0.0317469183685928 0.0694128097798051
0.0438781385264946 0.0641785766091694 0.0553961761585218 -0.0136213084600478
0.0546382667640289 0.0142111107534617 -0.0218767730277726 -0.0843445493283586
0.0408839381902929 -0.03023413516688 -0.106466742896425 -0.0452240308244396
0.0202504483937706 -0.0447881108562722 -0.0975531727533064 0.0540047364934008
-0.00818303693072783 -0.0475127273028014 -0.0309747074313168 0.0850673959690676
-0.0301001973911735 -0.0310143257808883 0.0119642897081063 0.0663161947131186
-0.0321957644343349 -0.0289131428506557 0.0350277286182609 0.0433759821534469
-0.0349491953251992 -0.031529635118949 0.0504379560709949 0.029147938040635
-0.0207009422014868 -0.0592068245335328 0.063450721550023 0.0309076089386478
0.0245726949880076 -0.0660913998361252 0.0600707919891075 0.051494894268041
0.0621250008603649 -0.0463113601441899 0.0367257909857846 0.0827025157983883
0.0908741191242805 0.0289933987397406 -0.0190303225579122 0.0984124961292356
0.0537667009164971 0.10640402455313 -0.0619853752009293 0.085647766973716
-0.0040449133036822 0.12915535159866 -0.0510144618749964 0.0942108335797676
-0.0252555838120582 0.120235541210032 -0.0250970750715381 0.0299216433126711
0.0387367134919315 0.111455784486739 0.0613137200870471 -0.0287257058510016
0.0795909032882361 0.0481095188933931 -0.00198407793249926 -0.0967927121938726
0.077470586483005 -0.0329294604901491 -0.0905840848771916 -0.0675727207870278
0.038750720014434 -0.0670925021511859 -0.0946431195887607 0.0273720276888388
-0.00632421256038715 -0.0727328276102771 -0.0422242314900906 0.0605634874894557
-0.0409433726613778 -0.0498574309749786 -0.00579257147927676 0.0473116352641052
-0.0436227939319803 -0.0413175852832788 0.0188718077418248 0.0288647354922401
-0.0453498173434647 -0.0415326573884578 0.0348731462354996 0.0108572702286259
-0.0276461852112595 -0.0729977034113456 0.0566533673700731 0.00468943165230789
0.0235500776485543 -0.0846005733553818 0.0698187661696289 0.0207588736847577
0.0719633054011328 -0.0678348304216241 0.06429206735433 0.0640280926217141
0.113319254256694 0.0236754811801837 0.0117892048835288 0.091978811151775
0.0681097930900313 0.120710257917031 -0.0454460842433085 0.0752790095009403
-0.00399100859184699 0.149416408097534 -0.0362811552371144 0.0528711720521119
-0.0476587970861661 0.125754203723882 -0.00564827901429453 -0.0207002351047527
0.0194687631077441 0.140496756933532 0.0701253930994562 -0.0503354977926923
0.084295884513453 0.0807543207130289 0.0229648805900225 -0.103702975498259
0.100344315563411 -0.0214072599322141 -0.060828351023865 -0.0860375546024845
0.0547662478193832 -0.0744151547454615 -0.0792796446437024 -0.00755175919361815
-0.000126339858718931 -0.0853980356773377 -0.0498553159218544 0.0249261306456107
-0.0441311320688019 -0.0614342128932943 -0.0244375701383678 0.021548717265155
-0.0495874097323183 -0.0475459829339937 0.000306557653299888 0.0103001173559969
-0.0493771742459687 -0.0443413295582624 0.0163901661125041 -0.00888362918655791
-0.0316798223636149 -0.0754917687945135 0.0436712397323162 -0.0201707414524876
0.0200016924241288 -0.0900909214534392 0.0698481301046561 -0.0106790362263776
0.0707776102332286 -0.0763297911153854 0.0814222623889081 0.0403010904671604
0.116838656492427 0.0188936766839777 0.0341126464203798 0.077311556437699
0.0686615533763652 0.117559657173053 -0.0349111861979909 0.0609673389568131
-0.00573400792067099 0.146636183841431 -0.0256863476218239 0.00884342817664995
-0.0583335069228798 0.106339841767694 0.0217354929691829 -0.0722126863789524
-0.00576159218581905 0.135413732393188 0.0796170533601606 -0.0718639794113204
0.0656612031204437 0.0934755877856409 0.0479196143088664 -0.102667887084079
0.0988637402700989 -0.00413973546732407 -0.0249956128432289 -0.0943331404093548
0.0593376327644034 -0.0651463054454478 -0.0554088970121006 -0.0405016033829439
0.00556772435818406 -0.0808564091998524 -0.0526113130027527 -0.0126552446236618
-0.0397142977035865 -0.061056656207383 -0.040655997221163 -0.0060334379652032
-0.0474459176991029 -0.046735001348689 -0.0180601021648006 -0.00894472886431529
-0.0466281048579182 -0.0422824343327348 -0.00235163104629889 -0.0280065933709405
-0.028548330284239 -0.0692740939619798 0.0288043892548326 -0.0422699502019765
0.0176164390702014 -0.0830243013956725 0.0653304456065954 -0.0356701005558632
0.0655196510040432 -0.0689139320170155 0.087683000401849 0.020306227471545
0.103031932352188 0.0211336627751666 0.04574002274111 0.0627505181722417
0.0515119617298961 0.10505459206694 -0.0296831804485996 0.0472429571459369
-0.0140816437063916 0.123793528595658 -0.015664146727019 -0.0302295579291304
-0.0544287647162537 0.0680340865686916 0.048133680424648 -0.114447768071456
-0.0240154953487027 0.0989049948824414 0.0866321255365248 -0.0873695450832668
0.0355033208916846 0.078767369709044 0.0657181125269676 -0.0952540262830243
0.0731674088352871 0.0079083358939177 0.0051509909259515 -0.0928869728405222
0.0480873715787677 -0.0448515077790626 -0.0326636670481902 -0.0644795727743913
0.00865696396970118 -0.0604561619347525 -0.0531310898903309 -0.043288259676654
-0.0285797766160434 -0.0500045696499998 -0.0536597885710702 -0.0291460780219961
-0.0375443419085093 -0.0392847266056893 -0.0338975855141309 -0.0258191679101621
-0.0361505288856834 -0.0360955724684421 -0.017408637320194 -0.0445951651748107
-0.0209048519489222 -0.0566986061091283 0.0168052774148348 -0.0596014005222677
0.0174865161959857 -0.0658269296035257 0.0619111795213081 -0.0534839018032455
0.0580195013733518 -0.0493297131137722 0.0900933591561838 0.00797261362272656
0.0774796815869664 0.028357443984213 0.0489503088001559 0.0530157829003452
0.0243952231308312 0.0846641333281371 -0.0259251836136519 0.03517425691876
-0.0261707446564318 0.0853013699434585 -0.00438926193929251 -0.0588889856490885
-0.0386509627935906 0.017555196526697 0.0656787148387291 -0.140397536549853
-0.0308378380890548 0.0434932580795453 0.0864270785016205 -0.0955959310828022
0.00639271203710417 0.0452413014373161 0.0724346383875357 -0.0908147919693627
0.035276930748573 0.0115277150723736 0.0194837358576546 -0.0895558673515253
0.0270895947262371 -0.0196057261837245 -0.0209469662723581 -0.077034791101763
0.00845150683185665 -0.0307840576747093 -0.0547096259013505 -0.0612680272159622
-0.0134054124643481 -0.02991737310168 -0.0611128234898236 -0.0438432960523686
-0.0209390677462567 -0.0257566790057714 -0.0441569205947897 -0.0380294669538885
-0.0207411451049097 -0.024969130283579 -0.0266620895488419 -0.057193774257881
-0.0104633301264705 -0.0380760631240512 0.0101729762844736 -0.0732662236698047
0.0145305768413897 -0.0430263718091684 0.0620881678429978 -0.0652608305199671
0.0460102684371206 -0.0259437446650084 0.0918226592364733 0.00236708829519027
0.0462183715026168 0.0340674857383042 0.0495503910411134 0.048992167944607
-0.00432755309583859 0.0572991708713595 -0.0226492710203405 0.0282285788219758
-0.0353912442838423 0.0379926354825504 0.0089741940666749 -0.074535245526897
0.0280538560343387 0.00976072966275794 -0.0165151213996634 0.0989746606264546
0.0143270899043235 -0.0262377079813771 0.0535578741411302 -0.00896239011060945
-0.0133544329871486 -0.0219061034943314 -0.0380602144459942 -0.0677459618645473
-0.0209562696921662 0.00586478274431883 -0.107012241541384 -0.0159677170761482
-0.00475936857229299 0.0134786190374832 -0.0859184322189541 0.0725832437659216
0.0014749927373241 0.0104367924002643 -0.0127025514454483 0.0979962754384979
0.00527049082980197 0.0110559022396494 0.0325522194047691 0.0759819469195273
0.00243115379804859 0.005999652280352 0.0511876696367655 0.0536465118900768
-0.00383848010844172 0.00678336026113355 0.064779800213716 0.0487336117809671
-0.0105925832614086 -0.000572890832081561 0.0582108416303273 0.0635475311267593
-0.00459622399869013 -0.00799028749724473 0.0281421120515044 0.0846997926683987
0.000429419967930212 -0.0134314302935218 -0.0187543388288379 0.0881887264418859
0.0232435047885069 -0.00757112043897036 -0.0736117504918482 0.0880914578213854
0.0335037361257734 0.0138880206889267 -0.101563033531123 0.0894240826104091
0.014598714005983 0.0345023562060776 -0.0818941127371757 0.140726181316403
0.0173151090270669 0.0550104762766044 -0.0296613728750523 0.092835899120367
0.0340396776918935 0.0152019630508052 0.053369842848035 -0.00694777024903411
0.0206892848339665 -0.0102422764306308 -0.032171620258938 -0.0746066917746807
0.00582356657516082 -0.0152638180248377 -0.109815366920276 -0.0282460296463494
0.00513045428360642 -0.0156784790441717 -0.094456007230081 0.0677057168811526
-0.00502794597571988 -0.018200284639826 -0.0214820030561468 0.0975018792687878
-0.0134275054954723 -0.00949038108827406 0.024958929374122 0.0767897787655086
-0.0158206795719313 -0.0129179306308388 0.0465316910376151 0.0527944189613636
-0.0204888637481257 -0.0155630685314073 0.0612938608339153 0.0433363129086054
-0.0128460403068026 -0.0347585095100777 0.063494022657089 0.0528291657285306
0.0167797027801203 -0.0382180186067642 0.0435378478506169 0.0757222767591691
0.0383391805329031 -0.0241159307608371 0.00378039250815052 0.0904376589385271
0.0566548367741462 0.0215738886923002 -0.0533720856052347 0.095195664551978
0.0380603817205208 0.0705728998065826 -0.0846211198755934 0.0887121761667801
-0.00227550368207359 0.0889091577401341 -0.069775834099367 0.125200568563028
-0.00292612719958494 0.0946611535980529 -0.0328401369658021 0.0692162078541256
0.0432304644768 0.0649723470379787 0.0570892115909929 -0.0129914648567428
0.0547278090225724 0.0154091440944486 -0.0191351119043333 -0.0857293322940836
0.0409817554959263 -0.0296661786065529 -0.106480192017351 -0.0479028622114319
0.0205981243220616 -0.0445592117400663 -0.0989112285832681 0.0515826092899863
-0.00803195499489136 -0.0480149742741102 -0.0331408032992387 0.0849765525695742
-0.0294035895605764 -0.0309716894834458 0.0109836719833957 0.0667201168105446
-0.0317525783508155 -0.0294038498117481 0.0347277378257002 0.0442114392524338
-0.0347787916738095 -0.0322837144417278 0.0510525175582972 0.0298265501677708
-0.0201438727277943 -0.0598184217892152 0.0639615687636537 0.0311878986943591
0.025745048789459 -0.0663338090059785 0.0606406285906324 0.0533230760765052
0.0633240013507619 -0.0450854722617455 0.0353468508417179 0.0833890151915418
0.0908901207303336 0.0304247710511751 -0.0229749932016234 0.0989177813099341
0.0527740523836784 0.10825423063464 -0.0646532991036853 0.0845538610403743
-0.00823999414670603 0.129557053098615 -0.0531480053974613 0.0935880613193458
-0.0284118188579938 0.120531862701889 -0.0256701319889675 0.0290995576700714
0.0371027507536409 0.112738058735256 0.0638093983159774 -0.0282554570686469
0.0794142032085303 0.0507254553213217 0.000865365376507824 -0.0976807527578185
0.0778972228877558 -0.030844485506597 -0.0896562666293535 -0.0701414371301734
0.0399754255446473 -0.0664946611119183 -0.0954211712980914 0.0244681913893522
-0.00522205306371839 -0.0732797082585106 -0.0437587183293382 0.0593716589354431
-0.040426216750742 -0.0504438609021646 -0.00627286402276293 0.047569350561555
-0.0437596124426857 -0.0421617854874709 0.0188620789771247 0.0293268310281534
-0.0449210686380088 -0.0419012778460938 0.0354719985901176 0.0116637681094845
-0.0269600648101056 -0.0738638876888814 0.057568647513489 0.00493579586115531
0.0248255234482358 -0.0851512708521841 0.0705183399697139 0.0225936654839269
0.0723693089739968 -0.0669700094014015 0.0647176366005416 0.065136656278656
0.114073814787058 0.0260047103534132 0.0085112792889492 0.0925886399729095
0.0668817220026083 0.122908808870861 -0.0478335712050056 0.075003383737067
-0.00781267132844882 0.149850957953378 -0.0374447207962263 0.0529307341483146
-0.0514458887655119 0.125758174033549 -0.00488820523138225 -0.021324745519972
0.0171359997124103 0.141073196634053 0.0726323711782283 -0.0492146791613416
0.0832765798641917 0.0830055105179924 0.0265637886972312 -0.103777582395585
0.10064811659549 -0.0192923255196419 -0.059081015830228 -0.0882590511226349
0.05605062418017 -0.0741527422387532 -0.0793381274875439 -0.0102368227215402
0.00070492200284191 -0.0857740504595102 -0.0509241253229163 0.0240948416814639
-0.0435797516660082 -0.0619056468288256 -0.0253237523505237 0.021824791231436
-0.049176101860052 -0.0485371384389935 0.000152914992744893 0.010272471445187
-0.0483580936690817 -0.0448825686666168 0.0164222807474074 -0.00862441853639981
-0.0309826347458649 -0.0762520664157384 0.0448269861120497 -0.02025000762695
0.0209459549614043 -0.0907209785552137 0.0711432683566424 -0.00921973604068179
0.071276953721016 -0.0758496450061181 0.0812767754422338 0.0415212005305006
0.117140027051164 0.0202932199037975 0.0316117990225902 0.0786009169940013
0.0672156547281099 0.119860119606991 -0.0368834153166023 0.0610665717360754
-0.00990595755218715 0.146801138129063 -0.0265615269457794 0.00906327212517249
-0.0620232081036614 0.106257193651147 0.0237564310683904 -0.0724624115122173
-0.00774530752032588 0.136324516853715 0.0828790781422985 -0.0707566588518841
0.0638211300379556 0.0953412205571435 0.0517816297734628 -0.101236783258282
0.0995341894386691 -0.00201480678302057 -0.0221665619685652 -0.0958572028569267
0.060644590701247 -0.0648593034654811 -0.0540389939466183 -0.043342598354291
0.00693760433597261 -0.0811548542839423 -0.0536525580126276 -0.0137421904196816
-0.03878294270579 -0.0618313883728307 -0.0419845541972533 -0.0058178767181699
-0.0465668807258903 -0.0477275332087622 -0.0185664104867652 -0.00932112702459197
-0.0455224812341406 -0.0428766281043344 -0.00141836887050251 -0.0276729513095275
-0.02814411275373 -0.0696756172322999 0.0302895529844647 -0.0425752031202543
0.0183968122454331 -0.0832377142976947 0.0669511235856638 -0.0349189390707481
0.0658854001092405 -0.0677951634578211 0.0888202914031522 0.0214011043392891
0.103316022767966 0.0228027808962126 0.0433327612473389 0.0644125781301932
0.0502934191002056 0.106545654713345 -0.0316008424258372 0.0466953025629047
-0.0173319971608966 0.12309123326394 -0.0158279437110344 -0.0297777353629104
-0.0570738919055971 0.0675549492746887 0.0516217682918407 -0.113968652857095
-0.025901911321561 0.0986583632724124 0.0898920287660753 -0.0859421584528817
0.0345355358877845 0.0801890238706134 0.0690106711217739 -0.0947720056681511
0.0732391052292958 0.00912134710602517 0.00812546547015948 -0.0937831308626459
0.0489934396743256 -0.0445976918369707 -0.0306067444882542 -0.0667030688544205
0.00993297814474442 -0.0605880181708901 -0.0538556698667612 -0.0447802116753052
-0.0280888101704304 -0.0499910915917867 -0.0544530226092457 -0.0296201386575787
-0.0371975618648322 -0.0394413160561465 -0.0335340315786058 -0.0261981826952785
-0.0359821457764805 -0.036188514371213 -0.0163456194722127 -0.0448466113914521
-0.0203191102077412 -0.0569719152076595 0.0180855756113022 -0.0600906564582678
0.0177322520387558 -0.0658218259905369 0.0635613388509578 -0.0526380295538374
0.0586812891735912 -0.0484451663905144 0.0909973285444815 0.00895141214047877
0.077772581273503 0.0298523267241931 0.0479192221302576 0.0541668586708063
0.0231531776254359 0.0858459935823619 -0.0271829342839851 0.0355148917383594
-0.0284615468087787 0.0847295670770911 -0.00383182231649958 -0.0586407965430659
-0.0404162653728576 0.0168619962565974 0.0692478831033415 -0.139294761779652
-0.0317863568686097 0.0427079503649519 0.0899085468796145 -0.0936710491061103
0.00589545788195443 0.0452629135526342 0.0754756948929625 -0.0895894005618533
0.0354761539466996 0.0122277778804267 0.0231753146450501 -0.089833652997456
0.0272153598955705 -0.0193144217321237 -0.0193903788858725 -0.0787047739781825
0.00934761226478259 -0.0305080335590048 -0.0546186618154483 -0.0627826831514902
-0.0128954227944182 -0.0300643042179689 -0.0616964359430311 -0.0441403357977864
-0.0209121855921436 -0.0262537914965935 -0.0430034192862429 -0.0387922869900322
-0.0208646009655954 -0.02584244725652 -0.0251061255946567 -0.0576154932381132
-0.0102445930808441 -0.0387222488101654 0.0118313168378834 -0.0735626159040366
0.0155825324854119 -0.0427449352468568 0.0642744731592434 -0.0646281494980267
0.0466578980975836 -0.0249335822207572 0.0930435961814998 0.00422934468465016
0.0460431431364732 0.0349438859182502 0.0483686086153691 0.0506877356203783
-0.00570284435798725 0.0574783664137992 -0.0237928904748581 0.0278089394030089
-0.0363252418467978 0.0373661435831417 0.0100268874749625 -0.0740315675883722
0.0297381912687108 -0.00748396174257348 0.0474764392372483 0.0888793012540432
-0.00343525543071038 -0.0295939328058242 0.0385336613618386 -0.0420848111790813
-0.0244319074126891 -0.0102989187876254 -0.0730141283156384 -0.0341224642768432
-0.0140979297604174 0.0177494525326425 -0.0990798104265118 0.0526299591681561
0.00444490330291075 0.0143596986265071 -0.0266931313596277 0.112162614053019
0.00767098923306853 0.00753143408684821 0.0490525100861866 0.0885512814996978
0.0109276216679255 0.0049606646343477 0.0739966442249901 0.0421705694302139
0.00552804548277442 0.00330438100503424 0.0745394147357748 0.0125421144164654
0.000741523602254367 0.00805887553163977 0.0828017817363851 -0.000210681706858941
-0.00890941745867267 0.00604869621662532 0.0882399155220992 0.0166615875554935
-0.00818868426399581 -0.00330647761032954 0.0753198540204299 0.0520788206414596
-0.00651448284082949 -0.0113761349179794 0.0379271130582083 0.0859370743840532
0.0157777589651122 -0.0198490308140446 -0.00725248847889713 0.119237307398707
0.0364238452614207 -0.00762414201254486 -0.0288828807702272 0.139111360601392
0.0335037552722885 0.0230377627324165 0.0177142191763429 0.169522629493101
0.0459888013182723 0.037418010507475 0.0362238909637197 0.0921828345524467
0.0363727493989852 -0.00708558516455421 0.0414756736529324 -0.0399913289547673
0.0105574862148948 -0.0203915496636274 -0.0704749981814284 -0.044451720317293
-0.00466903396145945 -0.0146421864818098 -0.109628146365006 0.0426714973009922
-0.00452755438947529 -0.0153880072305382 -0.0368311228147083 0.111871957355807
-0.0150387953376239 -0.0114959431908706 0.0404070206583806 0.0921897382584674
-0.0162890068423622 -4.00964143718614E-05 0.0674000079438464 0.0474434942529061
-0.0208519826276244 -0.00120544874036772 0.070393665659708 0.0146328398185405
-0.026342846032 -0.000530339970247125 0.0770565794652313 -0.00288565068993687
-0.0320315203153792 -0.0206844801089164 0.0857346718165194 0.00434847149768891
-0.00974460291294862 -0.0420953068685937 0.0825793056738662 0.0356012955617691
0.0188571350416242 -0.0438863940546442 0.0572585131775211 0.0730322853438656
0.063292802519934 -0.0160957358931863 0.0134507497233144 0.111314943765597
0.0759280287154906 0.0372290586314197 -0.0165963423598452 0.128142067069672
0.0530202100562899 0.0803093174506687 0.0166330311317576 0.145608054657045
0.0504028299033274 0.08274484472385 0.0212497331630521 0.0761089408895443
0.0719917371933217 0.0283130106469092 0.0432921861133942 -0.046031271199594
0.053632488450004 -0.0187079191789068 -0.0643940383940015 -0.0627806882166954
0.0161793394193273 -0.0462105707246421 -0.117690177295368 0.0221768517159509
-0.0086304529252778 -0.048477403995865 -0.051141215632453 0.100652804650419
-0.0344682272031168 -0.0348529987551771 0.0235714758522281 0.0886511053867362
-0.042501795986594 -0.00775427014929106 0.049920015117089 0.0487827506966186
-0.0445542796392926 -0.00455718793563601 0.0561437561086353 0.0141330773408513
-0.0481857974287059 -0.0053980039930316 0.0608783499569643 -0.00824942034244187
-0.0533666656193738 -0.0377908365234464 0.0724668787891535 -0.0140980846487555
-0.0199428034765265 -0.0715206733400924 0.0827647318489374 0.00718026548544448
0.0264716143419971 -0.0765880406294809 0.0799286679610875 0.0477492078903441
0.098729519640945 -0.0300179602262105 0.0408406892996148 0.0960682659345141
0.112845654245717 0.0596132165734554 -0.00368655418216391 0.112464251439457
0.0742057646442389 0.118170184779864 0.00970210692275338 0.108201661853258
0.0433388360820265 0.119011653578723 0.00553470445734783 0.0397829119128068
0.0939178804028985 0.0705374725030147 0.0405244749684062 -0.0607693968290956
0.0940337214200473 -0.00383776131429579 -0.0521328733464217 -0.0847808795352726
0.0449952155196207 -0.0685009170924063 -0.116812073800613 -0.00858453989752551
-0.00610139406586133 -0.0774101035568882 -0.0646680573651526 0.0749914722068971
-0.0473803514198855 -0.0564844595713465 -0.00155936597534285 0.0738013414266682
-0.0620886262729785 -0.0168946831737532 0.0235242265306846 0.0446122092007049
-0.0617906248618273 -0.00751988126973202 0.0333545632000306 0.0118856202694611
-0.0625602529715332 -0.00757768753710186 0.0374037779277299 -0.0138990509115013
-0.0682678651198941 -0.0448796909785215 0.0513186319920901 -0.0319583548143221
-0.0324258212047374 -0.0869828082171694 0.0713127944751555 -0.0246730862623972
0.021092581006361 -0.101475510903378 0.0921126105792711 0.0148207767872043
0.115820968578629 -0.0488851244202384 0.0629960595658721 0.0717484302692851
0.134162158719108 0.0635043415506035 0.00398307377124634 0.0946465476782242
0.0869100225583903 0.134110413783117 -0.00427905512952705 0.064232412074268
0.026030787026717 0.13566188870719 -0.00804224803577281 -0.0125060934360884
0.0935515252378049 0.104581241355136 0.0353155867140787 -0.08203563880696
0.115901189032879 0.0203772717394637 -0.0332031098933247 -0.104860323542644
0.0706303471334628 -0.0722612900973557 -0.100753428883349 -0.042860405752674
0.00319769322087691 -0.0928939675584465 -0.0723391067062041 0.0364103063142075
-0.0497249142457021 -0.0703812565181206 -0.0286632039625829 0.048975668113046
-0.0713535578110284 -0.0238701561539403 -0.0089258037682065 0.0342574095806659
-0.069979383706178 -0.00966301731648662 0.0070400433435892 0.00834910347777548
-0.0677985225806405 -0.00739525379320782 0.00972640269235001 -0.0181975920487418
-0.0727941033719365 -0.0446434788712816 0.0252258466683689 -0.0454124097106329
-0.0393047529043545 -0.0894668216816365 0.0525207726128762 -0.0505379819790162
0.0146039540329038 -0.10714749199325 0.0924836243757833 -0.0154520132218476
0.114988853558818 -0.056319124314441 0.0728351307888017 0.0460927825738218
0.133034989545344 0.0602912892942497 0.0039070572597289 0.0763423928582429
0.0839247695598722 0.132410462457687 -0.0221699457553889 0.0203286333175013
0.00606897311317699 0.124593739156599 -0.0157438265124021 -0.0712508555233488
0.0697882228021355 0.114629594534357 0.0299850299387779 -0.104055466453539
0.108041721821057 0.0413589734161768 -0.0113093263966984 -0.116278910248818
0.078778210539014 -0.0572721710112727 -0.0735699703444129 -0.0708721923855568
0.0116437568821283 -0.087656409245732 -0.0712901262857506 -0.00572976578291065
-0.0421078029199442 -0.0702668368470282 -0.0537216534665349 0.0194782705529566
-0.0677583028758757 -0.0264679310192251 -0.0394535687315062 0.0216796079842845
-0.0677857030698939 -0.0105622267574353 -0.020263497274495 0.00358952479162848
-0.0643624148344501 -0.00793725880858159 -0.0174811840277295 -0.0227162664940676
-0.0665409761581024 -0.0411477266291698 -0.000328487723207917 -0.0544822273556917
-0.0361901742512784 -0.081630046525991 0.0330871527718258 -0.0689789503305153
0.0147182821366287 -0.0975394786471937 0.085928839471452 -0.0367721534326121
0.1043855530178 -0.0461709933395046 0.073767475691652 0.0264922503562159
0.110057926208002 0.059206032018797 0.000176594002450892 0.0606656189454005
0.0626639853432453 0.116042805508593 -0.0363836174379767 -0.0178465605706115
-0.0111517501491751 0.0888877563581063 -0.020644069323362 -0.12205215794199
0.0340660548427536 0.0939514897625652 0.0253273885332999 -0.121053971404601
0.0746612038715187 0.0452070716307491 0.00572674456864848 -0.120025703707605
0.0647469469160591 -0.0340828685195063 -0.0462915590800893 -0.0863675619154062
0.0141702987784683 -0.0646482282299362 -0.0657591472844304 -0.0382610298015383
-0.0280351967140615 -0.0552312255036772 -0.0720847139468602 -0.00507277204583928
-0.0526177229675306 -0.0234472679378369 -0.0640041147757107 0.0104173211969169
-0.0546678801355366 -0.0102498982090442 -0.0431436172915673 -0.00110496047574332
-0.0520833321201486 -0.00848136777757717 -0.0399034094401534 -0.027112784266223
-0.0519751682320995 -0.0352164686175839 -0.0215738689104797 -0.0613851195864922
-0.0260940489318699 -0.0667474262757786 0.0194148641342505 -0.0818091517538656
0.0199523305876994 -0.076409620809828 0.0801427503463917 -0.0485355526177154
0.0870139166682745 -0.0234137280106548 0.0712517454897647 0.015061311309957
0.0737376248246865 0.0591986636195617 -0.0029288862118999 0.047398808723507
0.0289703468677776 0.0901032760290946 -0.042810499478451 -0.0488177972518022
-0.0247257828593027 0.0360947053741767 -0.0246212145345008 -0.155073348072117
-0.00233404483976605 0.0521608991552531 0.0181440782933959 -0.128382930424056
0.0309328992582151 0.0327597223323231 0.0123321402212287 -0.11889386621679
0.035380342553526 -0.0106463200321761 -0.0319116218714951 -0.0907835464571891
0.0106118098084674 -0.031395057080944 -0.0631498783033048 -0.0549636852874449
-0.0108031031015646 -0.030237233500322 -0.0831278764697801 -0.0182187566195124
-0.0280923996424298 -0.0158182573818074 -0.0786337431788275 0.00292709836768456
-0.0335035702712345 -0.00814568515087967 -0.0590637679108998 -0.0053364482118523
-0.0333417884585731 -0.00903402741016114 -0.0554084253141638 -0.0320658696624295
-0.0326202023778192 -0.0261179512899653 -0.0345832698746067 -0.0685703070904926
-0.013251149854614 -0.0459655448460204 0.0126295902248338 -0.091533811158059
0.0242240784843548 -0.0492723145946444 0.0788604491124087 -0.0539457250775745
0.0627729937946259 0.000753462796957238 0.0698473847673041 0.0120259200521968
0.0315736641695747 0.0530462278698543 -0.00363380174563117 0.0388167111930689
-0.00736973225619766 0.0543158282811024 -0.038301840361863 -0.0697514595387701
0.0309726844794689 -0.0088723555449916 0.0518271859888572 0.0911441215094511
-0.0042503126501309 -0.0306318429957187 0.0396167645869028 -0.0460648818386488
-0.0254847304935619 -0.0101014085569899 -0.0769051076049933 -0.0345357496847892
-0.0144932307389582 0.0185442406922327 -0.101585670872856 0.0565926066174647
0.00416620041035749 0.0152194655181606 -0.0252857618545132 0.118130333146789
0.00776807787046491 0.00787859449399532 0.0524835246457441 0.0899652138832429
0.0111111524719594 0.00457618518017471 0.0768101084716257 0.0414609427355989
0.00542788280064725 0.00324040220014977 0.0775936660272479 0.0106761510694869
0.0011448146655394 0.00812139810214462 0.0858498857409986 -0.00391649478214844
-0.00881713459191355 0.00584515277748834 0.092280671544427 0.0146622698025326
-0.00827114762632917 -0.00363891078253839 0.0799963932902402 0.0526894193252874
-0.00688180974821657 -0.0114209554312608 0.039301336940487 0.089467870621179
0.0155333920685016 -0.0211891901565245 -0.00602167053823955 0.124493059194401
0.0370462474828944 -0.00854209448396529 -0.0286656783290069 0.144170955521863
0.035340127716472 0.0238424433754902 0.0206569746505768 0.174029540883217
0.0485020082992093 0.0381884451259783 0.0396539657237763 0.0947414770211254
0.0375356716252735 -0.0087592366688838 0.043018932361533 -0.0433241557680283
0.0108346054759361 -0.0210422269348815 -0.0736899346222631 -0.0454381539702243
-0.00487507735008262 -0.0145337943384483 -0.112424440838869 0.0460086867761514
-0.00564022913570032 -0.0157593547112583 -0.0361464358682921 0.117309529101652
-0.0160754088104146 -0.0115122465684164 0.0440953663043909 0.0944081789778539
-0.0166565483138344 0.000514672269023054 0.0705966897003669 0.0472088605531533
-0.0219415011915215 -0.000453913160858889 0.0728669671118518 0.0124286883473648
-0.0266757668288021 -0.000156486657642725 0.0796540111826965 -0.00655994631696483
-0.0341605876021234 -0.0206586896177133 0.0896458859074448 0.00166958812795849
-0.0115903930175772 -0.0432118080322989 0.0872397547200105 0.0350301916303526
0.0182000215832048 -0.0451364281555572 0.060518516972125 0.0755974082380231
0.0650630192760451 -0.0182657917752067 0.0154406482016642 0.116778807751111
0.0794105742971846 0.0372081478666559 -0.0149639202307424 0.132786875112094
0.0560218669488806 0.0830587302715236 0.0200732822990424 0.151003029274505
0.054018891191474 0.085350008927395 0.0238691478129325 0.0780920282053438
0.0748023488218695 0.0270439966687769 0.0443332737299719 -0.0499839835142083
0.0547059462890957 -0.0200983910389157 -0.0672247530820356 -0.064717484864279
0.0156399501602435 -0.046876351890208 -0.121710731129789 0.0251473643631714
-0.0107717198872874 -0.049298668078589 -0.0512175143909145 0.106058895047517
-0.0372129158218982 -0.0345415473400675 0.025672078107536 0.0911263419801751
-0.0433461947544842 -0.0068031800910461 0.052667446421546 0.0491175353621394
-0.0459994073841222 -0.0035957215276651 0.058089754557856 0.0128403876898528
-0.0500026191973234 -0.00408787778928504 0.0636590952004796 -0.0115993767948842
-0.0567871607033723 -0.0374596636327948 0.0751660525956479 -0.0170057570439479
-0.0228300546761053 -0.0733498318940026 0.0864633231806212 0.005194052840982
0.0256590020131224 -0.0794837109944137 0.0829017329443406 0.0482063044864411
0.101446632925134 -0.0334408610839576 0.043149909882602 0.100048329953002
0.118518415209127 0.0595655534360069 -0.00224033640633805 0.116661844005476
0.077634988221795 0.121799078612805 0.0122402008761747 0.111881566464907
0.046977123728055 0.123428398581731 0.00687847676393222 0.0408749332884898
0.0984304638484572 0.0704366182417057 0.0415947292303758 -0.0646555362548049
0.0975500939720691 -0.00587002840271722 -0.0546176315050125 -0.0883321253235083
0.045184133289858 -0.070950336314258 -0.12125642170421 -0.0066245801285098
-0.0081562676952131 -0.0799989616322641 -0.066480554865552 0.078891967268819
-0.0509256132639163 -0.0566032819124774 -0.00078514169822745 0.0768487966821651
-0.0641069895255046 -0.0151554988502242 0.0252652564560859 0.045651939581515
-0.0641342111250939 -0.00629677346421926 0.0352792181611055 0.0109619876807511
-0.0645960693830357 -0.00612156044254072 0.0387998709030072 -0.015994806157859
-0.07209439293947 -0.0443918870013283 0.0521150078457593 -0.0350431079371749
-0.0364077233366646 -0.0890003075639182 0.0747848033052772 -0.0273812884060062
0.0193691222361474 -0.104752776556232 0.0954938350001574 0.0132532016859648
0.118594038390671 -0.0535736191488944 0.0658099686694298 0.0742696487327518
0.141137943334591 0.0623847387918263 0.00477316278523315 0.0980203554599939
0.0908208502366684 0.138673665480723 -0.00253621111763011 0.0662922848586817
0.0296270791951107 0.14095248045686 -0.00834623521550459 -0.0131920276872902
0.0994545013830934 0.106506312989441 0.0354391081665064 -0.0859337637088383
0.120762028708667 0.0197349365156644 -0.0351273401022005 -0.108317224853803
0.0720343128548567 -0.076366157072168 -0.104981951879748 -0.0432933547834038
0.000867392386979506 -0.0962310801861931 -0.0752157589728628 0.037941226796227
-0.0536847672754075 -0.0713869613965858 -0.0297793029416199 0.0517147175621643
-0.0741580557376943 -0.0218589175494829 -0.00798903058131996 0.0369414142476564
-0.0724799951560827 -0.00792199395090465 0.007343366804543 0.00751583212280829
-0.0696771329034282 -0.00560546977606852 0.00981116631879811 -0.0202853842469259
-0.0765742608553336 -0.0441491084497301 0.0244798578051789 -0.0485169626842805
-0.0436951102102913 -0.0910009122451348 0.0539131839495626 -0.054542903453816
0.0123217154497604 -0.111206127705511 0.094920054764318 -0.0183889535188849
0.118168395021628 -0.0612987763564123 0.0758940636663301 0.0470737896490477
0.139612016517815 0.0594069257213339 0.00474436234877275 0.0796283120337639
0.0880171981137952 0.135754586935828 -0.0217858536706893 0.022063869340778
0.00850713785558231 0.129951901135279 -0.0176290560954103 -0.0737296753064166
0.0752624823208361 0.116933158891518 0.0295556248232996 -0.109198855562655
0.112375571890632 0.0409525171293234 -0.0121183736984127 -0.12082589717028
0.0804184314441553 -0.0614564334596583 -0.0773516966187413 -0.0727965384252071
0.00994370462171936 -0.0911491046081941 -0.0748708797505903 -0.00529289884633983
-0.0458644002121429 -0.0714704814457621 -0.0561891553436625 0.0225381706209593
-0.070627999330714 -0.0250926872052687 -0.0403091388160033 0.0243462471489401
-0.0699775753629795 -0.0086160784063587 -0.020729837043277 0.00397747959634488
-0.0667853928421194 -0.00664106014916309 -0.0178760798415118 -0.0235999975231055
-0.0698836394884471 -0.0403239607583609 -0.00220163465313203 -0.0570112983970643
-0.0401881765524226 -0.0831475808499706 0.033290377535818 -0.0722501868454148
0.0128181925673017 -0.100796659349993 0.0883210428820577 -0.0404509876817912
0.10664719409749 -0.0499563107119025 0.0763339496128156 0.0268269975984544
0.115488710714335 0.0592578905460732 0.000774682045200818 0.0632502541218596
0.0659940121805474 0.119569821038756 -0.0375919616787976 -0.017754451771589
-0.0102002887038233 0.0931057339262015 -0.0228900572242439 -0.126015088678146
0.0374165027113913 0.0966833854690581 0.024052594728372 -0.126209905584999
0.0783384629945862 0.0453346514571404 0.00496265551280283 -0.124437705010325
0.0657613399369158 -0.0370589915388056 -0.0489835764483037 -0.0894164154885511
0.0123889351314879 -0.067826516792257 -0.0694501981881107 -0.039877659560231
-0.0307991525553933 -0.0567495167739503 -0.0753841650770953 -0.00289852168754956
-0.0546124744876485 -0.0223246440777274 -0.0659364299079663 0.0135067335192921
-0.0565371053742345 -0.00816347730178057 -0.0449399929056815 0.000449955464691816
-0.0541917921577949 -0.00749699721909104 -0.0413519785731883 -0.0275837935720765
-0.0551257166241603 -0.0347495493085195 -0.0236220163018638 -0.0634431246013158
-0.028722784865986 -0.0678549227451734 0.0188567775766826 -0.085324794544078
0.0189164634380001 -0.0793632072341837 0.0822048724951233 -0.0522508732368024
0.0889033883485255 -0.0262095390972056 0.0737318771862237 0.015107503632763
0.0776236564291321 0.0598340516505312 -0.00231313782025163 0.0500122656103352
0.0311123439666659 0.0932554193776326 -0.0443336949488417 -0.0490817165926775
-0.024902688309613 0.0383340196537962 -0.0279689386898126 -0.15995473278272
-0.000829076206006269 0.0539165580931849 0.0176594391324772 -0.132529715079364
0.0326676371081208 0.0332802635358614 0.0112649591976866 -0.123587341826179
0.035635263529631 -0.0120711932271773 -0.0334078688367787 -0.0949620438776147
0.00997855109277163 -0.0324986217648437 -0.0672156022693677 -0.056802591259253
-0.0119775347997848 -0.0316444291002536 -0.0869636829226776 -0.0158717002238499
-0.0293676616184964 -0.0158465518108549 -0.0807396720512026 0.00631296061474042
-0.034892515234073 -0.00790046209718696 -0.0605083915763297 -0.00348472485608404
-0.0346694744548721 -0.00796569334066555 -0.0576352989516236 -0.032128169013062
-0.0345910252734972 -0.0261069303868129 -0.0365301016368773 -0.0701520338022518
-0.0149412375750164 -0.0469429030920099 0.0123553193636068 -0.0958477036539487
0.0242149493466008 -0.0518999156593042 0.0808764069070397 -0.057540611054725
0.0646775893151681 -0.000772488431127098 0.0719299950019434 0.0113654584627787
0.0334205439013284 0.0553648109499928 -0.00312569987874486 0.0405608201853617
-0.0073452606767953 0.0567179840539617 -0.0411684056646201 -0.0707258529188689
0.0313708923763539 -0.0103417201778567 0.0579703518988733 0.0907268725035485
-0.00594284417373074 -0.0312144432206668 0.0382726164426856 -0.0505956482974998
-0.0264795036514758 -0.00917743782028209 -0.0792564793616051 -0.0322427187072701
-0.0136863592622309 0.0200166625664691 -0.100963349051022 0.0619889504175331
0.00531814360320561 0.0152985422953029 -0.0204560031428101 0.122428950947012
0.00855027455977749 0.00759129410342263 0.0575913924776647 0.0890399561378642
0.0121520233386662 0.00412656856453232 0.0797023592310634 0.0370224210631973
0.00534836110318451 0.002904027905122 0.0787650700430591 0.0062785341207736
0.00170479212943384 0.00772818611026299 0.0872296115627795 -0.00919419308799344
-0.00863270791309836 0.00686826184564683 0.0955778662843054 0.00958862199750224
-0.00889602174238885 -0.00343321999540394 0.0843021501588617 0.0508090967122091
-0.00710990013241559 -0.0113394200908433 0.0431089577748504 0.089966319223872
0.0149880162418476 -0.023049928340217 -0.00131285603270788 0.129037760235946
0.0369147799826525 -0.0103872722467937 -0.0231656494115801 0.147956925463671
0.0372091040193304 0.0238497852598122 0.0269319043031619 0.176405805712032
0.0511838989623732 0.037062221582744 0.0456336927223902 0.0942115362749022
0.0371622568760089 -0.0101888570669086 0.0421716236347413 -0.0485528723237184
0.00949023306071695 -0.0214117754659077 -0.0766148744861468 -0.0437016054711649
-0.00572962212585735 -0.0137963574229291 -0.112310847340819 0.0520651855369236
-0.006413774999926 -0.0154361001885922 -0.0314460076601442 0.122465931167179
-0.0169433148353036 -0.0102344292901544 0.0494027075489377 0.0945197803328714
-0.0165468180497026 0.00122640238039974 0.0740296688569702 0.0440422833327854
-0.0226238356804604 0.000832549555565414 0.0749238993579293 0.0082734524455295
-0.0273824958152668 0.00129691734725325 0.0808837520728356 -0.0115389680168596
-0.0361658027321348 -0.018828967328533 0.0914216247179275 -0.00296436025103625
-0.0138034083055323 -0.0435036308206115 0.0914167287443077 0.0318100831511723
0.0163676845499386 -0.0462213801077305 0.0639636179205771 0.0744070285692252
0.0651369932758571 -0.0223810889366108 0.0201587882892469 0.119761506547063
0.0820470113918459 0.0343748433717357 -0.0104290804402534 0.135738481541886
0.0602287137767472 0.0834551524075545 0.025659572630061 0.152457473106577
0.0589425476304244 0.0853803655986536 0.0286755564028312 0.0783543071285257
0.0772724691581842 0.0243361828356084 0.0430472430443485 -0.0544889858591652
0.0549409682415789 -0.0228001728033795 -0.0706501834884731 -0.0644862317455251
0.0132966690796124 -0.0483171107968323 -0.122527999058968 0.0308269030389828
-0.0137795044042331 -0.049689016712883 -0.0476434458997718 0.110855519435827
-0.0394892013679704 -0.0328754193641073 0.0302037885176428 0.0917541846901455
-0.0440749025149482 -0.00499892498910734 0.0559527071616197 0.0468195264233061
-0.0471960507069958 -0.00119181411277128 0.0597620305100964 0.00980730136344828
-0.0508046148255485 -0.00144929940322532 0.0637772532964276 -0.0159687273535124
-0.0601854422178686 -0.0348968333505823 0.0759919878725257 -0.0215272145768219
-0.0275906957949387 -0.0734683320142463 0.0897576411192689 0.000866462614076667
0.0215248441056064 -0.0822676255566654 0.0861303226208687 0.04485567238647
0.102148275245894 -0.0394841588505753 0.0481990991647504 0.101458449520275
0.123597108053882 0.0550553816518353 0.00259951566809985 0.119196114232141
0.0836189051157253 0.122712054918847 0.0171591618992302 0.113640105664472
0.0533167286689264 0.12523154517806 0.00853905163438174 0.0411070496935235
0.103856741159893 0.0671394432450085 0.039741562976238 -0.0689814696810795
0.0993545900985122 -0.00987011318698636 -0.0585124871815976 -0.088455541007671
0.0424822868242468 -0.074523373581 -0.123679962374621 -0.00174574298451543
-0.0124474943272231 -0.0807134973805725 -0.0642344854826481 0.0836299236944666
-0.0547709834017475 -0.0553004441212131 0.00327006930279049 0.078814996245816
-0.0658732529738077 -0.0120230576687497 0.0283478214860315 0.0458258767692129
-0.0653993771123132 -0.00250097527344954 0.0361522666330632 0.00883364831543088
-0.0652358543532806 -0.00284594580544827 0.0391708912389613 -0.0194085154736217
-0.0759934719020016 -0.0410408318429299 0.0513608810813086 -0.0395324543576053
-0.0422949353057417 -0.0890127870841254 0.0755153508452752 -0.0320588918220237
0.014529819334453 -0.106587803142869 0.0976233621327952 0.0087149150940385
0.118700346357207 -0.060454364318384 0.0697745790905909 0.07383283158879
0.14716625604963 0.0572806010367634 0.00815138805215127 0.0996726804364024
0.0981579132256369 0.138673624488478 6.15879504080153E-05 0.0684644874365011
0.0363153504108105 0.143450573143211 -0.00929920235422493 -0.0137077166427091
0.105973253544367 0.103442011942088 0.0329965616059602 -0.0903249688015681
0.124094535992482 0.0144118285817603 -0.0391739187774415 -0.110375630623822
0.0694958187092772 -0.0807548401613009 -0.108507870997219 -0.0397998234396266
-0.00422726047058005 -0.0982931809871962 -0.0755815615529056 0.0419627966130029
-0.0591249694700035 -0.0702167590572633 -0.0279526966932649 0.0546409771216362
-0.0760027245273379 -0.0185056621072102 -0.00568330124760145 0.0385518711224875
-0.0742885102652175 -0.00367494220296322 0.0078275833396039 0.0077908621956332
-0.0709190924268141 -0.00267586294409161 0.00936446745336585 -0.0217067789017652
-0.079949175362539 -0.040936798437047 0.0222263894597179 -0.0515085280371934
-0.0491569546704969 -0.0904929245674906 0.0536656873103178 -0.0578229608453987
0.00713328320875502 -0.112866025186064 0.0961695768823691 -0.0241813180093874
0.117196337103887 -0.0686511265374144 0.0791370334745831 0.0465784784339068
0.14529653307746 0.0539121967995868 0.00763136873461285 0.0811945094572571
0.0946725789233559 0.135738661877427 -0.0208844013886518 0.0239539828004134
0.0148238246392527 0.133353494689964 -0.0215224223153644 -0.0749858170326237
0.0814497551750363 0.115814033725646 0.0260712624561092 -0.112346738346229
0.116769270926031 0.0367185908499276 -0.0164837634850003 -0.123968452426113
0.0791757028114043 -0.0660113429134719 -0.0815025161030479 -0.0718149248041703
0.00478183358954214 -0.093405124223155 -0.0768714554921199 -0.00313943758947273
-0.0507725507234528 -0.070486307851575 -0.056290843014238 0.0253731957396218
-0.0722021602041941 -0.0216402650143975 -0.0384226466043284 0.0284984973375186
-0.0712843942686531 -0.00497673062666133 -0.0209430660695851 0.00496862756864542
-0.0672048568291033 -0.00271977419182772 -0.0189437889237443 -0.0238356718605712
-0.0730297006067893 -0.0371600079779285 -0.00526260402170525 -0.0589790378517405
-0.0451088049958208 -0.0825892086964235 0.0310493578579254 -0.0759212806829339
0.00806978525197714 -0.102294325703712 0.0881711784262329 -0.0458606798409704
0.106253493629431 -0.0560443924013578 0.0780243605892447 0.0247432312499899
0.120383936468483 0.0547328517199504 0.0027627433469585 0.0652435370436531
0.0718002374613505 0.12046639409137 -0.0386958477524291 -0.0157213399135112
-0.00630589581745672 0.0961920790459614 -0.0298283375580879 -0.128630708920253
0.0426585285209207 0.0970762672280045 0.0196732716183477 -0.129119777487933
0.08160276993144 0.0429557569988708 0.00117594929932749 -0.128084400523583
0.0653665847362083 -0.0408461584522259 -0.0529292164297161 -0.0905104749460814
0.00894780432829067 -0.0693420288733211 -0.0733485573720653 -0.0388691152119252
-0.0348558486645859 -0.0564306559983252 -0.0775615862849351 0.00108656215493963
-0.0566955930216471 -0.0198587559668832 -0.0652025914159504 0.0182699411412221
-0.0582646225870801 -0.00537858041322008 -0.0446018637496744 0.00257658443228039
-0.0547704031215196 -0.00485846754217611 -0.0437104732446264 -0.0267679820993681
-0.0577769674653334 -0.0324917105269673 -0.0272534747745904 -0.0641233383718936
-0.0327672819194545 -0.068091701166807 0.0154444486925184 -0.0875864531428411
0.0154539779135038 -0.0811413329874522 0.0816593357748748 -0.0572709544527626
0.0893872867722031 -0.0310726721311755 0.0751231027272859 0.013008359144089
0.0819687121400547 0.0570698740729266 -0.000732043429915471 0.0517283776008381
0.0350413718411507 0.0935853553613438 -0.0473423702014364 -0.0470470953765264
-0.0239227549919425 0.0404668311721978 -0.0353754437886911 -0.162308586169652
0.00149534966582165 0.0556158967889947 0.0132547380057933 -0.13520417312426
0.0345986519575178 0.0321000645942137 0.0075626872223671 -0.127366316168435
0.0353862610409252 -0.0139983179459704 -0.037874691043593 -0.0962222653695392
0.00813723924956902 -0.0339450493873835 -0.0713689778676237 -0.0560960857902249
-0.0139990112489146 -0.0316421473230628 -0.0899766777324442 -0.0118645417772989
-0.0309617776460188 -0.014657919893205 -0.0813987342665517 0.0110999312048053
-0.0356868355352328 -0.00575058282617885 -0.0613502937139392 -0.000345248921530404
-0.0353796522418542 -0.00681171065739294 -0.0600020678684913 -0.0299194029538494
-0.036619046338746 -0.0244548833444884 -0.0408249493027825 -0.0696705496557914
-0.0168864806384092 -0.0473001955395684 0.00826875429602626 -0.0979763126513079
0.0220493805553256 -0.053732080819371 0.0799134778986278 -0.0625907110790901
0.0664039057201995 -0.00351623470608544 0.0734256418147776 0.00906396550383935
0.0366993665573143 0.0542518622796328 -0.00158684459651059 0.0419779334545248
-0.0050687486097957 0.0579520322464781 -0.0451950963995459 -0.0688507125077338
0.0310416861148517 -0.0120060721473443 0.0625546271312688 0.0863493175350545
-0.00766610531294647 -0.0301590928903231 0.0356300961855696 -0.0541510711227665
-0.0271316343868701 -0.00809275410066311 -0.0803798052482059 -0.0293707423703709
-0.0122694463397431 0.0206428839075546 -0.0975485635235934 0.0669604787272075
0.00650687386949433 0.0149878241933156 -0.0143575961695204 0.123226075446247
0.00902086172346972 0.00725375572441309 0.0616580955624889 0.0858704139619626
0.011644434551977 0.00271607361940862 0.0802060405894913 0.0322689940913744
0.00543670465095814 0.00282764332765427 0.0788307038372549 0.00189326659421406
0.00171384444130546 0.00797599695261952 0.0856064482615814 -0.0142779600630414
-0.0084034951853221 0.00698234001598138 0.0957101250828273 0.00419099766607756
-0.00906989290827999 -0.00292834990910684 0.0873680470716948 0.0461632859361336
-0.00757831144899195 -0.010494585152627 0.0459625903015579 0.0888900602821285
0.0136141052595922 -0.0241055006672069 0.00425635953007379 0.129054922423635
0.0359282145404197 -0.0122608039587756 -0.017559803080952 0.147828285280995
0.0389620525505147 0.0227188969593652 0.033896547152233 0.174020113659872
0.0531575330145119 0.0345305420263245 0.0502371797411861 0.0912941750422155
0.0363130635097062 -0.0122583205883433 0.0397073323338213 -0.0515166353627483
0.00826491836501019 -0.0217704357111237 -0.0776521604892105 -0.0413907381698974
-0.00602863784030008 -0.0132890660779321 -0.109713585166788 0.0576666186297336
-0.00700423897426156 -0.0145860552962097 -0.025131180797489 0.123998238852551
-0.017087056166745 -0.00938884535437424 0.0532195139231763 0.0916399385114423
-0.0163964642302932 0.00182428345931808 0.0756007799880042 0.0394030519603737
-0.0224060953519474 0.00254802182462247 0.0744995962170319 0.00395129864356071
-0.0272086829340052 0.00321554145183212 0.0798525239000977 -0.0169477991323919
-0.0365789790250453 -0.0167730925477837 0.091146331529713 -0.00834362632526267
-0.0164764296126347 -0.0426153528902365 0.0932969793638401 0.0273591342765244
0.0141440794911819 -0.0465630247887755 0.0659040583411859 0.0719668202517378
0.0634737756509278 -0.0254764590468067 0.0248600366505508 0.11982079571059
0.0830394323188114 0.0305522289227364 -0.00497186040132314 0.134413443329737
0.0639813280906514 0.0816749149986244 0.0322888226672011 0.149800649457731
0.0629074375895168 0.0829912271634901 0.0319423464457796 0.0762294754980637
0.0782156442768902 0.0205645326533378 0.0401191701267674 -0.0578039661519649
0.0538123736597903 -0.0253442211559578 -0.0728138139484033 -0.0618401640212023
0.0112495855375891 -0.0485782425881741 -0.121105231810628 0.036415819591436
-0.0161159637846496 -0.0485169604584261 -0.041928249063783 0.112601350105649
-0.0412173570616844 -0.0304036579770462 0.0349697046559263 0.0902483139000263
-0.0440544851806439 -0.00230441910857841 0.0586265168469626 0.0436777127074877
-0.0467908998717254 0.00158960869503884 0.059754872691558 0.00598148869299113
-0.0496949142667611 0.00116317947104544 0.0624058227606953 -0.0204858978257325
-0.0619518146314716 -0.0317121576611026 0.0741557195516339 -0.0265482659442594
-0.0317927935667894 -0.0713814025626385 0.090381193246795 -0.00419081121175214
0.0176942942985031 -0.0825465552122471 0.0870438296874836 0.0411921034368223
0.0994242840600706 -0.0442280496422138 0.0517839655240027 0.0998709090369718
0.126145223792373 0.0492234285730212 0.00641131319316326 0.118229388456105
0.088559495242033 0.11917569303454 0.0221479404966399 0.112026817529247
0.0593378317377136 0.122761775278338 0.0104580834957989 0.0405131143908137
0.106598135968654 0.0613618141298357 0.0361756026474637 -0.0712910750544525
0.0987602482557733 -0.0146347177994103 -0.0612240173905196 -0.0873534821381739
0.0388695120078256 -0.0760075799988869 -0.123221709587418 0.00396259372485071
-0.016991423752342 -0.0799586499485941 -0.0598728752135282 0.0863463197531448
-0.0577169458538067 -0.0520779946554041 0.00656521663192667 0.0783621620693099
-0.0650358725623834 -0.00850792647238278 0.030677756100711 0.0442119998057248
-0.0649013668350798 0.00115826979769488 0.0360917288000695 0.00722010533382382
-0.0646409254045143 0.000723052876174089 0.037650713221364 -0.0229222682506449
-0.0775077698671936 -0.0363894834474173 0.0485365951027544 -0.0422326047265532
-0.0473892134855656 -0.0861756853091879 0.0749999994867796 -0.0359498590896718
0.00865383583169628 -0.106309398936419 0.0975018882009802 0.00405273871417245
0.11486519963669 -0.0666316276409282 0.0722924632928086 0.0717469260364788
0.149546323712567 0.0493793132298661 0.0123302556470801 0.0990543668505426
0.103472603671265 0.135223339807887 0.00331609717974551 0.0683647752816069
0.0435035596092224 0.142407212849096 -0.00981917612964303 -0.0134783067132819
0.110859979915452 0.0982476268257854 0.0283730300613401 -0.0917391713095293
0.124915641497555 0.00893707638214359 -0.0425501174002905 -0.109582064992003
0.0649256026687745 -0.0833243099600724 -0.110302472546781 -0.0346122998981236
-0.00966523217716947 -0.0970991196561665 -0.0728906856836824 0.0446674008093237
-0.0630705683347223 -0.0665928216698092 -0.0253429339044215 0.0561006380120326
-0.0759106200124314 -0.0143045700098718 -0.00300392106565167 0.0392609443734693
-0.0733748361851452 0.000647333993547039 0.00766180089500435 0.00674067339328144
-0.0698583496009848 0.0017925249545985 0.0085750693747186 -0.0233167217949071
-0.0821420498002134 -0.0361947017781203 0.0188063668503613 -0.0531815641999731
-0.053954451001277 -0.0873255914760527 0.0509788636299556 -0.0609338446286206
0.00152745549753032 -0.111595309835454 0.0934296527578588 -0.028694859695399
0.113172444388852 -0.0743456161710679 0.0801352247304242 0.0439761748640029
0.147266414577288 0.0462313787939592 0.0106647457197526 0.0808689392353618
0.0997119095490779 0.132089102713648 -0.0198638044013181 0.0251170642501914
0.0212598879821274 0.133264709949186 -0.0249286400787302 -0.0737988355484917
0.0872906349190761 0.111492387069879 0.0214752399189686 -0.112797750946712
0.118190288239432 0.0310453621620305 -0.0208303032457602 -0.12379287659516
0.075469590552559 -0.0696388240326796 -0.0840125419333499 -0.0682118995237911
-0.000199292722163709 -0.0929794742915946 -0.0769515954025086 -0.000104011302973343
-0.0549094354043928 -0.0674636045635672 -0.0555576546426525 0.0289699597780134
-0.0725121630796508 -0.0175535991850151 -0.0357802173654138 0.0310209534346917
-0.0711565722502674 -0.000529666777393564 -0.0208381001665346 0.0066261776421309
-0.0664921113856908 0.000447540531518386 -0.0203920008164023 -0.0235715901406189
-0.0742525167595835 -0.0335033660794961 -0.0090800738800019 -0.0585610255124623
-0.048988182233256 -0.079696858352614 0.0283300677263781 -0.0774786209700503
0.00303181314994728 -0.101078455344474 0.0851378859846253 -0.0499889445404237
0.102464258499705 -0.0609195517213861 0.0787431517040456 0.0221701611867809
0.122920281729791 0.0488809547410908 0.00562901619637956 0.0654391917498131
0.0760174860580628 0.117026039118895 -0.0383919933281782 -0.0128290261207939
-0.0013316412536175 0.0962914128047531 -0.0346371136175458 -0.127155070974034
0.0471542007452074 0.0945059089669868 0.014622967346198 -0.128551380144823
0.0834720808458252 0.0383661719060849 -0.003185115399883 -0.128799655524338
0.0625797594654663 -0.0439762422589647 -0.0564903300064074 -0.0884674057180338
0.00493018374700656 -0.0691955315757344 -0.0750130058193009 -0.0368627318993252
-0.0381079864090669 -0.054085600609268 -0.077541851094128 0.0057338797639062
-0.0564848431077669 -0.0170219248243135 -0.0629041011176204 0.022469255826109
-0.0577016881016909 -0.00203370039372467 -0.0448178919428067 0.0047120497949975
-0.0546545468470541 -0.00231635092602049 -0.0442443861264989 -0.0246771926679135
-0.0588749712182326 -0.0291996048579542 -0.0303958055512955 -0.0622520793511048
-0.0358759967207205 -0.065896574163429 0.0123054180470792 -0.0888084352937529
0.0113405064915287 -0.0805812582442295 0.0779875936043054 -0.0617701254711255
0.0870171121296171 -0.0355440164349461 0.0746755472616814 0.0106093577217573
0.084456051414914 0.0538004563430355 0.00152195880978242 0.0520985241360269
0.0390530034401543 0.0923985713319759 -0.048959999854563 -0.0434553677588456
-0.0219972947090579 0.0416009276305977 -0.0422453220002088 -0.160094923069486
0.00395160028334742 0.054840289312818 0.00749347544498307 -0.13440499982164
0.0355889015923729 0.0300403530377346 0.00237220821270905 -0.127410718436136
0.0346424126944266 -0.0159228069731747 -0.0414954573523074 -0.0952913526628226
0.00571187321564008 -0.0339664256138958 -0.0743281682465638 -0.0535729950109623
-0.0154336622809636 -0.0312790565746895 -0.0907341443212636 -0.006424312789291
-0.0311590910238124 -0.0130337242635264 -0.079558882480885 0.016340314977109
-0.0354430361502606 -0.00335631636775347 -0.0611744793885463 0.00269383490231727
-0.0352232692364743 -0.00480291702380792 -0.0613356705759903 -0.0266534851708187
-0.0376337854311472 -0.0226832551125263 -0.0440246398365918 -0.0676575781351793
-0.0194212023703088 -0.0460392421693822 0.00418471637786094 -0.0983411881946595
0.0190682508396819 -0.054400319356225 0.0763650283936975 -0.0668200150602746
0.065164479598389 -0.00724015349188798 0.0732981973559308 0.00655737882373769
0.0389984188546285 0.0531700472773841 0.000226807084534265 0.0432200029100898
-0.00299951549548079 0.0582770594795956 -0.0478153335823855 -0.065539412709702
0.0297082836825052 -0.0126829459244561 0.0651338627726251 0.081442014709486
-0.00854298021946002 -0.0290505422647751 0.0323675459725627 -0.0554765242839843
-0.0270077235647994 -0.00702619541295272 -0.0799699382381388 -0.0269801420846769
-0.0110135289090904 0.0206385246187488 -0.0931244283508145 0.0684357609962651
0.00717503199234648 0.0146325934355221 -0.00896628215897097 0.121965189214681
0.00908540873034515 0.00634906615861866 0.0631966253126996 0.0820698390271409
0.0111931269555901 0.00208662456320742 0.0787013243056149 0.0283293103860697
0.00516848611367789 0.00209653189099494 0.0760515134702073 -0.00144568966786638
0.00201426030690115 0.00738203953741582 0.0832134823076524 -0.0176500646137057
-0.00770129012537544 0.00724481017320004 0.0943522595149594 -0.000140479882385991
-0.00901850011432685 -0.0026861866696043 0.0872932769212751 0.0425364404806053
-0.00772602694757034 -0.0101380224418058 0.0473543309032392 0.086956529038596
0.0120876586864757 -0.0236515031707913 0.00837426546752987 0.128023422579738
0.0341278404311144 -0.0122124664813391 -0.0132160039603583 0.144599497767346
0.0391065440569251 0.0217519135134207 0.0381178323160541 0.169492391739743
0.0529797637554262 0.0322336331307962 0.0524060580250329 0.087190644658354
0.0352696259244635 -0.0132594644872589 0.0366648471173623 -0.0533770824263317
0.00791625658406952 -0.0214256225857634 -0.0772035398543629 -0.0393563806889026
-0.00684936789867853 -0.0125326521657926 -0.105236585478331 0.0597138952963494
-0.0076598952538794 -0.0137059359436614 -0.0199706941847286 0.122733148877519
-0.0171302047045306 -0.00848662744868482 0.055275351713105 0.0875168421408907
-0.0159387827990262 0.00228037381041929 0.0750030494159244 0.0353647963173241
-0.0218414232800088 0.00329732212290749 0.0725495461792733 0.000489126148932912
-0.0259387242170088 0.00417899813158357 0.0770752338245224 -0.0205939691012747
-0.0367753814867886 -0.014817001816662 0.0893999054580183 -0.0121986867455499
-0.0177719310288005 -0.0411698164423107 0.0924376850886298 0.0227619027193622
0.0124736990922281 -0.046028140668937 0.0662271118971559 0.0691296936598587
0.0610697751176705 -0.0273043869883241 0.0280689181141776 0.117417007885208
0.0815309512603135 0.0274791876224662 -0.00126389222463242 0.131427564128125
0.0657170585587932 0.0791025643450047 0.0350214084196957 0.1457508987448
0.0646693145723077 0.0795420651001782 0.0334602768586377 0.0737654466899408
0.0771230251269455 0.017112009943928 0.0374531196022339 -0.0589276051070743
0.052316568982892 -0.0266589865594172 -0.0725211151250225 -0.0595591459063278
0.00928933699932907 -0.0473858439853909 -0.117372640324672 0.0395791403897128
-0.0176181725834032 -0.0463557162230349 -0.0369167093254771 0.112049777319301
-0.0416887551725967 -0.0281012460999993 0.0371252084031664 0.0872275344103312
-0.0425812939611903 -0.00122726872381985 0.0590531041239794 0.0407364632706497
-0.0454884001604676 0.00346038229166805 0.0582215274383554 0.00361340459201387
-0.0485217374785184 0.00267336702437073 0.0599389777356653 -0.0233292983448152
-0.0615995041135362 -0.0273222764525748 0.0716732489281953 -0.0296384683459906
-0.034227787782361 -0.0689471256896206 0.0888287053047737 -0.00769632390995711
0.0141628962266096 -0.0808288967944539 0.0860656575049788 0.0383483313745644
0.0955617821475534 -0.0464334536044162 0.0541709389739561 0.0977945204549812
0.124570827833231 0.0441645247201234 0.00879681516190431 0.115509387425152
0.0908117945914281 0.115673296807327 0.0250007511954038 0.108658335800368
0.0629477114984693 0.118599491775523 0.0111502284867373 0.0390931194500146
0.106845400740848 0.0564126761392903 0.0336166450680012 -0.071962464739537
0.0968768171618582 -0.0173150200211584 -0.0612636282319423 -0.0845568129014408
0.0348306136934846 -0.0749498158260861 -0.120692653478814 0.0074196974589097
-0.0197453126850194 -0.0774030929238174 -0.0560105652100917 0.0862859406309308
-0.0594087357320345 -0.0482908162301179 0.00886136155711123 0.0768648996084114
-0.0635905877303884 -0.00578689657557121 0.0321738190575187 0.0417415234203265
-0.0630651038714582 0.00400929931184985 0.0351833808030401 0.005354733958808
-0.0624981372580437 0.00349933968578549 0.0351040884534997 -0.0245566372190241
-0.0777278495184116 -0.0325536445015465 0.0457034666683031 -0.0440541011858874
-0.0497519064860683 -0.0822621721598418 0.0724489795367473 -0.0391983057513221
0.00495566161573038 -0.10390248539051 0.0944604966029509 0.000927017784505345
0.10987891359414 -0.0689652779910273 0.072301696765228 0.0691536876645056
0.147796947161336 0.0435475786320954 0.0140257495843102 0.0970748764159474
0.105843615377431 0.130154030325703 0.00550376850729834 0.0669257066412813
0.0473732637937851 0.138739959611587 -0.010369997213421 -0.0128691941296635
0.111952676876131 0.0913781886595757 0.0252801056562691 -0.0904530617700628
0.123009856979482 0.00419036883143499 -0.0442441353439319 -0.107193161257614
0.0605510063444172 -0.084210304919028 -0.108603512596892 -0.0315002525197736
-0.0136306634668446 -0.0949123243541117 -0.0708578509167936 0.0460897076242469
-0.0644548109944391 -0.0622016707794069 -0.0235564493815559 0.0565663517750513
-0.073834380120707 -0.0116305242560798 -0.000339632585257959 0.0386001452772806
-0.0713863576836825 0.0037253877334575 0.00752984844234124 0.00635830071181607
-0.0677902868284991 0.0043178582405613 0.00709600547275157 -0.0242638143214404
-0.0813684205367749 -0.0319420029671151 0.0161623543715959 -0.0527260881167748
-0.0567121114934718 -0.0833718837918922 0.0488258846967821 -0.0628190014346965
-0.00269237930624222 -0.10881554645795 0.090090706068815 -0.0317004798179165
0.107090085093528 -0.0765320338896529 0.0788824422430862 0.0411663077564737
0.146009300985636 0.0410487380726662 0.0119861153121603 0.0795202748739189
0.101891023163068 0.128036746618124 -0.0184561247107251 0.0252000534419016
0.025234621613237 0.130226432337711 -0.0267203701378751 -0.0716278151330737
0.0890308756743875 0.105683341009933 0.0171448493485229 -0.110728683582037
0.116919007468307 0.0263739891833231 -0.0231201199414243 -0.121700839636551
0.0713352689258742 -0.0708176573689417 -0.0840087264964234 -0.0647440228241458
-0.00395728954555669 -0.0908893585726967 -0.0761918263759143 0.00134173199399504
-0.0571453686873254 -0.0635426332230657 -0.0537330609666579 0.0307381187213347
-0.0716921211360035 -0.0146782656203328 -0.0334106467924243 0.0315326639704659
-0.0686268231922565 0.00268287499621441 -0.0200553781425024 0.00716891307470705
-0.0636773577572529 0.00315607377354482 -0.0209069913343454 -0.0233323859346851
-0.0740767406835708 -0.0296997438665504 -0.0111928689009524 -0.0573434650013077
-0.0510931523916187 -0.0757673514257158 0.0258092566032743 -0.0778174247828061
-0.000842532383817271 -0.0989556306587666 0.0814504582850659 -0.0525079206607621
0.0975854043344667 -0.0636194884155411 0.0770168777241574 0.0210195440064479
0.121886574847451 0.0438615008383441 0.0063319985701794 0.0647327697455041
0.0777046476742577 0.113449963951453 -0.0381473995782899 -0.0109677491865264
0.00166512307860247 0.0948544530549294 -0.0384874375698198 -0.123225513131099
0.0491872669729722 0.0907859933839931 0.0109451367918273 -0.126130299611815
0.0826424896011589 0.0351620580059771 -0.00635224547633276 -0.126517581541363
0.0591367340216505 -0.0452943967914076 -0.0577326560335938 -0.0860602282321288
0.00174652316420786 -0.0675540494118269 -0.0754917702087727 -0.033992157682463
-0.0398159423172621 -0.051332612490273 -0.0759860284683442 0.00829734638409003
-0.0554792245768246 -0.0143137240484187 -0.0600899513735622 0.0247116216600775
-0.0561744029800367 0.000716859662980446 -0.0433935828592731 0.00636280695865446
-0.0524889538822522 -7.95506578676497E-05 -0.0441757498907868 -0.0228886627868634
-0.0589608452056533 -0.0265188086736436 -0.0319945967367046 -0.0605238054713657
-0.0377362246740688 -0.0627624530440482 0.00961454350660715 -0.0880509157987591
0.00848278573926559 -0.078948020610351 0.0743634585202704 -0.0633737519055826
0.0835867892572636 -0.0382755547355396 0.0727983992925205 0.00895836193051238
0.0846927449935867 0.049707534164724 0.00223487699268217 0.0516452025421844
0.0402977916765755 0.0906795131756095 -0.0488573585277092 -0.0410222750483117
-0.0204048185914264 0.0420026525597358 -0.0461551414474707 -0.155559570408458
0.00558733073972701 0.0535032120217653 0.00458625194996516 -0.130603568234729
0.0356022403991263 0.0282081734749444 -0.000751782911895698 -0.125411672827891
0.0324667466867924 -0.0168055791521966 -0.0435019179851451 -0.0937605285480507
0.00395055779458863 -0.0330035090123699 -0.0750864319203775 -0.0513656316159345
-0.0173904941287867 -0.0300493146828481 -0.0891008411470825 -0.00287302877749162
-0.0305203666083291 -0.011459618551553 -0.0765797475084676 0.0197681614252632
-0.0345163727130355 -0.0017923506628671 -0.0594317272397679 0.00549105652258227
-0.034841397031621 -0.00314761405484511 -0.060478981937392 -0.0243371736431504
-0.0375304733441165 -0.0203541499041439 -0.0451830204956329 -0.064494171140356
-0.0206953692988069 -0.0439527707908109 0.00120438988583125 -0.0969501106893114
0.0166630386728448 -0.0530246535033034 0.0723371356076803 -0.068527926989003
0.0633387355308976 -0.00917260576096292 0.0714680937298483 0.00504513808816484
0.0399373195310192 0.0512668414091198 0.0016625975945865 0.0427385284105167
-0.0015067755807274 0.0570073224605446 -0.0479233217013428 -0.0620316828660325
0.0333866424376704 0.00206890680180216 0.0229228254846476 0.0966605347513153
0.00490981707499587 -0.029472541144193 0.0503404776736672 -0.0376362809144331
-0.0212366717475991 -0.0179909960659472 -0.0615885084341917 -0.0570756680173006
-0.0179650958899898 0.0138408243606072 -0.111560590063627 0.0246663702858101
0.000557402585406208 0.0152024046220945 -0.057557851261445 0.10602164602483
0.00513023230619624 0.00921718337821524 0.0231088804699312 0.0987501557711796
0.00862734429510396 0.00623544225720398 0.0581893143846901 0.0570312559774756
0.00416320314100385 0.00417835770904364 0.068336995089246 0.0290529324861324
-0.000806624877243123 0.0069128982441734 0.0809700211032439 0.0167651197964205
-0.00960926583595422 0.00301718198879548 0.0854854187706913 0.0375080389807542
-0.0062923313964051 -0.00655265922165439 0.0606084571192588 0.0733062761175819
-0.00194778287978107 -0.0119844530865862 0.00497454311015195 0.0982111726165447
0.0211575907319845 -0.0165100060961442 -0.0449281462868437 0.11737894267946
0.0363650107694602 0.00374479414897889 -0.0697056933904829 0.124683238651132
0.0297393139388233 0.0373388209579118 -0.0384218491869443 0.169165041786413
0.034748844277259 0.0542324723960679 0.0140922150735168 0.0927811860337132
0.0360233931136342 0.00399459237621626 0.0542784229941578 -0.0366822362190242
0.0158231106579057 -0.0161057055566809 -0.0539033043948298 -0.0695180700905666
0.000254243287787947 -0.013270515116673 -0.120811875296765 0.0111855063052399
-0.000431347305707695 -0.0162423424053623 -0.0695787593120994 0.102237875199223
-0.0115070745843058 -0.0145147287926154 0.0127469349369914 0.101491824456044
-0.0146714256728884 -0.00527189777067273 0.0526449790329131 0.0615934371851649
-0.0207299376485015 -0.00583322524132119 0.06463616434138 0.0294089525217527
-0.0243591635447474 -0.00732864470971372 0.0761871563023194 0.0113494061438871
-0.0268738472852357 -0.027872259633289 0.086130746222574 0.0235147026807758
0.000695891392589288 -0.0446611783599529 0.0740201365605561 0.0578225274433959
0.0299904894970969 -0.036679363443671 0.0300623292582931 0.0899395178739407
0.0683025612143352 -0.0009874562905188 -0.0232460212606205 0.117463201759883
0.0650266321290215 0.0568894564631823 -0.0552668431504733 0.120772750634331
0.0322010503733932 0.0997067033548814 -0.0336951702505196 0.147560010000943
0.0234531244785286 0.102320839965953 0.00740448981901615 0.0709526947587643
0.0601023896076439 0.0482909122859501 0.0595560802527978 -0.0431226617199912
0.0577361529852563 -0.00174349724502673 -0.0408478117755422 -0.0891396180218866
0.0288329128169588 -0.0368963408569167 -0.125306439709868 -0.0137738041983496
0.00463702580645057 -0.0493456136501655 -0.082713223930413 0.0854475919444317
-0.0256329311808023 -0.041771119267997 -0.00462197270388912 0.0934666232811091
-0.0365871184141411 -0.0183976339386326 0.0356351946178502 0.0601363054607426
-0.0423437228098286 -0.0147384003083231 0.0506733241183771 0.0263644936454489
-0.0441085526842389 -0.0166593028420231 0.0622066589488211 0.00106123709407185
-0.0445880797827586 -0.0493175239615806 0.0769762371760234 0.00119088510327615
-0.00432499965169903 -0.0766065405877922 0.0827559921992268 0.0284534004999729
0.0452352911482434 -0.0673160755140963 0.0611619596112225 0.0694489347413999
0.107463942346718 -0.00679788409822769 0.0082392627256395 0.110849274481811
0.0972668160150713 0.0871084062448698 -0.039282495454829 0.112886775035485
0.0409507779068419 0.142241615235143 -0.0302719609319653 0.110027697833775
0.00336423011509189 0.137594704973019 0.00597653998598731 0.0305600649312401
0.069266304246511 0.0956995227407386 0.0639965301668234 -0.0570510564618962
0.0938669079737583 0.0254593417192583 -0.019687529920741 -0.110198213209509
0.0631539715001139 -0.0500800908075591 -0.116695499891209 -0.0459782824340709
0.0152565091588183 -0.0770263241959451 -0.09006114523812 0.0533647681816647
-0.0325170948898064 -0.0664637730438995 -0.0267038352115388 0.0732458377485957
-0.0536217568279575 -0.0310034613989395 0.0114378238122661 0.0512046797036293
-0.0578919459522798 -0.0215522707411262 0.0292505894745533 0.0184810085219199
-0.0565377332709919 -0.0215915159537495 0.040935103106057 -0.00986711279438118
-0.057095805195363 -0.05940982837156 0.0591357423486577 -0.0231736292547674
-0.0139798827455154 -0.0943876976803056 0.0813795940821186 -0.00654466091024693
0.0450821973330548 -0.0916598737294909 0.084882210943822 0.0388152590288421
0.128745469160185 -0.0227135264806753 0.037509124641083 0.0937345228629927
0.119369195514302 0.0952575321908799 -0.0274432813926785 0.0997998965630063
0.048415780850015 0.16053638531371 -0.0309430562502865 0.0647674926096223
-0.0194234000846388 0.147975188071764 0.00982392937996771 -0.0241624671268851
0.0583363594880691 0.128967736097032 0.0664618709854687 -0.0766015587500812
0.108005668191985 0.0558868976012256 0.00799961592699594 -0.124134793863433
0.089329720727485 -0.0468636962990666 -0.0895777162579205 -0.0786759790250307
0.0286323069153521 -0.0891080406230269 -0.0874080013403152 0.0107211356211748
-0.031651859253412 -0.0814932456616886 -0.0480218311869583 0.0414996935053319
-0.0602113195370744 -0.040183162029344 -0.0172885036700722 0.0354007214107925
-0.0655857641521711 -0.0245326128125057 0.00394924492122177 0.00920348727926683
-0.0610023482771903 -0.0232318313168821 0.0153152074997296 -0.0211149537721052
-0.0607384365192331 -0.0600891108210201 0.0357147227472507 -0.042869658679826
-0.0194490974524587 -0.0980973091105082 0.0697455972996534 -0.0378522766219013
0.0398183536353275 -0.099468742492276 0.0952097631615829 0.00801674306173136
0.129257194063928 -0.0306411068291586 0.0547963068139308 0.0714364732578685
0.118695714917552 0.0915021426488358 -0.0222752449445261 0.084134014557805
0.0454941476896295 0.156135672828757 -0.0350935000231534 0.0176451888161952
-0.0364950293571972 0.131007786795533 0.0193854700103587 -0.0810910661887601
0.0315814292398256 0.131186934508738 0.0685939795824974 -0.0962816580601096
0.0922546518631599 0.0728507775053167 0.0340558029227142 -0.127509558372835
0.092584410466785 -0.0314552978345035 -0.0523344005973813 -0.0995459507699094
0.0353419321288548 -0.0815504055813945 -0.0734119844238337 -0.032497170794277
-0.0244048695472744 -0.0797552206008709 -0.0646187512294427 0.0061378180205198
-0.0565841833327713 -0.0419395508632033 -0.04391454993893 0.0164114323771745
-0.0624570348514667 -0.0245724050813632 -0.02039035962879 -0.00154968277225805
-0.0581323135382385 -0.0226939970004241 -0.00968994516030266 -0.0308768735614844
-0.0552178540519591 -0.0552744786189131 0.0136001199706482 -0.0573375764750924
-0.0182764575386515 -0.0892566052164564 0.0555307890914948 -0.0599325166243024
0.0377373459442694 -0.0898908619528001 0.0952279569850725 -0.0145660360601385
0.114957343536465 -0.0222690782173203 0.0611356791931386 0.0518264013181608
0.0946708051215989 0.0856846807264892 -0.0213244045868195 0.0669614684356842
0.0287297586672878 0.13323614946948 -0.0368967855944783 -0.0232802331839323
-0.0418721616680581 0.0878752224811589 0.027225370493749 -0.128823881776379
0.00342601462260143 0.100804177661995 0.067824716825908 -0.10947193909425
0.0583381397164579 0.0660363032362364 0.0510898552675685 -0.122421786711543
0.0707995456478232 -0.0137932425278612 -0.0177633269917936 -0.106753914425988
0.0304026610570043 -0.0578714087473749 -0.0567735241630977 -0.0648682394864703
-0.0145633979166955 -0.061793763006617 -0.0751111454975145 -0.0231296065940744
-0.0428630868416579 -0.0352811843941276 -0.06474649365886 -0.00121409861457203
-0.0501945936824598 -0.0210476432511761 -0.0412465549955803 -0.0112762545945706
-0.0470412195201412 -0.0205149064465606 -0.0301258532114283 -0.0394053988408431
-0.0429602931470199 -0.0458559266640418 -0.00476759691978043 -0.0685792210093965
-0.0104494326543619 -0.0717732836036778 0.0451690785721669 -0.0755285558815577
0.0379343489083419 -0.0680739125598016 0.0933506098617993 -0.0269170163962871
0.092176162635926 -0.00446299390465348 0.0616043443447471 0.0399712333262892
0.0585444205213577 0.0774617104939374 -0.0205042565326775 0.0524248518194041
0.00288356113466817 0.0974849856553032 -0.0323424572339848 -0.0553605434070032
-0.0372306313888445 0.0289891138076701 0.0280025101226436 -0.158011576526881
-0.0188268678681426 0.0494735852796714 0.0622580364651583 -0.114659012655854
0.0191672444645377 0.0397702112747591 0.0548708948223253 -0.116055603777777
0.0348426485333211 -0.000238732888788849 -0.000143732327839075 -0.106291045591132
0.0176412711163598 -0.0261996042013486 -0.0480033507466703 -0.079110107484149
-0.00327801801283828 -0.0331891282848518 -0.080587827584221 -0.0387185250985122
-0.0224843014738809 -0.0230084101441247 -0.0769838442494963 -0.0129229037904931
-0.0306162198729424 -0.0150986745312014 -0.0550678420995843 -0.0186285763712338
-0.0300594136748951 -0.0163556485921641 -0.0445912590655883 -0.046809962761426
-0.0265149763031191 -0.0328795019451273 -0.0137412843540568 -0.0771987295508156
-0.0025923252402042 -0.0481855985811841 0.0415977735205219 -0.0858769396375244
0.0355209238187512 -0.0420497545207907 0.0938651202283315 -0.0311194235343871
0.0623952940375792 0.0145944055133374 0.0612860267888587 0.0352655009532502
0.0176856308388854 0.0620513821271934 -0.0177373863206305 0.0424693334709439
-0.0235554600606856 0.0517003106473338 -0.0205090177676192 -0.07567618535775
0.0336295687355256 0.00175541302841278 0.0243656335345312 0.0957463491257539
0.00429728929751138 -0.0292946391841862 0.0485893409330273 -0.0398357511677057
-0.0215165191496119 -0.0174010798788527 -0.0620800329788388 -0.0570498518750375
-0.0173220971348468 0.0141546531256533 -0.110793153807934 0.0253450686498339
0.00133299429587263 0.0148167488908891 -0.0558055447010223 0.107404900814995
0.00562744537854155 0.00895259104167479 0.0245170917017339 0.0980510089814833
0.00873197181220227 0.0056488407008382 0.0578811263955135 0.0549022441625701
0.00350956770501812 0.00393311419091289 0.0686276089870103 0.0273856377145678
-0.000240925946538236 0.00622530560058972 0.0806990330607727 0.014653179702397
-0.00902118098648502 0.00312457628130818 0.0868124934567606 0.0357178234042732
-0.00615971477894839 -0.00647591707956327 0.0617383828045016 0.0729471012417856
-0.00179094663005819 -0.0120279852318314 0.0051162717692289 0.099419605160954
0.02110093892702 -0.0171130679731429 -0.0439852690179272 0.117977366197881
0.0362728609795606 0.00385644639651085 -0.0695966882063543 0.123843415999315
0.0303383255304444 0.0377526906561936 -0.0374671433184971 0.169506744323967
0.0350006069597396 0.0541030420152763 0.0152096090985631 0.0921852006472677
0.0364393602409007 0.00312751706812918 0.0531424797113471 -0.0382678495324772
0.0156617001427146 -0.0166258503894002 -0.0543997058605792 -0.0702866036127512
-0.000188137462260702 -0.0130591560623146 -0.119823750616971 0.0119643681278509
-0.000350321447686041 -0.0160629612643513 -0.0679444356851786 0.102999097599141
-0.011873566202677 -0.0144148795040293 0.0144011997680562 0.1009060732605
-0.0151532707751866 -0.00459996162254932 0.0526194400279614 0.0598386220836842
-0.0204549603670633 -0.00529475519985369 0.0644297999045237 0.0280749807537853
-0.023870290298799 -0.00699946673078167 0.076201687753379 0.00864062315537311
-0.027846207924314 -0.0275247053073055 0.0867382063981521 0.0214380780417486
-0.000832036515286625 -0.0453962968426282 0.074960475158716 0.056906516487319
0.0299558337893905 -0.036576948938253 0.0296606610286368 0.090511013143088
0.0679071051797773 -0.00253101343907911 -0.0223320783722081 0.118386491618963
0.0660800643919725 0.0563553150516676 -0.0552535051799975 0.120095088760685
0.0329351604745767 0.100683059536034 -0.0327443625378774 0.147438023529687
0.02501320547653 0.102491189958075 0.0082171097600625 0.0712533711784268
0.060860647053652 0.0469730453667551 0.0586334847102359 -0.0443371468625932
0.0576978337393023 -0.00228075216804599 -0.0409285375490223 -0.0898269243505152
0.0280251981106326 -0.0371239972656295 -0.125257365917812 -0.0125740361920401
0.00348482623467784 -0.0494501353314956 -0.0811120728010576 0.0862536377789604
-0.0262991986676838 -0.0406134224702486 -0.00328324413262573 0.0942273882888135
-0.0370337151979607 -0.0177934944520205 0.0367335972254161 0.058739167266152
-0.0420862772884796 -0.0136887984329102 0.0507041181281789 0.0247774322133611
-0.0436783583778126 -0.0158083787712761 0.061972675476225 -0.00110776410431081
-0.0455798687319198 -0.0481822085404572 0.0771138928240141 -0.00110542627017228
-0.00622094707432464 -0.0767828414494549 0.0842930008555116 0.0268299184650257
0.04385047145713 -0.0674025183814391 0.0611001574851051 0.0691218515428735
0.107001633964692 -0.00807544743259592 0.00874332306724028 0.110981731658844
0.0986147975087858 0.086694226856103 -0.0393841374747724 0.112990115810124
0.0429546061989156 0.143130903114886 -0.0293527577849622 0.110201855665818
0.0052201719397283 0.138110054596166 0.00556015405478113 0.0302474744778142
0.0706064950220733 0.0940050692683912 0.0631289609692671 -0.0585473351579085
0.0942110131811338 0.024224025065799 -0.0197766625672035 -0.111427438906888
0.0623649488882723 -0.0507771995481413 -0.116408465017835 -0.0458181126397815
0.0139693261070021 -0.0768764248475033 -0.0893126648447177 0.0550931716122881
-0.0343674236934108 -0.0656447232273894 -0.0249368840226131 0.0738429999260494
-0.0533560811591013 -0.0302986028348225 0.0123890249039947 0.0501488636723739
-0.0576989473398979 -0.0196666620663154 0.0294691907537304 0.0183340339674988
-0.0565762881201026 -0.0209002414511834 0.0404107599140626 -0.0115480569372623
-0.0583459813151222 -0.0583821532779703 0.0588122383760792 -0.0246874211974712
-0.0156606157545088 -0.0940608102238906 0.0821872849266611 -0.00828789137603552
0.0434762113385999 -0.0918849627018496 0.0843058631179003 0.037803175833271
0.128333676538646 -0.0245162721979325 0.0373488934418942 0.0938474906576656
0.120414060115138 0.093945923820746 -0.027889482017037 0.0999409454131255
0.0499734973636995 0.160866500704788 -0.0307428555765777 0.0651702172098377
-0.0174789621602535 0.149214491142455 0.00917515602861956 -0.0237280462891799
0.0600336100770638 0.127611468494383 0.0655277898843739 -0.0771953628185132
0.108697087195854 0.0547685278447088 0.00780490335995298 -0.12617215751916
0.088402189429641 -0.0479841196052368 -0.0899285444255687 -0.0784636327168875
0.0265400494325494 -0.0896120814070576 -0.087279856502511 0.0107373111950261
-0.0334352024722868 -0.0805025186293466 -0.0472823278312841 0.0420900375103721
-0.0604052289246899 -0.0388639903907813 -0.0158457609374224 0.0354280429723954
-0.0652550816038501 -0.0230464031518627 0.00418289343131853 0.00901950617467713
-0.0602456490130735 -0.0220220322255451 0.0141387934266786 -0.0219870266924663
-0.0621671963497506 -0.0584750038987445 0.0352616982138328 -0.0434917295948511
-0.0215553746268741 -0.0974885447559774 0.0699131318146302 -0.0394584379484534
0.0385275781057321 -0.0995505335258986 0.0939961009284885 0.00602323396441298
0.128546526469662 -0.0330720940226395 0.0544283146147194 0.071799149326926
0.119860491606256 0.0904648971558148 -0.0232145583045728 0.0844695524516978
0.0466939245486096 0.156577382560498 -0.0348070154436862 0.0185406831900631
-0.0345772009799698 0.131773572019889 0.0174578446964357 -0.0808694299610945
0.0342524351690753 0.130683860643762 0.0670925680435533 -0.0965661841753045
0.0941663126005228 0.0718029225736988 0.034095602740287 -0.128728316138553
0.091913605505823 -0.0321256174802563 -0.0520497202706762 -0.0995980453780875
0.0333981918231502 -0.0817207509709831 -0.0742130322240093 -0.0329422122038281
-0.0267483445454875 -0.0790571111447969 -0.064586214836036 0.00744435006495721
-0.0566038256791156 -0.0406076719109282 -0.042616392791599 0.0171836846175193
-0.06209823786725 -0.0228268851423384 -0.020234949331353 -0.000910681284026365
-0.0575495421431354 -0.0217833219340489 -0.0106393380562449 -0.0310571772246132
-0.0560302895375131 -0.0542490325952636 0.0124420813659221 -0.0573638256179859
-0.0199384571464765 -0.0883226129166553 0.0555701423378117 -0.0611589243130207
0.0361672679608417 -0.089608753450676 0.0947386416877426 -0.0159246054754781
0.114740162962855 -0.0245421392996016 0.0605815184990944 0.0522202005082874
0.095755293455651 0.0846209201678904 -0.0217185117941892 0.0678212981812171
0.0294137764324286 0.134006983621999 -0.0364538684254209 -0.0222883894957159
-0.0403698725734435 0.0885140594587053 0.0254846592655583 -0.128738303042756
0.004988319658821 0.100431894240568 0.0672491282453797 -0.109661782396622
0.0594051219597284 0.0653201782236477 0.0511081303496951 -0.123635866145819
0.0700123595928567 -0.0145452601028826 -0.0185421020321157 -0.10709531004028
0.0297965996201626 -0.0576129322260972 -0.0578038881449745 -0.0652623748844901
-0.0157714003907689 -0.0611906766997048 -0.0754532524377639 -0.0214488550119119
-0.0435847049392758 -0.0348117344987238 -0.0639897120003217 0.000151483681506113
-0.0501545660885165 -0.0196151807638042 -0.0413639857568374 -0.0102131110554666
-0.0468938975309627 -0.0196615999561707 -0.0313144873294419 -0.0389592548305158
-0.0438119370771648 -0.0454920805265326 -0.00501686758177522 -0.068036296907555
-0.01168947721222 -0.0711262411827003 0.0450777421001534 -0.0767035455177424
0.0369051724155818 -0.0681913665394211 0.0929773125211683 -0.0284685966136692
0.0912843581248792 -0.00579952037260919 0.0615291556911961 0.0399190428813912
0.0595147722992032 0.077329762635535 -0.0202216884474179 0.0538963967885128
0.00353445322797802 0.0985423204426367 -0.0325722430008551 -0.0548271245595021
-0.0368325138035877 0.0298431220582013 0.0267176744960514 -0.158062694005005
-0.0179745838945825 0.0499433820303457 0.0620717040367413 -0.113890031191261
0.0200252485200521 0.0397571841765078 0.0542910803910035 -0.116231913195951
0.0344215794644822 -0.000696602651457878 -0.000861494581704852 -0.106998385387658
0.017430820435469 -0.0260699786741077 -0.0493238982147427 -0.0800994465726772
-0.00410316740975673 -0.0331985240878596 -0.0813704225693316 -0.0363772104310231
-0.022226186054854 -0.0221984353204734 -0.076960644745628 -0.0106791842247252
-0.0308574250210806 -0.014097656772283 -0.0546413182274181 -0.01707195470276
-0.0304116026641107 -0.0157211798662904 -0.0449323705722444 -0.0456947412543999
-0.0269301505482656 -0.0324538414732716 -0.0145091947138198 -0.0769876657908297
-0.00327864052904328 -0.0483543837894449 0.040522899548237 -0.0869958024449849
0.0352119650284491 -0.042058081209137 0.0934833772092121 -0.0327695779329835
0.0622855782557316 0.013491555488931 0.0609355377837101 0.0353220304687108
0.0190040535427154 0.0624368860973904 -0.0178066898258787 0.0427375956911756
-0.0229651431120227 0.0521840908764528 -0.0215223600825013 -0.0748537475306367
0.0341491596085707 0.000784684177589941 0.0274407646891718 0.0955000200157501
0.00392296466400803 -0.0293094997265413 0.0473195013210615 -0.0423287311547724
-0.022160081379515 -0.0174719559945498 -0.0639722083195024 -0.0568312176575576
-0.0167207793270657 0.0147537301279715 -0.11121975939944 0.0279023747710901
0.00202054760125938 0.0152069222342247 -0.0528206121286075 0.11042494602692
0.00550372158682518 0.00901699831725944 0.0275170271696086 0.0980352709667715
0.00836340318260205 0.00564625460992933 0.0593157766978318 0.0532505945721984
0.00415351634805562 0.00333878404747593 0.0698936516465195 0.024852830798713
-0.000334856645289565 0.00628900285848077 0.0813559646656165 0.0109453562132362
-0.00888526941710419 0.00354555446582993 0.0888351508421266 0.0324300839120954
-0.00633832048574612 -0.00679386959040255 0.0641378540991391 0.072183884186861
-0.00154677860499039 -0.0116668923962081 0.00699844259673973 0.101902861412293
0.020191372893602 -0.0181661153176401 -0.0416029941820627 0.120987167724463
0.0366702124313788 0.00324285884716193 -0.0682570778993826 0.126079433300801
0.0326084766620518 0.0375539471629122 -0.0344642170720221 0.171339558282224
0.037584446614169 0.053720573214849 0.0176386426660119 0.0927935300377381
0.0367814821290558 0.00214055683634099 0.052015438643469 -0.0408756412881119
0.015115856505744 -0.0172179206873742 -0.0567079734384966 -0.0707403503188811
-0.000425310114334144 -0.0129264178522613 -0.120895316886325 0.014962585475344
-0.00105028116851217 -0.0162188022900456 -0.0646547380743634 0.106074338399511
-0.0126152848798668 -0.0139763503463051 0.0179623389905385 0.100934527609209
-0.0157351414992928 -0.00460810717952363 0.0542403856082373 0.0577101379375873
-0.0207511236991562 -0.00491713289684338 0.0656097984742734 0.0253702806109774
-0.0247388339478865 -0.00643394065420621 0.0763870512235638 0.00500900982496934
-0.0293128848761693 -0.0264159039454471 0.0881128961205925 0.0179507540654223
-0.00247764070145893 -0.0455617799690941 0.0779804164707072 0.0551297806215658
0.0286483193548054 -0.0373533560990855 0.0315012408330226 0.0914514850402778
0.0684736207746922 -0.00410617214492248 -0.0196568839024765 0.120888082907184
0.0675683587326969 0.0553827517720691 -0.0538344349445938 0.121857139244156
0.0364121778230524 0.101151235259719 -0.030531826389248 0.148829276519649
0.0282069730912845 0.103515384746967 0.00980513479718373 0.0711068089251909
0.0624546908467944 0.0453567846902963 0.0575127948460699 -0.0471001495643763
0.0584089689554353 -0.00423149393708565 -0.0438254615161393 -0.0915103502221637
0.0269743232961066 -0.0379922643846554 -0.126275577389292 -0.00949943431413396
0.00184362575445078 -0.0499476088351602 -0.0792627228772694 0.0895255278729147
-0.028290380848116 -0.0403104756147369 -0.000663025199939036 0.0944714505351273
-0.0375363259218618 -0.0170138999202833 0.038126790628709 0.0570700733869289
-0.043020521871897 -0.0122962225507382 0.0516014123226177 0.0230745016467108
-0.0443200936498769 -0.0148730677977539 0.0617950861137218 -0.00365271250252504
-0.0475443033745961 -0.0471495977651581 0.077966893711029 -0.00459647311353532
-0.00891821068727562 -0.0772525152375834 0.085695764209896 0.0242295394175036
0.0425850402369889 -0.0692520206059945 0.0622109402401915 0.0694398889124781
0.107589176974111 -0.0118378634920395 0.0111484293254214 0.113624799789853
0.101989432801896 0.0846170323123266 -0.0382349367260701 0.114189336288349
0.0470231783523625 0.144523303585431 -0.0278354989054907 0.112038981994568
0.00959159285984027 0.139330830210301 0.00571249847818502 0.030658706800857
0.0735118430176909 0.0927329839385544 0.0616172460270346 -0.0605300778725124
0.0961640220784606 0.0213414429692112 -0.0217505479885938 -0.113561103180486
0.0609073650816087 -0.0528288669080223 -0.118478439231924 -0.0426425581292011
0.0115073697669641 -0.0782772168903865 -0.0884110354844137 0.0571459377904798
-0.0370076519252052 -0.0645812440435686 -0.0232131681394991 0.0752528327184047
-0.0546773425382044 -0.0285063428792721 0.0142626657728228 0.0503432285974312
-0.0584124410269698 -0.0178260308890265 0.0300221516762528 0.0173087510019157
-0.0569064056202175 -0.0197695922881281 0.0395133487769269 -0.0137314413505614
-0.0610205944036861 -0.055958722565706 0.0585372707505251 -0.027166361539829
-0.0189579036080508 -0.0947843937023344 0.0830486105981608 -0.0119537399982595
0.041275391664694 -0.093566978364443 0.0846522679877472 0.0361703946726371
0.128653305607714 -0.0289039458060469 0.0391787027778099 0.0946467951128751
0.12417524839302 0.0911827612981936 -0.0266969214175435 0.101845719822824
0.0544920962946693 0.163186077029094 -0.0295816564466431 0.0668195512741993
-0.0133022908764002 0.151890348328665 0.008230255692325 -0.0242541427551694
0.0639372223512682 0.126874072094618 0.0646058547224025 -0.0794478614793307
0.111651090021972 0.0521558136190604 0.00554761369942611 -0.128799960463754
0.0879642933214749 -0.0509324128181805 -0.0919159964307292 -0.0772886713621729
0.0237398881773207 -0.0912683640515118 -0.087956120392385 0.0129449495604359
-0.0368806559756472 -0.0796157925542891 -0.0465959301494842 0.0444487910337567
-0.0620783435270352 -0.0374177590841964 -0.0148790203314939 0.0365811579797066
-0.0659300309682669 -0.0206889102788563 0.00469918813003865 0.0090264545678355
-0.0614618640597245 -0.0207800709874444 0.0134037338207389 -0.0229488784082032
-0.0650296504707618 -0.057268157690464 0.0341926481450779 -0.045967691476244
-0.0252750569992542 -0.0975210287848255 0.0699092974987142 -0.042958460971858
0.0353553081772192 -0.10074855642469 0.0941401346686671 0.00376261836064946
0.128706708119128 -0.0376897068916313 0.0560686672022657 0.0722651528461774
0.123330888215252 0.0879996529262883 -0.0219331013019208 0.086216416971587
0.0512034688709114 0.158440703672675 -0.0349644531493459 0.0196823204481191
-0.0304788185855251 0.134010595574327 0.0156639559830084 -0.0820649457292402
0.0372760538046568 0.130803999986071 0.0659593115803017 -0.0982529809990066
0.0973426315802632 0.0705042780060784 0.0323230048870694 -0.132081789631598
0.0917565523995915 -0.03500565496451 -0.054434705735834 -0.100002021438879
0.0311608649304597 -0.0833989502124385 -0.0761789310166785 -0.0320240308977315
-0.0294577019699026 -0.0784383202952005 -0.0651912153618248 0.00977014370430795
-0.0583992423245611 -0.0394651720394541 -0.0418753427906085 0.0188947610950121
-0.0628995634644282 -0.0206257036264503 -0.0206075462711324 -4.83371848415872E-05
-0.0581607842953194 -0.0200971186278219 -0.0120702117636917 -0.0311465266574027
-0.0587102615871846 -0.0525477296539885 0.0107360027763538 -0.0587075578830993
-0.0230586690987635 -0.0881386725402242 0.0549785762508374 -0.0649561613918297
0.034472776980209 -0.0907650248777838 0.0942772310261437 -0.0192526954336802
0.114447183719281 -0.0282468027977776 0.0618802346103386 0.0523108341070486
0.0993563125713689 0.0833718712701844 -0.0209135917786051 0.0701604153195628
0.0327285853172009 0.135531139071517 -0.0375139803908412 -0.0214687874769985
-0.0379687715107146 0.0906262521576016 0.0229995006868998 -0.13036535816237
0.00709491666241557 0.101177903428143 0.0661130108537248 -0.111054541402009
0.0616935356575129 0.0647953854607135 0.0490812490194716 -0.126266359784621
0.0702439684710952 -0.0164688925596758 -0.0204362970998953 -0.108183834850669
0.0274684617440389 -0.0592932094501807 -0.0609257570368531 -0.0649593015753481
-0.018687214917034 -0.0607067132453335 -0.0770680629922639 -0.0196239191042903
-0.0444960697353536 -0.0334541080040163 -0.0638453689457812 0.00306458868564143
-0.0507879339385453 -0.0176155314829312 -0.0418387708869038 -0.00861419696969436
-0.047356396950908 -0.0186627345932185 -0.0332878869464084 -0.0383130289508951
-0.0456157052359204 -0.0440101043104189 -0.00693973049485924 -0.0689192086115692
-0.0141843224598433 -0.0717245762595313 0.0436778143080944 -0.0796181069416405
0.0352510757732875 -0.0699048585879931 0.0925542074151612 -0.0317044401776377
0.0917761180261458 -0.00884855382694844 0.0622628767162436 0.0398766940789765
0.0626729039766997 0.0763480414993874 -0.0194639096984289 0.0555422318042472
0.00538407787676115 0.0996171803891454 -0.0344763397157399 -0.0538882372801703
-0.0360424613143144 0.0316953065766219 0.0236661726921256 -0.160005281522685
-0.016926322571981 0.0501506679169442 0.0610505501897728 -0.115626650259932
0.0207844600185957 0.0393774737981338 0.0531292257634501 -0.118910898786861
0.034530554923726 -0.00143256948840402 -0.00246712803814904 -0.108546666203178
0.0167285853145398 -0.0269761851146185 -0.0524110322049857 -0.0803423249324261
-0.00475527853007436 -0.0325619773282022 -0.0834794862718178 -0.034237682376726
-0.0234727332586336 -0.0213876776337294 -0.077300531898089 -0.00769398500218822
-0.0309340693104457 -0.0124387498975899 -0.055361959053298 -0.0156933961695159
-0.0308210933994157 -0.0146065395643605 -0.046772806163815 -0.0451090638509534
-0.0285417288008864 -0.0314024586175873 -0.0169341100336204 -0.0769319851306354
-0.0048910652240239 -0.0485318964940489 0.0391933529463823 -0.089400167504677
0.0343416418596895 -0.0434517570054988 0.0930390631677287 -0.0352420048098824
0.0625841299350006 0.0120436357876775 0.0619450573971431 0.0351967523685095
0.0207576119874628 0.0628850092298682 -0.0173322724289281 0.045095866395269
-0.0219998311851914 0.0536469986363919 -0.0234478454839551 -0.0748094779650817
0.034355428295256 -0.00101417932225638 0.0316950461652148 0.0942299408916466
0.00201741477549604 -0.0294259019783176 0.0447312926993103 -0.0443906581459646
-0.0235606347618624 -0.0160969871954431 -0.0667868595973917 -0.0544056151240302
-0.0161293368550672 0.0157682055706094 -0.109546119925333 0.0324423396834146
0.00285459004314597 0.0150792901276726 -0.0467611909442934 0.112608669288227
0.00627209402803469 0.00844250363541834 0.0324327181585238 0.0959948212349119
0.0084032463184308 0.00490353953832151 0.0605480283961971 0.0495396537105991
0.00387725852583141 0.00359640849728331 0.0701759741464949 0.0209669752293928
-0.000283799483501399 0.00642962878465981 0.0817103417385678 0.00575445616110651
-0.00886376604994639 0.00356089514537589 0.0899600364642385 0.0266982591563866
-0.00686395706708559 -0.00614827284625492 0.0682786662069633 0.0693619091051879
-0.00226991517646451 -0.0112320297737096 0.0107530845974224 0.102657067478211
0.018940260700278 -0.018910417921679 -0.0359104911615211 0.123105806489285
0.0364262309124598 0.00160468469880558 -0.0634602325446296 0.12739246246412
0.0348711483407352 0.0364342228450613 -0.0276669555389354 0.172132465719792
0.0398429367739459 0.0521343525762937 0.0219014945769206 0.0918694331716294
0.0368339127130778 0.000125547612126295 0.0491572512115772 -0.0437232247525413
0.0142112849413316 -0.0179997777533753 -0.0601852332547826 -0.0685281505993258
-0.00113104906383316 -0.0125164457467923 -0.119228025035409 0.0203827837523202
-0.00200566990424184 -0.0159766160509603 -0.0592523033397374 0.108927952828135
-0.0134304897761188 -0.0129609596015145 0.0229892044663949 0.0991043292207597
-0.0157251216360217 -0.00346873937522902 0.056504801623095 0.0541660070277918
-0.0209819633005847 -0.00343982147312543 0.0662732120149326 0.0217967488145173
-0.0243182564765699 -0.00505023062217635 0.0764422588028463 0.000428876152982599
-0.0295752802379137 -0.0248901379832742 0.0890147585082978 0.0121969836766501
-0.00534838017992295 -0.0452511037048965 0.0810444631082785 0.0506655179727232
0.0269582906377041 -0.0385265603658763 0.0349943309032873 0.0915564744951671
0.0674463703719502 -0.00777012471182594 -0.0144174153103015 0.122205112235712
0.0702037135439866 0.0523895229479067 -0.0493591706670481 0.122927898197041
0.0416022810369859 0.0999326644815488 -0.0242323232090793 0.150283973418063
0.0337506139963315 0.102215547149286 0.0126825816482341 0.070532631555329
0.0645238532047083 0.0418877586508819 0.0544259248854819 -0.0498132351331371
0.0580973776902102 -0.00737572690188506 -0.0474782314118686 -0.0904250358499836
0.0251834424470884 -0.0386720609721372 -0.125338237492868 -0.00380722730168205
-0.000903766026499764 -0.0493708885241624 -0.0740506826909896 0.0927442819705599
-0.0301263556569512 -0.038179251255251 0.0048841088830805 0.0934727964171011
-0.0386407348951503 -0.0150101380635228 0.0409115877400506 0.0547761265095024
-0.0426165469876398 -0.00989761254026405 0.0521921497990264 0.0202733282148389
-0.0442150789054787 -0.0125702191084566 0.0606483291979617 -0.00789893413488244
-0.0497751642232617 -0.0436514519685938 0.0776352951672412 -0.00956319856228791
-0.0131871425469719 -0.0760196300281083 0.0873750975077395 0.0190966977308372
0.0388833057523411 -0.0705426451782286 0.0646922854160873 0.0668644748831188
0.106738043810728 -0.0174193264662702 0.0158254897104685 0.113592019310983
0.106046764760135 0.0797685674979524 -0.0339238813062298 0.115793894207613
0.0538756062921693 0.143679289481077 -0.0225867273190806 0.112440269924217
0.0165014609462434 0.139698857533033 0.00700672759195036 0.0306672545272089
0.0780129256452923 0.0885237599632445 0.0587964619650202 -0.0629407456509364
0.0967176873975422 0.0163455946150293 -0.026800302043502 -0.114515175121635
0.0580244140897009 -0.0553345118184189 -0.119261030707362 -0.0376281063393367
0.00731157442070102 -0.07840374905403 -0.0855887077217281 0.0604984177563332
-0.0408441160832777 -0.0621930264158709 -0.0199767647513132 0.0760407354460338
-0.0555728629630868 -0.0259357008188877 0.0169647225090501 0.0491536039648797
-0.0592628072339293 -0.014574255385715 0.0305621034427166 0.0152677096720616
-0.0568955661603467 -0.0169058382212845 0.03802411565495 -0.0162554178097483
-0.063894374287667 -0.0526707323179185 0.0568087834837718 -0.0311988685973378
-0.0246327031070285 -0.0929751173030576 0.0829717420581626 -0.0162702316583972
0.0366983760759488 -0.0951431113956996 0.0852660111100632 0.0326925354585666
0.126728434325721 -0.0355184484638899 0.0430349328995177 0.0941227625787216
0.129411851149696 0.085723921861983 -0.022946891134131 0.103594212155671
0.0618642369801623 0.161081052834658 -0.0264488304348728 0.0678108679009342
-0.00534041706101484 0.152122725062445 0.00688712074592539 -0.0241898549504433
0.0698523435602967 0.123357394010659 0.0611030212828266 -0.0821279913903096
0.114255658523854 0.0461982159633509 0.00055201046664545 -0.129968666337667
0.0849193575551722 -0.0547326243999289 -0.0949547169435028 -0.0729299878947618
0.0189396120465189 -0.091942674672952 -0.086871274580989 0.0156785740896
-0.0413070571471338 -0.0765946836705768 -0.0447047576860555 0.0464226611049352
-0.0635738241658026 -0.0340444347857263 -0.0122545183373577 0.0368112849361295
-0.0663701722086832 -0.0168320011208969 0.00515430260351139 0.00853004905530825
-0.06152763843678 -0.0176501320287844 0.0117695681927946 -0.0241151697278545
-0.0673165379873697 -0.0533336543041477 0.0318546320020344 -0.0480567387234832
-0.0308112623664983 -0.0957281012576276 0.0678869806043591 -0.0470950869537662
0.0302563452087312 -0.101907139792942 0.0935601284320132 -0.000353927166463029
0.125955379170885 -0.0440747907364758 0.0582833789268558 0.0705627996153848
0.127789201205012 0.0818314037239805 -0.0188290415575571 0.0878593346180107
0.0586225941438242 0.156862247022848 -0.0337278232295537 0.0220800420818596
-0.0237943156860095 0.135359057029676 0.0119873317401245 -0.0825352354277697
0.0432938557014815 0.128191277541167 0.0623763510408751 -0.100477956692609
0.100178093823507 0.0652668831495794 0.0270244783014231 -0.134211693279272
0.0894580477394722 -0.0391173675047979 -0.0583702497636238 -0.097747185831455
0.0264667190992298 -0.0852581172394585 -0.0773260110333916 -0.0297587575751287
-0.0338435210160775 -0.0761630418967334 -0.0652382605157813 0.0128039688239007
-0.0597724159643275 -0.0360385760987994 -0.0409384806251412 0.0212382045467781
-0.0636258592328217 -0.016801053369654 -0.0201388673907914 0.00102558593059015
-0.0579675337764024 -0.0173540568811842 -0.0139201017594538 -0.0303111467300979
-0.0608429208096255 -0.048752707428483 0.00753074120172922 -0.0600357671504073
-0.0270241797330637 -0.0870146775140943 0.0518969353230073 -0.0685648279726919
0.0293848579170542 -0.0919468794251615 0.0926276659148007 -0.0236084897568836
0.1122205810763 -0.0344413380079456 0.0636340645540245 0.0506923784549249
0.103940992196575 0.0784124929688013 -0.0180230080634877 0.0721145822522523
0.0388810199385309 0.134847857549498 -0.0387290950309053 -0.0195739975552848
-0.0333175130985024 0.0926918081992836 0.0168358792676656 -0.131177462147897
0.0118576693486093 0.100190752971103 0.0612110910811601 -0.113109456632215
0.064703123883556 0.0610976875375299 0.0439688389646571 -0.128712625655303
0.0690801135668282 -0.0200163535983719 -0.0243960884972548 -0.108102596605632
0.024001949322344 -0.0607478645665085 -0.0641218051231472 -0.063141424813375
-0.0220630561602856 -0.0594035069069942 -0.0778016325770235 -0.0153874002164547
-0.046061796247328 -0.0306632650344277 -0.0631816891261982 0.00705208626977235
-0.0510403089963222 -0.0143557664686638 -0.041742643146088 -0.00655570980404283
-0.0476919753094894 -0.0156439603970114 -0.0351877588778769 -0.0366341036950071
-0.0477403809781284 -0.0411098700699138 -0.0101434040059515 -0.0685136452890779
-0.0174813425326371 -0.0703071807767338 0.0402944502314138 -0.082785471268889
0.0316396603924254 -0.0707832170625822 0.0901293648224954 -0.0358955734545748
0.0910253877106788 -0.0135100763874742 0.0634167418206874 0.0378204732546303
0.066177367059041 0.0731810176520291 -0.0175842998909726 0.0571456418313819
0.010887291878371 0.0996915767353566 -0.0365298563750983 -0.0518778379099197
-0.0341894890078277 0.0333866548538641 0.0166314507156284 -0.160356600178198
-0.0144396802147091 0.0512086800178136 0.0566261901721293 -0.117709514513542
0.0222722645795556 0.0379753799341796 0.0483619570127658 -0.12178855188111
0.034144519703411 -0.00295903062116109 -0.00652827935713322 -0.109287396181363
0.0150842949528352 -0.0273165604865243 -0.0567019914931752 -0.0791779135778017
-0.0067611497099575 -0.0325558233884157 -0.0852440676849124 -0.0298655671145842
-0.0245064973560816 -0.0203061149824789 -0.0771676409918855 -0.00278840457580232
-0.0310755290135849 -0.0108321790094819 -0.0561209105448175 -0.0127487689849565
-0.0311909123001201 -0.012617416589723 -0.0487831350051866 -0.0421123925458705
-0.0301586906026701 -0.0291122954551473 -0.0203826169579221 -0.0760417609440463
-0.00657569351230436 -0.0473320550315179 0.0343271710964991 -0.0918174537489636
0.0316696484435504 -0.0449112864537363 0.0906843321766746 -0.040019900197156
0.0631565896698221 0.00881128706629282 0.0637136790198296 0.03306626341869
0.0246947108892832 0.0620712714227915 -0.015316679330638 0.046304327687803
-0.0193703275713129 0.0548061020002485 -0.0268303067305142 -0.0728011820086853
0.0331750491653091 -0.00229502030901197 0.0354600792321601 0.0890409657857535
0.001048591760772 -0.0286588285305376 0.0404445164245389 -0.0457715000658654
-0.0240166225923185 -0.0145103249731837 -0.067104088949682 -0.0491112202526814
-0.0146277778651826 0.0159131298149721 -0.104252817564739 0.0360948048464026
0.00366068041405245 0.014009126249066 -0.0392220847231244 0.111679808448598
0.00650289596327621 0.0077249942657393 0.0359307604462813 0.0904224939377973
0.00821861355783531 0.00462000745645949 0.0594528954787932 0.0439303071113129
0.00394759801500916 0.00305008692901562 0.0684650364002942 0.0160251031167586
0.000294211519145954 0.00522669294314371 0.0784039510784423 0.000569038488835261
-0.00758160960663685 0.00399261393090191 0.0890719508577166 0.0203164803192975
-0.00724581826362012 -0.005667503275894 0.0695172607017043 0.0637272136080921
-0.00273157128037542 -0.0104712714885981 0.0153411102233959 0.100424150267883
0.01742478226415 -0.0191423015871646 -0.0290050220153738 0.121275572006754
0.0355114688581799 -0.000136025412515577 -0.0566693398209972 0.125815744487721
0.0358636687632184 0.0333514606685321 -0.0194578457976542 0.168325373430891
0.0421804468318322 0.0483010052883761 0.0257002899972085 0.0875412012816057
0.0354071339653356 -0.00200647170123359 0.0451999666720444 -0.0445667337034404
0.0124731908676407 -0.0183583274844424 -0.061743544466939 -0.0643648002036069
-0.00174462987372772 -0.0118041683767986 -0.114632577918019 0.0243805150660425
-0.00233620790860378 -0.0150115838631802 -0.0513536679758155 0.108479187861652
-0.0135153586525712 -0.0114452760782256 0.0270691974427765 0.0943202326829514
-0.0155708672860191 -0.00251716821999192 0.0562947732484996 0.0487700857427123
-0.0209958409568915 -0.00232536717684508 0.0645257619438374 0.0168001034193596
-0.0237504470431152 -0.00392468964494213 0.0729324905568648 -0.00457090980646013
-0.030357856693367 -0.0226933764894274 0.0868331961503589 0.00625201306772263
-0.00760115756631141 -0.0435812076680897 0.0812884357319962 0.0452465505350038
0.0246795232527623 -0.0379076084022194 0.0381878941951272 0.0880170871673138
0.0647193356365801 -0.0105473281198089 -0.00827835280912283 0.119473377931861
0.0705914573727238 0.0474454508337954 -0.0436401252247734 0.120771476894868
0.0459410238923706 0.0951613788346514 -0.0164833317969773 0.146509529722258
0.037935565736375 0.0973780362506943 0.0157385001907303 0.0685339294966638
0.0644647079409228 0.0370020122621599 0.0499903048341765 -0.0514118719020293
0.0557422416283628 -0.0104468459187428 -0.050245990383126 -0.0867289400868216
0.0222249746289332 -0.0388929943663004 -0.121715888120267 0.00126351507885492
-0.00363805760694896 -0.0479066189018646 -0.0668739829126609 0.0926950872086219
-0.0311553178467996 -0.0350189185299037 0.00870206049104554 0.0898395617844929
-0.038077065885795 -0.0123019600664772 0.0420092113571694 0.0497657500374313
-0.042379423576625 -0.00697424750609184 0.0513214119607136 0.0160962083379863
-0.0433807683004298 -0.0101765484953988 0.0580314995097479 -0.0118953955470587
-0.0511426536623681 -0.0394750684169423 0.074569162103138 -0.0140330840573524
-0.0173779305201353 -0.072632464164406 0.0865242443728268 0.0134351157787243
0.034273311358973 -0.0701728580648428 0.0650369555910082 0.0627552615127161
0.101861322134214 -0.0225110284063925 0.0207791975812125 0.109543148577701
0.106618265260524 0.0723778893642478 -0.0285496545916924 0.113285607130734
0.0591597921106641 0.137477802474393 -0.016790002291842 0.110365169841647
0.0235656068329398 0.134287149408158 0.00823785708770465 0.0300291782241503
0.0793428212653098 0.0813476849306171 0.0539912447445972 -0.0636232350014671
0.0947581583148922 0.0109253018636952 -0.0307044125660754 -0.110199854067797
0.0531606970959093 -0.0561797948990593 -0.116888546203626 -0.0313030733354778
0.00215958149096734 -0.0757801169427106 -0.0795547392539059 0.0620781289117882
-0.042745854177148 -0.0577610820704925 -0.0156109949974306 0.0744433080592662
-0.0552811574656296 -0.0220292296880608 0.018944508111745 0.0457406537693212
-0.0574196997389347 -0.0107187695831743 0.0304834778597014 0.0133347042194909
-0.0560185330715956 -0.0131900521009168 0.0346907593855106 -0.0184450891670967
-0.0645843523404439 -0.0471934836522915 0.0530980226247714 -0.0340149449634902
-0.0297326168115357 -0.088701895904908 0.0804554135376669 -0.0214099126917141
0.0305834300354227 -0.0934174238814005 0.0838145923700686 0.0284872252833442
0.120059654973424 -0.0414816768529015 0.046184918228948 0.0903832139496388
0.129850067050233 0.0764818572224862 -0.0186482415847814 0.101353462951502
0.0685528618504984 0.154664764045216 -0.022870989684774 0.0673870115825716
0.00267543128126554 0.147968002779384 0.00521720228401154 -0.0230421395776686
0.0729512154904934 0.115460026965187 0.0553679252481582 -0.0815633558907121
0.112882395877096 0.0389155220228171 -0.00517258155624525 -0.127020695098483
0.0792588740248795 -0.0573272868638832 -0.0942076925004717 -0.0668680167086363
0.0128211775816044 -0.0901214562930518 -0.0832054159242292 0.0184100440368999
-0.044297574056685 -0.0713824724604919 -0.0409454369956636 0.0471001271720853
-0.0628558167067624 -0.0289901296137675 -0.00957611025243123 0.0359262441153483
-0.0642515659019322 -0.0126886223136537 0.00562874188826616 0.00802901331302264
-0.0602585448770867 -0.0139968106897178 0.00942337527842524 -0.0240711343080022
-0.0682468468972155 -0.0475551426204081 0.0277932242720943 -0.0484027564033714
-0.0348797699067019 -0.090837823138503 0.0644014049802692 -0.0501443602879526
0.0240526036475351 -0.0996301380839916 0.089784674505766 -0.00450275224237788
0.119474245710914 -0.049332088209876 0.0596087429096886 0.067130038048283
0.128361899615542 0.0726290841653602 -0.0144919381785713 0.0870432885876138
0.0642236907034977 0.150344637696754 -0.0318712604379737 0.0226094725969514
-0.016418537522408 0.132218252700752 0.00733462547863881 -0.0798269803869316
0.0479343972680605 0.121598041896437 0.0555592490077149 -0.09949673355111
0.100463748713382 0.0577677102545953 0.020301743441901 -0.132679952482512
0.0847858296696579 -0.0423501454566122 -0.0601675216945858 -0.092526130342714
0.0210657749570025 -0.0836995359333634 -0.0763681391969955 -0.0261466883417681
-0.0370708263243904 -0.0711462105044311 -0.0622509965847881 0.0158377298442631
-0.0602202124883428 -0.0312700512852989 -0.0378971100274398 0.0224913198565944
-0.0616607412809791 -0.0123855461088729 -0.0192059565417689 0.00206194777639987
-0.0571031160488641 -0.0141637695849778 -0.015684441562647 -0.0286847717187037
-0.0614124905988132 -0.0432868391361253 0.00490941222151287 -0.0585730499717267
-0.0311384321052095 -0.0824043203679873 0.0466544537701403 -0.0699599232539264
0.0237913581933388 -0.089718456517245 0.0876298987410448 -0.0268101238783101
0.106659704523144 -0.039165210376639 0.063407184516163 0.0471512569100972
0.104370508343658 0.0708130324335695 -0.0148694152431177 0.0709661200597325
0.0447231088980748 0.129513536309892 -0.0379801861986441 -0.0169771527328209
-0.0275325822448214 0.0911816576171581 0.0102878247162162 -0.128046996313948
0.0165917301560453 0.0965027251268745 0.055418210000132 -0.111728182251363
0.0657327298460631 0.0558803456633086 0.0376372768332787 -0.127827720783942
0.0654928505045489 -0.0221013548941602 -0.0280022345997261 -0.104317359706451
0.0200363086449558 -0.059515912948214 -0.0655635054403271 -0.0593942819642644
-0.0245765234240673 -0.0553719531074114 -0.0769467642315904 -0.0107062943064732
-0.0461890103044184 -0.0267738369932637 -0.0607586965417445 0.0102400819443878
-0.0492992588157589 -0.0110157043145695 -0.0398338931981904 -0.00427453186802853
-0.0469687596883068 -0.0130351295779758 -0.0355394277702947 -0.0333671054869225
-0.0482088306157364 -0.037381616379455 -0.0131138318644244 -0.0661354053391961
-0.0204343404727046 -0.0667822653811384 0.0346094282036094 -0.082784943974459
0.0267571482677038 -0.0697409414356617 0.0854798615228451 -0.0386830635463852
0.0866083716754881 -0.0178366181198174 0.0630225810048587 0.0354282898217914
0.0680274339197045 0.0676577877546099 -0.0145250953235977 0.0570267296262988
0.0150277563567001 0.0969878553849475 -0.0373617420254869 -0.0484329126843785
-0.0317335520785924 0.0330482570733271 0.00906368590535612 -0.156068546092504
-0.0113784138245018 0.0501678941211004 0.0509168115252756 -0.115731730391147
0.0237327264903471 0.0359238647786147 0.0418616195975603 -0.120120612350489
0.0323912507460656 -0.00457896898806519 -0.0111993787009598 -0.10635671756442
0.012817956261084 -0.0273897984313278 -0.0595833556686869 -0.0743920926604317
-0.00860308316959661 -0.0308816108851017 -0.0843337907851215 -0.0240775336040685
-0.025258758155145 -0.0184232012093199 -0.0745021574396177 0.00164105857636978
-0.0298755500836553 -0.00831031329387108 -0.0541715727749333 -0.00923095448168918
-0.0313529623582245 -0.0104812119753734 -0.0493626375823524 -0.038076952902195
-0.0312065409532723 -0.0266082083870332 -0.0231477465207747 -0.0728977944897413
-0.00883056238121807 -0.0459543877351832 0.0289308939752205 -0.09149949055507
0.0287062917698009 -0.0447798416885308 0.0857588580107781 -0.0427645614829176
0.0608290149048947 0.00487356883737343 0.0626433307643347 0.0300892186729005
0.0268245376158377 0.0587202168018119 -0.0120860028020349 0.0464592133710476
-0.0161027029850073 0.0541135615166361 -0.0298560633618929 -0.0684831870919324
0.032784269119822 -0.0060915536810976 0.0406723753910276 0.0804949317943062
-0.00202734665436573 -0.0269523655868402 0.032436966566325 -0.0470682078604783
-0.0245400990614236 -0.0105666696753672 -0.0686544450818549 -0.0384533557151015
-0.0125386395084256 0.0167127135600487 -0.0934481991249048 0.0465431982369917
0.00435458791471256 0.0129961407740971 -0.0228829774453724 0.10934934659388
0.00708500282947135 0.00675687013969975 0.0443834399493201 0.0807629267861238
0.00854624242542497 0.00360874020775206 0.061442820033679 0.0352016259767826
0.00360679591946558 0.00256381255947411 0.0652206230184256 0.00647555066891426
0.00087985590140243 0.00492451129908045 0.073067558599046 -0.00898669027423444
-0.00729082541047061 0.00429970023966277 0.0857949156935924 0.00742179306884912
-0.00715653573657646 -0.0053779102355431 0.0731704211977673 0.0523936082703611
-0.00238797593151797 -0.0101336520649148 0.0258051415920129 0.0950010011492485
0.0143315820924256 -0.0198706418758405 -0.013965682867261 0.116579424508344
0.0344977340867436 -0.00426642746741143 -0.0378671997274504 0.12372909696507
0.0397706413291345 0.026470269432606 0.00226262992289649 0.162755260682187
0.0476003098575546 0.0421322319692162 0.0303669538566293 0.0764066109035938
0.0326905600180992 -0.00583961112128742 0.03509711361108 -0.0476765595291096
0.00865546994770277 -0.0184452269107202 -0.0666998480608886 -0.0536607421032177
-0.00327675559157358 -0.0104913841010874 -0.104629655276544 0.0379395174917527
-0.00471558257851318 -0.0137734544028793 -0.0347342613994912 0.108920837067798
-0.0137700231793656 -0.00922171689112782 0.0364089190115676 0.0863283180416344
-0.0141986045005871 -0.000720408567018966 0.0583452497152158 0.0402035746772169
-0.0197586798437647 0.000146835883361288 0.0624442861891835 0.00751607670915706
-0.0229040888410897 -0.000976130534704386 0.0668083675057857 -0.0130478687328205
-0.0312253290677812 -0.0172791353119721 0.0815070193590406 -0.00588029233628659
-0.0130333834395694 -0.0399549828250587 0.0809709405961909 0.0328357589822023
0.0192549626651092 -0.0393569145632254 0.0448598983491992 0.0794695069634209
0.0590793848683304 -0.0184795275935849 0.00618094641525847 0.111996701885997
0.0721647743683806 0.0357258387534597 -0.0236187516771038 0.118364564405856
0.0559890416222956 0.0825615700655068 0.00217305615421257 0.143577020894753
0.0500772324596806 0.0898822058741745 0.0185101186264714 0.0553424232463293
0.0642458427052435 0.0277269571747624 0.0385038549981304 -0.0545393205189451
0.0501651825244469 -0.0164629596616937 -0.060466695464798 -0.0769619913057873
0.0162547373409901 -0.0384212520344349 -0.115850159487002 0.0178811559492999
-0.00943476950656982 -0.0441307316716963 -0.0517275889354189 0.0973277338113145
-0.0331488757147834 -0.0290680203155037 0.018335021507741 0.0855305059497058
-0.0366080480127815 -0.00683613325624116 0.04517811892587 0.0434362078728419
-0.0399921141636636 -0.00210086905294754 0.049608246737226 0.00879797071196468
-0.0417596141390134 -0.00490028376467736 0.0511374039445982 -0.0177267857981501
-0.0526189498520004 -0.030726496304234 0.0666062496374229 -0.0226107403190959
-0.0260517383673588 -0.0661619522521937 0.0816813368221976 0.00231230860915208
0.0242518517942378 -0.0700973183341368 0.0672061442843033 0.0511944714136574
0.0923780088491031 -0.034839723263321 0.0327594477056949 0.0992826938715736
0.107915330277098 0.0540460264157804 -0.00865063540097828 0.11034299837063
0.0736221939238149 0.119278798009954 -0.00197766154479647 0.11076869895099
0.0406152047850537 0.126837488851356 0.0068832958060643 0.016472456129882
0.0831141452491418 0.0675356687812223 0.0406482735199433 -0.0685106775541906
0.0895993172910162 -0.00122402468643485 -0.0466411596176862 -0.102792834175601
0.0438345473257258 -0.0581738773106802 -0.116286749058038 -0.0140026479638838
-0.00701124518882195 -0.0714356352948279 -0.0687277172624144 0.0706276873407974
-0.0463464798855462 -0.0486776048612199 -0.00692089247229491 0.0745327235213904
-0.0537978476364689 -0.0142165036112748 0.0222938392670024 0.0426283741790416
-0.0549133138480007 -0.00288965093659958 0.0300360400234331 0.00852521378064575
-0.0536145121210367 -0.00628193945167789 0.0292590745222345 -0.0212925042938918
-0.065916512973418 -0.0354846185854889 0.0439231991005313 -0.0385972397585277
-0.039364925051021 -0.079158771949541 0.070323117188124 -0.0296535114938159
0.0174927890975618 -0.0907036568156717 0.0807194667858469 0.0160202140506242
0.106611251650317 -0.0546383444926657 0.0545464683157678 0.0766712538393014
0.129177528845387 0.0549636944386253 0.00121213611993545 0.0980948189215733
0.0836295257204956 0.134411825206616 -0.0122869464863749 0.0707945539021316
0.0219594027095486 0.142401326648165 -0.000303020736958223 -0.034262583225069
0.0811430819319678 0.100515286238027 0.0402905889259356 -0.0864857795565308
0.109908007610184 0.0226816897101731 -0.0248876949763213 -0.123360654441679
0.0683734595671775 -0.062024749285478 -0.100905129421952 -0.0508105735860747
0.00148197268592581 -0.0859279119639817 -0.079754949331872 0.0297739567400441
-0.0494479925540471 -0.0615391586661466 -0.0345755943930153 0.0523138984852964
-0.0623319741212798 -0.0199286025099475 -0.00638517948030139 0.037050284777575
-0.0611184825561283 -0.00383983805819834 0.00573467634006154 0.00727179906140686
-0.0577995095793103 -0.00663374828474745 0.00387107218428963 -0.0231084197308666
-0.0691258544517902 -0.0356225551466206 0.0179320848027012 -0.0491046054775283
-0.044881510794944 -0.0804102526959086 0.0523543655643359 -0.0551294867075098
0.0102809510308382 -0.0957303383459836 0.0825264887893066 -0.015320819240728
0.104193144365481 -0.0620538580484816 0.065055376843851 0.0532095475807341
0.127957264454097 0.0517155487581742 0.00289393905570752 0.083496092454326
0.0787920263626493 0.131294625814561 -0.025931064096904 0.0301817618790598
0.00079934250777228 0.129592964669577 -0.00272117143213241 -0.0871123107647983
0.0577487580728307 0.108956074973456 0.0393363258349192 -0.103703875564855
0.100168872407528 0.0425334732756384 -0.000403614798217815 -0.131960910440243
0.0745967685899163 -0.0482120010065877 -0.071515705130513 -0.0801742037196516
0.00974300270116388 -0.0802892443676505 -0.078961196052423 -0.0138901429258224
-0.042489075478594 -0.0622374777590336 -0.0588663547779316 0.0253832258415697
-0.0593744409121308 -0.0225085587026855 -0.0340859501830431 0.0276763298396579
-0.0586088629049323 -0.00439575500245401 -0.0175490722371568 0.00441946504683605
-0.0548846749009396 -0.00629669584199004 -0.01949047777573 -0.0242620464866281
-0.0618497639329335 -0.0328456236685317 -0.00483663880518779 -0.0558251726780411
-0.0403031232138887 -0.0726242870493112 0.033824593188161 -0.0719037514665409
0.010511402506745 -0.0860886423742888 0.078396919565278 -0.0367802727738022
0.0930042371631646 -0.0514482004867934 0.0669281986247166 0.0348812046925217
0.105601003115832 0.0521988270277335 0.000573791886518697 0.0696430790177683
0.0575557433525366 0.114665096944766 -0.0374026030468951 -0.00761055386130527
-0.0149871868886798 0.0900385303786718 -0.00414377802582879 -0.12969224968003
0.0255276011212842 0.0884749180258362 0.0392536169562946 -0.114354108568516
0.0672136199159512 0.044275639533914 0.0179539737227358 -0.128806257191323
0.0591319524759037 -0.0275397341418782 -0.0413770144654893 -0.0962309042740715
0.0117819475049635 -0.058150876547547 -0.0720742767358841 -0.0473495457664106
-0.0292595961576838 -0.0491352495878955 -0.0750333559108378 0.00156137575073404
-0.0461352079866638 -0.0200338968157077 -0.0572359575637825 0.0183030862934897
-0.0470233434018171 -0.0043996701125624 -0.0380040086289949 0.000902678382007339
-0.0452886587063257 -0.00679281605806526 -0.0383023509860436 -0.026545232248755
-0.04874172777263 -0.0278755170407542 -0.0219059869834864 -0.060482977071405
-0.0278822911255332 -0.0591242612187127 0.0212861476348748 -0.0826719906751753
0.0157701945240833 -0.0683077315943902 0.0749147095367713 -0.0483491506189815
0.07737849664437 -0.0283879762312014 0.0646633318076018 0.0243212765589625
0.0713495717914214 0.0540928457220147 -0.00179905673983865 0.0573767562854416
0.0262579482948038 0.0880163052311329 -0.0414439731053665 -0.0380950218484635
-0.0266029981200157 0.0350254240634486 -0.0072021336167072 -0.15207986864694
-0.00587937054612036 0.048134561977525 0.0351109285859783 -0.11601191424845
0.0254271722966936 0.0303259387628344 0.02533056466696 -0.12062579094113
0.0297337622388872 -0.00749567700236321 -0.0246288232885313 -0.100346249371947
0.00912923278141083 -0.0274872998858337 -0.0672783988789088 -0.0629807076797246
-0.0117030048612928 -0.0280697896140108 -0.0831682118065129 -0.0119560620288735
-0.025158633555494 -0.0139192016310703 -0.070836280329953 0.0112303518670989
-0.0289490833202603 -0.00421434284586559 -0.0511420686535697 -0.00204654125369531
-0.030117921308195 -0.00609200257992392 -0.0507780910738431 -0.0293202052168775
-0.0318178763712647 -0.0200337388088138 -0.0314492927098895 -0.0658361623802336
-0.0146098662332983 -0.0408210981567001 0.0159675852972147 -0.0896130258506764
0.0200354566384995 -0.0451405801967825 0.0756215206507748 -0.051512758605204
0.0568842439655491 -0.00367221555898313 0.0641239590570337 0.0207726311837578
0.0323387917374056 0.0503496324625004 -0.00260076336484105 0.0474741687380014
-0.00863838901633974 0.0522925320410167 -0.036594012478157 -0.0603643425010503
0.0318186664720013 -0.00564008558357491 0.0383155705427558 0.0766559821047851
-0.00160954738415903 -0.0254833883700103 0.0309141539661037 -0.0438739830245561
-0.0238780714545404 -0.0100809735888186 -0.0645145807253022 -0.0373561990428647
-0.0119159647989918 0.0158875709351916 -0.0897795056179402 0.0427087344731481
0.00425522793938759 0.0118394506725211 -0.0226514895715554 0.103502376289398
0.0066201844777011 0.00610767944716203 0.0411217831540708 0.0771292683618417
0.00790047341089387 0.00336400587732538 0.0566410328429727 0.0346342551130097
0.00354052842345371 0.00192184887862724 0.0613290784606891 0.00599253919043922
0.000535109631783926 0.00402701877348177 0.0686174514359741 -0.00812929467332838
-0.00690403989699056 0.00351770087674373 0.0815775404223938 0.00717919220204186
-0.00685862573600142 -0.00493433631373875 0.0690772056161227 0.0506299022518328
-0.0020031707536515 -0.00967193250164814 0.0232981104144212 0.0914924112687153
0.0138038252121053 -0.0184914369101231 -0.0146884965016853 0.110504739854131
0.0322269921112947 -0.00364645964549018 -0.0390810665916209 0.116522404911001
0.0373332431417572 0.0255599474365619 -0.000287113989635872 0.154347889378085
0.0452272744625052 0.0403887148254165 0.0280189707296196 0.0729420257233652
0.0311301909478336 -0.00571322353733471 0.033788752730918 -0.0441360198875587
0.00802432999972888 -0.0174084934525999 -0.0626425746570217 -0.0516545841503522
-0.00334417358402391 -0.00971449480701218 -0.100080508656645 0.0339862701850634
-0.00442103264798075 -0.0129521786413256 -0.0341452785226104 0.102518268837855
-0.0130473434099358 -0.00908996508328147 0.0333055265303567 0.0821451549620559
-0.0138605452679506 -0.000666604748368953 0.054062088137205 0.0386224292289826
-0.0184209440411125 -0.0002908384322486 0.0582125872889309 0.00763873106609273
-0.0215073466280013 -0.00196953591083328 0.0625521230403065 -0.0120425598447421
-0.0294219290947763 -0.016576096488296 0.0772619987002561 -0.00522431504190519
-0.0127207497021903 -0.0376917631867796 0.0767882941805274 0.031661149077344
0.0189221458690715 -0.0366772328791138 0.0417635398937858 0.0770853690622129
0.0560000258784895 -0.0169766763850084 0.00452258101573557 0.106677307740841
0.0679527378444223 0.034870453618337 -0.0251898369526821 0.112225559483452
0.0527871789177032 0.0792509672853989 -0.000754762176637691 0.136655116380063
0.0472707077455066 0.0858694891858424 0.0170315193880486 0.0531818258993819
0.0605633542806873 0.0269499072535124 0.0371849960210636 -0.0510662609710137
0.0473768739842561 -0.0152080995402155 -0.0562092816405966 -0.0744811411762827
0.0153278154905248 -0.0357327051835966 -0.109450538073879 0.0144722142973942
-0.00849611968538766 -0.0418810326119496 -0.0506840621448433 0.091263604353284
-0.030839124358088 -0.0271322612267058 0.0166180394948956 0.0814835109854946
-0.0345888820088398 -0.00688036974197781 0.0415513712314906 0.0412841220532909
-0.0374579923525215 -0.00185137285674058 0.0467505104663677 0.00811504814901759
-0.0394746201750084 -0.00518211838779887 0.0475912275392552 -0.0164193439579712
-0.0496792489605686 -0.0291352504408569 0.0627785284399294 -0.0220709044105386
-0.0248975090672169 -0.0629342723061578 0.0775334851325421 0.00221257027249381
0.0234399040496961 -0.065607461322546 0.063429092851304 0.0503548810367626
0.0873317041590248 -0.031984520209632 0.0299894088336401 0.095219828088687
0.101582026401299 0.0519035177606259 -0.0107253922821138 0.104627930474843
0.0688324453838559 0.114691030795737 -0.00395170960419073 0.105206488429095
0.0375622737394574 0.120659207235892 0.00654129239771522 0.0172841688483476
0.0778413287300715 0.0651215317593656 0.0389403321184832 -0.0641849379441193
0.0846305014695584 -0.00069834978051535 -0.043314298756233 -0.0984574691475569
0.0417570091074737 -0.0545340638510964 -0.10979682952031 -0.0156097198021198
-0.0061725077852143 -0.0676010421091312 -0.0670708369996572 0.0654444471289852
-0.0431554852872083 -0.046004554989763 -0.00698824787278598 0.0705926403726493
-0.050578176165048 -0.0136082928830956 0.0206022844271109 0.0407191921147332
-0.0513807519209108 -0.00343817711095883 0.0278349255080633 0.00804649847955306
-0.0502727703831157 -0.00672868737530802 0.0274335378485943 -0.0199785574749321
-0.0619892972755972 -0.0339543530060561 0.0412937881402415 -0.0370720090560091
-0.0372778362103178 -0.0752257300206741 0.0672152342767563 -0.0288713276946896
0.0171039541295632 -0.0856762384786129 0.0765593071649113 0.0174334383776514
0.10099760493963 -0.0511254430856541 0.0507281122324582 0.0751927624354076
0.12214016054762 0.0535889386898211 -0.00113880926991824 0.0933370260581306
0.0783055518541825 0.129094963264292 -0.0128261533627477 0.0673809982445126
0.019320763327748 0.135220596538958 0.000130255982386124 -0.0314895597220864
0.0754667599313254 0.0961910611862247 0.0397452696548546 -0.0809954599168517
0.103837374513318 0.0224325743855897 -0.0217884941921813 -0.117982998679744
0.065150517928982 -0.0578738754117158 -0.0942832789982539 -0.0504585680902079
0.00189021949700826 -0.0810588442899526 -0.0760399147599545 0.0270459380643295
-0.0465300463039119 -0.0581647365291061 -0.0327626947177557 0.0496739774146517
-0.0588471653086582 -0.019704888511294 -0.00571270835849151 0.0356850593167758
-0.057736327959806 -0.00393157242482182 0.00563187846175711 0.00638187364335865
-0.0551379983184174 -0.00670834465885091 0.0039491343533249 -0.0218266049555964
-0.0653721726722925 -0.0339802682077594 0.0171996436469109 -0.0468375260457143
-0.0425786999694582 -0.0762148097741282 0.0499311677858899 -0.0528829307660938
0.0103457786914318 -0.0902174010623502 0.0776524956182038 -0.0134552553667342
0.0985852946169094 -0.0583090510908202 0.0607132490399373 0.0524798219769216
0.121082139556039 0.0507470901351614 0.00109049608494746 0.0804504795984366
0.074308720755058 0.125787433122348 -0.0253474457008017 0.0285838611458236
-0.000733541569864784 0.122515659747676 -0.0016482160111434 -0.0821560677706804
0.0535988629959928 0.104072936967015 0.0394752466607428 -0.0965006380352043
0.0942710460007517 0.040739749640819 0.00189071739808625 -0.126008750544656
0.0711380335487771 -0.045311133338677 -0.0662698385761459 -0.0783500588423113
0.00965608896253132 -0.0762639606590347 -0.0754038435387599 -0.0145183091228838
-0.040481149390373 -0.0586276346430006 -0.0561020628182281 0.0235882807334029
-0.056427439823362 -0.0214318706111141 -0.032708187073476 0.0266097344215256
-0.0553898114536358 -0.00443910690582255 -0.0167600259016769 0.0037901257425312
-0.0519512922630366 -0.00685248570992373 -0.0180136632085783 -0.0232644777994849
-0.0588143935931149 -0.0316796041396942 -0.00411391502713466 -0.0531854036262904
-0.0376423337473982 -0.0690466772535188 0.0331309095131558 -0.0689669318338308
0.0111361230044275 -0.0816254569228027 0.0741959907303327 -0.0337837203868865
0.0883845243810851 -0.0477149171967226 0.0629529579446645 0.0351617355533799
0.0996218531669679 0.0502704573967612 -0.000540606807281731 0.0669383195444008
0.0536148168926833 0.109441105661243 -0.0353471560266591 -0.00692111979656234
-0.0161057294454262 0.0856174229146569 -0.00132429372658155 -0.122809034943045
0.0225836976696222 0.0844568081778962 0.0387262484656146 -0.107490109703289
0.0627749110508709 0.0426522088256388 0.0197240702212739 -0.122332959820562
0.0559015865145239 -0.0255610092160309 -0.0372028772065528 -0.0932418055479671
0.0115312062653248 -0.054831173379591 -0.0686971511800186 -0.0467168161962013
-0.0273958820813896 -0.0465797447141276 -0.0717751822514568 0.000762051007976065
-0.0436926734410563 -0.018772372093952 -0.0539421694282911 0.0170853670693681
-0.0436342261945716 -0.00447652436821408 -0.0358322054817587 0.000483566281743338
-0.0427639459511315 -0.00659826392354569 -0.0357597293509717 -0.0254248666405419
-0.0459089650879963 -0.0263075076529706 -0.0199731265869631 -0.0579505575057458
-0.0265325327326428 -0.0565260044977206 0.0209004636497598 -0.0784239389235422
0.015464430492327 -0.0639227270470462 0.0713659456553968 -0.0441423201491928
0.0732886140209244 -0.0259184782127396 0.061007720071418 0.0250424138946992
0.0674270378268682 0.0514702380632772 -0.00253674970535161 0.0546475535199608
0.0235846552392869 0.0836953570644618 -0.0388684633975048 -0.0365727901540981
-0.0259951554619935 0.0330746329681433 -0.00408670919861798 -0.144520036973975
-0.00558180572574264 0.0455386762435743 0.0362331758634164 -0.109602082980772
0.0235503439184615 0.0286734847932974 0.025577219436305 -0.114244963148784
0.0279451292849733 -0.00678708991542305 -0.0218454304688737 -0.0966227457317703
0.0086077443304119 -0.0255606476624993 -0.0642237848007672 -0.0610296082337451
-0.010840956380867 -0.0261873781783777 -0.0789909976054909 -0.0112889614366145
-0.0246766795178701 -0.012850038569372 -0.0668249161967575 0.01064275604082
-0.0264851593984021 -0.00396488897793544 -0.0480968374018311 -0.00251811292208541
-0.0287369058893476 -0.00556239297230791 -0.0480443984790704 -0.0285072655212521
-0.0295258352020623 -0.0190368875628566 -0.0288569529190164 -0.063335914275344
-0.013460078727782 -0.0391129618408433 0.015781250351262 -0.085270802563445
0.0192761701262693 -0.0419735498715792 0.0720677858758172 -0.0477410350000236
0.0535796121464562 -0.0031250159563429 0.0603583572973291 0.0215485811090885
0.0306136809779388 0.0480455237679839 -0.00343144231958674 0.0452157871488181
-0.00883649671245326 0.0494533737990616 -0.0341401646262836 -0.0565611217868787
0.0310428991779626 -0.00465996935651113 0.034444776312138 0.0760471526959517
-0.000647803595113475 -0.0250409199150788 0.0315534834515492 -0.0409417315966937
-0.0232451387928007 -0.0101117832096577 -0.0612110622829924 -0.039257199373869
-0.0121017235630811 0.0153555406119116 -0.0901340400049335 0.0376171484074618
0.00407317397944143 0.0116720690082787 -0.0257744419573888 0.0995347851081032
0.00604461109452713 0.00600023204218709 0.0369292843812005 0.0766680831062748
0.00759175757863218 0.00381901016024368 0.0528543677533664 0.0357907030285919
0.00316075837075524 0.0022338025452338 0.059009461647087 0.00827142191163974
5.77117223238095E-05 0.0035542646742608 0.0665961951694324 -0.00539055153166555
-0.00697637277776632 0.00294729657619493 0.0784121267234254 0.00937071717538185
-0.00679726936790557 -0.00550570556399861 0.0657391055640464 0.0520944714632118
-0.00112240257606493 -0.00956899667839256 0.019487489494369 0.0910974173023907
0.0134875967613229 -0.0176968708977682 -0.0189621628733395 0.106424804642445
0.0313122596301724 -0.00197441656502111 -0.043672177433309 0.111272041034161
0.0354421614973073 0.0261800867890474 -0.00718884213821241 0.150135988612564
0.0432828911618193 0.0408184371671978 0.0246451200808273 0.0725925939899635
0.0303735477403552 -0.00380981710866152 0.0349444215943727 -0.0406701064536852
0.00805366038023833 -0.0163910920148917 -0.0588618030496667 -0.0532770838226209
-0.00283453269623488 -0.0093760787088997 -0.0996936186484362 0.028830790338441
-0.00358149215634812 -0.0127179120236062 -0.036879426780342 0.0983816626254238
-0.0122247502272959 -0.00917973266706928 0.0293560791486891 0.0809690484576703
-0.0132638778877776 -0.00119347250477572 0.0506346531249657 0.0393824115318664
-0.0180995543863832 -0.000253169128938075 0.0561772135345061 0.00875359746995647
-0.0207073508782446 -0.0028555430253137 0.0605908632712608 -0.00982145446761384
-0.0286741684906583 -0.0172548162004551 0.074729128027947 -0.00281791913611506
-0.0110469039358319 -0.0375738954777755 0.0738812587022512 0.0332936570632286
0.0197775778566052 -0.0351032293651827 0.038030884935781 0.0779389302615626
0.0552347719092658 -0.0144801600259379 0.000338006736959736 0.104732913108385
0.0650033410904744 0.0361826650512541 -0.0302445091048966 0.108222794536594
0.0485529826374146 0.0791116813898467 -0.00694375279478144 0.132732345010238
0.0433999149711058 0.0850550387276315 0.0145136750963978 0.0533479019278918
0.0577067229550889 0.0284832028745211 0.0384265844212954 -0.0477327359805813
0.0464367821857942 -0.012847923775286 -0.0522871952015032 -0.0752034305847277
0.0159157848912462 -0.0341431898477452 -0.107383140525436 0.00915585070830097
-0.00743040349649222 -0.0409887515361211 -0.0525102059167465 0.0870973179888717
-0.0291208424718363 -0.0275815665471933 0.0132639165953862 0.0797319415027993
-0.0332487909535038 -0.00800131235658851 0.0382868952013585 0.0416279872088429
-0.0367622910733264 -0.00308311914546132 0.0448603692422621 0.00919517799534031
-0.037993361191341 -0.00706264664205502 0.04603154226826 -0.0145464633389272
-0.0478246545826031 -0.0302416813809442 0.0610400248748693 -0.0198986660908682
-0.0225002564292057 -0.0619197109246138 0.0758666775150143 0.00412155476246474
0.025425894865398 -0.0634472691747303 0.0598770563434486 0.0522765448814991
0.0862289642218785 -0.0272290730197722 0.0250966375454124 0.0945301198727816
0.0974716673158171 0.0545225685529598 -0.01552926514046 0.102034175221098
0.0632580322358458 0.114835526874454 -0.00772996071710189 0.102336999213338
0.0325987540358924 0.119031157521391 0.00593763810914197 0.0172691039191845
0.0732264337274815 0.0660744891172994 0.0403740880693506 -0.0598733699867511
0.0817552474320952 0.00234235447415203 -0.0382717816564052 -0.0987239999441328
0.0422797039927555 -0.051320146495898 -0.106358452080321 -0.0201930015782861
-0.00425169283670123 -0.0654509365512905 -0.068060082353295 0.0611646497010197
-0.0407940019157407 -0.0459249022439675 -0.0096012908562363 0.0684950209316629
-0.0487881736483278 -0.015109475994717 0.0187477400031077 0.0400219233347377
-0.0499825207035087 -0.00473916700625026 0.0270476645099215 0.00851404819619666
-0.0488758952250842 -0.00847898476094058 0.0263342414916023 -0.0187838185233598
-0.059604818115141 -0.0352544187277409 0.0409458864199339 -0.0351323092604523
-0.0347763512975161 -0.0743213235583959 0.0669600522956704 -0.026026487464846
0.0192882687732041 -0.0828370101297522 0.0736959812850571 0.0204526760714437
0.0997241910627237 -0.0460349607942829 0.0465949656468143 0.076349750998344
0.117556616138057 0.0565943355499193 -0.00564821060364439 0.0918312835168105
0.0717895706279141 0.129232002794929 -0.015672411372247 0.0659596607817028
0.0137311206444887 0.132583671017688 0.00147293203550137 -0.0298903601022328
0.069757312630812 0.0963480633419562 0.0415591858147887 -0.0760258212239659
0.0996571452592453 0.0258570281070427 -0.0163566631976555 -0.116821376654249
0.0648839860086762 -0.0539984280015054 -0.0899746101251839 -0.0541063385094006
0.00421506774239899 -0.0791462987722179 -0.0756377383216126 0.0227919437120733
-0.0436843130928287 -0.0578269766532751 -0.0344390758653394 0.0473737620320739
-0.0567062527565123 -0.020318427663544 -0.00682127066573943 0.0340493654803439
-0.0557682323871988 -0.00548858675715728 0.00522300580724866 0.00619102099193195
-0.0527484441875625 -0.00847629029701014 0.00387962356828639 -0.0215715312636401
-0.0625828046732357 -0.035006813097277 0.0182228197919953 -0.0457283023614686
-0.0394311728645187 -0.075399237761746 0.0505369151620452 -0.0507863879796161
0.0129866328558519 -0.0871228392241566 0.0760548282168395 -0.00927906783700554
0.0976848307699348 -0.0529188756721359 0.0574294212127834 0.0546709933026212
0.116318098161293 0.0534949543216366 -0.00197476775596466 0.0793841181788571
0.0678590184593455 0.125561828352897 -0.0255616158313138 0.0271530030151041
-0.00522097613864248 0.119300568400352 0.00209506535521441 -0.0795875230208531
0.0482715199270689 0.103876228597238 0.0423206847149638 -0.092116755596474
0.0896518334922798 0.0435941517445501 0.00691298761171454 -0.123330358601834
0.0703090170824646 -0.0415072908011265 -0.060438705904972 -0.0809254008310774
0.0115287937153411 -0.0736353017396571 -0.07362463166174 -0.0178863532010518
-0.0377780954318139 -0.05863805151571 -0.0558842658283309 0.0216470662786753
-0.0542968590840487 -0.022543617319393 -0.0318819814237983 0.0247533297908808
-0.0527413844059186 -0.00590708542762017 -0.0164968900277094 0.00283332790000075
-0.0495660039506635 -0.00822233499338718 -0.0170810744170345 -0.023269054237138
-0.0560126069619422 -0.0324825068451581 -0.00238064114227322 -0.0521854281300075
-0.0349070715283395 -0.0685687188703684 0.034469082388344 -0.0664822671001093
0.0132714956589553 -0.0783146077778863 0.0734026321431363 -0.0297522600617492
0.0872888077973884 -0.0432773854993166 0.0595452536081693 0.0382538164545175
0.0957750892144165 0.0527481436329202 -0.00317210633064092 0.0658422068181893
0.0487834089559599 0.109457418653525 -0.0343343217124235 -0.0080463691879114
-0.0184687234961995 0.0826106225312526 0.00331131774043362 -0.11918963869708
0.0195210021720068 0.0833635430540293 0.0428936982247782 -0.102905319916796
0.0597141718578306 0.0438452358941341 0.0241632996306054 -0.118602494740954
0.0552562943377756 -0.0227570743244877 -0.0322252856280765 -0.0932831775278271
0.012737977400814 -0.0534575164769856 -0.065525263666979 -0.0485917136453051
-0.0255155716928234 -0.0462726583717419 -0.069894141117054 -0.000977226907522525
-0.0423143763524875 -0.0196207716834448 -0.0529103203850836 0.0151425335381102
-0.0418479623179174 -0.00537420920971079 -0.0346205121477147 -0.000560139361124646
-0.0409427488963 -0.00770224051502968 -0.034225499467505 -0.0261266541191491
-0.0437678551166846 -0.0277042408401393 -0.0175298282199638 -0.0575252946633227
-0.0235286488492378 -0.0558838635043304 0.0224249670132857 -0.0767071254173764
0.0174981995438056 -0.0610712032375736 0.0714609190058767 -0.0405238975397096
0.0714667943345532 -0.0227801844766446 0.0588105869496662 0.0281469748953053
0.0642081273613029 0.0526799124025069 -0.00475675401151479 0.0538093530202833
0.0201960572084827 0.0821410554291474 -0.0364035443615821 -0.0366719449558623
-0.0264312317483516 0.0310677903219598 0.0018182183521934 -0.140385363864015
-0.00725362419593926 0.0443124381343371 0.0409320611484151 -0.104851008707376
0.0216705857718113 0.0288770213526557 0.0301462600889627 -0.110837431720178
0.0272918948011979 -0.00494082080182703 -0.016411841291644 -0.0962917241546085
0.00893407745679839 -0.0244667211526051 -0.0611618005999944 -0.0627878222837756
-0.0100065141280388 -0.0263710838298761 -0.0764375535910482 -0.0135159001837031
-0.0233145912585171 -0.0133557067846724 -0.0651344631566951 0.00847753835974187
-0.0256746997936126 -0.00409815491480985 -0.0469733623616869 -0.00418967972019023
-0.0273068276983259 -0.0063032644531395 -0.0452325136968644 -0.0292168996860941
-0.0284490537401094 -0.0190037627579531 -0.0260828033784188 -0.0626773839387236
-0.0116839257102571 -0.0386742932538143 0.0183287221057733 -0.0826084424369291
0.0202263840733471 -0.0404483321330835 0.0725656170535863 -0.0435031280823472
0.0514934367862374 -0.000731518834790206 0.0577787924802273 0.0241454441365339
0.0284255360869464 0.0481960471905276 -0.0042444991685624 0.0440349002884651
-0.010104007159545 0.0477980659576674 -0.031456335726514 -0.0563400688072997
0.0323021567807678 -0.00356864849617776 0.0320790370728164 0.0786179025782813
0.000456877651614798 -0.0253111464468444 0.034860913785778 -0.0392528800800873
-0.0230454936008521 -0.0110632838823445 -0.0602044927551928 -0.0426214676036525
-0.0125339142803611 0.0153096251609828 -0.093284041765988 0.0337405210650744
0.00390674051583979 0.0114062191498436 -0.0299928643881778 0.0997359310654874
0.00585052312052037 0.00634557340526337 0.0335934607747427 0.0792975039102397
0.00753980861127024 0.00359985460098635 0.0510870489473313 0.0390346525627725
0.00267051281069685 0.00224265509351969 0.0592402360876949 0.0108961187659967
8.53472350180136E-05 0.0036565272015808 0.0667417763799102 -0.00368206400358399
-0.007467781764014 0.00265380690956147 0.0787071365215168 0.0113974953534662
-0.00666651589024467 -0.00567615845093253 0.0647969583466438 0.0553254971076511
-0.000903084290949517 -0.00999447488045901 0.0157360883735679 0.0938338156687722
0.0141645201805024 -0.0167960820136227 -0.0247533977038507 0.106979877880196
0.0318525824678213 -0.000979672560204934 -0.0505327043192718 0.110280252786801
0.0351679448779158 0.0278492651429395 -0.0139068645709102 0.151960992092927
0.0424839622540468 0.0425093614179281 0.0224472710741629 0.075312331389508
0.0309253727931397 -0.00319589924402407 0.0372960760092145 -0.0391153787079478
0.00880155721334872 -0.0164867745117792 -0.057196937324059 -0.0571628940079595
-0.0022738718739833 -0.00881897112626339 -0.10211401160541 0.0239198916776073
-0.00314848340621852 -0.0130455748225393 -0.0415399125271987 0.0983716101781377
-0.0118940300220141 -0.00942135558276182 0.0262270157777411 0.0831154368753887
-0.0137338605758218 -0.00184041503753838 0.048640225859084 0.041882936108982
-0.0180564939459832 -0.0017274666848614 0.0556353708601152 0.0107561423293493
-0.0211251285373661 -0.00363175424596671 0.0608289335440879 -0.00771188224412803
-0.0285341684463689 -0.0189595037796541 0.0753304053674749 -0.00125599318565641
-0.0102305972662036 -0.0378912967656521 0.073812341556003 0.03612362177649
0.0213517137724326 -0.0350352016903215 0.0352665367055578 0.0812634160998456
0.0561433108791499 -0.0121844778789671 -0.0042978174321885 0.106118957455082
0.0640363614112257 0.0392549856190398 -0.036511596449963 0.108650368122162
0.046418954941357 0.0823976828883354 -0.0117983802029938 0.134612283980384
0.0410632047146311 0.0873471994144662 0.013095389330041 0.0552641202019174
0.0573301912976743 0.0308220560664437 0.041060158827178 -0.0454578745952761
0.0468304602213964 -0.0112140742074328 -0.0491904286378847 -0.0787923735676919
0.0173129243067621 -0.0332530228000055 -0.109173136523466 0.00397851762986268
-0.00582547649375445 -0.0414428087514928 -0.0571784302854779 0.0858589332923348
-0.0288696460393486 -0.0286658031036259 0.0108883125873269 0.081095510735634
-0.0332628562423348 -0.00867751098646768 0.0372004233873286 0.0433521556304146
-0.0365940030765205 -0.00412270611855254 0.044470762717233 0.0103520177707121
-0.0386499999178329 -0.00883061780875644 0.0470772514827678 -0.0130323059938922
-0.0474640792818198 -0.0318650322537607 0.0623740364072671 -0.0184456499135865
-0.021080107732568 -0.0634361172948404 0.0763461616178342 0.00657034687242188
0.0278755895482671 -0.0627427617906671 0.0583188570058412 0.057167364834765
0.0879882512178799 -0.0250077053668422 0.0212554174401625 0.0980992301108014
0.0965371922102393 0.0589750471931113 -0.0207746068996013 0.102882844845739
0.0592683635441824 0.119257791311721 -0.0127057730219329 0.103861449420532
0.0277880306796339 0.121965895524633 0.00623079456623331 0.0192083820715923
0.0717155473496612 0.0696514185871924 0.0440781777140419 -0.0577957475782191
0.0821506796027182 0.00576762410232699 -0.0339414218200997 -0.10214026162744
0.0442924845926477 -0.0503098785665005 -0.106778665479464 -0.0266773411931993
-0.00217896965823125 -0.0667412950985406 -0.0716545503898692 0.0585327366171989
-0.0399945619214373 -0.047803759935216 -0.012200779792523 0.069123324898184
-0.0488848555090525 -0.0164742466298016 0.0170901483790882 0.041086571225163
-0.0500693406485142 -0.00662578283591131 0.0264515993753639 0.00893574996534956
-0.0495869282225002 -0.0116681699227661 0.0265525257552898 -0.0179078769923575
-0.0596855171036832 -0.0377829667681548 0.0422381449827371 -0.0345324234270561
-0.0327747382860713 -0.0762616307149879 0.0681659289187804 -0.0249360247060896
0.0228458710066412 -0.0826885437678886 0.0738062736693483 0.0244076935110191
0.102562268885536 -0.0431057369814848 0.0437559909177883 0.0804821567804223
0.117260228829847 0.0621546984774637 -0.0097731376647133 0.0929277186422293
0.0677888784292967 0.134290707646551 -0.018197182072379 0.0663570886117822
0.00878443091817082 0.134556714573678 0.00322677233145831 -0.0297169770347824
0.0665956952012016 0.100236272443078 0.0458248110877887 -0.0741901430935116
0.0995442488960207 0.0297817228299736 -0.0116532080211039 -0.1195089399773
0.0680633909780911 -0.0521185326352505 -0.0887281287603446 -0.0594804232452109
0.00672518483361881 -0.0792630380071376 -0.0779026761127745 0.0197585479914172
-0.0424564683858076 -0.060144161761514 -0.0367299040703658 0.0468030916968293
-0.0565094207643578 -0.0232838300763704 -0.00774770778641076 0.0337325719558342
-0.0552750068867528 -0.0072263675510696 0.00500144496682449 0.00601258841681912
-0.0534351701977069 -0.0115371984026309 0.00461910866737798 -0.0212044337686368
-0.0620693372572859 -0.0378521253254313 0.0192799704343703 -0.045352438520587
-0.0376495488412115 -0.0779465172136957 0.0532072292674905 -0.0500142795254537
0.0164525233541457 -0.0873053359176089 0.0774518982300992 -0.00520276759435027
0.100323300991463 -0.050275965782486 0.0555864236412059 0.0594565693440608
0.116498508227587 0.0582364188420904 -0.00639539650965595 0.0808321599768364
0.0644379885287587 0.131016723415963 -0.0273711300427698 0.0273774137959207
-0.0104229394431233 0.120970221415001 0.00564332008347225 -0.0797245502687224
0.0441717579181827 0.107132075362041 0.0475467512280225 -0.0905731286265743
0.0891920021597817 0.0474312027100305 0.0119460758884578 -0.125155955573513
0.0727534989553042 -0.0391163907972387 -0.0575018522830755 -0.08501910111768
0.013674598089802 -0.0742327636976096 -0.0746352902729198 -0.021784993886368
-0.0362949053424673 -0.0603353982696636 -0.0574610471704737 0.0199896996607115
-0.0536187150185078 -0.0247649298294832 -0.0330600450478168 0.0235923557489722
-0.0528799476559548 -0.00789573447176533 -0.0169101529154846 0.00221091359551925
-0.0506218632286971 -0.0100903840234604 -0.0168212537104073 -0.0242881575830031
-0.0556712624856074 -0.0344686347530508 -0.000607047709099422 -0.0533185062489482
-0.0331574033383956 -0.0706027294871814 0.0371693516657469 -0.0671629474046679
0.0157672637813211 -0.0786146010322399 0.0754542789437942 -0.0268242356548082
0.089216196432754 -0.0407502792999129 0.0591510279463856 0.0425865495442529
0.0953711193774626 0.0571491151789265 -0.00667779318934638 0.0677685923194233
0.0452820868950288 0.112987627613194 -0.0342492807290869 -0.00875076597479906
-0.0221328267582366 0.083152427465378 0.00861392609307689 -0.120626889007147
0.0159837051440662 0.0854310713877918 0.0484068295782157 -0.100825180713051
0.0584732074011556 0.0466075252126511 0.0297900952555957 -0.119558877759832
0.0572143852681898 -0.0206818117591773 -0.0287615284892284 -0.0972489753108226
0.0147570604589242 -0.0530155699635502 -0.0655719865988388 -0.0527134185718501
-0.0244341416197798 -0.0482026643637442 -0.0710394996630702 -0.00342793786579174
-0.0414312676677841 -0.021325426766803 -0.0534785546400945 0.0135439614099222
-0.0420949639876608 -0.00705845665004264 -0.0350791250483962 -0.00167265169519991
-0.0412008409670124 -0.00917312630413137 -0.0334908942657827 -0.0277381517144101
-0.0431305373585456 -0.028862889448303 -0.0156754388022616 -0.0589592814708094
-0.0224347898334156 -0.0576350808794669 0.0263086394145046 -0.0774939432987918
0.0198915957198575 -0.0610369415697552 0.0736969411660151 -0.0378413100927401
0.0727725718056501 -0.0200757308314668 0.057900330478916 0.0321139995436616
0.0630978845460575 0.0561435633476466 -0.0067611251255027 0.0548554590243263
0.0173847102113367 0.0843469050795296 -0.0353960453246076 -0.0382837282894581
-0.0283412294067034 0.03046527392661 0.00846320023308412 -0.142591824749038
-0.00870917550780602 0.0441770903671821 0.0457363874530278 -0.103502006137422
0.0206519564261701 0.0301311680399257 0.0354858018842236 -0.111042487388144
0.0283753358546604 -0.003858801173238 -0.0128070365986891 -0.0995527615132318
0.0100016178065443 -0.024382903649965 -0.0595852531421756 -0.0664969252042217
-0.00939737018728117 -0.027590782859466 -0.0776138810700298 -0.0166670260221521
-0.0226884038046453 -0.0144813561358433 -0.0660242571446393 0.00686462990604689
-0.025227237887521 -0.00494275321472235 -0.0473634287145917 -0.00603920203173838
-0.0275622357227071 -0.00697536114377836 -0.0447047093954881 -0.031285558341884
-0.0276265555898316 -0.0201934101592419 -0.0236677725638949 -0.0643145164360553
-0.0103653421113737 -0.0397957780158984 0.0219293684170017 -0.0835485418446972
0.0221089438448722 -0.0399779577618199 0.0747866292284057 -0.0414112379652711
0.0521006422258503 0.00106314302858327 0.0575459135681499 0.0282035500587318
0.0268435075637341 0.0495454298569608 -0.00659059665084413 0.0451849840191177
-0.0118413744737278 0.0476239052824824 -0.0298345381939777 -0.0579599641086928
0.0338850524463874 -0.00371667871612057 0.0326935824022697 0.083275906009097
0.00117196762780458 -0.0266117566769146 0.0374096087351469 -0.0408184710055797
-0.0240602166863301 -0.0116635869206745 -0.0614986183721415 -0.045920560227453
-0.0132170693230561 0.0158159555226037 -0.0986818110309491 0.0329519927521728
0.00382053072300019 0.0121411858375643 -0.0329475065062693 0.104410598207074
0.00611001590941513 0.00698498800269534 0.0342516896032474 0.0832010452291077
0.00786531091283465 0.00413564657419982 0.0518852507259053 0.0420875710778898
0.00263075658697212 0.00192766937466682 0.0606878770457612 0.0119718744233947
-0.000642483502468629 0.00328576986130243 0.0693001828743621 -0.00263128619861259
-0.00763942053986947 0.00254292044450127 0.081644961490344 0.013047875960428
-0.00708842168392268 -0.00596568221891778 0.0673370227371216 0.0590954533230542
-0.000130138526834592 -0.0100477577014816 0.0151105283615534 0.0992005991063038
0.0148757618984257 -0.0171773080463097 -0.0279392772655407 0.111232967751068
0.0327823653764818 -0.000754318236448995 -0.0563121541258517 0.114590517995894
0.0363261508973916 0.0294091695645126 -0.0177989830999953 0.158806294701258
0.043765546701833 0.0450205130989856 0.0226508213769744 0.0798068788277912
0.0324080525034372 -0.00302099418938586 0.040252135598403 -0.0399250477139015
0.00930747066788688 -0.0163758846616365 -0.0585518409665458 -0.0612381698336211
-0.00217266067720169 -0.0091589254412469 -0.107695989653585 0.0226121399841566
-0.00294525501827344 -0.0142141009868882 -0.0450756746876511 0.101748771698431
-0.0129039489837262 -0.0101781757981086 0.02579920896522 0.0872875928946069
-0.0140096032007543 -0.00182183727722872 0.0496973642074773 0.0452253587463739
-0.0192546670106125 -0.00178974115783927 0.057192621477655 0.0124594127961525
-0.0227145028271231 -0.00466303360151269 0.0628748490946569 -0.00724772716300831
-0.0293990088113848 -0.0198557503272729 0.0781098896421847 -0.000655636660059561
-0.0105593617142346 -0.0399051234860902 0.07636474102228 0.0383802100760686
0.023035010351225 -0.0360562024295538 0.0352036643218839 0.0867405990835318
0.0586783757580898 -0.0117315981563288 -0.00778775306420937 0.111196024777416
0.0662770533191775 0.0415036540620581 -0.0414538233142094 0.112801574138896
0.0466050543794935 0.0871098638731636 -0.0158629813581529 0.140723651058571
0.0415048862240006 0.092059735204668 0.0133655044001332 0.058619307045175
0.0592596865059739 0.0326882167575629 0.0444939175054427 -0.0455253032366478
0.0485812199587821 -0.0111704386520178 -0.0501808712431181 -0.0838811312964862
0.019040706215321 -0.0339666267519303 -0.11448610726485 0.00133079224798265
-0.00565304356741248 -0.0433209546465434 -0.0610493382049302 0.0882926262245887
-0.0298352930527975 -0.0307949552817713 0.00937311018487751 0.0849821121303276
-0.0343451168064291 -0.00944496496968005 0.0374842129370508 0.0460088226148164
-0.0383365724126655 -0.00507024272466133 0.0456864533939347 0.0117072719174428
-0.0399619416684244 -0.0101031190049734 0.0479189245326742 -0.0126677318346919
-0.0493259848243944 -0.033807722198969 0.0648142694472141 -0.0190174821559567
-0.021768048079738 -0.0660037212265402 0.0796903338415034 0.00694946947306818
0.0303899343353955 -0.064908014038131 0.0600562954624975 0.0613596030624572
0.0921785374938067 -0.0242494484309356 0.0198575008195405 0.103158459980994
0.100419258270602 0.0631626013649118 -0.0244788273042806 0.108046707529823
0.0605838231569783 0.125975502028913 -0.0159042683907502 0.109036537250221
0.0280221227698736 0.127389220526775 0.00622500689944261 0.0210435649291194
0.0734585330775649 0.0738352742457641 0.0476964383283735 -0.0580697123317442
0.0855538436523795 0.00715232588639156 -0.0335212511421508 -0.108222173475445
0.0472072084405577 -0.0513609031771331 -0.111215791703342 -0.0305601768749109
-0.00171668692750728 -0.0697674898082919 -0.0753405554358565 0.0596354315927611
-0.0414295037634021 -0.049972341145256 -0.0138280436741643 0.0721012091104196
-0.0506295171636443 -0.0176652450792469 0.0170293561065623 0.0432416161804394
-0.0519722351431889 -0.00700511601442333 0.0271610615364204 0.00961784768987467
-0.0514067160925676 -0.0125164017530884 0.0279556805990724 -0.0185003682524975
-0.0617668512797397 -0.0398158859396714 0.0439832996159465 -0.0359272393904019
-0.0343565625208659 -0.0800316797753411 0.072079464553612 -0.0259095750606599
0.0246450543795433 -0.0859383225941337 0.0763324869080415 0.027670778317444
0.107536360150002 -0.0436446049510729 0.0443873514873038 0.0864109398890858
0.121862658019808 0.0658252670673281 -0.0127914514913141 0.0977780937694009
0.0691162415840652 0.141968790501726 -0.0202081750442727 0.0698540861209577
0.00756474419323461 0.141231568905153 0.00492810731656266 -0.0304923330781172
0.0684626488966384 0.105739205229076 0.0496661983489799 -0.0750417270524286
0.103359620053713 0.0323110295893468 -0.00975676939745715 -0.125133631773673
0.0712546598487083 -0.0532152060944266 -0.0910204676534709 -0.0651312094095217
0.00782768281713855 -0.0828789134395917 -0.0825255650384009 0.017856675585634
-0.0440652294250915 -0.062777382078106 -0.0391919900338281 0.0485500579379913
-0.0580806681389593 -0.0244474970495353 -0.00873698930974066 0.0353675961792058
-0.0572252027037086 -0.00828333793215548 0.00452980731350328 0.00639706267705851
-0.0554272571425875 -0.0124532244770538 0.00485381716835962 -0.0221879812394826
-0.0640261008510883 -0.0403565206274102 0.0207607183610675 -0.047459491012169
-0.0395780792782297 -0.0815359375562838 0.0558149384241969 -0.0530207456982642
0.0182362226418197 -0.0910160014189444 0.0814175527589015 -0.00390876196557563
0.104930039452231 -0.0508455442771634 0.0567059120703271 0.0641918030095294
0.121311445075605 0.0624990672803024 -0.00844741227123182 0.0853015803942934
0.0655056150557956 0.1383571321504 -0.0290077622018594 0.0282248503979676
-0.012347379162428 0.126821946440238 0.0076140848095221 -0.0830368212302757
0.0451347645025234 0.112226875097157 0.0513959265629033 -0.09229279795218
0.0917475113816615 0.0508945783399715 0.0153877561812902 -0.130727140347142
0.0767265020113018 -0.0394200642874394 -0.0584149350055911 -0.0917921061423221
0.0151313374143262 -0.0766369697939995 -0.0784902775918494 -0.0247728138651526
-0.0375257922902115 -0.0633007482328705 -0.0604434015556006 0.0201427418731148
-0.0559045017975034 -0.026107053574225 -0.0347018117879665 0.0243571976665945
-0.0547462201131395 -0.00873607451756397 -0.0174804361257529 0.00226161368470431
-0.0523175549590829 -0.011299576871753 -0.0168813777639135 -0.0253490830005251
-0.0573385549996624 -0.0371153725912663 -0.000856840796701626 -0.0556688911375138
-0.0344969756706039 -0.0742386230535409 0.0394012418908981 -0.0703988752165998
0.0179477262229243 -0.0818817035288157 0.0793271064507987 -0.0265389239198247
0.0931649061254411 -0.0404142511912885 0.0605512264005949 0.046925807883345
0.0994041300992338 0.060962147607489 -0.00798883739950264 0.0714286922836795
0.0454484217233041 0.11929048012424 -0.0362786601332118 -0.00943118314504277
-0.0247327397388992 0.0869421379699528 0.0119847205053419 -0.125487411774681
0.0155167163245276 0.0894054479134096 0.0531814409540029 -0.10395127884585
0.05985781680983 0.0494229810375992 0.0338549697357368 -0.124500354842976
0.0594786024911827 -0.0208508328576006 -0.0279947101400889 -0.103500306379902
0.0161216712350214 -0.0550252996676019 -0.0689005310677129 -0.057134352314921
-0.0253912329986652 -0.0501356029496471 -0.0745621340184894 -0.00492471546913559
-0.0429528024698118 -0.0225306809073439 -0.055451822865791 0.0132876662202206
-0.0431040241135289 -0.00778558028375076 -0.0366835712691415 -0.00270973331559158
-0.0428808134186246 -0.010174644939611 -0.0352455593968165 -0.0289213198371213
-0.0446001927527223 -0.0313540907577708 -0.0159938790412327 -0.0625130920854703
-0.0225464430538294 -0.0605214776420701 0.0285978606547918 -0.0813419614148576
0.0213195018692764 -0.062801627900594 0.0777799011991854 -0.0382078546430504
0.0761035711510308 -0.0197272589131383 0.060816931325094 0.0354905423676861
0.0651373430410197 0.0589783882909951 -0.00843293888261283 0.0579813772049674
0.0168501475092202 0.0884789159268578 -0.0365064291125253 -0.0397209822109458
-0.029815458223871 0.0316901680366289 0.0113407574235002 -0.148771480508506
-0.00961453850272022 0.045926136270778 0.051062501672005 -0.106863881395051
0.0208802596406575 0.0316619591228211 0.0399325464647722 -0.115334106453345
0.0291119769943471 -0.0035239874107117 -0.0111072445910571 -0.104717960406412
0.0103811632700757 -0.0251127387152783 -0.0627032149987273 -0.0711528681586675
-0.00948324610777805 -0.0286239226848148 -0.0812226606188689 -0.0186008395084452
-0.0231423700091724 -0.0153502868572184 -0.0683581294250578 0.00577492651747896
-0.0254309845003898 -0.00588481754912167 -0.0494879110348617 -0.00701903365537507
-0.0280543440316344 -0.00717212113232758 -0.046328802398619 -0.0333129689576116
-0.0281765603369262 -0.0216793470980151 -0.0240800143650579 -0.0683890102440118
-0.0103264181569481 -0.0418758659268149 0.0240102077769403 -0.087548154909397
0.0233384802102219 -0.0410881998645441 0.0788894868228174 -0.0414925331726241
0.0540214211771785 0.00204421417375046 0.0600448892881508 0.0314356414849123
0.0275087083012249 0.0519939567202659 -0.00734046867421122 0.047703485753998
-0.0128140867098602 0.0498108097217782 -0.030157857054538 -0.0611563355219512
0.0346927572765895 -0.0100553245639937 0.0464751499637725 0.0861117871955507
-0.0022232319442533 -0.0279641363332012 0.0341550310991878 -0.0469253046656997
-0.0254826678088405 -0.00888859552283609 -0.0702706336993549 -0.0392873156397824
-0.0108529387912637 0.017216811055544 -0.0975268284209932 0.0498195943250831
0.00398237525818322 0.0111428321830629 -0.0175621228228249 0.113627126194921
0.00634312101314241 0.00615656908352191 0.0481943961118247 0.0820991376106403
0.00835141734301733 0.00291109284458151 0.06156927070966 0.0367488049552079
0.00321195008831208 0.00194899155905133 0.0642126270477166 0.00389762803972903
-0.00045813971905171 0.00359590151836011 0.0715936900443847 -0.013344655287068
-0.00790657956691515 0.00361255955185003 0.0871140887902315 0.00127303304244999
-0.00885151368375503 -0.00486444219413453 0.0790832664601638 0.0524473050089739
-0.00153990255987015 -0.011718375927648 0.0301728249099412 0.103694576123645
0.0131298094909156 -0.0200449306481168 -0.0145092507042553 0.120247901647821
0.0340042297428627 -0.00575372518682369 -0.0439903196439233 0.126433408330021
0.0429314077771223 0.024408974724135 0.00195285853148383 0.168974011284071
0.0538581268053622 0.0401443072855121 0.0310402058611435 0.0805753961472374
0.034290978576459 -0.00685320419629692 0.0360951759300743 -0.0466301884059466
0.00784630949630051 -0.0185054355911959 -0.0707539735167912 -0.0550432570470198
-0.00279060676873105 -0.00982308832603212 -0.108633228784659 0.0415929601394985
-0.00652631320037945 -0.0148147595130362 -0.0307524824166998 0.114008338572842
-0.0153121539569874 -0.00911024489402198 0.0411333944575464 0.0880293523721322
-0.014192635330977 -0.000450069973853075 0.0590913955337442 0.0405648669484892
-0.0203966767101003 0.00121404106006456 0.0608163884366397 0.00385096820957332
-0.0240226459185438 -0.00156180520886739 0.0642124000523744 -0.0166055209894492
-0.0335256743017248 -0.01552953913247 0.0802880375709943 -0.0121865603838727
-0.0174844205684597 -0.0387630055256921 0.0855988614148171 0.0301398429315693
0.0188595298950507 -0.0413387368309301 0.0489962574283344 0.0872999035736623
0.0584751519111273 -0.020842706321872 0.00699022807458275 0.117021588626076
0.0737488184100342 0.0333539779811075 -0.0269339560170391 0.122190061368154
0.0614347306335786 0.082151272959466 0.00231094673378899 0.149996243705817
0.0588511426607828 0.0905665328385775 0.0151892179065996 0.0575780960960686
0.0669943185191493 0.0273364614930537 0.0374594769360238 -0.0539557635605297
0.0499712945003527 -0.0179684540047993 -0.0683466500874526 -0.0792418737778485
0.0162325447893708 -0.0385521348807511 -0.120247279527735 0.0216439726688434
-0.01274060139787 -0.0452845656294954 -0.0491451339126307 0.104115479400213
-0.0358884500257137 -0.0277974627488943 0.0240420315993708 0.0885401162227469
-0.036808755253385 -0.00572118143272189 0.0475424230377503 0.0435421747929339
-0.040195337397454 0.000115208467581373 0.0487324887468951 0.00536806458045175
-0.0431082922621075 -0.0043436905538475 0.0481723079295628 -0.020186743952027
-0.055497660840162 -0.0268500324144641 0.0640139429435852 -0.0289856584509158
-0.0327439542420908 -0.0637078628153204 0.0842232789483626 -0.00311515601936725
0.0225591046684513 -0.0716135312393409 0.071186128080617 0.0574021600917827
0.0911729350872511 -0.0395209185866245 0.0344863209268747 0.105455048267153
0.112821129853343 0.0503167442823022 -0.010447036226938 0.11437092284788
0.0802913348663844 0.119982485070105 -0.00164798289578235 0.11738017470361
0.0504307048533847 0.130641654489921 0.000866773630186308 0.0150669227973238
0.087834302060439 0.0684056441187558 0.0382746655282978 -0.0688642466238791
0.092213320059322 -0.00374844067842502 -0.0567327377996459 -0.107398635717244
0.04368673321821 -0.0603045668529413 -0.122782639450313 -0.0120303711516561
-0.0117177009651961 -0.0728082193259747 -0.0699498900351394 0.0775668117330882
-0.0506406792164582 -0.0465401658710997 -0.000836844614789208 0.0798241681721746
-0.0553409328663683 -0.0115649152110452 0.0260376209246689 0.0438117924512325
-0.0545162475227201 -0.000138194662625857 0.0291087204708617 0.00607353503482423
-0.0547909330155181 -0.00526199203483088 0.0253195867506777 -0.0225635528369932
-0.0690092987320863 -0.0313785687716231 0.0398432868752161 -0.0432652712477792
-0.0473832185865989 -0.075862431994153 0.0711926389967391 -0.0370811796823711
0.0138116818416493 -0.0918975204155647 0.0829391465814249 0.020273278539487
0.103623176489848 -0.0605996252700412 0.0563017086603415 0.0833447315797905
0.135415653381242 0.0497609085482383 0.00106501386070259 0.101969525836949
0.0920820459118605 0.136067887319715 -0.0115300585598492 0.0768886241010136
0.0307846952502098 0.149126071159016 -0.00901756059813669 -0.0406510053950158
0.086901659473437 0.102884586362635 0.0369121708349402 -0.0884761447460091
0.113949224119877 0.0207655706123176 -0.0359859085996972 -0.130865640028694
0.068695464560956 -0.0650697513202554 -0.108704275998482 -0.0518789218779639
-0.00360584655768768 -0.0882340245125039 -0.0846725940964916 0.0362197056906128
-0.0551555089320092 -0.0601811961568423 -0.031300447219514 0.0599013387975521
-0.0641209190445727 -0.0176039580530002 -0.0020526957728441 0.0405645025581543
-0.0606603768369479 -0.000765197218322634 0.00548081178304112 0.00603051775756532
-0.0592052076445345 -0.00478991473815821 0.00124433394110627 -0.0237053783651217
-0.0716013898726538 -0.031547309825537 0.0136301002910389 -0.0523286429617732
-0.0526420270584931 -0.0769416566455927 0.0503846940590936 -0.0627447281121127
0.0061145068314539 -0.0963205093242225 0.0837454673342884 -0.0137939612347456
0.100232030391417 -0.0683170994016494 0.0675890948313336 0.0595143303229269
0.134143820999435 0.0459981501978168 0.005089786527239 0.0879995273460861
0.087057627528966 0.132756381381182 -0.0264642904071191 0.0345890958721337
0.0081288262197236 0.136724473741645 -0.0119709701663365 -0.0970303832598039
0.0633193063596066 0.113273340065216 0.037118503830199 -0.107486992788747
0.104293140464243 0.0421154820343026 -0.0101754602856454 -0.140694825991464
0.0764972029125701 -0.0510985650258853 -0.0800226971124273 -0.0849008685686316
0.00564084134511415 -0.0826725428218339 -0.0875455275646761 -0.00942855925146436
-0.0484347168512093 -0.0610453187887741 -0.0584898205080928 0.0336352261238021
-0.061560325242402 -0.0194021356302238 -0.0310876563780856 0.0331823445636998
-0.0570778420609088 -0.00178451388318321 -0.0181317681079308 0.00421170158253067
-0.0553001422061335 -0.00457128958559676 -0.0225913449664469 -0.023708368659736
-0.0639565979846855 -0.0298745105886649 -0.00897717462753119 -0.0575300850007561
-0.0459297566942695 -0.0703321188504767 0.0311268232783992 -0.0795707600456368
0.00740011800848844 -0.0860247621432404 0.078621591830935 -0.0371056267922822
0.0888462055083842 -0.0551623731790371 0.0697090577901618 0.0405958063238405
0.110584284344151 0.0474186774425338 0.00291678768236717 0.0742529655588997
0.0641901050565198 0.115713961465767 -0.0385345370346591 -0.00428239981135354
-0.0108701600915452 0.0973987244679434 -0.0106866834980616 -0.141575148576487
0.0290665627614744 0.0929354408921933 0.0390779261364823 -0.119544596997819
0.0700557962417496 0.0451105980190613 0.0119094854660638 -0.13777865444809
0.0608609982164052 -0.028504598491591 -0.0489014724015976 -0.103623175727649
0.00981902386733028 -0.0598304719653378 -0.0827872759183923 -0.0455618294732926
-0.0332904049947959 -0.0491628164179142 -0.0773513356970678 0.00898058346389148
-0.0478427960478994 -0.0179280128285756 -0.0556663411479381 0.0251879071854535
-0.045482046661338 -0.00283506338397271 -0.0382658954766421 0.00202936689620141
-0.0448441517787658 -0.00402329774899584 -0.0408190824083328 -0.0252601582738026
-0.049882316917634 -0.0252666889814168 -0.0258404396373584 -0.062579885079916
-0.0318810678271214 -0.0582426568300783 0.0181404742874658 -0.0886164339424067
0.0139272942227233 -0.067112967748288 0.0754250601027857 -0.0492886356593122
0.074791893947084 -0.0314239293751537 0.0681153535342258 0.0285635939134236
0.0753863998033893 0.0514698023059976 0.000828364566898743 0.0607916006560921
0.0298171254498306 0.0892106886551619 -0.043911408547754 -0.036043355166809
-0.0246303535437525 0.0393079106204671 -0.0106244106540333 -0.163186751001503
-0.00265288684737484 0.0508160476257961 0.0381441256540998 -0.122607207510515
0.0261694496197433 0.0318039773453604 0.0227451260103801 -0.128883382087788
0.0312847994082487 -0.00670651181718963 -0.0302101522175363 -0.109096979110089
0.00879421806977632 -0.0278956217194471 -0.0782511941359616 -0.0636074914897675
-0.0144112010200062 -0.028404376652353 -0.0873654018246855 -0.00598635936563395
-0.0261780157868706 -0.0126400122465453 -0.0712164276665276 0.0183173324569647
-0.0269924325972419 -0.0027575736280299 -0.0521005118070464 0.00033298642109392
-0.0297737894224593 -0.00388768438817912 -0.0529846461724673 -0.0277279215061718
-0.0309699312275255 -0.0178439673930287 -0.0350196543691024 -0.067764137168513
-0.0163262064982908 -0.0415099658827574 0.0124705216307285 -0.0951932522898043
0.0186647763034093 -0.0451311046348231 0.0766800066242809 -0.0546445833231064
0.0554681414565447 -0.00575360611995167 0.0671173437675841 0.0242697648567924
0.0354986343414853 0.0491441090752823 -0.000170677732149357 0.0499088802830099
-0.00628180353778056 0.0523163317010511 -0.0404239734486489 -0.0590290577862449
0.0350628702035937 -0.0131946864312635 0.0531616075329941 0.0842120895327817
-0.00398555779370672 -0.0288593022871342 0.0328783166929141 -0.0500960862901041
-0.0267742539042427 -0.00751121844947899 -0.0735168003370063 -0.0361034334364725
-0.0090460044210393 0.0182613200311948 -0.0973526149574871 0.0576711158711312
0.00529352383509626 0.0106034044140374 -0.00963543206098966 0.116009358950844
0.00682680058328758 0.00568612479102688 0.0546791991752698 0.0805207735204598
0.0094530747385816 0.00175091862609726 0.0649053269952533 0.0336646874522811
0.00298153036547408 0.00171632329518137 0.0653639364977295 -0.000665586900898346
-0.000861826378351283 0.00392838392384352 0.0713802165995631 -0.0178626697896163
-0.00816192190052456 0.00480791632145611 0.0879961395890459 -0.00484433770784527
-0.00918232748891613 -0.00438276289272531 0.0840416696805213 0.0481642303009847
-0.00177007696216829 -0.0118701297198363 0.0373575138632729 0.104173335720177
0.0114600885741059 -0.021397874568475 -0.00705062463727806 0.123479105794962
0.0336598248850832 -0.00798080999811108 -0.0370844817542675 0.131629084708818
0.0453873365277089 0.0219494541835411 0.0131610200458306 0.172473870609615
0.0576935487421058 0.0366078817143471 0.0384569791242472 0.0804263565107239
0.0340558979525228 -0.00961129862871469 0.0345537242860272 -0.0499540181940593
0.0065427032509472 -0.0195625281657105 -0.0757427694620948 -0.0517737740353425
-0.00335942961315895 -0.00955376295497821 -0.108195067804386 0.0493353126306655
-0.00765938327044896 -0.0148192276431251 -0.0228843778374661 0.117778916279402
-0.0162292951984223 -0.00775515671974411 0.0477417950867223 0.0869340798504239
-0.0144890322152275 0.000606462367843807 0.0629554624217645 0.0373844143679621
-0.0200953781695645 0.00220016897041953 0.0616932566110251 0.000836115346969875
-0.0247959997542746 0.000196811113733587 0.0630444057517298 -0.0210230992965588
-0.0355925895952879 -0.0131099688977826 0.0804336230051351 -0.018270349011232
-0.0208953416728266 -0.0378062481565369 0.0888551882125259 0.0244021841422445
0.0166938447571874 -0.0432859857359086 0.0561633501795057 0.0873533835499583
0.0579399017431218 -0.0249950976505752 0.0148557573323111 0.119445143668475
0.0773209880438994 0.0285363008369434 -0.0207539116270229 0.125835592760705
0.0682263320935796 0.0792345279794599 0.0127372522414326 0.153202550584316
0.066909212208591 0.087180820370353 0.0198317903300008 0.057860954721394
0.0697784546830877 0.0224755579588672 0.0358416483783239 -0.0570920650393383
0.0494106764631034 -0.0216278081935216 -0.0735690922511642 -0.0766165727899577
0.013830832530185 -0.0397655360826956 -0.121472905147744 0.0291340195669413
-0.0165202730587172 -0.0448428128652524 -0.0432686179195725 0.108490979659188
-0.0382827568189043 -0.0248885610422612 0.0309300726337274 0.0885459948920793
-0.0376325362932793 -0.00238545750337536 0.0506942714697924 0.0409019133582058
-0.040751691769904 0.00323257228003612 0.0489087639561202 0.00186669144060329
-0.044585390992573 -0.00152478465266657 0.0459204276376507 -0.023977304303807
-0.0586505754380598 -0.0230357221019181 0.0619593711925788 -0.0346906737416985
-0.0386044645766713 -0.0618814673147874 0.0850686172241884 -0.0100779851266181
0.0174792296975486 -0.0743865287481691 0.0764165860987065 0.0550341887357824
0.0895594880749883 -0.0461073859386413 0.042330099146316 0.105467204564148
0.117740610934714 0.0423729923471472 -0.00359449379655433 0.117360708465671
0.0907865028290515 0.116815760772145 0.00663496432647753 0.119684365264581
0.0608050873915513 0.129076782388926 0.00274570678718753 0.015887239378334
0.093992659392665 0.0631477314148964 0.03561255017694 -0.0717810282406525
0.0926980289507546 -0.0100148259124347 -0.0650003319320534 -0.106538052121255
0.0407044538441992 -0.0643644149144885 -0.126591806874907 -0.00501784432467428
-0.0173045232015745 -0.0731495465482881 -0.06608762079995 0.0837091394050311
-0.0550624359841432 -0.0433088774948463 0.00445278320283373 0.081168486025662
-0.0564006757546774 -0.00775684574897934 0.0297229682290576 0.0422709472857526
-0.0546954777227429 0.0034278211191332 0.029094953824282 0.00343366400532361
-0.0568192908573313 -0.00129448824740744 0.0233765419163949 -0.0249473194606343
-0.0731400667408735 -0.0270890591774773 0.0362074267127394 -0.0471601105183198
-0.0540651381460022 -0.0730456408764898 0.0686464588180678 -0.0434263411493193
0.00752078027162182 -0.0945704885415053 0.0864335475345391 0.0158599226701729
0.100237810465721 -0.0693471421798402 0.0639034678207422 0.0824615487893049
0.140797160209302 0.040334293127717 0.0075089943476248 0.10472525823897
0.103279136622745 0.132361006545865 -0.0064723922564874 0.0789755759671689
0.0424224503429399 0.149773885785125 -0.0113006400324757 -0.0396646652316581
0.0954552725774336 0.0983721371535704 0.0324210790750424 -0.091114581791412
0.116628972676546 0.0136217238140699 -0.0454215184333844 -0.13106706594992
0.0653422359280672 -0.0708895158053336 -0.114828745255143 -0.0462376645273054
-0.0103736086681778 -0.0887829995588494 -0.0842733988548955 0.042252566621246
-0.0611133020281813 -0.0562554950789995 -0.0275697834553314 0.0630463548268189
-0.0660284933419415 -0.0128076029152622 0.000809035912406231 0.0414826446899257
-0.0613736181101046 0.00339981181484895 0.00569272497265622 0.00555980795252127
-0.0603312529187445 -0.000674239473039731 -0.00134181621665187 -0.0233823839205938
-0.0756936679175649 -0.0267626848291363 0.00942616845294602 -0.0543808045270147
-0.0598097600873874 -0.0743565714518269 0.0461269158531539 -0.0682163056654391
-0.000784879260806926 -0.0977278069011307 0.0842962486300055 -0.0193666093617897
0.0958578008164259 -0.0761835534131541 0.0735881381002136 0.0569582404193047
0.139464898165776 0.0364406640570442 0.0111603395707026 0.0904852968411643
0.0984033034010598 0.128377414778644 -0.023859609065357 0.0374297703504677
0.0184183400465804 0.138930237834032 -0.0183490179863972 -0.0974693434123956
0.0723387782033273 0.110977535493161 0.0315690403100022 -0.110883263771864
0.108917719814182 0.035471445439581 -0.0192976004358678 -0.143252828391828
0.0738256598289108 -0.0571162528432049 -0.0874008539346564 -0.0818156499478663
-0.000156325067073395 -0.0843327456366998 -0.0913339090896285 -0.00352377635660833
-0.0541797225117831 -0.0582323664927843 -0.0573284388327897 0.038382581450252
-0.0634485412064937 -0.0153893524561923 -0.0296636226624323 0.035937357076738
-0.0577977593001758 0.00233047012612577 -0.0184322280115412 0.00629671115124938
-0.0566636574609812 -0.000390390295723517 -0.024405763451405 -0.0222586005482037
-0.0677880659762015 -0.025192840359767 -0.0139363043363386 -0.0581737580523075
-0.051998734795121 -0.0674832287403755 0.0252081343493955 -0.0836861835884205
0.00125984472454412 -0.0874951029076117 0.0776395580070657 -0.0426774304626615
0.0862594693010347 -0.0624383691031797 0.0740341390285852 0.0368779848785666
0.116167538485619 0.0396755318023778 0.00835822204309678 0.076175140220479
0.0738903880051529 0.113019818952402 -0.0392159842590402 -0.00135180019304963
-0.00402020861102537 0.0996758084760326 -0.0207598464573109 -0.142779706966133
0.0362690941828401 0.0926406778885775 0.032413808772816 -0.123521650199098
0.0740832086125928 0.0409612336928061 0.00314959657370301 -0.141347376964838
0.0599325871614276 -0.0332882960585871 -0.0572128684470999 -0.102949931439397
0.00571581559462684 -0.0615712548239139 -0.0884619822838578 -0.0413295018696413
-0.0380806230666434 -0.047283000872434 -0.078703645798966 0.0152459994237366
-0.0498617709653368 -0.0146615805814498 -0.0545448902063551 0.0292936047622537
-0.0453895305834758 0.000675130487045449 -0.0389415419464635 0.00553505583737211
-0.045484972593213 -0.000951110202271905 -0.0432862499131432 -0.0225889328619511
-0.0524887448946365 -0.0222385243689656 -0.0308759427338317 -0.0618288382335658
-0.0371341720016083 -0.056746829252884 0.0114970560208826 -0.092433537484528
0.00972133813905911 -0.0692087243824354 0.0729959836728133 -0.0559417328868997
0.0730923500488604 -0.0367634326731365 0.0711925924266997 0.0258171643269121
0.0806135861274652 0.0460446198282768 0.00586256307866254 0.0627821862360274
0.0370083534669524 0.0881779420539956 -0.0470021496398701 -0.0326579056436042
-0.0221108393355752 0.0420017441688996 -0.0225217837201963 -0.165051298886527
0.000560342177845743 0.0516899692258789 0.0311922963066728 -0.12687271729744
0.0292114772708969 0.0302697721490291 0.0143563271060328 -0.13313991837754
0.0315301583158262 -0.00852999641570236 -0.0387952126143271 -0.10959239199726
0.00672680124674842 -0.0289366323777766 -0.0849387185521367 -0.0591377405967411
-0.0172413349644646 -0.0278560172986959 -0.0898309470580315 0.00064258626063403
-0.0277892913783938 -0.0110253409071859 -0.0701324518789583 0.0242458865800389
-0.0271806931288542 -0.00173902226700683 -0.0526790135032477 0.00363937329244614
-0.0298644977117058 -0.00133131100871664 -0.0562653114310302 -0.0243886930037532
-0.0328297271721707 -0.0164108446793746 -0.0404196838620748 -0.0660897607701967
-0.0196053499696854 -0.0403402018127008 0.00567570330867474 -0.097793423666427
0.0161794537500389 -0.0470368010004412 0.0741520938749719 -0.060462373207662
0.055926750335724 -0.00925931214931009 0.0699107245462602 0.0206538742404856
0.0394883157289498 0.0475967371606266 0.00330251785798672 0.0514468818633539
-0.00330077226436431 0.0534656893541118 -0.0446031172362745 -0.0570568466307299
0.0334145377643954 -0.0156906965028571 0.0579898953721715 0.0784611444349259
-0.00582753586993363 -0.0279474023972384 0.0292834570143178 -0.0514963327100184
-0.025834656432512 -0.00512812702405283 -0.0736481104975119 -0.0314803161404527
-0.0073261901445248 0.0181011464108971 -0.0912052779911336 0.0616817938792498
0.00554333964403398 0.00990881330591955 -0.00231201376622043 0.113074683819219
0.00713099879480938 0.0053194666714527 0.058132402123294 0.0738455827580642
0.00910570577672512 0.00106320197834377 0.0649705269035554 0.0297309800787817
0.00242809583394838 0.00183409703679436 0.0622198126814797 -0.00412223855426145
-0.00109217265803093 0.00394710471204314 0.0674085532745415 -0.0214493980951679
-0.00774173468149334 0.00510109947096417 0.0844577037766002 -0.0100995633727069
-0.0092768602739629 -0.0031661850116355 0.0845154886480184 0.0416839257691598
-0.00261251041290928 -0.0114299917542342 0.0430982963887358 0.0991878840326329
0.00948187878938284 -0.0211019478846341 0.000166038509836026 0.119968298737969
0.0315898452738435 -0.00990759788349982 -0.0294996077838786 0.129802257308594
0.0454218406268687 0.0182402604582531 0.0229386760494375 0.165655006883321
0.0581720256873967 0.0314792096472056 0.0426928659243381 0.0756248074988735
0.0323010518386162 -0.0113605087340319 0.0320109531956011 -0.0503603174831892
0.005106725256767 -0.0187186202750248 -0.076275851587133 -0.0460696809186977
-0.00292271054953563 -0.009409657693257 -0.102756680528887 0.0542882587624637
-0.00835537394376281 -0.0141921369977942 -0.01502339085843 0.115209786650406
-0.0160110953816947 -0.00632409672670034 0.0515400591508884 0.0805998283162356
-0.0135060264482894 0.00147564035855375 0.0624788990610649 0.0327733094844558
-0.0194825413196931 0.00348826139871698 0.0589911781157604 -0.0025723457596642
-0.0244531959994247 0.00200648090457199 0.0594982709802954 -0.024146365744322
-0.0354086768367405 -0.0098802266759855 0.0761622731278423 -0.022663088431619
-0.0226323943733898 -0.0350490898623729 0.0875699888520481 0.017773743417013
0.0140758815148495 -0.0431505814530887 0.0599431563302438 0.0813262833040162
0.054038692244161 -0.027513810857122 0.0209107666687368 0.114913961910548
0.0764659829615584 0.0226481742060809 -0.0139446487322236 0.123225896852479
0.0710071675715799 0.0724624604659002 0.0216863609036358 0.147596367848845
0.0701387419264465 0.0799010315640244 0.0246184320475621 0.0552907104158839
0.0685212179859031 0.0170193199615723 0.0328866595145666 -0.0571491242217305
0.0462921977497092 -0.0238697275872391 -0.0764014760469527 -0.0711205078190384
0.011234750119017 -0.0392461119818014 -0.116776380798062 0.0352596731952068
-0.0187748908560386 -0.0424857306632361 -0.0356465145714563 0.107840799442763
-0.0389232431742742 -0.0217191839834496 0.0354140095327839 0.0833516237234262
-0.0367121201693082 -0.000463870138415002 0.051838327417689 0.0363454496816629
-0.0390561938895797 0.00550441168177281 0.0469273045807853 -0.000116450972115229
-0.0431435372800641 0.00125973548889148 0.0423167717866812 -0.0252967493414279
-0.0581156275674504 -0.0181952756180332 0.0572930281183039 -0.0371905598558233
-0.0414909302644521 -0.0569564235732524 0.0810364123655819 -0.0155437276250667
0.0129908772772263 -0.0730430658393776 0.0775598366286031 0.0499422180599996
0.0833538016461537 -0.0501733673042988 0.0471667024445951 0.100415581704685
0.116103815762428 0.0332804380047416 0.00290533100081446 0.114521163019858
0.0953317081850486 0.107334329707715 0.0138473095052068 0.115928488238802
0.0674430309473906 0.120697941352827 0.00439261191530528 0.0161206710545073
0.0944375861284431 0.0547727487080053 0.0318923021905024 -0.0709509776013403
0.0886181440073698 -0.0152251166081277 -0.0692203121464032 -0.100220409309509
0.0354297780588959 -0.0644628962243769 -0.12378559830672 0.00203937490234652
-0.0217986978123677 -0.069106042027534 -0.0593258312028096 0.084458988762777
-0.0563161656453132 -0.0378252107879545 0.00952331991078772 0.0778365258109934
-0.0550576312069813 -0.00392267631073619 0.0307003302740315 0.0395384290265447
-0.0525712595908589 0.00662769875982376 0.0281957761801574 0.00261947782580897
-0.0551344965302734 0.00257126288670837 0.0202315765664227 -0.0246430492976257
-0.0728833495672171 -0.0209218884993062 0.031384251531495 -0.0478608604748363
-0.0574430499359 -0.0667049679465164 0.063301748775576 -0.0471449008578923
0.00128832851135626 -0.0916175165347813 0.0847783322228133 0.0110466422498182
0.0926499385282984 -0.0732150341475492 0.0668101327384644 0.0771060948502916
0.1383856926349 0.0298300209193283 0.0136400154131976 0.10191552924839
0.108693741315032 0.121623353194943 -0.000712301398722687 0.0772149035682701
0.0509560572552396 0.141367939946125 -0.0129157852972131 -0.0373203011133586
0.0982230591440378 0.088774916903875 0.02783887203862 -0.0900634200682846
0.113288820447661 0.00565257250209333 -0.051579674593426 -0.124480284283123
0.0590456370594516 -0.0721993374363206 -0.114738931676602 -0.0386434294963392
-0.0158610489995237 -0.0847355746786624 -0.0797070801318334 0.0459881890808219
-0.0631418034932729 -0.0495396776109902 -0.0229227789894067 0.0632224098187454
-0.0643774448041536 -0.00778712515396096 0.00333929841847812 0.0397135175985078
-0.0581352458599113 0.00679401143472755 0.00549603729117343 0.00542332890692388
-0.058049721060504 0.00302762458360508 -0.00290683567937087 -0.0219888521181284
-0.0749751890203035 -0.0204455450772762 0.0054898440598436 -0.0529878939009546
-0.0628633998357981 -0.0669607454800373 0.039213698038212 -0.0700128763678278
-0.00669226301212646 -0.0942294346729717 0.0808082716192928 -0.0232616341286298
0.0877135455145274 -0.0795608710499729 0.0753390234300581 0.0521252230886579
0.136944004581166 0.0260047387106151 0.0156714849558999 0.0877875736933844
0.103731447295312 0.118199361182644 -0.0205815429302431 0.0377061309776708
0.0264545540359206 0.13248162683706 -0.0233886126037527 -0.0923612219250848
0.0767271267752 0.102237531562949 0.0253706426594008 -0.10832167013137
0.107079634945006 0.0281714849695647 -0.0273026776862642 -0.137178188553742
0.0683290824510491 -0.0599174425402438 -0.0904186142735034 -0.0749143957069107
-0.00575327956163425 -0.081140515893352 -0.0893771450777574 0.00187008118890927
-0.0566759648755903 -0.0519938232734493 -0.0526848395162834 0.0406359430484228
-0.0626879848008916 -0.0103912137371765 -0.0260880709984665 0.0367641580321841
-0.0551967035460039 0.00596149623380955 -0.0170327075720953 0.00682825257768156
-0.0538430868293762 0.00299373030741132 -0.0249489390347116 -0.0192776457643458
-0.0667864358584093 -0.0195228324418976 -0.0177448772284062 -0.0554939480998333
-0.0555788929372569 -0.0616924103490097 0.0179687871155802 -0.0833860300504925
-0.00397826569269537 -0.084904431591674 0.0728687072560816 -0.0457297528046188
0.0783903211726546 -0.0654988798523879 0.0746551496218156 0.0327884480677337
0.114873445647924 0.0308882237098205 0.0130681795610891 0.0743756507146468
0.0784816613656177 0.105178753714961 -0.0379479974102905 0.00123658292929919
0.0023457152920298 0.0963526531992257 -0.0284501182894064 -0.135942772000215
0.0408280332682258 0.0867808098782638 0.0248372932006602 -0.120882526000427
0.0738794289654632 0.0359851488250339 -0.00501093817941115 -0.137087482965739
0.0562158092361608 -0.0358509540452115 -0.0615262267716168 -0.096839166485965
0.00203676198333138 -0.0597078679225601 -0.0892178619386784 -0.0342037078958956
-0.0403114694465993 -0.0425329077757184 -0.0754888688111982 0.0205001790987292
-0.0488647793301383 -0.0104039497065256 -0.0507552510426514 0.0318712697200835
-0.0438940240095946 0.00325271821336153 -0.0373779886606795 0.00769758321898853
-0.0437615859702549 0.00282593759328801 -0.0434447147996022 -0.0186940374857131
-0.0516942794698732 -0.0181632333892816 -0.0341041439620981 -0.0578245639174092
-0.0398172007608436 -0.0520049331090162 0.00468022953204765 -0.0907892891522863
0.00488912129280407 -0.067517231146544 0.0676173723188438 -0.0581686934180871
0.0682879879796044 -0.0393147630929782 0.0713712248553456 0.0214429792945177
0.0803162254954019 0.0391334007722145 0.0090188926704405 0.0606329741677337
0.040728091900449 0.0824487129435347 -0.0470459891369237 -0.029001656296885
-0.0185256410396221 0.0417663338945824 -0.0314102604469799 -0.157960097234947
0.00392059901418965 0.0502067757763685 0.0233704861598457 -0.124015076964753
0.0297027446140397 0.0277564012798738 0.006195798259377 -0.129510109692459
0.029948004762364 -0.0103131782974724 -0.0441798596296674 -0.104622677155605
0.00491314313718551 -0.0280225739178533 -0.087209422862343 -0.0524900970601271
-0.0190727434085828 -0.0254895034755178 -0.0870000983713648 0.00711827185494788
-0.02736944578489 -0.00892329800616112 -0.0663876956934785 0.0281715081439623
-0.0260369915469904 0.000560734435034264 -0.0511891096699291 0.00675842096891954
-0.0283492094024418 0.000562899467755152 -0.0557324246701689 -0.0202604238765638
-0.0329188270345952 -0.0129995788340003 -0.0435171517769579 -0.0616386062417458
-0.0223291209314138 -0.0380466174714332 -0.00134295962538821 -0.0961470394047432
0.0125175128033149 -0.0463087064815818 0.0687336364198564 -0.0624516539045966
0.053473656896352 -0.011902021801329 0.0699278699282796 0.0171133181024081
0.0412400752298044 0.0428295203820238 0.00634376392636528 0.0506643816348958
-0.000130586541858334 0.0521245590605569 -0.0471184621887985 -0.0519525212011089
0.0309043451235918 -0.0155667983702343 0.0571189976695143 0.0732042328162525
-0.00681269988586425 -0.026552108329842 0.0283720579596498 -0.0496845292788005
-0.0246922166133412 -0.0045447153131439 -0.0700633668220532 -0.0290072826181542
-0.00650761406268428 0.0167569731369249 -0.085730414358595 0.0606894007601629
0.00521892229965998 0.00913731031776484 -0.000149194068467192 0.106706783801999
0.0073546600501168 0.00539295613120756 0.0564524743233171 0.0686067793876024
0.00830617767488783 0.000401755850980235 0.0622159551348851 0.0269560135411116
0.00252755178808631 0.00137559047098831 0.0594510837941396 -0.00470864798726871
-0.000700866998259064 0.00361206047473524 0.0632584703585044 -0.0219584460793662
-0.00739440958720614 0.0049577740054737 0.0790488163826982 -0.0115686668967998
-0.00885564446200167 -0.00287525513100823 0.0809759065090952 0.0377807169915353
-0.00210929250854095 -0.0109709220165622 0.0428999031978131 0.0937058974771351
0.00911074401687032 -0.0199556725388712 0.00230858880033631 0.113235200368038
0.0292042984803338 -0.00947137359714555 -0.0266754442332788 0.123226673024342
0.0431748226533325 0.0164144460068955 0.0246573477657481 0.15548885486462
0.0556068783836713 0.0273145063810735 0.0434238124237007 0.0711726471566402
0.0301548946083012 -0.0121662126144442 0.030562443335251 -0.0487061527359193
0.0042682006071773 -0.0175195224802396 -0.0732173599706112 -0.0432651358863019
-0.00244110966908526 -0.00842979297281628 -0.0972269034472025 0.0532277500766198
-0.00884276042731377 -0.0129403877017294 -0.0117399709716351 0.109037455877319
-0.0152808067883163 -0.00538435701905004 0.0508216029699336 0.0750211181501539
-0.0130845483284548 0.0011293438406132 0.0596351320870026 0.0300238699100862
-0.0185141472112489 0.0038100394829187 0.055618511069445 -0.00380482651236853
-0.0233867757551835 0.00224365303643508 0.0547998905544906 -0.0238462013924387
-0.0339832099792615 -0.00825671310173549 0.070234098562202 -0.0233310085267771
-0.0225351621124642 -0.0323591864493115 0.0827024333674102 0.0150744256787587
0.0119670094707799 -0.0412772987286163 0.0588498509541624 0.076660520206678
0.0503577530459978 -0.0267921668458338 0.022038372466558 0.108568774536996
0.0718180559880519 0.0201971319993315 -0.0116289566635714 0.117519329356251
0.0689430333195721 0.0674270795197547 0.0233187336170561 0.138918359063233
0.0682551880738536 0.0729832463990231 0.0253940041986168 0.052619573725365
0.0650249976686412 0.0141619188985325 0.0313084100292652 -0.0546274155310081
0.0431386380319862 -0.0229744448002513 -0.0735285524499461 -0.0662200225780444
0.0103883138746821 -0.0372306588421778 -0.110828892224174 0.0351430649623029
-0.0189503542966255 -0.0394234448945492 -0.0313468410725761 0.1024070856836
-0.0370738379088221 -0.0189919626043679 0.0354154596199866 0.0778009873442611
-0.0344570169166491 0.000489764781395388 0.0493742179473085 0.0335499176733161
-0.0364700617319974 0.00591573867501041 0.0445411573602091 -0.000771248400472875
-0.041298902517624 0.00268681205138258 0.0394701073889495 -0.0249205279637862
-0.0562720736211225 -0.015851609942984 0.0523891264435012 -0.036437659080656
-0.0405371013643794 -0.0528466270693205 0.0753592958091569 -0.0170570472917697
0.0101490961488717 -0.0693819958618299 0.075067045846234 0.0463621742863966
0.0773234765637519 -0.0486984174807789 0.0463877140035295 0.0947263374744287
0.110364509288389 0.0296419849621127 0.00426336222791244 0.108887657614398
0.0921519480604937 0.100128810551201 0.0153932149254473 0.109000443347585
0.0669609721837659 0.111699922822774 0.00533265387270287 0.0161701156897571
0.0905872027706544 0.0492730271410944 0.0305381461595314 -0.0668525391553302
0.0831964424387284 -0.0162279061596043 -0.0674097130303634 -0.0937085709327374
0.0320680996462285 -0.0616854070191527 -0.1178212368347 0.00375269380240502
-0.022294289176081 -0.0648971985823558 -0.0553087006742311 0.0809714332907528
-0.0545311606982289 -0.0338355456061169 0.0100391588993029 0.0738430866103786
-0.0518874384172119 -0.00234339451070335 0.0295401423604593 0.0364165264980087
-0.0488333132169745 0.00752087014309296 0.0266963044301895 0.00205369418643515
-0.0518440754738464 0.00342052290344926 0.0186407804891498 -0.0236402515891703
-0.0693309368038393 -0.0173915148932045 0.0283359634097241 -0.0459080406397425
-0.0564462206851477 -0.0610710659143283 0.0579149319948461 -0.0463165009741333
-0.000526834459268979 -0.0866039590411499 0.0812010716789216 0.00913348513058016
0.0852972296970376 -0.0711001791325258 0.0651844586073608 0.0721041775051058
0.131507704424802 0.0246404326265046 0.0142160994839025 0.0969793931748415
0.105313134327802 0.112616096325683 0.00134970210534139 0.0730427341839777
0.0510953862647413 0.132067970839995 -0.0110764762773064 -0.0339861169003624
0.0949021914906972 0.0816630020809514 0.0261343977517596 -0.0842575201091827
0.107285187638817 0.00339236147068297 -0.0514050008712336 -0.11739726523017
0.0540743924256857 -0.0699369237239682 -0.110078813433797 -0.0351081726618797
-0.0178189968379934 -0.0800864565212613 -0.0755144626853575 0.0450616778943609
-0.0614763150814789 -0.0446038503479032 -0.0202345307432781 0.0604128042260346
-0.0611170927054145 -0.00559082207112008 0.00384514087649645 0.0369124661462237
-0.0540457859692033 0.00825559434405168 0.00550026596929211 0.00494260970288222
-0.0549652582454051 0.00510550347339427 -0.00361768163274448 -0.0201301169005813
-0.0714572003562036 -0.0176020855912586 0.00303082470058849 -0.0503705481544569
-0.0613423246758908 -0.0612535549886033 0.034280351857472 -0.0677097334026135
-0.00793194115510036 -0.0889248381864098 0.076354605711031 -0.0229848422018619
0.0808824725640511 -0.0770834798104809 0.0728329572796397 0.0481873311105007
0.129645484048431 0.0209538931709686 0.0171137825971078 0.0836483260157073
0.100015207747651 0.109621930176801 -0.0182957703118109 0.0362223570548212
0.0278589657358017 0.124459427407365 -0.0230817215698954 -0.0860419888731581
0.0747939955710543 0.0950828665414334 0.0233950989077044 -0.102105864247749
0.101768861951379 0.0243985914738295 -0.0279911476779383 -0.129537170417808
0.0629509268519999 -0.0582924034570129 -0.0873980864553652 -0.0701619968555391
-0.00769243818235752 -0.0767597122907462 -0.0853390388573729 0.00409373339220196
-0.055666294209959 -0.0468197927619422 -0.04977506769272 0.0401183992314709
-0.0592497820315116 -0.0080504971891335 -0.0239225381199719 0.0348244042969285
-0.0516911560026808 0.00649492620695535 -0.0165563620967701 0.0075208120525408
-0.0511012360585758 0.0046824054242478 -0.0246543549039725 -0.0174604073615386
-0.0639345643010729 -0.0171314314219961 -0.0178967900182528 -0.0519170725727993
-0.0542923713566057 -0.0565241369122909 0.0142076275551519 -0.0791089492787293
-0.00592842960165074 -0.0799557398017754 0.0679170921819925 -0.0443677815601671
0.0725801415328049 -0.0630075279460346 0.0719543012971525 0.0301339548047669
0.108910852050727 0.0262002561399373 0.0140299849886753 0.0702210088459122
0.076622277897257 0.0974805719615152 -0.03569886839139 0.00192644192758774
0.00456104868484476 0.0908086161080318 -0.0295528078572213 -0.127569636497233
0.0406881731073519 0.0813586100437719 0.0227084753680722 -0.114209108899087
0.070538765851359 0.0327924907101857 -0.00693361751915313 -0.129438063625679
0.052532979302107 -0.0351963648100692 -0.0607413796047502 -0.0917227274575317
0.000457186668578576 -0.0565339042167705 -0.0862493601630948 -0.0307618944696107
-0.0399526424411071 -0.0388978556835135 -0.0713683754989091 0.0209309286993455
-0.0466781217658794 -0.00843080418162146 -0.0471919282190765 0.0311597875625316
-0.0407994959903331 0.00405733900497773 -0.0351516788597897 0.00806252346409476
-0.0408619256326387 0.00309629551747406 -0.0413583646151673 -0.016291194414963
-0.0493344545748154 -0.0159408476292055 -0.0332939294622824 -0.0538100839612038
-0.0390216792845589 -0.0477375744440292 0.00176488043974433 -0.0863009996978881
0.00332250970807242 -0.0639102242597012 0.0631427402675586 -0.0561976720489472
0.0633551397826895 -0.0386146675151959 0.0687504394388413 0.0194365103627773
0.0764977990361854 0.0352492587199131 0.0103497447415966 0.0579267967349361
0.0397003197683821 0.0770668832184462 -0.045400736368277 -0.0271341147066696
-0.016430109582858 0.0394502574638206 -0.0329715479417137 -0.148647232546828
0.00523994593001081 0.0465966157665141 0.0198456792615708 -0.11838872000206
0.0288864790779013 0.0254023632083664 0.00408801353856227 -0.122790612196869
0.0283527792025977 -0.0109244123814423 -0.0437365995824494 -0.0989056095588393
0.00393314355283986 -0.0265523082515356 -0.0842105190418799 -0.0474401002675487
-0.0191031926797049 -0.0230774411145298 -0.0831686449457864 0.00863143362870235
-0.0259403244136 -0.00762769236871434 -0.0621552707075492 0.0280177218962818
-0.0237257513245404 0.000915722847527505 -0.0480127775561986 0.007819857214524
-0.0260785862679014 0.00142670951067115 -0.053295517326338 -0.0175057515327816
-0.0314665104946971 -0.0116600019618902 -0.0428064596240335 -0.0582058755536911
-0.0217083199819091 -0.0353477986186821 -0.0037468073322818 -0.0905369406415755
0.0110634927156319 -0.0444096624025439 0.0635866128927127 -0.0609086080569175
0.0495181395099574 -0.0117973188627376 0.0668599446421028 0.0155078620733993
0.0398244796274234 0.0393731266733692 0.0074000751301795 0.0482026726369452
0.000328332103490967 0.0490899593558307 -0.0459652067674109 -0.0478109123641158
0.0300729805649823 -0.0145799033480673 0.055131278491505 0.0710945341644584
-0.00582941909357201 -0.025164505023488 0.0290614501357841 -0.0482721639746569
-0.0234477576275129 -0.0045334785631657 -0.0670022418111719 -0.030169447928102
-0.00634554271050696 0.0155659642613995 -0.0848715821466897 0.0566166764943765
0.00462209487498154 0.00859418176575214 -0.00180022955302031 0.102507648797019
0.00684532674330216 0.00510932301205057 0.0532441113544571 0.0667421668294401
0.00775274628961485 4.04781817082854E-05 0.059836977245803 0.0278428425741158
0.00251747670003775 0.00114583782771562 0.0572459071833686 -0.0033070184646092
-0.00155454480852411 0.00393614328840048 0.0608712194663163 -0.0196103137132791
-0.00731956352505466 0.00482266812541889 0.0763073451536446 -0.0100128340317096
-0.00796688374011391 -0.00319725995442609 0.0769831212695973 0.0381883564737084
-0.00223297021967291 -0.0107599262980201 0.0398097167495579 0.0915494366248095
0.00890722342628911 -0.0182962154236176 -0.00127401093927495 0.108499383501159
0.0283921504201161 -0.0079101022004849 -0.0293743760696646 0.118513875383122
0.0411492011747234 0.016306169259963 0.0203921549190796 0.1500711969286
0.0532011419161537 0.027159267941646 0.0412988285561831 0.069283828146742
0.0282287260246558 -0.0111492412172239 0.0316440944624738 -0.0461235738406567
0.00454543421033728 -0.0167576022008091 -0.0692691483651481 -0.0436374234957677
-0.00228702008236802 -0.00852137933860239 -0.0952843345220549 0.0494523229136925
-0.00831227290175405 -0.012955874112644 -0.0138856398372189 0.1051916524787
-0.0143539806895175 -0.00496182130258724 0.0474352799544037 0.0731110357056241
-0.0125898176502364 0.000582460646277839 0.0568730883450326 0.0301517274952831
-0.0179380440098804 0.00297876123510733 0.0537876432612702 -0.00228003531555973
-0.0232736162890433 0.00197214358092549 0.0531466637219624 -0.02170007093396
-0.0325703728567605 -0.00875678509859246 0.0677568022886276 -0.0208407298300175
-0.0210781433485089 -0.0315938502937327 0.0789890844589556 0.0157778767835945
0.012559996497384 -0.0397569304361362 0.0552610098553689 0.0758150096874293
0.0491714626861882 -0.0245521969504456 0.0180123187000638 0.10503722346358
0.0687921623723464 0.0212769863901882 -0.0143958859316521 0.113457950165971
0.0650118539453017 0.0663742794587499 0.0192324667711367 0.134236396340848
0.0639716796790116 0.0710020388854011 0.024849607481488 0.0513700311559488
0.0619319316027447 0.0146489407169878 0.033117081723255 -0.0517765157689297
0.0418209765676574 -0.0215721337623498 -0.0695995951391697 -0.0661668790473186
0.0106771138163848 -0.035921437941802 -0.107671938072619 0.0315332755291888
-0.0176989401261935 -0.0379794989221345 -0.0327885821794824 0.0972784444899761
-0.0356108814917033 -0.0186513468471765 0.0323392151309455 0.0754746890807038
-0.0328518068996944 -0.000100325179994937 0.0466975194910719 0.0331786058409976
-0.0346545343220111 0.00491008912458074 0.0425981091264665 -0.000482944189796523
-0.0398202279991382 0.00203066657335667 0.0379890076059139 -0.0225453752771274
-0.0541587863702529 -0.0154384450490199 0.0506899718008509 -0.0338768653961028
-0.0385089603184981 -0.0509969972210148 0.0721255752587424 -0.0147950194431722
0.0117998893177653 -0.0666191954179898 0.0721191632610556 0.0466003530633447
0.0749369103562314 -0.0455911601564418 0.042876431765403 0.0925789845233142
0.105234373596698 0.0305692530819684 0.00124723279582076 0.105230844205193
0.0876203178209531 0.0982574363822726 0.0135241399188336 0.104937181074362
0.0615792023611262 0.107997001724727 0.00688407828505003 0.0159291407615541
0.0856545652505022 0.0490002263359065 0.0323794028849799 -0.0635264145923381
0.0802376922326554 -0.0135330614172095 -0.0624903780356976 -0.0929894285801364
0.0321371975893314 -0.0586665226739768 -0.113847625134565 0.00120443381327023
-0.0206273566743996 -0.0627013908020103 -0.0545763849126073 0.0771565903435983
-0.0518157140661419 -0.0325771960904963 0.00848931512492283 0.071474052422395
-0.0494678666966787 -0.00308865718765044 0.0277806081118355 0.0354965064382338
-0.046981446458598 0.00631872148146552 0.0255980398530319 0.00218749036927074
-0.0500168313947264 0.00250793188717951 0.0175823693974201 -0.0212960337906607
-0.0664536126515503 -0.0175097118808169 0.0278239538992852 -0.0431984548442539
-0.0540053120267086 -0.0591605512640781 0.0558722303433481 -0.0438493825851514
0.00073910219936565 -0.0839484421211589 0.0783348521299823 0.0115138092009875
0.0822757405372092 -0.0662438267817843 0.0620984221606134 0.0718522066545148
0.125502382526458 0.0260184209814343 0.0116201805243732 0.0942802245255951
0.099271620795654 0.110843949711893 0.0002720369654593 0.0701575790726487
0.0466735459625904 0.127438722864709 -0.00972442797020777 -0.0320513608890728
0.0897106045989392 0.0800455595925033 0.0286522185463873 -0.0800979551729626
0.102653777246632 0.00587304405689436 -0.0466716072277494 -0.114816662661196
0.0538222086871026 -0.0663614297017919 -0.105121978951805 -0.0366325721250634
-0.0155078206909401 -0.0766792519521739 -0.0739159403719864 0.0425246466595782
-0.0584350027105953 -0.0430408904482764 -0.0204220538200934 0.0578950844473283
-0.0583514424042312 -0.00629679202651785 0.003339509672036 0.0355711138387523
-0.0522270580378491 0.0065015992145269 0.00518699808342856 0.0051403277317803
-0.0527523081807183 0.00394422526100744 -0.00353582273065879 -0.0190008810074045
-0.0688966457891547 -0.0175955633033018 0.00354612367396898 -0.0479963154374326
-0.0583163405168355 -0.0591417201010363 0.0326022179494945 -0.0646973612461652
-0.00604333265015522 -0.0854881626273918 0.0744355116067489 -0.0201370403271593
0.0786144130328781 -0.0717836712131867 0.0692918764045434 0.0494155663107202
0.124608622145359 0.0224933208066961 0.0149328618013511 0.0817385470557941
0.0950347331978263 0.107801174466115 -0.0179160700869251 0.0342050451360507
0.0246941138000801 0.120030163105415 -0.0198054874579199 -0.0831792221141462
0.0699256425210101 0.0925825963542817 0.0259468945814407 -0.0968921994379819
0.0971885905989991 0.0262576893659521 -0.0243494245228949 -0.1255278744159
0.0621908405654215 -0.0549023992444341 -0.0823818899934672 -0.0699142662160959
-0.0062737059730442 -0.0737102046693174 -0.0826669347397634 0.00239752032849544
-0.0527401822427539 -0.0449773848725952 -0.0486310558006459 0.0382841466258194
-0.0566782837264146 -0.00850764570388691 -0.0232423763414765 0.0332573212857249
-0.0487516177244987 0.00479297858688614 -0.0160170306794957 0.00666468349784166
-0.0484565798302681 0.00360077433074337 -0.0235152471880137 -0.0164250773332756
-0.061583593266471 -0.0169556642482669 -0.0167939792479046 -0.0502015648961057
-0.0518187458982346 -0.0548083865347349 0.0136787873854036 -0.0763801776638546
-0.00360284140523102 -0.0767689312901334 0.0672180637254959 -0.0410738921525625
0.0705709536832947 -0.0588939638211729 0.068965252081074 0.0317623791230159
0.103947741276575 0.0271803809718983 0.0125623434859839 0.0683480490008447
0.0716305553359413 0.0953582381079562 -0.0341504428053976 0.00114425445424437
0.00231999690354656 0.0868412967422106 -0.0250233252823438 -0.123048728990479
0.0374458887080106 0.0786848951625471 0.0248477922246126 -0.108794605596625
0.0675394003130966 0.0332733401519445 -0.00414389250483993 -0.12455730638946
0.0517175683287671 -0.0331428985632156 -0.0559569965379153 -0.0898835857933188
0.00095647322376489 -0.0542876648231447 -0.0828883876015621 -0.0306345586347249
-0.0379382116903553 -0.0371745156526222 -0.0689986809441823 0.0199974660816843
-0.0443576851284542 -0.00889286604654178 -0.0458123937771347 0.0295809810174347
-0.0385422951249401 0.00265667690574807 -0.0343842399422641 0.00711891885179054
-0.0389836954251425 0.00270431565535452 -0.0395303148360724 -0.0163801192004327
-0.0475926233029678 -0.0155164733894267 -0.0319769162825228 -0.0525317039010458
-0.0376535067006537 -0.0468869979840188 0.00187680299657126 -0.0830538294770689
0.0042558821243226 -0.0617193877579185 0.0623116523522473 -0.0526712979514515
0.061581148532952 -0.0350230039473156 0.0667767528083385 0.0213271588005009
0.0732385717601946 0.0347776874154496 0.00948690458243583 0.0562306688674129
0.036567786338504 0.0756603842431322 -0.0430286894274863 -0.0264430741759252
-0.0165064169995762 0.0375431120988977 -0.0279711430889359 -0.143580110925375
0.00437191193588846 0.0448768670757603 0.0223486351532007 -0.112256681774603
0.0267155854839343 0.0252090718727811 0.00672841499804288 -0.117972988271943
0.0272258912833318 -0.0103576797598576 -0.0401223782210534 -0.097030428862379
0.00430477991993782 -0.02595510931505 -0.0811178131528253 -0.0465249553038617
-0.0180765230506898 -0.0216680540762736 -0.0803254760473047 0.00733372761102902
-0.0251437610625228 -0.00772624800595498 -0.0601892217273058 0.0260335779712448
-0.0228370536004295 0.000436686516404614 -0.0461387639927166 0.00685734603032874
-0.0245138181595971 0.000700452121579316 -0.0508559971278657 -0.0178438568770212
-0.0294552657251477 -0.0116141191336126 -0.0407911183715032 -0.0564873381915941
-0.020763129541269 -0.0337637076688179 -0.00240992897021384 -0.0875201007604563
0.0111737426131121 -0.042583084024732 0.0633152677462614 -0.0571137615268088
0.0483743308285483 -0.00975529114092695 0.0642057995447884 0.0170010125807529
0.0375930402948904 0.038377674886407 0.00644948669380376 0.0462697939017068
-0.000926992512657904 0.0469305076087264 -0.0436453671224276 -0.0470248174276196
0.0311963874326392 -0.0107537749237159 0.0446011898434431 0.0810644798056134
-0.00169141609956827 -0.0256801705854375 0.0389477870364104 -0.043012708149379
-0.0219116568792022 -0.00837478749050956 -0.0607016707734331 -0.0421097513382905
-0.0089738309855985 0.013268698713116 -0.09223782829703 0.0423049981324597
0.00258182104502156 0.00929571075723519 -0.0195083084512219 0.0994033683505537
0.00673862960247307 0.00608129118868618 0.0414348092082737 0.0750781109994764
0.0079135013598364 0.0015039723569822 0.0557155208973283 0.037325554526731
0.00236830792661193 0.00100045471540304 0.0569946602526879 0.00704666451345387
-0.0018208081053801 0.00274010507121824 0.0643054957002866 -0.00854398218107793
-0.00715566168373563 0.00293472880114601 0.076600643847332 0.00395418774421979
-0.0063019988328727 -0.00500026651934323 0.0695320600986827 0.0521686762978218
0.00178095139834394 -0.0114406110556708 0.0229398445710928 0.0991492560716094
0.0136177640039212 -0.0149219474464254 -0.0222722809785924 0.106305593725386
0.0300684715377664 -0.00140831329707269 -0.0525662723995734 0.110684552420244
0.039116113518839 0.0239157005688277 -0.00886139578393659 0.15280974000875
0.0473511266003524 0.0337836773645644 0.0280831478553334 0.0773422998051469
0.0297574529083838 -0.00575220894323217 0.0398325259603552 -0.0400840233301484
0.00753560234045815 -0.0155933841983846 -0.0613104141031271 -0.0547287068754232
-0.0001855660371029 -0.00893162598172129 -0.101351325457164 0.0331492179806299
-0.00626698913901924 -0.0138787898731193 -0.0300613916872591 0.101012008134555
-0.0127061682166149 -0.00805646465996358 0.0357348353877053 0.0799046148599544
-0.0123600929549372 -0.00134476330969286 0.0528109189485019 0.0396048075215907
-0.0180154541237569 -0.000512476038231363 0.0531943146749164 0.00740084193127549
-0.0228320157438875 -0.00229512437308385 0.056497318277105 -0.0108328537166642
-0.0303708025195268 -0.0142767424268685 0.0702687417434501 -0.00782293807903043
-0.0134491208175105 -0.034750070646168 0.0746899323001122 0.0304395624541029
0.0210641495953796 -0.0370139096096831 0.0410599224333002 0.0862300887293926
0.0537779707030615 -0.0142293844055438 -0.00272898125065714 0.106530242582112
0.0641699510715319 0.0340461339855029 -0.0364228695583998 0.107188116450687
0.053065942024923 0.0769234382375967 -0.00646100668070501 0.135987855045177
0.0518512573217033 0.0789005903132086 0.0109368024174017 0.0562882888775258
0.0580061685778528 0.0247149399485023 0.0403730693135829 -0.044132220887211
0.0446281398088778 -0.0134316416701099 -0.0583536922498481 -0.0748581445295388
0.0174481083600594 -0.0336279496576416 -0.110581086183722 0.0152268064190894
-0.011010446077339 -0.0403391346762754 -0.0467727682200158 0.0918580874212118
-0.0311341932491583 -0.024524147490074 0.0213037024166797 0.0799776356167001
-0.0324605079677947 -0.00647389698487461 0.0412571023215723 0.040392083318233
-0.0351803962957095 -0.00218125683675966 0.041505625564734 0.0073115710120519
-0.0395304608761919 -0.00572277638446473 0.0414987913876046 -0.0150312093637954
-0.0497103848165403 -0.0246026614211938 0.055076979468257 -0.0234110281415717
-0.0279625998138116 -0.0565435368489166 0.0725050967564192 -0.000647214442366081
0.0243301829048033 -0.064406606767788 0.062362558879076 0.0609733344096715
0.0824431746417162 -0.0302509616004276 0.0241610300087516 0.098763766594605
0.0979207069854844 0.0492783364903258 -0.0187121288805824 0.101784002496477
0.0688933423302392 0.112972658500859 -0.00645864127986091 0.1053852617427
0.0440472316691755 0.115338338847919 -0.00461786262800061 0.0169970874515383
0.0751877645416926 0.0620595293704545 0.0395711046153357 -0.0552040539662891
0.0808815995085791 0.000838056323733833 -0.0494241370805734 -0.0977932804567148
0.0424137283115999 -0.0517892853389489 -0.112437091483741 -0.0137685671111245
-0.00950735043713957 -0.0642902309803968 -0.064998484384603 0.0696266391082224
-0.0454019532639052 -0.0406749384892057 -0.00072353123628143 0.0716877583681011
-0.0482845254281227 -0.0116633392677254 0.0227828731134387 0.0401176957184895
-0.0468864573460995 -0.00231920950249111 0.0245678502368839 0.00669993518994724
-0.0490887097363291 -0.00631106539346409 0.0210268558705627 -0.0176348380712653
-0.0622558404635887 -0.0288130086705959 0.0336271910698883 -0.0367954371187862
-0.0417787714452197 -0.0671075193850497 0.0603265538748824 -0.0329453299299208
0.0165927258258115 -0.0824985529406528 0.0757518085926845 0.0275355882237308
0.0931084128404603 -0.0502131626622135 0.0463207159689925 0.0818711216799724
0.118449536939829 0.0486938993842881 -0.00615599601716467 0.091952115561919
0.0778862409440317 0.127514405036166 -0.0131271895608595 0.0676683067497152
0.0264284631067404 0.131547598296629 -0.0138144029727035 -0.0351494821585181
0.0740382130931718 0.0935947715332788 0.0365730252427286 -0.072496803607349
0.0999146302951193 0.0236503794673757 -0.0315237281182522 -0.116313463471077
0.0645622583170224 -0.0550755097799133 -0.0990856933159972 -0.0487917305035842
-0.00134762897745908 -0.0775455829619742 -0.078118297090421 0.0330166954423054
-0.0496051875988745 -0.0514460132151447 -0.026510131752261 0.0545359635783762
-0.0563258275852612 -0.0157945631940104 -0.00162612699173366 0.0361245843368644
-0.0515946672065317 -0.00322380580418308 0.0036524761683465 0.0060786230006493
-0.0520928927871736 -0.00547607792231307 -0.000524305764893223 -0.0179917269968934
-0.0645092877998083 -0.0291102958646754 0.0115748511321555 -0.045177931802864
-0.0470163882768252 -0.0677324034578446 0.0420440304166332 -0.05715696438924
0.00930377263487973 -0.0859362916875019 0.0770959845108996 -0.00505023467812314
0.089989800424882 -0.0566812810351051 0.0583403255962709 0.0613843580397461
0.117411639463301 0.0449276795197088 -0.000339204258050229 0.0798190648221626
0.0731791121601866 0.12404196260964 -0.0240000073889633 0.0284891268058553
0.00608859282442701 0.121256033243171 -0.0152363571969538 -0.087093208110931
0.0531515301381568 0.102827394891771 0.0372542370083981 -0.0910419307782754
0.0911885112958469 0.043437244355217 -0.00828715795527168 -0.12382499876934
0.0710444014609602 -0.0425204670209553 -0.0716705573072096 -0.0783180022691326
0.00722715191711296 -0.0731150931839255 -0.0809821462569136 -0.00778513850059716
-0.0442406709054208 -0.0523212515468742 -0.0516886105604088 0.0312218767189789
-0.0546801415409955 -0.0175971450531517 -0.0271426004696062 0.0295705269194583
-0.0486044923226781 -0.00336658863129035 -0.0168216921479885 0.00399404443706216
-0.0478111277618429 -0.00492565008182257 -0.0203703926006324 -0.019385375739942
-0.0571871860908776 -0.0276167611974682 -0.00849411578782248 -0.0511783164235298
-0.0416296193727124 -0.0625470963236894 0.026177159485405 -0.0722570013556157
0.00994576357274487 -0.076868884521056 0.0732372632566302 -0.0269410244426719
0.0803726313810834 -0.0448780988923451 0.0616512544796373 0.0439387580667009
0.0973091615511258 0.0454009489610146 -7.34399862148172E-05 0.0673883590160907
0.0523743770355211 0.10720605210371 -0.0345219912570792 -0.00681106471988765
-0.0110764434643524 0.0854301978558012 -0.010749671589951 -0.128160990044387
0.0241616859815661 0.0835133914150693 0.0390235325936667 -0.10402796830563
0.0609511155273521 0.0447785418977917 0.0123783558990585 -0.122278505176826
0.0564531237610839 -0.0229191040034631 -0.0428117453438787 -0.0949123663681529
0.0107099249841167 -0.0532716920269909 -0.0763747572863071 -0.0408643837084187
-0.0311095938567009 -0.0421299628209224 -0.0699747265774999 0.00896805270370398
-0.0427055128279147 -0.0163182616170877 -0.0487634264870598 0.0229907683673524
-0.0384303050621796 -0.00425670416109889 -0.0344605042826228 0.0013025172575635
-0.037963751816104 -0.00467959122390629 -0.0362545942908128 -0.0221980590007202
-0.0437163603747388 -0.0234021056295001 -0.0227416316451099 -0.056302703190006
-0.0285799194360484 -0.0518666182415317 0.0156349144497314 -0.0812955263942978
0.0146681740887038 -0.0604341788807372 0.0709835170232191 -0.0394374520724448
0.0669729100810821 -0.0232254148092471 0.0610928472814984 0.0328601232566448
0.065290947439948 0.0477642599309949 -0.000569412103116164 0.0552820013524562
0.0215037110524161 0.0806706900321654 -0.038004366825007 -0.0358887654004722
-0.0217853992498921 0.0343599307527779 -0.00696329133726935 -0.148573472189986
-0.00294530742298545 0.0448093758837613 0.0395796391903999 -0.109029169269757
0.0226091659097225 0.0304916894585025 0.0237906132966941 -0.114995301615391
0.0293907808596625 -0.00478560881855011 -0.0253936252690407 -0.100603054228389
0.00893013893719081 -0.0243193645765664 -0.0720766989483441 -0.0577220394460577
-0.013860181755911 -0.0236121729947937 -0.0801604615697941 -0.00507444832081107
-0.0234627291961562 -0.0115781303503979 -0.0633758476731069 0.0170968330052203
-0.0223015840724675 -0.0038410496135676 -0.0469966221079713 -0.00186301785012778
-0.0236506284845679 -0.00304527370458178 -0.047528995572066 -0.0257414142974352
-0.0276254564277444 -0.0163893526510312 -0.0300996073786574 -0.0625759805676597
-0.0151998044157686 -0.0371148625263725 0.0121664117369455 -0.0867505319515173
0.0177669321437797 -0.0410499109200178 0.0724116908276255 -0.0449600152735736
0.0499376263488725 -0.00172206928982908 0.0599724357457158 0.0289029211105979
0.0301875445044898 0.0446201082458583 -0.0014590574479437 0.0459181262645755
-0.010916823338213 0.047088924326086 -0.0349146707675718 -0.0550848199019393
0.0315956692968291 -0.0104494070223132 0.0462370143671388 0.0843540629031179
-0.00123614730576389 -0.0266797615236692 0.0422447409551996 -0.045074572524845
-0.0225396209013965 -0.00917549730584543 -0.0614536997444736 -0.0453477815024209
-0.00980445711040076 0.0135031988010228 -0.0967776882470976 0.0421093291483608
0.00228668094408543 0.00934799240195911 -0.0217203957547521 0.103053519744839
0.00708631427295925 0.00630666298302273 0.0418152641239152 0.0772126254012216
0.00780115989678368 0.00151586700123202 0.056909869512306 0.0397423159391421
0.00226823470481427 0.0014501310129709 0.0595746861434431 0.00829719954741214
-0.0022133208265686 0.00311298841280641 0.066852623430342 -0.00732915864781026
-0.00803142781543194 0.00297798321347545 0.0797530549375901 0.00509145839911593
-0.00612382337946458 -0.00540842269879007 0.0710538240373513 0.0551917289676804
0.00157220961293341 -0.012440645329481 0.0224670399941947 0.103405940709924
0.014525064009374 -0.015079810805298 -0.0262531042559621 0.109129947129055
0.031031265623689 -0.000108978476236632 -0.0573562574559771 0.113341183648507
0.0394905509367437 0.0251339172363335 -0.0122377679346136 0.157788889862612
0.0482504631330705 0.0352313062761435 0.0286850159260827 0.080304108071964
0.0301586793728567 -0.00587500551783094 0.0432907521622087 -0.0414914230843303
0.00809003503184769 -0.0158676811638452 -0.0618029632407826 -0.0583269702201771
3.89242394649917E-05 -0.00959844879208918 -0.105943049981129 0.0326523705998339
-0.00660068626994891 -0.014434912048298 -0.0327087371824489 0.103243518120953
-0.0131796232308329 -0.00784200983000167 0.0358722095756367 0.0824465980213378
-0.0129744273239722 -0.00145258556035072 0.0539896244046024 0.0415108091022873
-0.018381432111385 -0.000826175879275462 0.0547546417365279 0.00896352574104863
-0.0236043380786914 -0.00289527624502855 0.0588238204264612 -0.00986056986252749
-0.0314649143373691 -0.0150055255017716 0.0724543777871741 -0.00738643481515023
-0.0136780906388689 -0.0364801386306757 0.0763773780580162 0.0329399370647018
0.0226781890658824 -0.0384170928288359 0.0410825992412288 0.0903016095765589
0.0556978757264675 -0.0134065665538466 -0.00482643026138584 0.109601108545462
0.0649192837400521 0.0370726736566702 -0.0404308526362304 0.110167201079085
0.0533933897788594 0.0808715979113731 -0.00887979268275179 0.139759260254622
0.0520426446693475 0.0817832792723177 0.011939064125673 0.0584154568233963
0.0591609009615284 0.0268239373149313 0.0444949566688822 -0.0449313799745826
0.0460442422765504 -0.0128703957478372 -0.0587636109134978 -0.0786187375479463
0.0183125136838466 -0.0344978220588907 -0.114891570092163 0.01389207968536
-0.0111106230549051 -0.0415979649492139 -0.0496879353142107 0.0945797050180725
-0.0324238759411025 -0.0249808319675465 0.0214009235134783 0.0828279015471585
-0.0329821879276233 -0.00727909791921297 0.041987908800045 0.0427310328463601
-0.0363626313418691 -0.00228156090849555 0.0432439102344731 0.00855500386484198
-0.0401201055542968 -0.00608839105111285 0.0431390646353156 -0.0137100798680952
-0.0519357837416253 -0.0255231692887504 0.0567053152525436 -0.0232989479649727
-0.0281907174087851 -0.058598191418123 0.0747464223402748 0.000529065334161914
0.0256878248811702 -0.0660087281768876 0.0639460738222705 0.0642843911282591
0.085646314805929 -0.0296439186628861 0.0229304817400947 0.102598740863938
0.0999327144060086 0.0528888824982742 -0.0220641373062784 0.10469012679264
0.0690268879025615 0.118027595814281 -0.00796795033898989 0.108480551781686
0.043522270395601 0.11817014517474 -0.00376961547703537 0.018119689204408
0.0765116602228588 0.0659532423655026 0.0438520662929098 -0.0561624254367898
0.0832697526205882 0.00235337947543827 -0.0489207756782145 -0.102505187632264
0.0444713256962661 -0.0529332793190364 -0.115887330690892 -0.0167892251583657
-0.00930234828936736 -0.0662892848821657 -0.0686016998847111 0.0707559108926032
-0.0458675911309695 -0.0415080247236976 -0.00172212002000854 0.0739139471442001
-0.0499050384131898 -0.0125923472911693 0.0230413113344395 0.0416162769582544
-0.0483567556187228 -0.00336549093166994 0.0252214064024321 0.00774757300183571
-0.0502848748954166 -0.00709169387720726 0.0221232443243535 -0.0165095075704502
-0.0641083492035074 -0.0298494869359832 0.035137076306816 -0.0374680747511384
-0.0427787992022517 -0.0694722191750364 0.0622733043659143 -0.0326573826828269
0.0179969467127662 -0.0847574643462034 0.0779006886790539 0.030158546995999
0.0968579739603333 -0.0498001302270361 0.0469625037847149 0.0862670208729335
0.121153365377077 0.0518932857825277 -0.00868055096140178 0.0956394675831983
0.0789854199228481 0.133564261193574 -0.0137331130998431 0.0688798304869978
0.0247313348782174 0.135644006991522 -0.011722658560202 -0.0346111459457625
0.0744197038096872 0.0974574352413323 0.0419851087069287 -0.0731810727679308
0.10324331283864 0.0265138385561043 -0.0301964263591196 -0.121041524070983
0.067547092757545 -0.0563133605397257 -0.101283349270878 -0.052846342032395
-0.00106960447240769 -0.0800192937400718 -0.0813529374418834 0.0331954098904766
-0.0508446775327542 -0.0528720932486236 -0.0284819920733023 0.0556098904647419
-0.0581049280939044 -0.0173700340047516 -0.00178914906907401 0.0374639184327602
-0.0532413245458516 -0.00424032689900215 0.00351119006290763 0.0061391133396407
-0.0529283097390104 -0.00656336065272078 6.2899083166251E-05 -0.0177512703481746
-0.0667040503004859 -0.0301908183016505 0.0118633167601634 -0.0463244019731508
-0.0479284522922722 -0.070274014009715 0.0430895423950357 -0.0579109063481473
0.0108348519263149 -0.0882702988260528 0.0799785277209206 -0.00316608870305354
0.0933510537702972 -0.0563919095801646 0.0601067897920042 0.0651564923433447
0.12028629378615 0.0473521256230503 -0.00175469201769204 0.0834219512822456
0.0743159357980002 0.129325616825434 -0.0254910258401361 0.0284074783626231
0.00365984502542353 0.124464729818247 -0.0127916943409615 -0.0896129230727026
0.052581602882501 0.106373227483811 0.0417571512692657 -0.0919040632078367
0.0936572421550076 0.0464594828009946 -0.00571759559801682 -0.129051531626438
0.0733604480514542 -0.0432075352197273 -0.072796912519493 -0.082731387675807
0.00822002366022519 -0.0753710478370415 -0.0833202998561265 -0.00925254000317178
-0.0453279414021223 -0.0536804802149083 -0.0536767324360686 0.0313201455871428
-0.0562055060431802 -0.0189638708492601 -0.0276539323228988 0.0307423267558833
-0.0499975079700926 -0.00507136809657478 -0.0175490454722882 0.00353456691760082
-0.049221281912957 -0.00623752136322818 -0.020348621116962 -0.0200235686957596
-0.0589732407364897 -0.028529197873377 -0.008050894292732 -0.0527200705015547
-0.0420368507799625 -0.0646781039540859 0.0262616466700933 -0.0735672051555201
0.0105762250215354 -0.0790979757460979 0.0764145244564052 -0.0263229895682819
0.0828811791612518 -0.0451078202649009 0.0640160731799214 0.0473747056823402
0.0991526549367238 0.0483516305847017 -0.000624198986985549 0.06948480151693
0.0525395636515265 0.111455180938174 -0.0345865529060516 -0.00775908431125425
-0.0126715490085766 0.0875889534990546 -0.00824930029624492 -0.13191384673148
0.0231235638154589 0.0861823525258359 0.0437469190806687 -0.105092593533543
0.0621766844541747 0.0476618456397229 0.0156497882569794 -0.125353063250304
0.0585214336217488 -0.0233290468043439 -0.0418290098568516 -0.0992317134840673
0.0112856268629934 -0.0544391521572703 -0.0785242444891329 -0.0432565214150838
-0.0314688952201805 -0.0427144071578951 -0.0719198268039096 0.00850424033185691
-0.044295953469944 -0.0169584157887319 -0.0508766838150644 0.0234278761241722
-0.0393194101098143 -0.00525533081240434 -0.0365133024680994 0.000475756799586596
-0.0389832742404253 -0.00506852733462706 -0.037226363247904 -0.0229238116146351
-0.0453402981890791 -0.0246937197358117 -0.0226184556314098 -0.0586222259500237
-0.029777913818911 -0.0541009877779749 0.0160408177440411 -0.0838744183911707
0.0157756098983985 -0.0620324462958992 0.0741371128059517 -0.0398220200631883
0.069365396608221 -0.023213816602811 0.063030503610202 0.0359119474147053
0.0666419128243156 0.0498883264594811 -0.00177228390702869 0.0572700026849349
0.0206750004345233 0.0843168912705696 -0.0389254034592156 -0.0375171422466562
-0.0229864702564144 0.0345945322861036 -0.00421651732630554 -0.153104437559796
-0.00356459452865958 0.045684402407213 0.0434128932274271 -0.110670474095529
0.0226310510254497 0.0316836538899146 0.0273583894778615 -0.118184760917549
0.03045454918857 -0.00481225156757532 -0.0243055372941434 -0.104681706846386
0.00931608219831117 -0.0252643200393693 -0.0743560760793128 -0.0607896429144979
-0.0145483111852173 -0.0240775713108863 -0.082556880702715 -0.00509350360461787
-0.0248874911185933 -0.011441570733448 -0.0653503219696394 0.0174647246731776
-0.0229983826704728 -0.00485367027427559 -0.0491848451564037 -0.00254516679585152
-0.024377284028006 -0.00360460311443802 -0.0486962732834631 -0.0272798390931204
-0.027795365968662 -0.0175328025353095 -0.0305985930897694 -0.064552350888577
-0.0154935823268944 -0.0379585729941447 0.0135980580935842 -0.089284788018877
0.0188684500579365 -0.0417087833216439 0.0761413922822028 -0.0447732438044067
0.0515757414292656 -0.00102319752250268 0.0623994164706937 0.0315482117908989
0.0300783599152617 0.0459267962295066 -0.00253361324183291 0.047256610242892
-0.0123153546349512 0.0486880591726524 -0.0353859205371752 -0.057203305892394
0.0328981507372416 -0.0114550485545857 0.0512274377583192 0.0854939544707771
-0.00239904690993929 -0.0275895940975655 0.0434941527859747 -0.0488824378830244
-0.0232132979772575 -0.00900356379258761 -0.0650541509602131 -0.0467282485602911
-0.00985923885013698 0.0143141069180034 -0.100210863717399 0.0463757175486251
0.0023848937954759 0.00981550727297246 -0.0204214799067174 0.107619260387917
0.00751843737325327 0.0060230781497711 0.0456134379866835 0.079390795465733
0.00800055075573834 0.0016826547158303 0.0603998288226717 0.039755004626099
0.00181082826481702 0.000527046791721986 0.0620873228402602 0.00725428084073375
-0.0021810447247045 0.00326544390782122 0.069878847834579 -0.00999085866239787
-0.00806895878583696 0.00315449594063668 0.0825448848523357 0.00380627263672217
-0.00636430104222925 -0.00510256046838494 0.0753525225236499 0.0568322623866769
0.00156944044975528 -0.0121941571008914 0.0255598587603108 0.107244057555885
0.0145956550749286 -0.0154811203188946 -0.0249513080211777 0.113495856588404
0.0317509878237268 -0.000360398438278629 -0.0582897509230363 0.119632019412615
0.0418414383657087 0.0249319224883095 -0.00939201344666581 0.163242273584468
0.0505369094322043 0.0349218173389481 0.0341232755192732 0.0825318668639966
0.0310526526646414 -0.00663913035604455 0.0455934666477479 -0.0448183440921771
0.00781249894993231 -0.0167036381662687 -0.0652040891291403 -0.0601050925396583
-0.000711092426380516 -0.0100866839970518 -0.109621254484044 0.0371337539141185
-0.00786665726849505 -0.0148266157219389 -0.0320019704043983 0.108654393286829
-0.0139318071688235 -0.00840920927281883 0.0394575384760523 0.0850890735108919
-0.0136291047550872 -0.0014942306823312 0.0570961169688118 0.0424239975382785
-0.019374598092431 -0.000859425045438349 0.057062744868647 0.00802114198019137
-0.0248059564932431 -0.00208743981746334 0.061159334094793 -0.0122500607031358
-0.0332799753576475 -0.0143641972277016 0.0746295981597289 -0.00912806915808726
-0.0151336333615661 -0.037168569083005 0.0799544258905911 0.0329379999966122
0.0220597756518654 -0.0405176365471487 0.0455427461776259 0.0938449259663063
0.0573204864520714 -0.0138816757437835 -0.00242607826832233 0.114012068042395
0.0684115889304702 0.0371165123796364 -0.0404741427315899 0.116189825804765
0.05785182516708 0.083671164037762 -0.00573695239387876 0.144737736538973
0.0556988408433047 0.0832958121135021 0.015415222976334 0.0598798737733401
0.061590830203488 0.0266053248474389 0.0474478109896915 -0.0483396111856
0.0474371382038689 -0.0145089447739829 -0.0626720952067796 -0.0817521541076922
0.0181996792136399 -0.0361563522866064 -0.119560641271077 0.016400728965343
-0.0133203681937563 -0.0425453386390889 -0.0502492036714525 0.099454931169744
-0.0341999680233061 -0.0247576907317439 0.0241722352706652 0.0851963781044464
-0.034894585392711 -0.00624693737287213 0.0447233966220164 0.0430216996121685
-0.0378141418574646 -0.00207886779384215 0.0449300284761844 0.00842173783708952
-0.0424749714453262 -0.00499064066360555 0.044663381771275 -0.0157758353420843
-0.0545444869968852 -0.0253571531784826 0.0582624910299563 -0.0252440684947639
-0.0313978383485074 -0.0600959772955509 0.0769219063738907 -0.00108304485812422
0.0250738091631023 -0.0692423961391103 0.0685946122360138 0.0663601262807393
0.0880510084547746 -0.032229429652211 0.0263645259325479 0.106741829531727
0.104936569520219 0.0529552840776689 -0.0204740549831975 0.109814132073705
0.0755360743456759 0.121766702009209 -0.00525800858473309 0.112213405239109
0.0473002910372124 0.121528369394394 -0.001615470866804 0.0190082284835047
0.0811056728532993 0.0657567143017867 0.0465091008884583 -0.0599360376041752
0.0865856166614016 0.00037321430454119 -0.0528817810155957 -0.105980259799869
0.0445864881780224 -0.0558087196414802 -0.12131385724556 -0.0149461082412551
-0.0122895876169781 -0.0683695481134112 -0.0689796237575506 0.0756138110958875
-0.0491166301146592 -0.0411994872305811 0.000714786949074546 0.0771922470978451
-0.0518362967908696 -0.0112744168715726 0.024568939546236 0.0425405882866869
-0.0503847154436509 -0.00258066712523934 0.0261518521904631 0.008111240998576
-0.0531089184433948 -0.00620854794027917 0.0230255033977151 -0.0172935007269825
-0.0679873734703234 -0.0289982247400017 0.0351800893434159 -0.0391814474666454
-0.0464338025379271 -0.0704555050439269 0.0629811852799024 -0.0346923061635871
0.0161013875566564 -0.0885145308412252 0.0820809547519825 0.0299809139553493
0.0995674195238488 -0.0532587428361959 0.0517278096071805 0.0891485528647746
0.127118809049648 0.0511390901207327 -0.00636296556551085 0.0993169790884693
0.0860459968615305 0.136819548714526 -0.0128920928838001 0.0714628033270332
0.0281007139229564 0.139176296904556 -0.0121799676438228 -0.0359090508239799
0.0796200635900953 0.0995182317693011 0.0441858868257928 -0.0766755370362362
0.107415276010847 0.025228797277638 -0.0330735179118133 -0.125809102632819
0.0684695546171517 -0.0598575963570934 -0.106508592801004 -0.0530872155359536
-0.0039274515508179 -0.0829262306084846 -0.0837920947662839 0.0364616470342842
-0.0546326132619056 -0.0527380816966499 -0.0274339645007397 0.0587884167728858
-0.0612404930580493 -0.0155868815002532 -0.00140688056570791 0.0386038515811801
-0.0554630047229607 -0.00363553337855823 0.00391491935979901 0.00684743143863324
-0.0551896671356723 -0.0055195422148524 -2.14806512869114E-05 -0.018352248455605
-0.0702902105907362 -0.0292522214511961 0.0106554659820111 -0.0482528833844721
-0.052415188849348 -0.0714622815433083 0.0425326023521393 -0.0611085942017212
0.00784792235126444 -0.0919771892913103 0.0837524210238187 -0.00475316298348275
0.0953432500152188 -0.0604738530431987 0.0653643266633004 0.0672844829655064
0.12603508437662 0.0469016368520142 0.000935189655001706 0.0863319291932672
0.080727833873959 0.132869501064239 -0.0254695524214006 0.0296478045894365
0.00622492932295931 0.128299368775403 -0.0144709367226873 -0.0923656282829978
0.0570864082620923 0.108864321630974 0.0427562746677805 -0.096109191582315
0.098743505305769 0.0460228901305729 -0.00817441445581872 -0.133514663546813
0.075566074787403 -0.0464779837127089 -0.0771485777277951 -0.0850974553334241
0.00560078713042193 -0.0779531541341878 -0.0877353290529954 -0.00795827981283216
-0.0484943298913389 -0.0536378449958356 -0.0546767433212607 0.0344759161229462
-0.0591628005921577 -0.0175400180059249 -0.028959626644084 0.0330359114165703
-0.0516079661689318 -0.00406628315773774 -0.0182006247166351 0.00507845898861467
-0.0506001703497107 -0.00489707343642152 -0.0213103919074286 -0.0197017134945188
-0.0628649936571093 -0.0274721563982255 -0.0100945709336583 -0.0545895463822723
-0.0462619917214548 -0.0657552341481115 0.0246654062588659 -0.0776311565961304
0.00890269751255992 -0.0821525488732947 0.0794487390686459 -0.029155577646139
0.0851470445981148 -0.0480184441913292 0.0687721214458164 0.0487366095257928
0.10418421668932 0.0474738923571022 0.00149196410213356 0.0725258406157758
0.0575717017535416 0.115272827589285 -0.0369711972081095 -0.00803438569116664
-0.0113183770195796 0.0906999074152273 -0.0108040005639885 -0.135958209550841
0.0265461732261569 0.0884946366146808 0.0445027675761226 -0.10955350224618
0.0655641496909361 0.0482864591563553 0.0140685685097288 -0.130903386245349
0.0602306268277847 -0.0255580182851553 -0.04534623833235 -0.102996711621863
0.0102573086914958 -0.0572299593631768 -0.0824161079739439 -0.0433957614011208
-0.0340429905861208 -0.0426614110479908 -0.0746317428921194 0.0110954827567047
-0.0470169044616093 -0.0157936763005292 -0.0526216576151527 0.025314217618523
-0.0408911518628298 -0.00499408560002336 -0.0379648960200092 0.00217164823417259
-0.0398189486798817 -0.00457480552657255 -0.0390451635271298 -0.0226384173870488
-0.0475771263890798 -0.0239144143525224 -0.0250500347540643 -0.0600246816410635
-0.0322817812459311 -0.0550049685767851 0.0139413921738441 -0.0877084827993291
0.0149149000051838 -0.0649696321888903 0.0767649609497233 -0.0432686086792861
0.0719875625064861 -0.0251655292095469 0.067663579443966 0.0365272200624365
0.0703277713823644 0.0502942249050119 0.000278570390746263 0.0587893944374184
0.0241964060930048 0.0874533519203403 -0.041840483342758 -0.0381109630214086
-0.0228281421209058 0.0359463948679517 -0.00729755835368321 -0.158620670904783
-0.00230755098692928 0.046633363667022 0.0443368697890284 -0.114961204471857
0.0245962660929783 0.0324364134306829 0.0266018848413729 -0.123461228534563
0.0309714568332587 -0.00573789979197889 -0.0271969030467886 -0.109190906145847
0.00873260342035901 -0.0270055302855017 -0.0783246218088969 -0.0613181284688948
-0.0152983336831218 -0.0237894249268736 -0.086392140597387 -0.00263204033539119
-0.0259925853785809 -0.010875502929486 -0.0675640441623881 0.0203333607784413
-0.0235731423413978 -0.00454435200051821 -0.0512714423534999 -0.000916635033206829
-0.0248652801890933 -0.00324630784537497 -0.0505275580853411 -0.0266196450148976
-0.0288721316152456 -0.0169794485651896 -0.0339287188294396 -0.0660874014510975
-0.0172002100036806 -0.0390975411561383 0.0115473324858036 -0.0931713343193401
0.0182742208540141 -0.0442562363390418 0.078026536653324 -0.0481057377571976
0.0539356463631417 -0.00181677688912151 0.066125009795271 0.0319024911607951
0.0325142725201674 0.0473237081232011 -0.00132217746823748 0.0491901615174084
-0.0110360712462804 0.0505475812759583 -0.0386737123983448 -0.0581435602953892
0.0322461247104079 -0.0137059046762624 0.0574597612494768 0.0831519788194685
-0.00377370570590837 -0.0277351224045258 0.0422455975023491 -0.0529249687852464
-0.0245240536795628 -0.00812523814520672 -0.0682805614376828 -0.0444169700506185
-0.00897227485034331 0.0150707953283383 -0.0990647546448311 0.0524031904891274
0.00264421717197578 0.00971980042663919 -0.0150783845943501 0.110606184240108
0.00815055495719196 0.00522209016578305 0.0497776268364741 0.0771543738063118
0.00816153272594053 0.000468601461813676 0.0632995327723009 0.0371779593128419
0.00201319160964948 0.000871561294652633 0.0637738050179045 0.00416184540402724
-0.00219841039827623 0.0034823130413024 0.0701551547469673 -0.0139733910267415
-0.00817146075464971 0.00423695000363068 0.0832713621951012 -0.000846079513008952
-0.00691406963537312 -0.0058768062087803 0.0800910806872151 0.0537658586938972
0.000439240958591175 -0.0130745451124956 0.031114365377777 0.107618222906407
0.0137019394158882 -0.0161226855195883 -0.0207994767639539 0.116611515755319
0.0321742737125394 -0.00136223913118323 -0.0540759138090982 0.124014703873281
0.0432112124379217 0.0237366329265181 -0.00139586972644983 0.164270265592386
0.0526911415315535 0.0326251772265848 0.0401705435842414 0.0809766303220349
0.0304845541666159 -0.00844819768625212 0.045503561569531 -0.0488061314291614
0.00699599123061186 -0.0168801729803828 -0.0689737581866229 -0.057420301061272
-0.00122914343987586 -0.00997229217471766 -0.109888340453249 0.0428763646853779
-0.00887011833535853 -0.0143356268767494 -0.0268179115460889 0.111773088400642
-0.0140026514530654 -0.00731653042197314 0.044083992822739 0.0833702929229561
-0.0135885807841783 -0.000502787587970372 0.0606106773191723 0.0396323485031028
-0.0201311929070654 0.000494044063038713 0.0585040876079236 0.00496753533980806
-0.0249081573827955 -0.000930413022020679 0.0618221977769355 -0.0156646080019923
-0.0342866675336326 -0.0122947446451087 0.0752868375235272 -0.0132102973559176
-0.0177506963563288 -0.0369523351199477 0.0830335422451155 0.0298112190253555
0.02011528195392 -0.042080903548964 0.0509433122035025 0.0929025867907066
0.0574428628476419 -0.0170525924374731 0.00249026563987723 0.11570267967444
0.0708974786038423 0.0346731069956215 -0.0354797175087539 0.11908384688873
0.0627837624456764 0.0810098600921877 0.0021800067299396 0.145829425812154
0.0599276623674064 0.0805944978384712 0.0197728820109685 0.0601123601633846
0.0633328744879214 0.0232622523060236 0.0476721501190959 -0.0528699390650205
0.047241277745036 -0.016733754582797 -0.0674336427845066 -0.0804511227831948
0.0160220956504327 -0.0376118690289286 -0.120503578058122 0.0229458014993362
-0.0162488543332455 -0.0424325902133548 -0.0456151564692595 0.103016595181421
-0.0359283827344028 -0.0225619066583092 0.0290541249814015 0.0847332928874098
-0.0355592321264427 -0.00418201268781448 0.0479944299942679 0.0413533071790797
-0.0388028292101701 -8.37766458038568E-05 0.0461932887544295 0.00589363815797211
-0.0431667037023377 -0.00314427996751089 0.0448634078131641 -0.0176144838991516
-0.0567786387816631 -0.0214782481373069 0.0573921913145772 -0.0286290021505866
-0.035425748811885 -0.0588497690689062 0.0774468537568313 -0.00475362995260043
0.0210902674587079 -0.0716390520409445 0.0736404813232606 0.063850371205341
0.0873289236144385 -0.0362213904303548 0.0324974537142102 0.106959554915901
0.109039814097861 0.0485441372069914 -0.0156198507567295 0.111776621660515
0.0832264550498093 0.118859035395241 0.000542109829398991 0.11250642711149
0.0532484982987349 0.119846348527494 0.00132385109585655 0.0193433573217556
0.0844880059406823 0.0621851497714085 0.0464511248868451 -0.0631870840862532
0.0872188970669963 -0.00281729425430554 -0.0581400069873076 -0.105632219692027
0.0419154787173863 -0.05890259120922 -0.123393418399711 -0.0100951232002122
-0.0161314742162499 -0.0682862807286121 -0.0662598167728746 0.0799595094827928
-0.0522123542671368 -0.0390477751594743 0.00427866258364475 0.0780860237215705
-0.0530097538475721 -0.00811491672292964 0.0272534047602925 0.0415832967283411
-0.05109852804437 -0.000404687553553701 0.02732345836665 0.00665537840829496
-0.0537939134537657 -0.00300640911433907 0.0227231829021117 -0.0180858552401068
-0.0706770351794698 -0.0251616623568175 0.0339876465201993 -0.0408832591671257
-0.0512055329657377 -0.0689390270661716 0.0610784775637166 -0.0386884411205067
0.0112222186203896 -0.0905675651874658 0.0854116296376906 0.0266580001567912
0.0978859374853673 -0.0581758749770855 0.0577008413487164 0.0881023972126739
0.13146961714264 0.0452861036143458 -0.00116071283657997 0.100787626700045
0.0946329942890447 0.134214950103132 -0.00891118335629961 0.0716067151121727
0.0351105600286375 0.138783438936117 -0.0121046455038635 -0.0350223963310743
0.0842977702212893 0.0959731781365439 0.0437526455549263 -0.0801322884746571
0.110007009086285 0.0204436082691841 -0.0393692873875001 -0.125466901745166
0.0655320577787867 -0.0644614354133356 -0.110427394409427 -0.0490740658570848
-0.0085610219669672 -0.0834108501922461 -0.0826788565518444 0.0406031335829558
-0.0577113367525135 -0.0494361482507855 -0.0251045243488285 0.0610430920727457
-0.0621676567968534 -0.0120662966406964 0.000694726634667774 0.0389639677983501
-0.0557792103496877 -0.00104555793485479 0.00436431382928595 0.00679917487276659
-0.0561868631084975 -0.00307295711453152 -0.000409473233503559 -0.0179460624359114
-0.0734119559358493 -0.0252476572178975 0.00828921677887639 -0.0488276000968427
-0.0569613533262535 -0.0688137141548613 0.0387454924504897 -0.0636160345260092
0.00293338827513698 -0.0933668280478785 0.0850336727300643 -0.00900622377132955
0.0931933765888611 -0.0655107694329123 0.070303365432475 0.0651262970946645
0.129931946728281 0.0400369132879011 0.00498504780738529 0.0871315244183357
0.0893967639144607 0.130256422476271 -0.0239932008052356 0.0304700391257737
0.0119389563977408 0.129556795157608 -0.017567710671778 -0.0924666020745589
0.0630120758397987 0.106766195432431 0.0410823760752284 -0.0987887751562334
0.10265615922627 0.0416501711996476 -0.014097183033176 -0.134811146834349
0.0739121542661697 -0.0514824099403682 -0.0821934156326483 -0.0826295926513443
0.00115487786723071 -0.0796833441076923 -0.0886027992541282 -0.0035920128633441
-0.0518454576079737 -0.0508779442713726 -0.0531588230128016 0.0377755723798825
-0.0606799497934972 -0.0144168417701532 -0.0272937034710654 0.0349171626781001
-0.0530012102455607 -0.00186993642803582 -0.0187296675588431 0.00619323999809996
-0.0510770018263625 -0.00287530941866466 -0.0223797039608416 -0.0184259209848174
-0.0650946083484363 -0.024376850617071 -0.0128437695574613 -0.0538392096928941
-0.0507186666250958 -0.0636058696911591 0.0198755644412128 -0.0793037334781904
0.00423653324506923 -0.0839145028070077 0.0792866769105274 -0.0329198548042462
0.0839648775515152 -0.052706958790994 0.073250686361324 0.0460271644713958
0.108104242663815 0.0425652727306294 0.00528320344173576 0.0730047408849628
0.0652510605631321 0.113362040367503 -0.0374193645347806 -0.00661270842477528
-0.00734865451189075 0.0920294364644372 -0.0164963379446021 -0.135866609376111
0.0305460311175114 0.0873315598416233 0.0414872477673771 -0.112655206508989
0.069252457830338 0.0457889137652359 0.00833405519266639 -0.132733932800691
0.0593652320967004 -0.0295026198748138 -0.0507960982557088 -0.102644192074657
0.00672803697560705 -0.058396307557658 -0.0855442421848149 -0.0401305743565836
-0.0370159112706109 -0.0405982847526085 -0.0751563057661273 0.0158320167458407
-0.0476239814786126 -0.0128189498194361 -0.0521036928494643 0.0288369982369817
-0.0418628038254877 -0.00342505386928587 -0.0385522233015875 0.00424378581953175
-0.0402358006142647 -0.00267197734612726 -0.0399021432723121 -0.0201103087089867
-0.0502733957275729 -0.0213270502934136 -0.0286716012057857 -0.0598595329693265
-0.0358342308825703 -0.0538204440968437 0.00861700303683408 -0.0887311877683708
0.0105718432372779 -0.0663837569709162 0.0754698480004787 -0.0471679912048949
0.0715478149368036 -0.0287037334342627 0.0715870810546838 0.0341204828737125
0.0736906918959754 0.046974986342859 0.00322876826895889 0.0594799765880638
0.0290215087652536 0.0870224821175595 -0.0445870583567307 -0.0360757818621447
-0.0217850725657066 0.0365809596256748 -0.0149346375624262 -0.159568553134383
-0.000392076968497264 0.046339059450299 0.0398269449868761 -0.117931523601475
0.0265736785934111 0.0315842568430947 0.0216228120155715 -0.12583399869922
0.0309196454816739 -0.00768666963183982 -0.0325938590788506 -0.109754390892109
0.0071261702982984 -0.0277978099528653 -0.0829089078706036 -0.0586205519563683
-0.0166996538867417 -0.0225752634123505 -0.0874293447518144 0.00212865332596308
-0.026562816291149 -0.00898322121941009 -0.0672500402610189 0.0245879502318593
-0.024066663966208 -0.00380772182443922 -0.0526135662921434 0.00180181557242626
-0.024624567749268 -0.00240099394790329 -0.0525537612812362 -0.024316967506673
-0.0310294618714764 -0.0156600700983466 -0.0374673225418394 -0.0652150689044382
-0.0204711348117275 -0.0388103526873161 0.00575229043483929 -0.0942702194402029
0.0158287448499834 -0.045277656816886 0.0771375763498354 -0.0529075904432426
0.0548349522239759 -0.00476081922954032 0.0699644130785746 0.0294794200289097
0.0349915610438575 0.0463561603736899 0.00103146195094062 0.0499506659019636
-0.0083189204974168 0.0518917268886804 -0.042383636650839 -0.0562911674036368
0.030122350083294 -0.0146974066600039 0.0608963436423475 0.0770332476056269
-0.00530852467007836 -0.026354487055654 0.040010450327119 -0.0551486673317034
-0.0245994417437616 -0.00690851544755703 -0.0674546811941241 -0.0414521496090936
-0.00829885893427657 0.0151298915272116 -0.0948123204249992 0.0556581742534061
0.00255612263020592 0.00938921173585085 -0.00938977470303064 0.109011299046701
0.00826340966602396 0.00401673732701244 0.0520240833373639 0.0732221854748489
0.00815390871129193 -0.000331925346129416 0.0639832063918497 0.0332454964922201
0.00131971497732052 0.000965726189856029 0.0625879462518613 0.000825324229417811
-0.00193907719042326 0.00364054872705468 0.0677361167539735 -0.0169431696335056
-0.00791485443298914 0.0043886695381199 0.0811475799557744 -0.00538208950438076
-0.00708316751700725 -0.00509205126868917 0.0812592952279844 0.0492400250578028
0.000290330955105158 -0.0126025631555416 0.0354942388349532 0.104443970690549
0.0131904479616767 -0.0155681190239264 -0.0161956812518181 0.113891246939633
0.0317767640547538 -0.00180688555759098 -0.0481662247544837 0.122926064005302
0.0435346599993899 0.0213200301380149 0.00513363618552688 0.159719198617204
0.0518361915546198 0.0291040139094468 0.0436053357564279 0.0759763300484086
0.0289331220389129 -0.00921492979624193 0.0431301787715448 -0.0511574692224931
0.00614536767509383 -0.0171022609891537 -0.0698553784233296 -0.0542058533446362
-0.00153639109374789 -0.0097168032603862 -0.105556834719686 0.0467271911081909
-0.00938437913100378 -0.0134495488381555 -0.0209033876794264 0.110162557503263
-0.013897668327524 -0.00630132693209119 0.0470468016367979 0.0788331265754783
-0.0130367454367493 -0.000597099575490021 0.0607109056728728 0.0359491031889147
-0.0196086710772157 0.00103273436024248 0.0579299475413233 0.00184304532393542
-0.025027927871542 0.000614373899893637 0.0596156080092818 -0.01851240140626
-0.0344751692267616 -0.00986858540270137 0.073115497991781 -0.0164111960576592
-0.0191909073426101 -0.0355030400187272 0.0822337771780515 0.0257147578809192
0.0175633971096984 -0.042056768092132 0.0540033150031888 0.0886009966973146
0.055865747755743 -0.0189144153101465 0.00694333679942481 0.112521662818324
0.0703643198836339 0.0318641214236344 -0.0303530032273694 0.117972664079357
0.0652064710635654 0.0759987520409244 0.00808540851621914 0.141413455166836
0.0618752905917187 0.0752962149763457 0.0240380586649784 0.0569412232680508
0.0621133255603339 0.0195785466349364 0.0453957324493574 -0.0537851048785399
0.0446494189285199 -0.0181685675358653 -0.0685342230385915 -0.0758347852935924
0.0141424343302019 -0.0369393915182489 -0.11698562927548 0.0269146141215228
-0.0185508365033367 -0.0397500837700216 -0.0395643290707941 0.102964708261181
-0.0356124608899377 -0.0199059921297369 0.0324504402166433 0.0807625311727455
-0.0340876963126922 -0.00291953501015209 0.0482403375723202 0.0377543428770274
-0.0377800297594539 0.00166420956086547 0.0458716416145199 0.00327329275348388
-0.0420808678071206 -0.000560486561315594 0.0433031154850197 -0.0189655891657874
-0.0568619285658513 -0.0176727590099128 0.0549458880917666 -0.0305602488527373
-0.0378092385865444 -0.0556597057346304 0.0745747704675824 -0.00748421214054397
0.0171422039801327 -0.0706869310891095 0.0742951192676138 0.0604158537621903
0.0840407517523323 -0.039000792700961 0.0359057526084555 0.102966335152394
0.107971289085471 0.0429660460263021 -0.0105900117536505 0.109560127484042
0.0867202716508104 0.111812565549506 0.00551535448907347 0.108393011343884
0.0563918338148024 0.114070578845516 0.00376992892753421 0.018833395019101
0.0845160539444864 0.0567891670088462 0.0441447262301892 -0.0639599817185816
0.0849769834449576 -0.00716880827826661 -0.0610037228123169 -0.100476846269877
0.0380093178791012 -0.0595448242964213 -0.121024725917263 -0.00492890360619604
-0.0195754671210036 -0.0654073636252703 -0.0609807641648896 0.08053742659238
-0.0523375311726283 -0.0340226915220965 0.00869336198969305 0.0753824876321678
-0.0516399690852244 -0.00571063289250099 0.0284882130205142 0.0393601973308652
-0.0501878501673907 0.00175107431039693 0.0274687232017064 0.00514030748561212
-0.0525556567498343 -0.00118980979453525 0.0217850761420973 -0.018477444649272
-0.070074595069084 -0.0202074766882077 0.0308727827256823 -0.0416327039475601
-0.053716354369751 -0.064220326827845 0.0567557873649235 -0.0395506378958448
0.00632017369817604 -0.0885176404876041 0.0846376369424613 0.0224449147646138
0.0929643025352029 -0.0611840895117441 0.0608579487598857 0.0829905424991737
0.129803996873678 0.038775740678238 0.00344616777942435 0.097932824829682
0.0989789383364726 0.125454761260731 -0.0061630234976724 0.0692167766103881
0.0397098285864905 0.133349909302521 -0.0122416840445465 -0.0338201468753887
0.0862728590489951 0.0894366396137234 0.0408096014721246 -0.0798140824359306
0.108563648538653 0.0151754327675813 -0.0441673345670385 -0.121374837249023
0.0610835142537292 -0.0659858148662174 -0.110016255463605 -0.043375857926246
-0.0128318645601728 -0.0805440460740281 -0.0792311513674544 0.0433567289930832
-0.0585292138419859 -0.0442595265758412 -0.0210471689290198 0.0607481219273465
-0.0608966855468584 -0.00854048848575445 0.00232643622860798 0.0387460249389992
-0.0544250095881447 0.00134572962824144 0.00447036424747972 0.00677353445623956
-0.0548992467915497 -0.000404968516524045 -0.000925682936001923 -0.0169119008951166
-0.0723652286585626 -0.0203707903818833 0.00579604002662924 -0.047581002257179
-0.0600024630508395 -0.0637037059505304 0.0340428245090639 -0.062783838959027
-0.00183820931264967 -0.0906990891764627 0.0827587043862696 -0.0118460324091713
0.0881848811197931 -0.0678725401807347 0.0725378364133451 0.0600437408752472
0.12862848468602 0.0335657540040148 0.00874002015248964 0.0839781104364555
0.0932263322031812 0.122400147680686 -0.0222899660674478 0.0295297348650527
0.0169267006545971 0.125473576263025 -0.0202219314494809 -0.0884064187341385
0.0657616039261964 0.100630132371706 0.0373659531935322 -0.0973114340708516
0.10218031754116 0.0358207964624629 -0.0193688985017708 -0.131125909136433
0.0686990853022886 -0.0538386738934519 -0.0838485039493058 -0.077516472520874
-0.0034338502912716 -0.0774795770004511 -0.0866476136849015 -6.38951439276866E-05
-0.0526111208557462 -0.0459850131683039 -0.0497122170653782 0.0394772602607726
-0.0593275793516413 -0.0101461561089777 -0.0251718208137692 0.0355877751172239
-0.0519911757315297 8.47325002851533E-05 -0.0175855193633615 0.00700312417869919
-0.0496972552246192 -0.000824607145509585 -0.0226398211694326 -0.0163141181216018
-0.0649276640972294 -0.0199048786611312 -0.0152735237863175 -0.0517330226706069
-0.0532333535487295 -0.0589366151852742 0.014761872542395 -0.0774347186342648
-0.000517685072511743 -0.0816589755270312 0.0764027990535242 -0.0355380858139178
0.0794218340184828 -0.0551748162444622 0.0743320928613174 0.041726910170352
0.107290804176386 0.0365553008375802 0.00781737315522575 0.0702706017879899
0.068996671970544 0.106745244287979 -0.0374924328656075 -0.00522146511009971
-0.00364257406038122 0.0893296120059602 -0.0215265547490534 -0.131261034474952
0.0336406283504649 0.0830497255885341 0.0366043061468612 -0.110700697311352
0.0699239211500689 0.0410062854377593 0.00294428020819941 -0.129364236014483
0.0558366096983164 -0.0316794433558693 -0.053686429835658 -0.098619082238422
0.00328071051222257 -0.0571869981636492 -0.0857624180694946 -0.0351975267579408
-0.0374096335053122 -0.036992292115195 -0.0719054280861856 0.0186886474474528
-0.0469123186703986 -0.00970234191590933 -0.0490799821985037 0.0317362835475296
-0.0409647469233904 -0.00177708391107042 -0.0378568365630946 0.00644500681523106
-0.0387719739400124 -0.00158151333635663 -0.0399313303788858 -0.0177844545934058
-0.0495575663429359 -0.0178249943192841 -0.030951147467409 -0.0563824833112678
-0.0385715761640085 -0.0498149687707702 0.003918486094933 -0.0861027609878369
0.00710477474064657 -0.0648755921110158 0.0723034863696354 -0.0491587062096814
0.0685239963337802 -0.0309681921953824 0.0717035113789462 0.0303194849144624
0.0736492263630889 0.0424647201243629 0.0051373036266599 0.0573107893407993
0.03285366492048 0.0831738054827889 -0.0452654352927142 -0.0334951031035035
-0.0200254787819045 0.0365938239938142 -0.020973568467336 -0.153661269974706
0.00167930454312619 0.0445383901024193 0.0344251838504265 -0.115705738990392
0.0274002129041849 0.0297537861336799 0.0155952576448377 -0.123851770734329
0.0292154814475976 -0.00942658202777915 -0.0359402461424105 -0.106150024055544
0.00535660371950224 -0.0273877077265807 -0.0836414845113903 -0.0537393581789088
-0.0169541124242626 -0.020161077317191 -0.0852422176645694 0.00683469776228794
-0.0261837576729126 -0.00729629822499551 -0.0644650845676753 0.0279079651198111
-0.0240391449475248 -0.00280044608252336 -0.0514108275813555 0.00510528081410854
-0.0238487287957526 -0.0017139825519389 -0.0519096129616752 -0.0206825548475379
-0.0301120910503335 -0.0135527015165604 -0.0399125212609204 -0.0615572973483168
-0.0217491768870216 -0.0361014290668286 0.000825257213035292 -0.0919040071084885
0.0134054406616157 -0.0452400134536555 0.072789069566007 -0.0547121000242862
0.0531238717316048 -0.00702424149825433 0.0697269642326762 0.0262816131557323
0.0355650774966008 0.0435049978909889 0.00296535274439277 0.0482587664568547
-0.00584309942615924 0.0510390202850351 -0.0442417135545692 -0.0520262037670842
0.0292928336892389 -0.0101085399301215 0.0504090004856708 0.0794633040397527
-0.00163142090094547 -0.0251350666647735 0.0449893864932829 -0.0497080904838911
-0.0219284365673182 -0.00938549396610375 -0.0585513771897575 -0.049425131245588
-0.0103454529736807 0.0126227264511999 -0.0952545753500798 0.0400382311531686
0.000628118371960472 0.00988405466136471 -0.0217370293533817 0.100486752477419
0.00636533528671317 0.00413895627989246 0.0404341102198483 0.0750304223169549
0.0076020317025409 3.50056350390277E-05 0.0573244696295427 0.0389289744960984
0.000874413332031681 0.000593036500689821 0.0603850765571149 0.00820952005347924
-0.00327583302567805 0.00315687359942022 0.0676662426006133 -0.0087056390517588
-0.00833297228182145 0.00339085366650121 0.0794227413376313 0.0053274266367584
-0.00635123332649474 -0.00683590747461319 0.0723025844492221 0.0582572281961601
0.00223910955695953 -0.0134240559113897 0.0211473295106732 0.106408232571792
0.0160984908172005 -0.0145467559415723 -0.0321315950474755 0.107906874667588
0.0317567424757545 0.00150343545990581 -0.0637717167369081 0.113453590507734
0.0399427490597253 0.0245339551365619 -0.0172118820422123 0.157132848784988
0.0446476301135783 0.0335863493847749 0.0335954676580748 0.0789871759096487
0.0279113262228279 -0.00451698580752535 0.0480872616321737 -0.0434379236225102
0.00767405143037557 -0.0149341033817638 -0.0572368491435359 -0.0603285111181528
-0.00088702435783744 -0.00960118937818079 -0.102665698212996 0.0305610914255955
-0.00773565520655664 -0.0138152702205384 -0.0316240122521007 0.100220414204872
-0.0126076987127513 -0.00859093985271891 0.034942684457504 0.0790730286565064
-0.0126335200426459 -0.00307009556314895 0.0534564571765035 0.040978114311975
-0.0191057918784758 -0.000967474956285941 0.0556931723260786 0.00913191899574787
-0.0245502762115652 -0.00269646160922659 0.0602135281720846 -0.0104459233571065
-0.0320843330775141 -0.0135884147457895 0.0727135696071041 -0.00614498716467395
-0.0147287207924206 -0.0362139855334145 0.0758729875923977 0.0371188579716273
0.0218339833695036 -0.039215585588279 0.0410068142805807 0.0951773950245316
0.0570017736394561 -0.0126227883259475 -0.0100378700628225 0.109695461814913
0.0645728472972428 0.038740903895813 -0.047659901625691 0.109048175718148
0.0544093903383986 0.0805052923407404 -0.0139397024244595 0.137124919499391
0.0471223439346846 0.0777340681714195 0.0139233937454082 0.0608631145491825
0.0548041835232044 0.0268972780528811 0.050996640932242 -0.0434448617377744
0.0443490787729038 -0.0100427272407736 -0.0532683783240343 -0.0783001167222623
0.0181093977652194 -0.0331507214057862 -0.109999440567194 0.0111957225881075
-0.0118889108077129 -0.0403313250928021 -0.0472186443675073 0.0911898812947363
-0.0313935157306866 -0.0238413437930111 0.021808867136537 0.0781627558876015
-0.0322984940278279 -0.00733215813478883 0.0416567968513329 0.0413271189783641
-0.0365127171551513 -0.00356830002932532 0.0432530948716236 0.00958588764460742
-0.0410054377772761 -0.00609734247075929 0.0445734694649235 -0.0126363307207915
-0.0524062026172914 -0.0236611008358732 0.0579774512270514 -0.020860490006128
-0.0298306618668849 -0.0578307220765362 0.0730233813370921 0.00524720136881073
0.0242813343558734 -0.0669878364780186 0.0655463371137484 0.0704225271395642
0.0862821789543914 -0.0291193154348847 0.0183536770104356 0.104841824945439
0.0992008357850447 0.053871498692808 -0.0293826660119978 0.103645674683906
0.0713148857963889 0.117439302253866 -0.0145946942123433 0.10364306271725
0.0376397244261136 0.112794421908085 -0.00286829029394492 0.0243867054320291
0.0705143825959852 0.0642774269122676 0.0505314088854729 -0.0511348074621211
0.0805735444599211 0.0050902639191089 -0.0427567011395387 -0.09776686827199
0.0440336515405039 -0.0502162907479369 -0.109599187692181 -0.0175063327116381
-0.0094668595282409 -0.0644585309449 -0.0636397254749403 0.0681725974377519
-0.0448091360429936 -0.0390845936492077 -5.37715181633056E-05 0.0693340344641807
-0.0480424039421589 -0.011877509640684 0.0229361533136004 0.0401521518649493
-0.0484845322310387 -0.00460333981275053 0.0253686489671509 0.009059924229301
-0.050454259023631 -0.00760343733370239 0.0244023261284971 -0.0144833217227688
-0.0651892466460066 -0.0274278593110116 0.036427882457695 -0.0344516546786593
-0.0444083784453907 -0.0680898944909851 0.0604208057427366 -0.0268053076357747
0.0156069502351141 -0.0845550995228259 0.0802234801184208 0.0354692228937062
0.0973103562949583 -0.0490722036257688 0.0445108195605713 0.0893925268419037
0.120504019590615 0.0521479562635344 -0.0150357704795508 0.0931476680286338
0.081034975134153 0.132844461853423 -0.0210513083708428 0.0632129444286381
0.0187209580689754 0.128779427051213 -0.0134201789804988 -0.0265823530772101
0.0677663392646769 0.0944537916941863 0.0478835364671874 -0.0646675341049863
0.0997939293044533 0.0294708986398603 -0.0246048839232415 -0.113067450907067
0.0668602027553223 -0.0535892951366839 -0.0943804808479292 -0.0512258717452017
-0.000923192688666508 -0.0780430316316176 -0.0758686524343993 0.031689878771457
-0.0490040302045936 -0.0497241311225532 -0.0258417312437728 0.0520993226258275
-0.0563232125159419 -0.0156246260212616 -0.00172158184107804 0.0366913293130089
-0.0526909533558449 -0.00595551333316289 0.0030764956012584 0.00742734765664843
-0.0522045488719214 -0.00751738445325017 0.00212822743217405 -0.0156971868328304
-0.0670282444626954 -0.0275693319717415 0.0132051463617321 -0.0431004658531472
-0.0501328134657152 -0.0685671116975809 0.0410550657260859 -0.0523085539743337
0.00843347477766071 -0.087431197774359 0.082677489316944 0.00156320251906673
0.0931692942141104 -0.0556547183486921 0.0591068504548994 0.0689967709504419
0.120233331990895 0.0471324505533684 -0.0079253775042424 0.080941711140067
0.0767766911941018 0.128289164277052 -0.0324097632320667 0.0229894267740289
-0.000591830625480783 0.117920128623129 -0.015742806691163 -0.0796802937557306
0.0469104844762371 0.102216940633526 0.0455797668402308 -0.0816181543742987
0.0907744479436988 0.0480857759112473 -0.00211526260375034 -0.119164853358174
0.0728468756087006 -0.0404460536138816 -0.0661754891887243 -0.0799121423667914
0.00838829189829271 -0.0736057585132869 -0.0779275799431422 -0.00913427483985723
-0.0427967832344551 -0.0503526919127229 -0.0497606471707893 0.0290917255670534
-0.0544454980515619 -0.0165679394546332 -0.0271150777597401 0.0303548489617697
-0.0496093472858729 -0.00695519884080245 -0.0192119643802959 0.0053786970829536
-0.0466644421630702 -0.00712331825236375 -0.0185868045882688 -0.0172997818842428
-0.0597407091037939 -0.0264320353546503 -0.00714569235771432 -0.0493692326594603
-0.0445562132412751 -0.062119323768408 0.0246755716935305 -0.068972832275353
0.00820256902573111 -0.0783699659336642 0.0788159318450679 -0.0225973474538853
0.0831994439691573 -0.0445755945264471 0.0640621355119681 0.0506920479389148
0.0987325321343325 0.0470538920761114 -0.00570811519849589 0.0674235317062261
0.0546007905955938 0.111408663081348 -0.0413553750166807 -0.0127921542726196
-0.0154408042384589 0.082168924146598 -0.0102054196361475 -0.122963421442162
0.0193382297434995 0.0810544485700439 0.0457888274847037 -0.0963872387834833
0.0598893449781391 0.0480176384449977 0.018141691108492 -0.116011390594422
0.0575704729169326 -0.0219791259119395 -0.0369091787215846 -0.0960903488257605
0.0109517067733568 -0.0535582175100729 -0.0736551033282011 -0.0423346849508172
-0.029828390665953 -0.0396804997456254 -0.0687503298132757 0.00807598670279082
-0.0426681448992585 -0.0145428768340023 -0.0494018957180821 0.0243602453818371
-0.0391565091928184 -0.00693956176967021 -0.0370957174454614 0.00220574363449733
-0.0364291134813497 -0.00612369651439799 -0.0357196832934227 -0.0210304936092724
-0.0449711565195396 -0.022919691548953 -0.0220988751271792 -0.0559484601328862
-0.0312047901850647 -0.0518212828288778 0.014622210533258 -0.0792326628323377
0.0136414395938853 -0.0615046232706453 0.0762425596549501 -0.0368077846852577
0.0695220137625437 -0.0229169032479465 0.0642678078125172 0.0392121045480725
0.0663689852192561 0.0492168574523357 -0.00518887053525422 0.0543032607425639
0.0222791208022256 0.0838031319415528 -0.0440469181345324 -0.0405614628609275
-0.0231555061291127 0.0310684206052501 -0.00472236286173797 -0.146522066229324
-0.004664596819664 0.0409394508748796 0.0445279738132314 -0.102983124740969
0.022044269097021 0.0313555143661686 0.0290033292326335 -0.111638773117017
0.0290990062113696 -0.0043910825275732 -0.0201422375654927 -0.102373924382044
0.00875554763770819 -0.0248314053794723 -0.070865580012237 -0.0595890159136554
-0.0125063907838585 -0.0213333285801029 -0.0807454060741848 -0.00397363380096924
-0.0234668203479812 -0.00960495410490197 -0.0641970399287869 0.0193087357704799
-0.0225740794194786 -0.00558082973097659 -0.0502230093193217 -0.000742563442049356
-0.0221178703456893 -0.00431078742937944 -0.0470071874669874 -0.0254641555608659
-0.0268648188966785 -0.0160724391670425 -0.0304303683964477 -0.0623988548551252
-0.0166499064727392 -0.0367255509340113 0.0119026942808151 -0.086670247960054
0.01653133409613 -0.0407181327458372 0.0770511575601332 -0.0427481739200348
0.052207198535839 -0.00189045655962267 0.0622762226894553 0.034171840719788
0.0294109250116068 0.0456069832629277 -0.0052962682630061 0.045172293001203
-0.0109451881014759 0.0490204960407556 -0.0386424600944485 -0.058394943463937
0.029353354775391 -0.00906061647504384 0.0480920827293538 0.0776983559627723
-0.00105798594084499 -0.0241347500494066 0.0455225771228978 -0.0483106921944352
-0.0210866374745798 -0.00956486614437575 -0.0561552975765164 -0.0508791701843076
-0.0100991414106639 0.0121376754540944 -0.0935091369810636 0.0371740215920214
0.000305303503090337 0.00902621318186158 -0.0234617656742998 0.0984428946583025
0.00588438819649164 0.00415629351764743 0.0379704362656436 0.0737769889579222
0.00716520225152661 -0.000266389592272677 0.0553661620578649 0.038740508089039
0.000606968174515677 0.000958104308721353 0.0593605039161886 0.00865571096552797
-0.00324827236788231 0.00348696397081294 0.0664328579616084 -0.00756182435637226
-0.00837419009285306 0.00286184388415082 0.0769966241857223 0.00678303589943517
-0.00645864547434268 -0.0065413879301704 0.0698397412303284 0.0590351515631032
0.00207564471386606 -0.0132327623422906 0.0184930995908558 0.104966128273111
0.0163297966835415 -0.0134635729914209 -0.0351585337992316 0.104610575934746
0.0309502592097604 0.0028243021150405 -0.0661291022149219 0.109446669960946
0.0386795780198966 0.0252429836444542 -0.021177495679721 0.15209081440845
0.0419440068711268 0.0335714851157796 0.0315548905161558 0.0770463992086068
0.0271238302876723 -0.0038162062014893 0.0492348249813637 -0.0421103384984489
0.0074755232121973 -0.0142692081242501 -0.0545080743337918 -0.060722575516025
-0.000560734909686382 -0.00896144876513976 -0.100772920038462 0.0274805885699454
-0.00761423962513384 -0.0135152119230596 -0.0332554643048859 0.0975107997516777
-0.0127030394476661 -0.00842033460173746 0.0327574907225947 0.0776618991161226
-0.0120160485960494 -0.00335581504571032 0.051280095985401 0.0409961923948692
-0.0191954982369065 -0.00166917088690175 0.0544390555082191 0.00978987310655622
-0.0238150227174905 -0.00290875498099192 0.0589981409887208 -0.00933653373214814
-0.0312364200112146 -0.0137918987298557 0.0715062741210451 -0.0045820166424585
-0.0137818775215837 -0.0360277617703173 0.0737370090825751 0.0383931501105242
0.0220565991939831 -0.0380574700373144 0.038207760894195 0.0942989487154398
0.0566869322745143 -0.0108115922081476 -0.0135725951537813 0.106786315844057
0.0627929523838892 0.0399988120179245 -0.0494376318634489 0.105196193859079
0.051484904661135 0.0794103679253957 -0.0177532173970849 0.132565119636588
0.0438070664107973 0.0765522124221281 0.0137746355922171 0.0589680001241955
0.0520749540596792 0.027750245912438 0.0522019801359819 -0.0425527752176867
0.0433187607750232 -0.00893259320806032 -0.0498135182315409 -0.077579889192471
0.0181493180287908 -0.0314708897922975 -0.10808230940271 0.00845418690610678
-0.0112750940744954 -0.0395289239671303 -0.0480593465717359 0.0879062159331362
-0.0301722696533572 -0.0235720845001767 0.0198985311369154 0.0766510110052772
-0.0312887180513639 -0.00796694495464038 0.0401419902807943 0.041130021963049
-0.0361148636794993 -0.00402650352732506 0.0426392748717149 0.0102097251320124
-0.040388724877149 -0.00631407918770643 0.0444390629049714 -0.0110044189786544
-0.051011412239873 -0.0236752128694828 0.0569375463554692 -0.0193716424796474
-0.0286077695600063 -0.0566362165048551 0.071832387116787 0.00769207704584033
0.0255766168845599 -0.0647628067734528 0.062230838610093 0.0700393050710814
0.0853644111007994 -0.026105851332245 0.0154568787527899 0.102605089850427
0.0960051910509543 0.0556959515236251 -0.0319451221469231 0.0997094231882162
0.0676526275331027 0.116479452403153 -0.0173775887305853 0.0995894926225558
0.0337492917919526 0.110964074568259 -0.00242903434436953 0.0235577272849209
0.0669676687031658 0.0640179313510635 0.0524841973322318 -0.0485753055039078
0.0785856070791304 0.00716302717640394 -0.0385341852000451 -0.0969640968369349
0.0437744410894836 -0.0480631632003879 -0.10719316045888 -0.0204180006463729
-0.00826317436892618 -0.0628947324749913 -0.0640011152571928 0.0649237343301863
-0.0427963195574217 -0.0383416128901109 -0.00132050255264372 0.0677302266944393
-0.0466389132137324 -0.0123545966466381 0.0211120100309942 0.039865765616288
-0.0472390625410429 -0.00588370700697391 0.0244467263889878 0.00891513463119125
-0.0494351675274421 -0.00797884184116845 0.0246564997722596 -0.0136622796444672
-0.0633706622950979 -0.0270548605886213 0.0362952656636325 -0.0328699927958242
-0.042638977953008 -0.0665558136126486 0.0591717940911247 -0.0243408156440637
0.0165024116719108 -0.0823050316471054 0.0778960060291618 0.0360652562657107
0.0965143678946716 -0.0459966182147488 0.0417450256873078 0.0883034853142205
0.117091064634071 0.0539668847814943 -0.0181461144552221 0.0903330737561657
0.0770322739375864 0.131411420603068 -0.0225600970135194 0.0608101994458803
0.0157902911349449 0.12645261013533 -0.0116098873247509 -0.0261252828909066
0.0633176207232372 0.0937426107459927 0.0495118028443848 -0.0621344640958895
0.097187017158905 0.0310386250589174 -0.0207539405545626 -0.110578772268481
0.0658804368279919 -0.0506519598968797 -0.0909807342273452 -0.0529709536778289
-0.000129851275341739 -0.0759819729979634 -0.0747702866156418 0.0287404457357965
-0.0472292556432149 -0.0487499315457508 -0.0258246828657055 0.0501490113986167
-0.0553086337861736 -0.0158765525307751 -0.00201331261520992 0.0358014981105269
-0.0511486470995129 -0.00706199117080459 0.00324697490409766 0.00734058892689818
-0.0510473775140978 -0.00837978461040354 0.0031528310963041 -0.014874878273451
-0.0654203461805514 -0.0271277825794135 0.013917725029407 -0.0421397433619811
-0.0483081947569257 -0.0665896819903962 0.0412526307105248 -0.049524430699871
0.00984056354063553 -0.0848287798785518 0.0814681888551647 0.00349167199490033
0.0921323266729407 -0.0530881934301459 0.0567734929298176 0.0683552093408245
0.116647188762515 0.0481674194387177 -0.0112073067831405 0.0792014838976242
0.072489698057872 0.126836455720294 -0.0328975355431515 0.0209398568848783
-0.00391884313327035 0.115122815100886 -0.0122723663063013 -0.0780065458185306
0.0428826446824894 0.100479230594503 0.0481347149332335 -0.0784377309230398
0.0878323315982294 0.0490228544464469 0.00103821249132313 -0.115672460642038
0.0718795101169132 -0.0383698562181575 -0.0626196271286917 -0.080224485023411
0.00869596313370173 -0.0714622549124787 -0.0759141323164004 -0.0110797507815646
-0.041056792233581 -0.0492028973408253 -0.0496979049088981 0.0274581834807952
-0.0527323891587885 -0.0171740861403073 -0.0272264100072295 0.0300562818083723
-0.0487354247213061 -0.00773606060531235 -0.0179676724809491 0.0047953634728174
-0.0459016687432937 -0.00825826257051924 -0.0176134849774902 -0.0170070065864173
-0.0578229286682377 -0.0262644507497162 -0.00613478308619754 -0.0488329946215374
-0.0425350164321657 -0.0612477590846506 0.0246639628425296 -0.0666710615719349
0.0091639307639792 -0.0754778654357726 0.0782495077340193 -0.0200479165632315
0.0820988347717333 -0.0420308672541507 0.0618450396965159 0.0511197491219187
0.0958879423843579 0.0479712671900745 -0.00791721506491284 0.065941066731416
0.051340522188126 0.109035286543031 -0.041288855889611 -0.0137851593094529
-0.017686735411736 0.0801425163135243 -0.00632214065966284 -0.119475240206348
0.0164148946272716 0.0792947732677547 0.0473185629416223 -0.0923395950312504
0.0574768980418095 0.0481096808387737 0.0209197297908757 -0.112581917682439
0.0562116591184302 -0.0198327253706269 -0.0332001035877437 -0.0958794397008618
0.0117554380942489 -0.0517638152201889 -0.0714465920413743 -0.0437416994116541
-0.0281225492677143 -0.0385673675157663 -0.0673952784619519 0.00679079996033752
-0.0412636644585041 -0.0150792593524963 -0.0490609575943941 0.0236272732847073
-0.0380981855214387 -0.00791018152804084 -0.0366764294868252 0.00196748063801718
-0.0360147621290873 -0.00740635736321836 -0.0344592838735009 -0.0205206388467495
-0.0436420071179776 -0.0226399535936207 -0.0206241599064011 -0.0548145985357252
-0.0298777210759273 -0.0509125491769198 0.0157848312592955 -0.076696129145741
0.0140437704741569 -0.0590046017968078 0.07525058926186 -0.0345125327396843
0.0687198452744913 -0.0217953272195588 0.0616807733291359 0.0399702393770917
0.0634578751937823 0.0493076285936898 -0.00710641672268166 0.0532175397246421
0.0197835318790696 0.0829673751669831 -0.0431492990088445 -0.040712201563235
-0.024165451096618 0.0295241235397964 -0.000295022147586103 -0.142499523736951
-0.00615272353606727 0.0397537787128981 0.0462617172092904 -0.099111946613831
0.0207319771677239 0.0311710622356852 0.031305506264858 -0.107817306850652
0.0286342077467423 -0.00381458987006142 -0.0170216618637105 -0.101706407990606
0.00877246504128137 -0.0241338252685269 -0.0679306481247988 -0.0604032976194209
-0.0116134742961429 -0.020775422317772 -0.0784661328149374 -0.00495158701311173
-0.0228606737766102 -0.00961788941745627 -0.0626461668639122 0.0184804369571466
-0.0225716053864442 -0.0069081721216748 -0.0492329238120984 -0.00146577545335661
-0.0213389223900942 -0.00503188052923459 -0.0456622396112619 -0.0254151770392433
-0.0260049806586223 -0.0157486324119801 -0.0289045600474935 -0.061738747256924
-0.0155608390779742 -0.0354384802411491 0.0138837637386339 -0.0843000342876018
0.0175480913079416 -0.0391001087483567 0.076487107534291 -0.0400930368803781
0.0508676236391602 -0.000780946430878915 0.0609951890242384 0.0349790409488063
0.0280596078567313 0.0451236318689157 -0.00715224012153972 0.0442963916562692
-0.0124239304151914 0.0475745129131818 -0.0365714345847281 -0.0569972214064109
0.0292228817869462 -0.00786284532845001 0.047218340481291 0.0787337874281497
-0.000488239807261136 -0.0245007368412823 0.0475683247951538 -0.0488848160188096
-0.0207924471874006 -0.00988698620815548 -0.0551651361918504 -0.0542604853304068
-0.0105171346094471 0.0121231153155593 -0.0959997199924562 0.0343890764497201
-0.000102718144881662 0.00949315672295003 -0.0266244470951393 0.0991903844024887
0.00609579224721292 0.004176804683778 0.0361162901288405 0.0757146471639037
0.00687220995994594 -0.000851215757495324 0.0552949614826532 0.0412120773132657
0.000448884453089409 0.00114223982373655 0.0607596591014584 0.0101900572308187
-0.00344758732396197 0.00339674278168099 0.0678737335002956 -0.00620210939104786
-0.0086053941558784 0.00277259036653193 0.078212868413242 0.0085348621497599
-0.00620877039802932 -0.0069719482456468 0.0698342719322863 0.0620869041335
0.00315004777018137 -0.0131091801025432 0.014972859462589 0.107431587452348
0.0173375015330142 -0.0129086243301384 -0.0403572009477036 0.104795820495499
0.0314034755602101 0.00430935503802546 -0.0709708165933 0.108722403423914
0.0382160330415484 0.0263962880040327 -0.0271050508931822 0.152249387208882
0.0414627201633057 0.0354080574674802 0.0305302613228032 0.0775419238755477
0.0274528016791773 -0.0022696437668119 0.0518337023772985 -0.0418201457199872
0.00807583647359531 -0.0137749189669464 -0.052737474291929 -0.0644844947746176
-0.000153028372301396 -0.00940436389161514 -0.10338332999303 0.0247888786872251
-0.00773950612494805 -0.0138047894281348 -0.0365422112939196 0.0980426731661473
-0.0125182176362929 -0.00912757676247271 0.0309665943446712 0.0795392008141284
-0.0120381773885535 -0.00435685174251363 0.0509009405645375 0.0430521267861887
-0.0194127538879877 -0.00224708885779489 0.0556968770523837 0.0112062058494622
-0.024552489870177 -0.0033528474098718 0.0606124160017576 -0.00763803746897796
-0.0311735914649798 -0.0143390411103952 0.0727917351837074 -0.00298328632285407
-0.0138969672680068 -0.036773358302732 0.0742020352105091 0.0412739981414424
0.0234372338409788 -0.038306800990306 0.0360746236648948 0.0971866512576653
0.0573653042212294 -0.00865727343663686 -0.0182089782374165 0.107435541907162
0.0624026897897531 0.0423687259608522 -0.0549029593408986 0.1058115089862
0.0494815358050296 0.0820244895154587 -0.0224833983249951 0.132675268039819
0.0417198886722557 0.0790282425495229 0.0126168994673355 0.0592439869884307
0.0514981402700788 0.0297853811158038 0.0552635617581959 -0.0416230275539011
0.0445264770329984 -0.00767995282454138 -0.0476634595007585 -0.0815677800412433
0.0194245899453328 -0.0312818948010198 -0.110145583915706 0.00429231035326733
-0.0107821926789588 -0.039858593873404 -0.0513714022136151 0.087238764708769
-0.0298703625391558 -0.0247881225156324 0.0175870258902765 0.0777672497603561
-0.0310370780695044 -0.00923334456562643 0.0391100267418374 0.0435073750111094
-0.0365115719280856 -0.00500140169820957 0.0432456606723457 0.0107209089779785
-0.0405330306653929 -0.00749911580277169 0.0461156978999488 -0.0102723022299043
-0.0515431108775908 -0.0246262052059197 0.058283547741237 -0.0183578851010577
-0.0281229734540671 -0.0581821321622813 0.0723519293161998 0.0101395072464967
0.0274779159807806 -0.0642741195690289 0.06165066937652 0.0735759434461706
0.0876920604249798 -0.0236375062408734 0.012276068075325 0.104371695539859
0.0956933019741765 0.0591326674343218 -0.0363935938325539 0.0998581805319807
0.0646417967773037 0.119486648946792 -0.0209076496602566 0.0997410198283805
0.0302768440915754 0.113691097199808 -0.00234532600436649 0.0229165414581072
0.064949704546577 0.0672268421507971 0.0563714969577395 -0.0477116200860267
0.0792805762179053 0.00932855642070456 -0.0351031427975194 -0.100509220762876
0.0456257641230396 -0.0475542118592662 -0.108081875602876 -0.0245057736046341
-0.00714729030815188 -0.0636345172534052 -0.0666467195631194 0.0638204086560831
-0.0424363783069608 -0.0395125204227118 -0.00306994412721492 0.0685151342643972
-0.0471729915851736 -0.0140272917522597 0.0198752843936847 0.0408418247160027
-0.0483166236623597 -0.00786750702033484 0.0249207039862049 0.0100995843863357
-0.0500453701620955 -0.00929316164251126 0.0254546815659923 -0.0126807414182775
-0.0639506540054357 -0.0283493778929905 0.0379551914937411 -0.0320846860523964
-0.0422767512574313 -0.0680113957309798 0.0606542468955516 -0.0223670926124563
0.0197570655087933 -0.0819487940155175 0.0776332612216495 0.0400428662670343
0.0991217139860357 -0.0441989047446766 0.0388292665904362 0.0902726276834928
0.117008739594338 0.0577925803246405 -0.0221858060084982 0.0913899246195335
0.074088677829483 0.134559552834768 -0.0257641256081984 0.0599416207938019
0.0109574847422376 0.128156454539468 -0.00988511693197605 -0.0265711640629407
0.0605160595945842 0.0967850541860542 0.0543104114486778 -0.060379257888571
0.097650406352721 0.0343978143871515 -0.0165061129350563 -0.112605628505061
0.0680857811467401 -0.049169515290566 -0.0908578837365762 -0.056978688050776
0.00171777559231042 -0.0766832579979821 -0.0769989165774927 0.0266333413336852
-0.0456487195995702 -0.0500588834850956 -0.0279046942421034 0.0500159963405346
-0.0546008254960048 -0.0176743948037121 -0.00342283053386456 0.0366138488411074
-0.0524328318251891 -0.00926858822244441 0.0031342922797909 0.00819482483313759
-0.0509564261206572 -0.00964118659498225 0.0041745446457513 -0.0153282724845801
-0.0656039687133344 -0.0287325764018938 0.0151041222394183 -0.0419479806109423
-0.0476903022643109 -0.0686580317735955 0.0430343172498175 -0.0482803886137335
0.0117031426808221 -0.0852805761216599 0.0825451464053687 0.00639895639827244
0.0949977073258458 -0.0512066041351199 0.0549581163000393 0.0714304487451178
0.117193830581731 0.0522305994056205 -0.0143142885624046 0.0793945391302642
0.0693606706747258 0.130237313445911 -0.0345790363848676 0.0198260744547027
-0.00844624058947564 0.116902206193335 -0.00838497507433649 -0.0791798385939647
0.0396943223094157 0.103297408805084 0.0523416005753653 -0.0767686305244617
0.087491558467566 0.0523222087334632 0.00630328363057137 -0.117045570538537
0.0737122738620017 -0.036497464699296 -0.0607495740464167 -0.0836602295673995
0.0102528649801567 -0.0721925990310586 -0.0773937657337251 -0.0147486152866841
-0.0397965990009559 -0.0503873485665361 -0.0504032433795097 0.0264455748670693
-0.0530120970780098 -0.0187957541330938 -0.029407671285765 0.0299580435967194
-0.0496743800160805 -0.00952497377113996 -0.0185547838044578 0.00476800949486011
-0.0457773042187714 -0.00981041588971063 -0.01717031822468 -0.0171446267648588
-0.0576755236931801 -0.0268093062948435 -0.00457338943535119 -0.0495534306325941
-0.0423177981717663 -0.0622532709485773 0.0270322385087897 -0.0653462587099642
0.0114766875366952 -0.0760590514332159 0.0800709536092549 -0.0179436145794534
0.0848479820819012 -0.0406206929181896 0.0611877911809183 0.0535734744005657
0.0959267945221237 0.0513051081072742 -0.0118570938759699 0.0659870972609544
0.0485197795990355 0.111658458660258 -0.0421065054924101 -0.0157756835777424
-0.0204367245187522 0.0801669139445049 -0.00137845300903254 -0.121000842588517
0.0138575679667906 0.0811237049907982 0.0531112529242425 -0.0909064690149706
0.0571632834460029 0.0505275438129535 0.025665286307557 -0.112684266507926
0.0576428906535687 -0.0187953763288429 -0.0303402468044878 -0.0986694684521595
0.0129376548452775 -0.0517139136551831 -0.0713220351594224 -0.047602924429232
-0.0270418456260184 -0.0396360583204184 -0.0685299900219284 0.00541203075986056
-0.0413018851686507 -0.0161565263858726 -0.049989547846738 0.0233601254479865
-0.0388928328429271 -0.0094202417050303 -0.0376859316461717 0.00100362569657649
-0.035637731622124 -0.00879832426360945 -0.0334356785004534 -0.0217738222989436
-0.0436593040055734 -0.0232656356479569 -0.0191544564773113 -0.0561266280188237
-0.029216487438625 -0.0517782396523164 0.017306805701816 -0.0769498234905595
0.0155113560234024 -0.0592491567686489 0.07747816901913 -0.0324251064798333
0.0705079783919778 -0.0195951082516868 0.0616692487887653 0.0422648756377411
0.0636307893751721 0.0514256179846987 -0.0100012013449452 0.053050057578512
0.0178741060384165 0.0837996041252334 -0.0431582188971742 -0.042210019516863
-0.0256512339950906 0.0291430104792282 0.00494969746411678 -0.143930562530521
-0.00842962790308429 0.0401188862678854 0.0513093117774567 -0.0978751351450208
0.0200093346958266 0.0313930326099664 0.0361921887740801 -0.107576063557752
0.0288141071530744 -0.00277907190476204 -0.0134652154377379 -0.104098249100164
0.00913336225719999 -0.0233807268700339 -0.0677005004985313 -0.0639084798303711
-0.0109455744199866 -0.0213106398199412 -0.0796480892415435 -0.00726304376326005
-0.0222912877136426 -0.0103383636037092 -0.0637611013202657 0.0178819344429894
-0.0221343152758506 -0.00766338453976223 -0.0501291389339557 -0.00176889410928415
-0.0209875982291856 -0.00665036763323815 -0.0450805450955036 -0.0266043342319969
-0.0256324687358845 -0.0170418217712058 -0.0269009630991033 -0.0630598174855011
-0.0148510598416619 -0.0362646803228232 0.0161305873973564 -0.0840245498349575
0.0179797802099593 -0.0393016635556655 0.0788863828329609 -0.0385012363817979
0.0515867100588667 0.000321712932228646 0.0612862594346039 0.0372980127248894
0.0270917907201059 0.0467145928402136 -0.00890383894957011 0.0444796879994177
-0.0141494508413239 0.0471941022010115 -0.036091308397638 -0.0583734820192508
