TRXV5
3
4
4
9
string Extension=J
integer IsArchMeasurement=1
integer IsSpherical=1
string Generator=SPM
string GeneratorVersion=1.3.1 Dev
double ArchRadius=0.449999988079071
integer FrequencyAxisIndex=0
integer AzimuthAxisIndex=1
integer ElevationAxisIndex=2
Frequency
5 136 690000000 960000000 LIN
Azimuth
7 8 0 2.74889357189107 LIN
Elevation
7 15 -2.74889357189107 2.74889357189107 LIN
Polar H Real Part
13
Polar H Imaginary Part
14
Polar V Real Part
13
Polar V Imaginary Part
14
Polar H Magnitude (dB)
12 0xC0000002 0 1
Polar H Phase
7 0xC0000003 0 1
Polar V Magnitude (dB)
12 0xC0000002 2 3
Polar V Phase
7 0xC0000003 2 3
-0.0138587951660156 0.0351028442382813 0.0550765991210938 -0.00727462768554687
0.0227890014648438 0.0281696319580078 0.0258693695068359 0.0111789703369141
0.0254001617431641 -0.00294876098632813 0.0283699035644531 0.0237808227539063
0.0139799118041992 -0.0153570175170898 0.0529289245605469 0.0142021179199219
0.00337982177734375 -0.0183086395263672 0.0584754943847656 -0.0116500854492188
-0.00806236267089844 -0.0214900970458984 0.0483894348144531 -0.0367965698242188
-0.00959396362304688 -0.0177249908447266 0.0352363586425781 -0.0402183532714844
-0.00625419616699219 -0.0169878005981445 0.0242443084716797 -0.0289325714111328
-0.00119209289550781 -0.0233287811279297 0.0139989852905273 -0.0138731002807617
0.0142154693603516 -0.0177402496337891 0.00110006332397461 -0.0073246955871582
0.0237312316894531 -0.00153160095214844 -0.0160961151123047 -0.0193386077880859
0.0198554992675781 0.0134181976318359 -0.00941848754882812 -0.0426788330078125
0.000694274902343749 0.0263175964355469 0.0294265747070313 -0.066009521484375
-0.0161380767822266 0.0293426513671875 0.0514335632324219 -0.0597381591796875
-0.0321826934814453 0.0226116180419922 0.0332145690917969 -0.0408744812011719
-0.0316200256347656 0.0445709228515625 0.0484733581542969 0.0068359375
0.00910568237304688 0.0458717346191406 0.0212554931640625 0.0254592895507813
0.0251045227050781 0.0154914855957031 0.0283699035644531 0.0352668762207031
0.0238170623779297 -0.000885009765625 0.0556869506835938 0.0250625610351563
0.0181159973144531 -0.0125503540039063 0.0620803833007812 -0.00181961059570313
0.00964927673339844 -0.0237445831298828 0.0544395446777344 -0.0299606323242187
0.00523185729980469 -0.0250034332275391 0.038543701171875 -0.0323753356933594
0.00693702697753906 -0.0220127105712891 0.0249195098876953 -0.0215530395507813
0.0137615203857422 -0.0279655456542969 0.0120029449462891 -0.00510215759277344
0.0287818908691406 -0.0170249938964844 -0.00331354141235351 0.00146293640136719
0.0348873138427734 0.00535202026367188 -0.0244083404541016 -0.0114841461181641
0.0265331268310547 0.0250568389892578 -0.0215263366699219 -0.0370445251464844
-0.00146865844726563 0.0403480529785156 0.0135917663574219 -0.0652236938476563
-0.02734375 0.0415306091308594 0.0330924987792969 -0.0555152893066406
-0.046295166015625 0.0330314636230469 0.0166225433349609 -0.0349254608154297
-0.0476760864257813 0.0460433959960938 0.0335845947265625 0.0237293243408203
-0.0100555419921875 0.0569686889648437 0.00931930541992188 0.0424079895019531
0.0171108245849609 0.0350589752197266 0.0247917175292969 0.0497665405273437
0.0293216705322266 0.0181236267089844 0.0540008544921875 0.03704833984375
0.0313301086425781 -0.00116729736328125 0.0612335205078125 0.00938796997070312
0.0280818939208984 -0.0215644836425781 0.055816650390625 -0.0194778442382813
0.0202274322509766 -0.0285167694091797 0.0371665954589844 -0.0224876403808594
0.0188922882080078 -0.0238208770751953 0.0216102600097656 -0.0105609893798828
0.0249137878417969 -0.0288257598876953 0.00687360763549805 0.00507640838623047
0.0370750427246094 -0.017059326171875 -0.0103569030761719 0.0116891860961914
0.040679931640625 0.00720977783203125 -0.0331802368164063 -0.00141525268554688
0.0322780609130859 0.0292282104492187 -0.0335826873779297 -0.0283737182617187
0.00231170654296875 0.0476799011230469 -0.0045928955078125 -0.059906005859375
-0.02825927734375 0.0506134033203125 0.0127792358398437 -0.0458984375
-0.0519943237304688 0.0406875610351563 -0.00422096252441407 -0.0239734649658203
-0.0573883056640625 0.0403785705566406 0.0114402770996094 0.0390701293945313
-0.02783203125 0.0590057373046875 -0.00955963134765625 0.0591545104980469
0.005096435546875 0.0489082336425781 0.0153732299804687 0.0641670227050781
0.0283164978027344 0.0354537963867188 0.0465736389160156 0.0490455627441406
0.0387763977050781 0.0123863220214844 0.0541267395019531 0.0201835632324219
0.0422477722167969 -0.0146064758300781 0.0501594543457031 -0.00706863403320313
0.0323944091796875 -0.0264835357666016 0.0301666259765625 -0.00963211059570313
0.0272731781005859 -0.0220718383789063 0.0141544342041016 0.00126838684082031
0.03179931640625 -0.0258827209472656 0.000258445739746097 0.0170955657958984
0.0411186218261719 -0.0157623291015625 -0.0175800323486328 0.0225467681884766
0.0417289733886719 0.00666046142578125 -0.0395469665527344 0.0101242065429687
0.0344905853271484 0.0277881622314453 -0.0418815612792969 -0.0166206359863281
0.00729751586914063 0.0476455688476562 -0.0186729431152344 -0.0484390258789063
-0.0244026184082031 0.0511016845703125 -0.00347518920898438 -0.0300025939941406
-0.0514717102050781 0.0418052673339844 -0.0231380462646484 -0.00972366333007812
-0.0558128356933594 0.0287284851074219 -0.0129013061523437 0.0486946105957031
-0.0383567810058594 0.0494918823242188 -0.0328369140625 0.0692176818847656
-0.00909423828124999 0.0508308410644531 0.0015716552734375 0.0735931396484375
0.0194244384765625 0.0459938049316406 0.0339584350585938 0.0561637878417969
0.0373573303222656 0.0233078002929688 0.0415496826171875 0.0253753662109375
0.0474052429199219 -0.00447463989257813 0.0378646850585938 0.0032958984375
0.0382499694824219 -0.0200462341308594 0.0180091857910156 0.00249290466308594
0.0309066772460938 -0.0174198150634766 0.00407600402832032 0.0131998062133789
0.03466796875 -0.0204830169677734 -0.00799179077148438 0.0282459259033203
0.0401420593261719 -0.0116081237792969 -0.0234642028808594 0.0316600799560547
0.0388336181640625 0.00774765014648437 -0.0431327819824219 0.0197944641113281
0.0304508209228516 0.025482177734375 -0.0450210571289063 -0.00633239746093751
0.0060272216796875 0.0420188903808594 -0.0247001647949219 -0.0347099304199219
-0.0216789245605469 0.0440406799316406 -0.0138025283813477 -0.0115242004394531
-0.04754638671875 0.0342483520507812 -0.0404396057128906 0.00440216064453126
-0.0417213439941406 0.0142860412597656 -0.0336456298828125 0.0529212951660156
-0.0357589721679687 0.0309181213378906 -0.051239013671875 0.0723419189453125
-0.0161247253417969 0.0392265319824219 -0.0126876831054688 0.0752334594726563
0.007232666015625 0.0411338806152344 0.0195846557617188 0.0558013916015625
0.0262031555175781 0.0264854431152344 0.0264644622802734 0.0262355804443359
0.04046630859375 0.00522613525390625 0.0221405029296875 0.00947189331054688
0.036376953125 -0.00980758666992188 0.00450992584228516 0.0125999450683594
0.0296497344970703 -0.0096435546875 -0.00590896606445312 0.0229015350341797
0.0331535339355469 -0.0119609832763672 -0.0158843994140625 0.0367240905761719
0.0361175537109375 -0.00394439697265625 -0.0301132202148438 0.03839111328125
0.0320243835449219 0.0114631652832031 -0.0455474853515625 0.0260276794433594
0.0221405029296875 0.0255947113037109 -0.0451164245605469 -0.000659942626953126
-0.00128555297851563 0.0345497131347656 -0.0271873474121094 -0.0243415832519531
-0.0225715637207031 0.0298194885253906 -0.0188846588134766 0.00160408020019531
-0.0411567687988281 0.0181655883789062 -0.0527610778808594 0.0156517028808594
-0.0194110870361328 -0.00197792053222656 -0.0443840026855469 0.0529060363769531
-0.0216293334960937 0.00936126708984375 -0.0610504150390625 0.0681495666503906
-0.0148849487304687 0.0184879302978516 -0.0221328735351563 0.071929931640625
-0.00429153442382813 0.0250949859619141 0.008544921875 0.0518760681152344
0.0102081298828125 0.0213279724121094 0.0162601470947266 0.0241050720214844
0.0251808166503906 0.0122203826904297 0.00825691223144532 0.0122413635253906
0.0273513793945312 0.00147438049316406 -0.00718498229980468 0.0178260803222656
0.023529052734375 -0.000881195068359375 -0.0162448883056641 0.0296154022216797
0.0273361206054688 -0.00266265869140625 -0.0240058898925781 0.0410842895507813
0.0293769836425781 0.00498008728027344 -0.0373153686523438 0.0393600463867187
0.0232639312744141 0.0164642333984375 -0.0480842590332031 0.025421142578125
0.0113887786865234 0.0259857177734375 -0.0448951721191406 0.000328063964843744
-0.0114955902099609 0.0261135101318359 -0.0272789001464844 -0.0178451538085937
-0.0249462127685547 0.0124015808105469 -0.024139404296875 0.00762176513671875
-0.0322742462158203 -0.00197029113769531 -0.061492919921875 0.0184440612792969
0.00495338439941406 -0.0160589218139648 -0.0438308715820313 0.0496711730957031
-0.00105094909667969 -0.0109834671020508 -0.0586814880371094 0.0637245178222656
-0.00647926330566406 -0.0052194595336914 -0.0227775573730469 0.0676460266113281
-0.0111942291259766 0.00309085845947266 0.00609207153320313 0.0463218688964844
-0.00659465789794922 0.00969409942626953 0.0117435455322266 0.0185661315917969
0.00514030456542969 0.0154399871826172 -0.000239372253417968 0.0101146697998047
0.0138816833496094 0.012324333190918 -0.0153408050537109 0.0183773040771484
0.0138740539550781 0.00839614868164063 -0.0245037078857422 0.0316562652587891
0.0177402496337891 0.00689506530761719 -0.0321159362792969 0.0423774719238281
0.018463134765625 0.0126686096191406 -0.044586181640625 0.0384101867675781
0.0128517150878906 0.0188179016113281 -0.0534934997558594 0.0219802856445313
-0.000570297241210936 0.0246410369873047 -0.0464286804199219 -0.00288009643554687
-0.0211563110351562 0.0150108337402344 -0.0287189483642578 -0.0182628631591797
-0.0254611968994141 -0.00685501098632813 -0.027435302734375 0.00587081909179687
-0.02020263671875 -0.0225753784179688 -0.0668296813964844 0.014617919921875
-0.00844955444335938 0.04022216796875 0.062652587890625 -0.0105972290039062
0.0301227569580078 0.0284442901611328 0.0314693450927734 0.00869560241699219
0.0283088684082031 -0.00782585144042969 0.0317573547363281 0.0214920043945313
0.0130062103271484 -0.0205478668212891 0.0558433532714844 0.0110054016113281
0.000444412231445312 -0.0216236114501953 0.0614089965820313 -0.0162124633789062
-0.0133113861083984 -0.0226573944091797 0.0491905212402344 -0.0417671203613281
-0.0145254135131836 -0.017425537109375 0.0363502502441406 -0.0453147888183594
-0.0109310150146484 -0.0174827575683594 0.0257053375244141 -0.0320587158203125
-0.0061492919921875 -0.0253562927246094 0.0168304443359375 -0.0157814025878906
0.0112686157226562 -0.0233058929443359 0.00349521636962891 -0.00587272644042969
0.0260162353515625 -0.00701713562011719 -0.0172805786132813 -0.016021728515625
0.0243892669677734 0.0109748840332031 -0.0141143798828125 -0.0416679382324219
0.00553703308105469 0.0298786163330078 0.0234603881835938 -0.0717315673828125
-0.0132179260253906 0.0368881225585938 0.0509185791015625 -0.0681495666503906
-0.0323829650878906 0.0322189331054687 0.0363883972167969 -0.0452957153320313
-0.0291175842285156 0.0504570007324219 0.0568161010742187 0.00658416748046875
0.0154571533203125 0.0472526550292969 0.0284614562988281 0.0252742767333984
0.0280303955078125 0.0126266479492188 0.0330371856689453 0.0333786010742188
0.0247917175292969 -0.00459480285644531 0.0597915649414063 0.0223045349121094
0.0163040161132813 -0.0156154632568359 0.0656089782714844 -0.0056610107421875
0.00581741333007812 -0.0269279479980469 0.0564117431640625 -0.0348434448242188
0.00212860107421875 -0.0266742706298828 0.0417098999023438 -0.0375862121582031
0.00403976440429688 -0.0237255096435547 0.0279521942138672 -0.0245704650878906
0.0100135803222656 -0.0314140319824219 0.0162868499755859 -0.00588035583496094
0.0278129577636719 -0.0223751068115234 2.09808349609391E-05 0.00370097160339355
0.037811279296875 0.000972747802734375 -0.0249881744384766 -0.00693321228027344
0.0319328308105469 0.0240058898925781 -0.0254840850830078 -0.0341835021972656
0.00269699096679687 0.04486083984375 0.00738906860351563 -0.0690422058105469
-0.0257034301757812 0.0504875183105469 0.032318115234375 -0.0613479614257813
-0.0482139587402344 0.04290771484375 0.0179557800292969 -0.0353355407714844
-0.0478134155273438 0.0524482727050781 0.0419883728027344 0.0261344909667969
-0.00596618652343751 0.06072998046875 0.0167655944824219 0.0455169677734375
0.0206470489501953 0.0344734191894531 0.0311279296875 0.0495796203613281
0.0308437347412109 0.0161685943603516 0.0593910217285156 0.0359725952148437
0.0316123962402344 -0.00365066528320313 0.0667037963867188 0.00615692138671875
0.0271015167236328 -0.0251369476318359 0.0599327087402344 -0.0239944458007813
0.0186710357666016 -0.0311717987060547 0.0410270690917969 -0.0269584655761719
0.0178604125976563 -0.0260848999023438 0.0260047912597656 -0.01336669921875
0.0239753723144531 -0.0322589874267578 0.0120878219604492 0.00546646118164062
0.0383377075195313 -0.021453857421875 -0.00581550598144531 0.0152626037597656
0.0445365905761719 0.00439453125 -0.0324211120605469 0.00430679321289062
0.0376472473144531 0.029052734375 -0.037200927734375 -0.0231590270996094
0.0062255859375 0.05224609375 -0.0108604431152344 -0.0610160827636719
-0.0281028747558594 0.0584869384765625 0.0112419128417969 -0.0487136840820313
-0.0552406311035156 0.0494346618652344 -0.00341033935546875 -0.0223178863525391
-0.059661865234375 0.0457534790039063 0.018829345703125 0.044647216796875
-0.027679443359375 0.0639266967773437 -0.00208663940429687 0.0645484924316406
0.00647735595703126 0.0516090393066406 0.0226402282714844 0.0659294128417969
0.0313606262207031 0.0372314453125 0.05377197265625 0.0484466552734375
0.0416946411132813 0.0111122131347656 0.0601577758789063 0.016632080078125
0.0439224243164063 -0.0183448791503906 0.0544090270996094 -0.0117340087890625
0.0325660705566406 -0.0300540924072266 0.0340900421142578 -0.0127162933349609
0.0282020568847656 -0.0250072479248047 0.0183982849121094 -0.000471115112304689
0.033447265625 -0.0296096801757813 0.00573921203613281 0.0178489685058594
0.0433731079101563 -0.0189666748046875 -0.0120296478271484 0.0257472991943359
0.0458869934082031 0.00527191162109375 -0.0375289916992188 0.0168876647949219
0.0382957458496094 0.0282859802246094 -0.0441932678222656 -0.0106697082519531
0.009246826171875 0.0512313842773437 -0.0246963500976563 -0.047332763671875
-0.0256500244140625 0.0583343505859375 -0.00520133972167969 -0.0295600891113281
-0.0556182861328125 0.049530029296875 -0.0233058929443359 -0.00576019287109375
-0.0600967407226563 0.0317840576171875 -0.0080718994140625 0.0568504333496094
-0.0416412353515625 0.0533866882324219 -0.025970458984375 0.0777511596679688
-0.00854492187500001 0.0557060241699219 0.00897979736328125 0.0770034790039063
0.0221710205078125 0.0496101379394531 0.0411300659179688 0.0570831298828125
0.0405044555664063 0.0245933532714844 0.0465927124023438 0.0240859985351563
0.0506095886230469 -0.00642776489257812 0.0415153503417969 0.00026702880859375
0.0412826538085938 -0.0235023498535156 0.0216140747070313 0.00116539001464844
0.0341053009033203 -0.0193328857421875 0.00827884674072266 0.0128192901611328
0.0375442504882813 -0.0232429504394531 -0.00309371948242188 0.0298690795898438
0.0447731018066406 -0.0140266418457031 -0.0188713073730469 0.0353012084960938
0.0427207946777344 0.00835418701171875 -0.0404739379882813 0.0263633728027344
0.03399658203125 0.027923583984375 -0.0462913513183594 -0.0014801025390625
0.00701141357421875 0.0458793640136719 -0.0288486480712891 -0.0324726104736328
-0.0246047973632812 0.0486984252929688 -0.0147533416748047 -0.00953292846679687
-0.052276611328125 0.0399131774902344 -0.0412101745605469 0.010528564453125
-0.0471534729003906 0.0136032104492188 -0.031890869140625 0.0624961853027344
-0.0404701232910156 0.0320358276367188 -0.0471115112304688 0.0821990966796875
-0.0192642211914063 0.0425071716308594 -0.0059967041015625 0.0812606811523438
0.00702667236328125 0.046539306640625 0.0256156921386719 0.0578384399414062
0.0288887023925781 0.0296840667724609 0.0314216613769531 0.0258121490478516
0.0462303161621094 0.00585174560546875 0.0244026184082031 0.00842475891113281
0.0411224365234375 -0.01239013671875 0.00741195678710938 0.012232780456543
0.0343685150146484 -0.0114231109619141 -0.00298500061035156 0.0248279571533203
0.0374755859375 -0.0144309997558594 -0.0119132995605469 0.0385513305664063
0.0413246154785156 -0.00548171997070313 -0.0257568359375 0.0418319702148437
0.0367965698242188 0.0127906799316406 -0.0430831909179688 0.0307579040527344
0.025390625 0.0295791625976562 -0.0457878112792969 0.00471878051757812
-0.00194931030273437 0.0391082763671875 -0.0292186737060547 -0.0199413299560547
-0.0277366638183594 0.0332183837890625 -0.0196933746337891 0.00500106811523438
-0.0474662780761719 0.020782470703125 -0.0543785095214844 0.0218734741210937
-0.0235157012939453 -0.00567817687988281 -0.0448684692382813 0.0619239807128906
-0.0272903442382813 0.00764083862304688 -0.05963134765625 0.07940673828125
-0.0193557739257813 0.0195446014404297 -0.016143798828125 0.0781402587890625
-0.00640678405761719 0.0294094085693359 0.0137901306152344 0.0534629821777344
0.0114383697509766 0.0257701873779297 0.0185680389404297 0.0228004455566406
0.0303974151611328 0.0142459869384766 0.00931262969970703 0.010930061340332
0.03375244140625 0.00016021728515625 -0.00646018981933593 0.0188465118408203
0.028778076171875 -0.0020294189453125 -0.0146121978759766 0.0321712493896484
0.0333480834960938 -0.00371170043945313 -0.0203971862792969 0.0446128845214844
0.0352134704589844 0.00411605834960938 -0.0343284606933594 0.0435104370117188
0.0276393890380859 0.0187110900878906 -0.0467681884765625 0.0297622680664062
0.0145626068115234 0.0314311981201172 -0.045379638671875 0.00453948974609376
-0.0139408111572266 0.0306625366210937 -0.0299491882324219 -0.01513671875
-0.0319252014160156 0.0144882202148438 -0.0251960754394531 0.0118560791015625
-0.0390090942382813 -0.00237655639648438 -0.0652084350585937 0.0243415832519531
0.00307464599609375 -0.0224227905273437 -0.0455970764160156 0.0567817687988281
-0.00629043579101563 -0.0160007476806641 -0.0585250854492188 0.0733413696289062
-0.0116043090820313 -0.00621891021728516 -0.0174179077148437 0.0732040405273438
-0.01483154296875 0.00564765930175781 0.0102729797363281 0.0472488403320313
-0.00698661804199219 0.0143251419067383 0.0130805969238281 0.0169897079467773
0.00944328308105469 0.0197391510009766 -0.000911712646484375 0.00886917114257813
0.0204429626464844 0.0131626129150391 -0.0171146392822266 0.0203876495361328
0.0190677642822266 0.008331298828125 -0.0240764617919922 0.0350704193115234
0.0229110717773438 0.00678634643554688 -0.0307998657226563 0.0468711853027344
0.0249233245849609 0.0133609771728516 -0.0439872741699219 0.0428428649902344
0.0173492431640625 0.0220966339111328 -0.0526199340820312 0.0264778137207031
0.00265121459960938 0.0291709899902344 -0.0485115051269531 0.000923156738281251
-0.0242366790771484 0.0205650329589844 -0.0317821502685547 -0.0159759521484375
-0.0320186614990234 -0.00523948669433594 -0.0307674407958984 0.009185791015625
-0.0273571014404297 -0.0252647399902344 -0.0723495483398438 0.0186843872070312
-0.0021209716796875 0.0431365966796875 0.0676689147949219 -0.0150833129882812
0.0365791320800781 0.0243072509765625 0.0359230041503906 0.00484466552734375
0.0291309356689453 -0.0132942199707031 0.0336647033691406 0.0174331665039063
0.0103549957275391 -0.0238075256347656 0.0569076538085937 0.0077667236328125
-0.00378990173339844 -0.0236911773681641 0.0610733032226562 -0.0197563171386719
-0.0191688537597656 -0.0212154388427734 0.0483512878417969 -0.0451889038085938
-0.0184211730957031 -0.0160923004150391 0.035125732421875 -0.0493545532226563
-0.0148506164550781 -0.0163869857788086 0.025665283203125 -0.0363731384277344
-0.0125579833984375 -0.024932861328125 0.019073486328125 -0.0177650451660156
0.00830650329589844 -0.0264987945556641 0.00705099105834961 -0.00573444366455078
0.0263175964355469 -0.0121040344238281 -0.0165328979492188 -0.0124473571777344
0.0281906127929688 0.00689697265625 -0.0173606872558594 -0.0381240844726563
0.0119495391845703 0.0312652587890625 0.0172119140625 -0.0740280151367188
-0.00806808471679688 0.04302978515625 0.0474014282226563 -0.074798583984375
-0.0287399291992187 0.039215087890625 0.037689208984375 -0.0492362976074219
-0.0241966247558594 0.0553703308105469 0.0642204284667969 0.00373077392578125
0.0209579467773438 0.0459060668945313 0.0349693298339844 0.0213642120361328
0.0296535491943359 0.00873756408691406 0.0372962951660156 0.0302200317382813
0.0231437683105469 -0.00803184509277344 0.0618972778320312 0.0186309814453125
0.0136651992797852 -0.0175104141235352 0.067474365234375 -0.0103988647460938
0.00137710571289063 -0.0272960662841797 0.0568580627441406 -0.0393486022949219
-0.00226783752441406 -0.0264320373535156 0.0424041748046875 -0.0432586669921875
0.000757217407226563 -0.0236778259277344 0.0300025939941406 -0.028961181640625
0.00561332702636719 -0.032135009765625 0.0206928253173828 -0.0084228515625
0.0249958038330078 -0.0263919830322266 0.0055994987487793 0.00408697128295898
0.0393714904785156 -0.003997802734375 -0.0229110717773437 -0.00250625610351562
0.0362510681152344 0.0206718444824219 -0.0274410247802734 -0.0293083190917969
0.00834274291992187 0.0476875305175781 0.000915527343750006 -0.0692939758300781
-0.02252197265625 0.0571861267089844 0.0292472839355469 -0.0651016235351563
-0.0463943481445313 0.0514297485351562 0.0204620361328125 -0.0366706848144531
-0.0456314086914062 0.05816650390625 0.0508155822753906 0.0258598327636719
-0.00116348266601563 0.062164306640625 0.0251197814941406 0.0436935424804688
0.0225143432617187 0.0331039428710937 0.0359611511230469 0.0463943481445312
0.0321178436279297 0.0142612457275391 0.0631446838378906 0.0323295593261719
0.0307216644287109 -0.00591659545898438 0.0694541931152344 0.00123214721679687
0.0245208740234375 -0.0270347595214844 0.0611686706542969 -0.0295982360839844
0.0163784027099609 -0.0328083038330078 0.0430068969726563 -0.0317420959472656
0.0162467956542969 -0.0275859832763672 0.0281181335449219 -0.0178661346435547
0.0211887359619141 -0.0346412658691406 0.0175933837890625 0.00298309326171875
0.0375442504882813 -0.0252418518066406 0.00023746490478516 0.0156717300415039
0.0462875366210938 0.00038909912109375 -0.0288581848144531 0.00908660888671876
0.0425682067871094 0.026611328125 -0.0378532409667969 -0.0171432495117188
0.0107269287109375 0.0546684265136719 -0.0163383483886719 -0.0588798522949219
-0.0260047912597656 0.0649604797363281 0.00910568237304687 -0.0495758056640625
-0.0548553466796875 0.0579109191894531 -0.00102424621582031 -0.0207462310791016
-0.0606842041015625 0.0509681701660156 0.027435302734375 0.0467910766601563
-0.0256500244140625 0.067413330078125 0.00721359252929687 0.0659446716308594
0.00917816162109375 0.0529060363769531 0.0291633605957031 0.0644454956054688
0.0338897705078125 0.0370979309082031 0.0587539672851562 0.0459175109863281
0.0438308715820313 0.0100784301757813 0.0629615783691406 0.0128746032714844
0.0437545776367188 -0.0212593078613281 0.0565147399902344 -0.0164871215820313
0.0324115753173828 -0.0335273742675781 0.0369606018066406 -0.0165786743164063
0.0281448364257813 -0.0272274017333984 0.0219383239746094 -0.00362205505371094
0.033050537109375 -0.0328693389892578 0.0110368728637695 0.0165634155273437
0.0444984436035156 -0.02239990234375 -0.00489616394042968 0.0262393951416016
0.0484123229980469 0.00319290161132812 -0.0330276489257813 0.0209388732910156
0.0436477661132813 0.0279464721679688 -0.0431900024414063 -0.00455474853515625
0.0128211975097656 0.0547409057617188 -0.0280990600585938 -0.0431976318359375
-0.025299072265625 0.0638961791992188 -0.00609016418457031 -0.0289344787597656
-0.0564804077148438 0.0564956665039063 -0.0209064483642578 -0.00198745727539062
-0.0646820068359375 0.0353355407714844 -0.00121688842773438 0.062164306640625
-0.0423164367675781 0.0577545166015625 -0.0175704956054688 0.082855224609375
-0.0084075927734375 0.0585174560546875 0.0158462524414062 0.0775070190429688
0.0253524780273438 0.0519256591796875 0.0460968017578125 0.0544471740722656
0.0445137023925781 0.0247421264648438 0.0498275756835938 0.0210075378417969
0.0532913208007813 -0.00960922241210938 0.044677734375 -0.00396347045898438
0.0430107116699219 -0.0277976989746094 0.0244483947753906 -0.00136375427246094
0.0357017517089844 -0.0230255126953125 0.0122089385986328 0.010798454284668
0.0396957397460938 -0.0264053344726563 0.00308418273925782 0.02813720703125
0.0474014282226562 -0.016571044921875 -0.0121612548828125 0.0366363525390625
0.0464706420898437 0.00663375854492187 -0.0354385375976563 0.0295448303222656
0.0380973815917969 0.0291252136230469 -0.0446128845214844 0.00474166870117187
0.00887298583984374 0.0492324829101563 -0.0312690734863281 -0.0287647247314453
-0.0259971618652344 0.0542869567871094 -0.0137405395507813 -0.00698280334472656
-0.0556488037109375 0.0450210571289063 -0.0388641357421875 0.0159149169921875
-0.0528182983398437 0.0153350830078125 -0.0269584655761719 0.0697517395019531
-0.0451583862304687 0.0353775024414063 -0.0394287109375 0.0895233154296875
-0.0207748413085937 0.0463180541992188 0.0024566650390625 0.0824508666992187
0.009490966796875 0.0509567260742188 0.0303993225097656 0.0560951232910156
0.0328178405761719 0.0316123962402344 0.0327682495117188 0.0231494903564453
0.0510292053222656 0.00356292724609375 0.0268306732177734 0.00609016418457031
0.0451889038085938 -0.0162925720214844 0.00946331024169922 0.0121955871582031
0.0380973815917969 -0.0151023864746094 0.000173568725585941 0.0239162445068359
0.0409736633300781 -0.0176773071289062 -0.00675201416015625 0.0383796691894531
0.0455780029296875 -0.00724411010742188 -0.0200157165527344 0.0429229736328125
0.0411415100097656 0.0131759643554688 -0.0385551452636719 0.03387451171875
0.029022216796875 0.0318698883056641 -0.04364013671875 0.00921249389648439
-0.0013885498046875 0.0432472229003906 -0.0303001403808594 -0.0176677703857422
-0.0309486389160156 0.0380401611328125 -0.0184841156005859 0.00904273986816406
-0.0522117614746094 0.0254325866699219 -0.0538864135742188 0.0279693603515625
-0.029510498046875 -0.00750732421874999 -0.0418052673339844 0.0698738098144531
-0.0338935852050781 0.00751876831054687 -0.0539398193359375 0.0874862670898438
-0.0231075286865234 0.0221614837646484 -0.00897979736328124 0.0806350708007812
-0.00640869140625 0.0347690582275391 0.0183067321777344 0.0518569946289062
0.0144805908203125 0.0296649932861328 0.0196247100830078 0.0210990905761719
0.0361137390136719 0.0143165588378906 0.0103054046630859 0.0103483200073242
0.0390243530273438 -0.00234222412109375 -0.00613021850585937 0.0199661254882813
0.033538818359375 -0.00469017028808594 -0.0122261047363281 0.0338306427001953
0.0378990173339844 -0.00688552856445312 -0.0176506042480469 0.04608154296875
0.0404052734375 0.00211334228515625 -0.0296516418457031 0.0456008911132813
0.0334529876708984 0.0194091796875 -0.0433807373046875 0.0334205627441406
0.0185623168945313 0.0342960357666016 -0.0441360473632813 0.00887298583984375
-0.0137939453125 0.0360221862792969 -0.0296745300292969 -0.0116291046142578
-0.0366401672363281 0.0187110900878906 -0.0246677398681641 0.0156726837158203
-0.0461044311523438 0.000198364257812499 -0.0659141540527344 0.0303611755371094
-0.00204086303710937 -0.0274238586425781 -0.0455513000488281 0.06396484375
-0.0117092132568359 -0.0184993743896484 -0.0548477172851563 0.0809783935546875
-0.0167160034179688 -0.00657939910888672 -0.010345458984375 0.0757598876953125
-0.0180454254150391 0.0102005004882813 0.0140533447265625 0.0455131530761719
-0.00555801391601563 0.0194492340087891 0.0131053924560547 0.0146389007568359
0.0148658752441406 0.0217628479003906 -0.00183010101318359 0.00906181335449219
0.0259876251220703 0.0111541748046875 -0.0178298950195313 0.0230369567871094
0.0244407653808594 0.0061187744140625 -0.022613525390625 0.0383148193359375
0.0282726287841797 0.00455474853515625 -0.0283927917480469 0.04962158203125
0.03021240234375 0.0117588043212891 -0.0406074523925781 0.0456504821777344
0.0215244293212891 0.0225086212158203 -0.0507164001464844 0.0297698974609375
0.00652885437011719 0.0333137512207031 -0.0472488403320313 0.00468444824218751
-0.0242843627929688 0.0263519287109375 -0.0320892333984375 -0.0118427276611328
-0.0379676818847656 -0.001617431640625 -0.0314922332763672 0.0143928527832031
-0.0349349975585938 -0.0250530242919922 -0.0763397216796875 0.0250244140625
0.00408172607421875 0.0437889099121094 0.071258544921875 -0.0193939208984375
0.0400772094726563 0.019683837890625 0.03802490234375 4.19616699218762E-05
0.0282230377197266 -0.017303466796875 0.0331439971923828 0.0148658752441406
0.0072479248046875 -0.0262546539306641 0.0560798645019531 0.0055084228515625
-0.00763130187988281 -0.0233821868896484 0.0600776672363281 -0.0216255187988281
-0.0236282348632812 -0.0187454223632813 0.0465469360351563 -0.0474586486816406
-0.0218677520751953 -0.0131511688232422 0.0343780517578125 -0.0518913269042969
-0.0176067352294922 -0.0138359069824219 0.0264396667480469 -0.0392303466796875
-0.0167827606201172 -0.0243358612060547 0.0217266082763672 -0.0201568603515625
0.0037078857421875 -0.0280055999755859 0.0105648040771484 -0.00644111633300782
0.0247974395751953 -0.0166873931884766 -0.0140438079833984 -0.0101566314697266
0.0298576354980469 0.0029449462890625 -0.0174846649169922 -0.0346221923828125
0.0176620483398437 0.0312919616699219 0.0128097534179688 -0.0731353759765625
-0.001922607421875 0.0465583801269531 0.0440292358398438 -0.0782623291015625
-0.0236892700195313 0.0447807312011719 0.0390968322753906 -0.0515708923339844
-0.0197868347167969 0.0571174621582031 0.0693550109863281 -0.000320434570312496
0.0255966186523437 0.0436859130859375 0.0390129089355469 0.0167884826660156
0.0293464660644531 0.00567817687988281 0.0379142761230469 0.02716064453125
0.0215396881103516 -0.00981903076171875 0.0622482299804687 0.0160140991210938
0.0107688903808594 -0.0182380676269531 0.0678558349609375 -0.0134620666503906
-0.00260353088378906 -0.02569580078125 0.05682373046875 -0.0424003601074219
-0.00421905517578125 -0.0254402160644531 0.0420951843261719 -0.0466651916503906
-0.00115966796875 -0.0229568481445312 0.0306797027587891 -0.0334625244140625
0.00218772888183594 -0.0321311950683594 0.0239982604980469 -0.0121135711669922
0.0221633911132813 -0.02850341796875 0.0102748870849609 0.00293350219726562
0.0395355224609375 -0.00800704956054688 -0.0188236236572266 9.91821289062477E-05
0.0390892028808594 0.017608642578125 -0.0269184112548828 -0.0246791839599609
0.0136604309082031 0.0481910705566406 -0.00376510620117187 -0.0669326782226563
-0.0174636840820312 0.0621681213378906 0.0270767211914063 -0.0674896240234375
-0.0423431396484375 0.058013916015625 0.0230979919433594 -0.0382080078125
-0.0430412292480469 0.0610694885253906 0.0580062866210938 0.0239219665527344
0.00156784057617188 0.0620574951171875 0.0313758850097656 0.04034423828125
0.0236053466796875 0.0314712524414063 0.03839111328125 0.0434799194335938
0.0319728851318359 0.0128498077392578 0.0650863647460938 0.0291633605957031
0.0296974182128906 -0.00645065307617188 0.0703659057617188 -0.002227783203125
0.0218963623046875 -0.0277767181396484 0.0612144470214844 -0.032989501953125
0.0145778656005859 -0.0334205627441406 0.04425048828125 -0.0359458923339844
0.0152835845947266 -0.0280647277832031 0.0300827026367188 -0.0214576721191406
0.01904296875 -0.0353164672851563 0.0212268829345703 -0.000370025634765627
0.0360984802246094 -0.0279769897460938 0.00612926483154297 0.0133304595947266
0.0479812622070313 -0.00274276733398438 -0.0236282348632812 0.0120105743408203
0.0449943542480469 0.0252265930175781 -0.0355300903320313 -0.0121307373046875
0.0147056579589844 0.0559425354003906 -0.019256591796875 -0.055694580078125
-0.0229568481445313 0.0703277587890625 0.00832748413085937 -0.0502471923828125
-0.0526466369628906 0.0647087097167969 0.00213050842285156 -0.0197525024414062
-0.0614356994628906 0.0548095703125 0.0353164672851562 0.0468673706054688
-0.0246391296386719 0.0694847106933594 0.0142936706542969 0.0643043518066406
0.010101318359375 0.0536384582519531 0.0329933166503906 0.0608634948730469
0.0358619689941406 0.0374336242675781 0.0603904724121094 0.0426406860351563
0.0441551208496094 0.00907135009765625 0.0653266906738281 0.00994110107421875
0.043365478515625 -0.0231361389160156 0.0575332641601562 -0.0208702087402344
0.0321197509765625 -0.0354766845703125 0.0387001037597656 -0.0209159851074219
0.0289077758789063 -0.0294036865234375 0.0242290496826172 -0.00722503662109375
0.0325183868408203 -0.0350971221923828 0.0157308578491211 0.0132665634155273
0.0449066162109375 -0.02532958984375 0.000633239746093753 0.0253658294677734
0.0505714416503906 0.000911712646484375 -0.0272178649902344 0.0230464935302734
0.0461006164550781 0.0272979736328125 -0.0403480529785156 -9.53674316406249E-05
0.0158615112304688 0.0566787719726563 -0.02899169921875 -0.0397453308105469
-0.0236053466796875 0.0688362121582031 -0.00482177734375 -0.0279960632324219
-0.0564384460449219 0.062652587890625 -0.0172948837280273 7.91549682617237E-05
-0.0676307678222656 0.0384330749511719 0.00621414184570312 0.0651016235351563
-0.0443534851074219 0.0612335205078125 -0.00958251953125001 0.0833969116210938
-0.0078277587890625 0.0614852905273438 0.0209274291992188 0.0748748779296875
0.0272254943847656 0.0535011291503906 0.0488471984863281 0.0523681640625
0.0470657348632812 0.0241012573242187 0.0522689819335938 0.0184364318847656
0.0554542541503906 -0.0125579833984375 0.0456695556640625 -0.00737380981445313
0.04345703125 -0.0308074951171875 0.0259857177734375 -0.00393486022949219
0.0374259948730469 -0.0260772705078125 0.0143394470214844 0.00837612152099609
0.0412445068359375 -0.0303192138671875 0.00691032409667969 0.0261306762695312
0.0492782592773437 -0.0200462341308594 -0.00662803649902344 0.0343055725097656
0.049957275390625 0.00579452514648438 -0.0303916931152344 0.0311012268066406
0.0416793823242187 0.0296134948730469 -0.0402946472167969 0.00847244262695313
0.0103530883789063 0.0524482727050781 -0.0307884216308594 -0.0242652893066406
-0.0266799926757812 0.0591964721679687 -0.0118389129638672 -0.00531959533691406
-0.0576934814453125 0.050140380859375 -0.0350971221923828 0.0191001892089844
-0.0574226379394531 0.016387939453125 -0.0208892822265625 0.07470703125
-0.0487098693847656 0.0382919311523438 -0.0326690673828125 0.092254638671875
-0.0211410522460937 0.0503730773925781 0.00691986083984374 0.0815277099609375
0.0118370056152344 0.0542945861816406 0.0333366394042969 0.0546302795410156
0.0365409851074219 0.0328292846679688 0.0348224639892578 0.0214805603027344
0.054443359375 0.00103378295898438 0.0278987884521484 0.00350570678710937
0.04791259765625 -0.0204505920410156 0.0111513137817383 0.0105495452880859
0.0399894714355469 -0.0179672241210938 0.00221633911132813 0.0230979919433594
0.0438079833984375 -0.0210647583007813 -0.00299453735351562 0.03692626953125
0.0498847961425781 -0.0107307434082031 -0.0151710510253906 0.0419349670410156
0.045379638671875 0.0126075744628906 -0.0338211059570312 0.0350875854492188
0.0331497192382813 0.0335159301757813 -0.0400009155273438 0.0117225646972656
-0.000335693359374997 0.0472030639648438 -0.0286350250244141 -0.0143489837646484
-0.0333633422851563 0.043182373046875 -0.0159263610839844 0.0111961364746094
-0.05621337890625 0.029998779296875 -0.0510406494140625 0.0316429138183594
-0.0358123779296875 -0.00796127319335937 -0.0389251708984375 0.0749435424804688
-0.0394363403320312 0.00931167602539062 -0.0481414794921875 0.0916900634765625
-0.0265007019042969 0.0253143310546875 -0.00377655029296875 0.0798797607421875
-0.00592041015625 0.0390777587890625 0.0202255249023438 0.0499000549316406
0.0178775787353516 0.0327243804931641 0.019989013671875 0.0192775726318359
0.0407791137695313 0.0133171081542969 0.0104303359985352 0.00904369354248047
0.0426445007324219 -0.00641250610351562 -0.00478172302246094 0.0212020874023438
0.0363578796386719 -0.00803756713867188 -0.0100173950195312 0.0345439910888672
0.0410842895507813 -0.010894775390625 -0.014617919921875 0.0456695556640625
0.0448951721191406 -0.00115966796875 -0.0266990661621094 0.04541015625
0.0373077392578125 0.0189895629882813 -0.0401573181152344 0.0339851379394531
0.02301025390625 0.0365562438964844 -0.04095458984375 0.0104751586914063
-0.0131797790527344 0.0409164428710938 -0.0285129547119141 -0.00897216796875
-0.0398635864257813 0.023895263671875 -0.0227851867675781 0.0187873840332031
-0.0517501831054688 0.00334167480468749 -0.0658035278320313 0.0348548889160156
-0.00778770446777344 -0.030548095703125 -0.0448226928710938 0.0689315795898437
-0.0183811187744141 -0.0199928283691406 -0.0511932373046875 0.085113525390625
-0.0214290618896484 -0.00469589233398438 -0.00554656982421875 0.0743179321289062
-0.0192222595214844 0.0145206451416016 0.0152435302734375 0.0429496765136719
-0.00294303894042969 0.0236415863037109 0.011439323425293 0.0135326385498047
0.0202922821044922 0.0216159820556641 -0.00382709503173828 0.00913047790527344
0.0300731658935547 0.00824737548828125 -0.0177230834960937 0.0248756408691406
0.0271739959716797 0.00384140014648438 -0.0210113525390625 0.0406227111816406
0.0326309204101563 0.00184440612792969 -0.0262718200683594 0.0509376525878906
0.0351066589355469 0.00913047790527344 -0.0391349792480469 0.0465507507324219
0.0268192291259766 0.0229015350341797 -0.0481185913085938 0.0312919616699219
0.0105857849121094 0.0358238220214844 -0.0455284118652344 0.00649261474609375
-0.0241928100585938 0.0304355621337891 -0.0307941436767578 -0.00951194763183593
-0.0425376892089844 0.00241851806640626 -0.0312061309814453 0.0180225372314453
-0.0413055419921875 -0.0228729248046875 -0.0771713256835938 0.0297012329101563
0.00843429565429688 0.0426406860351563 0.07476806640625 -0.023651123046875
0.0430908203125 0.0156669616699219 0.0387039184570312 -0.00374221801757812
0.0267181396484375 -0.0211029052734375 0.0327396392822266 0.0135231018066406
0.00498771667480468 -0.0276889801025391 0.0555076599121094 0.00494003295898437
-0.0108737945556641 -0.0231342315673828 0.0601882934570313 -0.0234031677246094
-0.0264492034912109 -0.0162067413330078 0.04718017578125 -0.0478439331054688
-0.0242328643798828 -0.0104312896728516 0.0348243713378906 -0.0551261901855469
-0.0190563201904297 -0.0118370056152344 0.0264396667480469 -0.0417823791503906
-0.0204429626464844 -0.0220623016357422 0.0230903625488281 -0.0229473114013672
-0.000509262084960936 -0.0288581848144531 0.0135889053344727 -0.00853061676025391
0.0227699279785156 -0.0206527709960938 -0.0104265213012695 -0.008453369140625
0.0306110382080078 -0.000823974609375 -0.0167942047119141 -0.0321483612060547
0.0220203399658203 0.0305900573730469 0.01025390625 -0.0718231201171875
0.00334930419921875 0.0487937927246094 0.0428085327148437 -0.0806884765625
-0.0186195373535156 0.0486297607421875 0.04193115234375 -0.0557518005371094
-0.0168647766113281 0.0590171813964844 0.074951171875 -0.00386810302734375
0.0275306701660156 0.0419883728027344 0.0408477783203125 0.0134048461914063
0.0285892486572266 0.003448486328125 0.0378341674804687 0.0245780944824219
0.0198402404785156 -0.011077880859375 0.0629653930664063 0.0152511596679688
0.00858879089355469 -0.0184383392333984 0.0680770874023438 -0.0146255493164063
-0.00487327575683594 -0.0243682861328125 0.0569839477539063 -0.0444755554199219
-0.005401611328125 -0.02410888671875 0.0425529479980469 -0.0503387451171875
-0.00216293334960938 -0.02227783203125 0.0326690673828125 -0.0365257263183594
-0.000934600830078127 -0.0314540863037109 0.0270938873291016 -0.0159358978271484
0.0198574066162109 -0.0300655364990234 0.0144929885864258 0.000687599182128904
0.0391387939453125 -0.0107612609863281 -0.0145587921142578 0.00119590759277344
0.04107666015625 0.0148544311523438 -0.0243377685546875 -0.0215206146240234
0.017608642578125 0.0490913391113281 -0.0057373046875 -0.0649528503417969
-0.0134811401367188 0.0663337707519531 0.0259284973144531 -0.0696525573730469
-0.0395584106445312 0.0626869201660156 0.0265235900878906 -0.0403060913085937
-0.0421791076660156 0.06427001953125 0.0635528564453125 0.0214729309082031
0.00265121459960938 0.0624504089355469 0.0351219177246094 0.0370140075683594
0.0227222442626953 0.0314292907714844 0.0391120910644531 0.0411758422851563
0.0322055816650391 0.0127124786376953 0.0656890869140625 0.0284423828125
0.0295352935791016 -0.00672149658203125 0.0721282958984375 -0.00370025634765625
0.0209217071533203 -0.0273513793945313 0.0622825622558594 -0.0362586975097656
0.0139789581298828 -0.0337371826171875 0.0452423095703125 -0.0401687622070313
0.0150127410888672 -0.0283641815185547 0.0324192047119141 -0.0257034301757813
0.0180778503417969 -0.0361671447753906 0.0243988037109375 -0.00454902648925781
0.0358963012695313 -0.0291938781738281 0.0109882354736328 0.0109519958496094
0.0486679077148438 -0.00436019897460938 -0.0189666748046875 0.0126724243164063
0.0472793579101563 0.0234184265136719 -0.0323562622070312 -0.00980949401855469
0.017822265625 0.0582008361816406 -0.0204505920410156 -0.052764892578125
-0.020233154296875 0.075225830078125 0.00883102416992188 -0.0504570007324219
-0.0517578125 0.06939697265625 0.00661087036132812 -0.0206089019775391
-0.0632781982421875 0.0581321716308594 0.04217529296875 0.0467300415039063
-0.0243072509765625 0.072265625 0.0193901062011719 0.0629806518554688
0.00943756103515625 0.0549545288085938 0.0345687866210938 0.0591621398925781
0.0370254516601563 0.0385284423828125 0.061920166015625 0.0418014526367188
0.0457038879394531 0.00904464721679688 0.066070556640625 0.00724029541015625
0.0437736511230469 -0.023468017578125 0.05877685546875 -0.0235786437988281
0.0326385498046875 -0.0371971130371094 0.0405235290527344 -0.0246047973632813
0.0299835205078125 -0.0301609039306641 0.0259590148925781 -0.0108375549316406
0.0332107543945313 -0.0361289978027344 0.0185413360595703 0.00943374633789062
0.0463943481445312 -0.0266914367675781 0.00498008728027344 0.02215576171875
0.0528564453125 6.4849853515625E-05 -0.0222339630126953 0.0226345062255859
0.0494918823242188 0.0276641845703125 -0.0362358093261719 0.00291442871093751
0.0171432495117188 0.0593223571777344 -0.0286598205566406 -0.0369491577148437
-0.023468017578125 0.0748138427734375 -0.00295639038085937 -0.0273513793945312
-0.0570564270019531 0.0672683715820313 -0.0135793685913086 0.000706672668457038
-0.0712432861328125 0.041900634765625 0.0125007629394531 0.0658683776855469
-0.0470123291015625 0.0651893615722656 -0.00469207763671876 0.0833358764648437
-0.00894927978515625 0.0641326904296875 0.0235748291015625 0.0726318359375
0.0297012329101562 0.0571250915527344 0.050750732421875 0.0515556335449219
0.0487251281738281 0.0252227783203125 0.0532150268554688 0.0162696838378906
0.058013916015625 -0.0141677856445313 0.0461502075195313 -0.00928878784179688
0.0451698303222656 -0.0336952209472656 0.0282440185546875 -0.00642585754394531
0.0391921997070312 -0.0281257629394531 0.0168161392211914 0.00660228729248047
0.0435600280761719 -0.0317726135253906 0.00980186462402344 0.0228366851806641
0.05206298828125 -0.022003173828125 -0.00250625610351562 0.0323276519775391
0.0534248352050781 0.00590896606445312 -0.0261478424072266 0.0311565399169922
0.0459442138671875 0.0308418273925781 -0.0367088317871094 0.0106315612792969
0.0115890502929688 0.05584716796875 -0.0292129516601562 -0.0237274169921875
-0.0282173156738281 0.0645523071289063 -0.00928401947021485 -0.00436592102050781
-0.059661865234375 0.055938720703125 -0.032583236694336 0.0199394226074219
-0.062835693359375 0.0182876586914063 -0.0170364379882813 0.0781021118164062
-0.0534095764160156 0.0421333312988281 -0.0291748046875 0.0943374633789063
-0.0239067077636719 0.0542564392089844 0.0104827880859375 0.0795211791992188
0.0139732360839844 0.0583457946777344 0.0337867736816406 0.0533638000488281
0.0402603149414063 0.0347213745117188 0.0345554351806641 0.0204658508300781
0.0585823059082031 0.00025177001953125 0.0292758941650391 0.00103378295898437
0.0496597290039062 -0.0232467651367187 0.0116443634033203 0.010014533996582
0.0426101684570313 -0.0212135314941406 0.00286293029785157 0.0216636657714844
0.0462379455566406 -0.0245819091796875 -0.00125694274902344 0.03485107421875
0.0528450012207031 -0.0144882202148438 -0.0121574401855469 0.0391273498535156
0.0494461059570313 0.0119514465332031 -0.0307083129882813 0.0343914031982422
0.037078857421875 0.0349693298339844 -0.0370063781738281 0.0123863220214844
0.000560760498046872 0.0518798828125 -0.0268211364746094 -0.01348876953125
-0.0363235473632813 0.048370361328125 -0.0139656066894531 0.0127029418945313
-0.0602378845214844 0.0346527099609375 -0.0494384765625 0.0344657897949219
-0.0424880981445313 -0.00840377807617187 -0.0368194580078125 0.0790939331054688
-0.0453262329101563 0.0120162963867188 -0.0456314086914063 0.094818115234375
-0.0297527313232422 0.0288887023925781 -0.000686645507812509 0.07818603515625
-0.00524139404296875 0.0443382263183594 0.0195121765136719 0.0493965148925781
0.0214481353759766 0.035003662109375 0.0188236236572266 0.0190486907958984
0.0457916259765625 0.0118064880371094 0.00992965698242188 0.00944900512695313
0.0446510314941406 -0.00944137573242188 -0.00454521179199219 0.0213947296142578
0.0390892028808594 -0.01116943359375 -0.00927162170410156 0.0342807769775391
0.0439643859863281 -0.0143470764160156 -0.0140495300292969 0.0455780029296875
0.0488395690917969 -0.00408935546875 -0.0250205993652344 0.0445480346679688
0.0429916381835938 0.0183486938476563 -0.0384063720703125 0.0327987670898437
0.0275039672851563 0.03857421875 -0.0389137268066406 0.0112113952636719
-0.0128517150878906 0.0450363159179688 -0.0261421203613281 -0.00764465332031249
-0.0429191589355469 0.0295066833496094 -0.0211467742919922 0.0207729339599609
-0.0571174621582031 0.00725555419921875 -0.0650215148925781 0.0385093688964844
-0.0131492614746094 -0.0309123992919922 -0.044219970703125 0.0728607177734375
-0.0251407623291016 -0.0198783874511719 -0.0484237670898437 0.088714599609375
-0.0256137847900391 -0.0028533935546875 -0.00215911865234376 0.0732879638671875
-0.0202350616455078 0.0192165374755859 0.0150146484375 0.0411872863769531
0.000251770019531249 0.0277538299560547 0.00919342041015625 0.0123090744018555
0.0252170562744141 0.0208454132080078 -0.00537776947021484 0.00928592681884766
0.034423828125 0.00640869140625 -0.0186500549316406 0.0278186798095703
0.0303630828857422 0.00091552734375 -0.0212860107421875 0.043365478515625
0.0347576141357422 -0.00121879577636719 -0.0249176025390625 0.0517921447753906
0.0388374328613281 0.00625228881835938 -0.0378456115722656 0.0465431213378906
0.0299777984619141 0.0220127105712891 -0.0475082397460937 0.0313262939453125
0.0144424438476563 0.0370025634765625 -0.0446395874023438 0.00724792480468751
-0.0234031677246094 0.0352554321289062 -0.0294876098632813 -0.00807571411132812
-0.0457725524902344 0.00725173950195313 -0.0301265716552734 0.0210800170898438
-0.0468025207519531 -0.0201301574707031 -0.0787429809570313 0.0334930419921875
0.0123558044433594 0.0432929992675781 0.0784912109375 -0.027679443359375
0.0456352233886719 0.0120162963867188 0.03936767578125 -0.00762939453125
0.0262203216552734 -0.0243721008300781 0.0317821502685547 0.0132617950439453
0.00219535827636719 -0.0296192169189453 0.0573043823242188 0.00479507446289062
-0.0136680603027344 -0.0224933624267578 0.0631217956542969 -0.0238418579101563
-0.0289783477783203 -0.0132083892822266 0.0491065979003906 -0.0504150390625
-0.0256500244140625 -0.00748443603515625 0.0365676879882812 -0.0582199096679688
-0.0205402374267578 -0.0091552734375 0.0274696350097656 -0.0459175109863281
-0.0239810943603516 -0.0200386047363281 0.0250911712646484 -0.0267963409423828
-0.00393867492675781 -0.0287284851074219 0.0169553756713867 -0.0111904144287109
0.0209674835205078 -0.0237140655517578 -0.00719738006591797 -0.00823974609375
0.0319633483886719 -0.00366973876953125 -0.0153846740722656 -0.0305461883544922
0.0263881683349609 0.0293655395507813 0.00938415527343751 -0.07208251953125
0.00962066650390625 0.0509681701660156 0.0421524047851563 -0.0853118896484375
-0.0144309997558594 0.0518150329589844 0.0450935363769531 -0.0609359741210937
-0.0143966674804687 0.0602607727050781 0.08062744140625 -0.007720947265625
0.0302276611328125 0.0404853820800781 0.0430946350097656 0.00958251953125
0.0279922485351562 0.00276374816894531 0.0383262634277344 0.0240554809570312
0.0182819366455078 -0.0121021270751953 0.0651702880859375 0.0156631469726563
0.00760269165039062 -0.0178184509277344 0.0714035034179688 -0.0155181884765625
-0.00683975219726563 -0.0224895477294922 0.0600700378417969 -0.0480918884277344
-0.0070037841796875 -0.0230598449707031 0.0445518493652344 -0.0545768737792969
-0.00288200378417969 -0.0212783813476563 0.0331153869628906 -0.0418548583984375
-0.0023651123046875 -0.0309810638427734 0.0289363861083984 -0.0202541351318359
0.0187950134277344 -0.0312747955322266 0.0182304382324219 -0.00295448303222656
0.0390357971191406 -0.0143585205078125 -0.0105047225952148 0.00146865844726562
0.0426406860351563 0.0128669738769531 -0.0224895477294922 -0.0204677581787109
0.0213966369628906 0.0495872497558594 -0.006591796875 -0.0638618469238281
-0.00937271118164062 0.0702438354492188 0.02685546875 -0.0725555419921875
-0.0369606018066406 0.06854248046875 0.0296096801757813 -0.0437736511230469
-0.0430717468261719 0.0675621032714844 0.0708236694335938 0.0186080932617188
0.00367355346679688 0.0640716552734375 0.0388336181640625 0.0335617065429688
0.0236587524414062 0.0322818756103516 0.0403480529785156 0.0400657653808594
0.033111572265625 0.0136947631835938 0.0681266784667969 0.0284423828125
0.0304641723632813 -0.00666999816894531 0.0751190185546875 -0.00511932373046875
0.0202808380126953 -0.0277328491210938 0.0653533935546875 -0.0393638610839844
0.0133171081542969 -0.0347423553466797 0.0471954345703125 -0.0440216064453125
0.0154953002929687 -0.0289592742919922 0.0331993103027344 -0.0308742523193359
0.0180511474609375 -0.0371131896972656 0.0275993347167969 -0.0088653564453125
0.035430908203125 -0.0313796997070313 0.0152578353881836 0.00789165496826172
0.0508079528808594 -0.0068359375 -0.0146465301513672 0.0125341415405273
0.0507850646972656 0.022705078125 -0.029510498046875 -0.00819015502929688
0.0205574035644531 0.0607643127441406 -0.0206642150878906 -0.0514183044433594
-0.0183334350585937 0.080352783203125 0.01007080078125 -0.0539360046386719
-0.0505905151367188 0.0762710571289063 0.0106201171875 -0.0225868225097656
-0.0650749206542969 0.0634346008300781 0.0479393005371094 0.0465278625488281
-0.0260162353515625 0.076507568359375 0.0228042602539063 0.0605506896972656
0.00910568237304688 0.0585098266601563 0.0362129211425781 0.0583305358886719
0.0393905639648437 0.0406684875488281 0.0640945434570313 0.0421676635742188
0.0482978820800781 0.00921630859375 0.0691070556640625 0.00626754760742188
0.0455741882324219 -0.0258445739746094 0.061309814453125 -0.0261955261230469
0.0338668823242188 -0.0391006469726562 0.0430335998535156 -0.0287208557128906
0.0314769744873047 -0.0326099395751953 0.0280170440673828 -0.0138435363769531
0.0347824096679688 -0.0397567749023438 0.0208740234375 0.0053558349609375
0.0481643676757813 -0.0303115844726563 0.00811386108398438 0.0188941955566406
0.0571937561035156 -0.00115966796875 -0.0188674926757812 0.0226669311523438
0.0533370971679688 0.02801513671875 -0.0335292816162109 0.00339126586914062
0.0199737548828125 0.0622787475585938 -0.0281295776367188 -0.0367927551269531
-0.0237503051757812 0.0809402465820313 -0.00109100341796875 -0.0282936096191406
-0.0577392578125 0.07513427734375 -0.00982666015625 0.000185966491699225
-0.076202392578125 0.0468902587890625 0.0165939331054687 0.0691986083984375
-0.0492324829101562 0.0708160400390625 -0.0009765625 0.0835647583007813
-0.0101127624511719 0.0700759887695313 0.0244064331054688 0.0730514526367188
0.0325469970703125 0.0597038269042969 0.0526351928710938 0.0515251159667969
0.0538215637207031 0.0265083312988281 0.0552253723144531 0.0163192749023438
0.06085205078125 -0.0157814025878906 0.0480194091796875 -0.0120735168457031
0.0475654602050781 -0.0377349853515625 0.0306015014648438 -0.00880813598632813
0.0417938232421875 -0.0316162109375 0.0179004669189453 0.00369453430175781
0.0459976196289063 -0.0369644165039063 0.0110740661621094 0.02081298828125
0.0557937622070313 -0.0248489379882813 -0.000101089477539056 0.0302257537841797
0.0584068298339844 0.00445556640625 -0.0236682891845703 0.0295982360839844
0.0506820678710938 0.0324668884277344 -0.0349636077880859 0.0105133056640625
0.0141983032226563 0.0607872009277344 -0.0280513763427734 -0.0226268768310547
-0.0297012329101562 0.0718841552734375 -0.0070343017578125 -0.00455236434936523
-0.0633773803710937 0.0626716613769531 -0.0299568176269531 0.0211124420166016
-0.0696067810058594 0.0208053588867187 -0.0139312744140625 0.0822982788085938
-0.0587310791015625 0.047271728515625 -0.0253829956054688 0.09649658203125
-0.0262336730957031 0.0596351623535156 0.0113143920898438 0.0810012817382813
0.0163536071777344 0.0632171630859375 0.034759521484375 0.0538978576660156
0.0451316833496094 0.0372543334960938 0.0352287292480469 0.0205574035644531
0.0621070861816406 -0.00204086303710938 0.0290279388427734 0.000898361206054687
0.0531692504882813 -0.0274925231933594 0.013636589050293 0.0088653564453125
0.0451202392578125 -0.02520751953125 0.00499153137207031 0.0210838317871094
0.0505027770996094 -0.0287933349609375 -5.34057617187466E-05 0.0347461700439453
0.0579032897949219 -0.0176124572753906 -0.0105972290039062 0.0385971069335938
0.0543212890625 0.01165771484375 -0.0291519165039063 0.0331954956054687
0.0420951843261719 0.0374717712402344 -0.0355377197265625 0.0121994018554687
0.00101089477539063 0.0563392639160156 -0.0256900787353516 -0.0126667022705078
-0.03839111328125 0.0548629760742188 -0.011723518371582 0.0127754211425781
-0.0652236938476563 0.03973388671875 -0.0482406616210938 0.0371551513671875
-0.0484275817871094 -0.00692367553710938 -0.03558349609375 0.0849685668945313
-0.0516128540039063 0.0149307250976563 -0.0424957275390625 0.098876953125
-0.0335559844970703 0.0339851379394531 -0.000282287597656257 0.0788040161132813
-0.00417327880859375 0.0493659973144531 0.02105712890625 0.0501136779785156
0.0264320373535156 0.0377006530761719 0.0187892913818359 0.0193939208984375
0.0513801574707031 0.0104217529296875 0.00951385498046876 0.00876235961914063
0.0491409301757812 -0.0132369995117188 -0.00359344482421875 0.0225582122802734
0.0431327819824219 -0.0153083801269531 -0.00785446166992187 0.0359573364257813
0.0471954345703125 -0.0191497802734375 -0.0128440856933594 0.0461540222167969
0.0531654357910156 -0.00648880004882813 -0.0244941711425781 0.0443534851074219
0.0477790832519531 0.0184249877929688 -0.0388717651367187 0.0337753295898438
0.0318260192871094 0.0408668518066406 -0.0384559631347656 0.0109939575195312
-0.0116958618164063 0.0499992370605469 -0.0256900787353516 -0.00736999511718749
-0.0463676452636719 0.0351486206054688 -0.0196590423583984 0.0229873657226563
-0.0622520446777344 0.0128364562988281 -0.0666923522949219 0.041748046875
-0.01873779296875 -0.0330600738525391 -0.0456008911132813 0.0780868530273438
-0.0316028594970703 -0.0184230804443359 -0.0479354858398437 0.0921859741210938
-0.0300273895263672 0.00039482116699219 -0.00185394287109375 0.0733261108398438
-0.0206012725830078 0.0240097045898437 0.0134315490722656 0.0411529541015625
0.00303459167480469 0.0295429229736328 0.00736808776855469 0.0136146545410156
0.0306472778320313 0.0213298797607422 -0.00738334655761719 0.0117053985595703
0.0372505187988281 0.0033416748046875 -0.0184917449951172 0.0298843383789062
0.0330162048339844 -0.00260543823242188 -0.0208587646484375 0.0449333190917969
0.0394248962402344 -0.0049896240234375 -0.0258903503417969 0.0540542602539062
0.0426406860351563 0.00432205200195313 -0.0400199890136719 0.0479621887207031
0.0356369018554688 0.0227546691894531 -0.0490989685058594 0.0321083068847656
0.0182113647460938 0.0393142700195313 -0.0443916320800781 0.00671768188476563
-0.0223274230957031 0.0393486022949219 -0.0289230346679688 -0.00890159606933593
-0.0498123168945313 0.0116844177246094 -0.0297908782958984 0.0236186981201172
-0.0519027709960938 -0.0177040100097656 -0.0826797485351563 0.0370941162109375
0.0170783996582031 0.0429725646972656 0.0826873779296875 -0.034210205078125
0.04876708984375 0.00857162475585938 0.0403099060058594 -0.0124320983886719
0.0253009796142578 -0.0270538330078125 0.0328445434570313 0.0124969482421875
-0.00103187561035156 -0.0318965911865234 0.0595703125 0.00439834594726562
-0.0169315338134766 -0.0221214294433594 0.0655593872070313 -0.0254249572753906
-0.0326004028320313 -0.0104236602783203 0.0512847900390625 -0.0548744201660156
-0.0267314910888672 -0.00459671020507813 0.0354843139648438 -0.0639305114746094
-0.0216808319091797 -0.00764083862304688 0.0275459289550781 -0.0510444641113281
-0.0270404815673828 -0.0172748565673828 0.0264663696289063 -0.0328655242919922
-0.00734138488769531 -0.0296516418457031 0.0197086334228516 -0.0151443481445313
0.0193042755126953 -0.0271205902099609 -0.00444126129150391 -0.00901508331298828
0.0323390960693359 -0.00834846496582031 -0.0134963989257813 -0.0311946868896484
0.0313129425048828 0.0283069610595703 0.00786590576171875 -0.073272705078125
0.01556396484375 0.0527992248535156 0.041229248046875 -0.0909042358398437
-0.00910186767578125 0.0551834106445313 0.0476646423339844 -0.0669403076171875
-0.0123252868652344 0.0629959106445313 0.0860214233398437 -0.0133209228515625
0.0327644348144531 0.0396804809570313 0.0457038879394531 0.00518417358398438
0.0284805297851563 0.00086212158203125 0.0387649536132813 0.0234718322753906
0.0185470581054687 -0.0133399963378906 0.0683555603027344 0.0149040222167969
0.00628852844238281 -0.0180492401123047 0.075042724609375 -0.0188751220703125
-0.00826644897460938 -0.02154541015625 0.0622596740722656 -0.0524520874023438
-0.007904052734375 -0.0220489501953125 0.0449676513671875 -0.0614166259765625
-0.00347900390625 -0.0208988189697266 0.03387451171875 -0.0474739074707031
-0.00392532348632812 -0.0306034088134766 0.0307598114013672 -0.0260734558105469
0.0165061950683594 -0.0327186584472656 0.0218067169189453 -0.00644302368164063
0.03912353515625 -0.0167198181152344 -0.00706958770751953 0.00122261047363281
0.0459861755371094 0.0102691650390625 -0.0197925567626953 -0.0193862915039062
0.0263595581054688 0.05072021484375 -0.00704574584960938 -0.0646934509277344
-0.00438690185546876 0.0752944946289063 0.0259323120117187 -0.0769577026367188
-0.0340042114257813 0.0744400024414063 0.0337448120117188 -0.0494537353515625
-0.0425643920898438 0.073089599609375 0.0781936645507813 0.015045166015625
0.00641632080078125 0.0679817199707031 0.0422515869140625 0.031341552734375
0.0241489410400391 0.0335540771484375 0.0422134399414063 0.0396957397460938
0.03466796875 0.0137863159179687 0.072601318359375 0.0281829833984375
0.0313186645507813 -0.00713157653808594 0.079132080078125 -0.0083465576171875
0.0201988220214844 -0.0286617279052734 0.0675315856933594 -0.0453376770019531
0.0134849548339844 -0.0360183715820313 0.0486984252929688 -0.0508575439453125
0.0157012939453125 -0.0321922302246094 0.0345344543457031 -0.0365371704101563
0.0178413391113281 -0.0393409729003906 0.0291919708251953 -0.0145626068115234
0.03564453125 -0.0348930358886719 0.0185756683349609 0.00389480590820312
0.0533523559570313 -0.00973129272460938 -0.0111761093139648 0.0114545822143555
0.0551300048828125 0.0213356018066406 -0.0269603729248047 -0.00704002380371094
0.0249824523925781 0.0635032653808594 -0.0212669372558594 -0.0512847900390625
-0.014923095703125 0.087799072265625 0.00985336303710937 -0.0562057495117187
-0.0501251220703125 0.0842819213867188 0.0142326354980469 -0.0262928009033203
-0.0698814392089844 0.0701408386230469 0.0559806823730469 0.0457077026367188
-0.0254440307617188 0.083709716796875 0.0275917053222656 0.0602493286132813
0.0104255676269531 0.062835693359375 0.0386199951171875 0.0587539672851563
0.0432586669921875 0.0431137084960938 0.0693092346191406 0.0428085327148438
0.0518569946289063 0.0092926025390625 0.0728530883789063 0.0044097900390625
0.0466995239257813 -0.0285224914550781 0.0635643005371094 -0.0315628051757813
0.0345649719238281 -0.0434608459472656 0.0439796447753906 -0.0337104797363281
0.0330238342285156 -0.0369338989257813 0.0292148590087891 -0.0191268920898438
0.0361747741699219 -0.0431251525878906 0.0236377716064453 0.00132179260253906
0.0503311157226563 -0.0344085693359375 0.0111665725708008 0.0159854888916016
0.0612564086914062 -0.00384140014648438 -0.0158119201660156 0.0218276977539062
0.0594940185546875 0.0276069641113281 -0.0309371948242187 0.00411605834960937
0.0231742858886719 0.0671272277832031 -0.0284042358398438 -0.0360832214355469
-0.0220947265625 0.0889663696289063 -0.000444412231445316 -0.0309638977050781
-0.0595626831054688 0.0831756591796875 -0.00655794143676758 -0.000560283660888668
-0.0821609497070313 0.0538711547851563 0.02423095703125 0.071197509765625
-0.0518035888671875 0.0788955688476563 0.00417327880859375 0.0863418579101563
-0.00920867919921875 0.0765533447265625 0.02728271484375 0.0737762451171875
0.0374259948730469 0.0648956298828125 0.0557022094726563 0.0530357360839844
0.059539794921875 0.0269279479980469 0.0582160949707031 0.0144920349121094
0.0652694702148438 -0.0197334289550781 0.0502433776855469 -0.0159988403320313
0.050140380859375 -0.0427513122558594 0.031829833984375 -0.0125293731689453
0.0444412231445313 -0.03662109375 0.0183181762695313 0.000448226928710935
0.0485916137695312 -0.0422821044921875 0.0137462615966797 0.0179862976074219
0.0591392517089844 -0.0308685302734375 0.00191307067871094 0.0279254913330078
0.063568115234375 0.00242233276367188 -0.0210647583007813 0.0296421051025391
0.0565834045410156 0.0338096618652344 -0.0330352783203125 0.0108737945556641
0.0169296264648438 0.0660057067871094 -0.0282917022705078 -0.0224685668945312
-0.029052734375 0.0805587768554687 -0.00538349151611328 -0.00543498992919921
-0.0654678344726563 0.0712356567382812 -0.0275859832763672 0.0222892761230469
-0.0756683349609375 0.0275115966796875 -0.00864410400390626 0.0877151489257813
-0.0626106262207031 0.0553817749023438 -0.0215988159179687 0.101295471191406
-0.0273590087890625 0.0674514770507813 0.0141677856445312 0.0810775756835938
0.0204238891601563 0.0693511962890625 0.0376472473144531 0.0559425354003906
0.0515556335449219 0.0391464233398437 0.0376968383789063 0.0200538635253906
0.068572998046875 -0.00654220581054688 0.0295429229736328 -0.000768661499023438
0.0552825927734375 -0.0339775085449219 0.0149049758911133 0.00718212127685547
0.0485267639160156 -0.0308189392089844 0.00564956665039063 0.0205020904541016
0.0536575317382812 -0.0354385375976563 0.00111961364746094 0.0342159271240234
0.0624580383300781 -0.0230445861816406 -0.0100898742675781 0.0382270812988281
0.0611915588378906 0.0098114013671875 -0.0288448333740234 0.034027099609375
0.049041748046875 0.0387420654296875 -0.0346927642822266 0.0126972198486328
0.00467681884765625 0.0630836486816406 -0.0256118774414063 -0.0129165649414063
-0.0395851135253906 0.0641250610351563 -0.00940322875976563 0.0142049789428711
-0.0684738159179688 0.0485763549804688 -0.0471038818359375 0.0400199890136719
-0.0557479858398437 -0.003875732421875 -0.033660888671875 0.0920944213867187
-0.057403564453125 0.0212783813476563 -0.0409927368164063 0.10406494140625
-0.0363044738769531 0.0399360656738281 0.00283050537109376 0.0815582275390625
-0.0020904541015625 0.0558395385742188 0.0211334228515625 0.0515861511230469
0.0310783386230469 0.0404891967773438 0.0181713104248047 0.0195350646972656
0.0565643310546875 0.00749588012695313 0.00886249542236328 0.00903892517089844
0.0527381896972656 -0.0190505981445312 -0.00338554382324218 0.0244026184082031
0.0449600219726563 -0.0196762084960938 -0.007476806640625 0.0368156433105469
0.0510520935058594 -0.0245246887207031 -0.0125350952148438 0.0477027893066406
0.0580024719238281 -0.0119514465332031 -0.0248947143554688 0.0457725524902344
0.0531005859375 0.0164604187011719 -0.0387115478515625 0.0344352722167969
0.0376625061035156 0.0424156188964844 -0.0388412475585938 0.01092529296875
-0.0096435546875 0.0567398071289063 -0.0250186920166016 -0.00832748413085938
-0.0493316650390625 0.0437431335449219 -0.0168704986572266 0.0248985290527344
-0.0671577453613281 0.0188407897949219 -0.0675773620605469 0.0468521118164063
-0.0253772735595703 -0.0340480804443359 -0.0456695556640625 0.08721923828125
-0.0374679565429687 -0.0160255432128906 -0.0467605590820313 0.0981292724609375
-0.0339317321777344 0.00462722778320312 2.53452368647129E-18 0.0753250122070313
-0.0198917388916016 0.0301036834716797 0.0134468078613281 0.042449951171875
0.00634765625 0.0336856842041016 0.00628662109375 0.0146017074584961
0.0362358093261719 0.01812744140625 -0.00865936279296875 0.0137062072753906
0.0403938293457031 -0.0021209716796875 -0.0191841125488281 0.0346202850341797
0.0358123779296875 -0.00588226318359375 -0.0201606750488281 0.0489082336425781
0.0412445068359375 -0.00975799560546875 -0.0256614685058594 0.0582199096679688
0.0463371276855469 -0.000728607177734375 -0.0400238037109375 0.0510406494140625
0.0400390625 0.0209236145019531 -0.0505828857421875 0.03460693359375
0.0234794616699219 0.0411911010742188 -0.0453262329101563 0.00758743286132812
-0.0220756530761719 0.0445976257324219 -0.0288715362548828 -0.00786781311035155
-0.0530319213867188 0.0183601379394531 -0.0287494659423828 0.0275859832763672
-0.0579833984375 -0.0133819580078125 -0.086181640625 0.0432815551757813
0.0214462280273437 0.0431900024414063 0.0863494873046875 -0.0441970825195313
0.0506973266601563 0.00180435180664063 0.0402069091796875 -0.0168571472167969
0.0238685607910156 -0.0315361022949219 0.0334529876708984 0.0106906890869141
-0.00399971008300781 -0.0337028503417969 0.0615692138671875 0.00179672241210937
-0.0202674865722656 -0.0208206176757813 0.0686492919921875 -0.0305709838867188
-0.0349006652832031 -0.00732803344726562 0.0528221130371094 -0.0602340698242187
-0.0277938842773438 -0.00174331665039062 0.033966064453125 -0.0711135864257813
-0.0252113342285156 -0.004913330078125 0.024932861328125 -0.0579986572265625
-0.030548095703125 -0.0145320892333984 0.02685546875 -0.0377578735351563
-0.0120754241943359 -0.0302581787109375 0.0221881866455078 -0.0206756591796875
0.0161952972412109 -0.0307598114013672 -0.00238513946533203 -0.0128955841064453
0.0321826934814453 -0.0135002136230469 -0.012542724609375 -0.0312938690185547
0.0369148254394531 0.0262413024902344 0.0045013427734375 -0.076416015625
0.023284912109375 0.0528907775878906 0.0372848510742188 -0.098541259765625
-0.00281143188476562 0.0581436157226563 0.0468292236328125 -0.0764083862304688
-0.00848007202148437 0.0657882690429687 0.09100341796875 -0.0224075317382813
0.0364227294921875 0.0375785827636719 0.0466842651367188 0.000579833984375002
0.0281867980957031 -0.00041961669921875 0.0413169860839844 0.0213356018066406
0.0177135467529297 -0.0150814056396484 0.0719833374023438 0.0131149291992187
0.00439262390136719 -0.0185871124267578 0.078765869140625 -0.0245590209960938
-0.0113754272460937 -0.0201587677001953 0.0630874633789063 -0.0598182678222656
-0.0100593566894531 -0.0217552185058594 0.0435028076171875 -0.0704803466796875
-0.00511741638183594 -0.0212116241455078 0.0323143005371094 -0.0539779663085938
-0.00672531127929687 -0.0299777984619141 0.0308322906494141 -0.0323734283447266
0.0129146575927734 -0.0342025756835938 0.0254230499267578 -0.0120124816894531
0.0388069152832031 -0.0216064453125 -0.00378823280334472 -0.000639915466308596
0.0495109558105469 0.0058746337890625 -0.0186176300048828 -0.0184993743896484
0.0327033996582031 0.0500259399414063 -0.009368896484375 -0.0656890869140625
0.00337982177734375 0.0795211791992188 0.0218429565429688 -0.0827178955078125
-0.0286865234375 0.081695556640625 0.0353965759277344 -0.0563468933105469
-0.0413894653320313 0.0812225341796875 0.0857620239257813 0.00916290283203126
0.0106277465820313 0.070587158203125 0.0460586547851563 0.0268173217773438
0.0259113311767578 0.0343494415283203 0.0446815490722656 0.0379295349121094
0.0375862121582031 0.0129890441894531 0.0783462524414063 0.025909423828125
0.0331363677978516 -0.00898361206054688 0.0830841064453125 -0.0140457153320312
0.0198650360107422 -0.0299015045166016 0.0692176818847656 -0.0523643493652344
0.0129547119140625 -0.0384445190429688 0.04803466796875 -0.0605239868164062
0.0148124694824219 -0.0354690551757812 0.0335769653320313 -0.0431442260742188
0.0154800415039062 -0.0430946350097656 0.0315017700195313 -0.0217647552490234
0.0351028442382813 -0.0382537841796875 0.0211982727050781 -0.00096702575683594
0.0554580688476562 -0.0148391723632812 -0.0075387954711914 0.00920677185058593
0.0607528686523437 0.0181999206542969 -0.0244617462158203 -0.00655364990234375
0.0317802429199219 0.0652847290039063 -0.022491455078125 -0.0521774291992187
-0.00855255126953126 0.094512939453125 0.00684356689453124 -0.05963134765625
-0.0467147827148438 0.0947113037109375 0.0164165496826172 -0.0300369262695312
-0.0689773559570313 0.0801010131835937 0.0644264221191406 0.0425033569335938
-0.0212020874023438 0.0904464721679688 0.0332183837890625 0.0573921203613281
0.0140914916992188 0.0672836303710937 0.0416259765625 0.0579109191894531
0.0485916137695313 0.0449333190917969 0.0750808715820313 0.0417022705078125
0.0573883056640625 0.0069732666015625 0.0775222778320313 -0.00128173828125
0.0488624572753906 -0.0333023071289063 0.0651664733886719 -0.0391960144042969
0.0334701538085938 -0.049072265625 0.0439682006835938 -0.0397682189941406
0.032867431640625 -0.0422439575195313 0.0283641815185547 -0.0253772735595703
0.0358428955078125 -0.0485610961914062 0.0247688293457031 -0.00436019897460938
0.0517730712890625 -0.0394668579101563 0.01434326171875 0.0118913650512695
0.0649223327636719 -0.00917434692382813 -0.0124778747558594 0.0198650360107422
0.0653343200683594 0.0250396728515625 -0.0291271209716797 0.00535964965820313
0.02972412109375 0.070892333984375 -0.0291709899902344 -0.0364761352539063
-0.01605224609375 0.09820556640625 -0.000740051269531253 -0.0325355529785156
-0.0568618774414062 0.0949020385742188 -0.00493001937866211 -0.00225543975830077
-0.085479736328125 0.0646438598632813 0.0318984985351562 0.0740127563476563
-0.0493698120117187 0.0900192260742188 0.0118560791015625 0.0880661010742187
-0.0066680908203125 0.0839996337890625 0.0318756103515625 0.0746002197265625
0.0459365844726563 0.0678215026855469 0.0601997375488281 0.0520362854003906
0.0663414001464844 0.026031494140625 0.0613746643066406 0.0130691528320313
0.0688362121582031 -0.0268402099609375 0.0498809814453125 -0.020904541015625
0.0491600036621094 -0.0497055053710938 0.0330295562744141 -0.0169124603271484
0.0448455810546875 -0.0429649353027344 0.0184803009033203 -0.00129318237304688
0.0480690002441406 -0.0497283935546875 0.0152206420898438 0.016230583190918
0.0610160827636719 -0.0383949279785156 0.00475120544433594 0.0247936248779297
0.0678901672363281 -0.0032806396484375 -0.0194015502929687 0.028533935546875
0.0634803771972656 0.0324478149414063 -0.03118896484375 0.0120601654052734
0.02239990234375 0.0713043212890625 -0.0293407440185547 -0.0218219757080078
-0.02569580078125 0.0913314819335937 -0.0033416748046875 -0.00664043426513671
-0.0647430419921875 0.0819778442382813 -0.0263519287109375 0.0240192413330078
-0.082763671875 0.0352859497070313 -0.000495910644531263 0.091094970703125
-0.0640068054199219 0.0664520263671875 -0.0159683227539063 0.10479736328125
-0.0264129638671875 0.0759201049804688 0.0189208984375 0.0825958251953125
0.0261001586914063 0.0747756958007813 0.0422477722167969 0.0560989379882813
0.0585136413574219 0.0382461547851563 0.0403366088867188 0.0202407836914063
0.0723495483398437 -0.0147781372070312 0.0322437286376953 -0.00169944763183594
0.0575065612792969 -0.0418548583984375 0.0146045684814453 0.00694751739501953
0.0483322143554688 -0.0382537841796875 0.00710296630859375 0.0188980102539062
0.0554161071777344 -0.0427742004394531 0.002899169921875 0.0343151092529297
0.0644760131835938 -0.0304222106933594 -0.00916671752929687 0.0375633239746094
0.0673866271972656 0.00574874877929688 -0.0281696319580078 0.0333690643310547
0.0584754943847656 0.0386199951171875 -0.0330276489257812 0.0152873992919922
0.00916290283203125 0.0686836242675781 -0.0254039764404297 -0.0144634246826172
-0.0374984741210938 0.0749893188476563 -0.00623226165771485 0.0149650573730469
-0.0692138671875 0.0587501525878906 -0.0463752746582031 0.0454635620117188
-0.0625572204589844 0.002044677734375 -0.0294113159179688 0.10113525390625
-0.0611381530761719 0.0288238525390625 -0.0357208251953125 0.110359191894531
-0.0369415283203125 0.0486221313476563 0.00707244873046875 0.0816192626953125
0.00339889526367187 0.0626678466796875 0.0235328674316406 0.0516586303710938
0.0391921997070313 0.0421791076660156 0.0185775756835938 0.0209732055664063
0.0632781982421875 0.00156784057617188 0.0081634521484375 0.0101966857910156
0.0548019409179687 -0.0272407531738281 -0.00152778625488281 0.0250530242919922
0.0461692810058594 -0.0271720886230469 -0.006072998046875 0.0393524169921875
0.0531654357910156 -0.031768798828125 -0.00967788696289062 0.05084228515625
0.0610084533691406 -0.0198936462402344 -0.0244483947753906 0.0490684509277344
0.0604057312011719 0.0126266479492188 -0.0385780334472656 0.0371856689453125
0.0457878112792969 0.0415306091308594 -0.0391654968261719 0.0129280090332031
-0.00561141967773437 0.0619735717773437 -0.0251922607421875 -0.00821685791015624
-0.0500717163085938 0.0523490905761719 -0.0148868560791016 0.0273342132568359
-0.071044921875 0.0282974243164063 -0.0667762756347656 0.0549583435058594
-0.0321502685546875 -0.0330238342285156 -0.0434494018554687 0.098052978515625
-0.0435676574707031 -0.0124359130859375 -0.0432586669921875 0.105644226074219
-0.0387039184570313 0.00971984863281249 0.003387451171875 0.0783920288085938
-0.0194320678710938 0.0345897674560547 0.0153656005859375 0.0425262451171875
0.0115165710449219 0.0357322692871094 0.00412940979003906 0.0174522399902344
0.0410118103027344 0.0146827697753906 -0.00997352600097656 0.0166501998901367
0.0445289611816406 -0.00820159912109375 -0.0170021057128906 0.0373611450195313
0.0371742248535156 -0.0107879638671875 -0.0185585021972656 0.0531044006347656
0.0434799194335937 -0.01611328125 -0.0240097045898437 0.0632400512695313
0.0513763427734375 -0.00644302368164063 -0.0387344360351562 0.0552482604980469
0.0462646484375 0.0188827514648437 -0.0529708862304688 0.0381622314453125
0.0290412902832031 0.042449951171875 -0.0483169555664063 0.00975799560546874
-0.0191993713378906 0.05047607421875 -0.0305023193359375 -0.00766372680664062
-0.0554962158203125 0.0268669128417969 -0.0267696380615234 0.0322360992431641
-0.0636100769042969 -0.00808715820312501 -0.0894393920898438 0.0531463623046875
0.0254325866699219 0.0421905517578125 0.0853424072265625 -0.0552291870117188
0.0497970581054688 -0.00551605224609375 0.0373764038085938 -0.0237655639648438
0.0182075500488281 -0.0354995727539063 0.0343399047851563 0.00970649719238281
-0.00896072387695313 -0.0347652435302734 0.0661048889160156 -0.00128173828125
-0.0238418579101563 -0.0174579620361328 0.0676536560058594 -0.0355453491210938
-0.0365676879882813 -0.000843048095703127 0.04620361328125 -0.0677490234375
-0.029449462890625 0.00209426879882813 0.0273513793945312 -0.0774154663085937
-0.0246486663818359 -0.000669479370117189 0.0207138061523438 -0.0626716613769531
-0.0325469970703125 -0.0109233856201172 0.0214920043945312 -0.044464111328125
-0.0172920227050781 -0.0285606384277344 0.0200366973876953 -0.0246486663818359
0.0102062225341797 -0.0332279205322266 -0.000678062438964844 -0.0119342803955078
0.0310611724853516 -0.0190715789794922 -0.0117874145507812 -0.0287361145019531
0.0385246276855469 0.0183753967285156 -0.000633239746093739 -0.07489013671875
0.0288810729980469 0.0495033264160156 0.0292739868164063 -0.104461669921875
0.00614166259765625 0.0569839477539063 0.0424423217773438 -0.0847091674804688
-0.00306320190429687 0.0685234069824219 0.0920333862304688 -0.03485107421875
0.040863037109375 0.0356292724609375 0.0469474792480469 -0.00632476806640625
0.0294170379638672 -0.00413131713867187 0.0424346923828125 0.0218124389648438
0.0172004699707031 -0.0150136947631836 0.0744705200195313 0.00699615478515625
0.00303840637207031 -0.0185070037841797 0.0813140869140625 -0.0285415649414063
-0.012603759765625 -0.0203132629394531 0.0601005554199219 -0.0692710876464844
-0.0113563537597656 -0.0199680328369141 0.0364456176757813 -0.077117919921875
-0.00591659545898438 -0.0199470520019531 0.0260848999023438 -0.0613288879394531
-0.00972366333007812 -0.0294933319091797 0.0267181396484375 -0.0387611389160156
0.006988525390625 -0.0372962951660156 0.0245819091796875 -0.0176372528076172
0.03802490234375 -0.0250282287597656 -0.000341892242431638 -0.00158178806304932
0.0474739074707031 0.001007080078125 -0.0177116394042969 -0.0191287994384766
0.0383224487304688 0.0480308532714844 -0.0116844177246094 -0.0643386840820313
0.0130233764648437 0.0834579467773438 0.0160446166992188 -0.0879058837890625
-0.0166091918945313 0.08551025390625 0.0320510864257813 -0.0627326965332031
-0.0361785888671875 0.0861053466796875 0.0867233276367187 0.000999450683593755
0.0164108276367188 0.07196044921875 0.050079345703125 0.0197486877441406
0.0297431945800781 0.0349864959716797 0.0466995239257813 0.0342445373535156
0.0410919189453125 0.0116996765136719 0.0809402465820313 0.0213851928710938
0.0351390838623047 -0.00954246520996094 0.0834579467773438 -0.0200042724609375
0.0179405212402344 -0.0302295684814453 0.0674552917480469 -0.0620193481445313
0.00988006591796875 -0.0394401550292969 0.0401115417480469 -0.0681419372558594
0.0135917663574219 -0.0372734069824219 0.0298995971679687 -0.0498809814453125
0.0123062133789062 -0.0452804565429688 0.0277423858642578 -0.0271377563476563
0.0310592651367187 -0.0428199768066406 0.0219478607177734 -0.00934219360351563
0.0554008483886719 -0.0200843811035156 -0.00228071212768554 0.00746583938598633
0.0611457824707031 0.0133399963378906 -0.023895263671875 -0.00833320617675781
0.0368576049804688 0.0645484924316406 -0.0250701904296875 -0.0502204895019531
-0.00223541259765625 0.0975418090820313 0.00418472290039062 -0.0617637634277344
-0.0367660522460938 0.100418090820313 0.0164260864257813 -0.0359840393066406
-0.067352294921875 0.0886688232421875 0.0723037719726563 0.0341644287109375
-0.015289306640625 0.0959014892578125 0.036529541015625 0.0550956726074219
0.0215988159179687 0.0715408325195313 0.046417236328125 0.0557937622070313
0.0549087524414063 0.041290283203125 0.0792770385742187 0.035736083984375
0.0591087341308594 0.00176620483398437 0.079315185546875 -0.00637054443359375
0.0476837158203125 -0.0389595031738281 0.0628662109375 -0.0443878173828125
0.0319099426269531 -0.0528602600097656 0.0393638610839844 -0.049530029296875
0.0318679809570313 -0.0468406677246094 0.0266895294189453 -0.0306224822998047
0.030975341796875 -0.0538597106933594 0.0232868194580078 -0.00946235656738282
0.0489578247070313 -0.04620361328125 0.0132064819335938 0.0065774917602539
0.0666351318359375 -0.0155677795410156 -0.00873947143554687 0.0182361602783203
0.0710525512695313 0.0195999145507813 -0.0263538360595703 0.00579261779785156
0.0370025634765625 0.0725173950195312 -0.0326938629150391 -0.0330581665039062
-0.00523376464843749 0.105056762695313 -0.00212287902832031 -0.0343914031982422
-0.04876708984375 0.105033874511719 -0.00357913970947266 -0.00565290451049804
-0.0832595825195312 0.07763671875 0.0418319702148438 0.0730514526367188
-0.0442047119140625 0.097320556640625 0.0179519653320312 0.0871124267578125
-0.000343322753906243 0.0888671875 0.0387039184570313 0.0745162963867188
0.0590744018554688 0.0690727233886719 0.0643463134765625 0.0503082275390625
0.0752334594726563 0.019561767578125 0.0649452209472656 0.00922775268554688
0.0680313110351563 -0.0312423706054688 0.04754638671875 -0.024810791015625
0.0462493896484375 -0.0540847778320313 0.0312919616699219 -0.0206718444824219
0.0438041687011719 -0.0489768981933594 0.017608642578125 -0.00862312316894532
0.0464134216308594 -0.056427001953125 0.0124282836914063 0.0115966796875
0.0594520568847656 -0.0464057922363281 0.00626182556152344 0.0217876434326172
0.0704116821289062 -0.0111770629882812 -0.0157966613769531 0.0278358459472656
0.0715103149414063 0.0253829956054687 -0.0294361114501953 0.0126667022705078
0.0282669067382812 0.0712356567382813 -0.0304508209228516 -0.0201835632324219
-0.0207443237304688 0.0997772216796875 -0.00445079803466797 -0.0066533088684082
-0.0620498657226562 0.0946807861328125 -0.019287109375 0.0254421234130859
-0.0838623046875 0.0461196899414063 0.00659179687499999 0.0959014892578125
-0.0611495971679687 0.077056884765625 -0.00626373291015625 0.108345031738281
-0.0186767578125 0.077362060546875 0.0231552124023438 0.0796661376953125
0.0349349975585938 0.0762481689453125 0.0463829040527344 0.0529441833496094
0.0640449523925781 0.0371818542480469 0.0412330627441406 0.0154151916503906
0.0737838745117188 -0.0229721069335937 0.0288639068603516 -0.00601005554199219
0.0526390075683594 -0.0514259338378906 0.0192165374755859 0.00455856323242187
0.0469322204589844 -0.0441741943359375 0.00738334655761719 0.0189266204833984
0.0505523681640625 -0.0532951354980469 0.00503349304199219 0.0342597961425781
0.0651779174804688 -0.0403366088867188 -0.007171630859375 0.0382003784179688
0.0724411010742187 -0.003173828125 -0.0235271453857422 0.0328235626220703
0.0641822814941406 0.0325469970703125 -0.031564712524414 0.0131874084472656
0.0145301818847656 0.0697555541992188 -0.0262279510498047 -0.0136127471923828
-0.03399658203125 0.084381103515625 -0.00012016296386719 0.0133085250854492
-0.06866455078125 0.0712203979492188 -0.0403709411621094 0.0464057922363281
-0.0678672790527344 0.00928497314453124 -0.019927978515625 0.104789733886719
-0.0608863830566406 0.037384033203125 -0.0260391235351563 0.11669921875
-0.0335006713867188 0.0558509826660156 0.01214599609375 0.0827484130859375
0.011749267578125 0.0678291320800781 0.0276908874511719 0.053131103515625
0.0480995178222656 0.0412750244140625 0.0197200775146484 0.0204524993896484
0.0670433044433594 -0.00440597534179688 0.00720405578613282 0.00936603546142578
0.0537796020507813 -0.0356903076171875 0.000251770019531253 0.0286521911621094
0.0459098815917969 -0.0332145690917969 -0.0020294189453125 0.040435791015625
0.0502853393554688 -0.0418739318847656 -0.00774002075195312 0.0516357421875
0.062103271484375 -0.0273475646972656 -0.0210647583007812 0.0506973266601562
0.0639839172363281 0.005126953125 -0.0377845764160156 0.0387191772460938
0.0530662536621094 0.0403060913085938 -0.0401802062988281 0.0136528015136719
0.00207138061523438 0.0665435791015625 -0.0268402099609375 -0.00713157653808593
-0.045623779296875 0.0633087158203125 -0.00993728637695313 0.0292778015136719
-0.0707626342773438 0.0382537841796875 -0.0622596740722656 0.0590782165527344
-0.0370826721191406 -0.027313232421875 -0.0390472412109375 0.104721069335938
-0.0482368469238281 -0.00426101684570312 -0.0338516235351563 0.113410949707031
-0.0395584106445313 0.0153732299804688 0.006591796875 0.0796279907226563
-0.0167045593261719 0.039093017578125 0.0144577026367188 0.0446510314941406
0.0182304382324219 0.0362205505371094 0.00485420227050781 0.017521858215332
0.045379638671875 0.0132408142089844 -0.00910949707031249 0.0193748474121094
0.0440521240234375 -0.013763427734375 -0.0132484436035156 0.0429115295410156
0.0359611511230469 -0.0155906677246094 -0.0127716064453125 0.0562019348144531
0.0426597595214844 -0.0243339538574219 -0.018157958984375 0.0664443969726562
0.0517120361328125 -0.0148124694824219 -0.0347709655761719 0.0594825744628906
0.0487823486328125 0.0130958557128906 -0.05169677734375 0.0406684875488281
0.0341339111328125 0.0388908386230469 -0.0459518432617188 0.0093841552734375
-0.0149307250976562 0.0545272827148438 -0.0275363922119141 -0.00274848937988281
-0.0521125793457031 0.0359153747558594 -0.0245265960693359 0.0336132049560547
-0.0660514831542969 0.000793457031249986 -0.0859909057617188 0.0624618530273438
0.0295219421386719 0.036865234375 0.07879638671875 -0.060638427734375
0.0491943359375 -0.00925827026367188 0.0330944061279297 -0.0265579223632812
0.0156288146972656 -0.0355720520019531 0.0326576232910156 0.00897216796875
-0.0128593444824219 -0.0316219329833984 0.0631179809570312 -0.00555801391601563
-0.0264987945556641 -0.0165653228759766 0.0663223266601563 -0.0421104431152344
-0.0355911254882813 0.003997802734375 0.044464111328125 -0.07171630859375
-0.0273113250732422 0.00607299804687501 0.021331787109375 -0.0796966552734375
-0.0236740112304688 0.001220703125 0.0150794982910156 -0.065093994140625
-0.0328884124755859 -0.00568199157714844 0.0172920227050781 -0.048095703125
-0.0200824737548828 -0.0242691040039063 0.0177536010742187 -0.0293006896972656
0.00692939758300781 -0.0334987640380859 4.38690185546882E-05 -0.016057014465332
0.0279750823974609 -0.0212440490722656 -0.0115795135498047 -0.0310478210449219
0.0421218872070313 0.0155105590820312 -0.00285339355468749 -0.0746383666992188
0.0366096496582031 0.0457992553710938 0.023529052734375 -0.103668212890625
0.0116462707519531 0.0582122802734375 0.03729248046875 -0.0909576416015625
0.00299835205078124 0.0680999755859375 0.0908966064453125 -0.0401687622070312
0.0399627685546875 0.030731201171875 0.0428276062011719 -0.0105628967285156
0.0265140533447266 -0.00478744506835938 0.0402336120605469 0.0172119140625
0.0144767761230469 -0.0155258178710938 0.0738296508789063 0.0032196044921875
0.00186920166015625 -0.0171489715576172 0.0769424438476562 -0.0372695922851563
-0.0133514404296875 -0.0153827667236328 0.0552597045898437 -0.0729904174804688
-0.0124416351318359 -0.0194950103759766 0.0313873291015625 -0.0820846557617188
-0.00725173950195312 -0.0191631317138672 0.020172119140625 -0.0643882751464844
-0.0115070343017578 -0.0261077880859375 0.0230751037597656 -0.0443344116210938
0.00666046142578125 -0.0356178283691406 0.0217361450195313 -0.0235176086425781
0.0339183807373047 -0.0276546478271484 -0.000169754028320311 -0.00680732727050782
0.0477561950683594 -0.00349044799804687 -0.0155220031738281 -0.0189189910888672
0.0429115295410156 0.0438728332519531 -0.0156898498535156 -0.0619468688964844
0.0203170776367187 0.0776214599609375 0.010040283203125 -0.0868988037109375
-0.010772705078125 0.0859756469726562 0.0293502807617188 -0.0689620971679688
-0.0299758911132812 0.0900497436523438 0.0889892578125 -0.00975799560546874
0.0213813781738281 0.070068359375 0.0469131469726563 0.0147552490234375
0.0308570861816406 0.0332355499267578 0.0460090637207031 0.0325164794921875
0.0399703979492188 0.00719833374023438 0.0810165405273438 0.0147476196289063
0.0330047607421875 -0.0134487152099609 0.0813751220703125 -0.0265579223632812
0.0160598754882812 -0.0322151184082031 0.0591278076171875 -0.0672149658203125
0.00736618041992188 -0.0402030944824219 0.0366668701171875 -0.0732345581054688
0.0104408264160156 -0.0385475158691406 0.0245704650878906 -0.0535430908203125
0.00963211059570313 -0.0448226928710938 0.0234184265136719 -0.0322227478027344
0.0278244018554687 -0.0449295043945313 0.0209579467773437 -0.0122165679931641
0.0534324645996094 -0.0246505737304688 -0.0025179386138916 0.00272488594055176
0.0650215148925781 0.00830078125 -0.0184955596923828 -0.00713348388671874
0.043975830078125 0.0606422424316406 -0.0263442993164063 -0.0478897094726562
0.0101242065429687 0.098480224609375 0.000320434570312506 -0.0635147094726563
-0.0278396606445312 0.104133605957031 0.0160140991210937 -0.0404014587402344
-0.0589981079101563 0.0978546142578125 0.0756912231445313 0.02789306640625
-0.00771331787109376 0.0982437133789063 0.0404243469238281 0.0474662780761719
0.0245895385742187 0.0709304809570313 0.0471000671386719 0.0503196716308594
0.0594215393066406 0.0377388000488281 0.07916259765625 0.0301513671875
0.0610847473144531 -0.00121688842773437 0.0767745971679688 -0.0121231079101563
0.0433540344238281 -0.042022705078125 0.0565261840820312 -0.0509796142578125
0.0257682800292969 -0.0569419860839844 0.0364418029785156 -0.0520248413085938
0.0274124145507813 -0.051483154296875 0.0223770141601563 -0.0345821380615234
0.0272064208984375 -0.0600547790527344 0.0199184417724609 -0.0143108367919922
0.0454826354980469 -0.0513114929199219 0.0142984390258789 0.000985145568847653
0.0668220520019531 -0.0223731994628906 -0.00767993927001953 0.0154991149902344
0.0724105834960938 0.0148239135742187 -0.0223941802978516 0.0039215087890625
0.0433425903320313 0.0689620971679688 -0.0313587188720703 -0.03118896484375
0.00223541259765626 0.106651306152344 -0.00378036499023437 -0.0360794067382813
-0.0403976440429687 0.109474182128906 -0.000222206115722659 -0.0079665184020996
-0.0797042846679688 0.0841903686523438 0.0488815307617187 0.0664100646972656
-0.0396041870117187 0.104248046875 0.0238265991210937 0.0816268920898438
0.0070648193359375 0.0922393798828125 0.0390129089355469 0.0676345825195313
0.0614013671875 0.0647697448730469 0.0681648254394531 0.0449104309082031
0.0752639770507813 0.0149459838867188 0.0621528625488281 0.00380706787109375
0.065582275390625 -0.0393333435058594 0.0460968017578125 -0.0296516418457031
0.0420303344726563 -0.0624275207519531 0.0280036926269531 -0.0259132385253906
0.0393447875976562 -0.0561981201171875 0.0190486907958984 -0.00824737548828125
0.040985107421875 -0.0638084411621094 0.0156478881835938 0.00802898406982422
0.0570297241210938 -0.0529403686523438 0.00582122802734375 0.0197906494140625
0.0736083984375 -0.0179824829101563 -0.0139598846435547 0.0262584686279297
0.0738754272460938 0.0197677612304687 -0.0253658294677734 0.0105381011962891
0.0367507934570313 0.0725479125976563 -0.028411865234375 -0.0190238952636719
-0.00925445556640626 0.101310729980469 -0.00332450866699219 -0.00945949554443359
-0.0530776977539062 0.0987625122070313 -0.0177822113037109 0.0233840942382813
-0.0815048217773438 0.05694580078125 0.0157394409179688 0.09173583984375
-0.0561752319335938 0.0841903686523437 0.00131225585937501 0.10638427734375
-0.0155563354492187 0.0880584716796875 0.0256881713867188 0.0785369873046875
0.04345703125 0.0746536254882813 0.0475425720214844 0.0503425598144531
0.0718460083007813 0.029022216796875 0.0406570434570313 0.014495849609375
0.073333740234375 -0.0303726196289063 0.0273933410644531 -0.00728607177734375
0.0510902404785156 -0.0558662414550781 0.016021728515625 0.00134563446044922
0.0435447692871094 -0.050811767578125 0.0104560852050781 0.0187053680419922
0.0469818115234375 -0.0574798583984375 0.00599479675292969 0.0304908752441406
0.0615730285644531 -0.0461463928222656 -0.00389480590820312 0.0351314544677734
0.073974609375 -0.009521484375 -0.0232734680175781 0.0347404479980469
0.069488525390625 0.0281524658203125 -0.0321712493896484 0.0140323638916016
0.0231170654296875 0.0714950561523438 -0.0256843566894531 -0.0114078521728516
-0.024078369140625 0.087432861328125 -0.00185108184814453 0.0123472213745117
-0.0622482299804688 0.07550048828125 -0.03594970703125 0.0486679077148438
-0.06829833984375 0.0169754028320313 -0.0113601684570313 0.107276916503906
-0.060211181640625 0.0461311340332031 -0.0162277221679687 0.116722106933594
-0.03277587890625 0.0610160827636719 0.0145263671875 0.07989501953125
0.0185203552246094 0.0667915344238281 0.0283584594726563 0.0506362915039063
0.0502548217773438 0.0351333618164063 0.0191459655761719 0.0198802947998047
0.0649032592773437 -0.0131340026855469 0.00864601135253906 0.0106096267700195
0.0504112243652344 -0.0418624877929688 0.00385284423828125 0.0271453857421875
0.0430374145507813 -0.0396080017089844 0.000381469726562507 0.0400848388671875
0.0475730895996094 -0.0466537475585938 -0.00458908081054687 0.0515823364257813
0.05938720703125 -0.0357131958007813 -0.0183486938476563 0.0499000549316406
0.0665931701660156 -0.000217437744140625 -0.03485107421875 0.0404777526855469
0.0577964782714844 0.0341606140136719 -0.0370826721191406 0.0152359008789062
0.00812911987304688 0.0666923522949219 -0.0246524810791016 -0.00752639770507811
-0.0405082702636719 0.0677680969238281 -0.00675201416015625 0.0272102355957031
-0.0682106018066406 0.0451889038085938 -0.0584754943847656 0.0639152526855469
-0.0431632995605469 -0.0240097045898438 -0.027618408203125 0.107322692871094
-0.0492820739746094 0.00130081176757812 -0.0263671875 0.113571166992187
-0.0379638671875 0.0217247009277344 0.011505126953125 0.074310302734375
-0.00972366333007813 0.0439720153808594 0.0172653198242187 0.0424423217773438
0.0227012634277344 0.0339584350585938 0.0032806396484375 0.0192050933837891
0.0459365844726563 0.00388336181640625 -0.00795555114746093 0.02313232421875
0.0412940979003906 -0.0192985534667969 -0.0102043151855469 0.0446357727050781
0.0360031127929687 -0.0224723815917969 -0.00827789306640625 0.0567474365234375
0.0397796630859375 -0.0273170471191406 -0.0139045715332031 0.0675163269042969
0.0487747192382813 -0.0207748413085938 -0.0327377319335938 0.0603446960449219
0.0519981384277344 0.00771713256835938 -0.0485687255859375 0.0453987121582031
0.0398941040039062 0.033538818359375 -0.046722412109375 0.0136260986328125
-0.00708389282226563 0.055328369140625 -0.0297050476074219 -0.00659751892089843
-0.0493888854980469 0.0408210754394531 -0.0175437927246094 0.0342960357666016
-0.0659751892089844 0.00914382934570311 -0.0807342529296875 0.0672683715820313
0.0309848785400391 0.0326519012451172 0.0750274658203125 -0.0629043579101563
0.0463829040527344 -0.0117149353027344 0.0291824340820313 -0.02685546875
0.0121383666992188 -0.0358734130859375 0.031158447265625 0.00819778442382813
-0.0151176452636719 -0.0299491882324219 0.0616188049316406 -0.00670242309570313
-0.0273208618164063 -0.0135650634765625 0.0637779235839844 -0.0435600280761719
-0.0342521667480469 0.00715637207031251 0.041900634765625 -0.0727615356445313
-0.0256309509277344 0.00787734985351563 0.01739501953125 -0.0807418823242188
-0.0230674743652344 0.00265693664550782 0.0104026794433594 -0.0654830932617188
-0.0312156677246094 -0.000890731811523436 0.0132179260253906 -0.0492210388183594
-0.021484375 -0.0213756561279297 0.017181396484375 -0.0325050354003906
0.0032958984375 -0.0334320068359375 0.000608444213867187 -0.0185184478759766
0.0256824493408203 -0.0218906402587891 -0.0102443695068359 -0.0305862426757812
0.0422401428222656 0.0105781555175781 -0.00421905517578125 -0.0711746215820313
0.0381622314453125 0.0405731201171875 0.0183868408203125 -0.101974487304688
0.0151710510253906 0.0541191101074219 0.0340957641601563 -0.0925979614257812
0.00601196289062501 0.0662269592285156 0.0855712890625 -0.0455398559570313
0.0403823852539063 0.0281753540039062 0.0396347045898438 -0.0133514404296875
0.0252094268798828 -0.00549125671386719 0.0396690368652344 0.0165443420410156
0.0126752853393555 -0.0153846740722656 0.072265625 8.39233398437491E-05
0.000707626342773438 -0.0162372589111328 0.0740203857421875 -0.0394210815429688
-0.0123262405395508 -0.0136384963989258 0.05072021484375 -0.074066162109375
-0.0116958618164062 -0.0172262191772461 0.0254974365234375 -0.0829391479492188
-0.00742340087890625 -0.0191612243652344 0.0160942077636719 -0.0656318664550781
-0.0118389129638672 -0.0240688323974609 0.0185050964355469 -0.0472831726074219
0.00410652160644531 -0.0342864990234375 0.0205554962158203 -0.0270423889160156
0.0300369262695313 -0.0298404693603516 0.00153732299804688 -0.0100250244140625
0.0462188720703125 -0.00576400756835938 -0.0131206512451172 -0.0194664001464844
0.0435104370117188 0.039398193359375 -0.0158920288085937 -0.0594215393066406
0.0241851806640625 0.0742340087890625 0.00772857666015625 -0.0858383178710937
-0.00628662109375 0.08367919921875 0.0272674560546875 -0.071441650390625
-0.0248794555664063 0.0909957885742187 0.087615966796875 -0.0153274536132812
0.0231170654296875 0.0676002502441406 0.0451011657714844 0.0108146667480469
0.0311546325683594 0.0332832336425781 0.045318603515625 0.0304298400878906
0.0401382446289063 0.00748443603515625 0.0792312622070313 0.0120162963867188
0.0322742462158203 -0.0132961273193359 0.0789031982421875 -0.0293426513671875
0.0140132904052734 -0.0315361022949219 0.055267333984375 -0.0676651000976563
0.00531387329101563 -0.0404205322265625 0.0311279296875 -0.0739059448242188
0.00870513916015625 -0.0387420654296875 0.019317626953125 -0.0553932189941406
0.00702285766601563 -0.0447731018066406 0.0203857421875 -0.035552978515625
0.0255279541015625 -0.0455284118652344 0.0192413330078125 -0.0164909362792969
0.0508956909179688 -0.0275382995605469 -0.00133883953094482 0.00037407875061035
0.0630302429199219 0.00364303588867188 -0.0173759460449219 -0.00804805755615235
0.0470237731933594 0.0573997497558594 -0.0263214111328125 -0.0449790954589844
0.0155715942382813 0.0965652465820313 -0.00151443481445312 -0.0629997253417969
-0.0218429565429688 0.102798461914063 0.0150680541992187 -0.0429725646972656
-0.0536956787109375 0.100135803222656 0.0752487182617188 0.0224838256835938
-0.002349853515625 0.0967864990234375 0.0403480529785156 0.04315185546875
0.0274314880371094 0.0701751708984375 0.0457305908203125 0.0478591918945313
0.06005859375 0.0353279113769531 0.079071044921875 0.0258865356445313
0.0605354309082031 -0.0048828125 0.074462890625 -0.0155258178710938
0.0416069030761719 -0.04217529296875 0.0534591674804688 -0.0526008605957031
0.0232162475585938 -0.0564384460449219 0.03216552734375 -0.0539016723632812
0.0237579345703125 -0.0524711608886719 0.0194091796875 -0.03582763671875
0.0241165161132813 -0.0589561462402344 0.0177040100097656 -0.0172061920166016
0.0426177978515625 -0.0536880493164063 0.014002799987793 -0.00185203552246094
0.0649757385253906 -0.0258598327636719 -0.00614070892333984 0.011622428894043
0.072845458984375 0.00949859619140625 -0.0206718444824219 0.0021514892578125
0.0468788146972656 0.0661392211914063 -0.0297966003417969 -0.0305976867675781
0.00854492187500001 0.10528564453125 -0.00385284423828125 -0.0364608764648437
-0.0340347290039063 0.109123229980469 0.000580787658691405 -0.0100812911987305
-0.0740966796875 0.0892868041992187 0.051177978515625 0.0594863891601563
-0.0324325561523438 0.104942321777344 0.0265731811523437 0.0756912231445313
0.0118179321289062 0.092437744140625 0.0387306213378906 0.0648574829101563
0.06396484375 0.0603103637695313 0.0668220520019531 0.0405616760253906
0.0759124755859375 0.01043701171875 0.0606689453125 0.000881195068359376
0.0620613098144531 -0.0432167053222656 0.0428390502929688 -0.0307350158691406
0.0377883911132813 -0.0635986328125 0.0272350311279297 -0.0273380279541016
0.0351448059082031 -0.0582656860351563 0.0157222747802734 -0.0111541748046875
0.0365562438964844 -0.0656013488769531 0.0133609771728516 0.00544357299804687
0.0529670715332031 -0.0561294555664063 0.00626182556152344 0.0153923034667969
0.0723648071289063 -0.0221786499023437 -0.0129890441894531 0.0234432220458984
0.0753707885742188 0.015380859375 -0.0243263244628906 0.00919342041015625
0.0407791137695313 0.0697593688964844 -0.028594970703125 -0.0184974670410156
-0.00251007080078125 0.102561950683594 -0.00143909454345703 -0.0103273391723633
-0.045257568359375 0.100601196289063 -0.01531982421875 0.0219573974609375
-0.078369140625 0.06182861328125 0.020965576171875 0.0884552001953125
-0.0517120361328125 0.0862045288085938 0.005584716796875 0.100288391113281
-0.0108184814453125 0.0907745361328125 0.0268173217773437 0.0748138427734375
0.0488128662109375 0.0721511840820313 0.0484161376953125 0.0482025146484375
0.0735626220703125 0.0240020751953125 0.0398521423339844 0.0136222839355469
0.0705032348632813 -0.0343551635742188 0.0261020660400391 -0.00806617736816406
0.0458984375 -0.0591850280761719 0.0164670944213867 0.00164794921875
0.0406303405761719 -0.0541152954101563 0.010401725769043 0.0160341262817383
0.0431365966796875 -0.0624618530273437 0.00613021850585938 0.0286655426025391
0.057952880859375 -0.051422119140625 -0.00520896911621093 0.0330772399902344
0.0726394653320312 -0.0137405395507812 -0.0214920043945313 0.0326251983642578
0.0704727172851563 0.0237274169921875 -0.0292377471923828 0.0135555267333984
0.02728271484375 0.0703048706054688 -0.0262966156005859 -0.0113925933837891
-0.0181503295898437 0.0907058715820312 0.000377655029296874 0.0104475021362305
-0.0564727783203125 0.0800552368164063 -0.0328292846679688 0.0480575561523438
-0.0676841735839844 0.0220298767089844 -0.00588226318359376 0.10546875
-0.0573692321777344 0.0496063232421875 -0.012054443359375 0.112190246582031
-0.0284233093261719 0.0640335083007813 0.016357421875 0.0766067504882813
0.0223808288574219 0.0657005310058594 0.0293693542480469 0.0482368469238281
0.0534629821777344 0.0315093994140625 0.0185546875 0.0201606750488281
0.0632820129394531 -0.0177841186523438 0.00877761840820313 0.0106420516967773
0.0462799072265625 -0.0444831848144531 0.00447654724121094 0.0264205932617187
0.0405616760253906 -0.0426597595214844 0.00278472900390626 0.0390586853027344
0.0441932678222656 -0.0510787963867188 -0.00240325927734374 0.04986572265625
0.0563697814941406 -0.040283203125 -0.0169334411621094 0.0486106872558594
0.0659904479980469 -0.00572967529296875 -0.0332412719726562 0.0394325256347656
0.0595474243164063 0.029144287109375 -0.0360374450683594 0.0146522521972656
0.0119705200195313 0.0666122436523438 -0.0251312255859375 -0.00767517089843749
-0.0353851318359375 0.0719833374023438 -0.00475502014160157 0.0258159637451172
-0.0641822814941406 0.0495491027832031 -0.0532875061035156 0.064300537109375
-0.0446319580078125 -0.0205841064453125 -0.0223846435546875 0.106254577636719
-0.0492134094238281 0.0041656494140625 -0.0210952758789062 0.111251831054688
-0.0370826721191406 0.0259628295898437 0.011444091796875 0.0710830688476563
-0.00458526611328125 0.0443611145019531 0.0164527893066406 0.04193115234375
0.0261650085449219 0.0314579010009766 0.00335121154785156 0.019927978515625
0.0450286865234375 -0.0005950927734375 -0.00695610046386718 0.0239391326904297
0.0389976501464844 -0.0233802795410156 -0.00649642944335937 0.0443954467773438
0.0337429046630859 -0.0250930786132813 -0.00440216064453125 0.0579452514648438
0.0374717712402344 -0.0323448181152344 -0.0108985900878906 0.0668182373046875
0.0470008850097656 -0.0246009826660156 -0.0301017761230469 0.0620040893554688
0.052001953125 0.00372314453125 -0.0459709167480469 0.0445671081542969
0.0424537658691406 0.0318374633789063 -0.0454063415527344 0.0141220092773438
-0.00405120849609376 0.0554046630859375 -0.0278072357177734 -0.00655364990234375
-0.0465126037597656 0.0444450378417969 -0.0148525238037109 0.0348033905029297
-0.0633773803710938 0.0127754211425781 -0.074951171875 0.0692291259765625
0.0320320129394531 0.0317726135253906 0.0735626220703125 -0.064178466796875
0.0447273254394531 -0.0138015747070313 0.0269050598144531 -0.0270633697509766
0.0108680725097656 -0.0355453491210938 0.0310192108154297 0.00880813598632812
-0.0165882110595703 -0.0289287567138672 0.0613517761230469 -0.00656890869140625
-0.0273513793945313 -0.01214599609375 0.0631866455078125 -0.044403076171875
-0.0326271057128906 0.00884246826171875 0.0404739379882813 -0.0733642578125
-0.0250225067138672 0.00892257690429688 0.0152969360351562 -0.0803375244140625
-0.0218181610107422 0.00305557250976563 0.00833511352539062 -0.0668411254882813
-0.0298595428466797 0.000164031982421876 0.0120086669921875 -0.0505867004394531
-0.0215969085693359 -0.0190811157226563 0.0148830413818359 -0.0350723266601563
0.000715255737304687 -0.0327091217041016 0.00156974792480469 -0.0203475952148438
0.0237979888916016 -0.0225868225097656 -0.00842857360839844 -0.0319175720214844
0.0421218872070313 0.0079803466796875 -0.00354766845703125 -0.0703125
0.0392990112304687 0.0376358032226563 0.017578125 -0.100563049316406
0.016876220703125 0.0510902404785156 0.0328140258789063 -0.094085693359375
0.00735092163085937 0.0651664733886719 0.0844497680664063 -0.0470352172851563
0.0397071838378906 0.0262069702148438 0.0366172790527344 -0.0151214599609375
0.0239448547363281 -0.00462532043457031 0.0384559631347656 0.0167655944824219
0.0118484497070313 -0.0148916244506836 0.0716552734375 0.000450134277343749
0.000760078430175781 -0.015528678894043 0.0726470947265625 -0.0398635864257813
-0.0116262435913086 -0.0120763778686523 0.04925537109375 -0.0754623413085938
-0.0115900039672852 -0.0166149139404297 0.0234451293945313 -0.083282470703125
-0.00793266296386719 -0.0193080902099609 0.0130233764648437 -0.0661239624023438
-0.0118885040283203 -0.0236282348632813 0.0159568786621094 -0.0481986999511719
0.00295066833496094 -0.0332374572753906 0.0197505950927734 -0.0304183959960938
0.0278873443603516 -0.0294513702392578 0.00238132476806641 -0.0124835968017578
0.0457038879394531 -0.00705718994140625 -0.0106353759765625 -0.0207538604736328
0.0442695617675781 0.0372428894042969 -0.0141792297363281 -0.0582542419433594
0.0262527465820312 0.0727081298828125 0.007415771484375 -0.085113525390625
-0.00392913818359374 0.0819244384765625 0.0271682739257813 -0.0732345581054688
-0.0225601196289063 0.091217041015625 0.0860137939453125 -0.0178451538085937
0.0232124328613281 0.0675392150878906 0.0423355102539063 0.00835037231445313
0.0317039489746094 0.0339813232421875 0.044036865234375 0.0298805236816406
0.0401573181152344 0.0066070556640625 0.0783920288085938 0.0111083984375
0.0315227508544922 -0.0141677856445313 0.0778121948242188 -0.0307159423828125
0.0147762298583984 -0.0305652618408203 0.0540008544921875 -0.0690383911132813
0.00485610961914062 -0.0404090881347656 0.0290374755859375 -0.07470703125
0.00789260864257813 -0.0393333435058594 0.0159721374511719 -0.0562591552734375
0.006103515625 -0.0446929931640625 0.0171699523925781 -0.0368728637695313
0.0242118835449219 -0.0462875366210938 0.0177841186523438 -0.0199394226074219
0.0499649047851562 -0.0284652709960938 -0.000755310058593747 -0.00284051895141602
0.0626411437988281 0.0019989013671875 -0.0151357650756836 -0.0102939605712891
0.0475845336914062 0.0564498901367187 -0.0247459411621094 -0.0442962646484375
0.0179595947265625 0.0952377319335938 -0.00146102905273437 -0.0628242492675781
-0.0188751220703125 0.102226257324219 0.0151443481445312 -0.045074462890625
-0.0520095825195313 0.101875305175781 0.0750656127929688 0.018890380859375
-0.00144958496093751 0.0974884033203125 0.0392646789550781 0.0398941040039063
0.0286407470703125 0.0707244873046875 0.0444183349609375 0.0473175048828125
0.061553955078125 0.0340385437011719 0.0772857666015625 0.025390625
0.061065673828125 -0.00622940063476562 0.0739593505859375 -0.0154876708984375
0.0409011840820313 -0.0433120727539062 0.0513534545898438 -0.0527763366699219
0.0214271545410156 -0.05718994140625 0.0293464660644531 -0.0552520751953125
0.0224113464355469 -0.0536689758300781 0.0163917541503906 -0.03704833984375
0.0221748352050781 -0.0605697631835938 0.0159835815429688 -0.0195255279541016
0.0395393371582031 -0.0549659729003906 0.0129947662353516 -0.00490665435791016
0.0643577575683594 -0.0282020568847656 -0.00579833984374999 0.00892066955566406
0.0737380981445313 0.0079803466796875 -0.0193748474121094 -0.00012779235839844
0.0488319396972656 0.0664100646972656 -0.0288963317871094 -0.0306301116943359
0.0113143920898438 0.105194091796875 -0.00360870361328125 -0.0371932983398438
-0.0310745239257812 0.1094970703125 0.00198650360107422 -0.0125465393066406
-0.073089599609375 0.0916213989257812 0.0517692565917969 0.0571479797363281
-0.0294265747070313 0.106033325195312 0.0258941650390625 0.0727310180664063
0.0130462646484375 0.0942916870117188 0.0376968383789063 0.0636100769042969
0.0656471252441406 0.0596160888671875 0.0659217834472656 0.0399436950683594
0.077178955078125 0.00800323486328125 0.0599479675292969 0.00126266479492188
0.061798095703125 -0.0449981689453125 0.0415802001953125 -0.03070068359375
0.0361976623535156 -0.0650444030761719 0.0262088775634766 -0.0284271240234375
0.033477783203125 -0.0603828430175781 0.0148506164550781 -0.0118789672851563
0.0344352722167969 -0.0671882629394531 0.0115146636962891 0.00288295745849609
0.0510711669921875 -0.0587997436523438 0.00547313690185547 0.0129632949829102
0.0723037719726563 -0.0244216918945313 -0.012542724609375 0.0209484100341797
0.0766754150390625 0.0132064819335938 -0.0231704711914062 0.00742721557617188
0.0428657531738281 0.0700798034667969 -0.0277004241943359 -0.0189170837402344
0.000930786132812504 0.10302734375 -0.00116062164306641 -0.0110378265380859
-0.042633056640625 0.102073669433594 -0.0133533477783203 0.0192642211914063
-0.0779342651367187 0.0638580322265625 0.0225067138671875 0.0872955322265625
-0.0494842529296875 0.0886993408203125 0.00634002685546875 0.0976104736328125
-0.00846099853515625 0.092254638671875 0.0260238647460938 0.0731201171875
0.0521774291992188 0.0718765258789063 0.0471954345703125 0.0476417541503906
0.073974609375 0.0215911865234375 0.0384101867675781 0.0137367248535156
0.0694541931152344 -0.0357131958007813 0.0255775451660156 -0.0072021484375
0.0437164306640625 -0.0609321594238281 0.0167732238769531 0.00116634368896484
0.0390434265136719 -0.0565834045410156 0.0103464126586914 0.0140256881713867
0.0412635803222656 -0.0640869140625 0.005706787109375 0.0274543762207031
0.0554885864257812 -0.0539894104003906 -0.00469207763671875 0.0308036804199219
0.0731277465820313 -0.0184478759765625 -0.0220012664794922 0.0308971405029297
0.0726547241210938 0.0202560424804688 -0.0283794403076172 0.0122928619384766
0.0305557250976562 0.0705795288085938 -0.0249729156494141 -0.0118560791015625
-0.0153656005859375 0.0928802490234375 0.00047779083251953 0.00953388214111329
-0.0542755126953125 0.0820846557617188 -0.0304336547851563 0.0458755493164063
-0.0680351257324219 0.0248298645019531 -0.00405120849609375 0.104660034179688
-0.0558204650878906 0.0521278381347656 -0.0107879638671875 0.110000610351563
-0.0273933410644531 0.0664100646972656 0.0152816772460937 0.0743179321289063
0.025634765625 0.0656013488769531 0.0282173156738281 0.047637939453125
0.0555686950683594 0.029541015625 0.0183525085449219 0.0215663909912109
0.0635986328125 -0.0202598571777344 0.00822830200195313 0.0119361877441406
0.0449409484863281 -0.0467109680175781 0.00529098510742188 0.025665283203125
0.0384521484375 -0.0457534790039063 0.00374221801757813 0.0380973815917969
0.0411262512207031 -0.0527305603027344 -0.00159072875976562 0.048583984375
0.05450439453125 -0.0436897277832031 -0.0169296264648437 0.0480804443359375
0.0667839050292969 -0.00879287719726563 -0.0331573486328125 0.0386962890625
0.0617218017578125 0.0269241333007812 -0.0351123809814453 0.0137367248535156
0.0143775939941406 0.0675048828125 -0.0242195129394531 -0.00793647766113281
-0.0324325561523438 0.0740509033203125 -0.00316047668457031 0.0250949859619141
-0.0622634887695313 0.0519142150878906 -0.0513496398925781 0.0634956359863281
-0.0457839965820312 -0.0181617736816406 -0.0212173461914063 0.107025146484375
-0.0490303039550781 0.00702667236328126 -0.019012451171875 0.109718322753906
-0.0363044738769531 0.0286521911621094 0.0106658935546875 0.068878173828125
-0.00239944458007812 0.0455093383789063 0.0156822204589844 0.04205322265625
0.0281734466552734 0.0301971435546875 0.00291252136230469 0.0218143463134766
0.0455093383789063 -0.00426483154296875 -0.00635719299316406 0.0249404907226563
0.0380287170410156 -0.0255393981933594 -0.00450515747070313 0.04473876953125
0.0321826934814453 -0.0269527435302734 -0.0028839111328125 0.0568923950195313
0.0356369018554688 -0.0342254638671875 -0.0101432800292969 0.0664939880371094
0.0460968017578125 -0.0271949768066406 -0.0291671752929688 0.0616073608398437
0.053070068359375 0.0005035400390625 -0.0454444885253906 0.0438575744628906
0.0439300537109375 0.0298423767089844 -0.0448036193847656 0.0139808654785156
-0.00197219848632812 0.0561981201171875 -0.0278587341308594 -0.00787353515625
-0.0445671081542969 0.0467300415039063 -0.0126571655273438 0.0340213775634766
-0.0625839233398438 0.0164794921875 -0.0736083984375 0.06927490234375
0.0335235595703125 0.0307941436767578 0.0745697021484375 -0.0660171508789063
0.0444183349609375 -0.0147514343261719 0.0259342193603516 -0.0276012420654297
0.0101737976074219 -0.0358200073242188 0.0300235748291016 0.00932693481445312
-0.0173740386962891 -0.0280418395996094 0.0619392395019531 -0.00632858276367188
-0.0288410186767578 -0.0110569000244141 0.0642509460449219 -0.0451889038085938
-0.0322532653808594 0.0109653472900391 0.0410003662109375 -0.0762557983398437
-0.0240669250488281 0.0101337432861328 0.015289306640625 -0.083221435546875
-0.0217494964599609 0.00452423095703125 0.00725173950195312 -0.0679397583007813
-0.0297203063964844 0.00250816345214843 0.0104331970214844 -0.0528335571289062
-0.0233058929443359 -0.0178852081298828 0.0148239135742187 -0.0377731323242188
-0.000909805297851561 -0.0325832366943359 0.00197219848632813 -0.0225486755371094
0.0232791900634766 -0.0239048004150391 -0.00608634948730469 -0.0338954925537109
0.0432281494140625 0.00632858276367188 -0.00177764892578125 -0.0709915161132813
0.0406341552734375 0.0360298156738281 0.0177841186523438 -0.101943969726563
0.0186576843261719 0.051055908203125 0.0332794189453125 -0.0975189208984375
0.00891876220703126 0.0663032531738281 0.0866470336914062 -0.0486831665039062
0.0400009155273438 0.0264625549316406 0.0365753173828125 -0.0149955749511719
0.023834228515625 -0.00417900085449219 0.0372352600097656 0.0180473327636719
0.0114707946777344 -0.0150909423828125 0.0726089477539062 0.000442504882812499
0.00067138671875 -0.0158052444458008 0.0746002197265625 -0.0416030883789062
-0.0119657516479492 -0.0115165710449219 0.0500717163085937 -0.0778884887695313
-0.0108623504638672 -0.0166225433349609 0.022430419921875 -0.0854568481445312
-0.00762176513671875 -0.0194931030273438 0.0121536254882813 -0.0686531066894531
-0.0115184783935547 -0.0227165222167969 0.014495849609375 -0.05126953125
0.00252723693847656 -0.0334796905517578 0.0188751220703125 -0.0338153839111328
0.0277462005615234 -0.0301876068115234 0.00290393829345703 -0.0157861709594727
0.0453529357910156 -0.0076751708984375 -0.00884437561035156 -0.0232219696044922
0.0451545715332031 0.0371513366699219 -0.0131492614746094 -0.0593986511230469
0.0282440185546875 0.0723190307617188 0.00795745849609376 -0.0863418579101562
-0.00237274169921874 0.0832443237304688 0.027374267578125 -0.0764617919921875
-0.0225296020507813 0.0933303833007813 0.0874862670898438 -0.0188751220703125
0.0249176025390625 0.0676727294921875 0.0420379638671875 0.0073089599609375
0.0324668884277344 0.0353927612304688 0.0432968139648438 0.0313873291015625
0.0421943664550781 0.00697708129882813 0.08001708984375 0.0117874145507813
0.0327053070068359 -0.0141925811767578 0.07879638671875 -0.031707763671875
0.0148391723632813 -0.03143310546875 0.0543594360351563 -0.0707244873046875
0.00396728515625 -0.0418319702148438 0.0273208618164063 -0.0772857666015625
0.00733566284179688 -0.04150390625 0.0145225524902344 -0.0592041015625
0.00640487670898437 -0.0456352233886719 0.0149307250976562 -0.0397796630859375
0.0235633850097656 -0.0469589233398438 0.0171184539794922 -0.0231685638427734
0.0500526428222656 -0.0302848815917969 -0.000491142272949215 -0.00604724884033203
0.0636672973632813 0.000705718994140625 -0.0141067504882812 -0.0127191543579102
0.049591064453125 0.0571060180664063 -0.0230522155761719 -0.0448570251464844
0.0204315185546875 0.09674072265625 -0.000946044921874998 -0.0648269653320313
-0.0180740356445313 0.103675842285156 0.0163078308105469 -0.0475921630859375
-0.0522079467773437 0.10565185546875 0.0766067504882813 0.0188369750976563
-0.000602722167968747 0.099609375 0.0386924743652344 0.0390625
0.0306015014648437 0.0742874145507813 0.04302978515625 0.0488471984863281
0.0634765625 0.0345687866210938 0.0780715942382813 0.0262298583984375
0.0625457763671875 -0.00732803344726563 0.0746002197265625 -0.01605224609375
0.0413780212402344 -0.0438499450683594 0.0510826110839844 -0.0542869567871094
0.0206832885742188 -0.0599899291992188 0.0288658142089844 -0.0577468872070313
0.0223007202148438 -0.0558891296386719 0.0157241821289063 -0.0393486022949219
0.0218582153320312 -0.0628280639648438 0.0140304565429688 -0.0213813781738281
0.0401115417480469 -0.0568122863769531 0.0117101669311523 -0.00772190093994141
0.0661125183105469 -0.0304450988769531 -0.00600290298461914 0.00667667388916016
0.0761337280273438 0.0067291259765625 -0.0181598663330078 -0.00224113464355469
0.0516510009765625 0.0672416687011719 -0.0284290313720703 -0.0310993194580078
0.01409912109375 0.108345031738281 -0.00321197509765625 -0.0389633178710937
-0.0303878784179688 0.112220764160156 0.00306606292724609 -0.0146389007568359
-0.0732421875 0.0965499877929688 0.0538749694824219 0.0568618774414063
-0.028350830078125 0.109603881835938 0.0262680053710937 0.0714111328125
0.0150680541992188 0.0987472534179687 0.0367584228515625 0.0645370483398437
0.069854736328125 0.0597953796386719 0.066436767578125 0.0412979125976563
0.0797042846679688 0.00653076171875 0.0607528686523438 0.00157546997070313
0.0622367858886719 -0.0465278625488281 0.0411605834960938 -0.0309600830078125
0.0350990295410156 -0.0683403015136719 0.0251121520996094 -0.0292568206787109
0.0328483581542969 -0.0635528564453125 0.0142917633056641 -0.0140371322631836
0.033203125 -0.07012939453125 0.0100793838500977 0.00251483917236328
0.0512809753417969 -0.0615348815917969 0.0041494369506836 0.0105733871459961
0.0741958618164063 -0.0272750854492188 -0.0138015747070312 0.0189914703369141
0.0791778564453125 0.011962890625 -0.02294921875 0.00545120239257812
0.04498291015625 0.0715408325195313 -0.0271530151367187 -0.0198574066162109
0.00257110595703125 0.106483459472656 4.10079956054698E-05 -0.0130119323730469
-0.0425186157226562 0.1046142578125 -0.0125770568847656 0.0178394317626953
-0.0793304443359375 0.0688247680664063 0.0239334106445312 0.0891189575195312
-0.0505599975585937 0.0923690795898438 0.00644683837890626 0.0977249145507813
-0.00744628906250001 0.0962295532226563 0.0248031616210938 0.0742874145507813
0.0546493530273438 0.07305908203125 0.0470085144042969 0.0483360290527344
0.0778350830078125 0.0199813842773438 0.0392875671386719 0.0150375366210938
0.0703506469726562 -0.0378341674804688 0.0256996154785156 -0.00592231750488282
0.0440330505371094 -0.0640830993652344 0.0168514251708984 -0.000543594360351566
0.0383796691894531 -0.0610733032226563 0.00969028472900391 0.0130825042724609
0.0405654907226562 -0.06866455078125 0.00406074523925782 0.0268306732177734
0.0564918518066406 -0.0589790344238281 -0.00579643249511718 0.0307693481445312
0.0749130249023437 -0.0205230712890625 -0.0228290557861328 0.0300693511962891
0.07513427734375 0.019134521484375 -0.0282745361328125 0.0100288391113281
0.0328750610351562 0.0735626220703125 -0.0250606536865234 -0.0127162933349609
-0.0136947631835938 0.0966644287109375 0.00241279602050781 0.00801277160644532
-0.0537261962890625 0.0852737426757813 -0.0303192138671875 0.0454177856445313
-0.0697555541992188 0.0280990600585937 -0.00281524658203125 0.106002807617188
-0.0570831298828125 0.055206298828125 -0.0110855102539063 0.110343933105469
-0.0271072387695313 0.0711898803710938 0.014434814453125 0.0755233764648438
0.0283927917480469 0.0675697326660156 0.0281448364257813 0.049072265625
0.0582618713378906 0.0285491943359375 0.0184402465820313 0.0231952667236328
0.0645980834960938 -0.0231475830078125 0.0078115463256836 0.0141925811767578
0.0445480346679688 -0.0499801635742188 0.00688743591308594 0.0261344909667969
0.0380821228027344 -0.0483741760253906 0.00444793701171875 0.0389175415039063
0.0411567687988281 -0.0565071105957031 -0.00221633911132812 0.0493812561035156
0.0549087524414062 -0.04718017578125 -0.01715087890625 0.04827880859375
0.0688934326171875 -0.0111236572265625 -0.0343742370605469 0.0394134521484375
0.0647506713867188 0.0260505676269531 -0.0367164611816406 0.012725830078125
0.0165443420410156 0.0692214965820312 -0.024688720703125 -0.00934982299804687
-0.031524658203125 0.0774383544921875 -0.00225257873535156 0.0241413116455078
-0.0625457763671875 0.0552406311035156 -0.0513114929199219 0.0634994506835938
-0.0485343933105469 -0.0170173645019531 -0.0212326049804688 0.109169006347656
-0.0508155822753906 0.00944900512695313 -0.0191726684570313 0.110305786132813
-0.0370140075683594 0.0316047668457031 0.00982666015624999 0.0699348449707031
-0.000404357910156251 0.0467491149902344 0.0142059326171875 0.0427627563476562
0.0303249359130859 0.0291767120361328 0.00308990478515625 0.0240554809570313
0.0461883544921875 -0.00495147705078125 -0.00592041015625 0.0264205932617187
0.037200927734375 -0.0284538269042969 -0.00331878662109375 0.0451431274414063
0.0319309234619141 -0.0295429229736328 -0.000381469726562497 0.0572891235351563
0.0356292724609375 -0.036376953125 -0.00909805297851563 0.0673637390136719
0.0456466674804688 -0.0294723510742188 -0.0299949645996094 0.0624885559082031
0.0539817810058594 -0.001708984375 -0.0466041564941406 0.0452232360839844
0.0463523864746094 0.0287284851074219 -0.045562744140625 0.0130424499511719
-0.00114822387695312 0.0577812194824219 -0.0283355712890625 -0.00815391540527344
-0.0439262390136719 0.0502510070800781 -0.0116844177246094 0.0331745147705078
-0.0624504089355469 0.0168914794921875 -0.0734176635742188 0.0707015991210938
0.0355148315429688 0.03009033203125 0.0775070190429688 -0.0708389282226563
0.0450363159179688 -0.0169258117675781 0.0254478454589844 -0.0283660888671875
0.0092926025390625 -0.0375289916992188 0.0311260223388672 0.0104999542236328
-0.0193328857421875 -0.0286121368408203 0.0647087097167969 -0.00664138793945313
-0.0303153991699219 -0.0101985931396484 0.0664291381835938 -0.0496826171875
-0.0323867797851562 0.0132465362548828 0.0415725708007813 -0.0819549560546875
-0.0245952606201172 0.0118293762207031 0.01312255859375 -0.0872650146484375
-0.0224571228027344 0.00569915771484375 0.00443267822265626 -0.0718231201171875
-0.0298995971679688 0.00425338745117187 0.0078887939453125 -0.0561332702636719
-0.0238933563232422 -0.0160388946533203 0.012725830078125 -0.0420799255371094
-0.00331687927246094 -0.0335521697998047 0.00308990478515625 -0.0262126922607422
0.0227756500244141 -0.0258369445800781 -0.00521087646484375 -0.036285400390625
0.0450248718261719 0.0044708251953125 -0.00111389160156249 -0.0736312866210938
0.0438194274902344 0.0356483459472656 0.0175399780273438 -0.106704711914062
0.0219268798828125 0.0518302917480469 0.0334091186523438 -0.103973388671875
0.0103378295898438 0.0691795349121094 0.0898208618164063 -0.0532302856445312
0.0419960021972656 0.027374267578125 0.0357322692871094 -0.017120361328125
0.0252056121826172 -0.00377273559570313 0.0387496948242188 0.0192756652832031
0.0116367340087891 -0.015202522277832 0.0759506225585937 -0.000122070312500001
0.000121116638183593 -0.0154123306274414 0.0764923095703125 -0.0452117919921875
-0.0113248825073242 -0.0104188919067383 0.0503311157226563 -0.0831832885742188
-0.0116338729858398 -0.0168952941894531 0.0198211669921875 -0.090576171875
-0.00868606567382813 -0.0197868347167969 0.00882720947265624 -0.0729217529296875
-0.0125331878662109 -0.0230998992919922 0.0127296447753906 -0.0543327331542969
0.00161552429199219 -0.0342979431152344 0.0171852111816406 -0.03857421875
0.0269069671630859 -0.0319576263427734 0.00344276428222656 -0.0188236236572266
0.0470085144042969 -0.00964736938476563 -0.00739669799804687 -0.0258293151855469
0.0478019714355469 0.0370826721191406 -0.0125656127929687 -0.06121826171875
0.0311660766601562 0.0743484497070313 0.00679779052734374 -0.090423583984375
0.000122070312499999 0.0864715576171875 0.027923583984375 -0.0822296142578125
-0.0204010009765625 0.0992813110351563 0.091339111328125 -0.02313232421875
0.027099609375 0.07098388671875 0.0417633056640625 0.0060272216796875
0.0356407165527344 0.0374794006347656 0.0444297790527344 0.0324668884277344
0.0444679260253906 0.00670623779296875 0.0826950073242188 0.0114822387695313
0.0342693328857422 -0.0164337158203125 0.0817642211914063 -0.0344390869140625
0.0154590606689453 -0.032318115234375 0.054779052734375 -0.0747222900390625
0.0035858154296875 -0.0438308715820313 0.0257568359375 -0.0817031860351563
0.0061492919921875 -0.0429344177246094 0.0123291015625 -0.0628089904785156
0.0053558349609375 -0.0481986999511719 0.0134239196777344 -0.0428657531738281
0.0237770080566406 -0.0497856140136719 0.0157566070556641 -0.0280017852783203
0.051513671875 -0.0331459045410156 -0.000494003295898434 -0.008880615234375
0.0672416687011719 -0.000316619873046875 -0.013392448425293 -0.0151767730712891
0.0536994934082031 0.0590171813964844 -0.023162841796875 -0.0466346740722656
0.0244522094726563 0.100837707519531 -0.00156402587890625 -0.0680465698242188
-0.0158309936523437 0.1094970703125 0.017181396484375 -0.0531387329101562
-0.0514297485351563 0.112594604492188 0.080535888671875 0.0162429809570313
0.00205230712890624 0.105339050292969 0.039337158203125 0.0383834838867188
0.0351333618164063 0.0790557861328125 0.0447158813476563 0.0501861572265625
0.0681724548339844 0.0343589782714844 0.0816879272460938 0.026824951171875
0.0657844543457031 -0.00972366333007813 0.0773696899414063 -0.0171966552734375
0.042205810546875 -0.0470199584960938 0.0520782470703125 -0.0567741394042969
0.0200424194335938 -0.0640525817871094 0.027923583984375 -0.0614471435546875
0.020233154296875 -0.0605545043945313 0.0141487121582031 -0.0425376892089844
0.0209922790527344 -0.0669326782226563 0.0122547149658203 -0.0234127044677734
0.0395355224609375 -0.0620155334472656 0.0109882354736328 -0.0109939575195313
0.0679702758789063 -0.0346031188964844 -0.0068979263305664 0.00445795059204101
0.0798721313476563 0.004150390625 -0.0185070037841797 -0.00431442260742188
0.056610107421875 0.0699577331542969 -0.0281505584716797 -0.0322418212890625
0.018402099609375 0.113723754882812 -0.00345230102539063 -0.0410575866699219
-0.0282211303710938 0.118690490722656 0.003265380859375 -0.0178546905517578
-0.0743255615234375 0.104576110839844 0.0565528869628906 0.0570220947265625
-0.0268325805664062 0.115806579589844 0.0268325805664063 0.0728836059570313
0.0192794799804687 0.104705810546875 0.0376625061035156 0.0665817260742188
0.0750579833984375 0.0619125366210938 0.0695419311523438 0.0411262512207031
0.0845489501953125 0.00386810302734375 0.0636405944824219 0.00151443481445313
0.0645790100097656 -0.0505180358886719 0.042724609375 -0.0317878723144531
0.034271240234375 -0.0729522705078125 0.0252876281738281 -0.0324268341064453
0.0311622619628906 -0.0683479309082031 0.0132484436035156 -0.015711784362793
0.0328521728515625 -0.0761795043945313 0.0094900131225586 0.00168418884277343
0.0505027770996094 -0.0669593811035156 0.00328445434570313 0.00949382781982422
0.0770187377929687 -0.0323333740234375 -0.0144538879394531 0.0180282592773437
0.0846328735351563 0.00930023193359375 -0.0236892700195312 0.00449562072753906
0.0504837036132813 0.0753097534179688 -0.0275516510009766 -0.0210323333740234
0.00717926025390625 0.113853454589844 -0.000514984130859375 -0.0148506164550781
-0.0415802001953125 0.11181640625 -0.0124645233154297 0.0168161392211914
-0.0817489624023437 0.0751495361328125 0.0264816284179687 0.0905303955078125
-0.0497970581054688 0.0991287231445312 0.00773620605468749 0.100189208984375
-0.00440216064453125 0.104103088378906 0.0255508422851563 0.07659912109375
0.0612258911132813 0.0752334594726563 0.0499000549316406 0.0500373840332031
0.08331298828125 0.0179214477539063 0.0413627624511719 0.0170173645019531
0.0729446411132813 -0.0423355102539063 0.0264778137207031 -0.00557899475097657
0.0434646606445313 -0.0694808959960938 0.0173845291137695 -0.0012054443359375
0.0369758605957031 -0.065216064453125 0.010894775390625 0.012751579284668
0.0395736694335938 -0.0738296508789063 0.00435829162597657 0.0276374816894531
0.0559005737304688 -0.0638008117675781 -0.00672721862792968 0.0304470062255859
0.0783920288085938 -0.0251541137695312 -0.0244140625 0.03033447265625
0.0805206298828125 0.0170974731445312 -0.0294075012207031 0.00951194763183594
0.0376434326171875 0.0767898559570312 -0.0257186889648437 -0.0140876770019531
-0.0106353759765625 0.103240966796875 0.00232505798339844 0.00720643997192383
-0.0535354614257813 0.0924072265625 -0.029754638671875 0.0468902587890625
-0.0726699829101563 0.0330657958984375 -0.00107574462890625 0.110763549804687
-0.0583419799804687 0.0604057312011719 -0.0104598999023438 0.114326477050781
-0.0256195068359375 0.077728271484375 0.01495361328125 0.0778427124023438
0.0328140258789063 0.0698890686035156 0.0289840698242188 0.05169677734375
0.0632705688476563 0.0274620056152344 0.0195407867431641 0.0253791809082031
0.0660820007324219 -0.0271797180175781 0.00926780700683594 0.0158891677856445
0.0440711975097656 -0.0546073913574219 0.00823020935058594 0.0272502899169922
0.0374298095703125 -0.0532951354980469 0.0057525634765625 0.0393218994140625
0.0404205322265625 -0.0621871948242187 -0.00156021118164063 0.0517730712890625
0.0554084777832031 -0.0525016784667969 -0.0181083679199219 0.0499763488769531
0.0720062255859375 -0.0156173706054688 -0.0356788635253906 0.0407600402832031
0.0688972473144531 0.0241241455078125 -0.0377731323242188 0.0131645202636719
0.02008056640625 0.0730133056640625 -0.0254383087158203 -0.0100326538085937
-0.028961181640625 0.08306884765625 -0.00103187561035157 0.0240726470947266
-0.0630340576171875 0.0598983764648438 -0.0520248413085938 0.0671768188476563
-0.0515098571777344 -0.0144767761230469 -0.0199432373046875 0.115310668945312
-0.0528373718261719 0.0129852294921875 -0.0192184448242188 0.114227294921875
-0.03759765625 0.0357933044433594 0.00984954833984374 0.0721282958984375
0.00280761718749999 0.0498046875 0.0148773193359375 0.0462226867675781
0.0343704223632813 0.0288562774658203 0.0027923583984375 0.0272293090820313
0.047882080078125 -0.0080108642578125 -0.00481414794921875 0.0307083129882813
0.0370674133300781 -0.0314750671386719 -0.00101852416992188 0.0479545593261719
0.0317344665527344 -0.0330162048339844 0.000873565673828125 0.06011962890625
0.034698486328125 -0.0406112670898438 -0.0083160400390625 0.0710601806640625
0.0461959838867188 -0.0334510803222656 -0.0303192138671875 0.0659027099609375
0.05694580078125 -0.00400543212890625 -0.0487136840820312 0.0486679077148438
0.0502090454101563 0.0280532836914063 -0.0479888916015625 0.0141143798828125
0.00125885009765625 0.0607147216796875 -0.0293254852294922 -0.00908088684082031
-0.0433998107910156 0.0538101196289063 -0.00960922241210938 0.0340938568115234
-0.0637474060058594 0.0209083557128906 -0.0753860473632812 0.0757522583007813
0.0386276245117188 0.0282630920410156 0.0778427124023438 -0.0781784057617188
0.0460052490234375 -0.0202407836914063 0.0241413116455078 -0.0299873352050781
0.0077056884765625 -0.0397300720214844 0.033050537109375 0.010650634765625
-0.0224399566650391 -0.0284137725830078 0.0677604675292969 -0.00865936279296875
-0.0329341888427734 -0.00712966918945312 0.0666465759277344 -0.0551872253417969
-0.0323429107666016 0.0169887542724609 0.0389556884765625 -0.0884552001953125
-0.0249042510986328 0.0147266387939453 0.00844573974609375 -0.092071533203125
-0.0229892730712891 0.00841140747070312 -0.000289916992187503 -0.0748977661132813
-0.0298862457275391 0.00739860534667969 0.00398635864257813 -0.0596389770507813
-0.0267581939697266 -0.0145282745361328 0.00961303710937499 -0.04620361328125
-0.00685310363769531 -0.0332660675048828 0.00184822082519531 -0.0293426513671875
0.0208873748779297 -0.0289459228515625 -0.00546646118164062 -0.0388717651367187
0.0468559265136719 0.00123214721679688 -0.00345611572265625 -0.0763473510742188
0.04730224609375 0.0339927673339844 0.0139694213867187 -0.111923217773438
0.0256996154785156 0.0521774291992188 0.0303115844726563 -0.112663269042969
0.01513671875 0.0714645385742188 0.0910720825195313 -0.0609893798828125
0.0450325012207031 0.0256690979003906 0.0351333618164063 -0.0193157196044922
0.0266895294189453 -0.00506591796875 0.0408821105957031 0.0189476013183594
0.0117015838623047 -0.016636848449707 0.0796432495117188 -0.00283050537109375
-0.00170326232910156 -0.0158977508544922 0.0778121948242188 -0.0507354736328125
-0.0112705230712891 -0.00936126708984375 0.0477981567382813 -0.0901260375976563
-0.0135173797607422 -0.0169134140014648 0.0150985717773438 -0.0957870483398437
-0.0103893280029297 -0.0200176239013672 0.00437164306640625 -0.0763626098632813
-0.0133152008056641 -0.0232067108154297 0.00843429565429687 -0.0584449768066406
-0.000347137451171874 -0.0350189208984375 0.0141792297363281 -0.0434188842773438
0.025604248046875 -0.0347824096679688 0.00235176086425781 -0.022613525390625
0.0481338500976563 -0.0126304626464844 -0.00771331787109375 -0.0287799835205078
0.0525856018066406 0.0363082885742188 -0.0142326354980469 -0.0634994506835938
0.03704833984375 0.0756378173828125 0.00417327880859376 -0.094482421875
0.00518798828125 0.089691162109375 0.0259246826171875 -0.09014892578125
-0.0157089233398437 0.105339050292969 0.09454345703125 -0.0296707153320313
0.0325698852539062 0.0730361938476563 0.0419960021972656 0.00392532348632813
0.0397453308105469 0.0382766723632813 0.0469093322753906 0.0332298278808594
0.0466156005859375 0.00487136840820313 0.0866928100585938 0.00896453857421875
0.0350017547607422 -0.0189609527587891 0.08319091796875 -0.0399398803710937
0.0148525238037109 -0.0344047546386719 0.0531158447265625 -0.0811538696289063
0.00118255615234375 -0.046051025390625 0.0215530395507812 -0.08709716796875
0.0038909912109375 -0.0457534790039063 0.00727081298828125 -0.0664405822753906
0.00283432006835938 -0.0508918762207031 0.00984954833984374 -0.0457305908203125
0.0217323303222656 -0.0533065795898438 0.0130252838134766 -0.0321464538574219
0.0514144897460938 -0.0380592346191406 -0.00121021270751953 -0.0120048522949219
0.0699043273925781 -0.0048675537109375 -0.0134305953979492 -0.0166740417480469
0.0599708557128906 0.0585212707519531 -0.0250663757324219 -0.0479583740234375
0.0316238403320312 0.104301452636719 -0.00443267822265624 -0.0707778930664062
-0.0108413696289062 0.115432739257813 0.0159454345703125 -0.0583953857421875
-0.0475692749023437 0.121803283691406 0.0845947265625 0.0117568969726563
0.00820922851562499 0.110671997070313 0.0410881042480469 0.0369644165039063
0.0416030883789063 0.08184814453125 0.0482978820800781 0.0503196716308594
0.07440185546875 0.0330886840820312 0.0852432250976563 0.0245590209960938
0.0684852600097656 -0.0140838623046875 0.0799789428710938 -0.0222549438476563
0.0418930053710938 -0.0519256591796875 0.0516433715820313 -0.0614852905273438
0.0172691345214844 -0.0684432983398438 0.0251884460449219 -0.0660972595214844
0.016815185546875 -0.0650062561035156 0.01031494140625 -0.0461311340332031
0.0171966552734375 -0.0718154907226563 0.0101585388183594 -0.02569580078125
0.0377578735351562 -0.0675506591796875 0.00855445861816407 -0.014430046081543
0.0691375732421875 -0.0404853820800781 -0.00700330734252929 0.00285148620605469
0.0846099853515625 -0.0006103515625 -0.0188159942626953 -0.00563812255859375
0.0634231567382813 0.0710983276367188 -0.0299758911132812 -0.0331974029541015
0.0268173217773438 0.118583679199219 -0.00475692749023437 -0.0433998107910156
-0.0229568481445312 0.125892639160156 0.00341224670410156 -0.02130126953125
-0.0716171264648438 0.11553955078125 0.0624656677246094 0.0561103820800781
-0.0214920043945313 0.123954772949219 0.0303115844726563 0.0738449096679688
0.02716064453125 0.11041259765625 0.0409622192382813 0.0680389404296875
0.0830841064453125 0.059906005859375 0.0739288330078125 0.040802001953125
0.088958740234375 -0.0018157958984375 0.0660171508789063 -0.00107955932617188
0.0640144348144531 -0.0573196411132812 0.0431671142578125 -0.0346298217773438
0.0307846069335938 -0.0791091918945313 0.02362060546875 -0.03564453125
0.0274200439453125 -0.0742645263671875 0.0116500854492188 -0.0180835723876953
0.0285263061523437 -0.0822296142578125 0.00806427001953125 0.000837326049804683
0.0483474731445312 -0.0741958618164062 0.0021209716796875 0.00828027725219726
0.0789718627929688 -0.0395660400390625 -0.0150661468505859 0.0175876617431641
0.08984375 0.00444793701171875 -0.0244674682617187 0.00421714782714844
0.0593109130859375 0.07733154296875 -0.0289802551269531 -0.0211334228515625
0.014892578125 0.119224548339844 -0.000846862792968751 -0.0168123245239258
-0.0365982055664062 0.120574951171875 -0.0113086700439453 0.0163536071777344
-0.081512451171875 0.0852203369140625 0.03289794921875 0.0932235717773438
-0.045867919921875 0.108726501464844 0.0114669799804687 0.102760314941406
0.00291442871093751 0.111427307128906 0.0289230346679688 0.07855224609375
0.0690841674804687 0.0750732421875 0.0532684326171875 0.0504951477050781
0.0882797241210938 0.01373291015625 0.0439567565917969 0.0166969299316406
0.0735626220703125 -0.04986572265625 0.0281772613525391 -0.00565910339355469
0.0393218994140625 -0.0757675170898438 0.0180950164794922 -0.00223159790039063
0.0341339111328125 -0.0720138549804688 0.0113105773925781 0.0117483139038086
0.03570556640625 -0.0813369750976563 0.00487136840820313 0.0287342071533203
0.0540237426757813 -0.0712890625 -0.00579833984375 0.0311031341552734
0.0814056396484375 -0.0330047607421875 -0.0245647430419922 0.0326347351074219
0.0861434936523438 0.0122833251953125 -0.0310287475585937 0.0102710723876953
0.0453414916992187 0.0792465209960938 -0.0268020629882812 -0.0140590667724609
-0.00374603271484374 0.109764099121094 0.0038599967956543 0.00599765777587891
-0.0500411987304687 0.0998687744140625 -0.0280914306640625 0.0489692687988281
-0.074676513671875 0.04058837890625 0.00395965576171873 0.116081237792969
-0.0574722290039063 0.0684661865234375 -0.00547027587890625 0.118881225585938
-0.0214691162109375 0.0851364135742188 0.0176162719726563 0.0801773071289062
0.0404281616210937 0.072052001953125 0.0306739807128906 0.053253173828125
0.0695114135742188 0.023773193359375 0.0217189788818359 0.0276012420654297
0.0681610107421875 -0.0337638854980469 0.0112400054931641 0.0180492401123047
0.0414695739746094 -0.06097412109375 0.0105514526367188 0.0276775360107422
0.0346488952636719 -0.0587654113769531 0.0083770751953125 0.0397529602050781
0.0374412536621094 -0.0685806274414062 0.00096511840820313 0.0537528991699219
0.0533676147460938 -0.0590934753417969 -0.0162849426269531 0.0525894165039062
0.0751190185546875 -0.021728515625 -0.0362091064453125 0.0436172485351562
0.07489013671875 0.0205078125 -0.0393562316894531 0.0146636962890625
0.0268020629882813 0.0766448974609375 -0.0271453857421875 -0.00993537902832031
-0.0246658325195313 0.0901870727539063 0.00156974792480468 0.0239086151123047
-0.0613517761230469 0.0675621032714844 -0.0505142211914063 0.071990966796875
-0.0546722412109375 -0.0108909606933594 -0.0150222778320313 0.122528076171875
-0.0547599792480469 0.0178184509277344 -0.0150527954101562 0.119483947753906
-0.0364532470703125 0.0419464111328125 0.0120162963867188 0.0743255615234375
0.00793838500976563 0.0528640747070312 0.0157699584960937 0.0486335754394531
0.0386009216308594 0.0272369384765625 0.00462150573730469 0.0299148559570313
0.049835205078125 -0.0121803283691406 -0.00308799743652343 0.0337238311767578
0.0355873107910156 -0.0363578796386719 0.00246429443359375 0.0496826171875
0.0305442810058594 -0.0380821228027344 0.00437927246093751 0.0618476867675781
0.034210205078125 -0.0457000732421875 -0.00498199462890626 0.0753250122070313
0.0454139709472656 -0.039215087890625 -0.0284194946289062 0.0703506469726563
0.0598487854003906 -0.00927734375 -0.0489463806152344 0.053253173828125
0.0546455383300781 0.0252227783203125 -0.0505142211914062 0.0160980224609375
0.005584716796875 0.0641632080078125 -0.03082275390625 -0.00874519348144531
-0.0417518615722656 0.0600013732910156 -0.00767326354980469 0.0350551605224609
-0.0642204284667969 0.0261993408203125 -0.0746002197265625 0.0835952758789062
0.0414009094238281 0.0253753662109375 0.0743026733398438 -0.0854415893554688
0.0439834594726563 -0.0241317749023438 0.0218353271484375 -0.0318317413330078
0.00443649291992187 -0.0411643981933594 0.0341014862060547 0.0103797912597656
-0.0252819061279297 -0.0267238616943359 0.068939208984375 -0.0128631591796875
-0.0342197418212891 -0.00364875793457031 0.0641212463378906 -0.0606765747070313
-0.0307731628417969 0.0211944580078125 0.0324478149414063 -0.0931930541992188
-0.0236759185791016 0.0180492401123047 0.000717163085937509 -0.09454345703125
-0.0230541229248047 0.0111656188964844 -0.00714874267578126 -0.0761260986328125
-0.0292377471923828 0.0107173919677734 -0.00148773193359375 -0.0616073608398438
-0.0280437469482422 -0.0115814208984375 0.00470733642578125 -0.0493049621582031
-0.0101795196533203 -0.0334663391113281 -0.000640869140624999 -0.0323562622070313
0.0184364318847656 -0.0307083129882813 -0.00690841674804688 -0.0414237976074219
0.0480117797851563 -0.00293350219726563 -0.00724792480468749 -0.0769119262695313
0.0511360168457031 0.03021240234375 0.0077056884765625 -0.115135192871094
0.0303916931152344 0.0505828857421875 0.0233535766601563 -0.118621826171875
0.0209197998046875 0.071624755859375 0.0895156860351563 -0.0691909790039063
0.0478591918945313 0.0230064392089844 0.0326614379882813 -0.0217018127441406
0.0273170471191406 -0.00677871704101563 0.0419883728027344 0.0174560546875
0.0107088088989258 -0.0173177719116211 0.0807266235351562 -0.00765228271484375
-0.00215530395507812 -0.0152606964111328 0.0752029418945313 -0.0575332641601563
-0.0118999481201172 -0.00763034820556641 0.0411911010742188 -0.0958251953125
-0.0141773223876953 -0.0149011611938477 0.00698852539062499 -0.0992355346679688
-0.0121421813964844 -0.0193290710449219 -0.00308990478515625 -0.0782012939453125
-0.0148391723632813 -0.0219058990478516 0.00259017944335937 -0.0607032775878906
-0.00315284729003906 -0.0348854064941406 0.0091552734375 -0.0469474792480469
0.0225868225097656 -0.0361518859863281 0.000545501708984379 -0.025543212890625
0.0473175048828125 -0.016693115234375 -0.00896644592285156 -0.0306854248046875
0.0562477111816406 0.0323257446289063 -0.0175514221191406 -0.0636138916015625
0.0429458618164062 0.0740737915039063 -0.00170135498046875 -0.0970001220703125
0.0120010375976562 0.0911712646484375 0.0206375122070313 -0.0959701538085938
-0.00746917724609374 0.109283447265625 0.0943756103515625 -0.037322998046875
0.0388336181640625 0.0726318359375 0.0415916442871094 0.0010528564453125
0.0448112487792969 0.0369796752929688 0.0489387512207031 0.0310440063476563
0.0483627319335938 0.00115966796875 0.0890960693359375 0.003997802734375
0.0343761444091797 -0.0217514038085938 0.082000732421875 -0.0458602905273437
0.0129852294921875 -0.0359611511230469 0.0479354858398437 -0.0867843627929688
-0.00259780883789063 -0.0473251342773438 0.0135421752929687 -0.0907745361328125
-0.000514984130859373 -0.047088623046875 0.00115203857421875 -0.0686416625976563
-0.0015716552734375 -0.0520515441894531 0.00458145141601562 -0.0485763549804688
0.0178909301757813 -0.0560379028320313 0.0079803466796875 -0.03631591796875
0.0491065979003906 -0.0423049926757813 -0.00308036804199218 -0.0140237808227539
0.0707626342773438 -0.0104598999023438 -0.0143299102783203 -0.0184879302978516
0.0660057067871094 0.0555496215820313 -0.0272865295410156 -0.0471916198730469
0.04083251953125 0.104232788085938 -0.008636474609375 -0.07220458984375
-0.00195312499999999 0.119400024414063 0.01239013671875 -0.0627975463867187
-0.03839111328125 0.1287841796875 0.0873260498046875 0.00554656982421876
0.0176620483398438 0.112754821777344 0.0426712036132812 0.0342941284179688
0.050018310546875 0.0814361572265625 0.0507926940917969 0.0490951538085938
0.0785980224609375 0.0276718139648438 0.088226318359375 0.0200958251953125
0.06884765625 -0.0201797485351562 0.080047607421875 -0.0281524658203125
0.0397262573242188 -0.0561866760253906 0.048187255859375 -0.066009521484375
0.0111160278320312 -0.0713424682617188 0.0191612243652344 -0.0694007873535156
0.010955810546875 -0.0679397583007813 0.00496673583984375 -0.048095703125
0.0117111206054688 -0.0756454467773438 0.00617218017578125 -0.0279102325439453
0.0323638916015625 -0.0723190307617188 0.00563812255859375 -0.0171728134155274
0.0672874450683594 -0.0472335815429688 -0.00774908065795898 0.00108194351196289
0.0864105224609375 -0.0075531005859375 -0.0193538665771484 -0.00650978088378906
0.0717239379882813 0.06829833984375 -0.0313014984130859 -0.0317764282226562
0.037200927734375 0.11962890625 -0.00802993774414063 -0.0447120666503906
-0.0141677856445313 0.131240844726563 0.00237655639648437 -0.0242767333984375
-0.0643310546875 0.124702453613281 0.0678291320800781 0.0524024963378906
-0.0118560791015625 0.128883361816406 0.0342025756835937 0.0718536376953125
0.037933349609375 0.112709045410156 0.0445060729980469 0.0668373107910156
0.0904464721679688 0.054840087890625 0.0760955810546875 0.0376739501953125
0.091217041015625 -0.00949859619140625 0.0677719116210938 -0.00484466552734375
0.0614471435546875 -0.0641708374023438 0.0416488647460938 -0.0373039245605469
0.0246963500976562 -0.0832748413085938 0.0211105346679688 -0.0386543273925781
0.0207748413085938 -0.0787811279296875 0.00950241088867188 -0.0200557708740234
0.0219268798828125 -0.087615966796875 0.00678205490112305 -0.000539779663085943
0.0430755615234375 -0.0804595947265625 0.000984668731689455 0.00655984878540039
0.0779190063476563 -0.0477218627929687 -0.0149822235107422 0.0180168151855469
0.092437744140625 -0.00299072265625 -0.0245075225830078 0.00380325317382812
0.0672683715820313 0.075286865234375 -0.0305519104003906 -0.0209999084472656
0.0257568359375 0.121932983398438 -0.00133895874023437 -0.0178012847900391
-0.0276718139648438 0.126853942871094 -0.0103130340576172 0.0152921676635742
-0.07684326171875 0.0955429077148438 0.0401611328125 0.0922317504882813
-0.0386962890625 0.114982604980469 0.0178375244140625 0.103286743164063
0.0123443603515625 0.11614990234375 0.03326416015625 0.0783615112304688
0.0778427124023438 0.0719223022460938 0.0557708740234375 0.0488357543945313
0.0920486450195313 0.00586700439453125 0.0464363098144531 0.0151519775390625
0.0716018676757813 -0.0575103759765625 0.0290737152099609 -0.0074920654296875
0.0334854125976563 -0.081329345703125 0.0187702178955078 -0.00422477722167969
0.0276260375976563 -0.0773086547851563 0.0109548568725586 0.0108003616333008
0.0287246704101562 -0.0869369506835938 0.00629997253417969 0.028350830078125
0.0487899780273438 -0.0781173706054688 -0.00537490844726562 0.0313396453857422
0.08026123046875 -0.0412521362304688 -0.0233879089355469 0.0332813262939453
0.089752197265625 0.0050201416015625 -0.030364990234375 0.0118904113769531
0.0537033081054688 0.0789642333984375 -0.0283222198486328 -0.0132236480712891
0.00565338134765626 0.113975524902344 0.00463342666625977 0.00500679016113282
-0.043365478515625 0.106842041015625 -0.0253067016601562 0.0509567260742188
-0.0737152099609375 0.0486984252929687 0.0122222900390625 0.11962890625
-0.0539321899414063 0.0753631591796875 0.00113677978515626 0.120498657226563
-0.0147171020507813 0.0904388427734375 0.021026611328125 0.080657958984375
0.0484542846679687 0.0707855224609375 0.0341987609863281 0.0527687072753906
0.0731277465820313 0.018218994140625 0.0241508483886719 0.0277290344238281
0.0670700073242188 -0.0403480529785156 0.0137596130371094 0.0186634063720703
0.0369529724121094 -0.0663566589355469 0.0127983093261719 0.0263786315917969
0.0296249389648438 -0.06353759765625 0.0112342834472656 0.0396308898925781
0.0318984985351562 -0.0739212036132813 0.00457382202148437 0.0548820495605469
0.0490341186523438 -0.0657615661621094 -0.0140533447265625 0.0544967651367187
0.0749893188476563 -0.0301132202148438 -0.0341720581054687 0.0472946166992188
0.0780410766601563 0.01397705078125 -0.0399551391601562 0.0170974731445312
0.03424072265625 0.0772705078125 -0.0279960632324219 -0.00888442993164062
-0.0170822143554688 0.09527587890625 0.00385284423828125 0.0235500335693359
-0.0570297241210938 0.0741500854492188 -0.0457077026367187 0.0764999389648438
-0.0573348999023438 -0.00503158569335938 -0.00759124755859375 0.127243041992188
-0.0545539855957031 0.0237159729003906 -0.00801086425781249 0.122795104980469
-0.0338134765625 0.0474014282226562 0.0152130126953125 0.0746841430664063
0.0127372741699219 0.0536041259765625 0.0180511474609375 0.0486679077148438
0.0424880981445313 0.0240211486816406 0.00749206542968751 0.0319480895996094
0.0500679016113281 -0.0180816650390625 0.00106811523437501 0.0365715026855469
0.0327415466308594 -0.0406341552734375 0.00738906860351562 0.0498428344726563
0.02685546875 -0.0416297912597656 0.0100021362304688 0.0616798400878906
0.0294876098632813 -0.0506172180175781 0.00111389160156251 0.0771102905273438
0.0425376892089844 -0.0449485778808594 -0.0239334106445312 0.0732192993164063
0.0601005554199219 -0.0152626037597656 -0.0466194152832031 0.0574951171875
0.0583419799804687 0.0206222534179687 -0.0500984191894531 0.0192794799804688
0.0115890502929687 0.0658226013183594 -0.0320243835449219 -0.007781982421875
-0.0363121032714844 0.0652580261230469 -0.003662109375 0.0354156494140625
-0.0632133483886719 0.0325088500976563 -0.0695953369140625 0.0902099609375
0.0432777404785156 0.0222816467285156 0.0689163208007813 -0.09002685546875
0.0418205261230469 -0.0266189575195313 0.0187473297119141 -0.0323371887207031
0.000957489013671874 -0.0412712097167969 0.0341396331787109 0.00886344909667969
-0.0279502868652344 -0.0243053436279297 0.0676078796386719 -0.0161094665527344
-0.0334186553955078 3.2424926757818E-05 0.0588455200195313 -0.0637893676757813
-0.0277976989746094 0.0237960815429688 0.0251617431640625 -0.0951385498046875
-0.0212726593017578 0.0202598571777344 -0.00618743896484375 -0.09375
-0.0215358734130859 0.0132637023925781 -0.0132064819335938 -0.0750579833984375
-0.0272960662841797 0.0130596160888672 -0.00732421875 -0.0613555908203125
-0.0286540985107422 -0.00840377807617187 -0.000282287597656246 -0.050079345703125
-0.0132961273193359 -0.0305538177490234 -0.00250625610351563 -0.0347042083740234
0.0156364440917969 -0.0315208435058594 -0.00839614868164063 -0.0423431396484375
0.0465507507324219 -0.007171630859375 -0.0100479125976562 -0.0758438110351563
0.0525932312011719 0.0259933471679688 0.00127410888671876 -0.113800048828125
0.0336952209472656 0.0476341247558594 0.015716552734375 -0.120742797851563
0.0254478454589844 0.069580078125 0.0848617553710938 -0.0744400024414063
0.0487823486328125 0.020172119140625 0.0305118560791016 -0.0226879119873047
0.0261363983154297 -0.00797080993652344 0.0423469543457031 0.0160331726074219
0.00874519348144531 -0.0166139602661133 0.0797805786132813 -0.011688232421875
-0.00335597991943359 -0.014103889465332 0.0709457397460938 -0.0611648559570313
-0.0108222961425781 -0.00666904449462891 0.0345993041992187 -0.0975341796875
-0.0152301788330078 -0.0134220123291016 -0.000968933105468748 -0.0985107421875
-0.0136470794677734 -0.0177497863769531 -0.0103530883789063 -0.0770111083984375
-0.0159358978271484 -0.0208415985107422 -0.00372695922851562 -0.0602264404296875
-0.00568580627441407 -0.0330753326416016 0.00352478027343749 -0.0486106872558594
0.0195808410644531 -0.0374107360839844 -0.00181007385253906 -0.0277652740478516
0.0456008911132813 -0.0194473266601563 -0.00974082946777343 -0.0317878723144531
0.0578765869140625 0.0279083251953125 -0.0195999145507813 -0.061004638671875
0.04876708984375 0.0701751708984375 -0.0067901611328125 -0.095428466796875
0.017578125 0.0900192260742187 0.0146026611328125 -0.0983428955078125
-0.000236511230468745 0.10955810546875 0.0917129516601563 -0.0439834594726562
0.0432586669921875 0.069915771484375 0.0399360656738281 -0.000919342041015621
0.0477180480957031 0.0344123840332031 0.04949951171875 0.028717041015625
0.0484542846679688 -0.00188446044921875 0.0881576538085938 -0.00057220458984375
0.0324134826660156 -0.0238075256347656 0.0781097412109375 -0.0506744384765625
0.0106048583984375 -0.0362358093261719 0.0413589477539063 -0.0888214111328125
-0.00582504272460937 -0.0459136962890625 0.00649261474609374 -0.090576171875
-0.00417327880859375 -0.0460929870605469 -0.00564956665039062 -0.0676803588867188
-0.00503921508789062 -0.0515594482421875 -0.0006103515625 -0.0487480163574219
0.0133056640625 -0.0566024780273437 0.0034942626953125 -0.0374832153320312
0.0450439453125 -0.0447654724121094 -0.00451469421386718 -0.0159492492675781
0.0690040588378906 -0.0153274536132813 -0.0145969390869141 -0.0195503234863281
0.0699462890625 0.051055908203125 -0.0281867980957031 -0.0454902648925781
0.0485687255859375 0.101058959960938 -0.011962890625 -0.0713653564453125
0.00588989257812501 0.118362426757812 0.00860214233398437 -0.06561279296875
-0.029144287109375 0.131492614746094 0.0871429443359375 -0.000816345214843742
0.0249557495117188 0.111152648925781 0.0426864624023438 0.0317649841308594
0.056121826171875 0.078399658203125 0.0524940490722656 0.0465774536132813
0.0808944702148438 0.0222930908203125 0.0878219604492188 0.0156173706054688
0.0669326782226563 -0.0245323181152344 0.0777664184570312 -0.031036376953125
0.0354499816894531 -0.0589179992675781 0.0438041687011719 -0.0683174133300781
0.00556945800781251 -0.071258544921875 0.0129318237304688 -0.0697479248046875
0.00526046752929687 -0.0681724548339844 0.000331878662109371 -0.0479545593261719
0.00559234619140624 -0.0758895874023438 0.00230598449707031 -0.0274810791015625
0.0270919799804688 -0.0737762451171875 0.00215721130371094 -0.0188388824462891
0.062957763671875 -0.0523681640625 -0.00900745391845703 -0.000330924987792973
0.0852890014648438 -0.0140380859375 -0.0196666717529297 -0.00664329528808594
0.0764236450195313 0.0634765625 -0.0319328308105469 -0.0306682586669922
0.045684814453125 0.116676330566406 -0.0101165771484375 -0.0445632934570312
-0.00490570068359375 0.131752014160156 0.00147819519042969 -0.026214599609375
-0.054656982421875 0.129035949707031 0.0707778930664063 0.0474777221679688
-0.00339508056640624 0.129158020019531 0.0364036560058594 0.0693092346191406
0.0472335815429688 0.110595703125 0.0468940734863281 0.0638999938964844
0.09442138671875 0.0484695434570312 0.0777664184570313 0.0338821411132813
0.0892562866210938 -0.0164031982421875 0.0666542053222656 -0.00774383544921875
0.0565986633300781 -0.0681381225585938 0.03948974609375 -0.0389060974121094
0.0174942016601562 -0.0850906372070313 0.0175437927246094 -0.0398292541503906
0.01416015625 -0.0799102783203125 0.00554466247558594 -0.0205726623535156
0.0143966674804687 -0.0891647338867188 0.00521516799926758 -0.00111103057861329
0.0359725952148437 -0.0836563110351563 -0.000681400299072263 0.00501108169555664
0.0730514526367188 -0.0536041259765625 -0.0152769088745117 0.0174179077148437
0.0919113159179687 -0.0103225708007812 -0.0246295928955078 0.00404930114746094
0.0739288330078125 0.0711898803710938 -0.0305671691894531 -0.0189952850341797
0.035064697265625 0.119903564453125 -0.00195693969726562 -0.019134521484375
-0.0185165405273437 0.128280639648438 -0.00825595855712891 0.0142536163330078
-0.0695648193359375 0.1016845703125 0.044952392578125 0.0894393920898438
-0.0301971435546875 0.117546081542969 0.0226898193359375 0.100318908691406
0.021942138671875 0.115638732910156 0.035980224609375 0.0760650634765625
0.0839080810546875 0.0660400390625 0.0573501586914063 0.04620361328125
0.0923843383789063 -0.0019378662109375 0.0476531982421875 0.0132026672363281
0.0669746398925781 -0.0624465942382813 0.0298366546630859 -0.00756072998046875
0.026885986328125 -0.083160400390625 0.0177955627441406 -0.00600814819335938
0.0213851928710938 -0.0788497924804688 0.0116863250732422 0.00920295715332031
0.0212478637695312 -0.0884475708007813 0.00732803344726562 0.0277996063232422
0.0413284301757813 -0.081817626953125 -0.00486946105957031 0.0303878784179687
0.0771331787109375 -0.048065185546875 -0.0224246978759766 0.0335445404052734
0.0904617309570312 -0.0021209716796875 -0.0306396484375 0.0125007629394531
0.0602569580078125 0.0756607055664063 -0.0283012390136719 -0.0120944976806641
0.015655517578125 0.113571166992188 0.00551223754882813 0.00304508209228516
-0.0350494384765625 0.109397888183594 -0.0211601257324219 0.0500717163085938
-0.0693550109863281 0.0544281005859375 0.019866943359375 0.117645263671875
-0.0482177734375 0.0795211791992188 0.007598876953125 0.11865234375
-0.00685882568359376 0.092742919921875 0.0241012573242188 0.0785598754882813
0.0540313720703125 0.0668716430664063 0.0360069274902344 0.0514106750488281
0.0745620727539062 0.011932373046875 0.0266551971435547 0.0272922515869141
0.0634078979492188 -0.0458602905273438 0.0163841247558594 0.0189113616943359
0.0306129455566406 -0.0687370300292969 0.0145835876464844 0.0254135131835937
0.0237770080566406 -0.0660896301269531 0.0133781433105469 0.0376663208007812
0.0244293212890625 -0.0765838623046875 0.00767898559570312 0.0540962219238281
0.0430984497070313 -0.0703125 -0.0112190246582031 0.0545158386230469
0.0723419189453125 -0.0359649658203125 -0.031707763671875 0.04852294921875
0.0793304443359375 0.00806427001953125 -0.0391006469726562 0.0186004638671875
0.0402984619140625 0.075042724609375 -0.0281105041503906 -0.00814819335937499
-0.00920867919921876 0.0966720581054688 0.00555992126464844 0.0214385986328125
-0.050994873046875 0.0778884887695313 -0.0403823852539062 0.077972412109375
-0.0581626892089844 -8.39233398437523E-05 0.000877380371093736 0.128181457519531
-0.0526275634765625 0.0286598205566406 -0.00143432617187501 0.121955871582031
-0.0287933349609375 0.0517082214355469 0.0177688598632812 0.0730209350585938
0.0181922912597656 0.0526313781738281 0.02020263671875 0.0488052368164063
0.0441398620605469 0.0198593139648437 0.00963211059570313 0.0328617095947266
0.0481109619140625 -0.0223274230957031 0.005279541015625 0.0366859436035156
0.0285568237304687 -0.0434341430664063 0.0118255615234375 0.0490188598632812
0.0233573913574219 -0.0438575744628906 0.0140533447265625 0.0602989196777344
0.02471923828125 -0.0531578063964844 0.00694274902343749 0.0766677856445312
0.03802490234375 -0.0484428405761719 -0.0189285278320312 0.0749359130859375
0.0589027404785156 -0.0205955505371094 -0.0425033569335937 0.0600318908691406
0.0594406127929688 0.016265869140625 -0.0489006042480469 0.0220718383789063
0.0166740417480469 0.0653839111328125 -0.0315341949462891 -0.00600051879882812
-0.0309791564941406 0.0678749084472656 -0.00113296508789063 0.0340728759765625
-0.0594024658203125 0.0365753173828125 -0.0626449584960938 0.0938568115234375
0.0433845520019531 0.0194168090820313 0.0641098022460938 -0.091644287109375
0.0394783020019531 -0.0278205871582031 0.0166110992431641 -0.0314598083496094
-0.00109100341796875 -0.0403022766113281 0.0337429046630859 0.00939750671386719
-0.0288219451904297 -0.0223846435546875 0.0662040710449219 -0.017120361328125
-0.0331134796142578 0.00266456604003907 0.0551834106445313 -0.0641365051269531
-0.0252170562744141 0.0249404907226562 0.0204620361328125 -0.0938339233398438
-0.0191516876220703 0.0211563110351563 -0.0104141235351563 -0.0917510986328125
-0.0204963684082031 0.0144519805908203 -0.0163116455078125 -0.07244873046875
-0.0258979797363281 0.0141811370849609 -0.0114097595214844 -0.0601425170898437
-0.02801513671875 -0.00636672973632813 -0.0045318603515625 -0.0493545532226563
-0.0151615142822266 -0.0280017852783203 -0.00390243530273438 -0.0353279113769531
0.0132579803466797 -0.0318012237548828 -0.00872421264648438 -0.0423469543457031
0.0449943542480469 -0.00920486450195313 -0.010894775390625 -0.073211669921875
0.0525894165039062 0.0228767395019531 -0.00185394287109375 -0.111915588378906
0.035064697265625 0.0444564819335938 0.0109939575195312 -0.120635986328125
0.027679443359375 0.067291259765625 0.0804977416992188 -0.076995849609375
0.0485954284667969 0.0177993774414063 0.0280132293701172 -0.0231876373291016
0.0259342193603516 -0.00913238525390625 0.0416679382324219 0.0158538818359375
0.00757503509521485 -0.0168771743774414 0.077728271484375 -0.0132675170898438
-0.00365161895751953 -0.0127468109130859 0.0664710998535156 -0.0623626708984375
-0.0106563568115234 -0.00595474243164063 0.0290908813476563 -0.0963973999023438
-0.0154228210449219 -0.0125408172607422 -0.00499725341796875 -0.0962371826171875
-0.0142784118652344 -0.016942024230957 -0.0140304565429688 -0.0745925903320313
-0.0168037414550781 -0.0198135375976562 -0.00744247436523438 -0.0589561462402344
-0.00704574584960938 -0.0319194793701172 -0.0010223388671875 -0.04827880859375
0.0166587829589844 -0.036529541015625 -0.00319099426269531 -0.0289688110351563
0.0431861877441406 -0.0208740234375 -0.00959396362304688 -0.0327377319335938
0.0577201843261719 0.0246658325195312 -0.0196456909179687 -0.0598487854003906
0.0503883361816406 0.0669021606445313 -0.00901031494140625 -0.0939865112304688
0.020660400390625 0.087432861328125 0.01116943359375 -0.098663330078125
0.00427246093749999 0.107818603515625 0.08905029296875 -0.0471649169921875
0.0453681945800781 0.0663795471191406 0.037750244140625 -0.0021514892578125
0.048736572265625 0.0322761535644531 0.0486335754394531 0.0283203125
0.0475997924804687 -0.00336456298828125 0.0860061645507813 -0.00279998779296875
0.0309066772460938 -0.0241069793701172 0.0749053955078125 -0.0512771606445313
0.0102653503417969 -0.0356254577636719 0.0372085571289063 -0.088287353515625
-0.00808334350585938 -0.0444450378417969 0.001800537109375 -0.0885848999023438
-0.00687026977539063 -0.0444831848144531 -0.00944137573242188 -0.0653457641601563
-0.0074615478515625 -0.0501747131347656 -0.00412750244140625 -0.047607421875
0.0107421875 -0.05572509765625 -0.000392913818359376 -0.0378875732421875
0.0421943664550781 -0.0461311340332031 -0.00624656677246093 -0.0178585052490234
0.0672111511230469 -0.0176467895507812 -0.0143661499023437 -0.0208396911621094
0.0705032348632813 0.0471420288085938 -0.0278282165527344 -0.0438079833984375
0.0515518188476562 0.0973892211914063 -0.0137176513671875 -0.0702056884765625
0.010345458984375 0.115890502929688 0.00648117065429687 -0.0664405822753906
-0.0228805541992188 0.130500793457031 0.0863113403320313 -0.00410461425781249
0.0289306640625 0.10809326171875 0.0413589477539063 0.0294876098632813
0.0597991943359375 0.0754928588867188 0.0507469177246094 0.0446701049804688
0.0812149047851563 0.0185546875 0.0860748291015625 0.0136260986328125
0.0642013549804688 -0.0277023315429688 0.0745620727539063 -0.0328826904296875
0.0328941345214844 -0.0591468811035156 0.040924072265625 -0.0681648254394531
0.00167083740234374 -0.0703887939453125 0.00886917114257813 -0.0688400268554688
0.00152206420898438 -0.0670547485351563 -0.002960205078125 -0.0468826293945313
0.00135040283203125 -0.074920654296875 -0.000190734863281251 -0.0275497436523438
0.0219879150390625 -0.0741653442382812 -0.00127983093261719 -0.0197734832763672
0.0593223571777344 -0.0543937683105469 -0.0106611251831055 -0.00187110900878906
0.083740234375 -0.0175628662109375 -0.0187854766845703 -0.007537841796875
0.07879638671875 0.0597076416015625 -0.0314769744873047 -0.0289459228515625
0.050750732421875 0.1134033203125 -0.0102767944335937 -0.0442123413085937
0.000213623046874992 0.129531860351563 -6.10351562499983E-05 -0.0278968811035156
-0.04833984375 0.129638671875 0.0711288452148438 0.0435256958007813
0.00249481201171875 0.127822875976562 0.0367317199707031 0.0660858154296875
0.0515060424804688 0.107963562011719 0.0462265014648438 0.0621566772460938
0.0953445434570313 0.0433120727539063 0.0760498046875 0.0313262939453125
0.086578369140625 -0.0200881958007813 0.0648689270019531 -0.00904083251953125
0.0525741577148437 -0.0694236755371094 0.0377197265625 -0.0395088195800781
0.0126113891601563 -0.0834808349609375 0.014739990234375 -0.0399246215820313
0.00932312011718749 -0.0785293579101563 0.00366783142089844 -0.0204238891601563
0.0090789794921875 -0.0881881713867187 0.00432038307189941 -0.00110006332397461
0.030517578125 -0.0839080810546875 -0.00255560874938965 0.00375986099243164
0.0698585510253906 -0.0567131042480469 -0.0155706405639648 0.0156145095825195
0.0905075073242187 -0.014678955078125 -0.0238475799560547 0.00339508056640625
0.0763320922851563 0.0670242309570313 -0.0304412841796875 -0.0188274383544922
0.04052734375 0.117279052734375 -0.00221061706542969 -0.0194950103759766
-0.0133438110351563 0.126441955566406 -0.00762748718261719 0.0121345520019531
-0.0645065307617187 0.103096008300781 0.0476837158203125 0.0868148803710938
-0.0245895385742188 0.117286682128906 0.0242538452148437 0.097320556640625
0.0270767211914063 0.114265441894531 0.0350418090820312 0.0735321044921875
0.0853424072265625 0.0621109008789063 0.0570564270019531 0.0447196960449219
0.0902633666992188 -0.00594329833984375 0.0475807189941406 0.0127639770507812
0.0622825622558594 -0.0651588439941406 0.0291500091552734 -0.00880050659179688
0.0222396850585938 -0.083404541015625 0.016667366027832 -0.00651741027832032
0.0157089233398438 -0.0786590576171875 0.0101537704467773 0.00835704803466797
0.0154647827148437 -0.0879287719726563 0.00866508483886719 0.0264148712158203
0.0366058349609375 -0.0826568603515625 -0.00483131408691406 0.0294361114501953
0.0730133056640625 -0.051055908203125 -0.0212821960449219 0.0336189270019531
0.088165283203125 -0.00646209716796875 -0.030059814453125 0.0129184722900391
0.0636444091796875 0.0718460083007813 -0.0280303955078125 -0.0115566253662109
0.0207748413085937 0.111595153808594 0.00565719604492188 0.00223159790039063
-0.030029296875 0.109481811523437 -0.0186233520507812 0.04827880859375
-0.06634521484375 0.0581321716308594 0.023406982421875 0.1156005859375
-0.044036865234375 0.0806884765625 0.00975799560546873 0.116127014160156
-0.00147247314453124 0.0926132202148438 0.023651123046875 0.0761642456054688
0.0568389892578125 0.0640869140625 0.0354156494140625 0.0506401062011719
0.0734481811523438 0.00811004638671875 0.0275020599365234 0.0270862579345703
0.0593376159667969 -0.0488014221191406 0.0183181762695313 0.0180263519287109
0.0259628295898438 -0.0692176818847656 0.0159969329833984 0.0235595703125
0.0197067260742187 -0.0659103393554688 0.0145378112792969 0.0354385375976562
0.019805908203125 -0.0767440795898438 0.00988388061523438 0.0526199340820312
0.0383377075195313 -0.0714492797851562 -0.009796142578125 0.0532913208007812
0.0694389343261719 -0.0392799377441406 -0.0301589965820312 0.0486183166503906
0.0782546997070313 0.0032501220703125 -0.0380706787109375 0.018798828125
0.0436172485351563 0.0721206665039063 -0.0278034210205078 -0.00806808471679687
-0.0037078857421875 0.0961837768554688 0.00659942626953125 0.0194339752197266
-0.0463714599609375 0.07861328125 -0.036651611328125 0.0769805908203125
-0.0574874877929688 0.00364303588867188 0.00485992431640623 0.126541137695313
-0.05023193359375 0.0310287475585938 0.00148773193359374 0.119003295898438
-0.0251235961914062 0.0529022216796875 0.0176162719726563 0.0710220336914063
0.0209083557128906 0.0513496398925781 0.0199012756347656 0.0485382080078125
0.043701171875 0.0172691345214844 0.0111198425292969 0.0327491760253906
0.0457420349121094 -0.0251998901367188 0.00767135620117187 0.036529541015625
0.0249900817871094 -0.0445289611816406 0.013763427734375 0.047271728515625
0.0198707580566406 -0.0444717407226562 0.0163230895996094 0.0578994750976563
0.0205078125 -0.0538253784179688 0.00994110107421876 0.07415771484375
0.0349807739257813 -0.0500221252441406 -0.0160064697265625 0.0736541748046875
0.0571060180664063 -0.0230903625488281 -0.0402259826660156 0.0601615905761719
0.0591468811035156 0.0123825073242188 -0.0477752685546875 0.0230216979980469
0.0202255249023437 0.0637969970703125 -0.0310306549072266 -0.00604820251464843
-0.0266532897949219 0.0684356689453125 0.000688552856445311 0.0322494506835938
-0.0567626953125 0.037261962890625 -0.0578155517578125 0.0937728881835938
0.042999267578125 0.0184783935546875 0.0632858276367188 -0.0932998657226563
0.038665771484375 -0.0290184020996094 0.01580810546875 -0.0310020446777344
-0.00281906127929688 -0.0404891967773438 0.0330047607421875 0.00949287414550781
-0.0293655395507813 -0.021209716796875 0.0663833618164063 -0.0176811218261719
-0.0323562622070313 0.00377273559570312 0.0539398193359375 -0.0636787414550781
-0.023681640625 0.0253925323486328 0.0179214477539063 -0.0927276611328125
-0.0180702209472656 0.0222492218017578 -0.01251220703125 -0.09014892578125
-0.0199565887451172 0.0153884887695313 -0.0183563232421875 -0.0705108642578125
-0.0244407653808594 0.0151920318603516 -0.01348876953125 -0.0586662292480469
-0.0283279418945312 -0.00461196899414062 -0.00714492797851563 -0.04925537109375
-0.0162220001220703 -0.0266227722167969 -0.00528717041015625 -0.0372581481933594
0.0114917755126953 -0.0317707061767578 -0.0083770751953125 -0.0438461303710937
0.0441474914550781 -0.0110664367675781 -0.00982666015625 -0.07220458984375
0.0527725219726563 0.0210418701171875 -0.00275421142578125 -0.111648559570313
0.0356254577636719 0.0433845520019531 0.00981903076171876 -0.121658325195312
0.0285263061523438 0.0664749145507813 0.0795211791992188 -0.0782623291015625
0.04888916015625 0.016326904296875 0.0261459350585938 -0.0226516723632813
0.0257854461669922 -0.00951957702636719 0.040771484375 0.0165061950683594
0.00737762451171875 -0.0170793533325195 0.0777740478515625 -0.0134353637695313
-0.00427436828613281 -0.0122613906860352 0.0653724670410156 -0.0620269775390625
-0.00988864898681641 -0.00575160980224609 0.0272293090820312 -0.0962142944335938
-0.0151729583740234 -0.0114946365356445 -0.00763702392578125 -0.0954132080078125
-0.0142889022827148 -0.0156183242797852 -0.0161972045898438 -0.073089599609375
-0.0171108245849609 -0.0192718505859375 -0.00999069213867188 -0.0589179992675781
-0.00823974609375 -0.0312023162841797 -0.00361251831054688 -0.0485076904296875
0.0149154663085937 -0.0360374450683594 -0.00479507446289062 -0.0308895111083984
0.0419654846191406 -0.0215225219726563 -0.00934219360351563 -0.0341510772705078
0.0576400756835938 0.0233306884765625 -0.0183906555175781 -0.0593528747558594
0.0515060424804688 0.0654029846191406 -0.00949859619140626 -0.0932769775390625
0.0222091674804688 0.086456298828125 0.00962066650390624 -0.0999374389648437
0.00675201416015626 0.106826782226562 0.0877914428710938 -0.0486373901367187
0.0462875366210938 0.0652732849121094 0.0364990234375 -0.00243759155273437
0.0495872497558594 0.0316314697265625 0.0475044250488281 0.02850341796875
0.0473213195800781 -0.00402069091796875 0.085601806640625 -0.00257110595703125
0.0302925109863281 -0.0242500305175781 0.0730133056640625 -0.0513839721679688
0.0097503662109375 -0.0358009338378906 0.0350112915039062 -0.0884170532226563
-0.00852584838867188 -0.043853759765625 -0.000442504882812496 -0.088043212890625
-0.00830078125000001 -0.0442428588867188 -0.0116844177246094 -0.0643310546875
-0.00843429565429688 -0.0500259399414062 -0.00692367553710937 -0.0471305847167969
0.00854492187500001 -0.0557441711425781 -0.00383758544921875 -0.0388336181640625
0.0402984619140625 -0.0465660095214844 -0.00765228271484375 -0.0193748474121094
0.066497802734375 -0.0188026428222656 -0.0143814086914062 -0.0223712921142578
0.07171630859375 0.0457382202148438 -0.0265464782714844 -0.0438461303710938
0.0539169311523438 0.0959396362304688 -0.0137481689453125 -0.0696258544921875
0.0120773315429688 0.115386962890625 0.0048980712890625 -0.0681304931640625
-0.0204849243164062 0.130561828613281 0.0859298706054688 -0.00610351562499999
0.0315322875976563 0.107009887695312 0.0404777526855469 0.0290603637695313
0.06201171875 0.0744094848632813 0.0493354797363281 0.0452690124511719
0.0812225341796875 0.0167160034179688 0.0852584838867188 0.0138168334960938
0.0633163452148438 -0.0282211303710938 0.07366943359375 -0.03277587890625
0.0314178466796875 -0.05908203125 0.0395584106445313 -0.0679206848144531
0.000526428222656249 -0.0692405700683594 0.00673294067382813 -0.069000244140625
-0.000419616699218754 -0.0658378601074219 -0.0050506591796875 -0.0458259582519531
-0.000854492187499997 -0.0748367309570312 -0.00204849243164063 -0.0273380279541016
0.0203323364257813 -0.0743408203125 -0.00378990173339844 -0.0205020904541016
0.057830810546875 -0.0559844970703125 -0.0120849609375 -0.00324726104736329
0.082611083984375 -0.0194091796875 -0.019622802734375 -0.00916099548339844
0.0804824829101563 0.0580902099609375 -0.0304241180419922 -0.0295581817626953
0.0535964965820313 0.111846923828125 -0.0105857849121094 -0.0447654724121094
0.00231170654296874 0.129440307617187 -0.000535964965820309 -0.0300388336181641
-0.045501708984375 0.130950927734375 0.07183837890625 0.04193115234375
0.00534057617187499 0.127655029296875 0.035491943359375 0.064422607421875
0.0548248291015625 0.106338500976563 0.04443359375 0.0621986389160156
0.0963363647460938 0.0410003662109375 0.0751266479492188 0.0313873291015625
0.0865249633789063 -0.0218353271484375 0.0650634765625 -0.00900650024414063
0.0503082275390625 -0.0703811645507813 0.0380020141601563 -0.039825439453125
0.0102996826171875 -0.0831375122070313 0.0135040283203125 -0.039581298828125
0.006927490234375 -0.0785064697265625 0.00221443176269531 -0.0205974578857422
0.0055999755859375 -0.0884933471679688 0.00329995155334473 -0.00149321556091309
0.0281524658203125 -0.0845565795898438 -0.00465726852416992 0.00325202941894531
0.0679855346679688 -0.058837890625 -0.0159616470336914 0.0148696899414062
0.0900650024414063 -0.0173721313476563 -0.0241546630859375 0.0031280517578125
0.0783538818359375 0.0658416748046875 -0.0295200347900391 -0.0189228057861328
0.0439453125 0.116867065429688 -0.00178146362304687 -0.0208072662353516
-0.01080322265625 0.126617431640625 -0.00773811340332031 0.00967025756835938
-0.0624465942382813 0.10546875 0.0481643676757813 0.0854568481445313
-0.0223846435546875 0.117622375488281 0.0242538452148438 0.0956802368164063
0.0305328369140625 0.113945007324219 0.03399658203125 0.0735931396484375
0.088043212890625 0.0595703125 0.0570831298828125 0.0453033447265625
0.0901031494140625 -0.00786590576171875 0.0471343994140625 0.0128517150878906
0.0606002807617188 -0.0665435791015625 0.0299320220947266 -0.00838851928710938
0.0188980102539062 -0.0828628540039063 0.0162296295166016 -0.00727081298828126
0.0133056640625 -0.0787200927734375 0.00925540924072266 0.00795841217041015
0.011932373046875 -0.089111328125 0.007965087890625 0.0263156890869141
0.0335845947265625 -0.08343505859375 -0.00669670104980468 0.0288925170898437
0.071533203125 -0.0537796020507812 -0.0218257904052734 0.0334873199462891
0.0884475708007813 -0.009246826171875 -0.0306243896484375 0.0121383666992187
0.0658111572265625 0.07073974609375 -0.0279884338378906 -0.0123291015625
0.023681640625 0.111503601074219 0.00625801086425782 0.000524520874023444
-0.0282745361328125 0.108558654785156 -0.0190238952636719 0.047149658203125
-0.064788818359375 0.0597724914550781 0.0248260498046875 0.115203857421875
-0.04180908203125 0.08172607421875 0.0103836059570312 0.114822387695313
0.00115966796875001 0.0930099487304688 0.0226669311523437 0.0758590698242188
0.0587120056152344 0.0626983642578125 0.0351142883300781 0.0511131286621094
0.0734024047851563 0.0061187744140625 0.0286235809326172 0.0275936126708984
0.0578536987304688 -0.05029296875 0.0197181701660156 0.0183010101318359
0.02392578125 -0.0694351196289063 0.0164279937744141 0.0233001708984375
0.01702880859375 -0.0664482116699219 0.0142269134521484 0.0346870422363281
0.01666259765625 -0.0770950317382812 0.0106773376464844 0.0515480041503906
0.0351715087890625 -0.0721969604492188 -0.009765625 0.052947998046875
0.0680885314941406 -0.0416679382324219 -0.0298919677734375 0.0481414794921875
0.0780029296875 0.0010833740234375 -0.0374488830566406 0.0196456909179688
0.046173095703125 0.0718765258789063 -0.0276966094970703 -0.00803184509277344
-0.00107574462890626 0.0969619750976563 0.00758743286132812 0.0184078216552734
-0.0450897216796875 0.0795135498046875 -0.03515625 0.0764007568359375
-0.056854248046875 0.00494003295898437 0.00659942626953125 0.127159118652344
-0.0492095947265625 0.0324440002441406 0.00223541259765625 0.118850708007813
-0.0233840942382813 0.0541038513183594 0.016448974609375 0.07037353515625
0.0231704711914063 0.0504989624023438 0.0194015502929687 0.0489044189453125
0.045196533203125 0.0158042907714844 0.0126132965087891 0.0343799591064453
0.0442924499511719 -0.0272064208984375 0.00981903076171875 0.0368499755859375
0.0234909057617188 -0.0451736450195312 0.0148468017578125 0.0460166931152344
0.0180740356445313 -0.0452346801757813 0.0178413391113281 0.0562477111816406
0.0182991027832031 -0.054656982421875 0.0110015869140625 0.073638916015625
0.0325698852539063 -0.0513153076171875 -0.015472412109375 0.0728073120117188
0.0561866760253906 -0.0257225036621094 -0.0390281677246094 0.0602188110351563
0.0598640441894531 0.0109100341796875 -0.0473480224609375 0.0233421325683594
0.0214385986328125 0.0636711120605469 -0.0313587188720703 -0.00689506530761718
-0.0245399475097656 0.0695724487304688 0.00205421447753906 0.0306873321533203
-0.0558624267578125 0.038177490234375 -0.0557479858398438 0.0943222045898438
0.0435714721679688 0.0181655883789062 0.0639572143554688 -0.0966262817382813
0.0381927490234375 -0.0299072265625 0.0155391693115234 -0.0322608947753906
-0.00414657592773438 -0.0404319763183594 0.0339546203613281 0.0100555419921875
-0.0309486389160156 -0.0203857421875 0.067657470703125 -0.0177192687988281
-0.0330390930175781 0.00557136535644531 0.0548248291015625 -0.0650825500488281
-0.0229759216308594 0.0266151428222656 0.0175704956054687 -0.0945663452148438
-0.0158119201660156 0.0230083465576172 -0.0139007568359375 -0.091033935546875
-0.0193080902099609 0.0161151885986328 -0.0205001831054688 -0.0722198486328125
-0.0249595642089844 0.0161762237548828 -0.0158767700195312 -0.0592460632324219
-0.0284652709960938 -0.00332260131835938 -0.00971603393554687 -0.0494422912597656
-0.0173606872558594 -0.0264797210693359 -0.00666046142578126 -0.0393486022949219
0.0101947784423828 -0.0322322845458984 -0.00756454467773438 -0.0468902587890625
0.0449371337890625 -0.0127716064453125 -0.00886535644531249 -0.0738449096679687
0.0541419982910156 0.0197677612304687 -0.00266265869140626 -0.113372802734375
0.0372848510742187 0.0437698364257812 0.00978088378906251 -0.12518310546875
0.0310592651367187 0.0676040649414063 0.0801773071289063 -0.0817184448242188
0.0498809814453125 0.0160675048828125 0.0272865295410156 -0.0233955383300781
0.0264072418212891 -0.00944709777832031 0.0422706604003906 0.0170173645019531
0.00699806213378906 -0.016810417175293 0.0792312622070313 -0.0137786865234375
-0.00399971008300781 -0.0120258331298828 0.0664710998535156 -0.0635223388671875
-0.00903987884521484 -0.00533008575439453 0.0261383056640625 -0.0978317260742188
-0.0147981643676758 -0.011322021484375 -0.00955963134765625 -0.096282958984375
-0.0150356292724609 -0.0152444839477539 -0.0181121826171875 -0.0735931396484375
-0.0171966552734375 -0.0189037322998047 -0.0127067565917969 -0.0593452453613281
-0.00812530517578125 -0.0309123992919922 -0.00621795654296876 -0.049560546875
0.0143661499023437 -0.0366287231445313 -0.00616073608398437 -0.0335159301757813
0.0423088073730469 -0.0223464965820313 -0.009002685546875 -0.0372657775878906
0.0583572387695313 0.0233039855957031 -0.0168609619140625 -0.0600433349609375
0.0543327331542969 0.06536865234375 -0.0082244873046875 -0.0947799682617187
0.02301025390625 0.088043212890625 0.00951385498046876 -0.104141235351563
0.0086212158203125 0.109130859375 0.0895919799804687 -0.051483154296875
0.047882080078125 0.0656318664550781 0.0361709594726563 -0.00252532958984375
0.0518379211425781 0.0311775207519531 0.04852294921875 0.0295066833496094
0.0483322143554687 -0.0045928955078125 0.0871658325195313 -0.00211334228515625
0.0306453704833984 -0.0253562927246094 0.0740585327148438 -0.0528182983398438
0.00970077514648438 -0.03680419921875 0.034088134765625 -0.089447021484375
-0.00917816162109375 -0.0441932678222656 -0.00197601318359375 -0.0891952514648438
-0.00900268554687499 -0.0450210571289062 -0.0135955810546875 -0.0650177001953125
-0.0101585388183594 -0.0510749816894531 -0.00917434692382812 -0.0475120544433594
0.00732040405273438 -0.05670166015625 -0.00594329833984375 -0.0397377014160156
0.0405769348144531 -0.0482978820800781 -0.00992584228515624 -0.0211181640625
0.0677261352539063 -0.0206260681152344 -0.0139236450195312 -0.0246791839599609
0.0736312866210938 0.0455551147460938 -0.0258750915527344 -0.0449600219726563
0.0572509765625 0.0969924926757813 -0.0134048461914062 -0.071258544921875
0.0136795043945312 0.117485046386719 0.00421905517578124 -0.0714874267578125
-0.0188140869140625 0.134040832519531 0.0877151489257812 -0.00826263427734374
0.032958984375 0.107917785644531 0.0395278930664063 0.0289878845214844
0.0646286010742188 0.0753860473632813 0.05010986328125 0.0463027954101563
0.08306884765625 0.0157546997070313 0.0865097045898438 0.0141067504882813
0.0646858215332031 -0.0297966003417969 0.0755996704101563 -0.0325851440429688
0.0319747924804688 -0.0616302490234375 0.0397491455078125 -0.0698318481445312
-0.00100708007812501 -0.0709915161132813 0.00648880004882812 -0.0699577331542969
-0.00250625610351562 -0.0679435729980469 -0.00697708129882812 -0.0463066101074219
-0.00402069091796875 -0.0756454467773438 -0.00426483154296875 -0.0282306671142578
0.0189132690429687 -0.0761566162109375 -0.00629615783691406 -0.0211505889892578
0.0576438903808594 -0.0576133728027344 -0.0133285522460937 -0.00450801849365235
0.0843124389648437 -0.0213775634765625 -0.0192775726318359 -0.0104103088378906
0.0837020874023438 0.0576553344726563 -0.0298213958740234 -0.0300922393798828
0.0573348999023438 0.113265991210938 -0.01153564453125 -0.0464630126953125
0.00332641601562499 0.131919860839844 -0.00158882141113282 -0.0333499908447266
-0.044677734375 0.13385009765625 0.0741806030273438 0.0416183471679688
0.00665283203125 0.129997253417969 0.0358695983886719 0.0644302368164063
0.0585556030273438 0.107955932617188 0.0438995361328125 0.0640449523925781
0.0999374389648438 0.0410003662109375 0.0762710571289063 0.032470703125
0.0871353149414063 -0.0238113403320313 0.066497802734375 -0.00960540771484375
0.050811767578125 -0.0738677978515625 0.0387535095214844 -0.0410118103027344
0.00884246826171876 -0.0850830078125 0.011993408203125 -0.041168212890625
0.0052947998046875 -0.0794143676757812 0.00121879577636719 -0.0205097198486328
0.00377655029296875 -0.09063720703125 0.00237154960632324 -0.0021204948425293
0.0264511108398438 -0.0870208740234375 -0.00678300857543945 0.00316953659057617
0.0679130554199219 -0.0626983642578125 -0.0178432464599609 0.0144424438476562
0.0925521850585937 -0.019927978515625 -0.0244255065917969 0.00166511535644531
0.0822830200195312 0.0661239624023438 -0.0287990570068359 -0.0194988250732422
0.0477828979492187 0.118606567382812 -0.00179290771484375 -0.0218887329101562
-0.00992584228515625 0.128921508789063 -0.00846672058105469 0.00909614562988282
-0.0610427856445313 0.109329223632813 0.0510940551757813 0.0872802734375
-0.0210494995117188 0.120941162109375 0.0235671997070313 0.0973663330078125
0.0343093872070313 0.116111755371094 0.0337448120117188 0.0750198364257813
0.0903396606445313 0.0588760375976563 0.0563735961914063 0.04644775390625
0.0909576416015625 -0.00977325439453125 0.0489349365234375 0.0136642456054688
0.0612258911132813 -0.0694084167480469 0.0314197540283203 -0.00935935974121094
0.0170669555664063 -0.0853118896484375 0.0155420303344727 -0.00833415985107423
0.0106201171875 -0.0799407958984375 0.00764322280883789 0.00826406478881835
0.0103378295898437 -0.0912704467773438 0.00879287719726563 0.0260028839111328
0.0315017700195312 -0.0870742797851563 -0.00688934326171875 0.0293388366699219
0.0721054077148438 -0.0577392578125 -0.0235176086425781 0.0323867797851562
0.0905532836914063 -0.0112457275390625 -0.0306186676025391 0.0119838714599609
0.0698165893554688 0.0722274780273438 -0.0273513793945312 -0.0128726959228516
0.0277328491210937 0.113945007324219 0.00642538070678711 -0.00142717361450195
-0.0274581909179688 0.111503601074219 -0.0182380676269531 0.0472946166992188
-0.0655479431152344 0.0629615783691406 0.0263900756835937 0.1187744140625
-0.0419387817382813 0.0842056274414063 0.00980377197265626 0.117401123046875
0.00366973876953124 0.0952682495117188 0.021087646484375 0.0774612426757813
0.0625076293945313 0.0633087158203125 0.0353813171386719 0.0530357360839844
0.0756454467773438 0.0047760009765625 0.0293064117431641 0.0282878875732422
0.057647705078125 -0.0532150268554687 0.0200042724609375 0.0189533233642578
0.0219268798828125 -0.0713043212890625 0.0168876647949219 0.02301025390625
0.015655517578125 -0.0681190490722656 0.0143661499023438 0.0349140167236328
0.0146560668945312 -0.0801544189453125 0.0108604431152344 0.0520591735839844
0.03277587890625 -0.0755767822265625 -0.0103340148925781 0.0531501770019531
0.0683479309082031 -0.0454292297363281 -0.0302734375 0.0496940612792969
0.0812606811523438 -0.0003662109375 -0.0375289916992187 0.0193557739257813
0.049041748046875 0.0732574462890625 -0.0284309387207031 -0.00920486450195312
0.00170898437500001 0.0986099243164063 0.00785732269287109 0.0172519683837891
-0.04461669921875 0.0814208984375 -0.0350189208984375 0.0767822265625
-0.0585823059082031 0.00710296630859374 0.00733184814453124 0.130439758300781
-0.0497779846191406 0.0340805053710938 0.00110626220703124 0.120407104492188
-0.0225067138671875 0.0556869506835938 0.0150146484375 0.07177734375
0.026031494140625 0.0502777099609375 0.0195426940917969 0.0517387390136719
0.0458984375 0.0149612426757813 0.0133934020996094 0.0362129211425781
0.0444221496582031 -0.0290107727050781 0.0118446350097656 0.0376319885253906
0.0230522155761719 -0.046112060546875 0.01611328125 0.0465927124023437
0.0161209106445312 -0.0456352233886719 0.0180282592773438 0.05615234375
0.0179595947265625 -0.05572509765625 0.012542724609375 0.0736618041992188
0.0319480895996094 -0.0529861450195313 -0.014068603515625 0.0745391845703125
0.0566825866699219 -0.0281715393066406 -0.0395660400390625 0.0610923767089844
0.0610885620117188 0.0093536376953125 -0.0491256713867187 0.0237808227539063
0.0243453979492187 0.0648422241210938 -0.0320358276367188 -0.00790214538574218
-0.0234527587890625 0.0720672607421875 0.00281906127929688 0.0309505462646484
-0.0561332702636719 0.0398178100585938 -0.0553359985351563 0.0970535278320312
0.04644775390625 0.0167655944824219 0.062896728515625 -0.103378295898438
0.0391044616699219 -0.0320243835449219 0.015228271484375 -0.0336780548095703
-0.00601959228515625 -0.042572021484375 0.0358047485351562 0.0103988647460937
-0.0333480834960937 -0.0189876556396484 0.0698661804199219 -0.0197715759277344
-0.0338191986083984 0.00728225708007812 0.0550956726074219 -0.0676460266113281
-0.0221519470214844 0.0278663635253906 0.0147857666015625 -0.0979537963867188
-0.0159721374511719 0.0242881774902344 -0.0172576904296875 -0.0940628051757812
-0.0199451446533203 0.0180454254150391 -0.0232925415039063 -0.0731430053710938
-0.0248756408691406 0.0176887512207031 -0.0191917419433594 -0.060455322265625
-0.0291290283203125 -0.00171852111816406 -0.0115242004394531 -0.0514945983886719
-0.019439697265625 -0.0248050689697266 -0.00821304321289063 -0.0419998168945313
0.00973701477050781 -0.0337200164794922 -0.00831222534179688 -0.0500984191894531
0.0451774597167969 -0.0142135620117188 -0.00943756103515624 -0.0770416259765625
0.0557937622070312 0.0184211730957031 -0.00448608398437499 -0.117446899414063
0.0399093627929688 0.0443000793457031 0.00664520263671876 -0.132209777832031
0.0338058471679687 0.0689849853515625 0.0828399658203125 -0.0884170532226563
0.0519676208496094 0.0145530700683594 0.0273456573486328 -0.0247058868408203
0.0262031555175781 -0.0110530853271484 0.0437355041503906 0.0175933837890625
0.00624465942382813 -0.0175895690917969 0.0816650390625 -0.0147247314453125
-0.00519752502441406 -0.0118312835693359 0.0672607421875 -0.0668563842773438
-0.00918674468994141 -0.00593376159667968 0.0245361328125 -0.102554321289063
-0.0151128768920898 -0.0109138488769531 -0.0136337280273437 -0.100006103515625
-0.0155792236328125 -0.0151767730712891 -0.021484375 -0.0760879516601563
-0.0185489654541016 -0.0193443298339844 -0.0153656005859375 -0.0607795715332031
-0.00963783264160156 -0.0314922332763672 -0.0100860595703125 -0.0509376525878906
0.013153076171875 -0.03802490234375 -0.00832366943359375 -0.0359764099121094
0.04241943359375 -0.02374267578125 -0.00901794433593749 -0.0398788452148438
0.0618896484375 0.0206489562988281 -0.0182342529296875 -0.0627861022949219
0.0575408935546875 0.0665969848632813 -0.0121612548828125 -0.0984573364257813
0.02734375 0.0904006958007813 0.00650787353515625 -0.109107971191406
0.0120162963867187 0.112892150878906 0.0924835205078125 -0.0579376220703125
0.0516242980957031 0.0669097900390625 0.0367774963378906 -0.00362396240234375
0.0547370910644531 0.0310249328613281 0.0497589111328125 0.0306434631347656
0.0495529174804688 -0.00674819946289063 0.0895614624023437 -0.00373077392578125
0.030975341796875 -0.0267391204833984 0.0760726928710937 -0.055755615234375
0.00946044921875 -0.0393257141113281 0.033599853515625 -0.093475341796875
-0.0111160278320312 -0.0449600219726563 -0.00563812255859375 -0.0922775268554687
-0.0102386474609375 -0.0453948974609375 -0.0169448852539062 -0.0666961669921875
-0.0122756958007813 -0.0518608093261719 -0.0115013122558594 -0.0488395690917969
0.00563812255859374 -0.0589370727539062 -0.009552001953125 -0.0403671264648438
0.0389862060546875 -0.0502662658691406 -0.0119857788085938 -0.0227680206298828
0.0688514709472656 -0.0231437683105469 -0.0151176452636719 -0.027252197265625
0.0782546997070312 0.0441131591796875 -0.0261993408203125 -0.0467720031738281
0.0629348754882813 0.0980300903320313 -0.014923095703125 -0.0744781494140625
0.0176544189453125 0.122566223144531 0.002593994140625 -0.0767669677734375
-0.015472412109375 0.139915466308594 0.0908432006835937 -0.0112228393554687
0.038299560546875 0.111671447753906 0.0417823791503906 0.0287017822265625
0.0702056884765625 0.0762100219726562 0.0515251159667969 0.0482711791992188
0.0874404907226562 0.0132980346679687 0.0905685424804688 0.0131988525390625
0.0657920837402344 -0.0333671569824219 0.0777435302734375 -0.0357666015625
0.03070068359375 -0.0653495788574219 0.03887939453125 -0.0732269287109375
-0.003662109375 -0.0731887817382813 0.00332641601562501 -0.0730056762695313
-0.0045318603515625 -0.0688209533691406 -0.00955581665039062 -0.0469398498535156
-0.00656890869140625 -0.0779037475585938 -0.00616073608398437 -0.028564453125
0.015655517578125 -0.0795440673828125 -0.00979042053222656 -0.0214385986328125
0.0576858520507813 -0.0633049011230469 -0.0159902572631836 -0.00622177124023438
0.0873641967773437 -0.0257797241210937 -0.0198421478271484 -0.0130958557128906
0.0893173217773438 0.057647705078125 -0.0307254791259766 -0.0320663452148437
0.0640106201171875 0.115989685058594 -0.0114555358886719 -0.048797607421875
0.00745391845703126 0.136756896972656 -0.00276565551757813 -0.0355033874511719
-0.0420379638671875 0.14129638671875 0.0782852172851562 0.0406265258789063
0.0117263793945313 0.134262084960938 0.0377540588378906 0.0662994384765625
0.0655288696289062 0.110343933105469 0.0458755493164063 0.0661773681640625
0.105445861816406 0.0380325317382813 0.08026123046875 0.0335540771484375
0.0897216796875 -0.02734375 0.0693893432617187 -0.00985336303710938
0.0497970581054688 -0.0784759521484375 0.0393943786621094 -0.04351806640625
0.00550079345703126 -0.0887603759765625 0.0107994079589844 -0.0428543090820313
0.00218963623046874 -0.0827484130859375 -0.000919342041015623 -0.0219478607177734
-0.000541687011718759 -0.0944061279296875 0.00138413906097412 -0.00185644626617432
0.0231857299804687 -0.0918960571289062 -0.00923347473144531 0.00373363494873046
0.0683517456054688 -0.0678215026855469 -0.0191707611083984 0.0143299102783203
0.0945510864257813 -0.02325439453125 -0.0257034301757812 0.000879287719726556
0.088623046875 0.0649795532226563 -0.0294685363769531 -0.0204372406005859
0.0547103881835938 0.121467590332031 -0.00178337097167968 -0.023956298828125
-0.00697326660156251 0.135078430175781 -0.00872659683227539 0.00694513320922853
-0.0599136352539063 0.116470336914062 0.05474853515625 0.089202880859375
-0.0186996459960938 0.1260986328125 0.02545166015625 0.099517822265625
0.0395736694335937 0.119285583496094 0.0339889526367187 0.0780715942382813
0.0987777709960938 0.05780029296875 0.0595474243164063 0.048583984375
0.094085693359375 -0.0126190185546875 0.0507164001464844 0.0125961303710937
0.0597152709960937 -0.0757598876953125 0.0327014923095703 -0.0104961395263672
0.014251708984375 -0.0888900756835938 0.0161323547363281 -0.00862884521484376
0.008087158203125 -0.0834884643554687 0.00741958618164063 0.00937652587890624
0.00524139404296875 -0.0955352783203125 0.00865745544433594 0.0267105102539062
0.0287246704101562 -0.092132568359375 -0.00782966613769531 0.0292625427246094
0.0721893310546875 -0.062652587890625 -0.0231800079345703 0.0335464477539062
0.0941085815429688 -0.0150375366210938 -0.0314998626708984 0.0112953186035156
0.0760498046875 0.0719985961914062 -0.0287837982177734 -0.0134811401367187
0.033721923828125 0.117263793945313 0.00694847106933594 -0.00187063217163085
-0.0243911743164062 0.116790771484375 -0.0176353454589844 0.0478172302246094
-0.0665092468261719 0.0681495666503906 0.0307998657226562 0.122215270996094
-0.039947509765625 0.0897445678710938 0.0120925903320312 0.120651245117188
0.00686645507812499 0.0994720458984375 0.0222244262695313 0.0799179077148438
0.0685615539550781 0.0623207092285156 0.0375785827636719 0.0555610656738281
0.0787353515625 0.00156402587890625 0.0310077667236328 0.0297946929931641
0.0579566955566406 -0.0579452514648438 0.0242424011230469 0.018524169921875
0.0195541381835937 -0.07489013671875 0.019012451171875 0.0230560302734375
0.0128936767578125 -0.0711669921875 0.0156364440917969 0.0349559783935547
0.0117263793945312 -0.083282470703125 0.012908935546875 0.052459716796875
0.0313034057617188 -0.07952880859375 -0.0105361938476563 0.0551185607910156
0.069488525390625 -0.0504951477050781 -0.0306587219238281 0.0520172119140625
0.0835189819335938 -0.00495147705078125 -0.0397109985351562 0.0203018188476563
0.055419921875 0.0740509033203125 -0.0287933349609375 -0.0089893341064453
0.00656127929687499 0.102691650390625 0.00953292846679688 0.0165214538574219
-0.0438079833984375 0.0861968994140625 -0.0342941284179688 0.0810089111328125
-0.0603561401367188 0.0114059448242187 0.0107650756835937 0.136711120605469
-0.0509872436523437 0.0381889343261719 0.00379180908203124 0.125038146972656
-0.0209083557128906 0.0583915710449219 0.0146408081054688 0.07513427734375
0.0299148559570312 0.0521736145019531 0.0203704833984375 0.0546035766601563
0.0479469299316406 0.0138473510742188 0.0153884887695313 0.0380935668945312
0.0448951721191406 -0.0316352844238281 0.0136947631835938 0.0376663208007813
0.0208854675292969 -0.0486183166503906 0.0181312561035156 0.0472755432128906
0.0153007507324219 -0.0473899841308594 0.0197868347167969 0.0573921203613281
0.0142288208007813 -0.0580711364746094 0.0147476196289063 0.0757217407226563
0.0293235778808594 -0.0566482543945312 -0.0142669677734375 0.077392578125
0.0579414367675781 -0.0313987731933594 -0.0390663146972656 0.0642814636230469
0.0646820068359375 0.00742721557617188 -0.049346923828125 0.025238037109375
0.0275459289550781 0.0667266845703125 -0.0332183837890625 -0.00769615173339843
-0.020294189453125 0.0755615234375 0.0038604736328125 0.0297870635986328
-0.0564308166503906 0.0425910949707031 -0.0551681518554687 0.101203918457031
0.0481948852539062 0.0139617919921875 0.0597915649414063 -0.111213684082031
0.0379257202148438 -0.0368309020996094 0.012725830078125 -0.0364494323730469
-0.0091094970703125 -0.042999267578125 0.0369148254394531 0.0100288391113281
-0.035858154296875 -0.01751708984375 0.0716400146484375 -0.0225753784179688
-0.0343742370605469 0.0103054046630859 0.05322265625 -0.0721435546875
-0.0207099914550781 0.0302906036376953 0.01043701171875 -0.101554870605469
-0.0137119293212891 0.0257625579833984 -0.0237655639648437 -0.0956878662109375
-0.0189456939697266 0.0206756591796875 -0.0288772583007812 -0.0736083984375
-0.0240058898925781 0.0209846496582031 -0.0227127075195313 -0.0610389709472656
-0.0300369262695312 0.00126838684082032 -0.0153236389160156 -0.0521240234375
-0.0214672088623047 -0.0241527557373047 -0.01177978515625 -0.0444984436035156
0.00786590576171875 -0.0351390838623047 -0.0111312866210938 -0.0540237426757813
0.0450477600097656 -0.0190505981445313 -0.0115966796875 -0.0790786743164063
0.0588645935058594 0.0150947570800781 -0.00926971435546875 -0.12139892578125
0.0440025329589844 0.0430717468261719 -0.000740051269531248 -0.137672424316406
0.0387992858886719 0.0685691833496094 0.0797805786132812 -0.09771728515625
0.0539474487304688 0.0118637084960937 0.0255317687988281 -0.0280914306640625
0.0261554718017578 -0.0127716064453125 0.0452919006347656 0.0174560546875
0.00548744201660156 -0.0179882049560547 0.0840377807617188 -0.01898193359375
-0.00522613525390625 -0.0109148025512695 0.0665512084960938 -0.071502685546875
-0.00859642028808594 -0.00622177124023437 0.0199508666992187 -0.105438232421875
-0.0157155990600586 -0.010502815246582 -0.0197906494140625 -0.101127624511719
-0.0176677703857422 -0.0141582489013672 -0.0275955200195313 -0.0759963989257813
-0.0203323364257813 -0.0176525115966797 -0.0208511352539063 -0.0610237121582031
-0.0119857788085938 -0.0314292907714844 -0.0143814086914063 -0.0520820617675781
0.011322021484375 -0.0391502380371094 -0.0115776062011719 -0.037872314453125
0.0424041748046875 -0.0282554626464844 -0.0116424560546875 -0.0437126159667969
0.06500244140625 0.0179519653320313 -0.0193061828613281 -0.0639381408691406
0.0641365051269531 0.0640830993652344 -0.0161361694335938 -0.101470947265625
0.0335464477539063 0.0919189453125 0.00121307373046874 -0.115776062011719
0.0191116333007813 0.115928649902344 0.0921859741210938 -0.06439208984375
0.057891845703125 0.0649032592773438 0.036956787109375 -0.00588226318359375
0.0589561462402344 0.0286903381347656 0.0522117614746094 0.0308914184570313
0.0516395568847656 -0.009307861328125 0.092681884765625 -0.007781982421875
0.0306110382080078 -0.0286769866943359 0.07598876953125 -0.0603713989257813
0.00836944580078125 -0.0416793823242188 0.0298995971679688 -0.098052978515625
-0.0138282775878906 -0.0457687377929688 -0.0116043090820313 -0.0945053100585937
-0.0137443542480469 -0.0458145141601563 -0.0222091674804688 -0.0666618347167969
-0.016082763671875 -0.0526809692382813 -0.0158920288085938 -0.0501747131347656
0.00176239013671875 -0.0601539611816406 -0.0138168334960938 -0.041473388671875
0.0378799438476563 -0.0549163818359375 -0.01495361328125 -0.0246181488037109
0.070343017578125 -0.0284042358398437 -0.0168304443359375 -0.0297260284423828
0.0840682983398437 0.040771484375 -0.0277214050292969 -0.0480499267578125
0.0712127685546875 0.0980148315429688 -0.0184249877929687 -0.0771636962890625
0.0247344970703125 0.125785827636719 -0.00170898437500001 -0.08074951171875
-0.00743103027343749 0.145828247070313 0.094635009765625 -0.0173416137695312
0.0460281372070312 0.111778259277344 0.0438232421875 0.0270462036132813
0.0770721435546875 0.0745010375976563 0.0546798706054688 0.0487747192382813
0.09149169921875 0.00921630859375 0.0943832397460938 0.0110015869140625
0.0661201477050781 -0.0374031066894531 0.078369140625 -0.0405120849609375
0.027374267578125 -0.0695533752441406 0.03729248046875 -0.0774154663085938
-0.0075225830078125 -0.0740890502929688 -0.00133514404296876 -0.07501220703125
-0.00931549072265625 -0.0706787109375 -0.0132637023925781 -0.0479965209960938
-0.0125198364257812 -0.0806655883789063 -0.00934219360351563 -0.0293769836425781
0.0108566284179687 -0.0836181640625 -0.0136814117431641 -0.0220413208007813
0.0552101135253906 -0.0682373046875 -0.0173587799072266 -0.00611305236816407
0.0884323120117188 -0.0321731567382813 -0.0216083526611328 -0.0146064758300781
0.096771240234375 0.0546417236328125 -0.03118896484375 -0.0332508087158203
0.0735397338867187 0.115631103515625 -0.0133628845214844 -0.0504035949707031
0.0152435302734375 0.141983032226563 -0.00474929809570313 -0.0383872985839844
-0.035064697265625 0.149017333984375 0.0837173461914062 0.0378036499023438
0.0201644897460937 0.138114929199219 0.0418853759765625 0.066070556640625
0.07476806640625 0.110160827636719 0.0490608215332031 0.0678291320800781
0.111930847167969 0.0333404541015625 0.0835189819335938 0.0314788818359375
0.09222412109375 -0.033233642578125 0.0712432861328125 -0.0134353637695313
0.0460052490234375 -0.0842819213867187 0.0394134521484375 -0.0466346740722656
0.00073242187499999 -0.0912704467773438 0.00840377807617188 -0.0448951721191406
-0.00341033935546875 -0.0852890014648438 -0.00228500366210938 -0.0222606658935547
-0.007110595703125 -0.096893310546875 -0.000363826751708985 -0.0022420883178711
0.0174789428710938 -0.095916748046875 -0.011012077331543 0.00286483764648437
0.06622314453125 -0.0741043090820313 -0.0204868316650391 0.0153999328613281
0.0965194702148438 -0.0308914184570313 -0.0260143280029297 0.000526428222656244
0.0966339111328125 0.0624237060546875 -0.0307159423828125 -0.0219192504882812
0.0648422241210937 0.122001647949219 -0.00280189514160156 -0.0259742736816406
0.000671386718749994 0.140701293945313 -0.00876235961914063 0.00680828094482423
-0.0554428100585938 0.1231689453125 0.0626754760742188 0.0880584716796875
-0.011566162109375 0.132087707519531 0.0314788818359375 0.102226257324219
0.0492401123046875 0.121284484863281 0.0385971069335938 0.0802154541015625
0.105453491210937 0.0536880493164062 0.0645599365234375 0.0494232177734375
0.0970458984375 -0.0195846557617188 0.0542984008789063 0.0115776062011719
0.0570144653320313 -0.081634521484375 0.0343608856201172 -0.0127410888671875
0.00886535644531249 -0.0928268432617188 0.0161628723144531 -0.0103349685668945
0.00354766845703124 -0.0862579345703125 0.00818395614624023 0.00668907165527343
-0.0022125244140625 -0.0989761352539063 0.00872993469238281 0.0258293151855469
0.022125244140625 -0.0967559814453125 -0.00833511352539062 0.0313949584960938
0.07147216796875 -0.0701675415039063 -0.0237541198730469 0.0364646911621094
0.0970077514648438 -0.0225753784179688 -0.0317573547363281 0.0130290985107422
0.0847625732421875 0.070770263671875 -0.0295639038085938 -0.0143337249755859
0.0434646606445312 0.119117736816406 0.00750970840454102 -0.0043196678161621
-0.0194625854492187 0.123176574707031 -0.0167045593261719 0.0495872497558594
-0.0639190673828125 0.0756378173828125 0.0395126342773438 0.125892639160156
-0.036346435546875 0.095947265625 0.01812744140625 0.124237060546875
0.0145721435546875 0.102790832519531 0.0252914428710937 0.0841140747070313
0.0745391845703125 0.0602264404296875 0.040802001953125 0.0569953918457031
0.0812835693359375 -0.0028533935546875 0.0349445343017578 0.0305652618408203
0.0558090209960938 -0.0640106201171875 0.0263690948486328 0.0177116394042969
0.0153350830078125 -0.0791244506835938 0.01995849609375 0.0222702026367187
0.008636474609375 -0.074737548828125 0.0174465179443359 0.0348968505859375
0.00555419921875 -0.0875091552734375 0.0154075622558594 0.0532798767089844
0.0262603759765625 -0.0848236083984375 -0.00801467895507813 0.0571403503417969
0.0677642822265625 -0.0565986633300781 -0.0290603637695313 0.0542945861816406
0.0868911743164063 -0.00975799560546875 -0.0395927429199219 0.0226669311523438
0.0623703002929687 0.0734405517578125 -0.0304145812988281 -0.00944709777832031
0.013702392578125 0.105384826660156 0.0106172561645508 0.0150270462036133
-0.0409698486328125 0.0914840698242187 -0.0304946899414063 0.0839996337890625
-0.0606842041015625 0.01544189453125 0.0191497802734375 0.141250610351563
-0.049224853515625 0.0437431335449219 0.00962066650390624 0.128730773925781
-0.0167579650878906 0.0634956359863281 0.017822265625 0.0786590576171875
0.0339241027832031 0.0509719848632813 0.0239105224609375 0.0565071105957031
0.0513229370117187 0.00990676879882812 0.0185394287109375 0.0383033752441406
0.0437774658203125 -0.03680419921875 0.0179214477539063 0.0391616821289063
0.017791748046875 -0.051605224609375 0.0213851928710938 0.0472030639648437
0.012542724609375 -0.05108642578125 0.0234413146972656 0.0572013854980469
0.011444091796875 -0.0620155334472656 0.0191421508789062 0.0760269165039063
0.0260124206542969 -0.0605926513671875 -0.0111923217773438 0.0801773071289063
0.0579681396484375 -0.036529541015625 -0.0379447937011719 0.0685005187988281
0.0665130615234375 0.00389862060546875 -0.04986572265625 0.02838134765625
0.0341720581054687 0.0675621032714844 -0.0348377227783203 -0.0068359375
-0.0156936645507813 0.0788421630859375 0.00639152526855469 0.0292034149169922
-0.0561866760253906 0.0479087829589844 -0.05078125 0.107330322265625
0.0503463745117188 0.00991058349609375 0.0529632568359375 -0.117752075195313
0.0356216430664063 -0.0400810241699219 0.00954818725585937 -0.0371742248535156
-0.0122261047363281 -0.0426483154296875 0.0379905700683594 0.00916290283203125
-0.0364646911621094 -0.0138511657714844 0.0709762573242188 -0.0272216796875
-0.0329551696777344 0.0131931304931641 0.0494537353515625 -0.075897216796875
-0.017181396484375 0.031982421875 0.00327301025390624 -0.101669311523438
-0.0121994018554687 0.0273704528808594 -0.030426025390625 -0.0941314697265625
-0.0165863037109375 0.0223636627197266 -0.0339279174804688 -0.0711288452148438
-0.0224761962890625 0.0228099822998047 -0.0282974243164062 -0.0592498779296875
-0.0301647186279297 0.0030670166015625 -0.0187339782714844 -0.0516128540039063
-0.0239524841308594 -0.0222835540771484 -0.0159873962402344 -0.0452194213867188
0.00546646118164063 -0.0371284484863281 -0.0152473449707031 -0.0554962158203125
0.0438880920410156 -0.02130126953125 -0.0155410766601562 -0.0787353515625
0.0596580505371094 0.0108375549316406 -0.0168838500976562 -0.120193481445313
0.0479774475097656 0.0395965576171875 -0.00959014892578123 -0.140571594238281
0.0447425842285156 0.0666084289550781 0.0739364624023438 -0.104545593261719
0.0551223754882813 0.0067138671875 0.0230884552001953 -0.0306301116943359
0.0257797241210938 -0.0141716003417969 0.0459365844726563 0.0167198181152344
0.00506973266601562 -0.0185737609863281 0.0835494995117188 -0.0240936279296875
-0.00638580322265625 -0.0100421905517578 0.0631484985351563 -0.0755081176757813
-0.00819110870361328 -0.00639581680297851 0.0122909545898438 -0.108596801757813
-0.0153131484985352 -0.00940036773681641 -0.0276870727539063 -0.1014404296875
-0.0184841156005859 -0.0127029418945312 -0.0320587158203125 -0.0724868774414063
-0.0214099884033203 -0.0164699554443359 -0.0261878967285156 -0.0593948364257812
-0.014678955078125 -0.0296154022216797 -0.0205841064453125 -0.051483154296875
0.00888442993164062 -0.0407867431640625 -0.01568603515625 -0.0391769409179687
0.0404891967773438 -0.0316429138183594 -0.0148849487304687 -0.0459518432617187
0.0651817321777344 0.0133705139160156 -0.0213165283203125 -0.0643997192382813
0.0693435668945313 0.0599517822265625 -0.0204315185546875 -0.101173400878906
0.0393447875976563 0.0909042358398437 -0.00586700439453126 -0.11871337890625
0.0271148681640625 0.114898681640625 0.0881118774414063 -0.0727691650390625
0.0611991882324219 0.0612106323242187 0.0369491577148438 -0.00782012939453125
0.0612945556640625 0.0246009826660156 0.0534133911132813 0.029266357421875
0.0503425598144531 -0.013275146484375 0.0937118530273437 -0.0128860473632812
0.0294742584228516 -0.0311107635498047 0.0735397338867187 -0.0655593872070312
0.00492477416992188 -0.0436210632324219 0.0237197875976562 -0.10101318359375
-0.0166206359863281 -0.0450859069824219 -0.0187911987304687 -0.0930557250976563
-0.0171051025390625 -0.0450477600097656 -0.0274658203125 -0.0653343200683594
-0.0207672119140625 -0.0517463684082031 -0.0206146240234375 -0.0497550964355469
-0.00311660766601562 -0.0609321594238281 -0.0182914733886719 -0.0402603149414063
0.0331153869628906 -0.0580825805664063 -0.0170536041259766 -0.0248661041259766
0.0683326721191406 -0.0347557067871094 -0.0175743103027344 -0.0321025848388672
0.08782958984375 0.0340194702148438 -0.0293693542480469 -0.0481910705566406
0.0797042846679688 0.0930328369140625 -0.0221786499023437 -0.0766677856445313
0.0337905883789062 0.1256103515625 -0.0074310302734375 -0.0840606689453125
0.00358581542968751 0.146759033203125 0.0945358276367187 -0.0249710083007812
0.0528488159179688 0.109909057617188 0.0441703796386719 0.023590087890625
0.0838851928710938 0.068603515625 0.05755615234375 0.0473403930664063
0.09320068359375 0.00199127197265625 0.0960540771484375 0.00482177734375
0.0648117065429688 -0.0421409606933594 0.07635498046875 -0.0446701049804687
0.0231170654296875 -0.0721588134765625 0.0324630737304688 -0.0809860229492188
-0.0121383666992188 -0.074310302734375 -0.00652313232421875 -0.0751724243164063
-0.0137939453125 -0.0706558227539063 -0.0170478820800781 -0.0465545654296875
-0.0191268920898437 -0.0802001953125 -0.0120372772216797 -0.0289592742919922
0.00464630126953126 -0.084808349609375 -0.0169906616210938 -0.0200710296630859
0.0516510009765625 -0.0738983154296875 -0.019866943359375 -0.00617027282714844
0.0876083374023438 -0.0392990112304688 -0.0217685699462891 -0.015228271484375
0.10137939453125 0.047027587890625 -0.0328369140625 -0.0338001251220703
0.0820999145507813 0.111480712890625 -0.016326904296875 -0.050933837890625
0.0249481201171875 0.142486572265625 -0.00812530517578125 -0.0395050048828125
-0.025054931640625 0.152175903320313 0.0856399536132813 0.0319976806640625
0.0295257568359375 0.137001037597656 0.0447769165039063 0.0626869201660156
0.0821151733398438 0.105323791503906 0.052032470703125 0.066070556640625
0.116264343261719 0.0260696411132812 0.0858383178710938 0.0258712768554688
0.0893402099609375 -0.040771484375 0.0703964233398438 -0.0175399780273438
0.0398788452148438 -0.0896987915039063 0.0391502380371094 -0.0489044189453125
-0.0059661865234375 -0.0915908813476563 0.004486083984375 -0.0449676513671875
-0.00987243652343749 -0.0858993530273438 -0.00568962097167969 -0.0211238861083984
-0.014862060546875 -0.0957489013671875 -0.00201797485351563 -0.00212657451629639
0.00897216796875 -0.0979537963867188 -0.0127296447753906 0.00584125518798827
0.0618362426757813 -0.0809707641601563 -0.0203628540039062 0.0153903961181641
0.0967636108398438 -0.0391159057617188 -0.0267009735107422 -0.000305175781250005
0.10247802734375 0.0552597045898438 -0.0302886962890625 -0.0210990905761719
0.074249267578125 0.1180419921875 -0.00313186645507812 -0.0280647277832031
0.011138916015625 0.142410278320312 -0.00917530059814453 0.00674724578857423
-0.04669189453125 0.130485534667969 0.0698928833007813 0.085784912109375
-0.00235748291015624 0.133163452148438 0.0376358032226562 0.0996170043945313
0.058349609375 0.119377136230469 0.0418777465820313 0.08056640625
0.108627319335937 0.0466766357421875 0.0648078918457031 0.0461006164550781
0.09832763671875 -0.0273361206054688 0.05718994140625 0.0075836181640625
0.05157470703125 -0.08782958984375 0.0353279113769531 -0.013916015625
0.00279998779296874 -0.0936279296875 0.0154237747192383 -0.00898075103759766
-0.00339508056640625 -0.08575439453125 0.00784206390380859 0.00593280792236328
-0.00889587402343751 -0.101509094238281 0.0101985931396484 0.0242996215820312
0.0137481689453125 -0.100128173828125 -0.00823593139648437 0.0324611663818359
0.06512451171875 -0.0762100219726563 -0.0202217102050781 0.0376205444335937
0.0948410034179688 -0.0306777954101562 -0.030487060546875 0.0131587982177734
0.0928802490234375 0.06414794921875 -0.0303134918212891 -0.0144500732421875
0.0540084838867187 0.116310119628906 0.00784540176391602 -0.00568246841430663
-0.0102005004882812 0.124931335449219 -0.0137977600097656 0.0507888793945313
-0.0590896606445313 0.0822525024414063 0.0504913330078125 0.123451232910156
-0.028778076171875 0.0991973876953125 0.0258407592773437 0.12384033203125
0.0229949951171875 0.1046142578125 0.0291748046875 0.0831375122070313
0.0809860229492188 0.05426025390625 0.0451736450195313 0.056427001953125
0.0817108154296875 -0.009796142578125 0.0364227294921875 0.0287818908691406
0.0504913330078125 -0.0685310363769531 0.0292396545410156 0.0165443420410156
0.0086517333984375 -0.080352783203125 0.0221366882324219 0.0221977233886719
0.00307464599609375 -0.0763015747070313 0.0195751190185547 0.0340843200683594
-0.00115203857421874 -0.088958740234375 0.0179862976074219 0.0514678955078125
0.019256591796875 -0.0880508422851562 -0.00522232055664063 0.05743408203125
0.0644607543945313 -0.0636558532714844 -0.026153564453125 0.0564765930175781
0.0864410400390625 -0.0166091918945313 -0.0391426086425781 0.0235328674316406
0.0693283081054688 0.0696830749511719 -0.0321292877197266 -0.0085620880126953
0.0215606689453125 0.104095458984375 0.0120973587036133 0.0121221542358399
-0.0341033935546875 0.095733642578125 -0.0260162353515625 0.08685302734375
-0.0590400695800781 0.0199966430664062 0.0282440185546875 0.140823364257813
-0.0466384887695312 0.0478515625 0.0166854858398438 0.131561279296875
-0.0129013061523438 0.0647850036621094 0.0201797485351562 0.0779647827148438
0.0400123596191406 0.0482215881347656 0.0265769958496094 0.0574722290039062
0.0541229248046875 0.005279541015625 0.021331787109375 0.0389862060546875
0.0407028198242188 -0.041168212890625 0.02142333984375 0.0372848510742188
0.0123710632324219 -0.0542984008789063 0.02569580078125 0.045684814453125
0.00824356079101563 -0.053497314453125 0.0264625549316406 0.0561447143554688
0.00623321533203125 -0.0641555786132813 0.02496337890625 0.074859619140625
0.02197265625 -0.0635337829589844 -0.00672149658203125 0.080108642578125
0.055145263671875 -0.0406761169433594 -0.0337448120117188 0.0736465454101563
0.0691642761230469 -0.00185775756835938 -0.0482749938964844 0.03289794921875
0.0395088195800781 0.0653533935546875 -0.0370750427246094 -0.00536727905273438
-0.0099334716796875 0.0796356201171875 0.00881576538085938 0.0279121398925781
-0.0550498962402344 0.0527534484863281 -0.0430374145507812 0.111045837402344
0.0472450256347656 0.0058441162109375 0.0435867309570312 -0.119087219238281
0.0324172973632813 -0.0417976379394531 0.00812911987304688 -0.0352706909179688
-0.0171470642089844 -0.0414161682128906 0.038055419921875 0.00687789916992187
-0.035430908203125 -0.00973510742187499 0.0682601928710938 -0.0299911499023438
-0.0327072143554688 0.0151271820068359 0.0448226928710938 -0.0788955688476563
-0.0156211853027344 0.0334587097167969 -0.00326538085937501 -0.099945068359375
-0.00851821899414063 0.0275592803955078 -0.0347061157226563 -0.0893020629882813
-0.0159358978271484 0.0256233215332031 -0.0386123657226562 -0.0699844360351563
-0.0193042755126953 0.0225028991699219 -0.0350112915039062 -0.0570411682128906
-0.0295848846435547 0.00531959533691407 -0.0222320556640625 -0.0491104125976562
-0.0237827301025391 -0.0183811187744141 -0.020416259765625 -0.0479850769042969
0.000661849975585935 -0.0335197448730469 -0.0185356140136719 -0.0559616088867187
0.037872314453125 -0.0259437561035156 -0.0174636840820312 -0.0777740478515625
0.05816650390625 0.007843017578125 -0.0208358764648438 -0.119003295898438
0.0504379272460938 0.0364990234375 -0.0169448852539063 -0.138603210449219
0.0446662902832031 0.0612220764160156 0.0649490356445313 -0.107749938964844
0.0574111938476563 0.00186538696289063 0.0209503173828125 -0.0316314697265625
0.0291366577148438 -0.0139865875244141 0.046356201171875 0.0144462585449219
0.00327205657958984 -0.0164194107055664 0.0808792114257813 -0.0290069580078125
-0.00679588317871094 -0.0097198486328125 0.0599822998046875 -0.0784835815429688
-0.010167121887207 -0.00564479827880859 0.005218505859375 -0.107200622558594
-0.0153141021728516 -0.00893688201904297 -0.0348663330078125 -0.0975112915039063
-0.0185203552246094 -0.00964736938476563 -0.0364227294921875 -0.0675926208496094
-0.0231723785400391 -0.0136184692382813 -0.0281143188476562 -0.055633544921875
-0.0149364471435547 -0.0291404724121094 -0.0225868225097656 -0.0494728088378906
0.00620651245117187 -0.0386734008789063 -0.0187225341796875 -0.0405540466308594
0.0376853942871094 -0.0328636169433594 -0.0176506042480469 -0.047515869140625
0.0647621154785156 0.00883865356445312 -0.022613525390625 -0.0627212524414063
0.070892333984375 0.0541915893554687 -0.02435302734375 -0.100112915039063
0.044036865234375 0.0903549194335938 -0.0106658935546875 -0.117988586425781
0.0319595336914063 0.114212036132812 0.08221435546875 -0.0772857666015625
0.0660438537597656 0.0540809631347656 0.0334339141845703 -0.00963783264160156
0.0622138977050781 0.0232620239257813 0.0533294677734375 0.0283393859863281
0.0507583618164063 -0.0146255493164063 0.0921173095703125 -0.0167388916015625
0.0275135040283203 -0.0318946838378906 0.0718536376953125 -0.0652542114257813
0.00159454345703125 -0.0441703796386719 0.0164947509765625 -0.0981292724609375
-0.01739501953125 -0.0452919006347656 -0.0265274047851563 -0.0912017822265625
-0.0199508666992187 -0.0414466857910156 -0.0306320190429687 -0.0621871948242188
-0.024261474609375 -0.0484695434570313 -0.0242385864257812 -0.0453109741210938
-0.00795745849609375 -0.061767578125 -0.0230178833007812 -0.0379867553710938
0.02996826171875 -0.0590553283691406 -0.0201301574707031 -0.0234317779541016
0.0647125244140625 -0.0382080078125 -0.0193576812744141 -0.0311679840087891
0.0861740112304688 0.0297088623046875 -0.027862548828125 -0.0461769104003906
0.083343505859375 0.0851974487304688 -0.0240402221679688 -0.0754165649414063
0.0406494140625 0.123382568359375 -0.0112838745117188 -0.0830154418945312
0.0128021240234375 0.145065307617188 0.088409423828125 -0.0300674438476562
0.0581741333007813 0.103935241699219 0.04205322265625 0.0229873657226563
0.087310791015625 0.0635299682617188 0.0575332641601563 0.0449333190917969
0.093414306640625 -0.0049285888671875 0.0958938598632812 0.00121307373046875
0.0595703125 -0.0469436645507812 0.0734939575195313 -0.0479736328125
0.017913818359375 -0.0745925903320312 0.0298233032226563 -0.080596923828125
-0.0163116455078125 -0.0742645263671875 -0.0120010375976563 -0.073822021484375
-0.0165367126464844 -0.0675163269042969 -0.0209197998046875 -0.0446891784667969
-0.0234527587890625 -0.0782394409179688 -0.0158786773681641 -0.0257930755615234
-0.00230407714843749 -0.0830307006835938 -0.0194892883300781 -0.0202960968017578
0.044403076171875 -0.078521728515625 -0.0206813812255859 -0.00660133361816407
0.0836257934570313 -0.0430831909179688 -0.0208816528320312 -0.0152626037597656
0.103691101074219 0.0384368896484375 -0.0316066741943359 -0.0341262817382813
0.0875244140625 0.103080749511719 -0.0161170959472656 -0.0493507385253906
0.0339508056640625 0.137413024902344 -0.0109519958496094 -0.0372047424316406
-0.0146636962890625 0.153671264648438 0.0892562866210938 0.0251693725585938
0.0374221801757813 0.131118774414063 0.0456466674804688 0.05889892578125
0.0860748291015625 0.09539794921875 0.053619384765625 0.0665168762207031
0.116188049316406 0.0188751220703125 0.0851058959960938 0.023956298828125
0.0858154296875 -0.0437774658203125 0.06964111328125 -0.0180320739746094
0.034576416015625 -0.0916824340820313 0.0320167541503906 -0.0530967712402344
-0.00942230224609375 -0.09271240234375 0.00267791748046875 -0.0470848083496094
-0.0157241821289062 -0.0826797485351562 -0.00718498229980469 -0.0225429534912109
-0.0209732055664062 -0.0955047607421875 -0.00366568565368653 -0.00313806533813477
0.000976562500000007 -0.0965805053710938 -0.0123109817504883 0.00492000579833984
0.0517807006835938 -0.0856399536132813 -0.0226116180419922 0.0177726745605469
0.0912857055664063 -0.0453567504882813 -0.0241851806640625 0.00143241882324219
0.105621337890625 0.0465927124023438 -0.0345363616943359 -0.0188694000244141
0.0805130004882813 0.109878540039063 -0.00718116760253906 -0.029815673828125
0.0182342529296875 0.14324951171875 -0.00777435302734375 0.00572395324707032
-0.03826904296875 0.131561279296875 0.0763397216796875 0.07513427734375
0.00539398193359374 0.129989624023438 0.0424957275390625 0.0959091186523438
0.0675125122070312 0.116607666015625 0.044677734375 0.0761032104492188
0.113441467285156 0.0398025512695313 0.070343017578125 0.0436248779296875
0.0942230224609375 -0.0357894897460938 0.0533065795898438 0.0074615478515625
0.0430450439453125 -0.0881881713867187 0.0329265594482422 -0.0160636901855469
-0.00396728515625001 -0.095916748046875 0.0156536102294922 -0.0140695571899414
-0.00733184814453124 -0.085601806640625 0.00596284866333008 0.00749111175537109
-0.0173263549804688 -0.0978775024414063 0.0110912322998047 0.0230484008789062
0.00493621826171874 -0.0998764038085937 -0.00571060180664063 0.0324287414550781
0.0594863891601563 -0.0777130126953125 -0.0206146240234375 0.0359611511230469
0.0934219360351563 -0.038909912109375 -0.0308914184570312 0.0114212036132813
0.0911636352539063 0.058013916015625 -0.0299816131591797 -0.0115623474121094
0.057098388671875 0.108863830566406 0.00487756729125977 -0.00529956817626952
-0.00392913818359376 0.126075744628906 -0.0128021240234375 0.0518074035644531
-0.0513229370117188 0.0841827392578125 0.05548095703125 0.120964050292969
-0.0210800170898438 0.0977554321289063 0.0342483520507812 0.11834716796875
0.0279312133789063 0.101158142089844 0.0327377319335937 0.0815048217773438
0.08404541015625 0.0488967895507813 0.0471267700195313 0.0532188415527344
0.0821914672851563 -0.0159912109375 0.0380134582519531 0.0279273986816406
0.0476608276367188 -0.0716934204101562 0.0283946990966797 0.0122928619384766
0.00313568115234375 -0.0787811279296875 0.0208015441894531 0.0190505981445312
-0.00215911865234376 -0.0745162963867188 0.0210895538330078 0.030120849609375
-0.00856781005859375 -0.0878982543945313 0.02203369140625 0.0493011474609375
0.012664794921875 -0.0857772827148438 -0.00460052490234374 0.05731201171875
0.0579261779785156 -0.0653076171875 -0.0240402221679688 0.0579109191894531
0.0853042602539062 -0.0234298706054688 -0.03485107421875 0.0246753692626953
0.0736770629882813 0.0646133422851563 -0.0305709838867187 -0.00939178466796875
0.0283279418945313 0.102493286132813 0.0135049819946289 0.00943756103515626
-0.0293960571289062 0.0973968505859375 -0.0203704833984375 0.0869827270507812
-0.0560951232910156 0.0241165161132813 0.0389022827148437 0.139381408691406
-0.042938232421875 0.04766845703125 0.0241928100585938 0.12799072265625
-0.00610733032226562 0.0677223205566406 0.0249710083007813 0.0740966796875
0.0405654907226563 0.0430831909179688 0.0303993225097656 0.0567512512207031
0.0545883178710938 0.00531387329101563 0.0247955322265625 0.0369415283203125
0.0366554260253906 -0.0427932739257813 0.0216445922851563 0.0362930297851563
0.0103340148925781 -0.0549125671386719 0.0275955200195313 0.0430526733398438
0.00408554077148437 -0.0522499084472656 0.0283203125 0.0516510009765625
0.0022735595703125 -0.062652587890625 0.02886962890625 0.07257080078125
0.0166664123535156 -0.0607185363769531 -0.00196075439453126 0.0797653198242188
0.052581787109375 -0.0469322204589844 -0.027313232421875 0.0719680786132813
0.0653800964355469 -0.00792694091796875 -0.0455551147460937 0.0327415466308594
0.0447502136230469 0.0599212646484375 -0.0336093902587891 -0.00732421874999999
-0.00157928466796875 0.0771408081054688 0.00797271728515625 0.0247936248779297
-0.0514945983886719 0.055145263671875 -0.0356369018554688 0.111595153808594
0.0482521057128906 0.00510787963867187 0.0393524169921875 -0.118934631347656
0.0291290283203125 -0.04248046875 0.00295257568359375 -0.0374603271484375
-0.0171928405761719 -0.0389251708984375 0.0382041931152344 0.0092620849609375
-0.0367317199707031 -0.00857925415039062 0.0684776306152344 -0.0298652648925781
-0.0302944183349609 0.0170021057128906 0.0440597534179687 -0.0751876831054688
-0.013763427734375 0.0317173004150391 -0.00424194335937499 -0.0968017578125
-0.00738334655761719 0.0270404815673828 -0.0359954833984375 -0.0875625610351563
-0.0133094787597656 0.0253620147705078 -0.0389060974121094 -0.0648651123046875
-0.0179576873779297 0.0247077941894531 -0.0327568054199219 -0.0539436340332031
-0.0261402130126953 0.00776481628417969 -0.0246772766113281 -0.046844482421875
-0.0251693725585938 -0.017059326171875 -0.0210914611816406 -0.0443077087402344
-7.62939453125171E-06 -0.0338993072509766 -0.0193939208984375 -0.0547409057617187
0.0378990173339844 -0.0265464782714844 -0.0157546997070312 -0.0762405395507813
0.0586051940917969 0.00460052490234375 -0.0220947265625 -0.115806579589844
0.0496025085449219 0.0345039367675781 -0.0196151733398438 -0.136749267578125
0.04681396484375 0.0593147277832031 0.0599594116210938 -0.1085205078125
0.0519485473632813 0.00090789794921875 0.0178394317626953 -0.0298900604248047
0.0232257843017578 -0.0149898529052734 0.0454902648925781 0.0148277282714844
0.00405597686767578 -0.0171737670898438 0.0804595947265625 -0.0279617309570312
-0.00540494918823242 -0.0085763931274414 0.0552520751953125 -0.0764846801757813
-0.00940322875976562 -0.00524711608886719 0.00485992431640626 -0.103988647460938
-0.0150909423828125 -0.00820446014404297 -0.0349807739257812 -0.0921401977539063
-0.0179271697998047 -0.00881004333496094 -0.0379409790039063 -0.0668563842773437
-0.0211734771728516 -0.0117092132568359 -0.0305938720703125 -0.0544357299804688
-0.0156478881835938 -0.0279178619384766 -0.0245552062988281 -0.0472869873046875
0.00436782836914063 -0.037750244140625 -0.0208282470703125 -0.0383682250976563
0.03448486328125 -0.0331172943115234 -0.018035888671875 -0.0461311340332031
0.063873291015625 0.00664520263671875 -0.0222091674804688 -0.0621376037597656
0.0709991455078125 0.050384521484375 -0.0252838134765625 -0.0972366333007813
0.0470352172851562 0.08258056640625 -0.0159225463867188 -0.115898132324219
0.0364761352539063 0.108123779296875 0.077972412109375 -0.0806961059570313
0.0637779235839844 0.0518722534179688 0.0311031341552734 -0.0131740570068359
0.0612030029296875 0.0191650390625 0.0539512634277344 0.0265579223632813
0.0483665466308594 -0.0161895751953125 0.0900344848632813 -0.017303466796875
0.0264396667480469 -0.0325965881347656 0.0657577514648438 -0.0674285888671875
0.00144577026367188 -0.0413398742675781 0.015228271484375 -0.09808349609375
-0.0193710327148438 -0.04278564453125 -0.0263442993164063 -0.0886688232421875
-0.0203018188476563 -0.0407295227050781 -0.0327835083007812 -0.0585136413574219
-0.0243110656738281 -0.0469436645507813 -0.0270042419433594 -0.0441093444824219
-0.00860977172851563 -0.0577583312988281 -0.0247268676757813 -0.0363807678222656
0.0266151428222656 -0.0581512451171875 -0.0219745635986328 -0.0240573883056641
0.0617561340332031 -0.0381851196289063 -0.0210609436035156 -0.033355712890625
0.0869598388671875 0.0251998901367188 -0.0286903381347656 -0.04644775390625
0.0838775634765625 0.081451416015625 -0.0251388549804687 -0.0733718872070313
0.0428314208984375 0.117912292480469 -0.015167236328125 -0.0813980102539062
0.0162506103515625 0.1412353515625 0.0875167846679687 -0.0347900390625
0.0604171752929688 0.0980224609375 0.043701171875 0.0174064636230469
0.0867233276367188 0.0599212646484375 0.0573577880859375 0.0436210632324219
0.09051513671875 -0.007293701171875 0.0928497314453125 0.0001220703125
0.0586738586425781 -0.046356201171875 0.0713882446289063 -0.047607421875
0.0136260986328125 -0.0732345581054687 0.0255203247070313 -0.0795135498046875
-0.0191879272460938 -0.0707855224609375 -0.0136947631835938 -0.0717544555664063
-0.0190658569335937 -0.0656547546386719 -0.0218887329101562 -0.0419349670410156
-0.026641845703125 -0.07452392578125 -0.0161628723144531 -0.0260143280029297
-0.00614929199218749 -0.0802993774414063 -0.0216064453125 -0.0172996520996094
0.04107666015625 -0.0749359130859375 -0.0217075347900391 -0.00497436523437501
0.07891845703125 -0.0459365844726562 -0.0244407653808594 -0.0175075531005859
0.101219177246094 0.0358123779296875 -0.0310535430908203 -0.0321903228759766
0.0902023315429687 0.0970916748046875 -0.0173301696777344 -0.0500297546386719
0.036529541015625 0.135139465332031 -0.0108146667480469 -0.0410079956054687
-0.00967407226562501 0.147872924804688 0.0869522094726563 0.0200347900390625
0.0407257080078125 0.127159118652344 0.046630859375 0.0564842224121094
0.0895767211914063 0.093505859375 0.0533981323242188 0.0619773864746094
0.114883422851563 0.0134353637695313 0.0856170654296875 0.024627685546875
0.0830307006835937 -0.0473175048828125 0.0679550170898438 -0.0200309753417969
0.0295867919921875 -0.0891952514648438 0.0322799682617188 -0.0512657165527344
-0.0146942138671875 -0.087738037109375 0.000976562500000003 -0.0446662902832031
-0.0172653198242187 -0.079376220703125 -0.0100040435791016 -0.0200881958007813
-0.02471923828125 -0.0913848876953125 -0.00336217880249024 -0.0029447078704834
-0.00125885009765625 -0.0935592651367188 -0.0142364501953125 0.00529289245605468
0.0497512817382813 -0.0838546752929688 -0.0201377868652344 0.0161933898925781
0.0879440307617188 -0.047607421875 -0.0263900756835937 -0.00206947326660156
0.103691101074219 0.04296875 -0.032388687133789 -0.0218620300292969
0.0842742919921875 0.104225158691406 -0.00496101379394531 -0.0281467437744141
0.022003173828125 0.136810302734375 -0.00751399993896484 0.00506782531738282
-0.0331573486328125 0.129325866699219 0.0741958618164063 0.0745010375976563
0.0101394653320313 0.128288269042969 0.0420684814453125 0.0902557373046875
0.0664596557617187 0.109786987304688 0.043975830078125 0.0738754272460938
0.110466003417969 0.0337066650390625 0.0686988830566406 0.0423507690429688
0.090362548828125 -0.0360031127929688 0.0552177429199219 0.00481033325195312
0.0391998291015625 -0.0902099609375 0.0323925018310547 -0.0172157287597656
-0.00834655761718751 -0.09124755859375 0.0123577117919922 -0.0139856338500977
-0.0117340087890625 -0.083587646484375 0.00725793838500976 0.00651931762695312
-0.0188140869140625 -0.093902587890625 0.0111331939697266 0.0239105224609375
0.00303649902343751 -0.0953292846679688 -0.00765419006347657 0.0315876007080078
0.0553436279296875 -0.0812530517578125 -0.0203018188476562 0.036865234375
0.0903701782226563 -0.0385971069335938 -0.0297565460205078 0.0114288330078125
0.0949249267578125 0.051727294921875 -0.0305747985839844 -0.0145950317382813
0.0630569458007813 0.105781555175781 0.00593090057373047 -0.0102529525756836
0.00014495849609374 0.124046325683594 -0.0109710693359375 0.0477714538574219
-0.0489120483398438 0.0847015380859375 0.0584716796875 0.114364624023438
-0.0187911987304688 0.0974273681640625 0.0331344604492188 0.116416931152344
0.0306549072265625 0.0981292724609375 0.0328826904296875 0.0798110961914063
0.0828094482421875 0.0440292358398438 0.0464401245117188 0.0534439086914063
0.0792312622070313 -0.0177688598632813 0.0402107238769531 0.0255508422851563
0.0399551391601562 -0.0724258422851563 0.0313472747802734 0.0128746032714844
-0.000190734863281245 -0.078704833984375 0.0231037139892578 0.0180377960205078
-0.00484466552734375 -0.0736923217773438 0.0190544128417969 0.0306987762451172
-0.01123046875 -0.0844268798828125 0.0214500427246094 0.0485649108886719
0.00813293457031251 -0.0861663818359375 -0.00236892700195312 0.0567283630371094
0.0552940368652344 -0.0673980712890625 -0.0198173522949219 0.0553627014160156
0.0827713012695313 -0.0248336791992188 -0.0356216430664062 0.0246925354003906
0.0742416381835938 0.0593032836914063 -0.0299701690673828 -0.00808906555175781
0.0306930541992188 0.0970687866210938 0.0116138458251953 0.00949478149414063
-0.0250167846679688 0.095184326171875 -0.0166549682617188 0.0842056274414063
-0.0537452697753906 0.0264205932617188 0.042388916015625 0.135063171386719
-0.0396156311035156 0.0520172119140625 0.0244064331054688 0.124000549316406
-0.00450515747070312 0.0655288696289063 0.0236740112304687 0.0750656127929688
0.0434913635253906 0.0417671203613281 0.0300140380859375 0.057098388671875
0.0524139404296875 -0.000537872314453125 0.0248565673828125 0.0366935729980469
0.0337257385253906 -0.0438232421875 0.0267066955566406 0.0327262878417969
0.00630950927734375 -0.0529708862304688 0.0284271240234375 0.0413360595703125
0.00285720825195313 -0.05096435546875 0.0291481018066406 0.0505332946777344
-0.002288818359375 -0.0628280639648438 0.0290603637695312 0.0703811645507813
0.0136680603027344 -0.0624732971191406 -0.00103759765625001 0.0786972045898438
0.0483016967773438 -0.0468788146972656 -0.026702880859375 0.0706634521484375
0.0649490356445313 -0.00897979736328125 -0.04443359375 0.0330276489257813
0.0454139709472656 0.0578346252441406 -0.0346164703369141 -0.00539207458496094
4.78128281836396E-18 0.0780868530273438 0.0100002288818359 0.0242538452148438
-0.0469856262207031 0.0560760498046875 -0.03125 0.110000610351563
0.0478363037109375 0.003570556640625 0.036407470703125 -0.117927551269531
0.0275726318359375 -0.0425567626953125 0.00165939331054688 -0.0357093811035156
-0.016021728515625 -0.0374794006347656 0.0369224548339844 0.00952529907226562
-0.0359840393066406 -0.00719833374023437 0.0676689147949219 -0.030792236328125
-0.0287094116210938 0.0177860260009766 0.04327392578125 -0.074951171875
-0.0124397277832031 0.0319061279296875 -0.00382232666015625 -0.0955734252929688
-0.00683784484863281 0.0262813568115234 -0.03753662109375 -0.0858230590820313
-0.0115413665771484 0.0248527526855469 -0.0385704040527344 -0.0631752014160156
-0.0164089202880859 0.0254402160644531 -0.0337295532226562 -0.0529861450195313
-0.0256080627441406 0.0084228515625 -0.0250091552734375 -0.0457191467285156
-0.0243320465087891 -0.0157814025878906 -0.0223312377929688 -0.0439453125
-0.00105667114257813 -0.0333156585693359 -0.0192527770996094 -0.0559158325195313
0.037017822265625 -0.0259246826171875 -0.0156097412109375 -0.0759735107421875
0.0569610595703125 0.00337982177734375 -0.021575927734375 -0.11505126953125
0.0506401062011719 0.0326080322265625 -0.0210189819335938 -0.135429382324219
0.0475616455078125 0.0581703186035156 0.0583114624023438 -0.109931945800781
0.0510711669921875 -0.000274658203125 0.0155448913574219 -0.0304775238037109
0.0233840942382813 -0.0156650543212891 0.0454483032226563 0.0156364440917969
0.00311756134033203 -0.0165176391601563 0.07952880859375 -0.0279693603515625
-0.00479459762573242 -0.00856351852416992 0.0546112060546875 -0.0755767822265625
-0.00877714157104492 -0.00457191467285156 0.0034332275390625 -0.102264404296875
-0.0150871276855469 -0.00769996643066406 -0.0353622436523438 -0.0914993286132813
-0.0172052383422852 -0.00826263427734375 -0.0385208129882813 -0.0648612976074219
-0.0206470489501953 -0.0113010406494141 -0.0321083068847656 -0.0530166625976563
-0.016571044921875 -0.0256233215332031 -0.0260124206542969 -0.0455741882324219
0.00432205200195313 -0.0365219116210938 -0.0212440490722656 -0.03839111328125
0.0339889526367188 -0.0330085754394531 -0.0188484191894531 -0.0472335815429687
0.0629463195800781 0.0059356689453125 -0.0212516784667969 -0.0620040893554687
0.0705108642578125 0.0492019653320312 -0.0237197875976562 -0.09674072265625
0.0477828979492187 0.0825576782226563 -0.0173568725585938 -0.115036010742188
0.0364151000976563 0.106826782226563 0.0762786865234375 -0.080841064453125
0.0633087158203125 0.0497970581054688 0.0301437377929688 -0.0125484466552734
0.0608673095703125 0.0182266235351562 0.0525169372558594 0.0275497436523438
0.0484733581542969 -0.0172233581542969 0.0892562866210938 -0.0168304443359375
0.0253715515136719 -0.0321922302246094 0.0654945373535156 -0.0662765502929688
0.000488281249999996 -0.0417289733886719 0.0149154663085937 -0.0970916748046875
-0.0194244384765625 -0.0421257019042969 -0.0271759033203125 -0.0861434936523438
-0.02008056640625 -0.0396080017089844 -0.0335350036621094 -0.0569114685058594
-0.0248260498046875 -0.0458106994628906 -0.0272216796875 -0.0431175231933594
-0.00982284545898438 -0.0558929443359375 -0.0254955291748047 -0.0350189208984375
0.0252342224121094 -0.0580177307128906 -0.0230979919433594 -0.0247116088867188
0.0605239868164063 -0.0388755798339844 -0.0219783782958984 -0.0345554351806641
0.086273193359375 0.0249481201171875 -0.0272369384765625 -0.0469245910644531
0.0839004516601563 0.0788650512695313 -0.0241165161132812 -0.0734329223632812
0.0442962646484375 0.116569519042969 -0.0152130126953125 -0.0821533203125
0.0164947509765625 0.138763427734375 0.086456298828125 -0.0360641479492187
0.0603485107421875 0.0960311889648438 0.0402984619140625 0.0178871154785156
0.086944580078125 0.0576705932617187 0.0560111999511719 0.0448074340820313
0.0886001586914062 -0.0074005126953125 0.091796875 0.00141143798828125
0.0566177368164063 -0.0462760925292969 0.0705108642578125 -0.0468215942382813
0.013427734375 -0.0730056762695313 0.0249099731445312 -0.07904052734375
-0.0197601318359375 -0.0697288513183594 -0.0147209167480469 -0.0694351196289063
-0.0205192565917969 -0.0648078918457031 -0.0233688354492187 -0.0406455993652344
-0.0271835327148438 -0.0727310180664063 -0.0175895690917969 -0.0254096984863281
-0.00611114501953124 -0.078643798828125 -0.0221977233886719 -0.0164527893066406
0.0387420654296875 -0.0753326416015625 -0.0228557586669922 -0.00558090209960938
0.0784759521484375 -0.0471038818359375 -0.0244617462158203 -0.0189895629882813
0.101364135742188 0.0343093872070313 -0.0312271118164062 -0.0328445434570313
0.0903396606445313 0.0953216552734375 -0.0172843933105469 -0.0510635375976562
0.0365524291992187 0.133682250976563 -0.0126838684082031 -0.0410804748535156
-0.00796508789062501 0.146316528320312 0.0850296020507812 0.0178375244140625
0.0406723022460938 0.124618530273438 0.0455207824707031 0.0544013977050781
0.088958740234375 0.0921707153320313 0.0523529052734375 0.0623245239257813
0.112716674804688 0.0110092163085938 0.0843124389648437 0.0232772827148438
0.0816879272460938 -0.0478515625 0.06689453125 -0.0208740234375
0.0273513793945312 -0.089813232421875 0.0326423645019531 -0.0509910583496094
-0.0158843994140625 -0.0866851806640625 -0.000732421875000004 -0.0435256958007813
-0.01824951171875 -0.0798187255859375 -0.0102043151855469 -0.0187244415283203
-0.0266876220703125 -0.089630126953125 -0.0046539306640625 -0.00224113464355469
-0.00362396240234376 -0.0926742553710938 -0.0164508819580078 0.00748348236083983
0.0478515625 -0.08453369140625 -0.0212001800537109 0.0166397094726563
0.0860443115234375 -0.0490264892578125 -0.0269355773925781 -0.00354194641113282
0.105079650878906 0.0419998168945312 -0.0308456420898437 -0.0224227905273438
0.0837554931640625 0.102340698242188 -0.00529670715332031 -0.0291175842285156
0.0229644775390625 0.134994506835938 -0.00870370864868164 0.00333070755004884
-0.0308685302734375 0.127418518066406 0.074127197265625 0.071197509765625
0.01055908203125 0.125503540039063 0.0417861938476562 0.0895233154296875
0.0676651000976563 0.108131408691406 0.0431137084960938 0.0746231079101563
0.110092163085937 0.0303878784179687 0.0674247741699219 0.0418434143066406
0.0892562866210938 -0.035980224609375 0.0547752380371094 0.00587081909179687
0.0366973876953125 -0.0891494750976563 0.0336532592773438 -0.0184249877929688
-0.00862121582031251 -0.0894775390625 0.0121889114379883 -0.0128841400146484
-0.0135574340820313 -0.0823211669921875 0.00586748123168945 0.00572109222412109
-0.0215072631835938 -0.0939865112304688 0.00881767272949219 0.0227146148681641
0.000724792480468742 -0.0943450927734375 -0.00841522216796875 0.0321617126464844
0.0527877807617188 -0.0822219848632813 -0.0188751220703125 0.0373420715332031
0.0882568359375 -0.0421295166015625 -0.0301017761230469 0.0103054046630859
0.0949630737304688 0.0501632690429688 -0.0302810668945312 -0.0151138305664062
0.06341552734375 0.10333251953125 0.0065755844116211 -0.00994586944580077
0.000495910644531242 0.12225341796875 -0.00879287719726563 0.0461654663085938
-0.0462265014648437 0.0843353271484375 0.0587158203125 0.112098693847656
-0.01763916015625 0.0970230102539063 0.032958984375 0.113128662109375
0.0323410034179687 0.0973129272460938 0.0313262939453125 0.0804977416992188
0.0838775634765625 0.0414810180664063 0.0461463928222656 0.0531997680664063
0.0777664184570313 -0.0189056396484375 0.0386390686035156 0.0266609191894531
0.03900146484375 -0.0725860595703125 0.0309085845947266 0.0112819671630859
-0.00170135498046875 -0.0771255493164063 0.0223312377929687 0.0163631439208984
-0.00707244873046876 -0.0721359252929688 0.0191192626953125 0.0306549072265625
-0.0130157470703125 -0.08367919921875 0.0206222534179688 0.0469245910644531
0.006011962890625 -0.08477783203125 -0.00295639038085937 0.0565643310546875
0.0533905029296875 -0.0703125 -0.0206260681152344 0.0557708740234375
0.0819549560546875 -0.0276947021484375 -0.0354804992675781 0.0222969055175781
0.0753021240234375 0.0577621459960938 -0.0320072174072266 -0.00886344909667968
0.033355712890625 0.0956344604492188 0.0115852355957031 0.00722980499267579
-0.0244903564453125 0.0954055786132813 -0.015716552734375 0.0834197998046875
-0.0529518127441406 0.0264053344726563 0.0424575805664062 0.133110046386719
-0.0382919311523438 0.0503158569335937 0.0252456665039063 0.122421264648438
-0.003692626953125 0.0649604797363281 0.0234527587890625 0.076202392578125
0.0438117980957031 0.0406036376953125 0.0302696228027344 0.0567703247070313
0.0517807006835938 -0.00162124633789063 0.0257072448730469 0.0375823974609375
0.0320243835449219 -0.0448646545410156 0.0264549255371094 0.0322837829589844
0.0046234130859375 -0.0529289245605469 0.028961181640625 0.0402679443359375
0.000778198242187503 -0.0508918762207031 0.0294609069824219 0.0498504638671875
-0.00366210937500001 -0.062591552734375 0.0290107727050781 0.0680274963378906
0.0107574462890625 -0.0623970031738281 -0.000663757324218741 0.0765457153320313
0.0469017028808594 -0.0478401184082031 -0.025848388671875 0.0705032348632813
0.0649032592773438 -0.0100212097167969 -0.0441398620605469 0.0309333801269531
0.0464744567871094 0.0576744079589844 -0.0352249145507813 -0.00601959228515624
0.000617980957031258 0.0757675170898438 0.0102481842041016 0.0227947235107422
-0.0466194152832031 0.0553207397460937 -0.0298538208007813 0.10845947265625
0.047607421875 0.00305938720703125 0.0355148315429688 -0.119453430175781
0.0270729064941406 -0.0435523986816406 -7.62939453124996E-05 -0.0361785888671875
-0.0160140991210938 -0.0377120971679688 0.0366630554199219 0.0112838745117187
-0.0368003845214844 -0.00609970092773437 0.0688400268554688 -0.0302505493164063
-0.0278663635253906 0.0180225372314453 0.0436325073242188 -0.0761947631835938
-0.0112590789794922 0.0325603485107422 -0.00485992431640625 -0.096466064453125
-0.00606918334960938 0.0272674560546875 -0.037994384765625 -0.0860977172851563
-0.0104827880859375 0.0263404846191406 -0.0394020080566406 -0.0631523132324219
-0.0153179168701172 0.0267753601074219 -0.0351715087890625 -0.0523033142089844
-0.0255889892578125 0.00938987731933593 -0.0257759094238281 -0.0467872619628906
-0.0241966247558594 -0.0143909454345703 -0.0238113403320313 -0.0452537536621094
-0.00193595886230469 -0.0328922271728516 -0.0202445983886719 -0.0579986572265625
0.0360260009765625 -0.02606201171875 -0.0137481689453125 -0.0775070190429688
0.0575370788574219 0.00295639038085938 -0.0214157104492187 -0.116546630859375
0.0515518188476563 0.03240966796875 -0.022247314453125 -0.138320922851563
0.0471763610839844 0.0590667724609375 0.0572128295898437 -0.11126708984375
0.0509300231933594 -0.000885009765625 0.0145664215087891 -0.0307407379150391
0.0236740112304688 -0.016082763671875 0.0456047058105469 0.0170707702636719
0.00270652770996094 -0.0160579681396484 0.0804977416992188 -0.027984619140625
-0.00492525100708008 -0.00863742828369141 0.05615234375 -0.0767135620117188
-0.00916862487792969 -0.00443935394287109 0.00341796875 -0.102859497070313
-0.0146865844726563 -0.00709438323974609 -0.036041259765625 -0.0919342041015625
-0.0167999267578125 -0.00747871398925781 -0.0395545959472656 -0.0647163391113281
-0.0205307006835938 -0.0107269287109375 -0.0335884094238281 -0.0530128479003906
-0.0164413452148437 -0.0241355895996094 -0.0270576477050781 -0.0453033447265625
0.0037689208984375 -0.0361061096191406 -0.0231971740722656 -0.0390052795410156
0.0334529876708984 -0.033233642578125 -0.0202865600585938 -0.0496292114257813
0.0629158020019531 0.00606536865234375 -0.0199394226074219 -0.0643997192382812
0.0714111328125 0.0486907958984375 -0.0233306884765625 -0.0988845825195312
0.0492324829101562 0.0831298828125 -0.0179443359375 -0.117752075195313
0.0373153686523438 0.108291625976563 0.0755615234375 -0.0829391479492187
0.0635147094726563 0.0497550964355469 0.0289459228515625 -0.0126705169677734
0.0618629455566406 0.0184211730957031 0.0534248352050781 0.0296592712402344
0.0486373901367188 -0.0181388854980469 0.0902099609375 -0.016876220703125
0.0253334045410156 -0.0329322814941406 0.0666923522949219 -0.0666694641113281
-0.00114822387695312 -0.0424232482910156 0.0137863159179688 -0.097442626953125
-0.0207405090332031 -0.0425338745117187 -0.0279998779296875 -0.0864791870117188
-0.0204925537109375 -0.0392417907714844 -0.0345230102539062 -0.0564613342285156
-0.0254364013671875 -0.0460052490234375 -0.0287361145019531 -0.0431137084960938
-0.0104255676269531 -0.0550613403320313 -0.0268821716308594 -0.0350303649902344
0.0245018005371094 -0.0581779479980469 -0.0244770050048828 -0.0254802703857422
0.0603866577148438 -0.040008544921875 -0.0233421325683594 -0.0365715026855469
0.0864639282226563 0.0243072509765625 -0.0267906188964844 -0.048980712890625
0.0852813720703125 0.07855224609375 -0.0233688354492187 -0.0759429931640625
0.0451507568359375 0.118522644042969 -0.016143798828125 -0.0839996337890625
0.0172271728515625 0.140792846679688 0.085906982421875 -0.0374374389648437
0.0609512329101563 0.0964508056640625 0.0402488708496094 0.0168037414550781
0.0880508422851563 0.058563232421875 0.0559043884277344 0.046783447265625
0.0900497436523438 -0.00916290283203125 0.0928573608398438 0.00191497802734375
0.0572967529296875 -0.0478401184082031 0.0713577270507813 -0.0470504760742188
0.0116043090820313 -0.0734024047851563 0.0248260498046875 -0.07952880859375
-0.0212020874023438 -0.070587158203125 -0.0156745910644531 -0.0700035095214844
-0.02203369140625 -0.0653343200683594 -0.0249900817871094 -0.0407257080078125
-0.0277099609375 -0.0728302001953125 -0.0187644958496094 -0.0248813629150391
-0.00820159912109375 -0.079345703125 -0.0234413146972656 -0.0153942108154297
0.0381317138671875 -0.0765609741210938 -0.0244331359863281 -0.00623130798339844
0.0781097412109375 -0.048431396484375 -0.0270709991455078 -0.0209178924560547
0.103187561035156 0.0338668823242188 -0.0307197570800781 -0.0347137451171875
0.0921554565429688 0.0954132080078125 -0.0166587829589844 -0.0528106689453125
0.0372238159179688 0.136306762695313 -0.0130691528320313 -0.0419387817382812
-0.00738525390624999 0.149154663085937 0.08514404296875 0.0161972045898438
0.0416412353515625 0.125862121582031 0.0443801879882812 0.0542449951171875
0.0919723510742188 0.0936126708984375 0.0521736145019531 0.0648078918457031
0.114349365234375 0.00986480712890625 0.0854644775390625 0.0241851806640625
0.0821990966796875 -0.048828125 0.0684051513671875 -0.0201416015625
0.0250778198242187 -0.0908584594726563 0.031829833984375 -0.0526466369628906
-0.0177230834960937 -0.0883560180664063 -0.00224685668945313 -0.0442733764648438
-0.0196075439453125 -0.0803146362304688 -0.0116252899169922 -0.0186138153076172
-0.0284423828125 -0.0908737182617187 -0.00557613372802734 -0.00179719924926758
-0.00569915771484376 -0.0935897827148438 -0.0171346664428711 0.00767326354980468
0.046630859375 -0.0869140625 -0.0217933654785156 0.0160331726074219
0.0864410400390625 -0.051910400390625 -0.02935791015625 -0.00523757934570313
0.106063842773438 0.040679931640625 -0.0318450927734375 -0.0237464904785156
0.0860748291015625 0.10247802734375 -0.00516891479492187 -0.0309734344482422
0.0243301391601563 0.137588500976563 -0.00940132141113281 0.00232028961181642
-0.0298233032226562 0.129325866699219 0.074920654296875 0.0704803466796875
0.0120620727539063 0.12646484375 0.0409698486328125 0.08941650390625
0.0691986083984375 0.10992431640625 0.0418243408203125 0.0782623291015625
0.111328125 0.0300369262695313 0.0676612854003906 0.0431861877441406
0.0896148681640625 -0.0380935668945313 0.0563125610351563 0.00704193115234375
0.0346832275390625 -0.0910873413085938 0.0334053039550781 -0.0192050933837891
-0.0108489990234375 -0.0901641845703125 0.0111570358276367 -0.0130138397216797
-0.0155029296875 -0.0831527709960938 0.00380611419677734 0.00628137588500976
-0.0240478515625 -0.0946197509765625 0.00833892822265625 0.0238590240478516
-0.0021514892578125 -0.0956573486328125 -0.00911712646484375 0.0328617095947266
0.0516738891601563 -0.0850982666015625 -0.01934814453125 0.0367240905761719
0.0882797241210938 -0.0442581176757813 -0.0325279235839844 0.00907325744628906
0.0972518920898438 0.0498199462890625 -0.0311431884765625 -0.0157089233398437
0.0651473999023438 0.103385925292969 0.00644683837890625 -0.0114374160766601
0.00142669677734375 0.1239013671875 -0.00910186767578125 0.0461959838867188
-0.0453262329101563 0.0858535766601563 0.0597610473632813 0.113113403320313
-0.0170974731445313 0.0974502563476563 0.0324478149414063 0.115226745605469
0.0340194702148437 0.0994796752929687 0.0297393798828125 0.0815505981445313
0.0854568481445313 0.0413284301757812 0.0470466613769531 0.0555152893066406
0.07855224609375 -0.0207290649414063 0.0395774841308594 0.02777099609375
0.0366744995117188 -0.07373046875 0.0311412811279297 0.0107917785644531
-0.00338745117187501 -0.0787887573242188 0.0219192504882813 0.0171146392822266
-0.00833892822265624 -0.07379150390625 0.0189418792724609 0.0310020446777344
-0.0156631469726562 -0.0850753784179688 0.0203132629394531 0.0483894348144531
0.004150390625 -0.0852203369140625 -0.00393676757812501 0.0573234558105469
0.0526504516601563 -0.0722503662109375 -0.0211296081542969 0.0553550720214844
0.0821533203125 -0.0293807983398437 -0.0373687744140625 0.0216445922851562
0.0772628784179687 0.0572891235351562 -0.0320262908935547 -0.0104503631591797
0.0349197387695312 0.0965042114257812 0.0123777389526367 0.00726509094238282
-0.0238113403320312 0.0971298217773438 -0.015716552734375 0.083526611328125
-0.0530548095703125 0.02752685546875 0.0435333251953125 0.134384155273438
-0.038726806640625 0.0514984130859375 0.0250396728515625 0.123649597167969
-0.00264739990234375 0.0667457580566406 0.0214309692382812 0.0778884887695313
0.0458602905273437 0.0392913818359375 0.0299568176269531 0.0594673156738281
0.051910400390625 -0.00304031372070313 0.0267486572265625 0.0386428833007812
0.0306587219238281 -0.0464706420898438 0.0271377563476563 0.0321178436279297
0.00400924682617188 -0.0533256530761719 0.0292816162109375 0.0402717590332031
-0.000606536865234378 -0.0515785217285156 0.0300064086914063 0.0502090454101563
-0.00489425659179688 -0.0633583068847656 0.0294914245605469 0.0689201354980469
0.0100440979003906 -0.0637664794921875 -0.000305175781250003 0.0784378051757813
0.0476493835449219 -0.0500106811523438 -0.0255355834960937 0.0707168579101563
0.0654640197753906 -0.0114402770996094 -0.04547119140625 0.0312728881835938
0.0482673645019531 0.0567779541015625 -0.0360984802246094 -0.00718307495117187
0.00152587890625 0.0761871337890625 0.0102748870849609 0.0222740173339844
-0.0463447570800781 0.0561866760253906 -0.029083251953125 0.110038757324219
0.048095703125 0.00295639038085938 0.0317916870117187 -0.123847961425781
0.025726318359375 -0.0454597473144531 -0.00164604187011718 -0.0348949432373047
-0.0178871154785156 -0.0379409790039063 0.0389900207519531 0.012481689453125
-0.0377769470214844 -0.005157470703125 0.07061767578125 -0.0321273803710938
-0.0283870697021484 0.0198116302490234 0.0444564819335938 -0.0793685913085938
-0.011260986328125 0.0345497131347656 -0.00606536865234375 -0.0981903076171875
-0.00463676452636718 0.0278739929199219 -0.0409011840820313 -0.0870513916015625
-0.00896263122558593 0.0268268585205078 -0.0415267944335937 -0.063018798828125
-0.0149421691894531 0.0283126831054688 -0.0369606018066406 -0.0529861450195313
-0.0249576568603516 0.0110683441162109 -0.0283432006835937 -0.0466766357421875
-0.0252685546875 -0.0134544372558594 -0.0260162353515625 -0.0461463928222656
-0.00271797180175781 -0.0335273742675781 -0.0224342346191406 -0.0605621337890625
0.03662109375 -0.0281257629394531 -0.0138626098632813 -0.0807342529296875
0.0588188171386719 0.00133514404296875 -0.0228729248046875 -0.119865417480469
0.054443359375 0.0319557189941406 -0.025787353515625 -0.141860961914063
0.0499763488769531 0.0599403381347656 0.0554885864257813 -0.116195678710938
0.0514183044433594 -0.00210189819335938 0.012939453125 -0.0312271118164063
0.0241241455078125 -0.0164718627929688 0.0475234985351563 0.0187568664550781
0.00267505645751953 -0.0166149139404297 0.0830307006835938 -0.0295791625976563
-0.00513267517089844 -0.00828170776367188 0.0566635131835938 -0.0798873901367188
-0.00929450988769531 -0.0043020248413086 0.00165557861328124 -0.105514526367188
-0.0151958465576172 -0.0073394775390625 -0.0399398803710938 -0.0927658081054688
-0.0167207717895508 -0.00713157653808594 -0.0426788330078125 -0.0651931762695313
-0.0214080810546875 -0.00977325439453125 -0.036285400390625 -0.05267333984375
-0.0172195434570313 -0.0241127014160156 -0.0298690795898438 -0.045745849609375
0.002655029296875 -0.0370864868164063 -0.0257453918457031 -0.0396652221679688
0.0336475372314453 -0.0341701507568359 -0.0218353271484375 -0.0514373779296875
0.0639114379882813 0.00444412231445312 -0.019500732421875 -0.0670585632324219
0.0741424560546875 0.0479812622070313 -0.0248184204101563 -0.102012634277344
0.0521316528320313 0.0841445922851563 -0.0212783813476562 -0.122451782226562
0.0401153564453125 0.110923767089844 0.075592041015625 -0.088134765625
0.0657081604003906 0.0486297607421875 0.0277996063232422 -0.0136661529541016
0.0640983581542969 0.0175743103027344 0.0548553466796875 0.0307464599609375
0.0494041442871094 -0.0202178955078125 0.092926025390625 -0.0175399780273438
0.0248699188232422 -0.0344219207763672 0.0680198669433594 -0.0698509216308594
-0.00223922729492188 -0.0427932739257813 0.0128631591796875 -0.100936889648438
-0.022247314453125 -0.042755126953125 -0.0311355590820313 -0.0875930786132813
-0.0213775634765625 -0.03955078125 -0.0374374389648438 -0.0560035705566406
-0.02777099609375 -0.0456771850585937 -0.03094482421875 -0.0425682067871094
-0.0124702453613281 -0.0560493469238281 -0.0295829772949219 -0.0350570678710937
0.0235404968261719 -0.0604782104492187 -0.0271320343017578 -0.0260887145996094
0.0609092712402344 -0.0419578552246094 -0.0255699157714844 -0.03887939453125
0.0896835327148438 0.0233001708984375 -0.0275230407714844 -0.05126953125
0.0888214111328125 0.0791397094726563 -0.0244216918945312 -0.0782241821289063
0.048858642578125 0.120674133300781 -0.0184097290039063 -0.0874252319335937
0.020111083984375 0.144683837890625 0.0868148803710938 -0.0415420532226563
0.0636062622070313 0.096954345703125 0.0399131774902344 0.0159263610839844
0.0924301147460938 0.05816650390625 0.0578536987304688 0.0492362976074219
0.0922927856445313 -0.0119781494140625 0.0953903198242187 0.000762939453124999
0.0579452514648438 -0.0509452819824219 0.0736846923828125 -0.0484390258789063
0.00962066650390624 -0.0754470825195313 0.0236968994140625 -0.0835800170898438
-0.0236740112304687 -0.0718002319335938 -0.0184783935546875 -0.0714263916015625
-0.0244483947753906 -0.0651168823242188 -0.02740478515625 -0.0398712158203125
-0.031829833984375 -0.0743637084960937 -0.0211200714111328 -0.0249557495117188
-0.0108718872070313 -0.0803909301757812 -0.0264606475830078 -0.0151958465576172
0.0364456176757813 -0.0800704956054688 -0.02581787109375 -0.00607490539550782
0.0788040161132813 -0.0518646240234375 -0.0289955139160156 -0.0226955413818359
0.106346130371094 0.0321121215820313 -0.0314140319824219 -0.0371513366699219
0.0964431762695313 0.0954437255859375 -0.0177536010742187 -0.054931640625
0.0417709350585937 0.139518737792969 -0.014434814453125 -0.0441970825195312
-0.00450134277343751 0.153167724609375 0.0880203247070313 0.0139083862304688
0.0453414916992188 0.127059936523438 0.04449462890625 0.0540084838867188
0.09613037109375 0.094573974609375 0.0529327392578125 0.0666084289550781
0.117218017578125 0.00659942626953125 0.0873947143554688 0.025238037109375
0.0822372436523438 -0.0530014038085938 0.0704269409179688 -0.0207595825195313
0.0222549438476563 -0.0942230224609375 0.0323829650878906 -0.0541152954101563
-0.0210037231445313 -0.090057373046875 -0.00385284423828125 -0.0446853637695313
-0.0231704711914063 -0.0817489624023438 -0.0129461288452148 -0.0170831680297852
-0.0330886840820313 -0.0916595458984375 -0.00697898864746094 -0.00187063217163087
-0.00965118408203125 -0.0952224731445312 -0.0193271636962891 0.00898170471191406
0.0442581176757813 -0.0908355712890625 -0.0233154296875 0.0162391662597656
0.0875244140625 -0.054901123046875 -0.031707763671875 -0.00678062438964845
0.110252380371094 0.0391387939453125 -0.0331878662109375 -0.0248088836669922
0.089813232421875 0.103157043457031 -0.00602912902832031 -0.033111572265625
0.0269927978515625 0.141067504882813 -0.0104055404663086 0.00184726715087891
-0.0280075073242188 0.134498596191406 0.0790252685546875 0.070648193359375
0.0151824951171875 0.129051208496094 0.0424346923828125 0.091094970703125
0.0745925903320312 0.111984252929687 0.043792724609375 0.0797348022460938
0.11572265625 0.0271530151367188 0.0705337524414063 0.0447006225585938
0.0911636352539063 -0.0415725708007813 0.058380126953125 0.0074615478515625
0.0324478149414063 -0.09429931640625 0.0340042114257813 -0.0208358764648438
-0.0145339965820313 -0.0927658081054687 0.0116615295410156 -0.0140161514282227
-0.0186309814453125 -0.0841827392578125 0.00370025634765625 0.00780105590820312
-0.0294723510742187 -0.0966110229492188 0.00731849670410156 0.0239334106445312
-0.004852294921875 -0.0983428955078125 -0.00995445251464843 0.0346317291259766
0.0501632690429688 -0.0902862548828125 -0.0207786560058594 0.0374603271484375
0.0889663696289063 -0.0481338500976563 -0.0340824127197265 0.00823783874511719
0.100059509277344 0.0490798950195313 -0.0325164794921875 -0.0159111022949219
0.0689926147460937 0.103973388671875 0.00705242156982422 -0.013941764831543
0.00479888916015626 0.12823486328125 -0.00854110717773438 0.0461349487304688
-0.0453109741210938 0.0891876220703125 0.0631332397460938 0.113822937011719
-0.0157546997070312 0.101539611816406 0.034515380859375 0.117111206054687
0.03778076171875 0.101539611816406 0.03131103515625 0.0850448608398438
0.0888595581054688 0.0394363403320312 0.0485610961914063 0.0574417114257813
0.0791854858398438 -0.023345947265625 0.0421791076660156 0.0287513732910156
0.0349044799804688 -0.0765380859375 0.0323162078857422 0.0101737976074219
-0.00646972656250001 -0.0808334350585938 0.0229206085205078 0.0164871215820312
-0.0110321044921875 -0.0745315551757812 0.0188579559326172 0.0318107604980469
-0.0196990966796875 -0.0873641967773438 0.0216903686523438 0.0488624572753906
0.000846862792968759 -0.0881118774414063 -0.00347900390625 0.0592002868652344
0.051116943359375 -0.0759735107421875 -0.0211372375488281 0.0575675964355469
0.0832138061523438 -0.0333480834960938 -0.0392189025878906 0.02191162109375
0.0811233520507813 0.0569000244140625 -0.0340461730957031 -0.0107650756835937
0.038665771484375 0.097747802734375 0.0125102996826172 0.00539016723632813
-0.0223464965820313 0.100547790527344 -0.013763427734375 0.0852432250976563
-0.0534439086914063 0.0295600891113281 0.0476150512695312 0.136955261230469
-0.0374679565429688 0.0537071228027344 0.0270309448242188 0.12615966796875
-0.00068283081054687 0.0691947937011719 0.0229339599609375 0.0815277099609375
0.047698974609375 0.0396041870117187 0.031768798828125 0.0606155395507813
0.0538139343261719 -0.00434494018554687 0.0285415649414063 0.0398178100585938
0.02947998046875 -0.0478477478027344 0.0284004211425781 0.0325508117675781
0.0024871826171875 -0.0540046691894531 0.0315361022949219 0.0405540466308594
-0.002655029296875 -0.0528564453125 0.0311431884765625 0.0514106750488281
-0.00814056396484375 -0.0644607543945313 0.0313262939453125 0.0697021484375
0.00737380981445313 -0.0654945373535156 0.000328063964843744 0.0809860229492187
0.0461349487304688 -0.0532608032226562 -0.025726318359375 0.0733795166015625
0.0668182373046875 -0.014373779296875 -0.0467071533203125 0.0317535400390625
0.0508499145507812 0.057159423828125 -0.0375633239746094 -0.0072784423828125
0.0033111572265625 0.0789642333984375 0.0108222961425781 0.0219612121582031
-0.0458221435546875 0.0591545104980469 -0.0275115966796875 0.112258911132812
0.0491676330566406 0.00159072875976563 0.02691650390625 -0.127388000488281
0.0238113403320313 -0.0476837158203125 -0.00408935546875 -0.0351219177246094
-0.019683837890625 -0.0386848449707031 0.0409202575683594 0.0125083923339844
-0.0382423400878906 -0.00283050537109375 0.0716934204101563 -0.0342254638671875
-0.0273056030273437 0.0221805572509766 0.0420761108398437 -0.0826416015625
-0.00846481323242188 0.0356101989746094 -0.0100326538085938 -0.099334716796875
-0.00302505493164062 0.0291767120361328 -0.045379638671875 -0.0870132446289063
-0.00681304931640625 0.0285892486572266 -0.0443840026855469 -0.0624923706054688
-0.0121212005615234 0.0301036834716797 -0.0405998229980469 -0.0515975952148438
-0.0249423980712891 0.0124320983886719 -0.0305442810058594 -0.0466575622558594
-0.0267086029052734 -0.0117835998535156 -0.0295944213867188 -0.0463943481445313
-0.0042724609375 -0.0330905914306641 -0.0251045227050781 -0.0616683959960937
0.0352401733398438 -0.0303421020507813 -0.0158462524414062 -0.0830459594726562
0.0597877502441406 -0.00130081176757813 -0.0272140502929687 -0.122146606445313
0.0565338134765625 0.029571533203125 -0.0330810546875 -0.144805908203125
0.0529632568359375 0.0596961975097656 0.05120849609375 -0.121315002441406
0.051422119140625 -0.00530624389648437 0.0103969573974609 -0.0319900512695313
0.0238571166992188 -0.0175704956054687 0.0497207641601563 0.0191307067871094
0.00198554992675781 -0.0167713165283203 0.0835418701171875 -0.031585693359375
-0.00546741485595703 -0.00823497772216797 0.0548858642578125 -0.0833816528320313
-0.00930118560791016 -0.00345802307128906 -0.002838134765625 -0.107315063476563
-0.0161218643188477 -0.0067148208618164 -0.0440826416015625 -0.0923080444335938
-0.0165195465087891 -0.00623893737792968 -0.0459632873535156 -0.0637664794921875
-0.0212726593017578 -0.0084381103515625 -0.0398826599121094 -0.0519065856933594
-0.0185718536376953 -0.0230712890625 -0.0324478149414063 -0.0448150634765625
0.000934600830078123 -0.0368270874023438 -0.0295028686523438 -0.0406990051269531
0.0323295593261719 -0.0360603332519531 -0.0252647399902344 -0.0532722473144531
0.0652999877929688 0.00201797485351563 -0.021575927734375 -0.0688438415527344
0.0774993896484375 0.0452728271484375 -0.0289306640625 -0.104507446289062
0.0565948486328125 0.083740234375 -0.0278472900390625 -0.124778747558594
0.0452804565429687 0.111846923828125 0.072601318359375 -0.09356689453125
0.0677108764648438 0.0463790893554688 0.0261192321777344 -0.0149574279785156
0.0667381286621094 0.0152168273925781 0.0571975708007813 0.0319023132324219
0.0486412048339844 -0.0221481323242188 0.0943756103515625 -0.0206832885742188
0.0238418579101563 -0.0356864929199219 0.067352294921875 -0.07354736328125
-0.00462722778320313 -0.0434684753417969 0.00936889648437499 -0.103225708007813
-0.0248260498046875 -0.0425186157226563 -0.0358963012695313 -0.0873870849609375
-0.0236625671386719 -0.0387382507324219 -0.0407943725585937 -0.054718017578125
-0.0305671691894531 -0.0446853637695313 -0.034637451171875 -0.04193115234375
-0.0155372619628906 -0.0552330017089844 -0.032440185546875 -0.0334625244140625
0.0202178955078125 -0.062042236328125 -0.0297775268554687 -0.0258941650390625
0.0600509643554687 -0.0455665588378906 -0.0291290283203125 -0.0403594970703125
0.0919265747070313 0.0201416015625 -0.02911376953125 -0.0531005859375
0.0939712524414063 0.0765457153320313 -0.0283126831054688 -0.0810623168945313
0.0551910400390625 0.121589660644531 -0.0232162475585937 -0.0892486572265625
0.0263824462890625 0.146896362304688 0.0857315063476562 -0.047271728515625
0.0678634643554688 0.0951995849609375 0.0394020080566406 0.0153999328613281
0.0962677001953125 0.0562210083007813 0.0607337951660156 0.0495529174804688
0.0925369262695313 -0.0157470703125 0.0978851318359375 -0.000473022460937501
0.0561599731445313 -0.0539283752441406 0.0741119384765625 -0.052276611328125
0.00575256347656249 -0.0765533447265625 0.0215911865234375 -0.0858993530273438
-0.0283737182617188 -0.0717315673828125 -0.022125244140625 -0.0713424682617188
-0.0270118713378906 -0.0654449462890625 -0.0300559997558594 -0.0382118225097656
-0.0371246337890625 -0.0728683471679688 -0.0237140655517578 -0.0243282318115234
-0.01513671875 -0.0803604125976563 -0.0283775329589844 -0.0136318206787109
0.0322036743164062 -0.0832748413085937 -0.0284824371337891 -0.00580024719238281
0.0770416259765625 -0.0563735961914062 -0.0323448181152344 -0.0233325958251953
0.1094970703125 0.0286483764648437 -0.033905029296875 -0.0373725891113281
0.102516174316406 0.093170166015625 -0.0199775695800781 -0.0571479797363281
0.0484771728515625 0.141799926757813 -0.0173530578613281 -0.0454978942871094
0.001190185546875 0.156906127929688 0.0892868041992188 0.0102386474609375
0.0498199462890625 0.126777648925781 0.0461502075195313 0.0535011291503906
0.102432250976563 0.0933837890625 0.0556297302246094 0.0685081481933594
0.11962890625 0.00167083740234375 0.0904159545898438 0.0232162475585938
0.0811843872070313 -0.0570831298828125 0.07177734375 -0.0231552124023438
0.018310546875 -0.0959243774414062 0.0309371948242188 -0.0566787719726563
-0.026397705078125 -0.09033203125 -0.00580978393554688 -0.0456008911132813
-0.0275802612304687 -0.0814056396484375 -0.0149660110473633 -0.0163202285766602
-0.0392684936523438 -0.0919876098632813 -0.00819206237792969 -0.000628948211669928
-0.01470947265625 -0.0963592529296875 -0.0201530456542969 0.0104961395263672
0.0400924682617187 -0.0949554443359375 -0.0243167877197266 0.0166664123535156
0.0861129760742188 -0.0606460571289063 -0.0337848663330078 -0.00557136535644532
0.114097595214844 0.0351715087890625 -0.0346355438232422 -0.0261363983154297
0.0968856811523438 0.100433349609375 -0.00688934326171874 -0.0351943969726562
0.033050537109375 0.143478393554688 -0.0105075836181641 0.00140476226806641
-0.0246658325195313 0.137954711914063 0.0818328857421875 0.0676498413085938
0.0202865600585938 0.13079833984375 0.0455322265625 0.0905380249023438
0.0811004638671875 0.111495971679688 0.0456695556640625 0.0826950073242188
0.118209838867188 0.021942138671875 0.0731964111328125 0.0450820922851563
0.091033935546875 -0.0462799072265625 0.0604362487792969 0.00591659545898437
0.0281753540039062 -0.0965805053710938 0.0351600646972656 -0.0226020812988281
-0.0201568603515625 -0.0934524536132813 0.0102415084838867 -0.0141153335571289
-0.0235824584960938 -0.0851364135742187 0.00278234481811523 0.00876092910766601
-0.0350799560546875 -0.09661865234375 0.00817298889160156 0.0238380432128906
-0.01104736328125 -0.0987396240234375 -0.010406494140625 0.0365409851074219
0.0457687377929688 -0.0945053100585938 -0.0208358764648437 0.0388069152832031
0.0879669189453125 -0.0533828735351563 -0.0364570617675781 0.00982284545898438
0.105972290039063 0.0454177856445313 -0.03466796875 -0.0172309875488281
0.0756912231445312 0.103309631347656 0.00565624237060547 -0.0148229598999023
0.0093536376953125 0.131103515625 -0.00697708129882813 0.0468482971191406
-0.0430374145507813 0.0937423706054688 0.0688705444335938 0.113128662109375
-0.0123138427734375 0.1031494140625 0.0378875732421875 0.1171875
0.0435104370117188 0.102920532226562 0.0340118408203125 0.0867080688476563
0.0917816162109375 0.0356216430664063 0.0518951416015625 0.057586669921875
0.079132080078125 -0.0279998779296875 0.0449676513671875 0.0285186767578125
0.0311737060546875 -0.0798416137695313 0.0336456298828125 0.00870895385742187
-0.01092529296875 -0.081695556640625 0.023895263671875 0.0159034729003906
-0.0155563354492187 -0.0752792358398438 0.0195713043212891 0.0323867797851562
-0.0258636474609375 -0.0881423950195312 0.0233116149902344 0.04876708984375
-0.0043182373046875 -0.0898208618164063 -0.00179672241210937 0.0613975524902344
0.0474014282226563 -0.0808868408203125 -0.0195236206054687 0.0590858459472656
0.0830001831054688 -0.0382766723632813 -0.0403480529785156 0.0239486694335938
0.0850067138671875 0.0540008544921875 -0.0360031127929687 -0.0104942321777344
0.0435333251953125 0.0978317260742188 0.0134611129760742 0.00413322448730469
-0.0186767578125 0.104660034179688 -0.0106964111328125 0.0862655639648437
-0.0534515380859375 0.0326919555664063 0.0545196533203125 0.137481689453125
-0.0362625122070313 0.056060791015625 0.0313568115234375 0.128570556640625
0.00213623046875 0.0711212158203125 0.0249557495117188 0.082855224609375
0.0507278442382813 0.0366554260253906 0.03521728515625 0.0622749328613281
0.0538291931152344 -0.00838088989257813 0.0311355590820313 0.0404396057128906
0.0268440246582031 -0.0498847961425781 0.0310382843017578 0.0310707092285156
-0.000846862792968748 -0.0556488037109375 0.0337257385253906 0.0399589538574219
-0.00510787963867188 -0.0541725158691406 0.0333938598632813 0.0511283874511719
-0.0125274658203125 -0.0658416748046875 0.0346145629882812 0.0699081420898438
0.00393295288085937 -0.0676078796386719 0.00315093994140625 0.0827407836914063
0.0435943603515625 -0.0571365356445313 -0.023345947265625 0.0750808715820313
0.0676422119140625 -0.01849365234375 -0.0477714538574219 0.0336761474609375
0.0546836853027344 0.0566368103027344 -0.039459228515625 -0.00634384155273436
0.00664520263671876 0.0799331665039063 0.0129432678222656 0.0204334259033203
-0.0448760986328125 0.06268310546875 -0.023101806640625 0.115310668945313
0.0492515563964844 0.000209808349609375 0.0205764770507812 -0.128410339355469
0.0200881958007813 -0.0494346618652344 -0.00664329528808594 -0.0342464447021484
-0.0224533081054688 -0.0379562377929688 0.0424346923828125 0.0117530822753906
-0.0379409790039063 -0.00068283081054687 0.0701942443847656 -0.0369338989257812
-0.0261154174804688 0.0231704711914063 0.03851318359375 -0.0849380493164063
-0.00681686401367188 0.035858154296875 -0.013702392578125 -0.0988693237304688
-0.00110626220703125 0.0290412902832031 -0.0490951538085937 -0.08489990234375
-0.00422286987304687 0.0285396575927734 -0.0467071533203125 -0.0600509643554687
-0.00946044921875 0.0306491851806641 -0.0430374145507813 -0.0490303039550781
-0.0238800048828125 0.0144863128662109 -0.0334739685058594 -0.0450401306152344
-0.0267162322998047 -0.0101222991943359 -0.0327987670898438 -0.0455055236816406
-0.00600814819335937 -0.0325450897216797 -0.0281715393066406 -0.0615730285644531
0.0332469940185547 -0.0320854187011719 -0.0177841186523438 -0.083831787109375
0.0595054626464844 -0.00506591796875 -0.0323410034179688 -0.121490478515625
0.058197021484375 0.0267295837402344 -0.0403900146484375 -0.144088745117188
0.05560302734375 0.0583953857421875 0.0435943603515625 -0.124031066894531
0.0498008728027344 -0.00756072998046875 0.00754928588867188 -0.0323371887207031
0.0229110717773438 -0.019439697265625 0.0514068603515625 0.0177040100097656
0.00152015686035156 -0.0168304443359375 0.0827713012695313 -0.03448486328125
-0.00554275512695313 -0.00777721405029297 0.0515823364257812 -0.08551025390625
-0.00967979431152344 -0.00295448303222656 -0.00749969482421876 -0.10699462890625
-0.0163841247558594 -0.00610160827636719 -0.0481796264648438 -0.0901412963867188
-0.0158357620239258 -0.00493144989013672 -0.0487327575683594 -0.0605583190917969
-0.0219898223876953 -0.00719833374023437 -0.0430335998535156 -0.0496940612792969
-0.0194301605224609 -0.0214824676513672 -0.0357933044433594 -0.0434341430664063
-0.00133895874023437 -0.0358619689941406 -0.0320396423339844 -0.0396614074707031
0.0301246643066406 -0.0369110107421875 -0.0284957885742188 -0.0538597106933594
0.0648460388183594 -0.000522613525390625 -0.0234413146972656 -0.0696525573730469
0.0793228149414063 0.0412979125976562 -0.0329132080078125 -0.103919982910156
0.0604019165039063 0.0808868408203125 -0.0341720581054687 -0.124069213867188
0.0501251220703125 0.110603332519531 0.06683349609375 -0.097808837890625
0.0685234069824219 0.0430755615234375 0.0242519378662109 -0.0160655975341797
0.067718505859375 0.0118026733398438 0.0586204528808594 0.0308837890625
0.0476341247558594 -0.0247154235839844 0.0940093994140625 -0.0238418579101562
0.0225791931152344 -0.0368537902832031 0.0650711059570313 -0.076080322265625
-0.00716781616210937 -0.0428390502929688 0.00503540039062499 -0.103218078613281
-0.0274162292480469 -0.0410575866699219 -0.0398483276367187 -0.0859375
-0.025360107421875 -0.0376243591308594 -0.0436592102050781 -0.0518531799316406
-0.0326004028320313 -0.0424079895019531 -0.0371627807617188 -0.0398292541503906
-0.0184173583984375 -0.0536880493164062 -0.0350437164306641 -0.0314674377441406
0.0167007446289062 -0.0621681213378906 -0.0325889587402344 -0.0250244140625
0.057403564453125 -0.0481986999511719 -0.0316390991210937 -0.0403175354003906
0.0926742553710938 0.0166244506835938 -0.0306396484375 -0.0535240173339844
0.0974502563476563 0.071685791015625 -0.03082275390625 -0.081390380859375
0.0604248046875 0.119392395019531 -0.028076171875 -0.0888214111328125
0.0330810546875 0.146041870117188 0.0829010009765625 -0.0517120361328125
0.071014404296875 0.0920867919921875 0.0383987426757813 0.0134086608886719
0.0999374389648438 0.05194091796875 0.0625152587890625 0.0488662719726563
0.0917892456054688 -0.0209197998046875 0.09796142578125 -0.0039825439453125
0.0533943176269531 -0.0570640563964844 0.0731201171875 -0.055145263671875
0.00148773193359375 -0.076263427734375 0.0176467895507812 -0.0864715576171875
-0.0318870544433594 -0.0701942443847656 -0.0259590148925781 -0.0695724487304688
-0.0304718017578125 -0.0634193420410156 -0.0318775177001953 -0.0349540710449219
-0.0408554077148438 -0.070770263671875 -0.0257987976074219 -0.0223045349121094
-0.0189971923828125 -0.0793685913085938 -0.0305156707763672 -0.0116081237792969
0.0276565551757813 -0.084381103515625 -0.0297470092773437 -0.00468063354492188
0.0742263793945312 -0.0601959228515625 -0.0349788665771484 -0.0226688385009766
0.110931396484375 0.0238800048828125 -0.034759521484375 -0.037628173828125
0.106895446777344 0.0878829956054688 -0.0221595764160156 -0.0581092834472656
0.0549087524414063 0.139640808105469 -0.0203895568847656 -0.0460624694824219
0.00788879394531251 0.15692138671875 0.0887832641601563 0.00524139404296876
0.0541229248046875 0.124732971191406 0.0463638305664063 0.0507736206054688
0.107109069824219 0.0886383056640625 0.0590629577636719 0.0676765441894531
0.118675231933594 -0.004608154296875 0.0920028686523438 0.0205612182617188
0.07843017578125 -0.0611038208007813 0.0716171264648438 -0.0255966186523438
0.0126495361328125 -0.0960159301757813 0.0284996032714844 -0.0592842102050781
-0.0311660766601563 -0.088836669921875 -0.0083465576171875 -0.0447654724121094
-0.031829833984375 -0.0792083740234375 -0.0159769058227539 -0.0136556625366211
-0.044677734375 -0.0886459350585937 -0.00939369201660157 -0.000387191772460944
-0.0199203491210937 -0.0946731567382813 -0.0205936431884766 0.0120525360107422
0.0347671508789063 -0.0967483520507813 -0.0245475769042969 0.0176429748535156
0.0820999145507813 -0.0647811889648438 -0.035858154296875 -0.00487136840820313
0.116401672363281 0.0298690795898438 -0.0353927612304687 -0.0254974365234375
0.101097106933594 0.0957489013671875 -0.00834274291992187 -0.03662109375
0.0386962890625 0.142791748046875 -0.0115985870361328 0.000938415527343761
-0.0176467895507812 0.139015197753906 0.0840225219726563 0.063079833984375
0.0247726440429687 0.128730773925781 0.0466537475585938 0.088592529296875
0.0870742797851563 0.108322143554688 0.0494613647460938 0.0815353393554687
0.118797302246094 0.0166168212890625 0.0748748779296875 0.0424346923828125
0.0878753662109375 -0.051025390625 0.0616111755371094 0.00371932983398437
0.0221405029296875 -0.09722900390625 0.0337505340576172 -0.0245876312255859
-0.0254974365234375 -0.0923995971679688 0.00953769683837891 -0.0143699645996094
-0.0279693603515625 -0.0828628540039063 0.00292301177978515 0.00948429107666015
-0.0418319702148438 -0.0942459106445313 0.00830078125 0.0241622924804687
-0.0166549682617188 -0.0976104736328125 -0.00925445556640626 0.0374870300292969
0.0395584106445313 -0.0966567993164063 -0.0199737548828125 0.0392646789550781
0.0853500366210938 -0.0583419799804688 -0.0364837646484375 0.0111808776855469
0.108306884765625 0.0403900146484375 -0.03558349609375 -0.0165176391601563
0.0806503295898438 0.0993118286132813 0.00494956970214844 -0.0168781280517578
0.0155258178710938 0.131423950195313 -0.00592422485351563 0.0461807250976563
-0.0384979248046875 0.0951080322265625 0.0732498168945313 0.109268188476563
-0.00817108154296875 0.103561401367187 0.041900634765625 0.115531921386719
0.0482635498046875 0.101791381835938 0.0365982055664062 0.086456298828125
0.0934295654296875 0.030517578125 0.054412841796875 0.0566864013671875
0.0779876708984375 -0.0318145751953125 0.0468940734863281 0.0269546508789062
0.0261993408203125 -0.0810089111328125 0.0339508056640625 0.00733947753906249
-0.015655517578125 -0.0803909301757812 0.0240440368652344 0.0152206420898437
-0.0197219848632812 -0.0745773315429688 0.0210037231445313 0.0316696166992187
-0.0318450927734375 -0.0859756469726563 0.0248947143554688 0.047698974609375
-0.0098876953125 -0.0889968872070313 0.000732421875000002 0.0618476867675781
0.0426101684570313 -0.084259033203125 -0.0176544189453125 0.0594291687011719
0.0804214477539063 -0.0435943603515625 -0.0399284362792969 0.0248794555664062
0.0882568359375 0.0499267578125 -0.0367927551269531 -0.00954437255859375
0.0478973388671875 0.0952911376953125 0.0135269165039063 0.00223541259765626
-0.0136947631835937 0.105789184570313 -0.00707244873046875 0.0860519409179688
-0.0514717102050781 0.0350608825683594 0.060333251953125 0.134696960449219
-0.0341873168945312 0.0579948425292969 0.036285400390625 0.127227783203125
0.00661468505859375 0.0716171264648438 0.0283279418945312 0.0822906494140625
0.052459716796875 0.0337486267089844 0.0373573303222656 0.06231689453125
0.0527839660644531 -0.0111656188964844 0.0332870483398438 0.0400619506835938
0.0236930847167969 -0.0513648986816406 0.0328483581542969 0.0299968719482422
-0.00473403930664063 -0.0558547973632813 0.0352325439453125 0.0384140014648438
-0.00921249389648437 -0.0535697937011719 0.034698486328125 0.0495147705078125
-0.0175361633300781 -0.0647926330566406 0.0370597839355469 0.0684852600097656
-0.000873565673828132 -0.0674057006835938 0.00652313232421875 0.0828170776367188
0.0398826599121094 -0.0594215393066406 -0.020538330078125 0.075897216796875
0.0667152404785156 -0.0223655700683594 -0.0470199584960937 0.0358047485351562
0.0574760437011719 0.0533370971679688 -0.0397262573242187 -0.00522994995117188
0.0107803344726563 0.078948974609375 0.0138168334960938 0.0190372467041016
-0.0414848327636719 0.0648155212402344 -0.0174331665039062 0.115814208984375
0.0490989685058594 -0.000797271728515625 0.0151519775390625 -0.127273559570313
0.0177154541015625 -0.0486488342285156 -0.00921630859375 -0.0325336456298828
-0.0233879089355469 -0.0368919372558594 0.0430526733398438 0.0112266540527344
-0.0367393493652344 0.000873565673828119 0.0692558288574219 -0.0382347106933594
-0.0247097015380859 0.023406982421875 0.036529541015625 -0.0842361450195313
-0.00492095947265625 0.0358085632324219 -0.0157318115234375 -0.0965194702148438
5.53131103515606E-05 0.0286693572998047 -0.0507354736328125 -0.082183837890625
-0.00304222106933594 0.0272636413574219 -0.0478286743164063 -0.0581741333007813
-0.00704193115234375 0.0306510925292969 -0.0440711975097656 -0.0469093322753906
-0.0219745635986328 0.0152339935302734 -0.0341720581054688 -0.0433349609375
-0.0263557434082031 -0.00805854797363281 -0.0338020324707031 -0.0441246032714844
-0.00683212280273438 -0.0316715240478516 -0.0295639038085938 -0.0609855651855469
0.0321006774902344 -0.0322933197021484 -0.018585205078125 -0.0839462280273438
0.0580711364746094 -0.00687026977539063 -0.0333709716796875 -0.119285583496094
0.0582122802734375 0.0246467590332031 -0.04345703125 -0.14117431640625
0.0569343566894531 0.0559349060058594 0.039215087890625 -0.123619079589844
0.0475654602050781 -0.00873947143554688 0.00492668151855469 -0.0313034057617188
0.0222549438476563 -0.019866943359375 0.0513534545898438 0.0175132751464844
0.00100898742675781 -0.0162448883056641 0.0813140869140625 -0.0359878540039063
-0.00538873672485352 -0.00723600387573242 0.0494384765625 -0.0855178833007813
-0.00986003875732422 -0.00249004364013672 -0.00958251953124999 -0.105064392089844
-0.0162715911865234 -0.005157470703125 -0.0503158569335937 -0.0867767333984375
-0.0151920318603516 -0.00437450408935547 -0.049468994140625 -0.0578422546386719
-0.0208492279052734 -0.00591468811035156 -0.0434494018554688 -0.0466384887695313
-0.0193424224853516 -0.0197067260742187 -0.0365524291992188 -0.0416526794433594
-0.00209426879882813 -0.0345230102539063 -0.0338478088378906 -0.0380973815917969
0.0292091369628906 -0.0372772216796875 -0.0295372009277344 -0.0530738830566406
0.0640869140625 -0.00228118896484375 -0.0240058898925781 -0.07000732421875
0.0785751342773438 0.03814697265625 -0.0343170166015625 -0.1025390625
0.0616683959960938 0.0783843994140625 -0.0375289916992187 -0.121559143066406
0.05255126953125 0.10784912109375 0.0618743896484375 -0.09814453125
0.0669097900390625 0.040740966796875 0.0215797424316406 -0.0164947509765625
0.066986083984375 0.010009765625 0.0594253540039063 0.0301551818847656
0.0457420349121094 -0.0256843566894531 0.0925064086914063 -0.0245132446289063
0.021209716796875 -0.0366401672363281 0.0622100830078125 -0.0764389038085938
-0.0087127685546875 -0.0416145324707031 0.0018768310546875 -0.101974487304688
-0.0282859802246094 -0.0395698547363281 -0.0424346923828125 -0.083526611328125
-0.0251083374023437 -0.0360908508300781 -0.044189453125 -0.04876708984375
-0.0329780578613281 -0.0398826599121094 -0.0387039184570312 -0.0372657775878906
-0.0196456909179687 -0.0514945983886719 -0.0366020202636719 -0.0295791625976563
0.0144882202148438 -0.0613937377929688 -0.0338592529296875 -0.0241546630859375
0.0546417236328125 -0.0487098693847656 -0.033294677734375 -0.0397834777832031
0.0917816162109375 0.0136795043945313 -0.0305061340332031 -0.0535659790039062
0.0976104736328125 0.0668563842773438 -0.0323410034179687 -0.0811920166015625
0.0626678466796875 0.115898132324219 -0.0302581787109375 -0.0872879028320313
0.0361175537109375 0.143875122070313 0.078948974609375 -0.0540313720703125
0.07098388671875 0.088134765625 0.0360679626464844 0.01275634765625
0.100105285644531 0.0481414794921875 0.063079833984375 0.0482406616210938
0.0893783569335938 -0.0224685668945313 0.0969467163085937 -0.0052947998046875
0.0506134033203125 -0.0572700500488281 0.07086181640625 -0.055389404296875
-0.00164031982421875 -0.0746078491210937 0.0150909423828125 -0.0861587524414063
-0.0337257385253906 -0.0683326721191406 -0.0276451110839844 -0.0676956176757813
-0.0318183898925781 -0.0613365173339844 -0.0326614379882812 -0.0323371887207031
-0.0424346923828125 -0.0674400329589844 -0.0268096923828125 -0.0200862884521484
-0.0223159790039062 -0.076690673828125 -0.0310630798339844 -0.0103588104248047
0.0235519409179688 -0.0836944580078125 -0.0308017730712891 -0.00443840026855469
0.0705718994140625 -0.0611572265625 -0.0363616943359375 -0.0223731994628906
0.110221862792969 0.019866943359375 -0.03497314453125 -0.0381278991699219
0.107925415039062 0.083282470703125 -0.0236015319824219 -0.0582923889160156
0.0573501586914063 0.13665771484375 -0.02166748046875 -0.0447006225585938
0.0115509033203125 0.155258178710938 0.0859527587890625 0.00169372558593751
0.0554885864257813 0.120407104492188 0.0452079772949219 0.0485267639160156
0.108970642089844 0.0847244262695312 0.0592231750488281 0.0671920776367188
0.116569519042969 -0.00795745849609375 0.0911865234375 0.0194854736328125
0.075592041015625 -0.062225341796875 0.071624755859375 -0.0266494750976563
0.00907135009765624 -0.093902587890625 0.0265235900878906 -0.058807373046875
-0.034088134765625 -0.0861663818359375 -0.0097198486328125 -0.0441169738769531
-0.0331344604492187 -0.0770111083984375 -0.0162715911865234 -0.0123424530029297
-0.0473861694335937 -0.085174560546875 -0.0108613967895508 0.000496864318847651
-0.0232009887695313 -0.0921249389648437 -0.020263671875 0.0134449005126953
0.0297775268554687 -0.0962905883789063 -0.0249767303466797 0.0177650451660156
0.0787124633789063 -0.0662612915039063 -0.0365791320800781 -0.00464630126953126
0.115348815917969 0.0261688232421875 -0.0362205505371094 -0.0258216857910156
0.102874755859375 0.0910797119140625 -0.00972366333007812 -0.0372543334960937
0.0425567626953125 0.140495300292969 -0.0121364593505859 0.000654220581054693
-0.0137252807617188 0.13800048828125 0.083892822265625 0.0588150024414063
0.027069091796875 0.125961303710938 0.0474853515625 0.085052490234375
0.08935546875 0.104698181152344 0.04913330078125 0.0803985595703125
0.117446899414063 0.0124053955078125 0.074920654296875 0.0410995483398438
0.08428955078125 -0.0525588989257813 0.0623703002929688 0.00225830078125
0.018310546875 -0.095794677734375 0.0328216552734375 -0.0258426666259766
-0.0286102294921875 -0.0895919799804688 0.00859451293945312 -0.0148601531982422
-0.029296875 -0.0815353393554688 0.00275897979736328 0.010462760925293
-0.04473876953125 -0.0898971557617188 0.00835990905761719 0.0233097076416016
-0.0205459594726563 -0.0956802368164063 -0.00872039794921875 0.0377273559570312
0.03411865234375 -0.0964813232421875 -0.0192222595214844 0.0388565063476562
0.0816726684570313 -0.0599899291992188 -0.0367469787597656 0.0113487243652344
0.106765747070312 0.0358505249023437 -0.0357017517089844 -0.0164985656738281
0.082550048828125 0.0950393676757813 0.00484657287597657 -0.0182685852050781
0.0187911987304687 0.129966735839844 -0.00504684448242188 0.0450515747070313
-0.0352249145507813 0.0951690673828125 0.07513427734375 0.104972839355469
-0.00589752197265624 0.10162353515625 0.0431671142578125 0.112396240234375
0.051239013671875 0.0993194580078125 0.0374374389648438 0.0852508544921875
0.0921554565429688 0.0270309448242188 0.0544281005859375 0.0557022094726563
0.0754241943359375 -0.0342636108398438 0.0478439331054688 0.0263175964355469
0.0221633911132813 -0.0799102783203125 0.0343494415283203 0.00576972961425781
-0.0186996459960938 -0.0786514282226563 0.0237541198730469 0.0142116546630859
-0.0219192504882812 -0.0723724365234375 0.0207481384277344 0.0319576263427734
-0.0354690551757812 -0.0827255249023438 0.0253257751464844 0.0461883544921875
-0.013885498046875 -0.086944580078125 0.00188446044921875 0.060577392578125
0.0374221801757813 -0.0844345092773438 -0.0163192749023437 0.0587615966796875
0.0774917602539063 -0.0447921752929688 -0.0396766662597656 0.0258255004882812
0.0884552001953125 0.0460281372070313 -0.0368118286132812 -0.009124755859375
0.0509796142578125 0.092376708984375 0.0132932662963867 0.000267028808593756
-0.0108642578125 0.104766845703125 -0.00442504882812501 0.0844192504882813
-0.0499191284179688 0.0354385375976563 0.062652587890625 0.131149291992188
-0.0319595336914063 0.0580482482910156 0.0377578735351563 0.12445068359375
0.00926971435546874 0.07086181640625 0.0281829833984375 0.0816116333007813
0.0522651672363281 0.0309867858886719 0.0385513305664063 0.0613059997558594
0.0507164001464844 -0.0132865905761719 0.0351982116699219 0.0386772155761719
0.0213203430175781 -0.0514030456542969 0.0333805084228516 0.0287113189697266
-0.00661849975585937 -0.0545120239257812 0.0354652404785156 0.0364112854003906
-0.0104942321777344 -0.0523796081542969 0.0358428955078125 0.0483818054199219
-0.0200042724609375 -0.0626411437988281 0.0383148193359375 0.0658531188964844
-0.00339889526367187 -0.0661163330078125 0.00856018066406251 0.0815353393554688
0.0362548828125 -0.0609169006347656 -0.018463134765625 0.0747451782226563
0.0642585754394531 -0.0244178771972656 -0.0460090637207031 0.0363349914550781
0.05877685546875 0.0504684448242187 -0.0403404235839844 -0.00473785400390625
0.0125503540039063 0.0773849487304688 0.0142126083374023 0.01739501953125
-0.0396308898925781 0.06475830078125 -0.0131149291992187 0.113441467285156
0.0489273071289062 -0.000354766845703125 0.0135498046875 -0.125724792480469
0.0162353515625 -0.0473518371582031 -0.0103302001953125 -0.0316104888916016
-0.0235977172851562 -0.0368423461914063 0.043365478515625 0.0128555297851562
-0.0360527038574219 0.000785827636718747 0.0690574645996094 -0.0374526977539062
-0.0239353179931641 0.0236358642578125 0.0357666015625 -0.0834121704101562
-0.00408935546875 0.0353431701660156 -0.014984130859375 -0.0953140258789063
0.0009765625 0.027984619140625 -0.0506057739257812 -0.0807723999023438
-0.00174903869628906 0.0275211334228516 -0.0469970703125 -0.0569915771484375
-0.00608634948730469 0.0295619964599609 -0.0438079833984375 -0.0457038879394531
-0.0211009979248047 0.0159931182861328 -0.0352516174316406 -0.0430488586425781
-0.0255603790283203 -0.00708198547363281 -0.0348243713378906 -0.0439529418945312
-0.00715827941894531 -0.0311336517333984 -0.0297050476074219 -0.0619583129882812
0.0308570861816406 -0.0322723388671875 -0.0180892944335938 -0.084503173828125
0.0571136474609375 -0.00723648071289062 -0.0334320068359375 -0.118789672851563
0.0577468872070313 0.0238113403320313 -0.0430526733398437 -0.139625549316406
0.0574264526367187 0.0555915832519531 0.0370635986328125 -0.122673034667969
0.0458831787109375 -0.00843048095703125 0.00311470031738282 -0.0309963226318359
0.0214462280273438 -0.0200538635253906 0.0516624450683594 0.0185928344726563
0.000896453857421876 -0.0162086486816406 0.0812149047851563 -0.0354385375976563
-0.00583696365356446 -0.00743961334228516 0.0489501953125 -0.0849838256835938
-0.0095367431640625 -0.00212669372558594 -0.00977325439453125 -0.103858947753906
-0.0158166885375977 -0.00522994995117187 -0.0501632690429688 -0.0857772827148438
-0.0147829055786133 -0.0042724609375 -0.048797607421875 -0.0561676025390625
-0.0193672180175781 -0.00586128234863281 -0.0441360473632813 -0.0457267761230469
-0.0184955596923828 -0.0190143585205078 -0.0373649597167969 -0.0409698486328125
-0.00233078002929688 -0.0337295532226563 -0.0342674255371094 -0.0377426147460938
0.0279197692871094 -0.0368690490722656 -0.0303878784179688 -0.0540580749511719
0.0625724792480469 -0.00266647338867188 -0.0223541259765625 -0.0705795288085938
0.077911376953125 0.037017822265625 -0.0338287353515625 -0.102584838867188
0.0615615844726563 0.0780487060546875 -0.037078857421875 -0.120521545410156
0.0525588989257813 0.106979370117188 0.0592422485351562 -0.0979232788085937
0.0656661987304688 0.0394821166992188 0.0192470550537109 -0.0163211822509766
0.0663566589355469 0.009368896484375 0.0592689514160156 0.0309715270996094
0.0448455810546875 -0.0259666442871094 0.0920257568359375 -0.0244598388671875
0.0207862854003906 -0.0362091064453125 0.0625991821289063 -0.0760269165039062
-0.00909805297851563 -0.0406684875488281 0.0020751953125 -0.10125732421875
-0.0283660888671875 -0.038726806640625 -0.0427398681640625 -0.08184814453125
-0.0247154235839844 -0.0355453491210938 -0.0434036254882813 -0.0476455688476563
-0.0324211120605469 -0.0395889282226563 -0.0387840270996094 -0.0360794067382813
-0.01983642578125 -0.04998779296875 -0.0366172790527344 -0.0285453796386719
0.0135459899902344 -0.0604667663574219 -0.0348014831542969 -0.024169921875
0.0541191101074219 -0.0483360290527344 -0.0338783264160156 -0.0403404235839844
0.0909957885742188 0.0138397216796875 -0.0295944213867187 -0.0554237365722656
0.0969467163085938 0.0655899047851563 -0.0322418212890625 -0.0813980102539063
0.0622482299804688 0.1153564453125 -0.0310821533203125 -0.0865936279296875
0.0365142822265625 0.143295288085938 0.076934814453125 -0.0542831420898437
0.0694198608398438 0.0865554809570313 0.0337429046630859 0.0121707916259766
0.0998611450195312 0.0472488403320312 0.0625190734863281 0.0487251281738281
0.0879058837890625 -0.0230712890625 0.09661865234375 -0.00439453125
0.0503273010253906 -0.05615234375 0.071258544921875 -0.0547103881835938
-0.00258636474609375 -0.0731277465820313 0.014984130859375 -0.08526611328125
-0.0345497131347656 -0.0669021606445313 -0.0286026000976563 -0.0664405822753906
-0.0314903259277344 -0.0605697631835937 -0.0325241088867188 -0.0312652587890625
-0.0424995422363281 -0.0658226013183594 -0.0273990631103516 -0.0196628570556641
-0.0229721069335938 -0.0745315551757813 -0.0313892364501953 -0.00963211059570314
0.0223312377929688 -0.082977294921875 -0.0315208435058594 -0.00444602966308594
0.0692939758300781 -0.06060791015625 -0.0368309020996094 -0.0230865478515625
0.109443664550781 0.0197601318359375 -0.0346260070800781 -0.0393524169921875
0.106849670410156 0.0810394287109375 -0.0234260559082031 -0.0591506958007812
0.0571670532226563 0.135719299316406 -0.0221672058105469 -0.0448226928710937
0.01214599609375 0.153823852539063 0.084197998046875 0.000587463378906259
0.0536880493164062 0.118812561035156 0.0436134338378906 0.0478630065917969
0.1087646484375 0.0833587646484375 0.0587272644042969 0.0677986145019531
0.115127563476563 -0.00787353515625 0.090301513671875 0.0195236206054688
0.0740966796875 -0.061370849609375 0.0715408325195313 -0.0260238647460938
0.00805664062499999 -0.0925445556640625 0.0259132385253906 -0.0584640502929688
-0.0349884033203125 -0.0844345092773438 -0.0105094909667969 -0.0429115295410156
-0.0330047607421875 -0.0762557983398438 -0.0156726837158203 -0.0108604431152344
-0.0485305786132813 -0.0827789306640625 -0.0115442276000977 0.00126171112060546
-0.0247421264648437 -0.0895462036132813 -0.021270751953125 0.0138931274414062
0.0271072387695313 -0.0954666137695313 -0.0261573791503906 0.0174407958984375
0.0771560668945313 -0.0662384033203125 -0.0373611450195312 -0.00519180297851563
0.114952087402344 0.0256881713867188 -0.0356712341308594 -0.0260353088378906
0.10272216796875 0.089569091796875 -0.00959396362304687 -0.0380744934082031
0.0425949096679688 0.140029907226563 -0.0121030807495117 0.000383377075195321
-0.0135498046875 0.136619567871094 0.0822219848632813 0.0571517944335938
0.0254974365234375 0.124366760253906 0.0453414916992187 0.0839996337890625
0.0900802612304688 0.104316711425781 0.0480499267578125 0.0814666748046875
0.116165161132813 0.0111770629882813 0.0737457275390625 0.041778564453125
0.0837631225585938 -0.0520553588867188 0.0619163513183594 0.00328826904296875
0.0168609619140625 -0.0945587158203125 0.0321006774902344 -0.0259323120117188
-0.0293045043945312 -0.0882110595703125 0.00777149200439453 -0.0136775970458984
-0.029937744140625 -0.079681396484375 0.00289249420166016 0.0112056732177734
-0.045928955078125 -0.0874252319335938 0.00749588012695312 0.0238533020019531
-0.0221405029296875 -0.0936737060546875 -0.00922393798828125 0.03759765625
0.0322113037109375 -0.0955963134765625 -0.0195770263671875 0.0385971069335937
0.0803146362304688 -0.0605392456054688 -0.0373725891113281 0.0110740661621094
0.107803344726563 0.0351333618164063 -0.0355262756347656 -0.0168228149414063
0.08233642578125 0.0928726196289062 0.00372886657714844 -0.0193729400634766
0.0190505981445313 0.129249572753906 -0.00496673583984375 0.0438919067382813
-0.03448486328125 0.0944290161132813 0.0730819702148438 0.103187561035156
-0.00550079345703125 0.100959777832031 0.0416946411132812 0.111236572265625
0.0528793334960937 0.0989303588867188 0.0361099243164063 0.0855789184570313
0.091583251953125 0.0262451171875 0.0538749694824219 0.0562744140625
0.0744400024414062 -0.0338668823242188 0.048187255859375 0.0263328552246094
0.0208816528320313 -0.0784454345703125 0.0340385437011719 0.00520896911621093
-0.019561767578125 -0.0776443481445313 0.0239238739013672 0.0140285491943359
-0.0223922729492188 -0.0713882446289063 0.0210952758789062 0.0321273803710937
-0.0366058349609375 -0.0811233520507813 0.0245780944824219 0.0457038879394531
-0.0146331787109375 -0.084808349609375 0.00160980224609375 0.0608482360839844
0.0354843139648438 -0.0838546752929688 -0.0164566040039063 0.0574188232421875
0.0761795043945312 -0.0456390380859375 -0.0400886535644531 0.0251007080078125
0.0887603759765625 0.0452728271484375 -0.0365982055664062 -0.0102462768554687
0.050262451171875 0.0903778076171875 0.0132026672363281 -0.000651359558105463
-0.00954437255859374 0.104270935058594 -0.00412750244140624 0.0826416015625
-0.0489349365234375 0.0362548828125 0.0619964599609375 0.128837585449219
-0.0321273803710938 0.0578041076660156 0.0371932983398438 0.122589111328125
0.0106430053710937 0.0706405639648438 0.0272140502929688 0.0818557739257813
0.0523338317871094 0.0301475524902344 0.0378913879394531 0.0613746643066406
0.0502777099609375 -0.0133171081542969 0.0359077453613281 0.0385971069335938
0.0202674865722656 -0.0503616333007813 0.0335788726806641 0.0277385711669922
-0.00754547119140625 -0.0542640686035156 0.0358085632324219 0.0354652404785156
-0.0111961364746094 -0.0515556335449219 0.0356941223144531 0.0484390258789062
-0.0212821960449219 -0.0609626770019531 0.0381126403808594 0.0644950866699219
-0.00502395629882813 -0.06494140625 0.00859832763671876 0.0807342529296875
0.0350532531738281 -0.0612373352050781 -0.018218994140625 0.0735702514648438
0.0628395080566406 -0.0249900817871094 -0.0455322265625 0.035614013671875
0.05877685546875 0.0497398376464844 -0.0407524108886719 -0.00516128540039063
0.0132827758789062 0.0758285522460937 0.0143547058105469 0.0160598754882813
-0.0384712219238281 0.0656890869140625 -0.012786865234375 0.111724853515625
0.0504302978515625 -0.000339508056640625 0.014678955078125 -0.126800537109375
0.016265869140625 -0.0478706359863281 -0.0116138458251953 -0.0308570861816406
-0.024261474609375 -0.0368690490722656 0.044830322265625 0.0133781433105469
-0.0364303588867188 0.000198364257812506 0.0713958740234375 -0.0370941162109375
-0.024139404296875 0.0235157012939453 0.0373001098632813 -0.0840225219726563
-0.0042266845703125 0.0360107421875 -0.0143356323242188 -0.0970306396484375
0.00115394592285157 0.0286273956298828 -0.0504989624023438 -0.0821609497070312
-0.00121307373046875 0.0274429321289063 -0.0469512939453125 -0.0581398010253906
-0.00518035888671875 0.0298976898193359 -0.0438804626464844 -0.0465011596679688
-0.0205402374267578 0.0165939331054688 -0.035400390625 -0.0441741943359375
-0.0257530212402344 -0.00700569152832032 -0.034454345703125 -0.0454864501953125
-0.00712394714355469 -0.0314826965332031 -0.0296974182128906 -0.0638847351074219
0.0307903289794922 -0.0324153900146484 -0.0163345336914063 -0.0876235961914062
0.05780029296875 -0.00732421875 -0.0313262939453125 -0.121284484863281
0.0585594177246094 0.0243949890136719 -0.041595458984375 -0.142745971679688
0.058380126953125 0.0572738647460938 0.0368728637695312 -0.1234130859375
0.0456314086914062 -0.008026123046875 0.00191307067871094 -0.0304164886474609
0.0221843719482422 -0.0204353332519531 0.0528984069824219 0.019989013671875
0.000779151916503906 -0.0167694091796875 0.0829620361328125 -0.0347518920898438
-0.00531339645385742 -0.00737380981445312 0.051055908203125 -0.0852890014648438
-0.00979042053222656 -0.00160884857177735 -0.0083160400390625 -0.104965209960938
-0.0160303115844727 -0.00522518157958984 -0.0505142211914062 -0.0874099731445313
-0.0146875381469727 -0.00532913208007813 -0.0482864379882813 -0.0572929382324219
-0.0193157196044922 -0.00574111938476562 -0.0446434020996094 -0.0460014343261719
-0.0182533264160156 -0.0181026458740234 -0.037567138671875 -0.0414199829101562
-0.00185775756835937 -0.0331382751464844 -0.0351524353027344 -0.0391349792480469
0.0286216735839844 -0.0366859436035156 -0.0304908752441406 -0.0560340881347656
0.0636444091796875 -0.00130462646484375 -0.0210189819335937 -0.0739593505859375
0.0779647827148437 0.0377349853515625 -0.0328598022460938 -0.105667114257813
0.0616302490234375 0.0789947509765625 -0.0359649658203125 -0.123138427734375
0.053070068359375 0.109580993652344 0.0600433349609375 -0.0992584228515625
0.0646133422851563 0.0410919189453125 0.0180625915527344 -0.0156307220458984
0.0674285888671875 0.00987625122070312 0.0598526000976563 0.0332870483398438
0.0458946228027344 -0.0257339477539062 0.0942535400390625 -0.0230026245117188
0.0215682983398438 -0.0358657836914063 0.0648651123046875 -0.0758285522460938
-0.0087738037109375 -0.0404777526855469 0.00322723388671874 -0.102027893066406
-0.0286598205566406 -0.0395011901855469 -0.0423355102539063 -0.08294677734375
-0.0246772766113281 -0.0362167358398438 -0.0433120727539063 -0.0479278564453125
-0.0323143005371094 -0.0397300720214844 -0.0393829345703125 -0.0360450744628906
-0.0193862915039063 -0.0500602722167969 -0.0375518798828125 -0.0290069580078125
0.0137405395507812 -0.0603179931640625 -0.0359230041503906 -0.0250167846679688
0.0553703308105469 -0.0478172302246094 -0.0348777770996094 -0.0427627563476563
0.0921783447265625 0.0146713256835938 -0.0287590026855469 -0.0580101013183594
0.0977401733398438 0.066986083984375 -0.031036376953125 -0.083953857421875
0.0625152587890625 0.11810302734375 -0.0298309326171875 -0.0886459350585938
0.03558349609375 0.145980834960938 0.0767364501953125 -0.0546188354492188
0.0671310424804688 0.0888900756835938 0.0326576232910156 0.0128059387207031
0.101432800292969 0.0487594604492188 0.0623817443847656 0.0520057678222656
0.0888214111328125 -0.0225677490234375 0.0980148315429687 -0.002349853515625
0.0517234802246094 -0.0559577941894531 0.0739288330078125 -0.0548858642578125
-0.00273895263671875 -0.0732192993164063 0.0163192749023437 -0.0866928100585938
-0.03521728515625 -0.0671195983886719 -0.02801513671875 -0.0677490234375
-0.030792236328125 -0.062042236328125 -0.0322856903076172 -0.0312290191650391
-0.0431365966796875 -0.0661849975585938 -0.0283718109130859 -0.0197906494140625
-0.0225830078125 -0.0753097534179688 -0.0323734283447266 -0.00917625427246094
0.0220947265625 -0.0824356079101563 -0.0334758758544922 -0.00480651855468751
0.070587158203125 -0.0610580444335938 -0.0381622314453125 -0.0245361328125
0.111190795898438 0.0211181640625 -0.0344009399414062 -0.0426063537597656
0.107803344726562 0.0823593139648437 -0.0234718322753906 -0.0617713928222656
0.0566787719726563 0.138778686523438 -0.0220108032226562 -0.0459632873535156
0.0103607177734375 0.15643310546875 0.0837326049804688 0.00091552734375001
0.0521240234375 0.121360778808594 0.0405921936035156 0.0481605529785156
0.109848022460938 0.085723876953125 0.0573577880859375 0.0713348388671875
0.115882873535156 -0.0074310302734375 0.0919036865234375 0.0228805541992188
0.0757598876953125 -0.0612640380859375 0.0738906860351563 -0.0249710083007813
0.00802612304687501 -0.0933074951171875 0.0271415710449219 -0.059539794921875
-0.0353012084960937 -0.0853958129882813 -0.0101432800292969 -0.0429573059082031
-0.0330047607421875 -0.0779647827148438 -0.0155277252197266 -0.0101957321166992
-0.0489578247070313 -0.0836257934570313 -0.0122041702270508 0.00161457061767577
-0.0247879028320312 -0.0904541015625 -0.0221633911132813 0.0144863128662109
0.0275115966796875 -0.095947265625 -0.0275344848632813 0.0167808532714844
0.07855224609375 -0.0666275024414062 -0.0389213562011719 -0.0068817138671875
0.116775512695313 0.0271835327148438 -0.0362777709960938 -0.0291290283203125
0.10302734375 0.0911407470703125 -0.00992965698242187 -0.0403327941894531
0.041961669921875 0.142791748046875 -0.012242317199707 -0.000470161437988273
-0.014892578125 0.139213562011719 0.081268310546875 0.0584259033203125
0.0240249633789062 0.126937866210937 0.0431137084960938 0.0854110717773438
0.0907669067382812 0.106208801269531 0.0473785400390625 0.0847854614257813
0.116775512695312 0.0127182006835937 0.0747909545898438 0.0449371337890625
0.0851058959960938 -0.051483154296875 0.0643196105957031 0.00445175170898437
0.0171890258789063 -0.0950698852539062 0.0323486328125 -0.0261173248291016
-0.0298309326171875 -0.0888290405273438 0.00780487060546875 -0.013946533203125
-0.0297698974609375 -0.0813369750976562 0.00324440002441406 0.0122766494750977
-0.0468368530273438 -0.08880615234375 0.00612068176269531 0.0246334075927734
-0.0221633911132813 -0.0942306518554688 -0.0100479125976562 0.0384178161621094
0.032012939453125 -0.097137451171875 -0.0215187072753906 0.0387115478515625
0.0809326171875 -0.0611114501953125 -0.0393409729003906 0.0104598999023437
0.109725952148438 0.036163330078125 -0.0365524291992187 -0.0191383361816406
0.0825653076171875 0.0946121215820312 0.00428581237792969 -0.0207901000976562
0.018585205078125 0.1319580078125 -0.00543594360351563 0.044403076171875
-0.036102294921875 0.0957565307617188 0.07269287109375 0.10455322265625
-0.00772857666015625 0.101982116699219 0.0399169921875 0.112648010253906
0.0532073974609375 0.100509643554688 0.0344161987304688 0.0886001586914062
0.0925979614257813 0.0269851684570313 0.0540313720703125 0.0589370727539063
0.0757827758789063 -0.0338592529296875 0.0491447448730469 0.0276145935058594
0.0215530395507813 -0.0791015625 0.0350379943847656 0.00539779663085937
-0.0199813842773437 -0.0786056518554688 0.0241432189941406 0.0139217376708984
-0.0223236083984375 -0.0725860595703125 0.0210952758789063 0.0333251953125
-0.0369338989257813 -0.081085205078125 0.0241470336914063 0.0468063354492187
-0.0157012939453125 -0.0860061645507813 0.000679016113281252 0.0614967346191406
0.0357131958007812 -0.08477783203125 -0.0182876586914062 0.0579032897949219
0.0773544311523438 -0.046478271484375 -0.0409355163574219 0.0246925354003906
0.0904693603515625 0.0467300415039062 -0.0372657775878906 -0.0108833312988281
0.0504913330078125 0.0921173095703125 0.0138568878173828 -0.00195598602294921
-0.0107574462890625 0.106292724609375 -0.0050506591796875 0.0833816528320313
-0.0505943298339844 0.0362205505371094 0.0604934692382813 0.130828857421875
-0.0333175659179688 0.0578727722167969 0.0354385375976562 0.125015258789063
0.01092529296875 0.0724334716796875 0.0259475708007813 0.0845947265625
0.0527572631835938 0.0307769775390625 0.0379905700683594 0.0643081665039063
0.0512847900390625 -0.0134239196777344 0.03631591796875 0.0407905578613281
0.0199851989746094 -0.0506935119628906 0.0347843170166016 0.0281658172607422
-0.00787353515625 -0.0547752380371094 0.0360069274902344 0.0359458923339844
-0.0113487243652344 -0.0527267456054688 0.0357894897460938 0.048736572265625
-0.0216827392578125 -0.0615653991699219 0.0369606018066406 0.0660629272460937
-0.005767822265625 -0.0655021667480469 0.007659912109375 0.081390380859375
0.0352973937988281 -0.06195068359375 -0.0191574096679687 0.0739898681640625
0.0641708374023438 -0.0261688232421875 -0.0471115112304687 0.0355072021484375
0.0596847534179688 0.0509872436523437 -0.0414543151855469 -0.00643157958984374
0.0128097534179687 0.07720947265625 0.0150279998779297 0.0151090621948242
-0.0391807556152344 0.0658187866210938 -0.014251708984375 0.112030029296875
0.0533485412597656 -0.00029754638671875 0.014617919921875 -0.131065368652344
0.0165252685546875 -0.049468994140625 -0.0132236480712891 -0.0304794311523438
-0.0258407592773438 -0.0385856628417969 0.0470695495605469 0.0145988464355469
-0.0376358032226563 0.000595092773437499 0.07464599609375 -0.0389404296875
-0.0250377655029297 0.0247287750244141 0.0385971069335938 -0.087249755859375
-0.00432586669921875 0.0374031066894531 -0.0138320922851563 -0.10107421875
0.000770568847656251 0.0295543670654297 -0.05224609375 -0.085540771484375
-0.000453948974609372 0.0278129577636719 -0.048736572265625 -0.0606498718261719
-0.00413703918457031 0.0308513641357422 -0.0457572937011719 -0.0482521057128906
-0.0208225250244141 0.0179271697998047 -0.0370254516601562 -0.04547119140625
-0.0262050628662109 -0.0067901611328125 -0.0364303588867188 -0.0465774536132812
-0.0076446533203125 -0.0328235626220703 -0.0309562683105469 -0.0677566528320313
0.0318012237548828 -0.0338459014892578 -0.0162734985351562 -0.0929946899414063
0.0593452453613281 -0.00768661499023438 -0.0320892333984375 -0.126823425292969
0.0610733032226562 0.0253524780273437 -0.0438232421875 -0.14935302734375
0.0615692138671875 0.0597152709960938 0.03826904296875 -0.127952575683594
0.0466995239257813 -0.00793838500976563 0.000556945800781255 -0.0309772491455078
0.0219612121582031 -0.0213184356689453 0.0554656982421875 0.0218048095703125
0.00104522705078125 -0.017242431640625 0.0870285034179687 -0.0358200073242187
-0.00492763519287109 -0.0077509880065918 0.052825927734375 -0.0885086059570313
-0.00985145568847656 -0.000989913940429689 -0.0080413818359375 -0.109039306640625
-0.0168609619140625 -0.00541496276855468 -0.0525588989257813 -0.0905685424804688
-0.0139322280883789 -0.00531291961669922 -0.0505599975585938 -0.05950927734375
-0.0194873809814453 -0.00575065612792969 -0.0470123291015625 -0.0479927062988281
-0.0189399719238281 -0.0180721282958984 -0.0396881103515625 -0.0427017211914062
-0.00230026245117188 -0.0341968536376953 -0.0371513366699219 -0.0409088134765625
0.0302696228027344 -0.0381813049316406 -0.0322113037109375 -0.0598030090332031
0.0661163330078125 -0.00178146362304687 -0.0211257934570313 -0.0795364379882813
0.0814361572265625 0.0386581420898437 -0.0332794189453125 -0.11102294921875
0.0640792846679688 0.0829010009765625 -0.0369796752929687 -0.128829956054688
0.0556640625 0.114776611328125 0.0615158081054688 -0.102943420410156
0.0655937194824219 0.043426513671875 0.0169591903686523 -0.0153465270996094
0.0698623657226563 0.00969696044921875 0.0630416870117188 0.0363922119140625
0.0474052429199219 -0.0270118713378906 0.098724365234375 -0.0233230590820313
0.0224037170410156 -0.0376205444335938 0.0684356689453125 -0.0792007446289063
-0.00944900512695312 -0.0413436889648438 0.00334930419921875 -0.106521606445313
-0.0300025939941406 -0.0403861999511719 -0.0447006225585937 -0.085693359375
-0.0250053405761719 -0.0376777648925781 -0.0447616577148438 -0.0494613647460938
-0.0338516235351563 -0.0405082702636719 -0.0412254333496094 -0.0370979309082031
-0.0200271606445313 -0.0508155822753906 -0.0401268005371094 -0.0299415588378906
0.0137748718261719 -0.0620346069335937 -0.0383872985839844 -0.0260391235351563
0.0570831298828125 -0.0499954223632813 -0.0369682312011719 -0.0459671020507813
0.0963134765625 0.014892578125 -0.0290489196777344 -0.0629158020019531
0.100914001464844 0.0688934326171875 -0.0320816040039063 -0.0892868041992188
0.064666748046875 0.12261962890625 -0.0313186645507812 -0.0937423706054687
0.0372314453125 0.152175903320312 0.0794219970703125 -0.0571060180664062
0.0692062377929688 0.0930862426757813 0.0315265655517578 0.0130996704101563
0.105728149414063 0.0506134033203125 0.0651473999023438 0.0555839538574219
0.0915603637695312 -0.0239105224609375 0.102241516113281 -0.00136566162109375
0.0541000366210938 -0.0577201843261719 0.0780487060546875 -0.056793212890625
-0.00278472900390624 -0.0759658813476563 0.0166168212890625 -0.0904693603515625
-0.0375480651855469 -0.069854736328125 -0.0297584533691406 -0.0697174072265625
-0.0321617126464844 -0.0644721984863281 -0.0323905944824219 -0.0316925048828125
-0.0454025268554688 -0.0682182312011719 -0.029754638671875 -0.0191440582275391
-0.023773193359375 -0.0770263671875 -0.0346508026123047 -0.00912094116210938
0.022857666015625 -0.08575439453125 -0.0359535217285156 -0.00552749633789063
0.0735626220703125 -0.0637283325195313 -0.0404090881347656 -0.0266494750976563
0.116264343261719 0.0221481323242188 -0.0353164672851563 -0.0459518432617187
0.112060546875 0.0853042602539063 -0.0239906311035156 -0.065460205078125
0.0587310791015625 0.145339965820313 -0.0225563049316406 -0.0483856201171875
0.0110321044921875 0.163955688476563 0.0862884521484375 0.00083923339843751
0.0531997680664063 0.126350402832031 0.0411148071289062 0.0509986877441406
0.115425109863281 0.0893402099609375 0.0596923828125 0.075958251953125
0.121047973632812 -0.00788116455078125 0.09564208984375 0.02496337890625
0.0795211791992188 -0.0639114379882812 0.0778732299804688 -0.0262680053710938
0.00798797607421875 -0.0965118408203125 0.0280914306640625 -0.0620574951171875
-0.0380477905273438 -0.08837890625 -0.0121231079101562 -0.0446281433105469
-0.035125732421875 -0.0811233520507813 -0.0158119201660156 -0.00950813293457032
-0.0515899658203125 -0.0858001708984375 -0.0128726959228516 0.00313472747802734
-0.0261154174804688 -0.0933761596679688 -0.0241870880126953 0.0151805877685547
0.0269012451171875 -0.100112915039063 -0.0293998718261719 0.0173969268798828
0.0810394287109375 -0.069427490234375 -0.0410308837890625 -0.00799179077148437
0.122512817382812 0.02783203125 -0.0373268127441406 -0.0316123962402344
0.107398986816406 0.0938796997070313 -0.00992584228515624 -0.0435676574707031
0.043792724609375 0.149810791015625 -0.012852668762207 -0.000797271728515613
-0.01605224609375 0.144790649414063 0.0829696655273438 0.0606765747070313
0.0242919921875 0.131950378417969 0.0425338745117188 0.0885848999023438
0.09564208984375 0.110763549804688 0.0483551025390625 0.0890960693359375
0.121902465820312 0.01300048828125 0.0785598754882813 0.04803466796875
0.08868408203125 -0.0539474487304687 0.0681076049804687 0.0051422119140625
0.0175094604492187 -0.0979156494140625 0.0342121124267578 -0.0277080535888672
-0.0319671630859375 -0.092193603515625 0.00812721252441406 -0.0140581130981445
-0.03179931640625 -0.084014892578125 0.0032968521118164 0.0136442184448242
-0.0499343872070313 -0.0911636352539063 0.00696754455566406 0.0265274047851562
-0.0246734619140625 -0.0968399047851563 -0.0112800598144531 0.0403709411621094
0.0324630737304688 -0.100502014160156 -0.0232429504394531 0.0392990112304687
0.0842132568359375 -0.0639114379882813 -0.0414085388183594 0.0103530883789062
0.114692687988281 0.03741455078125 -0.0380020141601562 -0.0205764770507813
0.0868682861328125 0.0981216430664063 0.00464248657226563 -0.0228767395019531
0.0190353393554687 0.138160705566406 -0.0054779052734375 0.0455970764160156
-0.0375442504882813 0.0996170043945313 0.07440185546875 0.107994079589844
-0.0084381103515625 0.106864929199219 0.0402755737304687 0.116630554199219
0.0563735961914063 0.1048583984375 0.034881591796875 0.0940704345703125
0.09649658203125 0.0272903442382813 0.0567092895507813 0.0632972717285156
0.0793838500976563 -0.034393310546875 0.05242919921875 0.0296249389648437
0.0222930908203125 -0.0818099975585937 0.0361328125 0.00478363037109374
-0.0217971801757813 -0.0814285278320313 0.0246181488037109 0.0148963928222656
-0.0236968994140625 -0.07562255859375 0.0219497680664063 0.035186767578125
-0.0394821166992187 -0.0834579467773438 0.0248031616210937 0.0494575500488281
-0.0171356201171875 -0.0885772705078125 -0.000282287597656257 0.0645332336425781
0.0355682373046875 -0.0883255004882813 -0.0186729431152344 0.0593757629394531
0.0802764892578125 -0.0487213134765625 -0.0434150695800781 0.0250473022460937
0.0943984985351563 0.0478134155273438 -0.0389823913574219 -0.0123062133789063
0.0530929565429688 0.0952835083007812 0.0141658782958984 -0.00284576416015624
-0.01092529296875 0.110946655273437 -0.00528717041015626 0.0865402221679688
-0.052032470703125 0.0377273559570312 0.0626296997070312 0.135040283203125
-0.0348854064941406 0.0609054565429688 0.0358352661132813 0.1302490234375
0.01214599609375 0.0751419067382813 0.0260391235351562 0.0893173217773438
0.0552864074707031 0.0317573547363281 0.0396385192871094 0.0683860778808594
0.0535964965820313 -0.013702392578125 0.0388755798339844 0.04290771484375
0.020263671875 -0.0532646179199219 0.0357398986816406 0.0292320251464844
-0.00882720947265626 -0.0570640563964844 0.0374031066894531 0.0371589660644531
-0.011749267578125 -0.0549240112304688 0.0374794006347656 0.0516395568847656
-0.02294921875 -0.0634613037109375 0.0382156372070313 0.06878662109375
-0.00690841674804687 -0.0678672790527344 0.00715637207031251 0.0847320556640625
0.0354804992675781 -0.0649337768554688 -0.020294189453125 0.0767288208007813
0.0669097900390625 -0.0265655517578125 -0.0494804382324219 0.0364990234375
0.0625839233398438 0.053375244140625 -0.0424995422363281 -0.00714874267578124
0.0134048461914063 0.0803604125976563 0.0165596008300781 0.014317512512207
-0.0405921936035156 0.0693359375 -0.014373779296875 0.116119384765625
0.0570602416992188 -0.00253677368164063 0.0111618041992188 -0.137893676757813
0.0147018432617188 -0.0518760681152344 -0.0155105590820312 -0.0304298400878906
-0.0287590026855469 -0.0395622253417969 0.0510406494140625 0.015106201171875
-0.0392875671386719 0.0012969970703125 0.0779495239257813 -0.04217529296875
-0.0255813598632812 0.0266971588134766 0.0384674072265625 -0.0920944213867188
-0.00215530395507812 0.0398406982421875 -0.0163421630859375 -0.104728698730469
0.00283241271972656 0.0313205718994141 -0.0569610595703125 -0.0879974365234375
0.00108718872070312 0.0289688110351563 -0.0527839660644531 -0.0626296997070312
-0.00256156921386719 0.0320682525634766 -0.049285888671875 -0.0489845275878906
-0.0202560424804687 0.0196437835693359 -0.0402984619140625 -0.0465965270996094
-0.0272407531738281 -0.00569915771484375 -0.0397911071777344 -0.0487709045410156
-0.00922775268554688 -0.0341091156005859 -0.0346908569335937 -0.0715866088867188
0.0325202941894531 -0.0368576049804688 -0.0190048217773437 -0.0986099243164063
0.0617752075195313 -0.0103111267089844 -0.0362014770507812 -0.133102416992187
0.0655326843261719 0.025115966796875 -0.0492095947265625 -0.15594482421875
0.0670280456542969 0.0609855651855469 0.035919189453125 -0.135269165039062
0.0477676391601563 -0.00928497314453125 -0.00195693969726562 -0.0311336517333984
0.0224380493164063 -0.0228290557861328 0.0596885681152344 0.0227737426757813
0.000400543212890624 -0.0178947448730469 0.0911712646484375 -0.0394134521484375
-0.00607061386108398 -0.00769853591918945 0.0540847778320313 -0.0949325561523437
-0.0102348327636719 -0.000474929809570312 -0.01092529296875 -0.114662170410156
-0.0170211791992188 -0.00431537628173828 -0.057769775390625 -0.0936050415039062
-0.0142946243286133 -0.00549602508544922 -0.0541419982910156 -0.0616264343261719
-0.0196437835693359 -0.00590324401855469 -0.0504074096679687 -0.0484275817871094
-0.0189037322998047 -0.0181427001953125 -0.0433464050292969 -0.0435752868652344
-0.00332832336425781 -0.034942626953125 -0.0406913757324219 -0.0426712036132813
0.0301628112792969 -0.0404930114746094 -0.0358467102050781 -0.063873291015625
0.0692977905273438 -0.00399017333984375 -0.0239334106445312 -0.0847930908203125
0.0854110717773438 0.0377120971679688 -0.0380935668945313 -0.116767883300781
0.0699615478515625 0.0852432250976563 -0.042388916015625 -0.135597229003906
0.0619049072265625 0.119033813476563 0.0613784790039062 -0.109626770019531
0.0692596435546875 0.04425048828125 0.014862060546875 -0.0164661407470703
0.0743331909179688 0.008544921875 0.0676345825195313 0.0376052856445313
0.0489845275878906 -0.0296096801757813 0.103591918945313 -0.0260162353515625
0.0230255126953125 -0.0403022766113281 0.0699005126953125 -0.0851211547851563
-0.0109977722167969 -0.0427932739257813 0.00104522705078126 -0.112030029296875
-0.0327262878417969 -0.0408401489257812 -0.0489578247070313 -0.0882949829101563
-0.027313232421875 -0.039520263671875 -0.047943115234375 -0.0506324768066406
-0.0360183715820312 -0.0413627624511719 -0.0445175170898438 -0.0369758605957031
-0.0219764709472656 -0.0523185729980469 -0.0430030822753906 -0.0294151306152344
0.0123977661132813 -0.0650405883789063 -0.0415000915527344 -0.0263938903808594
0.0584564208984375 -0.0540657043457031 -0.04083251953125 -0.0484046936035156
0.101844787597656 0.0131149291992188 -0.0323486328125 -0.06793212890625
0.107231140136719 0.0688705444335938 -0.0362319946289062 -0.0941390991210938
0.0714797973632812 0.12823486328125 -0.0352096557617187 -0.0980072021484375
0.04290771484375 0.159652709960938 0.0800323486328125 -0.0617141723632813
0.0734710693359375 0.0966720581054687 0.0313529968261719 0.01361083984375
0.113227844238281 0.05029296875 0.0703811645507812 0.058807373046875
0.0965576171875 -0.0271453857421875 0.108573913574219 -0.00298309326171875
0.0554885864257813 -0.0626678466796875 0.0821151733398438 -0.0618667602539063
-0.00490570068359375 -0.078460693359375 0.0152740478515625 -0.09564208984375
-0.0414810180664063 -0.0716552734375 -0.03338623046875 -0.0715179443359375
-0.0355148315429688 -0.0673866271972656 -0.0346775054931641 -0.0320186614990234
-0.0491294860839844 -0.0701675415039063 -0.0326042175292969 -0.0186634063720703
-0.0269699096679688 -0.0794601440429688 -0.0374908447265625 -0.0078887939453125
0.0204010009765625 -0.0899429321289063 -0.0386886596679688 -0.004486083984375
0.0750656127929688 -0.0687255859375 -0.04400634765625 -0.0288047790527344
0.123634338378906 0.019683837890625 -0.0384292602539062 -0.0498733520507813
0.120223999023438 0.0857620239257813 -0.0274162292480469 -0.0701522827148438
0.06610107421875 0.152175903320312 -0.0251960754394531 -0.0507316589355469
0.016204833984375 0.172698974609375 0.0891036987304687 -0.000869750976562489
0.0576248168945312 0.132598876953125 0.0421791076660156 0.0526885986328125
0.124237060546875 0.0913238525390625 0.0649948120117188 0.08013916015625
0.126419067382813 -0.01141357421875 0.101913452148438 0.0249557495117188
0.0827407836914063 -0.0687713623046875 0.0830307006835938 -0.02978515625
0.00548553466796875 -0.100578308105469 0.0274238586425781 -0.0659637451171875
-0.0421218872070312 -0.0911788940429688 -0.0139846801757812 -0.0460166931152344
-0.0382461547851563 -0.084259033203125 -0.0161895751953125 -0.0088644027709961
-0.056915283203125 -0.0878982543945313 -0.0141792297363281 0.00444412231445312
-0.0306854248046875 -0.09588623046875 -0.0256156921386719 0.0175914764404297
0.0253982543945313 -0.105079650878906 -0.0319480895996094 0.01806640625
0.0828857421875 -0.0753250122070313 -0.0440292358398437 -0.00844955444335939
0.130729675292969 0.0256423950195313 -0.0399284362792969 -0.0342750549316406
0.114845275878906 0.095123291015625 -0.0121307373046875 -0.0470962524414062
0.049530029296875 0.156875610351562 -0.0135364532470703 -0.0004444122314453
-0.0123138427734375 0.153335571289063 0.0884323120117188 0.0606918334960938
0.0273284912109375 0.137832641601563 0.045379638671875 0.0918960571289063
0.104354858398438 0.114181518554688 0.0524444580078125 0.0947647094726563
0.12774658203125 0.0104904174804688 0.0839080810546875 0.05029296875
0.09295654296875 -0.0594024658203125 0.0729446411132812 0.0030670166015625
0.01495361328125 -0.102317810058594 0.0349540710449219 -0.0307674407958984
-0.036590576171875 -0.0957717895507813 0.00715351104736328 -0.0142841339111328
-0.0362930297851563 -0.0876693725585938 0.00435256958007812 0.0150651931762695
-0.05523681640625 -0.0926666259765625 0.00627517700195312 0.0284271240234375
-0.02947998046875 -0.1002197265625 -0.0119819641113281 0.0434188842773437
0.0297775268554688 -0.105766296386719 -0.0238990783691406 0.0425338745117188
0.0861129760742188 -0.0703353881835938 -0.0435600280761719 0.0108871459960937
0.122543334960938 0.0358352661132813 -0.0402641296386719 -0.0216865539550781
0.0935516357421875 0.09979248046875 0.00405120849609375 -0.0254154205322266
0.0242156982421875 0.1455078125 -0.00481033325195312 0.0472564697265625
-0.0368499755859375 0.106132507324219 0.0798568725585938 0.112068176269531
-0.00679016113281251 0.113174438476562 0.0431442260742187 0.121269226074219
0.063079833984375 0.109031677246094 0.03875732421875 0.0994720458984375
0.102096557617188 0.0260238647460938 0.0617294311523438 0.0663337707519531
0.0825119018554688 -0.0387725830078125 0.0574531555175781 0.0296363830566406
0.0205917358398437 -0.0862045288085938 0.0383872985839844 0.00394058227539062
-0.0261077880859375 -0.0841598510742187 0.0260944366455078 0.0150489807128906
-0.0273208618164062 -0.0788497924804688 0.0245170593261719 0.0373077392578125
-0.0443344116210938 -0.0858306884765625 0.0260047912597656 0.0508232116699219
-0.0216445922851563 -0.0918426513671875 0.00147628784179688 0.06781005859375
0.0341873168945312 -0.0941543579101562 -0.0192604064941406 0.0625343322753906
0.0827255249023438 -0.0532073974609375 -0.0454521179199219 0.0272407531738281
0.101455688476563 0.0477218627929688 -0.0414199829101562 -0.0128707885742187
0.0585403442382812 0.098541259765625 0.0147066116333008 -0.00515079498291015
-0.00849151611328124 0.118499755859375 -0.00363159179687501 0.0905075073242188
-0.0537605285644531 0.0414505004882813 0.0685577392578125 0.14080810546875
-0.0346870422363281 0.0659637451171875 0.0406265258789062 0.135360717773438
0.0160675048828125 0.0789718627929688 0.0286712646484375 0.0945816040039063
0.0589637756347656 0.0313644409179688 0.0444564819335938 0.07281494140625
0.0558204650878906 -0.015960693359375 0.0429611206054687 0.0441398620605469
0.019134521484375 -0.0563774108886719 0.0389366149902344 0.0293502807617187
-0.011627197265625 -0.0597190856933594 0.0407218933105469 0.0379219055175781
-0.0147819519042969 -0.0576057434082031 0.0409736633300781 0.0535736083984375
-0.0267257690429687 -0.0652656555175781 0.041839599609375 0.0715866088867187
-0.00992584228515624 -0.0710525512695313 0.00963592529296876 0.0888137817382813
0.0345993041992188 -0.0687065124511719 -0.0204544067382813 0.0801773071289063
0.0693511962890625 -0.0312347412109375 -0.0517730712890625 0.0390815734863281
0.06787109375 0.0539932250976563 -0.0451583862304688 -0.00738906860351561
0.0169448852539063 0.0837173461914063 0.0178871154785156 0.0136775970458984
-0.0406951904296875 0.0748062133789063 -0.0115432739257812 0.121650695800781
0.0598564147949219 -0.00678634643554688 0.00386047363281249 -0.14337158203125
0.0119132995605469 -0.0544357299804687 -0.0192031860351563 -0.0287456512451172
-0.0329933166503906 -0.0395355224609375 0.0548858642578125 0.0132942199707031
-0.0409049987792969 0.00370407104492188 0.0782852172851563 -0.047515869140625
-0.0248203277587891 0.0290622711181641 0.03521728515625 -0.0971145629882813
0.00118255615234375 0.0416526794433594 -0.0217971801757813 -0.108390808105469
0.00571823120117188 0.0326385498046875 -0.0637435913085937 -0.0885086059570313
0.00345039367675782 0.0295734405517578 -0.0581245422363281 -0.0624732971191406
0.000246047973632815 0.0327739715576172 -0.0544013977050781 -0.0483207702636719
-0.0189857482910156 0.0219268798828125 -0.0447425842285156 -0.0468254089355469
-0.0281505584716797 -0.00384712219238282 -0.0440864562988281 -0.0490570068359375
-0.0121078491210937 -0.0349712371826172 -0.0408248901367188 -0.0735244750976563
0.0308341979980469 -0.0402336120605469 -0.024688720703125 -0.102455139160156
0.0625801086425781 -0.0140419006347656 -0.04486083984375 -0.135856628417969
0.0698013305664063 0.0222320556640625 -0.05926513671875 -0.1600341796875
0.073516845703125 0.0593185424804688 0.029052734375 -0.14190673828125
0.0484390258789063 -0.0116996765136719 -0.00554084777832031 -0.0307941436767578
0.0211238861083984 -0.0252590179443359 0.0634651184082031 0.0207672119140625
-0.00127410888671875 -0.0189781188964844 0.0928192138671875 -0.0452499389648438
-0.00598430633544922 -0.00780200958251953 0.0509262084960937 -0.101097106933594
-0.00966739654541016 0.00035572052001953 -0.0172271728515625 -0.117897033691406
-0.018035888671875 -0.00288200378417969 -0.0649032592773438 -0.0936660766601563
-0.014434814453125 -0.00518608093261719 -0.0590057373046875 -0.0602073669433594
-0.0198459625244141 -0.00492477416992187 -0.0550270080566406 -0.0468597412109375
-0.0198268890380859 -0.0168952941894531 -0.0472335815429687 -0.0432701110839844
-0.00501251220703125 -0.0353622436523438 -0.0450363159179687 -0.0423202514648438
0.0287857055664063 -0.0435142517089844 -0.0418510437011719 -0.0655136108398438
0.071746826171875 -0.0081024169921875 -0.0297775268554687 -0.0884475708007813
0.0903091430664063 0.0334396362304688 -0.0456771850585937 -0.120147705078125
0.0782546997070313 0.0848617553710938 -0.0513153076171875 -0.139503479003906
0.0720977783203125 0.120445251464844 0.056427001953125 -0.11761474609375
0.0732650756835938 0.0433502197265625 0.0132999420166016 -0.0164680480957031
0.0775985717773438 0.00431060791015625 0.0727157592773437 0.0366058349609375
0.0486602783203125 -0.0331459045410156 0.106552124023438 -0.0319747924804688
0.0220565795898438 -0.0431785583496094 0.068756103515625 -0.0926361083984375
-0.0134353637695313 -0.0431289672851563 -0.0052642822265625 -0.116539001464844
-0.036163330078125 -0.0400619506835938 -0.055816650390625 -0.08880615234375
-0.0304183959960938 -0.0394058227539062 -0.0513458251953125 -0.0488014221191406
-0.0394172668457031 -0.0405769348144531 -0.0488853454589844 -0.0353507995605469
-0.0252418518066406 -0.0524673461914062 -0.0471916198730469 -0.0281562805175781
0.0090484619140625 -0.067291259765625 -0.0456581115722656 -0.0257644653320312
0.0574722290039063 -0.0596275329589844 -0.0464324951171875 -0.0500297546386719
0.106903076171875 0.00756072998046875 -0.037445068359375 -0.0705642700195312
0.115249633789063 0.0647735595703125 -0.0429000854492188 -0.096893310546875
0.0816116333007812 0.130302429199219 -0.0415267944335938 -0.100677490234375
0.05450439453125 0.163772583007813 0.0790481567382813 -0.0690689086914063
0.0809555053710937 0.0974960327148437 0.0315361022949219 0.0130348205566406
0.120742797851563 0.0465850830078125 0.07647705078125 0.0588455200195312
0.0978469848632813 -0.033721923828125 0.113388061523438 -0.00795745849609375
0.054718017578125 -0.0684967041015625 0.0814895629882813 -0.0692367553710938
-0.009307861328125 -0.080841064453125 0.0102386474609375 -0.09954833984375
-0.0473175048828125 -0.0711593627929688 -0.0387115478515625 -0.0718002319335938
-0.0406341552734375 -0.0674781799316406 -0.0370597839355469 -0.0301704406738281
-0.0550804138183594 -0.0692253112792969 -0.0353622436523438 -0.0168304443359375
-0.032562255859375 -0.0801315307617188 -0.039825439453125 -0.0057373046875
0.01593017578125 -0.093841552734375 -0.0414886474609375 -0.00314331054687501
0.0739974975585938 -0.0753936767578125 -0.0485496520996094 -0.0285148620605469
0.129692077636719 0.0133438110351562 -0.0432395935058594 -0.0516853332519531
0.128173828125 0.0822067260742188 -0.032470703125 -0.0724868774414063
0.076995849609375 0.155044555664063 -0.0285758972167969 -0.0521888732910156
0.026611328125 0.179031372070313 0.0920867919921875 -0.00667572021484374
0.0663909912109375 0.134910583496094 0.0445594787597656 0.0526847839355469
0.134857177734375 0.088043212890625 0.0715408325195313 0.0812759399414063
0.130226135253906 -0.019073486328125 0.108222961425781 0.0222244262695313
0.0824127197265625 -0.076751708984375 0.0854721069335938 -0.0354461669921875
0.000144958496093748 -0.103652954101563 0.0246124267578125 -0.0704116821289063
-0.0498580932617188 -0.0916366577148438 -0.0166130065917969 -0.0462760925292969
-0.0450057983398437 -0.0852127075195313 -0.0167055130004883 -0.00707530975341797
-0.0635757446289063 -0.0870513916015625 -0.0153865814208984 0.00577449798583984
-0.037506103515625 -0.0962982177734375 -0.0261650085449219 0.020477294921875
0.0192718505859375 -0.110130310058594 -0.0327892303466797 0.0217685699462891
0.0820999145507813 -0.0835418701171875 -0.04730224609375 -0.00727462768554689
0.137786865234375 0.0184555053710938 -0.0440216064453125 -0.0351600646972656
0.124778747558594 0.091949462890625 -0.0157012939453125 -0.0496063232421875
0.0608673095703125 0.16162109375 -0.0142135620117187 -0.000708580017089835
-0.00422668457031252 0.1607666015625 0.093292236328125 0.0577774047851563
0.0347747802734375 0.143341064453125 0.05035400390625 0.0922012329101563
0.115776062011719 0.113090515136719 0.0597381591796875 0.097198486328125
0.1336669921875 0.0038909912109375 0.091064453125 0.0490264892578125
0.0939712524414063 -0.0664749145507813 0.0768890380859375 -0.00116729736328125
0.0097808837890625 -0.107009887695313 0.0341339111328125 -0.03387451171875
-0.0447006225585937 -0.096099853515625 0.00699710845947265 -0.0154895782470703
-0.042510986328125 -0.0888442993164063 0.00649261474609375 0.0159053802490234
-0.0632705688476562 -0.09222412109375 0.00739479064941406 0.0298366546630859
-0.0361404418945313 -0.100791931152344 -0.0102500915527344 0.0465545654296875
0.0241775512695313 -0.111160278320313 -0.0232772827148438 0.0448265075683594
0.0853500366210937 -0.0774078369140625 -0.0454521179199219 0.0128173828125
0.129295349121094 0.0302963256835937 -0.0430717468261719 -0.0223808288574219
0.102249145507812 0.0979995727539062 0.00298309326171876 -0.0283241271972656
0.033599853515625 0.150909423828125 -0.00183105468749999 0.0490570068359375
-0.0326614379882813 0.113365173339844 0.0878829956054688 0.111564636230469
-0.0014190673828125 0.118019104003906 0.05023193359375 0.123222351074219
0.072509765625 0.110237121582031 0.0449371337890625 0.102928161621094
0.107414245605469 0.0213623046875 0.06829833984375 0.06695556640625
0.0845947265625 -0.0452499389648438 0.0620765686035156 0.0278244018554687
0.0152587890625 -0.090057373046875 0.0391120910644531 0.00148391723632812
-0.0331573486328125 -0.0857620239257813 0.0283603668212891 0.0144462585449219
-0.0335693359375 -0.080596923828125 0.0277481079101562 0.03802490234375
-0.0517959594726563 -0.0858230590820313 0.0294265747070313 0.0528411865234375
-0.0282211303710937 -0.0927810668945313 0.00415039062499999 0.0712966918945313
0.0289459228515625 -0.09906005859375 -0.0172348022460937 0.0658721923828125
0.0822525024414063 -0.0613327026367188 -0.0462799072265625 0.0301094055175781
0.108451843261719 0.0437774658203125 -0.0436553955078125 -0.0118370056152344
0.0663681030273437 0.098297119140625 0.0154571533203125 -0.00815296173095703
-0.0018768310546875 0.123382568359375 0.00223541259765624 0.0929489135742188
-0.0533447265625 0.046600341796875 0.0772857666015625 0.142684936523438
-0.0324172973632813 0.0704269409179687 0.0482635498046875 0.13836669921875
0.0224990844726562 0.081451416015625 0.0345458984375 0.0985946655273437
0.0634574890136719 0.0285110473632813 0.0511550903320313 0.0741958618164063
0.0579261779785156 -0.0198707580566406 0.0479583740234375 0.0441131591796875
0.016632080078125 -0.0598373413085938 0.0417022705078125 0.0277633666992188
-0.0171394348144531 -0.06097412109375 0.044647216796875 0.0373344421386719
-0.0194282531738281 -0.0587806701660156 0.0460319519042969 0.0536918640136719
-0.0319862365722656 -0.0654678344726563 0.04638671875 0.0722732543945313
-0.0154342651367187 -0.07220458984375 0.013641357421875 0.0931396484375
0.0312728881835938 -0.0740203857421875 -0.0170974731445312 0.0837326049804687
0.0700340270996094 -0.0368118286132813 -0.0514068603515625 0.0432662963867188
0.0739898681640625 0.051910400390625 -0.0473747253417969 -0.00611114501953125
0.0221099853515625 0.0854263305664062 0.0194435119628906 0.0110015869140625
-0.0374679565429688 0.0794906616210937 -0.00523376464843751 0.126640319824219
0.060302734375 -0.0117340087890625 -0.00515747070312499 -0.144439697265625
0.00848770141601563 -0.0546379089355469 -0.0218524932861328 -0.0260181427001953
-0.0363273620605469 -0.0368385314941406 0.0563507080078125 0.0102767944335937
-0.0415229797363281 0.00588226318359374 0.0768661499023438 -0.051849365234375
-0.0232753753662109 0.0317401885986328 0.02996826171875 -0.09912109375
0.00487518310546875 0.0417022705078125 -0.02801513671875 -0.107772827148438
0.00916099548339844 0.0322246551513672 -0.069854736328125 -0.0850830078125
0.00629234313964843 0.0291233062744141 -0.0617523193359375 -0.0586471557617187
0.00351142883300781 0.0321235656738281 -0.0572242736816406 -0.0450897216796875
-0.0163192749023438 0.0231246948242187 -0.047637939453125 -0.0445404052734375
-0.0291805267333984 -0.00107955932617188 -0.0476646423339844 -0.0479202270507813
-0.0146312713623047 -0.0339031219482422 -0.0459365844726563 -0.07269287109375
0.0282325744628906 -0.0418128967285156 -0.0316085815429687 -0.102767944335938
0.0619926452636719 -0.0179786682128906 -0.0521697998046875 -0.134689331054688
0.0723800659179688 0.0174942016601563 -0.06903076171875 -0.157943725585938
0.0787734985351563 0.053985595703125 0.0196685791015625 -0.145431518554688
0.0470619201660156 -0.0140457153320313 -0.00888442993164062 -0.0290813446044922
0.0190315246582031 -0.0269908905029297 0.0660972595214844 0.0178337097167969
-0.003143310546875 -0.0196514129638672 0.0908584594726563 -0.0502166748046875
-0.0067596435546875 -0.00712299346923828 0.0457839965820313 -0.104217529296875
-0.00891208648681641 0.00172710418701172 -0.023773193359375 -0.117881774902344
-0.0172491073608398 -0.00138092041015625 -0.07025146484375 -0.0900726318359375
-0.0137214660644531 -0.00517368316650391 -0.0627479553222656 -0.0568618774414063
-0.0191440582275391 -0.00391006469726562 -0.0582656860351563 -0.043914794921875
-0.0200119018554688 -0.0151481628417969 -0.0501518249511719 -0.040374755859375
-0.00671195983886719 -0.0340805053710938 -0.0484657287597656 -0.039825439453125
0.025726318359375 -0.0447769165039063 -0.0473785400390625 -0.0647125244140625
0.07098388671875 -0.0130233764648437 -0.0355682373046875 -0.0888671875
0.0920791625976563 0.0282363891601563 -0.0534286499023438 -0.118270874023438
0.0842437744140625 0.0802993774414063 -0.0599212646484375 -0.137855529785156
0.0809097290039063 0.116744995117188 0.0487518310546875 -0.121871948242188
0.0760498046875 0.0392837524414063 0.0100526809692383 -0.0163373947143555
0.078125 -0.0003204345703125 0.075836181640625 0.0343093872070313
0.0464286804199219 -0.0368537902832031 0.105903625488281 -0.0374374389648438
0.0199661254882813 -0.0451126098632813 0.0641632080078125 -0.097503662109375
-0.0157127380371094 -0.0424118041992188 -0.0119705200195313 -0.116714477539063
-0.0392074584960938 -0.0374107360839844 -0.06182861328125 -0.0847244262695313
-0.0324325561523438 -0.0383949279785156 -0.0539932250976563 -0.0459709167480469
-0.0412445068359375 -0.0387992858886719 -0.0514259338378906 -0.03240966796875
-0.0281639099121094 -0.0504188537597656 -0.0493659973144531 -0.0248260498046875
0.00513458251953125 -0.067291259765625 -0.0485343933105469 -0.0231704711914063
0.0537872314453125 -0.0626602172851563 -0.0508918762207031 -0.048736572265625
0.10809326171875 0.00077056884765625 -0.0424652099609375 -0.0703964233398438
0.118690490722656 0.0578384399414063 -0.0491485595703125 -0.0959701538085938
0.0909271240234375 0.126411437988281 -0.0477752685546875 -0.0995407104492187
0.0652313232421875 0.161666870117188 0.0744400024414063 -0.0746002197265625
0.0859909057617188 0.0940704345703125 0.0302238464355469 0.0119647979736328
0.124382019042969 0.0387115478515625 0.0810317993164063 0.0562667846679688
0.096832275390625 -0.0396347045898437 0.114479064941406 -0.0139389038085938
0.051177978515625 -0.07269287109375 0.0792617797851562 -0.0747222900390625
-0.01434326171875 -0.0800018310546875 0.00496673583984374 -0.101524353027344
-0.0519447326660156 -0.0678176879882813 -0.0434646606445312 -0.0700531005859375
-0.0451011657714844 -0.0655937194824219 -0.0379371643066406 -0.027862548828125
-0.059356689453125 -0.06573486328125 -0.0369224548339844 -0.0136795043945313
-0.03753662109375 -0.0770187377929688 -0.0408477783203125 -0.00259399414062501
0.00985717773437499 -0.0946578979492188 -0.0424652099609375 -0.00038146972656251
0.0699081420898438 -0.0801162719726563 -0.0521659851074219 -0.0273017883300781
0.131889343261719 0.00502777099609375 -0.0470085144042969 -0.0515060424804687
0.133674621582031 0.0742340087890625 -0.03717041015625 -0.072784423828125
0.0880584716796875 0.152374267578125 -0.0314254760742188 -0.0514945983886719
0.0378875732421875 0.17913818359375 0.0904083251953125 -0.01226806640625
0.0736160278320312 0.132843017578125 0.0456275939941406 0.0501823425292969
0.141876220703125 0.08074951171875 0.0773468017578125 0.0798873901367188
0.130172729492187 -0.0264816284179687 0.111175537109375 0.0167388916015625
0.079345703125 -0.0826034545898438 0.0851287841796875 -0.0410537719726563
-0.006561279296875 -0.10382080078125 0.0204925537109375 -0.071990966796875
-0.056610107421875 -0.08807373046875 -0.0194969177246094 -0.0441780090332031
-0.05078125 -0.0829925537109375 -0.0166378021240234 -0.00562763214111329
-0.0702667236328125 -0.0830917358398437 -0.0156736373901367 0.00807666778564453
-0.0444259643554687 -0.093780517578125 -0.0255947113037109 0.0232582092285156
0.0118484497070313 -0.111091613769531 -0.0328216552734375 0.023681640625
0.07684326171875 -0.08880615234375 -0.0492057800292969 -0.00499725341796877
0.1402587890625 0.0103683471679688 -0.0476570129394531 -0.0342254638671875
0.130516052246094 0.0838394165039062 -0.0191764831542969 -0.0503654479980469
0.0714263916015625 0.15960693359375 -0.0139007568359375 -0.00100708007812499
0.00552368164062501 0.163040161132813 0.0964126586914063 0.0531387329101563
0.0437469482421875 0.1424560546875 0.0539093017578125 0.090118408203125
0.124176025390625 0.107170104980469 0.0658950805664063 0.0970840454101563
0.134452819824219 -0.00458526611328125 0.0947952270507813 0.044525146484375
0.0909500122070313 -0.073333740234375 0.078338623046875 -0.00508880615234375
0.00275421142578124 -0.107521057128906 0.031951904296875 -0.0362472534179688
-0.05145263671875 -0.0936126708984375 0.00645065307617187 -0.014857292175293
-0.0487899780273438 -0.0871353149414063 0.00783920288085937 0.0170068740844727
-0.069549560546875 -0.0877532958984375 0.009002685546875 0.0312137603759766
-0.043426513671875 -0.0983657836914062 -0.00811767578125001 0.0486335754394531
0.0162124633789062 -0.113517761230469 -0.0222854614257812 0.0463905334472656
0.0805816650390625 -0.0835037231445313 -0.0464248657226563 0.014923095703125
0.132835388183594 0.0217971801757813 -0.0453758239746094 -0.0215568542480469
0.108963012695312 0.0915908813476563 0.000736236572265629 -0.029754638671875
0.043609619140625 0.149932861328125 0.00143814086914062 0.0484962463378906
-0.025360107421875 0.116325378417969 0.093841552734375 0.106903076171875
0.00534057617187501 0.119956970214844 0.0562820434570313 0.121070861816406
0.0810699462890625 0.106826782226563 0.0510482788085938 0.102325439453125
0.10943603515625 0.0150375366210938 0.0737152099609375 0.0640029907226563
0.0823974609375 -0.0515518188476562 0.0647354125976563 0.0240249633789062
0.0097198486328125 -0.091094970703125 0.03948974609375 -0.000602722167968756
-0.03997802734375 -0.0828781127929688 0.0291728973388672 0.0127983093261719
-0.0396270751953125 -0.0787277221679687 0.0315589904785156 0.0368881225585937
-0.057861328125 -0.0820846557617187 0.0321464538574219 0.0525970458984375
-0.0348892211914063 -0.0904922485351563 0.0078582763671875 0.0726089477539063
0.0224838256835938 -0.101585388183594 -0.0137481689453125 0.0676231384277344
0.0788345336914063 -0.0671310424804688 -0.0456504821777344 0.0320816040039063
0.112464904785156 0.0362930297851563 -0.0455245971679688 -0.0110092163085937
0.07269287109375 0.094390869140625 0.0152149200439453 -0.0107231140136719
0.00616455078125001 0.125564575195313 0.00824737548828124 0.0927963256835938
-0.0510597229003906 0.0503082275390625 0.085693359375 0.138511657714844
-0.0283126831054687 0.0732650756835938 0.0546722412109375 0.136589050292969
0.0285797119140625 0.0809707641601563 0.0408477783203125 0.098358154296875
0.0657119750976562 0.0248298645019531 0.0561447143554688 0.0724868774414063
0.0571136474609375 -0.0246238708496094 0.0514678955078125 0.04180908203125
0.0125656127929688 -0.0601692199707031 0.04315185546875 0.0259017944335937
-0.0221786499023438 -0.0598907470703125 0.0469627380371094 0.0349082946777344
-0.0236053466796875 -0.0577239990234375 0.0499229431152344 0.0520858764648437
-0.0372848510742188 -0.0638885498046875 0.0514373779296875 0.071014404296875
-0.0203323364257813 -0.0709304809570312 0.0198287963867188 0.09381103515625
0.02587890625 -0.0766754150390625 -0.0128860473632813 0.0857315063476563
0.0677070617675781 -0.04150390625 -0.0498390197753906 0.0457267761230469
0.078765869140625 0.0479354858398438 -0.0483436584472656 -0.00491714477539062
0.027557373046875 0.0850906372070313 0.020111083984375 0.00760459899902344
-0.0326461791992188 0.0829010009765625 0.00291442871093751 0.126426696777344
0.0588035583496094 -0.0147132873535156 -0.0116119384765625 -0.141983032226563
0.00605392456054688 -0.0538787841796875 -0.023162841796875 -0.0226268768310547
-0.0383682250976563 -0.0342254638671875 0.0568885803222656 0.00904464721679688
-0.0412330627441406 0.00860595703125 0.0743179321289063 -0.0535430908203125
-0.0212898254394531 0.0322971343994141 0.0262680053710937 -0.0979385375976563
0.00740432739257813 0.04071044921875 -0.030517578125 -0.10589599609375
0.0110111236572266 0.0310478210449219 -0.0722274780273437 -0.0813674926757813
0.00779914855957032 0.0270919799804688 -0.0636367797851563 -0.0567283630371094
0.00619888305664063 0.0309600830078125 -0.0583457946777344 -0.0423202514648438
-0.013427734375 0.0235843658447266 -0.0493583679199219 -0.0426750183105469
-0.0276241302490234 0.000650405883789064 -0.0496139526367188 -0.0458755493164063
-0.0162563323974609 -0.0328140258789063 -0.0494155883789062 -0.0711746215820313
0.0252037048339844 -0.042694091796875 -0.0349655151367187 -0.100791931152344
0.0595245361328125 -0.0197486877441406 -0.0558013916015625 -0.131309509277344
0.0726165771484375 0.013519287109375 -0.0743255615234375 -0.153564453125
0.0809097290039063 0.04913330078125 0.012847900390625 -0.144134521484375
0.0458145141601562 -0.014739990234375 -0.0109977722167969 -0.0268096923828125
0.0177326202392578 -0.0266590118408203 0.0667037963867188 0.0162200927734375
-0.00375175476074219 -0.0184803009033203 0.089080810546875 -0.0522689819335938
-0.00738525390625 -0.0070033073425293 0.0414199829101563 -0.104400634765625
-0.00834369659423828 0.002197265625 -0.0276947021484375 -0.115547180175781
-0.0167703628540039 -0.000227928161621093 -0.0738677978515625 -0.0851898193359375
-0.014073371887207 -0.00465774536132813 -0.0637893676757813 -0.0545539855957031
-0.0183887481689453 -0.00362205505371094 -0.0597381591796875 -0.0409049987792969
-0.0196685791015625 -0.0139122009277344 -0.0514144897460938 -0.0381965637207031
-0.00772476196289063 -0.0327434539794922 -0.0498123168945313 -0.0382652282714844
0.0231781005859375 -0.0457344055175781 -0.0502128601074219 -0.0632743835449219
0.0688362121582031 -0.0158805847167969 -0.0393753051757813 -0.0874099731445312
0.091156005859375 0.0243988037109375 -0.056427001953125 -0.115264892578125
0.0871734619140625 0.0759429931640625 -0.0640029907226563 -0.134101867675781
0.0852432250976563 0.111717224121094 0.0420379638671875 -0.122825622558594
0.0767364501953125 0.0367050170898438 0.00805854797363282 -0.015167236328125
0.077239990234375 -0.003387451171875 0.0775146484375 0.0318603515625
0.0442848205566406 -0.0377349853515625 0.104270935058594 -0.0408477783203125
0.0173797607421875 -0.0453720092773438 0.059844970703125 -0.0984039306640625
-0.0170516967773437 -0.0401344299316406 -0.0163955688476562 -0.114707946777344
-0.0397911071777344 -0.0346755981445312 -0.0643463134765625 -0.0811767578125
-0.0332870483398438 -0.0370826721191406 -0.054656982421875 -0.0438117980957031
-0.041778564453125 -0.0362014770507813 -0.05181884765625 -0.0291404724121094
-0.0288963317871094 -0.0474929809570312 -0.0499114990234375 -0.0223121643066406
0.00281143188476563 -0.0657844543457031 -0.0490379333496094 -0.0213508605957031
0.0506629943847656 -0.0645637512207031 -0.0537261962890625 -0.0473785400390625
0.10662841796875 -0.00366973876953125 -0.0456199645996094 -0.0699729919433594
0.118942260742188 0.0520401000976563 -0.0525665283203125 -0.0943145751953125
0.0955123901367187 0.121269226074219 -0.05096435546875 -0.0972747802734375
0.071563720703125 0.157455444335938 0.0694122314453125 -0.0770187377929687
0.0881576538085938 0.0903244018554688 0.0281600952148438 0.0114917755126953
0.12548828125 0.0336151123046875 0.0831985473632813 0.0545120239257813
0.0929641723632813 -0.0430984497070313 0.113845825195313 -0.017059326171875
0.0484542846679688 -0.07470703125 0.0757064819335938 -0.077056884765625
-0.0175704956054688 -0.0778884887695313 0.000137329101562491 -0.09991455078125
-0.0549507141113281 -0.0641593933105469 -0.0453071594238281 -0.0664215087890625
-0.0476570129394531 -0.0636177062988281 -0.0379676818847656 -0.0255088806152344
-0.0613861083984375 -0.0616531372070313 -0.0370292663574219 -0.0116081237792969
-0.040191650390625 -0.0739212036132813 -0.0408210754394531 0.000125885009765616
0.00579833984374999 -0.0932235717773438 -0.0434226989746094 0.00128173828125
0.06536865234375 -0.0821533203125 -0.053741455078125 -0.0263595581054688
0.130538940429688 -0.00074005126953125 -0.0495338439941406 -0.0507965087890625
0.133872985839844 0.0672378540039063 -0.0406494140625 -0.0712127685546875
0.0935211181640625 0.147964477539063 -0.0333061218261719 -0.0507431030273438
0.0449371337890625 0.175552368164063 0.08740234375 -0.0165863037109375
0.0769882202148438 0.128982543945313 0.0450096130371094 0.0484275817871094
0.144454956054688 0.0740966796875 0.07977294921875 0.0782318115234375
0.127128601074219 -0.031402587890625 0.111434936523438 0.0132904052734375
0.0748138427734375 -0.0854644775390625 0.0821762084960937 -0.0445632934570313
-0.0110244750976562 -0.101547241210938 0.0167694091796875 -0.0716171264648438
-0.0599517822265625 -0.0840530395507813 -0.0210380554199219 -0.042877197265625
-0.0540313720703125 -0.0803298950195313 -0.0154571533203125 -0.00406169891357422
-0.072601318359375 -0.077789306640625 -0.0147066116333008 0.0100107192993164
-0.0474624633789063 -0.0890045166015625 -0.0254230499267578 0.024810791015625
0.00690460205078125 -0.109580993652344 -0.0319557189941406 0.0248050689697266
0.0722808837890625 -0.0907211303710938 -0.050262451171875 -0.00421524047851564
0.139137268066406 0.00389862060546875 -0.0492820739746094 -0.0338478088378906
0.131599426269531 0.0774993896484375 -0.0208511352539062 -0.0501441955566406
0.0781707763671875 0.155548095703125 -0.013707160949707 -0.000857353210449208
0.01220703125 0.16107177734375 0.095733642578125 0.0475692749023438
0.0471725463867187 0.140098571777344 0.055084228515625 0.087005615234375
0.128204345703125 0.100563049316406 0.0689620971679688 0.095062255859375
0.132881164550781 -0.010284423828125 0.0971603393554688 0.0412368774414062
0.08740234375 -0.0770187377929688 0.0779342651367188 -0.00859832763671876
-0.00234985351562501 -0.105125427246094 0.0296516418457031 -0.0359268188476563
-0.055755615234375 -0.0892715454101563 0.00464153289794922 -0.0149726867675781
-0.05267333984375 -0.0839691162109375 0.00960731506347656 0.0168514251708984
-0.0729827880859375 -0.0829849243164063 0.00997543334960937 0.0306453704833984
-0.048004150390625 -0.0928955078125 -0.00628662109375 0.0488052368164063
0.0106124877929687 -0.111831665039063 -0.0204620361328125 0.046661376953125
0.0756912231445312 -0.0857391357421875 -0.0462760925292969 0.01544189453125
0.132614135742188 0.0155410766601563 -0.0468063354492187 -0.0209083557128906
0.110649108886719 0.0860595703125 -0.00184249877929687 -0.0316829681396484
0.0491485595703125 0.14794921875 0.00288009643554687 0.0473213195800781
-0.0203170776367188 0.116287231445313 0.095733642578125 0.101463317871094
0.009918212890625 0.118881225585938 0.0582122802734375 0.117294311523438
0.0856704711914063 0.102256774902344 0.054718017578125 0.100784301757813
0.109298706054688 0.00998687744140625 0.076202392578125 0.0613479614257812
0.0795669555664063 -0.0550460815429688 0.06561279296875 0.0215339660644531
0.00491333007812501 -0.089752197265625 0.0381889343261719 -0.00170135498046876
-0.0439376831054687 -0.0797653198242188 0.0294208526611328 0.0118808746337891
-0.0428009033203125 -0.0758285522460938 0.0334320068359375 0.0360183715820312
-0.0619049072265625 -0.0776596069335938 0.0335884094238281 0.0511970520019531
-0.0388412475585938 -0.0869216918945312 0.01019287109375 0.0716629028320313
0.0163803100585938 -0.100852966308594 -0.0118675231933594 0.06719970703125
0.0744781494140625 -0.06964111328125 -0.0447883605957031 0.0327339172363281
0.113410949707031 0.0312652587890625 -0.0456771850585937 -0.0105323791503906
0.0754241943359375 0.0900497436523438 0.0135974884033203 -0.0121288299560547
0.0115509033203125 0.124198913574219 0.0117721557617188 0.0907211303710938
-0.0482368469238281 0.0519447326660156 0.0884475708007813 0.133644104003906
-0.0253982543945313 0.0733718872070313 0.0584640502929687 0.132423400878906
0.0323638916015625 0.0787734985351563 0.0437240600585937 0.0966720581054688
0.0665359497070313 0.0211639404296875 0.0588760375976563 0.069580078125
0.0558090209960938 -0.02679443359375 0.0532150268554687 0.0394744873046875
0.0089874267578125 -0.0598907470703125 0.0438728332519531 0.0239448547363281
-0.0254478454589844 -0.057220458984375 0.0480079650878906 0.0327987670898437
-0.0267524719238281 -0.0568275451660156 0.0521774291992188 0.0500259399414062
-0.0399551391601563 -0.0608711242675781 0.05340576171875 0.0693435668945313
-0.0236396789550781 -0.0682029724121094 0.0226593017578125 0.091888427734375
0.0214462280273438 -0.0765151977539062 -0.00964355468749999 0.0846405029296875
0.0652885437011719 -0.0443305969238281 -0.0485382080078125 0.0470161437988281
0.0804901123046875 0.043853759765625 -0.0485382080078125 -0.00406646728515624
0.0311050415039062 0.0831832885742188 0.0199966430664063 0.00545692443847657
-0.028411865234375 0.083953857421875 0.008209228515625 0.124137878417969
0.0587425231933594 -0.0167770385742188 -0.0150985717773437 -0.140251159667969
0.00456619262695313 -0.0532341003417969 -0.0234642028808594 -0.0206317901611328
-0.0386505126953125 -0.0329475402832031 0.0572738647460938 0.0081939697265625
-0.0411224365234375 0.00961685180664063 0.0737762451171875 -0.0534820556640625
-0.0205612182617188 0.0328712463378906 0.0257186889648438 -0.0974807739257813
0.00922393798828125 0.0399894714355469 -0.0315475463867188 -0.105216979980469
0.0126724243164063 0.0302944183349609 -0.0720138549804688 -0.0796051025390625
0.008758544921875 0.0267086029052734 -0.0644912719726562 -0.05572509765625
0.00633049011230469 0.0288047790527344 -0.0587120056152344 -0.0411415100097656
-0.0120468139648437 0.0234432220458984 -0.05010986328125 -0.0416641235351562
-0.0269203186035156 0.0018463134765625 -0.05078125 -0.0456390380859375
-0.016998291015625 -0.0321559906005859 -0.050445556640625 -0.0704193115234375
0.0240821838378906 -0.0423164367675781 -0.03582763671875 -0.0995941162109375
0.0588798522949219 -0.0205078125 -0.0560760498046875 -0.128929138183594
0.071929931640625 0.011566162109375 -0.076202392578125 -0.151016235351562
0.0809097290039063 0.0470504760742188 0.00971984863281252 -0.142837524414063
0.0445632934570312 -0.0149803161621094 -0.01226806640625 -0.0243511199951172
0.0166893005371094 -0.02630615234375 0.0670738220214844 0.0155868530273438
-0.00483512878417969 -0.0177268981933594 0.0884170532226563 -0.05267333984375
-0.00707101821899414 -0.00634193420410156 0.0401535034179688 -0.103912353515625
-0.00711536407470703 0.00257158279418945 -0.028533935546875 -0.114410400390625
-0.0155620574951172 0.00015449523925781 -0.0742568969726563 -0.0833358764648438
-0.0141477584838867 -0.00531578063964844 -0.0637741088867188 -0.0531539916992188
-0.0177040100097656 -0.00406455993652343 -0.0591659545898438 -0.0395584106445312
-0.0181083679199219 -0.0134449005126953 -0.0524215698242188 -0.0366020202636719
-0.00779914855957031 -0.0314655303955078 -0.050750732421875 -0.0382881164550781
0.0223464965820313 -0.0454177856445312 -0.0518989562988281 -0.0624465942382813
0.0675621032714844 -0.0167007446289063 -0.0401992797851562 -0.0869979858398438
0.0898513793945313 0.02264404296875 -0.0573043823242187 -0.114356994628906
0.0875015258789063 0.0730743408203125 -0.0656890869140625 -0.132453918457031
0.086639404296875 0.108612060546875 0.0387802124023437 -0.122894287109375
0.0751724243164063 0.0357131958007813 0.00611209869384766 -0.0138731002807617
0.0765457153320312 -0.00457763671875 0.0780105590820313 0.0315399169921875
0.042572021484375 -0.0377731323242188 0.10382080078125 -0.04095458984375
0.0167655944824219 -0.0457000732421875 0.0584640502929688 -0.0983810424804688
-0.0171089172363281 -0.0389900207519531 -0.0176849365234375 -0.113212585449219
-0.0394248962402344 -0.0325546264648438 -0.0648117065429688 -0.078948974609375
-0.0335578918457031 -0.0364494323730469 -0.0543365478515625 -0.0423812866210938
-0.0420455932617187 -0.0349769592285156 -0.0521659851074219 -0.02777099609375
-0.0288009643554687 -0.04608154296875 -0.0501861572265625 -0.0210113525390625
0.00170898437500001 -0.0645828247070313 -0.049560546875 -0.0208473205566406
0.0488739013671875 -0.0642013549804688 -0.0552597045898438 -0.0470428466796875
0.105178833007813 -0.00553131103515625 -0.0470809936523437 -0.069580078125
0.117431640625 0.0496597290039063 -0.0537490844726562 -0.0928802490234375
0.0968704223632813 0.118911743164062 -0.0518646240234375 -0.09674072265625
0.073577880859375 0.154449462890625 0.0660934448242188 -0.078399658203125
0.0881805419921875 0.0890655517578125 0.0261459350585938 0.0117607116699219
0.125129699707031 0.0314178466796875 0.0847320556640625 0.0541915893554688
0.0918121337890625 -0.043731689453125 0.113677978515625 -0.017974853515625
0.0464401245117188 -0.0753631591796875 0.0745315551757813 -0.0778121948242188
-0.0186767578125 -0.07550048828125 -0.00143432617187499 -0.0981292724609375
-0.0552597045898438 -0.0616531372070313 -0.0460700988769531 -0.0642623901367188
-0.0483016967773438 -0.0621795654296875 -0.0367965698242188 -0.0248451232910156
-0.0613479614257812 -0.0595588684082031 -0.0367927551269531 -0.00980377197265625
-0.040435791015625 -0.0711441040039063 -0.0406951904296875 0.00150680541992187
0.00396728515624999 -0.0917739868164063 -0.0438385009765625 0.00165557861328125
0.0639572143554688 -0.0823898315429688 -0.055328369140625 -0.0259780883789063
0.12957763671875 -0.00296783447265625 -0.0506515502929687 -0.0507545471191406
0.132820129394531 0.0643081665039063 -0.04144287109375 -0.0710372924804688
0.0957794189453125 0.145477294921875 -0.0341415405273438 -0.0508308410644531
0.04766845703125 0.173477172851563 0.085205078125 -0.01763916015625
0.0779495239257813 0.128211975097656 0.04327392578125 0.0481834411621094
0.145065307617188 0.071044921875 0.0818862915039063 0.077880859375
0.125617980957031 -0.0329132080078125 0.111946105957031 0.0125808715820313
0.0738601684570313 -0.0865936279296875 0.0818557739257812 -0.0452117919921875
-0.0130081176757812 -0.099151611328125 0.0146942138671875 -0.070404052734375
-0.0615997314453125 -0.0804977416992188 -0.0211868286132813 -0.0413856506347656
-0.05517578125 -0.0787124633789063 -0.0146722793579102 -0.00380039215087891
-0.073822021484375 -0.0750198364257813 -0.0150566101074219 0.010746955871582
-0.0487289428710938 -0.08624267578125 -0.0248451232910156 0.0262470245361328
0.00479888916015625 -0.107841491699219 -0.0324783325195313 0.0250358581542969
0.07037353515625 -0.091094970703125 -0.0518379211425781 -0.00439453125
0.138053894042969 0.0009307861328125 -0.050384521484375 -0.0342063903808594
0.130126953125 0.0746307373046875 -0.0223121643066406 -0.050537109375
0.0809173583984375 0.154006958007813 -0.013789176940918 -0.00148487091064452
0.0153961181640625 0.159927368164062 0.0946502685546875 0.0456695556640625
0.0480270385742188 0.138763427734375 0.0535430908203125 0.085968017578125
0.129981994628906 0.097320556640625 0.0709686279296875 0.09478759765625
0.13140869140625 -0.0121307373046875 0.0975341796875 0.0403213500976562
0.085693359375 -0.0786361694335938 0.0772933959960938 -0.00958251953125001
-0.00432586669921874 -0.10333251953125 0.0280342102050781 -0.0355186462402344
-0.0576171875 -0.0857162475585938 0.00501632690429687 -0.0141582489013672
-0.05413818359375 -0.082427978515625 0.0105419158935547 0.0162115097045898
-0.0739288330078125 -0.0802993774414063 0.00987434387207031 0.0317459106445312
-0.0491485595703125 -0.0898208618164062 -0.00606536865234376 0.0498199462890625
0.0075531005859375 -0.110382080078125 -0.0199012756347656 0.0467796325683594
0.0729141235351563 -0.0865859985351562 -0.0475921630859375 0.0153617858886719
0.131683349609375 0.0125503540039063 -0.0475502014160156 -0.0208816528320313
0.110023498535156 0.0826339721679687 -0.00260734558105468 -0.0323314666748047
0.0520172119140625 0.146484375 0.0036163330078125 0.0457916259765625
-0.01788330078125 0.116531372070312 0.09539794921875 0.0989608764648438
0.0111083984375 0.117713928222656 0.057952880859375 0.115509033203125
0.0875244140625 0.100433349609375 0.0558242797851562 0.100090026855469
0.10791015625 0.00780487060546875 0.0766143798828125 0.0602035522460938
0.07794189453125 -0.0567855834960937 0.06573486328125 0.0202980041503906
0.00289154052734376 -0.0883255004882813 0.0372161865234375 -0.00182342529296876
-0.0459976196289063 -0.0766067504882813 0.0290870666503906 0.0119075775146484
-0.0446624755859375 -0.0742263793945313 0.0341033935546875 0.0352554321289062
-0.0632858276367187 -0.0750503540039063 0.0345840454101562 0.0511512756347656
-0.0404281616210938 -0.0839614868164063 0.011444091796875 0.0722579956054688
0.0138092041015625 -0.100051879882813 -0.0110626220703125 0.0669364929199219
0.0720977783203125 -0.0704498291015625 -0.045013427734375 0.0327339172363281
0.113029479980469 0.02813720703125 -0.0468101501464844 -0.0109100341796875
0.0756988525390625 0.0878143310546875 0.0126771926879883 -0.0138711929321289
0.014251708984375 0.122871398925781 0.0130157470703125 0.0891799926757813
-0.0468025207519531 0.0523681640625 0.0891494750976563 0.131263732910156
-0.0237503051757813 0.0743865966796875 0.0585098266601562 0.130416870117188
0.0348129272460938 0.078155517578125 0.0448074340820313 0.0958709716796875
0.0654029846191406 0.0195198059082031 0.05963134765625 0.0685882568359375
0.0548858642578125 -0.0284080505371094 0.0539627075195313 0.0389251708984375
0.00753402709960937 -0.0593109130859375 0.0436897277832031 0.0228347778320312
-0.0271644592285156 -0.0557212829589844 0.0482826232910156 0.0320243835449219
-0.0284347534179687 -0.0551681518554688 0.0529441833496094 0.0489616394042969
-0.04180908203125 -0.05859375 0.0537605285644531 0.06842041015625
-0.0251541137695312 -0.0661468505859375 0.0232086181640625 0.0915298461914063
0.0189361572265625 -0.0765380859375 -0.00944519042968749 0.0843353271484375
0.063201904296875 -0.045257568359375 -0.0479164123535156 0.0469932556152344
0.080902099609375 0.0415573120117188 -0.0492134094238281 -0.00398635864257812
0.0315322875976562 0.0814971923828125 0.0194416046142578 0.00343704223632813
-0.0263824462890625 0.0835800170898438 0.00985717773437501 0.122108459472656
0.0582160949707031 -0.0180244445800781 -0.0159912109375 -0.141021728515625
0.00455474853515625 -0.0533180236816406 -0.02362060546875 -0.0190238952636719
-0.0400505065917969 -0.0324134826660156 0.0587654113769531 0.009063720703125
-0.0414047241210937 0.01007080078125 0.07562255859375 -0.0539321899414063
-0.020538330078125 0.0342807769775391 0.0271377563476563 -0.0984344482421875
0.0103645324707031 0.0398178100585938 -0.0309982299804687 -0.107124328613281
0.0142021179199219 0.029876708984375 -0.0737228393554688 -0.08074951171875
0.00935554504394531 0.0263175964355469 -0.0656776428222656 -0.0569076538085937
0.00732994079589843 0.0281543731689453 -0.05950927734375 -0.042266845703125
-0.0111827850341797 0.0233001708984375 -0.0510520935058594 -0.0421829223632813
-0.0258312225341797 0.00218772888183594 -0.0512847900390625 -0.0473365783691406
-0.0179347991943359 -0.0321826934814453 -0.051849365234375 -0.0720062255859375
0.0231208801269531 -0.0429725646972656 -0.035308837890625 -0.100746154785156
0.0590362548828125 -0.0207290649414063 -0.0560150146484375 -0.13055419921875
0.072967529296875 0.0108566284179687 -0.076690673828125 -0.15289306640625
0.08154296875 0.0463638305664063 0.00727844238281251 -0.14459228515625
0.0448799133300781 -0.0150413513183594 -0.0130996704101562 -0.0230655670166016
0.0163097381591797 -0.0264320373535156 0.0689582824707031 0.0167579650878906
-0.00533199310302734 -0.0175561904907227 0.090179443359375 -0.0528182983398437
-0.00709438323974609 -0.00626993179321289 0.041412353515625 -0.104507446289062
-0.00647783279418945 0.00265407562255859 -0.0284271240234375 -0.115524291992188
-0.0146217346191406 -1.71661376953149E-05 -0.074951171875 -0.0844879150390625
-0.0136928558349609 -0.00514698028564453 -0.0648841857910156 -0.05419921875
-0.0177822113037109 -0.00464057922363281 -0.0606727600097656 -0.0399665832519531
-0.0172967910766602 -0.0127191543579102 -0.0537261962890625 -0.0372200012207031
-0.00711631774902344 -0.0307998657226562 -0.0521774291992187 -0.0394096374511719
0.0225372314453125 -0.04559326171875 -0.0529098510742188 -0.064788818359375
0.0681533813476563 -0.0165367126464844 -0.0401611328125 -0.088104248046875
0.0901260375976563 0.02227783203125 -0.0572586059570312 -0.11553955078125
0.0888595581054688 0.0733413696289063 -0.0666656494140625 -0.134346008300781
0.088104248046875 0.109024047851563 0.0372238159179688 -0.123847961425781
0.0757293701171875 0.0365142822265625 0.00407695770263672 -0.0125589370727539
0.077850341796875 -0.00476837158203125 0.0805206298828125 0.032623291015625
0.043121337890625 -0.0375175476074219 0.105911254882812 -0.04144287109375
0.0168685913085938 -0.0462684631347656 0.0597686767578125 -0.099609375
-0.0169601440429687 -0.0390396118164063 -0.01763916015625 -0.114456176757813
-0.0393600463867188 -0.032501220703125 -0.06573486328125 -0.0797042846679688
-0.0340347290039063 -0.0367622375488281 -0.0546722412109375 -0.0436286926269531
-0.0418663024902344 -0.0357322692871094 -0.0531120300292969 -0.0279121398925781
-0.0278663635253906 -0.0457344055175781 -0.0509223937988281 -0.0210189819335938
0.00227737426757813 -0.06439208984375 -0.0513343811035156 -0.021697998046875
0.049652099609375 -0.0651397705078125 -0.056976318359375 -0.048919677734375
0.10614013671875 -0.00579071044921875 -0.04833984375 -0.0712127685546875
0.117637634277344 0.0500640869140625 -0.05401611328125 -0.0944671630859375
0.0980682373046875 0.119834899902344 -0.0531158447265625 -0.0990371704101562
0.07586669921875 0.15618896484375 0.0647201538085937 -0.0791778564453125
0.0886077880859375 0.0908584594726563 0.0245761871337891 0.0136547088623047
0.127273559570313 0.031890869140625 0.0869216918945313 0.0557708740234375
0.0922698974609375 -0.0447158813476563 0.115608215332031 -0.0179595947265625
0.0470428466796875 -0.0770950317382812 0.0760955810546875 -0.0790176391601563
-0.0179901123046875 -0.0756912231445313 -0.00157165527343749 -0.09912109375
-0.0556755065917969 -0.0615386962890625 -0.04644775390625 -0.0647163391113281
-0.0493278503417969 -0.063140869140625 -0.0368118286132813 -0.0256576538085938
-0.062744140625 -0.0596427917480469 -0.0368080139160156 -0.00975418090820313
-0.040283203125 -0.0707168579101562 -0.041290283203125 0.00188446044921874
0.004180908203125 -0.0921173095703125 -0.0443840026855469 0.00150299072265624
0.064178466796875 -0.0837936401367188 -0.0578422546386719 -0.0272598266601563
0.130691528320313 -0.003265380859375 -0.0521125793457031 -0.0521087646484375
0.133186340332031 0.0648880004882813 -0.0420074462890625 -0.0726699829101563
0.0971527099609375 0.146942138671875 -0.0349540710449219 -0.052703857421875
0.0490264892578125 0.175567626953125 0.0841827392578125 -0.0186538696289062
0.0785369873046875 0.130226135253906 0.0407447814941406 0.0497970581054688
0.1478271484375 0.0716552734375 0.0839385986328125 0.0800704956054688
0.126594543457031 -0.0337371826171875 0.113395690917969 0.0126190185546875
0.0740966796875 -0.0887222290039063 0.0827255249023438 -0.0463180541992188
-0.0129928588867187 -0.0992431640625 0.0149917602539062 -0.07086181640625
-0.0622329711914062 -0.0801544189453125 -0.0213165283203125 -0.0410728454589844
-0.0568161010742188 -0.0790252685546875 -0.0134677886962891 -0.00450325012207032
-0.0746688842773438 -0.07415771484375 -0.0142555236816406 0.0121555328369141
-0.0491790771484375 -0.0856552124023437 -0.0254268646240234 0.0267734527587891
0.00421905517578126 -0.109123229980469 -0.0338687896728516 0.02496337890625
0.0706939697265625 -0.0926895141601563 -0.0541000366210937 -0.00470352172851563
0.139389038085938 0.00057220458984375 -0.0521583557128906 -0.0351715087890625
0.131233215332031 0.0748748779296875 -0.0236930847167969 -0.0520591735839844
0.0816192626953125 0.156265258789063 -0.0145702362060547 -0.00250053405761718
0.0154571533203125 0.162353515625 0.0939102172851563 0.0461273193359375
0.0492401123046875 0.141708374023438 0.0523834228515625 0.08782958984375
0.1322021484375 0.0984039306640625 0.0721282958984375 0.0967864990234375
0.13226318359375 -0.01239013671875 0.099212646484375 0.0413055419921875
0.0866317749023438 -0.0808868408203125 0.0785293579101562 -0.00952911376953125
-0.00504302978515625 -0.104331970214844 0.0284080505371094 -0.0349998474121094
-0.058441162109375 -0.0842971801757812 0.00574016571044922 -0.0138568878173828
-0.0556869506835937 -0.0826263427734375 0.0119838714599609 0.0173110961914062
-0.0752105712890625 -0.0796661376953125 0.0106201171875 0.0334453582763672
-0.0493087768554688 -0.0895614624023438 -0.00564956665039063 0.052276611328125
0.00659942626953126 -0.111618041992188 -0.0215187072753906 0.047119140625
0.0733642578125 -0.0878677368164063 -0.0493736267089844 0.015289306640625
0.133262634277344 0.0119857788085938 -0.0499000549316406 -0.0221939086914063
0.111404418945312 0.0831680297851562 -0.00386047363281249 -0.0334663391113281
0.0529632568359375 0.1484375 0.00325393676757813 0.0464820861816406
-0.0181350708007813 0.118057250976562 0.0955657958984375 0.100334167480469
0.011138916015625 0.120246887207031 0.056427001953125 0.116752624511719
0.089813232421875 0.101478576660156 0.0572967529296875 0.101966857910156
0.109031677246094 0.00728607177734375 0.0777664184570312 0.0613327026367187
0.0789718627929688 -0.0583953857421875 0.0665321350097656 0.0207748413085937
0.00285339355468751 -0.0887680053710938 0.0378150939941406 -0.00130844116210938
-0.0470962524414063 -0.0758056640625 0.0299167633056641 0.0122890472412109
-0.04620361328125 -0.0750198364257812 0.0361480712890625 0.0364990234375
-0.0645599365234375 -0.0745773315429687 0.0349845886230469 0.052978515625
-0.0415420532226562 -0.0834884643554688 0.01177978515625 0.0740127563476563
0.0126113891601562 -0.100341796875 -0.0123329162597656 0.0673713684082031
0.0721817016601563 -0.07159423828125 -0.0464363098144531 0.0324478149414062
0.114952087402344 0.028350830078125 -0.0491065979003906 -0.0112762451171875
0.0762405395507813 0.0888214111328125 0.012181282043457 -0.015716552734375
0.015045166015625 0.125282287597656 0.0133743286132813 0.0892562866210938
-0.0472068786621094 0.0536537170410156 0.0893325805664063 0.1331787109375
-0.0230865478515625 0.075286865234375 0.0582199096679688 0.13128662109375
0.0368270874023437 0.0779495239257813 0.0448226928710938 0.0983505249023438
0.0665245056152344 0.0190582275390625 0.0607376098632813 0.0695571899414063
0.0553398132324219 -0.0299034118652344 0.0551109313964844 0.0392570495605469
0.00623703002929688 -0.059173583984375 0.0438232421875 0.0237808227539062
-0.0287857055664063 -0.0549507141113281 0.0492630004882813 0.0320816040039063
-0.0298004150390625 -0.0552101135253906 0.0544395446777344 0.0494422912597656
-0.0430488586425781 -0.0586166381835938 0.0547370910644531 0.0700492858886719
-0.0270462036132813 -0.0658607482910156 0.0238723754882813 0.0931625366210937
0.0177459716796875 -0.0775909423828125 -0.01007080078125 0.084716796875
0.0631828308105469 -0.04583740234375 -0.0500450134277344 0.0468597412109375
0.082305908203125 0.0410385131835938 -0.0512847900390625 -0.00467681884765624
0.031707763671875 0.0825119018554688 0.0191993713378906 0.00197601318359376
-0.0260238647460938 0.0840911865234375 0.0101699829101563 0.122695922851563
0.0596961975097656 -0.0199356079101563 -0.018890380859375 -0.145065307617188
0.00323104858398438 -0.0550537109375 -0.0248317718505859 -0.0175094604492188
-0.0414657592773438 -0.0314788818359375 0.0611610412597656 0.00904083251953125
-0.0430908203125 0.0115242004394531 0.0788955688476563 -0.0563812255859375
-0.0209999084472656 0.0357131958007813 0.028106689453125 -0.101264953613281
0.0115318298339844 0.0404014587402344 -0.0318984985351563 -0.110725402832031
0.0163116455078125 0.0295429229736328 -0.0771026611328125 -0.0829238891601563
0.0101394653320313 0.0260448455810547 -0.06903076171875 -0.0585289001464844
0.00806045532226562 0.0282421112060547 -0.0623550415039063 -0.0437088012695313
-0.00972938537597656 0.0229454040527344 -0.0535545349121094 -0.0439567565917969
-0.0258312225341797 0.00354957580566406 -0.0548591613769531 -0.0487174987792969
-0.0192718505859375 -0.0325889587402344 -0.055450439453125 -0.0744476318359375
0.0228652954101563 -0.044403076171875 -0.0359878540039062 -0.10455322265625
0.0602531433105469 -0.0216217041015625 -0.058441162109375 -0.134658813476563
0.0752944946289063 0.009246826171875 -0.080230712890625 -0.157546997070313
0.08447265625 0.046142578125 0.0043182373046875 -0.149093627929688
0.0458793640136719 -0.0159950256347656 -0.0148773193359375 -0.021087646484375
0.0165519714355469 -0.0268039703369141 0.0725173950195313 0.0167617797851563
-0.00585842132568359 -0.0168085098266602 0.093353271484375 -0.0556411743164063
-0.0072331428527832 -0.00576972961425781 0.0422515869140625 -0.108375549316406
-0.00589752197265625 0.00261163711547852 -0.0300140380859375 -0.119659423828125
-0.014094352722168 -3.81469726562527E-05 -0.0788116455078125 -0.0861434936523438
-0.0139007568359375 -0.00650405883789063 -0.0678672790527344 -0.0565452575683594
-0.0178775787353516 -0.00519943237304688 -0.0632781982421875 -0.0412216186523438
-0.0169734954833984 -0.0133962631225586 -0.0558395385742187 -0.0379295349121094
-0.00694847106933594 -0.0308723449707031 -0.0548744201660156 -0.0405807495117187
0.022552490234375 -0.0469131469726562 -0.0568008422851563 -0.0672340393066406
0.0692672729492188 -0.0179100036621094 -0.0422821044921875 -0.0914459228515625
0.09259033203125 0.0224838256835938 -0.0596847534179687 -0.11981201171875
0.0923614501953125 0.075042724609375 -0.070526123046875 -0.139144897460938
0.0926284790039063 0.1112060546875 0.0351181030273438 -0.128242492675781
0.078216552734375 0.03802490234375 0.00307178497314454 -0.0109004974365234
0.080780029296875 -0.0053558349609375 0.0850753784179688 0.0338287353515625
0.0437240600585938 -0.0392494201660156 0.110397338867188 -0.04351806640625
0.0165748596191406 -0.0479278564453125 0.0614013671875 -0.103477478027344
-0.0172386169433594 -0.0392227172851563 -0.0189437866210937 -0.118072509765625
-0.0403785705566406 -0.0326423645019531 -0.068206787109375 -0.0815811157226562
-0.0354995727539063 -0.0381965637207031 -0.0568008422851563 -0.0445060729980469
-0.0438308715820312 -0.0357818603515625 -0.054718017578125 -0.0279579162597656
-0.0281562805175781 -0.0468215942382813 -0.0532951354980469 -0.0208396911621094
0.00201034545898437 -0.0660209655761719 -0.0541839599609375 -0.0220870971679688
0.0510940551757813 -0.0673866271972656 -0.0612258911132812 -0.0509605407714844
0.109397888183594 -0.00659942626953125 -0.0503158569335937 -0.0738677978515625
0.120780944824219 0.051116943359375 -0.0564727783203125 -0.0978775024414063
0.103256225585938 0.123710632324219 -0.0558319091796875 -0.101875305175781
0.0803985595703125 0.16058349609375 0.0640792846679688 -0.082916259765625
0.0918960571289063 0.0939788818359375 0.023406982421875 0.0151939392089844
0.131942749023438 0.0315093994140625 0.092193603515625 0.0575332641601562
0.0947418212890625 -0.0467605590820313 0.120689392089844 -0.01904296875
0.047454833984375 -0.0803985595703125 0.078369140625 -0.0828704833984375
-0.0193099975585937 -0.0772857666015625 -0.00260162353515626 -0.101829528808594
-0.0578880310058594 -0.0612144470214844 -0.04876708984375 -0.0655517578125
-0.0512771606445313 -0.0648612976074219 -0.0376548767089844 -0.0265693664550781
-0.0646514892578125 -0.0607070922851562 -0.0388679504394531 -0.00853729248046876
-0.041595458984375 -0.071868896484375 -0.0427665710449219 0.00278091430664061
0.003173828125 -0.094146728515625 -0.0469741821289063 0.00205612182617188
0.0653839111328125 -0.0871200561523438 -0.0615005493164062 -0.0282554626464844
0.135498046875 -0.0047760009765625 -0.0550346374511719 -0.0543785095214844
0.137954711914063 0.0659103393554688 -0.0448684692382812 -0.0758132934570313
0.1025390625 0.151626586914063 -0.0373954772949219 -0.0547218322753906
0.05322265625 0.181900024414063 0.085662841796875 -0.0201797485351562
0.0814666748046875 0.134811401367188 0.0403785705566406 0.0520057678222656
0.154983520507813 0.0727386474609375 0.0894546508789063 0.083038330078125
0.13043212890625 -0.0363616943359375 0.118247985839844 0.0132217407226562
0.0754241943359375 -0.0936431884765625 0.0857696533203125 -0.0489120483398438
-0.0144195556640625 -0.102165222167969 0.0145645141601563 -0.0725936889648437
-0.064727783203125 -0.0802993774414063 -0.0223884582519531 -0.0417633056640625
-0.0600433349609375 -0.0809326171875 -0.0133657455444336 -0.00352096557617188
-0.0777435302734375 -0.0756683349609375 -0.0146827697753906 0.0136642456054687
-0.0509490966796875 -0.0865554809570312 -0.0259685516357422 0.0292091369628906
0.0018310546875 -0.112060546875 -0.0349006652832031 0.0268440246582031
0.071746826171875 -0.0964126586914063 -0.0569953918457031 -0.00528335571289063
0.144454956054687 -0.000579833984375 -0.0550613403320312 -0.0368881225585938
0.136611938476563 0.0760726928710938 -0.0255317687988281 -0.0550041198730469
0.0872802734375 0.1611328125 -0.0151748657226562 -0.00282287597656249
0.018341064453125 0.167572021484375 0.09588623046875 0.0466537475585938
0.0513763427734375 0.146438598632813 0.05230712890625 0.0904693603515625
0.138710021972656 0.100326538085937 0.0770111083984375 0.100288391113281
0.136711120605469 -0.014129638671875 0.10272216796875 0.0426254272460937
0.0879898071289063 -0.0852279663085938 0.0814590454101563 -0.0108184814453125
-0.00577545166015625 -0.106430053710938 0.028594970703125 -0.0359840393066406
-0.06201171875 -0.0853652954101563 0.0055856704711914 -0.0137243270874023
-0.05877685546875 -0.0847244262695312 0.0126981735229492 0.0174188613891602
-0.0794296264648438 -0.0804443359375 0.01202392578125 0.0354270935058594
-0.0521774291992188 -0.091094970703125 -0.00556564331054688 0.0539588928222656
0.00443267822265624 -0.114997863769531 -0.0218353271484375 0.0493583679199219
0.0751876831054688 -0.0922012329101563 -0.0519256591796875 0.0157737731933594
0.138191223144531 0.0111846923828125 -0.0528106689453125 -0.0224723815917969
0.11529541015625 0.0855789184570313 -0.00422668457031249 -0.0361251831054688
0.057525634765625 0.152969360351563 0.00374603271484375 0.0469093322753906
-0.017425537109375 0.1229248046875 0.0977630615234375 0.102935791015625
0.0123519897460938 0.124794006347656 0.057342529296875 0.120346069335938
0.0947799682617188 0.103195190429688 0.05963134765625 0.105552673339844
0.112197875976563 0.00646209716796875 0.0810012817382813 0.0627670288085938
0.0801925659179688 -0.062225341796875 0.0696258544921875 0.020904541015625
0.00180053710937499 -0.0909194946289063 0.0384101867675781 -0.000919342041015631
-0.0503692626953125 -0.076751708984375 0.0308589935302734 0.0130119323730469
-0.0495452880859375 -0.0764541625976563 0.0384521484375 0.036285400390625
-0.068084716796875 -0.0754852294921875 0.0371246337890625 0.0553016662597656
-0.0440750122070313 -0.0842819213867188 0.0123138427734375 0.0771560668945313
0.0103073120117188 -0.103950500488281 -0.0127334594726563 0.0697669982910156
0.0740737915039062 -0.074859619140625 -0.0489730834960937 0.0341148376464844
0.119667053222656 0.0276260375976563 -0.051666259765625 -0.0110664367675781
0.07952880859375 0.0907974243164063 0.0113401412963867 -0.0171108245849609
0.0172195434570312 0.1292724609375 0.0142288208007813 0.0913772583007813
-0.0480728149414063 0.0562057495117187 0.0924072265625 0.136123657226563
-0.0236358642578125 0.0793838500976563 0.0593948364257813 0.135330200195313
0.0396881103515625 0.0808944702148437 0.0464096069335938 0.100257873535156
0.0688705444335938 0.0176544189453125 0.0634078979492188 0.0721588134765625
0.0562477111816406 -0.032470703125 0.0576515197753906 0.0404396057128906
0.00586318969726563 -0.0607414245605469 0.0450096130371094 0.0244483947753906
-0.03033447265625 -0.0547637939453125 0.0507583618164063 0.0323371887207031
-0.0320358276367187 -0.0566978454589844 0.0573768615722656 0.050323486328125
-0.046295166015625 -0.0595321655273438 0.0577621459960938 0.0728912353515625
-0.0282135009765625 -0.0672187805175781 0.025665283203125 0.0971603393554688
0.0168533325195312 -0.080291748046875 -0.0103836059570313 0.087432861328125
0.0655288696289063 -0.0486526489257813 -0.051605224609375 0.0482444763183594
0.085906982421875 0.0414810180664063 -0.0543327331542969 -0.0045318603515625
0.0337448120117187 0.085174560546875 0.0185489654541016 0.000326156616210943
-0.0262527465820313 0.0878829956054688 0.0118484497070312 0.12591552734375
0.0606613159179688 -0.0240287780761719 -0.025604248046875 -0.149490356445313
0.000984191894531247 -0.0567245483398438 -0.026519775390625 -0.0154552459716797
-0.04388427734375 -0.0311088562011719 0.0644187927246094 0.00733566284179687
-0.0444717407226563 0.0147781372070313 0.0807266235351562 -0.06109619140625
-0.0198020935058594 0.0386161804199219 0.0263900756835937 -0.106048583984375
0.0146026611328125 0.0411643981933594 -0.0363540649414063 -0.11444091796875
0.0189685821533203 0.0289039611816406 -0.08294677734375 -0.0836105346679687
0.0119590759277344 0.0265522003173828 -0.0745697021484375 -0.0595703125
0.00943183898925781 0.0281333923339844 -0.0668869018554688 -0.0438232421875
-0.00745010375976563 0.0241985321044922 -0.0577926635742188 -0.0443344116210938
-0.0258235931396484 0.00433540344238281 -0.0600738525390625 -0.0493659973144531
-0.0214042663574219 -0.0331020355224609 -0.0598526000976563 -0.0757217407226562
0.0218009948730469 -0.0459976196289063 -0.0398178100585938 -0.108139038085938
0.0611190795898437 -0.0250358581542969 -0.0639419555664063 -0.138359069824219
0.078399658203125 0.00687408447265625 -0.087982177734375 -0.161529541015625
0.089447021484375 0.0443191528320312 -0.00151062011718749 -0.154159545898438
0.046630859375 -0.0172767639160156 -0.0165882110595703 -0.0197257995605469
0.0166530609130859 -0.0275096893310547 0.0771331787109375 0.015716552734375
-0.00696182250976562 -0.0168704986572266 0.0961532592773437 -0.0605392456054687
-0.00752973556518555 -0.00523471832275391 0.0411224365234375 -0.114433288574219
-0.00462865829467773 0.00345516204833984 -0.0344161987304688 -0.123649597167969
-0.0133800506591797 0.000319480895996096 -0.08428955078125 -0.0872116088867187
-0.0137014389038086 -0.00610542297363281 -0.0728607177734375 -0.0562820434570313
-0.0182971954345703 -0.00518989562988281 -0.068084716796875 -0.0405006408691406
-0.0162820816040039 -0.0136642456054688 -0.0603256225585937 -0.0379219055175781
-0.00768089294433594 -0.0317974090576172 -0.0595130920410156 -0.0405540466308594
0.0218734741210938 -0.0491485595703125 -0.0626068115234375 -0.0687408447265625
0.0713272094726563 -0.0203628540039062 -0.046051025390625 -0.0948867797851563
0.0963897705078125 0.0204925537109375 -0.0655364990234375 -0.123207092285156
0.098602294921875 0.0745773315429688 -0.0782318115234375 -0.142623901367188
0.100471496582031 0.111709594726562 0.030792236328125 -0.134292602539063
0.0821914672851563 0.0375900268554688 0.00165462493896485 -0.00951004028320312
0.0838775634765625 -0.00836181640625 0.0903472900390625 0.0326385498046875
0.0439605712890625 -0.0412788391113281 0.113685607910156 -0.0489501953125
0.0149421691894531 -0.0504875183105469 0.0605239868164062 -0.109458923339844
-0.0186119079589844 -0.0395469665527344 -0.02362060546875 -0.1221923828125
-0.0421867370605469 -0.031768798828125 -0.0737457275390625 -0.0816726684570313
-0.0377769470214844 -0.0389671325683594 -0.0605087280273438 -0.0450820922851563
-0.04608154296875 -0.0361785888671875 -0.0587272644042969 -0.027496337890625
-0.0299835205078125 -0.0475311279296875 -0.0560111999511719 -0.0196075439453125
0.000675201416015627 -0.0677070617675781 -0.0578651428222656 -0.0217361450195312
0.05035400390625 -0.0716094970703125 -0.0669593811035156 -0.0513343811035156
0.113090515136719 -0.0101089477539062 -0.0542144775390625 -0.0761947631835938
0.126899719238281 0.0490341186523438 -0.0622329711914062 -0.101051330566406
0.111465454101563 0.124839782714844 -0.0623092651367188 -0.104972839355469
0.0899505615234375 0.16455078125 0.0617904663085938 -0.0873031616210937
0.098876953125 0.0959548950195313 0.0229282379150391 0.0166759490966797
0.140037536621094 0.028076171875 0.098663330078125 0.0570297241210938
0.0974960327148437 -0.0514755249023437 0.12518310546875 -0.023773193359375
0.045989990234375 -0.0856857299804688 0.0789337158203125 -0.0882034301757813
-0.0226211547851562 -0.0789718627929688 -0.00514221191406249 -0.105216979980469
-0.0613250732421875 -0.0603485107421875 -0.0526885986328125 -0.0661392211914063
-0.0563087463378906 -0.0652008056640625 -0.0396957397460938 -0.0263404846191406
-0.06951904296875 -0.0604209899902344 -0.0400848388671875 -0.00750732421875001
-0.0451507568359375 -0.0727310180664063 -0.0447578430175781 0.0051422119140625
-0.000411987304687506 -0.0972671508789063 -0.04949951171875 0.00376129150390624
0.0649566650390625 -0.0922775268554688 -0.0667762756347656 -0.0283622741699219
0.14080810546875 -0.0091400146484375 -0.0594863891601563 -0.055450439453125
0.14447021484375 0.0645599365234375 -0.0495223999023438 -0.077911376953125
0.11224365234375 0.154937744140625 -0.0413055419921875 -0.0552635192871094
0.061981201171875 0.186538696289063 0.0861358642578125 -0.0233154296875
0.0890655517578125 0.138862609863281 0.0424957275390625 0.0540504455566406
0.164520263671875 0.0693359375 0.0966796875 0.0824356079101563
0.134529113769531 -0.0416641235351563 0.123703002929688 0.0099945068359375
0.0743408203125 -0.100189208984375 0.0879592895507813 -0.0535049438476563
-0.0189208984375 -0.104560852050781 0.0135498046875 -0.0752410888671875
-0.0699844360351562 -0.0798263549804688 -0.0247459411621094 -0.042327880859375
-0.0656356811523438 -0.0814971923828125 -0.0134143829345703 -0.00462341308593751
-0.0843276977539063 -0.074462890625 -0.0150146484375 0.0151243209838867
-0.0552825927734375 -0.0875320434570313 -0.0257740020751953 0.0319576263427734
-0.00221252441406249 -0.115753173828125 -0.0364456176757813 0.0284042358398438
0.0712432861328125 -0.102973937988281 -0.06256103515625 -0.00429916381835938
0.15081787109375 -0.0054931640625 -0.0592994689941406 -0.0363273620605469
0.144088745117188 0.07501220703125 -0.0287361145019531 -0.056793212890625
0.0966644287109375 0.1656494140625 -0.0161771774291992 -0.00288963317871092
0.025177001953125 0.174560546875 0.0995941162109375 0.0453567504882813
0.0581817626953125 0.15191650390625 0.0548248291015625 0.093109130859375
0.14874267578125 0.099029541015625 0.0838394165039063 0.101043701171875
0.141036987304688 -0.019805908203125 0.108810424804688 0.0412139892578125
0.0879592895507813 -0.0920867919921875 0.0841598510742188 -0.0144500732421875
-0.00942230224609376 -0.109451293945313 0.0282554626464844 -0.0374526977539063
-0.066497802734375 -0.084686279296875 0.0057077407836914 -0.0142250061035156
-0.0648574829101563 -0.0858993530273437 0.0155715942382812 0.0178070068359375
-0.08575439453125 -0.0791473388671875 0.0138130187988281 0.0377578735351562
-0.0563812255859375 -0.0914382934570313 -0.00375747680664063 0.0571022033691406
-9.15527343749996E-05 -0.118644714355469 -0.0220069885253906 0.0519943237304687
0.0745697021484375 -0.0981979370117187 -0.0548820495605469 0.0180587768554688
0.145538330078125 0.006683349609375 -0.0566368103027344 -0.0225906372070313
0.122550964355469 0.0856170654296875 -0.00663375854492186 -0.0381202697753906
0.065277099609375 0.158309936523438 0.0052337646484375 0.0482406616210938
-0.0131912231445312 0.128501892089844 0.102973937988281 0.103157043457031
0.0169830322265625 0.130599975585938 0.0615081787109375 0.123771667480469
0.104339599609375 0.103599548339844 0.0657806396484375 0.108016967773437
0.116729736328125 0.002349853515625 0.0864334106445313 0.0634841918945313
0.0810165405273438 -0.0682220458984375 0.0738372802734375 0.0194854736328125
-0.0016937255859375 -0.0941390991210938 0.0402069091796875 -0.00172424316406251
-0.0547256469726563 -0.075592041015625 0.0331172943115234 0.0125770568847656
-0.0548858642578125 -0.0765838623046875 0.0420684814453125 0.0359687805175781
-0.0738143920898438 -0.0748825073242188 0.0411796569824219 0.057159423828125
-0.0490341186523438 -0.0849685668945313 0.0156784057617187 0.0804672241210938
0.00568389892578124 -0.108154296875 -0.0117950439453125 0.0721054077148438
0.07366943359375 -0.0812759399414063 -0.0513496398925781 0.0364112854003906
0.125694274902344 0.0245361328125 -0.0551414489746094 -0.0105705261230469
0.0851516723632813 0.0920639038085938 0.0103187561035156 -0.0193901062011719
0.0233612060546875 0.134017944335938 0.01824951171875 0.09442138671875
-0.0472755432128906 0.0604743957519531 0.0992889404296875 0.138702392578125
-0.0212249755859375 0.082855224609375 0.0642242431640625 0.138435363769531
0.0452117919921875 0.0814056396484375 0.0512542724609375 0.1031494140625
0.0720596313476563 0.0161590576171875 0.0678558349609375 0.0735702514648438
0.0571708679199219 -0.0368995666503906 0.0617256164550781 0.0395393371582031
0.00362777709960937 -0.063232421875 0.0477867126464844 0.0247116088867187
-0.0340080261230469 -0.0543098449707031 0.0549278259277344 0.0325813293457031
-0.03662109375 -0.0569686889648437 0.0629119873046875 0.0500602722167969
-0.0507965087890625 -0.0592765808105469 0.0632476806640625 0.0741653442382813
-0.03271484375 -0.0676155090332031 0.0300521850585938 0.100830078125
0.0125350952148437 -0.0839462280273438 -0.00838470458984374 0.0914535522460938
0.0656967163085938 -0.0534515380859375 -0.0523834228515625 0.0522117614746094
0.0918197631835938 0.0400009155273438 -0.0579910278320313 -0.00397491455078126
0.0382919311523438 0.0872726440429688 0.0188808441162109 -0.00150489807128906
-0.023773193359375 0.0922088623046875 0.0170516967773437 0.129570007324219
0.0603752136230469 -0.02783203125 -0.0357208251953125 -0.150527954101563
-0.00171279907226562 -0.058319091796875 -0.0272731781005859 -0.0124263763427734
-0.0465240478515625 -0.0288200378417969 0.0669784545898438 0.00473403930664062
-0.0438919067382813 0.0182151794433594 0.080352783203125 -0.066497802734375
-0.0174903869628906 0.0417938232421875 0.0222930908203125 -0.11041259765625
0.0182838439941406 0.0403404235839844 -0.043304443359375 -0.116630554199219
0.0220603942871094 0.0269947052001953 -0.0904617309570312 -0.0811614990234375
0.0140819549560547 0.0256767272949219 -0.0804290771484375 -0.056610107421875
0.0117321014404297 0.0271530151367187 -0.0728302001953125 -0.0415802001953125
-0.0055999755859375 0.0236587524414062 -0.0619735717773438 -0.0426712036132813
-0.0249500274658203 0.00649833679199219 -0.0653648376464844 -0.0474166870117187
-0.0242023468017578 -0.0315666198730469 -0.0669021606445313 -0.0748138427734375
0.0194892883300781 -0.0483360290527344 -0.0460205078125 -0.109474182128906
0.0613174438476563 -0.0287094116210938 -0.0720367431640625 -0.138961791992188
0.0811080932617187 0.0021514892578125 -0.0997467041015625 -0.160476684570313
0.0936508178710938 0.039794921875 -0.011627197265625 -0.156463623046875
0.0463600158691406 -0.0192451477050781 -0.0185050964355469 -0.0174751281738281
0.0158176422119141 -0.0290317535400391 0.08099365234375 0.01171875
-0.00742340087890625 -0.0157766342163086 0.095947265625 -0.0667953491210938
-0.00836467742919922 -0.00390625 0.03619384765625 -0.119155883789063
-0.00354266166687012 0.00391983985900879 -0.0414276123046875 -0.125137329101563
-0.0127630233764648 0.000206947326660154 -0.0918807983398437 -0.0837860107421875
-0.0147027969360352 -0.00636482238769531 -0.078369140625 -0.0538482666015625
-0.0185642242431641 -0.00476837158203125 -0.0722122192382813 -0.037567138671875
-0.0163669586181641 -0.0134563446044922 -0.0639381408691406 -0.0357093811035156
-0.00819969177246094 -0.0315761566162109 -0.0641059875488281 -0.0381584167480469
0.0190811157226563 -0.0507698059082031 -0.0688285827636719 -0.0673065185546875
0.0714111328125 -0.0242538452148438 -0.0519027709960938 -0.0951919555664062
0.09844970703125 0.0160598754882813 -0.074005126953125 -0.123382568359375
0.105239868164063 0.070709228515625 -0.0885772705078125 -0.141921997070313
0.109420776367188 0.108795166015625 0.0218963623046875 -0.137855529785156
0.0866165161132813 0.034759521484375 6.72340393066454E-05 -0.0079345703125
0.0863037109375 -0.0130233764648438 0.0959091186523438 0.0281600952148438
0.04278564453125 -0.0440559387207031 0.11480712890625 -0.0552749633789063
0.0124168395996094 -0.0515251159667969 0.0568161010742188 -0.115440368652344
-0.0204391479492188 -0.0389785766601563 -0.030487060546875 -0.1234130859375
-0.0435981750488281 -0.0304946899414063 -0.0802001953125 -0.0795364379882813
-0.0408554077148437 -0.037811279296875 -0.065032958984375 -0.0432205200195312
-0.0492897033691406 -0.0342788696289063 -0.0625343322753906 -0.0242919921875
-0.0323867797851563 -0.0467681884765625 -0.0593719482421875 -0.0168724060058594
-0.00230789184570312 -0.0686492919921875 -0.061859130859375 -0.0187911987304688
0.0475234985351562 -0.0762405395507813 -0.0735397338867188 -0.049560546875
0.115150451660156 -0.015777587890625 -0.0600662231445312 -0.076019287109375
0.131965637207031 0.0439529418945313 -0.06976318359375 -0.101158142089844
0.121620178222656 0.122650146484375 -0.0699691772460938 -0.104118347167969
0.101104736328125 0.162826538085938 0.0566329956054688 -0.0925521850585937
0.106666564941406 0.0937957763671875 0.0232486724853516 0.0179176330566406
0.146026611328125 0.020477294921875 0.106163024902344 0.0520706176757813
0.0964431762695312 -0.0572738647460937 0.127998352050781 -0.0304183959960938
0.04180908203125 -0.0904159545898438 0.0765457153320313 -0.0945281982421875
-0.026763916015625 -0.0788116455078125 -0.0113983154296875 -0.107032775878906
-0.0659332275390625 -0.058013916015625 -0.0585556030273438 -0.0646400451660156
-0.06121826171875 -0.0636787414550781 -0.0422515869140625 -0.0252304077148437
-0.0749130249023437 -0.0565414428710938 -0.0418167114257813 -0.00460815429687501
-0.0494918823242187 -0.0714111328125 -0.0455894470214844 0.00859451293945311
-0.00562286376953125 -0.0990447998046875 -0.0520553588867188 0.00645828247070312
0.061737060546875 -0.0990219116210938 -0.0723342895507813 -0.0251235961914063
0.144088745117188 -0.017181396484375 -0.0641365051269531 -0.0542488098144531
0.151504516601563 0.058624267578125 -0.055419921875 -0.0779876708984375
0.124969482421875 0.153457641601563 -0.0452613830566406 -0.0549507141113281
0.07452392578125 0.188232421875 0.0846328735351563 -0.0286712646484375
0.0991287231445313 0.138801574707031 0.044219970703125 0.0547027587890625
0.1739501953125 0.061614990234375 0.105133056640625 0.0790176391601563
0.135208129882812 -0.0501174926757812 0.128143310546875 0.0033416748046875
0.0700225830078125 -0.107490539550781 0.0873870849609375 -0.0594558715820313
-0.0239410400390625 -0.105262756347656 0.009552001953125 -0.0771484375
-0.0750045776367188 -0.076690673828125 -0.0281410217285156 -0.0419082641601563
-0.0718154907226562 -0.0802230834960938 -0.0133504867553711 -0.00427818298339844
-0.0911178588867187 -0.0712509155273438 -0.0136928558349609 0.0172243118286133
-0.0614547729492188 -0.0852508544921875 -0.0249824523925781 0.0351753234863281
-0.00910186767578126 -0.116928100585938 -0.0367431640625 0.0308876037597656
0.0670089721679688 -0.1102294921875 -0.0658454895019531 -0.000820159912109391
0.154891967773438 -0.0145721435546875 -0.0632858276367187 -0.0345611572265625
0.150848388671875 0.0698394775390625 -0.03338623046875 -0.0574760437011719
0.109771728515625 0.165328979492188 -0.017277717590332 -0.00220203399658202
0.0361480712890625 0.177093505859375 0.102325439453125 0.04071044921875
0.0681610107421875 0.153564453125 0.059600830078125 0.0930252075195313
0.159957885742188 0.0923919677734375 0.092010498046875 0.0987548828125
0.143630981445313 -0.0284271240234375 0.113525390625 0.0363388061523438
0.0840682983398438 -0.10028076171875 0.0865631103515625 -0.0188369750976563
-0.0160598754882812 -0.110801696777344 0.0272369384765625 -0.0388565063476563
-0.0723648071289063 -0.0819168090820313 0.00461101531982422 -0.0147552490234375
-0.0716094970703125 -0.083740234375 0.0174150466918945 0.0165729522705078
-0.0930862426757812 -0.0758285522460938 0.01690673828125 0.0378952026367187
-0.0633697509765625 -0.089752197265625 -0.000404357910156251 0.0601654052734375
-0.00782775878906249 -0.120384216308594 -0.0209083557128906 0.0540351867675781
0.070404052734375 -0.10601806640625 -0.0573158264160156 0.0209922790527344
0.149337768554688 -0.0018463134765625 -0.0599479675292969 -0.0190391540527344
0.129707336425781 0.08123779296875 -0.00978469848632811 -0.0396270751953125
0.0769195556640625 0.159286499023438 0.00799179077148438 0.0491409301757813
-0.00560760498046876 0.132667541503906 0.109954833984375 0.0998001098632813
0.0253753662109375 0.133293151855469 0.0674285888671875 0.12335205078125
0.113639831542969 0.0997467041015625 0.0727462768554688 0.106666564941406
0.119644165039063 -0.00470733642578125 0.0927505493164063 0.060699462890625
0.0785446166992188 -0.0756683349609375 0.0773544311523438 0.0156784057617187
-0.0075531005859375 -0.0958023071289063 0.0402946472167969 -0.00279617309570313
-0.05963134765625 -0.0730514526367188 0.0350265502929687 0.0112247467041016
-0.061370849609375 -0.0751724243164062 0.0460968017578125 0.0345497131347656
-0.0807876586914063 -0.0710830688476562 0.0466957092285156 0.0565414428710937
-0.0555419921875 -0.0837478637695313 0.020843505859375 0.0828628540039062
-0.00144195556640626 -0.109962463378906 -0.00888824462890625 0.0749893188476563
0.0699844360351562 -0.0880966186523438 -0.0516929626464844 0.0397682189941406
0.131019592285156 0.0173873901367187 -0.0578231811523437 -0.00759506225585938
0.092498779296875 0.0902328491210938 0.00909233093261719 -0.0216255187988281
0.0318984985351563 0.137062072753906 0.023773193359375 0.0953292846679688
-0.04510498046875 0.0653533935546875 0.108299255371094 0.136680603027344
-0.0167160034179687 0.08636474609375 0.0713729858398438 0.138587951660156
0.0522918701171875 0.0806961059570313 0.0570526123046875 0.102882385253906
0.0734405517578125 0.0118484497070312 0.07391357421875 0.0717391967773437
0.0554389953613281 -0.0411949157714844 0.0661354064941406 0.037567138671875
3.96096697771451E-18 -0.0646896362304688 0.0504531860351563 0.0233078002929687
-0.0380516052246094 -0.0529708862304687 0.0576591491699219 0.0302963256835937
-0.0415725708007813 -0.0552177429199219 0.0678482055664062 0.0471572875976562
-0.0566978454589844 -0.05682373046875 0.070220947265625 0.0724563598632813
-0.0372047424316406 -0.0666122436523437 0.0367202758789062 0.102409362792969
0.00644683837890626 -0.0864334106445313 -0.00431060791015625 0.0940475463867188
0.06298828125 -0.0591163635253906 -0.0525321960449219 0.0564689636230469
0.0967483520507813 0.0354232788085938 -0.0601310729980469 -0.000488281249999989
0.0445709228515625 0.08819580078125 0.0186576843261719 -0.00419807434082031
-0.01837158203125 0.0961532592773438 0.024688720703125 0.131080627441406
0.0586128234863281 -0.0316009521484375 -0.0443267822265625 -0.1458740234375
-0.0049896240234375 -0.0565261840820313 -0.0272312164306641 -0.00899505615234376
-0.0473899841308594 -0.0251083374023438 0.0679435729980469 0.00146484375
-0.0424346923828125 0.0214462280273438 0.0773239135742188 -0.070465087890625
-0.013824462890625 0.0435981750488281 0.0167999267578125 -0.110557556152344
0.0219345092773438 0.0386466979980469 -0.0487518310546875 -0.11492919921875
0.0241680145263672 0.0239925384521484 -0.09417724609375 -0.0756378173828125
0.0156803131103516 0.0234947204589844 -0.0839767456054688 -0.0514373779296875
0.0135135650634766 0.0253772735595703 -0.0756607055664063 -0.0360565185546875
-0.00366973876953125 0.0235309600830078 -0.0648689270019531 -0.0389747619628906
-0.0231094360351562 0.00791740417480469 -0.0678291320800781 -0.0440444946289063
-0.0260581970214844 -0.0289974212646484 -0.0712509155273437 -0.0710830688476563
0.01605224609375 -0.0483856201171875 -0.0510025024414062 -0.107254028320313
0.0590400695800781 -0.0316696166992188 -0.0787734985351562 -0.134429931640625
0.0803146362304688 -0.002899169921875 -0.1080322265625 -0.1536865234375
0.095733642578125 0.0336532592773438 -0.02154541015625 -0.153610229492188
0.0455398559570313 -0.020904541015625 -0.0190162658691406 -0.0137214660644531
0.0145301818847656 -0.0292530059814453 0.0814895629882813 0.0071258544921875
-0.00781345367431641 -0.0147209167480469 0.0927963256835937 -0.071502685546875
-0.0081334114074707 -0.00237512588500977 0.0306243896484375 -0.119964599609375
-0.00210857391357422 0.00371646881103516 -0.04803466796875 -0.12255859375
-0.0118179321289063 1.0490417480467E-05 -0.0961227416992188 -0.07855224609375
-0.0144367218017578 -0.00592708587646484 -0.0820159912109375 -0.049102783203125
-0.0183849334716797 -0.00380325317382813 -0.07550048828125 -0.0328521728515625
-0.0159673690795898 -0.0130062103271484 -0.066497802734375 -0.0314979553222656
-0.00858688354492187 -0.0306339263916016 -0.0669288635253906 -0.0341835021972656
0.0161399841308594 -0.0510902404785156 -0.0739974975585938 -0.063323974609375
0.0694465637207031 -0.0268630981445313 -0.0564804077148437 -0.0925064086914063
0.0982437133789063 0.0106582641601563 -0.0803146362304688 -0.118789672851563
0.108993530273438 0.064239501953125 -0.095611572265625 -0.135848999023438
0.114425659179688 0.100776672363281 0.0118942260742187 -0.137298583984375
0.0875701904296875 0.0311355590820313 -0.00130081176757812 -0.00582027435302734
0.0850448608398438 -0.0182342529296875 0.0975875854492187 0.02252197265625
0.0398483276367188 -0.0456962585449219 0.111122131347656 -0.0605010986328125
0.00946426391601563 -0.0515785217285156 0.0504608154296875 -0.117599487304688
-0.021087646484375 -0.0372734069824219 -0.03662109375 -0.120918273925781
-0.0447235107421875 -0.0280189514160156 -0.0848388671875 -0.07391357421875
-0.0429840087890625 -0.0357742309570313 -0.0673408508300781 -0.0395965576171875
-0.0508346557617187 -0.0308189392089844 -0.063995361328125 -0.019927978515625
-0.033782958984375 -0.0449867248535156 -0.0603981018066406 -0.0128173828125
-0.00536346435546874 -0.0677909851074219 -0.0632286071777344 -0.01507568359375
0.0428619384765625 -0.077850341796875 -0.07745361328125 -0.0450592041015625
0.113815307617188 -0.0225143432617188 -0.0641098022460937 -0.073028564453125
0.132698059082031 0.0369873046875 -0.0747756958007813 -0.0970611572265625
0.128692626953125 0.115493774414062 -0.0759658813476563 -0.099212646484375
0.110244750976563 0.15582275390625 0.0489044189453125 -0.0941696166992187
0.111328125 0.0885009765625 0.0225582122802734 0.0182037353515625
0.146697998046875 0.0111541748046875 0.108680725097656 0.045196533203125
0.0924758911132813 -0.0623321533203125 0.125663757324219 -0.0370407104492188
0.0361862182617187 -0.0920944213867188 0.0706100463867188 -0.0981597900390625
-0.0303726196289063 -0.076080322265625 -0.0168533325195313 -0.105178833007813
-0.0676765441894531 -0.0539131164550781 -0.0614509582519531 -0.0605888366699219
-0.0648460388183594 -0.0605964660644531 -0.0433540344238281 -0.0228004455566406
-0.0778121948242188 -0.051239013671875 -0.0421295166015625 -0.00119781494140625
-0.0522537231445312 -0.0676651000976563 -0.0453300476074219 0.0113449096679687
-0.0103530883789063 -0.0972747802734375 -0.0528831481933594 0.00948715209960937
0.0553512573242187 -0.102081298828125 -0.0753173828125 -0.021484375
0.142776489257813 -0.025360107421875 -0.0670242309570312 -0.0507087707519531
0.153289794921875 0.0505523681640625 -0.0596389770507813 -0.0754165649414062
0.133026123046875 0.14605712890625 -0.0486335754394531 -0.0520362854003906
0.08477783203125 0.182525634765625 0.0803146362304688 -0.0330581665039062
0.106597900390625 0.1339111328125 0.0451583862304688 0.053375244140625
0.177490234375 0.0501708984375 0.107963562011719 0.0717315673828125
0.1317138671875 -0.0574569702148438 0.127952575683594 -0.00334930419921875
0.0625228881835937 -0.111282348632813 0.0842208862304687 -0.0634918212890625
-0.0297393798828125 -0.102706909179688 0.005279541015625 -0.0764083862304688
-0.0783920288085938 -0.0713882446289063 -0.0296363830566406 -0.0394783020019531
-0.0768585205078125 -0.0752410888671875 -0.0137090682983398 -0.00384616851806641
-0.094512939453125 -0.0643768310546875 -0.0124111175537109 0.0184898376464844
-0.0656356811523438 -0.080718994140625 -0.0225181579589844 0.036956787109375
-0.016326904296875 -0.114921569824219 -0.035919189453125 0.0330657958984375
0.0599365234375 -0.113967895507813 -0.0670089721679688 0.00272750854492186
0.154037475585938 -0.0229644775390625 -0.065155029296875 -0.0309486389160156
0.153274536132813 0.0608673095703125 -0.0371627807617187 -0.0563163757324219
0.119171142578125 0.158035278320313 -0.0174894332885742 -0.00107383728027342
0.0465240478515625 0.173233032226563 0.101959228515625 0.0351638793945313
0.0764617919921875 0.149322509765625 0.0615310668945312 0.0899887084960938
0.165237426757813 0.0823211669921875 0.0963516235351563 0.0921859741210938
0.140975952148438 -0.036529541015625 0.115180969238281 0.0303268432617187
0.0770950317382813 -0.104736328125 0.0853424072265625 -0.023712158203125
-0.0220108032226563 -0.108589172363281 0.025146484375 -0.03924560546875
-0.0761260986328125 -0.0758132934570313 0.00426673889160156 -0.0146312713623047
-0.0765914916992187 -0.07867431640625 0.0186328887939453 0.0147533416748047
-0.0968780517578125 -0.06878662109375 0.01983642578125 0.0374107360839844
-0.0680999755859375 -0.0840988159179688 0.00301361083984375 0.0603828430175781
-0.0157623291015625 -0.118606567382813 -0.0187911987304687 0.0548133850097656
0.06298828125 -0.10968017578125 -0.0578269958496094 0.024139404296875
0.1497802734375 -0.010498046875 -0.0609664916992187 -0.0158958435058594
0.133468627929688 0.0736312866210938 -0.0126571655273437 -0.0403480529785156
0.0866241455078125 0.154693603515625 0.0107345581054688 0.0477218627929688
0.00238800048828125 0.132408142089844 0.112815856933594 0.0936355590820313
0.0323486328125 0.131492614746094 0.0714874267578125 0.119796752929688
0.119789123535156 0.0914764404296875 0.0778656005859375 0.101478576660156
0.118087768554688 -0.01123046875 0.0954055786132813 0.0552291870117187
0.0726852416992187 -0.0801239013671875 0.07781982421875 0.0114822387695312
-0.012664794921875 -0.0943984985351563 0.0402488708496094 -0.00424957275390626
-0.0633392333984375 -0.0680389404296875 0.0352401733398437 0.00938034057617187
-0.0655975341796875 -0.0704498291015625 0.047821044921875 0.0305747985839844
-0.0854263305664062 -0.0651168823242188 0.0504341125488281 0.0534706115722656
-0.0596771240234375 -0.0781707763671875 0.0263290405273438 0.0817413330078125
-0.00872039794921876 -0.108818054199219 -0.00553894042968749 0.0747756958007813
0.0641326904296875 -0.0917816162109375 -0.0504074096679687 0.0424156188964844
0.13232421875 0.009246826171875 -0.0583229064941406 -0.00400161743164063
0.0975418090820313 0.084686279296875 0.00695037841796876 -0.0233860015869141
0.0395431518554687 0.134819030761719 0.0290985107421875 0.0921173095703125
-0.0405311584472656 0.0666427612304688 0.11370849609375 0.129478454589844
-0.0113677978515625 0.0862960815429688 0.0768356323242188 0.134033203125
0.05712890625 0.0765151977539063 0.0616989135742188 0.0995559692382813
0.0736541748046875 0.00737762451171875 0.0770111083984375 0.0685043334960938
0.052276611328125 -0.0446929931640625 0.0683555603027344 0.03387451171875
-0.00475311279296875 -0.0641098022460938 0.0514106750488281 0.021240234375
-0.0404396057128906 -0.0489044189453125 0.0598030090332031 0.0269927978515625
-0.0446891784667969 -0.0520782470703125 0.0709381103515625 0.0424270629882813
-0.0603752136230469 -0.0523681640625 0.0759124755859375 0.0677108764648438
-0.0417976379394531 -0.0632858276367188 0.0434341430664062 0.100357055664063
0.000747680664062506 -0.0849380493164063 0.000350952148437495 0.093597412109375
0.0590667724609375 -0.0629997253417969 -0.0496978759765625 0.0582084655761719
0.099334716796875 0.0285491943359375 -0.0602188110351562 0.00288009643554687
0.04949951171875 0.0853805541992188 0.0176181793212891 -0.00698471069335937
-0.012664794921875 0.097015380859375 0.0318832397460938 0.128036499023438
0.0544471740722656 -0.0330352783203125 -0.048095703125 -0.13995361328125
-0.00675582885742188 -0.0548591613769531 -0.0265789031982422 -0.00658226013183594
-0.0468063354492188 -0.0222740173339844 0.0665664672851563 -0.000286102294921876
-0.0405540466308594 0.0234756469726563 0.074127197265625 -0.0712509155273438
-0.011016845703125 0.0434303283691406 0.0139541625976563 -0.108634948730469
0.0239334106445313 0.0360336303710938 -0.0516128540039063 -0.111213684082031
0.0243873596191406 0.021209716796875 -0.0954360961914062 -0.0706939697265625
0.0163860321044922 0.0220699310302734 -0.0847244262695313 -0.0473098754882812
0.0145549774169922 0.0238723754882813 -0.0760269165039063 -0.0322036743164062
-0.00215911865234375 0.0227832794189453 -0.065460205078125 -0.0359916687011719
-0.0211467742919922 0.00848960876464843 -0.0683021545410156 -0.0404891967773437
-0.026214599609375 -0.0269069671630859 -0.0726852416992188 -0.0675048828125
0.0137100219726562 -0.047027587890625 -0.0519943237304688 -0.104293823242187
0.0566902160644531 -0.0327682495117188 -0.0804977416992188 -0.12896728515625
0.0785293579101562 -0.00560760498046875 -0.109756469726563 -0.14593505859375
0.093475341796875 0.0295944213867188 -0.026611328125 -0.146743774414062
0.0436325073242187 -0.0207977294921875 -0.0189418792724609 -0.0111865997314453
0.0136890411376953 -0.0287704467773438 0.08013916015625 0.004302978515625
-0.00815105438232422 -0.01275634765625 0.0889892578125 -0.0725021362304688
-0.00667858123779297 -0.00138950347900391 0.026611328125 -0.117958068847656
-0.00118517875671387 0.00349640846252441 -0.0505142211914063 -0.11859130859375
-0.0110540390014648 -0.000387191772460936 -0.0966720581054688 -0.0734176635742188
-0.0145692825317383 -0.00617218017578125 -0.0824966430664063 -0.0449676513671875
-0.0178890228271484 -0.00296974182128907 -0.075958251953125 -0.0287857055664063
-0.0151996612548828 -0.0126857757568359 -0.0669708251953125 -0.0288238525390625
-0.00832939147949219 -0.0294609069824219 -0.0676536560058594 -0.0320396423339844
0.0139617919921875 -0.0500411987304688 -0.0753555297851562 -0.059600830078125
0.0665817260742188 -0.0280227661132813 -0.057586669921875 -0.0899581909179688
0.0960922241210937 0.00827789306640625 -0.0815048217773437 -0.113380432128906
0.108840942382813 0.0595550537109375 -0.0979156494140625 -0.128669738769531
0.114845275878906 0.0946502685546875 0.00608062744140627 -0.132560729980469
0.0872268676757812 0.02850341796875 -0.00150561332702636 -0.00357913970947265
0.0827102661132813 -0.0204849243164063 0.096038818359375 0.0182952880859375
0.0377349853515625 -0.0452537536621094 0.107948303222656 -0.062591552734375
0.0076141357421875 -0.0501060485839844 0.0463180541992188 -0.115898132324219
-0.0207862854003906 -0.0359611511230469 -0.0388641357421875 -0.11700439453125
-0.0433921813964844 -0.0259475708007812 -0.085418701171875 -0.0695114135742188
-0.0435333251953125 -0.0331459045410156 -0.0680084228515625 -0.0360488891601562
-0.0503120422363281 -0.028289794921875 -0.0639991760253906 -0.0169944763183594
-0.0336456298828125 -0.0427780151367188 -0.0598945617675781 -0.0106124877929688
-0.00662994384765624 -0.065673828125 -0.0635337829589844 -0.0124778747558594
0.0394668579101563 -0.0775070190429688 -0.078582763671875 -0.0419387817382813
0.111328125 -0.024322509765625 -0.0642127990722656 -0.0700531005859375
0.130165100097656 0.03289794921875 -0.07659912109375 -0.0924530029296875
0.129722595214844 0.108863830566406 -0.0777130126953125 -0.0939483642578125
0.112594604492188 0.148239135742188 0.0425949096679688 -0.0926437377929687
0.11181640625 0.0843048095703125 0.0214729309082031 0.0187549591064453
0.14447021484375 0.00537109375 0.107208251953125 0.0401687622070313
0.0886383056640625 -0.0638961791992188 0.122467041015625 -0.0390548706054688
0.0321273803710937 -0.09088134765625 0.06683349609375 -0.0976715087890625
-0.0310134887695313 -0.0734405517578125 -0.0190353393554688 -0.101844787597656
-0.0669746398925781 -0.0498771667480469 -0.0618896484375 -0.0566329956054688
-0.0658187866210938 -0.0574150085449219 -0.0433998107910156 -0.0211372375488281
-0.0777816772460938 -0.0469818115234375 -0.0408744812011719 0.000106811523437504
-0.0526161193847656 -0.0638580322265625 -0.0440292358398438 0.012725830078125
-0.0129013061523437 -0.0943984985351563 -0.0521812438964844 0.0110511779785156
0.0506744384765625 -0.101234436035156 -0.0758514404296875 -0.0186080932617188
0.13934326171875 -0.02923583984375 -0.0674591064453125 -0.0483932495117187
0.1510009765625 0.044708251953125 -0.0614013671875 -0.072265625
0.136154174804688 0.138809204101562 -0.0497856140136719 -0.0490493774414062
0.0890960693359375 0.1754150390625 0.0752792358398437 -0.033233642578125
0.108695983886719 0.128364562988281 0.0441055297851563 0.0524711608886719
0.17559814453125 0.042724609375 0.10772705078125 0.065887451171875
0.126747131347656 -0.0598373413085938 0.125473022460938 -0.0066070556640625
0.057159423828125 -0.110610961914063 0.0809402465820313 -0.0641326904296875
-0.0316848754882812 -0.0988388061523438 0.00290679931640625 -0.0739364624023438
-0.0780792236328125 -0.066192626953125 -0.0299301147460937 -0.0369415283203125
-0.0781021118164062 -0.0712966918945313 -0.0130529403686523 -0.00385665893554688
-0.0948410034179688 -0.0588607788085937 -0.0113182067871094 0.0185718536376953
-0.0654830932617188 -0.0763473510742187 -0.0207176208496094 0.0371513366699219
-0.020050048828125 -0.111106872558594 -0.0354042053222656 0.0338668823242188
0.0541534423828125 -0.112930297851562 -0.0674095153808594 0.00498580932617188
0.150299072265625 -0.0280609130859375 -0.065185546875 -0.0291366577148438
0.152145385742188 0.0550079345703125 -0.0389366149902344 -0.054443359375
0.123031616210938 0.15179443359375 -0.0169000625610351 -0.00049781799316405
0.051177978515625 0.168624877929688 0.0987091064453125 0.0317840576171875
0.0795745849609375 0.145278930664062 0.0605697631835938 0.0874176025390625
0.16522216796875 0.073516845703125 0.0959014892578125 0.0866470336914062
0.136688232421875 -0.039306640625 0.113838195800781 0.0271377563476562
0.071044921875 -0.105445861816406 0.0831985473632813 -0.0255584716796875
-0.0249557495117187 -0.105148315429688 0.0233840942382813 -0.038177490234375
-0.0764694213867188 -0.0711212158203125 0.00377082824707031 -0.0136938095092773
-0.0782852172851563 -0.074371337890625 0.0191688537597656 0.0132942199707031
-0.0972366333007812 -0.062896728515625 0.0217437744140625 0.036285400390625
-0.06884765625 -0.0788040161132813 0.00544357299804687 0.059722900390625
-0.019683837890625 -0.113700866699219 -0.0180320739746094 0.0547409057617187
0.0572967529296875 -0.109687805175781 -0.0570907592773437 0.025299072265625
0.1470947265625 -0.0157928466796875 -0.0603561401367187 -0.01416015625
0.1331787109375 0.068267822265625 -0.0143241882324219 -0.0393905639648437
0.090301513671875 0.14837646484375 0.0119476318359375 0.0455551147460938
0.00691223144531249 0.128639221191406 0.111198425292969 0.0881805419921875
0.036285400390625 0.127784729003906 0.0717239379882813 0.11627197265625
0.120567321777344 0.0843582153320313 0.0778884887695313 0.0962448120117188
0.1148681640625 -0.014984130859375 0.09478759765625 0.0515899658203125
0.0673294067382813 -0.08038330078125 0.0766143798828125 0.00849151611328124
-0.0157241821289062 -0.091064453125 0.0399589538574219 -0.00410079956054688
-0.0637016296386719 -0.06390380859375 0.0351028442382812 0.00845909118652343
-0.0672836303710938 -0.0665817260742188 0.0485191345214844 0.0279579162597656
-0.0855789184570313 -0.0590896606445312 0.0525474548339844 0.0506935119628906
-0.060791015625 -0.0737838745117188 0.0288009643554688 0.0798873901367188
-0.0129623413085938 -0.104843139648438 -0.00389862060546875 0.0735397338867188
0.0584182739257813 -0.0929489135742188 -0.0491714477539062 0.0431060791015625
0.129791259765625 0.0039215087890625 -0.0572052001953125 -0.00268936157226563
0.0984573364257813 0.0796661376953125 0.00576400756835938 -0.0241527557373047
0.0443878173828125 0.130706787109375 0.0312652587890625 0.08807373046875
-0.0377197265625 0.0668220520019531 0.112960815429688 0.123115539550781
-0.0079803466796875 0.0851058959960938 0.0770263671875 0.12908935546875
0.05908203125 0.07159423828125 0.0615158081054688 0.0962905883789063
0.0719833374023438 0.00494384765625 0.0771865844726563 0.0649261474609375
0.048492431640625 -0.0456085205078125 0.0683746337890625 0.0309867858886719
-0.00698089599609375 -0.0619850158691406 0.051788330078125 0.0196533203125
-0.0420494079589844 -0.0457229614257813 0.0597496032714844 0.0239143371582031
-0.0459060668945313 -0.0488243103027344 0.0715103149414063 0.0380325317382813
-0.0617103576660156 -0.048187255859375 0.0769882202148438 0.0634689331054688
-0.0423164367675781 -0.0596122741699219 0.0463714599609375 0.0972671508789062
-0.00301361083984375 -0.082427978515625 0.00243377685546874 0.0913009643554688
0.0547332763671875 -0.0643882751464844 -0.0474700927734375 0.0583381652832031
0.0985794067382813 0.0242919921875 -0.059173583984375 0.00504684448242187
0.0515899658203125 0.0819625854492187 0.0164852142333984 -0.00881385803222656
-0.00841522216796876 0.0949249267578125 0.035430908203125 0.122871398925781
0.0526313781738281 -0.0331306457519531 -0.0478286743164063 -0.135612487792969
-0.00675964355468751 -0.053375244140625 -0.0251369476318359 -0.00572395324707031
-0.046173095703125 -0.0216636657714844 0.0659332275390625 2.28881835937487E-05
-0.0391120910644531 0.0241203308105469 0.0725784301757813 -0.0707321166992188
-0.00934219360351563 0.04327392578125 0.01397705078125 -0.106834411621094
0.0244235992431641 0.0341968536376953 -0.0511398315429688 -0.110321044921875
0.0239181518554688 0.0196590423583984 -0.09478759765625 -0.0693283081054687
0.0161285400390625 0.0207977294921875 -0.0846176147460938 -0.04522705078125
0.0142307281494141 0.0223922729492187 -0.075958251953125 -0.0306472778320312
-0.00162506103515625 0.0208187103271484 -0.0649528503417969 -0.0351905822753906
-0.0201930999755859 0.00796890258789063 -0.0675506591796875 -0.0396308898925781
-0.0262012481689453 -0.0259876251220703 -0.0721359252929688 -0.06622314453125
0.0126495361328125 -0.0456657409667969 -0.0512161254882813 -0.103553771972656
0.0556564331054688 -0.0320510864257813 -0.0785903930664063 -0.126213073730469
0.0771713256835938 -0.0065155029296875 -0.10693359375 -0.14227294921875
0.0909957885742187 0.0279693603515625 -0.027374267578125 -0.142715454101563
0.0428276062011719 -0.0204849243164063 -0.0186233520507813 -0.00943565368652344
0.0133266448974609 -0.0282917022705078 0.0788040161132813 0.00423431396484375
-0.00736141204833985 -0.0116968154907227 0.0884323120117188 -0.07086181640625
-0.00587320327758789 -0.00124692916870117 0.0264892578125 -0.115753173828125
0.000391244888305664 0.00247979164123535 -0.049346923828125 -0.117256164550781
-0.0107421875 -0.00121021270751953 -0.0962295532226563 -0.0712738037109375
-0.014470100402832 -0.00652790069580078 -0.0818710327148438 -0.04400634765625
-0.0175027847290039 -0.00370597839355469 -0.0754852294921875 -0.0271377563476563
-0.014073371887207 -0.0126113891601563 -0.0663414001464844 -0.0278396606445313
-0.00779533386230469 -0.02911376953125 -0.067413330078125 -0.0308380126953125
0.0135002136230469 -0.0485687255859375 -0.0750045776367187 -0.05828857421875
0.0651473999023437 -0.0267753601074219 -0.0565643310546875 -0.0890121459960937
0.0941390991210938 0.00838470458984375 -0.0801620483398437 -0.110984802246094
0.107330322265625 0.0578155517578125 -0.096160888671875 -0.12646484375
0.112335205078125 0.091705322265625 0.00421905517578124 -0.12872314453125
0.0857162475585938 0.0280990600585938 -0.0025496482849121 -0.00177407264709472
0.0813751220703125 -0.0207901000976563 0.0944290161132812 0.0172271728515625
0.0364646911621094 -0.0441169738769531 0.106636047363281 -0.0613937377929688
0.0076446533203125 -0.0486869812011719 0.0457763671875 -0.114013671875
-0.0196456909179688 -0.0352020263671875 -0.0383071899414063 -0.115242004394531
-0.0426979064941406 -0.0260391235351562 -0.0846023559570313 -0.0666961669921875
-0.0431709289550781 -0.0335197448730469 -0.0675010681152344 -0.034637451171875
-0.0493659973144531 -0.0270271301269531 -0.063201904296875 -0.0154953002929688
-0.0324478149414062 -0.0416336059570313 -0.0601081848144531 -0.00956344604492187
-0.00628280639648437 -0.0637741088867188 -0.0635795593261719 -0.0120887756347656
0.037994384765625 -0.0758590698242188 -0.078948974609375 -0.0410690307617188
0.109260559082031 -0.02386474609375 -0.0632972717285156 -0.0695114135742188
0.128189086914063 0.0322723388671875 -0.0757217407226562 -0.0913543701171875
0.128372192382813 0.106239318847656 -0.0765533447265625 -0.0911102294921875
0.11083984375 0.144195556640625 0.0395431518554688 -0.0897293090820312
0.110755920410156 0.0827789306640625 0.0201663970947266 0.0206794738769531
0.142074584960938 0.0043487548828125 0.105155944824219 0.0385589599609375
0.0863189697265625 -0.0628509521484375 0.121017456054687 -0.038970947265625
0.0307769775390625 -0.088714599609375 0.0657196044921875 -0.0956649780273438
-0.0304489135742188 -0.0713424682617187 -0.0188369750976562 -0.100509643554688
-0.0661354064941406 -0.0490608215332031 -0.0615577697753906 -0.0547599792480469
-0.0659370422363281 -0.0557899475097656 -0.043701171875 -0.0208854675292969
-0.0764999389648438 -0.0450820922851562 -0.0400466918945313 0.00136947631835938
-0.051544189453125 -0.0625267028808594 -0.0439491271972656 0.0141410827636719
-0.0137863159179688 -0.09136962890625 -0.0525436401367187 0.0110206604003906
0.0485610961914062 -0.0999221801757813 -0.0770721435546875 -0.0176849365234375
0.137611389160156 -0.029449462890625 -0.0665664672851563 -0.0487289428710937
0.148330688476563 0.04486083984375 -0.06146240234375 -0.0712127685546875
0.135322570800781 0.136825561523438 -0.0486335754394531 -0.047821044921875
0.0885162353515625 0.171035766601563 0.0714797973632813 -0.032470703125
0.107719421386719 0.1265869140625 0.0410232543945313 0.0534782409667969
0.173187255859375 0.03973388671875 0.104850769042969 0.0643844604492188
0.124732971191406 -0.0595779418945313 0.123680114746094 -0.00591278076171875
0.0550384521484375 -0.108680725097656 0.0790023803710938 -0.0635604858398438
-0.031219482421875 -0.0963287353515625 0.003143310546875 -0.0718612670898438
-0.0763168334960937 -0.0648269653320313 -0.0298843383789063 -0.0354537963867188
-0.07781982421875 -0.0693893432617188 -0.0131216049194336 -0.004486083984375
-0.0934677124023438 -0.0560150146484375 -0.0105056762695313 0.0183906555175781
-0.0648727416992188 -0.0739364624023438 -0.0203475952148438 0.0374336242675781
-0.0203704833984375 -0.107597351074219 -0.0359611511230469 0.0336837768554688
0.05206298828125 -0.111503601074219 -0.0683708190917969 0.00545883178710938
0.148910522460938 -0.0287322998046875 -0.0639801025390625 -0.0288772583007813
0.14935302734375 0.0539093017578125 -0.03912353515625 -0.0542221069335938
0.122100830078125 0.148590087890625 -0.0168571472167969 -0.000946044921874989
0.0511016845703125 0.1649169921875 0.0948944091796875 0.032012939453125
0.07904052734375 0.143142700195313 0.057952880859375 0.08746337890625
0.163131713867188 0.07080078125 0.09344482421875 0.0848388671875
0.132957458496094 -0.039825439453125 0.112403869628906 0.02734375
0.0687408447265625 -0.103981018066406 0.0815658569335938 -0.025238037109375
-0.0250015258789062 -0.102180480957031 0.0236244201660156 -0.0363121032714844
-0.075408935546875 -0.0689468383789063 0.00376510620117187 -0.0128135681152344
-0.0779495239257812 -0.0728836059570313 0.0188446044921875 0.0126361846923828
-0.0963134765625 -0.059478759765625 0.0225505828857422 0.0350475311279297
-0.0678939819335937 -0.0762710571289063 0.005706787109375 0.0588531494140625
-0.0208740234375 -0.110763549804688 -0.0178451538085938 0.0539131164550781
0.0548782348632812 -0.108039855957031 -0.0575904846191406 0.0253105163574219
0.14459228515625 -0.0169525146484375 -0.0595245361328125 -0.0139617919921875
0.131126403808594 0.0665817260742187 -0.0154151916503906 -0.0394935607910156
0.0910186767578125 0.146087646484375 0.0118598937988281 0.0448341369628906
0.00703430175781249 0.126419067382813 0.107658386230469 0.0870895385742188
0.036834716796875 0.126388549804688 0.0689849853515625 0.114288330078125
0.119171142578125 0.0813140869140625 0.075653076171875 0.0948333740234375
0.1123046875 -0.0155258178710938 0.0930023193359375 0.0512619018554687
0.0654449462890625 -0.0791854858398438 0.0754623413085937 0.00859069824218749
-0.0168228149414063 -0.0891265869140625 0.039825439453125 -0.00346755981445313
-0.062652587890625 -0.0617179870605469 0.0352554321289063 0.00811767578125
-0.0677680969238281 -0.064697265625 0.0481605529785156 0.0267181396484375
-0.0853729248046875 -0.0560455322265625 0.0522613525390625 0.0490455627441406
-0.0602188110351563 -0.070953369140625 0.0296783447265625 0.0786361694335938
-0.0145416259765625 -0.101776123046875 -0.00442504882812499 0.0721359252929688
0.055694580078125 -0.0914459228515625 -0.0491714477539063 0.0425567626953125
0.128227233886719 0.0019073486328125 -0.056610107421875 -0.002716064453125
0.0973587036132813 0.0781402587890625 0.00397682189941407 -0.0244865417480469
0.0451812744140625 0.127998352050781 0.0311965942382813 0.0860519409179688
-0.0360221862792969 0.0651168823242188 0.110198974609375 0.121002197265625
-0.00724792480468749 0.0844802856445312 0.0753402709960937 0.126960754394531
0.0592918395996094 0.0694847106933594 0.0599365234375 0.0949249267578125
0.0697174072265625 0.00432205200195313 0.0762710571289063 0.0641555786132813
0.0472869873046875 -0.0450592041015625 0.0672721862792969 0.0300750732421875
-0.00748062133789063 -0.0606498718261719 0.051422119140625 0.0203208923339844
-0.0412368774414063 -0.0442314147949219 0.059661865234375 0.0236930847167969
-0.0462379455566406 -0.0476150512695313 0.070465087890625 0.0362548828125
-0.0608978271484375 -0.04541015625 0.0768890380859375 0.06103515625
-0.0425338745117188 -0.0572509765625 0.0464706420898438 0.0955581665039063
-0.004608154296875 -0.08056640625 0.00217437744140624 0.08966064453125
0.0516815185546875 -0.0638809204101563 -0.0474281311035156 0.057769775390625
0.0975265502929688 0.0223770141601563 -0.058258056640625 0.00439834594726563
0.0518417358398438 0.0804367065429688 0.0150079727172852 -0.00982189178466797
-0.00756835937500001 0.09320068359375 0.0351486206054688 0.119209289550781
0.0525321960449219 -0.0331306457519531 -0.0466995239257813 -0.1358642578125
-0.0070343017578125 -0.0537033081054688 -0.0252285003662109 -0.00449943542480469
-0.0459785461425781 -0.0216064453125 0.066375732421875 0.0013427734375
-0.03857421875 0.0243682861328125 0.0748519897460938 -0.0692825317382813
-0.0086517333984375 0.0439224243164062 0.0166473388671875 -0.107673645019531
0.0246906280517578 0.0333671569824219 -0.0512466430664063 -0.111778259277344
0.0234146118164063 0.0186862945556641 -0.0949554443359375 -0.0702743530273438
0.0159721374511719 0.0202751159667969 -0.0855560302734375 -0.0456008911132813
0.0139102935791016 0.022186279296875 -0.0765914916992188 -0.0306167602539062
-0.00115776062011719 0.0203762054443359 -0.0658493041992188 -0.0362777709960937
-0.0195293426513672 0.00780296325683593 -0.0686798095703125 -0.0411605834960937
-0.0263442993164063 -0.0246486663818359 -0.0722274780273437 -0.0667572021484375
0.0130691528320312 -0.0443992614746094 -0.04962158203125 -0.104751586914062
0.0560073852539063 -0.03173828125 -0.0764236450195313 -0.126998901367188
0.07708740234375 -0.00672149658203125 -0.10498046875 -0.143905639648438
0.0900726318359375 0.0288925170898438 -0.0269012451171875 -0.142578125
0.0430564880371094 -0.0197334289550781 -0.0189056396484375 -0.00809097290039063
0.0136203765869141 -0.0279750823974609 0.0792617797851563 0.00511932373046875
-0.00744152069091797 -0.0106801986694336 0.090057373046875 -0.070648193359375
-0.00540399551391601 -0.00101757049560547 0.0291900634765625 -0.116050720214844
0.00124335289001465 0.00203549861907959 -0.0489273071289063 -0.118820190429688
-0.0109462738037109 -0.00256824493408203 -0.0962142944335937 -0.0723190307617188
-0.0148983001708984 -0.00767898559570313 -0.0834121704101562 -0.0441207885742188
-0.0171928405761719 -0.00463199615478516 -0.0766143798828125 -0.0271224975585938
-0.0136213302612305 -0.0134830474853516 -0.066741943359375 -0.0285568237304688
-0.00630569458007812 -0.0296344757080078 -0.0682792663574219 -0.0319938659667969
0.0138702392578125 -0.0478782653808594 -0.076324462890625 -0.0592269897460938
0.0664329528808594 -0.0255622863769531 -0.0554351806640625 -0.0909500122070313
0.0942916870117187 0.009613037109375 -0.0793991088867187 -0.112442016601563
0.107429504394531 0.05859375 -0.0946044921875 -0.127388000488281
0.111373901367188 0.0933761596679688 0.00403594970703126 -0.127334594726563
0.0863494873046875 0.0294342041015625 -0.00321626663208007 0.000177860260009768
0.0818405151367188 -0.0203323364257813 0.094146728515625 0.0185699462890625
0.0376510620117187 -0.043121337890625 0.108711242675781 -0.0605545043945312
0.00861740112304687 -0.0490608215332031 0.0480194091796875 -0.113876342773438
-0.0185317993164063 -0.036102294921875 -0.0373992919921875 -0.116424560546875
-0.0426597595214844 -0.02667236328125 -0.0848312377929688 -0.0678558349609375
-0.0439338684082031 -0.0343399047851562 -0.0685386657714844 -0.0358085632324219
-0.0494537353515625 -0.0277214050292969 -0.0641593933105469 -0.0156745910644531
-0.0315933227539063 -0.0423507690429688 -0.060455322265625 -0.00996398925781251
-0.0050048828125 -0.0643997192382813 -0.0649223327636719 -0.0130233764648437
0.039154052734375 -0.0757369995117187 -0.0812606811523438 -0.0420913696289063
0.1102294921875 -0.02276611328125 -0.0627670288085938 -0.0718154907226562
0.1278076171875 0.0344696044921875 -0.0751876831054687 -0.091949462890625
0.128868103027344 0.108100891113281 -0.0755462646484375 -0.0928268432617188
0.109405517578125 0.145950317382813 0.0390472412109375 -0.0881881713867187
0.11077880859375 0.085174560546875 0.0187587738037109 0.0227508544921875
0.14300537109375 0.003997802734375 0.10430908203125 0.0399932861328125
0.0873336791992188 -0.0615615844726563 0.122322082519531 -0.0369949340820313
0.0319671630859375 -0.0888748168945313 0.0675277709960937 -0.0955886840820312
-0.0293960571289063 -0.0716629028320312 -0.0177764892578125 -0.100906372070313
-0.0657005310058594 -0.049530029296875 -0.0622138977050781 -0.05487060546875
-0.0664558410644531 -0.0569915771484375 -0.0439033508300781 -0.0217781066894531
-0.0761184692382813 -0.0455551147460938 -0.0408363342285156 0.000732421875000001
-0.0502967834472656 -0.0630340576171875 -0.04473876953125 0.0136337280273438
-0.0117645263671875 -0.0916824340820313 -0.0538291931152344 0.0109100341796875
0.0495452880859375 -0.100112915039062 -0.0789337158203125 -0.0182647705078125
0.139564514160156 -0.02801513671875 -0.066864013671875 -0.0500984191894531
0.14825439453125 0.046783447265625 -0.0611801147460937 -0.0725021362304688
0.135932922363281 0.138481140136719 -0.0483970642089844 -0.0485763549804687
0.08624267578125 0.172561645507812 0.0705108642578125 -0.0303192138671875
0.106918334960938 0.12933349609375 0.0396842956542969 0.0553932189941406
0.173629760742188 0.0403900146484375 0.103416442871094 0.0650405883789063
0.124794006347656 -0.0585098266601563 0.124679565429688 -0.00429534912109375
0.0561447143554688 -0.108428955078125 0.0810089111328125 -0.0620803833007813
-0.0298614501953125 -0.0967864990234375 0.004669189453125 -0.0713729858398438
-0.0767440795898437 -0.0656967163085938 -0.0305137634277344 -0.0351219177246094
-0.0786819458007813 -0.0710067749023438 -0.0136222839355469 -0.00429725646972656
-0.0931015014648438 -0.0563430786132812 -0.0107498168945313 0.0185413360595703
-0.0641708374023438 -0.0741043090820313 -0.0205802917480469 0.0376701354980469
-0.0194931030273438 -0.107574462890625 -0.0372047424316406 0.0332145690917969
0.052825927734375 -0.111518859863281 -0.0711135864257813 0.00457000732421875
0.150436401367188 -0.0284423828125 -0.0645713806152344 -0.0311927795410156
0.149673461914062 0.0560455322265625 -0.0389900207519531 -0.0556869506835938
0.122787475585937 0.15106201171875 -0.0169429779052734 -0.00127601623535155
0.0492401123046875 0.164947509765625 0.0926055908203125 0.0339431762695313
0.0783843994140625 0.145492553710938 0.0557632446289063 0.090087890625
0.163726806640625 0.0713653564453125 0.0911788940429688 0.085968017578125
0.133918762207031 -0.0385971069335938 0.112167358398438 0.029388427734375
0.0701751708984375 -0.10345458984375 0.0826416015625 -0.0238113403320313
-0.0242538452148438 -0.103225708007813 0.0249748229980469 -0.0352935791015625
-0.0747222900390625 -0.0696182250976563 0.00364971160888671 -0.0125284194946289
-0.0790863037109375 -0.0739822387695313 0.0188770294189453 0.0124149322509766
-0.0962982177734375 -0.0598831176757812 0.0220718383789062 0.0357933044433594
-0.0676193237304687 -0.0767898559570313 0.0048675537109375 0.0598182678222656
-0.0202484130859375 -0.110397338867188 -0.0199699401855469 0.0539398193359375
0.0548782348632812 -0.108749389648438 -0.0598030090332031 0.0243911743164062
0.146499633789063 -0.01727294921875 -0.0600471496582031 -0.0163764953613281
0.131546020507812 0.06829833984375 -0.0151481628417969 -0.0410385131835937
0.091064453125 0.147491455078125 0.0119743347167969 0.0441474914550781
0.00532531738281251 0.12640380859375 0.105140686035156 0.089019775390625
0.0357513427734375 0.127052307128906 0.0659027099609375 0.116867065429688
0.119300842285156 0.082183837890625 0.0727005004882813 0.0965957641601562
0.112930297851563 -0.0141372680664063 0.0923385620117188 0.053375244140625
0.0654373168945312 -0.0795669555664062 0.0759201049804688 0.00941467285156249
-0.0159912109375 -0.0895462036132812 0.0410041809082031 -0.00191497802734376
-0.0625152587890625 -0.0624923706054688 0.035491943359375 0.00865936279296875
-0.067840576171875 -0.0657005310058594 0.0485305786132812 0.0264816284179687
-0.0852279663085938 -0.0561294555664062 0.0525360107421875 0.04901123046875
-0.059722900390625 -0.0709762573242188 0.0293197631835937 0.0790328979492188
-0.0138320922851562 -0.101631164550781 -0.0066070556640625 0.0724945068359375
0.055755615234375 -0.0913848876953125 -0.0518302917480469 0.0415420532226562
0.129318237304688 0.00243377685546875 -0.0570297241210937 -0.004241943359375
0.0970611572265625 0.0797119140625 0.00346374511718751 -0.026580810546875
0.0448760986328125 0.128753662109375 0.0301589965820313 0.0850448608398438
-0.036865234375 0.065032958984375 0.107826232910156 0.123519897460938
-0.0086822509765625 0.0844192504882812 0.0720367431640625 0.128990173339844
0.0594940185546875 0.0694389343261719 0.05743408203125 0.0976104736328125
0.0697822570800781 0.00505828857421875 0.0757369995117188 0.0659332275390625
0.0470466613769531 -0.0454521179199219 0.0671310424804688 0.0315322875976563
-0.00699234008789063 -0.06072998046875 0.0521812438964844 0.0212326049804687
-0.0409126281738281 -0.0442695617675781 0.0607032775878906 0.0245208740234375
-0.0465850830078125 -0.0472564697265625 0.0715866088867188 0.0359954833984375
-0.0615196228027344 -0.0449447631835938 0.0771331787109375 0.0613250732421875
-0.0426063537597656 -0.0571861267089844 0.0468597412109375 0.0966033935546875
-0.00440216064453125 -0.0798797607421875 2.28881835937543E-05 0.0903778076171875
0.0519332885742188 -0.064239501953125 -0.0493850708007813 0.0565719604492187
0.0985107421875 0.0219650268554688 -0.0587882995605469 0.00333023071289064
0.0516891479492188 0.080902099609375 0.0149316787719727 -0.0111865997314453
-0.00766754150390626 0.0929031372070313 0.0337905883789062 0.119422912597656
0.0525321960449219 -0.0325050354003906 -0.0483856201171875 -0.138397216796875
-0.0068817138671875 -0.0555305480957031 -0.0260219573974609 -0.00331306457519532
-0.0471000671386719 -0.0222740173339844 0.0680198669433594 0.00241851806640625
-0.0397605895996094 0.0260009765625 0.0777130126953125 -0.0715103149414062
-0.00754165649414062 0.0446968078613281 0.0187454223632813 -0.111213684082031
0.0254554748535156 0.0326557159423828 -0.05279541015625 -0.116462707519531
0.0235939025878906 0.0185127258300781 -0.0987548828125 -0.0722808837890625
0.0157985687255859 0.0203914642333984 -0.0896530151367188 -0.0467300415039062
0.0146675109863281 0.0225334167480469 -0.079620361328125 -0.0312728881835937
-0.00111579895019531 0.0206775665283203 -0.0688362121582031 -0.0376167297363281
-0.0197219848632813 0.00744819641113281 -0.0710067749023438 -0.0421524047851562
-0.0267238616943359 -0.0255870819091797 -0.0744476318359375 -0.0694656372070313
0.0138320922851563 -0.0455551147460938 -0.0504837036132813 -0.108818054199219
0.0579948425292969 -0.0320091247558594 -0.0773696899414062 -0.131057739257813
0.0792922973632813 -0.00672149658203125 -0.106719970703125 -0.149124145507813
0.0918350219726562 0.0309906005859375 -0.0275726318359375 -0.145278930664063
0.0444145202636719 -0.0198745727539063 -0.0197811126708984 -0.00711631774902344
0.0138034820556641 -0.0292720794677734 0.0812759399414063 0.0068511962890625
-0.00689888000488281 -0.0108022689819336 0.0934066772460938 -0.0721054077148438
-0.0043637752532959 -0.000707387924194336 0.0313034057617187 -0.120170593261719
0.00173115730285645 0.00079798698425293 -0.0505752563476563 -0.123458862304687
-0.0112113952636719 -0.00277519226074219 -0.0996551513671875 -0.0746307373046875
-0.0161447525024414 -0.00777626037597657 -0.08673095703125 -0.0454025268554687
-0.0171375274658203 -0.00508689880371094 -0.0795974731445313 -0.0275039672851562
-0.0138702392578125 -0.0141534805297852 -0.069854736328125 -0.0292434692382813
-0.00574684143066406 -0.0306854248046875 -0.071044921875 -0.033843994140625
0.0147552490234375 -0.0487709045410156 -0.0795059204101563 -0.0607147216796875
0.0683250427246094 -0.0260009765625 -0.0564804077148438 -0.0944061279296875
0.0969467163085938 0.011077880859375 -0.0804519653320313 -0.115455627441406
0.110122680664063 0.0606689453125 -0.0961380004882812 -0.131690979003906
0.113510131835938 0.0967483520507813 0.0030975341796875 -0.129234313964844
0.0882720947265625 0.0313949584960938 -0.00405025482177734 0.00197863578796387
0.0845870971679688 -0.0215835571289063 0.0956268310546875 0.0199813842773438
0.0387001037597656 -0.0436553955078125 0.112701416015625 -0.0619735717773438
0.00933456420898438 -0.0494384765625 0.0514144897460938 -0.117202758789062
-0.0190467834472656 -0.0374794006347656 -0.0376205444335937 -0.120529174804688
-0.0440711975097656 -0.0284233093261719 -0.0881881713867187 -0.0695419311523438
-0.0458145141601563 -0.0359992980957031 -0.071929931640625 -0.037628173828125
-0.0503616333007813 -0.0293731689453125 -0.0664596557617188 -0.0159339904785156
-0.0317268371582031 -0.0444145202636719 -0.0628318786621094 -0.0103569030761719
-0.00402450561523437 -0.0661544799804688 -0.0676536560058594 -0.0140342712402344
0.0405731201171875 -0.07757568359375 -0.0850372314453125 -0.042938232421875
0.114738464355469 -0.0234756469726562 -0.0650558471679687 -0.07489013671875
0.131309509277344 0.0367889404296875 -0.0762939453125 -0.0954437255859375
0.132774353027344 0.111778259277344 -0.0773239135742187 -0.0959930419921875
0.111495971679687 0.1507568359375 0.0391082763671875 -0.0890045166015625
0.113815307617188 0.0888671875 0.0173740386962891 0.0251846313476563
0.1470947265625 0.0042572021484375 0.105567932128906 0.042144775390625
0.089935302734375 -0.0625228881835938 0.126846313476563 -0.0379180908203125
0.0328521728515625 -0.091796875 0.0710601806640625 -0.0984954833984375
-0.029510498046875 -0.0746002197265625 -0.0172576904296875 -0.104515075683594
-0.0671615600585938 -0.0513687133789063 -0.0634040832519531 -0.0562057495117188
-0.0693283081054687 -0.0591049194335938 -0.0458755493164063 -0.0225563049316406
-0.078582763671875 -0.0470046997070312 -0.042877197265625 0.00061035156249999
-0.0508575439453125 -0.0648765563964844 -0.0459136962890625 0.0144081115722656
-0.0117721557617187 -0.0943450927734375 -0.0568084716796875 0.010894775390625
0.0513458251953125 -0.102699279785156 -0.083770751953125 -0.0196151733398438
0.144241333007813 -0.02880859375 -0.0687713623046875 -0.0531997680664063
0.152862548828125 0.04925537109375 -0.0632781982421875 -0.0747299194335937
0.139999389648438 0.142730712890625 -0.0497550964355469 -0.0509376525878906
0.0871734619140625 0.178466796875 0.0707931518554688 -0.0292816162109375
0.110633850097656 0.133636474609375 0.0392036437988281 0.0589141845703125
0.17840576171875 0.0411224365234375 0.104904174804688 0.0679855346679688
0.129058837890625 -0.0594406127929688 0.128364562988281 -0.00363922119140625
0.0578536987304688 -0.112190246582031 0.0845413208007812 -0.0634002685546875
-0.0305862426757812 -0.0998458862304688 0.00637054443359374 -0.073028564453125
-0.0781173706054687 -0.0672073364257813 -0.0311012268066406 -0.0359535217285156
-0.08294677734375 -0.0732574462890625 -0.0142345428466797 -0.00523471832275391
-0.0960693359375 -0.0578460693359375 -0.0112781524658203 0.0201282501220703
-0.0655746459960937 -0.0754776000976563 -0.0214653015136719 0.0393333435058594
-0.0195083618164063 -0.110237121582031 -0.0402679443359375 0.0346488952636719
0.05401611328125 -0.114891052246094 -0.0751876831054687 0.0046539306640625
0.15533447265625 -0.029144287109375 -0.0666885375976562 -0.0336227416992188
0.154144287109375 0.05902099609375 -0.0406494140625 -0.0576744079589844
0.1265869140625 0.15582275390625 -0.0173702239990234 -0.00171756744384765
0.04949951171875 0.170761108398438 0.093994140625 0.0369033813476563
0.0803985595703125 0.149627685546875 0.0554962158203125 0.093780517578125
0.167892456054687 0.073516845703125 0.0928497314453125 0.0895614624023438
0.138717651367188 -0.0387039184570312 0.116188049316406 0.030517578125
0.0712432861328125 -0.10687255859375 0.0854263305664062 -0.024139404296875
-0.0244674682617188 -0.105911254882813 0.0264205932617188 -0.0361175537109375
-0.0770950317382813 -0.0716781616210938 0.00403213500976562 -0.0124406814575195
-0.08221435546875 -0.0757827758789063 0.0187435150146484 0.0115184783935547
-0.0993270874023438 -0.0612258911132812 0.0222816467285156 0.0364456176757812
-0.0689697265625 -0.0782318115234375 0.00587081909179687 0.0621528625488281
-0.0211563110351563 -0.11273193359375 -0.0221443176269531 0.0549850463867187
0.0558395385742187 -0.110626220703125 -0.0645675659179688 0.0252761840820312
0.150924682617188 -0.0184478759765625 -0.0626258850097656 -0.0181465148925781
0.134658813476563 0.0708694458007813 -0.0169105529785156 -0.0433807373046875
0.09405517578125 0.15203857421875 0.0112113952636719 0.0443344116210938
0.0048065185546875 0.129898071289063 0.106269836425781 0.0929794311523438
0.0361328125 0.131744384765625 0.0658645629882813 0.121871948242188
0.123222351074219 0.0843276977539062 0.0733261108398438 0.101242065429687
0.115364074707031 -0.0138626098632812 0.0950698852539063 0.0559463500976563
0.068267822265625 -0.0820846557617188 0.0781631469726563 0.010986328125
-0.0164794921875 -0.092315673828125 0.0429229736328125 -0.000907897949218756
-0.0647239685058594 -0.0631294250488281 0.0370712280273438 0.00905990600585937
-0.0704727172851563 -0.06768798828125 0.0498275756835938 0.0262031555175781
-0.0878372192382813 -0.056915283203125 0.0550727844238281 0.0505332946777344
-0.0609359741210937 -0.0725631713867188 0.0306015014648438 0.082305908203125
-0.0151138305664063 -0.103584289550781 -0.00839996337890624 0.0747451782226563
0.0568008422851562 -0.0940628051757813 -0.0551605224609375 0.0429573059082031
0.133880615234375 0.001190185546875 -0.058990478515625 -0.0055389404296875
0.100418090820313 0.08197021484375 0.00271987915039063 -0.0286045074462891
0.0467453002929688 0.13232421875 0.0303115844726563 0.0876235961914063
-0.0381813049316406 0.066650390625 0.108604431152344 0.128387451171875
-0.0086517333984375 0.0872955322265625 0.0730209350585938 0.134300231933594
0.0607376098632813 0.0711898803710938 0.0570449829101563 0.101478576660156
0.0718994140625 0.0059051513671875 0.0772018432617188 0.0694732666015625
0.0480766296386719 -0.046844482421875 0.0699653625488281 0.0335006713867188
-0.00796890258789062 -0.0624351501464844 0.0547142028808594 0.0234107971191406
-0.0427818298339844 -0.0448951721191406 0.0628204345703125 0.0245361328125
-0.0491828918457031 -0.0491981506347656 0.0739212036132812 0.0365753173828125
-0.0637931823730469 -0.045684814453125 0.0803070068359375 0.0631027221679688
-0.0440902709960937 -0.0587005615234375 0.048553466796875 0.0998382568359375
-0.00513458251953126 -0.0818710327148438 -0.00146484374999999 0.092529296875
0.0529136657714844 -0.06634521484375 -0.0524864196777344 0.0580024719238281
0.101570129394531 0.021240234375 -0.0611763000488281 0.00240325927734374
0.0540542602539062 0.0838241577148437 0.0139884948730469 -0.0125331878662109
-0.0078582763671875 0.095367431640625 0.0342941284179687 0.122314453125
0.0536880493164063 -0.0340499877929688 -0.0523834228515625 -0.141845703125
-0.00902557373046875 -0.0571708679199219 -0.0274391174316406 -0.0018310546875
-0.0496406555175781 -0.022369384765625 0.0715408325195313 0.0016632080078125
-0.0397491455078125 0.0281257629394531 0.0806121826171875 -0.0753097534179687
-0.00581359863281249 0.0468559265136719 0.0182037353515625 -0.116645812988281
0.0272464752197266 0.0323600769042969 -0.0574722290039062 -0.121246337890625
0.0246677398681641 0.0179176330566406 -0.10504150390625 -0.0734481811523438
0.0170536041259766 0.0209636688232422 -0.0952224731445313 -0.0454864501953125
0.0155391693115234 0.0223827362060547 -0.0846786499023438 -0.029876708984375
0.000392913818359375 0.0202484130859375 -0.0730514526367188 -0.0383987426757813
-0.0197029113769531 0.00773048400878906 -0.0761337280273438 -0.0436248779296875
-0.0287666320800781 -0.0246105194091797 -0.0789871215820312 -0.0706939697265625
0.013214111328125 -0.0462112426757813 -0.05364990234375 -0.113258361816406
0.0597076416015625 -0.0352630615234375 -0.0812911987304688 -0.134689331054687
0.0813217163085938 -0.00901031494140625 -0.112350463867188 -0.152999877929688
0.0952682495117188 0.0311279296875 -0.0317535400390625 -0.148468017578125
0.0459060668945313 -0.020904541015625 -0.0213794708251953 -0.00543785095214844
0.0141391754150391 -0.0303630828857422 0.0838623046875 0.0063934326171875
-0.00659561157226563 -0.0100784301757813 0.0970382690429688 -0.0764389038085938
-0.00386428833007813 -0.000116109848022462 0.0320205688476563 -0.12548828125
0.00159716606140137 -0.000266432762145996 -0.0542144775390625 -0.128242492675781
-0.0122947692871094 -0.00375080108642578 -0.105735778808594 -0.075225830078125
-0.0171871185302734 -0.00862503051757813 -0.0925674438476563 -0.044769287109375
-0.0184154510498047 -0.00538253784179688 -0.0838775634765625 -0.026275634765625
-0.0132026672363281 -0.0154552459716797 -0.0746841430664062 -0.0291519165039063
-0.00539207458496093 -0.0322380065917969 -0.07537841796875 -0.0336761474609375
0.0145263671875 -0.0508193969726563 -0.0849761962890625 -0.0617752075195312
0.0705108642578125 -0.0271148681640625 -0.0593414306640625 -0.09808349609375
0.101089477539063 0.0102081298828125 -0.0848770141601562 -0.118789672851563
0.115257263183594 0.06060791015625 -0.101638793945312 -0.134941101074219
0.119483947753906 0.0984573364257813 3.81469726562574E-05 -0.132621765136719
0.0927581787109375 0.0315628051757813 -0.00555419921874999 0.00399971008300782
0.0867996215820313 -0.0241241455078125 0.0992889404296875 0.020172119140625
0.0398979187011719 -0.0454864501953125 0.116806030273438 -0.0661697387695313
0.00927352905273438 -0.0519142150878906 0.0517120361328125 -0.123603820800781
-0.0197257995605469 -0.0397720336914063 -0.0407333374023438 -0.124824523925781
-0.0460586547851563 -0.0283203125 -0.0932540893554687 -0.0696029663085938
-0.0494346618652344 -0.0368843078613281 -0.0760955810546875 -0.0366592407226562
-0.0531387329101563 -0.0297737121582031 -0.07049560546875 -0.0150222778320312
-0.0330162048339844 -0.045623779296875 -0.0669212341308594 -0.00875854492187499
-0.00479125976562501 -0.0691070556640625 -0.0717849731445313 -0.0132827758789063
0.0405654907226563 -0.0809478759765625 -0.0911331176757813 -0.0432052612304688
0.118988037109375 -0.025970458984375 -0.068878173828125 -0.0782699584960937
0.137641906738281 0.0361785888671875 -0.081451416015625 -0.0974578857421875
0.140762329101562 0.113067626953125 -0.0821304321289063 -0.0982513427734375
0.117721557617188 0.155075073242188 0.0376739501953125 -0.0911712646484375
0.12005615234375 0.0903778076171875 0.0164947509765625 0.0280055999755859
0.152786254882813 0.0005035400390625 0.1097412109375 0.0426254272460938
0.092620849609375 -0.066986083984375 0.132011413574219 -0.0409698486328125
0.03271484375 -0.0962142944335938 0.0733871459960938 -0.10357666015625
-0.0316238403320313 -0.077056884765625 -0.019561767578125 -0.107673645019531
-0.0711593627929688 -0.0515975952148438 -0.0674095153808594 -0.0559425354003906
-0.0749893188476563 -0.0604171752929688 -0.0497512817382813 -0.0226860046386719
-0.082244873046875 -0.0470046997070313 -0.0448036193847656 0.00177383422851561
-0.0541610717773437 -0.0660285949707031 -0.048675537109375 0.01666259765625
-0.0139923095703125 -0.0978164672851563 -0.0604667663574219 0.01226806640625
0.0512771606445313 -0.107887268066406 -0.0893783569335937 -0.0180130004882813
0.150161743164063 -0.0334930419921875 -0.073028564453125 -0.0559005737304688
0.160140991210938 0.0492401123046875 -0.0669326782226562 -0.0769577026367188
0.149063110351563 0.145584106445313 -0.0528068542480469 -0.0520362854003906
0.09381103515625 0.184494018554688 0.071502685546875 -0.03045654296875
0.117179870605469 0.137901306152344 0.0400199890136719 0.0625190734863281
0.1868896484375 0.0388031005859375 0.108406066894531 0.06988525390625
0.132881164550781 -0.0636749267578125 0.133369445800781 -0.0053253173828125
0.057891845703125 -0.118804931640625 0.0879058837890625 -0.0688323974609375
-0.0331649780273437 -0.103347778320312 0.00555419921874999 -0.0768356323242187
-0.082855224609375 -0.068115234375 -0.0327606201171875 -0.0365638732910156
-0.0888595581054688 -0.0742340087890625 -0.0154294967651367 -0.005126953125
-0.101089477539063 -0.0578155517578125 -0.011474609375 0.0200557708740234
-0.0692367553710937 -0.0775985717773438 -0.02215576171875 0.0420646667480469
-0.0224380493164063 -0.114151000976563 -0.0424766540527344 0.0370445251464844
0.0533370971679688 -0.120697021484375 -0.0808792114257813 0.00662231445312499
0.16156005859375 -0.0350189208984375 -0.0708465576171875 -0.0349502563476563
0.16156005859375 0.0587005615234375 -0.044189453125 -0.0598030090332031
0.135696411132813 0.159393310546875 -0.0185623168945312 -0.00223350524902343
0.0538482666015625 0.176910400390625 0.0959091186523438 0.0370941162109375
0.0869140625 0.155075073242188 0.0575408935546875 0.0982894897460938
0.177108764648438 0.071746826171875 0.095672607421875 0.0922927856445313
0.143264770507812 -0.04290771484375 0.121490478515625 0.0303115844726562
0.0726318359375 -0.113372802734375 0.0891036987304688 -0.0267562866210938
-0.0277862548828125 -0.109573364257813 0.0282211303710937 -0.0376548767089844
-0.0811538696289063 -0.0724639892578125 0.00440120697021484 -0.011683464050293
-0.08917236328125 -0.0772933959960938 0.0200862884521484 0.0114402770996094
-0.104537963867187 -0.0605392456054688 0.0248184204101562 0.03717041015625
-0.072509765625 -0.079620361328125 0.00745010375976562 0.0646324157714844
-0.0236053466796875 -0.116310119628906 -0.0241928100585938 0.0582237243652344
0.055023193359375 -0.116294860839844 -0.0685195922851562 0.0275306701660156
0.1572265625 -0.02392578125 -0.0651206970214844 -0.0181503295898437
0.1422119140625 0.07135009765625 -0.0187721252441406 -0.0460662841796875
0.101638793945312 0.155685424804688 0.0125579833984375 0.0456390380859375
0.00659942626953124 0.135658264160156 0.109687805175781 0.0955734252929688
0.040191650390625 0.136093139648438 0.0687637329101563 0.126380920410156
0.13043212890625 0.0840835571289063 0.076751708984375 0.104629516601563
0.120277404785156 -0.016510009765625 0.100051879882813 0.0571823120117188
0.0684890747070313 -0.0875320434570313 0.0822830200195313 0.010467529296875
-0.018585205078125 -0.0957565307617187 0.0458946228027344 -0.000949859619140631
-0.0684814453125 -0.0638847351074219 0.038421630859375 0.00903701782226562
-0.0767440795898438 -0.0687484741210938 0.0525932312011719 0.0253868103027344
-0.0930557250976563 -0.0567626953125 0.0584487915039063 0.0508537292480469
-0.0646286010742188 -0.073638916015625 0.0338821411132812 0.0846633911132812
-0.017913818359375 -0.106597900390625 -0.00875091552734376 0.0778121948242188
0.055877685546875 -0.0985488891601563 -0.0582695007324219 0.0457038879394531
0.139633178710937 -0.00263214111328125 -0.0620498657226563 -0.00562667846679688
0.106864929199219 0.0831069946289062 0.00182723999023438 -0.0305042266845703
0.0508880615234375 0.136405944824219 0.03289794921875 0.08917236328125
-0.0394554138183594 0.0702705383300781 0.113479614257813 0.131340026855469
-0.0072479248046875 0.0910186767578125 0.0756149291992187 0.138763427734375
0.0655746459960938 0.0714950561523438 0.0606689453125 0.106132507324219
0.075042724609375 0.00460052490234375 0.0822219848632813 0.0717620849609375
0.0484199523925781 -0.0503273010253906 0.0728378295898438 0.0338592529296875
-0.0103225708007813 -0.0652351379394531 0.0576591491699219 0.0240440368652344
-0.0451927185058594 -0.0450706481933594 0.0661888122558594 0.0237007141113281
-0.0520362854003906 -0.0495414733886719 0.077362060546875 0.03564453125
-0.0677909851074219 -0.0458450317382813 0.085052490234375 0.0621490478515625
-0.046844482421875 -0.0589790344238281 0.05316162109375 0.102279663085938
-0.00772094726562501 -0.0839004516601562 -0.000602722167968757 0.0968780517578125
0.0516242980957031 -0.0692863464355469 -0.0546226501464844 0.0611534118652344
0.106491088867188 0.0194931030273438 -0.0638923645019531 0.00284194946289063
0.0586776733398437 0.08551025390625 0.0138473510742188 -0.0154628753662109
-0.00607299804687501 0.0991439819335938 0.0371627807617188 0.124969482421875
0.0539894104003906 -0.0364494323730469 -0.0593109130859375 -0.142898559570313
-0.0122413635253906 -0.0585212707519531 -0.0282192230224609 0.000221252441406244
-0.0524215698242188 -0.0208854675292969 0.0736312866210938 -6.86645507812513E-05
-0.0388336181640625 0.0308265686035156 0.079986572265625 -0.0810699462890625
-0.003662109375 0.047943115234375 0.01531982421875 -0.121315002441406
0.0286026000976563 0.0311737060546875 -0.0644378662109375 -0.123558044433594
0.0253181457519531 0.0166206359863281 -0.111312866210937 -0.0704727172851563
0.0178966522216797 0.0203266143798828 -0.101448059082031 -0.0426483154296875
0.0161056518554688 0.0218067169189453 -0.08831787109375 -0.0262832641601562
0.00110435485839844 0.0204906463623047 -0.0771408081054688 -0.0366592407226563
-0.0193405151367188 0.008331298828125 -0.0812759399414063 -0.0426559448242188
-0.0304508209228516 -0.0239353179931641 -0.083831787109375 -0.0698699951171875
0.0120697021484375 -0.0475730895996094 -0.0587997436523438 -0.114097595214844
0.0595207214355469 -0.0383834838867187 -0.0872879028320313 -0.135475158691406
0.0824737548828125 -0.0131301879882813 -0.119918823242188 -0.15313720703125
0.0988311767578125 0.0286865234375 -0.0384521484375 -0.150238037109375
0.0455093383789063 -0.0233802795410156 -0.0225200653076172 -0.00305366516113282
0.0130252838134766 -0.0321273803710938 0.0868377685546875 0.0040435791015625
-0.00705432891845703 -0.00976276397705078 0.097625732421875 -0.0825729370117188
-0.00330948829650879 -0.000658988952636718 0.0286178588867187 -0.131332397460938
0.00187909603118896 -0.00118696689605713 -0.0619277954101563 -0.130699157714844
-0.0130901336669922 -0.00425815582275391 -0.11224365234375 -0.07220458984375
-0.0187129974365234 -0.00842857360839844 -0.0989456176757813 -0.0415267944335937
-0.0194988250732422 -0.0056610107421875 -0.0880508422851562 -0.0228347778320313
-0.0144290924072266 -0.0163135528564453 -0.07861328125 -0.0277862548828125
-0.00610923767089843 -0.0333881378173828 -0.0798873901367188 -0.0320358276367188
0.012786865234375 -0.0524482727050781 -0.0902862548828125 -0.0600433349609375
0.072052001953125 -0.0301971435546875 -0.0646896362304688 -0.0994415283203125
0.103836059570313 0.00701904296875 -0.0901718139648438 -0.118988037109375
0.120613098144531 0.0573577880859375 -0.109207153320312 -0.134414672851563
0.125831604003906 0.0974197387695313 -0.00545501708984375 -0.134719848632813
0.0965728759765625 0.0291976928710938 -0.00626754760742187 0.00630426406860352
0.0883560180664063 -0.0290603637695313 0.101837158203125 0.017578125
0.0400390625 -0.0478630065917969 0.117782592773437 -0.0721588134765625
0.00739669799804688 -0.0537452697753906 0.04998779296875 -0.129470825195313
-0.0213584899902344 -0.0404129028320313 -0.047271728515625 -0.127853393554688
-0.049041748046875 -0.0276756286621094 -0.0987930297851562 -0.0673904418945313
-0.0534248352050781 -0.0361366271972656 -0.0811691284179688 -0.03375244140625
-0.0561599731445313 -0.0284004211425781 -0.0740509033203125 -0.0111465454101563
-0.0353584289550781 -0.0464973449707031 -0.0696144104003906 -0.006256103515625
-0.00746154785156251 -0.0715713500976563 -0.0758819580078125 -0.0110321044921875
0.0391159057617188 -0.0848388671875 -0.0966873168945313 -0.0397567749023438
0.121902465820313 -0.0317535400390625 -0.0738067626953125 -0.078887939453125
0.142593383789063 0.0320281982421875 -0.0866241455078125 -0.0977554321289062
0.148468017578125 0.110580444335938 -0.0876846313476563 -0.097930908203125
0.12701416015625 0.155258178710938 0.0342025756835938 -0.0932083129882812
0.128211975097656 0.0883865356445313 0.0172348022460938 0.030364990234375
0.157485961914063 -0.005706787109375 0.113166809082031 0.0413742065429688
0.0930938720703125 -0.0714111328125 0.133697509765625 -0.0471267700195313
0.0294952392578125 -0.100074768066406 0.0727920532226563 -0.109909057617188
-0.0355300903320313 -0.07867431640625 -0.02392578125 -0.110366821289063
-0.0750579833984375 -0.05047607421875 -0.0714340209960938 -0.054718017578125
-0.080810546875 -0.05859375 -0.052154541015625 -0.0208969116210937
-0.08746337890625 -0.04486083984375 -0.0469131469726563 0.00449371337890625
-0.0573577880859375 -0.0664443969726562 -0.0494461059570313 0.0190963745117187
-0.0175552368164063 -0.099884033203125 -0.0634841918945313 0.0149993896484375
0.0481948852539063 -0.113037109375 -0.0951461791992188 -0.01361083984375
0.153427124023438 -0.0411224365234375 -0.077880859375 -0.0562820434570312
0.166229248046875 0.0442352294921875 -0.0720443725585937 -0.077545166015625
0.159698486328125 0.1431884765625 -0.0563201904296875 -0.0517578125
0.10272216796875 0.186782836914063 0.071014404296875 -0.0316085815429687
0.127410888671875 0.137153625488281 0.0413017272949219 0.0640983581542969
0.194046020507813 0.031036376953125 0.113052368164063 0.068511962890625
0.134162902832031 -0.070709228515625 0.13763427734375 -0.0104751586914063
0.054595947265625 -0.124610900878906 0.0884475708007813 -0.0729827880859375
-0.037872314453125 -0.105255126953125 0.003631591796875 -0.079559326171875
-0.0876312255859375 -0.0665817260742188 -0.0349044799804688 -0.0353507995605469
-0.0961837768554687 -0.0725555419921875 -0.0165042877197266 -0.00442695617675782
-0.106666564941406 -0.0543289184570313 -0.0110321044921875 0.0208072662353516
-0.0734100341796875 -0.0769119262695313 -0.0210037231445313 0.044219970703125
-0.0271759033203125 -0.115692138671875 -0.0437240600585938 0.0399322509765625
0.0501556396484375 -0.125587463378906 -0.084991455078125 0.0112686157226563
0.165390014648438 -0.04315185546875 -0.0748672485351562 -0.035003662109375
0.168670654296875 0.053985595703125 -0.0479660034179687 -0.0607070922851563
0.146728515625 0.157516479492188 -0.0191154479980469 -0.00224494934082031
0.0613861083984375 0.180389404296875 0.0975341796875 0.0367660522460938
0.0950775146484375 0.1566162109375 0.0612030029296875 0.100738525390625
0.185043334960937 0.0657958984375 0.100738525390625 0.0923614501953125
0.145492553710938 -0.04925537109375 0.125694274902344 0.027069091796875
0.0692138671875 -0.120124816894531 0.0918121337890625 -0.030792236328125
-0.032196044921875 -0.112129211425781 0.0286178588867188 -0.0398674011230469
-0.0857315063476563 -0.0708847045898437 0.00488948822021484 -0.0127544403076172
-0.095550537109375 -0.0747604370117188 0.0212841033935547 0.0101528167724609
-0.110572814941406 -0.0573806762695312 0.0265579223632812 0.0362091064453125
-0.077117919921875 -0.0784378051757813 0.010650634765625 0.0660934448242188
-0.02935791015625 -0.118133544921875 -0.0231552124023437 0.0610389709472656
0.0519332885742188 -0.121574401855469 -0.0710983276367188 0.0322341918945312
0.161117553710938 -0.0319976806640625 -0.067718505859375 -0.0182037353515625
0.149002075195313 0.067291259765625 -0.0219879150390625 -0.0474319458007812
0.111343383789063 0.155288696289063 0.0148086547851563 0.0453758239746094
0.0113143920898437 0.139877319335937 0.114784240722656 0.0955810546875
0.0469589233398438 0.138809204101563 0.0735397338867188 0.128318786621094
0.137565612792969 0.0804672241210938 0.0814437866210938 0.105308532714844
0.122688293457031 -0.0211105346679688 0.105278015136719 0.055419921875
0.066192626953125 -0.093353271484375 0.0854949951171875 0.007843017578125
-0.0240936279296875 -0.0974807739257813 0.0482254028320313 -0.00269317626953126
-0.0725784301757813 -0.0622940063476563 0.0408401489257812 0.00757598876953125
-0.0824966430664063 -0.0665283203125 0.0546951293945312 0.0232124328613281
-0.0985031127929688 -0.0536956787109375 0.0624771118164062 0.0486717224121094
-0.0689773559570313 -0.0728836059570313 0.0385894775390625 0.0856475830078125
-0.0225906372070313 -0.107978820800781 -0.0068817138671875 0.0809860229492188
0.0536117553710938 -0.103630065917969 -0.0596847534179687 0.0496902465820313
0.142990112304687 -0.0097503662109375 -0.06414794921875 -0.00496673583984374
0.113212585449219 0.0807723999023438 -0.000741958618164055 -0.0330238342285156
0.0581207275390625 0.137565612792969 0.0362167358398437 0.0898818969726563
-0.038421630859375 0.0741348266601563 0.119384765625 0.132530212402344
-0.00440216064453126 0.0925064086914063 0.0816192626953125 0.140235900878906
0.071075439453125 0.0700149536132812 0.065277099609375 0.107795715332031
0.0774459838867188 0.00152587890625 0.0875091552734375 0.0713272094726563
0.0473403930664063 -0.0545387268066406 0.077301025390625 0.0328826904296875
-0.0135993957519531 -0.0663986206054688 0.0619926452636719 0.0233154296875
-0.0486297607421875 -0.04364013671875 0.0695610046386719 0.0214767456054687
-0.0572166442871094 -0.0484962463378906 0.0805740356445313 0.0318679809570313
-0.07159423828125 -0.0429000854492188 0.0907440185546875 0.0598678588867188
-0.0499420166015625 -0.0588836669921875 0.0596466064453125 0.102760314941406
-0.0111923217773438 -0.0851821899414063 0.00189208984375 0.10009765625
0.0505599975585938 -0.0729217529296875 -0.0555076599121094 0.0653038024902344
0.109954833984375 0.0135421752929688 -0.0657386779785156 0.00432586669921876
0.0638580322265625 0.08489990234375 0.0126256942749023 -0.0174236297607422
-0.0022125244140625 0.101295471191406 0.0419387817382813 0.125991821289063
0.0522918701171875 -0.0382575988769531 -0.0650177001953125 -0.14080810546875
-0.0153083801269531 -0.057891845703125 -0.0282630920410156 0.00264549255371093
-0.0537528991699219 -0.0181846618652344 0.0747604370117188 -0.00153350830078125
-0.0362930297851563 0.0328140258789062 0.0784835815429688 -0.0842514038085938
-0.000476837158203125 0.0478248596191406 0.0120620727539062 -0.12359619140625
0.0302486419677734 0.0289020538330078 -0.0702285766601562 -0.121749877929688
0.0256862640380859 0.0148296356201172 -0.115776062011719 -0.0667648315429687
0.0180854797363281 0.0190505981445313 -0.10406494140625 -0.0371932983398438
0.0180091857910156 0.0202465057373047 -0.0909652709960937 -0.0220794677734375
0.00196647644042969 0.0188980102539063 -0.0805282592773438 -0.0345916748046875
-0.0190029144287109 0.00901412963867188 -0.0845184326171875 -0.0398025512695313
-0.0317897796630859 -0.0222225189208984 -0.0868988037109375 -0.0668182373046875
0.0101776123046875 -0.0483551025390625 -0.0613479614257812 -0.114143371582031
0.0585708618164062 -0.0414314270019531 -0.0917816162109375 -0.133766174316406
0.0812759399414062 -0.0163497924804688 -0.12506103515625 -0.149307250976563
0.100204467773438 0.0253219604492188 -0.04388427734375 -0.148605346679688
0.0450973510742188 -0.0245208740234375 -0.0225753784179687 4.38690185546898E-05
0.0113277435302734 -0.0324878692626953 0.0875244140625 0.002777099609375
-0.00611305236816406 -0.0086817741394043 0.0951614379882813 -0.0861053466796875
-0.00271224975585937 -0.00136518478393555 0.025146484375 -0.133636474609375
0.00186777114868164 -0.00255703926086426 -0.0672988891601563 -0.129669189453125
-0.0137472152709961 -0.00377845764160156 -0.11639404296875 -0.0679855346679687
-0.0199146270751953 -0.00765609741210938 -0.10150146484375 -0.0361557006835937
-0.0200042724609375 -0.00545883178710938 -0.0909042358398438 -0.0185394287109375
-0.0147113800048828 -0.0170764923095703 -0.0808334350585938 -0.0249176025390625
-0.00660896301269532 -0.0338573455810547 -0.0828475952148438 -0.029998779296875
0.0110664367675781 -0.0524063110351563 -0.0936813354492188 -0.0568923950195312
0.0725860595703125 -0.0330429077148437 -0.0682449340820313 -0.0987777709960938
0.104682922363281 0.0032958984375 -0.0947113037109375 -0.117027282714844
0.123016357421875 0.0529708862304688 -0.113853454589844 -0.131553649902344
0.130500793457031 0.0938262939453125 -0.0112152099609375 -0.133834838867188
0.098785400390625 0.0261993408203125 -0.00661945343017578 0.009613037109375
0.0877456665039063 -0.0330734252929688 0.102767944335938 0.0155868530273438
0.0392112731933594 -0.0491790771484375 0.116584777832031 -0.0767898559570313
0.00579452514648438 -0.0551528930664062 0.0458908081054688 -0.133033752441406
-0.0227012634277344 -0.0401496887207031 -0.052581787109375 -0.127059936523438
-0.0502090454101563 -0.0263519287109375 -0.102081298828125 -0.0630874633789062
-0.0562705993652344 -0.0340919494628906 -0.0842819213867188 -0.0303497314453125
-0.0573196411132813 -0.0267105102539062 -0.0756759643554688 -0.00802612304687499
-0.0372047424316406 -0.0462417602539063 -0.0707321166992188 -0.00357818603515626
-0.0092620849609375 -0.0723114013671875 -0.0782012939453125 -0.00823974609374999
0.0359649658203125 -0.087005615234375 -0.0999755859375 -0.0357208251953125
0.122299194335938 -0.0373153686523438 -0.0772323608398437 -0.0783538818359375
0.144622802734375 0.0272064208984375 -0.0902557373046875 -0.095428466796875
0.153823852539063 0.105331420898438 -0.091278076171875 -0.0946502685546875
0.13360595703125 0.15252685546875 0.02996826171875 -0.0932693481445312
0.132194519042969 0.0845565795898438 0.0176506042480469 0.0324859619140625
0.157516479492188 -0.0133514404296875 0.113945007324219 0.0383682250976563
0.0906524658203125 -0.0751876831054688 0.133781433105469 -0.0523834228515625
0.025970458984375 -0.102455139160156 0.0700302124023438 -0.114234924316406
-0.038604736328125 -0.0772171020507813 -0.0279006958007812 -0.111213684082031
-0.077423095703125 -0.0480728149414063 -0.07440185546875 -0.0515213012695313
-0.0852737426757812 -0.0550689697265625 -0.0542564392089844 -0.0182228088378906
-0.089599609375 -0.041595458984375 -0.0479278564453125 0.00694656372070313
-0.0603523254394531 -0.0647087097167969 -0.049041748046875 0.0214576721191406
-0.021331787109375 -0.100540161132813 -0.0642814636230469 0.0180587768554687
0.0444183349609375 -0.115211486816406 -0.097564697265625 -0.00961303710937499
0.153411865234375 -0.04815673828125 -0.0806808471679687 -0.0548782348632813
0.16912841796875 0.03839111328125 -0.0749359130859375 -0.075836181640625
0.16607666015625 0.137847900390625 -0.0579032897949219 -0.0500144958496094
0.110397338867188 0.184585571289063 0.0686378479003906 -0.032440185546875
0.133499145507813 0.134063720703125 0.0429115295410156 0.0655860900878906
0.196640014648438 0.0229644775390625 0.113914489746094 0.0655670166015625
0.132705688476563 -0.075347900390625 0.138008117675781 -0.0152435302734375
0.0492095947265625 -0.127670288085938 0.0876541137695313 -0.0778732299804688
-0.0420684814453125 -0.104583740234375 0.00127410888671875 -0.080078125
-0.0904769897460938 -0.062835693359375 -0.0366058349609375 -0.0336036682128906
-0.101303100585938 -0.0689544677734375 -0.0175485610961914 -0.00458240509033203
-0.109283447265625 -0.0502471923828125 -0.0107345581054688 0.0217609405517578
-0.076416015625 -0.0742645263671875 -0.0192909240722656 0.0459403991699219
-0.032073974609375 -0.115577697753906 -0.0440750122070313 0.0416908264160156
0.0453033447265625 -0.128616333007813 -0.0868072509765625 0.0148391723632812
0.1650390625 -0.0509185791015625 -0.0774307250976562 -0.0336074829101562
0.171737670898438 0.0478973388671875 -0.0509147644042969 -0.0607261657714844
0.1544189453125 0.152023315429687 -0.0197982788085937 -0.00123596191406249
0.068023681640625 0.179153442382813 0.0984039306640625 0.035186767578125
0.102447509765625 0.15423583984375 0.0634078979492188 0.100631713867188
0.1885986328125 0.05743408203125 0.102584838867188 0.090484619140625
0.144256591796875 -0.05499267578125 0.127670288085938 0.0228042602539063
0.0645599365234375 -0.124183654785156 0.0916290283203125 -0.03436279296875
-0.0367507934570313 -0.111763000488281 0.028717041015625 -0.0401840209960938
-0.0893707275390625 -0.0670700073242187 0.0046701431274414 -0.0125761032104492
-0.100860595703125 -0.0712738037109375 0.0203132629394531 0.00923156738281249
-0.113273620605469 -0.05255126953125 0.0279712677001953 0.0343418121337891
-0.0810317993164062 -0.0751113891601563 0.0139045715332031 0.0658149719238281
-0.033782958984375 -0.117225646972656 -0.0220985412597656 0.0630111694335937
0.0479736328125 -0.124214172363281 -0.0720901489257813 0.0357513427734375
0.16094970703125 -0.0399627685546875 -0.0708389282226563 -0.0166244506835937
0.152908325195313 0.0616912841796875 -0.02435302734375 -0.0481491088867187
0.118362426757813 0.151397705078125 0.0158882141113281 0.0447616577148438
0.016845703125 0.141067504882812 0.116912841796875 0.0935287475585938
0.0529861450195313 0.1376953125 0.077362060546875 0.127777099609375
0.14251708984375 0.0740814208984375 0.0847091674804688 0.104461669921875
0.123001098632813 -0.026885986328125 0.107620239257813 0.0523300170898438
0.0626144409179688 -0.0970001220703125 0.0873336791992188 0.00482177734374999
-0.027801513671875 -0.0973434448242187 0.0498504638671875 -0.00411987304687501
-0.07501220703125 -0.05926513671875 0.0426216125488281 0.0061798095703125
-0.0870361328125 -0.0628662109375 0.0557327270507812 0.0200080871582031
-0.101646423339844 -0.0489425659179687 0.0642051696777344 0.0457038879394531
-0.0722122192382813 -0.0699691772460937 0.042755126953125 0.0845870971679688
-0.027923583984375 -0.107383728027344 -0.00514984130859375 0.0824203491210938
0.0487823486328125 -0.106056213378906 -0.0601348876953125 0.0531005859375
0.143447875976563 -0.0171661376953125 -0.0657577514648437 -0.00355911254882812
0.117286682128906 0.0765380859375 -0.00234603881835937 -0.0346660614013672
0.0645217895507813 0.135383605957031 0.0395889282226563 0.0881118774414063
-0.0361557006835937 0.0761642456054688 0.123382568359375 0.129417419433594
-0.000526428222656248 0.0940475463867188 0.0858383178710938 0.138862609863281
0.0745620727539063 0.0657424926757813 0.0681381225585938 0.106880187988281
0.0780792236328125 -0.00226593017578125 0.09051513671875 0.0685043334960938
0.0452499389648438 -0.0568084716796875 0.0798721313476563 0.0303497314453125
-0.017059326171875 -0.066375732421875 0.0653800964355469 0.0209732055664062
-0.050262451171875 -0.0409164428710937 0.0713577270507813 0.0186309814453125
-0.0607490539550781 -0.0451622009277344 0.0826568603515625 0.0278854370117187
-0.0744171142578125 -0.0388946533203125 0.093414306640625 0.0555038452148437
-0.0528221130371094 -0.0560989379882812 0.0642852783203125 0.100692749023438
-0.0150146484375 -0.0845108032226563 0.00448608398437499 0.101158142089844
0.0475234985351563 -0.0752487182617187 -0.0550270080566406 0.06805419921875
0.110458374023438 0.00879669189453125 -0.0661888122558594 0.00596237182617189
0.06793212890625 0.0826416015625 0.0106201171875 -0.020233154296875
0.00206756591796876 0.102241516113281 0.0463180541992188 0.124641418457031
0.052154541015625 -0.0392684936523438 -0.0666580200195313 -0.138153076171875
-0.0168075561523437 -0.0575485229492187 -0.0278415679931641 0.00490188598632812
-0.0540618896484375 -0.0167465209960937 0.0754013061523438 -0.00164794921875
-0.0347461700439453 0.0334033966064453 0.0771560668945313 -0.0855484008789063
0.000988006591796875 0.0473861694335938 0.00971984863281251 -0.124610900878906
0.0305118560791016 0.0280036926269531 -0.0726699829101563 -0.121261596679688
0.0253963470458984 0.0137100219726563 -0.117362976074219 -0.0631179809570313
0.0188980102539063 0.0189018249511719 -0.105720520019531 -0.033111572265625
0.0180397033691406 0.0183143615722656 -0.090789794921875 -0.0192718505859375
0.00277519226074219 0.0172100067138672 -0.0825424194335938 -0.032958984375
-0.0184497833251953 0.00881385803222656 -0.0856704711914063 -0.0383453369140625
-0.0317878723144531 -0.0206985473632812 -0.0875701904296875 -0.06524658203125
0.00989913940429688 -0.0477409362792969 -0.0625228881835938 -0.113243103027344
0.05694580078125 -0.0425338745117188 -0.0929718017578125 -0.1317138671875
0.0804595947265625 -0.0182723999023438 -0.125747680664063 -0.146453857421875
0.100967407226563 0.0239334106445313 -0.0462188720703125 -0.145492553710937
0.0438461303710937 -0.0254859924316406 -0.0223159790039062 0.00263786315917969
0.0108470916748047 -0.032318115234375 0.0876007080078125 0.0022430419921875
-0.00536346435546875 -0.00893688201904297 0.094390869140625 -0.0873489379882813
-0.00263428688049316 -0.00095224380493164 0.0228958129882812 -0.13543701171875
0.00195455551147461 -0.00250792503356934 -0.0704345703125 -0.128814697265625
-0.0139684677124023 -0.00404167175292969 -0.117904663085938 -0.0644912719726563
-0.0207672119140625 -0.00757980346679688 -0.102577209472656 -0.0329208374023438
-0.0202922821044922 -0.00555992126464843 -0.0911026000976563 -0.0158157348632812
-0.0143165588378906 -0.0177497863769531 -0.0825958251953125 -0.0230865478515625
-0.00740814208984375 -0.0337657928466797 -0.0850143432617187 -0.0282516479492188
0.00983428955078125 -0.0519523620605469 -0.0947036743164063 -0.0548553466796875
0.072235107421875 -0.0347824096679688 -0.0690841674804687 -0.09857177734375
0.10394287109375 0.00104522705078125 -0.0950851440429688 -0.114738464355469
0.122695922851563 0.050323486328125 -0.113983154296875 -0.128715515136719
0.132415771484375 0.0912246704101563 -0.0131683349609375 -0.131095886230469
0.0987625122070313 0.024078369140625 -0.00656795501708984 0.0122041702270508
0.0868759155273438 -0.0347518920898438 0.103065490722656 0.01531982421875
0.0384750366210938 -0.0497512817382812 0.115470886230469 -0.0783767700195313
0.00445938110351563 -0.0553779602050781 0.0443954467773437 -0.134391784667969
-0.0231971740722656 -0.0400123596191406 -0.0552597045898438 -0.126548767089844
-0.050445556640625 -0.0254783630371094 -0.103538513183594 -0.06024169921875
-0.0578346252441406 -0.0329017639160156 -0.0849456787109375 -0.0268478393554687
-0.0584449768066406 -0.0255622863769531 -0.0761566162109375 -0.00482177734375001
-0.0373039245605469 -0.0461006164550781 -0.0717086791992188 -0.00192260742187502
-0.0105667114257813 -0.0726165771484375 -0.0795059204101563 -0.0066680908203125
0.0341873168945313 -0.0870361328125 -0.101432800292969 -0.0329513549804688
0.121498107910156 -0.0396270751953125 -0.077850341796875 -0.077880859375
0.144500732421875 0.024871826171875 -0.0911178588867187 -0.0940170288085937
0.155120849609375 0.101638793945313 -0.0915298461914063 -0.0935134887695312
0.136947631835938 0.150299072265625 0.027618408203125 -0.0915374755859375
0.1341552734375 0.08221435546875 0.0171890258789063 0.0341262817382813
0.1571044921875 -0.016571044921875 0.114143371582031 0.0375213623046875
0.0896224975585938 -0.0764846801757813 0.1322021484375 -0.054412841796875
0.0233535766601563 -0.103111267089844 0.0685348510742188 -0.116035461425781
-0.0396041870117188 -0.0766525268554688 -0.0301284790039063 -0.110359191894531
-0.078216552734375 -0.0464096069335938 -0.0743408203125 -0.0491180419921875
-0.086669921875 -0.0530776977539062 -0.055511474609375 -0.0162849426269531
-0.0905227661132813 -0.0396804809570313 -0.0479621887207031 0.00841522216796874
-0.0605545043945313 -0.0635719299316406 -0.0490455627441406 0.0225753784179687
-0.0225601196289062 -0.0994186401367188 -0.0653038024902344 0.0191268920898438
0.0420303344726563 -0.115631103515625 -0.099212646484375 -0.00634002685546877
0.15228271484375 -0.05194091796875 -0.0815200805664062 -0.0544052124023438
0.16949462890625 0.034942626953125 -0.0761947631835937 -0.07470703125
0.16839599609375 0.134048461914063 -0.0581855773925781 -0.0486488342285156
0.114395141601563 0.182830810546875 0.0670242309570313 -0.0319442749023437
0.136093139648438 0.130882263183594 0.0423583984375 0.0662460327148438
0.196670532226563 0.0180816650390625 0.11480712890625 0.0651016235351563
0.131011962890625 -0.077972412109375 0.137985229492188 -0.017822265625
0.0462799072265625 -0.128692626953125 0.0865478515625 -0.0798873901367188
-0.0438690185546875 -0.104087829589844 0.00086212158203124 -0.0801620483398437
-0.0917510986328125 -0.0613555908203125 -0.0359077453613281 -0.0319595336914063
-0.103561401367188 -0.0654754638671875 -0.0182399749755859 -0.00371932983398438
-0.111000061035156 -0.046966552734375 -0.0115795135498047 0.0217990875244141
-0.0772857666015625 -0.0728073120117188 -0.018096923828125 0.0457725524902344
-0.0335159301757813 -0.114204406738281 -0.0444068908691406 0.0433998107910156
0.0424346923828125 -0.129341125488281 -0.0875930786132813 0.0187301635742188
0.1632080078125 -0.055694580078125 -0.07861328125 -0.0339508056640625
0.17236328125 0.0437164306640625 -0.0528907775878906 -0.0603675842285156
0.156829833984375 0.148056030273438 -0.0191421508789062 -0.00142669677734374
0.07183837890625 0.17889404296875 0.098052978515625 0.034576416015625
0.10552978515625 0.150543212890625 0.06378173828125 0.101982116699219
0.189834594726563 0.05328369140625 0.103202819824219 0.0891036987304687
0.14312744140625 -0.057647705078125 0.127639770507813 0.020843505859375
0.061798095703125 -0.125236511230469 0.0918655395507813 -0.0359344482421875
-0.0388717651367188 -0.110298156738281 0.0288810729980469 -0.0413665771484375
-0.0897293090820313 -0.0656509399414063 0.00575542449951171 -0.0118408203125
-0.103569030761719 -0.0680160522460937 0.0210380554199219 0.00792312622070312
-0.11492919921875 -0.0491256713867188 0.0280380249023437 0.0338706970214844
-0.0814285278320312 -0.072967529296875 0.0154571533203125 0.0651969909667969
-0.0357589721679688 -0.116401672363281 -0.0225753784179688 0.0639572143554687
0.0439834594726562 -0.124824523925781 -0.0729446411132813 0.0381851196289062
0.158859252929688 -0.0437469482421875 -0.0712509155273437 -0.0168609619140625
0.153839111328125 0.0579681396484375 -0.0258331298828125 -0.0484046936035156
0.1214599609375 0.14801025390625 0.0165977478027344 0.0443572998046875
0.019989013671875 0.14105224609375 0.117210388183594 0.09271240234375
0.0553207397460938 0.1363525390625 0.077545166015625 0.127632141113281
0.143630981445313 0.0697479248046875 0.0844268798828125 0.103561401367188
0.122734069824219 -0.028594970703125 0.108505249023438 0.0506210327148438
0.0599441528320313 -0.098236083984375 0.0882720947265625 0.00346374511718749
-0.0298919677734375 -0.0958023071289063 0.051361083984375 -0.00541305541992188
-0.0755996704101563 -0.0568618774414063 0.0437774658203125 0.00553131103515625
-0.08880615234375 -0.0596847534179688 0.0557365417480469 0.0186309814453125
-0.101951599121094 -0.0448379516601562 0.0647201538085938 0.0438423156738281
-0.0726470947265625 -0.0676727294921875 0.0451736450195313 0.0831069946289063
-0.0293426513671875 -0.10540771484375 -0.00482940673828125 0.0831069946289063
0.0468368530273437 -0.10589599609375 -0.0602378845214844 0.0553436279296875
0.142608642578125 -0.0211639404296875 -0.0656394958496094 -0.00386810302734375
0.118576049804688 0.0736007690429688 -0.00444030761718749 -0.0364265441894531
0.0667190551757812 0.133323669433594 0.0402297973632813 0.0867080688476563
-0.0340347290039063 0.0768814086914063 0.123893737792969 0.127815246582031
0.00129699707031251 0.0928115844726563 0.0868301391601563 0.137588500976562
0.0764389038085938 0.0635986328125 0.0696029663085938 0.107284545898438
0.0781326293945313 -0.002899169921875 0.0913543701171875 0.067626953125
0.0431480407714844 -0.0578765869140625 0.0806884765625 0.0294113159179687
-0.018707275390625 -0.0645561218261719 0.0671615600585938 0.0194320678710937
-0.0502166748046875 -0.0391845703125 0.0723953247070313 0.0169830322265625
-0.0617942810058594 -0.0429229736328125 0.0821456909179688 0.02520751953125
-0.0747909545898438 -0.035919189453125 0.0945663452148438 0.0527496337890625
-0.0537376403808594 -0.0542984008789063 0.0667877197265625 0.0985565185546875
-0.0166015625 -0.0835800170898437 0.0048675537109375 0.101295471191406
0.04559326171875 -0.0761642456054688 -0.0551300048828125 0.0691566467285156
0.110504150390625 0.0053253173828125 -0.0665626525878906 0.00509262084960938
0.0697479248046875 0.08038330078125 0.00938034057617188 -0.0215377807617187
0.00380706787109375 0.101333618164063 0.0479965209960937 0.123069763183594
0.0529251098632812 -0.0388259887695312 -0.0672454833984375 -0.138900756835938
-0.0167007446289063 -0.0568046569824219 -0.0273284912109375 0.00579643249511719
-0.0542373657226562 -0.0157928466796875 0.0764694213867188 -0.000503540039062501
-0.0340461730957031 0.0336151123046875 0.07879638671875 -0.0857620239257813
0.00169754028320312 0.04779052734375 0.0104141235351563 -0.126243591308594
0.0306682586669922 0.0272445678710938 -0.0743942260742187 -0.122505187988281
0.0252113342285156 0.0137882232666016 -0.119705200195313 -0.0619964599609375
0.0187969207763672 0.0183162689208984 -0.106002807617188 -0.031890869140625
0.0181903839111328 0.0181446075439453 -0.0910720825195313 -0.018463134765625
0.0030517578125 0.0165424346923828 -0.0843582153320312 -0.0332565307617188
-0.0182075500488281 0.00799179077148437 -0.0873947143554688 -0.038909912109375
-0.0309295654296875 -0.0196781158447266 -0.0882949829101562 -0.0667724609375
0.00979232788085938 -0.0480918884277344 -0.06170654296875 -0.11590576171875
0.0563697814941406 -0.0431556701660156 -0.0915908813476563 -0.132431030273437
0.0802383422851563 -0.0177536010742188 -0.124847412109375 -0.148056030273438
0.101730346679688 0.0239639282226563 -0.046295166015625 -0.1451416015625
0.0439834594726563 -0.0251922607421875 -0.0222263336181641 0.00464248657226562
0.0109519958496094 -0.0326118469238281 0.0885696411132813 0.0032196044921875
-0.00473690032958985 -0.00878810882568359 0.095550537109375 -0.0883865356445313
-0.00190484523773193 -0.00130999088287354 0.02337646484375 -0.137962341308594
0.00227522850036621 -0.00353360176086426 -0.0710983276367187 -0.130317687988281
-0.0142173767089844 -0.00480461120605469 -0.120010375976562 -0.0641250610351563
-0.0209636688232422 -0.00752639770507813 -0.104278564453125 -0.0314102172851563
-0.0203285217285156 -0.00625419616699219 -0.0920867919921875 -0.0143280029296875
-0.0143089294433594 -0.0192203521728516 -0.0840530395507813 -0.0235214233398438
-0.00756072998046875 -0.0351638793945313 -0.08697509765625 -0.0284042358398437
0.010955810546875 -0.051849365234375 -0.0961151123046875 -0.0556411743164063
0.0729446411132813 -0.0348739624023438 -0.0685195922851563 -0.100822448730469
0.104164123535156 0.00101470947265625 -0.0946197509765625 -0.115989685058594
0.123542785644531 0.0509872436523438 -0.113578796386719 -0.129371643066406
0.133270263671875 0.0922698974609375 -0.013427734375 -0.130386352539063
0.0996017456054688 0.0236968994140625 -0.0063180923461914 0.0141572952270508
0.087310791015625 -0.0349502563476563 0.104019165039063 0.0166091918945313
0.0394172668457031 -0.0498542785644531 0.116966247558594 -0.0787429809570312
0.00517654418945312 -0.055877685546875 0.0453720092773438 -0.137245178222656
-0.0232505798339844 -0.0409011840820313 -0.0559844970703125 -0.128166198730469
-0.0509071350097656 -0.0258560180664062 -0.10498046875 -0.0599594116210938
-0.059234619140625 -0.0324974060058594 -0.0863571166992188 -0.0256576538085938
-0.0590553283691406 -0.0257682800292969 -0.077392578125 -0.00376892089843749
-0.0373458862304687 -0.0471305847167969 -0.0726547241210938 -0.00189971923828125
-0.009979248046875 -0.0736541748046875 -0.0815887451171875 -0.00629425048828125
0.0349044799804688 -0.0869674682617188 -0.102989196777344 -0.032928466796875
0.122901916503906 -0.0404434204101563 -0.0780410766601562 -0.080108642578125
0.145477294921875 0.0251007080078125 -0.0911331176757812 -0.0950698852539063
0.15625 0.102584838867188 -0.0910797119140625 -0.093780517578125
0.138671875 0.150863647460937 0.02734375 -0.0899200439453125
0.135169982910156 0.0822601318359375 0.0177345275878906 0.037322998046875
0.158447265625 -0.017852783203125 0.1142578125 0.0395431518554688
0.0913543701171875 -0.0771865844726563 0.133720397949219 -0.0542068481445313
0.0230636596679688 -0.104164123535156 0.0701675415039063 -0.118186950683594
-0.0392608642578125 -0.0779647827148438 -0.0302734375 -0.111824035644531
-0.078460693359375 -0.0467147827148438 -0.07452392578125 -0.0486907958984375
-0.0889663696289063 -0.0520782470703125 -0.0564498901367188 -0.0160903930664062
-0.0914077758789063 -0.03887939453125 -0.04876708984375 0.00988006591796874
-0.060760498046875 -0.0645561218261719 -0.0496101379394531 0.0227890014648437
-0.0227737426757813 -0.10107421875 -0.0673866271972656 0.0199317932128906
0.042144775390625 -0.116767883300781 -0.101188659667969 -0.00502777099609377
0.1533203125 -0.053497314453125 -0.082794189453125 -0.05670166015625
0.170944213867187 0.0352935791015625 -0.0768890380859375 -0.075531005859375
0.169708251953125 0.134231567382813 -0.0577049255371094 -0.0487442016601563
0.1162109375 0.183334350585937 0.0666084289550781 -0.0298881530761719
0.137054443359375 0.131752014160156 0.0426750183105469 0.0702743530273438
0.198089599609375 0.01690673828125 0.114082336425781 0.0674591064453125
0.132156372070313 -0.0786056518554688 0.13885498046875 -0.0172805786132813
0.0463409423828125 -0.130416870117188 0.0880355834960938 -0.0816650390625
-0.0442581176757812 -0.104171752929688 0.00119781494140625 -0.0811767578125
-0.0916290283203125 -0.0616378784179688 -0.0353240966796875 -0.0322074890136719
-0.104995727539062 -0.0646743774414063 -0.0185928344726563 -0.00358581542968751
-0.112037658691406 -0.0459442138671875 -0.0118236541748047 0.023284912109375
-0.0773773193359375 -0.0726165771484375 -0.0177154541015625 0.0461845397949219
-0.0343170166015625 -0.115394592285156 -0.0460624694824219 0.0444679260253906
0.0425796508789062 -0.130081176757813 -0.0898208618164063 0.0196609497070313
0.16455078125 -0.0576934814453125 -0.0795974731445313 -0.0351715087890625
0.173736572265625 0.04400634765625 -0.0536956787109375 -0.0617103576660156
0.158187866210938 0.149215698242188 -0.0194911956787109 -0.00134658813476561
0.0739288330078125 0.181228637695312 0.097900390625 0.0373687744140625
0.106201171875 0.151641845703125 0.0633621215820313 0.1043701171875
0.191131591796875 0.0516510009765625 0.102523803710938 0.0916519165039063
0.144943237304688 -0.0576019287109375 0.12774658203125 0.0220718383789062
0.0613861083984375 -0.12652587890625 0.0941162109375 -0.03656005859375
-0.0398025512695312 -0.110572814941406 0.0301933288574219 -0.0417747497558594
-0.0898513793945312 -0.0655364990234375 0.00657081604003906 -0.0125112533569336
-0.105033874511719 -0.0666580200195313 0.0202484130859375 0.00867462158203125
-0.116035461425781 -0.047454833984375 0.0281829833984375 0.0344161987304688
-0.0811920166015625 -0.07305908203125 0.0160331726074219 0.0659141540527344
-0.0366897583007812 -0.116302490234375 -0.023651123046875 0.0652236938476562
0.0442581176757812 -0.12579345703125 -0.0750503540039062 0.0403289794921875
0.16033935546875 -0.0455780029296875 -0.07257080078125 -0.0187759399414063
0.155746459960938 0.05877685546875 -0.0272026062011719 -0.0500373840332031
0.122116088867187 0.148956298828125 0.016326904296875 0.0439109802246094
0.0211029052734375 0.142623901367188 0.116661071777344 0.0948638916015625
0.0565872192382812 0.136566162109375 0.07708740234375 0.129486083984375
0.145065307617188 0.0689697265625 0.0842361450195313 0.106285095214844
0.123405456542969 -0.0292510986328125 0.108345031738281 0.0521697998046875
0.0595703125 -0.0989608764648438 0.0897445678710938 0.00398254394531249
-0.03057861328125 -0.0960311889648438 0.0532608032226563 -0.00492095947265626
-0.0757369995117188 -0.0570297241210938 0.0445327758789062 0.00506591796875
-0.0906906127929688 -0.0589752197265625 0.0560569763183594 0.0177345275878906
-0.102989196777344 -0.0438079833984375 0.0650672912597656 0.0438766479492188
-0.0727310180664063 -0.0673446655273437 0.0457382202148437 0.083282470703125
-0.0302200317382813 -0.1058349609375 -0.00598907470703126 0.0846786499023437
0.0465850830078125 -0.106559753417969 -0.0621109008789062 0.0563468933105469
0.143112182617188 -0.02264404296875 -0.0673980712890625 -0.0048828125
0.1199951171875 0.073455810546875 -0.00529861450195311 -0.0370254516601563
0.0678863525390625 0.133567810058594 0.0402603149414063 0.0868453979492188
-0.0334243774414063 0.0789337158203125 0.123687744140625 0.129997253417969
0.00240325927734376 0.0933456420898437 0.0854644775390625 0.139533996582031
0.076324462890625 0.061737060546875 0.06884765625 0.1090087890625
0.078399658203125 -0.00342559814453125 0.091552734375 0.0688247680664063
0.0427055358886719 -0.0585746765136719 0.0826492309570313 0.0297470092773438
-0.0194282531738281 -0.0648384094238281 0.0688056945800781 0.0198745727539062
-0.0503616333007813 -0.0384788513183594 0.0741729736328125 0.0159530639648438
-0.0625572204589844 -0.041900634765625 0.0823593139648438 0.0241012573242188
-0.0754318237304688 -0.0346298217773437 0.0953140258789063 0.051666259765625
-0.0537223815917969 -0.0540695190429687 0.0683822631835938 0.0986175537109375
-0.0174636840820313 -0.0837783813476563 0.00476074218749999 0.102943420410156
0.0454330444335938 -0.076019287109375 -0.0562210083007812 0.0704193115234375
0.11077880859375 0.00356292724609375 -0.0677757263183594 0.00403976440429688
0.0708847045898438 0.0796432495117188 0.00794792175292969 -0.0226955413818359
0.00380706787109374 0.102012634277344 0.0473480224609375 0.123176574707031
0.0541801452636719 -0.0399398803710938 -0.0684356689453125 -0.142303466796875
-0.017913818359375 -0.0579910278320312 -0.0280666351318359 0.00755691528320312
-0.0558891296386719 -0.0159530639648438 0.0802230834960937 0.000770568847656249
-0.0342006683349609 0.0338573455810547 0.082733154296875 -0.0878448486328125
0.00295639038085937 0.0486068725585938 0.0117263793945312 -0.131454467773438
0.0313072204589844 0.0270843505859375 -0.0760955810546875 -0.127243041992188
0.0255527496337891 0.0137348175048828 -0.123397827148438 -0.0628585815429687
0.0188827514648438 0.0188789367675781 -0.109230041503906 -0.0313186645507813
0.0179042816162109 0.0178794860839844 -0.094024658203125 -0.0187149047851563
0.00252914428710938 0.0160388946533203 -0.0880508422851563 -0.0346450805664062
-0.0179195404052734 0.00831031799316406 -0.0907821655273438 -0.03997802734375
-0.0315742492675781 -0.0193214416503906 -0.0907516479492188 -0.0695877075195313
0.0106048583984375 -0.0494613647460938 -0.0615310668945313 -0.120872497558594
0.057159423828125 -0.0448265075683594 -0.0916976928710937 -0.136436462402344
0.0824356079101562 -0.0180206298828125 -0.1251220703125 -0.1529541015625
0.104789733886719 0.025543212890625 -0.0475311279296875 -0.148193359375
0.0448226928710938 -0.0259361267089844 -0.0222206115722656 0.00614166259765625
0.0109100341796875 -0.0329227447509766 0.0922470092773437 0.005126953125
-0.00427722930908203 -0.00916194915771484 0.0995864868164063 -0.0902633666992188
-0.00135338306427002 -0.00150573253631592 0.0259552001953125 -0.1431884765625
0.00261068344116211 -0.00437307357788086 -0.073638916015625 -0.135482788085938
-0.0148220062255859 -0.00502872467041016 -0.123809814453125 -0.0650787353515625
-0.0224113464355469 -0.00765800476074219 -0.107864379882812 -0.0312118530273438
-0.0214748382568359 -0.00738143920898437 -0.0948944091796875 -0.0139923095703125
-0.0145454406738281 -0.0206928253173828 -0.0880966186523438 -0.0244827270507812
-0.00681304931640625 -0.0371551513671875 -0.0907821655273438 -0.0293731689453125
0.0118751525878906 -0.0526618957519531 -0.0991744995117188 -0.0573806762695313
0.0756912231445313 -0.0361099243164063 -0.0690078735351563 -0.105804443359375
0.106521606445313 0.00154876708984375 -0.0963134765625 -0.119735717773438
0.126174926757813 0.0540237426757812 -0.114051818847656 -0.134628295898438
0.136810302734375 0.0951080322265625 -0.0129241943359375 -0.132247924804687
0.102081298828125 0.0247650146484375 -0.00581073760986328 0.0165796279907227
0.0896224975585938 -0.0360031127929688 0.107841491699219 0.01947021484375
0.0413856506347656 -0.0508079528808594 0.121070861816406 -0.0805435180664063
0.00561523437500001 -0.0574569702148438 0.047576904296875 -0.141891479492188
-0.0233039855957031 -0.04254150390625 -0.0576934814453125 -0.132431030273438
-0.0526008605957031 -0.0269317626953125 -0.107719421386719 -0.06158447265625
-0.0613937377929688 -0.0333366394042969 -0.0894393920898438 -0.0251846313476562
-0.060791015625 -0.0269737243652344 -0.0796127319335938 -0.00295257568359377
-0.03802490234375 -0.0489349365234375 -0.0759963989257813 -0.00221252441406249
-0.00988006591796876 -0.0764389038085937 -0.0858001708984375 -0.00677490234374999
0.0368728637695313 -0.0892562866210938 -0.106620788574219 -0.033935546875
0.126937866210938 -0.0419387817382813 -0.0799713134765625 -0.0848388671875
0.149307250976563 0.0264129638671875 -0.0924835205078125 -0.0986862182617188
0.1595458984375 0.106613159179688 -0.0915069580078125 -0.0970535278320312
0.142074584960938 0.156097412109375 0.028778076171875 -0.0904769897460937
0.138725280761719 0.0850296020507813 0.0173072814941406 0.0410423278808594
0.163101196289063 -0.018951416015625 0.117279052734375 0.042877197265625
0.094482421875 -0.0784378051757812 0.138534545898438 -0.0540390014648438
0.02374267578125 -0.107009887695313 0.0729904174804688 -0.122695922851563
-0.0400161743164062 -0.0805816650390625 -0.0300445556640625 -0.115936279296875
-0.080413818359375 -0.0478744506835938 -0.0765228271484375 -0.049957275390625
-0.0921630859375 -0.0534439086914062 -0.0581436157226563 -0.0154342651367188
-0.0945053100585938 -0.03997802734375 -0.0504989624023438 0.011138916015625
-0.061614990234375 -0.067047119140625 -0.05145263671875 0.0233573913574219
-0.0228118896484375 -0.104705810546875 -0.0711669921875 0.0207748413085937
0.0446929931640625 -0.12005615234375 -0.104995727539062 -0.00460052490234377
0.158615112304688 -0.055267333984375 -0.0858001708984375 -0.0606613159179688
0.175491333007813 0.0369110107421875 -0.0788345336914062 -0.0798110961914063
0.174346923828125 0.138702392578125 -0.0586280822753906 -0.0511283874511719
0.119400024414062 0.189971923828125 0.0686149597167969 -0.028533935546875
0.140838623046875 0.136260986328125 0.0430908203125 0.0748291015625
0.203460693359375 0.0164642333984375 0.116188049316406 0.0718154907226563
0.136672973632813 -0.080047607421875 0.143020629882813 -0.0157928466796875
0.04742431640625 -0.134147644042969 0.0920944213867188 -0.0842361450195313
-0.0445632934570312 -0.106941223144531 0.00244903564453124 -0.0830764770507812
-0.093963623046875 -0.0638275146484375 -0.0356903076171875 -0.0326080322265625
-0.109077453613281 -0.0654678344726562 -0.0191383361816406 -0.00296974182128907
-0.114730834960938 -0.0469589233398437 -0.0120391845703125 0.0243854522705078
-0.0786972045898437 -0.075103759765625 -0.0183906555175781 0.0475959777832031
-0.0345077514648438 -0.11883544921875 -0.0491981506347656 0.0463104248046875
0.0445556640625 -0.133804321289063 -0.09320068359375 0.02166748046875
0.169265747070313 -0.0598297119140625 -0.08270263671875 -0.0378036499023438
0.179107666015625 0.0468902587890625 -0.0553932189941406 -0.064605712890625
0.1619873046875 0.154220581054688 -0.0191078186035156 -0.00199508666992186
0.076324462890625 0.18695068359375 0.0998992919921875 0.0406494140625
0.10894775390625 0.156692504882812 0.0637893676757812 0.109519958496094
0.196304321289063 0.0517730712890625 0.104339599609375 0.0971908569335938
0.14935302734375 -0.0589752197265625 0.131233215332031 0.0237350463867187
0.0634384155273437 -0.130821228027344 0.0981597900390625 -0.0378494262695313
-0.0401229858398438 -0.11444091796875 0.0325698852539063 -0.0433235168457031
-0.0923080444335938 -0.0676498413085937 0.00812435150146484 -0.0132026672363281
-0.109237670898438 -0.0675048828125 0.0205707550048828 0.00873947143554687
-0.1190185546875 -0.0477676391601562 0.0286178588867187 0.0361213684082031
-0.082489013671875 -0.0752487182617188 0.0164413452148437 0.0673866271972656
-0.03717041015625 -0.119598388671875 -0.0261497497558594 0.0682258605957031
0.0460968017578125 -0.128913879394531 -0.0782394409179688 0.0426254272460937
0.165023803710937 -0.0474853515625 -0.0752944946289063 -0.0209197998046875
0.160186767578125 0.060272216796875 -0.0286903381347656 -0.0529899597167969
0.124954223632813 0.153671264648438 0.016632080078125 0.0456809997558594
0.021759033203125 0.146896362304688 0.1185302734375 0.0999374389648438
0.0578155517578125 0.140594482421875 0.0777969360351563 0.135360717773438
0.148666381835938 0.06964111328125 0.08526611328125 0.111251831054688
0.127410888671875 -0.0294952392578125 0.111091613769531 0.0554580688476563
0.061431884765625 -0.102714538574219 0.0936813354492188 0.00418090820312499
-0.031402587890625 -0.098663330078125 0.0563430786132813 -0.00539779663085938
-0.0771636962890625 -0.0588531494140625 0.0473213195800781 0.00525283813476562
-0.0936431884765625 -0.0596237182617188 0.0576286315917969 0.0183753967285156
-0.1055908203125 -0.0440139770507813 0.0668487548828125 0.0454673767089844
-0.0746383666992188 -0.0695343017578125 0.046905517578125 0.0855789184570313
-0.031036376953125 -0.108169555664063 -0.007171630859375 0.0875473022460938
0.048065185546875 -0.109275817871094 -0.0650100708007812 0.0590705871582031
0.146804809570313 -0.0233612060546875 -0.0701255798339844 -0.00735473632812501
0.12371826171875 0.0756072998046875 -0.00630950927734374 -0.0393447875976563
0.06915283203125 0.138763427734375 0.0407562255859375 0.0893707275390625
-0.0338363647460938 0.0810775756835938 0.12548828125 0.13592529296875
0.00170135498046876 0.0954818725585938 0.0856781005859375 0.145263671875
0.0782394409179688 0.0633544921875 0.0696487426757813 0.114173889160156
0.0805511474609375 -0.00405120849609375 0.0941619873046875 0.0726394653320313
0.04364013671875 -0.0602455139160156 0.0861358642578125 0.031005859375
-0.0204963684082031 -0.06658935546875 0.0730361938476563 0.0199127197265625
-0.0514068603515625 -0.0394783020019531 0.0772171020507813 0.0160293579101562
-0.0644264221191406 -0.0420722961425781 0.08514404296875 0.0250396728515625
-0.0775604248046875 -0.0340194702148437 0.0977706909179688 0.05322265625
-0.0548782348632813 -0.0551681518554688 0.0702743530273438 0.100822448730469
-0.017578125 -0.0856857299804687 0.00430297851562499 0.10711669921875
0.0468368530273437 -0.0776748657226563 -0.0589447021484375 0.0726470947265625
0.113716125488281 0.00350189208984375 -0.0705108642578125 0.00305175781249999
0.0732040405273438 0.0812835693359375 0.00684356689453125 -0.0244789123535156
0.00318908691406251 0.105140686035156 0.0480117797851562 0.127723693847656
0.056060791015625 -0.0426445007324219 -0.0730133056640625 -0.147659301757813
-0.0199699401855469 -0.05950927734375 -0.0284347534179688 0.00915718078613281
-0.0589332580566406 -0.0155563354492188 0.0847244262695312 0.000114440917968749
-0.0350532531738281 0.0353126525878906 0.08648681640625 -0.0930709838867188
0.00411605834960937 0.0506553649902344 0.01116943359375 -0.138839721679688
0.0327625274658203 0.0274429321289063 -0.0825881958007812 -0.133049011230469
0.0259151458740234 0.0132961273193359 -0.131141662597656 -0.0628814697265625
0.0199871063232422 0.0190238952636719 -0.115089416503906 -0.0298843383789062
0.0185337066650391 0.0176353454589844 -0.0989532470703125 -0.018310546875
0.002471923828125 0.015446662902832 -0.0948257446289063 -0.0343856811523438
-0.0186882019042969 0.00795173645019532 -0.0973052978515625 -0.040924072265625
-0.0323009490966797 -0.0189800262451172 -0.095947265625 -0.0726165771484375
0.0106620788574219 -0.0516853332519531 -0.0649871826171875 -0.126991271972656
0.0582656860351562 -0.0469512939453125 -0.09619140625 -0.14202880859375
0.0849761962890625 -0.0194320678710938 -0.1298828125 -0.159835815429688
0.110649108886719 0.025482177734375 -0.050079345703125 -0.154327392578125
0.0463409423828125 -0.0267410278320313 -0.0225677490234375 0.00786209106445313
0.0115585327148438 -0.0352630615234375 0.0977096557617188 0.00536346435546875
-0.00365543365478516 -0.00971126556396484 0.104415893554688 -0.09539794921875
-0.000854790210723877 -0.000893533229827881 0.0250396728515625 -0.150665283203125
0.00231361389160156 -0.00569057464599609 -0.079193115234375 -0.14111328125
-0.0159587860107422 -0.0056304931640625 -0.130874633789062 -0.065155029296875
-0.0235939025878906 -0.00785255432128906 -0.112960815429688 -0.0290908813476562
-0.0230236053466797 -0.00784492492675781 -0.0998916625976563 -0.012847900390625
-0.0157566070556641 -0.0228042602539063 -0.0936737060546875 -0.02374267578125
-0.00720596313476562 -0.0395050048828125 -0.0976181030273438 -0.02996826171875
0.012298583984375 -0.0548210144042969 -0.10467529296875 -0.0594329833984375
0.0789947509765625 -0.0388031005859375 -0.0730209350585938 -0.111640930175781
0.110466003417969 0.0010833740234375 -0.100250244140625 -0.124420166015625
0.132102966308594 0.0552749633789063 -0.1185302734375 -0.14080810546875
0.144439697265625 0.097991943359375 -0.0153427124023437 -0.137100219726563
0.106307983398437 0.0253448486328125 -0.00549888610839843 0.0198745727539063
0.0934371948242188 -0.0399398803710938 0.113052368164063 0.020599365234375
0.0440101623535156 -0.0536956787109375 0.126846313476563 -0.0849151611328125
0.00491714477539062 -0.0597496032714844 0.0484466552734375 -0.150253295898438
-0.0241165161132813 -0.045074462890625 -0.06231689453125 -0.13897705078125
-0.0553932189941406 -0.027740478515625 -0.113578796386719 -0.061767578125
-0.065673828125 -0.0336990356445312 -0.0945816040039063 -0.02435302734375
-0.0653114318847656 -0.0275802612304687 -0.083648681640625 -0.000770568847656241
-0.0401496887207031 -0.0521202087402344 -0.0806198120117188 -0.000907897949218749
-0.011383056640625 -0.0808181762695313 -0.0915985107421875 -0.00562286376953126
0.03814697265625 -0.0940704345703125 -0.112686157226562 -0.033294677734375
0.132919311523438 -0.0460891723632813 -0.084716796875 -0.089508056640625
0.156158447265625 0.0266571044921875 -0.097686767578125 -0.102714538574219
0.168365478515625 0.111114501953125 -0.0958786010742187 -0.101943969726562
0.1510009765625 0.161666870117188 0.0286026000976563 -0.0938034057617188
0.146575927734375 0.0874786376953125 0.0197296142578125 0.0448875427246094
0.169525146484375 -0.0229644775390625 0.123275756835938 0.045928955078125
0.099029541015625 -0.0829315185546875 0.144271850585938 -0.0581207275390625
0.0239486694335938 -0.112297058105469 0.0755767822265625 -0.13067626953125
-0.0421981811523438 -0.0840072631835938 -0.0330581665039062 -0.121421813964844
-0.0849838256835938 -0.049713134765625 -0.0801162719726563 -0.051513671875
-0.0983657836914063 -0.053955078125 -0.0615348815917969 -0.01409912109375
-0.100013732910156 -0.04052734375 -0.0526809692382813 0.0132064819335937
-0.0654182434082031 -0.0701370239257813 -0.0546379089355469 0.0254096984863281
-0.0249710083007812 -0.109840393066406 -0.0761489868164063 0.0234527587890625
0.0455245971679688 -0.125930786132813 -0.111068725585938 -0.0028533935546875
0.165359497070313 -0.0609588623046875 -0.0908050537109375 -0.0642852783203125
0.183425903320313 0.0376129150390625 -0.0830612182617188 -0.0826187133789062
0.184600830078125 0.143997192382813 -0.0607643127441406 -0.0527992248535156
0.127822875976563 0.19781494140625 0.0711135864257813 -0.0290985107421875
0.148666381835938 0.140975952148438 0.0461044311523438 0.079559326171875
0.213119506835938 0.01348876953125 0.122459411621094 0.0766983032226563
0.143142700195313 -0.0852508544921875 0.149337768554688 -0.01727294921875
0.0479278564453125 -0.141021728515625 0.0963821411132813 -0.090545654296875
-0.0471038818359375 -0.111900329589844 0.00158691406249999 -0.0886001586914063
-0.0994720458984375 -0.0651626586914062 -0.0368423461914063 -0.0340652465820313
-0.116104125976562 -0.0662460327148438 -0.0207786560058594 -0.00230979919433594
-0.121162414550781 -0.0465164184570313 -0.0127372741699219 0.0265522003173828
-0.0822296142578125 -0.0781402587890625 -0.0191192626953125 0.0498886108398437
-0.037994384765625 -0.1243896484375 -0.0524101257324219 0.0498809814453125
0.0452423095703125 -0.140762329101563 -0.0986862182617188 0.0247573852539063
0.17633056640625 -0.065399169921875 -0.088134765625 -0.0411148071289063
0.187698364257813 0.0462188720703125 -0.0587997436523437 -0.067840576171875
0.172317504882813 0.159698486328125 -0.0194416046142578 -0.00222206115722655
0.0823516845703125 0.1951904296875 0.10394287109375 0.0427322387695313
0.11572265625 0.162490844726563 0.0677032470703125 0.116043090820313
0.206268310546875 0.0513153076171875 0.108322143554688 0.10260009765625
0.15631103515625 -0.063079833984375 0.137252807617188 0.025177001953125
0.0638275146484375 -0.137886047363281 0.103279113769531 -0.0409011840820313
-0.0427169799804688 -0.118431091308594 0.034698486328125 -0.0458793640136719
-0.0966415405273438 -0.0691757202148437 0.00852108001708984 -0.0136003494262695
-0.116065979003906 -0.067779541015625 0.0225486755371094 0.00871658325195312
-0.12548828125 -0.0475845336914063 0.0309524536132812 0.0375556945800781
-0.08697509765625 -0.0774765014648438 0.0178451538085937 0.0703964233398438
-0.0407028198242188 -0.124366760253906 -0.0278091430664063 0.07318115234375
0.0466461181640625 -0.135429382324219 -0.0820159912109375 0.0465850830078125
0.171966552734375 -0.0524749755859375 -0.080474853515625 -0.0225067138671875
0.16839599609375 0.06103515625 -0.0316200256347656 -0.0549507141113281
0.133407592773438 0.159835815429688 0.0179252624511719 0.0472984313964844
0.0250701904296875 0.153656005859375 0.124458312988281 0.105079650878906
0.061492919921875 0.14666748046875 0.0809783935546875 0.143020629882813
0.156524658203125 0.0699920654296875 0.0889968872070313 0.117576599121094
0.133575439453125 -0.0316238403320313 0.11651611328125 0.0584182739257813
0.061981201171875 -0.108154296875 0.0990753173828125 0.00354766845703124
-0.033935546875 -0.102882385253906 0.0602569580078125 -0.00665664672851563
-0.0820846557617188 -0.0602798461914063 0.0506744384765625 0.0036163330078125
-0.0990371704101562 -0.0597686767578125 0.0601577758789063 0.0180549621582031
-0.110855102539062 -0.0431289672851562 0.0711135864257813 0.046051025390625
-0.0781478881835937 -0.0706710815429688 0.0506820678710937 0.088653564453125
-0.0335922241210937 -0.112495422363281 -0.00785064697265626 0.093353271484375
0.0492782592773438 -0.114639282226562 -0.068389892578125 0.0632743835449219
0.153076171875 -0.0272064208984375 -0.074615478515625 -0.00762176513671876
0.130317687988281 0.0770950317382813 -0.00899887084960936 -0.0424652099609375
0.0741729736328125 0.144241333007813 0.0431442260742188 0.0939102172851563
-0.033538818359375 0.0857315063476563 0.130996704101563 0.142730712890625
0.00261688232421874 0.0996475219726563 0.090118408203125 0.151885986328125
0.0823898315429688 0.0640106201171875 0.0731124877929688 0.120346069335938
0.0843124389648438 -0.0050506591796875 0.0993728637695313 0.0766983032226563
0.0450592041015625 -0.0635948181152344 0.0920944213867188 0.03167724609375
-0.0225791931152344 -0.0696372985839844 0.0779190063476562 0.0203170776367187
-0.054290771484375 -0.040802001953125 0.0825576782226563 0.014862060546875
-0.068115234375 -0.0418586730957031 0.0894241333007813 0.0233917236328125
-0.0808181762695313 -0.0334091186523438 0.103057861328125 0.0538177490234375
-0.0579338073730469 -0.0568389892578125 0.0744857788085937 0.103782653808594
-0.0198135375976563 -0.0884552001953125 0.0046539306640625 0.113800048828125
0.0484390258789063 -0.0811996459960938 -0.0618667602539062 0.0776824951171875
0.118804931640625 0.00140380859375 -0.0749130249023437 0.00244903564453125
0.0774002075195313 0.08392333984375 0.00502967834472657 -0.0272998809814453
0.00467681884765626 0.109428405761719 0.0507431030273438 0.13311767578125
-0.0549690291419818 -0.00767472404406244 0.0891128972418315 -0.139420171832888
-0.0340046997088202 0.053623342641223 -0.0124596878603834 -0.0182524307042426
0.014584931636925 0.0625706471712526 0.0565772807053499 0.0724478406012143
0.0507381469563401 0.0146637299923919 0.127732593079086 0.0202242815682886
0.0357671573783951 -0.0279434133747107 0.132019839656734 -0.0710822942228405
0.00655174305229822 -0.0273420956368066 0.079441036871117 -0.136201336703613
0.00642540473852872 -0.0264722285606321 0.00848239130232742 -0.150683976284816
0.00956372918986726 -0.026488677209277 -0.0311256945080423 -0.127700607328844
0.0109122399071943 -0.0226693189210095 -0.0281496049374702 -0.104138225794439
0.0169888253894335 -0.0110468738524999 -0.018119034046067 -0.103366879028846
0.0238411243199247 0.0114426775209957 -0.00959213246684344 -0.118271124965176
0.00900968353851509 0.0449966586733935 0.0277113270933226 -0.130098573111971
-0.0418403431941978 0.0413024268325939 0.0775610001532351 -0.1234837746755
-0.0662221067947307 -0.008026968258952 0.0759364022726606 -0.14870239547146
-0.0505387917240187 -0.05177492803044 0.0411652765774484 -0.198262402489456
-0.0292733601148479 -0.0886933393767858 0.0938918776185305 -0.121837565395395
-0.050407872770478 -0.023942436697016 -0.022905901073816 -0.00514288924995161
-0.0468402823770182 0.013863019902838 0.0545733246768575 0.106697581655188
-0.0146677119459503 0.0195725361815701 0.146254667091557 0.0503387975186994
-0.00077742603246529 0.0166871149869231 0.160870161191015 -0.0635761439392478
-8.2027862019652E-05 0.0180910424916449 0.095706501710492 -0.138579785017802
0.0116230346394857 0.0230031977129911 0.0187257338133795 -0.153070387662362
0.018343907651237 0.0244801799981565 -0.0263069340634044 -0.128751126521027
0.0134432664366461 0.029173836147942 -0.0279059851870896 -0.103197411541016
-0.0026012258677669 0.0286925246973689 -0.0216004151270041 -0.0945848257905691
-0.0206503023210267 0.0362069502017333 -0.0168364250128552 -0.106259488487316
-0.0510187195039991 0.0264210480147477 0.00750597737411042 -0.122611483835396
-0.082575219810106 -0.0166449275213565 0.0535845227955386 -0.117999324998887
-0.0608072316058442 -0.0795049825846528 0.0502925527228406 -0.146746710607515
-0.0154035519571318 -0.128169404165127 0.0270166343161419 -0.184582991759593
0.00802697770005786 -0.158406879798794 0.0864023617011245 -0.0816272164449382
-0.0487087638691197 -0.109718765623162 -0.0425786292543523 0.0203572112620693
-0.102754064860564 -0.0552542679424496 0.0393720542745124 0.14949647345654
-0.0903629194056589 0.0091298712297161 0.154157252117169 0.094831538786839
-0.0523857890435039 0.0574033054467893 0.183725831874585 -0.0383979514908204
-0.0163781233536133 0.0644796219611549 0.108855197037993 -0.122982243589785
0.0113181449287152 0.0701808217235176 0.0297556802302955 -0.135745566321744
0.0256852720998974 0.0722465371469359 -0.0184301156673434 -0.109943149114813
0.0204376819312236 0.0771163634463542 -0.027416345663843 -0.0841636402072775
-0.0117535691363389 0.0665119110408929 -0.0298393312169681 -0.0699004813878697
-0.050124370101183 0.0666821031736133 -0.0331392303494338 -0.0850447399351616
-0.101745747107502 0.0278664134588974 -0.0206678522810029 -0.10923021755076
-0.126650307593449 -0.0500717206020005 0.0244340828653161 -0.111336455963003
-0.068625632498798 -0.132063405614668 0.0254740361928896 -0.134045944189575
0.00891180131815863 -0.187028108049135 0.00537218091708222 -0.149134732616437
0.0520166001860801 -0.202359680753531 0.0636809464397905 -0.0227695667961057
-0.0245550037644998 -0.185680422970637 -0.0699316133278535 0.0551216062244456
-0.136955571166894 -0.133767282183335 0.00745926091524354 0.189944602572508
-0.159276480647241 -0.0212120031973291 0.138530143183945 0.144356102665311
-0.10935011637038 0.0817044586095969 0.187625032603062 0.00394664051072367
-0.0385598821418827 0.101439216490652 0.113069819947905 -0.0869647889387861
0.00513980544730812 0.109150500521973 0.0378432451133868 -0.0994941502417931
0.029680430849067 0.109825903901634 -0.0080124133804746 -0.0753367361319473
0.0280228118818457 0.113916472402788 -0.0241569906122655 -0.0496368833955559
-0.0116720213976993 0.0973122603634977 -0.0351828324684553 -0.0338202215434858
-0.0629039348510392 0.0960392303648739 -0.0485622841342175 -0.0531144266435187
-0.135502065522148 0.0398214692614308 -0.0473105072854861 -0.0863378798766665
-0.159892189697696 -0.0631625655420078 -0.00272061682236074 -0.098775160983219
-0.0781510386002857 -0.161922866146912 0.0118233828933802 -0.112074942517166
0.0262137378093064 -0.219107890734965 -0.0138164728117338 -0.0955468176664817
0.089132108303272 -0.210554601788055 0.0278864180269718 0.0455677502306889
0.0141470216146332 -0.225298514306825 -0.0999995163247393 0.0917567203642671
-0.132457241860207 -0.195849612071629 -0.0367020987816173 0.210985247993625
-0.194261396932704 -0.0631881342956746 0.0967914357283958 0.182270037527233
-0.152339231190851 0.0817184191395138 0.16520663448504 0.0521162814359137
-0.0604187931603205 0.119871852943751 0.103147057570745 -0.0377164554305807
-0.00422137587999251 0.129345791452132 0.0401459451341923 -0.049876870713308
0.0290489253821796 0.130652876488995 0.00300660771925745 -0.029120288666796
0.0333285496017912 0.134625692077325 -0.0168773998024262 -0.00603423951141698
-0.00827321636836693 0.115439465567989 -0.0369510767824278 0.0083039939090731
-0.0654449787551155 0.113663373165012 -0.0603853240529437 -0.0163995958154634
-0.148854008467907 0.0477507084392278 -0.0663128701266422 -0.0586065625724289
-0.171147233802106 -0.068796264492994 -0.0216102088898057 -0.0821392225320099
-0.0748461792725476 -0.170628513342351 0.00931114134817891 -0.0838398735407328
0.0424673962295775 -0.219885693748155 -0.0285485977551856 -0.0335792004450708
0.106430859347101 -0.178692489472498 -0.0133889475635846 0.110817209621833
0.0523499429455618 -0.214777164484206 -0.123292397824333 0.121957066210919
-0.094839281057438 -0.215774251432963 -0.0783810842316881 0.205822914172506
-0.182965327173786 -0.0951103271183152 0.0429862221784452 0.193397477471117
-0.163178250570148 0.062068332099647 0.120089321302329 0.0898346160947447
-0.0711065437955324 0.115654438114998 0.0796071276662768 0.0131038087187922
-0.0116420891325053 0.128342079371423 0.0380142028147138 0.00402977690876098
0.0246300026673404 0.131794448486263 0.0130219907711281 0.0185091388176104
0.0324796963400707 0.136361276521098 -0.00852256140344214 0.0390597063923014
-0.00715888582049541 0.119229322376049 -0.0360945671065085 0.0510087599072659
-0.0641831648844444 0.114586146444516 -0.069353307894387 0.019401976374385
-0.145345608387591 0.0412785353905003 -0.0794123588866377 -0.0323799284617723
-0.158763287562972 -0.0760185177294186 -0.0336820391330853 -0.0667491651498296
-0.0531733863259956 -0.165297627713173 0.0133152427325061 -0.0570010180583946
0.0595467374451381 -0.19021692190894 -0.0406133660186042 0.0261592677253475
0.0992102059412936 -0.115664960945214 -0.0453924055758954 0.160361374483744
0.0722862636769473 -0.160233437827502 -0.132183008524717 0.141312574773815
-0.0462918607158159 -0.185571595235105 -0.102446397334868 0.180736884348605
-0.137453207481648 -0.100145298298502 -0.00397523077511635 0.180812281798364
-0.139707301471705 0.0362012178170031 0.0705225451886241 0.110883169072108
-0.0658162893202723 0.0939085532039546 0.05233275474055 0.0555917861002934
-0.0145614728237345 0.107734939589428 0.0324130600268804 0.0513609075945453
0.0169599112536377 0.113417635358603 0.0221128150238028 0.0628475123557682
0.0248988657294304 0.119573430360894 -0.000623486741574619 0.0822347832329283
-0.0105583878377321 0.10645254634001 -0.0373256624795486 0.0885314739992116
-0.0612359517225567 0.0999159094256553 -0.0808249184300048 0.0489585144339053
-0.129102700455987 0.0251603317061604 -0.0908221437504133 -0.0133929297970913
-0.127663393933205 -0.0830835620838578 -0.044146948223666 -0.0565186981170193
-0.0190907227960771 -0.145891874839457 0.0162304058789881 -0.0330603933616471
0.0754365858306264 -0.13711081063227 -0.0560645454138589 0.076093715146554
0.0720420232593443 -0.0337718059723694 -0.0610935188745544 0.186741782635662
0.0698318336231852 -0.0811279938116916 -0.121603318570812 0.150318877781396
-0.00543533745938172 -0.118599134228521 -0.103505291563455 0.149622643539092
-0.0758415753500703 -0.0770210160338361 -0.031069737748297 0.156878270581084
-0.0915845019132323 0.0135030316652262 0.0312785533788276 0.116374913635077
-0.0472833509863064 0.0596738071521772 0.030706681892331 0.0836633666173595
-0.0131100478222848 0.0712211087187389 0.0279790178648924 0.0862507710994774
0.00781939359853122 0.0777549022355365 0.0280200108360393 0.0957198390933248
0.0129660205311304 0.0859116502564849 0.00334860232866005 0.118051726875752
-0.0135342427292852 0.0803842497950047 -0.0431295276451093 0.118194594408453
-0.0526626590165137 0.0717387674912189 -0.097605221114216 0.069098568505332
-0.0984814775991506 0.00364350026997896 -0.103875977033749 -0.00503710259089171
-0.081771222397494 -0.0811598031730686 -0.0529952374699618 -0.0554179339260662
0.0174481827828244 -0.109957974079439 0.0150717702617884 -0.0161243175798908
0.0827831287126051 -0.0664387123392001 -0.0760337468340545 0.110482733776948
-0.05687028540238 -0.00525252290783457 0.0841613866193063 -0.14809777657951
-0.0318023102177156 0.0565316990723599 -0.0147272304084609 -0.0169116480201573
0.0191597839253255 0.0626877087014085 0.0612363184349359 0.0732090643529504
0.0526253916154159 0.0120397474792757 0.132859611551695 0.0150112458149433
0.0335983739859736 -0.0310634606013333 0.13362840348318 -0.0808876435518563
0.00518482380296187 -0.0278797042758542 0.0751058804356903 -0.146436865907583
0.00520345863111949 -0.0268516001902677 -0.000152539457214242 -0.155009158112661
0.0079449490152765 -0.0279333312340844 -0.0402425850983471 -0.129042632768928
0.0108174429138679 -0.0235168982840328 -0.0352643018746553 -0.105875739726009
0.0173643458910088 -0.0116310160933211 -0.0255077731834759 -0.107171237337635
0.0242476077763444 0.0108999711363163 -0.0164145995245109 -0.122016828627923
0.0116515104640818 0.044612158800631 0.0218507628855025 -0.136166963461988
-0.0410538433908954 0.0447098939496166 0.0748474616790495 -0.131536240951778
-0.0675914631535001 -0.00452650849188646 0.0722143695631125 -0.155540595043353
-0.0549329507578041 -0.0507662489336004 0.0343012409837124 -0.205997156746317
-0.0348688826763857 -0.0894963444355711 0.0902156420275682 -0.129880458931159
-0.0531695716239762 -0.0226768428724087 -0.0254126913629945 -0.0026907133371267
-0.0471867013411309 0.0169351889982657 0.0614129313420439 0.108712805760966
-0.0147795611326758 0.0204367149385506 0.153672388672142 0.0452255431811589
-0.001047390395605 0.0163299270082933 0.163022102259359 -0.0749064836711749
0.000206858749171368 0.0192558294810533 0.0916852453889466 -0.149255172953021
0.0128832895600958 0.0230842707435064 0.00937852998196085 -0.158208082945685
0.0207275574770431 0.0244657966698313 -0.0360922605405957 -0.130321170148414
0.0157377457669454 0.0299626390851005 -0.0352355642450414 -0.105333301335226
-0.00138081931625943 0.0306406954350479 -0.0286636474738155 -0.0974012966653588
-0.01984505182006 0.0386379338559152 -0.0237451112877424 -0.109777179664219
-0.0514722904528372 0.028922860244893 0.00139025179511083 -0.126746769729529
-0.0860863425189702 -0.0123804115788595 0.0513302476537473 -0.125008216048004
-0.065261632276268 -0.0787687678351008 0.0453350583446542 -0.152627608187475
-0.0223674669579691 -0.13165372871859 0.0204481985180929 -0.192163857318711
0.000316140488348811 -0.163753503057276 0.0839073057991418 -0.0881031775611533
-0.0552279573646927 -0.111237432211836 -0.0443098421762595 0.0247788186968977
-0.109295612495297 -0.0508549055721177 0.0472922364092322 0.153924557111506
-0.0938068039904011 0.0131060868631408 0.163801168367207 0.0905695865187307
-0.0513868043396528 0.0618175526190343 0.187771041530974 -0.0495857596339504
-0.0139471053941721 0.0674905548968089 0.106169256227126 -0.13322804795242
0.0151605510726653 0.073084091540275 0.0220335469303514 -0.140965590115255
0.0315020278736934 0.0733045615589625 -0.0264220035955791 -0.111755626799041
0.0257745312279899 0.0788154188276453 -0.0343241419969572 -0.085219739635978
-0.00903541839119375 0.0696922194761334 -0.0355084075607246 -0.0717089764272851
-0.0482389166099499 0.071909654114233 -0.0401441547468455 -0.0870830061934615
-0.104076871636679 0.0336762498514351 -0.0274706207688155 -0.111474680670459
-0.133624018670913 -0.0446256630431842 0.0210113701923478 -0.117408613318864
-0.0768139570100663 -0.133027984939695 0.0207465195511345 -0.139307918177434
-0.000375478479089991 -0.193887619032683 -0.000494444890260664 -0.153957267856206
0.0429975988372847 -0.212070594260648 0.0633927128133847 -0.0261293189837677
-0.0345903540354033 -0.190319871990872 -0.0710387254139306 0.061977716297544
-0.148358174386277 -0.129804574465275 0.0164089037123561 0.196583685007323
-0.165382636944763 -0.0145247606621876 0.149482561434598 0.143016601367979
-0.107996199167025 0.0906857486358219 0.194462809361069 -0.00762034596416477
-0.0351883164212799 0.107056476557651 0.112350468254225 -0.0965950920683025
0.0110167174567802 0.112833323866817 0.0325520951586231 -0.104010773387152
0.0379512574533275 0.111590842756754 -0.013741503632581 -0.07668789312862
0.0358853867852381 0.116323602777907 -0.0284751968019933 -0.0498383720681006
-0.00720986357663778 0.101337643045153 -0.0396122576954277 -0.0337899571867815
-0.0598807492922901 0.102364784582668 -0.0555172362686074 -0.0537660751916422
-0.13800124208534 0.047735172905213 -0.0548903482130605 -0.0873130101463233
-0.168730833082605 -0.0563183868250997 -0.00701731733367757 -0.103837315326546
-0.0884990612712792 -0.162967123194129 0.00686809081697633 -0.116630951418722
0.016351652014894 -0.228506802704695 -0.0183098634392837 -0.0979015632717717
0.08089957024649 -0.222033219672777 0.0300101155585581 0.0470438316370468
0.0038080776417024 -0.233199552239393 -0.0997189976281907 0.100800959608493
-0.147603214056419 -0.194066734194333 -0.0287021535872944 0.220426068101675
-0.20408261267708 -0.0559570515686156 0.108287584612889 0.18364031399452
-0.151952588586276 0.0926389089375724 0.173746917471713 0.0435309616694201
-0.05680671134134 0.127059247002336 0.104736957151969 -0.0446959214695899
0.0029059439833038 0.134243293589418 0.0392570388771528 -0.0530747265748443
0.0391313068735238 0.132928624505013 0.00129563290410058 -0.0298559944250388
0.0426660132614128 0.136710275381117 -0.0186412892917013 -0.00562135403220642
-0.00294810777060437 0.119752079229246 -0.038385334970352 0.010460481471512
-0.0613766069193306 0.120799845686336 -0.0656742343022169 -0.0144335891909489
-0.151227823541108 0.0569949547368956 -0.073060887270436 -0.0567765161721796
-0.180687507237178 -0.0612589133263112 -0.0259704493580884 -0.085613654091391
-0.0861059098275947 -0.172886007716026 0.00612183841649249 -0.0883986071612593
0.0326331557079593 -0.229585234374514 -0.0304835399165268 -0.032596204410415
0.100330561027139 -0.190429138693714 -0.00867995793413533 0.115192406190831
0.0439849346505236 -0.224371038773727 -0.123221363836019 0.132263500460009
-0.108416979086179 -0.215798226753225 -0.0730033872858692 0.216634002497742
-0.194392425450161 -0.089533854508613 0.0527314354519951 0.198196214141304
-0.164186287501123 0.073560465355418 0.128964375787608 0.0860060166995192
-0.0670448368449196 0.12373780861889 0.0835396723856561 0.010183747156169
-0.00466930739033752 0.133448338289498 0.0399194037951867 0.00167881960295657
0.0338354844070953 0.133717681713555 0.0144061879206556 0.0182461120439198
0.0420522885040416 0.138520914569772 -0.00722521449714309 0.0417786671814529
-0.00199970533729829 0.12302463516204 -0.0341687813991011 0.0546987744643627
-0.0596505129160981 0.12133907048191 -0.0725982463166659 0.0224370877716131
-0.147818811539067 0.0500380823872886 -0.0851908785607338 -0.0291152175241707
-0.167957367857998 -0.0687245319238106 -0.0384763970998191 -0.0695824228915063
-0.0634049923102371 -0.167603348017688 0.010590176338867 -0.0610416559459325
0.0516350385418661 -0.201047962692866 -0.0405781297686315 0.0290954092780414
0.0960259789415892 -0.125669794372196 -0.0408897303018089 0.167611383027692
0.0673208771529663 -0.168959935811271 -0.13080959919938 0.152071021178945
-0.0577552701383492 -0.188296533755804 -0.0977397858369355 0.191587054926046
-0.147109214296199 -0.0970214241317571 0.00336389838031857 0.187611480015681
-0.141781998414062 0.0453847592558245 0.0791374979391811 0.110743385179706
-0.0623819263582948 0.100057012358024 0.0573143126313726 0.0558139616060911
-0.00856020098779992 0.112047760845068 0.037232707500295 0.0512504686215561
0.0246562828452666 0.114929483879394 0.0265198702996862 0.0633399672768495
0.0326593886584139 0.121006004246365 0.00399859195441488 0.0855439233273582
-0.00481848567090399 0.109980306369716 -0.0336437704927134 0.0932628071156574
-0.0570270160564217 0.105722395206143 -0.0822567797524445 0.0538945136853376
-0.131963503271337 0.031678216380676 -0.09552400912752 -0.0090630938686713
-0.135588587019463 -0.0779052207226922 -0.0476403019954232 -0.0586052247976131
-0.0276144137780683 -0.14921391770577 0.0144565480963346 -0.036900418749787
0.0708708638889157 -0.146126653285335 -0.0540295007177294 0.0815831681033799
0.0713683466416657 -0.0396955287470628 -0.0560357823280752 0.195447105553692
0.0682615737869018 -0.0867539367209113 -0.119278607095211 0.160875208240622
-0.0124027455986125 -0.12128150036012 -0.100770673342697 0.160216621412906
-0.0828163032883246 -0.0762848510167961 -0.025534839072779 0.163911006491523
-0.0936574089893837 0.0191633080828497 0.0392661155074912 0.118948997320834
-0.0444582938399987 0.0647088450203254 0.0369927570180852 0.0858064339180112
-0.00924528733403964 0.0739181693350123 0.0347422867353371 0.0879913252202694
0.0127668202974537 0.0791829161977929 0.0343154060073153 0.0967998924300278
0.0192465331469112 0.0872431012136121 0.0104552349195171 0.121708897414831
-0.00958764640458609 0.0835797293698138 -0.0380110438049676 0.124103311589922
-0.0503752652615519 0.0761614713274967 -0.0986949997619761 0.0769056629223742
-0.101597668823565 0.00909676134737235 -0.108707840241963 0.000535449310202802
-0.0888223766680505 -0.078592404233542 -0.0578503144189 -0.0564893897986773
0.0116184682204311 -0.113966828800405 0.0140611112730051 -0.0194711761986537
0.081816231660958 -0.0725684838450827 -0.0723794363084927 0.118020338255312
-0.0576903089393985 -0.00239875832788818 0.0772955945069319 -0.152834111727875
-0.0288185482554707 0.0578935460376424 -0.0173110384042107 -0.015318296177343
0.022172121114067 0.0622580832664838 0.0655888556339277 0.0723796034362879
0.052886945450189 0.00969928335942958 0.136112473281277 0.0102831063854429
0.0308996305995269 -0.0336996226748886 0.13227266416921 -0.0884160992216616
0.00364209151227812 -0.0277462382497811 0.0682984904589973 -0.152037515931915
0.00417814534864123 -0.0267101789769595 -0.00962312192599686 -0.15560076703896
0.00661832556160165 -0.0284883439747884 -0.0480368732874971 -0.126515830849236
0.00939754721802361 -0.0235663051446195 -0.0421420588948107 -0.106082632901177
0.016490713607189 -0.0118793407849712 -0.0322877048407221 -0.107914210937689
0.0250500907761632 0.0100676005171804 -0.0239736448498571 -0.123155592144867
0.0138476163815063 0.0438493768529662 0.0165697389533317 -0.139151955150046
-0.0389296995412897 0.0478130859336766 0.071517490822126 -0.136757866744891
-0.0674830994139972 -0.00140220140240544 0.0676461663150464 -0.158386081118674
-0.0576042337333247 -0.0478223340286227 0.0277995622763398 -0.210003205652393
-0.0391128854870884 -0.089379341991907 0.0835548390776332 -0.134415271622512
-0.0539740821417688 -0.0204784050613898 -0.0268929941249344 -0.000382815124350252
-0.0462022876000582 0.019364014180293 0.0666995756591214 0.108078634744927
-0.0148242118527421 0.0216227345806795 0.158579564733297 0.0395116958590484
-0.00142394783293263 0.0169566447140532 0.161971203897024 -0.0840722051583406
0.000969538147150501 0.020263565667755 0.0851052743320497 -0.1565959806296
0.0146410394524108 0.0234335768506901 0.00117247081314702 -0.160172080651758
0.022875178149381 0.023444508820057 -0.0443325254803672 -0.127989556251474
0.0180320443219492 0.0302023595166608 -0.0421013206179177 -0.105044826459767
-0.000496598611670097 0.0314133448442708 -0.0353977329487326 -0.0984608212100283
-0.018788659873 0.0403937514328273 -0.0311581794568701 -0.110832990037827
-0.0516440639704802 0.0311886273864103 -0.0047203625157833 -0.128312246106758
-0.0876312496193043 -0.00783550223656852 0.0478492832856957 -0.130042023863102
-0.0688018572130161 -0.0767869355059173 0.0404043698209134 -0.154382264859818
-0.0287031700867983 -0.131891489206926 0.0129272018525616 -0.195336097493684
-0.0071605526111452 -0.165877519928693 0.0797417926771486 -0.0915764759049351
-0.0607136619976019 -0.109139996809556 -0.0441671831983461 0.0287622099555403
-0.112147767874258 -0.046075935675265 0.05445107108476 0.154393661426743
-0.0944430139808374 0.0173353626774278 0.169586829694169 0.0856423199900873
-0.0492146813339975 0.0647384998697168 0.188093065628404 -0.0603091203354057
-0.0115044966279845 0.0695905709525985 0.101015072543941 -0.139981712504182
0.0191693212547368 0.0731553066549059 0.0141685297608936 -0.143219787601755
0.036421899623279 0.0723322208180711 -0.0336741316267426 -0.110153960709027
0.0305732302606128 0.0785353064049927 -0.0398620700267717 -0.0842349824673732
-0.00634431825911077 0.0716780854043113 -0.0410574031880054 -0.0717317279605581
-0.0453801772990256 0.0755978656479998 -0.0472125578282947 -0.0867736032465683
-0.104224006307955 0.0384101481183626 -0.0341801034718763 -0.111516724435674
-0.137700487646468 -0.0379222007381269 0.0172081973368219 -0.121422694526074
-0.0831687161687011 -0.130968173175848 0.0154065259389061 -0.141230762156814
-0.00940949107881338 -0.196138668053435 -0.00620635606669701 -0.155743204788768
0.0333093329722429 -0.217054690275551 0.0616727043865333 -0.0282928874806504
-0.0433273668695501 -0.190195554138554 -0.0690338617792879 0.066927028285807
-0.155572697875257 -0.122767357977602 0.0239182818289741 0.198539786812409
-0.168979742829498 -0.00758490298014209 0.157181728428414 0.138953507263119
-0.105081857861412 0.0967738058953006 0.1966687705499 -0.0170020142376121
-0.0308221900249863 0.110420289537809 0.109506243740713 -0.102530119686427
0.0167403653569506 0.113044978961421 0.0272367995523352 -0.106849658166748
0.045388193151729 0.110858611749943 -0.0186686216953718 -0.0757004474838706
0.0436114039592865 0.114700132537099 -0.032113209351916 -0.0484770871834109
-0.00273237399354447 0.103366740406916 -0.0424933683654905 -0.0325268954899605
-0.0547511595952607 0.106710904081742 -0.0606519962007974 -0.0520982717684436
-0.137891466317678 0.0552099032170945 -0.0604690640402426 -0.0853406949907174
-0.173867079395729 -0.048163722778502 -0.0107660060128246 -0.106794891771876
-0.0965600749516111 -0.161110790251333 0.00208036225892692 -0.1180888949999
0.00481189955131979 -0.23213093875382 -0.0219214019786187 -0.0978764840273969
0.071106182301026 -0.228922020609377 0.0311509798693429 0.0457776172948213
-0.00634928143542029 -0.235233299298731 -0.0970255332700746 0.107038078498712
-0.158498320389109 -0.187366957689181 -0.0208850914283802 0.22500077527086
-0.209122930137381 -0.0477129131285568 0.116848241199874 0.182103095560827
-0.148916693304431 0.102049191836501 0.178174356683091 0.0350600588468153
-0.0514169708135193 0.131988520023044 0.104553679777129 -0.049776924290731
0.00952203357195099 0.134886095489978 0.0364368331421519 -0.0553512626763477
0.0471667779657109 0.131944080359268 -0.00149850883357521 -0.0302400265833329
0.0516953066242863 0.134931005345875 -0.0193373292491169 -0.00371347684535414
0.00263802676686444 0.121152612290217 -0.0390441300331062 0.0125707004760557
-0.0546297672183203 0.125347905683341 -0.0686766498124017 -0.0118886923874568
-0.150507906807477 0.0644290059335393 -0.0775628975362354 -0.0540820983239407
-0.185962046652971 -0.0521602675327863 -0.030504697020712 -0.0886256343032329
-0.0951577693539871 -0.170615985631449 0.00157438357357265 -0.0907282988861441
0.0217077750805595 -0.234269113803358 -0.0320625539598889 -0.0315342950438239
0.0914357202491061 -0.197812504751625 -0.0049813165059714 0.117233508159127
0.0348713537188687 -0.228183384807309 -0.118969261614185 0.139142494050321
-0.121309506754744 -0.212099283254617 -0.0646993542599141 0.22287613366277
-0.201461601425937 -0.0817992061058032 0.0609427689715412 0.198893941103591
-0.162460092704839 0.083247085618171 0.135896655613467 0.0799045282825117
-0.0619137952072157 0.128651809047362 0.0853348798326916 0.00612769716872832
0.00182068223802075 0.134911293799855 0.0407832900608132 -5.14272152361398E-05
0.042708369700155 0.133000619632785 0.0152808857170069 0.0176095631272468
0.0498382449593822 0.136804927724391 -0.0046491604723524 0.0427121092007435
0.00468493659974907 0.123567396555247 -0.0331755380017609 0.0564855795628842
-0.0540624142108687 0.125470598882674 -0.0742294168276265 0.0269289747315119
-0.147741658919408 0.0581152932729983 -0.0883498335216804 -0.0255322941309715
-0.173902638303714 -0.0607984973164241 -0.0423748338596289 -0.0710778140948817
-0.0723958894579954 -0.16642290314489 0.00742255794437225 -0.0635500548702191
0.0422063722333752 -0.205958504682281 -0.0397859777843962 0.0320787156255512
0.0903437646213879 -0.131996704938581 -0.0351075006129052 0.171592913853354
0.0606571166397715 -0.174263487533288 -0.126926846732851 0.159031271309742
-0.0669431546800253 -0.186071748662397 -0.0923208489187731 0.198203234615524
-0.154100704610325 -0.0912446698952256 0.0106781885179141 0.190093650175828
-0.140305955753567 0.0538093031152032 0.0848667744927636 0.10751490581407
-0.0577329527868948 0.105170085294794 0.0618277578982535 0.0534993490915303
-0.00328635833350738 0.113143367137573 0.0413593282123302 0.0496097473993124
0.0315776854043065 0.114945017439372 0.0301641687561341 0.061537864358863
0.0405810906638472 0.120256573392677 0.00899903457026926 0.0859074497537912
0.00100106184530364 0.111791378075626 -0.029954208347642 0.0962205981513532
-0.0516454890274951 0.109086366853404 -0.0829947285752858 0.0590229125880748
-0.131680767718518 0.0391048863957714 -0.0981589877900031 -0.0050631269398509
-0.141118506969852 -0.071256215141896 -0.0515755007307662 -0.0590372216591865
-0.0355932761180641 -0.149194651483045 0.0117267320597081 -0.0397083829669958
0.0642494645934414 -0.151708082167867 -0.0504532525826712 0.085516399512461
0.0696765435027188 -0.0435195262656361 -0.049221952489569 0.199961491971288
0.0655174317877392 -0.090436710110098 -0.114046764653814 0.167322661537374
-0.0180411276644906 -0.120866327841731 -0.0959662332260958 0.166182685247682
-0.087883096385562 -0.0730036353742456 -0.0191812073840761 0.168129214007188
-0.0932620078449961 0.0249988306475264 0.0462728716189838 0.118940443729231
-0.0414500203112735 0.0674059414864372 0.0421660485698898 0.0856803898449755
-0.00511748863588925 0.0750560923577729 0.0406396750863331 0.0864580622154011
0.0178470329223099 0.0791391481873849 0.0405246039074592 0.0954934017457382
0.0249113684113831 0.0860230643478281 0.0172485963620328 0.121410183807042
-0.00500971626491603 0.085251511577063 -0.0320246620298099 0.127147396074856
-0.0459336406106885 0.079450281599786 -0.0965990209589578 0.0824082058904312
-0.102594890223498 0.0132308789166109 -0.1107851921524 0.0043212799450814
-0.0931712208369345 -0.073743623289748 -0.0607316174156719 -0.0565425242422801
0.00543974486842704 -0.114644350506417 0.0131230820973717 -0.0215713299321183
0.0787869175160187 -0.0783549263788946 -0.0676919866413375 0.123123940071798
-0.0567281766154671 0.0166936484592559 0.0233002767436345 -0.172054888686275
-0.00676087496360852 0.0648020875131976 -0.0239802542900892 -0.0102253218037166
0.0440261581095011 0.0499822411355408 0.0818245642297627 0.0488746409423068
0.053984538552965 -0.0100933385515534 0.132569938923963 -0.0324600431165124
0.0169008162836127 -0.0427876550261187 0.0981266521933365 -0.125499440277278
-0.00452380916329997 -0.0286851254793475 0.0125836931692708 -0.16731473971278
-0.00528780026069659 -0.028594321449824 -0.0636802815122626 -0.141214325781687
-0.00379805229254079 -0.0294055285151382 -0.089030745783979 -0.0992594420832584
0.00136850027180655 -0.0248077308063921 -0.0756221278388406 -0.0858296438614245
0.0120210670574003 -0.0157374481548971 -0.0674897855186354 -0.0912134283073394
0.027160688379321 0.00140096819242723 -0.0646217012170266 -0.10741383309838
0.0267942454039317 0.03626028932388 -0.0295929749459695 -0.137460003989886
-0.0211726358484625 0.0577692345001913 0.0260706232043639 -0.15452274341361
-0.0644193666842898 0.0218217199499238 0.0168133606514836 -0.16959817243238
-0.0703828780395908 -0.0262914090979983 -0.0373629163416304 -0.203397003892575
-0.0707311849971951 -0.0737822295329968 0.0380817357013618 -0.153273111314648
-0.0591982679856032 -0.000494984963283796 -0.0234124754084902 0.00838392395651327
-0.0358546107732355 0.0344321135410507 0.0990305075113588 0.0789253877356205
-0.00610075690757131 0.0250924028966204 0.164749647000477 -0.0149651373738368
0.00437050311474079 0.0150618556230401 0.125700513224257 -0.134391330462301
0.00833830588379278 0.0172857261422727 0.0257462284206536 -0.177469955821318
0.0224231351463139 0.016547939952722 -0.0562994525434459 -0.150442005595742
0.0288321762038345 0.0138217473716516 -0.0871888297659212 -0.102675232211137
0.0276945529216563 0.0221253836937267 -0.0764034099315834 -0.0837200447522308
0.00984438200189435 0.0309243001800033 -0.0675157809759526 -0.0818021805179021
-0.00357258592203796 0.0445688013221016 -0.0680370571683379 -0.0945708376669973
-0.0386013927277188 0.0467867900365612 -0.044866236176512 -0.120302193722889
-0.0856015293754035 0.0210279863396375 0.00574528893022252 -0.138604353620902
-0.0906424599518301 -0.0492506082940483 -0.00957353123169619 -0.157201498754629
-0.0692156182147798 -0.116397792574428 -0.0491923188028133 -0.184206231875193
-0.0669076578411495 -0.159267133277167 0.050144196070995 -0.109004322302586
-0.0970337435059136 -0.0823148376256858 -0.0267605541649622 0.0439717493321729
-0.120895186509269 -0.00319229946739263 0.107752062652274 0.124826202669799
-0.0824856880323948 0.051433928572581 0.191409602371844 0.0208229775832215
-0.0236991241456495 0.0768554481836382 0.156832908809469 -0.123442444785482
0.0136568501792921 0.0675341673969908 0.0448403471815618 -0.168183024540083
0.0435905439462215 0.0624945659437781 -0.0393614224225145 -0.14121141615962
0.0582284112651379 0.0542880922196375 -0.0727404358061967 -0.089700381709367
0.0557359821674199 0.0631192340449123 -0.0676066911819083 -0.0649063213285508
0.0172515185072412 0.0703780932651705 -0.0642387209012925 -0.0554827721338302
-0.0170466099242587 0.0861036060872475 -0.0752209560433225 -0.0678738518228933
-0.0864014091242936 0.0711310699563693 -0.0664876041082863 -0.0956450651845335
-0.14192388896817 0.00947764626957361 -0.0205773431913958 -0.120687555311846
-0.122657142772288 -0.0956720609988344 -0.0305048996858711 -0.135210554905823
-0.0712614913369472 -0.184259207243025 -0.0577597297583705 -0.14012173327431
-0.0454499960218505 -0.221721109639264 0.0546294027826335 -0.0400865612683948
-0.109944549357415 -0.16530560274813 -0.034931037962618 0.0919736337668483
-0.189872536575905 -0.0598069637983427 0.0986696701746495 0.175801823159916
-0.161585325281854 0.0554050274845379 0.199767002207654 0.0725297892896895
-0.0639966713561231 0.126498935913912 0.177991062786238 -0.0884119875180733
0.00889507585542739 0.112953618722479 0.0643940253931614 -0.137036846587716
0.0554298469286847 0.101882869356157 -0.0141556896231554 -0.113069874908925
0.0795752677443234 0.087054004606109 -0.0471238233799908 -0.0633538905338035
0.0806615544574703 0.0919505691237539 -0.0491530184427894 -0.0344784673414483
0.0308065231362345 0.0985750815431824 -0.0533891944872765 -0.0188611708701257
-0.0154512007569282 0.119102421316055 -0.0771680670253917 -0.0312744701924401
-0.11241489553997 0.098627178192778 -0.0827920929043635 -0.0621364389076782
-0.179624744986679 0.0134707554056246 -0.0419490519739057 -0.0973404180758108
-0.145652082042842 -0.119154907723155 -0.0368540173938402 -0.109297885509926
-0.0694805325279367 -0.223716786640778 -0.0557739683070211 -0.0808176937219649
-0.0127439799392794 -0.24669437988336 0.0487539275663368 0.0422625512676663
-0.0898559047665691 -0.22129309560871 -0.0472241507315466 0.141085190244704
-0.214536852891024 -0.119311014622733 0.0681149184367581 0.216330640455764
-0.214540381450778 0.0325182322095104 0.178100477575055 0.126003587231454
-0.103114440626085 0.146684276598794 0.178584522903296 -0.0343754128590379
-0.00280211693352501 0.140480413758813 0.0780231353450949 -0.0858841744803906
0.0558590259790456 0.126061658438197 0.0135354590293726 -0.0691287884119037
0.0890983552182484 0.106133254293421 -0.0162758646427932 -0.0277416568089119
0.0946740818844492 0.108349413755518 -0.0220350018770946 0.00368060211045555
0.0425901208888225 0.113193721741439 -0.0354056439346732 0.0223982829333004
-0.00981519676771144 0.135799912776634 -0.0715462201291862 0.00898385754824358
-0.12090278642233 0.111773511126196 -0.0887795739914005 -0.0277710377044921
-0.192047074244549 0.0130923641282927 -0.0544303056223193 -0.073330274301549
-0.147405998586639 -0.128897932336665 -0.0296346456257868 -0.0833629207978691
-0.0544813964571187 -0.232108636467188 -0.0457171151210679 -0.0159318432514469
0.0181729097056221 -0.223708720087947 0.0361919714509203 0.121940170538969
-0.0476675559942787 -0.229190512648532 -0.0598628493035841 0.180782506758403
-0.188174489614381 -0.155717682432977 0.0257131848561459 0.231810834977394
-0.218848288409215 -0.00200745676987338 0.13173149413752 0.161290855079497
-0.121888780401891 0.134643802261474 0.15418733140731 0.0223747080415579
-0.0134048953690737 0.141850713723456 0.080428975765081 -0.0270787730532993
0.0485790118453123 0.128598493009767 0.0369681407300982 -0.0186398059524146
0.0839642123589163 0.109987473654196 0.0172497802966756 0.0109584969787102
0.0932982387036332 0.110213680018451 0.00798595516916874 0.0419179116434413
0.0451881748237141 0.115556325712101 -0.0141519047204447 0.0618900130226997
-0.00805481530153277 0.134947947922403 -0.063880637504629 0.0476330841113829
-0.120137050878777 0.103889735786999 -0.0899800441589287 0.0025015364450303
-0.183112026274349 0.000224211686533694 -0.0610125990448643 -0.0528860176274312
-0.124732742174768 -0.1317926492072 -0.0156716928210405 -0.0604286111515448
-0.025349356310591 -0.211609918999134 -0.0326198127286341 0.0445278029960585
0.0404836018731405 -0.158603959634297 0.023258937703432 0.181174150594937
-0.00295896957891325 -0.185802282947821 -0.0636929975861154 0.20106401390267
-0.128986497685747 -0.149889491517564 -0.0108426172557705 0.219282121581532
-0.178264310407261 -0.0277959815711164 0.0810043389698097 0.172817453176829
-0.11167949663465 0.10003331952033 0.117006594989906 0.0667465609414928
-0.0171005773005258 0.117748125061582 0.0739941768869316 0.0262779932432597
0.0366537367886015 0.110101381520081 0.0559034132559671 0.028563263485035
0.0687212715911114 0.0963292933159599 0.0463475628705175 0.0463790569724904
0.0790752275325513 0.0975392694051471 0.0357444136135235 0.0777639799678523
0.0381873533045577 0.10434218135039 0.00206624099711582 0.0981265214249185
-0.0113733727056671 0.119387261418819 -0.0595869270517837 0.0807109738178306
-0.112005707505955 0.0803686832563224 -0.0929896135950558 0.0253715797001851
-0.155935911227925 -0.0191976338723832 -0.0667480631517573 -0.0381057693491793
-0.0839994250896634 -0.128047798877492 -0.00392324652119111 -0.0403302983232359
0.0125610817213136 -0.166963509213224 -0.0257175041828915 0.0970849844231206
0.0526232068408651 -0.0655133009999846 0.0170993140293459 0.210207281922945
0.0309134758622152 -0.10811948386185 -0.0543967129554865 0.201569948831362
-0.0593416894879507 -0.105747543851453 -0.0301674906810336 0.191434221548286
-0.108652238177908 -0.035318624826121 0.0430523955622479 0.165462328592373
-0.0773741418634234 0.056572685474116 0.0834350762716893 0.0937679497590241
-0.0145930652804643 0.0780292252982105 0.068286978449748 0.0638871424783055
0.0214619298948452 0.0734500820431643 0.0688055784865359 0.0638317855342257
0.0436441061051606 0.0679410209578648 0.0698005458518178 0.0732954809564307
0.0526193320902939 0.0714404361265602 0.056363553671071 0.107182893851328
0.0247286201090699 0.0812068353005877 0.0106381007718598 0.127945372603487
-0.01665568880465 0.0895127263149301 -0.0642515269174167 0.107964473596987
-0.0925643338564876 0.0471221643736561 -0.101716663229743 0.0383914903787615
-0.11161337682932 -0.0373818625073568 -0.0751940671785053 -0.0327962316855404
-0.0332205305420865 -0.109029062024517 0.00254074742873414 -0.0247685180216253
0.0500721658161506 -0.101268654119769 -0.0284649887090593 0.13577719748116
-0.0569785309971952 0.0182611507019937 0.0208708334549413 -0.172941209266838
-0.00561981737195366 0.0650937845574547 -0.0247559325871041 -0.00837385276000853
0.0453113560510135 0.0488905985746623 0.0839424675672571 0.0498549625465453
0.0531018828097212 -0.011699389436465 0.134540655240208 -0.0342693696040706
0.0150797424674486 -0.0424630621830847 0.0974860189082648 -0.12976577353075
-0.00511148225450949 -0.0283685066920365 0.00920804654345576 -0.170598710805581
-0.00532926037884897 -0.0283997150832133 -0.0671831476339536 -0.140359574795055
-0.00501063428826953 -0.0295824728907001 -0.0914525782671716 -0.0967751150216221
0.000588367504435619 -0.0247705583306275 -0.079387026567196 -0.0846559303535055
0.0118981366946332 -0.0155130106174993 -0.0712268613288807 -0.0910435140995742
0.0271814943014244 0.00131117914498038 -0.0676114278849231 -0.107343275187508
0.0271303278519708 0.0358135198568859 -0.0323765932870925 -0.138126344716688
-0.0200214808615114 0.0586476916185171 0.0257017764326024 -0.157365682982591
-0.0640923432517886 0.0224081707333028 0.0170836543119762 -0.170784164429673
-0.0710902013692606 -0.024636184419456 -0.0389791033027071 -0.205427173418813
-0.0726834373917229 -0.0736257642754732 0.0362062902352643 -0.154431010521852
-0.059775168533027 7.3902961276376E-05 -0.0237112957116559 0.0104141315169653
-0.0354901558797874 0.0345605355054753 0.102105052536646 0.0802500422176025
-0.00607018303462501 0.0251637328510956 0.166418619019946 -0.0175209499259126
0.004093523606768 0.0162284853124472 0.12487215570719 -0.138608118340951
0.00861696440309701 0.0179826213727416 0.0222515401380313 -0.180180526403583
0.0230484823344645 0.0163220396867685 -0.0605740431454469 -0.149301610758635
0.0297314531385742 0.0132970501378897 -0.0900872061388708 -0.0990533022111635
0.0289692389676809 0.021937130772983 -0.080494672986364 -0.0828644991365869
0.0110038873213256 0.0312524998816628 -0.0718250913506216 -0.0817362245726308
-0.002932269843702 0.045536888358752 -0.0719388722315132 -0.0941036311232044
-0.0392694143620273 0.0478032037060682 -0.0472933838903149 -0.120899346471543
-0.0855569487394867 0.0232394954305719 0.00453193576311442 -0.141872701009268
-0.0923063545618277 -0.0495599990910799 -0.0101399252833368 -0.157586310727357
-0.0719727917424385 -0.116149368858655 -0.0506233558266692 -0.185755480670212
-0.0703287978498371 -0.159685559355993 0.0479402378603104 -0.109527850770334
-0.0984039534933441 -0.0824785621927668 -0.0261880798062986 0.0459816527058624
-0.121855624576807 -0.00113160412668477 0.111345541968117 0.126112075397904
-0.0831892792789162 0.0526198044676866 0.194278641711395 0.0186595717149262
-0.0226534480233132 0.0780856510609961 0.155440016817511 -0.127928743375015
0.0148461281796784 0.0691423939806741 0.0421948766274669 -0.171824604876746
0.0452512660582852 0.0624802731403168 -0.0423407977738116 -0.140403487902573
0.0602087168841417 0.0532283094801263 -0.0753025743833935 -0.0868192913213071
0.0588090559497366 0.0618803606582323 -0.0706743208570507 -0.0635730400639024
0.0187191617149087 0.0716522334703468 -0.0674860083767539 -0.0546703750143094
-0.0154886021553605 0.0881635761643328 -0.0786171360911997 -0.0667678683117236
-0.0866301800278891 0.0736784340150004 -0.0692429341573029 -0.0955385344933465
-0.143557549554212 0.0128309530379938 -0.0222611429375635 -0.123714601842058
-0.125230117608795 -0.0958134227588084 -0.0316009970432447 -0.136037594998366
-0.0759448029825229 -0.185508948133537 -0.0596673304747416 -0.14093978618265
-0.0500619871270526 -0.22401456093374 0.0532248305448527 -0.0398774484864624
-0.113232107805735 -0.165555576324184 -0.0342602429980284 0.09387894730143
-0.192155013849063 -0.0568630260835244 0.101353610609156 0.177979732523221
-0.16342672431453 0.0585633203390649 0.203249736072216 0.0714387753959701
-0.0621923742818208 0.128680459102264 0.178232066958509 -0.0930988052772306
0.0114591894454041 0.114955684307437 0.0625644670100665 -0.140224645450189
0.0578100175934567 0.102574349442104 -0.0159297232471731 -0.113388328761807
0.0831970322322297 0.0854057661890886 -0.0494742295848907 -0.0611843840664199
0.0839097304140377 0.0908265140073076 -0.0511197814505021 -0.0323425216540752
0.0326972382506039 0.0990567454814481 -0.0559662685433417 -0.0171668294876406
-0.0128740917480549 0.120041780199218 -0.080929505231481 -0.0291459413952517
-0.112076861473993 0.101749152981019 -0.0850603076999255 -0.0615243974287211
-0.18078922290483 0.0168966382478062 -0.0447642355168608 -0.0998544721674807
-0.14930202825338 -0.118513640688271 -0.0383925994680463 -0.110088580604283
-0.0745873046583748 -0.225057897096522 -0.0571180283372205 -0.0805115100757246
-0.0181016180806855 -0.248912710159101 0.0487170026007774 0.0432615091775943
-0.0935358934693842 -0.222842168292527 -0.0463267344168166 0.143990171897765
-0.218034917688981 -0.115895795708659 0.0716231274969511 0.218501615246403
-0.217483429488364 0.0368833257037159 0.182316997116749 0.126013837303937
-0.100898239324188 0.150630815796426 0.17965290069486 -0.0384623866023336
0.000371875779775357 0.14243401935171 0.077184164703124 -0.0883462581701982
0.0587335600562922 0.126710920780058 0.0119463671569382 -0.0696230608824008
0.0927766102003256 0.104252405578267 -0.0174090835108837 -0.0269521486411243
0.0987951083467221 0.10585188474077 -0.0224168779111809 0.00424598354483636
0.0450270435352824 0.114037238416234 -0.0358330920434728 0.0232134715903175
-0.00695668033172982 0.136575493922427 -0.0746009799942946 0.0114440560383119
-0.120171217963495 0.115480420072013 -0.0910646259271629 -0.0262412920635152
-0.193571121704026 0.0173706088110293 -0.0573353104726228 -0.0751178995096151
-0.151190816991297 -0.127435792607164 -0.031184267056265 -0.0841289952537895
-0.0605289176646463 -0.233439699460994 -0.0454244386904074 -0.0152008661056349
0.0138851214229728 -0.22540987828521 0.0368872367458246 0.122545718203171
-0.0515946146422175 -0.231812157595937 -0.0596193217190297 0.183844039214565
-0.191975632706642 -0.153259863200919 0.0287196273662677 0.234683632647447
-0.223031706762032 0.00174975427149529 0.135923123857158 0.162995880656663
-0.11962032957469 0.138196869874466 0.1559345952601 0.019785612862013
-0.0101504170496372 0.143514902791553 0.0807832097671966 -0.028971967359405
0.0523455167388647 0.129129939862647 0.0368185557638933 -0.0196495711908038
0.0888276481549692 0.107785783193638 0.0168880079150215 0.0106851558832165
0.0974936179409819 0.107986015464683 0.00879151723504779 0.0415612414214229
0.047889192894157 0.115808238703242 -0.0136113393866117 0.0631174573174341
-0.00491313033771589 0.135436084106479 -0.0647369794316241 0.0502713405607803
-0.120016124344802 0.107748489060193 -0.0919815724432122 0.00356250225295469
-0.185246043010556 0.00499641137523283 -0.0634184127084249 -0.0547576393713546
-0.128234052198824 -0.13057951198666 -0.0178999585587452 -0.0610824339182385
-0.0302486529376886 -0.214046240067858 -0.0314646300435408 0.0459004213485554
0.0374903658888047 -0.160872432552154 0.0245005010989804 0.183194551546145
-0.00547901702686604 -0.18825107900517 -0.0634424746395294 0.203768906566635
-0.131831218915698 -0.147748268242182 -0.00878532143676471 0.222913983063865
-0.181189484473723 -0.0252092242982859 0.0838033167358366 0.174775148067697
-0.110264613504309 0.103733788994709 0.11948866816524 0.0655230461849238
-0.0143963042279639 0.119547437329743 0.0763542143106307 0.0251764090566328
0.0400849562115637 0.110160167146355 0.0574392074073694 0.0272424295611575
0.0726542154081649 0.0947550026435822 0.0477375391745601 0.0446283130739916
0.0826388480123407 0.0957045760738766 0.0373444744059329 0.0769895246327752
0.0407480160361872 0.104884387032724 0.00428544817209224 0.0991381724544794
-0.00890837386446895 0.120057550800454 -0.0595806053219379 0.0838344859573354
-0.111464487489888 0.0835718115062665 -0.0942164249310325 0.026594929312739
-0.157319078137899 -0.0160079562454593 -0.0694566347202337 -0.0395705948562236
-0.0865933862250946 -0.127260210223713 -0.0057336298756073 -0.0415341860975214
0.00859166065738227 -0.169678387117833 -0.0238907440488667 0.0983289922093494
0.0512194288180714 -0.067607608505904 0.0180075371950983 0.212417144758608
0.0300505484233806 -0.110319903293288 -0.0543157072224962 0.203759745276381
-0.0611505125122237 -0.104705265867759 -0.0283822386274198 0.194630265894944
-0.11071118964183 -0.0335535366698068 0.0459858074661021 0.168027383067707
-0.0759585876805408 0.0589979617516261 0.0871807829989726 0.093150053397817
-0.0121349779282123 0.078191498766494 0.0705877544645962 0.0635820041963638
0.023156434580992 0.0735373334317661 0.0716829411040662 0.0623157601517937
0.0459259571014452 0.0668956758544006 0.0712052167346577 0.0710838464183207
0.0544335450456474 0.0699667458290023 0.0589696645387836 0.106230659057727
0.0266971308509805 0.0812295024964113 0.0141130740590235 0.128946765163013
-0.0149271679290587 0.0902878784551938 -0.0634748723142117 0.111619546930831
-0.0930898536149004 0.0491306136071937 -0.10345285693895 0.0407826212589196
-0.112513659622362 -0.0350058419827413 -0.0783542908098177 -0.0335485150487307
-0.0361863881867097 -0.109248598671548 0.000964186352772714 -0.025561983859754
0.0479209075877552 -0.103416060023439 -0.0256850148038631 0.137614963438102
-0.0577124481430506 0.0189361525405788 0.0188150355036567 -0.177782759526855
-0.00527811702490433 0.0657840615710164 -0.0259698843635239 -0.00624393458929953
0.0471527915891219 0.0480298569117186 0.0875493790211786 0.0524488838013676
0.0544242985464606 -0.0124162633492943 0.13877922122194 -0.0373977598434886
0.0138184428693659 -0.0427528646138778 0.098225935903545 -0.136259952278743
-0.00567273934748761 -0.0287959139856456 0.00583380038225192 -0.175879660755057
-0.00642680877897803 -0.029319363595986 -0.0713304337978962 -0.141533667829951
-0.00580728993949026 -0.0298896586574246 -0.0943344789432085 -0.0955069693921555
3.16272113274878E-05 -0.0254151079773832 -0.0845420242797883 -0.0846770270691303
0.0123547890383659 -0.0156942775288074 -0.0764772980253627 -0.091881293082981
0.0277409040642262 0.00107708447660885 -0.0727911502338564 -0.109018326585663
0.0279447543891098 0.0355616205212616 -0.0355424935019665 -0.141974697232863
-0.0192610261031878 0.0598280558628484 0.025161260827671 -0.16328496691353
-0.0653479707700377 0.0236079003529195 0.0174519925407997 -0.174772884516116
-0.0732272863906108 -0.0237295050802571 -0.0407048129888385 -0.211323423343123
-0.0759307523136289 -0.0747936084274401 0.0350829688825187 -0.157913417166542
-0.0608299380208883 -0.000320622036732891 -0.0243471547121927 0.0121644910870547
-0.0354843981481297 0.0355623639881642 0.106358608480979 0.0820076128889165
-0.00722197627103392 0.0263711360396703 0.172329141591739 -0.0199317047746958
0.00308861506112826 0.0172220361982446 0.126509076981083 -0.145433746876305
0.00904767473651628 0.0187854239258763 0.0189156561604508 -0.186038109903474
0.0228286686038453 0.0172103534436259 -0.0649698332505901 -0.15080092413233
0.0304129020596658 0.0124379308493382 -0.0939159912587496 -0.0977402274536418
0.0303983106639241 0.0213876096438814 -0.0852639246375594 -0.0823064660783313
0.0112409977443681 0.033541441778535 -0.0763554498709345 -0.0815172048294494
-0.00184990095478455 0.0476453699426668 -0.0761531721983258 -0.0955074907137309
-0.0399625775253188 0.0495022139112629 -0.0509539433444213 -0.123386222793315
-0.0875947806717396 0.0251257606983684 0.00327176578040798 -0.147623317611522
-0.0953949489550439 -0.049514594305428 -0.0104539734584355 -0.160952975512885
-0.0761296813699256 -0.11815168985823 -0.053669569527515 -0.190623954110475
-0.0750863019683802 -0.162932203120278 0.047631209547212 -0.111154673202726
-0.103237261550551 -0.0842585062024701 -0.0268670115015431 0.0490187526448376
-0.124425785667042 0.000965996741091621 0.115856956938502 0.128490863033795
-0.0861066340510126 0.0558462958584163 0.201081197034443 0.0177752559614592
-0.0228905581831804 0.0809247833873135 0.158030849488085 -0.135026157624838
0.0158123216495212 0.0710006365930255 0.0397759122107578 -0.177178434697438
0.0479145091267758 0.0635508594432837 -0.0466094217851464 -0.142304497275764
0.0634369316206779 0.0527590364795592 -0.079101523863762 -0.0856420158473086
0.0622174999595368 0.0611341947891038 -0.0751768179867484 -0.0633307560234627
0.0204857974809601 0.0740712801345368 -0.0720404687931792 -0.0542654528966453
-0.0140733188413194 0.0907123539541805 -0.0837851303257127 -0.0668178889504987
-0.0881879040695832 0.0771203703370737 -0.0734156235926025 -0.0973651192985962
-0.146881943327974 0.0159754036284891 -0.0244924497638781 -0.128099507201755
-0.130404134502976 -0.0967403563111052 -0.0329066366328378 -0.138333870442978
-0.0813693396802625 -0.189757847842217 -0.0620921507032062 -0.144242721809234
-0.0560970924885183 -0.228966930002485 0.0529601700910194 -0.0404481264260588
-0.118384000826239 -0.168860607098838 -0.033799024645242 0.0982819237415428
-0.19683699483711 -0.0537598479702618 0.107656664334177 0.182482895092062
-0.167184820737434 0.0634253980237073 0.210333427360671 0.0713967317530153
-0.0618484494060696 0.133816821975135 0.181459506524603 -0.0996603143800371
0.0137624091210468 0.11828222238258 0.0620694644385825 -0.144852289425512
0.0611682716533064 0.104099262538896 -0.0191005773625966 -0.113994631257466
0.0879549140079993 0.0850339258680969 -0.0521460749618014 -0.0601966334893042
0.08882452404227 0.0901991029465339 -0.0535603582133439 -0.0318538785492698
0.0357954391156651 0.10170166335905 -0.0584987072159552 -0.0165066634318726
-0.0111540942300175 0.123349391102876 -0.0851981873407804 -0.0272786833687189
-0.113893365912244 0.106841275371435 -0.0893977839542453 -0.0618918621316749
-0.185840521914298 0.0214210694715765 -0.0482099515387941 -0.104151862611404
-0.155794392480447 -0.119594882599876 -0.0408872996946894 -0.111762367186148
-0.0818093832589319 -0.229999405873154 -0.0592926590897716 -0.0817840095037618
-0.0239083951725986 -0.254729429792931 0.0491744105586009 0.0449554731407313
-0.0989644250354339 -0.227541806256886 -0.0465176098591158 0.149439033267481
-0.225388803478832 -0.114432976050522 0.0759479755312026 0.224488630909848
-0.223478019722085 0.0415474903057198 0.189465852800022 0.128593000697709
-0.100032780313233 0.157240102206357 0.183051573955132 -0.0439555592720384
0.00357183400322335 0.146754498549616 0.0780871755230615 -0.0920655324653429
0.0631245567099475 0.128992043985518 0.0106903360288796 -0.0704689055667806
0.0988583751762754 0.104606295284101 -0.0185447902491735 -0.0257372253745023
0.104301135873684 0.104986916308292 -0.0238500840965064 0.00525487355560036
0.0485730080008053 0.117123262278468 -0.037367176318016 0.0249553387509038
-0.00393771724033126 0.140121475168924 -0.0776246758450919 0.0143046512478261
-0.122028394952877 0.121073661304586 -0.0954180868257554 -0.0254513062990465
-0.198871192847713 0.0224897702526633 -0.0609582558037838 -0.0787932871748066
-0.156949138545349 -0.128574353856156 -0.0335174433062692 -0.08612727747599
-0.0672960969881971 -0.239554845311287 -0.0459906920603673 -0.0151234700256247
0.00908477278866057 -0.23203827167497 0.0377005394483189 0.126736323856237
-0.0554365288516547 -0.236964607655096 -0.0599904958759366 0.189584525681233
-0.19884928043756 -0.15221753609021 0.0314485052089071 0.241160770724124
-0.229907787881157 0.00530076414480752 0.141557271179373 0.167548198026052
-0.120307287413998 0.144995287795209 0.16037516500793 0.0166707751024485
-0.00745023658861377 0.147391903938027 0.0828130937722679 -0.0302492725669273
0.0557721211573917 0.13120397901036 0.0379313750563172 -0.0212301404169005
0.0947718646901175 0.108984395090136 0.0174798015056698 0.0100964918217125
0.103420860346106 0.107242988183019 0.00994472609058883 0.0430364819482518
0.0512821793594111 0.117792397110523 -0.0129752653366449 0.0652875494681341
-0.00271279667281804 0.13864470077782 -0.0666199190235939 0.0540314193191274
-0.120758588627942 0.113118414839354 -0.0957627882563499 0.00573767285759154
-0.189750685152512 0.00953104526600398 -0.0680398761044087 -0.0566310541328308
-0.134289149825139 -0.132020685996378 -0.0199131103261871 -0.0625595375257505
-0.0358003933823772 -0.218878093889265 -0.0310361453320128 0.0474799485227822
0.0350220523259958 -0.164556176259292 0.0256067864146541 0.188397727033943
-0.00775217591448109 -0.193884297268629 -0.063723206801429 0.2101339240745
-0.137378792120431 -0.148532100881133 -0.00674590469011963 0.229667834247173
-0.187074143474673 -0.0220207335365283 0.0892285445419448 0.180324266187374
-0.110317017890392 0.109171811182683 0.124412818292891 0.0646996521321136
-0.0119548730203266 0.122979054294587 0.0799630793622657 0.0249930928343857
0.0430937918495672 0.112148709013285 0.0598574044450631 0.0262674176549976
0.0774749182451453 0.0951565372777515 0.0492257262989595 0.0445990626418022
0.0869089992429339 0.0950511687338067 0.0401214044753938 0.0772232377880929
0.0441486395423388 0.106053729945266 0.00625372475564328 0.101247656970507
-0.00631218434771593 0.12311669213371 -0.0608386268054454 0.0876112358467978
-0.113160152264954 0.0879603923000168 -0.0977579498631155 0.0285844903367371
-0.161418827450686 -0.0124818798703706 -0.0736037599739691 -0.0418368642697869
-0.0912356278321173 -0.128337058486367 -0.00725980919301074 -0.0430172363882968
0.00519297908183941 -0.175093363070276 -0.022110085804588 0.101603773067736
0.0507926888962725 -0.0689796935266576 0.0192271158370007 0.218605104622126
0.0298860169145153 -0.114070806850676 -0.0538968196241437 0.210694506224127
-0.0639830880644717 -0.105969231248779 -0.0277233294661699 0.201466791699379
-0.115029421501192 -0.0315029866393408 0.0503655848343396 0.173057707711325
-0.0759215897248503 0.0627916378345343 0.0918701174010433 0.0941816164701028
-0.00943340593855317 0.0800948688796556 0.0745531816147415 0.063503230614821
0.0263127143925475 0.0747386789858714 0.075184114333863 0.0610169951590692
0.0495018207848167 0.0666607261607639 0.0738216970779478 0.0702007769590135
0.0582935765314935 0.0692404175559608 0.062921971781468 0.106078820323974
0.0295394325166585 0.0821718635720156 0.0173516790499532 0.132213449749933
-0.0128705690188933 0.0923220824684645 -0.063806165611371 0.115622287218007
-0.0947937542252842 0.0528894468040514 -0.106522340597833 0.0426721349123529
-0.115914691846675 -0.0334256672595305 -0.0821263164254601 -0.0346320875140231
-0.0387077610405354 -0.110651970784412 -0.000313372833903604 -0.0268490317546512
0.0466300973926098 -0.1076504392108 -0.0232360752926419 0.142457781973383
-0.0585081694330727 0.0212842840765905 0.0133107599867041 -0.183519387742184
-0.00282540165483386 0.0675312307427356 -0.0273310698919281 -0.00381513626529876
0.0495958047497887 0.0468421322952323 0.0927950515758733 0.0529725914666215
0.0548206127304417 -0.0148701580369509 0.143351372357782 -0.0425147295009906
0.0113888020991858 -0.0428770297492295 0.097456158988474 -0.144825238642409
-0.00744435459005863 -0.0289523477593539 -0.00120032884929142 -0.182579706724618
-0.00765078949797538 -0.0296920732244519 -0.0788550942098099 -0.142606550356178
-0.00792105319739009 -0.0304435944835078 -0.100453589736414 -0.093786948232417
-0.000280326958770867 -0.0266375579074371 -0.0920304362685567 -0.0838729262652708
0.0121546008371244 -0.01606777552361 -0.0844699771309931 -0.0923525790659761
0.0285962292889357 0.000945557324495107 -0.0792916065782314 -0.109857884803521
0.0295176046760494 0.0357015784841038 -0.0410707677431666 -0.144990290941295
-0.0179096755498054 0.0627148287425329 0.0219632142291513 -0.17101618476953
-0.0667729496160491 0.026781565921619 0.0157579464055815 -0.181718734743477
-0.0756371833683038 -0.0215050150500331 -0.0467379170347588 -0.218040682334318
-0.0802815573617038 -0.0747546022452489 0.0303766144603523 -0.163383742709184
-0.0637914013706151 0.00149793377628964 -0.0250824074542902 0.015593893672398
-0.0367153117838345 0.0371591759837401 0.112664739642062 0.0836359367923971
-0.00683258436576869 0.0278999445780649 0.178117664381747 -0.0257032637928522
0.003247145128447 0.0185541452594687 0.126022403162968 -0.155459525946194
0.0104705289521042 0.0188572108712894 0.0117820005769318 -0.194300984580982
0.02550659901414 0.016388428866534 -0.072613522376171 -0.152501520041399
0.0321123313038549 0.0114718252481595 -0.0999910815065225 -0.0954518387873328
0.0321971719277857 0.0203144782753235 -0.0922692107948095 -0.080799513011361
0.012877801626522 0.034203350315976 -0.0838642497796842 -0.0810059960372702
-0.0004099859698903 0.0492976824487511 -0.0831589971787084 -0.0951070442996105
-0.0407652210594823 0.052189530029427 -0.0571006113660438 -0.126210828040202
-0.0900108475468096 0.0290752355761169 -0.000343823432268294 -0.154107425804841
-0.100480498186721 -0.0486005205346947 -0.0139666438134309 -0.165646933455695
-0.0826268910540684 -0.119493423432886 -0.0600543801716841 -0.195407599858323
-0.0834160405628208 -0.16605654552889 0.0450084663755304 -0.114414911782021
-0.108882999088721 -0.0849404407167129 -0.0265087619577029 0.0530703472990563
-0.128759123254299 0.00469947656833463 0.124323707948079 0.131271054499659
-0.0880440954094298 0.0609444520387539 0.208619328316614 0.0125550079574758
-0.0210580759076483 0.0855475896653464 0.158354766187332 -0.14591715156869
0.0186224172761635 0.0732205375011024 0.0347703249967669 -0.18503761676351
0.051907478981439 0.0647786106575826 -0.0528362014736974 -0.144262375647812
0.06771445820083 0.0511459134967347 -0.083996409405313 -0.0830034997463399
0.066870698307084 0.0600132343989798 -0.0818144711837042 -0.060963223012404
0.0237368391851609 0.0764999788731032 -0.0783836420894101 -0.0530331859762712
-0.011283822520461 0.0948856718003543 -0.0906000837377826 -0.0652923084474408
-0.0897725924023482 0.0834117915802215 -0.0795019534567053 -0.0979932008754826
-0.151394864443892 0.0224303777783901 -0.0294596750115329 -0.133861397322133
-0.13865565244477 -0.0962504866427057 -0.0369661325887668 -0.14181894007962
-0.0914839230877478 -0.19300967427714 -0.0680550593026993 -0.147550735842814
-0.0655958152451225 -0.234604979157329 0.052613667395093 -0.0416885351349795
-0.128068362924968 -0.171279872872658 -0.0327161202613849 0.103975546785551
-0.204665154584587 -0.0489803060527576 0.1164044026475 0.186248503355787
-0.172227567524642 0.0707166865886894 0.219667242310752 0.06955004893815
-0.0591571454371025 0.141400797996782 0.183360881911758 -0.109690428708229
0.0180938643868298 0.12144664496149 0.0592652089525994 -0.151513727221559
0.0673434300250859 0.105727411914888 -0.0240788297023392 -0.116368130076491
0.0942945108891604 0.0831062602606183 -0.0558494584768358 -0.0581331721171771
0.0950132852809094 0.0876321829021692 -0.0577979599982161 -0.0293869928910466
0.0405166615541267 0.105169862779155 -0.0625073611223211 -0.0138800394922374
-0.00700679903595226 0.127777062469904 -0.0909449362860424 -0.0242652666962305
-0.115023356293927 0.114666039462169 -0.0958062009630045 -0.0612805618100698
-0.191294531687515 0.0296892280076566 -0.054174151813531 -0.10774690882404
-0.165235580409686 -0.118761626370388 -0.0445588293422501 -0.114185989987102
-0.0932406360756682 -0.235804747084173 -0.0631930011116886 -0.0828759059395161
-0.0338149452867541 -0.261646549145856 0.0508379969058843 0.046914410051747
-0.10998559184546 -0.233354893990289 -0.0440605581891042 0.157233648398868
-0.235102784391651 -0.110244749865191 0.0843741493136971 0.2302791362951
-0.230541733283039 0.0509161668982987 0.199772320765605 0.129097374360518
-0.0978773088886963 0.166129167280845 0.187355524960528 -0.051508340338064
0.00829139496270292 0.151027856458732 0.0781477469458909 -0.0977670408453981
0.0703533287301288 0.131406580268156 0.00871691062249545 -0.07315008401287
0.10614000420206 0.102598184376683 -0.020160191664021 -0.0250680140717213
0.112342396093912 0.102519733527151 -0.0254551636909237 0.00721275068604115
0.0540370044261667 0.118887242880311 -0.038216596054574 0.0279084254518494
0.000869523080568823 0.144103732673439 -0.0813647339864316 0.0184435543500515
-0.12199667978904 0.129341682848227 -0.100936671032414 -0.0233663350366523
-0.204502245164995 0.0307206314874297 -0.067561680349553 -0.080290501687067
-0.16728611218987 -0.128048905492344 -0.0375870559002094 -0.0879229250562589
-0.0786496132689716 -0.245763768631035 -0.0477385509384145 -0.0141811764548404
0.00140984242580859 -0.239755787556583 0.0402787417950082 0.132140146010424
-0.064767267262628 -0.244856981994261 -0.0574044812673055 0.198749477863629
-0.209488510734808 -0.149567834400706 0.0395866384262574 0.248321592503563
-0.237699637808671 0.0136020255177184 0.152453575973234 0.17026767309951
-0.117613178732563 0.154735780478562 0.166307906246986 0.0111368426488856
-0.00163114618065185 0.152507649711307 0.0848355086899 -0.034818457673946
0.0640262327436711 0.134442849626847 0.0391701785278639 -0.0230006238275894
0.103196375889236 0.106589199189913 0.017766863181265 0.0109232307327064
0.111554194778381 0.104695561219881 0.0108886060422271 0.0435773577210398
0.0574033937285982 0.119657424861512 -0.0119891695343106 0.0679334397069043
0.00286373410845007 0.142862943583245 -0.0685329699904666 0.0584650707117962
-0.121956337549107 0.122179287248727 -0.100272923432637 0.0091931860318789
-0.195476559334521 0.017888875880521 -0.0741334963986979 -0.0583986636473291
-0.143116957260012 -0.131313792000292 -0.0222592132853814 -0.0642362738607434
-0.0462913170773001 -0.22583705853549 -0.0306268095958496 0.0504946229782615
0.0304635773618286 -0.171390583159766 0.0299280214605589 0.195941984382553
-0.0139950584488762 -0.20123137991918 -0.061365861699361 0.220741282660432
-0.14576233428957 -0.148385903450158 -0.0012184285403356 0.237959061359693
-0.194047843036307 -0.0168735484095603 0.0983186966790211 0.18537411911126
-0.108862709920708 0.116550883406693 0.130342903501619 0.0627188828013008
-0.00673433381557052 0.12665518850705 0.0839274837677742 0.0238108464041259
0.0491104541122888 0.114447184554865 0.062874153786501 0.0249340558697591
0.0841319299388127 0.093999129346828 0.0519645546699329 0.0433951849065022
0.0939734386697234 0.0926487392962102 0.0441770903345317 0.0775745840947136
0.0495639215058123 0.108416950482243 0.010507454878603 0.104626845963433
-0.00213988864225127 0.126359679171823 -0.0604316715603804 0.0937726699130496
-0.114532657526057 0.0960104660156287 -0.100870090187962 0.0330160626436674
-0.166934652025938 -0.00601014152462906 -0.079100911283048 -0.0413982584341598
-0.0996182175562959 -0.129152248693018 -0.00965184066310998 -0.0444287093023651
-0.00215490895439162 -0.181364915156197 -0.019183772556867 0.105708450225926
0.0497413950750569 -0.072175239376526 0.025157538414342 0.226549876067036
0.027203428552071 -0.119468705261372 -0.0520857077247792 0.219780773598414
-0.0695113831512787 -0.106236918061728 -0.0234599480719948 0.209511924551524
-0.119564896912446 -0.0292281312690644 0.0574564028453477 0.177741242439185
-0.0758036135509008 0.0670250382280037 0.0985641905706095 0.0944584635961721
-0.00694333590034729 0.0820881632166944 0.0805054176215467 0.063948835414697
0.0301767176672596 0.0750026441968243 0.0803243059269004 0.0604810082929305
0.0541484504718883 0.066166470754944 0.0780019069135026 0.0684608201280311
0.0627045359779781 0.068558552576068 0.068823849009482 0.106017789487441
0.0344947872969864 0.0834856218864724 0.0223602172400182 0.134815383070238
-0.00958148732796542 0.0953890787733346 -0.0619394768221157 0.122976086147332
-0.0966986517463772 0.0586075949093376 -0.110108428658062 0.0477748475230669
-0.120035312205192 -0.0298854174337766 -0.087257696219155 -0.0349139733284479
-0.0437019854074745 -0.11167406290995 -0.00169753820021001 -0.0281736156181183
0.0434598127307722 -0.112839896780678 -0.0189425718670726 0.147342442814691
-0.0583379625417609 0.0236085950238945 0.0041852062796662 -0.187819618116429
-3.98265449180458E-05 0.0684307900478494 -0.027608825421212 -0.00115101763728539
0.0515919155612624 0.045323861230687 0.0997610092495618 0.0513914501248474
0.0548658555636344 -0.0176979189927259 0.144940858146239 -0.0502856069204768
0.00892393235077967 -0.0436659973084239 0.0922333462922138 -0.153706678821766
-0.00903137125116786 -0.0293115471550343 -0.011427621981427 -0.187891050400029
-0.00919704670227946 -0.0300530520343924 -0.0873728377222012 -0.140702997274302
-0.010569714320308 -0.0301146152560741 -0.106135445641941 -0.0892432988821001
-0.00172090599905668 -0.0270065188062076 -0.0992829184305975 -0.0795873555971018
0.0114306125573686 -0.0168178838622517 -0.0926026953590671 -0.0891214337931008
0.0295755104272339 -0.000996319010607738 -0.0875966197760301 -0.10782639053185
0.0314429246185212 0.0351111874280502 -0.0487551435236675 -0.147048957242489
-0.0154963144186788 0.0637876840998714 0.0157838479289951 -0.177004036331645
-0.0664862242704643 0.0303828878017643 0.00946647877479882 -0.18582542541804
-0.0776498844765973 -0.0181827810341851 -0.056164594975281 -0.220947776081199
-0.0860872956268285 -0.0731115261146151 0.0236127052399957 -0.167014723737933
-0.0649278592294505 0.00376228889642704 -0.0250086151150682 0.0186015342013677
-0.0355542651270885 0.0385058227083459 0.120008043254484 0.0818897245675585
-0.00662461168231291 0.0287133645585016 0.180853597899659 -0.0335635285265152
0.00353324014401317 0.019388401359472 0.119950305556063 -0.165935461510506
0.0106694667003381 0.0191471842145182 0.00168742686501262 -0.199722680690281
0.0273860112821806 0.0157587889717889 -0.0815729815439881 -0.151031723926734
0.0332725686777675 0.0100963813680187 -0.105530362529192 -0.0904052202366773
0.0342633236593584 0.0184331482977189 -0.100190497420192 -0.0761677310774747
0.0150632929766006 0.0350839032497729 -0.0915194234321192 -0.0775096406124746
0.00247151354390346 0.0506203345998685 -0.0914988174988123 -0.0933162096343832
-0.0398058670468426 0.0555107605416271 -0.0644295141711053 -0.126634288473082
-0.090404883495984 0.0343199658077578 -0.00694110525380786 -0.159555839718828
-0.104261884082096 -0.0450320868738399 -0.0195478416143526 -0.168870050371866
-0.0900369911809041 -0.118094284286119 -0.0697264047735876 -0.197317384722774
-0.0936091268368499 -0.166001842811635 0.0405588492605753 -0.117755325560802
-0.115642196110826 -0.0822029715334589 -0.0244289543098052 0.056897732090013
-0.130909506386971 0.0107114378314482 0.133310993924366 0.129843831289994
-0.0877390951022762 0.0662709909053039 0.214347593649397 0.00500597817330879
-0.0176834722804528 0.0886886556784958 0.154153794278038 -0.156832578029534
0.0231561498576067 0.0744119298756338 0.0258665274364676 -0.19143915230112
0.0569732344153897 0.0634322652023252 -0.0617113874300541 -0.143675462778276
0.0723609808999819 0.0482758997635973 -0.0899069751175455 -0.0789556297917935
0.0713818076464542 0.0563753669272629 -0.0877269756535172 -0.0563419466018373
0.0281718786018415 0.0775650870712859 -0.0840261195340526 -0.0489747035495692
-0.00659900192708539 0.096949701747239 -0.0975046425869517 -0.0615972074684397
-0.0886079666033559 0.0902344615250022 -0.0868863613484085 -0.0960474917500103
-0.153492647153496 0.0299190248280443 -0.0371459238943096 -0.137251572175577
-0.145757477763198 -0.0917680066358066 -0.0421356032626618 -0.143408487928904
-0.10270499236587 -0.193392328913518 -0.075477838751628 -0.147691640355935
-0.0793080322535565 -0.235670936615975 0.0524608449963735 -0.042994273484395
-0.138482658416872 -0.170228592729261 -0.0286724371075416 0.10899800912313
-0.210362981551324 -0.0400401468446399 0.127136578093856 0.186260317757813
-0.174258370222808 0.0813745249116358 0.228980042290407 0.0620305245306482
-0.0525433179172411 0.147658392074884 0.18103809840643 -0.121443820807308
0.0248279499879817 0.12423662183697 0.0523851856554745 -0.15809654963487
0.0749734663417881 0.104985705298492 -0.030041964557983 -0.11694088928812
0.100783319093547 0.0790237055008365 -0.0596717667552243 -0.0548179313403978
0.10221132840106 0.0833358779850149 -0.061775466225145 -0.0261494405046137
0.0461790929902255 0.105777330315943 -0.0652538066683794 -0.00985026313799811
-0.000416488555852987 0.130938784947129 -0.0951495201465257 -0.0194629098210625
-0.112648056685993 0.123477499647802 -0.101884215016436 -0.0574880485142648
-0.193767165514765 0.0397485261946391 -0.06161985954621 -0.108898819457689
-0.17508300665543 -0.113511408046785 -0.0499980673776538 -0.114981513076272
-0.108052753612384 -0.236355262695227 -0.0677304851228189 -0.0816256383807464
-0.0477452650665241 -0.265355252620543 0.0535440427489261 0.0480601020536953
-0.122655110584107 -0.234546790683099 -0.0391625673062418 0.163382378384257
-0.244349048031903 -0.100744743333945 0.0961799087477845 0.232420294358332
-0.235122580278799 0.0634910024693434 0.211228670014319 0.125210600824166
-0.0904703451108044 0.175107568847759 0.1882522339759 -0.0634130190637971
0.0164669677882954 0.154462755089689 0.0750515738720212 -0.103063255538407
0.079700577261264 0.131250726849102 0.00500113761182872 -0.0745438426750038
0.114870250701264 0.0976599531044968 -0.0216617904876061 -0.0236696456847177
0.119777713731736 0.096904245692685 -0.025924281674317 0.00924388547708038
0.0611226552069473 0.11940759902311 -0.0384019922459754 0.0313694020245469
0.00806322312810234 0.146692133992704 -0.0833479512362251 0.0244315966039712
-0.119162403086505 0.140028654498657 -0.105869484787948 -0.0181010249120515
-0.207092577532824 0.0422843852208948 -0.0745245806837355 -0.0810308868068067
-0.177682283795416 -0.122004495293168 -0.0418103790915048 -0.0879259428474656
-0.0944686274068605 -0.246576751574972 -0.0490776071950354 -0.0115237773662775
-0.010387115262543 -0.243541759431126 0.0468423166428664 0.134470863730072
-0.0771161697589035 -0.248293634098266 -0.0506035771534308 0.206293377818667
-0.219938020462584 -0.143980355922452 0.0501437756498231 0.25285401466955
-0.244339785097875 0.0255760973779926 0.163336553368231 0.170062155834207
-0.111605057131704 0.164722722014912 0.170325410172089 0.00214466916222796
0.00668749362041724 0.155522226422353 0.0858236074477851 -0.0382064399268649
0.0722453164165548 0.133828649658998 0.0385691712127172 -0.024514032919121
0.111533630852868 0.102111283897786 0.0186058910646935 0.010433630623449
0.119636365294716 0.0990310270326619 0.0123308219590868 0.0442578598703703
0.065012253408342 0.119432536004953 -0.0080842267835692 0.0706155842417019
0.00949352442675259 0.144530040774391 -0.0686057167752022 0.064240442820543
-0.118853820823079 0.131147525627964 -0.103973757273442 0.0140526349059467
-0.198723877399031 0.0287047741868585 -0.079406119042875 -0.0574251692646695
-0.152913754657344 -0.126838889494415 -0.0263197110535894 -0.0644594750521299
-0.0600397676961978 -0.228575546398936 -0.0281574884321742 0.0529899345967455
0.0217787990753088 -0.176130061694422 0.0384783245431837 0.201094797807777
-0.0236460081720789 -0.206062257772609 -0.0549099931785405 0.2292425937488
-0.155146446109541 -0.144363354564426 0.00825013932964534 0.243082735463479
-0.200259383475775 -0.0077655082183683 0.10974814693682 0.18661646121965
-0.104698969791484 0.124433552440708 0.13654291248641 0.0572276403768875
0.000585171932547222 0.128893987221752 0.087618912078945 0.0202014292436992
0.0569401498446654 0.113907658575286 0.066070088681551 0.0218648537319268
0.0917620710450597 0.0904092896120863 0.0541960737117064 0.0422421028109696
0.100805744014809 0.0885315071403561 0.0485845249871211 0.0760006955138768
0.0570993803616843 0.108172070897497 0.016282084079807 0.105919932989468
0.00392476583567536 0.128563872602003 -0.0576955058312668 0.0999734625193639
-0.113252769826158 0.104484632131118 -0.103354594422964 0.0394267255002202
-0.169724419532181 0.00360962121703082 -0.0848561742614302 -0.0397877796492665
-0.108236175664429 -0.126186190422454 -0.011544804814226 -0.0449075507312539
-0.0123278422413101 -0.183838055838233 -0.0132850135446889 0.108833661267847
0.0469325715773764 -0.0762719980151826 0.0340885359826904 0.231397100477335
0.0227198570568849 -0.123768502990466 -0.0446315966565625 0.227947854859842
-0.0754347240418395 -0.104875029494955 -0.0158317167981991 0.215581741909879
-0.123811189800705 -0.0236682841949932 0.0678880139410501 0.180128908809306
-0.0727939474287297 0.0722196212135496 0.105803072097344 0.0920004592927373
-0.00163809211653411 0.0827760778087236 0.0865175155533493 0.0617124968703863
0.0352236059800691 0.0750139693402229 0.0853510069182217 0.0571088217335816
0.0585460881456234 0.0642736708144444 0.0815568122895082 0.0651349921112489
0.0680588085424666 0.065229850901602 0.0749689328106782 0.103719415550197
0.0398324476224877 0.0837492986736067 0.0312393892992234 0.136333290743912
-0.00463483044223746 0.0976280188141928 -0.0566349145607566 0.12923103302452
-0.0958058178444223 0.0655095182497479 -0.111400465161302 0.0548070867888134
-0.123550380150707 -0.0232043426208499 -0.0924169564758983 -0.0318577580293278
-0.0498589911186238 -0.111571658570788 -0.00238739853721094 -0.0293613860608022
0.0379196060919184 -0.117480491128206 -0.0109743388459578 0.150740854813807
-0.0552855045996981 0.0297434294842773 -0.0235867435518199 -0.186303933894447
0.0112787262300332 0.0665309451362034 -0.0297912868815223 0.00328685796371572
0.059916017667028 0.0340879714877435 0.103818756267649 0.0386526758510629
0.0521269738343301 -0.0295400999244035 0.135711113999214 -0.0680624303562592
0.00174017023255955 -0.0474501133304931 0.069220660766452 -0.165348510683187
-0.0163515049619677 -0.0314548716377671 -0.0402950766031211 -0.181800626679244
-0.0170286553002521 -0.0295860587021138 -0.107177135974977 -0.123439653286698
-0.016843001709211 -0.0274481325260875 -0.115122381418921 -0.0707403716478013
-0.00789925417988444 -0.0257158491825205 -0.109627527873567 -0.0640095493487003
0.0082666137739227 -0.0171704468219894 -0.105468634996176 -0.0763376804553519
0.028199118517344 -0.00433208058567779 -0.101812465382938 -0.0949251242754024
0.0340561458197081 0.0311357542355587 -0.0663282985500672 -0.140883188555603
-0.0080123978724843 0.0662957066795983 -0.00505293350140204 -0.18173517875898
-0.062126446168116 0.040849533967842 -0.00998044194020131 -0.186091412841108
-0.0806165004777879 -0.00669437299682468 -0.0794719125014783 -0.211260582120892
-0.0994968973251627 -0.0605480504738547 0.00269387187532777 -0.167564962848146
-0.0638574700923721 0.0148359049822926 -0.0196177094568075 0.019875668567346
-0.0266851466242131 0.044123522051091 0.130762988406739 0.0604327372616333
0.000726972485358768 0.0275924376420744 0.173075868164678 -0.061698580734368
0.00764682698446567 0.014572820291922 0.0922104668902769 -0.183413782663342
0.0107194804777029 0.0134296021312853 -0.0304665834572329 -0.196307168015541
0.0282840813451982 0.0099245175378543 -0.105564996181818 -0.136202787344489
0.0320756175878334 0.00462046542769476 -0.116245481818238 -0.0714696558112454
0.0353158165485829 0.0130240146518822 -0.110897889483789 -0.0600603630385282
0.0201611585199145 0.034193213681428 -0.103098526444011 -0.0651765470089517
0.009507746124642 0.0500359473202017 -0.103539569712287 -0.0806184367830613
-0.0324533888163857 0.0635543379402153 -0.0785496390958897 -0.118846128370637
-0.0859552074920375 0.0483613958401208 -0.024404294475931 -0.159542013736135
-0.110684372798346 -0.0280612597913391 -0.039132121873635 -0.163614962462809
-0.10734343954096 -0.104605239880834 -0.0924589565879109 -0.184590517071745
-0.12222809232778 -0.149386682615758 0.0310730590849502 -0.120321385838429
-0.128122352550532 -0.0593167994660758 -0.00934034539592291 0.0567739959259001
-0.123529344846591 0.0336756055169467 0.154437646683756 0.101523469160281
-0.0715083042299971 0.0795374054332566 0.212797879379901 -0.0333152234147636
-0.00125851700894562 0.0853511014380095 0.123438177957333 -0.181423280458587
0.0319776261194187 0.0651178794224107 -0.00786626167982258 -0.191821712562732
0.0668609260286034 0.0527025519075013 -0.0858496259619264 -0.13292813836638
0.0761741656624272 0.0359983649648728 -0.0992225298764856 -0.060918522868816
0.0787018823175882 0.0448173597374845 -0.0956390350862292 -0.041700145470257
0.0400822893154061 0.0744766805516272 -0.0922428928322923 -0.0379353359613473
0.00864336188910725 0.0984659916122388 -0.106391492050754 -0.0491567166777345
-0.0745626960598093 0.106347957545195 -0.0965091922020897 -0.0877417465963226
-0.148189443976621 0.0549637696568433 -0.0504581194756471 -0.13315629293503
-0.158827674803384 -0.0681393862657944 -0.0597657775595039 -0.133652268993867
-0.130889298180262 -0.177178739767046 -0.0938669139762377 -0.13195126452933
-0.119062907989305 -0.219944939242861 0.0554501965885 -0.0447482858449539
-0.165919286732877 -0.141379477316044 -0.00174770167277147 0.109673691018691
-0.210201819694126 -0.00255244592186005 0.161003687645413 0.155251153858415
-0.153887789315404 0.110732580183377 0.238531915566436 0.0170438248612012
-0.0254413804748288 0.149204413882717 0.153873648493384 -0.153131013809589
0.0423032844703119 0.113283130507262 0.0227186095420669 -0.163940208636378
0.0933716828521597 0.0921491790270734 -0.0524554609956105 -0.113483490167869
0.109805388335598 0.0613170276462597 -0.0673418883125065 -0.0420086637684005
0.114568623647137 0.0654295506209747 -0.0655004287152941 -0.0150144254968141
0.0632841601043631 0.0993045027507169 -0.0690010177843208 -0.00170355517470442
0.0199699150672343 0.130512676665042 -0.0998921067641391 -0.00737157037242952
-0.0935393024049019 0.143922135050546 -0.106996787772677 -0.0475465483111682
-0.186010048873969 0.0710221345329825 -0.0710632351308243 -0.102028074117019
-0.190342271679626 -0.0849742587117805 -0.0648040781403844 -0.102988688203876
-0.141995015838381 -0.219735098552614 -0.0800842221740376 -0.0667818909030921
-0.0916049399527558 -0.252974457917276 0.0705749181511534 0.0454538721839079
-0.161081845436875 -0.205744258922634 -0.00111386599335186 0.16738567140863
-0.253793196083962 -0.0549860450219583 0.140999323546275 0.204906757010676
-0.216195772403563 0.104747734184571 0.232460040175829 0.0791299681462598
-0.0565063979922335 0.182916600196717 0.168745710259421 -0.0975197934436851
0.0411301807290781 0.145127253941486 0.0524798228227753 -0.114022124295852
0.10311845000702 0.117234274114154 -0.0112289513906998 -0.0784760760090938
0.126737746053725 0.0777246962321742 -0.0261107378636751 -0.0167195261162757
0.134776457851532 0.0760343494442507 -0.0257822934143551 0.0147979263426762
0.0811228910954812 0.110020626985134 -0.0363819152996128 0.0356634349262684
0.0313443611245426 0.143835652844964 -0.082136316150455 0.0342556500317509
-0.0963444016648741 0.160760023001292 -0.106176198809232 -0.00928885249621678
-0.198269277479907 0.0759647724666196 -0.0800519935865326 -0.0714303647577111
-0.195035058629578 -0.0939315113087911 -0.0540255686599791 -0.0770113871810636
-0.129291488023251 -0.232494500674468 -0.0539709824136696 -0.000341684367062341
-0.0507297056588813 -0.236560153632916 0.0757783569027398 0.132736869337709
-0.117998177080822 -0.226144529448425 -0.00556191520781651 0.213714191747773
-0.237773896490901 -0.100820707120861 0.0997627124393475 0.234989542003045
-0.232224885686815 0.0710352270846206 0.195693923902145 0.13104453273861
-0.0784472273440187 0.176799006144424 0.161783462203097 -0.0306477548816799
0.0323372078264805 0.148674255590679 0.0745542579045276 -0.0518900528620344
0.0970218191385607 0.121187070944647 0.0304401921514129 -0.0350646498480583
0.124983168288681 0.082397551655353 0.0182563533757527 0.00941799514537059
0.134637357115093 0.0773067751237524 0.0172200130484935 0.0437062650843654
0.0856185936688341 0.10848263298908 -0.00136307379517329 0.069687434001247
0.0327010137095414 0.14163655633641 -0.0617892105384419 0.072624249764235
-0.0975405556624051 0.152428317603508 -0.0999960668565818 0.0236782950638133
-0.190892358841717 0.0606567417596733 -0.0837526689329298 -0.0461846873188727
-0.170917159607383 -0.102371780222825 -0.036242963581461 -0.0560677981435875
-0.09246444991851 -0.219090777800845 -0.0256258241176745 0.0605525230408448
-0.00559665862778124 -0.173875581083588 0.0734587850308269 0.198408277182632
-0.0576594302154861 -0.193879607690539 -0.0106873931265732 0.238040143083299
-0.174520943039624 -0.111984782518332 0.0558476300461706 0.234725325809609
-0.197115535226346 0.0306590459653207 0.143849684808797 0.158953863814267
-0.0779210969548949 0.138721895610097 0.139761598346809 0.0288400184807716
0.0222718919576753 0.124079528474135 0.0863422274430457 0.00606757258791395
0.0786102984564831 0.10330435778339 0.0650123370957486 0.00682692686455672
0.104494206311796 0.0739613620337349 0.0571653323745622 0.0337669570199904
0.115637125139783 0.0691531257232925 0.0566725253593021 0.0692477077766919
0.0761589532521549 0.0974723695144549 0.0280312545249283 0.101849616601954
0.0256692159295016 0.125565790415711 -0.0460019603061914 0.104972397138479
-0.0950256914393923 0.124118861805116 -0.0970396275468869 0.0497019372796067
-0.166860243647479 0.0307034286028064 -0.0866802569540663 -0.0286708281181944
-0.125298241406473 -0.108214949278433 -0.0200996255692311 -0.039891592242583
-0.0379748116226896 -0.181785166149462 -0.00460780975862852 0.112286265923883
0.0371393922493607 -0.0791639216795133 0.0680557932795236 0.227511729596321
0.00205701795723078 -0.121525298009179 -0.00482985635118221 0.235757315224653
-0.0892193185572075 -0.0878395386289813 0.0229476164647544 0.213990643748562
-0.124283231584421 0.00209876456064074 0.100506397950546 0.163106293168226
-0.0560980949346845 0.0834805153000578 0.116555576348745 0.0698517132034278
0.0144368800378895 0.0793826334094061 0.0928599505768852 0.0467936933736813
0.049437543200182 0.0680330277349027 0.0905743677994109 0.0398969284608428
0.0687646746846837 0.0532987412221678 0.0874360839027728 0.0511992541743814
0.0787978810491678 0.0526966941114857 0.087261163418275 0.0921420485611341
0.054845363881092 0.0756294710262049 0.0474701250566509 0.130232900458386
0.0127794406784255 0.0967565062211384 -0.0407554491896494 0.133381734526365
-0.0845360264932829 0.0825870085222666 -0.102862389030282 0.0665879997593972
-0.124524151385946 -0.00277042567424425 -0.0943246228491083 -0.0191910088135275
-0.0656353024611959 -0.101587674371258 -0.00904320438181806 -0.027054437154794
0.0229369431560601 -0.121905812486282 0.00360513124044908 0.151241875146773
-0.0537214837287609 0.0300082331154245 -0.0287623999647232 -0.182535416204864
0.0124011704653161 0.0645987146187494 -0.0290421511351155 0.00416317999982201
0.0589141293737123 0.0322040933955299 0.105112510479104 0.0359508531975822
0.0501595775568144 -0.0310806743037632 0.132199969962439 -0.0702553490373847
-0.00025808734474693 -0.046009009063658 0.0624622463687461 -0.164773910622091
-0.0177914741595658 -0.0294901512013915 -0.0464374864045024 -0.178728529527233
-0.0174936991602268 -0.0287568322250786 -0.109513518430896 -0.118203858067355
-0.0170815010832043 -0.0260662230638204 -0.114234624745703 -0.065512755642496
-0.0086787100173355 -0.024682683664449 -0.110094715673613 -0.0581561870543962
0.00772062038045282 -0.0171443920691349 -0.107374199500341 -0.0709726759963434
0.0279996158645608 -0.00529924087807725 -0.103590396471497 -0.0901533070556384
0.0347218079504277 0.0290444303126269 -0.0685201735149246 -0.136755241045222
-0.00586388819637142 0.0656090161799187 -0.00929478457785781 -0.181125843387576
-0.0591976871184548 0.0411239057577216 -0.0133176070190603 -0.183154137878707
-0.0789408486554446 -0.00490548876005419 -0.0825278982658619 -0.207096116335634
-0.0991243576101999 -0.0575409073048513 -0.00177214927028909 -0.164812539332498
-0.0627915392855414 0.0159630455569212 -0.0187613314831676 0.0211280957566954
-0.0257369827780739 0.0437876071205418 0.131706648944862 0.0576027506102927
0.00123162963798272 0.0267675363421351 0.170180171695025 -0.0645815847927236
0.00693323450740635 0.014372786688697 0.083936163064247 -0.182625937228576
0.0102919510138565 0.0135498250701893 -0.0376513423229418 -0.192498899068773
0.0283922007380276 0.00918758571914455 -0.108112268698437 -0.129133440022702
0.0316356694558935 0.00350939124014704 -0.114996550544668 -0.0654373405515022
0.0348663419426345 0.0121206567679136 -0.111096341099544 -0.053709008665064
0.0214639674204222 0.0333039498664301 -0.105037202716981 -0.0600661765431498
0.0111183965194108 0.0491565253477371 -0.105915110097374 -0.0758122138435387
-0.0309271450365581 0.0636747928848068 -0.0806019392373458 -0.115589850556814
-0.082626284227478 0.0500763034277866 -0.028313915522629 -0.158735108499612
-0.108930393088919 -0.0252715416563781 -0.0409912248403992 -0.160312594220757
-0.107948725014705 -0.100003114174836 -0.0942003499827984 -0.179699199269731
-0.12460918635555 -0.144128678233161 0.0281032278598736 -0.117174568142212
-0.128315115904333 -0.055106702597702 -0.00756153324306304 0.0569238830284694
-0.121341932153018 0.0358043436503983 0.154412415387209 0.0975057116584402
-0.0696304922964289 0.0811617133404432 0.210266623503152 -0.0373492574646229
0.00137332201974908 0.0847672386145819 0.115512048205435 -0.18278420697
0.0328779371105165 0.0635583821770786 -0.0142152233191758 -0.188479971162836
0.0684775092028295 0.0492902661567425 -0.089434258573235 -0.127401519061135
0.0761103588866441 0.0327086092412306 -0.0979027134291968 -0.0561074506992142
0.0786640622647623 0.0405891131280047 -0.0955526639702174 -0.0361235803482938
0.0428074266650113 0.072942038867987 -0.0930545537012852 -0.033287884282049
0.0116957417204452 0.0962602253656525 -0.107567376988699 -0.0441339649369813
-0.0713896623538739 0.107458899402901 -0.0976077944350174 -0.0830584653434322
-0.144353819332782 0.0580740970863348 -0.0536634846906593 -0.131417778575656
-0.157301709775362 -0.0630930409027619 -0.0610037003012937 -0.130972945864461
-0.13336753626037 -0.170661511845691 -0.0946987173037491 -0.128000820447586
-0.123343674765881 -0.212987932565924 0.0547371998658452 -0.0447603663627441
-0.16736223038483 -0.135139392239187 0.000861056633149539 0.109029333391863
-0.207212753534559 0.00252076561724273 0.161960800043991 0.150153669243322
-0.149575306682262 0.113723329845515 0.236576145097661 0.0118098123819173
-0.0198894059460115 0.147373221833651 0.145238554967114 -0.154914889922704
0.0451438979764539 0.110870971103973 0.0174207090543603 -0.162496931679256
0.095826654561226 0.0867755284703132 -0.0558116650106526 -0.109115924025448
0.109959437020516 0.056399571260274 -0.066367053772392 -0.038180874477641
0.113834848629405 0.0592085603154202 -0.0655391934468977 -0.0103957102988129
0.0666286828534335 0.0962308308605209 -0.0686953482243034 0.00103458948629993
0.0240417539140719 0.127799734200331 -0.0992990869241267 -0.00344147897706739
-0.08796298291539 0.14587707495022 -0.107254360926813 -0.0433651850386146
-0.181158548750249 0.0756221608524403 -0.07335220058554 -0.0996554379147448
-0.188891782657562 -0.0786786112905181 -0.0652578233506619 -0.100494699091718
-0.146011493372191 -0.211322508377328 -0.0796522965149009 -0.0635690959496256
-0.0970089430541188 -0.245480373670701 0.0716460974532908 0.0443139650697306
-0.164191122784834 -0.199360916424665 0.00316861378790877 0.165413810764397
-0.251034735154335 -0.0479684872174242 0.143216574238637 0.200275172517553
-0.211614829884842 0.110554074227795 0.232524365702022 0.0726774509486632
-0.0498273007477201 0.181689268723407 0.162363580170593 -0.100969181418361
0.04474407659061 0.141388371859375 0.0489765795340214 -0.114028436378395
0.106523052527682 0.111160125788546 -0.0137515699453452 -0.0756482705259903
0.127347545166332 0.0714492893031961 -0.0254258971847015 -0.0144260448387359
0.134450167141221 0.067979547836653 -0.0253702156575469 0.0167370820794066
0.0834857586331045 0.105504941538473 -0.0352872145188613 0.0365636253277874
0.0354118412118937 0.141043443064454 -0.0814162507492851 0.0373815228112761
-0.0910369792241406 0.163052379241513 -0.105995164771086 -0.00455395583680798
-0.192248131002032 0.0809446176912602 -0.0823471598582973 -0.0685554093104426
-0.193960970037194 -0.0860222438436726 -0.0544648415702272 -0.0748445091683152
-0.134636707516572 -0.224998806267572 -0.0518985876627296 0.00163803151770078
-0.0558692829330199 -0.230782044987253 0.0781413487809679 0.129674464727722
-0.121849781939653 -0.220801529764669 -0.00119052183450832 0.211071427094892
-0.235784852461288 -0.0928594841709747 0.103706766917971 0.229906015139247
-0.228201012514727 0.0770390105605787 0.197159260179549 0.125040242758183
-0.0711479243395931 0.1763434603155 0.157415678837913 -0.0346898405011968
0.0361973210914085 0.144717671616513 0.0718829545721354 -0.053356935938832
0.100573710437941 0.115637101368454 0.027922818098997 -0.0350350681256134
0.124941388469684 0.0757683107845745 0.0180515713731786 0.00996889758928373
0.13466341042026 0.0698647367273786 0.0172833343777546 0.0419925174027547
0.087139146121774 0.104316682233253 0.000459513401312076 0.0690401379881012
0.0371451167234001 0.137937547125261 -0.0595042752715759 0.0739581141200729
-0.0909367812103827 0.153740121526046 -0.0996057882448077 0.0275360402505497
-0.185257534074253 0.0656405136246067 -0.0857590835211067 -0.0436850573324145
-0.170565947426283 -0.0948254696284736 -0.0370223065488657 -0.0556702197064535
-0.097965942222292 -0.211880238831202 -0.022340602439365 0.0605846245879634
-0.00970988625338949 -0.170775741742195 0.0764563510658594 0.193711616731789
-0.0622892343564124 -0.190538119049542 -0.00447363986813091 0.235672491385111
-0.174628821550916 -0.106155542703337 0.059011663072672 0.232075710675369
-0.193966052527737 0.0368971749215208 0.1470788347176 0.15339044222323
-0.071791178637483 0.138338164228178 0.137405902581742 0.0244752914083982
0.0263151237953408 0.120340021243406 0.0862456924798868 0.00379740321447713
0.0816103876200583 0.098759493986036 0.0641438743541658 0.0052152078206462
0.10560480251941 0.0680724679878327 0.0568515055021486 0.031901552700605
0.115669072566804 0.062810481945091 0.0571451835282566 0.0666138578813211
0.0783615697801984 0.0933206501477251 0.0308569470770762 0.0986670603066969
0.0287215381191904 0.122114575715405 -0.0427578029374224 0.10537665586132
-0.089531589904037 0.1262005111878 -0.0957024212680255 0.0519250888271178
-0.162290799704236 0.0351612277347799 -0.0876259238864715 -0.0257879371602136
-0.12615144055218 -0.102100927295613 -0.020383936733543 -0.0397012599207485
-0.0429249248759926 -0.177526913209612 -0.00100266373748575 0.110576972370014
0.0351370010640305 -0.0783384451647217 0.0723988526357341 0.223434564364167
-0.00121675406418009 -0.120303989866006 -0.000454902699061781 0.232896618490103
-0.0902690654549614 -0.084181588565974 0.0264457313798558 0.212192953978451
-0.123255973822138 0.00582617045425685 0.105069212389363 0.158947848706374
-0.051760046472275 0.0829029989573584 0.11752737833494 0.0654302355356061
0.0168394000510874 0.0769459612628034 0.0944437125295284 0.0430772426011412
0.0512870191650957 0.0650869211170388 0.0904471572135433 0.0353799551725559
0.0693071289927836 0.0489415115468322 0.0876723064274579 0.0489067813556457
0.0789019200712636 0.0476093134988446 0.0877101792955058 0.0871505717557314
0.0567398424207659 0.0720912027337685 0.0507301383783149 0.125391166203765
0.0150983086591628 0.0942362920312902 -0.0365014981739954 0.13332218077121
-0.0801546914787426 0.0848534342505542 -0.100788457376796 0.0689455274218479
-0.12176772532153 0.000975145190777149 -0.0942830887968029 -0.0158753004473239
-0.0678141343013628 -0.0973938577873059 -0.00998638694655185 -0.0272831182831587
0.0179035540278868 -0.120807068490242 0.00870665524966873 0.148385001370137
-0.0535399519865106 0.0288015616385697 -0.0289142237852418 -0.179846837757138
0.0121276765295124 0.0637411061925076 -0.029203066514418 0.00438250352360553
0.0576438898334357 0.0317204100718626 0.10535326276572 0.0360621784000056
0.0491999149505997 -0.030999937704965 0.131466470090254 -0.0694570711805884
-0.000356190047909301 -0.0442590888202919 0.0618781483137976 -0.163811025755454
-0.0183673434930092 -0.0287772492039885 -0.0493929963813636 -0.17607837600018
-0.0183595762465571 -0.0284573966523849 -0.108923708354645 -0.116249070263177
-0.0176181197652121 -0.0255675149336804 -0.112708887125812 -0.064364686604154
-0.00855825093652453 -0.0242958334638518 -0.109944152476391 -0.0556081874484286
0.00719254993519155 -0.0171300563693085 -0.108224513894285 -0.0687221028826668
0.0281153308229131 -0.00600575757112233 -0.103307199138814 -0.0888224047282072
0.0338482344167123 0.0281012647079722 -0.0675960238588071 -0.136699246983087
-0.00565750971987715 0.0644251643483758 -0.00916734042326437 -0.181041318766366
-0.0576041354814472 0.0392579475289017 -0.0111983842483369 -0.181902997566829
-0.0774565225048812 -0.00517869719504839 -0.0806603247009843 -0.206100853179999
-0.098682803669235 -0.0571763378084561 -0.00221640693031412 -0.162451721162311
-0.0626088402883838 0.0156006929653438 -0.0191338241911593 0.0216733161762156
-0.0265434948986143 0.0436730662459896 0.131318693049845 0.0578822409144963
0.000454565476944881 0.0272195028581882 0.169240750995141 -0.0641283041368144
0.00688090285890102 0.015238152966982 0.0825257405493208 -0.181186183680196
0.0107064176438825 0.0136986131176642 -0.0398829339794003 -0.191100292523797
0.028527531144575 0.00749976418592528 -0.10836529106308 -0.12675475374297
0.0320219513141588 0.00381496905226408 -0.113129718957052 -0.0639448294822318
0.0349619307670255 0.0113048134117315 -0.110116291755071 -0.0506257289602906
0.0217929473286809 0.0334065158345341 -0.106104125878557 -0.0582565029419998
0.0115111455748944 0.0483939285140659 -0.10586835481736 -0.07369665038596
-0.031331254928061 0.0633858853334508 -0.0797897056808531 -0.114600965999909
-0.0818680040487295 0.0493725819743398 -0.0287249402617501 -0.158980589057003
-0.107246335241029 -0.0257094106900286 -0.0392378269300064 -0.159833808818021
-0.106916922995882 -0.0989545442486185 -0.0925465836117901 -0.178588058447289
-0.124271206818736 -0.142442712588646 0.0281370881133895 -0.115735858802265
-0.127072034438349 -0.0544828126049258 -0.00748201609356271 0.0570110133465228
-0.121204950254989 0.0355375387489201 0.154176017813474 0.0983646955500102
-0.0702610895076866 0.0814561013873955 0.209978523773408 -0.0366493851566719
0.00158290592561406 0.0837742541129932 0.112642255216719 -0.180831987845427
0.032770376787113 0.0638236186504728 -0.016032283818973 -0.187119911062421
0.0690471067584137 0.0479619342564274 -0.0900652723395642 -0.124675835900216
0.0761768533237223 0.0311951417526304 -0.0956621994411237 -0.0544147570771918
0.0777098084762041 0.0389653577023206 -0.0948333912510609 -0.0334779452419716
0.0431324077382998 0.0725446915530619 -0.0929847710111435 -0.0316371069424899
0.0126637851632191 0.095184726089068 -0.107627941329195 -0.042121533691311
-0.0707899129010828 0.108235225293604 -0.0970184779075029 -0.0821673311615427
-0.142335009732454 0.0579028336216545 -0.0541652933737751 -0.131583329728066
-0.15535098022869 -0.0631558091801015 -0.059279260884406 -0.130708826882819
-0.132338600987475 -0.169183433675383 -0.0931325211320808 -0.126503186217218
-0.121798412805313 -0.210139641857962 0.0543004051895079 -0.0433574905362784
-0.1667775628099 -0.134274717870256 0.000248738287002634 0.108620835577243
-0.205161560880136 0.00224832952910326 0.160448317446833 0.151070088268641
-0.149523877516494 0.114422440418253 0.236529050979503 0.0131825586198784
-0.0192774083620504 0.145983106707934 0.143103506465186 -0.153290118210956
0.0454351629474304 0.110302864970563 0.0162880033613903 -0.161693252330755
0.0966072936593755 0.0842587319438048 -0.0560225340771202 -0.106349762821856
0.110088334719578 0.0537084444500495 -0.0651089702651289 -0.0364660305032012
0.11240988430805 0.0565589040204913 -0.0650379069438403 -0.00883319034201731
0.0667344773307599 0.0953047463327513 -0.0688874831663165 0.00242606495294403
0.0242218102984579 0.126261435487021 -0.0997377830440228 -0.00102767922798442
-0.086631278187027 0.145848704101452 -0.107369077985541 -0.0425325894491879
-0.178197888505543 0.0759900052483633 -0.0746206001267631 -0.0998507701840995
-0.187268179324066 -0.0774623889253666 -0.0638681547571571 -0.100746524527436
-0.145227756047925 -0.209078529754826 -0.0779995360062852 -0.0628174992890784
-0.0964200194432479 -0.243103775960188 0.0714871787531326 0.0447745780079054
-0.163793033627877 -0.197871022942665 0.0025578760815234 0.164967520615562
-0.248561495459926 -0.0486272613633801 0.141748565747378 0.201202033269212
-0.211685406373726 0.111931477699955 0.232630300052079 0.0737732989906166
-0.0488462831754431 0.180292858764977 0.159100601309908 -0.0995022172310924
0.0447539883756443 0.139982085490624 0.0486143926816385 -0.112836512885162
0.107198892714772 0.108685250296325 -0.0146642876382862 -0.0745283194315022
0.127629302302817 0.0691078621606492 -0.0243929112959218 -0.013796532968937
0.132447979096414 0.0653170579887858 -0.025559576445539 0.0178209192710844
0.0837845315382828 0.104182327733299 -0.0353441099554817 0.0367376420636292
0.035982666559704 0.137959234570076 -0.0811941746724473 0.0387109431758968
-0.0894440716814546 0.163339071083567 -0.106583769629102 -0.00418012043267425
-0.189192242609296 0.0811847211844733 -0.0836130171382727 -0.069586839108392
-0.192048563439394 -0.0839793256535803 -0.0534233201569042 -0.0756699739988227
-0.134382873100666 -0.221531243516657 -0.0505600368220631 0.00171430797340277
-0.0548921569580803 -0.228373866591114 0.0780713660378415 0.129975070272153
-0.121952728250076 -0.219787216008674 -0.00151447142716439 0.210960288033049
-0.234045066751792 -0.0922710831876241 0.101163038399263 0.231261595553947
-0.227963084566778 0.0786134881374821 0.197461349335704 0.124994043369217
-0.0697614477968351 0.174777110763421 0.15435279386415 -0.0339717320744229
0.036290044957515 0.142755261138123 0.0725610340549864 -0.0533517970163984
0.101484529679296 0.113384266673169 0.0280624799418375 -0.0341498311235019
0.125362396997074 0.0738003775434206 0.0183589250833362 0.00992769191438501
0.13296958355016 0.0664610699077985 0.0169517860860922 0.0432156310364603
0.0880534996221105 0.102400881128176 0.000873321217535575 0.0684365693513501
0.0370744831966557 0.135698763295241 -0.0597848495254167 0.0749595682052312
-0.0899197925667302 0.154468004046023 -0.0997412115373082 0.0287219258334886
-0.1820438612952 0.0657199325564672 -0.086146175350922 -0.0442838485256044
-0.168492654077183 -0.0926126558668507 -0.0363141281436991 -0.0556749829979178
-0.0981998670817802 -0.209336992945872 -0.0217092016845888 0.0599365171225993
-0.00914627012207531 -0.169059101263197 0.0751619600801649 0.193426501472796
-0.0620208847749826 -0.18961798226324 -0.00531897868943832 0.234404539999386
-0.172621130676111 -0.105605690909504 0.0568703703927245 0.231065125040028
-0.193004130735647 0.038442393908415 0.147462439389464 0.153754680808541
-0.069989488155768 0.137626433065035 0.135525385640797 0.0247114467814368
0.0261672779363774 0.117661886364581 0.0868592852239658 0.00315008893181603
0.0819877850839082 0.0964953125106319 0.0635977590893089 0.00443837296705396
0.105305529486523 0.0660614000185262 0.0557818023094822 0.031411576975425
0.11388376725184 0.0599401426902657 0.0562835536192382 0.0660399029167904
0.0779468502462494 0.0913459205600213 0.031501864127343 0.0971247756530624
0.0294129756228524 0.120367429152814 -0.0425420612062293 0.105641582983604
-0.0877502695561391 0.126442777083837 -0.0957895883465411 0.0527446273148186
-0.160421011664931 0.0360993446773423 -0.0877600372658205 -0.0257291922973792
-0.124519721967394 -0.0996572187595514 -0.0206651031026097 -0.040277262174056
-0.0434126433026781 -0.175248819568829 0.000443365134117209 0.109056888475559
0.034793047091594 -0.077310550407297 0.0707180291828947 0.222528626098234
-0.00176076827784826 -0.120136860179679 -0.00189369377383085 0.231678941536911
-0.0892270046337605 -0.0833896509150234 0.0253053355371 0.2106667649591
-0.122496948133701 0.00660907279533498 0.104335118573703 0.158575462635303
-0.0500603828115249 0.0827637182675052 0.11680480151369 0.0646065465097988
0.0162570449400717 0.0739531748637737 0.0952107126395131 0.0427541795442965
0.0505728527875812 0.0626523349089372 0.0896035275749011 0.0345657442077696
0.0694403108894321 0.0467875317347094 0.0853136862302996 0.0479423536833036
0.0784533587891059 0.0457021866994289 0.0865344532863893 0.0852087648794286
0.0565188190889473 0.0704969968950348 0.0506845011836375 0.122493191376904
0.0158889852273741 0.092685051203711 -0.037101757176777 0.132703706309372
-0.0785220091002805 0.0841630779172948 -0.101088058540405 0.0692942464492024
-0.120225536534778 0.00240725689742441 -0.0944112818961158 -0.0164515482347244
-0.066880857895299 -0.0955126733856487 -0.00969938323859359 -0.0279917499495647
0.0170021808835974 -0.119500586961952 0.00923169941833295 0.147252741305334
-0.0550213922892232 0.0279518835130557 -0.0277729731979703 -0.18221112863225
0.0117357123225858 0.0640346354909367 -0.0302889253583437 0.00487780921530162
0.0572406521078704 0.033047179846363 0.107674371934228 0.0386302040993097
0.049797117691628 -0.0303042560868646 0.135858873225672 -0.0687291837080859
-0.000414754556884795 -0.0434988476184063 0.0645399322784794 -0.165672437987928
-0.018173906791742 -0.0281848790301049 -0.0501637852951462 -0.179201981345113
-0.0183033287382902 -0.0284720624474309 -0.109947268828828 -0.117809230112964
-0.0169295813200473 -0.0256373838211534 -0.112891839880059 -0.0665278798425033
-0.00891519458823839 -0.0236914731640091 -0.110893914013594 -0.0564354978515219
0.0080856466939193 -0.0169084096039444 -0.110636719296469 -0.0698164703722086
0.0286091018607318 -0.00599136135471754 -0.104540593080638 -0.0908204912546125
0.0330040339743228 0.0287780465403461 -0.0656655011446444 -0.139884431268755
-0.0062865982231464 0.0649358723871385 -0.00760843451100862 -0.186068507551433
-0.0581002252408713 0.0375840397491037 -0.00812512799339072 -0.185570376674092
-0.0782958449570321 -0.00717191488615702 -0.0777503857279933 -0.211330396373038
-0.0997901767588578 -0.0592854554045433 7.50008507772433E-05 -0.164075731234214
-0.0637567121837326 0.014503608285302 -0.0200338807645113 0.0208816076728854
-0.0276577886686696 0.0444562724589577 0.133793524585958 0.0615538892332057
-0.00104436744651108 0.0280164780499628 0.174328982321475 -0.0619312234882171
0.00661449276405196 0.0165134215327231 0.0852613777616933 -0.182863405540858
0.00990117695278069 0.015503065079215 -0.0398969487536852 -0.193159612033882
0.0291372071029666 0.00730941114576314 -0.10927531447298 -0.128288838511112
0.0319885511918418 0.00366779099241144 -0.112622724801058 -0.0653700312833009
0.0345919536316417 0.0118161564256696 -0.111956530129876 -0.0506517278908089
0.0223511084088809 0.034219495433744 -0.107698893971554 -0.0591021341443915
0.0117328957085347 0.0491705414510233 -0.107818701997901 -0.0754214431233829
-0.0326982449935876 0.0637948827008319 -0.0788837997655974 -0.117820751353763
-0.083391056661381 0.0490144617719882 -0.0272794348958247 -0.163796788669748
-0.107734132949101 -0.0287922612447738 -0.036019830773084 -0.163175095092291
-0.106259571295399 -0.102990262973081 -0.089338003343372 -0.18292504537723
-0.122946379514005 -0.146063310934402 0.0305137705067689 -0.11638042881144
-0.129106955707813 -0.0578889625286364 -0.00896169066483841 0.058018710954355
-0.123661550574335 0.0347876357262867 0.15582490702712 0.103242952284704
-0.0729642177076179 0.0823446530905486 0.215516177949175 -0.0337344459992888
0.000517364310175485 0.0858645223215979 0.115589395461055 -0.181622323878373
0.0326909811148396 0.0660112770688762 -0.0162992105253043 -0.189786848540649
0.0697763587540821 0.0482925440617783 -0.0906415938676696 -0.125470141262743
0.0774678281623584 0.0319229047014992 -0.0950752854602205 -0.0555378206066336
0.078354554449503 0.039642337181237 -0.0963066747982844 -0.0327207919560553
0.043375810718015 0.0738691339940724 -0.09541218781867 -0.0315867267464731
0.0118348081591039 0.0964434630661367 -0.110247388457746 -0.0429758539482673
-0.0733368953085489 0.110116981583322 -0.0983151322650591 -0.084326863169262
-0.144924410959787 0.0575335552041681 -0.0536750578539899 -0.135924627729391
-0.156190882882473 -0.066489647952673 -0.0580589368311941 -0.134150030147347
-0.132193101490389 -0.173673706225223 -0.0914747006454403 -0.130438956896815
-0.121032288406903 -0.214753843265873 0.0568602394801459 -0.0423699313164615
-0.167458065435496 -0.138542076013563 -0.00100215581185003 0.110473275168984
-0.209284759383955 -7.98641567678858E-05 0.161418355865435 0.157508494248632
-0.15423675235087 0.115706744932723 0.241800637772347 0.0165976701108787
-0.020973571040981 0.148083639401941 0.146085016736446 -0.152079567250977
0.0447474787169781 0.112621765461789 0.0173235846947031 -0.163099674237924
0.0980046246644861 0.0850559685115564 -0.0566979314867909 -0.107215298520062
0.111718533350796 0.0550905242845002 -0.0638161513404281 -0.0366947010213153
0.112984368369351 0.0575976511258091 -0.0658440813553293 -0.00780480796859957
0.0676931010792827 0.0975121701911128 -0.0703753773654878 0.00224464072829801
0.0240131953177237 0.128039116952051 -0.102155804812627 -0.00102313156274084
-0.0890524201613396 0.148390227014966 -0.109282833033452 -0.043582518627234
-0.181205065686708 0.0753980579834837 -0.0750133299464447 -0.103639110330755
-0.18833353827139 -0.0812129679005602 -0.0627991115369901 -0.103753148253432
-0.144969275014298 -0.213371384409365 -0.0767384135317402 -0.065043488082503
-0.0935722989666089 -0.246730054499961 0.0731739234258628 0.0467917466222685
-0.163827006029153 -0.203854188506377 9.08507617284445E-05 0.167389357720942
-0.25178069172487 -0.0524130267072693 0.140643759316771 0.207875810899917
-0.217000655440213 0.112079733037662 0.237634531300289 0.0788982539243727
-0.0507437656786436 0.181990728922243 0.161496111917407 -0.0981529369621724
0.043715067919237 0.143037592115613 0.0501094251852067 -0.114391592716246
0.109161149088399 0.109735582575205 -0.014861335571393 -0.0745539334672506
0.129326522698566 0.0702810314284436 -0.0235774375761112 -0.0138343846110173
0.132233239054946 0.0661207638490884 -0.0258958421145296 0.0190787991654729
0.0846535611068701 0.106466068245321 -0.0363772429956499 0.0372897966934093
0.0351795357186395 0.140787176359974 -0.0839324262569419 0.0398218173432831
-0.0913641173833927 0.165167258627476 -0.108974122830547 -0.00424029757060642
-0.192481758964887 0.0805307609810133 -0.0850769183831028 -0.0722873313639268
-0.192572673264091 -0.0872919980575805 -0.0529990000668643 -0.0784036371867151
-0.133459934927621 -0.225785937562769 -0.0500624145888128 0.0010811054452554
-0.0522499092860339 -0.231561320613009 0.0771983632482457 0.133891778762264
-0.121664900748981 -0.225651943379781 -0.00513142988867971 0.213624407703247
-0.236451330532862 -0.0979341844327416 0.0985727753565492 0.237692728296129
-0.234177100240696 0.0786900206979941 0.200708715111885 0.130653647904674
-0.0726073808675969 0.177090277188532 0.157159169247083 -0.0315644193273617
0.0347498028010462 0.144332130815837 0.0746499448023775 -0.0533263538135575
0.10303203872392 0.114787438370419 0.0277019555899129 -0.0343330933349497
0.127280095243976 0.0745088948593917 0.0186564256038976 0.0108133929917848
0.133497020476483 0.0665667961689163 0.0169332659800769 0.0446873874921101
0.0890367113569734 0.104056060018434 -0.000249698821144914 0.0689622208239919
0.0363402965618824 0.137370641826831 -0.0621245022683722 0.0763328234001449
-0.0920300010411497 0.157301398439338 -0.102945232771341 0.0284300366853711
-0.184807035990221 0.0658074483099755 -0.0881929948375786 -0.0466167483058216
-0.169165208393392 -0.0950138016056743 -0.0356419301544601 -0.057979816979957
-0.0973545075244433 -0.212956034456089 -0.0223990657218889 0.0603831238020791
-0.00665108051830208 -0.171476792009398 0.0733028057170713 0.198539611092354
-0.0610475785244249 -0.193895172395125 -0.00951766051738854 0.237598444884351
-0.173559443203431 -0.109175807051207 0.0538187347217206 0.237215322561584
-0.19712924764986 0.0380384477859928 0.14895039933334 0.158138026861175
-0.0719331033147852 0.138330903096051 0.136789015601818 0.0270524893122742
0.0250677541907274 0.118762786924023 0.0890582464922865 0.00343818259250025
0.0828205977250431 0.0979243896018382 0.0643836600112158 0.00521290311828541
0.106909512672343 0.0664559614827347 0.0569565030167338 0.0330064328782356
0.114549903350212 0.0603955338501338 0.0559965255978708 0.0675256649133546
0.0787734612572984 0.0926765944466425 0.0301252931203458 0.0977160192943283
0.028770822323527 0.122388526573148 -0.0454158064617961 0.108054221453724
-0.0903205741794424 0.128422436924008 -0.0988009600957692 0.0528974800065384
-0.162051453096035 0.0349568259345541 -0.0898649918579763 -0.0280279527464269
-0.123974335149524 -0.101300970570239 -0.0204280759183705 -0.0421285645831485
-0.0424220625521683 -0.178500405555775 -0.000565951370631416 0.111125356121371
0.0365931853511954 -0.0787695891812806 0.0680832819822964 0.228039561736082
-0.00048927518896668 -0.121942114412845 -0.00543699379972355 0.235771873039087
-0.0897418391259743 -0.0856212612588455 0.0218157007683214 0.21567306071612
-0.124681704998973 0.00617761647393106 0.10526237180739 0.162783594986799
-0.0512473456398036 0.0830807723664573 0.117584106874095 0.0673502789186551
0.0152167146338324 0.0744171195772801 0.0974119782793492 0.0437752965222106
0.0508823238678721 0.063693355213832 0.0913970678265775 0.0344491295532761
0.0704481442199569 0.0485303379568457 0.085476148456599 0.0491700945020095
0.0786601102601749 0.045810168076032 0.0857064578580408 0.0864467910279446
0.0570156012788189 0.0718462810960022 0.0505133090063773 0.124235750125466
0.0154933888418412 0.0939408934945301 -0.0396607197333835 0.134946139541744
-0.0803573337757217 0.0861336639077866 -0.10411128921752 0.0692211418572278
-0.121719838626232 0.00103534652277564 -0.0969148015495796 -0.0186646837912881
-0.0655964113261233 -0.0963051871023589 -0.00957738083305855 -0.0296562870932188
0.017982488323118 -0.120819024324684 0.0082600019595175 0.148843602054565
-0.0580030984938484 0.0285245869222433 -0.0278979550147112 -0.189524390294391
0.0113246995197268 0.0657449861235865 -0.0335443356950644 0.00505585062482236
0.059163339827773 0.0354884464556386 0.113777578515418 0.0417313897913319
0.0523842781002136 -0.0315418888908054 0.142899918254464 -0.0704869663226708
4.84232589650756E-05 -0.0444987030435744 0.0678102637175741 -0.173122217895906
-0.0190710737351293 -0.0280581756073392 -0.0538834845818444 -0.185692645530314
-0.0193405224759537 -0.0299093022372536 -0.114866426159893 -0.122183995373492
-0.0181598548547846 -0.0268487704510426 -0.117271717253225 -0.0693202310469155
-0.00851658568662195 -0.0240806120602751 -0.115493527655881 -0.0578420135794493
0.00869202885216542 -0.0173363043961264 -0.116340044104911 -0.0720270331913692
0.0298036774721583 -0.00657403878601516 -0.108518480961554 -0.0948622467874336
0.0346843847138024 0.0306148630586727 -0.067075000065711 -0.148494876586589
-0.00619851011575743 0.0686109522581645 -0.00654811864375449 -0.196096199715658
-0.0598030061738967 0.0365458413244891 -0.00503054259031367 -0.192467247018548
-0.0814564758743671 -0.00882148457932929 -0.077572165923243 -0.221618197528168
-0.103872820902756 -0.0629588763475279 0.00159605609393741 -0.170696441304222
-0.0663807240687796 0.0142249158477776 -0.0219195839968083 0.0224701143666149
-0.0294108830914215 0.0464868013448314 0.139887284118792 0.0662714436484847
-0.00171065010904605 0.0300396735534523 0.183788945277783 -0.0632343098593788
0.00707551184266643 0.0175742321857154 0.0897029581866844 -0.189331451552941
0.0108387746106351 0.0176707820819383 -0.0429972111299765 -0.200368717544063
0.0300090157297175 0.00799067631360738 -0.114057103589816 -0.13234546456509
0.0341144064711621 0.00328177580015445 -0.116591027516652 -0.0680836086106701
0.036375746562041 0.0129439663370922 -0.115816175489012 -0.051974509180621
0.0238539502871494 0.0367272299797647 -0.113841766408125 -0.0604551793630166
0.0122397428695563 0.0508429410659203 -0.112849783075601 -0.0780140348239136
-0.0346799958360172 0.0671611061230549 -0.0811146970323617 -0.123757610631542
-0.0869343997276182 0.0511589887173909 -0.0271484598516637 -0.173124528726041
-0.111078100908958 -0.0326301327544292 -0.035500071902314 -0.170288380126537
-0.109865411900265 -0.108590248866065 -0.0913605402975669 -0.192505089212379
-0.127117671649857 -0.152938311577096 0.0330961497509221 -0.120806624882351
-0.134037252980099 -0.061402021057341 -0.0112043448641175 0.060284186226675
-0.12987756865625 0.0359751839317075 0.162838106016009 0.109892023712052
-0.0779893222600441 0.0876186825083001 0.226992913448799 -0.0336007552038869
0.000131967750521102 0.0898083171918375 0.121136601000163 -0.187442096210432
0.0340359960813291 0.0700119301310967 -0.0174224878635104 -0.197396487312577
0.073149613001724 0.0496641575774915 -0.0944854602318871 -0.129083517743412
0.0816164019948302 0.0325049304528496 -0.0980663750917541 -0.0576436648114737
0.0814230753224105 0.0414288206241952 -0.0997618167821572 -0.0324977134263966
0.0461152580278868 0.0779137739706758 -0.100793652805781 -0.0325146074748427
0.0126474437303597 0.10009258234154 -0.116166602933762 -0.0440443474314865
-0.0768867617616253 0.115546570445177 -0.101855143867405 -0.0889888207533599
-0.151259566299849 0.0596096874261113 -0.056144352220549 -0.144526853546457
-0.161384628333885 -0.071359734785121 -0.0580238198271157 -0.140645611459471
-0.136403727104401 -0.182161052240571 -0.0928156059133077 -0.136882949965504
-0.123766640508176 -0.223996745059373 0.0599187514120009 -0.0433262032448802
-0.174020057792553 -0.146256198773712 -0.00301314931558003 0.114842246788592
-0.218763198759588 -0.00117836350273307 0.167310508515513 0.167016490008973
-0.162819613152485 0.121780088474864 0.25439037687606 0.0197331209573905
-0.0220242801276671 0.154980693740614 0.152317999860378 -0.1571494541668
0.0461767279867712 0.119085653523002 0.0183544315007252 -0.170243508626368
0.102797287072919 0.0884551457061222 -0.0593011220009533 -0.109473359164072
0.117634424287676 0.056589751432144 -0.0655811014251919 -0.038610803926132
0.117141783925502 0.0593569647040846 -0.0678902827797521 -0.00651382530554885
0.0705648535802377 0.102038330960671 -0.0747802937757016 0.00320273808767396
0.0243304131469754 0.13306857702345 -0.107878711813121 4.47020573369981E-05
-0.0924945883529452 0.156152596595229 -0.114007835468519 -0.0459511051675265
-0.188780971132359 0.0780134734811332 -0.0785193676182981 -0.110329213397546
-0.195151076882184 -0.0858646982762161 -0.0641075420342782 -0.109580061943784
-0.149996401486387 -0.224581217532014 -0.0786318072342872 -0.0683314641029058
-0.0955255357765322 -0.257655084713726 0.0764735616673363 0.0501060801889239
-0.169114103960117 -0.214047725131802 -0.00203537392902695 0.173943136289016
-0.262960338478671 -0.0569011028787848 0.144991555563216 0.219811043599514
-0.228470960960046 0.118630233724281 0.249565168581859 0.0841952591352731
-0.053054694242539 0.189641606914266 0.168566255838887 -0.0995713084351561
0.0455789522424617 0.150010873748691 0.0533840678592031 -0.119309909676706
0.114127161717081 0.113223338387899 -0.0155520582827307 -0.0757637831875395
0.135361568814989 0.0722103296618604 -0.0235608456651864 -0.0146275984094964
0.13721530717839 0.0681483869768625 -0.0264848277364479 0.0211033299148841
0.0886874422907697 0.110949584306364 -0.0386956486874199 0.0386009419323093
0.0360064205980751 0.146551871116128 -0.0891459751826318 0.0432454637751513
-0.0957928980556944 0.173317563152398 -0.114648397021021 -0.00399327160053855
-0.200647839464021 0.0835574862856732 -0.0897790529312907 -0.07701092732069
-0.198818097640926 -0.0918022014489432 -0.0541815233404152 -0.0835573176746994
-0.138488326159665 -0.23600183902982 -0.0510168261716184 0.000750758763621395
-0.0524095495979763 -0.241773438774425 0.0792100493581246 0.141102295686405
-0.125273679829928 -0.236188113660341 -0.00737443757740743 0.222936499888393
-0.246433736736998 -0.103328537738079 0.100473390672007 0.24982260795365
-0.244610536394391 0.0828977517928194 0.210399641695202 0.138074253066313
-0.0748640820596287 0.183392757214482 0.16325184310762 -0.0313047337991647
0.0359990856866159 0.150560941165403 0.079470399402277 -0.0559251755937761
0.107789120459052 0.11882647502671 0.0288770390765879 -0.0346693178956207
0.133317409104832 0.0762216140896805 0.0199833552466859 0.0115254054665961
0.138011247048068 0.0682866840212917 0.0179960703549892 0.0474344423713572
0.0924309687458737 0.108531215492421 -0.00143418781062422 0.07146687637893
0.0377397151703764 0.143208274945976 -0.0664652989674015 0.081193096139803
-0.0963668101247438 0.164611449172059 -0.108315150991749 0.0298892258539521
-0.19232784566721 0.0677662206328682 -0.0929303218791851 -0.0501489712507845
-0.174339025946625 -0.0997553457558723 -0.03658116923708 -0.062800964986303
-0.100613812407504 -0.222824976288822 -0.0216989840707142 0.0630830082593765
-0.00500127387958473 -0.178879883580459 0.0741646465717351 0.207989843148775
-0.0619973665756524 -0.203183086828799 -0.0125909272584691 0.248421300776682
-0.180945173515119 -0.115985241940942 0.0528474603018609 0.249761422213626
-0.206251441351608 0.0405207958088708 0.155580071755522 0.165948914736076
-0.0743228541540897 0.143776904156674 0.142436219633182 0.0293595516333325
0.0245510120302661 0.123754150715295 0.0941492379510355 0.0036958498686505
0.0865874816356649 0.101162655551103 0.067111702925145 0.00533965772864415
0.111776219885324 0.0684610701330646 0.0585977922615737 0.0339715464132373
0.118422526146231 0.0624049672566782 0.057693134083076 0.0706797837545396
0.081969656567027 0.0961670740796087 0.0305842909228942 0.101271377213102
0.0297794580046582 0.126663462258896 -0.0487058903867231 0.113101470463764
-0.0940110092279477 0.134161135413013 -0.104146270535731 0.0550687825998184
-0.168440329094526 0.0358332724580879 -0.0944460145482058 -0.0307377408123313
-0.12737882678379 -0.105823160320639 -0.0208859902484726 -0.045837085483585
-0.0440831776734704 -0.185453083118511 -0.000239691980209028 0.11613279745209
0.0388465484165168 -0.082299227520838 0.0672443445468587 0.238824907606161
0.000292829436358603 -0.12761846022294 -0.00843412999505581 0.245696757103599
-0.0931329335453623 -0.089027652731571 0.0196506396599696 0.226647618428292
-0.129389682168901 0.00667889797849022 0.109405655248481 0.170127362632757
-0.0528924279197306 0.0859270766294696 0.122444779544381 0.0702563323022163
0.0144027219722286 0.0765079263362722 0.102779128385236 0.045358385907871
0.0533290886278166 0.0657841563353849 0.0947217618635587 0.0361106551378437
0.0739941855938282 0.0495281505296945 0.0885817769726043 0.0511236486749445
0.0807263259119164 0.0469138676318567 0.0885351918913333 0.09029580177826
0.0595843918955471 0.0735764216705023 0.0512826556372194 0.127033514276514
0.0162987592437053 0.0974503480327114 -0.0425884124875904 0.140733793067252
-0.0836603315476361 0.0898345905951291 -0.110108755211053 0.0720597547631717
-0.126021054257993 0.00104245865860717 -0.102174891488704 -0.0202582748776773
-0.0660971961914245 -0.100281439265415 -0.00983010485939748 -0.032390040885003
0.018623806016224 -0.125187122085147 0.00865408023443348 0.155240030934825
-0.0598009490049914 0.0345336571713211 -0.0420846869431019 -0.201748222838429
0.0185980698689019 0.0667321955595307 -0.040304706783888 0.00924785884996921
0.0669590166236222 0.0294098241450237 0.118305661291499 0.0415535114138328
0.0502508135606739 -0.04131905081538 0.14810607377213 -0.0786007383946473
-0.00571484759325332 -0.048585492145508 0.0608919306173583 -0.186591608173802
-0.0250271310258784 -0.0271546022673909 -0.0701551890043113 -0.190116967848076
-0.0258721265488104 -0.0295480748123396 -0.128413691712238 -0.11683456277309
-0.0217854843323468 -0.0255507717005662 -0.128334948450492 -0.0632695009470803
-0.0110490836975638 -0.0242742538756875 -0.128523214233998 -0.0516620650026848
0.00919828271643584 -0.019407246095673 -0.133078700503266 -0.0671238465852577
0.0320808962505336 -0.0110096411727145 -0.12513899975759 -0.092965029241838
0.0412204339214342 0.0282547798603911 -0.0849395379468951 -0.156672534809932
0.00437829536459572 0.0727918899745311 -0.0229893672181578 -0.215612643361062
-0.0580957358518175 0.0434003953732451 -0.0129451892217094 -0.208053401117722
-0.0851451137481538 -0.00491046559006362 -0.0903908122643158 -0.231887658839645
-0.11709303661818 -0.0543908335925204 -0.00173967555592152 -0.18625274454636
-0.0669101505314321 0.0216486398607261 -0.0237184920394128 0.0216192195970663
-0.0233855239992787 0.0508383182596605 0.147845093315022 0.0567709777172643
0.00289216578596337 0.0294543539612294 0.186985446743877 -0.0796088316783682
0.00794647671063448 0.0145162941445138 0.0781073974540696 -0.205059289605331
0.00936432628922623 0.0172826816814816 -0.0626633363187321 -0.205040814755284
0.0308036637835347 0.00417205441122775 -0.132452756615202 -0.126519788634128
0.0353169568130752 0.000849606566626114 -0.127197437388729 -0.0611065225516572
0.0393432929531931 0.0090768504832001 -0.128952903763563 -0.044695876635841
0.029724242642884 0.0358360050669434 -0.130055404581637 -0.0547214728992345
0.0183759509118268 0.0502321566332417 -0.128681909178211 -0.0753510694593296
-0.0267336496979449 0.0747989827267398 -0.0973455804206026 -0.132087477990429
-0.0829219415865504 0.0620713906242617 -0.0401458787077736 -0.190413397921789
-0.118264695236734 -0.0271479909030258 -0.0439119136086967 -0.176319811985003
-0.12519486724472 -0.111238874542098 -0.105247679413455 -0.19190344953349
-0.149749196728388 -0.144051372242505 0.0407849807347178 -0.137155917197571
-0.14375300720726 -0.048033327287113 -0.00398572994085535 0.056276262819895
-0.128656516104858 0.0516061342519299 0.177779084802038 0.0936125968995617
-0.0673751097599801 0.0991405513120064 0.231435414599296 -0.0595941364382665
0.00893053879316239 0.0890862302998951 0.106141498508596 -0.205065075210975
0.0395134901902884 0.0695841444303337 -0.0376641919506772 -0.20365852478648
0.082077995727785 0.0431918271442187 -0.116304042112241 -0.124418217883796
0.0868926911566808 0.0264462593883106 -0.107163851238077 -0.0505022669800455
0.0884040548461805 0.0339911949338694 -0.109217807242466 -0.0251331033738214
0.0573800022801817 0.0761924041394413 -0.114629481880821 -0.0262781495820228
0.0236335515174254 0.101645678298658 -0.130471587555765 -0.0389001532694518
-0.0657867109463505 0.128735765484367 -0.116742355454502 -0.0948209852802144
-0.149542358268819 0.0767823246236354 -0.0661568392225973 -0.158329519047677
-0.175892401299972 -0.0638915822756975 -0.0654713897990456 -0.139498711385395
-0.159892320831183 -0.187906017730345 -0.105276059100148 -0.126578171581016
-0.153009752404787 -0.217185891102004 0.0787590653665798 -0.0570338627473719
-0.192571366244832 -0.131306563240663 0.0130720588541448 0.111017260990684
-0.224059880036336 0.0229233634561993 0.190462338249427 0.145662167513116
-0.150351361318038 0.146091901485582 0.262971400479089 -0.013562348725643
-0.00758445290928571 0.158795385066041 0.136773676662833 -0.176289288522881
0.05701355023602 0.118709819147003 -0.000751718660830713 -0.176677603536857
0.118728677846859 0.0792414921404861 -0.0821498501395947 -0.107224373679021
0.126330069512453 0.0481394244394693 -0.0707837857826674 -0.0324705585857476
0.127642386654799 0.0480548645918954 -0.0732995312489226 -0.000138666018945227
0.0854440863618328 0.0988996722292063 -0.0839830632355498 0.00864979870148854
0.0393476033866186 0.13319918677725 -0.119768171942647 0.00813834266427093
-0.079529506427769 0.172878567561688 -0.127582069203133 -0.0465088963017622
-0.188492758982116 0.0992547263356548 -0.0863141741578925 -0.121475918811109
-0.213153241036573 -0.0765916168755808 -0.0693277329872068 -0.103451478893894
-0.178879822392113 -0.231458049556751 -0.0867562355129014 -0.0513762325471879
-0.125249354878901 -0.255608238985737 0.102683318356964 0.0426332551379542
-0.194265290266261 -0.202474236037589 0.0219011977386892 0.173278404807221
-0.275190632032679 -0.0280591960211333 0.175389556699308 0.199318508255482
-0.2178179910777 0.150571557179615 0.264139004512588 0.048993336845879
-0.0342246680150708 0.198265604512908 0.155954478345149 -0.119652468781386
0.0593031505891271 0.14978700447086 0.0392468917695406 -0.127107037129243
0.134303690469548 0.104241383756236 -0.0355377877174966 -0.0766345425130829
0.147055380695715 0.0620682948297834 -0.0250751782256124 -0.0104104251071521
0.149349204643506 0.0548616122995734 -0.0263298313786668 0.025297406563578
0.104137607976721 0.105875045947286 -0.0432191792349952 0.0444343933995904
0.0522079712277052 0.146893797779535 -0.0964483445604087 0.0529518245658911
-0.0795800563484934 0.191832285296304 -0.125677007582561 -0.00330247760501452
-0.201211343020201 0.107013693444843 -0.0957844196344285 -0.0850232666017662
-0.218762483455312 -0.0815885427348408 -0.0572706359509214 -0.0753527311758695
-0.168051413385867 -0.245329529788655 -0.0545362484087864 0.022308235418251
-0.0771439978394511 -0.242847099841385 0.109270416206809 0.141152782534311
-0.151072591987697 -0.22907305511336 0.0209082458445699 0.22725662228659
-0.264200462768743 -0.0783438691194446 0.134822382741215 0.235552297739488
-0.240109640015964 0.117588326308596 0.22975322081581 0.107276076189946
-0.05624149788329 0.19551028268606 0.155932087020645 -0.0493530156680811
0.0506694872214697 0.152414870288436 0.0716669619361965 -0.0638163098022488
0.128363703533664 0.110341374169977 0.0144884701971513 -0.0375187725837258
0.145165730806047 0.0669671632744477 0.022490150930442 0.0129308913147889
0.149163897496246 0.0564459324926521 0.0225195134034672 0.0491489554195246
0.106640230865029 0.103700792408505 0.000913646253171378 0.0762086297100449
0.05325803618457 0.143164597405527 -0.0685896177831382 0.0919391756445776
-0.0825929522031798 0.181969245004277 -0.115667727844899 0.0353053869644076
-0.193974512951391 0.0887640207196042 -0.0976276865486643 -0.0543422269476453
-0.191979711747477 -0.0917495762236567 -0.0388234181698502 -0.055059301371825
-0.12669583871328 -0.232543759565049 -0.0214373605789392 0.0848285975796251
-0.0210048677816595 -0.183323482496798 0.101645312811687 0.216763439846778
-0.0817574677575226 -0.201883971883184 0.0143768663547491 0.258525326224818
-0.197526492756978 -0.0976514449547356 0.0844430907344467 0.244063962372755
-0.205259894082694 0.0695740985229742 0.177172346363837 0.144469163120663
-0.0596085293058321 0.154410942725431 0.140879420767938 0.0155028865185868
0.0367294808315607 0.125212784993521 0.0936959526621804 -0.00318193007007061
0.10385156972528 0.0947932979811087 0.059922264072421 0.000165785881107236
0.122562099328497 0.0609174734214921 0.0647829955974033 0.0335012206519899
0.128407063101973 0.051452410535071 0.0674066137273696 0.0708149564961082
0.0944693216536326 0.0912144565378907 0.0373511149329632 0.105106753285283
0.0422612914691973 0.126124189030014 -0.0469314518179801 0.125065800775761
-0.0835935965437838 0.149432261071308 -0.109226086467882 0.0630897225584854
-0.171972514538894 0.0536940300274942 -0.0983979426339393 -0.0304274955105304
-0.14360350715959 -0.101944260308318 -0.0227018314208515 -0.0390881458933166
-0.0645446301612761 -0.196773625196985 0.00248930158718219 0.136156393235005
0.0353332214147481 -0.0888574565068007 0.0875893021274595 0.251982443599616
-0.00988944898659475 -0.130430154157934 0.0129214487354424 0.259149332634519
-0.103777585052922 -0.0801215578451599 0.0444635136131587 0.229251165409286
-0.130278465232005 0.0252732398255043 0.129897337416355 0.159298583123835
-0.0424485913460911 0.093391356241064 0.127944170371515 0.0611123847066878
0.0225795683260663 0.0768378938881615 0.108789764954729 0.0391910646690624
0.0652766306571679 0.0619864802666728 0.09543746375321 0.0284910969762126
0.0820142414376823 0.044657846149593 0.0968634131177969 0.047824434140508
0.088022571552446 0.0398209014072209 0.101563171325689 0.0898370427580745
0.0687606616549567 0.0706038039844103 0.062250127292831 0.131893222546401
0.0248680796651959 0.0980082810934576 -0.0374946794281368 0.154267301768357
-0.0781887148050135 0.10168899311925 -0.113371729005307 0.0824200765765255
-0.130788742422992 0.0112576593062117 -0.106702790676442 -0.0169035880309133
-0.0775325661912848 -0.101119364047426 -0.0130375344280792 -0.0288956528722042
0.00769233427676679 -0.136687257196973 0.0138787835404406 0.172031943308913
-0.0617652174165702 0.0387613159223671 -0.053635419434445 -0.208347320075054
0.0211986264573116 0.0677890449187472 -0.0426815550268194 0.013891712977028
0.0716931040848005 0.0274225352074999 0.127921855194702 0.0394006397577897
0.0503050605773126 -0.0451519988089631 0.153344472148454 -0.0895311053346598
-0.00837349857791453 -0.0489791084070785 0.0549308316510623 -0.198451731822891
-0.0268751135366322 -0.0262603306334968 -0.0842939378215157 -0.193265090224412
-0.0286085061870243 -0.0286233978849821 -0.140429789489845 -0.114784638952045
-0.0240809806468473 -0.0254435799114134 -0.137263565621545 -0.0590623161252049
-0.0131914762164704 -0.0240486838963313 -0.137164527302825 -0.0456430339707991
0.00841728637077315 -0.0213482798906592 -0.143095410063893 -0.0610829085032359
0.0322064337036972 -0.0135458937726759 -0.135600404839323 -0.0912830451540411
0.044725903461006 0.0280385058280012 -0.0966680416264806 -0.161986245254825
0.00879243845798543 0.0755499935793457 -0.0351753999862964 -0.225486474591551
-0.0592930963780894 0.0463747011575682 -0.0215012758138495 -0.216629151118811
-0.0899689141924504 -0.00100273228369611 -0.103963041589374 -0.240262085120824
-0.125678537659421 -0.0511987622129843 -0.010235068045446 -0.195035581249182
-0.0697772053065535 0.0254555604722508 -0.0254201797442659 0.0249197548241304
-0.0224407171575972 0.0550721749172217 0.160344990301327 0.0540943262086483
0.00437294237594492 0.0317906681060887 0.193940291257119 -0.0927378206995521
0.00831181460515735 0.0161028089179619 0.0715171381932186 -0.217842535420175
0.0117813129866346 0.0183595896346947 -0.077182857171414 -0.210172926445228
0.0329346720941275 0.0028543553134545 -0.145296625371588 -0.122624350735909
0.0370097482388868 -0.00185068197352001 -0.135491287780252 -0.0568344445329894
0.0424097413866572 0.007670833046228 -0.136344201587559 -0.038234112057389
0.0334068671092077 0.0360688472499782 -0.139226117242115 -0.0491355895881691
0.0222561842421945 0.0513702747432439 -0.139407797970508 -0.0724802150097397
-0.024552394876195 0.0803873168228215 -0.108311685812421 -0.135384275649419
-0.0825350066853838 0.0688752796023153 -0.05248189385964 -0.199045883159336
-0.126491080125331 -0.0243352457155407 -0.0527113437878604 -0.181924715895196
-0.13695082218995 -0.11015720368099 -0.117703686521632 -0.197057190100061
-0.164787063130225 -0.144040211908733 0.037071173172398 -0.146037224716472
-0.153953469053521 -0.0451255633323595 -0.00333601272515434 0.0603932274851142
-0.131758809104445 0.0609244651149376 0.191325528517379 0.0907843736488476
-0.0655098888963079 0.109172399499772 0.241524721355507 -0.0746290915859668
0.0137653156552811 0.0934526097774931 0.101536619197019 -0.218709546886901
0.0450271504104178 0.0719375126252191 -0.0507464981595289 -0.209152490280834
0.0877114238395854 0.0393434768636514 -0.127419357634281 -0.120899593826664
0.0927235638915531 0.0213173146759544 -0.113885571953544 -0.0476594177476251
0.0946496267562184 0.0308014674946467 -0.115103438925292 -0.0189526026694106
0.0648866162731429 0.0768748156717967 -0.121991727510051 -0.019974032227296
0.0301074305793222 0.104891897421608 -0.138792940034672 -0.0322909696703557
-0.0618259088480258 0.140177120463424 -0.12713827013966 -0.0937868029965258
-0.152625705045693 0.0886931475922556 -0.0783654335194197 -0.164635963709203
-0.187713081499883 -0.0604235321018099 -0.0735885169427999 -0.142172273815919
-0.177847651464684 -0.189686845735878 -0.115239979485963 -0.128015282552685
-0.170493299593244 -0.220565833400995 0.0796058404531214 -0.0641031664215288
-0.208612114748858 -0.129397589467226 0.0172065131036603 0.1153919745879
-0.233605943992972 0.0358075537656778 0.207294857947755 0.144773107147387
-0.150391518766965 0.163573238484237 0.277275847929745 -0.02815561617232
0.00116220527053533 0.16644336271671 0.134198992290374 -0.190061988732712
0.0662306622107816 0.122606723353847 -0.00995413925452515 -0.184894938158883
0.128701743815199 0.0752037368885958 -0.0902187305543873 -0.105380220043059
0.135216215576616 0.0412489089496801 -0.0747832711443635 -0.0307247305612567
0.135917532689854 0.0437667472564605 -0.0751901671916695 0.00506472571737177
0.0949335552537311 0.0988111752065459 -0.0879966224443077 0.0153628680853037
0.0478288203664494 0.137759541277871 -0.124989999576182 0.016175121995618
-0.072953157466903 0.187190044949871 -0.136413574286148 -0.0433222676315983
-0.191644350695234 0.114412377657931 -0.0995867843956583 -0.124392241941179
-0.226296746474341 -0.071098186176028 -0.0766981672568294 -0.105843704570492
-0.199582747441301 -0.233936080649961 -0.0919166769203019 -0.0490858970111037
-0.142964735182637 -0.261402265826885 0.109314201094823 0.0393977786527388
-0.213769506246974 -0.202823251458725 0.0300498104343208 0.180082572752855
-0.291764196242452 -0.0156232578355865 0.193327200159831 0.202233251894312
-0.220433603769935 0.172036403612957 0.280506985520176 0.0371280929879759
-0.0255941248781677 0.209249670132906 0.157018207693663 -0.131890900081771
0.0703775583245827 0.154923716780857 0.0350179425307109 -0.134524872674398
0.146314172882052 0.100362011772349 -0.0400832006047943 -0.0762252099041497
0.157805404694256 0.0552094546392774 -0.0260661738371475 -0.00984469431986203
0.158659741450564 0.0490646699923589 -0.0246574000361692 0.0288009393722278
0.115620403299583 0.105308758658394 -0.0440672059026451 0.0488639134214075
0.0617008521683328 0.150403068246055 -0.0986581650853428 0.0619848913055647
-0.0729064228201772 0.206362933364866 -0.131693451106872 0.00458569404853614
-0.203549551755934 0.122517743404862 -0.107197983737564 -0.0854857631965877
-0.231241959538605 -0.0753011948847285 -0.0635104805170428 -0.0772117513495712
-0.189589637123446 -0.247698656804711 -0.0545959690082403 0.0252213268925222
-0.0921009373604023 -0.251760476881064 0.120338733222444 0.14319631279171
-0.169587019043628 -0.233753723623937 0.0315258339236601 0.236903731309251
-0.281122630563792 -0.0692208966037148 0.151975743037989 0.242555790809347
-0.244347407495685 0.137080423429708 0.247263422656674 0.0998379827367838
-0.04808632379345 0.206948010074059 0.15980596814604 -0.0585645781166355
0.0605600538075615 0.157374023246365 0.0724259869923015 -0.0710443962584112
0.140244187745721 0.107428324554332 0.0144056236922908 -0.03938615415017
0.156731626827863 0.0603430061952315 0.0242750330020174 0.0122404942706494
0.158738503634562 0.0502870528281706 0.0271704219808272 0.0507797118789754
0.117875399208544 0.101369602636578 0.00314354017970803 0.0803788971145366
0.0627395239526848 0.146702422028947 -0.0672661788239244 0.100823124794485
-0.0753912857322222 0.195088168859647 -0.120396506337224 0.0424300823840751
-0.197798576755757 0.103392534133033 -0.107505830774122 -0.0535758239345792
-0.205358041547982 -0.0864475862178882 -0.0440456469973238 -0.0566387033295337
-0.146658977073706 -0.236116298861441 -0.0168893819432415 0.0895033845294961
-0.0313276489930612 -0.192493781878708 0.11544247690108 0.222667990620654
-0.0957883720281689 -0.207467290269143 0.0266554176507944 0.268802305419668
-0.211816930369842 -0.0919945519668733 0.0992170073624729 0.253371079305795
-0.211289268742992 0.0836339388601436 0.193128823904179 0.141634839392157
-0.0535275562630417 0.16387000106008 0.148535776121637 0.0104003066335076
0.0446963013617247 0.128898961674343 0.0988283659761065 -0.00928008461742633
0.114049198528358 0.0921936191921469 0.0634830227943022 -0.00287799441982684
0.132269523678539 0.0550640484710789 0.0693686934799688 0.0311831339123888
0.136777875114595 0.0463675448123673 0.0736760769833101 0.0706432559255936
0.104596410096766 0.0900953431383595 0.0434447860371796 0.107568323949434
0.0509944982578758 0.130269496057767 -0.0427754049377101 0.134695068504382
-0.0784927891500055 0.161841317491068 -0.112203504094281 0.071334419945527
-0.175936160875444 0.0650748938968283 -0.107224368505503 -0.0290811648738445
-0.153486590288401 -0.10033219263111 -0.0263948228414818 -0.041178622422303
-0.0784430260224991 -0.202062595388821 0.0109346285533986 0.141452456225787
0.0323956966760373 -0.0952235227383072 0.102599723725278 0.261395251278521
-0.0164125809236409 -0.135764772233325 0.0252206759185888 0.270628726109889
-0.111945056513301 -0.0786952237975203 0.0561836940179918 0.239704504279585
-0.133734818437867 0.0331555844625032 0.14315059818651 0.1589636170014
-0.0386488706750868 0.0989634723963522 0.136323084947056 0.0572326616625156
0.0271904807826776 0.0791236538203006 0.116788796327156 0.0342417164506152
0.0714014154884958 0.0608691935181657 0.101284692083718 0.023947139434899
0.0889425378731827 0.0410407220802768 0.10309000905288 0.0449834471095497
0.0943595861822052 0.0360904447719944 0.109735936679689 0.0877827098401804
0.0761972932029 0.0687118290862317 0.070204486976325 0.133785514473999
0.031257237097944 0.100956720261675 -0.0310426390692549 0.164207942386428
-0.0752050884197046 0.111651570570343 -0.115803127162745 0.0920446750451341
-0.135488565242658 0.0194122427855842 -0.11402072861643 -0.0143279069777267
-0.0851242865698582 -0.101709545568542 -0.016100094575211 -0.0310631270442835
0.000153930141537965 -0.142219223443417 0.0247053093140139 0.178648723594382
-0.062253054464276 0.0424756219437326 -0.0663129582299875 -0.208594605880564
0.0256041342924326 0.0667712468882465 -0.0437194473266415 0.0184538548435985
0.0740999625371662 0.0239568158882537 0.13469120730074 0.033249122700137
0.0478096184396122 -0.048132202725369 0.152603766110643 -0.100767865615097
-0.0112322972703249 -0.0481192647909705 0.0446918557794748 -0.205112474398187
-0.0282923445849044 -0.0239923330318815 -0.0976588242583106 -0.189620238403342
-0.0309056454336156 -0.0269333410428462 -0.149358533146285 -0.106684283468092
-0.026155008692037 -0.0242273979780703 -0.142174357580319 -0.0524263271576009
-0.0146106526375639 -0.023609958481913 -0.142561123196315 -0.0372787669392164
0.00777981985023323 -0.0217092335196177 -0.149899112091816 -0.0518647437092254
0.0321901151423595 -0.016346946540265 -0.144182230784615 -0.085138696306689
0.0466331337120683 0.0263214242918911 -0.108505870975477 -0.161215741069362
0.013069497596008 0.0752134004711363 -0.0492138807403283 -0.22791919653138
-0.0601998649052261 0.0493076485139428 -0.0302635962609218 -0.219292346407252
-0.0917009205549146 0.0037294837885002 -0.118199044611077 -0.240694045554724
-0.132182691981941 -0.0450233972902252 -0.0210049240741994 -0.197796438764752
-0.0705242747746855 0.0293072053745248 -0.0256284594118879 0.0294095147637118
-0.0195753942822749 0.0575831960892899 0.168360507710616 0.0469580923295245
0.00656588230423639 0.033451219808295 0.19364449306233 -0.106003464127086
0.00991762776844697 0.0166787189883573 0.0608590047666486 -0.225172811905336
0.0140614685249106 0.0191982745674732 -0.0914385369484027 -0.207174873961257
0.0330285456128835 0.000678695006362556 -0.154128749706276 -0.114759706205099
0.0374852832164244 -0.00456432533604845 -0.14027225638484 -0.0498433644298606
0.0432128419105068 0.00578098395529695 -0.139966748285561 -0.0285114677738869
0.0370403805893326 0.0349160000512181 -0.145147956914392 -0.0391287821672836
0.0258889312621241 0.0509213616003328 -0.146203248317217 -0.0651081266383486
-0.0201081012637683 0.085136922236462 -0.118350382980946 -0.133361257390863
-0.080168866725921 0.073884617266993 -0.0663164299797105 -0.20027881180864
-0.131164908322853 -0.0194009348303856 -0.061250012276655 -0.182939377848066
-0.146478069262919 -0.103951700735613 -0.129265336973503 -0.195209730466852
-0.176330083127191 -0.137864284181459 0.0302615781519964 -0.150655490654007
-0.159266101540075 -0.0371885890850914 -0.00142166543472142 0.0626892425312401
-0.131645077299977 0.0703135468872646 0.202503773254767 0.083042775326981
-0.0601575679815434 0.117244391118866 0.243569339783622 -0.0901164619474599
0.0197801998339467 0.0951158709779217 0.0911367543054499 -0.22791846454185
0.0518600064153302 0.0714995824250655 -0.0645517445752148 -0.209108563459113
0.0916265369596998 0.0341399890122166 -0.135609455384299 -0.113786568508426
0.0963180927089067 0.0149600115650911 -0.118005937317506 -0.0416533620319313
0.0979589878395394 0.0254811803718295 -0.116665589457663 -0.0107501465017173
0.071306836449494 0.0746276597092912 -0.12573984705371 -0.0110708787615934
0.0370442106107708 0.105030558008754 -0.144314525246148 -0.0235710229831825
-0.0545871116359632 0.147288897249187 -0.135826559383875 -0.0890169273259424
-0.150025259904906 0.0980499117138198 -0.0918257487382619 -0.164321244359798
-0.195140505593492 -0.0520478852894789 -0.0817043555554885 -0.141879036971852
-0.193290312884 -0.182794835089841 -0.12227363588657 -0.124754487293983
-0.185839493353062 -0.215817762258427 0.0774014328726852 -0.0694461389617995
-0.220448897618816 -0.120825151069278 0.0226571683263211 0.117487330847041
-0.236110141243108 0.050718046600809 0.220567396461031 0.137933545973965
-0.143004187566326 0.177231146158698 0.282331505118812 -0.0452723730047733
0.0108576037451084 0.169498908484531 0.127407990343015 -0.199820419583911
0.0758326119454773 0.121426349404679 -0.0214820834982457 -0.187294993777878
0.134794685979535 0.0670026678182331 -0.0963388405886966 -0.098995459724018
0.140889653465046 0.0319521775916155 -0.0773508092931991 -0.0273580200290365
0.140498635598316 0.0357250803968896 -0.0750422852703943 0.0106734079423585
0.103410404788111 0.0943861758056062 -0.090091168073857 0.0225333616105729
0.0575032920550164 0.137457999125991 -0.126522780044471 0.0255818391661649
-0.0627318522733594 0.196212974259227 -0.141856413325259 -0.0363401300053743
-0.187926996620059 0.127271393350094 -0.110975161343463 -0.122707200245059
-0.234535793021054 -0.0605134393335079 -0.0830509796875163 -0.10395780471344
-0.217565400915117 -0.226068612459533 -0.0936588579337979 -0.0456522859797507
-0.159532150173084 -0.2597794517554 0.112672109328164 0.0338141948316303
-0.229790141440104 -0.196275451637593 0.0384129085745283 0.18157509111576
-0.297863012317611 0.00141026945670863 0.208410338624376 0.197805365220922
-0.215086226568566 0.18958322234958 0.289400873202291 0.0211722183183284
-0.0134564343569549 0.214295412930884 0.153444011468477 -0.141830859559306
0.0818796423359216 0.154254888549523 0.0277790358133732 -0.140276354277671
0.15498501601204 0.0918132238742038 -0.0437695565169005 -0.072847000312001
0.164329544667658 0.0442378506578032 -0.0270108941515756 -0.00859577307067639
0.163888405896279 0.0394727888104354 -0.0233138221259312 0.0318983354866529
0.124061950692457 0.0992747845748538 -0.0420832705406177 0.0537487448256275
0.0718827688926041 0.149876437975644 -0.0965354649943492 0.0704012191175231
-0.0609864624598413 0.215842780391911 -0.134253617162904 0.0125755893862482
-0.198940361034621 0.137079251568955 -0.116946807259814 -0.0827569286167348
-0.240373101910382 -0.0641677591439381 -0.0677851113229985 -0.0758973823215696
-0.208586336817566 -0.240757113431094 -0.0523427789405694 0.028300978921032
-0.107249189439881 -0.252665439563835 0.128829942126791 0.13985557784399
-0.185433427586676 -0.230585746205667 0.0431485082925053 0.239506191777772
-0.290729627861553 -0.0530325437458868 0.168506280283789 0.240762072973584
-0.240809155982667 0.156776047158419 0.258148234699183 0.0871045530721992
-0.037035417043009 0.212432832300022 0.159975404210448 -0.0670575439566227
0.0710499626837904 0.157315390817136 0.0703403174620979 -0.0771059192691088
0.149859631194156 0.0990793217042452 0.013805637114624 -0.0392585151269498
0.163668786372518 0.0498939199827434 0.0254188110515037 0.010008502291841
0.16394941792075 0.0404782213083966 0.0311183870276173 0.0506756084002287
0.126636029037037 0.0951953832771146 0.00700140369612864 0.0817709694893129
0.0716377337623535 0.145483493143168 -0.0621782906611292 0.108823771164562
-0.0638291177355221 0.204832932809687 -0.1207635468028 0.0506178438782614
-0.194586371720334 0.117348091619235 -0.114552318261935 -0.0498684765152988
-0.212621697814323 -0.0772618538036053 -0.0484944203469228 -0.0569013078527029
-0.164415924546319 -0.230955609968873 -0.0101819631149391 0.0912194157347805
-0.04197248931317 -0.194107352331126 0.129025986435482 0.221903788623973
-0.109361648975025 -0.207305359522364 0.0399985601298038 0.273152209245623
-0.221539016699883 -0.0812772403931486 0.114572984959377 0.254208549703238
-0.209135366631768 0.0995407226836647 0.204315468844695 0.132572838552605
-0.0444300093327855 0.169273921974488 0.151931245559465 0.00280713481003554
0.0534468078662667 0.128693940655512 0.101209915232909 -0.0163090629907905
0.121450352162382 0.0854322146569023 0.065122272792349 -0.00614636547899131
0.138652824056034 0.0466783411230971 0.0723712006060502 0.0274190620861724
0.141606402563807 0.0376939721583251 0.0793271471287124 0.0668957852616372
0.112405280993866 0.0843625206117851 0.0494197806197122 0.10643455516012
0.0590687733715663 0.128879254027113 -0.0356419384448669 0.141356668690822
-0.0693617710095488 0.171110758866788 -0.110925635312422 0.0799960986463325
-0.175168127826014 0.0771135635793037 -0.113138229070246 -0.0243499640144823
-0.161189461312508 -0.0937952008755252 -0.0299764593359644 -0.041675491642928
-0.0924744625137161 -0.19978569148494 0.0209531992864152 0.142040828871696
0.0277534117098999 -0.100781795638487 0.117898313727947 0.263003976988986
-0.0248493626700038 -0.138101000008701 0.0378501917380801 0.274651997184279
-0.118787546084061 -0.0733114251068825 0.0697252767995925 0.243365187931968
-0.134646737881537 0.0427733554354309 0.154957797399952 0.153843561079006
-0.0331142232028533 0.101486014085748 0.141929524767428 0.0503865641788443
0.0312382405342089 0.0781274458812917 0.122406682147198 0.0266515484463206
0.0759805521419032 0.0564470631992914 0.104541215241872 0.018611163252281
0.093455493674424 0.0353713616765111 0.106495948942442 0.0396572102092569
0.0976042744772869 0.0308008165327344 0.117238515478899 0.0826892310560579
0.0823114163972924 0.0640196372767727 0.07716442259199 0.130874202800537
0.0376132030531226 0.0998468647231443 -0.0220153315183759 0.170356475574371
-0.068795632999402 0.11907080425126 -0.11304943793923 0.100897941824098
-0.135324502204288 0.0281130021065708 -0.119308449963957 -0.00908968561000178
-0.0918109082518694 -0.0985758736400547 -0.0190004354776725 -0.0315629426326279
-0.00893275365469879 -0.143586265356776 0.0362318990319065 0.179189738159648
-0.0616667275690592 0.044859724209871 -0.0742866749041512 -0.205784388018907
0.0258720598079284 0.0654231262306877 -0.0432546104644501 0.0222950201540894
0.0750112124968385 0.0207592053476805 0.138377555888432 0.0279326381558286
0.0465728170541073 -0.0505217376788841 0.149784392966112 -0.10799154231592
-0.0122458689843825 -0.0462622481095214 0.037128795074531 -0.206289111756425
-0.0285720405570984 -0.0219980519229825 -0.105406844580261 -0.18316289420172
-0.0329530579429524 -0.0248722277191185 -0.152751379563827 -0.0998197714892999
-0.027329436070297 -0.0226290203511792 -0.144521146029602 -0.0463534512088588
-0.0151336058692077 -0.0225569920256343 -0.142507827183179 -0.0298009144035088
0.00695774807080474 -0.0215719615642501 -0.151965722561263 -0.0438288001089095
0.0307116399418085 -0.0183727978090535 -0.147394180617644 -0.0795160757537579
0.048462733635052 0.0242277136527125 -0.114865284392175 -0.158481147428786
0.0165852929528947 0.0736401067688338 -0.0592845147006564 -0.225915306149879
-0.0598046032147822 0.0503067387158786 -0.0350767380289151 -0.217809350047629
-0.0918429835984292 0.00718621455320595 -0.125587060675628 -0.238126327041489
-0.134394590381004 -0.0398969303478975 -0.0290997657873199 -0.196940222913211
-0.0698134499611361 0.0311061718270989 -0.0253361337412007 0.0318129157007827
-0.017653570447821 0.0593326349080536 0.172210859001641 0.0406426298169864
0.00818342987061364 0.033960388915774 0.190838391154671 -0.114739535616288
0.0111149946420713 0.0173886599238919 0.0530238566184569 -0.226707852841002
0.0160702627506789 0.0195630717768451 -0.0999578711877662 -0.201499723009871
0.0326530938374169 -0.000874522000875488 -0.157081954524678 -0.106684317911367
0.0371632305135363 -0.00696561161304933 -0.141595803739113 -0.0442245230965825
0.0442089530240909 0.00382167848954936 -0.140275955164381 -0.0216090603884625
0.0387187091299691 0.0331946023629646 -0.147170419284996 -0.0311967152097044
0.0279461245095309 0.0489006997942599 -0.149288901567274 -0.0581143638588007
-0.0160552775945072 0.0860096390078363 -0.123951287161984 -0.130654539587059
-0.0763964315055747 0.0765219634980603 -0.0760871148570416 -0.198078283836671
-0.133542708450137 -0.015656645871728 -0.0650174047758797 -0.180632374787457
-0.150773178559107 -0.0984064412731217 -0.134910166253913 -0.192019661967775
-0.182153073051671 -0.131253006214501 0.0240281714293964 -0.15206781894619
-0.16184039660215 -0.0320082614239303 -4.74657341193083E-05 0.0645550157383774
-0.128953257550805 0.0762299996052789 0.207688014569307 0.0761029312602153
-0.0549068419143823 0.121060315227244 0.241677297204037 -0.100360493280577
0.023109531736399 0.0950113834929042 0.0837846743977172 -0.230344663721925
0.0560029444144688 0.0701048424285505 -0.0731095607245881 -0.204807394084452
0.0919992990645688 0.0296568247896603 -0.137643934180501 -0.105911800069749
0.0967212999527405 0.0092314075593105 -0.11877230017062 -0.0362690416762271
0.0988394759586306 0.0203715805716299 -0.115678778461872 -0.00419434136284378
0.0748959505550945 0.0711474445103935 -0.126421598546197 -0.00312755894347544
0.0414147709229128 0.102965456494617 -0.144632692530166 -0.0168198207323928
-0.0478710541319231 0.150310126117197 -0.139625959026766 -0.084853741825505
-0.145453722673908 0.103616945878501 -0.100834221664048 -0.161340821321105
-0.198071561503038 -0.0463523306011968 -0.0843752730459896 -0.139231823912191
-0.20055093960049 -0.174707446870306 -0.124969320124119 -0.121519059975656
-0.193863352731665 -0.209684780032984 0.0747198702440423 -0.07215247486937
-0.225508578917497 -0.113092661745604 0.0252671602028516 0.117777559329882
-0.234796073436383 0.0605026801485927 0.227625921002938 0.130655993594065
-0.134419620218477 0.184929825760236 0.281581360076081 -0.0566577733601925
0.0176110423827395 0.169624730916074 0.12074755202406 -0.203327781405353
0.0824846320774773 0.118611010539826 -0.0284608133895749 -0.185548292074152
0.136451797440744 0.0608683194570787 -0.0978998567173991 -0.0934664135349184
0.14195902590654 0.0237395068036585 -0.0778988866155837 -0.0244825984119074
0.141633596494614 0.0289330314054191 -0.0739847957415372 0.0145451501280714
0.107389652604404 0.0900057259809764 -0.0888938451468866 0.0280043688862962
0.0624731869432727 0.134603277889578 -0.125843814991061 0.0327498054091714
-0.052661787671046 0.19999491547373 -0.143997145132822 -0.031603780774923
-0.182036295756297 0.135558395684652 -0.118283898280604 -0.118847079502527
-0.23795497357776 -0.0521523477141092 -0.0853061787458362 -0.101632864752161
-0.227797211863241 -0.216459641081894 -0.0936016871556054 -0.043466982981128
-0.169955324317082 -0.25440699974117 0.112803446439533 0.0308059203792625
-0.237644869771958 -0.187686975371545 0.0438590121625418 0.180932720123229
-0.298322539945824 0.0129607946606004 0.217868341360911 0.191487045887908
-0.205142187388029 0.201427840147254 0.29104646248062 0.00981771549638928
-0.00479300356019328 0.214718463226031 0.149414775952459 -0.145681876425073
0.0888714027665999 0.151839548219124 0.0225241571365412 -0.141486276804206
0.158145674971576 0.0835040492678544 -0.0444324063306253 -0.069837624871859
0.16581796162954 0.0343947302699279 -0.0270015785812059 -0.00771539813513072
0.165312073403648 0.0317976444428174 -0.0205830391328443 0.0331464380740975
0.12809050105554 0.0932874755430987 -0.0407090842760852 0.0571666037501653
0.0780620343635053 0.146149214930339 -0.0928846435078062 0.0756542487098577
-0.0504316050211432 0.21927485185734 -0.134769613070819 0.0179471426358707
-0.193028320588981 0.145500901207807 -0.123478832755284 -0.0785765791755062
-0.242494997728663 -0.0564622844728534 -0.0710778989155052 -0.0741808408803872
-0.21794579830313 -0.231439621797529 -0.0494286409787333 0.0289533539843013
-0.118384325503984 -0.248950291575652 0.13397644545246 0.136087625204003
-0.193952237684684 -0.224152675336828 0.0499426375650862 0.237844422505136
-0.292644839987742 -0.0417830702711767 0.177993796173159 0.235449588027703
-0.232955463192585 0.168221015785924 0.261488461232514 0.0759978384244376
-0.0285210706404104 0.213483394486743 0.159083439846553 -0.0717507736720738
0.0788058133188963 0.15384913786917 0.0672645514324633 -0.0810831806173415
0.153144469296519 0.0905932046042024 0.0133000089513672 -0.039114446023835
0.165327783546276 0.0402083537658588 0.0261937578545096 0.0085061244520406
0.165536382148738 0.0320977115152931 0.0335090088467621 0.04920941381559
0.130527047446714 0.0891859811165112 0.0101773020355166 0.0817202426822035
0.0775678810140677 0.142467918095731 -0.0577779938917889 0.112724873730605
-0.0534426186117026 0.208277606948172 -0.119307826201934 0.0559585413174764
-0.188998786694296 0.125926484269882 -0.119858280708048 -0.0456313516786725
-0.215036911047256 -0.0697597551258521 -0.0501705603065256 -0.0552650266475264
-0.173416024573319 -0.223318445308569 -0.00532933317380755 0.0902120636474721
-0.0498808020156948 -0.193729298812133 0.135725256244121 0.218266176231971
-0.118263857834914 -0.204164831976506 0.0478240671487928 0.271516992404498
-0.224197447248018 -0.07241634055654 0.124184173573461 0.252564790151004
-0.204441650661423 0.10894609899162 0.20970670404806 0.124767024685991
-0.0375750629090988 0.170172807283208 0.151769378458245 -0.00171367751211237
0.0581903770485287 0.12690270779473 0.101082855756487 -0.0214523081335796
0.124449214964171 0.0794210931486552 0.0654380845298993 -0.00830642476395571
0.140649899475543 0.0378056131469854 0.072274621287258 0.0245364230046916
0.142464409667531 0.0310571528992594 0.0817682107197692 0.0637138590821497
0.115121480054814 0.0780584755679811 0.0518477536256955 0.10496953649562
0.064015391401549 0.126138987448714 -0.0296635909012835 0.143416167281214
-0.0608858561635743 0.174477644969035 -0.108139941052207 0.0843453252065327
-0.169825196432315 0.0846693026155986 -0.116298311836653 -0.0210134466091596
-0.164139290328863 -0.0873376754635787 -0.0321456554635013 -0.0415012716364199
-0.101140233307742 -0.194540414395222 0.0271954927179334 0.140071118881519
0.0226969927309472 -0.101561374158269 0.125707040787814 0.260381562878769
-0.0307507456796385 -0.137943837490005 0.0468471643559211 0.273732067137768
-0.121357413423838 -0.0686014244781866 0.0776516292691558 0.241709759467733
-0.132276860666789 0.0494426434126746 0.160579998813434 0.147205606409909
-0.0291399771376782 0.102232547148077 0.143970585859179 0.0461397170549028
0.0343514291416307 0.0766204627715669 0.123470999405339 0.0202514889328445
0.0782960429102498 0.051975977587388 0.105059628039853 0.0142236787717017
0.0946470836845239 0.0293714080128131 0.107938620596591 0.0355044911840935
0.098771841266975 0.0253333406027744 0.119089419494755 0.0768107924527713
0.084980191624859 0.0604593668313763 0.0819024098322498 0.127756528470778
0.0419824122912582 0.0984727678076028 -0.0145308567194923 0.171385888292314
-0.0632119366372869 0.122666250872265 -0.109712830392502 0.105159670454821
-0.133186806426504 0.0336197819776691 -0.121511347300171 -0.00478100908082041
-0.0948860172266205 -0.0953670240754841 -0.0199426747398373 -0.0325605222880434
-0.0150796241435227 -0.141653096964635 0.0432310594026858 0.176654184503724
-0.0627011915483314 0.0469594221079816 -0.0773571185747702 -0.205972456878344
0.0260289179182762 0.0654843698287941 -0.0428810825207726 0.026212525257123
0.0754423046393993 0.0203368046949805 0.142106411210647 0.025144499856903
0.0463008833744724 -0.0514496215818853 0.15009271144988 -0.111628184600556
-0.0118289455153603 -0.0460422331492746 0.0341904349129901 -0.208750821970138
-0.0282402713030194 -0.0210596930622904 -0.10864375885985 -0.180044370411713
-0.0337302239076923 -0.0240698782767479 -0.154894600250984 -0.0959377013364473
-0.0279721223922378 -0.0220603026131542 -0.145132846693947 -0.0441286826774353
-0.0156883093622355 -0.0221011268754577 -0.142940296036056 -0.0266002704289621
0.00618394653961195 -0.0212960127534383 -0.152681196418312 -0.0408737109517536
0.0295983296388275 -0.0189793471735121 -0.149880091467616 -0.078079026316615
0.048936000804587 0.0241663725042857 -0.118767997438056 -0.159711849611845
0.0177935634129891 0.0722997953816607 -0.0631828006026779 -0.225884461787516
-0.0607649299678415 0.0508634204718232 -0.0352754917560129 -0.219605806668221
-0.0920529173848663 0.00824143432828891 -0.128672801409125 -0.239549051511657
-0.137330397745665 -0.0378297066966502 -0.0314698143870041 -0.198376245850047
-0.0710430600103392 0.0326229151265918 -0.024770182328609 0.0348053540794651
-0.0168178165288504 0.0604395285260081 0.176600068406564 0.0383717375698598
0.00989320204311318 0.0348722825841399 0.191923961890465 -0.119514142079479
0.0120633754751806 0.018469603819886 0.0514819326899787 -0.228518150446725
0.0174267286126844 0.0193061983872463 -0.103272879362815 -0.198562383561253
0.0323380001692803 -0.00152754173576263 -0.157978255402012 -0.103011606173848
0.0370065882701248 -0.00833746218423029 -0.142739643703504 -0.0420869951988546
0.0441697378527303 0.00262482815040958 -0.139801865588839 -0.0180690300954638
0.0393260522182356 0.0330046605489462 -0.147178761894862 -0.0275169762659969
0.0281521732121864 0.0486714418849422 -0.151129000329912 -0.0560657614946641
-0.0142323909984636 0.0874008558016933 -0.127492072153299 -0.130582986072602
-0.0757206523905799 0.076653776358519 -0.0801472217949799 -0.19790502728048
-0.135762239235232 -0.0148685140270372 -0.0642880699168328 -0.181923434116026
-0.153588933436774 -0.0970323805696578 -0.137018183977203 -0.193221669826811
-0.18565055924352 -0.128797074558908 0.0219132876595444 -0.153551450817399
-0.16373245233398 -0.0300643951946306 -0.000331612649250938 0.0662317424049054
-0.128332838464702 0.0798022861398816 0.212402233583852 0.0729560767443637
-0.0520613391751552 0.123683381364915 0.242970212423712 -0.105337213311589
0.0254344740614171 0.096142445674346 0.0824811131544347 -0.2321675820796
0.0589743136106393 0.0697291291659384 -0.0764439437859096 -0.203728013973891
0.0928841027934029 0.0275108744508318 -0.138526090910099 -0.102770358513219
0.0969691191370663 0.00617860685585376 -0.119011572132591 -0.0349788873050885
0.0999298618417136 0.0191689143447003 -0.114647674601259 -0.00168200731270011
0.0767849338843561 0.0702829715685363 -0.126641678858598 0.000253527693938999
0.0429532574983777 0.102904953678135 -0.145501221521842 -0.0136223228502057
-0.044104514033331 0.153648534673558 -0.142369822393643 -0.0854387472174873
-0.143953905445182 0.106450063953197 -0.104635269924227 -0.161260427604844
-0.201659047827718 -0.0441553709768205 -0.0841394765564906 -0.139140054382044
-0.204749050098534 -0.171866227084536 -0.12553799509021 -0.122159560720446
-0.198597569163896 -0.207885894997271 0.0740568835737674 -0.0736870056034217
-0.2286451505153 -0.111297662522936 0.0254045109995688 0.118865986595907
-0.235130680459814 0.0659940460264312 0.233396731707521 0.128237288179085
-0.131012813571566 0.189865150032033 0.283889623171263 -0.0623264303620841
0.0204698733200934 0.170806252295083 0.120254271686874 -0.206291544030768
0.085898156782599 0.118651722550561 -0.03180273391208 -0.186253765456232
0.138022668285701 0.0572285819427389 -0.0983008096883706 -0.0911440117958477
0.142621625754769 0.018827013295144 -0.0781781682571279 -0.0226063953450719
0.142705495828765 0.025608621019363 -0.0724601489612534 0.0167887543472499
0.109143832506848 0.0880583505367389 -0.0886044700727436 0.0316530743629036
0.0650713975530709 0.134389400408727 -0.125722097292023 0.0349641848550794
-0.0483906077418156 0.203192047621408 -0.146148663192403 -0.0299566128786129
-0.180417908732892 0.138310707563825 -0.123669583597325 -0.118129822647684
-0.241002766897993 -0.0497080644275297 -0.0859536716517741 -0.101853553455161
-0.232343447887995 -0.212865856110413 -0.0923847403206056 -0.0440706867192717
-0.175112946371865 -0.252961488368595 0.113818021903158 0.0294397761920824
-0.242600797571667 -0.187175544843357 0.0447588613251952 0.182771769929374
-0.300368226068013 0.0185802775756226 0.223537981771037 0.190091307303598
-0.201978279423415 0.206961874914837 0.293625812182065 0.00433431206574864
-0.00142859289781403 0.216110521504396 0.149512557966193 -0.148546608604511
0.0929614115310449 0.150913951181084 0.019917125926089 -0.143257835196999
0.159458902300136 0.0799777120176613 -0.0431774798198489 -0.0680955054254818
0.167458297466212 0.0293051596887836 -0.0271157613739392 -0.00724703670362146
0.165838971898084 0.0284343181645542 -0.0199114794775597 0.0334738813987832
0.129913249324887 0.0911871280768622 -0.039287976110781 0.0588676982643674
0.0804856190755348 0.145775397249388 -0.0921243199064912 0.0791340745314475
-0.0448457677719664 0.222185511687667 -0.136194668617953 0.0198048163580297
-0.190954987883169 0.149069444617923 -0.127963976357778 -0.0768987102384692
-0.244700472842806 -0.0532432019649011 -0.0718780721251814 -0.0745622457737275
-0.223263547916043 -0.228433957602468 -0.048006026666084 0.0284446779563827
-0.122478396736119 -0.250162958484106 0.135511870567645 0.13520491580426
-0.199850748633725 -0.224328934742089 0.0517015320671795 0.238705071573569
-0.295784559693049 -0.0370091756251552 0.183448355008265 0.236940907294659
-0.230847594702044 0.173617418531972 0.264145812395923 0.0724265447138796
-0.0259292293650658 0.215141370347017 0.16006453666661 -0.0736405038816085
0.0821309906404226 0.15406966614802 0.0659513711555283 -0.0839482352323408
0.154901949053996 0.0872789453288584 0.0142481247012727 -0.0387634167050313
0.166826974709299 0.0342918416723885 0.0260128942052599 0.00944208695276662
0.166026096996906 0.0289580873725816 0.0337081017254743 0.048409983173937
0.132347841796795 0.0857258179988728 0.0108851404882851 0.0829954106357947
0.0802849105945674 0.141407415568582 -0.0560128281844649 0.11504253695279
-0.0482610693982739 0.211150605689336 -0.119711519449431 0.0578383728559246
-0.186523838420581 0.129261638127436 -0.12374196067425 -0.044477200676222
-0.21744337340371 -0.0675505992128825 -0.0519134076262855 -0.056428826152279
-0.177911999790336 -0.219607173357922 -0.00298151945406192 0.0892562662372311
-0.0539830277851476 -0.194901534538523 0.138774503970627 0.219485396679866
-0.123161213865663 -0.204590751377136 0.0508467059872498 0.273091552673746
-0.227091939621344 -0.0693008655985023 0.128667784079112 0.25324384820113
-0.20308257933557 0.114014871296026 0.212400639346818 0.121742548582081
-0.035179845809553 0.171263632805638 0.153520850736599 -0.00334401591853414
0.0608266146964138 0.1261416794796 0.101290837678071 -0.0246675363341139
0.12618972528683 0.0759111638364936 0.0664153105038029 -0.00910888550885701
0.141516469989858 0.0332653186814693 0.0729770538140812 0.0235324605193988
0.142956967495487 0.0277703846736294 0.0832135258711528 0.0622104266304282
0.117159957902807 0.075509913566326 0.0532105716770293 0.104992510834466
0.0668633417084059 0.12561872992444 -0.0268178753891669 0.144962377289622
-0.056702731568379 0.1777084075895 -0.107770289190134 0.0866199112978642
-0.168099936689362 0.0878061679533407 -0.120322765508077 -0.0196696136356743
-0.165728001874079 -0.0857984894335356 -0.0332317334919468 -0.0428176443053993
-0.105278472674053 -0.192464300182296 0.0299284369085597 0.14028526180652
0.0202438287416088 -0.103085909422159 0.129496811940324 0.26233492561964
-0.0338287663714813 -0.1390684248064 0.0492150039578663 0.275208768685112
-0.123275608811967 -0.0668289076854094 0.0817592768135606 0.243785626393878
-0.131681080450953 0.0515909308755367 0.162826352373423 0.145619967264731
-0.0280852974021354 0.102223575302688 0.145480527772557 0.0448358918475321
0.0350506744452837 0.0764278769306484 0.124549344852426 0.0176222749123476
0.0790148825995118 0.0503675482064235 0.105559732488081 0.0123280151204581
0.0955252682226303 0.0261359835868716 0.107483754177456 0.0337652761506577
0.099517416220865 0.0231580005684183 0.119784813096104 0.0748115569375573
0.0863265232799495 0.0577062203128808 0.0825699196221282 0.125928491021631
0.0436420869435118 0.0976463781271085 -0.0128585831878335 0.173059513893369
-0.0599765852354482 0.124811467712939 -0.109884739835736 0.10759325266227
-0.13227337696618 0.0361845014645138 -0.124262841301246 -0.00378833081138902
-0.0957328626843953 -0.0951792894534618 -0.0217424750663537 -0.0344182460648967
-0.017894743055669 -0.141073347990412 0.0470413148968188 0.176286257443496
-0.0531663999166155 0.0573193993154084 -0.128291883747618 -0.200744346227004
0.0381345918875884 0.0594568906666075 -0.0407220921368227 0.0399198375727979
0.0792285646375246 0.00387439256157895 0.154913748464295 0.00267581214834878
0.0334018274533909 -0.0623863524613072 0.139435633005601 -0.142418762052058
-0.0223835810448289 -0.044888517844865 -0.00457406271135147 -0.224186716141684
-0.0334551084268995 -0.0140449539186722 -0.144496095663336 -0.163418779111739
-0.0398922233609731 -0.0148272280958937 -0.173154460681432 -0.0705174124896781
-0.0329623921723122 -0.0159158776062114 -0.155609984524648 -0.0167090880487333
-0.0206533450652593 -0.0185281594626599 -0.151513258656669 0.00240871261183964
0.00110083831039798 -0.0230966000423037 -0.16633335687036 -0.0079434814146039
0.0235524748377097 -0.0259002930105962 -0.171050294857776 -0.0481755641465506
0.0533836220714549 0.0107367319180582 -0.159393542079888 -0.139507502520106
0.0330969908759727 0.0635902630483046 -0.116343162061668 -0.220010969827397
-0.0498313157476499 0.0609166710261501 -0.0796508702516922 -0.225137772951443
-0.0919685160224259 0.0230701922537818 -0.17595910139793 -0.228451743075433
-0.140854187980244 -0.0115682849526449 -0.07784031323238 -0.208694200743215
-0.0636084097294159 0.0469319079171117 -0.0224989374775442 0.0405850941834964
-0.00259429957579729 0.0623892404254574 0.186141709762978 0.00455833523458529
0.017294213505572 0.0291748709649545 0.173331381305448 -0.159816062893601
0.0136490145888338 0.0132259568674299 0.00690941071390074 -0.244553062155477
0.0196125708532301 0.0172325025767715 -0.144015741396657 -0.180365436756074
0.029324467027791 -0.0082348271629292 -0.177440171029445 -0.0715493874952192
0.0338441103985653 -0.0152807716801479 -0.151948074116655 -0.0143157374971596
0.0429749284788339 -0.00527213396860274 -0.146015943558195 0.0102083968793461
0.044742884101142 0.0248131005575973 -0.159107377116725 0.0042376357657735
0.0342926341874226 0.041184361847941 -0.168558458701885 -0.0247884438838128
0.00356663458168828 0.0860712361612588 -0.162583312081368 -0.109651973805903
-0.0585429957448252 0.0864176876631372 -0.127559034755166 -0.192301765624672
-0.139247795264359 0.0102851630036109 -0.0962444951630451 -0.178986417468208
-0.175553156311013 -0.0698318625188147 -0.167376685637218 -0.175233367473686
-0.20511608610498 -0.0907992640510508 -0.0106027525075834 -0.179723602795848
-0.166799818158969 0.00349025577194975 0.00928923227802594 0.062287180833762
-0.106831521302443 0.1038531754462 0.22308440081146 0.0277390631463311
-0.0219448130561422 0.129052010307227 0.219429527603812 -0.15720164047848
0.0424551579238439 0.087466955618003 0.0360355517462098 -0.249690006078382
0.0701432867447432 0.0581515240521096 -0.118773160195698 -0.187511056201592
0.0948780899219187 0.00643594819721016 -0.158063787042888 -0.0695758345143553
0.0957223580110648 -0.0128168603844866 -0.126902415419159 -0.0110665218616974
0.100644430959463 -0.00102338546277917 -0.117813003607911 0.0221769094397272
0.0885629241707649 0.0549951484329382 -0.133063281235323 0.0283858807743014
0.0589392589817088 0.0913358628732433 -0.155509112142129 0.0174614878808236
-0.0137399959542106 0.157775147078174 -0.169567081177651 -0.0607109314016241
-0.120381547567033 0.129009094726323 -0.146771487103866 -0.151731240908806
-0.211132673042837 -0.00571568135860142 -0.104897094967323 -0.132562646990549
-0.24235758608268 -0.134262428881075 -0.136567302872776 -0.102086963213792
-0.232309250299759 -0.165460906710272 0.062948773717025 -0.110255299237051
-0.246808120486711 -0.0644582807340693 0.0471954014082638 0.106872235637802
-0.214044295540064 0.112488470405915 0.25045737666571 0.07348372732727
-0.0831876469864343 0.21042366181471 0.262305642127075 -0.124570546474024
0.0535786877537698 0.161236643283197 0.0756701251081041 -0.226695568519561
0.106838475518222 0.100652333717599 -0.0714730448985629 -0.1754272513134
0.145675233693841 0.0257068276308161 -0.115705481544605 -0.061209855725312
0.143647165121599 -0.00889546588744486 -0.0835742633845059 -0.00718151299709191
0.144128713189191 -0.00216785729054662 -0.071555230049566 0.0318056392841567
0.124637304346704 0.0666929275538859 -0.0889389561022019 0.0527623544137159
0.0860895939295202 0.119136225765221 -0.123774520188617 0.0644027640298395
-0.00796241337032365 0.208598398918475 -0.162764194249166 -0.00353427352379116
-0.14935611530783 0.168025354730872 -0.159129198970212 -0.105031554899154
-0.251151625107911 -0.00329049266568025 -0.097168571220862 -0.0938464282495589
-0.278748918961396 -0.1687065529072 -0.0843454271329122 -0.0260037009087281
-0.217777024632973 -0.214517074584717 0.129039374356193 -0.0109707422612112
-0.275545682404816 -0.135423394215251 0.0819996403302859 0.166162264818792
-0.286952485605482 0.0799532590253664 0.25222841056909 0.132610279390319
-0.148207908722054 0.243267683650958 0.280995322835688 -0.062019805345816
0.0419903921106762 0.209890635609304 0.113806918906459 -0.172615413801772
0.120665149455986 0.131152735158345 -0.0115354964116778 -0.141438937074674
0.171705628514256 0.0429540129492747 -0.0579734955552369 -0.0468545758005616
0.170166986707792 -0.00380149952500535 -0.028771300390549 -0.00100811180405362
0.168140677084512 -0.00469603780936634 -0.0150183988950991 0.0377208828775668
0.145215269481007 0.0657574778450994 -0.0329084864836943 0.0715592395820267
0.103524450855385 0.127934798381051 -0.0804936828829244 0.103197911915605
-0.00176436443714226 0.226623636002655 -0.142404055312963 0.0462023430157369
-0.157461348030923 0.181140866571205 -0.155972487247974 -0.062652326384968
-0.255332341935924 -0.00563979615322309 -0.0771446138987839 -0.0689217140419872
-0.271944072762818 -0.183345008074413 -0.0236088959237276 0.0407037838551512
-0.166146635554267 -0.220137363137574 0.174294359525217 0.0991897254863319
-0.240697785148235 -0.180598977463405 0.103552809920591 0.225248194663453
-0.293401483385182 0.0246389297300551 0.223179424471457 0.18634699961849
-0.182900629648376 0.21805178596558 0.265860263594461 0.0100923589617085
0.0182615830422607 0.214392845745662 0.138258038583936 -0.0983703737779614
0.109995047525659 0.135134518529253 0.0469745384512892 -0.0898257849312164
0.169265366534209 0.0506475239660573 0.00512444228327454 -0.0279506244997959
0.170232528122305 0.000977061542965299 0.0280660567330669 0.00581187332221044
0.169008718891874 -0.00345089152482373 0.0420410492404932 0.0423917048149487
0.147333457030842 0.0609465798226421 0.0236776071643062 0.0853757517459842
0.102687638351308 0.124255113322832 -0.0355361883579414 0.132259553510866
-0.00760820121605397 0.21699423391988 -0.116395156285547 0.0825809011359024
-0.157086484547966 0.161419536210481 -0.144500193389548 -0.0279472026671566
-0.230815349630221 -0.0244611217641298 -0.0535348940242434 -0.0525963637837479
-0.224647268249471 -0.183558636599906 0.0318205222258219 0.0965074605278592
-0.089740925766257 -0.179468110214542 0.195654578725021 0.19192993279074
-0.160821353489763 -0.176394310661585 0.109663322177422 0.264620779364171
-0.233055856493922 -0.0209831148658589 0.17590334974072 0.218340526362768
-0.168752467785209 0.15411310907544 0.226032923991297 0.072379808532127
0.000640245754005073 0.173455309595272 0.147837644047604 -0.0272197770162266
0.0839273453146992 0.111328537072059 0.0944306467730409 -0.038372592012034
0.138993991830162 0.0457127124936338 0.063220744411676 -0.0102793419797691
0.146060487033955 0.00547643708860502 0.0781645595763721 0.0109630504761382
0.146852574070811 -0.000462984296676834 0.0946697900048422 0.0463851224030164
0.130025062077218 0.053100163085778 0.0725403814906203 0.0984679050946088
0.0869239051752469 0.111265198096902 0.000470089057622813 0.156714095735002
-0.0221642697151213 0.185404034364337 -0.0980964553905032 0.109563881202035
-0.147711393463908 0.117218349357865 -0.13330730031528 -0.00290460556018203
-0.183249378582983 -0.0535560181664593 -0.0344322106688695 -0.0395520212214492
-0.144529377926578 -0.169242739967657 0.0710547560905371 0.143265503500159
-0.000463249170065617 -0.103411292398271 0.193643823223481 0.246924284670686
-0.0599535119413622 -0.129097600413209 0.109498806410297 0.272668892442713
-0.131708996391292 -0.0397177403665392 0.130164108805739 0.225370050257263
-0.112905467355387 0.078612748517991 0.186091392347927 0.110496051137337
-0.00626414690841462 0.103779624054553 0.151936269910751 0.0211262667385583
0.0486236716677467 0.0671061121019172 0.128068266505746 -0.00318660147746403
0.0872500762650612 0.0302035071195322 0.106289077675917 0.00056254068871337
0.0997518648026105 0.00663205174078289 0.115356136231698 0.0148498903384263
0.103467692250318 0.00416001090775751 0.13589789284188 0.0521405239780981
0.0961025891427019 0.041467507741285 0.10812942581473 0.114787821006685
0.0590310281170904 0.0891170070213953 0.0219156952921107 0.182305871800951
-0.036272491703443 0.134154335398727 -0.093410287826829 0.132146369409338
-0.122701755126425 0.059316199242532 -0.131758881809894 0.0168206869826501
-0.114869609689484 -0.0754905282439615 -0.0243420297996113 -0.0310534956273862
-0.0468019501750763 -0.13479105564315 0.0897051302457416 0.178420973005279
-0.0557101080362265 0.0625922211652861 -0.138806552195346 -0.208173422716537
0.0397489879505585 0.0621616249376269 -0.0418702455216711 0.0440068445557842
0.0834154517594117 0.00262143539637725 0.163010576329486 -0.00195881468276733
0.0334079187323532 -0.0659147973754705 0.143409964180762 -0.153957373281635
-0.0237236983472742 -0.0463796303033929 -0.00855345395951071 -0.235554559938999
-0.0341316870675798 -0.0133450699705332 -0.154221668652552 -0.16762059135666
-0.0415758500458492 -0.0133872660487552 -0.182556985880166 -0.0692194359349308
-0.0348895996685977 -0.0150054382908106 -0.163741778683518 -0.0137741220348126
-0.0215513476163691 -0.0186849520940893 -0.158587369496322 0.00599355136401305
0.000939586903561328 -0.0238949923762828 -0.174754871120605 -0.00399091478262267
0.0227709865502639 -0.0271070041956416 -0.181376886712366 -0.0472652157008672
0.0558661347314968 0.00925866178877325 -0.171788589904562 -0.144417674820458
0.0350752081674625 0.0644724688056586 -0.126163981780343 -0.229067375995625
-0.0533730122896216 0.065061416146189 -0.0847517091126629 -0.237384383413881
-0.096022507354791 0.0264082877000746 -0.1895197449115 -0.239161389597144
-0.149634037124659 -0.00768565780609454 -0.0851761249880924 -0.218833846632987
-0.0668497447680486 0.0506402699461701 -0.0226210611362244 0.0440155115660584
9.7319449908948E-05 0.0660958391111554 0.195772743667878 -0.000258498967093075
0.0199218033526664 0.0308546784120388 0.179514941707364 -0.172688990835469
0.0152831085479165 0.0140750183327922 0.0032118280833776 -0.258154600113641
0.0221919405744426 0.0179918832607061 -0.154645374320728 -0.185370740141627
0.0301299589098414 -0.00791406998596247 -0.185920637640559 -0.0712359794623095
0.0345893179380427 -0.017444519336484 -0.159465713100871 -0.0116076800384535
0.0456265177058623 -0.00712429053097297 -0.152570218414177 0.0146634775238379
0.0480834082793558 0.025346353379063 -0.166876303251791 0.00912972225122268
0.0361096101275307 0.0425977775086765 -0.17800912548589 -0.0219896958129791
0.00621559756690373 0.0906890934320541 -0.175474973199804 -0.112733651180788
-0.0606224924547147 0.0905900509042064 -0.138551868555782 -0.199135642414603
-0.147623120890428 0.0136538926226317 -0.102354464828299 -0.188429462652391
-0.185926011954297 -0.0695557412778068 -0.178345428839596 -0.183891616406534
-0.217953892523545 -0.0904284916684335 -0.0145011595503682 -0.189245005557918
-0.176199858259923 0.0068396070326368 0.0100694990038015 0.0665985772000026
-0.109394679797258 0.11270813203315 0.235680430756596 0.0233626849819046
-0.0191405444979044 0.137646885955929 0.228073435839739 -0.171130369974984
0.0480095090054512 0.0909943929982448 0.0334904505805894 -0.264263020434296
0.0758739374564874 0.0597900006308732 -0.128696759814209 -0.193344102531804
0.0995621125181771 0.00498282548980344 -0.164835088354641 -0.0696177522845039
0.0990376421543636 -0.0168742355333006 -0.133020498770624 -0.00891881812854249
0.105570710429392 -0.00342147918055974 -0.12208813411681 0.0252769821833206
0.0950141070201713 0.0562366875370642 -0.138216368868138 0.0339700327719889
0.0636371229399199 0.0951574567967824 -0.163012989876261 0.0225227271144816
-0.00933394336968845 0.165909013485307 -0.181429108702996 -0.0604735600587153
-0.12350692629758 0.137082702067055 -0.159092653839964 -0.156216430246385
-0.223185492188835 -0.00159917950651333 -0.110708958916237 -0.139448682944011
-0.257467696128425 -0.13510010711702 -0.143957737524492 -0.107582144366803
-0.248130316932049 -0.168620134174183 0.0636297689803569 -0.117989751694397
-0.262267032592293 -0.0624358152771991 0.0515956218361842 0.112473851045153
-0.22216577601272 0.124055993315548 0.265865337932306 0.0711581018808609
-0.0815853601719415 0.223907356366781 0.273490947544148 -0.137086060386871
0.0600764628782296 0.168844472017953 0.076046849968459 -0.240954776159939
0.115297034492859 0.103187615620077 -0.0789409911911097 -0.182245215596196
0.152848344363655 0.0233770946730496 -0.12016661577036 -0.0617528137878855
0.148838471702597 -0.0140718272474304 -0.0872064747237983 -0.00568482491887979
0.15105011916014 -0.00661277638742098 -0.0737769040712367 0.0348515036598885
0.132681568518762 0.0669576750945339 -0.0913742055615549 0.0584630676504989
0.0937289411979275 0.123527689953062 -0.129028413242708 0.0710897234075693
-0.0013209801637856 0.218843941978195 -0.173428448914628 -0.000890034820412618
-0.153381023695652 0.179412516832751 -0.171301147942533 -0.106746633069202
-0.265103288854888 0.0020261048105814 -0.102871529640259 -0.0992164915044872
-0.296804737295369 -0.170300932775154 -0.0879871956294434 -0.0282084558637397
-0.233299429030468 -0.220489687990074 0.134796830020978 -0.0135411870731602
-0.293715246190248 -0.137323183709456 0.0880080223849149 0.174190737747265
-0.299143104771771 0.0910550754392627 0.26826407775263 0.133923720665069
-0.148749360050914 0.260454102787862 0.293414877100906 -0.0713162698536218
0.0494175792708059 0.220605537711639 0.116989904395062 -0.183986052673227
0.130288603409504 0.134123064464783 -0.0162311217179626 -0.14781877349935
0.181584929714927 0.0398108896473367 -0.0601835207889437 -0.0485886487411409
0.177038018152438 -0.0098453570852408 -0.0299257135104467 -0.0010459546338569
0.175289666626982 -0.0100905610497851 -0.0144367240031203 0.0405294623974163
0.154041558591771 0.0661454600119724 -0.0323113099354094 0.0764647205925318
0.111717705008993 0.132227006697863 -0.082602360406004 0.110348405780033
0.00588564387967257 0.238077528896429 -0.150357536456992 0.0511667801367533
-0.161153286173438 0.193571431047096 -0.167618235136966 -0.0615653409180381
-0.269835040829875 -0.00072331130602334 -0.0825821384346837 -0.0722593414825793
-0.289906547769264 -0.185665915973039 -0.0227566868636486 0.0412877332980987
-0.179592037431346 -0.22809160810385 0.184739946224373 0.101472880953719
-0.258363730093982 -0.185063163451282 0.112102034179053 0.235412300443118
-0.308493788632391 0.0331721328452279 0.238502324533331 0.190970685267847
-0.186600591148002 0.23354589646395 0.277843548388068 0.0052936010455699
0.0247327301872538 0.224677287068113 0.144191713226715 -0.107019284013499
0.118729977650683 0.139666201257971 0.046102701334783 -0.0958853887658566
0.177440573436052 0.0486158432436703 0.00637957477520442 -0.0295811177261138
0.177957443273255 -0.00462632256437762 0.0296622326240198 0.00474382654180978
0.176799098686678 -0.00938803219646739 0.0451539935469993 0.0434071474803743
0.155549476143987 0.0604348807954956 0.0266091495645184 0.0899191189695306
0.110486034189429 0.127593161622473 -0.0346010843364796 0.14065578581769
-0.00141106557089538 0.228275002934437 -0.122511455065628 0.0896589478532803
-0.160456583471422 0.172514228670384 -0.154609941390815 -0.0258269451014021
-0.243260004196758 -0.0211072904504012 -0.058107663474131 -0.0553132969864816
-0.239414729948424 -0.186700024480147 0.0365740736452918 0.0996259695741814
-0.0993515715938603 -0.186113853314312 0.208769241650389 0.200051550055261
-0.173226589718414 -0.181722604197338 0.119951342887558 0.276001987236347
-0.245454144887607 -0.0158582936279582 0.188985248603176 0.225785019871747
-0.173076274105166 0.166174211455483 0.236959343718706 0.071348241243491
0.00411140742161175 0.182545728180795 0.155163081331518 -0.0313888337996666
0.0909726275072006 0.115414746870834 0.0979495004433029 -0.0427396150309241
0.14548093772542 0.0437635605397922 0.0667447372954362 -0.0121993846728735
0.152251246688667 -0.000188736368574375 0.082286022915793 0.00997215227534201
0.153426755965525 -0.00483449150913536 0.100288237898242 0.0466246101581397
0.137697186726368 0.0525046561829897 0.0778683974908856 0.10205874041651
0.0937447501688996 0.114732659321355 0.00374358769341241 0.165529232927295
-0.0174539957738428 0.195198505768162 -0.101567596634148 0.117951726921127
-0.151383598980554 0.126016033880425 -0.142431261447548 0.000503642063478781
-0.192106603524034 -0.0522129957304328 -0.0379652399342672 -0.0425180616439087
-0.155396653717674 -0.173337726524406 0.0786645384706844 0.148481074592951
-0.00399497792298043 -0.107709666572807 0.208354351752153 0.258164138249721
-0.0668249050748767 -0.134386397015853 0.118688614543683 0.285628952445477
-0.139648334794424 -0.0386488703349176 0.140459204631442 0.235293508791943
-0.116668427811049 0.0851751207221482 0.196527470290025 0.11320537564144
-0.00410901838656302 0.108804188308976 0.160186580303691 0.0194061295520177
0.0522458890624088 0.0697712929105786 0.133915552311004 -0.00646171840748367
0.0921657851980559 0.0298805343114629 0.112262830328976 -0.00178174841068982
0.104099181831315 0.00336388481371133 0.121776154077669 0.0141968706649299
0.107556970603663 0.000721082223601426 0.143031395704731 0.0519745462515402
0.102078331790974 0.0403948414553707 0.114723009204769 0.118793638365766
0.0643000829782274 0.0909942040183759 0.0264528311097991 0.191058611427544
-0.0328220408582111 0.141950616294731 -0.0971017337811359 0.141228402960483
-0.126260898453688 0.0645109135288873 -0.140624436683835 0.0202231558859568
-0.121185059159944 -0.0774352048371479 -0.0277410489003893 -0.0329354156026563
-0.0518474650721046 -0.139759116018377 0.0986590859470361 0.18540193877598
-0.0556375371187095 0.0707478091215657 -0.157487334931169 -0.212432005037241
0.0437645825694932 0.0645333258989844 -0.04099481060089 0.0494135377362698
0.08875411852032 -0.00243754909528505 0.171144322584616 -0.0114832973036924
0.0319021712410887 -0.0708758211168543 0.143912615602719 -0.170152090707125
-0.0268754821308071 -0.0473759531871865 -0.0211439266090485 -0.248448402068112
-0.0352692787934605 -0.0118201105630371 -0.169432720117003 -0.167196704286127
-0.0437475842725269 -0.0103499226781576 -0.19559020479452 -0.0629107686208436
-0.0378156618234241 -0.0133499724957568 -0.173383224465283 -0.0050310052119386
-0.0225843532271743 -0.0175859890267451 -0.165615894743181 0.0151657180538567
-0.000129131845815326 -0.025499723303378 -0.183625709279377 0.00680833667451086
0.0220675532595815 -0.0300488919556738 -0.19440015805208 -0.0398693937071931
0.0594590039497188 0.00634355551112457 -0.190927680675685 -0.14210342411366
0.0396561654477847 0.064638161768133 -0.144564714870546 -0.234411610965918
-0.0539002293459944 0.0718470407952224 -0.0975623664406078 -0.248028761979491
-0.0994749405705065 0.0333688497829586 -0.211480170142905 -0.244604982341435
-0.157204240907836 0.00141463656070348 -0.102507207843132 -0.226473959040887
-0.0683054757751117 0.057828904394588 -0.0213853176687546 0.0480160539400868
0.00456332479160049 0.0700720733061221 0.206115412699597 -0.0114152306726707
0.0233699851934303 0.0315215347877507 0.179827446583982 -0.191923129171527
0.0180665904740537 0.013844886278127 -0.00976526148738251 -0.271406722443356
0.0255748025802588 0.0173563453367917 -0.171888966965154 -0.185737851411161
0.0317360685272138 -0.0100032802232792 -0.198485826170556 -0.0648956394183769
0.0345233939969824 -0.0199762458945627 -0.1674689358465 -0.00379674277405581
0.047825133873266 -0.0102811637570611 -0.158279165107758 0.0242884792830674
0.0528913882579643 0.0234098277517509 -0.174372253369434 0.0200636754280791
0.0402033576835985 0.043565621510818 -0.188867325597517 -0.0141863132393151
0.0123127931675147 0.0945772053142978 -0.193675792449439 -0.110109771378502
-0.059065800515612 0.0974307187269161 -0.156638624098361 -0.202410096626696
-0.156139617729619 0.0222002876488571 -0.11442946644698 -0.196088372773555
-0.199859282800153 -0.0621930729806239 -0.196624921311373 -0.187008237615869
-0.234776847629086 -0.0821622753677746 -0.0250461591792695 -0.199475038410941
-0.18564940224752 0.0172593809435506 0.0135159695849852 0.0705046462592795
-0.107818849193122 0.125114456599323 0.248633707188869 0.0108074685719102
-0.0111694597414544 0.145732330679912 0.230636297616713 -0.193308470461256
0.0563132687228334 0.0938124279076802 0.0215866843734963 -0.281080997710831
0.0846322171656206 0.0581840586660357 -0.145874994471628 -0.195601617505042
0.104758779198835 -0.000205723378645611 -0.175846643570463 -0.0646238929939994
0.101909392558135 -0.0242459977850132 -0.139178129192668 -0.00245901333965831
0.110722446556735 -0.0104828137308503 -0.126107087461087 0.0337234535691037
0.10354208220483 0.0537861276517645 -0.142700266932762 0.0447935337489074
0.071860980749417 0.0968768341627812 -0.170354575029675 0.0332728079917229
0.00145482613178873 0.175144927265938 -0.197050429249619 -0.0543904897028355
-0.123689065257041 0.150375999850929 -0.176446527569639 -0.155991627724561
-0.235758585649828 0.00999618205192606 -0.121946623574466 -0.143652909983023
-0.279120341923918 -0.127236653571222 -0.156095419510143 -0.107854322491316
-0.27067207891445 -0.163494053098362 0.0606263625567166 -0.128368627591185
-0.280301355536472 -0.0512425033303288 0.0587927569806413 0.116113296827786
-0.226455112249111 0.143161303936886 0.283621598562629 0.0594296891909278
-0.0720484789059318 0.241479948825308 0.280057645770163 -0.160640946513801
0.0741414418488459 0.174228173010612 0.067504974577766 -0.259568113801702
0.128072907807817 0.101481955076084 -0.0936917996851697 -0.186988273158292
0.162049874079341 0.0160163007673116 -0.128007075985684 -0.0594436472059506
0.154140127556943 -0.0260075045763652 -0.0914933220429149 -0.0010828519165573
0.157582216236466 -0.0160980959049264 -0.0738852359335761 0.0400300756034776
0.144276286082993 0.0632694472509269 -0.0921089968479618 0.0677530897369288
0.105571877669888 0.125125586843894 -0.131710063353062 0.0825182901332388
0.0124357275063217 0.230501251842567 -0.185940491654213 0.00875740333862689
-0.151630950807612 0.196943255645431 -0.187505752434701 -0.102421473588087
-0.279700263783565 0.0157106638551974 -0.113240114415315 -0.10142048127943
-0.321493205499468 -0.162154563605454 -0.0931141096817554 -0.0276688926629432
-0.258257470930457 -0.220082348497479 0.141173704042531 -0.0215783647005167
-0.317785422670309 -0.12901767289957 0.100605244370496 0.178409094679075
-0.30972167452813 0.113702676788116 0.289933875712157 0.125342827655729
-0.141379029419334 0.282354678024311 0.303929962939925 -0.0926367549651039
0.0639646497795812 0.229096798104993 0.113842875847296 -0.20163480630979
0.144648768035973 0.133737557921767 -0.0260066609269972 -0.154283067219175
0.191419563422256 0.0321986884708523 -0.0630449204262784 -0.0485120430116599
0.183174515793183 -0.0226651433859553 -0.0309243375481476 0.000904016683421006
0.183659762482247 -0.0216215854199205 -0.0124703051261566 0.0427052883542033
0.16607952482366 0.0603819611015995 -0.0299299674428585 0.0834712867514107
0.125377308829198 0.132950171454983 -0.0802669221365475 0.121558047361902
0.021130360316363 0.25010289379625 -0.157677779965709 0.0626441095332226
-0.158285633811696 0.212895881064451 -0.182374216207737 -0.0550758324426009
-0.284137498588449 0.0138053151798342 -0.0905284134464362 -0.0740348451390229
-0.314957619583298 -0.17857086657862 -0.0208978600213277 0.0422016345803969
-0.20192176644825 -0.2293895134307 0.200176009018688 0.0981389834726646
-0.283586514588732 -0.180963543291828 0.128740055518287 0.240908522791397
-0.322862265418472 0.053407438184314 0.261433854083003 0.187885933030492
-0.183341487814233 0.25667536616448 0.291546362307251 -0.00927655892099398
0.0385193236250553 0.235792967924854 0.146411969074079 -0.120790838242646
0.133091035789094 0.140334665169145 0.0428890157410808 -0.103152271210325
0.188782202139858 0.0401289987278619 0.00683044486255534 -0.0321234906460337
0.185012338507008 -0.0166493221923471 0.0321393586959375 0.00365484699301889
0.183689476637424 -0.0207626313282931 0.0500789059961027 0.0430134170252517
0.166582209620107 0.0543258224521671 0.0324555099410274 0.0938523911285596
0.122688670455732 0.128263117237082 -0.0282590162757615 0.151191857489258
0.0131519970356468 0.239645522370095 -0.126505185080868 0.101456026417244
-0.159189211427709 0.190578385245425 -0.166087892836867 -0.0182857100804252
-0.256354633445099 -0.00949894508927834 -0.0656083791151888 -0.0570883981807497
-0.262364306379832 -0.182417121212865 0.0445087695602911 0.101701364557213
-0.115191422201782 -0.190344913794552 0.230792364972284 0.201053016275075
-0.193816473847163 -0.18173013755361 0.13945482517056 0.284238487736171
-0.259577183776292 -0.00220891495130452 0.20989108482802 0.228262245164119
-0.172603249351304 0.185477233147726 0.252360146983376 0.062735737723205
0.014399574517083 0.191797762340854 0.162028300287321 -0.0410189778315058
0.101247393719837 0.116606841794027 0.0999563575065821 -0.0504465148943224
0.15515599503346 0.0374646003562857 0.0705997349788584 -0.0169241124621598
0.158555644083196 -0.0105002173418182 0.0884092765666224 0.00706493186245549
0.159672956823387 -0.0147158138303679 0.10771106521884 0.0437410790301438
0.146767647210966 0.0470110752073649 0.0866181248827003 0.104073715484366
0.104240235622786 0.115355474026924 0.013629244343456 0.174613470538101
-0.00570086381023898 0.20577890922535 -0.102350165025244 0.130010799522227
-0.151386908004397 0.140489623212411 -0.152854959539785 0.00892765113746577
-0.204719256178628 -0.0455145787494176 -0.0444457995478072 -0.0441548259801732
-0.172853190543658 -0.173059683091337 0.0918947930069481 0.150934321296475
-0.0109257324968103 -0.112509232021596 0.232371304833457 0.263766477871253
-0.0789310606940024 -0.136465519236277 0.138460482340585 0.293274679618562
-0.149173676198525 -0.0319281557388502 0.160084231499655 0.241846496887656
-0.118712666582606 0.0962015356809348 0.211330224231298 0.109713606148954
0.00113113499848558 0.114652779375852 0.169733832993695 0.0126668070929185
0.0581909035011073 0.0704922404091283 0.139957274691001 -0.0138134774656379
0.097143255424034 0.0261008097957887 0.118573240501984 -0.00824828044544978
0.108713997918296 -0.00391178205060276 0.128358830104018 0.00910163046979107
0.112145719451864 -0.00569172634943469 0.15248615947361 0.0468541106420087
0.108389343427816 0.035745204512535 0.126228850706055 0.119473101772757
0.0720346377274757 0.0918815910169813 0.0389737270011574 0.200739907778351
-0.0256282467135138 0.150234870162187 -0.0955434664177729 0.154887406019858
-0.128153075126665 0.0745126122169884 -0.148936608752228 0.028560912149686
-0.131425618651163 -0.0752464235751608 -0.0326837427542386 -0.0343965435607073
-0.0623271503456732 -0.143622445514357 0.114439379366261 0.189266004682932
-0.0515273240995759 0.0786689759897418 -0.178382118932724 -0.205765488388995
0.0499782318278334 0.0635319326669696 -0.0387219529611529 0.0549051295025951
0.0913451557798361 -0.0100370770383313 0.17462265197207 -0.0251565066069949
0.0268383025329429 -0.0753724598916233 0.135135262668866 -0.185787038466479
-0.0311689992250141 -0.0471016231802234 -0.0404004110806254 -0.252764612251822
-0.0357359231128469 -0.00944716621405812 -0.18572711192903 -0.157842858946382
-0.0444970946299335 -0.00650657391534655 -0.204941699955534 -0.0481283878863661
-0.0394484417093685 -0.00956484859006213 -0.176502791045344 0.00859088734541794
-0.0242581751301611 -0.0166923052014679 -0.168341501136627 0.0286022925887761
-0.00186330356469602 -0.0256949030868311 -0.186168307556082 0.0220632029904699
0.0197359101246155 -0.0315415164906867 -0.202492211831762 -0.0253333158731437
0.0606219207958558 0.00116427287726515 -0.207386423332406 -0.129514122893718
0.0441152937357909 0.0619093902831768 -0.164887639732146 -0.227932382532111
-0.0509559725020219 0.0789910705565042 -0.115742517854138 -0.249466866340458
-0.0990590677336994 0.0425391059267813 -0.234918876438835 -0.23727159132226
-0.161134528376027 0.0157571271906846 -0.122199472998807 -0.225364358065659
-0.0661076279537347 0.0646880338231147 -0.018802766434175 0.0522348949592741
0.0110772439806164 0.0710160154650351 0.208876850386802 -0.0283217356227186
0.0267727040423275 0.0310167809641257 0.169767586295278 -0.211064351576751
0.0198352776297745 0.0126813592710466 -0.0311897780568278 -0.278513580000951
0.0290187498077762 0.0155901184752716 -0.189712151460759 -0.175672724642404
0.0321409120352071 -0.0121587069904325 -0.207067254893845 -0.0506177718171257
0.0330489140142281 -0.0232746456404499 -0.171548714454979 0.00988140903124565
0.0483471482996674 -0.0144813300339072 -0.15971410325503 0.0365502932580544
0.0566986761060737 0.0201563051261222 -0.176283688294675 0.0347187331410855
0.0447543967272377 0.0415705791452529 -0.194918977731602 0.00154941431790148
0.0209010353617978 0.0953483480242542 -0.208388953229143 -0.0966448560213856
-0.0538251674908887 0.104431394998675 -0.175742901124148 -0.195625315275339
-0.158781754505493 0.0359795499152663 -0.12958540652809 -0.195056201499512
-0.208602277863919 -0.0469577031202416 -0.215165573659165 -0.179403926624591
-0.245843274525953 -0.0648813888635114 -0.0418632396225551 -0.203444495257965
-0.189174913748699 0.0321499424101674 0.0188302295392034 0.0714791072560299
-0.0994696961266059 0.137384320526054 0.255235542911471 -0.00902226783898637
0.00046605302994987 0.151014805187032 0.220972195218366 -0.216278732929422
0.065743958143049 0.0914401470686961 -0.000191871683816017 -0.290298701254458
0.092377432095582 0.0522667061303572 -0.164298682287647 -0.18792796830214
0.106860211469332 -0.00845223817761791 -0.183002939785554 -0.0530317994800403
0.101114546124856 -0.0337449805365029 -0.142407361404726 0.00792821047541066
0.112377058202835 -0.0205112464386203 -0.125253474192503 0.0438425515052752
0.1116791249598 0.0463123096381654 -0.141632881565782 0.0581634465087009
0.081436467828753 0.093611217509799 -0.171757179519259 0.0478933436243086
0.0169210222747515 0.179028016442883 -0.208829052363994 -0.0392896431129757
-0.114834027567613 0.164204638114494 -0.193361341811208 -0.14591238234226
-0.242321394999401 0.0286318717728665 -0.134307179011441 -0.140710628007491
-0.295014954999797 -0.106832436739795 -0.168150859724895 -0.101475217224343
-0.28884357530356 -0.145553566021315 0.0521998730480861 -0.136823118982975
-0.291279960370456 -0.0308837663735737 0.0674174479938433 0.114790406174352
-0.218831081063064 0.166067967551914 0.293881158501352 0.0381447960654635
-0.0540538787919577 0.253171270588932 0.273086457392915 -0.187042395494332
0.0900758591888068 0.172864735330362 0.0488553824700681 -0.271477910200078
0.140260542418044 0.0934450613854735 -0.111801035071102 -0.182497953738267
0.166223597300398 0.00317844570005367 -0.133887960222602 -0.0517400412896407
0.153842043000228 -0.0398934367144222 -0.0934152554081587 0.00586453568554635
0.159184250719755 -0.0308103028486615 -0.0720174216066269 0.0465009075038757
0.153099673924864 0.053512602075366 -0.087925438873355 0.0774072619575321
0.117856595053339 0.119751183549315 -0.128004559553738 0.0960195496204969
0.0325969428426214 0.234226713814824 -0.192059987453458 0.0244425027808472
-0.139197749200207 0.214329129583792 -0.20137850992104 -0.0900749529637825
-0.285588749491597 0.0381822934251148 -0.1227531144634 -0.0974507424557283
-0.342232817293364 -0.138486939696695 -0.0962062727358024 -0.023700452604256
-0.281479591337094 -0.20426061447441 0.14252456711774 -0.0335305177881586
-0.33576869020322 -0.10753491138287 0.115286467065742 0.174899610991916
-0.307469344886647 0.141863827801249 0.305359047276312 0.104600247521311
-0.121241157431901 0.300995505618912 0.303405580658494 -0.117544462256656
0.0847808060342814 0.230234113647775 0.101223062003541 -0.215635407617287
0.159482737228354 0.12564109917927 -0.0395749598735519 -0.154880428173287
0.19817271694347 0.017157450367753 -0.0668555819519024 -0.0455482067272669
0.183297523852432 -0.0396801055236057 -0.0310860188923074 0.00302197458001216
0.184292280118799 -0.0379629248007548 -0.00936118837024918 0.044745850098728
0.17542859918933 0.0486413750575715 -0.0233468965451718 0.0884092460725483
0.138747559232302 0.126326026515663 -0.0722469880361234 0.131963629844387
0.0433984682573286 0.254363083265528 -0.159735909171058 0.0780832916259901
-0.144702910611832 0.230531695027601 -0.193127575570014 -0.0412493228314147
-0.289595319887957 0.0350254564084254 -0.0998656191447639 -0.0708354370285464
-0.336426823392477 -0.155551899547898 -0.0171008200450894 0.0429079900432402
-0.225171476512218 -0.218664207248799 0.212557464658871 0.085357461218692
-0.304590821700854 -0.162896740628381 0.148650414776343 0.236347503192802
-0.324745887828797 0.0809817738854184 0.280495723837142 0.171945172904931
-0.166637309713473 0.278729123422232 0.297555880673402 -0.0314103898303747
0.0579020829821429 0.238807914916111 0.140278688182798 -0.134241356162229
0.147491986322053 0.133287737056955 0.0352089212496616 -0.107764073637384
0.195310974257166 0.0257624248403297 0.00586289544917819 -0.0347630618910582
0.185520797924044 -0.0336076377717016 0.0332024831618445 0.00114763074799177
0.184613791304616 -0.0377129586320941 0.0550444080111616 0.0399666931602071
0.174550515005575 0.0423974876196549 0.0408496440642537 0.093667192520019
0.13629014256679 0.121250448462395 -0.017593198059959 0.156699817244691
0.0338358809230522 0.243505706591884 -0.123049159032504 0.114780299185929
-0.146389909570039 0.207266930407598 -0.174489749713556 -0.0049133801949609
-0.263630831224657 0.00882400988564897 -0.0729729589798993 -0.054279103643576
-0.282984286259903 -0.16383628808147 0.0554480785019232 0.0988631695928836
-0.132706301785738 -0.184846873791802 0.251280540117299 0.190309941850156
-0.212657571758407 -0.170085526522091 0.162147279858083 0.279424756185809
-0.265038938269658 0.0196708927407893 0.231807623988499 0.217668148522707
-0.162469917969591 0.204132338991196 0.262314890251527 0.0466029795477815
0.0302192043483119 0.19524419191552 0.162087208704118 -0.054286084094167
0.112781416113585 0.111865783679566 0.0976144038978339 -0.0583023352603687
0.160822400299603 0.0259591137798879 0.0720610126697107 -0.0234417758925986
0.160292883002182 -0.0247239459215821 0.0908826368096348 0.000298766763718728
0.160543279316119 -0.0293375890873777 0.113416830453562 0.0363951204245582
0.153535743772062 0.035640467713524 0.0958392086307514 0.100642913327997
0.115810391771752 0.109224483123282 0.0274254901035266 0.178327549860196
0.0116007971882901 0.210191221063628 -0.097218001684999 0.142549899004911
-0.14338045029074 0.155414116754941 -0.157376662369878 0.0226585590814659
-0.212868504169444 -0.0308431631157777 -0.0503203147599153 -0.0424015467904978
-0.190203571239045 -0.161757877408622 0.107339219921467 0.146279241481399
-0.0201813180508884 -0.113455051804299 0.25692364961192 0.254605380170574
-0.0913677549568268 -0.131830708799536 0.162972232180391 0.290198068370703
-0.154915650900593 -0.019470859932685 0.181055213377812 0.236382504772147
-0.114184337256712 0.10835680124623 0.224648496179806 0.09696761188138
0.00959032484450407 0.117931364464697 0.175406096235465 0.000151959523246953
0.0645818006014946 0.0682385993515249 0.142745849473259 -0.0253054543534594
0.100599320252036 0.0182823980035691 0.121917471870704 -0.0182027868390059
0.109702535869237 -0.014152860170488 0.133144720335722 -0.00029584562263868
0.113503339371664 -0.0158619314061649 0.158984202820597 0.0357315260174248
0.113247075478046 0.0270400514095198 0.137683663319373 0.112322025539841
0.0814909579792154 0.0879574371114686 0.0553492162841967 0.202124861009558
-0.013405191324624 0.154684916549475 -0.0873806104658818 0.166866314100865
-0.124758582724324 0.0858878008355208 -0.152026672550418 0.041494267794256
-0.139564129453885 -0.0676387777407837 -0.037686064520779 -0.0333230123150302
-0.0747617917876763 -0.140996270512886 0.133398978231723 0.184084948377744
-0.0446144299522365 0.0825855746044452 -0.190344316239039 -0.190556550808687
0.0528831198883462 0.0604360745652103 -0.0352239240569805 0.0583523933432483
0.0894492951402877 -0.0166640962747588 0.169490838936543 -0.0360605624027281
0.0215490007803148 -0.0755914704901943 0.121131341493639 -0.192449415769497
-0.0336414967857337 -0.0440114436716318 -0.0568191457767336 -0.246702174935277
-0.0345540890411871 -0.00713674002897439 -0.192439494514889 -0.142058652272326
-0.0426316527366641 -0.00267247331196381 -0.204257701069387 -0.0324849359922067
-0.0392880166126578 -0.0060054649844365 -0.173270389278051 0.0206615779013565
-0.0246993012384359 -0.014541585520319 -0.162828022368401 0.0402606097348308
-0.00368910065427124 -0.0254967743275699 -0.181864149187668 0.0351927354096641
0.0169247971440433 -0.0320334004885392 -0.200772140815534 -0.010608290227128
0.0591576198389352 -0.00324914657346099 -0.213494862931722 -0.11199607436798
0.0462803860126304 0.0574001453880702 -0.176109904682321 -0.214036858236153
-0.0456714358196762 0.0820039587900084 -0.128082481792918 -0.240989188020876
-0.0937225853068522 0.0485744081721637 -0.248057396936504 -0.220514794279992
-0.156830346850711 0.0278093894251326 -0.13757336020101 -0.214658918950322
-0.060891300706605 0.0685132525866717 -0.0163506346385275 0.0536800553711898
0.0169978121828059 0.0690493287408589 0.20259102731023 -0.0421305022331288
0.0290992118230822 0.0286847746532926 0.153164920048338 -0.21969586818498
0.0206564926170302 0.011316931865576 -0.04919423529153 -0.273187280712327
0.030483694320992 0.0134202652864656 -0.197647792020189 -0.159055387412223
0.0310209422488753 -0.0138220084684938 -0.206315336074973 -0.0347541240238947
0.0299925340826157 -0.0246923029013444 -0.167176470515153 0.0207315924250455
0.0464313835573596 -0.0184911352111831 -0.153397564374624 0.0464948438281348
0.0577055402101782 0.0160395643514636 -0.169716301182704 0.0476563904035665
0.0470498641394594 0.0381703491290856 -0.192543374122343 0.0146428827930122
0.0272597598773679 0.0917663637893342 -0.2130542643569 -0.0794589828460176
-0.0472027798733697 0.106456615232725 -0.185538542365474 -0.18047792746206
-0.15495986594359 0.0464902477912821 -0.138798519794706 -0.187424900731136
-0.208043242519981 -0.0312347982977633 -0.224724220356998 -0.164866562336603
-0.246331951399296 -0.0463282036162048 -0.0563797355520683 -0.198577083625103
-0.184646634210025 0.04441500362409 0.0219140682806851 0.0702607310642326
-0.0866949116144208 0.142023504647125 0.248271707135967 -0.0256388665291481
0.0128451736929365 0.148726582457602 0.202962606018298 -0.228915506987099
0.0709129898866559 0.0854661524627811 -0.0194948388870513 -0.286367009292739
0.0953413278447089 0.0445249265226552 -0.174401789237148 -0.172961666888686
0.104504061586813 -0.0153423507781344 -0.183268713948494 -0.0398246826180821
0.095287169899517 -0.0404498057938064 -0.139305216677806 0.0173609720969417
0.108389882355156 -0.0288033472615427 -0.119273722454697 0.0517043510485107
0.113985169929695 0.0380598035622943 -0.134563602643246 0.0667611875333429
0.086947603153519 0.0867163589255685 -0.166371892127502 0.0596960570196929
0.0299437329671929 0.17425941322012 -0.210323639447961 -0.0227780087312427
-0.102328822075876 0.169055560167429 -0.20157753710245 -0.131020623571661
-0.237167259894026 0.0448136180520098 -0.140644362068162 -0.132743267827437
-0.296367603546805 -0.0837981415051558 -0.171822792258926 -0.0919613722356708
-0.294479468374257 -0.122747924457599 0.0408322136181973 -0.139734431955578
-0.289090004900524 -0.0103711774575368 0.0720191750653634 0.108616197134213
-0.202361233524107 0.17924320326919 0.289583294569552 0.0176863447151591
-0.0338210845430755 0.254610564614127 0.256145135158411 -0.202185849373423
0.101214487846968 0.1644695942488 0.0292621582582001 -0.271381244300679
0.145297459423373 0.0821354081548025 -0.121941751124914 -0.171882850911361
0.163284095449949 -0.00838819021274976 -0.133816055968848 -0.0433150106090644
0.146633121388066 -0.0496859343958409 -0.0904933822635761 0.0115285248488145
0.153321341495836 -0.0416883181542943 -0.0666561740031939 0.0505635344006269
0.155496429973007 0.0417194366582135 -0.0801641432597991 0.0831358064104715
0.124716615370767 0.109783159286338 -0.119790555795218 0.103962119987279
0.0494362770965923 0.227131849945844 -0.189076983295647 0.0397303417510498
-0.122316243679815 0.221102130111228 -0.205525905087434 -0.0750482748065852
-0.279021744373357 0.0565483158532861 -0.128117003440409 -0.0905354037644533
-0.344334294385379 -0.111455394300346 -0.0960819016522364 -0.0203086993182682
-0.290846746318518 -0.181145703392069 0.137015755655249 -0.0431124911241579
-0.338380699445311 -0.0825038206896479 0.123221163578258 0.164293300798804
-0.291303526531177 0.16251328824785 0.305364012783278 0.0830251161532038
-0.0969387431330853 0.306152232939511 0.290160815462772 -0.135877989215208
0.0999676480726956 0.22181343561334 0.0842332802254387 -0.219522987796681
0.166031638173388 0.11321649384089 -0.0493882404568626 -0.148773119604515
0.194911243813797 0.00326341855990413 -0.0677081093371891 -0.0417851184513034
0.175655860659901 -0.0524943155587273 -0.0302361651837111 0.00463899444503218
0.17736667358281 -0.0511133928584146 -0.00630978527949325 0.0439992845957978
0.175811283719605 0.0359550961598745 -0.0168095614538296 0.0889484236078533
0.145346382007492 0.114869976562017 -0.0623635785275691 0.135529683360043
0.0618257409399758 0.246078696363999 -0.152998059724586 0.0900871310474957
-0.125785293363605 0.23696146480816 -0.194398964633832 -0.0265006603077154
-0.282691466704438 0.0541400368332778 -0.103889741457354 -0.0651557782394011
-0.341237309975503 -0.128360098810913 -0.0125091882711111 0.0406357981697011
-0.236225478195253 -0.199107986525311 0.213554815007438 0.0699990051024252
-0.310842917668268 -0.140008049456205 0.159127786206549 0.223000795554404
-0.31283733376907 0.103338172407765 0.286065775461842 0.150740654736648
-0.143806796921112 0.286797920976238 0.289932190323128 -0.0495599926470356
0.0737613587812322 0.231392426212472 0.128995310612348 -0.142839011792843
0.154778459390693 0.122058101358995 0.0272268990528914 -0.108001204966092
0.193642440354883 0.0121005164404341 0.00439790010272154 -0.0354370377120934
0.178250947147019 -0.0473520787623349 0.0332342537732887 -0.00156788857786073
0.177116096815692 -0.0507289973363912 0.0566209395309722 0.0359075911119249
0.175005196716971 0.0292957651629279 0.0469369951469871 0.0900828122796752
0.142673113874733 0.110398261901781 -0.00584938107869336 0.156508038633991
0.0516233497045022 0.236610403506113 -0.115320156009338 0.124827521201718
-0.128841544616331 0.213768552738921 -0.17378789901194 0.00828574683147768
-0.258356311500675 0.0273366152062059 -0.076163361728137 -0.0503216006248792
-0.288179139534084 -0.139774915911461 0.0621498061018488 0.0913080191745264
-0.14374038293879 -0.172261344382632 0.259345312984126 0.17143749146142
-0.221584323676752 -0.152436489018901 0.175569238949003 0.263706422862023
-0.257797805676571 0.0383379035892241 0.240450999541143 0.199566022771492
-0.145363133226577 0.213372051517993 0.26030517259442 0.0291183429184665
0.043159776178678 0.190835951992351 0.156137377822041 -0.0642828776294539
0.118853560644209 0.103567452967639 0.0929648702700229 -0.06366721843222
0.158973301380635 0.0138741967483999 0.0705870161367997 -0.0281976614821225
0.153139273339947 -0.0369013188524876 0.0901653923544748 -0.00568057098341741
0.154073557173239 -0.0401479358648578 0.113496662464961 0.0283166314092694
0.153107258734166 0.0241566831561761 0.100985480945713 0.0928745662700101
0.121622009458354 0.0998896621815479 0.0388496022751553 0.17379315961452
0.0270937392624602 0.204809876453968 -0.0872142443137772 0.148970319659162
-0.128694531608776 0.162183398292232 -0.155786422137408 0.0335170869011673
-0.211782195331544 -0.0164903854127113 -0.0535689830882143 -0.0386691145595029
-0.197816169735655 -0.143714319923716 0.117455931641723 0.135219673920925
-0.0280704595305204 -0.108755374323579 0.270437171587208 0.235706881415947
-0.0988913534452072 -0.122765412804519 0.17676375096754 0.274238854969026
-0.152443961572763 -0.00789807503891839 0.193103233303033 0.2213956818967
-0.104309056624455 0.116500341529821 0.227566437596186 0.0815313921646755
0.0177305026634097 0.115497306316716 0.173073804569327 -0.0111903610299821
0.0682887124507788 0.0638326651552585 0.139023626636313 -0.0337217325035512
0.0999729284953554 0.0117147047529364 0.119707686481491 -0.0258911220624166
0.105639563542797 -0.0224859994637907 0.132096536745703 -0.00919453552912913
0.109748976393161 -0.0240380945050029 0.158115308648236 0.024690737187798
0.112942096706592 0.018426807211732 0.14209922824853 0.101280044360557
0.086056359809691 0.0805687604211286 0.0683207107881737 0.195552760131238
-0.000916539017318349 0.153220620504476 -0.0761695872020672 0.170807827046208
-0.115762454429078 0.0927027352962892 -0.148862459223309 0.051959806688456
-0.141573571222395 -0.0573508484323224 -0.0412678699412006 -0.0305013282107608
-0.0831038663677766 -0.132055445948692 0.145203453707409 0.170422171191749
-0.0350406424635823 0.0850034621972472 -0.219903963885968 -0.144442179810694
0.0592849348592067 0.0510020299870604 -0.0218195282149874 0.0667850815573755
0.0816016247374184 -0.0317774685217616 0.163646439045245 -0.0632201191971318
0.00492673487698386 -0.0778205999533072 0.0899617763292955 -0.212063939192325
-0.0430562022287786 -0.0362539979940542 -0.0974824634168408 -0.232422651061835
-0.0349689514280263 3.05516847912577E-05 -0.210448225896503 -0.106631573291493
-0.0407095207224061 0.00594841250262569 -0.206211383904655 -0.00065329208855449
-0.0380242338069173 0.00104511269952364 -0.164038150022 0.0465441806203088
-0.0254928881199753 -0.00838538885494588 -0.150835864497634 0.0660208151492325
-0.00801250126137482 -0.022373327761485 -0.168350881920368 0.066127691611917
0.0102023247989607 -0.0311681047759354 -0.196069683045823 0.0254199016284195
0.0531501929639694 -0.0131206736251754 -0.223853493825473 -0.0703620794356027
0.0486682517724574 0.0460489760278764 -0.205692138812256 -0.173884560505508
-0.0329779761342047 0.081366212262068 -0.163709628128571 -0.212753746979161
-0.0879405638839961 0.0571368013677877 -0.270971037457712 -0.17626604915858
-0.147670918594716 0.0466525679407321 -0.177459931834409 -0.179611046808309
-0.0463991748685585 0.0744371200201971 -0.00935919137053497 0.0587035968896444
0.0268014536414627 0.0581650654939283 0.187244768250993 -0.0693270843934867
0.0286540405412861 0.0181019819212752 0.112790871686931 -0.235607024114938
0.0154707388194063 0.00749314642423377 -0.0928820957290554 -0.25497001692934
0.0294790957522517 0.0105957604418843 -0.215007869228836 -0.121381677933876
0.0272511125968551 -0.0156214424238662 -0.205371771364726 -0.00250224206003527
0.0241620253416351 -0.0260682689868824 -0.157514706214613 0.0461422696821571
0.0418722866059805 -0.0228858044871095 -0.141226812561466 0.0717890927809072
0.0571959472088631 0.00742199731566645 -0.156652693237804 0.0773304886945765
0.0478832353839006 0.0322137325813479 -0.182245039129023 0.0479587035227902
0.0365127321788373 0.0831371779131797 -0.219530172841433 -0.0404814958846669
-0.0331736635686842 0.104114617160511 -0.211788980864789 -0.141098908878809
-0.142932978867699 0.0634668043835876 -0.162950034867096 -0.160582174731015
-0.207213459306547 -0.0033390604963077 -0.239176066644772 -0.12879142059457
-0.240858182961252 -0.0125911791788778 -0.102349249649303 -0.183291050158055
-0.16587911494467 0.0691820168258319 0.0241423801767548 0.0656152162448075
-0.0579103004515172 0.140691694551718 0.225592663403126 -0.0583687355487459
0.0326586480264727 0.131194412535261 0.153254615171716 -0.245611601590864
0.0737443189109936 0.0694662199120763 -0.0635324026618113 -0.267660013217981
0.0958014628947355 0.0319073014903861 -0.192512591587121 -0.136381994703638
0.0963719617927121 -0.0285990387142933 -0.179856976713646 -0.0099851726105568
0.084000114686521 -0.0499850312823878 -0.129956388504825 0.0387888479594375
0.0991194064862253 -0.0421347268463169 -0.107404317088379 0.0715363027214167
0.114757979679937 0.0206865868251674 -0.118945967198737 0.0915440077857483
0.0926917213763742 0.0736435081688436 -0.149853003694544 0.0863489317318772
0.0516939199455115 0.162316915388601 -0.208304735849826 0.0123027247364506
-0.0772813821253837 0.17180235165817 -0.219477160221092 -0.0903923172010592
-0.220246664188256 0.0750748171201145 -0.155068625726907 -0.109615509998841
-0.29882295168208 -0.0417727944793137 -0.176645089242302 -0.0669620701780826
-0.294449244285008 -0.0804867957417529 -0.00158653447140418 -0.148053346095835
-0.271267554769277 0.0310030570889037 0.0756561250407154 0.0911918057287053
-0.159463342247101 0.191927020183499 0.263465448862963 -0.0224755566789477
0.00733840904403031 0.236396567072545 0.201945776136444 -0.223126696641824
0.114030642094778 0.138316872193542 -0.0118382606344663 -0.255577411781672
0.148336533752122 0.059380020698415 -0.139389105817676 -0.141874967807916
0.153065708976858 -0.0307444601440529 -0.129719685735193 -0.0187893636992986
0.131158933743132 -0.0662317410270182 -0.0836173349827379 0.0260436112999884
0.140012817225323 -0.0614751970484545 -0.0579571760974818 0.0626040101241457
0.155147465675182 0.0177811754261449 -0.0649976865534887 0.0981588891031971
0.132120182986598 0.0906088380176299 -0.0978880472921666 0.12178007534952
0.0789727291166064 0.211247694357981 -0.17823141285267 0.0684127273076613
-0.0891932691720551 0.223359765758341 -0.21580734453295 -0.0355873799797795
-0.258863633455727 0.092369815727919 -0.135392617449401 -0.0720723357225171
-0.346885117173111 -0.0605488844388775 -0.0926886124371423 -0.0110158026178643
-0.296528997937935 -0.135688355044434 0.108178925032634 -0.0756781532114746
-0.326741075941936 -0.0303534155210638 0.132093729955538 0.132060517833042
-0.243007933286178 0.189660553601556 0.28353603038545 0.0345618177240245
-0.0421353292644036 0.293530308887403 0.239748824147028 -0.163921871660131
0.122195074060164 0.19082734255102 0.0489687130637584 -0.210520555969339
0.17259549340943 0.0852240459812397 -0.0640800893236238 -0.130063680121729
0.184737880712806 -0.0256734133995587 -0.0630101744638313 -0.02648508840296
0.158335168809532 -0.0729775494196047 -0.026141011721421 0.0103094956210782
0.160792099682286 -0.0744402435490527 0.000335399183601672 0.047267431003106
0.17457072088431 0.0089647151517171 -0.00229787060140412 0.0939859576772221
0.153155871653092 0.0932519441997354 -0.0370190175692662 0.141794455150945
0.0933738820830282 0.227342122756254 -0.135912583150986 0.11095791988087
-0.0902999146059466 0.239341122283546 -0.1965399585468 0.0103080979482833
-0.26285062114111 0.0913245180040106 -0.108040131374313 -0.0513388284833376
-0.343770865263322 -0.0759425996333158 -0.00308455849030158 0.0350452941042005
-0.244837456406639 -0.159315252610422 0.203973901866555 0.0190532532435497
-0.307963544948463 -0.0868170901174034 0.178721180229491 0.179807985673856
-0.271541541633753 0.137969223584828 0.275275165569972 0.0995542369288952
-0.0867565645559885 0.284555304694053 0.251833885382431 -0.0824956178307541
0.101093075237101 0.203855800986866 0.103210432708465 -0.142974228677282
0.163400500812808 0.0945862892126071 0.0161988621094455 -0.102513051454059
0.183574851670864 -0.017219126596597 0.00844742962613101 -0.031512237436664
0.161547493190295 -0.0688844354859878 0.0341105568611971 -0.00518047956065027
0.161190715385409 -0.0746598283349381 0.059501148704757 0.028667146878281
0.172549271885809 0.00272683451990495 0.058812075354664 0.0841641946846286
0.150359773061962 0.089443648566977 0.0215842542228832 0.151630722537931
0.0828942349017556 0.220650409801826 -0.0928442856365235 0.136404764987671
-0.0957568150827676 0.217971322816213 -0.171401974722605 0.0399100064547988
-0.242821817901597 0.0615813336338989 -0.0796933208397837 -0.0406042040125338
-0.293676359475643 -0.0943519097407407 0.0760784749157673 0.072276348008322
-0.151812953563466 -0.143284556741594 0.271212630496497 0.10938055775548
-0.224769771225997 -0.112520256229374 0.205184533437883 0.217230169392333
-0.228874145746209 0.07119682753607 0.246330270203361 0.150923908756386
-0.0982524426085451 0.21668324152365 0.239080203179738 -0.00648726184732051
0.0678974582737672 0.169748748735676 0.142121642445018 -0.0753172064336479
0.127005541015214 0.0810466981470458 0.0860193067613323 -0.0723794963700695
0.151797926455472 -0.0109029679014597 0.0723492816195727 -0.0348827965175762
0.140487762642415 -0.0567354419654565 0.0884958351600786 -0.0190872361527983
0.140902972732044 -0.0621147514804675 0.112943703058522 0.0118609497180818
0.150939893756296 0.000639677193532338 0.112062715470079 0.0766354662376795
0.129216599190542 0.0815440446384341 0.0681980048796115 0.16082878976058
0.0546759860000094 0.19421938801752 -0.0615786082454994 0.155785287696599
-0.102546982323577 0.168993326632223 -0.149180618499955 0.0609497693963096
-0.204227307621024 0.0138371248015948 -0.0559187505469427 -0.0314245752386432
-0.206338186534396 -0.110312508633297 0.135155483781042 0.107493899204997
-0.0326800698545277 -0.0981021405339022 0.299159769957753 0.172973074699103
-0.104406538075897 -0.101374156356632 0.212388390316255 0.229242690249901
-0.137480762370084 0.0131517693399349 0.211828362922895 0.178786374927692
-0.0756406763052452 0.121227000187251 0.222459366314609 0.046454865177825
0.0340556598531138 0.10276312244295 0.165976731163526 -0.0317612534762598
0.0730690779088178 0.0492805236076844 0.133059556163793 -0.0531098306037164
0.095477488235753 -0.00531650276054262 0.117992445463549 -0.041372531753883
0.0964466635068893 -0.0370334486191661 0.128304894471854 -0.0286195612757507
0.100741373547419 -0.0405343469205601 0.155995324713739 0.000388657192166807
0.11159730162959 0.000904479626344787 0.153528320674048 0.0770529801261768
0.0928531111047483 0.0683248000025317 0.0994925929497802 0.176207857490316
0.0202987919197368 0.148361595378139 -0.0459849576321381 0.175459727996848
-0.0981286520422977 0.101391594851527 -0.138118381768793 0.0767987401322967
-0.14365920894315 -0.0347224190381519 -0.0422757937364978 -0.0241085114341274
-0.0934482891307003 -0.112939354107972 0.167444184554041 0.138201646931333
-0.0332864436729509 0.0843532203240367 -0.216083343490819 -0.143607169220057
0.0583626995856134 0.0516535803068184 -0.022195250805879 0.0679283897575695
0.0799217609729641 -0.0316862174906332 0.160853667913299 -0.0594089662167449
0.00489404030775301 -0.0756126767138443 0.0901462040029568 -0.209236391341497
-0.0418234530286028 -0.0352519719731363 -0.0946571171804194 -0.229795085337851
-0.0334810264495115 -0.000613510129618326 -0.205255222155352 -0.105910669496454
-0.0391628521728799 0.00604079312602792 -0.201754918852603 -0.000392103163887647
-0.0370926355937876 0.00172601497833916 -0.161137146480872 0.0444931566690033
-0.024338604215968 -0.00783199059740631 -0.149051077169111 0.0632810907965571
-0.00744298446172211 -0.0219401835609371 -0.165920072026788 0.0642647551874072
0.00972202453187927 -0.030433343998116 -0.193041669312062 0.023128069400601
0.0516674814545074 -0.0115341406093411 -0.218608285966368 -0.0711214293010903
0.0456328901460453 0.0456769023456056 -0.199006707412979 -0.172891496917034
-0.0339285187495308 0.0797899767582059 -0.156908304500154 -0.213393572595801
-0.0864285300574274 0.0557693701174675 -0.265376303058262 -0.177881398430145
-0.143896953288774 0.0453165699107029 -0.175288401487512 -0.178470680796825
-0.0466262959625161 0.0732647521875237 -0.0100642183778634 0.0590708956897625
0.0268700718131137 0.0560541256528111 0.184083169377057 -0.0664246608366585
0.0286009009719186 0.0181068021051998 0.112756553304478 -0.232041645837413
0.0157887762242327 0.00824582233986763 -0.0889341405982465 -0.251523255576022
0.0300094777728673 0.0102302587319351 -0.209483104620142 -0.119962991500074
0.0275452438828244 -0.0149823153009503 -0.200463290352518 -0.00380698084358689
0.0236068892672874 -0.02483057060768 -0.154686698978339 0.0435658249805073
0.0408065438651662 -0.021832728175735 -0.138726394983528 0.0691435670692506
0.0567235246735613 0.00768580636884652 -0.152811351068662 0.0750657602799601
0.0467491514913193 0.0323405766462223 -0.179274661158311 0.0454074313542947
0.0358461745050864 0.0820791186565493 -0.214561620070513 -0.0410046376722103
-0.0342394256798882 0.102565107471169 -0.205852120766024 -0.140553041168876
-0.141575047279397 0.0614459343547785 -0.15780037462039 -0.162675225690556
-0.202404144184598 -0.00497638974146961 -0.234840098623496 -0.130778949297212
-0.235293451859884 -0.0129442479778038 -0.100558832085207 -0.181987008431916
-0.164095248770379 0.0669606717723246 0.0222554046800237 0.0654055163260179
-0.0573466024823013 0.13751609229462 0.221134080240176 -0.054454888763874
0.0324043809604949 0.129450598478529 0.15272149517919 -0.240111514034167
0.0723565740802808 0.0692202255089075 -0.0607388779834951 -0.264166791270021
0.0951346402576989 0.031436469471545 -0.187173737591516 -0.134277286171224
0.0944291114777659 -0.0274582708453023 -0.175358937979802 -0.0110401439568646
0.0817191113745548 -0.0481878743575371 -0.127732064525023 0.036046161354346
0.0964009369095263 -0.0407781464297103 -0.105558421388873 0.068974659908391
0.112869159040371 0.0208763893646123 -0.116850709446552 0.0893666437054746
0.0908139420679215 0.0731655912790563 -0.147536189268299 0.0840971427664839
0.0501049936237983 0.159398871303518 -0.204599310321244 0.0118670199414182
-0.0773649619066044 0.169014772603224 -0.215871610918176 -0.0909546235159569
-0.2176581739284 0.0714120233012 -0.151334747828657 -0.11134928350247
-0.29200727142485 -0.0418691234200056 -0.173201500021535 -0.0708631263702179
-0.287714419922917 -0.0799355494657183 -0.00219120787790778 -0.146092268204784
-0.268263322917089 0.0293611266996435 0.0708681534363378 0.0910868215163081
-0.156863696628132 0.187163989607544 0.257528991484599 -0.0186651138764564
0.00709623136441478 0.232364339168469 0.200197516408605 -0.217929359592444
0.11164068758595 0.137090360574457 -0.0103248143273847 -0.251358450199769
0.146712028622094 0.0592269089385833 -0.134776213802405 -0.139325356068811
0.149686180906465 -0.0300537083940489 -0.125847994169603 -0.0198851343445292
0.126905242956957 -0.064551473650096 -0.0817578288335023 0.0243193516858292
0.135410458080912 -0.0599459937279569 -0.0565897379455871 0.061056768962031
0.152667484837471 0.0179710550755699 -0.0631533233362506 0.0963477796537431
0.130360815049944 0.0902794477674001 -0.0958869355589567 0.119400755605233
0.0769787854984746 0.206954073361932 -0.175677964988018 0.0675259757083828
-0.08889018293657 0.219479717309457 -0.212946011737442 -0.0360527503497067
-0.255068198724207 0.0882537084536404 -0.132768707730557 -0.0739619763480819
-0.338230664029264 -0.0608287406912877 -0.0908912155722441 -0.014273041332138
-0.289905328149577 -0.133894452259216 0.104996799837854 -0.0733369498001669
-0.322099719544108 -0.0318955236961742 0.125676448154137 0.132149230070063
-0.238875934880096 0.184611745540451 0.27706365631331 0.0381232907563487
-0.0411529237271146 0.289542208670169 0.236548088286653 -0.158315323031812
0.120075094298253 0.188078766241438 0.0506363440380505 -0.206788035705347
0.170707031616921 0.0846798889878407 -0.0609112058738382 -0.127752940313292
0.180772146951683 -0.0240976137123811 -0.060409098236241 -0.027597937813617
0.153694339813157 -0.0709586802667213 -0.0247102481701995 0.00887877781042246
0.155525493461533 -0.072314323032855 0.000751206824570346 0.04593575220249
0.171687463522998 0.00989859880399368 -0.00209481375879443 0.0923200148507917
0.150118644632729 0.0922338590979569 -0.0365719099952034 0.139817910798494
0.0912515482226543 0.223552227605654 -0.133972943059611 0.110050479388965
-0.0888892605278545 0.235075794007446 -0.195525683931662 0.00899802629110684
-0.258175976995624 0.0874077453151575 -0.106456268555083 -0.0528540930777198
-0.335257697219323 -0.0763188635968178 -0.00311829716000706 0.0313223342081202
-0.238880644320217 -0.156971735630215 0.199336243191131 0.0206738722747162
-0.302778912984859 -0.0873999776994844 0.170328839479939 0.178827940793045
-0.265058316530777 0.133896517688444 0.26865374045495 0.101188029095905
-0.0856895232188639 0.280434314731974 0.248579538971782 -0.0786487428346293
0.0991320001345613 0.200886072298461 0.103698540182639 -0.139461026926966
0.16110789209664 0.0941809475905661 0.0174805702134334 -0.100652911098511
0.179701450683659 -0.0166387612406535 0.0101059511581323 -0.0314695744192161
0.156766473953273 -0.0673657399710711 0.0344967559841331 -0.00569613947296248
0.157052766878428 -0.0718977640275914 0.0581578537430954 0.0280932042450725
0.168949423161171 0.00442383496477308 0.0576334389464088 0.0835216702809751
0.147472140308066 0.0886074580814962 0.0198571126683881 0.149963628298311
0.0799725306182341 0.216226329885645 -0.0927423436367148 0.136643068688589
-0.0944772281670201 0.213660225706676 -0.170720970095833 0.0395031285795944
-0.238992278290793 0.0581673824992806 -0.079177848364109 -0.0413730151708631
-0.286206235832315 -0.0937315580907853 0.074561696931491 0.0692982789645342
-0.147493654830063 -0.141154222414044 0.264685692452692 0.111366321580921
-0.219588349734101 -0.111544891863061 0.196254945420251 0.21631823149984
-0.222962260538896 0.0686578284307008 0.239841322762031 0.151757701921767
-0.0964015890578145 0.213322391555147 0.235221347549343 -0.00323741689342785
0.0665965976675979 0.167394383900574 0.14076459976272 -0.0724544200952302
0.124829749319018 0.0810893471033077 0.0855794446189182 -0.0705385262586797
0.148635579757373 -0.00972699555692088 0.0720980827963572 -0.0355587681115602
0.136137567071533 -0.0554435860911263 0.0880063217770054 -0.0185283430806601
0.136954146148916 -0.0609726089509192 0.110884980879286 0.012608836490566
0.147872458660871 0.00131571595476055 0.109997508526159 0.0765182159076073
0.126524844595447 0.0808955272374977 0.0656210807239521 0.158469846956177
0.0528914886101636 0.190718119116006 -0.0613228005491022 0.154501139989937
-0.100508936568451 0.164922863318628 -0.148482613771576 0.0592632834963949
-0.201250824187737 0.0118453319605971 -0.0559433598418976 -0.0320774184851751
-0.200592282701355 -0.1080163659227 0.133079136880474 0.104300902116285
-0.0315145754483092 -0.0955809446082836 0.292592777866597 0.17470799537784
-0.101506149500482 -0.0993858018034995 0.203875021362961 0.229280943061509
-0.133673599844787 0.0123923894080277 0.206286687952668 0.179124172363256
-0.0729836085459393 0.119950541671856 0.218674261107544 0.0481274656550005
0.0323043107799173 0.101133161759763 0.163907399432736 -0.030029830900493
0.0714432833573235 0.0495347885103605 0.132225876654554 -0.052014382553575
0.0937582404022692 -0.00446637518982475 0.117197363138555 -0.0409328866126304
0.0939615459009656 -0.036163745082317 0.127701513624047 -0.027702920094436
0.0980717405401342 -0.0398634262336295 0.15236657728573 0.00125554189268665
0.108930064642489 0.000576540030562156 0.149479732383078 0.0780253275848357
0.0914760703651456 0.0668714347078341 0.0965146542391111 0.173793657550782
0.0187217491200823 0.145372504400697 -0.0474726483500974 0.173783937568899
-0.096537001498283 0.0979494092001556 -0.137510417536989 0.0751823257507479
-0.140857460499311 -0.0356624259847026 -0.0422350187610783 -0.024189312476363
-0.0905437721040089 -0.11012862164602 0.164648614522962 0.134734613173884
-0.0342532035913174 0.0857411384809579 -0.218081456991202 -0.15131510848594
0.0582240818032359 0.0546146077701558 -0.0241670391756464 0.0707632436713375
0.0818185728908043 -0.0306285933848831 0.166082328371596 -0.0556851530491935
0.00670017530901708 -0.0770608312972377 0.0961213806293595 -0.211169202737831
-0.040930752282616 -0.0361893819482999 -0.0902173537101371 -0.237684862528037
-0.0335382266306432 -0.00188601674917428 -0.204807225138832 -0.11301771305386
-0.0389295515100173 0.00516679585926328 -0.20433329260638 -0.0043893937471474
-0.0380188664576157 0.0015237156494651 -0.165402421970427 0.0416319089502557
-0.0241331813846511 -0.00813560638866791 -0.152848183309542 0.0613361154746666
-0.00684869773076862 -0.0218046345846781 -0.169891654036276 0.0612473197127251
0.0102256372341437 -0.0306097275810867 -0.19684542788914 0.0187017035567327
0.0526099424533227 -0.0105119049947991 -0.219246516150262 -0.0786969780533856
0.044363786090301 0.0478556653048573 -0.197178269222201 -0.182102176939052
-0.0373538541500425 0.0812370731108085 -0.15311153077805 -0.224749767906971
-0.0887256823060328 0.0539379902962474 -0.267298530165239 -0.189967233956767
-0.146376444363989 0.0441409316685942 -0.176468313807701 -0.186812923011709
-0.0490381347778682 0.0738390876281684 -0.0131336539411394 0.0617731776593598
0.0256825823948025 0.0576213066492427 0.189115390640466 -0.0617471023683176
0.0290084035785829 0.0193969604871372 0.119851768781487 -0.234300472174319
0.0163515952032516 0.009903348553468 -0.085015154662783 -0.259198526163771
0.0315167766666903 0.01068208690063 -0.209243565727549 -0.126268377366059
0.0287340808639972 -0.0147254985648514 -0.20305120971652 -0.0079263614863943
0.0239758907500446 -0.0241285639725029 -0.159000035085161 0.0400358337865213
0.042001487820786 -0.0208373273697487 -0.142367842750116 0.0662946842898242
0.0580067985650795 0.00936704983829747 -0.157061452375642 0.0728480750137555
0.0465524499511772 0.0344995582766335 -0.183682233075879 0.0419512988276907
0.0341746374428871 0.0845848525981721 -0.21728979156285 -0.0465393577523853
-0.0384739806623636 0.103966908800536 -0.205526845741516 -0.149159857852601
-0.146240320917932 0.0594462406874522 -0.155656850409586 -0.172628137895813
-0.205305797378749 -0.0101821285339527 -0.236113210764366 -0.142091034411204
-0.238008470733827 -0.0182339419362937 -0.100899457339624 -0.188804725224823
-0.169149231655406 0.0639373130555276 0.0194575291220672 0.0692601408817962
-0.0601984095150848 0.138481265629033 0.226074112018807 -0.0486556158741408
0.030971319686396 0.133434933025899 0.161933936864953 -0.242129124104594
0.0728615697728876 0.0731929441935992 -0.0547834355285268 -0.270581824834958
0.096964246211847 0.0335958600775352 -0.185460121774594 -0.140149878093327
0.0970408554429358 -0.0256538781299155 -0.176738855108618 -0.01566152406426
0.0822043188810001 -0.0471248488762242 -0.130053431843176 0.0339412013823956
0.0980127995112107 -0.0391129300513194 -0.108079214855397 0.0667064722169721
0.114952475156104 0.0230234102351663 -0.12010580166308 0.0881439600288203
0.0909434649352985 0.0767934103364954 -0.151878559580609 0.0819505877376403
0.0478324119981483 0.163546775122385 -0.208757927124397 0.00743073952107964
-0.0828289061603043 0.169974644333991 -0.217994186044631 -0.0977333619187823
-0.224314639160977 0.0673495830046058 -0.151521464297184 -0.120074463092346
-0.2951978538482 -0.0493811912041472 -0.17511904345871 -0.0789153377510365
-0.290260961268894 -0.0876289612953922 -0.000541121131922902 -0.148934066612202
-0.274821627931236 0.0225878801568844 0.0679629349671661 0.096167872347385
-0.163134842871858 0.1868243249819 0.262500756492179 -0.0122740730430846
0.00330402552425604 0.237144022995285 0.209443506572377 -0.217499134768392
0.111488681376214 0.143161236809807 -0.00350356477081137 -0.256931340022317
0.148224263988267 0.063341848063715 -0.132659356427778 -0.144982189445663
0.15275028748478 -0.0270075517394478 -0.126334825567188 -0.0243083050752064
0.12899071517614 -0.062328434166542 -0.0832949470439078 0.0220265150398005
0.137983894815663 -0.0575699474338206 -0.058213561815181 0.0597828679166255
0.155176718401172 0.0218299535572474 -0.0656591626655826 0.0962674968468849
0.130412922826543 0.0949176341168822 -0.100069789659817 0.119422832531286
0.0743168193720978 0.212303191433402 -0.17997267025346 0.0662967371840383
-0.0950540704543202 0.222517947733715 -0.217128630433423 -0.0420587120282674
-0.262322928405968 0.0835581410057514 -0.133971410639746 -0.0811181463255598
-0.342210932565445 -0.0692877832169423 -0.0921103732357483 -0.0203861736783992
-0.291468333641967 -0.142898380682531 0.10641654496069 -0.0716035598214578
-0.327708803747838 -0.0406538127956891 0.121608161224444 0.139618954428318
-0.246663460312611 0.182249794972006 0.281122372877878 0.0468653540107784
-0.0475575691661146 0.295391880626879 0.246683665670311 -0.155814618089007
0.118542213192338 0.195300325108828 0.0573778698949291 -0.209893992282714
0.17275585709664 0.0906668014210187 -0.0576035703885524 -0.131037527608332
0.183888920330517 -0.0210455400788818 -0.0593696628898607 -0.030759371310737
0.156768353174738 -0.0690362566544006 -0.024863753947086 0.0082420096064737
0.158673121825683 -0.0701698705317477 0.000191581591144424 0.0466348827117413
0.174696068445012 0.0136960722552751 -0.00370432079722798 0.0941069619195978
0.150862209902778 0.0976033768189963 -0.0394708023316373 0.142058788046495
0.0879914640021547 0.229839359251172 -0.138221232277799 0.110948251810117
-0.0958988159978404 0.237266277212652 -0.200873901372591 0.00525583742972396
-0.266034310851052 0.0825651765935622 -0.108499056034703 -0.0576290159007681
-0.338391728151974 -0.0852942916385881 -0.00415981938953838 0.0290993159215439
-0.239114707264219 -0.164671063594818 0.200872218590305 0.027889699067184
-0.306973606596482 -0.0964695021526062 0.165457372447872 0.188659348571132
-0.271493908600048 0.130691875910105 0.271065728003603 0.111764001144307
-0.0909549547646634 0.284801586167069 0.255406758451641 -0.0734146911762063
0.0968529034334208 0.207888974773842 0.110226276391562 -0.139608641161983
0.162812173781454 0.100276741564354 0.0214683502685127 -0.101580506676765
0.182892528727204 -0.012678940827787 0.0122002776391836 -0.0339935361834578
0.159839151943977 -0.06542414095762 0.0370485730856234 -0.00536372166588105
0.158418898218015 -0.0702304676167484 0.059820238861332 0.0307332785914771
0.172128037885097 0.00699295828399529 0.0572348336633675 0.0860439931196268
0.148370960143303 0.0937015550078841 0.0177075701236745 0.154251515273999
0.0774715100393018 0.222249685033112 -0.0964963643845091 0.13879304771355
-0.100027498330678 0.215380740491212 -0.176741120376464 0.0372945455748083
-0.245541922141906 0.0533337726858234 -0.0801408157749885 -0.044504765192029
-0.287826269738865 -0.101164802623824 0.0745618510117056 0.0698617916166175
-0.146888045649392 -0.146158081666353 0.26650449745447 0.121811856083481
-0.220852718223131 -0.118710795566187 0.190502009997552 0.227593637472405
-0.228037976109008 0.0643574652915669 0.239562436285925 0.162545364630664
-0.102042912047075 0.216577991959389 0.240346317587445 0.00370627396619657
0.0635863456033588 0.172209031822118 0.146041660317772 -0.070584603377893
0.125850524699668 0.0859053483159511 0.0900922854472225 -0.06949044299368
0.151704181215329 -0.0070764947819933 0.075970837473298 -0.035789864006226
0.138292820793546 -0.0540320847621846 0.0917515656347038 -0.0181527752547756
0.13948228645992 -0.0589307149212585 0.113530499331223 0.0155891503531521
0.149965201193204 0.00409231310541237 0.109565330498154 0.0810375102195728
0.127272137588051 0.0847052687238059 0.06355426954744 0.163135435392251
0.0498270210508755 0.194970889547718 -0.0658834177636797 0.158070346669836
-0.105849653247103 0.165049828568684 -0.153936507911094 0.0580726643977751
-0.20482702325447 0.0067243293965381 -0.0571305553972366 -0.0349557686215774
-0.20000991729401 -0.114363783044177 0.133218208144142 0.108019502104492
-0.0296083742270855 -0.0969628518540257 0.294406342784634 0.187342510554292
-0.0998594262118558 -0.103021110699843 0.199447191682046 0.240377257672232
-0.134485319308504 0.00890919663289526 0.205546756680139 0.189819968773762
-0.0760758672390877 0.121759297141002 0.221245429260221 0.0550455320636879
0.0310049682330144 0.104112578049521 0.168516240122344 -0.0260209701740722
0.0714117834126782 0.0529762304117952 0.13701147447216 -0.0507040813530399
0.0946677832171094 -0.0023738158888652 0.12175857578565 -0.0394393673555274
0.0952377104655535 -0.0355755673744714 0.132600371977173 -0.0263815768085692
0.0992763007144762 -0.0386045017602802 0.155831730949075 0.00575254375024495
0.109804223814588 0.00283395149619686 0.150232426100313 0.0838274876094361
0.0919058030980133 0.0700191877971513 0.0943215219194198 0.179126283143122
0.015988897231525 0.148488438663144 -0.0513115563059432 0.177278365902665
-0.100072952243223 0.096788537355828 -0.143862264375246 0.0740568230593887
-0.142832970897303 -0.0397360103866357 -0.0433528041661926 -0.0270068575224292
-0.0879968236985921 -0.112397034703616 0.166024409175149 0.139529315305539
-0.03522818183462 0.0912724532660271 -0.230855278699561 -0.162638358752207
0.0620283925111862 0.0603421733000878 -0.0260933427735315 0.076892419154059
0.0864405386141848 -0.0321050480905033 0.178033982374365 -0.0554038365602462
0.00782953315753492 -0.0814220917658185 0.10541257929667 -0.223132768989766
-0.0423920059140201 -0.0384647684030421 -0.0922682405757384 -0.253440194801164
-0.034736605954957 -0.00311296640052508 -0.214198044793333 -0.122936602999809
-0.040508595442353 0.00530851078112412 -0.214420300955986 -0.00676073023662523
-0.0398023520339519 0.00231596011942056 -0.174980501427252 0.0416077801072608
-0.0250425584736777 -0.00877169585496475 -0.162658745289926 0.0621730440138486
-0.00687048885281209 -0.0230718265119651 -0.180629975729626 0.0627900952716941
0.0108154866746106 -0.0309799478146421 -0.208303658604021 0.0164931991654097
0.0555751662671993 -0.00968237033935842 -0.230699103822319 -0.0876215992400532
0.0443353670600121 0.051481999482797 -0.204251310684645 -0.195919038632766
-0.0424116970122084 0.0863997854091463 -0.15670274245837 -0.243562699311823
-0.0937829986030786 0.0562812109016764 -0.280322555572508 -0.207808648396292
-0.153403451720431 0.0453650340766887 -0.18689834687927 -0.199926811175247
-0.0529922210578041 0.0783945937262732 -0.0147694979397233 0.0672922927636294
0.0269610722248236 0.0606321257467525 0.201331402239392 -0.0611383664473614
0.0310824061348886 0.0211193952296705 0.130407414345386 -0.246602860638554
0.0177202901462997 0.0113036421882123 -0.0856111986301359 -0.276654029984671
0.0338982211742286 0.0108142071132339 -0.21815703734436 -0.136569450964794
0.0308845253015662 -0.0150932450233797 -0.213519891304033 -0.011109528507107
0.0249831823026971 -0.0246370097793985 -0.168372775646786 0.039898431543541
0.0442622647673266 -0.0210842082840432 -0.151123461703485 0.0684017045110131
0.0612069631177171 0.0110629538690238 -0.166436045070857 0.075322799534867
0.0484431178015485 0.0374622515592208 -0.195443085312641 0.0416786432011623
0.0353585685905484 0.0897884477895473 -0.228725231000494 -0.0529690243492233
-0.0430505039197878 0.110010566939544 -0.215357878634983 -0.160817393819447
-0.157500636421995 0.0608632175863 -0.161014367697486 -0.18790874694898
-0.216359249637258 -0.0137504103529007 -0.249038277053707 -0.156796378418582
-0.250200685465671 -0.022264032358619 -0.107734792106719 -0.20120805813964
-0.181097648911148 0.0662867706584811 0.0178963420376186 0.07630933053487
-0.065765406913266 0.144924358275568 0.240038686541593 -0.0463057633871773
0.0324701966896507 0.141910238692521 0.175274591691054 -0.254195116726892
0.0770867186387763 0.0786929761491218 -0.0537273480491125 -0.288733328437545
0.1029151227335 0.0363634081827143 -0.192997177556733 -0.151149358738161
0.10244241928486 -0.0259322519868672 -0.18581711747864 -0.0194086516212661
0.0869720363171447 -0.0478419189257886 -0.138003780284274 0.0330032341003667
0.103632410480059 -0.0396504852749131 -0.11524625882021 0.0689080411725044
0.121826044729124 0.0263280808494406 -0.127985656000337 0.0916870952551122
0.0951965458117975 0.0826542156207127 -0.161042256970903 0.0847340485572954
0.0488115168026988 0.173154403382546 -0.22057998684547 0.00673938594084541
-0.0905658222233926 0.179728285557935 -0.229523322129605 -0.107355566928791
-0.240024576590169 0.0679323134321551 -0.157351565243675 -0.131496745914562
-0.310255169718406 -0.0559950724204366 -0.184879759892419 -0.0899021435829805
-0.305317198150993 -0.0958809370856669 -0.00199389008041986 -0.157921217153571
-0.292458035595191 0.0209791301409128 0.0675735854860359 0.105673967705304
-0.173584235032773 0.195591651968734 0.277208490875712 -0.00669443883468954
0.00240856921300389 0.252424662475255 0.225794187855923 -0.228376353283401
0.11695972592211 0.1537941939591 0.000931273530158525 -0.272976618115432
0.1575242161722 0.0683994467569075 -0.136920009604349 -0.154634112795112
0.161509348819462 -0.0274086756969689 -0.132008415899792 -0.0292667782153632
0.136035613462809 -0.0648246323576874 -0.0883254325894919 0.0210361230824963
0.145171225435923 -0.0586438528023594 -0.0610862539448771 0.0619010728755273
0.164993802399661 0.0248356288214964 -0.0706243680516742 0.101424644404787
0.136972216946177 0.101712802243829 -0.106906796340549 0.12521858999545
0.0766635786386143 0.225539768744632 -0.19112849575252 0.0696192875671649
-0.102715551752995 0.234547535414098 -0.23081952866469 -0.0467428638213789
-0.280224207961228 0.0837394362546193 -0.14057045821441 -0.0895056736563475
-0.359622742616952 -0.0784316806229852 -0.098095299423265 -0.0256883918024366
-0.305994834814518 -0.154918816024231 0.111838522030081 -0.0731823438987844
-0.347365050219021 -0.0469557119716732 0.123713439442511 0.15221570783243
-0.261911412064747 0.189270619246161 0.296019242696363 0.0551738422996153
-0.0516341561101272 0.313443191528791 0.262855841215913 -0.161688841360059
0.123682228753605 0.209538257001547 0.0642411620758239 -0.221689807414049
0.183057810174077 0.0979402743176797 -0.0577944089730649 -0.139391552136344
0.194226101281412 -0.0200576257420715 -0.0610513815471212 -0.0352646513160056
0.164808243617106 -0.0716326006408072 -0.0253701216357982 0.00662941280262169
0.166367985431149 -0.0713615316155719 0.00166740354222957 0.0484711739385926
0.184582831621957 0.0165125794972066 -0.00519840415175753 0.0996858034922197
0.158859323865171 0.104899113328829 -0.0428505360556939 0.149717105393057
0.0905870129509188 0.244110800674628 -0.147012640614233 0.117775371166609
-0.103767580026994 0.250694314120267 -0.214367340684553 0.00413047695344619
-0.284099890059611 0.0828497201418298 -0.114202349971489 -0.0637688348272545
-0.355640976091623 -0.0946940750109756 -0.00481322017994833 0.0280631223347828
-0.250544443764605 -0.176343528923394 0.211202517390529 0.0332540632746189
-0.324320717874202 -0.10705207078566 0.169029973231256 0.205153105066735
-0.288217842694335 0.134603663820035 0.284137936531111 0.123774698458396
-0.0988043024134391 0.301578919670983 0.27070478449661 -0.0740988680593608
0.100510117166382 0.222609693608298 0.119283148892518 -0.146761529052635
0.171714548538173 0.108974197359675 0.0262513687196913 -0.107693490617988
0.193281845463258 -0.0112550323532732 0.0153967169290363 -0.0370262487233852
0.168342826740597 -0.0677903911589453 0.0399869772235498 -0.00710666896729066
0.167239312733455 -0.0722272586494169 0.0639265958378437 0.0328884817005942
0.181919734062678 0.00902728511236137 0.0591417049688901 0.0931083185352741
0.156245644084744 0.10085582084408 0.0173056238778494 0.163203538576352
0.0788961778798043 0.236226423975308 -0.103243285996604 0.148034081859271
-0.107964222323823 0.226591472410326 -0.189324794765992 0.0387209551485281
-0.260913003676005 0.0522761023849323 -0.0853908611543243 -0.0496810112325693
-0.301851558016983 -0.110654488484658 0.0784489178785215 0.0731392023842737
-0.152668337217792 -0.15588302566118 0.280354609411495 0.134811522443261
-0.232826674217962 -0.128872593439374 0.196221889200349 0.246879508024053
-0.24103163504073 0.0644406995502786 0.250638157816815 0.176875652986093
-0.108821371561572 0.230002732645711 0.255027735538093 0.00687611494588668
0.0657038571629826 0.184162357787095 0.156505279265405 -0.0720618763986416
0.132493947030498 0.0926896047752934 0.0976925103312532 -0.0721780496658689
0.159193034240888 -0.00550348031252743 0.082287903920374 -0.0384139724351716
0.144990791235418 -0.0562119817442589 0.0984854167596281 -0.0188607108643416
0.146269756369987 -0.0602537647348417 0.121003192651126 0.0184119128248981
0.15773289247731 0.00581835092674079 0.115245040516808 0.0888702516961916
0.133532564408601 0.0914333828201651 0.0653995910221202 0.174112825208141
0.050595950594314 0.207232617648804 -0.0709493860151126 0.167921876593734
-0.113003758872149 0.172454007035759 -0.166428222884078 0.0615680451870524
-0.217026599057741 0.00326182984367911 -0.0610566386785251 -0.0381225640759885
-0.209792958070427 -0.121755805041337 0.141145101008211 0.113453157073035
-0.02921547858709 -0.101884672455606 0.310179594065749 0.205166739385393
-0.104029595654717 -0.110324229858961 0.205532201707098 0.260889649853279
-0.141959490861692 0.00711084826868398 0.214598694833199 0.205939970737618
-0.0808566534884053 0.128750798781222 0.233460802004263 0.0613642689279856
0.0317515202833377 0.110778812929627 0.179325060357945 -0.0251694027559242
0.0757489575204748 0.05747794362632 0.146951034542421 -0.0518343402427678
0.0998560802591316 -0.00180794336093288 0.13073408535883 -0.0421199468418435
0.0994639226091861 -0.0374520796602789 0.142685325951084 -0.0276661433336673
0.104522645410194 -0.0401105304620288 0.165365306565251 0.00814748337539112
0.115215281990614 0.00338629743954234 0.157813993497661 0.0920212233274949
0.0965166400892741 0.0749369438871363 0.0971123399910782 0.191255620131181
0.0153612329565902 0.156473276119834 -0.058124031618346 0.187667875960613
-0.107158141532591 0.0999870846086463 -0.155024148842051 0.0777495325140227
-0.149990300005352 -0.043156149391062 -0.0464489694955995 -0.0296894219053221
-0.0913148494952139 -0.118728047894372 0.175138257082326 0.147898396433322
-0.0331941044531663 0.0987893910428674 -0.256956882034546 -0.169232488929388
0.0687783043363441 0.0639887104553212 -0.0258825673145654 0.0864693792315126
0.092173684449584 -0.0373231276666836 0.191740892645598 -0.0635119940410887
0.00658643308966755 -0.0871438965357478 0.108717887938081 -0.244487441383344
-0.0461588369446481 -0.0404752360333919 -0.106317224096405 -0.273744521867221
-0.0370708847523641 -0.00331791387266592 -0.233102570476241 -0.127984655029975
-0.0433049674058209 0.00718259442813695 -0.230529990985324 -0.0010744556232889
-0.042529558958501 0.0047481896498274 -0.1890068667684 0.0489276020526615
-0.0265835311431513 -0.00808871343046013 -0.175123380486506 0.0719981751209419
-0.00769092967214468 -0.0238289766630544 -0.193509659996831 0.0728459869188289
0.0102362953613804 -0.0330633933966689 -0.226274755612074 0.0226081838721671
0.0593542510740043 -0.0116037656540639 -0.251299070204358 -0.0904644274700775
0.0482387611212767 0.0554957739101382 -0.223317150088087 -0.208028217338151
-0.0455980530898303 0.0959637660831183 -0.172786282429639 -0.263776661744385
-0.0995385161074351 0.062860241756907 -0.309494234597581 -0.220619115611681
-0.162183579616147 0.0533067504366526 -0.210537203891466 -0.211324465267829
-0.0556031429496151 0.0871208168900644 -0.0145573675391944 0.0760436347325411
0.0305172831474373 0.0651966900712643 0.218246118830267 -0.0695686633333259
0.0346265289628433 0.0226668460865685 0.13513635598763 -0.271083318212666
0.0207459436489091 0.0120047778873697 -0.0989175193741577 -0.297770206687949
0.0374262355579422 0.0103949992267358 -0.237784436468585 -0.14308218442757
0.0326165286047821 -0.0169460235695369 -0.229533117595332 -0.00597051885968048
0.0260643447385071 -0.0261588181588593 -0.181501310290526 0.0470363402420491
0.0474287820562525 -0.0233321695292764 -0.161919684006957 0.076830771810504
0.0667414716719908 0.0097840430146139 -0.178162276830101 0.0857679637897185
0.052869737407714 0.0395595043136914 -0.209831378534625 0.0494635231193332
0.040496723339661 0.0962923946854205 -0.24866559063406 -0.0516074526961094
-0.0438761504671042 0.121041089705871 -0.235669041276868 -0.169958436437196
-0.170284768710255 0.0703704674528373 -0.177264273041101 -0.202609515850771
-0.233560259540445 -0.00870204555933251 -0.274542197804797 -0.166724711072543
-0.269839075782134 -0.0167819661478628 -0.12463815936898 -0.213112069558465
-0.195027657978371 0.0771680627763704 0.0201852517659355 0.0845687023807025
-0.0664616466770877 0.158882100379523 0.258887708891705 -0.0550082147346565
0.0397324285829233 0.153624330032867 0.183062205599143 -0.280501175486676
0.0866796749947242 0.083823563445688 -0.0648568690401825 -0.311186983146485
0.113634368060907 0.0356904067112963 -0.211031712612618 -0.158919595009276
0.109797118243623 -0.0303959297738135 -0.200354106975155 -0.0173812049235844
0.0912106690973337 -0.0541702891986937 -0.1486222129143 0.0384920724857126
0.110364264404165 -0.0445509966788925 -0.12182266789953 0.0763499261028758
0.132352766932011 0.024893661783031 -0.135432066551875 0.103104606838488
0.10537281207867 0.0866165467770877 -0.171776141249945 0.0950815224796795
0.0578064652618071 0.186195678494606 -0.237949082459264 0.0129223028683054
-0.0922259156917691 0.19807788366209 -0.251924762655965 -0.110676053853753
-0.259857413851165 0.0793705502079564 -0.172692300578652 -0.141553699583888
-0.336126067448264 -0.0524558926057827 -0.203184337498393 -0.0955658102608817
-0.330406035641041 -0.0955376354739532 -0.00889806211832354 -0.16913373947597
-0.317034292601683 0.030897792155261 0.0742959966785494 0.115172977727503
-0.182045802195677 0.216204641283889 0.30025776664574 -0.0128059254800786
0.0113115878898878 0.27384682500277 0.23839891646343 -0.252802268881708
0.132374433714742 0.164194676957514 -0.00515018368559403 -0.295943005920731
0.173924529617216 0.0694809475256431 -0.150421307467664 -0.163040790934937
0.173240292207678 -0.0334537006460367 -0.142410071937061 -0.0294893495401447
0.143408553259454 -0.0734989822007606 -0.0935152160718639 0.0242966208079484
0.154209569374962 -0.0659422080060952 -0.0636966049352014 0.0671560245215413
0.178961953690286 0.0218525548745255 -0.0728636085624109 0.111717797491957
0.150385813071823 0.10651107954181 -0.111925115241583 0.137865932311124
0.089266933173534 0.242103672038688 -0.203930237098508 0.0812427295126554
-0.103513539225968 0.256633456079444 -0.252632984507704 -0.0434555415350053
-0.302633044075404 0.0982226437192111 -0.154732234427988 -0.0948985870547347
-0.389678378160351 -0.0743348949817278 -0.106681340724575 -0.0284545237017391
-0.333356140055564 -0.159708069093717 0.117214265436273 -0.0808856104868677
-0.378283337095977 -0.0416140779930401 0.135587167098853 0.164289942213015
-0.277941390599358 0.210975231987243 0.321059871606167 0.0542262362832977
-0.0458729750614306 0.342054054283073 0.280307364986189 -0.182225790550711
0.1417371097122 0.224905454449998 0.0653918319783037 -0.2420844417036
0.201832130979801 0.100581882449847 -0.0645042479813452 -0.149370501689403
0.208628017043352 -0.0269624806989375 -0.0663785032351041 -0.0383125004936132
0.173920810344416 -0.0822613573812076 -0.0271580371270353 0.00656495512693418
0.176750597669738 -0.0811415499809539 0.00363000050854028 0.0511848320964796
0.199587391138462 0.0119895374917251 -0.00261810603627438 0.108959341484594
0.17414525108724 0.108652830200135 -0.0418092254843415 0.164053111105124
0.105428603864419 0.261797219003628 -0.154479401669293 0.132820275595072
-0.103217722469122 0.273549727408119 -0.233821937821998 0.0114112505541238
-0.305887675467059 0.0957023543211723 -0.126324884498063 -0.0672243585913953
-0.385402469195086 -0.092055417138292 -0.00425953959581474 0.0274386073182825
-0.273592168082681 -0.183995465570699 0.228398133439779 0.0333658528740713
-0.354649636198243 -0.107033915263849 0.186603315907872 0.220494620473539
-0.307027329363064 0.152120577474974 0.310457429729188 0.127798035001357
-0.0967016895897074 0.330130320518302 0.291195673985222 -0.0874632303595683
0.115897862837057 0.238199294269553 0.125907089010339 -0.161353837570248
0.190306948343008 0.113097342053357 0.0264044446832557 -0.117735957659728
0.207726413507756 -0.0176986887141077 0.0162569959459939 -0.0425622802192019
0.177649401439917 -0.0788690172579551 0.0434299305507545 -0.0100558751702046
0.17678845874917 -0.081968756509461 0.071646730535853 0.0322545099913322
0.196554199666683 0.00487242265182926 0.0664992144004056 0.0997408211028219
0.171246070239387 0.103806793639234 0.0240390927459168 0.176826743525717
0.0931629859500551 0.254756991088967 -0.106299380347529 0.163489063247721
-0.109448892915093 0.247438355210166 -0.205480900019701 0.0494991920293265
-0.281512816150043 0.0617728741436133 -0.0952876972572618 -0.0512088037444419
-0.328923028005105 -0.110759550907005 0.0873142009890949 0.0745928431362145
-0.167595622920794 -0.164143934952835 0.30664196878413 0.141998005584972
-0.254576785070281 -0.133359992077293 0.216827116383934 0.26533565625246
-0.257968475454359 0.0754804931800631 0.274674235938306 0.186322930587763
-0.109322214855117 0.25199817890603 0.274496141558209 0.00151370712040708
0.0772668310137284 0.198213311155618 0.167497850634872 -0.0824385174480877
0.146911293245956 0.0969101507062528 0.105034215714124 -0.081660188417879
0.171117275270091 -0.0105049348793612 0.0892399352435748 -0.0456222232373135
0.153752513976345 -0.0661289281753366 0.107717970362016 -0.0251168092424922
0.154891466697861 -0.0696483031564468 0.132600832979695 0.0156810964325934
0.170374783465601 0.0010897277384266 0.127009224934168 0.0938447449451571
0.146705599770388 0.0944942241674037 0.0760593693057939 0.187471790925684
0.0608136638355307 0.223168303454309 -0.0720198697167564 0.184989255816712
-0.117420900630227 0.188900619420686 -0.179641395252287 0.0732213706541225
-0.234848190953873 0.00903955142282826 -0.0683067820878003 -0.0403125780438024
-0.228793791335696 -0.12518313457695 0.156893306823218 0.116854428025215
-0.0333735822845767 -0.108500167058141 0.341716958650797 0.216878759504146
-0.115042283756184 -0.116099811560816 0.226618493388346 0.280175730048676
-0.151582548714398 0.0107442382905335 0.237161411181003 0.218686750296454
-0.0816058086424683 0.14200848337214 0.253913967299829 0.0613968694453225
0.0371515189051349 0.119434756342474 0.193097897518535 -0.0312901213953503
0.0834193229940831 0.06099162514891 0.158275967980737 -0.0609341755433255
0.107083551040469 -0.00422695924893995 0.140942644524795 -0.0501705925906003
0.104820629675818 -0.0437370963001743 0.154454025439605 -0.0366281842407279
0.110560939657403 -0.0457261602467651 0.180236471942383 0.00400813262935592
0.123258039472479 0.000486291082945676 0.173158267865736 0.096759668849836
0.106916147108888 0.0779375846273179 0.109943494517307 0.205035884979054
0.0214471956396561 0.169927129239659 -0.0583643197849017 0.20612230985492
-0.112924475311534 0.109528516312984 -0.166969052970118 0.089549586463658
-0.163301318753027 -0.0435124866533145 -0.0525098551573895 -0.031216941758476
-0.101309388768078 -0.124658425355534 0.194710936554568 0.153363753182264
-0.0561416259510964 0.0985684334539633 -0.245002282408486 -0.212506467304622
0.0621536216617516 0.0789050430175234 -0.0384352713117097 0.0924159929803978
0.1016466142311 -0.0257684471991232 0.219483303144382 -0.0380389765073379
0.0162557160048633 -0.0913592843996939 0.157878568045337 -0.24872216101938
-0.046489768577731 -0.049485680312426 -0.0732770906086238 -0.309702929105959
-0.0411113575836262 -0.00857546362487626 -0.228583978490881 -0.173948447078017
-0.0461842497969715 0.00101925847778954 -0.246900120974824 -0.0373625891127676
-0.0457869428227973 -0.000805883735549625 -0.210236042542927 0.0223174255535559
-0.0250590489677444 -0.0131969717568679 -0.198983052071444 0.0497126690366327
-0.00471621386030817 -0.0258635312070922 -0.216196977380931 0.0494279533997536
0.0151441966665534 -0.0324526258902722 -0.243653544857045 -0.00931921338121017
0.0621233519936379 -0.00544184349132276 -0.254322276453944 -0.135255484713237
0.037934011417691 0.0653767938362264 -0.202744371902099 -0.257537782501638
-0.0683952462753916 0.090860947189477 -0.134183177964257 -0.313635087782067
-0.125183099205231 0.0473667998970666 -0.284085904317928 -0.293070032091962
-0.182584811087392 0.0265483956199263 -0.195713971965534 -0.252557629712696
-0.0710412050849404 0.0814698234699669 -0.0295176551156872 0.0842550789120129
0.0202001188309333 0.0684518000404188 0.243960103344473 -0.0340632450093901
0.0287517512797962 0.0257415372530484 0.189856421024719 -0.265520324938755
0.0137968734060827 0.0168386083086933 -0.0568529570048904 -0.332463563695063
0.0353164170101467 0.01828129365866 -0.228833819393255 -0.188528315306464
0.036262347334601 -0.0114072880970089 -0.24240130137975 -0.0424530960048663
0.0312014733142956 -0.0201889284702979 -0.201385388096015 0.0210731797938473
0.0554273628648553 -0.0156272627606566 -0.185533795217156 0.0583138783603847
0.0682164062440006 0.0239450104170147 -0.203964395470754 0.0658249969073322
0.0462140565799674 0.0540727365556066 -0.232239532910888 0.0177873761535738
0.0237171475095619 0.106907790020962 -0.258940571572173 -0.0997419211152093
-0.0732837999247734 0.116489971150563 -0.221006582466801 -0.219796147386416
-0.197667012995878 0.0390372557951191 -0.143335170724619 -0.247862942505653
-0.256262198046639 -0.0571393052072613 -0.25066810100047 -0.22247515176316
-0.280453138115107 -0.0665901860046998 -0.109128343800297 -0.244546996915463
-0.213558102118772 0.0479411661036448 0.000408494329094715 0.0984236753834741
-0.0954259655275996 0.148083138923093 0.278533654374 -0.00583153524903993
0.0145763978337022 0.160772344691162 0.238137148415297 -0.260118397080249
0.0705406136052393 0.10315915482472 -0.0139224822764645 -0.339084506397119
0.110948113981001 0.0577336098216231 -0.195951831335303 -0.200338326868505
0.119147964059471 -0.0139567619203472 -0.206496396055316 -0.0492261416324548
0.104350981252331 -0.0375021871368353 -0.164097175802271 0.0161000074447865
0.12406912551405 -0.0268992028261894 -0.14362718021714 0.0643959101811783
0.13571810482721 0.0511110143396033 -0.162008448410828 0.0911407970136493
0.0922808076746924 0.115776631002509 -0.199472396048119 0.071339355799728
0.027753236597364 0.206345722106516 -0.260426336555831 -0.0339813161201071
-0.14021360149019 0.188383445379565 -0.247101375116857 -0.160447677371127
-0.294492835083676 0.0321201306044651 -0.145065337807977 -0.18267476747108
-0.358538084399728 -0.123977435167506 -0.182493501901735 -0.130633156276037
-0.328249435172541 -0.160130737624056 0.00327076337620711 -0.183036024171187
-0.331969975294283 -0.0219288166016461 0.0487280369512982 0.136829892572482
-0.224060332129615 0.186712293055777 0.30567048333415 0.0481362261887916
-0.0335110037718125 0.280723107501629 0.288979750633389 -0.213720445801378
0.105223938472945 0.193033826162581 0.0500085789084969 -0.308925208729852
0.170035992384143 0.103471212281368 -0.129201382342178 -0.194934468511417
0.185989597128295 -0.00670850335924204 -0.141448911787102 -0.0525096047770199
0.163480897943901 -0.0487757493015754 -0.104449093479411 0.00941685361339219
0.173437974803554 -0.0421818663259438 -0.0801006751645889 0.063850256618852
0.18583746454904 0.0552940442889082 -0.0978043495281552 0.111630092360839
0.137389766633952 0.145172052341787 -0.143854330329437 0.125531506545686
0.0520355637373743 0.272767364995375 -0.23862581739798 0.0420823494411121
-0.165187779839246 0.249171825506046 -0.258866244851206 -0.0902784825248982
-0.343923644749828 0.0438093229347167 -0.13309085907366 -0.129984255935817
-0.411981379419851 -0.158059998244205 -0.0898530149344464 -0.039107352768169
-0.316246413172344 -0.227840041701594 0.12143653368222 -0.0725078722913164
-0.383075671581564 -0.108245104271569 0.103778348207877 0.196348192874801
-0.320103840119364 0.164778371595712 0.312723996557422 0.121637622337127
-0.100737259439595 0.340105528224913 0.315874932306056 -0.127286476660814
0.104625830742589 0.256170301536249 0.116400733521769 -0.236058883479729
0.194475036825875 0.140579397169999 -0.0394833282462468 -0.165632579541177
0.222116806344935 0.00600045660471168 -0.0567778845188904 -0.0492138367987728
0.197894413722077 -0.0526839277890074 -0.0291514502136712 0.00136028696382062
0.199749351244235 -0.0533240544541843 -0.00508220862675581 0.0575276315575919
0.210704097123014 0.0489515374873111 -0.02218921723138 0.119433934978489
0.162600427253248 0.152637168312763 -0.07352752835707 0.16279442253637
0.0665135464087751 0.299306681506278 -0.195042202422589 0.103829700449561
-0.166758617575421 0.267338961494602 -0.247301667172524 -0.028167447958586
-0.346464047074695 0.0423355580189116 -0.107399416743301 -0.0953314485353602
-0.403116910609395 -0.174908115812045 0.0090969629461527 0.0390996063591946
-0.247399279905597 -0.243658145541672 0.222337164358819 0.0643769113410278
-0.344722122001712 -0.172953599382018 0.150160081772322 0.260798834833349
-0.340190429791771 0.0985686213239117 0.2872024741942 0.194688793118935
-0.149633941553305 0.319637855554235 0.309780193503031 -0.0264031730109743
0.0781518378930939 0.265968008077037 0.168380793109928 -0.139506407199045
0.181983747090264 0.150526652633506 0.0535479670861771 -0.116844141892123
0.219946724166804 0.0155686699236628 0.0310739954252439 -0.0399259171024039
0.201189531611191 -0.0498415974170898 0.0492210255188711 -0.0060318220482449
0.199845028684202 -0.0539547099931247 0.07039543963977 0.0476146700684968
0.20728771624556 0.0404208768708064 0.0524483244072974 0.121069777451248
0.161336400233912 0.146994492432518 -0.00664050202735981 0.18690252057483
0.0553846813664393 0.288640051846656 -0.148960395869929 0.145524204785648
-0.168144513889552 0.238548660064327 -0.22320226198449 0.0175436672140295
-0.313442481760849 0.0103436947265722 -0.0785653572021797 -0.0718971514796024
-0.33457865747912 -0.182882938198559 0.0953476036782857 0.104588923749949
-0.136809194123861 -0.202896849551445 0.291591107353527 0.192590951484736
-0.236044781963279 -0.182715844456777 0.17862848885901 0.313499603072506
-0.27431997441678 0.0292699752113692 0.243610659550432 0.245539552351078
-0.14864393964358 0.239167258257932 0.278164513144814 0.0602017046675984
0.0465787506252177 0.216020650188017 0.197627694653161 -0.0493862202281351
0.13929813542258 0.126555165529953 0.130047453202823 -0.0676698533611922
0.180507981906171 0.0172853482832374 0.10929495378252 -0.0323768248024721
0.173780606525254 -0.0411328476263743 0.119693276411307 -0.0112793684239958
0.174587193731805 -0.0451714932049009 0.138504523972432 0.0390269272361864
0.180509014111184 0.0317131274228877 0.11866727477795 0.123664210330135
0.137778051879629 0.131587985817826 0.0470855193507311 0.206051884507557
0.0261418619977768 0.250935655581323 -0.113197216676585 0.173357712138184
-0.164754240390276 0.174601749506423 -0.199979589343749 0.0486666794824935
-0.252926881963247 -0.0359314468413349 -0.0546465347834164 -0.0535459856963553
-0.221574148755654 -0.179505700934158 0.15650585976644 0.160432472474698
-0.00547131296804903 -0.119955967070252 0.322517970476792 0.279865319620765
-0.093044496579531 -0.141357338347777 0.191578459221967 0.330322259142491
-0.1531747340827 -0.0178139695736871 0.204181316286111 0.270051019449698
-0.101518170345342 0.130286092780644 0.250344463189119 0.115053513086807
0.0192308085228365 0.127223182678623 0.21390140446894 0.00515259057765534
0.0784802107182192 0.077271360381909 0.181302814964669 -0.0383360016767797
0.112636139174633 0.0121144695350585 0.163401839357122 -0.0303461953865324
0.118879939696811 -0.0274337606604762 0.171096761858794 -0.0165735875609984
0.124169782858207 -0.0292476227511893 0.190790670508855 0.0333364716577631
0.131171733194367 0.0225102615569712 0.168462878119441 0.132721417234652
0.0985952130746044 0.106018883172907 0.0819182284564233 0.230674852381743
-0.00673929016880942 0.185730165393897 -0.100138306658452 0.201193026816049
-0.144157330291458 0.091905394413963 -0.189046699525101 0.069001972827343
-0.16545281708686 -0.077816354261186 -0.0435528836272066 -0.0398848381303859
-0.0806115212195331 -0.153262635358964 0.183536145962876 0.202489216401811
-0.0467784004132151 0.105550597202722 -0.273031134147471 -0.193407362342275
0.0708871925465442 0.0752210803831757 -0.0301227286856692 0.101435805539533
0.100122561938052 -0.0359212654916694 0.223539800806699 -0.0584282979560733
0.00883978732316073 -0.0950214626635386 0.139268267879951 -0.268780022548136
-0.0516873881944043 -0.0459807965270792 -0.10269389071841 -0.31239063863114
-0.0426418542164221 -0.00533258893144935 -0.249033222749419 -0.158430059061598
-0.0463937191538714 0.0053390485747317 -0.25462184407061 -0.0152412077391255
-0.0466768365893715 0.00511358502514632 -0.214252292109031 0.0422237114452544
-0.0265035148396066 -0.0111007792277432 -0.200300057386081 0.0706214972739473
-0.00640977299859928 -0.0253330436532485 -0.216784993686511 0.0702556036978909
0.0118849658013795 -0.0338183682625431 -0.251052729408598 0.0123866580633144
0.0631617342456923 -0.0110700790483426 -0.272680799404716 -0.117117813993626
0.0429655650065569 0.0650186314316202 -0.227673636403793 -0.247244261970488
-0.0623248365365752 0.100954369762314 -0.163241442249056 -0.313047620169896
-0.122011531755383 0.0597240217191258 -0.318566597887587 -0.278105862484146
-0.183178887923563 0.0429820269206288 -0.226065867849319 -0.238069630146332
-0.0654030722081593 0.0904205773496158 -0.0231118340364218 0.0920470276789923
0.0269497469119601 0.0684798845520797 0.247741349814929 -0.0552736339105326
0.0328034564875408 0.0242151630946152 0.170359121643717 -0.28875370142488
0.0166609883981945 0.0166953814884904 -0.0883948276285727 -0.33659653920034
0.0385871180698274 0.0144066284331679 -0.250572987211042 -0.173683748604252
0.0368309865136288 -0.0153148647169785 -0.251147362894933 -0.0212606026332718
0.0296951999010717 -0.0222209878119562 -0.205044343689091 0.0396339799947402
0.0554664222198389 -0.0212634887274471 -0.186434662797123 0.0767301777437568
0.0730345011243468 0.0181867102780832 -0.202556224704901 0.0850791381615867
0.0515153545364218 0.0522691843588117 -0.237334925344869 0.0387081370111788
0.0345368398626901 0.107360053366158 -0.274960707927062 -0.0797783944299034
-0.0654006036242111 0.126692727732325 -0.244244439453963 -0.206118029218514
-0.199998886875647 0.0588905336967686 -0.166955226425673 -0.245232387207683
-0.265677077609903 -0.0346296470542222 -0.277560811302988 -0.208410084716651
-0.291573093739914 -0.043000666328629 -0.137052803169052 -0.239012280201786
-0.214998169393826 0.0681978769345525 0.00823339517304026 0.103368316607446
-0.0832065596512025 0.160315829813844 0.284099246608341 -0.0292122930649716
0.0317551767389963 0.163636317326111 0.220657052637194 -0.287087554442909
0.0832688120524822 0.0991876592856403 -0.0449679971825847 -0.346644725136136
0.120251162744631 0.0477806510106831 -0.217374668045263 -0.187894402801136
0.121002884175123 -0.0252659350747912 -0.21572403415709 -0.0321694863692549
0.102572626913948 -0.0474369042453602 -0.167903619234549 0.0307975706785462
0.124730762631739 -0.0386612324223489 -0.14151980662775 0.0784778158904824
0.143976495456117 0.0396142187564248 -0.157399246668806 0.108444522900859
0.104758635570761 0.110456199029256 -0.19902495024672 0.0898880396157378
0.0478027406863881 0.208749338229072 -0.269724571109025 -0.0110821179052424
-0.126284488685933 0.206236897414985 -0.267710237707393 -0.141776591452386
-0.300286101243742 0.0599719266518831 -0.163866463732429 -0.176662348459148
-0.376866498455986 -0.0948345039793405 -0.200139672674776 -0.12042916686369
-0.34860138541518 -0.13566256478561 -0.0152963866671612 -0.185104252795266
-0.343286635313102 0.00807433683858439 0.06020472531182 0.13878639238793
-0.211076970169558 0.211674607705109 0.317524225127173 0.0252786537742534
-0.00538336507006248 0.290751563511947 0.27550339203177 -0.244003000882612
0.127328106037963 0.188688883435144 0.0241050088794705 -0.321781869319735
0.184454063460799 0.0890894583227741 -0.148079210871932 -0.188539447496059
0.189993713261714 -0.0242815799519573 -0.149708687975247 -0.0422352823870965
0.160838044535628 -0.0651952253548418 -0.106437897291011 0.0180087885695636
0.173741452457692 -0.0586983759897203 -0.0761905558472898 0.0718936328413755
0.195764115017789 0.0398839248472037 -0.0895049424091316 0.123318994844686
0.153898932612039 0.136776122979941 -0.135951577347131 0.140636078015025
0.0796299848041575 0.275009670991628 -0.239827319375824 0.0654741053494703
-0.145013780875209 0.269980854901105 -0.273624433532763 -0.0679501085035967
-0.349508001012008 0.0763209606715295 -0.146988359539266 -0.123887172070496
-0.433902644773477 -0.123721368084445 -0.0956879270705509 -0.0359273068258003
-0.342835234024328 -0.205122633884483 0.116402044407485 -0.0823010614282186
-0.403436783408222 -0.0762145805196231 0.121601201862958 0.194584951082722
-0.310988821484932 0.198360881605228 0.329118763027216 0.0995347092269824
-0.0681380496390809 0.35933922263263 0.311454885833803 -0.158008651758729
0.133506112694531 0.253205883529591 0.100141193619761 -0.25415328826251
0.214064617944219 0.125146109091957 -0.0537849116279188 -0.166284708835739
0.22883909768788 -0.0141436926088074 -0.0627598317454811 -0.04635393771609
0.195330669042243 -0.0729984641736101 -0.0299303105973373 0.00227664348047137
0.198334486900647 -0.0726765773308039 -0.000188837227890674 0.0583271096449781
0.219363484337324 0.0309660634735074 -0.0103385063038239 0.125772857437503
0.180854156702271 0.141454559118215 -0.0610209285490656 0.173318209903539
0.097733168802857 0.29980298142253 -0.190038596354477 0.125418606989944
-0.146461719063275 0.28792488934382 -0.25666215950191 -0.00352505427603144
-0.352814607627131 0.0741241850160023 -0.118811676671505 -0.0893049900984352
-0.42656684637957 -0.141470469470932 0.013579147524431 0.035569147344215
-0.273292782554229 -0.227550768106792 0.233366020370134 0.0480141694256887
-0.36991343827189 -0.14582736955162 0.175111296605535 0.257349159156566
-0.337422768912261 0.132003499325339 0.309407493173779 0.175681228932631
-0.120570023164047 0.342205183504676 0.313203347843302 -0.0529698476938708
0.106923636072021 0.264948834732735 0.160924015790137 -0.157148766498504
0.201378995294655 0.13745257063985 0.0453181636129071 -0.125100509422947
0.227254563076176 -0.00390063284930788 0.0289866643729581 -0.0457411993948142
0.199298366913724 -0.0704124508326843 0.0494080032339683 -0.0123348094889058
0.198940299240008 -0.0741749759116527 0.0769245092906993 0.0410230817210825
0.215495925546114 0.0220068130217409 0.0662707264721101 0.120383516486135
0.178406430262152 0.136130664217879 0.0107458926844895 0.191344583589539
0.085084861315828 0.291223706344881 -0.138851440351117 0.162859370569337
-0.150294552821745 0.258114261275398 -0.228723380778513 0.0414627263302612
-0.32193378659015 0.0382711573684345 -0.0873110237174538 -0.0663512974483542
-0.357708208214354 -0.156060889154056 0.107851934895177 0.0956386490849156
-0.157079067523167 -0.195607467852125 0.316178252783729 0.173646432353623
-0.258405524524235 -0.166080868959355 0.209285750950176 0.307213816521926
-0.277564598198693 0.0538407469831498 0.269152898652994 0.232964328058688
-0.127330036417983 0.258480381252229 0.288359404719705 0.039565856664919
0.0684162928293195 0.217099187374367 0.199394272954725 -0.0677045993309245
0.155170559688557 0.116950237988385 0.129181786972071 -0.0812904274784092
0.18639328833584 0.000956371402860195 0.109942617654148 -0.0444199563966536
0.172094521255763 -0.059206563152022 0.121337316434683 -0.0253118198689345
0.173895241358474 -0.0630782574958871 0.145991104348346 0.0262224639424548
0.186579729944419 0.0153331060833172 0.133601927646006 0.117453474292156
0.153525609188557 0.122398790963945 0.0668444486429228 0.207279302262718
0.0517730874055201 0.254651618293927 -0.10033635906796 0.189936020310853
-0.152559929422871 0.191845751338175 -0.201104051286057 0.0700881622478651
-0.263365208355822 -0.0148241701892644 -0.061613220856626 -0.0493763538110085
-0.241085262345332 -0.162258399768724 0.175690081552542 0.147371085465817
-0.0151669522917881 -0.122673914561466 0.356313863043385 0.259626536166396
-0.107599014440514 -0.13606582307657 0.224856962089931 0.322768400397374
-0.158328375389542 -0.00496755929326142 0.232501530895961 0.260772887865262
-0.0895450677270511 0.142817464627381 0.266409296165811 0.0978992555259136
0.032599016089523 0.128214390959943 0.220825142099474 -0.0123788757001286
0.0877537342229741 0.0718442251855517 0.184173505403311 -0.0559536074591823
0.116050498346939 0.00269383812240332 0.165989205222426 -0.0472301304245757
0.117387901409944 -0.0403282488810674 0.173841401692051 -0.034891392961036
0.124091126943614 -0.0417946265779606 0.199110841105576 0.0161792967661792
0.13490230106217 0.0102710412691477 0.186050366637685 0.122522532510108
0.11094695755183 0.099341340735366 0.104220949219785 0.22972702708026
0.0117435603492245 0.191238529233886 -0.0848089448763523 0.216285730069579
-0.138899123744483 0.104943277485256 -0.188347767148135 0.0903874406983521
-0.1772839065939 -0.0645718438705046 -0.0490671886792814 -0.0366083221830356
-0.0954318131569167 -0.14821710427115 0.207477605048859 0.187548702176363
-0.0374948100914208 0.105752372370305 -0.285012324344515 -0.169332703789373
0.0747943420224922 0.0697804735764596 -0.0217711725137552 0.105107285355959
0.0961624026800176 -0.042408427336133 0.218743466427381 -0.0722296534248134
0.00223435466856864 -0.0939696273993161 0.120495378664097 -0.274678317764128
-0.0537782059262508 -0.0417674459527618 -0.122075326489548 -0.302181024362675
-0.0423334605559175 -0.00327271837443534 -0.257033617515516 -0.140340226173009
-0.0452261872210246 0.00823230466975788 -0.251556016879384 0.00242533323362323
-0.0447282351203538 0.00892315531596423 -0.209818378178868 0.0577769394037737
-0.0264775348858328 -0.00936468067859328 -0.194067151078963 0.0836711551491303
-0.00739624473371762 -0.0241679181713447 -0.210013794956484 0.0835734740758521
0.00957343974998938 -0.0335750347495274 -0.248181496201857 0.0287023040578226
0.0611514408126606 -0.015021395738683 -0.278505069973635 -0.0987542995906108
0.0468280855704887 0.062636549773573 -0.240021972174185 -0.231503037945489
-0.0552428975423621 0.105401534586099 -0.181532872162264 -0.303115546259791
-0.115292561669736 0.0665347589281422 -0.335026068186473 -0.254959887126368
-0.17602024232229 0.0536281058441884 -0.242541429004863 -0.216538480625657
-0.0592498491843789 0.0943167840075381 -0.016449694357119 0.0952634540057814
0.0309600070550805 0.0655970205976052 0.242219261152035 -0.0701169191421694
0.0354189667070705 0.0218001358654261 0.149117867448356 -0.295914683136088
0.0183735990924165 0.0152863813609708 -0.109874841626524 -0.327605385411894
0.0393353685437781 0.0107598286980339 -0.258239781341022 -0.155344862479414
0.0355484282267616 -0.0177729666733227 -0.248908330721182 -0.0039354018170367
0.0278841980769467 -0.0234477227711373 -0.201348191012014 0.0537152760165873
0.0536682807137245 -0.0248039945759709 -0.17937965065578 0.0889655204968367
0.0741569325069819 0.0136549126853051 -0.194199772183194 0.098536379314288
0.0548034210626796 0.048602587527516 -0.232814777382039 0.0540889784434516
0.0416275652905658 0.104212962385334 -0.277073802376246 -0.0612655177029576
-0.055979554525208 0.130291044379 -0.25437497257129 -0.187951806841968
-0.19487329801402 0.0732400345650574 -0.179667997402422 -0.235036562211933
-0.26284459198887 -0.0167338789010388 -0.290124861298577 -0.190260878678077
-0.289557342916606 -0.0241567612813315 -0.153695133889399 -0.224017636758374
-0.209315575982904 0.083136751084646 0.0139765405778217 0.104709780773286
-0.0711113511441176 0.164170118090758 0.279506373596311 -0.0459568987088062
0.0445554478735641 0.159757107834642 0.198196701123644 -0.297597026109247
0.0899780433750923 0.0924368043216818 -0.0671187854430369 -0.341734565509688
0.122620446318412 0.0375079102538763 -0.226658368795954 -0.171069936103814
0.11834102942556 -0.0343258640773112 -0.214712662166948 -0.0176702714145797
0.0972951136363022 -0.0533536885854922 -0.164329224193126 0.0421982313607251
0.120421264239801 -0.0474724332543113 -0.135559465044769 0.0872517632645847
0.146190498525724 0.0291795876281037 -0.147392785738675 0.118208662370652
0.111373035160603 0.10272982110798 -0.192043561982954 0.10248010147179
0.0624609328637227 0.202359637136999 -0.267573292284858 0.00813861074919896
-0.110365563307303 0.212582532596716 -0.27396170471832 -0.122194457013358
-0.294476606981264 0.0801068170132462 -0.173579038012857 -0.167087959716274
-0.37639312305669 -0.0671045658672052 -0.207183904336006 -0.108886281212561
-0.353193868895414 -0.110431855418724 -0.0300460224228439 -0.179400574040425
-0.339776783766223 0.0321031524466904 0.0672606511272844 0.136837721359963
-0.193098294918372 0.2241222562994 0.314871149161794 0.00581254756825979
0.0185983376154394 0.288046007643085 0.254949663641371 -0.258561256096887
0.141082646663846 0.177344911480088 0.00183872145905902 -0.320941570281102
0.189189208689966 0.0736996973613217 -0.158374925358965 -0.17698419497083
0.186581349755523 -0.0376709357592945 -0.15055871971407 -0.0323944516996679
0.152720685567332 -0.0752965509571853 -0.104742628671914 0.0245746917611937
0.167251148962104 -0.069922274325023 -0.0713533008004282 0.0757683155346859
0.196744177074973 0.0260760330093848 -0.0790335476373927 0.12855110635671
0.16204911619742 0.124984366338792 -0.126236950265105 0.147467616848656
0.0997156490114819 0.266153844328165 -0.232355488208294 0.0811850133278149
-0.123730527294166 0.276265955411314 -0.275014259648692 -0.0469081907367221
-0.342232857115547 0.099085677674293 -0.153023853668632 -0.114308895155507
-0.434962643689553 -0.0911156858760582 -0.0975346908864273 -0.0317079509800116
-0.351193066561429 -0.180381139731991 0.108331714838102 -0.0874643069228367
-0.404499791006117 -0.0464824361222285 0.131210720864224 0.187073190664083
-0.293453255150094 0.217361861220538 0.331385724164935 0.0790475146366996
-0.0381962712057237 0.359375082592419 0.297222717502063 -0.175575855972957
0.151893565978624 0.240526448489485 0.082701054392702 -0.257667611314989
0.220988444806402 0.106816120695032 -0.0632364629508622 -0.161363599821207
0.225443997104408 -0.0306998224642454 -0.066185318160856 -0.043255258622623
0.185479799274391 -0.0861351425905429 -0.0304610660728442 0.0039033039550568
0.190305792455156 -0.0865573446457087 0.00259987292502399 0.056215154929133
0.219075880862047 0.0155586833677118 -0.000819938673263351 0.125522453890625
0.189020959436052 0.128132706021655 -0.0488196256793187 0.175527154154696
0.119658008056207 0.289399762202701 -0.178620855361183 0.136884596697927
-0.123891233351832 0.2938674651249 -0.254787302931914 0.0163365673059902
-0.345450522743529 0.0969531283824892 -0.122686322141608 -0.0817592629908089
-0.428509542064209 -0.10965898138881 0.0155238216139265 0.0312358914090555
-0.284140989051746 -0.207405201241262 0.233444587267433 0.0345430301484238
-0.376018994164045 -0.118366532017097 0.188389926258953 0.245339867125508
-0.323661826114792 0.153162865999985 0.316384033827436 0.157434864196549
-0.0914344346231496 0.347155408800624 0.305359505573286 -0.0710825098227524
0.125544828372197 0.254785606734066 0.149985963682519 -0.167011992543043
0.210000023154977 0.120436027812802 0.0384477352423202 -0.127708875306507
0.224558978176151 -0.0205719863103598 0.0257108790536139 -0.0486833265763119
0.190167601855845 -0.0842583692740644 0.0473778593512243 -0.0165696363437431
0.190664746732038 -0.0873286763182118 0.0779379023959155 0.03411548906639
0.214430271498638 0.00670403330021943 0.0753593959561339 0.115061923854488
0.186072785103014 0.122722727333981 0.0233770181835873 0.189189519025953
0.107004412892666 0.28109934007749 -0.125466684366589 0.171941940316079
-0.130460203229573 0.263837129360729 -0.222967551744378 0.0588478252837488
-0.316203236569213 0.0600878548190903 -0.0906660501885518 -0.0612698014385842
-0.362041783828069 -0.128100566544481 0.113912236298923 0.0843190740439676
-0.167777169066 -0.18294506057744 0.325766591417911 0.151374166949711
-0.266863373980206 -0.146580557535051 0.225671131831379 0.29185556628802
-0.269673515369176 0.0721095985282779 0.282150226125932 0.215776859241391
-0.103967389359707 0.263967180432091 0.288212870233686 0.0218661817206034
0.0846511613208516 0.210090835407594 0.193807692419813 -0.0791307781632657
0.162285022166607 0.103625151640216 0.123657088256184 -0.0900341415331351
0.184643378899915 -0.0125908940828715 0.106258508036732 -0.0533016171190207
0.163674127100389 -0.071792263229485 0.117719199457424 -0.0343193280474992
0.166350596205189 -0.0755358116652568 0.145390597291215 0.0155234016617898
0.184870831184617 0.00251276139999021 0.141609089050185 0.107925853755173
0.159931734083068 0.110641520514253 0.0806833182365391 0.200627175435167
0.0709104105675804 0.247911839828888 -0.0860811740506126 0.19555640967445
-0.137646411264034 0.199006413190379 -0.19436204988483 0.0861073188999414
-0.261835945469374 0.00341944973199514 -0.0640736802710057 -0.0456264089434402
-0.246819323124155 -0.141883250064965 0.184359608217271 0.130080787048547
-0.0218503270397977 -0.120282760699797 0.371540921497741 0.233689259147343
-0.11451216267052 -0.126283628480743 0.242696034667158 0.307313453164656
-0.156221820031717 0.00574168933893484 0.246789014048306 0.245327315264548
-0.0762877284749167 0.146110317213579 0.270543044325736 0.0798876347436832
0.0413355437901741 0.124305986475885 0.220002661581438 -0.0261003042963091
0.0923143225120037 0.0644720549509624 0.180196046291156 -0.0691717885379659
0.114590598555482 -0.0059780513935569 0.161805109016841 -0.0598662457760629
0.110899822915777 -0.0482851235762183 0.169541238083038 -0.0480899045421751
0.118450767262534 -0.0514561984456205 0.197677901122171 0.00229819423518772
0.133494954636049 9.14336151947477E-05 0.193044289091795 0.108647930788008
0.116139491480617 0.0898841069087532 0.118062614176012 0.220805191252639
0.0260024194057201 0.187619434452102 -0.0686625769100757 0.221421830081895
-0.130847443385346 0.111587216119416 -0.181050656401195 0.104252326241341
-0.179235167932478 -0.0522468624913261 -0.0512782523627631 -0.0336776699201675
-0.102502308261447 -0.137970398929649 0.218880605998612 0.168019409874977
-0.0321673121907834 0.103883304437403 -0.286480448878365 -0.15401957677055
0.0764626556488132 0.0663815121722878 -0.0165927665874885 0.107068376419848
0.0919901375572936 -0.0440762243279921 0.215494065601361 -0.0772168583927873
-0.000738155599194453 -0.0932019859766162 0.111109153960659 -0.273309813726309
-0.0541689296769085 -0.0389846274202474 -0.13010977875195 -0.295336509000676
-0.0416018553355562 -0.00207382090745888 -0.256714362814795 -0.130764652275089
-0.0437023251317378 0.00845060432621463 -0.245577977187525 0.0114623056305402
-0.0422132537702201 0.011127655230309 -0.20493639349264 0.0645200543925769
-0.0256392100814035 -0.00833106822561885 -0.189385066558193 0.0907959158122616
-0.00678209712355886 -0.0233315636348726 -0.204528633995353 0.0888395766196468
0.00831620495703357 -0.032713767970991 -0.244043687282426 0.0365397671043712
0.0593124105681289 -0.0172739363729764 -0.277678766482857 -0.0893912249472198
0.0474810239059484 0.0609995418571572 -0.24113601032414 -0.222094600771308
-0.0515172596263944 0.107378032176162 -0.186931766251666 -0.297267111456328
-0.109741144758335 0.0677947999337674 -0.339251759317572 -0.24298848589679
-0.171190716067939 0.057198762057291 -0.246678236755861 -0.20277959152236
-0.0553481927191649 0.0953692059678136 -0.0129107121730833 0.097800845846888
0.0320528969544103 0.063434943099431 0.237951561271302 -0.0757430607429682
0.0368359066662548 0.0197867027864137 0.137938777145299 -0.295392406655374
0.0194889874068822 0.014286850876043 -0.118327754274421 -0.320631432034438
0.038804917823055 0.00825060244639627 -0.258618422026309 -0.145340293892959
0.0346896015093553 -0.0190132690289272 -0.244687975961102 0.00356786041550423
0.0270201576527447 -0.0232842438885333 -0.196843858330421 0.0597321905962777
0.0524637082213918 -0.0266029971156644 -0.175070295161223 0.0943029951711158
0.0744330233598708 0.0111446905919966 -0.188604100109972 0.103031872902118
0.0561651513182406 0.0468023342182207 -0.228672901055165 0.0603635057640718
0.0442925696057367 0.100093544482085 -0.275340421305172 -0.0512043494736927
-0.0514369255493145 0.130456252858695 -0.2559438795327 -0.178992752802339
-0.190606128319274 0.0791689639589785 -0.18364626589828 -0.230135937478351
-0.257909773967083 -0.00865432797709601 -0.293001478021517 -0.180883356188924
-0.284925400137128 -0.0163401331155596 -0.159824851967945 -0.212195489834791
-0.204025058759272 0.0891117284514425 0.0169701150020744 0.10670330819559
-0.063739159663949 0.163652738141131 0.274961725400392 -0.0514595774850635
0.0515793743356111 0.154899475335551 0.187130003094795 -0.298252545541033
0.093126116493245 0.0874618400200495 -0.0767243472726445 -0.335193783815226
0.121904810016164 0.0318925129286143 -0.227378075124977 -0.16179103915162
0.115035935395937 -0.0382128740284344 -0.211678748194072 -0.0102469497676872
0.0934648452575956 -0.0552113445705603 -0.161871496663208 0.0472152437991773
0.117252567059483 -0.0509322062357497 -0.131606462495277 0.0909154071767206
0.145551548018284 0.0245018352958927 -0.142046948148727 0.121724555330189
0.11327305267092 0.0975023840335209 -0.186659602554666 0.107548875629138
0.0689663386457813 0.197247128121474 -0.263188781751961 0.015652278311665
-0.101720495420805 0.212470090886104 -0.272851650539418 -0.111449176288411
-0.289110599513614 0.0891183343590235 -0.174488374397017 -0.162598343667721
-0.370065942161407 -0.0543779369280948 -0.208329285183683 -0.10328208286542
-0.350547209693956 -0.0995855368650394 -0.0363027667555533 -0.172567321580676
-0.334531134888542 0.0434085902415827 0.0687484111815668 0.136130332761254
-0.181777312762202 0.226189046918126 0.311241274945731 -0.000349069830291135
0.0308611217882473 0.281487606759939 0.24420396754026 -0.260918189524532
0.146531543877454 0.168515773047332 -0.0075452543238457 -0.317499421022085
0.18901832838618 0.0651592908712324 -0.16073593409619 -0.169845737326872
0.182955167167481 -0.0443559862493248 -0.149833567254423 -0.0274845189122917
0.146421223999106 -0.079471517193075 -0.103392913419159 0.028196473211531
0.161594929652778 -0.075825391650426 -0.0695415387383532 0.0768380331033982
0.195197987227933 0.0187713391794697 -0.073160408657885 0.129290711777838
0.163800058676936 0.117822266233627 -0.120380976755682 0.150280172112232
0.108478732443876 0.257585973277161 -0.225753858039542 0.0883786266874532
-0.112455944372758 0.274676444209037 -0.273059588342734 -0.0358471899105077
-0.335712107268798 0.108859421757154 -0.152992797580507 -0.109934973351033
-0.428596559534253 -0.0759008737478637 -0.0977137496286078 -0.0314170116041277
-0.351153314663818 -0.168271717859619 0.103043678549634 -0.086652245590952
-0.400705698967317 -0.0333887866394675 0.132860994310632 0.183911692467351
-0.279758382261496 0.222820374760559 0.328660728396934 0.0720674543220918
-0.023237075547881 0.35407267064165 0.287481893751572 -0.179318699585204
0.15853257281873 0.231523856910865 0.0744428349369812 -0.257385935565549
0.222255511750226 0.0965487672065405 -0.066387387786463 -0.15812315411056
0.221011977340254 -0.0391467605415806 -0.0660544174770839 -0.0415805303512207
0.178111011329038 -0.0914243480576802 -0.0306631358603612 0.0042211768935061
0.183837972287144 -0.0918861999592281 0.0033513426953745 0.0552020989223369
0.216713765150293 0.0073093438677963 0.0039194659599547 0.12405618876041
0.19046441687275 0.120229915515949 -0.0428240191046712 0.175199905846133
0.12944907660729 0.280610145221728 -0.170563027471028 0.141546085706936
-0.111720752670406 0.292325457294234 -0.250318310242296 0.0262141534661058
-0.337776247661803 0.106778805115344 -0.122910107502434 -0.07800669432948
-0.422123357749821 -0.0940080411173356 0.0162537599269993 0.0271665214120238
-0.285678469074315 -0.196305518998157 0.230380493150686 0.0283528069806958
-0.373738046586244 -0.104241381530302 0.191118682209786 0.239334879916534
-0.312259579308588 0.160625207581174 0.316910211659183 0.148837209929085
-0.0753014894380599 0.34305734474558 0.298137491580654 -0.0772612490406633
0.134131018905262 0.246027597533513 0.144349106864691 -0.169296953536597
0.210960411584957 0.110486700002323 0.0345062946968077 -0.127664264456861
0.220503184915838 -0.0288757367765691 0.0237036433469966 -0.0503451121273237
0.181594684392624 -0.0898674369628634 0.0456338478022541 -0.0187127891462338
0.183464307720651 -0.0931758884139956 0.0768627827366392 0.0309804608715092
0.210996128497647 -0.000892301524513143 0.0791720012827975 0.111231979619201
0.187052157184104 0.114038439524316 0.0281653607691129 0.185438817080846
0.116914853828581 0.273044891061614 -0.117421438069904 0.173865717793887
-0.118989263748053 0.263544211064958 -0.217497702872076 0.0682170678638831
-0.310866713643656 0.0700189545675727 -0.0913171083461504 -0.0583027189474662
-0.356132721081708 -0.114019583687426 0.114891491632408 0.0756503695451499
-0.170107618885164 -0.175914614644906 0.325597477965627 0.141105241436866
-0.267084976235443 -0.13602000352061 0.230250482666777 0.283250219119892
-0.261565890044343 0.0783359014736202 0.2829409729957 0.206135151676823
-0.0912700354062792 0.262135636461201 0.284230052485227 0.014709309115786
0.0913961661941416 0.203397028739776 0.190195400158122 -0.0840391418266306
0.163874744914469 0.0960053187226977 0.120775958068078 -0.0934562929535252
0.181278995803868 -0.0191178035515926 0.104167144020822 -0.056602054429958
0.156117469017428 -0.0764831821856903 0.114169698039345 -0.0392561696102722
0.159666860044911 -0.0806804822350686 0.142277497729259 0.00925045279266984
0.181321910649658 -0.00428364497342097 0.144189279015227 0.101598420228037
0.161578414438586 0.102616347875525 0.0850505980971077 0.195564399514273
0.0797356088032321 0.240422660163057 -0.07832755750899 0.196670548712742
-0.129393903002279 0.198951839375243 -0.189053129471513 0.0930472585958883
-0.25789710050535 0.0116592525060193 -0.065297164894994 -0.0436165727267862
-0.244500509185781 -0.131371345396287 0.186187390478261 0.119024582034301
-0.0248050942401289 -0.117865034261294 0.374104877948571 0.219268464880122
-0.116183928944055 -0.12080124087169 0.248526712245068 0.297114657073747
-0.15260375215473 0.00982523237483534 0.250893656455202 0.23699897221623
-0.0666503309046976 0.145495232393687 0.268620945354499 0.073267141536081
0.0453074017993213 0.121501253480632 0.216667738919431 -0.0314652857240403
0.0929795161620224 0.0609776954058468 0.17625779591322 -0.0757978241340974
0.112424579512188 -0.00983342891905777 0.158546483309323 -0.0654238578357129
0.105432880555439 -0.0522389601019668 0.164367578296962 -0.0542792371384292
0.114079720934001 -0.0554535953379405 0.193415183377102 -0.00497361484545837
0.130095167166189 -0.00418314654977196 0.195157439500409 0.100930734741564
0.118489850520456 0.0836320210841134 0.122566872522067 0.214249121437574
0.0332515357562604 0.183313538281622 -0.0603552917058728 0.221422442340402
-0.126619821742851 0.113969944642836 -0.174501867614077 0.110349253216339
-0.177182933524515 -0.0455730672321916 -0.0520433733470531 -0.0327445057217294
-0.101765144907672 -0.131736983117637 0.220983524421463 0.154549660086943
-0.0306077700924487 0.103350514969056 -0.290710250467891 -0.149264197739866
0.0778523601546424 0.0665853539737988 -0.0139401775985225 0.110834178849934
0.0916629903330877 -0.0451317386056004 0.217906838536454 -0.079221646434698
-0.00165589485791776 -0.0937662276257151 0.112072932433562 -0.275404180357629
-0.0542718429100379 -0.0385358233135887 -0.133337095208204 -0.297276051818539
-0.0414480618063388 -0.00199280584571749 -0.25962726074871 -0.130523379734573
-0.0433456823889768 0.00944062678699112 -0.246177004297317 0.013682202917826
-0.0414560322837779 0.0122051067726392 -0.20655859057209 0.0683368496533471
-0.025276386452836 -0.0088596419553106 -0.190843667782986 0.0951234540868389
-0.00635811921324655 -0.0229045093603934 -0.206828340365806 0.0914693954745864
0.00740463730222505 -0.0325756177641556 -0.246416215657734 0.0385200756280703
0.0587943573664932 -0.0178946212687909 -0.281081251977253 -0.0875217903361706
0.0478742513425237 0.0624745989396464 -0.243099701770228 -0.224370826641698
-0.0506036231109894 0.111039660565432 -0.188725661141008 -0.30254495949402
-0.109336866640137 0.0683378373714579 -0.346034607270044 -0.24364168049969
-0.171209466856849 0.0571318575566157 -0.25165667461754 -0.199084593547413
-0.0550987956718507 0.0971947265157677 -0.0111580110217702 0.102341048655356
0.0328558784498809 0.0635275345094128 0.240978707419305 -0.0771008439044455
0.0388612021073167 0.0188137075978904 0.138619380567548 -0.298287257793284
0.0206368065936577 0.0139234529847908 -0.12143459137696 -0.323484554306449
0.0394053981264148 0.00792943037147697 -0.260523677634774 -0.145007509440282
0.0343038360913067 -0.0205402048893695 -0.244788914717162 0.00691894610028296
0.0272108735511006 -0.0227529542764037 -0.198704223534131 0.064051647574133
0.0526379156409479 -0.0282188815040167 -0.175865132887761 0.0978835657514355
0.0764305461354544 0.0108641264295713 -0.190270318729873 0.106023952251916
0.0561616366145781 0.0470059727308463 -0.231478306959497 0.064111746886515
0.0459067813942812 0.100065920177722 -0.277832140593889 -0.0498872576002203
-0.0506988867544019 0.132748361631462 -0.257858364116223 -0.178276638171393
-0.192418431542201 0.0833862712358676 -0.185745791219548 -0.233457448398533
-0.25860384716355 -0.0079652045672638 -0.298626884367339 -0.181327108950686
-0.286757635543996 -0.0146631079014749 -0.163584002962643 -0.208672444995121
-0.204713598880975 0.0928164158380966 0.0169920642324002 0.11121051352926
-0.0617344981966971 0.165114730980806 0.278501454447565 -0.0517204872787798
0.0557159543057765 0.154284970968206 0.18643321957996 -0.300865616691768
0.0965604265373879 0.0864033729241998 -0.0802513235589777 -0.339009330703023
0.123462303050234 0.0299363559751697 -0.230493760188906 -0.161520629109247
0.115364309911108 -0.0410390311555749 -0.213113632261297 -0.00791530829386864
0.0925749103940736 -0.0563089057680168 -0.162391321152603 0.0500292301044002
0.117446553006996 -0.053123210583583 -0.132949197472379 0.0943108371683227
0.147802497157208 0.0231095350600608 -0.141485395566885 0.123796498025081
0.115381509246424 0.097369012450163 -0.189572109007814 0.109939930337258
0.0724381769694322 0.196526928397122 -0.265412240119862 0.0192151189071185
-0.100152142860077 0.214589948040036 -0.275558893364575 -0.109520403719136
-0.291850264292825 0.0937446939971176 -0.176205189954762 -0.165840493477304
-0.372274479644252 -0.053142351571365 -0.211656097364959 -0.104334682005075
-0.354113162157359 -0.097835707750922 -0.0391726362753171 -0.170069104036557
-0.336863203905757 0.0476450029080547 0.0697889593116384 0.140960638746433
-0.179131775731899 0.2285450206658 0.314602078723389 -0.00147129027951456
0.0367754495356148 0.281751282630859 0.245142098155155 -0.262979148496225
0.151090444141448 0.168028102921369 -0.00921836306142656 -0.321026126796906
0.190908246396717 0.0628360923344252 -0.162178625322965 -0.170240643154461
0.18341232611065 -0.0480934263528564 -0.150749180636114 -0.025873814144491
0.145017296691821 -0.0815899070317974 -0.104295832694114 0.0300089485906917
0.161166210735327 -0.0785032971530566 -0.0707876946719829 0.0794723396253016
0.197364273057652 0.017013370552981 -0.0726499145303855 0.131738876092782
0.167542065926671 0.117470338975082 -0.121376585036476 0.152861037564797
0.114111993465986 0.257807026749582 -0.226705212005588 0.0908936640209854
-0.1108203051972 0.276769370010431 -0.275193936917798 -0.0317532890692138
-0.338617684705953 0.11345320039553 -0.15521546169501 -0.113341288574273
-0.429279031723162 -0.0737935587363478 -0.0994248751253852 -0.0335377061785403
-0.355221507351233 -0.166921950526483 0.102610999768281 -0.0857338479722206
-0.404859546765268 -0.0290745905247763 0.1343594593101 0.188169919082961
-0.278264695894954 0.2262529939451 0.332319066728437 0.0723912718763623
-0.0157410308450933 0.355574670617515 0.288836496028042 -0.181435075248814
0.165182374109591 0.230512906658217 0.0741079066265452 -0.262263296058778
0.224759087403468 0.0949758333380763 -0.0672372492755059 -0.160215637825424
0.222503316352489 -0.0427019332133801 -0.0668209779429833 -0.0421937283918617
0.176233984459013 -0.0946595963350127 -0.0312784865063378 0.00516318325256143
0.183087821222568 -0.0952102621071928 0.00237320828244055 0.0565803256142494
0.218560954227962 0.0045992685883171 0.0056525958312084 0.125174291984578
0.193774820401794 0.118366639222457 -0.0431407889376159 0.177129533877987
0.135853162819697 0.27960687695413 -0.170690679897464 0.144755031256517
-0.110346543886462 0.294195448703077 -0.251824535460403 0.0310509731885312
-0.341497199952028 0.111156797849685 -0.124144575907499 -0.0793502290088866
-0.422594480784963 -0.0905167055756755 0.0157435235537375 0.0238700514172601
-0.289245666828785 -0.195946528517629 0.233508398607022 0.0279598684993037
-0.378584915665671 -0.101914185273778 0.193808520327512 0.242249262494747
-0.311192783608474 0.162688716429273 0.320082804630705 0.148887445652966
-0.0693046265758168 0.344574079719976 0.30099120933198 -0.0782711238147881
0.139081688513033 0.245477490967976 0.145262691482234 -0.173581588361967
0.214235296907713 0.10890192513733 0.0347444803420852 -0.130941487531501
0.22167914450858 -0.0331773855039727 0.0243117172659011 -0.0515530674479619
0.179340167605021 -0.0932311934613782 0.0451382690801566 -0.0193412329416691
0.1823757638967 -0.0975575506218629 0.0769383501178415 0.0313001513575227
0.213021546584246 -0.00450293807962821 0.0808719484524122 0.111484814270904
0.19079645917482 0.112374592962211 0.028962776938345 0.187901329949781
0.122564198700398 0.272470282564764 -0.115789395864664 0.177398912384413
-0.117464588640054 0.265226262750661 -0.218499927781531 0.0732213002242274
-0.313338263471938 0.0733499232374194 -0.0923777755667458 -0.0599497284316906
-0.357101211080762 -0.110772968101346 0.116511854663984 0.0721399722299741
-0.172701218373392 -0.175841466470647 0.3287513518602 0.139356939731029
-0.269836622491876 -0.134284634686259 0.233743998835855 0.285125735386093
-0.261714862513571 0.080667723568849 0.287200999068784 0.207938403156909
-0.0858377243714755 0.262994435565041 0.287103087126196 0.0144841540010214
0.0949917598934839 0.203476383075113 0.19304380591973 -0.0866806128207391
0.16722179164386 0.095191863883856 0.121596374779608 -0.0976314711636302
0.181416547978294 -0.0221988812200354 0.104762785854658 -0.0603396063431262
0.154202701688221 -0.0793339364153961 0.114415344382339 -0.0416359209013759
0.158250717298827 -0.0848772770807875 0.142904333126783 0.00837039513754632
0.182402903712697 -0.0060580648257165 0.146659752338357 0.100844125869611
0.164169735533961 0.101497765127112 0.0863415537419742 0.196796466823806
0.0853389718261342 0.240478369431688 -0.0764101313358556 0.199357250621302
-0.129214343339977 0.200766856962031 -0.189886070234175 0.0987160049928825
-0.259775809568145 0.0139295124858295 -0.0661318318046262 -0.0447143343955044
-0.24392534667339 -0.129702469485142 0.189178493131635 0.114687049163617
-0.0257010586845624 -0.118954464855837 0.37933380501702 0.21854439783331
-0.117931369444044 -0.121250615088167 0.251678241464655 0.298592944448501
-0.152745996254007 0.0102461039351941 0.255219341144113 0.238469864805807
-0.0638891812032903 0.145985589171588 0.270689238062912 0.0728304150590882
0.0474226443406716 0.121781316254605 0.2202238373658 -0.0345481322998007
0.0948964965015635 0.059949751717605 0.17816991192212 -0.0788707771318634
0.112453809409599 -0.0119364512554854 0.160429245317904 -0.0701517357496389
0.103386022675424 -0.0543048814448786 0.164818854072647 -0.057972564880535
0.112710363620444 -0.0587179443068213 0.194596111075838 -0.00685593662119354
0.130727476752619 -0.00556130471594343 0.199039649969024 0.0994778385513638
0.119850071032793 0.0818263647927844 0.124846298246495 0.214994711883762
0.035968658406837 0.183548733521916 -0.0586342838069789 0.223768186931068
-0.128121365973085 0.115441062851486 -0.174410745627796 0.114019210390084
-0.178185255979594 -0.0442069036641446 -0.0531387803349322 -0.0336035126429491
-0.100662921340461 -0.131714329984084 0.223820798821649 0.149522609180016
0.0156573691377325 0.113460833190679 -0.33483964536581 -0.00691762530468189
0.101675330661588 0.0277833365346601 0.0414535468636507 0.109420222737174
0.0622533665179027 -0.0816092683007723 0.167726535956954 -0.177564182098581
-0.0464798207504541 -0.0838866253744987 -0.0224951562937839 -0.313652120469624
-0.0684763134874046 -0.00778581106030613 -0.263095824146983 -0.216218795292081
-0.0392611697974422 0.0184945421666449 -0.302945201128719 -0.00344181607708534
-0.0370230667486865 0.0269333208875525 -0.224519565572883 0.125613926418948
-0.0318897583554273 0.0298787280690772 -0.161093629017049 0.160739812549831
-0.028297487457748 0.00240384167193213 -0.133911459818479 0.178400558768881
-0.0159685194086087 -0.0187403318175078 -0.150944477786218 0.181285344900963
-0.00818913870773337 -0.0329089531955642 -0.210328099742349 0.148101175160524
0.0417160778692224 -0.043373128370282 -0.298736673379031 0.0468429209738763
0.0720258477887313 0.0350938491174313 -0.326903454936158 -0.0986796799842957
0.00215926336181933 0.124267833126214 -0.317482692763132 -0.20381918949862
-0.0760621985954932 0.114498595539632 -0.437072169432767 -0.0838075180754008
-0.136308229970351 0.129300248895265 -0.32376069473642 -0.0652990126812477
-0.00894701423194607 0.1123844663494 0.0401446655676932 0.104891172448048
0.0535480297669531 0.043931380225211 0.195082102392389 -0.179062256380182
0.0387993338220052 0.00109892237171139 -0.00170183338378072 -0.343360846788296
0.0238881879767022 0.00876948586442783 -0.262025301311329 -0.247923686237578
0.0402937017044968 -0.00776092928042377 -0.308279408170337 -0.0180232161343536
0.0223484947024627 -0.0343941122726716 -0.224258213765361 0.116687828967624
0.0182618571154583 -0.0337806939775736 -0.155460736123551 0.152809430002523
0.0371334396249909 -0.0503881342599579 -0.117511044897906 0.175462717359214
0.0781795898243111 -0.022845116211125 -0.127608099646301 0.189276781342534
0.0748765082599011 0.0218968712483278 -0.187849404259192 0.167724185072024
0.0832666137274227 0.0725930365638051 -0.286448588222049 0.0851860177931706
0.0086918104417528 0.146101174150552 -0.323745286977622 -0.0526208608105318
-0.145196388168227 0.163157105609114 -0.283267054270559 -0.150018456610381
-0.253844794312945 0.113749879140861 -0.359718744000884 -0.0556051644312184
-0.276408206770668 0.109237705603939 -0.251865969019311 -0.111107009466215
-0.149650694314986 0.170966688204913 0.0701186395241194 0.105791066490084
0.00830450387268994 0.177208085749256 0.244772131159637 -0.166989575799352
0.113099230995565 0.115809687213969 0.0476737096368018 -0.363813488028852
0.124482121805534 0.0428577257655727 -0.225865805457881 -0.28288056099402
0.128563773554212 -0.0236106188617687 -0.285221234504304 -0.048819918954317
0.0887260501736184 -0.0888873834959089 -0.199303997661217 0.0864598123319079
0.0649365743209806 -0.0933106892435364 -0.127461335901383 0.123077918747394
0.0864230444284265 -0.102419346169223 -0.079095066242697 0.152447010146309
0.151285765276483 -0.043735203716703 -0.0734198145141458 0.185336919849351
0.154690750438951 0.0430361962878937 -0.130039596997364 0.195294799811885
0.152652304681796 0.151476320828935 -0.248923017229173 0.148277385987457
-0.00349428052427775 0.247445330415568 -0.313239859346044 0.0202288746391852
-0.236229769738754 0.218727831363371 -0.244745995716082 -0.0949730335548002
-0.382672234560613 0.125206171563748 -0.24013041030464 -0.0270291925277152
-0.374866293616007 0.0570915292802478 -0.121837509724355 -0.129759086161808
-0.29232195193975 0.184262293613118 0.12949103743512 0.11302978394054
-0.0734700553481817 0.284076991256512 0.303035700808871 -0.127936029362271
0.150485548268992 0.239360721454352 0.123002461923397 -0.34961554128697
0.209677363231598 0.0931450533518018 -0.148091377332153 -0.300852695275703
0.20674869627684 -0.0241097406521434 -0.224606781958852 -0.0885887444808041
0.149111295652546 -0.125317845777363 -0.147429495889416 0.0390403420468544
0.103234198011385 -0.140018221113962 -0.0816462945048588 0.076549491960951
0.117108317612811 -0.145580912032664 -0.027266447595355 0.110153082676849
0.195635040785241 -0.0717415013290503 -0.00389708118626814 0.161509640702964
0.212738454911099 0.0385393112387777 -0.047559184784349 0.206998071746642
0.219587800880095 0.18886576410844 -0.183146104289701 0.203355835155392
0.0146011621076962 0.31169913507581 -0.280653440030031 0.0924171553762734
-0.271092396042908 0.25965302965692 -0.202770650704973 -0.0576740272945272
-0.446801220596341 0.133602598446185 -0.101698182997986 -0.0136522662431332
-0.405623858758619 -0.0108205515881672 0.0464637793288261 -0.113988532966709
-0.388203537212691 0.140157082913408 0.208584251670553 0.129310705266099
-0.16680012278292 0.321950292980197 0.349449409858448 -0.0622661222223601
0.133796949786088 0.327040330019551 0.203298290948474 -0.288412790063082
0.249316955881496 0.143771374005638 -0.0396362622023872 -0.282792684237638
0.251684732084909 -0.00964021428815106 -0.129723671335259 -0.122773443282405
0.187436488622828 -0.138319917117124 -0.0749397882293529 -0.0147665829858536
0.125864261300794 -0.165914207433301 -0.0250669838078379 0.019758656945914
0.129810275494258 -0.171280762500097 0.0307130398814812 0.0548679125710176
0.210896851628245 -0.0929296661690574 0.0664702909643799 0.118898702946854
0.239473750658389 0.0272268514053596 0.0357759794763948 0.195204591875273
0.252071554458779 0.19905647476612 -0.107478186872896 0.231346383021389
0.0219816520894491 0.3294780476127 -0.230387488334495 0.142450985079951
-0.274593918882957 0.258787157323842 -0.159144571449091 -0.0390792725954688
-0.446734287798031 0.114230825902456 0.0344790429856627 -0.0107227068818369
-0.356650328041467 -0.0677504174255642 0.218190290041389 -0.0675178280250475
-0.395117549617271 0.0598533238583415 0.286772778327415 0.151438572905632
-0.223162658666332 0.276405646321521 0.368221408138736 0.0146743889698871
0.0808623385960224 0.339049398112218 0.258783414593879 -0.194837103104543
0.232288103315407 0.166763255273803 0.0679761970388001 -0.231324956953675
0.247767758744791 0.00635721507766582 -0.0210172809822285 -0.142087340229499
0.191406139226862 -0.127707992942333 0.00628571140297792 -0.0668132826277616
0.128467630626016 -0.16602032741849 0.0352430078662659 -0.0392869281488655
0.127989429870926 -0.172987904856282 0.0881715608547818 -0.00310330166837266
0.200462410660825 -0.0983442032155531 0.131460582716873 0.0711768309594853
0.233606413420676 0.0227242484209718 0.108399201336709 0.172418620253329
0.238259678355564 0.199294415381976 -0.0415734711090846 0.235794206499791
0.00198018858787218 0.305787140527007 -0.179697925476966 0.16563805119322
-0.263814431325989 0.210881385734727 -0.118809246839785 -0.0326017505488391
-0.391701421389044 0.0634818681284594 0.150526042068409 -0.00690697220475887
-0.23777338286357 -0.100226804355636 0.361722064234506 -0.00943804826409132
-0.307716489290663 -0.0175755603370089 0.341793662249897 0.169521826942457
-0.21064284772744 0.177761145227813 0.359370821667581 0.0797952551820189
0.0323006121544214 0.270999505087125 0.283581375196462 -0.103874068868424
0.173415837002827 0.145446163903796 0.150478904331138 -0.171314310064028
0.197509553756325 0.0143758657457789 0.0736257643925181 -0.150601127495307
0.159532418608209 -0.100468325377845 0.0769350321897975 -0.111069143495232
0.110003620879893 -0.141623834850358 0.0885151625204625 -0.0925453909069085
0.111018122082923 -0.149675711637591 0.139595527894797 -0.0566149853167331
0.170271450923357 -0.0872492510025636 0.18670554854153 0.0292831304072477
0.203476953222492 0.0231232043258418 0.165574200506813 0.152997250211955
0.188866388715224 0.186940031252557 0.0064739166676458 0.234863757657186
-0.0382676870781807 0.250244869642203 -0.138972853397184 0.174079212730985
-0.239539063818001 0.130738511595443 -0.0850654308389499 -0.0274199012887143
-0.291998793742625 -0.00840694956046919 0.237060902613578 0.00841704606862587
-0.0748462650643339 -0.10904876108638 0.447807159702853 0.0379693181634474
-0.160144538973117 -0.0693332810086152 0.365837305794505 0.16841499315978
-0.138226545859314 0.0671421182296708 0.341195904370542 0.115692873494723
0.00171442455828256 0.154028575797411 0.291905366779173 -0.046764870938807
0.0939149679292344 0.0893967956828752 0.196010755153265 -0.133048812372765
0.114489941184932 0.0134245817048476 0.133224612000948 -0.158229794210946
0.0992369904039704 -0.060055684234861 0.121888316868261 -0.144337606695065
0.0723614748907333 -0.0956536659126652 0.127437691150121 -0.132003462703255
0.0796347134582279 -0.104668591870425 0.180576319552985 -0.0957242567142185
0.121266557116735 -0.0633424242860334 0.233275708764013 0.00384205835693669
0.152655709365298 0.0244446945136239 0.210852972103394 0.15018232065971
0.117720969443493 0.156127792623586 0.0350587343194722 0.246030767715012
-0.0743805091262671 0.168298430531129 -0.114986905121039 0.181035917367487
-0.188056187167467 0.0378020972515654 -0.0641458429410512 -0.0178052881026069
-0.155620157888171 -0.0792556314947415 0.284700848886824 0.0351738705009276
0.02083521138246 0.117198009622037 -0.350864906034697 0.00928497734942079
0.108156659222522 0.0256934325034843 0.0510722419489647 0.114626629197214
0.0622093651786816 -0.0873218565239148 0.171702626386388 -0.194184237402708
-0.0529713930942835 -0.0871344792221078 -0.0338699087426923 -0.331065709112682
-0.0720816403118185 -0.00570413984880907 -0.288033217220049 -0.219468858715801
-0.0404874589696205 0.0203614421241177 -0.319916543917137 0.00699564420041675
-0.0378102608153988 0.0298669807687776 -0.229017725324223 0.140367504527215
-0.0308384372679548 0.0323713089974621 -0.162441762071592 0.177006082847862
-0.0294977541284558 0.00355099302731155 -0.133451328931097 0.194583079815054
-0.0165211432356284 -0.0198000428524794 -0.152682109826627 0.199142326105221
-0.00997227229937362 -0.0330502658513457 -0.216031242804538 0.1642518191407
0.0413632787093095 -0.0467647266561544 -0.313271104411183 0.0607921027867482
0.0773182808252674 0.0345816740652208 -0.347417977419457 -0.094157585276123
0.00852697717388055 0.131715104875376 -0.34368444546675 -0.207488941139628
-0.0752719957597206 0.122082108836579 -0.466314579245527 -0.0718272765522732
-0.137812276748623 0.140760627453698 -0.342031821357193 -0.0533684003850936
-0.00476601594058414 0.119750761738415 0.0494729084032409 0.110751089369395
0.0585612615044912 0.0444854608596384 0.200257198879661 -0.19762518740523
0.0407231635840615 -0.00211403801438219 -0.013521141807634 -0.363112428497419
0.0262633454178826 0.00722930766432109 -0.287066378284706 -0.253201774595033
0.0426954223540415 -0.0104126928810429 -0.326306053821622 -0.00709410615003065
0.0220448986285673 -0.0377815262848911 -0.229976347219335 0.131597012908548
0.0175896042716599 -0.0359380347118119 -0.156738690487493 0.168736403461172
0.0372507650620284 -0.0552162390886514 -0.11659830163783 0.191604270576379
0.082664482545835 -0.0290482730630625 -0.127561921797633 0.205807583993073
0.0799822111579676 0.0204664342090096 -0.192907045986462 0.184920503207317
0.0900484455834016 0.0728524714350043 -0.298707371103811 0.100752493867136
0.014760413528269 0.153641525091947 -0.342452737592236 -0.0441491017747146
-0.14626535767719 0.178352917374607 -0.306189201164933 -0.150257745826166
-0.261757204576294 0.127105839177743 -0.383509135630001 -0.044216282353034
-0.286332470882015 0.125904173534731 -0.268827753786372 -0.103968679815136
-0.150733768010386 0.187139809168383 0.0799803086521906 0.111628959843341
0.0162444327621224 0.186148051730506 0.253535547062727 -0.184636348413362
0.124446952795723 0.114797574608619 0.0384668032253042 -0.38631930926203
0.134050959552392 0.0382776236139897 -0.251285496148096 -0.29138658633866
0.134915286688585 -0.0309494176855741 -0.302659694921342 -0.0411787491681871
0.0892984171331628 -0.0977151764429346 -0.205431558216019 0.0990031919820748
0.064006886041026 -0.100269877947694 -0.129108072074997 0.136209436646956
0.0867096965205013 -0.112400801618504 -0.076399564718575 0.165597745962361
0.159391394398341 -0.0536490245145867 -0.0700658527744343 0.199343677432957
0.164491273721431 0.0393909942720179 -0.130122516556169 0.212910719803744
0.167175072873598 0.152016182873534 -0.256107906500228 0.166758629505991
0.00600396822009912 0.260402050755739 -0.327874256799318 0.0332454095119854
-0.239885683104067 0.241263910435946 -0.263739733110733 -0.0942369198320179
-0.396593195581494 0.145002478105812 -0.256039318112492 -0.0210048231140663
-0.392588290926243 0.0741227645723758 -0.132590924244535 -0.129736641347719
-0.300375837910416 0.206415136206239 0.142382469787355 0.117291593117765
-0.0658778592020536 0.301459914215445 0.315782317229478 -0.1458879714428
0.169396037751502 0.242242394421188 0.117977363435398 -0.373854684710216
0.225874894894203 0.0879369525790081 -0.169926234348901 -0.313472024786176
0.217236725014124 -0.0341662284572625 -0.240077779476436 -0.0856114124568385
0.150333526286846 -0.139371007281742 -0.153045774110747 0.0474572256250469
0.101881365977175 -0.151026363694787 -0.0822068035067086 0.0844379946174067
0.116057221533339 -0.157987908519695 -0.0232264408325458 0.118700452079369
0.204036282067771 -0.085003258387809 0.00296317393013075 0.170824957589048
0.226050831235999 0.032350978939405 -0.0426646250091214 0.222342906653224
0.240513677477607 0.188040010423591 -0.183912227881019 0.221797969641689
0.0266931211718746 0.328138932539269 -0.290258377605221 0.109672372115822
-0.276042716971478 0.285288796875465 -0.218073443654094 -0.0552234066212212
-0.462630450557042 0.156138110974071 -0.110266069661093 -0.0128339158903296
-0.428065733680052 0.00571470073751732 0.0444798659746693 -0.120182086005954
-0.403425609626412 0.163043786996751 0.224749567972839 0.129988192927582
-0.162655574398993 0.344334092501272 0.367469115102413 -0.078217721833503
0.155722669389363 0.335110993618888 0.203756320255837 -0.311906224444852
0.269834080887201 0.139425592661957 -0.0551490290484017 -0.299089326868115
0.265593636534777 -0.0215275974200463 -0.141498683077022 -0.125393421980854
0.190766575521413 -0.154591610917816 -0.07935416049341 -0.0138348986193886
0.123913768173015 -0.178576632671075 -0.0249037988015638 0.0214568619937062
0.128428131582748 -0.185761730696584 0.0348999394498904 0.0577355684957051
0.218322756060036 -0.107469592527339 0.0755241313496007 0.122807683700217
0.25367233784854 0.0186389958893304 0.0450038523442859 0.206457723083627
0.275428897361665 0.19754432710697 -0.10391848581691 0.247883258928921
0.0356522873425232 0.345756667242917 -0.234680477956635 0.160801872469812
-0.279208188853218 0.284797990616177 -0.17076236752126 -0.0372738678175613
-0.465023308046795 0.136688009988894 0.0339320911671815 -0.0154367994944979
-0.377309104659167 -0.0571004441245813 0.227950776629488 -0.0783895564582107
-0.41394271491061 0.0784537097627087 0.307322411390338 0.149908386485732
-0.223779827767255 0.298625173963071 0.38957798838778 0.00269357036484577
0.101129055411066 0.34992882528127 0.266266520432555 -0.214402616863633
0.252199540930211 0.164360387661449 0.0620385911839015 -0.249434541235183
0.262743129340489 -0.00448496971062706 -0.0281135052526118 -0.150227610264259
0.195845907686911 -0.143588902405079 0.00421088680758777 -0.0721847773575521
0.12649128244628 -0.178511572149367 0.0351287944597245 -0.0437407031968966
0.125613979245301 -0.187676700851558 0.0926251948107744 -0.00659569062658064
0.207425783057852 -0.113015980241291 0.14082873745267 0.0692799866224165
0.248096784457156 0.0133979294862732 0.120255833397158 0.178536018459409
0.260758183079089 0.195924872262692 -0.0351804279228574 0.250161004354259
0.0140155828943812 0.322130272900896 -0.181142488108454 0.183124984756229
-0.270040458432585 0.232988298402579 -0.128171167609473 -0.0307204689462027
-0.408292790770389 0.0802887483062927 0.157182255539488 -0.0162704561697143
-0.253705105658611 -0.0959864040315365 0.381065812627674 -0.0230061682740023
-0.325358258938581 -0.00618420718095811 0.365920281285972 0.166510173078731
-0.214550774691725 0.194573063756899 0.382854588504781 0.0711034072062495
0.0458843151679875 0.281010787688134 0.295482309053409 -0.119764471629632
0.189088296148915 0.144893354160366 0.151959071584563 -0.188379560832462
0.209534556677434 0.00565202672480655 0.0721059291716238 -0.163104013442405
0.163554190416042 -0.113168975911644 0.07641264876588 -0.123349222193678
0.107535154191964 -0.152701051321096 0.0885468723449575 -0.101847179254604
0.108210119662749 -0.162511645283234 0.144856503801994 -0.0658010174153614
0.175339552294928 -0.0998062742585851 0.198707093575229 0.0233026636063298
0.215029114075561 0.0154422841780707 0.180892542897714 0.156741458468531
0.207868619925783 0.186347236281868 0.0155389751924576 0.248443967724098
-0.0304003854358476 0.265844479352518 -0.138462282129218 0.189802732912651
-0.246934820102724 0.146804056658841 -0.0919967351235194 -0.025912323305756
-0.306508489695625 0.000606135593072279 0.248565234288949 -0.00442119037664688
-0.0827136593084561 -0.111439818904828 0.473184633849874 0.0228178753305826
-0.171622412157178 -0.0676764217642326 0.391023169497774 0.163181238292016
-0.142120131931776 0.0750929051535815 0.363683205546294 0.110576968655043
0.00929866046485222 0.159580482836538 0.306321094249612 -0.0600605936387717
0.10364810956028 0.0901890460050429 0.20301040346004 -0.149715426192952
0.121796813384969 0.00938783062526023 0.13386103580929 -0.173900950238258
0.102168519810266 -0.06748515762382 0.122945843045875 -0.160648656206621
0.0701654960107215 -0.102707348892907 0.127692132898397 -0.145496491830043
0.0769475398857754 -0.113137304859396 0.185686190021766 -0.108690677546087
0.124574149586039 -0.0713551185882753 0.245771416347405 -0.00629627120104333
0.161015410494774 0.0184273220168931 0.228183306967578 0.151824971647762
0.131143221516535 0.158122187251805 0.0467863157619785 0.257657251893244
-0.0716665435852907 0.181267655093846 -0.114160128373763 0.195793512023498
-0.196312550940713 0.0465538008266439 -0.0708840717999536 -0.0166754457048267
-0.165873136264354 -0.0790366091073225 0.298689928330102 0.02171613704092
0.030547397038023 0.117722124163622 -0.361215646280473 0.0366767519331531
0.114917195508708 0.0195357154615672 0.0636772446598402 0.116852445023951
0.0580379532648585 -0.0945718850533159 0.167369004221947 -0.214410560618367
-0.0625195539979411 -0.0869684674551224 -0.0569404006385286 -0.344411324042939
-0.0752566994065954 -0.00161817521408887 -0.316570750601964 -0.210152408499758
-0.0403601005675669 0.0231208338554899 -0.334221739686635 0.0288458208960511
-0.0370062901678808 0.0339279601761703 -0.228061063551686 0.161084060675666
-0.0288694508554699 0.0354781175153621 -0.154993493534416 0.197044128951955
-0.0305858573355729 0.00575034051589308 -0.123850878479338 0.214808567504093
-0.0182451484664339 -0.0199526784112267 -0.145100847890022 0.219928635750022
-0.0128598890723385 -0.032946872398089 -0.213251764723601 0.185733151898369
0.0393545516355027 -0.0504543557236855 -0.321512075806212 0.0840263496611969
0.0832386361871365 0.0306751288089067 -0.367401215533378 -0.0764820349958667
0.0185781991591135 0.136944822394049 -0.372584809241042 -0.195287965474086
-0.06997490618431 0.130944191186441 -0.491700242459372 -0.04151431249629
-0.133193897958308 0.154376480653347 -0.357402719404218 -0.0283819407959519
0.00397798975186463 0.125352711876191 0.0608798852004135 0.113925882323181
0.0642564092792574 0.042052241594617 0.196584372875182 -0.219344238240116
0.0415346833773329 -0.00650748583017409 -0.0384103366275199 -0.378516021726414
0.0280995794770587 0.00448014901308158 -0.318324326300561 -0.24462259210081
0.0443756539791198 -0.0146914401011211 -0.341107348087925 0.0138688571807011
0.0199361937934215 -0.0403974386189648 -0.229367536539055 0.151786467034917
0.0169638621846109 -0.038229055154307 -0.149959569418924 0.187003508641765
0.0341429281333483 -0.0607855204564388 -0.106769878488838 0.209382401816369
0.0853214213106296 -0.0374721424275553 -0.118417191170607 0.22480267155242
0.0849971986943396 0.0166673964126745 -0.188006070550419 0.206623249270549
0.0986834554948921 0.0696687494490848 -0.303478835475451 0.125392694268599
0.0256829888146377 0.158421871983494 -0.357263427891076 -0.0233326267998954
-0.139895510536244 0.196253678508382 -0.330117359481947 -0.138314378854411
-0.263403330429611 0.149435051325559 -0.404300252221905 -0.0199062044417255
-0.287882143371201 0.14953976594938 -0.285371213765584 -0.0871538390532122
-0.143047453909234 0.205814815544014 0.0930405697703118 0.11331028918355
0.0308190116982021 0.191295752380148 0.252920962901326 -0.209242296812974
0.136754984845085 0.107335958871764 0.0137862852767854 -0.405044185243147
0.143209121627394 0.0283578694460648 -0.28496400178967 -0.287272959746187
0.139362047411579 -0.042790734257873 -0.318177482626992 -0.0227043143331527
0.0845816547036632 -0.108432432308906 -0.20567909534726 0.116126716883301
0.0594344858794645 -0.107601701487079 -0.12381521371143 0.150409889086162
0.0812773119317968 -0.123612431131796 -0.0670331851614393 0.1792983903563
0.163722950221477 -0.06900065057251 -0.0588673996943189 0.213469731913666
0.174481177447105 0.0301895558060474 -0.120709023290763 0.232374852192956
0.184847636115666 0.14528252357811 -0.255363463917241 0.190831786987957
0.0242243029609581 0.269955247222906 -0.336947034003138 0.0572881671659159
-0.232966881963632 0.268554359859784 -0.282471352341413 -0.0828172241186677
-0.401218165095403 0.177418417423604 -0.270024801735483 -0.00547769343031863
-0.402245671930159 0.104764390131209 -0.1464818330941 -0.123446628822844
-0.297793104648146 0.235693552840857 0.156558373551025 0.114987722345241
-0.0459133831913208 0.316727955013098 0.320384985238772 -0.171655085745042
0.193722840572509 0.236499135807339 0.0982110088488554 -0.397004231200485
0.241949717787232 0.0726789917466631 -0.202039725743836 -0.316735183915534
0.224261183969582 -0.0527642089005601 -0.256526897153392 -0.0736637150752426
0.145370329030876 -0.156343068138999 -0.154789132274476 0.0588457019742475
0.0935977902366191 -0.162507280209645 -0.0797645401530794 0.0937729718330072
0.107825661449209 -0.173219053789907 -0.0149370221585862 0.126864403891269
0.207523533237073 -0.10469939495405 0.0144791833811902 0.177842105406515
0.237682840575872 0.0172270326940474 -0.0288915312563301 0.237629255996425
0.264520118789302 0.176742275074305 -0.177226132473039 0.243193178928243
0.0506153800056147 0.338979021455358 -0.291138843526911 0.134933541579327
-0.26635765826468 0.316486228748552 -0.233117710879857 -0.0450460070459438
-0.468824074250649 0.192670749524359 -0.117801893831795 -0.00832876580878182
-0.443246295469005 0.0357232329628866 0.0375812183365666 -0.126424511433524
-0.408549823432453 0.197642358915118 0.243229500336447 0.122247293694603
-0.143614855652882 0.368037107446952 0.37743702674161 -0.105453188133863
0.185482615818902 0.333595772942618 0.191484124205266 -0.338169570409657
0.291225251522562 0.123987293499677 -0.081428681406953 -0.310207910554773
0.275959989000392 -0.0428700073771182 -0.156622328108159 -0.121674544414714
0.186305741344225 -0.17526385940365 -0.083002034581257 -0.009893092018995
0.114191450826738 -0.193461257219668 -0.025527860810482 0.0235459617769963
0.118023696679021 -0.201897255373573 0.0413447888481059 0.0584044800551394
0.220790193382185 -0.129026367646456 0.0867203116960328 0.12315301576062
0.26556806978021 0.000769640427477482 0.061658211423098 0.214412788366797
0.302055231607293 0.182303640014408 -0.0913733374247765 0.264879685503196
0.0616247583232298 0.357679293323101 -0.230977663567676 0.184230039469583
-0.270303851663433 0.316040979161077 -0.183496499744729 -0.0279981705235001
-0.470951759599387 0.17184076004955 0.031496106402932 -0.0213760525008358
-0.395522604065595 -0.0327108579936272 0.231772484288075 -0.096283059959431
-0.425597913011232 0.110612402241559 0.328750928415412 0.136520029348761
-0.211602405922846 0.324284061298146 0.404846722899168 -0.0224100462325538
0.129952484698582 0.353787885756041 0.263081418690541 -0.24137945675126
0.275197132251626 0.151775875515806 0.0445616569843725 -0.265566049265097
0.274779314335751 -0.0242477959953651 -0.0401236517724188 -0.155914507160527
0.192652448113293 -0.16396332326732 -0.00135862125542059 -0.078036772973837
0.116698878290778 -0.193635099993048 0.0324180205710809 -0.0486043415768036
0.114414930822194 -0.203365046937979 0.0957092033923538 -0.01342965320594
0.208676752297147 -0.133245030738123 0.150967308898075 0.0619733645553146
0.258063556310341 -0.00408504728994657 0.137861358170191 0.180113884800591
0.286480653484705 0.183228656073677 -0.0197117560599949 0.262931284027099
0.0368507530170259 0.333673947845262 -0.173567439111899 0.204082751600185
-0.264112940225022 0.261138689593824 -0.137307918079711 -0.0244010154513497
-0.417218858005709 0.109589443109706 0.159538123559911 -0.0307527025761295
-0.269476941439602 -0.0817980335779055 0.394174223934891 -0.0500652796156083
-0.338849279700166 0.0155529257971813 0.390539791259824 0.148555065546278
-0.209188833765887 0.216018259880035 0.401801508515883 0.0504173221970288
0.0678103932411218 0.285926681182767 0.300292199959803 -0.143900384378241
0.208316229381313 0.136473893633057 0.14445216968402 -0.208290122940795
0.21957386992301 -0.00999070115246281 0.0636557129054427 -0.176721807277861
0.161549923491087 -0.130519177702935 0.0706929965256955 -0.137106463789954
0.0988989914376029 -0.164587946091767 0.0837759169966488 -0.114619710977626
0.0983391574007775 -0.175680821719333 0.14555374133911 -0.0789162608840908
0.175468862910114 -0.116335929266292 0.207296798947488 0.00939983342784604
0.22415960154768 8.5353760089028E-05 0.199612035455556 0.152851513937962
0.230279114959418 0.17635693650344 0.0322688100317958 0.257314864523478
-0.0126097815718078 0.279437997118116 -0.128489449050799 0.20819346988813
-0.246077775638027 0.169752746432496 -0.100062504234851 -0.0212381494581298
-0.317177287533259 0.020377066132061 0.25629949996082 -0.0262384102477871
-0.0929356135458458 -0.109661586563382 0.493496431236415 -0.00828961309115667
-0.182110693313672 -0.0584728600116117 0.415951741680611 0.144191991465593
-0.143058677084036 0.0871698209202972 0.385231635726259 0.0924152591267284
0.0208425923542865 0.162510716870693 0.314055576746513 -0.0832118324970135
0.115388280529976 0.0859927975218455 0.201771851344387 -0.171679986696926
0.128282657381 -0.000611021089072778 0.128086824895189 -0.191798514645787
0.100759729528518 -0.0779374331311456 0.116173635012087 -0.179599315751858
0.0641743162152264 -0.109988011663459 0.120488388722417 -0.161527756647468
0.0688986515286518 -0.122575650870325 0.184711339265884 -0.127598552911285
0.123616724714994 -0.0836329592461433 0.254913911965483 -0.0246928967705871
0.168326559919766 0.00655286427769892 0.248431130190579 0.143381537313363
0.148238289748904 0.153235454612644 0.0655111311790484 0.265587757895956
-0.0627297750437076 0.194940735729299 -0.104157213425421 0.212375639333338
-0.199957418752756 0.0610705107339134 -0.0763534378546207 -0.0136312977665631
-0.177481606104803 -0.0719146195235586 0.310293069099532 -0.00265789552094114
0.0385897426259685 0.113909484705725 -0.358609014518089 0.0661638299047671
0.117982119105406 0.0109189509087108 0.0751363623743076 0.113557921143786
0.0519794303142027 -0.0991158530027085 0.153427297684544 -0.229425215390691
-0.0713075985331434 -0.0832236935075775 -0.0827297320143178 -0.345940392635179
-0.0760843262122513 0.00329651518488918 -0.337835802849103 -0.187958889483202
-0.0395187980628657 0.0253436827556269 -0.338056843364887 0.054939289883807
-0.0346883837850508 0.036962174357719 -0.217456090098618 0.178072901210932
-0.0251501793796039 0.0377314816852825 -0.140729708433193 0.212236517484134
-0.0301535672218638 0.00775391144038675 -0.107409557110736 0.227492060810661
-0.019940374550945 -0.0203609356546827 -0.129760747408766 0.234289140253306
-0.015867656618755 -0.0306698442224611 -0.201762325951469 0.203222013503977
0.035980456151705 -0.0529777558066844 -0.317322963273925 0.10893873663192
0.0863508811522649 0.0239467957086583 -0.374801555066156 -0.0524235498184933
0.0301651872479772 0.13727806064945 -0.391682406013664 -0.172757227960176
-0.0608458851679908 0.134602001992032 -0.50090487142921 -0.00480308023487189
-0.122907186465802 0.164254228732646 -0.360404881323706 0.000816866902549798
0.0139198564274318 0.126098547804277 0.0726705302027739 0.111898518909717
0.0691959323604478 0.0375310439402112 0.183683000774914 -0.237081065694482
0.040304407483767 -0.011169896837581 -0.0659735615318199 -0.381008971008085
0.028631697079615 0.00096810573173059 -0.34334641812961 -0.222608435375671
0.0435620410060632 -0.0203118280149682 -0.34540649377185 0.0394500159820395
0.0165640435478044 -0.042828929403175 -0.219510951139274 0.170399382476337
0.0144179241222829 -0.0397307690503232 -0.135850529619541 0.202735082823543
0.0294076775120258 -0.0647457647655453 -0.0903062626975416 0.221797834922044
0.0834914324418668 -0.0463668139033385 -0.101937635492345 0.23758289762336
0.0872742457209127 0.0109653329196099 -0.174430835485347 0.224357360389371
0.105302496925784 0.0624634409944529 -0.297102295757928 0.148433742175128
0.0377459247489501 0.157880238867635 -0.361470497336458 0.000718394004162372
-0.125888361404827 0.209486832256399 -0.345893744570608 -0.11824454294276
-0.253462640715988 0.166960209989483 -0.41075578827687 0.0109070801315923
-0.278370037736868 0.172068834192722 -0.292724931749536 -0.0636006154457198
-0.128925500024034 0.219224784050557 0.104129629488749 0.108953767243975
0.0467363103219705 0.189665799964119 0.240799944258748 -0.230886444311282
0.145715611392516 0.0956816045226431 -0.0163586921580934 -0.411027811838854
0.146821758349633 0.0156587319048672 -0.313357112260044 -0.269050401678146
0.138037273439421 -0.0551906033077522 -0.324187291702545 0.00038630530619296
0.0761222430566178 -0.116013191808864 -0.197709391451816 0.132389497346332
0.0516919437827669 -0.112858970617354 -0.112999069542997 0.162560332705928
0.0711743574283471 -0.131707510622924 -0.0523261911594142 0.187742018772791
0.160513629843346 -0.0850134819131798 -0.0425235709561981 0.221148013186717
0.179150884082072 0.0167325233318798 -0.104184858595265 0.245976502078701
0.198184711824362 0.131483498914756 -0.244226499039395 0.211361881058803
0.0445838268635194 0.270343640480266 -0.33398655001505 0.0815272150639956
-0.215282150569356 0.288391066711918 -0.293410864859733 -0.0648737302923102
-0.390293962821034 0.205254815898683 -0.275731265195097 0.0151469983663635
-0.396078427693564 0.136161594979574 -0.156123719368552 -0.111063088398904
-0.282781005253521 0.260537765904371 0.167814140403454 0.106529471526937
-0.0215137827497233 0.321528035434189 0.311680712359119 -0.197470933852094
0.212925633166503 0.220326954279634 0.0693323805406133 -0.409007191237616
0.250570365371336 0.0526768580554929 -0.232641858955187 -0.303899575982317
0.223867169826887 -0.0721481974576072 -0.265804576963636 -0.0544600835128305
0.13381639713069 -0.169456885032786 -0.152262358323523 0.0699116509410578
0.081393479781936 -0.170088438412942 -0.0739089234560629 0.100505863975581
0.093517646831832 -0.183152741223589 -0.0042391008761977 0.129840483669285
0.201981571779265 -0.124222750692502 0.0282065379580068 0.179620836795582
0.241086916270248 -0.000472395237337689 -0.0112088477540143 0.24384042526398
0.280931992405676 0.155340292002071 -0.160516624506376 0.258685345322109
0.0767505423067345 0.338091025710234 -0.2823147085069 0.157717485450406
-0.245675699386671 0.340524657033728 -0.240774380002911 -0.0292134836763971
-0.456527974623251 0.226817087699125 -0.122975374705173 -0.00101672636745169
-0.443828935767306 0.0703780959264632 0.0290305941802677 -0.128322320044415
-0.39740513395509 0.231277046700728 0.2535113485032 0.107351939314988
-0.116589043721472 0.380009659404208 0.373944599817174 -0.132881665641088
0.212497074261707 0.319183078451967 0.167930999678056 -0.356033771277324
0.304515682815427 0.0995534692467757 -0.110505462743728 -0.307671963316564
0.276603563610931 -0.0667656542226171 -0.168574670352468 -0.111457517485185
0.173839552217203 -0.192180651462038 -0.0842546953792748 -0.00561171975888119
0.0995544275716621 -0.202108589485069 -0.0242144401892095 0.0247640670006296
0.100320504124319 -0.212638304102394 0.0469813625789689 0.0569075441043193
0.212807585592576 -0.149266163632855 0.0964944371826153 0.118265310970195
0.268675865556362 -0.0193984323524003 0.079448578549071 0.214051445377381
0.318675669647348 0.158307167668871 -0.0726949584253429 0.274566687878625
0.0899469435521069 0.355762179631559 -0.217011426821863 0.203478987212153
-0.249322609219647 0.340094883514134 -0.190327406134818 -0.0157333151027626
-0.459609754338327 0.205660799269587 0.0261140065103608 -0.0263735178588597
-0.400333209111938 -0.00313174910035696 0.226151510767556 -0.113492036452079
-0.42188576386041 0.14392023395937 0.340638359823379 0.114213661432786
-0.188064144206186 0.34136412644677 0.407045162266048 -0.050225026200337
0.15840546999531 0.342354715691445 0.247163870446562 -0.263320351069366
0.291795380326433 0.129650588090784 0.022046857401402 -0.271848084224477
0.276920321164321 -0.0480257943850814 -0.0531242182308292 -0.155488780899998
0.180940428817732 -0.181994863593325 -0.00771336947308154 -0.0808610815039435
0.101332168514396 -0.202702781823736 0.0276554652207906 -0.0532668338128977
0.0971106404364103 -0.212887243857437 0.0958229710463371 -0.0205166310540763
0.199218704947788 -0.152363848841449 0.156595401650043 0.0513868961032707
0.26062259016855 -0.0246604180218659 0.15413691015964 0.174113943173521
0.303963057667659 0.159515491868227 -0.000578159748089206 0.266555682682625
0.0633108582305502 0.335493039307008 -0.157250695143504 0.219358584014739
-0.246901999429846 0.282913320715342 -0.143092920058568 -0.0142674538804741
-0.411683063230741 0.139852404966999 0.15476855375103 -0.0464855968834264
-0.276248780412559 -0.0617987176682659 0.393677269805799 -0.0786072847300601
-0.340693108297907 0.0420011095599574 0.402612349816526 0.12207030678419
-0.195664516671019 0.23236338745647 0.408714147043426 0.0222083039820018
0.0899897260827209 0.279574631970577 0.291804809886072 -0.167346738927308
0.222372190032317 0.12059410648068 0.128608843157753 -0.222322913811282
0.222121672077551 -0.0281870666147456 0.0506687561190285 -0.18519610551813
0.152146160226189 -0.145012473210855 0.0594507520557936 -0.14648574453846
0.0850745477323706 -0.171591724559909 0.0742536324714881 -0.12380261575445
0.0826368225097096 -0.183540153625544 0.140522826280305 -0.0916450767353729
0.167278880253159 -0.132247861601487 0.209551000340364 -0.00633874258174179
0.22648788425818 -0.0177560896021275 0.213720025949279 0.140763439727489
0.246816788652805 0.157857325648836 0.0515411471932845 0.258446526124351
0.00935175871106926 0.283429843466454 -0.11290744036505 0.22039327694337
-0.235683263893405 0.188782316537951 -0.104195492506913 -0.013989529876899
-0.317321929300805 0.0425697569316432 0.252921916904315 -0.0500564546465233
-0.101021092227145 -0.104247538563598 0.49650276675668 -0.0456019365149901
-0.187506351241144 -0.0459922080521432 0.427576847515483 0.11526971994075
-0.13827461587205 0.0973718908894145 0.395437243804622 0.0669987923193825
0.0324826056019386 0.160349067489351 0.311426576717602 -0.106069802828783
0.124682995029309 0.0773609294140704 0.190891415483383 -0.189423428594299
0.129607389643857 -0.011222075033575 0.115029907263258 -0.205975843684937
0.0950304766541183 -0.0862791620938025 0.101721511734733 -0.193301102307962
0.0550391019271508 -0.113867321444839 0.107192955023579 -0.175186561030814
0.0577155154162108 -0.126650954771273 0.175495176308974 -0.143944001588307
0.117338595773741 -0.0942213557425439 0.254521004430144 -0.0441358705427205
0.169888036714788 -0.00713894365727962 0.263116637532145 0.127359948970836
0.161715828430478 0.140480207635119 0.0863713561700956 0.264853193968559
-0.0477009227611161 0.201555091300174 -0.0885629267058334 0.223572705718203
-0.196494895661061 0.0755593640231706 -0.0796222040434953 -0.00771722898861195
-0.183846175651532 -0.0598651685270744 0.31005892569808 -0.0301651266212379
0.0426446521355769 0.108342193970064 -0.347221511060216 0.0868728264935872
0.117704890958058 0.00401088482078101 0.0823271774127536 0.109290140621821
0.046349809241536 -0.0999818032022464 0.13958745671521 -0.236253205729333
-0.0760269345505144 -0.0767882674772107 -0.0989125010465896 -0.339367541519816
-0.0756073367690283 0.00717513077649913 -0.346003231214918 -0.16632365589761
-0.0382427517197388 0.0261687886006404 -0.332493658100939 0.0746051564629669
-0.0324018648943675 0.0382734696838515 -0.204680187203246 0.18742520586867
-0.0222346812432686 0.0379237335030381 -0.124823683313452 0.21900093182091
-0.0288658609548092 0.00871464114950896 -0.0917463420380915 0.233120756507073
-0.0208666838706736 -0.0200276409442754 -0.114188992438701 0.24019107421684
-0.016457061614474 -0.0280651598293405 -0.188377044156698 0.211594832176625
0.0316988758318614 -0.0545436654877438 -0.307990757521345 0.124821050374662
0.0854789563663943 0.018867882191292 -0.371596767800951 -0.036282793554071
0.0384987424322392 0.134748141961036 -0.397921600734703 -0.151368879347705
-0.0537477344369444 0.133328786050594 -0.495814024425852 0.0245389170471981
-0.111772366466055 0.167039690351921 -0.353306775979968 0.0221498140480198
0.0215827902466381 0.123794397695048 0.0795173785409543 0.107048759394227
0.0714094212879426 0.0323008847970298 0.169008743661345 -0.244168338944242
0.0379174851041795 -0.0135056253261267 -0.0851577862968235 -0.373653736622184
0.0280344628840197 -0.00252036265283123 -0.353526891423923 -0.199994708108525
0.041890375879537 -0.0239061839764054 -0.340131577866566 0.0591514162983437
0.0135140050337515 -0.0431741820688075 -0.206042951390849 0.179169470219246
0.0127585363040715 -0.0403120723942268 -0.122218042602473 0.208821915451084
0.0243060504910369 -0.0660486141826132 -0.0751160872885007 0.225393694113711
0.0798504509040412 -0.0525520292517865 -0.0874671259038029 0.241826906152533
0.0874385770816383 0.00670790237688051 -0.159507231122852 0.231988337149522
0.1068690068254 0.0557519876441205 -0.285406120957947 0.163603837442047
0.0455339851486733 0.153332044232125 -0.35541153545091 0.0171239385074258
-0.11047956755278 0.213959655154188 -0.350315298263806 -0.100626520184727
-0.241515009871443 0.17657693795056 -0.406782297681589 0.0337188691397616
-0.263721243209402 0.184452116749664 -0.290892122388601 -0.0444008991340802
-0.11460147297234 0.223288648025954 0.109704157425188 0.104231414275574
0.0583488970474706 0.183611759029069 0.226083248077286 -0.241060712210232
0.14796891292349 0.0845691420322357 -0.0376549670585599 -0.405169532178289
0.144991164462151 0.00493381606424813 -0.32850423327496 -0.245456617474948
0.13314256260356 -0.0653856362377079 -0.32157834537073 0.0193305738410871
0.0678071286637996 -0.119235421382401 -0.187889793168124 0.141054490019963
0.0446274189591351 -0.113517595784821 -0.101742887692773 0.167746668368638
0.061290484035203 -0.133945938391262 -0.0391822069095017 0.189884041539587
0.153812870604133 -0.0951491177209052 -0.0293810212125409 0.222478562749424
0.178624177060671 0.00725750449825852 -0.0883475518663187 0.249933122340513
0.202614513264517 0.11698270087537 -0.22950613976522 0.222216533953117
0.0592376435464887 0.264155518381212 -0.323716532643163 0.0970329461661655
-0.195258034915594 0.296964676441235 -0.296810548583771 -0.0505638285754024
-0.372454409334413 0.221243082117393 -0.273654027836512 0.0291156278263104
-0.381581224422118 0.15624782648102 -0.159709038710048 -0.0988498871698818
-0.264222914293521 0.274014278628373 0.171976584525456 0.0983379377771605
-0.00201307336366735 0.316750385632578 0.297272150080605 -0.210918313913195
0.221040280550714 0.202618740335082 0.0456131801665853 -0.407920492969666
0.250812585214446 0.0351221953816162 -0.251314242879104 -0.285294813132667
0.217663386510878 -0.0865603546833262 -0.266512769761938 -0.0389155916380752
0.120859773238278 -0.175907811112709 -0.14616010488956 0.0763552170654939
0.0699633824533813 -0.171812130473375 -0.0672501422492209 0.103555237493826
0.0797147448952222 -0.185695416534892 0.00468083746081714 0.129488605720346
0.192412834715153 -0.13673790650758 0.0381559595793793 0.176844139456906
0.239235428741439 -0.0150625232944555 0.00430772544733579 0.243609765580524
0.285883803777154 0.134933867460071 -0.145378643078151 0.264924124488358
0.0947585471328265 0.329342507613604 -0.267877693864333 0.169911030962265
-0.223407852543142 0.349605122906791 -0.242324817326524 -0.0170406691759842
-0.436793084071791 0.245933801230019 -0.124003820669345 0.0050271480655979
-0.431105720873458 0.0947573041755789 0.0211852610866622 -0.126782288348483
-0.378580057577626 0.250777644246643 0.255417500036698 0.0946030345215793
-0.0927829589163379 0.380041347049659 0.361463347039153 -0.149807476161844
0.22743691881125 0.300132784390543 0.146236281025094 -0.360128283087739
0.307654572832498 0.0778647570102697 -0.130298861798801 -0.295923953653985
0.271124801242407 -0.084403952478644 -0.173154792102982 -0.100803861486876
0.15905199372156 -0.200565372750077 -0.0839667324058967 -0.00258816646892796
0.0857863470726035 -0.203871921601576 -0.0237822316739787 0.0254219104902876
0.0849941004206337 -0.214437725701259 0.0500515391124638 0.0537609028967224
0.201520083125437 -0.161775972117127 0.101591159824626 0.112517372574405
0.263574408527352 -0.0350133862898605 0.0915477586224869 0.209408412172401
0.324003778493143 0.13500625488876 -0.0577891122623979 0.27560710638902
0.109055025565071 0.346346302413887 -0.199952388184654 0.211582864109014
-0.227250559663125 0.348674870717489 -0.190784274368873 -0.00521519818510805
-0.44073334120555 0.22536759524696 0.0206160622179279 -0.0291527827707298
-0.392691834883027 0.0194615462850907 0.216353160724674 -0.123119209392122
-0.407813825001325 0.166235518396338 0.339991755907813 0.0965246546458251
-0.166059366399268 0.346457841650205 0.399496898550113 -0.070442654627278
0.175488215460285 0.326367414479234 0.230289864573604 -0.271577745919564
0.296204946698004 0.1087040618734 0.00327308636837373 -0.269826140116745
0.271672160793344 -0.0661922943619465 -0.0621827329888561 -0.150918832231986
0.167059888553378 -0.191705467589185 -0.0134588297849473 -0.0818455311893217
0.0876687736389615 -0.204120759288222 0.0224028500623726 -0.0556420052949065
0.0802609754469405 -0.214096455442405 0.0942579557493407 -0.0264599589425459
0.187516072039097 -0.163863761995013 0.157818634390085 0.0429361169189843
0.256054133526267 -0.0394759991843489 0.163857448006945 0.164572723916087
0.30889250151743 0.136638867116431 0.0134741006062005 0.265299234329548
0.0816046441037023 0.326507115862987 -0.140719570408019 0.225155066710595
-0.227825724866261 0.293090071908963 -0.144050418942783 -0.00626618666163609
-0.396138797765382 0.159014168154179 0.146662169801685 -0.0580907547121413
-0.274765006511121 -0.046158305535025 0.383491425228328 -0.0985742518941423
-0.333746965814349 0.060704960097581 0.401045778698137 0.0998210705233379
-0.179219092570969 0.238587492736453 0.404301964967255 0.00281798612932517
0.103231921292573 0.268112881578644 0.278989816440199 -0.179647421213916
0.22800768350128 0.103720046359231 0.112981764384013 -0.226939546056222
0.218448215087467 -0.0427464203832907 0.0387454050754572 -0.186854497180115
0.141130834514035 -0.152586869903049 0.048304024708471 -0.152019673863702
0.0738803126886498 -0.172770546940118 0.063660277038013 -0.128318942909355
0.0679768947968938 -0.183383339533899 0.132516438292564 -0.0988075517092661
0.156596709297853 -0.140895501541867 0.206100669102848 -0.0176062718134717
0.221554578517646 -0.0315666473215573 0.220866076759502 0.128461136241069
0.253054007726918 0.138587445967186 0.0643964719170151 0.254175622530322
0.026165492250069 0.279087854305599 -0.0979724476453016 0.223814457722153
-0.221719136633283 0.199474639883541 -0.105377512987788 -0.0082410933812441
-0.308825629132615 0.0586722245366738 0.243476501836691 -0.066712367952164
-0.10455647365158 -0.0972069039998642 0.486687553112111 -0.0714038629310193
-0.186506348947184 -0.0347744267916192 0.426240084467707 0.0919379430601505
-0.130646519233916 0.103856439730334 0.393773192022676 0.0473664024270804
0.0411405605733651 0.153799177207803 0.301315538275981 -0.120477612155309
0.12816194374005 0.067495679662687 0.177671715138056 -0.199098767944253
0.127541026151205 -0.0193475765826294 0.10201474448997 -0.212014656428605
0.0881510327151308 -0.0910979074670439 0.0868490647723184 -0.200700067833394
0.0467160898933235 -0.113811035085798 0.0929314809605404 -0.179870027818708
0.047432767546527 -0.126140847689974 0.163906666718268 -0.152935331169141
0.109232440444379 -0.099974477121169 0.248765514576422 -0.0585499355511495
0.165886782997457 -0.017315958318689 0.267418766511505 0.112014403248115
0.167849424531476 0.127510780045171 0.0990110863342243 0.257255584132907
-0.0346558676110903 0.20165665595079 -0.0739731684070875 0.225142458459613
-0.190027282712477 0.0856317762577292 -0.080172710948109 -0.00347387933126406
-0.183539979194588 -0.0494409488778179 0.300896212520135 -0.0506085150289926
0.0392480381236925 0.112332915825273 -0.339002076286342 0.0757581026963926
0.116937567869306 0.00663417476824414 0.0805677771066536 0.107265993052165
0.0470800813890799 -0.099122632546803 0.141538437188626 -0.229653628231644
-0.0757675115908048 -0.0744753923054964 -0.0931482866723534 -0.338305003325291
-0.0751282341254235 0.00884819225680357 -0.33975003891146 -0.164921231488158
-0.0389788785389166 0.0261326866106795 -0.327461372148543 0.0689160483286809
-0.0348186581633964 0.0385296858255954 -0.203830255085802 0.183772788564189
-0.0226497944557644 0.0373164899761809 -0.123159799755572 0.218237460741862
-0.0299783070984299 0.00947584954973866 -0.0914280166922038 0.232603123272049
-0.0209626006822056 -0.0187817711132616 -0.113309818849091 0.237649373693753
-0.016396163048525 -0.025053830659353 -0.188968760351943 0.205066184733788
0.0271017510675133 -0.0489087163455044 -0.302035731360021 0.115581570464326
0.078501893857663 0.0192325667018138 -0.361920873315355 -0.0460358394494738
0.0323336967845272 0.130513261265312 -0.392542203385794 -0.160149836921715
-0.0591440493167057 0.133704236984605 -0.488527865621548 0.00763475124103719
-0.118404986107023 0.164843525269072 -0.343256809736972 0.0192277633464142
0.0167570589216795 0.122371114549648 0.0816842918081821 0.108967154043985
0.0672516327433768 0.0333167551304695 0.175359562020983 -0.237035479405445
0.0340283759488385 -0.0104159287843473 -0.0740603582221841 -0.373447917066188
0.0269410964416162 0.00245569815622055 -0.344818136596734 -0.201681921572327
0.0420196969296464 -0.0223212218008406 -0.334791440012643 0.0510065475385108
0.0121988579185211 -0.0412840259422256 -0.206697605175159 0.173226813476874
0.0137796761810976 -0.0402303786199438 -0.120568500592435 0.205697854314671
0.0243331258205004 -0.0641486562602083 -0.073691746916989 0.224805568832232
0.081117361884495 -0.0519031590535258 -0.0853120833208682 0.241046199129549
0.0893903695120339 0.0109058967142242 -0.160056895656844 0.230444341435997
0.100433109146448 0.0606885227969432 -0.281669562728797 0.159928143855624
0.0359915363411589 0.15310454547965 -0.351252824032145 0.00951007150814195
-0.118347641662299 0.209103818508167 -0.34972674685123 -0.112299622361623
-0.243835915388376 0.175497391537585 -0.405579196054232 0.0132577596557541
-0.271723716197447 0.176299515424036 -0.281135209189682 -0.0387274979662037
-0.122325321780954 0.216089718485963 0.114453415361978 0.110717631461732
0.0482369570987594 0.182183207330961 0.237579682742622 -0.230798760050731
0.138190941838625 0.0875411317505503 -0.0198499470627248 -0.403100730548016
0.14245214983203 0.0131295982604571 -0.315614239029695 -0.249791789618554
0.13417225643864 -0.0613255788732234 -0.314887486479074 0.00923472948934933
0.0680794153010543 -0.115397718996603 -0.188195530793748 0.131757446140037
0.0477506558552442 -0.112886941085072 -0.100651700880146 0.164254642977659
0.0620041656823046 -0.131969690578535 -0.0369750517493604 0.188688220121794
0.15664894827736 -0.0948488153482417 -0.026590823506158 0.222167709994232
0.181324678227536 0.0116474686279252 -0.0874773992488126 0.252319983071004
0.19549137554186 0.122529596343795 -0.226931077415325 0.225073152643282
0.0483849705667036 0.265110499356085 -0.323990405207869 0.0909452676501718
-0.203200260978589 0.291984983453554 -0.301537375424894 -0.0627536640143071
-0.37230205296809 0.217560730357723 -0.279778760059197 0.00933943749357414
-0.388745495602974 0.142360554861088 -0.15312785280194 -0.0840801381955242
-0.274080267866544 0.260340522686901 0.176409436563017 0.111325412064476
-0.0177063408124284 0.311596735511044 0.311690818803986 -0.195618281760273
0.205531583239131 0.203520416348528 0.0678735278635558 -0.40227288249057
0.244624142737664 0.0439813791277964 -0.236354776902254 -0.290554435946967
0.218518472769453 -0.0817466393567012 -0.259054617389989 -0.0490931580042777
0.122347755355687 -0.170703092310521 -0.146659025601567 0.0659738027249459
0.0748846986092034 -0.170125861970297 -0.0668090266158175 0.0998503417434245
0.0817752680137198 -0.183651388080397 0.00681832442302068 0.128537553544821
0.19585794839154 -0.136637871741837 0.041436559824189 0.178611856230978
0.243594334671227 -0.00934707749775549 0.00572264073301605 0.249267567220391
0.278878009812938 0.141080700919217 -0.14249260558 0.272707909305293
0.0841576341482146 0.332269412779146 -0.273124957968144 0.166769326661061
-0.231079771159042 0.345364647009869 -0.25081398956641 -0.0286503176933393
-0.43404647565932 0.241578966983544 -0.134012731231662 -0.0113784360946452
-0.43726380226344 0.0756284557651968 0.0230515979251623 -0.104132475584374
-0.388483189492547 0.231698535462361 0.257224734388138 0.113637525448764
-0.110501271107225 0.368685796708288 0.37446106528647 -0.128958772606836
0.208830950610766 0.297057324574435 0.169107754033979 -0.35003905667757
0.298092066351992 0.0873902718197374 -0.114127281066671 -0.300086992833958
0.270855764725687 -0.0786757250479153 -0.166242144298671 -0.109162819839676
0.161426793175761 -0.195352510990994 -0.0848320361351943 -0.0123125989283261
0.0915757908376792 -0.201692368748108 -0.0239555093385459 0.0217621000354361
0.0871790580754385 -0.211703166799888 0.0528833115793651 0.0534120723336486
0.204407586906558 -0.162530793533062 0.105387709140147 0.114324383748983
0.268832564781407 -0.0303344999459922 0.0941647510088391 0.217151013427169
0.318184641175867 0.140046822127224 -0.0548426899790547 0.286859221764436
0.0996686988350011 0.350014079711999 -0.207567337531116 0.211411599926476
-0.233963545980109 0.344189842023781 -0.200772236741455 -0.0160731061168219
-0.436471313404914 0.220726099621448 0.00860013825405925 -0.0403753880114306
-0.396898962917344 -0.000498465954458045 0.213047602982784 -0.0967308262733097
-0.414790744919065 0.145825841304961 0.337694804450311 0.118464592568134
-0.181595138563583 0.331873821488872 0.406117200373008 -0.0460892029938156
0.156988023351487 0.320912577742616 0.248120690328833 -0.258724506621653
0.28625968906467 0.115381021897013 0.0174585115903817 -0.271620976191879
0.270282545379626 -0.0606188026087913 -0.0552499029055073 -0.156488214947198
0.169871607659744 -0.187285485113568 -0.0145096203738316 -0.0908444839051761
0.093070143172433 -0.201579359770641 0.0211933130031456 -0.0584660961546871
0.0830811940922386 -0.211840284690223 0.0959540710928798 -0.0252939309232493
0.190618341224521 -0.163968064922465 0.159773383218292 0.0452709829172767
0.260009429180357 -0.0364893424513975 0.165919745100161 0.173225282550471
0.305295598771582 0.140835874523691 0.0152183992054064 0.277645288604055
0.0742265205121515 0.330522952070523 -0.149038505048325 0.224692284786864
-0.232712245402455 0.288527423852998 -0.152599088070633 -0.0153096316392427
-0.3903336513275 0.154103024075074 0.134780939763169 -0.0641472220052605
-0.275931318841109 -0.0630590749998464 0.375407577511525 -0.0727274876553181
-0.336758382159169 0.0427497488760255 0.394136488610585 0.122290870578009
-0.189697469004362 0.225300473128443 0.405510355563893 0.0262438187779001
0.089262767784982 0.261503602163711 0.291010997306808 -0.165186540174641
0.219143345443579 0.107324835583391 0.122847088400378 -0.226497554465991
0.215977471732696 -0.0391512337666916 0.0437917118127413 -0.188895907637171
0.143482599634367 -0.149675891329693 0.0473302601366947 -0.157743323709165
0.078904212730262 -0.170841340488081 0.0619140397950828 -0.130188365435406
0.0703810503689649 -0.181772037039803 0.133359414888259 -0.0976665897068021
0.158776700981702 -0.141428672104655 0.206948659257277 -0.0149400504014554
0.225174613096757 -0.029031476560758 0.221645435087338 0.136904940716954
0.249857016373434 0.141544799257357 0.0631757705508179 0.266194951766843
0.0199222613636374 0.28211570774812 -0.107020994779086 0.221965416531128
-0.224460154535277 0.194490535845772 -0.111325374463857 -0.0165106084113642
-0.303592038239445 0.0551185930970524 0.233231999575994 -0.068201125246427
-0.103211123410451 -0.107458625500554 0.477663477328848 -0.0509478030625624
-0.185630308203001 -0.0470639299172205 0.413804545063758 0.110405355590797
-0.135670067952949 0.0926918968611199 0.387552195940872 0.0672691886560818
0.0317318060285871 0.147282098342195 0.306081315412281 -0.107186453883429
0.121648526569291 0.0682045058302507 0.183104172292792 -0.195905265730948
0.125013699057319 -0.0178390481164304 0.10472751297586 -0.211132223768726
0.0905140057533302 -0.0895051551659252 0.0855398575171482 -0.204470691249389
0.0502431365965613 -0.111714428940299 0.0899323183595168 -0.180085551918047
0.0495393955573775 -0.125140434989304 0.162868826726392 -0.150928710466005
0.11130596463766 -0.10051967772753 0.248257604634401 -0.0553586463979049
0.168767454812892 -0.0161848826174818 0.266422377802959 0.119822733342585
0.166470833293814 0.129943340416715 0.0950794954692433 0.268180026673556
-0.0396718648777921 0.203914590976946 -0.0841657279820932 0.221761402835566
-0.191586010266446 0.0814706581763723 -0.0835439296567262 -0.0105792597542058
-0.179061990089678 -0.0520175665835908 0.293309894309304 -0.0483631977857192
0.038433920073793 0.111652592537205 -0.339322074300466 0.0808757511474456
0.118433920914148 0.00529718361847957 0.0847858850578218 0.108689426919535
0.0465703757216316 -0.10118120325281 0.142068503338935 -0.23464218826385
-0.0780617838806762 -0.073188952434764 -0.0988134097358311 -0.344184518647073
-0.0770030653234789 0.010268736315735 -0.34661620671233 -0.162242537301848
-0.0409844915932307 0.0265510000556779 -0.331323548310726 0.0758027605932214
-0.0349906006670407 0.0399742348045837 -0.20480998240965 0.188953499312863
-0.0217252644424875 0.0377285252910289 -0.119299359786463 0.224221751917308
-0.0302156697245921 0.00991009211133234 -0.0872328567009337 0.239149771366956
-0.0221044436524911 -0.0201877284864971 -0.112408689153986 0.243951706330584
-0.0149370517152846 -0.0236127354539395 -0.18972803408781 0.209606156098104
0.0261154619509612 -0.0494064374943187 -0.302865511428052 0.119994203362478
0.0787210355608641 0.018520168271744 -0.366737327622984 -0.0462663328321208
0.0356000906707585 0.13127779492883 -0.399557150659375 -0.160446528916702
-0.06005611591959 0.13424700875476 -0.494338075702263 0.0129109916174771
-0.117008031617704 0.167079981395508 -0.344518214388794 0.0256149804175969
0.018418226264363 0.123612562216151 0.0858019957578083 0.111321097729823
0.0690549959687855 0.0315220913709565 0.176214047952008 -0.242171953181064
0.0332062283448491 -0.0109732888952086 -0.0787104427837444 -0.378031963107535
0.02642879433493 0.00187347208914525 -0.353726973066583 -0.198919411907207
0.0410914479345852 -0.0240000524161072 -0.339212301824284 0.0568497642633806
0.0111903333935225 -0.0417516403101635 -0.206676813753241 0.176902971861567
0.0142137737857749 -0.0409010574290038 -0.117936922776333 0.211778995218063
0.0232557342528161 -0.0652670647189925 -0.0695714634894176 0.230048888674869
0.0816528719305988 -0.0551579694870539 -0.0832586831981538 0.245914029394216
0.091988496896202 0.0107797595592186 -0.159352171199323 0.234950009475654
0.102386717584555 0.0603100695488297 -0.283231158243383 0.164741980554346
0.0376274534552645 0.154365955542626 -0.35418465974368 0.0100028579243635
-0.11673528329388 0.211858162076348 -0.3563595680279 -0.112147583681666
-0.24595359257108 0.177511888038166 -0.411509032415698 0.0165416655002187
-0.270496121629763 0.179445931447819 -0.283014532176215 -0.0335363661303248
-0.12053332154519 0.220471950327547 0.118289724651818 0.113246042201179
0.0516719428680733 0.18104421426687 0.238690089252793 -0.235364315020415
0.140331393798339 0.0851309053439833 -0.0235527206623528 -0.408464248459682
0.143067195469497 0.00899291433480778 -0.324577704778603 -0.246648459831185
0.133827984361057 -0.0663692837382079 -0.319294560465379 0.0141549157888602
0.0664548806513558 -0.11792199820483 -0.189060269953831 0.135704782146625
0.0468392121137407 -0.11454860157763 -0.0997340647213792 0.168838455562735
0.0599862139983306 -0.13357054573216 -0.033205434527842 0.1924231481426
0.15655212426394 -0.100682978646011 -0.0241565057914589 0.227181926389533
0.184802689998442 0.00996395639923407 -0.0851199885604443 0.257859189597275
0.199264209054015 0.120615807840196 -0.227088666336259 0.230287593978552
0.0518376453833205 0.267246587687354 -0.326615406165332 0.0924496577023793
-0.201536596519703 0.296759754783943 -0.307545826639509 -0.0618668610408965
-0.373855757157261 0.221300964190181 -0.284488532432018 0.0125341239870173
-0.38813489696373 0.145663707278011 -0.155634562134195 -0.0805140765263106
-0.2727367114227 0.26651536910974 0.179467188388335 0.113550921547779
-0.0128816670308302 0.312227803777992 0.313072235161347 -0.199803099776784
0.210569167088623 0.20062801223052 0.0652533582879423 -0.407140877345022
0.247542572049945 0.0386977813699239 -0.244641025995525 -0.28791824517449
0.219345886871498 -0.088818125173292 -0.26367576444909 -0.0459650943262316
0.120693990504081 -0.174826870774743 -0.148312613733254 0.067824397454251
0.0734355031757169 -0.172581503851226 -0.0674483185297563 0.10295529518259
0.0785432438874704 -0.185606365703419 0.0107162063774586 0.130248697533539
0.195494569447561 -0.143868752678429 0.0446855258144879 0.181993931096141
0.247281760897785 -0.01325899469248 0.0103087404202851 0.253022857622937
0.284198008565296 0.136848917999516 -0.141954837310578 0.278073418042899
0.0896978046097831 0.334130954592949 -0.273510314824566 0.169756154651662
-0.229478286995868 0.352146215432899 -0.256471032257856 -0.0278215908545001
-0.43556709616156 0.245432201236027 -0.138628846884738 -0.0111253646990976
-0.43799525748151 0.0795982501597002 0.021448187601567 -0.103397161014757
-0.389852984415314 0.239245029225717 0.260231555248746 0.115409038524342
-0.106497793406859 0.372869920349693 0.376557874192252 -0.131940125731437
0.214071106626714 0.29566622936087 0.167899332163866 -0.35510093063692
0.302344850485915 0.0811506900968017 -0.122384668261145 -0.298927057202182
0.272930683106143 -0.0867735170067859 -0.170366403448298 -0.108883239398929
0.159793472550875 -0.201221609387613 -0.087576956134667 -0.0129041925279737
0.0890917615223799 -0.204456227021808 -0.0264550518759438 0.022529499691227
0.0837965450972613 -0.213648984006412 0.0549361497614916 0.0536876124844023
0.203902640215599 -0.1694990696123 0.107942983456533 0.11618969978451
0.271850074403857 -0.0356013060174931 0.0995190162915629 0.219959418654637
0.324087160435661 0.134784441417762 -0.0535657490061284 0.292230706048553
0.105608596107632 0.351846750383205 -0.206149962902382 0.214325377997989
-0.232512963735438 0.3502446148194 -0.204982018803593 -0.0136120614493853
-0.438372975323988 0.225059215514024 0.00524535300488764 -0.043264629300544
-0.398407685345946 0.00245893384474909 0.213173723352404 -0.0981568576716621
-0.417057339337254 0.152033123949584 0.340510713530824 0.119587044071304
-0.180268782782574 0.335421463209099 0.409502616870633 -0.0475097418037616
0.161410499398432 0.320093040244939 0.24912292848321 -0.262700548601575
0.29027173805129 0.109601390634011 0.0110803249850092 -0.273542939488989
0.272410851782743 -0.0682519107975825 -0.0584870650805027 -0.158841066779836
0.168457203897893 -0.193451410663918 -0.0180134849488899 -0.093832717032407
0.0906549818475035 -0.204367312103031 0.0177887035005211 -0.0595399798926764
0.0793479877814681 -0.213248725510982 0.0960761259804558 -0.0277116935668281
0.189417234770774 -0.169754838646835 0.162696413029087 0.0448029527458871
0.262440073903402 -0.0406295851701613 0.171518669436446 0.175368937462415
0.310817047913783 0.134591217964565 0.0172199974553768 0.282415109349989
0.0806344831269256 0.333424409428823 -0.147439207534306 0.227663021500777
-0.232008400225148 0.293939076373966 -0.155870024822334 -0.0140610906749393
-0.391644424958724 0.157481698883782 0.131907183735108 -0.0691699760876231
-0.277302841750392 -0.0611399587171897 0.378016627459427 -0.0762024150851139
-0.339754268850209 0.0463503168192067 0.396648843453754 0.12248930921739
-0.189552858785985 0.228309196230762 0.409940420438569 0.0250708415685765
0.0921234864478946 0.261266733562779 0.292083362947118 -0.168596669262411
0.222537129986884 0.102718151494071 0.119423162489839 -0.230847762452994
0.218194787563784 -0.045313731161958 0.0416679641869712 -0.193724916754571
0.141977930194552 -0.154414357826003 0.0434033209775345 -0.163213536934301
0.0765741056770952 -0.172142108525727 0.0571417497439923 -0.132785460883373
0.0674138602146461 -0.182836930679761 0.132010300175032 -0.100921911684783
0.156937223866253 -0.146458959349772 0.209072578800678 -0.0170329700735659
0.227124647547291 -0.0329091658504619 0.227162920970306 0.137340074175991
0.254335599254957 0.136666087500078 0.0666796237894463 0.270253121270668
0.0251514441222487 0.284124134734279 -0.104656161040298 0.225483731104428
-0.224944873593882 0.199572447041452 -0.113837204529131 -0.0156276641675531
-0.304528109244486 0.0580522265412182 0.23126916994963 -0.0746675889617857
-0.104185191746586 -0.108048718530271 0.480782117383307 -0.0541734559187164
-0.18805208358186 -0.0456956380958155 0.417046573860268 0.109614975160643
-0.135875046030184 0.0958204999618446 0.393870366551935 0.0663828390712733
0.0325054706514456 0.146937264662514 0.30761514804732 -0.11034631861553
0.12383749593457 0.0652040192589658 0.181955633153365 -0.201843680989828
0.125598901564426 -0.0211180326958347 0.103115865299594 -0.217550353665855
0.0893650164576423 -0.092397209702411 0.0809134026442232 -0.210777588114543
0.0494268188421646 -0.112422746477418 0.0847383261995227 -0.184093068524497
0.0477069410461492 -0.124986915517087 0.160486299278583 -0.155494348157255
0.109617779298443 -0.102760621384074 0.249680722196792 -0.0588102946123157
0.169529698444863 -0.0183420077598278 0.2725493439122 0.118210412555489
0.17007234389758 0.127615743348647 0.100440146789854 0.271988539589122
-0.0366460368180079 0.206469575121392 -0.0821505241445589 0.225086179508433
-0.192298023170083 0.0834149754610537 -0.085696619384943 -0.0106546653191593
-0.179714809055279 -0.0509247998767231 0.292119469150486 -0.0552796823485869
0.040113147151514 0.113894331601301 -0.348114597617546 0.0906513848776812
0.123237253686887 0.0038997212009685 0.0923094812388549 0.112029576147558
0.0465378061269549 -0.105976991091455 0.145261597884395 -0.246599140235702
-0.0824311513553875 -0.0727590624002801 -0.108277056667287 -0.358514962538452
-0.0803868392548643 0.0133090287364735 -0.36418067899264 -0.161744808894284
-0.0435804964013094 0.0291616158122081 -0.344694426430644 0.0862573269589573
-0.0356513893682854 0.0427351694444753 -0.208883507030468 0.200316566828008
-0.021188366253075 0.0386546701462818 -0.116747874724036 0.236091908182433
-0.0309715172557527 0.0106627678510424 -0.0838910012006966 0.251912876915248
-0.0236655877020942 -0.0213331774032584 -0.111133564662398 0.256874014144216
-0.0143117100881946 -0.024041505057964 -0.194850919126292 0.220153162638183
0.0261534839569576 -0.0507987711731542 -0.31196337378229 0.128034364429903
0.0808705946628652 0.018709374304082 -0.380875953970507 -0.0476104959211101
0.0399963632602523 0.135477550472257 -0.418363616366299 -0.162538661857217
-0.0626412810582876 0.139232112011712 -0.51250644441386 0.0199106410881238
-0.119027288947991 0.172660281188459 -0.354663872154565 0.0334338168419585
0.0220212386482209 0.128752969222689 0.0930118501416716 0.115919624928359
0.0729043884683517 0.0299801066939664 0.180088514437353 -0.254043375599063
0.0341712769560006 -0.0119510551002176 -0.0871382051814062 -0.394317956437347
0.0266645861952992 0.000815971478120328 -0.370811181428431 -0.19806253044011
0.0402258601197378 -0.026517217121055 -0.352023654878685 0.0662027231575795
0.0112357388292768 -0.0429793298942565 -0.211409512978619 0.187828294393406
0.0140015681016829 -0.04297769843089 -0.116310529803051 0.223559011366104
0.0222102277107806 -0.0684914991575908 -0.0655561276441534 0.241674286781277
0.083080291571863 -0.060427296764652 -0.0823869229218404 0.259733483987546
0.0975228169030106 0.0102313831719133 -0.162149702695935 0.248015388922846
0.107143085191765 0.0607067691933219 -0.291918387652103 0.174559929579699
0.0413754626153385 0.160034059482099 -0.366914527242744 0.0114185174686278
-0.116903575151366 0.222022958408076 -0.373372810710466 -0.113006445073994
-0.252872764810314 0.1863157775045 -0.427548608587817 0.0234018572143739
-0.275762836712393 0.18800730780515 -0.293403505276745 -0.0288886078356438
-0.120621120113123 0.231456315057361 0.125914908311543 0.118205728959065
0.0575899122807 0.184381979713182 0.244197552227505 -0.246579165602372
0.146421527020339 0.0847372735486241 -0.0302759605507842 -0.42464606919759
0.14778992972184 0.00599148858980125 -0.342508567490723 -0.2480462097339
0.136328284574525 -0.0730699944384767 -0.3325478361829 0.0207646117683668
0.0662305673786557 -0.123777520218507 -0.194322184469889 0.143464786743233
0.0464945192794801 -0.119619986564058 -0.0990508887331923 0.178850636441179
0.0587340829024503 -0.139906924617849 -0.0299833769989938 0.201397868317944
0.160163599394878 -0.109757650554581 -0.0206874785882135 0.238691332626888
0.194160989929608 0.00782190519129241 -0.0841965481508514 0.270055012958854
0.208964973858634 0.120427136225529 -0.232874051236291 0.242753414096471
0.0581780442461756 0.276597065325524 -0.337720192212844 0.0979757646354889
-0.204986164953678 0.311585700032937 -0.322004683554009 -0.0615138792047494
-0.38538023959633 0.233807974814084 -0.296579699843732 0.0162046132998096
-0.397106107577043 0.155596902021446 -0.162347972558537 -0.0785543104918807
-0.279131971420008 0.282069307507417 0.188383814659946 0.11937248320254
-0.00784132897183546 0.321910918499667 0.32212687221737 -0.209951641140257
0.221200737728975 0.203558317198631 0.0619812475807577 -0.423731251482037
0.255694293510887 0.0339783668545185 -0.261015729562715 -0.292014939012246
0.225789706534402 -0.0997414004453611 -0.275460933398779 -0.0431461173072846
0.121341855452079 -0.184464255466096 -0.153309476446977 0.0725821484017739
0.0720647895805742 -0.179511207965177 -0.0688878020437683 0.108907456731209
0.0774004668599947 -0.192808633377568 0.014235345020246 0.13540199130986
0.199822805174825 -0.154588850692975 0.0496170159676774 0.189389112454806
0.257869041551873 -0.0183271439331206 0.0164169697016274 0.26358668212282
0.297744078440825 0.134483941347639 -0.144277440993206 0.292379241540229
0.0988674533777202 0.344804776139391 -0.27968597456998 0.177870908874639
-0.233446713270708 0.368309637320408 -0.267719622905815 -0.0256569919707207
-0.44796814624921 0.258350855049458 -0.146211026326923 -0.0105148417453366
-0.449838575640716 0.0869897578971856 0.0201339356500577 -0.104593987142653
-0.400258557323937 0.256187798757131 0.270972785762439 0.119177186935761
-0.10389793396366 0.385974334054438 0.389961380106219 -0.139418646003942
0.226697127993071 0.30079362491843 0.169703175670764 -0.3701906909283
0.314446061737972 0.0758557949718967 -0.133690368796392 -0.305882254314093
0.281130712272583 -0.0988052398663429 -0.179559863982419 -0.110065304814201
0.161353264700103 -0.213227798405862 -0.0923036233425521 -0.0133596716217683
0.0880564970669287 -0.213019859590462 -0.0286438834665139 0.0253199238724958
0.0814120890033336 -0.221791607774997 0.0583326102760485 0.0545455277250153
0.207783800457828 -0.1815133672602 0.11481574812093 0.119993573863445
0.282647813593292 -0.0413944320136474 0.109567436301085 0.227433371531735
0.338581806026521 0.130319344387348 -0.0518097047459989 0.304849471698492
0.116661253712963 0.362856278329594 -0.20980689671639 0.224268273844474
-0.236052386688412 0.368169576025094 -0.213839678090531 -0.0119100405408075
-0.450496544528545 0.237994225847548 0.00165183475966714 -0.0468206796614112
-0.409294516940567 0.00752843675351764 0.218592471726104 -0.102116269509236
-0.43103357844022 0.164894897119768 0.352177323565152 0.122935405156491
-0.181063592230972 0.348954175659775 0.42372455662463 -0.0517013586049359
0.171885335736137 0.328082325656062 0.254684179719576 -0.274753313817966
0.302996038313113 0.106118100957343 0.00451743914334589 -0.281269291313277
0.281492033149767 -0.0801660694809493 -0.0639234882301214 -0.165021518511933
0.170111769943843 -0.204802851103896 -0.0223062169198786 -0.0995898356951912
0.0895182746155821 -0.212694243307173 0.0143667716336437 -0.0614386807141802
0.0765164551002452 -0.220455466061181 0.0988619175611728 -0.0302582737427254
0.19211991101082 -0.180879134297015 0.169497766757274 0.0446888632031505
0.273079306381315 -0.0470316863937571 0.183105124331415 0.180188981219208
0.324588695709406 0.131332397173606 0.0220863338670323 0.294526904486245
0.0900553377941915 0.343821786680836 -0.148338309983125 0.237351094462901
-0.236582897411866 0.309572799001748 -0.163109654903415 -0.0120679744726688
-0.403077585513119 0.168078308225737 0.131521455801933 -0.0758829001579657
-0.286583294947019 -0.0612412650599607 0.389290594533773 -0.0822722698833162
-0.351520161409718 0.0532530549584506 0.411032258240897 0.123336771101999
-0.191749081222292 0.238370362529038 0.425042573513518 0.0234722907303511
0.0987958870586189 0.267935277612555 0.300674206569354 -0.177638167470135
0.232916302863092 0.100510488149649 0.118502494089235 -0.239846055222371
0.22494089576302 -0.0535321995456289 0.039687740363881 -0.20388256126381
0.143714323074574 -0.164330143969031 0.0388062385943873 -0.173113106367345
0.0756935735668308 -0.178579406798826 0.053175485584011 -0.138566407811227
0.0654297919764099 -0.188489754150656 0.133667264813676 -0.107006497425711
0.158452986468238 -0.154833048679751 0.216779872706062 -0.0206412785871567
0.23520225268152 -0.0381943653376051 0.240062496479022 0.139010058283577
0.266503015085251 0.134756536513174 0.0735023342616547 0.281118800260739
0.0312952881268493 0.293854222834787 -0.104978076683958 0.234984945826143
-0.23081850487367 0.210201055589955 -0.119468441782477 -0.0148067885623821
-0.312649586691936 0.0631311234629136 0.234569307200963 -0.0847989765962515
-0.108456842036626 -0.110898241137974 0.497022721973033 -0.0618114651509353
-0.195429117440464 -0.0457686172432554 0.431511758326551 0.110764611725891
-0.139413010675517 0.100562558932818 0.410057214040229 0.0661062858111253
0.0352360293438223 0.151721362273122 0.317998480996233 -0.117895036147938
0.129325945587306 0.0633292279558969 0.184033603723758 -0.212427166756066
0.130037676910923 -0.0251225085160329 0.102064236329273 -0.230531428730838
0.0902120941367143 -0.0979035827711086 0.0766594804236286 -0.222517606031
0.0491422625833713 -0.116179192213405 0.0815823998966919 -0.192845105868116
0.0466372365290294 -0.128082444859916 0.161615170010112 -0.163954493192789
0.110664417996181 -0.1082019041442 0.258070483923676 -0.0650494007578126
0.174765622822694 -0.0232731595901659 0.285971349982378 0.118981104408587
0.178411477693847 0.127788416044446 0.108088889576 0.282448330497943
-0.0339458598286272 0.214670667424468 -0.0816895438346464 0.234762677253975
-0.19820826674474 0.0896453901278765 -0.090699706406086 -0.0106770671524659
-0.185531853606709 -0.0512095471617233 0.298080621749144 -0.0661015972455357
0.0447091955640331 0.116568816994346 -0.36136301817307 0.109268640172363
0.13055619766981 -0.000704872663869342 0.104029470466722 0.114728387514745
0.0440683526052834 -0.11406572768185 0.144230164358015 -0.267180048942625
-0.0897908456644717 -0.0724859828958487 -0.128818640604796 -0.376805508206904
-0.0847481397023684 0.0179101025923219 -0.39117601654626 -0.155837432633446
-0.0455732976803825 0.0335945358327045 -0.360081006218489 0.107965584378315
-0.0355479173781379 0.0471973395127524 -0.21116529263698 0.221029204570258
-0.0200292902335018 0.0411971279629245 -0.109913360340819 0.254234167915626
-0.0322622970492781 0.0121874434604064 -0.0752270156746253 0.27024667094496
-0.0265072727399206 -0.0213363990009924 -0.106614326333841 0.277951280834661
-0.014972335485834 -0.024421425387044 -0.198084806575299 0.240488996522572
0.0253001111293458 -0.0536590350560965 -0.32293097355339 0.144528009933941
0.0857718880150933 0.0172272177631915 -0.404603655192007 -0.039099575032638
0.0477758974349786 0.14050050498213 -0.448618897461365 -0.156687852303157
-0.0623072666726961 0.148545139298584 -0.538265811419846 0.0425748889724109
-0.11885700632189 0.184275129537101 -0.369070909566176 0.0498133763468079
0.028828377205154 0.135180040819121 0.104916138986494 0.119111303415931
0.0779283737628842 0.0269319052460426 0.181400679354706 -0.275815042166408
0.0350698971305316 -0.0142201516560615 -0.106968884749341 -0.41394208386054
0.0272813180368698 3.8437240602175E-05 -0.399346311151848 -0.193310473566492
0.0399828205748875 -0.0303253753509163 -0.369269238160493 0.0861746765724299
0.00928853145064601 -0.0452966135198422 -0.214185665375093 0.206573833369937
0.0130622164296934 -0.0459394648905296 -0.110076647248579 0.241939467693119
0.0200368026425535 -0.0732852385426096 -0.0569615189422267 0.258687674424963
0.0844095821326171 -0.069432273569473 -0.0756330035992794 0.279442326267796
0.104886487195314 0.006640190218179 -0.162328282971058 0.268098439539852
0.115511350627635 0.0594407495476792 -0.300239129730464 0.194710091137624
0.0490150323897396 0.167230506408202 -0.387618257534794 0.0221005530758863
-0.114737169252855 0.238499672972689 -0.399493350855905 -0.10589115515663
-0.260284821077804 0.204873850251024 -0.449783866762739 0.0419435539432035
-0.281330074691969 0.20526681528827 -0.307977670316122 -0.0164209648149835
-0.117623923022063 0.249049905565869 0.138565532545898 0.122718649879273
0.067817062944578 0.188708219387876 0.248913543787382 -0.269068686055585
0.157606263002795 0.0820928643204046 -0.0486822672070141 -0.448255927919244
0.154767497621753 -0.000759471490470614 -0.371941398005221 -0.24526810727128
0.139168449531237 -0.0847548095752206 -0.350011444202567 0.0370194025634769
0.0641277332234884 -0.133472157469039 -0.198211431778244 0.15920770509099
0.0441430034365065 -0.128126346329085 -0.0957945730462463 0.19461948627851
0.0558612875902945 -0.149491681837543 -0.0215053141372954 0.213551106152164
0.163142794806811 -0.125177651006354 -0.0114977615086871 0.254437607736029
0.207304573426072 -0.00114506015277459 -0.0778368419996858 0.288709863962385
0.225424782212477 0.116334280811004 -0.236703514507516 0.265557479188656
0.0716592388565259 0.288945941942474 -0.351779352043978 0.112974201129892
-0.204011664862754 0.336901393057918 -0.344050789726057 -0.0537715522505434
-0.397032471271658 0.259157680630681 -0.313002123280076 0.0271267713755941
-0.409998353845278 0.174628761250717 -0.173106383741836 -0.0739787774590354
-0.28214843122765 0.308492517210429 0.203550338479217 0.121095861886131
0.00503517755985686 0.335858301984849 0.3329236870799 -0.23124877695974
0.239735507962261 0.203214561542094 0.0500247563962258 -0.449536864143457
0.270287524913404 0.0233183162508702 -0.288479704517127 -0.293631609357674
0.231959374688029 -0.116886097281464 -0.292956890997209 -0.0334804576727014
0.118559434476845 -0.200596431333501 -0.159346554628142 0.0824992492515505
0.0682724151903491 -0.191757029276242 -0.0676060993142665 0.120461911178911
0.0720355267238923 -0.205948098455567 0.021758422671676 0.142988202568768
0.203138198651602 -0.174383220831072 0.0607166081116476 0.199693496967993
0.273012846812206 -0.0298724038154121 0.0289932670463934 0.278487187342861
0.318981395598384 0.12757958524649 -0.140847375486679 0.314141903280228
0.118769384237892 0.35922940018001 -0.288194858103921 0.195459710455522
-0.232363233204673 0.398629552873516 -0.284999704331819 -0.0173711624603211
-0.462174362246788 0.287342509082713 -0.157399662549299 -0.00723430506481036
-0.466679192725385 0.105892326746988 0.01766562576286 -0.107795922390827
-0.411152992172292 0.286488256617588 0.288859617156513 0.119427551715738
-0.0941504148828522 0.407547172158172 0.405342241415175 -0.15912839712024
0.249869054964438 0.305391331492716 0.165257779346304 -0.396318965285254
0.333520996169361 0.0639817076056363 -0.155523427236001 -0.31269867403093
0.290930077868565 -0.119652360436251 -0.193689970875107 -0.107924896707328
0.158957770475435 -0.232965054281282 -0.0993464839516227 -0.0113199039852545
0.0830267019174277 -0.227568634418449 -0.0302492359218581 0.0290754481292092
0.0757756177580061 -0.235948901048623 0.0636173664204998 0.0550353780973613
0.209056221054856 -0.20196646311717 0.126339680344913 0.122698688282795
0.296594769081951 -0.0562501555539047 0.126709870284271 0.236263846741465
0.36169716941539 0.119244682431126 -0.0430695742330707 0.326484419013869
0.138204325891332 0.376430295101905 -0.212109283247158 0.242803178002431
-0.235323138923722 0.397375130748407 -0.227013899291052 -0.00429842175518321
-0.464651041209591 0.264939746247949 -0.00416047363131544 -0.0512113082948232
-0.427775010205928 0.0203532937028208 0.226679891488134 -0.112612944770267
-0.447986458490272 0.191243854942456 0.374510741457022 0.118531980438652
-0.176949226608491 0.372018349626706 0.445164735347443 -0.0686592135027603
0.193773590932461 0.335826454831593 0.258077655024175 -0.298230644415092
0.322442492232311 0.0962238498617532 -0.00890424596443024 -0.2931802527978
0.29188099178513 -0.0994123385691962 -0.0748423753590907 -0.171980985674377
0.168297094484507 -0.225514389243678 -0.0304094558264091 -0.105808783223097
0.084270780346305 -0.22728129804896 0.0105727227688485 -0.0640676320932569
0.0705899615934688 -0.23347407493769 0.102264031818238 -0.0356238376753795
0.192680534164859 -0.19955087924336 0.181401194266742 0.0412018065932556
0.285820750037921 -0.0616480615727208 0.202499011927402 0.181981768264315
0.347302509053833 0.120761604292477 0.0343636456195906 0.311789127487138
0.110021130737402 0.357094284062141 -0.146857730681112 0.254941776076639
-0.237599725316412 0.336173297583681 -0.173908290910192 -0.00691900786444375
-0.416486744404121 0.19014501255348 0.131346650791639 -0.0881967394435235
-0.301903271693953 -0.0553309942653458 0.405962712197447 -0.0982419454476201
-0.369180122429869 0.0693027693058909 0.434518654488573 0.118215684340712
-0.193155044622866 0.257753949277515 0.449453044995282 0.0115556179299119
0.113984595044252 0.27714112407807 0.309251779162893 -0.196513961816728
0.248344896459776 0.0938399888556508 0.112214104456755 -0.254836458886248
0.233758925618754 -0.0682188208089567 0.0321492720064136 -0.218519980775083
0.142567889299158 -0.181110516420918 0.030556214087166 -0.186312641456202
0.0717644258313817 -0.190988485862407 0.0473194974862712 -0.147181488111902
0.0603148892518308 -0.199151876707515 0.134702389907128 -0.118300519733101
0.158556207513608 -0.170016907934427 0.227759001953921 -0.0306540767728549
0.245705073434409 -0.0511872227392706 0.260332629769386 0.137120856553203
0.286157325287601 0.127384941737711 0.089102144152718 0.296004412534038
0.0464085756573593 0.307616055529105 -0.100343407797821 0.251214458356783
-0.233910110466792 0.230776588076029 -0.128209412659678 -0.0115296903604051
-0.326024328336281 0.0765893807719267 0.238523507721238 -0.101754547809835
-0.118315536464519 -0.114170027300338 0.51995567507782 -0.0813778562039184
-0.208511417763698 -0.0410769677004956 0.454913669535796 0.102861178509312
-0.14290520808548 0.111169416662116 0.435244779681969 0.0566636829424248
0.0423390675037805 0.157369041540511 0.329898295301215 -0.134100186304386
0.138669520572382 0.0594738733718504 0.183133328948116 -0.229981550178147
0.135339946383284 -0.0331738962188669 0.097021733371648 -0.248980602944514
0.089857797122342 -0.107876271569532 0.0675524427642656 -0.240699309016437
0.0468810443206464 -0.12328860155027 0.0735721021290135 -0.206757050451044
0.0436493346182377 -0.135000226508857 0.161339873598303 -0.179799966597896
0.110153426336495 -0.117760408150272 0.268934122006992 -0.0788277549735824
0.182745847498357 -0.0318178046198886 0.307705877169131 0.113600481265482
0.192858610219078 0.125554018791753 0.125820347428549 0.295296688538036
-0.0266098720434666 0.227341471174112 -0.0768018589215375 0.250465809924225
-0.204538967856459 0.101320500360409 -0.0975572817363564 -0.00788126205166978
-0.195601219839032 -0.0478538414147398 0.306400082198094 -0.0846940111216644
0.0517107063316421 0.117538060228613 -0.366883390832593 0.139010819276588
0.136473553181286 -0.00993826436118445 0.118694668327047 0.11260440411672
0.0373149553412519 -0.122348860859977 0.132389147717494 -0.292666464880421
-0.0983710656440502 -0.0684123818598189 -0.163697044597775 -0.387776267975018
-0.0867047014043698 0.0258064371494226 -0.420370897030146 -0.134113673876652
-0.046236595774372 0.0400435881394979 -0.368835953585838 0.141412765047578
-0.033121413250228 0.0531735671900465 -0.20301251604774 0.246432295001601
-0.0174126943527753 0.0445439140482095 -0.0928214195845041 0.273522445961101
-0.0330369875525096 0.0147747935015433 -0.0553077161669769 0.290362537390693
-0.0294976950793485 -0.0206207090470121 -0.0914770168364036 0.301763400120425
-0.0163619509162337 -0.0248242096291016 -0.192654391252567 0.266289536777781
0.0222312584649126 -0.0576711964284388 -0.326380813798256 0.171893675234247
0.089785458354105 0.0124774533122925 -0.426402906287568 -0.0170290888022247
0.0610311076782147 0.143802564491465 -0.480803688455166 -0.134582905613926
-0.0558905080877743 0.159958752423766 -0.55784914495093 0.0832396947697077
-0.112417591745243 0.198160530867125 -0.380278044778073 0.079083751918908
0.0401921440920817 0.139411388512658 0.119609854921024 0.117949229109845
0.0824322369677365 0.0208194613110224 0.171107707113636 -0.303095933579523
0.0364292698251445 -0.0174373073571171 -0.141978843146734 -0.428859834950512
0.0282142190293514 -0.000990968377419687 -0.43299926375616 -0.171674537694772
0.0379152357682099 -0.0339410020751643 -0.380483092322735 0.118949448658251
0.0059918940036951 -0.0478759977232396 -0.207779462639886 0.232555336175476
0.0104512716937011 -0.0489013284547154 -0.0940303621178167 0.261768279667627
0.0151353996112221 -0.0780223673020422 -0.0386546460918458 0.275789174688607
0.0822526894640365 -0.0805650015653728 -0.0580507977879217 0.300507921201033
0.111887523603411 -0.00130093732434268 -0.151728396499813 0.293082328349543
0.124936124675494 0.053679910123954 -0.300592927277979 0.22376820888473
0.0624995258733576 0.171906992127688 -0.404639395163798 0.0460290422917867
-0.103411829442915 0.257977289713617 -0.427795522192318 -0.0848844933677226
-0.258860450808502 0.231160577736077 -0.467401736386906 0.0750936811648129
-0.280173667323119 0.230899432214325 -0.321102339252192 0.00655852283009218
-0.104463429082521 0.268875051013066 0.15472090316359 0.120228510789247
0.0840466939389905 0.190240542773323 0.242545644517179 -0.298715739020667
0.17052279517978 0.0736183830025327 -0.0825358153553691 -0.467198310526335
0.161376545428494 -0.0122871327206967 -0.407190379152779 -0.226821467059546
0.137078867300335 -0.0996497288215978 -0.364155948006568 0.065172369578594
0.056056638770818 -0.144458712117072 -0.195386305463966 0.180825308606847
0.0363950176000446 -0.136337021157828 -0.0836809528481063 0.211308380837269
0.0460364839292155 -0.159464729988348 -0.00442604580483708 0.225887228515229
0.160402679943022 -0.145091069523345 0.00701575857935132 0.269022171165179
0.218091192528296 -0.0158884820524366 -0.0610168288283409 0.308842784443945
0.243895131632044 0.10503231656587 -0.230051391356195 0.294483329328555
0.0955030654444005 0.297776209996556 -0.360835740414638 0.139274684995266
-0.189836484308749 0.367652911194054 -0.366435838313137 -0.0338821363216501
-0.398390186140366 0.296946594053318 -0.327371879743085 0.0497072246327923
-0.415503993779072 0.206571968356408 -0.184891817214634 -0.0624434003439672
-0.273439989511266 0.343655424671767 0.221904074867503 0.116252856675926
0.0276701769224442 0.347381556841665 0.333225732482896 -0.264066952965915
0.265753653013584 0.192782403003098 0.0213039214636756 -0.474439417288735
0.28287527394263 0.00296707353733866 -0.323253020350258 -0.282584530502589
0.232018307385135 -0.141768252753686 -0.309125854392821 -0.0126953148903204
0.107280677263487 -0.220231914760289 -0.160393794833666 0.0968359778107825
0.0562136161718771 -0.205025692134648 -0.0614239537825756 0.131971734089298
0.0590685251156589 -0.219411825245544 0.0342031105694662 0.148064233086187
0.197877116185926 -0.199044507649732 0.0793702832583978 0.205881434532792
0.28481377820096 -0.0523980174996331 0.0508160518040447 0.289839517955896
0.342060283402596 0.106911112891829 -0.126107548330758 0.341089156713587
0.149370318620024 0.367039686113462 -0.287379810630219 0.222822593357354
-0.214682721203632 0.434028249226393 -0.301209981931321 0.000330423659797274
-0.46344550226571 0.330730684197219 -0.168324454711937 0.00184372640556664
-0.479273290963539 0.137961702580273 0.0119108115368782 -0.110514302372455
-0.41140671127355 0.329215770337611 0.309420237327286 0.108132299439045
-0.0712732200244442 0.430435338923911 0.413432416450407 -0.192259677162514
0.282534993399223 0.299354959741519 0.145035987260818 -0.424434637538209
0.352080652636429 0.0412617530515355 -0.187076838029907 -0.311270257166709
0.292893770240838 -0.150289697548584 -0.211151305237533 -0.0991520526668699
0.145660768766036 -0.257737531127228 -0.105795973944846 -0.00599229938819802
0.0697252319424185 -0.243617743579675 -0.0302451609328619 0.0344825715842693
0.0607591037744905 -0.250563578269033 0.0714398842036593 0.053214312438954
0.202067257736056 -0.227768360298911 0.142808028940526 0.121280824550102
0.308483754453115 -0.0809254210163219 0.150614461031344 0.237754085902949
0.386131034774306 0.0959526680848959 -0.0213305362413574 0.347157734400846
0.171763957190252 0.383694120608416 -0.204373222550858 0.266845679406036
-0.217515334070819 0.433549126803528 -0.239700079053329 0.0106665548833292
-0.467398822248899 0.308493439260404 -0.0117693641669752 -0.0555502130651356
-0.445465992652215 0.0471681338107809 0.229698890174654 -0.130156802262023
-0.454974212306044 0.232771569441513 0.397920458580563 0.102249294794113
-0.16005033547971 0.399871797706802 0.462059203860335 -0.0980549695683801
0.226457216422869 0.335619191836406 0.249393661378893 -0.328421497933857
0.343960446634332 0.0745632261489299 -0.0317457991366268 -0.301342122731062
0.29531006731175 -0.12863383302688 -0.0916704120449175 -0.174990021426481
0.155164191040013 -0.250429445713001 -0.0418680941085598 -0.110197129290874
0.0710624245343318 -0.243293153023546 0.00389867511015455 -0.0659542184946923
0.0562171018228913 -0.247723823551727 0.10414020101934 -0.0451208863727342
0.184624065293289 -0.224028635455218 0.192976675530982 0.0311893140457944
0.294847778281674 -0.0863534375608256 0.226872311513856 0.175946447541941
0.370350899778654 0.097526265945554 0.0594676126636824 0.326985752824425
0.141057582346136 0.364585608483661 -0.133610738206461 0.276382493930581
-0.224124608012497 0.369619006270127 -0.183639972686927 0.00406116669627135
-0.422293318921 0.226189086414745 0.1260269950961 -0.104052756217954
-0.319352956426115 -0.0388715087626107 0.418677638631028 -0.128350129971893
-0.381182407774533 0.0998657594608818 0.460305709983894 0.0963020496295684
-0.184640253650401 0.281698839192912 0.471847721345969 -0.0159149784042635
0.138509285474506 0.28047138576801 0.310925044199041 -0.225010287172157
0.266517831931639 0.0781519701754544 0.0979434488481369 -0.270349904622126
0.236949591370922 -0.0914786419810257 0.016888841615286 -0.232323228692467
0.132719101392662 -0.201290352990349 0.0143389296230854 -0.198959735539967
0.0604593456773496 -0.204659703589374 0.0356202680796481 -0.155845184316933
0.0482451914674355 -0.211116063230345 0.13047136245626 -0.133120817723839
0.152291397319526 -0.18908930272677 0.236260732635218 -0.0475911279442027
0.252619932025286 -0.0722878220401647 0.284434973116573 0.12485729812944
0.307868567834249 0.109882762021348 0.11429733206525 0.305884161937923
0.070922672464758 0.317217499240031 -0.0861541119459128 0.270182711679712
-0.227735868012878 0.257813708942356 -0.137208000087511 -0.00412270067237713
-0.333952678144451 0.101500479455681 0.236418312273436 -0.126540149348508
-0.130857767717493 -0.112318259168825 0.538011387680563 -0.119127984458742
-0.220375377469852 -0.0285712300292739 0.480388925496134 0.078868781626637
-0.141369236905386 0.125717652682422 0.459632329311023 0.0321181646742346
0.0548107811122834 0.161316331712791 0.335769756522682 -0.160619764213105
0.148249920895613 0.0503459530155967 0.174057593894075 -0.251119992937854
0.137761769093762 -0.0463334946808109 0.0820005662366071 -0.269596399127673
0.0840126453284197 -0.119998702115141 0.0473633423251471 -0.258560138056555
0.0398058360255899 -0.131354512256777 0.0581630581080481 -0.219467044975469
0.0356201830868902 -0.143127646886214 0.152626083452316 -0.198403211010268
0.106151670165438 -0.129881873093065 0.275443819914129 -0.102611167448819
0.187591058618279 -0.0470930170013342 0.331694585870002 0.0968890133755667
0.210393429509144 0.115180030352631 0.153532388067354 0.301347787034197
-0.0111178886535739 0.240167878021832 -0.061475914915507 0.268328305004504
-0.206608119567051 0.120303362873536 -0.104651071737223 -0.00334378717538133
-0.206438102928198 -0.0382659141279559 0.308037273431317 -0.112942441599381
-0.000584199998729132 0.132908589418613 -0.400311090557538 -0.0278966573490212
0.132554076603257 0.045966379018732 0.0604618960048547 0.15511532306207
0.0817797384676766 -0.0973296728215861 0.244254372091537 -0.215606590214784
-0.0645698284924822 -0.0985420559864315 0.00739154587636202 -0.433195142114177
-0.0903489450466176 -0.0054520605590857 -0.335174554880524 -0.298503433878715
-0.0598942968644503 0.0227997257167186 -0.403099828790774 -0.0228185645019866
-0.0544200816439122 0.0401781709882599 -0.291529926108639 0.14344785006036
-0.0343726510762481 0.0362103527124099 -0.195216125605316 0.215771946810429
-0.0358176732163277 0.00136469722152811 -0.168549538463206 0.248693132083802
-0.0183355869350662 -0.0296243527275026 -0.208143302549612 0.242349185353109
-0.00411804796069131 -0.0275851955328952 -0.291483285615195 0.165839860719185
0.0403734538107695 -0.0387175079347058 -0.37276370464363 0.0158543964985108
0.072422498369794 0.0514400207262292 -0.388922693754906 -0.204692438354795
-0.00902230437167991 0.157995863116407 -0.395119965791723 -0.342500429421042
-0.121066616429868 0.126365001297624 -0.559266991825897 -0.183218937722594
-0.187792387025838 0.137570440047851 -0.384092493041376 -0.0853751455002585
-0.0209268759107191 0.146573201743412 0.0634889313749842 0.160008582007236
0.0626940679979373 0.0543635724275254 0.287764765293737 -0.212091026631196
0.0382353253304082 0.00385386240807104 0.0467669094691952 -0.46544930008069
0.0271755302735499 0.0175942289770855 -0.332391725888645 -0.342622320290629
0.0494813390162722 -0.0125100484459257 -0.407018821942789 -0.0519965118706177
0.0242509053482233 -0.0386215367909475 -0.291070530707922 0.127036063998388
0.0312574653458392 -0.0400302841920373 -0.192109176762022 0.203534729524619
0.0471335218414659 -0.0657754687559362 -0.145776222878805 0.242318120073073
0.111051155420624 -0.041415036825805 -0.175549297061744 0.257308804818268
0.107647516111626 0.047811518198185 -0.262894164104375 0.211852802530512
0.0905415994830552 0.106085547837733 -0.37313019703102 0.0809560285396535
-0.0208008764494878 0.187012676420525 -0.400868362980358 -0.134860624812585
-0.210485915205119 0.195525256572172 -0.368555381151364 -0.277546462821438
-0.338190127100954 0.107367407241514 -0.46973678373282 -0.152651099340007
-0.357952922299828 0.0951174050204629 -0.297478594779331 -0.12296564812202
-0.212373680202881 0.20641739922929 0.100693572851398 0.176499496636262
-0.00868717866207505 0.212810825242749 0.358160847821313 -0.180054594686068
0.123823108260342 0.14339326264064 0.121840178890048 -0.478876263586566
0.154061244239533 0.0634171132771417 -0.284836230834345 -0.389646877348833
0.169312702129699 -0.0342934552231812 -0.371516097103694 -0.097454871232435
0.111051724226445 -0.110623375631751 -0.258559154456657 0.0833794223625413
0.0927609504704374 -0.112042692030318 -0.162515024534709 0.161033306442938
0.109795943823097 -0.128849289158887 -0.0941296261621655 0.209446505294493
0.209808121860267 -0.0710015759891172 -0.100689527118029 0.254928643589594
0.214098024007515 0.0766714959327301 -0.18239282777905 0.267720742899223
0.180808901907451 0.203191626679713 -0.33713416289567 0.182502005427121
-0.043732570929877 0.319094672113539 -0.403188555683872 -0.0265888615413015
-0.337320717067957 0.261843853565428 -0.335163257302455 -0.205179847142438
-0.494619663414965 0.109654539040977 -0.328898624865254 -0.115224638489975
-0.477154996721772 0.0136895121519726 -0.140411948045934 -0.123872677571291
-0.40338785424481 0.203955804894516 0.169932787130506 0.202475026869917
-0.128735529251799 0.335058308959843 0.431743592440326 -0.109157636329735
0.160788472473193 0.29118958274865 0.226829433076037 -0.44254670177561
0.259163535809251 0.128236335570348 -0.182389096824977 -0.410312483058634
0.274846678456777 -0.0356096903002154 -0.287533359553192 -0.14908903105237
0.190270598971224 -0.162251772964125 -0.192349552740755 0.0183775698098562
0.140126731557388 -0.168142509382566 -0.111227498795654 0.0971235324850751
0.145921009626186 -0.179497305087108 -0.0264797188606424 0.15283588931954
0.267428063811019 -0.107589916278829 -0.00721218987453269 0.226573870991409
0.292809176246715 0.0694029576975667 -0.0684127779542224 0.297504404245202
0.272083823170086 0.243736964988097 -0.258482964611018 0.274313690701464
-0.0218414952303819 0.407596118215525 -0.371944161751972 0.0858660801830664
-0.388293893522856 0.314056087730144 -0.291905221472117 -0.145188805752683
-0.569825625406785 0.112636541937048 -0.159782754333711 -0.087655815366468
-0.5074277791302 -0.0809084791363037 0.0622401228277215 -0.0829454469790252
-0.528898631257659 0.132000768307935 0.256978156396255 0.236228233926899
-0.257390654006614 0.369204989828145 0.479511625753283 -0.00373722105727591
0.130647914582156 0.396261266492677 0.325553026401121 -0.343767878439042
0.306315207194807 0.190317535701898 -0.0411758552375871 -0.381331286804088
0.334404671092655 -0.0187155824087081 -0.159927184511897 -0.189652823511781
0.241718630475098 -0.182275788979204 -0.0991222116319479 -0.0540492026352953
0.168434156755008 -0.200306342975878 -0.0433184062967348 0.0194643932726586
0.158635183995411 -0.208215202250449 0.0466259938134967 0.0794941594598143
0.281738014970977 -0.134140386110605 0.0865969754178688 0.173567331783771
0.326666084381951 0.0513423147224427 0.0482439584960118 0.291184697690476
0.319052737826246 0.250359920297162 -0.163205388343874 0.3248116622272
-0.00708876065011222 0.43265178013054 -0.313397320257044 0.166514321036406
-0.390241129125424 0.312916848835461 -0.237848491853951 -0.108569589891883
-0.564290079509577 0.0891874307136965 0.0121459094398562 -0.0695926489432999
-0.44030098313891 -0.151312662618411 0.273389162584559 -0.00791009497600761
-0.529766799180793 0.0229070311926413 0.340022737066885 0.270413493037042
-0.327389001777675 0.301380849641211 0.484545557404935 0.106151875189357
0.0632267812006606 0.40402491235466 0.382597515431759 -0.206156751912986
0.282749083391779 0.216553140578992 0.101860773981073 -0.306081145635225
0.328008899723368 0.00261279223929583 -0.0162555611776817 -0.209658745391613
0.24841680437502 -0.173629074292281 0.00382338436236115 -0.124986478037869
0.169121451913529 -0.200417932025058 0.0287789846861689 -0.0604442704518128
0.153673036262435 -0.2075869336815 0.11509252321169 0.00206018538448949
0.263590805631183 -0.13673521033833 0.169496531573008 0.110976219256608
0.314240385202662 0.0403047369536801 0.143908135148056 0.265628734803586
0.304849807796064 0.244095581261726 -0.0808281128047022 0.340958331854299
-0.0258286704693288 0.402689192763067 -0.251305563054026 0.206226905294338
-0.367013046725812 0.250379026814799 -0.181701116884211 -0.0895333619449324
-0.486716431484186 0.0320476966315309 0.162011048721681 -0.049887353379527
-0.286553147263798 -0.179386729588163 0.44760225849424 0.0714657510627855
-0.404566239149751 -0.0728675750499919 0.396407352912221 0.293611259308938
-0.299433757354827 0.179569285289432 0.454282896394055 0.190278132964179
0.00552570277440726 0.314410849202271 0.394410491901631 -0.0799378837185334
0.209231997091603 0.184101218531106 0.208563953334557 -0.218892783093071
0.256948619358125 0.0114854803688001 0.111707599124127 -0.215388702290131
0.2054013770549 -0.136788615448186 0.0931059434276009 -0.182889143577708
0.143203729466791 -0.168106193593643 0.0923983433774287 -0.130701764592383
0.130595707431071 -0.177040131747889 0.175062385625425 -0.0686280961163754
0.219004750310194 -0.116613390741075 0.240212118970109 0.0549730026722436
0.269315637669729 0.0362466266699112 0.217053734219734 0.241103004738195
0.242103488598469 0.228607084586141 -0.0203106320071884 0.344346699839986
-0.0702624085921492 0.327323131218006 -0.204245033776678 0.218674633157026
-0.32205079317717 0.14398560344386 -0.13240420569609 -0.075050506358244
-0.351991779698466 -0.048141570508661 0.275030535694611 -0.0177795730844252
-0.0801107189213244 -0.167127192529753 0.553626241998614 0.127008942053642
-0.200211887493014 -0.125891866790732 0.416473552383852 0.286302631556206
-0.190691793696366 0.0523237155862509 0.41836108056756 0.232046749553027
-0.0219909063427137 0.168774583877292 0.387476837016209 -0.00676555988798162
0.11213152823599 0.107403868384087 0.270826949139793 -0.164271690132918
0.144729713355901 0.0128759205526539 0.189650347853745 -0.221290534273414
0.127478731020327 -0.080360011494709 0.150298330410977 -0.223259012542037
0.0933173718039642 -0.108221561978697 0.139517016368229 -0.180366811537686
0.0908299755406167 -0.119155127038341 0.22121042354193 -0.118701920310348
0.151441540655073 -0.0800841260478251 0.297187148369238 0.0189745953592899
0.196313566011281 0.0319692796669128 0.271723495953802 0.233328909422722
0.150504554745841 0.194703856561555 0.0144696598351459 0.353955465532904
-0.112674226308597 0.22101935093205 -0.179337949981459 0.225834421698851
-0.243451453874841 0.0235825636858021 -0.100334000637808 -0.0572471696849572
-0.175115625302711 -0.124352147404622 0.335740870060619 0.0304068497466922
0.00519196087274753 0.132198009314759 -0.400009387063514 0.00323096025027534
0.135866466604296 0.0353503705169815 0.072306160001085 0.151752479628341
0.0728362067540172 -0.102382652748425 0.225990624101246 -0.235214782580279
-0.0713207684080721 -0.0925854059923312 -0.0284221067117651 -0.43363133376297
-0.0906819904697053 0.00265767229550718 -0.356969700449393 -0.270861262258227
-0.058059773668301 0.0292733638302525 -0.403397617763788 0.0112785342611399
-0.0502180473321744 0.0457766737197476 -0.277697877747594 0.166207321664324
-0.030615486928275 0.039063202160795 -0.173588837155663 0.230637274293425
-0.0357790501783428 0.00400682204850116 -0.145031371006719 0.262818803536209
-0.0215691876750476 -0.0281164867475704 -0.187078419187537 0.261406642223263
-0.00576218843036997 -0.0267057647526015 -0.279305308033357 0.188417632704556
0.0367719131284592 -0.0404789346093459 -0.369519240824893 0.0423431817617346
0.0754643330617783 0.0466409663397086 -0.403605862147237 -0.179704246672284
0.00440214005099004 0.157971126215375 -0.420567565325327 -0.312477455919647
-0.111258541501045 0.134384475317117 -0.569835728654486 -0.141125763480912
-0.179294619947298 0.14917151869834 -0.388303964367215 -0.0544017846158117
-0.00884022355351418 0.147806765919316 0.0761570162160217 0.156267316428136
0.0657682088026103 0.0491649033047189 0.269716969440212 -0.234337124816216
0.0392689233201696 0.000110270834779286 0.00897608184666085 -0.469506184743733
0.0286074487730824 0.0160335655617 -0.357401895160442 -0.314312802724041
0.0473477719909783 -0.0155673776169526 -0.41050099717946 -0.0174114685513349
0.0207210229878232 -0.0399414854186151 -0.278618449632084 0.149665820078752
0.0286137641649117 -0.042303864707676 -0.17252245423815 0.217919012969791
0.0405930475158948 -0.0688525876084033 -0.123593278984026 0.254818568775967
0.10620091784868 -0.0510478090497319 -0.153857027221069 0.273618298193249
0.113134357822229 0.0393784774380903 -0.246909270768779 0.233195374898125
0.0976697410998608 0.0986693231884799 -0.36486520847361 0.108320443862872
-0.00726989634996925 0.190075032479484 -0.408876774931257 -0.108581299261812
-0.193942290677029 0.212547996783394 -0.389490900889581 -0.250323458092833
-0.329310559488367 0.132220933879467 -0.4804512775956 -0.116618751632926
-0.350482489871667 0.118634254047082 -0.304477858525295 -0.097425035173191
-0.195358332538877 0.223300557287229 0.113628222168505 0.171109379242428
0.00677921591899099 0.210640740479671 0.342209883189916 -0.206559573459992
0.134826688137032 0.130483594591391 0.0849568153131763 -0.489169453043398
0.158014124056007 0.0499420358144291 -0.314755227562454 -0.363543337051679
0.164126399309847 -0.0484471513518442 -0.378416274084026 -0.0658625817394152
0.0998935794071598 -0.119084344051107 -0.250284533742052 0.102859081478936
0.082291877992777 -0.11815070437542 -0.147307672560101 0.173897690916672
0.0969853594366985 -0.137257485797319 -0.0750558874042846 0.217278985875667
0.20314257595698 -0.089588238424824 -0.0793524442682056 0.265156950847832
0.22212887443922 0.0597058553955801 -0.162592755852624 0.282505636185874
0.195225575271344 0.1865011828324 -0.3220079680418 0.208197239485764
-0.0191987536761386 0.322159747665533 -0.402796983218997 0.000408578747960838
-0.315711358955712 0.288439562977189 -0.35178152574739 -0.180362133404882
-0.484656002432272 0.145160781926561 -0.338862924552194 -0.0909260927477458
-0.473198584145976 0.0469029559448245 -0.149194972725763 -0.110178509089471
-0.386574055294232 0.236520858248367 0.183001047353298 0.193771931184792
-0.103308713640742 0.340745408168012 0.421328546692471 -0.140178090405026
0.182611739933652 0.275301274581062 0.1916152926386 -0.45892358882737
0.268192288431408 0.10566603747806 -0.214210265615144 -0.390190390971522
0.269017013413958 -0.059379236774807 -0.298645028218394 -0.123861915205218
0.173275984007018 -0.177043681148502 -0.190065125477786 0.0327250926425436
0.12519897600723 -0.179163842542265 -0.101356322798545 0.106745361933353
0.129100618008162 -0.190138435114945 -0.0130108889018165 0.154480977721308
0.256115647784875 -0.131121186063057 0.0119605800253708 0.229518515635219
0.299527447323707 0.0458635893638703 -0.0442765700779751 0.303766428597541
0.290330011542211 0.219095789645196 -0.236875548179801 0.294815139387562
0.00975894863571681 0.408244602547843 -0.362040876435606 0.111484505080761
-0.363015733637942 0.345162166176341 -0.302806480120609 -0.124389982654441
-0.558930699079643 0.155030444071838 -0.168947332166108 -0.0775375095836013
-0.511262129232887 -0.0451331097916961 0.0567883553811054 -0.0845997257494311
-0.516026149348334 0.173359856601625 0.271586004935864 0.219811848374996
-0.228265983553161 0.384906551710406 0.478003144053047 -0.0378585979764068
0.161357875845689 0.381457942962283 0.297989090752014 -0.36609183934702
0.31998092368933 0.163931157225239 -0.0697322177738567 -0.371972801717345
0.329504230339977 -0.0479647441042811 -0.174215031347249 -0.174989528034024
0.222061203035917 -0.203446974173649 -0.103560473900603 -0.0481710005790303
0.149103789883305 -0.212548263317761 -0.0417813519535852 0.0242224843881184
0.139710869541922 -0.219326333289957 0.0529113758979762 0.0757481740488657
0.268891076144606 -0.156731879347982 0.100360829697756 0.168222314418792
0.330616436967956 0.0246482779503316 0.0710360066271559 0.28816794438715
0.337288047435107 0.219931664929681 -0.137055311470744 0.340190077098012
0.0267257936369401 0.431836517630636 -0.297502193337976 0.187810280215866
-0.364259097863866 0.34463631663908 -0.246538163890177 -0.0913898768770153
-0.553497365893257 0.131571503574021 0.00240189808272937 -0.0727565417577664
-0.447924513775348 -0.12060718293557 0.271056673645573 -0.0263448449463395
-0.526881502432904 0.0644033600830443 0.355707681629439 0.247711431705242
-0.303920122330811 0.324014555325156 0.49032462163882 0.0731387625349667
0.0942146108354498 0.395745409195352 0.366625614800867 -0.23202679501556
0.297960102070889 0.190439034840638 0.0766927373379581 -0.306475070971293
0.324453421920458 -0.027246732027276 -0.0315187795744983 -0.20742409617262
0.228857190559975 -0.193891126545697 -0.00812544910304297 -0.126671981011197
0.150211115703347 -0.212098108470622 0.0219340526864218 -0.0611134537186987
0.133895597649107 -0.218218552526258 0.114679876767601 -0.00670445023448318
0.249833254963249 -0.158173839391396 0.17828866540476 0.0982815508076118
0.318796656174648 0.0140509004037137 0.165434529725569 0.253560478217855
0.322678147169255 0.215123236869487 -0.0529099885278352 0.349545563467616
0.00622609565091449 0.401657413018766 -0.233148124135766 0.223032821773111
-0.345531030458636 0.277455397270464 -0.190009762084119 -0.0756558829936556
-0.480435114167164 0.067674963342533 0.153065095122691 -0.0658522971886248
-0.297954801563071 -0.159728386551676 0.451155994682311 0.0397620260744267
-0.409246424007307 -0.0408257859148898 0.412887516180267 0.265338591305389
-0.284595463061072 0.199691910733241 0.466926402853408 0.159097376956815
0.0294102181712124 0.31110743852421 0.386412730885818 -0.106584223173294
0.223077000862453 0.164777586953825 0.191094939566796 -0.228811898324741
0.255574887914897 -0.010080429427165 0.0937307052196933 -0.224307154194343
0.189949748348262 -0.154024092842314 0.0745851316485888 -0.192326717176609
0.126847445213786 -0.178127069736044 0.0792585238825568 -0.136341903705022
0.113829305367416 -0.185817137702075 0.167243989052592 -0.0815605375797507
0.206911224180989 -0.13430283212783 0.243317147233727 0.0366903878666054
0.27137385073762 0.0139029364474695 0.237001533143888 0.222955159761712
0.258947568768744 0.20454700256234 0.00643705540089374 0.348884807759502
-0.0445284250327143 0.331565628293579 -0.184392175186156 0.233951137459519
-0.309704861583136 0.168120698265169 -0.139126904865602 -0.0655597067265937
-0.352615084911991 -0.0226154884411184 0.266588121307884 -0.0431841171420081
-0.09270920229329 -0.161571178502082 0.561662971936 0.0856252968199919
-0.209271217443991 -0.109179887361216 0.432642688765977 0.257321993692763
-0.186032154837842 0.0653644832996573 0.434864139283523 0.203285906581271
-0.0091104724664149 0.169370333951715 0.385981327690804 -0.0324034845214959
0.119413659018882 0.0966948417454291 0.256387830102719 -0.181229362932587
0.144058335752418 0.000108767944183694 0.171218550875803 -0.237234194383632
0.117856529475757 -0.0904421735497673 0.12764039714208 -0.236648670540232
0.0826868935984823 -0.114818366886658 0.120846207712916 -0.189345461258484
0.0804741795671125 -0.125493500762943 0.208140724435858 -0.135794652057957
0.143859445659364 -0.0910195948374177 0.296663498240169 -0.00351872088303297
0.197504174119598 0.0153318880756898 0.289526873914986 0.212094248150107
0.165889971633374 0.179755363587481 0.0427953461856949 0.355087369385804
-0.0943821072202002 0.228796518328613 -0.159992031880042 0.239283120160984
-0.240780169098641 0.0416170498690042 -0.106329408938797 -0.0509446755480338
-0.182107308161505 -0.112119636085423 0.331338995723898 0.000703096986133564
0.00952090165235428 0.131223448537783 -0.392990337101503 0.0276503852156416
0.136484998274485 0.0274341734773827 0.0811194006516375 0.148160853994137
0.0654032867277726 -0.103657830587578 0.207971210833787 -0.245362822886775
-0.0763770502539035 -0.0868443351680261 -0.0558709357655387 -0.428087574028059
-0.0892578095440026 0.00917132913043416 -0.368580155459915 -0.245264005005179
-0.0552606782961694 0.0343862244499458 -0.397251862724944 0.0391421668865936
-0.045459982728068 0.0497200614061224 -0.26271356671641 0.18154487032391
-0.0264643258548178 0.0411499452807187 -0.154720901391132 0.237904350860196
-0.0356039431687779 0.0064322761927233 -0.124120448538028 0.270196499905943
-0.0233877771947325 -0.0270061955712317 -0.167868814661238 0.272213351450443
-0.00629765770431352 -0.0255901705164147 -0.265596442378861 0.204180218942524
0.0334355752463225 -0.0412438399227214 -0.361785692773677 0.0609998290588304
0.0769055589992604 0.0425633160593855 -0.40976254090757 -0.157371038373392
0.0148966774686767 0.155865192559243 -0.433253251210884 -0.285396642591865
-0.10216292494344 0.139251081622654 -0.568738203996387 -0.104180043661189
-0.170481292290383 0.157270474126922 -0.384529687130122 -0.0293206569590493
0.00101143453793988 0.147219101799685 0.0847233654626505 0.153047939116729
0.0673284402426926 0.044100901529623 0.251177473393385 -0.247133986292274
0.0386831665156565 -0.00352246057985654 -0.0210237230407569 -0.464968965067029
0.029322602892168 0.014852717281257 -0.37194778514463 -0.288141969483283
0.0452880323993506 -0.0177315706347054 -0.405639331533314 0.0111016026790743
0.0172628746064797 -0.03984744087843 -0.264711672468445 0.164992074270634
0.0257215182203612 -0.0424016406380092 -0.153856663775566 0.22636731365797
0.0345956273646085 -0.0703688991146108 -0.104038299718507 0.260004927763309
0.101033491576103 -0.0585806006030396 -0.13372686340972 0.282197827108477
0.115826254432343 0.0314979903054642 -0.23150232924548 0.246007924707712
0.102163783724276 0.0919275602469721 -0.353755282477493 0.128325075460395
0.00394033602279554 0.188915242035671 -0.409992867138898 -0.0877618749105295
-0.178717079216705 0.22155419781172 -0.39953617126852 -0.225536616514093
-0.316620511055294 0.148269200322466 -0.482020354693987 -0.0860244819695658
-0.339360241942566 0.135207826226651 -0.304442915352034 -0.0757257008257462
-0.178313722416394 0.233062585411884 0.12255404734536 0.166791032201839
0.0183621887611126 0.20614337530079 0.324044933554849 -0.223264960311937
0.141428533553436 0.11818248585443 0.0546911723488019 -0.487912760581736
0.158939807588229 0.0397200838860349 -0.331895564142976 -0.33717661067836
0.157729346184357 -0.0581107534826811 -0.376590823798155 -0.0393218608620889
0.0894800515668751 -0.123194934016419 -0.240753796202507 0.116074862747035
0.0737438662686252 -0.120595294380668 -0.132545991056504 0.181438457213526
0.0857148683924954 -0.140684435162535 -0.0593576674072156 0.218847918078212
0.193307073304901 -0.102717797209708 -0.0604965637924223 0.27056365082967
0.225337447023508 0.0439650390563398 -0.143180786629585 0.290922522589533
0.204217077032638 0.171062685151091 -0.305978610096665 0.2258814790161
0.000144572667680481 0.320366248199639 -0.39767780690958 0.0193051400719168
-0.295121356469584 0.305145229092415 -0.359001506879286 -0.158777799980623
-0.468748304592857 0.170761317774486 -0.341842568681108 -0.0709438279232142
-0.464763919033933 0.0700625758020235 -0.152271263791102 -0.0967282961938246
-0.366062050892117 0.257109071453339 0.191305118162703 0.185622924413993
-0.0825556059938612 0.340434345931278 0.407577221927039 -0.160328123163239
0.197374110527202 0.258439986832957 0.163009512795768 -0.464646705262488
0.270200999170369 0.0867912218138225 -0.234680302074961 -0.368033391969304
0.259497859557924 -0.0770337823621905 -0.301677910737658 -0.102100230972255
0.156824027249984 -0.186302514006688 -0.185550007175821 0.0427041519611164
0.110893720599659 -0.182938697912468 -0.0918747459032702 0.112219259068377
0.113361322926003 -0.194727044940513 -0.00222320443947341 0.153247349733263
0.242686842241749 -0.146655793421018 0.027153893834182 0.228754131905221
0.300610533172461 0.0256866442355893 -0.0252935041911329 0.304071598886483
0.299662502588232 0.196863983581663 -0.215966053767659 0.307828359266565
0.0346101508762231 0.402354343631521 -0.350486257743637 0.12741927965791
-0.337710741572273 0.363910702658049 -0.308654198429684 -0.1068464237889
-0.541222244382593 0.185301703446605 -0.174421489610542 -0.0682920026988394
-0.507518977078846 -0.0180357752360699 0.0516347372743044 -0.0836916812137708
-0.499626391013715 0.20343824371367 0.279050037539238 0.206845137316774
-0.20359418353921 0.390743589047154 0.468787038766158 -0.0620334400993133
0.182261224499467 0.363854001951219 0.274319653308391 -0.377915183231019
0.324410362255613 0.139668705439291 -0.0917728926411403 -0.356548282522874
0.319576229864323 -0.0704694682333649 -0.181837899702298 -0.160287921834176
0.202435436831445 -0.215082216714922 -0.106619515056843 -0.0432969867912079
0.131782680546153 -0.217862032315626 -0.0398476150449801 0.0275445321092766
0.121439491249039 -0.223719255763192 0.0577496448131991 0.0721574056226001
0.25322008422888 -0.173047910870261 0.110614590934593 0.162294727131486
0.329542346741994 0.00130119560156266 0.0886922790609706 0.281734369244501
0.345943010030761 0.192795310657773 -0.114166442008189 0.346986484482966
0.0540573489973945 0.424505413125648 -0.280745763238705 0.200191008359218
-0.33874523185684 0.362889993794362 -0.250320383115554 -0.0775958779535786
-0.538535184580295 0.161014150700573 -0.005974789189014 -0.0741943982329681
-0.449482978531367 -0.0963353823837916 0.266990030763096 -0.0395412308120952
-0.516623682840891 0.0954267219965146 0.362850465061751 0.229329242558806
-0.281667908922654 0.335197443981381 0.487838239978199 0.0472755211830442
0.117036032170017 0.382291239321642 0.347277700599961 -0.248406648396916
0.305924108628352 0.168046636447848 0.0585857286523259 -0.301010846239849
0.315873288840714 -0.0497371054989942 -0.0428168292568395 -0.20223788043689
0.209216840105518 -0.206799222104136 -0.0181794328935514 -0.126821099315403
0.132489165806475 -0.218366510045801 0.0168647382664142 -0.0595689057574191
0.115924201295121 -0.222619014121128 0.113072609741065 -0.0130679824102015
0.234575603150581 -0.172409701787662 0.18202352851301 0.0880311899556138
0.315369618566169 -0.00668486702097162 0.180556683815251 0.241780641742553
0.331122827609844 0.188590376788988 -0.0289629816710673 0.351923926484769
0.030536742272 0.395919680198655 -0.214420356699538 0.231767607743788
-0.324532940330158 0.295883141485305 -0.193116371243179 -0.0646223294830821
-0.46896891978138 0.093657684981449 0.142138602604369 -0.0765707690209578
-0.303165702634028 -0.141557748221861 0.44631157013466 0.0139559712564001
-0.40722168993057 -0.015662034919949 0.418424218379149 0.243224187064327
-0.269248227162957 0.212004410314703 0.469343811741738 0.13372067881135
0.0480803340807648 0.303627786693846 0.37566901710247 -0.125890004512316
0.229300190520963 0.1459222576366 0.175947278985178 -0.231758833978943
0.248585342639801 -0.0283176091381219 0.0796522291039974 -0.227894721988145
0.174513247577312 -0.163733679899263 0.05940208556924 -0.196554181852644
0.112078650961438 -0.182600053886188 0.067208998567394 -0.137603958528648
0.0986290346327602 -0.189128489915982 0.159796077604023 -0.0895852833539059
0.193691655936687 -0.144957636335162 0.242193762097145 0.0222571594077583
0.268295273507026 -0.00469156236226841 0.248655562726737 0.206674244278641
0.267517840112997 0.182871735507146 0.0294543558067152 0.347729636029575
-0.0221323630308843 0.329372576894262 -0.166385970416489 0.24098879756715
-0.295220728444137 0.184127537617484 -0.143310076504932 -0.0568378955860825
-0.347978658746687 -0.00286709953966308 0.255863652734246 -0.061335887075369
-0.101080176283335 -0.154794766188076 0.55723082535299 0.0538509309706317
-0.212670444850995 -0.0958973753702575 0.43748845231726 0.233139104855237
-0.179691624756502 0.0744455710521961 0.44141954054759 0.177881944914366
0.00100985751351929 0.166768479026606 0.378897036616369 -0.052270846336657
0.122864771371144 0.0863083823445856 0.244077967491564 -0.190417223595345
0.140666018576119 -0.00930517229039109 0.154660453376907 -0.246323909379446
0.108415207537003 -0.0962814150376658 0.107038397539911 -0.24296022416509
0.0740929215479056 -0.117806499298013 0.104322669591328 -0.192385113206944
0.0704064500494319 -0.128052850556061 0.195470837212873 -0.144285826771643
0.136082252471063 -0.0979978457721208 0.291895062950985 -0.0215573391292826
0.195337139877741 0.00258367127634144 0.300321591288906 0.192175077002589
0.174823367318085 0.164095076075043 0.064874436561006 0.351330851771056
-0.0786166364386831 0.231555330749407 -0.142098035981878 0.244280926140171
-0.234445037007836 0.0547593039185796 -0.110564087696643 -0.0452834408226942
-0.185687324721778 -0.101538489471349 0.321395776629017 -0.0218838284860963
0.0128380837365499 0.131376721977594 -0.387282120880886 0.0461855218205269
0.137308957536031 0.0213991792905963 0.0886586091318025 0.145804534756557
0.0600494907731607 -0.105087709800091 0.193765315728655 -0.251871074382869
-0.0802819918249946 -0.0820855669273703 -0.077177349346926 -0.422824747584537
-0.0872453975598767 0.0151626578039959 -0.377670296834264 -0.227167881652562
-0.0527042439352717 0.0389920190641741 -0.390802585515887 0.0609684751680616
-0.0403538150520725 0.0526905969758039 -0.250516626969376 0.193898421730585
-0.0226023372495981 0.042498823730699 -0.138313947542441 0.243648143197546
-0.0359854320184323 0.00947096070884137 -0.107097349475741 0.275650122370439
-0.025243471668709 -0.0256859000240298 -0.151953216911894 0.281208856928171
-0.006818034272688 -0.024942782628438 -0.254897598327048 0.216755249445111
0.0318778314782689 -0.0421291834130522 -0.355062433609215 0.0751786313282391
0.0782902880744423 0.0400401878690015 -0.414490444062411 -0.140874958012773
0.0235599776083052 0.153310566514612 -0.443288991814777 -0.263601222701857
-0.0954389395308512 0.142417692104753 -0.566732546999149 -0.0753972316936081
-0.163582062835462 0.163593319017101 -0.381169588521837 -0.0102814001693248
0.00912618817984512 0.146819937646748 0.0924826795314548 0.15206910314833
0.0690228447156756 0.0406505144389367 0.236415821105746 -0.255140354494048
0.037751187485818 -0.00674422483591538 -0.0435764798289398 -0.461493298087064
0.0303335179780386 0.0139229998649892 -0.382523851270761 -0.266380572148126
0.0435743633270055 -0.0186123156013689 -0.400908983307848 0.0331492825561326
0.0160216646430023 -0.0394192442043829 -0.254173110271823 0.176951475724247
0.0244821746831867 -0.0422823191549468 -0.138622904573618 0.23123874287256
0.0295200117158838 -0.0709178166000728 -0.0873287508358542 0.26481925356798
0.0965145333223658 -0.0639672000426079 -0.116316520052379 0.289769497155625
0.118623048451846 0.0250827474194725 -0.218829447147618 0.257403659020981
0.105877902504121 0.0865256758341975 -0.344266758102177 0.142787406768865
0.0131821244037618 0.188421490674348 -0.412314935741775 -0.0717911212074263
-0.166169445470069 0.228788113162262 -0.407599362197072 -0.205383163284723
-0.307989560703285 0.161329207467822 -0.48097617029071 -0.0631948825544997
-0.33206520137478 0.148330277717506 -0.303573855003847 -0.0587227585315683
-0.164657887920847 0.240875515233455 0.130747442072087 0.164576795639737
0.0273658391084719 0.202070306814395 0.310713100354938 -0.234128653511844
0.144697335963331 0.10739908254665 0.0302746564182584 -0.486153878858208
0.160040923205727 0.0309893834703961 -0.344000098847946 -0.315124992255345
0.152150854678086 -0.0658548484820784 -0.37428323013034 -0.0183822200951313
0.0807261932948896 -0.12594270108284 -0.232979376042458 0.126831872978485
0.066892317760341 -0.121911556652329 -0.120033862969236 0.186242840840179
0.076216577374002 -0.143183303029988 -0.046084205026858 0.2213431523673
0.185509641543556 -0.113525961545004 -0.0450491414275194 0.274347828938525
0.227566591949117 0.0316573027118336 -0.128159462627513 0.297371657811457
0.210697620314826 0.15930891448648 -0.291621452249588 0.239194872455082
0.0161377589404643 0.318468246381667 -0.394633197162268 0.0342285841945344
-0.27770922005782 0.317471968354328 -0.364178729715655 -0.142261981782194
-0.455992828641009 0.190534036689108 -0.344458988211041 -0.0543795642725199
-0.458246116294233 0.0886475078173018 -0.153711637390934 -0.0869318403931506
-0.350426088315674 0.274462546083306 0.19823409007744 0.180829435849339
-0.0668138078714501 0.339844487610595 0.396395061548676 -0.174589845912921
0.207143159625409 0.243204683056217 0.139919969736165 -0.469138877426598
0.272099477747991 0.071208082811027 -0.248846422653098 -0.349090610846409
0.251632190703043 -0.0901892746765684 -0.303032028161978 -0.0845059108676094
0.143406444678369 -0.19246153372581 -0.183210081964683 0.0507043431898693
0.0997044009232937 -0.18564038874524 -0.0841916955198817 0.116137033573519
0.100856363116818 -0.197139709837353 0.0066934671714448 0.152068676083052
0.231387499661253 -0.160268390346376 0.0398738022012852 0.228781951929313
0.301395091764602 0.00924221896135275 -0.00920548448654422 0.305195982510854
0.305367131751069 0.178213844626826 -0.198456980510392 0.318021542616077
0.053824827739372 0.398848557240102 -0.342317578737328 0.139223899583141
-0.318806456463461 0.378721622370051 -0.311992503169787 -0.0913335979130629
-0.528162793381012 0.206680163717759 -0.179789660676073 -0.0599039662116575
-0.504179120227026 0.00188841882633007 0.0482673210280643 -0.0830347563696358
-0.485238420697209 0.227980133401269 0.285441391937424 0.198894239531136
-0.184807706257595 0.395057327893794 0.461634782584617 -0.0797415460128824
0.197213661428162 0.34882476852067 0.2549046155573 -0.386258095905123
0.32812443001045 0.121144149441023 -0.105228365949679 -0.343504522658167
0.310660437130204 -0.0879027304532326 -0.186538741851516 -0.148552380535242
0.186703543467374 -0.223791110912912 -0.109046879046745 -0.0392303356379548
0.117890209944442 -0.221380455573042 -0.0374424744285376 0.0307489831915815
0.107724052197031 -0.226369067919822 0.06104601421056 0.0681274439179941
0.241131166843271 -0.185882023604233 0.119666204089835 0.158904203298626
0.32828969476277 -0.0162227215224885 0.103319319719437 0.277180745321561
0.351144948008597 0.171893172168635 -0.0947408917057908 0.35251393304153
0.0746393542545014 0.417597377438898 -0.268531746785564 0.208960792432328
-0.320228052772316 0.377706067828365 -0.252554623920587 -0.0650354478878208
-0.524588953262861 0.184542114278375 -0.0143397652154076 -0.0753487914490746
-0.449779124422713 -0.077616590934299 0.263230598880003 -0.0493362665866385
-0.507921256936276 0.12118689373268 0.36747454389251 0.216613725854389
-0.264798399807018 0.344348488300213 0.486295695674382 0.0283974184709598
0.133369263491769 0.370600405579094 0.333952542669219 -0.261545620836281
0.3098943681242 0.148763695887626 0.0462939335153078 -0.296197439364372
0.308135196764178 -0.0664004050403635 -0.0500871226774542 -0.198519468254378
0.193933788941249 -0.21509465693296 -0.0268006639331515 -0.126827740872181
0.118952808344142 -0.221130978768632 0.012956129970646 -0.0581790272570495
0.101737480639051 -0.224290069433213 0.11164196720972 -0.0188729648129517
0.22219631733895 -0.183158826388463 0.186848547816786 0.0803475192953011
0.313159102098639 -0.0248427145579266 0.192636018674135 0.232691530097437
0.336019261960336 0.16684865088895 -0.0116976775224417 0.354192618901442
0.0510409093492466 0.390716165272659 -0.200786677047792 0.237881063937092
-0.30832598561701 0.309788772130186 -0.195881135715694 -0.0555609004788492
-0.459673447843468 0.11450152796421 0.131985745172577 -0.0843547523127407
-0.307414921482585 -0.128217122887739 0.443162052016959 -0.0043071701575504
-0.403786118879104 0.00425364011922575 0.423149617980661 0.227048517366662
-0.257992977930077 0.221239036312415 0.472482879433525 0.115304631837634
0.061240339799269 0.297199336637267 0.367561216975793 -0.139623414750218
0.233355644369311 0.132236717257431 0.1663302783671 -0.234275567105778
0.243369331214318 -0.0407259280050177 0.0690706912346762 -0.231231876258066
0.1619166963232 -0.17074051735611 0.0457052483550845 -0.199851343890563
0.100805223937673 -0.185710529353821 0.0581067251412909 -0.137434992854656
0.0868215694552658 -0.191203595185772 0.153369485025308 -0.0959463216765394
0.18379494293084 -0.153322570086702 0.24199266854058 0.0117635753816628
0.265546116466038 -0.0192822318817039 0.259518021961922 0.194012252178337
0.273615148821627 0.16434598268373 0.0475335358658165 0.346990167645937
-0.0055972541639596 0.326940414581043 -0.152537729991208 0.245210587547197
-0.283819171969613 0.196685309664361 -0.147522065428897 -0.0506077223251221
-0.343758910351011 0.0121420604063658 0.24478045904359 -0.0751140527432475
-0.107062765259021 -0.149481087042919 0.553944656541219 0.0284156498993561
-0.215396502732126 -0.0849950335835562 0.441459480519366 0.215151455611479
-0.174984517457626 0.0806413940298805 0.447430576558437 0.160442348300005
0.00839373444915441 0.164375944504812 0.373638761658012 -0.0673395197286997
0.125327447025667 0.0779827693799942 0.235400944696668 -0.197317244264814
0.137835650360663 -0.016729850863367 0.141922403007426 -0.253581171741414
0.100572768355252 -0.100160935432778 0.0911343384300198 -0.247552307201912
0.0669423205364548 -0.119511216342008 0.0915248072400215 -0.193836746785773
0.0623394669741003 -0.129594740670045 0.185772642282873 -0.150806587807545
0.128978457866062 -0.103373140101809 0.287682287569206 -0.0342988364400118
0.193187921105881 -0.00834042965700773 0.309280276332153 0.176338365267329
0.180791793141695 0.151492125937822 0.0828474351367553 0.348382212079568
-0.0659600853454071 0.232453252116118 -0.129392062658071 0.248769535205001
-0.229525289297462 0.0644879540773855 -0.114896699643391 -0.0407771966378894
-0.187713415644241 -0.0935898755865873 0.312782639853006 -0.0393889814949396
0.0166393782848492 0.13286672242526 -0.383987762713111 0.0629135420749704
0.1394906063908 0.0145317066628751 0.0968475087416221 0.145531449914795
0.0555902290196006 -0.106772122276565 0.182794073591735 -0.258882323419456
-0.0844020890743082 -0.0775384243839965 -0.0969847664178126 -0.419847821396916
-0.0851300212135471 0.0203050966502564 -0.387060302577824 -0.209075487698158
-0.04912474656547 0.042951667014437 -0.385086062869974 0.0818317179896423
-0.0356238898058892 0.0549843016764037 -0.239343332767114 0.206704708570046
-0.0185893119052536 0.0436291230022341 -0.123899903300514 0.248498002852452
-0.0351598648085022 0.0128458730586208 -0.0898541340237704 0.282253637496763
-0.0266265258083648 -0.0243559475577874 -0.136108035351511 0.291555128276779
-0.00681835790342018 -0.0240673534329408 -0.246622621608846 0.229173061217406
0.0298371259952732 -0.0430595021988227 -0.352091159937368 0.0883132845693598
0.0810385974467643 0.0374833882036603 -0.421929098785541 -0.127416195387909
0.0320705928610728 0.151253336731593 -0.454154252443622 -0.245396030890898
-0.0892518989591644 0.145124822284087 -0.566392022675406 -0.0507830828798336
-0.157915978082042 0.171339197166811 -0.379906982898678 0.0079768196658928
0.0175052494594059 0.146816857220096 0.101434721460533 0.1514112954594
0.0706245020475124 0.0369564200792593 0.223954511323111 -0.26320952582131
0.0363005964183299 -0.00942405020460874 -0.0654809250839773 -0.458468374357768
0.0314952863993587 0.0129130061305266 -0.394367142536484 -0.249341177314267
0.0429375676835289 -0.0199462667840361 -0.396582575347215 0.0542644277993316
0.0147277097894996 -0.0396940797590747 -0.245709481142256 0.189373972145329
0.0240324669137041 -0.0430298905309785 -0.125576562960109 0.237127835014503
0.0259881316050838 -0.0703865531427736 -0.0720893795418153 0.269131573503502
0.0926941783492601 -0.0696258732243854 -0.100690402482743 0.298552744814128
0.120526801730754 0.0190981926014616 -0.206985106591184 0.269626586884145
0.110886272418361 0.0810805136616855 -0.338005435221447 0.155941838298655
0.0222939725419136 0.188447941528769 -0.416841593434214 -0.0577320272783404
-0.154171407306238 0.23536746483824 -0.416841159362107 -0.189505367634731
-0.297606101136763 0.172884797627861 -0.481710913993654 -0.0428320821977635
-0.327821844101568 0.161648479327911 -0.303912593035502 -0.0444423010455158
-0.151600037305377 0.248958153535671 0.139002131169137 0.16382263206121
0.0361223784206984 0.19901041792708 0.30025769922823 -0.244439438574685
0.148815171582973 0.0986435517825666 0.00867471377419223 -0.488596302163373
0.160745548750727 0.0235505671211358 -0.357678433726656 -0.297861218544166
0.14829940869471 -0.0730715029353116 -0.372904438042818 0.00207985572247375
0.0739495421692741 -0.12900489758647 -0.226879976270944 0.137263384633034
0.0615235249924213 -0.124169655691931 -0.109153854731397 0.191234119657425
0.0682239384891323 -0.144799564161856 -0.0343722256332827 0.223990795766387
0.177844300094519 -0.124120582390322 -0.0285228692989449 0.279519767555346
0.230432710620978 0.0190789814633971 -0.114189672142087 0.304836603536033
0.21839413518064 0.148197051763217 -0.281050061039214 0.252660291282749
0.0313386283006599 0.318337489128557 -0.39385798296833 0.0477561227873502
-0.264441890888068 0.330567788087502 -0.371255502545746 -0.126206349473549
-0.445888469345153 0.209423049281473 -0.347666215499596 -0.0404758995183346
-0.454619429788426 0.1051843337978 -0.155740764094347 -0.0778069432674245
-0.33596141681192 0.290902840819326 0.207711663410321 0.177858856527288
-0.0520724786230432 0.341124532270911 0.388857631713502 -0.189224740535662
0.216995905286417 0.230953002708844 0.118183933934523 -0.473677565152819
0.273721299639687 0.0569597400697328 -0.262906204216972 -0.334100836509692
0.245929644768688 -0.102839546175042 -0.304450859636543 -0.068712037701587
0.131864282745588 -0.198799815467627 -0.18140925756198 0.0584096088672788
0.0901948958006073 -0.18865316259963 -0.0773171922654343 0.120733261106595
0.0896251418761878 -0.1998349080348 0.014344884383625 0.152202022745881
0.221972306093041 -0.172481850947681 0.0536588081836366 0.229553624963526
0.302920004055502 -0.00693935583562902 0.00472706876096107 0.306989929896181
0.314983808766913 0.160302908289931 -0.182728236778056 0.328659962925842
0.0737089367068865 0.396403795730027 -0.336497248714434 0.150976165243997
-0.301414327892889 0.394020641973341 -0.315889778223984 -0.0781853479869277
-0.517374860947245 0.229339959749167 -0.18613785090029 -0.0521433492830085
-0.504074310943697 0.0229243889232981 0.0457765570978638 -0.0822887440338681
-0.473220621633874 0.249705090621629 0.29388374528515 0.19243117502659
-0.167697185234384 0.40141744081349 0.458062579392648 -0.0956241562024306
0.211254738530795 0.337163266323513 0.237382861890647 -0.396584498759516
0.33258481420667 0.104104149717002 -0.118455310642746 -0.334487351068991
0.304451241093276 -0.103429212356885 -0.190848781785827 -0.139427068971638
0.171773634173079 -0.231930275037718 -0.113401656420637 -0.0352505296366166
0.105737578830396 -0.224198889129249 -0.0348561367039754 0.0328966686437476
0.0946660075742309 -0.229766293713207 0.0643752960343185 0.0648981179971067
0.229593258936239 -0.198104079661018 0.129633304613965 0.155206011310187
0.328124668958418 -0.0331160521231059 0.118154099860546 0.273659226588095
0.358444757515536 0.151606980427544 -0.07686501902545 0.359597422282096
0.0950217205326327 0.414352550289077 -0.259505802447062 0.218011905812828
-0.302068369625349 0.392898561778736 -0.256463099224087 -0.0539614442601767
-0.513956648743512 0.206623033020827 -0.0222014909482355 -0.0755168317312
-0.453260762351504 -0.060693331825261 0.260536136704529 -0.0587459742123779
-0.500534907014498 0.145429811417252 0.375877813257608 0.20651357722813
-0.251926392534732 0.354379579837009 0.48833723338248 0.0110773752987781
0.149203643019871 0.361852616139398 0.322313236806313 -0.273865824839178
0.317340430607354 0.132056938795549 0.0360026006983572 -0.293386658914753
0.302050858292019 -0.0826190721973356 -0.0572167077296025 -0.196786663101306
0.178869631683191 -0.22403902886702 -0.0356481263166244 -0.126907637196907
0.106257441883485 -0.225161375698504 0.00999489571106547 -0.0572944714194982
0.0886179606716103 -0.227460995172784 0.110323388593398 -0.023795817834254
0.211447646407027 -0.193984187012023 0.191919666647911 0.0737259519279553
0.312066188246149 -0.0414603058676175 0.204803281369274 0.224471470568156
0.343784290718709 0.147092099337425 0.0082612618057867 0.357322498380818
0.0699065625430716 0.387471210382184 -0.189749290945619 0.244810264806496
-0.293357439710166 0.324336334011911 -0.199816645710345 -0.046636601151803
-0.452297779334919 0.133207556842046 0.123258669213004 -0.0916038311472434
-0.31198771465939 -0.116704980449029 0.442078408333735 -0.0216330403810306
-0.402841413939685 0.0236247468539798 0.431967684520677 0.214901390571935
-0.250065512732715 0.232042288927237 0.477693509141595 0.0985327091925279
0.0738294004366091 0.292831627926593 0.36089420884257 -0.154510510199699
0.238538269060043 0.118464953776315 0.15861092108698 -0.237907938804481
0.239281820215033 -0.0533296221507459 0.0597154670093501 -0.236384990890808
0.150450717522732 -0.177493479283465 0.0328945427718602 -0.202889091677525
0.0905567157230143 -0.189206063710235 0.0504740990629901 -0.137569263541771
0.0751906308043874 -0.193468211609769 0.148179956643576 -0.102359663915242
0.175098022556924 -0.161986655344027 0.242834254007235 0.00178304094384402
0.264309051933737 -0.0337435946661612 0.269503302999014 0.183296456060862
0.279740427001442 0.148100697977267 0.0663480492734574 0.346445955025348
0.0109873714628572 0.326286340736934 -0.140396533756342 0.250726346072176
-0.273357741973081 0.209254897213791 -0.151093412119573 -0.0434413780348338
-0.341072898372857 0.025206442182384 0.23540124830956 -0.0868198806593079
-0.11340427490087 -0.145274780099627 0.551506723371393 0.00447940560627449
-0.219266043179589 -0.0750381510002416 0.449668433395697 0.200752456637056
-0.172841923351156 0.0879352767715548 0.455855671811188 0.143080150707097
0.0154146252528152 0.163486416084794 0.369967403839076 -0.0806057309266984
0.127583803834873 0.0710328653957946 0.228988284839793 -0.205460269337611
0.135464137589283 -0.0227689935897226 0.129910066588464 -0.263058256087751
0.0945064718523633 -0.104118504422421 0.075791700073159 -0.252219549898471
0.0610706223625442 -0.122260640237421 0.0804494680891174 -0.194868025521787
0.0549998754410186 -0.131758108295501 0.177577888230821 -0.157427732990622
0.123694935296491 -0.108925768449137 0.286456425910504 -0.0463038118177161
0.191107837492656 -0.018429545125322 0.318524440895879 0.161389129601984
0.187439164732433 0.140595124755081 0.101462732150515 0.34633153775581
-0.0546263870584544 0.234681500831438 -0.116813804090197 0.25335388679109
-0.226443592743101 0.0735237688158071 -0.119025380522147 -0.035645370391196
-0.190743808840071 -0.0865714605127239 0.305570842663559 -0.0546592320735179
-0.00447129872415658 0.128695230843796 -0.390012410944018 0.00516559629721616
0.131355270095441 0.0349417205569735 0.0730112888662756 0.168053985726769
0.0730734298745221 -0.0900512705298876 0.225209830934871 -0.219284635483902
-0.0640695342313996 -0.083726651880115 -0.0279312375298111 -0.431206703927727
-0.0783507704193276 0.00685494809837314 -0.347153838795629 -0.269302193722648
-0.0499801551948309 0.0341988216866586 -0.39330263676227 0.0164785281578467
-0.040707546639022 0.0499094718684136 -0.273665843772009 0.165158430183526
-0.022510255662561 0.0397941810517927 -0.162067087045449 0.221392107669392
-0.0360804600428673 0.00734469900702528 -0.134339563215498 0.263847002804883
-0.0217265013330183 -0.0285624091722041 -0.183222078034809 0.262543026005962
-0.000921252396380727 -0.0248115615710046 -0.282633588236842 0.182717173585406
0.0370452930150531 -0.0325325923070854 -0.361852271957201 0.0190922045409619
0.0699439747548981 0.0552466551815481 -0.395953542833173 -0.201875610192533
0.00135239546480615 0.156493306841328 -0.413570713339811 -0.323719471982046
-0.114491844707769 0.125301219217679 -0.563283224789735 -0.158914588188652
-0.179505076279588 0.135252846570616 -0.379974978569647 -0.0509998945587095
-0.00617984006391218 0.144192938498026 0.0727306089117134 0.170154320560777
0.0636845664976624 0.0516386063904136 0.261555110278116 -0.215823917690472
0.0402070091685607 -0.000169346906422118 0.00842341973640246 -0.462465370312216
0.0362381932547336 0.0185178992072554 -0.347539570367908 -0.306885308947755
0.0492660734206362 -0.0123448540647638 -0.401032635334927 -0.00939659517252132
0.0222751973422895 -0.034663994605348 -0.276412876565809 0.14634154104872
0.0331802958187768 -0.0390456057032055 -0.161955946579931 0.210448554605106
0.0378663648279157 -0.0642479157161972 -0.114226525142533 0.2545710054083
0.102785846762813 -0.0535770021688205 -0.146942365748695 0.276834843359656
0.117107367516594 0.0397136628776318 -0.24596822866934 0.231235808167522
0.092832115696492 0.102525199905876 -0.357009178247359 0.0955051351214321
-0.017427245332534 0.193369262535919 -0.404497901283648 -0.128060051809216
-0.19775271325329 0.2066141247628 -0.391131155021078 -0.263875501245688
-0.324863564638329 0.113702027225011 -0.483557558103733 -0.132301539705606
-0.340493973198061 0.0961137718458529 -0.297965164511519 -0.090450406610725
-0.185490087916422 0.218047035179507 0.105205725248273 0.18131098208109
0.00320508417687776 0.203653278633966 0.329248637840134 -0.186250482454843
0.129079235631865 0.121109924946861 0.0845700438901132 -0.476114540670877
0.159403754216577 0.0502836056606775 -0.305619817875418 -0.348371576334563
0.159046714109073 -0.047337137816766 -0.368138784883077 -0.0549941377102557
0.0923775953861487 -0.113213595101055 -0.248335492061524 0.0975692322684088
0.0835490688627269 -0.112878152648433 -0.138428788388376 0.169016385022932
0.091620448246674 -0.129263596472309 -0.0685623465808359 0.2150384435658
0.195078137467043 -0.0924801913979915 -0.070924561530963 0.27044844145879
0.225660552565979 0.0587767110630858 -0.157092314661247 0.282830018191456
0.185674528294797 0.185867740980826 -0.315016310854123 0.203615045511879
-0.0325911821918249 0.323803654234081 -0.401237415102968 -0.0142146388945649
-0.323126493401484 0.280567254698104 -0.358551377475444 -0.193700200391742
-0.477014120661258 0.122164123983704 -0.349412352737095 -0.104705209694795
-0.455448908801889 0.0220258893045382 -0.147252190473009 -0.101553162192374
-0.369885913998043 0.23204373869811 0.169238067478347 0.199798729539783
-0.10644351986962 0.327131574425629 0.40239963647005 -0.120441355576777
0.172218532492035 0.257892666362267 0.18972512740304 -0.442195342346455
0.261841879369973 0.102087118465671 -0.207517588028684 -0.369033178003402
0.257409075492096 -0.0604971258991349 -0.288786798817929 -0.111664214887816
0.158697726678402 -0.172059643416439 -0.188928555830894 0.0265809877653669
0.122194948143577 -0.171603676504767 -0.0959611151306578 0.105453170187843
0.121879923069707 -0.179068659937462 -0.00951579587066479 0.152289420432109
0.245557394109775 -0.132901162956006 0.0194875658254123 0.235222751236006
0.300567258335414 0.0451491893021031 -0.0371238142193473 0.304590649579432
0.276666780002191 0.215105439208959 -0.227522480345863 0.297710312226241
-0.00535417819334334 0.408774004238407 -0.359671701619606 0.101891134381549
-0.370672340676927 0.335879569541506 -0.313811049507212 -0.135431924715254
-0.54983567228725 0.128283442184938 -0.182874900406416 -0.0864332136879111
-0.491733941861026 -0.0645937271754291 0.0528074557521201 -0.0756210113566676
-0.497793683942941 0.173124011766217 0.253482671923843 0.222869233444768
-0.230879314428087 0.368199593166886 0.454125747782622 -0.020648754132324
0.149294810569412 0.359327739418308 0.290909450414591 -0.346582369576161
0.308496650887839 0.157412420182071 -0.0662514777897351 -0.344886764160131
0.313841211268894 -0.0516674953292494 -0.165341107960679 -0.162868097351859
0.201900043669842 -0.198708548516689 -0.104382705885055 -0.055019423749054
0.143345463099214 -0.204982034121571 -0.0401903533570864 0.0279082304675285
0.130674750686768 -0.205841343087072 0.0547225173622397 0.075237679345906
0.256723555851113 -0.156420095200891 0.10668384092774 0.175390192600092
0.329545124997537 0.0235077103642642 0.0809842244799745 0.288695787320506
0.321709081102 0.212156768916782 -0.127152083693617 0.347782452740828
0.0143215347323581 0.430449319656922 -0.291911020242489 0.182864401436369
-0.37075782174712 0.334389224120132 -0.258380782383159 -0.0996493093557685
-0.543291257713612 0.106947568253471 -0.0137941947779708 -0.0790221557830873
-0.429370810446079 -0.133708609671577 0.261981829281399 -0.0181831544313442
-0.509411247724115 0.0674051381511008 0.335555577043745 0.249837958455271
-0.306182909142196 0.308367133862587 0.467030354210355 0.0857163451905376
0.082771327422509 0.373480266306824 0.355930747871555 -0.211388107963952
0.286031374095127 0.181947245176605 0.0788557046878806 -0.281514517985086
0.307533939033543 -0.0305856507643915 -0.0244595773894031 -0.199320414256122
0.207814281487195 -0.190352176583161 -0.0121567062483837 -0.13331478743355
0.143337629444418 -0.205119806996573 0.0190411312343787 -0.0529398846779012
0.124679229532486 -0.205146169927672 0.114407708783075 -0.00437394428993517
0.237475833377816 -0.155124493770894 0.181098931502535 0.105757891191242
0.314645723061115 0.0124993090679521 0.175518150616858 0.255091434535825
0.306418862992152 0.203274318589891 -0.0425827041626454 0.361200996480377
-0.00586832620286277 0.398041839421489 -0.227105184751578 0.222073841030695
-0.349012166477009 0.267511033072208 -0.201168493572816 -0.0839812575602576
-0.468115661308771 0.0472400542001854 0.136276810570856 -0.0700111928924834
-0.285622745358588 -0.162365637073072 0.436181151798999 0.0489835179988298
-0.398010143253228 -0.033810160475615 0.391905419707663 0.270522256135619
-0.286319431145158 0.189384356015928 0.445658341879877 0.17092864929652
0.0207689387229853 0.295854993264769 0.373801231660728 -0.0886423949838343
0.210562246196572 0.157052996946573 0.193347693259342 -0.207512042293922
0.241100678654442 -0.0120701899753642 0.09801101796091 -0.221701375249794
0.172382873102153 -0.150151075143302 0.0677549148632023 -0.197413885612108
0.120473084420083 -0.172231378652348 0.0714434431646834 -0.124347009358715
0.105446548022133 -0.174168240207292 0.164458915644529 -0.0743321973517251
0.196750466351006 -0.129261409611771 0.241444458082431 0.0443378193287376
0.265021859243141 0.0123959152777502 0.243887076231239 0.224647490448794
0.245695077199782 0.192726579942816 0.0152473250658299 0.360352663804037
-0.0527653179874378 0.32600665185488 -0.181295078131382 0.233982768164017
-0.308128688134439 0.156211569759552 -0.152552353403024 -0.0726433409820255
-0.340425890221282 -0.0397104625453652 0.24940085403357 -0.0444781705662628
-0.0897594019009296 -0.154593350618127 0.543639271606349 0.0921909236427146
-0.206321736528973 -0.101903883732407 0.413623194699616 0.264884328928685
-0.188708751964696 0.0615833051300489 0.420874365952847 0.211700751069881
-0.014837960454826 0.162319051252928 0.373119998446167 -0.0161806970509646
0.109825634254598 0.0928712149896654 0.258090344428477 -0.165013812345419
0.134055182760855 0.00202564073898876 0.172193365764136 -0.239804558510094
0.106412884736675 -0.0862915789975753 0.118004808916144 -0.240019129027843
0.0802971948178936 -0.110779076088626 0.109577254744519 -0.174831212658158
0.0756717538487627 -0.117308810938049 0.202501577341678 -0.124049308244023
0.138092663144 -0.0863358190771995 0.290969592344721 0.00470306529348338
0.190098098007154 0.0145048888992993 0.292899443079233 0.212612975248224
0.157840312835738 0.168237927472024 0.0472984457864141 0.365837590149802
-0.0980956328928083 0.222859610252097 -0.160655995836306 0.238702115985362
-0.23735697444512 0.0304145719529088 -0.119216154540747 -0.0595834980343672
-0.172376966685655 -0.123172741861632 0.314873620488553 0.00077592104112651
0.000466045930763654 0.129232381598782 -0.386198153864134 0.0226021226205086
0.132786793637535 0.0276329090892525 0.0821043053029824 0.166540533313521
0.0689225951711829 -0.0922275221730307 0.214176609495458 -0.226155304313324
-0.0673573305568387 -0.0791210712377332 -0.0479549161312985 -0.425383812110226
-0.0763375649199755 0.0110681737659527 -0.356706448178641 -0.251689762773833
-0.045689333339971 0.0364572575893062 -0.386580313332912 0.0363544551745679
-0.0355473020160607 0.051451081763193 -0.260618294321059 0.178806256627035
-0.0181344170476125 0.0395838067158548 -0.147945825098092 0.226254435614934
-0.0339406104891723 0.010281981358231 -0.11659133019184 0.268972568406493
-0.0231818673081574 -0.0266646946379742 -0.166578140601372 0.270359209817579
-0.00191892929665421 -0.0247865418596148 -0.272108942612878 0.195204269164392
0.034882854465792 -0.0339811773192981 -0.357012817741692 0.0328685194521197
0.0715005242178996 0.0522555143017444 -0.402018156045201 -0.186290967147572
0.0101473897752725 0.15415871539477 -0.421020680187587 -0.303322253101129
-0.107441693847931 0.127282347562341 -0.561630052627349 -0.132035641168677
-0.172509476846235 0.142040564749751 -0.377753683035602 -0.0313370793651449
0.00256019072358575 0.142777177450784 0.0819389591917005 0.169244386972057
0.0663068681820452 0.0472893530453112 0.25003907367486 -0.223106118318908
0.039495893490107 -0.0025012443766189 -0.0139950321680675 -0.458522486767179
0.037459875879762 0.0167640637806847 -0.358695018648315 -0.287689688013395
0.0491565916200984 -0.0143699328966358 -0.394326526195318 0.0113247846312161
0.0210180998088486 -0.0351638212801857 -0.26409427109062 0.160001409170184
0.0327509984727535 -0.0407010823565433 -0.14931347932682 0.215263777549285
0.0342870803076798 -0.0644916496728598 -0.0980483847919566 0.258303808679208
0.0977317704716422 -0.0585151383031329 -0.129316535542357 0.2828240110981
0.119141598242886 0.032384305415666 -0.233266412295191 0.242441023476712
0.0980451154783342 0.0957051029423172 -0.349335216813484 0.108493765260752
-0.00769201914159015 0.192612014132223 -0.407238912152077 -0.112581597465285
-0.183839645868153 0.213941164592443 -0.396970220283051 -0.244111319336606
-0.314691473182833 0.124281657251539 -0.482622064959105 -0.109972270282395
-0.333816921702865 0.109640906420994 -0.297289041663237 -0.0752513626534094
-0.171528476809824 0.224625147738116 0.114450793578149 0.180135648359643
0.0123091779327746 0.199734725825489 0.317063158912245 -0.19678723538706
0.132476910480897 0.111992445679597 0.060640289711998 -0.474582361035998
0.160446919981033 0.041271703798851 -0.31680192679582 -0.329879705061886
0.155024169864769 -0.0551354614461242 -0.365291452220102 -0.0356418953765608
0.0855852087437737 -0.115712622712047 -0.240210556474631 0.109328092938908
0.078105266281248 -0.115944586876198 -0.128094673470804 0.17403443221855
0.0844088343649986 -0.131053526064216 -0.0564976775104773 0.217794207973437
0.18662166555791 -0.103099732261868 -0.0541366276330833 0.273315169178134
0.227668263271182 0.0459316232444146 -0.142506847061601 0.289540223380732
0.193787566395336 0.17316191716083 -0.301528369398085 0.216765440469799
-0.0169867770092248 0.322456290727526 -0.398926913522945 0.000326135110077548
-0.305968609937971 0.292547141839575 -0.363144977679285 -0.175992280997718
-0.462144772944285 0.140699803324659 -0.350575064368055 -0.0885913600350311
-0.45058525804239 0.0402067974301403 -0.148862158367059 -0.0924927266184741
-0.35454413538565 0.247867245763056 0.178175805920605 0.195726301029087
-0.091435557931531 0.327058772565911 0.392717141714884 -0.134068675850054
0.180848628972731 0.244862273936769 0.167600948596362 -0.445765052348115
0.263277227828975 0.0874798112019425 -0.219379066120504 -0.352132306280587
0.251450207684676 -0.0733083795216869 -0.288345851210692 -0.0968076610723247
0.146438235191779 -0.177374209693856 -0.18632692478916 0.035288997417621
0.112779628972655 -0.174910522666721 -0.0891481909412036 0.109880824484618
0.110718765824149 -0.181529086547512 -0.000883391430166638 0.152183127887674
0.234242562968478 -0.144685989709936 0.0344487344560845 0.234263553584628
0.301249160101549 0.0285919248595587 -0.0213883457442587 0.304604116271637
0.283612990630192 0.19743216546437 -0.209942251154825 0.306384689570602
0.0144692637927336 0.404830310333611 -0.351433500012189 0.113975908115727
-0.350288716985882 0.351480676607307 -0.318158304691719 -0.119777436459214
-0.53418893749041 0.150579696308337 -0.18787689759721 -0.0776239528881637
-0.489792314275732 -0.0443309812436396 0.0498431472112924 -0.0745525512164193
-0.48415964819074 0.19600879692394 0.261273285858165 0.214662057026169
-0.21461673758836 0.373004301957744 0.448990667244448 -0.0372076777484533
0.16245160467982 0.346960763586326 0.273695871582793 -0.354449369639467
0.312248103822157 0.140761856039922 -0.0779205600445267 -0.335720503215895
0.306744738964032 -0.0681225469403883 -0.168482650355268 -0.155149631046595
0.186925042817639 -0.206244187698993 -0.108017273883473 -0.0498068482608373
0.131396927028821 -0.208938382396745 -0.0376317575181234 0.0305888260997296
0.11811542979674 -0.208534094008605 0.0578267360164072 0.0725311816782173
0.244684780862931 -0.169028415891832 0.11789356844641 0.170670512559642
0.328098399010377 0.0058813153095509 0.0961292960635505 0.283533795841228
0.328030926021282 0.190143778545834 -0.107520219603134 0.35184052828851
0.0350817850231965 0.424828680066716 -0.280162493833197 0.19112810571292
-0.351162274605345 0.348120146437955 -0.259765653935215 -0.0887052429251961
-0.527875524250313 0.128620391155823 -0.0216622292859981 -0.078546104203214
-0.431674460644551 -0.11513936750914 0.259117849358816 -0.0274384185488969
-0.501797229058169 0.0910350582020629 0.343553521535218 0.236952297971329
-0.290690203553248 0.318467077769978 0.464895946637469 0.0672801793635866
0.0977245693932517 0.364852731390079 0.342537622231057 -0.223587743887821
0.291959585263912 0.165302338533046 0.0694383787433049 -0.27829798995846
0.301495423046479 -0.0465696355196188 -0.0317034620790633 -0.198498776195406
0.193158892977698 -0.197950523420135 -0.0206261609650856 -0.132853886530943
0.131499279752197 -0.209951542792393 0.0169509416914511 -0.0520186590592967
0.112015273182449 -0.206635675919084 0.112380450100406 -0.00925131502281004
0.225670692095749 -0.165188694890236 0.186201961294833 0.0975179888958693
0.312250763019945 -0.00472943540759735 0.187616226507554 0.244283489685629
0.312155764443022 0.182989392876593 -0.0223956259925548 0.361520443949602
0.0139788047280158 0.392633456616758 -0.213293551152398 0.227658522012368
-0.331980795748871 0.281640763548802 -0.204572267062689 -0.0745132162680985
-0.459954923392641 0.0645154294098615 0.126193267397835 -0.076111333219868
-0.289806162003724 -0.15040704534911 0.434233536332737 0.0300918043440248
-0.394855475163854 -0.0142655842362138 0.397717020097115 0.254097405211217
-0.27617584238515 0.200963624561635 0.449180173499656 0.150918287957907
0.0340776305418477 0.290558161270927 0.366174580302772 -0.101273753603217
0.215329639307022 0.14414497890226 0.184346903620131 -0.211167602654969
0.23641313155638 -0.0240901187024826 0.0875359254491112 -0.227746682770701
0.160546104277684 -0.156596042533139 0.0540770099783266 -0.199939020464405
0.109724046511965 -0.176500499888775 0.0650498910372675 -0.124503149539356
0.0949254978100513 -0.175696568193643 0.158109801158613 -0.0809190918123519
0.187313697141579 -0.137196158169188 0.242828388446285 0.0336902196433951
0.262828195021401 -0.00189733138538804 0.253566856786413 0.211366789807806
0.250664233463239 0.174699008555195 0.0344600796149376 0.357933783445481
-0.0356386747121229 0.323962220477729 -0.167262134968705 0.237779638798747
-0.297604394694385 0.169940554960512 -0.15610496789596 -0.0655029162907206
-0.33692459700171 -0.0267931156554312 0.239372069682867 -0.0566631854481957
-0.0949896407603579 -0.150263102315333 0.541243776717877 0.0720291236768085
-0.208959525288463 -0.0909697886963653 0.420716907920337 0.248249322908404
-0.184847163095993 0.0708884312654827 0.424722449979179 0.192957546372266
-0.00694528692939508 0.160566225958564 0.367429649811237 -0.0299886458515903
0.112880726561758 0.0861012423180783 0.250851386885669 -0.172247574167773
0.131725997489246 -0.00445738869839058 0.158330121484507 -0.249811295232676
0.100738576258657 -0.0899408110431488 0.101754286155629 -0.244851097903899
0.0733696176636857 -0.11355787686778 0.100298498334243 -0.176431855192823
0.0683182559389984 -0.118417989424455 0.19328354741861 -0.131552252871377
0.131602907067716 -0.0913375843774433 0.287372261892827 -0.00899644170545084
0.187621256545379 0.00409785537664572 0.301473793725717 0.195523936867714
0.163951147203404 0.15573253210209 0.0656155777093901 0.361091290776921
-0.0859893252625971 0.224788100494719 -0.146465230974818 0.242135782926407
-0.23334855133566 0.0405526994409814 -0.123984685539058 -0.0539056159340877
-0.175045580914983 -0.115483820307682 0.306670707239523 -0.0154184912680964
0.00426036421507861 0.129363302881183 -0.380801757001283 0.0368132985912422
0.133804565193887 0.0218478087192996 0.0903745945073451 0.165389217234503
0.0657514562614572 -0.0936682736792119 0.205223504556263 -0.230040686669314
-0.0693296157015396 -0.0753729963953912 -0.0631546881153311 -0.418794803145758
-0.0733549524736758 0.0135718865664894 -0.360858633544569 -0.239114238772733
-0.0424946659303408 0.0375918765095239 -0.376877377323609 0.0497540361289634
-0.0315827057907298 0.0514195508653409 -0.246536319224833 0.187561913738984
-0.0145344760510826 0.0383037120171986 -0.137206495027912 0.228674247046526
-0.0317676776219514 0.0120985303334344 -0.101918220462067 0.27016718067912
-0.0244511461945016 -0.0247379061940953 -0.152565796607393 0.274848402277059
-0.00195936089706093 -0.0245309438046952 -0.262641374260322 0.203195693804227
0.0328778036740871 -0.0349183276379149 -0.351418052227277 0.0410499162240772
0.0732556530206561 0.0502282928882205 -0.40433930316586 -0.173693674473657
0.0172292175067078 0.150810506558725 -0.424278402271633 -0.288360203453396
-0.102493677837126 0.127427190642612 -0.555435550994455 -0.112289913243712
-0.165902963269765 0.146749646209373 -0.37258097592504 -0.0190498475487013
0.00931036500107373 0.140124529178085 0.0898447045349285 0.167958227636844
0.0672594743352161 0.0431126059958033 0.240071901568928 -0.22674104068398
0.0378251126453389 -0.00536905562976161 -0.0298884604876704 -0.452613290982958
0.0386796732297237 0.0143632456505701 -0.362975664254973 -0.272072754130687
0.0484604377139378 -0.0164980688270447 -0.387461293394247 0.0259117049227173
0.0199581178511125 -0.0352125037037381 -0.253117342101518 0.1686155559369
0.0324167656991598 -0.0421637214580597 -0.13741992860925 0.218460879656272
0.0325433067509578 -0.0639459552371712 -0.0845728921926666 0.260226121061436
0.0933256181050612 -0.0614263247998717 -0.114468137074762 0.285984911894373
0.120940158152731 0.026190191532585 -0.222899660964113 0.249176680703503
0.0997304454399982 0.090212704790063 -0.340394069553057 0.117937763646206
-0.000680008199441985 0.191170975174722 -0.408188319785598 -0.100793468111269
-0.173540174304159 0.216610006871353 -0.397470360498848 -0.22918505460873
-0.305625802040554 0.129998759821519 -0.478587580422123 -0.0933345833514479
-0.327531385980491 0.118988951488311 -0.295233641692172 -0.0644724202751504
-0.159692661849316 0.227663657064105 0.122233235066478 0.178038793197866
0.0192590265518392 0.195196716466367 0.307157823899347 -0.201517391795876
0.133846735083196 0.104412601735426 0.0437353183715896 -0.471692375546404
0.160284889447721 0.0341178349526202 -0.322030434075563 -0.313273496947765
0.150994265842634 -0.0611442928184449 -0.359773537383857 -0.0227478377121316
0.0796456086736742 -0.116853299731637 -0.232650799818963 0.118101499752717
0.073627124412696 -0.117411102860956 -0.119543635752852 0.177237926818289
0.0781828659898974 -0.131486908878344 -0.0461819697598375 0.218742441941732
0.1791728449216 -0.108977136485154 -0.04017942196049 0.274414713918483
0.228479570475427 0.0353559754674265 -0.129560187769319 0.292371109015436
0.197222856533092 0.161715274107356 -0.289542075089434 0.224987544805259
-0.00400753412264176 0.319587790942462 -0.393825864981617 0.0101784346338737
-0.291116902035598 0.300208075490109 -0.363980487293986 -0.164403197745949
-0.450437008411639 0.149236407932661 -0.350374087890717 -0.0743982826318172
-0.444624832943331 0.0520797325896908 -0.149101273353994 -0.085433157153442
-0.339942363429827 0.258658564212864 0.184780556143194 0.192023361225371
-0.0800817305310206 0.32452374822932 0.383881373929828 -0.141324898840822
0.185601044864736 0.233505703477389 0.150171818474458 -0.44395631748481
0.263072863676088 0.0754329164428429 -0.226853232725523 -0.338865615986596
0.244449421325031 -0.0829593130977429 -0.286503706166505 -0.0863302849316154
0.136265202873942 -0.17950079236978 -0.182944249275323 0.0412654580444587
0.105311081669831 -0.177490148865626 -0.0829081956022915 0.111833551041842
0.102480632397307 -0.181795317947462 0.00513713594664097 0.151728837108876
0.223812470389709 -0.152404724105313 0.0463237383529787 0.231903003141551
0.30038369290589 0.0139671586005332 -0.00918249114561339 0.303624896272177
0.286986713583796 0.180837900430594 -0.194943540254844 0.310747256494019
0.0301637207109375 0.39983985995528 -0.344245600417563 0.120532775124515
-0.333741431511716 0.359543261091573 -0.317284738898837 -0.110508100423585
-0.519969183855795 0.162004675821836 -0.190662136826237 -0.0701824380627245
-0.486813778904958 -0.0297546522105549 0.047747909758392 -0.0740853469037429
-0.469530268631053 0.211181993072716 0.266991369581612 0.209312755204891
-0.198502495137253 0.375550916156006 0.442210816313678 -0.0473065536912015
0.170969059050785 0.335205054392362 0.25867321817566 -0.358068660475604
0.313273478657922 0.126521738136327 -0.0842303206718533 -0.325909245527753
0.298911547341164 -0.0794941127175244 -0.170196484632326 -0.149130556090038
0.174792360198176 -0.209733579718015 -0.109883366135624 -0.0455723875401763
0.121356257266497 -0.211628659752189 -0.0349743043268922 0.0324834418070795
0.107924976579186 -0.208790459763409 0.0593679337712704 0.0699883908676352
0.232349317102756 -0.176107356133799 0.126143281548246 0.165568285145143
0.325380554874247 -0.00904159490402252 0.10674174839943 0.27658645328615
0.32934100652329 0.173342499512262 -0.091311034330757 0.353690937618719
0.0504939473228259 0.417920058618897 -0.270069902344975 0.195779189613852
-0.333990266801876 0.357146394471303 -0.260276718349979 -0.0798104311052452
-0.515735982543052 0.140469313888384 -0.0273478613043485 -0.0767086953602462
-0.432371230032775 -0.101848737600343 0.254867028652088 -0.0324796655380601
-0.49108380702225 0.108870614556883 0.346482944742906 0.227974127277082
-0.277018406763442 0.325229262702249 0.461330607642609 0.0541024773147478
0.10924919038942 0.355798048097038 0.331158046763473 -0.230079067784422
0.292241344995837 0.151251426611441 0.0631084045081829 -0.274243848182393
0.294139566603396 -0.0574766468582819 -0.0375376938084214 -0.198792148182979
0.180495747631477 -0.201407668599895 -0.0283422665839453 -0.13197715143288
0.120101071690797 -0.212420485946342 0.0150013237099898 -0.0504723859278361
0.101011098654735 -0.206120176849016 0.109775758108541 -0.0128423767036634
0.214345272069403 -0.171225457281617 0.190224567946573 0.0909851891273723
0.308324691202084 -0.0176607078081554 0.195018661692375 0.235126931587671
0.312939851027162 0.165027546014475 -0.00655511480058298 0.359693401607387
0.0288241890206266 0.386780009543726 -0.203486601129822 0.228963159145889
-0.317788304752705 0.289262751359326 -0.205279100190214 -0.0667806395265821
-0.449177177951547 0.076670117188063 0.117488534072454 -0.0799662183759096
-0.291323558493841 -0.139152371329258 0.429228321016155 0.0182131750664667
-0.390426272205808 -0.000585060632751319 0.400914178576353 0.24293327581116
-0.266907685867466 0.209330381235361 0.447146521416739 0.13776421515149
0.0437264690996624 0.284604516744766 0.357703432111602 -0.108364704531223
0.217303736710622 0.133452475589622 0.179257876477174 -0.212293954173553
0.231664585487527 -0.0323451515736757 0.0776525882092487 -0.231676565739052
0.151271873463469 -0.158693182808629 0.0426707107173547 -0.202101773942532
0.101067788405072 -0.17810525756998 0.059661543031195 -0.124053336375513
0.0864511381117051 -0.175067671708391 0.151929122002241 -0.0851311541223775
0.178072998650136 -0.141837448928273 0.242673653711689 0.0251825166092444
0.259353965889427 -0.0136068488666259 0.25931357232555 0.198785463425269
0.252070509244126 0.160085465863928 0.0492114287243921 0.35428362166282
-0.0227653790492523 0.320685259148353 -0.156839534771976 0.237947362266039
-0.287062241460207 0.177253441350631 -0.15793054248408 -0.0600875041417215
-0.332724155456518 -0.0164346983872001 0.229683227421285 -0.0653314137304931
-0.0993238614024616 -0.145941913581015 0.53613961334911 0.0553552883608072
-0.209686488548677 -0.0823112597790311 0.420972709423971 0.234897604647225
-0.180205539066751 0.0775796755980728 0.426321805588048 0.177820045105344
-0.00110487346498981 0.159152004419378 0.3622690234658 -0.037439860219959
0.113587765862753 0.0796818772162092 0.245013898171669 -0.177398950087101
0.129402224318857 -0.00876562637904549 0.145733873956591 -0.256740447614443
0.0946842291232439 -0.0918975287009061 0.088083521439863 -0.247520090317162
0.0680494527280945 -0.115512306638722 0.0919815963607419 -0.176086160577085
0.0623958997778779 -0.118349196220252 0.185201345837579 -0.136059399647899
0.126109358796984 -0.0949755654458937 0.283865433633686 -0.0190040016071112
0.184365878636035 -0.00385967781657638 0.304741231229652 0.18272391362945
0.165980131806616 0.145616761272697 0.0807332833619915 0.355424438390243
-0.0768753298977385 0.225064708898776 -0.135891159609349 0.241929368583917
-0.229453311279236 0.0466031612272673 -0.126527605423111 -0.0486636289167198
-0.177431589994099 -0.109553067493551 0.297398462716829 -0.0278924876912606
0.00647260108193373 0.130420270055704 -0.378665318529603 0.0469903288380175
0.133677692769523 0.0172859476928824 0.0976419055212632 0.166372400010727
0.0633132735353932 -0.095296954529855 0.201594559942365 -0.232557775503259
-0.0709917108731839 -0.0733749886917399 -0.0734654964035235 -0.416003960787943
-0.0717927666736861 0.0147312614461114 -0.368043653301757 -0.231195005946035
-0.0396913904481086 0.0378299395323996 -0.373583120484544 0.0579712493572052
-0.028244261658168 0.0514946021578931 -0.237953675387483 0.193238828960078
-0.0119723324574886 0.0374135975525645 -0.129657439269784 0.231186947785267
-0.029369362587371 0.0130780637691142 -0.0915123204668161 0.273330202989845
-0.0252359357539315 -0.0231491124323466 -0.144303218687621 0.279104410435092
-0.00222350622310452 -0.0242735586997759 -0.258246681556458 0.2093629033834
0.0314689300429182 -0.0354362346397336 -0.34808738642255 0.0454197678866683
0.0743315559967884 0.0492566865502858 -0.408514977080997 -0.168507387813489
0.0221132040405405 0.148723121619867 -0.426841711053842 -0.27867141253666
-0.100300469549914 0.126434488317429 -0.551290352085861 -0.1012127359122
-0.162710099814244 0.149820478790596 -0.371928622829256 -0.00976043810205023
0.0137152780620465 0.137665093952503 0.096640005775374 0.169294502210519
0.0679288439938792 0.0405185635776264 0.236141055915421 -0.228766754384522
0.0366641371020099 -0.0065315023773981 -0.0395041690845457 -0.449835031482555
0.0390777011830876 0.0121534213564337 -0.367977345831411 -0.263657369539672
0.048711283797028 -0.0187680725258201 -0.382837827360112 0.0350915121820853
0.0195591593694952 -0.0352367239506292 -0.246039268097345 0.175211994559472
0.0321339331146177 -0.043892065827854 -0.130326654553 0.221438321241148
0.0313711102595965 -0.0642190059211578 -0.0750407356520802 0.263008175459939
0.0912702286218868 -0.0639523058095448 -0.104473295582452 0.289580144327336
0.121752881186674 0.0223182928016161 -0.216411143314386 0.255295859850053
0.100984788354629 0.0860459220020385 -0.335938041516739 0.123185965880506
0.0047259668148528 0.190997185377309 -0.409839341103848 -0.0960476705659115
-0.166317249820227 0.219255025481298 -0.401479902065452 -0.221510562442496
-0.301428838867386 0.131892002694623 -0.478308792673517 -0.0823542760544042
-0.325108196574611 0.124776049130505 -0.294797546609416 -0.0563507126410793
-0.152586896062482 0.230202123652938 0.128907934963129 0.178811310107236
0.0223841731905082 0.192530839410973 0.302873695432061 -0.204217465169802
0.13406432508841 0.0992158918514223 0.033478948939491 -0.470156619950961
0.160653362385754 0.0292678988381757 -0.325777658224896 -0.304262601354976
0.148668871909056 -0.0654730400979263 -0.356565566537752 -0.0147810927051278
0.0756525778600264 -0.118176442547923 -0.227645527062284 0.123221925853314
0.0712988662278525 -0.119814272582717 -0.112857857919904 0.180411191360427
0.0746005416702572 -0.13285680280581 -0.0381944250510169 0.220794382390865
0.174133109327369 -0.113507921629826 -0.0296861644110535 0.276020515828347
0.229812617846458 0.0276678854155024 -0.12197041370818 0.296430450770988
0.199843055177827 0.154788069887674 -0.281833773254892 0.230125382534835
0.00325790436291023 0.318533971254203 -0.393574373029941 0.0155479244155856
-0.282770154816819 0.305110870429253 -0.365650417791637 -0.156454986105134
-0.445279929079904 0.153999203018826 -0.351029023385529 -0.066218079507428
-0.443344819341363 0.0600406280829641 -0.148857387233207 -0.080631436442757
-0.330726861581009 0.264823750080831 0.191157522946264 0.192605957400368
-0.0741530814346752 0.325332540580158 0.379920106614586 -0.145308753937368
0.188668449700253 0.22700017304375 0.140936014711788 -0.445953875589867
0.263373430595671 0.068034631475679 -0.229233807638983 -0.330750120147514
0.240160670677597 -0.0899993093222572 -0.285485519454234 -0.0806880081448478
0.129602259238806 -0.181302356717184 -0.181805185544174 0.0454670225645691
0.0997848618403923 -0.179851801244513 -0.0780500877804875 0.114478009859859
0.097051447288241 -0.183048382115629 0.0096556776008118 0.152747383720495
0.217631086845534 -0.157365178287296 0.0556376544334421 0.231185864062565
0.3015758120132 0.00433535765342737 -0.00171992243604838 0.303721562462231
0.28875936874997 0.170113520001034 -0.18566068728608 0.315389245090567
0.0401383735335177 0.396263083374561 -0.341728173975183 0.124670069293428
-0.324418096087471 0.365248197670458 -0.317206865122282 -0.104233357562798
-0.512483404852733 0.167760633488802 -0.193813711075883 -0.0653044695733758
-0.486235632691746 -0.0225252311810426 0.0474055850757793 -0.0736107094866977
-0.462192601125445 0.221481262111028 0.272401137440744 0.207349354402626
-0.191869472465278 0.378739347424476 0.439185515295904 -0.0521974863679613
0.177553222586818 0.329342544559543 0.251062745414011 -0.360551361880971
0.313510397466743 0.116873586513387 -0.086429746480877 -0.321509170095497
0.294628227115816 -0.0869563998802327 -0.171944005330409 -0.147137191663291
0.165864481425719 -0.212025234949018 -0.112660948581948 -0.0445202590740864
0.114920066229807 -0.214116455580546 -0.0326107053001175 0.0331215167676777
0.101593442147586 -0.208795781276325 0.0605777252402036 0.069859405186805
0.225314723914162 -0.180827084502972 0.132690831034316 0.162374758616948
0.324994203536529 -0.0194712626182497 0.112861569484031 0.274533698314086
0.330036996798252 0.159944119348566 -0.0794396325714361 0.355950491804103
0.0603118348905566 0.415087612608878 -0.266179135704782 0.197556966351257
-0.324055659121101 0.363474136101982 -0.261383189464492 -0.0760147098594917
-0.509717013999746 0.146942852748904 -0.032279947989697 -0.0752290234878826
-0.431839678036317 -0.093723132522507 0.253889496245528 -0.0363242797759151
-0.485218990801342 0.120293475236792 0.350449557756864 0.224234449737718
-0.269621448403082 0.330701656192013 0.459982284085079 0.0483403521566522
0.116784788723351 0.350139635406861 0.326244083058708 -0.232817509338905
0.295301634292073 0.14237148238987 0.0616864905525057 -0.272849526066684
0.290987747886079 -0.0651500365353682 -0.0420156660423842 -0.200273562002347
0.172606254751257 -0.203934617209118 -0.0345575458682061 -0.131965063099137
0.112662781738571 -0.215171065366503 0.0146534908332949 -0.0505264650512563
0.09519560298769 -0.206027638290492 0.10823465298556 -0.0145234826070837
0.207314980989114 -0.174853694274898 0.195121766751329 0.0867335983217508
0.306487202569821 -0.028501187912754 0.200363076360327 0.229621457416066
0.312866642398585 0.153208633156203 0.00514370972882948 0.359716467876625
0.0385105750698766 0.384879109851067 -0.197742745038075 0.22895541518881
-0.30956761781243 0.294011562749918 -0.207184937356263 -0.0629923712570174
-0.444316902506512 0.0836483427429541 0.110667894861173 -0.0824944504202218
-0.293654572128312 -0.13546438132188 0.427381872885108 0.0126143498475495
-0.388040150880222 0.00888632857719033 0.4040518463672 0.23700018714723
-0.26038113116334 0.214483687202281 0.447536430118397 0.13132126047258
0.0497416190192126 0.28210685124293 0.354589714710812 -0.112199193797378
0.219174532272053 0.126292231749764 0.177756443324585 -0.213586778024218
0.228915650291616 -0.0381102853217058 0.0705948196451249 -0.236905342455456
0.14508162367061 -0.161193369892307 0.0337134550218635 -0.204537016221144
0.094738027329472 -0.180702108860333 0.0563710743598614 -0.12443097012524
0.0805262550797932 -0.175091949211273 0.148684423163186 -0.0878145303859819
0.172823049664861 -0.145043157290412 0.243838462685176 0.0194387608192745
0.256767779490125 -0.0213352214240533 0.263581421911572 0.192041885514831
0.25254357389984 0.150201788983002 0.0608608984703658 0.353201808752429
-0.0144761806894703 0.319585658562142 -0.150704824796409 0.237971478564893
-0.28245604516962 0.181703071324567 -0.15975969538277 -0.0557176355885632
-0.331227079300055 -0.0116962828018918 0.222256882764422 -0.0702327342504053
-0.101746884041701 -0.144536009821405 0.534060694048684 0.0464041016469439
-0.209605314408523 -0.0768185768342166 0.421978425255141 0.229488025981702
-0.176920978408433 0.0828774296564953 0.428527305589767 0.170243719210914
0.00283581679596436 0.158043150990566 0.360486310143538 -0.040324612455941
0.114973745655105 0.0758320660469852 0.243477166101666 -0.180475976265017
0.128276725352503 -0.0108652452072083 0.136702063736782 -0.262550342794514
0.0915829421936257 -0.0931607359673143 0.0768970263230476 -0.250331577697598
0.0635329621945951 -0.116925576351301 0.0870878911816301 -0.177953776759412
0.0585790931163984 -0.118104987974315 0.180601526075332 -0.138748960182624
0.122779550672352 -0.0974934522248273 0.282225133125685 -0.0255556674024801
0.182696076150476 -0.00877782217027455 0.308464330298252 0.17377047726497
0.166679541219577 0.138470885358958 0.0909146422461246 0.352693501985651
-0.0703749841986088 0.225354960422824 -0.130591763144328 0.241699280064005
-0.227929066201606 0.050770513325606 -0.128589658246332 -0.0460697810612196
-0.179594123170921 -0.105805051428339 0.290444102372512 -0.0354327913733867
0.00935766895169492 0.134090709662338 -0.383068012108871 0.0556602463003413
0.136473374808303 0.0130765351585555 0.106006548459203 0.169857094581245
0.0622801895305864 -0.09866861536856 0.201711719439872 -0.238797682091759
-0.074124171057199 -0.0727398082610097 -0.0830341293251242 -0.420295304379119
-0.0725125852012822 0.0156812812680722 -0.378806011659047 -0.229352734506234
-0.0388163460568671 0.0380018306569114 -0.375358735508135 0.0675873020453984
-0.0261031985365882 0.0519259199173205 -0.233219154381854 0.200759428602973
-0.0101562570957411 0.0363629296332553 -0.12412551469653 0.236648359353468
-0.0280380582660551 0.0135363368081754 -0.0829557422088599 0.279577903547462
-0.0260578463571841 -0.0221445138771297 -0.138418242576545 0.287357978854333
-0.00240275320837612 -0.0246004437628537 -0.258397225147156 0.219071045455619
0.0302630050762457 -0.0363265363391896 -0.353430509062247 0.0483526423454089
0.0776210180968713 0.0494525131417192 -0.418049331906494 -0.167981986611424
0.0263766675965305 0.148407150846482 -0.436216347396248 -0.278074440418111
-0.102125360658339 0.127305700486626 -0.557066654097086 -0.0949156500915955
-0.162936152634453 0.154978493343503 -0.37721601188604 -0.00165612035425225
0.0174273283399557 0.13834885777005 0.105288200611967 0.173215077088892
0.0687584535346394 0.0380096762774555 0.236379935929995 -0.234815989276117
0.0362001944786247 -0.00842005812563452 -0.0491463749381592 -0.455260186487277
0.0405573715594747 0.0108080681441096 -0.379449897857354 -0.261469958644418
0.0488888208660737 -0.0209799959153203 -0.385205935844248 0.0442103319433238
0.0194926553150383 -0.0361490825594727 -0.243210714920731 0.183420009691327
0.0326173562162901 -0.0467066558335702 -0.125604157871979 0.228210768132793
0.0315242754783712 -0.0662609535273768 -0.0673239935313924 0.269504941866619
0.0900673008527646 -0.0668915720741084 -0.0974441048433423 0.296813991911867
0.125085680795432 0.018834252700216 -0.215607107902528 0.265546475824495
0.103191329599306 0.0846961880456159 -0.337636175595704 0.129763347743285
0.00945361526662912 0.193972044540111 -0.418312643596267 -0.0931202512090321
-0.163045385162559 0.224210449278946 -0.408662567480595 -0.219391472120899
-0.304198303134538 0.13481818590398 -0.484447897914725 -0.0746193560398905
-0.327761694621963 0.130616023234716 -0.300271629682719 -0.0507495164570321
-0.148163776907651 0.235374576613638 0.137522104747567 0.183002123089861
0.0256489811945917 0.193731495830987 0.30443911282789 -0.208941898078227
0.136140968417176 0.0961361386004386 0.0257697959539576 -0.478750455898373
0.163557540245999 0.0249866028683431 -0.335417844915247 -0.304089884894883
0.148485387561714 -0.0711742182033202 -0.360604102904719 -0.00838540346048376
0.0736454032763085 -0.120876224467176 -0.227340541149226 0.130485554488228
0.0700790215510719 -0.124560942560717 -0.10913832979434 0.186120746340005
0.0726518810759627 -0.135939026405077 -0.0314461131503998 0.226152276962183
0.173262612799172 -0.118835253590981 -0.0212499014996164 0.281510344109702
0.235094202558716 0.0207159759352906 -0.117887089843539 0.305462983647741
0.204666726018974 0.15080796666045 -0.279410120907859 0.238252542814155
0.0108770777537948 0.323663432429386 -0.401493170169975 0.0198381931662861
-0.278361635287535 0.315982279277043 -0.373807598424186 -0.154870874138657
-0.44855534289714 0.157554895528982 -0.35762073761186 -0.0606504568440658
-0.448806907153613 0.0667725675655381 -0.151756932006537 -0.0783377756759379
-0.328481365556007 0.274935912074985 0.200748262689683 0.19593114322836
-0.0696643719250335 0.329215107254373 0.383823981370178 -0.150539927176048
0.194524101912904 0.224419232510893 0.134655719080117 -0.455205649024254
0.269035448789446 0.0624581973484824 -0.235851475781086 -0.3319888340794
0.241535878815512 -0.0972217636717296 -0.290206127094148 -0.0774093554218528
0.125834363464874 -0.186279664024267 -0.183781540708659 0.0503374442531434
0.0965963669471482 -0.185433107206716 -0.075115464450561 0.118758957520258
0.0936512743817512 -0.18720440528184 0.0150239359745496 0.157105822389057
0.216297492604392 -0.164370757445971 0.0655520643391332 0.234034057781579
0.306902301647036 -0.00530473922270417 0.00470417711200884 0.31032091072205
0.295219554059464 0.163671561932512 -0.179558640734853 0.324033521372418
0.0487732083691841 0.402503534783216 -0.345812690267805 0.129792712977489
-0.320867098303215 0.377508499391299 -0.324912016433004 -0.10142159389413
-0.516494363571932 0.173175899160956 -0.199697166933135 -0.06158032286364
-0.494960581979845 -0.016328726889514 0.0473634095108025 -0.0739383857973469
-0.462365428775836 0.23412548013606 0.282383537542249 0.209540847039776
-0.187832073481897 0.387396868025049 0.445316476128334 -0.0568304293080165
0.184939794109584 0.32930473948768 0.248328983212604 -0.368708702309699
0.320112202183301 0.109971073622763 -0.0894859472851033 -0.324498884959344
0.296475733191645 -0.0953024695163098 -0.177296437187988 -0.14877702333091
0.161552716283771 -0.217755542377919 -0.117605823686879 -0.0441101925700643
0.109955081401019 -0.220016000095023 -0.0315558640819628 0.0349316902367578
0.0972665894350522 -0.212582665713631 0.0638075527820117 0.0715225965741408
0.222616469874309 -0.188230220916322 0.142740988068712 0.162330205352026
0.329554128243074 -0.0305157571088792 0.121101398804658 0.277129090976311
0.336205525429961 0.152829017635422 -0.071482333772736 0.36381579725091
0.0709502132472565 0.419386477583678 -0.268000282657173 0.201531550181443
-0.320446725443881 0.376146679276505 -0.266550166447944 -0.0737081477672997
-0.511619082424606 0.15367306581151 -0.0378247660047786 -0.0748560840399909
-0.44129347821205 -0.0904813181450152 0.258345042207863 -0.0383352833216872
-0.488213695408013 0.132219326974323 0.360598154209536 0.225534230995546
-0.267097758794366 0.340507142592951 0.468464623860177 0.0458282435997254
0.123924543603789 0.352533863154488 0.32749561282097 -0.239888022284631
0.301567592126297 0.137210762591925 0.0621710995208053 -0.277449733743294
0.293363582775403 -0.07281597854326 -0.0477922352276085 -0.205073413310523
0.168545491744467 -0.210003629091465 -0.0417524279868126 -0.134799337835619
0.107564933139098 -0.220181368537162 0.0138226883394651 -0.0511212506881256
0.0909440434339779 -0.209628771290565 0.109029995836825 -0.0151053650764878
0.205457969946116 -0.181569120362564 0.202659248323258 0.0842180324598791
0.309861415946497 -0.0374389055000775 0.208918414327997 0.229390589017177
0.317914295951573 0.145831799311496 0.0153250805946653 0.365537785394298
0.0479994636708816 0.387330427371643 -0.197566043230702 0.233274930495106
-0.306540959230132 0.304477111748804 -0.211895135080285 -0.0616259876035579
-0.447883790321267 0.0881143500826942 0.106746452477587 -0.085367348064774
-0.302037053807815 -0.134274716027804 0.434863084736372 0.00830578379751777
-0.39290384181564 0.016708443708837 0.415136244584772 0.237019393849998
-0.259923778786728 0.223236072781636 0.457696874583013 0.12826585095069
0.0558589162874944 0.284631208138064 0.358787082137568 -0.116103414049804
0.224899584385624 0.122904376115214 0.180437178847476 -0.219593437764268
0.231753014274335 -0.0433497949017736 0.064657764770091 -0.244778017815635
0.141492375460281 -0.166173886476289 0.024406775694415 -0.209446639425035
0.0895507425657004 -0.184781553012629 0.054245577718787 -0.127777249312202
0.0773840630582187 -0.177762076145896 0.147985779682806 -0.0907016210801281
0.171059185747838 -0.150584240515183 0.249000216005063 0.0154003833037248
0.258996505460316 -0.0283581352794063 0.270985078751026 0.189567342369973
0.257519317753778 0.144720238370691 0.07119401633109 0.356974238742619
-0.00750838999701405 0.323456611625795 -0.149449320024929 0.241381048124334
-0.283180239891378 0.189783321264298 -0.164568851499674 -0.0539752920260454
-0.334730314980683 -0.00864347331640084 0.218612380562888 -0.0755072158074072
-0.107125489234193 -0.146067796017219 0.542639253760177 0.0414499772451601
-0.214259247266025 -0.0739309440433484 0.432783567427813 0.227312148842886
-0.176650173339376 0.0889615626849449 0.436226774854967 0.169640279013145
0.00700088526842038 0.160374222156989 0.36535216971881 -0.0436243274167205
0.118223803646749 0.0743826043570887 0.246241453123878 -0.187473442080129
0.130302681609863 -0.0130884145577187 0.131006656579472 -0.272154145636914
0.09036770176748 -0.0959435047874975 0.0676885170324368 -0.257148388894055
0.0601756501523582 -0.120130553569612 0.0835731280912641 -0.181539370982102
0.0561640732889767 -0.1203983325123 0.179917714988127 -0.142972509656076
0.122471947173196 -0.100786165850807 0.285571526546695 -0.0305906932281533
0.184078850197568 -0.0132956427785975 0.316201016590136 0.168992271733984
0.170629273106878 0.135089964894436 0.101466821162623 0.355796847785388
-0.0658302610143128 0.229851103859348 -0.128493650179771 0.245370201573218
-0.230021364087337 0.0548010367977918 -0.133373837361083 -0.044176424050385
-0.183769469682186 -0.104516190112063 0.28908771024008 -0.0420333962831603
0.0870746624324365 0.108020581405104 -0.261082775867176 0.288166791470185
0.116649414126451 -0.0724710172768137 0.201997185400491 0.0639684938038489
-0.0107001134086498 -0.120376454306491 0.0125521262693042 -0.325373526395257
-0.104892894333204 -0.0130281406328697 -0.342302060406562 -0.286019056586454
-0.0484290034604908 0.0577664136886127 -0.451322647786615 0.0601101412144626
-0.00594828734691686 0.0548424115323804 -0.257628051876897 0.294590272703996
0.0147954807559978 0.0569998655454282 -0.0551219551485021 0.311934697050794
0.0153920765973951 0.0352354330109257 0.0538605690137379 0.268308049652178
-0.0123190160262817 0.0300467589095063 0.117176293976003 0.275911570433361
-0.0333506776906575 0.000239557985271868 0.0747007972872045 0.322162527971925
-0.0175316152004045 -0.0157602836666068 -0.0663708822999101 0.344039046761731
0.000837412422649446 -0.044965288371664 -0.257505415739292 0.264908087988996
0.0931960932741501 -0.00717767138157508 -0.45026272338403 0.136747462884991
0.112324980838561 0.103927046889251 -0.540561554489656 0.0653548051783743
-0.00989554131165207 0.174901296867716 -0.520026481961586 0.282073703411784
-0.0447206870587026 0.227010814628825 -0.288911107422609 0.24934783276074
0.0973972863400906 0.0979602391053718 0.205003893804142 0.0753337594628073
0.0774744593125003 -0.0141785903695195 0.0501182278588022 -0.33980035531484
0.0195713784112775 -0.0279256360132381 -0.331153433945611 -0.33913179050531
0.0384031754669676 -0.0146989370279292 -0.470052059586899 0.0298733215973589
0.0269729917891677 -0.0470763691292634 -0.279507107568667 0.279091614795297
-0.00487626135832644 -0.0411111892316068 -0.0756453523629106 0.303510097118389
-0.00409870855002578 -0.0593446672764357 0.0480635487071222 0.262281353173569
-0.015966559185523 -0.0726041260463816 0.124534979312949 0.258913301018304
0.030982130744885 -0.112339496954057 0.115300942886072 0.303617412507616
0.11528106245517 -0.0644686201548263 -0.000924214705278457 0.352658711853051
0.139196431734054 0.00767538180584409 -0.192401875140007 0.319266982290451
0.132444492803717 0.160675380403199 -0.403136187486623 0.195583739925836
0.00751052281582059 0.294051887644752 -0.483754820877801 0.0906927859774359
-0.173375971879702 0.31467055107486 -0.443585546848453 0.24249105238026
-0.195858214854789 0.304272589195745 -0.258223822586573 0.171598118512617
0.0239994204586653 0.273610128829311 0.23578892151522 0.0708597525751709
0.137129770641871 0.137723775502896 0.127480314358271 -0.356052661259131
0.161361423912616 -0.00512973032208835 -0.27777057966925 -0.407662425702564
0.145393536938382 -0.0783645923461334 -0.458352281984902 -0.034778163972123
0.0750581209948794 -0.148559742358003 -0.290925661690565 0.218981235141434
-0.0157086341271182 -0.140586074460669 -0.0995690343553105 0.249685481767755
-0.0234739215171385 -0.145527041841469 0.0345781082862142 0.218471271169815
-0.027865975456161 -0.156440621094245 0.126341133828587 0.202786982522627
0.0637098664894073 -0.209366554013846 0.167291883093152 0.241870599735756
0.207067252911837 -0.136634379246374 0.101898865543287 0.320680231595277
0.26611140351385 -0.00272768203799676 -0.0738282583391308 0.370399719815079
0.221881485699018 0.269958137208807 -0.314596827174429 0.273939447963665
-0.0261192082920684 0.447534276952846 -0.416420937097881 0.116298965849794
-0.277010668359353 0.428485707647228 -0.328491707887635 0.16550313638942
-0.335284865990516 0.322758778628408 -0.159952199968073 0.0644639727243342
-0.0955042840455822 0.413266875014605 0.290392013840631 0.0489355489739704
0.144748648172678 0.305349009014552 0.233107569542306 -0.349328493306478
0.284008074187902 0.0618834249480144 -0.166829548001011 -0.458084159788036
0.25181947957915 -0.113557595316332 -0.394188491558566 -0.122208532569106
0.131389862186099 -0.227361385056515 -0.277633057887538 0.116029705986027
-0.0173890541435266 -0.22514147259624 -0.118700555903437 0.156566159684044
-0.0418199080996004 -0.211094221371527 0.0175224547592313 0.143137853556089
-0.0443423867657574 -0.211660064288124 0.118516208241085 0.118508161769704
0.0680692172165757 -0.274537840310891 0.207235826157734 0.146806627887518
0.248536837417837 -0.206207124258944 0.203426631157885 0.244243321928624
0.349351837629197 -0.0515505157722259 0.0630769578928134 0.374796135317442
0.30762776097869 0.310029091152535 -0.198813450989338 0.325365563153377
-0.0171509801294919 0.527662443104858 -0.342994060559113 0.125079302283999
-0.319193376575184 0.48629659014274 -0.200625630386321 0.0567361469363274
-0.421936806397455 0.278874353907239 -0.00176002622405773 -0.0551440075313489
-0.226347307330347 0.460441764409481 0.35907530554798 0.0116541756492213
0.084354202609095 0.424605531011248 0.342860850793248 -0.306376923645834
0.339769741021989 0.15001515907306 -0.0148950437010867 -0.457537821288285
0.323685038816469 -0.107238965138489 -0.269280022036581 -0.209820554617279
0.17667010877681 -0.260478181843748 -0.231846824164828 -0.0136309919566505
-0.00967474204918364 -0.271594082471856 -0.128378512650747 0.0372905487387207
-0.0533133463393322 -0.247252907227963 -0.00180098951139327 0.0483903183229986
-0.0571301484222016 -0.235074020217598 0.101790115787177 0.0188353986427394
0.0588983966556404 -0.297237251190782 0.222902175976671 0.0386735472330415
0.25070109722837 -0.242212280613214 0.274543338783213 0.14247420313474
0.375401560156764 -0.088583153267843 0.176604659746592 0.336340896439149
0.3407698653092 0.308817015399636 -0.0889477503192383 0.331017271992436
-0.017767767539201 0.525085048754391 -0.278128935210338 0.110275917600716
-0.326227260192061 0.467014974144166 -0.0771019199473787 -0.0604253934185626
-0.420993998458848 0.185446644288504 0.183184958311839 -0.1631232007102
-0.308622531304235 0.393292966144944 0.427148513050791 -0.0280521182531898
-0.00591050451489113 0.435449886777179 0.420410425313221 -0.235025042757065
0.306764033208807 0.205278893821523 0.132213272690135 -0.398579300532931
0.323808189825909 -0.0747114291849869 -0.117328517804891 -0.267941026512907
0.18848184638474 -0.240409228627104 -0.165130565165442 -0.140964897627677
0.000399403815767829 -0.269659106964472 -0.12651444034771 -0.0851054877020814
-0.0563714664605522 -0.24505356980741 -0.020801346734334 -0.0492800217200884
-0.0606453312189806 -0.228405752151365 0.0814676877782376 -0.0799055715440029
0.0486522465286614 -0.281128197953549 0.2213985249409 -0.0626195051177384
0.230402340272601 -0.234787019591666 0.312794330879986 0.0472455293296541
0.356313177916735 -0.0839092659109889 0.247865178716845 0.283077721051635
0.301914759673295 0.297622465844979 -0.0104568632801854 0.310260128428904
-0.0534124365288926 0.458255637997173 -0.22353503086006 0.08267127182478
-0.314757292243697 0.370015421967164 0.0345856652071391 -0.159343111397978
-0.329496341591191 0.0659825823274362 0.349913644498006 -0.246482208803912
-0.299805975278166 0.244186096594068 0.474615662719787 -0.0584874386246166
-0.0705553931306648 0.337234099362938 0.457636060373034 -0.164262849789855
0.213726903605851 0.191521759199353 0.2332490526188 -0.315540143434133
0.253706032764516 -0.0395398895898785 0.0141316091758215 -0.294858304755109
0.157550056834274 -0.179004052819805 -0.102540733194373 -0.242163504774699
0.00614811806709008 -0.219032455444824 -0.121095409906089 -0.187058577287891
-0.0479867439852033 -0.205860109839603 -0.0379517612182556 -0.136433303736169
-0.0512876033025015 -0.194219107557855 0.0634564866190764 -0.166054796709385
0.0408927213969105 -0.234233585865354 0.214402704621308 -0.147853181611199
0.19392929558061 -0.193698836482975 0.336897587014377 -0.0250944217710517
0.306475569019931 -0.0452847057203479 0.288292858232682 0.240063716880679
0.212005082380504 0.279507913615144 0.0343270023854379 0.286206427183781
-0.110224773594285 0.345196534001401 -0.176905078350678 0.0587190651173953
-0.282396936570028 0.214295954932174 0.132840460655849 -0.218668674014516
-0.174202337269193 -0.0590416842905668 0.455069199556359 -0.300351297260188
-0.211717690502901 0.0664354350160494 0.483383770571258 -0.0838691519544256
-0.0846258433830002 0.177102698714311 0.463436285165641 -0.126900278733947
0.101952034079563 0.120718273828776 0.280123533067474 -0.262268865030759
0.138016637587733 -0.0138952223539667 0.0841002660269084 -0.30861483613833
0.0951606989361518 -0.0917942455505849 -0.0699375031956207 -0.303020898915113
0.0100340080133995 -0.131079197960005 -0.117707947801403 -0.25213971766564
-0.0297701860426698 -0.135259155852089 -0.0499387031339433 -0.198270140088152
-0.03138060502211 -0.135220982249475 0.0534576497666629 -0.229913411522603
0.034105634388412 -0.162847529586271 0.213557342980769 -0.208004898065529
0.143130578146436 -0.13168226247137 0.360681606294056 -0.0696103822280994
0.22958825983214 0.00191006741357339 0.311291921110454 0.218533776433783
0.100430254799143 0.240240403477013 0.0547481458686927 0.275831468644361
-0.1566792396822 0.199127496332076 -0.141379009068401 0.0475792470795329
-0.220458357232098 0.034113149470496 0.213229929595191 -0.230026224145467
0.0978185772984248 0.106734564096828 -0.251831722033092 0.316153060763
0.11513462485551 -0.0822285704204889 0.219118286803525 0.053475746138378
-0.0185729730126154 -0.124007095546215 -0.00471395770254577 -0.336875207810931
-0.109653390948347 -0.00632793427258501 -0.370946376445108 -0.274197678256889
-0.0472988750907574 0.0632462238912938 -0.466984642041965 0.0901830809543703
-0.00311847276587387 0.0569070472580481 -0.248201014134746 0.320206601574965
0.019367983130583 0.0571430274832078 -0.0353410232648198 0.322877726651706
0.0179362217936232 0.0334852828323357 0.0731966020715515 0.272158876058124
-0.0102025639810005 0.0309271821720973 0.141975605894907 0.275920591447281
-0.0346001526420176 0.00222272404165364 0.0993625937080496 0.329844818846913
-0.0180289172707883 -0.0149313640348691 -0.047627778990193 0.361588841809937
-0.00229688068326123 -0.0454098748219865 -0.254742608123107 0.286457248862045
0.0964482051097785 -0.0138434037338614 -0.462887807014713 0.166298104767795
0.120922893296524 0.0985675682730486 -0.554535759336677 0.0963423100958338
-0.0034191495404929 0.182786786487974 -0.521427661471497 0.314589186427961
-0.0329895398734807 0.237532008633478 -0.284324883717205 0.276761820994253
0.105788330541153 0.094022092566186 0.222709159361617 0.064770095248724
0.0780674970183605 -0.0186786798509028 0.0347612581124406 -0.353997495914619
0.0170763583688776 -0.029349539391205 -0.363077829259274 -0.330535305981583
0.0381411459068727 -0.0181939370877313 -0.48704594429877 0.0595802449472709
0.0238358304395721 -0.0501444641516482 -0.272065530969894 0.304925883992223
-0.00716434237577081 -0.0420255608244708 -0.0583390607570637 0.316565950927174
-0.00873800952868345 -0.0621046301246928 0.0678461934382857 0.266033600391466
-0.0215043042730926 -0.0739555500459763 0.149440898025888 0.25797859026382
0.024957083599751 -0.118812656975089 0.140288447834022 0.306737809786029
0.115053785865356 -0.0753655237131715 0.021211599334222 0.366185543019076
0.143492132346403 -0.000143813968699936 -0.181882923861397 0.339048084703089
0.146849537081289 0.157951624552901 -0.410455745131451 0.224807658510714
0.0250293740063058 0.301404504126255 -0.495862782877383 0.119965376886283
-0.16682493244048 0.334679191150485 -0.445680325619732 0.271053590898557
-0.188367851287282 0.327141097129715 -0.25670460803489 0.193302515099263
0.0412646978926037 0.280348546333989 0.253862265793429 0.059017749945092
0.148331584495303 0.135215098416177 0.11504278059511 -0.374518969335652
0.165070212490986 -0.0135472008198405 -0.30975858895994 -0.404235211213987
0.144226228184421 -0.0906469780177593 -0.478401126332733 -0.0101707177638649
0.06720015823532 -0.158810858493401 -0.287392082895182 0.242613118083995
-0.0255774602177514 -0.143247665348473 -0.0866111078812311 0.263922108513942
-0.0347981508435181 -0.149231281329542 0.0514749849786797 0.222609709098068
-0.038535017356351 -0.159675361189187 0.147456415711197 0.20075775396144
0.0525762631961807 -0.221005987756456 0.190906077938358 0.23789966425763
0.204465268378628 -0.155701211050075 0.12700259668282 0.328031718230874
0.272578780837101 -0.0192427575260122 -0.0552037333636963 0.384923641585506
0.246091899898637 0.2646877940191 -0.314996862375219 0.300632777602764
-0.000419597760443036 0.463922309673776 -0.424051828178734 0.143470740029284
-0.266742596030401 0.457881565893274 -0.3295142895743 0.188222128893776
-0.331611115318202 0.353581146110135 -0.160708698139481 0.0762720111615123
-0.0736249331875729 0.43212612318976 0.30812258600549 0.032501272533549
0.165377787974375 0.309076290440344 0.225256165921182 -0.373537157160557
0.296385296098634 0.0480960477223773 -0.1978913080739 -0.462531499433877
0.253095267639102 -0.133665295087487 -0.415654855125947 -0.105556223494101
0.120564066314637 -0.244076567414936 -0.280855191966998 0.136165974960999
-0.032094486760782 -0.229533103233273 -0.113875725335313 0.169898346920867
-0.0571365284307781 -0.215242465254254 0.0282982130107225 0.145563800667926
-0.0589311678261266 -0.214740186664635 0.134076794002927 0.114434005020774
0.0529728432952282 -0.28841330739682 0.226181879886598 0.136852426495909
0.2429226066613 -0.230743256686489 0.22691803814106 0.241980303838782
0.356022233467843 -0.0754186483475364 0.0888976940907695 0.382632514584822
0.339424867763927 0.302160153097088 -0.191430902662227 0.347180222768703
0.0138522719738832 0.547350215540043 -0.350056198402009 0.147362755444108
-0.307753959677108 0.519214363936425 -0.204247599257141 0.0715305448277144
-0.423022596422732 0.312454657436872 -0.00389361545542227 -0.0567071164073328
-0.205649123133451 0.488976211024532 0.375692292385051 -0.00936804619171373
0.111299242588501 0.434536284624025 0.340395424774109 -0.33445302388479
0.36011388533562 0.135625362696865 -0.0390682138987328 -0.472317689147779
0.326426032380466 -0.130494083227967 -0.28915252839019 -0.202894836157962
0.165675887729523 -0.281401446649001 -0.242644114251407 -0.000569160369316946
-0.0275936624864669 -0.278245927651444 -0.132181521260501 0.0485572353617627
-0.0719018562103144 -0.250490138389534 0.00189711772276134 0.0495344941754086
-0.074801534491303 -0.237393110207358 0.110477312770798 0.0134785841775955
0.0415995225989406 -0.310748068379708 0.236360906449356 0.0231601603826896
0.242454409517533 -0.267678381567153 0.294353581140095 0.132143762494654
0.379834314949348 -0.113842941316257 0.205278184646254 0.335635459872362
0.372010786966715 0.298142378671082 -0.0764916063430583 0.347406653242845
0.012698933028082 0.545002320252899 -0.283283166589264 0.128393380825555
-0.315252184322948 0.498508449895994 -0.0847003464532514 -0.0562498588189969
-0.427618983631189 0.216219350006913 0.182285461591621 -0.178587530521207
-0.29515974371919 0.424568027292855 0.442519191156049 -0.0535052237376651
0.0186206478291211 0.450907718134457 0.425609050759386 -0.264393275611444
0.330179724443259 0.194165648717367 0.116289314525963 -0.41862945022587
0.330489966467654 -0.0982974148094909 -0.134173578803449 -0.272708243565907
0.179750276532682 -0.261595417844028 -0.181975159924074 -0.135841860429575
-0.0178952621205936 -0.276718326217339 -0.139587705352964 -0.0771172902973775
-0.0744938490585824 -0.247999976884787 -0.0247108616607826 -0.0503590310395226
-0.0768697135636752 -0.230512980851768 0.0818364131241335 -0.087733102229143
0.0322882100741305 -0.293289959674661 0.226548446454373 -0.0810119328292767
0.221132352221781 -0.257619402904775 0.328377813175049 0.0309606602857442
0.359904610436096 -0.108683320666939 0.276272494528104 0.276087331880404
0.329307449023403 0.288818204135338 0.00358918313188314 0.321186146379145
-0.028792681202157 0.476961855419554 -0.227940211796358 0.0978187778349987
-0.306835556660909 0.396366809496996 0.0241262034969391 -0.163728048010514
-0.340138622694341 0.087262352443126 0.350523199569658 -0.275091130370074
-0.296023413615844 0.270304618392147 0.488339990130503 -0.0862419599825925
-0.0533411321439514 0.353477380282141 0.467482070502437 -0.192621656514386
0.232253882965185 0.184358758087906 0.226746377300834 -0.339243106215218
0.259170689908393 -0.0586473879988856 0.000856371366014712 -0.308266261540785
0.151988128989732 -0.195337943499207 -0.123593076385989 -0.244337185399726
-0.0071124687601821 -0.224711962174617 -0.140869019525703 -0.18159898745103
-0.0636408165770771 -0.208373334963402 -0.0476447341313122 -0.137706195736784
-0.0653356128577519 -0.195460593948889 0.0571389675176917 -0.175494373886094
0.0277436258360156 -0.243881698808127 0.21340242658862 -0.166857641077728
0.187692524386507 -0.211789375152462 0.348195545876491 -0.0451216755238783
0.310211011350555 -0.0655262357237585 0.313858933348249 0.228762242169578
0.236880539955966 0.274977393730245 0.049627626058368 0.292486253319339
-0.0947031348040967 0.3637144386129 -0.181649555919671 0.0710548849914016
-0.282796097658473 0.235736995952626 0.12216439179515 -0.231143265544148
-0.185094017433475 -0.0506459356454436 0.456689282065157 -0.335628055842969
-0.215244098491422 0.0810639293264018 0.495453118544551 -0.112049595176353
-0.0754129635930197 0.187695464824182 0.474372971672587 -0.154696447915541
0.112590744909325 0.116953175915628 0.279192790561573 -0.285490262242927
0.141571686561413 -0.0241438718944861 0.0734342285748781 -0.326143233349161
0.093860160597879 -0.101549138806139 -0.0936906206980391 -0.308924207331575
0.00146224649269245 -0.135148717385882 -0.141115109701217 -0.249900504908818
-0.0405294303382947 -0.137050293303471 -0.063983288139186 -0.200623853040502
-0.0410484919594944 -0.13687981689028 0.0427832779479926 -0.239672436101618
0.0244561312863824 -0.170409273931427 0.208244162188962 -0.227761149341496
0.139510053911015 -0.143883410841057 0.369954151318186 -0.092718641043597
0.235147907388032 -0.0120287460674502 0.335866080642523 0.206575057981259
0.117826724417117 0.24159832292341 0.0709938480390494 0.281363623647655
-0.151727732892175 0.214838724083199 -0.144363494357399 0.057805438575565
-0.227261664086752 0.0474717823597759 0.202795407275455 -0.247417733238019
0.10900380233125 0.100461805746342 -0.226834830488313 0.342695209215271
0.108880905795223 -0.0934414960877373 0.232663746248034 0.0340175739504108
-0.028729323790069 -0.124047401649081 -0.029500684879352 -0.342706363450669
-0.111682772575951 0.00412816551890973 -0.397739389355776 -0.248346571187249
-0.0431976446917204 0.0688007316919386 -0.469644933384625 0.13211188996419
0.00155535692971141 0.0582657187250074 -0.224711928603136 0.342606137276134
0.0253700950435771 0.0550950253150807 -0.00893787113625442 0.326070240736259
0.0198272430085569 0.0316600132348337 0.0989387264918847 0.268638639379268
-0.00748882491821753 0.0308631487855908 0.169550431698236 0.265362516242045
-0.0347067073182278 0.00460497037290769 0.131491842160674 0.327572615491744
-0.0193215563926089 -0.0138436268081077 -0.0186107033230334 0.371592530546367
-0.00567613081101797 -0.0452240821370785 -0.240838826899673 0.308403502741359
0.0975345384068069 -0.0233376615214087 -0.462127165197975 0.205691075767798
0.128755703235205 0.0886364132796069 -0.555010745591873 0.136683954812748
0.00812096940493519 0.188697298911617 -0.504303153589987 0.356236665722063
-0.0150193035462643 0.244511936589704 -0.263705076272696 0.304381728678346
0.114166802740268 0.0863620651028809 0.236865174251404 0.0465024840638942
0.0770556408964664 -0.0252010794716817 0.0109487547515967 -0.361984833534869
0.0141832052764386 -0.0301577300170045 -0.395002723957385 -0.305719176093776
0.0364164224156912 -0.0213398060174938 -0.491383766371994 0.102384735768492
0.0189090841703903 -0.0533969711234433 -0.250840107758607 0.33129135017006
-0.0101496441637456 -0.0421536814701545 -0.0307270691268284 0.323900807609077
-0.0152725456913351 -0.063099419834689 0.0929298356922898 0.263097817379596
-0.0276361717089925 -0.0735355945344695 0.176356549563207 0.24594950451199
0.0148871396847141 -0.122524318465362 0.170542554021279 0.299345298548263
0.11022936067416 -0.0869282038737079 0.0527381280902229 0.371693869328252
0.144618592926432 -0.0103929762994494 -0.161310849464531 0.356065056215454
0.162356705434384 0.147963610760809 -0.404267555759003 0.261041707691269
0.0480367451236979 0.302551967264587 -0.492439854415015 0.15758959477313
-0.147919942950201 0.352964895827841 -0.429608383742152 0.308806305574153
-0.165693752823297 0.347171511338187 -0.243049490160423 0.217185991773192
0.0643731340089002 0.280153466309872 0.267797205298729 0.0377546371485825
0.160654252422215 0.126225357147198 0.0918029508616544 -0.388328122501447
0.164522155518671 -0.0270627197039145 -0.347829033063252 -0.385631383556893
0.138574760733387 -0.104438649954395 -0.486274741502859 0.0308345314726394
0.0534541398350147 -0.166794672952979 -0.273147700168626 0.269379009193908
-0.0372167786298224 -0.142083382820545 -0.0661356742576523 0.27497467043966
-0.0486511690457524 -0.148325322846918 0.0719037656144337 0.219400983322732
-0.0528087351127959 -0.157422515982121 0.170717630485951 0.188579573430965
0.033395044932751 -0.228893730484279 0.216082459992311 0.223668417961601
0.193839789123092 -0.177250421040639 0.159234207032912 0.324515048315123
0.273998492275064 -0.0415395307732166 -0.0256913003563707 0.392754755901216
0.271763630144297 0.248766717246795 -0.300562508586639 0.330320638648107
0.0369724077723889 0.470879375361099 -0.420339962845842 0.176193980060497
-0.241476678342342 0.484619338815687 -0.319728828687544 0.215709587559757
-0.311444754542545 0.387223232342848 -0.155282710520366 0.0898432754414058
-0.0406492709132513 0.44424381923526 0.32004586131677 0.00794025895530163
0.191292412749234 0.301527416472614 0.205248312263162 -0.39468415187445
0.303823907215427 0.0256011915375234 -0.236450613302345 -0.455172032224643
0.24524903445315 -0.157562525495467 -0.430538536818004 -0.074264202481435
0.100331843316638 -0.257713073980728 -0.275975057895547 0.160324625149805
-0.0518807502167861 -0.226837690791314 -0.102318265983969 0.183476209462629
-0.0780317543820716 -0.213058316111791 0.0424135955151348 0.14359309417056
-0.0773067001093908 -0.21080600482765 0.14992334041642 0.102595237614398
0.0286698899795638 -0.296648050628464 0.242905933826074 0.116736152509869
0.226012018416931 -0.255338471503969 0.253568807201378 0.229105858075086
0.352887584278485 -0.104553193275889 0.121150739765275 0.377887977795369
0.370003276145494 0.277931006181034 -0.171781986556057 0.367239244838393
0.0596183859424875 0.55471956774764 -0.34510942040665 0.176193586416327
-0.277995208864508 0.549815696256546 -0.202144896851968 0.0893638881283133
-0.408589660525609 0.353617135278537 -0.00639814713039416 -0.057882578503244
-0.170268528877961 0.513067177481306 0.383992684294418 -0.0395766309790871
0.147727717594342 0.433958817618526 0.325479272242 -0.362447879968673
0.375519291463497 0.108922205412454 -0.0751758231011779 -0.476665179454657
0.320558721759505 -0.161022065454015 -0.308751314620945 -0.185423467197999
0.14332285812227 -0.300294577165077 -0.248453358819968 0.0185921830855519
-0.0517347470653726 -0.276316485550051 -0.131460903263402 0.0634291321992992
-0.0949841930426258 -0.246353442233733 0.00703802842190246 0.0484390956538279
-0.0943286969037452 -0.231938589498922 0.116835526977138 0.00304015116653779
0.0154564616705987 -0.318593709251389 0.242829665395459 0.000976619987966694
0.222487175368187 -0.292197028023632 0.313316170375894 0.111300089183169
0.37379029058366 -0.144940080409468 0.236785418658047 0.321695840614876
0.402265216294614 0.271229413803509 -0.0542543975858448 0.358959461346991
0.0584269663150545 0.55305910484779 -0.279731075081258 0.150984516260981
-0.286585430273092 0.52963004462505 -0.0914604051812015 -0.0485872224724705
-0.420742347805353 0.254288444752595 0.172178070602744 -0.196509364455663
-0.26514856295546 0.453951060905518 0.446339864003301 -0.0885303035654549
0.0545457491992139 0.457156404546278 0.415566979588664 -0.298741753821065
0.350370768621878 0.170305939952332 0.089129816822317 -0.434156152481096
0.32535078008286 -0.127557673373022 -0.155300314243547 -0.268804947984334
0.158784995642707 -0.282481039905887 -0.198365033483542 -0.123533846406511
-0.04151224072132 -0.276371147307248 -0.150434385801255 -0.0629190697943721
-0.0973507579297871 -0.243504348938266 -0.029511299371691 -0.0492348465745338
-0.0972104027223389 -0.224511359325582 0.0792044822072641 -0.0961401675741724
0.00801422589151503 -0.298701644478474 0.224816651346556 -0.104412227376334
0.202364283266282 -0.279560851799626 0.338725582380973 0.00642442818093016
0.352449440250709 -0.137865414307062 0.304604256327094 0.255547464939747
0.358008799995077 0.264664659822865 0.0252114184680044 0.325466292928169
0.00996399371727846 0.486949389485611 -0.226581494354639 0.116211372427841
-0.283788768028425 0.424318644899418 0.00973257019091587 -0.165381764730005
-0.340174668061729 0.11745067651153 0.336002777453811 -0.306420695945945
-0.278922100984714 0.297926391441252 0.489692027920103 -0.124012161540925
-0.0251784936950136 0.361561573388992 0.463286334858319 -0.230408089753499
0.251100592203928 0.167103873864082 0.20866571415076 -0.361141177705102
0.256400232933072 -0.0817509118911904 -0.0202204380735419 -0.315494647848954
0.13789760185035 -0.213037106256287 -0.14770343218175 -0.23832935595174
-0.0270664873959526 -0.225572060604162 -0.160286246067052 -0.168206488997671
-0.0826518944433002 -0.203693501103707 -0.0602017386142949 -0.135296111404249
-0.0825074056014394 -0.190971975478376 0.0458836747719044 -0.182500851490047
0.00727253747016726 -0.248857264028486 0.20355589302459 -0.189081989259372
0.171223681073174 -0.229975181380092 0.351377292725202 -0.0731158231338697
0.306820203040354 -0.0906359637450888 0.339415615149661 0.204608466193397
0.26270044095764 0.257760347750525 0.0707693906507018 0.292871424164578
-0.0674470199331514 0.376108667647873 -0.180225753743243 0.0864175079301438
-0.271392105934722 0.259918186565598 0.103380105903704 -0.240570230069273
-0.19324390165521 -0.0354850297807846 0.437914336520933 -0.374968873560662
-0.212339895611983 0.0994720708053919 0.492782916337017 -0.149215581760804
-0.0607955356629189 0.195122596117121 0.471238221478473 -0.192923070985894
0.123864127412069 0.107911359583292 0.26652583472666 -0.309513031443794
0.140191156888887 -0.037281325938706 0.0512388600822784 -0.340133086407151
0.087255317121768 -0.112085817167315 -0.122779642421268 -0.30541160791983
-0.00971156665953187 -0.136417499247691 -0.166883865510576 -0.236712112232253
-0.0535483038567046 -0.134111905047254 -0.08134547797508 -0.196965137999797
-0.0527477339399321 -0.134120440811854 0.0242502519662854 -0.246297620090555
0.00969521664381159 -0.174056869726758 0.193656063151122 -0.248280605913462
0.128904157739658 -0.156567955156961 0.368994899227028 -0.122285040276455
0.235915277172577 -0.0306514472395369 0.358740105849276 0.182165042714832
0.139786632344669 0.234052276935667 0.0914360192335052 0.279828490137194
-0.13714774926681 0.230095907197082 -0.14428356629949 0.0713305372056191
-0.228283199606683 0.0654332887244636 0.183839653433027 -0.264202810579809
0.11596954670563 0.0904695532403607 -0.193848873430793 0.357060399373844
0.0988052668630037 -0.101264144723693 0.238184408103087 0.0108423989277355
-0.0384862247111304 -0.120586571928307 -0.0535271599171849 -0.337864502654934
-0.109427822756436 0.0140066565790404 -0.412486981936805 -0.213727831939709
-0.0368890529088868 0.0720656664470173 -0.453892839270613 0.170821770203581
0.00657397899137766 0.0573436521560852 -0.194053554305922 0.357067406171065
0.0303454607946165 0.0500998669630946 0.0188029922548557 0.318749848115888
0.0216876151984493 0.028473136169717 0.120338769896878 0.254540578330493
-0.00411428727959927 0.0307645632381417 0.19063599849158 0.244660355678173
-0.0339710043586395 0.00773943195578692 0.159035456819307 0.312942830412096
-0.0197011555515097 -0.0126720043729418 0.0106279158265548 0.37096656066526
-0.00926670732806528 -0.043301782151576 -0.220606128403771 0.322080404145361
0.0953765890398581 -0.0314703027847981 -0.445556523099529 0.239647048832607
0.132134321636939 0.07628040244735 -0.537112161832803 0.176532985976136
0.0211924586465279 0.188465685265979 -0.473669738379631 0.387422560814248
0.003867858980375 0.243149277854809 -0.234736931621154 0.322031319584952
0.119169806892337 0.0755738441299489 0.242949940870949 0.0231451627595215
0.0735807663754562 -0.0305587474039608 -0.0133621368363475 -0.359723531395129
0.0108477319097249 -0.0298898052328195 -0.414272432738712 -0.270642227949983
0.0331395078108022 -0.0239037020216498 -0.479599022151615 0.143281618085713
0.0141857470157876 -0.0539563895911939 -0.220955742918632 0.347436400485098
-0.0119886431771363 -0.041527776940892 -0.0026291149958748 0.319708074803188
-0.021040508469779 -0.0608945217491694 0.113835260238194 0.249819998758267
-0.0335516394052846 -0.0700643299162479 0.197228368801166 0.225318403496708
0.00400516892237035 -0.12264504796857 0.196413391571066 0.280809931710539
0.101618756224887 -0.0954337210595521 0.0841988088220453 0.365368966393127
0.141082027000566 -0.0209620222664871 -0.135760013259413 0.362918173512824
0.172279121866086 0.132491673221936 -0.38330935281157 0.290441444133735
0.0698076568514165 0.293717968905481 -0.475522870784989 0.19246863612656
-0.122686210143402 0.362388830190311 -0.403371257405301 0.335850421995716
-0.138999792819461 0.357901646288829 -0.222584146190996 0.234057813442086
0.0855472501027436 0.271407735120685 0.272089317081168 0.0132556236342077
0.168355874089132 0.11321596616302 0.0657859948138063 -0.39097929943095
0.159403332354142 -0.0387694978098749 -0.372507134427863 -0.350853097096263
0.127028154664575 -0.114828959019678 -0.479836096474958 0.0702897202236174
0.0377464571801002 -0.168839026548342 -0.249166333727521 0.28800709786425
-0.0476701397455293 -0.136555955029329 -0.0405547482340587 0.276530541083914
-0.0617102985011111 -0.141898511491169 0.0905546357820306 0.208360039441841
-0.0645919864783077 -0.149564379552668 0.187929147102952 0.168351423870409
0.0134535456348454 -0.229091254319777 0.234824180246462 0.201118708905047
0.175966878905306 -0.192233532106675 0.186684265944886 0.308843464209507
0.266226195909449 -0.0621589305554193 0.00278599482170634 0.387848739965507
0.287636555597329 0.222666906142469 -0.275499976600265 0.352690236622604
0.0724691714244097 0.461913613000267 -0.40147813027738 0.205254639317223
-0.20599164289562 0.498160411423648 -0.299589334565017 0.238176396943403
-0.27944083391562 0.408499448461737 -0.146024284036974 0.0999246432809831
-0.00487991450837843 0.440600928704678 0.320384490864199 -0.0193497351793283
0.213064648090769 0.284993621457587 0.178445295622174 -0.4056176599883
0.301231352254484 0.00150911029114548 -0.269573128813756 -0.42990957862871
0.228517397885316 -0.175998316283221 -0.430294620588233 -0.0396247580732917
0.0763444600045772 -0.264213204956475 -0.261011223923388 0.180680844747222
-0.0691524622120684 -0.218256642999881 -0.085303807542859 0.191897643921219
-0.0947827950569774 -0.202179117587959 0.0539798588490188 0.136764167500889
-0.0935451691807492 -0.199276334242696 0.160426012624571 0.085497398184741
0.00196102347785432 -0.295423676802164 0.251097521927609 0.0924703425192808
0.200703981475042 -0.272187157820901 0.273853485732116 0.206053970634394
0.337231231283878 -0.131643901592026 0.150137142542495 0.361607334696315
0.38809399501749 0.243055903803791 -0.144020868992757 0.3783173551378
0.104380555570607 0.544662583848749 -0.329666492154425 0.198177806795305
-0.237422083826628 0.565894012763065 -0.193254962191523 0.104135244865512
-0.379267182081175 0.38389052674684 -0.010302808038648 -0.0574726602832742
-0.127312919187342 0.519933393126116 0.378652436573051 -0.0697437738453481
0.178500773314553 0.419115967609818 0.298362244418116 -0.382567883532678
0.37947987586177 0.0782251009432058 -0.111355033500195 -0.463574832408894
0.302689693092422 -0.187281360866381 -0.319003273640913 -0.160084756297446
0.114886528289369 -0.30978059451222 -0.246012519555109 0.0390908702013205
-0.0731438527773982 -0.266202709322031 -0.125513229590613 0.0770015073444417
-0.115731126343033 -0.233477883606337 0.0110948536608091 0.0461523557314323
-0.111178580139078 -0.218815351385053 0.119135046829828 -0.00899223174850829
-0.0116674082999696 -0.315562616047322 0.240677589602413 -0.0222854118366209
0.193810019077757 -0.307734720201718 0.322109585272926 0.0851350334848238
0.353765565100714 -0.173250355831809 0.260537674357086 0.295948948747064
0.419103584540439 0.234798722644523 -0.028457976726809 0.359072922768378
0.102057003459232 0.541065368896036 -0.266665029741908 0.169586534669951
-0.247658463315868 0.545112389962359 -0.0948865919384324 -0.0388330340347571
-0.398152660338179 0.286971201622554 0.156415515884152 -0.208330163233253
-0.224954485448958 0.470350391763529 0.435329480703734 -0.121877966324588
0.0905053559987669 0.447279084890299 0.393282977127384 -0.324664844624201
0.3580197751511 0.139379660059354 0.0568952049422449 -0.436518079354206
0.310052038296109 -0.153397167212099 -0.172722172922175 -0.255572281624335
0.13283737165534 -0.293621361915967 -0.208245520599957 -0.10659897959258
-0.0628247298950197 -0.26674967621973 -0.154869048354065 -0.0450142040541944
-0.117126093087614 -0.229914626150597 -0.0328731346859921 -0.0468425974155502
-0.112811295304685 -0.210735564936079 0.0730740201829758 -0.103264148147315
-0.0176769240801998 -0.296028224990181 0.213539078166598 -0.123851130558354
0.175167033203944 -0.292889361380256 0.338425957012254 -0.0210059012077688
0.33463895901206 -0.163367845645046 0.32237698410304 0.224637791333537
0.375380047767582 0.230857378775118 0.0471042694614675 0.319837196559135
0.0484413873788926 0.480437522858964 -0.216943865851356 0.131765239849063
-0.253642281264458 0.440530224008837 -0.0042534851163452 -0.161416051848066
-0.330139748575106 0.143780086675413 0.309482733244494 -0.328662127308205
-0.25077705433293 0.317031953281083 0.474419997103672 -0.158714295495793
0.00367431605691637 0.359125868731291 0.443946827889983 -0.261138886616858
0.260994828290112 0.143881323619622 0.181372928352483 -0.372647571718285
0.245409832963044 -0.103138303019124 -0.0427017849520807 -0.313874896226689
0.117960763102831 -0.223425200980763 -0.167788991276469 -0.22369123170266
-0.0449052985767134 -0.21815603102286 -0.17391692753354 -0.148461890849676
-0.0995056914769772 -0.192348710439647 -0.0707146972529256 -0.128222899495394
-0.0963176916007994 -0.179378894777513 0.0322427514915717 -0.18551051930784
-0.0138042992359844 -0.245940085246957 0.186432889378209 -0.205006047454735
0.149979244079273 -0.240942744245774 0.345092034066405 -0.0992277823098072
0.292935741164368 -0.113742812510984 0.353480117297544 0.173594352381705
0.280589061355015 0.233068430264395 0.0896147161603078 0.283711459831995
-0.0371578795719153 0.377373584414115 -0.173668359284487 0.0989810245719208
-0.250579088046124 0.278090599028574 0.0818267537409341 -0.242403099330656
-0.194649182169768 -0.0194374240721907 0.406024780808224 -0.405263174467574
-0.201635182901307 0.115055959736603 0.475600277236842 -0.182144842684347
-0.0436319966834933 0.196392597908491 0.453470676867007 -0.225238560259074
0.130363915636178 0.0947791827658394 0.244377114637162 -0.327632709934411
0.133905062195011 -0.0492934912590985 0.0268422000484748 -0.344250856397412
0.0766068508812751 -0.119439296941608 -0.147849907946851 -0.291096171659762
-0.0203530050024594 -0.132724753867181 -0.185981192642654 -0.215973537595517
-0.0648404499031308 -0.126909988294852 -0.0972067237549654 -0.186583827296787
-0.0635932303002214 -0.12683486609663 0.00523578359733665 -0.245677492237933
-0.00463038375105714 -0.172751006838604 0.171894169422098 -0.261846619447343
0.11425904064133 -0.164462175661974 0.35693615686922 -0.150285330809901
0.228589445365584 -0.0483308898868265 0.369933566741896 0.150595815927674
0.157240295658569 0.219196240350882 0.109839888057292 0.269644234840495
-0.11953915382794 0.239169561811119 -0.138974006327478 0.0826310105911014
-0.222079376159879 0.0818814050212207 0.159081637188838 -0.271938147860112
0.118327325507868 0.0813473577636889 -0.16266250319456 0.359337989180193
0.0885101661989143 -0.104080560530217 0.235686608881753 -0.00929990487968502
-0.0445006861459596 -0.114501921041882 -0.0698326652605564 -0.327213304212968
-0.10528404981559 0.0210328854219586 -0.412273240489533 -0.182484504133183
-0.0310608590254728 0.0733265286371712 -0.43241593724124 0.19749520492676
0.0104910903173637 0.0552295061478163 -0.165927142940397 0.358720847585143
0.032995509555496 0.0452258488922894 0.0388668638039999 0.304942809580907
0.0223562022584247 0.0254248301201145 0.133448433163375 0.237888195355104
-0.00203463126919918 0.0288002612960427 0.202342918455322 0.222465776027809
-0.0318344826599961 0.010151574078346 0.177825441977133 0.293628848801898
-0.0197119970656443 -0.0112719576123468 0.0335333929276197 0.36037713326585
-0.011563476193469 -0.0405868798716629 -0.200665518613396 0.326659165729083
0.0904367723745855 -0.037862748349545 -0.422296765037733 0.262385788060585
0.130589253614937 0.0650187247988737 -0.512236447566956 0.199094103504427
0.0310263030804339 0.185218204440947 -0.439646951510643 0.401089410011172
0.0176891644452346 0.237056553904235 -0.207099577031139 0.32749883513066
0.119127471259141 0.0657750730494902 0.24089478389373 0.00250206260317681
0.0693601691002662 -0.0339665264742515 -0.0307053457494723 -0.350283312413553
0.00820254626633258 -0.0285566586859892 -0.416834361543309 -0.236594872440534
0.0306367475464088 -0.0247046535898865 -0.457047934698444 0.171441695274862
0.00991027800279482 -0.052914981607695 -0.193033786988422 0.349827846859244
-0.014178931774654 -0.0402368874841938 0.0182335477609497 0.307714350656716
-0.0249696140569945 -0.0581612903749416 0.127353644707821 0.233004501776015
-0.0362280430790145 -0.0656791516278498 0.207934729252386 0.201723001020287
-0.00476976718819713 -0.119058496441777 0.211718916789226 0.259700930716945
0.0923794399896119 -0.100487274068864 0.106575948307403 0.34993247200361
0.135616781576584 -0.0284017357154847 -0.114871007066274 0.359369269856526
0.175679367132111 0.116674645777975 -0.358481925340711 0.30676444790938
0.0840506547928605 0.281161672782917 -0.450481172344397 0.209945296333287
-0.101103010670437 0.362594661920326 -0.372708575687723 0.347342140228092
-0.11343354812279 0.357704835250117 -0.200030759103748 0.240682195923582
0.0998848375941253 0.25741804043983 0.269104111552383 -0.00702547623067192
0.170261264339825 0.100291101099458 0.0466317783086348 -0.384533147375887
0.151929414585638 -0.0465755661419386 -0.382935045148733 -0.318912153151146
0.115528672753916 -0.119671569405357 -0.463198706037441 0.0995692605054698
0.0247728072220169 -0.166306414406936 -0.224059355571285 0.296201109175396
-0.0539549906422532 -0.128709865756966 -0.0205398591724292 0.270500228058127
-0.0691567099456675 -0.133430905070662 0.1017156401869 0.194419638490783
-0.0715852180330964 -0.139866921099593 0.195753907280867 0.146920571249075
-0.00272119321828931 -0.223076980961688 0.24335390276691 0.179198893394968
0.157891859064042 -0.199556090560308 0.20401391787825 0.289012479834943
0.253383994580115 -0.0763204002509221 0.0233684104277109 0.374463184335539
0.293971168621602 0.199161627291439 -0.251342440337149 0.359916340503126
0.0983306261628715 0.444267955176706 -0.37882847015645 0.219808162795322
-0.175090713296387 0.499112080159146 -0.278340402182642 0.248421930702192
-0.249026451133536 0.415740611630313 -0.134717179892517 0.105515228370367
0.0225068213092505 0.427556174541953 0.31230602386533 -0.0402936035077907
0.225010825914697 0.264755494288926 0.155068787605756 -0.405067625231819
0.291750157313276 -0.0166836930637552 -0.28674658047036 -0.401770762522582
0.209595425085446 -0.18642063698869 -0.419756615914616 -0.0123862083425223
0.0555584140826907 -0.261673699795553 -0.243066471380332 0.192583960712922
-0.0794817265782382 -0.205695989172461 -0.069289130001238 0.192935340595768
-0.105843020788125 -0.189114483023576 0.0619790974758736 0.127494107311283
-0.102059111986515 -0.185288165646139 0.163578276593158 0.0679422357782982
-0.0175804129998816 -0.287221320122078 0.250833390143547 0.0719633558491676
0.176661819769243 -0.278458727613551 0.282475791725296 0.183710551397311
0.317390978279193 -0.147597372814674 0.166577648469949 0.339082763824687
0.392212373379893 0.2108253440729 -0.122306704322738 0.376577770320253
0.132149992007869 0.52176349193799 -0.311024178805865 0.209494331822925
-0.20270540628338 0.56482762253007 -0.183171548025301 0.112351937061308
-0.347609902722521 0.398628024863207 -0.0125210118652199 -0.0559542707712748
-0.0901598327729553 0.512145539495182 0.365321586218854 -0.0912102392968323
0.200553297029421 0.397312108879841 0.274277120000471 -0.389013605502279
0.372222099543784 0.0520100862928096 -0.134168911924511 -0.443895008383595
0.279863494417317 -0.201878730908242 -0.318570396334128 -0.137468105368016
0.0899119605754421 -0.309717693657436 -0.238223974316887 0.0541209811371125
-0.0866305804051914 -0.251456101156478 -0.115728267782233 0.0853590609659864
-0.127658854524127 -0.217028406737908 0.0134872779782122 0.0434851567443592
-0.120532477718095 -0.202073291339819 0.117280642593056 -0.0206709423102031
-0.0326652171057548 -0.305102879029703 0.232985633468146 -0.0398955386125109
0.167749581639667 -0.312910805624542 0.322982860187645 0.0631027457274933
0.330886892767221 -0.190238198163237 0.272059882484675 0.267796936666007
0.421217288905895 0.200248818561838 -0.0106361563763938 0.351377096715921
0.133064074735875 0.520803296549203 -0.251690435027806 0.178820969679958
-0.212486267386841 0.544940288272367 -0.0956649155401663 -0.0310994926533321
-0.371285350524859 0.304647927790627 0.139614027090023 -0.21295464249279
-0.189168826177378 0.469131522864406 0.416436375684902 -0.142755453781244
0.115251785554317 0.429908064536517 0.367869514553072 -0.338570756361091
0.356705638130815 0.112687853486296 0.0310302135843772 -0.425970830843952
0.289709606185539 -0.169393283498432 -0.181559308644429 -0.239964761609015
0.107826813379021 -0.29536298908864 -0.211687135968863 -0.0897008713154143
-0.0771752839441781 -0.252799364673101 -0.152489564732777 -0.0296983875232312
-0.129262794959436 -0.213765486128899 -0.0356530397733087 -0.0437284245384773
-0.121382116501452 -0.194947788870677 0.0656953761742722 -0.107856615099184
-0.0358498817460431 -0.285300808947888 0.199388716772053 -0.136203500596888
0.151049298103254 -0.296476088527741 0.330840438393053 -0.0415729299381463
0.312668075227755 -0.178095973846016 0.32846430173456 0.196011698094981
0.377692327117825 0.199253261603562 0.0612904084242188 0.307332749473236
0.0768349360889597 0.463663885700966 -0.206084047891604 0.140198169246769
-0.22239566922799 0.445835727317534 -0.01536660227934 -0.154658494789853
-0.312395116518892 0.160841245057336 0.282059115831194 -0.338342077873212
-0.224252649652336 0.321523040074362 0.450000904758175 -0.178967723553076
0.0253664331342671 0.348443738174392 0.419965679909564 -0.280550539430672
0.261343331690554 0.122797459841256 0.157951890962554 -0.372748481367351
0.229222365410791 -0.11611990847341 -0.0578619525001576 -0.305551386414917
0.0976255786715766 -0.226188653450789 -0.179489957855568 -0.206265576553426
-0.0565284938075744 -0.207927117613652 -0.178378071212395 -0.129145767227587
-0.109744170588606 -0.178244450653548 -0.0775912270982059 -0.118851481210404
-0.103524690662927 -0.166367278393018 0.0197903383297086 -0.183632254832217
-0.0287043646746358 -0.237131882030045 0.167775530227372 -0.212212880325428
0.129053286775994 -0.243670554796976 0.332595051354403 -0.118203791873198
0.275221513421648 -0.127044670684217 0.35463547321233 0.144471460323366
0.287343491893997 0.206580731450209 0.100833914842111 0.270253434141901
-0.01366616347997 0.369634356199098 -0.165447518016351 0.106946725356241
-0.229840635987568 0.284921181269894 0.0634068808679689 -0.237861791211557
-0.191251023067306 -0.00562756147570778 0.372224908824738 -0.417870125726406
-0.188644311797721 0.123936865268172 0.450432526597069 -0.20239596081373
-0.0306182862860924 0.192306101806549 0.431435315226912 -0.246130931611526
0.131202084547758 0.0826074547493006 0.222796493067976 -0.333222319643789
0.124967582928986 -0.0560973724816337 0.00768987473878263 -0.340276338690593
0.0654303363828223 -0.122248370705085 -0.164808573660681 -0.273459922527865
-0.0275360944790613 -0.127334645525725 -0.195083012110464 -0.193342907282886
-0.0721193801146997 -0.116966870822085 -0.106198920379443 -0.17410000434738
-0.0690446549189106 -0.11847072120466 -0.0101417678115425 -0.239287790812481
-0.0159057080083809 -0.167065452750996 0.150161788610317 -0.265495085178128
0.0998310193384337 -0.166809670458057 0.339335478859544 -0.168330740353158
0.217296608934703 -0.0602346289573054 0.369813129831963 0.12146970087833
0.166705079713285 0.200789694866109 0.119986348540739 0.255672237530061
-0.102766642480421 0.2414166866559 -0.132276076021003 0.0895330547777229
-0.211653336839622 0.0936989687847425 0.135687786133601 -0.270887717752395
0.0741769136916121 0.125504420508414 -0.276749821100193 0.246827261961853
0.119355634469711 -0.0562355068414683 0.215151230547316 0.0727195178267861
0.00504755323501878 -0.121666728329838 0.0598497638605231 -0.323584618240126
-0.100279869414928 -0.020983082559092 -0.307135648987773 -0.31779509344579
-0.0517422871160894 0.0530745883376389 -0.463612171098033 0.0154816935948533
-0.0110375155460021 0.0514949671977267 -0.284703142606639 0.259672248200696
0.012672848254939 0.0502951833901312 -0.0799240936987801 0.286003910505383
0.0108974076745422 0.0310381643394302 0.0316214671243469 0.263214937269159
-0.00978198945714201 0.024600632157667 0.0988543426139501 0.273406750136058
-0.0290977964729176 -0.0024860320558272 0.0512358420487488 0.333400812657987
-0.00899827917703973 -0.0152897022129597 -0.108151786380948 0.334347433032671
0.0064197518819121 -0.0355333887837192 -0.312322119524665 0.212617377805834
0.0960232024159027 0.00310381359389454 -0.477988122847185 0.0735428040106447
0.089761729574882 0.111696207989131 -0.536242283623444 -0.00914710366743651
-0.0407073098615277 0.19054101145143 -0.562835520782406 0.187739761739216
-0.085841993183905 0.225427539119354 -0.285816752104131 0.208854116017648
0.0782674165579935 0.106302782883775 0.22583155426923 0.0862149675180429
0.0745291402282351 -0.00310478759117277 0.11167247609062 -0.334300282571408
0.0187379791357427 -0.0193083252953053 -0.29148926279651 -0.376592381025872
0.0410499816164 -0.00980177918236942 -0.479996388520503 -0.0243218899143266
0.0297523101301562 -0.044116212578686 -0.309679566525683 0.238986497111166
0.00348378050871652 -0.041823160569402 -0.100210913445452 0.282284440883723
-0.000869583333126626 -0.0620696081568135 0.0274975679219434 0.255490146754684
-0.00610176389006707 -0.0723947990681621 0.113901026272385 0.255977111267429
0.0401785580204769 -0.110044678246102 0.0969727521891645 0.31496152380189
0.124898754816754 -0.0579011585455854 -0.0362029962576603 0.353341550489449
0.135674552478876 0.0281238892310205 -0.244585637191817 0.277881544770235
0.121045757291124 0.176339730817672 -0.441819800248712 0.140221179102556
-0.0258099747736131 0.290747472779577 -0.495787106117357 0.026670204546417
-0.224445973956155 0.307638320104571 -0.485962119700781 0.157558721147998
-0.257706080127671 0.280595637311682 -0.23147510594151 0.143392141827717
-0.0172488298590338 0.268313174093625 0.264224454649229 0.091272032026959
0.112509487188677 0.157363014849534 0.205807952458574 -0.340683501477043
0.151228887993111 0.0222716392843739 -0.227485530083991 -0.446747580216912
0.153254273915057 -0.0602904054082815 -0.460771703401194 -0.0970010601612914
0.0860097275929009 -0.139402973388274 -0.319561656732042 0.17474758095947
0.00256420732331538 -0.13479416326368 -0.122809370244326 0.23416575259529
-0.0132118281579015 -0.145362458056597 0.0186760772371524 0.211770765272011
-0.0105455533560113 -0.152333900839577 0.125305446311152 0.200458315873924
0.0779917492374676 -0.203581097938271 0.157712263497409 0.252285445707421
0.219352950744016 -0.125832081736089 0.0757204818325061 0.335889939206789
0.259968372417452 0.0259108884601623 -0.122746118227448 0.345455628639628
0.204252047101135 0.291984381758294 -0.367182843307125 0.230705616095711
-0.0678291381449396 0.444639860932696 -0.443157890800215 0.0637586446717029
-0.340458165625501 0.405705952991017 -0.367420663338479 0.0996481071642692
-0.407912729713525 0.277204593918355 -0.111264179447998 0.0594652491081128
-0.154655988217713 0.387834571794264 0.324698850556428 0.0842259517650628
0.0948647441449734 0.326344582946366 0.324722068156112 -0.316577948385766
0.262654347750791 0.104660708769119 -0.102188460170619 -0.493371035124189
0.262353593848567 -0.0815783328996229 -0.380103744140023 -0.186884492002658
0.149307216803365 -0.21226252148808 -0.300577421297333 0.0709849012798546
0.00869720513111042 -0.211906748150825 -0.138547799554474 0.146024410449025
-0.0259523967225414 -0.209536827154053 0.00787439074041003 0.136688513242244
-0.0219384238061761 -0.203719206246324 0.126838573679894 0.117543678265414
0.0870962856067636 -0.266250178842938 0.20680271405617 0.157181873091492
0.263398101276946 -0.192297151676341 0.188692524141633 0.271495922920177
0.343966647150067 -0.0175119153862787 0.0230129415804995 0.368877035574957
0.291655881286918 0.337728730215818 -0.257679349984623 0.298194971065486
-0.0610836133859478 0.526282268969036 -0.382130976513919 0.0834878813396209
-0.388160698456013 0.453360712399269 -0.233034052270981 0.0120619812788485
-0.488905989811582 0.218321710775719 0.061295932481769 -0.0285231657876248
-0.288171784482324 0.415361837575575 0.393605310347439 0.0672164362164187
0.0209761800766637 0.43649674662653 0.433604799892059 -0.253739480376419
0.30607948921013 0.196812780107864 0.06074701896277 -0.477532358499211
0.329568327857846 -0.0663436680650878 -0.238895708542671 -0.264297310053638
0.197027261700725 -0.241926013621622 -0.243672476464083 -0.0545769895232256
0.0192630877670198 -0.255488507771623 -0.140771942376602 0.0321942915173566
-0.0347792592764738 -0.242259380269451 -0.00505452547491088 0.0434200042926517
-0.0323435892649649 -0.225442335167525 0.11889954475048 0.0198550064463945
0.0800644110275181 -0.287846448652255 0.231169381605043 0.0488310197790351
0.265655894764632 -0.227169021500732 0.270442321340505 0.178561890911917
0.371039336611454 -0.0501750935819227 0.14677014196553 0.345782034509522
0.324524966598166 0.335925604691958 -0.148436744853274 0.317956151947284
-0.0606430289144025 0.523720929061952 -0.319101079761021 0.0782887912542941
-0.389230913700536 0.430039774697709 -0.0983740824713689 -0.0838801379640032
-0.472741042978359 0.121352336053355 0.250043058512367 -0.105130273810018
-0.360596555130666 0.336996291493967 0.456037064437658 0.0466519988833046
-0.068508421945565 0.43081794792763 0.499433868761483 -0.165243419075827
0.266779283955341 0.244429802883384 0.207407853913828 -0.396593768142834
0.324550386533476 -0.0339547785926684 -0.0721548337132436 -0.304978953019689
0.208413116687251 -0.222183236162438 -0.163073292733869 -0.172880322181777
0.0283911143091582 -0.252534363241688 -0.13054039475446 -0.085665697238585
-0.0378374679121113 -0.239538422726685 -0.0160917848301796 -0.0514657757189078
-0.0369011552470597 -0.21938910663474 0.104183330442395 -0.0766178484369048
0.0693316794883251 -0.271428714059418 0.236883821727812 -0.0507498493581413
0.243431251062962 -0.219213960933677 0.317667512301899 0.0891647922838935
0.349193015776554 -0.0491462802789431 0.225643755891832 0.30213601612243
0.284872100805951 0.318886350891312 -0.0671737102130745 0.305767622274595
-0.0928092245273607 0.451679496961256 -0.261563975964525 0.0580484642449669
-0.361641202181295 0.33099268858285 0.02670775819393 -0.162592232190067
-0.356344001217879 0.0151827442390348 0.410504488161086 -0.166382974357917
-0.331343123955497 0.191901316254526 0.490756099350717 0.0299363580426913
-0.115628650732335 0.320063027892416 0.515276165206699 -0.0871958442335746
0.178957577397886 0.212074252494614 0.30443316554659 -0.29145511734523
0.247061450721048 -0.0103586883060061 0.0667954904462382 -0.313048490193054
0.17336080140868 -0.164355048507834 -0.0879474144896952 -0.263544327067077
0.0292942729444827 -0.205275878024477 -0.116038417920663 -0.184074856735819
-0.0336947787612167 -0.200445274640701 -0.0252220264891762 -0.135507341878093
-0.032083768838469 -0.187574701638152 0.0908604893073002 -0.160397630694754
0.0580558310982807 -0.225560432785209 0.236207804946369 -0.130162073230664
0.204620500879124 -0.178336539655544 0.347138799508128 0.0206285527131995
0.296575388038241 -0.0177129674102977 0.268304996853112 0.267641606713792
0.196019764437018 0.291525750465921 -0.0186536323400505 0.28613488847258
-0.141684797339146 0.334893994451538 -0.209616275369878 0.0395394468191101
-0.312088339423395 0.17985562133425 0.136204780731111 -0.204491387547813
-0.173181903168467 -0.0867751136120283 0.502237094574963 -0.210939933849178
-0.218742110589952 0.0319250539496429 0.490224858190945 0.00951518332658738
-0.103265950598589 0.157830663629763 0.500984000796828 -0.0486453125800426
0.0801560646047482 0.124265027898779 0.343908831718989 -0.223987185946371
0.130121369344548 0.00206290101320534 0.14045064400309 -0.312932100072869
0.10500945491953 -0.084344666172348 -0.0472778279441614 -0.313531680847238
0.0242390160185013 -0.123441235713354 -0.105257646097653 -0.247348620931536
-0.0224160845784621 -0.131223422375183 -0.0306515692981225 -0.195020936708999
-0.0192862771669939 -0.133059707085241 0.083138400805722 -0.220801199324121
0.0437838475291574 -0.158685357704273 0.23999827916254 -0.182635224864371
0.150135211851244 -0.118298223938335 0.370823700099005 -0.0201627717660735
0.221051339162607 0.0215288485595586 0.28923950984008 0.253304258351382
0.0870925657439257 0.243458216857809 0.00349618192631962 0.278314020796863
-0.178452531839846 0.187363958175796 -0.167653333658105 0.0302720511655163
-0.227429890501476 0.00934555888485227 0.22358371053987 -0.202879320253459
0.078141095484842 0.121718963415272 -0.263283872976068 0.255597627175783
0.115368516069889 -0.0600942289426259 0.218978027840404 0.0593062614995332
0.000948738762121434 -0.121451530993278 0.0488918379233674 -0.324626423365467
-0.100129021143461 -0.0156501263978612 -0.314594589457725 -0.304012843675622
-0.0485163849888977 0.0552564445325335 -0.461298548639827 0.0350331860926845
-0.00817990346195245 0.0511201297113667 -0.271965427710167 0.267879208254435
0.0148279742942735 0.0474254723217646 -0.0681850735129491 0.281883681702527
0.0118899312749537 0.029307598392223 0.0418796531727865 0.257351535287179
-0.00825925347831397 0.0240147882668132 0.111347870655212 0.265115430215623
-0.0286788848500802 -0.000807286543354551 0.0669989542434693 0.329018288354725
-0.00898726516722251 -0.015241788493998 -0.0948012816168166 0.337396024549017
0.00511091723187671 -0.034209361070188 -0.308441341943005 0.221985423120901
0.0951194346566175 -0.00137044401206868 -0.473538485192211 0.0921105555649207
0.0913263983272176 0.107049263813166 -0.531641911530205 0.00502674844891522
-0.0341964092484271 0.193333419015522 -0.553890068234933 0.20255234449433
-0.0775171350924467 0.2284260135057 -0.274057456683925 0.217774979944363
0.081292266320785 0.102309619569025 0.229824498459962 0.0728375084971173
0.0744235014859185 -0.00600021563755656 0.102619187907661 -0.336865503753014
0.0169721574058714 -0.01884463782577 -0.300283340172651 -0.36177911662226
0.0406293570054745 -0.0110190973077703 -0.477831444876202 -0.00275142873506818
0.0274826023807381 -0.0451088992306842 -0.296718694359644 0.248951073902493
0.00243302381540906 -0.0426219164558214 -0.0868919459609737 0.279966245033228
-0.0029693482283044 -0.0611867374505073 0.0386819028839891 0.250650154263675
-0.008211381599252 -0.0714144931234821 0.125177506272105 0.246096936984177
0.0354823221176299 -0.111098981801981 0.112832355293914 0.307738658935064
0.121700088094948 -0.0640862658281015 -0.0218410653628605 0.35298843633024
0.135568084324379 0.023771570488124 -0.237528924009504 0.282655653754635
0.126480686759282 0.169278448985646 -0.437040310135939 0.155602645796986
-0.0172596755594087 0.289161864469234 -0.491251598113395 0.0396260648274203
-0.214494386943103 0.315188617998191 -0.478531712889591 0.16940463610811
-0.24708544755119 0.289179808245754 -0.223640665934462 0.150354122597348
-0.00673602614118941 0.265636348163533 0.267407991143412 0.0772764544342547
0.117401025161573 0.152404499451831 0.197411096789166 -0.346700750105336
0.150123536754347 0.017327259449117 -0.241166483645617 -0.43342590406457
0.149164240139478 -0.0662074560965371 -0.458610295044013 -0.0766469798402769
0.0785778149058447 -0.141465956066763 -0.309996034756937 0.186668927940695
-0.0022428662156117 -0.133765713704959 -0.109958179761568 0.235736428352437
-0.0194342060156143 -0.144001248907801 0.0272828111724895 0.207200163242188
-0.0159391837858143 -0.149544736700285 0.134442102036392 0.190877114160895
0.0689347769603044 -0.205759028089408 0.169906431176656 0.242660759713866
0.212192330615365 -0.135865316894188 0.0912099535274055 0.331040950743512
0.258107313787887 0.0163033840374019 -0.113164443231603 0.344838977663027
0.213559344953872 0.281930559791219 -0.360963934817013 0.242865358993214
-0.0507284774691222 0.443616670662633 -0.438678890438424 0.0766133944874202
-0.327185148107178 0.415639766904185 -0.362527568989064 0.109092414755906
-0.39553608343363 0.291624597747483 -0.108802543521162 0.062012744031613
-0.136815871074823 0.388511719011123 0.326148417524985 0.0706922960663048
0.107175898831497 0.322127602846031 0.317104530458124 -0.327308951804609
0.263471637803581 0.0939533183760895 -0.117702564410532 -0.483699967498372
0.256708692650905 -0.0921501266748446 -0.382656315332499 -0.170037357866608
0.137862096152516 -0.217442628866595 -0.29567115451412 0.082790226809459
0.00124318596002861 -0.209609126197537 -0.129490467111222 0.150312487955
-0.0343329725424896 -0.205883449138953 0.013248122418792 0.13414945483484
-0.0279269976977313 -0.199335545142379 0.133109179162404 0.107592875337861
0.0754327481266982 -0.268275113213282 0.213567375894714 0.145985575204693
0.253049154401094 -0.20340361552238 0.201397543615571 0.262802550082542
0.338748663221723 -0.0297386416565623 0.0339447144489697 0.362644705031741
0.30318122544781 0.322179295501566 -0.249348877684315 0.304388507440914
-0.0432264100987834 0.52394094564887 -0.379416901896341 0.0940348713469575
-0.374137432043214 0.465499863446086 -0.231410831657311 0.0190025826544534
-0.480412897863958 0.236105668802519 0.0591247682325899 -0.031615470766144
-0.269823820662698 0.421797542753323 0.393135891405296 0.0523434227839107
0.0368383176365988 0.432394611654683 0.427623144173597 -0.264597818344931
0.310221477176499 0.183368177519044 0.0439449756936617 -0.474230464400849
0.323387207765996 -0.0798022229233842 -0.245079789063421 -0.253732825868249
0.184339445425888 -0.248643572943698 -0.244753710636344 -0.0439245681668177
0.0101278621929152 -0.252738274720839 -0.137574535164456 0.0390317011029611
-0.0452848130354443 -0.236568683463767 -0.0036717669771983 0.0433155037204901
-0.0392396800395872 -0.220427814242927 0.119642497879041 0.0120111631555822
0.0670196021177986 -0.289134066499237 0.232463436038099 0.0379482250278767
0.253147289363032 -0.236941061268424 0.279555777818971 0.166271452675687
0.363787828727238 -0.0645848377700371 0.157945244603683 0.333961300313061
0.335810625293085 0.319686845215826 -0.139734134971317 0.321245117333341
-0.0409524120766727 0.522407754506317 -0.316721010783269 0.0873832718973019
-0.375956500960841 0.440354715493398 -0.101918249178339 -0.0790866873734841
-0.465882607110948 0.139744316160543 0.2443983930426 -0.114076977122424
-0.343926801860088 0.347048744006703 0.453427459611907 0.0319504427169691
-0.0510320202316649 0.429941116709188 0.49421462106512 -0.180958434044573
0.273203748694862 0.231047252507656 0.194534649811972 -0.397419787761854
0.319277023533393 -0.0467589496927486 -0.0797418686354935 -0.301203343104641
0.194580908966961 -0.230070458093146 -0.169949410207245 -0.164536596599299
0.0184992971167123 -0.250587642987969 -0.132925348511734 -0.0773596655297091
-0.0473961715699188 -0.233766367578015 -0.0187719953381446 -0.0504643623330439
-0.0432776113890621 -0.213616584095319 0.1013976675158 -0.083109416769126
0.0574194036210012 -0.270853532703913 0.233700233894512 -0.0600755998483112
0.231554100402843 -0.227514892566196 0.32277664492506 0.0756535189878714
0.342082280643472 -0.0616354519531772 0.235754197449484 0.288346380396524
0.295653011950045 0.302934743548131 -0.0598047128451007 0.30549675635531
-0.0756098395350818 0.451855942768605 -0.261177383020612 0.0662354776512146
-0.352446688360825 0.341055997069274 0.0190110635206822 -0.160583560389983
-0.35486287674529 0.0309048138680586 0.401561725489013 -0.17985378017942
-0.320144121339511 0.201457217894602 0.487522855287803 0.0156180454332204
-0.102328092806801 0.321402327955006 0.512450486064443 -0.101985423171897
0.18415261273188 0.203064660946716 0.294341667428347 -0.298317205631372
0.243924972583997 -0.0193500492755591 0.0583189814204473 -0.31552440566471
0.163168994578633 -0.170794357801618 -0.0998037306082329 -0.257500426783917
0.0211177695804402 -0.204340134354429 -0.122704880726476 -0.174928355460227
-0.0427990316127692 -0.195181311373175 -0.0310379078698527 -0.132364410699746
-0.0384209701559139 -0.183699538736065 0.0842087780525736 -0.164599194109655
0.0480800349035195 -0.226239668370144 0.229391084501995 -0.138129847260425
0.194682954957495 -0.184610743207054 0.348791309100044 0.00718840650206454
0.291796638707192 -0.0278691547292025 0.276870369203935 0.252888479768886
0.206402735412884 0.279907168560574 -0.0118430649263677 0.284147198658287
-0.129778012744957 0.33825809633728 -0.209249380109248 0.0459143024060385
-0.305946707580779 0.190843374088342 0.126756006026534 -0.206074873617613
-0.176181885740031 -0.0780808602454073 0.491553897172497 -0.225547514175397
-0.215739804707549 0.0391076770786877 0.484832229918415 -0.00358561124016487
-0.0963043358483643 0.158834001503941 0.496718531371589 -0.064223891614856
0.0832775266878782 0.119149121373082 0.337176606910046 -0.233874668172467
0.12754692902387 -0.00264156857580846 0.131177721808116 -0.318901274153634
0.0990529521835775 -0.0882049313992271 -0.0609785247649088 -0.308982444532789
0.0189148138110006 -0.123479801522891 -0.1150995276516 -0.238534526654686
-0.0290885257871531 -0.127694851825178 -0.0385985286416003 -0.190919921301781
-0.0253571817364253 -0.12997697088366 0.0738547375324555 -0.22295626806045
0.0366744636435214 -0.15901248058794 0.231814058121859 -0.190006305536498
0.143402139401247 -0.12396965681849 0.370215480072673 -0.0347736872249414
0.218829086220108 0.0131779175764745 0.296674685136682 0.239192984624534
0.095709120944952 0.237354098486414 0.0104239327024576 0.275957457624949
-0.171947760117681 0.194063415592098 -0.167902574649555 0.036956312306073
-0.227383937240707 0.0170380975644308 0.212880441696456 -0.207716919359545
0.0847139704935184 0.119009742634549 -0.251440299318009 0.269568761271003
0.112011261982225 -0.065784229639169 0.223205019231052 0.0446480314394176
-0.00617829885096857 -0.122058984177931 0.0338946010884183 -0.329442209237486
-0.100809456195013 -0.0101965363420285 -0.327532616341117 -0.289217807505761
-0.0444440893375909 0.0585190067732127 -0.461040826362141 0.0612577442631068
-0.00551110520059113 0.0510186363776986 -0.2566437723946 0.282593512339166
0.0166241985377589 0.0451031477092158 -0.054505410003096 0.282636658276365
0.0135663827325555 0.0273737456959169 0.0561531767873818 0.253274717826342
-0.00597596355857876 0.024538075170931 0.12683026553956 0.256707366728333
-0.0276681068951217 0.000919940342362102 0.0875490902046988 0.325005136323382
-0.00932197721538232 -0.0150821872299481 -0.0791837854763582 0.344707035935866
0.00342670015749667 -0.0332635345030043 -0.304915969214923 0.237988009864858
0.0945594532200874 -0.00732799039697247 -0.472077502828151 0.115152544451335
0.0954768823765444 0.102960592586855 -0.532403516772424 0.0266579430449796
-0.0246919838567629 0.197549234419478 -0.548301622845537 0.226832969240709
-0.0667305735827664 0.234304898404946 -0.263353729921284 0.230516147426207
0.086467666219595 0.0977434636578607 0.234755915995118 0.0577979184625069
0.0744523178216632 -0.01043013094417 0.0891896341079759 -0.345516561518523
0.0157212580863027 -0.0195479768705206 -0.317463336504204 -0.346939137092996
0.040189390333141 -0.0128392402984623 -0.478035261182468 0.0236621247501418
0.0248712431346512 -0.0469857764478434 -0.28252124794911 0.265749179465676
0.000303194357070533 -0.0443386070282404 -0.0714813871376007 0.282296670366705
-0.00665682033361071 -0.0618064116804301 0.0519184350045535 0.247312656575876
-0.0117689942015536 -0.0712372280540495 0.140773907698049 0.236919463176327
0.0293047100374387 -0.113241263652931 0.132549634619952 0.301035742324371
0.118347730087191 -0.0713538854782433 -0.0027879932898844 0.356238514352168
0.136361062317068 0.0185259323250297 -0.230089338850006 0.294983477723845
0.135305458426678 0.162697949611977 -0.432660697180513 0.177172528174135
-0.00445967568615551 0.290902455071551 -0.49121093766738 0.057712095902019
-0.202369475284607 0.329254184403623 -0.472651213195596 0.191216589073312
-0.235061211355067 0.304351056894906 -0.21699573813998 0.160553139444583
0.00694166706128251 0.265601031768119 0.272906553976688 0.0616565114873899
0.125602027288861 0.146929483781114 0.186171766776859 -0.358666648468974
0.150476711936974 0.00997667494064577 -0.259656579908381 -0.421462650167495
0.146268485403232 -0.0748123528610221 -0.463950001474296 -0.0518765246557614
0.0699718052318486 -0.146522670923088 -0.299848560189808 0.203390618278449
-0.00883444555425941 -0.134274618359569 -0.0964318685631965 0.240146343798495
-0.0273306891084685 -0.142587235645125 0.0388987036955181 0.205143762441711
-0.0230912178812599 -0.148292746132343 0.146498942396029 0.179489076017284
0.0572419751687832 -0.20957212762554 0.186095437214017 0.233149588441027
0.204608058768704 -0.148681444115136 0.111297235237852 0.328043710526165
0.258100661648616 0.00434074417656495 -0.10088862410259 0.349581532484174
0.228796321506795 0.271231226971622 -0.352458113878544 0.26242838444765
-0.0313017094225469 0.446775239288807 -0.437663909039878 0.0936436796293117
-0.312441674160118 0.436287372345952 -0.359151718052086 0.125030421064244
-0.383108740237805 0.313030345555037 -0.107710198535649 0.0664823012087523
-0.117382051276435 0.396197807785614 0.330636251177949 0.053559337062789
0.124363366277427 0.31756445991306 0.307466750385371 -0.343713346370086
0.268105652710209 0.0806592217474379 -0.139127973416187 -0.479014588267777
0.251246706601325 -0.106729323399607 -0.390514098374687 -0.150685309822639
0.124349271777104 -0.22502133969718 -0.291482294744956 0.099464336601868
-0.00952279955751718 -0.210543152135422 -0.120489412065644 0.157899050321378
-0.0458680339211806 -0.202556168280247 0.0205609274777763 0.132834028885605
-0.0375315179378928 -0.197690998625928 0.139518756218045 0.0963593635478281
0.0592819536981762 -0.272810561916899 0.223654943188269 0.132959400725337
0.241527148781414 -0.219370652061489 0.219391057731478 0.25255191614184
0.337023694463246 -0.0465752178556328 0.0496866371499346 0.359550950743421
0.32085427408168 0.307277748478959 -0.238999402742512 0.318362678049608
-0.0167176365760975 0.529108693823174 -0.377645614319097 0.109324024325245
-0.35640216454287 0.487119300742603 -0.232648803312191 0.030480668536548
-0.472206399773223 0.262156717655863 0.0563321947957356 -0.0350683372904398
-0.248202527472044 0.435321134586049 0.395264746619305 0.0339990679849243
0.0607404087913037 0.432238587429019 0.421482430201726 -0.287234271284136
0.318929455962065 0.168645277941638 0.0242706531757485 -0.475534682506324
0.320090277605954 -0.0978182935717644 -0.254291591131922 -0.243132233238566
0.167985255698152 -0.259792497814694 -0.247671942409333 -0.0304762714660517
-0.00334865247051887 -0.253830296858845 -0.134307748914275 0.0473345739963521
-0.0584506409651488 -0.232866903362229 -0.000782595230213513 0.0429652909891519
-0.0493141358812047 -0.217125471435119 0.121010862299725 0.001686180515973
0.0506154710741825 -0.292673051440453 0.236789453245387 0.0242732432166116
0.240080500362135 -0.252902879985436 0.292755961975493 0.151708499309406
0.360007364368519 -0.082475609527786 0.172636946247906 0.324374436831709
0.353052116967538 0.301681844303944 -0.128597069124622 0.328882036258222
-0.0150607190091445 0.527808106675221 -0.317689936013754 0.100551997267967
-0.359176142779262 0.461897001179371 -0.10708170042277 -0.0739313987430609
-0.45999323907575 0.164941700957597 0.237576763391076 -0.126552488919071
-0.325929722634694 0.363645799032805 0.455160756878038 0.0127529449081173
-0.0300401529996111 0.435049646760531 0.493489127580382 -0.202793407143986
0.28445606196442 0.217325089510118 0.179068764917523 -0.407603206712671
0.316848273707537 -0.0650778999448938 -0.0917841466257692 -0.300422515132766
0.180754272247902 -0.241237330868525 -0.179850600216503 -0.155692848910029
0.00527865243163425 -0.252558050550795 -0.137553854164333 -0.0681495534256613
-0.0610521791982334 -0.228124520644052 -0.0212024664643741 -0.048631171379858
-0.0534646407518124 -0.210449703652422 0.0966800859974901 -0.0909564007017258
0.0420020988467244 -0.275015906668148 0.231870053996194 -0.0734692490858498
0.219197819163751 -0.240172146253255 0.331993158152966 0.0583124508153234
0.337861714377299 -0.077825919360041 0.24937421924663 0.275165195982451
0.312563180164588 0.286650369542267 -0.0495895815081608 0.309150170554663
-0.0521072105735704 0.45874949716467 -0.261793900816755 0.078374419969269
-0.339953430328015 0.361332722196108 0.00978294889295112 -0.160636576696137
-0.354372404909938 0.0497881074879055 0.393938343606783 -0.197794005501777
-0.310627248896537 0.218674314143257 0.489012362515668 -0.00403136915064232
-0.0868658031602439 0.327124469872762 0.512396260280036 -0.126204234282717
0.193796518621785 0.193542963601826 0.284045184548368 -0.31170358301885
0.242996575395728 -0.0322195700529908 0.0461505239881419 -0.322238234966112
0.152023527463212 -0.180644401600404 -0.114651895994337 -0.252653432724192
0.0100858931804459 -0.205788095867691 -0.133158090273738 -0.166422846135386
-0.053860575441427 -0.190055190981081 -0.0380589890879866 -0.129554227389114
-0.0473927528772655 -0.180014094021431 0.0745309131741025 -0.170447574027782
0.0350402261343224 -0.228861214538951 0.223432180854719 -0.150662305415163
0.184512703597738 -0.194819755714766 0.353544780594466 -0.0116433327098027
0.289695748279902 -0.0422706327664465 0.289415206454076 0.237281123825199
0.220824391369935 0.267395427591411 -0.00226786865438468 0.286434652543513
-0.113705521375659 0.347911575287588 -0.211935604858017 0.0567277297500848
-0.300614044919495 0.206034098136371 0.115484511985753 -0.210930935397618
-0.180704494063523 -0.068537899458003 0.482577439358991 -0.247481163344479
-0.214974294587199 0.0501322116537233 0.486580194920826 -0.0220515983312963
-0.0897952337853002 0.163649635612594 0.497234745817805 -0.0863788481207686
0.0876971939440399 0.113761914825642 0.329224651219989 -0.250153628925041
0.12732808949108 -0.00887949768597661 0.118622866541479 -0.329658110100953
0.0934324440617609 -0.0936573161133033 -0.0786304301066302 -0.306018651377411
0.0118682915526746 -0.124950920181336 -0.129254179590912 -0.229984805141578
-0.0363640807887396 -0.124489245666659 -0.0493681814719143 -0.187317990627534
-0.0323617192591375 -0.12794511399639 0.0611819305066257 -0.226954304070034
0.0269948513756208 -0.161134226896296 0.223314144383671 -0.201902312472132
0.136421769156217 -0.130822412534165 0.371676916419425 -0.0543140447865481
0.218754541898255 0.00175501193821909 0.308783067903277 0.224067953403649
0.108714968429246 0.231219306975005 0.0205997503514862 0.276707973661473
-0.163190620213719 0.205308408523091 -0.169786940595966 0.0460739501756168
-0.227890635183958 0.0294780318492621 0.201163967287794 -0.216440731364579
0.0920939314464754 0.112873079796301 -0.228613189715497 0.28175988988079
0.105908957288527 -0.0728233045823883 0.22340667010611 0.0253972413205451
-0.0142084216292524 -0.121917490343392 0.0118720533920687 -0.330706264276786
-0.0999470243462877 -0.0022747074206745 -0.340977145806176 -0.266616045517488
-0.0395096564433316 0.0616643009532164 -0.451350517414645 0.0967122593943829
-0.00134724169715737 0.0506136605212374 -0.233532613698433 0.29743958378236
0.0188076366383748 0.042545728193388 -0.0346229999408873 0.280201827933024
0.0154766727599773 0.024901570362552 0.0741952474532664 0.244808328413034
-0.00377324791829497 0.0230042423139507 0.146255311144522 0.242388220824137
-0.0263460249677762 0.0031185166641597 0.113041177345318 0.314651327048731
-0.0100019688131237 -0.0140919159832564 -0.0549958183587623 0.348077540222563
0.00149526063180097 -0.0316975808318576 -0.291628307238814 0.258693728828334
0.0923784136701962 -0.0147686602621429 -0.461824413147233 0.147435606258407
0.100482752965705 0.0955400378071474 -0.527143123035864 0.0566317067156915
-0.010271948614915 0.199519796113997 -0.529770214839473 0.259657560473288
-0.0502719491337402 0.237771906697388 -0.246730067790791 0.245719436953416
0.0919553525177652 0.0901627002991958 0.235509339109661 0.0385604386216996
0.0725917466076268 -0.0165047971199265 0.0669567731725769 -0.350773726616428
0.0140034765825263 -0.0197633894321495 -0.336169579981177 -0.324134499756101
0.0391369961411774 -0.0156720132438203 -0.470763559178487 0.0588067932340904
0.0206304777631091 -0.048441047965349 -0.260283625264464 0.281770231777637
-0.00367263047693021 -0.0450565687992107 -0.0494625148976286 0.281471803197077
-0.0113787631302754 -0.0612656430471593 0.0701579799529222 0.238715977841605
-0.0152550891450822 -0.0701607395343925 0.157443875919189 0.220128034438892
0.0206008883693117 -0.114278386994799 0.156652968669735 0.287169395540578
0.111694631233651 -0.0803161436565291 0.0239518967291379 0.354188157303346
0.136535612773257 0.00987733593567338 -0.213989881239422 0.308826253814652
0.1449666853154 0.150514480707828 -0.420299792903961 0.207148849056231
0.0146520500268647 0.289303152035283 -0.483279812523901 0.0869468358200954
-0.179535407331966 0.343052539557866 -0.45793027354592 0.219620952521474
-0.211686631983374 0.319689351512073 -0.205546662116176 0.173411230125227
0.0251416443403653 0.261282376939901 0.274301476138496 0.0408321474516543
0.135565556164879 0.135417712321572 0.163206492513891 -0.369849138064442
0.149356420615343 -0.00083940487672532 -0.283881574006057 -0.400482904886596
0.138287590447358 -0.0847648111805796 -0.461040107767586 -0.0180821344371786
0.0574790597519523 -0.149769199892048 -0.280885598429579 0.223427205968037
-0.0190098808302532 -0.133041281508751 -0.0771011919074942 0.242335320314296
-0.0376103487583279 -0.138995467101837 0.0549952718151017 0.198568455660688
-0.0318262325140123 -0.144640317981661 0.158737015185865 0.163202175393063
0.0410697993670006 -0.212199997987152 0.204162267323323 0.214507998689674
0.191228823068624 -0.163712346799789 0.137029885889495 0.317298445718197
0.256027509822873 -0.0137489428979168 -0.0805038376976384 0.35372267932381
0.245583878300222 0.250834212011373 -0.336303520843017 0.284110244651607
-0.00100513715014901 0.4459344625327 -0.429008045927007 0.118411769427955
-0.283104175526714 0.456015765593281 -0.349497280743789 0.146806223244284
-0.359403982210929 0.33975025786578 -0.103839342510804 0.0736383219545182
-0.0877775028618966 0.39884520163694 0.33092314320229 0.0295888754233961
0.146387640461194 0.306073459924147 0.28645272744374 -0.363873882535825
0.270577299714918 0.061661982842099 -0.168177365954668 -0.463839619858494
0.240886961325435 -0.124417913724954 -0.394853047189913 -0.12299697108622
0.104546662823013 -0.232087143110736 -0.28063793311202 0.119374896939993
-0.024912780794107 -0.208135649876542 -0.107251954640419 0.163790337065138
-0.0602693379673422 -0.196525641281088 0.0302074845156831 0.129860364428717
-0.0494542942872183 -0.192207011909532 0.14651327137714 0.0814008894117177
0.0380951447469033 -0.274285635052346 0.23320532166997 0.11323053551138
0.221751515713439 -0.237045851684345 0.239547740928493 0.23372852878058
0.329742235008131 -0.0691126545822261 0.0706020461588947 0.352400320439749
0.339538372229037 0.279699624165166 -0.219300278845756 0.332566389989069
0.0206190672115931 0.527300196446376 -0.37047454770182 0.131942578815627
-0.324389719597317 0.510253688642331 -0.230068628969011 0.0456544992645926
-0.448773292282757 0.294779654967145 0.0512343738226151 -0.0385737668055449
-0.215856342334492 0.446581823054651 0.394237196103971 0.0080266140439406
0.0896466581085215 0.423749623827266 0.40288331046242 -0.31515426362398
0.327996625518208 0.145223250985229 -0.00465713307396896 -0.470733923331907
0.308928388803341 -0.122044533726168 -0.26681719517076 -0.224479734196527
0.146060212679781 -0.269920527268426 -0.247107766005559 -0.0129299168752001
-0.0220297530846292 -0.250639864351173 -0.129020545365103 0.0570319352927912
-0.0750043628685 -0.223724416871407 0.00176570485981011 0.0431174959595604
-0.0626120936036324 -0.210801219792419 0.120068350900689 -0.0101446607854124
0.0270608251543065 -0.293407093070418 0.237554334330354 0.00402430786095721
0.219160204921083 -0.269147547694006 0.306074572528863 0.128507872992206
0.349586127997272 -0.107319255993353 0.191236111701146 0.307769877434718
0.369899605816604 0.271612908103839 -0.109237884769675 0.336444372676927
0.0220740543497361 0.523918647077806 -0.312050356771769 0.121308460348175
-0.329161701062433 0.486216717107879 -0.112890384422625 -0.0655541350801802
-0.444581952665332 0.197816730578089 0.226265714443644 -0.140967041590603
-0.298485109634378 0.381781770618661 0.450348315231015 -0.0160832884003051
0.00013554131631926 0.432911024279123 0.479038407735259 -0.234905156463897
0.296614722663025 0.195311341040034 0.154169517836842 -0.413973334771457
0.308460161490976 -0.0880755571118426 -0.108545671454542 -0.293296317036564
0.159191632145148 -0.252425167214235 -0.189647224496003 -0.141484199772326
-0.0135243396242042 -0.249336555711694 -0.140603431033555 -0.0563500895741766
-0.0774346142237849 -0.218869728875123 -0.0248594226975685 -0.0463262665875843
-0.0657704620629413 -0.203569253076621 0.0887857400245498 -0.098710234723034
0.0207658426013294 -0.274634921725953 0.225262377230185 -0.0908607164067202
0.198940685668592 -0.254213869878784 0.336885957692494 0.0324274606979581
0.327800594072308 -0.101403934897156 0.264735698893823 0.25292109175791
0.328859932050542 0.259506711636001 -0.0316024963434246 0.311073972336028
-0.0215650984210863 0.459143445529822 -0.258954589824587 0.0965538552700837
-0.315911894844445 0.384369261425546 -0.00197518258764658 -0.158433044374016
-0.346873672239476 0.07484687593789 0.377442275969044 -0.221197731014706
-0.29449458002304 0.237233022300989 0.484247277555389 -0.032720598298914
-0.0638557377144269 0.329456071995758 0.503438740971867 -0.156570167904103
0.204771022132501 0.177400936569034 0.264193093216231 -0.327390133298475
0.237265421254297 -0.0498994987724205 0.026560025570218 -0.325184521019747
0.135505932262847 -0.19015736171234 -0.132193839926626 -0.241732174961719
-0.00555242527430409 -0.203778572114449 -0.143232782775928 -0.152412123151979
-0.0677211526169424 -0.181501126854811 -0.0469839153672452 -0.124595560277756
-0.0593105494245286 -0.173796286011388 0.0608963622463627 -0.174425305638549
0.0167653331753813 -0.228351536373715 0.21152909759698 -0.165845339304178
0.167683769913406 -0.206166263089603 0.353479668538689 -0.0381559216081606
0.283933907149374 -0.0627173168745664 0.302653047412472 0.213277845147662
0.238177973781338 0.247785139325639 0.0141952995853959 0.284407149481513
-0.087921058337891 0.353319283408923 -0.209023895550567 0.0727706989192751
-0.28543491320081 0.227324037757706 0.0990172052446002 -0.215950054981931
-0.183244548352536 -0.0537009998998398 0.462631018341498 -0.276582761408956
-0.208829831634716 0.0647154902693648 0.481082885452002 -0.0495417127314944
-0.0771684988829524 0.16766664230262 0.489153594969887 -0.116702310619224
0.0937509658768069 0.105943640931802 0.313978717865046 -0.26950781294719
0.124658353046662 -0.0185353448714334 0.0971956307240191 -0.338585872881419
0.0847080127064861 -0.0997123789694814 -0.101051706053372 -0.296668544439211
0.00231423633477232 -0.12479529929338 -0.145825079163721 -0.216526365278116
-0.0459676723057242 -0.118180957899982 -0.0616563889658803 -0.181174042964115
-0.0414349374946459 -0.123581223018484 0.0441046195315426 -0.229191171929949
0.0133416921779891 -0.161112076922434 0.208290459102026 -0.215523189867822
0.125855394170037 -0.13864652570954 0.367270589683204 -0.080895322319341
0.216375457166887 -0.0138193418720011 0.321090195205222 0.199447094051433
0.123560248006943 0.219862993940593 0.0365670924948705 0.273669203306143
-0.146967066419781 0.215994212021106 -0.167775162396058 0.0597487135920855
-0.225139205818629 0.0462205658530227 0.1826650504192 -0.227106404758783
0.0971988109100247 0.102981613106084 -0.200876258938192 0.288098118568821
0.0962006058372464 -0.0770376132700784 0.215289919631228 0.0074001979924245
-0.0232097401203678 -0.117440447597031 -0.0105744927261154 -0.320957743432944
-0.0960210924887366 0.00522119232246067 -0.345932440155476 -0.233946075518003
-0.032592990178515 0.0620187188620304 -0.426746680157971 0.124534864354187
0.00255247577613352 0.0484915655937571 -0.203018579188731 0.301922490364198
0.0203802477043845 0.0388165247153762 -0.0158361881229493 0.268076905910475
0.0166065787923272 0.0218757309633504 0.0888475957140333 0.228030582464124
-0.00146701695143296 0.0215575615695499 0.158928841430581 0.219208681394688
-0.0240522844208479 0.00460362871061882 0.134365103173819 0.292756088383507
-0.00976178518942879 -0.0137388283423015 -0.028782855508848 0.34028039842198
-0.000559199118775607 -0.0293680844796529 -0.267850466402496 0.271758768847877
0.0864694126959171 -0.0217376879461079 -0.435998872173803 0.174202944930791
0.102503047552844 0.0852759797946437 -0.504458675143675 0.0840200160621492
0.0041454099038192 0.19408834439971 -0.495691318972636 0.283003682244637
-0.0321852436797764 0.233535660660887 -0.220303216588602 0.254642245383297
0.0947502245527665 0.0803372405898018 0.228585150598198 0.0188064462759089
0.0685132868673148 -0.0218072254710396 0.0422647270801888 -0.344660590709727
0.0115911473238974 -0.0196297596969961 -0.343885459207007 -0.289206164554622
0.0366499404689545 -0.0179824460888616 -0.446680555305639 0.088590296705679
0.0160149674388107 -0.0479091578862262 -0.228667189205407 0.287664121895847
-0.00713353465934467 -0.0432582151038366 -0.028558780405736 0.271171811310769
-0.0155788261129199 -0.0581875832778228 0.0850659435510413 0.222640905950791
-0.0191848468999872 -0.0665978658713766 0.168356691866618 0.196535421827856
0.0117900732234639 -0.112087280870036 0.173536362548539 0.263008106546991
0.101615601482045 -0.0859098240745837 0.0497902080752243 0.340451355600651
0.132397081938616 0.00094416309459296 -0.18854113299913 0.313609156908717
0.148646533195685 0.134032299952624 -0.392244575406087 0.229208870431037
0.0325783245498623 0.277569684001805 -0.46066282357259 0.111178486566069
-0.150418494694831 0.344286581843058 -0.428935848778314 0.241138989754908
-0.181858439906815 0.324327454828918 -0.187926251658618 0.182060097088148
0.0425554647584021 0.248840588051275 0.265808988995439 0.0186684519967545
0.140093554165303 0.120626070493661 0.135199170626357 -0.371067300447946
0.143108590261993 -0.0106461239599625 -0.298106487705078 -0.366619345463233
0.12670981479364 -0.0920821657243477 -0.442854993761991 0.0159148053483565
0.0433469432732217 -0.148080331045045 -0.253925086985418 0.233835730847047
-0.0285027352367491 -0.12710620905735 -0.0558968880046043 0.236246551079188
-0.0463410952255937 -0.130280315131311 0.0676476242353918 0.185979182842174
-0.0400896952832558 -0.13687637149758 0.164712829038913 0.14139529126297
0.0231075913901207 -0.207557966988869 0.213770690678724 0.189275384502063
0.171440105735882 -0.173078892789017 0.156783008433362 0.294546925505968
0.24573208197973 -0.0291322848474593 -0.0575344706575259 0.347653446957973
0.253267659477175 0.222987116801334 -0.306806568450284 0.298296499260287
0.0300021122279547 0.430760374188153 -0.407923091671271 0.140105752999028
-0.243565295435025 0.461379845738426 -0.327581493873441 0.164954048069888
-0.322097157987427 0.354036454588738 -0.097401665708928 0.0791726411968512
-0.0572450670642554 0.388581151438646 0.31971078647134 0.00678685314832475
0.162421112571026 0.283568654928115 0.25581023787945 -0.371301254951593
0.26454295689226 0.0403199624034776 -0.189135211261191 -0.432256512828005
0.222233667004307 -0.138351837187037 -0.385957727741216 -0.0909209213160745
0.0823432747015163 -0.230541640409596 -0.261137052045863 0.134431410772508
-0.0394020575360799 -0.198397796674638 -0.0894697112958654 0.16400204911606
-0.0719498221747149 -0.182722802833224 0.0390383812555674 0.121630117866621
-0.0595603766348232 -0.180606825211919 0.145996778988422 0.063809922066949
0.0160554306441397 -0.266640377286223 0.234098674586026 0.0894716617465974
0.196267244814455 -0.245419308606524 0.251022583968195 0.206869769053259
0.311587733088641 -0.0886370136781721 0.0885491991648738 0.334099384161507
0.346329908860701 0.243979052825877 -0.192380835125887 0.337004940444464
0.0555853985164685 0.507395277511071 -0.350578957476368 0.149426260444314
-0.279860300781616 0.517276126029176 -0.220036088213907 0.0591992855882587
-0.411963821041968 0.316091654999059 0.0444013493544824 -0.0396489613343005
-0.176856835313389 0.444014500836354 0.379239751039917 -0.0181497758938144
0.116726839789329 0.402586996903975 0.372464649709089 -0.331408613576118
0.325121908006655 0.11765893378629 -0.0324073674877362 -0.45207039557599
0.287594627428996 -0.140784689377805 -0.269722403261489 -0.199472228742123
0.118451257750543 -0.269268484211649 -0.238680414934797 0.0045679118170837
-0.0391607002362503 -0.239367037111763 -0.119511121158782 0.0643843636301635
-0.0878671056336977 -0.208368978714479 0.00568298490181018 0.0416522792734246
-0.0726211555729697 -0.198154625004878 0.114264047804912 -0.0212737083215083
0.0053793675004542 -0.284084585457279 0.230087605868734 -0.014775266968473
0.190461212289541 -0.275168128114312 0.307339876727771 0.100067785652755
0.327208991635715 -0.126631798664036 0.203110207902745 0.282685165810264
0.376674215858618 0.23342137648585 -0.0868689859298848 0.332333659108663
0.0566745309131841 0.505409131992471 -0.295490852221318 0.136730820479458
-0.286626137056107 0.492129232341613 -0.113464802999254 -0.0545617497201988
-0.413739511281755 0.222543152758734 0.206859179643176 -0.149980453182439
-0.261700437050241 0.386627355252838 0.432322800135038 -0.0433338952186686
0.0313047804646921 0.417039389482933 0.449742507373292 -0.259739125369949
0.299020732804723 0.167533657863364 0.123647101350702 -0.406354656731532
0.289726668744237 -0.107679706202958 -0.121699936720296 -0.278399226641181
0.132857803260226 -0.253855208190696 -0.19330085500255 -0.12411305328586
-0.0310629757503064 -0.238628714240564 -0.138539424062232 -0.0427949840615783
-0.0902304656900885 -0.202861669922791 -0.0259234331010226 -0.0418741729045189
-0.0762019584908853 -0.190500301722771 0.0774316247081297 -0.103545981396403
-0.000373093853388294 -0.265193334517477 0.211685269657514 -0.104747166770751
0.172280654950242 -0.259411615710543 0.330172362414585 0.00555218085152439
0.307401740813499 -0.120170247268813 0.270265270595638 0.224422306972794
0.334638487738545 0.223985904569224 -0.0130827026920798 0.304013731609016
0.0115619248912708 0.445475228918596 -0.245721335607491 0.110539904875113
-0.279749592998335 0.39396421714576 -0.0140234769088998 -0.15139876300748
-0.328918159749374 0.0960711201458663 0.34887874816417 -0.238090944859395
-0.265872731347258 0.247563601503112 0.463350011489727 -0.0621814688826591
-0.0379222264537012 0.322133263031823 0.47656427504193 -0.185758429050331
0.208926418977211 0.156601046745598 0.236903755656865 -0.331729449017043
0.224425764902844 -0.065815056617159 0.00576211823465922 -0.319438279686894
0.115419652129988 -0.192398475990948 -0.145282244657044 -0.223670186834051
-0.0200927675629212 -0.195545215207779 -0.149735946410772 -0.135127925601864
-0.0776502654172427 -0.167129594827291 -0.053295185697146 -0.115157056321745
-0.0682128649294352 -0.162134369709956 0.0455560200468057 -0.173192380441962
-0.000753294232572427 -0.220026692822055 0.193289129019077 -0.175440296953151
0.146540699024144 -0.210046163924616 0.340655098510534 -0.0636618077752415
0.266505926949616 -0.0800963616617894 0.305614816462553 0.184119737613195
0.245829646209701 0.219402796082262 0.0300775374974403 0.274419934182708
-0.0591114678979858 0.347864318608026 -0.198963025263424 0.0856009021745642
-0.260178638757803 0.240262576352363 0.0790138732413795 -0.213329816029267
-0.178876743430229 -0.0380875990973178 0.428770220521352 -0.295765212015592
-0.197253982102077 0.0769229561121433 0.460585402080018 -0.0739420751961504
-0.0626112085575533 0.165902391710331 0.466249990467107 -0.144868642942364
0.0966520668002484 0.0947848738444643 0.289165825293096 -0.279822889417938
0.118174612606643 -0.0271966760021147 0.0710270987122069 -0.336490844962679
0.0739267250993702 -0.101810503120464 -0.119377419482952 -0.278663105528812
-0.0080161028493408 -0.119786556515621 -0.155781161941389 -0.195574776248093
-0.0529797384973315 -0.107816614182278 -0.0710466325526302 -0.168390715389959
-0.0483772780708659 -0.11500619123433 0.0255774029795717 -0.222697091308316
0.000275169285394625 -0.155139931534896 0.186322276525782 -0.222409045593065
0.110852166259523 -0.141640167709257 0.350038242224777 -0.105399087139401
0.206022905552221 -0.029095224668012 0.322425619769291 0.168771739149174
0.134479145590166 0.201451126802587 0.0506866502787611 0.261991078993115
-0.125373436918516 0.219693958684556 -0.159295711823591 0.0711952063360994
-0.214108286300826 0.0610886117642164 0.15972989879512 -0.230089728127162
0.108969950244768 0.0878342657588953 -0.158317912670382 0.290506120677979
0.0808504684991708 -0.0840817927293003 0.198318766479967 -0.0211889919534709
-0.0399597049715527 -0.108168967592038 -0.0535780812988757 -0.295860298128829
-0.0894000097062337 0.0163263258448678 -0.355629271446411 -0.168861578154203
-0.0223718760542255 0.0607131328760893 -0.380580256693123 0.178349373463872
0.00902408301618867 0.0452952302152201 -0.148722647061648 0.308955362635102
0.0240559415147255 0.0343110052575285 0.0205327857241733 0.253876836110326
0.0183164844834844 0.0171660818522359 0.113720290547658 0.197556967377178
0.00235881059501859 0.0178701055521089 0.177398826571367 0.180629632879016
-0.0211880272791371 0.00510165948140427 0.168270857744372 0.253157025011802
-0.00910143401448917 -0.0138829480026207 0.0176789782972322 0.32450567875414
0.000745052081493305 -0.0256117452904085 -0.220765179581311 0.29463723851948
0.0794344035648883 -0.0307445787001557 -0.38541142486385 0.219179401514312
0.108277183859468 0.0696742673645313 -0.454733717699403 0.145995928109785
0.0365280317146839 0.182864646955625 -0.429338702683467 0.339566098109383
0.00457447972331659 0.232687881510473 -0.173182761380201 0.248357999625559
0.0992003095639315 0.0625673624270133 0.211500232614857 -0.0176204560130293
0.0590384492142662 -0.0313777283000797 -0.00938164771979806 -0.330299132627308
0.00719748878991139 -0.0200996870226277 -0.36536918829914 -0.21974051344539
0.0306299191163068 -0.0236071068035908 -0.407979929255172 0.149092748311124
0.009272081707095 -0.0456275400318182 -0.178163549067119 0.30209246914511
-0.0120129349627311 -0.0371882756912752 0.00680373994172402 0.258295460963588
-0.0221227323851995 -0.052628645413181 0.109623411520713 0.192920274578553
-0.0260387684758452 -0.0612963628934479 0.18158289204084 0.156447012094386
-0.00460527646744097 -0.106759630882115 0.198945856443364 0.215629589032899
0.0825505961338081 -0.0984410837909034 0.0900251789135562 0.309736127800576
0.126771173871908 -0.0157836896539348 -0.138831588884507 0.320511206835171
0.159870417776856 0.103243766966334 -0.332877459075356 0.267101320574061
0.0701189878727755 0.254573551660669 -0.408754578338683 0.173923978058963
-0.0841840575397328 0.342341358726679 -0.377469285275645 0.293506287924945
-0.125516377829974 0.340752058357941 -0.143154560399164 0.167172498621248
0.0716685844737417 0.226503048252348 0.248608985595316 -0.0269688270999971
0.145801818969092 0.0911223182441781 0.0717785606052051 -0.375273862941163
0.13017988140561 -0.0281121076050115 -0.338088099447009 -0.300821386938011
0.104937940328568 -0.104223390140301 -0.418300120579937 0.0796061657843371
0.0211228662268404 -0.142323515886902 -0.21151575450482 0.255408938212487
-0.0429781828965891 -0.112966022914793 -0.0257735814531007 0.23006938527469
-0.0608576415149818 -0.114835253240443 0.0876198132680388 0.161164987996258
-0.0548709872843322 -0.123083274850296 0.169706930154799 0.104466737141219
-0.00881146387941605 -0.19596160415826 0.224405223461129 0.139495390241518
0.133258047687987 -0.188141118237003 0.183663151445504 0.249585459406794
0.225659980309375 -0.0603454077786613 -0.00902130418333085 0.330249255620853
0.269722131311923 0.169056437348612 -0.238184438504001 0.320135172803968
0.0889657876841463 0.393263207105474 -0.351172660917157 0.200763788118723
-0.154546656940089 0.462069903515628 -0.297220451959479 0.213184789391373
-0.256037282769205 0.388741194612292 -0.0609402415090963 0.0529840730143147
-0.0042273135401364 0.369176571695032 0.300280194948409 -0.0503338674595819
0.18911678289227 0.240597705770584 0.185654821341582 -0.400512483835562
0.250267233775541 0.00459531818838615 -0.248482449580833 -0.384368755583546
0.187536894521953 -0.159566726536606 -0.384686554881832 -0.0307045718722106
0.0462609164832321 -0.224674842272439 -0.235105263707613 0.163489084585757
-0.0616790824437731 -0.17755403551402 -0.0690407494513781 0.166946681524741
-0.0913576833837177 -0.159690322313666 0.0524270390147784 0.106238124249989
-0.0787703041804585 -0.161433991889915 0.140685666317658 0.0358066829933047
-0.0229988858723625 -0.249223148348398 0.227655197766003 0.0420029929305268
0.144546785567665 -0.257466476101456 0.259160353403229 0.152992354999338
0.277574170821872 -0.12507928950769 0.126336900506301 0.295552366390535
0.359144523895992 0.174174555266993 -0.126268938544048 0.339448443243792
0.122260559638901 0.460169324185531 -0.294104154494144 0.20776055037818
-0.182418683028403 0.518317966595569 -0.209759996768356 0.100630565245385
-0.347265568424337 0.364789734624554 0.0643426173596995 -0.0754224247899037
-0.109603891410091 0.434996843385493 0.35669554160206 -0.0826867643620723
0.161837762054189 0.357878205813509 0.303681940561647 -0.38328649295701
0.316190224814307 0.0681784963653326 -0.105178424845175 -0.427902400407798
0.249161957387944 -0.171280098878838 -0.292872213782729 -0.151843012448487
0.0736103786780879 -0.265198582290015 -0.234218631094414 0.0389902881151925
-0.0674709484824886 -0.215839376895079 -0.111161996483217 0.0777722699880084
-0.109417917378239 -0.180980106331769 0.010151222194854 0.0360063117956713
-0.0943120344968319 -0.175339672969752 0.0989461647452783 -0.0386729060282302
-0.0348895501847136 -0.262273856019896 0.208414705774558 -0.053397416604759
0.13430506663435 -0.284794509717139 0.296882648142729 0.0442157207951612
0.284990231344735 -0.162780415185802 0.227825890510701 0.229750793256323
0.384344241087043 0.157223725236933 -0.0265869024532299 0.320215454974423
0.125234971735986 0.456870443460622 -0.24470560542063 0.187168890205819
-0.19217648684038 0.495495821528397 -0.125185699023344 -0.0208923521791315
-0.363877319140707 0.272571234677001 0.204352208985606 -0.192740726990444
-0.195952352234489 0.39372222916359 0.406320895801902 -0.110409885807299
0.0842983256040588 0.381794955726704 0.39106087473636 -0.324824647225813
0.297211544979506 0.117825718119938 0.0517120269365979 -0.411207731531027
0.255585485782086 -0.139199594674386 -0.164772275111254 -0.249856575986817
0.0895673558078486 -0.253103937896875 -0.209622584404385 -0.0883086214885452
-0.0600501410384422 -0.216816432918825 -0.144719868871725 -0.02103151477489
-0.110798571029124 -0.175098173389715 -0.0305121866292428 -0.0356533868892462
-0.0963537364853588 -0.167171532770519 0.0536824803323542 -0.109277630948429
-0.037995719224076 -0.243755605014603 0.17850819533681 -0.134082594757583
0.120144488929131 -0.266229213227317 0.306205038122347 -0.0468489528145788
0.266481939949157 -0.153838511356617 0.284594546965882 0.165926151555283
0.343717793641492 0.154108899942355 0.03758715659506 0.28386467137159
0.0749229495600043 0.408819570046913 -0.204002437951111 0.156649985165394
-0.200541490530244 0.402630313402594 -0.0432515381489324 -0.129650476146053
-0.299272699464818 0.138955543129832 0.321030633980761 -0.281990058796917
-0.218310246528301 0.263178151637314 0.434727120478067 -0.126827924826987
0.00789390175954342 0.302138639103269 0.428608064804207 -0.254512112361045
0.212979296321165 0.11982797771355 0.172511774631425 -0.355897949857968
0.200680956383401 -0.0913943718759433 -0.0485509599458888 -0.30667624105867
0.0815462480514245 -0.193644285292601 -0.176128483940418 -0.189303547880553
-0.0458305962338127 -0.178161839806467 -0.166374693754044 -0.106251545669582
-0.0948796874439616 -0.142814524195407 -0.06622320920506 -0.100188390378666
-0.0860988893044714 -0.140653110721643 0.0154401552646495 -0.168674610209448
-0.0327302133782695 -0.201445557944147 0.152194512379472 -0.196088146321163
0.103347034265862 -0.215754084482377 0.307651964243244 -0.111659741449011
0.233922924816211 -0.111748814170751 0.312492540136434 0.124401428684047
0.259922799417391 0.163155114366109 0.0721075581139006 0.253809240976341
-0.00490923321515816 0.328763324213926 -0.168365468760598 0.124881850754084
-0.206205984701101 0.258413175476863 0.0373095846007266 -0.204303184855012
-0.175198269278113 -0.013955867546517 0.380192856730343 -0.334076183747345
-0.173210955008393 0.0955248930887315 0.429056090430904 -0.132804280648464
-0.0355327802415674 0.160648905941883 0.42426124693131 -0.20759057030358
0.100837766080931 0.0762593584112014 0.232185565727312 -0.311785664061541
0.106848981257554 -0.0408433326774463 0.0152058689019927 -0.331749190172936
0.0545633022115312 -0.10491006211667 -0.155791984041236 -0.24511105069312
-0.0246726948958002 -0.109978020746138 -0.178499776982338 -0.161767287749062
-0.063526747820597 -0.0913361793515718 -0.0899623575086837 -0.145984241741408
-0.0612516876943875 -0.0988313538926573 -0.00856435751356713 -0.211126202621843
-0.0236816336191657 -0.141172786129355 0.140662279848397 -0.236974220332864
0.079759920302977 -0.147142830643399 0.311430914205763 -0.150296438847511
0.184742229955411 -0.0580039713032666 0.328186183445789 0.109947753172917
0.154474858516196 0.163432806660058 0.0888106936684057 0.241687363140321
-0.0820442982039505 0.219902219183255 -0.138613089682674 0.102550725656785
-0.188745903565325 0.0860947396403594 0.11100347784285 -0.236507848382093
0.104741393231454 0.0826469952300347 -0.147023440080512 0.277219799632106
0.0757423411825611 -0.079970546209205 0.185840326334086 -0.020958020787364
-0.0403671372597462 -0.101698510475522 -0.0524036342465909 -0.279475789014223
-0.0845478454221632 0.0163705530366111 -0.337395838125892 -0.159971186327331
-0.0194831477234445 0.0572939241056489 -0.356758391962358 0.17305807609935
0.00924775309964423 0.0418911119651654 -0.138641171930882 0.292546862492046
0.0226270809413359 0.0314958002926374 0.0186545274675915 0.237627630214863
0.0170595305552451 0.0149890307590563 0.109694221719689 0.183780262553331
0.0024755562507113 0.0156602785322905 0.168698204888033 0.166227969699244
-0.0193061378621719 0.00443842483438719 0.162866323708164 0.234693000166285
-0.00837072854024142 -0.0139066560329504 0.0200840578043601 0.307447688031382
0.000884927297059851 -0.0230881065597778 -0.208854461715809 0.283971998095704
0.0732485672432337 -0.0302018739825968 -0.362887651064938 0.21044561945099
0.102827662051351 0.0654157793460916 -0.43158530649789 0.138206636052973
0.036478763220019 0.173235105796275 -0.406100862674157 0.321705318057267
0.00727470233826131 0.221830286726746 -0.162082692775343 0.237790338107612
0.0941012507974741 0.0582262152213271 0.198714821679247 -0.0182011197530423
0.0542696781888543 -0.0317493462032254 -0.0116024046788898 -0.313565685228911
0.00534866238075666 -0.0187590380184604 -0.345796392757996 -0.208025169104231
0.0291692438392025 -0.0225254168588912 -0.383291956984447 0.145376086210592
0.00787969350830971 -0.0437869370243617 -0.165138978700561 0.286668995171862
-0.0121286180091494 -0.0355723980629617 0.00764439948198995 0.241231836710225
-0.0221487356647596 -0.0501296095826552 0.105881151517077 0.179006939744234
-0.0244244132760241 -0.058518714042977 0.172403686692047 0.142833229631231
-0.0064145134026036 -0.101678838521622 0.19228585347169 0.198990675755132
0.0761637163516369 -0.0948237221199995 0.0905079525097767 0.291827180652926
0.120387249628487 -0.0152718334921944 -0.131460394259118 0.307358154044718
0.151824928765219 0.0965494741280317 -0.31300276645281 0.25562176264616
0.068264863951288 0.241001649659247 -0.387963723532793 0.164474072886209
-0.0766167323085629 0.325780864688667 -0.357542957795442 0.279651688261163
-0.115575427142938 0.324958176030138 -0.135247419063225 0.161460854604785
0.069288217996129 0.212988615696958 0.233120225476481 -0.0270131961735886
0.137268063106836 0.0835367505379071 0.0659250498295385 -0.35693955818021
0.121647030865807 -0.0279466591993167 -0.3195628070634 -0.283300413915857
0.0978352841063277 -0.100214076828464 -0.394668145488719 0.0783136743435377
0.0174794688218804 -0.134716505930966 -0.197544549253192 0.242829372254373
-0.0417562365849577 -0.10623526749548 -0.0224964426042024 0.215473002561084
-0.0584177848649754 -0.107994635126875 0.0852001769806563 0.149548398588056
-0.0526003187301968 -0.116837091606363 0.160522379492068 0.0947406572798753
-0.0112176561153935 -0.185770411564347 0.215187918824319 0.126675351551595
0.122412817844282 -0.180956087241542 0.179141546245452 0.233062822298646
0.21325898628738 -0.0586753707936288 -0.00806714236985307 0.315217630063138
0.25634340254583 0.156746703864388 -0.226385245422217 0.306673548710221
0.0874863489960859 0.371845920899615 -0.333602590208814 0.191300532699932
-0.143805859366052 0.441734146886033 -0.279519320970114 0.204481172160016
-0.239132584271376 0.37204841753453 -0.0588510407698463 0.053295524779477
-0.00161127547478357 0.349151805558338 0.281980846374009 -0.0492124901840794
0.18057579191261 0.223825018439815 0.17427403436877 -0.382229074001089
0.235274564515679 0.0015661745636166 -0.235405550677231 -0.362283676750301
0.174243527623244 -0.15379177838131 -0.362360656636233 -0.0266518249901321
0.0400177925457075 -0.211855038295599 -0.220637085933682 0.157383984799873
-0.0612086004079663 -0.166877203915373 -0.063127461752863 0.158295115273405
-0.0885078517674442 -0.149301815412124 0.051625297068564 0.0988560201110813
-0.0756337717955465 -0.152121420082902 0.132130826722826 0.0300785534469076
-0.0262385567864171 -0.235440372075764 0.216549827591919 0.0346584158366663
0.131931537046441 -0.247587534797369 0.249384448494426 0.139530095945677
0.260881294503728 -0.120843379365538 0.11943415308702 0.278652421778222
0.339945192355547 0.159493633727457 -0.118882310000018 0.324481113995898
0.121361455794256 0.434905827107244 -0.281200587940349 0.197853728698347
-0.16895213436655 0.495425757794094 -0.198701914022201 0.0978884390817324
-0.325648089344868 0.349346736545848 0.0587701815860574 -0.0694528740502701
-0.101689676453966 0.412083394663216 0.335516356001178 -0.0787605821051398
0.157307299430139 0.334957121639903 0.288498235893149 -0.365905673103335
0.299939668673551 0.0602681906130059 -0.0977738333067006 -0.404348388127106
0.231831755899295 -0.164598967240906 -0.277677412775663 -0.144581989344318
0.0659354150410124 -0.251723729117542 -0.222157289446146 0.039569471613416
-0.0665793698205309 -0.203062026693964 -0.104135605907934 0.0753559594843313
-0.105087933544198 -0.168539971888977 0.0108858467612591 0.0338005663179165
-0.0899207023102853 -0.164426312947948 0.0913985211299543 -0.0395108955966073
-0.0377030716741005 -0.247489284353307 0.19699673029484 -0.0549739795396804
0.121723600005233 -0.272070419303392 0.284515917067704 0.0356179661304927
0.267168805981642 -0.157595640760127 0.216490655454705 0.215885328410124
0.363300298775285 0.143505281559675 -0.0259292194383471 0.305896576060624
0.123804387779123 0.432143065661243 -0.233801379585479 0.180705147077041
-0.178844365191751 0.473961383457856 -0.119819628020278 -0.0181297814657984
-0.34225997344413 0.260836087373886 0.190737689771967 -0.182083313875327
-0.183387705143867 0.373522575486841 0.382476141940639 -0.105754875229595
0.0826921126208011 0.360016425770147 0.37046179736412 -0.31174999076113
0.282306681854334 0.107864257418596 0.0511005005235888 -0.389349805778265
0.238526015875981 -0.135205163287228 -0.157239733021204 -0.23789893896559
0.081023770273214 -0.240401210561601 -0.200541419233033 -0.0814782543656678
-0.0605305659119057 -0.203426874877738 -0.136658267621744 -0.0175076451103602
-0.105765972158446 -0.16198327825728 -0.0287872172433923 -0.0342096321972209
-0.0917416851101846 -0.157142755922303 0.0481498651757266 -0.105213888274118
-0.0390946568252716 -0.229159513737915 0.167703119101182 -0.130889358792818
0.109276016345983 -0.253881416259094 0.292338111609877 -0.0507802026611913
0.249250986576305 -0.148463397202204 0.269913644835351 0.153995467543797
0.325270302440066 0.14061844453288 0.0348033041284764 0.271573763186222
0.0755214672973041 0.386325967368443 -0.19516346408716 0.151356806655538
-0.18708993904143 0.385665623273514 -0.0428344760744436 -0.120697421462327
-0.281507036796838 0.133237322809489 0.301052672500428 -0.267700084705141
-0.204829547122042 0.251451542201033 0.4106386990254 -0.118870307087835
0.00985306104644138 0.28476981350371 0.406378254836037 -0.244896231131628
0.201891313659369 0.11076713681072 0.165647088641236 -0.337791012390246
0.187300580453548 -0.0887310399259235 -0.0480500150579782 -0.293375789453231
0.07332269641537 -0.184390884828999 -0.170241245302409 -0.177288798157043
-0.0462806627068663 -0.166834950812126 -0.158363338785986 -0.0969134940341476
-0.0899836416648715 -0.132170909265035 -0.0626985680812451 -0.0940327630855094
-0.0824195700299517 -0.131817037279398 0.0122301537667623 -0.15958941281137
-0.0330986886173839 -0.189007077543917 0.142657682476655 -0.188299695996656
0.0948204636391664 -0.205708616288199 0.291393530515987 -0.111678343184251
0.217861359536063 -0.107886064874757 0.296191760052988 0.114719261634584
0.246203084662826 0.149807153441988 0.0682692574383246 0.241925104309271
-0.00024088540570664 0.311540264801068 -0.159872465567127 0.121130798391707
-0.19189189016417 0.248147563958092 0.0321779140036257 -0.193251395657725
-0.16605157200997 -0.0114032433758044 0.358380750818834 -0.317718565574254
-0.163051860920062 0.0921055667555758 0.406608036465272 -0.126688699770336
-0.031798329409239 0.151144226646572 0.401192419662837 -0.199362082576483
0.0949861707124399 0.0704836885890524 0.220421588135965 -0.297479657068543
0.0998279920435529 -0.0396675460558051 0.0102380574506967 -0.31763797228647
0.0504508335349841 -0.100058591512648 -0.150829186835659 -0.229630947724044
-0.0246298351119164 -0.102560621571903 -0.171147934143649 -0.148731021096074
-0.0601799955334594 -0.0836846453041883 -0.0864701424812377 -0.137232770113381
-0.0595477030275819 -0.0914064024124955 -0.00995519160609037 -0.200214735909344
-0.0242366392543061 -0.131862058128833 0.131537613899196 -0.226377745822226
0.0742028370718949 -0.140277034109253 0.293736524034754 -0.147501170732592
0.172589634911626 -0.0566051706912084 0.310956939307665 0.101481417688598
0.146413529278835 0.151500079605374 0.0834700692345592 0.229841411919285
-0.0744144846617849 0.209660094276791 -0.131138335906243 0.099962542624419
-0.176682480413574 0.0843551647802022 0.102160777570886 -0.224325857391257
0.102030096885721 0.0821010099471715 -0.146458679917678 0.266528865507956
0.0748273925763934 -0.075673442593752 0.18064395036105 -0.0166170292862536
-0.0390210061884734 -0.0987137805842859 -0.0467471085281975 -0.27273958015235
-0.0826886067306279 0.0154299802320694 -0.326187845338912 -0.163751630719094
-0.0187066449680401 0.0552510174351135 -0.350108403004624 0.164454685534687
0.00853925568413535 0.0402300729405491 -0.139073990055828 0.2821790566004
0.0215458828224434 0.0306046939443385 0.0113856838821766 0.229741598346776
0.0156586019711749 0.0142580533411148 0.103483697678871 0.178809301811583
0.00243873956900302 0.0138437451741391 0.161468639043393 0.16149933468
-0.0179586840591746 0.00333410619943141 0.156908634023096 0.227940960715824
-0.0076589048177601 -0.0143162806515441 0.0157027585941113 0.299701561647171
0.00296216105174412 -0.0220384945614212 -0.209773132400286 0.275732186939805
0.07044345247504 -0.0279445006059242 -0.355791961015366 0.198430786860605
0.099123943282688 0.0645076920694922 -0.42417867917903 0.124106242668097
0.0341456809578475 0.169363345206716 -0.402432682341011 0.305950284866175
0.00532211202116135 0.215970397705357 -0.16111876182464 0.229553680266493
0.0905065646218105 0.0580104716678189 0.191510321065656 -0.0128177902925621
0.0512421578449711 -0.0304017158027187 -0.00531876727731954 -0.305831795834392
0.00500283465544962 -0.0174910097376577 -0.332268487401376 -0.209453085656979
0.0289229943428261 -0.0214346701232393 -0.374918529087259 0.135910930875069
0.00798767693028818 -0.0427241649130529 -0.164126537595523 0.275604471372361
-0.0117326844996039 -0.0346118828546151 0.00207449952963985 0.233596183194199
-0.0212694452718623 -0.0487261247010082 0.100175079157405 0.173867649828973
-0.0229615375714015 -0.0584385989303128 0.164870264778593 0.13855724106406
-0.00498205644276673 -0.0992821647413802 0.185443448002816 0.193525071243709
0.0748667923815454 -0.0919154105862406 0.0845449816802756 0.285552280334968
0.118335618145853 -0.0126023938709447 -0.134340462832997 0.300290321951343
0.144599016503497 0.096000356505395 -0.310243061794175 0.242466351887552
0.0626954476229883 0.235571151472271 -0.383252244233981 0.150856925598064
-0.0809329898595848 0.3173755378138 -0.353828253602398 0.266006333436888
-0.115727634891816 0.316105657067849 -0.134382253468122 0.157069856926361
0.0643914301458841 0.207318226890123 0.224602942700554 -0.0208608087198409
0.131341105593342 0.0828249303778468 0.071840399479905 -0.347562963096931
0.117179745774178 -0.0253086314828747 -0.303133671189836 -0.282643272207889
0.0954658644129599 -0.0961231812489225 -0.383161556685675 0.0702605654627537
0.0181007174086729 -0.131043449116179 -0.19481968594977 0.233143691282654
-0.0399622871675489 -0.103213648784097 -0.0255082676291297 0.207565054368487
-0.0561679399140712 -0.10560510985406 0.0809823842414786 0.144976509224762
-0.0487836494786772 -0.115406832917517 0.153337852496683 0.0910205791476146
-0.00954596784280205 -0.181481246785815 0.208458033273081 0.122731576157472
0.120162328785199 -0.176191308717815 0.172784377011227 0.228031627982961
0.208509747145699 -0.0539475317551599 -0.0151222453479512 0.308203255903889
0.246142420805721 0.155555784809826 -0.226979344281477 0.295316695085299
0.0792475444372296 0.365005027212832 -0.332121898339729 0.178991619583248
-0.146493038662969 0.428807086649616 -0.27911391817941 0.19379632836149
-0.237152632937462 0.35799691582676 -0.0590700100152023 0.0539625393804425
-0.00690538170187285 0.339182793867529 0.27272676944885 -0.0415831735188838
0.172110850875718 0.219081843549608 0.17733215584076 -0.370763576678536
0.227719400056609 0.004717451616426 -0.219844669207652 -0.356562480298646
0.170835044454477 -0.148142618575322 -0.351706037093529 -0.0333722270184013
0.0401962760110905 -0.205223996946063 -0.216967880555824 0.150364509633679
-0.058141740214466 -0.162457311533576 -0.0636516216418185 0.151853483248305
-0.0841707678831963 -0.145268915280093 0.0486491328218082 0.0950115920152402
-0.0707998282747379 -0.150180423265234 0.126917882127241 0.0282418118878696
-0.0234972284118071 -0.228943159725806 0.210411135386447 0.0339093932005855
0.129421186289395 -0.241123573312286 0.243520870992447 0.13668781850143
0.255173232562911 -0.114632865023299 0.110776435774994 0.275551835783845
0.328014431686473 0.158380545809113 -0.124174295863412 0.315442550897926
0.112330595996329 0.425567049904182 -0.280132291059272 0.187217768888779
-0.17293490694288 0.480890791368409 -0.196601999055364 0.0923219969540862
-0.321279067408294 0.334102524806508 0.0568058746710605 -0.0637710253472523
-0.104479930738628 0.399410262165225 0.325681857978048 -0.0688627811828851
0.146744973312734 0.326611834955924 0.287543233449735 -0.35347356532524
0.289373855693036 0.0621533341133358 -0.0845131428006443 -0.396192719665919
0.226665906246744 -0.157626272001159 -0.266547273135342 -0.147676861232593
0.0655986541270573 -0.243343137364369 -0.217248991282332 0.035534183884703
-0.0629044518233107 -0.197653688555755 -0.101794130983043 0.0717770260579236
-0.100143525543303 -0.163349747439919 0.0106814820987486 0.0317575494547638
-0.084683608319496 -0.162048643025014 0.0885712188485785 -0.0388897983204147
-0.0340899208739773 -0.241463427331025 0.192313597300475 -0.054017285229024
0.12056971002778 -0.265063535798329 0.278067389858416 0.0355947442729931
0.260410290547016 -0.14907086580097 0.204975371513684 0.21412381486134
0.350382059668375 0.143440848609937 -0.0331841243685891 0.299080333191155
0.114727882792789 0.423300998855584 -0.232787470863519 0.173045373898048
-0.181948965908058 0.460837979236982 -0.117218637376934 -0.0183041462227825
-0.336839285064578 0.248375586308217 0.18836206589859 -0.171541566866645
-0.183773797056395 0.360736401428586 0.37235976853128 -0.0937571578260584
0.0749484293277933 0.349518662405601 0.36654952333744 -0.296954718436895
0.272884869824146 0.10903766942568 0.0620678228021848 -0.378915797863616
0.232856550334813 -0.129318295509771 -0.147936516668963 -0.237346498893829
0.0802058157049628 -0.232979488998732 -0.195126800492958 -0.0810748570270077
-0.0567213394543089 -0.198088794332995 -0.132162968223969 -0.0173100817336799
-0.100728264589408 -0.156745770678995 -0.0275906891704509 -0.0339847017184285
-0.0868870016359428 -0.153745900054315 0.0478089724028772 -0.10168939907138
-0.0355680375605224 -0.222775402489796 0.164811278447183 -0.126685889531546
0.108259071502104 -0.247010157349587 0.286777416658379 -0.048174402168719
0.243054172150281 -0.140822446460808 0.258847997547672 0.154632360584386
0.312721536888044 0.139995056470969 0.0266500938373542 0.267708332491719
0.0690541548191923 0.377809878805831 -0.194390368538777 0.145333381634266
-0.187578651605647 0.373560296994591 -0.0411505499834086 -0.11748562377971
-0.27633834457672 0.124628869607692 0.298011917127206 -0.253625406267472
-0.202276732237617 0.241752318144538 0.399750461965018 -0.106179957303414
0.00505497242154375 0.276710872601021 0.401265213352871 -0.232213965205964
0.193522937820471 0.110164445195294 0.171232212204182 -0.328262335433797
0.181826984239067 -0.0845422760311892 -0.0420298004626482 -0.289665338368211
0.0734342749446632 -0.178053729685626 -0.163936190353883 -0.173907378452896
-0.0427466708310233 -0.162259484626547 -0.151976216210657 -0.0942348487081706
-0.0854355355730809 -0.127495058572423 -0.0600037298939443 -0.0925964065346298
-0.0778338536438102 -0.128194904838078 0.0133075485380181 -0.155345892822824
-0.0302866686438065 -0.182964091883559 0.141946499399425 -0.18274295207378
0.0942852946712164 -0.199341258702984 0.286423148822682 -0.107144179545192
0.212016117377884 -0.101616911452909 0.286082461443993 0.115657383203857
0.236163589483103 0.147870476816864 0.0594432671707278 0.238824425011993
-0.00361851647730998 0.303153532911684 -0.159052094160056 0.116947957022142
-0.189615678044957 0.239626082474306 0.0332239273686498 -0.186028004956445
-0.161563431196878 -0.0135138101010219 0.355303080380386 -0.302076196645309
-0.15973574260311 0.0885134800743519 0.399535262570144 -0.114310031148919
-0.0333213165240017 0.14554398670855 0.397342439442367 -0.187430276781398
0.0901619353645826 0.0695831303580771 0.223697323221743 -0.287156551175624
0.096366880458931 -0.0376872538135568 0.0149783259076098 -0.312388937492832
0.0498226163125089 -0.0972225017782344 -0.144301239058343 -0.225122305170458
-0.0231756864811558 -0.0994333019570025 -0.163977610418604 -0.145401234440196
-0.0569462932782407 -0.0801836709281158 -0.0814991881086696 -0.134514348639667
-0.0572767364216918 -0.0893291959446798 -0.00761626793177704 -0.193893026507432
-0.0225679621934296 -0.127031371579916 0.13151380055949 -0.219415345850589
0.073983811167398 -0.135401669201103 0.288562266398314 -0.140960388920097
0.167049906975368 -0.0524372862911254 0.300405795305682 0.102982558294422
0.139403372082139 0.148389859816193 0.0756803677026552 0.226688924319184
-0.0739045372967386 0.203023447707196 -0.129088424748011 0.0971884689365195
-0.171983824674711 0.0791552191340822 0.102296998371668 -0.215389655451136
0.102653668148578 0.0844957618734497 -0.152866647794468 0.268417390869897
0.0770987108911241 -0.0746094299006669 0.181974880431787 -0.011869923776045
-0.038978571167 -0.0999367760394728 -0.0410830692316616 -0.275924537266167
-0.0833616574694886 0.0161556184126681 -0.327238430407359 -0.173101743823566
-0.0183562162993768 0.0552514416384963 -0.353809996388565 0.161621070588478
0.00755700544185646 0.0395397181469973 -0.14463676686799 0.283212391250189
0.0216551615317806 0.0313567742061142 0.0051081989300426 0.231543035716936
0.0151475970908317 0.0133705787864126 0.100542333395863 0.180024562493409
0.00176985857223032 0.0124723927787008 0.159354936866618 0.163420060001159
-0.0178931921216195 0.00214409226847869 0.155260394689613 0.230122321708689
-0.00744028919408749 -0.0149822980411886 0.0112174010059782 0.304737251415758
0.00418514777005422 -0.0217479213344778 -0.218301321412215 0.277036921670998
0.070969404118804 -0.0267082612722851 -0.36266297313566 0.19174302694378
0.0984930932629777 0.0651707802064423 -0.432758441546418 0.113389596737759
0.0314214788102793 0.171831657363206 -0.412464118409216 0.301977550014892
0.00297924466597112 0.219031528975221 -0.167922259541985 0.231000414202921
0.0905163927517208 0.0599205534022569 0.192750435017341 -0.00751269100236643
0.0516830978503207 -0.0296465067247424 0.00105819698832098 -0.309578387956945
0.00470076652758653 -0.0165989818233927 -0.330361370138981 -0.219435041624055
0.0297840882900692 -0.0215871160302501 -0.379487106470329 0.130860477957452
0.00812367990743449 -0.0436430257294256 -0.169905090640658 0.27626044188848
-0.0112818057186769 -0.0352287341992531 -0.00373806408404385 0.233606537211067
-0.0208381224142492 -0.0499695028811422 0.0975441711699564 0.174174169451456
-0.0219105202741509 -0.061003163618976 0.163293616643442 0.139907597477225
-0.0040620991974261 -0.10120439523595 0.184722227664957 0.194792536071331
0.0759990285611378 -0.0931261805037305 0.0827515724345604 0.288474182481876
0.12031859686509 -0.0112030706849748 -0.14345153380166 0.303183384776056
0.143344359192593 0.0992445851804429 -0.318860126830793 0.240759075587299
0.059822414481626 0.237831718716509 -0.392382969953221 0.143192636830202
-0.0870461282427355 0.319599903857971 -0.364697476594703 0.261938984084368
-0.120948140811772 0.317098113697133 -0.139566656288513 0.158752662945756
0.0611405818217198 0.210323022099886 0.225687879516678 -0.0140372626797455
0.130373026932005 0.0845367111189467 0.0802320700209387 -0.350050664746929
0.117842135735912 -0.0227788921293467 -0.299821776867679 -0.29168829662658
0.0978584284043156 -0.0962770425406695 -0.386678652590205 0.0630451577984713
0.0192975365093362 -0.131512611701452 -0.200386282590028 0.232434982052047
-0.0392048831701981 -0.104462374860192 -0.030015313930492 0.207795270160668
-0.0549752533675855 -0.106870660681148 0.0796975756998606 0.144632294930189
-0.0468002186057966 -0.11839779397552 0.151977355437771 0.091729824740958
-0.00806337838323016 -0.183543015028186 0.208702469485009 0.123591868779
0.121828189637492 -0.177884059088761 0.173731360238288 0.231221951863102
0.211529764513289 -0.0519880903996583 -0.0230855746103647 0.313700485756084
0.24496003138268 0.160961190355568 -0.237168055490329 0.29533187248069
0.0750354208066798 0.368657416400835 -0.341134022939824 0.173074517910952
-0.156117716699733 0.432780022064988 -0.285571508479722 0.190169880436204
-0.244088207610804 0.359408269617438 -0.0619231207669521 0.0561933591110264
-0.0121263010016123 0.341708380750504 0.27392724719933 -0.0334842329717411
0.169198613333807 0.222842414862674 0.187255099747631 -0.371175763987848
0.228647826099669 0.00859872327339233 -0.212243335835133 -0.366628266598195
0.173420651619226 -0.14762927109792 -0.353233171633255 -0.0407638608953187
0.0418779467011667 -0.207140347539136 -0.221465584452328 0.148641724596347
-0.0564108921641145 -0.163841596247598 -0.0668249541102985 0.151806557046935
-0.0834685400974729 -0.146582652940076 0.0478721001503259 0.0950330482700107
-0.0685484106047932 -0.153357903456991 0.126145175274958 0.0277633103594859
-0.021542881236243 -0.232607701220195 0.211820776104516 0.0348011462316511
0.131342911925733 -0.2426753399347 0.245875234806988 0.139562019951026
0.259267794558393 -0.111849081169483 0.105440746291529 0.281689818073885
0.327968277685953 0.163929644611703 -0.132893848113183 0.31916567898739
0.10850149270346 0.43159849907952 -0.289075709386569 0.184229581280938
-0.181835539796768 0.484869386408738 -0.201324904931296 0.0898692671166618
-0.330037909721599 0.331767115852561 0.0574794367471165 -0.0606051077639227
-0.112570692143913 0.401730994301271 0.327355622420744 -0.0601537077987356
0.143062963725998 0.331169689015465 0.297657261898607 -0.352277053763732
0.290307814377553 0.0673679156160803 -0.0742813290709391 -0.40356151005302
0.229592539502928 -0.156060782933968 -0.265141983270586 -0.15550347623547
0.0679086479557331 -0.245317575040519 -0.220008005554704 0.0328569538355205
-0.0620668040454314 -0.199038704731908 -0.103426308342657 0.0713804619084727
-0.0986142046484847 -0.164487659945694 0.0102813288088944 0.0309309436778065
-0.0830066626734279 -0.165358051969926 0.0887558213309637 -0.0393800888559493
-0.0315234688555749 -0.244423579469355 0.19440588019913 -0.0538275808108504
0.123356014212094 -0.266896032836595 0.282102184805435 0.0361533497970879
0.264426028750607 -0.146457461836665 0.201878827638186 0.220253704792751
0.351650017920244 0.147843126453865 -0.0411724055997705 0.304839968962728
0.108770961117211 0.429334379445237 -0.241306004903284 0.171764968690791
-0.19057972882125 0.464091296128226 -0.119438677393849 -0.0202206998879977
-0.34381397255088 0.245804169987392 0.192462749164916 -0.16903202725054
-0.192389359300016 0.361714631147184 0.376037050910942 -0.0835931089530295
0.070424123008283 0.353637366540224 0.377537339984403 -0.29529650445243
0.272569405641785 0.114173770149978 0.0731827360448071 -0.38395166396373
0.234965165738943 -0.127473097415454 -0.145778828599364 -0.24526185100344
0.0827992928652428 -0.234476586054907 -0.195520672828287 -0.0846685496875542
-0.0548949110743918 -0.199555852898764 -0.132330961704207 -0.0180885374074641
-0.0990499310432226 -0.157855336928904 -0.027327335067838 -0.0359774642319253
-0.0847569426011668 -0.156204702329029 0.0484951554026878 -0.102943914668881
-0.0332837798761822 -0.225913055854407 0.167992864312715 -0.127786691686635
0.111342316896125 -0.247942195724897 0.291856945836048 -0.0466611398361877
0.246005101051999 -0.137756126691315 0.257567190995638 0.160064846652047
0.311187178209272 0.143462333485163 0.0194444727973862 0.273277955486905
0.0654301361254926 0.38228984160027 -0.2011095911358 0.145618028930761
-0.195595953794014 0.376614414323948 -0.0405694469661547 -0.118194970059617
-0.281507101607268 0.122435190209548 0.305123330589437 -0.250520881037185
-0.207703881169348 0.24082979333455 0.40433036414935 -0.0956712209129875
-0.000392539514693806 0.277861639798706 0.408697092837792 -0.226594376120362
0.192223751862124 0.114011154989985 0.18271299273577 -0.329822013765195
0.183673660240504 -0.0826530850919311 -0.0370383057785947 -0.297592984511099
0.0756329682037513 -0.17998745039519 -0.16328705685508 -0.177499037728539
-0.0415256453569358 -0.163316304983268 -0.15155921587208 -0.0957253599258872
-0.0829331721452972 -0.127819877750521 -0.0589254792489648 -0.0948967243812924
-0.0768276089481837 -0.130084091289925 0.0148656923518781 -0.156789888782562
-0.0285978044776159 -0.18479419982155 0.145559817463403 -0.183973163297109
0.0973523690156577 -0.200065562156065 0.291629243921997 -0.106309531891317
0.213248497229151 -0.0986444194179261 0.285884732684282 0.122526931314751
0.233482623615885 0.151197252697251 0.0540033741041011 0.244600213173183
-0.00723915689241417 0.306182140673934 -0.163601404718232 0.116908171784756
-0.194723195902146 0.239077150750609 0.0352702781113644 -0.186442747995376
-0.16201784248362 -0.0155824894949355 0.365034105969536 -0.298095900601656
-0.161338219563127 0.0877155517537294 0.405754639807629 -0.103342937619303
-0.0363440129227027 0.145355621529457 0.404119563697521 -0.180426115022954
0.088972168609428 0.0719976131961335 0.234368060215947 -0.288528221017827
0.0971265591034982 -0.0364328142682651 0.0194673854740932 -0.319255942755508
0.0514066514030455 -0.0984009529360223 -0.14321931410052 -0.229528626189642
-0.0222284970409307 -0.0997723480629586 -0.162837546473283 -0.147117318556872
-0.0549505829841704 -0.0800458539559399 -0.0801958133531055 -0.137135002250556
-0.0563930296902975 -0.0893718825857063 -0.00538073425901445 -0.195810614403727
-0.0214506584522897 -0.12825616543438 0.136437023458966 -0.220992916013509
0.0759388630266538 -0.13516021048526 0.293818796790883 -0.139338270194604
0.168182034827093 -0.0497658824731542 0.300969864913951 0.109393527880886
0.137339690093353 0.149895227152597 0.0703349987772715 0.232058460374946
-0.077246143400452 0.203683206808512 -0.132749090014471 0.0965474739679756
-0.17365298850263 0.0779278418498463 0.103992318250384 -0.214849955503593
0.1090127875101 0.0870050174802154 -0.156695966378603 0.282072151204626
0.0798860330243545 -0.0779356125954669 0.189979845867702 -0.0111509112942703
-0.042353776618716 -0.102218672329965 -0.0434677878186293 -0.286264713716166
-0.0857808880741577 0.0189106516362324 -0.343640155976207 -0.180305332686732
-0.0176171399951897 0.0568952442047017 -0.366665407582265 0.172429611113006
0.00781652477600939 0.0406380122679485 -0.148129146191027 0.296552168608503
0.0231378188967029 0.0321935931809108 0.00387226926916488 0.240875500708054
0.0164909679193521 0.0131955370743968 0.104901655729883 0.185408750148649
0.00209691284265011 0.0107153541850614 0.166172059761077 0.167471020729457
-0.0176754977232288 0.00105960899531255 0.164111961292595 0.235371831812333
-0.00814744874561979 -0.0153113232535091 0.014745338714947 0.317713850177252
0.00578882713241971 -0.02197618043011 -0.22670320675052 0.292349811777412
0.0722917768486018 -0.0277207278483958 -0.37714915195341 0.202106424329652
0.101988655698749 0.0659209996919753 -0.451621877666163 0.119703251433725
0.034709541561585 0.178771389106063 -0.430477653258932 0.314822825648705
0.00659541767291649 0.227878849648731 -0.173011677284151 0.244416221661309
0.0952995132016371 0.0614544126766706 0.199109242587816 -0.00602453250681814
0.052441281974693 -0.0309442660237661 6.7681011669926E-05 -0.322031289593891
0.00440243439143932 -0.0157118521973942 -0.345081259232454 -0.22802592657619
0.0317120718524811 -0.0232017243392343 -0.392711215263101 0.140562520665058
0.00727192906701804 -0.0454085307249299 -0.174425325774903 0.288993387578144
-0.0118467226125887 -0.0362511183922442 -0.00415756020670398 0.241390210588426
-0.0226774563547267 -0.0516934670108584 0.102615958892984 0.178161901378534
-0.0232105878956804 -0.0646894867987613 0.169173083504443 0.141735244168342
-0.0061983864937248 -0.106125081691673 0.194352859630267 0.197858797904538
0.076899370610988 -0.0987117855627056 0.0897382071324446 0.298942062158477
0.125895409768988 -0.0124165120291005 -0.148762811582301 0.318923970169506
0.149507663047982 0.102252947622426 -0.332145072626225 0.251893757187221
0.0647635717365729 0.246766440795131 -0.410176976335763 0.149683327848371
-0.087248550457969 0.334558852913576 -0.379716810445111 0.275763152273293
-0.121751081000692 0.331974805471182 -0.145077525025772 0.169293672626427
0.0658431268115171 0.217887771132105 0.233251078986876 -0.0127873567074824
0.135285330679857 0.0868753198920127 0.0824623241013551 -0.36566083082641
0.121301970094402 -0.0239861801985334 -0.31331336305588 -0.305023905355327
0.100287770557126 -0.101463273335125 -0.401964461496101 0.0681503928217651
0.0178458125514772 -0.137869321196901 -0.206444725388718 0.243803558597744
-0.0416240416676126 -0.107667932438153 -0.0294324529004449 0.215111363199998
-0.0586824130814316 -0.109279497963856 0.0831527077650316 0.147186890056315
-0.0495553907981942 -0.124223660578392 0.157062190856731 0.0912384363636265
-0.0113205034156073 -0.191700579302226 0.218666104328689 0.123124953739509
0.123009575365945 -0.187435849382787 0.184161428913724 0.237622309197839
0.22014443767161 -0.054973791847811 -0.0229555687489229 0.329047160479887
0.255635398616718 0.164590233913872 -0.246516929598232 0.310062215319737
0.0828403996018968 0.38395377500453 -0.357457166999033 0.180738185094344
-0.15853810933982 0.453573330318141 -0.298467068575702 0.199898830442664
-0.250439574511763 0.376153354835476 -0.064845772500801 0.0616962300532269
-0.0105956066722333 0.355565741124739 0.282599481859008 -0.0317292004004266
0.177234171503252 0.229590348890077 0.193964642044157 -0.389373157038025
0.236931804423802 0.00705063462871315 -0.221503987025436 -0.382658929154269
0.177950379984423 -0.155784846024232 -0.367023167382485 -0.0406910158618761
0.0405678446838815 -0.21612893086686 -0.229252134892745 0.156604269090106
-0.0610293201467803 -0.169272789297126 -0.0670646037742756 0.15805425495071
-0.0879328219152262 -0.150403383844676 0.0507305763301608 0.0958847410914608
-0.0730546337448966 -0.160456927121428 0.129299878839325 0.0258646075746623
-0.0259240785154566 -0.242234554574248 0.220279980040743 0.0305424644043266
0.132685501819415 -0.25519831796883 0.259111305829009 0.139205222185031
0.266717086890867 -0.119053520471211 0.110174420742588 0.293579341622937
0.3416291487089 0.166451647818641 -0.139778134388878 0.335920374437222
0.118011339173074 0.449471422434304 -0.303409547437925 0.193974964740246
-0.187420509530368 0.508142832452744 -0.210580853478295 0.0969714749355018
-0.34100288781669 0.349788237180833 0.0588415151420978 -0.0604045672952369
-0.113531376609241 0.418709301751483 0.338230047173806 -0.0597345286020924
0.150562653863693 0.34360172730088 0.309914700042556 -0.369980493445663
0.301311304953596 0.0672471279632953 -0.0768817442893229 -0.422310507683344
0.236284301485999 -0.16597284269792 -0.277381714795259 -0.162727867251221
0.0664557485608875 -0.256204276864756 -0.229072043976381 0.0372733587451408
-0.0668468705692497 -0.205524563389407 -0.105795313087518 0.0756023353549318
-0.103475123512884 -0.168687944103881 0.0104210792422846 0.0301739828440791
-0.0875171414640752 -0.17155582491997 0.0899428502841394 -0.0434176885355166
-0.0370689814451856 -0.25386834695558 0.201003786451443 -0.0615074201969084
0.123566757557222 -0.280563216248519 0.295946416426956 0.0317940021675865
0.272224431683936 -0.15541507889391 0.210488709406115 0.228338063245274
0.366791005621869 0.149303062651189 -0.0439903547499013 0.321123691311549
0.120940140675593 0.44722930467984 -0.252500994759212 0.181902687663504
-0.194251935668994 0.486567863777316 -0.125704737791732 -0.0185386242766699
-0.356553899249476 0.258473148944268 0.198732659463713 -0.173819247569232
-0.195326455739831 0.379035071166427 0.388393074000331 -0.0854365179015143
0.0743270998871597 0.36560410410043 0.391905047463182 -0.310455817959783
0.283711427178189 0.116685018106427 0.0770802836619324 -0.402846206511211
0.242022901420377 -0.136143598822205 -0.153682578158269 -0.258250287230457
0.0814548040547923 -0.24572679624431 -0.205757278097765 -0.0859764693784832
-0.059879938541394 -0.206161530396025 -0.136852408911766 -0.016020034037013
-0.103027094538142 -0.160754331948627 -0.028806324298171 -0.0379621573181034
-0.0902611387470618 -0.161287175905015 0.0475693484414672 -0.108389438259054
-0.0377423375432882 -0.23395791945572 0.172941225593099 -0.13677348085346
0.111979636345488 -0.260635917869909 0.304149873832487 -0.0548239068811474
0.252341872933063 -0.145528776054144 0.268924215872532 0.165579982499997
0.324271628572563 0.145297011726242 0.0202089698733332 0.287449860227059
0.0728630284001646 0.39885372666934 -0.21047758778376 0.154618112160332
-0.200048652011235 0.394350296233732 -0.0446543211002744 -0.121817851215832
-0.291892402381536 0.130354444991113 0.317515591535923 -0.261356744083183
-0.213624789778401 0.253380203447633 0.420315025944178 -0.0992033788664726
0.00109039538308163 0.288642554004683 0.42544836240311 -0.238073977536012
0.200583894734795 0.117551694511613 0.191246500939106 -0.347683907342292
0.189098437806864 -0.0875853982715578 -0.041717739113319 -0.312316943008662
0.0748792781055127 -0.189142372012292 -0.172925208992616 -0.183378298097209
-0.0457478279815626 -0.168905117919368 -0.158450043253887 -0.0970035129648537
-0.0864070260548588 -0.129941974596431 -0.0627261821654203 -0.0984994031827196
-0.0811351742179863 -0.132983905077462 0.0129651744433381 -0.1634117607427
-0.0313721710730015 -0.190881162679315 0.149695126326428 -0.19387142983469
0.0981540011515118 -0.210414102428976 0.303399971916135 -0.115598057781301
0.219940222067584 -0.103492503050302 0.298072592296307 0.124192112415977
0.242905224577954 0.153303265438785 0.0561681984068773 0.256936127812445
-0.00319299277240091 0.31826765994619 -0.170371693440517 0.124553744833679
-0.199407028817707 0.251186290646501 0.0336624510526668 -0.19346228039754
-0.169300219900405 -0.0140153808155651 0.378833324268922 -0.311706435804304
-0.16618963451732 0.0930026402515432 0.422809748615855 -0.106922703624625
-0.0369049838903918 0.150365250509036 0.419792236370488 -0.190981773784774
0.092485394067683 0.0745798553696094 0.244823429568821 -0.304949709156974
0.0995192415047536 -0.0383394844076252 0.0172328084669299 -0.335926581372637
0.0512334229587183 -0.10412905866611 -0.152022844877397 -0.237543468632242
-0.0243068699855959 -0.102636373745351 -0.170561753695099 -0.150157753761921
-0.056991485290355 -0.0809877290332062 -0.085087349321799 -0.141482840270167
-0.0601571987226089 -0.0901875336288467 -0.00771687358024088 -0.203850028747466
-0.0231267229985476 -0.131766448807582 0.139440217538213 -0.232684411583349
0.0771014218750313 -0.14265127763868 0.30454919604433 -0.149784012149015
0.173406875521649 -0.0523737106099025 0.31293072565778 0.111113833948237
0.142373858484391 0.15404079174343 0.0732690338572811 0.243536822987107
-0.0771533869451433 0.212472253889572 -0.13845234264292 0.102680042395149
-0.179301334474057 0.0824227280403257 0.105690626067734 -0.223667965645682
0.131355278748283 0.0681696458519204 -0.123575139758157 0.325504702317112
0.0711257975858402 -0.0925473157323472 0.196262399692762 -0.0375297382321009
-0.0583842490127941 -0.0966321546824185 -0.0893181657835151 -0.286560026369362
-0.0809418529725116 0.0309868677468621 -0.3859676646117 -0.124406177458
-0.00972732190119993 0.0551747470096301 -0.345809742731202 0.243409258307422
0.0135790268902842 0.0385218135219993 -0.102989967774678 0.332043698568054
0.0289019589673352 0.028875740226059 0.0456673353427291 0.251463656235854
0.0165426148464491 0.0103779239015746 0.137261639488163 0.172083448046994
0.00225103967199684 0.0110361473444646 0.199011953642419 0.144191115118295
-0.0208182778055311 0.00357913975842126 0.209467888768098 0.214863100598119
-0.0141319835534924 -0.0156036577132062 0.0681220215934418 0.328556021691129
0.00541717556227005 -0.0253545604442364 -0.189114452663807 0.346169871261884
0.0683786446483482 -0.0417183495822429 -0.359394628339748 0.270520054062711
0.116541546429732 0.0491417794889621 -0.447444912487319 0.192444309218383
0.0690406732196974 0.175396036033755 -0.396675505560581 0.397050193673841
0.0500591077498409 0.235413404260299 -0.151094752708988 0.275419746673624
0.107961525233484 0.0503125975636693 0.203308307773229 -0.0382791756766741
0.0508439671437 -0.0376103773166955 -0.0577342285468621 -0.332665170276738
0.00649210106338906 -0.0175074827484228 -0.399985518042085 -0.171063465058338
0.02818387284963 -0.0354883881983577 -0.381909952457736 0.220060280358991
-0.000482775012642133 -0.0507995543447626 -0.130505170954007 0.333350920189783
-0.0181945785762754 -0.0360954138890044 0.037588983500302 0.255398722209327
-0.0324971320878595 -0.0498192641973716 0.133630423766179 0.164521280457163
-0.0363751677378901 -0.0627180787442875 0.197119068365005 0.116972502457049
-0.0262217933297889 -0.107115709642841 0.233306595106707 0.169336633210795
0.0575012742932067 -0.114412867665364 0.142523600040568 0.296732978630937
0.129040678895653 -0.0342462576208174 -0.106385407095013 0.359059716979784
0.169546453769542 0.0776526859861733 -0.302770718149421 0.31498300983532
0.107175231797554 0.239394678118089 -0.397223046124403 0.21847102760864
-0.0303810044247505 0.354352263870284 -0.350595842581378 0.346489760277967
-0.0655367789105413 0.369388020901308 -0.133882812427398 0.177969884463603
0.102823405170848 0.21847755145505 0.23305367439106 -0.0564773939648456
0.156310836099935 0.0712699923428024 0.0125861283367943 -0.397897935990634
0.126568080822464 -0.0435715356653872 -0.385313532108889 -0.255995904000187
0.0865383798290856 -0.126502605273549 -0.406261680006456 0.149675586556316
-0.0048222831946552 -0.147495204283608 -0.170867637380545 0.296284932828283
-0.0602426414204438 -0.104816251255457 0.00630396661310268 0.233709036267447
-0.079447010275445 -0.102827882671068 0.109090892084274 0.136466126181505
-0.0731285852389598 -0.118827442575136 0.176093875371105 0.0662680076607634
-0.045943654878925 -0.19277294436205 0.243878346138004 0.0873915835907799
0.0891029520998259 -0.211672892836309 0.229852699950764 0.215565508500121
0.216987448345656 -0.0933111306161582 0.0253845898573008 0.347732605078369
0.289191145628609 0.122826501690055 -0.206540125677191 0.359933877694544
0.149582293876612 0.377009386688032 -0.333625196126782 0.243572575286477
-0.084366316719886 0.487683389421811 -0.279696910950264 0.259897892411235
-0.192402941564474 0.441931647424839 -0.0647722843322737 0.0396157177511874
0.0455467941064668 0.374807714701834 0.280871704163104 -0.0924113281633053
0.222527530408444 0.213669680027543 0.119325002266334 -0.448214101423532
0.250208106287306 -0.0290312569724765 -0.311218122214977 -0.355322357179508
0.158661293207297 -0.193289081456296 -0.394918687610866 0.0322745877383516
0.00568301992832199 -0.232259609909767 -0.210386664860431 0.213790583279254
-0.0890965516219742 -0.165102031614625 -0.0418125239569229 0.18296472104072
-0.114731308946778 -0.139913650584889 0.0676168962129801 0.0889682414684306
-0.101968174744447 -0.151702954246732 0.135815939227129 0.00338572136728476
-0.0687366676890766 -0.241433510271935 0.230069201542666 -0.00879119362801134
0.0862104788820259 -0.281993890071657 0.290722333526116 0.101440759647706
0.254277803095351 -0.165249974289696 0.155823987818184 0.289242263794911
0.377187559199605 0.109987550903619 -0.0924491088568093 0.367566663563095
0.19718386495468 0.437679958890501 -0.273343048270451 0.249081361511053
-0.103689645304898 0.548845337200437 -0.204619476463792 0.138028082375708
-0.292318488837664 0.433024403199051 0.0498201073093299 -0.115181102735814
-0.0510123679688594 0.459154751113155 0.336501103252857 -0.135152146859673
0.212891074761249 0.33717573346728 0.240619284410062 -0.456566015306737
0.327268282700099 0.0250016999697901 -0.172291120871246 -0.425538810816136
0.218047698498485 -0.211476939346787 -0.328100666011935 -0.109541590653127
0.0262138312624964 -0.277897341534867 -0.232635142240085 0.0916745711423505
-0.101308031260894 -0.202039520096137 -0.0970863278382053 0.105296361616817
-0.133432068762783 -0.155709812222558 0.0157688609951423 0.0284686785535732
-0.118698575754544 -0.160674816825348 0.0835578005115204 -0.0609645068392911
-0.0803028051700288 -0.251896263068121 0.19368264450293 -0.0997901598369246
0.0742060292272845 -0.305697991601637 0.311209069278836 -0.0171864161261591
0.252001864898959 -0.201964307244473 0.250093534875146 0.204202953720614
0.397715272847899 0.0872967165900079 0.00484467180627457 0.337234269302039
0.200052864702912 0.434771224119015 -0.223065848091634 0.227950416196727
-0.11595425618357 0.528423614461022 -0.13436829108791 0.00503755313707622
-0.327012713801771 0.34383880002056 0.182266770479891 -0.255408898987716
-0.145844307717628 0.43041224778428 0.389108746963141 -0.170559261010834
0.135251212292846 0.373638134148884 0.341004931965619 -0.411052656934508
0.314497140208657 0.0811183475539345 -0.00814902594753485 -0.437166692111033
0.230321705795762 -0.179717157228981 -0.218969859538793 -0.233475790403682
0.0444511360932846 -0.26857575397335 -0.231292040731893 -0.040205405613696
-0.0942290534041142 -0.203595446544127 -0.147365278946845 0.015305556394117
-0.130874181531785 -0.14779223923502 -0.0362290735170447 -0.0343491659337184
-0.119103545677098 -0.149058678618655 0.0293861064710695 -0.119740268315678
-0.0768253294374993 -0.231404073318051 0.151318369501338 -0.172014394819279
0.0673521333508925 -0.281968656758973 0.305270027317712 -0.109711681106332
0.233621058127392 -0.188976387287522 0.300466429311537 0.126920323479467
0.353409992780447 0.0910885593636266 0.0666309977078569 0.291656963026612
0.142241852396345 0.391898956360909 -0.183423732827681 0.193816548513566
-0.137082169195456 0.435003321755765 -0.066943130746705 -0.115797883524435
-0.282038306648581 0.195874736968048 0.292735456539399 -0.355350634999849
-0.183661635994598 0.302776665492902 0.423426677106817 -0.187883943013994
0.0465992563803225 0.304052235111413 0.394123182873315 -0.340704324569831
0.228245886478884 0.0951890010706238 0.123865757381836 -0.402276321105027
0.183939837127987 -0.120056730627488 -0.111194774409771 -0.313730687185921
0.0471226872731293 -0.208559444407327 -0.214951248192457 -0.15036245927304
-0.0724117895663188 -0.166539836413413 -0.18452507909478 -0.0657979171339295
-0.107921330791603 -0.118807318061982 -0.0800981447171368 -0.0902109714649598
-0.103843348004208 -0.121503657292179 -0.0148402759281094 -0.170984343003712
-0.0622680944409067 -0.188389422542395 0.118977096410394 -0.226979603377331
0.0640078160145731 -0.228280846938705 0.293873514717954 -0.171390655313878
0.206359022604315 -0.140669904558664 0.325620691710018 0.0796578578517398
0.27145523843448 0.113715377399603 0.0995410217751683 0.255363220792924
0.0507552572227053 0.323795548736623 -0.149077904769726 0.158744523564006
-0.161402059866864 0.288990361251364 0.002700502225334 -0.203653974335413
-0.17937366742017 0.0232099167105345 0.350915152755132 -0.404464083861989
-0.158773086099123 0.128218004569475 0.426198027356782 -0.190847304506476
-0.0162326050811631 0.166727784906507 0.402049113566901 -0.282394556229663
0.108248363525578 0.0678082336916037 0.192007072998496 -0.365766029950566
0.0996206812248823 -0.0541875998169149 -0.0502738353200029 -0.350565673919621
0.036399150075153 -0.116129746535228 -0.202102763504069 -0.214150041096643
-0.0405338065775637 -0.10172125718948 -0.207863315371665 -0.120377749148346
-0.0691257159983768 -0.0731704423301589 -0.110832977431837 -0.130773987166669
-0.0753156808853161 -0.0802349862676115 -0.0427560966825567 -0.209241398521131
-0.0436824001209435 -0.127833795517264 0.103283409769516 -0.264205440875862
0.0554270233234197 -0.155167136310122 0.291844460453514 -0.207060352762547
0.166825351747996 -0.0806831801294351 0.341954814403687 0.0628102498477561
0.169802233117765 0.132324440822965 0.116926489582766 0.238468634866019
-0.0423168531501388 0.228350252971319 -0.121079262004025 0.131715257709869
-0.168189257202389 0.11294369330053 0.0709059278978519 -0.248353498291356
0.139638975364174 0.0551743431079326 -0.0930372750872256 0.34207569395441
0.0633051563598503 -0.100720489215676 0.197287092102049 -0.0543131406327061
-0.0681179229297745 -0.0904052833640321 -0.114203511884571 -0.280629309524454
-0.0768976208328273 0.0395803266808501 -0.402359718783952 -0.0907350519807983
-0.00417964492498615 0.0549827469488733 -0.324498167049292 0.277928708808119
0.0170632019299294 0.0374824967951229 -0.0712274898388454 0.344709420895959
0.032276352814281 0.0255659954525222 0.0672481626016686 0.251025855718584
0.0172045679617946 0.00839086761187454 0.152230286577666 0.159500659875554
0.00183777248245162 0.00976371532923553 0.212652375281013 0.12453628090587
-0.0211242848220632 0.00492241207886528 0.23059409316828 0.193496189861524
-0.0154550880925205 -0.0142715361641775 0.099201821099885 0.324922323710364
0.00456801180717274 -0.0255566415439631 -0.159612104423815 0.368074340935166
0.0637180029766866 -0.0474981008045395 -0.338047574865365 0.304290299735969
0.119336076052404 0.038095639902373 -0.43650671442023 0.232348736175915
0.0857152297392541 0.169961951708595 -0.363786452572984 0.435685736802326
0.074524346614583 0.231203590453548 -0.12602844171081 0.294070512495113
0.113978749594477 0.0397240880264622 0.203285422477827 -0.0538375043383076
0.0470872604531824 -0.0417042752864151 -0.085961043867106 -0.33093122799375
0.0060528003254783 -0.0171071539502268 -0.419644269686899 -0.137548475503928
0.0248313032170945 -0.0389661525865848 -0.361595131067263 0.256484826547749
-0.00638685931630516 -0.0506788778105745 -0.0991953256873879 0.347746360171722
-0.0206596847379788 -0.034348025196506 0.0596750523364209 0.253689290334078
-0.0374384938588288 -0.0475760978906133 0.147838457148924 0.152023508154016
-0.0432519737833858 -0.0607102593933882 0.20720994411561 0.0976563850087678
-0.0372497441859667 -0.105717495926057 0.24934750971901 0.145058113082511
0.0461328887106594 -0.119977561219512 0.17121989062721 0.282608232602197
0.12787052257552 -0.0464877443979358 -0.0749028275523243 0.37389708368514
0.176916484455683 0.0629426727098338 -0.277963921711689 0.345593574562121
0.129214603706462 0.229821111419399 -0.382773473541642 0.25377037406594
0.00227873521795381 0.359695333115723 -0.321960758374016 0.383064388626009
-0.0294378663846822 0.377733941889785 -0.118013195753009 0.195556850329222
0.124115526761958 0.20949819851021 0.232127757905463 -0.0733333910103892
0.163033088949517 0.0568327150718703 -0.0213133159260977 -0.402001669715476
0.123151956303301 -0.0540470285605426 -0.411681396966453 -0.22475228385241
0.0750444953049112 -0.135824653114196 -0.394379200610388 0.187554413493483
-0.0202723486929526 -0.147133571473183 -0.143565030294463 0.313747943864415
-0.0695652668142728 -0.0992263864923009 0.0272921518205086 0.23355152265432
-0.0886705000984332 -0.0957810649400064 0.120120544555601 0.125190143213836
-0.0855366566423957 -0.113842350490262 0.179916849175834 0.0483830899711003
-0.0662371251975855 -0.189918364415686 0.251760279876684 0.0614826731975404
0.0678432146532552 -0.221814568068253 0.251561280269277 0.19190163800286
0.210056860751447 -0.114334397511825 0.0562840946979915 0.350494747410942
0.302016298953579 0.0960234111809555 -0.176177016888094 0.383006567280627
0.185299450472269 0.363752401282746 -0.316828715487049 0.275064618959689
-0.0388224793325063 0.500070698241704 -0.25858030823338 0.287498072885496
-0.15066933710757 0.462437741833145 -0.0614250845886594 0.0503773425991183
0.0808358635075989 0.372728325616534 0.276292741312697 -0.112559559976901
0.242975398398624 0.193840014722956 0.0800234593067623 -0.463388415331001
0.249335091518699 -0.0511850201072569 -0.345103014127188 -0.331648568074727
0.139813262728233 -0.210208148428828 -0.394450664359042 0.0681246940558057
-0.0182708789751689 -0.232797392176936 -0.190286838266352 0.234584267345027
-0.10578443370664 -0.156551359931137 -0.025356880298021 0.186496308752066
-0.127362699918052 -0.128470905012741 0.0741018361789111 0.0816515708404749
-0.117592252912547 -0.14373172389406 0.133806333491731 -0.0104227222742412
-0.0933779090918097 -0.236733623718812 0.228172701082605 -0.0328962259610498
0.057430494087229 -0.291898438296191 0.301930407865482 0.0699148535732535
0.239628542498475 -0.18974892437822 0.183197011559351 0.277740945804039
0.389035870993196 0.0736234563716465 -0.0601333068312333 0.382175871119056
0.241489522484416 0.420325001036996 -0.254267512822566 0.276533076282569
-0.05253816277171 0.564847028606134 -0.193546411923802 0.159786152628969
-0.251172979850615 0.463175424415322 0.0389692000104434 -0.116467534515398
-0.00918164961046112 0.465271636356053 0.326722107706194 -0.160701260240142
0.243934813458813 0.318561115089257 0.202474099331712 -0.480683195343539
0.330880900578264 -0.00432279506514498 -0.211126601683358 -0.416680033952336
0.198039086569023 -0.234132092269299 -0.342225367820614 -0.0825840630335006
-0.00290824395828707 -0.281836788573604 -0.224582873292304 0.11367051434441
-0.121206515767236 -0.192088146915318 -0.0871398818150945 0.114613025041036
-0.147301017214818 -0.142088744265179 0.0170854464960198 0.0267606227053899
-0.134217299709563 -0.14991409040547 0.0755586398197495 -0.0703661856723333
-0.106187527385291 -0.24582145551028 0.183699541429667 -0.119848056212174
0.042676334340987 -0.314380330660048 0.310801053403201 -0.0511450862187233
0.233653486328238 -0.22644144919153 0.26943292292993 0.183443375985056
0.405878545542414 0.0489173921683268 0.03446367418353 0.342486259705947
0.243396989064246 0.417430154682705 -0.205659115764915 0.252998119809752
-0.0669330601871674 0.543228557814697 -0.135513042830648 0.0195530274729604
-0.296144773004752 0.374751315829551 0.159599579353117 -0.270299761655759
-0.105546963592334 0.445665120813388 0.376156199898509 -0.202826277155902
0.169075778234103 0.362388175778748 0.306643710545613 -0.444117103968999
0.323845896756399 0.0517915524174168 -0.0468915048682444 -0.442686422721387
0.213270711834259 -0.201584200104982 -0.242764509634149 -0.218786343015371
0.0157978869462791 -0.274334016207045 -0.236529051524309 -0.0188605590584139
-0.114216222698557 -0.194257658389614 -0.146309063891181 0.0297367053973846
-0.143737398821103 -0.134767207906337 -0.0404658259293435 -0.0315758121989309
-0.133534222794428 -0.137876394903771 0.0164711005406874 -0.124370444452205
-0.0996755749871884 -0.225744482728619 0.134943199565571 -0.188957691537262
0.0389532092576652 -0.290711100281587 0.296858772426325 -0.143398444001859
0.216054487254022 -0.210472375186243 0.313982479212151 0.101554025229619
0.361674755529176 0.0566332007584876 0.0928889600836378 0.291556214542959
0.181717659454543 0.379433678799882 -0.168843145598793 0.21449904793956
-0.0967687524829698 0.451665503859302 -0.0784508157067693 -0.108347564803299
-0.264530650519279 0.224415607667149 0.263331586043173 -0.382077817713228
-0.155416608008949 0.321504561022431 0.410356968037624 -0.224305293529083
0.0735991732193698 0.301355701794605 0.366228939044102 -0.378494269712983
0.238582547730779 0.0752206943955843 0.0895376101857217 -0.419959400589556
0.172523698734737 -0.13780654485561 -0.143768563084683 -0.308477546086896
0.0252783294459228 -0.214580498509898 -0.231120911166317 -0.131617689446125
-0.088945382553741 -0.159464051811552 -0.191374485857214 -0.0483561448332654
-0.117735105593265 -0.108171357100378 -0.0897959138178157 -0.083614707536688
-0.115016005915301 -0.110269881541649 -0.0322970727963134 -0.170551809431837
-0.0808686476625904 -0.182979590667567 0.0974840257019699 -0.240075751547359
0.0412071901222074 -0.236063932922971 0.279678745677306 -0.204336343624677
0.193364719233926 -0.15922424996443 0.334736664915776 0.0508268012346676
0.281422239779154 0.0882677795813264 0.123771349791866 0.250561184731915
0.0832937414283228 0.319703405527962 -0.1369094298347 0.174893383251735
-0.133099942244434 0.305169043203912 -0.0169780183652561 -0.203694759004951
-0.176587563020722 0.040689112275373 0.316265615048348 -0.438550799621547
-0.146524778521139 0.143875059292259 0.414469384180436 -0.228228212347017
-0.00133273678867424 0.168237361054174 0.379270351718928 -0.321656617145835
0.115064194202503 0.0584601571357824 0.161788679939568 -0.389688441353526
0.09494800896546 -0.0630119337225146 -0.085998553680887 -0.350786668630727
0.023433128431156 -0.120530919878283 -0.224555841700512 -0.197721459808334
-0.050019065614409 -0.0975001783137415 -0.219962995815606 -0.100910113683998
-0.0745224080771899 -0.0657483255027973 -0.124148365890822 -0.12069216404501
-0.0821914031276497 -0.0715925938427004 -0.0637913875615126 -0.205649586260462
-0.0559450149027348 -0.123661116687765 0.0787582911375175 -0.277014281321886
0.0400048443135743 -0.161754236918726 0.273683806443204 -0.238038903352685
0.159979438611863 -0.096077021107402 0.348960390582402 0.0324745906711693
0.180906049166443 0.116489345888752 0.139115918774342 0.231428434256229
-0.0197884550273325 0.23263760559448 -0.111026163162592 0.145577771409071
-0.157489044740094 0.127956477646738 0.0476313635343394 -0.255491679459153
0.138806915675833 0.0394835524629531 -0.0596290852490203 0.338113291206727
0.0526104770855232 -0.102363419057055 0.188267207545362 -0.0662501181564434
-0.0722541254677682 -0.0795528291384519 -0.130069064841685 -0.261318970899207
-0.0681881513148151 0.0442796563261094 -0.39551222248513 -0.0555005725477399
0.000672510743252761 0.0518599887149677 -0.285517666937454 0.292943259743377
0.0192438742592843 0.0353953735677762 -0.0384934527532338 0.336354470951421
0.0334480606440495 0.0209683627647021 0.0842668015799231 0.236952506266662
0.0168408024542145 0.00606522840767183 0.157100470539049 0.141047254417238
0.00159673270570174 0.00803170098260995 0.212631462301148 0.101819911854171
-0.0202630626940927 0.00583088061450681 0.235122330961295 0.16480957010219
-0.0153899827497082 -0.0124164037076585 0.121712839627959 0.302593031395626
0.00366932894891889 -0.0256568391705711 -0.123831152093073 0.367559928455741
0.0566892390581104 -0.049926426109731 -0.298117070842545 0.317890442201505
0.115217281249461 0.0265088451132582 -0.40146687123125 0.254820347476996
0.0966059330201619 0.154907780967336 -0.313096264373097 0.445678276208693
0.0920074184239444 0.214027609862652 -0.0934735007767324 0.295987150210318
0.112579089593805 0.0272306787186295 0.194011615756535 -0.0646153208762805
0.0409424839519394 -0.0431487557837808 -0.106761695705088 -0.311014749551333
0.00582031916775482 -0.0155783634019877 -0.414438935877807 -0.100253774320524
0.0203390434351988 -0.0401067502609676 -0.323938020352135 0.27366090605512
-0.0109222203172181 -0.0470891967448703 -0.0652224040308166 0.340447995350828
-0.022054817663882 -0.0314553972002588 0.0767347646613701 0.238001121353947
-0.040179253834329 -0.0426406364586114 0.151651242665697 0.133552263826939
-0.048213545689793 -0.0555147055904178 0.203764121861322 0.0761711110448046
-0.0459167750717229 -0.0979636423406131 0.248851825935734 0.116138062009453
0.0333721915269754 -0.118709917849668 0.187009991110967 0.25559211536425
0.119496136856944 -0.0553821163052972 -0.0419372831481783 0.366751013734849
0.173882282082699 0.0454617521988103 -0.238471924958666 0.352663473616809
0.141327482616385 0.208203014902374 -0.348298556657021 0.273021433299611
0.0318442427291637 0.343746361850733 -0.278273785844404 0.393339324223389
0.00554477415708969 0.362999934746736 -0.095485709578403 0.200251210617406
0.136390450942663 0.18864333463527 0.219279029980341 -0.0848082880130572
0.159533008130367 0.0413959467778051 -0.050738809136383 -0.384374679335538
0.113917732803799 -0.0600943581583781 -0.413106198564381 -0.184783040622387
0.0596632202378547 -0.136793718604768 -0.361448460672798 0.21075189021409
-0.0325412079719237 -0.138610915479762 -0.110211383475472 0.311622021716768
-0.0742365155845618 -0.0885919175580831 0.043861703634481 0.22079590478149
-0.0926504392167225 -0.0837145036698503 0.123032378012325 0.109679768522611
-0.0926152684219741 -0.102429598430069 0.172706756931146 0.0306764530688104
-0.0806477746506479 -0.175135765750765 0.24351961852556 0.035516037515025
0.0438019764077452 -0.217216547155237 0.25565441902183 0.159766128444446
0.192251064096446 -0.126546878195387 0.0817388122964704 0.334507077720331
0.295474050413581 0.0661530287419278 -0.138520331408569 0.382390730556646
0.207808732170529 0.331697959315721 -0.284020301612469 0.288917142970321
0.00371014335270578 0.482830637102055 -0.224195667412477 0.297596783718305
-0.103038640266641 0.454432222316047 -0.0539592981980678 0.0574845652644487
0.10901458291451 0.348243699844234 0.257352687010033 -0.12527542955753
0.247077722081266 0.165522562903071 0.0422592545148992 -0.451469548227924
0.23429261085655 -0.0685559875019419 -0.357485989706291 -0.293226289416159
0.115846565458574 -0.212757793299017 -0.373482263542579 0.0959005068971963
-0.039363769739024 -0.221160110920217 -0.162347801864221 0.239516502321233
-0.113532566584347 -0.139769960437057 -0.00836041521765327 0.180005719765286
-0.131641795764721 -0.111978437157959 0.0756149100095364 0.071703921997453
-0.125096113473347 -0.127549244634306 0.123198088544577 -0.0217201664635819
-0.111162277180635 -0.217754998586768 0.21247663549545 -0.0527017773924762
0.0274984168854667 -0.28347048971444 0.293501690194738 0.0373143083527639
0.213343124003578 -0.200439855198069 0.197229276899944 0.254135417357825
0.376739963832191 0.0367837542058424 -0.0271514336140154 0.373320086912019
0.266966577719454 0.379921810207314 -0.224418710113475 0.28683379316625
-0.00413295700560037 0.543806187191466 -0.171562537283346 0.170448040822464
-0.201260303438318 0.463112203269784 0.0276381420590589 -0.111092456486109
0.031100935639391 0.444270440632254 0.301830352255173 -0.174359986067372
0.258440122267229 0.284443800825298 0.157590119642918 -0.477979740018774
0.316905635389104 -0.0309594299510086 -0.23485598928347 -0.385533608200766
0.168031206419429 -0.240607742008612 -0.335203105697997 -0.0531533005702177
-0.0294113692980819 -0.26833491966445 -0.20595350041702 0.127416205766968
-0.132256635389206 -0.172407497809818 -0.0737566125934492 0.116386764538347
-0.151346523035566 -0.122793756667121 0.0165864579113212 0.0239052444386954
-0.141794717121301 -0.132131845578368 0.0632490383583302 -0.073828480794122
-0.123737317177672 -0.226002018990071 0.163157722824475 -0.131617827366609
0.0116183276328407 -0.30388375324335 0.292089407347066 -0.0804119565944273
0.204087378503423 -0.235566055211119 0.272101482495087 0.15561453849129
0.390800798512197 0.0120029394077716 0.0603744783082779 0.328896512688537
0.267828501204373 0.377127157472735 -0.177742072922744 0.26152637009378
-0.0184379616709818 0.526151723000086 -0.127649078586087 0.0310001801112006
-0.249702051585766 0.383196302922664 0.130282327309301 -0.268988635206469
-0.0638205853670222 0.43359683253683 0.344719830882205 -0.219311407397068
0.19014981932558 0.33310941865402 0.257798352535464 -0.45085622113355
0.314540305187564 0.0233013567964607 -0.0804092224540068 -0.424011899787488
0.185884711771683 -0.21085668173211 -0.253524601438699 -0.190892850257517
-0.0112551606552663 -0.264189415396249 -0.228691085891868 0.00145261521805483
-0.126090913926411 -0.175324837330352 -0.136621599990667 0.0407513287501524
-0.146751306810986 -0.116385226429513 -0.0424358409582621 -0.0272810671657736
-0.138791107336152 -0.120084466207541 0.00276732628278992 -0.119962222045456
-0.115216606234623 -0.206764781204529 0.111985096340902 -0.193860474308087
0.0104783194654816 -0.281837991054529 0.270234146468171 -0.166784410507932
0.188850454335406 -0.218903618682185 0.307603497129935 0.0730118001383436
0.348607212173349 0.0237030358492484 0.111896030294533 0.275586192594374
0.207011439872093 0.34630043192054 -0.145806611836012 0.222818399091691
-0.0552871759872541 0.438095790611928 -0.0838670233643582 -0.0956685946876547
-0.23261322854619 0.236651089906917 0.220872044556709 -0.386366428501401
-0.12158183288234 0.320420786643775 0.375808927669939 -0.243959841924766
0.0939343228665168 0.282288212183931 0.319771180579536 -0.391336752148184
0.234612646771307 0.0529983224301067 0.0529765963343313 -0.410604002816284
0.153286392868951 -0.146292517139027 -0.164893750617201 -0.285879066503906
0.00281163578697336 -0.20681384832363 -0.233472678720606 -0.106855305654799
-0.098893147496437 -0.143840697034088 -0.18688870989073 -0.0295015898050981
-0.119994379448546 -0.0926908237740233 -0.0939266393845718 -0.0714520911120765
-0.118456542210278 -0.0945247174834833 -0.047105618734151 -0.160445773692313
-0.0929597106387518 -0.167369315324728 0.0717387122082841 -0.238739975555816
0.0179094104908001 -0.229335288787677 0.24927335672293 -0.223119191952584
0.172029540091501 -0.167052769097117 0.323349034481484 0.0216126034438028
0.273953925762445 0.0618981847406701 0.138438912088113 0.232943942374408
0.106531837311781 0.297664929123481 -0.117405715299865 0.181618358735828
-0.102603268697694 0.30230587969539 -0.0329096094125225 -0.192796905112885
-0.163795037755728 0.0539690608541098 0.266313334050935 -0.445713133970898
-0.126732906445107 0.149277008011122 0.379379387120309 -0.25019153155103
0.012035677157636 0.160869444052165 0.337496978092667 -0.337779951245561
0.11561466077065 0.0468478844681789 0.125034033965309 -0.387688603928348
0.0849814398689497 -0.067933139719068 -0.112823780365049 -0.329768955092837
0.00997517381006956 -0.117392488693095 -0.233269941171788 -0.171094288021697
-0.0561924534766165 -0.0889517344883017 -0.217428958669367 -0.077146161314587
-0.07541118266737 -0.0563222514130524 -0.128834065778892 -0.104727856311999
-0.0834598949092413 -0.0595908997074367 -0.0788722963029999 -0.191668531723823
-0.0637963743091622 -0.11272608254858 0.0514713082242533 -0.272106645640183
0.0234318829777683 -0.157987694853287 0.240381214367836 -0.252849441684065
0.145350488057071 -0.104534898108091 0.336268540600424 0.00340169418889849
0.181478712376269 0.0968045058323167 0.150096624244561 0.212838580252954
0.00135320276208802 0.223532148581128 -0.0945807843305353 0.149252596001105
-0.140761040229845 0.134308817400787 0.0239570213097052 -0.247519459614273
0.132175711815426 0.0296721158998954 -0.0390511067794674 0.321107844440566
0.0447203991685746 -0.098499902582366 0.177320553240356 -0.0697368429248082
-0.0698706460905163 -0.0710859366056046 -0.130709668425312 -0.241273587302395
-0.0598599942961098 0.0437097423702962 -0.374485658468324 -0.0370777070829674
0.0030956575308479 0.0479671628703631 -0.254871954635995 0.284766620574668
0.0199154070112749 0.0329327678429216 -0.0213017036860495 0.315919449438521
0.0324184947996983 0.0162145996490382 0.0877896572391999 0.220518381710614
0.0154343302429285 0.00437988217513933 0.152320752586388 0.126703062253568
0.000453121038302253 0.00787762949274721 0.201063726502289 0.0859907029516118
-0.0187217669651799 0.00646447048518441 0.225532148881775 0.143256602053943
-0.0141702845063945 -0.0109430281066722 0.125464655340859 0.278842440989202
0.00303391904308233 -0.0248458907788982 -0.101334280595249 0.351008693924501
0.0505465591835639 -0.0482261338297355 -0.266915515164621 0.306029422098411
0.10674763203853 0.0200637931006042 -0.370465359129243 0.25074526764061
0.0961853046649569 0.141118195877301 -0.275731131716141 0.427964619568054
0.096077996654396 0.194363350738135 -0.0732599190481616 0.283528386754804
0.106212042057449 0.0198189079597817 0.182578836782596 -0.0663276996446194
0.0361302973931191 -0.0414378098497436 -0.1105280850204 -0.288848100015004
0.00587062621319549 -0.0144121950071701 -0.393101276802103 -0.0789709649940475
0.0174211121702517 -0.0390455946581311 -0.291260981029735 0.269890278792242
-0.0121964072334677 -0.0427387635565038 -0.0470007929690267 0.320916746081798
-0.0214185000753817 -0.0297259719189775 0.0803383458364089 0.221387764689023
-0.0393069053015483 -0.038549030258393 0.145788317675628 0.119229501047499
-0.048497447591931 -0.0498649801374554 0.191360552148091 0.0626767906370788
-0.0478499071548536 -0.0898635222501741 0.23546316519588 0.0965331380320272
0.0258968071601478 -0.112106043259109 0.18501654336785 0.230165900137372
0.110359718749112 -0.0571340184645528 -0.0250914667886289 0.347712218411114
0.163377884151387 0.0361923265625811 -0.210884742815277 0.340121044121528
0.138591193166407 0.189082467469842 -0.318426161013953 0.267864399238514
0.0431250501795209 0.320573290493102 -0.245373455695555 0.377543603373272
0.0220602217271679 0.337479644269972 -0.0783949804079132 0.195157653682879
0.134766623994754 0.169424523845594 0.205039684741736 -0.084658616079961
0.150152040866978 0.0323548681857672 -0.0600687200855246 -0.360216712918793
0.105167868048609 -0.0605902538325301 -0.395767550502413 -0.158179725176086
0.0493114325171579 -0.131007176971136 -0.328471226945736 0.21128650771145
-0.0379280684354191 -0.127344581126407 -0.0897191443805133 0.296044363743363
-0.0725752488422113 -0.0798143722615662 0.0497928294067029 0.204922290525337
-0.089668895846429 -0.074503867186438 0.117554658599636 0.0976896769583465
-0.0920514830024865 -0.0919593892050262 0.159794487471051 0.0218826145497392
-0.0838490991117477 -0.160788174776465 0.22628364122907 0.0214740942743622
0.0300860433837074 -0.204743555056521 0.244687718613603 0.13614794478754
0.174944571336594 -0.126540048695898 0.0884896399535689 0.311488268613053
0.277810607607275 0.049350251539534 -0.115568062162721 0.36470923378151
0.206551209993383 0.300352385568845 -0.257504992701731 0.282388937124288
0.023197893051775 0.45209694629396 -0.19691970346478 0.289422666221776
-0.0762408022012289 0.428052833683866 -0.0462165332798131 0.059911769325047
0.116295026496331 0.319552165616001 0.23942016271621 -0.122279385998865
0.23660654421848 0.145169041501581 0.0229830627074729 -0.425534423431385
0.216700794593303 -0.0732316936268134 -0.34604630185493 -0.262258065954024
0.098038818959621 -0.204238113340598 -0.345437053239362 0.10260129525489
-0.0480345074753537 -0.203893554763908 -0.14206300265289 0.230038245470646
-0.111549183174904 -0.125123567521222 -0.000540471415966239 0.168008814446381
-0.127324923689323 -0.0986373945467777 0.0718386420198143 0.063771157506397
-0.1232818874699 -0.114375067117189 0.111613425866892 -0.0251334209561336
-0.114702450699636 -0.1982089248259 0.19393775990057 -0.0598436633910421
0.012227216582504 -0.265810030091425 0.275078358641214 0.0185954204169661
0.191382925314928 -0.196963009283096 0.194123477802047 0.232239257846775
0.351202346882962 0.0191570660158297 -0.010804750134464 0.352993880259036
0.265362412536466 0.342796183512136 -0.200352582803874 0.278624978142316
0.0182178795387267 0.509428820043524 -0.152772705654711 0.167414807069687
-0.166689013411652 0.440724456453774 0.0224994199886104 -0.100645983868884
0.0470454104544969 0.41268012757768 0.277715831002614 -0.169706082609337
0.251683717164084 0.255710474303163 0.129431293114741 -0.453771659239736
0.294465369685763 -0.0421321516421548 -0.234992935722226 -0.354319387392923
0.146720643303105 -0.232012949981544 -0.317526338763563 -0.0378021974111453
-0.0417544595512192 -0.248985762745546 -0.187875162163813 0.127386335132796
-0.130644345451851 -0.154706397670139 -0.063858021113089 0.111319949298216
-0.144666747066693 -0.10801792845049 0.0153150910960878 0.0219747724907028
-0.137862706486326 -0.117172343713769 0.053083719572769 -0.0708978030717902
-0.12655212765547 -0.205766071368218 0.145039450279481 -0.130951703265085
-0.00469617441536222 -0.284813131190289 0.26688051861708 -0.0912579665380259
0.181448700931538 -0.227826570031886 0.26064723132288 0.136547223136043
0.363231468675802 -0.00427296189044504 0.0696715785779289 0.308144300468263
0.267790239787298 0.339101573205657 -0.157156283044242 0.254239189957128
0.00480265121966749 0.493950139057319 -0.116519903157554 0.0350423243146944
-0.216728878741733 0.367837723815948 0.111293458121499 -0.25270085956731
-0.0416414396564854 0.408319286156229 0.316044991130583 -0.214137531912845
0.190934901096327 0.304660756544602 0.224511390112295 -0.431020578086973
0.295827746759261 0.0091897072315707 -0.0908354136775509 -0.396187749923413
0.164589090168672 -0.205569980719537 -0.246984352418365 -0.170123117332154
-0.0241867387261021 -0.2447748656904 -0.214731945809 0.0102930674803738
-0.124787978065092 -0.157674937646499 -0.125828673732383 0.0431290950870516
-0.140025134709395 -0.10200901190546 -0.0419027364218571 -0.0227643454956355
-0.134209724720185 -0.105341221504319 -0.00491908494268938 -0.111769460280438
-0.117073244411672 -0.187804477380242 0.094545810015807 -0.185572120822743
-0.00433475869838396 -0.263097233265648 0.243598111952189 -0.171214419904554
0.16762958628475 -0.211663839264893 0.289774323894032 0.0574874670293699
0.323414930697319 0.00798142522621763 0.115343283834534 0.256526784911391
0.207639688356315 0.314225673325869 -0.127226562292962 0.216468387863415
-0.0332069686711947 0.413057581053131 -0.0809211509512379 -0.0854803993417609
-0.206302307248563 0.229895639777864 0.189983392401916 -0.366068996151905
-0.0996632454552462 0.30397321010969 0.342763672615083 -0.23856573476038
0.0977419966224455 0.260446544011072 0.283625668996344 -0.377384734262498
0.2217820215208 0.0403449635642512 0.034025901000251 -0.388399042512185
0.136848412998288 -0.142794722380779 -0.167861544825787 -0.261991405593279
-0.00837734276124362 -0.193015446290102 -0.224868035399827 -0.0900400482180146
-0.0985117824986439 -0.130182387672415 -0.175248076844928 -0.0194519561448619
-0.114129120432803 -0.080793454003678 -0.0911263560459642 -0.0634100159540986
-0.113392646569895 -0.0816942012007934 -0.0518720253670169 -0.147736743756619
-0.0946455856126211 -0.152204401404424 0.0566080555387273 -0.227001092133841
0.00577576804172013 -0.21494090296246 0.22238204976967 -0.222260189519637
0.154220041795784 -0.163436132330346 0.302925076555772 0.00844635493610243
0.256891170681655 0.0467994100812283 0.137519717585472 0.215156210305757
0.112331647250793 0.272965526741255 -0.102169444559893 0.17696372735924
-0.0841516650529318 0.285025493011373 -0.038434372479901 -0.178744966876462
-0.148991106018513 0.056634311629534 0.231457001048737 -0.425233615239263
-0.111234444942683 0.144274363806376 0.345901687994446 -0.247477993571855
0.0159142989967423 0.14984727185304 0.301921989454928 -0.328089275986943
0.110303098596114 0.0393326355935951 0.102104659716553 -0.369696257886516
0.0766632626957253 -0.0666461594068577 -0.121229540915063 -0.305178677493606
0.00233730769720109 -0.109558815105676 -0.227585892822829 -0.150217433007437
-0.0560989996840517 -0.0804684485671873 -0.206806051599811 -0.063082010468941
-0.0709929814201352 -0.0485432255521577 -0.124619780404919 -0.092737798650674
-0.0789313544225635 -0.0512364758476254 -0.0821525809222205 -0.17565013722123
-0.0642818947224402 -0.102212008292182 0.0362639641644532 -0.256803930182927
0.0139393026957661 -0.149198173242109 0.213568280342348 -0.249250831356658
0.130524079142715 -0.103486885095076 0.314775187648112 -0.0099877050369934
0.171998006577456 0.0833096411140734 0.14786671698823 0.19575678759668
0.01075960596478 0.206959762876645 -0.0827205451762049 0.145331037859779
-0.126460724111919 0.130147750447718 0.0107314468263457 -0.232069441550818
0.125650349863472 0.0268260041659409 -0.033652586780848 0.307620060201316
0.0415348268527089 -0.0941999832768978 0.172300252353792 -0.0661874401584227
-0.0657287753395371 -0.0666877243195608 -0.12266178092662 -0.231241795767116
-0.0551475111605841 0.040899390283473 -0.359232565142008 -0.0356517213569194
0.00292760994143293 0.0447428937014168 -0.242485240059493 0.270808793345681
0.0191695037754618 0.0314590915541405 -0.018669346206876 0.300638014647344
0.0309812759495243 0.0144927602422287 0.0845402483919868 0.211595469078
0.0144652334088981 0.00327127404594399 0.145120714166307 0.120881246566244
-0.00053580417981325 0.00710988983524537 0.191136977034879 0.0830081181550461
-0.0185396931690258 0.00540689929845578 0.213543085723738 0.135332468799567
-0.012973615228601 -0.0104394042785853 0.119357175462319 0.266432708876884
0.00353164434195326 -0.02395554209242 -0.0966777374006284 0.336033161481418
0.0476160195595975 -0.0451324774866694 -0.256074020610842 0.288294202548627
0.0997630241098681 0.0206130786992784 -0.355750907681162 0.235645562498998
0.0912423639516179 0.134082349733546 -0.263925624965967 0.405040055158906
0.0916224612559888 0.182889778491124 -0.0656832949313174 0.273692010860051
0.099680147383488 0.0177278628900739 0.178454093723662 -0.0619301526652856
0.0342807805800202 -0.0388762798121902 -0.103324007872506 -0.277056738565416
0.00706007243151414 -0.0137883656519259 -0.376468677464136 -0.0761986875822524
0.0161606077950809 -0.0384841897214376 -0.27696415539483 0.254471551184895
-0.0120403655746426 -0.03987111837275 -0.0430848114590499 0.304339569145665
-0.0201453187978128 -0.0284812808869857 0.077013425691299 0.211575740237385
-0.0375251285990502 -0.0371827033258438 0.138392905042205 0.114409280768428
-0.0472738844191252 -0.0475378732903652 0.180938730328046 0.0602388028742985
-0.0470490953219066 -0.0845856574660087 0.22263584905747 0.0912704802974867
0.0244534269907112 -0.106110506139047 0.175533756155196 0.217885467228799
0.106093862882437 -0.0545535374145522 -0.0234943284226327 0.333062404962347
0.154088539324445 0.034527627337068 -0.202463646797528 0.320972769560964
0.130283804617484 0.180087914485041 -0.30574284246815 0.25472100028
0.0408994969786628 0.304996198967147 -0.232989477248325 0.360504847257271
0.0213522145240016 0.319407896136763 -0.0717882337500216 0.190171298314235
0.127667302886421 0.160019181006427 0.19993314245961 -0.0778437853389299
0.141924206710744 0.0312982569906696 -0.0552926784988368 -0.344860233688159
0.100863425262147 -0.0572399951868499 -0.375303384456473 -0.15257611233795
0.0462773695522793 -0.125378159534118 -0.312767316042377 0.199145007872742
-0.037059142012565 -0.120381780794554 -0.0853966418127814 0.280907192528292
-0.0690527557976113 -0.0762871586092188 0.0471523732883914 0.194618807136772
-0.084725949456467 -0.0711995042112155 0.110983987949641 0.09371992434918
-0.0885818933753851 -0.08734245033102 0.149907796312789 0.0213082908428721
-0.0818732332059467 -0.152522148282316 0.214236461128447 0.0193585293083012
0.0271853961000004 -0.193654300996251 0.231712479159888 0.126893903389511
0.166463875182211 -0.121098425986653 0.0842709417396034 0.299430690380624
0.263213418547671 0.0472660162684076 -0.111363282921142 0.348545356444885
0.19491340587134 0.285974362152831 -0.247309583309799 0.267487590644676
0.0211697340431516 0.432597015689345 -0.186592716678154 0.275227458216605
-0.0708119685040092 0.404895142093431 -0.0416064885711583 0.0616756751391859
0.110893195955039 0.303116786936385 0.231602433662742 -0.111375478496634
0.223634101076884 0.138351813765061 0.0249610773175632 -0.406125109452603
0.207561470574818 -0.0698567475266721 -0.329561890712729 -0.252314456376948
0.0919799867541757 -0.194792044108241 -0.329923776822449 0.0972368704324953
-0.0477446558203689 -0.192231594625685 -0.134929397504613 0.219046698584334
-0.10635025440767 -0.119155494347602 -0.00132287003253024 0.159403889181539
-0.119850046895071 -0.0938019676956726 0.0675764095145795 0.0612533834193429
-0.118020635311848 -0.10795673956247 0.103275777087172 -0.0226088318790457
-0.111057055100855 -0.189349586845282 0.182289559119906 -0.0577491331960255
0.00890258400124322 -0.252042564173134 0.259070309688608 0.0142815350182445
0.181892100077962 -0.187619338107014 0.184820975183923 0.222813268271337
0.332807233175212 0.0176978754711028 -0.0116797376251148 0.339225521316986
0.251869844035582 0.324478851736044 -0.192606415522115 0.266813308327135
0.0184926885601212 0.486452630107619 -0.143890226503553 0.159102621401149
-0.156504663050492 0.418485899387947 0.0229364858749829 -0.0920042887056911
0.0437190457960329 0.392892575301918 0.267750260304328 -0.15601795573166
0.238569940907006 0.244497147135934 0.125563634386192 -0.432226193619748
0.280700174414837 -0.0402673535145432 -0.222807882258455 -0.339337648525482
0.137745301291125 -0.221205545330605 -0.303137579971345 -0.0369924249834973
-0.0425606003424262 -0.235127255070531 -0.179602523584003 0.120899147732117
-0.124560101192181 -0.146380802924227 -0.0602885926862851 0.104851147251371
-0.136284975498407 -0.101865986211483 0.0137092368347033 0.0206391052948023
-0.13098637836258 -0.110220254677303 0.047783926727603 -0.0665190150616841
-0.122195531970801 -0.194670431722873 0.135754895902961 -0.125875994681503
-0.00693505299120387 -0.268886131199332 0.252330000793161 -0.0908755478178079
0.171436767484983 -0.217262910230456 0.24857999082336 0.131928663001426
0.342791634631023 -0.00450795321095708 0.0662666537792022 0.297257156623109
0.254719662257277 0.321860464736378 -0.14995915826492 0.244186418299204
0.00381824666793627 0.470283863021848 -0.109536653786151 0.0337888777366194
-0.202649425797434 0.348719845912482 0.106699736302676 -0.238186758051955
-0.0384016657004045 0.386883990202903 0.302318244438307 -0.198408949803531
0.179070280587069 0.290260669754046 0.215072018484173 -0.409531242246527
0.281774184966553 0.00865575289369204 -0.0856874952149136 -0.378677133127503
0.155484429841435 -0.196025701753337 -0.236687352308655 -0.16252537631247
-0.0265826450627125 -0.231683180336547 -0.205859238748931 0.0112305359958489
-0.119770386639146 -0.149156717281776 -0.119824514163675 0.0412440493082096
-0.131605415485366 -0.0963638698769972 -0.0404160186108012 -0.0214558418435759
-0.127114511941324 -0.0982479937564969 -0.00642643268486875 -0.105850046156753
-0.112858378020405 -0.178884603453829 0.0882452054061758 -0.177837399066136
-0.00705804859717758 -0.24987980804478 0.229397177319141 -0.1658598382965
0.158963654391375 -0.200748910902423 0.276380903518009 0.0563582978938505
0.305940853752208 0.00851178114198032 0.109264166028303 0.247861504671868
0.197781462689393 0.29710553872932 -0.121055670356125 0.208621474050176
-0.031469046597802 0.392113320069118 -0.0766062693046772 -0.0813253436955398
-0.195038048034222 0.217449706542072 0.182546239680715 -0.345375977613863
-0.093816180183372 0.288652861676864 0.327226481706897 -0.223322472471152
0.0923332574127609 0.248380123037202 0.271025359667717 -0.357012135756992
0.211307759975906 0.0379575523346326 0.0345155147407202 -0.370377544605203
0.129471819465367 -0.136557127608939 -0.161378013694417 -0.249535581522769
-0.0118430427726336 -0.18261449097113 -0.21636627477855 -0.0844346950579022
-0.0942581981830584 -0.12348319105833 -0.167585775138332 -0.01861032198201
-0.106866730083507 -0.0766456313356761 -0.0869297468222892 -0.0603594808367348
-0.106273787522752 -0.0764368537429302 -0.0508484547832897 -0.139199304678118
-0.0905981198637855 -0.144476883133709 0.0519040332185273 -0.216978213936684
0.00324599813951149 -0.203887501638541 0.208862380105667 -0.21434468780954
0.146228185131325 -0.155648810177253 0.288942175304499 0.00936053007478676
0.242463388947818 0.0454772046691545 0.130310828815555 0.208322507133054
0.106915932202988 0.258227694061096 -0.0969100465697263 0.170406551397346
-0.0806553229307107 0.27174624186289 -0.0369917483095972 -0.169449454311069
-0.140457638320718 0.0533705195302601 0.220564395725744 -0.402581258145931
-0.104065730153541 0.137422360185964 0.329532531072538 -0.232415198010414
0.015448602480246 0.143359512251536 0.289104517000254 -0.309773288304488
0.104878054142358 0.0378898154611889 0.0981097280417555 -0.353056129765147
0.0727791939931772 -0.0634873896733326 -0.116744626812094 -0.290895889154844
-0.000475890107792172 -0.103257131733458 -0.218305092536982 -0.142166233901571
-0.0543090685537746 -0.076057227247969 -0.197556378761252 -0.0591021962110062
-0.0656520650656857 -0.0458425262828296 -0.119095842467034 -0.0888734021278427
-0.0728245210097239 -0.0473266462391071 -0.079029830565144 -0.166500435263805
-0.0608154874861537 -0.0959568887158284 0.0339993622027309 -0.245741750429276
0.0120342436935743 -0.141680549721004 0.201540407176242 -0.23875427878141
0.124167627819162 -0.0990161128297274 0.299692356508042 -0.0087204343749933
0.162645335279257 0.0803421326810033 0.139899853741894 0.189155878582698
0.0104263731692286 0.19590659669964 -0.0781823216813561 0.139451902199569
-0.121011955461767 0.123042538104353 0.00901941974127454 -0.221105229447371
0.117844522344929 0.0404779611852018 -0.0771982859520624 0.306346061564717
0.0535103355207355 -0.0843840615736139 0.186500229163924 -0.0359643789292544
-0.0529029815317837 -0.0737396974387741 -0.0805042356174618 -0.246610103695636
-0.0587484778371562 0.0282984534185229 -0.343841518334517 -0.0863304347577543
-0.00603408111982143 0.0418064962830817 -0.274183800006095 0.226845160502639
0.0155581497810646 0.0332760339803809 -0.0634973146790426 0.291766794424075
0.0287746974600532 0.0182969893349001 0.0535168137894812 0.220023182022768
0.0141645630707434 0.00507907108198737 0.121711651173094 0.140934176907635
-0.000384024394661987 0.00577513592906197 0.174019251758195 0.111885927133642
-0.0170376641071705 0.00206857057047982 0.18675982642692 0.166004367014232
-0.00665594128701999 -0.0113623327204371 0.073415495330425 0.280918003129973
0.0123733033706357 -0.0210955689376321 -0.150408072960015 0.315600210935813
0.0540869439864233 -0.0275960718207544 -0.298203752191831 0.235741860519392
0.0916607621166827 0.0423513059429027 -0.389887940679421 0.168171428000714
0.0702291226139736 0.148767148484586 -0.330338785190707 0.351776222985455
0.0656070509927622 0.187437660039906 -0.114176570942581 0.261614498995343
0.0929498756234905 0.0323564902823883 0.184496628876288 -0.030395451073037
0.0398420521879249 -0.0312693242459723 -0.0600827618922101 -0.284738860291086
0.0110631808119358 -0.0130662933324154 -0.356002876705816 -0.124688595807706
0.0195772165069721 -0.0355582830848447 -0.303565964200213 0.210718961260967
-0.00418138494088049 -0.0413188787394391 -0.0844707486165409 0.294538801057285
-0.0141299778339393 -0.0319551825114352 0.0466746321199221 0.219598317419237
-0.0299285113514422 -0.0425903866441722 0.115414862346711 0.133290308611336
-0.0371810681038091 -0.0545502648173997 0.165784325763761 0.0881668159272271
-0.0313225542436816 -0.0899864456445635 0.200424627974084 0.123632234921747
0.0434652936509504 -0.0986324911168364 0.13373366108965 0.241208288535794
0.116887150265976 -0.0344881197279867 -0.0789121169190864 0.32544372255792
0.14553085471264 0.065574303384298 -0.250183391670135 0.2769100267632
0.0961161660760932 0.199958316069709 -0.340546492818529 0.192089558565647
-0.00775260926354811 0.307667831623322 -0.289647844046846 0.312864574368322
-0.0200457670113431 0.311123872094816 -0.113886867167807 0.168866940900026
0.0989170372016781 0.173780803994601 0.202212266876132 -0.0440866073535294
0.132725112523258 0.0528818217847927 -0.0108523455421684 -0.341101393303907
0.10839656694491 -0.0399903450060688 -0.348158354408336 -0.196168937377579
0.0626043324517401 -0.114679446440776 -0.332472918599468 0.15607663946817
-0.0167604752387895 -0.121990270762093 -0.119375132491435 0.266175711585052
-0.0547587213578232 -0.0852962919619042 0.0200518476199189 0.199988416255377
-0.06997272733804 -0.0830851536840846 0.0925523223195129 0.108653588698918
-0.0707375442514347 -0.0988736899043512 0.141136305334917 0.0464911326019321
-0.0553752137187959 -0.160357525467851 0.201320341444849 0.0526429111992585
0.0586923605500893 -0.182960701283103 0.201022534935962 0.159846118108599
0.186578386393783 -0.0899510832612888 0.0315541758585144 0.310417071007296
0.250382917372278 0.0928973457939068 -0.167113665227272 0.318499009344784
0.143141570011125 0.310565672395155 -0.283426923262305 0.214256738655241
-0.0477689068418591 0.425359239380819 -0.226830923263372 0.23492170036329
-0.121805698051973 0.382988427758335 -0.0698015908504415 0.0384578556913043
0.0606920211799728 0.309495565367768 0.231273708290544 -0.07612981290082
0.19563943933964 0.168828252847613 0.0674179276465601 -0.390170558101518
0.212645237571744 -0.0343341978290141 -0.292329025167362 -0.283742700934958
0.118793242269705 -0.173666267420709 -0.33598389867635 0.057629941994207
-0.0172337703666669 -0.193314581827191 -0.157309679224643 0.200304833013097
-0.0846921804922211 -0.13324303340092 -0.0214204955021035 0.159503341472641
-0.100657011592134 -0.110051994517608 0.0554375024575258 0.0694633459096263
-0.0961492255865869 -0.123382592594672 0.101722998501986 -0.00443201685253334
-0.0788919035576075 -0.200142450749559 0.181755640686693 -0.026697215869262
0.0484348827395668 -0.242839926389908 0.244901720421831 0.0525195184508245
0.210809041213305 -0.154094094417146 0.141710077793889 0.252693368041217
0.322154196633055 0.0722299734554339 -0.0694500141550159 0.325581966962348
0.19260752462518 0.356389932418781 -0.227297497423571 0.221250078556829
-0.0619465855364354 0.478989130673201 -0.164175944464744 0.128669761785612
-0.208042308860539 0.384390032830316 0.0159777455712599 -0.109526453218676
-0.0162037991395531 0.388491657153255 0.270404141524626 -0.120034531975716
0.194126387505446 0.275238828513024 0.16497240205795 -0.403301226023833
0.279304126715379 0.00616123015727799 -0.181304595009044 -0.352832574941553
0.167513557760375 -0.191353975444974 -0.294464858569006 -0.0671517121109478
-0.00591090892757317 -0.232246822736144 -0.186186388319937 0.100535165619479
-0.0993101119640002 -0.161873920082541 -0.0721228201147792 0.0992737866941865
-0.114832985746214 -0.120896137859116 0.00906106454133973 0.0219038596328025
-0.108848167953062 -0.127176253244649 0.0543945082148325 -0.055194927553405
-0.0884995830510821 -0.208096426295705 0.14706624087631 -0.0999082327508467
0.0345430407313409 -0.262867398727306 0.254614012443904 -0.0504176626975531
0.204047571539075 -0.185850391125021 0.218678863293022 0.17328726626928
0.33556900032783 0.0504559523180901 0.0135744887333919 0.298435983074739
0.194959152651966 0.352527487537315 -0.182072125481025 0.206565988463731
-0.0738081999488844 0.458450092129948 -0.109718776928427 0.0103437884079254
-0.24463428855463 0.311597013501757 0.123940040843119 -0.241359457996751
-0.0954776434115648 0.370890913410551 0.3132936936615 -0.159118349781861
0.130861436045142 0.312353487299573 0.248326438416602 -0.372976904512741
0.27234845165584 0.0539528004972332 -0.04319565907589 -0.373826937334855
0.181466487440683 -0.164475710371859 -0.212716397156802 -0.181079408971645
0.00792474705009452 -0.227065889122546 -0.197129091378923 -0.0111901681477859
-0.0940145680947688 -0.164062583652513 -0.121424516344787 0.0279704646549742
-0.111848692158647 -0.114986176287946 -0.0365381943050357 -0.0278003318167186
-0.105981792712185 -0.114813256850452 0.00769190674955077 -0.102189428719629
-0.0823177269053646 -0.190479236936522 0.109822790010883 -0.157721851708353
0.0311420743281019 -0.24393992977451 0.243627085096795 -0.128454639896259
0.189027699080018 -0.172975716621208 0.258389125965811 0.101978071544667
0.297013991821253 0.0567143694957945 0.0649396740536276 0.257645036303231
0.145418540861118 0.320139517795355 -0.14565415581026 0.178037811023119
-0.09729936571962 0.37590658479999 -0.0582610534744021 -0.0974448831993062
-0.218091965990568 0.185535973974274 0.220080224397007 -0.331413654644696
-0.134161475942938 0.26661990587633 0.346283313426877 -0.180481514562669
0.0518842179834626 0.257750434593456 0.302452966457211 -0.316028998173011
0.199580118027582 0.0710195764837608 0.0741518922088615 -0.353078607912064
0.14792672207742 -0.110844032903091 -0.12804078040506 -0.258797885696353
0.0151309535357058 -0.176329971855301 -0.195596024648962 -0.107025854999708
-0.0745750516206239 -0.134406570606584 -0.160951329911303 -0.0369085389322588
-0.0906070200549315 -0.0913960947426775 -0.0759025882721567 -0.0730141831553343
-0.0905173598154042 -0.0905468921692336 -0.0298238920421829 -0.142473422700337
-0.0664391541416148 -0.154358920571152 0.0808843476346233 -0.203126053016761
0.0339304796760282 -0.198619657284876 0.23235556794203 -0.177512959414927
0.167827151404803 -0.130376104055 0.278536356289345 0.0571529620512562
0.230336778286066 0.0823265419076658 0.0915990051790032 0.222886422096406
0.0632500267335858 0.267095117141036 -0.116186882932955 0.146498802488837
-0.126402471653896 0.249753165232151 -0.00555019994435496 -0.175813517009632
-0.142835285970292 0.0338238783161243 0.274534645960845 -0.374627350247671
-0.120086748967414 0.118598919550198 0.354860463562301 -0.187124236599759
-0.00765274482349662 0.142872687276579 0.319980824420419 -0.266571265564304
0.0969253263863225 0.0541294440448991 0.139739099192677 -0.328208095052135
0.0815275792541029 -0.0501154318189007 -0.0771581209006731 -0.295614414489951
0.013777917553125 -0.097728400498454 -0.193614773240464 -0.166309611121029
-0.0432644307655944 -0.0818508039361014 -0.186200324727874 -0.0815674254548556
-0.0563236190969022 -0.054972547216349 -0.103021636685926 -0.105511821057287
-0.06329121105681 -0.0558757614817922 -0.0524727647657021 -0.173465289929698
-0.0452351374611561 -0.102821644495808 0.0687197844675548 -0.23398236644695
0.0320988539402971 -0.137859504547551 0.230867995406686 -0.202924309045324
0.137081018485972 -0.0796589947583491 0.293709712366281 0.0399937159997695
0.148252000743543 0.103250982497 0.105410654017082 0.207208590307945
-0.0198729359577484 0.191973709078022 -0.0936974023039161 0.121808862284779
-0.140902918866463 0.098502850911772 0.0465092561290347 -0.217357005381967
0.118911508747998 0.0400849320690593 -0.0733025376841674 0.313091387724558
0.0536854494799166 -0.0862504902988568 0.194309268214042 -0.0373156448186658
-0.0534136291410662 -0.0747867388737131 -0.0799685665069263 -0.252172339276164
-0.0591203961273519 0.0283854409797819 -0.352538106431915 -0.0879765894705766
-0.00602942685416768 0.0412835409251561 -0.279641549573488 0.230825553710245
0.0172086194260018 0.0343627560440486 -0.063015130048106 0.296305149609734
0.028728474220562 0.0175245876846275 0.0552561966547403 0.225585242026172
0.0139599361472411 0.00440609116177918 0.124384844229649 0.144901449693126
-0.000678308637450632 0.00571708313549052 0.178149945640529 0.113875612149084
-0.0176013057615075 0.00163934935106328 0.190415799333571 0.167789413708293
-0.00585463738862654 -0.012072618400702 0.0745342034046653 0.286983887639441
0.0131954163534874 -0.0219370087774031 -0.153340130905292 0.323738187351956
0.0543596087896815 -0.0267427005924434 -0.305171723351108 0.238453170741924
0.0922120503203464 0.0444761356707137 -0.399860680462452 0.170270943319322
0.0715414780520898 0.15125420512752 -0.335207997736491 0.35669176979642
0.0667751678454063 0.189983799916144 -0.110014730002994 0.268077898889975
0.0937133935211927 0.032604498929628 0.193305449295643 -0.0297937378124726
0.0405140900659528 -0.0320951779637373 -0.0598139320854812 -0.291565079008142
0.0114457421404622 -0.0143706369314573 -0.363594187879898 -0.127636825804277
0.0196683156346139 -0.0379188271048135 -0.310422433794096 0.214323300536182
-0.0042309245030146 -0.0411949731667359 -0.0843007456296438 0.299152820964619
-0.0147044001391361 -0.0327160402790445 0.0477037762240814 0.223983414243982
-0.0308833909982674 -0.0442697925631524 0.117751013560938 0.136866198737747
-0.0387744367394796 -0.0552881661676776 0.169624995597742 0.090560063550316
-0.0331372222985497 -0.0916559826402976 0.203210354080046 0.125440154716273
0.0439444147346296 -0.100633282815154 0.134819197983856 0.244423018058866
0.120021048164358 -0.0359769992133784 -0.0809330904549978 0.333785945766097
0.147335249428517 0.0673648062384584 -0.255508910211949 0.281586425325667
0.0957853850720818 0.204841218373933 -0.348799975896626 0.193637582332628
-0.008047096070612 0.313427155428554 -0.293057841070013 0.317132450270413
-0.0201496353020333 0.314167561614675 -0.11158200377745 0.176025416557579
0.0996065181058704 0.17639989680508 0.210596039756743 -0.0415555967190543
0.134575059692696 0.0540663710182025 -0.00882199586530908 -0.348601218682601
0.110897187782947 -0.0414457717721223 -0.355018843043047 -0.20036338298688
0.0627216072345068 -0.117907734779906 -0.339298914167927 0.158496688625249
-0.0184449284019818 -0.123116403919369 -0.119708529131587 0.271574924353731
-0.0561613782358453 -0.0870188709268383 0.021210527024349 0.203848504277764
-0.0716219889622319 -0.0854332381939528 0.0939320361389817 0.11136754659346
-0.0733336300490685 -0.101053113324695 0.142412247178599 0.0483854066283757
-0.0588499546704809 -0.162830495669344 0.203716603046452 0.0529785823787614
0.0588036264706197 -0.186899396219169 0.203250864396469 0.160974640082305
0.190351738173708 -0.0931996753111153 0.0327143350371774 0.318739917476878
0.253124128389012 0.094830875530588 -0.17123950783453 0.32501986247655
0.144024574316137 0.317044307909107 -0.289497214794117 0.219362388959134
-0.0489054038203865 0.434806156541446 -0.22930566958401 0.239697397423596
-0.122560655445196 0.386915269063924 -0.0681162118862858 0.0430438132044719
0.061273688701401 0.314517270132326 0.240409769139534 -0.0729122071681575
0.19879823261176 0.17290723248955 0.0709915421745829 -0.398324787023914
0.216558837829159 -0.0359730001129019 -0.297867912238735 -0.290675750153796
0.118834824318382 -0.178243174945629 -0.342803559518978 0.0580961706115356
-0.0198226234960953 -0.195440348538489 -0.159429750517773 0.204423895729703
-0.0875563628294953 -0.134418318246587 -0.021498165622916 0.161564283439649
-0.101577679390154 -0.112711462823515 0.0556236538456211 0.0716560609690001
-0.0984626074387224 -0.124602884945972 0.102303595644178 -0.0028379095614792
-0.0835815350266023 -0.203717825200825 0.183414806425019 -0.0281812862905511
0.0470551856308208 -0.247173681130832 0.246812916113677 0.0508099891196915
0.213507088276795 -0.158391797703041 0.144939355250574 0.260197780146497
0.326181349447688 0.0739781034882196 -0.0705189749445248 0.334076065751511
0.194853439304843 0.363050082636361 -0.23174300248753 0.226873694214456
-0.0618269775889331 0.489806609839841 -0.165895848837019 0.130556265294339
-0.211367400197086 0.389241238094992 0.0183428705518389 -0.106887496536619
-0.016506010764243 0.393804999382502 0.279025171530032 -0.116382211045577
0.197461375549018 0.281274505021281 0.16869118211869 -0.410985485609597
0.285256637471682 0.00603638176706104 -0.184215132983259 -0.361375545997628
0.168770292838658 -0.196708392108617 -0.300487584696573 -0.0688571070483953
-0.00994148735009445 -0.235520378792552 -0.189618019423527 0.10358577556434
-0.102146445669374 -0.164312585519866 -0.0731688695845818 0.100397923459141
-0.116007717769837 -0.123428021869029 0.00841997632151971 0.0227902918320637
-0.110201699098592 -0.128732981425542 0.0535002236746745 -0.054669788077272
-0.0927749833228864 -0.211605387757868 0.147781807415799 -0.102348125699518
0.0320953663758868 -0.267455636864779 0.254679620612193 -0.0554024726197841
0.206565947119709 -0.190040971110098 0.223861290958675 0.177673653773976
0.340287345773941 0.0511227847605495 0.01367230883426 0.307632350136783
0.198557884169546 0.359810061087415 -0.183192864211757 0.212443521637469
-0.0739598717174833 0.469444775089808 -0.110096406756981 0.0100062394597005
-0.247560723006091 0.314421815432 0.12696758843579 -0.241617632901969
-0.097282337770846 0.376253977372319 0.320776343207847 -0.155572065005329
0.132126981087445 0.318600700618286 0.256493981842232 -0.377923649467463
0.27794872861745 0.0540038190332212 -0.0423192830222804 -0.382082231005534
0.183484982916001 -0.168739817323728 -0.218583845620195 -0.184581580632621
0.0048230581689999 -0.228520753096207 -0.201727279737332 -0.0101160009371796
-0.0979479642224034 -0.166314059148711 -0.124468691362489 0.0291769971317188
-0.111770655500654 -0.116280457404072 -0.0382067963899985 -0.0283105745458684
-0.107103802120327 -0.116396655364081 0.00628769472336371 -0.102121802626311
-0.0859864406344924 -0.194339401755819 0.11005386289789 -0.16148347999225
0.0290016767389254 -0.248177651334061 0.245213660887706 -0.133822069887378
0.190596030670506 -0.176692135698423 0.264489654533088 0.106048994046176
0.300561081875237 0.0586054189656777 0.0660308838426686 0.26693616723197
0.147598402995956 0.32556778151024 -0.14709174120031 0.183114943513323
-0.0979059235286143 0.385249306679102 -0.0586985999102571 -0.0987244601541045
-0.220802241270161 0.187396837063034 0.22557724609753 -0.335940731173355
-0.134981896648049 0.270351689548233 0.353377555495272 -0.17851795781646
0.0524708735866934 0.263741861791785 0.308543320235747 -0.319331596527323
0.20374747122159 0.0719886951914729 0.0770757971938602 -0.360898517297635
0.149448275119455 -0.114540571531899 -0.130655671093465 -0.263272471606477
0.0123002381590831 -0.178079843770202 -0.200241045385971 -0.107552191388119
-0.0775392478614182 -0.136303933114405 -0.165084442050256 -0.0364210763894783
-0.0903969433752755 -0.0936565464524081 -0.0786230723625944 -0.074628925124402
-0.0904291431953446 -0.0911996961453852 -0.0316364087560046 -0.14373557942551
-0.06858761489125 -0.156844542175608 0.0811621097677573 -0.207473709313584
0.0320498724910086 -0.202700192844952 0.234684791772649 -0.183848552382635
0.170247428404398 -0.133972648379134 0.285210202227966 0.0586102696462224
0.233394266159016 0.0849709225211796 0.0937236142108873 0.231234916313329
0.064633083220838 0.271370584631858 -0.11689996549347 0.150220778961588
-0.127914547366372 0.255106554716676 -0.00635500205562383 -0.178472658873367
-0.143903945290509 0.0335908285544065 0.279565314827994 -0.378667687978987
-0.120619026451721 0.119647149352138 0.361911398402933 -0.186128005200979
-0.00774925908357955 0.146031471310336 0.327052927860986 -0.269263465370385
0.0991758943581667 0.0539333826107088 0.143906458575726 -0.336055935698018
0.0824455575660266 -0.0519974330245231 -0.0791744566789111 -0.301912404534913
0.0118086390268194 -0.0983132322367848 -0.198166954760494 -0.167873827456601
-0.0448937888300792 -0.0829333327979119 -0.190431220510967 -0.0821599779488034
-0.0555680882671064 -0.0561392616013584 -0.105668201858527 -0.108342675926594
-0.062811127417523 -0.056268181889376 -0.0548399477080495 -0.176049057171788
-0.0460996578180966 -0.10365464808698 0.0686928152794768 -0.239611414369907
0.0316861482103759 -0.139880625985364 0.233713887999246 -0.208778416132859
0.13933189575091 -0.08217728091293 0.299816231717976 0.0413937756408179
0.15036857512266 0.106049544785729 0.106737895835743 0.213446376582129
-0.0205113125179199 0.194136288203966 -0.0952432600440045 0.124498508724545
-0.14411836849602 0.100487563505263 0.0453334527911128 -0.220632973188725
0.123710025187617 0.0354775712691627 -0.0581260521841208 0.323734643059381
0.0511564721498567 -0.0902145606518165 0.202860964013827 -0.0470638832230483
-0.0568331861954493 -0.0748811024346516 -0.0897959011774309 -0.256952189528637
-0.0589763318732465 0.0305749790123019 -0.367107367695853 -0.0763267464453739
-0.00537658698483296 0.0415065118465595 -0.277614261341528 0.247802920857451
0.0202032110412373 0.0353064338356858 -0.051035927743878 0.305565509059626
0.0305330453846415 0.0165608741349427 0.0668583820871668 0.230315164039507
0.0140740792764348 0.00333848617514861 0.134756967459765 0.14461147233784
-0.00142761983419802 0.005511224792112 0.188338088337446 0.109612410282262
-0.018646641539362 0.00267030770999897 0.201382272082309 0.164527492373362
-0.00626477368690436 -0.0128904318068797 0.087114218065473 0.29319296017539
0.013013434354222 -0.0227441370030678 -0.14548721994438 0.33901859191451
0.0541243278164033 -0.0286872255517708 -0.305750390382367 0.252687901897648
0.0942560268034024 0.0433923977769946 -0.405397586595103 0.186024348106064
0.0783856392735689 0.152018770499648 -0.330590181542541 0.377407416654473
0.0755551677473358 0.189994783021555 -0.0980551774045608 0.280381684564711
0.0963555357529991 0.0298716196025459 0.202857289759319 -0.0376285968338293
0.0403726524544199 -0.0341484094391162 -0.0700317595202709 -0.297961355763169
0.0116017831387975 -0.0151470681228141 -0.380289405084346 -0.118036439179875
0.0172980238725634 -0.0401162115089053 -0.310845786597755 0.231423390578365
-0.00551533938007946 -0.041553445745145 -0.0737840317551869 0.309494612676796
-0.0167927060107595 -0.0330073169267918 0.0578244020563943 0.228306987279264
-0.0339778618595952 -0.044634480089251 0.126715143404987 0.13589175729451
-0.0425227349124338 -0.0555371027770962 0.177546743080975 0.0870038596853366
-0.0390682861068784 -0.0923369121800596 0.212984840010007 0.120136617835013
0.0404698798140768 -0.105029428146 0.147322252902426 0.246438617008994
0.121676609054559 -0.0422225044156269 -0.0699982762533934 0.346978446907289
0.152387216266569 0.0653918499320255 -0.253257139379693 0.298132969104777
0.104426719148232 0.207076523260573 -0.352497789742313 0.211601059330349
0.00337864536796563 0.322423410158469 -0.288420659672673 0.335823725085289
-0.00898025020436678 0.320104856870937 -0.102997339104491 0.186875168496654
0.107930763971725 0.175909794238029 0.220479259161835 -0.0480806193401818
0.139635750107762 0.0503556901205488 -0.0209137222681126 -0.359214781953895
0.111814090061412 -0.0468063607407957 -0.371637224108652 -0.193225752541519
0.057658899458832 -0.124320884474359 -0.342411988936574 0.175135916206438
-0.0248089523211125 -0.12446030678146 -0.111310922228253 0.282687964346439
-0.061510650912188 -0.0863973258613976 0.0292095123756968 0.207874424045014
-0.0771073673617403 -0.0848214308033737 0.100989086298754 0.110692637756391
-0.0798925571970189 -0.100704414933324 0.147689250146357 0.046095630001402
-0.0694929155558521 -0.164567761821681 0.210027536450483 0.0458725869634201
0.0512741925948469 -0.194684000059748 0.212784281023132 0.156275902400415
0.191139927696255 -0.103995117987443 0.0461471428262134 0.328017903424101
0.262052778536261 0.089052751171708 -0.163906293100981 0.341420120630134
0.158575620009027 0.319909264371395 -0.289145835886685 0.234606478317409
-0.033389343455528 0.448374542479222 -0.224214375310041 0.253680821232447
-0.110245677490866 0.398838458145375 -0.0645937647097257 0.0501046393540623
0.0744839347907305 0.318643332414038 0.249521805106175 -0.0793906891588337
0.209802977850516 0.169759031723855 0.0601569658571379 -0.411687373327748
0.220317938964681 -0.0455258977234633 -0.316136486342378 -0.288701274150341
0.112872337209221 -0.188621766243982 -0.349808625409391 0.0729968641578936
-0.0304016604408776 -0.197722293076208 -0.154632721294748 0.216884256136901
-0.0958445559629247 -0.133876940963919 -0.0161861267313227 0.166287912364722
-0.107955596550094 -0.111979568667119 0.059060263192799 0.0717517596228669
-0.106080891098356 -0.124259253548925 0.104135467591215 -0.0052717207412244
-0.0959054121581918 -0.205125821659268 0.185206714785423 -0.0361855507636899
0.0360961501544903 -0.255627099985038 0.251230596414567 0.0409243666104727
0.211660245571194 -0.172079499570712 0.159725261334688 0.262336902373981
0.33583518832987 0.0639366236891433 -0.0588427454184419 0.348878058067268
0.214005301300028 0.365519271651413 -0.229140142964035 0.241735490876296
-0.0440389081200176 0.504966769343319 -0.1630546303147 0.140269662864859
-0.201256916066126 0.403503649142765 0.0171884822700785 -0.107110200163407
-0.0021287371476654 0.403204218441692 0.28719236728343 -0.124303807832012
0.212344340847008 0.281516697606883 0.160703057506543 -0.427790261756376
0.29196764227074 -0.00636662919951319 -0.201664606869141 -0.365678545987954
0.163337495590143 -0.209480632835981 -0.311211395514565 -0.0588205742800996
-0.0218723322389789 -0.238942087691501 -0.189439339391072 0.114312204419419
-0.112525098316176 -0.162872790342041 -0.0712056841827562 0.105399545790559
-0.122956162951843 -0.122142170398463 0.00958948930525684 0.0232302324809843
-0.118038481106629 -0.127482281113834 0.0522771356486039 -0.0555575957052777
-0.10708258245533 -0.212558809513583 0.145336525565661 -0.111458976294955
0.020612634681302 -0.275568644128308 0.255658072999344 -0.069159185249088
0.202627086911148 -0.203946943818822 0.236752104754966 0.17523111454045
0.348883435051076 0.0407595295257609 0.026767824548428 0.319069641013893
0.217570377859008 0.359161506571314 -0.179154315306194 0.225055178868237
-0.0579848495234395 0.485364533554207 -0.11082624554855 0.0141831069866251
-0.241286190693848 0.328995502250801 0.122720715344666 -0.248799527308546
-0.0840395796678354 0.387321213163103 0.326608220490334 -0.165846926358096
0.14810348617539 0.32253294283599 0.250318469736717 -0.396864180700692
0.287321361746345 0.043547575972538 -0.0559740058594399 -0.391708670468661
0.179506054198967 -0.181936666691848 -0.230889984829891 -0.181445335392703
-0.00678463375353325 -0.232014515746758 -0.207231146929638 -0.00134606908495241
-0.108523498407141 -0.164567544647554 -0.125803755147552 0.0348288501137555
-0.117722662419419 -0.115473987527881 -0.0413453230273734 -0.0272877512647395
-0.113108020083455 -0.114572008377765 0.00177741852996211 -0.103177870946225
-0.0978450938106608 -0.195270163451517 0.104883986951226 -0.170067717115517
0.0180472113341344 -0.255642042951601 0.242980134003874 -0.14911768459854
0.187286694935494 -0.189397535091269 0.27547878206761 0.0990701266691403
0.310401196014299 0.0494850567755004 0.0788240868565754 0.273968069506987
0.165344535333474 0.327359373531721 -0.142784436875949 0.193652783706597
-0.0850381611127631 0.400387929955037 -0.063620106845485 -0.0994395457212071
-0.218180833273187 0.198216104555587 0.218576471328412 -0.349115773788731
-0.126824798176155 0.281048493383322 0.358283017928525 -0.191293831553216
0.0645217509881097 0.269502540169056 0.305530702233303 -0.338172092270653
0.212125672692632 0.0651990898095045 0.067053584970637 -0.37359729536041
0.147772208002023 -0.124487113192027 -0.144664871708534 -0.265636979038002
0.00335396000091021 -0.180559509669402 -0.210198489050448 -0.101676322039004
-0.0863246812929466 -0.135088057797727 -0.170748775168553 -0.030131117655871
-0.0948420327918817 -0.0925143133172217 -0.0842083213161613 -0.0735970540399356
-0.0942493882269814 -0.0893980801361762 -0.0389294425254433 -0.144644303333362
-0.0779016557039341 -0.157443109642952 0.0733882124028348 -0.216533983170735
0.0229014323029491 -0.208847664351781 0.230006742940977 -0.199607212410253
0.167955629319029 -0.145128443205274 0.294942198138165 0.0498579265485784
0.241740768007617 0.07960238678997 0.105919971105608 0.237157705711919
0.077411177972135 0.275337371058857 -0.113593458344255 0.158445052050636
-0.120972234933654 0.268431660471403 -0.0143057190839817 -0.183665210088826
-0.145114552728563 0.0381522990669998 0.273874688250085 -0.397567944371762
-0.117121940178977 0.125554958209143 0.365351973802856 -0.200247883583115
-0.0022900663385734 0.150964939827853 0.326013959326175 -0.286656522123599
0.103362399917294 0.0508442150230017 0.136324775152712 -0.350366579412744
0.0817664978303601 -0.0570460329165447 -0.093362753362402 -0.306053153858404
0.00647960302961195 -0.0992992871382733 -0.211586854632513 -0.163005435005655
-0.0502071811833737 -0.0819504017928543 -0.199730395449325 -0.0757352400773901
-0.0575445323974313 -0.0562830178379095 -0.11440926938496 -0.106742947267142
-0.0643878597863051 -0.0538443984030157 -0.0640606505640269 -0.176978333301455
-0.052120218611032 -0.104265633143038 0.0595645201764213 -0.249124472849965
0.0250866781180844 -0.144649686921336 0.229027028316168 -0.224397244048642
0.137923705537238 -0.0898778330920301 0.310166332344479 0.0311709889886922
0.158151929196872 0.104101411990841 0.117915275945966 0.217842363451278
-0.0136160555123869 0.199520526545445 -0.0924685036427388 0.131315498804968
-0.143780488864033 0.109229931818416 0.0354122447391581 -0.227412691710998
0.125243803421967 0.0270218954077526 -0.0325482513157758 0.326433637102264
0.0445338544936064 -0.0937951329456048 0.20383846381432 -0.0616051596246907
-0.061103308025191 -0.0717170688441365 -0.104091505569734 -0.252352542095401
-0.0571780949145285 0.0343592562829009 -0.37262399128416 -0.052620896758613
-0.00278497240379353 0.0413196506443319 -0.262353833743859 0.265690308283922
0.0235994554493558 0.0325598334802078 -0.0302401709850418 0.307427147780739
0.0311408580733862 0.0141166064633312 0.0825131197378076 0.22672970657349
0.0128349771350411 0.00126360852702904 0.145427765949011 0.136462571115207
-0.001581591776122 0.00555874750080698 0.196392179623811 0.0972840236155113
-0.0185621331261961 0.00413332286991417 0.211364843763925 0.150928883229709
-0.00625465493640686 -0.0129007964853823 0.105624425977978 0.288750969600069
0.0110511023460742 -0.023666022150634 -0.124295029207195 0.348656893133137
0.0517697849400815 -0.0308297510028481 -0.291273345933323 0.268879261244162
0.0957013452214345 0.039169555100081 -0.395723696074155 0.20939852003408
0.0871183209008756 0.146905319487047 -0.307059777375723 0.393297482245759
0.0870517720781637 0.182695923463365 -0.073769876434416 0.286384659364369
0.0970674200914183 0.0231101522691806 0.205860721980846 -0.0510034509728496
0.0371553412039154 -0.0366000749684159 -0.0864789926626173 -0.294437998825112
0.010459652220793 -0.0163983340973166 -0.386816250952474 -0.094005961777383
0.0133842858719331 -0.0419119064302719 -0.295640695114828 0.25084988658898
-0.00822372670246831 -0.0408162145396357 -0.0526662183398161 0.312265193251661
-0.0187266167549018 -0.0317804108409006 0.0732015637269771 0.225385530063904
-0.0379067777241956 -0.0432096403444782 0.136013440083875 0.128916082313106
-0.0471823945171373 -0.0527311175401887 0.183795941347815 0.0756788478520844
-0.046286381825047 -0.0889893432567047 0.219356748557601 0.105705584923366
0.0336734615948147 -0.108501512745758 0.161054221755079 0.236999970860333
0.118141610539838 -0.0510696569086964 -0.047781327597426 0.353124083903612
0.156088550940318 0.0573980788687532 -0.235091602111127 0.312272172407736
0.114990343527278 0.201821146733724 -0.339957123394077 0.232396962628225
0.0244819198542759 0.321842554886979 -0.263468669545966 0.35179526012987
0.0107958925642306 0.318133031691226 -0.0858753980284112 0.194911506475871
0.118001203303148 0.167590684055294 0.223442083984075 -0.061115717896157
0.141243683324832 0.0417932132172395 -0.0407422370474697 -0.35818973898533
0.107834913965278 -0.0541807094367528 -0.384248112481525 -0.170173232107655
0.0475101245724187 -0.128078613856829 -0.330125397751526 0.196389062671039
-0.0333533237179798 -0.121635014832179 -0.0917767774558413 0.289102881575317
-0.0670945346611488 -0.0813946109128613 0.0422901809522956 0.204833636764342
-0.0829114327996725 -0.0807941435211294 0.108024253680273 0.105062205876463
-0.0871443861925204 -0.0949747745935021 0.151037513084989 0.0370158440882701
-0.0816276803831961 -0.158380439444231 0.211356065019166 0.0321478433412246
0.0371677573490048 -0.197296992938355 0.219713968662484 0.141715086033429
0.183160898696118 -0.116662781860499 0.0680933085131194 0.326102005259653
0.266029891201222 0.0744765041200669 -0.141452836816965 0.352339543961667
0.177119576006521 0.309914548201116 -0.27415795355504 0.252095035220353
-0.00376084666997196 0.450216924988272 -0.205425108036913 0.266199829459959
-0.0861792915672561 0.402695535149248 -0.0572507715252289 0.0564121686322491
0.0938797606634366 0.31094720785283 0.251349333517574 -0.092145479026554
0.219638118363342 0.156723498429807 0.0354852958421319 -0.41562561211324
0.216522630025939 -0.060624925449348 -0.333871801307846 -0.2688984373011
0.0983937770295072 -0.19554912125628 -0.34389214274802 0.0948383369660756
-0.0441463318377359 -0.193311478371333 -0.139131882388504 0.226183876298757
-0.104576146201143 -0.125976033850688 -0.00513345196955433 0.166453601243937
-0.115621529738589 -0.105617445296747 0.0638569612647337 0.0686247140642096
-0.114928728469876 -0.116823172593697 0.103036601991368 -0.010186357019574
-0.111471570985458 -0.196890433725744 0.18106851512472 -0.0484931729640656
0.0176058945719816 -0.257419308659081 0.249587573868831 0.0240496441816291
0.199189914371726 -0.185464458604716 0.176172308385902 0.253356024804668
0.337843793515715 0.0442319771965548 -0.0352278540186674 0.354246152769758
0.235618140119225 0.351800653448363 -0.213171506633891 0.255134818418367
-0.0111881916809159 0.508043338725766 -0.151242667518815 0.148306589015252
-0.176330046247026 0.411888448331067 0.0135235634180237 -0.104302455915477
0.0235591772910401 0.399540330400887 0.284142368403916 -0.137527585528885
0.229402771495663 0.26842088171403 0.134188977581994 -0.437434566232054
0.290389300548271 -0.0265729835179262 -0.223286137942728 -0.353192036042015
0.147851129731656 -0.220296612916379 -0.314007807007644 -0.0394782140688179
-0.0389828682936537 -0.23460183726065 -0.180888426299004 0.125875734908762
-0.123713608366941 -0.153672324413449 -0.064986455178116 0.109132608097187
-0.129942977929734 -0.115155718001159 0.0100264573045514 0.0233427930151387
-0.125626343089995 -0.119513308818883 0.0478140456444603 -0.057444236535659
-0.122564523346538 -0.204410151224473 0.137273933457044 -0.120176014458631
-0.000347530770032797 -0.276081415786675 0.247006687205136 -0.0862055223333851
0.187377535455895 -0.216750499168899 0.248339368707372 0.1616384772523
0.349972363488375 0.0201941169450257 0.0490590841998402 0.320019293360567
0.24093565422145 0.344878049363379 -0.163525067195575 0.235446653485993
-0.0234469165757573 0.489147027216537 -0.107903062057594 0.0191642735137082
-0.220438388231818 0.340847126310259 0.108713817665541 -0.252696883572987
-0.0597331652391872 0.39034595051404 0.320675582153263 -0.181136375031715
0.169318589542144 0.314748353693903 0.22516531646039 -0.409023570640232
0.288714356148928 0.0235231853135221 -0.0794168061553729 -0.388455990191121
0.165919720886643 -0.19442915852435 -0.242000345310251 -0.166866963797388
-0.0241091567984994 -0.229168350811764 -0.206730969291418 0.0130818458867718
-0.119480453933235 -0.155629055232199 -0.123909276972333 0.0435494586987338
-0.124226362036897 -0.108797550838378 -0.0440920674077943 -0.0240329924222643
-0.118450666395196 -0.106621959981304 -0.00531250126030356 -0.101063207952672
-0.112416944122488 -0.187316527042974 0.0919560549626084 -0.176586815814083
-0.00117407501465505 -0.256891512860767 0.228290522863931 -0.165455055633198
0.172313927866302 -0.201313925776186 0.282398502390261 0.0823089304157776
0.312514454930088 0.0312825721342889 0.0982225236193702 0.272106170369376
0.184417888686253 0.315401290725599 -0.129007735065447 0.201746328120425
-0.0575955089883017 0.404325463081607 -0.0689369705918308 -0.0959106215947264
-0.205706950305385 0.209028831999168 0.197870930428892 -0.358919939185731
-0.107158526469016 0.285823413546201 0.348645864833979 -0.208104413510293
0.0813399652993056 0.265833727316382 0.286201658790183 -0.354700854222437
0.215181280400264 0.0494179523645502 0.0465722307617427 -0.377973528240882
0.138254963290399 -0.135103509352206 -0.160621354731887 -0.256065029283609
-0.0104166979402043 -0.178027685731452 -0.216133439549806 -0.0865083147692233
-0.095565468043089 -0.127405096419061 -0.172247318601625 -0.0186282090545955
-0.0994475361711561 -0.0872952051016237 -0.0903308212522965 -0.0674165371118986
-0.0978642033366993 -0.082564021208638 -0.0488385507980031 -0.14017261525961
-0.088911618873746 -0.151234627836229 0.0575518733677987 -0.220605552585476
0.00733626395061678 -0.210186673120215 0.213401681498299 -0.214862801922133
0.156600167845771 -0.155542312981711 0.298579990525091 0.0319093690819042
0.246288549413455 0.0650639604962622 0.122801685407328 0.233018046302078
0.0936620843231675 0.269259499508388 -0.10183787878314 0.164475222015532
-0.103011910947804 0.275165676576487 -0.0267652631928377 -0.182267584736627
-0.141408181083302 0.0449724846772351 0.249033792376948 -0.410378888509365
-0.106863199888689 0.130271565442 0.353537759481047 -0.218994173667458
0.0080281955242454 0.150718901805664 0.309494707978135 -0.304388196579276
0.10605779413429 0.042988546705539 0.116945773001195 -0.358713227914018
0.0768241559104346 -0.0633876930788074 -0.111436112377873 -0.3005653474692
-0.000729058125100559 -0.0972709778358136 -0.222923658068147 -0.147210493032605
-0.0560610350544086 -0.076493857022461 -0.204830955323167 -0.0603530117183417
-0.0599250611677073 -0.0532322995480211 -0.122962702057021 -0.0994382919515693
-0.0657631731868388 -0.0499838340616987 -0.0760029656883332 -0.170718534198574
-0.058620698140628 -0.0999029343210622 0.0415492668848041 -0.252185453590771
0.0144031514290729 -0.145683521650718 0.211698518409425 -0.239183327259507
0.131017233034453 -0.0994650042968857 0.311315532490047 0.0125382475313949
0.16510403901646 0.0940338685299522 0.13224636105362 0.212804241817044
-0.000644833855000965 0.1993377705405 -0.0841032550826374 0.136080780279723
-0.136288248923489 0.118784373830369 0.0187445579158496 -0.228597522235683
0.120542837951301 0.0181757063582365 -0.00923717681564716 0.313157774290568
0.0367538101337748 -0.0926324544640925 0.195779372705525 -0.0735537866833837
-0.0636571390236405 -0.0649178976308278 -0.111430991751085 -0.23878292533091
-0.0531344387640848 0.0360520178814618 -0.362594228450338 -0.029364845525487
-0.000942103521752419 0.0394352921470118 -0.237943481094754 0.271181358801893
0.0251819092308391 0.02898164990206 -0.0113960165239912 0.296676421473475
0.0311080214936899 0.0104236059963062 0.0935915365163763 0.213447141297074
0.0113961441924037 -0.000572648373996788 0.148733839611805 0.123777078816987
-0.00180928635136336 0.00543720367648749 0.196030316471726 0.0818826259256046
-0.0177708965618129 0.0049206622601451 0.21227323559068 0.133688749182085
-0.00706816690635433 -0.0123209506763378 0.118072552733035 0.273591598045195
0.00966921533991858 -0.0238437343501614 -0.101417539785648 0.343483428425763
0.0485958708641614 -0.0308950981088191 -0.268050253940395 0.271583227475611
0.0932646979635776 0.0342973327915089 -0.37215197823927 0.222860707672474
0.0915787021455276 0.135909913430194 -0.274527283941343 0.393599162015802
0.0921088538887656 0.16948364114216 -0.0505311998319827 0.27923175891173
0.0928870425007608 0.0161820041278066 0.19990529106911 -0.0619692706346553
0.0332514702754842 -0.0370064916974305 -0.0972947642753794 -0.28011010359927
0.00851387848644227 -0.0161195840321263 -0.37849103650991 -0.0683404680532069
0.00914612321237008 -0.0410509358105592 -0.270813891777836 0.258674951568129
-0.0101569134347183 -0.0389071967933082 -0.0324457148002463 0.302478064806791
-0.0196479236178796 -0.0301258847360546 0.0835410418818451 0.212082196088434
-0.0394502870255975 -0.0400732715068054 0.139758891782209 0.117170373477195
-0.049279549585694 -0.0482158882878805 0.181762585544492 0.0625698988569823
-0.0508878800520921 -0.0825776152119082 0.216685963136923 0.0894699393269675
0.0260020945751572 -0.107121728010684 0.167624970543354 0.220617575653397
0.110403618711821 -0.0554611776137465 -0.0268046472588463 0.343203646375126
0.153326659344934 0.0482418181986262 -0.209806268605693 0.311892385443565
0.121081470728184 0.189836268870318 -0.317445770917765 0.240248271552579
0.0405228081168253 0.308438855385114 -0.233553027419663 0.349952016823364
0.0271854780076671 0.303104578272462 -0.0668169128141816 0.192789722847594
0.121031553159595 0.153844389562466 0.216973985506084 -0.0709902211853859
0.137123968839398 0.0327346826284012 -0.0569550464827535 -0.343780913217729
0.100406098735573 -0.0582400936931775 -0.379110406149603 -0.143697544090634
0.0364738646358914 -0.125928737690879 -0.30675962481902 0.207755841749942
-0.0393800174897744 -0.113980315389929 -0.0712982013479038 0.281902633516051
-0.0685486484991123 -0.0743053142121267 0.0519559050738763 0.195120138321578
-0.084641044968031 -0.0739060004103905 0.11017438147817 0.0958580871949193
-0.0902369556880718 -0.086636245651162 0.148389557066684 0.0275434263877436
-0.0897547907706587 -0.146780359682188 0.204604699540045 0.0194934569887692
0.0226890684145211 -0.192872438448771 0.217052255468332 0.125625075070841
0.168154559159873 -0.123005188604765 0.0828766260337176 0.311065787761123
0.260071235164784 0.0588444157656075 -0.116034795856511 0.347100778755114
0.186466787029807 0.289198601080555 -0.251137747409742 0.256510559495206
0.0225737071445165 0.434243565148131 -0.181361907781713 0.26409656782331
-0.0625245680051846 0.389423153873379 -0.0473389648292446 0.0600118434889257
0.105711433966531 0.292253479350369 0.242689151522663 -0.0997128692376301
0.219078611963478 0.13939029656081 0.0151243698412026 -0.402012294601435
0.203968944110506 -0.0701758017082013 -0.335391493693657 -0.242358649655402
0.0806862160137923 -0.194302436216178 -0.325025934224792 0.110467749229483
-0.054889746261641 -0.182350989765621 -0.120902417405431 0.224548338225373
-0.107728037942795 -0.113462716288857 0.00351113966132292 0.16000043043621
-0.116931147957904 -0.0958506875319987 0.0653018295758953 0.0624454547139558
-0.117606612361282 -0.106525777488783 0.0994301905389006 -0.0135128979943329
-0.121310235401221 -0.18149073511499 0.171336229200641 -0.0561446671093185
1.15816965672671E-05 -0.249283474260101 0.238314701390773 0.00915440496107617
0.178859038822516 -0.189341411387244 0.185044734696073 0.235929551690173
0.32845578825386 0.0250839057247 -0.0135082497633695 0.343557621465195
0.24573316981253 0.325348450049167 -0.190064594482237 0.255070013592124
0.0184847804633011 0.490443737197617 -0.135581513321221 0.148253810763417
-0.14859367125162 0.403653837256568 0.0107884629267679 -0.0975869418947791
0.0441853582069666 0.380306708194826 0.271917338551724 -0.14403412381045
0.234730459407051 0.245833302517511 0.10838090221121 -0.426565479941982
0.276849197460814 -0.0417018869937198 -0.233100476692119 -0.328585889112254
0.127002818586834 -0.220729594719033 -0.303303512104746 -0.0203947457720918
-0.0525318765099559 -0.220994559220255 -0.166849099488111 0.131846914390705
-0.127273590662086 -0.139097279809573 -0.0569541206272355 0.108470369714606
-0.131118642678753 -0.104842461958336 0.0107786470126679 0.0225680228801449
-0.127111489718569 -0.107780591961999 0.0432433346662502 -0.0560199412150105
-0.132099252954813 -0.187921643172431 0.123741328618463 -0.122820775955601
-0.0186989413075683 -0.266210879631628 0.229050638224851 -0.0961324682748326
0.165578588507578 -0.218422539389628 0.248628653644918 0.143550812341271
0.338323240309398 0.00106136489527753 0.0666810098256999 0.306184783315966
0.24985919608466 0.319601096886598 -0.14354289313745 0.234739403764449
0.00606772142290777 0.472252433504421 -0.102110047126882 0.0221855142949798
-0.194593758617963 0.336864331911805 0.0935404028751552 -0.244727596062957
-0.037345629115304 0.376006880182644 0.302431645328075 -0.186918240467601
0.179462499577325 0.294047880841684 0.196728064498338 -0.406655911436246
0.278593345356558 0.00595839198819385 -0.0955347360018628 -0.370391070541623
0.146751853589821 -0.196847976282947 -0.240594133610278 -0.147300866419286
-0.0379004417348128 -0.216540552598943 -0.197181729401526 0.0247189112765751
-0.124028277453241 -0.140937716654114 -0.117499204218384 0.0487456530323147
-0.12500112264138 -0.0995174127197947 -0.0448884041268238 -0.0201872536217161
-0.119435757593426 -0.0962476956722425 -0.0107511555079181 -0.0951783905672534
-0.121235325425908 -0.172656519613339 0.0770795022345809 -0.174707826631196
-0.0180110702842534 -0.246450617846902 0.206301358525237 -0.171556366684006
0.152798022562487 -0.202897251522042 0.276819668656079 0.0646435349656651
0.302008696184408 0.0136866262857503 0.112275781926184 0.257625529301047
0.19476869240214 0.293383995868371 -0.112175291926008 0.19900960872806
-0.0308715078971988 0.393479282975147 -0.0715708602669006 -0.0905929490105154
-0.1865711743394 0.209474316699125 0.172047658248946 -0.352359290667636
-0.0878279275720757 0.277661312663704 0.326383085219818 -0.215073099076103
0.0938088372308298 0.250718719113515 0.255800476665402 -0.354857131888734
0.208893583056964 0.0350457242694754 0.025514823155385 -0.367332899930567
0.123335108318495 -0.138231028437391 -0.168188307664023 -0.238074326283207
-0.0208595601843968 -0.168123524420988 -0.213612644292936 -0.0697735458497424
-0.0994971475136534 -0.114738925909574 -0.167846658101201 -0.00717633476069581
-0.0999989436794343 -0.079956014297369 -0.0922458392173359 -0.0595517997298367
-0.097293253458437 -0.0744823788594285 -0.0553224057934027 -0.130784609893539
-0.0956975788903911 -0.139617982596518 0.041786908253558 -0.214784849438049
-0.00705127978369798 -0.201966124370173 0.189515711936073 -0.218548476345854
0.1405845954782 -0.158643917786562 0.289185878407546 0.0147535798160581
0.240649665720884 0.0492160127113782 0.133314648920588 0.218898508498629
0.105839312804026 0.253277315730381 -0.088854544623532 0.162899253907339
-0.0816288044046374 0.270031934957919 -0.0361860574955412 -0.174148618486831
-0.13339408787678 0.0489158534803327 0.217477977086334 -0.40571329787259
-0.0951654656014604 0.128551969098018 0.328788190061263 -0.226456925454789
0.0164614628019297 0.143985932861294 0.281116837323477 -0.308462222657095
0.103315324450643 0.0350312362178059 0.0952996187046851 -0.352860855562653
0.0691531542573643 -0.065751484091914 -0.124067561995162 -0.284120154575368
-0.00705024145666915 -0.0910220015509196 -0.222533304680189 -0.1286501155753
-0.0581283843480152 -0.0690853991186022 -0.202140082445437 -0.0454792588709635
-0.060095299488304 -0.0491341870862868 -0.126206023886233 -0.0878296899172265
-0.0644514800959489 -0.0447257291081069 -0.0832961522004786 -0.159554179876607
-0.062818488604883 -0.0916868744955722 0.024116641297066 -0.244685971513059
0.00430164058992967 -0.140586858392548 0.187399590288666 -0.242320144518738
0.118727501122821 -0.102620813172425 0.300840885809308 -0.00515597005201421
0.164262234402979 0.0818576987051523 0.140710880247768 0.199409039767859
0.0101974642334745 0.190730797659362 -0.0736062560747968 0.134969565642936
-0.122862235151615 0.121483746160529 0.00354513804622593 -0.219363006593374
0.107337446828474 0.0294980619093532 -0.0340397748138829 0.295273719698917
0.04365729142187 -0.0801053038170165 0.198566438102391 -0.0513715716023279
-0.0502020033039292 -0.0678041590781018 -0.0741661852000658 -0.240449594352576
-0.0537921235685951 0.0251924665491423 -0.3304620490276 -0.0670190605754105
-0.00803099341849348 0.035254321082163 -0.250261535931377 0.225988972092987
0.0192537018855394 0.0263615226204053 -0.0418007253629061 0.275832491994273
0.0287149058245139 0.0112978223539655 0.065565451746459 0.210848594265079
0.0103599646766117 -6.76419053362758E-05 0.128196795070548 0.133667876088646
-0.00356087954420511 0.00351322831227341 0.178045654145502 0.0992777742015497
-0.0179960417340018 0.00097579579733793 0.18736454268188 0.151010054726102
-0.00465336094604154 -0.0158788945040854 0.0816413295540004 0.277246609322905
0.0152191625863914 -0.025028640467742 -0.135972604571697 0.320545566976826
0.055038207818056 -0.0225430880661644 -0.291719273020015 0.226738487698116
0.0873650718974486 0.0448432110180229 -0.387938903550649 0.170043262858884
0.0755565964920962 0.139230233751499 -0.316507656494851 0.345934142824491
0.0639506048619709 0.165236959489898 -0.0781040768987308 0.261545158457369
0.0823077698398084 0.0269120728135791 0.199210804469569 -0.0335745878729055
0.0349821809331585 -0.0293951432020511 -0.0548205425195232 -0.270454604125802
0.0100292714396568 -0.0155826874799866 -0.338663536189394 -0.104103484785912
0.0120675444458582 -0.0383966438503538 -0.275698430422787 0.211902656501542
-0.00565386446976708 -0.0406614090047484 -0.0593625716764459 0.277471256271577
-0.0138097322161548 -0.0320462214451446 0.0572757087783986 0.208204725942877
-0.0332938992530283 -0.0433503346435695 0.11928583994211 0.127160740603645
-0.0430531704976627 -0.0529992694194125 0.167366039305269 0.0819416961388707
-0.0402654791998157 -0.0841587251051581 0.19614184567056 0.111844613704378
0.0358823682265271 -0.101525824004656 0.132120934632153 0.23424253643364
0.113619535300154 -0.0442605409370546 -0.0676552475641362 0.329859778490871
0.145886981720472 0.0630960368452367 -0.24257642822588 0.270479439690025
0.0953063798633805 0.195451908723198 -0.337309909874653 0.187604420983295
0.0088022964135322 0.299317304684282 -0.273783800678795 0.298446077484265
-0.0117582470635324 0.279790329916583 -0.0946892997890892 0.182249718832303
0.0908612807356005 0.156300002404552 0.211932472596963 -0.0343003827154543
0.122334678183857 0.0486743788629616 -0.0119549409885559 -0.317303341489271
0.100645713840079 -0.0418432902750939 -0.32911975129124 -0.169191472971426
0.0498042769481613 -0.113835828758636 -0.301231727369657 0.163418755402122
-0.0233980073273836 -0.113605672478503 -0.0910006539781776 0.253424232542474
-0.054962831127939 -0.0786523085984512 0.0302843205406979 0.188913971057334
-0.0722268714314522 -0.080624974497342 0.0931887716305052 0.103416635468911
-0.076274303613542 -0.0933982407410804 0.13880382546753 0.0455539931358747
-0.0694841198007091 -0.148977207452673 0.191827396459105 0.0466160131308005
0.0429252505884925 -0.182585062136699 0.18735068890433 0.151720872133142
0.1748371393946 -0.101776260973057 0.0407820452130215 0.313857539841752
0.246573852269176 0.0829685086912807 -0.159606141020927 0.313774162141922
0.147300720339877 0.296488618960019 -0.277673211325337 0.205325812090912
-0.0225254261279304 0.4171613113647 -0.21546013240249 0.217181877791394
-0.10427708781039 0.34962621294243 -0.0712633638537652 0.0585013133114517
0.058941281607721 0.281534393427054 0.232792207797646 -0.0538910730210109
0.185158582544776 0.158101538527415 0.055941831999315 -0.357501517208866
0.199187711815086 -0.0386971168869521 -0.278455667475429 -0.251053001901728
0.100789917564063 -0.17139827994072 -0.305384328138407 0.0731296769728218
-0.0292273959823724 -0.177183015693939 -0.129270114971475 0.193064357137769
-0.0874235180131996 -0.119692760548376 -0.0117819366228344 0.151288791542208
-0.100193564852478 -0.105790924897719 0.0531463600446226 0.0679779184193761
-0.0988458198347939 -0.115270299495755 0.0968387162726912 0.00163905934031231
-0.0958216613336781 -0.18466328200574 0.168452383178355 -0.0271762846501296
0.025955733963821 -0.237620931936708 0.220871392737221 0.0454023985328595
0.190470013478455 -0.163798642579718 0.147012949637129 0.254799589766626
0.313874748622557 0.0565197006644332 -0.0620173892357605 0.324646153332473
0.199615062663784 0.336745558852892 -0.222213959533969 0.209874672271188
-0.0304947897806449 0.471487167601284 -0.159636899813528 0.107911193885057
-0.183211928863169 0.351777608614551 -0.00541994409250428 -0.0852106125332141
-0.00873167578528889 0.354599079901274 0.258416192280047 -0.0903504517447205
0.186943110352611 0.259390622684983 0.139580914266489 -0.366340608304368
0.263757859164417 -0.00201797604271948 -0.176494124579274 -0.316401046766177
0.148153425444216 -0.189952060722205 -0.270794145716754 -0.0437477417723032
-0.021229515497258 -0.211783015522079 -0.160924205607316 0.101962734721708
-0.103952934910667 -0.144321964690602 -0.0627850604059621 0.0969903524024981
-0.112329700806446 -0.115683719101946 0.0060866602370705 0.0232215745045609
-0.10735365528788 -0.117490389265219 0.0480642040625718 -0.0444447843613456
-0.105456076002802 -0.192083481014188 0.131096758177847 -0.0950535436299475
0.00964193252169779 -0.254209489537437 0.223145454208655 -0.0558107226743014
0.180246670296423 -0.192036687549253 0.21913018587627 0.173260617884366
0.32399387923176 0.0339648542798519 0.0191333470746036 0.298049370881675
0.205438962122844 0.329676010439064 -0.175450671625 0.19481456675471
-0.0427719745140295 0.452525372744458 -0.112121667369017 -0.0093177266346193
-0.219877514090961 0.286081562090182 0.0879971468658958 -0.217516279961729
-0.0815640698883317 0.339565167486805 0.288528556131005 -0.13188899669981
0.129242120497491 0.296196314912575 0.213480531871674 -0.337825528223683
0.258933673264059 0.0427520721616686 -0.0474754368790123 -0.339265253721587
0.163344119472619 -0.164522476902447 -0.20041336951579 -0.15383357399012
-0.00765936671501124 -0.205125184013849 -0.178666819131609 -4.01951546635634E-05
-0.100809484274457 -0.145466095418862 -0.113689091963457 0.0344871913797413
-0.10702540908038 -0.109985594991617 -0.0416913923846084 -0.0231947990026452
-0.100081560236671 -0.105437393856307 0.000663659105999286 -0.0878333952193151
-0.09636586051826 -0.175694908976772 0.0919835119153798 -0.150181736247247
0.00802896188472991 -0.23579306135784 0.210916683411123 -0.131245810095021
0.163938593001865 -0.177954507074867 0.255753238912715 0.100164989180952
0.288132767316451 0.0413241336095693 0.0696577054027217 0.258170647865171
0.15648895410308 0.299483673825773 -0.139100035747628 0.16559543117802
-0.0714585762110424 0.372454125422653 -0.0671074439470901 -0.112862467079526
-0.196764875589523 0.169648594852357 0.179271321727841 -0.311433689449919
-0.116566246654991 0.242590885904947 0.315714166250901 -0.160148948771781
0.0553024903502739 0.244606984498232 0.265160202139063 -0.289334711974704
0.190388585624715 0.0609322243022163 0.0640245047251269 -0.325603122827637
0.134109090684425 -0.112416671372402 -0.125926975006805 -0.232032747265815
0.00246417030195748 -0.157773327279205 -0.18529440451369 -0.0887838001185385
-0.0802415289994663 -0.117739179422751 -0.155685327375815 -0.0220799735070623
-0.0858145765951289 -0.0885609264481648 -0.0829032820363793 -0.0657408642619784
-0.0823321276972613 -0.0818060131279425 -0.0377259406940612 -0.126897683929601
-0.0757515405760468 -0.140868421228931 0.0626652826285398 -0.193966283409695
0.0136541038684228 -0.191526557415023 0.200965232084712 -0.180487580508417
0.146534144657708 -0.135990788739286 0.273487651912446 0.0521630502310109
0.225446977947926 0.0689411878429003 0.096057012541288 0.222649086494246
0.0740072179038656 0.251817404608648 -0.108769605703649 0.134281757145003
-0.107159435057547 0.25054498124535 -0.0206615685541902 -0.185406444240671
-0.128521402310555 0.0279606443736008 0.236877994713573 -0.358379339951955
-0.103968065219231 0.104250921388987 0.324311548119094 -0.175491990433662
-0.00209238957828026 0.136091661503995 0.288006709554949 -0.250129423479226
0.0922819733155128 0.0467950721173864 0.126439921224986 -0.310067647052491
0.0734884607031918 -0.05184762750533 -0.0823051039644127 -0.272610836783549
0.00656552648854176 -0.0836702255903388 -0.191680780260954 -0.143491672847684
-0.0467457292206406 -0.0697102508205612 -0.184357323071165 -0.0611653334750787
-0.0517103754020016 -0.0545562593284979 -0.111581431867768 -0.096352199510592
-0.054355822172237 -0.0487941354449373 -0.0617577394525152 -0.158882805852599
-0.0486079332593562 -0.0918856921906011 0.0497035044513262 -0.225538832025178
0.0174818784300442 -0.131567133594786 0.202332807996797 -0.20577114208428
0.120123288325644 -0.0859317813191127 0.286636746933378 0.0312201869106274
0.148805567123271 0.0915314389690896 0.107653513244038 0.20552030797928
-0.00993046530433961 0.182297188949058 -0.0874526871591994 0.111804431618201
-0.130796632524052 0.103926605567618 0.0282323316411036 -0.219193503587296
0.102370224513887 0.0295542806549204 -0.0328709062442865 0.283050713478528
0.0419093875766822 -0.0758510041511331 0.196027948240453 -0.0495814926253462
-0.0483041768585254 -0.0660778551499572 -0.0654038072424602 -0.235453663796692
-0.052211127732715 0.0239322339846694 -0.319505601497362 -0.0692289384160683
-0.00875359460583891 0.0339458108908348 -0.245148689226771 0.216475088565286
0.0186191164753003 0.0248038572743465 -0.0439869376665802 0.266406516477095
0.027802778201819 0.00977676753705306 0.0626895799453693 0.205072450456314
0.00907196146932742 -0.000832807440015163 0.12473928410016 0.13120741873746
-0.0044616860228374 0.00319787353978492 0.172780088745681 0.0979129261967547
-0.0176090474119744 0.0010566771745476 0.180844221625692 0.148120026685067
-0.00433704347287426 -0.0163277973776369 0.0761001811779487 0.270712052336507
0.0158355053111138 -0.0236522190438701 -0.136925867373133 0.309056150770077
0.053100453903797 -0.0205808746718123 -0.287944376985058 0.213529953477932
0.0834438746860247 0.0464479546922223 -0.378865614990714 0.156644006624358
0.0707514688671527 0.135501859250215 -0.312565058955866 0.327628954138552
0.0582021317811451 0.159837943643141 -0.0753253366571823 0.251279205862109
0.0775883457843576 0.0270053589858393 0.19710058645358 -0.0319867124734546
0.0333363541394548 -0.0277058820133083 -0.0468323664359388 -0.263785040307448
0.00969944820687782 -0.014009247462336 -0.326893628247678 -0.104978563872993
0.011296804938196 -0.0372370338711103 -0.269173454249885 0.201886571695794
-0.0051728631384636 -0.0397400362081633 -0.0598769652972222 0.267621221745571
-0.0129844961795172 -0.0326593332984501 0.0532151639959788 0.202277138410593
-0.0332412432213843 -0.0431840668132772 0.115507682348671 0.124130092334453
-0.0416632895964303 -0.0515814353750061 0.161931433601864 0.080970351691784
-0.0389882611743132 -0.0819178494581021 0.188742848596561 0.110609367015965
0.0349381724944814 -0.098299423331673 0.124485228463325 0.229618719328949
0.110496097817242 -0.0410720279385093 -0.0698693787812336 0.319899991380799
0.140704750024491 0.0646493075386072 -0.240136966538188 0.257039795886627
0.0903010272649165 0.192056259243877 -0.331542656857972 0.174047539834961
0.00431509427754084 0.289048554677904 -0.268299015466411 0.283578947929389
-0.0160691905483381 0.269684217019208 -0.0895519028795327 0.174637351818442
0.0843557916270119 0.151584469517552 0.210547998096342 -0.0305887459168904
0.117256937321407 0.0494618063921489 -0.00494154675742186 -0.308812926596451
0.0973766282274582 -0.0390747180762959 -0.31703770653391 -0.16910145834846
0.0479684178578191 -0.109907836026193 -0.292901562784998 0.152942015932529
-0.0220435684955619 -0.109232512488946 -0.0905519223110051 0.24307320069058
-0.0518202125913204 -0.077316862505288 0.0272088748395872 0.183458617013381
-0.0699021529987557 -0.0801733137560126 0.0903870035502368 0.101560166351856
-0.0737647101289468 -0.09152570159525 0.134307435563835 0.0466240035433331
-0.0677618377300697 -0.14448063769211 0.185587356241634 0.0470114569504747
0.0404954704690355 -0.176832404705572 0.17833477408378 0.150048429063895
0.170052025480082 -0.0967484645158972 0.0353242837995978 0.30613860980854
0.238403959197075 0.0842156338484677 -0.159542826053905 0.301046567727184
0.138567174446716 0.29063344931522 -0.273648381322495 0.193019313856603
-0.0259343481868889 0.403569916508169 -0.210773715300124 0.204982648887355
-0.106166985128329 0.334961304523444 -0.066036439290328 0.0570324332835611
0.052545169291837 0.271817277957494 0.230597236307488 -0.047807421941152
0.176459743967437 0.157065778015189 0.0610503750695009 -0.345693306997476
0.19286230022905 -0.0351169611859699 -0.265720256181988 -0.247759486722546
0.0973180578188615 -0.165039942883194 -0.296198886224534 0.0657226669117403
-0.0270097915096475 -0.170272804544018 -0.126441118530162 0.185526557437612
-0.0824812586524704 -0.116591789906014 -0.0137307561522797 0.145786454465473
-0.0959206690235542 -0.104577689173516 0.0514865004988348 0.0664791246223459
-0.0953109276958436 -0.113368358984422 0.094007291899168 0.00425626794362501
-0.0932768094322891 -0.178447240642772 0.162826408320481 -0.0248006118152471
0.024659102316836 -0.230551192033463 0.210527212731662 0.0483393127090919
0.185091876448299 -0.155518377373156 0.139070603144062 0.249503544876003
0.303420716248406 0.0590754568911636 -0.0639929732495953 0.313105116398719
0.188172511484138 0.328048021784358 -0.219640338720871 0.198023800126521
-0.0347711558142482 0.454212303158818 -0.155441582330312 0.0995130057073356
-0.184534547724218 0.337703519125294 -0.00117055197239752 -0.0806348980829707
-0.0150989046011828 0.341796425281669 0.255821725504749 -0.0817974917004081
0.177498071164763 0.253495192956682 0.142407558207724 -0.352023097245316
0.25448589366934 0.00152583417270233 -0.164737678108556 -0.311275526228107
0.14333243822107 -0.182607085674463 -0.261633287949808 -0.0474880588013688
-0.019526778888113 -0.203805517138796 -0.156509399845755 0.0968527894170927
-0.0982362008401871 -0.140012628634253 -0.0631314007355765 0.0933952253364405
-0.10748426431412 -0.114491358860281 0.00486288582193306 0.0229578494680471
-0.102454469210716 -0.115429891406129 0.0470903195186816 -0.0411156130097989
-0.102288866708591 -0.185525794856729 0.127286293174613 -0.0905742960688269
0.00900939748375074 -0.246115218239186 0.213479528090195 -0.0503252734104875
0.174567621525155 -0.183790147940164 0.210058416968129 0.171718697992609
0.312800558036714 0.0368478562165529 0.0157559284417434 0.29017706393812
0.195497055587948 0.322842637703182 -0.173439450981545 0.183485049598663
-0.0446745121579945 0.436352564552749 -0.108767268816186 -0.0131025838984957
-0.217481765236763 0.2724568031957 0.0903717778623406 -0.206186799147434
-0.0840847689700502 0.325083526249274 0.283807452576891 -0.120339305300354
0.121859195128196 0.288019960964951 0.213741779020748 -0.322238840699702
0.249461856087126 0.0446122626982611 -0.0389337654791777 -0.331193724302258
0.157845658485397 -0.157793236731489 -0.191544366985409 -0.153390091491635
-0.00582618680255048 -0.196865563351661 -0.173362939578533 -0.00229849806490047
-0.0953052843174869 -0.139987336239467 -0.111187721527227 0.0334945487454767
-0.102328606208331 -0.109158209139724 -0.0417940946117658 -0.0230477474541008
-0.095126197331879 -0.104326572518343 0.00116737348021382 -0.0837088852246042
-0.0932219995008862 -0.168929417137645 0.0902692617497381 -0.144128764825616
0.00685341087684549 -0.227394338300607 0.202980361458206 -0.123323763923889
0.159075267134488 -0.169736674025308 0.246183439022144 0.100236014180887
0.27895799938563 0.0438550993647503 0.0649361074190273 0.251144373666937
0.147929383460304 0.29195084817471 -0.137974032557912 0.15668328795635
-0.0715562857001624 0.358874690118267 -0.065507323278849 -0.111867405641608
-0.193871657317975 0.159705155311011 0.179694854383378 -0.296788676383235
-0.117373802865567 0.231447026442362 0.309170255535477 -0.147252201367977
0.0508439659829615 0.237622188991721 0.261912223886502 -0.274233282974024
0.182533529472736 0.0601621644196932 0.0686857400322827 -0.316560655055601
0.12911078721378 -0.107964830589558 -0.118094954306256 -0.227880316696793
0.00328332864744323 -0.150442591512363 -0.178948282076033 -0.088495095236422
-0.0763576170125346 -0.113508049150279 -0.151781047037642 -0.0216529272351202
-0.081953026214734 -0.0876044841254049 -0.0810684037363882 -0.0638615237924126
-0.0771746988839945 -0.0808057882690647 -0.0351490520866029 -0.122399227426548
-0.0724321176653495 -0.135574502890864 0.0625168027778305 -0.186355018138507
0.0130638912237488 -0.184298889500489 0.194728795634006 -0.171243248650008
0.141785096764636 -0.129542792184596 0.264637324841339 0.0541664254361786
0.217820386702645 0.0694842973262834 0.0910781708442315 0.218036636917018
0.0693616669881275 0.244050091677515 -0.108813734480427 0.126373345829197
-0.105312283027746 0.239938496711124 -0.0194472502052688 -0.180971691801231
-0.125484134981255 0.0239884545331524 0.235666437069087 -0.341172680273039
-0.101923887530683 0.0972038846736394 0.316867725044567 -0.162144474533389
-0.00314728841802241 0.13077597034154 0.282155440264685 -0.235689298102643
0.0879722744808212 0.0456812851786911 0.129473722650755 -0.300218762354106
0.0700684711712097 -0.0497996165073223 -0.0749832720275202 -0.267052928482703
0.00675255367429877 -0.079054783340726 -0.184732499454094 -0.140585748289087
-0.0446325258185329 -0.0671119547173346 -0.178650754972173 -0.0595956630188883
-0.0482504203633662 -0.0542996204034895 -0.108407940503712 -0.0938635203146777
-0.0501914251020795 -0.048496652585308 -0.0579782380350684 -0.153029265167911
-0.046394953303066 -0.088371368404992 0.0496910991311114 -0.217628360211437
0.0166637268685497 -0.126372562098567 0.196572379440752 -0.196550611974107
0.116005395598182 -0.0811249656238346 0.276669489269647 0.0343974725530476
0.14300407330511 0.0897162439784265 0.101714463222912 0.201216017381996
-0.0117389718704245 0.176529312529108 -0.0878849504738232 0.105676933705213
-0.127070469800222 0.098242665756867 0.0276579116248708 -0.210414841884276
0.100390716293633 0.0317607106744774 -0.0367931216040112 0.28216034073585
0.0430300670768866 -0.0742424565359066 0.199333391077807 -0.0477982954616357
-0.0469033295252148 -0.0668804360600968 -0.05853088323702 -0.240910978951553
-0.052396393368391 0.0235214709719483 -0.319080771847902 -0.0761855439748552
-0.00980607042932433 0.0337085954618554 -0.250567361208372 0.213725563413509
0.0185572113391851 0.024512641874631 -0.0492095183646065 0.266078389709582
0.0269753373245237 0.00873357701583724 0.0594702233752896 0.208373932167013
0.00782408494992526 -0.000407481991455871 0.124760640619296 0.134027008526976
-0.0056565416654511 0.00295260715389329 0.172583029697871 0.101191412131775
-0.0183174328507056 0.00047027244966577 0.178658035856268 0.152215220537079
-0.00472652011329947 -0.0165111447916058 0.0712371524368891 0.275197533221817
0.0167455149764068 -0.0231445904593005 -0.145627357237269 0.30862487295763
0.0546159628363471 -0.0184338291462471 -0.297559890523807 0.205958621512232
0.0833145783840248 0.0502392402495761 -0.386489707602697 0.147171719769917
0.067663190148595 0.137230567553747 -0.321076868115604 0.319118546840906
0.0543116469037116 0.160902512513047 -0.077600816769115 0.249369837040014
0.0761954514133176 0.029000689720639 0.202682741265611 -0.0284602427430603
0.0338679635925212 -0.0264077528821581 -0.038580721174141 -0.268425014009029
0.0105753678590028 -0.013681968589206 -0.326443859254402 -0.113138970839884
0.0110368606987921 -0.0371756901093127 -0.275029490954103 0.197682997532054
-0.00445911985271731 -0.0400323684699068 -0.0655382071793649 0.266846502369545
-0.0124129504194253 -0.0346235058052499 0.0493696018840683 0.205432566607677
-0.0333291367717609 -0.0453587799609694 0.115816115393843 0.12723500681612
-0.0415422702414508 -0.0528160916601472 0.161745512533162 0.0840890052967254
-0.038717652967992 -0.0825628034641447 0.18829312632033 0.114627166176327
0.0356969302899314 -0.0985548731193053 0.119828240987086 0.235701192283197
0.112691934631083 -0.0395498166385207 -0.0779673485324277 0.321411014110961
0.140682542839319 0.0680127592860358 -0.248817982599562 0.250684266704844
0.0856793739408125 0.196937257778543 -0.337991684156489 0.165132760431411
-0.00162787149631732 0.289465775729535 -0.277152506349443 0.276027298202897
-0.0231037899860844 0.269958649601163 -0.0898020307431537 0.172797107982808
0.0797666455086947 0.154037666062541 0.216644423007876 -0.0252085110219295
0.116887439129509 0.0526788758739129 0.00471246547993529 -0.311343900591553
0.0984682492876919 -0.0368601839555629 -0.314435135924849 -0.178361034503145
0.048661919846569 -0.109452867956817 -0.297472922896778 0.147595294338222
-0.0207205943157109 -0.109723858744159 -0.0950711186775454 0.241903960378649
-0.0503563967842933 -0.0793660800194305 0.0228075430755016 0.184925585610103
-0.0694154466540682 -0.0828650427098628 0.0899285498636195 0.104599945355889
-0.0731553180507282 -0.0936337869716767 0.134954632320199 0.0499379790689477
-0.067517628188634 -0.145669556367274 0.185598489214536 0.0506041750374748
0.0423369240556217 -0.177357424469877 0.175012858134327 0.156361509944826
0.17226245056921 -0.0930575016935151 0.0291422228650098 0.31046741930336
0.238158630944169 0.0904022479963032 -0.168008386084334 0.298144537355646
0.132693893426437 0.29630232302594 -0.282154690111674 0.185302569357557
-0.034258661372155 0.403877681184425 -0.215872811526831 0.197934818665869
-0.116382287496439 0.333131415975797 -0.0640114997422225 0.0568993216255976
0.0449218114691542 0.273479271705032 0.237043632164687 -0.0408023332988004
0.174283771514012 0.161496268759754 0.0724263624431197 -0.344338406140901
0.193754459585927 -0.0309923808047651 -0.260825362908598 -0.257621563521674
0.0994301892483596 -0.1641825332342 -0.298592210061432 0.0586540127383715
-0.0248806343246698 -0.171317438181876 -0.130727291576672 0.183000201886426
-0.0801682304630801 -0.119151902337858 -0.0175222705869527 0.14679424339739
-0.0950149789804251 -0.10860871737043 0.0513173929083771 0.0685487796578839
-0.0942751123730581 -0.115391306876895 0.094885672140603 0.00678537605349352
-0.092687872965002 -0.180357348273513 0.164187390448776 -0.0214324366695424
0.0261510869154718 -0.230952548839024 0.209036890993892 0.0553927223578413
0.188365431707211 -0.152409406423714 0.13406501061081 0.255725466452645
0.304177335091061 0.0673250492154524 -0.0711958708314626 0.311867165798706
0.183973493729717 0.334861684466337 -0.227610325667456 0.191920203279486
-0.042584705371372 0.455314095703755 -0.159481285762642 0.093106660410449
-0.193916351760545 0.333094363437184 0.00365235036754334 -0.0790410054812808
-0.0245478515019183 0.341949256899781 0.261956650808697 -0.0727602527964556
0.173495005328881 0.259492675753791 0.152176015783475 -0.34853570702409
0.255294190007468 0.00603091850285768 -0.157096988319666 -0.317943855873838
0.14525505058677 -0.180731055236055 -0.260998890652217 -0.0548539315344705
-0.0163450433327536 -0.203920626863343 -0.159677560269627 0.0940930725751482
-0.0956192784370569 -0.142566473555948 -0.0661711286184731 0.0936902939937573
-0.105984265533056 -0.119021038465354 0.00460356992113628 0.0237192843760735
-0.100656149818372 -0.118378431824811 0.0480197036634061 -0.0391717979331935
-0.10125789504215 -0.18637896484129 0.129524127208962 -0.0884083459160521
0.00996882568878243 -0.24710798273215 0.213968261930674 -0.0445330858248032
0.176998806717821 -0.180173442107093 0.208704421114668 0.177703498624971
0.315565597419727 0.0434807715409855 0.00928708015825543 0.291634548919597
0.190720493357483 0.327880722645623 -0.180861960393244 0.178621852111375
-0.0526898307707766 0.435887147063167 -0.110881332466137 -0.0183674879405083
-0.227293151208631 0.267949567593453 0.0981809943743754 -0.203323006153721
-0.0937639191399567 0.323794293958768 0.290467025215542 -0.110197215771063
0.117620452342439 0.291925358152599 0.224028829516979 -0.316707270139394
0.249391078927434 0.0492101286367527 -0.0296238705742145 -0.334729537647207
0.159447494838115 -0.156353356773486 -0.188739377861019 -0.16005757524743
-0.00270275352569674 -0.195947220024987 -0.173879733236549 -0.00549092841450868
-0.0932287330481067 -0.141322705015346 -0.113545924573992 0.0327298297668511
-0.101000073073909 -0.112887352866561 -0.0420244361648159 -0.0228659490229949
-0.0928838649077903 -0.106702035614667 0.00354240171855871 -0.082621583701938
-0.0918952416898929 -0.169876191852446 0.0933501432811444 -0.142667658063089
0.00844504342009188 -0.22840708253564 0.20419674966515 -0.118370083502208
0.161123725763554 -0.166739678219132 0.245612811216518 0.106586500955675
0.279522834436501 0.050087887179068 0.0606548430236714 0.254225063900593
0.144046516459605 0.294912874011648 -0.144586005118732 0.152473197855085
-0.0768573734861405 0.357355451858673 -0.0654366119274187 -0.116098474728407
-0.199698366202885 0.154642279421156 0.18853462085991 -0.291339048357768
-0.123974166192101 0.228832456842307 0.315105739641557 -0.137258302953353
0.0464118779868181 0.239491758728471 0.269593205805403 -0.266369868250352
0.181958199912004 0.0644346876858716 0.0796340217876585 -0.317914863567724
0.130041598576916 -0.10606886340835 -0.11306911495845 -0.234183566170736
0.00593955172851851 -0.149325299247612 -0.178091226902436 -0.0919680658745694
-0.0737819964903643 -0.114322437645001 -0.153177899063259 -0.0229479874324859
-0.0804879293229044 -0.0914554256875057 -0.0821786030444073 -0.0650041274748082
-0.0744666023702867 -0.0831677658110054 -0.0330221623606138 -0.122127779057129
-0.0712415799074291 -0.136308117223813 0.0658653084493512 -0.18488996285258
0.0146168631993456 -0.184273104503237 0.197043851486796 -0.166818715184124
0.143751202835247 -0.126104317761078 0.265011783310808 0.0599123003966482
0.218335766620698 0.0739834862739183 0.0872507429884543 0.221184844923456
0.0651369788468419 0.247327223563875 -0.114316503318928 0.123591350082502
-0.109296034637531 0.237520789824564 -0.0177651200707559 -0.182031328903809
-0.127313948037453 0.020942170424157 0.245986768534744 -0.334087565407712
-0.105028285284561 0.094521114164891 0.321402554700006 -0.151820712799317
-0.00635616000094139 0.130477573396241 0.290089996612296 -0.227934465512649
0.0874121859590988 0.0477833100669147 0.139359069622711 -0.300377377926868
0.0699551997584751 -0.0478184291356053 -0.0693365323193896 -0.272022942319737
0.00863965383826168 -0.0779974884971317 -0.182960982944326 -0.144071842898159
-0.0428571972166551 -0.0671099769363396 -0.179139174821043 -0.0617979070082086
-0.0482805502746312 -0.0570183464131964 -0.109739647320592 -0.0960407118035136
-0.0485142412378638 -0.0501559051057478 -0.05537635763049 -0.153651357863556
-0.0446839591519735 -0.0890268483172535 0.0526914927765098 -0.216530546355562
0.0184603579759805 -0.125992058587664 0.199980558204678 -0.19238217562714
0.117144549103794 -0.0789868332329347 0.277887477444818 0.0413434585380551
0.142504085799583 0.0925340726194118 0.0984635755938256 0.205286392278472
-0.0151156690967997 0.176321210677815 -0.0932151632438274 0.103661144999201
-0.129532352932241 0.0955171153259453 0.0302900091530817 -0.21000801636297
