TRXV5
3
4
4
9
string Extension=J
integer IsArchMeasurement=1
integer IsSpherical=1
string Generator=SPM
string GeneratorVersion=1.3.1 Dev
double ArchRadius=0.449999988079071
integer FrequencyAxisIndex=0
integer AzimuthAxisIndex=1
integer ElevationAxisIndex=2
Frequency
5 136 690000000 960000000 LIN
Azimuth
7 8 0 2.74889357189107 LIN
Elevation
7 15 -2.74889357189107 2.74889357189107 LIN
Polar H Real Part
13
Polar H Imaginary Part
14
Polar V Real Part
13
Polar V Imaginary Part
14
Polar H Magnitude (dB)
12 0xC0000002 0 1
Polar H Phase
7 0xC0000003 0 1
Polar V Magnitude (dB)
12 0xC0000002 2 3
Polar V Phase
7 0xC0000003 2 3
0.101905822753906 -0.136955261230469 0.365020751953125 -0.23388671875
-0.00401306152343748 -0.17486572265625 0.130462646484375 -0.21142578125
-0.121688842773438 -0.0499420166015625 -0.0990219116210938 0.0137557983398437
-0.0997695922851563 0.0483779907226562 0.011566162109375 0.215118408203125
-0.0509872436523438 0.0659294128417969 0.203445434570313 0.194595336914063
-0.0165328979492187 0.0856781005859375 0.36151123046875 0.07354736328125
0.0141220092773437 0.073089599609375 0.41339111328125 -0.09722900390625
-0.00859832763671876 0.0747909545898438 0.395721435546875 -0.1673583984375
-0.0359344482421875 0.0839691162109375 0.3740234375 -0.125762939453125
-0.0703201293945313 0.0592880249023437 0.3355712890625 -0.006988525390625
-0.0847015380859375 -0.0040130615234375 0.236099243164063 0.0652008056640625
-0.06915283203125 -0.0627403259277344 0.116767883300781 0.0804672241210938
0.0250625610351562 -0.117950439453125 0.115402221679687 -0.0100021362304688
0.1505126953125 -0.099822998046875 0.384796142578125 -0.11077880859375
0.2086181640625 -0.03076171875 0.62841796875 0.13134765625
-0.161148071289062 -0.122039794921875 0.3662109375 -0.251922607421875
-0.218368530273437 -0.0880889892578125 0.12945556640625 -0.2232666015625
-0.231475830078125 0.0868377685546875 -0.074432373046875 -0.0164718627929687
-0.111007690429687 0.212890625 0.0235595703125 0.167999267578125
0.025909423828125 0.194076538085938 0.185302734375 0.143295288085938
0.142837524414063 0.148406982421875 0.336669921875 0.03369140625
0.17767333984375 0.0637969970703125 0.370391845703125 -0.122802734375
0.139068603515625 0.0662002563476563 0.35174560546875 -0.19012451171875
0.133499145507813 0.0821685791015625 0.345001220703125 -0.151214599609375
0.0984573364257813 0.109642028808594 0.3260498046875 -0.033233642578125
0.0290374755859375 0.112754821777344 0.233551025390625 0.0348052978515625
-0.0217742919921875 0.104904174804688 0.138191223144531 0.053253173828125
-0.0646247863769531 0.0553054809570312 0.173797607421875 -0.0326385498046875
-0.0612754821777344 0.0124092102050781 0.43621826171875 -0.104095458984375
-0.0549697875976563 0.0184555053710938 0.6708984375 0.14703369140625
-0.396392822265625 -0.07708740234375 0.29534912109375 -0.263214111328125
-0.39605712890625 0.0292358398437499 0.09173583984375 -0.218368530273438
-0.297210693359375 0.223297119140625 -0.0517539978027344 -0.0382194519042969
-0.0926513671875 0.348175048828125 0.0337905883789062 0.104507446289063
0.106658935546875 0.289154052734375 0.146957397460937 0.07305908203125
0.282623291015625 0.1827392578125 0.26702880859375 -0.014007568359375
0.31317138671875 0.04241943359375 0.272735595703125 -0.13104248046875
0.265701293945313 0.0481719970703125 0.252883911132813 -0.185073852539063
0.2872314453125 0.070953369140625 0.258926391601563 -0.156204223632813
0.256591796875 0.152725219726563 0.265411376953125 -0.0577545166015625
0.138656616210937 0.226669311523438 0.194564819335938 -0.00810241699218749
0.020751953125 0.2720947265625 0.146026611328125 0.00933837890625002
-0.163970947265625 0.2235107421875 0.22344970703125 -0.0543060302734375
-0.27838134765625 0.114105224609375 0.440826416015625 -0.075225830078125
-0.317352294921875 0.056243896484375 0.6279296875 0.1627197265625
-0.576171875 0.000122070312500102 0.168685913085938 -0.253250122070313
-0.5081787109375 0.167449951171875 0.02978515625 -0.185165405273438
-0.301727294921875 0.350738525390625 -0.0280914306640625 -0.0502090454101562
-0.04058837890625 0.439361572265625 0.0361518859863281 0.0307731628417969
0.185882568359375 0.335784912109375 0.0859527587890625 -0.00312042236328123
0.384796142578125 0.181365966796875 0.159011840820313 -0.0548248291015625
0.400970458984375 0.011627197265625 0.135993957519531 -0.117843627929688
0.351837158203125 0.022796630859375 0.116714477539063 -0.150665283203125
0.398040771484375 0.050811767578125 0.129173278808594 -0.137924194335938
0.374664306640625 0.176055908203125 0.156494140625 -0.078369140625
0.225738525390625 0.314361572265625 0.12152099609375 -0.060943603515625
0.053802490234375 0.4083251953125 0.133270263671875 -0.0474929809570312
-0.250701904296875 0.35870361328125 0.24822998046875 -0.0727081298828125
-0.461151123046875 0.191680908203125 0.387542724609375 -0.02874755859375
-0.530731201171875 0.08160400390625 0.49749755859375 0.172882080078125
-0.67034912109375 0.0789794921874999 0.00495910644531245 -0.2109375
-0.54998779296875 0.293914794921875 -0.0421218872070313 -0.120323181152344
-0.257568359375 0.4371337890625 -0.00810241699218752 -0.051055908203125
0.031219482421875 0.471923828125 0.0246238708496094 -0.0422821044921875
0.247802734375 0.329742431640625 0.00653076171875002 -0.0688209533691406
0.434722900390625 0.146881103515625 0.0282440185546875 -0.0784072875976563
0.429412841796875 -0.0252685546875 -0.0190200805664062 -0.0815277099609375
0.382568359375 -0.003173828125 -0.0378952026367187 -0.0933074951171875
0.444061279296875 0.025634765625 -0.0244903564453125 -0.101249694824219
0.427978515625 0.173980712890625 0.0163955688476563 -0.0939102172851562
0.27020263671875 0.34930419921875 0.0215988159179688 -0.114860534667969
0.072479248046875 0.4735107421875 0.0974884033203125 -0.108680725097656
-0.298187255859375 0.428375244140625 0.242446899414063 -0.0864410400390625
-0.564697265625 0.23095703125 0.28302001953125 0.02789306640625
-0.656005859375 0.09295654296875 0.299957275390625 0.173675537109375
-0.6708984375 0.13763427734375 -0.177200317382813 -0.146713256835938
-0.518035888671875 0.36029052734375 -0.118682861328125 -0.0357208251953125
-0.187835693359375 0.457855224609375 0.00252151489257811 -0.0391807556152343
0.09124755859375 0.439788818359375 -0.0026092529296875 -0.100303649902344
0.273468017578125 0.27947998046875 -0.0809555053710937 -0.110267639160156
0.422943115234375 0.09307861328125 -0.105377197265625 -0.0761871337890625
0.393890380859375 -0.055938720703125 -0.167007446289062 -0.0278472900390625
0.3555908203125 -0.0286865234375 -0.1865234375 -0.0223541259765625
0.417388916015625 0.00042724609375 -0.177688598632812 -0.054656982421875
0.40533447265625 0.14019775390625 -0.128761291503906 -0.104103088378906
0.261199951171875 0.3172607421875 -0.0802459716796875 -0.159912109375
0.0780029296875 0.444732666015625 0.0511016845703125 -0.160247802734375
-0.28387451171875 0.41424560546875 0.206146240234375 -0.0903472900390625
-0.561065673828125 0.23040771484375 0.145263671875 0.080352783203125
-0.67242431640625 0.0994873046875 0.0729370117187499 0.16204833984375
-0.57427978515625 0.16015625 -0.353363037109375 -0.080078125
-0.424163818359375 0.348297119140625 -0.195098876953125 0.0464935302734375
-0.118316650390625 0.3995361328125 -0.00242042541503907 -0.0168132781982422
0.119171142578125 0.346771240234375 -0.0408477783203125 -0.131439208984375
0.250015258789063 0.197357177734375 -0.159347534179687 -0.123336791992187
0.3470458984375 0.03497314453125 -0.221511840820313 -0.052032470703125
0.302703857421875 -0.0771484375 -0.288299560546875 0.036407470703125
0.27423095703125 -0.0514678955078125 -0.305999755859375 0.0528259277343751
0.320770263671875 -0.027923583984375 -0.303070068359375 -0.00369262695312498
0.314300537109375 0.07501220703125 -0.248458862304687 -0.106201171875
0.210433959960938 0.219314575195313 -0.159896850585938 -0.18743896484375
0.077972412109375 0.327728271484375 0.010009765625 -0.190231323242188
-0.19940185546875 0.327117919921875 0.154495239257813 -0.0799102783203125
-0.446746826171875 0.202880859375 0.00523376464843747 0.124595642089844
-0.57379150390625 0.10479736328125 -0.141647338867188 0.146530151367187
-0.39605712890625 0.14111328125 -0.502044677734375 -0.0325622558593751
-0.280853271484375 0.260650634765625 -0.268951416015625 0.103363037109375
-0.05377197265625 0.273345947265625 -0.0255146026611328 0.012105941772461
0.107498168945313 0.212051391601563 -0.0782623291015625 -0.135536193847656
0.181304931640625 0.09979248046875 -0.216094970703125 -0.113555908203125
0.219482421875 -0.0162811279296875 -0.30462646484375 -0.0153808593750001
0.16815185546875 -0.080047607421875 -0.36541748046875 0.0947875976562499
0.149673461914062 -0.0629730224609375 -0.37774658203125 0.116241455078125
0.173294067382813 -0.0528717041015625 -0.377166748046875 0.043121337890625
0.175933837890625 -0.0084228515625 -0.320709228515625 -0.099639892578125
0.13519287109375 0.0806808471679688 -0.201278686523438 -0.19134521484375
0.08160400390625 0.15728759765625 -0.0143280029296875 -0.196334838867187
-0.0701446533203125 0.201263427734375 0.1048583984375 -0.0574951171875
-0.25390625 0.165206909179688 -0.102767944335938 0.158035278320312
-0.38714599609375 0.115325927734375 -0.30731201171875 0.135772705078125
0.09228515625 -0.164581298828125 0.334625244140625 -0.2783203125
-0.0330352783203125 -0.191513061523438 0.10101318359375 -0.233108520507813
-0.141571044921875 -0.0382537841796875 -0.105010986328125 0.0227890014648437
-0.104537963867188 0.0696258544921875 0.028106689453125 0.216873168945313
-0.0458602905273438 0.0847015380859375 0.220413208007813 0.179550170898438
-0.000137329101562499 0.0999526977539062 0.372314453125 0.04248046875
0.0332183837890625 0.0825576782226563 0.404754638671875 -0.136962890625
0.00823211669921874 0.08648681640625 0.37701416015625 -0.20941162109375
-0.019805908203125 0.101463317871094 0.36309814453125 -0.166717529296875
-0.0650711059570313 0.0815811157226563 0.336669921875 -0.041778564453125
-0.0958786010742188 0.01275634765625 0.249267578125 0.0412139892578125
-0.08843994140625 -0.057220458984375 0.133689880371094 0.0719985961914062
0.00814056396484376 -0.133842468261719 0.120635986328125 -0.00996398925781251
0.14715576171875 -0.134841918945313 0.372772216796875 -0.138153076171875
0.219863891601563 -0.068084716796875 0.63671875 0.0833740234375
-0.168807983398438 -0.123336791992188 0.335113525390625 -0.301605224609375
-0.238983154296875 -0.0835113525390625 0.0995941162109375 -0.247299194335938
-0.23846435546875 0.107696533203125 -0.0842437744140625 -0.0127334594726562
-0.098907470703125 0.2333984375 0.035125732421875 0.165328979492188
0.0434722900390625 0.203994750976563 0.195770263671875 0.125411987304688
0.16424560546875 0.14434814453125 0.338348388671875 -0.000305175781249991
0.194061279296875 0.05450439453125 0.3543701171875 -0.16156005859375
0.154022216796875 0.0620880126953125 0.327056884765625 -0.231109619140625
0.14886474609375 0.08062744140625 0.32745361328125 -0.1942138671875
0.108680725097656 0.112716674804687 0.325469970703125 -0.07293701171875
0.0311355590820312 0.11669921875 0.244216918945313 0.00607299804687501
-0.0226593017578125 0.104827880859375 0.155593872070313 0.0390472412109375
-0.0630912780761719 0.0473213195800781 0.179977416992188 -0.0427093505859375
-0.05279541015625 -0.000133514404296879 0.428009033203125 -0.140411376953125
-0.0396842956542969 0.00905609130859375 0.6851806640625 0.09307861328125
-0.4014892578125 -0.0513916015625 0.2667236328125 -0.310333251953125
-0.4014892578125 0.053375244140625 0.0631103515625 -0.241729736328125
-0.28802490234375 0.24920654296875 -0.0638084411621094 -0.0389213562011719
-0.066925048828125 0.36529541015625 0.038482666015625 0.0994186401367188
0.134033203125 0.288360595703125 0.148590087890625 0.054534912109375
0.304901123046875 0.162322998046875 0.259994506835938 -0.044342041015625
0.32464599609375 0.01739501953125 0.251953125 -0.163131713867188
0.277786254882813 0.0284881591796875 0.226394653320313 -0.21868896484375
0.3006591796875 0.049041748046875 0.238449096679688 -0.19390869140625
0.272171020507813 0.134246826171875 0.261749267578125 -0.0965423583984375
0.155319213867187 0.218276977539063 0.202438354492188 -0.037689208984375
0.0394134521484375 0.268341064453125 0.161331176757812 -0.00962829589843748
-0.145233154296875 0.227615356445313 0.230697631835938 -0.07305908203125
-0.262771606445313 0.126419067382812 0.439788818359375 -0.113311767578125
-0.30157470703125 0.07623291015625 0.64947509765625 0.10882568359375
-0.57159423828125 0.04656982421875 0.144256591796875 -0.292022705078125
-0.495361328125 0.208221435546875 0.00631713867187499 -0.205123901367188
-0.276947021484375 0.374847412109375 -0.0422515869140625 -0.0554885864257812
-0.00244140625000002 0.44683837890625 0.0337696075439453 0.0227890014648438
0.21728515625 0.32269287109375 0.0793609619140625 -0.0185699462890625
0.404052734375 0.14556884765625 0.14447021484375 -0.0790252685546875
0.4053955078125 -0.026397705078125 0.113616943359375 -0.136940002441406
0.359100341796875 -0.009246826171875 0.090850830078125 -0.170852661132812
0.407012939453125 0.0133056640625 0.107574462890625 -0.163955688476563
0.394989013671875 0.142059326171875 0.150421142578125 -0.109664916992187
0.25408935546875 0.2957763671875 0.122245788574219 -0.087371826171875
0.089874267578125 0.40179443359375 0.142379760742188 -0.0690155029296875
-0.21929931640625 0.373504638671875 0.2550048828125 -0.0989227294921875
-0.44110107421875 0.227203369140625 0.396148681640625 -0.064056396484375
-0.516845703125 0.12762451171875 0.52532958984375 0.130859375
-0.66015625 0.14263916015625 -0.0106506347656251 -0.23822021484375
-0.51885986328125 0.344696044921875 -0.056121826171875 -0.135169982910156
-0.21856689453125 0.458984375 -0.0225181579589844 -0.06097412109375
0.076995849609375 0.469146728515625 0.0141258239746094 -0.0504226684570312
0.2801513671875 0.30511474609375 -0.00689697265624998 -0.0786514282226562
0.447967529296875 0.100250244140625 0.010009765625 -0.091827392578125
0.42535400390625 -0.06890869140625 -0.0383758544921875 -0.0854949951171875
0.384002685546875 -0.0435791015625 -0.0588836669921875 -0.0970687866210937
0.448760986328125 -0.02117919921875 -0.0445785522460937 -0.111618041992188
0.448333740234375 0.1282958984375 0.00655364990234378 -0.113121032714844
0.304931640625 0.325286865234375 0.0151519775390625 -0.133491516113281
0.12103271484375 0.46636962890625 0.0990829467773438 -0.129463195800781
-0.2572021484375 0.451568603515625 0.247482299804688 -0.117462158203125
-0.5439453125 0.283172607421875 0.297637939453125 -0.000762939453124983
-0.6456298828125 0.1583251953125 0.330474853515625 0.14886474609375
-0.65716552734375 0.21124267578125 -0.182647705078125 -0.156707763671875
-0.479522705078125 0.416259765625 -0.120132446289063 -0.0433883666992187
-0.140777587890625 0.476715087890625 -0.00882339477539063 -0.0512962341308593
0.139801025390625 0.42840576171875 -0.0184707641601562 -0.105743408203125
0.302093505859375 0.24609375 -0.096710205078125 -0.111747741699219
0.427337646484375 0.041656494140625 -0.122894287109375 -0.0766830444335938
0.383026123046875 -0.10174560546875 -0.17974853515625 -0.015716552734375
0.3507080078125 -0.0712890625 -0.198989868164062 -0.00912475585937505
0.415313720703125 -0.04962158203125 -0.19281005859375 -0.0467987060546875
0.422210693359375 0.091278076171875 -0.141403198242188 -0.107940673828125
0.29736328125 0.2879638671875 -0.0944671630859375 -0.168930053710937
0.1280517578125 0.435638427734375 0.045135498046875 -0.177978515625
-0.239166259765625 0.438873291015625 0.208480834960937 -0.119827270507812
-0.538726806640625 0.2889404296875 0.16485595703125 0.0643310546875
-0.66363525390625 0.173583984375 0.103866577148437 0.16021728515625
-0.565673828125 0.22760009765625 -0.35028076171875 -0.0697021484375001
-0.38714599609375 0.40380859375 -0.186050415039063 0.048309326171875
-0.07318115234375 0.414947509765625 -0.00985145568847657 -0.028390884399414
0.163177490234375 0.33270263671875 -0.0584335327148438 -0.1334228515625
0.274581909179688 0.163436889648438 -0.175918579101562 -0.114959716796875
0.34716796875 -0.0130615234375 -0.234268188476562 -0.038848876953125
0.287506103515625 -0.116943359375 -0.291595458984375 0.062042236328125
0.263687133789063 -0.0873870849609375 -0.308746337890625 0.0796813964843751
0.313140869140625 -0.070587158203125 -0.31109619140625 0.02032470703125
0.31988525390625 0.030853271484375 -0.26116943359375 -0.0955047607421875
0.235748291015625 0.191192626953125 -0.178024291992187 -0.185455322265625
0.120819091796875 0.314910888671875 -0.00173950195312499 -0.202392578125
-0.159576416015625 0.345001220703125 0.155548095703125 -0.10443115234375
-0.425537109375 0.255767822265625 0.0294189453125 0.124374389648438
-0.5677490234375 0.1771240234375 -0.114273071289063 0.166458129882813
-0.39190673828125 0.194854736328125 -0.49627685546875 -0.00323486328124989
-0.255096435546875 0.305511474609375 -0.2540283203125 0.11480712890625
-0.019744873046875 0.288848876953125 -0.0297718048095703 0.00335693359375001
0.141143798828125 0.201416015625 -0.0980148315429687 -0.131858825683594
0.199264526367188 0.072601318359375 -0.23175048828125 -0.0955352783203125
0.21649169921875 -0.052001953125 -0.310638427734375 0.01104736328125
0.150680541992188 -0.109329223632812 -0.359832763671875 0.13323974609375
0.136634826660156 -0.0875473022460938 -0.37042236328125 0.153900146484375
0.160385131835938 -0.081146240234375 -0.378692626953125 0.0775756835937501
0.170013427734375 -0.040130615234375 -0.332611083984375 -0.0779724121093751
0.146392822265625 0.05572509765625 -0.219970703125 -0.181365966796875
0.107192993164063 0.140640258789063 -0.0293731689453125 -0.201919555664063
-0.037811279296875 0.2086181640625 0.105644226074219 -0.0737991333007812
-0.233474731445313 0.204132080078125 -0.0763702392578125 0.171859741210938
-0.379608154296875 0.172943115234375 -0.28240966796875 0.173828125
0.07275390625 -0.185562133789063 0.28387451171875 -0.3037109375
-0.0668182373046875 -0.1959228515625 0.063201904296875 -0.239120483398438
-0.1556396484375 -0.0195465087890625 -0.106903076171875 0.0326004028320312
-0.100570678710938 0.0896453857421875 0.0419464111328125 0.210968017578125
-0.0341033935546875 0.0999832153320313 0.227096557617188 0.158935546875
0.0204315185546875 0.107040405273438 0.364410400390625 0.01129150390625
0.0545806884765625 0.0833892822265625 0.377197265625 -0.1680908203125
0.0290603637695312 0.0911636352539063 0.341644287109375 -0.239105224609375
0.00296783447265626 0.111885070800781 0.333892822265625 -0.19769287109375
-0.0517578125 0.100822448730469 0.321990966796875 -0.072235107421875
-0.099365234375 0.0327911376953125 0.248886108398437 0.014251708984375
-0.104591369628906 -0.0439605712890625 0.1453857421875 0.0574493408203125
-0.0144500732421875 -0.142044067382813 0.124374389648437 -0.00946044921875001
0.131088256835938 -0.166412353515625 0.345916748046875 -0.154388427734375
0.21484375 -0.106536865234375 0.61517333984375 0.04144287109375
-0.173690795898437 -0.122268676757813 0.284271240234375 -0.331512451171875
-0.2530517578125 -0.073516845703125 0.060791015625 -0.25579833984375
-0.236495971679688 0.12713623046875 -0.0912628173828125 -0.00605773925781249
-0.0817108154296875 0.246795654296875 0.042724609375 0.15802001953125
0.06195068359375 0.206024169921875 0.195220947265625 0.104690551757813
0.181259155273438 0.134292602539063 0.323211669921875 -0.02923583984375
0.204071044921875 0.0409698486328125 0.32293701171875 -0.188690185546875
0.166351318359375 0.05303955078125 0.28564453125 -0.257537841796875
0.16131591796875 0.0747833251953125 0.291015625 -0.224395751953125
0.117713928222656 0.1116943359375 0.305999755859375 -0.107147216796875
0.031982421875 0.119400024414062 0.240829467773437 -0.024139404296875
-0.0254669189453125 0.103553771972656 0.164993286132813 0.0193023681640625
-0.0644378662109375 0.0373992919921875 0.180435180664063 -0.0512542724609375
-0.0486526489257813 -0.0183258056640625 0.403564453125 -0.16510009765625
-0.0258121490478516 -0.00741195678710937 0.6693115234375 0.03973388671875
-0.38836669921875 -0.03033447265625 0.218841552734375 -0.340057373046875
-0.394378662109375 0.07366943359375 0.0266571044921875 -0.250198364257813
-0.26995849609375 0.26416015625 -0.0756683349609375 -0.0353851318359375
-0.038116455078125 0.36578369140625 0.0394363403320313 0.0908355712890625
0.154556274414063 0.276458740234375 0.140945434570313 0.0374603271484375
0.31396484375 0.136199951171875 0.23809814453125 -0.0678253173828125
0.3231201171875 -0.008209228515625 0.218002319335938 -0.181121826171875
0.279312133789063 0.0069427490234375 0.185958862304688 -0.235748291015625
0.302093505859375 0.02703857421875 0.2010498046875 -0.217575073242188
0.277008056640625 0.113677978515625 0.241409301757813 -0.129043579101563
0.162582397460938 0.203872680664063 0.195938110351563 -0.0677947998046875
0.0526275634765625 0.254714965820313 0.166839599609375 -0.0323028564453125
-0.126144409179688 0.21844482421875 0.228240966796875 -0.0901641845703125
-0.240402221679688 0.126419067382813 0.420501708984375 -0.143798828125
-0.274032592773438 0.08416748046875 0.64276123046875 0.0555419921875
-0.542449951171875 0.0849609374999999 0.10577392578125 -0.317901611328125
-0.463531494140625 0.2335205078125 -0.0232696533203125 -0.213912963867187
-0.244537353515625 0.38189697265625 -0.057586669921875 -0.0560798645019531
0.03253173828125 0.435638427734375 0.0266036987304688 0.0164737701416016
0.236236572265625 0.296905517578125 0.0657920837402344 -0.0302238464355469
0.402557373046875 0.10882568359375 0.119483947753906 -0.0932388305664063
0.389923095703125 -0.06048583984375 0.0843353271484375 -0.144577026367188
0.34918212890625 -0.038665771484375 0.057403564453125 -0.177566528320312
0.396697998046875 -0.02203369140625 0.0751190185546875 -0.177581787109375
0.39422607421875 0.1043701171875 0.130317687988281 -0.135231018066406
0.267974853515625 0.266555786132813 0.112892150878906 -0.111404418945312
0.1162109375 0.37890625 0.143173217773438 -0.09222412109375
-0.18389892578125 0.36822509765625 0.250503540039063 -0.12335205078125
-0.4053955078125 0.244873046875 0.38720703125 -0.097808837890625
-0.47918701171875 0.15924072265625 0.529876708984375 0.082672119140625
-0.61834716796875 0.19476318359375 -0.034881591796875 -0.255889892578125
-0.467193603515625 0.37109375 -0.0739135742187501 -0.143798828125
-0.17327880859375 0.455841064453125 -0.0385932922363281 -0.0643653869628906
0.11383056640625 0.442718505859375 0.00190734863281251 -0.0539741516113281
0.294677734375 0.2689208984375 -0.0224685668945312 -0.0818710327148438
0.435577392578125 0.055511474609375 -0.0129623413085937 -0.094879150390625
0.3997802734375 -0.10687255859375 -0.0575714111328125 -0.0814361572265625
0.36517333984375 -0.077239990234375 -0.0802688598632812 -0.0920944213867187
0.4287109375 -0.063934326171875 -0.0673294067382812 -0.112106323242188
0.442047119140625 0.080108642578125 -0.010223388671875 -0.125938415527344
0.3226318359375 0.285675048828125 0.00202941894531253 -0.147079467773437
0.157196044921875 0.43585205078125 0.0933990478515625 -0.149139404296875
-0.208770751953125 0.450408935546875 0.239120483398438 -0.145004272460938
-0.499053955078125 0.3145751953125 0.29876708984375 -0.031646728515625
-0.601318359375 0.206298828125 0.346160888671875 0.1123046875
-0.61041259765625 0.26568603515625 -0.187454223632813 -0.163589477539062
-0.41632080078125 0.44586181640625 -0.123466491699219 -0.0514755249023437
-0.0916748046875 0.4686279296875 -0.02386474609375 -0.0583915710449218
0.175323486328125 0.39361572265625 -0.0341110229492187 -0.104591369628906
0.311065673828125 0.204437255859375 -0.111312866210937 -0.106071472167969
0.407806396484375 -0.003082275390625 -0.138931274414062 -0.0696945190429688
0.350616455078125 -0.1370849609375 -0.185012817382812 -0.000427246093750042
0.3260498046875 -0.103912353515625 -0.204299926757813 0.00593566894531247
0.389617919921875 -0.092041015625 -0.203460693359375 -0.0344085693359375
0.41015625 0.041534423828125 -0.152725219726562 -0.10687255859375
0.312347412109375 0.245941162109375 -0.108489990234375 -0.17034912109375
0.16656494140625 0.401641845703125 0.0331878662109375 -0.190139770507812
-0.187286376953125 0.43896484375 0.198883056640625 -0.145767211914062
-0.491241455078125 0.32745361328125 0.176315307617188 0.04193115234375
-0.6182861328125 0.2327880859375 0.129531860351562 0.143203735351563
-0.523345947265625 0.28106689453125 -0.33819580078125 -0.064971923828125
-0.327301025390625 0.43292236328125 -0.17425537109375 0.041778564453125
-0.02459716796875 0.4080810546875 -0.0214920043945313 -0.0364303588867187
0.194305419921875 0.300445556640625 -0.0747909545898437 -0.127174377441406
0.280319213867188 0.122360229492188 -0.186325073242187 -0.0997161865234375
0.3238525390625 -0.05511474609375 -0.238861083984375 -0.0217437744140625
0.253173828125 -0.145370483398438 -0.282501220703125 0.08538818359375
0.23809814453125 -0.113067626953125 -0.297760009765625 0.103790283203125
0.2840576171875 -0.105010986328125 -0.30810546875 0.0432739257812501
0.30401611328125 -0.01123046875 -0.267044067382813 -0.0807037353515625
0.24493408203125 0.153411865234375 -0.191024780273437 -0.176361083984375
0.150970458984375 0.282867431640625 -0.0166015625 -0.207199096679687
-0.1129150390625 0.342254638671875 0.146484375 -0.12542724609375
-0.380889892578125 0.2923583984375 0.0514755249023437 0.1131591796875
-0.524658203125 0.234130859375 -0.07830810546875 0.1705322265625
-0.363739013671875 0.239593505859375 -0.470672607421875 0.01678466796875
-0.211669921875 0.333465576171875 -0.23260498046875 0.115325927734375
0.017059326171875 0.287872314453125 -0.0367774963378906 -0.00391769409179686
0.166412353515625 0.176528930664063 -0.112716674804687 -0.120033264160156
0.202880859375 0.039337158203125 -0.23577880859375 -0.0722503662109375
0.19683837890625 -0.083587646484375 -0.303497314453125 0.035980224609375
0.121635437011719 -0.127418518066406 -0.337799072265625 0.16119384765625
0.112747192382813 -0.104347229003906 -0.3450927734375 0.182159423828125
0.134994506835938 -0.101417541503906 -0.361328125 0.106658935546875
0.150115966796875 -0.0670928955078125 -0.330078125 -0.0533447265625
0.144821166992188 0.0278167724609375 -0.229629516601563 -0.164749145507813
0.123390197753906 0.113311767578125 -0.0437774658203125 -0.201339721679687
-0.00392150878906251 0.200057983398438 0.099945068359375 -0.0878448486328125
-0.1968994140625 0.23004150390625 -0.045135498046875 0.171737670898438
-0.3447265625 0.22198486328125 -0.239990234375 0.198074340820313
0.051971435546875 -0.1986083984375 0.23443603515625 -0.303619384765625
-0.0965118408203125 -0.191131591796875 0.03131103515625 -0.228958129882812
-0.163040161132813 -0.000167846679687482 -0.106086730957031 0.0413589477539062
-0.0935440063476563 0.107086181640625 0.0485076904296875 0.202743530273438
-0.0215225219726562 0.110816955566406 0.22357177734375 0.1422119140625
0.0399856567382813 0.108779907226562 0.348907470703125 -0.00656127929687499
0.0733489990234375 0.0787429809570313 0.347442626953125 -0.178680419921875
0.0479278564453125 0.0892562866210938 0.304443359375 -0.2467041015625
0.0263900756835937 0.114601135253906 0.300750732421875 -0.20941162109375
-0.0339431762695313 0.113845825195312 0.29998779296875 -0.089752197265625
-0.097412109375 0.0518798828125 0.239181518554688 -0.0052642822265625
-0.1146240234375 -0.0286026000976563 0.14971923828125 0.0435791015625
-0.035125732421875 -0.143157958984375 0.128395080566406 -0.00839233398437501
0.108657836914063 -0.188232421875 0.32049560546875 -0.15118408203125
0.200546264648437 -0.136871337890625 0.582275390625 0.02215576171875
-0.175186157226563 -0.124847412109375 0.2322998046875 -0.335235595703125
-0.263351440429688 -0.06573486328125 0.0268402099609375 -0.248306274414063
-0.23223876953125 0.140243530273438 -0.0954513549804688 0.00192260742187499
-0.0671844482421875 0.252944946289062 0.044342041015625 0.150070190429688
0.0751190185546875 0.20489501953125 0.185745239257813 0.0904388427734375
0.190582275390625 0.125259399414063 0.300933837890625 -0.045257568359375
0.2100830078125 0.030670166015625 0.28717041015625 -0.194610595703125
0.173263549804687 0.04510498046875 0.244644165039063 -0.259597778320313
0.17132568359375 0.0701141357421875 0.252899169921875 -0.232833862304688
0.12359619140625 0.112686157226563 0.279464721679687 -0.126861572265625
0.0305099487304688 0.1243896484375 0.228851318359375 -0.04681396484375
-0.0310821533203125 0.102951049804688 0.16705322265625 0.00111389160156251
-0.0713577270507813 0.0250244140625 0.180068969726563 -0.0553741455078125
-0.0504608154296875 -0.0383949279785156 0.376220703125 -0.1712646484375
-0.0191764831542969 -0.0296478271484375 0.636474609375 0.0107421875
-0.36920166015625 -0.02362060546875 0.17138671875 -0.346435546875
-0.3826904296875 0.080902099609375 -0.00592041015625003 -0.244644165039063
-0.255950927734375 0.268814086914063 -0.0845870971679688 -0.0293960571289062
-0.020172119140625 0.359466552734375 0.0353546142578125 0.0849609375
0.163345336914062 0.263214111328125 0.127006530761719 0.0273818969726563
0.311981201171875 0.1175537109375 0.211883544921875 -0.077362060546875
0.31402587890625 -0.024200439453125 0.184799194335938 -0.18194580078125
0.273910522460938 -0.0054931640625 0.147552490234375 -0.234512329101563
0.296875 0.01361083984375 0.162994384765625 -0.223220825195313
0.2716064453125 0.100784301757813 0.213119506835938 -0.147857666015625
0.160247802734375 0.19293212890625 0.18145751953125 -0.0894622802734375
0.0533599853515625 0.239791870117188 0.165435791015625 -0.0523681640625
-0.117401123046875 0.199951171875 0.223541259765625 -0.100997924804687
-0.222702026367188 0.112930297851562 0.397857666015625 -0.157623291015625
-0.24664306640625 0.075714111328125 0.6187744140625 0.02166748046875
-0.505035400390625 0.0982360839843749 0.066680908203125 -0.325286865234375
-0.43231201171875 0.235809326171875 -0.0508270263671875 -0.212890625
-0.220672607421875 0.373046875 -0.0701637268066406 -0.0519752502441406
0.050018310546875 0.4127197265625 0.0179176330566406 0.0133609771728516
0.238510131835938 0.273223876953125 0.049468994140625 -0.0341262817382812
0.38861083984375 0.0843505859375 0.0941848754882813 -0.0952911376953125
0.3685302734375 -0.078155517578125 0.0582427978515625 -0.139808654785156
0.333404541015625 -0.05487060546875 0.0272216796875 -0.171340942382812
0.37921142578125 -0.041717529296875 0.04449462890625 -0.178512573242188
0.38006591796875 0.078399658203125 0.104995727539063 -0.14923095703125
0.266326904296875 0.242034912109375 0.097869873046875 -0.128883361816406
0.12542724609375 0.350372314453125 0.137931823730469 -0.110923767089844
-0.159576416015625 0.348114013671875 0.241500854492188 -0.139022827148437
-0.3712158203125 0.240020751953125 0.370697021484375 -0.11627197265625
-0.4365234375 0.163055419921875 0.51556396484375 0.047698974609375
-0.56536865234375 0.2125244140625 -0.0583648681640626 -0.265625
-0.4190673828125 0.370758056640625 -0.0918121337890625 -0.148712158203125
-0.143707275390625 0.436065673828125 -0.0536918640136719 -0.0635833740234375
0.129180908203125 0.410919189453125 -0.0106468200683594 -0.0533294677734375
0.2901611328125 0.23779296875 -0.0377731323242187 -0.0799789428710938
0.4110107421875 0.0296630859375 -0.03289794921875 -0.0904693603515625
0.36761474609375 -0.1221923828125 -0.0724411010742187 -0.0722503662109375
0.340301513671875 -0.092620849609375 -0.0973663330078125 -0.0817642211914062
0.40008544921875 -0.0858154296875 -0.0873184204101562 -0.106948852539062
0.42144775390625 0.049072265625 -0.0286483764648437 -0.133613586425781
0.31951904296875 0.251708984375 -0.0111083984375 -0.156753540039063
0.1705322265625 0.400604248046875 0.084442138671875 -0.163681030273437
-0.176513671875 0.429168701171875 0.2269287109375 -0.1619873046875
-0.455474853515625 0.3192138671875 0.29052734375 -0.05377197265625
-0.550018310546875 0.224578857421875 0.347076416015625 0.081817626953125
-0.553985595703125 0.28753662109375 -0.192520141601562 -0.173416137695313
-0.359832763671875 0.443145751953125 -0.129753112792969 -0.0619430541992187
-0.058929443359375 0.44189453125 -0.0388870239257813 -0.0613021850585937
0.18853759765625 0.355224609375 -0.04693603515625 -0.100418090820312
0.30181884765625 0.169677734375 -0.121749877929687 -0.098175048828125
0.3759765625 -0.029510498046875 -0.149078369140625 -0.0602569580078125
0.31317138671875 -0.14959716796875 -0.186691284179687 0.01104736328125
0.2967529296875 -0.116973876953125 -0.206268310546875 0.018768310546875
0.3544921875 -0.112945556640625 -0.208587646484375 -0.023712158203125
0.3848876953125 0.00994873046875 -0.16259765625 -0.105606079101563
0.30828857421875 0.208221435546875 -0.119064331054687 -0.170394897460938
0.1815185546875 0.36419677734375 0.0222320556640625 -0.197906494140625
-0.150482177734375 0.41796875 0.185028076171875 -0.163299560546875
-0.4437255859375 0.339569091796875 0.179183959960938 0.0204925537109375
-0.5628662109375 0.25933837890625 0.146163940429687 0.122039794921875
-0.470306396484375 0.307464599609375 -0.325164794921875 -0.071014404296875
-0.270843505859375 0.435028076171875 -0.167816162109375 0.0277099609375001
0.00939941406250002 0.385009765625 -0.0344352722167969 -0.0426063537597656
0.207015991210937 0.262847900390625 -0.0859146118164062 -0.118545532226563
0.270294189453125 0.0880889892578125 -0.188812255859375 -0.0865325927734375
0.29168701171875 -0.077423095703125 -0.237411499023438 -0.00923156738281256
0.215927124023437 -0.1549072265625 -0.269241333007812 0.097625732421875
0.20733642578125 -0.123291015625 -0.283538818359375 0.1168212890625
0.250289916992188 -0.120086669921875 -0.29888916015625 0.0570068359375
0.275253295898438 -0.0372314453125 -0.267364501953125 -0.071990966796875
0.23748779296875 0.120330810546875 -0.197555541992188 -0.167739868164063
0.161407470703125 0.246612548828125 -0.02813720703125 -0.207977294921875
-0.079864501953125 0.3223876953125 0.134452819824219 -0.139701843261719
-0.33465576171875 0.30474853515625 0.0655288696289062 0.0960540771484375
-0.470794677734375 0.264373779296875 -0.047088623046875 0.160568237304688
-0.326812744140625 0.264801025390625 -0.442108154296875 0.0158996582031251
-0.16845703125 0.341339111328125 -0.215347290039063 0.101654052734375
0.0452728271484375 0.275360107421875 -0.045379638671875 -0.00944137573242185
0.1785888671875 0.148773193359375 -0.12103271484375 -0.107406616210937
0.195480346679687 0.01263427734375 -0.2313232421875 -0.05426025390625
0.170578002929688 -0.102096557617187 -0.28961181640625 0.05078125
0.0908966064453125 -0.1324462890625 -0.31011962890625 0.173370361328125
0.0877532958984375 -0.108772277832031 -0.317474365234375 0.193450927734375
0.10662841796875 -0.107841491699219 -0.34033203125 0.12030029296875
0.124038696289063 -0.0825958251953125 -0.322998046875 -0.0401916503906249
0.133575439453125 0.00420379638671875 -0.229583740234375 -0.150894165039063
0.127349853515625 0.0847091674804688 -0.0533447265625 -0.197357177734375
0.0201873779296875 0.181365966796875 0.0921173095703125 -0.0978012084960937
-0.15826416015625 0.23858642578125 -0.0198516845703125 0.159881591796875
-0.30084228515625 0.247161865234375 -0.195724487304688 0.19842529296875
0.0338287353515625 -0.208526611328125 0.197357177734375 -0.289215087890625
-0.121688842773438 -0.183029174804687 0.00909423828125002 -0.213760375976563
-0.168655395507813 0.016815185546875 -0.106636047363281 0.0486297607421875
-0.0859375 0.122566223144531 0.0499420166015625 0.19921875
-0.00934600830078126 0.119598388671875 0.2171630859375 0.135116577148438
0.0585708618164062 0.107612609863281 0.3365478515625 -0.011260986328125
0.090606689453125 0.0716400146484375 0.327789306640625 -0.176177978515625
0.06524658203125 0.0846099853515625 0.279220581054688 -0.241775512695313
0.0472488403320312 0.113174438476562 0.278366088867188 -0.208953857421875
-0.0169296264648437 0.12255859375 0.283050537109375 -0.093963623046875
-0.093414306640625 0.0689697265625 0.229949951171875 -0.0160064697265625
-0.122482299804688 -0.0135726928710937 0.152694702148438 0.0327301025390625
-0.0536956787109375 -0.142486572265625 0.136444091796875 -0.00551605224609376
0.0860748291015625 -0.205230712890625 0.3084716796875 -0.13671875
0.1846923828125 -0.159347534179687 0.55718994140625 0.0272216796875
-0.178451538085938 -0.134689331054687 0.192291259765625 -0.325592041015625
-0.27520751953125 -0.06207275390625 0.00199890136718746 -0.23516845703125
-0.232147216796875 0.149154663085938 -0.0991134643554688 0.00948333740234374
-0.058563232421875 0.258346557617188 0.0413360595703125 0.146484375
0.0841064453125 0.206512451171875 0.175155639648438 0.084930419921875
0.200714111328125 0.12054443359375 0.282989501953125 -0.04718017578125
0.216812133789063 0.023651123046875 0.262741088867188 -0.18865966796875
0.181488037109375 0.0394134521484375 0.217666625976563 -0.251953125
0.18212890625 0.0679473876953125 0.223541259765625 -0.228958129882812
0.130279541015625 0.116081237792969 0.255828857421875 -0.134033203125
0.02862548828125 0.132919311523438 0.215728759765625 -0.0601043701171875
-0.0404434204101563 0.106346130371094 0.167404174804688 -0.01251220703125
-0.08404541015625 0.0144500732421875 0.18402099609375 -0.0561370849609375
-0.0588150024414063 -0.0600090026855469 0.361541748046875 -0.16363525390625
-0.0181350708007813 -0.0530815124511719 0.61175537109375 0.0069580078125
-0.357177734375 -0.0317993164062501 0.13372802734375 -0.341033935546875
-0.3802490234375 0.0782470703124999 -0.029510498046875 -0.234848022460937
-0.251861572265625 0.267410278320313 -0.0926055908203125 -0.0227279663085937
-0.0137939453125 0.356109619140625 0.028717041015625 0.08331298828125
0.16717529296875 0.25811767578125 0.11322021484375 0.0254745483398438
0.31072998046875 0.111175537109375 0.191558837890625 -0.07513427734375
0.30926513671875 -0.02947998046875 0.16131591796875 -0.17254638671875
0.27203369140625 -0.0103759765625 0.119430541992188 -0.222610473632812
0.294891357421875 0.010101318359375 0.135116577148438 -0.217803955078125
0.26763916015625 0.098114013671875 0.189071655273438 -0.154953002929688
0.153900146484375 0.191131591796875 0.16741943359375 -0.103515625
0.04486083984375 0.232086181640625 0.163787841796875 -0.0679168701171875
-0.121810913085937 0.181854248046875 0.223098754882813 -0.1058349609375
-0.21832275390625 0.0914764404296875 0.38397216796875 -0.15753173828125
-0.230331420898438 0.054351806640625 0.5968017578125 0.00897216796875001
-0.47802734375 0.092041015625 0.035186767578125 -0.326416015625
-0.41595458984375 0.226287841796875 -0.072540283203125 -0.207794189453125
-0.21319580078125 0.360443115234375 -0.0820236206054688 -0.0466995239257812
0.053375244140625 0.4017333984375 0.00766372680664063 0.0131282806396485
0.233428955078125 0.262466430664063 0.0345439910888672 -0.033212661743164
0.375823974609375 0.077301025390625 0.0741348266601563 -0.0889358520507813
0.35394287109375 -0.080078125 0.0387115478515625 -0.128662109375
0.321258544921875 -0.05810546875 0.00408935546875002 -0.159210205078125
0.366058349609375 -0.0460205078125 0.018524169921875 -0.171417236328125
0.365478515625 0.069732666015625 0.082427978515625 -0.157806396484375
0.256179809570313 0.231246948242188 0.0841522216796875 -0.141799926757812
0.119415283203125 0.33319091796875 0.132987976074219 -0.126983642578125
-0.1553955078125 0.32476806640625 0.238525390625 -0.148422241210938
-0.3548583984375 0.222412109375 0.360626220703125 -0.12554931640625
-0.406982421875 0.1494140625 0.5025634765625 0.029266357421875
-0.529388427734375 0.206878662109375 -0.0793609619140625 -0.273239135742188
-0.390869140625 0.35308837890625 -0.10955810546875 -0.1517333984375
-0.133941650390625 0.4130859375 -0.0680694580078125 -0.0609931945800781
0.12750244140625 0.38775634765625 -0.0210952758789062 -0.0510520935058594
0.2783203125 0.222320556640625 -0.0505828857421875 -0.0756683349609375
0.38787841796875 0.0224609375 -0.0493011474609375 -0.0825042724609375
0.34478759765625 -0.121307373046875 -0.08477783203125 -0.06207275390625
0.32086181640625 -0.0946044921875 -0.111404418945312 -0.0705795288085938
0.3775634765625 -0.089141845703125 -0.1043701171875 -0.100112915039063
0.400634765625 0.03643798828125 -0.0463485717773437 -0.138916015625
0.3087158203125 0.233062744140625 -0.023712158203125 -0.165939331054687
0.16888427734375 0.375579833984375 0.0768890380859375 -0.176834106445312
-0.163909912109375 0.40374755859375 0.217971801757812 -0.174972534179687
-0.428192138671875 0.308380126953125 0.284423828125 -0.067657470703125
-0.510955810546875 0.217437744140625 0.343994140625 0.061981201171875
-0.511505126953125 0.28729248046875 -0.20037841796875 -0.188385009765625
-0.322662353515625 0.4251708984375 -0.140151977539063 -0.0739822387695312
-0.0458984375 0.4149169921875 -0.0537796020507813 -0.0614700317382812
0.1861572265625 0.326385498046875 -0.056976318359375 -0.0963058471679687
0.284820556640625 0.1514892578125 -0.129898071289063 -0.0918197631835937
0.347076416015625 -0.035888671875 -0.158126831054687 -0.052337646484375
0.28564453125 -0.146453857421875 -0.188629150390625 0.01763916015625
0.272247314453125 -0.116485595703125 -0.209014892578125 0.02740478515625
0.3258056640625 -0.115570068359375 -0.215591430664062 -0.01690673828125
0.35693359375 -0.004638671875 -0.174346923828125 -0.106399536132813
0.2955322265625 0.187347412109375 -0.127883911132812 -0.173965454101563
0.1807861328125 0.33489990234375 0.0142974853515625 -0.206298828125
-0.1329345703125 0.394073486328125 0.174301147460937 -0.174774169921875
-0.4095458984375 0.332122802734375 0.179214477539062 0.00334167480468752
-0.516815185546875 0.258758544921875 0.156448364257812 0.102218627929688
-0.4315185546875 0.31219482421875 -0.318328857421875 -0.0905761718749999
-0.233856201171875 0.423675537109375 -0.170318603515625 0.00927734375000003
0.02593994140625 0.36187744140625 -0.0479774475097656 -0.0459403991699219
0.206466674804688 0.232742309570312 -0.0943603515625 -0.111763000488281
0.253372192382813 0.0672454833984375 -0.19036865234375 -0.0792999267578125
0.262161254882813 -0.0843658447265625 -0.237258911132812 -0.00280761718749996
0.186737060546875 -0.149307250976563 -0.260574340820313 0.101638793945312
0.182937622070313 -0.121810913085937 -0.275924682617188 0.12164306640625
0.222183227539062 -0.119766235351562 -0.295440673828125 0.062408447265625
0.246902465820312 -0.04718017578125 -0.269577026367188 -0.0704193115234375
0.222549438476563 0.0991668701171875 -0.201202392578125 -0.165390014648437
0.160202026367188 0.218368530273438 -0.03509521484375 -0.210968017578125
-0.061279296875 0.299285888671875 0.124893188476563 -0.149002075195312
-0.298095703125 0.301849365234375 0.0734710693359375 0.0792465209960938
-0.425811767578125 0.273223876953125 -0.02423095703125 0.144027709960938
-0.299102783203125 0.277618408203125 -0.424224853515625 -0.000640869140624916
-0.1357421875 0.340423583984375 -0.211181640625 0.080780029296875
0.0638275146484375 0.261627197265625 -0.0567512512207031 -0.0139884948730468
0.182785034179688 0.125595092773438 -0.125419616699219 -0.0988540649414062
0.184402465820313 -0.007415771484375 -0.225387573242187 -0.04461669921875
0.146530151367187 -0.109695434570312 -0.279434204101562 0.056304931640625
0.065338134765625 -0.128028869628906 -0.292572021484375 0.1728515625
0.0662689208984375 -0.106071472167969 -0.30035400390625 0.19342041015625
0.0821151733398438 -0.105720520019531 -0.32684326171875 0.123199462890625
0.0973587036132812 -0.0880661010742187 -0.31658935546875 -0.0367431640625001
0.117843627929688 -0.0119400024414063 -0.229141235351562 -0.146438598632813
0.123176574707031 0.0608062744140625 -0.05731201171875 -0.195938110351563
0.0345306396484375 0.16168212890625 0.0861968994140625 -0.10552978515625
-0.126083374023437 0.2386474609375 -0.00418090820312502 0.1446533203125
-0.260482788085937 0.259185791015625 -0.161941528320313 0.186233520507813
0.014007568359375 -0.219863891601563 0.171356201171875 -0.273712158203125
-0.147659301757813 -0.175582885742188 -0.0077362060546875 -0.198410034179687
-0.17462158203125 0.0352935791015625 -0.107498168945313 0.0577239990234375
-0.0765228271484375 0.139694213867187 0.05078125 0.201202392578125
0.00599670410156249 0.128646850585938 0.215667724609375 0.136154174804687
0.078094482421875 0.106300354003906 0.334228515625 -0.0123291015625
0.106781005859375 0.0633926391601562 0.319580078125 -0.173797607421875
0.0812225341796875 0.0784988403320313 0.2679443359375 -0.236236572265625
0.0687179565429687 0.109100341796875 0.263427734375 -0.20513916015625
0.00221252441406251 0.130813598632812 0.272872924804688 -0.0956878662109375
-0.0875320434570313 0.0864791870117187 0.22467041015625 -0.0239410400390625
-0.129081726074219 0.00204467773437501 0.156524658203125 0.0238494873046875
-0.0741119384765625 -0.1424560546875 0.148635864257813 -0.00318908691406251
0.0622406005859375 -0.2218017578125 0.309844970703125 -0.124603271484375
0.168991088867188 -0.181320190429688 0.550079345703125 0.041168212890625
-0.18927001953125 -0.147720336914063 0.163604736328125 -0.3135986328125
-0.29559326171875 -0.0581970214843749 -0.016845703125 -0.221298217773438
-0.2379150390625 0.162841796875 -0.104743957519531 0.017669677734375
-0.0505828857421875 0.270538330078125 0.0385894775390625 0.148651123046875
0.0948486328125 0.21295166015625 0.168106079101563 0.0864410400390625
0.214401245117188 0.119049072265625 0.273895263671875 -0.04412841796875
0.228195190429688 0.017333984375 0.250625610351563 -0.179580688476563
0.194015502929687 0.0360107421875 0.199813842773438 -0.239822387695313
0.198318481445312 0.06549072265625 0.2042236328125 -0.224456787109375
0.142745971679688 0.12322998046875 0.240036010742187 -0.13751220703125
0.0303192138671875 0.146682739257813 0.207000732421875 -0.071258544921875
-0.0509033203125 0.115562438964844 0.167922973632813 -0.0264129638671875
-0.101531982421875 0.00618743896484375 0.19366455078125 -0.0592803955078125
-0.0759124755859375 -0.0810165405273438 0.362396240234375 -0.156768798828125
-0.02386474609375 -0.0783767700195313 0.60455322265625 0.01214599609375
-0.358154296875 -0.0472412109375 0.10272216796875 -0.33551025390625
-0.391265869140625 0.07470703125 -0.051422119140625 -0.224258422851563
-0.256668090820313 0.27166748046875 -0.100921630859375 -0.0158462524414062
-0.011138916015625 0.361968994140625 0.0221481323242188 0.0863571166992188
0.171951293945313 0.262435913085938 0.101799011230469 0.0287246704101563
0.318939208984375 0.110137939453125 0.178451538085938 -0.0681304931640625
0.31396484375 -0.033447265625 0.14654541015625 -0.160049438476563
0.278778076171875 -0.011810302734375 0.100570678710938 -0.2100830078125
0.301849365234375 0.0091552734375 0.112335205078125 -0.210525512695312
0.271347045898438 0.101837158203125 0.168289184570313 -0.160446166992188
0.150650024414063 0.199462890625 0.155380249023438 -0.117584228515625
0.034332275390625 0.233673095703125 0.161529541015625 -0.0850677490234375
-0.136260986328125 0.169296264648438 0.230239868164063 -0.114151000976562
-0.226058959960938 0.070587158203125 0.384735107421875 -0.158233642578125
-0.226943969726563 0.030853271484375 0.59063720703125 0.00653076171875
-0.467681884765625 0.0743713378906251 0.00588989257812499 -0.3275146484375
-0.41839599609375 0.2158203125 -0.0962371826171875 -0.203109741210938
-0.218536376953125 0.3575439453125 -0.0950851440429688 -0.0404891967773437
0.05218505859375 0.39892578125 -0.00177478790283203 0.0166721343994141
0.233413696289063 0.265213012695313 0.021139144897461 -0.0283031463623047
0.374847412109375 0.079345703125 0.0597686767578125 -0.07965087890625
0.350738525390625 -0.079925537109375 0.0238723754882813 -0.116203308105469
0.320343017578125 -0.057373046875 -0.0137176513671875 -0.144393920898438
0.36297607421875 -0.0467529296875 -0.00289916992187497 -0.162506103515625
0.361328125 0.07037353515625 0.0602569580078125 -0.162109375
0.25103759765625 0.231292724609375 0.069061279296875 -0.154525756835937
0.11126708984375 0.32977294921875 0.128326416015625 -0.145248413085938
-0.16448974609375 0.311279296875 0.239715576171875 -0.16162109375
-0.354949951171875 0.20489501953125 0.3592529296875 -0.132843017578125
-0.394775390625 0.12994384765625 0.498992919921875 0.018798828125
-0.50927734375 0.193389892578125 -0.105560302734375 -0.284088134765625
-0.381134033203125 0.338226318359375 -0.131240844726563 -0.1553955078125
-0.137664794921875 0.40142822265625 -0.0830154418945313 -0.057342529296875
0.120819091796875 0.378814697265625 -0.0322265625 -0.046722412109375
0.267929077148438 0.21917724609375 -0.063568115234375 -0.070526123046875
0.37646484375 0.02423095703125 -0.0641403198242187 -0.07275390625
0.33306884765625 -0.116302490234375 -0.0961227416992188 -0.0502395629882812
0.313262939453125 -0.091156005859375 -0.124908447265625 -0.0572509765625
0.36614990234375 -0.08935546875 -0.12261962890625 -0.0902175903320313
0.387115478515625 0.033111572265625 -0.0681610107421875 -0.141632080078125
0.30078125 0.227386474609375 -0.0391693115234375 -0.175827026367188
0.16278076171875 0.364105224609375 0.0687255859375 -0.192611694335937
-0.1646728515625 0.38885498046875 0.215469360351563 -0.189498901367187
-0.418975830078125 0.29620361328125 0.28369140625 -0.08160400390625
-0.491302490234375 0.204559326171875 0.34674072265625 0.046356201171875
-0.485565185546875 0.280517578125 -0.21820068359375 -0.207183837890625
-0.303558349609375 0.41107177734375 -0.159378051757813 -0.0852508544921874
-0.042938232421875 0.398101806640625 -0.070770263671875 -0.0602188110351562
0.178802490234375 0.311370849609375 -0.0677947998046875 -0.0916900634765625
0.270889282226563 0.143356323242188 -0.140609741210937 -0.0873260498046875
0.3287353515625 -0.033416748046875 -0.1689453125 -0.044403076171875
0.2684326171875 -0.138214111328125 -0.195693969726562 0.027130126953125
0.259078979492188 -0.111373901367188 -0.216567993164062 0.0378875732421875
0.310699462890625 -0.11212158203125 -0.227645874023437 -0.00854492187500001
0.33892822265625 -0.00830078125 -0.191009521484375 -0.107666015625
0.284210205078125 0.17657470703125 -0.141189575195313 -0.18011474609375
0.175079345703125 0.31878662109375 0.0045318603515625 -0.218246459960937
-0.128875732421875 0.3759765625 0.168365478515625 -0.188720703125
-0.391845703125 0.325897216796875 0.179763793945312 -0.01165771484375
-0.490386962890625 0.254974365234375 0.165374755859375 0.0836639404296875
-0.406341552734375 0.313720703125 -0.325836181640625 -0.113372802734375
-0.207977294921875 0.412994384765625 -0.183929443359375 -0.00807189941406243
0.03472900390625 0.34503173828125 -0.0650367736816406 -0.0465164184570312
0.202362060546875 0.213150024414063 -0.101852416992187 -0.107688903808594
0.239044189453125 0.05572509765625 -0.19488525390625 -0.0749664306640625
0.240585327148437 -0.0844268798828125 -0.2418212890625 0.0029296875
0.166061401367188 -0.140869140625 -0.26104736328125 0.106781005859375
0.16693115234375 -0.114776611328125 -0.275924682617188 0.126754760742187
0.2025146484375 -0.114913940429688 -0.29974365234375 0.0674133300781249
0.224395751953125 -0.0500030517578125 -0.280776977539063 -0.0703125
0.209014892578125 0.0869598388671875 -0.21124267578125 -0.168716430664062
0.15386962890625 0.197998046875 -0.0432891845703125 -0.219284057617188
-0.0540008544921875 0.279800415039063 0.117874145507813 -0.161087036132812
-0.2745361328125 0.296356201171875 0.0788116455078125 0.06304931640625
-0.394134521484375 0.27215576171875 -0.00716400146484376 0.125663757324219
-0.276824951171875 0.288604736328125 -0.425018310546875 -0.0246887207031249
-0.109527587890625 0.34027099609375 -0.220474243164063 0.06103515625
0.0800323486328125 0.250930786132813 -0.0726394653320313 -0.01593017578125
0.185546875 0.106552124023438 -0.130950927734375 -0.09283447265625
0.172943115234375 -0.02288818359375 -0.22406005859375 -0.0395355224609375
0.12530517578125 -0.11505126953125 -0.276565551757813 0.0581054687499999
0.0446090698242188 -0.119834899902344 -0.285400390625 0.171051025390625
0.0492324829101563 -0.0984573364257813 -0.29290771484375 0.192596435546875
0.06256103515625 -0.0982818603515625 -0.32501220703125 0.12384033203125
0.0740203857421875 -0.0870895385742188 -0.320526123046875 -0.0377197265625
0.101959228515625 -0.023162841796875 -0.233413696289062 -0.147216796875
0.115676879882812 0.0410537719726563 -0.0619964599609375 -0.200927734375
0.044769287109375 0.142257690429688 0.08203125 -0.114433288574219
-0.0997772216796875 0.235137939453125 0.00720214843750001 0.128623962402344
-0.228561401367188 0.26220703125 -0.137725830078125 0.169845581054688
-0.0108489990234375 -0.230926513671875 0.150299072265625 -0.257522583007813
-0.177627563476563 -0.162185668945313 -0.0213775634765625 -0.182769775390625
-0.179122924804688 0.0586700439453125 -0.107528686523438 0.0697250366210938
-0.063232421875 0.158615112304688 0.057830810546875 0.208938598632812
0.0250167846679687 0.137916564941406 0.221755981445313 0.13720703125
0.1007080078125 0.100639343261719 0.340576171875 -0.016204833984375
0.125160217285156 0.0497283935546875 0.3211669921875 -0.175567626953125
0.099456787109375 0.0690155029296875 0.261825561523438 -0.236740112304687
0.09295654296875 0.101425170898438 0.255462646484375 -0.20794677734375
0.0252456665039063 0.136360168457031 0.267990112304687 -0.100677490234375
-0.076873779296875 0.105178833007813 0.22320556640625 -0.03326416015625
-0.135101318359375 0.0220184326171875 0.161422729492188 0.01275634765625
-0.0984115600585937 -0.137649536132813 0.166168212890625 -0.00784301757812501
0.032135009765625 -0.23651123046875 0.32403564453125 -0.11920166015625
0.148971557617188 -0.206573486328125 0.562255859375 0.05029296875
-0.211746215820312 -0.160720825195313 0.13623046875 -0.3016357421875
-0.3231201171875 -0.0471801757812501 -0.0359954833984375 -0.2073974609375
-0.243545532226563 0.184844970703125 -0.109626770019531 0.0285568237304688
-0.037689208984375 0.2889404296875 0.03973388671875 0.156387329101563
0.113876342773438 0.22161865234375 0.167495727539063 0.0902862548828125
0.236846923828125 0.1124267578125 0.274688720703125 -0.042083740234375
0.243881225585938 0.005035400390625 0.246810913085938 -0.175537109375
0.209915161132813 0.0267486572265625 0.18829345703125 -0.234893798828125
0.218643188476563 0.0588226318359375 0.190750122070313 -0.22088623046875
0.161758422851562 0.12872314453125 0.227554321289063 -0.141372680664063
0.037078857421875 0.16424560546875 0.197280883789062 -0.0833587646484375
-0.0581893920898437 0.132232666015625 0.169052124023438 -0.0418853759765625
-0.12554931640625 0.00585174560546878 0.206588745117188 -0.0689697265625
-0.102043151855469 -0.09906005859375 0.372528076171875 -0.158447265625
-0.0387649536132812 -0.104225158691406 0.612548828125 0.01336669921875
-0.373260498046875 -0.060028076171875 0.07086181640625 -0.32940673828125
-0.4124755859375 0.0822753906250001 -0.074615478515625 -0.212509155273438
-0.26434326171875 0.288848876953125 -0.11126708984375 -0.00450134277343747
-0.000335693359374986 0.376678466796875 0.017852783203125 0.0929412841796875
0.186264038085938 0.269577026367188 0.0944900512695313 0.0353622436523438
0.33575439453125 0.105865478515625 0.171920776367188 -0.062255859375
0.32598876953125 -0.04241943359375 0.137969970703125 -0.150466918945313
0.29022216796875 -0.0186767578125 0.0855865478515625 -0.198104858398438
0.3175048828125 0.003662109375 0.0927734375 -0.202667236328125
0.284820556640625 0.104644775390625 0.148696899414063 -0.164443969726563
0.156646728515625 0.212844848632813 0.14068603515625 -0.131301879882813
0.027740478515625 0.245147705078125 0.158279418945313 -0.105072021484375
-0.155441284179688 0.165878295898438 0.23919677734375 -0.129547119140625
-0.244842529296875 0.055694580078125 0.3912353515625 -0.168487548828125
-0.234710693359375 0.00842285156250001 0.59881591796875 -0.0010986328125
-0.473846435546875 0.0631103515625 -0.028656005859375 -0.327880859375
-0.430419921875 0.21624755859375 -0.122604370117188 -0.1954345703125
-0.227081298828125 0.365631103515625 -0.108871459960938 -0.0309677124023438
0.05511474609375 0.408355712890625 -0.0101470947265625 0.0237216949462891
0.23907470703125 0.270797729492188 0.00931358337402345 -0.0202465057373047
0.3857421875 0.0760498046875 0.0482597351074219 -0.0694694519042969
0.356536865234375 -0.084381103515625 0.0126724243164063 -0.101799011230469
0.3260498046875 -0.061187744140625 -0.029541015625 -0.128837585449219
0.370330810546875 -0.050048828125 -0.02423095703125 -0.15142822265625
0.367767333984375 0.07025146484375 0.03619384765625 -0.164047241210938
0.254287719726563 0.2379150390625 0.050140380859375 -0.167434692382812
0.107269287109375 0.3353271484375 0.1190185546875 -0.166168212890625
-0.176910400390625 0.307830810546875 0.242416381835937 -0.18157958984375
-0.365753173828125 0.196563720703125 0.363922119140625 -0.148956298828125
-0.395294189453125 0.1136474609375 0.5084228515625 0.00354003906250001
-0.5054931640625 0.185272216796875 -0.139129638671875 -0.29168701171875
-0.38311767578125 0.333770751953125 -0.160614013671875 -0.153152465820312
-0.142059326171875 0.402069091796875 -0.101425170898438 -0.0492172241210937
0.119384765625 0.3802490234375 -0.043792724609375 -0.0410995483398437
0.268218994140625 0.223159790039063 -0.0780105590820312 -0.0626983642578125
0.3790283203125 0.02679443359375 -0.0772323608398437 -0.061370849609375
0.332061767578125 -0.115325927734375 -0.108207702636719 -0.0349578857421875
0.31280517578125 -0.091949462890625 -0.139442443847656 -0.0403518676757812
0.36529541015625 -0.089813232421875 -0.142791748046875 -0.0771636962890625
0.385955810546875 0.030670166015625 -0.09307861328125 -0.140533447265625
0.30059814453125 0.2265625 -0.060760498046875 -0.185989379882812
0.160675048828125 0.36212158203125 0.05487060546875 -0.21209716796875
-0.171478271484375 0.384857177734375 0.2117919921875 -0.2110595703125
-0.419891357421875 0.292724609375 0.2855224609375 -0.099456787109375
-0.484039306640625 0.196533203125 0.353912353515625 0.026275634765625
-0.47271728515625 0.277557373046875 -0.249542236328125 -0.222412109375
-0.2939453125 0.40386962890625 -0.187515258789063 -0.0910491943359375
-0.04229736328125 0.390289306640625 -0.090728759765625 -0.055694580078125
0.174774169921875 0.30230712890625 -0.080322265625 -0.0864486694335938
0.262649536132813 0.14111328125 -0.153564453125 -0.0802459716796875
0.32098388671875 -0.031494140625 -0.1824951171875 -0.0332489013671875
0.259857177734375 -0.131134033203125 -0.20513916015625 0.040618896484375
0.2537841796875 -0.108413696289063 -0.227264404296875 0.0539398193359375
0.30120849609375 -0.109466552734375 -0.243865966796875 0.0048675537109375
0.328704833984375 -0.010101318359375 -0.214614868164062 -0.104293823242188
0.278656005859375 0.171157836914063 -0.163406372070312 -0.184585571289063
0.17340087890625 0.309722900390625 -0.0118865966796875 -0.233154296875
-0.127471923828125 0.368804931640625 0.15948486328125 -0.208114624023437
-0.381988525390625 0.32427978515625 0.181076049804687 -0.0299835205078125
-0.473846435546875 0.251556396484375 0.174331665039062 0.0624237060546875
-0.385772705078125 0.321014404296875 -0.35150146484375 -0.134124755859375
-0.18731689453125 0.408294677734375 -0.20989990234375 -0.0196380615234375
0.044708251953125 0.333404541015625 -0.0845794677734375 -0.0437240600585937
0.201507568359375 0.196685791015625 -0.114097595214844 -0.102554321289062
0.227630615234375 0.046783447265625 -0.204833984375 -0.0685272216796875
0.224472045898438 -0.0836639404296875 -0.252426147460938 0.0115203857421875
0.15191650390625 -0.130935668945313 -0.26654052734375 0.115615844726562
0.155654907226563 -0.107894897460938 -0.28131103515625 0.13897705078125
0.187652587890625 -0.107940673828125 -0.310089111328125 0.079193115234375
0.206695556640625 -0.0487823486328125 -0.299896240234375 -0.065582275390625
0.196441650390625 0.07830810546875 -0.228973388671875 -0.170379638671875
0.14788818359375 0.183181762695312 -0.0576171875 -0.22979736328125
-0.0477294921875 0.266082763671875 0.10809326171875 -0.175643920898437
-0.254547119140625 0.296112060546875 0.081298828125 0.0464553833007813
-0.369110107421875 0.27362060546875 0.00503540039062498 0.104652404785156
-0.2550048828125 0.304962158203125 -0.441436767578125 -0.044952392578125
-0.081512451171875 0.342437744140625 -0.240264892578125 0.0483856201171875
0.0974273681640625 0.241790771484375 -0.0899276733398438 -0.0130767822265625
0.188858032226563 0.086334228515625 -0.140609741210938 -0.0851593017578125
0.161163330078125 -0.0377197265625 -0.22747802734375 -0.0326690673828125
0.104713439941406 -0.116706848144531 -0.280380249023438 0.06451416015625
0.026214599609375 -0.109214782714844 -0.28521728515625 0.17706298828125
0.0354232788085938 -0.0901031494140625 -0.293792724609375 0.20001220703125
0.0454635620117187 -0.0884323120117188 -0.330078125 0.13128662109375
0.0513992309570313 -0.0823822021484375 -0.334320068359375 -0.03375244140625
0.0838394165039063 -0.0325927734375 -0.245697021484375 -0.148818969726563
0.106460571289063 0.0233383178710938 -0.07232666015625 -0.207489013671875
0.052215576171875 0.12451171875 0.0759353637695313 -0.126068115234375
-0.07318115234375 0.229904174804688 0.0148391723632812 0.114006042480469
-0.197402954101563 0.267349243164063 -0.119140625 0.152145385742188
-0.045379638671875 -0.236236572265625 0.130294799804688 -0.240859985351563
-0.209686279296875 -0.137893676757813 -0.0345916748046875 -0.164169311523438
-0.176284790039063 0.088623046875 -0.103034973144531 0.0855789184570312
-0.040374755859375 0.176895141601563 0.071197509765625 0.216079711914063
0.0504837036132812 0.140342712402344 0.234451293945312 0.134109497070313
0.125572204589844 0.0861968994140625 0.350433349609375 -0.029022216796875
0.1412353515625 0.0279693603515625 0.321258544921875 -0.18792724609375
0.116058349609375 0.0510025024414062 0.256668090820313 -0.245040893554688
0.116676330566406 0.0852203369140625 0.246490478515625 -0.213958740234375
0.0532608032226563 0.134201049804688 0.263275146484375 -0.109893798828125
-0.0580215454101562 0.124366760253906 0.219940185546875 -0.047149658203125
-0.135475158691406 0.047210693359375 0.16448974609375 -0.0029449462890625
-0.125244140625 -0.124412536621094 0.18292236328125 -0.0217437744140625
-0.008148193359375 -0.244491577148438 0.340484619140625 -0.12860107421875
0.119155883789062 -0.22943115234375 0.581298828125 0.04766845703125
-0.245071411132812 -0.162612915039063 0.1075439453125 -0.2874755859375
-0.352020263671875 -0.0197753906249999 -0.0545501708984375 -0.188751220703125
-0.241607666015625 0.216262817382813 -0.110923767089844 0.0442657470703125
-0.012481689453125 0.30609130859375 0.0468292236328125 0.163284301757813
0.140609741210938 0.223098754882813 0.17138671875 0.09063720703125
0.262069702148438 0.0953826904296875 0.276931762695313 -0.0486297607421875
0.259078979492188 -0.0173187255859375 0.244369506835938 -0.177688598632813
0.226364135742188 0.0077667236328125 0.178176879882813 -0.231857299804688
0.240982055664063 0.0395965576171875 0.174606323242188 -0.22021484375
0.187393188476563 0.124969482421875 0.21142578125 -0.146469116210938
0.0547332763671875 0.18060302734375 0.184585571289063 -0.09765625
-0.058929443359375 0.153839111328125 0.166397094726563 -0.0618438720703125
-0.152114868164063 0.0158843994140625 0.216751098632813 -0.0884552001953125
-0.138053894042969 -0.10699462890625 0.383270263671875 -0.173309326171875
-0.0648040771484375 -0.125724792480469 0.62738037109375 -0.000366210937500008
-0.400665283203125 -0.0584106445312499 0.033721923828125 -0.31658935546875
-0.436126708984375 0.106170654296875 -0.100006103515625 -0.192733764648438
-0.2628173828125 0.31646728515625 -0.118095397949219 0.011749267578125
0.02166748046875 0.3919677734375 0.0188827514648438 0.103683471679688
0.211776733398437 0.27154541015625 0.0917434692382813 0.0413818359375
0.36004638671875 0.089202880859375 0.169769287109375 -0.0588226318359375
0.337371826171875 -0.061676025390625 0.131118774414063 -0.14324951171875
0.303924560546875 -0.03729248046875 0.0726470947265625 -0.184524536132813
0.3353271484375 -0.014678955078125 0.073638916015625 -0.191329956054688
0.304290771484375 0.09906005859375 0.124862670898438 -0.166015625
0.17242431640625 0.22296142578125 0.120162963867188 -0.144332885742188
0.02996826171875 0.261611938476562 0.147369384765625 -0.127426147460937
-0.17498779296875 0.175506591796875 0.242416381835938 -0.156478881835938
-0.2720947265625 0.052276611328125 0.3974609375 -0.191192626953125
-0.253204345703125 -0.00683593749999998 0.60919189453125 -0.02508544921875
-0.488433837890625 0.063629150390625 -0.07025146484375 -0.3193359375
-0.444305419921875 0.235626220703125 -0.1529541015625 -0.177322387695312
-0.226837158203125 0.38555908203125 -0.122230529785156 -0.0152053833007812
0.0708618164062501 0.42144775390625 -0.0163307189941406 0.0354347229003907
0.257400512695312 0.273727416992187 0.000176429748535172 -0.0094013214111328
0.402557373046875 0.06451416015625 0.0399322509765625 -0.0577316284179688
0.36395263671875 -0.098663330078125 0.00408935546875002 -0.0843429565429688
0.33563232421875 -0.074951171875 -0.0424652099609375 -0.108879089355469
0.380584716796875 -0.0653076171875 -0.04315185546875 -0.134635925292969
0.381805419921875 0.061279296875 0.00823974609375002 -0.160079956054687
0.26715087890625 0.240829467773437 0.0238494873046875 -0.177642822265625
0.113555908203125 0.343292236328125 0.0999755859375 -0.187591552734375
-0.187347412109375 0.315643310546875 0.237640380859375 -0.211456298828125
-0.380615234375 0.201019287109375 0.364532470703125 -0.176177978515625
-0.404998779296875 0.1075439453125 0.51495361328125 -0.024871826171875
-0.504486083984375 0.1871337890625 -0.183319091796875 -0.288543701171875
-0.3826904296875 0.342254638671875 -0.1949462890625 -0.140029907226562
-0.142974853515625 0.409912109375 -0.118621826171875 -0.0333633422851562
0.128326416015625 0.384185791015625 -0.0555191040039062 -0.0291976928710937
0.27655029296875 0.223556518554688 -0.0919418334960937 -0.0502090454101563
0.386993408203125 0.018829345703125 -0.0889968872070312 -0.0436019897460937
0.33441162109375 -0.1221923828125 -0.116470336914062 -0.0131072998046875
0.316131591796875 -0.099365234375 -0.15020751953125 -0.0149688720703125
0.367156982421875 -0.101348876953125 -0.161712646484375 -0.0553436279296875
0.389312744140625 0.021942138671875 -0.122657775878906 -0.131187438964844
0.309478759765625 0.223541259765625 -0.0908660888671875 -0.18963623046875
0.16558837890625 0.363616943359375 0.030792236328125 -0.230438232421875
-0.171875 0.389984130859375 0.19952392578125 -0.239227294921875
-0.420257568359375 0.299713134765625 0.2818603515625 -0.127288818359375
-0.481048583984375 0.19781494140625 0.359832763671875 -0.00329589843749999
-0.458648681640625 0.28338623046875 -0.292633056640625 -0.224395751953125
-0.280609130859375 0.404327392578125 -0.221145629882813 -0.0833740234375
-0.037384033203125 0.3873291015625 -0.111091613769531 -0.0428848266601562
0.1767578125 0.29656982421875 -0.0955123901367188 -0.0777664184570312
0.261215209960938 0.137298583984375 -0.168869018554687 -0.06549072265625
0.3177490234375 -0.033721923828125 -0.195297241210938 -0.0148468017578125
0.255416870117188 -0.12945556640625 -0.212173461914062 0.06268310546875
0.25213623046875 -0.108673095703125 -0.234359741210937 0.0794525146484375
0.2965087890625 -0.1112060546875 -0.257598876953125 0.0306396484375
0.322052001953125 -0.01287841796875 -0.241058349609375 -0.088958740234375
0.277297973632813 0.164443969726562 -0.192520141601562 -0.181915283203125
0.175262451171875 0.301025390625 -0.037872314453125 -0.246551513671875
-0.12371826171875 0.365875244140625 0.142852783203125 -0.231613159179688
-0.369873046875 0.33026123046875 0.176345825195312 -0.0526885986328125
-0.4598388671875 0.255615234375 0.1795654296875 0.0344696044921875
-0.3604736328125 0.33123779296875 -0.387786865234375 -0.1385498046875
-0.160736083984375 0.404571533203125 -0.242034912109375 -0.0187683105468749
0.057769775390625 0.322479248046875 -0.104667663574219 -0.0330734252929687
0.198654174804687 0.179595947265625 -0.127456665039063 -0.0912399291992187
0.216537475585937 0.0373382568359375 -0.217636108398438 -0.0557403564453125
0.209182739257813 -0.0826568603515625 -0.262542724609375 0.02764892578125
0.140182495117188 -0.121139526367188 -0.270492553710938 0.135162353515625
0.1475830078125 -0.10186767578125 -0.28253173828125 0.16143798828125
0.176834106445313 -0.10235595703125 -0.319793701171875 0.10211181640625
0.191268920898437 -0.046142578125 -0.32208251953125 -0.0484619140625
0.1844482421875 0.07122802734375 -0.253204345703125 -0.162689208984375
0.143829345703125 0.167388916015625 -0.0816192626953125 -0.236358642578125
-0.041717529296875 0.25360107421875 0.0914154052734375 -0.192581176757812
-0.23358154296875 0.29388427734375 0.0802230834960937 0.027557373046875
-0.34320068359375 0.27862548828125 0.0138168334960937 0.0804443359375
-0.22259521484375 0.32269287109375 -0.47271728515625 -0.04925537109375
-0.048614501953125 0.3419189453125 -0.266403198242188 0.0477447509765625
0.117935180664063 0.226837158203125 -0.107933044433594 -0.00167083740234373
0.188339233398438 0.0609130859375 -0.1512451171875 -0.073272705078125
0.145950317382813 -0.0512847900390625 -0.232818603515625 -0.0201263427734375
0.08203125 -0.115043640136719 -0.28369140625 0.0793151855468749
0.0116653442382812 -0.094207763671875 -0.285369873046875 0.190948486328125
0.0222396850585938 -0.0785980224609375 -0.2913818359375 0.21734619140625
0.0308609008789063 -0.0748672485351563 -0.336090087890625 0.1468505859375
0.0297012329101562 -0.0730514526367187 -0.351043701171875 -0.0196228027343751
0.0625419616699219 -0.0372848510742187 -0.264389038085938 -0.142059326171875
0.0923614501953125 0.00672149658203125 -0.0909423828125 -0.213241577148437
0.0575027465820313 0.104438781738281 0.06402587890625 -0.138816833496094
-0.0430755615234375 0.219757080078125 0.020050048828125 0.0963287353515625
-0.161834716796875 0.269256591796875 -0.104759216308594 0.130760192871094
-0.0848846435546875 -0.2266845703125 0.112884521484375 -0.217681884765625
-0.232086181640625 -0.0983428955078125 -0.0428466796875 -0.140823364257813
-0.164474487304687 0.118942260742188 -0.0914840698242188 0.099365234375
-0.00958251953125 0.184844970703125 0.089111328125 0.21270751953125
0.0790023803710937 0.133750915527344 0.244781494140625 0.119720458984375
0.144577026367188 0.0596771240234375 0.352691650390625 -0.050384521484375
0.148574829101563 0.0008087158203125 0.3134765625 -0.20404052734375
0.125862121582031 0.0262374877929687 0.24334716796875 -0.251296997070313
0.133110046386719 0.0582351684570312 0.23052978515625 -0.220672607421875
0.0804519653320313 0.121696472167969 0.251266479492188 -0.12017822265625
-0.0325851440429688 0.134468078613281 0.20928955078125 -0.0625457763671875
-0.124076843261719 0.0708160400390625 0.162384033203125 -0.0210113525390625
-0.147918701171875 -0.099456787109375 0.193405151367188 -0.040740966796875
-0.052154541015625 -0.23583984375 0.349090576171875 -0.1458740234375
0.07818603515625 -0.239334106445313 0.595703125 0.02294921875
-0.278167724609375 -0.150466918945312 0.08062744140625 -0.2615966796875
-0.3675537109375 0.0234375000000001 -0.0675201416015625 -0.162155151367188
-0.223251342773437 0.24822998046875 -0.106521606445313 0.0615615844726563
0.023223876953125 0.31182861328125 0.058746337890625 0.1668701171875
0.1707763671875 0.212326049804688 0.175048828125 0.0882720947265625
0.279830932617188 0.06494140625 0.274002075195312 -0.061859130859375
0.260116577148438 -0.0499420166015625 0.236618041992188 -0.184890747070312
0.23406982421875 -0.02001953125 0.162124633789063 -0.228103637695313
0.259567260742187 0.009063720703125 0.156814575195313 -0.21533203125
0.2105712890625 0.107147216796875 0.19244384765625 -0.150192260742188
0.080657958984375 0.18994140625 0.166427612304688 -0.10736083984375
-0.0503082275390625 0.17352294921875 0.15386962890625 -0.0815582275390625
-0.168594360351563 0.0374908447265625 0.21575927734375 -0.115966796875
-0.176681518554688 -0.098358154296875 0.379547119140625 -0.19696044921875
-0.097869873046875 -0.136375427246094 0.63385009765625 -0.03009033203125
-0.4224853515625 -0.0458679199218749 -0.000518798828125039 -0.292083740234375
-0.443267822265625 0.145477294921875 -0.117355346679688 -0.16412353515625
-0.244903564453125 0.345489501953125 -0.1204833984375 0.03179931640625
0.054962158203125 0.397003173828125 0.02301025390625 0.111137390136719
0.240386962890625 0.2606201171875 0.089935302734375 0.0479354858398438
0.374114990234375 0.059173583984375 0.165512084960938 -0.0576324462890625
0.33929443359375 -0.09033203125 0.125885009765625 -0.133651733398438
0.30877685546875 -0.063018798828125 0.0630950927734375 -0.168701171875
0.343963623046875 -0.042266845703125 0.0553131103515625 -0.177536010742188
0.319671630859375 0.0804443359375 0.1002197265625 -0.161163330078125
0.1929931640625 0.22344970703125 0.095855712890625 -0.14862060546875
0.044342041015625 0.272933959960938 0.125106811523438 -0.14666748046875
-0.185012817382813 0.191680908203125 0.231246948242188 -0.184799194335937
-0.293853759765625 0.063629150390625 0.38690185546875 -0.220458984375
-0.274444580078125 -0.01043701171875 0.60394287109375 -0.06488037109375
-0.498565673828125 0.0768127441406249 -0.109375 -0.29351806640625
-0.44140625 0.263336181640625 -0.177017211914063 -0.145965576171875
-0.213287353515625 0.402374267578125 -0.128715515136719 0.00871276855468752
0.09588623046875 0.423309326171875 -0.0162467956542969 0.0471572875976563
0.278305053710938 0.262680053710938 -0.00591421127319334 0.00590753555297853
0.413970947265625 0.039093017578125 0.033050537109375 -0.0475654602050781
0.362274169921875 -0.119140625 0.000488281250000021 -0.0658531188964844
0.335418701171875 -0.094879150390625 -0.049530029296875 -0.0849761962890625
0.383209228515625 -0.088226318359375 -0.0577926635742188 -0.110336303710938
0.389129638671875 0.04132080078125 -0.018585205078125 -0.144241333007813
0.282989501953125 0.23443603515625 -0.00837707519531248 -0.176483154296875
0.125396728515625 0.345489501953125 0.0696258544921875 -0.204574584960938
-0.18902587890625 0.3272705078125 0.216522216796875 -0.241119384765625
-0.390350341796875 0.21270751953125 0.348724365234375 -0.20770263671875
-0.410369873046875 0.10699462890625 0.505462646484375 -0.0645751953125
-0.49951171875 0.19970703125 -0.226654052734375 -0.263107299804688
-0.37353515625 0.35394287109375 -0.222320556640625 -0.110244750976562
-0.13134765625 0.414031982421875 -0.131378173828125 -0.0103530883789062
0.1402587890625 0.3814697265625 -0.061309814453125 -0.0126495361328125
0.286285400390625 0.215545654296875 -0.10040283203125 -0.0307235717773437
0.39080810546875 0.000732421875 -0.093719482421875 -0.0249176025390625
0.330780029296875 -0.1339111328125 -0.115020751953125 0.0120925903320312
0.31317138671875 -0.111572265625 -0.152389526367187 0.013519287109375
0.3636474609375 -0.113616943359375 -0.171127319335937 -0.02447509765625
0.389251708984375 0.007110595703125 -0.144760131835938 -0.107131958007813
0.315521240234375 0.212432861328125 -0.121994018554687 -0.180068969726563
0.177825927734375 0.357757568359375 -0.00271606445312501 -0.239654541015625
-0.164886474609375 0.3951416015625 0.170333862304688 -0.263107299804688
-0.41278076171875 0.312713623046875 0.263763427734375 -0.1558837890625
-0.472381591796875 0.201873779296875 0.34881591796875 -0.03704833984375
-0.4385986328125 0.28961181640625 -0.33563232421875 -0.203643798828125
-0.2569580078125 0.39984130859375 -0.252593994140625 -0.059600830078125
-0.0286865234375 0.380035400390625 -0.12445068359375 -0.019256591796875
0.17864990234375 0.286529541015625 -0.104942321777344 -0.0595855712890625
0.2593994140625 0.128082275390625 -0.177108764648437 -0.0428466796875
0.310455322265625 -0.03955078125 -0.199295043945312 0.00868225097656246
0.249603271484375 -0.128433227539063 -0.208511352539063 0.0904998779296875
0.245407104492188 -0.111480712890625 -0.22711181640625 0.109268188476562
0.287384033203125 -0.116607666015625 -0.262619018554688 0.0599822998046874
0.3135986328125 -0.020233154296875 -0.26116943359375 -0.0622100830078125
0.273666381835937 0.152816772460937 -0.218582153320312 -0.163558959960938
0.178253173828125 0.28851318359375 -0.07080078125 -0.246536254882812
-0.11224365234375 0.363128662109375 0.1124267578125 -0.249237060546875
-0.3502197265625 0.3349609375 0.159805297851562 -0.0752105712890625
-0.43731689453125 0.260955810546875 0.172836303710937 0.00216674804687502
-0.3243408203125 0.335723876953125 -0.425689697265625 -0.123779296875
-0.129669189453125 0.391571044921875 -0.270980834960938 -0.00042724609374997
0.06878662109375 0.3011474609375 -0.121017456054688 -0.0104141235351562
0.192138671875 0.15679931640625 -0.13555908203125 -0.0747146606445313
0.20050048828125 0.029541015625 -0.223846435546875 -0.0327301025390625
0.195388793945313 -0.0817718505859375 -0.26513671875 0.0537109375
0.133758544921875 -0.108688354492188 -0.263412475585938 0.15594482421875
0.140869140625 -0.0948944091796875 -0.270889282226562 0.18707275390625
0.166595458984375 -0.094970703125 -0.3173828125 0.1326904296875
0.176834106445313 -0.0404205322265625 -0.334747314453125 -0.019775390625
0.170486450195313 0.0655517578125 -0.27764892578125 -0.143905639648437
0.135345458984375 0.155838012695312 -0.10882568359375 -0.231796264648438
-0.035430908203125 0.240447998046875 0.0653228759765625 -0.2034912109375
-0.207000732421875 0.2872314453125 0.0710220336914062 0.00906372070312502
-0.308685302734375 0.27679443359375 0.0138435363769531 0.0536727905273438
-0.180572509765625 0.326507568359375 -0.49884033203125 -0.0357666015625
-0.010284423828125 0.323211669921875 -0.28900146484375 0.0585937500000001
0.133773803710938 0.200286865234375 -0.119148254394531 0.0156402587890625
0.17828369140625 0.03643798828125 -0.156692504882813 -0.05731201171875
0.123550415039062 -0.0619659423828125 -0.231292724609375 -0.001251220703125
0.0578384399414063 -0.107345581054688 -0.28106689453125 0.0977630615234375
-0.0012664794921875 -0.0724716186523438 -0.272903442382813 0.2076416015625
0.0165176391601562 -0.0638160705566406 -0.278228759765625 0.233932495117188
0.0198554992675781 -0.0592193603515625 -0.32794189453125 0.16912841796875
0.0126380920410156 -0.05487060546875 -0.3602294921875 0.00500488281249999
0.0399742126464844 -0.0347061157226563 -0.2823486328125 -0.12432861328125
0.0721054077148437 -0.0064239501953125 -0.112411499023438 -0.209365844726563
0.0571212768554688 0.0787582397460938 0.0460052490234375 -0.144775390625
-0.0174560546875 0.19720458984375 0.0192947387695312 0.0783615112304688
-0.121200561523437 0.259033203125 -0.0971527099609375 0.105628967285156
-0.114044189453125 -0.202560424804688 0.103469848632812 -0.187026977539063
-0.23431396484375 -0.056243896484375 -0.0405044555664063 -0.115699768066406
-0.13836669921875 0.137283325195312 -0.0766677856445313 0.106277465820312
0.0214385986328125 0.178939819335938 0.106185913085938 0.203048706054687
0.0984420776367188 0.115303039550781 0.2479248046875 0.1044921875
0.149505615234375 0.030029296875 0.341827392578125 -0.07220458984375
0.143142700195312 -0.0268096923828125 0.297607421875 -0.217254638671875
0.1260986328125 0.00211334228515625 0.22381591796875 -0.253372192382813
0.137596130371094 0.0288009643554688 0.215988159179688 -0.218597412109375
0.09832763671875 0.10107421875 0.236862182617188 -0.122055053710938
-0.00492095947265625 0.134391784667969 0.193130493164062 -0.0691986083984375
-0.105232238769531 0.0903472900390625 0.14935302734375 -0.0355072021484375
-0.156173706054688 -0.06805419921875 0.19305419921875 -0.063262939453125
-0.085479736328125 -0.2109375 0.34423828125 -0.164093017578125
0.0377960205078125 -0.23382568359375 0.5938720703125 0.00122070312499999
-0.29766845703125 -0.12353515625 0.0644683837890625 -0.227691650390625
-0.363067626953125 0.063812255859375 -0.0692367553710938 -0.131622314453125
-0.19677734375 0.265838623046875 -0.0945663452148438 0.0752792358398438
0.053436279296875 0.30419921875 0.0711517333984375 0.162445068359375
0.189956665039062 0.190292358398438 0.176284790039063 0.0819091796875
0.282318115234375 0.02923583984375 0.266738891601563 -0.0685577392578125
0.254364013671875 -0.0766143798828125 0.226181030273438 -0.181381225585938
0.230743408203125 -0.0430755615234375 0.151641845703125 -0.218093872070313
0.255569458007813 -0.0198822021484375 0.1441650390625 -0.20245361328125
0.224594116210938 0.0865020751953125 0.174880981445313 -0.141769409179687
0.102447509765625 0.184295654296875 0.145309448242188 -0.110107421875
-0.0322113037109375 0.18707275390625 0.133598327636719 -0.0925827026367187
-0.179092407226563 0.0619049072265625 0.206939697265625 -0.135726928710938
-0.202468872070313 -0.07891845703125 0.36724853515625 -0.21514892578125
-0.127906799316406 -0.132644653320313 0.6171875 -0.0555419921875
-0.432403564453125 -0.02239990234375 -0.02197265625 -0.251449584960938
-0.432708740234375 0.178955078125 -0.122482299804688 -0.12786865234375
-0.2210693359375 0.36016845703125 -0.111625671386719 0.0506439208984375
0.08258056640625 0.385894775390625 0.0321197509765625 0.11395263671875
0.256454467773438 0.238815307617188 0.0903472900390625 0.0518875122070313
0.373565673828125 0.025421142578125 0.159988403320313 -0.0565032958984375
0.328155517578125 -0.113983154296875 0.1231689453125 -0.123138427734375
0.301361083984375 -0.082794189453125 0.058135986328125 -0.150222778320312
0.339263916015625 -0.069488525390625 0.04656982421875 -0.156234741210938
0.3277587890625 0.056915283203125 0.0800323486328125 -0.144393920898438
0.210662841796875 0.215423583984375 0.0672760009765625 -0.144271850585938
0.0556488037109375 0.277923583984375 0.097808837890625 -0.154190063476562
-0.188644409179687 0.206863403320313 0.209335327148438 -0.205825805664062
-0.311614990234375 0.078094482421875 0.365570068359375 -0.239105224609375
-0.290069580078125 -0.00872802734375006 0.583251953125 -0.09185791015625
-0.497894287109375 0.0898132324218749 -0.137161254882812 -0.2508544921875
-0.4276123046875 0.2802734375 -0.183395385742188 -0.107421875
-0.193359375 0.413238525390625 -0.123649597167969 0.030517578125
0.11712646484375 0.41351318359375 -0.0133819580078125 0.0580940246582032
0.2911376953125 0.2451171875 -0.00568008422851561 0.0194988250732422
0.409088134765625 0.0103759765625 0.0340690612792969 -0.0325736999511719
0.3514404296875 -0.13677978515625 0.00630950927734377 -0.0478057861328125
0.327545166015625 -0.111480712890625 -0.0450210571289062 -0.0597686767578125
0.37359619140625 -0.107666015625 -0.0625076293945312 -0.08319091796875
0.3863525390625 0.0230712890625 -0.035552978515625 -0.122039794921875
0.291290283203125 0.223388671875 -0.0351715087890625 -0.162109375
0.135650634765625 0.340423583984375 0.03924560546875 -0.203323364257812
-0.183746337890625 0.333251953125 0.1865234375 -0.256439208984375
-0.38836669921875 0.224029541015625 0.32269287109375 -0.226593017578125
-0.409942626953125 0.109619140625 0.48114013671875 -0.093292236328125
-0.484344482421875 0.198089599609375 -0.255599975585938 -0.223770141601563
-0.357147216796875 0.355194091796875 -0.233810424804688 -0.0717620849609374
-0.121978759765625 0.414581298828125 -0.130851745605469 0.0146942138671875
0.152069091796875 0.37200927734375 -0.0629692077636719 0.00191879272460939
0.2906494140625 0.20306396484375 -0.102088928222656 -0.00916290283203124
0.383056640625 -0.01239013671875 -0.0914688110351562 -0.00273895263671874
0.321685791015625 -0.1395263671875 -0.107322692871094 0.03271484375
0.3046875 -0.11962890625 -0.13916015625 0.0400466918945313
0.3524169921875 -0.124542236328125 -0.166824340820312 0.0050506591796875
0.378662109375 -0.00506591796875 -0.159698486328125 -0.0775604248046875
0.31341552734375 0.19903564453125 -0.144851684570312 -0.15740966796875
0.184051513671875 0.342864990234375 -0.0344696044921875 -0.23101806640625
-0.1552734375 0.39080810546875 0.137496948242188 -0.272308349609375
-0.399200439453125 0.31536865234375 0.238113403320312 -0.170608520507812
-0.45599365234375 0.200653076171875 0.326416015625 -0.0672607421875
-0.41143798828125 0.28289794921875 -0.3607177734375 -0.16815185546875
-0.240081787109375 0.38739013671875 -0.266281127929688 -0.0269470214843749
-0.0245361328125 0.36505126953125 -0.129997253417969 0.00500488281250002
0.174407958984375 0.272857666015625 -0.10748291015625 -0.0388336181640625
0.2508544921875 0.124893188476563 -0.178680419921875 -0.020843505859375
0.299407958984375 -0.04248046875 -0.193893432617187 0.0347442626953125
0.240814208984375 -0.12518310546875 -0.195358276367187 0.110870361328125
0.237945556640625 -0.111572265625 -0.212814331054687 0.131851196289062
0.278152465820313 -0.116058349609375 -0.25274658203125 0.0898132324218749
0.30120849609375 -0.022705078125 -0.265457153320313 -0.02880859375
0.264633178710937 0.144058227539062 -0.236801147460937 -0.138961791992188
0.175247192382813 0.274124145507813 -0.09844970703125 -0.232757568359375
-0.103729248046875 0.34893798828125 0.0805511474609375 -0.250518798828125
-0.3284912109375 0.329071044921875 0.138679504394531 -0.087921142578125
-0.4095458984375 0.251800537109375 0.154251098632812 -0.022918701171875
-0.290435791015625 0.32403564453125 -0.444915771484375 -0.0971679687500001
-0.10675048828125 0.3660888671875 -0.285614013671875 0.02471923828125
0.0706024169921875 0.27716064453125 -0.125579833984375 0.0109710693359375
0.178878784179688 0.1435546875 -0.140029907226563 -0.0541915893554687
0.184722900390625 0.02703857421875 -0.219696044921875 -0.0135498046875
0.179168701171875 -0.0721893310546875 -0.255645751953125 0.0757904052734375
0.126075744628906 -0.0952987670898438 -0.245956420898438 0.173568725585938
0.135185241699219 -0.08526611328125 -0.253799438476563 0.2044677734375
0.161483764648438 -0.0832672119140625 -0.30242919921875 0.155975341796875
0.163726806640625 -0.03082275390625 -0.335113525390625 0.01092529296875
0.154556274414063 0.0661468505859375 -0.28509521484375 -0.1170654296875
0.12017822265625 0.1448974609375 -0.1319580078125 -0.217437744140625
-0.0352630615234375 0.220443725585938 0.03900146484375 -0.20294189453125
-0.186569213867187 0.267715454101563 0.0571746826171875 -0.00327682495117186
-0.277328491210937 0.259429931640625 0.00429916381835936 0.0288372039794922
-0.141815185546875 0.3128662109375 -0.509368896484375 -0.014007568359375
0.0142822265625 0.29364013671875 -0.30230712890625 0.07977294921875
0.137313842773437 0.170059204101563 -0.121841430664062 0.037811279296875
0.159530639648438 0.0166778564453125 -0.155303955078125 -0.0373382568359375
0.0993270874023438 -0.0620498657226562 -0.223800659179688 0.01434326171875
0.041290283203125 -0.0893478393554688 -0.266952514648438 0.11236572265625
-0.00269317626953125 -0.0525016784667969 -0.255706787109375 0.215530395507813
0.0122108459472656 -0.0464210510253906 -0.257003784179688 0.244781494140625
0.0200424194335938 -0.0377388000488281 -0.314605712890625 0.18743896484375
0.00236320495605469 -0.0329437255859375 -0.355621337890625 0.031890869140625
0.0190467834472656 -0.0231513977050781 -0.28631591796875 -0.1019287109375
0.0495185852050781 -0.00884246826171875 -0.129898071289063 -0.194427490234375
0.0470085144042969 0.0574684143066406 0.0250091552734375 -0.147674560546875
-0.0023956298828125 0.167236328125 0.0122489929199219 0.0630912780761719
-0.0908355712890625 0.233612060546875 -0.0954360961914062 0.0808258056640625
-0.128433227539063 -0.174652099609375 0.10650634765625 -0.156784057617188
-0.223800659179687 -0.0229034423828125 -0.0302581787109375 -0.095672607421875
-0.114181518554688 0.146316528320313 -0.0628280639648438 0.107704162597656
0.042633056640625 0.166122436523438 0.111892700195313 0.190948486328125
0.108291625976562 0.0957260131835937 0.243484497070313 0.0933074951171875
0.144821166992188 0.0051727294921875 0.328826904296875 -0.080474853515625
0.132293701171875 -0.0452117919921875 0.284088134765625 -0.214935302734375
0.118988037109375 -0.015838623046875 0.21221923828125 -0.24560546875
0.131546020507813 0.0055084228515625 0.206924438476563 -0.210113525390625
0.106803894042969 0.078857421875 0.22625732421875 -0.117111206054687
0.0154495239257812 0.125198364257813 0.1790771484375 -0.067596435546875
-0.0862197875976563 0.0961837768554687 0.136573791503906 -0.0421218872070312
-0.15240478515625 -0.0421142578125 0.18585205078125 -0.078033447265625
-0.103378295898437 -0.181732177734375 0.33880615234375 -0.173065185546875
0.010101318359375 -0.217529296875 0.5836181640625 -0.00762939453125001
-0.307281494140625 -0.0998840332031251 0.06365966796875 -0.190994262695313
-0.347625732421875 0.0905151367187501 -0.0602188110351563 -0.105575561523438
-0.172378540039062 0.270004272460938 -0.0820465087890625 0.080963134765625
0.074859619140625 0.28759765625 0.07598876953125 0.157211303710938
0.197845458984375 0.169387817382812 0.174407958984375 0.07891845703125
0.2735595703125 0.0045013427734375 0.257522583007812 -0.0700836181640625
0.241241455078125 -0.0931243896484375 0.219589233398438 -0.175949096679687
0.221206665039063 -0.0601654052734375 0.148391723632813 -0.204559326171875
0.248031616210937 -0.0411376953125 0.1395263671875 -0.186660766601563
0.228958129882813 0.0665740966796875 0.164016723632813 -0.128799438476562
0.117721557617187 0.176132202148438 0.127456665039063 -0.103500366210937
-0.018890380859375 0.19195556640625 0.115005493164063 -0.0949325561523438
-0.180419921875 0.0812835693359375 0.192657470703125 -0.146011352539063
-0.217849731445313 -0.0576934814453125 0.3536376953125 -0.222381591796875
-0.15045166015625 -0.123764038085937 0.59869384765625 -0.06494140625
-0.435272216796875 -0.00912475585937501 -0.0264434814453125 -0.210968017578125
-0.41595458984375 0.19677734375 -0.114166259765625 -0.0991668701171875
-0.20098876953125 0.360748291015625 -0.100471496582031 0.0619277954101563
0.099212646484375 0.37030029296875 0.0368499755859375 0.114707946777344
0.261489868164063 0.218124389648438 0.09039306640625 0.0568008422851563
0.361419677734375 0.00299072265625 0.15679931640625 -0.050506591796875
0.314178466796875 -0.127197265625 0.124679565429688 -0.113479614257813
0.29156494140625 -0.097686767578125 0.0614776611328125 -0.133201599121094
0.329803466796875 -0.0850830078125 0.0466384887695313 -0.135719299316406
0.325775146484375 0.041534423828125 0.0718765258789063 -0.124130249023438
0.218551635742188 0.207015991210938 0.0491714477539063 -0.131675720214844
0.0636749267578125 0.277206420898438 0.0759429931640625 -0.150466918945312
-0.191207885742188 0.216934204101562 0.188095092773437 -0.211944580078125
-0.32061767578125 0.09014892578125 0.345062255859375 -0.244781494140625
-0.3021240234375 -0.00747680664062504 0.55657958984375 -0.099273681640625
-0.493438720703125 0.0938720703125001 -0.14239501953125 -0.210220336914063
-0.415924072265625 0.28656005859375 -0.177459716796875 -0.0760498046875
-0.1820068359375 0.41033935546875 -0.114555358886719 0.0471038818359375
0.126983642578125 0.397979736328125 -0.00819778442382811 0.0659675598144532
0.290924072265625 0.230743408203125 -0.00304222106933592 0.0304946899414063
0.39739990234375 -0.00433349609375 0.0372810363769532 -0.0222015380859375
0.34014892578125 -0.143951416015625 0.015493392944336 -0.0344047546386719
0.317718505859375 -0.11810302734375 -0.033233642578125 -0.0408859252929688
0.362884521484375 -0.116424560546875 -0.0565109252929687 -0.05926513671875
0.378662109375 0.0125732421875 -0.0406112670898437 -0.0963287353515625
0.291900634765625 0.214813232421875 -0.050872802734375 -0.143600463867188
0.137786865234375 0.334686279296875 0.015716552734375 -0.194412231445312
-0.1851806640625 0.334320068359375 0.159332275390625 -0.257034301757813
-0.387542724609375 0.225250244140625 0.297576904296875 -0.2305908203125
-0.410369873046875 0.104827880859375 0.450927734375 -0.102783203125
-0.47686767578125 0.19073486328125 -0.261749267578125 -0.186492919921875
-0.3472900390625 0.347015380859375 -0.232101440429688 -0.0418853759765625
-0.118896484375 0.408172607421875 -0.123260498046875 0.0341644287109375
0.14898681640625 0.3609619140625 -0.0578765869140625 0.0154991149902344
0.28594970703125 0.197052001953125 -0.0962295532226562 0.00718688964843752
0.371673583984375 -0.017303466796875 -0.0837478637695312 0.0113525390625
0.312896728515625 -0.140228271484375 -0.0913314819335937 0.0469284057617188
0.2972412109375 -0.121246337890625 -0.123130798339844 0.056488037109375
0.343719482421875 -0.125213623046875 -0.156158447265625 0.0267181396484375
0.368011474609375 -0.007659912109375 -0.158889770507813 -0.0526123046875
0.308563232421875 0.193511962890625 -0.1558837890625 -0.13507080078125
0.1771240234375 0.334259033203125 -0.05499267578125 -0.215789794921875
-0.155029296875 0.3818359375 0.109237670898437 -0.267913818359375
-0.39215087890625 0.308441162109375 0.213027954101562 -0.172225952148437
-0.445556640625 0.188018798828125 0.298248291015625 -0.078643798828125
-0.39715576171875 0.26385498046875 -0.36895751953125 -0.138641357421875
-0.23223876953125 0.364501953125 -0.268707275390625 0.00044250488281256
-0.03021240234375 0.352630615234375 -0.125312805175781 0.026031494140625
0.16229248046875 0.265655517578125 -0.102951049804687 -0.0234756469726563
0.241317749023437 0.126144409179687 -0.170852661132812 -0.00457763671875
0.29052734375 -0.037353515625 -0.182479858398437 0.0487060546875
0.23822021484375 -0.117034912109375 -0.17816162109375 0.120925903320312
0.234054565429688 -0.1058349609375 -0.193435668945313 0.144210815429687
0.272415161132813 -0.108306884765625 -0.236785888671875 0.107955932617188
0.2901611328125 -0.01715087890625 -0.2603759765625 -0.00431823730468748
0.252639770507813 0.144027709960938 -0.240829467773438 -0.115280151367187
0.162933349609375 0.26422119140625 -0.113967895507812 -0.214874267578125
-0.107757568359375 0.333404541015625 0.05511474609375 -0.242019653320312
-0.317626953125 0.31231689453125 0.118728637695312 -0.0914382934570312
-0.393035888671875 0.231048583984375 0.1331787109375 -0.036956787109375
-0.269500732421875 0.30078125 -0.45184326171875 -0.074310302734375
-0.098358154296875 0.3359375 -0.29132080078125 0.046173095703125
0.059661865234375 0.25689697265625 -0.122848510742187 0.0302047729492188
0.158218383789063 0.136184692382813 -0.135147094726563 -0.0380783081054687
0.169021606445313 0.0340118408203125 -0.211349487304688 0.000259399414062478
0.170059204101563 -0.058013916015625 -0.241958618164063 0.0855865478515625
0.128334045410156 -0.0814666748046875 -0.229690551757813 0.179901123046875
0.134300231933594 -0.0755615234375 -0.2347412109375 0.210342407226563
0.1591796875 -0.0709075927734375 -0.2862548828125 0.167327880859375
0.15826416015625 -0.016815185546875 -0.325408935546875 0.03228759765625
0.141082763671875 0.0743255615234375 -0.28485107421875 -0.0960083007812499
0.103507995605469 0.14019775390625 -0.142364501953125 -0.199966430664063
-0.0435028076171875 0.20306396484375 0.0198516845703125 -0.193450927734375
-0.177642822265625 0.2425537109375 0.0419540405273437 -0.00939559936523436
-0.259170532226563 0.232757568359375 -0.010258674621582 0.0103979110717774
-0.118682861328125 0.2889404296875 -0.509796142578125 -0.00213623046874994
0.023284912109375 0.262039184570313 -0.307647705078125 0.095855712890625
0.12945556640625 0.14605712890625 -0.118721008300781 0.0539169311523437
0.136871337890625 0.007415771484375 -0.147811889648438 -0.0234527587890625
0.0812911987304688 -0.05413818359375 -0.211822509765625 0.0213165283203125
0.0326919555664063 -0.0706710815429688 -0.254287719726563 0.117401123046875
0.0015716552734375 -0.0351295471191406 -0.240692138671875 0.21435546875
0.0162582397460937 -0.0329227447509766 -0.242034912109375 0.243682861328125
0.0240859985351563 -0.0217742919921875 -0.30059814453125 0.193328857421875
0.00176143646240234 -0.0119485855102539 -0.3458251953125 0.04595947265625
0.00671148300170898 -0.00679731369018555 -0.282745361328125 -0.0865478515625
0.0300445556640625 -0.00492477416992188 -0.137054443359375 -0.180938720703125
0.031585693359375 0.0423622131347656 0.0113677978515625 -0.141448974609375
-0.000823974609375014 0.138214111328125 0.00201034545898437 0.0518875122070313
-0.0751800537109375 0.203033447265625 -0.102828979492187 0.0554122924804688
-0.134185791015625 -0.153121948242188 0.119171142578125 -0.13165283203125
-0.211761474609375 -0.00196838378906248 -0.01617431640625 -0.0822601318359375
-0.096710205078125 0.148529052734375 -0.0534439086914063 0.105857849121094
0.056488037109375 0.153594970703125 0.113235473632813 0.18365478515625
0.112953186035156 0.0803298950195313 0.239395141601563 0.0909576416015625
0.136161804199219 -0.0116043090820313 0.3212890625 -0.081573486328125
0.121734619140625 -0.0571823120117187 0.281524658203125 -0.21185302734375
0.111366271972656 -0.0281524658203125 0.211334228515625 -0.236953735351563
0.124664306640625 -0.0114822387695312 0.206787109375 -0.201095581054687
0.109153747558594 0.06170654296875 0.224411010742188 -0.108383178710938
0.0282058715820312 0.115081787109375 0.171524047851562 -0.0612945556640625
-0.0716094970703125 0.0988006591796875 0.12677001953125 -0.0421600341796875
-0.145599365234375 -0.0242919921875 0.182266235351563 -0.0869598388671875
-0.109756469726563 -0.158721923828125 0.337982177734375 -0.17547607421875
-0.00595092773437499 -0.201263427734375 0.5821533203125 -0.00201416015625001
-0.313232421875 -0.085113525390625 0.0742034912109375 -0.161529541015625
-0.3358154296875 0.106719970703125 -0.0459671020507813 -0.0890121459960937
-0.157974243164063 0.270278930664063 -0.0731582641601563 0.083251953125
0.0850372314453125 0.274368286132812 0.0780487060546875 0.153961181640625
0.1998291015625 0.1551513671875 0.173019409179688 0.081207275390625
0.2635498046875 -0.010223388671875 0.254043579101562 -0.065673828125
0.231552124023437 -0.101837158203125 0.222824096679688 -0.169403076171875
0.214752197265625 -0.069976806640625 0.153823852539063 -0.193588256835937
0.241409301757813 -0.054107666015625 0.143402099609375 -0.174560546875
0.229995727539063 0.0539398193359375 0.163345336914063 -0.114761352539062
0.12823486328125 0.17095947265625 0.118293762207031 -0.0923004150390625
-0.00967407226562501 0.19586181640625 0.102531433105469 -0.0908203125
-0.180877685546875 0.095733642578125 0.184371948242188 -0.150787353515625
-0.2288818359375 -0.0413055419921875 0.34747314453125 -0.220977783203125
-0.166702270507812 -0.11590576171875 0.5892333984375 -0.057373046875
-0.441650390625 -0.00433349609374991 -0.0170440673828125 -0.179290771484375
-0.408905029296875 0.20306396484375 -0.100723266601563 -0.0793685913085938
-0.19219970703125 0.359222412109375 -0.0910110473632813 0.068328857421875
0.105133056640625 0.3599853515625 0.0404739379882813 0.1165771484375
0.261276245117187 0.20849609375 0.0923004150390625 0.0635604858398438
0.352630615234375 -0.007476806640625 0.1573486328125 -0.0432586669921875
0.30743408203125 -0.13214111328125 0.133651733398438 -0.105140686035156
0.286041259765625 -0.103271484375 0.0716781616210938 -0.120819091796875
0.324005126953125 -0.0938720703125 0.053680419921875 -0.120460510253906
0.32586669921875 0.0347900390625 0.072479248046875 -0.106468200683594
0.223220825195313 0.205581665039063 0.0401229858398438 -0.117721557617187
0.06591796875 0.281402587890625 0.062255859375 -0.143112182617188
-0.196975708007813 0.22650146484375 0.175186157226563 -0.213531494140625
-0.331573486328125 0.096923828125 0.334075927734375 -0.24212646484375
-0.315765380859375 -0.00970458984374996 0.542816162109375 -0.09228515625
-0.497589111328125 0.0887451171874999 -0.136795043945313 -0.178909301757812
-0.41387939453125 0.285247802734375 -0.165771484375 -0.0545501708984375
-0.182830810546875 0.40936279296875 -0.105300903320313 0.0578384399414063
0.12603759765625 0.393310546875 -0.00315093994140624 0.0716781616210938
0.28985595703125 0.22796630859375 0.00102996826171877 0.0404739379882813
0.390228271484375 -0.00787353515625 0.0418853759765625 -0.0135879516601562
0.337554931640625 -0.144073486328125 0.027303695678711 -0.0264492034912109
0.315704345703125 -0.11944580078125 -0.0197601318359375 -0.0301456451416016
0.3607177734375 -0.116851806640625 -0.04742431640625 -0.0448341369628906
0.37701416015625 0.012481689453125 -0.0380859375 -0.0776214599609375
0.29107666015625 0.2154541015625 -0.0577468872070312 -0.127120971679688
0.13421630859375 0.33746337890625 0.00199890136718752 -0.184417724609375
-0.193450927734375 0.33563232421875 0.143630981445313 -0.25372314453125
-0.39678955078125 0.2242431640625 0.282196044921875 -0.226348876953125
-0.418182373046875 0.0933837890624999 0.432159423828125 -0.09954833984375
-0.48016357421875 0.175872802734375 -0.260330200195313 -0.15960693359375
-0.352691650390625 0.33624267578125 -0.2244873046875 -0.02001953125
-0.128692626953125 0.405792236328125 -0.114883422851563 0.0473403930664063
0.141448974609375 0.361572265625 -0.0514259338378906 0.0249748229980469
0.281585693359375 0.2010498046875 -0.0896072387695312 0.0182876586914063
0.367584228515625 -0.014129638671875 -0.075897216796875 0.020355224609375
0.313446044921875 -0.134429931640625 -0.078277587890625 0.053802490234375
0.29815673828125 -0.11749267578125 -0.108146667480469 0.0648727416992188
0.34295654296875 -0.122100830078125 -0.14544677734375 0.04022216796875
0.365325927734375 -0.0018310546875 -0.154022216796875 -0.0345001220703125
0.30279541015625 0.198333740234375 -0.16009521484375 -0.119338989257812
0.168121337890625 0.3349609375 -0.06610107421875 -0.20318603515625
-0.16632080078125 0.377716064453125 0.0930023193359375 -0.260650634765625
-0.397003173828125 0.2977294921875 0.197616577148437 -0.16827392578125
-0.449554443359375 0.170196533203125 0.278289794921875 -0.0789337158203125
-0.395782470703125 0.241851806640625 -0.370635986328125 -0.118621826171875
-0.2412109375 0.3472900390625 -0.268173217773438 0.0199127197265625
-0.046356201171875 0.345550537109375 -0.118766784667969 0.0402755737304688
0.148239135742188 0.268783569335938 -0.0968551635742187 -0.0128707885742187
0.235061645507813 0.135162353515625 -0.163604736328125 0.00506591796874998
0.28863525390625 -0.027252197265625 -0.173553466796875 0.05621337890625
0.243270874023437 -0.108489990234375 -0.165557861328125 0.124847412109375
0.237045288085938 -0.098724365234375 -0.179779052734375 0.148681640625
0.275146484375 -0.099334716796875 -0.226516723632812 0.116912841796875
0.288299560546875 -0.00616455078125 -0.253799438476563 0.010284423828125
0.24444580078125 0.15313720703125 -0.240966796875 -0.100723266601563
0.149154663085938 0.266799926757813 -0.122146606445312 -0.201980590820313
-0.12164306640625 0.323944091796875 0.041839599609375 -0.231658935546875
-0.323333740234375 0.29296875 0.103202819824219 -0.0885543823242187
-0.392364501953125 0.20709228515625 0.113899230957031 -0.0431442260742187
-0.266326904296875 0.274551391601563 -0.4573974609375 -0.0634765625
-0.107177734375 0.312255859375 -0.29510498046875 0.060516357421875
0.043609619140625 0.246353149414063 -0.118202209472656 0.0436172485351563
0.140594482421875 0.139404296875 -0.128486633300781 -0.0291595458984375
0.159866333007813 0.045806884765625 -0.203201293945312 0.00697326660156254
0.169708251953125 -0.0422210693359375 -0.233795166015625 0.0892639160156249
0.136093139648438 -0.0691146850585938 -0.220611572265625 0.179763793945313
0.139968872070313 -0.0659408569335938 -0.223785400390625 0.210693359375
0.165069580078125 -0.0593414306640625 -0.27734375 0.172225952148438
0.15911865234375 -0.0008544921875 -0.318817138671875 0.041839599609375
0.132064819335938 0.087738037109375 -0.282501220703125 -0.08587646484375
0.0885009765625 0.145294189453125 -0.146697998046875 -0.188751220703125
-0.0590362548828125 0.192428588867187 0.00907897949218748 -0.184127807617188
-0.182373046875 0.220474243164063 0.0289936065673828 -0.0104541778564453
-0.257736206054688 0.204574584960937 -0.0267486572265625 -0.00274085998535155
-0.108535766601563 0.264556884765625 -0.5159912109375 -0.000274658203124995
0.0195770263671875 0.237197875976563 -0.31378173828125 0.10540771484375
0.116188049316406 0.131118774414063 -0.114547729492187 0.0644073486328125
0.118171691894531 0.0076446533203125 -0.13983154296875 -0.017242431640625
0.0704421997070313 -0.0424346923828125 -0.203460693359375 0.0221405029296875
0.0315971374511719 -0.0525321960449219 -0.247604370117188 0.11578369140625
0.0103359222412109 -0.0216751098632813 -0.235580444335938 0.209503173828125
0.022705078125 -0.0223674774169922 -0.23577880859375 0.239898681640625
0.0326766967773438 -0.00938224792480469 -0.29437255859375 0.193939208984375
0.00601816177368164 0.0055079460144043 -0.340850830078125 0.050323486328125
-0.000357627868652345 0.00911903381347656 -0.279159545898438 -0.0796356201171875
0.0151176452636719 0.00288963317871094 -0.13909912109375 -0.17376708984375
0.0149078369140625 0.0337295532226563 0.00318145751953124 -0.134628295898438
-0.00794219970703125 0.116157531738281 -0.0097503662109375 0.0458793640136719
-0.0726470947265625 0.175430297851563 -0.116546630859375 0.0352020263671875
-0.137222290039063 -0.137405395507812 0.138862609863281 -0.113334655761719
-0.203475952148437 0.0142822265625 -0.00136566162109376 -0.0746536254882813
-0.08282470703125 0.150466918945313 -0.0465850830078125 0.105667114257813
0.0663909912109375 0.144271850585938 0.114990234375 0.183013916015625
0.11639404296875 0.0691299438476563 0.241958618164063 0.092193603515625
0.129791259765625 -0.0249710083007813 0.324066162109375 -0.081298828125
0.114540100097656 -0.0673751831054687 0.287139892578125 -0.21221923828125
0.106239318847656 -0.038543701171875 0.218505859375 -0.235595703125
0.118492126464844 -0.024078369140625 0.214859008789063 -0.198318481445313
0.110466003417969 0.0487442016601562 0.23126220703125 -0.103744506835938
0.0378799438476563 0.107460021972656 0.171630859375 -0.055511474609375
-0.0611724853515625 0.10040283203125 0.122611999511719 -0.0409774780273437
-0.140670776367188 -0.0111083984375 0.182388305664063 -0.0950927734375
-0.113998413085938 -0.142913818359375 0.34722900390625 -0.180328369140625
-0.0167083740234375 -0.19036865234375 0.59661865234375 0.00494384765624999
-0.32293701171875 -0.0749206542968749 0.091278076171875 -0.13995361328125
-0.332305908203125 0.119354248046875 -0.0316848754882813 -0.0788345336914063
-0.1507568359375 0.273956298828125 -0.0661544799804688 0.0864334106445313
0.09210205078125 0.268112182617187 0.081939697265625 0.156326293945313
0.2039794921875 0.147750854492188 0.176620483398438 0.087127685546875
0.259307861328125 -0.0196990966796875 0.258804321289063 -0.0622100830078125
0.228347778320313 -0.11138916015625 0.232269287109375 -0.168472290039063
0.213150024414063 -0.0799102783203125 0.16461181640625 -0.190521240234375
0.24078369140625 -0.0650634765625 0.152938842773438 -0.168426513671875
0.23541259765625 0.0455780029296875 0.171127319335938 -0.105972290039063
0.139114379882813 0.16925048828125 0.1162109375 -0.0836105346679688
-0.00236511230468748 0.2034912109375 0.0964889526367188 -0.0871810913085938
-0.184768676757813 0.109893798828125 0.182174682617188 -0.156936645507813
-0.24169921875 -0.029083251953125 0.353668212890625 -0.223358154296875
-0.184600830078125 -0.110992431640625 0.59893798828125 -0.04754638671875
-0.45538330078125 0.000488281250000019 -0.00439453125000002 -0.157699584960938
-0.41259765625 0.212554931640625 -0.0877685546875 -0.067291259765625
-0.193450927734375 0.36651611328125 -0.0832595825195313 0.0740127563476563
0.108612060546875 0.35968017578125 0.0450057983398438 0.120994567871094
0.265487670898438 0.207229614257813 0.0975265502929688 0.0713577270507813
0.3511962890625 -0.012908935546875 0.163375854492188 -0.037353515625
0.30926513671875 -0.1385498046875 0.145660400390625 -0.102798461914063
0.289947509765625 -0.108856201171875 0.0850906372070313 -0.116752624511719
0.328216552734375 -0.101470947265625 0.0632095336914063 -0.111656188964844
0.333343505859375 0.03076171875 0.0795135498046875 -0.0944976806640625
0.233123779296875 0.210220336914063 0.0367889404296875 -0.106826782226562
0.06903076171875 0.292633056640625 0.0539627075195313 -0.138778686523438
-0.20751953125 0.240341186523438 0.169631958007812 -0.21649169921875
-0.34979248046875 0.106109619140625 0.33489990234375 -0.24261474609375
-0.337249755859375 -0.0120849609375 0.54388427734375 -0.084136962890625
-0.515838623046875 0.0869750976562499 -0.129684448242188 -0.158432006835938
-0.425567626953125 0.29058837890625 -0.15643310546875 -0.03985595703125
-0.189697265625 0.418243408203125 -0.0973587036132813 0.0661392211914063
0.126251220703125 0.39898681640625 0.00254821777343751 0.0770263671875
0.29705810546875 0.232452392578125 0.00757598876953126 0.04925537109375
0.392578125 -0.008056640625 0.0489349365234375 -0.00638198852539063
0.34429931640625 -0.146759033203125 0.0403213500976563 -0.0231857299804688
0.322479248046875 -0.12298583984375 -0.00632858276367185 -0.0244045257568359
0.36883544921875 -0.1219482421875 -0.0381660461425781 -0.0343055725097656
0.3858642578125 0.014190673828125 -0.0329742431640625 -0.0641899108886719
0.298614501953125 0.22509765625 -0.0626754760742187 -0.116371154785156
0.1336669921875 0.3502197265625 -0.00675964355468751 -0.178070068359375
-0.2091064453125 0.347137451171875 0.13555908203125 -0.25457763671875
-0.41766357421875 0.228118896484375 0.277618408203125 -0.224884033203125
-0.440521240234375 0.08441162109375 0.427703857421875 -0.0928955078125
-0.498931884765625 0.16583251953125 -0.259475708007813 -0.142547607421875
-0.369415283203125 0.336700439453125 -0.220245361328125 -0.00379943847656244
-0.142913818359375 0.415130615234375 -0.107765197753906 0.0581207275390625
0.138671875 0.371978759765625 -0.044952392578125 0.0307693481445313
0.287200927734375 0.21246337890625 -0.0839767456054687 0.02655029296875
0.3748779296875 -0.009613037109375 -0.0699005126953125 0.0278587341308594
0.32501220703125 -0.134857177734375 -0.0684356689453125 0.0578422546386719
0.307769775390625 -0.11700439453125 -0.0964736938476562 0.0709915161132812
0.353607177734375 -0.11920166015625 -0.138145446777344 0.0507736206054688
0.373291015625 0.003814697265625 -0.151290893554687 -0.0214080810546875
0.306640625 0.210601806640625 -0.164825439453125 -0.10870361328125
0.163909912109375 0.3486328125 -0.0746612548828125 -0.19647216796875
-0.183868408203125 0.38507080078125 0.083740234375 -0.257308959960938
-0.41766357421875 0.29644775390625 0.189697265625 -0.165908813476562
-0.46881103515625 0.154266357421875 0.268096923828125 -0.076690673828125
-0.413848876953125 0.226531982421875 -0.378692626953125 -0.107391357421875
-0.259429931640625 0.339996337890625 -0.270156860351563 0.0351409912109375
-0.065185546875 0.354095458984375 -0.113815307617188 0.0515518188476563
0.1392822265625 0.282196044921875 -0.0915985107421875 -0.00662231445312499
0.237274169921875 0.148956298828125 -0.159576416015625 0.011993408203125
0.2979736328125 -0.01678466796875 -0.170440673828125 0.0622406005859375
0.256805419921875 -0.104354858398438 -0.159561157226563 0.128677368164063
0.247940063476562 -0.0949554443359375 -0.172531127929688 0.1534423828125
0.287506103515625 -0.094573974609375 -0.22222900390625 0.125732421875
0.296630859375 0.00433349609375 -0.252609252929688 0.0207061767578126
0.245040893554687 0.167572021484375 -0.244842529296875 -0.0930938720703125
0.14093017578125 0.278289794921875 -0.129119873046875 -0.195846557617187
-0.139862060546875 0.32525634765625 0.033111572265625 -0.227279663085937
-0.339874267578125 0.28570556640625 0.0937423706054687 -0.0858154296875
-0.4066162109375 0.188751220703125 0.0994338989257812 -0.046173095703125
-0.274810791015625 0.25775146484375 -0.47247314453125 -0.0589904785156249
-0.121490478515625 0.299835205078125 -0.3035888671875 0.074615478515625
0.02569580078125 0.247055053710937 -0.114059448242187 0.0542755126953125
0.128219604492188 0.150436401367188 -0.123893737792969 -0.024505615234375
0.158248901367188 0.0598602294921875 -0.200332641601563 0.00914001464843747
0.176528930664063 -0.028350830078125 -0.233291625976563 0.0929870605468749
0.148345947265625 -0.06219482421875 -0.219497680664063 0.181686401367188
0.149734497070312 -0.059600830078125 -0.220840454101562 0.2139892578125
0.17706298828125 -0.051544189453125 -0.2767333984375 0.17840576171875
0.166885375976562 0.0125885009765625 -0.320465087890625 0.04901123046875
0.130111694335938 0.103614807128906 -0.285797119140625 -0.080352783203125
0.0772705078125 0.156417846679688 -0.151443481445313 -0.183670043945312
-0.0774078369140625 0.18994140625 0.00221252441406251 -0.17938232421875
-0.197540283203125 0.207870483398438 0.0182723999023437 -0.00977516174316405
-0.266220092773437 0.18414306640625 -0.0445938110351563 -0.0124359130859375
-0.1080322265625 0.248870849609375 -0.53228759765625 -0.0010375976562499
0.0118865966796875 0.222824096679688 -0.325714111328125 0.11529541015625
0.104347229003906 0.125045776367188 -0.111984252929688 0.07373046875
0.104598999023437 0.0120010375976563 -0.135498046875 -0.0144805908203125
0.0646476745605469 -0.0315437316894531 -0.201385498046875 0.019866943359375
0.0354461669921875 -0.0371284484863281 -0.2486572265625 0.1151123046875
0.0198917388916016 -0.0126171112060547 -0.2398681640625 0.209182739257813
0.0309391021728516 -0.0146961212158203 -0.237899780273438 0.240478515625
0.043426513671875 -0.000583648681640625 -0.29791259765625 0.197509765625
0.0135517120361328 0.0203132629394531 -0.3453369140625 0.054718017578125
-0.00287246704101563 0.0252876281738281 -0.283355712890625 -0.0781250000000001
0.00470638275146484 0.0127906799316406 -0.14288330078125 -0.171630859375
-0.000642776489257812 0.0296688079833984 -0.00188446044921876 -0.131736755371094
-0.0186996459960937 0.100326538085938 -0.0211906433105469 0.0432701110839844
-0.0766448974609375 0.155670166015625 -0.135650634765625 0.019744873046875
-0.143218994140625 -0.123199462890625 0.161544799804688 -0.103805541992188
-0.197265625 0.030242919921875 0.0119552612304687 -0.0723037719726563
-0.0705413818359375 0.155685424804688 -0.0408859252929688 0.108078002929688
0.078765869140625 0.136215209960938 0.123199462890625 0.184677124023437
0.121376037597656 0.058563232421875 0.251449584960938 0.0923614501953125
0.1248779296875 -0.0378646850585938 0.333038330078125 -0.089691162109375
0.107192993164062 -0.0796966552734375 0.296661376953125 -0.224578857421875
0.101058959960937 -0.0502243041992187 0.22686767578125 -0.246109008789063
0.114051818847656 -0.0377349853515625 0.224411010742187 -0.20684814453125
0.113525390625 0.0362701416015625 0.244400024414063 -0.106948852539063
0.04833984375 0.100936889648438 0.175521850585938 -0.054840087890625
-0.0512313842773438 0.103515625 0.121894836425781 -0.041595458984375
-0.136802673339844 0.000831604003906247 0.184890747070313 -0.107925415039062
-0.120498657226562 -0.1298828125 0.360504150390625 -0.195465087890625
-0.02764892578125 -0.182510375976563 0.625 0.00256347656249999
-0.336944580078125 -0.061126708984375 0.110626220703125 -0.127059936523438
-0.333160400390625 0.138946533203125 -0.0182037353515625 -0.0736312866210938
-0.142852783203125 0.285919189453125 -0.059051513671875 0.090118408203125
0.10394287109375 0.26715087890625 0.089447021484375 0.159652709960938
0.214096069335938 0.141586303710938 0.186874389648438 0.09063720703125
0.26007080078125 -0.032470703125 0.26947021484375 -0.06573486328125
0.227890014648438 -0.125091552734375 0.244674682617188 -0.177841186523438
0.214752197265625 -0.09295654296875 0.175689697265625 -0.197509765625
0.243423461914063 -0.0810699462890625 0.164016723632813 -0.171096801757813
0.245437622070313 0.0330963134765625 0.182891845703125 -0.105026245117188
0.15460205078125 0.16802978515625 0.118362426757813 -0.079742431640625
0.00827026367187502 0.214752197265625 0.0926589965820313 -0.0870437622070312
-0.189010620117187 0.130020141601563 0.180908203125 -0.168746948242188
-0.258590698242188 -0.0121459960937499 0.363494873046875 -0.236968994140625
-0.20635986328125 -0.104537963867187 0.62384033203125 -0.04974365234375
-0.477813720703125 0.0133666992187501 0.00930786132812498 -0.142318725585938
-0.42071533203125 0.23345947265625 -0.0764007568359375 -0.0591888427734375
-0.19049072265625 0.383941650390625 -0.0765304565429688 0.0811080932617188
0.120574951171875 0.36590576171875 0.0528640747070313 0.1258544921875
0.279937744140625 0.206161499023437 0.107452392578125 0.0779266357421875
0.359283447265625 -0.023590087890625 0.17364501953125 -0.0362091064453125
0.3160400390625 -0.153900146484375 0.158843994140625 -0.10791015625
0.29638671875 -0.123443603515625 0.0978164672851563 -0.11895751953125
0.33734130859375 -0.1171875 0.0735244750976563 -0.109344482421875
0.3489990234375 0.021759033203125 0.088775634765625 -0.0890655517578125
0.251876831054688 0.21435546875 0.0348739624023438 -0.100662231445312
0.08001708984375 0.3092041015625 0.0463409423828125 -0.136940002441406
-0.216995239257813 0.263778686523438 0.164871215820313 -0.22705078125
-0.372650146484375 0.124786376953125 0.34027099609375 -0.2542724609375
-0.365509033203125 -0.00601196289062506 0.559234619140625 -0.08697509765625
-0.544403076171875 0.0965576171874999 -0.124237060546875 -0.14263916015625
-0.43975830078125 0.310546875 -0.148696899414063 -0.027374267578125
-0.19488525390625 0.4422607421875 -0.0905380249023438 0.074951171875
0.135833740234375 0.412689208984375 0.0100936889648438 0.0833053588867188
0.3131103515625 0.236236572265625 0.015533447265625 0.0568923950195313
0.406890869140625 -0.015106201171875 0.0571441650390625 -0.00172805786132813
0.35565185546875 -0.1600341796875 0.0528793334960938 -0.023345947265625
0.334381103515625 -0.135833740234375 0.00591278076171877 -0.02264404296875
0.38262939453125 -0.1353759765625 -0.0299892425537109 -0.0268115997314453
0.403411865234375 0.00726318359375 -0.0277481079101562 -0.0550689697265625
0.3170166015625 0.23284912109375 -0.0679702758789063 -0.108116149902344
0.14306640625 0.368988037109375 -0.0165863037109375 -0.175521850585937
-0.220428466796875 0.37188720703125 0.12750244140625 -0.262008666992188
-0.44287109375 0.246246337890625 0.277435302734375 -0.23358154296875
-0.471649169921875 0.0884704589843751 0.43524169921875 -0.096160888671875
-0.527618408203125 0.17138671875 -0.265823364257813 -0.126190185546875
-0.38726806640625 0.353668212890625 -0.21881103515625 0.0123443603515625
-0.1513671875 0.438720703125 -0.10205078125 0.0692214965820313
0.14520263671875 0.390106201171875 -0.0404701232910156 0.0375251770019531
0.304473876953125 0.22119140625 -0.0791397094726562 0.0350799560546875
0.391357421875 -0.01141357421875 -0.0652580261230468 0.0356063842773438
0.3421630859375 -0.1455078125 -0.0587539672851562 0.0620346069335937
0.322540283203125 -0.126739501953125 -0.0862808227539062 0.0767135620117188
0.370941162109375 -0.13031005859375 -0.133613586425781 0.0624465942382812
0.39215087890625 0.002960205078125 -0.149948120117187 -0.00897216796875001
0.322906494140625 0.2220458984375 -0.173049926757812 -0.098388671875
0.17108154296875 0.36749267578125 -0.0862274169921875 -0.192764282226562
-0.198486328125 0.405181884765625 0.07366943359375 -0.26171875
-0.44232177734375 0.31060791015625 0.185455322265625 -0.1690673828125
-0.496063232421875 0.156097412109375 0.264190673828125 -0.0792694091796875
-0.436309814453125 0.22808837890625 -0.39459228515625 -0.0925903320312499
-0.27783203125 0.350128173828125 -0.275772094726563 0.05438232421875
-0.0758056640625 0.37261962890625 -0.109176635742188 0.063690185546875
0.140869140625 0.301116943359375 -0.0879364013671875 -0.00164031982421873
0.251434326171875 0.16259765625 -0.158111572265625 0.019317626953125
0.314788818359375 -0.012847900390625 -0.169326782226563 0.0711212158203125
0.2740478515625 -0.109695434570312 -0.155120849609375 0.136566162109375
0.262985229492187 -0.100433349609375 -0.16644287109375 0.163223266601563
0.305908203125 -0.099884033203125 -0.220474243164062 0.139678955078125
0.3140869140625 0.007720947265625 -0.256149291992188 0.034759521484375
0.257095336914063 0.181915283203125 -0.255203247070313 -0.0831451416015625
0.142791748046875 0.29638671875 -0.140380859375 -0.191818237304688
-0.156036376953125 0.341064453125 0.022979736328125 -0.228057861328125
-0.36236572265625 0.2916259765625 0.086700439453125 -0.0855255126953125
-0.430389404296875 0.18536376953125 0.0872268676757812 -0.049530029296875
-0.2889404296875 0.254058837890625 -0.496368408203125 -0.0455017089843749
-0.13592529296875 0.30157470703125 -0.315643310546875 0.0941162109375
0.0141754150390625 0.256332397460938 -0.1112060546875 0.0662155151367188
0.123199462890625 0.164108276367188 -0.122909545898437 -0.0196914672851562
0.16455078125 0.072998046875 -0.201812744140625 0.0144805908203125
0.190444946289063 -0.020416259765625 -0.235580444335937 0.101715087890625
0.16455078125 -0.061187744140625 -0.221282958984375 0.191604614257813
0.163375854492188 -0.0601959228515625 -0.220184326171875 0.225448608398438
0.193893432617188 -0.0509185791015625 -0.28021240234375 0.193267822265625
0.181777954101563 0.0212860107421875 -0.32843017578125 0.06292724609375
0.136795043945313 0.119171142578125 -0.296875 -0.0726318359375001
0.073883056640625 0.17083740234375 -0.162216186523438 -0.181915283203125
-0.0932464599609375 0.197555541992188 -0.005889892578125 -0.17852783203125
-0.215118408203125 0.206405639648438 0.00923824310302733 -0.00761127471923827
-0.28167724609375 0.1759033203125 -0.0632438659667969 -0.0178756713867187
-0.109573364257813 0.242630004882813 -0.561859130859375 0.00576782226562497
0.00630187988281252 0.215911865234375 -0.341644287109375 0.1339111328125
0.0965805053710938 0.123100280761719 -0.110038757324219 0.0842132568359375
0.0953369140625 0.018524169921875 -0.135627746582031 -0.0115127563476563
0.0627288818359375 -0.022308349609375 -0.20458984375 0.0218658447265625
0.0428619384765625 -0.0264205932617188 -0.254302978515625 0.121414184570312
0.0312232971191406 -0.00522041320800781 -0.246170043945313 0.21826171875
0.0398178100585938 -0.0103874206542969 -0.241943359375 0.252777099609375
0.0555381774902344 0.00492095947265625 -0.304443359375 0.21221923828125
0.0232410430908203 0.0322685241699219 -0.3580322265625 0.0666809082031251
-0.0026397705078125 0.0410232543945313 -0.295745849609375 -0.0733642578125
-0.00342178344726563 0.0234699249267578 -0.15289306640625 -0.171371459960938
-0.0153751373291016 0.0291576385498047 -0.00918579101562501 -0.131195068359375
-0.0305862426757813 0.0914459228515625 -0.0311660766601563 0.0443954467773438
-0.0831146240234375 0.14410400390625 -0.159011840820312 0.0107879638671875
-0.149581909179688 -0.106704711914062 0.183380126953125 -0.10284423828125
-0.189987182617188 0.049713134765625 0.023590087890625 -0.0737991333007813
-0.0542449951171875 0.160476684570313 -0.0316085815429687 0.109832763671875
0.0919647216796875 0.125381469726563 0.136810302734375 0.182891845703125
0.126640319824219 0.0445098876953125 0.266036987304688 0.0843353271484375
0.117263793945313 -0.0516433715820313 0.341796875 -0.108123779296875
0.0966262817382813 -0.0926284790039063 0.299896240234375 -0.247833251953125
0.0935211181640625 -0.0626296997070313 0.227752685546875 -0.2650146484375
0.107154846191406 -0.0520248413085937 0.228805541992187 -0.223373413085938
0.115638732910156 0.0211639404296875 0.253799438476563 -0.1209716796875
0.0593948364257812 0.0925369262695313 0.1806640625 -0.0601654052734375
-0.0392532348632812 0.106674194335938 0.121002197265625 -0.0453872680664062
-0.132606506347656 0.0154037475585937 0.182723999023438 -0.125823974609375
-0.12841796875 -0.114959716796875 0.366729736328125 -0.223419189453125
-0.042236328125 -0.174102783203125 0.6571044921875 -0.0216064453125
-0.35296630859375 -0.0367431640624999 0.130195617675781 -0.122222900390625
-0.3299560546875 0.167327880859375 -0.00614929199218751 -0.0718841552734375
-0.127349853515625 0.301177978515625 -0.0499343872070313 0.094390869140625
0.121963500976563 0.2630615234375 0.101913452148438 0.160964965820313
0.226974487304688 0.128585815429688 0.201705932617188 0.0877685546875
0.259933471679688 -0.051605224609375 0.279434204101563 -0.078369140625
0.223236083984375 -0.144912719726562 0.25128173828125 -0.196945190429688
0.212066650390625 -0.113128662109375 0.181106567382812 -0.212554931640625
0.243316650390625 -0.103424072265625 0.170257568359375 -0.18194580078125
0.256362915039063 0.0148468017578125 0.193206787109375 -0.112808227539063
0.175140380859375 0.162200927734375 0.119819641113281 -0.080902099609375
0.0257720947265625 0.223922729492187 0.08758544921875 -0.089111328125
-0.187271118164063 0.154403686523437 0.17462158203125 -0.185531616210937
-0.273513793945313 0.0133056640625001 0.36676025390625 -0.262939453125
-0.231155395507813 -0.0901489257812499 0.6485595703125 -0.07373046875
-0.50146484375 0.040802001953125 0.0215988159179687 -0.131591796875
-0.42144775390625 0.266876220703125 -0.0662879943847657 -0.0512771606445312
-0.178192138671875 0.409820556640625 -0.0665359497070313 0.0877227783203125
0.141632080078125 0.36920166015625 0.06451416015625 0.128501892089844
0.30035400390625 0.19635009765625 0.121063232421875 0.0796356201171875
0.3670654296875 -0.04315185546875 0.184356689453125 -0.0422515869140625
0.3172607421875 -0.17822265625 0.16864013671875 -0.121429443359375
0.299896240234375 -0.147186279296875 0.106895446777344 -0.128471374511719
0.34320068359375 -0.144195556640625 0.0820999145507813 -0.111557006835938
0.36492919921875 0.000335693359375 0.0968551635742188 -0.0896377563476563
0.278640747070313 0.209396362304688 0.0324478149414063 -0.0964889526367187
0.101776123046875 0.3226318359375 0.0370559692382813 -0.136642456054687
-0.21722412109375 0.2950439453125 0.153884887695313 -0.241867065429687
-0.390777587890625 0.15716552734375 0.3380126953125 -0.276458740234375
-0.394012451171875 0.01318359375 0.57611083984375 -0.105712890625
-0.570556640625 0.12469482421875 -0.120887756347656 -0.12567138671875
-0.445953369140625 0.346923828125 -0.141525268554688 -0.0140838623046875
-0.183746337890625 0.472198486328125 -0.080963134765625 0.0842514038085938
0.1590576171875 0.424163818359375 0.0198745727539063 0.0874710083007813
0.33795166015625 0.23077392578125 0.025665283203125 0.0631599426269531
0.421661376953125 -0.033447265625 0.0662956237792969 5.34057617187479E-05
0.363006591796875 -0.18609619140625 0.0640296936035157 -0.0286140441894531
0.341644287109375 -0.16082763671875 0.0166263580322266 -0.0239810943603516
0.39447021484375 -0.162567138671875 -0.0211048126220703 -0.0199718475341797
0.423187255859375 -0.01263427734375 -0.0224494934082031 -0.0477294921875
0.34588623046875 0.231353759765625 -0.0747451782226562 -0.0985794067382812
0.16717529296875 0.383880615234375 -0.030364990234375 -0.171875
-0.220703125 0.406890869140625 0.112106323242188 -0.27362060546875
-0.46173095703125 0.282440185546875 0.27197265625 -0.249374389648438
-0.50140380859375 0.110565185546875 0.440887451171875 -0.109649658203125
-0.55291748046875 0.197479248046875 -0.273269653320313 -0.10406494140625
-0.39678955078125 0.38385009765625 -0.216094970703125 0.0322265625
-0.145721435546875 0.470947265625 -0.0933151245117188 0.0806732177734375
0.165435791015625 0.407562255859375 -0.0331535339355469 0.0428352355957032
0.330780029296875 0.220916748046875 -0.0734100341796875 0.0444107055664063
0.41070556640625 -0.025665283203125 -0.0587005615234375 0.0440292358398438
0.353912353515625 -0.168182373046875 -0.0484733581542969 0.0657691955566406
0.3333740234375 -0.1490478515625 -0.0751190185546875 0.0832672119140625
0.3851318359375 -0.153717041015625 -0.125663757324219 0.077301025390625
0.4146728515625 -0.01409912109375 -0.147994995117187 0.00566101074218747
0.3502197265625 0.222991943359375 -0.182571411132812 -0.0849456787109375
0.19189453125 0.383392333984375 -0.102279663085937 -0.187149047851562
-0.199462890625 0.437713623046875 0.0578765869140625 -0.267379760742188
-0.458343505859375 0.34307861328125 0.177597045898437 -0.177932739257812
-0.523040771484375 0.17559814453125 0.260406494140625 -0.088775634765625
-0.4561767578125 0.24639892578125 -0.412628173828125 -0.06719970703125
-0.2869873046875 0.372528076171875 -0.278594970703125 0.080230712890625
-0.07427978515625 0.398406982421875 -0.102081298828125 0.0768890380859375
0.154632568359375 0.31768798828125 -0.085357666015625 0.00568389892578127
0.272781372070313 0.166427612304688 -0.156845092773437 0.0303955078125
0.334930419921875 -0.0218505859375 -0.166610717773437 0.0850677490234375
0.289459228515625 -0.126251220703125 -0.1480712890625 0.147705078125
0.27587890625 -0.11663818359375 -0.156784057617188 0.175704956054687
0.321990966796875 -0.1175537109375 -0.21484375 0.161117553710938
0.334686279296875 -0.00067138671875 -0.25811767578125 0.0556182861328125
0.278640747070313 0.188018798828125 -0.267898559570312 -0.0664215087890624
0.157012939453125 0.31134033203125 -0.157150268554688 -0.183944702148437
-0.16107177734375 0.364227294921875 0.00830078125 -0.229263305664062
-0.37664794921875 0.316162109375 0.07867431640625 -0.0860519409179688
-0.45196533203125 0.198638916015625 0.073516845703125 -0.0531082153320312
-0.298919677734375 0.2625732421875 -0.522430419921875 -0.02001953125
-0.142578125 0.311248779296875 -0.323486328125 0.122283935546875
0.01116943359375 0.269668579101563 -0.106430053710937 0.0796661376953125
0.126480102539063 0.177154541015625 -0.123458862304688 -0.0127182006835937
0.175399780273438 0.078857421875 -0.205429077148438 0.0251007080078125
0.206680297851563 -0.0205841064453125 -0.236953735351562 0.117507934570312
0.178878784179688 -0.0687103271484375 -0.21832275390625 0.207717895507813
0.174957275390625 -0.0677490234375 -0.213455200195313 0.242584228515625
0.209365844726563 -0.0596160888671875 -0.277740478515625 0.217880249023438
0.198867797851562 0.021087646484375 -0.334686279296875 0.0865478515625
0.1502685546875 0.130722045898438 -0.31060791015625 -0.0566711425781249
0.07843017578125 0.184860229492188 -0.178436279296875 -0.174774169921875
-0.103240966796875 0.21124267578125 -0.0183258056640625 -0.177169799804688
-0.227630615234375 0.215591430664062 0.00138807296752928 -0.00457811355590819
-0.29498291015625 0.179443359375 -0.0842437744140625 -0.0185012817382812
-0.1064453125 0.241897583007812 -0.5916748046875 0.0330200195312499
0.005706787109375 0.212677001953125 -0.35205078125 0.16357421875
0.0929183959960937 0.121261596679688 -0.10595703125 0.097259521484375
0.08929443359375 0.0236740112304688 -0.13690185546875 -0.00566864013671878
0.0630531311035156 -0.0144996643066406 -0.209274291992188 0.0294647216796875
0.0517082214355469 -0.018524169921875 -0.258010864257813 0.1353759765625
0.0434646606445313 -0.00247573852539063 -0.24749755859375 0.236801147460938
0.0487251281738281 -0.0078887939453125 -0.238601684570313 0.271804809570313
0.0680923461914063 0.00589370727539062 -0.305908203125 0.237152099609375
0.0364646911621094 0.0412673950195313 -0.368499755859375 0.0905151367187499
0.0024871826171875 0.0563468933105469 -0.310943603515625 -0.05853271484375
-0.00784111022949219 0.034881591796875 -0.167404174804687 -0.166824340820313
-0.0286312103271484 0.0323715209960938 -0.0185546875 -0.129844665527344
-0.0408554077148438 0.0867385864257813 -0.0394554138183594 0.0481300354003906
-0.0882797241210938 0.137046813964844 -0.183853149414063 0.01043701171875
-0.152664184570313 -0.0861663818359375 0.20123291015625 -0.10986328125
-0.175323486328125 0.0690155029296875 0.0323486328125 -0.0766372680664063
-0.033843994140625 0.160491943359375 -0.0205917358398438 0.10919189453125
0.102508544921875 0.109085083007813 0.150726318359375 0.174285888671875
0.127586364746094 0.0278701782226562 0.276123046875 0.0670623779296875
0.105201721191406 -0.0635604858398438 0.3394775390625 -0.1318359375
0.08184814453125 -0.102142333984375 0.288604736328125 -0.271881103515625
0.081512451171875 -0.073486328125 0.21539306640625 -0.2835693359375
0.0954360961914063 -0.0653610229492188 0.221221923828125 -0.242813110351562
0.113258361816406 0.00449371337890625 0.254119873046875 -0.139892578125
0.0686798095703125 0.0799331665039063 0.180755615234375 -0.0699310302734375
-0.025543212890625 0.106430053710938 0.117729187011719 -0.0511703491210937
-0.123313903808594 0.029754638671875 0.172836303710937 -0.14434814453125
-0.133460998535156 -0.0951919555664063 0.358154296875 -0.253875732421875
-0.0571136474609375 -0.160659790039063 0.672119140625 -0.06304931640625
-0.358428955078125 -0.00378417968749997 0.14501953125 -0.122207641601563
-0.312408447265625 0.196868896484375 0.00290679931640624 -0.0711822509765625
-0.102264404296875 0.310211181640625 -0.0384979248046875 0.0959548950195313
0.140304565429687 0.249313354492187 0.115615844726563 0.154937744140625
0.236419677734375 0.108352661132812 0.213623046875 0.0760498046875
0.2518310546875 -0.071990966796875 0.28131103515625 -0.097137451171875
0.20867919921875 -0.165664672851563 0.24627685546875 -0.218429565429687
0.200347900390625 -0.132843017578125 0.174713134765625 -0.229232788085938
0.2327880859375 -0.12774658203125 0.16845703125 -0.194747924804688
0.25897216796875 -0.010162353515625 0.195709228515625 -0.126007080078125
0.193191528320312 0.146575927734375 0.118446350097656 -0.0841522216796875
0.0474853515625 0.22625732421875 0.080291748046875 -0.0904006958007813
-0.175613403320312 0.177871704101563 0.159591674804688 -0.201202392578125
-0.278533935546875 0.044219970703125 0.353546142578125 -0.2899169921875
-0.248138427734375 -0.0661468505859375 0.65765380859375 -0.1097412109375
-0.507843017578125 0.0805969238281249 0.0324554443359375 -0.123260498046875
-0.405914306640625 0.302886962890625 -0.0561370849609375 -0.0452156066894531
-0.150360107421875 0.4278564453125 -0.0542984008789063 0.0915145874023438
0.167633056640625 0.36151123046875 0.0774002075195313 0.125946044921875
0.3173828125 0.173858642578125 0.133453369140625 0.0739212036132813
0.365234375 -0.07025146484375 0.190780639648438 -0.0529327392578125
0.30474853515625 -0.206390380859375 0.169601440429688 -0.136978149414063
0.2900390625 -0.174285888671875 0.107421875 -0.139556884765625
0.3358154296875 -0.175079345703125 0.085479736328125 -0.116165161132813
0.371673583984375 -0.029083251953125 0.101203918457031 -0.0940399169921875
0.302459716796875 0.1922607421875 0.02838134765625 -0.0931625366210937
0.128936767578125 0.325042724609375 0.0249557495117188 -0.133148193359375
-0.20208740234375 0.3238525390625 0.13323974609375 -0.253509521484375
-0.393829345703125 0.1962890625 0.32196044921875 -0.298431396484375
-0.41082763671875 0.0445556640624999 0.57861328125 -0.1378173828125
-0.5789794921875 0.16558837890625 -0.115325927734375 -0.107650756835938
-0.429534912109375 0.38409423828125 -0.130882263183594 -0.00122070312499997
-0.156951904296875 0.497894287109375 -0.06732177734375 0.090789794921875
0.188140869140625 0.421173095703125 0.0303878784179688 0.0879745483398438
0.36077880859375 0.210418701171875 0.0376319885253906 0.0640830993652344
0.426788330078125 -0.062469482421875 0.0751800537109375 -0.001800537109375
0.35662841796875 -0.21661376953125 0.0702743530273438 -0.036590576171875
0.336029052734375 -0.189239501953125 0.0243721008300781 -0.0282135009765625
0.390625 -0.1971435546875 -0.0122585296630859 -0.0158100128173828
0.433258056640625 -0.042938232421875 -0.016937255859375 -0.0420417785644531
0.373077392578125 0.21343994140625 -0.0807266235351562 -0.086151123046875
0.197174072265625 0.385833740234375 -0.0455474853515625 -0.163360595703125
-0.202972412109375 0.437103271484375 0.0888824462890625 -0.279266357421875
-0.4593505859375 0.324676513671875 0.256072998046875 -0.264938354492187
-0.515899658203125 0.144775390625 0.43499755859375 -0.133819580078125
-0.560333251953125 0.2332763671875 -0.273956298828125 -0.07550048828125
-0.384185791015625 0.418121337890625 -0.205825805664063 0.053466796875
-0.122650146484375 0.496856689453125 -0.0803985595703125 0.08978271484375
0.19305419921875 0.411224365234375 -0.0253982543945312 0.0471305847167969
0.354461669921875 0.205230712890625 -0.06365966796875 0.0522956848144531
0.422332763671875 -0.051727294921875 -0.0489578247070312 0.0515289306640625
0.353057861328125 -0.197357177734375 -0.03790283203125 0.0668907165527344
0.331756591796875 -0.1756591796875 -0.0625762939453125 0.08648681640625
0.38629150390625 -0.185089111328125 -0.111747741699219 0.090362548828125
0.425689697265625 -0.040924072265625 -0.140914916992187 0.02044677734375
0.3753662109375 0.20989990234375 -0.189239501953125 -0.065521240234375
0.219970703125 0.383331298828125 -0.118072509765625 -0.173980712890625
-0.18310546875 0.4639892578125 0.0354156494140625 -0.26739501953125
-0.45611572265625 0.38031005859375 0.163711547851562 -0.184661865234375
-0.533477783203125 0.2073974609375 0.250213623046875 -0.09979248046875
-0.459136962890625 0.2724609375 -0.420166015625 -0.030975341796875
-0.278167724609375 0.396087646484375 -0.27056884765625 0.108154296875
-0.060211181640625 0.41888427734375 -0.0906448364257812 0.08734130859375
0.17474365234375 0.32476806640625 -0.0811233520507812 0.012939453125
0.292327880859375 0.1566162109375 -0.151321411132812 0.04345703125
0.347381591796875 -0.04095458984375 -0.15765380859375 0.0998382568359375
0.293426513671875 -0.149169921875 -0.135391235351562 0.157562255859375
0.2779541015625 -0.137664794921875 -0.140411376953125 0.186203002929688
0.326690673828125 -0.14208984375 -0.199020385742187 0.180694580078125
0.34710693359375 -0.019622802734375 -0.251434326171875 0.0789337158203125
0.300750732421875 0.18096923828125 -0.273590087890625 -0.0425262451171875
0.176971435546875 0.31414794921875 -0.172164916992188 -0.168487548828125
-0.151702880859375 0.3878173828125 -0.0101165771484375 -0.224807739257813
-0.375091552734375 0.3448486328125 0.0681610107421875 -0.0858993530273437
-0.45843505859375 0.220703125 0.0581703186035156 -0.0546722412109375
-0.295257568359375 0.27386474609375 -0.53564453125 0.0220642089843751
-0.137786865234375 0.31988525390625 -0.31866455078125 0.154571533203125
0.016326904296875 0.27996826171875 -0.096832275390625 0.0913314819335938
0.134567260742188 0.184188842773438 -0.121269226074219 -0.00363159179687502
0.187576293945313 0.078338623046875 -0.202911376953125 0.0394744873046875
0.218826293945313 -0.0285491943359375 -0.229507446289063 0.136077880859375
0.187469482421875 -0.081634521484375 -0.205856323242188 0.22412109375
0.1810302734375 -0.079376220703125 -0.196212768554687 0.259170532226563
0.217849731445313 -0.0744171142578125 -0.261672973632812 0.242538452148438
0.213851928710938 0.0137939453125 -0.329345703125 0.11529541015625
0.16607666015625 0.1336669921875 -0.31787109375 -0.0310974121093749
0.0881500244140625 0.193084716796875 -0.19244384765625 -0.15948486328125
-0.104568481445313 0.226394653320313 -0.0324859619140625 -0.1707763671875
-0.231033325195312 0.229263305664063 -0.00576400756835939 0.000488758087158217
-0.29937744140625 0.188995361328125 -0.103004455566406 -0.0129241943359375
-0.0981292724609375 0.23858642578125 -0.60595703125 0.0742797851562501
0.00833129882812499 0.206924438476563 -0.34832763671875 0.196533203125
0.0898590087890625 0.117668151855469 -0.0966110229492188 0.108726501464844
0.0850067138671875 0.0277557373046875 -0.135643005371094 0.00331878662109374
0.0639839172363281 -0.0095977783203125 -0.208831787109375 0.0419158935546875
0.0606536865234375 -0.015167236328125 -0.252716064453125 0.153778076171875
0.0550422668457031 -0.00306320190429688 -0.237548828125 0.25579833984375
0.0574493408203125 -0.00949859619140625 -0.22308349609375 0.292205810546875
0.0788421630859375 0.00298309326171875 -0.29193115234375 0.26312255859375
0.0500717163085938 0.0449676513671875 -0.366363525390625 0.121673583984375
0.0119972229003906 0.0684661865234375 -0.3193359375 -0.0352478027343749
-0.00934219360351562 0.046539306640625 -0.181747436523438 -0.153854370117188
-0.0392417907714844 0.0384368896484375 -0.02899169921875 -0.124954223632813
-0.0492706298828125 0.0853118896484375 -0.0449447631835938 0.0533027648925781
-0.0900802612304688 0.132133483886719 -0.20416259765625 0.01849365234375
-0.147705078125 -0.0669403076171875 0.212295532226562 -0.11669921875
-0.15618896484375 0.0821533203125 0.038787841796875 -0.0795364379882813
-0.016448974609375 0.15350341796875 -0.0107955932617187 0.104286193847656
0.1064453125 0.09130859375 0.159042358398438 0.1605224609375
0.122695922851563 0.0135726928710938 0.275863647460938 0.04864501953125
0.0910720825195313 -0.0705795288085938 0.326629638671875 -0.1507568359375
0.0653152465820312 -0.106040954589844 0.269378662109375 -0.287017822265625
0.0670318603515625 -0.0786514282226563 0.19757080078125 -0.292510986328125
0.08001708984375 -0.0740280151367187 0.206634521484375 -0.253585815429688
0.106208801269531 -0.0094451904296875 0.245773315429688 -0.155380249023438
0.0723800659179688 0.0666580200195313 0.175430297851563 -0.0767974853515625
-0.0131759643554687 0.101776123046875 0.11199951171875 -0.0546417236328125
-0.110267639160156 0.0394134521484375 0.157791137695313 -0.15509033203125
-0.131889343261719 -0.076904296875 0.339447021484375 -0.275238037109375
-0.0662841796875 -0.143280029296875 0.66412353515625 -0.09979248046875
-0.350677490234375 0.024200439453125 0.15631103515625 -0.12310791015625
-0.286346435546875 0.214080810546875 0.0108489990234375 -0.0715255737304687
-0.077301025390625 0.308074951171875 -0.0276718139648437 0.0929107666015625
0.151718139648438 0.230560302734375 0.125091552734375 0.144485473632813
0.234756469726562 0.0861663818359375 0.21820068359375 0.061767578125
0.237655639648437 -0.0868377685546875 0.274810791015625 -0.11236572265625
0.188674926757812 -0.1773681640625 0.233108520507813 -0.232925415039063
0.183792114257813 -0.145355224609375 0.163436889648438 -0.23736572265625
0.215301513671875 -0.144668579101562 0.160629272460938 -0.202255249023437
0.252487182617188 -0.0332489013671875 0.191268920898438 -0.136627197265625
0.20196533203125 0.127105712890625 0.113731384277344 -0.0855331420898437
0.0662384033203125 0.219635009765625 0.0728225708007812 -0.0882949829101562
-0.158233642578125 0.1925048828125 0.140716552734375 -0.207351684570313
-0.272262573242187 0.07171630859375 0.331756591796875 -0.30535888671875
-0.254852294921875 -0.0411376953125 0.646240234375 -0.142333984375
-0.4979248046875 0.115203857421875 0.0441360473632812 -0.115745544433594
-0.3760986328125 0.323883056640625 -0.0455970764160156 -0.0409812927246094
-0.120849609375 0.431427001953125 -0.0419235229492188 0.090118408203125
0.185302734375 0.3436279296875 0.0867538452148438 0.119087219238281
0.320892333984375 0.14935302734375 0.141143798828125 0.0655364990234375
0.352447509765625 -0.0914306640625 0.19012451171875 -0.062774658203125
0.285552978515625 -0.223968505859375 0.164474487304688 -0.148483276367188
0.272384643554688 -0.19097900390625 0.103713989257813 -0.146347045898438
0.3170166015625 -0.1983642578125 0.0861663818359375 -0.119293212890625
0.36492919921875 -0.056060791015625 0.101478576660156 -0.0982589721679688
0.31451416015625 0.16900634765625 0.0246353149414063 -0.0868301391601563
0.151763916015625 0.315460205078125 0.0152969360351563 -0.125442504882812
-0.180206298828125 0.3408203125 0.111846923828125 -0.255096435546875
-0.38250732421875 0.2275390625 0.298919677734375 -0.30914306640625
-0.413055419921875 0.0734863281249999 0.56390380859375 -0.1619873046875
-0.56634521484375 0.19989013671875 -0.104057312011719 -0.0912322998046875
-0.401947021484375 0.404937744140625 -0.117050170898438 0.00839233398437504
-0.124847412109375 0.5047607421875 -0.0542984008789062 0.0919113159179688
0.210205078125 0.407623291015625 0.0396804809570313 0.0844802856445313
0.36962890625 0.18487548828125 0.0475425720214844 0.0620384216308594
0.41827392578125 -0.089019775390625 0.081695556640625 -0.00536346435546876
0.336700439453125 -0.2384033203125 0.0727767944335938 -0.0439529418945313
0.319976806640625 -0.209259033203125 0.0291481018066406 -0.0324726104736328
0.373291015625 -0.222747802734375 -0.00312995910644529 -0.0135726928710938
0.427459716796875 -0.071075439453125 -0.011138916015625 -0.038787841796875
0.38568115234375 0.18994140625 -0.0817489624023437 -0.07373046875
0.220611572265625 0.37506103515625 -0.0559234619140625 -0.15020751953125
-0.17828369140625 0.453460693359375 0.0672607421875 -0.274948120117187
-0.4434814453125 0.354827880859375 0.233688354492188 -0.270065307617188
-0.51092529296875 0.17327880859375 0.41888427734375 -0.149200439453125
-0.549072265625 0.261962890625 -0.263992309570313 -0.049835205078125
-0.3609619140625 0.43670654296875 -0.190475463867188 0.0687255859375
-0.095703125 0.50634765625 -0.067169189453125 0.0929794311523438
0.214752197265625 0.40130615234375 -0.0170478820800781 0.0483779907226563
0.366180419921875 0.1826171875 -0.0531082153320312 0.0566291809082031
0.417694091796875 -0.076690673828125 -0.0376319885253906 0.0546188354492187
0.339447021484375 -0.2191162109375 -0.0277557373046875 0.0648307800292969
0.319854736328125 -0.1954345703125 -0.0496139526367187 0.0857162475585937
0.373291015625 -0.21026611328125 -0.0956039428710937 0.0976638793945313
0.42266845703125 -0.0662841796875 -0.130226135253906 0.031707763671875
0.38885498046875 0.188262939453125 -0.187240600585937 -0.04693603515625
0.239349365234375 0.37249755859375 -0.126968383789062 -0.1558837890625
-0.159149169921875 0.47772216796875 0.0159149169921875 -0.258575439453125
-0.437957763671875 0.406890869140625 0.147064208984375 -0.184524536132812
-0.526214599609375 0.231658935546875 0.234054565429687 -0.106674194335937
-0.44854736328125 0.28924560546875 -0.411102294921875 0.00180053710937504
-0.263153076171875 0.407806396484375 -0.255096435546875 0.12847900390625
-0.0416259765625 0.426971435546875 -0.0778961181640625 0.0932540893554688
0.190673828125 0.32183837890625 -0.0747756958007812 0.0183181762695313
0.30230712890625 0.14251708984375 -0.141098022460937 0.053070068359375
0.349609375 -0.0596923828125 -0.143798828125 0.109161376953125
0.2872314453125 -0.1673583984375 -0.120529174804688 0.161209106445313
0.271316528320312 -0.153244018554687 -0.122833251953125 0.188873291015625
0.319732666015625 -0.162445068359375 -0.177658081054688 0.192916870117187
0.349578857421875 -0.03863525390625 -0.236053466796875 0.0959320068359375
0.313690185546875 0.168121337890625 -0.269607543945313 -0.0197601318359375
0.192108154296875 0.3092041015625 -0.179428100585938 -0.148330688476562
-0.1363525390625 0.399200439453125 -0.0251922607421875 -0.213104248046875
-0.3623046875 0.3624267578125 0.05828857421875 -0.0820465087890625
-0.451751708984375 0.2376708984375 0.04364013671875 -0.051666259765625
-0.286468505859375 0.27911376953125 -0.528076171875 0.058258056640625
-0.129302978515625 0.32049560546875 -0.30303955078125 0.17901611328125
0.022125244140625 0.282958984375 -0.0849761962890625 0.097198486328125
0.140594482421875 0.186508178710938 -0.11627197265625 0.00392150878906253
0.193832397460937 0.073822021484375 -0.193923950195313 0.051239013671875
0.224334716796875 -0.038543701171875 -0.215087890625 0.148483276367187
0.18914794921875 -0.0928497314453125 -0.18841552734375 0.231918334960938
0.180526733398438 -0.0896759033203125 -0.17462158203125 0.264617919921875
0.218490600585938 -0.0883941650390625 -0.237579345703125 0.256790161132812
0.220855712890625 0.0027008056640625 -0.313507080078125 0.137786865234375
0.178665161132812 0.1304931640625 -0.313690185546875 -0.00714111328124997
0.096221923828125 0.19390869140625 -0.19818115234375 -0.140548706054688
-0.100936889648438 0.235107421875 -0.0426025390625 -0.159759521484375
-0.227020263671875 0.238510131835938 -0.0102567672729492 0.00537490844726564
-0.296142578125 0.19427490234375 -0.116203308105469 -0.00418090820312496
-0.08978271484375 0.229324340820313 -0.60040283203125 0.1126708984375
0.00891113281250002 0.1968994140625 -0.332763671875 0.220489501953125
0.0843582153320313 0.113807678222656 -0.08465576171875 0.115219116210938
0.0802993774414063 0.0325469970703125 -0.13006591796875 0.0108642578125
0.0641670227050781 -0.00466156005859375 -0.202316284179688 0.05181884765625
0.0688819885253906 -0.0143508911132813 -0.241363525390625 0.166107177734375
0.0642356872558594 -0.006591796875 -0.219924926757813 0.26629638671875
0.0631752014160156 -0.0116539001464844 -0.201904296875 0.298553466796875
0.0863723754882813 -0.00218963623046875 -0.26971435546875 0.28021240234375
0.062408447265625 0.0446014404296875 -0.35107421875 0.147430419921875
0.0222625732421875 0.07568359375 -0.31634521484375 -0.0123901367187499
-0.00790786743164062 0.0557403564453125 -0.188522338867188 -0.136917114257812
-0.0468330383300781 0.0454902648925781 -0.036468505859375 -0.116256713867188
-0.0558624267578125 0.0840377807617188 -0.0477027893066406 0.0575942993164063
-0.0909500122070312 0.124954223632813 -0.218017578125 0.029998779296875
-0.138595581054688 -0.0532150268554688 0.22186279296875 -0.1195068359375
-0.137809753417969 0.0862350463867187 0.0445556640625 -0.0815887451171875
-0.0052032470703125 0.143661499023438 -0.0049896240234375 0.097900390625
0.104583740234375 0.0764617919921875 0.16064453125 0.1495361328125
0.115585327148438 0.004058837890625 0.271377563476563 0.037353515625
0.07928466796875 -0.0718612670898438 0.3134765625 -0.159027099609375
0.0521926879882813 -0.105056762695313 0.25347900390625 -0.290069580078125
0.055450439453125 -0.08001708984375 0.185028076171875 -0.292022705078125
0.0671920776367188 -0.0763702392578125 0.195053100585937 -0.254806518554688
0.0973968505859375 -0.018524169921875 0.2369384765625 -0.161392211914063
0.0723495483398438 0.05487060546875 0.170272827148438 -0.0788421630859375
-0.00510406494140626 0.09503173828125 0.107780456542969 -0.0538558959960938
-0.0980758666992188 0.0430526733398438 0.144638061523438 -0.158340454101563
-0.1258544921875 -0.0632781982421875 0.321746826171875 -0.2794189453125
-0.0678787231445312 -0.1265869140625 0.65167236328125 -0.11663818359375
-0.336456298828125 0.0404052734375 0.167633056640625 -0.1212158203125
-0.264083862304688 0.219039916992187 0.0187759399414062 -0.0722427368164062
-0.061614990234375 0.298858642578125 -0.0203628540039063 0.0876922607421875
0.15313720703125 0.21417236328125 0.127983093261719 0.135673522949219
0.228546142578125 0.0730743408203125 0.217086791992188 0.0523529052734375
0.223556518554688 -0.0921630859375 0.267135620117188 -0.11932373046875
0.171905517578125 -0.179458618164063 0.222213745117188 -0.237289428710938
0.16827392578125 -0.149200439453125 0.155075073242188 -0.238723754882813
0.198822021484375 -0.151763916015625 0.1552734375 -0.204025268554688
0.242813110351563 -0.045989990234375 0.186477661132813 -0.140869140625
0.2042236328125 0.112197875976562 0.110206604003906 -0.083831787109375
0.0766754150390625 0.21124267578125 0.06817626953125 -0.08380126953125
-0.143539428710938 0.198287963867188 0.126754760742188 -0.206512451171875
-0.263931274414063 0.088134765625 0.315185546875 -0.308074951171875
-0.254409790039063 -0.022674560546875 0.63177490234375 -0.1552734375
-0.48223876953125 0.13104248046875 0.05694580078125 -0.109100341796875
-0.35150146484375 0.32940673828125 -0.0357627868652344 -0.0395050048828125
-0.102203369140625 0.423431396484375 -0.033538818359375 0.0863189697265625
0.18914794921875 0.326904296875 0.0913162231445313 0.11181640625
0.3157958984375 0.1326904296875 0.144271850585938 0.058074951171875
0.3385009765625 -0.1014404296875 0.188796997070313 -0.0684814453125
0.266616821289063 -0.229827880859375 0.158782958984375 -0.153900146484375
0.256515502929688 -0.198150634765625 0.101287841796875 -0.148880004882813
0.299560546875 -0.208282470703125 0.08770751953125 -0.119682312011719
0.35443115234375 -0.072113037109375 0.102210998535156 -0.099578857421875
0.317352294921875 0.152374267578125 0.0236968994140625 -0.0805816650390625
0.162139892578125 0.305572509765625 0.0115737915039063 -0.116783142089844
-0.164459228515625 0.346649169921875 0.096405029296875 -0.248870849609375
-0.369537353515625 0.24420166015625 0.28094482421875 -0.30877685546875
-0.4085693359375 0.091094970703125 0.548553466796875 -0.1715087890625
-0.551666259765625 0.214569091796875 -0.0896148681640625 -0.078521728515625
-0.3797607421875 0.410064697265625 -0.104423522949219 0.0127410888671875
-0.106597900390625 0.50067138671875 -0.0447998046875 0.0892105102539063
0.21826171875 0.393890380859375 0.0454559326171875 0.080535888671875
0.366455078125 0.166717529296875 0.0539436340332031 0.0584640502929688
0.406524658203125 -0.1004638671875 0.0854110717773438 -0.00855255126953126
0.321929931640625 -0.2470703125 0.0743331909179688 -0.0489273071289063
0.30474853515625 -0.21722412109375 0.0331192016601563 -0.0354804992675781
0.356658935546875 -0.2349853515625 0.00471305847167971 -0.0127735137939453
0.4171142578125 -0.087677001953125 -0.00502777099609372 -0.037322998046875
0.390380859375 0.172882080078125 -0.0794754028320312 -0.06378173828125
0.231597900390625 0.36346435546875 -0.0586700439453125 -0.137557983398438
-0.1627197265625 0.455902099609375 0.0525360107421875 -0.265243530273437
-0.428955078125 0.368988037109375 0.218276977539062 -0.265533447265625
-0.50592041015625 0.188018798828125 0.402801513671875 -0.153076171875
-0.5357666015625 0.271697998046875 -0.248992919921875 -0.0333404541015625
-0.344879150390625 0.440460205078125 -0.1756591796875 0.0756683349609375
-0.0802001953125 0.506744384765625 -0.0564422607421875 0.0916900634765625
0.22479248046875 0.393310546875 -0.0105667114257812 0.0478897094726563
0.36663818359375 0.168243408203125 -0.0443649291992187 0.056976318359375
0.4110107421875 -0.090087890625 -0.0277748107910156 0.0541915893554687
0.32635498046875 -0.229034423828125 -0.0210609436035156 0.0612220764160156
0.30718994140625 -0.203582763671875 -0.040771484375 0.0822982788085937
0.361053466796875 -0.221710205078125 -0.0807571411132813 0.0984344482421875
0.414642333984375 -0.08099365234375 -0.11871337890625 0.0365371704101563
0.39385986328125 0.17535400390625 -0.181640625 -0.0336456298828125
0.24749755859375 0.362823486328125 -0.128746032714844 -0.140266418457031
-0.14874267578125 0.4798583984375 0.00485229492187497 -0.24554443359375
-0.4237060546875 0.418182373046875 0.134811401367187 -0.178741455078125
-0.51824951171875 0.241546630859375 0.220550537109375 -0.104339599609375
-0.440338134765625 0.29327392578125 -0.397064208984375 0.02178955078125
-0.2540283203125 0.407196044921875 -0.2391357421875 0.137863159179688
-0.0325927734375 0.429351806640625 -0.0677490234375 0.0934982299804688
0.197357177734375 0.3184814453125 -0.0682296752929687 0.0200004577636719
0.3055419921875 0.133056640625 -0.130767822265625 0.0564041137695312
0.346954345703125 -0.070068359375 -0.13043212890625 0.111228942871094
0.28033447265625 -0.176910400390625 -0.109542846679687 0.1597900390625
0.264419555664063 -0.160202026367188 -0.108261108398438 0.185226440429688
0.312103271484375 -0.1727294921875 -0.15997314453125 0.194351196289063
0.34747314453125 -0.05084228515625 -0.221420288085938 0.103713989257812
0.3179931640625 0.158935546875 -0.2613525390625 -0.00561523437499998
0.1973876953125 0.303741455078125 -0.179061889648437 -0.132720947265625
-0.128448486328125 0.402069091796875 -0.0321197509765625 -0.19964599609375
-0.353515625 0.368072509765625 0.0515213012695312 -0.0756759643554687
-0.44464111328125 0.2396240234375 0.0315666198730468 -0.0468826293945312
-0.281982421875 0.273468017578125 -0.515625 0.0799865722656251
-0.128173828125 0.3150634765625 -0.2880859375 0.189788818359375
0.022979736328125 0.28424072265625 -0.0756988525390625 0.0987625122070313
0.142593383789063 0.189865112304688 -0.109855651855469 0.00767517089843752
0.195571899414062 0.0718536376953125 -0.184234619140625 0.0565948486328125
0.227523803710938 -0.0436248779296875 -0.202102661132812 0.15252685546875
0.189910888671875 -0.100616455078125 -0.175308227539063 0.232376098632812
0.17950439453125 -0.093963623046875 -0.1593017578125 0.261444091796875
0.216812133789062 -0.096343994140625 -0.21820068359375 0.259292602539063
0.224746704101563 -0.0043182373046875 -0.295562744140625 0.147369384765625
0.185470581054687 0.128189086914062 -0.303955078125 0.00708007812499999
0.09967041015625 0.19525146484375 -0.19818115234375 -0.12567138671875
-0.10028076171875 0.239852905273438 -0.0461883544921875 -0.148895263671875
-0.22576904296875 0.240921020507812 -0.0142202377319336 0.0100955963134766
-0.292755126953125 0.190643310546875 -0.126945495605469 0.00248718261718753
-0.0877685546875 0.217910766601563 -0.588134765625 0.13037109375
0.003753662109375 0.188430786132813 -0.3182373046875 0.231689453125
0.077178955078125 0.112747192382813 -0.0763778686523438 0.116050720214844
0.076507568359375 0.0393905639648438 -0.124282836914063 0.0141372680664063
0.0652923583984375 -0.00066375732421875 -0.19482421875 0.0557098388671875
0.0753631591796875 -0.0136795043945313 -0.229629516601562 0.170181274414062
0.0702438354492188 -0.00941848754882812 -0.208541870117187 0.267501831054688
0.0681838989257813 -0.0133171081542969 -0.186676025390625 0.29632568359375
0.0911941528320312 -0.00653076171875 -0.250640869140625 0.28277587890625
0.0718307495117188 0.0424575805664062 -0.334503173828125 0.15899658203125
0.0308914184570313 0.0799407958984375 -0.307586669921875 0.000854492187500042
-0.00564193725585938 0.0627250671386719 -0.1881103515625 -0.12451171875
-0.0524482727050781 0.0514907836914063 -0.039398193359375 -0.109085083007813
-0.0622482299804688 0.0836181640625 -0.0508384704589844 0.0600357055664063
-0.0934600830078125 0.116355895996094 -0.227874755859375 0.03656005859375
-0.130027770996094 -0.0458831787109375 0.235382080078125 -0.121231079101563
-0.125213623046875 0.0869522094726562 0.051727294921875 -0.0849151611328125
0.000549316406250015 0.135734558105469 -0.00161743164062501 0.0929107666015625
0.101493835449219 0.0667037963867188 0.161468505859375 0.144073486328125
0.110313415527344 -0.00171661376953125 0.267959594726563 0.0320281982421875
0.0716323852539063 -0.0712966918945313 0.306884765625 -0.162628173828125
0.043426513671875 -0.103034973144531 0.247314453125 -0.291595458984375
0.0470046997070312 -0.0797653198242188 0.181243896484375 -0.291839599609375
0.057647705078125 -0.0775299072265625 0.191665649414063 -0.255157470703125
0.0905075073242188 -0.0234146118164063 0.23309326171875 -0.164215087890625
0.0707550048828125 0.0469970703125 0.168746948242188 -0.079010009765625
-0.000892639160156247 0.0901565551757813 0.10662841796875 -0.0523834228515625
-0.0890731811523438 0.0434646606445312 0.137908935546875 -0.159942626953125
-0.120216369628906 -0.0546493530273438 0.31536865234375 -0.281524658203125
-0.0675506591796875 -0.11419677734375 0.65057373046875 -0.12139892578125
-0.32928466796875 0.0481567382812499 0.182708740234375 -0.120468139648438
-0.250747680664063 0.219924926757812 0.0263824462890625 -0.0731124877929688
-0.053985595703125 0.292816162109375 -0.0166702270507813 0.0836563110351563
0.152084350585938 0.205093383789063 0.130325317382813 0.130073547363281
0.223312377929688 0.0670013427734375 0.217269897460937 0.0477294921875
0.21624755859375 -0.0940704345703125 0.264724731445313 -0.122711181640625
0.161788940429688 -0.179977416992187 0.219314575195313 -0.24005126953125
0.159698486328125 -0.150741577148438 0.153533935546875 -0.2391357421875
0.189239501953125 -0.15576171875 0.155059814453125 -0.2049560546875
0.23638916015625 -0.05450439453125 0.1861572265625 -0.143569946289063
0.205718994140625 0.103424072265625 0.110313415527344 -0.0820159912109375
0.082427978515625 0.208511352539063 0.0670089721679688 -0.080169677734375
-0.13525390625 0.203094482421875 0.119598388671875 -0.205108642578125
-0.259353637695313 0.0998535156250001 0.30889892578125 -0.307159423828125
-0.255538940429688 -0.0116424560546874 0.63018798828125 -0.15606689453125
-0.476287841796875 0.136962890625 0.0719451904296875 -0.104934692382813
-0.340606689453125 0.33062744140625 -0.0264396667480469 -0.0394287109375
-0.0948486328125001 0.4215087890625 -0.0288848876953125 0.0825881958007813
0.18994140625 0.32135009765625 0.0944366455078125 0.107826232910156
0.313079833984375 0.12591552734375 0.146820068359375 0.0552978515625
0.33270263671875 -0.105499267578125 0.190505981445313 -0.072052001953125
0.257247924804688 -0.2322998046875 0.158950805664063 -0.157699584960938
0.248825073242188 -0.200698852539063 0.10260009765625 -0.150619506835938
0.290679931640625 -0.21405029296875 0.0916595458984375 -0.120674133300781
0.350860595703125 -0.081512451171875 0.10400390625 -0.101234436035156
0.320556640625 0.143829345703125 0.0242080688476563 -0.0767822265625
0.167694091796875 0.30322265625 0.01007080078125 -0.110282897949219
-0.158294677734375 0.35260009765625 0.08953857421875 -0.243850708007812
-0.36572265625 0.25543212890625 0.27386474609375 -0.30572509765625
-0.411895751953125 0.100433349609375 0.54400634765625 -0.16986083984375
-0.548858642578125 0.22052001953125 -0.0754623413085938 -0.0723876953125
-0.371978759765625 0.410369873046875 -0.0946731567382813 0.014556884765625
-0.09918212890625 0.502288818359375 -0.0386886596679688 0.0865097045898438
0.22119140625 0.390106201171875 0.049591064453125 0.0776290893554688
0.3663330078125 0.160980224609375 0.0591964721679688 0.0562744140625
0.403778076171875 -0.107147216796875 0.0910263061523438 -0.0110855102539063
0.313690185546875 -0.25140380859375 0.0769729614257813 -0.0529632568359375
0.299224853515625 -0.22113037109375 0.0372047424316406 -0.0383338928222656
0.35009765625 -0.241668701171875 0.0124044418334961 -0.0138072967529297
0.415283203125 -0.09686279296875 -0.000305175781249973 -0.0375442504882813
0.394500732421875 0.1654052734375 -0.0770111083984375 -0.0575027465820313
0.235382080078125 0.36187744140625 -0.05908203125 -0.128929138183594
-0.158233642578125 0.462921142578125 0.0467071533203125 -0.257247924804687
-0.424560546875 0.38018798828125 0.212600708007812 -0.260711669921875
-0.507293701171875 0.19329833984375 0.397918701171875 -0.149444580078125
-0.536102294921875 0.2735595703125 -0.2364501953125 -0.0249023437499999
-0.34136962890625 0.4423828125 -0.16632080078125 0.079345703125
-0.0733642578125 0.510467529296875 -0.0502243041992188 0.0907974243164063
0.23016357421875 0.39288330078125 -0.00608825683593749 0.0462570190429688
0.36810302734375 0.163482666015625 -0.03790283203125 0.0562858581542969
0.410400390625 -0.096099853515625 -0.0205078125 0.053497314453125
0.321533203125 -0.235626220703125 -0.0162239074707031 0.0580902099609375
0.305328369140625 -0.207275390625 -0.0345611572265625 0.0786590576171875
0.35595703125 -0.228485107421875 -0.0717697143554687 0.0979537963867187
0.414581298828125 -0.087646484375 -0.111717224121094 0.0372543334960937
0.398529052734375 0.169769287109375 -0.17767333984375 -0.0265045166015625
0.252044677734375 0.363250732421875 -0.127571105957031 -0.130935668945312
-0.146148681640625 0.486358642578125 0.000228881835937504 -0.23663330078125
-0.422119140625 0.42633056640625 0.130523681640625 -0.172775268554687
-0.520477294921875 0.24151611328125 0.212158203125 -0.09942626953125
-0.44439697265625 0.291107177734375 -0.38812255859375 0.031707763671875
-0.256011962890625 0.407073974609375 -0.230712890625 0.143707275390625
-0.030426025390625 0.435028076171875 -0.0622177124023437 0.0941925048828125
0.20263671875 0.324371337890625 -0.0636215209960937 0.0203323364257813
0.308563232421875 0.132110595703125 -0.124519348144531 0.0570449829101563
0.350616455078125 -0.075408935546875 -0.122810363769531 0.111236572265625
0.279953002929688 -0.1829833984375 -0.103790283203125 0.15771484375
0.263870239257813 -0.164215087890625 -0.101470947265625 0.183029174804688
0.311187744140625 -0.178802490234375 -0.148666381835937 0.1942138671875
0.3497314453125 -0.056121826171875 -0.211746215820312 0.105865478515625
0.324554443359375 0.157806396484375 -0.256393432617187 0.00137329101562499
0.2000732421875 0.30572509765625 -0.177825927734375 -0.123458862304688
-0.129913330078125 0.407379150390625 -0.0338592529296875 -0.191787719726562
-0.354461669921875 0.373565673828125 0.047576904296875 -0.0702972412109375
-0.448394775390625 0.238037109375 0.0236625671386718 -0.0410232543945312
-0.28717041015625 0.268707275390625 -0.51092529296875 0.088836669921875
-0.135162353515625 0.312774658203125 -0.281219482421875 0.196136474609375
0.019561767578125 0.289886474609375 -0.0706863403320312 0.100822448730469
0.144607543945313 0.197509765625 -0.10638427734375 0.00899505615234378
0.199203491210937 0.0741729736328125 -0.178695678710937 0.0569915771484375
0.232681274414063 -0.0471954345703125 -0.195037841796875 0.153350830078125
0.193130493164063 -0.105804443359375 -0.170623779296875 0.232406616210938
0.182281494140625 -0.096527099609375 -0.15301513671875 0.259246826171875
0.219406127929688 -0.100784301757813 -0.208053588867187 0.259170532226563
0.230422973632813 -0.0085601806640625 -0.286834716796875 0.151519775390625
0.192596435546875 0.129135131835938 -0.298431396484375 0.013427734375
0.101959228515625 0.199661254882813 -0.19732666015625 -0.118179321289063
-0.104248046875 0.246124267578125 -0.0472564697265625 -0.141510009765625
-0.2303466796875 0.242034912109375 -0.0176067352294922 0.0139808654785156
-0.2984619140625 0.18505859375 -0.136482238769531 0.00805664062500001
-0.092315673828125 0.20843505859375 -0.5863037109375 0.13873291015625
-0.00474548339843751 0.18316650390625 -0.314117431640625 0.237548828125
0.0701904296875 0.115196228027344 -0.0718536376953125 0.117057800292969
0.0747146606445313 0.0477371215820313 -0.121749877929687 0.0146636962890625
0.0668983459472656 0.00476837158203125 -0.191635131835937 0.056365966796875
0.0822830200195312 -0.0135955810546875 -0.22479248046875 0.1705322265625
0.0769805908203125 -0.0128555297851563 -0.203842163085938 0.268630981445313
0.0736770629882813 -0.0148849487304688 -0.18084716796875 0.2952880859375
0.0964202880859375 -0.00921630859375 -0.242889404296875 0.284423828125
0.0798416137695313 0.0409698486328125 -0.325286865234375 0.164947509765625
0.03863525390625 0.083526611328125 -0.303924560546875 0.00817871093750007
-0.00452804565429688 0.0696182250976563 -0.188400268554688 -0.117691040039062
-0.0587387084960937 0.0579147338867188 -0.0404815673828125 -0.103355407714844
-0.070404052734375 0.0832366943359375 -0.0548591613769531 0.0631484985351563
-0.100669860839844 0.108482360839844 -0.240066528320313 0.041046142578125
-0.125335693359375 -0.041168212890625 0.253387451171875 -0.12762451171875
-0.116630554199219 0.0887527465820313 0.059967041015625 -0.0893096923828125
0.00495910644531251 0.13214111328125 0.00149536132812501 0.0903854370117188
0.100257873535156 0.0601959228515625 0.16552734375 0.141372680664063
0.107963562011719 -0.0056915283203125 0.271530151367188 0.0297393798828125
0.0671768188476563 -0.0724563598632813 0.308563232421875 -0.169891357421875
0.036773681640625 -0.102401733398438 0.2496337890625 -0.300506591796875
0.04095458984375 -0.0806121826171875 0.182220458984375 -0.298004150390625
0.0509185791015625 -0.0796279907226563 0.19415283203125 -0.261260986328125
0.0861434936523438 -0.0288314819335938 0.235443115234375 -0.170181274414063
0.0704269409179688 0.0421981811523438 0.171890258789063 -0.0806884765625
0.00212097167968751 0.0875473022460937 0.109054565429688 -0.0531539916992187
-0.0835800170898437 0.0438995361328125 0.135650634765625 -0.165695190429688
-0.117988586425781 -0.0492630004882812 0.319732666015625 -0.28948974609375
-0.0669937133789063 -0.106086730957031 0.66619873046875 -0.128173828125
-0.329742431640625 0.0543518066406249 0.201812744140625 -0.123779296875
-0.245590209960938 0.2237548828125 0.0352706909179688 -0.0761871337890625
-0.049468994140625 0.294464111328125 -0.0137176513671875 0.0811004638671875
0.152664184570312 0.20361328125 0.134346008300781 0.128036499023438
0.223724365234375 0.06341552734375 0.222137451171875 0.045623779296875
0.215087890625 -0.0976715087890625 0.269119262695312 -0.129180908203125
0.157928466796875 -0.182723999023438 0.221939086914063 -0.248977661132813
0.156295776367187 -0.155120849609375 0.156829833984375 -0.245376586914063
0.18548583984375 -0.161895751953125 0.159408569335937 -0.209686279296875
0.23681640625 -0.062713623046875 0.190048217773438 -0.149765014648438
0.210845947265625 0.0984039306640625 0.112335205078125 -0.0817413330078125
0.0895233154296875 0.210159301757813 0.0699234008789063 -0.0788192749023437
-0.132110595703125 0.21014404296875 0.116180419921875 -0.207733154296875
-0.26055908203125 0.111968994140625 0.311065673828125 -0.313018798828125
-0.260848999023438 -0.000915527343750038 0.6439208984375 -0.1619873046875
-0.483154296875 0.1463623046875 0.0893325805664062 -0.104660034179687
-0.338348388671875 0.33746337890625 -0.018280029296875 -0.0395317077636719
-0.090179443359375 0.427337646484375 -0.0260848999023438 0.081512451171875
0.194610595703125 0.3236083984375 0.098541259765625 0.106101989746094
0.316986083984375 0.124176025390625 0.1527099609375 0.0529022216796875
0.33612060546875 -0.11102294921875 0.196807861328125 -0.0760955810546875
0.255523681640625 -0.238525390625 0.16241455078125 -0.164459228515625
0.24835205078125 -0.207855224609375 0.10650634765625 -0.15606689453125
0.2904052734375 -0.22393798828125 0.09844970703125 -0.124763488769531
0.355133056640625 -0.09173583984375 0.108329772949219 -0.106094360351563
0.3306884765625 0.140625 0.0261001586914063 -0.0747299194335937
0.1773681640625 0.309539794921875 0.0121994018554688 -0.107765197753906
-0.156982421875 0.3662109375 0.0864410400390624 -0.24530029296875
-0.372222900390625 0.2718505859375 0.27667236328125 -0.308135986328125
-0.42236328125 0.111328125 0.55462646484375 -0.171783447265625
-0.55938720703125 0.22845458984375 -0.0623970031738282 -0.0682029724121094
-0.374053955078125 0.42108154296875 -0.0878372192382813 0.0161361694335938
-0.096923828125 0.514068603515625 -0.035552978515625 0.0855941772460938
0.229949951171875 0.397247314453125 0.05487060546875 0.0765228271484375
0.374542236328125 0.160675048828125 0.0643272399902344 0.054412841796875
0.410430908203125 -0.1134033203125 0.0970001220703125 -0.0142974853515625
0.31585693359375 -0.26019287109375 0.080963134765625 -0.05755615234375
0.302581787109375 -0.229522705078125 0.0417823791503906 -0.0421180725097656
0.352508544921875 -0.252349853515625 0.0200595855712891 -0.0160465240478516
0.42205810546875 -0.107025146484375 0.00337219238281253 -0.0397224426269531
0.40679931640625 0.164520263671875 -0.0758209228515625 -0.053466796875
0.2447509765625 0.36981201171875 -0.05950927734375 -0.124740600585937
-0.1590576171875 0.47998046875 0.04364013671875 -0.256744384765625
-0.432708740234375 0.3974609375 0.211776733398438 -0.260589599609375
-0.523193359375 0.2020263671875 0.402130126953125 -0.14849853515625
-0.550201416015625 0.281707763671875 -0.230087280273438 -0.0181427001953125
-0.34820556640625 0.453033447265625 -0.161041259765625 0.0847930908203125
-0.072723388671875 0.52532958984375 -0.0462112426757812 0.0914764404296875
0.23944091796875 0.404296875 -0.00267791748046874 0.0456886291503907
0.37835693359375 0.16455078125 -0.0331268310546875 0.0556869506835938
0.4202880859375 -0.1048583984375 -0.0150070190429687 0.0524826049804687
0.327911376953125 -0.2449951171875 -0.0121650695800781 0.0570602416992187
0.310455322265625 -0.216644287109375 -0.0301666259765625 0.0777130126953125
0.361480712890625 -0.241180419921875 -0.0650711059570312 0.0987625122070312
0.424560546875 -0.097747802734375 -0.108001708984375 0.0386428833007812
0.413726806640625 0.169189453125 -0.178359985351562 -0.0213775634765625
0.261260986328125 0.37249755859375 -0.128715515136719 -0.126152038574219
-0.14703369140625 0.505340576171875 -0.00202941894531253 -0.234298706054687
-0.43133544921875 0.442413330078125 0.128997802734375 -0.17041015625
-0.5380859375 0.247894287109375 0.212326049804687 -0.0965728759765625
-0.458160400390625 0.297515869140625 -0.38800048828125 0.0401611328125
-0.265106201171875 0.4166259765625 -0.229049682617188 0.15252685546875
-0.030975341796875 0.45074462890625 -0.0587081909179688 0.0967864990234375
0.211822509765625 0.3365478515625 -0.0615463256835937 0.021484375
0.31939697265625 0.13568115234375 -0.121917724609375 0.0583267211914062
0.362457275390625 -0.082305908203125 -0.118980407714844 0.11297607421875
0.286834716796875 -0.19232177734375 -0.10174560546875 0.15966796875
0.270843505859375 -0.172088623046875 -0.0983734130859375 0.184097290039063
0.31793212890625 -0.18841552734375 -0.142532348632813 0.197418212890625
0.360382080078125 -0.063446044921875 -0.210296630859375 0.109649658203125
0.338775634765625 0.16046142578125 -0.257843017578125 0.00648498535156254
0.207427978515625 0.31549072265625 -0.179428100585938 -0.119216918945312
-0.132476806640625 0.422271728515625 -0.0356292724609375 -0.187789916992187
-0.363311767578125 0.386871337890625 0.0462989807128906 -0.0664291381835937
-0.464935302734375 0.2401123046875 0.0159912109375 -0.0365066528320312
-0.299468994140625 0.26995849609375 -0.517822265625 0.09881591796875
-0.14605712890625 0.319366455078125 -0.28375244140625 0.206787109375
0.017547607421875 0.30242919921875 -0.0681533813476563 0.10382080078125
0.1512451171875 0.210205078125 -0.104629516601563 0.00973510742187502
0.207168579101563 0.0785369873046875 -0.179061889648438 0.058868408203125
0.243881225585938 -0.0518951416015625 -0.19329833984375 0.156082153320313
0.2012939453125 -0.112869262695313 -0.170089721679688 0.237060546875
0.190048217773437 -0.102630615234375 -0.151290893554688 0.262481689453125
0.226821899414063 -0.107818603515625 -0.204177856445313 0.2652587890625
0.241012573242188 -0.0126495361328125 -0.284820556640625 0.157257080078125
0.20404052734375 0.132888793945312 -0.301025390625 0.02001953125
0.10577392578125 0.209014892578125 -0.199722290039063 -0.11322021484375
-0.109832763671875 0.258560180664062 -0.0481491088867188 -0.138832092285156
-0.2393798828125 0.250762939453125 -0.0208587646484375 0.0182037353515625
-0.31201171875 0.183624267578125 -0.14959716796875 0.0141143798828125
-0.0997772216796875 0.205703735351563 -0.5989990234375 0.14874267578125
-0.0137939453125 0.184890747070312 -0.317962646484375 0.247894287109375
0.0667800903320312 0.121513366699219 -0.0704193115234375 0.121131896972656
0.0760269165039063 0.0562286376953125 -0.12200927734375 0.015716552734375
0.0703659057617188 0.009765625 -0.193389892578125 0.0574798583984375
0.0898971557617188 -0.0147476196289063 -0.226638793945312 0.1746826171875
0.0850448608398438 -0.017791748046875 -0.205352783203125 0.275100708007812
0.0805892944335937 -0.0173873901367188 -0.181396484375 0.301055908203125
0.103363037109375 -0.0113372802734375 -0.24066162109375 0.290557861328125
0.0890960693359375 0.039276123046875 -0.325347900390625 0.171722412109375
0.0467300415039063 0.0888442993164063 -0.307098388671875 0.0128173828125
-0.00292205810546875 0.0770797729492188 -0.192138671875 -0.114730834960938
-0.0652236938476563 0.0650405883789063 -0.0412368774414063 -0.101699829101563
-0.0788650512695312 0.0867080688476563 -0.060150146484375 0.0671615600585938
-0.109573364257813 0.104789733886719 -0.257537841796875 0.047454833984375
-0.122634887695313 -0.036865234375 0.274826049804688 -0.141357421875
-0.108268737792969 0.09307861328125 0.0674514770507812 -0.0973968505859375
0.0112838745117188 0.130027770996094 0.00470733642578126 0.08917236328125
0.100494384765625 0.0527572631835938 0.175094604492188 0.138275146484375
0.107131958007813 -0.0121688842773438 0.281280517578125 0.02099609375
0.0626602172851563 -0.0761337280273438 0.31365966796875 -0.184234619140625
0.0300216674804687 -0.104087829589844 0.248504638671875 -0.31903076171875
0.0341720581054688 -0.0828857421875 0.18212890625 -0.31329345703125
0.0436172485351563 -0.083282470703125 0.195220947265625 -0.275375366210938
0.0828323364257813 -0.0355758666992188 0.239044189453125 -0.184036254882813
0.0716018676757813 0.0364761352539063 0.175643920898437 -0.0873565673828125
0.00701904296875 0.0862503051757813 0.112190246582031 -0.057647705078125
-0.0794296264648438 0.0460968017578125 0.131790161132813 -0.175094604492188
-0.118202209472656 -0.042572021484375 0.322052001953125 -0.30865478515625
-0.0676651000976563 -0.0988693237304688 0.69140625 -0.1490478515625
-0.335968017578125 0.0667724609375 0.22186279296875 -0.13360595703125
-0.2403564453125 0.236175537109375 0.0433197021484375 -0.0816574096679687
-0.040740966796875 0.301025390625 -0.0104827880859375 0.0808258056640625
0.161102294921875 0.2015380859375 0.14276123046875 0.125732421875
0.230789184570312 0.058380126953125 0.231689453125 0.0393218994140625
0.216690063476563 -0.107070922851563 0.274856567382813 -0.1422119140625
0.153289794921875 -0.19183349609375 0.22369384765625 -0.265045166015625
0.153076171875 -0.164566040039063 0.158859252929688 -0.259384155273438
0.1817626953125 -0.174423217773438 0.163284301757812 -0.222930908203125
0.239212036132813 -0.07623291015625 0.1934814453125 -0.161834716796875
0.222381591796875 0.0920257568359375 0.11572265625 -0.085906982421875
0.101638793945313 0.214828491210938 0.0709152221679688 -0.0811233520507812
-0.1268310546875 0.224990844726563 0.112701416015625 -0.217529296875
-0.26513671875 0.13043212890625 0.314422607421875 -0.331085205078125
-0.270645141601563 0.01397705078125 0.66796875 -0.1829833984375
-0.496307373046875 0.1656494140625 0.105903625488281 -0.108589172363281
-0.338043212890625 0.357421875 -0.0106430053710938 -0.0415725708007812
-0.07879638671875 0.442779541015625 -0.0219268798828125 0.0823974609375
0.20989990234375 0.327850341796875 0.107452392578125 0.104766845703125
0.33013916015625 0.11993408203125 0.16180419921875 0.048187255859375
0.3441162109375 -0.125152587890625 0.202651977539063 -0.086669921875
0.255020141601563 -0.25335693359375 0.165725708007813 -0.177841186523438
0.248733520507813 -0.22265625 0.111190795898438 -0.167266845703125
0.290313720703125 -0.2431640625 0.103340148925781 -0.133316040039063
0.3641357421875 -0.109710693359375 0.11126708984375 -0.114517211914063
0.350311279296875 0.13323974609375 0.0273361206054688 -0.0750579833984375
0.196075439453125 0.3175048828125 0.01141357421875 -0.106605529785156
-0.1502685546875 0.38885498046875 0.08038330078125 -0.252426147460937
-0.376678466796875 0.30145263671875 0.27777099609375 -0.3232421875
-0.4390869140625 0.13140869140625 0.57281494140625 -0.1883544921875
-0.577392578125 0.25164794921875 -0.0525550842285157 -0.066650390625
-0.374969482421875 0.44580078125 -0.0809249877929688 0.0211715698242188
-0.082794189453125 0.536346435546875 -0.031036376953125 0.0880661010742188
0.251068115234375 0.407989501953125 0.0609207153320313 0.0754318237304688
0.39398193359375 0.156463623046875 0.0719451904296875 0.0525894165039063
0.423004150390625 -0.131256103515625 0.104598999023438 -0.0199203491210938
0.3177490234375 -0.28167724609375 0.08544921875 -0.0658035278320313
0.304779052734375 -0.24786376953125 0.0468215942382813 -0.0483551025390625
0.35626220703125 -0.27520751953125 0.027059555053711 -0.0189304351806641
0.43450927734375 -0.128173828125 0.00604248046875002 -0.0428924560546875
0.431610107421875 0.156585693359375 -0.0776443481445312 -0.0501174926757812
0.26824951171875 0.380523681640625 -0.061737060546875 -0.1217041015625
-0.151153564453125 0.508819580078125 0.0369415283203125 -0.260635375976562
-0.43939208984375 0.43304443359375 0.212677001953125 -0.270492553710938
-0.541748046875 0.2255859375 0.4127197265625 -0.1591796875
-0.56982421875 0.30426025390625 -0.227783203125 -0.00936889648437502
-0.352813720703125 0.479522705078125 -0.156768798828125 0.0948638916015625
-0.05865478515625 0.552703857421875 -0.0420913696289062 0.0963592529296875
0.26275634765625 0.41650390625 0.00224685668945315 0.0464057922363282
0.400360107421875 0.161590576171875 -0.02935791015625 0.0573997497558594
0.436553955078125 -0.12384033203125 -0.00901794433593747 0.05230712890625
0.33282470703125 -0.265869140625 -0.00782012939453123 0.0557899475097656
0.317138671875 -0.236053466796875 -0.0242691040039062 0.0770416259765625
0.3680419921875 -0.264068603515625 -0.0571136474609375 0.101585388183594
0.440093994140625 -0.1207275390625 -0.106361389160156 0.041015625
0.438323974609375 0.163177490234375 -0.181854248046875 -0.01348876953125
0.284149169921875 0.383544921875 -0.134346008300781 -0.120948791503906
-0.1414794921875 0.5343017578125 -0.00776672363281248 -0.236709594726562
-0.436798095703125 0.477081298828125 0.129257202148437 -0.173309326171875
-0.55902099609375 0.27081298828125 0.21234130859375 -0.09979248046875
-0.47698974609375 0.317657470703125 -0.394744873046875 0.056671142578125
-0.270904541015625 0.4403076171875 -0.227706909179688 0.168502807617188
-0.019561767578125 0.475128173828125 -0.0551910400390625 0.102447509765625
0.234100341796875 0.3515625 -0.0600662231445312 0.0225181579589844
0.339080810546875 0.134918212890625 -0.121536254882812 0.0614471435546875
0.379150390625 -0.099456787109375 -0.115020751953125 0.1182861328125
0.295318603515625 -0.2122802734375 -0.0978546142578125 0.166091918945313
0.279830932617188 -0.188995361328125 -0.093231201171875 0.189437866210938
0.327545166015625 -0.210113525390625 -0.13690185546875 0.206924438476563
0.375244140625 -0.08099365234375 -0.208892822265625 0.119033813476563
0.36224365234375 0.157012939453125 -0.263458251953125 0.018585205078125
0.22589111328125 0.326629638671875 -0.187591552734375 -0.112625122070312
-0.130462646484375 0.449432373046875 -0.040252685546875 -0.187850952148437
-0.3695068359375 0.4151611328125 0.0443153381347656 -0.0651473999023437
-0.484375 0.25640869140625 0.00869750976562497 -0.0315780639648437
-0.31396484375 0.282073974609375 -0.532562255859375 0.12078857421875
-0.152069091796875 0.335174560546875 -0.286163330078125 0.227996826171875
0.02374267578125 0.320037841796875 -0.0652618408203125 0.1124267578125
0.16619873046875 0.222137451171875 -0.106475830078125 0.0130386352539063
0.221542358398438 0.0804290771484375 -0.180938720703125 0.064910888671875
0.2579345703125 -0.0631103515625 -0.192962646484375 0.16619873046875
0.2095947265625 -0.12762451171875 -0.167694091796875 0.249008178710938
0.199081420898438 -0.1134033203125 -0.147811889648437 0.274185180664062
0.235870361328125 -0.121871948242188 -0.199783325195312 0.278152465820313
0.25396728515625 -0.023162841796875 -0.285369873046875 0.17120361328125
0.222518920898438 0.133773803710938 -0.308502197265625 0.03192138671875
0.11663818359375 0.219268798828125 -0.208145141601563 -0.107421875
-0.111648559570312 0.276931762695313 -0.0518264770507813 -0.137542724609375
-0.246994018554687 0.268844604492188 -0.024078369140625 0.0242462158203125
-0.329071044921875 0.193267822265625 -0.16522216796875 0.0241241455078125
-0.105926513671875 0.209075927734375 -0.61962890625 0.1728515625
-0.0189056396484375 0.190521240234375 -0.323760986328125 0.270477294921875
0.0664825439453125 0.129020690917969 -0.0678939819335938 0.128578186035156
0.0816802978515625 0.0644683837890625 -0.124237060546875 0.0201339721679688
0.0766830444335937 0.0132369995117187 -0.198104858398438 0.06317138671875
0.0984878540039063 -0.0193099975585938 -0.228179931640625 0.18634033203125
0.0922317504882813 -0.0243453979492188 -0.206634521484375 0.29107666015625
0.0877532958984375 -0.0217666625976563 -0.179351806640625 0.314849853515625
0.111831665039063 -0.0183334350585938 -0.238555908203125 0.30828857421875
0.0997772216796875 0.03607177734375 -0.32745361328125 0.187957763671875
0.0574493408203125 0.0926361083984375 -0.31549072265625 0.025238037109375
-3.05175781249983E-05 0.0855560302734375 -0.202377319335938 -0.11083984375
-0.0699005126953125 0.0754776000976563 -0.045318603515625 -0.100875854492187
-0.086883544921875 0.09271240234375 -0.0648269653320313 0.0745925903320312
-0.120071411132813 0.104621887207031 -0.277908325195313 0.0602264404296875
-0.120521545410156 -0.0294876098632812 0.28955078125 -0.166259765625
-0.0982894897460938 0.0994033813476562 0.0720291137695312 -0.108314514160156
0.0212249755859375 0.127037048339844 0.00942230224609376 0.0871353149414063
0.101280212402344 0.0443496704101563 0.186447143554688 0.129119873046875
0.105010986328125 -0.019866943359375 0.289642333984375 0.005279541015625
0.0566329956054688 -0.0808029174804688 0.31036376953125 -0.2078857421875
0.021484375 -0.106315612792969 0.2384033203125 -0.343048095703125
0.0257034301757813 -0.0852203369140625 0.17169189453125 -0.33319091796875
0.03399658203125 -0.0872650146484375 0.187591552734375 -0.2945556640625
0.0778961181640625 -0.0429840087890625 0.23565673828125 -0.202865600585938
0.073272705078125 0.0294036865234375 0.177154541015625 -0.099517822265625
0.0135040283203125 0.0844192504882813 0.112571716308594 -0.064849853515625
-0.0747451782226563 0.0491561889648437 0.123214721679688 -0.1875
-0.118904113769531 -0.0326385498046875 0.31671142578125 -0.3353271484375
-0.0697479248046875 -0.0899810791015625 0.7098388671875 -0.19329833984375
-0.337738037109375 0.0890197753906251 0.238418579101562 -0.152969360351563
-0.2275390625 0.254241943359375 0.049285888671875 -0.0890884399414062
-0.024505615234375 0.3077392578125 -0.0045166015625 0.0804061889648438
0.173736572265625 0.196670532226563 0.154953002929688 0.118698120117188
0.237838745117187 0.0456085205078125 0.241363525390625 0.0258331298828125
0.214630126953125 -0.12286376953125 0.27593994140625 -0.163116455078125
0.144775390625 -0.205490112304688 0.2156982421875 -0.2884521484375
0.145538330078125 -0.1776123046875 0.152191162109375 -0.278366088867188
0.172714233398437 -0.19110107421875 0.159759521484375 -0.239700317382812
0.238327026367188 -0.0960540771484375 0.1910400390625 -0.177947998046875
0.234542846679688 0.0791778564453125 0.115791320800781 -0.0934295654296875
0.12078857421875 0.214126586914062 0.0709304809570313 -0.0852279663085937
-0.1141357421875 0.240158081054688 0.101943969726562 -0.227310180664063
-0.261825561523438 0.1568603515625 0.306243896484375 -0.35577392578125
-0.2779541015625 0.0367431640625 0.68475341796875 -0.22381591796875
-0.50250244140625 0.2000732421875 0.120323181152344 -0.119552612304687
-0.324371337890625 0.38525390625 -0.00315093994140627 -0.0429534912109375
-0.0546875 0.459808349609375 -0.015350341796875 0.0829544067382813
0.233856201171875 0.32586669921875 0.117523193359375 0.0989151000976563
0.345916748046875 0.103729248046875 0.17108154296875 0.0393829345703125
0.3460693359375 -0.149749755859375 0.2064208984375 -0.10308837890625
0.247268676757812 -0.276123046875 0.16241455078125 -0.196380615234375
0.242538452148438 -0.244171142578125 0.108688354492188 -0.181594848632813
0.282684326171875 -0.269927978515625 0.105133056640625 -0.144775390625
0.365997314453125 -0.139190673828125 0.110160827636719 -0.125267028808594
0.37158203125 0.11468505859375 0.0261077880859375 -0.0767135620117187
0.22467041015625 0.318267822265625 0.00837707519531251 -0.106513977050781
-0.130767822265625 0.41461181640625 0.068511962890625 -0.261322021484375
-0.36962890625 0.339569091796875 0.270050048828125 -0.344207763671875
-0.44921875 0.16436767578125 0.58331298828125 -0.2232666015625
-0.5845947265625 0.2928466796875 -0.0420112609863281 -0.0649948120117187
-0.361785888671875 0.4810791015625 -0.0731887817382813 0.026611328125
-0.05364990234375 0.559417724609375 -0.02410888671875 0.0909957885742188
0.2840576171875 0.40765380859375 0.0691757202148438 0.072265625
0.416595458984375 0.13983154296875 0.079681396484375 0.0482940673828125
0.429718017578125 -0.161895751953125 0.110099792480469 -0.0295639038085938
0.312835693359375 -0.30865478515625 0.086517333984375 -0.07635498046875
0.302276611328125 -0.27532958984375 0.050140380859375 -0.0567169189453125
0.350921630859375 -0.307769775390625 0.0326976776123047 -0.0229969024658203
0.440643310546875 -0.162689208984375 0.00661087036132815 -0.0462112426757813
0.4598388671875 0.134857177734375 -0.080078125 -0.0441513061523438
0.30218505859375 0.380706787109375 -0.0665512084960938 -0.117103576660156
-0.12628173828125 0.53973388671875 0.024505615234375 -0.265701293945312
-0.4276123046875 0.4781494140625 0.205474853515625 -0.284027099609375
-0.553497314453125 0.264862060546875 0.4178466796875 -0.182647705078125
-0.57733154296875 0.347412109375 -0.22216796875 0.00587463378906254
-0.33880615234375 0.51593017578125 -0.1478271484375 0.109130859375
-0.0289916992187501 0.57672119140625 -0.0340957641601563 0.101356506347656
0.30047607421875 0.420166015625 0.00747299194335939 0.0458450317382813
0.42626953125 0.145843505859375 -0.0234451293945312 0.0584259033203125
0.44635009765625 -0.1566162109375 -0.00222396850585935 0.0521469116210937
0.329010009765625 -0.295074462890625 -0.00239181518554686 0.054168701171875
0.316253662109375 -0.26385498046875 -0.0170135498046875 0.0761642456054687
0.365936279296875 -0.297088623046875 -0.0472488403320312 0.105575561523437
0.447601318359375 -0.152008056640625 -0.104278564453125 0.0467681884765625
0.46795654296875 0.143402099609375 -0.185501098632813 -0.000549316406250026
0.318572998046875 0.384765625 -0.14093017578125 -0.11181640625
-0.1165771484375 0.56591796875 -0.019683837890625 -0.236968994140625
-0.42523193359375 0.523284912109375 0.12445068359375 -0.17950439453125
-0.56939697265625 0.3095703125 0.211837768554687 -0.107101440429687
-0.484100341796875 0.352508544921875 -0.395904541015625 0.0845336914062499
-0.26239013671875 0.471893310546875 -0.218902587890625 0.189804077148437
0.00512695312500004 0.498809814453125 -0.0466842651367188 0.110244750976563
0.266876220703125 0.35595703125 -0.0575294494628906 0.0264816284179688
0.36322021484375 0.1220703125 -0.118003845214844 0.0691986083984375
0.389862060546875 -0.128143310546875 -0.107757568359375 0.126686096191406
0.294647216796875 -0.23956298828125 -0.0890960693359375 0.174346923828125
0.28173828125 -0.213470458984375 -0.0822906494140625 0.196441650390625
0.327911376953125 -0.239013671875 -0.123855590820313 0.218048095703125
0.38458251953125 -0.10870361328125 -0.205352783203125 0.1329345703125
0.388885498046875 0.141143798828125 -0.267852783203125 0.0363311767578125
0.25396728515625 0.3302001953125 -0.195480346679687 -0.101104736328125
-0.111724853515625 0.478302001953125 -0.049224853515625 -0.186355590820312
-0.36163330078125 0.45208740234375 0.0423240661621093 -0.0636253356933593
-0.496307373046875 0.2872314453125 0.00177192687988278 -0.0254688262939453
-0.3192138671875 0.306427001953125 -0.54095458984375 0.15716552734375
-0.14739990234375 0.356536865234375 -0.279083251953125 0.255035400390625
0.0391845703125 0.335784912109375 -0.0581436157226563 0.120826721191406
0.1895751953125 0.228225708007812 -0.106613159179687 0.019500732421875
0.238418579101562 0.074310302734375 -0.181320190429687 0.075225830078125
0.267807006835938 -0.0829925537109375 -0.186264038085937 0.18096923828125
0.2135009765625 -0.14837646484375 -0.157928466796875 0.265945434570312
0.203201293945312 -0.132110595703125 -0.13568115234375 0.28729248046875
0.241485595703125 -0.143295288085938 -0.185760498046875 0.2967529296875
0.2655029296875 -0.042236328125 -0.2806396484375 0.191574096679687
0.243377685546875 0.126632690429688 -0.31317138671875 0.052642822265625
0.133880615234375 0.225616455078125 -0.217529296875 -0.095123291015625
-0.102386474609375 0.29888916015625 -0.059661865234375 -0.135719299316406
-0.245635986328125 0.293212890625 -0.0253696441650391 0.0304088592529297
-0.339569091796875 0.211578369140625 -0.177337646484375 0.042083740234375
-0.108261108398438 0.217361450195313 -0.634521484375 0.2159423828125
-0.01837158203125 0.197265625 -0.3193359375 0.301422119140625
0.0717544555664063 0.13409423828125 -0.0601577758789063 0.138763427734375
0.0910263061523438 0.0693817138671875 -0.125144958496094 0.027435302734375
0.0834426879882813 0.0136871337890625 -0.19903564453125 0.0757293701171875
0.105400085449219 -0.0265579223632812 -0.224349975585938 0.204071044921875
0.0978012084960937 -0.035369873046875 -0.196563720703125 0.313018798828125
0.0948944091796875 -0.0309066772460938 -0.166534423828125 0.332611083984375
0.118888854980469 -0.0281448364257813 -0.227630615234375 0.328765869140625
0.109909057617188 0.0288162231445312 -0.32305908203125 0.213623046875
0.0714340209960938 0.0936279296875 -0.321929931640625 0.046478271484375
0.0066986083984375 0.0927734375 -0.21246337890625 -0.099884033203125
-0.0717239379882812 0.0882339477539063 -0.0501632690429687 -0.0993728637695313
-0.090423583984375 0.102691650390625 -0.06719970703125 0.0833892822265625
-0.128158569335938 0.109977722167969 -0.295318603515625 0.084503173828125
-0.116363525390625 -0.021087646484375 0.293487548828125 -0.1944580078125
-0.0845870971679688 0.103370666503906 0.0716705322265625 -0.118408203125
0.0309524536132812 0.120567321777344 0.015289306640625 0.0833511352539063
0.0989303588867188 0.0345993041992188 0.19500732421875 0.114227294921875
0.100784301757813 -0.028778076171875 0.2913818359375 -0.015380859375
0.0469589233398437 -0.0841751098632813 0.294952392578125 -0.22967529296875
0.0108261108398438 -0.105186462402344 0.213592529296875 -0.36322021484375
0.0155487060546875 -0.084564208984375 0.150848388671875 -0.3477783203125
0.0225067138671875 -0.0885086059570313 0.170074462890625 -0.310760498046875
0.0703964233398438 -0.0502395629882813 0.222320556640625 -0.221481323242188
0.0722579956054688 0.020782470703125 0.171920776367188 -0.11212158203125
0.020782470703125 0.0809097290039063 0.109153747558594 -0.0730209350585937
-0.0681304931640625 0.0527000427246094 0.10748291015625 -0.196578979492188
-0.11572265625 -0.0203323364257812 0.295501708984375 -0.358978271484375
-0.0693588256835938 -0.0785446166992188 0.70703125 -0.2471923828125
-0.3314208984375 0.11529541015625 0.245376586914062 -0.175506591796875
-0.205337524414062 0.268814086914063 0.052978515625 -0.0967178344726562
-0.00253295898437501 0.3070068359375 0.00202941894531251 0.0779953002929688
0.185165405273437 0.1842041015625 0.164657592773438 0.106048583984375
0.239669799804687 0.02752685546875 0.24517822265625 0.00726318359375
0.20404052734375 -0.138031005859375 0.26580810546875 -0.183822631835938
0.129043579101562 -0.215362548828125 0.198211669921875 -0.30670166015625
0.131393432617188 -0.188430786132813 0.1373291015625 -0.29266357421875
0.155242919921875 -0.20440673828125 0.146713256835938 -0.254074096679688
0.229049682617188 -0.116409301757813 0.180679321289063 -0.192764282226563
0.241653442382813 0.0585479736328125 0.112464904785156 -0.100372314453125
0.139877319335938 0.204010009765625 0.0681381225585938 -0.090087890625
-0.094451904296875 0.251510620117188 0.085662841796875 -0.234954833984375
-0.248443603515625 0.182113647460937 0.286956787109375 -0.376800537109375
-0.275436401367187 0.0634307861328125 0.67767333984375 -0.27227783203125
-0.4906005859375 0.23760986328125 0.130165100097656 -0.133041381835937
-0.2943115234375 0.4063720703125 0.0036201477050781 -0.0464744567871093
-0.023345947265625 0.465606689453125 -0.00720977783203124 0.0815582275390625
0.2584228515625 0.310150146484375 0.126121520996094 0.0868148803710938
0.356536865234375 0.0802001953125 0.176116943359375 0.0254364013671875
0.33734130859375 -0.17718505859375 0.202880859375 -0.120086669921875
0.22955322265625 -0.294952392578125 0.151626586914063 -0.211349487304688
0.224777221679688 -0.263641357421875 0.10009765625 -0.194107055664063
0.26202392578125 -0.29315185546875 0.100738525390625 -0.155715942382813
0.356536865234375 -0.170379638671875 0.103286743164063 -0.135124206542969
0.3851318359375 0.086334228515625 0.0233612060546875 -0.076171875
0.25299072265625 0.30517578125 0.00511932373046877 -0.105072021484375
-0.1005859375 0.431732177734375 0.04998779296875 -0.263153076171875
-0.345123291015625 0.374847412109375 0.25 -0.359954833984375
-0.44342041015625 0.2021484375 0.5753173828125 -0.26251220703125
-0.57110595703125 0.3375244140625 -0.0308418273925782 -0.0648078918457031
-0.33056640625 0.506927490234375 -0.060150146484375 0.0307235717773438
-0.013916015625 0.56591796875 -0.0141448974609375 0.09130859375
0.31787109375 0.390777587890625 0.0762481689453125 0.0651168823242188
0.430450439453125 0.111480712890625 0.0854263305664063 0.0398025512695313
0.421630859375 -0.196044921875 0.112297058105469 -0.03857421875
0.29345703125 -0.334625244140625 0.0830841064453125 -0.0862350463867188
0.283660888671875 -0.30120849609375 0.0488243103027344 -0.0657081604003906
0.329254150390625 -0.3402099609375 0.0369873046875 -0.0296592712402344
0.4300537109375 -0.198089599609375 0.0051689147949219 -0.0486183166503906
0.47613525390625 0.1009521484375 -0.08099365234375 -0.0357131958007812
0.337432861328125 0.363983154296875 -0.0703201293945313 -0.110122680664062
-0.0894775390625 0.55926513671875 0.00765991210937501 -0.264053344726562
-0.39617919921875 0.515411376953125 0.188385009765625 -0.293701171875
-0.544403076171875 0.308380126953125 0.40948486328125 -0.20501708984375
-0.5660400390625 0.390869140625 -0.209457397460938 0.0208892822265625
-0.3084716796875 0.543243408203125 -0.130844116210938 0.120246887207031
0.0123291015625 0.58636474609375 -0.02276611328125 0.103553771972656
0.3370361328125 0.40606689453125 0.0131111145019531 0.0441398620605469
0.44122314453125 0.11663818359375 -0.0152320861816406 0.0576972961425781
0.44146728515625 -0.193878173828125 0.00577545166015627 0.0496978759765625
0.312164306640625 -0.324920654296875 0.00346755981445314 0.0507926940917968
0.30096435546875 -0.291748046875 -0.00891113281249998 0.0726547241210937
0.348358154296875 -0.32989501953125 -0.0357131958007812 0.107322692871094
0.4407958984375 -0.191314697265625 -0.0991287231445312 0.0533599853515625
0.48687744140625 0.109130859375 -0.183013916015625 0.01434326171875
0.3509521484375 0.369537353515625 -0.143524169921875 -0.0992889404296875
-0.07708740234375 0.5863037109375 -0.0332794189453125 -0.231826782226562
-0.39007568359375 0.560516357421875 0.113388061523438 -0.182968139648437
-0.56024169921875 0.3492431640625 0.202529907226562 -0.115707397460937
-0.471649169921875 0.387420654296875 -0.38507080078125 0.11383056640625
-0.237640380859375 0.4974365234375 -0.199615478515625 0.208908081054688
0.0396728515625 0.50616455078125 -0.0342864990234375 0.114425659179688
0.301849365234375 0.345001220703125 -0.0517959594726562 0.0299224853515625
0.38043212890625 0.1007080078125 -0.111869812011719 0.0755615234375
0.387969970703125 -0.16143798828125 -0.0952682495117188 0.132789611816406
0.283172607421875 -0.26715087890625 -0.0761871337890625 0.18023681640625
0.271469116210938 -0.239181518554688 -0.067230224609375 0.19989013671875
0.314605712890625 -0.26800537109375 -0.104354858398437 0.2266845703125
0.38287353515625 -0.142364501953125 -0.19305419921875 0.146682739257813
0.40802001953125 0.11273193359375 -0.263397216796875 0.057830810546875
0.282684326171875 0.320709228515625 -0.198257446289063 -0.0834503173828125
-0.080780029296875 0.498046875 -0.058746337890625 -0.180252075195312
-0.335601806640625 0.483795166015625 0.0387840270996094 -0.0613746643066406
-0.489532470703125 0.321868896484375 -0.00488662719726566 -0.018167495727539
-0.309722900390625 0.330963134765625 -0.532196044921875 0.19854736328125
-0.134368896484375 0.371246337890625 -0.258758544921875 0.281280517578125
0.062225341796875 0.341461181640625 -0.0444869995117187 0.127281188964844
0.212158203125 0.222640991210938 -0.102836608886719 0.0264053344726562
0.250732421875 0.061248779296875 -0.17510986328125 0.0855865478515625
0.269256591796875 -0.107833862304688 -0.172225952148437 0.193359375
0.206466674804687 -0.16961669921875 -0.138412475585937 0.278671264648438
0.199264526367187 -0.150619506835938 -0.115570068359375 0.29522705078125
0.235092163085937 -0.16534423828125 -0.163055419921875 0.310394287109375
0.26702880859375 -0.06451416015625 -0.264495849609375 0.211639404296875
0.260879516601563 0.109970092773438 -0.3084716796875 0.0769042968750001
0.15362548828125 0.22308349609375 -0.222320556640625 -0.0770263671875
-0.084808349609375 0.3148193359375 -0.0653228759765625 -0.129470825195312
-0.230438232421875 0.3148193359375 -0.0248832702636719 0.0373725891113281
-0.337310791015625 0.232940673828125 -0.183792114257813 0.06207275390625
-0.102142333984375 0.223892211914063 -0.62420654296875 0.265869140625
-0.013885498046875 0.200439453125 -0.300018310546875 0.330230712890625
0.0779800415039062 0.133720397949219 -0.048095703125 0.145889282226563
0.10028076171875 0.0695724487304688 -0.122230529785156 0.0359420776367188
0.0886154174804688 0.0121078491210938 -0.195205688476563 0.08917236328125
0.109199523925781 -0.036285400390625 -0.210617065429688 0.219802856445313
0.098724365234375 -0.0465545654296875 -0.175445556640625 0.32952880859375
0.09588623046875 -0.0406112670898438 -0.1458740234375 0.3443603515625
0.122047424316406 -0.0394668579101563 -0.20440673828125 0.346038818359375
0.11761474609375 0.0179443359375 -0.3057861328125 0.23712158203125
0.0830078125 0.0901412963867188 -0.31829833984375 0.070831298828125
0.016357421875 0.09759521484375 -0.219039916992188 -0.0816802978515625
-0.0685577392578125 0.0999526977539063 -0.0557632446289063 -0.0936355590820313
-0.0883102416992188 0.112113952636719 -0.0655593872070313 0.0922012329101563
-0.131927490234375 0.116493225097656 -0.301605224609375 0.113128662109375
-0.108665466308594 -0.0157470703125 0.286407470703125 -0.215606689453125
-0.0693206787109375 0.102142333984375 0.0683822631835938 -0.127166748046875
0.0375747680664063 0.111320495605469 0.0190048217773438 0.0790557861328125
0.095306396484375 0.0276412963867187 0.196075439453125 0.096893310546875
0.0928192138671875 -0.0341033935546875 0.281768798828125 -0.0340576171875
0.037628173828125 -0.0848159790039063 0.273086547851563 -0.24273681640625
0.00174713134765625 -0.102645874023438 0.18670654296875 -0.369354248046875
0.00691986083984375 -0.0814132690429688 0.1297607421875 -0.350128173828125
0.00954437255859375 -0.0855026245117188 0.14990234375 -0.31549072265625
0.0600318908691406 -0.0545845031738281 0.202377319335938 -0.23126220703125
0.0700569152832031 0.0147285461425781 0.161026000976562 -0.118316650390625
0.0274887084960937 0.0751495361328125 0.104377746582031 -0.078643798828125
-0.0590171813964844 0.0534477233886719 0.0903472900390625 -0.195541381835938
-0.110664367675781 -0.0110702514648437 0.27117919921875 -0.36932373046875
-0.0653266906738281 -0.0697441101074219 0.6788330078125 -0.2847900390625
-0.31317138671875 0.132598876953125 0.241546630859375 -0.196273803710938
-0.17938232421875 0.270355224609375 0.0545120239257812 -0.102935791015625
0.016632080078125 0.297637939453125 0.00624847412109375 0.0714797973632813
0.191055297851562 0.167861938476562 0.16436767578125 0.09222412109375
0.236007690429688 0.0127105712890625 0.23876953125 -0.009552001953125
0.190536499023437 -0.151077270507813 0.249252319335938 -0.19708251953125
0.112060546875 -0.217788696289063 0.1746826171875 -0.314666748046875
0.114212036132813 -0.191452026367188 0.117889404296875 -0.297882080078125
0.135787963867188 -0.209991455078125 0.13092041015625 -0.26043701171875
0.213760375976563 -0.130645751953125 0.16461181640625 -0.201736450195313
0.242080688476563 0.0390167236328125 0.105186462402344 -0.102752685546875
0.152740478515625 0.190597534179688 0.06390380859375 -0.0911026000976562
-0.073822021484375 0.25372314453125 0.067718505859375 -0.2322998046875
-0.227767944335937 0.197402954101563 0.2611083984375 -0.38653564453125
-0.264541625976563 0.0811004638671876 0.6553955078125 -0.3092041015625
-0.46630859375 0.264373779296875 0.133285522460937 -0.143707275390625
-0.261016845703125 0.415618896484375 0.0110931396484375 -0.0479850769042968
0.00744628906250002 0.454376220703125 -0.00119018554687499 0.0771942138671875
0.27069091796875 0.290985107421875 0.12860107421875 0.0760726928710938
0.35516357421875 0.056854248046875 0.1737060546875 0.0111236572265625
0.318115234375 -0.197906494140625 0.192825317382813 -0.133651733398438
0.206695556640625 -0.3040771484375 0.13720703125 -0.221023559570313
0.204742431640625 -0.271377563476563 0.0887603759765625 -0.200576782226563
0.236358642578125 -0.305084228515625 0.0944061279296875 -0.159500122070313
0.33416748046875 -0.191497802734375 0.0931243896484375 -0.140350341796875
0.38665771484375 0.0546875 0.0191574096679688 -0.0728988647460937
0.27197265625 0.2841796875 0.00242614746093752 -0.10333251953125
-0.068267822265625 0.43280029296875 0.034698486328125 -0.259109497070313
-0.30999755859375 0.39300537109375 0.225921630859375 -0.366180419921875
-0.422027587890625 0.2269287109375 0.546539306640625 -0.28973388671875
-0.542633056640625 0.36474609375 -0.0196952819824219 -0.0640716552734375
-0.2918701171875 0.516387939453125 -0.0477752685546875 0.0304794311523438
0.018280029296875 0.55889892578125 -0.00235748291015625 0.0885086059570313
0.337646484375 0.366119384765625 0.0799713134765625 0.0582046508789063
0.430633544921875 0.079498291015625 0.0874176025390625 0.0323410034179688
0.40203857421875 -0.22247314453125 0.108642578125 -0.048492431640625
0.269134521484375 -0.347991943359375 0.0787353515625 -0.0962295532226563
0.259521484375 -0.314666748046875 0.0446243286132813 -0.07330322265625
0.3001708984375 -0.35601806640625 0.0406990051269532 -0.0341567993164063
0.40704345703125 -0.22589111328125 0.00474166870117191 -0.049407958984375
0.47821044921875 0.065093994140625 -0.0787124633789062 -0.0270156860351563
0.356964111328125 0.3382568359375 -0.0712127685546875 -0.0995635986328125
-0.05181884765625 0.55718994140625 -0.00617980957031252 -0.25372314453125
-0.35491943359375 0.533782958984375 0.169097900390625 -0.29534912109375
-0.5191650390625 0.33734130859375 0.389434814453125 -0.2205810546875
-0.53338623046875 0.4183349609375 -0.188827514648438 0.0295715332031251
-0.274810791015625 0.551910400390625 -0.11199951171875 0.124992370605469
0.047607421875 0.57708740234375 -0.0129928588867188 0.101348876953125
0.358612060546875 0.377410888671875 0.0181121826171875 0.039520263671875
0.44696044921875 0.083892822265625 -0.0100326538085937 0.0550651550292969
0.423309326171875 -0.2230224609375 0.0106239318847657 0.0454902648925781
0.286468505859375 -0.343017578125 0.0103530883789063 0.046966552734375
0.277099609375 -0.30633544921875 -0.00282669067382811 0.06536865234375
0.319305419921875 -0.35015869140625 -0.0218353271484375 0.104461669921875
0.419677734375 -0.219970703125 -0.0890960693359375 0.0559005737304687
0.4893798828125 0.07373046875 -0.17474365234375 0.0294036865234375
0.373992919921875 0.343841552734375 -0.140396118164063 -0.0877914428710937
-0.04058837890625 0.5848388671875 -0.04315185546875 -0.224105834960937
-0.3524169921875 0.57708740234375 0.101043701171875 -0.1810302734375
-0.539154052734375 0.377685546875 0.1925048828125 -0.118499755859375
-0.447845458984375 0.411590576171875 -0.360992431640625 0.13275146484375
-0.209320068359375 0.50537109375 -0.177108764648437 0.220779418945313
0.069976806640625 0.5001220703125 -0.020843505859375 0.113731384277344
0.323486328125 0.322113037109375 -0.0487289428710937 0.0331344604492188
0.382415771484375 0.073822021484375 -0.102470397949219 0.0767898559570313
0.37213134765625 -0.188720703125 -0.0810546875 0.1329345703125
0.263153076171875 -0.2841796875 -0.0590057373046875 0.177047729492187
0.2552490234375 -0.2557373046875 -0.0525054931640625 0.194259643554687
0.2939453125 -0.28790283203125 -0.08245849609375 0.224014282226563
0.366943359375 -0.16668701171875 -0.176773071289062 0.152450561523438
0.412261962890625 0.084075927734375 -0.25048828125 0.0735321044921875
0.30218505859375 0.29608154296875 -0.196640014648437 -0.06964111328125
-0.047607421875 0.5001220703125 -0.0656280517578125 -0.169586181640625
-0.30078125 0.498809814453125 0.0330009460449219 -0.0579261779785156
-0.46942138671875 0.343719482421875 -0.0127420425415039 -0.0093421936035156
-0.292510986328125 0.341705322265625 -0.50482177734375 0.228271484375
-0.114776611328125 0.375030517578125 -0.23052978515625 0.29217529296875
0.078033447265625 0.336669921875 -0.0311660766601563 0.125717163085938
0.228988647460937 0.210006713867188 -0.0960922241210937 0.0312042236328125
0.254486083984375 0.04290771484375 -0.165359497070312 0.0928192138671875
0.260604858398437 -0.125503540039063 -0.154830932617188 0.195755004882813
0.19610595703125 -0.186325073242188 -0.120010375976562 0.280136108398438
0.188674926757813 -0.163375854492188 -0.09234619140625 0.29412841796875
0.2232666015625 -0.17864990234375 -0.1376953125 0.3116455078125
0.261764526367188 -0.083953857421875 -0.24176025390625 0.22137451171875
0.266143798828125 0.0912628173828125 -0.29559326171875 0.0966796875000001
0.171112060546875 0.213119506835938 -0.21807861328125 -0.060089111328125
-0.065216064453125 0.31890869140625 -0.0710983276367187 -0.121078491210937
-0.20904541015625 0.3248291015625 -0.02166748046875 0.0422210693359375
-0.32781982421875 0.24884033203125 -0.181671142578125 0.0816192626953125
-0.092926025390625 0.224136352539063 -0.59796142578125 0.29974365234375
-0.010223388671875 0.199813842773437 -0.27130126953125 0.3468017578125
0.08013916015625 0.13189697265625 -0.0357666015625 0.148635864257813
0.106170654296875 0.0660934448242188 -0.115814208984375 0.0444107055664063
0.0927505493164063 0.0063323974609375 -0.186126708984375 0.09619140625
0.1070556640625 -0.0457611083984375 -0.192047119140625 0.225570678710938
0.096893310546875 -0.0572586059570313 -0.152801513671875 0.33441162109375
0.094757080078125 -0.04766845703125 -0.122406005859375 0.34710693359375
0.120063781738281 -0.0515289306640625 -0.17645263671875 0.3525390625
0.121879577636719 0.0072784423828125 -0.284881591796875 0.247802734375
0.0946578979492187 0.0831375122070312 -0.30426025390625 0.0892333984375001
0.0256805419921875 0.0979995727539063 -0.216690063476563 -0.063201904296875
-0.0613555908203125 0.108352661132812 -0.0590286254882812 -0.08880615234375
-0.0847702026367187 0.117500305175781 -0.0616073608398438 0.0966720581054688
-0.131492614746094 0.119232177734375 -0.29791259765625 0.13909912109375
-0.102317810058594 -0.0112686157226563 0.279144287109375 -0.227249145507813
-0.0580596923828125 0.0963592529296875 0.0677947998046875 -0.130477905273438
0.0396728515625 0.102973937988281 0.0197906494140625 0.07147216796875
0.089324951171875 0.0204315185546875 0.191986083984375 0.0866241455078125
0.0848388671875 -0.0378036499023438 0.271621704101563 -0.0433349609375
0.0317001342773438 -0.0820465087890625 0.256118774414063 -0.244415283203125
-0.00378417968750001 -0.096954345703125 0.169647216796875 -0.366607666015625
0.000556945800781248 -0.0764007568359375 0.114410400390625 -0.34564208984375
0.00325012207031249 -0.0809402465820313 0.136199951171875 -0.313385009765625
0.0517807006835938 -0.0548896789550781 0.190811157226562 -0.231124877929688
0.0663604736328125 0.00864028930664063 0.153549194335938 -0.1207275390625
0.0283241271972656 0.0687255859375 0.097503662109375 -0.0788955688476562
-0.0545387268066406 0.0519027709960937 0.0795440673828125 -0.192718505859375
-0.102401733398437 -0.00505828857421876 0.25250244140625 -0.369903564453125
-0.05938720703125 -0.0611534118652344 0.65411376953125 -0.30340576171875
-0.297393798828125 0.1392822265625 0.242279052734375 -0.2059326171875
-0.160140991210938 0.2666015625 0.056549072265625 -0.106948852539062
0.025970458984375 0.28631591796875 0.00950241088867188 0.0682487487792969
0.188385009765625 0.155899047851563 0.163177490234375 0.0809326171875
0.226760864257813 0.0034637451171875 0.231826782226563 -0.0184326171875
0.178009033203125 -0.152053833007813 0.234786987304688 -0.201324462890625
0.100723266601563 -0.214584350585938 0.15948486328125 -0.31414794921875
0.101959228515625 -0.1907958984375 0.104705810546875 -0.297027587890625
0.119155883789063 -0.209747314453125 0.123870849609375 -0.260208129882813
0.198562622070313 -0.136825561523438 0.154220581054688 -0.202072143554687
0.235870361328125 0.0278778076171875 0.0993270874023438 -0.102935791015625
0.1591796875 0.179794311523438 0.06072998046875 -0.0901870727539063
-0.0615081787109375 0.250137329101563 0.05841064453125 -0.225204467773437
-0.210372924804688 0.203536987304688 0.244537353515625 -0.382598876953125
-0.25091552734375 0.0945281982421875 0.62701416015625 -0.3212890625
-0.44366455078125 0.274017333984375 0.137802124023437 -0.151626586914062
-0.23583984375 0.40875244140625 0.018707275390625 -0.0523147583007812
0.021026611328125 0.439849853515625 0.00348663330078126 0.0727081298828125
0.275741577148438 0.27252197265625 0.127922058105469 0.0685195922851563
0.344512939453125 0.04193115234375 0.169967651367188 0.003814697265625
0.3016357421875 -0.20556640625 0.1839599609375 -0.137603759765625
0.189056396484375 -0.305511474609375 0.126358032226563 -0.22137451171875
0.186874389648438 -0.27435302734375 0.07830810546875 -0.203216552734375
0.215362548828125 -0.307159423828125 0.0885772705078125 -0.1639404296875
0.31597900390625 -0.20245361328125 0.0868682861328125 -0.140457153320313
0.3797607421875 0.037384033203125 0.0190963745117188 -0.0705642700195312
0.2796630859375 0.265701293945313 0.00313568115234377 -0.099090576171875
-0.04901123046875 0.42718505859375 0.0256195068359375 -0.248611450195313
-0.28778076171875 0.398284912109375 0.211456298828125 -0.35986328125
-0.405975341796875 0.240692138671875 0.527801513671875 -0.2969970703125
-0.5145263671875 0.376190185546875 -0.0104408264160157 -0.0692901611328125
-0.264984130859375 0.51251220703125 -0.0359916687011719 0.02740478515625
0.0379638671875 0.5423583984375 0.00173187255859375 0.0832290649414063
0.346038818359375 0.3441162109375 0.0801620483398438 0.0510177612304688
0.4248046875 0.065185546875 0.0874176025390625 0.0259628295898438
0.382354736328125 -0.23809814453125 0.10784912109375 -0.0539093017578125
0.247802734375 -0.35174560546875 0.0748291015625 -0.0970611572265625
0.241302490234375 -0.318328857421875 0.0420074462890625 -0.078521728515625
0.27655029296875 -0.36175537109375 0.0416526794433594 -0.0384292602539063
0.3865966796875 -0.237548828125 0.00257110595703128 -0.0492897033691406
0.47222900390625 0.04302978515625 -0.0755538940429687 -0.021759033203125
0.364837646484375 0.315582275390625 -0.0667648315429687 -0.0949249267578125
-0.029693603515625 0.549896240234375 -0.0122222900390625 -0.245864868164062
-0.325286865234375 0.5362548828125 0.1590576171875 -0.288909912109375
-0.49884033203125 0.347625732421875 0.371368408203125 -0.224212646484375
-0.51025390625 0.427886962890625 -0.17572021484375 0.031494140625
-0.24615478515625 0.5477294921875 -0.0952911376953125 0.122573852539063
0.066162109375 0.56365966796875 -0.00386810302734375 0.09637451171875
0.372528076171875 0.355804443359375 0.0213661193847656 0.0365486145019531
0.441253662109375 0.06756591796875 -0.00720977783203122 0.0512619018554688
0.403106689453125 -0.238189697265625 0.0172882080078125 0.0395927429199219
0.26812744140625 -0.348114013671875 0.0117721557617188 0.0425491333007812
0.25946044921875 -0.31378173828125 -0.00212097167968749 0.0595893859863281
0.299591064453125 -0.3565673828125 -0.0149993896484375 0.0965652465820312
0.398468017578125 -0.23236083984375 -0.0858688354492187 0.056915283203125
0.48626708984375 0.051971435546875 -0.167007446289062 0.035858154296875
0.38037109375 0.322265625 -0.134841918945312 -0.0778579711914063
-0.0166015625 0.57513427734375 -0.0459747314453125 -0.213333129882813
-0.3184814453125 0.578369140625 0.0965728759765625 -0.175445556640625
-0.516754150390625 0.38580322265625 0.182373046875 -0.116073608398437
-0.424713134765625 0.4171142578125 -0.3394775390625 0.1407470703125
-0.18994140625 0.501068115234375 -0.155227661132813 0.2169189453125
0.084320068359375 0.48895263671875 -0.0130081176757813 0.110755920410156
0.334808349609375 0.306060791015625 -0.0419578552246093 0.0302963256835938
0.382659912109375 0.057159423828125 -0.09527587890625 0.0770263671875
0.357696533203125 -0.202423095703125 -0.0712966918945312 0.1285400390625
0.24591064453125 -0.29254150390625 -0.051971435546875 0.173233032226563
0.239913940429688 -0.262420654296875 -0.0452880859375 0.186386108398437
0.2755126953125 -0.296478271484375 -0.071197509765625 0.21783447265625
0.3505859375 -0.18017578125 -0.166305541992187 0.154129028320313
0.4100341796875 0.063201904296875 -0.238616943359375 0.0833282470703125
0.308380126953125 0.282867431640625 -0.186019897460937 -0.05853271484375
-0.03033447265625 0.492156982421875 -0.065643310546875 -0.162002563476562
-0.2779541015625 0.497711181640625 0.0331954956054687 -0.0524063110351562
-0.453948974609375 0.349365234375 -0.0112400054931641 -0.00165653228759763
-0.27838134765625 0.34417724609375 -0.477081298828125 0.240478515625
-0.105865478515625 0.3734130859375 -0.20989990234375 0.294464111328125
0.086669921875 0.32952880859375 -0.0230178833007812 0.124519348144531
0.237213134765625 0.199447631835937 -0.0929183959960937 0.0339202880859375
0.255172729492187 0.03680419921875 -0.156356811523437 0.0954437255859375
0.252151489257812 -0.137710571289062 -0.140151977539062 0.194122314453125
0.184799194335938 -0.192642211914063 -0.104019165039063 0.274826049804688
0.1815185546875 -0.171401977539063 -0.083709716796875 0.284576416015625
0.212814331054688 -0.190139770507813 -0.120880126953125 0.30517578125
0.251953125 -0.0960693359375 -0.22796630859375 0.221755981445313
0.270187377929688 0.077423095703125 -0.28021240234375 0.10516357421875
0.174911499023438 0.20379638671875 -0.21063232421875 -0.0503387451171875
-0.050872802734375 0.3194580078125 -0.0682525634765625 -0.114799499511719
-0.194976806640625 0.326141357421875 -0.0209388732910156 0.0454254150390625
-0.3197021484375 0.250457763671875 -0.177993774414063 0.093109130859375
-0.0904388427734375 0.218429565429688 -0.5712890625 0.31488037109375
-0.00955200195312502 0.198318481445313 -0.25262451171875 0.348541259765625
0.0811691284179688 0.12890625 -0.027374267578125 0.143280029296875
0.110191345214844 0.065093994140625 -0.111488342285156 0.045074462890625
0.0934677124023438 0.00677490234375 -0.176712036132813 0.0995941162109375
0.106132507324219 -0.05072021484375 -0.177337646484375 0.225860595703125
0.0931625366210938 -0.062957763671875 -0.13568115234375 0.3310546875
0.0941925048828125 -0.0550155639648438 -0.10943603515625 0.340789794921875
0.116676330566406 -0.057952880859375 -0.15911865234375 0.347076416015625
0.1185302734375 -0.00116729736328125 -0.263015747070313 0.252395629882813
0.0995864868164063 0.0752182006835938 -0.2921142578125 0.098876953125
0.0305023193359375 0.098358154296875 -0.211395263671875 -0.0534515380859375
-0.0556106567382812 0.111984252929688 -0.0590896606445312 -0.0839157104492188
-0.081329345703125 0.118972778320313 -0.0588836669921875 0.102027893066406
-0.133064270019531 0.119941711425781 -0.2908935546875 0.15203857421875
-0.0981903076171875 -0.011077880859375 0.279891967773438 -0.2362060546875
-0.0505828857421875 0.0915451049804688 0.0696258544921875 -0.135040283203125
0.041229248046875 0.0966567993164063 0.0191459655761719 0.0691146850585938
0.0836944580078125 0.0178451538085938 0.188323974609375 0.0811309814453125
0.080780029296875 -0.0388641357421875 0.265533447265625 -0.0460052490234375
0.0279617309570312 -0.0796356201171875 0.246658325195312 -0.244171142578125
-0.00674438476562501 -0.09344482421875 0.1600341796875 -0.364837646484375
-0.00295257568359375 -0.073516845703125 0.107696533203125 -0.34454345703125
-0.001373291015625 -0.0764007568359375 0.13067626953125 -0.312164306640625
0.0464401245117188 -0.0542221069335938 0.185287475585938 -0.230224609375
0.0643768310546875 0.00582504272460938 0.149993896484375 -0.120574951171875
0.0296401977539062 0.0642929077148438 0.0951080322265625 -0.0798873901367188
-0.0513114929199219 0.0497932434082031 0.0748748779296875 -0.190185546875
-0.0963211059570313 -0.000961303710937494 0.2459716796875 -0.370208740234375
-0.0535469055175781 -0.0577125549316406 0.64337158203125 -0.31280517578125
-0.2886962890625 0.141937255859375 0.244277954101562 -0.214584350585938
-0.149337768554688 0.259689331054688 0.0610122680664063 -0.112442016601563
0.029022216796875 0.278839111328125 0.0102348327636719 0.0649032592773438
0.185882568359375 0.149734497070313 0.16033935546875 0.0751495361328125
0.222274780273438 -0.000640869140625 0.226333618164063 -0.022369384765625
0.17071533203125 -0.15362548828125 0.227371215820312 -0.202484130859375
0.093597412109375 -0.214431762695313 0.1524658203125 -0.315948486328125
0.094818115234375 -0.188674926757812 0.098785400390625 -0.297210693359375
0.11041259765625 -0.207809448242188 0.119049072265625 -0.261703491210937
0.188644409179688 -0.139480590820313 0.148269653320313 -0.202011108398438
0.234466552734375 0.01885986328125 0.09759521484375 -0.101882934570313
0.162887573242188 0.171783447265625 0.060150146484375 -0.0909957885742187
-0.0546112060546875 0.249221801757812 0.054351806640625 -0.221160888671875
-0.200515747070313 0.208236694335937 0.239898681640625 -0.380615234375
-0.242599487304687 0.0993804931640625 0.6171875 -0.327392578125
-0.4312744140625 0.276123046875 0.143905639648437 -0.1600341796875
-0.2230224609375 0.403717041015625 0.0252914428710937 -0.0581474304199218
0.02655029296875 0.4326171875 0.00609970092773438 0.0691680908203125
0.27728271484375 0.261611938476563 0.126571655273438 0.0630111694335938
0.34161376953125 0.034637451171875 0.166717529296875 -0.000579833984374998
0.29266357421875 -0.21124267578125 0.180328369140625 -0.139739990234375
0.17974853515625 -0.306304931640625 0.120986938476563 -0.224334716796875
0.177703857421875 -0.275115966796875 0.074920654296875 -0.206039428710938
0.203887939453125 -0.309173583984375 0.08697509765625 -0.167221069335938
0.3045654296875 -0.207672119140625 0.0833358764648438 -0.139556884765625
0.379150390625 0.025665283203125 0.0194015502929688 -0.0677032470703125
0.283966064453125 0.256561279296875 0.00453186035156251 -0.0987548828125
-0.040802001953125 0.426025390625 0.0226593017578125 -0.243820190429688
-0.274627685546875 0.400665283203125 0.20819091796875 -0.3558349609375
-0.397003173828125 0.245635986328125 0.518463134765625 -0.30029296875
-0.50238037109375 0.37921142578125 0.000106811523437464 -0.0758590698242187
-0.251739501953125 0.506378173828125 -0.0260238647460938 0.0220012664794922
0.0477294921875001 0.5340576171875 0.00432586669921875 0.0791244506835938
0.350860595703125 0.331146240234375 0.081390380859375 0.0469436645507813
0.4217529296875 0.054046630859375 0.086090087890625 0.0223541259765625
0.370697021484375 -0.24493408203125 0.107627868652344 -0.0585403442382813
0.23681640625 -0.355743408203125 0.0728912353515625 -0.101364135742188
0.23236083984375 -0.321502685546875 0.0399551391601563 -0.08172607421875
0.265472412109375 -0.36517333984375 0.0436325073242188 -0.0429039001464844
0.373077392578125 -0.245819091796875 0.00183105468750003 -0.0491142272949219
0.469635009765625 0.029052734375 -0.0716400146484375 -0.0175094604492187
0.371002197265625 0.3050537109375 -0.0634231567382812 -0.0944747924804687
-0.017913818359375 0.54669189453125 -0.0142059326171875 -0.240737915039062
-0.30938720703125 0.5389404296875 0.156463623046875 -0.2833251953125
-0.49102783203125 0.352020263671875 0.3660888671875 -0.222747802734375
-0.496429443359375 0.430877685546875 -0.164398193359375 0.028564453125
-0.235809326171875 0.54486083984375 -0.0837554931640625 0.118736267089844
0.074737548828125 0.557037353515625 0.000595092773437515 0.09295654296875
0.377838134765625 0.34564208984375 0.0227298736572266 0.0344867706298828
0.438873291015625 0.058380126953125 -0.0063209533691406 0.0496406555175781
0.3924560546875 -0.2479248046875 0.0202617645263672 0.0347652435302734
0.258209228515625 -0.353424072265625 0.0136680603027344 0.0372047424316406
0.25177001953125 -0.31842041015625 -0.00145721435546874 0.0537261962890625
0.287445068359375 -0.36181640625 -0.00914001464843748 0.0911712646484375
0.38677978515625 -0.23992919921875 -0.0841140747070312 0.0565109252929688
0.483551025390625 0.036468505859375 -0.1607666015625 0.040496826171875
0.384918212890625 0.310699462890625 -0.130165100097656 -0.0767974853515625
-0.00579833984375002 0.57232666015625 -0.0460205078125 -0.208053588867187
-0.3055419921875 0.57562255859375 0.0961151123046875 -0.1710205078125
-0.510528564453125 0.3897705078125 0.17938232421875 -0.11065673828125
-0.417266845703125 0.420684814453125 -0.326568603515625 0.14129638671875
-0.182342529296875 0.500518798828125 -0.142730712890625 0.215484619140625
0.09149169921875 0.486663818359375 -0.00854492187499999 0.10791015625
0.34210205078125 0.2960205078125 -0.0402336120605469 0.0302238464355469
0.382781982421875 0.0499267578125 -0.09283447265625 0.0764312744140625
0.349334716796875 -0.212493896484375 -0.0657119750976563 0.123825073242187
0.237762451171875 -0.297760009765625 -0.046295166015625 0.168624877929687
0.232513427734375 -0.268508911132813 -0.043426513671875 0.180419921875
0.26708984375 -0.302764892578125 -0.0634002685546875 0.212203979492187
0.342681884765625 -0.188140869140625 -0.1605224609375 0.153121948242187
0.4105224609375 0.05230712890625 -0.23101806640625 0.0882415771484375
0.31304931640625 0.275299072265625 -0.17987060546875 -0.0561676025390625
-0.021453857421875 0.490753173828125 -0.0650177001953125 -0.159500122070312
-0.266082763671875 0.494903564453125 0.0342369079589844 -0.0487632751464843
-0.451751708984375 0.352264404296875 -0.011077880859375 0.00731658935546877
-0.27496337890625 0.344146728515625 -0.465362548828125 0.243560791015625
-0.103851318359375 0.375518798828125 -0.198883056640625 0.295135498046875
0.0894775390625 0.330230712890625 -0.0182342529296875 0.122283935546875
0.244308471679687 0.194747924804688 -0.0887680053710937 0.0347213745117188
0.258193969726563 0.031280517578125 -0.152389526367187 0.095306396484375
0.247802734375 -0.145355224609375 -0.133407592773437 0.190460205078125
0.178695678710938 -0.197998046875 -0.0961456298828125 0.271621704101563
0.176971435546875 -0.1776123046875 -0.079620361328125 0.280364990234375
0.207321166992188 -0.197357177734375 -0.11236572265625 0.300048828125
0.247772216796875 -0.102615356445312 -0.218643188476563 0.221282958984375
0.271286010742188 0.067962646484375 -0.272109985351563 0.109115600585937
0.180694580078125 0.200088500976563 -0.2039794921875 -0.045806884765625
-0.045135498046875 0.319305419921875 -0.0676803588867187 -0.112869262695313
-0.189727783203125 0.325775146484375 -0.0206260681152344 0.0493545532226563
-0.321380615234375 0.252105712890625 -0.176055908203125 0.103439331054687
-0.090789794921875 0.217056274414063 -0.559051513671875 0.3203125
-0.0133819580078125 0.199462890625 -0.241485595703125 0.35052490234375
0.0792770385742187 0.129707336425781 -0.0215911865234375 0.141799926757812
0.113716125488281 0.0646209716796875 -0.107475280761719 0.0474090576171875
0.0971450805664063 0.00649261474609375 -0.173263549804688 0.0998992919921875
0.105934143066406 -0.0550003051757813 -0.171310424804687 0.22344970703125
0.0921173095703125 -0.0670700073242188 -0.128662109375 0.32958984375
0.0945358276367187 -0.0600814819335937 -0.10455322265625 0.3369140625
0.117164611816406 -0.0635528564453125 -0.1490478515625 0.343719482421875
0.119392395019531 -0.00670623779296875 -0.253204345703125 0.2518310546875
0.102874755859375 0.0701904296875 -0.282562255859375 0.10272216796875
0.0345382690429688 0.0995330810546875 -0.205535888671875 -0.0485687255859375
-0.0527114868164063 0.115821838378906 -0.0585479736328125 -0.0814895629882812
-0.0818099975585937 0.119430541992188 -0.0585174560546875 0.104789733886719
-0.13824462890625 0.120101928710938 -0.287811279296875 0.163848876953125
-0.0956344604492188 -0.0101318359375 0.28326416015625 -0.248931884765625
-0.0451889038085938 0.087738037109375 0.0724334716796875 -0.142837524414063
0.0423126220703125 0.0927581787109375 0.0189132690429688 0.0678749084472656
0.0804977416992188 0.0172042846679688 0.188568115234375 0.0783843994140625
0.0774993896484375 -0.039825439453125 0.264572143554687 -0.0507659912109375
0.0245437622070313 -0.0793533325195313 0.24365234375 -0.247833251953125
-0.0103759765625 -0.0926742553710938 0.154571533203125 -0.370880126953125
-0.00720977783203125 -0.0709991455078125 0.103485107421875 -0.3497314453125
-0.00596618652343749 -0.0740890502929687 0.1280517578125 -0.317413330078125
0.0412712097167969 -0.0543670654296875 0.182174682617187 -0.23394775390625
0.062591552734375 0.00332260131835937 0.149261474609375 -0.123031616210938
0.0310516357421875 0.0617294311523437 0.0943603515625 -0.08233642578125
-0.0495758056640625 0.0499038696289063 0.0720977783203125 -0.190521240234375
-0.09228515625 0.00195312500000001 0.2445068359375 -0.377960205078125
-0.0489234924316406 -0.0559730529785156 0.64642333984375 -0.32586669921875
-0.2857666015625 0.14617919921875 0.250350952148438 -0.227523803710937
-0.1429443359375 0.2586669921875 0.0655593872070312 -0.120185852050781
0.0331268310546875 0.277099609375 0.0113525390625 0.0632247924804688
0.186996459960938 0.146331787109375 0.161483764648438 0.0724639892578125
0.220794677734375 -0.0040740966796875 0.22637939453125 -0.0260467529296875
0.166610717773438 -0.159332275390625 0.226058959960938 -0.206939697265625
0.088836669921875 -0.2176513671875 0.147613525390625 -0.32257080078125
0.089874267578125 -0.190460205078125 0.094573974609375 -0.30377197265625
0.104568481445313 -0.210372924804688 0.117813110351562 -0.267196655273438
0.183303833007813 -0.144363403320313 0.146347045898438 -0.20526123046875
0.235443115234375 0.0117034912109375 0.0981674194335938 -0.102180480957031
0.168502807617188 0.167861938476563 0.0604934692382813 -0.0932235717773438
-0.0496826171875 0.25286865234375 0.0522613525390625 -0.222198486328125
-0.194229125976563 0.215713500976563 0.23968505859375 -0.388458251953125
-0.2403564453125 0.1055908203125 0.6185302734375 -0.3394775390625
-0.428802490234375 0.285064697265625 0.151214599609375 -0.170654296875
-0.217620849609375 0.406158447265625 0.0315017700195312 -0.0655517578125
0.03424072265625 0.4337158203125 0.00718307495117188 0.0671958923339844
0.28204345703125 0.256561279296875 0.128173828125 0.060516357421875
0.343536376953125 0.02777099609375 0.166900634765625 -0.0031585693359375
0.2869873046875 -0.219390869140625 0.179977416992188 -0.1458740234375
0.173797607421875 -0.314361572265625 0.118453979492188 -0.231277465820313
0.172073364257813 -0.28082275390625 0.0708770751953125 -0.211181640625
0.19696044921875 -0.316192626953125 0.08795166015625 -0.173187255859375
0.298004150390625 -0.216796875 0.0818939208984375 -0.141860961914063
0.382171630859375 0.01507568359375 0.0206451416015625 -0.0666999816894531
0.29400634765625 0.251678466796875 0.00503540039062502 -0.101264953613281
-0.03216552734375 0.43206787109375 0.020843505859375 -0.244857788085938
-0.2677001953125 0.411285400390625 0.20904541015625 -0.3614501953125
-0.3970947265625 0.25616455078125 0.52093505859375 -0.307098388671875
-0.50067138671875 0.389556884765625 0.00730895996093747 -0.0836639404296875
-0.245452880859375 0.513214111328125 -0.0190334320068359 0.0168075561523438
0.055023193359375 0.539520263671875 0.0073394775390625 0.077972412109375
0.360504150390625 0.327972412109375 0.08251953125 0.0449371337890625
0.426025390625 0.0469970703125 0.0864028930664063 0.0202178955078125
0.3665771484375 -0.258331298828125 0.108634948730469 -0.0640029907226563
0.230316162109375 -0.366119384765625 0.0716705322265625 -0.106475830078125
0.22711181640625 -0.329681396484375 0.0368804931640625 -0.087310791015625
0.2587890625 -0.3753662109375 0.0450096130371094 -0.0484809875488281
0.36895751953125 -0.256195068359375 0.00131988525390627 -0.0495948791503906
0.476409912109375 0.0155029296875 -0.0698318481445312 -0.0141792297363281
0.38201904296875 0.300994873046875 -0.0625534057617187 -0.0962753295898437
-0.00915527343749999 0.5552978515625 -0.015777587890625 -0.241012573242188
-0.301849365234375 0.549468994140625 0.1583251953125 -0.28564453125
-0.49371337890625 0.363189697265625 0.36700439453125 -0.22509765625
-0.495635986328125 0.440216064453125 -0.157241821289063 0.0255126953125001
-0.23065185546875 0.55242919921875 -0.076446533203125 0.115959167480469
0.0833740234374999 0.56304931640625 0.00397491455078126 0.0913314819335938
0.391204833984375 0.339599609375 0.0240917205810547 0.0330028533935547
0.447174072265625 0.050689697265625 -0.00574493408203122 0.0496025085449219
0.38946533203125 -0.260528564453125 0.0225849151611328 0.0302848815917969
0.2528076171875 -0.364715576171875 0.0146732330322266 0.0332317352294922
0.246612548828125 -0.3280029296875 -0.00322341918945311 0.0505104064941406
0.28167724609375 -0.374847412109375 -0.00481414794921873 0.087493896484375
0.38275146484375 -0.251953125 -0.082794189453125 0.0574264526367188
0.49066162109375 0.02362060546875 -0.158493041992187 0.0448455810546875
0.396026611328125 0.3074951171875 -0.129592895507812 -0.0780868530273437
0.00335693359374995 0.5802001953125 -0.048126220703125 -0.208633422851562
-0.29833984375 0.58648681640625 0.097564697265625 -0.169525146484375
-0.5150146484375 0.400421142578125 0.180999755859375 -0.108489990234375
-0.419952392578125 0.42742919921875 -0.321685791015625 0.14288330078125
-0.17999267578125 0.50836181640625 -0.136245727539063 0.216064453125
0.09771728515625 0.49285888671875 -0.00364685058593749 0.106452941894531
0.355072021484375 0.2918701171875 -0.0379562377929687 0.0301170349121094
0.39080810546875 0.042816162109375 -0.0920104980468749 0.0781707763671875
0.346893310546875 -0.22613525390625 -0.0619354248046875 0.121185302734375
0.233551025390625 -0.3095703125 -0.0436859130859375 0.167236328125
0.230178833007812 -0.27801513671875 -0.0435943603515625 0.179428100585937
0.26385498046875 -0.315826416015625 -0.0577239990234375 0.210311889648438
0.34033203125 -0.19830322265625 -0.158432006835937 0.155853271484375
0.417144775390625 0.0416259765625 -0.228012084960937 0.0929107666015625
0.322235107421875 0.2720947265625 -0.178604125976562 -0.056243896484375
-0.0126342773437499 0.4969482421875 -0.0661468505859375 -0.1590576171875
-0.262420654296875 0.50469970703125 0.0359382629394531 -0.0457115173339843
-0.4580078125 0.3604736328125 -0.00987625122070315 0.0140295028686524
-0.2774658203125 0.34979248046875 -0.461700439453125 0.250885009765625
-0.1048583984375 0.38287353515625 -0.192413330078125 0.300384521484375
0.09259033203125 0.33551025390625 -0.0133819580078125 0.122764587402344
0.255081176757813 0.191802978515625 -0.0864105224609375 0.0363540649414063
0.265792846679688 0.0275115966796875 -0.151962280273437 0.0973052978515625
0.246841430664063 -0.154556274414063 -0.13006591796875 0.190353393554687
0.176864624023438 -0.207351684570313 -0.092437744140625 0.27410888671875
0.176177978515625 -0.186309814453125 -0.077667236328125 0.28179931640625
0.205657958984375 -0.207672119140625 -0.10675048828125 0.30133056640625
0.24786376953125 -0.11175537109375 -0.2152099609375 0.2247314453125
0.277999877929688 0.060272216796875 -0.269683837890625 0.11444091796875
0.188018798828125 0.199722290039063 -0.2030029296875 -0.045318603515625
-0.03985595703125 0.325927734375 -0.0687637329101563 -0.11279296875
-0.188568115234375 0.331512451171875 -0.0187950134277344 0.0545310974121094
-0.328033447265625 0.259490966796875 -0.17633056640625 0.11395263671875
-0.0938873291015625 0.217666625976563 -0.55908203125 0.332000732421875
-0.0158538818359375 0.20465087890625 -0.237060546875 0.358612060546875
0.0785064697265625 0.133140563964844 -0.0174102783203125 0.142593383789063
0.119949340820313 0.06390380859375 -0.105377197265625 0.0489883422851563
0.102340698242188 0.0063934326171875 -0.17352294921875 0.102569580078125
0.107917785644531 -0.059967041015625 -0.168914794921875 0.22528076171875
0.091461181640625 -0.07244873046875 -0.123565673828125 0.333892822265625
0.09576416015625 -0.0657424926757813 -0.100341796875 0.340423583984375
0.118576049804687 -0.0710067749023438 -0.144195556640625 0.347869873046875
0.122352600097656 -0.0121383666992188 -0.248565673828125 0.25537109375
0.107383728027344 0.067230224609375 -0.28118896484375 0.108367919921875
0.0394363403320313 0.100387573242188 -0.2061767578125 -0.0457305908203125
-0.0502548217773437 0.120094299316406 -0.0606002807617187 -0.081298828125
-0.0830917358398437 0.123085021972656 -0.0586166381835937 0.111274719238281
-0.14520263671875 0.123794555664063 -0.2901611328125 0.17767333984375
-0.095062255859375 -0.00762176513671877 0.2862548828125 -0.270111083984375
-0.0404205322265625 0.08624267578125 0.072509765625 -0.153579711914063
0.04534912109375 0.0900192260742187 0.0200958251953125 0.068115234375
0.0782852172851563 0.0157623291015625 0.192855834960938 0.0730743408203125
0.0748138427734375 -0.0415496826171875 0.2667236328125 -0.06011962890625
0.0207061767578125 -0.0812606811523438 0.239639282226562 -0.2587890625
-0.0161209106445313 -0.0928573608398438 0.14501953125 -0.38427734375
-0.0115394592285156 -0.0692558288574219 0.0955810546875 -0.360992431640625
-0.01129150390625 -0.07171630859375 0.121551513671875 -0.329376220703125
0.0365982055664062 -0.0558738708496094 0.1788330078125 -0.245086669921875
0.0622978210449219 3.4332275390625E-05 0.149276733398438 -0.129074096679688
0.0327987670898438 0.0594024658203125 0.0931167602539063 -0.0863037109375
-0.0483169555664063 0.0515480041503906 0.0680084228515625 -0.195816040039063
-0.0899124145507813 0.00640869140624999 0.239288330078125 -0.3953857421875
-0.0461387634277344 -0.0555534362792969 0.64892578125 -0.353759765625
-0.28424072265625 0.15728759765625 0.254730224609375 -0.2476806640625
-0.134780883789063 0.263153076171875 0.0686874389648437 -0.131362915039063
0.0407867431640625 0.278564453125 0.0126914978027344 0.0634689331054688
0.193466186523438 0.14312744140625 0.166473388671875 0.06793212890625
0.223373413085938 -0.0113983154296875 0.229263305664063 -0.0326690673828125
0.161636352539063 -0.168075561523438 0.224151611328125 -0.218185424804688
0.0802154541015625 -0.225189208984375 0.14019775390625 -0.336151123046875
0.0828399658203125 -0.195510864257813 0.085784912109375 -0.315093994140625
0.0970611572265625 -0.217300415039063 0.113143920898437 -0.279281616210938
0.177642822265625 -0.153884887695313 0.142898559570313 -0.213592529296875
0.240249633789063 0.0006561279296875 0.0978546142578125 -0.106056213378906
0.177993774414063 0.163192749023438 0.0587997436523438 -0.0982742309570312
-0.04052734375 0.261245727539062 0.046966552734375 -0.227279663085937
-0.187240600585937 0.228713989257813 0.23529052734375 -0.40460205078125
-0.240325927734375 0.116561889648437 0.6217041015625 -0.36529541015625
-0.42840576171875 0.301055908203125 0.156784057617188 -0.187042236328125
-0.207733154296875 0.415802001953125 0.0365676879882812 -0.0741500854492187
0.04559326171875 0.4407958984375 0.00955963134765625 0.0675849914550781
0.296966552734375 0.2515869140625 0.132232666015625 0.0564346313476563
0.35150146484375 0.016937255859375 0.168838500976563 -0.0078582763671875
0.281768798828125 -0.235687255859375 0.179840087890625 -0.155715942382813
0.163726806640625 -0.32861328125 0.112060546875 -0.242965698242188
0.1640625 -0.292633056640625 0.0637664794921875 -0.22100830078125
0.187774658203125 -0.331390380859375 0.0861663818359375 -0.183883666992188
0.2930908203125 -0.23187255859375 0.0791473388671875 -0.146743774414063
0.390869140625 -0.001556396484375 0.0214385986328125 -0.0668983459472656
0.3099365234375 0.2454833984375 0.00273895263671877 -0.106002807617187
-0.0186767578125 0.444488525390625 0.0147705078125 -0.248275756835938
-0.2568359375 0.431671142578125 0.20654296875 -0.374755859375
-0.39849853515625 0.27532958984375 0.522857666015625 -0.328369140625
-0.500335693359375 0.41094970703125 0.0120162963867187 -0.0923690795898437
-0.234832763671875 0.526824951171875 -0.0128250122070313 0.0119085311889649
0.07073974609375 0.550628662109375 0.0107421875 0.076904296875
0.3797607421875 0.319671630859375 0.0864944458007813 0.0412750244140625
0.4368896484375 0.0316162109375 0.0889053344726563 0.0188064575195313
0.360992431640625 -0.277557373046875 0.110038757324219 -0.0720367431640625
0.220855712890625 -0.3848876953125 0.069366455078125 -0.11480712890625
0.217620849609375 -0.345703125 0.0319137573242188 -0.0927352905273438
0.24761962890625 -0.394989013671875 0.0468063354492188 -0.0554656982421875
0.3634033203125 -0.2755126953125 -0.000240325927734353 -0.0502090454101563
0.48687744140625 -0.004364013671875 -0.0690841674804687 -0.0107841491699219
0.4012451171875 0.2919921875 -0.065582275390625 -0.09906005859375
0.0101928710937501 0.56988525390625 -0.022735595703125 -0.244247436523437
-0.29095458984375 0.5736083984375 0.157012939453125 -0.29498291015625
-0.497222900390625 0.387054443359375 0.368804931640625 -0.237091064453125
-0.4962158203125 0.462860107421875 -0.153900146484375 0.025146484375
-0.21978759765625 0.5711669921875 -0.0687637329101563 0.1153564453125
0.1011962890625 0.5750732421875 0.00889587402343751 0.0909423828125
0.41412353515625 0.3309326171875 0.0274734497070313 0.0314674377441406
0.45843505859375 0.035125732421875 -0.00443649291992185 0.0500602722167969
0.3846435546875 -0.283721923828125 0.0255928039550781 0.0252857208251953
0.242431640625 -0.38580322265625 0.0158958435058594 0.0298194885253906
0.2393798828125 -0.346588134765625 -0.00491333007812498 0.0487518310546875
0.270751953125 -0.396759033203125 -0.000358581542968724 0.0851974487304687
0.379974365234375 -0.27197265625 -0.0825576782226562 0.06097412109375
0.501922607421875 0.001678466796875 -0.156402587890625 0.0520782470703125
0.416595458984375 0.299896240234375 -0.132026672363281 -0.0780181884765625
0.0208740234375 0.59674072265625 -0.0540618896484375 -0.210372924804687
-0.2864990234375 0.6090087890625 0.0990447998046875 -0.17352294921875
-0.519012451171875 0.42413330078125 0.183990478515625 -0.112289428710937
-0.417999267578125 0.44677734375 -0.318267822265625 0.151824951171875
-0.17254638671875 0.52685546875 -0.127410888671875 0.222122192382813
0.113189697265625 0.505096435546875 0.00202178955078125 0.107208251953125
0.378387451171875 0.28448486328125 -0.0358848571777343 0.0312461853027344
0.403961181640625 0.029937744140625 -0.0909805297851562 0.08197021484375
0.345062255859375 -0.24664306640625 -0.0586700439453125 0.120811462402344
0.226409912109375 -0.328582763671875 -0.0386505126953125 0.169052124023437
0.224334716796875 -0.295257568359375 -0.04156494140625 0.182540893554687
0.2564697265625 -0.336669921875 -0.051025390625 0.212738037109375
0.338897705078125 -0.21685791015625 -0.156173706054688 0.163665771484375
0.428863525390625 0.023406982421875 -0.227005004882813 0.102798461914062
0.340576171875 0.266510009765625 -0.182662963867187 -0.0544891357421875
0.00283813476562498 0.51007080078125 -0.07196044921875 -0.160446166992187
-0.253997802734375 0.523101806640625 0.0383224487304687 -0.0443992614746093
-0.464324951171875 0.38385009765625 -0.00766181945800784 0.0205612182617188
-0.27838134765625 0.36407470703125 -0.461395263671875 0.2691650390625
-0.100067138671875 0.397125244140625 -0.184295654296875 0.312469482421875
0.10369873046875 0.345245361328125 -0.00804138183593748 0.124519348144531
0.27142333984375 0.186691284179688 -0.0848617553710937 0.0392913818359375
0.276687622070313 0.018463134765625 -0.151824951171875 0.104385375976562
0.246673583984375 -0.169036865234375 -0.126235961914063 0.19451904296875
0.172012329101563 -0.221160888671875 -0.085296630859375 0.280120849609375
0.173507690429688 -0.199981689453125 -0.072113037109375 0.28961181640625
0.202301025390625 -0.224716186523438 -0.097991943359375 0.308624267578125
0.24847412109375 -0.125534057617188 -0.211578369140625 0.234786987304688
0.288604736328125 0.0482177734375 -0.268234252929688 0.125473022460938
0.200927734375 0.198440551757813 -0.207489013671875 -0.041168212890625
-0.02978515625 0.336944580078125 -0.0733642578125 -0.1131591796875
-0.185546875 0.345611572265625 -0.0164566040039063 0.0598564147949219
-0.335113525390625 0.27532958984375 -0.175567626953125 0.128387451171875
-0.094757080078125 0.223342895507812 -0.559661865234375 0.357635498046875
-0.014984130859375 0.213851928710938 -0.230560302734375 0.375244140625
0.0814361572265625 0.138046264648438 -0.0117340087890625 0.144607543945313
0.1280517578125 0.0614852905273437 -0.104621887207031 0.0529937744140625
0.108543395996094 0.00284576416015625 -0.173797607421875 0.109634399414063
0.109100341796875 -0.06695556640625 -0.16571044921875 0.232742309570313
0.0917892456054688 -0.0796051025390625 -0.115631103515625 0.344085693359375
0.0959625244140625 -0.0735092163085938 -0.093658447265625 0.35235595703125
0.118728637695313 -0.0806045532226563 -0.13531494140625 0.358917236328125
0.125709533691406 -0.0201950073242188 -0.243499755859375 0.268142700195313
0.115081787109375 0.0628204345703125 -0.280899047851563 0.119781494140625
0.04620361328125 0.102630615234375 -0.20977783203125 -0.0408477783203125
-0.0467681884765625 0.125778198242188 -0.064849853515625 -0.080780029296875
-0.0841751098632812 0.12933349609375 -0.057464599609375 0.120002746582031
-0.151901245117188 0.131454467773437 -0.290771484375 0.19781494140625
-0.093841552734375 -0.00339508056640626 0.28009033203125 -0.29449462890625
-0.0335922241210937 0.0838165283203125 0.0685577392578125 -0.165054321289063
0.0492095947265625 0.0853042602539063 0.0233230590820313 0.0677261352539063
0.0768890380859375 0.0130462646484375 0.1981201171875 0.064178466796875
0.070953369140625 -0.0449676513671875 0.26519775390625 -0.07391357421875
0.014251708984375 -0.0814361572265625 0.227813720703125 -0.272689819335938
-0.0238876342773437 -0.0909423828125 0.124847412109375 -0.3974609375
-0.01715087890625 -0.0663871765136719 0.076690673828125 -0.37152099609375
-0.01666259765625 -0.0684776306152344 0.106536865234375 -0.3408203125
0.030303955078125 -0.0561027526855469 0.168060302734375 -0.256027221679688
0.0608253479003906 -0.0050811767578125 0.144515991210937 -0.138259887695313
0.0357437133789063 0.0558967590332031 0.0893020629882813 -0.0928955078125
-0.0446929931640625 0.0541114807128906 0.0580902099609375 -0.201019287109375
-0.0857391357421875 0.0117950439453125 0.221435546875 -0.41668701171875
-0.0454216003417969 -0.054229736328125 0.636474609375 -0.39288330078125
-0.27783203125 0.172866821289062 0.249267578125 -0.271926879882813
-0.12066650390625 0.267608642578125 0.0670166015625 -0.14324951171875
0.054412841796875 0.278366088867188 0.015960693359375 0.0622520446777344
0.200851440429687 0.1341552734375 0.171035766601562 0.059295654296875
0.22369384765625 -0.0224151611328125 0.228851318359375 -0.0446014404296875
0.151153564453125 -0.178665161132812 0.214202880859375 -0.233230590820313
0.0655517578125 -0.232452392578125 0.122344970703125 -0.34930419921875
0.0712127685546875 -0.200302124023438 0.069183349609375 -0.324981689453125
0.08294677734375 -0.223526000976563 0.1007080078125 -0.291015625
0.167282104492188 -0.164413452148438 0.1328125 -0.22332763671875
0.242355346679688 -0.015411376953125 0.0954208374023438 -0.111824035644531
0.189239501953125 0.153488159179688 0.0544815063476563 -0.103546142578125
-0.0252227783203125 0.2677001953125 0.03631591796875 -0.23101806640625
-0.173019409179687 0.243453979492188 0.219390869140625 -0.42279052734375
-0.234909057617188 0.130996704101563 0.61083984375 -0.40386962890625
-0.416290283203125 0.325836181640625 0.15496826171875 -0.204559326171875
-0.185882568359375 0.42633056640625 0.038543701171875 -0.0839004516601562
0.0682373046875 0.44354248046875 0.0147171020507813 0.0662307739257813
0.312591552734375 0.23712158203125 0.137107849121094 0.0483474731445313
0.354339599609375 -0.00225830078125 0.170318603515625 -0.0162353515625
0.268646240234375 -0.254867553710938 0.173629760742188 -0.168930053710938
0.145050048828125 -0.34307861328125 0.09991455078125 -0.254409790039062
0.147613525390625 -0.30364990234375 0.050018310546875 -0.228271484375
0.167449951171875 -0.34661865234375 0.07830810546875 -0.19384765625
0.279678344726563 -0.250076293945313 0.071990966796875 -0.152023315429688
0.39361572265625 -0.02789306640625 0.0201950073242188 -0.0676193237304688
0.326751708984375 0.229583740234375 -0.00267028808593748 -0.108589172363281
0.00671386718749995 0.4541015625 0.00289916992187502 -0.25103759765625
-0.234466552734375 0.452056884765625 0.19207763671875 -0.3897705078125
-0.389068603515625 0.30023193359375 0.51409912109375 -0.35858154296875
-0.4864501953125 0.439605712890625 0.0137710571289062 -0.102020263671875
-0.210174560546875 0.541534423828125 -0.00594472885131837 0.00584077835083011
0.099273681640625 0.5546875 0.0166168212890625 0.075927734375
0.402069091796875 0.2987060546875 0.0906448364257813 0.0359878540039063
0.443206787109375 0.007232666015625 0.0910873413085938 0.0153121948242188
0.346405029296875 -0.303009033203125 0.10797119140625 -0.0825729370117188
0.197998046875 -0.40380859375 0.0635910034179688 -0.123985290527344
0.19970703125 -0.3629150390625 0.0243148803710938 -0.0969772338867188
0.22528076171875 -0.416046142578125 0.0449981689453125 -0.0624008178710938
0.349090576171875 -0.300628662109375 -0.00273132324218747 -0.0500640869140625
0.4910888671875 -0.0364990234375 -0.0675125122070312 -0.00628662109375002
0.423187255859375 0.27264404296875 -0.0721588134765625 -0.0987701416015625
0.040771484375 0.57989501953125 -0.0346832275390625 -0.244888305664062
-0.2618408203125 0.596435546875 0.14801025390625 -0.305267333984375
-0.4869384765625 0.417877197265625 0.364013671875 -0.257232666015625
-0.48223876953125 0.490234375 -0.148941040039063 0.0269012451171875
-0.1953125 0.5867919921875 -0.0579833984375 0.116096496582031
0.13165283203125 0.58203125 0.0156021118164063 0.089385986328125
0.438720703125 0.308349609375 0.0307273864746094 0.0292701721191406
0.46942138671875 0.00799560546875 -0.00025177001953122 0.0518264770507813
0.370819091796875 -0.31182861328125 0.027456283569336 0.0197334289550781
0.222076416015625 -0.4072265625 0.0175094604492188 0.0258655548095703
0.22119140625 -0.36480712890625 -0.00574874877929686 0.0485458374023437
0.250244140625 -0.420074462890625 0.00482940673828127 0.0810470581054687
0.3660888671875 -0.296142578125 -0.08001708984375 0.066253662109375
0.5084228515625 -0.0296630859375 -0.15289306640625 0.0615997314453125
0.438201904296875 0.278472900390625 -0.138092041015625 -0.0739669799804688
0.0529174804687499 0.604736328125 -0.065032958984375 -0.20916748046875
-0.258056640625 0.6312255859375 0.0950775146484375 -0.179153442382812
-0.509246826171875 0.4591064453125 0.18243408203125 -0.119064331054687
-0.405609130859375 0.471954345703125 -0.310577392578125 0.16656494140625
-0.14935302734375 0.542694091796875 -0.112396240234375 0.229095458984375
0.14093017578125 0.5107421875 0.00955963134765626 0.10601806640625
0.400299072265625 0.2640380859375 -0.0325565338134765 0.0317783355712891
0.413177490234375 0.00457763671875 -0.0862579345703125 0.0884628295898437
0.332733154296875 -0.2716064453125 -0.0527801513671875 0.120620727539063
0.2086181640625 -0.348480224609375 -0.0300445556640625 0.17022705078125
0.2095947265625 -0.3138427734375 -0.0348968505859375 0.18646240234375
0.238372802734375 -0.359649658203125 -0.03936767578125 0.213668823242187
0.32940673828125 -0.24005126953125 -0.148681640625 0.17236328125
0.4356689453125 -0.00408935546875 -0.221176147460938 0.1163330078125
0.35986328125 0.250640869140625 -0.187362670898438 -0.0475311279296875
0.028350830078125 0.51806640625 -0.0803070068359375 -0.157913208007812
-0.229278564453125 0.5430908203125 0.03985595703125 -0.0439453125
-0.45672607421875 0.411529541015625 -0.00519752502441409 0.0244674682617188
-0.26910400390625 0.381072998046875 -0.45001220703125 0.29364013671875
-0.08355712890625 0.411163330078125 -0.166961669921875 0.325439453125
0.1221923828125 0.3502197265625 0.00116729736328127 0.12445068359375
0.288299560546875 0.172454833984375 -0.0820388793945313 0.0422210693359375
0.284698486328125 0.002227783203125 -0.1470947265625 0.113754272460938
0.239700317382813 -0.188491821289063 -0.1171875 0.200057983398437
0.161972045898438 -0.237274169921875 -0.070068359375 0.28656005859375
0.164505004882813 -0.214767456054687 -0.059844970703125 0.296142578125
0.191421508789062 -0.242767333984375 -0.08197021484375 0.31378173828125
0.243988037109375 -0.143768310546875 -0.20086669921875 0.247268676757813
0.29583740234375 0.029937744140625 -0.262771606445313 0.141525268554688
0.2159423828125 0.190093994140625 -0.211410522460938 -0.03240966796875
-0.01275634765625 0.343475341796875 -0.080657958984375 -0.110183715820312
-0.171142578125 0.359375 -0.011688232421875 0.0651168823242188
-0.332061767578125 0.297637939453125 -0.169174194335938 0.144180297851563
-0.0892486572265625 0.229415893554688 -0.547882080078125 0.389984130859375
-0.008026123046875 0.22076416015625 -0.211944580078125 0.3939208984375
0.0879745483398438 0.140213012695313 -0.00277709960937499 0.145553588867187
0.135574340820313 0.0552520751953125 -0.101425170898437 0.0578384399414063
0.113265991210938 -0.00324249267578125 -0.169036865234375 0.11907958984375
0.107131958007813 -0.0757598876953125 -0.15509033203125 0.241897583007813
0.0889816284179688 -0.0884780883789063 -0.097991943359375 0.353759765625
0.0933303833007813 -0.0830459594726563 -0.07745361328125 0.3604736328125
0.115577697753906 -0.0919189453125 -0.117156982421875 0.36865234375
0.125946044921875 -0.0302352905273438 -0.23150634765625 0.28173828125
0.121383666992188 0.0548553466796875 -0.275070190429688 0.13604736328125
0.0547103881835937 0.10150146484375 -0.213394165039063 -0.030426025390625
-0.04046630859375 0.130943298339844 -0.0705490112304688 -0.0780410766601563
-0.08050537109375 0.136642456054688 -0.050567626953125 0.129219055175781
-0.153244018554688 0.142333984375 -0.284271240234375 0.221038818359375
-0.0907440185546875 0.00144958496093752 0.263275146484375 -0.31427001953125
-0.0266876220703125 0.0790328979492188 0.0613861083984375 -0.174392700195313
0.0522689819335938 0.0778350830078125 0.0267333984375 0.06475830078125
0.0745010375976563 0.0101089477539063 0.1983642578125 0.0514373779296875
0.0661430358886719 -0.0465965270996094 0.256942749023438 -0.087646484375
0.0075531005859375 -0.0804595947265625 0.209823608398437 -0.28082275390625
-0.0315628051757812 -0.0860061645507813 0.099029541015625 -0.399688720703125
-0.0219993591308594 -0.0618705749511719 0.05474853515625 -0.373199462890625
-0.0221481323242187 -0.0637779235839844 0.086090087890625 -0.343994140625
0.024017333984375 -0.0556106567382813 0.1513671875 -0.262603759765625
0.0578880310058594 -0.0103225708007812 0.135040283203125 -0.14434814453125
0.0377845764160156 0.0514106750488281 0.0825653076171875 -0.0967330932617188
-0.0394935607910156 0.0550270080566406 0.046600341796875 -0.201675415039063
-0.0796127319335938 0.0170135498046875 0.19671630859375 -0.426910400390625
-0.0444831848144531 -0.0521965026855469 0.6068115234375 -0.42523193359375
-0.263626098632813 0.184722900390625 0.236480712890625 -0.29095458984375
-0.103561401367188 0.263473510742188 0.0614471435546875 -0.153045654296875
0.068328857421875 0.269577026367188 0.0200576782226563 0.0597343444824219
0.203598022460938 0.120819091796875 0.171859741210938 0.0482635498046875
0.21893310546875 -0.033905029296875 0.222869873046875 -0.0566864013671875
0.135879516601563 -0.184707641601563 0.198623657226563 -0.242919921875
0.0482330322265625 -0.232192993164063 0.099639892578125 -0.35394287109375
0.0566864013671875 -0.199813842773438 0.048980712890625 -0.325347900390625
0.0659637451171875 -0.225601196289063 0.0831298828125 -0.2958984375
0.152603149414063 -0.170822143554688 0.119125366210938 -0.2269287109375
0.236373901367188 -0.032928466796875 0.0890350341796875 -0.116119384765625
0.196136474609375 0.138687133789063 0.0472488403320313 -0.106025695800781
-0.00834655761718751 0.2672119140625 0.024658203125 -0.230316162109375
-0.153762817382813 0.25201416015625 0.19512939453125 -0.43505859375
-0.223434448242187 0.143692016601563 0.58026123046875 -0.43194580078125
-0.393218994140625 0.342681884765625 0.147064208984375 -0.219467163085938
-0.1600341796875 0.42523193359375 0.0382919311523437 -0.0934524536132812
0.0919189453125 0.434814453125 0.0197982788085938 0.0624313354492188
0.320648193359375 0.214019775390625 0.138191223144531 0.0385589599609375
0.349578857421875 -0.0220947265625 0.167678833007813 -0.0248260498046875
0.246475219726563 -0.26837158203125 0.16162109375 -0.179092407226563
0.118560791015625 -0.3485107421875 0.0827789306640625 -0.259902954101563
0.126251220703125 -0.3094482421875 0.034637451171875 -0.2288818359375
0.141693115234375 -0.353668212890625 0.0668792724609375 -0.199417114257813
0.258590698242187 -0.263290405273438 0.0630035400390625 -0.153289794921875
0.38623046875 -0.055267333984375 0.0183563232421875 -0.0679359436035156
0.33697509765625 0.20703125 -0.00985717773437499 -0.108177185058594
0.0328369140625 0.45135498046875 -0.0103302001953125 -0.247711181640625
-0.20330810546875 0.4620361328125 0.172332763671875 -0.397674560546875
-0.370361328125 0.31927490234375 0.4888916015625 -0.38043212890625
-0.4586181640625 0.45751953125 0.013397216796875 -0.108573913574219
-0.17742919921875 0.54278564453125 -0.000294625759124767 -0.00101757049560544
0.128875732421875 0.543853759765625 0.0223236083984375 0.0714111328125
0.41302490234375 0.27069091796875 0.0923080444335938 0.0285110473632813
0.438323974609375 -0.017822265625 0.0916366577148438 0.010528564453125
0.3199462890625 -0.3201904296875 0.102081298828125 -0.0916900634765625
0.16876220703125 -0.4140625 0.0538558959960938 -0.129493713378906
0.17498779296875 -0.369720458984375 0.01580810546875 -0.0972518920898438
0.194183349609375 -0.42730712890625 0.0417900085449219 -0.0692176818847657
0.325225830078125 -0.317230224609375 -0.00523376464843749 -0.0485801696777344
0.48211669921875 -0.069122314453125 -0.0642967224121093 -0.00235366821289063
0.43402099609375 0.244598388671875 -0.0776214599609375 -0.094207763671875
0.07330322265625 0.5753173828125 -0.0465087890625 -0.238601684570313
-0.2232666015625 0.6060791015625 0.133392333984375 -0.3109130859375
-0.4615478515625 0.44110107421875 0.34674072265625 -0.272613525390625
-0.4532470703125 0.5093994140625 -0.14117431640625 0.0286254882812501
-0.1600341796875 0.5904541015625 -0.0458297729492188 0.11279296875
0.16229248046875 0.5712890625 0.0228271484375 0.0853652954101563
0.451141357421875 0.277374267578125 0.0336399078369141 0.0252437591552735
0.465118408203125 -0.020294189453125 0.00422286987304691 0.0517654418945313
0.344390869140625 -0.331756591796875 0.0284309387207031 0.013275146484375
0.192108154296875 -0.41796875 0.0176601409912109 0.020843505859375
0.19708251953125 -0.375030517578125 -0.00568389892578124 0.0486679077148437
0.21881103515625 -0.4342041015625 0.00967407226562501 0.0755157470703125
0.342193603515625 -0.31549072265625 -0.0746688842773437 0.0702896118164062
0.4998779296875 -0.064208984375 -0.144760131835937 0.0699615478515625
0.450958251953125 0.249481201171875 -0.1412353515625 -0.0668792724609375
0.08526611328125 0.5972900390625 -0.07440185546875 -0.201553344726563
-0.21929931640625 0.641357421875 0.0880279541015625 -0.181854248046875
-0.483489990234375 0.48028564453125 0.174957275390625 -0.125778198242187
-0.38067626953125 0.487091064453125 -0.294647216796875 0.17718505859375
-0.118804931640625 0.5477294921875 -0.0946502685546875 0.229766845703125
0.168212890625 0.5028076171875 0.0178909301757813 0.102165222167969
0.412872314453125 0.235076904296875 -0.0285606384277344 0.0311374664306641
0.411376953125 -0.01904296875 -0.0791244506835937 0.0928955078125
0.311187744140625 -0.290435791015625 -0.0449295043945312 0.117790222167969
0.18511962890625 -0.36083984375 -0.020477294921875 0.166885375976562
0.1885986328125 -0.324859619140625 -0.026641845703125 0.186935424804687
0.211212158203125 -0.373809814453125 -0.026580810546875 0.209365844726562
0.30963134765625 -0.25811767578125 -0.136337280273438 0.179306030273437
0.430023193359375 -0.03302001953125 -0.209335327148438 0.127777099609375
0.370697021484375 0.226593017578125 -0.188339233398437 -0.0374298095703125
0.057952880859375 0.513671875 -0.087127685546875 -0.150604248046875
-0.19915771484375 0.550384521484375 0.0403900146484375 -0.044769287109375
-0.43511962890625 0.4339599609375 -0.0014762878417969 0.0273265838623047
-0.251007080078125 0.389495849609375 -0.426971435546875 0.313720703125
-0.061737060546875 0.414520263671875 -0.144256591796875 0.3306884765625
0.140655517578125 0.34588623046875 0.0103073120117188 0.121360778808594
0.297393798828125 0.152374267578125 -0.077117919921875 0.044952392578125
0.284637451171875 -0.015777587890625 -0.137962341308594 0.120552062988281
0.225341796875 -0.202102661132813 -0.1048583984375 0.200958251953125
0.1453857421875 -0.24737548828125 -0.0528564453125 0.285797119140625
0.149948120117188 -0.224838256835938 -0.04412841796875 0.297515869140625
0.171798706054688 -0.256240844726563 -0.062652587890625 0.312347412109375
0.232177734375 -0.159088134765625 -0.183135986328125 0.255722045898438
0.294677734375 0.009368896484375 -0.248764038085937 0.154571533203125
0.225616455078125 0.17535400390625 -0.210433959960938 -0.0201263427734375
0.00625610351562501 0.342376708984375 -0.0852737426757813 -0.10369873046875
-0.15057373046875 0.36627197265625 -0.00526046752929688 0.0674171447753907
-0.318572998046875 0.31463623046875 -0.157821655273438 0.155670166015625
-0.081512451171875 0.230178833007812 -0.5189208984375 0.41558837890625
0.00141906738281249 0.223434448242188 -0.186370849609375 0.40350341796875
0.0929794311523438 0.138916015625 0.00642395019531251 0.14300537109375
0.139045715332031 0.045745849609375 -0.0956878662109375 0.0617752075195313
0.114707946777344 -0.0108184814453125 -0.15972900390625 0.1279296875
0.102653503417969 -0.083038330078125 -0.139938354492187 0.245193481445313
0.0837326049804688 -0.095611572265625 -0.076385498046875 0.354766845703125
0.0878143310546875 -0.0906143188476562 -0.056121826171875 0.361114501953125
0.107696533203125 -0.101463317871094 -0.093170166015625 0.370147705078125
0.123085021972656 -0.040557861328125 -0.211029052734375 0.290313720703125
0.124664306640625 0.0449676513671875 -0.262542724609375 0.150177001953125
0.0620346069335938 0.0975189208984375 -0.21148681640625 -0.018157958984375
-0.0330352783203125 0.133171081542969 -0.0744781494140625 -0.0720977783203125
-0.0745697021484375 0.141357421875 -0.0413665771484375 0.134208679199219
-0.149505615234375 0.151885986328125 -0.267120361328125 0.239700317382813
-0.085113525390625 0.00445556640625001 0.246429443359375 -0.32257080078125
-0.0219650268554688 0.07177734375 0.054412841796875 -0.179153442382813
0.0517730712890625 0.0706329345703125 0.0288505554199219 0.0608634948730469
0.0709152221679688 0.00823974609375 0.194610595703125 0.0412750244140625
0.0613288879394531 -0.0468521118164063 0.245132446289063 -0.094635009765625
0.002227783203125 -0.0776901245117188 0.192245483398437 -0.280166625976562
-0.0355682373046875 -0.079437255859375 0.08001708984375 -0.393402099609375
-0.0244064331054687 -0.0563850402832031 0.038726806640625 -0.3653564453125
-0.0248374938964844 -0.0589027404785156 0.07110595703125 -0.338836669921875
0.0191497802734375 -0.0530776977539063 0.137115478515625 -0.260177612304688
0.0537872314453125 -0.0141868591308594 0.125701904296875 -0.145278930664062
0.0375556945800781 0.0465431213378906 0.0760116577148438 -0.0971450805664063
-0.0347976684570313 0.0542030334472656 0.037872314453125 -0.198257446289063
-0.0724945068359375 0.0186767578125 0.17364501953125 -0.425262451171875
-0.041656494140625 -0.0497550964355469 0.5723876953125 -0.434326171875
-0.248245239257813 0.188140869140625 0.222015380859375 -0.29876708984375
-0.0908050537109375 0.2537841796875 0.0566864013671875 -0.160140991210938
0.0749359130859375 0.258056640625 0.02239990234375 0.0556983947753906
0.201278686523438 0.110153198242188 0.168685913085938 0.0381927490234375
0.210601806640625 -0.0410919189453125 0.214157104492188 -0.0631866455078125
0.1217041015625 -0.184402465820313 0.183074951171875 -0.243972778320312
0.0348968505859375 -0.226333618164063 0.08154296875 -0.3499755859375
0.046539306640625 -0.19488525390625 0.034210205078125 -0.319671630859375
0.0520477294921875 -0.2208251953125 0.069976806640625 -0.29351806640625
0.1387939453125 -0.1715087890625 0.1072998046875 -0.224624633789063
0.22625732421875 -0.044219970703125 0.0826950073242188 -0.116065979003906
0.19537353515625 0.126129150390625 0.041046142578125 -0.105880737304687
0.00440979003906248 0.261627197265625 0.015380859375 -0.224609375
-0.135147094726563 0.251022338867188 0.173675537109375 -0.433013916015625
-0.211669921875 0.147720336914063 0.547637939453125 -0.440460205078125
-0.37213134765625 0.34552001953125 0.138076782226562 -0.227203369140625
-0.139373779296875 0.41339111328125 0.0377426147460937 -0.101112365722656
0.1046142578125 0.4188232421875 0.0221900939941406 0.0573654174804688
0.318634033203125 0.1943359375 0.136390686035156 0.02996826171875
0.33819580078125 -0.0345458984375 0.162368774414063 -0.030792236328125
0.225128173828125 -0.271148681640625 0.14996337890625 -0.183074951171875
0.09832763671875 -0.34307861328125 0.0684967041015625 -0.258575439453125
0.11077880859375 -0.30413818359375 0.0233306884765625 -0.224319458007813
0.11883544921875 -0.34954833984375 0.0572967529296875 -0.200393676757813
0.237945556640625 -0.266769409179688 0.0561065673828125 -0.15093994140625
0.3717041015625 -0.072235107421875 0.0164871215820313 -0.0665969848632813
0.336212158203125 0.186767578125 -0.0142059326171875 -0.104873657226562
0.050994873046875 0.44110107421875 -0.017547607421875 -0.240158081054688
-0.17669677734375 0.457733154296875 0.1551513671875 -0.39556884765625
-0.349578857421875 0.324188232421875 0.4620361328125 -0.38690185546875
-0.432403564453125 0.461029052734375 0.0131072998046875 -0.114067077636719
-0.15283203125 0.53125 0.00461769104003905 -0.0087795257568359
0.14691162109375 0.526763916015625 0.0257911682128906 0.0661888122558594
0.411224365234375 0.246734619140625 0.0912704467773438 0.022308349609375
0.426849365234375 -0.035369873046875 0.0909271240234375 0.0069580078125
0.295928955078125 -0.326141357421875 0.0955734252929688 -0.0967864990234375
0.143157958984375 -0.411041259765625 0.0463409423828125 -0.130928039550781
0.154510498046875 -0.366790771484375 0.0101699829101563 -0.0954132080078125
0.16766357421875 -0.4248046875 0.0374755859375 -0.0723495483398438
0.300048828125 -0.32171630859375 -0.00641250610351561 -0.0460548400878907
0.46429443359375 -0.0904541015625 -0.0609397888183593 0.000408172607421881
0.431610107421875 0.220184326171875 -0.0797195434570313 -0.0888595581054687
0.09521484375 0.559417724609375 -0.05206298828125 -0.22943115234375
-0.19366455078125 0.5992431640625 0.1209716796875 -0.30853271484375
-0.436309814453125 0.447723388671875 0.32745361328125 -0.275146484375
-0.427886962890625 0.5093994140625 -0.131721496582031 0.0270919799804688
-0.13671875 0.5791015625 -0.0354385375976562 0.104812622070313
0.180694580078125 0.554046630859375 0.0273056030273438 0.079254150390625
0.449005126953125 0.250762939453125 0.0340938568115235 0.0205440521240235
0.45330810546875 -0.038330078125 0.00768280029296878 0.050445556640625
0.319427490234375 -0.337432861328125 0.0275135040283203 0.00756263732910154
0.166351318359375 -0.41705322265625 0.0163040161132813 0.0163555145263672
0.17633056640625 -0.3731689453125 -0.00536346435546874 0.0483589172363281
0.190765380859375 -0.4334716796875 0.0114326477050781 0.0693550109863281
0.317474365234375 -0.32342529296875 -0.06927490234375 0.0716323852539063
0.482177734375 -0.08544921875 -0.135810852050781 0.073516845703125
0.447509765625 0.22674560546875 -0.140838623046875 -0.059112548828125
0.1072998046875 0.58148193359375 -0.0783233642578125 -0.193069458007812
-0.1905517578125 0.6324462890625 0.0826263427734375 -0.180267333984375
-0.457763671875 0.48736572265625 0.166580200195312 -0.125930786132812
-0.359161376953125 0.487030029296875 -0.276885986328125 0.178726196289063
-0.0972595214843751 0.53704833984375 -0.07916259765625 0.223190307617188
0.184661865234375 0.488800048828125 0.0227279663085938 0.09600830078125
0.41192626953125 0.211822509765625 -0.0254440307617187 0.0290927886962891
0.40142822265625 -0.036163330078125 -0.0709686279296875 0.0933074951171875
0.288543701171875 -0.297119140625 -0.0397720336914062 0.111862182617187
0.162078857421875 -0.362152099609375 -0.014373779296875 0.16064453125
0.17022705078125 -0.324615478515625 -0.0206146240234375 0.184036254882812
0.186370849609375 -0.37451171875 -0.01837158203125 0.20123291015625
0.2879638671875 -0.26568603515625 -0.124908447265625 0.178848266601563
0.4166259765625 -0.053375244140625 -0.196319580078125 0.131820678710938
0.3701171875 0.20709228515625 -0.18475341796875 -0.0296478271484375
0.0748291015625 0.500579833984375 -0.0887298583984375 -0.142745971679687
-0.17291259765625 0.544342041015625 0.0410385131835937 -0.0437278747558593
-0.413604736328125 0.44061279296875 0.000465393066406223 0.0293998718261719
-0.235809326171875 0.3878173828125 -0.4027099609375 0.3182373046875
-0.04766845703125 0.40863037109375 -0.124053955078125 0.326385498046875
0.150299072265625 0.338775634765625 0.0154953002929688 0.115570068359375
0.29705810546875 0.1358642578125 -0.0721282958984375 0.0455551147460938
0.279037475585938 -0.027984619140625 -0.127006530761719 0.122642517089844
0.209808349609375 -0.208175659179688 -0.0944061279296875 0.195770263671875
0.130569458007812 -0.250534057617187 -0.041290283203125 0.278274536132813
0.137100219726563 -0.22784423828125 -0.03289794921875 0.292022705078125
0.154449462890625 -0.25909423828125 -0.049560546875 0.303375244140625
0.217437744140625 -0.16644287109375 -0.16748046875 0.255035400390625
0.28729248046875 -0.005767822265625 -0.2333984375 0.16015625
0.227493286132813 0.161758422851563 -0.205062866210937 -0.012237548828125
0.018646240234375 0.334625244140625 -0.085845947265625 -0.0968399047851562
-0.1339111328125 0.362701416015625 1.14440917968679E-05 0.0679092407226563
-0.3026123046875 0.31951904296875 -0.147537231445313 0.160720825195312
-0.0770721435546875 0.225906372070313 -0.489227294921875 0.423431396484375
0.00776672363281248 0.221282958984375 -0.164703369140625 0.401458740234375
0.0957183837890625 0.137977600097656 0.0119705200195313 0.137222290039063
0.138069152832031 0.0388336181640625 -0.0893325805664062 0.0632171630859375
0.113754272460937 -0.0156478881835938 -0.149154663085938 0.129440307617187
0.0973434448242188 -0.0865707397460938 -0.128265380859375 0.242095947265625
0.0778656005859375 -0.0993576049804687 -0.059844970703125 0.34844970703125
0.0824356079101563 -0.0938644409179688 -0.041290283203125 0.355499267578125
0.0998382568359375 -0.10638427734375 -0.0751953125 0.361907958984375
0.117683410644531 -0.0470352172851563 -0.193115234375 0.289459228515625
0.124443054199219 0.0369186401367188 -0.24725341796875 0.15667724609375
0.06585693359375 0.092681884765625 -0.205902099609375 -0.00898742675781253
-0.0269317626953125 0.132057189941406 -0.07476806640625 -0.0657958984375
-0.0693206787109375 0.14129638671875 -0.0335922241210937 0.135650634765625
-0.143951416015625 0.155670166015625 -0.250457763671875 0.246795654296875
-0.0806427001953125 0.00463104248046874 0.236846923828125 -0.324432373046875
-0.0207901000976563 0.0647315979003906 0.05023193359375 -0.182510375976563
0.0491142272949219 0.0651741027832031 0.0295562744140625 0.0575637817382813
0.0686187744140625 0.00777435302734375 0.18951416015625 0.0356292724609375
0.0593032836914063 -0.0462570190429688 0.235687255859375 -0.096038818359375
-0.00119018554687501 -0.0746078491210937 0.182952880859375 -0.275222778320313
-0.0374069213867187 -0.0742111206054688 0.07086181640625 -0.38702392578125
-0.0249290466308594 -0.0516204833984375 0.03265380859375 -0.358428955078125
-0.0263290405273438 -0.05499267578125 0.06549072265625 -0.332489013671875
0.0157356262207031 -0.0497550964355469 0.131118774414063 -0.25543212890625
0.0496978759765625 -0.0153274536132813 0.1201171875 -0.14324951171875
0.0365333557128906 0.0428085327148438 0.0730133056640625 -0.0960693359375
-0.0311126708984375 0.0525321960449219 0.033721923828125 -0.1949462890625
-0.0660438537597656 0.0181121826171875 0.163330078125 -0.42071533203125
-0.0386505126953125 -0.0488014221191406 0.553192138671875 -0.43194580078125
-0.240036010742188 0.18572998046875 0.21417236328125 -0.301910400390625
-0.086090087890625 0.242568969726563 0.0543975830078125 -0.16534423828125
0.0748138427734375 0.249557495117188 0.0234375 0.0517578125
0.19647216796875 0.104736328125 0.164276123046875 0.03277587890625
0.204208374023437 -0.042388916015625 0.207366943359375 -0.064544677734375
0.11273193359375 -0.181259155273438 0.17462158203125 -0.241561889648438
0.027923583984375 -0.220657348632812 0.072662353515625 -0.343994140625
0.0425872802734375 -0.189544677734375 0.028656005859375 -0.312744140625
0.0452728271484375 -0.215164184570312 0.064788818359375 -0.289764404296875
0.130172729492187 -0.168365478515625 0.102310180664062 -0.22003173828125
0.217803955078125 -0.0492706298828125 0.0791091918945313 -0.113998413085938
0.192626953125 0.118453979492188 0.038604736328125 -0.103202819824219
0.0100860595703125 0.256515502929688 0.0129241943359375 -0.220352172851563
-0.124801635742188 0.247055053710937 0.164215087890625 -0.42767333984375
-0.203826904296875 0.146987915039062 0.52972412109375 -0.43572998046875
-0.359619140625 0.341461181640625 0.134628295898437 -0.231063842773438
-0.133758544921875 0.39996337890625 0.0373306274414062 -0.107925415039062
0.10772705078125 0.408660888671875 0.0230674743652344 0.0533866882324219
0.3126220703125 0.183746337890625 0.132675170898438 0.0251998901367188
0.329925537109375 -0.038665771484375 0.15887451171875 -0.0316619873046875
0.21185302734375 -0.26806640625 0.14300537109375 -0.183059692382813
0.08709716796875 -0.335968017578125 0.0613250732421875 -0.25640869140625
0.102569580078125 -0.29840087890625 0.0189056396484375 -0.218887329101563
0.106597900390625 -0.34375 0.053314208984375 -0.198684692382813
0.22430419921875 -0.263763427734375 0.05364990234375 -0.147140502929688
0.358978271484375 -0.07952880859375 0.0160484313964844 -0.0652427673339844
0.331329345703125 0.177276611328125 -0.0159835815429687 -0.102180480957031
0.058197021484375 0.4324951171875 -0.0195159912109375 -0.233657836914063
-0.162506103515625 0.450408935546875 0.14727783203125 -0.391632080078125
-0.340301513671875 0.32147216796875 0.446685791015625 -0.3826904296875
-0.42144775390625 0.453948974609375 0.0143814086914062 -0.119026184082031
-0.14599609375 0.515472412109375 0.00741386413574218 -0.0167617797851562
0.15069580078125 0.51531982421875 0.0271568298339844 0.0614166259765625
0.404327392578125 0.233154296875 0.08941650390625 0.0179443359375
0.4166259765625 -0.041595458984375 0.0907745361328125 0.00540924072265625
0.280670166015625 -0.32354736328125 0.09088134765625 -0.0991058349609375
0.13067626953125 -0.405120849609375 0.0415573120117188 -0.132087707519531
0.14544677734375 -0.36114501953125 0.0075531005859375 -0.092193603515625
0.15167236328125 -0.4197998046875 0.0354385375976563 -0.0745086669921875
0.284576416015625 -0.320465087890625 -0.00543212890624998 -0.0444412231445313
0.4503173828125 -0.098846435546875 -0.0577812194824218 0.0015869140625
0.42510986328125 0.209014892578125 -0.0790786743164063 -0.0851593017578125
0.101654052734375 0.548248291015625 -0.05206298828125 -0.22296142578125
-0.1776123046875 0.58917236328125 0.116912841796875 -0.303985595703125
-0.4251708984375 0.44378662109375 0.317138671875 -0.270660400390625
-0.417266845703125 0.502838134765625 -0.125495910644531 0.0222244262695313
-0.12872314453125 0.56640625 -0.0300369262695313 0.0961074829101563
0.185272216796875 0.542816162109375 0.0279998779296875 0.07379150390625
0.443084716796875 0.235382080078125 0.0346622467041016 0.0176506042480469
0.44378662109375 -0.044403076171875 0.010986328125 0.0490837097167969
0.303070068359375 -0.336761474609375 0.0265464782714844 0.0028266906738281
0.1527099609375 -0.4122314453125 0.0149078369140625 0.012826919555664
0.16693115234375 -0.36968994140625 -0.00522613525390624 0.0480728149414062
0.175537109375 -0.428253173828125 0.0114593505859375 0.0640487670898437
0.3018798828125 -0.320831298828125 -0.0654678344726563 0.0712127685546875
0.467132568359375 -0.09332275390625 -0.129470825195312 0.0735321044921875
0.440673828125 0.21405029296875 -0.138328552246094 -0.0553436279296875
0.11279296875 0.5701904296875 -0.0771026611328125 -0.186752319335937
-0.1761474609375 0.62054443359375 0.080902099609375 -0.177322387695312
-0.446929931640625 0.482696533203125 0.161529541015625 -0.122909545898437
-0.350372314453125 0.480072021484375 -0.265274047851563 0.173583984375
-0.0913391113281251 0.52593994140625 -0.0711517333984375 0.21563720703125
0.188690185546875 0.480621337890625 0.0241317749023438 0.0913314819335938
0.405670166015625 0.199554443359375 -0.0238285064697265 0.0277576446533203
0.3935546875 -0.042633056640625 -0.0653762817382812 0.0920944213867188
0.275360107421875 -0.296630859375 -0.0378952026367187 0.105613708496094
0.150238037109375 -0.359588623046875 -0.0126800537109375 0.154190063476562
0.16278076171875 -0.322845458984375 -0.017852783203125 0.180953979492187
0.17230224609375 -0.371124267578125 -0.0157470703125 0.193817138671875
0.2745361328125 -0.265853881835938 -0.118194580078125 0.175674438476562
0.40460205078125 -0.06072998046875 -0.187042236328125 0.1312255859375
0.364349365234375 0.197479248046875 -0.180831909179687 -0.0258636474609375
0.080078125 0.492034912109375 -0.0869140625 -0.137550354003906
-0.161773681640625 0.53411865234375 0.0423355102539062 -0.0432090759277343
-0.403533935546875 0.436553955078125 0.0014839172363281 0.0311756134033203
-0.232086181640625 0.3812255859375 -0.386383056640625 0.315216064453125
-0.04278564453125 0.4027099609375 -0.11376953125 0.3201904296875
0.153411865234375 0.334564208984375 0.0167160034179688 0.111045837402344
0.29315185546875 0.127655029296875 -0.06854248046875 0.0447006225585938
0.274002075195313 -0.0319061279296875 -0.119941711425781 0.121482849121094
0.201065063476563 -0.208328247070313 -0.089813232421875 0.189010620117188
0.121627807617188 -0.250198364257813 -0.0360565185546875 0.27093505859375
0.13067626953125 -0.2269287109375 -0.0277099609375 0.286376953125
0.143798828125 -0.258026123046875 -0.0445556640625 0.29461669921875
0.2078857421875 -0.16796875 -0.15850830078125 0.250518798828125
0.27978515625 -0.0119476318359375 -0.222457885742187 0.159011840820313
0.224853515625 0.155105590820312 -0.199859619140625 -0.00843811035156249
0.02313232421875 0.329315185546875 -0.0845947265625 -0.0923614501953125
-0.126739501953125 0.35711669921875 0.00402069091796874 0.0683631896972657
-0.2965087890625 0.31829833984375 -0.140350341796875 0.161407470703125
-0.0772552490234375 0.221282958984375 -0.470733642578125 0.419403076171875
0.00866699218749998 0.219192504882813 -0.15277099609375 0.396240234375
0.0963592529296875 0.138381958007813 0.0136871337890625 0.133163452148438
0.136337280273438 0.0364608764648438 -0.0863189697265625 0.0628738403320313
0.11273193359375 -0.017547607421875 -0.141815185546875 0.128219604492187
0.0946731567382813 -0.0870361328125 -0.121902465820312 0.236373901367188
0.0739593505859375 -0.101448059082031 -0.052825927734375 0.340667724609375
0.079925537109375 -0.0962448120117187 -0.0340576171875 0.3486328125
0.0949554443359375 -0.107696533203125 -0.06890869140625 0.3538818359375
0.113395690917969 -0.0502777099609375 -0.182830810546875 0.283416748046875
0.123489379882812 0.0324325561523438 -0.23541259765625 0.15643310546875
0.0675735473632813 0.0894699096679688 -0.199874877929687 -0.00537109374999997
-0.0251007080078125 0.131477355957031 -0.0739364624023437 -0.0622940063476563
-0.06707763671875 0.140594482421875 -0.0282363891601563 0.135139465332031
-0.142593383789063 0.1561279296875 -0.240325927734375 0.2474365234375
-0.0780105590820313 0.00434875488281249 0.237335205078125 -0.32916259765625
-0.0218963623046875 0.0601921081542969 0.048492431640625 -0.1900634765625
0.0460968017578125 0.0625457763671875 0.02947998046875 0.0560798645019531
0.0676727294921875 0.00781631469726563 0.188201904296875 0.0343017578125
0.058197021484375 -0.045806884765625 0.234115600585937 -0.0953521728515625
-0.00323486328125 -0.0732040405273437 0.181732177734375 -0.274154663085938
-0.038055419921875 -0.0714874267578125 0.068878173828125 -0.38555908203125
-0.0249557495117188 -0.0491752624511719 0.032379150390625 -0.35894775390625
-0.0271835327148437 -0.0523109436035156 0.0672607421875 -0.333709716796875
0.014251708984375 -0.0481986999511719 0.131072998046875 -0.253860473632813
0.046905517578125 -0.0165443420410156 0.1192626953125 -0.1422119140625
0.0348281860351563 0.0411720275878906 0.0721511840820313 -0.0957717895507813
-0.0290870666503906 0.0507659912109375 0.03314208984375 -0.196029663085938
-0.0626449584960938 0.0172996520996094 0.161102294921875 -0.423431396484375
-0.0358848571777344 -0.050079345703125 0.553619384765625 -0.428558349609375
-0.2392578125 0.184478759765625 0.214385986328125 -0.308319091796875
-0.0879974365234375 0.237136840820312 0.05401611328125 -0.17333984375
0.0725250244140625 0.248153686523438 0.0233306884765625 0.0494270324707031
0.194839477539062 0.103652954101562 0.162994384765625 0.0309906005859375
0.204132080078125 -0.04229736328125 0.206695556640625 -0.0635223388671875
0.108963012695313 -0.180419921875 0.173355102539063 -0.242233276367188
0.02471923828125 -0.218887329101562 0.070098876953125 -0.34515380859375
0.0428009033203125 -0.18798828125 0.028045654296875 -0.312530517578125
0.0416717529296875 -0.21368408203125 0.064788818359375 -0.29071044921875
0.127105712890625 -0.167388916015625 0.103546142578125 -0.218765258789063
0.214675903320313 -0.0511627197265625 0.0789260864257813 -0.113197326660156
0.192352294921875 0.116973876953125 0.038177490234375 -0.102882385253906
0.0125579833984375 0.256378173828125 0.0138397216796875 -0.22100830078125
-0.120834350585937 0.246612548828125 0.164581298828125 -0.429931640625
-0.20330810546875 0.146621704101563 0.5311279296875 -0.43243408203125
-0.362701416015625 0.339996337890625 0.13677978515625 -0.23785400390625
-0.13653564453125 0.392974853515625 0.0383148193359375 -0.116104125976562
0.10577392578125 0.408172607421875 0.0234146118164063 0.050628662109375
0.310760498046875 0.18328857421875 0.131614685058594 0.0232620239257813
0.329498291015625 -0.038909912109375 0.159515380859375 -0.0313720703125
0.20794677734375 -0.26812744140625 0.141647338867187 -0.185302734375
0.0830078125 -0.33587646484375 0.0587615966796875 -0.257720947265625
0.102630615234375 -0.29852294921875 0.018768310546875 -0.21881103515625
0.102691650390625 -0.342742919921875 0.0527496337890625 -0.200790405273438
0.221237182617187 -0.26385498046875 0.0552978515625 -0.146392822265625
0.35589599609375 -0.082000732421875 0.0166664123535156 -0.0639152526855469
0.330413818359375 0.1763916015625 -0.0154342651367187 -0.101547241210938
0.06060791015625 0.434326171875 -0.0174407958984375 -0.234130859375
-0.160247802734375 0.44964599609375 0.148529052734375 -0.3916015625
-0.341583251953125 0.321624755859375 0.44805908203125 -0.377716064453125
-0.425689697265625 0.4521484375 0.0167999267578125 -0.125717163085937
-0.149200439453125 0.51104736328125 0.00945091247558593 -0.0246791839599609
0.151580810546875 0.517059326171875 0.0267295837402344 0.0587348937988282
0.403564453125 0.230987548828125 0.08905029296875 0.0163421630859375
0.417266845703125 -0.0411376953125 0.09271240234375 0.00603485107421875
0.2755126953125 -0.324310302734375 0.0897598266601563 -0.103057861328125
0.12554931640625 -0.406524658203125 0.0397491455078125 -0.134773254394531
0.145477294921875 -0.362762451171875 0.00738525390625 -0.0914459228515625
0.1468505859375 -0.418121337890625 0.034515380859375 -0.0769729614257813
0.281524658203125 -0.320465087890625 -0.00426864624023436 -0.0439872741699219
0.447113037109375 -0.100799560546875 -0.0560646057128906 0.0017242431640625
0.425689697265625 0.20928955078125 -0.078582763671875 -0.0843734741210937
0.103790283203125 0.55218505859375 -0.050384521484375 -0.2227783203125
-0.17572021484375 0.58795166015625 0.11956787109375 -0.304595947265625
-0.427642822265625 0.44281005859375 0.3179931640625 -0.267303466796875
-0.42413330078125 0.501129150390625 -0.122703552246094 0.0155105590820313
-0.13262939453125 0.5634765625 -0.0271072387695312 0.0894851684570313
0.186859130859375 0.548828125 0.0283050537109375 0.0726089477539063
0.443267822265625 0.23529052734375 0.0344009399414063 0.0165424346923828
0.445587158203125 -0.0455322265625 0.0140495300292969 0.0493965148925781
0.299163818359375 -0.337860107421875 0.0256843566894531 -0.00198936462402346
0.1480712890625 -0.4144287109375 0.0136175155639649 0.00939750671386716
0.166229248046875 -0.3714599609375 -0.00553512573242186 0.0487327575683593
0.169952392578125 -0.428619384765625 0.0108604431152344 0.0618782043457031
0.298431396484375 -0.321319580078125 -0.0638809204101562 0.0706710815429687
0.46435546875 -0.096527099609375 -0.127037048339844 0.0735321044921875
0.4405517578125 0.216033935546875 -0.137290954589844 -0.0550003051757812
0.11474609375 0.5743408203125 -0.075408935546875 -0.186492919921875
-0.1756591796875 0.6185302734375 0.0842742919921875 -0.17767333984375
-0.45220947265625 0.48333740234375 0.162765502929687 -0.119674682617187
-0.35931396484375 0.478057861328125 -0.262603759765625 0.169052124023438
-0.094573974609375 0.527130126953125 -0.0673828125 0.210617065429688
0.191741943359375 0.486236572265625 0.0240859985351563 0.090087890625
0.407440185546875 0.19830322265625 -0.022409439086914 0.0271244049072266
0.39569091796875 -0.043060302734375 -0.0617523193359375 0.0916900634765625
0.272705078125 -0.298126220703125 -0.038177490234375 0.1011962890625
0.146270751953125 -0.3619384765625 -0.0131988525390625 0.1517333984375
0.161163330078125 -0.325531005859375 -0.017669677734375 0.181793212890625
0.1680908203125 -0.3724365234375 -0.017059326171875 0.191757202148437
0.271591186523438 -0.266204833984375 -0.11651611328125 0.174911499023437
0.403472900390625 -0.06292724609375 -0.184097290039062 0.130508422851562
0.36505126953125 0.198333740234375 -0.179824829101562 -0.0252227783203125
0.080352783203125 0.493865966796875 -0.0854721069335937 -0.137039184570312
-0.160980224609375 0.533172607421875 0.04559326171875 -0.0419921875
-0.40850830078125 0.4376220703125 0.00221443176269529 0.034353256225586
-0.24005126953125 0.38043212890625 -0.384063720703125 0.31097412109375
-0.045745849609375 0.405303955078125 -0.111114501953125 0.317474365234375
0.15582275390625 0.341094970703125 0.0167160034179688 0.110610961914063
0.2947998046875 0.1268310546875 -0.0674285888671875 0.044586181640625
0.27728271484375 -0.0331878662109375 -0.117408752441406 0.120620727539062
0.200149536132812 -0.210830688476562 -0.0902862548828125 0.185775756835938
0.11962890625 -0.253280639648438 -0.0354766845703125 0.269134521484375
0.13043212890625 -0.230606079101562 -0.0277099609375 0.287109375
0.140396118164063 -0.259872436523438 -0.04547119140625 0.29302978515625
0.20550537109375 -0.169387817382812 -0.15673828125 0.248214721679687
0.279891967773437 -0.0141448974609375 -0.219863891601563 0.15777587890625
0.225799560546875 0.1556396484375 -0.1982421875 -0.00804138183593752
0.02264404296875 0.3310546875 -0.0834121704101563 -0.091583251953125
-0.127655029296875 0.358245849609375 0.00686645507812499 0.0699691772460938
-0.302001953125 0.319183349609375 -0.139602661132813 0.164031982421875
-0.08367919921875 0.220550537109375 -0.468963623046875 0.41754150390625
0.00756835937500001 0.222671508789062 -0.14984130859375 0.396942138671875
0.0976409912109375 0.143447875976563 0.0124130249023438 0.133445739746094
0.137649536132813 0.037078857421875 -0.0847396850585937 0.0635223388671875
0.114410400390625 -0.0173721313476563 -0.139869689941406 0.127388000488281
0.0955123901367188 -0.0885162353515625 -0.121383666992188 0.233963012695313
0.0736160278320313 -0.103523254394531 -0.052154541015625 0.33990478515625
0.0801849365234375 -0.0985794067382813 -0.035369873046875 0.3497314453125
0.093505859375 -0.110137939453125 -0.06951904296875 0.3524169921875
0.112525939941406 -0.05224609375 -0.18115234375 0.281524658203125
0.124198913574219 0.0305328369140625 -0.23187255859375 0.155548095703125
0.0690994262695313 0.0900039672851563 -0.198257446289063 -0.0048675537109375
-0.0253067016601562 0.132720947265625 -0.0735244750976563 -0.0606002807617188
-0.068328857421875 0.142135620117188 -0.0263671875 0.137947082519531
-0.146392822265625 0.158065795898438 -0.239410400390625 0.250411987304688
-0.0771331787109375 0.004425048828125 0.239898681640625 -0.342926025390625
-0.0231132507324219 0.0571022033691406 0.0450286865234375 -0.200408935546875
0.0448570251464844 0.0622673034667969 0.0307273864746094 0.0552902221679688
0.068206787109375 0.00790786743164063 0.191604614257812 0.03094482421875
0.059295654296875 -0.0474433898925781 0.2376708984375 -0.0982208251953125
-0.00580596923828126 -0.0733718872070313 0.183685302734375 -0.280242919921875
-0.0407028198242188 -0.0704727172851563 0.065032958984375 -0.396484375
-0.0259628295898437 -0.0490074157714844 0.029052734375 -0.36810302734375
-0.0291023254394531 -0.0514602661132813 0.066650390625 -0.343597412109375
0.0127792358398437 -0.0473442077636719 0.133377075195313 -0.261123657226563
0.0460929870605469 -0.0181808471679688 0.12091064453125 -0.145233154296875
0.0349235534667969 0.040557861328125 0.0723724365234375 -0.09881591796875
-0.02740478515625 0.0509910583496094 0.031890869140625 -0.202178955078125
-0.0601654052734375 0.0171623229980469 0.1591796875 -0.436676025390625
-0.0357284545898438 -0.0516891479492188 0.56378173828125 -0.4422607421875
-0.242874145507812 0.190216064453125 0.218109130859375 -0.322235107421875
-0.0908355712890625 0.238616943359375 0.05206298828125 -0.185546875
0.0744476318359375 0.252273559570313 0.02392578125 0.0478630065917969
0.1988525390625 0.104232788085938 0.166305541992188 0.0277862548828125
0.20892333984375 -0.0445098876953125 0.210693359375 -0.0657958984375
0.10675048828125 -0.184982299804688 0.174713134765625 -0.24932861328125
0.0207061767578125 -0.222915649414063 0.0662841796875 -0.35577392578125
0.0414276123046875 -0.19293212890625 0.0255126953125 -0.32025146484375
0.0383758544921875 -0.217987060546875 0.064910888671875 -0.300933837890625
0.126495361328125 -0.170791625976563 0.105804443359375 -0.223861694335938
0.217010498046875 -0.05621337890625 0.0803146362304688 -0.115135192871094
0.197433471679688 0.11761474609375 0.0377655029296875 -0.106094360351562
0.018218994140625 0.263229370117188 0.011993408203125 -0.227783203125
-0.117218017578125 0.2530517578125 0.163970947265625 -0.44427490234375
-0.207244873046875 0.151351928710937 0.5400390625 -0.44580078125
-0.3702392578125 0.35040283203125 0.138687133789062 -0.250778198242188
-0.1405029296875 0.39971923828125 0.038543701171875 -0.127967834472656
0.112030029296875 0.416839599609375 0.0242347717285156 0.049346923828125
0.317657470703125 0.1839599609375 0.134712219238281 0.0206375122070313
0.33837890625 -0.04241943359375 0.164199829101563 -0.0328216552734375
0.20587158203125 -0.275283813476563 0.141342163085938 -0.192886352539063
0.077545166015625 -0.344879150390625 0.0553436279296875 -0.266921997070313
0.10150146484375 -0.307861328125 0.017059326171875 -0.224411010742188
0.09796142578125 -0.35198974609375 0.0529937744140625 -0.208694458007813
0.221237182617188 -0.271438598632813 0.0563201904296875 -0.149551391601563
0.3612060546875 -0.08929443359375 0.0175552368164063 -0.0652389526367188
0.34136962890625 0.17791748046875 -0.0163421630859375 -0.103370666503906
0.0692138671875 0.446319580078125 -0.0179595947265625 -0.240325927734375
-0.154937744140625 0.461395263671875 0.150146484375 -0.405487060546875
-0.349273681640625 0.332672119140625 0.45623779296875 -0.38861083984375
-0.436370849609375 0.465667724609375 0.0184249877929687 -0.135208129882812
-0.152496337890625 0.521453857421875 0.0108890533447266 -0.0341663360595703
0.16015625 0.52899169921875 0.0277366638183594 0.0583572387695313
0.41326904296875 0.23065185546875 0.0912017822265625 0.014404296875
0.42919921875 -0.047119140625 0.0979461669921875 0.005279541015625
0.2755126953125 -0.33587646484375 0.0890045166015625 -0.110069274902344
0.12091064453125 -0.418121337890625 0.0365142822265625 -0.140884399414063
0.14520263671875 -0.375396728515625 0.00669097900390625 -0.09332275390625
0.142120361328125 -0.430999755859375 0.03460693359375 -0.0816574096679688
0.280609130859375 -0.329559326171875 -0.00360870361328123 -0.0449867248535156
0.453948974609375 -0.109832763671875 -0.0559959411621093 0.00268173217773436
0.43841552734375 0.210968017578125 -0.0801315307617187 -0.0854415893554687
0.11419677734375 0.56597900390625 -0.0518341064453125 -0.227859497070312
-0.17218017578125 0.60308837890625 0.1217041015625 -0.314453125
-0.438995361328125 0.4578857421875 0.326263427734375 -0.274078369140625
-0.436767578125 0.516632080078125 -0.123970031738281 0.011688232421875
-0.135009765625 0.57659912109375 -0.0248489379882813 0.0847549438476563
0.1990966796875 0.562744140625 0.029296875 0.072998046875
0.456146240234375 0.23431396484375 0.0361557006835938 0.0156784057617188
0.45806884765625 -0.051422119140625 0.018524169921875 0.0497322082519531
0.2999267578125 -0.349395751953125 0.024251937866211 -0.00712776184082034
0.14398193359375 -0.428985595703125 0.0118465423583984 0.00681304931640622
0.165679931640625 -0.384979248046875 -0.00487899780273437 0.0508804321289062
0.16558837890625 -0.440948486328125 0.0112495422363281 0.0607948303222656
0.29852294921875 -0.3326416015625 -0.0631790161132813 0.0729751586914062
0.473541259765625 -0.1044921875 -0.127830505371094 0.0764007568359375
0.45404052734375 0.21771240234375 -0.140174865722656 -0.054779052734375
0.1229248046875 0.5897216796875 -0.0766448974609375 -0.189651489257812
-0.1722412109375 0.6357421875 0.0874786376953125 -0.182754516601563
-0.46441650390625 0.49981689453125 0.167617797851563 -0.120712280273437
-0.371826171875 0.493377685546875 -0.266281127929687 0.170700073242188
-0.0963134765625 0.540863037109375 -0.0644683837890625 0.211380004882813
0.204010009765625 0.502197265625 0.0254974365234375 0.09210205078125
0.419830322265625 0.198974609375 -0.0217838287353515 0.0278949737548828
0.40838623046875 -0.049407958984375 -0.0590744018554687 0.0932083129882813
0.274017333984375 -0.310272216796875 -0.0400466918945312 0.0986099243164062
0.14239501953125 -0.375335693359375 -0.013580322265625 0.15301513671875
0.161865234375 -0.338470458984375 -0.01568603515625 0.187057495117187
0.163970947265625 -0.384185791015625 -0.0164337158203125 0.1949462890625
0.27239990234375 -0.2767333984375 -0.117080688476563 0.1796875
0.41143798828125 -0.069854736328125 -0.185104370117188 0.135467529296875
0.376251220703125 0.200775146484375 -0.183212280273437 -0.0238037109375
0.0879211425781251 0.509307861328125 -0.0875091552734375 -0.138832092285156
-0.159515380859375 0.548095703125 0.0492668151855469 -0.0425567626953125
-0.420989990234375 0.4525146484375 0.0041236877441406 0.0379867553710938
-0.2501220703125 0.392852783203125 -0.3887939453125 0.318634033203125
-0.045135498046875 0.4169921875 -0.10791015625 0.324493408203125
0.1663818359375 0.35296630859375 0.0176467895507813 0.113525390625
0.3040771484375 0.126708984375 -0.0668678283691406 0.04693603515625
0.286956787109375 -0.037445068359375 -0.11541748046875 0.123497009277344
0.20263671875 -0.219924926757813 -0.09234619140625 0.186569213867188
0.117324829101563 -0.263427734375 -0.0348663330078125 0.273910522460938
0.130661010742188 -0.24072265625 -0.025115966796875 0.29571533203125
0.138626098632813 -0.26922607421875 -0.04425048828125 0.299713134765625
0.206329345703125 -0.17730712890625 -0.158187866210938 0.254486083984375
0.286285400390625 -0.0184326171875 -0.220809936523437 0.1634521484375
0.233688354492187 0.15826416015625 -0.20196533203125 -0.00613403320312495
0.025909423828125 0.342315673828125 -0.0850830078125 -0.0918197631835937
-0.1275634765625 0.368682861328125 0.010833740234375 0.07318115234375
-0.311004638671875 0.331634521484375 -0.140960693359375 0.17218017578125
-0.089691162109375 0.227569580078125 -0.47637939453125 0.43096923828125
0.00900268554687501 0.2305908203125 -0.148101806640625 0.40826416015625
0.103652954101563 0.1502685546875 0.01409912109375 0.137977600097656
0.142990112304688 0.037200927734375 -0.0845565795898438 0.0663223266601562
0.120445251464844 -0.019744873046875 -0.140281677246094 0.129966735839844
0.0982894897460938 -0.0934371948242187 -0.1226806640625 0.237030029296875
0.0742034912109375 -0.10931396484375 -0.049407958984375 0.34698486328125
0.0802841186523438 -0.105293273925781 -0.03155517578125 0.358428955078125
0.09332275390625 -0.116104125976563 -0.06878662109375 0.360504150390625
0.113655090332031 -0.056365966796875 -0.18267822265625 0.288482666015625
0.129302978515625 0.028717041015625 -0.233352661132813 0.159500122070313
0.0727310180664063 0.0921096801757813 -0.202194213867188 -0.00245666503906248
-0.0250396728515625 0.138328552246094 -0.0749740600585937 -0.060028076171875
-0.0698699951171875 0.148651123046875 -0.022613525390625 0.1444091796875
-0.15142822265625 0.165695190429688 -0.242889404296875 0.26165771484375
-0.0765304565429688 0.00643920898437499 0.236053466796875 -0.365447998046875
-0.0234031677246094 0.0566673278808594 0.0364227294921875 -0.213348388671875
0.0460739135742187 0.0614700317382812 0.0332145690917969 0.0538673400878906
0.0696067810058594 0.00615692138671875 0.197052001953125 0.023712158203125
0.059051513671875 -0.0517616271972656 0.24176025390625 -0.108718872070312
-0.0101165771484375 -0.0736618041992188 0.18023681640625 -0.294097900390625
-0.0455398559570312 -0.0687332153320313 0.052520751953125 -0.4100341796875
-0.0277671813964844 -0.0478363037109375 0.016845703125 -0.38250732421875
-0.0322952270507812 -0.0505256652832031 0.05853271484375 -0.359954833984375
0.0111007690429687 -0.0475616455078125 0.130401611328125 -0.272537231445313
0.0446662902832031 -0.0208969116210938 0.119522094726563 -0.153213500976563
0.0364570617675781 0.0398292541503906 0.070892333984375 -0.104690551757812
-0.0248146057128906 0.0516395568847656 0.0248565673828125 -0.2109375
-0.0583076477050781 0.0185203552246094 0.14556884765625 -0.45892333984375
-0.0366172790527344 -0.0531959533691406 0.568115234375 -0.47625732421875
-0.243820190429688 0.204788208007812 0.214599609375 -0.345672607421875
-0.089447021484375 0.24591064453125 0.044891357421875 -0.199935913085937
0.0842437744140625 0.25762939453125 0.0262832641601563 0.0467300415039063
0.207260131835938 0.100753784179688 0.17156982421875 0.0211639404296875
0.214569091796875 -0.054107666015625 0.216400146484375 -0.074462890625
0.101318359375 -0.193405151367188 0.170608520507813 -0.26324462890625
0.011749267578125 -0.229400634765625 0.05389404296875 -0.37005615234375
0.035797119140625 -0.199859619140625 0.015167236328125 -0.332672119140625
0.0294342041015625 -0.225448608398438 0.05767822265625 -0.31561279296875
0.123031616210937 -0.180282592773438 0.103042602539063 -0.235504150390625
0.219268798828125 -0.066619873046875 0.079345703125 -0.12066650390625
0.208572387695313 0.114486694335938 0.0356521606445313 -0.110649108886719
0.03131103515625 0.271438598632813 0.00473022460937501 -0.237457275390625
-0.10870361328125 0.26409912109375 0.1522216796875 -0.467620849609375
-0.209579467773438 0.16375732421875 0.54547119140625 -0.4779052734375
-0.37353515625 0.374969482421875 0.136306762695312 -0.269058227539062
-0.1348876953125 0.414459228515625 0.03375244140625 -0.142074584960938
0.127960205078125 0.428131103515625 0.0265274047851563 0.0486793518066407
0.333343505859375 0.178466796875 0.139350891113281 0.0155563354492188
0.3497314453125 -0.056427001953125 0.170974731445313 -0.0394744873046875
0.199981689453125 -0.29156494140625 0.138031005859375 -0.205886840820313
0.0648193359375 -0.35858154296875 0.04498291015625 -0.279876708984375
0.09320068359375 -0.321990966796875 0.00988769531250002 -0.232025146484375
0.084716796875 -0.365814208984375 0.0482330322265625 -0.220687866210938
0.21673583984375 -0.287506103515625 0.0545501708984375 -0.157058715820313
0.367919921875 -0.1068115234375 0.0167922973632813 -0.0670013427734375
0.359283447265625 0.171905517578125 -0.0194625854492187 -0.106582641601562
0.090667724609375 0.461456298828125 -0.0262603759765625 -0.248443603515625
-0.14080810546875 0.480743408203125 0.141754150390625 -0.425384521484375
-0.352935791015625 0.357452392578125 0.46209716796875 -0.41455078125
-0.44091796875 0.4991455078125 0.01568603515625 -0.145416259765625
-0.145904541015625 0.542083740234375 0.00968170166015624 -0.0438575744628906
0.184722900390625 0.545196533203125 0.0307083129882813 0.0580482482910157
0.434844970703125 0.224212646484375 0.0957412719726563 0.01068115234375
0.44384765625 -0.06353759765625 0.104835510253906 0.001190185546875
0.26849365234375 -0.357574462890625 0.0861434936523438 -0.120124816894531
0.105804443359375 -0.43719482421875 0.0294036865234375 -0.149002075195313
0.135498046875 -0.39471435546875 0.00417327880859376 -0.0966033935546875
0.1265869140625 -0.45062255859375 0.032958984375 -0.0879592895507813
0.2762451171875 -0.350677490234375 -0.00331878662109373 -0.0459327697753906
0.4630126953125 -0.13165283203125 -0.0568580627441406 0.00548171997070312
0.4613037109375 0.20440673828125 -0.084381103515625 -0.08544921875
0.13970947265625 0.58502197265625 -0.05902099609375 -0.23492431640625
-0.15521240234375 0.62884521484375 0.116790771484375 -0.330718994140625
-0.443939208984375 0.488494873046875 0.32904052734375 -0.291656494140625
-0.44256591796875 0.5513916015625 -0.1258544921875 0.0106430053710938
-0.12554931640625 0.60162353515625 -0.0217742919921875 0.0809402465820313
0.22747802734375 0.57855224609375 0.03289794921875 0.0739288330078125
0.47882080078125 0.225738525390625 0.0394821166992188 0.0144996643066406
0.47528076171875 -0.070526123046875 0.0244712829589844 0.0492706298828125
0.294342041015625 -0.374053955078125 0.021697998046875 -0.0128669738769531
0.12890625 -0.4495849609375 0.00973510742187501 0.004094123840332
0.156890869140625 -0.407196044921875 -0.00300979614257811 0.0535011291503906
0.151641845703125 -0.4627685546875 0.0126991271972656 0.06048583984375
0.294342041015625 -0.353790283203125 -0.0625 0.0772857666015625
0.4853515625 -0.126556396484375 -0.127494812011719 0.0837249755859375
0.4796142578125 0.211669921875 -0.145309448242187 -0.0511932373046875
0.14886474609375 0.60845947265625 -0.083251953125 -0.19427490234375
-0.15411376953125 0.66162109375 0.0874481201171875 -0.193145751953125
-0.46893310546875 0.5323486328125 0.1707763671875 -0.127151489257812
-0.375946044921875 0.526031494140625 -0.267990112304687 0.180999755859375
-0.08502197265625 0.56414794921875 -0.05792236328125 0.215072631835938
0.232177734375 0.516082763671875 0.029998779296875 0.095489501953125
0.441802978515625 0.190460205078125 -0.0198097229003906 0.0297279357910156
0.4244384765625 -0.066741943359375 -0.0538177490234375 0.096710205078125
0.271636962890625 -0.332183837890625 -0.0414047241210937 0.0985031127929687
0.1307373046875 -0.39599609375 -0.0102386474609375 0.155853271484375
0.15374755859375 -0.358856201171875 -0.00921630859374997 0.194778442382812
0.152069091796875 -0.403900146484375 -0.0115203857421875 0.200210571289062
0.26898193359375 -0.295623779296875 -0.113983154296875 0.188858032226562
0.42156982421875 -0.088470458984375 -0.184844970703125 0.145156860351562
0.397735595703125 0.19573974609375 -0.188552856445312 -0.0179901123046875
0.10894775390625 0.525848388671875 -0.0927276611328125 -0.140541076660156
-0.14630126953125 0.57110595703125 0.0538597106933594 -0.0459403991699218
-0.42578125 0.483367919921875 0.00656127929687497 0.0417823791503907
-0.2528076171875 0.416259765625 -0.39056396484375 0.33935546875
-0.03546142578125 0.43585205078125 -0.09783935546875 0.336456298828125
0.186798095703125 0.363922119140625 0.0227203369140625 0.118850708007813
0.320281982421875 0.1204833984375 -0.0653800964355469 0.051483154296875
0.29840087890625 -0.049407958984375 -0.111785888671875 0.1292724609375
0.200393676757813 -0.236801147460938 -0.091400146484375 0.191299438476562
0.10968017578125 -0.279571533203125 -0.02764892578125 0.281829833984375
0.125335693359375 -0.256622314453125 -0.015655517578125 0.30712890625
0.130584716796875 -0.284912109375 -0.036468505859375 0.310699462890625
0.205215454101562 -0.191543579101563 -0.15411376953125 0.267333984375
0.294952392578125 -0.0311279296875 -0.22064208984375 0.175201416015625
0.2490234375 0.156829833984375 -0.207931518554687 0.00100708007812502
0.03887939453125 0.355926513671875 -0.0891342163085938 -0.0907592773437499
-0.119049072265625 0.385955810546875 0.0178451538085937 0.0759506225585938
-0.314666748046875 0.354736328125 -0.138641357421875 0.185653686523438
-0.091949462890625 0.2403564453125 -0.476318359375 0.45782470703125
0.0164031982421875 0.241256713867188 -0.1368408203125 0.4267578125
0.114791870117188 0.156265258789063 0.0200653076171875 0.144927978515625
0.150192260742188 0.0341796875 -0.0828781127929687 0.0724334716796875
0.126205444335938 -0.024871826171875 -0.138534545898437 0.136734008789063
0.0986251831054688 -0.101898193359375 -0.1207275390625 0.246231079101562
0.071533203125 -0.118537902832031 -0.039093017578125 0.360015869140625
0.0787124633789063 -0.11395263671875 -0.019805908203125 0.37310791015625
0.091094970703125 -0.124908447265625 -0.05877685546875 0.375274658203125
0.113983154296875 -0.0638809204101563 -0.178955078125 0.3040771484375
0.135566711425781 0.0235595703125 -0.233352661132813 0.1722412109375
0.0806884765625 0.09320068359375 -0.208221435546875 0.00474548339843755
-0.0215301513671875 0.146026611328125 -0.07843017578125 -0.0575714111328125
-0.067657470703125 0.1580810546875 -0.014556884765625 0.151824951171875
-0.154373168945312 0.1785888671875 -0.240875244140625 0.282470703125
-0.0747909545898437 0.009521484375 0.21917724609375 -0.3900146484375
-0.0224037170410156 0.0560455322265625 0.020355224609375 -0.223480224609375
0.0485954284667969 0.0591926574707031 0.0365219116210937 0.051361083984375
0.0699882507324219 0.00254058837890625 0.200363159179688 0.0106353759765625
0.0561370849609375 -0.0567245483398438 0.240097045898438 -0.124725341796875
-0.0156478881835938 -0.07293701171875 0.167327880859375 -0.30914306640625
-0.0500984191894531 -0.0644111633300781 0.026580810546875 -0.42138671875
-0.0311050415039063 -0.045440673828125 -0.00506591796874998 -0.39208984375
-0.0367622375488281 -0.0472183227539063 0.038360595703125 -0.373382568359375
0.00834274291992188 -0.0481300354003906 0.11871337890625 -0.286376953125
0.0415382385253906 -0.0237503051757812 0.113037109375 -0.162246704101563
0.0382575988769531 0.0379600524902344 0.0659103393554688 -0.111320495605469
-0.0204811096191406 0.0517997741699219 0.0102996826171875 -0.217559814453125
-0.0545501708984375 0.0205574035644531 0.117156982421875 -0.47747802734375
-0.0388031005859375 -0.0528831481933594 0.55072021484375 -0.5185546875
-0.236053466796875 0.223281860351562 0.199432373046875 -0.369293212890625
-0.0800323486328125 0.253280639648438 0.0305328369140625 -0.212631225585937
0.099761962890625 0.258392333984375 0.0285720825195313 0.0443458557128906
0.216232299804688 0.0904541015625 0.174484252929688 0.00984191894531251
0.215927124023438 -0.069183349609375 0.217575073242188 -0.08905029296875
0.0895233154296875 -0.20184326171875 0.157333374023438 -0.279632568359375
-0.00396728515625003 -0.232376098632813 0.030364990234375 -0.38092041015625
0.0237579345703125 -0.205596923828125 -0.00479125976562502 -0.34100341796875
0.0138092041015625 -0.229766845703125 0.040130615234375 -0.329010009765625
0.113143920898438 -0.190521240234375 0.092803955078125 -0.246307373046875
0.216934204101562 -0.0820465087890625 0.0747909545898438 -0.126693725585938
0.21942138671875 0.104156494140625 0.0308380126953125 -0.115463256835938
0.0511474609375 0.273712158203125 -0.00965881347656247 -0.243377685546875
-0.0909423828125 0.273651123046875 0.124969482421875 -0.487213134765625
-0.204696655273437 0.180343627929688 0.528778076171875 -0.51922607421875
-0.359893798828125 0.406646728515625 0.12481689453125 -0.28741455078125
-0.11798095703125 0.429290771484375 0.023040771484375 -0.153701782226563
0.157012939453125 0.430419921875 0.0292701721191406 0.0468254089355469
0.34893798828125 0.16253662109375 0.142898559570313 0.00538635253906251
0.354156494140625 -0.0809326171875 0.17388916015625 -0.05145263671875
0.182861328125 -0.309173583984375 0.125473022460938 -0.220230102539063
0.040252685546875 -0.368682861328125 0.026214599609375 -0.28851318359375
0.07452392578125 -0.335357666015625 -0.00320434570312502 -0.238113403320313
0.0606689453125 -0.378326416015625 0.0355377197265625 -0.230865478515625
0.200592041015625 -0.305999755859375 0.0481414794921875 -0.16278076171875
0.36639404296875 -0.1324462890625 0.0143318176269531 -0.0683479309082031
0.378448486328125 0.153961181640625 -0.0252304077148437 -0.107856750488281
0.12420654296875 0.465667724609375 -0.04058837890625 -0.253875732421875
-0.110504150390625 0.497406005859375 0.1177978515625 -0.44439697265625
-0.341400146484375 0.388031005859375 0.44781494140625 -0.44903564453125
-0.424560546875 0.537445068359375 0.00892639160156248 -0.154937744140625
-0.120880126953125 0.56134033203125 0.00580978393554687 -0.0536575317382812
0.223052978515625 0.548736572265625 0.0351104736328125 0.0568962097167969
0.456298828125 0.201263427734375 0.0992813110351563 0.00355529785156251
0.450592041015625 -0.095001220703125 0.109832763671875 -0.00618743896484376
0.24847412109375 -0.379669189453125 0.0758590698242188 -0.130729675292969
0.076507568359375 -0.452484130859375 0.017547607421875 -0.154403686523438
0.111968994140625 -0.412353515625 -0.0011444091796875 -0.0987091064453125
0.097686767578125 -0.466461181640625 0.0275955200195313 -0.09466552734375
0.257781982421875 -0.37457275390625 -0.00497055053710936 -0.047119140625
0.463165283203125 -0.164825439453125 -0.0555038452148437 0.00986862182617187
0.486358642578125 0.18170166015625 -0.0899429321289062 -0.0821456909179687
0.18157958984375 0.5908203125 -0.0727386474609375 -0.236785888671875
-0.1181640625 0.64727783203125 0.100616455078125 -0.346405029296875
-0.427734375 0.52880859375 0.320831298828125 -0.31402587890625
-0.42291259765625 0.5941162109375 -0.126564025878906 0.0135726928710938
-0.09759521484375 0.6229248046875 -0.0180206298828125 0.0765228271484375
0.27008056640625 0.58062744140625 0.03875732421875 0.07427978515625
0.502349853515625 0.201629638671875 0.0430831909179688 0.0115165710449219
0.48455810546875 -0.103057861328125 0.0315780639648438 0.0466346740722656
0.2738037109375 -0.399017333984375 0.0162887573242188 -0.0178718566894531
0.098297119140625 -0.46795654296875 0.00652313232421876 0.00237131118774411
0.133697509765625 -0.427154541015625 0.000785827636718764 0.055206298828125
0.121368408203125 -0.480743408203125 0.0159721374511719 0.0592079162597656
0.274749755859375 -0.3780517578125 -0.0577545166015625 0.0824203491210937
0.4849853515625 -0.160552978515625 -0.123016357421875 0.0933303833007812
0.502899169921875 0.188018798828125 -0.149795532226563 -0.0441741943359375
0.1923828125 0.61572265625 -0.09454345703125 -0.193923950195312
-0.1160888671875 0.68212890625 0.08050537109375 -0.203964233398437
-0.4537353515625 0.5750732421875 0.168441772460937 -0.137496948242187
-0.35821533203125 0.56298828125 -0.261947631835938 0.196090698242188
-0.05718994140625 0.58453369140625 -0.0460968017578125 0.217483520507813
0.27117919921875 0.517913818359375 0.0370635986328125 0.0967636108398438
0.463287353515625 0.167205810546875 -0.0155982971191406 0.0313186645507813
0.433441162109375 -0.095611572265625 -0.045745849609375 0.0993804931640625
0.252532958984375 -0.3568115234375 -0.0415725708007813 0.0995254516601562
0.10357666015625 -0.413360595703125 -0.0046539306640625 0.158172607421875
0.133331298828125 -0.378326416015625 0.00238037109375002 0.200241088867188
0.12579345703125 -0.42218017578125 -0.000732421874999982 0.20477294921875
0.25299072265625 -0.31787109375 -0.105178833007813 0.199310302734375
0.42340087890625 -0.117919921875 -0.177841186523438 0.159591674804687
0.419952392578125 0.17852783203125 -0.192047119140625 -0.00727844238281246
0.144500732421875 0.533050537109375 -0.101005554199219 -0.138320922851563
-0.11346435546875 0.58953857421875 0.055908203125 -0.0515937805175781
-0.41143798828125 0.52166748046875 0.0109825134277343 0.0450439453125
-0.240509033203125 0.44476318359375 -0.3780517578125 0.36566162109375
-0.01214599609375 0.450408935546875 -0.07867431640625 0.346343994140625
0.217315673828125 0.365753173828125 0.0322647094726563 0.122512817382813
0.336456298828125 0.10430908203125 -0.06048583984375 0.0565605163574219
0.305816650390625 -0.070831298828125 -0.104164123535156 0.136322021484375
0.1890869140625 -0.255645751953125 -0.0867462158203125 0.19696044921875
0.0911865234375 -0.294189453125 -0.012451171875 0.28839111328125
0.110885620117188 -0.271865844726563 0.00347900390625 0.3145751953125
0.11328125 -0.299468994140625 -0.01922607421875 0.31976318359375
0.195419311523438 -0.207672119140625 -0.141632080078125 0.281219482421875
0.299102783203125 -0.0521240234375 -0.212921142578125 0.191024780273438
0.26611328125 0.145477294921875 -0.210922241210937 0.0140075683593751
0.06121826171875 0.36334228515625 -0.09417724609375 -0.0872879028320312
-0.09796142578125 0.400909423828125 0.0268630981445313 0.0760040283203125
-0.30487060546875 0.383819580078125 -0.129486083984375 0.199951171875
-0.08477783203125 0.253662109375 -0.459320068359375 0.49395751953125
0.030303955078125 0.24853515625 -0.11199951171875 0.44329833984375
0.128936767578125 0.156448364257813 0.0305938720703125 0.1490478515625
0.15667724609375 0.02691650390625 -0.0772857666015625 0.080291748046875
0.129524230957031 -0.03369140625 -0.13214111328125 0.145645141601562
0.0950851440429688 -0.11181640625 -0.112289428710938 0.255645751953125
0.064178466796875 -0.12786865234375 -0.01983642578125 0.36883544921875
0.0724411010742188 -0.122886657714844 0.00347900390624996 0.3817138671875
0.0836868286132813 -0.134170532226563 -0.03656005859375 0.387725830078125
0.110977172851563 -0.0728607177734375 -0.1636962890625 0.320404052734375
0.141250610351563 0.0137481689453125 -0.225860595703125 0.188385009765625
0.0898818969726563 0.0903854370117188 -0.2110595703125 0.0176849365234375
-0.013031005859375 0.153106689453125 -0.081451416015625 -0.0528030395507813
-0.059112548828125 0.166839599609375 -0.00148010253906251 0.156463623046875
-0.149688720703125 0.1939697265625 -0.228546142578125 0.305633544921875
-0.0700569152832031 0.0123176574707031 0.193115234375 -0.403594970703125
-0.0210494995117188 0.0547904968261719 0.00196838378906248 -0.224212646484375
0.0497665405273438 0.0553817749023437 0.0380134582519531 0.0476112365722656
0.0682182312011719 -0.00151443481445313 0.196990966796875 -0.0034027099609375
0.0510139465332031 -0.0604400634765625 0.229537963867188 -0.13824462890625
-0.0214805603027344 -0.0691413879394531 0.14630126953125 -0.31646728515625
-0.0536727905273437 -0.0576171875 -0.00228881835937501 -0.419342041015625
-0.0334625244140625 -0.0413742065429688 -0.029998779296875 -0.388519287109375
-0.0400886535644531 -0.0425453186035156 0.014251708984375 -0.374786376953125
0.00514984130859375 -0.0471305847167969 0.100677490234375 -0.291351318359375
0.0375442504882813 -0.0256462097167969 0.102676391601563 -0.166976928710937
0.0394325256347656 0.0347900390625 0.0579147338867188 -0.114181518554688
-0.0158920288085938 0.0498619079589844 -0.00592041015625002 -0.216232299804687
-0.0495986938476562 0.0216407775878906 0.0811767578125 -0.47955322265625
-0.040924072265625 -0.0506629943847656 0.514312744140625 -0.548583984375
-0.217376708984375 0.235626220703125 0.17449951171875 -0.381591796875
-0.065826416015625 0.253158569335938 0.011932373046875 -0.21636962890625
0.114425659179687 0.249664306640625 0.03009033203125 0.0413360595703125
0.217758178710938 0.0756683349609375 0.171630859375 -0.0033111572265625
0.208526611328125 -0.0843658447265625 0.210525512695313 -0.10302734375
0.0728912353515625 -0.203842163085938 0.136749267578125 -0.286346435546875
-0.021392822265625 -0.227569580078125 0.00326538085937503 -0.378814697265625
0.010284423828125 -0.2039794921875 -0.02569580078125 -0.33770751953125
-0.00279235839843749 -0.226791381835938 0.019256591796875 -0.3311767578125
0.0984954833984375 -0.194931030273437 0.0778350830078125 -0.249679565429688
0.207366943359375 -0.09539794921875 0.06689453125 -0.129302978515625
0.2239990234375 0.0890655517578125 0.02288818359375 -0.116752624511719
0.0711517333984375 0.26654052734375 -0.0260009765625 -0.2412109375
-0.06939697265625 0.2734375 0.08978271484375 -0.490692138671875
-0.191299438476562 0.192718505859375 0.493072509765625 -0.547149658203125
-0.331268310546875 0.426055908203125 0.10638427734375 -0.297027587890625
-0.093353271484375 0.43212890625 0.00938415527343751 -0.159759521484375
0.1839599609375 0.41741943359375 0.0308952331542969 0.0437431335449219
0.353485107421875 0.13800048828125 0.141098022460938 -0.00529479980468749
0.34637451171875 -0.1046142578125 0.171051025390625 -0.063751220703125
0.157135009765625 -0.316619873046875 0.107192993164062 -0.226348876953125
0.01214599609375 -0.366485595703125 0.00439453124999998 -0.287750244140625
0.050811767578125 -0.3359375 -0.0183563232421875 -0.235641479492188
0.031585693359375 -0.37652587890625 0.01983642578125 -0.234405517578125
0.17608642578125 -0.31494140625 0.0376434326171875 -0.164169311523438
0.351165771484375 -0.154754638671875 0.0109443664550781 -0.0671806335449219
0.38604736328125 0.129730224609375 -0.0306777954101562 -0.106109619140625
0.15673828125 0.45318603515625 -0.056365966796875 -0.250396728515625
-0.0772705078125001 0.49481201171875 0.087371826171875 -0.44927978515625
-0.3162841796875 0.407562255859375 0.416595458984375 -0.471038818359375
-0.3878173828125 0.56304931640625 0.000900268554687462 -0.159133911132812
-0.0885620117187499 0.564697265625 -0.000591278076171885 -0.0600433349609375
0.25830078125 0.529876708984375 0.0382919311523438 0.0546150207519532
0.46392822265625 0.170684814453125 0.0992813110351563 -0.00456237792968749
0.442352294921875 -0.12567138671875 0.111053466796875 -0.0158843994140625
0.21685791015625 -0.392303466796875 0.0623550415039063 -0.135276794433594
0.04150390625 -0.45257568359375 0.00407409667968751 -0.154800415039063
0.082733154296875 -0.416961669921875 -0.00698089599609374 -0.0978851318359375
0.0629272460937499 -0.467132568359375 0.0206680297851563 -0.0974044799804688
0.227691650390625 -0.386260986328125 -0.00718307495117187 -0.0462074279785157
0.4456787109375 -0.193328857421875 -0.053192138671875 0.0142173767089844
0.494873046875 0.150360107421875 -0.0930862426757812 -0.076812744140625
0.2216796875 0.57354736328125 -0.0858306884765625 -0.231552124023437
-0.0733642578125 0.6455078125 0.0784912109375 -0.350799560546875
-0.39410400390625 0.555877685546875 0.299591064453125 -0.330108642578125
-0.3865966796875 0.62078857421875 -0.123153686523438 0.0170211791992188
-0.06072998046875 0.62493896484375 -0.015167236328125 0.0709915161132813
0.308074951171875 0.56158447265625 0.0446243286132813 0.0717544555664063
0.51116943359375 0.168304443359375 0.0456695556640625 0.00702285766601563
0.47576904296875 -0.13677978515625 0.0373268127441407 0.0415878295898437
0.2415771484375 -0.413848876953125 0.00932884216308595 -0.0199813842773438
0.06207275390625 -0.470428466796875 0.00278735160827637 0.00172019004821774
0.102935791015625 -0.43292236328125 0.00492858886718751 0.0548858642578125
0.083648681640625 -0.483123779296875 0.0184440612792969 0.056549072265625
0.244171142578125 -0.39111328125 -0.0515060424804687 0.085784912109375
0.467376708984375 -0.191131591796875 -0.115257263183594 0.101676940917969
0.51263427734375 0.155548095703125 -0.149917602539063 -0.034881591796875
0.23291015625 0.599609375 -0.10394287109375 -0.187637329101562
-0.07073974609375 0.67962646484375 0.0687103271484375 -0.2088623046875
-0.41754150390625 0.60198974609375 0.159759521484375 -0.144760131835937
-0.325439453125 0.58636474609375 -0.246047973632813 0.207382202148438
-0.02130126953125 0.58685302734375 -0.0329742431640625 0.213668823242188
0.306365966796875 0.499420166015625 0.04541015625 0.0948104858398438
0.470458984375 0.13543701171875 -0.00987815856933591 0.0307540893554688
0.42681884765625 -0.12591552734375 -0.0358047485351562 0.0984725952148437
0.222869873046875 -0.371063232421875 -0.0407867431640625 0.099761962890625
0.071075439453125 -0.41778564453125 0.00239562988281251 0.15728759765625
0.10565185546875 -0.38446044921875 0.0157012939453125 0.198776245117187
0.093841552734375 -0.42535400390625 0.011810302734375 0.201950073242188
0.2264404296875 -0.32989501953125 -0.09149169921875 0.204345703125
0.41064453125 -0.14508056640625 -0.164291381835937 0.169387817382812
0.429473876953125 0.149810791015625 -0.189498901367187 0.00523376464843748
0.17913818359375 0.52099609375 -0.106925964355469 -0.131301879882812
-0.07373046875 0.588623046875 0.0548667907714844 -0.0560569763183593
-0.379425048828125 0.5465087890625 0.0153007507324219 0.0461273193359375
-0.214813232421875 0.4625244140625 -0.351715087890625 0.384063720703125
0.01495361328125 0.45074462890625 -0.05517578125 0.3446044921875
0.243011474609375 0.35186767578125 0.042816162109375 0.1212158203125
0.34161376953125 0.08233642578125 -0.0522422790527344 0.0595207214355469
0.30120849609375 -0.092071533203125 -0.0923690795898438 0.138893127441406
0.167984008789062 -0.267440795898438 -0.0787353515625 0.199508666992187
0.066375732421875 -0.29925537109375 0.00360107421875001 0.286407470703125
0.0904998779296875 -0.278060913085938 0.02423095703125 0.3126220703125
0.08917236328125 -0.30377197265625 0.001007080078125 0.31842041015625
0.176605224609375 -0.21759033203125 -0.122467041015625 0.287567138671875
0.2919921875 -0.072235107421875 -0.196914672851563 0.202407836914062
0.273895263671875 0.129257202148437 -0.2069091796875 0.027435302734375
0.0855712890625 0.359100341796875 -0.0963211059570313 -0.0808334350585937
-0.070556640625 0.402008056640625 0.0350189208984375 0.0723037719726563
-0.280975341796875 0.403167724609375 -0.1131591796875 0.209442138671875
-0.0733489990234375 0.259567260742188 -0.423675537109375 0.51629638671875
0.0451202392578125 0.2470703125 -0.081573486328125 0.4456787109375
0.141265869140625 0.1502685546875 0.043060302734375 0.14794921875
0.158340454101563 0.017364501953125 -0.06756591796875 0.0845489501953125
0.12933349609375 -0.0425949096679688 -0.120758056640625 0.151077270507813
0.0866622924804688 -0.118850708007812 -0.0993499755859375 0.259674072265625
0.0527877807617187 -0.132850646972656 0.00280761718750001 0.367340087890625
0.0622024536132813 -0.128471374511719 0.027587890625 0.379547119140625
0.0721588134765625 -0.139213562011719 -0.0108642578125 0.388031005859375
0.103691101074219 -0.0799026489257813 -0.14227294921875 0.327056884765625
0.141204833984375 0.0027923583984375 -0.209854125976563 0.19989013671875
0.096466064453125 0.0840606689453125 -0.20672607421875 0.0321502685546875
-0.00219726562500002 0.15582275390625 -0.0825424194335937 -0.0464096069335938
-0.0478057861328125 0.170364379882812 0.0128173828125 0.154876708984375
-0.13836669921875 0.20465087890625 -0.205108642578125 0.320098876953125
-0.0649147033691406 0.0129165649414062 0.1715087890625 -0.4024658203125
-0.0200653076171875 0.0527534484863281 -0.0113372802734375 -0.218826293945312
0.0486640930175781 0.0511283874511719 0.0383491516113281 0.0439338684082031
0.0644035339355469 -0.00391769409179688 0.18896484375 -0.012298583984375
0.0451278686523438 -0.0609397888183594 0.21722412109375 -0.143936157226562
-0.024444580078125 -0.0643730163574219 0.128875732421875 -0.31317138671875
-0.0537452697753906 -0.0510292053222656 -0.020843505859375 -0.40667724609375
-0.0331459045410156 -0.0370063781738281 -0.045074462890625 -0.3782958984375
-0.0405082702636719 -0.0377693176269531 -0.00149536132812504 -0.368560791015625
0.00243759155273437 -0.0457344055175781 0.087615966796875 -0.287994384765625
0.0329437255859375 -0.0256023406982422 0.092681884765625 -0.165908813476563
0.0393180847167969 0.0326004028320313 0.05108642578125 -0.114006042480469
-0.0121879577636719 0.046051025390625 -0.0160675048828125 -0.209243774414063
-0.0446739196777344 0.0208053588867188 0.055206298828125 -0.46875
-0.0404167175292969 -0.0473480224609375 0.4764404296875 -0.554473876953125
-0.199356079101563 0.237869262695313 0.15472412109375 -0.3826904296875
-0.056396484375 0.248291015625 -0.0014801025390625 -0.213333129882812
0.121490478515625 0.238204956054687 0.03021240234375 0.0389404296875
0.21319580078125 0.064453125 0.165176391601563 -0.01116943359375
0.198699951171875 -0.091766357421875 0.20074462890625 -0.109420776367188
0.0592041015625 -0.199447631835938 0.11932373046875 -0.283599853515625
-0.03265380859375 -0.217880249023438 -0.014984130859375 -0.36895751953125
0.001068115234375 -0.19830322265625 -0.03961181640625 -0.328125
-0.0146026611328125 -0.218505859375 0.00408935546875 -0.326080322265625
0.085113525390625 -0.192703247070313 0.0665435791015625 -0.246185302734375
0.195327758789063 -0.101608276367188 0.06048583984375 -0.127304077148438
0.2232666015625 0.07659912109375 0.0180587768554688 -0.116134643554688
0.0823211669921875 0.253402709960938 -0.03607177734375 -0.233917236328125
-0.05352783203125 0.265975952148438 0.064208984375 -0.4810791015625
-0.177993774414063 0.197738647460938 0.456390380859375 -0.55279541015625
-0.30322265625 0.4300537109375 0.092132568359375 -0.298553466796875
-0.0762939453125 0.422576904296875 -0.00149536132812501 -0.159713745117187
0.197540283203125 0.39892578125 0.0326881408691406 0.0425300598144532
0.348480224609375 0.119476318359375 0.136505126953125 -0.012603759765625
0.332733154296875 -0.119659423828125 0.165191650390625 -0.0712432861328125
0.135162353515625 -0.312744140625 0.09228515625 -0.224395751953125
-0.00830078125000004 -0.35430908203125 -0.01104736328125 -0.279006958007812
0.03472900390625 -0.32940673828125 -0.0267181396484375 -0.229110717773438
0.01171875 -0.365570068359375 0.00915527343750001 -0.230758666992188
0.15447998046875 -0.312896728515625 0.031341552734375 -0.161483764648438
0.332794189453125 -0.166534423828125 0.00911331176757815 -0.064697265625
0.38409423828125 0.109832763671875 -0.0338211059570312 -0.103408813476562
0.17462158203125 0.432342529296875 -0.0658416748046875 -0.242218017578125
-0.051544189453125 0.4808349609375 0.064208984375 -0.440673828125
-0.291839599609375 0.413238525390625 0.387359619140625 -0.47515869140625
-0.355712890625 0.56689453125 -0.00471496582031253 -0.15985107421875
-0.06585693359375 0.5545654296875 -0.00676345825195313 -0.0634956359863281
0.2763671875 0.508087158203125 0.0407600402832031 0.0524101257324219
0.457611083984375 0.145416259765625 0.096710205078125 -0.0103378295898437
0.426483154296875 -0.14508056640625 0.109382629394531 -0.0228729248046875
0.18988037109375 -0.3896484375 0.0505447387695313 -0.133598327636719
0.014739990234375 -0.439300537109375 -0.00605773925781248 -0.150283813476563
0.0612182617187501 -0.40966796875 -0.00962829589843749 -0.0939178466796875
0.03643798828125 -0.454925537109375 0.0149765014648437 -0.0971298217773438
0.20123291015625 -0.38427734375 -0.00788879394531248 -0.0438919067382813
0.423309326171875 -0.207427978515625 -0.0492324829101562 0.0174064636230469
0.490447998046875 0.123748779296875 -0.092620849609375 -0.0724639892578125
0.24298095703125 0.5496826171875 -0.0926513671875 -0.223846435546875
-0.04278564453125 0.62664794921875 0.06170654296875 -0.345916748046875
-0.36346435546875 0.56011962890625 0.279815673828125 -0.331268310546875
-0.35394287109375 0.6263427734375 -0.11822509765625 0.0169906616210938
-0.03515625 0.6124267578125 -0.0142669677734375 0.0647125244140625
0.33087158203125 0.536529541015625 0.0488510131835938 0.0697212219238282
0.504913330078125 0.14080810546875 0.0468978881835938 0.00287246704101563
0.459564208984375 -0.157196044921875 0.0408439636230469 0.0356101989746094
0.21160888671875 -0.412689208984375 0.00309944152832032 -0.0193252563476563
0.032928466796875 -0.458831787109375 -0.000549316406249998 0.00235080718994138
0.0794677734375 -0.426605224609375 0.00753402709960938 0.0539932250976562
0.056884765625 -0.47265625 0.0189933776855469 0.0525932312011718
0.21685791015625 -0.39007568359375 -0.0469207763671875 0.0862503051757812
0.445465087890625 -0.206390380859375 -0.106071472167969 0.10455322265625
0.507568359375 0.130859375 -0.146148681640625 -0.02911376953125
0.25347900390625 0.57452392578125 -0.10845947265625 -0.179916381835937
-0.04156494140625 0.6611328125 0.05902099609375 -0.207794189453125
-0.38409423828125 0.60797119140625 0.151718139648437 -0.145553588867187
-0.2939453125 0.59088134765625 -0.230850219726563 0.208221435546875
0.00164794921874998 0.57476806640625 -0.024566650390625 0.205307006835938
0.326324462890625 0.47711181640625 0.0510482788085938 0.0923080444335938
0.4652099609375 0.1121826171875 -0.00548553466796872 0.0285701751708984
0.41217041015625 -0.14459228515625 -0.028656005859375 0.0945205688476562
0.196685791015625 -0.370941162109375 -0.0402069091796875 0.0991058349609375
0.04534912109375 -0.408935546875 0.00627136230468749 0.154144287109375
0.08453369140625 -0.38079833984375 0.0238494873046875 0.193557739257813
0.06915283203125 -0.417144775390625 0.018890380859375 0.19586181640625
0.20318603515625 -0.32861328125 -0.080078125 0.203140258789063
0.391693115234375 -0.159515380859375 -0.151504516601562 0.172088623046875
0.426513671875 0.129119873046875 -0.183120727539062 0.0124664306640625
0.196807861328125 0.5008544921875 -0.10821533203125 -0.125511169433594
-0.0477294921875 0.57257080078125 0.0527763366699219 -0.0588417053222656
-0.349151611328125 0.550537109375 0.0180130004882812 0.0460624694824219
-0.1949462890625 0.464141845703125 -0.325592041015625 0.38555908203125
0.03253173828125 0.441436767578125 -0.039764404296875 0.3355712890625
0.256683349609375 0.33563232421875 0.0501556396484375 0.117462158203125
0.33770751953125 0.065704345703125 -0.0450515747070312 0.0586090087890625
0.291961669921875 -0.10540771484375 -0.08270263671875 0.136634826660156
0.14886474609375 -0.268142700195313 -0.07275390625 0.198028564453125
0.04779052734375 -0.294921875 0.012847900390625 0.2796630859375
0.0738372802734375 -0.275619506835938 0.036285400390625 0.30438232421875
0.070465087890625 -0.299468994140625 0.013946533203125 0.3106689453125
0.159423828125 -0.218124389648437 -0.106964111328125 0.28515625
0.280609130859375 -0.0840606689453125 -0.1815185546875 0.204925537109375
0.2738037109375 0.112701416015625 -0.198883056640625 0.0357666015625
0.0994873046875 0.348175048828125 -0.0964508056640625 -0.0759735107421875
-0.052520751953125 0.3924560546875 0.0402946472167969 0.0667572021484375
-0.259613037109375 0.4073486328125 -0.100494384765625 0.210067749023438
-0.064239501953125 0.260360717773438 -0.39111328125 0.518768310546875
0.054473876953125 0.24078369140625 -0.05975341796875 0.436614990234375
0.146926879882813 0.14300537109375 0.051727294921875 0.143524169921875
0.157379150390625 0.01116943359375 -0.0587234497070312 0.0842361450195313
0.125801086425781 -0.0484466552734375 -0.111618041992188 0.15032958984375
0.0774002075195312 -0.120864868164063 -0.0895233154296875 0.25701904296875
0.0431137084960938 -0.1328125 0.017791748046875 0.357757568359375
0.0539016723632813 -0.129043579101563 0.042633056640625 0.368560791015625
0.062744140625 -0.139091491699219 0.00595092773437499 0.37872314453125
0.0956192016601562 -0.081573486328125 -0.12451171875 0.3238525390625
0.137496948242188 -0.00519561767578125 -0.19403076171875 0.202346801757813
0.099029541015625 0.0768356323242188 -0.198638916015625 0.0415191650390625
0.00540161132812498 0.154434204101562 -0.0810470581054688 -0.041900634765625
-0.0392913818359375 0.168304443359375 0.022216796875 0.14849853515625
-0.127975463867187 0.207107543945313 -0.183746337890625 0.322235107421875
-0.0615425109863281 0.0110893249511719 0.16033935546875 -0.398468017578125
-0.0207557678222656 0.0507240295410156 -0.017303466796875 -0.213363647460938
0.04620361328125 0.0494003295898437 0.0373878479003906 0.0421562194824219
0.0617790222167969 -0.00321578979492188 0.182449340820312 -0.0156097412109375
0.0415306091308594 -0.0606651306152344 0.208892822265625 -0.144134521484375
-0.0257415771484375 -0.0608024597167969 0.120697021484375 -0.3079833984375
-0.0520210266113281 -0.0462722778320312 -0.030059814453125 -0.398040771484375
-0.0317287445068359 -0.034149169921875 -0.051025390625 -0.3704833984375
-0.0402755737304688 -0.0343170166015625 -0.0086669921875 -0.3631591796875
0.00111007690429688 -0.0441474914550781 0.081787109375 -0.2833251953125
0.0302925109863281 -0.0245475769042969 0.0879669189453125 -0.162887573242187
0.0388870239257812 0.0312690734863281 0.0478515625 -0.113021850585938
-0.0109443664550781 0.0426559448242187 -0.0206451416015625 -0.202987670898438
-0.0410270690917969 0.0182418823242188 0.04248046875 -0.457305908203125
-0.0388259887695313 -0.0456695556640625 0.454437255859375 -0.549041748046875
-0.18890380859375 0.234664916992188 0.144744873046875 -0.378875732421875
-0.052734375 0.242706298828125 -0.0080718994140625 -0.209320068359375
0.121627807617188 0.231353759765625 0.0303306579589844 0.0382537841796875
0.207290649414062 0.0594635009765625 0.160079956054688 -0.01531982421875
0.190887451171875 -0.0947265625 0.19464111328125 -0.111526489257813
0.05206298828125 -0.193649291992188 0.110443115234375 -0.278030395507813
-0.037109375 -0.209060668945313 -0.023223876953125 -0.358795166015625
-0.00259399414062498 -0.19305419921875 -0.043701171875 -0.321624755859375
-0.0203704833984375 -0.211044311523438 -0.00274658203124998 -0.32177734375
0.0772247314453125 -0.188140869140625 0.061553955078125 -0.241836547851563
0.186782836914063 -0.102157592773438 0.0577850341796875 -0.124267578125
0.220001220703125 0.0708465576171875 0.0151290893554688 -0.114830017089844
0.0859222412109375 0.244400024414063 -0.0409088134765625 -0.228103637695313
-0.0460205078125 0.25701904296875 0.051910400390625 -0.46954345703125
-0.16949462890625 0.197525024414063 0.435943603515625 -0.54693603515625
-0.28717041015625 0.42694091796875 0.085296630859375 -0.298095703125
-0.069671630859375 0.414276123046875 -0.0081024169921875 -0.159255981445312
0.2012939453125 0.38653564453125 0.0334701538085938 0.0416450500488281
0.34039306640625 0.1102294921875 0.132369995117188 -0.016845703125
0.3216552734375 -0.1251220703125 0.160903930664063 -0.074798583984375
0.121856689453125 -0.305572509765625 0.0830078125 -0.219680786132813
-0.018646240234375 -0.3428955078125 -0.0182952880859375 -0.2718505859375
0.027130126953125 -0.32159423828125 -0.029937744140625 -0.223800659179688
0.00201416015625 -0.3544921875 0.00354003906250003 -0.227523803710938
0.1424560546875 -0.305633544921875 0.0296783447265625 -0.157562255859375
0.32000732421875 -0.168243408203125 0.00949096679687502 -0.0615730285644531
0.378143310546875 0.099761962890625 -0.0349197387695312 -0.101844787597656
0.1796875 0.419952392578125 -0.0691070556640625 -0.236968994140625
-0.041259765625 0.467132568359375 0.05413818359375 -0.432464599609375
-0.27850341796875 0.41192626953125 0.370086669921875 -0.46942138671875
-0.338134765625 0.56427001953125 -0.00621032714843752 -0.161285400390625
-0.057647705078125 0.542510986328125 -0.0115089416503906 -0.06524658203125
0.281524658203125 0.492950439453125 0.0429039001464844 0.0514602661132813
0.448394775390625 0.134124755859375 0.0950698852539063 -0.01434326171875
0.41412353515625 -0.152557373046875 0.108238220214844 -0.0274200439453125
0.17333984375 -0.381195068359375 0.0433120727539063 -0.129768371582031
0.000366210937500016 -0.4263916015625 -0.0112152099609375 -0.145553588867188
0.050994873046875 -0.4010009765625 -0.0108108520507812 -0.0915298461914063
0.023590087890625 -0.4429931640625 0.0119247436523437 -0.0969009399414063
0.186309814453125 -0.375701904296875 -0.00751495361328124 -0.0418739318847656
0.408294677734375 -0.210540771484375 -0.04583740234375 0.0193252563476562
0.483367919921875 0.11505126953125 -0.0918960571289062 -0.070343017578125
0.24835205078125 0.533782958984375 -0.0952606201171875 -0.218597412109375
-0.0330810546875001 0.6087646484375 0.0531005859375 -0.34033203125
-0.347930908203125 0.557586669921875 0.269378662109375 -0.326263427734375
-0.334228515625 0.6229248046875 -0.113983154296875 0.0138244628906251
-0.02667236328125 0.6014404296875 -0.0158653259277344 0.0598411560058594
0.337158203125 0.520904541015625 0.0524787902832031 0.0687065124511719
0.496856689453125 0.1278076171875 0.0474967956542969 -0.000221252441406242
0.4473876953125 -0.166015625 0.0424919128417969 0.0305061340332031
0.19512939453125 -0.40582275390625 -0.00156402587890624 -0.0175256729125977
0.01806640625 -0.447845458984375 -0.00251936912536621 0.00364589691162107
0.068511962890625 -0.419403076171875 0.00963973999023437 0.053192138671875
0.04400634765625 -0.461090087890625 0.0185813903808594 0.0512313842773437
0.200927734375 -0.380767822265625 -0.0431900024414062 0.086090087890625
0.429412841796875 -0.21002197265625 -0.09942626953125 0.104766845703125
0.50152587890625 0.118133544921875 -0.142929077148438 -0.0267791748046875
0.2596435546875 0.557373046875 -0.109878540039062 -0.176055908203125
-0.02880859375 0.64288330078125 0.0536346435546875 -0.205474853515625
-0.367431640625 0.60382080078125 0.146392822265625 -0.143096923828125
-0.27978515625 0.58831787109375 -0.220779418945313 0.203109741210937
0.010009765625 0.5643310546875 -0.022430419921875 0.19854736328125
0.3321533203125 0.463714599609375 0.055877685546875 0.090850830078125
0.45806884765625 0.10009765625 -0.00204467773437497 0.0255622863769531
0.402099609375 -0.15264892578125 -0.0243682861328125 0.0894851684570312
0.18115234375 -0.36505126953125 -0.0424270629882812 0.0992507934570312
0.030487060546875 -0.39837646484375 0.00724792480468749 0.151687622070312
0.07354736328125 -0.374420166015625 0.0270538330078125 0.1903076171875
0.0565185546875 -0.4071044921875 0.0205230712890625 0.192352294921875
0.18927001953125 -0.322418212890625 -0.07440185546875 0.20098876953125
0.37933349609375 -0.16436767578125 -0.14306640625 0.171615600585937
0.421142578125 0.118316650390625 -0.178131103515625 0.014434814453125
0.203582763671875 0.487701416015625 -0.108497619628906 -0.122695922851562
-0.038055419921875 0.55792236328125 0.0513534545898438 -0.0605621337890625
-0.334075927734375 0.5496826171875 0.0195770263671875 0.0467376708984375
-0.18463134765625 0.461883544921875 -0.310089111328125 0.37908935546875
0.0384521484375 0.43377685546875 -0.033538818359375 0.326171875
0.26300048828125 0.325714111328125 0.0551986694335938 0.115142822265625
0.33306884765625 0.057586669921875 -0.0397453308105468 0.055908203125
0.285400390625 -0.111907958984375 -0.0770187377929687 0.132339477539063
0.137588500976562 -0.26483154296875 -0.0711669921875 0.196487426757812
0.035797119140625 -0.287841796875 0.0167694091796875 0.274307250976563
0.065521240234375 -0.272354125976563 0.04132080078125 0.298553466796875
0.06048583984375 -0.2928466796875 0.0189208984375 0.304840087890625
0.149749755859375 -0.214157104492188 -0.09979248046875 0.281463623046875
0.271530151367188 -0.089385986328125 -0.172149658203125 0.203201293945313
0.271743774414063 0.104965209960938 -0.192794799804687 0.0382080078125
0.104583740234375 0.34051513671875 -0.0952682495117187 -0.07373046875
-0.04547119140625 0.3829345703125 0.0417289733886719 0.0627937316894532
-0.249114990234375 0.40496826171875 -0.0929412841796875 0.209213256835938
-0.0609588623046875 0.259902954101563 -0.374053955078125 0.511474609375
0.0573577880859375 0.236846923828125 -0.049896240234375 0.4268798828125
0.150375366210938 0.138198852539063 0.0566864013671875 0.139739990234375
0.156631469726563 0.007415771484375 -0.0528030395507812 0.081634521484375
0.123954772949219 -0.0513458251953125 -0.105545043945313 0.147445678710938
0.0720672607421875 -0.119972229003906 -0.0860748291015625 0.254409790039063
0.0365142822265625 -0.131080627441406 0.023162841796875 0.35015869140625
0.048095703125 -0.12774658203125 0.048553466796875 0.361419677734375
0.0567169189453125 -0.137321472167969 0.012939453125 0.3717041015625
0.0908737182617188 -0.0810165405273438 -0.1153564453125 0.31890869140625
0.133529663085937 -0.010284423828125 -0.18524169921875 0.200485229492188
0.0988693237304688 0.0731582641601563 -0.1923828125 0.04437255859375
0.00920104980468751 0.153900146484375 -0.0792770385742188 -0.0394744873046875
-0.0354766845703125 0.166275024414063 0.026397705078125 0.143173217773438
-0.124099731445312 0.207595825195312 -0.1732177734375 0.319976806640625
-0.0599594116210937 0.00870513916015626 0.158905029296875 -0.401336669921875
-0.0214881896972656 0.0497245788574219 -0.0188140869140625 -0.212158203125
0.0448532104492187 0.0497398376464844 0.0374221801757813 0.0419845581054688
0.060272216796875 -0.00256729125976563 0.180648803710937 -0.0171966552734375
0.0399284362792969 -0.060150146484375 0.20745849609375 -0.145233154296875
-0.0263824462890625 -0.0589027404785156 0.12030029296875 -0.3067626953125
-0.0509185791015625 -0.0446586608886719 -0.032684326171875 -0.395355224609375
-0.0309925079345703 -0.0326347351074219 -0.053466796875 -0.371795654296875
-0.0404586791992188 -0.0322799682617187 -0.01080322265625 -0.365631103515625
0.000576019287109376 -0.0428123474121094 0.08203125 -0.283721923828125
0.0289058685302734 -0.0236473083496094 0.087310791015625 -0.16094970703125
0.0386543273925781 0.0306472778320313 0.0462722778320313 -0.112960815429687
-0.0112876892089844 0.0392608642578125 -0.0220184326171875 -0.201950073242187
-0.0388221740722656 0.015838623046875 0.039398193359375 -0.453704833984375
-0.0369453430175781 -0.0455665588378906 0.450164794921875 -0.547027587890625
-0.186294555664062 0.233688354492188 0.1436767578125 -0.3834228515625
-0.053955078125 0.24169921875 -0.0116729736328125 -0.209762573242187
0.122344970703125 0.230789184570313 0.0316619873046875 0.0387420654296875
0.205245971679687 0.060516357421875 0.158035278320313 -0.0170745849609375
0.188888549804688 -0.095947265625 0.19354248046875 -0.113494873046875
0.04888916015625 -0.190444946289062 0.108291625976563 -0.276336669921875
-0.03857421875 -0.205413818359375 -0.026336669921875 -0.3568115234375
-0.00283813476562499 -0.191848754882813 -0.045013427734375 -0.322784423828125
-0.02227783203125 -0.207321166992188 -0.00543212890624998 -0.324249267578125
0.07501220703125 -0.186279296875 0.062835693359375 -0.242156982421875
0.18426513671875 -0.102218627929688 0.0576629638671875 -0.12274169921875
0.220977783203125 0.0694122314453125 0.0135345458984375 -0.115692138671875
0.0871124267578125 0.241668701171875 -0.042877197265625 -0.228042602539062
-0.043792724609375 0.252334594726562 0.048065185546875 -0.4681396484375
-0.168014526367188 0.19879150390625 0.4329833984375 -0.545623779296875
-0.2845458984375 0.427703857421875 0.0836181640625 -0.301971435546875
-0.068389892578125 0.41448974609375 -0.0113983154296875 -0.160995483398437
0.203582763671875 0.38580322265625 0.0356597900390625 0.0423355102539063
0.33837890625 0.10992431640625 0.13104248046875 -0.0189056396484375
0.319610595703125 -0.128082275390625 0.160919189453125 -0.07769775390625
0.117401123046875 -0.30218505859375 0.0802001953125 -0.217315673828125
-0.023681640625 -0.337493896484375 -0.0218963623046875 -0.27020263671875
0.025390625 -0.321563720703125 -0.03021240234375 -0.224014282226563
-0.00231933593749997 -0.351776123046875 0.0011138916015625 -0.230438232421875
0.13861083984375 -0.30322265625 0.0301513671875 -0.156982421875
0.316650390625 -0.16937255859375 0.0111160278320313 -0.0598907470703125
0.38079833984375 0.09771728515625 -0.0355758666992187 -0.102798461914063
0.182098388671875 0.416168212890625 -0.071502685546875 -0.236679077148438
-0.040130615234375 0.46240234375 0.049530029296875 -0.430999755859375
-0.2764892578125 0.41339111328125 0.368408203125 -0.468597412109375
-0.33349609375 0.565673828125 -0.00663757324218753 -0.166534423828125
-0.057098388671875 0.543853759765625 -0.0148353576660156 -0.0685272216796875
0.28692626953125 0.4893798828125 0.0469017028808594 0.0525131225585938
0.4464111328125 0.131134033203125 0.094879150390625 -0.0167770385742187
0.413299560546875 -0.1580810546875 0.109420776367188 -0.0310516357421875
0.16705322265625 -0.378875732421875 0.0399551391601563 -0.127731323242188
-0.00564575195312501 -0.42193603515625 -0.0136566162109375 -0.143905639648438
0.0487060546875 -0.402374267578125 -0.0101776123046875 -0.0913619995117188
0.017791748046875 -0.439849853515625 0.00945281982421875 -0.0980072021484375
0.181396484375 -0.37237548828125 -0.00610733032226561 -0.0407676696777344
0.4044189453125 -0.211700439453125 -0.0433311462402343 0.0212554931640625
0.4854736328125 0.111907958984375 -0.092681884765625 -0.071563720703125
0.2513427734375 0.530487060546875 -0.0976409912109375 -0.21942138671875
-0.0317382812500001 0.603515625 0.051025390625 -0.339813232421875
-0.346710205078125 0.5595703125 0.2674560546875 -0.325286865234375
-0.332275390625 0.62548828125 -0.113578796386719 0.00893402099609381
-0.0252685546875001 0.60284423828125 -0.018402099609375 0.0564422607421875
0.344390869140625 0.519744873046875 0.0570449829101563 0.0689239501953125
0.495452880859375 0.125335693359375 0.0482711791992188 -0.00325775146484374
0.445953369140625 -0.172210693359375 0.0439605712890625 0.02703857421875
0.188720703125 -0.402496337890625 -0.00482559204101561 -0.0147085189819336
0.00964355468749998 -0.442962646484375 -0.00435018539428711 0.00478696823120114
0.0648193359375 -0.420562744140625 0.0109329223632813 0.0540313720703125
0.036865234375 -0.458160400390625 0.0168266296386719 0.0508575439453125
0.197113037109375 -0.37811279296875 -0.0420074462890625 0.0876846313476562
0.426116943359375 -0.2113037109375 -0.0965652465820312 0.106163024902344
0.5023193359375 0.1165771484375 -0.142715454101563 -0.0275115966796875
0.263153076171875 0.557098388671875 -0.111557006835937 -0.176864624023437
-0.02880859375 0.637451171875 0.05279541015625 -0.206527709960938
-0.36651611328125 0.60748291015625 0.146270751953125 -0.14178466796875
-0.27899169921875 0.5933837890625 -0.219375610351563 0.199661254882813
0.00952148437499996 0.56494140625 -0.02374267578125 0.196014404296875
0.339935302734375 0.4615478515625 0.0614852905273438 0.090545654296875
0.45904541015625 0.096405029296875 -0.000240325927734347 0.0231494903564453
0.40167236328125 -0.158477783203125 -0.0229110717773437 0.0860595703125
0.17578125 -0.363311767578125 -0.04486083984375 0.101570129394531
0.022003173828125 -0.39495849609375 0.00631713867187499 0.152603149414062
0.0693359375 -0.375640869140625 0.02923583984375 0.191574096679688
0.051361083984375 -0.40521240234375 0.0207061767578125 0.193634033203125
0.18511962890625 -0.319244384765625 -0.07281494140625 0.202224731445312
0.374847412109375 -0.166534423828125 -0.139678955078125 0.172500610351563
0.422637939453125 0.11614990234375 -0.176956176757812 0.01446533203125
0.206298828125 0.4888916015625 -0.109779357910156 -0.123878479003906
-0.0389404296875 0.555633544921875 0.0507431030273437 -0.062103271484375
-0.33447265625 0.5537109375 0.0202369689941406 0.048675537109375
-0.183990478515625 0.466278076171875 -0.30889892578125 0.37677001953125
0.039276123046875 0.4346923828125 -0.0328369140625 0.32415771484375
0.26812744140625 0.32464599609375 0.0608673095703125 0.114776611328125
0.33453369140625 0.053985595703125 -0.0369796752929687 0.0536689758300781
0.2860107421875 -0.11651611328125 -0.0753631591796875 0.12982177734375
0.132476806640625 -0.263473510742187 -0.0733642578125 0.198028564453125
0.029388427734375 -0.28570556640625 0.01739501953125 0.274993896484375
0.062103271484375 -0.273239135742188 0.043548583984375 0.300201416015625
0.056610107421875 -0.2919921875 0.01995849609375 0.305633544921875
0.145904541015625 -0.212112426757812 -0.097869873046875 0.282684326171875
0.269241333007813 -0.091796875 -0.168685913085937 0.203109741210937
0.27301025390625 0.104263305664062 -0.191009521484375 0.03887939453125
0.107177734375 0.34197998046875 -0.0965118408203125 -0.0739593505859375
-0.0450439453125 0.381378173828125 0.0426750183105469 0.0608558654785156
-0.25048828125 0.408050537109375 -0.09063720703125 0.211883544921875
-0.0620574951171875 0.263168334960938 -0.371551513671875 0.510009765625
0.058135986328125 0.237167358398438 -0.048614501953125 0.425262451171875
0.154083251953125 0.138320922851563 0.0613479614257812 0.139045715332031
0.157684326171875 0.006256103515625 -0.0498504638671875 0.0800704956054688
0.124954223632813 -0.0535430908203125 -0.104782104492188 0.145965576171875
0.0699539184570312 -0.119873046875 -0.0872344970703125 0.25531005859375
0.0328445434570313 -0.130714416503906 0.024322509765625 0.350860595703125
0.0461883544921875 -0.129035949707031 0.05084228515625 0.362945556640625
0.0544281005859375 -0.137191772460938 0.01544189453125 0.374664306640625
0.0891189575195312 -0.0808868408203125 -0.114532470703125 0.319793701171875
0.132896423339844 -0.0122833251953125 -0.182525634765625 0.199630737304688
0.100799560546875 0.0716018676757813 -0.189865112304687 0.046173095703125
0.0115814208984375 0.1563720703125 -0.0794448852539063 -0.0393218994140625
-0.0349884033203125 0.166534423828125 0.0285491943359375 0.141021728515625
-0.125320434570313 0.210052490234375 -0.169891357421875 0.32171630859375
-0.059844970703125 0.007659912109375 0.15753173828125 -0.41375732421875
-0.0224266052246094 0.0508804321289062 -0.0225677490234375 -0.216339111328125
0.0453758239746094 0.0515861511230469 0.039215087890625 0.0430412292480469
0.061004638671875 -0.00078582763671875 0.182464599609375 -0.020233154296875
0.0381431579589844 -0.0609512329101563 0.209396362304688 -0.151107788085938
-0.0281715393066406 -0.0581550598144531 0.11846923828125 -0.313873291015625
-0.0511817932128906 -0.0434303283691406 -0.03985595703125 -0.403472900390625
-0.0304546356201172 -0.0320091247558594 -0.060211181640625 -0.380767822265625
-0.0421028137207031 -0.0304222106933594 -0.016571044921875 -0.377044677734375
-0.000576019287109379 -0.0432205200195313 0.08197021484375 -0.29266357421875
0.0288639068603516 -0.0228843688964844 0.0873260498046875 -0.164596557617188
0.0398597717285156 0.0309181213378906 0.0446853637695312 -0.116706848144531
-0.0117225646972656 0.0379829406738281 -0.025909423828125 -0.206207275390625
-0.0383949279785156 0.0133514404296875 0.0316162109375 -0.46258544921875
-0.0366706848144531 -0.0459403991699219 0.4501953125 -0.56231689453125
-0.186279296875 0.239349365234375 0.140380859375 -0.39654541015625
-0.0540924072265625 0.246978759765625 -0.0163116455078125 -0.215118408203125
0.127853393554688 0.235244750976563 0.034454345703125 0.0398216247558594
0.208755493164062 0.0612640380859375 0.159774780273437 -0.0202789306640625
0.189498901367188 -0.101058959960938 0.195648193359375 -0.119873046875
0.0457611083984375 -0.192245483398438 0.106353759765625 -0.28192138671875
-0.0428619384765625 -0.20556640625 -0.033782958984375 -0.364532470703125
-0.0055999755859375 -0.194900512695312 -0.050384521484375 -0.330474853515625
-0.0267181396484375 -0.209335327148438 -0.012237548828125 -0.3343505859375
0.0725860595703125 -0.188934326171875 0.0623779296875 -0.248855590820313
0.185684204101563 -0.105453491210938 0.058502197265625 -0.124496459960938
0.227645874023438 0.0676727294921875 0.0113372802734375 -0.119781494140625
0.09136962890625 0.243606567382812 -0.0482940673828125 -0.23260498046875
-0.0417938232421875 0.255584716796875 0.039886474609375 -0.475494384765625
-0.168258666992187 0.205581665039063 0.433319091796875 -0.560699462890625
-0.28314208984375 0.43994140625 0.080474853515625 -0.314849853515625
-0.068084716796875 0.42333984375 -0.0166778564453125 -0.1661376953125
0.2142333984375 0.39202880859375 0.0402336120605469 0.0436592102050782
0.345703125 0.109344482421875 0.132461547851563 -0.0228424072265625
0.321929931640625 -0.137542724609375 0.16278076171875 -0.08392333984375
0.112640380859375 -0.306396484375 0.0778350830078125 -0.220291137695313
-0.031463623046875 -0.339569091796875 -0.0270538330078125 -0.274551391601563
0.020355224609375 -0.32855224609375 -0.0333404541015625 -0.229629516601563
-0.00933837890624999 -0.35638427734375 -0.00332641601562501 -0.237533569335938
0.136383056640625 -0.30810546875 0.0307159423828125 -0.161056518554688
0.320068359375 -0.175811767578125 0.0124969482421875 -0.059967041015625
0.391845703125 0.09552001953125 -0.0388107299804687 -0.106201171875
0.19134521484375 0.422210693359375 -0.0778350830078125 -0.241302490234375
-0.035797119140625 0.469879150390625 0.043975830078125 -0.4388427734375
-0.2784423828125 0.4293212890625 0.37091064453125 -0.480712890625
-0.3331298828125 0.58416748046875 -0.00939941406250004 -0.175735473632812
-0.053253173828125 0.557464599609375 -0.0191268920898438 -0.0722427368164062
0.304290771484375 0.49810791015625 0.0526657104492188 0.0533485412597657
0.4561767578125 0.128936767578125 0.0968246459960938 -0.0209579467773437
0.418548583984375 -0.170654296875 0.110809326171875 -0.03619384765625
0.16192626953125 -0.384735107421875 0.0372314453125 -0.128471374511719
-0.016815185546875 -0.425506591796875 -0.0179595947265625 -0.145431518554688
0.041900634765625 -0.41192626953125 -0.0105209350585938 -0.0938491821289063
0.01007080078125 -0.447174072265625 0.00752258300781251 -0.100883483886719
0.17840576171875 -0.3787841796875 -0.00568389892578124 -0.04095458984375
0.408935546875 -0.22161865234375 -0.0418701171875 0.0230865478515625
0.499755859375 0.10687255859375 -0.0957489013671875 -0.0732955932617187
0.26373291015625 0.539886474609375 -0.105087280273437 -0.223785400390625
-0.02740478515625 0.6151123046875 0.0462646484375 -0.346435546875
-0.34783935546875 0.580078125 0.26959228515625 -0.333709716796875
-0.33111572265625 0.6473388671875 -0.116401672363281 0.00527191162109378
-0.0202636718749999 0.61712646484375 -0.021270751953125 0.055511474609375
0.363128662109375 0.52569580078125 0.0642776489257813 0.0697402954101563
0.50836181640625 0.12261962890625 0.0500640869140625 -0.00653076171874999
0.451629638671875 -0.18621826171875 0.0457420349121094 0.0233497619628906
0.182373046875 -0.409942626953125 -0.00760746002197265 -0.0130558013916016
-0.000946044921874973 -0.4468994140625 -0.00599241256713867 0.00648450851440427
0.05804443359375 -0.431640625 0.0138816833496094 0.0558700561523437
0.029632568359375 -0.46783447265625 0.017669677734375 0.0526199340820312
0.193756103515625 -0.3861083984375 -0.0403976440429687 0.0911026000976562
0.429656982421875 -0.223052978515625 -0.0943069458007812 0.110160827636719
0.517913818359375 0.113189697265625 -0.146743774414062 -0.0276641845703125
0.27490234375 0.56793212890625 -0.119033813476563 -0.180252075195313
-0.0260620117187499 0.6507568359375 0.05078125 -0.211196899414063
-0.37042236328125 0.62847900390625 0.1483154296875 -0.143875122070312
-0.27850341796875 0.61383056640625 -0.221939086914063 0.20269775390625
0.01708984375 0.5809326171875 -0.0240936279296875 0.198089599609375
0.35955810546875 0.468658447265625 0.0694580078125 0.0912094116210938
0.470947265625 0.0911865234375 0.00145721435546878 0.0206298828125
0.40789794921875 -0.171905517578125 -0.021575927734375 0.084991455078125
0.1710205078125 -0.3707275390625 -0.0475540161132812 0.106895446777344
0.0126953125 -0.39947509765625 0.0078582763671875 0.157180786132812
0.06341552734375 -0.38568115234375 0.034149169921875 0.196487426757813
0.044158935546875 -0.413604736328125 0.023590087890625 0.199111938476562
0.183624267578125 -0.325164794921875 -0.0716552734375 0.209381103515625
0.3800048828125 -0.175994873046875 -0.13885498046875 0.178329467773438
0.4351806640625 0.113677978515625 -0.181076049804688 0.01654052734375
0.21844482421875 0.49908447265625 -0.116432189941406 -0.125099182128906
-0.03472900390625 0.5654296875 0.0510902404785156 -0.06451416015625
-0.33905029296875 0.5718994140625 0.0221328735351562 0.0522651672363282
-0.18157958984375 0.48284912109375 -0.31060791015625 0.3868408203125
0.044830322265625 0.446075439453125 -0.031158447265625 0.33074951171875
0.2838134765625 0.32855224609375 0.06884765625 0.115127563476563
0.343231201171875 0.04998779296875 -0.0352668762207031 0.05279541015625
0.290863037109375 -0.126220703125 -0.074615478515625 0.131523132324219
0.130462646484375 -0.269760131835938 -0.075531005859375 0.205352783203125
0.02252197265625 -0.289154052734375 0.020721435546875 0.281951904296875
0.0570068359375 -0.28125 0.05084228515625 0.307891845703125
0.051483154296875 -0.29766845703125 0.024871826171875 0.315185546875
0.145736694335938 -0.215927124023438 -0.096343994140625 0.29071044921875
0.271347045898438 -0.09796142578125 -0.16802978515625 0.208755493164063
0.281402587890625 0.102325439453125 -0.194747924804688 0.0420074462890625
0.115814208984375 0.350616455078125 -0.10076904296875 -0.0750656127929687
-0.04241943359375 0.390289306640625 0.0449638366699219 0.0603828430175781
-0.25238037109375 0.423095703125 -0.088836669921875 0.219467163085938
-0.061859130859375 0.272491455078125 -0.373870849609375 0.5233154296875
0.0624237060546875 0.24334716796875 -0.044036865234375 0.43597412109375
0.162094116210938 0.138931274414063 0.0681686401367188 0.139434814453125
0.162582397460938 0.0029296875 -0.0477676391601562 0.0798492431640625
0.12799072265625 -0.0581741333007813 -0.104904174804687 0.149459838867188
0.0694122314453125 -0.122993469238281 -0.087738037109375 0.262893676757813
0.0291595458984375 -0.132789611816406 0.02923583984375 0.359405517578125
0.043914794921875 -0.133209228515625 0.057891845703125 0.371917724609375
0.052154541015625 -0.140670776367188 0.0216064453125 0.3843994140625
0.0890960693359375 -0.0826950073242188 -0.112945556640625 0.328460693359375
0.134017944335938 -0.0165176391601563 -0.181793212890625 0.205551147460938
0.104461669921875 0.072021484375 -0.192794799804687 0.0504302978515625
0.0166015625 0.161529541015625 -0.0822525024414062 -0.0388565063476562
-0.03448486328125 0.1710205078125 0.032684326171875 0.14190673828125
-0.127151489257813 0.218643188476563 -0.16778564453125 0.33343505859375
-0.0610008239746094 0.00773239135742189 0.145355224609375 -0.433685302734375
-0.0217628479003906 0.0531005859375 -0.0315704345703125 -0.221771240234375
0.0486984252929688 0.0524177551269531 0.0434951782226563 0.0426063537597656
0.06268310546875 -0.000995635986328125 0.185333251953125 -0.0288848876953125
0.0357093811035156 -0.0627593994140625 0.207778930664063 -0.163528442382813
-0.0315017700195313 -0.0566444396972656 0.1107177734375 -0.326171875
-0.0529212951660156 -0.0414161682128906 -0.05792236328125 -0.41290283203125
-0.0308017730712891 -0.0314121246337891 -0.078216552734375 -0.391387939453125
-0.0443305969238281 -0.0273895263671875 -0.03460693359375 -0.3909912109375
-0.00333023071289063 -0.0436630249023437 0.073883056640625 -0.305877685546875
0.0278415679931641 -0.0230331420898437 0.08380126953125 -0.170562744140625
0.04278564453125 0.0300445556640625 0.0396881103515625 -0.122428894042969
-0.012542724609375 0.0365333557128906 -0.03564453125 -0.211578369140625
-0.0382499694824219 0.0121955871582031 0.01239013671875 -0.472991943359375
-0.0378532409667969 -0.0461883544921875 0.44085693359375 -0.59381103515625
-0.181106567382813 0.251235961914063 0.1278076171875 -0.416168212890625
-0.0471954345703125 0.2554931640625 -0.0264739990234375 -0.220962524414062
0.141525268554687 0.238189697265625 0.0397796630859375 0.0396995544433594
0.216476440429688 0.0571746826171875 0.161575317382813 -0.0287322998046875
0.188888549804688 -0.111358642578125 0.19525146484375 -0.132080078125
0.0379180908203125 -0.196304321289063 0.0992431640625 -0.291900634765625
-0.052703857421875 -0.206268310546875 -0.05010986328125 -0.371826171875
-0.012939453125 -0.200424194335938 -0.066009521484375 -0.340179443359375
-0.0373992919921875 -0.211624145507813 -0.02764892578125 -0.346282958984375
0.0665740966796875 -0.195419311523438 0.0565338134765625 -0.2593994140625
0.186065673828125 -0.114349365234375 0.0574569702148438 -0.1285400390625
0.238616943359375 0.0608062744140625 0.00543212890625003 -0.124313354492187
0.102737426757812 0.246002197265625 -0.0600128173828125 -0.238021850585937
-0.0341339111328125 0.26153564453125 0.0225524902343751 -0.48870849609375
-0.163772583007813 0.218765258789063 0.423828125 -0.59063720703125
-0.273834228515625 0.4635009765625 0.06982421875 -0.33148193359375
-0.055877685546875 0.4378662109375 -0.0254974365234375 -0.171920776367187
0.239471435546875 0.395751953125 0.0474700927734375 0.0429191589355469
0.359375 0.10064697265625 0.134414672851563 -0.0308609008789062
0.324462890625 -0.155548095703125 0.162704467773438 -0.09454345703125
0.102020263671875 -0.31524658203125 0.0704498291015625 -0.227859497070313
-0.047149658203125 -0.342742919921875 -0.0401458740234375 -0.280303955078125
0.00735473632812498 -0.338714599609375 -0.0429534912109375 -0.236404418945313
-0.025787353515625 -0.36309814453125 -0.015411376953125 -0.246414184570313
0.1273193359375 -0.319122314453125 0.0272369384765625 -0.167327880859375
0.32073974609375 -0.192474365234375 0.0123977661132813 -0.0609550476074219
0.4085693359375 0.082000732421875 -0.0459823608398437 -0.109115600585938
0.2127685546875 0.426727294921875 -0.0925750732421875 -0.246078491210938
-0.021270751953125 0.48150634765625 0.02685546875 -0.449859619140625
-0.269683837890625 0.454376220703125 0.361297607421875 -0.506866455078125
-0.320068359375 0.61590576171875 -0.0179443359375 -0.185699462890625
-0.035400390625 0.57568359375 -0.025848388671875 -0.0761260986328125
0.335479736328125 0.500732421875 0.0622215270996094 0.0508995056152344
0.474212646484375 0.115478515625 0.0977935791015625 -0.0280838012695312
0.42218017578125 -0.193634033203125 0.112052917480469 -0.0448150634765625
0.14825439453125 -0.397796630859375 0.0318756103515625 -0.130485534667969
-0.036956787109375 -0.429901123046875 -0.025299072265625 -0.148162841796875
0.025390625 -0.425811767578125 -0.0133056640625 -0.0971603393554688
-0.01068115234375 -0.4583740234375 0.0019378662109375 -0.105201721191406
0.169158935546875 -0.393157958984375 -0.00486373901367186 -0.0410041809082032
0.40985107421875 -0.243408203125 -0.0395011901855469 0.0262374877929687
0.521148681640625 0.0914306640625 -0.103309631347656 -0.0725784301757812
0.293701171875 0.547027587890625 -0.119400024414062 -0.225860595703125
-0.00793457031249994 0.63116455078125 0.0330810546875 -0.35693359375
-0.3372802734375 0.61358642578125 0.265350341796875 -0.3502197265625
-0.31463623046875 0.68304443359375 -0.121040344238281 0.00430297851562504
0.00170898437500003 0.63885498046875 -0.023345947265625 0.0558052062988282
0.398345947265625 0.527374267578125 0.075103759765625 0.0671920776367188
0.526336669921875 0.10540771484375 0.0513877868652344 -0.0115852355957031
0.456512451171875 -0.21295166015625 0.0474014282226563 0.0190849304199219
0.169586181640625 -0.4244384765625 -0.0104036331176758 -0.0104799270629883
-0.021331787109375 -0.453277587890625 -0.00753259658813477 0.00823831558227536
0.04071044921875 -0.446502685546875 0.0176887512207031 0.0570755004882812
0.00833129882812495 -0.47943115234375 0.0194015502929688 0.0541915893554687
0.184539794921875 -0.399200439453125 -0.0366592407226562 0.0967483520507812
0.431640625 -0.245147705078125 -0.0909881591796875 0.117279052734375
0.540374755859375 0.094879150390625 -0.15313720703125 -0.0234375
0.30670166015625 0.5750732421875 -0.1326904296875 -0.179977416992187
-0.00561523437499999 0.6676025390625 0.04339599609375 -0.218215942382812
-0.35931396484375 0.66546630859375 0.147979736328125 -0.150192260742187
-0.26116943359375 0.64642333984375 -0.22210693359375 0.213272094726563
0.0383300781249999 0.59954833984375 -0.020172119140625 0.203536987304688
0.39178466796875 0.46649169921875 0.0809478759765625 0.0884323120117188
0.488433837890625 0.07586669921875 0.00363349914550784 0.0181636810302734
0.41229248046875 -0.197174072265625 -0.0180740356445312 0.0850601196289062
0.159210205078125 -0.385162353515625 -0.0469589233398438 0.114456176757812
-0.00570678710937501 -0.406158447265625 0.0130615234375 0.163314819335937
0.048095703125 -0.400299072265625 0.0455474853515625 0.201904296875
0.02581787109375 -0.42523193359375 0.03271484375 0.206405639648437
0.17584228515625 -0.33868408203125 -0.064422607421875 0.219650268554687
0.38128662109375 -0.196136474609375 -0.13348388671875 0.18798828125
0.45458984375 0.09906005859375 -0.186492919921875 0.02374267578125
0.24591064453125 0.5074462890625 -0.126731872558594 -0.123435974121094
-0.01727294921875 0.58251953125 0.0503959655761719 -0.0681991577148437
-0.3277587890625 0.6048583984375 0.0261764526367187 0.0557289123535157
-0.171630859375 0.50775146484375 -0.30645751953125 0.4053955078125
0.062530517578125 0.459197998046875 -0.021392822265625 0.34149169921875
0.30767822265625 0.32586669921875 0.0795135498046875 0.113067626953125
0.355712890625 0.036865234375 -0.0328750610351562 0.0529365539550781
0.293609619140625 -0.14404296875 -0.0708999633789062 0.135528564453125
0.121200561523437 -0.28033447265625 -0.0718841552734375 0.216323852539062
0.00900268554687497 -0.294189453125 0.03131103515625 0.2906494140625
0.045806884765625 -0.2921142578125 0.0655517578125 0.31622314453125
0.038848876953125 -0.30780029296875 0.03948974609375 0.32659912109375
0.140487670898437 -0.226409912109375 -0.08740234375 0.305206298828125
0.273681640625 -0.1134033203125 -0.16339111328125 0.221038818359375
0.29510498046875 0.09423828125 -0.1986083984375 0.050811767578125
0.134307861328125 0.35833740234375 -0.108528137207031 -0.0723190307617187
-0.031524658203125 0.40130615234375 0.0494041442871094 0.0596885681152344
-0.24554443359375 0.44915771484375 -0.0811614990234375 0.231170654296875
-0.05517578125 0.285858154296875 -0.36480712890625 0.551483154296875
0.0726318359375 0.249160766601563 -0.02899169921875 0.448883056640625
0.17376708984375 0.135574340820313 0.0784683227539063 0.137779235839844
0.16827392578125 -0.0047454833984375 -0.0442962646484375 0.0823440551757813
0.129302978515625 -0.0670547485351563 -0.1014404296875 0.155776977539063
0.0659332275390625 -0.128929138183594 -0.0826263427734375 0.274856567382812
0.02349853515625 -0.136131286621094 0.04425048828125 0.369720458984375
0.0381011962890625 -0.13848876953125 0.076202392578125 0.38165283203125
0.0473785400390625 -0.147048950195312 0.04010009765625 0.39715576171875
0.0873794555664063 -0.0879135131835938 -0.102813720703125 0.3433837890625
0.135627746582031 -0.0238876342773437 -0.178421020507813 0.216766357421875
0.111282348632813 0.0686874389648438 -0.19525146484375 0.0596466064453125
0.025543212890625 0.167205810546875 -0.0867462158203125 -0.0357437133789062
-0.0281829833984375 0.177383422851563 0.0402374267578125 0.143295288085938
-0.12396240234375 0.232940673828125 -0.156097412109375 0.351531982421875
-0.0610542297363281 0.00971984863281251 0.11962890625 -0.45013427734375
-0.0193939208984375 0.0543174743652344 -0.0459747314453125 -0.223709106445313
0.0527610778808594 0.0511016845703125 0.048095703125 0.039886474609375
0.0641746520996094 -0.00254440307617188 0.1842041015625 -0.04107666015625
0.0311393737792969 -0.0644187927246094 0.198883056640625 -0.178359985351563
-0.0352821350097656 -0.0533485412597656 0.0938720703125 -0.336029052734375
-0.0550880432128906 -0.0377044677734375 -0.084930419921875 -0.413604736328125
-0.0325832366943359 -0.0288486480712891 -0.1058349609375 -0.39410400390625
-0.0466194152832031 -0.0227775573730469 -0.063568115234375 -0.39654541015625
-0.00635910034179687 -0.0431060791015625 0.057281494140625 -0.316253662109375
0.0271873474121094 -0.0238590240478516 0.0750579833984375 -0.176422119140625
0.0454139709472656 0.0278587341308594 0.0314559936523437 -0.126739501953125
-0.0121879577636719 0.0363349914550781 -0.0503692626953125 -0.212417602539063
-0.0376739501953125 0.0123558044433594 -0.01751708984375 -0.47674560546875
-0.0394477844238281 -0.0450439453125 0.407958984375 -0.6268310546875
-0.167831420898437 0.265060424804688 0.102294921875 -0.432342529296875
-0.034149169921875 0.2620849609375 -0.0418853759765625 -0.223846435546875
0.1597900390625 0.23297119140625 0.0462722778320313 0.036590576171875
0.223892211914062 0.0470428466796875 0.15997314453125 -0.0403594970703125
0.18316650390625 -0.124008178710937 0.187728881835938 -0.146041870117188
0.025909423828125 -0.196884155273438 0.0826416015625 -0.300872802734375
-0.0655517578125 -0.202239990234375 -0.074676513671875 -0.373291015625
-0.025421142578125 -0.201324462890625 -0.08935546875 -0.34210205078125
-0.0517120361328125 -0.208648681640625 -0.05322265625 -0.3514404296875
0.05548095703125 -0.200531005859375 0.0427093505859375 -0.26776123046875
0.1812744140625 -0.125869750976563 0.0516433715820313 -0.132278442382813
0.246337890625 0.04644775390625 -0.00431060791015623 -0.126747131347656
0.1180419921875 0.242324829101563 -0.0782470703125 -0.2369384765625
-0.0196533203125 0.264495849609375 -0.00866699218749997 -0.491943359375
-0.151779174804688 0.233383178710938 0.3916015625 -0.6201171875
-0.245574951171875 0.48651123046875 0.047027587890625 -0.344207763671875
-0.0317382812499999 0.447235107421875 -0.0396270751953125 -0.174423217773437
0.269439697265625 0.3851318359375 0.0554542541503906 0.0379257202148438
0.37005615234375 0.082122802734375 0.132133483886719 -0.0415802001953125
0.316375732421875 -0.1788330078125 0.158096313476563 -0.107101440429688
0.08197021484375 -0.321075439453125 0.0575714111328125 -0.232025146484375
-0.0692138671875 -0.339599609375 -0.0595703125 -0.28082275390625
-0.01385498046875 -0.3441162109375 -0.0590667724609375 -0.239166259765625
-0.05059814453125 -0.36346435546875 -0.0333404541015625 -0.250244140625
0.10906982421875 -0.32879638671875 0.019317626953125 -0.171966552734375
0.312957763671875 -0.214447021484375 0.0110626220703125 -0.0613899230957031
0.421478271484375 0.057830810546875 -0.0559234619140625 -0.108367919921875
0.242095947265625 0.421356201171875 -0.111251831054687 -0.242294311523438
0.00378417968749997 0.487396240234375 -0.00048828125000002 -0.4556884765625
-0.2454833984375 0.4781494140625 0.335357666015625 -0.531585693359375
-0.2841796875 0.6455078125 -0.03326416015625 -0.191268920898437
-0.00256347656249994 0.5867919921875 -0.034637451171875 -0.0774002075195312
0.375701904296875 0.48565673828125 0.0716934204101563 0.0451202392578125
0.487030029296875 0.09027099609375 0.0960235595703125 -0.0366897583007812
0.412872314453125 -0.224212646484375 0.109649658203125 -0.054718017578125
0.124542236328125 -0.40777587890625 0.0234146118164063 -0.132209777832031
-0.064361572265625 -0.427886962890625 -0.03680419921875 -0.147384643554688
-0.00201416015625001 -0.43310546875 -0.0189056396484375 -0.0988540649414063
-0.03961181640625 -0.459442138671875 -0.00616455078125001 -0.106903076171875
0.146392822265625 -0.406280517578125 -0.00592422485351562 -0.0410728454589844
0.399383544921875 -0.272430419921875 -0.0363426208496094 0.0299224853515625
0.536468505859375 0.059906005859375 -0.111366271972656 -0.0680084228515625
0.330902099609375 0.538055419921875 -0.138427734375 -0.219512939453125
0.026611328125 0.63946533203125 0.012115478515625 -0.361175537109375
-0.30633544921875 0.6466064453125 0.247772216796875 -0.36798095703125
-0.2772216796875 0.714111328125 -0.125724792480469 0.00785064697265629
0.0379638671875 0.6505126953125 -0.0240211486816406 0.0568885803222657
0.440948486328125 0.508575439453125 0.0861282348632813 0.0597991943359375
0.54046630859375 0.074951171875 0.0513801574707032 -0.0183181762695312
0.4473876953125 -0.247650146484375 0.0491447448730469 0.0132331848144531
0.142852783203125 -0.438446044921875 -0.012394905090332 -0.00685787200927737
-0.051116943359375 -0.452972412109375 -0.00821685791015626 0.0100355148315429
0.012237548828125 -0.455657958984375 0.0233612060546875 0.0555877685546875
-0.023223876953125 -0.482879638671875 0.0233612060546875 0.0552444458007812
0.163421630859375 -0.414337158203125 -0.0292892456054687 0.10125732421875
0.419769287109375 -0.2760009765625 -0.0826644897460937 0.124794006347656
0.556640625 0.063232421875 -0.158767700195312 -0.0147705078125
0.348388671875 0.56842041015625 -0.14837646484375 -0.171676635742188
0.0316162109375001 0.67620849609375 0.0306549072265625 -0.22235107421875
-0.32501220703125 0.70098876953125 0.1419677734375 -0.158294677734375
-0.22564697265625 0.67559814453125 -0.214752197265625 0.22491455078125
0.07440185546875 0.60809326171875 -0.011322021484375 0.207229614257813
0.4322509765625 0.448516845703125 0.0924224853515625 0.0808334350585938
0.49932861328125 0.045867919921875 0.00474548339843753 0.0149717330932617
0.40435791015625 -0.22979736328125 -0.0132904052734375 0.0843963623046875
0.13580322265625 -0.398284912109375 -0.0424270629882812 0.121200561523437
-0.03277587890625 -0.40631103515625 0.021697998046875 0.165725708007812
0.021148681640625 -0.40911865234375 0.0609283447265625 0.202362060546875
-0.00265502929687496 -0.43072509765625 0.04791259765625 0.2088623046875
0.157318115234375 -0.351593017578125 -0.050048828125 0.227920532226562
0.37255859375 -0.222442626953125 -0.121917724609375 0.198471069335938
0.468902587890625 0.072021484375 -0.18865966796875 0.0347442626953125
0.28155517578125 0.501678466796875 -0.138870239257813 -0.115226745605469
0.01568603515625 0.5906982421875 0.0470809936523437 -0.0721740722656249
-0.29693603515625 0.63775634765625 0.0322074890136719 0.05780029296875
-0.14208984375 0.529541015625 -0.28839111328125 0.42633056640625
0.0900268554687501 0.4642333984375 -0.00323486328124997 0.3480224609375
0.33551025390625 0.31146240234375 0.0909957885742188 0.106040954589844
0.362945556640625 0.014007568359375 -0.02886962890625 0.0531539916992188
0.288604736328125 -0.168121337890625 -0.0638198852539062 0.138847351074219
0.10491943359375 -0.290679931640625 -0.0618438720703125 0.225341796875
-0.010986328125 -0.29534912109375 0.04888916015625 0.29449462890625
0.0264892578125 -0.299163818359375 0.088897705078125 0.317718505859375
0.018585205078125 -0.3140869140625 0.063995361328125 0.33062744140625
0.127899169921875 -0.23602294921875 -0.068634033203125 0.315704345703125
0.26806640625 -0.132354736328125 -0.150985717773438 0.233139038085938
0.305816650390625 0.07574462890625 -0.19866943359375 0.063995361328125
0.1612548828125 0.356597900390625 -0.116218566894531 -0.0645523071289062
-0.00894165039062497 0.408599853515625 0.0544090270996094 0.0567207336425781
-0.22271728515625 0.47296142578125 -0.064849853515625 0.240890502929688
-0.03936767578125 0.295654296875 -0.33709716796875 0.57794189453125
0.0886383056640625 0.249420166015625 -0.00305175781250001 0.45892333984375
0.185409545898438 0.126205444335938 0.0892257690429688 0.132011413574219
0.169448852539063 -0.0164031982421875 -0.0386123657226562 0.0841140747070313
0.127540588378906 -0.0781326293945313 -0.0922393798828125 0.161941528320313
0.0588531494140625 -0.134994506835938 -0.06927490234375 0.2850341796875
0.0136489868164062 -0.137916564941406 0.066314697265625 0.374237060546875
0.0290069580078125 -0.143356323242188 0.1031494140625 0.384521484375
0.0369415283203125 -0.152542114257813 0.06793212890625 0.403289794921875
0.0825271606445312 -0.0938644409179687 -0.082427978515625 0.355712890625
0.13360595703125 -0.033477783203125 -0.166717529296875 0.2294921875
0.117813110351563 0.0612411499023438 -0.193313598632813 0.073486328125
0.038818359375 0.169219970703125 -0.090606689453125 -0.0298919677734375
-0.01812744140625 0.182479858398438 0.0506439208984375 0.141128540039063
-0.111801147460938 0.2470703125 -0.13311767578125 0.365875244140625
-0.05975341796875 0.0115585327148438 0.088043212890625 -0.4512939453125
-0.0162582397460938 0.054290771484375 -0.0593414306640625 -0.218292236328125
0.0555496215820312 0.0474510192871094 0.0517921447753906 0.0343055725097656
0.0646820068359375 -0.005126953125 0.17620849609375 -0.0524139404296875
0.0265159606933594 -0.0633964538574219 0.182159423828125 -0.187164306640625
-0.0377349853515625 -0.0479965209960938 0.071533203125 -0.337005615234375
-0.0551414489746094 -0.0329132080078125 -0.110870361328125 -0.4013671875
-0.032806396484375 -0.0263671875 -0.131988525390625 -0.3822021484375
-0.0462455749511719 -0.0170135498046875 -0.092041015625 -0.3876953125
-0.00942230224609375 -0.0407943725585938 0.037078857421875 -0.31658935546875
0.0253105163574219 -0.0238437652587891 0.06427001953125 -0.17633056640625
0.0470771789550781 0.0247230529785156 0.0210189819335938 -0.125823974609375
-0.0120887756347656 0.0359458923339844 -0.0655670166015625 -0.205337524414063
-0.0364799499511719 0.0130500793457031 -0.048126220703125 -0.464691162109375
-0.0399436950683594 -0.0419044494628906 0.35906982421875 -0.6361083984375
-0.147628784179688 0.270095825195313 0.07110595703125 -0.433868408203125
-0.018463134765625 0.259567260742188 -0.0567169189453125 -0.21832275390625
0.173446655273438 0.218719482421875 0.0511512756347656 0.0302085876464844
0.223495483398438 0.0341033935546875 0.152633666992188 -0.0504302978515625
0.17083740234375 -0.132492065429688 0.174087524414063 -0.15509033203125
0.012481689453125 -0.192047119140625 0.063507080078125 -0.299285888671875
-0.07611083984375 -0.192138671875 -0.09893798828125 -0.36187744140625
-0.0373077392578125 -0.196609497070312 -0.111602783203125 -0.3328857421875
-0.0639495849609375 -0.199234008789062 -0.078582763671875 -0.34356689453125
0.0411834716796875 -0.19866943359375 0.025787353515625 -0.267501831054688
0.1697998046875 -0.134918212890625 0.0442352294921875 -0.132011413574219
0.24652099609375 0.029510498046875 -0.014404296875 -0.124862670898438
0.130294799804687 0.232177734375 -0.0942535400390625 -0.226806640625
-0.00447082519531247 0.26019287109375 -0.039764404296875 -0.48052978515625
-0.1341552734375 0.239761352539062 0.344970703125 -0.62957763671875
-0.21112060546875 0.4920654296875 0.021942138671875 -0.343658447265625
-0.00454711914062497 0.44244384765625 -0.0532073974609375 -0.169815063476562
0.290985107421875 0.3616943359375 0.0610885620117188 0.0296669006347656
0.36895751953125 0.05889892578125 0.124977111816406 -0.0504379272460937
0.2974853515625 -0.195404052734375 0.146820068359375 -0.11553955078125
0.059600830078125 -0.316741943359375 0.0419464111328125 -0.2303466796875
-0.088287353515625 -0.324737548828125 -0.0784454345703125 -0.271347045898438
-0.036346435546875 -0.337158203125 -0.0744171142578125 -0.232833862304688
-0.074005126953125 -0.35064697265625 -0.0515899658203125 -0.244522094726563
0.0858154296875 -0.327880859375 0.00984191894531249 -0.170822143554688
0.29345703125 -0.22991943359375 0.0091972351074219 -0.0602607727050781
0.419403076171875 0.028717041015625 -0.06402587890625 -0.102928161621094
0.2640380859375 0.400909423828125 -0.127120971679687 -0.228652954101562
0.032562255859375 0.478240966796875 -0.0299072265625 -0.444580078125
-0.21002197265625 0.4881591796875 0.296356201171875 -0.5390625
-0.23822021484375 0.6549072265625 -0.04852294921875 -0.18951416015625
0.0330810546875001 0.57965087890625 -0.0431060791015625 -0.0742416381835937
0.403289794921875 0.452606201171875 0.0777359008789063 0.0347900390625
0.48541259765625 0.05816650390625 0.0905303955078125 -0.0443572998046875
0.389068603515625 -0.24822998046875 0.102928161621094 -0.0620040893554688
0.094970703125 -0.40399169921875 0.0144882202148438 -0.12860107421875
-0.090118408203125 -0.411529541015625 -0.04705810546875 -0.1414794921875
-0.0303955078125 -0.426605224609375 -0.0250701904296875 -0.0978851318359375
-0.071014404296875 -0.4464111328125 -0.0135116577148438 -0.104568481445313
0.117767333984375 -0.40679931640625 -0.006561279296875 -0.0404396057128906
0.373504638671875 -0.292205810546875 -0.0317707061767578 0.0320930480957031
0.53375244140625 0.023590087890625 -0.116065979003906 -0.0598373413085937
0.361358642578125 0.512542724609375 -0.151290893554687 -0.20404052734375
0.0633544921875 0.62567138671875 -0.010467529296875 -0.353851318359375
-0.25872802734375 0.65728759765625 0.22100830078125 -0.37298583984375
-0.2261962890625 0.7215576171875 -0.1265869140625 0.0123291015625001
0.0769653320312499 0.639892578125 -0.0236091613769531 0.0579795837402344
0.47039794921875 0.469696044921875 0.0926513671875 0.0477066040039063
0.536529541015625 0.040679931640625 0.0482521057128907 -0.0235557556152344
0.422088623046875 -0.27374267578125 0.0483551025390625 0.00743103027343748
0.111328125 -0.43609619140625 -0.0134754180908203 -0.00325870513916018
-0.079559326171875 -0.436431884765625 -0.00931072235107422 0.0115928649902344
-0.0196533203125 -0.449737548828125 0.0271224975585937 0.0521507263183593
-0.058258056640625 -0.471771240234375 0.0275497436523437 0.0534095764160156
0.133941650390625 -0.41461181640625 -0.0204925537109375 0.102188110351562
0.39471435546875 -0.297607421875 -0.07183837890625 0.127693176269531
0.553375244140625 0.024566650390625 -0.1588134765625 -0.00395202636718749
0.380218505859375 0.53961181640625 -0.15869140625 -0.156158447265625
0.070068359375 0.661865234375 0.0167694091796875 -0.21917724609375
-0.27557373046875 0.71331787109375 0.131378173828125 -0.161346435546875
-0.1785888671875 0.68109130859375 -0.199600219726563 0.232940673828125
0.10980224609375 0.59747314453125 -0.000534057617187491 0.205459594726563
0.455718994140625 0.410888671875 0.0991897583007813 0.06854248046875
0.494659423828125 0.013427734375 0.00577259063720706 0.0119009017944336
0.38043212890625 -0.25457763671875 -0.00823211669921873 0.0806045532226562
0.1072998046875 -0.3973388671875 -0.0356216430664063 0.12481689453125
-0.059295654296875 -0.393096923828125 0.03070068359375 0.163406372070312
-0.00637817382812504 -0.405181884765625 0.0751800537109375 0.194580078125
-0.033172607421875 -0.421295166015625 0.063262939453125 0.203994750976562
0.131561279296875 -0.353515625 -0.033294677734375 0.228271484375
0.349395751953125 -0.24261474609375 -0.105911254882812 0.2022705078125
0.467559814453125 0.03985595703125 -0.18408203125 0.0471343994140625
0.310089111328125 0.479766845703125 -0.145217895507813 -0.101333618164062
0.048583984375 0.57958984375 0.042999267578125 -0.0734405517578125
-0.25323486328125 0.6495361328125 0.0381927490234375 0.0556068420410157
-0.104949951171875 0.531707763671875 -0.25811767578125 0.436126708984375
0.11785888671875 0.453857421875 0.01708984375 0.3433837890625
0.3521728515625 0.2833251953125 0.0981979370117188 0.0951309204101563
0.35791015625 -0.009429931640625 -0.024169921875 0.0520706176757813
0.271148681640625 -0.186691284179688 -0.0536422729492187 0.137657165527344
0.0838623046875 -0.291290283203125 -0.0485382080078125 0.227996826171875
-0.02984619140625 -0.286224365234375 0.066619873046875 0.28875732421875
0.005218505859375 -0.296356201171875 0.11029052734375 0.306915283203125
-0.00433349609374999 -0.3077392578125 0.087493896484375 0.322021484375
0.111068725585938 -0.2379150390625 -0.046173095703125 0.316314697265625
0.252395629882813 -0.146957397460938 -0.13262939453125 0.237380981445313
0.306549072265625 0.053619384765625 -0.191543579101562 0.076446533203125
0.184326171875 0.3426513671875 -0.118988037109375 -0.0536956787109375
0.015716552734375 0.403167724609375 0.0581588745117188 0.0514106750488282
-0.189544677734375 0.48248291015625 -0.0450286865234375 0.241409301757813
-0.02142333984375 0.29638671875 -0.29595947265625 0.58770751953125
0.102737426757812 0.241500854492188 0.02532958984375 0.4525146484375
0.19091796875 0.112060546875 0.0957412719726563 0.121978759765625
0.164749145507813 -0.02801513671875 -0.0309600830078125 0.0830612182617187
0.119842529296875 -0.0866012573242187 -0.0806884765625 0.162994384765625
0.0489578247070312 -0.136611938476563 -0.052520751953125 0.285858154296875
0.00408172607421875 -0.135093688964844 0.089813232421875 0.36566162109375
0.0179290771484375 -0.143173217773438 0.12841796875 0.3726806640625
0.024993896484375 -0.152130126953125 0.09844970703125 0.392059326171875
0.0743408203125 -0.09649658203125 -0.057647705078125 0.356842041015625
0.127197265625 -0.04217529296875 -0.149612426757812 0.235137939453125
0.119735717773438 0.0514450073242188 -0.184295654296875 0.0853271484375
0.052093505859375 0.164764404296875 -0.0904541015625 -0.0220947265625
-0.00616455078124998 0.1810302734375 0.0604019165039062 0.134490966796875
-0.0953521728515625 0.252334594726563 -0.10430908203125 0.36663818359375
-0.0571746826171875 0.0127029418945312 0.06646728515625 -0.439697265625
-0.01397705078125 0.052703857421875 -0.0670928955078125 -0.21063232421875
0.0566444396972656 0.0429611206054688 0.0521392822265625 0.029083251953125
0.0637664794921875 -0.0065765380859375 0.166366577148438 -0.0577239990234375
0.0232429504394531 -0.0611152648925781 0.168304443359375 -0.186080932617188
-0.037811279296875 -0.0431365966796875 0.057586669921875 -0.329193115234375
-0.053314208984375 -0.028961181640625 -0.12451171875 -0.382232666015625
-0.0318431854248047 -0.0241680145263672 -0.14630126953125 -0.3642578125
-0.0437431335449219 -0.0126457214355469 -0.10894775390625 -0.371307373046875
-0.0110435485839844 -0.0377159118652344 0.022796630859375 -0.3092041015625
0.0240383148193359 -0.0235252380371094 0.0564727783203125 -0.1715087890625
0.0472221374511719 0.0217247009277344 0.0129318237304688 -0.122039794921875
-0.0124683380126953 0.0350914001464844 -0.073944091796875 -0.195693969726563
-0.0351600646972656 0.0126533508300781 -0.06561279296875 -0.444366455078125
-0.0385475158691406 -0.0396842956542969 0.320556640625 -0.6236572265625
-0.131011962890625 0.265533447265625 0.04937744140625 -0.42254638671875
-0.00831604003906247 0.251556396484375 -0.0659637451171875 -0.21002197265625
0.177932739257813 0.202850341796875 0.0522575378417969 0.0235099792480469
0.21868896484375 0.0245819091796875 0.142669677734375 -0.0554046630859375
0.158416748046875 -0.133621215820313 0.160308837890625 -0.155624389648437
0.0049896240234375 -0.183319091796875 0.05023193359375 -0.291473388671875
-0.0797576904296875 -0.180465698242188 -0.11151123046875 -0.345489501953125
-0.04345703125 -0.188583374023438 -0.124176025390625 -0.318817138671875
-0.0700531005859375 -0.187591552734375 -0.0928955078125 -0.329254150390625
0.0316925048828125 -0.191925048828125 0.0147247314453125 -0.26141357421875
0.15887451171875 -0.135955810546875 0.0389175415039063 -0.128440856933594
0.240432739257812 0.017913818359375 -0.0211181640625 -0.11932373046875
0.135040283203125 0.219772338867188 -0.1021728515625 -0.213775634765625
0.00486755371093751 0.250473022460937 -0.057647705078125 -0.459808349609375
-0.118301391601563 0.237564086914062 0.3076171875 -0.61663818359375
-0.182464599609375 0.48486328125 0.00354003906250001 -0.334136962890625
0.01214599609375 0.428497314453125 -0.061676025390625 -0.16253662109375
0.298004150390625 0.334625244140625 0.0624351501464844 0.0211067199707031
0.359710693359375 0.0428466796875 0.116920471191406 -0.0547637939453125
0.277633666992188 -0.200332641601563 0.135780334472656 -0.117591857910156
0.044525146484375 -0.30438232421875 0.0326690673828125 -0.222152709960938
-0.097381591796875 -0.30694580078125 -0.0883941650390625 -0.25860595703125
-0.0484619140625 -0.324981689453125 -0.08331298828125 -0.224105834960938
-0.086944580078125 -0.332275390625 -0.0613250732421875 -0.2342529296875
0.070037841796875 -0.31842041015625 0.00349426269531252 -0.167434692382813
0.2735595703125 -0.233230590820313 0.00799560546875002 -0.0575904846191406
0.40826416015625 0.009429931640625 -0.0682830810546875 -0.0965118408203125
0.272674560546875 0.378448486328125 -0.13385009765625 -0.213119506835937
0.04718017578125 0.4598388671875 -0.04534912109375 -0.425018310546875
-0.1834716796875 0.482940673828125 0.265777587890625 -0.5262451171875
-0.20343017578125 0.6419677734375 -0.058441162109375 -0.182098388671875
0.05279541015625 0.560699462890625 -0.04791259765625 -0.0698776245117187
0.410186767578125 0.4168701171875 0.0791244506835938 0.0241775512695313
0.472412109375 0.03692626953125 0.0843429565429688 -0.0480422973632813
0.36297607421875 -0.2572021484375 0.095947265625 -0.065399169921875
0.074951171875 -0.390655517578125 0.00912475585937501 -0.122573852539063
-0.104034423828125 -0.388519287109375 -0.0531997680664063 -0.133575439453125
-0.04766845703125 -0.410980224609375 -0.0294876098632813 -0.0953140258789063
-0.089202880859375 -0.42559814453125 -0.0174789428710938 -0.100845336914063
0.096649169921875 -0.394775390625 -0.00671768188476562 -0.0394973754882813
0.348663330078125 -0.294586181640625 -0.027261734008789 0.0330677032470703
0.519256591796875 0.000518798828125 -0.116546630859375 -0.0528030395507812
0.370758056640625 0.483795166015625 -0.155975341796875 -0.187454223632812
0.0823974609375 0.60296630859375 -0.022796630859375 -0.33941650390625
-0.2235107421875 0.6484375 0.202239990234375 -0.36419677734375
-0.18658447265625 0.708984375 -0.12579345703125 0.0150985717773438
0.0987548828124999 0.618408203125 -0.0236701965332031 0.0578880310058594
0.4764404296875 0.434326171875 0.0938262939453125 0.036346435546875
0.52069091796875 0.01702880859375 0.0446891784667969 -0.0267143249511719
0.393157958984375 -0.28399658203125 0.0462570190429688 0.00238037109374998
0.088348388671875 -0.42266845703125 -0.0133218765258789 0.000125885009765596
-0.09454345703125 -0.41461181640625 -0.00968265533447266 0.0130939483642578
-0.038787841796875 -0.43499755859375 0.0288009643554687 0.0481147766113281
-0.077362060546875 -0.4503173828125 0.0303459167480469 0.0503425598144531
0.112518310546875 -0.404052734375 -0.0141448974609375 0.0996551513671875
0.367340087890625 -0.301605224609375 -0.0620880126953125 0.126358032226562
0.53656005859375 0.00018310546875 -0.155258178710937 0.00332641601562501
0.39166259765625 0.508056640625 -0.159927368164062 -0.14166259765625
0.0905761718749999 0.6376953125 0.00900268554687501 -0.21148681640625
-0.2379150390625 0.70208740234375 0.12310791015625 -0.158676147460937
-0.14404296875 0.66766357421875 -0.18701171875 0.230728149414063
0.13006591796875 0.57513427734375 0.005218505859375 0.200393676757813
0.45977783203125 0.37786865234375 0.101272583007813 0.0577850341796875
0.47943115234375 -0.007080078125 0.00584697723388675 0.00891208648681641
0.355133056640625 -0.2633056640625 -0.00479125976562497 0.0751495361328125
0.0865478515625 -0.38653564453125 -0.0304946899414062 0.124618530273437
-0.071868896484375 -0.3734130859375 0.0355377197265625 0.158538818359375
-0.024566650390625 -0.390960693359375 0.0817413330078125 0.184036254882813
-0.051300048828125 -0.40386962890625 0.0723876953125 0.194046020507812
0.112945556640625 -0.344970703125 -0.021392822265625 0.223281860351563
0.32568359375 -0.2474365234375 -0.0930328369140625 0.199600219726562
0.45452880859375 0.018157958984375 -0.17730712890625 0.053741455078125
0.322967529296875 0.451629638671875 -0.144180297851562 -0.089111328125
0.0672912597656249 0.558380126953125 0.0401763916015625 -0.0728988647460937
-0.218017578125 0.64031982421875 0.0417251586914062 0.0530815124511719
-0.082855224609375 0.521728515625 -0.2347412109375 0.42828369140625
0.13116455078125 0.435791015625 0.02935791015625 0.333099365234375
0.352935791015625 0.259246826171875 0.100051879882813 0.0841827392578125
0.3448486328125 -0.02374267578125 -0.0205917358398437 0.0487785339355469
0.253524780273438 -0.193023681640625 -0.0465469360351562 0.131736755371094
0.06903076171875 -0.284271240234375 -0.039031982421875 0.225082397460937
-0.040740966796875 -0.273162841796875 0.0759735107421875 0.278274536132813
-0.00848388671875003 -0.287200927734375 0.12115478515625 0.29254150390625
-0.018798828125 -0.2965087890625 0.10211181640625 0.307952880859375
0.0970916748046875 -0.233795166015625 -0.0301513671875 0.308837890625
0.235610961914062 -0.151657104492188 -0.118545532226563 0.234222412109375
0.298553466796875 0.038330078125 -0.181686401367187 0.0825958251953125
0.193939208984375 0.32391357421875 -0.116226196289062 -0.045135498046875
0.029266357421875 0.388092041015625 0.0600395202636719 0.0459136962890625
-0.165679931640625 0.47698974609375 -0.0313568115234375 0.233642578125
-0.00930786132812501 0.28851318359375 -0.26416015625 0.5787353515625
0.107696533203125 0.2305908203125 0.04327392578125 0.437744140625
0.188201904296875 0.100662231445313 0.0979385375976563 0.112045288085937
0.157272338867188 -0.0338287353515625 -0.02520751953125 0.0793609619140625
0.111747741699219 -0.0894546508789063 -0.0715179443359375 0.15740966796875
0.0414581298828125 -0.134475708007813 -0.0414276123046875 0.280242919921875
-0.00205230712890624 -0.129287719726563 0.10205078125 0.351715087890625
0.0102462768554687 -0.139511108398437 0.1417236328125 0.3558349609375
0.0168914794921875 -0.147979736328125 0.115753173828125 0.375885009765625
0.0680007934570313 -0.09576416015625 -0.040283203125 0.347900390625
0.1185302734375 -0.0463180541992187 -0.135269165039063 0.232101440429687
0.117469787597656 0.0440597534179688 -0.173995971679688 0.0903167724609375
0.0596466064453125 0.15679931640625 -0.0876922607421875 -0.016510009765625
0.000915527343749999 0.175506591796875 0.0642242431640625 0.125518798828125
-0.082366943359375 0.249404907226563 -0.08392333984375 0.35626220703125
-0.0554351806640625 0.0119667053222656 0.057464599609375 -0.428497314453125
-0.0130119323730469 0.0506172180175781 -0.070281982421875 -0.204437255859375
0.0557594299316406 0.0401039123535156 0.051055908203125 0.024749755859375
0.0628280639648438 -0.00738525390625 0.158355712890625 -0.0589599609375
0.021881103515625 -0.0587272644042969 0.160079956054688 -0.18145751953125
-0.0368156433105469 -0.0397453308105469 0.0516357421875 -0.32086181640625
-0.0516395568847656 -0.0270881652832031 -0.12890625 -0.36981201171875
-0.0307521820068359 -0.0225238800048828 -0.15081787109375 -0.352386474609375
-0.0415878295898438 -0.00982284545898438 -0.11492919921875 -0.359161376953125
-0.0112800598144531 -0.0352134704589844 0.01837158203125 -0.30316162109375
0.0236682891845703 -0.0223960876464844 0.0536041259765625 -0.16595458984375
0.0462226867675781 0.0202102661132813 0.00889587402343749 -0.117782592773438
-0.0131015777587891 0.0347118377685547 -0.07708740234375 -0.187530517578125
-0.0336093902587891 0.0113887786865234 -0.070220947265625 -0.426239013671875
-0.0360527038574219 -0.0385971069335938 0.30462646484375 -0.60345458984375
-0.123184204101562 0.258209228515625 0.039459228515625 -0.41064453125
-0.00561523437500001 0.2445068359375 -0.0694732666015625 -0.204177856445313
0.17584228515625 0.192779541015625 0.0517959594726563 0.0176429748535156
0.213638305664063 0.0206298828125 0.13555908203125 -0.0557708740234375
0.151123046875 -0.131454467773438 0.152496337890625 -0.152603149414063
0.001953125 -0.175628662109375 0.04632568359375 -0.28350830078125
-0.0790557861328125 -0.172607421875 -0.1153564453125 -0.3341064453125
-0.044769287109375 -0.183151245117187 -0.128082275390625 -0.308135986328125
-0.0698699951171875 -0.178314208984375 -0.0985107421875 -0.318878173828125
0.0279693603515625 -0.18524169921875 0.0115203857421875 -0.256072998046875
0.151885986328125 -0.1336669921875 0.0380477905273438 -0.123931884765625
0.234451293945313 0.0125274658203125 -0.0243911743164062 -0.114639282226563
0.133621215820313 0.213180541992188 -0.1031494140625 -0.204269409179688
0.00640869140625002 0.242904663085938 -0.062774658203125 -0.441009521484375
-0.110870361328125 0.2333984375 0.29168701171875 -0.5955810546875
-0.1705322265625 0.471771240234375 -0.00433349609375001 -0.32470703125
0.0169677734375 0.417083740234375 -0.0654296875 -0.157150268554688
0.2957763671875 0.319366455078125 0.0616302490234375 0.0148048400878906
0.35052490234375 0.037109375 0.11041259765625 -0.055450439453125
0.26556396484375 -0.198089599609375 0.129676818847656 -0.116439819335938
0.03863525390625 -0.2928466796875 0.0291900634765625 -0.216018676757813
-0.098236083984375 -0.294036865234375 -0.0918426513671875 -0.248916625976563
-0.052520751953125 -0.3155517578125 -0.086578369140625 -0.217300415039063
-0.089385986328125 -0.318817138671875 -0.0648345947265625 -0.2274169921875
0.0633544921875 -0.3084716796875 0.0019378662109375 -0.163772583007813
0.261703491210938 -0.229507446289062 0.00994873046875001 -0.055694580078125
0.39788818359375 0.002105712890625 -0.0699539184570312 -0.092041015625
0.271575927734375 0.366668701171875 -0.13360595703125 -0.202545166015625
0.04931640625 0.44647216796875 -0.0482177734375 -0.40985107421875
-0.170867919921875 0.473175048828125 0.25323486328125 -0.509735107421875
-0.18572998046875 0.627197265625 -0.0633544921875 -0.177276611328125
0.058868408203125 0.5447998046875 -0.0506210327148438 -0.0664634704589844
0.406219482421875 0.397308349609375 0.0781631469726563 0.0166168212890625
0.45941162109375 0.029510498046875 0.0790481567382813 -0.0491714477539063
0.34698486328125 -0.254425048828125 0.091339111328125 -0.0669631958007813
0.066162109375 -0.377349853515625 0.00724029541015626 -0.118240356445313
-0.1044921875 -0.37353515625 -0.0556488037109375 -0.128074645996094
-0.053192138671875 -0.399688720703125 -0.0310287475585938 -0.0930252075195313
-0.09417724609375 -0.409454345703125 -0.0187911987304688 -0.0985031127929688
0.087921142578125 -0.383392333984375 -0.00552368164062499 -0.039306640625
0.3330078125 -0.292236328125 -0.0238151550292969 0.0324840545654297
0.504730224609375 -0.00982666015625 -0.115913391113281 -0.0489959716796875
0.370269775390625 0.465087890625 -0.153610229492187 -0.176925659179688
0.0860595703125 0.58380126953125 -0.025054931640625 -0.327362060546875
-0.2091064453125 0.635986328125 0.192901611328125 -0.353851318359375
-0.171875 0.692138671875 -0.12530517578125 0.0157928466796876
0.1033935546875 0.6015625 -0.0244178771972656 0.0577774047851563
0.471466064453125 0.41192626953125 0.0931015014648438 0.0276718139648438
0.506317138671875 0.007965087890625 0.0416450500488282 -0.0280609130859375
0.375396728515625 -0.2825927734375 0.0437393188476563 -0.000480651855468767
0.080078125 -0.409881591796875 -0.0129709243774414 0.00217247009277341
-0.096893310546875 -0.39703369140625 -0.0107536315917969 0.0143508911132812
-0.0455322265625 -0.423065185546875 0.0287818908691406 0.0454673767089843
-0.082794189453125 -0.433258056640625 0.0318336486816406 0.0476951599121093
0.10321044921875 -0.39251708984375 -0.0107040405273437 0.0965957641601562
0.3505859375 -0.298675537109375 -0.0568389892578125 0.123809814453125
0.522491455078125 -0.009765625 -0.1519775390625 0.00570678710937497
0.391937255859375 0.49005126953125 -0.157073974609375 -0.132049560546875
0.0936279296875 0.61907958984375 0.00755310058593749 -0.20465087890625
-0.221923828125 0.68914794921875 0.11962890625 -0.153839111328125
-0.12957763671875 0.651611328125 -0.18072509765625 0.225555419921875
0.132110595703125 0.559173583984375 0.00723266601562501 0.19677734375
0.4544677734375 0.35791015625 0.100051879882813 0.049041748046875
0.46527099609375 -0.015045166015625 0.00563955307006839 0.00638628005981445
0.338623046875 -0.2625732421875 -0.00510787963867185 0.0695724487304688
0.077117919921875 -0.374420166015625 -0.0280075073242188 0.122962951660156
-0.07525634765625 -0.35943603515625 0.03662109375 0.155563354492187
-0.03125 -0.3814697265625 0.0828399658203125 0.177078247070312
-0.057403564453125 -0.389373779296875 0.07635498046875 0.186676025390625
0.104278564453125 -0.335113525390625 -0.016082763671875 0.217071533203125
0.3096923828125 -0.245147705078125 -0.0867462158203125 0.194793701171875
0.44183349609375 0.009552001953125 -0.171905517578125 0.0545501708984375
0.324005126953125 0.436279296875 -0.140762329101562 -0.0815887451171875
0.069793701171875 0.540985107421875 0.0397262573242188 -0.0725860595703125
-0.2047119140625 0.62872314453125 0.0431289672851562 0.0510940551757813
-0.071441650390625 0.5087890625 -0.2232666015625 0.4190673828125
0.132659912109375 0.42437744140625 0.03314208984375 0.325439453125
0.34759521484375 0.24566650390625 0.0990447998046875 0.0770721435546875
0.33447265625 -0.028533935546875 -0.0186004638671875 0.0452384948730469
0.241943359375 -0.192596435546875 -0.0444488525390625 0.125411987304688
0.06195068359375 -0.27557373046875 -0.036041259765625 0.221145629882812
-0.0437164306640625 -0.26287841796875 0.0786285400390625 0.2711181640625
-0.0139007568359375 -0.27947998046875 0.124542236328125 0.282623291015625
-0.024139404296875 -0.286163330078125 0.10748291015625 0.2962646484375
0.090423583984375 -0.22674560546875 -0.0234375 0.301300048828125
0.224365234375 -0.150253295898438 -0.111282348632812 0.22845458984375
0.29010009765625 0.031951904296875 -0.174591064453125 0.0833892822265625
0.1966552734375 0.31219482421875 -0.112884521484375 -0.03973388671875
0.032012939453125 0.37652587890625 0.060089111328125 0.0416908264160156
-0.154144287109375 0.466552734375 -0.0251922607421875 0.224990844726563
-0.00613403320312501 0.28271484375 -0.24853515625 0.56365966796875
0.107437133789063 0.223892211914063 0.049224853515625 0.427032470703125
0.184112548828125 0.0958099365234375 0.0969161987304688 0.106689453125
0.1517333984375 -0.0352630615234375 -0.022125244140625 0.0752944946289063
0.107032775878906 -0.0890350341796875 -0.068450927734375 0.150772094726563
0.0377731323242188 -0.131759643554688 -0.0381622314453125 0.274688720703125
-0.00396728515625 -0.124420166015625 0.10491943359375 0.34259033203125
0.00691986083984376 -0.135841369628906 0.145904541015625 0.343719482421875
0.0124359130859375 -0.143814086914063 0.1214599609375 0.361846923828125
0.0638961791992188 -0.09356689453125 -0.03289794921875 0.339080810546875
0.112701416015625 -0.0460586547851563 -0.127395629882813 0.226547241210938
0.114395141601563 0.0400009155273438 -0.165771484375 0.0912628173828125
0.0631103515625 0.150543212890625 -0.0843582153320313 -0.01324462890625
0.003326416015625 0.170608520507813 0.0653076171875 0.118118286132813
-0.076324462890625 0.245559692382813 -0.074615478515625 0.343536376953125
-0.0550880432128906 0.0109291076660156 0.0556640625 -0.425048828125
-0.0137748718261719 0.0490226745605469 -0.0721435546875 -0.203964233398438
0.0549468994140625 0.0383644104003906 0.0504608154296875 0.0222244262695313
0.0630874633789063 -0.00788116455078125 0.155288696289063 -0.0584869384765625
0.0214195251464844 -0.0577011108398438 0.159072875976563 -0.178924560546875
-0.0364418029785156 -0.0378684997558594 0.05194091796875 -0.319122314453125
-0.0509529113769531 -0.0262947082519531 -0.130279541015625 -0.367095947265625
-0.0296611785888672 -0.0224323272705078 -0.153472900390625 -0.3487548828125
-0.0396728515625 -0.0084381103515625 -0.117431640625 -0.356475830078125
-0.0115280151367188 -0.0339546203613281 0.017669677734375 -0.30206298828125
0.0241489410400391 -0.0220909118652344 0.0547332763671875 -0.163345336914063
0.0463294982910156 0.0193634033203125 0.00672149658203124 -0.116172790527344
-0.0145492553710938 0.0353851318359375 -0.0786895751953125 -0.184722900390625
-0.0335922241210938 0.0102863311767578 -0.070037841796875 -0.41888427734375
-0.0348320007324219 -0.0395164489746094 0.30224609375 -0.59222412109375
-0.122207641601562 0.254791259765625 0.03668212890625 -0.4068603515625
-0.00624084472656248 0.241943359375 -0.0727081298828125 -0.202285766601562
0.175445556640625 0.188430786132813 0.0512199401855469 0.013671875
0.21270751953125 0.0205841064453125 0.132492065429688 -0.0567550659179688
0.149139404296875 -0.1298828125 0.150924682617188 -0.150787353515625
0.00263977050781249 -0.171524047851563 0.046417236328125 -0.281982421875
-0.0778961181640625 -0.169204711914063 -0.117401123046875 -0.329925537109375
-0.0442047119140625 -0.181854248046875 -0.131011962890625 -0.30584716796875
-0.0690155029296875 -0.174713134765625 -0.10015869140625 -0.31622314453125
0.0275421142578125 -0.182479858398438 0.01080322265625 -0.255783081054688
0.151016235351562 -0.1331787109375 0.0397720336914063 -0.122085571289063
0.233551025390625 0.0117034912109375 -0.0265884399414062 -0.113128662109375
0.133224487304688 0.213104248046875 -0.104248046875 -0.200592041015625
0.0056304931640625 0.240692138671875 -0.061676025390625 -0.4354248046875
-0.109100341796875 0.23114013671875 0.291748046875 -0.58563232421875
-0.16778564453125 0.467132568359375 -0.00735473632812502 -0.32147216796875
0.017364501953125 0.411865234375 -0.06805419921875 -0.155242919921875
0.2945556640625 0.312042236328125 0.0612945556640625 0.00915527343750002
0.347869873046875 0.035491943359375 0.107063293457031 -0.0562820434570312
0.26171875 -0.196563720703125 0.127677917480469 -0.116035461425781
0.038299560546875 -0.287811279296875 0.0298614501953125 -0.214035034179688
-0.0965576171875 -0.28912353515625 -0.0941619873046875 -0.2459716796875
-0.0531005859375 -0.314117431640625 -0.0883331298828125 -0.216354370117188
-0.089263916015625 -0.3133544921875 -0.0665130615234375 -0.225494384765625
0.062408447265625 -0.30450439453125 0.00213623046875001 -0.164169311523438
0.258682250976563 -0.228271484375 0.0116424560546875 -0.0544891357421875
0.39617919921875 -0.00054931640625 -0.0719680786132812 -0.0908737182617188
0.27093505859375 0.364166259765625 -0.132797241210938 -0.19818115234375
0.048095703125 0.442474365234375 -0.04754638671875 -0.4041748046875
-0.16851806640625 0.47052001953125 0.25323486328125 -0.50067138671875
-0.1820068359375 0.62091064453125 -0.0660247802734375 -0.175155639648437
0.059173583984375 0.54119873046875 -0.0528373718261719 -0.0649871826171875
0.40447998046875 0.389404296875 0.0775604248046875 0.0104141235351563
0.455963134765625 0.02880859375 0.076629638671875 -0.050323486328125
0.3419189453125 -0.25238037109375 0.08935546875 -0.0678329467773438
0.064849853515625 -0.370849609375 0.00830841064453124 -0.11572265625
-0.1041259765625 -0.368255615234375 -0.057891845703125 -0.125625610351563
-0.054779052734375 -0.398468017578125 -0.0323562622070313 -0.0927734375
-0.093505859375 -0.402740478515625 -0.0189361572265625 -0.0988006591796875
0.087158203125 -0.37884521484375 -0.00558853149414062 -0.0399971008300781
0.32940673828125 -0.28924560546875 -0.0216941833496094 0.0320301055908203
0.502166748046875 -0.012451171875 -0.116783142089844 -0.0482330322265625
0.3704833984375 0.4627685546875 -0.1519775390625 -0.172637939453125
0.0811157226562501 0.57867431640625 -0.02374267578125 -0.32366943359375
-0.20697021484375 0.63348388671875 0.19354248046875 -0.3475341796875
-0.1689453125 0.68609619140625 -0.126678466796875 0.0156784057617188
0.1051025390625 0.5982666015625 -0.025482177734375 0.0587234497070313
0.469757080078125 0.40557861328125 0.0921096801757813 0.0218734741210938
0.50238037109375 0.006866455078125 0.040740966796875 -0.0308151245117187
0.37060546875 -0.28204345703125 0.0421524047851563 -0.00318908691406252
0.077056884765625 -0.404022216796875 -0.0126581192016602 0.0034523010253906
-0.096343994140625 -0.39178466796875 -0.0125942230224609 0.0158357620239258
-0.04693603515625 -0.421539306640625 0.0277976989746094 0.0440750122070312
-0.0850830078125 -0.427154541015625 0.03228759765625 0.0455474853515625
0.10137939453125 -0.388275146484375 -0.009246826171875 0.0954513549804687
0.346038818359375 -0.297027587890625 -0.054351806640625 0.122688293457031
0.5191650390625 -0.01153564453125 -0.151596069335937 0.005828857421875
0.3929443359375 0.4884033203125 -0.1546630859375 -0.128143310546875
0.0918579101562499 0.6136474609375 0.00917053222656251 -0.203781127929687
-0.2198486328125 0.68450927734375 0.120529174804687 -0.151763916015625
-0.12652587890625 0.6455078125 -0.181533813476562 0.22381591796875
0.13238525390625 0.558807373046875 0.00669860839843749 0.196945190429688
0.452392578125 0.354461669921875 0.0998153686523438 0.0438232421875
0.461822509765625 -0.0162353515625 0.00567770004272464 0.00418186187744141
0.335174560546875 -0.261871337890625 -0.00632476806640622 0.0658950805664062
0.075897216796875 -0.370452880859375 -0.0274810791015625 0.124687194824219
-0.07501220703125 -0.353790283203125 0.035919189453125 0.155776977539062
-0.0330810546875 -0.380340576171875 0.0837249755859375 0.174880981445312
-0.059112548828125 -0.384185791015625 0.0784454345703125 0.182952880859375
0.102386474609375 -0.330657958984375 -0.014007568359375 0.215499877929688
0.305572509765625 -0.2420654296875 -0.0846405029296875 0.192916870117188
0.4390869140625 0.007080078125 -0.170989990234375 0.0548858642578125
0.32513427734375 0.431976318359375 -0.138504028320313 -0.0785064697265625
0.068115234375 0.537811279296875 0.0408477783203125 -0.0725860595703125
-0.2027587890625 0.625244140625 0.0437774658203125 0.05029296875
-0.070404052734375 0.50579833984375 -0.2225341796875 0.4139404296875
0.13177490234375 0.4232177734375 0.034149169921875 0.324554443359375
0.346527099609375 0.243865966796875 0.0988616943359375 0.07305908203125
0.3314208984375 -0.028167724609375 -0.0182380676269531 0.0423545837402344
0.239044189453125 -0.192672729492188 -0.0456924438476563 0.121238708496094
0.0604095458984375 -0.273162841796875 -0.036529541015625 0.221267700195313
-0.0430450439453125 -0.258834838867188 0.0783233642578125 0.27093505859375
-0.015899658203125 -0.278701782226563 0.1260986328125 0.279464721679688
-0.02569580078125 -0.282379150390625 0.110382080078125 0.291961669921875
0.0889129638671875 -0.223419189453125 -0.022003173828125 0.2996826171875
0.220001220703125 -0.149032592773438 -0.109344482421875 0.226455688476563
0.287384033203125 0.029541015625 -0.17236328125 0.083343505859375
0.197906494140625 0.309326171875 -0.110336303710937 -0.0376358032226562
0.030303955078125 0.372711181640625 0.0607948303222656 0.0388755798339844
-0.152618408203125 0.46600341796875 -0.0242156982421875 0.221389770507813
-0.006256103515625 0.2816162109375 -0.245849609375 0.557586669921875
0.10626220703125 0.223098754882813 0.05096435546875 0.42376708984375
0.183380126953125 0.096527099609375 0.0965652465820313 0.104759216308594
0.149505615234375 -0.03448486328125 -0.020660400390625 0.0725021362304688
0.105751037597656 -0.0894851684570312 -0.0691986083984375 0.14678955078125
0.03692626953125 -0.13134765625 -0.0393218994140625 0.2752685546875
-0.00389862060546874 -0.122665405273438 0.105682373046875 0.3416748046875
0.00588989257812499 -0.135765075683594 0.148681640625 0.3419189453125
0.010833740234375 -0.142333984375 0.124664306640625 0.35601806640625
0.0630416870117188 -0.0922698974609375 -0.030517578125 0.336822509765625
0.109664916992188 -0.0455703735351563 -0.12664794921875 0.22344970703125
0.112617492675781 0.0386276245117188 -0.163101196289062 0.090484619140625
0.065093994140625 0.148117065429688 -0.0819473266601563 -0.0121078491210938
0.003936767578125 0.168716430664063 0.0661849975585938 0.114158630371094
-0.0760498046875 0.245147705078125 -0.073883056640625 0.337921142578125
-0.0564689636230469 0.0106887817382813 0.051513671875 -0.431976318359375
-0.0145149230957031 0.0491409301757813 -0.078094482421875 -0.20672607421875
0.0546989440917969 0.0373001098632812 0.0511627197265625 0.020263671875
0.0644111633300781 -0.0088348388671875 0.155105590820313 -0.0610198974609375
0.0209846496582031 -0.0585250854492188 0.160476684570312 -0.182235717773437
-0.0370101928710938 -0.0367202758789062 0.051025390625 -0.3265380859375
-0.05120849609375 -0.0255966186523438 -0.13629150390625 -0.371185302734375
-0.0294857025146484 -0.0230236053466797 -0.162384033203125 -0.353302001953125
-0.0393257141113281 -0.00711822509765625 -0.1256103515625 -0.35986328125
-0.0115928649902344 -0.0340232849121094 0.01495361328125 -0.3095703125
0.0248756408691406 -0.0230083465576172 0.055328369140625 -0.165679931640625
0.047607421875 0.0186271667480469 0.00332641601562501 -0.116279602050781
-0.0156898498535156 0.0368919372558594 -0.084564208984375 -0.1854248046875
-0.0334720611572266 0.00984001159667969 -0.07403564453125 -0.420654296875
-0.0338134765625 -0.0412826538085938 0.304443359375 -0.59881591796875
-0.122039794921875 0.2587890625 0.032318115234375 -0.4127197265625
-0.00494384765625001 0.245101928710938 -0.07867431640625 -0.204833984375
0.179107666015625 0.187179565429688 0.0513114929199219 0.00974655151367189
0.21588134765625 0.0184326171875 0.132102966308594 -0.0587158203125
0.149566650390625 -0.133529663085938 0.1517333984375 -0.154434204101563
0.001495361328125 -0.172439575195313 0.046356201171875 -0.28753662109375
-0.0799560546875 -0.17010498046875 -0.125 -0.334136962890625
-0.0469512939453125 -0.185653686523438 -0.13946533203125 -0.30963134765625
-0.071380615234375 -0.175064086914063 -0.107452392578125 -0.32086181640625
0.0264434814453125 -0.184478759765625 0.00857543945312499 -0.2623291015625
0.152877807617188 -0.135971069335938 0.0416412353515625 -0.124534606933594
0.238449096679687 0.0088653564453125 -0.0307464599609375 -0.114158630371094
0.137496948242188 0.215255737304688 -0.109039306640625 -0.200881958007812
0.00640869140625002 0.243804931640625 -0.06494140625 -0.43841552734375
-0.107879638671875 0.2357177734375 0.29541015625 -0.5921630859375
-0.16595458984375 0.472564697265625 -0.0128173828125 -0.325286865234375
0.020111083984375 0.42022705078125 -0.073333740234375 -0.156524658203125
0.30181884765625 0.312713623046875 0.0616378784179688 0.00397109985351564
0.352813720703125 0.032958984375 0.106285095214844 -0.058807373046875
0.262191772460938 -0.202239990234375 0.127197265625 -0.119613647460938
0.036956787109375 -0.2901611328125 0.02862548828125 -0.218368530273438
-0.0999755859375 -0.291290283203125 -0.100296020507813 -0.248092651367188
-0.057220458984375 -0.32049560546875 -0.09490966796875 -0.219680786132813
-0.0927734375 -0.31597900390625 -0.071441650390625 -0.2301025390625
0.06036376953125 -0.308258056640625 0.000717163085937509 -0.168563842773438
0.26123046875 -0.233871459960937 0.0138664245605469 -0.0557403564453125
0.403656005859375 -0.004974365234375 -0.0765151977539062 -0.0913314819335938
0.280792236328125 0.3685302734375 -0.13671875 -0.198196411132812
0.049957275390625 0.4503173828125 -0.049468994140625 -0.40875244140625
-0.167877197265625 0.479827880859375 0.25701904296875 -0.50714111328125
-0.17901611328125 0.630126953125 -0.0706939697265625 -0.176376342773437
0.064544677734375 0.5509033203125 -0.0562973022460937 -0.0647735595703125
0.4154052734375 0.388702392578125 0.0777664184570313 0.00431060791015627
0.462554931640625 0.0250244140625 0.0761795043945313 -0.05364990234375
0.34375 -0.26123046875 0.0888595581054688 -0.0708847045898438
0.06182861328125 -0.3756103515625 0.00759124755859376 -0.118232727050781
-0.108062744140625 -0.3712158203125 -0.062286376953125 -0.125389099121094
-0.061065673828125 -0.407257080078125 -0.0355148315429688 -0.0950241088867188
-0.0991821289062501 -0.406494140625 -0.0211715698242188 -0.102485656738281
0.08551025390625 -0.384246826171875 -0.00519561767578124 -0.0417442321777344
0.331024169921875 -0.2955322265625 -0.0190486907958984 0.0327892303466797
0.511444091796875 -0.017547607421875 -0.122154235839844 -0.0478668212890625
0.383636474609375 0.469207763671875 -0.155197143554688 -0.17242431640625
0.084716796875 0.589111328125 -0.0247802734375 -0.327728271484375
-0.20404052734375 0.64520263671875 0.196624755859375 -0.351898193359375
-0.1641845703125 0.6978759765625 -0.131034851074219 0.0170059204101563
0.112548828125 0.609375 -0.0268058776855469 0.0606727600097657
0.483917236328125 0.4066162109375 0.0931549072265625 0.0161895751953125
0.5107421875 0.001556396484375 0.040557861328125 -0.0336418151855469
0.373199462890625 -0.291534423828125 0.0406990051269532 -0.00624084472656252
0.074798583984375 -0.408203125 -0.0125799179077148 0.00406932830810544
-0.100128173828125 -0.39501953125 -0.0140953063964844 0.0180683135986328
-0.0537109375 -0.430450439453125 0.0283889770507812 0.0437049865722656
-0.089630126953125 -0.43243408203125 0.0342063903808594 0.04339599609375
0.099884033203125 -0.3931884765625 -0.00835418701171874 0.0960769653320312
0.34808349609375 -0.303314208984375 -0.052642822265625 0.124473571777344
0.52783203125 -0.017822265625 -0.156478881835937 0.00738525390624997
0.405548095703125 0.492919921875 -0.156509399414062 -0.126785278320312
0.0961303710937499 0.62255859375 0.00926208496093749 -0.2080078125
-0.2171630859375 0.70050048828125 0.123672485351562 -0.154067993164062
-0.1240234375 0.65863037109375 -0.183502197265625 0.228118896484375
0.14190673828125 0.56768798828125 0.0084228515625 0.201034545898438
0.464752197265625 0.35528564453125 0.101448059082031 0.0391769409179688
0.468597412109375 -0.0205078125 0.00591516494750979 0.00145149230957031
0.3370361328125 -0.2708740234375 -0.00771713256835935 0.0644264221191406
0.073760986328125 -0.3751220703125 -0.0277633666992188 0.127731323242187
-0.0780029296875 -0.3570556640625 0.036956787109375 0.1595458984375
-0.0401611328125 -0.3876953125 0.0882110595703125 0.1756591796875
-0.064697265625 -0.388519287109375 0.0834503173828125 0.182403564453125
0.101654052734375 -0.335693359375 -0.0111846923828125 0.21966552734375
0.30657958984375 -0.247772216796875 -0.0823822021484375 0.19610595703125
0.44586181640625 0.002410888671875 -0.174392700195312 0.0570831298828125
0.33642578125 0.435791015625 -0.138870239257812 -0.0774917602539062
0.0700683593749999 0.544281005859375 0.0423583984375 -0.0767059326171875
-0.20074462890625 0.640625 0.0461311340332031 0.0498199462890625
-0.06756591796875 0.515411376953125 -0.22235107421875 0.42254638671875
0.138427734375 0.431732177734375 0.038848876953125 0.331146240234375
0.35565185546875 0.245147705078125 0.101486206054688 0.0701141357421875
0.33734130859375 -0.03167724609375 -0.0168571472167969 0.0403709411621094
0.240524291992187 -0.19915771484375 -0.0476303100585937 0.120399475097656
0.0589752197265625 -0.277481079101563 -0.03570556640625 0.227691650390625
-0.045501708984375 -0.261306762695313 0.0824127197265625 0.276275634765625
-0.0205078125 -0.284271240234375 0.13330078125 0.28204345703125
-0.02935791015625 -0.28643798828125 0.117828369140625 0.2930908203125
0.0886077880859375 -0.226898193359375 -0.017730712890625 0.304351806640625
0.220260620117188 -0.152130126953125 -0.108322143554687 0.230560302734375
0.2919921875 0.026397705078125 -0.174774169921875 0.08544921875
0.2071533203125 0.311126708984375 -0.110694885253906 -0.0366744995117188
0.0330810546875 0.378387451171875 0.063140869140625 0.0365562438964844
-0.15093994140625 0.476593017578125 -0.0228271484375 0.223419189453125
-0.00427246093749998 0.287445068359375 -0.2454833984375 0.5662841796875
0.110519409179688 0.227554321289063 0.056884765625 0.43072509765625
0.18756103515625 0.09783935546875 0.0995864868164063 0.104515075683594
0.15155029296875 -0.035430908203125 -0.019317626953125 0.0716476440429688
0.107261657714844 -0.0929794311523437 -0.0712127685546875 0.147476196289062
0.035980224609375 -0.133567810058594 -0.0389404296875 0.281829833984375
-0.00483703613281251 -0.124610900878906 0.11212158203125 0.34783935546875
0.0028839111328125 -0.138221740722656 0.157562255859375 0.34478759765625
0.00892639160156249 -0.144882202148438 0.133636474609375 0.3599853515625
0.0633697509765625 -0.0932464599609375 -0.02655029296875 0.34326171875
0.1090087890625 -0.0475006103515625 -0.12615966796875 0.22802734375
0.113693237304688 0.0374298095703125 -0.163421630859375 0.09417724609375
0.0697479248046875 0.148788452148438 -0.0815505981445313 -0.0114593505859375
0.005157470703125 0.170989990234375 0.0682830810546875 0.111907958984375
-0.0756378173828125 0.251800537109375 -0.072509765625 0.340911865234375
-0.057952880859375 0.0126533508300781 0.038848876953125 -0.443450927734375
-0.0151786804199219 0.05029296875 -0.0882568359375 -0.208267211914063
0.0552711486816406 0.0355567932128906 0.0517578125 0.0169181823730469
0.0657234191894531 -0.0112533569335938 0.15447998046875 -0.0675201416015625
0.0193405151367188 -0.0600967407226563 0.158401489257813 -0.191452026367188
-0.038360595703125 -0.0351181030273438 0.042510986328125 -0.33709716796875
-0.0529136657714844 -0.0244331359863281 -0.1534423828125 -0.375335693359375
-0.0302639007568359 -0.0231132507324219 -0.18157958984375 -0.35552978515625
-0.0387039184570312 -0.00464248657226563 -0.143218994140625 -0.363983154296875
-0.0130748748779297 -0.0334815979003906 0.00424194335937499 -0.319793701171875
0.0248374938964844 -0.0246448516845703 0.0537109375 -0.17034912109375
0.0492630004882812 0.0163536071777344 -0.00199127197265625 -0.117279052734375
-0.0159835815429688 0.0397605895996094 -0.0941925048828125 -0.184951782226563
-0.0336189270019531 0.00979423522949219 -0.08868408203125 -0.42529296875
-0.0353889465332031 -0.042449951171875 0.29803466796875 -0.6158447265625
-0.116729736328125 0.266845703125 0.01873779296875 -0.422027587890625
0.00161743164062499 0.250152587890625 -0.0894012451171875 -0.205474853515625
0.187408447265625 0.184539794921875 0.0516700744628906 0.00516891479492189
0.220932006835938 0.011932373046875 0.130264282226563 -0.0648117065429688
0.147994995117188 -0.140380859375 0.150772094726562 -0.162811279296875
-0.0038299560546875 -0.174270629882812 0.037445068359375 -0.297210693359375
-0.0862884521484375 -0.171096801757813 -0.1409912109375 -0.336212158203125
-0.054412841796875 -0.190444946289063 -0.156036376953125 -0.3126220703125
-0.0770111083984375 -0.17608642578125 -0.1229248046875 -0.3253173828125
0.021240234375 -0.188873291015625 -1.5258789062506E-05 -0.271224975585938
0.151901245117188 -0.144180297851563 0.0404510498046875 -0.128524780273438
0.244735717773438 -0.000457763671875 -0.0381317138671875 -0.114555358886719
0.147994995117188 0.21820068359375 -0.118865966796875 -0.200546264648437
0.0135650634765625 0.2491455078125 -0.078277587890625 -0.445098876953125
-0.102584838867188 0.243621826171875 0.2882080078125 -0.61004638671875
-0.1546630859375 0.488128662109375 -0.024444580078125 -0.33111572265625
0.033233642578125 0.427398681640625 -0.0830078125 -0.156463623046875
0.31744384765625 0.307586669921875 0.0614013671875 -0.00257110595703123
0.361053466796875 0.022308349609375 0.104476928710938 -0.0649185180664063
0.261062622070313 -0.215316772460938 0.12652587890625 -0.126983642578125
0.0281982421875 -0.29510498046875 0.0229644775390625 -0.224578857421875
-0.11053466796875 -0.29437255859375 -0.113265991210938 -0.249053955078125
-0.07061767578125 -0.3289794921875 -0.107254028320313 -0.222381591796875
-0.105072021484375 -0.31915283203125 -0.08306884765625 -0.235061645507813
0.051910400390625 -0.316436767578125 -0.00508117675781249 -0.174041748046875
0.259689331054688 -0.246856689453125 0.0147514343261719 -0.0576438903808594
0.413818359375 -0.019287109375 -0.0840530395507812 -0.0902786254882812
0.300445556640625 0.37030029296875 -0.145462036132813 -0.19683837890625
0.063629150390625 0.458526611328125 -0.06103515625 -0.414764404296875
-0.15673828125 0.49615478515625 0.251708984375 -0.522064208984375
-0.1630859375 0.64898681640625 -0.0796051025390625 -0.1776123046875
0.084136962890625 0.561187744140625 -0.0621871948242187 -0.0631942749023437
0.4388427734375 0.382568359375 0.0776519775390625 -0.00266265869140623
0.472991943359375 0.008544921875 0.074798583984375 -0.0591659545898438
0.33953857421875 -0.27972412109375 0.0873870849609375 -0.0773239135742188
0.051727294921875 -0.38330078125 0.00431060791015625 -0.1212158203125
-0.121063232421875 -0.375 -0.0699386596679688 -0.123687744140625
-0.0772705078125 -0.416900634765625 -0.041351318359375 -0.0973052978515625
-0.115570068359375 -0.412841796875 -0.026824951171875 -0.106681823730469
0.075164794921875 -0.393096923828125 -0.00638580322265624 -0.0435371398925781
0.329620361328125 -0.313323974609375 -0.0163784027099609 0.0337123870849609
0.5235595703125 -0.035736083984375 -0.128791809082031 -0.0447616577148438
0.409912109375 0.466278076171875 -0.162506103515625 -0.169342041015625
0.10333251953125 0.60052490234375 -0.033355712890625 -0.3350830078125
-0.18939208984375 0.668212890625 0.19464111328125 -0.36328125
-0.14599609375 0.71807861328125 -0.134552001953125 0.0216445922851563
0.1357421875 0.61993408203125 -0.0264244079589844 0.0637893676757813
0.507720947265625 0.39739990234375 0.0946273803710938 0.00834655761718752
0.522064208984375 -0.016082763671875 0.0399818420410157 -0.0384902954101563
0.3697509765625 -0.3111572265625 0.0399589538574219 -0.00987243652343752
0.0631103515625 -0.418243408203125 -0.0130386352539062 0.00553131103515622
-0.115631103515625 -0.39990234375 -0.0151748657226563 0.021432876586914
-0.071380615234375 -0.440948486328125 0.0307426452636719 0.0425834655761719
-0.106781005859375 -0.4384765625 0.0363006591796875 0.0402145385742187
0.08929443359375 -0.404327392578125 -0.00445556640625 0.09881591796875
0.344970703125 -0.319671630859375 -0.0481185913085937 0.128204345703125
0.539764404296875 -0.035125732421875 -0.162628173828125 0.0131988525390625
0.4339599609375 0.49151611328125 -0.162246704101563 -0.123977661132812
0.1129150390625 0.634765625 0.00561523437500002 -0.214157104492188
-0.20074462890625 0.7254638671875 0.1234130859375 -0.16070556640625
-0.10638427734375 0.677734375 -0.1815185546875 0.238250732421875
0.16259765625 0.57763671875 0.01568603515625 0.205322265625
0.488861083984375 0.3472900390625 0.104248046875 0.032379150390625
0.478729248046875 -0.03515625 0.00647115707397464 -0.0019073486328125
0.33551025390625 -0.290191650390625 -0.00782775878906248 0.0636367797851562
0.0631103515625 -0.385162353515625 -0.0247421264648438 0.133224487304687
-0.08984375 -0.36138916015625 0.0424346923828125 0.164703369140625
-0.055938720703125 -0.39752197265625 0.0963897705078125 0.176193237304687
-0.080322265625 -0.3946533203125 0.092926025390625 0.180450439453125
0.09381103515625 -0.344940185546875 -0.00343322753906249 0.2252197265625
0.30535888671875 -0.26239013671875 -0.0778350830078125 0.202102661132813
0.45556640625 -0.01263427734375 -0.178054809570312 0.063934326171875
0.362396240234375 0.434173583984375 -0.14215087890625 -0.074066162109375
0.0865478515625 0.55572509765625 0.0424041748046875 -0.0824508666992187
-0.1854248046875 0.662841796875 0.0498008728027344 0.0484352111816407
-0.0540771484375 0.53045654296875 -0.21466064453125 0.437164306640625
0.156097412109375 0.43853759765625 0.05078125 0.337249755859375
0.373779296875 0.23956298828125 0.105873107910156 0.0664291381835938
0.34356689453125 -0.042816162109375 -0.014739990234375 0.0391769409179688
0.239761352539063 -0.21307373046875 -0.047210693359375 0.122833251953125
0.051177978515625 -0.285552978515625 -0.030120849609375 0.236175537109375
-0.0540618896484375 -0.265335083007812 0.094207763671875 0.282470703125
-0.032745361328125 -0.29217529296875 0.147857666015625 0.283111572265625
-0.040924072265625 -0.291595458984375 0.132781982421875 0.29296875
0.084381103515625 -0.2337646484375 -0.00720214843750001 0.313812255859375
0.219757080078125 -0.16119384765625 -0.103713989257813 0.237945556640625
0.298858642578125 0.017669677734375 -0.176010131835937 0.09320068359375
0.22369384765625 0.31036376953125 -0.111503601074219 -0.0339279174804688
0.04315185546875 0.38421630859375 0.0660247802734375 0.0314674377441406
-0.1416015625 0.49432373046875 -0.0163421630859375 0.226730346679688
0.00320434570312501 0.295379638671875 -0.23419189453125 0.584228515625
0.119888305664062 0.23016357421875 0.073486328125 0.439361572265625
0.197296142578125 0.095428466796875 0.105644226074219 0.102813720703125
0.154891967773438 -0.04034423828125 -0.015594482421875 0.0711746215820313
0.106910705566406 -0.0999755859375 -0.0703887939453125 0.150833129882813
0.03240966796875 -0.138862609863281 -0.0325927734375 0.292877197265625
-0.00839996337890624 -0.126548767089844 0.127410888671875 0.354339599609375
-0.0029754638671875 -0.141738891601562 0.174041748046875 0.348114013671875
0.00317382812500001 -0.1485595703125 0.151641845703125 0.361114501953125
0.06195068359375 -0.0967559814453125 -0.0145263671875 0.352935791015625
0.108772277832031 -0.0503768920898438 -0.123138427734375 0.235977172851562
0.117103576660156 0.0344085693359375 -0.163055419921875 0.101547241210937
0.0773162841796875 0.147415161132813 -0.081939697265625 -0.00901794433593751
0.00952148437500001 0.1739501953125 0.0734176635742187 0.109237670898438
-0.0697784423828125 0.261947631835938 -0.065277099609375 0.348388671875
-0.0577659606933594 0.0158309936523438 0.01611328125 -0.44781494140625
-0.0140342712402344 0.0512847900390625 -0.101959228515625 -0.204315185546875
0.0547752380371094 0.0324478149414062 0.0517120361328125 0.0126152038574219
0.0647163391113281 -0.014801025390625 0.149948120117188 -0.0755462646484375
0.0160064697265625 -0.0607872009277344 0.150680541992187 -0.201065063476562
-0.0399627685546875 -0.0319633483886719 0.025421142578125 -0.344451904296875
-0.0543861389160156 -0.0213432312011719 -0.176666259765625 -0.370758056640625
-0.031982421875 -0.0229396820068359 -0.205535888671875 -0.348114013671875
-0.0373458862304687 -0.00219345092773438 -0.166229248046875 -0.359222412109375
-0.0153675079345703 -0.0330753326416016 -0.01312255859375 -0.325653076171875
0.0242290496826172 -0.0268268585205078 0.0478515625 -0.174026489257813
0.0503959655761719 0.0130386352539063 -0.01025390625 -0.116622924804688
-0.0143966674804688 0.0418243408203125 -0.107208251953125 -0.179489135742188
-0.0329036712646484 0.0102024078369141 -0.10858154296875 -0.4224853515625
-0.0370864868164063 -0.0423698425292969 0.27337646484375 -0.631591796875
-0.105010986328125 0.274459838867188 -0.00296020507812501 -0.4246826171875
0.01318359375 0.251739501953125 -0.10345458984375 -0.201278686523438
0.196807861328125 0.175201416015625 0.0507583618164063 -0.000183105468749989
0.222763061523437 0.0003204345703125 0.1259765625 -0.0724716186523437
0.141311645507813 -0.148971557617187 0.143829345703125 -0.172332763671875
-0.0120849609375 -0.1732177734375 0.023712158203125 -0.30364990234375
-0.0955810546875 -0.167465209960938 -0.162200927734375 -0.331634521484375
-0.06561279296875 -0.190994262695313 -0.176849365234375 -0.306610107421875
-0.085540771484375 -0.173507690429688 -0.145294189453125 -0.32281494140625
0.01165771484375 -0.190902709960938 -0.014892578125 -0.27587890625
0.14678955078125 -0.154449462890625 0.0376129150390625 -0.131736755371094
0.246917724609375 -0.0137481689453125 -0.046844482421875 -0.112297058105469
0.16143798828125 0.213180541992188 -0.130783081054688 -0.194183349609375
0.0252532958984375 0.24951171875 -0.098724365234375 -0.441680908203125
-0.090789794921875 0.250839233398438 0.26458740234375 -0.6260986328125
-0.13165283203125 0.498504638671875 -0.041961669921875 -0.3309326171875
0.05462646484375 0.4287109375 -0.0938262939453125 -0.152191162109375
0.334228515625 0.292694091796875 0.0598411560058594 -0.00956726074218748
0.364410400390625 0.003936767578125 0.100364685058594 -0.0717391967773438
0.251068115234375 -0.230224609375 0.119834899902344 -0.135231018066406
0.014373779296875 -0.297027587890625 0.011810302734375 -0.229248046875
-0.125396728515625 -0.289886474609375 -0.12939453125 -0.2435302734375
-0.0899658203125 -0.33135986328125 -0.122344970703125 -0.218429565429688
-0.1217041015625 -0.316162109375 -0.0998992919921875 -0.234664916992188
0.03668212890625 -0.321258544921875 -0.01470947265625 -0.1776123046875
0.249801635742188 -0.263046264648438 0.0144004821777344 -0.0598182678222656
0.41656494140625 -0.04254150390625 -0.092742919921875 -0.085479736328125
0.325225830078125 0.35791015625 -0.156463623046875 -0.190185546875
0.08526611328125 0.459197998046875 -0.0799560546875 -0.414947509765625
-0.131622314453125 0.509307861328125 0.2320556640625 -0.53741455078125
-0.13238525390625 0.66156005859375 -0.0899505615234375 -0.174407958984375
0.112457275390625 0.560302734375 -0.0679435729980469 -0.0592536926269531
0.4608154296875 0.361053466796875 0.0764236450195313 -0.011474609375
0.477508544921875 -0.014404296875 0.0711441040039063 -0.0655364990234375
0.328826904296875 -0.300384521484375 0.0834579467773438 -0.0838851928710938
0.0333251953125 -0.3875732421875 -0.00195312500000001 -0.122802734375
-0.140472412109375 -0.371063232421875 -0.0789108276367188 -0.119438171386719
-0.1026611328125 -0.41943359375 -0.048858642578125 -0.0968017578125
-0.138214111328125 -0.40924072265625 -0.0347900390625 -0.108840942382813
0.056121826171875 -0.400177001953125 -0.00854110717773437 -0.0446891784667969
0.31610107421875 -0.332611083984375 -0.0131664276123047 0.0335865020751953
0.527435302734375 -0.064361572265625 -0.135566711425781 -0.037445068359375
0.4410400390625 0.45098876953125 -0.171035766601562 -0.162033081054687
0.1314697265625 0.60052490234375 -0.047576904296875 -0.337127685546875
-0.15655517578125 0.685546875 0.180450439453125 -0.37518310546875
-0.1109619140625 0.73150634765625 -0.135658264160156 0.0282135009765625
0.1676025390625 0.618408203125 -0.0243453979492187 0.0670127868652344
0.533935546875 0.372955322265625 0.0940628051757813 -0.000808715820312477
0.526519775390625 -0.04296875 0.0373382568359375 -0.0439262390136719
0.35662841796875 -0.33544921875 0.0381813049316406 -0.0139999389648438
0.04302978515625 -0.423797607421875 -0.0128164291381836 0.00675392150878903
-0.135772705078125 -0.396453857421875 -0.0147781372070313 0.0256710052490234
-0.097930908203125 -0.4434814453125 0.0323867797851562 0.0404129028320312
-0.132354736328125 -0.4384765625 0.0375213623046875 0.0348739624023437
0.070281982421875 -0.410888671875 0.001434326171875 0.0997695922851562
0.332611083984375 -0.33953857421875 -0.0402145385742187 0.130393981933594
0.542724609375 -0.064544677734375 -0.166000366210937 0.0216827392578125
0.46588134765625 0.471771240234375 -0.167404174804688 -0.117340087890625
0.14373779296875 0.635009765625 -0.00332641601562498 -0.218704223632812
-0.16546630859375 0.7435302734375 0.118179321289062 -0.168502807617187
-0.0724487304687499 0.68902587890625 -0.171722412109375 0.248687744140625
0.19488525390625 0.57501220703125 0.026336669921875 0.20751953125
0.514007568359375 0.324462890625 0.106170654296875 0.0239944458007813
0.482177734375 -0.05999755859375 0.00648880004882815 -0.00613689422607422
0.321868896484375 -0.31231689453125 -0.00666046142578123 0.0625953674316406
0.04302978515625 -0.390899658203125 -0.018463134765625 0.137466430664062
-0.108612060546875 -0.36004638671875 0.0522003173828125 0.167388916015625
-0.079986572265625 -0.400390625 0.10723876953125 0.170974731445312
-0.10308837890625 -0.39459228515625 0.102920532226563 0.173919677734375
0.077301025390625 -0.35186767578125 0.0092620849609375 0.228317260742187
0.2939453125 -0.27850341796875 -0.0674591064453125 0.20684814453125
0.46014404296875 -0.035858154296875 -0.1773681640625 0.074005126953125
0.388885498046875 0.418548583984375 -0.145294189453125 -0.0679473876953125
0.11376953125 0.556671142578125 0.0392532348632812 -0.0882339477539062
-0.15374755859375 0.6800537109375 0.0532341003417969 0.045379638671875
-0.027191162109375 0.53948974609375 -0.195068359375 0.44989013671875
0.18017578125 0.4344482421875 0.070098876953125 0.338287353515625
0.392364501953125 0.223114013671875 0.110153198242188 0.059295654296875
0.345703125 -0.0606689453125 -0.0121574401855469 0.0360260009765625
0.2303466796875 -0.229583740234375 -0.043670654296875 0.124595642089844
0.036956787109375 -0.2906494140625 -0.0191650390625 0.242477416992187
-0.0665130615234375 -0.264862060546875 0.110931396484375 0.2830810546875
-0.050018310546875 -0.293121337890625 0.16583251953125 0.276275634765625
-0.058349609375 -0.292816162109375 0.1505126953125 0.28509521484375
0.0732574462890625 -0.238998413085938 0.0106201171875 0.317474365234375
0.212081909179688 -0.172454833984375 -0.092620849609375 0.24456787109375
0.30169677734375 0.001739501953125 -0.172866821289062 0.102767944335938
0.243682861328125 0.29888916015625 -0.112251281738281 -0.0290908813476562
0.061676025390625 0.38604736328125 0.0683975219726563 0.0247039794921875
-0.116790771484375 0.507720947265625 -0.00642395019531249 0.2274169921875
0.017425537109375 0.299560546875 -0.20745849609375 0.59814453125
0.132843017578125 0.2266845703125 0.098388671875 0.4395751953125
0.205551147460938 0.0873260498046875 0.112747192382813 0.0977325439453125
0.155410766601563 -0.047882080078125 -0.0108528137207031 0.0687789916992188
0.1025390625 -0.107490539550781 -0.065338134765625 0.15411376953125
0.0250396728515625 -0.14251708984375 -0.018707275390625 0.3006591796875
-0.0134811401367188 -0.127357482910156 0.1492919921875 0.353057861328125
-0.0113067626953125 -0.142913818359375 0.19775390625 0.341064453125
-0.005584716796875 -0.150177001953125 0.173370361328125 0.35345458984375
0.0580825805664062 -0.100563049316406 0.00561523437499997 0.358245849609375
0.105934143066406 -0.0548934936523438 -0.11322021484375 0.244232177734375
0.119239807128906 0.0284805297851562 -0.157943725585938 0.110794067382813
0.08734130859375 0.142837524414063 -0.0810012817382813 -0.00598907470703125
0.0183563232421875 0.174697875976563 0.0790252685546875 0.102149963378906
-0.056915283203125 0.269515991210938 -0.049041748046875 0.351715087890625
-0.0558586120605469 0.0183334350585937 -0.00643920898437499 -0.440460205078125
-0.0123138427734375 0.0512771606445313 -0.112533569335938 -0.195297241210938
0.0541229248046875 0.0300865173339844 0.0501594543457031 0.00853729248046875
0.0634002685546875 -0.0172538757324219 0.142074584960938 -0.08087158203125
0.0126724243164063 -0.0599937438964844 0.139312744140625 -0.206008911132813
-0.0397872924804687 -0.0276985168457031 0.00750732421874999 -0.343017578125
-0.0547943115234375 -0.0177154541015625 -0.19549560546875 -0.356048583984375
-0.0324077606201172 -0.0215263366699219 -0.222747802734375 -0.33172607421875
-0.0350780487060547 1.52587890624991E-05 -0.1851806640625 -0.34527587890625
-0.0170631408691406 -0.0313682556152344 -0.03173828125 -0.32293701171875
0.0221309661865234 -0.0286521911621094 0.0404205322265625 -0.174163818359375
0.04986572265625 0.00931549072265625 -0.0173721313476563 -0.112068176269531
-0.0118370056152344 0.0432624816894531 -0.116378784179687 -0.169097900390625
-0.0321903228759766 0.00975608825683594 -0.1270751953125 -0.407501220703125
-0.0382919311523438 -0.0408821105957031 0.24346923828125 -0.6326904296875
-0.0891265869140625 0.27471923828125 -0.024444580078125 -0.416900634765625
0.02471923828125 0.246749877929687 -0.113632202148437 -0.191375732421875
0.200042724609375 0.162994384765625 0.04766845703125 -0.00539398193359374
0.219039916992187 -0.0099334716796875 0.118621826171875 -0.0775833129882812
0.1309814453125 -0.153091430664063 0.1334228515625 -0.17755126953125
-0.019744873046875 -0.168777465820312 0.00784301757812502 -0.303009033203125
-0.101638793945313 -0.159896850585938 -0.178253173828125 -0.31756591796875
-0.075408935546875 -0.186965942382813 -0.193878173828125 -0.292144775390625
-0.0923004150390625 -0.166778564453125 -0.1624755859375 -0.311126708984375
0.00201416015625001 -0.188446044921875 -0.0304107666015625 -0.273757934570313
0.13665771484375 -0.160324096679688 0.0322723388671875 -0.132125854492188
0.243499755859375 -0.027099609375 -0.054168701171875 -0.106178283691406
0.171279907226563 0.2030029296875 -0.138839721679688 -0.183151245117187
0.0365142822265625 0.244369506835938 -0.11517333984375 -0.429962158203125
-0.076080322265625 0.25146484375 0.2349853515625 -0.62811279296875
-0.104400634765625 0.495941162109375 -0.05877685546875 -0.322021484375
0.073944091796875 0.41949462890625 -0.101531982421875 -0.143157958984375
0.3426513671875 0.269683837890625 0.0559921264648438 -0.0155525207519531
0.359039306640625 -0.01409912109375 0.093292236328125 -0.0770950317382813
0.234573364257813 -0.239212036132813 0.111312866210938 -0.140159606933594
-0.000213623046875021 -0.29168701171875 -0.00025939941406251 -0.22808837890625
-0.136688232421875 -0.278945922851563 -0.14117431640625 -0.231201171875
-0.108123779296875 -0.32366943359375 -0.1353759765625 -0.208175659179688
-0.1358642578125 -0.3060302734375 -0.114120483398437 -0.227249145507813
0.020599365234375 -0.317718505859375 -0.0241851806640625 -0.17584228515625
0.233444213867188 -0.272735595703125 0.0137214660644531 -0.0609588623046875
0.410003662109375 -0.063568115234375 -0.0984878540039062 -0.0777740478515625
0.339874267578125 0.337249755859375 -0.162643432617187 -0.17889404296875
0.10504150390625 0.44989013671875 -0.096099853515625 -0.405181884765625
-0.103607177734375 0.508392333984375 0.20654296875 -0.53851318359375
-0.0957641601562499 0.65606689453125 -0.09796142578125 -0.166015625
0.138458251953125 0.546630859375 -0.0705108642578125 -0.052825927734375
0.47259521484375 0.33160400390625 0.0723953247070313 -0.01885986328125
0.46966552734375 -0.037811279296875 0.064239501953125 -0.0706634521484375
0.307403564453125 -0.311798095703125 0.076812744140625 -0.0879669189453125
0.01275634765625 -0.381744384765625 -0.00831604003906249 -0.121673583984375
-0.15576171875 -0.3577880859375 -0.0840682983398438 -0.110237121582031
-0.126251220703125 -0.41143798828125 -0.0555419921875 -0.092864990234375
-0.158050537109375 -0.3966064453125 -0.043487548828125 -0.107879638671875
0.03643798828125 -0.39599609375 -0.0108718872070313 -0.0445899963378906
0.296783447265625 -0.344390869140625 -0.00918579101562498 0.0322246551513672
0.51617431640625 -0.09002685546875 -0.139190673828125 -0.0286865234375
0.459564208984375 0.421966552734375 -0.175064086914062 -0.15130615234375
0.15728759765625 0.587158203125 -0.06158447265625 -0.3310546875
-0.12109375 0.68341064453125 0.1624755859375 -0.37860107421875
-0.07269287109375 0.72454833984375 -0.132728576660156 0.0349731445312501
0.197265625 0.60009765625 -0.0205764770507813 0.0689125061035157
0.54534912109375 0.3387451171875 0.0911788940429688 -0.00899505615234373
0.5162353515625 -0.068359375 0.0332069396972657 -0.048309326171875
0.33251953125 -0.34912109375 0.0359230041503906 -0.017822265625
0.018280029296875 -0.41766357421875 -0.0126228332519531 0.00800037384033201
-0.151824951171875 -0.383575439453125 -0.0128650665283203 0.0292816162109375
-0.123016357421875 -0.434722900390625 0.0326766967773437 0.037017822265625
-0.154449462890625 -0.42303466796875 0.0354728698730469 0.0297431945800781
0.048370361328125 -0.40869140625 0.0072784423828125 0.0981063842773437
0.3121337890625 -0.35260009765625 -0.0325088500976562 0.130027770996094
0.533843994140625 -0.091339111328125 -0.165557861328125 0.0310821533203125
0.48748779296875 0.440399169921875 -0.1688232421875 -0.108139038085937
0.1700439453125 0.6204833984375 -0.0134735107421875 -0.217880249023437
-0.12603759765625 0.74169921875 0.10986328125 -0.172164916992187
-0.03753662109375 0.68292236328125 -0.156890869140625 0.252227783203125
0.220184326171875 0.558197021484375 0.0370025634765625 0.204513549804688
0.52490234375 0.292938232421875 0.1051025390625 0.0152511596679688
0.472564697265625 -0.084320068359375 0.00561809539794925 -0.0109186172485352
0.301422119140625 -0.32611083984375 -0.00532913208007811 0.0603179931640625
0.02288818359375 -0.386627197265625 -0.0107040405273437 0.138320922851562
-0.123291015625 -0.34991455078125 0.0615997314453125 0.165618896484375
-0.1015625 -0.392425537109375 0.11480712890625 0.16217041015625
-0.12286376953125 -0.383026123046875 0.108779907226562 0.162811279296875
0.05914306640625 -0.350067138671875 0.0223388671875 0.225372314453125
0.276214599609375 -0.28814697265625 -0.05462646484375 0.206634521484375
0.451568603515625 -0.05914306640625 -0.173492431640625 0.0823211669921875
0.407501220703125 0.390167236328125 -0.1444091796875 -0.0610504150390625
0.1365966796875 0.544158935546875 0.0344772338867188 -0.0929031372070312
-0.118896484375 0.6767578125 0.0542526245117188 0.0414276123046875
-0.000854492187499967 0.53375244140625 -0.17059326171875 0.450042724609375
0.20001220703125 0.419403076171875 0.087677001953125 0.330596923828125
0.40045166015625 0.198974609375 0.11199951171875 0.0509262084960938
0.339324951171875 -0.07745361328125 -0.0104904174804687 0.0320682525634765
0.215667724609375 -0.239593505859375 -0.0390090942382812 0.122962951660156
0.020416259765625 -0.28826904296875 -0.00669860839843751 0.242752075195312
-0.0777587890625 -0.258163452148438 0.126373291015625 0.276763916015625
-0.0660400390625 -0.28759765625 0.179168701171875 0.263031005859375
-0.07403564453125 -0.284759521484375 0.1632080078125 0.269638061523437
0.0610198974609375 -0.238540649414063 0.029266357421875 0.3135986328125
0.200241088867188 -0.178695678710937 -0.078857421875 0.245925903320313
0.298126220703125 -0.012603759765625 -0.165512084960937 0.110305786132813
0.256240844726563 0.280441284179688 -0.10986328125 -0.0254592895507812
0.078521728515625 0.378265380859375 0.0677299499511719 0.0169525146484375
-0.089935302734375 0.5072021484375 0.00311279296874999 0.222854614257813
0.031005859375 0.295196533203125 -0.1761474609375 0.59576416015625
0.142059326171875 0.217269897460938 0.120819091796875 0.42889404296875
0.210052490234375 0.0757904052734375 0.116661071777344 0.0900497436523438
0.1519775390625 -0.0554351806640625 -0.00687026977539062 0.0646705627441406
0.0959701538085938 -0.113021850585938 -0.0597381591796875 0.154006958007813
0.017547607421875 -0.142562866210938 -0.00311279296874997 0.300811767578125
-0.0189895629882812 -0.125984191894531 0.1688232421875 0.343017578125
-0.0194549560546875 -0.140190124511719 0.214447021484375 0.323760986328125
-0.01513671875 -0.14752197265625 0.190673828125 0.33636474609375
0.0522003173828125 -0.101318359375 0.025909423828125 0.3536376953125
0.101272583007813 -0.0583038330078125 -0.099365234375 0.246490478515625
0.1180419921875 0.0221328735351563 -0.148956298828125 0.116485595703125
0.0936279296875 0.1343994140625 -0.078460693359375 -0.00413513183593748
0.0263519287109375 0.171035766601562 0.08148193359375 0.0932693481445313
-0.041961669921875 0.270462036132813 -0.033447265625 0.3468017578125
-0.0531883239746094 0.0187034606933594 -0.019744873046875 -0.42730712890625
-0.01129150390625 0.0503196716308594 -0.116943359375 -0.184890747070313
0.0521812438964844 0.0291023254394531 0.0477409362792969 0.0057220458984375
0.061065673828125 -0.0183219909667969 0.134971618652344 -0.0827255249023438
0.0107421875 -0.05792236328125 0.1304931640625 -0.205902099609375
-0.0381393432617187 -0.02484130859375 -0.00399780273437504 -0.337738037109375
-0.0533599853515625 -0.015106201171875 -0.204681396484375 -0.3408203125
-0.0327835083007813 -0.0209693908691406 -0.230010986328125 -0.3143310546875
-0.0324382781982422 0.000209808349609369 -0.193023681640625 -0.329010009765625
-0.0170936584472656 -0.0297641754150391 -0.0428466796875 -0.31634521484375
0.0201473236083984 -0.0293693542480469 0.036376953125 -0.171340942382813
0.0486564636230469 0.00709152221679688 -0.021026611328125 -0.10601806640625
-0.0100135803222656 0.0428733825683594 -0.119583129882813 -0.1580810546875
-0.0314350128173828 0.00853729248046876 -0.1343994140625 -0.391448974609375
-0.0382652282714844 -0.0405540466308594 0.22314453125 -0.62066650390625
-0.0788116455078125 0.2694091796875 -0.03662109375 -0.40325927734375
0.0303955078125 0.23895263671875 -0.11761474609375 -0.180419921875
0.198989868164063 0.152389526367188 0.0444412231445313 -0.00866699218749999
0.213104248046875 -0.01568603515625 0.111297607421875 -0.0795822143554688
0.122817993164063 -0.152969360351563 0.1251220703125 -0.177276611328125
-0.0229339599609375 -0.162033081054688 -0.001800537109375 -0.297576904296875
-0.103439331054688 -0.152297973632812 -0.18658447265625 -0.3028564453125
-0.081268310546875 -0.181640625 -0.20111083984375 -0.276626586914062
-0.09429931640625 -0.159896850585938 -0.17193603515625 -0.297943115234375
-0.00314331054687501 -0.1829833984375 -0.03936767578125 -0.267730712890625
0.128524780273438 -0.161285400390625 0.029998779296875 -0.1309814453125
0.23699951171875 -0.0351715087890625 -0.0581741333007812 -0.0992660522460938
0.174636840820313 0.192459106445313 -0.141525268554688 -0.171966552734375
0.0418243408203125 0.236251831054687 -0.12322998046875 -0.413604736328125
-0.0673980712890625 0.2464599609375 0.215576171875 -0.6151123046875
-0.086944580078125 0.485687255859375 -0.06646728515625 -0.3104248046875
0.08306884765625 0.405120849609375 -0.104446411132812 -0.133979797363281
0.341094970703125 0.25274658203125 0.0522270202636719 -0.0193634033203125
0.348846435546875 -0.023712158203125 0.0860824584960938 -0.07891845703125
0.220672607421875 -0.24066162109375 0.104156494140625 -0.141128540039063
-0.00823974609375002 -0.281524658203125 -0.00708007812500002 -0.2236328125
-0.141876220703125 -0.267440795898437 -0.1456298828125 -0.21923828125
-0.118438720703125 -0.314666748046875 -0.14105224609375 -0.197555541992188
-0.142425537109375 -0.294036865234375 -0.122238159179687 -0.218505859375
0.01116943359375 -0.309844970703125 -0.029998779296875 -0.172393798828125
0.2200927734375 -0.273880004882813 0.0134506225585938 -0.0612831115722656
0.398223876953125 -0.07513427734375 -0.101463317871094 -0.070465087890625
0.344635009765625 0.317962646484375 -0.162796020507813 -0.16888427734375
0.114776611328125 0.43560791015625 -0.10382080078125 -0.392791748046875
-0.0878295898437499 0.4989013671875 0.189605712890625 -0.529815673828125
-0.073974609375 0.64178466796875 -0.100341796875 -0.157974243164062
0.150726318359375 0.52630615234375 -0.0709991455078125 -0.0472488403320312
0.470001220703125 0.307220458984375 0.0675811767578125 -0.0232048034667969
0.456451416015625 -0.050048828125 0.0582504272460938 -0.0729217529296875
0.288909912109375 -0.314788818359375 0.0714645385742188 -0.0896530151367188
0.00134277343749998 -0.36993408203125 -0.0120468139648438 -0.117950439453125
-0.162445068359375 -0.344390869140625 -0.085296630859375 -0.102699279785156
-0.139007568359375 -0.39910888671875 -0.0596466064453125 -0.08770751953125
-0.16802978515625 -0.381072998046875 -0.04986572265625 -0.104766845703125
0.023651123046875 -0.38751220703125 -0.0120391845703125 -0.043670654296875
0.278961181640625 -0.345703125 -0.00588417053222655 0.0298843383789062
0.502471923828125 -0.10546875 -0.139640808105469 -0.02130126953125
0.463409423828125 0.396697998046875 -0.174285888671875 -0.14306640625
0.1695556640625 0.56817626953125 -0.068267822265625 -0.322662353515625
-0.0980224609375 0.66943359375 0.150909423828125 -0.3712158203125
-0.04864501953125 0.70751953125 -0.127372741699219 0.0375747680664063
0.2100830078125 0.578125 -0.0178985595703125 0.0696563720703125
0.54327392578125 0.310943603515625 0.0870742797851563 -0.0147323608398437
0.500823974609375 -0.082427978515625 0.0284423828125 -0.0516738891601563
0.312652587890625 -0.35302734375 0.0327510833740235 -0.019927978515625
0.00671386718749999 -0.406036376953125 -0.0116987228393555 0.00883007049560545
-0.159332275390625 -0.370697021484375 -0.00979042053222658 0.0316200256347656
-0.136932373046875 -0.423095703125 0.0320549011230469 0.0354232788085937
-0.165863037109375 -0.406768798828125 0.0318107604980469 0.0258693695068359
0.036773681640625 -0.398223876953125 0.0117416381835938 0.095489501953125
0.29376220703125 -0.352691650390625 -0.0254745483398438 0.126228332519531
0.51971435546875 -0.10552978515625 -0.163040161132813 0.037384033203125
0.48968505859375 0.414093017578125 -0.16650390625 -0.1014404296875
0.18328857421875 0.6014404296875 -0.0183563232421875 -0.215286254882812
-0.10198974609375 0.72711181640625 0.103317260742188 -0.170272827148437
-0.015380859375 0.6673583984375 -0.145431518554687 0.24920654296875
0.231536865234375 0.536895751953125 0.0439300537109375 0.199386596679688
0.522064208984375 0.267852783203125 0.102272033691406 0.00913238525390627
0.4586181640625 -0.09686279296875 0.00276660919189456 -0.0148181915283203
0.283294677734375 -0.328582763671875 -0.00569534301757811 0.0571060180664062
0.010406494140625 -0.376556396484375 -0.006103515625 0.137351989746094
-0.13043212890625 -0.337921142578125 0.06842041015625 0.16131591796875
-0.114776611328125 -0.3809814453125 0.117111206054688 0.154327392578125
-0.134185791015625 -0.3692626953125 0.108688354492187 0.152435302734375
0.048126220703125 -0.34173583984375 0.0311431884765625 0.218994140625
0.260986328125 -0.289215087890625 -0.0469207763671875 0.202392578125
0.43914794921875 -0.071868896484375 -0.1685791015625 0.087005615234375
0.409637451171875 0.36663818359375 -0.140762329101562 -0.0572509765625
0.148406982421875 0.525634765625 0.0302505493164063 -0.095703125
-0.09521484375 0.66552734375 0.0536155700683594 0.0376815795898438
0.01483154296875 0.51959228515625 -0.153839111328125 0.441558837890625
0.20648193359375 0.40380859375 0.097869873046875 0.32012939453125
0.3990478515625 0.1805419921875 0.111137390136719 0.0438613891601563
0.3291015625 -0.086456298828125 -0.0106086730957031 0.0274925231933594
0.202590942382813 -0.2423095703125 -0.0365982055664062 0.119712829589844
0.011383056640625 -0.28143310546875 0.00189208984375 0.23974609375
-0.083038330078125 -0.250747680664063 0.135726928710938 0.268020629882812
-0.0753021240234375 -0.279647827148438 0.184097290039063 0.249404907226562
-0.083221435546875 -0.2740478515625 0.165740966796875 0.25567626953125
0.0532684326171875 -0.2335205078125 0.040374755859375 0.30499267578125
0.190719604492188 -0.17974853515625 -0.069366455078125 0.242034912109375
0.29052734375 -0.02154541015625 -0.158706665039063 0.113204956054688
0.25921630859375 0.263900756835938 -0.106903076171875 -0.0233306884765625
0.08612060546875 0.36724853515625 0.0655555725097656 0.0101127624511719
-0.070770263671875 0.49920654296875 0.00753784179687498 0.2156982421875
0.038848876953125 0.287841796875 -0.155517578125 0.5830078125
0.145263671875 0.208358764648438 0.1329345703125 0.413909912109375
0.208648681640625 0.06744384765625 0.118415832519531 0.0832366943359375
0.147247314453125 -0.05938720703125 -0.00525665283203124 0.0595932006835937
0.0900726318359375 -0.114265441894531 -0.055694580078125 0.15118408203125
0.0118255615234375 -0.139350891113281 0.00643920898437503 0.29620361328125
-0.0218048095703125 -0.122772216796875 0.178375244140625 0.3306884765625
-0.0233001708984375 -0.135993957519531 0.221038818359375 0.30810546875
-0.0208587646484375 -0.141998291015625 0.1973876953125 0.319580078125
0.0486068725585938 -0.0999221801757813 0.03863525390625 0.34478759765625
0.0968017578125 -0.0587158203125 -0.089752197265625 0.244308471679687
0.11566162109375 0.0182266235351563 -0.140914916992188 0.11822509765625
0.0961837768554688 0.12640380859375 -0.0759811401367188 -0.00346374511718749
0.0304107666015625 0.166122436523438 0.0806655883789062 0.084075927734375
-0.0323944091796875 0.2662353515625 -0.02545166015625 0.33740234375
-0.0516395568847656 0.0181045532226563 -0.0233154296875 -0.4171142578125
-0.0114936828613281 0.0503425598144531 -0.118392944335938 -0.177734375
0.0504341125488281 0.0289649963378906 0.0460243225097656 0.00458908081054688
0.0605049133300781 -0.0178985595703125 0.130790710449219 -0.0825958251953125
0.0101203918457031 -0.0558738708496094 0.126220703125 -0.205551147460937
-0.0363121032714844 -0.0235252380371094 -0.00946044921874998 -0.334991455078125
-0.0519599914550781 -0.0138320922851563 -0.208099365234375 -0.33135986328125
-0.0330104827880859 -0.0201244354248047 -0.23333740234375 -0.304534912109375
-0.0305080413818359 -0.000820159912109376 -0.195953369140625 -0.320770263671875
-0.0172290802001953 -0.0287895202636719 -0.048004150390625 -0.311859130859375
0.0188083648681641 -0.0299167633056641 0.0356292724609375 -0.169540405273437
0.0476913452148438 0.00535964965820313 -0.0233688354492188 -0.101852416992187
-0.00891494750976562 0.0420875549316406 -0.12060546875 -0.151214599609375
-0.0316295623779297 0.00637435913085938 -0.133636474609375 -0.38226318359375
-0.037445068359375 -0.0399932861328125 0.2198486328125 -0.61126708984375
-0.07403564453125 0.26348876953125 -0.038848876953125 -0.39337158203125
0.0311737060546875 0.23480224609375 -0.11865234375 -0.173309326171875
0.197097778320313 0.14825439453125 0.0414543151855469 -0.010589599609375
0.2098388671875 -0.017120361328125 0.106613159179688 -0.0792312622070313
0.119552612304688 -0.15087890625 0.120864868164063 -0.1776123046875
-0.0223236083984375 -0.157577514648437 -0.00711059570312502 -0.29461669921875
-0.103103637695313 -0.1483154296875 -0.1893310546875 -0.294342041015625
-0.0846405029296875 -0.17889404296875 -0.20428466796875 -0.268264770507812
-0.094146728515625 -0.156845092773438 -0.175567626953125 -0.29022216796875
-0.00524902343750002 -0.179412841796875 -0.0439605712890625 -0.264251708984375
0.124374389648438 -0.161331176757813 0.0295791625976562 -0.13128662109375
0.233047485351562 -0.0378570556640625 -0.0605087280273437 -0.0942230224609375
0.175445556640625 0.187286376953125 -0.140457153320312 -0.1661376953125
0.0423583984375 0.230575561523438 -0.1246337890625 -0.40533447265625
-0.0636749267578125 0.242385864257813 0.21197509765625 -0.6055908203125
-0.080780029296875 0.47528076171875 -0.068389892578125 -0.302337646484375
0.08660888671875 0.395843505859375 -0.104896545410156 -0.127029418945312
0.338623046875 0.24212646484375 0.0484886169433594 -0.0218963623046875
0.34326171875 -0.027191162109375 0.08123779296875 -0.0793685913085937
0.213211059570313 -0.239044189453125 0.100677490234375 -0.142349243164063
-0.009521484375 -0.274932861328125 -0.0108642578125 -0.22100830078125
-0.141937255859375 -0.261428833007812 -0.146621704101563 -0.21185302734375
-0.123626708984375 -0.309967041015625 -0.144378662109375 -0.190521240234375
-0.14398193359375 -0.287506103515625 -0.12677001953125 -0.212371826171875
0.00784301757812503 -0.303497314453125 -0.0329742431640625 -0.17010498046875
0.213394165039063 -0.273513793945313 0.0141372680664063 -0.0621490478515625
0.391845703125 -0.079620361328125 -0.103187561035156 -0.0655517578125
0.344024658203125 0.308258056640625 -0.16192626953125 -0.163223266601563
0.11602783203125 0.42730712890625 -0.10321044921875 -0.385528564453125
-0.08123779296875 0.4912109375 0.186279296875 -0.52227783203125
-0.0665283203125 0.62872314453125 -0.09967041015625 -0.152816772460937
0.1539306640625 0.515228271484375 -0.0698776245117187 -0.0432472229003906
0.46630859375 0.295684814453125 0.0645523071289063 -0.0261650085449219
0.448211669921875 -0.053924560546875 0.0532379150390625 -0.0742340087890625
0.279327392578125 -0.313934326171875 0.068450927734375 -0.0905914306640625
-0.000885009765624986 -0.36090087890625 -0.013214111328125 -0.116722106933594
-0.16314697265625 -0.335968017578125 -0.0842742919921875 -0.0978240966796875
-0.145843505859375 -0.39337158203125 -0.061004638671875 -0.0848312377929688
-0.16943359375 -0.3729248046875 -0.0547409057617187 -0.101921081542969
0.0189208984375 -0.379486083984375 -0.011627197265625 -0.0438079833984375
0.271209716796875 -0.34454345703125 -0.00409317016601561 0.028299331665039
0.49359130859375 -0.110137939453125 -0.140243530273437 -0.0164413452148438
0.4625244140625 0.383544921875 -0.171859741210937 -0.139053344726563
0.171356201171875 0.558074951171875 -0.068878173828125 -0.3189697265625
-0.08966064453125 0.65985107421875 0.147735595703125 -0.366668701171875
-0.03973388671875 0.6939697265625 -0.124534606933594 0.037994384765625
0.21051025390625 0.565673828125 -0.0152053833007812 0.0695457458496094
0.5399169921875 0.29840087890625 0.084259033203125 -0.0183181762695312
0.491851806640625 -0.086456298828125 0.0241889953613282 -0.0536613464355469
0.302764892578125 -0.351837158203125 0.0304412841796875 -0.0219039916992188
0.00347900390624996 -0.398101806640625 -0.0107212066650391 0.00944519042968747
-0.16107177734375 -0.36376953125 -0.00678634643554688 0.0325050354003906
-0.1436767578125 -0.415069580078125 0.0310764312744141 0.0350704193115234
-0.16973876953125 -0.396728515625 0.0282020568847656 0.0244064331054687
0.032928466796875 -0.391571044921875 0.0135421752929688 0.0932388305664062
0.286102294921875 -0.350006103515625 -0.0226593017578125 0.122970581054687
0.5111083984375 -0.1103515625 -0.16265869140625 0.040985107421875
0.488189697265625 0.400726318359375 -0.163742065429688 -0.0992279052734375
0.1856689453125 0.5904541015625 -0.0207672119140625 -0.214767456054687
-0.09161376953125 0.71673583984375 0.100311279296875 -0.168701171875
-0.00872802734374996 0.65673828125 -0.140121459960938 0.244155883789063
0.23236083984375 0.525634765625 0.04736328125 0.196075439453125
0.51776123046875 0.254730224609375 0.10052490234375 0.00468444824218752
0.451446533203125 -0.1005859375 0.000124931335449246 -0.0171480178833008
0.273162841796875 -0.328826904296875 -0.00608825683593749 0.0551605224609375
0.00631713867187501 -0.36981201171875 -0.00266265869140624 0.136146545410156
-0.13250732421875 -0.33221435546875 0.0730743408203125 0.159622192382812
-0.12127685546875 -0.3748779296875 0.117919921875 0.149917602539062
-0.138702392578125 -0.3597412109375 0.106048583984375 0.14776611328125
0.044708251953125 -0.33538818359375 0.0352325439453125 0.21484375
0.255218505859375 -0.2874755859375 -0.042755126953125 0.198776245117187
0.431976318359375 -0.075775146484375 -0.166458129882812 0.0893707275390625
0.41033935546875 0.354248046875 -0.138137817382812 -0.057159423828125
0.150360107421875 0.516937255859375 0.0280227661132813 -0.0978469848632812
-0.0850219726562499 0.65521240234375 0.0521430969238281 0.0360984802246094
0.01898193359375 0.512298583984375 -0.14801025390625 0.432464599609375
0.207977294921875 0.3958740234375 0.101776123046875 0.312835693359375
0.396697998046875 0.1722412109375 0.110603332519531 0.03973388671875
0.32354736328125 -0.088775634765625 -0.0116710662841797 0.0244636535644531
0.195388793945313 -0.242965698242188 -0.0363693237304687 0.117973327636719
0.00822448730468748 -0.276519775390625 0.00569152832031253 0.2381591796875
-0.08367919921875 -0.247283935546875 0.141494750976563 0.262374877929688
-0.0792083740234375 -0.27490234375 0.18634033203125 0.24249267578125
-0.086181640625 -0.267440795898438 0.165756225585938 0.247512817382812
0.05072021484375 -0.229156494140625 0.0458984375 0.2996826171875
0.185699462890625 -0.177871704101563 -0.0650634765625 0.239105224609375
0.28558349609375 -0.0244140625 -0.155868530273437 0.11407470703125
0.258651733398438 0.255233764648438 -0.104911804199219 -0.0246200561523437
0.088043212890625 0.360198974609375 0.0623817443847656 0.00561904907226565
-0.064453125 0.4913330078125 0.00744628906249998 0.2113037109375
0.041046142578125 0.28424072265625 -0.1480712890625 0.57012939453125
0.145278930664063 0.203994750976563 0.13714599609375 0.404266357421875
0.207427978515625 0.0636444091796875 0.118644714355469 0.0797576904296875
0.1444091796875 -0.06060791015625 -0.00539398193359374 0.0555305480957031
0.0872802734375 -0.115432739257813 -0.05560302734375 0.14947509765625
0.0099029541015625 -0.137588500976562 0.0111083984375 0.2943115234375
-0.02239990234375 -0.121482849121094 0.18499755859375 0.323577880859375
-0.024932861328125 -0.133308410644531 0.22479248046875 0.299346923828125
-0.023193359375 -0.138458251953125 0.19818115234375 0.309844970703125
0.047332763671875 -0.098175048828125 0.045196533203125 0.339111328125
0.0949859619140625 -0.0576171875 -0.085418701171875 0.242156982421875
0.114288330078125 0.0169601440429687 -0.136650085449219 0.11749267578125
0.0963897705078125 0.121742248535156 -0.0739288330078125 -0.00526428222656251
0.0320892333984375 0.163681030273438 0.0776748657226563 0.0785369873046875
-0.028228759765625 0.263076782226563 -0.02484130859375 0.331573486328125
-0.05145263671875 0.017578125 -0.023590087890625 -0.41717529296875
-0.0121269226074219 0.0513076782226563 -0.119369506835937 -0.174880981445313
0.0501937866210937 0.0302658081054688 0.0454330444335938 0.0041046142578125
0.0611190795898437 -0.0179901123046875 0.1295166015625 -0.0831375122070313
0.0101814270019531 -0.0549659729003906 0.12530517578125 -0.208831787109375
-0.0351676940917969 -0.0225601196289062 -0.013702392578125 -0.3385009765625
-0.0516548156738281 -0.0127296447753906 -0.213531494140625 -0.331390380859375
-0.0340652465820312 -0.0204963684082031 -0.238433837890625 -0.301788330078125
-0.0300979614257812 -0.00171852111816406 -0.20068359375 -0.32122802734375
-0.0181121826171875 -0.0283985137939453 -0.053192138671875 -0.31396484375
0.0179882049560547 -0.03070068359375 0.0369415283203125 -0.171524047851563
0.0478782653808594 0.0044097900390625 -0.024688720703125 -0.0994644165039063
-0.00884628295898438 0.0420074462890625 -0.122299194335937 -0.148330688476563
-0.0328350067138672 0.00513267517089844 -0.132965087890625 -0.38018798828125
-0.0373878479003906 -0.04107666015625 0.22491455078125 -0.61297607421875
-0.072723388671875 0.263107299804688 -0.039337158203125 -0.392120361328125
0.0314788818359375 0.234970092773438 -0.11962890625 -0.1697998046875
0.198043823242188 0.147537231445312 0.0404129028320313 -0.011749267578125
0.210800170898438 -0.01702880859375 0.104507446289063 -0.0802688598632813
0.118667602539063 -0.151809692382813 0.120254516601563 -0.180892944335938
-0.021270751953125 -0.156723022460938 -0.010467529296875 -0.297515869140625
-0.103805541992188 -0.148147583007813 -0.19384765625 -0.292694091796875
-0.0881500244140625 -0.179840087890625 -0.209075927734375 -0.265594482421875
-0.0956573486328125 -0.15777587890625 -0.181365966796875 -0.288818359375
-0.00595092773437501 -0.179473876953125 -0.0479278564453125 -0.26617431640625
0.123947143554687 -0.1641845703125 0.0309524536132813 -0.133491516113281
0.234359741210938 -0.039886474609375 -0.062744140625 -0.0914688110351562
0.177413940429688 0.186691284179688 -0.142196655273438 -0.16424560546875
0.04266357421875 0.231460571289063 -0.1234130859375 -0.405670166015625
-0.06292724609375 0.243377685546875 0.21685791015625 -0.60919189453125
-0.079681396484375 0.4759521484375 -0.067535400390625 -0.300537109375
0.087249755859375 0.396453857421875 -0.104690551757813 -0.124099731445312
0.341949462890625 0.241058349609375 0.0472946166992188 -0.0238876342773437
0.344390869140625 -0.027435302734375 0.0786666870117188 -0.0806732177734375
0.212738037109375 -0.241348266601562 0.0995330810546875 -0.14453125
-0.00845336914062501 -0.274154663085937 -0.0121612548828125 -0.22357177734375
-0.143356323242188 -0.261566162109375 -0.149917602539062 -0.21026611328125
-0.1298828125 -0.311859130859375 -0.147796630859375 -0.1885986328125
-0.147003173828125 -0.28875732421875 -0.131866455078125 -0.211624145507812
0.00677490234374999 -0.304046630859375 -0.0350189208984375 -0.172073364257813
0.212738037109375 -0.27679443359375 0.0154151916503906 -0.0645713806152344
0.394134521484375 -0.08233642578125 -0.106361389160156 -0.0615768432617187
0.347412109375 0.306793212890625 -0.162155151367188 -0.163238525390625
0.115570068359375 0.428558349609375 -0.1038818359375 -0.387481689453125
-0.08026123046875 0.4927978515625 0.19049072265625 -0.524139404296875
-0.06414794921875 0.629150390625 -0.09881591796875 -0.152328491210938
0.15533447265625 0.514068603515625 -0.0690956115722656 -0.0416145324707031
0.46881103515625 0.291778564453125 0.0632133483886719 -0.0292930603027344
0.448577880859375 -0.056060791015625 0.050537109375 -0.0753326416015625
0.277069091796875 -0.31591796875 0.0676651000976563 -0.0933074951171875
-0.000213623046874967 -0.360809326171875 -0.0133285522460937 -0.117500305175781
-0.165191650390625 -0.338287353515625 -0.084075927734375 -0.0972366333007813
-0.152557373046875 -0.39459228515625 -0.0634918212890625 -0.0828399658203125
-0.174346923828125 -0.373443603515625 -0.05914306640625 -0.10064697265625
0.019378662109375 -0.38067626953125 -0.0123558044433594 -0.0448837280273438
0.270721435546875 -0.348907470703125 -0.0027179718017578 0.0265846252441406
0.49639892578125 -0.1141357421875 -0.1435546875 -0.01153564453125
0.46600341796875 0.38140869140625 -0.17242431640625 -0.139617919921875
0.171905517578125 0.5601806640625 -0.06964111328125 -0.322021484375
-0.08856201171875 0.6632080078125 0.149871826171875 -0.369842529296875
-0.0374755859375 0.696044921875 -0.123802185058594 0.0377349853515626
0.21527099609375 0.56561279296875 -0.0132293701171875 0.0714111328125
0.54443359375 0.294952392578125 0.0834884643554688 -0.021759033203125
0.494232177734375 -0.08782958984375 0.0215492248535157 -0.0557708740234375
0.299652099609375 -0.356597900390625 0.0300579071044922 -0.0234470367431641
0.00299072265624997 -0.3975830078125 -0.00981426239013672 0.00944042205810544
-0.162689208984375 -0.363555908203125 -0.0042247772216797 0.0331230163574219
-0.151123046875 -0.41796875 0.0311241149902344 0.0354194641113281
-0.1724853515625 -0.39678955078125 0.0252857208251953 0.025979995727539
0.032257080078125 -0.39208984375 0.0154647827148438 0.0930938720703125
0.28533935546875 -0.3541259765625 -0.02105712890625 0.122299194335937
0.51214599609375 -0.114593505859375 -0.1646728515625 0.04541015625
0.4921875 0.39739990234375 -0.163726806640625 -0.100845336914063
0.1873779296875 0.5924072265625 -0.0217437744140625 -0.21881103515625
-0.0903930664062501 0.72003173828125 0.100692749023438 -0.169784545898437
-0.00488281250000001 0.65753173828125 -0.139205932617188 0.243331909179687
0.237518310546875 0.526092529296875 0.0504302978515625 0.196441650390625
0.523773193359375 0.25177001953125 0.100639343261719 0.00160980224609377
0.452484130859375 -0.104034423828125 -0.00236129760742185 -0.0200939178466797
0.271148681640625 -0.333953857421875 -0.00679397583007811 0.0539207458496094
0.00650024414062503 -0.369354248046875 -0.000526428222656243 0.137550354003906
-0.133514404296875 -0.3336181640625 0.078033447265625 0.159332275390625
-0.127105712890625 -0.37701416015625 0.120330810546875 0.149078369140625
-0.141876220703125 -0.358856201171875 0.105453491210938 0.1484375
0.044769287109375 -0.336212158203125 0.038787841796875 0.214813232421875
0.25482177734375 -0.289825439453125 -0.0415496826171875 0.199188232421875
0.434112548828125 -0.07806396484375 -0.167724609375 0.09326171875
0.4129638671875 0.353973388671875 -0.138565063476562 -0.0595932006835937
0.15130615234375 0.51776123046875 0.025970458984375 -0.102035522460937
-0.0841064453125 0.660888671875 0.0509796142578125 0.0363578796386719
0.022369384765625 0.514556884765625 -0.14697265625 0.429779052734375
0.210601806640625 0.396209716796875 0.10589599609375 0.312835693359375
0.400543212890625 0.16998291015625 0.111892700195313 0.037322998046875
0.323883056640625 -0.09124755859375 -0.0128688812255859 0.0215492248535156
0.193878173828125 -0.247482299804688 -0.0374755859375 0.118209838867187
0.00775146484374997 -0.278076171875 0.00924682617187502 0.240859985351562
-0.085235595703125 -0.249404907226563 0.147964477539063 0.261795043945313
-0.0831451416015625 -0.27630615234375 0.1912841796875 0.241256713867187
-0.089141845703125 -0.266448974609375 0.166839599609375 0.247512817382812
0.0510406494140625 -0.229660034179688 0.050506591796875 0.300628662109375
0.186492919921875 -0.17926025390625 -0.0640869140625 0.240234375
0.286865234375 -0.0252685546875 -0.1558837890625 0.116241455078125
0.26153564453125 0.253387451171875 -0.105003356933594 -0.027374267578125
0.0899658203125 0.36065673828125 0.0604400634765625 0.00173950195312502
-0.0633239746093749 0.493988037109375 0.0055999755859375 0.212158203125
0.04150390625 0.28619384765625 -0.14862060546875 0.56787109375
0.146331787109375 0.204452514648438 0.141845703125 0.403076171875
0.209808349609375 0.062103271484375 0.120994567871094 0.077362060546875
0.144805908203125 -0.0616302490234375 -0.00541305541992186 0.0537261962890625
0.0862808227539063 -0.117889404296875 -0.056060791015625 0.150680541992188
0.00949096679687499 -0.138542175292969 0.0150146484375 0.29815673828125
-0.022369384765625 -0.123359680175781 0.19281005859375 0.32244873046875
-0.026824951171875 -0.133941650390625 0.230682373046875 0.2974853515625
-0.0240097045898438 -0.136947631835938 0.202178955078125 0.309326171875
0.048309326171875 -0.0986251831054687 0.050628662109375 0.339599609375
0.0953598022460938 -0.0575103759765625 -0.084442138671875 0.244720458984375
0.114517211914063 0.0167236328125 -0.135673522949219 0.118453979492188
0.0982208251953125 0.120330810546875 -0.0748443603515625 -0.00758361816406249
0.0329437255859375 0.163589477539063 0.075408935546875 0.0753402709960938
-0.0261383056640625 0.265396118164063 -0.0274658203125 0.332763671875
-0.052398681640625 0.0180130004882812 -0.02911376953125 -0.422698974609375
-0.0120429992675781 0.0528068542480469 -0.123794555664062 -0.173721313476563
0.0515327453613281 0.0311813354492187 0.0458221435546875 0.003021240234375
0.0625572204589844 -0.0187339782714844 0.129753112792969 -0.0871429443359375
0.0107498168945313 -0.0556068420410156 0.123077392578125 -0.21759033203125
-0.0345516204833984 -0.0225467681884766 -0.023223876953125 -0.346405029296875
-0.0516929626464844 -0.0121726989746094 -0.22784423828125 -0.33221435546875
-0.0359954833984375 -0.0204849243164063 -0.25152587890625 -0.3013916015625
-0.0306777954101562 -0.00226211547851562 -0.213287353515625 -0.324310302734375
-0.0193500518798828 -0.027587890625 -0.062286376953125 -0.32086181640625
0.0168037414550781 -0.0316963195800781 0.036041259765625 -0.176895141601563
0.0489654541015625 0.00281524658203125 -0.027801513671875 -0.0989837646484375
-0.00835800170898438 0.0431404113769531 -0.128021240234375 -0.145584106445313
-0.0347099304199219 0.00489616394042969 -0.139495849609375 -0.38446044921875
-0.0385704040527344 -0.0423545837402344 0.2254638671875 -0.62969970703125
-0.0702667236328125 0.268630981445313 -0.043670654296875 -0.39727783203125
0.0357666015625 0.238693237304688 -0.123779296875 -0.167953491210937
0.20489501953125 0.1468505859375 0.0396308898925781 -0.014190673828125
0.215713500976563 -0.02056884765625 0.103012084960938 -0.0838699340820313
0.119537353515625 -0.157073974609375 0.118576049804687 -0.188980102539063
-0.0226898193359375 -0.159439086914063 -0.0179443359375 -0.30596923828125
-0.107162475585938 -0.149215698242188 -0.2060546875 -0.293121337890625
-0.0952301025390625 -0.1820068359375 -0.22113037109375 -0.264892578125
-0.101165771484375 -0.160491943359375 -0.194183349609375 -0.29119873046875
-0.0088043212890625 -0.182662963867188 -0.056640625 -0.272262573242188
0.121826171875 -0.17041015625 0.0303268432617188 -0.138786315917969
0.239730834960937 -0.04632568359375 -0.0670089721679688 -0.0885848999023438
0.185287475585938 0.18743896484375 -0.147689819335937 -0.16363525390625
0.045928955078125 0.235565185546875 -0.129547119140625 -0.4114990234375
-0.05999755859375 0.250076293945313 0.2171630859375 -0.6253662109375
-0.073028564453125 0.483612060546875 -0.071014404296875 -0.304473876953125
0.0943603515625 0.40191650390625 -0.107398986816406 -0.122421264648437
0.3519287109375 0.2374267578125 0.0462226867675782 -0.0274887084960937
0.351318359375 -0.033721923828125 0.0763473510742188 -0.0840988159179687
0.211883544921875 -0.250350952148438 0.09832763671875 -0.15203857421875
-0.0109100341796875 -0.279144287109375 -0.0182037353515625 -0.229095458984375
-0.150405883789062 -0.264373779296875 -0.158004760742187 -0.210601806640625
-0.1422119140625 -0.31689453125 -0.156509399414063 -0.187149047851563
-0.156494140625 -0.29248046875 -0.142044067382812 -0.211517333984375
0.00317382812499998 -0.3104248046875 -0.04052734375 -0.17559814453125
0.212188720703125 -0.288177490234375 0.0156059265136719 -0.0680923461914063
0.401947021484375 -0.09222412109375 -0.110832214355469 -0.0566253662109375
0.361083984375 0.3076171875 -0.168167114257812 -0.162765502929687
0.12469482421875 0.43597412109375 -0.109710693359375 -0.39495849609375
-0.0744628906250001 0.506500244140625 0.189117431640625 -0.53912353515625
-0.0533447265625 0.64227294921875 -0.100921630859375 -0.153427124023438
0.166839599609375 0.520782470703125 -0.0688095092773437 -0.0388107299804687
0.484039306640625 0.286407470703125 0.0624313354492188 -0.0332221984863281
0.459136962890625 -0.064849853515625 0.0473556518554688 -0.079376220703125
0.2762451171875 -0.3297119140625 0.0665664672851563 -0.0991363525390625
-0.00488281249999999 -0.368133544921875 -0.0165557861328125 -0.120613098144531
-0.1748046875 -0.34149169921875 -0.0874557495117188 -0.097137451171875
-0.168487548828125 -0.40087890625 -0.0675201416015625 -0.0818862915039063
-0.18511962890625 -0.377532958984375 -0.0655670166015625 -0.0987777709960938
0.015228271484375 -0.38861083984375 -0.0140113830566406 -0.0461845397949219
0.2703857421875 -0.3619384765625 -0.0017871856689453 0.02471923828125
0.507049560546875 -0.125518798828125 -0.148040771484375 -0.00488281250000003
0.484954833984375 0.38079833984375 -0.177993774414062 -0.140365600585937
0.18359375 0.56866455078125 -0.076019287109375 -0.329925537109375
-0.07989501953125 0.68084716796875 0.14935302734375 -0.3800048828125
-0.0274658203125 0.70892333984375 -0.124832153320313 0.0388946533203125
0.22900390625 0.57208251953125 -0.00956726074218748 0.0737991333007813
0.561767578125 0.288482666015625 0.0837326049804688 -0.0263290405273437
0.50341796875 -0.099517822265625 0.0184211730957032 -0.0584373474121094
0.298583984375 -0.371185302734375 0.0294666290283203 -0.0269813537597656
-0.00198364257812499 -0.405059814453125 -0.00919055938720703 0.00911617279052732
-0.1727294921875 -0.36944580078125 -0.00180435180664064 0.0332717895507812
-0.16717529296875 -0.424468994140625 0.0328559875488281 0.0360374450683593
-0.18511962890625 -0.401458740234375 0.0241107940673828 0.0282554626464844
0.027496337890625 -0.39959716796875 0.0181427001953125 0.09405517578125
0.284912109375 -0.369049072265625 -0.0190658569335937 0.123695373535156
0.52398681640625 -0.125274658203125 -0.16851806640625 0.0537872314453125
0.5107421875 0.397216796875 -0.169174194335938 -0.101516723632812
0.2010498046875 0.60174560546875 -0.027252197265625 -0.225997924804687
-0.0806274414062499 0.739013671875 0.101043701171875 -0.174118041992187
0.00537109374999997 0.669921875 -0.138748168945312 0.2470703125
0.250946044921875 0.531982421875 0.0576629638671875 0.199264526367188
0.540740966796875 0.244842529296875 0.10296630859375 -0.00311279296874998
0.46063232421875 -0.11370849609375 -0.00491142272949216 -0.0218524932861328
0.268951416015625 -0.3482666015625 -0.00669860839843748 0.05352783203125
0.000885009765625018 -0.377044677734375 0.00321197509765627 0.140396118164062
-0.14288330078125 -0.339813232421875 0.085723876953125 0.159957885742187
-0.13970947265625 -0.382720947265625 0.127197265625 0.149368286132813
-0.15216064453125 -0.362762451171875 0.109283447265625 0.150543212890625
0.041534423828125 -0.3433837890625 0.0454254150390625 0.218276977539063
0.255035400390625 -0.30218505859375 -0.0384674072265625 0.203628540039062
0.4437255859375 -0.087005615234375 -0.170135498046875 0.101776123046875
0.427947998046875 0.35076904296875 -0.142730712890625 -0.06085205078125
0.162139892578125 0.526641845703125 0.0221023559570313 -0.108482360839844
-0.0748291015625 0.67694091796875 0.0516281127929687 0.0373573303222657
0.030303955078125 0.525299072265625 -0.14495849609375 0.43768310546875
0.221710205078125 0.40069580078125 0.115264892578125 0.317169189453125
0.41363525390625 0.164886474609375 0.1162109375 0.03375244140625
0.330413818359375 -0.098419189453125 -0.0141048431396484 0.0203971862792969
0.192291259765625 -0.258270263671875 -0.036590576171875 0.120140075683594
0.00366210937500002 -0.283172607421875 0.0160980224609375 0.246536254882812
-0.0916290283203125 -0.25457763671875 0.160293579101563 0.26226806640625
-0.092498779296875 -0.281005859375 0.202194213867188 0.240814208984375
-0.096405029296875 -0.268966674804688 0.17578125 0.249664306640625
0.050201416015625 -0.23553466796875 0.0601806640625 0.305572509765625
0.187652587890625 -0.186691284179688 -0.060882568359375 0.246810913085937
0.29376220703125 -0.0302734375 -0.15728759765625 0.124176025390625
0.27203369140625 0.25244140625 -0.108406066894531 -0.0288848876953125
0.09796142578125 0.366302490234375 0.0583305358886719 -0.0031471252441406
-0.056427001953125 0.509063720703125 0.00643920898437499 0.217758178710938
0.0477294921875 0.292724609375 -0.14447021484375 0.57794189453125
0.152069091796875 0.206085205078125 0.152862548828125 0.407867431640625
0.216522216796875 0.0599212646484375 0.126556396484375 0.0754470825195313
0.147064208984375 -0.06524658203125 -0.00505828857421874 0.0527191162109375
0.0849456787109375 -0.124404907226562 -0.05560302734375 0.1552734375
0.0070037841796875 -0.141815185546875 0.022247314453125 0.305877685546875
-0.0251235961914062 -0.126976013183594 0.207550048828125 0.324737548828125
-0.0294189453125 -0.136833190917969 0.244476318359375 0.296966552734375
-0.027587890625 -0.137947082519531 0.2130126953125 0.31182861328125
0.0491790771484375 -0.10162353515625 0.060699462890625 0.34588623046875
0.0968017578125 -0.0599899291992187 -0.0814208984375 0.252731323242188
0.117469787597656 0.0159835815429688 -0.135963439941406 0.123855590820313
0.102615356445313 0.119514465332031 -0.0778121948242188 -0.00910949707031251
0.0368499755859375 0.165878295898437 0.0752182006835938 0.0729293823242188
-0.021728515625 0.273162841796875 -0.02593994140625 0.341644287109375
0.0523034550495323 0.081596013421208 0.352150845441382 -0.271196159182361
0.0678623505750836 -0.011463256110666 0.0936847079761254 -0.210815812367673
-0.00742590398289898 -0.0611459864335266 0.00911253816962877 0.052471414024638
-0.070960027243255 -0.0323420718438962 0.14197005639929 0.0922227022681304
-0.0582655637898793 0.0559870815960825 0.281534086546259 -0.00724207173894922
0.00116538746063852 0.0762853346605314 0.309105600962782 -0.184016546417273
0.030392470984092 0.0725778513742714 0.240069028470063 -0.341789125544523
0.0285066085968751 0.058448386978241 0.171114655825144 -0.394333911799748
0.0229706704491425 0.055308453317275 0.215613682603791 -0.34244723459408
0.000495694476254463 0.0505049441938882 0.249431229849861 -0.209126349640365
-0.0376177317422612 0.0183067872975498 0.186821465378267 -0.0483527142402797
-0.0274252271538913 -0.0376986858929235 0.0685893431057138 -0.069505423713462
0.0415252829894697 -0.0135025821796455 0.04386881714685 -0.189107488031776
0.030306088908109 0.0457465532537343 0.270562766945993 -0.313226131012383
-0.0214984515492116 0.0833222780205852 0.627504996209693 -0.195253466187765
0.267229732666319 -0.0389860047218178 0.291954698777234 -0.292725351449299
0.189887046266221 -0.169553838416789 0.053571699329656 -0.224693854385168
-0.001089257671211 -0.256698870980267 -0.0220356263761203 0.0595406228101383
-0.180004281784187 -0.164770545805114 0.106328437716491 0.110109407307135
-0.212700775386042 0.0490547146095275 0.265276240284267 0.0244546632596394
-0.112155541776131 0.149161083962798 0.292935574237769 -0.149955398520157
-0.0646747131183644 0.193708900840099 0.233320558181257 -0.293968020443443
-0.052680971390892 0.205916488561105 0.167860503032201 -0.345151145281743
-0.0730750239202876 0.207150970512515 0.212014830194529 -0.302409742737035
-0.130817765811174 0.139889465579126 0.22344247810253 -0.160750274297886
-0.213172075628813 0.0339060312324644 0.151017980951881 -0.0103347480117157
-0.186826906749946 -0.172913763409901 0.0198540130446958 -0.0743506494892993
-0.00119743177681157 -0.247458741303503 0.0247001083422733 -0.211413974602456
0.15703341171355 -0.151990487810757 0.280512618727915 -0.339771396566769
0.218255717710981 -0.0457435435998196 0.620049550344083 -0.229786201149568
0.446488094978823 -0.163283842817004 0.16795560399772 -0.284989928583394
0.282610775776644 -0.326574722828469 -0.0152542602880418 -0.19771765025602
-0.0124160356571789 -0.433330433287765 -0.043127109254313 0.0815965623884987
-0.28585404982153 -0.273770604191878 0.0794535183499111 0.122307780844282
-0.348782912087241 0.0463560928116297 0.231239858317821 0.0436346260857017
-0.210706489728719 0.208853561668131 0.240259604617563 -0.105323907402166
-0.147942858806504 0.289277343655592 0.190104879902023 -0.207754489606846
-0.125743313425458 0.323292023764358 0.138449585312009 -0.242626209629675
-0.157437293550757 0.326257578629395 0.174246930522971 -0.212497744759785
-0.243678612863735 0.208083411387748 0.158717002340907 -0.0842618916257014
-0.36197446878635 0.0448730181741976 0.0793900828524715 0.0309688159123826
-0.32626603981185 -0.288140681875958 -0.0482319539600353 -0.075763833185543
-0.0471067593690115 -0.453771415011934 -0.00749961565984092 -0.22322721292695
0.262165954419108 -0.332323816457066 0.257275512360657 -0.333896807549465
0.427225018064508 -0.167697687803122 0.537789979429272 -0.227020161377705
0.564782213400094 -0.279768871689311 -0.000505788973952086 -0.238145928215784
0.328579178556088 -0.469803241240757 -0.102340164678351 -0.123777915774902
-0.0524866764784771 -0.57385417805983 -0.054312353500165 0.119159405283894
-0.387972538534466 -0.344307598254907 0.0558794919619056 0.129833693121316
-0.452497135889503 0.0533922352321265 0.174174744368048 0.0558568770769798
-0.282322631629687 0.2482642116438 0.155503182059741 -0.0475397566726171
-0.210705320776734 0.345369991410031 0.118478246371479 -0.0903422397582762
-0.178008167782989 0.389952896010573 0.089408027164017 -0.102818938397532
-0.216955503589187 0.392894510075534 0.111016256454977 -0.0871339945444529
-0.316795973874982 0.241968330740253 0.0660457759648526 0.0116830495146907
-0.453869587421572 0.0475621667907675 -0.0158243571323371 0.0745142826188032
-0.418452153597027 -0.361475656274454 -0.125333761548713 -0.0689780384292893
-0.0876231277173594 -0.591425458163736 -0.0453817004806468 -0.215939163392813
0.324992248573355 -0.46121684578305 0.205709210887677 -0.282857449461937
0.56727635003038 -0.256575562158149 0.389294321838199 -0.181257723561913
0.605792837018036 -0.36213860421845 -0.19185320656821 -0.153417656161197
0.322819442918173 -0.56458054076964 -0.194996043396496 -0.00919949233393901
-0.0999149932466044 -0.640371710146118 -0.0575556698111475 0.160735221845052
-0.447321153899841 -0.361060305990871 0.0267052763022158 0.129663821079221
-0.495858921478085 0.0611269360875279 0.0920396880538216 0.0668751849904626
-0.312339382469706 0.257626984978198 0.0464763737642854 0.021775766781034
-0.241707603004692 0.350509620316547 0.0283383309225266 0.042488658790124
-0.202988730095606 0.397111018206933 0.0263105326620521 0.0531869682065149
-0.240531546605485 0.395532029374987 0.0312330582777793 0.0536628807765166
-0.339361714808371 0.231875664141183 -0.0388711453044363 0.110284276411637
-0.469604758599761 0.0353808444788468 -0.118982943344103 0.110232045688424
-0.427173916659788 -0.379539989696098 -0.191498100656371 -0.0573896181107577
-0.0961604265970473 -0.623028844395386 -0.0743866251243425 -0.187532394185221
0.338695263296172 -0.497744316984121 0.135862996671692 -0.192112126271454
0.614794005299991 -0.29692100204344 0.201074786749809 -0.10242738095334
0.5568625967701 -0.39244564646726 -0.377930489232612 -0.0412907962530145
0.266384929226114 -0.567199255114887 -0.276391814823266 0.125292428862853
-0.126865254687736 -0.598768675997858 -0.0561797423809105 0.192060555868738
-0.427832730370148 -0.317379770523735 -0.00820706141236405 0.118334736573082
-0.456034836738145 0.0580757868790569 -0.00631910724287984 0.0737753105674545
-0.291791539782147 0.224008480982249 -0.0707844730344749 0.0918447382700033
-0.236047514251896 0.30202240332469 -0.0666446524566665 0.171250152696598
-0.198725148147813 0.343629333536282 -0.0411667081039703 0.201383345741037
-0.230288593502583 0.333779894568755 -0.0531978052626821 0.186161898015087
-0.30700196535888 0.177697828477186 -0.138795403453728 0.189516439652609
-0.396272004686296 0.00797524494356021 -0.208121229351901 0.12187669692235
-0.343149319110807 -0.336948329091071 -0.229988716143971 -0.0486012630873119
-0.0664635798552616 -0.537131663886675 -0.084651357074771 -0.147184514826273
0.300608464255845 -0.430643298137614 0.0650667682875009 -0.0852969904953257
0.565250276134973 -0.280878555937172 0.00678169970549797 -0.00847563893399438
0.422453404406089 -0.357917419852184 -0.530630713178867 0.0764468904121554
0.168589082060134 -0.468852203193589 -0.333453445532101 0.250462030856571
-0.120688481165513 -0.448235633754241 -0.0511892763636485 0.204903265581425
-0.322163201928378 -0.218920550445862 -0.0387650911188795 0.0951469812873388
-0.331868645440267 0.0402631842153025 -0.0983381240930489 0.0705820212123292
-0.219482656315986 0.151912186047387 -0.175100824939996 0.14559512844899
-0.190677583648476 0.203857420718647 -0.152599162784009 0.273270025965655
-0.161492278873492 0.236055138285263 -0.103665430114063 0.319279628161702
-0.183623570663667 0.220342806847646 -0.130141323279611 0.287927618848115
-0.229320798171688 0.0967840218685772 -0.217064723303191 0.232635458934905
-0.2628396366395 -0.0232208801986955 -0.264275113773184 0.105055088823881
-0.200127309966165 -0.243425317555886 -0.229431135313438 -0.0483717925003526
-0.0220461328637663 -0.361983137000249 -0.0732409330040958 -0.106421561656233
0.217262503645338 -0.292049049021629 0.00457658483817452 0.0114366875688634
0.423326299385528 -0.22095540347706 -0.162056541254816 0.0822944551385285
0.222103610562837 -0.263816426555811 -0.623036845416447 0.17713438340539
0.0475038654579652 -0.293915942161733 -0.360683775829623 0.345164082990032
-0.0936783134387809 -0.223142518750741 -0.0386248867677241 0.205220433112865
-0.162345317917953 -0.0854964419426173 -0.0488968159810121 0.0678270188164989
-0.151346576947661 0.0148527299106339 -0.159846848595985 0.0519418767337081
-0.111892704345454 0.0533059969621926 -0.247824380728093 0.170079653258337
-0.114958995642587 0.0724869744560687 -0.216073955442852 0.330704808166212
-0.100818368070319 0.0925224278891439 -0.152603331464935 0.387981715257722
-0.111682812645592 0.0786146590472367 -0.187855881680459 0.344324067812733
-0.122858352476693 0.0088446448224891 -0.262799071151215 0.237246117527583
-0.105277870208677 -0.0429156450521388 -0.282920941170031 0.0667424787698482
-0.0516946506919697 -0.118846954264197 -0.199921192582072 -0.0533076516042453
0.0103008793257268 -0.152877354132683 -0.050805652729525 -0.0734935653262613
0.0993241434304504 -0.131059199970332 -0.0375572899609973 0.082463637130605
0.223746194322634 -0.136747748185542 -0.280253315347676 0.155422746896708
0.0566095421338414 0.0796742320573267 0.341174518657138 -0.287760327492981
0.0676002418220233 -0.0159478006520714 0.0811010201052562 -0.214473177971608
-0.00916184116348543 -0.0613865056410236 0.0111751002450245 0.0517909007159736
-0.0736010607992099 -0.0297815786112747 0.147794464425446 0.0848360673961423
-0.0558110452748514 0.0588806602324303 0.283219990592703 -0.0256354259721001
0.00441827793272111 0.0762144432884437 0.300172594077599 -0.204009029222862
0.0347062237783452 0.0706921742799099 0.219884748371244 -0.359116016505753
0.0329725792000426 0.0571614273709267 0.144986028146722 -0.407290231074642
0.0265889821952715 0.055228488702292 0.196029728889545 -0.359823253855792
0.00402232667621586 0.0503555220695099 0.237757436995832 -0.226836875653134
-0.0361448290421618 0.0208190961947776 0.187303623292022 -0.0588192379563684
-0.0302621538266389 -0.0354466933016226 0.0629294976838434 -0.0722618774323376
0.0418635729376477 -0.0159878737688568 0.0313135787759414 -0.189993783625911
0.0329081575285641 0.0448418219856121 0.256965638887253 -0.326294691293889
-0.0179625597176235 0.0856995547137994 0.625910109256378 -0.227752531289783
0.266020611099141 -0.0534292869906846 0.278933979353016 -0.30784968326773
0.181731383773637 -0.180750051966928 0.040365168079167 -0.225479747589336
-0.0147796649409983 -0.258179303221849 -0.019040187673533 0.0598266662075383
-0.189579562262264 -0.157113624629158 0.112619368737988 0.103085376347761
-0.211563187171488 0.0613841320524435 0.269112742130012 0.00652087050032096
-0.105619645457822 0.155759224921896 0.285787963165228 -0.169671539515213
-0.0545223137857258 0.198161032651321 0.214055173982313 -0.309790273020355
-0.0399817193234922 0.211923263977911 0.144676286265513 -0.357273562212181
-0.0616042101503127 0.214101110162931 0.192985396803639 -0.318451630657829
-0.123897586069064 0.147235765989451 0.214468188531993 -0.176670811607442
-0.212538307609439 0.046417442694528 0.152883065634846 -0.0195677931242377
-0.199323915716981 -0.163859092256951 0.012349573414609 -0.0739685779611815
-0.0152014193731461 -0.249511063602667 0.0118525646233335 -0.211939138615246
0.150843188805515 -0.160959167326993 0.266006660921061 -0.355923998281966
0.21714235794868 -0.0575712073147456 0.615568225165058 -0.264196391458868
0.440032241920803 -0.18616942620044 0.155945746049304 -0.294210018659144
0.267277862083247 -0.341059045568092 -0.0245101449175913 -0.194852156967718
-0.0371569694746153 -0.435153354044357 -0.0384033785482858 0.0828265512420903
-0.302821433207008 -0.261834692597367 0.0856508775596174 0.116638502413327
-0.347832988295 0.0677094237367494 0.236728472766459 0.0275692819968518
-0.201907020285081 0.220660910270145 0.235937147612333 -0.121935416723654
-0.134127912380217 0.2988955213291 0.177166608179682 -0.220144647270079
-0.105654757388773 0.333901184541719 0.121502474661588 -0.252351383015765
-0.139394792621263 0.339233383631283 0.159483637413769 -0.225057557074125
-0.234129942956011 0.222169826503904 0.153346601000184 -0.0951779780811344
-0.361675597328659 0.066432138253466 0.083375250566215 0.0263053258952314
-0.347266937446838 -0.272616501679798 -0.0572453630527357 -0.0710193711674498
-0.0738315817704814 -0.454608208905857 -0.0198756428327659 -0.223771414145012
0.246620075715668 -0.348776453183393 0.243051333094872 -0.349623974981383
0.421946115144547 -0.192957272432511 0.531154930866089 -0.256307495445289
0.552408290232713 -0.309756798032027 -0.0112803631813275 -0.238432199316642
0.306126209144224 -0.488757395016064 -0.108479420694765 -0.116855908563834
-0.085144979450237 -0.573652474888196 -0.0462770404143497 0.120952174708161
-0.408804616795539 -0.327005198302309 0.0627234756304504 0.125100131281494
-0.450999926730977 0.0810850358125361 0.180292587825371 0.0427853941052143
-0.272045733726526 0.265175623942546 0.154132350202959 -0.0576552719898868
-0.1932781053151 0.360363327836292 0.11390200385074 -0.0983366981932434
-0.154469806322278 0.405577211065518 0.0819441764066745 -0.108262871839552
-0.193353842215754 0.409732938443465 0.103348855050891 -0.0947682881721819
-0.307927940081672 0.260453857189484 0.0665486632404797 0.00799189056409236
-0.455776573466884 0.0742043166853775 -0.0110213807596485 0.0749850962370123
-0.443987622988339 -0.343724216801555 -0.133995887147196 -0.0600748318686716
-0.121919741474279 -0.590682436380415 -0.0566085910316191 -0.215341228703228
0.304404925175749 -0.481713960517376 0.193113787316727 -0.298132290373233
0.55809640110303 -0.290600736575402 0.3837092658145 -0.201896350560168
0.588908143274404 -0.395462030572572 -0.199236790495357 -0.14535277411249
0.294980835076342 -0.582496400971665 -0.194570896278505 0.00316509845069263
-0.137746723751358 -0.637279331781178 -0.0461499315843064 0.163020816237403
-0.469785555280349 -0.34158808448963 0.0338838412355709 0.126301442671872
-0.495052256728983 0.0928915845883587 0.0978481822272861 0.0580129327570055
-0.302052568280737 0.276809860577833 0.0482388806549147 0.0185116940436748
-0.225167160994167 0.367260933122622 0.0314685255952527 0.0410361385989867
-0.18023294425743 0.413994179981485 0.0295954488560933 0.0523294963549476
-0.218070623528793 0.41236374896801 0.0316678885082319 0.0525058078386492
-0.33093993643413 0.251301533156889 -0.0328406276694344 0.114722710167394
-0.469910331058047 0.0623581424164352 -0.113738177721536 0.116672357540053
-0.452439730593882 -0.361424712421252 -0.200618622593085 -0.0444273675018278
-0.131940143011052 -0.62167256862556 -0.0845844386904423 -0.186139299082512
0.316776205091737 -0.518616466600336 0.126847592149834 -0.204943774950091
0.604569900793425 -0.332709696517344 0.197155384881901 -0.112812077126198
0.539545524242454 -0.422673448430372 -0.381037583849162 -0.0245624837570649
0.239201725590303 -0.584028924536429 -0.268887592986851 0.142252178649267
-0.164423121111028 -0.597032278328964 -0.0425725289337125 0.195075347632249
-0.449736942276938 -0.29673032224104 -0.000986235958140818 0.116458493730266
-0.45479066967457 0.0870739691572354 -0.000698653535304954 0.0711595081127347
-0.283034196605301 0.241844139308068 -0.0662266007493079 0.0961430291889813
-0.222025253177885 0.318757545624028 -0.0550188075422471 0.176105007075625
-0.178466553478516 0.359434063835916 -0.0285352083460808 0.204856536062748
-0.211728950258169 0.349652580997406 -0.044457540619789 0.191051991438933
-0.302317670335909 0.19487464851816 -0.128498785653879 0.200601397636849
-0.398724678147485 0.0308549697893916 -0.202775945238646 0.134462589153122
-0.36606965672951 -0.322575056943639 -0.237407550138515 -0.0333976385581072
-0.098158469980839 -0.538235946215908 -0.0929683731993312 -0.146630176311046
0.281457987025901 -0.448251483137692 0.0609760590690663 -0.0946102325677222
0.553527265506471 -0.31481651013415 0.00474253959555507 -0.0076209149986776
0.40713670349809 -0.381542258774099 -0.529355457937659 0.0999591515291779
0.146296203640919 -0.480842917597521 -0.319633448808331 0.270455920693951
-0.148039276097417 -0.445554079279692 -0.037026905973483 0.207966324756225
-0.337259452098822 -0.203249104820884 -0.0326020324233839 0.0950211156399834
-0.331334239645288 0.0619245727202703 -0.0936906500537685 0.0738691701577302
-0.214689817569098 0.165396067831321 -0.168466391428301 0.157427212131255
-0.182781761930904 0.217798047557647 -0.134560818232795 0.285599191784543
-0.148172747574298 0.249307008966009 -0.0828042564299822 0.327692516663814
-0.171994028993667 0.232527804933048 -0.113951703589829 0.298151395511925
-0.227671362848045 0.109311189943717 -0.203804508452801 0.24877845316236
-0.265974625793596 -0.00905002331951928 -0.261483854477264 0.120657639916753
-0.216466819318936 -0.235321343580491 -0.235481240594198 -0.0343252361337603
-0.0433604105782222 -0.363236947649606 -0.0797081101350684 -0.106866880242618
0.202741008441033 -0.304510648594619 0.00458077850983666 0.00573726868221023
0.416378370281087 -0.248111610951827 -0.161078901310109 0.0914746930165172
0.21013472747225 -0.277623033037481 -0.619522005063105 0.206303515519374
0.0336412534749266 -0.298192868799031 -0.342978877051336 0.366072213954623
-0.107978683080016 -0.22032866585134 -0.0244185011013707 0.208672983717652
-0.168270614175736 -0.0770244943558578 -0.0438505404175919 0.068621109774142
-0.151230504366114 0.0257958415450378 -0.157772497899525 0.0595223858204481
-0.110405798963797 0.0602967441969569 -0.240745709318258 0.186431928932506
-0.112673447449949 0.0805797914374898 -0.19527934704169 0.346808884892053
-0.0969026729690729 0.099702410915185 -0.126193182751948 0.399141581256963
-0.107917456778229 0.0846251329881019 -0.168545401380755 0.35790975074963
-0.1246181962619 0.0153131149693251 -0.249836180079242 0.255647062319143
-0.108009217245855 -0.038201586884713 -0.282824095527618 0.0840508514577797
-0.0591793627250432 -0.118080977016984 -0.204097162974368 -0.0410823227397603
0.000792033775503549 -0.153854678147113 -0.0553738038012507 -0.0750918728507406
0.0926764133807008 -0.136679129744075 -0.0347020168307338 0.0795572804173594
0.218240646907899 -0.151874323765021 -0.276826855923419 0.172335883306872
0.0593887452147704 0.0763165246539098 0.324125759179613 -0.29808174478034
0.0655648443517505 -0.0186622629552259 0.0694341850812737 -0.212249433734396
-0.0106820522712117 -0.060411564483153 0.0135392040374008 0.0506262821455152
-0.0745125741946461 -0.0270914430818835 0.149674566152865 0.0752679296479323
-0.0525453709414591 0.060400033845348 0.27802770497423 -0.0425097458189063
0.00797585704625673 0.0741944757074143 0.285684149595393 -0.21968774917364
0.0374373418051159 0.0670852791089293 0.194203486404404 -0.366292827065126
0.0360686301329036 0.054674571517494 0.117993433514814 -0.408285781749269
0.0298054906206524 0.0539574927241337 0.171376388405065 -0.366326496222767
0.00735723171661644 0.0486949543582356 0.221040281674604 -0.238368055100332
-0.0337913908150144 0.0229029696887406 0.183037211645425 -0.0684357762122306
-0.0315533262319597 -0.0323181648876788 0.055920760509005 -0.073055002960531
0.0408402277938403 -0.0181756684924642 0.0199562742136873 -0.185707844283603
0.0350560941485419 0.0431442677073011 0.237910128190536 -0.332869926152755
-0.0146208426105878 0.0859180673983918 0.608467772911568 -0.254236979912997
0.259413289308758 -0.0649003924555561 0.262217072019535 -0.314803444889372
0.170279324308 -0.185415111200421 0.0291775878954157 -0.220984446286955
-0.0264723587754002 -0.252929473351622 -0.0150312301323824 0.0594663851878276
-0.195669051512763 -0.146569229301656 0.115192255497458 0.094721103933797
-0.205465898144478 0.0714647773494062 0.265683408950454 -0.00999611610309735
-0.0965987557835539 0.158095018241494 0.272683570816121 -0.184472880842958
-0.0439281823444572 0.198228187796479 0.192468287303996 -0.317155003711465
-0.0270247706238099 0.212258460470093 0.119897106312087 -0.3585812305138
-0.0483608932440688 0.216110298109436 0.170202268579485 -0.32573035463598
-0.11533935117707 0.151066329648086 0.200770235838868 -0.187104828185612
-0.205971472384773 0.0580012594431366 0.15135009961555 -0.0288157957511794
-0.206548278437312 -0.151639487456977 0.00605177614872201 -0.0715469745822979
-0.0281301480621119 -0.246991079388922 0.001085272264521 -0.207677553084634
0.141563538518231 -0.165889224672457 0.245807548774128 -0.362875568948093
0.211051053173111 -0.0679159950237469 0.595985815215686 -0.288325144078426
0.42352492446012 -0.203835136791251 0.141894660379249 -0.295688439522863
0.246748557748787 -0.348609910168778 -0.0335253847589022 -0.187226487600046
-0.0584508788673922 -0.425813666889121 -0.0320672677094142 0.0818176328256642
-0.311925831928781 -0.243627798877762 0.0892761793265353 0.108373347573294
-0.338136326591176 0.0852455772246205 0.234592591168669 0.011220932760034
-0.188578454578108 0.227161572475036 0.225967788168054 -0.133566873922444
-0.117842367211523 0.301978628769369 0.160671466292764 -0.226774175516929
-0.084364680670671 0.337523941669453 0.104027392014643 -0.254751458143209
-0.116953340136825 0.343372797742419 0.142447842697049 -0.231436590176398
-0.22075504743169 0.230346613221786 0.145265048983718 -0.102377176971621
-0.353111389985704 0.0847293918006521 0.0838988724445262 0.0202006118344072
-0.358856522462699 -0.25180453249773 -0.0632092170122423 -0.064190863483074
-0.0967550102617581 -0.443959113516971 -0.0296470286797572 -0.218734696702577
0.227432274115266 -0.355928887479415 0.224949559451067 -0.355176856361879
0.406487244261495 -0.211671497272221 0.513591607816737 -0.277957057172187
0.529016381850634 -0.331203965702559 -0.0208344196535478 -0.235346362297278
0.280547427106567 -0.492980150317682 -0.1101392156914 -0.10778085265482
-0.114949751273772 -0.558962310824617 -0.0370550836349674 0.119532162148525
-0.419555700452571 -0.30373988884438 0.0669304898234724 0.117531191904933
-0.439413069257466 0.105698907078305 0.180788447042384 0.028421776204016
-0.254949788858337 0.275055983944677 0.148251284516663 -0.0668847322137728
-0.173622636065116 0.365957510138518 0.105356974924083 -0.103265557276885
-0.128528767065683 0.410999623448412 0.0729670356407891 -0.111171510913092
-0.166740878616231 0.415416308255788 0.0942931166616435 -0.0993350306955234
-0.2921869450044 0.27206543327455 0.0650391657546183 0.00476407226945302
-0.44501661248835 0.0970824958911671 -0.00697029645349435 0.0734410816192687
-0.458028766791179 -0.316256879101786 -0.138163924315016 -0.0492314132733026
-0.150196670358491 -0.578062884789443 -0.0660287531933828 -0.210308167995146
0.278740992318845 -0.488642863041383 0.176454131516975 -0.305194327410137
0.536460713878629 -0.316428899639358 0.368081611732897 -0.216605930666944
0.561363882559957 -0.418580192329191 -0.201790633353256 -0.13594131818453
0.263203737369841 -0.587820099839114 -0.188477621640741 0.0139655823203205
-0.170513735993141 -0.619186727592826 -0.033711689915477 0.161046213361829
-0.481081775057379 -0.313508328943689 0.0390180320219059 0.119465267015513
-0.480451067709738 0.119580481136069 0.100214751893511 0.0473478388730032
-0.283217964183842 0.287229508627976 0.0477489291311098 0.0141608287528705
-0.203946355231454 0.376704371171736 0.0340194388539023 0.0377437525380939
-0.152567741618427 0.420875454272796 0.0313558433283012 0.0497286137437566
-0.191730972468111 0.418991321961524 0.0321869801795262 0.0502230381682988
-0.315376765002219 0.263417463953288 -0.0265860050986569 0.115530556660354
-0.459754670210948 0.085565451989392 -0.106025934545671 0.120542900159556
-0.469220767039959 -0.334706419525067 -0.20266940942347 -0.0300153054447343
-0.162630391741113 -0.607959555883659 -0.0930880775552903 -0.181146416321826
0.287592527968083 -0.525533808373381 0.114848684020986 -0.211878244358788
0.580270671913427 -0.360061275605972 0.187713981647441 -0.119413433369778
0.511099334504647 -0.443577436856033 -0.376420768844276 -0.00977521695328501
0.209275948700205 -0.586962328162864 -0.254968102567545 0.153418866467637
-0.193494176879806 -0.580174982398764 -0.0290473878658051 0.192409869674252
-0.459065332441344 -0.271295493325598 0.00428591340101124 0.111978749994878
-0.44288869392143 0.112187652501197 0.00376937906319982 0.0659289650117521
-0.266796498281915 0.253946173523263 -0.0607064837370346 0.0974504807530155
-0.203910831761567 0.328205187747762 -0.0432810186172968 0.175955362797358
-0.155381293303344 0.367702117244884 -0.0154799670212153 0.203106722136166
-0.188860828632713 0.356202074850494 -0.034003276832354 0.191315444029537
-0.290223014600382 0.206616105715898 -0.115945061282638 0.206805256079719
-0.391642107480083 0.0506193718615978 -0.194206197651042 0.143021180966294
-0.379752159647928 -0.3007050819755 -0.237663807194399 -0.018708478534085
-0.124218054012415 -0.525821008324517 -0.0996590821891149 -0.143310471425867
0.255422467105117 -0.455027524622064 0.0537020741364519 -0.101050225975622
0.532656464682114 -0.339457659151337 0.00277987732137474 -0.00626293864113862
0.38280309622934 -0.397633214891251 -0.518272281356059 0.119444521065584
0.122647530266807 -0.480420460825467 -0.299289477618144 0.281984783336568
-0.170843951393909 -0.43156966496707 -0.0228162967611286 0.20548849541534
-0.343080577038979 -0.184695389891856 -0.026865490768615 0.0927991242887887
-0.321860620297273 0.0808831333562412 -0.0882641099160178 0.0744323170723163
-0.203995156833155 0.17486043169826 -0.159061203634307 0.163653612835335
-0.170589844562208 0.226233964112929 -0.114857737393357 0.288212245868586
-0.132379933838629 0.255585997831918 -0.0609948629793987 0.32591516744584
-0.156019713417131 0.238286315374906 -0.0959938225888863 0.300813249038977
-0.220854766457411 0.11911778907861 -0.187451460640088 0.258671884012931
-0.262486823083512 0.00495189992227256 -0.252068841014823 0.133533499435437
-0.227064016547087 -0.222393659504688 -0.235148073381659 -0.0205486277800082
-0.0621552382426397 -0.354944657854222 -0.0851244272948975 -0.105148684842525
0.185324473292102 -0.309081770890889 0.00302326883675723 0.00013451882827248
0.398251194146895 -0.267249484882755 -0.156227063864348 0.0999658562836222
0.195440081097448 -0.284423557816455 -0.600533743392337 0.226423827553657
0.0208487516756686 -0.295452833428808 -0.317187932841992 0.375711544332888
-0.118936444869339 -0.212716386857151 -0.0115564611147782 0.206119845577587
-0.169824645729948 -0.0679732088762647 -0.0392632688281791 0.0678872046980448
-0.146809464210495 0.0354512638550551 -0.152750734888656 0.0646002281661781
-0.105619524909471 0.0658605329154029 -0.229735178900787 0.19645018221426
-0.10781490618654 0.0871958397625475 -0.170429895419723 0.35150687563534
-0.090327555773822 0.104463341666689 -0.0998062935737807 0.398685260064345
-0.102110470055521 0.0886752460486221 -0.144812620086057 0.364006095212438
-0.122901788258344 0.0216202971370211 -0.230877493795692 0.26848483576345
-0.108364763246582 -0.0321268252359547 -0.275552817354765 0.0999338321441153
-0.064936545910859 -0.113900817948381 -0.203844233599642 -0.0292033434842315
-0.0083415431022982 -0.150386080823193 -0.0600635378773272 -0.0748586682283539
0.0847699392060763 -0.138018485832894 -0.032401459841388 0.0754351136242856
0.208058486317681 -0.162781995280126 -0.266588007572573 0.18473053531098
0.0816281281967381 0.0468728613375459 0.201250408942561 -0.381734125652412
0.052605386456483 -0.0425078005321822 -0.00445558787431795 -0.213336818864309
-0.0292485057017741 -0.0532769857022574 0.0332825868079052 0.0436381901701123
-0.0778218923044586 0.000981042469855049 0.166399004274033 0.0162585183639362
-0.0262543299537763 0.0716478380193299 0.240409342261012 -0.13486942888245
0.0351800901370699 0.0620778951407393 0.185076413914283 -0.302336458134103
0.0579471134882363 0.0469658558029211 0.0473346905060134 -0.402963077171321
0.0503223195676818 0.0352459311704148 -0.0364517942959172 -0.410030202147166
0.0455034096247533 0.0388693772700145 0.0325481304690364 -0.393829681399787
0.0216936723258652 0.0411841514839752 0.123451531432756 -0.29256606425013
-0.0228801779162163 0.0319245585999136 0.1455634294395 -0.124363717750953
-0.0390668626620321 -0.0184493705802461 0.0270869106624134 -0.0824850488622641
0.0315008570956261 -0.0305018436905495 -0.0418694928195097 -0.174969693810643
0.0443362093382428 0.0318499670041245 0.117560252255946 -0.381803538737324
0.0100536551717652 0.0884733586337421 0.484010318011083 -0.418466072769816
0.219484570516011 -0.155807788542804 0.139024763647257 -0.367214458104173
0.0917320058175468 -0.234646319215639 -0.0398610848023101 -0.199065979443739
-0.111816909714529 -0.224946162526712 0.0213027859642695 0.0628040106622056
-0.231309984666177 -0.0636140895051052 0.14899531728326 0.0404864595315844
-0.161006464140738 0.133161994023406 0.240685384440643 -0.108875246784951
-0.033872378881383 0.173466445176318 0.182972555238159 -0.269717611660717
0.0267624222398333 0.198371409003263 0.0637055777794572 -0.363988145530122
0.0455914326981529 0.199907195531949 -0.0199917218567188 -0.368029230594768
0.0290459238717011 0.212809333425934 0.0430799429923411 -0.356338760136043
-0.0578123585607508 0.175805450805456 0.122213655803792 -0.241205187238774
-0.16911590911962 0.121647054112684 0.131495038040162 -0.0814371358695165
-0.241001761843396 -0.070527346995611 -0.01422211998236 -0.0626116401259433
-0.106658661137749 -0.218044703023157 -0.0666784681014863 -0.185151002678091
0.0741308779433937 -0.197015930135146 0.111183391398101 -0.412719256064635
0.172380342300393 -0.127250195405248 0.453915954526882 -0.44808286887328
0.324415133609611 -0.342506338061463 0.0337505044424288 -0.301928832172638
0.105746186829651 -0.412594236085533 -0.0820695868864919 -0.140938224384433
-0.20192560818698 -0.371319057111139 0.0242625163221987 0.0893628366495578
-0.373901730610628 -0.111554900221683 0.136650390353764 0.0568781838087854
-0.278490802988524 0.191592317358499 0.220291735048317 -0.0845803271183806
-0.0952499082577236 0.267245014565527 0.155517411472135 -0.21097869060916
-0.00692749796617818 0.321962306965246 0.0676043530958161 -0.274373611010708
0.035248042261737 0.333556408050705 -0.00111754092510042 -0.270138341218675
0.00855848666112693 0.35216419898663 0.0464210162669232 -0.261590131313663
-0.129313577294759 0.283768426821126 0.100231257264198 -0.147670606976404
-0.293915067503218 0.194679723955919 0.0885088477290321 -0.0181388050650522
-0.415274129101914 -0.113785601413715 -0.0713147242756057 -0.033216985075765
-0.235344157630288 -0.379350462187172 -0.099793122436812 -0.182098570372716
0.0916760029967663 -0.400675437814628 0.0888915319341786 -0.399920793808513
0.310965172335546 -0.323652542774999 0.373984057544271 -0.414920560974638
0.379217812538275 -0.498876112935879 -0.0967433757271757 -0.187163877476585
0.0845991428586848 -0.558846439672836 -0.121859966433139 -0.0368373115093718
-0.301094272878703 -0.474198036703414 0.0415646829157834 0.124129400649398
-0.492950097260389 -0.124753507641931 0.124409770123721 0.066730818549642
-0.362641130775848 0.244193228262158 0.176798709277627 -0.0563012225591906
-0.140957727992301 0.332530119239343 0.105586378148478 -0.125820178776405
-0.0377811924838512 0.401819726750098 0.0611921992091159 -0.145229140865491
0.0195679362619412 0.415654652513979 0.0196682503819566 -0.130920821445054
-0.0138028331347029 0.435067872803647 0.04616115454244 -0.12463587372843
-0.182085030965151 0.345673049496088 0.0629128097129456 -0.0242456883691663
-0.375077507202534 0.236332996320428 0.0241625484227065 0.0595506420249511
-0.529429530237408 -0.140880267216507 -0.133035913585029 0.00657001398638288
-0.328139061198416 -0.483354839430602 -0.130975811072161 -0.160638146712809
0.0944281813842072 -0.540052415129954 0.0563332025499376 -0.337950426387398
0.398998110763645 -0.463212265019464 0.25449606774527 -0.316003093556133
0.379964311380629 -0.589242697562584 -0.231913513766289 -0.0345830903419825
0.0379480667288106 -0.640380129552137 -0.150730228887135 0.102148200729932
-0.37535901389275 -0.511412183310097 0.0626966171556736 0.158842029378509
-0.553483438603932 -0.112923873074569 0.101072432923448 0.0742186951861705
-0.397750104902007 0.271175021211074 0.109212082221897 -0.0144875191722791
-0.163677165286338 0.357249424355536 0.0403929305428439 -0.0177255869230681
-0.0628077751243979 0.424025546771095 0.0463354194367334 0.00837898887376188
0.000740777318576171 0.43370283929441 0.0374911152697057 0.0275604232316512
-0.0334438158840267 0.446907371240435 0.0402997066123689 0.0322637436888102
-0.206260847834271 0.346756352585517 0.0153991604200789 0.107611606471778
-0.393339699531183 0.231381032152747 -0.0511530317903756 0.135755223934257
-0.543543572135945 -0.154805277842246 -0.185533966363148 0.0445210960019504
-0.347791064371182 -0.506149318604206 -0.147672844015058 -0.125495567181765
0.0922076032141942 -0.577737848127276 0.0264984638152296 -0.233199010353262
0.426648989275192 -0.520563775803269 0.116230467987 -0.172550673512615
0.323999233990754 -0.594972350135799 -0.351799346260858 0.138588316710647
-0.0132315674794395 -0.618173937315166 -0.165296247420787 0.250873631341843
-0.383238205513815 -0.46548095270626 0.076230633105446 0.183815390460833
-0.518505698869372 -0.0834237705384666 0.0639259839232233 0.0792017248483819
-0.36538132354313 0.253123272840936 0.0261329798501422 0.0365049288344624
-0.161373043395347 0.3215924975351 -0.030477699653655 0.0979108705722078
-0.0800966403440339 0.380300375069193 0.0248207633977864 0.162840800147933
-0.019595500501867 0.387305370723161 0.0501951681730145 0.182661239280139
-0.0532978267027223 0.387706911412366 0.0279926159015605 0.183707972029058
-0.20001302560607 0.285980088406259 -0.035722891664705 0.221181338189566
-0.341875309979128 0.175098008002505 -0.123871882677375 0.188429413620465
-0.452297988401244 -0.153226056041691 -0.215575731098492 0.0657544861687189
-0.286892881597424 -0.441315543546107 -0.142016244575773 -0.0900400641047216
0.0871094257998924 -0.502270771998361 0.00534281751494842 -0.112448244742702
0.389314298064127 -0.487000973834114 -0.0182292858576049 -0.0115567665781912
0.220420133066749 -0.50381451407142 -0.440226342413813 0.298638670184505
-0.0541234443341561 -0.488734985841744 -0.167297218087319 0.376706043459253
-0.310204664912373 -0.338396358406894 0.0769470706733166 0.193150251167871
-0.381243877878975 -0.0450861608616996 0.0214629143489117 0.0769316411008095
-0.266171714104515 0.185043726704506 -0.0570068273059196 0.0801077229278889
-0.130661628866677 0.229493816638829 -0.0964906546960743 0.196502483556128
-0.0831236577602938 0.274988299472504 -0.00152619821488995 0.294345153192166
-0.0359902767006108 0.279197381525419 0.0535336955000474 0.311697487691429
-0.0636657706580429 0.269384329691686 0.0100550539479978 0.305395298973807
-0.164143548690077 0.182499938227771 -0.0834878447016579 0.295016074959837
-0.238492818628621 0.0906236016276561 -0.181830094571885 0.202234823679628
-0.28458082151209 -0.131014661877055 -0.216351199146183 0.0619192676850565
-0.173058372164049 -0.304646926311868 -0.117048426051279 -0.0644019593430763
0.0698901084640901 -0.345392894137357 -0.00763899045314492 -0.00314474364641791
0.287818442750494 -0.378620345960138 -0.127323179020274 0.135963536268669
0.0844905139228869 -0.331370122149468 -0.483730948334829 0.416875091086483
-0.0835175828373524 -0.279252960156691 -0.159508525550985 0.460686842942175
-0.184658985992057 -0.154349296239718 0.0725280192437224 0.189824763591057
-0.179933838803077 -0.000147804879550008 -0.00665969457538364 0.0660079555073601
-0.12211223214203 0.0838588442870138 -0.12016026258591 0.101817756183285
-0.0775833876551165 0.0981347858402574 -0.147033443653959 0.256429701118362
-0.0721523779011381 0.122724707325104 -0.0302385009622163 0.377665459900889
-0.0474316150475115 0.127676805186533 0.0469884354219161 0.393611411147893
-0.0650156933091426 0.114679828754931 -0.0115041546840572 0.379556931816669
-0.105112349010337 0.0610442418718403 -0.121234987918641 0.320833990639459
-0.109916898942663 0.00577420219305195 -0.215313767675686 0.18316239243856
-0.0984494887600766 -0.0840708386207364 -0.194137661072585 0.0415054483001143
-0.0570214510287474 -0.134258008683022 -0.084815425243213 -0.0492590319241236
0.0334739809463146 -0.154618254062519 -0.0127690447863334 0.0775507800213669
0.143496264514046 -0.22052932922758 -0.196121828767118 0.250067509209091
0.0811658675975105 0.0442977303593727 0.193932639124678 -0.380260729033461
0.0511928856583679 -0.0428432552980707 -0.00738314445040582 -0.208197129633473
-0.0289858261921698 -0.0537927116755892 0.0348643036449997 0.0426566058956622
-0.0776217679474202 0.00224732064861337 0.163743333305112 0.0106566612879294
-0.025539552151571 0.071149054992906 0.233160052403942 -0.140716272850797
0.0354337851427342 0.0601936599061065 0.174097349287332 -0.305384950893832
0.0575191574801677 0.0442440849141342 0.0351665639631235 -0.397650116175222
0.0503470414283584 0.0333650996868976 -0.0475893828374647 -0.399635687613021
0.0470377820207052 0.0373371511022226 0.019508455184404 -0.388995178946789
0.0222084988020868 0.0394879689805383 0.112265028858936 -0.292009245377057
-0.021178805653357 0.0314681180326106 0.141353412790998 -0.126473682604703
-0.0381944559676249 -0.0165070817178303 0.0233426873363683 -0.0795304240551397
0.0308164508610855 -0.0314080272457859 -0.044466883318205 -0.169039975494525
0.0435806595418543 0.0313575999325766 0.112091661115497 -0.378111661657613
0.0105306278309443 0.0886359913553577 0.470010555443053 -0.42158803763539
0.212564015378075 -0.157378334801385 0.13216443550772 -0.364274321118422
0.0859339177680487 -0.232150012926733 -0.041062219432292 -0.193562567192235
-0.114519143177145 -0.219691831205275 0.0239306871527914 0.0604131914385353
-0.23120305496363 -0.0591744780434118 0.146792591977645 0.0355659382011894
-0.155926697851894 0.134835290386556 0.233499957809603 -0.115354955983731
-0.0299268115681885 0.171265477828175 0.173141927748577 -0.272660970504294
0.0301247060828053 0.195688774223091 0.0518565035134162 -0.358783003156545
0.0513125163669428 0.196656530647129 -0.0307891644056511 -0.359255784321509
0.0356863908467402 0.208660115055482 0.0300095634276036 -0.352084876099517
-0.0537407772605005 0.174506777369078 0.112657630452383 -0.241104624475454
-0.164329878954722 0.123150202100596 0.128093067018442 -0.0837773967155896
-0.240074519822805 -0.0641545002167546 -0.0169492862364842 -0.0590610466865708
-0.110949603886169 -0.214067832982201 -0.0685779585318352 -0.180251891051857
0.0687307825082257 -0.195389116022232 0.103234816506316 -0.408965664903062
0.166979213854413 -0.129270838280518 0.440584762747058 -0.452456444795239
0.311607621477626 -0.344212253843093 0.0285005924995 -0.298380051836557
0.0973898988375541 -0.4092585296603 -0.0818445500305964 -0.135801044883278
-0.206436427579675 -0.361716844120888 0.027543371372655 0.0854505064949337
-0.370531578746763 -0.10305887190666 0.133804076646697 0.0508554349666954
-0.269407950267395 0.194157921157081 0.213857013757447 -0.0913639120216845
-0.0885199941794202 0.265438702940946 0.146592347406454 -0.213106190041178
0.000643258033199772 0.318506022551743 0.0574174422387905 -0.27076949623152
0.0454035275620411 0.329090024536161 -0.00973925180104498 -0.263650472057623
0.0193506290328362 0.34703287789784 0.0365242613466365 -0.258206347918376
-0.122954078618732 0.2830070713426 0.0936459662165641 -0.14772458589199
-0.285531756302186 0.1984400692208 0.085811283407496 -0.0201647548918619
-0.414643235587426 -0.103091788647176 -0.0723260488523285 -0.0277790587344644
-0.240856598141301 -0.369589661662457 -0.101352683612731 -0.177374887631278
0.0833224598258781 -0.39718362451885 0.0806409054877957 -0.396942769104005
0.299816630236441 -0.326498965186818 0.361599652664582 -0.41584974970498
0.362551531077422 -0.498397226071603 -0.0993231433437945 -0.183273446667908
0.0749884874811423 -0.553016510543481 -0.118945111975805 -0.0336407444979268
-0.308073625726149 -0.460545676824296 0.0458007763680011 0.117778038305155
-0.489917453293017 -0.115033573725749 0.122006099558669 0.0613470666012156
-0.350420724501319 0.249747343330773 0.171257708072963 -0.0627894424809774
-0.131777947118809 0.331907962092081 0.0993306355423371 -0.127532535271746
-0.0276695839048473 0.399460373067578 0.0549945414674516 -0.144014411636024
0.032579313013087 0.411337458648048 0.0142046229244108 -0.12824326785662
-0.00193858874671718 0.429081862712125 0.0396200783276992 -0.122863095167693
-0.173419922269252 0.344551784142216 0.0605666062608773 -0.0242261578552327
-0.364993314744066 0.242075110903582 0.0243589015094091 0.0583323868607673
-0.528636660010322 -0.126522477489634 -0.131586743808875 0.0129695543159265
-0.335306341929522 -0.469508240406614 -0.13250736520464 -0.156420066220118
0.0848190924699018 -0.534485812848518 0.0482026972136728 -0.335438536408746
0.385184606116164 -0.467595538983806 0.246153825071805 -0.315421615068657
0.361176741438169 -0.586906843036487 -0.230582676186853 -0.0306986774728139
0.0261101331373772 -0.633286622425222 -0.144718813621793 0.104047277953996
-0.381955302299578 -0.495108176545032 0.0668059488537471 0.151093777478049
-0.550261321518599 -0.100445243615666 0.0996114822504465 0.0692647002703946
-0.383757392376283 0.276721923259773 0.105422415830881 -0.0202638947948701
-0.154636256768962 0.354553682070358 0.0376431757536991 -0.018217912156258
-0.0516268335546965 0.42201060206962 0.044549284666106 0.00653471839090578
0.0141276493044806 0.430184825695149 0.0370660503659011 0.0267610462730233
-0.0216684150613152 0.440638536132426 0.0387293303727103 0.0318039298403507
-0.197983809914511 0.346457130790254 0.0183746636122779 0.106679154896894
-0.382153457346697 0.236979679866363 -0.0481272621588554 0.135658691702204
-0.54505902669867 -0.141072166943725 -0.182785828741779 0.0514225146711423
-0.355478699225495 -0.491408453789929 -0.150126284909828 -0.122840904312284
0.0821420957620335 -0.57156365732766 0.0189366268461408 -0.232566157944452
0.41089391476452 -0.523741549296308 0.11173218050023 -0.171267168689584
0.308283693520826 -0.592214349255612 -0.34797023193866 0.140723495767225
-0.023683652756741 -0.610819239737276 -0.156773618386163 0.249655206339858
-0.38972823804201 -0.451274073737156 0.0804025362638616 0.176215992260063
-0.51400828718909 -0.0715519939346652 0.0637874248275161 0.0746596209628374
-0.352030528633633 0.259287523970113 0.02446797940835 0.0317330644133003
-0.152477870676023 0.321030703440172 -0.0300506791725031 0.0978662798232044
-0.0691267506756098 0.379053884177788 0.0275828115305112 0.158727144551641
-0.0072468136571377 0.384438997265163 0.0534964599985387 0.178068305836915
-0.0417756392322465 0.383125007115669 0.0318990036807641 0.181307529773397
-0.192894431669995 0.286836134731332 -0.0285735401286544 0.220326605916782
-0.332742010508656 0.180056873070111 -0.118379480387496 0.189969690905452
-0.452537330013699 -0.141056025394933 -0.211723681354309 0.0724814752247071
-0.294468361222898 -0.4279840746859 -0.145096881927132 -0.088116633662997
0.0777217688007953 -0.497160952118638 -0.000801763593791689 -0.113234226056665
0.372162319231502 -0.492469118359927 -0.0182497463523079 -0.00886127741553438
0.208358152507348 -0.50176398485456 -0.432454207321689 0.298966961321539
-0.0615169590152134 -0.483064109921435 -0.157143958574656 0.373616901670184
-0.315497296022397 -0.326270580606294 0.0815404832206539 0.185849488364913
-0.378056978487345 -0.0368024161168806 0.0226736812978364 0.0736750869230081
-0.256197240707212 0.188865076769794 -0.0560039446097227 0.0778369798245974
-0.123647520705523 0.229608760400212 -0.0927167768250723 0.198102234687676
-0.074939413296327 0.274980311153056 0.00599720786278495 0.28868636705297
-0.0267664549808909 0.278076364527401 0.0609288073807168 0.303590115169477
-0.0562406798390143 0.2674192990125 0.0193434297780284 0.300772069124822
-0.15915128662264 0.184711862943035 -0.0724848497640048 0.294067475373425
-0.233232994089522 0.0941779462825983 -0.17464614855113 0.205719684512519
-0.285882282763536 -0.123153421235408 -0.212714807516099 0.0674609488699616
-0.179119855045064 -0.295936333283597 -0.121113695037494 -0.0630644336625114
0.0643411021602442 -0.341604443220708 -0.0117825543620958 -0.00549425850460268
0.275851247243045 -0.381738939104743 -0.122960376235501 0.138416597824159
0.0782702435943765 -0.329026507573678 -0.473812310558473 0.41644570448349
-0.0866195670261493 -0.275320257378541 -0.148868841680148 0.455875390899315
-0.187465434354349 -0.148205423275615 0.0770460647254814 0.184476089825934
-0.17785118822951 0.00195912850309348 -0.00518428906868968 0.0639525759362211
-0.116796875471562 0.0859909324189133 -0.117302687182371 0.101491942620671
-0.074079527630508 0.0987767717086393 -0.140948709609163 0.258597175313831
-0.0685813113725094 0.124418962781733 -0.0199145587603873 0.37170511918718
-0.0431037274819361 0.128380999437685 0.0579085700468844 0.383266829927412
-0.0621905354117825 0.114979144665998 0.00196714041518588 0.374922715152186
-0.103669900000553 0.0628962159142347 -0.108502432443658 0.31981948822355
-0.107301098365684 0.00785920936022203 -0.207859894198132 0.187769119373702
-0.100045016447062 -0.0804357322365572 -0.190268865328183 0.0458201022653024
-0.060096524745216 -0.129436118524924 -0.0885626971813328 -0.0482093560323228
0.0312156278563814 -0.15280694259899 -0.0146683043281398 0.0751105613359133
0.136300098915198 -0.222610559539136 -0.188594185828013 0.252446527816386
0.081671975562916 0.0422155815166451 0.189245445107872 -0.385186860972624
0.04973503144069 -0.043814255750081 -0.00863996709564577 -0.206104049841249
-0.0299014731333585 -0.0551797356936688 0.0377756907582374 0.0425265838039352
-0.0791347966599698 0.00346679093052298 0.164135157095644 0.00522762082437805
-0.0253003480648437 0.0719746576398015 0.228392583513642 -0.148538401563933
0.0363657205212978 0.05870004780988 0.1654395963085 -0.312863765938591
0.058254876685141 0.0429793994638353 0.0240670126365806 -0.398331784070326
0.0516293417838823 0.0318775346922651 -0.0582118786956977 -0.396372480116372
0.0485875038112906 0.0356068964413062 0.00695829355974208 -0.38988946047578
0.0228174230888522 0.0386679174733058 0.103512978681297 -0.294789421708056
-0.0209042980692036 0.0316813874259472 0.138538047936044 -0.130419055378635
-0.0376194990382737 -0.0156820537647784 0.0202946142947847 -0.0782876034201392
0.0302359506194367 -0.0330367001934777 -0.0462543957231001 -0.16684464656616
0.0436508886590083 0.0320100054507105 0.106419979927912 -0.38138626547909
0.0117994764015299 0.0901293526943175 0.465564188638211 -0.432532777545245
0.208545822666768 -0.162031161936943 0.12677663820982 -0.367269191217603
0.0818385312842088 -0.234831179910061 -0.0432651919580818 -0.191563642207279
-0.119413514355221 -0.218755507768064 0.0265920492018639 0.0581996245795205
-0.233826312372092 -0.0553608037575204 0.146344258794075 0.030143532774411
-0.154146072345798 0.138524965268107 0.229623960869021 -0.12330164359291
-0.0275977695845604 0.172264735734788 0.164622342866493 -0.27939803035246
0.0339857328123299 0.195812924207777 0.0418094001411081 -0.359393107098422
0.0576076114100337 0.195983645536187 -0.0404753025424247 -0.355834947796504
0.0418416824207654 0.208348291415944 0.0174912534799385 -0.352041698027979
-0.0509992310859414 0.176446452461765 0.105500041203093 -0.243566206870132
-0.161747636259746 0.127328429516556 0.125672819886385 -0.086890258892362
-0.242978215895483 -0.058345076020659 -0.0191652215136272 -0.0565184569752834
-0.117044700269636 -0.212306053489089 -0.0709541436085504 -0.17863990009607
0.0650172319396158 -0.195954971296724 0.0983572043511005 -0.412506364854329
0.164027196320865 -0.132837703171832 0.434412366637421 -0.461010025445315
0.304626530266852 -0.349789696259989 0.0240410830917704 -0.299675331613351
0.0897588185972743 -0.410578863380449 -0.0813718207457856 -0.133370058902946
-0.214446197411076 -0.357269909955857 0.0304315420448591 0.0816648935702168
-0.374409730928194 -0.0961776119727644 0.132848347234673 0.0467957515458475
-0.265315875895597 0.200414192843253 0.210060337147826 -0.0996754083967912
-0.0848578102124283 0.266862048600028 0.139905400598631 -0.218536804472436
0.00717504107768863 0.320628406968446 0.0492251683196264 -0.271721634457654
0.0553086506619554 0.330244432841556 -0.0167333017585011 -0.260348553076798
0.029503428845401 0.347021616459845 0.0272596770787816 -0.258193693870418
-0.118457458706283 0.287208728099611 0.0892314255223579 -0.149187272844391
-0.281685321502738 0.204973164418366 0.0849877196361519 -0.0218492053470305
-0.419949432225567 -0.093947197867962 -0.0739605390260173 -0.0236175555327276
-0.251051400206126 -0.365921135898121 -0.104473041263295 -0.176704132609019
0.0758520077192469 -0.399728252293969 0.0737563527386041 -0.401195000956073
0.292666194094539 -0.334358134740608 0.356361202620276 -0.422133692723965
0.35283820273439 -0.505660396747881 -0.102940049491661 -0.182457802805472
0.0648010561387996 -0.555819341346373 -0.117058760450462 -0.0304677768195885
-0.317401972928871 -0.454264937604825 0.0488555316894558 0.112830762190627
-0.495201535107995 -0.10616864707845 0.121198972415805 0.0575385089193154
-0.346236443584406 0.256906265029615 0.168011679334896 -0.0702741036926949
-0.126544348354135 0.334910379027877 0.0945867344481061 -0.130577452105494
-0.018395929028247 0.402539129060687 0.0498740081159409 -0.14487848665603
0.0461739971885921 0.412209902592687 0.0102111360917954 -0.126388309544139
0.0107560972200643 0.429789557889794 0.0343831425498089 -0.122583972905036
-0.168804295921879 0.351139579103952 0.0594798385171492 -0.0247795879862607
-0.359964529598731 0.250841881147692 0.0248604801662829 0.0589944329514556
-0.537042513156912 -0.117197836813729 -0.133335218231237 0.0183708876052017
-0.348458747520842 -0.463813653118728 -0.136635194948885 -0.155276393955812
0.0769302053429377 -0.538313693313735 0.040485245893225 -0.339051864593925
0.376419794321352 -0.477966361341056 0.241867456062318 -0.319198482613452
0.35051843477305 -0.594948922082933 -0.233072014007755 -0.027206982917736
0.0150286157139853 -0.635552643673641 -0.141773220870287 0.106329256218891
-0.395096345425796 -0.486937945242722 0.0717440476969241 0.145342844455045
-0.553252673099569 -0.0927705111182255 0.0985769706405406 0.0657659382807356
-0.377012533239539 0.286994033829915 0.103204443282368 -0.0269329293147532
-0.148065532405904 0.358804492542278 0.0348344571428918 -0.0181115118082135
-0.0420884231191248 0.426019189411117 0.0426549375779671 0.00595894736216251
0.0280918702536919 0.432362414995551 0.036579153523107 0.0267696032501556
-0.00922484115555234 0.441084312133655 0.0379778465903604 0.0319401209080841
-0.192702773270493 0.352989157379347 0.0215531250710393 0.108308807562102
-0.378287356587237 0.245604579086331 -0.0454126011058406 0.138475058227224
-0.553950696063602 -0.126920798064698 -0.182315586467379 0.0582870772176531
-0.369142189252156 -0.485277936080513 -0.154785610311488 -0.121156606324538
0.0725980300433552 -0.574759551138023 0.0117402714796032 -0.234733856148964
0.399775663446341 -0.534794137967693 0.109778603211421 -0.171894961708445
0.296547097425242 -0.599951961416929 -0.347955790368641 0.147155163347248
-0.0344809796031566 -0.614541758593545 -0.151436000598469 0.253348128955967
-0.4020374560894 -0.441187615422219 0.0860002998321019 0.170655073922272
-0.519568819552103 -0.0620813195232394 0.063594403926695 0.0714460102564207
-0.345134071208854 0.268730260202941 0.0237574653560439 0.0275154171341969
-0.146366158362459 0.324992272454695 -0.0300026447831306 0.100873313407751
-0.0593557803554176 0.384440233673831 0.0299405660899843 0.157743007053793
0.0057470105092984 0.38674192730111 0.0568527004063023 0.17588298627641
-0.0310974818704423 0.384816715581394 0.0365858998168006 0.181616149782593
-0.189344388733413 0.293193949361048 -0.021624543730421 0.222906362462089
-0.328981915084516 0.187459899873483 -0.114948791277243 0.194922431093418
-0.460184340912102 -0.131247283936382 -0.210978653676387 0.080215869840821
-0.306267628887982 -0.422083529641333 -0.150883548405137 -0.0864749032580657
0.0722002333450582 -0.499641151262005 -0.00741768939931115 -0.115155072330489
0.363911916753275 -0.503267567696171 -0.0172417753326975 -0.00732887215424387
0.198997536440173 -0.508191192052982 -0.430648122617068 0.307002574291598
-0.071368717257327 -0.485424357326763 -0.149882537595286 0.376775502975145
-0.324972110878251 -0.320021023593897 0.0862255733383551 0.181176468645375
-0.380392651161152 -0.0303635849227675 0.0236091226500302 0.0717303254154437
-0.25010225532643 0.196403834998937 -0.0554847583738896 0.0767774053603694
-0.119155459254736 0.233682510197296 -0.0899932295992895 0.203330917255905
-0.0675877059142765 0.280819349316555 0.0121544804639396 0.287640194345225
-0.0179507334612088 0.280861713530995 0.0687170757057042 0.299836928776442
-0.0493314898294103 0.269524026247696 0.0285817488458395 0.301711282852683
-0.157179509601905 0.189085454813317 -0.0642421376723303 0.297400445121113
-0.230442165476487 0.0990600005289457 -0.170157990774039 0.212183483889163
-0.291560832213604 -0.115492724090804 -0.211528714490422 0.0746413572415873
-0.187609171371774 -0.290649122586074 -0.126659462007243 -0.0620371792000277
0.0595851003521258 -0.343669287855818 -0.0161310116546689 -0.00618999131138256
0.267213899141229 -0.390633730628375 -0.120281579955322 0.143091051200535
0.0718762298851048 -0.331813277485573 -0.470135498699236 0.426351918901087
-0.091775376284665 -0.276263635664092 -0.140828837977988 0.458973801279997
-0.192951378833942 -0.144306138615249 0.0812564677607828 0.181208336045772
-0.178523600696477 0.00457791953656866 -0.00276636257325389 0.0630093037774819
-0.112620300810261 0.0897085785022273 -0.115677379502683 0.102532319159158
-0.0717627823292282 0.10089700435787 -0.136442935089053 0.265558980008634
-0.0653111003579192 0.128375443405793 -0.01012476663641 0.371710728978552
-0.0389090158349231 0.13085333000773 0.0683637433944089 0.379020457896524
-0.0600135175821957 0.117199054645949 0.0146785733407761 0.375261397999513
-0.103538179666271 0.0656684739819324 -0.097368272936454 0.324394967946432
-0.106925768904367 0.00978307719119094 -0.202192491975553 0.195420184158454
-0.103719134633168 -0.0778588339927745 -0.189639196625571 0.0515925995349798
-0.0634336592221146 -0.126456769029433 -0.0944800357686734 -0.0468986917098497
0.0291167563031929 -0.153898775724776 -0.0173335333747412 0.0744655001384644
0.130794376543225 -0.22822056604825 -0.183321606467512 0.257773274011301
0.082517804862382 0.0399755411774402 0.178721879833896 -0.395488557197538
0.0487502145461894 -0.0458011913199244 -0.0137662552230605 -0.205944391432938
-0.0325154029134659 -0.0564505199913645 0.0424274832465116 0.0407301984312299
-0.0810742699543555 0.00652055514260342 0.164394001461075 -0.00219715248771532
-0.0231624793806076 0.0739405281088085 0.221673236041298 -0.160952217984074
0.0379277522705876 0.0578197786291063 0.151776334759668 -0.325561851811451
0.0591419075135667 0.0414071220133671 0.00801315859237755 -0.400320686392671
0.052267100571157 0.0296281678210121 -0.0747059453783368 -0.393588934013932
0.0513471966351403 0.033047550009656 -0.0118142476435689 -0.391347183061162
0.0246989702157896 0.0376539919762811 0.0901228811826571 -0.300831000983122
-0.0201886443373207 0.0330000015901206 0.134254141811394 -0.136471819693904
-0.0380767466481722 -0.014256497501186 0.0164805910109964 -0.077061707559461
0.0289363792765087 -0.0350705366361182 -0.0518750211690769 -0.165176602841673
0.0447726796948836 0.0327385763239426 0.0962051576702776 -0.388962003470139
0.015132050670461 0.0920844777636828 0.454317794919448 -0.451990712858324
0.202911839191202 -0.169983747060067 0.116156230121548 -0.375490190265494
0.0734167828409339 -0.239626967292864 -0.0474839005002708 -0.189849587507485
-0.128457106970604 -0.216664084069693 0.0306349448809651 0.0557917898991927
-0.238521624836765 -0.0471947144688925 0.146575899654869 0.0233782259982904
-0.149868043992005 0.146043818288903 0.223583388044676 -0.136172478497257
-0.0228195768659142 0.174009063251363 0.152000371022628 -0.290365633232977
0.0424877069879858 0.196758765843475 0.0252313586634775 -0.362888306268483
0.0676129090761565 0.195202808255629 -0.0555528915028191 -0.353128930150779
0.0521928626380811 0.207032450644571 0.000501067135812317 -0.353140020599515
-0.0451995126695826 0.180514409207187 0.0945056192619758 -0.248781111962561
-0.158071768549606 0.134947026430677 0.122482228511492 -0.0925955264577527
-0.248105474342632 -0.0494829235243819 -0.0229358893692068 -0.0536502301506884
-0.12763594219896 -0.209795174172037 -0.0767888230510892 -0.177345409088974
0.0586181157401984 -0.198715844837962 0.0860681033508961 -0.42100630193911
0.159485045009314 -0.138961501418839 0.423754719804209 -0.477375898673682
0.292272587686222 -0.362814936826872 0.0140080485050241 -0.302615860842337
0.0761635029902192 -0.41795957568319 -0.0846842116984453 -0.129923594490498
-0.230109188855447 -0.351803113502182 0.0351705473788676 0.0782234939951835
-0.382309621424983 -0.0839271538243682 0.133447925883396 0.0403307206171316
-0.257932072575075 0.212425410355246 0.204742635114533 -0.111979625975715
-0.0769825934769075 0.272169009304319 0.129254658013475 -0.226497317911049
0.0210886913510331 0.325278616468851 0.0372037992873704 -0.274769545053176
0.0715943373238319 0.331001064678863 -0.0282145988377412 -0.258681246640993
0.0448526727540185 0.347727088055531 0.0143057900137365 -0.259047433901409
-0.109608908665532 0.295314323666021 0.0827157232793586 -0.152641256174561
-0.276491085041791 0.217844134447922 0.0842612154185522 -0.0241782762051722
-0.429854807443408 -0.0772699729480461 -0.0768467296552992 -0.0183489607592802
-0.269974990280088 -0.358546019171763 -0.111908048601806 -0.174965311594959
0.0631475603520706 -0.40486595220876 0.0607431896152819 -0.407333797652255
0.282209883638963 -0.348766102476052 0.346653729923526 -0.437447721825246
0.335097166235579 -0.521427071827345 -0.110438950942456 -0.179721157025135
0.0435461503897349 -0.563323859176348 -0.117203291513481 -0.0253424231878761
-0.337245274210788 -0.444876235744397 0.0535610533019822 0.107758106256784
-0.50408374477591 -0.0920163998097372 0.120778479998701 0.0520613688666029
-0.335350319851818 0.271168058837822 0.163383114510873 -0.0811342281995063
-0.116108209557861 0.342719136931857 0.0873444696821234 -0.134780481924838
-0.000891809282813478 0.408943170769707 0.0421831263877611 -0.147191392319157
0.0666737266926414 0.414314174622553 0.00465368770967737 -0.125444520826511
0.0304568997601109 0.431158682342017 0.0273240481247746 -0.122733116438747
-0.157897590592398 0.362586465623416 0.058577521329482 -0.0257196291967237
-0.353821285319744 0.266930706341694 0.026853893105067 0.0597618775838216
-0.548965588840754 -0.0959190380240465 -0.134242421960955 0.0264474579875433
-0.37084591457661 -0.454127868377477 -0.144673508290434 -0.152816245428189
0.0597551166327018 -0.546320001807207 0.0276323935014901 -0.344663440364097
0.359914195345345 -0.497327414034438 0.234696564491747 -0.330184336418038
0.329880432980249 -0.611118914054491 -0.237212684571979 -0.01865204252073
-0.00718861398626849 -0.643934458941595 -0.137397823874436 0.113494377974967
-0.416560671812283 -0.47489092774009 0.0773500320874182 0.139465971134773
-0.563929592992167 -0.0736820489162708 0.0999179221931213 0.0609359196763849
-0.365506770890036 0.302794834068824 0.0998520337498867 -0.0347321753535117
-0.137077933691816 0.366828353249077 0.0322369471154786 -0.0187031598686328
-0.0233553929882437 0.433975240849106 0.0412811995133796 0.00393560717108465
0.0500974478281715 0.435775293935356 0.0369468155854739 0.0260054423284889
0.0099334015874939 0.444989316659645 0.0382543749365688 0.0327243843426507
-0.182062825184723 0.365607201224336 0.0261034465377009 0.109382443264003
-0.371448996110451 0.26051917694274 -0.0405993868149072 0.143293048900928
-0.567267067438785 -0.106286613026056 -0.182490734320428 0.0683396539263797
-0.39302405059736 -0.473768743992528 -0.163657169118552 -0.117541110685918
0.0550784552512146 -0.582744429144332 0.000547402344439594 -0.237785454037554
0.381626989984597 -0.558749732684106 0.105532758807262 -0.176062717154011
0.27601259342068 -0.613897337931868 -0.347554414590029 0.160716729885758
-0.0588678642430828 -0.620367037207544 -0.142759619361572 0.26130303359494
-0.42331605137792 -0.428013067398471 0.0922473642596757 0.164374716002307
-0.527623192113861 -0.0459291189098618 0.0655053421039061 0.0688177019565513
-0.333723460605974 0.2846318845002 0.0228420582767944 0.0231522952949481
-0.135943959543886 0.333244477666867 -0.0274685424680206 0.105484818458864
-0.0428191891629222 0.393529840085317 0.0351334482249882 0.157468288281619
0.0249695164094226 0.390714603552957 0.0635546403728255 0.17400992187913
-0.014859547532386 0.388471419109033 0.0438222991599527 0.182105490192184
-0.18085785445698 0.30519184085867 -0.0116738106786538 0.226640547430801
-0.324413004107937 0.201095426806575 -0.107860875886139 0.202884206584852
-0.472697462200731 -0.111963105960555 -0.210331548312999 0.0908973989799528
-0.327024770545587 -0.412026421258443 -0.159278792584392 -0.0822554292735671
0.0561554368468275 -0.507003559185399 -0.0150324431179237 -0.116245485743565
0.345407133244445 -0.524786500220785 -0.0174184262144277 -0.00588029230163934
0.183492461902668 -0.518872718427345 -0.426597012549434 0.324824977243679
-0.0892339158205966 -0.489354193280928 -0.137783279536217 0.385243934174112
-0.342600144758598 -0.307967010300375 0.093894370196692 0.176543595442049
-0.386699264565509 -0.01874287627488 0.0261187398629978 0.0703210535400732
-0.241435940177975 0.208026630461354 -0.0545658911510231 0.0767972263886159
-0.11121144079723 0.241474765338754 -0.0830091407439045 0.211984113384139
-0.0557125531942738 0.288472729916803 0.0229184500408658 0.288795960068924
-0.00369277505068782 0.285131222891432 0.0802763826420339 0.297065928298577
-0.0385554736967727 0.274190264696752 0.0421413193267131 0.301788231017478
-0.152742846010177 0.197896353917401 -0.0497405923557698 0.302999274245773
-0.228281012317922 0.10731538334752 -0.162106684956994 0.223441875129558
-0.301789246168495 -0.104142463675728 -0.210244658294526 0.0848852925105062
-0.20113486511897 -0.284344339567816 -0.135032551528649 -0.0573696096850154
0.048833869565657 -0.349668462062516 -0.020777375306356 -0.00584344999427449
0.253264349855967 -0.407421900557677 -0.114857577992451 0.14928813268901
0.0618433058236243 -0.337401517318926 -0.461924653395973 0.444277254521702
-0.102517360066632 -0.276766574177689 -0.126078060849562 0.467784675154766
-0.201463095086217 -0.137036744629983 0.0892924324342824 0.177905203780962
-0.181166288564432 0.0100883846936836 0.000586365923307976 0.0626443464487191
-0.108262287816864 0.0948307828221091 -0.114147519459989 0.106412911004321
-0.0687090621171315 0.105314526197518 -0.12695231883952 0.277467300959952
-0.059234913361061 0.133380251027885 0.00404907318461259 0.374220467155507
-0.0327622636772679 0.134265200879334 0.0839956098244815 0.376638831398085
-0.0557446246935162 0.12116724863298 0.0328501407675754 0.375506932613399
-0.102241716619836 0.0709374595008202 -0.0827620710931447 0.330833601462798
-0.106903934741702 0.0127694751848834 -0.195374540942614 0.206786768519899
-0.108890772846842 -0.0733171768499225 -0.188726673287065 0.0605423860476531
-0.0691928904106891 -0.123545096964469 -0.10179767211878 -0.0431223473378493
0.0246886999732992 -0.157734121819852 -0.0185583953595734 0.0751732880701251
0.12231299090552 -0.238127327579745 -0.174867200004964 0.267005817546269
0.0831725843210301 0.0364330857680361 0.158521999875371 -0.403239968524016
0.0451787526008391 -0.0481112514569181 -0.0211756701929669 -0.203867721212716
-0.0352194201423755 -0.0567247323983768 0.0465532217107915 0.037130177121422
-0.0813876693128462 0.0106269264992806 0.162671871337245 -0.0128840154905428
-0.0210473666302461 0.0754193044274456 0.208980223492232 -0.1741247216343
0.0390020013906461 0.0556449048536444 0.129639602633847 -0.334015104004189
0.0608712233915496 0.0385150544495548 -0.0170444586030594 -0.399514112837629
0.0537279437468943 0.0271723091615344 -0.0954800921997922 -0.384986194589274
0.0524197514604653 0.0289130606778909 -0.0360580382033779 -0.388145127452201
0.0264980484127795 0.0355283222955262 0.071013330710807 -0.303840631926983
-0.018219687469066 0.0334438847826932 0.126511644440125 -0.142848799181921
-0.0380074729406395 -0.0122294742848062 0.0115528354599029 -0.0745567500465464
0.0268133048211566 -0.036720341597599 -0.0586218759786813 -0.161644602701119
0.0469873958175473 0.0327007295972487 0.0773179345436769 -0.394196580589413
0.0203520544402819 0.092055678812861 0.430651933243803 -0.473412550891761
0.192081592861952 -0.178016370535285 0.096608779894259 -0.379791682062199
0.0599142757209523 -0.241588489897988 -0.0532511009759207 -0.185402192175894
-0.139697126272894 -0.209340664116011 0.0353057014972703 0.0515374176711335
-0.241569867152457 -0.035751944249583 0.144426792478978 0.0146200002317048
-0.142010396897792 0.153508316341297 0.211643951702405 -0.150241961365641
-0.0150871756240186 0.17434659805873 0.131328976075351 -0.298788732875628
0.0536536959209343 0.194879145471492 0.00283941007848525 -0.362109508282986
0.0791956909274033 0.190993833985238 -0.0746378244630871 -0.345240144650085
0.0649916963836036 0.202407598608067 -0.0225124248352858 -0.35028047207612
-0.035545210785719 0.183465201533925 0.0784347141357615 -0.251979239132904
-0.150542663502758 0.142272091920925 0.116732794752261 -0.0977599922077191
-0.251148519926609 -0.0346745449661063 -0.0263250095968954 -0.049784134403352
-0.139486373385765 -0.202319176035261 -0.0852904684245068 -0.173767439647754
0.0494493365902689 -0.20014824371845 0.0648741404211299 -0.424248457951807
0.151080663185561 -0.14680154619259 0.400492945570404 -0.498249417548754
0.270969878940326 -0.374810643510203 -0.000937412953867023 -0.300628746058079
0.0532081886197644 -0.419851556465916 -0.0880767561357976 -0.124117668385407
-0.247871579078348 -0.338897591891582 0.0400933827690941 0.0728038110939747
-0.386970609764827 -0.0659221011814734 0.131757860450031 0.0323276937199032
-0.244311589708239 0.225289201272651 0.193832570839693 -0.126252683965
-0.0637380803947373 0.275083934433327 0.112854511157313 -0.232993536994172
0.0396563299997421 0.324513712047944 0.0192037403238869 -0.274597872529568
0.0924233704641596 0.325936741786843 -0.0421113041333024 -0.252229541543001
0.0663284824742236 0.342887112460162 -0.00379835617519777 -0.255413064942966
-0.0943118144435305 0.30198429308185 0.0725852795710429 -0.154810328303573
-0.263730822639417 0.231966038936362 0.0825696439915694 -0.0276984831229461
-0.435094264291011 -0.0529349353672114 -0.079336342147002 -0.0117860828898475
-0.288654903695533 -0.342485045428431 -0.121057830940464 -0.17041916035076
0.0454421070483854 -0.406564576495047 0.0404105284644707 -0.411505438449295
0.262682839477203 -0.361813096369398 0.324474723075272 -0.452451537034557
0.306848884697186 -0.533490896976372 -0.119336755144076 -0.173004645616989
0.0143801490883683 -0.564518132980053 -0.115593082348907 -0.0193053153356932
-0.360011938806061 -0.423538378970741 0.0589928758513098 0.100426813396858
-0.508786956816261 -0.0675552532369737 0.120357179221371 0.0451322916605887
-0.318849314426914 0.287463817354404 0.154902224003174 -0.0932552577462728
-0.0995866600855751 0.347414196988813 0.0769534209594588 -0.137928416225585
0.0225370804804974 0.408747543372114 0.0315952716596371 -0.148272011989512
0.092023686658818 0.409632698551534 -0.00266211586127878 -0.122794453710788
0.0571927546099535 0.426813676118829 0.0179568993543187 -0.121322498857976
-0.139373937787286 0.37117897626899 0.0569507788114252 -0.026416253501807
-0.339053472511175 0.283463730082196 0.0293463502140019 0.0598650831729441
-0.554498224028453 -0.0656031741616239 -0.133686816026172 0.0358714562309249
-0.395412804401445 -0.431651979633746 -0.15461557019517 -0.146075408986955
0.0326718337637806 -0.548557441166716 0.00909187867051782 -0.343726567239881
0.331616465601722 -0.516246092266759 0.218580875589155 -0.339764226836167
0.295994276120138 -0.624153326515906 -0.238017438734593 -0.00583278903568659
-0.0420289721511247 -0.640949266771435 -0.12902539128399 0.120987635764332
-0.440732835277648 -0.447925109164695 0.0838998538561773 0.130460068937868
-0.567669436265114 -0.0468698716242453 0.099816120846179 0.0547526702109336
-0.34578731317762 0.320543020819177 0.0941816296519103 -0.0442543582670585
-0.118514962825508 0.37392272227377 0.0292030442798305 -0.0181535024078641
0.00309645348174161 0.436352635182281 0.039391015372168 0.00218496002941873
0.0772072047894407 0.431218544854669 0.0369832378814299 0.0261996362526998
0.0365459979822352 0.441572501345496 0.0382637740481236 0.0325260346608487
-0.164637322927059 0.375650763804872 0.032666427355761 0.110113814830888
-0.356485240423732 0.278834294580417 -0.032745174197923 0.146829858265063
-0.572982535481264 -0.074332914721418 -0.179928246605643 0.0808286879201024
-0.418596354828278 -0.450581352923667 -0.172113478165034 -0.108961016610115
0.0278076354989273 -0.584903646299724 -0.0138385083278749 -0.236954236631659
0.348849162957396 -0.57645352137898 0.0977573021076477 -0.179416227866963
0.24265080296725 -0.624686772122378 -0.339867558779391 0.178314886316466
-0.0908047977902209 -0.616421766565519 -0.127598104990517 0.26849057657595
-0.447080138780817 -0.402057870603319 0.0993302667915061 0.155814731621688
-0.530530518698622 -0.0202394790889436 0.0672564382537368 0.064423686752055
-0.314248591498057 0.300210581619907 0.0206212825915614 0.0185371803107255
-0.118502206591858 0.340968533391778 -0.0224594356877523 0.109753819334993
-0.0189633083298321 0.396904268456209 0.0423352214373473 0.154808565414902
0.0502885429417789 0.388072761792586 0.071426555413988 0.170519258435723
0.0087283003404761 0.388452006078549 0.0536609019516633 0.179264105410487
-0.166000163069798 0.315588856833907 0.00223024427301608 0.22829841576134
-0.312255562192495 0.217134847185742 -0.0952519932095356 0.209970554415845
-0.479414889780116 -0.0852006158469922 -0.205437154455228 0.10424076564207
-0.349205261605993 -0.390729624713164 -0.167126440910971 -0.0732260334906268
0.0308210534834461 -0.511439783613825 -0.0246377006446463 -0.114534445472883
0.312214977472593 -0.542325504119525 -0.0164888220121434 -0.00429472341385216
0.155163250959359 -0.526159928285024 -0.411410258432214 0.346699644673566
-0.114026111884513 -0.4842548038412 -0.11775109546912 0.391044478243238
-0.358186461129828 -0.28757268975866 0.101228141986404 0.168747765916249
-0.389255316785434 0.000264900584009112 0.0299619932457587 0.067715188875868
-0.226118769004682 0.219480116691956 -0.0523954906541745 0.0760324090294681
-0.0984206209901274 0.247112680665406 -0.0713938361321685 0.219410971284135
-0.0378542990761758 0.292168336412767 0.0379530258555827 0.28619771703605
0.0146738922232227 0.284187760093209 0.0958468585510366 0.290659134877542
-0.0217716468170435 0.274759195627474 0.0607104749269422 0.297864223899289
-0.142554567162129 0.206986596477798 -0.0300541773168433 0.305859579888667
-0.221641888847853 0.118529074105505 -0.147869862957453 0.233816599589098
-0.307549385790479 -0.0854239968753017 -0.20550274583353 0.0980193444567286
-0.21657811289512 -0.270193490522618 -0.142136537627714 -0.0488432847667966
0.0315275551445761 -0.352349694223214 -0.0243709287114908 -0.00425679080175208
0.227544834699154 -0.420383341863723 -0.106482542018479 0.154883101933767
0.0448103492971322 -0.340856378640546 -0.441970683027437 0.465881225544965
-0.116318460753168 -0.271857429143689 -0.103262570035372 0.473512204647367
-0.208514537375575 -0.124611036321188 0.0973996352193388 0.171282152064542
-0.181688108996828 0.0183047459503051 0.00482391199652547 0.0606855286916552
-0.10033860186826 0.0995941839804704 -0.108859857194068 0.110168978146019
-0.0618371672091164 0.109488570518178 -0.109862002785976 0.28686502042883
-0.0507497389134378 0.13785198517024 0.0243686311813743 0.372514558511406
-0.0236614571831871 0.135754480959257 0.104167959024784 0.367630968512281
-0.0486115962496281 0.124639460363605 0.0560493447256362 0.369884600722472
-0.0988024989873018 0.0770473962959848 -0.0604580200731561 0.333659240202866
-0.10569437233687 0.0174379941672204 -0.181352931670989 0.219305050508389
-0.113494861219597 -0.0651369463823946 -0.183972420178827 0.0721566259175861
-0.075783346104635 -0.117248935497449 -0.108736807880688 -0.0354207611851496
0.0168196625136621 -0.15966767437187 -0.0178340202775999 0.0766826348379757
0.106924701371232 -0.245644242273638 -0.159725117542259 0.274482882777947
0.0831498775763271 0.0125532704713615 0.0881355193257518 -0.405739652825009
0.0310091972277055 -0.0566236196615928 -0.0480238529205692 -0.189602374994315
-0.0439319177910571 -0.0496939073920137 0.056575923041115 0.0251606452790699
-0.0734430839514817 0.022767419662101 0.154587827697483 -0.0434157803383873
-0.00534785944052015 0.0705776057283947 0.167376022426558 -0.202683150492738
0.0430810960274519 0.0378161019821692 0.0646174239512775 -0.338986396718284
0.0617483058525061 0.0234161399555011 -0.0833364803859614 -0.379340733715025
0.0497742908267082 0.0150874988473669 -0.148446028280694 -0.35002085590798
0.0508232653767759 0.0165485492668925 -0.0899436858003209 -0.366334690683525
0.0279559423721787 0.0287554076797388 0.0274214901026154 -0.303792225195906
-0.013863536125758 0.0337554101700589 0.103306213603627 -0.153919456257812
-0.0393929849342688 -0.00628690422095475 0.00216775770089945 -0.0711611392214863
0.0186727023890833 -0.0373485652200468 -0.0779515017197662 -0.149331042785583
0.0480050885832508 0.0293960756816472 0.0259914183033261 -0.39784928242433
0.0278549911207379 0.0856845827957878 0.361661762115181 -0.50768940507923
0.149281363061592 -0.209403222590643 0.0376657675220791 -0.36458536890818
0.0113020470979653 -0.242650015518267 -0.0674866532970264 -0.163031440743568
-0.170205942090031 -0.177486027535704 0.0565912198006656 0.0383939956148972
-0.236229195316631 0.00656020863146942 0.147077027029734 -0.0200981471501335
-0.107389966564835 0.164248336593723 0.171451362719975 -0.186161364142676
0.0105427177166627 0.161160383231149 0.0696265072408435 -0.307161048350496
0.0832740667335708 0.178017628008561 -0.0597396804203116 -0.352874871268219
0.10063249182269 0.167984416154929 -0.125046022221449 -0.314827334459926
0.0913663499870226 0.182369405349828 -0.0718484886540712 -0.331944428893749
-0.00894370474442583 0.182443491338978 0.0420293400156992 -0.255818266432309
-0.123260284864165 0.159554941765681 0.100772312549931 -0.112446440252457
-0.251617585347218 0.00738423318039983 -0.0265732953932635 -0.0418544264385832
-0.166721479060225 -0.170936252268118 -0.103129472549098 -0.152903569581911
0.01594166824366 -0.195892907016408 0.00291669868826536 -0.423850146311108
0.120212581555324 -0.165119585898198 0.322936118018484 -0.527401019156547
0.191450170941963 -0.409344752127941 -0.0376586408018925 -0.2669780796013
-0.0268206630968643 -0.409242276919365 -0.0826161236301054 -0.0965036434413607
-0.296660708484329 -0.28027618606052 0.0717810193636174 0.0546343160138615
-0.381317756266778 0.00320875091348011 0.142741299931316 -0.00624753709129545
-0.194010521865133 0.249494712760937 0.155570336013408 -0.166325509200651
-0.0205987767129257 0.266449771292148 0.0597496849820802 -0.244094978224803
0.0945065919329616 0.308032956830468 -0.0322684629640726 -0.276760254983632
0.135273115785879 0.295045619768152 -0.0823875126826141 -0.231162234499278
0.118177725486643 0.319092802682201 -0.0420371537163573 -0.24376218848731
-0.0462413836609629 0.308207644876749 0.0496364389101868 -0.16280192619332
-0.217975909527856 0.263295509001413 0.077839206745594 -0.0418303162373665
-0.432795160360565 0.0198729667520296 -0.0673618756659096 0.00284456793743199
-0.33286153776303 -0.283458126468765 -0.135835946690911 -0.140065459496577
-0.0168256654338801 -0.396406518232752 -0.0244633878255474 -0.404162261025014
0.197477661271448 -0.389362340883031 0.249714650706243 -0.475714563615964
0.198293079968865 -0.564122569022178 -0.126403266668014 -0.122435577161823
-0.0872291779699414 -0.538780490958682 -0.0864573906169489 0.0100962123608958
-0.417389742355911 -0.341591060336447 0.100583670906076 0.0742243065862845
-0.498699452993874 0.0236805623862258 0.137044373447452 0.00184476700426603
-0.252756610753051 0.321382658747061 0.12039683654319 -0.133407318996375
-0.042607686307433 0.34408023857801 0.0394313526406393 -0.148637177017945
0.0935118099477384 0.395800147941028 -0.00118634880833627 -0.160597615398584
0.150153138235379 0.376099969600771 -0.0273595365681439 -0.113484036327868
0.123688552223825 0.40291759020741 -0.00318754818896235 -0.116790029932176
-0.0774616998295798 0.384002896190847 0.0518104294473313 -0.0378352055072949
-0.28025174093224 0.32436955848429 0.0385751035840017 0.048343533011416
-0.551085823275352 0.0293700461183526 -0.11182684793677 0.0558545417556096
-0.447542082077359 -0.352755043562189 -0.164269811017992 -0.107912868772837
-0.0491487621783452 -0.531116042561239 -0.0499224051655845 -0.333264048833156
0.244266068933138 -0.548414455638012 0.154218666555928 -0.353460395564439
0.173255592872269 -0.64638588522398 -0.211512763045174 0.0567599123393319
-0.154497918510053 -0.600186328469579 -0.0745250265684256 0.145376796807292
-0.499094951941143 -0.35115764647794 0.13129336929416 0.0962969817981965
-0.554697956852904 0.0549253878454749 0.120176893062416 0.011320442537615
-0.275770103136918 0.359181410321882 0.0691153167334029 -0.0782509030769931
-0.0552829785844998 0.375476458323476 0.0135794200781413 -0.0274545291316899
0.0804270008628619 0.427274654404312 0.030839237880978 -0.0185479475173951
0.140738419071764 0.399264906808003 0.0321183548541837 0.0208712218452878
0.110067709697642 0.42196429046386 0.0382247490346363 0.0271770068619128
-0.0984862909967247 0.392382872590398 0.0473217892348516 0.0972812230936514
-0.298029767276162 0.322912813778944 -0.00966923921913904 0.140782553233192
-0.570629824884108 0.0244415952148808 -0.14982207317169 0.103804044684694
-0.471095591626091 -0.365440377418282 -0.177250383261493 -0.0680800420646946
-0.0601191452070718 -0.56684599601579 -0.0604254375675669 -0.22444056386415
0.255679428784903 -0.611010304737464 0.0555380563030748 -0.185453937536243
0.12144700251407 -0.634477245998573 -0.280767021008857 0.245326095370662
-0.194182726968204 -0.566718240797758 -0.0518239314769322 0.284546749882845
-0.496092506474855 -0.306945331285068 0.147871803790329 0.117785299322868
-0.514293417717083 0.0752324471729504 0.089098491299701 0.026355655177151
-0.249115925276802 0.336985062221594 0.00959425845814746 -0.00530097169186474
-0.0593459597209954 0.347110067453486 -0.0135978745783294 0.103053800384248
0.0552412968446332 0.393935211982014 0.0582381127648149 0.127936506776236
0.110378011524492 0.364038009731831 0.0868107250923551 0.152519174374865
0.0747669132530641 0.374908426158577 0.0737992803394449 0.165503156068141
-0.108273598996736 0.333611882897698 0.0346511222984651 0.215918730185916
-0.263733290788831 0.257449091860226 -0.0615524553327519 0.211391197075121
-0.479959557195955 8.21335257365774E-05 -0.173126124958212 0.130174279564335
-0.394085391076993 -0.318310680838361 -0.169369791371153 -0.0345184597381335
-0.0440019675803462 -0.496893323951733 -0.0542787548468991 -0.10388830887778
0.227238943957171 -0.571311523960104 -0.0326501088664463 -0.00288184368295538
0.053327696203026 -0.521981117931181 -0.324496809953191 0.410834877439135
-0.192358862531617 -0.434029488046846 -0.0283984337056157 0.398924209047087
-0.392558229824605 -0.209973636090441 0.144699019098881 0.133180378480944
-0.375844072425847 0.069672227180367 0.0497945808135283 0.0409972160058347
-0.178688670689198 0.246891727147222 -0.0480516108704584 0.0667496818896894
-0.053388704285623 0.257414131330014 -0.0385470691791344 0.217291825616336
0.019241212037727 0.296199726067373 0.077401148523077 0.258837695511028
0.0625126766706984 0.270986881957903 0.128519575391574 0.262371692967959
0.0294638326430938 0.271795363909251 0.0981590170144558 0.27750049817093
-0.101368790449727 0.225386426970405 0.0139257575733416 0.296693549106868
-0.191561698141495 0.149397941272368 -0.108704256006056 0.243088658230074
-0.312177693003563 -0.0298055665654285 -0.178554549635421 0.124826375631579
-0.248334210256479 -0.222617142771754 -0.145269230493925 -0.0176471890218675
-0.0211278372879268 -0.345528035554393 -0.036684788361425 0.00243069526583968
0.160437898300511 -0.441435823847856 -0.096785163398818 0.160936787878523
-0.0175382297144197 -0.323620206690854 -0.341460895586066 0.520359730637938
-0.154158733691816 -0.230166091029939 -0.0128750260039027 0.47107381250781
-0.220022574069033 -0.0803264048645181 0.130817222975454 0.141955227368987
-0.172979727353334 0.0505861518955137 0.0194625792116007 0.0466611524221923
-0.0794486795229358 0.112979455264724 -0.0921495986654492 0.116266101457306
-0.0401600862355262 0.121942572890692 -0.0612196387512649 0.290261744772536
-0.0205126263297592 0.148470972755956 0.0820418338605969 0.348309146580938
0.00335182397225738 0.136412943530353 0.151379016240177 0.333962361525076
-0.0220669957252749 0.131169921886766 0.104602231648432 0.346917667863869
-0.07922969191355 0.0917311365580965 -0.0115554508415605 0.329317063333318
-0.0959436912116533 0.0342397704704647 -0.142176985902685 0.235607555714245
-0.119075355092163 -0.0415964166329603 -0.165583115625021 0.0961032529375598
-0.0896734854635401 -0.0976656053997133 -0.112334320379332 -0.0134270878879145
-0.00674351185542102 -0.158162300688763 -0.014124799846856 0.0788920110369313
0.0702085606937787 -0.254457709697385 -0.12863752321293 0.28331130634186
0.0798250548128543 0.0104534000644301 0.0716146904328138 -0.391536538516516
0.0277813248437987 -0.0535612032776639 -0.0492012857487704 -0.181247703272215
-0.0453442835081389 -0.0475850513600794 0.056772381000391 0.0193511570323202
-0.0701796886050436 0.02406737366335 0.145182984408114 -0.0482354061993228
-0.00330622605679714 0.0695935448407903 0.150985708213634 -0.199822573128194
0.0410059839757762 0.0359536618605584 0.0463400116582881 -0.327143775928292
0.0599529234072306 0.0200886837108948 -0.0948097003144729 -0.360116391920073
0.0484423526631328 0.0136757239744916 -0.152370343856129 -0.329181272978276
0.0485672597263428 0.0134725962336754 -0.100395269356245 -0.345793102584232
0.0274178338386328 0.026534936619399 0.0143310900025406 -0.290042773509298
-0.01249975732735 0.0334170619364621 0.093960289718513 -0.150230798522078
-0.0371823024675792 -0.00535713184327424 -0.000811963614738907 -0.0659494643272086
0.0169517995982288 -0.0367752910070516 -0.0803694035174828 -0.141302117492993
0.0490382752478113 0.0282249547851841 0.0126870869859787 -0.383077094489885
0.0299057041539327 0.0825113701585557 0.333932758466309 -0.496277104105527
0.136154052498215 -0.203027848658211 0.0260740618225142 -0.349205378777197
0.00282777600137715 -0.230570162966532 -0.0664925797602955 -0.154750792413962
-0.169117607812824 -0.163726775953942 0.0552893876909555 0.0315236540607294
-0.227529563630614 0.0134313674493638 0.138118815161397 -0.0243157502438521
-0.0975866572621341 0.161424534003844 0.152945374531988 -0.184503992211031
0.0135665874247158 0.155644049305496 0.0527188384042075 -0.295964667543364
0.0874097767205078 0.168792729797138 -0.072408983055843 -0.334010633502134
0.103412633328864 0.157929085875807 -0.128844001201102 -0.294686349252719
0.0948325537782414 0.170696673069759 -0.0818318990515955 -0.311916512415625
-0.00220365166586965 0.175746203021558 0.0305616022641646 -0.244343594769838
-0.112247749101009 0.157273437785773 0.0928829426903197 -0.109723511071031
-0.24021776969441 0.016155253643524 -0.0274580503619428 -0.0365857978916944
-0.165166761384131 -0.157091233625003 -0.104234833028681 -0.144607839145219
0.0104790732685979 -0.187264916606905 -0.00847595495551785 -0.406963426795759
0.110004916704083 -0.160678970690649 0.29482796472856 -0.516059727313082
0.170676908970874 -0.395604751204199 -0.0435607825115172 -0.253857690860012
-0.0373519897778652 -0.389763288147988 -0.0793963397268659 -0.0901268669176468
-0.291200059779709 -0.257927794776223 0.0694981137469457 0.0466199303840103
-0.368313290810458 0.0151841570907726 0.134024384119858 -0.0106937691922002
-0.177426356984481 0.24429863882099 0.138303796487445 -0.164746637603525
-0.0121846354125009 0.257385752477743 0.0467495495457192 -0.234348724353559
0.103501378042532 0.292960722202121 -0.044399960285573 -0.261490444264777
0.142391513886815 0.278523655818363 -0.0856117287625395 -0.215996027296484
0.124559239984395 0.299219173675946 -0.0498427494862761 -0.227905220446612
-0.0338533253885948 0.298626759509332 0.0420916812142822 -0.155315758717096
-0.199936960813717 0.260515157539737 0.0728159233537095 -0.0413955300376121
-0.415840451043019 0.0351658959346941 -0.0655273244979648 0.00737052625057441
-0.327553761470172 -0.258466758939565 -0.135867555843915 -0.130556064597397
-0.0286679087906518 -0.379006183845415 -0.0341975576450721 -0.387179577729335
0.175508698719378 -0.377836431373592 0.227066567747894 -0.462577735371952
0.171478547591406 -0.54372113059073 -0.123597736896321 -0.111938604171917
-0.101108396655266 -0.511258727103849 -0.0791472822983571 0.0115954121665163
-0.409387046826222 -0.31249049387541 0.0966122460584001 0.0650542595655873
-0.482405508050873 0.0383901931454156 0.129823478235172 -0.00216492637874776
-0.230995769450222 0.314761842834211 0.104925947850849 -0.132870596140527
-0.0301700147632185 0.33185202167388 0.0315412414507714 -0.141909693190509
0.105764673069214 0.376321098945268 -0.010289957856645 -0.151498853749802
0.159260606538117 0.354728658468029 -0.0294757641524591 -0.105576914780483
0.133264968244554 0.379444168594899 -0.00815693631592832 -0.108697289106029
-0.0617554207579622 0.371656228488762 0.0496525770145267 -0.0357487640582088
-0.258229793866207 0.32106496427241 0.038768048895289 0.0464862258174694
-0.529675849854719 0.0490457646831406 -0.106188343371969 0.0601294002518592
-0.439148593564046 -0.320812911726572 -0.162756803122498 -0.0984150208544843
-0.0616009317178099 -0.507717306773727 -0.0583446218118679 -0.319297540001824
0.214979465141424 -0.531584967782061 0.138665446934378 -0.343294964271464
0.145177664443098 -0.623079427324871 -0.200650233467296 0.0625770788415384
-0.166087490635281 -0.570375327120797 -0.0639035692617442 0.141837348970063
-0.488418982134956 -0.317854989873878 0.126299626370463 0.0859722345002434
-0.534510710057309 0.0717949537400056 0.114953383423268 0.00712896847477443
-0.249105690897022 0.350992096431429 0.0581927435688538 -0.0792564970240158
-0.0408683563720309 0.363202619099361 0.0119705645484554 -0.0246799700414076
0.0954095019342821 0.407630661079362 0.0254901214383475 -0.016109611276995
0.151780088993948 0.377469447071465 0.0321418380779158 0.0215278232124149
0.12117782566688 0.397879080312444 0.036601427284576 0.0272045331531041
-0.0813433542116162 0.381474979243547 0.0505962979305141 0.0932595619365041
-0.273443694978254 0.32024894533912 -0.00426308187083653 0.136740580535434
-0.547305849677178 0.0455061557116404 -0.141191508930746 0.108083147968631
-0.462104643237344 -0.332414002235095 -0.174473544683692 -0.0577992781946738
-0.0742329202469564 -0.543146686617136 -0.0657927578887491 -0.213111699236877
0.222154595090764 -0.590306086446098 0.048606053929797 -0.179200056961552
0.0983921086263423 -0.610723981954663 -0.261818242577485 0.24463610517824
-0.2042555597119 -0.537300215268148 -0.0386005328440695 0.275429747752329
-0.485289892846462 -0.274136066489417 0.144014852040736 0.106750284848592
-0.495700697995167 0.0890259844319881 0.0861214964492018 0.0223838045356131
-0.225534903219623 0.327646828494735 0.0041002746824382 -0.00768488357040666
-0.0453472240046148 0.335818013489361 -0.0080307872433938 0.101418468583531
0.0688023955279897 0.376624067609497 0.0581621256585716 0.122971366219447
0.120705080278852 0.34356070080341 0.0877778876674664 0.143986763252185
0.0870646371375945 0.353797229700906 0.0755191101069842 0.157346707352308
-0.0919673863108261 0.325632035030067 0.0431302096971223 0.20687655686362
-0.244241544190476 0.254229350872356 -0.0506458240808395 0.206518620494468
-0.460989185447699 0.0182649408793402 -0.162880171570906 0.133732245248231
-0.388269733489526 -0.290659555651486 -0.167356113445 -0.0249833885042413
-0.0584837877870687 -0.475175710935296 -0.056518368967633 -0.0968701970293847
0.196186441488896 -0.554023410428936 -0.0316521089237028 -0.00255003330236023
0.0367754117180869 -0.502062035515396 -0.301396935316826 0.404083291576115
-0.197047910026057 -0.411871127598241 -0.0145286620015397 0.385042560219067
-0.382594968733142 -0.185941384357442 0.142264499676787 0.122916829805278
-0.362243818457137 0.0795969798710604 0.0495836947868414 0.03688332369072
-0.1618276301101 0.239912552320165 -0.046908519904544 0.0637131505523076
-0.0411586436971355 0.249379296297485 -0.0277414922121527 0.210881362251017
0.0312787174164527 0.284222997088382 0.082276023116557 0.245776413536285
0.0714122476753324 0.25743921802545 0.130925366812483 0.246719354304854
0.0389822295810166 0.257536896182399 0.103415415505931 0.261240529633596
-0.0891735806825743 0.220300147821988 0.0259459842514251 0.282687495866124
-0.178435784175574 0.148211700470594 -0.0942448888246149 0.23744380168073
-0.299694794566159 -0.0154710129046274 -0.166630144613842 0.127634067006172
-0.24432261562936 -0.2030004111079 -0.142507173067778 -0.00895674316740844
-0.0317051363215601 -0.330418703207278 -0.0364348000319971 0.00461953522778127
0.135917322508746 -0.426790425908265 -0.0877492059984012 0.156639686468226
-0.0262762077529187 -0.310717517007652 -0.313405890581481 0.508364877170264
-0.155076927618977 -0.217468153545724 0.0018709825392498 0.453815088991955
-0.213058964856983 -0.0680119229204899 0.129761325365021 0.132695061379425
-0.166848886160959 0.0547854939458354 0.0211154883582891 0.0427780672064805
-0.0709321636505777 0.109176450228232 -0.0854931283653688 0.112270019181213
-0.0328893628026538 0.11769533662973 -0.0455725947826681 0.281393586063494
-0.0131093182655073 0.144308505710873 0.0912960787180483 0.330400742519737
0.00880032669519378 0.130098764372445 0.154218351303604 0.31253775281734
-0.0151272370980328 0.126413667344065 0.112765732856419 0.325437523352884
-0.0723945621178274 0.0912649274954828 0.00347591320993768 0.31410973009194
-0.0913269665695387 0.0350211522120129 -0.126656486720549 0.231605522352506
-0.115741699577248 -0.0337554857361157 -0.15476087846752 0.0989179036236005
-0.088380681891114 -0.0889541569512697 -0.110967890261386 -0.00498293897669006
-0.0129139710949306 -0.151383775409275 -0.0123931743730362 0.076948377450776
0.05564101158071 -0.246409202014609 -0.114294679067128 0.274298805259515
0.0767671393817571 0.0114131558406948 0.0672237377584546 -0.377939878966218
0.0272161623581863 -0.0504141402484691 -0.0467873604174852 -0.176215998474919
-0.0455512435005107 -0.046457577511495 0.0554256398353664 0.0149439210991148
-0.0684884687636992 0.0229189080244766 0.137906964349685 -0.049139501928807
-0.00285746595602861 0.0682539802908554 0.140836655637423 -0.193092179171379
0.0389372749345207 0.0357157430737227 0.0369363331607965 -0.315464170460082
0.0579147628466181 0.0190542515809279 -0.0973457227704719 -0.345195900799902
0.0471375156014775 0.0136766451842683 -0.149221593312126 -0.314611577129206
0.045904474658314 0.0126241869014463 -0.0997539937593339 -0.329495680610637
0.0270166253211654 0.0246012895594409 0.0101399049755812 -0.278355100237172
-0.0113013762504212 0.0327414507897055 0.0903927827412318 -0.144339736961017
-0.0357893899433084 -0.00583746852985594 -0.00169987460668537 -0.0611617141960447
0.0166936678536957 -0.0357111042867655 -0.0785903288947419 -0.136873809370477
0.0500820366863275 0.028119344955522 0.0093520203124711 -0.371362338076407
0.0302183721219188 0.0799845392388365 0.322857959280132 -0.478691117188031
0.130576038910286 -0.193967494472853 0.0247398042107785 -0.336236926259571
0.00231727877878345 -0.220478416531719 -0.0633860426462315 -0.150282959513024
-0.164421248527741 -0.156532751211212 0.0531690310412406 0.0267071632721065
-0.221392761000189 0.0138818186688019 0.131300319929054 -0.0250036204691166
-0.0924320377498617 0.157057540280758 0.14259549961943 -0.178745355233482
0.0135574241481628 0.151317608384016 0.0443073773418512 -0.28431521947893
0.0867371292575305 0.161349147641991 -0.0765102176040435 -0.318470310477508
0.102788109412678 0.151786526813611 -0.125313826683848 -0.281487695933899
0.0927099179824903 0.162456733360345 -0.081978982496641 -0.296199096334811
-0.00056293014403384 0.169726270101482 0.0268653440901492 -0.234082160223303
-0.107760221205609 0.153246790687654 0.0887884627702234 -0.105656654160265
-0.23201605310928 0.0179490610571299 -0.0272517402735451 -0.0323823740495607
-0.159788639630573 -0.150358485513019 -0.102922904060736 -0.139649673069885
0.011472649603666 -0.180380167864635 -0.0103627932046874 -0.395768377997022
0.105267267776822 -0.153896328391627 0.283980387919907 -0.49635221297947
0.162259449701013 -0.377556746987229 -0.0413584315668622 -0.243154678904558
-0.0364988603518598 -0.372882875346134 -0.0737245669905186 -0.088308648843712
-0.282752824527078 -0.245904299732985 0.0655825227827532 0.0405815436188579
-0.358523459358369 0.016746428448389 0.127421918384811 -0.0112315641836315
-0.168735417477485 0.235561136856829 0.126921005305938 -0.16026358874468
-0.0107526606554477 0.249997271369701 0.0404983921184758 -0.224382953178406
0.104621176929389 0.281085609823569 -0.0483207114770297 -0.248312862548625
0.142487426988837 0.267401627908387 -0.0827065113144692 -0.205101296912862
0.123640546146542 0.286355781895968 -0.0500480290011485 -0.215776627522379
-0.0298390190494398 0.289039749669808 0.0399017032785595 -0.147822165046537
-0.190419614068473 0.253333914118719 0.0701398467015896 -0.0387251137411383
-0.401861806444985 0.0391562749094316 -0.0638998147383354 0.0110562702709233
-0.317468047818597 -0.246562762518238 -0.134140979514185 -0.125623149235275
-0.0276017944782529 -0.365282949903761 -0.0348493916246574 -0.37570005198936
0.16570202534156 -0.364199497468578 0.218076255251214 -0.446787361684359
0.163749249902755 -0.52075300212479 -0.118299970226785 -0.106259050296411
-0.0998487303139887 -0.491432338020982 -0.0731206051484255 0.0109191448985803
-0.395644078053795 -0.296881091069344 0.0916031790656523 0.0593886235292204
-0.469021274998162 0.0418919261599648 0.123615646263241 -0.00366568366740462
-0.219955036471375 0.303344055626455 0.0943994911808917 -0.129867870980649
-0.0277012976579869 0.321858115295208 0.0283031585934313 -0.135492374063666
0.109194823002233 0.362831742137589 -0.0141201160639073 -0.141999866883331
0.160162427525594 0.340498977537109 -0.0278073586424175 -0.099043902388136
0.133744616323284 0.362394990035214 -0.00902114263696359 -0.10129962787672
-0.0559070400591284 0.360619096779732 0.0486990618801883 -0.0330935852391723
-0.24721086773017 0.311842022034951 0.0379838796576184 0.0463630107819086
-0.512026689791243 0.0528305675410064 -0.103237050894234 0.0623540308964599
-0.425895017764985 -0.306219145352642 -0.159982384408621 -0.0933594279448262
-0.0617332753245533 -0.49075993297529 -0.0572097155466421 -0.308496857426978
0.203783513802828 -0.512389519017488 0.132849816127569 -0.332373144047385
0.13822294253836 -0.598775719295319 -0.192084657258856 0.0619845757312532
-0.162620196103989 -0.548487275598904 -0.0576212425996456 0.136782540239472
-0.470716895208097 -0.301287955490328 0.120881206772698 0.0806351548010028
-0.519687968781997 0.0741093276691225 0.110046545628856 0.00566102351364093
-0.238248133492773 0.337396462076856 0.0496882602450358 -0.0782141540246687
-0.0374226212721922 0.351497727431373 0.011515931146787 -0.0222965205011719
0.0985897827719383 0.392835691814412 0.0217709848508667 -0.0129069061989556
0.153777008872992 0.362343697147513 0.0318605573321054 0.022184205671951
0.1214067517238 0.381181555876462 0.0351393163060965 0.0279702038603456
-0.0750975994378499 0.369909456586834 0.0519918677844677 0.0906810339952731
-0.262472949698916 0.310717156657688 -0.00292251597167551 0.134450500556386
-0.529776772610128 0.0500690146519284 -0.135984787715377 0.108555215437214
-0.446826514100687 -0.31616146276688 -0.171482264421461 -0.053333830158875
-0.0738725360385292 -0.523443868050049 -0.0644945203951704 -0.205965695761782
0.208878699855839 -0.569340513343146 0.0459819269384688 -0.173870516217101
0.0906778383072153 -0.588295143902708 -0.250457308572229 0.238241026963605
-0.198244900549242 -0.517957246740188 -0.0330938554367472 0.265954078912089
-0.468034342845465 -0.260011012043672 0.138138269890643 0.102162842111827
-0.482712919728556 0.0899479197169207 0.082991324543205 0.0199710902058046
-0.214375710379374 0.314928689036746 -0.00125774914019738 -0.00874139605848528
-0.0403148009337004 0.324732638611813 -0.00557247790101839 0.0996304946329392
0.0741199572088681 0.362544633063072 0.0549518026667458 0.120354964507874
0.122137097361171 0.33068942385609 0.0863980805409642 0.139889654769694
0.0882195110794504 0.339048633383327 0.0747047477119015 0.151857519414127
-0.0857026601752722 0.316161116278693 0.0462938191760339 0.199678653981575
-0.234286058274636 0.246662304059005 -0.0465227839522913 0.201354131818224
-0.443929448428845 0.0238034150690056 -0.156558884782419 0.133256727788428
-0.375048927239429 -0.275664879314375 -0.163891181222674 -0.0199546968580851
-0.0585308905124044 -0.457806311448188 -0.0557785345172364 -0.0933232927215993
0.181693185973194 -0.532335402106478 -0.0303816172174899 -0.0026404521994608
0.0337857199198898 -0.483959017339231 -0.288540065312389 0.391083857698095
-0.193299628883212 -0.397989713547347 -0.00943810317249539 0.373064174366277
-0.368624611580479 -0.175517456162097 0.137506065879613 0.118196032572621
-0.351954940237381 0.0816414088212105 0.0487226356953334 0.0337701338693265
-0.153646768347326 0.230173280504371 -0.0486607047010067 0.0598162199336644
-0.0370222727576514 0.240637252838763 -0.0223602923585502 0.205183236758108
0.0355104354269054 0.274776775474383 0.0810021588290842 0.237729410343231
0.0732171512108282 0.246970945149899 0.128238902580017 0.237605746896155
0.0410433816583135 0.246750562290708 0.10180905014177 0.250514027763211
-0.0841399969142794 0.213959500389472 0.0303519114044344 0.272125696026666
-0.171607748763984 0.143245459009237 -0.087571548955837 0.231746221633483
-0.289304238458615 -0.00941571428380226 -0.159806003784454 0.126404327962754
-0.23484262560131 -0.191429585727359 -0.140254043063978 -0.00413946673279642
-0.0328286717781309 -0.318902402056966 -0.0365283921532383 0.00505048247536103
0.125494086929629 -0.411789799401826 -0.0844660582352023 0.150437983850907
-0.0263583067960334 -0.300876741381057 -0.30224254979606 0.491120527450323
-0.151171079393771 -0.211043795709347 0.00566444588488735 0.440188490760073
-0.2051453573323 -0.0636297646852358 0.127092429920025 0.129134303245931
-0.163018557922726 0.0562694416703826 0.0222772720892209 0.039042799523761
-0.0670101081212881 0.104055347662195 -0.0840686236025206 0.107351630790118
-0.0304881966030614 0.113552351789966 -0.0393793775644092 0.272950344689541
-0.0100373392322164 0.140164654697633 0.0913323876198169 0.318391886842644
0.0106639524503571 0.125691914924887 0.150418465980115 0.299837934324066
-0.0125248636379667 0.121353130202756 0.112001958603993 0.310643104599081
-0.0688608160032563 0.0892420809511064 0.00901897355136263 0.301089443784322
-0.0878662413031642 0.0331964966458172 -0.117479987016332 0.225524850712876
-0.111076679658445 -0.0293491347803033 -0.148133146909111 0.0987678945839145
-0.0850779359216451 -0.0835274477989793 -0.108878780154666 0.000243709780586906
-0.015005040765823 -0.145760903487635 -0.0130886005134635 0.0752760783737232
0.0497182721243889 -0.237821532985688 -0.109223425040153 0.264406575037042
0.0755330915925156 0.0133563371104515 0.0705260007154697 -0.369868520171476
0.0284119352525856 -0.0479472550800632 -0.0442720544297867 -0.17518236788444
-0.0454639467357191 -0.0463309022230895 0.0548192254074874 0.011214087556757
-0.0692359940796225 0.0217306556864968 0.134635312561678 -0.049116843237049
-0.00293321066413007 0.0680257808579742 0.138273004267139 -0.189533383406495
0.0372853591975053 0.0376353180390783 0.0345274706437937 -0.308693696986698
0.0568654570587655 0.0192270999161945 -0.096825245572332 -0.336789461458875
0.0473482096572577 0.0140878826890118 -0.143886333034709 -0.309630372628088
0.0445406431966372 0.0127004575905617 -0.0966833291937956 -0.322908971866019
0.0258532395809828 0.0235456039243697 0.0109696647556378 -0.271784399381346
-0.0113203232175352 0.0325617026254966 0.0902965932672991 -0.140718182491948
-0.0348571825778377 -0.00658010303511287 -0.00157061937569946 -0.0581039830423916
0.0176765550554393 -0.0356471146212577 -0.0781793809681381 -0.135565072408477
0.0515885289602686 0.0282436723455651 0.0117716678275236 -0.365773153155607
0.0299495194117568 0.0793479135651195 0.323833999852128 -0.466503672442933
0.130685121037459 -0.187117922110867 0.0282960786415564 -0.329225695735027
0.00614353048987734 -0.215250026030285 -0.0587329753944684 -0.150561179275054
-0.16108028833045 -0.154688089397155 0.0516442769943002 0.0231045834869121
-0.22114026157549 0.0119935657607527 0.127229919048358 -0.0249215901836227
-0.0918415408959731 0.153423154682523 0.137519013407112 -0.174631169161446
0.0116306832511114 0.150976439961458 0.0422297147292023 -0.277790278222798
0.0860705612748115 0.159638971859106 -0.0765168868553836 -0.310295744164251
0.10277185029392 0.150220410053267 -0.120483880659493 -0.276570866136768
0.090280369102711 0.15998385249345 -0.0795812250250256 -0.28966057636061
-0.00118958410397276 0.167659619515341 0.0274080697612358 -0.22852538940257
-0.106784180589818 0.150731193740052 0.0881887050842689 -0.101569660666814
-0.22967136524235 0.016744668663267 -0.027285693598363 -0.0294155067837342
-0.155577758750544 -0.149353330984929 -0.10248014020961 -0.139534566456165
0.0149530287391166 -0.177842268696261 -0.00823234158336176 -0.390700203771322
0.105151186750838 -0.150272554000866 0.286399223569696 -0.487097850418262
0.163995275851879 -0.367787061258113 -0.0365244087891674 -0.238570741690267
-0.0325044981678258 -0.365513666698083 -0.0694025234689727 -0.08919957242682
-0.275068569407948 -0.242653023241808 0.0629345134983427 0.0381525713529919
-0.357148353713553 0.0147764133545807 0.123764420714113 -0.0106320691046756
-0.168143976863785 0.230423321128009 0.121138278705735 -0.15660123714635
-0.0119005945655198 0.248252648661733 0.0392652293802696 -0.219406210634252
0.104099978614325 0.277593906713604 -0.0486966383148789 -0.240434775990201
0.142178573851522 0.264382951601016 -0.0785220687280704 -0.200822449651411
0.120294981289126 0.281705704185966 -0.048394667160369 -0.209613665943611
-0.0308245257767815 0.285438731413369 0.0412492169917321 -0.143680445566739
-0.189809493679104 0.248607935067867 0.0690110523689922 -0.035935948816158
-0.396782308617689 0.0372558516177749 -0.0639189785661123 0.0135484199487345
-0.310702735874963 -0.245450632783238 -0.132755377769878 -0.125066315128229
-0.0226259941213534 -0.360248565670755 -0.0314923239222751 -0.372357836037855
0.166250457750286 -0.355761519501059 0.221171801116694 -0.438127199298268
0.167567677995036 -0.509696516976824 -0.113114262245475 -0.105019401872177
-0.0920011247464247 -0.483221384638521 -0.0686000645744824 0.00847081457431917
-0.385928061106828 -0.293517713281702 0.0888253536770852 0.0573501696952258
-0.466979295414792 0.038870930186341 0.12082185966964 -0.0031900547504957
-0.218732318465926 0.295272793702127 0.0882757018759064 -0.127011120402495
-0.0293582331596793 0.318432297965423 0.0278146161748252 -0.131779974818707
0.10947761706171 0.35778389913252 -0.0161847416241797 -0.1355770009575
0.160088573998196 0.336811677713841 -0.0248211182091829 -0.0959944407968446
0.130491574095985 0.35652660968896 -0.00810904561341578 -0.097021742568757
-0.057298354399649 0.356988573159591 0.0501844098905113 -0.0306391146011536
-0.246664042585358 0.305776452179622 0.0369420826824808 0.0486351246583007
-0.505901940556117 0.0512609064635992 -0.102598303919459 0.0645194673688784
-0.416506137037798 -0.304785760913913 -0.159201198214696 -0.0927680513438462
-0.0555809854135836 -0.483583885288933 -0.0539036228891795 -0.30638880180824
0.204128183371308 -0.501556525233724 0.136248906134862 -0.326411932262998
0.141105084262717 -0.585302078757052 -0.187349091732683 0.0592210286145297
-0.156157365981327 -0.540062553742186 -0.0539180727330861 0.133212277855924
-0.460963983542287 -0.298339347498087 0.118468413583882 0.0794165624285357
-0.518118610875735 0.0706082460426707 0.108109861216918 0.0056753488459585
-0.237236635824291 0.328087530903942 0.0439647132009071 -0.0768025825686948
-0.0390930140095213 0.347103192308719 0.011888964956174 -0.0207037876140061
0.0985064413883127 0.387258201322236 0.019244290388539 -0.00829282574790653
0.152752098863796 0.358458385613737 0.0323210227456899 0.0235597909203717
0.118135527543769 0.372732360085366 0.0346185522500735 0.0301907320719477
-0.0772591102848341 0.365490671170368 0.052923271501436 0.0913318920230972
-0.261216725841853 0.303576448664612 -0.00351487434681622 0.135084614087347
-0.523182519086903 0.047525267645864 -0.135976413102246 0.110189375648797
-0.437015891961458 -0.314304792878893 -0.1707036609614 -0.051467266880454
-0.0672431187369166 -0.516173859584275 -0.0621182587405879 -0.20520289746178
0.209323740643051 -0.558761428665195 0.0472602386675859 -0.170833426460603
0.0952493920360346 -0.577012434065627 -0.24820373829135 0.231577138648327
-0.191963379882797 -0.512147981258079 -0.0304847101588561 0.261715553339982
-0.457449191447584 -0.258102721695153 0.135859479215625 0.101460765860478
-0.480208135167427 0.089061317882582 0.0822823078336235 0.019029796205348
-0.213271131978153 0.306473435964229 -0.00684623058746896 -0.00920157069168218
-0.0409302098033327 0.320265847187015 -0.00484188821959334 0.0984966021151516
0.0748344989283432 0.358229826737652 0.0519627845136666 0.122455833396041
0.123012413080037 0.325822721220813 0.0847960885069142 0.139783171207936
0.0857705551577791 0.331912596432534 0.0728177001718124 0.151271428310847
-0.0862666469631535 0.311564045047169 0.0469722732011685 0.196591067282344
-0.232995335510455 0.240555293774694 -0.0468468969447581 0.20027193180163
-0.438774919399027 0.0235470152119684 -0.155328901477878 0.133553090569214
-0.365770066686356 -0.272643276271635 -0.163425818641608 -0.0177199582141823
-0.053927718640461 -0.451918052162793 -0.0551913671477568 -0.09267825116641
0.181746624966628 -0.522134366933624 -0.0305506227532263 -0.00327657306329406
0.0379505069169973 -0.476009901846956 -0.287676102549399 0.38226949428754
-0.188074851891432 -0.394992184990959 -0.0096851981489211 0.36822152880044
-0.360292406679696 -0.174615288906088 0.136114200133554 0.118891288786501
-0.350797201541711 0.0809222639688133 0.0492266047683251 0.0318571767891755
-0.15272841806303 0.223639333663122 -0.0525885462281748 0.0574110211467277
-0.0373559195741505 0.23674481447532 -0.0215303769284762 0.202376454982633
0.03689030492515 0.271274629481236 0.0780699908323625 0.236375424426861
0.073131778988871 0.24338804134386 0.125557664619269 0.23524959433583
0.0391455177586331 0.241293506725815 0.0997419848623133 0.246788121364835
-0.0836495182578152 0.210832780977988 0.0311007267528083 0.267057531087442
-0.17020104505999 0.138837713392486 -0.086233481764407 0.229689299930267
-0.284963433120169 -0.00856027204233959 -0.158078138677097 0.12641467488181
-0.229226259322086 -0.188579593090797 -0.139510314602529 -0.000921477201639373
-0.0305265920581292 -0.313691478595975 -0.0369681856388268 0.00459222767957746
0.123881685691884 -0.403356274148985 -0.0853146651111747 0.146545918343406
-0.0233127481796225 -0.298075149890361 -0.303326068847531 0.480395672250908
-0.148021489794188 -0.21071767390886 0.00378365152879214 0.435946214294139
-0.201081474717908 -0.063877032388378 0.126357999506336 0.129849641235145
-0.162220526712005 0.0569399548300206 0.0236691354012266 0.0360960422554049
-0.066902221795365 0.100173640420895 -0.0865452876304404 0.103406395341266
-0.0297772218474147 0.110478860792393 -0.0380885396393126 0.269414260142982
-0.00890583038914437 0.138241414538392 0.089040681217647 0.31372772393082
0.0106219999206208 0.123738089959681 0.1454619096861 0.295550596553389
-0.012971908768977 0.118613561813302 0.109666807171907 0.304100901517197
-0.068310137279498 0.0875854117217842 0.00955470250939768 0.29475251349595
-0.0869567482063942 0.030752005989176 -0.115102050348875 0.222665510355605
-0.108267080539227 -0.027468876978551 -0.145621583400742 0.0975816535805659
-0.0825842966466916 -0.0811821975766043 -0.108262175028322 0.00361551225915318
-0.0154939125278513 -0.14287485525276 -0.0139031409711322 0.0745925502056997
0.0483094330951157 -0.234070545368042 -0.111084653882089 0.257608209238942
0.0767586078337534 0.0151954577603364 0.074134393672568 -0.373381215805925
0.030632565174642 -0.0473875465890889 -0.0439462854724995 -0.177913531639202
-0.0469944353885923 -0.0469992903643251 0.054898822414319 0.00877949044716197
-0.0722206045132662 0.0210089055424309 0.133642872216751 -0.0512485715448992
-0.00249962358387394 0.0693903172883987 0.136521606969024 -0.190834919481493
0.0375111969041256 0.0398290727370366 0.0307738979411355 -0.310371146834811
0.0575734863668157 0.0195958019674985 -0.0996298990873696 -0.337645971085867
0.0486024457871795 0.0143807619894247 -0.145161468141524 -0.312442535927489
0.0449307024747237 0.0137307368096663 -0.0978080210177898 -0.32400117257363
0.0260328275796718 0.0235202897469392 0.010039143157701 -0.272152061627902
-0.0107657247776916 0.0327501083491936 0.0922084296674117 -0.141994603800854
-0.0354556963552041 -0.00716458973875524 -0.00208862678738892 -0.0563561601729273
0.0185537288241556 -0.0367336614710552 -0.0809686171267672 -0.138013910009954
0.0543792190155773 0.0287154541654014 0.012293911360563 -0.371698648318075
0.0312164770078207 0.0807449304519938 0.331758116722344 -0.470492484675658
0.13303282320631 -0.186368737760288 0.0323284248966359 -0.332066303745549
0.00905128343418468 -0.215748812052509 -0.0582915383412379 -0.153312196530515
-0.162156742626911 -0.156641386951467 0.050921944352659 0.0206261932373298
-0.227415717673781 0.0123752225573478 0.126220952617792 -0.0260663550689443
-0.0935682543180072 0.155045712973982 0.13509596811402 -0.175553312323766
0.0116713799634736 0.155046519818418 0.0394629614850459 -0.278977762738161
0.088488924324817 0.160694428427706 -0.0799048110897642 -0.309189513331386
0.106704191190797 0.152308579104783 -0.11999084541914 -0.278352373064597
0.0915615665347581 0.162216619579729 -0.0801238033855744 -0.290155907306427
-0.00138284226533997 0.169829033952712 0.0280465428059767 -0.228403180303848
-0.107888510966013 0.152730509605664 0.0900365093519475 -0.101252985248262
-0.233071976375016 0.0170332891313279 -0.0283230610613621 -0.026662325998251
-0.155986418464824 -0.151739787836823 -0.10517818925523 -0.142029939478209
0.018367729700462 -0.179979073905932 -0.00732053204373677 -0.397683588130121
0.107581456747241 -0.150851121657326 0.294030508966661 -0.491571915268773
0.16882776916172 -0.369039931643676 -0.033903555276228 -0.241287922679936
-0.029793086048483 -0.368399421677561 -0.0672013086847114 -0.0923163352473657
-0.275338458527003 -0.24576390515505 0.0620734964207395 0.0363533722994448
-0.364781333238392 0.0152637588499106 0.123136136515628 -0.0116199501188077
-0.170790824216191 0.231490972741144 0.117457311803452 -0.156929219123934
-0.0123819447757029 0.252624895482934 0.0378198003658334 -0.219820789821366
0.107660941603127 0.279943420989759 -0.0515256982373442 -0.237699122121476
0.147320631882992 0.266890850063684 -0.0779700364396375 -0.202158278890779
0.121549588725969 0.283884330646719 -0.0482920825015247 -0.209483496393795
-0.0313144767500361 0.289991280301145 0.0423720763706392 -0.143427308142252
-0.19240366457104 0.251951851409241 0.070470184131017 -0.0337815665314414
-0.403155867052588 0.0388327129630491 -0.0654020333058173 0.0173698758144727
-0.312454718422447 -0.249482862941718 -0.136160988483233 -0.127382391990338
-0.01982139634548 -0.365543772482374 -0.03132792274454 -0.378434017091066
0.170250209513238 -0.35832887772859 0.226143600235252 -0.442847298231229
0.171432920964761 -0.511346286946503 -0.111653562391756 -0.1065448230393
-0.0907472371127237 -0.486793338605181 -0.0660348436354099 0.0058263047594656
-0.387750046316527 -0.296533741780818 0.0891953994853942 0.0560802708735044
-0.475927339600821 0.0402790092555892 0.120295031317548 -0.00390824206563157
-0.223564995309635 0.297363586556337 0.0839958136231576 -0.127332602592471
-0.0302684685732778 0.323471838089049 0.0272466933199622 -0.131505557651364
0.113383970367175 0.360631331727224 -0.0183577926994627 -0.131187044891191
0.166314516184644 0.340625972773558 -0.0231157487178672 -0.0954265953064632
0.131796506316309 0.359445006915302 -0.00743929942506119 -0.0950685930353652
-0.057764870868998 0.362313379828825 0.0524681491379777 -0.0297326274859383
-0.248984197594708 0.308874367948102 0.0383003450357339 0.0518208920070314
-0.513330112989053 0.0542564225760238 -0.104319967390732 0.068984756714864
-0.419979705765976 -0.309456388809643 -0.162624244308903 -0.0926811060933817
-0.0532429406259275 -0.490941472100188 -0.0543445510035097 -0.312560114656063
0.208717454038965 -0.505843447966426 0.139041397063817 -0.329371622764002
0.147767870306534 -0.589400016087311 -0.188851447642549 0.0582490945493743
-0.155226927080882 -0.546498883083416 -0.0509899163874466 0.132796215751753
-0.463635031997055 -0.304040593124932 0.119353738443192 0.0797603233741035
-0.529047978297764 0.0742319933156879 0.109106484040469 0.00437516079056715
-0.240532128472352 0.33092834207791 0.0379226550556807 -0.0769084756360641
-0.0388888893096787 0.352889035003888 0.0126008079331043 -0.0198204938823135
0.104349738162928 0.390709564134552 0.0177664804880959 -0.00321297792335315
0.159248778629725 0.362178715275995 0.0343575818735351 0.0255588465227124
0.119816586097142 0.376336604778272 0.0356381288441022 0.0335972371930502
-0.0770974641044626 0.371286503155153 0.0556551562430403 0.091939011574418
-0.265541864055908 0.30593539498313 -0.00284100649374098 0.139701040469669
-0.530976700758018 0.0508508929448469 -0.137606090601896 0.115399817645784
-0.441185564095082 -0.318174641710058 -0.173737271505169 -0.0505085725615591
-0.0651085271073639 -0.522392427783476 -0.0631610601491544 -0.208736936707613
0.212297891547155 -0.562539240715192 0.0477506331345913 -0.173157447858171
0.101566079699348 -0.581246434756184 -0.251324847839444 0.231790904222589
-0.193544856569977 -0.51765553390262 -0.0274982002761605 0.263856054541088
-0.459887966418458 -0.262094930741442 0.138627989660816 0.102854459786854
-0.488841356031426 0.0923358763449016 0.0834055604889787 0.0174625985642445
-0.217259488173463 0.308362058705634 -0.0125062117465838 -0.0100041914212749
-0.0420730456067339 0.324249097352704 -0.00289520176412267 0.100384467346717
0.0797850915770772 0.361623664034265 0.0516064946151994 0.127510214967625
0.127770312120144 0.328847080805932 0.0867751698610293 0.142343780324109
0.0862707756195277 0.334081461610708 0.0739695779393765 0.154579286149493
-0.0867958502456061 0.316689662123184 0.0499678628658928 0.198381456534075
-0.237163023234905 0.242563984369293 -0.0458651634282147 0.205859865868676
-0.443462689788126 0.0261472181716413 -0.157607514039603 0.138840945526386
-0.368024497034045 -0.275222283869014 -0.166417690266356 -0.015928910453824
-0.0524943576446519 -0.456498649942188 -0.0563477900231042 -0.0948215314327043
0.183297312962183 -0.524965476664046 -0.0321753211852905 -0.00443506457377816
0.0404460159603116 -0.481950632360326 -0.293898107483058 0.384055147024567
-0.189265023887298 -0.400274397431262 -0.00727620467315999 0.372224567570892
-0.362876135099684 -0.177108003176108 0.140327044552022 0.121014145786366
-0.358247191148929 0.0853710920742101 0.0512417379346592 0.0301266648007428
-0.155787885770616 0.224464630600046 -0.0576982668061329 0.0575152504234656
-0.0377924706328188 0.238824181611326 -0.019417521504957 0.205229343868804
0.0407441883662337 0.274585754273269 0.0784172498769087 0.241145873690453
0.0769817335654882 0.245959424132555 0.126598198316892 0.238594237416692
0.0394365183853012 0.2428992521274 0.100762975032595 0.249678189981361
-0.0848917824949817 0.214490491691243 0.0345877442106933 0.268895376933386
-0.172898716920544 0.139724850234687 -0.0855066037575681 0.233888001122889
-0.286702081172324 -0.00673219899427961 -0.159919702156249 0.130201337967818
-0.230583420156398 -0.189582126498873 -0.141953849762242 0.00295505160963611
-0.0313030781763387 -0.315671303281828 -0.0382145408435171 0.00443161507551654
0.124421145634151 -0.405524525306161 -0.0885446745874373 0.146792918076195
-0.0229375640717792 -0.302536203501522 -0.31114731832403 0.483437716486283
-0.150497502302262 -0.215140059905932 0.00552408231561055 0.441937507494842
-0.202445982965284 -0.0651473651136089 0.131340058998059 0.132233495082815
-0.165720863250604 0.0599380063651402 0.0253534095679455 0.0338850676813765
-0.0675761905553684 0.0999034335007255 -0.0910116080301301 0.103181643801164
-0.0296652353385721 0.111422198712526 -0.0362438713458708 0.271812410265174
-0.00644285800249171 0.14011758434839 0.0901834491824753 0.317586001775047
0.0123521546659769 0.125258093122895 0.147258508731493 0.298638227267919
-0.012855604393969 0.119636464078415 0.111984052492382 0.305854479830183
-0.0688255596000343 0.0886263117432381 0.0115412613718861 0.2959334535213
-0.0887041561137005 0.030194708255247 -0.114167015981281 0.226529931186086
-0.10808123843387 -0.0267051842898941 -0.147483916824862 0.100714841157625
-0.082675288785379 -0.0811552102194431 -0.110524355458317 0.00734345579982677
-0.0167114171926365 -0.14332263311934 -0.0149085323352107 0.0756747874372712
0.0462885477757226 -0.235137198996715 -0.114193355360371 0.259781171698207
0.0738065175793393 0.00496269863681202 0.0542614043822191 -0.378093273138757
0.0243466087861539 -0.0511289691918361 -0.0537313436949193 -0.176216609647541
-0.0530116668081204 -0.0424801298248238 0.0597234958891727 -0.00151442161852914
-0.071369752227837 0.0276410949111633 0.12904139867894 -0.0697398319363887
0.00418167116603469 0.066044196850585 0.116415392809004 -0.205153618715903
0.0376623863738506 0.0347864067934722 0.00316800968599026 -0.312361488420113
0.0583889012726753 0.0121677576859656 -0.135021987457307 -0.328439824732123
0.048529326474484 0.0105937237702162 -0.17323804586009 -0.304673887415505
0.0476570511658613 0.00909066734868575 -0.127121146059419 -0.327968685721529
0.0305784657872368 0.0222396221144134 -0.0110228151578144 -0.283193533419909
-0.00613718172361369 0.035859803555978 0.0853188670711817 -0.154825579715108
-0.0365072597310025 -0.00431630185444289 -0.00547380666488774 -0.0565770968600663
0.0192721407912265 -0.0415606545870411 -0.0980855370322989 -0.1362264196566
0.0675497763443769 0.0278844163355499 -0.0181022141606999 -0.396084299092043
0.0451936039267427 0.087440038420193 0.322473784899654 -0.514324868525718
0.108611423744383 -0.200029851581441 0.0295551695794182 -0.328355975764075
-0.014900632127908 -0.21591857160083 -0.0550578817539469 -0.15214994802834
-0.180177752906844 -0.139331655396406 0.0666568907711278 0.00244150693468479
-0.227783794309283 0.0387444270766169 0.127553018914926 -0.0551874691428863
-0.0792632408217058 0.160404435599007 0.109271156513477 -0.193730827917823
0.0224095718089591 0.15314852213089 0.00927112084559683 -0.283866742258842
0.107494843060598 0.15165734234811 -0.120883291143845 -0.305605250500472
0.119350445294646 0.14377196486259 -0.145774211786846 -0.26923553327244
0.109345494413019 0.153174363644999 -0.105917005713087 -0.292880265483968
0.0171261594931412 0.174059299297751 0.0113220824211146 -0.242321614926708
-0.0921119114304628 0.16561685308901 0.0861014018536544 -0.115961737310058
-0.234658776813574 0.0416029219037895 -0.0252057351385571 -0.0274935854616418
-0.170179921527505 -0.141795247332669 -0.11517832314914 -0.13491997797924
0.0121232830761583 -0.185130684073285 -0.0432988778961335 -0.410688063376251
0.107223891481163 -0.160177923972909 0.268961481566202 -0.522334874307934
0.124685649432458 -0.383636680728908 -0.0186091376881266 -0.228840287466185
-0.0687813299031992 -0.362246032062915 -0.0501105123946441 -0.0914490393636377
-0.304577555068446 -0.215948751019341 0.088974549899985 0.00906702494688703
-0.36573542484419 0.0596021232416781 0.127392691677757 -0.0515265666674353
-0.149684416867185 0.245097009773627 0.0860209790380737 -0.177870551888819
0.00658538542815055 0.254401185449407 0.00818190179371841 -0.225270864056923
0.142490490270126 0.270720893028449 -0.0938917694010606 -0.239758045527124
0.171004878363444 0.255396755804571 -0.0967065873830177 -0.193931629132818
0.152758967497357 0.273731242697915 -0.0663058612550087 -0.21073429896612
-0.00173514328171119 0.299120788667224 0.0326817861181826 -0.157111666840795
-0.16973542412873 0.272393697183437 0.0714319211761697 -0.0457050453634523
-0.405679109806072 0.0828614316599001 -0.0554930210869462 0.0175482842525583
-0.338829249803351 -0.227464340977746 -0.138289267658797 -0.114743489153888
-0.0426152134780483 -0.375709818725668 -0.0735153744334563 -0.379250002719971
0.15635313526486 -0.382583419183995 0.19028695079689 -0.460013282968049
0.114558414315634 -0.524329566595551 -0.0816217214290673 -0.0876835353806335
-0.142325691253977 -0.474878012054177 -0.0337320375599201 0.00457282978626767
-0.420801843249301 -0.253644915549666 0.12326521448052 0.0179210354657975
-0.474474123583356 0.0983750182970882 0.126670965783373 -0.0531915626209698
-0.196350194906047 0.316296036968749 0.0487618992850447 -0.148332762428954
-0.00349296407972286 0.32805503058266 0.00115452350064806 -0.13734932857379
0.159910052416437 0.352727275854168 -0.0550287109368452 -0.138249427411782
0.197229452495199 0.327593131431272 -0.0332958599982622 -0.0886917745943866
0.171539432336969 0.348783825926805 -0.0143549363651331 -0.0957232813357033
-0.0217443982295379 0.375695516874019 0.0518800893229843 -0.0417821910207086
-0.221210668867801 0.335986944441644 0.0446960363562338 0.0451951008093535
-0.518059256924607 0.108009502118275 -0.0890739828374365 0.0740797244357906
-0.454599986475961 -0.277484037979002 -0.156736131382923 -0.0743682664613345
-0.0892073716019128 -0.502029519926799 -0.0953739435799868 -0.299371775463231
0.183177275241785 -0.539847548668724 0.0966595478600645 -0.33212491529685
0.0834741696583254 -0.597726111315459 -0.145505710943671 0.0830040519031543
-0.209646907857257 -0.526058960415719 -0.00549989850916833 0.128120611807202
-0.496000767655836 -0.252377280115693 0.158177216839688 0.0333738919380741
-0.523179329071526 0.140087131229366 0.114463835267163 -0.0500606375586518
-0.210718714902156 0.352466762706499 0.00331936862504111 -0.095696217942129
-0.00941398935527733 0.358963743552626 -0.00575245152168489 -0.0240978776899255
0.156908344979776 0.38547673706416 -0.0086855503279214 -0.0140712572743143
0.19272192355227 0.350640352588292 0.0351355244318767 0.0295507997359118
0.159887617642724 0.366041467492932 0.0410225469099089 0.03373635954846
-0.0416137573754244 0.386239496623523 0.065478690190811 0.0844043085270293
-0.239814768771252 0.334016050657101 0.00968144935542519 0.139716658919216
-0.534149534894464 0.107067991036833 -0.119293030395117 0.124898023314919
-0.478364319033796 -0.285014163763384 -0.163934748889 -0.0280295020385923
-0.106654826122029 -0.535355093327049 -0.0972705202891496 -0.186765894276553
0.181571012736745 -0.599257571626249 0.00753022682209192 -0.16135588759414
0.0388015508249386 -0.584124684466588 -0.201754043368253 0.260166995376213
-0.244579394713279 -0.495346423932622 0.0253743482294174 0.257965727917511
-0.488204011899604 -0.211435209024665 0.177021674515254 0.0553656828591199
-0.482855238515227 0.154682665497296 0.0885305072923188 -0.032765606586211
-0.188260725241931 0.329517675524471 -0.0406050050505523 -0.0222657142669697
-0.011920739041835 0.331304607938075 -0.0107513737594179 0.0987230169663903
0.127397892536856 0.358914250746166 0.0398871876058048 0.115076093566938
0.158617226560228 0.320184451013136 0.0984916260440086 0.143408724946887
0.121217461841309 0.327086875504063 0.090377258425337 0.154896422346581
-0.058611408999597 0.330566051613488 0.0686811269318904 0.196289268131107
-0.217886060600539 0.264603005841389 -0.0295757256287147 0.213627537518884
-0.449535583114597 0.0714933983709523 -0.140068984205626 0.153065475169105
-0.398540571885302 -0.247990558417242 -0.156568584724192 0.00768159680308314
-0.0913615121806786 -0.46784076166118 -0.0802312369883893 -0.0709155528373109
0.150606318282726 -0.560981969643197 -0.0645839270871134 0.0176923220955556
-0.0089190326862167 -0.477689371471792 -0.244665718771871 0.411728990347685
-0.227399250009434 -0.377027085029389 0.0462199388345065 0.368604979389474
-0.381661009302726 -0.138369747627254 0.173261087208167 0.0823602871560761
-0.349222475724247 0.132590576343716 0.0547758976953872 -0.00753356767544164
-0.134429852039914 0.241531207621749 -0.0745738331763672 0.0527405476931562
-0.0146652065139172 0.246381660190743 -0.0142946379787795 0.206109830186132
0.0783395854056123 0.275322723676188 0.0834448996781441 0.228632600994539
0.10039219517416 0.240720375972776 0.147286197919725 0.236435920608013
0.0649737162938278 0.240130968220982 0.125584783034311 0.250748076758643
-0.0662273227506389 0.225163521104316 0.0581374431371625 0.272581678607076
-0.16422467425175 0.154875184880385 -0.0668212274378128 0.247927195996767
-0.292163952599475 0.0223187269294757 -0.146999482131703 0.147690670078355
-0.251407592357938 -0.172425727608928 -0.136133420268667 0.0236839819018706
-0.0591209237980731 -0.323416359872342 -0.0494392729943503 0.0243336595575992
0.0955517955190771 -0.433178206802235 -0.107329035990651 0.173129741370656
-0.0523989594003132 -0.293333844697864 -0.270758451283605 0.508562128985017
-0.167334928480105 -0.195959444505391 0.0516916698035514 0.440696836544555
-0.208055934710389 -0.0430370857383663 0.154946205274152 0.107919750188513
-0.158340263523313 0.0825145351738509 0.0275476011531789 0.0136387159003421
-0.0581215488457216 0.108379233552474 -0.0943000461485971 0.106757911631816
-0.0170833477850915 0.116543168197497 -0.0204153165508804 0.276395227280566
0.0137872163508012 0.145103183151956 0.111773525891911 0.307775120741813
0.0253193095062649 0.124792890793792 0.174154724837456 0.294098009345129
-0.0013077001248789 0.121334106392822 0.141129477242336 0.306468261471826
-0.0638058025672519 0.0957544826307499 0.0379517669207597 0.304384078309427
-0.0896255108309795 0.0361205907892915 -0.0968654774134829 0.244378429546559
-0.111283031475626 -0.017408934171506 -0.140149927537894 0.118555200550907
-0.0905997068945693 -0.0742893953714072 -0.110270905421635 0.0230375932252355
-0.0320763274982989 -0.146202899112657 -0.0148485704031477 0.0877722682202494
0.0243856095322453 -0.249899507086733 -0.117107858142807 0.286496587540285
0.0763951298168557 0.00249154142157135 0.0386160939516384 -0.384308364539886
0.0243779919062321 -0.0530346909143351 -0.062222462535905 -0.175270238309268
-0.0564969563320344 -0.0405016966737361 0.059686499194732 -0.00630983201393734
-0.0733239832520277 0.0328103991328034 0.124200022843359 -0.0781484115968525
0.00721451127385012 0.0671457004923417 0.104886779948426 -0.212137977867815
0.0406379959611902 0.0354668466665705 -0.0155978792315529 -0.314674539338428
0.0591070915794316 0.00965608164661873 -0.153710190193875 -0.321781594506425
0.0505969602130269 0.00809358221834161 -0.190366101564081 -0.29911144375335
0.0483084367547542 0.00687325875931051 -0.145331731845879 -0.323502484316285
0.0314654837511033 0.0203477084145404 -0.0249222336335649 -0.283417079138498
-0.00433968319990758 0.03679364328226 0.0802429632168892 -0.159796918396957
-0.0375635460619079 -0.00323072441882106 -0.00855440562450052 -0.054282614615723
0.0179016160832888 -0.0446466239997459 -0.108589368918946 -0.131516558503055
0.0718168603775318 0.0237263606140409 -0.0389503830211924 -0.400215831827056
0.0510654180922729 0.0867178301281951 0.30523354483657 -0.534858409686529
0.102140968318144 -0.206092395152199 0.0168753609721935 -0.333284392989382
-0.0227216909819748 -0.217592392582264 -0.0623536257391448 -0.151948534403987
-0.188306666221451 -0.132148830003108 0.0665479048437785 -0.00248295750386233
-0.231861198514572 0.0533859193054597 0.123391764512045 -0.062676161202959
-0.0725175397971895 0.16652803299829 0.0972135696828227 -0.199551901602627
0.0313441554030157 0.155845208154608 -0.00686850149053846 -0.284887195687117
0.117411620582581 0.147115304250753 -0.137553782921023 -0.297146594946818
0.130521141932138 0.138614271633501 -0.159914160497565 -0.264806545472983
0.119308905524476 0.149973588304807 -0.122142849120141 -0.288231518322838
0.0266542069053127 0.175145209320588 -0.000278556874600702 -0.243386591792773
-0.0853723636984163 0.172940511515723 0.0828098248792025 -0.119279910829719
-0.236968264916107 0.0552831904206994 -0.0268678189448784 -0.0231998558017079
-0.178814134356832 -0.136365837434374 -0.125450684903676 -0.131356321053819
0.00525678598275138 -0.189602887186284 -0.0663426657734604 -0.415306227107758
0.10141432755211 -0.166299223527917 0.250885468126145 -0.542247366167107
0.110478307435024 -0.39199025605247 -0.0276675753414807 -0.231378756746661
-0.0843985710958823 -0.36227688015396 -0.0539417514042313 -0.0933821518892062
-0.318371752883652 -0.202010472102011 0.0897860608667132 0.00263408224749486
-0.370744943681056 0.082248841509706 0.123840296507416 -0.0589192107004446
-0.140132801617496 0.255503032591522 0.0737057905305734 -0.181613737641155
0.020436694618123 0.259337457645058 -0.00474327852085139 -0.226476222939915
0.159746040085042 0.264588654155019 -0.105597490194376 -0.231241537380581
0.189955484728581 0.248491845547021 -0.10599656114036 -0.190587260687975
0.169248381837165 0.268850123822967 -0.0765800283053541 -0.207760464148762
0.0141917336123126 0.304132453008472 0.026542850706295 -0.158684817459028
-0.158082607305467 0.285575060817555 0.07152192476924 -0.0475082655784099
-0.407812535645774 0.105063068539566 -0.0554116737197597 0.0250205758994597
-0.354958129052606 -0.21413163522665 -0.147828370499382 -0.109139815920188
-0.0603005868270575 -0.378875480140703 -0.0946013590972283 -0.382594556509083
0.139255605827072 -0.394115390854504 0.172496595981211 -0.475205905270971
0.0923638917366966 -0.5347794240898 -0.0843357215460608 -0.0855084901531512
-0.163838887999799 -0.471884239264257 -0.0313456058172194 0.00165014910891897
-0.437975242106625 -0.236974530784574 0.12607306895288 0.00956121526783903
-0.478154454553131 0.128844745644298 0.123156729323721 -0.0617937655820134
-0.184296023668837 0.329690464514844 0.0371495906351097 -0.148886468789956
0.01321494486985 0.334409893810849 -0.00578763449839307 -0.138208810886952
0.182949336985105 0.34676186185694 -0.0608114172823158 -0.130609305401102
0.221460452107643 0.319846669493838 -0.0361630140016695 -0.0873630219198178
0.190487789071671 0.343820008059025 -0.0174380844315399 -0.0936409571775058
-0.00200272190644371 0.382470842179148 0.05272417953373 -0.0436506471154419
-0.208789411801211 0.352004268954889 0.0501362425278776 0.0467470810155758
-0.520950578273306 0.138597454183869 -0.0854706802942325 0.083990701833521
-0.474105654026492 -0.259811273131042 -0.164637813390949 -0.0671438012935557
-0.112404429004099 -0.504868812565137 -0.113455271192655 -0.301321201481809
0.157824959106123 -0.554559914202049 0.0822251913821726 -0.33960357441887
0.0575171469773401 -0.608686087893931 -0.142689920487114 0.0902055110186948
-0.236709131372857 -0.522992756904482 0.00400953291757641 0.125727689833445
-0.515395732520166 -0.231317035655311 0.163622814851531 0.0235410909956179
-0.525557103205596 0.172584794241836 0.111732866660427 -0.057447011800918
-0.196957052276253 0.366171338594702 -0.00697837678695193 -0.0927299682440235
0.01069544515951 0.365534008183409 -0.00678686614769063 -0.0238005359255324
0.180406254864325 0.37885104226032 -0.00738184209161012 -0.00733637845647131
0.21747022556437 0.343074334927724 0.03937635860941 0.0288851485321258
0.180164218163394 0.363000940482023 0.0452116683555153 0.0341448859610748
-0.0223575923607158 0.3943314003471 0.0725106075001141 0.0828677644532987
-0.227662362205019 0.350044929736754 0.0198771685840355 0.144166813959049
-0.535607986971797 0.138244844047962 -0.113374913050873 0.136635453513442
-0.497353623753939 -0.265261372565772 -0.168990742036122 -0.0186081781423244
-0.132783893329135 -0.53724913718193 -0.110039201659096 -0.18692807070484
0.151624134282667 -0.615493562627465 -0.00138574480143649 -0.163137998007358
0.0108375868851274 -0.592565710495863 -0.192260276703964 0.271521704078845
-0.270558025395438 -0.489726093414716 0.0415257916330242 0.256749562246519
-0.505018566723626 -0.189883475520535 0.185608224336653 0.0452752552646301
-0.481563579971498 0.185681214969566 0.0869190691378209 -0.0401940075050456
-0.175636940902298 0.342596797719589 -0.0472335898963484 -0.0175163228747912
0.00548580458136814 0.337056522056528 -0.00526755081003989 0.09946272632915
0.150647847638261 0.354536015472635 0.0481730268470148 0.119506681530736
0.181473768749458 0.313838540255377 0.108338383473438 0.140484807963009
0.140213157557464 0.325417914391813 0.101166538067968 0.153430851774953
-0.0412576670077153 0.338795734735181 0.0815803245290579 0.194358317062398
-0.209153371059703 0.279762672919197 -0.0158132742699194 0.220627092632545
-0.450584020465817 0.0985964975166597 -0.132761885611133 0.16636473101706
-0.415786846668741 -0.230793758035696 -0.158694636623866 0.018168146614097
-0.115503252513522 -0.469213405171887 -0.0866018917606312 -0.0692674093195835
0.122977083372116 -0.574061510774928 -0.066644903441375 0.021412024886626
-0.0330881743917624 -0.48349386003706 -0.230278421374077 0.427309056899891
-0.249426249319268 -0.370370319033343 0.0685982619838656 0.367891512602641
-0.3928308560673 -0.121081804877264 0.183685967964955 0.0719365229766901
-0.347825606376906 0.155621962465534 0.0549590577432677 -0.0138147372922758
-0.125171460799894 0.249738765707674 -0.0769314279994437 0.0591974890889097
-0.00201414188628385 0.249617177527731 -0.00317297737708797 0.208229716875814
0.0967371400454253 0.27327988773003 0.0979234602226164 0.23015024998463
0.117283637589263 0.237837728590339 0.162066889210987 0.231610282719208
0.0775018043411326 0.239799021152152 0.141583097907117 0.245813162846051
-0.055385016631695 0.232699013031789 0.0747484190754799 0.270777690426821
-0.159865926784076 0.163999531739415 -0.0522153163513436 0.256846544223661
-0.293044673878435 0.0395307749421349 -0.139206497506255 0.160235663380825
-0.26114861776909 -0.160961905268476 -0.137091775664075 0.0334439352215979
-0.0752041359474834 -0.323073018502309 -0.0510683459982876 0.0257291423058173
0.0720950095909869 -0.441283001891921 -0.102755416862997 0.181257977840618
-0.068403915258816 -0.295111386835875 -0.252622335333001 0.526227055231817
-0.180983801094402 -0.190946542279083 0.0773482575901913 0.443245193690182
-0.212301246362854 -0.0330105518540378 0.167192706165772 0.0989033255150817
-0.155016552552457 0.0938319733358951 0.0288529888244627 0.00871514270728366
-0.0535099681774384 0.111599730303865 -0.0936045628626032 0.113433520265996
-0.0114229810012771 0.118436990394161 -0.00541554765347418 0.279412699549504
0.0236701434864874 0.145230588539195 0.130143674230677 0.306918524837332
0.0333132655451559 0.124988164875729 0.190335472673642 0.288627627994503
0.0051314653113214 0.123389400330411 0.159288609011091 0.300113273282915
-0.0592484926465953 0.100847162288533 0.0547911417564007 0.303335101295199
-0.089752150108969 0.0403206262406021 -0.0825003951705537 0.253289202291101
-0.111293986699978 -0.0102057416214932 -0.134394539344972 0.129788374718502
-0.094321854314082 -0.0692247203631814 -0.109544229521073 0.0324272378655374
-0.0402501983252832 -0.144684473363637 -0.0120111879444878 0.0885851543077128
0.00990186332880371 -0.253185552305688 -0.106961874407374 0.29545554799347
0.0777581688392393 -0.000456131426833026 0.0187849307487043 -0.379933150534651
0.0229935328936442 -0.0543322615349621 -0.0699911784017493 -0.167616949773177
-0.0583151582943132 -0.0371113691355807 0.0576216517691162 -0.0110957875601596
-0.0727205626141393 0.0381720499919624 0.115652205051164 -0.0849273925302264
0.0107841332039831 0.065977629515724 0.0891045337594819 -0.214160338464551
0.0430857184339956 0.0333116789991994 -0.0353188211065276 -0.305838755061987
0.0585893444990562 0.00745742455522606 -0.169312813070885 -0.304728989223271
0.0509117612608983 0.00467417138863444 -0.203773270169116 -0.2831282106248
0.0482641546999372 0.0039310031124497 -0.161795752686786 -0.307774241245805
0.0316821253978887 0.0179060062492805 -0.0392652160080134 -0.274873186081443
-0.00189794294810484 0.0365009466235035 0.0716451790718517 -0.160752738455931
-0.0381360828868881 -0.00198601183097662 -0.0114319940947092 -0.0495877171907753
0.0145443402598785 -0.0464023090551204 -0.116373845053336 -0.121145403353595
0.0735150003071965 0.0186200061852197 -0.0615068431136357 -0.390939469183919
0.0554394927317815 0.0827169124241217 0.275011081192141 -0.544371584589605
0.092196032994839 -0.206468054416651 0.000703000920764951 -0.329464608664795
-0.0317277664414782 -0.213087624927192 -0.0687757972294492 -0.146718606363028
-0.193376214032405 -0.119972985415711 0.0651729040343259 -0.00800832705460416
-0.227505229767222 0.0683245052636072 0.115331506145321 -0.068778716995049
-0.0635729258497647 0.168445855297514 0.0810657343777553 -0.199069156498892
0.0405460674874675 0.152747745383946 -0.024563432267291 -0.27760927027733
0.124749350820166 0.138628305161579 -0.150229540347236 -0.280237692947503
0.138381926134565 0.12735796970367 -0.171426444212583 -0.251288731875061
0.126579281969305 0.140781181873154 -0.13545904537192 -0.274482532016497
0.0361764097011244 0.171070909239251 -0.0117220711105705 -0.236913090596194
-0.0748812033950595 0.175688877989275 0.0773279170311307 -0.120140753978894
-0.230389607559991 0.068135198235248 -0.0278548416046573 -0.017972192758925
-0.18366042604282 -0.125915570213709 -0.133638647486743 -0.121091302439369
-0.00367742732498305 -0.187504700877842 -0.0908365726622958 -0.405876658950323
0.090677017632214 -0.168822505138864 0.219716021725784 -0.547491419067875
0.089316915318931 -0.390671696052454 -0.0377223110494303 -0.227294000813667
-0.0991858139249228 -0.35200627977892 -0.0568016731091432 -0.0913934378824798
-0.323058522263681 -0.181908653136471 0.08771341926827 -0.00513113172443329
-0.3614819095765 0.10525654858491 0.116350818876149 -0.0652944963505487
-0.125537508794661 0.258802280058506 0.0587175837695563 -0.178465445454704
0.0359736388033635 0.255346387322617 -0.017936233577748 -0.220698859061679
0.174635488319617 0.250786585333974 -0.114255424980216 -0.215578465094445
0.204614833728204 0.23109735255714 -0.113498733654167 -0.18095089569699
0.183417353286007 0.255233773102025 -0.0858095249655183 -0.197144502593132
0.0320656825184312 0.29973224282759 0.0196478366470651 -0.155888984390633
-0.140146137918499 0.290688141743295 0.0710498040134344 -0.0481299690846477
-0.39758175744338 0.129282684127026 -0.0521657357958406 0.0315399912168287
-0.360339007867279 -0.191770890920239 -0.154779434547204 -0.0984411004115849
-0.078904381865663 -0.371035516509004 -0.116465775734697 -0.373380544245007
0.114499448531025 -0.394806208998317 0.145132832302366 -0.477426899009136
0.0651718841455512 -0.530619002130933 -0.0863191400862218 -0.0812846319691103
-0.183643847366331 -0.45614766234558 -0.0293203201658378 -0.000359663014817262
-0.444740924179747 -0.210438083228972 0.125243070967252 -0.000325064608001162
-0.466004085727591 0.15686531154703 0.115740465295969 -0.0676369575131672
-0.164703557146667 0.334388020006858 0.0240382422193888 -0.143523129664459
0.0333033234862335 0.329573653940274 -0.0139789930701145 -0.134445488240687
0.20195060764871 0.327832150822676 -0.063408343603357 -0.119068482190417
0.240275762787518 0.29910700839229 -0.0384084067095687 -0.0838265352296885
0.209030413422429 0.327300910952854 -0.0211003537031589 -0.0884637385698957
0.0203054590304244 0.377828304532166 0.0515790667483861 -0.0447835074088032
-0.187753579560921 0.359914388673437 0.0559468253621486 0.0458698527874912
-0.505393082525601 0.170555402189883 -0.0778568492422015 0.0918065677019137
-0.480609014552782 -0.23019273803069 -0.168373048602642 -0.0558338783799972
-0.136494276269023 -0.492006477088369 -0.130297079489637 -0.292669137659103
0.124070586338016 -0.551997298854695 0.0628172351594579 -0.339462770946918
0.025183831240099 -0.600409676805686 -0.134577052032732 0.0945879703901535
-0.260106704759846 -0.501681651147802 0.0121431588779355 0.118588375454092
-0.519546323045257 -0.20003966634569 0.163795218585763 0.0101833190508985
-0.507326063905296 0.203808808744163 0.105041574724547 -0.0644078800296141
-0.175969291835849 0.371806433051205 -0.0157240334266426 -0.0864647460478856
0.0307826453392192 0.360063391348418 -0.00771619603430185 -0.022971176628319
0.201184356775184 0.360925417335575 -0.00383375043801955 -0.00145560027048076
0.237666060868959 0.321849429030102 0.0427591744383684 0.0263281856188592
0.198669830697734 0.347465356784284 0.0485026367295152 0.0328598040922995
0.00188543195295494 0.390988274974877 0.0786234264598168 0.0777217153258529
-0.206072328953542 0.359413835139438 0.0316481351032592 0.144003473477226
-0.521284101609696 0.170041777581889 -0.101432424711758 0.146271775055809
-0.503335496483874 -0.233505452055702 -0.169119393937105 -0.00784161813705826
-0.159566203552257 -0.521811462717982 -0.121705306106284 -0.179789679658084
0.115371802052307 -0.611783517466642 -0.0108288936938147 -0.160206935241985
-0.0198176592580391 -0.583515088214381 -0.175452513149083 0.276409220103979
-0.29370953166865 -0.466979071656222 0.0575714601464987 0.245360368769926
-0.508742363447038 -0.160330393456208 0.188155686726917 0.0300709421172468
-0.463345094307429 0.215975998530937 0.0820356253341803 -0.0474313015061255
-0.155857808260811 0.346921968531468 -0.0508534984753917 -0.0099107188291523
0.0242270736014953 0.332667902223365 0.00121896842352868 0.0972675076391883
0.171687243736891 0.338076368531475 0.0573406034467914 0.119585638129663
0.200153790781545 0.296433157440167 0.116041862017795 0.132370765804789
0.156627995088813 0.311751093233783 0.110257860070886 0.145666870400694
-0.0204111171030629 0.33679461789897 0.0931777598989715 0.186387227270588
-0.191457568662024 0.287291898818167 0.00142465382736718 0.220221016841683
-0.437748462902305 0.125320442844409 -0.118905273189233 0.175888173976484
-0.419099614806103 -0.204029662012298 -0.15577048436539 0.0286754883143294
-0.137030194641813 -0.454380538384511 -0.0918870823363602 -0.0656154357209166
0.0886020895690153 -0.568118595907137 -0.0658100870469349 0.0254126402411583
-0.0589111278144607 -0.476115632323726 -0.204508131472464 0.432696392240539
-0.266707088969619 -0.351833066145743 0.0904946831024552 0.354670223636984
-0.394481613054369 -0.0978341499471334 0.188697937829724 0.0566652837012602
-0.33345807139568 0.175925775589909 0.0528547394262922 -0.0200918220499388
-0.10970609019993 0.252513642969185 -0.0756841186750882 0.0652452837492703
0.012046109080629 0.245353809519503 0.00983006839209988 0.20341617887325
0.113054202375955 0.261129051964088 0.11173543910959 0.224037081756313
0.13170011059391 0.225386844717807 0.173474502423371 0.21916948949343
0.0904789179198267 0.231768760139147 0.154647741832182 0.233194868624879
-0.0402820120018395 0.232508105230362 0.0903142123700749 0.260641035107072
-0.149291320391819 0.171114992306499 -0.0324128225974614 0.257296112892572
-0.284179444472433 0.0568294396962073 -0.1261260531606 0.169667024714216
-0.264570850467226 -0.142301561688008 -0.132405821759872 0.0436933724085019
-0.0916982976803857 -0.312655229508751 -0.0514739658153259 0.0264883833012393
0.0444414608885891 -0.433984798965483 -0.0933602072288562 0.184480127790154
-0.0852511877929347 -0.286990035795429 -0.223542210286504 0.532749483707656
-0.190252944551165 -0.178417810814773 0.102694557175117 0.430173561736113
-0.211430528577017 -0.0210451161581209 0.174364568021749 0.0843115950722113
-0.146297976892899 0.103698824534644 0.0286610973180119 0.00263213354511076
-0.0472764000032348 0.111933765539434 -0.088049249762367 0.117752819909854
-0.0049061441991821 0.116165430448854 0.0114782151479189 0.272775936750238
0.0339185325439396 0.140276838498636 0.146279165448925 0.29498213989266
0.0412836274917408 0.120290335722546 0.203912184226266 0.273319428744485
0.0123597240769545 0.121416271589695 0.174548944946829 0.284566741656369
-0.0520269233086429 0.103057474513946 0.0723935613009895 0.292717858437847
-0.0877450817581727 0.0445890249826557 -0.0627636808778873 0.254659775980572
-0.10795611501358 -0.00339883907022064 -0.122893145921953 0.137896959350668
-0.0948954101846131 -0.0612107456024077 -0.105144791036359 0.0410951076099686
-0.0483252871774695 -0.137878869276036 -0.00867563575639252 0.0870542625541738
-0.00664882306109108 -0.247412662366904 -0.0918103930816258 0.296565944120898
0.0767678859360092 -0.00294870175414143 0.00759900188353703 -0.366747073777966
0.0224059888008157 -0.0545594085997166 -0.0714083165964782 -0.158595769444504
-0.0586667663321014 -0.0338525816993304 0.0560555186114808 -0.0147071802328473
-0.0703407267875883 0.0413019404483213 0.105917918813703 -0.0870467684834688
0.0120870483227324 0.0634831626999006 0.0750859117437218 -0.207881593159161
0.0440963175246141 0.0313573322188699 -0.0470042352764629 -0.290707648918575
0.0568443784836686 0.0059931841517988 -0.173817587167557 -0.284878915220946
0.0497611928541182 0.00284990400041523 -0.205804022142965 -0.265118287341676
0.0468944737147289 0.0021874615782825 -0.166925388249126 -0.289403382210006
0.0305871271192743 0.0162079588399614 -0.0454749769840401 -0.261881566540421
-0.0010489404508452 0.0358170743612448 0.0646556564216222 -0.157134646471997
-0.0381423111932461 -0.0013235872573499 -0.0125806496215949 -0.0437232774384124
0.0114794883621341 -0.0472270452583644 -0.118522378390955 -0.110206834151278
0.0727026293644149 0.0143969953687994 -0.0732572821943991 -0.376394814627381
0.0564796293420436 0.0776980550888144 0.248976253792798 -0.534236530367898
0.0842067678324686 -0.202324400437594 -0.00862342272765007 -0.318265312410763
-0.0355755570250265 -0.204411930037759 -0.0692907904182714 -0.139376052671988
-0.191120854822202 -0.108460146124001 0.0623776850856153 -0.0122951500918226
-0.21814203553792 0.0769992758887903 0.106771783260882 -0.0711824508117472
-0.0560788126804151 0.165324695346856 0.0691511038953286 -0.191633833877587
0.0459823615728405 0.147471816181656 -0.0347595730158102 -0.264987367327281
0.126049324089234 0.128621499659469 -0.15281793420659 -0.260830527764408
0.139992858571263 0.115903677769982 -0.173245640102792 -0.235653974063316
0.127980414975782 0.130937217504044 -0.139763475902195 -0.257671170515029
0.0407193931668163 0.164081156204112 -0.0174986721996019 -0.22602238476342
-0.0656295934613721 0.172522396765145 0.0726970045277127 -0.117263017268247
-0.220809247586127 0.0756791414811432 -0.0272392764901647 -0.0126567786068619
-0.182798903512111 -0.116013321067353 -0.13604556178127 -0.110988977376138
-0.00842675924255305 -0.18154123445945 -0.102722996710909 -0.390084032417612
0.0818929941338797 -0.164584329738192 0.195300786414892 -0.537117178202592
0.0763726275456443 -0.378403401898472 -0.0425936741660068 -0.219489949625362
-0.105668895703141 -0.33554380440283 -0.0568817816938218 -0.0882201301936576
-0.318679495853523 -0.164582984758241 0.084517948941459 -0.0108562394311886
-0.347204321452543 0.118709373675314 0.107536276226878 -0.0675452639875851
-0.113717647746128 0.255395417827862 0.0479457558658383 -0.170205262467653
0.0453394977129718 0.246122057606985 -0.0261539327870888 -0.210643482212348
0.178887055009694 0.233450637220189 -0.113791962922823 -0.199385112296618
0.208848508205953 0.212676998240471 -0.114180535703491 -0.170041376347043
0.187838919258205 0.239075072383013 -0.0884920464799426 -0.184697895048494
0.0424056135598437 0.288645815383498 0.0157477035662309 -0.149767518298175
-0.125574214542255 0.286833659235463 0.0701719902211906 -0.0478590602945585
-0.379249286714858 0.14237447227907 -0.0478152873198066 0.0365685911034219
-0.355272844333726 -0.173598035695599 -0.155103348479393 -0.0890140675058315
-0.0875734441121671 -0.355497600788021 -0.127378085346536 -0.359041202037535
0.0966267732801392 -0.383006408655159 0.12580624886704 -0.46661027616323
0.045685483543126 -0.511915615262615 -0.0843834009076929 -0.076674798855502
-0.190933253438572 -0.432743099737167 -0.0272681672291336 -0.00338129824889249
-0.437144677688884 -0.187293159549949 0.121168378602357 -0.00893586170744141
-0.444265318440476 0.173522709792995 0.107389196468693 -0.0705001695779405
-0.150301904020372 0.328959503549412 0.0164807215916096 -0.134088614010357
0.0448638033495217 0.317690737842705 -0.0190962140279949 -0.128129916507771
0.207993142492768 0.306783938226751 -0.0602410677426069 -0.107480027337468
0.246873113963237 0.27622502276531 -0.0384684171387364 -0.0794588828963706
0.215477540621274 0.308044763151523 -0.021125409939481 -0.0828994400753906
0.0345362868056333 0.36446914939873 0.0506326246414496 -0.0438535847804164
-0.168840392124802 0.355832135939455 0.0601090368102642 0.0444056291457658
-0.479931921060098 0.186215675094366 -0.0696287507752356 0.0951495984330848
-0.471898871028155 -0.205707824509071 -0.166862716288299 -0.0468734292457415
-0.148576202988772 -0.469532757354273 -0.138706509070437 -0.279531022980553
0.0990319062858708 -0.534510383997039 0.0490765857515552 -0.329170644937111
0.0053398906041037 -0.579605460809428 -0.126672308629399 0.0944018478534029
-0.266311848577251 -0.47512596692569 0.0166382860329432 0.109000280034175
-0.508839569406678 -0.174290479476624 0.159617581243573 -0.000547810942918625
-0.483587538647293 0.220837044957554 0.0979580288788248 -0.0681389937236436
-0.158715412577254 0.36601615667195 -0.0197757752508105 -0.0771229587392029
0.0433791424461874 0.347813134212148 -0.00832032875736744 -0.0225795091832209
0.210104550287062 0.335680295560239 0.00142097283826301 0.00346454654803765
0.244906587247429 0.29845351812972 0.0438766896179745 0.0242622516536833
0.206974298887754 0.327747570750806 0.0505142421848077 0.0306729572125314
0.0178195452508918 0.37877636231634 0.0813505546640603 0.0724002409818645
-0.188508941912807 0.356145361917551 0.0411723601379359 0.139991343240766
-0.494657977663326 0.186768583824024 -0.0901437462152228 0.148435606109801
-0.493823970313975 -0.20812836892308 -0.1650078951487 0.000340839427153615
-0.171149143906799 -0.499251195579343 -0.126525114842322 -0.170907148551415
0.0890140437211082 -0.592350418174803 -0.0160706175217402 -0.153823514462531
-0.0402441806802825 -0.561423494282351 -0.160068994772218 0.271763122223756
-0.298939810261565 -0.439498179540087 0.0647033917678467 0.229668841477223
-0.497883836593549 -0.13501820880978 0.184163500373027 0.0169717151711501
-0.439114580348001 0.228655853942697 0.0764115791950925 -0.0508391018642157
-0.13990087692212 0.340759978166264 -0.0506893227620852 -0.00336517231206872
0.0364341462574679 0.319828397020434 0.0044412728471683 0.0930077418733441
0.180024051611601 0.316312982111959 0.0649389645769678 0.116580231114059
0.207905120874124 0.27594616530732 0.118886711216988 0.123474949764491
0.16374988881075 0.295266207817089 0.11392040511906 0.136584707935755
-0.00627111054381203 0.326417094755584 0.0983919131077852 0.175491622359097
-0.176508522460777 0.285969058607437 0.0144904807423221 0.214728207675602
-0.415550490791268 0.139989556116359 -0.105268879745826 0.17731936138657
-0.410646426679538 -0.181431030012522 -0.150632552529906 0.0357005519937905
-0.147779465214469 -0.431889620035553 -0.0940091088930058 -0.0610436938263137
0.0636556394403198 -0.547751801869159 -0.0635936362263594 0.0279335661124581
-0.0740860234749239 -0.455964513731657 -0.18511725846804 0.424706882771551
-0.270770369838396 -0.329892691862418 0.10084447048139 0.334794114471905
-0.385234945712506 -0.0801119092066764 0.186298789582969 0.0432324540569902
-0.313925988823018 0.185509735148588 0.0489105528339414 -0.0242749419702654
-0.0990413949316243 0.247768732483194 -0.0725701931634972 0.0688142707757126
0.021160209003776 0.236728329786257 0.0171704300357129 0.194277612200597
0.120986576132777 0.244688670069909 0.119269857088411 0.213440290943881
0.13710620339045 0.210494954755105 0.176176736093676 0.204685585624542
0.0967026772079502 0.220158135741994 0.158537350690465 0.218587560531196
-0.0296289862398815 0.225947573788294 0.098023485464876 0.246447315722685
-0.139509857956397 0.170659605783225 -0.0169217486402362 0.250864658226577
-0.269957280578725 0.0677079861240039 -0.112229964715891 0.171097555201911
-0.258352186598839 -0.126502113338502 -0.126089775433145 0.0494723965854091
-0.098384910480306 -0.296343789372683 -0.0507095622511116 0.0266596008290213
0.0262934711132071 -0.41912992524509 -0.0860668913150477 0.181798573899669
-0.0933070689967645 -0.274028009269867 -0.200712546234886 0.521198800274421
-0.19160580465504 -0.164307947271788 0.116245175173327 0.409050645518206
-0.205301202630236 -0.0129254032725976 0.173878214896462 0.0705493007511961
-0.135713310026552 0.107139111224528 0.026782606724812 -0.0021282800368819
-0.0419035816264109 0.108810150184303 -0.0828100476659455 0.117514962532717
-0.000940740357730604 0.111565891333413 0.0213893317550331 0.262083880016607
0.0387311825870547 0.132562567884472 0.153591270091192 0.279467906343016
0.0455247357915849 0.113693412970197 0.207499539798068 0.256189304278302
0.0164480909783804 0.116620038041612 0.17849286086131 0.265886638491449
-0.0456003650116832 0.100858192239114 0.0806612046786525 0.277796496899364
-0.0839621720824241 0.0458239723592801 -0.0473449380342995 0.247932738318806
-0.102079088362383 0.00174150481595062 -0.110265458326111 0.139505510752019
-0.0915892609934367 -0.054105441384681 -0.099080362939708 0.0464052082838011
-0.0515498405808091 -0.129776049766067 -0.00742964455353017 0.0833060232105174
-0.0175054673592076 -0.236323112332277 -0.0800701235236543 0.290354806315864
0.0764134061366314 -0.00437211192609244 0.00475463612846352 -0.355454096367671
0.023025253155028 -0.0550246930798492 -0.0683117561333572 -0.152015836040185
-0.0579177174878692 -0.0324666167680864 0.0548022497054973 -0.0174236971553223
-0.0688801331234462 0.0432572315422553 0.0990028437123539 -0.0866802048290941
0.0121545022733895 0.0622483316931462 0.0674625908111593 -0.202261359794607
0.0441026498762725 0.0311407052264352 -0.0507458541976884 -0.278935142868543
0.0557510547436781 0.00657396446333447 -0.170932006975323 -0.271588162075452
0.0488832064795422 0.0015047995739155 -0.202138258785571 -0.253602650628175
0.0454397186167821 0.00169639407517196 -0.164066518892368 -0.276623444488802
0.0292412315129332 0.0154526437709085 -0.0449018850212148 -0.252269479500319
-0.000517150745032524 0.0343776718317663 0.0626766615492988 -0.152245081262235
-0.0381437040509001 -0.0016899807034145 -0.0123181893252488 -0.038644633390032
0.0100341834484446 -0.0483623591448898 -0.117473551850063 -0.103308308179562
0.07193051480507 0.0122559464087287 -0.076444696402216 -0.361931226847344
0.0564067436777175 0.0750188288256807 0.239171157199469 -0.521664859871186
0.081854184756543 -0.196415623854447 -0.0103794507247628 -0.30907598342673
-0.0344485959358674 -0.198998176534581 -0.0669659249286105 -0.135212513013379
-0.187081685571454 -0.102966508380468 0.0603877934520128 -0.0157372533084605
-0.21143475777302 0.0805199056433944 0.100191742774032 -0.0711527856035003
-0.0535693888484974 0.16256906797874 0.0630184850321365 -0.183984526793578
0.0473466532288941 0.143352921557712 -0.0380581418575929 -0.254147076416541
0.124964404187434 0.122596037205573 -0.147970493431263 -0.248040138288086
0.138991470224098 0.109508393958818 -0.16880658196438 -0.225860868098153
0.12658610404213 0.125145714970732 -0.13642430159558 -0.246238879707997
0.041280930944621 0.158975561282189 -0.0171667141469538 -0.217413029894444
-0.0617229061339061 0.168660621589543 0.0714483351288855 -0.113960796200058
-0.214120478012396 0.0773041630416747 -0.0246807367602082 -0.008594835676726
-0.17916262878519 -0.112189829715312 -0.135945748502254 -0.104683426666542
-0.00865528505576265 -0.176869447724897 -0.105542934323992 -0.376686741074669
0.0785442834280432 -0.159041037171548 0.187732298834302 -0.524581011811249
0.0726595486006731 -0.366919754398705 -0.0406778309949714 -0.212570394004607
-0.103334107543676 -0.324316413007582 -0.0548817137273407 -0.0877777934811326
-0.310980763872519 -0.155045959790528 0.0815956721383893 -0.0153601702392442
-0.335172924832351 0.12258209782833 0.101784403037628 -0.0672064164459031
-0.108776505193571 0.250198137920129 0.0440586371844496 -0.161922362741377
0.0481817795138408 0.239211870486335 -0.0286513198413358 -0.202631784438484
0.17713364890991 0.222593541957559 -0.10816628961862 -0.188946512597469
0.20822604182869 0.201413112725087 -0.110630244418413 -0.163429651359962
0.186181921130135 0.228993058717167 -0.0854605513564793 -0.176465365839795
0.0444796818983587 0.279849628754199 0.0168260569395144 -0.144476038578804
-0.118678946059985 0.281196707323833 0.071445045125483 -0.045626829066835
-0.366005815249082 0.144639447917843 -0.0442056991241268 0.0395298437098032
-0.346761926453211 -0.164617278959784 -0.154492735081646 -0.0834888158356907
-0.087644998128692 -0.344035526523272 -0.128983307019708 -0.34625884977388
0.0903824276555942 -0.36997830214668 0.119533055103273 -0.454464304204096
0.0428469024845712 -0.496935910280067 -0.0820396994281798 -0.0750158712705666
-0.187844345747298 -0.417439561392239 -0.026516110348794 -0.00719225434243846
-0.42521319740015 -0.175938471255101 0.116864427286505 -0.0144320770665705
-0.429034415133775 0.177919672382028 0.101282270684552 -0.0709069904213907
-0.143813040613505 0.323554547480242 0.0137537509310913 -0.126222300967076
0.0484141262649423 0.309077710452465 -0.0207955601826625 -0.123865694540463
0.206656400393303 0.291913959815337 -0.0546505502365242 -0.100311225607694
0.244965845029438 0.261621784652354 -0.0353835895601517 -0.0766226446352402
0.21464740913978 0.295714782131057 -0.0187168595900084 -0.0787502227668677
0.0383572975914695 0.354734362709365 0.0522741386326778 -0.0426678722352609
-0.159916981674001 0.348999132784376 0.0636251092517072 0.0433555747487372
-0.463739480400434 0.188739433019671 -0.0639569164175019 0.0977547616903872
-0.460231718440413 -0.195708515377304 -0.164837817144065 -0.0420357236730233
-0.147903556242795 -0.454338410224736 -0.140786844216285 -0.270890269861328
0.0907740859410548 -0.515726774902618 0.0463399142861632 -0.320318761997686
0.00013316078564014 -0.561275140481644 -0.121235451487821 0.0914293589059933
-0.262957429426005 -0.457509046762279 0.0172399186511299 0.100887606124834
-0.495537988988791 -0.163621609976386 0.155218904219199 -0.00745694562565151
-0.465696405645953 0.222954821175756 0.0921012613371957 -0.0685288324248421
-0.153682289067422 0.359100166919325 -0.0197428073207719 -0.0704503398721025
0.0474806129319687 0.336847877303771 -0.00909125710968524 -0.021941836368578
0.208654586042934 0.32131581796972 0.00706360358448492 0.00585666098462312
0.244668371527234 0.282674749611557 0.0448235087464594 0.0230635865990306
0.206172821128301 0.314763023180382 0.0518329641378139 0.0301650042583823
0.0221276278178893 0.367470776544127 0.0823738468355387 0.0693751262498279
-0.179170334353073 0.348760720949669 0.0469279272612089 0.137021708664105
-0.476672507170144 0.189656450393474 -0.0825475619447148 0.148998722973015
-0.482052517288416 -0.196536752970917 -0.161750764452614 0.00420429108202145
-0.169618528251415 -0.480661013907898 -0.127601719825314 -0.165775746664895
0.0782283896138143 -0.572846138557237 -0.0174721531362788 -0.147821409487103
-0.0438748950364214 -0.543975457071475 -0.153121976391366 0.264415586842669
-0.294531171746239 -0.422978454774976 0.0653724723553126 0.217184421276362
-0.485416722898052 -0.126289932187074 0.179883783299253 0.00944083617157548
-0.422386655914091 0.23055215762601 0.072604708779558 -0.0530379475798231
-0.134647907179424 0.33288395274477 -0.049241910484451 0.000710968136822781
0.0390141924872479 0.310185800047166 0.00575000005151362 0.0891554986404168
0.179578273289588 0.301344165881514 0.0693692696935072 0.113816836646374
0.206922636372481 0.2616403537103 0.118287503221626 0.118645551029906
0.164106570928028 0.284166716875387 0.113896553206905 0.131614773757448
-0.00220459663118319 0.316973552083273 0.0999592813504162 0.169114325408657
-0.168974953364275 0.280624801073548 0.0216293305578951 0.208976479816621
-0.400113174579785 0.143269068880454 -0.096373350488327 0.176263433733825
-0.401690770387013 -0.171233053544492 -0.146645846950686 0.0386428578646017
-0.146296215912521 -0.417046261627727 -0.0954002216343257 -0.0594023381146176
0.0556086229859624 -0.529273732586137 -0.0628763848926041 0.0284715840281798
-0.0767703116294398 -0.439767267008019 -0.176666690913 0.412241778391927
-0.266912759435208 -0.316589719270689 0.101402936106129 0.320270591875394
-0.375503943665629 -0.0736618890159112 0.182513476366467 0.03458545020367
-0.301672064893361 0.185993709508571 0.0467551160309536 -0.0275779229662666
-0.0942191391809121 0.241305181003426 -0.0694435268562984 0.0694292752999841
0.0225661784889786 0.228955095091726 0.0182837188200487 0.186748119954914
0.120492346730688 0.233129517250952 0.121376177174893 0.206647980701612
0.138414829429103 0.199841790459157 0.174614308075446 0.196723590780203
0.0974156491462595 0.212548144540278 0.157295726510365 0.209335602804887
-0.0257004416106493 0.2198287575389 0.0994521177593304 0.236982919654788
-0.134574142206891 0.16790401371805 -0.00882227292180201 0.243876329284732
-0.25816175911286 0.0699989864651437 -0.103699888686955 0.169753781644634
-0.250589913160447 -0.119115934009342 -0.121729882045702 0.0520794141183033
-0.0982872744641253 -0.284125048701369 -0.0524656366661037 0.0253944484485437
0.0193336453463606 -0.402675015441666 -0.0836223887915587 0.178697514607003
-0.0951801769424794 -0.263523716554392 -0.191142649812346 0.508363059263515
-0.188900447299895 -0.157261971416933 0.117358856847704 0.392039766989407
-0.199757253634317 -0.00987379911631001 0.171322580456304 0.0619972512167834
-0.128746096222912 0.10586149484382 0.0252334037166904 -0.00568916353646448
-0.0401415370560337 0.105263155822617 -0.0801635743840187 0.115992570605051
-0.000777364305392138 0.107550527954694 0.0238654020017738 0.252547528296079
0.0397411064332768 0.12608849943917 0.153516683550087 0.269032025063236
0.0460658294429827 0.10835776390694 0.204185722919004 0.245584291527585
0.0176108954369335 0.112702316336028 0.176140204101793 0.25340846081314
-0.0430210558252109 0.0981250114816069 0.0827736577560104 0.266708116561294
-0.082000196288337 0.0461156125860833 -0.0386269568706092 0.241004696674236
-0.0959018583541342 0.00272002203795426 -0.102114562886156 0.138621693766567
-0.0878781226843338 -0.0502922463597633 -0.0945210061921213 0.0492930811678311
-0.0514208367502162 -0.122866682238946 -0.00887052019056659 0.0801011864232041
-0.0207917104087118 -0.226252755610977 -0.0772538709133465 0.282699346591966
0.0734439420351533 -0.0203248751208484 -0.0582911426502172 -0.356676316510802
0.0100975241308521 -0.0586080363466651 -0.09063358099143 -0.142218154550172
-0.061108382122709 -0.0200983503156106 0.0500448013739321 -0.0360560901781783
-0.056710410946175 0.0546604754573017 0.0733347031592611 -0.109155762558842
0.0209291980611106 0.0559504051848208 0.0238669372698128 -0.208018308079278
0.0451911573875317 0.0220254937630388 -0.101519839527912 -0.260297864784726
0.0530850738674858 -0.00525697676017597 -0.212836343262041 -0.229459686848093
0.0461699508818699 -0.00715295146119489 -0.243729016702753 -0.210469682713026
0.0419831215191992 -0.00850756177096754 -0.21513645521614 -0.243329011838465
0.0304476304137166 0.0071063444710055 -0.0925186083736852 -0.243002557023238
0.0072138012792676 0.031105896143793 0.0342411019727604 -0.163767568230974
-0.0383156253824257 0.00462179818683028 -0.0182370566890158 -0.0335761068153162
-0.00024534082316011 -0.0504071511058559 -0.136871392912072 -0.0761793059031213
0.0771231976939523 -0.00792059185331181 -0.156178892285191 -0.343230243474425
0.0765364681966853 0.0577627427832891 0.139787691680678 -0.568984905996272
0.0456973207152101 -0.200139601195364 -0.055423438558785 -0.315069106689026
-0.0697753788545831 -0.183233126904148 -0.0835988635582412 -0.133012077494271
-0.195358070926793 -0.0614115093113912 0.0532772232337654 -0.0469218077622397
-0.182873337614938 0.119357488216925 0.0704941114417588 -0.102158559741247
-0.0228690640187751 0.163931898835617 0.0152259277878752 -0.186911090895046
0.0688962021045801 0.128869918801395 -0.0892249490336538 -0.2346405194281
0.141733804870328 0.0901173621535682 -0.192627545803883 -0.203041719823905
0.151080513724938 0.079593670092699 -0.20580368636724 -0.188891488664153
0.141959180190583 0.0942630461186631 -0.181782374877534 -0.220313045255723
0.0680068000406145 0.143138386675552 -0.0603215350910567 -0.216916498724577
-0.0285106947180052 0.169149141037791 0.0493442667207949 -0.128823570875683
-0.191204817777926 0.112073113579322 -0.0248391840538473 -0.00574016599567146
-0.191091386567055 -0.0765837210780175 -0.151744959954616 -0.081952539261476
-0.0372859543410117 -0.175150694053144 -0.179420471220697 -0.347123982534791
0.0529932725214783 -0.173945104694948 0.0928490192662229 -0.549287182569376
0.00711955547761349 -0.357954821022673 -0.0617690893593265 -0.220946763105482
-0.158204641546106 -0.288309690208905 -0.0608186080383132 -0.0945565506436506
-0.321868563931708 -0.0869113100850939 0.0711623561078657 -0.0619545006228764
-0.28914659530296 0.184158133443823 0.0656600448865161 -0.106819729129033
-0.0594141674197717 0.259432906356778 -0.00542892946021551 -0.159102042585053
0.0872137235784621 0.220519030619286 -0.0749516213524463 -0.182342601987374
0.211011135479533 0.173648858455565 -0.148311942961016 -0.146462272585168
0.233262282585655 0.154823730433452 -0.137151213089285 -0.138474913682459
0.218190097163447 0.183800734584588 -0.11757150455064 -0.162097809332386
0.0933109202769132 0.25974430729384 -0.0142501467125587 -0.152569831892217
-0.0636616076375487 0.285464308553657 0.0617674186470188 -0.0620961452114965
-0.323790877085681 0.204471303243517 -0.0329867151258085 0.0418902588330327
-0.359235824166174 -0.0953372425985292 -0.162077034683058 -0.0635062626365376
-0.147159312006744 -0.320754353351103 -0.189098134193399 -0.307207001468263
0.0229685351838838 -0.380837909220062 0.0431865178607093 -0.456750097602587
-0.045179734367202 -0.474029416645424 -0.0723318424841963 -0.0813129613268067
-0.255527973760331 -0.360330338665735 -0.0168629191446743 -0.0252233166044632
-0.43388974898531 -0.0846971815426132 0.102442034441157 -0.0770515128891602
-0.366975509165706 0.254487700506594 0.0586138230713489 -0.115951691749118
-0.0788456629943722 0.335455396364243 -0.0328627375943406 -0.116355692067938
0.101044364848327 0.28694400908979 -0.0557575326689326 -0.10484209630506
0.253867023379362 0.23236253447224 -0.0840309697067097 -0.0661133033403263
0.280142291830104 0.206311279262368 -0.0477851449120602 -0.0664652721918693
0.257121615876278 0.242679946192617 -0.0330825956790707 -0.0787213827990891
0.101624700602038 0.334069393205933 0.0397583096213564 -0.0597438241523896
-0.0910532121454075 0.356988100598403 0.0711733597487058 0.0272352350884049
-0.409557084129933 0.265501591793497 -0.0407273173905264 0.10074886162271
-0.474010689566327 -0.102972154439295 -0.161258401687119 -0.0246277856455676
-0.225977263037507 -0.416690041811142 -0.179614153478188 -0.225381185657724
-0.0057065797630762 -0.522108308005975 -0.000337101445668314 -0.300492946977802
-0.0950990345557076 -0.525986163794534 -0.0805670628435548 0.0900865775089861
-0.333395382424055 -0.383106491172 0.0459678818929923 0.0699031903759527
-0.49845842985745 -0.0589912536703659 0.137714688096506 -0.0820710514165403
-0.392945000402865 0.307587180015519 0.0457017745403511 -0.114840036906425
-0.0798392404803553 0.37234144623288 -0.0581217155460613 -0.0539854956487829
0.105560865385306 0.313648108973833 -0.0276310139235011 -0.00591155840570899
0.262846556783363 0.259846054502606 -0.00700082910923718 0.0275571427465613
0.283949237921329 0.225981547711219 0.0485647325486428 0.0157867883059859
0.253714999711094 0.262817366306353 0.0572951306252509 0.0153562150220179
0.0864557272698474 0.350047219241576 0.0925764657078584 0.0460724349093696
-0.109758420238629 0.362390649602436 0.0737344814272383 0.122798112092635
-0.422181458773716 0.269669814954788 -0.0474213877427863 0.155519375045483
-0.493172931063267 -0.0998163160246633 -0.14836433516907 0.0206040545626098
-0.25374977438329 -0.436729529009195 -0.143702611129139 -0.121745768509083
-0.0296957197147421 -0.569506381103937 -0.0307518625272372 -0.1140235540299
-0.13675174119537 -0.500945625180594 -0.0834876538709321 0.270178776356126
-0.356830167811979 -0.343712471562335 0.113358489222613 0.178108126103394
-0.481117580907767 -0.0267639640759453 0.164481437131156 -0.067277875044783
-0.350009865037782 0.304393750143902 0.0295361048021293 -0.0930245635043937
-0.0658588323240103 0.345124876570704 -0.0720095664503263 0.0212641631676652
0.0941160729323747 0.289895115970673 0.0080275964335815 0.0990438775777085
0.231954285724519 0.246622924974017 0.0735332170698404 0.119702418086097
0.245507239408385 0.212242106601957 0.138101056542971 0.0954736335014457
0.208193549464073 0.241842025358975 0.137533337726716 0.104147036997982
0.0552219114800424 0.306879244343796 0.130525193787548 0.142363961561585
-0.113006820826185 0.296894188667143 0.0639719470063014 0.19970946466717
-0.356466195835712 0.210124506676965 -0.0550479409070672 0.187408993065005
-0.410511532153823 -0.0903891417453733 -0.126913907184903 0.0554853928914642
-0.220126577529124 -0.37581116868388 -0.0921188339937538 -0.024590123269927
-0.047373094401905 -0.523448111381077 -0.0449621763919033 0.0693693699335803
-0.149520856465388 -0.397293916062236 -0.0854975156158523 0.427815057660431
-0.310018182686824 -0.248468058102368 0.165119700739559 0.28020885570378
-0.368859431260848 0.00238517417731077 0.174537690322494 -0.0331132211058112
-0.244125411420255 0.237854719202317 0.0159634658500924 -0.0556537267201828
-0.0446299589948562 0.250018329837282 -0.0731743151348437 0.0906340685501143
0.065033619097302 0.215088298949191 0.0408047510510992 0.189563159640306
0.163534621242855 0.194656996264478 0.143291061277498 0.195449062282427
0.168556066087408 0.165932973289527 0.206816345358 0.161905770110956
0.132475392313304 0.185934943138571 0.195098341679764 0.173265186818544
0.0144749563719295 0.217611349468304 0.144085922573434 0.211854797500422
-0.100277570106067 0.184448574092428 0.0423582903318165 0.241190799228034
-0.234543517233314 0.113737963454029 -0.0640690302897395 0.185516292446234
-0.258257071304111 -0.0672800984793398 -0.102422244068492 0.0697090213043226
-0.149745571080481 -0.254363487793535 -0.0373572888906441 0.0465115779827646
-0.0594552047261835 -0.390456483534468 -0.0398442793600426 0.21576982640467
-0.137133227081559 -0.227318291238262 -0.0923593966408806 0.535158617976913
-0.206200173987111 -0.112138079411993 0.19177763415593 0.358958550100051
-0.190493248929401 0.0280855650488159 0.173539732191495 0.0120600786175506
-0.0981991876335638 0.126254192008386 0.0104774228062168 -0.0202427975263111
-0.018148741294024 0.109344435514416 -0.0663505008595935 0.133574608110057
0.0212732067657722 0.102566368368354 0.0635659109772325 0.248366405873099
0.0650758640532068 0.110454034053691 0.19047557505957 0.241656259341796
0.0644618857035747 0.0953257126512846 0.244790693799892 0.202950331650075
0.0387476748612726 0.105857669778374 0.221803522144485 0.215835626142592
-0.0243724720708699 0.103786083436187 0.134822026495685 0.246389584824541
-0.0714645263223367 0.0603519420238909 0.0130954920998299 0.244454168219011
-0.0911155495608976 0.0190870106343749 -0.0690353016278051 0.157195591545526
-0.0917935641604393 -0.0314255794515925 -0.0795755359410714 0.0677203733826058
-0.0742225969650913 -0.105745318339838 0.010703891028175 0.0860284540771448
-0.0669486666139636 -0.210383897826775 -0.017810873111172 0.30868307022636
0.0757356866932654 -0.0231644653433949 -0.06054242494825 -0.35994099362068
0.00964392900547406 -0.061825176486424 -0.0902896015893352 -0.1442713618378
-0.0625033368874542 -0.0202372689414405 0.0487715202295682 -0.0411684431206656
-0.0570461136073968 0.0578877941229985 0.0684765066004117 -0.111218953635085
0.0219539185492748 0.0574738025901685 0.0185912750208506 -0.209170737629879
0.0474863907483956 0.0225506690479296 -0.107179815986492 -0.259430703879911
0.0553531974371685 -0.00594175303954994 -0.218406848553279 -0.227687293939722
0.0471926906009228 -0.00769280092387482 -0.248688519442521 -0.210582360120457
0.0427323354374729 -0.00921427091470301 -0.219654270889763 -0.243073966933639
0.0304816923672074 0.00722610366487854 -0.0938774821699018 -0.244684464466124
0.00710679436160637 0.0314767471072935 0.0346032008279961 -0.166413808353046
-0.0399790822266232 0.00574273011863221 -0.0172086925978266 -0.0309660602242663
-0.00214222468412984 -0.0526519417728011 -0.14086554949782 -0.0726819565720025
0.078841971177268 -0.0103317645913381 -0.163140029220384 -0.344636061525578
0.0787942936517077 0.057723807722485 0.138048862653224 -0.581833537927031
0.0461171071639696 -0.204065434685094 -0.05735182096375 -0.31910168275625
-0.0717493080346716 -0.185980315141359 -0.0838693333317375 -0.135615443115878
-0.199517638257736 -0.0600806285208191 0.0520700785987667 -0.0523170478667006
-0.182881863740281 0.125491830595794 0.066300412808453 -0.104500667231323
-0.0212312924603079 0.168881877884198 0.0118097891630391 -0.187524365093124
0.0722854384331016 0.130412650858796 -0.0940410133611457 -0.233853875821681
0.145459294940086 0.0886333545199029 -0.194745250874012 -0.202185507792939
0.155051951092842 0.0770981615124364 -0.209461376474931 -0.189352126747553
0.146162752291336 0.0932897333517412 -0.184286808661392 -0.220086524958492
0.0707168134304205 0.144713612588543 -0.0609058311115252 -0.219436473661148
-0.026808196092663 0.172503130366309 0.0508895162856304 -0.130916295341426
-0.192788778586326 0.117297244276641 -0.0235776616586447 -0.00218440882155901
-0.195422295642801 -0.076267682233364 -0.156883595798111 -0.0784053567240005
-0.038178087843605 -0.178114883920959 -0.18740939528987 -0.348827545968073
0.0527880219609499 -0.174961616442375 0.0903455299041059 -0.560377925346531
0.00582274835749799 -0.362922462427812 -0.0635921408444183 -0.22406615651139
-0.16107605342185 -0.291215827967527 -0.0623758054875721 -0.0980608577702656
-0.326986432350906 -0.0829628078796773 0.0688358164042539 -0.0684134074267839
-0.290487547818594 0.193262526628744 0.0620209286652603 -0.10963043906109
-0.0570025518396245 0.266312382790382 -0.00764696483209351 -0.158630732080003
0.0921831688547554 0.223056236373796 -0.0794016866290782 -0.181832142214193
0.216447009565319 0.171671709989272 -0.147304763591158 -0.145769551063037
0.23990097403556 0.150698061673922 -0.138874867008782 -0.138919654481942
0.224793517780302 0.181638093485069 -0.118740014032368 -0.162242580493605
0.0983123477222716 0.262152009431957 -0.0125679462082726 -0.154971571663641
-0.0607146028457133 0.291278770781084 0.0658370990920236 -0.0645715072193389
-0.32514120115509 0.213992244639793 -0.0305263935870525 0.0458121788089218
-0.36634166360981 -0.0937974458699233 -0.167974278038464 -0.0595400671615902
-0.149524340561048 -0.324889884008258 -0.198381209429556 -0.309166396513043
0.0204606685861503 -0.383443711044877 0.0414813977219899 -0.464675982230355
-0.0486752938599426 -0.478491052267064 -0.0732608483761428 -0.0829284206504641
-0.259401812363728 -0.361055456755807 -0.0183832051022221 -0.0296609183756999
-0.440073358090608 -0.0801690364254281 0.100126919884759 -0.0843239205212314
-0.36643850591978 0.266291384759001 0.0544829734922403 -0.119992322646839
-0.0758753327579784 0.344486136451734 -0.0348208620783597 -0.115815903315344
0.106720937525889 0.290084720886823 -0.0593188558611864 -0.103717875437634
0.260057222246498 0.230607047712392 -0.0806365462040825 -0.0655450656861479
0.288240153970308 0.201057391704134 -0.0463353566710912 -0.0676153773914955
0.265500840994323 0.241120712750157 -0.0315623845751226 -0.0795725115194806
0.107903822423383 0.337532195259762 0.043535792841089 -0.0618375350550378
-0.0884093408485486 0.365019724194187 0.0777906661138576 0.0257845083159477
-0.411180240411479 0.277077112294379 -0.0364378089403409 0.104570693163671
-0.482845802061177 -0.0991202220136502 -0.165658025736193 -0.0205236772479373
-0.232434080233439 -0.421257176810561 -0.187673621424494 -0.226634122404455
-0.0108841712235234 -0.526235774767518 -0.00263758600961366 -0.305427282269129
-0.101863519544449 -0.530972820592822 -0.0797684613750566 0.0908466989051789
-0.338992606503132 -0.382720463232544 0.0457281497382005 0.0670349181980767
-0.506071412172376 -0.0521484477318697 0.135991403221827 -0.0904089243311625
-0.392606588726397 0.318471714102062 0.0420084457354736 -0.119000371483672
-0.076799479702722 0.381019656346059 -0.0591481665615654 -0.0521925454600266
0.110997672312087 0.317091489688229 -0.0289794050507741 -0.00468266362408305
0.268089746980175 0.256274031737543 -0.00114559581858934 0.0276000172256068
0.292335538338644 0.221406443531752 0.0524064651740536 0.0143062088392667
0.261051722994445 0.260982940941158 0.0613148529529229 0.0146030774233926
0.0935197654457929 0.354142982339032 0.0974394939569024 0.0447984212084789
-0.107020839129446 0.370560292638711 0.0817970432291751 0.122249018472246
-0.423384333361769 0.279860224463383 -0.0420216153796121 0.160012476350175
-0.501474192774951 -0.0954941284225919 -0.15114365390158 0.0254831349220228
-0.260289441378367 -0.438654092165238 -0.150934516657345 -0.122043307525723
-0.0363362690588357 -0.574521421642009 -0.0328374041256626 -0.113571931368332
-0.14256733408945 -0.503763983587715 -0.0819503587991566 0.27314640990661
-0.363782352190334 -0.343046579283835 0.114743482946961 0.175989842453005
-0.487629497826001 -0.0193947551999693 0.163349334494513 -0.076673092742079
-0.348720213163563 0.315658833855793 0.0263803560775091 -0.0975065425963332
-0.0629929256526679 0.352930026518673 -0.0729181734301046 0.0233978412196424
0.0992747231808375 0.293024554691819 0.00741086998619227 0.100048814125907
0.237505012596862 0.243803340630175 0.0811309146712224 0.120030429618208
0.25230182764948 0.208520318357853 0.143482845506829 0.0945658243053567
0.216027918708436 0.241087141236291 0.143111965827259 0.103439383384917
0.060907770207523 0.311313390160183 0.136237832907574 0.141781957765672
-0.111119683454548 0.304367453637813 0.0732657879404997 0.200367847033061
-0.356574512136467 0.21879135239081 -0.0485559582998364 0.19192236803754
-0.416534188125154 -0.0852243408430575 -0.127410761800988 0.0611251318949491
-0.22499558637739 -0.377182197532224 -0.0981221655377424 -0.0237134153200936
-0.0521055384929986 -0.523996554256909 -0.045182207936821 0.0721453374892015
-0.155680749558165 -0.398410035925866 -0.0822879264850529 0.434446976800452
-0.317221360930298 -0.245857009054275 0.169257021119923 0.279130436865318
-0.37439379785254 0.00830207340537629 0.175235651625022 -0.0413188180180442
-0.242392484976371 0.245871654224246 0.0137560794669783 -0.0603509027851864
-0.0429814663464499 0.255268024118628 -0.0738656827092994 0.0931080966689891
0.0678998067544515 0.216760150243849 0.0426610536789474 0.191389092468098
0.167328991116528 0.192428900460162 0.151498712621772 0.194903869000691
0.173667698203385 0.163391488759058 0.21359771974329 0.160859550470992
0.137267214266619 0.185603878833225 0.200903729993541 0.17244023745625
0.0174983360222664 0.220643603769506 0.15079396081647 0.211617428999325
-0.0992210252978041 0.189886523483741 0.0508436304574575 0.241822417528639
-0.233643709543357 0.118470240841803 -0.0571989454261312 0.189363192994764
-0.261955351725925 -0.0648278639617521 -0.101608279317164 0.0749479649648988
-0.152855687182986 -0.254295969807669 -0.0413448501834549 0.0481719361718957
-0.0646347015218313 -0.391732463775435 -0.0398817436268655 0.222113266106551
-0.141802122735646 -0.22691843582697 -0.0898510921510551 0.542507811529438
-0.210292716367032 -0.109611977681018 0.196802733717391 0.359686811875111
-0.193789179839246 0.0316077854682252 0.17623771329133 0.00521378068925474
-0.0960648167567429 0.130000454146705 0.00861307726099341 -0.0244979040352814
-0.0172095166516523 0.110905216486094 -0.0666523724837236 0.136360779030293
0.0213837965011776 0.103131729165794 0.0662036756509068 0.250274928249753
0.0671377125020383 0.109367419345479 0.197454632469115 0.242152893679353
0.067109417614791 0.0940647669152172 0.251057765450944 0.202734185272708
0.0410654845177493 0.106271302907983 0.22681333492932 0.214320665838534
-0.0235795638620437 0.105564707310473 0.140871923352587 0.246412788662236
-0.0720651774962176 0.0621187347669995 0.0205291175654407 0.245483467645256
-0.0899157189066977 0.0198804298387167 -0.0638056751788002 0.16138887251615
-0.0917612146132214 -0.0301882248805391 -0.0777010989307498 0.0731992995553726
-0.075644573673537 -0.104136486974507 0.00836768545756093 0.0879518628434795
-0.0710448707609403 -0.209379213650444 -0.0167396223001423 0.31490643868514
0.0767061843163921 -0.0292440679201437 -0.0739785515613726 -0.362028188460598
0.00717638302692688 -0.0657059841109234 -0.0951743985057202 -0.145404041819524
-0.0657662643754322 -0.0189722900903774 0.0457921505917374 -0.0470401498095452
-0.0565051926082652 0.062425305802508 0.0612339120447416 -0.115492416306138
0.024645707714042 0.058975299961544 0.00779422798718512 -0.210894978586744
0.0505411495338038 0.0208594270020189 -0.121211296619752 -0.255145378908015
0.0576709161600705 -0.00876690741033885 -0.230703264103555 -0.220839883080096
0.0481122728834118 -0.00996262689702956 -0.260941460723713 -0.203263678527714
0.043434517023266 -0.0116501701517481 -0.232244242091024 -0.237103334402428
0.0306877926289223 0.00632205414095206 -0.103214065950869 -0.245425756087059
0.00855018185926862 0.0325152664307156 0.0302239968075407 -0.170639948441249
-0.0420319907231142 0.00805145640568296 -0.0167104648189912 -0.0268125593973172
-0.00611446132264655 -0.0545780300830071 -0.14741954109332 -0.0639599791674323
0.0807063351426296 -0.0161429379916435 -0.180667803124368 -0.342683139840672
0.0833515498658578 0.0560989591692763 0.117713852627429 -0.601176551752622
0.0400211759872501 -0.210658663739459 -0.0687118861330744 -0.321993976325501
-0.0791160721096019 -0.187915797306839 -0.0898608244851773 -0.136707775030182
-0.205217985374866 -0.052211321730016 0.0477180609744573 -0.0589103952275536
-0.181110720033134 0.136952838221837 0.0591030871965662 -0.108629752132833
-0.0135116083659714 0.174747785677973 0.00238972359768125 -0.188651218313245
0.0807231919223709 0.129811775810869 -0.106233157923396 -0.229609671918524
0.152874540099781 0.0833246455820664 -0.203521795488039 -0.196023887221722
0.161613432499929 0.0699575060075984 -0.219683000624178 -0.18461804162176
0.152946668327345 0.0872031758116962 -0.194899887806247 -0.216058882778822
0.0784766563023346 0.144650127828125 -0.0673188881265839 -0.221345289254928
-0.0195253990760236 0.177636923198603 0.049079509493241 -0.13626046645606
-0.191898742311267 0.129161426237086 -0.0222737885113567 0.00138317891594179
-0.203594434723049 -0.0702030198983235 -0.164634011984642 -0.0694468869357733
-0.0448875927423472 -0.180904542494004 -0.206924125631562 -0.346826908298781
0.0481612283352338 -0.178718913202288 0.0705202217566944 -0.578263183741193
-0.00731042356547735 -0.368933271592796 -0.071575998748695 -0.226564842595395
-0.173021341682849 -0.289205198164075 -0.0669965580326695 -0.100390231116148
-0.3356323560177 -0.0701272051570489 0.0634523759995115 -0.0769680239364647
-0.285860947711739 0.211303031184059 0.0543233588969228 -0.114210883179551
-0.0465094363447408 0.275659272958824 -0.0160236676565754 -0.158931714482159
0.104542808584892 0.223462088909253 -0.0888565369796332 -0.178608189516767
0.227241664952011 0.164072171874819 -0.151892302475015 -0.142341732218745
0.251003003118189 0.140237324739521 -0.14480589845819 -0.137108424785011
0.237413017653221 0.173234850614994 -0.12438551712375 -0.160751564561504
0.112542234633288 0.2637616684803 -0.0157758380975478 -0.15826583403545
-0.0496788884030758 0.300758589516076 0.0685536556576201 -0.0695834372441874
-0.32122214430659 0.233178872502098 -0.0271769849874794 0.0504462417244891
-0.378704628931599 -0.0794419812038218 -0.17514311220982 -0.0501271699669507
-0.163755411055779 -0.324638075135005 -0.218319139437693 -0.305540054065529
0.00719912346171891 -0.387370241377453 0.0246004333293296 -0.476514689557266
-0.0667882701698332 -0.484536440773852 -0.0761773140131573 -0.0830616290511728
-0.275896061271562 -0.355480903065612 -0.0208663549602377 -0.0329183858024885
-0.450857858600384 -0.0602117568671863 0.0939568309067972 -0.0958091989817889
-0.359762262456956 0.289580276754598 0.0463272492196632 -0.125033550847815
-0.0608262259075855 0.355843239372717 -0.0410076150420768 -0.113929927194506
0.121142312144817 0.291136774933571 -0.065610747317888 -0.101029829984066
0.273989265157155 0.221250512547548 -0.079706615318689 -0.0646703360803482
0.302695749376099 0.187849992120083 -0.0473294074003961 -0.0682030079092582
0.281747854678269 0.23176410544994 -0.0323610095941016 -0.080083356992729
0.125203974259635 0.339681051610924 0.0456611643728618 -0.0661905173420548
-0.0742503999219647 0.377814679813886 0.0850488562263841 0.0207350339390344
-0.404068460611854 0.302102511728667 -0.0296261017488829 0.109446406085447
-0.496618665543169 -0.0794227754836663 -0.170809887784755 -0.00972577170020967
-0.251265096765093 -0.418095394895008 -0.205211788873798 -0.222434464560142
-0.0312369436633209 -0.531226577162231 -0.01539242158896 -0.310847962266883
-0.122586633531281 -0.533616349016223 -0.0771874674319769 0.0927561449737575
-0.35815742938164 -0.374076169470099 0.0478807682002407 0.062106815441642
-0.51697916056583 -0.0298576004481677 0.130677618853077 -0.103826672203553
-0.381255326642938 0.344094418325574 0.0332716126731333 -0.125156881862895
-0.0617927390124364 0.393544088988967 -0.0631988397243652 -0.0498336045626791
0.127296074883529 0.318592437469443 -0.0319012082794167 -0.0024340395092859
0.283277656276782 0.247497412537605 0.00534627885390464 0.0261570283685544
0.307502367438037 0.208161258493995 0.0566082564548321 0.0108662229137292
0.278766366137129 0.252296974696864 0.0657262115097072 0.0110100574924197
0.110828097295742 0.35830306312371 0.105259237123394 0.0392811276447188
-0.0935643293341462 0.384254314918306 0.094137530292587 0.118408527660233
-0.415464229510634 0.3058373719655 -0.0317255583801105 0.165345767291899
-0.515030972940337 -0.0748690276200046 -0.152727944708377 0.0361582823173611
-0.280470203350599 -0.435895833677103 -0.163509459213355 -0.116879833896818
-0.0591496555543593 -0.577285479316865 -0.0378837856931593 -0.113232535814701
-0.163559948698871 -0.504461750067047 -0.0728348913274184 0.279118002376077
-0.382448582041108 -0.33181871644094 0.122105131686204 0.170748192660714
-0.497601646820257 0.00289179593421536 0.160517760026272 -0.0910057243657357
-0.337736575347662 0.339005956914541 0.0189682864174224 -0.104170584788622
-0.0488247178446138 0.363929579224107 -0.0740444411563281 0.0272177958993803
0.112639368122563 0.294150032522952 0.0106393592163091 0.102224035200322
0.250836757167984 0.235755234783828 0.0917247097785659 0.116157113751034
0.265915035760206 0.19685124478524 0.152663616775689 0.0885060165795745
0.231006462015928 0.233905274060882 0.151912188190865 0.0974242356389769
0.0751358534753507 0.314369377623035 0.1487391218786 0.136524955818052
-0.0993398485575546 0.315731740976101 0.0892887345543993 0.197290671104999
-0.350174420279923 0.239167768292959 -0.0370493317330196 0.197538610180637
-0.427137554659333 -0.0685811521357015 -0.126246578995871 0.0710291413702539
-0.242767401492709 -0.372786696329344 -0.10507633943621 -0.0181407987578959
-0.0741313125227106 -0.527790198951137 -0.0435147079449497 0.0781742528423152
-0.172408883638166 -0.395562955012908 -0.0697330672986049 0.442252384142581
-0.330811545817865 -0.235415742474099 0.181781273845332 0.273862777073888
-0.380956150650379 0.0268077257307737 0.17499567781095 -0.0552404098918463
-0.233586044830469 0.261595415329806 0.00855584520085634 -0.0660345215432837
-0.0320063662368959 0.262671368452493 -0.0720290295079979 0.0980107338726083
0.0770716241194319 0.218373451279926 0.0501884732314626 0.192809245056959
0.176733990576073 0.186976616426275 0.165728690718791 0.190988001625896
0.183690345193598 0.155036074307833 0.226302981444352 0.153198689202343
0.147683102498654 0.181971153760072 0.212366515476721 0.165758227344373
0.0271702304621486 0.223929435902931 0.164502351050467 0.207266079770937
-0.0929746989328679 0.197979599212612 0.0672205317392258 0.240356533659411
-0.22972938137424 0.130199283755119 -0.0455339834300369 0.195462493244918
-0.26746255997991 -0.0536834256090777 -0.0983160855022207 0.0837459794387066
-0.163562073890632 -0.250100082589568 -0.0442439896711535 0.0526768217511352
-0.0814022776795496 -0.390545944008318 -0.0319214582551777 0.230276023744316
-0.152727432772218 -0.222468795422714 -0.07257579338885 0.556653839736844
-0.217727977880463 -0.100552613656965 0.214487808793977 0.355766234215412
-0.196822706034145 0.0418188209981093 0.178803859458933 -0.00688211446092565
-0.0902585650797301 0.136595160571355 0.00536231305395634 -0.0297322792389995
-0.0132744629583745 0.113546263816459 -0.0635326695709625 0.141663491319171
0.0244235666879814 0.104339588500435 0.0766808264152753 0.251949890538401
0.0720822202541851 0.106978091135846 0.212489468402642 0.236639610048496
0.0720071788279847 0.0912871574475772 0.26546537968762 0.195010953374349
0.0457455924344929 0.10593447538629 0.239171816141758 0.207021390979212
-0.0195077571812469 0.108335613703554 0.1544607724613 0.243074673284334
-0.070635140738558 0.0663237650139121 0.035605926579374 0.246107764225014
-0.0884496305827558 0.0223837125365086 -0.0529819963766016 0.166454443444466
-0.0928254230828795 -0.0261473468396112 -0.0730918060525737 0.0803203913334196
-0.0793068542600263 -0.100111810165294 0.00856973940010134 0.0900768178980239
-0.0810573132166637 -0.206735057489001 -0.00475161087907784 0.323510282880946
0.074078053878383 -0.0363414524799009 -0.0929687909730911 -0.353199702184247
0.00227315950463975 -0.0674624015057095 -0.101466023737792 -0.140369701402694
-0.0671899148311002 -0.0153548916287434 0.0393344267387634 -0.0523061963726191
-0.0525192925765431 0.0677993747168413 0.0490422541218939 -0.116903784966358
0.0285453046226459 0.0585260913772023 -0.00901781353804423 -0.206190521351166
0.0527013890087045 0.0172934045461347 -0.136072810786181 -0.241568510641292
0.0579474658655931 -0.0128526851829567 -0.241603027090001 -0.201164363041991
0.0477865651835517 -0.0131042325046276 -0.27073312366497 -0.184813591154147
0.0423942443495376 -0.0142443567930302 -0.244129631716187 -0.21900252546333
0.0301452684845342 0.00518717145621011 -0.115212187723119 -0.237422968510894
0.0111893467453241 0.0320277665368411 0.0210490118315787 -0.170677225837626
-0.0428683678326301 0.0114671142168889 -0.0153797887443349 -0.0219102560357948
-0.0111827984905956 -0.0549113587504518 -0.150744590794519 -0.049281218923554
0.0793308763314005 -0.0226989036393538 -0.200960523514477 -0.325720034201787
0.087665373375261 0.0503871749027034 0.0801099761654915 -0.605704842241515
0.0272693448929593 -0.212114857481839 -0.0851661027269745 -0.314856674684527
-0.0888132703898402 -0.182567978920539 -0.0961867684686875 -0.132373915827792
-0.206371840849672 -0.0385791795118284 0.0397896690128359 -0.0641659100903098
-0.169663847839961 0.149642317094614 0.047537491457415 -0.109754183803869
-0.00126492793731057 0.175398219597609 -0.0115902996068101 -0.183514991292953
0.0901828894770344 0.123448412370277 -0.119927805731995 -0.217356340053639
0.156955986408873 0.0712989217813764 -0.211607896790022 -0.180472551187309
0.165129543918115 0.0571193669834954 -0.227359377679262 -0.169386920022329
0.157521455824718 0.0750682407652063 -0.204775778080206 -0.201138232258149
0.0869679575292115 0.139012676442446 -0.0781498766681838 -0.216087433441668
-0.00711713908731547 0.177956416795707 0.0421769550630472 -0.138402723153107
-0.181624033001366 0.140825738080498 -0.0196178249570452 0.00647059932089201
-0.207415203294254 -0.0568367756505657 -0.169198885998838 -0.0543592327074462
-0.0542634304682039 -0.178015001372669 -0.228853707431891 -0.329209731589063
0.0384847394652427 -0.178379716600633 0.0336595079157221 -0.579155527410167
-0.0280083891497424 -0.363385603834631 -0.0824317533511349 -0.221966509396658
-0.185368786003289 -0.276323964894283 -0.0733393124269668 -0.0979541198420941
-0.33597023187586 -0.0473753375398814 0.0529669563850967 -0.0835678336033949
-0.268615573007229 0.229463141491499 0.0421592895030029 -0.115765738391516
-0.0270817417056482 0.277277962656986 -0.0267228214083227 -0.153158529835653
0.118547237220232 0.214457378234677 -0.100373322926901 -0.167716615828338
0.235127311889898 0.146374228460986 -0.156256067594011 -0.131688311775396
0.258108979582495 0.119158960521306 -0.150124002948938 -0.128382440850303
0.246937704497718 0.153877320490969 -0.130929470500062 -0.151355742205114
0.128388522246349 0.254589697100656 -0.0219827600552694 -0.157820319552003
-0.0282521621247693 0.302107736132652 0.0661900224467332 -0.0751719211773887
-0.301447821547022 0.25351888301339 -0.0213656785132221 0.0536745980754206
-0.380847977222973 -0.0542917353537562 -0.177616569262312 -0.034157813213721
-0.17967338113625 -0.312460907379093 -0.239206271082439 -0.287524072745228
-0.0161113971037122 -0.380848072442164 -0.00579061559315007 -0.473792881955592
-0.0941213336005032 -0.473439336432619 -0.079552568644804 -0.0809663098717343
-0.290744909899857 -0.335500747460686 -0.024079683128446 -0.0349353864934533
-0.448632119931771 -0.0301830716899246 0.0816291580235915 -0.105134803074048
-0.33544406276291 0.310936366604719 0.0330209769319098 -0.126786372345179
-0.0363611631167624 0.358789759450181 -0.0487509784311753 -0.107956797868681
0.139400781641661 0.280838633895033 -0.072044189505433 -0.0928957019260281
0.284413352064719 0.200563269679895 -0.0787736562680802 -0.0607443486969209
0.311761188173573 0.162771150203299 -0.0491742669608453 -0.0671707609699659
0.294810086687422 0.208786398139945 -0.0344737795163495 -0.0782511181208517
0.14676164979996 0.32862582845207 0.0446971808669062 -0.0707171996961933
-0.0474748266233899 0.380906297729758 0.0899954824154612 0.0120637046505258
-0.378280116381824 0.326700568477227 -0.0197283145818689 0.111771417342283
-0.496205847128166 -0.0465079809174386 -0.170149796383388 0.00482199142665954
-0.271823251577224 -0.398125793920805 -0.220455472784581 -0.206849015142037
-0.0619005912514319 -0.517946918993169 -0.0342355066764431 -0.306790419104448
-0.152843023307305 -0.518704848728955 -0.0701062202344864 0.0938633058881817
-0.373081613938542 -0.347492550148639 0.0487668913562422 0.055262036960377
-0.51263777969626 0.00553280040606267 0.117612318713372 -0.116900561820296
-0.353425443077812 0.366829313149137 0.020042555409738 -0.127332354924317
-0.0336078250760439 0.396107903079867 -0.0660862761266226 -0.0435506450232792
0.146368466969636 0.308251919038805 -0.0322758970273585 0.0017827188582142
0.294692768933421 0.225415316900782 0.0119007293034619 0.0234840692891731
0.317793239469831 0.182354116585351 0.0593953698167246 0.00421360856321773
0.292790714882336 0.229817171438743 0.0682932524982954 0.00584460793296573
0.135385503748697 0.347286858539026 0.110323623593139 0.0296233766658078
-0.0674492543472613 0.387926348141024 0.105921478047532 0.107455447793036
-0.387562145476226 0.330944035966006 -0.0173627040427413 0.166235526269039
-0.514470758151188 -0.0417298894023768 -0.147745256262023 0.0493111364357166
-0.302240959807768 -0.412473839755102 -0.173249479815938 -0.102859218919248
-0.0942886922448705 -0.562996959444385 -0.0442955220622113 -0.107985574792514
-0.190209919512408 -0.486753323745427 -0.0565045390429113 0.277818640749099
-0.396343607555543 -0.303087765705543 0.129625040331565 0.158577126402925
-0.491409641905831 0.037669294057552 0.148622450671435 -0.106344999073957
-0.311360614506622 0.359049280037407 0.0076984810424891 -0.106733455071392
-0.0227387137601395 0.364322242798525 -0.0723600431684956 0.0329553357853353
0.129950470437088 0.284839052011704 0.0152667242322525 0.102101199226201
0.261878222713471 0.215839653797777 0.102059222811299 0.107029713700859
0.275856716047543 0.173510872883814 0.158806480007458 0.0757022702060067
0.244009745654037 0.214630603174461 0.158512095695699 0.0856285637373272
0.096541483266975 0.30647281627707 0.158738809578168 0.122631376222207
-0.0775338494684014 0.320848580763225 0.106245858066333 0.185200192178392
-0.328376791421292 0.259027100375828 -0.019706495770591 0.197900324707542
-0.427369812794563 -0.0393319483165594 -0.118518360830869 0.0816584776143563
-0.260545356041265 -0.353681448086193 -0.109528399389996 -0.00908446172475907
-0.105320485172405 -0.511175548698433 -0.0369046742939889 0.0828632113235871
-0.19398436818074 -0.378279873639684 -0.0445259623897262 0.442173354229017
-0.339107184657254 -0.210082030482883 0.19584052395087 0.257040705031323
-0.375497855054912 0.0534863411431654 0.166537751420983 -0.0720347562996705
-0.21166673809375 0.274509719875917 -0.000150653186268362 -0.0692457494885141
-0.013474341649774 0.262778335093749 -0.0667334657158902 0.102210037005865
0.0893051089220459 0.211653804068384 0.0605311597148336 0.18877586632641
0.185712817863194 0.171703818302478 0.179079407204383 0.17607093504951
0.191197753604277 0.139151534670411 0.235496471156559 0.135605349489277
0.158273833452295 0.168851621542128 0.221333064162513 0.148982299036989
0.0420334816678355 0.219969610240816 0.178592209001551 0.191364742928404
-0.0795516265052215 0.202803440243478 0.0864810122475394 0.229443762432167
-0.216282480997255 0.14257398262064 -0.0278796557941315 0.195647030605987
-0.266468888381902 -0.0348949702773257 -0.0895225100626009 0.0921303212569507
-0.174795725190196 -0.235590002971053 -0.0448240445850601 0.0570167654896585
-0.105479149377708 -0.377217972470926 -0.0161959817692923 0.232946437435411
-0.162826967782133 -0.208902888044474 -0.041003591334489 0.553930874666915
-0.220897556073959 -0.0836267687227464 0.233584744996769 0.336333452138088
-0.192738727084149 0.0558238795173801 0.175156465513168 -0.0239424249580817
-0.0783899618511231 0.140571805015329 -0.000171793713965503 -0.0334592275374014
-0.00552773201654768 0.112945456360454 -0.0557747908182793 0.144453426114465
0.0296135568494999 0.102273259699849 0.0907666924315819 0.244635057173644
0.0764894312815042 0.10013598732724 0.227185273846784 0.219500062937065
0.0765955360700047 0.0843407413657072 0.276185122035644 0.175318121447293
0.0520267516905766 0.101185774706195 0.249255880688816 0.188442821552364
-0.0128947104608645 0.108387836619836 0.169803744068504 0.227882739509622
-0.066000331955188 0.070624342647295 0.0550630583296221 0.236446777938669
-0.0837270564640925 0.0258995470973945 -0.0365617404391144 0.166805798607324
-0.0916978573606942 -0.0192071025870011 -0.0637416341284576 0.0867256893542315
-0.082993780164436 -0.0922722686429462 0.0108672270191039 0.0911660184173262
-0.0933920147133074 -0.19589155753411 0.0158954341879456 0.323195335995164
0.0675338832386267 -0.0401730632172883 -0.103521662710902 -0.330896263657422
-0.00257802434491254 -0.0660527938719775 -0.102408611752994 -0.130225968237823
-0.0662763724233049 -0.0117205477585484 0.0321360951755696 -0.0541542650646854
-0.0467021393638127 0.0694521530739373 0.0363548968144292 -0.112533209927497
0.031144146149158 0.0557699370950545 -0.0223540914255302 -0.192416832446618
0.0522978157675126 0.013375648457832 -0.14228385954027 -0.218367821691452
0.0555783515058038 -0.0165949906499225 -0.238987647546404 -0.176350496993614
0.0458369932679125 -0.015429952934359 -0.267653646232432 -0.162174542884482
0.039503538630711 -0.016557916998396 -0.242659076650417 -0.195275349301902
0.0286744734928808 0.00385944188120772 -0.120623065584967 -0.221112068003209
0.0126444191300246 0.029860210031535 0.0126065533508149 -0.164008440531332
-0.0410955236770054 0.0145593312245668 -0.0126194895512982 -0.0173419379403239
-0.0153011930914983 -0.052381049434823 -0.14572962721479 -0.0343856706508328
0.0746174923726218 -0.0276289059549165 -0.208841324430548 -0.29750185291093
0.0877765790134247 0.0430629053563362 0.0425012489925588 -0.582930237253191
0.0149306363942907 -0.204675470501079 -0.0951281376248553 -0.296362975792419
-0.0928991437607765 -0.170859002120025 -0.0983481852319848 -0.123008282099017
-0.199130182028192 -0.0262131532426882 0.0301520763966975 -0.0659040887739131
-0.15320618071539 0.153847288213092 0.0348609978390472 -0.10585926243814
0.00870435771104223 0.169094300625766 -0.0223188953415191 -0.170726330642252
0.0935627833577263 0.112434018467628 -0.125029513255883 -0.19666357940599
0.153748068118138 0.0583386030686119 -0.208690245881625 -0.159292131105408
0.160990374113718 0.0439022621214781 -0.225042815240518 -0.150759666352249
0.153931812051397 0.061774202109712 -0.203686891967099 -0.18077744856037
0.0904299315602377 0.128138406604221 -0.0831315790574225 -0.20354579707764
0.00311580420020846 0.170556719516515 0.0354522690060972 -0.135080227171043
-0.164829039898579 0.145721335153347 -0.0162149123918676 0.0097669751752046
-0.201945396975601 -0.0435408283221557 -0.164417346266148 -0.0373642202100029
-0.0596520270903808 -0.167710865402368 -0.236413584767841 -0.300566108398864
0.0290873454160447 -0.170046458453353 0.00135879246262089 -0.553760761145112
-0.0441063190866972 -0.345192385752031 -0.0888725328244353 -0.209257197771782
-0.188855647373933 -0.254906744005713 -0.0753490260642085 -0.0917990024301786
-0.321076988547615 -0.0267399209241637 0.0408228161706596 -0.0854734557777826
-0.241601297316225 0.234653110268878 0.0293918242849747 -0.110946306275007
-0.00923888089756321 0.26768384627965 -0.034802505433033 -0.141187960491836
0.125946438584702 0.198493902524455 -0.103682993296524 -0.151182096041617
0.232608908510089 0.125506968949809 -0.152262846936947 -0.117977391900097
0.252229039525202 0.0968784612666282 -0.148472795259528 -0.116188315920334
0.243574578890104 0.131211940437908 -0.130169527307925 -0.137832114499142
0.136640759744923 0.235423741310302 -0.0264733108256755 -0.151279586668369
-0.00968886862336146 0.290176672857432 0.0622343002741571 -0.077153958381981
-0.272595539027279 0.25895798596057 -0.015286580371045 0.0550385297426216
-0.367149395515196 -0.0306320050088685 -0.171161658871362 -0.018893463344423
-0.186758857581535 -0.288283100975672 -0.244362779841952 -0.260384237631816
-0.0309887211557475 -0.36047025316418 -0.0314857419327077 -0.452139459189169
-0.112015518188119 -0.444647390579911 -0.0797321148577438 -0.0757171185562563
-0.28991342895824 -0.305341426002465 -0.0269320174091678 -0.0343107263329657
-0.428066904783877 -0.00336482797934664 0.0658959406919496 -0.107779060616109
-0.300909019238556 0.316330672807569 0.0196329607176522 -0.121917304556212
-0.0139130995094931 0.345226127418962 -0.0530391946451816 -0.0972539291606562
0.148675434285747 0.261103944775606 -0.0736551310856157 -0.0817326831760381
0.280767077383077 0.173905759510279 -0.0743322323041372 -0.0553709172212842
0.305776193771145 0.134297753749089 -0.0489888809317411 -0.0637843228719106
0.292164389090397 0.180537647644125 -0.0343892106450907 -0.0738982726802152
0.158521716350293 0.305225289998759 0.0420619481961015 -0.072882032009714
-0.0238335552891781 0.366802733910181 0.0899737906664226 0.003975685733314
-0.342219943570319 0.332065274590428 -0.00986546124877729 0.109857346619903
-0.47604869853315 -0.0170189482932021 -0.160947487097801 0.0176605407033545
-0.277799527487946 -0.365721022778287 -0.224601996667676 -0.182147580867599
-0.0823962988915516 -0.486261945619818 -0.0485498093776215 -0.290128248603107
-0.168270410513121 -0.484452275756744 -0.0637393092901637 0.0902566901596336
-0.368170347120407 -0.311340683201072 0.0466826102161062 0.0467991336035618
-0.485230152758974 0.0336418292145778 0.0986766115899716 -0.1218961454789
-0.314044345246511 0.36902738854561 0.00722459896613511 -0.122113018064951
-0.00805838399159653 0.380789119273709 -0.0667862089924082 -0.035426435697883
0.155974797398669 0.286323285302431 -0.0311329986633418 0.00619545014561148
0.291753584207741 0.197481929790883 0.0161087814314671 0.0189651185954534
0.311572750124264 0.152486369422994 0.0580908131376101 -0.00165660374996992
0.291473019851193 0.201414104972634 0.0677073823788806 9.59074619240869E-06
0.148418208050931 0.323503092900694 0.109832135479156 0.0190121411172672
-0.040780812528736 0.375924388288108 0.111032243647007 0.0922740128975342
-0.349842704342181 0.3362982111997 -0.00452950593502419 0.159814448729012
-0.491296766457184 -0.0100178773747658 -0.136547844230521 0.0578578775035619
-0.305439201142129 -0.377350694246524 -0.174380584343838 -0.086446693061986
-0.117375914466569 -0.526678543731577 -0.0461113528685552 -0.0989934090837033
-0.203822275356186 -0.452204039365049 -0.0413465153418509 0.26538872874002
-0.387940745277103 -0.268533562412936 0.129114188561558 0.141090832864643
-0.463975597179651 0.0638478855202161 0.129353028616395 -0.114293356321817
-0.273947245918272 0.359100767238093 -0.00340173651458557 -0.103164279574516
-3.80690610333762E-05 0.348589993179759 -0.0681656815792553 0.0370587544889262
0.13898517009191 0.26532222188835 0.0191673389502229 0.0980562136392189
0.259752552173861 0.190338854481336 0.106128957348418 0.0930917051550707
0.270959756904758 0.147178569186786 0.156819160284447 0.060485723801271
0.24372261876791 0.188876007271466 0.157061800057506 0.071190313086736
0.108994316265734 0.287236848495982 0.160737466526562 0.105317153784726
-0.0558738872506104 0.311406902101734 0.11529989933605 0.166945588334027
-0.295389831008695 0.263721406743245 -0.00468791536340807 0.188999049853145
-0.406985010441673 -0.0122798886466793 -0.105666817477277 0.0863995078488818
-0.264263689429764 -0.322082214594618 -0.108685864273432 0.00051198426147859
-0.125794220652051 -0.47531322678588 -0.0293700923544928 0.0826895172977493
-0.201359637002312 -0.348719841595724 -0.0207928970393766 0.420275330841547
-0.331142565611342 -0.181593016112391 0.197288961803791 0.232484061398032
-0.352973029719689 0.0729051208400958 0.150200406136459 -0.0828365596892534
-0.184186877918237 0.27266500005236 -0.00887246111228292 -0.0682289925139184
0.00221892075398603 0.250492403897088 -0.0592613562329663 0.101438600632599
0.0965263267058054 0.197936104828589 0.0665135384442791 0.17781481959498
0.184836973974131 0.153355072624607 0.181693370894133 0.155339270041833
0.188688538822557 0.119554108220996 0.232725593723554 0.114621356847181
0.159605942570904 0.150992086624573 0.219604582469964 0.128498329553619
0.0520695944614117 0.207026811669743 0.182532728878269 0.170304990789915
-0.0644214253116442 0.198101113535876 0.0987405353389799 0.20959414223896
-0.195677924701267 0.14620008928078 -0.0122566900158496 0.186311520629833
-0.253118857993087 -0.0180929731702719 -0.0768790414669329 0.0946529573454774
-0.176077154348201 -0.21319619247698 -0.042685381911707 0.0597391390138862
-0.119108947277774 -0.349136188132361 -0.00217740709307189 0.224548316167247
-0.164163318358315 -0.1897024957396 -0.0121823492009371 0.530797986320801
-0.213014628763905 -0.0667736741343905 0.238724023580778 0.306254668230144
-0.179196991672559 0.0653524879908986 0.162903999985285 -0.037315608529228
-0.0646474624731641 0.137247454874427 -0.00621303226128454 -0.0350361778595412
0.000720762323855 0.106848935547286 -0.0471146921459864 0.140824805670776
0.0325631617657962 0.0970749955951673 0.0985532331884128 0.228752536762545
0.077448542743985 0.0911616611377817 0.229473378633105 0.196149608918156
0.076178238095664 0.0748414969968754 0.273346604726423 0.151176348374549
0.0554945627391961 0.093396857322519 0.247368556851746 0.164161891251069
-0.00649077225050141 0.103676055211953 0.174967762975047 0.205225486081765
-0.0592318089137467 0.0709070058361778 0.0683354325080233 0.217491061960314
-0.0770288791414783 0.0272429418855265 -0.0214881364723053 0.159545663872242
-0.0858784614675203 -0.0127587396748844 -0.052562734682773 0.0875577497696416
-0.0816758336555995 -0.0813855981177702 0.0122288276379373 0.0888683503389649
-0.0989394427351852 -0.177932026289239 0.0326220806413441 0.307941867210487
0.0503863211300296 -0.0486927436341369 -0.142924077505649 -0.291430870265547
-0.0151445792933784 -0.0598374342926789 -0.115021771168956 -0.110618303465603
-0.0640463074552392 -0.0032948904443207 0.0142932640971398 -0.0595009221476949
-0.034228827129603 0.0698998791438112 0.00750508632104057 -0.106447014214954
0.0322419033663537 0.047832578745121 -0.0501321863192434 -0.168386022884641
0.048224830946278 0.00742780133886882 -0.161295513370755 -0.181214199832028
0.0474866940507606 -0.0219126806496027 -0.246352355197784 -0.132680272913724
0.0397439560700004 -0.0188247166016566 -0.272206958325086 -0.114432792419352
0.0329121129732388 -0.0184406426834931 -0.257501277127626 -0.147310567768196
0.0255035352031414 -0.000456933879044962 -0.146813849350363 -0.189959933066443
0.014293670843845 0.0250239775124761 -0.0118576474881845 -0.155888208813962
-0.0374593298896149 0.0202136240082575 -0.00986402531255804 -0.0127646410617053
-0.0232762641887279 -0.0473299548451517 -0.138335984112506 -0.00578380922885498
0.0638295964610247 -0.0411110692188083 -0.239749676241106 -0.23853472926245
0.0860762489583777 0.0214718818160959 -0.0396895942372893 -0.545710264930627
-0.0138851975389011 -0.192405356811703 -0.131647764813513 -0.268978920752053
-0.108422205648935 -0.144526917888608 -0.113383044691416 -0.108872461224738
-0.18517051304401 0.000365221470016329 0.00104048126610488 -0.0726275533379486
-0.117905226363916 0.160767305716675 -0.00205364072148488 -0.0981141817058013
0.0276312448746019 0.153796941494097 -0.0490311293780092 -0.141033963741247
0.0989725242704313 0.094331125239703 -0.140909460018392 -0.158953980671291
0.147442590808491 0.0338374596476882 -0.212325201960771 -0.116726430349152
0.152198814363724 0.0216447714696771 -0.231294438583456 -0.108949133035088
0.148694581808271 0.0388647659014455 -0.220654194062846 -0.140088891389526
0.0993806419151041 0.107321630773996 -0.112070964467176 -0.179075523707442
0.0208737663086102 0.156099929159631 0.0141199901731483 -0.133826691579455
-0.135598176116946 0.157280374799993 -0.00847386785381748 0.0103257225829019
-0.192605210885712 -0.0183409399260681 -0.158835166783599 -0.00838916421275206
-0.0773038378661871 -0.153237164231851 -0.263317219208817 -0.235866213875696
0.00871767176418628 -0.169929916345412 -0.0721208926574382 -0.512393260419845
-0.0821767102532976 -0.312973621732686 -0.115711025765195 -0.196145611471327
-0.203952526176821 -0.209522618067993 -0.0918596383453633 -0.0871302925444968
-0.294518520685719 0.0147583234485783 -0.00152821914457639 -0.0939202072944479
-0.186434746514236 0.246260827036542 -0.0162618907585167 -0.10044074543517
0.0236912722393789 0.245905594847315 -0.0571270476210327 -0.10526156463683
0.139015298246821 0.169666964250338 -0.112421004677931 -0.115606188049362
0.228275175986148 0.084944998503308 -0.151031144758303 -0.0815382799513549
0.242030353354359 0.0590246328111912 -0.154156266303844 -0.0872216681044589
0.24093076026488 0.0913608519095452 -0.146867941829738 -0.110707381335886
0.156524537019814 0.201238421201607 -0.0536831294955391 -0.139844500745854
0.0223595101689108 0.269238660900556 0.0480176729440804 -0.0849990589251022
-0.220572540485554 0.27658355341847 0.000267458376573118 0.0488817502338016
-0.341616605994513 0.011525328485355 -0.164871354539641 0.0087090860070635
-0.208356603197564 -0.248777668938619 -0.261172236013452 -0.19819906889573
-0.0706266039559961 -0.336325117385076 -0.0865102543525819 -0.412488092908812
-0.152211551102627 -0.393312762073435 -0.0901256201631111 -0.0791816460715982
-0.300318108600744 -0.241535433103403 -0.0415846142407903 -0.0434481947710379
-0.387392631012129 0.0486657757989349 0.0102021590773551 -0.119866398818073
-0.229888641341262 0.326583725457611 -0.0338660358830011 -0.10726443803271
0.0298843633570297 0.316764811175189 -0.0677040776666664 -0.0574530103600676
0.169406224763264 0.224374670124591 -0.0738300349972122 -0.0521677124244527
0.279629421834569 0.122932098172154 -0.0679550577342277 -0.0305664681598083
0.29581487838289 0.0871122776651259 -0.0535937248247929 -0.0520011121241187
0.292696171155441 0.129735007468498 -0.0485529179961629 -0.0651447009557957
0.186775090400853 0.263652719594497 0.0216042712252046 -0.0768880745517584
0.0178012172406266 0.342635046275114 0.0870504900363388 -0.0155468496359575
-0.275593956989812 0.352793695579574 0.0142514203716671 0.0966817122073662
-0.440150116969117 0.0369807835330672 -0.150813774035763 0.0388429756713108
-0.302247041942499 -0.306555400446207 -0.22914954932782 -0.13023998225899
-0.131229783728985 -0.446021905590084 -0.0782359213044657 -0.260973294622576
-0.205577562574356 -0.42091712229344 -0.0521185752491816 0.0691437738043625
-0.371563956611482 -0.239325878653347 0.0359254005107057 0.0204414779640858
-0.434833777768236 0.0893689638236912 0.0333977229863627 -0.136317159633072
-0.232360576701201 0.376761512833164 -0.04921836328342 -0.104199200219427
0.039587413089714 0.347027666987866 -0.0716998281819085 0.00358689426864198
0.180036798106155 0.246724037424187 -0.0217315083598475 0.0247774585858348
0.292397931557474 0.142889467897502 0.0274299192139877 0.0280742820178932
0.303726547939419 0.102158696341926 0.0556673904363767 -0.00845125494883591
0.295640008851565 0.147119109419388 0.0582179627726624 -0.0112216730650194
0.180758623440949 0.281739014184234 0.0993347057532295 -0.00163434700220905
0.00434286784860807 0.352086185017371 0.120654574247695 0.0625373529650229
-0.282741972769916 0.358628316877596 0.0274758246659945 0.141050552077676
-0.451776633555204 0.0459597506078664 -0.121406495145329 0.0712129532842969
-0.329500548436183 -0.311391745285015 -0.166959904263271 -0.0494391442788229
-0.165875989498291 -0.477224414189147 -0.0498729287273633 -0.0846705130008888
-0.230532616979132 -0.385371435246912 -0.00601327202751801 0.229369445415163
-0.382131310068835 -0.196361124763325 0.126866618649829 0.0970730177673408
-0.410481693252665 0.11439965851911 0.0642403858423837 -0.132409777439868
-0.196119752559889 0.360691374926011 -0.053774581333937 -0.0847648021836049
0.0448406716882967 0.318149096080027 -0.0617910820662866 0.0691786911232759
0.162738753285195 0.229011166289791 0.0381009328485708 0.103359404430251
0.262628290376559 0.139218794529983 0.121736452181582 0.0853754551741952
0.266151945822898 0.102233654005691 0.156667602022986 0.0357404395824676
0.250083858536968 0.142887808338605 0.15365463725859 0.0422415922156839
0.139521173518825 0.252395414928862 0.161669254268462 0.0704658669736956
-0.0168122574491622 0.295030405419066 0.135702764589135 0.131452710842565
-0.241192462659915 0.284060221263205 0.0318033893761641 0.168633474138113
-0.373648365633171 0.0340818753995983 -0.086157950836662 0.0929879690262891
-0.280651253274488 -0.262509724844364 -0.0935373848669056 0.020541729699809
-0.167860472150832 -0.425068242067682 -0.0100019100274309 0.0818377576248182
-0.216367489778365 -0.289261543842807 0.0371888083211658 0.37472864590413
-0.3169429987753 -0.12543565539749 0.207601221272092 0.175593216269675
-0.309148335137137 0.108870833153135 0.0969002598979997 -0.104162701177177
-0.127385412182059 0.270611755439214 -0.0448772837901552 -0.0542175709697201
0.0360973582525259 0.228442785364846 -0.0424967405683555 0.120742323027779
0.115003658240805 0.1716190551294 0.091793162041895 0.167415260181204
0.189975594697118 0.114598189617901 0.199270182248486 0.130929298646354
0.187394823419636 0.0867840709299779 0.234587776839621 0.0752819688742128
0.167774121294476 0.117451492748723 0.222059227591458 0.0871002893173267
0.0766204939756935 0.185918009145267 0.193464705314462 0.127445727971493
-0.0364838912056346 0.191194591276566 0.12745056081236 0.173911990045535
-0.162662651373496 0.160129174175423 0.0233575576894761 0.169182095366333
-0.232502413789827 0.0125341341359145 -0.0560275528384165 0.0972415609407218
-0.186975202817355 -0.172875898183787 -0.0258723877795668 0.0652715590763217
-0.146174619425433 -0.305775953590157 0.0325901882305325 0.208949273604366
-0.162857809043827 -0.147462063715534 0.0632713103326338 0.483330955319359
-0.194160949411994 -0.0355931707275181 0.26201312313706 0.244041479895863
-0.152616806106179 0.0801761235673019 0.129312652045514 -0.0617243207287677
-0.0388181723876262 0.131153395428173 -0.0245526722510974 -0.0275300864036056
0.0161644389088185 0.0975694888882051 -0.0248593577066616 0.146369330321958
0.0443043318871446 0.0850901565119796 0.126109594057004 0.205698303367988
0.0838040164540501 0.0718474506283081 0.245624190923855 0.158087799678288
0.0797316070665877 0.058486233373085 0.277422014807273 0.103011364400267
0.0645060173307147 0.0776503003141778 0.254766248142756 0.116582782843519
0.00855474857170801 0.097756428201035 0.194178505668319 0.16120167464203
-0.0462103574950036 0.0726513506932144 0.0996308063197208 0.186898518851059
-0.0678254166872295 0.0344793201270306 0.00907587902863339 0.147688043229937
-0.078145747245327 -0.00111737590565161 -0.0321727445769685 0.0890319962714377
-0.0838948121190666 -0.0617003382444791 0.026415526137575 0.0828855541777253
-0.109418448506509 -0.148001171296495 0.0751023482637392 0.280668143092189
0.0477407717053992 -0.046257952303538 -0.126189886196414 -0.281312544008082
-0.0151303449440589 -0.0580875410720818 -0.105139857817813 -0.109983989418973
-0.0629269175142611 -0.00417355049750642 0.0117627104047528 -0.0582783546058167
-0.0339280374422963 0.0676943383288129 0.00538820015529361 -0.0980877950674783
0.0312532499956655 0.0477479845593497 -0.045269493447107 -0.156244806982237
0.0466964869633354 0.00752905017449907 -0.148149945025466 -0.172598393697302
0.0456347541729352 -0.0204616919921935 -0.229107924275664 -0.130029490000425
0.0388759130412063 -0.0182035026487283 -0.257282972057975 -0.114409710131563
0.0318117920917974 -0.0165825894205393 -0.240786505980142 -0.145525813811784
0.0239207346278216 0.00129935249287271 -0.134354500830053 -0.185247499249826
0.0129779504339325 0.0241741726700977 -0.00559184535845402 -0.148516662960107
-0.036678044735674 0.0199621237049149 -0.00507929516760205 -0.0104724840938467
-0.023125627312047 -0.0457819591583358 -0.128946020990431 -0.00379387011651294
0.0614384676301337 -0.039347980359159 -0.222288714452664 -0.229089701354195
0.0825332436393631 0.0209010928179006 -0.0256101901414941 -0.519690839614929
-0.00884806556248443 -0.18310578396846 -0.116974817484519 -0.259654005909262
-0.0997143519408209 -0.140802175781117 -0.10461966946426 -0.107646885061621
-0.176730686771845 -0.00334798994346352 -0.00168890330315005 -0.0700252763383724
-0.114177852582107 0.151926790523726 -0.00380415403576677 -0.0902876499349748
0.0244818801384204 0.148116177439846 -0.0437750758791359 -0.130460397628232
0.0931437035414041 0.0913454772048805 -0.128393552238007 -0.150624466523675
0.139364692770367 0.034541121013117 -0.196353345431995 -0.115457495325343
0.14491300744708 0.0221988078996263 -0.217543134647948 -0.109967876706963
0.140307795307624 0.0392946956566155 -0.205137600499055 -0.138515710007989
0.091647699758415 0.104744829316005 -0.10098990223766 -0.174804271589268
0.017187731264884 0.149193926403555 0.0182919957228396 -0.127772391079265
-0.131615192893081 0.148176057321413 -0.0045301206978261 0.0124644665175999
-0.184126614426518 -0.0209356084761558 -0.149544226069694 -0.00694542660213066
-0.0685910982186794 -0.149286578808984 -0.245697503306379 -0.227244768854105
0.0146688471817568 -0.16105706205201 -0.0574639675307879 -0.488529205999173
-0.0702243618142628 -0.29759448132283 -0.10505827194542 -0.190730630616658
-0.187702130489809 -0.205970573606622 -0.085778611304883 -0.0865291937747823
-0.279413060145077 0.00776858596394294 -0.00423152023001707 -0.0895024175861701
-0.180689108188975 0.231654020150009 -0.0169758695702587 -0.0929028492610769
0.0190404673573353 0.235323105188238 -0.0514173652017421 -0.0970136617993549
0.130094149849254 0.16458327418499 -0.102987421730687 -0.109195081147121
0.214453753308556 0.084582813443711 -0.138893305493788 -0.0821593630600617
0.228368445823933 0.0589900619572711 -0.144533303079886 -0.0879358436495459
0.226354248942346 0.0899946066786354 -0.135687680555192 -0.109808421190803
0.144661279428037 0.195201173663446 -0.0458913511699619 -0.137147396398308
0.0163893069038241 0.256406639069977 0.0499223320704153 -0.0818652776824039
-0.214163781144712 0.258234974581943 0.00292979431810042 0.0496520646510359
-0.32452799757145 0.00444769389653398 -0.156163993446273 0.00750242540898366
-0.189764060929829 -0.242523304060626 -0.246819535454463 -0.191281899514694
-0.0543435389961074 -0.320408454973818 -0.0731693208135242 -0.394685197950494
-0.133355641890155 -0.375985878465507 -0.0852098127047373 -0.0792512085096913
-0.278130708903122 -0.239266163051404 -0.0406637130817411 -0.0438058612283725
-0.367005939316377 0.0385390465822797 0.00541679567391505 -0.113497878440614
-0.221700722455666 0.306887083267074 -0.0336309897142053 -0.0998980750049192
0.0232768050062715 0.30247170689322 -0.0627243577029286 -0.0521178043370194
0.157152736129691 0.216776460045938 -0.0677856524097386 -0.0483842477017601
0.262772152120088 0.121453748204394 -0.0614633261435856 -0.0324087493424615
0.278496315140319 0.0860499249839574 -0.0495410618155736 -0.0523070591682872
0.274434026309931 0.127515094456192 -0.0426747441783151 -0.0643026414670371
0.172564081311778 0.25440320659474 0.0244642106916597 -0.076110644751833
0.0120611103971592 0.325812740659523 0.0847343501523747 -0.0162414717305077
-0.267709438110307 0.329375026984437 0.01565292281185 0.0943173520778591
-0.417511228878819 0.0272964560128523 -0.142680231908107 0.0359226148015253
-0.277054708000386 -0.299309403496762 -0.217107005654781 -0.124856382724196
-0.109930121385717 -0.424494557813574 -0.0676185427244223 -0.249598070380194
-0.183431944907874 -0.403500373832411 -0.053466860773786 0.0629323117387163
-0.344387443694981 -0.237804167067806 0.0308955178528831 0.0188405572652047
-0.41269550024723 0.0761567347483779 0.0280844583610263 -0.129287312763109
-0.227553705449713 0.352816018270544 -0.0483436236771414 -0.0975172041017552
0.0312634316437828 0.331474108662271 -0.0674351286601039 0.00486410959922165
0.166931080765754 0.239021281670481 -0.0199142713248527 0.0257531906865235
0.274773823830207 0.140666604081071 0.0277478132165377 0.024806041161766
0.284951090867416 0.10038997146749 0.0533387095232746 -0.00937590597487174
0.277078483903257 0.143234853454395 0.0574155395786723 -0.0114438101683232
0.165675232258344 0.270900740801121 0.0958597107734962 -0.00376839624567173
-0.00186755790289726 0.335274613491668 0.115011566275661 0.0577205499086996
-0.273836178831993 0.3339379637911 0.0270426806942043 0.13581537244021
-0.430065658201527 0.0354850751015065 -0.114701280710558 0.0668658909129284
-0.302444448710001 -0.304706709238265 -0.160267708358144 -0.0462101701491497
-0.141971500028188 -0.453282484323082 -0.0445341871667899 -0.080854157540276
-0.208211264681595 -0.370199268882952 -0.0136811499013987 0.21688958496912
-0.354565875654739 -0.198764876540578 0.114959200542249 0.0944598285781853
-0.389862745904324 0.102097367405307 0.0574431037471688 -0.125421581284892
-0.193526880331291 0.339011413368932 -0.0535351687527392 -0.0805805659724339
0.0368290281704788 0.303149606140091 -0.060381444509732 0.0662373332588747
0.150286474016488 0.221949286009708 0.0335872777845569 0.100756184297956
0.246160813061643 0.137954185370724 0.115284847777413 0.0807574804454095
0.249321539629773 0.100293818850875 0.148473314927582 0.0353559855677789
0.233676889161596 0.138565750845591 0.146128819846787 0.0416994945647685
0.127846076803924 0.242707371041537 0.153043934203359 0.0662869521310357
-0.0208231993156488 0.280559275629264 0.128709210068406 0.122206240062884
-0.232671232284362 0.262860114814299 0.0301162270674126 0.161197291004729
-0.353341713613959 0.0261846534530079 -0.0812537905229682 0.0870976369326211
-0.258889515587789 -0.256500046930362 -0.0912027416967906 0.0219529773233043
-0.145674822036634 -0.403267875884551 -0.0104064467679351 0.0780045136656984
-0.197292370898232 -0.27960334110157 0.0230314339332173 0.357404079593359
-0.295625217365289 -0.126807998717538 0.190766637389571 0.170413839023639
-0.293411025775949 0.0982424857289971 0.0891995326701588 -0.0987179553065784
-0.125191410455148 0.253497512942325 -0.0458651446782066 -0.0530827869641015
0.0291383767540082 0.216240462648343 -0.0442658962457954 0.115397721163361
0.105820359011776 0.166167348185137 0.0830686486148591 0.162003728630051
0.178015787207826 0.112843202199172 0.187709730389187 0.126467307586543
0.175246937781896 0.0848471850186454 0.221665480305249 0.074598048163827
0.156572546996183 0.11384825731846 0.209277560274962 0.0858009150095819
0.0688942339644063 0.17786228560571 0.182293503873102 0.121444844651259
-0.03831714320494 0.181534994729861 0.11949656220563 0.162526048359356
-0.156441188117822 0.147077792755762 0.0218923393592323 0.159803137025227
-0.218719094520302 0.00788561688595739 -0.0519113733251756 0.0920378676930303
-0.171041824049575 -0.167190306646135 -0.0275276354978428 0.0647708034700157
-0.129107263928011 -0.288979398383038 0.0279126751848369 0.199274966766177
-0.150177941005877 -0.143743925504637 0.0459298652128104 0.462488619913919
-0.181792180697039 -0.0384214351786668 0.242185295947745 0.236419490383375
-0.145170615528311 0.0746325050870851 0.120453476443492 -0.0586731691036248
-0.0380184363459305 0.122266647776955 -0.0272682398844427 -0.0281709697717274
0.0129094253097635 0.0914241946272946 -0.0286609211041934 0.139025101809808
0.0397835131068533 0.0828721488702707 0.114312002244023 0.199324291335485
0.077443904822803 0.069810345935926 0.230570668744622 0.154822849991641
0.0736004080336129 0.057173495554503 0.262085262085532 0.102739792466646
0.0594316753412812 0.0749825228732867 0.238853425344681 0.115470817273932
0.00564120002994536 0.0927969504980926 0.180768550214369 0.154371290878228
-0.0451653183231342 0.0683573796922123 0.0920014176126514 0.174571143659405
-0.0642286376577778 0.0290326810680826 0.00921316487193728 0.137918316475941
-0.0715874671389997 -0.0028419234731394 -0.0289376654740686 0.0839470764792681
-0.0760373282476849 -0.0589394498760117 0.0225946330799441 0.082326620873255
-0.0990594237047427 -0.139305897524017 0.0648553448048958 0.268330618564609
0.0478996131681352 -0.0442876535881562 -0.109917594441069 -0.281828298535849
-0.013348901103864 -0.0581800814048776 -0.0974773065198543 -0.1160011091314
-0.0642633290395551 -0.00583747710694489 0.0100978493568022 -0.0586349164396369
-0.0353544647387613 0.0678911532785737 0.00463588575458568 -0.093592658894827
0.0306808348816098 0.0500492058265482 -0.0390659854186366 -0.150599665577888
0.0467031322748486 0.00917498257896375 -0.137253413433391 -0.173260281270475
0.0457922598274798 -0.0195818418839225 -0.217883066182454 -0.135480490805106
0.0402269645040419 -0.0169809293872115 -0.248775183824468 -0.123752550913648
0.0321429800428562 -0.0149641494994723 -0.230309959682255 -0.154046332120794
0.0242001361192072 0.00311089909830815 -0.123371991785033 -0.189409795830592
0.0120866073132447 0.0247326108787782 0.00261752256718832 -0.147004571132951
-0.0378912954375434 0.0197449804781762 -0.000851507499519162 -0.00907164626203107
-0.0228228758113026 -0.0459976947690756 -0.123748141660163 -0.0050876861737785
0.0622072837042484 -0.0383509664541132 -0.209386758453612 -0.232193041885164
0.0815532788784047 0.0224643585969826 -0.00385499261663669 -0.51323531594563
-0.00088089208564681 -0.180386791803256 -0.102835641514435 -0.261223877023608
-0.092681186213821 -0.14427846507811 -0.09866630869586 -0.113456401731591
-0.17494245235368 -0.00979208621046838 -0.00307383137288246 -0.0694977962153201
-0.117887333773482 0.147908420255715 -0.00354944399780421 -0.0859523197303864
0.0202026395026866 0.148412030199572 -0.037834729384106 -0.125988536026941
0.0894181442148108 0.0934578702773466 -0.118135249618021 -0.151259387615979
0.135836662849103 0.0380405091966792 -0.186336179362282 -0.121562644097857
0.142169401457123 0.0257199833737929 -0.210148866125137 -0.11778220555639
0.136515606829628 0.0436319285473376 -0.195258467820747 -0.144713430665077
0.0869068576348607 0.107521089091241 -0.0909272018441953 -0.178755010247488
0.0118288693600788 0.147898981461308 0.0257326230307807 -0.126183748990755
-0.135868753199107 0.141530115857318 -0.00136291201576449 0.0149141288405554
-0.181301934687629 -0.0276729342265148 -0.145184093870699 -0.00917715359546794
-0.0605289213366859 -0.152191276787975 -0.234246142763239 -0.230455359702956
0.0236523476767935 -0.158702752209078 -0.0356271025576729 -0.484457488665142
-0.0554517614867909 -0.296033142013774 -0.0950567171013235 -0.193423284037622
-0.175224030562321 -0.212501458906607 -0.0823854262200882 -0.0905562633576843
-0.275728828885923 -0.00331475199856274 -0.00643433927295851 -0.0879321616812209
-0.185878087022358 0.222417288933904 -0.0161382222568345 -0.0884883626627562
0.0116838225616835 0.234160969436639 -0.0454831669105191 -0.0939368641902003
0.123314380604041 0.167020999801859 -0.0941044808017582 -0.108954543590224
0.20761986034238 0.0907765428241498 -0.130640916441351 -0.0875852735670422
0.222854217215338 0.0651678601903155 -0.139442043675333 -0.0938497473051704
0.219047734124001 0.0965395340716418 -0.127733008365889 -0.114446271989001
0.135621407235218 0.197953605547121 -0.0379688796250395 -0.139912852201135
0.00767448483362848 0.253655508050209 0.0541703165013434 -0.0807892784964303
-0.220619168612942 0.24693351153688 0.00459473427794152 0.0518196797143879
-0.321293834105836 -0.00740499923429944 -0.152346166262899 0.00503849358398409
-0.174372645341112 -0.2487291064277 -0.237230466105311 -0.194958611140755
-0.0355829843749192 -0.316724984600035 -0.0553920189938942 -0.391913937049959
-0.11392026835491 -0.375319397426165 -0.081849619400428 -0.0822254111699074
-0.262058124911569 -0.25035841421398 -0.0402996537290104 -0.0458099925831859
-0.362514760550319 0.0219209297582646 0.0042592373099664 -0.110671361958318
-0.229467972123374 0.294765840369017 -0.0320511360777203 -0.0966415457455722
0.0122308104937363 0.299894826805769 -0.0583648850004088 -0.0505912288637498
0.14732346113399 0.220110720621312 -0.0626063344016021 -0.0476393367369064
0.253457646000899 0.129090781404547 -0.056460308750451 -0.0369819517791051
0.269924391848605 0.0927803705405094 -0.0467100423190891 -0.0558977681138708
0.264601211074666 0.134653825678398 -0.0377388741537494 -0.0667043068504129
0.159781663955127 0.25709284142866 0.0285860273600501 -0.0777358862533613
-0.000763927157381357 0.321074180484493 0.0868497904615011 -0.0153465853474554
-0.275491883789144 0.314033244915139 0.0155209425828084 0.0957544427619029
-0.413081790731007 0.0121031863830781 -0.14054050558437 0.0326916425453315
-0.25811727667761 -0.307651552466306 -0.210917545541789 -0.128062828253503
-0.0862130308617643 -0.421001870794666 -0.055717307994264 -0.248319545170994
-0.161127666492212 -0.403721589519052 -0.0575500385892579 0.0597136988250025
-0.326931780603572 -0.251612983747181 0.0269006934372051 0.0193540174775272
-0.407798715462109 0.05960023750502 0.0262274100099222 -0.12562400614299
-0.235982470090874 0.339409408592387 -0.0472072592487448 -0.0962900503064475
0.0189057403246582 0.327560206476596 -0.0658152753899648 0.00479245148941172
0.156094973156095 0.242517270853617 -0.0194036625710502 0.027109960075369
0.264215283774055 0.148803729568569 0.0289657160165756 0.0229754425772254
0.27574397663177 0.107849307986353 0.0533493936503904 -0.00927779222644244
0.265354202980051 0.150070769961753 0.0589066241578858 -0.00980211426256499
0.153118003064877 0.27383990809653 0.0964041492012555 -0.00391078383406638
-0.0136631985220834 0.330394346471017 0.11359931574714 0.0576768652341082
-0.28133443662931 0.317113346116689 0.0256433591073856 0.136530857869489
-0.422912815057591 0.0187022783788946 -0.113657591503278 0.0632118651511362
-0.281069588655552 -0.313819049795185 -0.158040121449444 -0.0481552025806201
-0.115862258536071 -0.450224221719751 -0.0398233113460192 -0.0808181137463406
-0.187177914757396 -0.373056444249057 -0.026154545780198 0.213525524148405
-0.338429067569144 -0.210682252327939 0.107004529020813 0.0974446264544379
-0.387034169966165 0.0856395625840542 0.0554434786602138 -0.121609697332926
-0.201425001779827 0.325561416651935 -0.053373855269508 -0.0805925764882113
0.0241503439796252 0.299485099603199 -0.0616621686702351 0.0643075375759127
0.140210146342492 0.225058532364104 0.0299452868501831 0.102757147463886
0.236344146602127 0.144512147899577 0.112091458911217 0.0818731493660837
0.240901274991496 0.107039839787441 0.145303734257917 0.0381139284312465
0.223943079290587 0.144218779732225 0.143710756461518 0.0452112144538059
0.115789749367428 0.243840033364793 0.149431586413431 0.0673408457731776
-0.0303849698425587 0.275739694215868 0.123581626707949 0.12095479015477
-0.238589406001307 0.24825232622433 0.0276815875286197 0.159689681687091
-0.346644605180719 0.0129824748964027 -0.0812487246837338 0.0833738406390223
-0.239877895841781 -0.262815410654077 -0.0925076171181238 0.0218164005086717
-0.123615755525788 -0.400689005934396 -0.012362222204774 0.0767893325247463
-0.180053103881162 -0.282617428579204 0.00404190967140843 0.354176262002631
-0.283757804888032 -0.139004769875229 0.177952439005562 0.175906699898318
-0.291343868235794 0.085663469691289 0.0865048978827939 -0.0947875612174782
-0.131684378987537 0.2435724752138 -0.0467421536537917 -0.0534068537925693
0.0198400425585905 0.213317627221101 -0.0490205931401879 0.112949948304981
0.0983465708840525 0.16834225147729 0.0755109803605463 0.164898194968145
0.169883968530816 0.117628061385125 0.180598125887649 0.130233813716047
0.167957991160715 0.0891719992276539 0.216399808701955 0.0801551410432064
0.149148339906596 0.11715527901583 0.203821759110242 0.0914997397177377
0.0598322086971508 0.177900494580913 0.175483369960504 0.122878954253591
-0.0442363630975292 0.176792342437824 0.11162787511763 0.159605683240173
-0.158931444167652 0.136243758041431 0.0192111336509258 0.15716556308546
-0.212608096883015 -0.00082703589577244 -0.0521904415108933 0.0883692187353543
-0.158745147010233 -0.171102398130681 -0.0308750488943872 0.0664804211335377
-0.111565723234231 -0.286941761315527 0.019836530815848 0.198058740050777
-0.141148415952991 -0.147565349366004 0.0224237970366445 0.458842040539647
-0.17641678985625 -0.0457381685463965 0.22703985355266 0.242546284809897
-0.144198055931584 0.0685402056576536 0.117130058442892 -0.05563308437539
-0.0412929670465178 0.116986141150599 -0.0299147321185763 -0.029907837569014
0.0081074103497771 0.0890249384271408 -0.0355158058432157 0.136392915567209
0.0357693405403418 0.0833823954670675 0.104311245520062 0.202254991130845
0.0732043251056081 0.072002364154692 0.221068236254204 0.160608780772848
0.0689801431065177 0.0587997397695978 0.254416963889258 0.110797624457311
0.0553342668716336 0.0753471478324154 0.230828619634616 0.121916489786376
0.00143155546282587 0.0913999735995764 0.171970736454961 0.155779227986027
-0.0476293445354847 0.0649106492656448 0.0840902473511858 0.17084614676548
-0.0641737886362728 0.023488803702872 0.00676657772644086 0.133934374804969
-0.0681108960389588 -0.00560217218848861 -0.0282542691208804 0.0812013685271023
-0.0702073965347207 -0.0595189547393239 0.0183113731499631 0.0844923420891453
-0.0899093172484302 -0.138415978568134 0.0533110879902336 0.267158361871786
0.0497374075634425 -0.0441561426316519 -0.0996052138195506 -0.294733315458485
-0.0130653511864653 -0.0604534701693807 -0.094932191967713 -0.125785395976802
-0.0678619894591188 -0.0061895315145166 0.00801946898381095 -0.0609784573758083
-0.0373304364054433 0.0705447973689719 0.00357598075416056 -0.091319005638375
0.0324163637442845 0.0534803287334775 -0.0358672479319818 -0.150844784736307
0.0490001705138433 0.0101243938630997 -0.133319778734187 -0.179068404702564
0.0478701237509713 -0.0185948988261279 -0.217051488348617 -0.145616923105849
0.0428358860832119 -0.0172077694834285 -0.252011220227341 -0.133967581993571
0.0337457807307673 -0.0145109677478168 -0.229727968116793 -0.165519716047694
0.0246390878605437 0.00479389635917248 -0.119587880231928 -0.199928647405767
0.0115631366086882 0.026156795617183 0.0100569118727993 -0.151194624116314
-0.0395447647207287 0.0207381756672103 0.00346962986722274 -0.00732774230409265
-0.0245866193828982 -0.0473876382148979 -0.122269869840923 -0.00562271841951115
0.0645474203843077 -0.0394888617473355 -0.205989884790895 -0.241731355298866
0.0835753706282426 0.023651593428806 0.0106228282794445 -0.52593675326093
0.0056023434605799 -0.184695355252126 -0.0950025176290625 -0.272698668834999
-0.0905119065183024 -0.15189571604722 -0.0969491030889267 -0.122190640162967
-0.180270715088679 -0.0141199644519457 -0.00571141756696401 -0.0713597141136394
-0.123822647661974 0.149884080190736 -0.00416426550827381 -0.0835475513769869
0.0182097515207667 0.153882041835793 -0.0332435868061149 -0.125207993692866
0.0900992019161818 0.0982380436896067 -0.113357256739975 -0.155321516512379
0.137522478132452 0.0428264545594839 -0.184219590983388 -0.131253774053153
0.145049790961336 0.0289689166005742 -0.212263959658515 -0.127768060187124
0.138178716038982 0.0482893078182098 -0.193684097309879 -0.155895830279677
0.0856485034958062 0.113193660300387 -0.0863244214114573 -0.188761156361168
0.00787463271330465 0.151897602148245 0.0331894129076645 -0.129622423226643
-0.143584364365042 0.141822480790408 0.00243340250925311 0.0179092626508811
-0.1863977200142 -0.0334017851173378 -0.145863321378668 -0.0103838172122687
-0.0551769606663835 -0.159956583305624 -0.232674284305289 -0.240613557260998
0.0320221058438401 -0.162629225351084 -0.0223438530003894 -0.498739834704307
-0.0456466356594033 -0.304307244182469 -0.0911208858579118 -0.202102420811678
-0.172242887139961 -0.225192995157364 -0.0813285454804476 -0.0974321878225462
-0.28255007615477 -0.0116205154598896 -0.00923045181957662 -0.0898306361288898
-0.19614818585081 0.223728828458045 -0.0166759039883858 -0.0874040059100731
0.00626281970723847 0.240454034968288 -0.0424142246867569 -0.0929852752961351
0.122339806741044 0.17461121460641 -0.0901591321914771 -0.111867489338216
0.209589022621131 0.0986092493938258 -0.12858154957603 -0.0948785855899858
0.225948978806041 0.0712232923761597 -0.139983021304357 -0.102029888915323
0.220750415286554 0.104690824335838 -0.124608448829601 -0.122731070910944
0.132527409768245 0.2078603246293 -0.0331415894682101 -0.147636066063277
0.000750653010992728 0.259909625196329 0.0616141691849347 -0.0827963104418257
-0.233723812029346 0.246174884765567 0.00806193973209279 0.0561213308267327
-0.328436698584015 -0.0174141896843923 -0.15479898791243 0.00357340410709897
-0.168213286035483 -0.262939270931353 -0.237996966741044 -0.203158183734547
-0.0222951736051138 -0.326101143565052 -0.0433299812484817 -0.40476155600352
-0.101598503661965 -0.386684283980594 -0.0823926262439392 -0.0872549269299651
-0.257469785265752 -0.267520424588188 -0.0415828205969688 -0.0489170733700551
-0.370386407027709 0.0121637968622571 0.00207189439421713 -0.112160513260857
-0.242946075607827 0.29570864325832 -0.0332847573747713 -0.0965432053697251
0.00430321789166363 0.308265476495187 -0.0566891102312703 -0.0504094690383417
0.145996913165784 0.230219722271889 -0.059870813007547 -0.0479123291416578
0.254525780419009 0.140020308419757 -0.0538182014873848 -0.0418584913144763
0.273406161234613 0.101248249393471 -0.0457771845296162 -0.0605876291072802
0.266170804358014 0.144429017484852 -0.0340815800114357 -0.0712217098114424
0.156018293816292 0.269327958343203 0.0333115113265456 -0.0830877417843379
-0.00912901594600003 0.329130399647963 0.0922985567205854 -0.0167347411705902
-0.291780563785597 0.314339144168445 0.0181338873377902 0.100966853203799
-0.421964474216445 -4.94675093638628E-05 -0.143880305485089 0.0310954178113579
-0.249755621745092 -0.326877351782837 -0.214288269755448 -0.133693982384204
-0.0701147152159121 -0.433721156724355 -0.0490055382058301 -0.256117081395996
-0.149280510181847 -0.41791087007342 -0.0634036386153451 0.0596557046182054
-0.323562026082422 -0.270695447949935 0.0248219796728783 0.0207047125244385
-0.417910317235158 0.0476087199300683 0.0248118451437539 -0.127071556720858
-0.249785995870179 0.340469403461059 -0.0489712062992971 -0.0974786342804488
0.010015420719293 0.336863482182234 -0.0667766839583732 0.00512862482966234
0.153570363061585 0.253016587498206 -0.0191848956492972 0.0295059547249712
0.265332806394097 0.159335478590749 0.0309782332780634 0.022028546912238
0.278434714769372 0.116588826223117 0.0557554539256057 -0.00998652732032967
0.266261253199211 0.161280511409329 0.0625742303166805 -0.0103287669915121
0.147998233354859 0.285040795470262 0.100219141887923 -0.00502867162649048
-0.023507471910287 0.337600882088083 0.11666328179056 0.0583844643093519
-0.297523237467821 0.316174967921853 0.0268979604511304 0.142126485972261
-0.4320863776999 0.00747290641252213 -0.117331288563168 0.0622132655657249
-0.274540361003331 -0.331557223442836 -0.162148755707228 -0.0496996252186953
-0.100463409193322 -0.461819511285661 -0.0371776866404567 -0.0835550397073141
-0.176713949037496 -0.387546819605726 -0.0370524452992175 0.219437833816819
-0.33773219619212 -0.230101752015714 0.104141776716398 0.103336936154293
-0.396978783165173 0.0744308367902827 0.0554385392925337 -0.122739273019325
-0.215358690945057 0.326029208714004 -0.0560452262711613 -0.0826045588744393
0.0145349747145011 0.306733464665584 -0.0655471745552019 0.0653232130755905
0.137301308752372 0.235366799023315 0.0286381916116879 0.108449067581877
0.237358972123245 0.154825028301133 0.11421461643612 0.0855586846392235
0.24201768613181 0.114881127029751 0.148447101125931 0.0414815332326048
0.2237494593579 0.153649915928867 0.147787446143089 0.0497068694574079
0.11034122419305 0.252949214059796 0.151644218021112 0.0695342935926584
-0.0385210384696147 0.280940807306327 0.124419703537795 0.12250778216947
-0.251977807065817 0.245069248077004 0.0277476965891273 0.164727070636928
-0.353503994229085 0.00241739329118932 -0.0839042876971132 0.0837581037809327
-0.233023004326593 -0.277256118175189 -0.0971233796288939 0.0238350600699666
-0.109017567256145 -0.411562527484225 -0.0144961476991738 0.079351184333514
-0.172883852725626 -0.295212641988894 -0.0104847549022696 0.36437835749673
-0.284675209247058 -0.152587513019024 0.175295149193973 0.186096701321032
-0.298739134405819 0.0790460001081422 0.0864839246430137 -0.0956543548289746
-0.141789117183534 0.243558867077968 -0.0501358455413209 -0.0564130361999251
0.0123529676089652 0.217978678846721 -0.055067843240143 0.114836777564968
0.0961655435573017 0.176130913865289 0.0721408958042015 0.173571498284669
0.169960562363522 0.125291747840969 0.181776882740359 0.137616431160416
0.167968147049208 0.0956319069032546 0.219922132864648 0.0877714873609786
0.148032976331207 0.123622889688862 0.20702310433265 0.0989480854176169
0.0557004756254304 0.184120157172993 0.175938069646592 0.127411663047244
-0.0503498136901638 0.179142994972454 0.110526467838957 0.161921470962534
-0.166467480809581 0.13263827171963 0.0188884700499968 0.160044868060058
-0.214652462897876 -0.00736735063836248 -0.0537646135634229 0.0891661303864017
-0.152303040993868 -0.179409569098748 -0.035197584035931 0.070312488659781
-0.101231292362697 -0.294612207787431 0.0137483362704697 0.203956102472574
-0.139095727140592 -0.155932408001594 0.00698095849573632 0.472311773431203
-0.178473948192299 -0.0530051333201212 0.224037593486013 0.256114456823296
-0.148081248096048 0.066348397687562 0.117707541632955 -0.0553142481489215
-0.045056517145585 0.116403623526758 -0.0338818039835595 -0.032439230245567
0.00339990295518122 0.0899749343949205 -0.0430974610995815 0.138788446351423
0.0341584959584176 0.0873425981296656 0.0996644702841079 0.2120478098397
0.0725031264817068 0.0757973402044584 0.221560807198888 0.170994650339441
0.0684054305018977 0.0622969060967067 0.257426082485326 0.120449395980553
0.0534748993886985 0.0777188787173052 0.231815904792983 0.131410206943702
-0.00263598831895397 0.0935962815939995 0.170606928838884 0.162108801508466
-0.0507920225538556 0.0648242732214777 0.0805163790408596 0.1724658284923
-0.0666168475001638 0.0196048233602628 0.00615252674274587 0.133675408168799
-0.0665174190177222 -0.00784633096260465 -0.0277918117005103 0.0824679760970827
-0.0667105150052007 -0.061719914178396 0.0148301523536668 0.0898678975681494
-0.0851113018306592 -0.142073587332949 0.0454596820099053 0.275539639069795
0.0511760877098613 -0.0470078372896519 -0.103033131338839 -0.310035909197942
-0.0145456233430403 -0.0638296287923244 -0.0998497126792478 -0.135940484865878
-0.0728867873861657 -0.00462589768781577 0.00329906710738167 -0.0649209761417174
-0.037173826509234 0.0763649956933151 0.000143526810356769 -0.0910252858328327
0.0366456863736067 0.056497038485735 -0.0378903226260091 -0.15269974623167
0.0528188541637267 0.0105496074711892 -0.138146196871937 -0.185086128489289
0.0502337951598018 -0.0201542328859424 -0.225676808530973 -0.151655115098093
0.0455256913649513 -0.019522750588145 -0.265811076149299 -0.138729654079303
0.0359630400880713 -0.0154990837703993 -0.241175197451896 -0.172729816549236
0.0265688387504541 0.00549593768521092 -0.125330226570706 -0.211040730344297
0.0128620840011345 0.0272928451940433 0.0124728040226117 -0.159522731734631
-0.0415865645081907 0.0231343318642149 0.00837497781998238 -0.00611247932283474
-0.0286040732514955 -0.0492654787461482 -0.123828047539353 -0.00221063777126129
0.0672278060410003 -0.0437729252565618 -0.214759057385545 -0.249364668308933
0.0882847419160206 0.0224597127584325 0.0101845200822577 -0.551461935005031
0.00590729309011466 -0.193921289017656 -0.0992136610618395 -0.286400463737186
-0.0950575123455652 -0.160089668373173 -0.10206587833959 -0.130006954573596
-0.189687535167463 -0.0127719822818521 -0.0108993151390244 -0.07418172327229
-0.127303906894005 0.159448436466446 -0.00780627946825567 -0.0827103743425216
0.0226774354228368 0.162069609609806 -0.0342241710225043 -0.126501402959519
0.0968862956920516 0.101985379400627 -0.117066060944748 -0.160637310585328
0.144480712456849 0.0438584037743935 -0.190728719396883 -0.137449464581112
0.152622619479513 0.027860919459735 -0.22398709059611 -0.133963392771874
0.144961601382456 0.0497528892686897 -0.202025391669703 -0.164119851169771
0.0907858772347527 0.11969197199882 -0.0897222665322671 -0.200234437354301
0.00928071049244142 0.158646386202683 0.036800662749884 -0.137508819004319
-0.149457578506106 0.150691104049144 0.00776195253392387 0.0215288215968655
-0.196614014960442 -0.0335056423905977 -0.149953383699522 -0.00652406275750263
-0.0575360981496171 -0.17093548905682 -0.244728389814732 -0.247617989029212
0.035033666065675 -0.172075728902755 -0.0235228534738396 -0.521716993770865
-0.0467820414179847 -0.31772662177084 -0.0958903491357049 -0.21195766318779
-0.17930246496924 -0.236957552491391 -0.0861327811650101 -0.103382721189269
-0.296055362190254 -0.00998343432488294 -0.0145044766527679 -0.0922037808621336
-0.202942342902985 0.236846049806828 -0.0209399639384932 -0.0866632070687561
0.00972498806195959 0.253149261881061 -0.0424300531472435 -0.0934236000685326
0.131099136074536 0.182084305505113 -0.0918815708563386 -0.11478684823306
0.220174643369374 0.101412456590609 -0.131875621840243 -0.101298946810132
0.237041937738796 0.0710430824230607 -0.147658038807105 -0.107502383067207
0.230983908289882 0.108009530938905 -0.129409445148426 -0.129926238135626
0.140058868282619 0.217833494735628 -0.0347114374681407 -0.158499928588817
0.00256793935303177 0.271800989058379 0.0672808579850115 -0.0897273359780575
-0.243511828954571 0.260068947869869 0.014055934154782 0.0613772710699448
-0.343756977422983 -0.01573683313925 -0.160793017522292 0.0073337332671057
-0.174885687668205 -0.278469647386719 -0.251300365841844 -0.207475219052087
-0.0214822716799708 -0.342002041287679 -0.0470230218180066 -0.423890641224759
-0.104360818348505 -0.404499024906825 -0.0873487979530312 -0.0908828282046479
-0.269293158690704 -0.282312087709681 -0.0444576842716854 -0.0520683116976533
-0.386845178886752 0.0144135239979041 -0.00423287195686977 -0.115404175992136
-0.252456878090898 0.311646167056365 -0.0381098172562393 -0.0972405389310605
0.00680371205136779 0.323745341060112 -0.05719297879256 -0.0496037076757014
0.155429456997645 0.240466908109522 -0.0596205146250448 -0.0475892189952473
0.267804477394384 0.144263118711652 -0.0540757569675748 -0.0461159238488102
0.286246096673269 0.102658142274502 -0.0485648581665447 -0.0650260546602536
0.278801324312891 0.14884424086978 -0.0344084018216399 -0.0768755683782319
0.164597491688006 0.282378477655302 0.0352049576466176 -0.0910739219136585
-0.00730055172782662 0.344120160950424 0.0991361991196146 -0.0214424870828185
-0.302705506589836 0.32959105734648 0.0251574098935494 0.107764581177156
-0.439957636812208 0.00142491328529093 -0.14969479193802 0.0363771406386132
-0.26030394629039 -0.34494805955873 -0.226008314050053 -0.133654528220925
-0.070906343955425 -0.45366764751199 -0.0510901781359895 -0.267664233634831
-0.15459305910775 -0.4351779808154 -0.0683600022009897 0.0636227143824923
-0.338792771261946 -0.285362998190597 0.0245609749868971 0.0214796313505675
-0.435622757088229 0.0515997263736802 0.0196657111444263 -0.131847763990182
-0.259627835155294 0.357013075323152 -0.0549651525812963 -0.0992233680517985
0.0122015371582469 0.352636956892896 -0.0684117949382436 0.00813714369798135
0.163271588718329 0.264516510677396 -0.0170647015677189 0.0338061828940915
0.278357081650034 0.165685367778951 0.0352461822782757 0.0196575801237961
0.291134957615937 0.118712831030359 0.0579419751923596 -0.0126956753488744
0.279282319289562 0.166953881318081 0.0678263276677281 -0.0137013548297259
0.155992858421776 0.298634831045456 0.105791033478165 -0.0100437800315435
-0.0214817330574804 0.353062734961039 0.124509451392351 0.0558973470623272
-0.309596727008737 0.330664776060464 0.0344928902079591 0.149389295599377
-0.447938633486456 0.00885544001776306 -0.12146176735496 0.0677817709081265
-0.284136049183355 -0.348559592310691 -0.171331390250575 -0.0453154036571477
-0.101737147708517 -0.484304868800582 -0.0387811980755943 -0.0869926815322312
-0.182934274165762 -0.403287263212447 -0.0403224684858062 0.231390560738681
-0.351774236850884 -0.240677170431466 0.107637914443562 0.108226219383929
-0.413081891525141 0.0796988337956048 0.0516972008962334 -0.128659593734715
-0.223995872826942 0.343442873705932 -0.0630551828902521 -0.085488821864738
0.0161263457408411 0.321264495098892 -0.0680993904625026 0.0704731752113055
0.145744728877518 0.246150600788666 0.0321651875265823 0.116187206872884
0.248432129962255 0.160870798554843 0.121628613076514 0.0860207025771844
0.252853700337056 0.116805357183373 0.155352943349254 0.0413440498053778
0.234059324362106 0.158860708406855 0.156927430544687 0.0481582896090491
0.116579548407963 0.264837389984435 0.159661238677891 0.0680288987110197
-0.0386468565716138 0.293423311432759 0.132127884713683 0.122949092512356
-0.261974589932429 0.25650388340221 0.0351036954668919 0.171826074415054
-0.365412608926397 0.00498108735013683 -0.0861960613996143 0.0890332070812059
-0.239727109895128 -0.292464935448531 -0.103201241108106 0.0308290380241235
-0.11056814284381 -0.429366670371595 -0.0144674655793905 0.0833368326073489
-0.179654062855242 -0.308152327772819 -0.0117758331346863 0.38441018596578
-0.297616500208537 -0.160468541659652 0.182840793948242 0.194917056895731
-0.31005637624061 0.0843057038111714 0.0857733480968994 -0.101649565793598
-0.146186891852575 0.25403393610371 -0.057853823056218 -0.0591490750275909
0.0117339123796874 0.227447389624298 -0.0587894850990381 0.121194590658647
0.101434293342457 0.184269868012954 0.0765754262740224 0.183501231024426
0.178102241022955 0.130428794468951 0.192376625960608 0.142194327187576
0.175628563196734 0.0978298982018868 0.23030589825348 0.0891848200544492
0.154821526623192 0.127870854789139 0.217531890744984 0.100837788084796
0.0580536509827142 0.19220361724277 0.184231090788246 0.128589580250554
-0.0516419394171809 0.187512148366874 0.117000801448345 0.163805439657079
-0.173480059845216 0.137504169841081 0.024894124052444 0.16486391987404
-0.221071016272471 -0.00729058236828326 -0.0538953475772623 0.093690306005806
-0.155660343691241 -0.187382848595095 -0.0377303907666061 0.0782607356797708
-0.103535265451119 -0.306405169421622 0.0154416889651399 0.214853991418399
-0.145452901336794 -0.162942483652557 0.00564797387486588 0.497149059013011
-0.186023137298626 -0.0552409637660333 0.234555178893011 0.267259305481342
-0.152806018447221 0.0701543281391969 0.118832299410969 -0.0605905786750893
-0.0463478247597352 0.119886068459566 -0.0409071158050695 -0.0346790710075315
0.00132477047297554 0.0936502609555645 -0.0468749785196359 0.146616809968939
0.0356997264994325 0.0921569924106683 0.104573128042445 0.223164919489815
0.0756446020506444 0.0793197157612434 0.233263979775916 0.177785192385134
0.0705997504969756 0.0649652421802432 0.271064269588814 0.123598165355988
0.0558973518114063 0.0809551467661247 0.243131980029402 0.135900125619444
-0.00279202537716739 0.0982319470727022 0.178623426909865 0.165744201584238
-0.0533849351562341 0.0671334509531505 0.0844145796518877 0.174967176320491
-0.0694642007598941 0.018480500060893 0.0102232854124315 0.136640459249485
-0.0665762765246403 -0.00943369139077887 -0.0262647109222846 0.0858829788156562
-0.0665589622051245 -0.0627237663920243 0.015143142088575 0.0969544034567672
-0.0872475845818638 -0.146079804101646 0.0480361907548613 0.289414329150129
0.0534813230422137 -0.0405230876974062 -0.0422836538133104 -0.333657247432918
-0.00653739761648473 -0.0664058328523889 -0.0786808102127285 -0.162073885027437
-0.0744742733222365 -0.017326454151263 0.00579752473228105 -0.0663253402280453
-0.0512722730339211 0.071063440364703 0.00846015058395747 -0.0849818024791912
0.0251912612482569 0.0648478503571441 -0.0100435527310523 -0.154503194270749
0.0504855520364527 0.0205240077649057 -0.107179241514193 -0.211403520191121
0.0540355514113089 -0.0118777871845472 -0.202955326197768 -0.195054910070993
0.0490483757956822 -0.011435500095184 -0.248918559638593 -0.190128817286427
0.0402168546875053 -0.00903213276288167 -0.219766467379289 -0.220022347378805
0.0258509242527671 0.010435365833842 -0.0924749044181191 -0.240300192331994
0.00760446018193654 0.0302241791835863 0.0427909671230813 -0.163142564869295
-0.0479349374095577 0.0177338185962964 0.0164605426607368 -0.00503190336760786
-0.0220106640682394 -0.0568945924772072 -0.121845536768009 -0.0189201369929073
0.0763136862719409 -0.0389412750595183 -0.176057642201789 -0.286379988953955
0.0878079714451741 0.0348271104280494 0.113139558352169 -0.566822732006752
0.0390259207449069 -0.195864523196092 -0.0446065435833756 -0.314748971563218
-0.0665703373989983 -0.17843103080171 -0.0836694692076654 -0.158864502130489
-0.188873814360525 -0.0483828185762042 -0.0137368190255992 -0.0780001306707031
-0.155332633280091 0.137935589636746 -0.00885505912030088 -0.0747968958610129
-0.00792472213449764 0.167851238143823 -0.00956130700792659 -0.122043226200662
0.0784529238868785 0.121780878801812 -0.0877471197405835 -0.180210923479391
0.13722985132184 0.0699024861424193 -0.16835759017929 -0.172524325451303
0.147767440428602 0.0585038475758024 -0.206768620759468 -0.177503520125972
0.13800424225638 0.0786059004286105 -0.183522008568899 -0.205034621669825
0.0696522002033811 0.140121949176972 -0.0610683904293026 -0.225218875243126
-0.024260197639022 0.164301669479883 0.0651236969737866 -0.141175977560752
-0.18246867738488 0.128188960437304 0.0154087192121197 0.0147201237131906
-0.196072876483594 -0.0785953283824778 -0.145039152578028 -0.0266096928818993
-0.0240486847569769 -0.196297461109872 -0.20256604883232 -0.282054406687304
0.0750340471215817 -0.180897099107582 0.0711613734507397 -0.532079175804931
0.0138094234001129 -0.328635444046531 -0.0561551345579174 -0.243387549837487
-0.135450118550435 -0.271731986305301 -0.0755455356487626 -0.130314310039231
-0.294764844917866 -0.0662195391471917 -0.0218527539082464 -0.0966244438008808
-0.24365846135639 0.201456901802086 -0.0283296652037211 -0.0786627779768975
-0.0382981817385338 0.257461691169722 -0.023208796349381 -0.0850448263107636
0.0979835604570485 0.209615873894454 -0.0690916289244376 -0.126511275449688
0.203252786699047 0.14265193001865 -0.113114390664468 -0.121478164772699
0.224790171630024 0.120369984751151 -0.132734088728555 -0.137956636248262
0.214257732604705 0.154122351322006 -0.115111317592562 -0.158122353308295
0.100753522646538 0.251080243172988 -0.0131118836152607 -0.174095643799935
-0.0561128883281843 0.279420965446668 0.0883867740622442 -0.0925721098937658
-0.29998552396815 0.223481821033028 0.018728416053627 0.0483842347154202
-0.350169789611145 -0.0930209588384735 -0.15570709062012 -0.0129550131119772
-0.121233968788043 -0.33080448838181 -0.212314178713771 -0.236743918635534
0.0535303723093444 -0.370638776057728 0.0272785880346154 -0.42490080759763
-0.0253680846953675 -0.425305645975701 -0.0721968110553261 -0.12245307727025
-0.215019898643243 -0.333327660453605 -0.0449508543383599 -0.0706401039324266
-0.390183447188001 -0.0606357274489909 -0.0127033634564147 -0.116601597310876
-0.306012498866528 0.267557876083659 -0.0499510137740629 -0.0894396119315108
-0.0539721209131177 0.327641413708843 -0.0457749029574933 -0.0392097118985914
0.112524301997325 0.274534986615155 -0.0473347585839978 -0.0504201885942531
0.243852154351675 0.194107206945591 -0.042037595346518 -0.0494167194542647
0.268393407355275 0.162674753767261 -0.0384521247986321 -0.0765438684067255
0.253868565377699 0.205696476837452 -0.0261659578500268 -0.0868505413388365
0.11330733412286 0.320690518765714 0.0450409226652072 -0.0945402829319236
-0.0818890894627565 0.352682956972254 0.109963847058476 -0.0208447141662122
-0.374096332712789 0.284498266889427 0.0238705275130211 0.0916544167284787
-0.451931434918996 -0.0954048688855681 -0.146568505252368 0.0179721242494616
-0.193929252767396 -0.414677586140662 -0.196593603351208 -0.152962042168238
0.0264714561610545 -0.496419777222517 -0.00724626317856926 -0.259355511897199
-0.0652255380537437 -0.464421073288418 -0.0836318929089773 0.0356084964182061
-0.28184310744425 -0.348511860870254 0.0109218419035475 0.0165850319268007
-0.446244155122141 -0.0342894182901275 0.0112527267367241 -0.12755486438172
-0.323575451524369 0.312805963549173 -0.069290785061722 -0.0929415357578195
-0.0547491067375927 0.358767842809021 -0.0675640258844562 0.0186026867403391
0.116196122756459 0.300666456049466 -0.0178082809405296 0.0409973131443529
0.250875459773675 0.217445238007317 0.0384733181336419 0.0351903966864814
0.270406396307749 0.179845257422402 0.0620511938302196 -0.00403605408664098
0.250224478754855 0.223233763306539 0.0685829767340366 -0.00462492906003047
0.101552162313916 0.336692484429009 0.103510652035139 -0.000513331903576601
-0.0983782935047368 0.359019539018394 0.122665523838481 0.0607938400685801
-0.381435352358011 0.284500315435177 0.0260641707784223 0.134466444033302
-0.461458374470044 -0.0901137548594553 -0.122844654052865 0.0538491857364404
-0.217824401920512 -0.422422423023601 -0.156001162945052 -0.0535908894423665
-3.21643620972752E-06 -0.529878675454008 -0.0287379502219759 -0.0691741718659498
-0.0975426260020694 -0.437030750502483 -0.0877768538162481 0.210600393518386
-0.303113314721089 -0.309970632179299 0.0799985459589728 0.121196961779292
-0.42768704164883 -0.00171083739745442 0.0443731560444107 -0.117864492986292
-0.283788442432619 0.30142314542831 -0.0776798061975523 -0.0821550673319024
-0.0450194149587055 0.326605994857593 -0.0796146014848025 0.0803953967521275
0.102941584271203 0.278497217136844 0.0170755436426894 0.133901389691566
0.221768537491799 0.207130845633255 0.115385749945815 0.119345440950617
0.232475106630142 0.171034868735388 0.153417392763577 0.0683253048170051
0.205598290812788 0.207095604531364 0.150008634672416 0.0749204982604903
0.0678681178722678 0.29475798513578 0.147037221372283 0.0896345089512553
-0.103231738695249 0.294309869609387 0.119167490889544 0.132697451961207
-0.317605340899409 0.215889650293185 0.0209751932955249 0.16098732796122
-0.374841163991465 -0.0766536261420458 -0.0926987665423215 0.0809730284666975
-0.183918668642416 -0.351513175911695 -0.102135518504987 0.0323991619334425
-0.0195009231600855 -0.473117938913596 -0.0356438430559221 0.107707725041743
-0.111753877428404 -0.337231351136804 -0.0884410966485463 0.373833740417585
-0.261139976816639 -0.217800299501645 0.14348702375508 0.225602400934604
-0.325159194912005 0.0221972593919023 0.0812864110267077 -0.0856782230843261
-0.191140318021542 0.22667521425184 -0.0701934390503059 -0.0587970978029179
-0.0309831848838125 0.231836912853321 -0.0804676077737042 0.128780699791777
0.0696736421374294 0.207194899198591 0.0496898749552597 0.208798733159398
0.156289223263753 0.164167018201907 0.176930014067065 0.187225511264385
0.158371518149494 0.1358088917844 0.221954321551155 0.132065442872585
0.130894944756885 0.160258485464229 0.20520615856301 0.139038253943271
0.0220247383166794 0.208898138308325 0.163699164979177 0.157408934109463
-0.0937886952886445 0.181832195279415 0.095341942860507 0.175540656747966
-0.20438304478269 0.108751308523532 0.00827856556543018 0.159877040259911
-0.22172101574564 -0.0558520505267256 -0.0631272997038934 0.0893602641060859
-0.117431443956763 -0.223801911560485 -0.0474107108654092 0.086446907852418
-0.0398264593330314 -0.339977402456819 -0.0280854841884663 0.241589235836506
-0.105504539911696 -0.184323153914552 -0.0897180098100926 0.495585439299845
-0.169826873157317 -0.0920747694419531 0.187744142533224 0.311703925673846
-0.164637677596675 0.0394264196531811 0.11797799738749 -0.0399257449882484
-0.0677024243560264 0.109690688342462 -0.0469264301183069 -0.0379194927836201
-0.0156925164557929 0.0951199434146738 -0.075425870281666 0.148522379896832
0.0210756082469822 0.100936264029406 0.0691464057124983 0.2521798813477
0.0626577591976922 0.0941970058857316 0.211366756846996 0.228723582417879
0.0598384997587597 0.0805634797073796 0.257661257571351 0.174969199586869
0.0399105440066645 0.0931745427295089 0.227189488015988 0.180554930282889
-0.0221693952149127 0.100948713840694 0.152729790730757 0.195411095949298
-0.07017866764274 0.0585763167265629 0.0592320186604729 0.186572867833444
-0.0754009872628856 0.00548656777780972 -0.00588088148121031 0.136005125291433
-0.0635672664030363 -0.0239233157378554 -0.0366127140129306 0.0845399702478824
-0.0514048358093638 -0.0754728441038834 -0.000708105677004612 0.106803248096595
-0.0572383743417795 -0.167944615065116 -0.00765553111422185 0.315790723665221
0.0502501599652789 -0.0444910078350754 -0.0613781846509111 -0.331011798256791
-0.011441779372865 -0.0666165459824488 -0.0893904601355809 -0.160674745824054
-0.0764426848183165 -0.0110335793256394 -0.00238796358531947 -0.0663545578072682
-0.0456383626884017 0.0761843505226106 0.000342201091146196 -0.0796614028630518
0.0323007269772968 0.0634491146869473 -0.0191382183190862 -0.14852001199659
0.0535192146555678 0.0167668505811951 -0.118214888524461 -0.201340760149705
0.0543718857241227 -0.0160107587837978 -0.212647675450001 -0.181708076300787
0.0489694579212979 -0.0156381669587665 -0.260548554359597 -0.172372994139989
0.0396464736019033 -0.0114780154426349 -0.233949245350944 -0.206144084563068
0.0273702415802772 0.00994508800759071 -0.106746324160521 -0.23630209023646
0.00934181723303238 0.0302823199963561 0.0356576315641127 -0.166767792383291
-0.0466558871006474 0.0228082568998229 0.0213424002250069 -0.00537787435021283
-0.0279149916332806 -0.0541398671938847 -0.117832850625671 -0.0085838695834056
0.0725536309427271 -0.0461673641899515 -0.191544628233252 -0.271369804022136
0.0896356611997679 0.0265318168259479 0.07687244466954 -0.571790896601667
0.0275133580219502 -0.198098603039175 -0.0624930398815103 -0.310501784605136
-0.0779808042951123 -0.174834591980928 -0.0943539067907265 -0.156133759735735
-0.191237976910396 -0.0343907577843664 -0.0224144165237183 -0.0757407690185022
-0.143773499938908 0.149606729013861 -0.0159087224868042 -0.0683299534170847
0.00556649215971831 0.167988263023718 -0.0153134081410422 -0.116085135746516
0.087894243824135 0.115141662011288 -0.0958333657707802 -0.172809135998875
0.142408821741511 0.0598540493635386 -0.176430850368445 -0.162719479162603
0.151424609088136 0.0469315261449779 -0.217873443529211 -0.163696683016059
0.143146208970462 0.069057281209586 -0.195088145356662 -0.194302105852778
0.0791425898379886 0.136144389175008 -0.074162131967308 -0.223717411806717
-0.0134772983014652 0.165690643841197 0.0586259691347734 -0.147336575885265
-0.173624723523416 0.141275165178297 0.0221373186561231 0.015103675746104
-0.201030846127808 -0.0645998505639665 -0.143429118792537 -0.0134327779855207
-0.0361837479098691 -0.1974812321475 -0.218758179775796 -0.263745404316787
0.0654304099900681 -0.186554180686997 0.03608815957571 -0.533387764396382
-0.00485946770149588 -0.328647703135524 -0.0711578578806595 -0.237938020735788
-0.150782847219854 -0.264510835106598 -0.0838220606938118 -0.126847393633901
-0.297595245450081 -0.0458130855101486 -0.0316403568329106 -0.0930425214885169
-0.228041455202723 0.218858108825428 -0.0354941883607191 -0.0708835105326815
-0.0189508841654266 0.25923995557219 -0.0256096050010872 -0.079938429809734
0.112816772798775 0.201707185337044 -0.0731442661340627 -0.120052925583448
0.212693694199508 0.127175456280852 -0.118349657374843 -0.116838385400713
0.231210439637624 0.103182839152958 -0.141547672581424 -0.129312805795685
0.223422304599746 0.138875438216855 -0.123668738243858 -0.152244095502286
0.117342424154731 0.244033560787037 -0.0238278440821278 -0.176429666244083
-0.0376310788590526 0.281920681487349 0.0855505276141223 -0.101272477883141
-0.283769136809855 0.242776587871088 0.0278748933164574 0.0487050509276034
-0.35370184370232 -0.0703737483666461 -0.153901845564005 0.00143886608493592
-0.139913104536839 -0.32559241777071 -0.226612700879521 -0.216647666188258
0.0324335620998846 -0.372884606167549 -0.000404708727919067 -0.424589952615858
-0.0474115278229542 -0.420887569116481 -0.079602189125645 -0.116674630509734
-0.23329065235809 -0.321382214747982 -0.0499910827281416 -0.0692658022121527
-0.391914851385586 -0.0342931995615006 -0.0252058550974686 -0.113592745007964
-0.285907252894197 0.28716855656147 -0.058347563973183 -0.0808718968684129
-0.0312386925633236 0.330275549831436 -0.04580898355172 -0.0336597171993784
0.130729596189017 0.264942177170505 -0.0465139491332853 -0.0462555537287506
0.255131094227677 0.177097929003952 -0.0428636023460309 -0.0496438669366959
0.277498690415587 0.142277028108168 -0.0433744874303963 -0.0753447051812612
0.265921422468762 0.18735070031619 -0.0305517838756502 -0.0880675346058355
0.134010435922065 0.314119406991519 0.0393150858573638 -0.10108046920077
-0.0584794138663569 0.356389415865761 0.110940994284301 -0.0328570110382245
-0.355034750486303 0.306714177136853 0.0363239169402265 0.0912346783382823
-0.454141795467472 -0.0667954768812971 -0.143481475972255 0.0313078500601364
-0.215837351394107 -0.404531161871136 -0.206482404741419 -0.134243486899053
-0.00128282020817589 -0.494243267162244 -0.0241642386936369 -0.257228401038178
-0.0900964315230311 -0.458088134516937 -0.0816919148895673 0.0421761956112002
-0.299515190724033 -0.332473603502816 0.0105229135841754 0.0150310224778972
-0.444788680584213 -0.00352372949093162 -0.00256047885485644 -0.125849120310985
-0.300487400012414 0.330861369775192 -0.0789928862105117 -0.0844658121621468
-0.0307514769934111 0.360607425387004 -0.0645080658813239 0.0249115722908516
0.136081778963463 0.2914046078036 -0.0123501600503101 0.0436215680778038
0.264721737027661 0.200022901758811 0.0419513764972992 0.0296547431530899
0.279840311515517 0.159267304321021 0.0615835831316425 -0.00970350322005567
0.264016780506904 0.205079062421521 0.0696588651088597 -0.0123325050870686
0.122226992263845 0.329474565784264 0.103158193733447 -0.0109850752563566
-0.0745118212853714 0.3632304645074 0.127715120659502 0.0475453720729164
-0.361367542521016 0.307733158320246 0.0413755355960282 0.131950292614695
-0.462106706481853 -0.0601006623232384 -0.117602912126761 0.0651243427159755
-0.239349927419961 -0.41021986592325 -0.159466158329628 -0.0372606249987982
-0.0280042884119445 -0.526603005522705 -0.033141841130795 -0.0660024037591017
-0.121160680618518 -0.426907575073995 -0.0755784813040439 0.217699285179862
-0.318288147826651 -0.290477247105487 0.0867435755103673 0.115926828794339
-0.423469775209629 0.0270903987115384 0.030993919542021 -0.119071866082729
-0.261667250890668 0.318750389014423 -0.0877598644672488 -0.0737747847196013
-0.0238420140043363 0.328430948177447 -0.0742508756365704 0.0866228033745346
0.120911427585499 0.270340714299148 0.0275653522623542 0.133723724896295
0.233658520810092 0.191843285740122 0.124473916618029 0.108141848027109
0.24118561493387 0.15337091174832 0.157054202105016 0.0569344326167127
0.217651958962601 0.192369346988748 0.155878857952853 0.0612902509998865
0.0858302390519263 0.289977262156419 0.151680729214628 0.075469840089872
-0.0833416436400569 0.298618929439683 0.127736369499981 0.118620436100197
-0.30173219695081 0.23441100292976 0.0374203462755452 0.157475313461012
-0.373341443521847 -0.0538048500524008 -0.085250881670766 0.0886296791356762
-0.200671426307111 -0.340478437186307 -0.100467455315819 0.0446861094197907
-0.0463378889512965 -0.467368826011696 -0.0285887917736945 0.111259353735753
-0.130034118994921 -0.328539526587058 -0.0660305134467535 0.379118103380401
-0.271586975453889 -0.200864495430869 0.156961346369073 0.215324870622825
-0.319948363822984 0.0439165758052336 0.069662554894183 -0.0906018904676976
-0.174895593550781 0.236387094227897 -0.0795386521005472 -0.0528605320803667
-0.0175516715306051 0.232981147906111 -0.073736905854909 0.135016971345363
0.082920968766906 0.201590159075679 0.0638324358925213 0.207185136474581
0.165825456623453 0.153181713242392 0.18910519345439 0.173085340896177
0.165381165652087 0.123843021620552 0.229856188115665 0.114931675779252
0.140083445848475 0.150397813969616 0.214312325942212 0.12294083779558
0.0347866917523222 0.207181855772048 0.17202665778366 0.142333092560003
-0.0820724258314059 0.186667180708272 0.106180618058715 0.163420985276399
-0.196967451142033 0.120048667355725 0.023379147156249 0.156563509223834
-0.22083901221995 -0.042953652810633 -0.05469636541426 0.093895536211672
-0.126039575325908 -0.216771323392445 -0.0429336493694491 0.0934322143707245
-0.0569566160669615 -0.333537743450731 -0.0126995839735528 0.243546955564874
-0.11559464466142 -0.175754780035026 -0.0604770030338243 0.502121974810658
-0.173239397001006 -0.0797529418425611 0.205956648596235 0.297263294437884
-0.159207431651791 0.0499163790226246 0.109878902587934 -0.049365666379342
-0.0606410235248634 0.111404566697834 -0.0545509200232695 -0.0347443149308812
-0.0115978766375476 0.0957138225271191 -0.0689405268018904 0.154369011283229
0.0270181698211592 0.0996418607493089 0.0842508738444201 0.248722160674806
0.0678489008111556 0.089392796136063 0.225960796459303 0.21370159569039
0.0639228827924296 0.0762486821462506 0.267927616894459 0.155979801898601
0.0452786348310977 0.0899945842344902 0.237917321253645 0.163159562211918
-0.0161801153851541 0.102741243262533 0.163639532004538 0.181798990294809
-0.06690255366391 0.0618485621432938 0.0700888522744243 0.176732406888629
-0.074846805292022 0.00755807577808602 0.00590493918131641 0.132585574479113
-0.0617682564483878 -0.0217645222062644 -0.0270587891598075 0.0861311410807328
-0.0516397559141437 -0.0712484095759359 0.00553500051361012 0.109425982828019
-0.0651494719548114 -0.160865628038643 0.0123955909120373 0.315963932946024
0.045404008925319 -0.0459785871214248 -0.0709843482910841 -0.317064114210563
-0.0145775128252123 -0.064861506885006 -0.0940039958307327 -0.154590488427675
-0.0748379210224265 -0.00553370936984405 -0.00945663285651296 -0.0636575901713952
-0.0397578729351233 0.07689127505846 -0.00544833777610174 -0.0719123010008596
0.0366607431896501 0.0598191320751678 -0.0229283643900339 -0.137206420637466
0.053515810090372 0.0125427338459892 -0.119425129815575 -0.187427072722359
0.0520294433627071 -0.0186025941670268 -0.210471750826091 -0.166598552326558
0.0469574492165212 -0.0188430490306841 -0.25779297977894 -0.153814948159944
0.0378813934999762 -0.0131015255295508 -0.232859480928395 -0.188888140877458
0.0277262500970672 0.00834582960012465 -0.112475622821492 -0.225489925930821
0.010495694700594 0.029462998243104 0.0306767207725361 -0.1645317208821
-0.043893812037078 0.0257354837110338 0.0251982657823346 -0.00610654224364574
-0.0309323983645402 -0.0496030954864352 -0.110013306558501 -0.0010217215230413
0.0667275894526226 -0.0497670438577424 -0.192963984411961 -0.250211601378762
0.086872549902138 0.0200260494241848 0.0489585723939116 -0.552991305035441
0.0197646811533028 -0.191838810539388 -0.071472268551211 -0.296737544246952
-0.0820098614855069 -0.167015958206158 -0.098096033722037 -0.148898156367068
-0.185403459267837 -0.0232629239467457 -0.0287115858888371 -0.0708705207621624
-0.130508492884831 0.152868991852879 -0.0202774273598096 -0.0598390791119107
0.0155986159320694 0.161432750805522 -0.017062681457455 -0.107444233381263
0.0909139775508773 0.106065819684787 -0.0960064402716181 -0.161173540151892
0.139991014549128 0.0505805616078009 -0.175307875174268 -0.151089679120441
0.147801800987874 0.0368225580405483 -0.216644576363712 -0.14813737362609
0.140621292103649 0.0595249441265206 -0.195759967090737 -0.180596727660815
0.0829867297781325 0.128037296434438 -0.0809712813991383 -0.215649895745801
-0.00560045850173213 0.159785671844006 0.0539980895545589 -0.146813822389239
-0.160452047539829 0.144724060112911 0.0274169411796911 0.0142164172071182
-0.195899944223247 -0.0533669886686175 -0.135524939129545 -0.00351222975799124
-0.042875189711556 -0.191282770500559 -0.220168509062766 -0.240457369633807
0.0564283542414234 -0.183536452943505 0.0113445853483282 -0.514443791045391
-0.0160678349598433 -0.315746400778043 -0.0769085002826932 -0.225835570637591
-0.15484534728293 -0.250492766735778 -0.0869885544132383 -0.120805502760808
-0.286609295842385 -0.0307121444866942 -0.0387754474166844 -0.0857836088805084
-0.207804548665661 0.221498194217229 -0.0395181481523779 -0.0613956986107913
-0.00517934721742461 0.249780182969894 -0.0254870875575707 -0.073160524778005
0.118667393232888 0.187554863776658 -0.0725303160031712 -0.11257471782475
0.210466671607953 0.112346703006859 -0.116937114539027 -0.11084417462304
0.227254954586401 0.0861465992423984 -0.141690471593454 -0.119434554998305
0.221134659853389 0.123794987343234 -0.124841476333677 -0.144520504061863
0.124159044518368 0.230608414416135 -0.0304670176106149 -0.172530280274417
-0.0235733071414295 0.272215987495383 0.079961673647231 -0.104593520282384
-0.262207591739169 0.245940566556508 0.0351875462039655 0.0462631017527559
-0.34163199428081 -0.0527658889911502 -0.145934693406138 0.0118332451047952
-0.147034529341434 -0.311768863437351 -0.226218907645116 -0.19357205303627
0.0185715480023634 -0.360182291537431 -0.0176051118509965 -0.406935677103366
-0.06075544233401 -0.402991560414175 -0.0808927489181839 -0.107365774116542
-0.236417614991887 -0.301984232476965 -0.0515275137029556 -0.0666379023379586
-0.376024835947009 -0.015294487899898 -0.0333746769262926 -0.105840624738906
-0.261472396121741 0.290309810124851 -0.0621792067040568 -0.0701380321216901
-0.0142451835880454 0.319003216299751 -0.0430021645776629 -0.0277634874812977
0.138542458729903 0.248651605455678 -0.0434134319059861 -0.0423939639443053
0.253731328088421 0.158162399357285 -0.0417387639536335 -0.0495578221474337
0.27226775707236 0.121968648005651 -0.0450948677460029 -0.0717076436596726
0.263746490660544 0.168035038554049 -0.0323024106777498 -0.0869050357366243
0.143328403487196 0.297029792825849 0.0334519854515756 -0.102606347807434
-0.0409038296029011 0.344294393219346 0.107456831481445 -0.0408918578654591
-0.32751817830804 0.311675229121748 0.0455366066304213 0.085834756522813
-0.436883312495134 -0.0462692504781338 -0.135089782122939 0.0400797997017831
-0.222912123025953 -0.384406762195684 -0.203244478960009 -0.114033979363393
-0.0172553510054795 -0.475117077998545 -0.0333058954482252 -0.244632873340135
-0.102226212716868 -0.436356314282007 -0.07677685167435 0.0456857957528246
-0.30042459840551 -0.310669580941539 0.010227122297523 0.013084790742499
-0.424845563566729 0.0145888921827137 -0.0130437858577938 -0.119000783069829
-0.272070108932331 0.332329440138694 -0.083191404187256 -0.0733567557255295
-0.0137590400271851 0.348243238839311 -0.0595998075615502 0.0286171789419135
0.143757847159177 0.273451263310612 -0.00767843652992831 0.0428424192337911
0.263019093212069 0.180700419681096 0.0431689963897631 0.0229427914068405
0.275231094114973 0.138718350605432 0.0585944540855003 -0.0137238776026862
0.261876410306279 0.184740459054086 0.0671486784094472 -0.018726441715044
0.131899554967134 0.313006270162189 0.0979199765013283 -0.0184756075258335
-0.056139716655709 0.352670811233037 0.125437376598313 0.0344947943764348
-0.333605826178981 0.310368310154131 0.0511376197436867 0.124156145233689
-0.44343295258311 -0.0394968082258489 -0.108724027826322 0.0702803461714688
-0.244054789158647 -0.388976020650159 -0.154396172596787 -0.0230672932775563
-0.0447039907812806 -0.503286783237756 -0.0344424811227968 -0.0607494836527215
-0.130896960290657 -0.406245489339227 -0.0641955836532921 0.214353890140203
-0.315816139529245 -0.269375196907901 0.0869651599296817 0.107281761548229
-0.404894686565195 0.0427403219483863 0.0195618616524163 -0.11439755239638
-0.237415548942802 0.317287572766967 -0.0918918548348595 -0.064159294715501
-0.00945693959219584 0.317693236831418 -0.0677852228773538 0.0880625667382903
0.127805247670486 0.254380119186019 0.0334341359906867 0.128715871164632
0.233202094662942 0.173489571321971 0.125104638946889 0.0962502146163921
0.237191605586666 0.134969542492095 0.153837591240048 0.0458397630858777
0.217121064550458 0.174285734930959 0.152634063005488 0.0488472351149845
0.094149357974701 0.276577126544939 0.147880698298748 0.0627385270298615
-0.0684365011888403 0.29015790355749 0.128221879440881 0.103416587477595
-0.280485998765365 0.237705436005701 0.0479803338987236 0.147828895503695
-0.357993823866738 -0.0367266542247348 -0.07653705349831 0.0908069269063069
-0.202090853277513 -0.323116771650027 -0.0943130788707683 0.0531266865565819
-0.0589067987128887 -0.444816916795657 -0.022591315005093 0.109310983674313
-0.135873759744348 -0.309967133588197 -0.047766779512861 0.369273972395399
-0.267767220438432 -0.183408153057348 0.158053031789279 0.1997329044993
-0.30345174486374 0.0549737269156667 0.0578175632363389 -0.0895976214899588
-0.157395358649183 0.233799070119305 -0.0834023241806367 -0.04596089114229
-0.0079564982111301 0.224417991695019 -0.0668852222343782 0.133943513752018
0.0884759041246124 0.190403183892933 0.0703204558324432 0.198291916616092
0.165414540275439 0.140114832387887 0.189817369871519 0.156892490467673
0.163520044457326 0.111095869833427 0.226101459115064 0.0997630569170182
0.140409455402704 0.138134176453201 0.21118787573836 0.105957264794051
0.0414095712727347 0.198876999168002 0.170284897973206 0.126241337847748
-0.0715289300039137 0.182165736255327 0.108509982038561 0.147230419562372
-0.18348158946136 0.121758907317638 0.0329055880588474 0.14641323031433
-0.210586031241775 -0.0338772514781039 -0.0462546773523317 0.0933798171852247
-0.12567653694257 -0.204267780429844 -0.0375232329618977 0.0965251518912515
-0.0650087964623776 -0.316466978668481 -0.00179291877822186 0.236117218148711
-0.117540741970669 -0.163175142874876 -0.0366849254407694 0.485258341334542
-0.168227193769372 -0.0697138953815802 0.210094902856634 0.276168466491788
-0.148504622173698 0.054960552987752 0.0989089280090007 -0.0532691514636939
-0.0530964785711141 0.107190330513753 -0.0588853874653238 -0.0311602446431306
-0.00930847536366435 0.0924239589342091 -0.0631141719819726 0.152899745857051
0.0292491661651575 0.0949447692331173 0.0911744771725649 0.238330719813278
0.0683834599562464 0.0833919140453258 0.225884613469471 0.195917335278938
0.06353374368529 0.0709553566396997 0.264207037684663 0.138676635783057
0.0465288669270903 0.0844111688523387 0.23576856499357 0.14521583186509
-0.0121841404346457 0.10032854363172 0.163041130065435 0.165782774619515
-0.0628001560939974 0.0620319670831863 0.0740309323560272 0.162976132270487
-0.0723805118319826 0.00866711785176828 0.0138108940194567 0.123233175571505
-0.0578585511309413 -0.0197824493536895 -0.01968848001784 0.0829476528372236
-0.0478973114478338 -0.0668046370930972 0.0088064677816019 0.108411525212089
-0.066925248957613 -0.150525863444297 0.0247572138586188 0.30418792335313
0.0428058861033716 -0.0444465896146959 -0.0676625206325978 -0.304593371675809
-0.0155963972910597 -0.0621874417992146 -0.0929086124177839 -0.151333283417744
-0.0728131393348864 -0.0032893866411009 -0.0134643133315672 -0.0606757803177126
-0.0362930898224168 0.0758980839000868 -0.00707600599304352 -0.0638103184035533
0.0383855967295624 0.0565183642844669 -0.0206235977428967 -0.126949869790403
0.0530237965575975 0.0104642465176057 -0.113796764703256 -0.178266179868324
0.0505388372324843 -0.0186023020219421 -0.201732234058858 -0.15974556516423
0.0455047697944135 -0.0196478194248645 -0.247887724628592 -0.145429764410992
0.0369071614859522 -0.0127286488311812 -0.224951566542774 -0.180486374898982
0.0276254368047019 0.00818045893331317 -0.108961487233236 -0.217842712361662
0.0109424807716543 0.0285532098917337 0.0310732311704092 -0.159823820919237
-0.0416932433989874 0.0268905084121503 0.0290222340919315 -0.00650819783017622
-0.0307886190647481 -0.0460785407766614 -0.10121043314074 0.000989901518088461
0.0616704561210435 -0.0499250879350601 -0.183810370783664 -0.236026154717792
0.0826380060515343 0.0169114934873472 0.0457068203324948 -0.52966135696369
0.0184555301046958 -0.184603914760451 -0.0682112797485864 -0.284543994681873
-0.079836483670277 -0.161833024568662 -0.0962909988468211 -0.145348795347443
-0.177352916730206 -0.0199389408092854 -0.0316446921350111 -0.0659097139656906
-0.121778969795709 0.148881312682816 -0.0209641171053358 -0.0516735377545188
0.0187688104958649 0.154249506472076 -0.0139203585531779 -0.0997941082874646
0.0890995324378567 0.0989594963551302 -0.090931302155335 -0.153601428924054
0.135548971260209 0.04660065039431 -0.167639168644468 -0.146190742028213
0.142099224226408 0.0321268808593533 -0.208375576132412 -0.141024526064845
0.135576499698762 0.0562385981037028 -0.188949518048421 -0.173472412687167
0.0807218205396961 0.122890065573545 -0.0787560766895354 -0.208922097155448
-0.00402893709759331 0.153554663792445 0.0534815527280532 -0.144464161200347
-0.152346578474808 0.140962489429875 0.0318484795145447 0.01365330446429
-0.188225020002967 -0.0498190100369532 -0.127569934396664 5.72161267780907E-05
-0.0430087914923754 -0.186491516747657 -0.209924528734514 -0.226361313433569
0.0542372274500329 -0.176902166618056 0.0091871734546824 -0.491826837720004
-0.0149289953693164 -0.303560818143798 -0.0736669345038873 -0.215259792110232
-0.149425001317011 -0.242554103335518 -0.0855045750185306 -0.117815212909763
-0.273721042059687 -0.0267572921465316 -0.0409415222748746 -0.0798265346903444
-0.195788624138625 0.215542841088749 -0.0391566815859725 -0.0527901058081418
-0.00105657004169803 0.239894040129109 -0.0223394850139258 -0.0673974336296779
0.115541363575764 0.177925899012891 -0.0675720823210468 -0.1074923508881
0.202622779143093 0.105259164745736 -0.112778662576153 -0.108457075528427
0.218033026442191 0.0793581470071767 -0.136950027656934 -0.114078756586304
0.213144675875765 0.11679711048515 -0.121332507751793 -0.139914145681994
0.121128188875963 0.221475477282884 -0.0308522330044199 -0.168388899761745
-0.0210579933669545 0.261532784893469 0.0784165407539016 -0.10518241165916
-0.249425830357246 0.238466367497281 0.0402564527167373 0.044603306947292
-0.326930733380961 -0.0495158062703551 -0.137459111437342 0.0153357321003674
-0.141421899459077 -0.301883019212845 -0.215711601167183 -0.180280086321248
0.0187804670475838 -0.345390285854203 -0.0190251321369205 -0.388698807944903
-0.0558490550448848 -0.386968325217281 -0.0772139007003882 -0.101615201325134
-0.225787441738346 -0.291218507433361 -0.0512155815415356 -0.0650609342207587
-0.35838950577495 -0.0116792753805302 -0.0373000878140608 -0.0980998327437395
-0.245308447741329 0.28095489554547 -0.0619210702480988 -0.0616940102129979
-0.0106622043115815 0.306614538938338 -0.0388999594084556 -0.024509929418408
0.134077754355651 0.23583360275134 -0.0397420277150836 -0.0404468806273264
0.244748773292123 0.148835963782872 -0.0397773483299511 -0.0508080373350411
0.260450405639235 0.112395767061645 -0.0440548957771256 -0.0697720173305189
0.253950273376666 0.158689906447055 -0.0316735772091672 -0.0865442883807821
0.139033885481711 0.284584090353495 0.0309626053313132 -0.101868149781945
-0.0372557522938487 0.330584512468631 0.103487203804918 -0.0447026028096254
-0.311060477410238 0.301814311527685 0.0502638047901225 0.0815170788206345
-0.417150627542738 -0.0416866690037695 -0.126825259789629 0.0422184861182413
-0.214861580406999 -0.372353149259819 -0.193574969268556 -0.102359702787428
-0.0155795142349347 -0.454190638078306 -0.0329404298643697 -0.232741064875709
-0.0955897375863113 -0.419625884691452 -0.0728556343891203 0.0463829181990967
-0.287182810508945 -0.300136587669307 0.00841567451801975 0.0110648288220187
-0.405171296755714 0.0155455871547325 -0.0182214861626263 -0.110682113289195
-0.258247987618364 0.320627584910638 -0.0827730472916279 -0.0648588077237157
-0.0100809748883323 0.335138952628791 -0.0556496432223156 0.0293222352880107
0.139711327763951 0.260552825566993 -0.00508741786203458 0.0416461703195235
0.252935781996288 0.170266037312739 0.0418500655288186 0.0186568598155625
0.263349772101276 0.128894938224634 0.0557793174102082 -0.0145468609898102
0.251879303948263 0.175263727784997 0.0635991994577427 -0.0218635944453237
0.128960742001214 0.300529941266017 0.0932746863761695 -0.0222241100785074
-0.051149669231589 0.337694411631741 0.120846897719666 0.0271485172758708
-0.318183168224034 0.300025441387207 0.0557927764429371 0.117123345997839
-0.423481929683931 -0.0377762688038433 -0.10120050938131 0.0713792801710704
-0.233935182853436 -0.375919817046135 -0.146630526056042 -0.0149671226833151
-0.0396121715459646 -0.481641894774681 -0.0328128697462397 -0.0569039289972028
-0.122976057038466 -0.388451965162636 -0.0603213167252182 0.20713874141743
-0.302225896344469 -0.258641039439155 0.0827756126896652 0.101425320988264
-0.384473075827773 0.0431743637907812 0.0125537782361654 -0.107550948526801
-0.224583084647018 0.304676055631625 -0.0920091024187187 -0.0569554869808316
-0.0077494418393876 0.305031533030904 -0.0646808746463515 0.0865574495332561
0.123842451176577 0.242850451495298 0.0344221626343124 0.124265901549597
0.22395338093003 0.164547937106011 0.120652988072015 0.0886768626373022
0.227079921225578 0.126538451719353 0.147149667470385 0.042124693249487
0.20902619050371 0.165565866999632 0.14628872518695 0.0421849039891794
0.0923982575432538 0.26560286846027 0.141554704547315 0.0559810910026007
-0.0635158397363823 0.27881882300858 0.122607938136181 0.0930165222919302
-0.266835525419018 0.228330655463461 0.0512927019550155 0.138679354037129
-0.339478808664397 -0.0350982210313251 -0.0699479308177132 0.0883503347220118
-0.193406680235047 -0.311360913838718 -0.0885732860866652 0.0571034392949107
-0.0549220797041412 -0.42489690863027 -0.0206809107323595 0.106404319379352
-0.128670866463918 -0.295473719250079 -0.0452960044289606 0.355845648414679
-0.254060236096227 -0.175892854267897 0.151574757193463 0.190378305491257
-0.287971132801209 0.0546959843778317 0.0497870609366526 -0.0849569090664088
-0.149413941427998 0.223500237358654 -0.0841378059029392 -0.0412136005693003
-0.00756711355397082 0.216172664934151 -0.0653744041575543 0.130393434943596
0.0850112979654989 0.18243412573022 0.0686480737428279 0.191270164556699
0.159558740875937 0.133043049440326 0.183123165791302 0.14746992895478
0.156275176467144 0.104632803949199 0.216411415049769 0.0928775095304206
0.135080933772857 0.131961888448147 0.202984644976643 0.0969836503094738
0.0399868864132307 0.191940234042909 0.162179843508565 0.11756639325009
-0.068518806742873 0.174854949512834 0.103912548620346 0.136027739645445
-0.175293537171117 0.116181405756011 0.0364983181663708 0.136409258853009
-0.199842094383103 -0.0337191098695777 -0.0404709172855954 0.0900471000949975
-0.117644927324099 -0.197580261367369 -0.0354343352041236 0.0978161075850202
-0.0598242044219489 -0.301129159645297 -0.000262556391794591 0.227489432558864
-0.111749597722397 -0.155277407032113 -0.0340404782951949 0.466897252273714
-0.160483928209635 -0.0652434144034627 0.201324876514423 0.263704705689073
-0.14019687539293 0.0537477216101804 0.0891008122608038 -0.0516678051949975
-0.0503080826754178 0.101805006112911 -0.0618711363311257 -0.0282884063931449
-0.00968213575641005 0.0886446683541373 -0.0621111505628725 0.14949277932931
0.0281653650692767 0.0911054298149497 0.0883932509618912 0.230316751682481
0.065449258426332 0.0797777478364215 0.218398189476052 0.185924408494133
0.0606889390163263 0.0679241576584712 0.253743552669866 0.12982336662463
0.0442687830233208 0.080480700235276 0.225659278854305 0.136088989700803
-0.0118783278715294 0.0974527097567393 0.155730456762775 0.155685464861194
-0.0606622018360534 0.0598111986599862 0.0699013433929205 0.151742187293692
-0.0694742730992993 0.00628546885291119 0.0168972583319208 0.113970877048599
-0.0531567563844518 -0.0203801241800258 -0.0153753029223466 0.0779702854435389
-0.0424848441884336 -0.064931349797207 0.00860510466128104 0.107691970710071
-0.062432258492615 -0.142024763280838 0.025326543950515 0.292296594672488
0.0417396008123705 -0.0437090222488943 -0.0595190794944197 -0.300961543908189
-0.0149648851378595 -0.0624720620914732 -0.0908054225759435 -0.153330554318744
-0.0720930750774714 -0.00303498152653088 -0.0154745586491296 -0.0588715409879953
-0.0352604114644428 0.0761761809213195 -0.00642672218187391 -0.0578711278402297
0.0391116385836638 0.0557656406666018 -0.0151987884467227 -0.121066148002994
0.0530009929926613 0.00972627073595603 -0.106747807575832 -0.175953665699433
0.0510416731065522 -0.0183162164738856 -0.194950196372958 -0.162181968607197
0.0452834715101947 -0.0201521663351797 -0.240462761749337 -0.147168261770778
0.0371617634962486 -0.0117538943675619 -0.218221063896154 -0.18255191560052
0.0279036250359672 0.00897734236515259 -0.102733284801888 -0.218663553581947
0.0107688791579692 0.0284099024555888 0.0362078534956523 -0.159589249773263
-0.0412056677247209 0.0273607219300936 0.0326247252083852 -0.00667591623612457
-0.0304452153973381 -0.0446932936566491 -0.0951747384237611 0.000963935514662475
0.0593980972400272 -0.0495403337871468 -0.174061823970476 -0.232727914429263
0.079884899717687 0.0171244681039248 0.0534813496865647 -0.518619806123123
0.022237556926449 -0.181658232199084 -0.0598358348573025 -0.280475483321464
-0.0760317796254048 -0.162207639866191 -0.0939705065989029 -0.14733162982634
-0.173561355288147 -0.0216189776928155 -0.0329734594369749 -0.0634322307236814
-0.119872476409299 0.145472619098893 -0.0199348414788544 -0.0457580494827891
0.0181734577838931 0.151486316219719 -0.00945877667736796 -0.09472321014219
0.0866852610769459 0.097457400434404 -0.0843473471066304 -0.152874660370364
0.133275579880476 0.0468666981101419 -0.162189159609854 -0.149105842033236
0.138807416515269 0.0321188003681374 -0.202596031967862 -0.142853768546476
0.133170974426059 0.0575459590500985 -0.182901331090007 -0.175974470494637
0.0786882154254802 0.12277615813802 -0.0738449227895049 -0.20953917473379
-0.00691130883400362 0.15109855410346 0.0574745201438405 -0.144328647988523
-0.151361250676067 0.137316393105993 0.0359362108207301 0.0138013826362042
-0.183803978198506 -0.0521175713922078 -0.121681190749322 0.000830268931734386
-0.0391495777479371 -0.186928933498781 -0.200255705965637 -0.222589577950324
0.0575158958873144 -0.173709643555257 0.0181091567687834 -0.481573761292647
-0.00694622506056984 -0.298538961831053 -0.0659618850060884 -0.212175718346822
-0.141814417561547 -0.242532769728979 -0.083974948623542 -0.119866817327276
-0.267345066541241 -0.0306552988942134 -0.0419930343654504 -0.0764587124131635
-0.19346537398906 0.20972742409621 -0.0382216348073106 -0.0471923723752846
-0.00304200290146799 0.234982149712434 -0.0168375820142003 -0.0640592995366478
0.110860408662739 0.175018473576088 -0.0621020641860913 -0.107333651636062
0.198439392826428 0.106151713162953 -0.108801690368884 -0.111342033718566
0.212015966828482 0.0789512891581985 -0.132558947298895 -0.114853801690807
0.207515837539061 0.11793900153705 -0.117278654417731 -0.142007576175158
0.116555508614799 0.220431898295428 -0.0275565239330343 -0.169380039104981
-0.0252294780245417 0.256640503496337 0.0799894316558733 -0.106149705740421
-0.248339890199992 0.231979438306371 0.0445168338492967 0.0438954079630247
-0.318521798431702 -0.0550786737412039 -0.132603344150162 0.0160461018630853
-0.133718599168154 -0.302608443806099 -0.20614560403646 -0.176417746430332
0.027564518008368 -0.33879648700205 -0.0114748756050779 -0.381117634258086
-0.0447272043704021 -0.381259645042635 -0.0725647180918996 -0.0999895745275422
-0.215076385462826 -0.294191612453932 -0.0512469497130163 -0.0664549776734983
-0.350151669537502 -0.0185260210721818 -0.0381319556434331 -0.0936718955890009
-0.243505029258866 0.271743439718969 -0.0606970811195887 -0.056289598683238
-0.0139078060456625 0.300815425474248 -0.0352196963309706 -0.0236584666508773
0.128041544645136 0.232684355056233 -0.0362418599541101 -0.0403921807835466
0.23810146169759 0.149215019086215 -0.0386510107944393 -0.0539700362730181
0.252960872080219 0.112821425616009 -0.0424791576965193 -0.0702396529202215
0.247610257481014 0.159408541419558 -0.0307776939755147 -0.0887286359489806
0.133195061239009 0.282887895760722 0.0307997509217764 -0.103265269058642
-0.0419889004211279 0.323620573797718 0.102274366723879 -0.0468200982211351
-0.310461749653657 0.291007651275337 0.0535549804439889 0.079557640540927
-0.406777979043805 -0.051728834969613 -0.122828578139372 0.042533375421746
-0.201063559127669 -0.37359305319699 -0.18616362938472 -0.0993301479511468
-0.00270812887192298 -0.446369077610452 -0.0275108004470151 -0.227622496884592
-0.0829798287852994 -0.412623041335542 -0.0712979877220813 0.0451811787133491
-0.274041843609852 -0.302197562371569 0.00649187481940586 0.00991470517775173
-0.395959024956606 0.00658361913510271 -0.0196032130282248 -0.105485726845695
-0.256492112130383 0.310155072720238 -0.0815796421656215 -0.0603005221676929
-0.0154015369090451 0.328931935994092 -0.0536918078356409 0.0296784590430203
0.131918345825149 0.257998386434455 -0.0039383428949014 0.0412712417419279
0.245828869486161 0.170995487364456 0.0407668120306692 0.015874577320539
0.255815910242607 0.129266873750759 0.0546701696944994 -0.0149154326063654
0.244828353774819 0.175738810561412 0.0616322433225396 -0.0239148460070081
0.121842121029033 0.298600787585332 0.0908669124494176 -0.0231898333917504
-0.0564174561008342 0.330583751149149 0.117742372752621 0.0232630558259444
-0.317010052052663 0.289871317668539 0.0579342145459451 0.113612747137077
-0.411092337594877 -0.047140096990457 -0.0985954343877819 0.0696460496919409
-0.219697531755273 -0.378139829636286 -0.141648830143581 -0.0121582877853596
-0.0267491821219209 -0.471432698413268 -0.0300160413234055 -0.0546850720721528
-0.109524388531661 -0.383727460926265 -0.0634692570684654 0.204370231149266
-0.288459066666375 -0.262244747012113 0.0781749200291289 0.100204679139764
-0.377042686434184 0.0339964141882362 0.0100597406258151 -0.102947156802786
-0.224210442018281 0.294990978676706 -0.0928031038089424 -0.0539641087683036
-0.0124102893540556 0.299892297424366 -0.0652779435628378 0.0857668318362641
0.116809746177428 0.241125879682595 0.0328854222640682 0.123712293981096
0.216954270494855 0.165072713477029 0.117102395474193 0.0871327358536043
0.220156310183538 0.127240544088021 0.143575616446685 0.0424159556368682
0.202289500900623 0.166017020731458 0.141812414013193 0.0411516165652356
0.0860124491083641 0.263801139370981 0.136603202876823 0.0543351564954757
-0.0677231153452949 0.271885532704115 0.117255142824023 0.0884246079048851
-0.265827365283995 0.218951479561422 0.0526971514609583 0.134189382936401
-0.329792545072342 -0.0441020589395837 -0.0684386278085046 0.0868662251787164
-0.180360160002216 -0.312613828796954 -0.0867280711220346 0.0587768578681049
-0.0396214897643024 -0.416277745009189 -0.0211447978795841 0.105247224015528
-0.117971598190034 -0.292839289711918 -0.0513878682847269 0.349032955464664
-0.245273409312722 -0.178449253501301 0.144774873119016 0.189352041634261
-0.280620265569522 0.04764709039941 0.0455523565198557 -0.0809154791018339
-0.150275563921603 0.215320770516725 -0.0863915506717792 -0.0391283838367767
-0.012301561844136 0.212730096777761 -0.0678837255807095 0.129055789535474
0.079361129462353 0.181268944858224 0.0643978629924981 0.191540111463297
0.153324108570829 0.133428604209045 0.177651993960151 0.147039705554738
0.15054092945276 0.105047434666069 0.211202191398378 0.0937415467112717
0.129478618929479 0.131456239437409 0.196400748500222 0.096844858201671
0.0361793912064545 0.190329946502122 0.156160972528714 0.115534981880366
-0.0709004746631309 0.170418255663776 0.0977123178839582 0.130534338219654
-0.174131153183777 0.109088854296248 0.0366524824344284 0.130631682420267
-0.192693914596454 -0.0385400455137419 -0.0393158976355306 0.0867888376263952
-0.107643820060745 -0.198855889463373 -0.0356428418913587 0.0986392325905338
-0.0500689748750431 -0.294616295085492 -0.00360272665718504 0.224424238949483
-0.105482041458912 -0.153268577744396 -0.0424969047747772 0.4586796949078
-0.153700217198858 -0.0667151891389736 0.19188971365118 0.260877771798104
-0.135635895607067 0.0494460643918366 0.0840443237042894 -0.0486949020266808
-0.0519860823202364 0.0964557368614316 -0.0644599651934311 -0.0274240016463397
-0.0136787746165534 0.087505799943391 -0.0662671249215972 0.147615787149703
0.0252764510052718 0.0911165750030214 0.082636051507566 0.230380005171504
0.0623969969847532 0.0799875548097919 0.211889719491128 0.186495942009338
0.0576697059965126 0.0680659052840117 0.247344327585133 0.13142250992455
0.0412248973844625 0.080227510459218 0.218180869864386 0.136045442420675
-0.0135752262421982 0.0962646270814327 0.148480752762301 0.154095462243663
-0.0616477899773483 0.057553188259268 0.0637484160102208 0.14639913687296
-0.0688704124975401 0.00355344151012659 0.0168702071156839 0.1078943144999
-0.0503896659258623 -0.0224612412353974 -0.0134976958456187 0.0748304337567699
-0.0375866747481495 -0.0655188062956456 0.00682607130672991 0.108751542644827
-0.0563754490365107 -0.139364792647003 0.0196222389702094 0.288032401423157
0.0183823360290569 -0.0524018412961008 -0.17548103057291 -0.260774372882952
-0.0400995721367801 -0.0486154931845731 -0.153202390948766 -0.105590823670846
-0.0683662897968837 0.027389058629781 -0.0425831730687107 -0.0417308655830713
-3.65083390772227E-05 0.084075541551847 -0.026659094626694 -0.0424919977719616
0.0583396641098966 0.0355763417051223 -0.0585259416725476 -0.104143226522029
0.0522528852758969 -0.0128799731051041 -0.169394473598179 -0.119140302448812
0.0399565746199718 -0.0390417105419996 -0.24801284299974 -0.0710297718659707
0.0358908797691951 -0.0369683456114606 -0.284527148623398 -0.0346321721664663
0.030571858683113 -0.0272430558998804 -0.27899559534888 -0.0763249763092703
0.0298250133652622 -0.00401239024621457 -0.188241752078343 -0.160041581961827
0.0220384483390605 0.0224513914599212 -0.0338170222822575 -0.165259332726596
-0.0248160822804852 0.0435819294816164 0.0275398875000539 -0.0236072550733246
-0.0485494214478166 -0.0286268165280764 -0.0807316442659357 0.0383827079408331
0.0313707247840548 -0.0749078844870844 -0.248968549762266 -0.140612120731578
0.0819731035419299 -0.0241974215482461 -0.162152390183125 -0.49796415336715
-0.0511879512541213 -0.174028511167451 -0.172673231189477 -0.242511326376994
-0.133358460035879 -0.117115674494747 -0.155934818099732 -0.0970909141522696
-0.168064100212943 0.0493207920214973 -0.0623637160176513 -0.0336023603438032
-0.0486429419875743 0.17977888003721 -0.0342102871512203 -0.0201407770766155
0.0770451829535198 0.13066972102275 -0.0383766165679236 -0.0815965692991511
0.11830030687679 0.054898165872989 -0.136716127067936 -0.106302695802925
0.141334079356387 -0.0117221604441025 -0.208379644392465 -0.0728554664482985
0.144536930210264 -0.0248268317767176 -0.24678613181317 -0.0456116819335797
0.148132266503593 -0.00172825049010731 -0.245084495120621 -0.083689883115698
0.123556911995572 0.0823986507420693 -0.159887950200648 -0.160353747328327
0.0550636355491581 0.144996131731293 -0.0140352496207639 -0.160348254642761
-0.0804280250689158 0.190270726019628 0.0291248586299011 -0.00984471975683481
-0.196148989770024 0.0253704150466602 -0.10606262999504 0.0444325777163431
-0.118362143399469 -0.16378541828743 -0.262096724848739 -0.124977210052295
-0.0221176030919457 -0.195938530654655 -0.168456343312483 -0.4495287145086
-0.119935128547597 -0.273498905803275 -0.156363153720639 -0.177598345393801
-0.224389931580046 -0.167444210305419 -0.137079384089092 -0.0742239636034507
-0.257448123129981 0.0768219896811637 -0.0772408592315454 -0.0369273684653977
-0.0897272822515069 0.265750290046676 -0.05156788272128 -0.00881453997450038
0.0913177256253835 0.216518799366207 -0.029978979205294 -0.0477180953048563
0.173024885365793 0.117219171813915 -0.094502556378631 -0.0732387004108953
0.224476784342761 0.0167535085333329 -0.140140736767485 -0.0600372794305626
0.2312877669915 -0.00932837333963361 -0.17101271041686 -0.0491421963749331
0.242721387961947 0.0256990800419847 -0.17099775486256 -0.079099993206393
0.198758312039071 0.158840727912568 -0.101421939845554 -0.140488784984529
0.0805960094681036 0.252441251434892 0.0177889240233012 -0.134720843820788
-0.130635410514159 0.316648941322692 0.0398833196641833 0.0108785315642453
-0.324999109801994 0.0757669391425837 -0.109923235219155 0.0573477045445856
-0.253823576926075 -0.234015903333499 -0.243200068181602 -0.0834152473826462
-0.122184256460875 -0.338858842802002 -0.144429062920591 -0.341929231444951
-0.183465489309474 -0.336835665678198 -0.120020389876749 -0.0709772890866555
-0.311925593061329 -0.188498704314609 -0.086677461896356 -0.0364264874052687
-0.329280543511722 0.117602435912708 -0.0814239907339037 -0.0498593224328104
-0.111162299861612 0.342282321918165 -0.0759383639884851 -0.00315118052274324
0.107664812775064 0.28112439017054 -0.0276071220734226 -0.00124445383625235
0.211496652028558 0.164273545898446 -0.0413338732411487 -0.0216117605328251
0.278597817788318 0.0410748396414192 -0.0490470792824629 -0.0355467026006317
0.283096294415655 0.00659276757275203 -0.0685474941856745 -0.045817558188293
0.297061430173114 0.0484954901580126 -0.0689802762507024 -0.0660329805535971
0.240734644785032 0.211863375864617 -0.0216363091984983 -0.102827771186606
0.0915557645705323 0.322743009961011 0.0585237775425562 -0.0897666136507321
-0.163450664139523 0.39745587726534 0.0571926207061168 0.037047847542384
-0.405870095637295 0.115803316211166 -0.0920094001815202 0.0739242713884402
-0.347678998917521 -0.271582195284062 -0.188865540037212 -0.0237860619476657
-0.196501242096102 -0.426041729949709 -0.0911559001560633 -0.19340135597952
-0.228602299276441 -0.354469685124913 -0.0633178292929517 0.0649490420668238
-0.368042287992154 -0.175048100148011 -0.00140778885148174 0.0117516085369921
-0.361185262950602 0.159290204219694 -0.0694665691768482 -0.0657718711857006
-0.109241571444303 0.382141087383361 -0.097874876605341 0.00319192086155229
0.117201387036216 0.30778656714096 -0.0224099972213928 0.0566013240905859
0.226020089997519 0.185791623894285 0.0236403502712726 0.0408583581450296
0.293824167397961 0.0591495420336316 0.0545183281230992 -0.00300194403817305
0.291025505722954 0.0210350831479116 0.0445991710757961 -0.0353376012032893
0.300643478855971 0.0657508494274157 0.0432574513235334 -0.0456917536277004
0.236882742199972 0.23106363018943 0.0669244090037916 -0.054848946994055
0.0814358824341269 0.335742115304962 0.100303683260478 -0.0315940919835479
-0.169646225715207 0.398604182704175 0.0743202723435965 0.0654457175699368
-0.408948920636388 0.121572346367493 -0.059086747107771 0.088308424013192
-0.364224298090691 -0.267757920583828 -0.112197444629136 0.0383221789937305
-0.229390887827725 -0.438898487276166 -0.0216364090301142 -0.0324540310515238
-0.240809419830066 -0.317889967456038 0.00855598248616375 0.211050033801353
-0.364456598693075 -0.134018568492907 0.104149900524268 0.0663661816783597
-0.332083191815524 0.175683001282116 -0.039975103336863 -0.0759669050700751
-0.0866381256390246 0.354349466865375 -0.105873235899337 0.0122915593032862
0.107868285971198 0.280583820697049 -0.0115945968836303 0.113268948423996
0.205724901593797 0.175992902904707 0.0914085745791158 0.102788475554445
0.265685019488168 0.0661535117050049 0.154847939247605 0.0315331078861985
0.255971998284453 0.032864488570285 0.150243954114773 -0.0201431626991694
0.256216791875248 0.0741146974874647 0.144633828476479 -0.0200127119543805
0.189301567344921 0.213582366903911 0.141353860288005 -0.0036333658629103
0.0472688495170632 0.285340193503265 0.12892478240481 0.0273428889253933
-0.153370957614935 0.312917702619736 0.0824935211824263 0.0870286181835287
-0.329633582748009 0.0901974920222468 -0.0245138700070609 0.0934271938113846
-0.299692900918028 -0.221910208018923 -0.0364494750925831 0.0838097841592533
-0.218865414803021 -0.378588340805871 0.0483033698656989 0.111113890303866
-0.212355265138567 -0.23186810596865 0.0797846076217393 0.344306388866766
-0.291621925154849 -0.0756081185200841 0.205693368401808 0.120269877215636
-0.239567621603477 0.150371278429558 0.00337589095982554 -0.075704032954407
-0.0510419130390538 0.253616472562708 -0.0958933153594066 0.0171501622001507
0.0731805803985897 0.200332227393515 -0.000128708402245147 0.154399252923551
0.14735177000818 0.135526669101423 0.147939993271611 0.152333121654597
0.194157349543112 0.0628353045551749 0.234237722809179 0.0626353996346752
0.181660019219066 0.0389386746391829 0.234681791117294 -0.00155595460597746
0.174368691317751 0.0721425995469046 0.218977557101847 0.00796412927657413
0.11215780067938 0.164504685374775 0.186314191510498 0.0436543449991938
0.00255613538830575 0.191144806569662 0.132660392137608 0.0745408549352766
-0.115290527802324 0.174168268231029 0.0753611859685566 0.092461511873976
-0.197114273123222 0.0394483502779861 0.0015088072846573 0.0857395620876304
-0.182990302607581 -0.143475827936274 0.020825564166325 0.103393344921862
-0.173560535771109 -0.256196278537644 0.105661779452814 0.212269521623278
-0.147769273324486 -0.107800991430657 0.135686268003369 0.444125010179042
-0.164727206071298 -0.00844895175454121 0.283191575459223 0.165269397045552
-0.105415071064227 0.0962196982926881 0.0534846602509709 -0.0696975880394783
-0.0102189471720555 0.107973255255042 -0.0732259325236347 0.0100252444028407
0.023178323803016 0.0862135584185512 0.00324773031762248 0.169793189175232
0.0612082476523189 0.073641752586797 0.177598969674351 0.181091494430415
0.089490247421702 0.0502984734751947 0.279195026027588 0.0851719170678519
0.0799274405892367 0.0412204676710255 0.284813788374453 0.0174236572494662
0.0706624266746773 0.060161042053733 0.257309609706364 0.0339755088949459
0.026951909474073 0.0966481723909234 0.197377198290985 0.0796886365824028
-0.0347024425512713 0.080838964129128 0.113751546710997 0.103826496708184
-0.0631923242620219 0.0322304451724497 0.0570216561151271 0.0827580555961462
-0.0562292686228063 -0.00246943580640413 0.0203422966037573 0.0690012681266828
-0.0605544937147107 -0.0469922510012078 0.0560974364593185 0.0986043263248749
-0.112256472259427 -0.104696257631895 0.144191796739699 0.25945063586718
0.0174171649256109 -0.0543174245102018 -0.18177161932625 -0.268491412597479
-0.0429301778671549 -0.049390894042627 -0.162416654599091 -0.108305031394794
-0.0698736485881063 0.0309234286701197 -0.0463687314943351 -0.0402185233325333
0.00346166058917805 0.0873166275035673 -0.0258000473427786 -0.0393905303860324
0.06205472022616 0.0340761627139318 -0.0573309173583389 -0.106313625999861
0.0538249668359147 -0.0154728573311209 -0.174600219969681 -0.12181877686387
0.0409832086487403 -0.0423784360826984 -0.257680710929356 -0.0721266591107675
0.0363150236647374 -0.0400695127798882 -0.294405246281177 -0.033187922772563
0.0319463351490636 -0.028828085972424 -0.289445115659843 -0.0771769042370315
0.031359556560254 -0.00464157018763402 -0.197971388422356 -0.165827710484996
0.0236808015120962 0.0229177424016758 -0.0363112181904585 -0.174401777684928
-0.0236387296455095 0.0465710899761489 0.0311340073642082 -0.0277373335700495
-0.0502886157401229 -0.0280932791122861 -0.078337241155566 0.0392960501158931
0.0292364124167079 -0.0771017254952173 -0.254205876805372 -0.142683290130367
0.0833575406091099 -0.0260510485641932 -0.170275971271282 -0.511107255257484
-0.0540307998401872 -0.179867274978531 -0.178374606872169 -0.249985773547833
-0.139809448520864 -0.121004271548578 -0.164648280473753 -0.0988240925818059
-0.17211729540177 0.0537706611861346 -0.0658695238716621 -0.0315150341998605
-0.0450236896462051 0.186001489658402 -0.0326731331547891 -0.0170963828292562
0.0823727712169682 0.131971717433861 -0.0369289241495085 -0.0837976983907239
0.122472349341003 0.0543156646830725 -0.140394238514456 -0.109725562134263
0.145725476901896 -0.0153598920932525 -0.217624083321797 -0.0743036002089703
0.147375853785434 -0.0286078537903021 -0.255965947046966 -0.0454056161826257
0.15348696686771 -0.00383547473010407 -0.255187132693311 -0.0845004532190644
0.129219048510115 0.0839609451206735 -0.168068930175242 -0.167318099321631
0.0588691955769834 0.149521396214499 -0.0164796774067759 -0.169733347994757
-0.0801895138431115 0.197776529359584 0.0341102258599935 -0.0137924595222318
-0.202342229416006 0.0269788309297826 -0.104442397714082 0.0468063434934243
-0.125442440108131 -0.16952591361331 -0.267283196530018 -0.125583742708811
-0.0240319842405614 -0.202728074508301 -0.176429242533962 -0.459464280359011
-0.124881273760245 -0.281785626192499 -0.160109692847001 -0.182732950067433
-0.233511657889079 -0.17325522040164 -0.144140973853951 -0.0750993298660817
-0.263341123170521 0.0816018308490608 -0.0806136454241042 -0.0336833535227151
-0.0863336108588429 0.275022157236455 -0.050479024931637 -0.00434977290580259
0.0976668318429886 0.220138891033902 -0.0281480560989417 -0.0502029884481943
0.178660600806914 0.118891992247636 -0.0966732069332066 -0.0764165380348092
0.231768516829041 0.0138004963001014 -0.147340552226039 -0.0617452453007886
0.237198193611125 -0.0133743994101307 -0.178206186509288 -0.0498923505335001
0.251117155754314 0.0222324825297123 -0.17982832885756 -0.0813814365292235
0.208540744881484 0.162165331187446 -0.108802677211777 -0.147069238186127
0.0854281679303341 0.259919119527775 0.0155260902959229 -0.14365380175961
-0.130443940095775 0.328758546413136 0.0453501777662079 0.00669015999824416
-0.334495311443653 0.0800991468395666 -0.108715403868558 0.0620914942654978
-0.2654413030507 -0.241781305384596 -0.246888068685329 -0.0819628789805824
-0.126443969218872 -0.349941502079658 -0.150858320470378 -0.35066581428841
-0.190969197094066 -0.347247801465421 -0.122185500607482 -0.0729086275751736
-0.322779483258653 -0.194462250900243 -0.0913665442601345 -0.0371484129219652
-0.336519362748503 0.125816438425901 -0.0847950656825855 -0.0465332204607756
-0.109044405712513 0.353318902936763 -0.0758435104821872 0.00171255081895824
0.11456507486448 0.287896328714386 -0.0261170421383716 -0.00217957680588558
0.219678413253088 0.167701767282637 -0.0409482585669306 -0.0233830939423283
0.28785150372861 0.0389056227909453 -0.0529246632677196 -0.0378253107617102
0.289681172162262 0.00209965726104488 -0.072097213604753 -0.0475996837527873
0.306599464064501 0.0463916908505291 -0.0742037227336829 -0.0684991664902392
0.25211628160895 0.217005541688859 -0.025419642675453 -0.108810394014735
0.0978207337278093 0.332131390903654 0.0569061884748736 -0.097295879498586
-0.163495274434515 0.411982422067977 0.0630483082481088 0.0326770239510188
-0.417509147026427 0.119208884973988 -0.0903349337660505 0.0782687919938844
-0.361369533796239 -0.280283409094088 -0.190499720018884 -0.0204452984662982
-0.20297448809778 -0.438460254683714 -0.093349430827608 -0.197900142279205
-0.235787511948915 -0.364799742447266 -0.0626905384565295 0.0668309361403129
-0.380433438953468 -0.182144653785288 -0.00275015148689868 0.0122252034615542
-0.369098823118584 0.16643585204607 -0.072621742791784 -0.0627419915430416
-0.105940709340012 0.394918058828156 -0.0995902402479622 0.0090185723193336
0.12474184023296 0.316095428873011 -0.0202981151095933 0.057727677617985
0.234649203383937 0.19081779403608 0.0266145738050097 0.0410382489727845
0.303674057565665 0.0575304643910621 0.0545145035212559 -0.00537569839883126
0.298567516519439 0.0179795563302508 0.0445652502104825 -0.0384476091602655
0.311278910289225 0.0634512965012887 0.0410930817338647 -0.0487820661781579
0.248378650338113 0.236528191030075 0.0663827786657016 -0.0596937727958097
0.086714663159207 0.34563948134139 0.0998099603467445 -0.0368944401950524
-0.171346867870258 0.413228049072764 0.0803772803640819 0.0609983391371769
-0.419802347726725 0.126178713724706 -0.0572414590884319 0.0918923322404156
-0.379018291710738 -0.275696622684443 -0.110834845877709 0.0424526102631619
-0.23538061370125 -0.4511893889719 -0.0204808775667736 -0.0326427912090448
-0.248703427049149 -0.328501333469496 0.0114726893656111 0.217273204355169
-0.376956804536542 -0.139448074845395 0.107312446053871 0.0676460602259846
-0.338046590793617 0.18136521141768 -0.0426021187037531 -0.0738080830139428
-0.0858041687014324 0.366024188523683 -0.109188709992061 0.018309673473837
0.113295263875562 0.288682331681821 -0.00950723373328152 0.117349375669493
0.213431990039653 0.181225977298532 0.0972931540820875 0.105599622046225
0.27439287732249 0.065740143512119 0.158661644926975 0.0296331476338639
0.26267691764144 0.0314409168838086 0.154970717058301 -0.0231081890290609
0.264952226440005 0.0726550803533017 0.145951798172716 -0.0226581688846294
0.198875068213389 0.219170581409554 0.143258466120108 -0.0075178311262138
0.0504152452541074 0.294044392359933 0.129552532078008 0.0240537321441946
-0.154848456149393 0.323895265942971 0.0880530500602936 0.0831477649642715
-0.338392991144457 0.0930620171771751 -0.0221523859152615 0.0957874712485321
-0.309726234584359 -0.229222037895861 -0.0326720812718021 0.0888214182212713
-0.224757289267575 -0.388068311996724 0.0530225075677484 0.114576699985657
-0.218416997336787 -0.238279892199305 0.0858321542788359 0.353615771194388
-0.299287154583144 -0.0785196358455142 0.211916358871346 0.121728109439099
-0.243435009744009 0.15452062467785 0.00102747935299694 -0.0745907315167035
-0.0514600448621313 0.261151066632811 -0.100305536608147 0.0232280746984437
0.076869517870207 0.206987103605191 0.00176861374398146 0.161860408938186
0.153090218520453 0.140070586303208 0.155913269253034 0.157580873210994
0.20080612030555 0.0636006419025624 0.242261719977293 0.0611415290281751
0.186616376953607 0.0394380647137996 0.241939165550561 -0.00498028529398746
0.180229915866383 0.0720063249868661 0.223494342468821 0.00463418984177511
0.118651436183206 0.169743175851301 0.190111782638753 0.041952989318467
0.00374913461788815 0.19757990654577 0.133943282317735 0.0729164178778103
-0.118478013577118 0.179474829470402 0.07931631415664 0.0886962103866809
-0.201666690558204 0.0400386981909076 0.00412444347963157 0.0873742549980572
-0.188287416789204 -0.149141850976495 0.0252752558044371 0.108491545701593
-0.177155061999417 -0.263225808373094 0.111768848287982 0.218059860167645
-0.151733420729215 -0.109606105788702 0.143001105241543 0.456598179222382
-0.168230788872399 -0.00930946194733634 0.292169429736639 0.166898397896367
-0.106279239264191 0.0976634156594983 0.0515948066170543 -0.0689319877112009
-0.0104836035243234 0.110675639387298 -0.0785930603458164 0.0148192410967597
0.0235651445762588 0.0899334185105155 0.00480054638512644 0.178748150858942
0.0635052598906717 0.0769068116068144 0.186628017066585 0.187560113739479
0.092837475224753 0.0518523169065104 0.290052279365191 0.0846857485915617
0.0821715828721149 0.0429581882051915 0.293439875320694 0.0144635898940868
0.0734582215552158 0.0620627311809113 0.263331774982085 0.0323162093472659
0.0294297190334267 0.10073842275128 0.201883809019021 0.0798786574333097
-0.0362242308145139 0.0846305271818388 0.114716275815594 0.103612151272462
-0.066273289640585 0.0329322493057615 0.0591532137090886 0.0792771676156071
-0.0574464053407359 -0.00391575560450302 0.021685048598882 0.0683666128762337
-0.0609398491111851 -0.0502732848964681 0.0609715178408199 0.103376364954836
-0.113998391505705 -0.106648645194616 0.151853200597579 0.266401891560369
0.0139621417303132 -0.055758216938362 -0.193633390966633 -0.268752779286959
-0.0477478017192915 -0.0483538749290813 -0.173961166161638 -0.103664469245026
-0.0692039892998409 0.0361165593715167 -0.0511383873494647 -0.0365986678159651
0.00947611830371994 0.0889671369603423 -0.0254600024726891 -0.0355458326728168
0.0659448765340266 0.0300325100798032 -0.0597783492359436 -0.105370122105553
0.0540079070669948 -0.0193632235718452 -0.18173953642446 -0.118546495919829
0.0397739991316666 -0.0469608543554538 -0.266678687470954 -0.0638528192295039
0.0348880592911331 -0.0436915423769147 -0.301834536733168 -0.0229026621255278
0.0323409674058206 -0.031245585527589 -0.300074884312822 -0.0676883671841569
0.03222933919399 -0.00672472447819936 -0.20980825109508 -0.163670202247391
0.0256543200154148 0.02252069798495 -0.0441103692887351 -0.180766908782257
-0.020478954706312 0.049051547972187 0.0335429048164299 -0.031931809870343
-0.0528820919377997 -0.0252489511452296 -0.0737087716789381 0.0410724958175663
0.0244381714474977 -0.0794808939476272 -0.261055556589207 -0.136895841287327
0.0830347117662373 -0.030519972008931 -0.191808294870847 -0.512522659982727
-0.0626097413132278 -0.182092614833126 -0.189373861235821 -0.249784154449032
-0.149121837902501 -0.119007844905479 -0.175061429357368 -0.094652198979823
-0.171308475730511 0.0629297677071016 -0.0693679400923498 -0.026966636886045
-0.0357558344780287 0.190802703078811 -0.030908398661727 -0.0121548896833221
0.0900498766775316 0.12922893673976 -0.0377148777940753 -0.0854786977235211
0.126510781369194 0.0498638089189515 -0.146699597623176 -0.108026782884515
0.148038912228441 -0.0233971996206605 -0.226648827488383 -0.0685774345250813
0.148823979801809 -0.0364601032384572 -0.264011831972761 -0.0367538394805977
0.157521402628137 -0.0109543910753713 -0.265920581189845 -0.0769450027784577
0.136460823059232 0.0806141772201571 -0.180636787970332 -0.167273446771725
0.0656470905091538 0.149991015360257 -0.0241201728560791 -0.176970832350624
-0.0723323021045834 0.205671886045584 0.0378825593367774 -0.0187040686281767
-0.205741691057199 0.0350795356443939 -0.099398835607577 0.0521564400975354
-0.136125787271719 -0.169176320121772 -0.273483207275074 -0.117590133549837
-0.031029489350322 -0.206912768098209 -0.196114301194911 -0.460906170303575
-0.137342151035216 -0.283990123093365 -0.167939048881563 -0.181637524867396
-0.246325061325572 -0.169903230539987 -0.152196369700213 -0.0715825095733813
-0.262853121812864 0.0947409941588331 -0.0833940877448805 -0.0283669804854751
-0.0752856693441435 0.283114552900791 -0.0483535124985087 0.000407376736392358
0.10976002369932 0.218999331817835 -0.0281152580930306 -0.0523086877770985
0.186758798849058 0.114537015259054 -0.10045393989826 -0.0760376851570813
0.237196806437289 0.00319423204061333 -0.154914403392541 -0.0588871189317552
0.240308988454842 -0.0238575147145657 -0.184635810807627 -0.0447626187009354
0.257728191109826 0.0112543551756154 -0.188926392291652 -0.0764614382804354
0.220710619375103 0.15854907683662 -0.119410928544598 -0.149138277295653
0.0968849614481966 0.261833628055769 0.00808948250038441 -0.151431642785134
-0.118451630823614 0.341014730147664 0.0508041666169147 8.23449023614268E-05
-0.338725978839404 0.0925562377626178 -0.103592306558879 0.0680073968624304
-0.280981643519547 -0.238702536099956 -0.250666118927764 -0.0733460119246034
-0.139890309404217 -0.353900875787561 -0.164686163732918 -0.349017003980706
-0.206644082699834 -0.349248830877227 -0.124931741642221 -0.0715672887508319
-0.337563922958382 -0.189700138776359 -0.0960231379052867 -0.0350412635162794
-0.335661057719713 0.139248873053639 -0.0876958170911285 -0.041143381613175
-0.0956193619053677 0.36413121753961 -0.0746667557558413 0.00867990309647575
0.12897157261342 0.287995627904856 -0.0241548035868738 -0.0039632480141714
0.231329730869455 0.163434832243738 -0.0414232512153328 -0.0242126344191516
0.294554492629234 0.027825440024032 -0.0573223022951655 -0.0377130114475196
0.294175494794356 -0.00966464742024022 -0.0766725909744126 -0.046707492285914
0.315084146219737 0.0333680673224959 -0.0811805575097259 -0.0675642622344981
0.2677545018627 0.211824887941166 -0.0326948085599416 -0.113510278480179
0.111886305074038 0.335850440827208 0.0515041458741034 -0.104980193205744
-0.149246486918666 0.42720822634015 0.0688198080990791 0.0249634322282762
-0.421927172641419 0.134742233504879 -0.0847103801829232 0.0844941521301501
-0.379154061427115 -0.275181757791319 -0.190752549285276 -0.0124779041173739
-0.219910410507761 -0.441104863841677 -0.100562578950042 -0.197656764465964
-0.253124058495505 -0.365261706017927 -0.0599617051042456 0.0690674439677413
-0.396065477418283 -0.175402633390327 -0.00337890945995698 0.0115194482552281
-0.367126956205909 0.182532190496468 -0.0766239040943465 -0.0579203601873129
-0.0932101235393842 0.405969341354924 -0.0988579187774569 0.0172679220333043
0.13971802822113 0.317299846722592 -0.0172138714860216 0.058395436425892
0.247265194847291 0.187507261942447 0.0308089486485642 0.0400742682220356
0.312372774526955 0.0463394828948754 0.0539573473217849 -0.00902173020003576
0.303414094910025 0.00687029137609484 0.0430303313690318 -0.0421030543997101
0.319524039041231 0.0500456084531568 0.0371435184954299 -0.0514786652787757
0.264554993787441 0.232568873940905 0.0621405742989738 -0.0659414860789265
0.101037028957774 0.349226274395567 0.0966827939169179 -0.0447592520652114
-0.156955162816052 0.428141656642507 0.0866523630563028 0.0530582830538009
-0.42345450641111 0.141730591682265 -0.0517568113373681 0.0961548340474392
-0.39569317601613 -0.270327969002897 -0.107535660284788 0.0484947366382559
-0.253622211904196 -0.45340989367769 -0.0196591235165548 -0.0324113467649283
-0.263695476920458 -0.326821711277309 0.02110894508523 0.220078524289581
-0.389349792915671 -0.132067389006431 0.1113585975025 0.0642844471398575
-0.336642774596357 0.195636873724206 -0.0468111964043217 -0.07003186997523
-0.0741597560444617 0.375963868672224 -0.109928891785269 0.0274927165298756
0.126830364797417 0.291087535002016 -0.00415867908907836 0.120319691201407
0.225442706378373 0.178684173254468 0.10595080103391 0.104315820803406
0.282825872111009 0.0568607572687136 0.162841428239021 0.0228349953220251
0.268104435853428 0.022136212608808 0.156010880957491 -0.030995175873423
0.273111346495091 0.0628738183335566 0.145698922517778 -0.0294517488739344
0.213174895035217 0.217064146412435 0.14306285448444 -0.014707544890852
0.0627057965385764 0.298544181786232 0.128709053378085 0.0167141858937488
-0.145252187675429 0.335275890520496 0.0937902398743398 0.0748428027562923
-0.340836675592229 0.104393197634699 -0.0171357057475312 0.0988421136596166
-0.32362608897881 -0.225903881277858 -0.0260244413658196 0.093892986979825
-0.238595630004683 -0.388883223749994 0.0597897593491849 0.114236488484873
-0.229996922065213 -0.236081998945116 0.100030704949281 0.356561467797619
-0.307685312292256 -0.0726345939313822 0.220463046004489 0.114738430291355
-0.241134952535349 0.163982960217697 -0.00313283089567291 -0.0727766408341101
-0.0429093966906638 0.267821003314095 -0.102302738658062 0.0318273822405998
0.0858994909344689 0.209403018496277 0.00892709731893404 0.166260297893365
0.162386752668961 0.139262714839804 0.167720420939037 0.155795559212216
0.208087583880454 0.0577381296801593 0.250030939047884 0.0524377010628613
0.191205920087041 0.0344590044059242 0.247048877999465 -0.0152505894623023
0.186626767504639 0.0667297446163294 0.226213239915896 -0.00328304389661578
0.128141473548314 0.169563764021564 0.193100947634786 0.0336800908416385
0.0110300799755652 0.20192092515564 0.135197264512396 0.0668957021119381
-0.114118837521327 0.187502877397759 0.0834948654344042 0.0816672588423361
-0.204158478387528 0.0459077089524619 0.00855664039585226 0.0872352341897088
-0.19658731642611 -0.148239734450545 0.0334434305277252 0.111898179994658
-0.188248305368038 -0.262159101523405 0.12404886151387 0.217462820130306
-0.157145524747862 -0.106185672346682 0.161320114109199 0.458763627626867
-0.17036047461047 -0.00503414717890765 0.303639896761961 0.157663514344204
-0.103202382751456 0.101269812868227 0.047969256507658 -0.0701698657778479
-0.00813332755572926 0.112554845714597 -0.0819402187787933 0.0226441478857535
0.0267342803242902 0.0929743984205976 0.0122091368562693 0.184881726824586
0.0682316788128207 0.0774460046797378 0.200888495291258 0.186487514104867
0.0969618236522823 0.0509247779886235 0.300245496980051 0.0746130749752053
0.0852636570019576 0.0422307368937497 0.3006435510119 0.00203457410371089
0.0771211522313784 0.0609378055293438 0.269525351818445 0.0226710461775622
0.0344420343244145 0.102580880211457 0.207676389503438 0.0730487626711785
-0.033705534794811 0.0883944281895196 0.117652113720077 0.0997552023336368
-0.0679261200973895 0.0354342922507195 0.0613394925806423 0.0731289573909892
-0.0576646097809551 -0.00337223292055738 0.0253312196136662 0.0659556428231766
-0.0628488709821013 -0.0512575356360949 0.0687221081667966 0.104963330590676
-0.118062281896948 -0.103821551863387 0.16540306426193 0.264893635597936
0.0104329580434652 -0.0557194338431062 -0.202108403324364 -0.259551019562421
-0.0510721483545795 -0.0454281525349475 -0.18059787609152 -0.09409782529629
-0.0661635757449644 0.0411947095651162 -0.0540604836695206 -0.031050039763355
0.0158023074544867 0.0875458069044706 -0.0247988378141511 -0.0310112089329808
0.0678797799905327 0.0243162227747816 -0.0614476484227734 -0.101296431107499
0.0522394753992288 -0.0232515533455532 -0.184929323087334 -0.110270956945616
0.036819701634203 -0.0499995037057586 -0.268874384821148 -0.05163901328548
0.0319747841161197 -0.0467123132378477 -0.301526661979479 -0.00834286744542578
0.031667557493687 -0.0334734491161349 -0.302236783530342 -0.0541037050788388
0.0321834273872137 -0.00762770354706598 -0.218759507472555 -0.15477223383996
0.0272340170648386 0.0213558109479382 -0.0525854538139625 -0.181796615944956
-0.0162947857856024 0.0504694781411393 0.0344900928482782 -0.0365822786757381
-0.0539222968388445 -0.0215728108344347 -0.0667427679998189 0.0415487671406463
0.019143323324302 -0.0790882361273308 -0.26226650668219 -0.125244377776925
0.0798776978460688 -0.0344387915106658 -0.212526782405644 -0.499506641551542
-0.0708095329850652 -0.178092267246158 -0.197218953971901 -0.241116223797272
-0.154599533989017 -0.111730156017373 -0.180124111647352 -0.0857213107264513
-0.165705599173586 0.0708494233336983 -0.0699902997191833 -0.0212656761364707
-0.0242935814453699 0.190244449156647 -0.0283640109603366 -0.0085412409057438
0.0962559765571028 0.121926860434193 -0.0393303774003362 -0.0838560362202615
0.127724935971229 0.0426931563364104 -0.149936392621151 -0.10184833027337
0.145131850638506 -0.0316530407298304 -0.229364159737935 -0.0577158486827745
0.144452020500033 -0.0447457283077234 -0.264684433301819 -0.0241877139122745
0.155659831730525 -0.0195389907729556 -0.268801039237153 -0.0642327954426501
0.140094199112326 0.0737273822146066 -0.18955247620439 -0.160264420418802
0.072243493625193 0.146803342463663 -0.0335040107531757 -0.178586519788679
-0.0607349639370553 0.207729161606551 0.039842588778531 -0.0242035683071368
-0.202813433647664 0.0438164631737437 -0.091191229306796 0.0554726995027881
-0.144145657247406 -0.162360585223929 -0.272828218714825 -0.104655961219967
-0.0393654873638832 -0.204925290886551 -0.213695666670303 -0.447924887794835
-0.148815468992395 -0.276564945743416 -0.172945041431673 -0.175159980625878
-0.253309003773099 -0.15983164777259 -0.155953057632298 -0.0640812767830865
-0.254429284849298 0.105263533440918 -0.0840753653493581 -0.0224585010413263
-0.0593212796427325 0.282970256008414 -0.0445505799569212 0.00575881499149224
0.119029806461251 0.210616008504428 -0.0287718879175328 -0.0531255131119545
0.191108553679311 0.105130355702811 -0.102872657341423 -0.0728898904126777
0.234951636812832 -0.00891692238238852 -0.157985618155339 -0.0517382763219304
0.235895965206197 -0.0362756237578035 -0.18618403626486 -0.0367113197210065
0.255991497515369 -0.00254432812026942 -0.192454114791265 -0.0670812053630637
0.227888999970881 0.147163784761644 -0.128146199348295 -0.145334682097236
0.107778730729172 0.256228888587315 -0.00117113709522229 -0.154152063577391
-0.100684828077861 0.34322912157229 0.0531105005180481 -0.00681201440938636
-0.332072533525776 0.105572997477391 -0.0948210000467625 0.0724083386261201
-0.290203612630697 -0.226664653470586 -0.248022172099378 -0.0608630163455267
-0.151765244370541 -0.345406000556678 -0.176261473182035 -0.339447886574654
-0.218652860435026 -0.338169959666509 -0.125340763325952 -0.0676919526954333
-0.34483611858328 -0.174917157768198 -0.0985285359079636 -0.0308047618803143
-0.323831564398162 0.152255244615288 -0.0885728079718495 -0.0344162720213249
-0.0758508933322925 0.364305625990731 -0.0702417005358714 0.0151414328651645
0.141596436302911 0.279035027637367 -0.0236082482440313 -0.00500498203415232
0.237477778424123 0.152596757516866 -0.0409173292008222 -0.0237418168787345
0.293768400712171 0.0132694457431374 -0.0603527148301406 -0.0358289051557108
0.289946039378914 -0.0233681938999898 -0.0786124352413425 -0.0439975039732095
0.313459644107767 0.0163585931843791 -0.0860362166554876 -0.0631809426054161
0.276983227638664 0.198229259416502 -0.0413026725035414 -0.113865037558692
0.125891473772686 0.328787868769964 0.0426047068537386 -0.110450679718261
-0.127134211554227 0.428680130097325 0.0713872397503458 0.0161181304500987
-0.413019848486839 0.150896581725526 -0.0760183724802546 0.0875914855032623
-0.388679156594664 -0.258477398736421 -0.185839458487235 -0.00340493472053197
-0.233747988390533 -0.429323080314012 -0.106612387483293 -0.191191807199079
-0.26524821107488 -0.352657736723868 -0.0548064959378654 0.0689188499952294
-0.40254898143564 -0.15994659864752 -0.00394456800848591 0.0102651648259188
-0.354064788081767 0.195804524654719 -0.0779551368626455 -0.0517365675806769
-0.0727422610398035 0.40568458475956 -0.0948546650042006 0.0250116009636295
0.153245321956003 0.309560060332512 -0.0140823276166842 0.0565006479187236
0.255451987470662 0.176111480229276 0.0337445894060698 0.0371534768759764
0.312596984480977 0.0315103808007622 0.0522083987084226 -0.0124082768664671
0.300205894994601 -0.00655932089682905 0.0401351840591406 -0.0452055749083904
0.318303463202276 0.034452967734549 0.0323708928561939 -0.0524419426727506
0.27576865624371 0.218906947296615 0.0551530380243301 -0.0710525326119935
0.11586373909578 0.343335127615191 0.0900348901587366 -0.0516142791361496
-0.13464243682245 0.430972979120958 0.0887755038747977 0.0420896255854432
-0.414511069644016 0.156236023167967 -0.0433803099777398 0.0979656913564029
-0.404309045488542 -0.25436339690993 -0.10027100588138 0.054221098777556
-0.26728695700015 -0.438446301428221 -0.0188948876711219 -0.0317531495334906
-0.273351505464226 -0.313913949327801 0.0309153005143897 0.215753681441681
-0.391297900520532 -0.118753034670964 0.111943913398721 0.0566162299133301
-0.32395125868132 0.20597239564111 -0.0496934739077835 -0.0648795371201198
-0.0562746458283256 0.375230945674078 -0.106683858603354 0.0362101889127481
0.138458380550276 0.284336165096092 0.00136453799855314 0.119100003854017
0.232750753628327 0.16905800184159 0.11203191431909 0.0983363267293798
0.284011353144082 0.0435054443314042 0.161860435706851 0.0140443534248936
0.266115644796137 0.0109147053927782 0.153214027699009 -0.0392874524030281
0.272918273281385 0.0488910054541851 0.14123025186095 -0.0361707399559733
0.222537516983463 0.20531792663527 0.138631658435607 -0.0227478037893134
0.0753925394224747 0.294144843998022 0.124024883162834 0.00885922756748593
-0.127801749509389 0.339315159198735 0.0957626749835155 0.0635493830859406
-0.334132144805994 0.115636471884578 -0.0107275157537782 0.0980989687105034
-0.330138553330938 -0.212824936395087 -0.0179558794967577 0.0953240435322
-0.250143699767257 -0.375013071781736 0.0665412222715894 0.109829285034075
-0.235885270514242 -0.22438779364686 0.114408348499937 0.348645621100821
-0.308070083288736 -0.0613092849729797 0.222684164395147 0.102574378935426
-0.23079964784396 0.170357402123851 -0.00719926285995006 -0.0697742532459693
-0.0314327311501994 0.267343282412421 -0.100386161158394 0.0407415459546404
0.0941411266777168 0.20589618629124 0.0163169069140762 0.165320819154347
0.168207053510028 0.132432554021709 0.176406214046896 0.147126458833869
0.209260953805425 0.048813619299046 0.251257000915118 0.0395764743662538
0.190811798218605 0.0266365496304734 0.243803401660435 -0.0282529384508245
0.18704097037195 0.0574816185303304 0.222885717427998 -0.0136374417229882
0.136746629807574 0.162688637805564 0.190433977736347 0.0234638384473366
0.019205516324039 0.200713829575605 0.133509534092329 0.0589031272359159
-0.105067231123616 0.190526966472987 0.0855546458125203 0.0710287085499111
-0.199316508945166 0.0520176784070914 0.0127266648362526 0.0849941894286377
-0.20056141711457 -0.141483952736034 0.0416489793363039 0.110850905415435
-0.193849972484606 -0.251013495835137 0.133361836671049 0.209063067368481
-0.158851907890388 -0.0983016624836076 0.177873499242161 0.448023392136373
-0.168103969459693 0.000351399757712299 0.306808031291859 0.141470822033663
-0.0971663847952944 0.102423255051977 0.0427558630070021 -0.0696850027962104
-0.00450604282940467 0.111779482766818 -0.0813289049088512 0.0306637839190705
0.0294054974467336 0.0929420126882075 0.0208300042966366 0.18610414978729
0.071862234173272 0.0754544360976453 0.211008494638298 0.17743145447201
0.0991654744850196 0.0471463650615421 0.302861143551674 0.0596248925303206
0.086808038297054 0.0396955015501704 0.298452455564401 -0.0125208822032167
0.0786507998143825 0.0577236345691911 0.267252819913828 0.0103263366005697
0.0396190504144569 0.100524638848978 0.206945420906424 0.0632488106271072
-0.0301073124412862 0.0903425623328627 0.11810053385078 0.092180426062054
-0.0674458962356666 0.0381283060258105 0.0618153496996661 0.0646032340072402
-0.0567773458662269 -0.00327661730103221 0.0275792399230958 0.0623553729497758
-0.0632498986702813 -0.0511534349897686 0.0755837015430759 0.102476024595507
-0.119531092695665 -0.0973924389454121 0.175892993142158 0.255301464027727
0.00759395336103615 -0.0534936196589468 -0.202169231146138 -0.248408789993681
-0.0520580923679365 -0.0419987192273217 -0.180377791059899 -0.084965530576555
-0.0618464193450868 0.043361847935846 -0.0540886217373099 -0.0261519148137534
0.0197667650520525 0.0839657028822524 -0.0223851540320338 -0.0265223397641175
0.0670111192295924 0.0192939140050287 -0.0599550707740929 -0.0965746849569121
0.049341642816635 -0.0248216908594188 -0.182509883840163 -0.102620176101561
0.0331335242676234 -0.0512773483820475 -0.263670982979753 -0.0425877228483524
0.0290402431837904 -0.0479402715817412 -0.294246773014771 0.000162850888031901
0.0303185540316386 -0.0344671090410797 -0.296429161926442 -0.0439855268764377
0.0317890386182008 -0.00845008548929345 -0.218827694579776 -0.146493352716487
0.0279683287442529 0.0199732082561751 -0.0577242721342321 -0.178917743789935
-0.0133156895962793 0.0502047237413105 0.0349798010276884 -0.0398114826213154
-0.0535848514110503 -0.0181547540842232 -0.0595271694068381 0.0391141156537608
0.0144783519083312 -0.0763033918472128 -0.254927422938466 -0.115684249571867
0.0758722018463488 -0.0357632409388794 -0.21748618783861 -0.477502329485879
-0.0735216474504266 -0.170400229102778 -0.195573401219771 -0.230560868556804
-0.154791109355149 -0.10448894892751 -0.179796914627545 -0.0771064513038904
-0.156531514441053 0.0742913273659816 -0.0694673461630388 -0.0168504886949804
-0.0158134508784526 0.184812696202326 -0.0248267664544845 -0.00461577915743713
0.0973905810570296 0.113504125824714 -0.0391038656684985 -0.0816950940884964
0.124760032418077 0.0375478714046373 -0.148488349826924 -0.0959603524920893
0.138969406726721 -0.0359962286066275 -0.226483074790702 -0.0499013922525207
0.138179103750719 -0.0486826164253603 -0.258354199615449 -0.0164007337395941
0.15107284693891 -0.0244242036403192 -0.264661047251396 -0.0551108498824166
0.139599314815296 0.0682020097613261 -0.191916596087208 -0.152875117793184
0.0744652022229196 0.14078809896067 -0.0394273175767531 -0.175985528054938
-0.0526625647244796 0.203751125385122 0.0407755339568457 -0.0283900502360858
-0.196587495136255 0.0478233485871716 -0.0826179799278128 0.0541390659107059
-0.144677020133036 -0.154729348218742 -0.264270842246591 -0.0950600248584289
-0.0426143333789789 -0.198893351767014 -0.216216008198402 -0.427566571193355
-0.151122734375209 -0.263459649824356 -0.170441669874611 -0.167617309871749
-0.25219914876418 -0.149350979277421 -0.155540220329763 -0.0583615279806206
-0.241443815518249 0.108472742397201 -0.0818308314940092 -0.0182252739163435
-0.0474746381980161 0.275772470327418 -0.0399531918435165 0.00911230620171735
0.121580485500395 0.200115344111159 -0.0290635141915703 -0.0522987465125225
0.188886736093974 0.0965878677222472 -0.101709007973836 -0.0695004029629684
0.227309157069896 -0.0167899490874727 -0.156378547252197 -0.0466834246666657
0.226795871669352 -0.0425426648127393 -0.182848107019485 -0.0311635834050672
0.248267988050851 -0.0101666643136588 -0.190865615894842 -0.0597507362903406
0.227051002005218 0.136584912140212 -0.131924308153392 -0.140227148062851
0.111387747511592 0.247046044019407 -0.00746026516678147 -0.153466739929712
-0.0878506112516317 0.336130588144756 0.0534770490112121 -0.0133422244754828
-0.320771243209765 0.109936146029697 -0.0852007570850798 0.071756453078157
-0.2879377920527 -0.214960271476146 -0.238693785799444 -0.0536239136986348
-0.153213242038968 -0.333232800063384 -0.178843859884721 -0.324924324149875
-0.220225032506104 -0.322305567967106 -0.122684997899666 -0.0644298856191999
-0.339967383561296 -0.163510766148104 -0.0989648939166919 -0.0283291692904787
-0.309359062473315 0.155835402250372 -0.0864246820911863 -0.0297683275470915
-0.0629320554331927 0.355030069095428 -0.0647334562498489 0.018766080505355
0.145409938071851 0.267054325773124 -0.0231688746613411 -0.00585757132716389
0.236021412837413 0.142351305291501 -0.0401741104915663 -0.0234868187239763
0.285588260553389 0.00389017007081905 -0.0611545355966462 -0.0344491755423744
0.280109402921996 -0.0314544575285068 -0.0790132966550067 -0.0419573225362963
0.303835902251587 0.00697226182491378 -0.0867777131035317 -0.0587397964802042
0.276193661756771 0.184702289670118 -0.0466528606062451 -0.112201313407153
0.131095083437608 0.316794710973626 0.0350246584692394 -0.110771610458152
-0.110904331186857 0.420815095605811 0.071104327729087 0.00762611504685107
-0.397250129902469 0.155753471873311 -0.0671302669086163 0.0867386721288695
-0.384215065150415 -0.245255986197952 -0.176350482260988 0.00190195016810105
-0.234081576745035 -0.41160554237366 -0.106846470302092 -0.182703226443222
-0.26497089676138 -0.335855839968194 -0.0512876960266813 0.0660294103539802
-0.395578130581466 -0.148565243384504 -0.0063011586170687 0.00851383553710517
-0.337511541014297 0.196564475719251 -0.0771077352469319 -0.0466117124229161
-0.059410291427169 0.396275712531799 -0.0886174669066441 0.0297037158754284
0.156898446917914 0.296914826072499 -0.0130553417007298 0.0541121098134111
0.254795662745128 0.165454093384551 0.0352206800876612 0.0336082696889525
0.304113295243354 0.0216460827380335 0.0492191246581478 -0.0145054940887638
0.29048520573248 -0.0140781854918701 0.0368935770558745 -0.0464802522933738
0.30842862033763 0.0237256813521268 0.0290658982496569 -0.0516496877590545
0.275124898328241 0.205224655708839 0.0480521869615359 -0.0723285118903599
0.121247899079481 0.331262989273775 0.0821034533958565 -0.0544814454716249
-0.11931943072566 0.42235154143039 0.0875895195814198 0.032454998205634
-0.398737981752944 0.159703500082114 -0.0369418585083599 0.0954858840028138
-0.399104020133507 -0.239988911609201 -0.0917633029473021 0.055645408982428
-0.265841441625175 -0.41990076260774 -0.0176321757088553 -0.0314040073659579
-0.272121603348177 -0.297999953031847 0.0347037822981659 0.206189559317648
-0.385693844099114 -0.109096962272315 0.107844603021824 0.0502397783584102
-0.307837890369152 0.205660026228506 -0.0502516868138242 -0.0601822445911707
-0.0447165461089658 0.366011677444115 -0.100643020400852 0.0414264324742069
0.142452739528768 0.274282126691055 0.00409515748580195 0.115142567801368
0.232202889144816 0.159903735970486 0.113205097764239 0.0915643592658514
0.277332028249415 0.0353762070036844 0.157677038675562 0.00826023160323845
0.257745407174558 0.00384107927276292 0.14731932579159 -0.0435663301024534
0.265094389234813 0.040657618964518 0.135167879573368 -0.0383960675407685
0.223171252619131 0.19428421062297 0.130481772416037 -0.0271486581630555
0.0808293490907705 0.284993993818142 0.117172809711629 0.00406403231427338
-0.115361022503577 0.332298478785664 0.0933808267032015 0.0530863726069523
-0.321063061659154 0.118679806398268 -0.00610850978471923 0.0947338519615404
-0.324951185568309 -0.202048068291992 -0.0109524444988467 0.0937655901264956
-0.248125844698831 -0.357731793438473 0.0681604590168646 0.103675482015546
-0.233551511152464 -0.212748279905178 0.118899315674848 0.334653286898105
-0.300966658657831 -0.0555336144552296 0.216778988109674 0.0913616899862571
-0.218826454637757 0.168737902569284 -0.00953188756665826 -0.0659668394417518
-0.0243318072085872 0.260009523014517 -0.0960292707198862 0.045940137957868
0.0957814505215904 0.199384892435887 0.0199314954115831 0.161547348848457
0.16813296251003 0.125770244923377 0.177519115413694 0.138258009643226
0.205201027556103 0.0421628582807516 0.245622157803641 0.0303541353490811
0.186319352247541 0.0217273253889787 0.23639779514719 -0.0348399824075182
0.182271146528405 0.0514755757546129 0.215368631919343 -0.019306055749729
0.137754337529904 0.154672615576346 0.183259797421772 0.0170923840493394
0.0239174153094363 0.195522868943543 0.127401614275991 0.0529344347938574
-0.0974289355955541 0.187384105199432 0.0824262632534612 0.0612952413378253
-0.191947889480495 0.0532871198403796 0.0150735285013691 0.0809292895706456
-0.19729734154118 -0.135823409907758 0.046575355013986 0.107390773796602
-0.191860979198268 -0.238905668132298 0.135868179269178 0.198299445539436
-0.155406768945383 -0.0918498893782106 0.181556464138819 0.430267408092697
-0.162902556944818 0.00215761921026705 0.299455477673115 0.12714343388677
-0.0918336055044428 0.0997128582427266 0.0383516831150684 -0.0666729595697115
-0.00290360867141828 0.108359973876692 -0.0785512591307933 0.0357163747024178
0.0301341112348017 0.0916829811712384 0.0260134586607696 0.182454802663278
0.0726057647828916 0.0730333686012165 0.212580519794289 0.1674500714355
0.0982064476637071 0.0440772119383611 0.29788138537802 0.0492237328277684
0.0859396820467048 0.0375413502908863 0.290412147258216 -0.0216648252835346
0.0773368020020604 0.0553674006468535 0.259806429818129 0.00277686630383411
0.041387648256237 0.0969148654006241 0.200653501212798 0.0560725548799988
-0.0266701112456735 0.0893227397936591 0.113952699723587 0.0856364958899667
-0.0658543085803768 0.0382980925708941 0.0591110199333988 0.0570296515822867
-0.0549955736440697 -0.00367374959995604 0.0281587304072349 0.0578339067147634
-0.0619445446618675 -0.0505255974162546 0.0783347789274088 0.098830683226534
-0.116121215825811 -0.0907543928683106 0.177422563680794 0.242715734025251
0.00955807170425228 -0.0480468640430065 -0.181368050360305 -0.257265126124001
-0.0484660020487175 -0.0415161735564254 -0.173887528600067 -0.088730448942522
-0.0623668161485447 0.0404265666592201 -0.0499323842066935 -0.0229298351613961
0.016286051463836 0.0819067499136158 -0.0147751008798468 -0.0228468550286085
0.0632627889913167 0.0222378152053349 -0.0483015922732218 -0.0970792987308721
0.0483991906620412 -0.0212573043360313 -0.170037692839739 -0.108070264670969
0.0323158284502817 -0.0501016445142548 -0.25572929152181 -0.0532297277681767
0.0298490903033337 -0.0474742747622692 -0.285601145220101 -0.00999233975778798
0.0301691321555166 -0.0342097573931515 -0.287810229905478 -0.0527667767795343
0.0306716780391388 -0.00742681344855925 -0.210369015394841 -0.150805477453036
0.0265928470236825 0.0198954750738179 -0.0498191123008783 -0.177340769510264
-0.0129825738726459 0.0478094948370995 0.0359022385171305 -0.0387639671851407
-0.053112993268578 -0.0182034697758517 -0.0564851118709071 0.0295285625703883
0.0125686014804805 -0.0760689242728976 -0.235415267291808 -0.126368298810883
0.0695176841525016 -0.0365312477512236 -0.175218419542701 -0.470271963039033
-0.061238554958688 -0.169882978805455 -0.182541846517963 -0.238157124500707
-0.145010431383159 -0.1106481894084 -0.174918331202188 -0.0787521792042435
-0.156740889180256 0.0634048107872815 -0.063583656736469 -0.0116982604814084
-0.023844755692213 0.176476133584457 -0.0155282532349325 0.00146030492669653
0.0871873865895117 0.115402521549095 -0.0259888594924569 -0.0811902362662059
0.119322547597383 0.0443562108443439 -0.135449876086685 -0.102282505438226
0.134903835153253 -0.02963357172669 -0.217215967852011 -0.0614720492450212
0.13845852363789 -0.0414569388423895 -0.24896402121162 -0.0257664364680974
0.148456559464947 -0.0195380864147817 -0.255969100235447 -0.0614570054457469
0.134581483906186 0.0725070019458259 -0.184025831990722 -0.15377528991441
0.0671642937180498 0.142450626272256 -0.0364273810844699 -0.171323404461635
-0.0578694049972943 0.19457510366224 0.0345898093534694 -0.0240922329740637
-0.197458159045132 0.03795212225141 -0.082628024791476 0.0411080370043588
-0.139928485139331 -0.160591206500544 -0.242911504742291 -0.111078106836695
-0.0390929504077387 -0.19916421748433 -0.173076789824579 -0.426937686603603
-0.129957395313572 -0.269335763595034 -0.166955788569583 -0.173529197536981
-0.237310262358933 -0.162461692030441 -0.154217612647669 -0.0562943263247406
-0.241835257016629 0.0903270120978494 -0.0739110396463985 -0.0100564057746887
-0.0592205506361817 0.262070598076748 -0.0284650750329963 0.0177991468752485
0.105574516059452 0.200722003742923 -0.0147633333210164 -0.0521470994622395
0.178773365104521 0.105504044102337 -0.0893697428591889 -0.0756353458987244
0.220469838961052 -0.00460506737712088 -0.147413084610301 -0.0567045997207443
0.22582880725148 -0.0301537463788324 -0.174540041965771 -0.0375789548952516
0.243109830220625 -0.00148365609472118 -0.183314861083924 -0.0620719312480874
0.219142840009894 0.143733034064437 -0.127062717482106 -0.137254072911624
0.099069994046463 0.249710263837755 -0.00992984170425849 -0.144951925250395
-0.0976206388349453 0.321368482058035 0.0403188175593441 -0.00599850478116786
-0.322376200257158 0.0922004444864676 -0.0907606774080129 0.0559618033339776
-0.277134992504697 -0.226231710974941 -0.218799723951752 -0.0734495351482476
-0.1404408401769 -0.333324846948991 -0.14051694008107 -0.329042391231815
-0.192001862849551 -0.333864589966584 -0.130218369291804 -0.0684183428567268
-0.323267009536925 -0.184488061108413 -0.100821267921439 -0.0227165271867216
-0.311620802266821 0.131490669399834 -0.0762645653349845 -0.0184948325167046
-0.0794773651669833 0.338091662300182 -0.0508800082367444 0.0288186385896103
0.124540284727885 0.268077604962863 -0.00879345939335733 -0.00611393069399358
0.222868139350105 0.152906649229931 -0.0303908661493554 -0.0290892178639817
0.277495559188463 0.0192095220106685 -0.0533102594159196 -0.0418549859904414
0.278322618676137 -0.0147628213062051 -0.072386658910372 -0.0446576876831561
0.29770804411051 0.0184604656026572 -0.0821708597426694 -0.056695604164519
0.266414933447835 0.193566777003481 -0.0455830410951287 -0.105751325489186
0.115369609219501 0.320408911351599 0.0270356806615452 -0.100028959852102
-0.125438180319269 0.402001849286403 0.0521515145756727 0.01717304677529
-0.399623312242646 0.132401591062304 -0.0768069000821014 0.0703859114310123
-0.367999732642216 -0.259806114356795 -0.161322675953034 -0.019843827697392
-0.214140958787075 -0.411194971429613 -0.0780134927298668 -0.192325089977989
-0.233299994899315 -0.351439737100813 -0.0709582525120723 0.0642761881239447
-0.377173866483597 -0.174875727234122 -0.0120064324819575 0.0193055054605994
-0.343386586975678 0.166957876542914 -0.0641929999519848 -0.0333625887478012
-0.0782757959330744 0.377465865190275 -0.0738146346727503 0.0396087737607072
0.134064348303329 0.297780608500101 -0.000678742976488992 0.0530424340545182
0.240218434654821 0.17615038770536 0.0406416336681416 0.029874206165743
0.296338373675047 0.038704781483482 0.0542705179076263 -0.0189434051495947
0.288715862176976 0.00278851667662073 0.0403331833207642 -0.0454268385173698
0.302286086581889 0.0366759190883794 0.0301258088490784 -0.0459575988038087
0.264701545363118 0.213034127757838 0.044835363961693 -0.0638858995722041
0.105565244231054 0.333684286122854 0.0690277162604787 -0.0428787783996728
-0.133205535413569 0.403667861055798 0.0652064334036605 0.0409700495280643
-0.399471010783733 0.135452578807731 -0.0488663463885224 0.0813065870175053
-0.380528711614085 -0.255356222282074 -0.082559675581694 0.0364283726860161
-0.243169397500215 -0.418352368800832 -0.0029055321580827 -0.0419172358393791
-0.242775283005759 -0.317411969954881 0.00471859619637186 0.207636733398081
-0.371336946382075 -0.136383964718251 0.097451024806749 0.0652776396643285
-0.316748935072123 0.177554614284632 -0.0374921344127969 -0.0457265970207203
-0.0646879036710692 0.350172844002917 -0.0868995454087537 0.0492379424836592
0.121842170816703 0.274994462564404 0.0117944994884242 0.113556051882866
0.219479843595956 0.169285748564646 0.113502808754989 0.0898341707225722
0.270751404417667 0.0505054565835928 0.159002664034759 0.00885477008648722
0.255504598550179 0.0200554114412001 0.14734327388249 -0.0391906834922005
0.25903977363405 0.0509451779775227 0.132464683497987 -0.0291801383750383
0.21484985568403 0.200384239332127 0.123385081137855 -0.0180443013670387
0.0675655568753507 0.286422218000617 0.101426889005123 0.013249315155997
-0.124122619425572 0.317308093839265 0.0714771641161753 0.0586906133089772
-0.320773287432571 0.0993413693515786 -0.0184322602292567 0.0828367763426854
-0.308991695586824 -0.214683020023501 -0.00778048249613123 0.0805410167496748
-0.225961108986434 -0.356758173527435 0.0688878155576241 0.0940219978355479
-0.209539255081872 -0.231421011326347 0.0810933934538807 0.337715534886066
-0.291904918410095 -0.0803815555619784 0.202025900192294 0.108187033400883
-0.226489637202356 0.147457475597416 0.000284354651395083 -0.0524702471154022
-0.0387995176438411 0.24865788113423 -0.0861633135133071 0.0506319549177173
0.0816132478556838 0.199510683262415 0.0212788714879833 0.159645825122228
0.158625381067381 0.132175302527479 0.172524718900657 0.139756104384129
0.200904842599325 0.0541826129769323 0.243062010947677 0.0358611017454688
0.184370995189846 0.0336607887689512 0.232653574154342 -0.0276070763034856
0.178225272410975 0.0596750188876874 0.209603018895913 -0.00874652182068003
0.131917563269177 0.158357756808198 0.173886922924188 0.0260965255474761
0.0158288346348771 0.195437252711534 0.112062977238535 0.0587043931545397
-0.101968094850768 0.178023317720116 0.0649630177760884 0.0620166547894824
-0.190393758450148 0.0411635814795309 0.00644413575451427 0.073530432832076
-0.185957744323416 -0.14229894286338 0.0456384385267127 0.100967386812496
-0.174269366116743 -0.238270957366286 0.123910669635242 0.192205748184447
-0.14167669119402 -0.106797196759133 0.141874127284317 0.432598234068219
-0.160472613731038 -0.0144783737335753 0.281494511409502 0.142828218165238
-0.0979918286586288 0.0887487871839711 0.0429672217970672 -0.0563678341315365
-0.00972589115943115 0.104399438445257 -0.0746879053108996 0.0367530043189169
0.0252572990415102 0.0909299231681639 0.0215467274364566 0.18093469828505
0.0680025105844411 0.0745796385203536 0.202298169291515 0.170630757088247
0.0968529816252529 0.0499917153288963 0.291055962920917 0.0580620015008834
0.0845665180228791 0.0438605126966532 0.283693834704537 -0.0122803204940828
0.0753469796941614 0.0591739120377135 0.251752022315009 0.0130022151505053
0.0387912724641102 0.0979243167573658 0.190953244053253 0.0632058368275773
-0.0295819799899859 0.0879811215147031 0.100590122094386 0.0873656311868058
-0.0653335688253439 0.0351242066206893 0.0482981577594945 0.0531761767987735
-0.0529056227401947 -0.00713505452578117 0.022750693204118 0.0539274992956379
-0.0570016604323451 -0.0519909414544245 0.0748285643891893 0.0983652319754496
-0.105417418967902 -0.0900720360613441 0.157689475852732 0.240347121858753
0.00992809166398656 -0.0470730305993915 -0.174460506335895 -0.261014341037755
-0.0488093243303691 -0.0411693742457886 -0.172950567860918 -0.0898542377768693
-0.0615653884247419 0.0403689454512576 -0.0507398647939206 -0.0210948144958573
0.0163476808276528 0.0810575086573134 -0.0124180435463692 -0.0202799769296846
0.0626375400699228 0.0208207554344641 -0.0439018766863829 -0.0972878206292532
0.0478404621504358 -0.0210745151029801 -0.167362157173598 -0.110604276304575
0.0315764335031154 -0.0506046160056208 -0.255288289123315 -0.0563769536429619
0.0291958988937445 -0.0483510517836626 -0.285256456574277 -0.0137627416603535
0.0310222952556642 -0.0354915775036601 -0.287502673653366 -0.0571190881808802
0.0318335601269358 -0.00739412968694559 -0.209686111543937 -0.155027906932482
0.0266720749753749 0.0206383191350914 -0.048196457787945 -0.180857538100494
-0.0122649665391977 0.0475545791262174 0.0380338689757064 -0.0413739400519346
-0.0526437781438192 -0.0176915934680659 -0.0535423533339374 0.0254686949600643
0.0124716845409342 -0.0747810032916165 -0.229723581697408 -0.131477471169672
0.0686033949165648 -0.03578548987395 -0.165892631982443 -0.470395979771152
-0.0576108258342086 -0.1697084426408 -0.17559868800447 -0.241937686164184
-0.143461189448248 -0.112416189729274 -0.174853568709091 -0.080481802527514
-0.154968190496116 0.0608163385915103 -0.0640258779908333 -0.0115424878146963
-0.024645109804611 0.17444278342685 -0.0128135733708702 0.00314080110967993
0.0852082692909333 0.114751813759391 -0.0230314424919647 -0.0811349908029017
0.118321858699001 0.0452768638145967 -0.133286648607642 -0.104664620788979
0.133820675653124 -0.0278256390885964 -0.216940745819783 -0.0642526561651013
0.137168305959586 -0.0405200775849673 -0.249401756182305 -0.0294477222944003
0.148132017820557 -0.0186923447204762 -0.255522801007349 -0.0648574551033157
0.13469714783721 0.0742591764743849 -0.184050453569888 -0.157425369664319
0.0646094381979033 0.143819077831707 -0.0347057761127928 -0.174442139110115
-0.0599775494543233 0.193308949769495 0.0372965146309881 -0.0276299647497182
-0.197910277729574 0.0349357535448633 -0.078758268398325 0.0377857816302756
-0.137654448002182 -0.163759077644324 -0.237076520333744 -0.115422278128814
-0.0344933356770328 -0.200262443723945 -0.161932483375192 -0.428153974451498
-0.123226039227254 -0.269579450728646 -0.161573236905516 -0.177877269394174
-0.23506745622725 -0.166649042346744 -0.154642816790486 -0.0585108068513979
-0.240101600411189 0.085565372741655 -0.074589058537027 -0.0105949298061761
-0.0612259918146913 0.258716103610108 -0.025976525693496 0.0189491775991612
0.102564338990288 0.201035080418774 -0.0137722051844194 -0.0519639127730803
0.177647109951217 0.108381018543654 -0.0877708224100388 -0.0772621351945144
0.219710883149381 -0.00224387051980149 -0.147645134815003 -0.0590641846126895
0.224593823821008 -0.027190243785593 -0.17455708141177 -0.0412066562489771
0.241952783752992 0.00109197580865856 -0.182811992778371 -0.0653358730331118
0.217724568922684 0.147067979752735 -0.128098604110741 -0.140714862210946
0.094111170458225 0.251583670771342 -0.0101341301592879 -0.14710006600998
-0.102166201673814 0.318862381114606 0.0420035852900168 -0.0097900487212423
-0.323882302696928 0.0850531033859509 -0.0858353131533173 0.0532425645123663
-0.271635201008571 -0.232923865383739 -0.214007990184774 -0.0777446169781827
-0.132574273500446 -0.33577694480394 -0.129817645442054 -0.329956415742165
-0.183292152837435 -0.33608865836412 -0.128173410731387 -0.073194064786425
-0.320303924934286 -0.190549629576223 -0.102805976246592 -0.0248512780685972
-0.310303192333583 0.122415833542987 -0.0763502940738154 -0.0191863546129501
-0.0823808930300036 0.334498239876915 -0.0482713481545567 0.02972141018304
0.120061460034536 0.268684788292502 -0.00951449950050024 -0.00669212355339039
0.221846718634985 0.156750483208468 -0.0294840122207936 -0.030250779349706
0.27644142367433 0.0228883414909075 -0.0534642154301826 -0.0439318760169381
0.277399587443138 -0.0110851303446473 -0.0725235112325432 -0.0475012467938784
0.295270546257992 0.0226125508032834 -0.0818492361692886 -0.0580659711136298
0.263180338758732 0.197725933629177 -0.0478582344178817 -0.107744219382697
0.109355817359816 0.321990750550225 0.0258229815797574 -0.10158153018497
-0.130013912626895 0.399582047405468 0.0519761805720194 0.0120415202333753
-0.400347249974205 0.123391346990807 -0.0738666476310113 0.0678616020870648
-0.361803945749552 -0.268535510983195 -0.156678582135259 -0.0227973131508764
-0.202168825952258 -0.415812922272047 -0.0722074758313754 -0.193456351599422
-0.224234759555068 -0.354326267564328 -0.072408818217179 0.0605684762935002
-0.375409479558738 -0.182989616551412 -0.0159940843727529 0.018373630305976
-0.343169403276547 0.157953435245924 -0.0643238665199708 -0.0332807409561276
-0.0841605306321573 0.375131170609703 -0.0713838803895578 0.0404605574817074
0.129469502792999 0.300146324169247 -0.00291290753853092 0.0531332071580819
0.238433397621584 0.181070331969689 0.0410162437589236 0.0294622411210487
0.294851806592093 0.042965810917469 0.0542901265447809 -0.0196086110789826
0.287357725108854 0.00726793657848354 0.0400673356957545 -0.0465756114010858
0.299892361649922 0.0415272347475999 0.0295779427525139 -0.0457516496039825
0.261902594553588 0.217888076150244 0.0419913642611849 -0.0644288866832345
0.0986326677436519 0.336073232424427 0.0664949451640287 -0.0433354130672999
-0.138468219655221 0.399623598028116 0.0635632185397182 0.0367779040767851
-0.402621915613411 0.127038109433437 -0.0465865100095333 0.0796953102662564
-0.375106002399072 -0.264219300501754 -0.0788581504287836 0.0345445640861554
-0.228919336221858 -0.422942551132857 -0.00076812431907999 -0.0426722323656153
-0.232952609178643 -0.320701765589099 -0.000732022637216813 0.205343997075429
-0.368178614524176 -0.145673398207719 0.0921999581109094 0.0655344806128572
-0.317253149164907 0.168943951708465 -0.0378840480235588 -0.0448118190202406
-0.0684478491510737 0.346677734808527 -0.0858064767790786 0.050178620697616
0.117258918688161 0.277780163584622 0.00854856060158702 0.114584837413489
0.217707008633347 0.173642094422796 0.113785450873108 0.0910050330175512
0.270141062509393 0.0555072374683279 0.159192308951608 0.00935373616902959
0.255329743220078 0.0249201467004475 0.146504258515281 -0.0388963450013855
0.256677703608506 0.0556481878807419 0.131101711114599 -0.0271702311581833
0.211926969017569 0.20397429583019 0.120293048814111 -0.0168685563736234
0.0622243739855517 0.287806891870981 0.0972488108182544 0.0137321396326777
-0.129045327434868 0.313999215735831 0.0688577786923626 0.0547697926203675
-0.322116393024431 0.0906121592131364 -0.0175563751194059 0.0823317200517651
-0.303739557798021 -0.222503678390118 -0.00551528931111294 0.0801854038969118
-0.213327126003721 -0.360233580741126 0.0679363346709496 0.0939304412232038
-0.202520739540345 -0.234703089648454 0.071726510683407 0.336889916086047
-0.2903178597422 -0.0877363243741958 0.1957309716056 0.110194332399206
-0.228349026150548 0.140164708388333 -0.000321184794076324 -0.0512741872534939
-0.0438503727247625 0.247472192622936 -0.0861765701955114 0.051857726625936
0.078166303232829 0.202476159915709 0.0178927855647209 0.161172686523294
0.1573872057074 0.135716146892808 0.172349907271211 0.142107561261609
0.200092417312276 0.0581088448891763 0.243357854302403 0.0375223715459838
0.18398546299897 0.0379846662500302 0.23189513195853 -0.0254341852654893
0.176033322761321 0.0633645362717799 0.208562225147067 -0.00566608835659482
0.129151123652184 0.161150849393243 0.169916899064537 0.0281468101563675
0.0120406394447 0.195832229505059 0.107569112998838 0.0593867454514433
-0.104990159619017 0.175369528846858 0.0608873662940332 0.0589767643653044
-0.190427914343922 0.0356044494750243 0.00555736774720605 0.072690633215988
-0.18194214042223 -0.14810644456468 0.0467105724601628 0.101597882123079
-0.165133340388081 -0.240197749035105 0.12067105390961 0.19283263114169
-0.137706082013947 -0.109520410159783 0.129159774571442 0.433936275434492
-0.159528927857667 -0.0186644983868981 0.274481440272691 0.146153401317648
-0.0999817698926323 0.0846642510184946 0.0418155307908131 -0.0534980763648295
-0.0126515518689356 0.103965348723118 -0.0754897001549913 0.0384357329970598
0.0232861051511041 0.0930684887285399 0.0184308371528876 0.182789061417856
0.0672516176886124 0.0761408641153292 0.202305153557132 0.174238567105983
0.0966956309754598 0.0519839410615725 0.291694885993279 0.0605987894832616
0.0849989572417156 0.0460808768491417 0.282767051099605 -0.00938169694381563
0.0741941074924422 0.0617375913058303 0.250106485868547 0.0172197237032113
0.0364518679352089 0.0986985479589318 0.187536418846956 0.0660683983990006
-0.0316596519850643 0.0883005519347745 0.0958098026115413 0.0881104475834459
-0.0671081317314461 0.0339473610353236 0.0440836122201274 0.0503616221710142
-0.0523477485819496 -0.0101150947316552 0.0216610076693437 0.0530703608538063
-0.0552560406851254 -0.0548994759848671 0.0754326025799866 0.0995372134399164
-0.100454166323064 -0.0913808015673552 0.15225162657935 0.241750774760764
0.0102998612926207 -0.0473616820686036 -0.172797118709644 -0.271554414185661
-0.050287182767753 -0.0424943712416756 -0.17671803327179 -0.0922696402105773
-0.0621250728084466 0.0412620778483856 -0.0520891580279067 -0.020004064056331
0.0173156098517161 0.0830339546054348 -0.0096672706590195 -0.0185617118056489
0.06372811833165 0.0207738486231434 -0.0406443985897178 -0.0994409989485452
0.0485646422368148 -0.0218647332841514 -0.169198294308917 -0.115587451670403
0.0309781471107698 -0.0521054562643756 -0.262102768651102 -0.0597418608592936
0.0287369475451115 -0.0503096372412318 -0.2926144268274 -0.0167016861802806
0.0321599698931952 -0.0376250740648604 -0.294035643738536 -0.0621529952710851
0.0339816884708823 -0.00769536033816096 -0.215825649365549 -0.162440118434512
0.0277547043054098 0.0213124779411273 -0.0489445393532931 -0.189106222679298
-0.0118021385654568 0.0493634807645752 0.0410367337002311 -0.0450456088901915
-0.0539150866999544 -0.017873096475023 -0.0516982947959749 0.0220004800253267
0.0128260673278849 -0.0758780985994528 -0.230233380425652 -0.138293117719605
0.0695462917346279 -0.0359439535847238 -0.160263212126169 -0.482889899503337
-0.0560787378431351 -0.173782053842118 -0.174842486181003 -0.252069976161067
-0.146587254908298 -0.117170680212386 -0.178770253782615 -0.0832902444018018
-0.157390813307544 0.0600202168648267 -0.0661293752285989 -0.0112717382322578
-0.0254855502927319 0.176991563703679 -0.010760921637504 0.00526806025198627
0.0855998918602632 0.116940293040626 -0.0210860534460503 -0.0832665440609171
0.120759660863589 0.0477009061342298 -0.134681642702656 -0.108576750177286
0.136043700462031 -0.0279641069816816 -0.222429284532669 -0.0678312775469666
0.139763472618762 -0.0412711299363588 -0.2556663795529 -0.0329797187697769
0.151660476483381 -0.0186887069185623 -0.261983657100135 -0.0695680692519386
0.138591608549715 0.0776811187478062 -0.189988341989575 -0.165259194787527
0.0642344983802735 0.148512926957098 -0.0351393045739902 -0.181873970602059
-0.062369197255203 0.197295107286676 0.0398621351046234 -0.0319915976117227
-0.2040687026007 0.0332165555236668 -0.0768788337474806 0.0348976211141925
-0.139722364159223 -0.171003917856725 -0.238324423068926 -0.12204064932839
-0.0317468736554878 -0.206994222951453 -0.158161561244111 -0.438743801825673
-0.121104035727789 -0.276922133071459 -0.161372336656824 -0.186511648198051
-0.239320411871128 -0.173958998615827 -0.160077449142915 -0.061679540986409
-0.244479921878147 0.0829268841454497 -0.077159368338046 -0.010662832546512
-0.0636044664010352 0.262911644118018 -0.0241903272133573 0.0204133152763018
0.102645662595499 0.206503591535462 -0.0126954849655306 -0.053642712246961
0.181388263596088 0.112549064353686 -0.0888564890778943 -0.0812053500362331
0.22416651240606 0.00040514899838739 -0.151306737350467 -0.0625474380859296
0.229291956950804 -0.0262772770582277 -0.178912736604683 -0.0445981889922699
0.247422972371437 0.00308856246262693 -0.187402474295192 -0.0684570403904884
0.222388670509871 0.152768498561609 -0.133229709928187 -0.146944771518835
0.092745678776992 0.259822591500241 -0.0106257103022108 -0.15372619643355
-0.106974901353674 0.325533473661368 0.0442485081875737 -0.0146337728037262
-0.333262789598885 0.0828064843986979 -0.0841104771349735 0.0512634045895241
-0.276127621880358 -0.244930892871155 -0.214233789488996 -0.0830540843827345
-0.127660884772071 -0.347469181455713 -0.127128290612385 -0.340438488660019
-0.180416337206868 -0.344664221557653 -0.129388317709915 -0.0790195404363989
-0.326566650303896 -0.200108420771062 -0.107762416507124 -0.0266741953889234
-0.317127859277494 0.11948667898922 -0.0790558635337653 -0.0199859535720034
-0.0869222220622564 0.340696729526098 -0.0468913623334275 0.0316568624450556
0.120718357835835 0.277200804240621 -0.00991293409279594 -0.00654203715711423
0.226822341531126 0.163502717938731 -0.0288257446971825 -0.0325187736334996
0.282573054567389 0.0264654836602977 -0.0548357444093615 -0.0466461204950867
0.283515506024943 -0.00865357532171439 -0.0751321238738561 -0.0506136211420387
0.301507395983017 0.0258117184057307 -0.0838370774169105 -0.0607119784655318
0.269388421064821 0.205947831464832 -0.0518617934073374 -0.112134744365113
0.107471178047338 0.33293876363793 0.0253888528782462 -0.105357462031529
-0.137400661436467 0.40769429765318 0.053597469696637 0.00787156640620315
-0.413222552944899 0.119342362060217 -0.0718360530845759 0.067434484986418
-0.368003049087961 -0.28444001687796 -0.156595484399234 -0.0261249582581948
-0.195718080549196 -0.429840481078917 -0.0694729610192269 -0.199222209682875
-0.220249845181224 -0.367025089999057 -0.075334923236281 0.059280988977673
-0.38245789755633 -0.194862430471144 -0.0199261147784903 0.0184450303242155
-0.353363093595863 0.15438658373687 -0.0673687380793617 -0.0340650448001844
-0.0891515591827066 0.381331450008441 -0.071189322311242 0.0421232861900087
0.129801120650442 0.310416455160212 -0.00457274440275869 0.0553569220995437
0.244388391075875 0.18844592529024 0.0430033745060834 0.029983663359184
0.302271586245832 0.047892845583172 0.0555439304336182 -0.0210797606325848
0.29412752457617 0.0110692575123016 0.0396341256549715 -0.0492484777585194
0.305176736696547 0.0465721875503719 0.0302452563179487 -0.0466180069910526
0.266707471179915 0.226712869942693 0.039841358563227 -0.0664776248680013
0.0960887566112664 0.347081689693448 0.0653969871066939 -0.0453278761495217
-0.145665155995331 0.407565628360157 0.0634056566665442 0.0328080457167872
-0.414595940930602 0.122217330539075 -0.0454630723944202 0.080150009787504
-0.379685318807412 -0.281155843329619 -0.078029248469061 0.0342558310833703
-0.223749289329975 -0.438617126736711 0.00155219447719191 -0.0445109187761189
-0.230339584177106 -0.331495737330254 -0.00541491980918094 0.209372788861125
-0.377319919559918 -0.156627572615993 0.0893999866424742 0.0678069360637799
-0.327499747843526 0.166719548181862 -0.0402595194474367 -0.0458614677369358
-0.0746221244205418 0.353434366432257 -0.0866320652749485 0.0529985701537857
0.117546176096918 0.287812871186227 0.00677012629013327 0.118702918280106
0.223655272954072 0.181645399692874 0.117669570267669 0.0938359920575956
0.276447008224199 0.0600785838020777 0.163287734366608 0.0094575766932711
0.261500179740456 0.028736439673563 0.1489578451533 -0.0396242681085354
0.261029901279365 0.0606076231630539 0.134558050112215 -0.0264798547951067
0.214261666486621 0.212451376351792 0.120097166324997 -0.0167483576081751
0.0590319798101507 0.296951907821939 0.0960938947145713 0.0146670844505462
-0.13649727233369 0.31942064293816 0.0672337057080287 0.0517436966298774
-0.331713994284763 0.0859109383179819 -0.0163784640727028 0.0833494345326284
-0.30646587033795 -0.235950894943933 -0.00342537302852261 0.0813027998582709
-0.209344394019764 -0.372045058777871 0.0692633914040262 0.0960019331125186
-0.201007085078433 -0.243469389394609 0.0665778495345633 0.345308155544957
-0.296523954805747 -0.0961438269091788 0.194839224064133 0.114911847961026
-0.236235393243308 0.137911141069544 -0.00192438109975369 -0.0512814527638273
-0.0486371605016929 0.251751808027194 -0.0878182264050426 0.0547024673921703
0.0780443971077393 0.21079227703277 0.0158937728201648 0.167678816875408
0.16114190819269 0.142103314566442 0.177528162403974 0.146758267687153
0.205902408105832 0.0623149384679829 0.250378522483638 0.0396437758578875
0.189155518510937 0.0416080265819305 0.237074144784774 -0.0251029464205315
0.178945962530307 0.0680497630145414 0.213002118747313 -0.00301417262933807
0.129962722963563 0.166926126400246 0.171409013785126 0.0311393626897521
0.009228142456681 0.201940734546615 0.105855613596778 0.0618605474808949
-0.11015788347548 0.177881084624063 0.0590272150411164 0.0570988854726581
-0.195974946933037 0.0313112757140896 0.00608818134156382 0.0743303867590955
-0.183383892233496 -0.157328839550204 0.0496326619251687 0.105024999241811
-0.161058706082012 -0.2484233388823 0.12070197687186 0.198142830506111
-0.137857067903709 -0.113717563909183 0.123589624807154 0.445849533320966
-0.162954829590631 -0.0230988158835275 0.274778038955488 0.15239488214628
-0.103853853545174 0.0831995659819977 0.0411523515252201 -0.0530189926777592
-0.0152306924005359 0.10598277765498 -0.0776577429032029 0.0417059006845811
0.0228147492306746 0.0976055441607063 0.0167734992560413 0.1902122981983
0.0689355452917251 0.0799818972680541 0.208479756711113 0.180715121864566
0.0996528687430098 0.0550328227080474 0.299763576671834 0.0640828936989669
0.0874974995057495 0.0486471194062354 0.289846214970134 -0.00763723812363825
0.0753968236694154 0.0654547155141767 0.256421573332829 0.0201185886063165
0.035912257603192 0.102470950822706 0.189738610699112 0.0703493784507535
-0.0335627518290669 0.090200426631457 0.0940827987381693 0.0914190904760487
-0.069894211361118 0.0335863822300718 0.0410210017369274 0.0491400402531747
-0.0533716797930327 -0.0130892901859906 0.0210990639948416 0.0537536148305783
-0.0550570752908284 -0.0590047330344521 0.0782260214499069 0.103464783393044
-0.0984252428568412 -0.0948623412236363 0.153021455724917 0.248936245350789
0.0103971505680442 -0.0493068629941111 -0.180408011986414 -0.283334173923589
-0.0537387938774381 -0.0429285512985272 -0.185737078177358 -0.0921215659852156
-0.0628740204972347 0.0438450973448583 -0.0545096663730701 -0.0175167404608276
0.0202619689695561 0.0858193794130469 -0.00825627409712285 -0.017201023310733
0.0660093647867924 0.0189488811931329 -0.0405690664694844 -0.102909310154219
0.0499108600239649 -0.0236629280247015 -0.176607486481048 -0.117632374391866
0.0302501316032446 -0.0550342065950229 -0.274205097712968 -0.0566462740859095
0.0276901780877381 -0.0537751583049756 -0.305144477995102 -0.0131229633900001
0.032982445364655 -0.0417064945531333 -0.308084533124173 -0.0604593042828749
0.0363478580421856 -0.00905976755303281 -0.229017937189275 -0.167399592806371
0.0297967766339766 0.0224102375854438 -0.0542205818628485 -0.19922785313587
-0.00992013755776229 0.0516310024690205 0.0437269447503872 -0.0505390193215849
-0.0561565623198555 -0.0160867963618615 -0.0502078108692752 0.0195575426826233
0.0106787146194232 -0.0781856880546186 -0.238680419997638 -0.142331902713102
0.0701064023482535 -0.0385677980832054 -0.16806722576945 -0.499465700500872
-0.0585230647587152 -0.17999888176346 -0.182085855639726 -0.263780286556548
-0.154970212825075 -0.119994586294507 -0.188174887064974 -0.0829831994784435
-0.160634483013342 0.0636719018887588 -0.0698067288719402 -0.00911012265200394
-0.0223200114987903 0.183389219409626 -0.00825232521820693 0.00694390713870634
0.090333787790733 0.12001666851684 -0.0212248208505602 -0.0863729987918613
0.126628847991523 0.0473394720848672 -0.141001085537865 -0.111632445219954
0.140662897072 -0.0315240203807843 -0.233971540690859 -0.0671924974534484
0.143377996795042 -0.045120006652309 -0.267792246270687 -0.0309163085108328
0.157311777540548 -0.0231737751484553 -0.274074318371717 -0.0694510708426336
0.146483767775619 0.0786625559430638 -0.202888144895661 -0.17062207700748
0.0687870699987643 0.155431814267323 -0.040227327728446 -0.192129111195426
-0.0611880285849625 0.206165957267619 0.0428119199569222 -0.0380175986452117
-0.212366963317115 0.0369505355330024 -0.0758472426063268 0.0343113329015393
-0.148391382467249 -0.177615032520053 -0.2462186453733 -0.125642971487659
-0.0344915796454092 -0.216072307796776 -0.165657248210539 -0.455494346008466
-0.125588643495802 -0.286191003869265 -0.168766810281325 -0.194846984272091
-0.25203980768362 -0.17936652475322 -0.168257751350377 -0.0612194587261362
-0.25197530145696 0.0874246461839275 -0.0808374808170131 -0.00886059164133234
-0.0618548121171803 0.2738966944648 -0.0217647293779536 0.0229501926457973
0.109644489675614 0.212988778708467 -0.0130120485884909 -0.0550499096230614
0.191141111462813 0.114819676489091 -0.0929285105080648 -0.0840086060311781
0.232119009813664 -0.00275523700931776 -0.15928885815233 -0.0635270387758217
0.237835172664369 -0.0310188221348769 -0.188699198959555 -0.0444640307231845
0.256995590381074 -0.000746754966357568 -0.197096798021324 -0.0694638836169447
0.234684088791774 0.15733034964713 -0.144251454598456 -0.152814661312138
0.099588364161505 0.271294728307834 -0.0151022090614707 -0.162774909745814
-0.107349708811225 0.339702648708517 0.0464303283405056 -0.021016833262043
-0.347434554733164 0.0884586951150341 -0.082380539368713 0.0516842299847512
-0.290438185080218 -0.255021202026757 -0.220577572980509 -0.0852260874240134
-0.13280655584825 -0.361854222542824 -0.132987122733393 -0.352585918569101
-0.188066307820877 -0.357151881623661 -0.135107930918191 -0.0826800828368062
-0.343236298130405 -0.208133641866942 -0.115629015473386 -0.0257992555992142
-0.32734850404126 0.125409495004097 -0.0840243950118687 -0.0187568497472197
-0.0857735588390462 0.354517516219925 -0.0454748929796598 0.0341088443784062
0.129108414672714 0.286987492182559 -0.0105037416381709 -0.00616698169292358
0.239822034214227 0.167529894110789 -0.029947762092784 -0.0341473248857665
0.294670917768164 0.0242950026361027 -0.0586404944900731 -0.0489206605690658
0.294137427047368 -0.0128010731464946 -0.0804438782798885 -0.0527539268143638
0.313043429516439 0.0229212473762484 -0.0888676082810961 -0.0626814100226078
0.284358457221218 0.211384164005905 -0.0592853488945395 -0.116981268171001
0.114874075447854 0.347126102194598 0.022345789305317 -0.112517989040705
-0.1379240720099 0.424732441287659 0.0546772565887991 0.0015631669631585
-0.430994462128704 0.125981553985881 -0.0694867883499665 0.0691234199486614
-0.385753631011156 -0.296255111033311 -0.15981135318072 -0.0263301060322892
-0.204146088656024 -0.446601704502595 -0.0720088816356734 -0.207601337278931
-0.229615343277024 -0.378910285740626 -0.0789957344377279 0.0607141693475013
-0.401971340939402 -0.201324184530582 -0.0244715368210428 0.0197899465491229
-0.364202519919654 0.162300842405769 -0.0720628705049042 -0.0335085702679503
-0.0884464542034056 0.397077951641698 -0.0711623138395972 0.0465994303444827
0.139220117477273 0.322207341524711 -0.00397194721349184 0.058612320315373
0.258623988020079 0.193846909900514 0.046163742777089 0.0295950980583214
0.315907795025608 0.046366621796025 0.0573450684915475 -0.0243989227144806
0.306270993618779 0.0076327686987573 0.0388253647538914 -0.0525429079552049
0.317776129616569 0.0446182801314356 0.0298205924942639 -0.0488851001517279
0.281249432786913 0.234085503705883 0.0370653233130384 -0.0700629414544568
0.103367654602516 0.36236434741521 0.0642609313442102 -0.0497219168521236
-0.147560698830767 0.424989599120179 0.0646652037903197 0.0277335142906847
-0.431010744307397 0.130198032099259 -0.0428096270040845 0.0819385066437175
-0.396882525057754 -0.293336135938697 -0.0776239254796748 0.0358899308375775
-0.231498191355368 -0.456554377486582 0.002428424287534 -0.0472582382290758
-0.239559727795004 -0.344052895504206 -0.0055560000820728 0.217372620577433
-0.394581916079188 -0.162414483241635 0.089392705453121 0.0700759735455014
-0.33872964811612 0.173310675754739 -0.0441445347122813 -0.0458564116577529
-0.0738969768981719 0.368268711968889 -0.0876210118469966 0.057334506985367
0.12565701232622 0.300101088525573 0.00757391618857509 0.126120457593332
0.236183106523136 0.187095919230599 0.125025460822944 0.0953365026132928
0.289869434165665 0.0592725301897171 0.17068659495505 0.00520324367118613
0.273146021521902 0.0272082738016143 0.153170139695188 -0.0449062319627682
0.271888518276826 0.0619457572880335 0.138557602526606 -0.0294753087662302
0.22692513353248 0.220017853958443 0.121212582503213 -0.018693255156015
0.063777310146267 0.309920234439839 0.097701065187753 0.0131936922465359
-0.137737352758211 0.333933946678918 0.0680548935918026 0.0481966191629023
-0.345206733531927 0.0909805078507002 -0.0139499190506183 0.0859875823426001
-0.321742469668085 -0.245753297947324 0.000500960416699341 0.0844908542962548
-0.215464144452294 -0.388386652271657 0.0735621176903638 0.098391057682051
-0.209455148547042 -0.251348948029631 0.0692896220936732 0.358547381915422
-0.309499803316597 -0.0986062600970386 0.199505613714954 0.118128827337081
-0.245053733707307 0.143323811891383 -0.0048941330156498 -0.051177114048875
-0.0490625921040012 0.262238726177987 -0.0900630437111372 0.0605438610648835
0.0844032362717009 0.220172044829431 0.0181517502902854 0.177141589968347
0.170969388600095 0.146506063280281 0.188720572787357 0.150849165281676
0.216317635360393 0.0622448426314064 0.262343918398443 0.0352310571614823
0.198141143960482 0.0411591682228776 0.245187611075689 -0.0309144295799454
0.187347298826093 0.070328283525318 0.221373545651155 -0.00553062209257379
0.137797312188958 0.173852434867255 0.176124573165786 0.0303972098331385
0.0107202875331602 0.211297083335682 0.107946459896728 0.0628241715521118
-0.112925208872188 0.186288468842142 0.0586805705625103 0.0545356258101723
-0.204120435073484 0.0325539167230066 0.00799626841146835 0.0759326035060462
-0.192221117902761 -0.164826339858679 0.0558322156727463 0.108588909814881
-0.165890708880536 -0.257948908371066 0.128237153180315 0.20405760404091
-0.142894347827273 -0.117044490392798 0.129194793250761 0.464270150697436
-0.16951150627346 -0.0228975784949018 0.282865625330007 0.156274346093907
-0.107809160195773 0.0863541383542913 0.0397868762447962 -0.0530488712576799
-0.0160417335869315 0.109337554256334 -0.0803657409035659 0.0471721341741357
0.0248102399853196 0.102670088276742 0.0204125081748611 0.20104197452
0.0737510880926284 0.0825865728120243 0.22166746799187 0.186091841786927
0.105481114535253 0.0560425872427219 0.314368675691992 0.0610726023065743
0.0924827961674283 0.0501169086105275 0.300544867856611 -0.0129224516592345
0.0794568847343561 0.0684572105811195 0.26618360354981 0.0181339144259691
0.038476291654777 0.107635833463258 0.196916223616773 0.0710805832120608
-0.0347836966122487 0.0950545466045519 0.0957926028587576 0.0941466363313691
-0.0737031913789059 0.0351613997422394 0.0400290386942837 0.0479752888725301
-0.0564005629532869 -0.0147147384761495 0.0228850550969815 0.054956661657115
-0.057619906728404 -0.0633154257701123 0.0853635884104854 0.107407355924258
-0.100355688217759 -0.0980685428555239 0.160985889197042 0.25720225427861
0.00865599297049204 -0.0514680731049191 -0.196786282201003 -0.288590303402581
-0.058701768756744 -0.0421376392416907 -0.196510052111316 -0.0860691308640361
-0.0618037237965944 0.0480137634966401 -0.0573134289721624 -0.01443522605068
0.0262024317688969 0.0872197686228226 -0.00669707489011688 -0.0155418611899353
0.0682723274605496 0.0155979534099614 -0.0435040512485943 -0.104805748144783
0.0498183966866573 -0.0270551459699628 -0.186534102608267 -0.114551408997355
0.0279246758150427 -0.0583653686551392 -0.286006608652153 -0.0450822621994439
0.0248870092654402 -0.0574145530891039 -0.316245162822804 0.000457733331381272
0.0313986331453948 -0.0462210944510671 -0.322882606909831 -0.0489729703901087
0.0382708937057204 -0.0122858305827073 -0.246923557397312 -0.163708450669479
0.032991234169774 0.0215914228351426 -0.0669791247631989 -0.207294043114524
-0.00625062892918521 0.0538592670097225 0.0441212960017302 -0.0575831727161387
-0.0585516209500188 -0.0131324844727321 -0.0494680171621375 0.0180503711585237
0.0063017711318108 -0.0802702323791929 -0.250246113364484 -0.139032907318612
0.0695223447709936 -0.0424935873667081 -0.192950031120075 -0.509015238586879
-0.0664497662180462 -0.183141805152841 -0.197665892396903 -0.26758533276001
-0.166577454746127 -0.117735211107059 -0.198597268680678 -0.0770074725659641
-0.162210369369405 0.0717697588748271 -0.0724323674977772 -0.00517438090536081
-0.0135984468047431 0.189935224538356 -0.0059538237973496 0.00837050389029872
0.0985912734556486 0.118836510396854 -0.0239263855532915 -0.0888761750683843
0.132986928630038 0.0431515513810446 -0.149941929947701 -0.110368406955834
0.143207144395884 -0.0387779705517914 -0.24496424066779 -0.0578598472987369
0.144965219466861 -0.0537918214339496 -0.278288029669651 -0.0200870298222518
0.160924699492965 -0.032603510090008 -0.287755953044693 -0.0594158317559202
0.156507359019106 0.0742927088898666 -0.221206139098242 -0.1687845194997
0.0782825637228988 0.158734550816355 -0.0518933862611696 -0.200782023850096
-0.0526757800809766 0.215642098354933 0.0430290759528651 -0.0455152489961641
-0.218388868287185 0.0475181401403095 -0.0734714455817356 0.0351449199722236
-0.161931329778565 -0.178190116971514 -0.256680221633613 -0.120721591699539
-0.0441736096140246 -0.223265859687165 -0.187780128050876 -0.462336093044131
-0.138757218219182 -0.290360982758971 -0.181630164313944 -0.197303096639389
-0.270261047319226 -0.17517502898217 -0.177968674496278 -0.0552947453128319
-0.254717452138753 0.0992398233100093 -0.0855255351303635 -0.0047974092052419
-0.0505037675086941 0.284805615479901 -0.0185737047208194 0.0255499304319874
0.122795617642365 0.215024590283232 -0.0145799327402677 -0.0567263046223567
0.204108732380733 0.109985777718712 -0.0991127179465253 -0.0834544393850642
0.239842850556074 -0.0142986139800566 -0.168822480285631 -0.0591142601400671
0.242923287507025 -0.043253731306906 -0.197804247624147 -0.0376807032879787
0.264691936930095 -0.0130301928884403 -0.207469141508047 -0.0632541111520686
0.25160576778596 0.152192001425777 -0.159833649317581 -0.152349673934675
0.114462885044359 0.27814276599668 -0.0251028236248598 -0.170941805629991
-0.0948417104967114 0.355988968209399 0.0465005611696484 -0.0288706890890735
-0.356478059861522 0.105171468180639 -0.0791721767632396 0.0539468931707953
-0.312398447278912 -0.255030283929367 -0.228344825246566 -0.0798909132549864
-0.150397215436577 -0.37050544745178 -0.148152422708808 -0.35899802203832
-0.204261928306061 -0.361998464342173 -0.143202653540157 -0.0825545596835049
-0.365376028225353 -0.200950391222089 -0.122738063482409 -0.0210201091229238
-0.332157325704074 0.140176892754835 -0.089476300018726 -0.0141196391059735
-0.0720972465269416 0.369179361997765 -0.0424883883615853 0.0384630554750475
0.146952114400383 0.291522341898163 -0.0102847595655711 -0.00510456299145254
0.256248062652291 0.163042116017276 -0.0317393827444575 -0.0350218974157784
0.306059092781469 0.0118420438502839 -0.0635528219677832 -0.0488234766154931
0.30290708483504 -0.0272917710724809 -0.0874154271357304 -0.0517757655951859
0.324111602440738 0.0101904264975368 -0.0950947538301146 -0.0610458060148232
0.304081777088179 0.207309925194644 -0.0702047456164106 -0.118553164797766
0.132874722770476 0.357786173003502 0.0155517246599628 -0.120067471900924
-0.123688821700139 0.445414754505249 0.0548990450571889 -0.00577972240176096
-0.441115152663929 0.148406920667608 -0.0654333209147299 0.0717479459972384
-0.410407213383672 -0.295644419488912 -0.163424070747122 -0.02169706397706
-0.225522048596299 -0.456931302009576 -0.0803790650409645 -0.212110944924449
-0.247917794873379 -0.383490734858238 -0.0798288240568984 0.0644930005171797
-0.424885008129357 -0.192657191592909 -0.0276571578336929 0.0225679923686267
-0.370772536235612 0.180917864767497 -0.0778442727658066 -0.0293465169683091
-0.0742758270369609 0.413049529368647 -0.0687684014764355 0.0525731858337415
0.158494490111507 0.327806929223065 -0.00178293911319942 0.0620586784172168
0.277665909289232 0.189314694823606 0.0503049047989677 0.0275273297132086
0.329515040016078 0.0333378114031572 0.0570727691051576 -0.0298048757746106
0.31702123852577 -0.00575475032958302 0.0359153656420623 -0.0573989942649431
0.329762172233341 0.0333162527411536 0.0283296027610722 -0.0524454209664011
0.301635316859408 0.230489835248238 0.0315801479094711 -0.0739907292814787
0.122060331585974 0.373123707831057 0.0610766367119281 -0.0552564275952097
-0.133067976215624 0.446391089986794 0.0651498835717923 0.0205720337551315
-0.440168103083864 0.149868604190909 -0.0382550471410874 0.0848115314099964
-0.423982350641681 -0.291352365508712 -0.0758354348693815 0.0397435616966631
-0.253904408178609 -0.465192476432679 0.00203828179538015 -0.0499786645562642
-0.257756217368314 -0.346623688463204 0.000817112228389949 0.223942461505204
-0.415751926765048 -0.153291895253504 0.0920033744733119 0.0699618617272712
-0.343166262968095 0.19002330134284 -0.0502237254394554 -0.0427570484664938
-0.0617437012697425 0.382945702954734 -0.0862832717978817 0.0656074221412862
0.143376244401601 0.306099388593238 0.0132705883086552 0.131440111386241
0.254410756600812 0.183629496535384 0.13596212916514 0.0927743193851728
0.303214642290015 0.0478360024519316 0.17648951077808 -0.00463829065825014
0.283790590150175 0.0157629052581894 0.154430759094855 -0.0542298894842789
0.284190654253653 0.0534239412753281 0.142278840120332 -0.0364051337931808
0.24518297106184 0.218718569939959 0.121542401996697 -0.0243975247886303
0.0794588484596566 0.320705847774768 0.0981720890856883 0.00894475428452295
-0.12772219315254 0.351083420323633 0.0689504471064643 0.0424951892724431
-0.354150744986988 0.105853079850802 -0.00866793581082508 0.0883376631019149
-0.344566638779488 -0.246471366161824 0.00695060308061735 0.0871740936053258
-0.233654321190172 -0.394797236249057 0.0812030177836253 0.0971937725748858
-0.223874309085093 -0.251910870927809 0.0838450936826609 0.369207018035336
-0.32489038320069 -0.091547195165936 0.206781716314868 0.114759189630098
-0.247740331012073 0.156010484993558 -0.0100138383706944 -0.0500527938315507
-0.0408103714945086 0.272544665465712 -0.0891411400899224 0.0690195692096094
0.0965289857444608 0.225861142976926 0.026784634646726 0.184885888033839
0.184662956403093 0.144402450791314 0.204119762308002 0.146918425321657
0.227369949892189 0.0542573265022605 0.273136295697661 0.0224248667796448
0.20757078942943 0.0340515885297795 0.250923542149872 -0.0435759234663005
0.196969633439258 0.0659129414280414 0.228685389961362 -0.0154080618569879
0.150669458683986 0.175557569502696 0.18176395123673 0.0244569908107124
0.0201496272238615 0.21997208293296 0.110863860739771 0.0596582930394251
-0.108910123604406 0.196790653170493 0.0595086413320749 0.0501950401292169
-0.210445436015564 0.0401138361268605 0.0126096884147111 0.0775119149539585
-0.205916010948802 -0.166285670540916 0.0653538729997658 0.110079745974025
-0.178307047521783 -0.261964757528915 0.141111406555066 0.204588768272687
-0.150504881113299 -0.114582585666135 0.150474192062819 0.476553655685433
-0.175698319069694 -0.018170699202409 0.29561101472086 0.150939011011946
-0.108351983410259 0.0925332252667202 0.036718812762426 -0.0533047875857448
-0.0137120326023827 0.113234233636401 -0.0806822873161544 0.0550372626334819
0.0303883661550474 0.106764550311119 0.0305254316811221 0.209770247582805
0.080175065994977 0.0828408328584439 0.240244530188442 0.182328395131648
0.112671132356312 0.0529756661977574 0.328692393970944 0.0467957669761316
0.0988354477882237 0.048212049411566 0.309771512847941 -0.0277427387618824
0.0856528990183775 0.0690701776081104 0.276321452034492 0.00754465085433295
0.0443437816613909 0.110737379975204 0.206020735669329 0.0659285473899604
-0.0323339105051116 0.100826226278649 0.10062977157264 0.0936213374090754
-0.0756592266877425 0.040264818690681 0.0401911522551888 0.0452439310184406
-0.059337430817861 -0.0150378016997885 0.0255154054751246 0.0552600310596492
-0.0617999208842751 -0.0653898764042885 0.0956403689755485 0.107400650953515
-0.104951317073268 -0.0980226540198584 0.177416984196095 0.258470755502507
0.0296973892310025 -0.0386791550107053 -0.0497655345088799 -0.354786702484371
-0.0351756782276498 -0.0615064339411166 -0.140663498565968 -0.162838491580074
-0.0774301996143142 0.0171262700950241 -0.0437516159664146 -0.0360129763033146
-0.013279476506977 0.0906064148104905 0.00482570386433112 -0.0153465928486473
0.0537842126378145 0.0447256813062838 0.0117336865818424 -0.117002552515895
0.0565324825393925 -0.00124684484269761 -0.11709402520189 -0.188115889713453
0.047716455160106 -0.0415534589286064 -0.239630905897936 -0.167158542253455
0.0463502091410306 -0.0420794078541938 -0.285413431989923 -0.136218230794653
0.0471114970372621 -0.029001862639576 -0.271040556961774 -0.183244596163844
0.0384320153953868 0.00490578064302284 -0.152956579130983 -0.255196009955619
0.0202341363879806 0.0334816545075566 0.0296657255900906 -0.218468611022613
-0.0275705245792944 0.0445504075185418 0.0671825693455272 -0.0342080862277722
-0.0484512336886093 -0.037115429442029 -0.049016485491426 -0.0104685409433586
0.0357616102091439 -0.0712770441443026 -0.159120408581022 -0.241648263969708
0.0788810837831229 -0.00861601477033989 0.0736572062997502 -0.548535673325174
0.0223071986377481 -0.192437925909475 -0.0629341852527457 -0.334901711459113
-0.0999711937698342 -0.178981668269969 -0.145770661329294 -0.152243510400555
-0.179058532026692 -0.00691615222299268 -0.059771021682331 -0.0329589539018632
-0.0936080881132546 0.165608377651696 -0.00197689035884795 0.0079798173592986
0.0348607896611785 0.151143593428704 0.0268425082689718 -0.094672030673581
0.101342346440629 0.0992066870672198 -0.0842373692589481 -0.171358957558672
0.144501926554582 0.0270528924432557 -0.196156375238283 -0.162446909168056
0.156016896319265 0.0144447876699137 -0.242396181201113 -0.13929682546018
0.158386456969754 0.0405018829937664 -0.234742515003232 -0.177277601565262
0.109839960354608 0.135056036689404 -0.129120359567947 -0.245800927631573
0.00191327280288832 0.180329304420523 0.0366777542618896 -0.203641139565294
-0.139784889198653 0.170199677847968 0.0556648119918614 -0.0220290592269047
-0.220462513949348 -0.0552359513599047 -0.0809015994630072 -0.00888170254449821
-0.0729572995154197 -0.237067888482764 -0.169698831547145 -0.231558567934377
0.0572284427531385 -0.223394079985409 0.0584357246138484 -0.504951078298014
0.00713205218252049 -0.32348119996805 -0.0832219168780961 -0.260774968084583
-0.167423409589711 -0.278217497839666 -0.13594778089236 -0.120199595325365
-0.275579044172357 -0.0235484813331675 -0.0693019560285422 -0.036533183840447
-0.167949799369391 0.234349749809369 -0.0178334376162318 0.0189075865885161
0.014235670491975 0.249596643276785 0.0245042860894477 -0.0620893143932897
0.136723625848822 0.191160781767746 -0.049106400355735 -0.126983397464594
0.224060123443789 0.0923417144907803 -0.126415199787338 -0.13121919378109
0.241814309939841 0.0687396480837627 -0.161705459838442 -0.122699184128074
0.244276595132095 0.103850073232282 -0.160214577851387 -0.145467544665042
0.16369253608963 0.246945901266503 -0.0822259795652386 -0.203698827224715
-0.0175287923166537 0.305843985234284 0.0449178507315528 -0.162402157554458
-0.238272680616123 0.278099094541488 0.0466542085209083 -0.00418531023413213
-0.37180757990054 -0.0661289105251557 -0.0974326187285849 0.0036691189079641
-0.174274351784325 -0.374298299375506 -0.159357408490259 -0.182642877900209
0.0278708425158646 -0.403521232194803 0.0466341684916357 -0.393797893157176
-0.0178034786441609 -0.418576749348025 -0.102782018005484 -0.137023708141577
-0.243408334724201 -0.346540063714579 -0.0996867043511852 -0.0617533567846127
-0.364868581726549 -0.0214672768936092 -0.0662685782116363 -0.0450940274627881
-0.224359673235514 0.300401053028553 -0.0430701476016302 0.0208867122677908
0.00224819408146489 0.329915334467989 0.0085377013997043 -0.0140816526796891
0.162484777384554 0.262281926216937 -0.00821089538233953 -0.0547574612348299
0.274098262919873 0.144973472498493 -0.0353408711829582 -0.0773221044229445
0.289874109734819 0.110600445597021 -0.0559127455684704 -0.0875028742725375
0.289131002447 0.150452106810357 -0.060299840770427 -0.0947264473945147
0.18867004631939 0.320098217071358 -0.0173704830318581 -0.133652652865763
-0.0353395507213538 0.386976585499211 0.0561289998680695 -0.0965466821983805
-0.302062883356074 0.346375565685823 0.0400767451940696 0.0202358371683697
-0.468202189171201 -0.0657532286932525 -0.0953260180514966 0.0252262677995913
-0.244517087437895 -0.456076333363574 -0.124589483602054 -0.100816796495018
-0.000631920224112697 -0.514410715731899 0.0404057063353491 -0.22825789307676
-0.0471415586156477 -0.4595927003897 -0.112959010162915 0.0277566343441966
-0.301120632577167 -0.368131253719126 -0.0318727598753155 0.0205986563980852
-0.418593751540652 -0.00367845455083876 -0.0479729683049868 -0.0529842344462412
-0.246446346562484 0.339649981615706 -0.0723741457397828 0.0225156990181234
-0.00216301134133556 0.368181108549832 -0.012017919398141 0.0512549455257457
0.170282618857827 0.296147233395679 0.0385298955820761 0.0383031810775523
0.287756699912137 0.175467550228266 0.0657168386900338 -0.00696509760958329
0.294822512408321 0.136723228061916 0.0584512226233222 -0.0393485060013002
0.285510315896536 0.173785228258488 0.0474421584105703 -0.0335309019492822
0.177269162432709 0.341433431366715 0.0543842542609473 -0.0493178626653828
-0.0512535637494388 0.396214046311886 0.0685724839423891 -0.0175949923968891
-0.312479405671595 0.342974483444353 0.0359127557977223 0.0488518127258084
-0.468196365004604 -0.0656547197213211 -0.0771859987341577 0.0505519451586708
-0.257478848092985 -0.456517161275141 -0.0725690352133479 -0.00451421576849774
-0.0220479439150354 -0.534192737939202 0.0368659282630783 -0.0428368801090614
-0.0712570889513452 -0.432382072182145 -0.111417198790522 0.211207835182
-0.312084901162955 -0.329340628696156 0.0565565594789754 0.116566221336567
-0.399361059013814 0.0189752185779641 -0.017680968126935 -0.0534268327714347
-0.223179234232928 0.317574760104142 -0.0954901251826341 0.0267681756445896
-0.00624236474222258 0.34142827314057 -0.0307808574187039 0.12249661533231
0.151949017294297 0.279165357884936 0.0864535151212657 0.13633917485052
0.258924917012607 0.177307329548626 0.162907128802153 0.0688400008057802
0.255196279357761 0.141235814213849 0.163417464295818 0.0149598733731057
0.234930538314545 0.172250602821262 0.143642846896144 0.0297307229307524
0.131191546784214 0.30596320842279 0.114340255349361 0.0338775862852925
-0.0674898697237362 0.329977733760053 0.0738527028010952 0.0554735963552075
-0.266938489580365 0.259834535169857 0.0308612217904955 0.068448296479546
-0.367880958872105 -0.0651754990816529 -0.0514647015461485 0.0686211845056422
-0.201641678257995 -0.379025304052655 -0.0216080918193179 0.0788491772711252
-0.0338938364434329 -0.461628147545705 0.0349947801874309 0.128080483996397
-0.0834673786887477 -0.333673644219114 -0.0995529898537338 0.380968413315752
-0.256975983531672 -0.233856549751 0.140063958437391 0.205391614579692
-0.297042697297408 0.0301502383705951 0.0192393102158627 -0.0431625401528321
-0.156518489680186 0.226791370578796 -0.103817871035484 0.0280547490349054
-0.0121427846320701 0.247107099373544 -0.0465367034505604 0.179690100258363
0.105822281407092 0.212716723034509 0.12373667809783 0.219764665082907
0.187928899805414 0.149864064847742 0.238552779197385 0.137386539258095
0.177416785958727 0.124337658205549 0.245924658156974 0.0669656548534477
0.151086121919917 0.146065140917224 0.212196846304817 0.0853625947011713
0.0633874753063422 0.225491389000273 0.148358557977757 0.10271308746436
-0.0777690234346543 0.211244433869724 0.0650149378274177 0.105086849184578
-0.182817895315476 0.129524377227768 0.0218820986666401 0.0690698921992871
-0.208261411021947 -0.059436620639462 -0.025405463582262 0.0719823701130674
-0.110875884462821 -0.24372818818113 0.0175098835332068 0.128503578134507
-0.0418925234110041 -0.316193961692633 0.0352362105113214 0.253014980524723
-0.0798203883504368 -0.177337982629387 -0.0852087900605153 0.50699078719537
-0.153669832851784 -0.100565935103367 0.201744922777338 0.273131974086333
-0.141163538988248 0.035283538016103 0.0585775669358254 -0.0277745889756578
-0.0625133357596992 0.0950410175859192 -0.0952288571877435 0.0179417634380983
-0.0184792812418168 0.109476319816499 -0.0599320988168825 0.206406820315329
0.0379764684922228 0.109661175020845 0.139426256369878 0.271612844926839
0.0835151494868616 0.0975659098690509 0.279239343203765 0.185669519375802
0.0715419874915565 0.0885857137048987 0.29216778783313 0.107379453283656
0.0488863382242365 0.100445201499236 0.245753040311112 0.126224894838352
-0.00554400614323021 0.121099963069009 0.153787952080183 0.149225893629948
-0.0731304970287588 0.0789807370498601 0.0438382821771225 0.128277253568522
-0.0857554003348167 0.00321931843537834 0.0111081936930263 0.0541282572402863
-0.0462585312132475 -0.0412627558479388 -0.00188687131000616 0.0599329916981317
-0.024672700910217 -0.0872192066543122 0.0420989039531988 0.142606969568541
-0.0486353684452953 -0.134745918015341 0.0385376474687774 0.318488839018807
0.027001095831444 -0.040440653335621 -0.0638644783043854 -0.349140497076487
-0.0396879092226569 -0.0583596298315784 -0.146075999591542 -0.152925722905394
-0.0751196607425291 0.0211523567725396 -0.0457436761914018 -0.032244807250932
-0.00694078807701096 0.0900104193333336 0.00497609872876597 -0.0131701588411442
0.0551413202579223 0.0403047475434246 0.00830255824932421 -0.115021251849486
0.0558162699425633 -0.00463938908853867 -0.124026419438977 -0.179988691138389
0.0443070198504261 -0.0434308041931759 -0.243797749215342 -0.150967155756108
0.0426186005541845 -0.0447187207011592 -0.288530086568835 -0.11922225657286
0.0444452920513072 -0.0329426952444524 -0.277001678151615 -0.167400692661097
0.0391089484233822 0.00214324563458675 -0.166119304213385 -0.245515405873677
0.0227147735780724 0.032389176790104 0.0173154798348214 -0.220520372620065
-0.0232327012793255 0.0458514730582435 0.0666074255536942 -0.0398325004352003
-0.0496404331380552 -0.033157519164502 -0.0456727909146415 -0.0116393968269323
0.0300810289936396 -0.0712514982246992 -0.165138755968787 -0.230208196972651
0.0758072893661072 -0.0123811401165177 0.0481710106503485 -0.541272431981863
0.0139998888152027 -0.190652306788037 -0.0759163581794661 -0.328579848107049
-0.108580899858203 -0.171683443433633 -0.151289116871658 -0.141768315932265
-0.175331057461368 0.00168107539744173 -0.0612221728655052 -0.0290567769793603
-0.0815253750065215 0.167630645055593 2.33907331764875E-05 0.0101008510646539
0.0424548674020485 0.146916306005529 0.0234254313937213 -0.094056438827436
0.105647543016313 0.0924002820664469 -0.0906726834081612 -0.164974670716274
0.144040497179658 0.0185994983944685 -0.201261873972668 -0.14907971826584
0.153219661963195 0.00527815286130875 -0.246297350000383 -0.125235646881323
0.157621895438916 0.0296593990158043 -0.24083437599243 -0.163167677567322
0.115710500743377 0.127226507986134 -0.142858253568898 -0.238054277155695
0.0110094638847191 0.178614964574892 0.0244160746690626 -0.206356376060497
-0.128468599101236 0.174303273439642 0.055542846195925 -0.027953922459856
-0.220988479782463 -0.0437774287010494 -0.0760065760962485 -0.00750094949315757
-0.0846936508974501 -0.23103320352182 -0.174755849105604 -0.219110080015636
0.0464554550735596 -0.223719704989165 0.036864373738745 -0.498550853976545
-0.00487836737083295 -0.318470913587655 -0.0931611481817409 -0.255210284698302
-0.179960484041783 -0.266861819644771 -0.141551124150723 -0.110899721113013
-0.270708560623238 -0.0111612721604536 -0.0714994127700992 -0.0317931226744132
-0.151892321058647 0.238907715895705 -0.0148165154561727 0.021346116554622
0.0268425808499123 0.244819867173115 0.0222054913324113 -0.0621144620627449
0.145253404365273 0.181656535515135 -0.0535137406419669 -0.123425321514296
0.225044420840545 0.0787403122593476 -0.131084697515176 -0.122791635483375
0.240589733325555 0.054364026609603 -0.166388199339021 -0.112720782784199
0.24548129531773 0.0877631117803337 -0.165469127976996 -0.136061454392412
0.174705186684054 0.235855036453537 -0.094660565330735 -0.198108871036666
-0.002135639714172 0.304974650819738 0.0343804797065958 -0.166184682726147
-0.220571258301428 0.285613080878548 0.0465003505822642 -0.0106038667078379
-0.370106670048942 -0.0484662558269628 -0.0913708320785972 0.00639582933713251
-0.190352285958007 -0.363405481471754 -0.162291655585396 -0.171752998996925
0.0124280930668789 -0.400436453354346 0.0306625194654375 -0.389170343974589
-0.0340127786260054 -0.410951796595386 -0.107217126121061 -0.131796211176204
-0.257389491090364 -0.329686854092274 -0.103811907321464 -0.0558236235633146
-0.359448094309999 -0.00574362310892818 -0.0694678514782482 -0.0395913803816163
-0.204428074301639 0.307438195745799 -0.0392536481754549 0.0245159780091522
0.0190012985505746 0.324969189381011 0.00838960101922691 -0.014001475793312
0.174545847757105 0.250940250387357 -0.010312738874256 -0.0541203880442933
0.27764038484815 0.128082017488821 -0.0390784855538061 -0.0754897453501484
0.290908735498011 0.0936585186001514 -0.0607163205622418 -0.0843353967462721
0.292119856477104 0.132961400811639 -0.0641120510314649 -0.0913344146132831
0.203443848963767 0.307846121420926 -0.0269926676210574 -0.131899961822276
-0.016130904555611 0.386024097629502 0.0482822240939853 -0.101386410127351
-0.281358026659385 0.355491764236926 0.0401889909640048 0.0133097133172376
-0.464393734366872 -0.0450940076973405 -0.0886015908357199 0.0281322372132012
-0.26346871412969 -0.441000868204538 -0.124927847034671 -0.0929457577020728
-0.0206149443030948 -0.508903803701102 0.0307457136123207 -0.227523520573461
-0.0635076372253675 -0.450669337923418 -0.110441783123718 0.0315221242028402
-0.316729540004128 -0.350300180581609 -0.0340400149643491 0.023214281937756
-0.410948909468244 0.0156502461825578 -0.0524791451913262 -0.0482524287084524
-0.226285345279816 0.346626888605566 -0.0678396014824771 0.0280939111995591
0.015842279325451 0.36528558087576 -0.00904051691235283 0.0523291438182719
0.184447791925878 0.283869220197131 0.0415502525052064 0.0355361768797717
0.29331754633268 0.15811796924288 0.064448055932617 -0.0118924923561048
0.296648305939623 0.118383335244253 0.0537060609549892 -0.043020960499009
0.289142326543588 0.157090985771117 0.0451386245309885 -0.0361704852046035
0.192448368799513 0.328561104968418 0.0478816961232649 -0.0519606017558153
-0.0328438682592966 0.396748769108734 0.0639962477279403 -0.023156312046786
-0.289902688689625 0.354115779233602 0.0359364638719816 0.0412655140948214
-0.465578565745734 -0.0431430830710504 -0.070175400273306 0.0531927304818893
-0.275511262906529 -0.44314226410229 -0.069366482649521 -0.000503712669047487
-0.0403933687989661 -0.527125220835201 0.0355181123982264 -0.0452022725389233
-0.0864082757322456 -0.422120394697355 -0.101526559066096 0.21265015898751
-0.323050070210746 -0.312199794950578 0.0568462992133862 0.112784632132468
-0.391255091281716 0.0342024870807959 -0.0227786511710706 -0.049472903323273
-0.205114236600939 0.324016892204118 -0.0908763872072403 0.0333490100388999
0.0105773475726172 0.339024663009539 -0.024446615679084 0.124350696916799
0.165408453570294 0.268780427853539 0.094051184716034 0.130277548540187
0.265147000391264 0.161162361394699 0.164312348885253 0.0577081008433808
0.25891024555983 0.125869770386401 0.160775700102262 0.00536489017958173
0.240183856646921 0.158491294170796 0.14303320513398 0.0216466687661794
0.144900167917499 0.296283123444778 0.111784899094247 0.0276107479545145
-0.051760173606165 0.330313513556801 0.0733052312844122 0.0493665345551661
-0.249373227915534 0.268472622558161 0.0315561880251502 0.0608998197392529
-0.365964377139134 -0.0475851935441996 -0.0451179871298212 0.0701534016900136
-0.216562335041791 -0.367937663970571 -0.0145153227671434 0.0798561551601798
-0.0507872732349558 -0.453700033494636 0.0418675552655738 0.12297081379248
-0.0940307681889728 -0.323862407783004 -0.0830196916487496 0.380691353414427
-0.263411704980025 -0.220171252972168 0.143538859115716 0.196628087218256
-0.290415873763588 0.0416489409950965 0.01439632171869 -0.0410621503685681
-0.144230085325952 0.230361051414557 -0.099760556771192 0.0351054949120175
-0.000526302237863809 0.246002232929668 -0.0373740670276339 0.181590337046422
0.115491847398386 0.205491951248142 0.135558889509153 0.210710977242922
0.193492995473384 0.137785973318991 0.24303495214017 0.121880405256563
0.181487529201335 0.113093607453107 0.244506572889475 0.0522513569577283
0.156374218844814 0.137265469425258 0.213850020093138 0.0733478416393238
0.0739330852867005 0.221076220685972 0.149663375895731 0.0942646233440857
-0.0666187051877127 0.213851246810734 0.0671842106236479 0.0996728799313754
-0.174332523579978 0.13657555056029 0.0220285740968447 0.0635943409862858
-0.207779397683019 -0.0509348719731728 -0.0204812460032418 0.0718625794072526
-0.120178930095352 -0.238737744201853 0.0263966283224815 0.127207092656606
-0.0528747427327454 -0.309836536381256 0.047154929271673 0.246354531614426
-0.0851456460615626 -0.169868244831178 -0.0635595337707487 0.504428761683267
-0.154660722157575 -0.0924935254246863 0.208049864240326 0.260547164116911
-0.136782247968759 0.0401453264436816 0.0539227631233734 -0.0276500425803978
-0.0587378138969618 0.0960343922611114 -0.0929486756145275 0.0248188009165507
-0.0136866997090277 0.110663046545477 -0.0488592682893047 0.208944571047009
0.0429535800501532 0.107192031350593 0.153538814256621 0.261899830616848
0.0874950593150536 0.0919582445995846 0.285240101284112 0.168196602169598
0.0754590631947491 0.0838172849719606 0.293042366351858 0.0905111104636575
0.0540216955330482 0.0980725241196898 0.248522094907952 0.111747170893372
0.000357820437384154 0.121057594075966 0.157951420564407 0.139894351539164
-0.0691771816578436 0.0821623423948432 0.047203304056869 0.124235794430279
-0.0853249668582815 0.00744846116894801 0.0108656352874945 0.0497012419153825
-0.0474012919604843 -0.0396558559898958 0.00104515931641405 0.0594259606775515
-0.0277676807771929 -0.087304127736321 0.0511983448718373 0.13947621036626
-0.0518173938100895 -0.130801143582149 0.0532220734215672 0.310923531981483
0.0245037643919342 -0.0410513884568512 -0.0715337437837721 -0.340566051271765
-0.0426429787825341 -0.0554263844738327 -0.147165838783141 -0.144279108044311
-0.0725799700426381 0.0234137925538338 -0.0467557486555875 -0.0292980729885911
-0.00222721837512359 0.0877684077824073 0.00611563292460914 -0.0102757313781861
0.0551583723064959 0.0367719973784793 0.00754191341759443 -0.11252813206724
0.0546941939236462 -0.00682565464430896 -0.125444795411939 -0.171269144417093
0.0412066078624477 -0.0445010683427109 -0.24208325145245 -0.137840656048404
0.0386071960845003 -0.0455746618076988 -0.284996342454813 -0.106620071549347
0.0413247152473547 -0.0347554851365398 -0.276292005054388 -0.155065549140216
0.0385735708586187 0.000252913335647266 -0.172992430180064 -0.235948859535491
0.02407193045843 0.0310457395135334 0.00884365538837015 -0.218981000864055
-0.0206035434559611 0.0456768160564388 0.0652652262702347 -0.0438371105866672
-0.0501028810255063 -0.0295976857218221 -0.0425677466805007 -0.0140803801648817
0.0261857031769198 -0.0695579595017601 -0.165698918857088 -0.220551007152409
0.0727150405911051 -0.0148529431140621 0.0342520525232215 -0.530603143434854
0.0099231862068295 -0.186929241892355 -0.0824345430971038 -0.320232091292944
-0.113083272911347 -0.164127458020754 -0.152456902173052 -0.132763816424707
-0.17044186842293 0.00638717049216275 -0.0621094906529079 -0.0255669195511332
-0.0722270655011369 0.165348042325922 0.00186671079829866 0.0121367099841922
0.0463364104270009 0.141387178269251 0.0219378868284829 -0.0928350637550303
0.106793582345584 0.0860889744191605 -0.0929196043025011 -0.158745010718701
0.140504145265969 0.0130650706545992 -0.200966172252487 -0.138231729124989
0.14850597119313 -0.000659976104997436 -0.245088838394889 -0.114000820525381
0.154006319658909 0.0229225217504897 -0.240940066756614 -0.152591311484077
0.117925158438143 0.120793000465225 -0.150154356713336 -0.229713125758945
0.0164678991392146 0.175644812623434 0.0158805368357614 -0.205919392658744
-0.11875559217973 0.17421762411527 0.0545920784685213 -0.0328912044585973
-0.217412979516402 -0.0361173097622168 -0.0709421245494564 -0.00809905498593479
-0.0904680896237825 -0.225024675758408 -0.174524997113976 -0.208152209487079
0.0396019277796427 -0.220375727708208 0.0248477508730893 -0.488948880136279
-0.0108662233138235 -0.311280353371548 -0.0973209667147278 -0.247861781604611
-0.185425351632121 -0.255392182413917 -0.142314055165281 -0.10340755160235
-0.263335736654273 -0.00447982780413205 -0.0722280169299929 -0.0280109851390376
-0.138301929463805 0.236717736145185 -0.0121155760859612 0.022816363823584
0.0348870261058668 0.238961394725544 0.0208365448809339 -0.0614029064509251
0.148831178355538 0.172613773321112 -0.0551548750316108 -0.118966330789603
0.222133553334987 0.0690674931897514 -0.131681463217147 -0.115677349146555
0.235172249650549 0.0437094691772096 -0.167162729404329 -0.105228192255264
0.242656888234009 0.0776086388736831 -0.166505075127003 -0.128208363419854
0.178947764372972 0.225687111739796 -0.10260092078845 -0.191722235472848
0.00798632035867616 0.3001774853768 0.0259321150285717 -0.166662901351235
-0.205742739159153 0.285004179625671 0.0450531907459702 -0.0159094115841663
-0.363011932012441 -0.0368920184139072 -0.0853788164147161 0.00696642140015826
-0.196699500600161 -0.35271622434955 -0.16085491909112 -0.162935942280388
0.0022193814625112 -0.392926301162 0.021987888080314 -0.381499888021658
-0.0397520960741851 -0.401192314138307 -0.108252509399367 -0.127284641285931
-0.262396117397472 -0.317425030006021 -0.105491864755059 -0.0497544835042169
-0.349418566988317 0.0030294976545072 -0.0709187287263858 -0.0354160323167944
-0.18830309943376 0.305510927424963 -0.0353473509991531 0.0267394807568142
0.0293406599659983 0.318569338027195 0.00833606682241057 -0.0131218465913515
0.179066701568033 0.239494999778726 -0.0102414418906521 -0.0531034405139517
0.27610664359237 0.115291853555537 -0.0404094191115209 -0.0732246512105914
0.286402833198485 0.0806703026156277 -0.0630977303688846 -0.0805472420143871
0.289280198644975 0.12059373772966 -0.0653944721168174 -0.0881808331897133
0.209526146384345 0.295674570532374 -0.0342845468057448 -0.128616369102666
-0.00303533241277199 0.379822912960798 0.0411292684344043 -0.103419588400714
-0.262911201839117 0.355840868619876 0.0383819575753196 0.00775882276034075
-0.455248802479 -0.0314972254514014 -0.081707667505242 0.028349671513322
-0.270670571423 -0.427862836326902 -0.121394222319475 -0.0865063788360438
-0.0300918189453476 -0.497670818719264 0.0262796399912418 -0.223804352846095
-0.0689493232730758 -0.437806075409047 -0.107631071795579 0.0325681093573721
-0.319704222195206 -0.334311529238838 -0.0355909804133107 0.0250799814662036
-0.399319560723201 0.0227137734013367 -0.0545576464573305 -0.0431123607276798
-0.208898389784908 0.345822647951046 -0.0637008642054415 0.0313970869133197
0.0274889481154058 0.357575517775352 -0.00717511322426617 0.0523172943648368
0.189782686916942 0.272328615529918 0.0426907946592749 0.0330841590823665
0.291931200605077 0.144073628942785 0.0626760756927632 -0.0148450060096553
0.292841866425106 0.105888531012049 0.049467665774632 -0.0442373520618074
0.287940698844741 0.145203598440273 0.0432037216513309 -0.0377647426844974
0.199788059541964 0.317197384405942 0.0410847137886485 -0.0526954874553032
-0.0186700197055226 0.391741974141737 0.0586943012196944 -0.0269542417650895
-0.272884164169214 0.354087534258344 0.0341678447655939 0.034666643083468
-0.456128261890389 -0.0307168929667619 -0.0636574264862196 0.052811168899953
-0.281424909898146 -0.429719194995011 -0.0648395608134879 0.0028005789492033
-0.0516472712754969 -0.514252759261748 0.0351919895091249 -0.0462529112082257
-0.0911196315271994 -0.409866305578777 -0.0943813665647995 0.20991335737741
-0.324487439348938 -0.297854841289768 0.0552198627345079 0.110331700107312
-0.380803171970422 0.0424819372291665 -0.0253406549765994 -0.0451640730283308
-0.190536752440275 0.322037445309229 -0.0860128590182879 0.0372349965444852
0.0212252954469867 0.333093424306681 -0.0206571520443095 0.123483028307473
0.17079593623932 0.257973061888469 0.0974910614751633 0.124554218424912
0.26463702179016 0.148514755628113 0.162735286756878 0.0493969993729569
0.256826688283056 0.11447654369682 0.155578481991222 -0.00106142490478464
0.241136131805154 0.148046746581545 0.140093121827126 0.0157111510234332
0.152247958840637 0.287580099749521 0.106987180810243 0.0230753586502143
-0.0398337713881612 0.327390779276794 0.0695468908841141 0.0444886637120224
-0.234941003147715 0.269255903546789 0.0291038456799047 0.0546749027215262
-0.358874031307091 -0.0376732198536457 -0.0399205788024638 0.0698602670820702
-0.222405318122565 -0.358606323846784 -0.00866241316195555 0.0791094594683824
-0.0595001805071329 -0.442868489771475 0.0447833544596031 0.117439256734353
-0.0967611486482149 -0.312730146444778 -0.0730980021618321 0.373802151788236
-0.262909974619383 -0.209257686089605 0.142214524572062 0.189285049949098
-0.281442597671402 0.0461380539967081 0.0108098189471921 -0.0380742339716321
-0.135579499088665 0.229117263595803 -0.0956781175535693 0.0392774734260471
0.00690305644821693 0.2422989756855 -0.0314960240811122 0.180751384938383
0.119702817838463 0.197845567073253 0.141450933510715 0.202255092757996
0.194028575979886 0.127919705832035 0.241798766767457 0.109249684783606
0.181299362029779 0.104720450267069 0.239508676153939 0.0426790391461125
0.158189911224259 0.130684959309702 0.210932651238546 0.0644238980332134
0.0798198667236971 0.214808205862637 0.146545313892789 0.0872929243579697
-0.0584490204482379 0.212796707521947 0.0658603164709407 0.0947062784356735
-0.165997369550351 0.138461981533422 0.0204213767098826 0.0577233162737479
-0.204200330188917 -0.0449586381077352 -0.016728574059346 0.0714049943520727
-0.124765698962409 -0.232923220937955 0.0323551427275828 0.124074778170256
-0.057241525484115 -0.301162186792119 0.0538507507794474 0.238032464818824
-0.0847122569649629 -0.162401680480179 -0.0503107929509787 0.495847095009017
-0.15266678704328 -0.0873056372395853 0.206985076043064 0.249234933855286
-0.13134778349419 0.0413838236645685 0.0498002831549582 -0.0257811984639582
-0.0558542884950016 0.0949426013048286 -0.0899857439546209 0.0291093051548255
-0.010329114802021 0.109451918822315 -0.0418955198318925 0.208260184605438
0.0456100828315373 0.103876561463596 0.161239253596703 0.251849195615259
0.0889698558822461 0.0866053312885312 0.285035257550475 0.152926483856048
0.0771516891273122 0.0800437043792522 0.287475231165067 0.0783634510047676
0.0571897039780694 0.0955157672098572 0.246486029937318 0.101464704683185
0.00456394669238047 0.119768515753017 0.158053479538887 0.131890239360095
-0.0649270976758578 0.0833230401223282 0.0476230772466628 0.120063788134287
-0.0834957741765725 0.00950528751746974 0.00887659131041884 0.0456345369948935
-0.0468826730662858 -0.0387597915126233 0.00314680600545705 0.058228026059706
-0.0298250209323088 -0.0865470992360086 0.0568390297452753 0.13524186820256
-0.052475722809724 -0.126092820309703 0.0606818096241605 0.301336965661341
0.022676033387424 -0.041142597963721 -0.0736573780526659 -0.335288224522874
-0.044319538772555 -0.0527240424970924 -0.147103328258866 -0.138955587074826
-0.0707729722655307 0.0249312513194777 -0.0472133639906965 -0.0265474257380059
0.000605027748797398 0.0862890343700054 0.00703093101470033 -0.00754194948957157
0.0550202848524803 0.0344822065786251 0.00812329065971396 -0.110788480265747
0.0539733545388396 -0.00835623296896446 -0.12537192172136 -0.167015734442255
0.0392406543427776 -0.0448952224096258 -0.239710987854801 -0.130663252020005
0.0362035890690533 -0.0462845814338429 -0.281752568160388 -0.0997437326651177
0.0389705658298255 -0.036446497096649 -0.275343639116873 -0.147825817415992
0.0386812430491722 -0.00110918560667186 -0.176482609815618 -0.230313970457686
0.0248866124642505 0.030550790529841 0.00311076027218246 -0.218805028187839
-0.0188514247427617 0.0449355031920803 0.0650216558454165 -0.0472583000752996
-0.0503374299445288 -0.0272227396969759 -0.0399087065640225 -0.0169014350289224
0.0235554514490164 -0.0672979598814739 -0.16329188351806 -0.214652610941634
0.0700098240170803 -0.0156359666742347 0.028678432170582 -0.520005878953891
0.00750255610038411 -0.18459780012664 -0.0852206526352706 -0.315145528266198
-0.115230624451794 -0.158433619681636 -0.152633176625158 -0.127261027286731
-0.166691536415069 0.00908699401053273 -0.062628131844599 -0.0227874339301801
-0.0659614261348261 0.163382660184326 0.003544609631363 0.0140382787640003
0.048439245444053 0.137935268008915 0.0211618578225061 -0.0914506440210564
0.107157646678075 0.0825444723085773 -0.0933687874473354 -0.154481988037995
0.138102686763102 0.00957922726499397 -0.19940026521117 -0.13221290991699
0.144594920913583 -0.00429622623961971 -0.242993069606288 -0.107883375551437
0.150921514269789 0.0189248723231273 -0.239387031935834 -0.146179791954764
0.119137700712139 0.116932457222218 -0.154391213327117 -0.223765149350151
0.0203692165573379 0.173474598578351 0.0101790077398316 -0.206161548698611
-0.113448285472713 0.172490269463644 0.0537637666210554 -0.0362516345923507
-0.21516684107819 -0.0325548942046147 -0.066791306468069 -0.00985398915705295
-0.0936074476393878 -0.220799499966784 -0.171987114493623 -0.201645292829008
0.0363343031423286 -0.217606613433131 0.0203157132926358 -0.480142464967955
-0.0124046609847133 -0.306316384174117 -0.0986001218048603 -0.243395097379316
-0.186685273886718 -0.248355359084896 -0.142808775500753 -0.0978054951489924
-0.257535132943179 -0.00132226691097068 -0.0728893590504139 -0.0249268112642593
-0.129198020622514 0.234362178070809 -0.00992630915629828 0.0244262855268009
0.0388615277582792 0.233718283974569 0.0205000174560975 -0.0611805374461368
0.150331881789185 0.166882416098377 -0.0558079315922407 -0.116608296314466
0.219431236436696 0.0632546336251547 -0.130708802591168 -0.111854601737353
0.23077739451134 0.0381401894619753 -0.166605847027693 -0.100878400174954
0.238681454873085 0.0711891155291351 -0.165485548770901 -0.124326147848882
0.18179714571558 0.219561588139143 -0.107745004727307 -0.187191888027338
0.0125579355247805 0.296670379357789 0.0207813574413062 -0.167374524044518
-0.196690346934094 0.283212605389445 0.0434506854848271 -0.0201139506127388
-0.35824230609783 -0.0320550170966046 -0.0800865891139597 0.00504773635830357
-0.199817054487796 -0.347254758237718 -0.157964425435694 -0.15670097159481
-0.000787719800694375 -0.386370875490925 0.0188143279134234 -0.376343734870662
-0.0398258698731568 -0.393723094525708 -0.108125762892159 -0.124740560986151
-0.263647923099711 -0.307486423787398 -0.106326320082714 -0.0458932455086033
-0.341912872405167 0.00605720283599704 -0.0718748924178554 -0.0320686553987847
-0.178313827943503 0.302237540510275 -0.0320700543467894 0.0283938176058263
0.035231172918026 0.313312120481045 0.00839571604292472 -0.0131963954789634
0.181772960700638 0.232469441401955 -0.0103458146737334 -0.0524861706157725
0.272859745238662 0.106996079231747 -0.0409983258943719 -0.0721566807405095
0.28174816082019 0.0735211448115439 -0.0647114968735067 -0.0786922325408156
0.285868033195783 0.112526946574744 -0.0659258095867243 -0.0866713432446214
0.212639231666162 0.288085754430826 -0.0400670136044733 -0.126372302486592
0.00317175886951914 0.375871026942418 0.0352567376163057 -0.104967854691054
-0.252228653715486 0.352001251248249 0.0358912294435107 0.00302883554815867
-0.449400237511561 -0.0267759522615142 -0.0760002082306488 0.0278082696583318
-0.273621366821367 -0.420626607916299 -0.117973247553027 -0.0825989896671521
-0.0339807574834621 -0.490287407146444 0.0244385963189093 -0.221608581794907
-0.0685088247729842 -0.430527540721244 -0.105991441076321 0.0323454442219496
-0.319336677231428 -0.325852622391609 -0.037292248680117 0.0272267946916248
-0.391577394180575 0.02638392586782 -0.0559138379197818 -0.0400997494221475
-0.198751889930129 0.341626166543323 -0.0593891741309176 0.0331001021172068
0.0337407905622721 0.352817700286597 -0.00652505627493181 0.0520210821654285
0.193084684571154 0.265179160322694 0.0439931982261654 0.0313404532271234
0.289457668072858 0.135561937774928 0.0615331045161797 -0.0177601586330346
0.289045363103316 0.0978069108204634 0.0465253227892804 -0.0452460427548642
0.285354237544193 0.137443465198513 0.0414980189332382 -0.0387345247335926
0.203760558788972 0.310305862023442 0.0359249668762372 -0.0527450281305275
-0.0113969243322745 0.387849386554892 0.0541483625105928 -0.0295147762178804
-0.260219618155093 0.350818040920467 0.030939364244092 0.0299151335027792
-0.448404820227362 -0.0256808722493496 -0.0591365851009724 0.0519917390346802
-0.284013865594454 -0.422402816320884 -0.0605399412113183 0.00386590625736778
-0.0549785799771877 -0.50629909887912 0.0352073373263276 -0.0477075770497212
-0.0903337982718703 -0.402166142501491 -0.0920863945105646 0.206886647199875
-0.322896852770081 -0.290996966192509 0.052078542465972 0.109812468693218
-0.372519476565273 0.0438716647135732 -0.0275650454624017 -0.0416506263709009
-0.182520049913773 0.319409838211795 -0.0820871734374229 0.0394840286054169
0.027333534170623 0.328701914568037 -0.0187744493446828 0.123607779864517
0.174180552731746 0.252007750881285 0.0998576989083806 0.120618322104294
0.2634363290213 0.140302968292182 0.160975552834112 0.0438043437976338
0.254259899723935 0.106854957302185 0.151507740302144 -0.00392199034399722
0.239336282950727 0.142176266403204 0.138648821495913 0.0118344304065053
0.156269498999162 0.281854273313848 0.102016781373761 0.0212983275457192
-0.0332074298094822 0.324299073841476 0.0657148649475871 0.0412794349449413
-0.225538793466437 0.268123582194554 0.0260241553078224 0.0499315299681778
-0.354347044004214 -0.0339734218390192 -0.0358102603037506 0.0692980536743983
-0.22576216988752 -0.35307663008258 -0.00447946826497262 0.0781334043573256
-0.0614170976751915 -0.434701873643228 0.0465609748503804 0.113119125061621
-0.0951827553384115 -0.306407061817832 -0.0690947926328156 0.36779258284008
-0.260584884042588 -0.20476725452063 0.138502446339434 0.18604504921479
-0.275234626717506 0.0470124347797627 0.00795475527198988 -0.0351790179276192
-0.129578426039288 0.227220125950617 -0.0924390854332085 0.0416148405670579
0.0112775245107291 0.24016560612533 -0.0283570416714758 0.180321789784714
0.121885944291918 0.193723162811155 0.143888810432342 0.196660412008489
0.193146975711991 0.122071068764226 0.240130234468063 0.1012384842482
0.180098357377242 0.0991963134250371 0.234620793875499 0.0366585152967517
0.159037026399084 0.126259808722464 0.208411085312315 0.0589357666214477
0.0837418633120863 0.212127968848694 0.144139110406692 0.0835519198163325
-0.0534984195219712 0.211428641432261 0.0634539088574981 0.0915599577096004
-0.159602617066278 0.138405474933573 0.0173742185195674 0.0536782346315925
-0.200840523067793 -0.0428527537229325 -0.0137488188296676 0.0711271008920296
-0.126535977492028 -0.230371945640211 0.0368125800176262 0.121302410746253
-0.0580717495168401 -0.295364225983932 0.0563772212143515 0.231662720610138
-0.0830271284558128 -0.157844759958951 -0.0470321175469027 0.486580520678644
-0.149779020698209 -0.0852999241996181 0.202863411182403 0.242848754241713
-0.12730097259391 0.0407440146244454 0.0469517541608839 -0.023724194789534
-0.0544453248810734 0.0943690472281292 -0.087769178303443 0.0313848540227559
-0.00813223567841322 0.109108621703601 -0.0376521110696605 0.208136764906887
0.0467484581521295 0.102583251411754 0.163886815438114 0.244501090165523
0.0893292193218167 0.0835553099565028 0.283574837249922 0.143735449837962
0.0774466048030868 0.0772724383964851 0.283386761694316 0.071401769680486
0.0591101854717795 0.0938648663785096 0.243492113704299 0.0951468532354791
0.00713379162561764 0.119133297532554 0.156662447440866 0.126815737776973
-0.0624608830341975 0.0836489613224421 0.0467868167630561 0.117683247424973
-0.0821379303819233 0.010585020992313 0.00639740700617343 0.0425112296560883
-0.0463753225093253 -0.0387108663501366 0.00450023047816832 0.0575279499150414
-0.0303151182975185 -0.0865057917622078 0.0610850482521326 0.131394632741111
-0.0511231170653087 -0.123071469770411 0.0643264099864942 0.293996213106965
0.0209970020633189 -0.0412486391563688 -0.0754614930266802 -0.332084138202119
-0.046592872875153 -0.0501835196551549 -0.147194997621167 -0.136088586241596
-0.0703183998091747 0.0266209911958476 -0.0478892026866686 -0.0243232049645263
0.00354344704756843 0.0852515323160633 0.00836583881794656 -0.00500016161772627
0.054771197816876 0.03266603106345 0.0084491563947587 -0.110345733633102
0.0538280844250823 -0.00976061831276905 -0.125817717037801 -0.163306803897635
0.0378834452458025 -0.0454730790860935 -0.238694862442839 -0.124965578945732
0.0340741147502032 -0.0471587067840285 -0.280579617496161 -0.093722185063809
0.036620479080629 -0.0374622488685847 -0.276168352736567 -0.142956810202719
0.0385425860759361 -0.00245779843956053 -0.181112798151603 -0.226560340149138
0.0256875741964241 0.0301650795070753 -0.00139099773058412 -0.220148511488125
-0.0173400792347865 0.0455672463041756 0.0646882102596409 -0.0507295002825265
-0.0504744692289147 -0.0253665343496229 -0.038243008964397 -0.019894620970835
0.0213709461486335 -0.0661002459198493 -0.162866638638792 -0.211383281972541
0.0673546059950619 -0.0160979032684352 0.0251594334580816 -0.515653620285217
0.00692079653670537 -0.183765836414552 -0.0857811794614855 -0.312500500438236
-0.117692312867373 -0.154694301584103 -0.152936474868539 -0.123753539753337
-0.16413108409216 0.0108737844974515 -0.0637151314838563 -0.020698182625232
-0.0611358275537719 0.161836628921808 0.00493412519032227 0.0159787378411477
0.0503721118422181 0.135443310985754 0.0212758714157398 -0.0910121486149147
0.108038194292801 0.0795710350806231 -0.0940804838084127 -0.152803222477547
0.137024874304606 0.00677671555305884 -0.198907840150031 -0.127873821167203
0.142716249437203 -0.00695453883657274 -0.242628547457672 -0.103718758075172
0.1488909715588 0.0156255745339178 -0.240258662116638 -0.142669886806638
0.121336341320943 0.11422758981241 -0.160627861805116 -0.220324429813752
0.0237157685761173 0.172994543733992 0.00472827178492118 -0.206976632884732
-0.109557580094614 0.172826295066891 0.0533923525696166 -0.0396940097277379
-0.214838659287376 -0.0293510796988003 -0.0640266743728131 -0.0123084681332416
-0.0966480471035188 -0.218420142715911 -0.169306923080786 -0.197516325620923
0.0333147262635779 -0.217212777900574 0.0175589005990966 -0.476171448567211
-0.0125043624239687 -0.304844927048096 -0.0998966327187105 -0.241543712701356
-0.189472663163311 -0.243566357715464 -0.144002327660597 -0.0942592088912953
-0.254239573463351 0.00112527282412022 -0.0745633243592918 -0.0234176165028494
-0.123688051032895 0.233028212884959 -0.00746850818473526 0.0261630090324704
0.0427357142111389 0.231061317024833 0.0200873243842946 -0.0606977209920762
0.152547198019946 0.163851558124667 -0.056130957549142 -0.115839907764409
0.218406223147162 0.0582575478853564 -0.13113922869213 -0.109598347134956
0.2282626136119 0.0340206577726804 -0.167558206342104 -0.0972648838916148
0.23730085675778 0.0660140977994086 -0.166840903342949 -0.121241278920691
0.184743641273378 0.215627632317537 -0.114055597819141 -0.183965344109467
0.0178508381658572 0.295906428503292 0.0144784564422721 -0.168914846018503
-0.191201116768987 0.283177324101057 0.041986275052332 -0.0236248414066492
-0.35705108860103 -0.0281021310361396 -0.0765539137508724 0.00410544744445547
-0.203341183155189 -0.344992649452178 -0.154801518582128 -0.153294572616608
-0.00384200727672769 -0.384824075938022 0.0167364205590494 -0.372342970879845
-0.0401684918462639 -0.391953883331893 -0.109541527056528 -0.123237126960131
-0.265175355920943 -0.304116864559405 -0.107969477841161 -0.0419366021967746
-0.337991534851277 0.00789702979169934 -0.0737851217140454 -0.0295335000466228
-0.169459336584329 0.301206511462775 -0.0295411051246006 0.0301497060289014
0.0402243794998885 0.310747539573512 0.00771914638005664 -0.0129478098678363
0.18535407089649 0.227990800413211 -0.0101962553539965 -0.0526398198798973
0.272827837852309 0.102167497678693 -0.0413632896680726 -0.0725608784968403
0.279142809146056 0.0683881375466153 -0.066818270543051 -0.0776661417279699
0.285599857323649 0.106799733023304 -0.0678365486762 -0.0866165809001091
0.217694398648918 0.284632146724704 -0.0459938608221407 -0.12483975961549
0.00948970383549922 0.375425682080488 0.0300799573853983 -0.106825194013668
-0.243565282176777 0.352645211901092 0.0331581424339781 -0.00054508048299439
-0.446871401389075 -0.0233500542208491 -0.0722211803631442 0.0266274984558292
-0.279046101816973 -0.417400714374116 -0.114579433309087 -0.0799456982287515
-0.0353137505932567 -0.48638285463039 0.0232740234463202 -0.221631968420307
-0.0686336005143363 -0.427714630139682 -0.106730406420113 0.0325521881998173
-0.321677798512744 -0.321692701425131 -0.0395568466910593 0.0306413897982266
-0.388258746373543 0.0297888165556058 -0.0577506189011601 -0.0370815393790861
-0.191085616905442 0.341022888594989 -0.0565547788974182 0.0349126660545679
0.0400353273586053 0.351587044984727 -0.00627295241353813 0.0528942044327959
0.196650955036661 0.260510361658904 0.0448851874167878 0.0300871579712781
0.290380811989726 0.130249254656434 0.0613064483880147 -0.0205126383797307
0.287784753183799 0.0924892656376269 0.043778292986531 -0.0453649762918805
0.285348165619194 0.132038000237497 0.0400806811063978 -0.0406791391098673
0.209156765431056 0.306603518735304 0.0305528755754862 -0.0519561126243562
-0.00573996613614115 0.386824924832299 0.0490597059514544 -0.0315498640047986
-0.253485493509952 0.351952547749702 0.0280361870423548 0.0255947377396612
-0.445775798537272 -0.0212885097121596 -0.0552407720430834 0.0518321965282132
-0.288440672891819 -0.420093224629554 -0.0577908946493763 0.00468710422780211
-0.0556128525424023 -0.502281397471412 0.0348320158708362 -0.0492260846105211
-0.0881947129409452 -0.399230999969879 -0.0910283714364967 0.206142553582791
-0.324431533063456 -0.286719760555459 0.0506029240030452 0.11090041404067
-0.369018404446992 0.0451353969371375 -0.0300720486280689 -0.0390178347629649
-0.175413264083275 0.31941309862558 -0.0801416202941934 0.041236981398617
0.031919610108608 0.328312703306786 -0.0175925571334303 0.124453079466395
0.177919158437733 0.248350137067112 0.102242975143944 0.117924129684774
0.263988143599787 0.134688566933831 0.160412486131913 0.0380514932363099
0.253476703582903 0.10225072191598 0.148195093224053 -0.00639440622358048
0.240948464623736 0.137442299159982 0.136708825268841 0.0090026663129449
0.160412669850727 0.278921901750269 0.0986519738935371 0.0201854373174019
-0.0277059797627749 0.325214023506063 0.0625116127833149 0.0392928583398388
-0.219224126763082 0.268262851854007 0.0224900218215987 0.0465004416480173
-0.351076478602428 -0.0306710551495306 -0.0321717022902736 0.0691684338951534
-0.229253090169456 -0.351416931262943 -0.000913990129017776 0.0771943528149718
-0.0614857209502036 -0.430553487167616 0.0471913165472246 0.109352357836976
-0.0933581407492561 -0.303845833691851 -0.0676629588476114 0.366340862017101
-0.259996265154096 -0.203235712809901 0.13689951631792 0.185836338373035
-0.271968298124822 0.0477607865938932 0.00605309304096867 -0.03271053557958
-0.126649731797048 0.226629015077847 -0.0901888844048165 0.0431244398953618
0.0153032231959572 0.240520436426743 -0.0262660454325779 0.181410632500297
0.124554171189226 0.191592742919789 0.148114550655379 0.193286929901031
0.194451399737884 0.11763543255326 0.240165944497059 0.093715497101883
0.180394443101757 0.0954390551869878 0.231521414516371 0.0324686538077752
0.161237703053828 0.12348318756089 0.207513077058797 0.0541021414828521
0.0877415104178396 0.210399032638678 0.142336202091209 0.0811831534646864
-0.0486353438957275 0.212015170840012 0.0611065451891588 0.0900981379505848
-0.155754165343195 0.139059855352622 0.0145354392239757 0.0508892571823367
-0.199081559129965 -0.0407480301888113 -0.0117759783726706 0.0707178453324681
-0.129668599282278 -0.229389020497643 0.0412715539269436 0.118683987086851
-0.0579720301023568 -0.292125050916788 0.0580970496185109 0.227791002157526
-0.0805597659034001 -0.154910905766735 -0.0443740594505014 0.483033348015798
-0.148231632993868 -0.0851326052573425 0.200976279203471 0.240346958853043
-0.125022501961834 0.0404123226351503 0.0437021869903424 -0.0219428021403261
-0.05387694896115 0.0939479416680317 -0.086674717996391 0.0336491986492515
-0.00668820089585913 0.110382453870412 -0.0346979229667399 0.208691212875428
0.0479943020672223 0.102170148198111 0.168627040416754 0.240681649394231
0.0900709288984882 0.081522016885238 0.284671685314252 0.13671940058797
0.0785928774238144 0.0751609084655386 0.280805540963474 0.0658367682058067
0.0613193172638738 0.0924387206841706 0.242842159224638 0.0905863081518592
0.00980727743225147 0.119266299347729 0.156147115310417 0.123484372789901
-0.0607222676092783 0.0842363876022135 0.0463501954329669 0.116333966241352
-0.0812674853540106 0.0111357249428778 0.00355447596152323 0.040142039916955
-0.0458573621794814 -0.0393580652925466 0.00524088629192991 0.0576865146005608
-0.0314731945815284 -0.0875094181756937 0.0645790451992649 0.128831503420413
-0.049890795399266 -0.121547610583044 0.0671500992574275 0.28993259584842
0.0314481891730335 -0.0333871952708889 -0.00829593748367141 -0.341064136594548
-0.0336054339332867 -0.0553540654542967 -0.116444329082199 -0.161883277627997
-0.0715110084244611 0.01300374801327 -0.0429204993967544 -0.0342431040936839
-0.0117133211532488 0.0814481805622249 0.00905049934239422 -0.000358988591901097
0.0470684508291897 0.042873562173541 0.0307458043288139 -0.106473245021024
0.0552552639631571 0.0016456031395012 -0.089905683024227 -0.184226929810831
0.0445851508316654 -0.0359086158596166 -0.207799903271375 -0.171316431575885
0.0426249376947332 -0.0393376479632712 -0.252509922185469 -0.147428862227842
0.0434931248021709 -0.0289612681286208 -0.23972906832121 -0.19522137986228
0.0381287458241821 0.00610760850727935 -0.129748149337538 -0.257137480337709
0.0192941376667319 0.0352947904293798 0.0430844907559322 -0.215591860307585
-0.0257841958776737 0.039420968941917 0.0748608535787354 -0.0370391264873004
-0.0448900319160924 -0.0349827081655985 -0.033225400822703 -0.0314819183688346
0.0314662941493576 -0.058515268648111 -0.114698165400934 -0.243229276465046
0.0679957198962109 -0.000528389275825819 0.143202651829538 -0.510178593114523
0.0478027939621978 -0.172692406282325 -0.0221584382529047 -0.324502152374067
-0.0820648605097783 -0.168904567573516 -0.120311582082442 -0.151922539967994
-0.158422559499233 -0.0208638121369066 -0.0584198260598207 -0.0364905849842784
-0.0864958037648742 0.140689904211764 0.000682233407540398 0.0172820624255916
0.0226291680013882 0.140505109717112 0.038718789106006 -0.0869571558486371
0.0904265769981468 0.0988994073706026 -0.0641028806745355 -0.167858821693252
0.130170543771406 0.032908160931155 -0.168246165697238 -0.165205186836415
0.139881407794606 0.0216860358410669 -0.214229292570353 -0.14960642417136
0.141065682818393 0.0460281641642269 -0.205137032212391 -0.187387462070347
0.0946704373233477 0.135696531421232 -0.111320139853147 -0.244055805757013
-0.0130110001972262 0.173778064455214 0.0455142387651186 -0.197480922710951
-0.142477815132592 0.140771454782994 0.0583343061006803 -0.0248497133202591
-0.20383467765399 -0.0776469873445219 -0.0645878361146641 -0.0282184300799886
-0.0496708741150474 -0.233910247763631 -0.123686582701671 -0.235009935720637
0.0797906492380942 -0.203846437947109 0.125066645119492 -0.474166617408123
0.0548761043580813 -0.292849133739327 -0.0488268626867084 -0.259789471469547
-0.134771463869649 -0.268046466576877 -0.113407829976589 -0.122696492719812
-0.242185711399639 -0.048603253032946 -0.0679694384537131 -0.0435424947279012
-0.157961367083476 0.195634404251646 -0.0144809079472298 0.0230264316699765
-0.00315821432454833 0.23127059787805 0.0308982290079705 -0.0592051099742834
0.116447440125307 0.188548396744073 -0.0364676281147223 -0.124624866852201
0.200449907572857 0.098428355848864 -0.106210341878239 -0.133609290025032
0.216602249113603 0.0789358350879097 -0.142713852333437 -0.129172542027651
0.215871043320279 0.113523747159576 -0.138145915568815 -0.151956887012962
0.135825819858822 0.24680515666004 -0.0741632711923521 -0.197067456359973
-0.0454346011749478 0.292874364723558 0.0458560966932205 -0.153978276229732
-0.243805533064569 0.228047613271625 0.0410185923902729 -0.00803734440609113
-0.343403298136195 -0.110612446685527 -0.0840500463658181 -0.0143617266425082
-0.12668553268491 -0.380871090368729 -0.117179009968469 -0.190271398001456
0.0824529793075292 -0.375303721380333 0.100642560518638 -0.37190450158571
0.0461146218099909 -0.382261449171096 -0.0813769111535292 -0.147148482003111
-0.195305416716417 -0.340957711635043 -0.086218378117975 -0.066736808091425
-0.323241765021908 -0.0578743095821643 -0.0657259080023843 -0.0518803130877107
-0.215689318447347 0.249911845962173 -0.0380941308972208 0.021397596808194
-0.0205919667043207 0.306386888700573 0.0094682219544944 -0.0165946311658406
0.135353861589602 0.257457003695725 -0.00549416680192514 -0.0543250634643331
0.244428628509604 0.150381750251806 -0.0249986133391901 -0.0786374595838186
0.25948501234564 0.123300159404792 -0.0504320851988614 -0.0892658067063831
0.254575424780586 0.162908119116895 -0.0486629652522413 -0.0960648599450833
0.153387643252604 0.320833541799022 -0.0209295624413031 -0.123586222992057
-0.0708711968211894 0.36860993480764 0.0474031586498336 -0.0875679384778251
-0.309168157794563 0.285242189536662 0.0241953525215883 0.0148256478608461
-0.431999765861758 -0.125533899800091 -0.0880231931367724 0.0104072967820873
-0.18123270460755 -0.46947517844062 -0.0926751435919537 -0.111138705685431
0.0749588138028649 -0.481774434336757 0.0722970866857958 -0.220052928286562
0.0265817000502426 -0.424732961817456 -0.110191273586845 0.00535933937535265
-0.248608001122627 -0.368338821298982 -0.0324934262536503 0.0147936086287366
-0.375569075879504 -0.0491971911961012 -0.0498455188795486 -0.0577176027001081
-0.24367200948871 0.283378834809714 -0.067038417153095 0.0197439910912715
-0.0295187697526151 0.345232166350393 -0.0174231295395568 0.0447452980334151
0.139593758793527 0.291158079511282 0.0314175938572835 0.0372567590474231
0.256113794623197 0.180290083179977 0.0637699155217919 -0.00680665658867333
0.26332627574581 0.148488016866948 0.0501546638711149 -0.0363959012676853
0.249082107359413 0.187601776870089 0.0462181156249118 -0.0301323096957277
0.140888097874916 0.340001581970292 0.0383340629535028 -0.0373680513867794
-0.087162400177013 0.37599355828794 0.0500460084269361 -0.00967820448187928
-0.317840747575037 0.278764146829693 0.0120700048204303 0.0399499377751128
-0.430762844097141 -0.124027500874563 -0.0759440159898456 0.0382468286288632
-0.188895791433177 -0.473767695731802 -0.0531229400232612 -0.015133082044762
0.060700362572988 -0.501573755280261 0.0444566967043556 -0.0457489564881088
-0.000939525254582827 -0.402856029391701 -0.129722094319589 0.178788140400154
-0.257801926733325 -0.33635578915387 0.0382303176718531 0.111256669172914
-0.360629055698568 -0.0297176818339509 -0.0229703189057344 -0.053203368438286
-0.226368597499152 0.265494037041557 -0.0914171987382036 0.0219608624852974
-0.032003194139549 0.320910163256553 -0.0424204373360895 0.113078611762127
0.122529753283326 0.275555137932937 0.0709977444862971 0.134786622942484
0.230895091241842 0.180207361639573 0.149753469033323 0.0713331926685164
0.228098405103047 0.150555349508909 0.14332366463481 0.022850404897123
0.204937776840465 0.183184560521019 0.130197961600516 0.0374660597519954
0.100563783914565 0.303490318348916 0.0879760109668354 0.0459855927733879
-0.094731946915902 0.31058256676576 0.04820417455216 0.0603292616415337
-0.266174033489925 0.207938348570942 0.00244174339182 0.0564545929150661
-0.334590530453197 -0.112907907591217 -0.0547936391624645 0.0610848754218998
-0.146614837896227 -0.393316885409767 -0.0113986497780764 0.0697231750745089
0.0367173618405565 -0.432331789718341 0.0217554553406316 0.116990876953657
-0.0269246636136099 -0.312783994065859 -0.138577678757941 0.34197934200567
-0.213332437335708 -0.244243661237587 0.10464298976153 0.201359079979303
-0.268632069813846 -0.0086490822940478 0.00955861289632116 -0.0371157043694013
-0.162263355994659 0.187073688169381 -0.101036711959349 0.0224755191485546
-0.0331495822686139 0.232418618588655 -0.0615730673231333 0.169642420358748
0.0817282741339022 0.20915550538957 0.102719812183071 0.217962467116888
0.167026100009097 0.149750277278494 0.216889462488888 0.141627547011163
0.157489637719874 0.130073110927418 0.216680507365352 0.0779299438076339
0.130423065360368 0.153370569394682 0.189449057315491 0.0963073281924
0.0432640599837484 0.221848102041729 0.118327782968037 0.112370500900734
-0.0919317643834715 0.195724612618815 0.0365304205030674 0.106064882734254
-0.178370413357172 0.097508743371095 -0.00500714589526662 0.0550918974411806
-0.18406552195591 -0.0869740817359557 -0.0310444557631544 0.0666326721230943
-0.0756984618300659 -0.253167195416775 0.0209616452734656 0.122191188606821
0.00954656088388384 -0.297054039964526 0.00653010485757795 0.238635561080672
-0.0470748172025919 -0.168720276612908 -0.140426250189289 0.464041965741635
-0.129324051857928 -0.110915974741306 0.152254310215533 0.269115147644025
-0.126652967521469 0.0134069593777483 0.0438861138608122 -0.0146238294395663
-0.0687258770488527 0.0761275689386454 -0.0941978252280625 0.0153395101930107
-0.0283319473240635 0.102578906109398 -0.0743386922684718 0.196965747133764
0.025419884803416 0.106990096060714 0.116884892507452 0.26922206860862
0.0724374984734107 0.0946959362862366 0.251086084072154 0.192553622268704
0.0622806514094399 0.0895874981547313 0.257902634867945 0.120344497991262
0.0403214252783014 0.102710611332553 0.216921382086864 0.137352699093964
-0.0139896844776526 0.117731505010824 0.123933780480031 0.154006823574727
-0.075910174934766 0.0696950898692008 0.0174669490529304 0.12495041149085
-0.0798293000194205 -0.00731758686032492 -0.0107359163459419 0.0388824377564276
-0.0342804111670091 -0.0497952424535775 -0.00757868519350007 0.0571214093671782
-0.0104064241897176 -0.09354208777447 0.041192604800111 0.139468242382767
-0.0200677274379955 -0.129085507745171 0.00191175911705824 0.303789195458556
0.0293337457990204 -0.0340093109916135 -0.00994399727009444 -0.338066416225653
-0.0348794536778906 -0.0525509646635376 -0.117568773075121 -0.157786993734975
-0.0695614635042113 0.0151520344177954 -0.0428973998140524 -0.0320129360589658
-0.00911959783091863 0.080714015843607 0.0110708775299256 0.00121088799872645
0.0469493825376672 0.0411839898774425 0.0310954553664324 -0.105484047936476
0.0550532406828462 -0.000201821068313715 -0.0904412624646743 -0.181273764835153
0.0429733739340637 -0.0360565510591934 -0.20615903964521 -0.164972700050665
0.0406498919319663 -0.0399710690721656 -0.25101784591598 -0.142226145479754
0.0418243367468136 -0.0297680979820988 -0.240823192440415 -0.189852412826329
0.0379785310859828 0.00462220131992559 -0.134791403952805 -0.252762777090132
0.0210608116316709 0.0348632017718087 0.0378870173458315 -0.216851555705753
-0.0244656086145294 0.0401259136380888 0.074605691641333 -0.0402183549237867
-0.0452582122646259 -0.0320856706444817 -0.0316196897388614 -0.0336534514057424
0.0296094000289296 -0.0571392428095948 -0.114217554979253 -0.238329757091248
0.0658797882415137 -0.000958594101560321 0.137033869733679 -0.504264763345306
0.0461699073330509 -0.171650921429075 -0.0236705798746802 -0.320969873585342
-0.0848570169870045 -0.164809389356299 -0.121051765204861 -0.147551878408162
-0.154994265704563 -0.0186864351185963 -0.0595213123849199 -0.034972639404456
-0.0813360739647315 0.139920359043675 0.00318263744886126 0.0193178830311487
0.0251172944689751 0.138095674310973 0.0379909757551837 -0.0868209254359954
0.0910789554801292 0.0956240717610154 -0.0647405606056388 -0.165351646998057
0.128765827287525 0.029845285239946 -0.168077245406963 -0.160544919952616
0.137931508916649 0.0190715847806824 -0.214254529705449 -0.145072592991916
0.139113755586792 0.0426028825504573 -0.206252057442305 -0.182641071195605
0.0967949607929569 0.132685344858613 -0.117108624191751 -0.239669575685198
-0.00982575747516046 0.173206706637813 0.0401970820104006 -0.199225713710877
-0.137565225691496 0.141619469826731 0.0575559155702389 -0.0277002451879384
-0.202450012645114 -0.0739977370107735 -0.0612387673359244 -0.0300420988218935
-0.0537014228819845 -0.230744592907801 -0.122368979910086 -0.229607985150853
0.0778355192720433 -0.201358616583085 0.119514516825229 -0.470202926091361
0.0530151452464258 -0.291042412738607 -0.0502334577198054 -0.256209152716031
-0.136901652019361 -0.262611745477049 -0.114715230777932 -0.118367175048988
-0.238584611500475 -0.0457294113958277 -0.0698418250489788 -0.04128827826389
-0.151354630914934 0.194685159928828 -0.0122575954274204 0.0247493684938679
0.00135177819405175 0.228762231802401 0.0297727875300081 -0.0591593425109277
0.118961300158532 0.184058091651781 -0.037150376730167 -0.123602988206919
0.198931746903981 0.0936787850333069 -0.106599733999633 -0.131601983648885
0.214413528096291 0.0745298267639035 -0.143981503135342 -0.125852672486702
0.21469729293315 0.108369420580389 -0.1392679442177 -0.149022517422187
0.139549970873275 0.241685236885462 -0.0803066229266726 -0.193580264874348
-0.039363479979225 0.292127374208344 0.040661671002084 -0.155735232575337
-0.236561040642289 0.228211015379171 0.0389274437460756 -0.0109870835521263
-0.341582256416154 -0.105315724325233 -0.0803431815146027 -0.0154160100961019
-0.131793372095614 -0.377400260776265 -0.115559083564067 -0.185410124074513
0.0793326616354989 -0.370214912736999 0.0959958140970317 -0.370244584942611
0.0457419211525894 -0.37958706314696 -0.0821274878871985 -0.144543698949973
-0.198871994591621 -0.335373657927276 -0.0881437411767743 -0.0624193239052077
-0.318952047928722 -0.0557213709543144 -0.0680878905477763 -0.0496986412209346
-0.207004070172718 0.249554288449536 -0.0358232833225241 0.0226624532931123
-0.014605809201292 0.303191293111091 0.00842122296021961 -0.0158911117486267
0.138531323607088 0.252875239870076 -0.00545866587655581 -0.0539513781269421
0.243616891421748 0.14432800353409 -0.0260412533062859 -0.0795738730253526
0.257826514106422 0.118337566682654 -0.0518956395471487 -0.0880160175715515
0.253198261989154 0.156739379801039 -0.0503601338845353 -0.0962234705384477
0.158323923973053 0.314763239004295 -0.0266114757703971 -0.121256020164671
-0.0630694925355771 0.366841247948317 0.0420209691043072 -0.0894614612758313
-0.300720175059099 0.285322681088734 0.0222383895502392 0.0115938653663517
-0.428203484422518 -0.121379642198827 -0.0835226754367348 0.00941822028923522
-0.185354852067645 -0.46463416381912 -0.0905509721902372 -0.107792071745645
0.0712406774685834 -0.476417383323044 0.0692530473963773 -0.219257848657384
0.0260326067122357 -0.420964552615572 -0.109866600798081 0.00733950832167227
-0.250231935622461 -0.363853703894493 -0.0334622979292123 0.0178354869177284
-0.370224253166512 -0.0467046376654308 -0.0529316601879061 -0.0549589109073321
-0.236467367375557 0.281970431548369 -0.0647359898381766 0.0219995051964654
-0.0225635470449647 0.342651212693078 -0.0178955070286559 0.0449180519441152
0.14459480901357 0.286462563928873 0.0326480033457196 0.036390553178863
0.256822867684168 0.173797269710861 0.062525827079034 -0.00968303503305255
0.262440397984066 0.142592434835578 0.0474085140592599 -0.0369558464309781
0.249019168790967 0.18114783110217 0.0443225471384114 -0.0319732761531669
0.146941099814084 0.335495461182856 0.0332614625601007 -0.0360336718473667
-0.0786754254265159 0.375014581874279 0.0454754798000559 -0.011881230331045
-0.309667031196899 0.279879040317697 0.00925453812221659 0.0370926324884493
-0.428896942874984 -0.119588853612754 -0.0720524337394281 0.0385463645022157
-0.195334045390883 -0.469381836838345 -0.0497950020932251 -0.0140368348482842
0.0564530006269112 -0.49651532727078 0.043351415705791 -0.0467715787921325
0.000161690278076767 -0.397919886918386 -0.128591569314224 0.178961228983593
-0.259848666855552 -0.331267469282787 0.0369031545632371 0.112227782025891
-0.356113469205064 -0.028883112934945 -0.0260229868094023 -0.0503051072557675
-0.218511792789147 0.264220440528805 -0.089378536188887 0.0244041308403916
-0.0260459210134804 0.319121872714101 -0.0418832631098161 0.114239314637236
0.126816141316313 0.27143056372474 0.0728257215948235 0.13248678633317
0.231722556189271 0.17451210081477 0.14877105963816 0.0653476862593809
0.227810673519891 0.145980697956317 0.140908153206695 0.0205980697763423
0.205865749575531 0.177705821003917 0.127979132863766 0.0339068745632815
0.105862426798125 0.299502230079774 0.0850799606972723 0.045291433280502
-0.0883979465417348 0.310254480021565 0.0449971774824294 0.0583750367668635
-0.259237381714985 0.208154065508271 -0.000669101415482867 0.0537633603107571
-0.33179731097015 -0.108558332518251 -0.0513032254984171 0.0610560097954077
-0.150760770830616 -0.390900493597005 -0.00829770837216398 0.0688702357212833
0.0347130845954211 -0.427002558142073 0.0225083943847277 0.113653269108464
-0.0258266360768576 -0.309082798993802 -0.136975670417758 0.339536556751248
-0.213975316525439 -0.241863121373303 0.102839720819069 0.199984803925686
-0.26556557794535 -0.00858181179355655 0.00662592262136988 -0.0347762220255306
-0.158591001019128 0.185829391267176 -0.0996103188891268 0.0249070530521093
-0.0284894105717997 0.231309608977926 -0.059888754031066 0.170730368043791
0.0853623891726858 0.207147779340464 0.106503802952012 0.214533833260201
0.167547672427351 0.144648650685469 0.216908022108645 0.133835738234967
0.157968003398596 0.125969839097188 0.214422016193889 0.0736366715677957
0.132070952121973 0.149229058676637 0.188575490596935 0.0910658195129257
0.0477619443979037 0.219547620354872 0.116842303874737 0.109665128493097
-0.0871619710580489 0.196018345441987 0.0353408310127338 0.10374889193
-0.174608079200166 0.0980976544680345 -0.00777280447367117 0.0526060892692916
-0.181624480967561 -0.0852955054291944 -0.0279692471781051 0.0672810478850172
-0.078467851927136 -0.251392072257985 0.0243722025337285 0.119766114431783
0.0086212786389997 -0.292427336696435 0.00964302716511151 0.23366251990982
-0.0455082216808604 -0.165138245980287 -0.136508794560251 0.460288327007929
-0.128526541948803 -0.109329585459052 0.151412294192074 0.265651895556048
-0.124275899169581 0.0121988528951728 0.0415446714804551 -0.0129196024480006
-0.0684415125010125 0.0749137867415077 -0.0935941643516258 0.0175138798969554
-0.0271068075444064 0.102956843686148 -0.0718159593605773 0.198407406255796
0.0264809759785085 0.106348377874257 0.120754662914016 0.265218978553259
0.0738283506451816 0.0923320572726709 0.252010650572391 0.18415473101675
0.0624446406810182 0.0881939789178426 0.256116602093888 0.114545899956882
0.0424982066127538 0.101029633054282 0.216580633440629 0.132066608892699
-0.0111079406944061 0.117850091265013 0.123815641261261 0.15084412526014
-0.0742929239362822 0.0699942076185276 0.0169687210988272 0.123220472294525
-0.0793721132038842 -0.00720656523140285 -0.0129165280473093 0.0367267324907448
-0.033172558295314 -0.0503679434280149 -0.00532126075048479 0.0568338828730945
-0.0115883464383986 -0.0933601099732548 0.0444695541867695 0.136226972817659
-0.0195392220424646 -0.127138339661749 0.00553778059582144 0.29851194895747
0.027956790978002 -0.0339813497545248 -0.00795907689914807 -0.334028096044562
-0.0354887578817613 -0.0508767978710686 -0.116542696512828 -0.154881946024185
-0.0682847515377237 0.0153515343597652 -0.0434661498282914 -0.0303764400597109
-0.00717591532145724 0.0800938370683343 0.0134100690643957 0.00342943839937462
0.0468182547541515 0.0400156051846172 0.0321587672450059 -0.104941936389152
0.0544240032889719 -0.00131042649016013 -0.0892654890840572 -0.179865427545698
0.0418056551760806 -0.0363019784210391 -0.204243189610922 -0.161543478994063
0.03884862751288 -0.0400166282427239 -0.248397963138124 -0.140386778079822
0.0405865841721926 -0.0302225625662095 -0.23955619722775 -0.187432064417266
0.0380590672234041 0.00349597426858294 -0.136774063372192 -0.249696954343656
0.0211225608412847 0.0348303853196124 0.0351474691585738 -0.216986153550964
-0.0227612214309672 0.0403432219670701 0.0746701641722104 -0.0422763841025496
-0.0447504652697462 -0.030437742756523 -0.0302670657701772 -0.0367339802035759
0.0282737216245475 -0.0558300535501241 -0.110420007181803 -0.235145362179805
0.0642491956563029 -0.00024142291702842 0.137643548853203 -0.497486916672156
0.0458433535280904 -0.17059101435702 -0.021324470034109 -0.316995810802192
-0.0847380266960495 -0.16159544929568 -0.119894414582432 -0.14467246885625
-0.15263878578311 -0.0177903952592999 -0.060311497392657 -0.0333976838578878
-0.0780789085487338 0.137614285025732 0.00502701424007715 0.0203564694563357
0.0257097276804036 0.136085855026563 0.0383167136825247 -0.0864749718478187
0.0915209300548468 0.0940591322588588 -0.0636674159964538 -0.163999629326589
0.127504267257866 0.0284619523784701 -0.166825821638233 -0.158853932089507
0.135873218687162 0.0174222168284155 -0.212444953670629 -0.143036679654074
0.137459456146003 0.0407235878024417 -0.205940470111746 -0.180967648109371
0.0967511016532994 0.130500493995658 -0.119836966293377 -0.236019348074613
-0.00861188050229841 0.17251519182045 0.0364705295602551 -0.198975939978397
-0.134643779673684 0.14040725424663 0.0567126994215605 -0.0293452529526481
-0.200837387825475 -0.0726759984359731 -0.0585102573041682 -0.0321858201202533
-0.0537581468110491 -0.228365690274672 -0.118393894201526 -0.226394366073284
0.0773867077195275 -0.198404378050974 0.120065969766422 -0.463706641216261
0.0543709394315616 -0.288710372182992 -0.0482169266349468 -0.253419556437526
-0.136571698810136 -0.258899651089937 -0.114030206815065 -0.114667790344594
-0.234478789687982 -0.0458636662664309 -0.070748075810505 -0.0396367499908068
-0.147316218044408 0.191515091780225 -0.0100094713542899 0.0259143092258043
0.00339981544927923 0.225567659081457 0.0295183457135293 -0.0581020508532989
0.119816882661361 0.181879246224135 -0.0363377690420471 -0.122732940082796
0.196697312748004 0.0907229884418498 -0.105727338676249 -0.131231406176517
0.211912250726848 0.0720865068023435 -0.143455019917737 -0.124585640393504
0.213034488894786 0.105553539769495 -0.139671017906236 -0.148049877094191
0.140779730164427 0.238704382103519 -0.0831354219442474 -0.189810330082965
-0.037281909430766 0.290383260023577 0.0367460444059997 -0.155972197013142
-0.232583601174548 0.225696608208805 0.0374933391238845 -0.0129421413149483
-0.337287498484041 -0.105144866810804 -0.076909220570059 -0.017151577076195
-0.129833201530101 -0.374430251843472 -0.112232275786117 -0.182552238984625
0.0814962644309707 -0.364737441137655 0.0970049352166773 -0.365910106200088
0.0490152825039082 -0.376632898598631 -0.0813023554131381 -0.141885119942292
-0.198346007092985 -0.330180977251727 -0.0874185022478361 -0.0595128258157182
-0.314573999071514 -0.0552520949509002 -0.0695920199380281 -0.0476580262354332
-0.203229431858265 0.245589909217246 -0.0340900438844332 0.0239051246973817
-0.0122279646895012 0.300299476946194 0.00773782679827838 -0.0149477398255826
0.139438418093764 0.250167286225492 -0.00509836229928613 -0.054091551698773
0.241639192296918 0.14067073785053 -0.0272668774598251 -0.080370238969839
0.254939255940458 0.115237059529651 -0.0525413968749597 -0.087363847854902
0.251202580655792 0.153616187060015 -0.0512904895834991 -0.0962356004584971
0.159663869730778 0.311112660855552 -0.0302206362581721 -0.118140848686969
-0.0611145907154151 0.365585454009189 0.0385371350439736 -0.0907227556625711
-0.295826630100055 0.281188597617744 0.0194032270954409 0.0092947873211746
-0.423881694839928 -0.120601007747104 -0.0799018410602971 0.00805538995724956
-0.184406873160668 -0.461385355056889 -0.08735625436301 -0.106262028306599
0.0762125242611454 -0.469234164285196 0.0681719597998675 -0.21781546141234
0.0304836938577355 -0.417154473635945 -0.108985027592841 0.00821387860980572
-0.248447314563153 -0.36129429069241 -0.0346332840105314 0.0214073252404266
-0.365257299282346 -0.0480236004938361 -0.0551814316608377 -0.0524629192512211
-0.232172054494558 0.278385550752607 -0.0629335410418592 0.0230581862601182
-0.0199346111439241 0.339171608857809 -0.0187371503580594 0.0465898976725854
0.144871464517518 0.283671248517842 0.0329736351044714 0.0362260046235891
0.255241460324597 0.169700003125992 0.061416521224134 -0.0127214348990738
0.260113814254387 0.14075750398375 0.046245813215011 -0.0362499412157927
0.246992176338054 0.177808293652382 0.0424591702594706 -0.0325078789155923
0.149517266135877 0.331237154917284 0.0290460587139417 -0.0340350686482346
-0.0757802205182142 0.372599780293055 0.0415151759129152 -0.0132595376543396
-0.30357427511869 0.276332014089601 0.00564393132765271 0.0345126812864657
-0.422295730280939 -0.120480543128746 -0.0681864087101652 0.0374558143974079
-0.193290914310014 -0.466458881557438 -0.0479203568826927 -0.0137614679012539
0.0614160816302217 -0.488222196095505 0.0422613581637717 -0.0485152626895322
0.00454993411106297 -0.395295122782803 -0.12895918785978 0.178551015267475
-0.256431847911205 -0.330166506687969 0.035123539388314 0.113745362273423
-0.352021806751453 -0.0302156366367689 -0.0286691451298077 -0.0477929381423515
-0.2170016055004 0.260767096430082 -0.0876619596895877 0.0253675095584208
-0.0236436747642096 0.316871950228577 -0.0429278592406152 0.115113727336315
0.127639694753059 0.270125021891796 0.0739355955676203 0.130690367403669
0.23007477218447 0.170011136304151 0.146855925948307 0.06112181801908
0.225797518029721 0.143700268767396 0.138520658446601 0.0198011420411576
0.204478964788828 0.174638333247151 0.125465604043807 0.0316996566975517
0.108170956343322 0.296126518710946 0.0814387414180462 0.0462435107451614
-0.0847742775422398 0.308969312258081 0.0414058420879014 0.0567078624698458
-0.254982110510235 0.205300332270863 -0.00430573598186541 0.0518872874647728
-0.327620206780603 -0.108867036746237 -0.048026209750741 0.060015522447837
-0.150291232504196 -0.386557180466942 -0.00571592632187887 0.0674297944634249
0.0380216348715315 -0.420806648138747 0.0217709808111215 0.110387221832077
-0.0210903722648537 -0.305837009303833 -0.137837509001308 0.337611783531553
-0.21164175638459 -0.240687525869916 0.100298848669223 0.200436155875008
-0.261519544443742 -0.0106289239154337 0.00365031313871548 -0.0321701263496825
-0.157167767393986 0.183627144842486 -0.0986852546798116 0.0268742675377714
-0.0267614607485537 0.2299372530838 -0.0600473562676304 0.171925405634696
0.0860766737072218 0.205988283227614 0.106434145665638 0.212106310890056
0.16665049138491 0.141945598147148 0.214213018667474 0.128485736154298
0.157260710264763 0.123849015804982 0.211256931279956 0.0718584048192118
0.131884979731804 0.146319124577787 0.185856910234434 0.0886985585914838
0.0499207014807377 0.217854457931374 0.113924658408557 0.108959198673319
-0.0845377458544397 0.195192763986803 0.0328813682490069 0.102191510124082
-0.171597808885457 0.0967828643094375 -0.0109152534337723 0.0502103031083236
-0.179092285435251 -0.0859751931799418 -0.0258724724875473 0.0669323796564616
-0.0786034309543232 -0.249579777033369 0.0261921061008222 0.117338440438212
0.0117121992907834 -0.288238555125914 0.00947330305432044 0.229038641135291
-0.0419623739194522 -0.162837370618499 -0.137805214497465 0.456281983382096
-0.126818584497091 -0.109886890741138 0.14649778642267 0.264051287293926
-0.122037060722291 0.0106491736616625 0.0387982091976127 -0.0103729084552686
-0.0689502422885282 0.0734677875556806 -0.0933254541759926 0.0193768510113485
-0.0257141304760139 0.103027638071887 -0.0714604510231141 0.198750915577602
0.0268512390252351 0.106534939361763 0.12258687397385 0.262356817729177
0.0732927622612541 0.0910869500246864 0.249627665580108 0.178754888509122
0.0628970113296397 0.0869508572637017 0.253012478469951 0.112169906159031
0.0431266900942639 0.10007361680211 0.213574909891931 0.129324218387089
-0.00968068006159291 0.11756927256132 0.122470075770329 0.148211027043956
-0.0738519697866265 0.0699228377017212 0.0162904097838676 0.121721934724675
-0.0788066110665896 -0.00717559233061957 -0.0163293659868167 0.0353661315643581
-0.0323443842331954 -0.0513005805848716 -0.00432425268317072 0.0572136554373518
-0.012383193947603 -0.0937586914039914 0.0461292178892794 0.133043381230586
-0.017857562538483 -0.124846132258427 0.00576983750072399 0.292554810608492
0.0271380202690466 -0.0338670913553661 -0.00257840805537554 -0.335022277808471
-0.0360278836536311 -0.0500660142253222 -0.11551412844281 -0.155818089226982
-0.0677329549429587 0.0155335842909118 -0.0436680762032587 -0.0301958781097667
-0.00618989726264 0.0799593226989409 0.0149943235668488 0.00487704052704159
0.046645959856386 0.0396104612237074 0.0342236899999401 -0.105849429417297
0.0546551120167758 -0.0017402392070509 -0.0870994406017845 -0.181080180435668
0.0420639623769856 -0.036343537242209 -0.202310876757649 -0.161611146625449
0.0386876790157768 -0.0404926564938694 -0.247604418517826 -0.141474985477446
0.0404881251132174 -0.0305175376809983 -0.239753475258239 -0.189108843579298
0.0385104788919738 0.00299716704188697 -0.137220379350335 -0.25019394377257
0.0220950852654863 0.0348887225138906 0.0340820096568003 -0.218633713123086
-0.0220821170441883 0.0398914677201836 0.0755893286555122 -0.0436897310173434
-0.0446709717851429 -0.0295308139301559 -0.028748511497649 -0.0403091585861767
0.0282346744826206 -0.0540963131248758 -0.105394212936347 -0.235357656032308
0.06364657604715 0.00138579338235901 0.144582267379776 -0.493289339054187
0.0480049152729751 -0.170628599793328 -0.0164056543841216 -0.317954589728894
-0.0839918902244237 -0.161484844233025 -0.119059965428893 -0.144390038032387
-0.151314729098887 -0.0198885306576922 -0.060767624707465 -0.0329556775325943
-0.077066735129111 0.135974977501509 0.00636349634462237 0.021922026317978
0.0256365357135327 0.135411959907461 0.0394206653227783 -0.0856541877810236
0.0916196125525616 0.0938409521386186 -0.0615158328989595 -0.16479885600324
0.127392866038624 0.0285750287132462 -0.165076016887824 -0.160264640165602
0.134612572209851 0.0179805113233035 -0.21172853723628 -0.144123964663002
0.137043209335816 0.0415396809039267 -0.206264603002828 -0.183533666560056
0.0969707383182049 0.130310374484661 -0.120842731286139 -0.235952223150384
-0.00849448537206969 0.173292167035379 0.0356360283434487 -0.201341197500566
-0.13441367100291 0.138676665206617 0.0566207029450628 -0.0313333031811346
-0.200404480100518 -0.0747638251775628 -0.0560919241402939 -0.0360595173057502
-0.0522762417565734 -0.228376097370889 -0.113715494278526 -0.226210074334162
0.0813180284908424 -0.196959286427498 0.125551840208743 -0.459930169156592
0.0601627502020571 -0.288662730956917 -0.0442492799354672 -0.253060592476053
-0.134862824509628 -0.259084916523884 -0.113099247989407 -0.114061204232955
-0.232563043026493 -0.0490600555336492 -0.0723757735529075 -0.0389969567668294
-0.146832120345853 0.188965651847214 -0.00874924653116303 0.0268661448416569
0.00299277092763351 0.224998322464149 0.0300359211622229 -0.0571658467818423
0.120021158847239 0.182548065027917 -0.0347031362107496 -0.123838827877226
0.196771022827178 0.0916614755980282 -0.105676148058901 -0.133014095846556
0.210861384901181 0.0730523428944669 -0.143196556485201 -0.125212374647517
0.211474674444569 0.106794596828248 -0.139778297368069 -0.150165347859994
0.14007498178928 0.239686077572359 -0.0847317831892135 -0.188618656155511
-0.0383177293605137 0.291200412335653 0.0349319243001492 -0.157857131107559
-0.233352590096386 0.222333481501441 0.0362437634436753 -0.0144845462195412
-0.336301348938218 -0.109883360513468 -0.0743044722698708 -0.0200626632084341
-0.128297588265832 -0.375804195462413 -0.107357754478193 -0.182984954024221
0.0881271473996784 -0.3632871579445 0.0999755090968471 -0.364774744642265
0.0563756775679582 -0.378137134483456 -0.0788870145189363 -0.141755968697188
-0.196209890049709 -0.333688630224917 -0.0871185902036139 -0.0567699826575145
-0.312867758496799 -0.0601751909541516 -0.0712420623969961 -0.04651014157004
-0.204275980267516 0.242685775734676 -0.0320221363025105 0.0247225890434702
-0.0132814892168564 0.299705300870416 0.00748874653174004 -0.0142542259359673
0.140137950372864 0.252233280878923 -0.00373994832687467 -0.0542189122854237
0.241158417941597 0.142171474906589 -0.0269040703966589 -0.0828989787813757
0.254452303389571 0.116883122325408 -0.0531995447402018 -0.0875309849371236
0.249621758612713 0.154997773268899 -0.0521506573737759 -0.0974892706248097
0.159859530505989 0.311848749104757 -0.0329314189431132 -0.116690852503099
-0.0620777042674126 0.366970128998798 0.0351592086174711 -0.0922292726261963
-0.297011758513152 0.277027718958163 0.0166457779481862 0.00835055428820137
-0.422365086233699 -0.126631605843887 -0.0773368227854793 0.00520298475565689
-0.180387835702526 -0.465392267415462 -0.0838923828300648 -0.106942126829218
0.0854709477373876 -0.466984961886982 0.0706162096269739 -0.218158306964538
0.0388223667593259 -0.418016649175134 -0.109285107404934 0.00896310235987323
-0.245274003071569 -0.364022806939063 -0.0350985417314229 0.0235729784129683
-0.364297084214311 -0.054940127720832 -0.0566662722217728 -0.0504043981067648
-0.234537320010737 0.274772357155607 -0.0612488488264191 0.0234719424998286
-0.0205726570094159 0.339447810344756 -0.0197781017689287 0.048415705513671
0.145328956403522 0.286258223625799 0.034054834098886 0.0360813966252286
0.254151562102827 0.170535472404317 0.0603728837405617 -0.0148191173860904
0.259376062758885 0.141627204059081 0.0456373846724015 -0.0366366831203296
0.245334507226946 0.178743336674106 0.0413284466156651 -0.0334332425815121
0.148311091349085 0.33313039277581 0.0266629237608543 -0.0311229504241202
-0.0783244591416819 0.374188349476454 0.038575776906881 -0.0139732251244508
-0.305377452657588 0.272299122453347 0.00215308117512363 0.0342523165799324
-0.421215008060383 -0.127150340581304 -0.0662646213062499 0.0355062088954416
-0.189112501235411 -0.469370575377925 -0.0458495740802899 -0.014372471164966
0.0711502149227573 -0.485424466940217 0.0422685783852369 -0.0491870845896175
0.0141632417112339 -0.396285029792785 -0.131734506775508 0.178755635870953
-0.254259677103326 -0.333989258122768 0.0332388832420243 0.117691170935575
-0.350218941197674 -0.0367305359937933 -0.0310826127342209 -0.0458093401145738
-0.220682641977535 0.257968775416756 -0.0865072283557456 0.0263262548556159
-0.025137563797946 0.317619963538696 -0.0446069222304859 0.117552283931067
0.127562043850395 0.272195832591293 0.0741212114396732 0.132754718552797
0.228749128032728 0.170948518836294 0.145495357259098 0.0588271031197768
0.224790739602947 0.14493653296551 0.137729242734812 0.020251797102357
0.203629148946522 0.175335506230163 0.12464302244432 0.0321634748944737
0.107785166581815 0.297735637640045 0.079196067733654 0.0485790130479349
-0.0863051377926515 0.309818442115264 0.0381379323288509 0.0559470157729776
-0.25514997291627 0.202248414326536 -0.00854441752764178 0.0504321131614034
-0.326445824462765 -0.114003641522939 -0.0464900183513449 0.0595777232703627
-0.146003768646907 -0.391039269879405 -0.00549290095208307 0.0671525544504509
0.0478254193393741 -0.419120530216102 0.0195485697845281 0.1086284731001
-0.0129967106415268 -0.306195108309257 -0.144021801136745 0.337303614692395
-0.20997962059386 -0.244485883048657 0.0976126044618992 0.203650269122055
-0.261112082980677 -0.0160624071242627 0.0014331189268249 -0.0296758350552553
-0.160192993210081 0.181324551129953 -0.0985547913325026 0.0274554284072672
-0.0280924138291517 0.231064767349189 -0.0621616833790334 0.174879693245439
0.086311252705631 0.208370033398752 0.107223444665387 0.214053317399952
0.165642014471559 0.142726961941169 0.212909886010248 0.127359337776505
0.156539014019125 0.124958588280319 0.210400517295349 0.072764288860325
0.131135129835989 0.147369287462962 0.184442475443238 0.0892460083233927
0.0499162319617497 0.218408950167705 0.112004010691365 0.11074959734588
-0.0856256708210389 0.194880720679225 0.0303550814012038 0.102048015570464
-0.171614772114371 0.0943517606769335 -0.0152140302877436 0.0493326443572771
-0.177677672342503 -0.0893029273911548 -0.0247117841380758 0.0666206924267869
-0.0772152142393938 -0.252116936532447 0.0261396378522294 0.116064112508388
0.0175035769379073 -0.285969959846628 0.00630044167206464 0.226325043928249
-0.0373323833870424 -0.163147442258979 -0.146585320570696 0.455585718311951
-0.125366307049445 -0.112200777216037 0.141891616968003 0.26670680416921
-0.121957342259375 0.006992884520568 0.0368567659052759 -0.00707112157814501
-0.0711487320580096 0.0727045504302969 -0.094165981543794 0.0203662466474572
-0.0266059717935053 0.10400597072174 -0.0733745234446107 0.201872066976057
0.0267389209577421 0.108343624594712 0.121814248279367 0.264405643073497
0.0727078695952972 0.0911651634348392 0.248531323956584 0.178442334917849
0.0626459042763588 0.0877992558306762 0.251948918300267 0.113431645091551
0.0427291267860623 0.100083433792181 0.212161274285357 0.130745812005229
-0.00901900100660805 0.117775535141834 0.120295740321408 0.149539481389461
-0.0738946688488625 0.069317673552956 0.0138957411559283 0.122048247727378
-0.0790674108979978 -0.00830409112968591 -0.0193539607038051 0.0336991042914284
-0.03110451191564 -0.0528957460738852 -0.00381484805316833 0.0575972065445668
-0.0120237022372898 -0.0946778356975328 0.0461178151952945 0.131834538434202
-0.0144748553829655 -0.124010526340695 0.00249402244462525 0.289908683693895
0.0261861758973308 -0.0342113504529032 0.00240839967079401 -0.342761501955735
-0.0369622381401484 -0.0499251850591822 -0.11663613590491 -0.159702187193625
-0.0688673453918146 0.0158728930925431 -0.0446145524373572 -0.0304757167397223
-0.00540094498553434 0.0806206413636129 0.0167467950462111 0.00679435904335804
0.0471681839136268 0.039883798283291 0.0371585494299274 -0.107799542576092
0.0564068939657601 -0.002505680615445 -0.0871130569517612 -0.1867263480074
0.0434188177157279 -0.037613029967169 -0.203718067391561 -0.16637515241096
0.0393938021334311 -0.0412810243395876 -0.250563559231174 -0.146270930111408
0.041473097724073 -0.0315001735880616 -0.244910403989128 -0.195649778464036
0.0392499607207367 0.00292537274240128 -0.140198820519907 -0.256433277902427
0.0234561450880237 0.0362090615536905 0.0354780523916754 -0.224727640444864
-0.0219982409167294 0.0414616329321001 0.0778508388820043 -0.0458139684802637
-0.0447917948876583 -0.0288923402568737 -0.0281642389503774 -0.0445388145060131
0.0287794372495768 -0.0538148671403191 -0.103083298730208 -0.240424602507134
0.064441178935867 0.00262032148441608 0.154047295892473 -0.499719013422756
0.0510236427833482 -0.174138200391997 -0.0109816515537915 -0.324405181976629
-0.0844621872468058 -0.163918564561239 -0.119646073904682 -0.147082723250014
-0.152738911624105 -0.0219087151279519 -0.0626766317274124 -0.0330092902359282
-0.0783082572667627 0.137107847776036 0.0081306340324283 0.0232212351462636
0.0259279251604572 0.137455267883902 0.0418516840673651 -0.0870168183776073
0.0931817857741858 0.0953487536362636 -0.0612771278145499 -0.169947751685496
0.129755162683413 0.0293747787257403 -0.166495927371838 -0.164595816325669
0.136968242618988 0.018639873859765 -0.214542569105334 -0.148830127944707
0.138953086732911 0.0426102385584638 -0.209824244745262 -0.189347601681919
0.0984948265521981 0.133499886783501 -0.123361201842551 -0.240979448182119
-0.00913439700718768 0.178020586087725 0.0354703618465404 -0.206891741226795
-0.137496856232278 0.139599524453922 0.0574130955343914 -0.0328390005282662
-0.203946636531979 -0.0784020333396245 -0.0559845548513276 -0.0399904693351558
-0.0504366901416285 -0.234051297636407 -0.110926119836255 -0.231320047759491
0.08754577567636 -0.198691309909333 0.13607866988288 -0.467121888222217
0.066176690869454 -0.295035620489588 -0.0404304649077033 -0.25793602314196
-0.13620148138096 -0.265393250467378 -0.113990899612224 -0.115075707984812
-0.235629142377194 -0.0538151392359006 -0.0747380925580152 -0.0387453929197591
-0.14971535896572 0.189478671972724 -0.00722899068288618 0.0283613608009658
0.00229833858418066 0.228711875991002 0.0313875795522446 -0.0580479580920512
0.122550849356843 0.186553860045233 -0.0338341538097951 -0.127030788304991
0.200178379456285 0.0945090854012218 -0.106913723151454 -0.137536044473849
0.214280480590198 0.0762657890088637 -0.14520751653741 -0.129685666822822
0.214940364920372 0.11022531052263 -0.142948800040898 -0.155289712493018
0.142214501228868 0.245507858324364 -0.0868558466773931 -0.191334567715145
-0.0412293561798157 0.298440971655314 0.0338955654255526 -0.163041418521291
-0.239042038881595 0.224038268303396 0.0353992312837376 -0.01578688427756
-0.341846899003731 -0.116403467014081 -0.0735106027059612 -0.0240884081074393
-0.125470211034237 -0.38616111672162 -0.105543848773681 -0.186711067057129
0.0997787288788107 -0.368689463484475 0.107979688584951 -0.370041536832591
0.0650861764693099 -0.386625551174427 -0.0766209360916027 -0.144772377641166
-0.196342313115055 -0.342265163669121 -0.0877236170266984 -0.0565923691169983
-0.317455385064597 -0.067663978668445 -0.0744385858958784 -0.0463860483472504
-0.209616461802718 0.244145817223067 -0.0314065566827787 0.0260041489817414
-0.0141171034987921 0.306184251847821 0.00762323718082363 -0.0125117894936512
0.142572403705105 0.258509548303077 -0.00207330827878025 -0.0553368774190673
0.245616963456554 0.145909762671233 -0.0279143914903127 -0.0868836798658589
0.258215831388199 0.120277911334118 -0.0534095135157545 -0.0904609473327786
0.253834533045088 0.159262477488491 -0.0534485909132789 -0.101444613219342
0.160884109624988 0.320111264861574 -0.0346511867139625 -0.116605504691662
-0.066085845998629 0.37633754899041 0.0334645138269012 -0.0952404536374837
-0.303989210393039 0.278220621393866 0.0148992874426052 0.00792980671073846
-0.429792027060084 -0.136555180887907 -0.0768121799831182 0.00266624910052943
-0.178924885690248 -0.479085754865095 -0.082386253371265 -0.109318618835502
0.0983057136041079 -0.474547672233482 0.0748664417051172 -0.221607319309449
0.0493308860904992 -0.428528896298109 -0.111706038682911 0.0086705121476241
-0.247346751497835 -0.375110053349645 -0.0356444793294196 0.0271829540961095
-0.370530645895213 -0.0629693636698467 -0.0599130429113863 -0.05012067975922
-0.241535402399364 0.276642452988865 -0.0606268447520836 0.0244936655603394
-0.0231655069759391 0.34650469903164 -0.0210200544892636 0.051269227791734
0.148499145570262 0.294691748053316 0.0353853893860154 0.0373242913577475
0.258329434420482 0.175828012020846 0.0606565215711127 -0.0174693902842124
0.262717988883428 0.146463807246793 0.0459164326105509 -0.037202789947307
0.249582249995158 0.183813799497098 0.0412372370676808 -0.0348235961044788
0.150128981652546 0.341548583749466 0.0249666241513492 -0.0290822982781902
-0.0814874642991361 0.383592425834326 0.0350825861915675 -0.0154725348031266
-0.313761462395848 0.272899725951974 -0.00145122228723556 0.0336933367464827
-0.427507853668497 -0.134912759995112 -0.0657229926128002 0.034605171184048
-0.18852026665754 -0.483583050158485 -0.0449924757604331 -0.0149202181715181
0.084466621915973 -0.494117122959141 0.0430189194248564 -0.0511887649102137
0.0236170943212735 -0.404955176023846 -0.137227088365308 0.182347728020679
-0.257773210749975 -0.344258943511863 0.0322674226146609 0.123001103958901
-0.356813135299101 -0.0452288528272595 -0.0333680352393235 -0.0437958697403299
-0.227287922096903 0.259740896725383 -0.0872459861790525 0.0269373848182236
-0.0269968937488327 0.324624215969176 -0.0463647598805085 0.123036195997412
0.130231680821239 0.280055187076611 0.0759294057188229 0.136505023317748
0.233216742945099 0.176063092965103 0.146403542052181 0.058831346777673
0.229016201164514 0.14907178055331 0.139547835759511 0.0215198719863544
0.206544267595656 0.180386491524537 0.126161356386859 0.033279938548192
0.10944869795419 0.305522461927677 0.0782262253613149 0.0527537708006245
-0.0900899575912017 0.315619421380378 0.0348698711838514 0.0568014103810429
-0.261704704161386 0.20207907633342 -0.0129279031446628 0.0510195530744033
-0.331549724268465 -0.122240987772392 -0.0457833599387038 0.0600837423475566
-0.147598370436013 -0.402165147272477 -0.00452771975415662 0.0673235978582897
0.0582719367712091 -0.424514048514384 0.0172678197938243 0.108527117205018
-0.0051109926337612 -0.314473555592663 -0.152470195426774 0.344360192323683
-0.211459421220572 -0.253276856924078 0.0960277845159632 0.211537400321958
-0.265505412580844 -0.0230673165913054 -5.08066420231979E-05 -0.0270220833494248
-0.166814627103565 0.18210302208088 -0.100523255832476 0.0280968827556387
-0.0299495733840443 0.237013402618453 -0.0650519491362649 0.180921978225779
0.0872417844333006 0.21496563182435 0.109283228095626 0.220403203714435
0.168755782718948 0.147041418534671 0.2149870335109 0.129031350515088
0.159379045932081 0.12889937812514 0.213501043293309 0.0755828877132303
0.132927739828291 0.15155121874718 0.186991854128863 0.0917302746277306
0.0501821844804638 0.224161057303122 0.111709997481053 0.115554039501024
-0.0886479732801436 0.198794287308121 0.0273998002114569 0.104173984507197
-0.174713072463393 0.0935501902327059 -0.0198522185653199 0.0496855898697322
-0.180009984159236 -0.0950718449280546 -0.0238180785312024 0.0685586688876201
-0.0765189472957979 -0.258431188411831 0.0268545497633453 0.117546722453001
0.0250587549673632 -0.290653259822195 0.00274349520034431 0.228512888903485
-0.032301073686107 -0.167237684138039 -0.157376411590586 0.463364670535378
-0.126926046870496 -0.117521001222634 0.140372640583609 0.275297963762068
-0.124314624876137 0.00377917678746571 0.0359441434134131 -0.00425938307993488
-0.0750231886315857 0.0732972511618785 -0.0964054572705164 0.0214531202319434
-0.0279586256616353 0.106782468364469 -0.0769790241343105 0.208221255035281
0.0273507698381466 0.112071421217774 0.123576736638399 0.272152702608648
0.073496970147326 0.0936931277404765 0.251625485805315 0.181796717803566
0.0637439185995217 0.0906007619661821 0.255508248276117 0.117059639520341
0.0435365916748014 0.102977307918884 0.215170191310492 0.134327333348822
-0.00926715405165838 0.120551022638796 0.121014080134185 0.153580373592357
-0.0760645821919251 0.0704493734066973 0.0118260251409726 0.124378916119508
-0.0802761797256697 -0.00965767270539006 -0.0228417851974336 0.0331554563515922
-0.0310064289072631 -0.0558440973882133 -0.00319758438519825 0.0595248234173537
-0.011555937646404 -0.0971327717338732 0.0466100380487503 0.133428683837277
-0.0118081295138233 -0.125836511736376 -0.00203953811406372 0.293667337732286
0.000839539589023979 -0.0448375852082952 -0.211064061819606 -0.286895254818486
-0.0599377540586054 -0.018381472900539 -0.1968764503852 -0.0592979000375163
-0.0477545228107947 0.0538680444620465 -0.0566226093662632 0.0052231474829657
0.0430468877402378 0.0677469504112074 0.0235430411452209 -0.00238892674800221
0.0611835076999925 0.00454761297137643 -0.0340582039528416 -0.112808393715479
0.0435660098124122 -0.0358956999223321 -0.18654466128542 -0.101273810725951
0.0122310449349349 -0.0556900572846654 -0.273982915701068 -0.0107697906364905
0.00469033744694806 -0.0587834447002878 -0.297470841086492 0.0355429296819833
0.0118100390077679 -0.0523382474737106 -0.325900572108162 -0.00660802668809871
0.0330615503196694 -0.0221337825146078 -0.278535009348427 -0.125456229122202
0.0428287372186276 0.0138948153270646 -0.114866019355458 -0.208058015642458
0.00786272710541537 0.0477340101814784 0.0348167603461797 -0.0891121865386641
-0.057971282758036 0.00464389110387632 -0.0525143290568799 -0.0214177523612281
-0.0131528209976936 -0.0647586541165344 -0.236027465851489 -0.133849040794214
0.0580246500472804 -0.0467742432390218 -0.192562426645858 -0.517407339892894
-0.0579004562381203 -0.178871861096969 -0.220925399832278 -0.263370256700027
-0.165264829790236 -0.0838725499007627 -0.196179907577252 -0.0485038363475802
-0.139683673984711 0.0718696279092591 -0.0776323519327468 0.017273603171811
0.0162586783311247 0.155403916797923 0.0272896122981733 0.0209981625264146
0.102013676061646 0.0970859682058401 -0.0156127710377328 -0.096616756349608
0.13397358411614 0.0217737269890034 -0.153530967200423 -0.101231043951062
0.123511503921809 -0.0538387159660276 -0.24108955843596 -0.0337766004003197
0.123769812109538 -0.069786304841887 -0.270564941264415 0.0111460167721423
0.140797642302876 -0.0522272059675086 -0.294897160167461 -0.0225245684984548
0.16582941700544 0.0495186535817621 -0.255381200298042 -0.121313476748884
0.10574711954821 0.154433631517995 -0.102535374032229 -0.194034582709716
-0.0303018972652528 0.203301701458123 0.027970705120654 -0.0665370071869855
-0.228449495043222 0.0642914986541279 -0.0702049958934585 -0.000456726740513894
-0.198448376912218 -0.167072236994286 -0.231822346180341 -0.123139606494186
-0.0515217365930102 -0.235255202812184 -0.179587829528535 -0.470769332391593
-0.113860106708235 -0.29234903006419 -0.212174711806542 -0.190262021042639
-0.265056145476369 -0.137562215489771 -0.175515107224799 -0.0263012039306095
-0.22770024154535 0.0933446154282976 -0.0944953347084272 0.0228360171146495
-0.0125776129298184 0.240368745694226 0.0176281592746453 0.0387463930870776
0.137441126404519 0.185743747510899 -0.00482546531279998 -0.0640198243615125
0.213976542528699 0.0787422476250602 -0.101478999392822 -0.0804223908116172
0.220087741865787 -0.0447204175140756 -0.173355041389755 -0.0504741473871925
0.224365696374629 -0.0707863535833164 -0.201101219247587 -0.0160162385329904
0.247228863036343 -0.043753019347498 -0.220031634030584 -0.0364025127728106
0.274038244265855 0.115139438948938 -0.194821407682252 -0.101870787307528
0.155774238722179 0.277127772826301 -0.075124755200056 -0.15714854293596
-0.0643029086113664 0.338716970597942 0.0207969706211246 -0.0382633810991526
-0.374555031858486 0.120423964949491 -0.0719325089432285 0.023117887297903
-0.36117675789277 -0.249015714601931 -0.19480050559261 -0.0928844428709294
-0.150799674141234 -0.388519794608464 -0.134802943138064 -0.367732597004557
-0.165486177124257 -0.370469726834555 -0.178625787700146 -0.0729632847270254
-0.359944097150868 -0.166144664613822 -0.121482420201875 0.00552870352021739
-0.303967401984778 0.129209409404626 -0.100319099688008 0.0205155844463093
-0.0308825182687628 0.31953245410175 -0.00358799006723774 0.0548824077582726
0.170139924936166 0.26001744259363 0.0049723318675082 -0.0106016272775435
0.274650397857129 0.125134424798331 -0.0292910259235421 -0.0397815962115125
0.289380603845088 -0.0305478135771722 -0.0750997792672825 -0.0573053568013157
0.289567819862996 -0.0612902719517609 -0.102628191743391 -0.0403143210480627
0.311880612733534 -0.0266578870575359 -0.112536023452151 -0.046808579183402
0.337879385230098 0.165839413758522 -0.103986013968986 -0.0718025859389847
0.183513837263487 0.359134320636016 -0.0325060240702783 -0.100696799910959
-0.0856819255139399 0.425517238516328 0.0178555713748107 -0.00569126733158249
-0.464057743569922 0.159897109108834 -0.0559537304895654 0.046907576177384
-0.465848627197242 -0.291357807785296 -0.122987675465814 -0.0457510527685495
-0.218991630640398 -0.476990981437423 -0.063607357048549 -0.218142668516938
-0.20112243365074 -0.397017726401633 -0.114760980463387 0.0772142300077995
-0.419341395326062 -0.163853954851038 -0.0292683538853669 0.0434689031174185
-0.346094269928635 0.16400749290027 -0.0914349024624797 0.0118374224770014
-0.0381052137434854 0.366301261795221 -0.0289700523278661 0.074682663710948
0.187435854089429 0.298390215817154 0.0223467964530166 0.0610539797103176
0.301881312001496 0.151480013564486 0.0611760807538499 0.0142132481534865
0.318440568615385 -0.0152888771890786 0.0421812744584301 -0.0558874955278352
0.31023990502935 -0.0429240662310274 0.0129038352477541 -0.0588687107483225
0.324951607757713 -0.00376427410084532 0.00718350969860097 -0.0513554213976274
0.342763028538726 0.190226578260499 0.00104184854470764 -0.0370563044917284
0.175826676273783 0.375873076005864 0.0200680627712667 -0.0358031046774882
-0.096245586111886 0.426918216367001 0.0208881743747595 0.0272149489135845
-0.460562365093162 0.160052952748196 -0.0257819419547816 0.0671267944837634
-0.474971621652623 -0.291579365695534 -0.0314636888585525 0.00838870553912862
-0.242294318179348 -0.482802179111421 0.0198380616211568 -0.0544287021170021
-0.210908393460283 -0.3623422895772 -0.0280305286665496 0.23914871399796
-0.409667658456127 -0.135351931442664 0.0864604009744402 0.0820777178182054
-0.325870901796511 0.170038901532991 -0.0648677274728262 0.000803228196740289
-0.037306200250306 0.345079384748127 -0.0500420268064307 0.0928152895027497
0.17102110379972 0.283122426706757 0.0456191919803398 0.135798959551701
0.27934427320407 0.150872542712462 0.156530220370431 0.0704338038183953
0.297675969718029 0.000142818382634342 0.161969234047872 -0.0462697804757093
0.283262639746456 -0.018701576423449 0.126614372815958 -0.0684768564859601
0.287294310448088 0.0209249085699607 0.121135508741277 -0.0497043311255772
0.286438236276253 0.186107454086069 0.0967503238721536 -0.00282942563546156
0.126961398672134 0.324373336534131 0.0650855343371025 0.0247573850235355
-0.0972660484490715 0.334181023871555 0.0214150839909634 0.0497959625890267
-0.366791607101374 0.107806336818903 0.00586171026675563 0.0765378775254962
-0.384776366413177 -0.246686791516142 0.0523292402006219 0.0514508034098825
-0.221679574034024 -0.402923575849161 0.100014058065355 0.0929595975544039
-0.181409838021399 -0.265487731662215 0.0644037024848625 0.383065055138292
-0.319106765467668 -0.0867485776375731 0.196742845347979 0.116725113338303
-0.235842705487202 0.135296337927243 -0.0237041433125024 -0.00871987515571391
-0.0329016231814234 0.247295975717123 -0.0621634815173748 0.0981430809063845
0.117637147944665 0.212508795501029 0.065063704631187 0.193642613759778
0.204419553850592 0.123104382771151 0.235176978589388 0.117622100111876
0.227335223002979 0.0159446036843765 0.262536086557743 -0.0301062261216651
0.213258151335156 0.00736865856440409 0.220977160771368 -0.0702037496744183
0.208378176663636 0.0429299958545983 0.209056851723508 -0.040189725025199
0.185934893775768 0.154862384510331 0.164695648683621 0.027643756274558
0.0531519604074489 0.224823318866311 0.0882115781624462 0.0687364180847976
-0.090557502035204 0.187951515175203 0.0139869626199542 0.054285643168863
-0.216897701176127 0.0335745179585296 0.0280006373232431 0.0703240010819197
-0.230924659802943 -0.169610914465861 0.106091327915562 0.0746375405868532
-0.163277043698365 -0.263993778307548 0.158809793235731 0.19766098137648
-0.120366228888713 -0.123219142115188 0.143115077818914 0.486351643215872
-0.169442582153047 -0.0248260129607637 0.277708386078321 0.143487988415801
-0.102062612940181 0.0741134095546781 0.025040250513186 -0.0168245975649059
-0.020360237229611 0.104207712637234 -0.0660263234506361 0.0839994009205988
0.0425479724778483 0.104691944823254 0.0696229965210547 0.221878853345866
0.0920110568999386 0.0753548005073526 0.275934206144374 0.150229258172157
0.117277715411245 0.0295370974492361 0.325372895691323 -0.00838763577569338
0.11083299949045 0.0350869996887949 0.282301779667235 -0.0621406671434171
0.10349470034461 0.0593722451769861 0.260844789418277 -0.0241578132651485
0.0706455941064132 0.106134001461567 0.196583276512314 0.0525813368044793
-0.0186888356561483 0.108836947060091 0.0879520948662148 0.0956291278799353
-0.0746445549214386 0.0419018850215392 0.000662975151205857 0.0428674745447121
-0.0626583288587306 -0.0289163417141603 0.0375305439686386 0.0510159037245314
-0.0713393582938192 -0.0737131903954513 0.128278154706944 0.0769467456048736
-0.0895553812003138 -0.0960608569954199 0.19189106916577 0.249222505060256
-0.00129068782450974 -0.0464642197121791 -0.229026080207448 -0.295553729943684
-0.0627966571142522 -0.0157525966479092 -0.207279745073025 -0.054943099955201
-0.0472018697626069 0.0575997592394997 -0.0596048299519067 0.00799275629051829
0.0476837160642255 0.0678152111442669 0.0265338637917225 -0.00337554382525519
0.0638606642249694 0.00285847208965455 -0.0392471144493453 -0.116972881412433
0.0432307378634556 -0.0397609308959641 -0.19937066522839 -0.0993156053203868
0.00983469933269542 -0.0594411634201147 -0.285610661335111 -0.00272177422411248
0.00177991210540225 -0.0609287106742368 -0.309051532803519 0.0475093163547309
0.00965259987652544 -0.0552169851240635 -0.341273412305486 0.00675706765277794
0.0336864985488853 -0.0245939550830563 -0.297449802281318 -0.11974416862195
0.0459966711598711 0.0118161380220324 -0.130122016799297 -0.213590265966675
0.0102837670866441 0.0492964077893386 0.0331923663701622 -0.0957284425544301
-0.059387371587296 0.00746027142592277 -0.0575329109955685 -0.0234325915793355
-0.0154063298406358 -0.06638429680271 -0.24854136487112 -0.132656160115678
0.0589343660192273 -0.0506239841063155 -0.213502259840968 -0.533332863729379
-0.0660800497673269 -0.186083994947447 -0.237211830323174 -0.270486750047597
-0.174602403347194 -0.0806390122916079 -0.205034184483041 -0.0433662616577635
-0.142861067577959 0.0784904751391153 -0.0810183715039587 0.0223222669015067
0.0225844311071128 0.159806237035658 0.0315774403813106 0.0205876400834127
0.109664948073434 0.0968274410156627 -0.0191011286366929 -0.100410614438573
0.140616580542689 0.0166818478497201 -0.164313867604468 -0.10082159491916
0.126120482143771 -0.0621418462595997 -0.253813692056892 -0.0276412342562952
0.125885645408238 -0.0776889527678013 -0.281057989988862 0.0208223986170913
0.1434532623051 -0.0599164027388703 -0.311117995461601 -0.0114760919890596
0.175405210230111 0.0452009877208031 -0.271886461477391 -0.116132280562089
0.117453381525295 0.157155502653625 -0.116788228055306 -0.198645463749729
-0.0246659830460657 0.212747662318266 0.0264948170346899 -0.071084738713111
-0.236743033938183 0.0748754849250331 -0.0739722453708795 -0.00131317667632624
-0.212452681531969 -0.168942026449311 -0.242896480449399 -0.122111212013969
-0.0593502923491459 -0.245921457063094 -0.199960219583341 -0.486124807794338
-0.127619966430553 -0.304554854001158 -0.225126057796629 -0.194158726863563
-0.281203737588023 -0.133609376989468 -0.182101976911382 -0.021535264266807
-0.234864382982005 0.102958017683915 -0.098073861439792 0.0290627702001895
-0.00418073035155413 0.249312919213758 0.0221033688512894 0.0387708321645314
0.149984634029153 0.188047582124363 -0.00647863922223826 -0.0661484076529217
0.226978308890245 0.0731468211636893 -0.109021732856133 -0.0813643924244913
0.227710210733304 -0.055994294656428 -0.184685998485419 -0.0469481609566708
0.230997071998991 -0.0818040106128128 -0.21119667392998 -0.00933907306445779
0.254925148242243 -0.0553756301700478 -0.232457090505882 -0.028790116807448
0.291311756578357 0.110275134160568 -0.206419531996087 -0.097421511533119
0.174722565816134 0.284515538747999 -0.0877639052350968 -0.160635266425416
-0.0565814129912298 0.354441838034558 0.0197126119348027 -0.0407144102497721
-0.388744028976418 0.138035179489828 -0.074531880297691 0.023497636848029
-0.386055013230512 -0.250288063200483 -0.203470659950717 -0.091195577734754
-0.164742159689284 -0.405027700734152 -0.152499272970415 -0.378199396056305
-0.183231333125863 -0.386352465396623 -0.186641217000641 -0.0714432089064639
-0.381294380831606 -0.16141099277444 -0.124270738463726 0.0107079908428961
-0.315459630713738 0.143225626424512 -0.104773429483732 0.0272557371281336
-0.0209773144735777 0.333236379152089 0.000433492943906918 0.0564304536818868
0.187486185610849 0.264102104949906 0.00617359473508925 -0.0105350900489668
0.29313427513073 0.1187745224823 -0.031572148396625 -0.0414200502748712
0.300412947444404 -0.043823998829327 -0.0830964532733737 -0.0580380343532028
0.299556523286007 -0.0744599889120505 -0.108525995871806 -0.0381198023801271
0.323688349876714 -0.0393254685026473 -0.121261684158183 -0.0434781356557898
0.36034441694234 0.160921369234232 -0.109743503500149 -0.0688856894066498
0.205826438375097 0.368259813014033 -0.0413163307894512 -0.101588796534963
-0.0766641306522788 0.446900861064327 0.0178183536220358 -0.00496946621324663
-0.481449615248656 0.181539554279089 -0.0562729412317196 0.0485085703884488
-0.496833131412328 -0.292857951348445 -0.127621873008511 -0.0432745734780016
-0.238612452669491 -0.49707312389841 -0.0727261970430122 -0.224987366950803
-0.22156764349564 -0.413668842315244 -0.115633052197963 0.0843891549470839
-0.444742607506942 -0.158679380298822 -0.0261259427928197 0.0474289169023409
-0.35938382597424 0.180601511366015 -0.0956048090143928 0.0185669421139522
-0.028251877233421 0.382437470509345 -0.0255434379633238 0.0781114052256788
0.206705586864976 0.304978609337525 0.0264818745314856 0.0642149916825652
0.323334962307003 0.146047451765662 0.0661646063122934 0.0109357454939836
0.331604547229737 -0.028098469954362 0.0383492493563952 -0.0609398819798881
0.321640073729849 -0.0563111320208975 0.0103117340335431 -0.0616168863946013
0.338967204298775 -0.0165998438877301 0.00426782876613191 -0.0530113507596401
0.366839994191036 0.18559813829487 0.00132044458270071 -0.0363259507830398
0.198345218711625 0.387106806980539 0.0160640364218883 -0.0352097857755477
-0.0877061444235724 0.44785139460098 0.020669357346316 0.0298466210549852
-0.479980984587145 0.179974989720815 -0.0238532564969421 0.0689985323306956
-0.507174697928662 -0.289859200780782 -0.0312177549097241 0.00941211921830169
-0.26393117602638 -0.501036806922789 0.0174902116834426 -0.0562226955763552
-0.229238178388054 -0.376930087906403 -0.020214179667843 0.25168601804576
-0.432802899683593 -0.128804512518613 0.095515236155577 0.0844731213834757
-0.337516379213504 0.186582132965873 -0.067032692450042 0.0066657760095427
-0.0283195606123165 0.361209353476013 -0.0478738413698776 0.0980624376198841
0.189773682647109 0.289479130800431 0.0538004696236777 0.141780942446821
0.299601026113201 0.146518620868982 0.168689523321345 0.0661844541038013
0.310861506769571 -0.0108855538344447 0.163769065173864 -0.0549696668582321
0.29564708865441 -0.0304347855075146 0.128286815779705 -0.076361539852765
0.300205484838148 0.0109939041307118 0.122839694503002 -0.0550989078113884
0.306535980048823 0.183096433809045 0.102811049557285 -0.00402804645284641
0.1444988865871 0.334217500358738 0.0657347745711429 0.0258075784344608
-0.0908999965135097 0.350884393951218 0.0215823786270579 0.0542733420964193
-0.381686985235626 0.1230456719169 0.0106096344701535 0.0780185520532915
-0.411442333821937 -0.245462641313192 0.0573483840373576 0.0516887933540707
-0.238029071152196 -0.419129820872318 0.104135742752587 0.0949249641555583
-0.196134850664284 -0.275693786020551 0.0800025673288947 0.399751869731471
-0.336828740991519 -0.0821707930625957 0.211085932623517 0.117237950748013
-0.244917871314657 0.146407662365946 -0.0243617665766476 -0.00417727171482567
-0.0271135826019085 0.260123925686396 -0.0606628521775257 0.105041527314765
0.131171987931209 0.217914403067568 0.0763948812950127 0.201960615542626
0.221125947282179 0.120849606940128 0.252004269217762 0.113006295891525
0.237467218220726 0.00735649297969805 0.269873655420259 -0.0413432333998806
0.223338940122528 4.46297040083031E-05 0.226739465504598 -0.0816861234449856
0.219033986974868 0.0372201397559865 0.215281318359288 -0.0490250124883345
0.200740138224423 0.153887628883797 0.173715023505973 0.0243391835264363
0.0634827269842453 0.233139745420779 0.092576326495706 0.0702399058503405
-0.0889972997247663 0.198475572224301 0.0143161119216481 0.058195472459585
-0.226543287667514 0.0409671911467554 0.0337519022010168 0.0716629279614961
-0.248138351692761 -0.169493643632902 0.113380047002629 0.0729941468552228
-0.174302330803208 -0.272338946989354 0.169137955339371 0.201033212112838
-0.127764875475795 -0.127346662382174 0.163998857538109 0.505784047031176
-0.178430155219662 -0.0211861949553401 0.295255358121505 0.142875606521053
-0.105981783115567 0.078877872918997 0.0263981178249287 -0.0148839069466627
-0.0190694277039137 0.110771071554059 -0.0655076704286996 0.0909355652901218
0.0483886277848786 0.108004834916808 0.0826244252144796 0.230978228470811
0.100797888438319 0.0756794322716847 0.29638371313132 0.144648449321587
0.123596509981605 0.0274155593950334 0.337832085352571 -0.0211803736914516
0.11769601750023 0.0330758361219624 0.291216789708168 -0.0748900353623623
0.110780852860586 0.0578284635351488 0.270742593725633 -0.0349110941430366
0.0787200131435511 0.107850753435116 0.206808854783462 0.0481111696019529
-0.0157774630379866 0.114536678428576 0.0937719347925331 0.0971804609213622
-0.0772071409938996 0.0460599035482683 -0.000230956757591116 0.0468698071355613
-0.0675725818513425 -0.0294376247368168 0.0433458084978536 0.0511445594983672
-0.0774719433289703 -0.0745127576851234 0.13580314965266 0.0735030400675573
-0.0936175328344773 -0.0984162213431996 0.20534234704899 0.253585901338351
-0.00479828601744848 -0.0469306274439405 -0.249840583342202 -0.292751778186515
-0.0646681134628777 -0.0108384189265302 -0.215051094658472 -0.0433037023133513
-0.0440172390838392 0.0614939725285552 -0.0613641225023904 0.0127933712414766
0.0532154532315129 0.0655869548345708 0.0301088212609085 -0.00586948411347933
0.0651230924417309 -0.00110173895343112 -0.0458436013919916 -0.118383133061678
0.0407775873576569 -0.0438013675465472 -0.211234382962827 -0.0902976144342246
0.0052431582206755 -0.0622567280787787 -0.292492458323834 0.0137197448365319
-0.00278203816672724 -0.0629069511181155 -0.313306643479586 0.0654118442086858
0.00544556154048694 -0.0574424565909156 -0.350900604955673 0.0269489295104743
0.0329881583485742 -0.027719532659835 -0.312764153129254 -0.103269976028363
0.0484511763329453 0.00849024344983097 -0.147940180956577 -0.210977697997557
0.0142422654768734 0.0491715562875484 0.0284556021065012 -0.102076965748466
-0.0598146856924351 0.0114583304618345 -0.0629433122025379 -0.022493038499939
-0.0195286931609303 -0.0664282649884001 -0.258947655052307 -0.124266661152327
0.0579917097201423 -0.0549432785048927 -0.244586788850899 -0.537012318218796
-0.0786224250409316 -0.188465961516505 -0.256790141945133 -0.266170042781435
-0.182940183694299 -0.0718865289440427 -0.211188219958455 -0.0327352094354804
-0.141654760290326 0.0879546531250123 -0.0819067047779697 0.0287693679415364
0.0333193269550215 0.160662603954896 0.0356516183796365 0.0180276038553093
0.117862618309988 0.0924455179739948 -0.0245210899637038 -0.101995865308255
0.144763567482793 0.00703847468768149 -0.175259086955997 -0.0936702934107977
0.124355701783553 -0.0719877558484352 -0.262672000894404 -0.0132321214356067
0.123057641351086 -0.0872067177409283 -0.287271896808853 0.0376311827092393
0.142008253864143 -0.0705319721088653 -0.321164824836789 0.0081237089658337
0.182543147372357 0.0354652745152647 -0.286234039161441 -0.10145779443404
0.130914464120192 0.153281696517718 -0.134624669428469 -0.196295865929762
-0.013136541456822 0.219148510847924 0.023081380503952 -0.0753084322453683
-0.239376118494539 0.0909268715716461 -0.077666314439795 -2.40905941950375E-05
-0.228178370979384 -0.161094081226669 -0.252949601508052 -0.112867465795728
-0.0730230918647573 -0.251870323568735 -0.22937177050891 -0.488028762171029
-0.148136034256464 -0.308161657246218 -0.239627352152772 -0.18807312592368
-0.295839005456545 -0.120096731249832 -0.185313870780913 -0.011347131588652
-0.235349937599342 0.118103114728367 -0.0992466791533664 0.0376578533422387
0.010643770572278 0.253506515114569 0.0274390716929215 0.0371942508675084
0.16513967206579 0.183190040033254 -0.00968679016039505 -0.0669314803755849
0.237227882699931 0.0595795254959145 -0.117093894913179 -0.0779784721430188
0.228243036512776 -0.071893452995381 -0.194371523647665 -0.0373673436882953
0.230999847585303 -0.0987486274082431 -0.21734331774657 0.00257399630049613
0.256145776776626 -0.0723174935566951 -0.241486704713113 -0.0135293701827371
0.306339457006812 0.0954951069117032 -0.217217656906562 -0.085758946207851
0.196777959347071 0.281469506414151 -0.102662465465322 -0.15659612650093
-0.0381311881709066 0.365555108461454 0.0180339633519383 -0.0415484563004432
-0.392471465775098 0.162860470492142 -0.0755834221548313 0.0254427042952537
-0.411528434719046 -0.235749848844803 -0.210738742995484 -0.0827738765473439
-0.188652746910652 -0.411539875043558 -0.174330238666575 -0.378881683817924
-0.208943909599021 -0.388441164299706 -0.193115274399515 -0.0642578073082154
-0.400494154607237 -0.143196172059641 -0.123774139688962 0.0173395761318426
-0.316461271671336 0.162312739031313 -0.105996707992549 0.0376067586632528
-0.00188863122760325 0.341118388435568 0.00637901814342731 0.0557383777004404
0.208667155241608 0.258949187699994 0.00654366231150179 -0.0105320739227259
0.309435070676695 0.102972920255019 -0.0350082131365113 -0.0426086772263754
0.304064578005976 -0.0637890303405008 -0.091824441262617 -0.054368803742591
0.301763511816964 -0.0946531302156082 -0.11400597298779 -0.0331179268640211
0.327941907624915 -0.060855346902117 -0.127730786240736 -0.035556097133153
0.381645625237318 0.142948398498792 -0.115664099593629 -0.0621376828623175
0.235312252394581 0.366808092180338 -0.0517525152653007 -0.0993398198156026
-0.0539148537755154 0.460823065178482 0.0168079099624033 -0.00430906359335189
-0.485324067817124 0.211437759467196 -0.0546540964006883 0.050396281591614
-0.528969298510097 -0.27319552629421 -0.130180833651303 -0.0376040368277719
-0.267883225049765 -0.502283411419259 -0.0875777404436027 -0.22589598180128
-0.250469889786961 -0.41766521346043 -0.111585552109135 0.0921638487451409
-0.465614886053213 -0.138958239873872 -0.021182661937342 0.0500629619526116
-0.360681776679487 0.20344036767514 -0.0965617144909777 0.0284731580644296
-0.00710165056058182 0.393875471624545 -0.0197857112327881 0.0799773004577934
0.231387535342763 0.299530247219252 0.0322822965225879 0.0653904064519996
0.342919762902048 0.128838374167275 0.0694889881136046 0.00557366867515478
0.337104161417425 -0.0500779575050425 0.0331054077519034 -0.065012195385092
0.326028916578084 -0.0776029230895701 0.0062612966803098 -0.0637659889145742
0.343689395975826 -0.0375633862697703 7.98165414459854E-05 -0.0532846759709362
0.389098263641071 0.167717490820092 0.000493724222094066 -0.0350956742546849
0.228038216119622 0.38501770546887 0.0110257600966088 -0.0338844329593916
-0.0647227651989675 0.461839441609179 0.0221179451100689 0.0325270159214342
-0.483033201463598 0.209882684593573 -0.0191853659197942 0.0700320647710388
-0.538059645501692 -0.270291958806566 -0.0290321516107048 0.0107110302310431
-0.293486694355573 -0.505541910741257 0.0140318715549976 -0.0571901045746725
-0.255447132263611 -0.379095963962449 -0.00532751531560936 0.259711514043322
-0.452598374576156 -0.108799509489382 0.105992412994719 0.0811773502771448
-0.339582475791345 0.207878349046474 -0.067446392963743 0.0146989854271761
-0.00865665027821706 0.372512725634855 -0.0412243230432299 0.102536769794894
0.212892292224197 0.28501862728199 0.0656352301174094 0.144118105027078
0.319276465693984 0.130581081163433 0.178156128230297 0.0556845980688096
0.317535678251416 -0.0305726179289103 0.161090245454367 -0.0658986340259866
0.301314133626962 -0.0484959141709399 0.126074257447252 -0.0851090527918086
0.307112056939324 -0.00743038879120085 0.121573859105159 -0.0631157115858124
0.327520815170636 0.168476870455203 0.106919693484722 -0.00893808341511316
0.169171920832816 0.33497562509331 0.0663661724910818 0.0254595862610364
-0.0734962885073189 0.36345166057254 0.0239215933194873 0.0570819358163532
-0.385975722645936 0.146837717356508 0.0172228722401247 0.0774291110395859
-0.437328788627293 -0.23027087800598 0.0627181058140428 0.0488303590345149
-0.262017578029784 -0.420417236109151 0.109628736949928 0.0921535748870474
-0.215278762553822 -0.276357449162288 0.103882207265066 0.407351502986811
-0.351037035211451 -0.0657428410802727 0.224676206557762 0.108834793126456
-0.245261991487997 0.162225788027431 -0.0235084581000139 0.000669970883863181
-0.0134230766101358 0.269039214845839 -0.0554716783943079 0.111186276908665
0.147797798631547 0.216041385852778 0.0927390767728435 0.204622515253471
0.235701362455058 0.1101053479367 0.268172145758877 0.0990298473280293
0.244137936457034 -0.00641996571505839 0.271989816235675 -0.0591104742180149
0.229434929699413 -0.0131868926819112 0.227098909528733 -0.0960058514408198
0.226171028840091 0.0237840769133829 0.217354963691363 -0.0630796337863419
0.216805473823161 0.145711240145267 0.180401084238127 0.0148299745917968
0.0792829926235187 0.235757435363179 0.0968490748811881 0.0684534565286428
-0.080574675459222 0.207768668526699 0.0162436088718533 0.061733388010413
-0.230740332226203 0.0538738839255005 0.0413253313070002 0.0695607590128605
-0.26382213207642 -0.159363666860524 0.120240901967355 0.06646457551531
-0.190085916359814 -0.272578440398617 0.181963824989499 0.197326313998677
-0.135888104823388 -0.126154890880946 0.195042620479821 0.51139453258799
-0.184390777455105 -0.0130500744443612 0.310475471127372 0.130796948740031
-0.105939189400029 0.0851015254956143 0.0275936983625056 -0.0135299199682129
-0.0142534911787908 0.115962615878846 -0.0613471054439025 0.0975543777662652
0.0568272438803197 0.108173580985276 0.0999563693443484 0.233557715900546
0.109960649467056 0.070832903768181 0.315102077542601 0.128889337616272
0.128575636117996 0.0207852597914994 0.343343222928449 -0.0425593489192281
0.123444458788519 0.0270791096168293 0.293220318404404 -0.0938359587249823
0.117798719101964 0.0527844210778274 0.274706451809717 -0.0517525076726557
0.0878111738739707 0.105354715268246 0.215193956254612 0.0369801436703843
-0.00998936316367786 0.11899678449772 0.100960589979209 0.0951352492297711
-0.0775603252216783 0.0515061073794314 0.000251672699018285 0.0497662416158698
-0.0711450418093341 -0.0271179019641176 0.0492483134910436 0.0487886552307586
-0.0833829361096303 -0.0716178003025232 0.142278078612498 0.0664612449344673
-0.0991666455073177 -0.0965472393022144 0.221417465026351 0.248100031439226
-0.00798644878564196 -0.0462242373757774 -0.266960427013925 -0.27927355258421
-0.0646385962231899 -0.0056634068512041 -0.217275430875541 -0.029689451303525
-0.0400120132452471 0.0642528009779633 -0.0612737653226697 0.0173548080374007
0.05802961686206 0.0607461479110855 0.0315763908254528 -0.00899064638427653
0.0651491116400432 -0.00565760189720897 -0.0522427602498616 -0.116461726807335
0.0367332149305456 -0.0465108815495315 -0.216948137903296 -0.0764658315778995
0.00018365443963113 -0.0628870853371236 -0.291488334315342 0.0317157783091512
-0.00766230480343764 -0.0626114874470143 -0.308259077336797 0.0838783757153348
0.000592612357699213 -0.0581075385760615 -0.348238488521371 0.0510851814175815
0.0311436236056544 -0.0298560277729686 -0.319898301876862 -0.0826090919081956
0.0497897982240639 0.00395847268472307 -0.162101243636611 -0.201650146597223
0.0181362402585557 0.0479104655243516 0.0217108576483282 -0.105411171674845
-0.0576835209032048 0.0156930531494202 -0.066572801465661 -0.0205094310749593
-0.0227677989526066 -0.0650205927392522 -0.263197603324777 -0.110739031808313
0.0544508418975806 -0.0589398868911816 -0.272802572826857 -0.522501099552076
-0.0905679310941581 -0.184122653630695 -0.269980309314321 -0.253061421460043
-0.186132691117137 -0.0589893977244336 -0.210105857431769 -0.0199166233096575
-0.136260103193902 0.0955898238550544 -0.0814155764842767 0.0351967691935832
0.0427996579941831 0.156499045268133 0.0388968185622699 0.0144779927978396
0.123113909157117 0.084512535290822 -0.0299645577839423 -0.100453094699257
0.143857674146621 -0.0026272870465752 -0.181700863558178 -0.0833007854492545
0.118039572830414 -0.0804508569912955 -0.263772302228677 0.00250833827074399
0.116168228153989 -0.0948199582087762 -0.284400781698868 0.0539881102299017
0.13547678111333 -0.0799574301594375 -0.319172900799637 0.0302060351186784
0.185360420623134 0.0233946553419119 -0.291969355576942 -0.0816155259516571
0.141411084397304 0.144860853063995 -0.149052864187513 -0.186207865474415
-2.3229922490198E-05 0.218554138905329 0.0187155864480623 -0.0771121254242848
-0.234011768531211 0.104582526290628 -0.0791978056460819 0.0029537969257208
-0.237975484970241 -0.148174897920975 -0.255449842276713 -0.0998547901513649
-0.0868539010218342 -0.250967957127304 -0.254433902788986 -0.474918893661855
-0.166256365372717 -0.301669875719541 -0.247627191157155 -0.175806515464734
-0.302086381137262 -0.101284989352279 -0.183177535805629 -0.000941595686877686
-0.228726839256614 0.130980445407828 -0.0971464858747803 0.0461213545295118
0.0259807332074718 0.250584447499542 0.0312747190350354 0.0337325347392759
0.175990710020469 0.17214017938783 -0.0128230186582672 -0.0659302312850777
0.240697356982234 0.042744924059887 -0.122958662883036 -0.0714480773357825
0.222548330686386 -0.0869711174190383 -0.198645162911481 -0.0248136017250799
0.223321086528963 -0.112270793932379 -0.216558204191092 0.0151248204375315
0.24881958986607 -0.0879470791226184 -0.24184657691789 0.00327984681777731
0.312575630094085 0.0758975375611838 -0.221503599531825 -0.0713627081187179
0.215052495111575 0.268978000282245 -0.115409378554732 -0.148373323641498
-0.0171165812284161 0.367515498698825 0.0157579924919077 -0.0426424005203739
-0.38360728641096 0.185385915650381 -0.0749590030166078 0.0277608717646918
-0.425288581261468 -0.212169933934462 -0.211745345791391 -0.0720556095961377
-0.210177288262971 -0.40498824637216 -0.194319267446102 -0.368199246469351
-0.231653103143601 -0.381151690884702 -0.193341984587556 -0.0551596061367416
-0.408580143042069 -0.117544598977808 -0.119162400807212 0.0236934404406002
-0.307596790865418 0.179589607704974 -0.103635124460121 0.0469256448767989
0.018886570074787 0.33988056532884 0.0113791497627471 0.0540284751576841
0.224235889514757 0.245288901121575 0.00678917272578074 -0.0101621065632919
0.31596178962778 0.0818249358153501 -0.037633335809714 -0.0417075718275047
0.298849367880693 -0.0840061227615846 -0.0984940030517587 -0.0478086180974147
0.294740962897347 -0.113794485235388 -0.116831706725513 -0.0261456049307786
0.32142137075098 -0.0812820960606802 -0.130790716120181 -0.0256648792535407
0.391053090451227 0.118747347511247 -0.117652221063936 -0.0539156263614048
0.258831508243772 0.352714908100521 -0.0611215114205668 -0.0926511906926675
-0.0279312353827622 0.462897339608749 0.0172387873179357 -0.00413747961440156
-0.473758346852168 0.240321018474227 -0.051792535847093 0.0509567180006743
-0.545648604645746 -0.243038756438801 -0.129317597803631 -0.0310086325470164
-0.293592202614952 -0.493885557476376 -0.10008153325747 -0.219592862555116
-0.274048702862423 -0.407653030821164 -0.103584337613021 0.0969246829666633
-0.474242330849924 -0.109260598193123 -0.014747545056771 0.0500416128101586
-0.350027258095276 0.223465173830753 -0.0933327254127033 0.0377831450814971
0.0167379240288155 0.393389619488732 -0.0135427537756688 0.0793723322500369
0.250303605939633 0.285494341480119 0.0378730781343435 0.0646962957491259
0.351649233771762 0.104405260722831 0.0700619294854267 -0.000995351815348121
0.332963169425055 -0.0706423803475355 0.024826141534668 -0.0659118138831067
0.32060152430412 -0.0975360557511566 0.00185668029279686 -0.0641216877952045
0.339331007627581 -0.0585934973072497 -0.00345138918578264 -0.0514674966395527
0.401163011462124 0.143273655890257 -1.20829068605136E-05 -0.0343430553310655
0.252292623190829 0.37229349729538 0.0057020626866936 -0.0303752050239311
-0.0378436747854477 0.465136876713365 0.0241973425582875 0.0338938843808597
-0.472773266651034 0.238588480015072 -0.013421225491269 0.068263994087281
-0.556707271588021 -0.239025129300608 -0.0259887259931001 0.0122959035571898
-0.318142513376012 -0.495111044259781 0.0100382442702524 -0.0565681956732204
-0.277704481557304 -0.368403817449148 0.0114707401070412 0.259235975954486
-0.460016411678726 -0.0814865241026619 0.113808308083359 0.0739145322713157
-0.329386897062574 0.226376152575523 -0.0651754458236351 0.0226332203237939
0.0129221327078089 0.372577227777601 -0.0340826257264516 0.10398763426404
0.231036730162948 0.272374554515517 0.07612897086781 0.141317744654421
0.32860984814968 0.108590586123739 0.182686129223056 0.0418883554665043
0.314511504814704 -0.0505674036828788 0.153865928093721 -0.0754894309092116
0.297708516479232 -0.0679327079151472 0.119974574777711 -0.0926976035246119
0.304318240459713 -0.0267709058596885 0.117245891516788 -0.0690918613512839
0.33943006958497 0.147185609340964 0.107957471970528 -0.0156786580123102
0.190432029905578 0.324921239809345 0.0657038946128738 0.0247008279169445
-0.0524243426260364 0.366331382902834 0.0271264475210564 0.0584612012068286
-0.378462219493608 0.168996218799627 0.0239829588159374 0.0743981222971759
-0.451223729219125 -0.20251182900094 0.0664777732476634 0.0442374141183468
-0.28158371870979 -0.410258012885504 0.113174468627989 0.0873558896379415
-0.230434002141499 -0.267389169849677 0.12852463449628 0.40218556569571
-0.355340247342137 -0.0456127483045728 0.23257649594261 0.0954184912945243
-0.238275940965002 0.17572811899581 -0.0220565848562153 0.00548790261280294
0.00158879665263305 0.270793875293079 -0.047692847558165 0.114325883307021
0.161439204060368 0.20669176506759 0.106960609548221 0.20009407194513
0.243824414923288 0.0931007353621344 0.275675624179243 0.079470691061294
0.243250627799355 -0.0213890881153687 0.26561146599915 -0.075793351071933
0.228603785223036 -0.0271202336481941 0.219841311388502 -0.109410444088864
0.227250177249463 0.0104334722032097 0.212480059964712 -0.0757308921223241
0.226736683718431 0.130723075279754 0.181913368083438 0.00359713204718724
0.0944739057015107 0.230973472518946 0.0995890626021679 0.0650796743509682
-0.0688142137744131 0.211197187273115 0.0185876535014674 0.0635244242092723
-0.22859481052049 0.0661921565863557 0.0476824596257831 0.0652679823807227
-0.273962310610234 -0.14349283387307 0.12391281169805 0.0584689346249356
-0.200990582687039 -0.264860428393188 0.190333228077074 0.186777448311618
-0.142422760594537 -0.120287582633105 0.223724131236071 0.502142582677335
-0.185530224164996 -0.00277439941801121 0.317779095819645 0.113642676585001
-0.102648584947779 0.0903936816793612 0.029125191281241 -0.0127089388791409
-0.00790653441422783 0.117985162190694 -0.0548434157884662 0.102449577960934
0.0632563885067051 0.104870178030067 0.115848222789516 0.228126830233576
0.115255129542484 0.0629628303294152 0.325373027823964 0.107484973550372
0.130058142413776 0.0136078751574101 0.339111167474087 -0.0636777461313205
0.126095348821227 0.0190520418484765 0.285396205804664 -0.110173084650737
0.120841214679646 0.0449800999352137 0.270566499268336 -0.0685593603981522
0.094916948235461 0.099097615813035 0.217721430649427 0.0228246124154495
-0.00236785176557448 0.120722701706065 0.105520920611213 0.0900122102269592
-0.074649628452483 0.0559715439457973 0.00150474281648443 0.0518167053260774
-0.0741033488754049 -0.023978762309573 0.0546343578142067 0.043941885560196
-0.087604041702671 -0.0663130795540105 0.144836857107602 0.0563364556793594
-0.102317176977706 -0.0919584112470231 0.232654622815007 0.235007442458243
-0.0109306396961187 -0.04415882458552 -0.272035530951387 -0.265303195029974
-0.0630857465869296 -0.00204988301424645 -0.213106939483267 -0.0189794526981271
-0.0358480309052857 0.0649127721750258 -0.0606886072587927 0.0206447140078374
0.0596058211705147 0.0559582947611822 0.0318729718232232 -0.0110735210483949
0.0634568303273221 -0.00851108688556478 -0.0555515991462247 -0.112024669266672
0.0328386261416947 -0.0467174852579742 -0.216881667744988 -0.0647061620965911
-0.00385922933165791 -0.0616515333723285 -0.283249736431333 0.0442803412179114
-0.0123325891886299 -0.0604614839047842 -0.298211254239236 0.0957810670627555
-0.00339327596428893 -0.0565383058119024 -0.339108963483546 0.0670716641267325
0.0291125120504046 -0.031111300038487 -0.317944409619995 -0.064750868405387
0.0496053766140842 0.000133853928224013 -0.170155375083038 -0.18926908182892
0.0205826709329438 0.0455136850768822 0.0165051982182546 -0.105846877345161
-0.055921978426398 0.0182249619982116 -0.0684500065907439 -0.0183410190200889
-0.0250804703113192 -0.0620936380000144 -0.259654274318801 -0.0996952355672597
0.050335057867967 -0.0598643815787068 -0.284663452839986 -0.50158949324244
-0.0981166138024866 -0.177578457314044 -0.273321947211411 -0.23931418408786
-0.18434827556028 -0.0491928693300596 -0.205072915825716 -0.0108992572462079
-0.129882853914374 0.0991433054046519 -0.0784331561253569 0.0398767914246767
0.0489306819043901 0.149568910219503 0.0401156027589606 0.0110559857151341
0.124602991794 0.0766576531878774 -0.032884291957753 -0.0971937717528167
0.140192602036519 -0.00984536485354384 -0.182300879939115 -0.0725424780138651
0.110130515299397 -0.0840405830392594 -0.259592023602431 0.0155032031665675
0.107697020805222 -0.0981086021512278 -0.276114827436553 0.0651769968041586
0.127488432786388 -0.0838965939302768 -0.3116105400506 0.0451412923669006
0.182789687916419 0.0138266406433767 -0.289960391586138 -0.0653309453636191
0.145560609520478 0.135144919500075 -0.156817036193724 -0.174171703443797
0.00981929441393529 0.21380758974007 0.0154363719090392 -0.0777357556815047
-0.225453218660697 0.112869923553701 -0.0787446179557179 0.00427009880736604
-0.239672533769193 -0.135423721103379 -0.25143711649774 -0.0892520974077603
-0.0944671958161632 -0.245636925494945 -0.266807269780721 -0.455165870994434
-0.177771782545626 -0.290871707696442 -0.247962346539653 -0.165385870586826
-0.299721061104184 -0.0849327887675511 -0.17658188232196 0.00585011453000934
-0.219081045304988 0.137217133480528 -0.0933113545348033 0.0523674093678638
0.0361465363791388 0.242471484105657 0.0335638200014982 0.0293147806410249
0.180527992832927 0.160119710337278 -0.0150718041029613 -0.0640407083384141
0.237643473581607 0.0296499779359246 -0.12422035163791 -0.0644669331068428
0.211800954429336 -0.0958516431279802 -0.19772438063764 -0.0138331634375719
0.211975684597845 -0.120684604464194 -0.2124263044201 0.0241421856461381
0.237993668043644 -0.0969470244569004 -0.236859946371135 0.0151573835242307
0.31070941448272 0.0595806468165779 -0.219555717278287 -0.0584546992028287
0.224530822039778 0.254850646693629 -0.121936082116243 -0.136902316038911
-0.00184734427856606 0.36024226373121 0.014249363186873 -0.0425273055591049
-0.370831115392677 0.198433510487772 -0.0723570241791277 0.0284611564235339
-0.427936913147212 -0.19156767596675 -0.206483138864106 -0.0630334287865264
-0.222128218916486 -0.395828222422634 -0.202843053441836 -0.351919457485924
-0.24538493362602 -0.366979086085564 -0.189042020395017 -0.0487947612776444
-0.404986119201396 -0.097617443606826 -0.113006645533358 0.0270659028077343
-0.296182895062858 0.188283785286024 -0.0980501521428536 0.054250431014423
0.0321643420902863 0.330728957086164 0.0144962925655626 0.0499436916036543
0.230544661231243 0.229771262232413 0.00730845598431478 -0.0084676877013394
0.313957462878195 0.0629644999154432 -0.039255095555028 -0.0401466516598053
0.286522649777025 -0.0963163917017857 -0.101683931307455 -0.0410101969334903
0.282568940784741 -0.124571416042123 -0.116447456042887 -0.0207441368628241
0.308450311385899 -0.0932416100266197 -0.128590999960921 -0.0173677065989843
0.389608727614032 0.0971161593025924 -0.116415148158351 -0.0464219669800355
0.270596657806437 0.335078196096914 -0.066318107678341 -0.0841313681862747
-0.00779021119223893 0.454986263014517 0.0174372649412021 -0.00362579882636695
-0.458165386312616 0.255168040296306 -0.0475013732342921 0.0497030266522532
-0.547227175906894 -0.216764581715803 -0.125203148763808 -0.0263133394757784
-0.3062433176335 -0.479873326848517 -0.105514983388815 -0.210015765840646
-0.288336409393687 -0.392715247532756 -0.0949788304203694 0.0978255647699385
-0.469830047335345 -0.0871319902024893 -0.00979836669155736 0.0477507782079794
-0.337129304110088 0.232166982435037 -0.0887026613162739 0.0449968502410564
0.032310209471411 0.383973204504545 -0.00848617230221693 0.0763298744885045
0.258201767855489 0.268453021575017 0.0412765420549991 0.0630475671732132
0.350013716776055 0.0843985444909542 0.0694034786701943 -0.00615533725755512
0.322210075250765 -0.0855729200331381 0.0186697817906166 -0.0641372800424202
0.309064713308706 -0.111036772043031 -0.00210424257542797 -0.0623425167417518
0.328341599884627 -0.0726445225211266 -0.00536876068898471 -0.0481521196186161
0.400687298638553 0.121533471273388 0.000614902621607624 -0.0330947374351323
0.265366970546802 0.354693127390993 0.00268262810619761 -0.0262570090747301
-0.0179093991464264 0.456646318216191 0.0256591744106114 0.0338598472578235
-0.456673068376871 0.252961251457019 -0.00869122602788792 0.0649308277010178
-0.556878712805199 -0.211933603739496 -0.022166744377685 0.0116721212036795
-0.329630157031269 -0.479795808026836 0.00731455292320978 -0.05413409143508
-0.287862336431967 -0.353303076724758 0.0238314750555911 0.252741050740367
-0.454985897339424 -0.0616671230434736 0.116478125685571 0.0661399852589291
-0.316483708874442 0.233681421067664 -0.0604823259701642 0.0289477861248821
0.028583893483531 0.365537019216346 -0.0281604360327727 0.101463934336846
0.238645342112753 0.256755154722112 0.0824482068525178 0.136809291082765
0.328230311452328 0.0891837808142239 0.182400523348946 0.0308281246527471
0.30497866956858 -0.0648714403146187 0.144065467251351 -0.0797511060361069
0.288120808946931 -0.0802961855271448 0.112513601428893 -0.0951257656208329
0.29557713320641 -0.038754449898816 0.112265610910717 -0.0724898368973534
0.340650364626147 0.12739566533463 0.10629314887033 -0.0196087031756826
0.202712808630377 0.311150458253331 0.0642063533032196 0.0248508073915679
-0.0367040287275309 0.360288764266312 0.0294182030334337 0.0585312424741754
-0.365636489049999 0.181132810306194 0.0291827796918825 0.0686147017849825
-0.450631487426786 -0.180809752804448 0.0688886133279221 0.0395829324930716
-0.291606666294532 -0.396287598781147 0.113332539765364 0.0825429306573073
-0.236836688378798 -0.256521050974459 0.143252616789032 0.388843131818566
-0.350777089790033 -0.0313649475590396 0.232658474676574 0.0829876580083175
-0.229982090236785 0.18072571709257 -0.0187953828663477 0.00997521327409183
0.0124198673623703 0.266626144167269 -0.0406090438853974 0.113966896393784
0.167728916741518 0.195968792800274 0.115517420176774 0.193060018454827
0.244929415348154 0.0786476922161106 0.275264315814716 0.063265401173395
0.236685002508485 -0.0322214776371506 0.25382793983884 -0.0857878255570012
0.223324953447326 -0.0373343102509041 0.208700524601235 -0.116280259160466
0.2220511249305 0.000132616846720828 0.204981499106259 -0.0835621147969643
0.22909588269664 0.117038580861464 0.179748265578679 -0.00509339662714718
0.103682624271851 0.223202806663095 0.0999544544058876 0.0619932911195958
-0.059738559575798 0.209103244053162 0.0209520223383968 0.0638443434519929
-0.222725100803891 0.0736545707592259 0.0521350417725453 0.0589036804594417
-0.274546408802201 -0.129007386235198 0.124066318523078 0.0508101474092875
-0.206076953767099 -0.254777758545347 0.191887999498357 0.176839328892831
-0.143106060347275 -0.114564631136553 0.23824984039419 0.484953053386247
-0.182724329396239 0.00407381774245819 0.315937035328307 0.0988876907635715
-0.0991085919608112 0.0919895069826894 0.0300590893029804 -0.0113696567572821
-0.00334654546098406 0.117003288774803 -0.0481971106506077 0.103873585238024
0.0663875410286845 0.0998597795899603 0.126088719767791 0.220140096263053
0.116723065166179 0.055120855577756 0.326716752768946 0.0883053661089124
0.128479034632951 0.00731831625155732 0.327267088434735 -0.0781745574940286
0.125291730684063 0.013223955725251 0.274608607584196 -0.119608521429268
0.120902229871521 0.0389310583082163 0.260929635010053 -0.0794373703085508
0.0984805126960958 0.0923351146154396 0.213983117603079 0.0121189963425376
0.00315759567390681 0.118925304738318 0.106975375871329 0.0848482970302512
-0.0718801502153968 0.0583233821744495 0.00241764564940784 0.0524918632767506
-0.0743705500896693 -0.0207620629295077 0.0574853226008262 0.0384002326629855
-0.0885058083894806 -0.0606477563492515 0.143850721561215 0.0473479295575543
-0.101918508101175 -0.0876507344176103 0.234846840705302 0.220898783082977
0.00818789212728022 -0.0448468982393036 -0.140179437430067 -0.348767733525733
-0.0537160243593985 -0.0274298339322059 -0.184604806630748 -0.0996885826210263
-0.0590482950182062 0.0433145951716384 -0.060193429022323 -0.00250327059775875
0.0287877877052614 0.0726348719793997 0.0392821305015694 1.70739314729725E-05
0.0601008400476371 0.0200329581579526 -0.00269952966201528 -0.127811331744944
0.0483852705152919 -0.0279941008687896 -0.170032109325108 -0.147440339232158
0.0193712570603793 -0.0563906739917403 -0.273492925441504 -0.0745732490555691
0.0111366448493892 -0.0592573060171181 -0.305125478241236 -0.0339538710862078
0.0167660392206957 -0.0510504936399123 -0.330195428060957 -0.0735565823474194
0.0367710987366464 -0.0152369854239804 -0.26131361583223 -0.183767192486445
0.0421739925457536 0.0188017400441029 -0.0778182060887011 -0.236892502468762
0.00153057689317337 0.0482235212433295 0.0568016812041609 -0.0903032037004049
-0.05860538719916 -0.00242664368952485 -0.0562869451978547 -0.0462028268511502
-0.00467525420717433 -0.06351730061259 -0.189398726997906 -0.194489750638324
0.0614717766489039 -0.0437003970606736 -0.0499739788649909 -0.563900044324829
-0.0119476133449861 -0.20653715818117 -0.164136471658396 -0.313991832291749
-0.140784454164174 -0.120832982365075 -0.183467049145789 -0.0830552045400631
-0.157263551355414 0.0335340339049891 -0.082261492367358 0.01462251678779
-0.0193161889689172 0.15042549265188 0.0438136400241473 0.0245582071399818
0.0789174432051083 0.120505456178548 0.0169337971263797 -0.106254099349181
0.128888257211361 0.0474303528023614 -0.131569300432955 -0.143783962840469
0.129518096386797 -0.0316081026047661 -0.239883189476817 -0.0924489128657376
0.133988559004103 -0.046053271524808 -0.273724634046529 -0.0520824654579336
0.144154377228629 -0.0246398947850839 -0.29524280682442 -0.0798638262138374
0.159172153866859 0.0839992536260646 -0.234998961127439 -0.170669713072814
0.0788130468377403 0.177862317460459 -0.0718688852095837 -0.215412337995659
-0.074198743313038 0.195826038854819 0.0427299612814042 -0.062998740266161
-0.251654544379318 0.021246098445383 -0.0764838036616034 -0.0328011655681841
-0.172861781110176 -0.209888195542716 -0.185265502117338 -0.192405120069292
-0.00213526774493065 -0.268825033653844 -0.0391435314801147 -0.516002871054444
-0.0335451125836987 -0.34708071222973 -0.181073368496917 -0.226629056335289
-0.22775865988757 -0.20257372743584 -0.166439155663888 -0.0511039804486977
-0.254291407938805 0.0298444173876644 -0.0990737650486984 0.027259571139531
-0.0694073151817178 0.226533724512729 0.0354920731787199 0.0412189991469562
0.0938377511904999 0.216782391702105 0.0241450983079319 -0.0697459545777875
0.198651800569931 0.120988873886297 -0.0784081986903142 -0.115122137380651
0.224230832490039 -0.000942208553153703 -0.172711151315208 -0.0941865133749558
0.237193162908234 -0.0258848857574295 -0.201037687797425 -0.0637171541593513
0.249287916164488 0.00615950003960112 -0.216621948541176 -0.0741071993140002
0.257300327303852 0.172628575479826 -0.173651614741698 -0.133787731911445
0.105759290594209 0.316442585563145 -0.0556593328266276 -0.167060304649717
-0.140070602065157 0.322969760423637 0.0259959175801141 -0.0297161201848668
-0.418007738009358 0.0462528761978918 -0.0821996317596183 -0.0115227226580855
-0.323060184221172 -0.329897954858954 -0.154602338437724 -0.160614026724231
-0.0638737165642283 -0.455164762029835 -0.0158634673190723 -0.402487972477792
-0.0611820407988405 -0.449386527847009 -0.183020478451727 -0.0884526967328622
-0.316296060962134 -0.259089587188591 -0.118029807170495 -0.00106277287367358
-0.345777245023931 0.0430629291544847 -0.100833785332224 0.0330296913585835
-0.109689186523178 0.30244084978597 0.0152913978316915 0.0545652621455064
0.109090660444634 0.299120138286758 0.0257204233895453 -0.0124209238741879
0.252446847151823 0.181570083946724 -0.0083927333596548 -0.0612179674817587
0.290744912069213 0.0287524164501056 -0.0743371591865055 -0.0813504970264864
0.303547028318246 -0.00134458892764874 -0.097380840134607 -0.0653233940764022
0.311311011152479 0.0358179892016307 -0.105747810650911 -0.0599826220364085
0.314917873899087 0.236426806262443 -0.085756537405076 -0.0803083839687456
0.118861502620717 0.407294981689128 -0.0276384724686855 -0.0954249602414927
-0.182946996636294 0.406179305523372 0.0113457777103735 0.00875305107593507
-0.518993543333576 0.0655303735331211 -0.069684408955901 0.0165225728325558
-0.420859653681429 -0.398037841595324 -0.0952781338837119 -0.101281629649899
-0.107941556222504 -0.561502573615635 0.0182166417337877 -0.236729834387858
-0.0878342400410806 -0.490967679121713 -0.160052810905187 0.0879927210948506
-0.378358573554384 -0.278801677691414 -0.0332777233662542 0.0631792713336123
-0.401693414486082 0.0649153430596437 -0.0850116136066724 0.0328801716446069
-0.132862846362299 0.35059982593721 -0.0135308424483855 0.0704465643952014
0.116950568627404 0.344352197083504 0.0296200598899804 0.0664103820808404
0.277172813396607 0.214461123909442 0.0768571072263239 0.0125262290343247
0.31815696633843 0.0521037352685856 0.043578755856459 -0.0542423948589767
0.322653190101446 0.0217626543317538 0.0216539273956866 -0.0569802706681604
0.321473407276099 0.0625212563182644 0.0163965138737256 -0.0389176648080632
0.315560990303306 0.261291214344099 0.0145764447088065 -0.0213527537052598
0.106977245148148 0.422685201593039 0.0108680374344751 -0.0153732054227426
-0.192410985939769 0.40400678186971 0.00310354667175044 0.0461672275696442
-0.516365597762139 0.0629545020753917 -0.0400661623514969 0.0457634416779701
-0.428898853099111 -0.395844120515451 -0.0190633375128405 -0.0272516221703379
-0.127736132203897 -0.566254663539498 0.0572225666841456 -0.0518508231312431
-0.103947939495801 -0.456183642177506 -0.112906175422003 0.276349841004716
-0.376863101176415 -0.25013352588949 0.0739434521608543 0.130287334123397
-0.385443265198123 0.0755344677323176 -0.0526399659430705 0.028432423069396
-0.129609280802223 0.333745296931119 -0.0432168199622695 0.0863309442615608
0.104668240102767 0.325770310880758 0.0366018334321832 0.150225699390735
0.255394097935679 0.210079250095234 0.16436092345612 0.0913911346362017
0.295598826170836 0.0645679516076841 0.163334429577504 -0.0179804081812096
0.291979672664117 0.0407206756524003 0.137581621400317 -0.041024189878702
0.280835064077422 0.0792357669338374 0.130610581802504 -0.0139463135185982
0.260014452184236 0.242882050320459 0.104389359929357 0.0316942844516534
0.0676130900370068 0.359067630535611 0.0450924910876394 0.0536893575385597
-0.171765963802977 0.31011026683605 -0.00333489550765497 0.069329450779059
-0.40551212175711 0.0302429261804164 -0.00551161924854804 0.0653534835807076
-0.342004440182473 -0.330612486148513 0.0512007551075611 0.0384775913257764
-0.11934718351682 -0.474386224015501 0.0917277731798438 0.114193667822146
-0.100378015682906 -0.34305321905799 -0.0520415258163501 0.441719158495467
-0.297630933382688 -0.178665315941793 0.174057549592528 0.188540684887273
-0.284090591740574 0.0634555664545417 -0.00937911302591641 0.0212752423236727
-0.102149887829357 0.239817032184642 -0.0656834540064878 0.0919386712186662
0.0664494190780914 0.241310959212341 0.0393835797662347 0.217379782074823
0.185092393902473 0.167378307341011 0.232931250065825 0.159962230148205
0.222641980416511 0.0665943715225833 0.264573480022041 0.0221145037439788
0.217154461327209 0.0538077731919207 0.23284535996696 -0.0206066817500358
0.2002451870275 0.0854006470449902 0.216620548193896 0.0102875190357168
0.163241889008676 0.190013301936581 0.163426030580513 0.0715706249620948
0.0114410019331628 0.241485348480186 0.0623489844900292 0.0990545685531175
-0.133986556126296 0.165381477419495 -0.011111664643287 0.0686916966258612
-0.232610613555154 -0.0154993048550775 0.0223529012172487 0.0677124657046823
-0.199593513629141 -0.217843263767545 0.0946669269946461 0.0785375778440809
-0.0907879263309492 -0.310726498803622 0.115443862241029 0.232588508339028
-0.0780297497324071 -0.170123872952049 0.0076156260955789 0.553665374978285
-0.163158331667019 -0.0759335992216992 0.243615108301067 0.22766625458842
-0.12886755819501 0.0389467576440133 0.0383735051637298 0.012545115265019
-0.0525291985436056 0.102143803540321 -0.0779533605892829 0.0788427634765302
0.0164933459157825 0.114677442279751 0.0316449730977316 0.248849582504002
0.08023487605059 0.0953402963516252 0.263987531110918 0.206462027429411
0.110878672462215 0.0584742320140118 0.327719643702641 0.0589139936091888
0.109619337839185 0.0614336055868447 0.293097295520906 0.00222103572994181
0.095276826519812 0.0806648570254958 0.264442124418711 0.0344419478253168
0.0546354723421751 0.118334468401762 0.186739448636045 0.0976025225824441
-0.0403906196792281 0.109164435368906 0.0602722539044635 0.119557521878217
-0.0876196233907012 0.0251931434871874 -0.0214933285039073 0.0494403004142269
-0.0608314968395099 -0.0481976309998841 0.0384431296296251 0.0537915956528871
-0.0554806326597981 -0.0888109434170739 0.112238006388699 0.0924275609347999
-0.0557277852901317 -0.116004364205473 0.126576740874248 0.290254783208881
0.00638576798675785 -0.0441184578829185 -0.145362854447953 -0.348037128456216
-0.0539481359771875 -0.0253284996670791 -0.185407200484333 -0.0951724560089907
-0.0574698184984778 0.0441915914759667 -0.0611305526771776 0.00012298071419187
0.0309001686124865 0.071560591430775 0.0403208928269857 -0.00106248759991138
0.0608106216398498 0.0180148830725697 -0.00459730693045087 -0.128280415134155
0.0480343128202258 -0.0292419863455695 -0.173910758208719 -0.142746114732525
0.0173975632303375 -0.0570556963352903 -0.273816761717378 -0.0681568853284975
0.00814918011497832 -0.0587710384811796 -0.304727930873686 -0.028271254067538
0.0137292145827717 -0.051567771227419 -0.330243447222713 -0.0646765301255406
0.0367896652106884 -0.0160967135760735 -0.266291951615662 -0.17708095932403
0.0429027551112997 0.0168703642101832 -0.084571201955857 -0.234918572746691
0.00354876262619326 0.0474861808258217 0.0555634346674781 -0.0932272619594023
-0.0582998660814361 -0.000632585340922036 -0.05813073700682 -0.0464154230262203
-0.00564712931252393 -0.063000284507313 -0.189805439209048 -0.191845223854372
0.0601808365593176 -0.0458977345286769 -0.0560984279116571 -0.563696306719812
-0.0172657025628329 -0.20620116021095 -0.166724671791608 -0.313765946724468
-0.142522230093169 -0.116453610539408 -0.182776671913131 -0.079610226849292
-0.156585580711542 0.0366121025673522 -0.0832288022584505 0.0181059146506817
-0.0156016073788149 0.148800331582113 0.0450206001420169 0.0229374196625328
0.0819096324287488 0.117552766140768 0.0149952065763612 -0.106239768100298
0.129575856652381 0.0433700747831902 -0.13493917321738 -0.139302794711762
0.127056060254989 -0.0343148228342374 -0.241823327511928 -0.0851682047424449
0.13126949056952 -0.0489770808718464 -0.274609695504136 -0.0471367965695855
0.141215848033091 -0.0274742953583172 -0.295598992420306 -0.0711046937616372
0.16122436514343 0.0797946254085918 -0.238446294392491 -0.163829541980519
0.0836825020714581 0.175352042161073 -0.0782887331093667 -0.212659678509515
-0.068852838798659 0.196522319038935 0.0425005010489123 -0.0652527224801195
-0.251408044794828 0.0258630302667369 -0.0772053147262068 -0.0326937767252285
-0.177249580028257 -0.207289705385251 -0.184531194873504 -0.189195215150134
-0.00777794207451069 -0.272326314631552 -0.0460658982268213 -0.516180587435436
-0.0419870027583443 -0.347273208781854 -0.181632548314576 -0.225515092984082
-0.230399116087564 -0.196993615845696 -0.164254644788685 -0.0489933162785853
-0.254174054201998 0.0336104124660823 -0.0981768774987148 0.031669431525034
-0.064414280746037 0.225716616228115 0.0368039310382706 0.038761846194206
0.0986629708596447 0.21387314215626 0.0233061476615263 -0.068746925543372
0.200899945843329 0.114977908267231 -0.0813471198886074 -0.112607461986067
0.222012496562507 -0.00649311874408648 -0.175469258941298 -0.0892165568229789
0.235221544100962 -0.0313089008663101 -0.20219338936574 -0.0596727218530713
0.246258708110157 0.000837726076975244 -0.217435960790701 -0.0684505347183749
0.261774531101555 0.166520874477939 -0.176564321223875 -0.129284021274815
0.113031782284481 0.314374051988547 -0.0622348455009334 -0.163040771271997
-0.133846013573147 0.324911004201204 0.0266911877337733 -0.030528655524414
-0.417557062057066 0.0532479748237424 -0.0816416020968332 -0.0117737693131444
-0.32903503355977 -0.324394064549726 -0.153159049727173 -0.158240143090537
-0.0708821559881417 -0.458219431505139 -0.0203719612610972 -0.401791274498166
-0.0711821944949672 -0.449869104641775 -0.181051574698513 -0.0873722994263249
-0.320380466332286 -0.251752736687864 -0.115336863662594 0.000117321692386643
-0.346734718391813 0.0485941439825099 -0.0993489402010782 0.0385590498114775
-0.103459941337939 0.303072401898313 0.0173083455764885 0.0511306969712828
0.116962615550589 0.296159865895076 0.0267909229633932 -0.0109875962492484
0.256888633565724 0.173548943602304 -0.00942923044790249 -0.0606700695989602
0.289932734475055 0.0222594986711805 -0.0781617482265231 -0.0771962154482015
0.300841473765234 -0.00927282470562711 -0.0989521373336306 -0.0635660381539511
0.309144921119735 0.0302222266344537 -0.106710306143538 -0.0570806896463288
0.321243702050699 0.228889663293113 -0.0863304630853369 -0.0776569235806705
0.128588332842702 0.405663685160194 -0.0323792440265252 -0.0916366892191675
-0.174812557211721 0.408373303655441 0.0121577725188592 0.00932174878429582
-0.519527649199876 0.0750512660506156 -0.06720967301915 0.014747512894306
-0.428263774743045 -0.392384692991921 -0.0937196330290478 -0.0999121210230039
-0.115236190731779 -0.566185261121852 0.0151731931615935 -0.235398605314465
-0.0975048003587723 -0.493478453049793 -0.155262609503659 0.0887937942648678
-0.384186129849703 -0.271067068057263 -0.0295352055651683 0.0620758410677321
-0.403672276653602 0.0712221860090556 -0.0831081174777037 0.0389450158611158
-0.125846395775712 0.351672941455717 -0.0111285188727589 0.0685594812677927
0.125864008730481 0.340914545511203 0.032586032828039 0.0677248248827469
0.282058117130389 0.205752535182664 0.0779205325654192 0.00960939075082974
0.317355202700636 0.0452948853374181 0.039507704506976 -0.0534618831856718
0.321446566982214 0.0136318117731731 0.0198931211195982 -0.0570747557992557
0.319812485343878 0.0563857582407815 0.0162091799460999 -0.0383381148682704
0.322689774991658 0.253461909019286 0.0150814881141359 -0.0213216434147436
0.118398856919023 0.421617431668369 0.00807035991241122 -0.0121812623048339
-0.185092038080024 0.406463810771753 0.00469806544937429 0.0481966013453565
-0.517028929721905 0.0728982547530572 -0.0364971078831288 0.0432664879257478
-0.438961219307524 -0.390338700255121 -0.0164082110726837 -0.02776560246324
-0.134463114600658 -0.571689123702404 0.0565662438332973 -0.0512637495206106
-0.112224421776716 -0.457751159117286 -0.105442179662547 0.277160464352385
-0.381032589314159 -0.243513955878668 0.0780383265384819 0.127712255429865
-0.386380686985031 0.0814397145050053 -0.0505202011471595 0.0337741302125973
-0.123574136122539 0.334788240989026 -0.0404171387583562 0.0855462447987793
0.111339710486236 0.32356229989584 0.0407907102819705 0.152457421152484
0.260290590967598 0.202106032734256 0.167494871118703 0.086210110972623
0.295418797069326 0.0574606519174701 0.159890771376107 -0.0199101251083305
0.292255983818706 0.0337065944545782 0.135547239313102 -0.0439454863283093
0.280296857217964 0.074445026892689 0.130047974866894 -0.0159809412666029
0.266382380299807 0.2356585788045 0.105603386782179 0.0292464101719794
0.0768432703476109 0.35763347588532 0.0442485929483222 0.0562949065001038
-0.166029460543148 0.312182406510093 -0.00159503491428393 0.0715413575799214
-0.405174912105565 0.0380102347716216 -0.000834406759563249 0.0626868467370316
-0.349384014136411 -0.323846466394547 0.0535284033764002 0.0361589413189196
-0.124590568800666 -0.477248965940517 0.0926873182938962 0.11439553243373
-0.105705776213569 -0.344051043829298 -0.0427328973541449 0.441976607874521
-0.300275116203547 -0.173987201550469 0.177267577341254 0.183693909016403
-0.285594484728022 0.0674754683920932 -0.00722333716401022 0.0258331804928035
-0.0976648256275379 0.241457308734481 -0.0632762417790378 0.0927085726715873
0.071201279710132 0.240948285339671 0.0460716342003797 0.218082468045508
0.18911441278448 0.161094948325488 0.237777120740046 0.153020100197296
0.223460004464779 0.0609926941800233 0.262875969341235 0.0157352057959439
0.217907811033691 0.048359562501247 0.230426762808025 -0.0250411044871735
0.20074637894613 0.0818427316360984 0.216578523006838 0.00580471820455139
0.16825867220598 0.185589742038205 0.165229492565246 0.0672430388078014
0.0174708937853648 0.241866918114229 0.0629033932369439 0.0995500877935141
-0.13154415377289 0.166594033143873 -0.00999629011235022 0.0711255160725159
-0.233446552597516 -0.0118378885562268 0.0268959244550846 0.0647327371476148
-0.203219162403683 -0.213868641660579 0.0969798588694733 0.0755955811107714
-0.0935583184731346 -0.311655275941205 0.117750313587507 0.23103391733898
-0.0791460726221399 -0.170683104626166 0.0159644241469084 0.554999802413405
-0.164164890305818 -0.073681763577023 0.245755213873479 0.223707442505112
-0.130003179915873 0.0401401439953109 0.0404664557617362 0.01499308613529
-0.0514518626503948 0.103347893100075 -0.0761475969989542 0.0804175171242999
0.0186766433118731 0.114526810563208 0.0385669639698804 0.250233303341275
0.0824620490594625 0.0930316770503962 0.270630701679058 0.198390510758477
0.112049953716112 0.0561849888989608 0.326927179743339 0.051320395274449
0.111187853544892 0.0584037394028811 0.291316069627254 -0.00376676961449666
0.0973158626861555 0.0788211387404712 0.264380417305232 0.0280494279472895
0.0579422643481693 0.116930279625528 0.187994615677426 0.0931968736772815
-0.0378160200210351 0.110820708206818 0.0617992920366377 0.119042231141135
-0.0876931544640296 0.0267221823714494 -0.0208945868109032 0.0515463580229815
-0.0618880933608028 -0.0474919782792119 0.0421620578551439 0.0509252882752955
-0.0562459623684313 -0.0869608202529842 0.112760510057711 0.088285833309432
-0.0552293648596546 -0.115031647419968 0.128673225364557 0.288245199704117
0.00394124394408905 -0.0434114073261122 -0.156052382802621 -0.348256111451567
-0.0544418401392108 -0.022927368303344 -0.189319974399079 -0.0887982805781842
-0.0565223480304384 0.0465163212690913 -0.062706873265727 0.00317077578950044
0.0340996301447121 0.0699719702324327 0.0419976502872067 -0.00216849890014479
0.0622531695474266 0.0155066651331211 -0.00857013000269 -0.129287214458247
0.047005311833286 -0.0316467138944367 -0.179622667691502 -0.136426723073216
0.0145508372046084 -0.0582876996547075 -0.27734104749606 -0.0589235775074859
0.00540866907038547 -0.0593696437581517 -0.3080978669796 -0.0186178514022691
0.0109283307091415 -0.0514780652130475 -0.334033154862322 -0.0525916918751318
0.0367067805233375 -0.0172233105996596 -0.274589179496563 -0.167303715319544
0.0444483942507549 0.0144986585295844 -0.0950837242066394 -0.233802130489236
0.00585221887995327 0.0468537610951047 0.0523449480613031 -0.0977868398653726
-0.0582917109058759 0.00214841669456788 -0.0617585141691704 -0.0457243223721661
-0.00790731456657136 -0.0628188976406911 -0.194320424077414 -0.188365149867149
0.0579257353702441 -0.0486060946917663 -0.0705747705504734 -0.56776630449876
-0.024508227018448 -0.207152362694979 -0.175436390792371 -0.313762854733021
-0.146561570370834 -0.111729460134955 -0.185136343230349 -0.0750102162566094
-0.15685680232909 0.0421816295368099 -0.0829969963686441 0.0233291840178558
-0.0105294577812125 0.149001871652147 0.0465508876406782 0.0210458491891934
0.0870170973780113 0.114893304648828 0.0125579971485069 -0.107233715066161
0.131604426102114 0.0385163644080697 -0.140633101324317 -0.134630188357808
0.125185697094948 -0.0393899900065308 -0.246401119611557 -0.0760105079999308
0.128954697261452 -0.0537608694295269 -0.278779784231268 -0.0388314036294912
0.139461228801279 -0.0322310670168327 -0.300211296597897 -0.060727599114952
0.165956310106769 0.0744524935138706 -0.246545889669263 -0.155930954828514
0.0911152075558379 0.173706630976287 -0.088739424159317 -0.209750383594859
-0.0630284814123848 0.19868511866082 0.0412665932771859 -0.0681681341222558
-0.25310437812999 0.0347448029763617 -0.078921196912811 -0.0328005235167406
-0.185625655840105 -0.203836189191683 -0.187587301053511 -0.18537203754368
-0.0159384520474407 -0.277360988585185 -0.0575069030684391 -0.5201595267298
-0.0543730092433501 -0.350352905180313 -0.187644711445609 -0.22503013901772
-0.23788519506159 -0.189326139230486 -0.165475160527064 -0.0451706796974727
-0.255739640839286 0.0422605001535186 -0.0975054450845218 0.0377744861829092
-0.0569632580961224 0.227790539502433 0.0389550427932729 0.0367617777956337
0.10783224977878 0.211223279239865 0.0230822915967446 -0.0697153538549448
0.206261064539634 0.106853882581593 -0.0859472808601225 -0.1100603448584
0.221855165898116 -0.0139385783778276 -0.180354880169492 -0.0813292180569823
0.234092305658085 -0.0399020142340873 -0.206520212172098 -0.0540006679501867
0.246117231228245 -0.0065477555594468 -0.220124797716038 -0.0605339038864467
0.270938952565221 0.158269873601247 -0.18180634747924 -0.122750924959397
0.127088184281448 0.312857797750945 -0.0702963281299558 -0.159169827882748
-0.125305499785956 0.330619371332665 0.0274131236877062 -0.0320934224625414
-0.420175741555416 0.0662430394095028 -0.0820694746476515 -0.0124331399201039
-0.343355357896863 -0.318287859928831 -0.154897107974339 -0.155348172039418
-0.0852634467669451 -0.465407948332746 -0.0299138893272709 -0.403183352035533
-0.086974256420006 -0.454023006851433 -0.181640064402385 -0.0856921355794303
-0.329832086730357 -0.243689847616578 -0.114691557098327 0.00117502569680437
-0.350176428819822 0.0598291830370331 -0.0975405764203189 0.0459684059068662
-0.0942570853335931 0.306875854898229 0.0192078928561947 0.0494742809701869
0.127897125447723 0.29403490196138 0.0285612012639297 -0.00958418126581621
0.26452056871001 0.164133659448612 -0.0116858224293563 -0.0610087798618566
0.290946646584715 0.0119401153065413 -0.0823959576186439 -0.0728883457701444
0.302016371763937 -0.0196456571424661 -0.103119322984989 -0.0611091861413397
0.310791602768417 0.0212250827091073 -0.108123946146451 -0.0524096361626389
0.332922340168115 0.219039582512519 -0.0891204699905688 -0.0743670500248594
0.146685199454753 0.404616740610547 -0.0377679084316024 -0.0876907802174003
-0.163946863797984 0.41617232867987 0.0150487192445006 0.00902329381410031
-0.523497282048993 0.0926961200846404 -0.0652758407923263 0.0145215999363926
-0.445821411475296 -0.382331233786913 -0.0936156995181526 -0.0983415969377364
-0.133775134378531 -0.572412687787681 0.0111003610273161 -0.237070213721649
-0.114399568681263 -0.497589999032355 -0.15107714207691 0.0920606851921816
-0.394712818736797 -0.260616196354316 -0.026248593446713 0.0612447744702421
-0.408276277218032 0.0834528945233986 -0.0799903722992148 0.0461381671558213
-0.116084344660912 0.358145691897966 -0.00832415561488401 0.0673662384228104
0.138840248370371 0.340427507000424 0.0375739351793111 0.0697784446174543
0.291231302356809 0.195858166727302 0.0801551259822486 0.00606084789150902
0.32055572669201 0.0338211668273534 0.0366094990309734 -0.0528001192421495
0.323655287644114 0.00159664769483847 0.0170774614906665 -0.0587912471033133
0.32295713849411 0.0471918975182467 0.0159182853568289 -0.0385545313199513
0.335628069115473 0.243499307315706 0.0155319123756287 -0.0212836120065364
0.136499680534781 0.421707835344962 0.00625741158749707 -0.0084711657141175
-0.174401919818327 0.415408109207607 0.00771540834759912 0.0491771045785959
-0.52062416831544 0.0897923060591642 -0.0329188199766854 0.0413294958151971
-0.455669612902618 -0.380314556161608 -0.0140577457235599 -0.0280901926135883
-0.150557473791194 -0.579597531610403 0.0562953179793615 -0.0511200034525388
-0.127446580174745 -0.460361217905721 -0.0955367588282656 0.28142900307933
-0.390958705327075 -0.233788086794575 0.0841058850411211 0.123951317312613
-0.390775029511045 0.0940599495005801 -0.0464758960846365 0.0400020971310185
-0.114057178148355 0.341744636863071 -0.0377819395667114 0.0859619225990784
0.124300653936846 0.322700644526362 0.049068700361181 0.154684732436583
0.269271284132456 0.193088431588304 0.174035413541436 0.0792235702529062
0.299139355296587 0.0482746701462441 0.159131602370087 -0.0248357976293161
0.294867022426684 0.0226127493857002 0.134767914313385 -0.0476536874895817
0.283744626624299 0.0660529429514697 0.131181805283021 -0.0204602690751563
0.277847003012453 0.227917383346842 0.107977132619318 0.0258823950092675
0.0913708098605318 0.358073408384068 0.0455658915353678 0.0584557212366142
-0.157817826119639 0.31911158079086 0.00214716848328451 0.0735657110767909
-0.408436348305869 0.050827713832536 0.00400119340961966 0.0596994498101813
-0.363614585060108 -0.317574561708081 0.0572459649881595 0.0339653630296662
-0.138434126711046 -0.482754182095433 0.096235065406726 0.114469775574622
-0.116267497811792 -0.346226867329265 -0.0301661076776524 0.447079627470718
-0.308538968158613 -0.166664751950271 0.183950824097439 0.179526299970293
-0.288991896403911 0.0757804241000156 -0.00340648030283038 0.0293702113733212
-0.0906709246667951 0.247278491795409 -0.0600245942212316 0.09448513380427
0.0800987981638589 0.240646239846559 0.0561257639467804 0.220858070195845
0.196243517932711 0.154854854588114 0.246974944891965 0.143807604193056
0.226779951065626 0.0541229169673415 0.263818306440353 0.00705080455686641
0.221246279080877 0.0408754969732628 0.231521529436919 -0.0322289530861654
0.204504225577699 0.0765889912101885 0.217797365663898 -0.00150577869355357
0.176753993323716 0.180396105856608 0.168444753856007 0.0614269284348962
0.0268534681291903 0.243270626694778 0.0661557856707905 0.100258112907738
-0.127613979243008 0.171836956803328 -0.00706066189374936 0.0732841964530144
-0.236390223072217 -0.0046319495373712 0.0326242403819717 0.0609335137165246
-0.21164033749814 -0.208974253163833 0.100252197404422 0.0716686980554102
-0.100863717694129 -0.314607404374441 0.123573066788572 0.230335033704869
-0.0839692106976404 -0.171166382410081 0.030575891650175 0.561129779582561
-0.167652336076783 -0.069931274262943 0.253609879149065 0.218000631580245
-0.130898430246489 0.0438387950208625 0.0435545401667826 0.0165361854500127
-0.0491859398567113 0.106802283691079 -0.0733773743849908 0.0839067226246262
0.0224658333733004 0.115862344285155 0.0493513556344335 0.252252639095307
0.0852463201151124 0.0904830652172754 0.28162055907303 0.187990046729837
0.114869189583121 0.0530036639539231 0.331091865212338 0.039035577147099
0.114265078280042 0.0542925859501532 0.293378015173177 -0.0124654118664802
0.101292772908935 0.0763631972106792 0.266444794611225 0.0184786212054591
0.0623615567857565 0.115382381960441 0.191959799325228 0.0864976170005738
-0.0337526591158845 0.113649297156943 0.0659320646705498 0.117989912400605
-0.0884696300072883 0.0298108634875814 -0.0200068582506832 0.0538519579167756
-0.0645923095030317 -0.0464824409614753 0.0466263201319666 0.0473920008115113
-0.0594586238062535 -0.0855682280783921 0.116004783988334 0.0835620197913041
-0.0571909578640406 -0.115881951462931 0.136322570103791 0.287032325470718
0.00134440085535591 -0.0430542130937339 -0.171269097243573 -0.341895506109097
-0.055318647797977 -0.0194360260637932 -0.191630203622003 -0.078067791747973
-0.0534504884412877 0.0492535175035019 -0.0637218178952075 0.0081287222945949
0.0376577175246139 0.0667417981592435 0.0427193400913618 -0.00496553836453654
0.0630129031887415 0.0115560192308418 -0.0145038453460662 -0.129259877150172
0.0447779266098399 -0.0342622610463828 -0.185867858087705 -0.124075335129148
0.0101199446727074 -0.05873620872494 -0.278257191414807 -0.042399340542353
0.00101705622266644 -0.0584799194756486 -0.308336773328935 -0.00375985342325997
0.00674067159893462 -0.0518882825669644 -0.334881568605824 -0.0337958703156226
0.035972583569038 -0.0200782899255944 -0.282896024462504 -0.15062763903202
0.0459051231090758 0.0110868028496821 -0.108599991475566 -0.227466897149095
0.00938471563882809 0.045479869258864 0.0466896091159702 -0.10148499040767
-0.0575387135912528 0.00564969252276559 -0.0651924455805225 -0.0435228087634601
-0.0112921866849122 -0.0619948029875623 -0.199407637083313 -0.178758293195882
0.0541233437884123 -0.0520155952499561 -0.095798325336073 -0.563592545987465
-0.0360868421507979 -0.204741129918559 -0.188660881915441 -0.306300259999825
-0.150523981602798 -0.103121889631047 -0.187510715992823 -0.0647721564054278
-0.153960427952124 0.0499228274542282 -0.0820620555489154 0.0291024280233862
-0.00250754251680368 0.147464610682156 0.0477954787983737 0.017778903111128
0.0927693372270429 0.108468719026208 0.00799173741142703 -0.106773817523561
0.133129854384722 0.0299908665899633 -0.147272811545621 -0.12510689709966
0.121227901229637 -0.0457152664078661 -0.248925908071416 -0.0614276160087865
0.123893894878896 -0.0596394480653017 -0.280302600456644 -0.025084011200042
0.135835899675148 -0.0385587920574901 -0.301237500514426 -0.0435696530991728
0.170155858198941 0.0648420928465488 -0.253677177875312 -0.140503938440722
0.101248465590576 0.167356933928715 -0.101191139815746 -0.202933615587753
-0.0522953856798726 0.200399148265898 0.0383065532685867 -0.0719154498913702
-0.250803336126005 0.0482523438727232 -0.0807045211979439 -0.0304298518284791
-0.196028863757329 -0.193799240534432 -0.192577173074342 -0.176467698016948
-0.0311963207148632 -0.278534664017484 -0.0800760077491111 -0.515282461804521
-0.0731435691644269 -0.346113982411141 -0.1954415374232 -0.21894315538058
-0.245363148124245 -0.175940282618536 -0.165293002046537 -0.0374553175516497
-0.25394788233905 0.0554139314842958 -0.0943031945724893 0.0450703030936706
-0.0441014523010385 0.227903738468377 0.0407348129481302 0.0326144811882095
0.118706822392896 0.203517679276499 0.0209820235717355 -0.0692300207673178
0.210404832891172 0.0944330863323564 -0.0907106335494416 -0.103913604965317
0.21865394491723 -0.0262507541308919 -0.183938345497045 -0.0693550879126854
0.229504861161003 -0.0521446741169415 -0.209083950357607 -0.04326900010943
0.242120452592637 -0.0186455866965285 -0.221403416101928 -0.0476184437061991
0.279432854525645 0.142626179403503 -0.187763740013736 -0.111253768204933
0.144294822066574 0.304750908404693 -0.079987002112531 -0.152153702735295
-0.108392166073473 0.335206295988832 0.0268990793662006 -0.0350687056087752
-0.417164505320872 0.0881610922704301 -0.0817194385193455 -0.010661175956749
-0.359507678870162 -0.300958887312727 -0.157197841385638 -0.148469625793001
-0.109246357557678 -0.465100529045205 -0.0460018513916896 -0.400590896303371
-0.111218577687068 -0.45034207442551 -0.183413266068463 -0.0800479664610407
-0.340225167160018 -0.22563649890812 -0.112273348628704 0.00531470105146507
-0.347177827522187 0.0778236808360128 -0.0925481446817373 0.0535565673833379
-0.0778628920469774 0.308863966099864 0.0211789282887874 0.0461982339349432
0.144445346126434 0.284597760706953 0.0300248933473209 -0.00970127537805201
0.27170344206473 0.147061927763078 -0.0135902806041092 -0.0601894603044589
0.289347278917846 -0.00370767113426225 -0.087007522595335 -0.0663919277896827
0.298075084692849 -0.0366097917130416 -0.106505491586277 -0.0556266757019512
0.308605625767535 0.0066764531497612 -0.109923751158399 -0.0457854555927637
0.344350875699543 0.198988768828122 -0.0922728968881421 -0.0681762671773207
0.169320240900545 0.396105136767286 -0.0431942191757512 -0.0816448428024606
-0.142179890696498 0.42242584112602 0.0168140003279581 0.00797670922334423
-0.518342669668408 0.11899555864809 -0.0636217884093658 0.0140905358320615
-0.466385833423627 -0.36042660262914 -0.0941490288978535 -0.0942754887972092
-0.162279503387609 -0.572737191041384 0.00111785316135153 -0.235474364152854
-0.140284606269827 -0.491080270023596 -0.143076818024652 0.0958006122703224
-0.40552153376243 -0.24011388660875 -0.0219066129793915 0.0603629177079164
-0.40534642742797 0.106049689662521 -0.073991041297773 0.0526634158390546
-0.09644559379406 0.361879347347773 -0.00565293040226657 0.0653255492315607
0.157360331973692 0.330414775928525 0.0435926700674731 0.0697320026655574
0.299867846152378 0.17784175896171 0.0813510142366093 0.000367219679532823
0.319927557821373 0.0171117283762291 0.0326907700876309 -0.0531578587296843
0.320429221507494 -0.0163793248087256 0.0133399846318307 -0.0586571688162815
0.322596562649805 0.0315536731166223 0.0142036252177048 -0.0387297874832428
0.34952064318504 0.223290822150996 0.014548339083603 -0.0214242399111691
0.160533627489931 0.412534572381865 0.00468652004899403 -0.00500307591808205
-0.152362003304136 0.421714288670757 0.0125609903883109 0.0486477556661702
-0.515074966015687 0.117263653119308 -0.0293452436895604 0.0393568622207337
-0.474270269545317 -0.357739461640478 -0.0125786860012993 -0.0284127995803127
-0.180816732326745 -0.576272746559744 0.0542075136820713 -0.0526786199450138
-0.151005512066087 -0.455200159451918 -0.0795855412226932 0.282989488367401
-0.401370953017801 -0.214024222769381 0.0901716304690693 0.117816511191012
-0.388014968300552 0.113280416705495 -0.0405563850124804 0.0450531225515882
-0.0964671346307637 0.346403735320388 -0.0332245905766261 0.0862030991917216
0.141235774141302 0.315494451500461 0.0602225782170804 0.153214693428851
0.278095232616983 0.176178505491559 0.178426149519419 0.0677019818363758
0.299833837508252 0.0319215498645324 0.155837863433258 -0.0317673033521752
0.294009591132405 0.00688082081987874 0.130800638667188 -0.0539781355454236
0.285294632280404 0.0518731832739359 0.1290608701852 -0.0272489658857653
0.290414795331658 0.209846006159308 0.109282881717085 0.0200768313370939
0.111642579439613 0.352164129370862 0.0479319444231452 0.0586963069105829
-0.142101649116719 0.325439599758089 0.00730580106063815 0.0739323434227785
-0.40524622080282 0.0705806248976245 0.00934766045139727 0.0551091396437132
-0.379153740864792 -0.299179749399 0.0600177264631745 0.0300637295978616
-0.163014152815014 -0.478801054057314 0.101845334430233 0.110976108008526
-0.133256480693161 -0.340646299107504 -0.00698483820941773 0.446184273800719
-0.31498584727893 -0.152059528923953 0.192508540191276 0.168665536276903
-0.287151825910178 0.089663211018984 0.00109412905997921 0.0326708181990599
-0.0791984424792586 0.251597114410018 -0.055499105487218 0.0963397329442237
0.0928752205654964 0.236161373057736 0.0700233591655649 0.219041053442246
0.202412185213081 0.142430396920174 0.255193536797487 0.127505339162377
0.228113806021963 0.0421953936741209 0.261789702332697 -0.00627052471469371
0.221828825893619 0.0278754028659006 0.227970753574982 -0.0433168777728176
0.207085116022957 0.0661138011918478 0.216144097933747 -0.0136914153985849
0.186229902153819 0.168989310687135 0.171173742774936 0.0520710537304672
0.040819445755582 0.240824065836364 0.0707755114978485 0.098787561387793
-0.11945350970417 0.177179693889239 -0.00223792830874081 0.0743728737756307
-0.2362061501252 0.00736301517365327 0.0373950012800779 0.0555668507937505
-0.222198395257622 -0.198273913382078 0.103538689977101 0.0648595686727389
-0.116047511187076 -0.31150346868846 0.133905213839852 0.225196011945039
-0.0909776101854499 -0.167654812867726 0.0586015796475586 0.558381781974563
-0.169769392364149 -0.0623645572199266 0.262758844491642 0.204037237928253
-0.130769517078067 0.0495794495417468 0.046836104151847 0.0164534347527014
-0.0441214711355544 0.109438718870184 -0.0684529577822066 0.0875441530642894
0.0283801745708216 0.114801125758721 0.0646982899414711 0.249820041588361
0.0895950502090158 0.0851245236235985 0.292109175144386 0.169073811715509
0.117334464799526 0.0473213329353467 0.329729426281302 0.0208073933301335
0.116799073561942 0.0476746875796345 0.291166041179919 -0.0269011873226325
0.105497241731681 0.0702628881055673 0.265126032724215 0.00439428702268558
0.0685909059333365 0.110684259470182 0.194525162424596 0.074388610925555
-0.0273830856377941 0.115186238993754 0.0713324714027411 0.114738444038859
-0.087518730342342 0.0347923835692809 -0.0174417132200258 0.0560124683085096
-0.0675017521987172 -0.0432117549932145 0.0505850966843651 0.0413956324669856
-0.0634825235031767 -0.0828306564896235 0.118710984502043 0.076192661230335
-0.0612208680543046 -0.114444661355145 0.148446545498313 0.280066381929193
-0.00179434653136999 -0.0406988718532469 -0.181602679405597 -0.324137838923769
-0.0539154551578919 -0.0152872457260827 -0.188507870118271 -0.0655714524465315
-0.0488085987540775 0.0507135195821133 -0.0617443808357344 0.0127345911812912
0.0404246131159722 0.0620095627034291 0.0420919304636022 -0.0072678446400236
0.0614880614958243 0.00727051217431332 -0.0199421925997473 -0.124453961018083
0.0412518887091886 -0.0362349991818075 -0.185299048624276 -0.109300624426429
0.00567278152537835 -0.0568856368477603 -0.270409250583941 -0.0262300178981673
-0.00254255563792596 -0.0558183292839344 -0.298826921370646 0.0113834120212082
0.00287631141108239 -0.0500579019040968 -0.324635930548459 -0.0145594418199134
0.0338735999008977 -0.0214497830709925 -0.281933867305777 -0.129545222470494
0.045204748848646 0.00715296306479771 -0.118241528356341 -0.213693410791933
0.0121236198089932 0.0422451389624905 0.0393689121247575 -0.102317104061566
-0.0548621558803417 0.0090505197845971 -0.0663204238771747 -0.0394193994651041
-0.0146238340879678 -0.0587574247405834 -0.198785640532147 -0.164518703882564
0.04869986176771 -0.0531693154754468 -0.117562081957935 -0.541540819481442
-0.0460694870707385 -0.196066339959797 -0.196238930014955 -0.290943253375506
-0.150217254754306 -0.0911886062356086 -0.182837780076949 -0.053445268890884
-0.146623204713649 0.0567574387570514 -0.0779179815614684 0.0346103596582908
0.00544937176893778 0.141013896010561 0.0468192917799222 0.0133711058228882
0.0955354369206335 0.0993039625494965 0.00378466040892858 -0.103100303901687
0.129218819593343 0.0210640222555855 -0.147771644908687 -0.111860198875563
0.113678075452161 -0.0503494437129044 -0.242202804922152 -0.0447732784122684
0.116067494158194 -0.063599415746534 -0.272544357719392 -0.0101102910532565
0.127826622827252 -0.0428535235956312 -0.291936848501801 -0.0260156853719519
0.168046579548844 0.0530552754685639 -0.252434006489098 -0.121856480942996
0.107609341879188 0.155391271337622 -0.110007185522424 -0.188726015670474
-0.0405260345122295 0.195722652649269 0.033509179621748 -0.0729937772110441
-0.240379848837808 0.0594934524210791 -0.0803358719366051 -0.0270248435553985
-0.200487112134739 -0.178192219651064 -0.190698856743504 -0.162834767032249
-0.0454660339522826 -0.270147765872199 -0.100353116039174 -0.496492440444433
-0.0893657620923611 -0.332025983607804 -0.198768621067846 -0.206161063073627
-0.245416438020907 -0.1572737668474 -0.160238990176514 -0.0294486926281806
-0.243025944764011 0.0672328828149862 -0.0877087737998966 0.0501666193232642
-0.0307376010197604 0.220733856129704 0.0405077902901999 0.0284237210235474
0.125729099591416 0.189410264135188 0.0184351010211388 -0.0674696774524391
0.207287971345704 0.0782022124874418 -0.0921111110806048 -0.0951387994539261
0.208478664574439 -0.0366807329372272 -0.180845761629195 -0.0561778487363981
0.217406791627877 -0.0617938139529722 -0.205549091611303 -0.031621036033751
0.232305175922127 -0.0284928118700731 -0.215582246373092 -0.0342730119489298
0.278042086365339 0.122434492056312 -0.18689741120756 -0.0965137875896376
0.157744500090023 0.286938483619437 -0.0867388168000526 -0.140596044984661
-0.0877974689100869 0.328178168785239 0.0252977503103375 -0.0363938258144621
-0.399222902787933 0.107515844916818 -0.0802409890522146 -0.0089103482024889
-0.364189517029917 -0.274822131895678 -0.156533631008278 -0.136841884971764
-0.129330809258894 -0.448816832293697 -0.0610095273131062 -0.386615126940321
-0.130857947412282 -0.429519119453244 -0.179676583760007 -0.0732029790017011
-0.33943673266107 -0.202062491963919 -0.107026532882112 0.00905709852464976
-0.333919060497125 0.0939369508230588 -0.0847727444969319 0.0586147332487199
-0.0590256407594853 0.301557844341678 0.0217948248586347 0.0427681352601676
0.155017077164697 0.267044797183846 0.0314512919786741 -0.00937735225352179
0.269462576514128 0.126877766069384 -0.015413080854266 -0.058007085086703
0.278285992579349 -0.0186947983276383 -0.0874230126233894 -0.0581677051690412
0.285159930041522 -0.0509066365742033 -0.106259175047194 -0.0478358833325811
0.297248984531361 -0.00799396030697655 -0.107502908184178 -0.0381821878000065
0.344839052942903 0.173230952405906 -0.0920098183639641 -0.0601756661145177
0.187182572052381 0.373504600473343 -0.0468815027474785 -0.0736444357950266
-0.118322145848266 0.414806394382288 0.0183018078827653 0.00604036921162635
-0.49642615143011 0.140679527530998 -0.060435659807565 0.0133931962918827
-0.470468685478942 -0.325493031413262 -0.0922314794377106 -0.0882451946209142
-0.186112182968666 -0.550536566719273 -0.0080151210988106 -0.228466514208318
-0.161043181716524 -0.470144009260101 -0.132643618103275 0.096140364093421
-0.4048384469759 -0.212302436373293 -0.0172992586557722 0.0575159370387656
-0.388264188677356 0.12380154197435 -0.0657283965019854 0.0573098598897582
-0.0748107247310258 0.353859458736836 -0.00338169286536484 0.0626002893646063
0.169822435277532 0.311398136971495 0.0491379914339816 0.0667327845036248
0.297969261856235 0.155239084162565 0.079981590544298 -0.00521424529808288
0.309003675952783 -0.00081751304505889 0.0275836661013431 -0.0517660975050226
0.308384558563909 -0.0324295028906983 0.00911192387305433 -0.0571065971194185
0.312394870295511 0.0150703317498959 0.0126617072172937 -0.0378966064037519
0.350116476779592 0.196021745741802 0.014207788899399 -0.0209442037182956
0.178380308532062 0.390607282560107 0.00394384937550332 -0.00105113899889862
-0.127698966913873 0.415052578175887 0.0162106332470397 0.0461663550063052
-0.494067871979336 0.138626932993144 -0.0250915089726736 0.0352637704791398
-0.47774324727571 -0.322803100618168 -0.0108288372986633 -0.0278434844078461
-0.204296773923243 -0.554375510580378 0.0519561876386913 -0.0521136089669315
-0.1682674697353 -0.43576567835131 -0.0624589369712744 0.274980145679096
-0.398206220096345 -0.188064540632454 0.0932857624154875 0.107718718878519
-0.372474730483384 0.128852156371233 -0.0334477358524984 0.0477652717387164
-0.0756308030296333 0.339639659508151 -0.0288727692802372 0.0843227515260862
0.153822924084169 0.297436497884213 0.0690325511361166 0.14736882429099
0.277068404355198 0.155084788585099 0.177338031803087 0.0535890472366112
0.291194028370119 0.0149074067350404 0.147480514048983 -0.0379093656361918
0.283181527502726 -0.00923022532510884 0.123227766378576 -0.0588227348801714
0.278015179618051 0.0370365478959587 0.123693000020234 -0.0328782159721965
0.291904950227569 0.186586867355727 0.107070281732309 0.0139525515568653
0.128380975629272 0.334541239572282 0.049014153413108 0.0577104458450613
-0.121261619903738 0.320430601211228 0.0127815344045126 0.0715073342549805
-0.388993514307577 0.0892376603472224 0.0132816700531763 0.0494015101040007
-0.382527204539053 -0.270533392307254 0.0607900021400089 0.0249379373226422
-0.181794537551997 -0.459749965046966 0.104734993019393 0.104005067220506
-0.14499256484766 -0.325207037348312 0.0149004051026892 0.432181250838249
-0.311813820479085 -0.132645261555349 0.19462512613759 0.152958524140872
-0.275185772868108 0.101682316791616 0.00697100614879865 0.033490838926887
-0.0651721955251779 0.247587593073776 -0.0497444005630279 0.0959522175432846
0.102254493464645 0.22476169880255 0.0816939435747373 0.210119504482437
0.202490208392487 0.127369338823581 0.254736564615101 0.107258452446328
0.222546904100957 0.0286247124322043 0.251140553905745 -0.0192490298336054
0.215122563596951 0.0149326968596742 0.217886823884433 -0.0525840962544413
0.204228785524526 0.0536704770208415 0.207974575920003 -0.0231988670171049
0.189106941117631 0.152487006298745 0.16780557279876 0.0412227855928427
0.0533834333137539 0.230493150326325 0.0731637065833835 0.093307077404903
-0.107799511765211 0.176640603326913 0.00253423026291417 0.0731049426483489
-0.228233583687538 0.0184341617609709 0.0399669644654869 0.0479974857203602
-0.224235156096124 -0.180824890329733 0.103444454835141 0.0570088606438607
-0.127281074742164 -0.298709820170783 0.140004206244646 0.212884330247029
-0.0947382723141035 -0.15944613902444 0.0831704461704251 0.537923950382847
-0.167061325237656 -0.0529705983668871 0.26256485147196 0.185484989856217
-0.125345994726621 0.0540991767178802 0.048298258840322 0.0148962799085137
-0.0382466635740002 0.108304335164461 -0.0623261871767445 0.0885620117477951
0.0332020915974135 0.11043688987617 0.0768387636071961 0.239585343408526
0.0900431535153183 0.0780467371340866 0.292137621169591 0.146097565821317
0.116069026565496 0.0400524417259011 0.318802441591751 0.00283092312392301
0.115706943872664 0.0392374266905544 0.279849862884726 -0.0403019955260399
0.10620665119599 0.0627675268444083 0.255294944085805 -0.00908472321238896
0.0717409507688677 0.102597819008781 0.191478633932487 0.0623148480330328
-0.0201209281538175 0.113355504183389 0.0752197855089984 0.107776322674339
-0.0831843176596859 0.0383049012792882 -0.0134643036821727 0.0561294255969819
-0.0672894305658558 -0.0389307763166558 0.0522436490706896 0.0345995725097307
-0.0653511086181043 -0.0768753098282922 0.117008324797768 0.0669244535378742
-0.0635838655064956 -0.108599828994092 0.155704809563647 0.264732051909233
-0.00924331225399566 -0.0393859341918199 -0.208579332034097 -0.283850172036979
-0.0529509618997945 -0.00796008709061324 -0.182162477744122 -0.0388006014476011
-0.0397211762165819 0.0533515111967378 -0.055272561251256 0.0196246763830584
0.0439750738847895 0.0524041387041575 0.0391048277049051 -0.0155604208940362
0.0587966350019 -0.00062236670248273 -0.0353893406938252 -0.116613341707042
0.0340446508204348 -0.0385771753526501 -0.189518663201123 -0.0814102468938256
-0.00270910030831171 -0.0524716420899081 -0.261219560182431 0.005848938470878
-0.0094968974768179 -0.051164766444797 -0.27861792831878 0.0447907714196825
-0.00376009267689893 -0.0456593287607868 -0.307272560851187 0.0234032053668848
0.0305211556415444 -0.0230630276247401 -0.280614690556777 -0.0873080488520933
0.0428477215435867 0.00275455937991483 -0.135939117339639 -0.187531870296514
0.0146027732900421 0.0375447308792523 0.0264398371585606 -0.102716503107385
-0.0492275075026699 0.0163973276579956 -0.0689439051664648 -0.0283781850565823
-0.0213962640123287 -0.0483726063922634 -0.20562351451868 -0.135010733817423
0.0298419735504322 -0.053777115562205 -0.171770477119586 -0.503318352544933
-0.07261757653976 -0.184301024894989 -0.211839993615299 -0.238848263309307
-0.151294130856432 -0.0697514180099805 -0.171784043998167 -0.0263287875858848
-0.131626581431767 0.0703747975207547 -0.0624475355767602 0.041954777783463
0.0195098497885817 0.130232657473548 0.0489570536160215 0.00142067917247608
0.100333560326781 0.0818249062762501 -0.00927782300822806 -0.104184417283806
0.122407497078274 0.00549360991926007 -0.154154947904258 -0.092468297944675
0.0979412718815534 -0.0579618366761839 -0.236997430986223 -0.0181136096962659
0.100658786271094 -0.0719777588623616 -0.257375372823467 0.0215712748355764
0.114727650845563 -0.0528033104616773 -0.276157703634557 0.00626970235702369
0.163338042952429 0.0300557949642284 -0.248076486912858 -0.084536578160576
0.119182802808239 0.133616285309273 -0.120988795277543 -0.165935844190854
-0.0173259177290549 0.185619740575066 0.0279172608350093 -0.0713165851128638
-0.216249274381247 0.0869417430652782 -0.0834321689712652 -0.0100189319309452
-0.205739354779923 -0.138303845805791 -0.207816104605634 -0.133670444666995
-0.0836302482712375 -0.243205198317897 -0.152081659563377 -0.469176748364519
-0.131912326215189 -0.310080581698841 -0.198037988088541 -0.147997587867257
-0.248047655637031 -0.122029896431404 -0.145329905290997 -0.00549610800816412
-0.221629293272252 0.0916124583586696 -0.0639056745416783 0.0583577601308219
-0.00645874192492945 0.208531249413627 0.04621384474969 0.0148456278977126
0.138475785018096 0.162909180731559 0.0104098656931039 -0.0753353039513913
0.202063941854529 0.0512164260413848 -0.0997727765132008 -0.0874864455620261
0.188630286247459 -0.0555815515557308 -0.178580563421135 -0.0382704806738715
0.195753254052252 -0.0823009592382655 -0.19656533659619 -0.00625831422815963
0.21426209474797 -0.0513264930087237 -0.202990975892752 -0.0114018620581567
0.274151183919936 0.0814517837358988 -0.179793900782019 -0.0704078563269514
0.182394272422843 0.249262880876749 -0.0889249714002274 -0.122549695780902
-0.0470097151288487 0.314281161358574 0.0270519321070169 -0.032556763320695
-0.358967171043849 0.152042291423798 -0.0824754511802729 0.0115472961970029
-0.368489271834625 -0.209693554868582 -0.181545889515969 -0.113559252765583
-0.182994234399061 -0.398257951881707 -0.105386228071004 -0.375401267230873
-0.185151598375067 -0.399727299551535 -0.159430444941234 -0.0170941798059623
-0.342043555401118 -0.154283763931681 -0.0878877082516015 0.0259251268972797
-0.303987303108342 0.127464440358363 -0.0553947271414023 0.0645685138695352
-0.0252405673532403 0.287469822468599 0.0322765222388338 0.0284880925031548
0.174400219279205 0.233092207384407 0.0309815961472743 -0.0257539069884863
0.265697683832124 0.0899048395030899 -0.022858554912435 -0.0650117512675873
0.255986229043653 -0.0473334430740815 -0.0891339643264667 -0.0529694765441869
0.261143455496161 -0.0799371402144489 -0.105416839490763 -0.0334633210579927
0.27775430609553 -0.0401622312970787 -0.100727018936258 -0.0279527972980054
0.341558457805798 0.120252660585504 -0.084161537594883 -0.0481164209416197
0.219279616686089 0.326051474155543 -0.0412284417623716 -0.063063914012806
-0.0634555658091767 0.398437959823027 0.0281553777794999 0.0105415916297435
-0.444969283653895 0.194775237970213 -0.0627846182882353 0.0334076137785361
-0.472278587388387 -0.245760439514617 -0.121481997792605 -0.0743288139721663
-0.245988278855615 -0.486088274346849 -0.0367271020118131 -0.233474526265571
-0.218069607869031 -0.435393292960876 -0.0930275770656262 0.14021696155692
-0.403410189433261 -0.159173816758648 0.00459032245848646 0.0610613686263743
-0.35258411573139 0.161279655958572 -0.0341865341341253 0.0601828225708905
-0.0352260679304378 0.339014618194618 0.0127200350172251 0.0495564935008851
0.193687491111589 0.273376907308865 0.0586744734573329 0.0429422630138945
0.296286113106072 0.113040138812173 0.0734388128313823 -0.0279289394692721
0.287311974539862 -0.0342056432837357 0.0218875281836461 -0.0610537011709868
0.28430514159388 -0.0658344988536191 0.00195515694968587 -0.0558420739052412
0.294181089674618 -0.0206467952481755 0.0121725139831014 -0.0410619828798116
0.348318372422431 0.139701530453541 0.0204620134367616 -0.0239652586021521
0.214598814056046 0.341524918850575 0.0150670632729264 -0.00081450834959652
-0.0729632074227651 0.399109399426699 0.0301468516718965 0.0508265354113863
-0.441609206764592 0.191334688659787 -0.0263962652882712 0.0495067705015382
-0.479046760740832 -0.242103750763164 -0.0392787646072287 -0.027358435601628
-0.259195618562843 -0.487623546254836 0.0395923537238246 -0.0732589582808627
-0.218525384973018 -0.399708594050438 -0.00580098930827553 0.299958385934843
-0.39481534316256 -0.137274790994245 0.113903238899119 0.095608414433296
-0.337832129746099 0.163874856079348 -0.00500764042021331 0.0466818227268923
-0.0380754823240971 0.326769166783523 -0.00833106340597929 0.0741137513710357
0.176316840119451 0.262943130206102 0.0881585915986062 0.117767209928312
0.276603364378335 0.115780566986619 0.173019072363361 0.0161213485781975
0.27306392749711 -0.0175570178354546 0.137619837584436 -0.061877053136043
0.263467109448129 -0.0415675874644792 0.109100770338511 -0.0699656275101859
0.265172672295432 0.00310650935976421 0.117389727935711 -0.0481010635344824
0.292636924310975 0.137631175216354 0.110811634097001 -0.00176851695115578
0.160863845385189 0.295392191018935 0.0623466410849509 0.0501851468122243
-0.0782036632380265 0.31005348598568 0.0273322607391967 0.074457085958365
-0.350999482036815 0.131656250946801 0.0124895536654497 0.0535489417861003
-0.383248916257277 -0.206645556372135 0.0390138676358847 0.0141251075714104
-0.223305058784121 -0.403832258057984 0.108124179748536 0.0726961209709152
-0.179028580665268 -0.296376203990742 0.0809795665235571 0.432003569873665
-0.30688319392361 -0.0935894575034286 0.210605098186607 0.124638549503066
-0.249921974100856 0.127426737305647 0.0265532835794531 0.0285550681798768
-0.0370801999391209 0.239500644617159 -0.0281347118531401 0.0914280690424567
0.11967535160177 0.200527446934949 0.10746914360264 0.179409725629736
0.203623142449047 0.0975583517111966 0.253144295584767 0.0603123882852863
0.211626695460327 0.00256852133352218 0.238175885650229 -0.0542023260995686
0.203435663318829 -0.0106397059864377 0.19933894467545 -0.0755245499754508
0.19747119854839 0.0259078337604184 0.196173895492495 -0.0479424945081789
0.192479803855216 0.117716637035701 0.167891488493894 0.0171413906841244
0.077273674497963 0.207384278321422 0.0857500743454579 0.0815722306227928
-0.0802656563705656 0.175339274648976 0.014184638779955 0.0741278021827034
-0.20950944431121 0.0452011290537575 0.0395717593967252 0.0441364265690641
-0.227140132184917 -0.143059682337352 0.0905889844112561 0.0385220051759307
-0.151978775694314 -0.262583480672291 0.154295681912831 0.17790736398534
-0.108097145703942 -0.141435071353184 0.150565860196603 0.512331072671863
-0.161204787139472 -0.0336103171721189 0.27381883632589 0.145635906343538
-0.113342479444817 0.0648408331403423 0.057119233622623 0.00738606817253577
-0.0254964882061755 0.106254429091165 -0.0436931053803275 0.0904576009548439
0.0421871703938743 0.101282194630137 0.10628326244121 0.212834745940032
0.0936035564183116 0.0637744921728125 0.293493669346183 0.0974914732268584
0.114283208420459 0.0238088354756142 0.304363758118612 -0.0384590915657355
0.112440265879897 0.0233374734913963 0.259208384694731 -0.0710077342915569
0.106649930210022 0.0450894441210266 0.240780825871434 -0.0384283596695056
0.0778177331268935 0.0853081878425295 0.189724160641239 0.0353165213866437
-0.00529002974748076 0.107217174092847 0.0858204806263667 0.0950613715325864
-0.073302697643154 0.0446962040492346 -0.00640127829026008 0.0582426167410045
-0.0682926263549958 -0.0285808590227254 0.0516823007013558 0.0249750697442192
-0.0679972777099251 -0.0650738115297341 0.112255626686733 0.046826807133646
-0.0678867881652766 -0.0948248144806423 0.175832660378234 0.230986801838144
-0.00871614627758388 -0.0370969661128109 -0.194957370097248 -0.275123238382922
-0.0497588466702368 -0.00778840453869414 -0.171617673849086 -0.0389790959555278
-0.0382194377840344 0.0500960852610315 -0.0524731503811112 0.0200054298422294
0.0413503660182511 0.0500938755052327 0.0381454823276225 -0.0149664569363451
0.0556742056373147 -0.000206280695550871 -0.0317973996414531 -0.112300350736868
0.0320364948294823 -0.0370611257860717 -0.1780585976902 -0.0790408802778232
-0.00249911711521915 -0.0495573165333251 -0.246549507788314 0.00246990472921898
-0.00866706091139011 -0.0481315468115058 -0.266546480870275 0.0394217273915382
-0.00273765930721373 -0.0417237978054335 -0.291209876484186 0.0188478941004876
0.0294759580759864 -0.0226020584247385 -0.265646627614941 -0.0853410069131169
0.0410492043786373 0.00203679324691375 -0.12868882394918 -0.178972392380231
0.0136869570442166 0.0353101625614428 0.0254024994415435 -0.0990176546052782
-0.0468236604280857 0.0156623721091652 -0.0661263546062722 -0.0277737488405591
-0.0191826027070879 -0.0460357160249504 -0.191501426576631 -0.133078797193492
0.0277736692010062 -0.0501191256626264 -0.153247669232131 -0.481471818446349
-0.0672342994248254 -0.17532510288606 -0.198052769246082 -0.234097313931525
-0.142115117740986 -0.0677338147289603 -0.161575584055996 -0.0283323291641025
-0.125076610171925 0.0656434126888251 -0.0593225282562037 0.0408096969550028
0.0169818917318273 0.122342230370385 0.046433183434716 0.00195428753833335
0.0944470508293601 0.0779766408458039 -0.00662114513995775 -0.0996258933492706
0.115365458746614 0.0062576160289178 -0.144528072759484 -0.089419966582411
0.0931825669135195 -0.0534826844483751 -0.223572389561237 -0.0196213985254053
0.0956384471686057 -0.0667190304862043 -0.246019594692369 0.0169411490638158
0.109386449517351 -0.0477430797267735 -0.261639911125006 0.00326602640000299
0.15532376293073 0.0295516121255781 -0.234812453429619 -0.0826468461839353
0.112997244849522 0.127573429592807 -0.113499332352481 -0.157833979123299
-0.019536260698011 0.175555375173158 0.026965226470428 -0.069384872058921
-0.206461205171613 0.0798018261618292 -0.0801601700296738 -0.0116818480028358
-0.19475380266922 -0.133828375210574 -0.192638036651437 -0.133517735004929
-0.0777990398317678 -0.233746263178299 -0.136304293309931 -0.449542468163753
-0.122765992806507 -0.296344298483631 -0.186505154067527 -0.147493819295501
-0.234339573957849 -0.119142818843552 -0.136654851501705 -0.00912735642690809
-0.211476883647379 0.0847536971670919 -0.0612974584443818 0.0559863661672339
-0.00848423426790327 0.196857004537964 0.0426539639737899 0.0146497465461154
0.130430700020745 0.155588688158311 0.0126499928069602 -0.0708398723176027
0.191274889785495 0.0500727844205112 -0.0934301441104049 -0.0849739516853297
0.178435176888755 -0.0502672719787785 -0.168747660413095 -0.037294670739317
0.186056987979589 -0.0759361932766432 -0.188162427164362 -0.00757685346377283
0.203718806482781 -0.0446702037311519 -0.192080512560779 -0.0129077147806467
0.260115349720675 0.0796612039007414 -0.169800602757538 -0.0677596634646031
0.171051000634128 0.238453092192865 -0.0836375203860975 -0.114918105564956
-0.0497378115467272 0.297913956079465 0.0263827788967204 -0.0325254894571797
-0.344109111148794 0.138562100797933 -0.0794664959753766 0.00765256574003643
-0.348980415313082 -0.204467920409866 -0.167449234714208 -0.113200551896254
-0.170306888246059 -0.383913715455455 -0.091714904266054 -0.360565246407512
-0.171302775605634 -0.384112828047309 -0.152315526632942 -0.0223892107724282
-0.32186324434206 -0.15119527532244 -0.0825649843499236 0.0208776588755845
-0.290624924820509 0.117823882221383 -0.0521972681275626 0.0616351213033489
-0.0274073480789471 0.27185944521735 0.0293830803147617 0.028070786543564
0.1634744809257 0.222997131178983 0.0323791005774138 -0.0239954165784819
0.251413177760575 0.0877822133669052 -0.020032436815837 -0.0631729052670196
0.242920856835259 -0.0418402418439777 -0.0843092411063825 -0.0496071610260817
0.247160912604692 -0.0725449674168222 -0.101276041285966 -0.0322619850448135
0.265114254232131 -0.0335108545651213 -0.0948934984644951 -0.0279036335206906
0.324164436528024 0.117480115416132 -0.0791711653737747 -0.0459538774123673
0.207172711616027 0.311674566930109 -0.0383644082542426 -0.0577100206836582
-0.0674113543800571 0.377177518022902 0.0268473532865516 0.00948050809602831
-0.425767095025288 0.179183947658542 -0.0605694742456516 0.0277183318719887
-0.44822535496955 -0.242347919607395 -0.111330334478158 -0.0746870619440454
-0.22919877810315 -0.469023186695351 -0.0299810364066285 -0.223432162435303
-0.202367587051687 -0.417476354437963 -0.090620860828258 0.1289889015854
-0.381128392751791 -0.156762826594096 0.0040493766389499 0.0556236613322256
-0.33867929188738 0.14989999119355 -0.030851447840559 0.057208723380721
-0.0380008877674891 0.321691967935332 0.0104032705768783 0.0474928045025443
0.18038786126826 0.262129165360506 0.058615070278593 0.0419480205009252
0.279975307236075 0.110290526294244 0.0708804165253048 -0.0279585730396683
0.272760557490251 -0.0287843385630087 0.0204804574104118 -0.0563461166287842
0.269742449107592 -0.0591513636674812 0.00215101094855054 -0.0523601555429212
0.281085408834621 -0.0150021695768808 0.0130918511080645 -0.0387473541349606
0.33008132326349 0.134610386404849 0.019805011715746 -0.0223214150014438
0.201946081609279 0.326971800799652 0.0149143532633892 0.00278200324690769
-0.0760758658047535 0.378213293366923 0.0290311597885351 0.0474639000124553
-0.423374865228588 0.175213809977182 -0.0264812001924826 0.0436026604686153
-0.454884390321214 -0.238727630459013 -0.0346707166718286 -0.028468866831959
-0.242048133426987 -0.470586144939161 0.040065351767665 -0.0691361215459846
-0.202933797074856 -0.385734050469817 -0.0100064033580843 0.28342224845549
-0.374211611356806 -0.137287487817303 0.107092007887774 0.0908412012952983
-0.325112783407503 0.154798392677616 -0.00229578033924501 0.0446863148388797
-0.0406290483348332 0.310032706905516 -0.0101076054856245 0.071023298660208
0.165206807366363 0.252260232733833 0.0862257312085575 0.113549962612169
0.261312180483493 0.112807387370239 0.164927265782139 0.0150781373955702
0.258919204273017 -0.0131566562372314 0.130237169845468 -0.0556035308383883
0.251006653418475 -0.0364629741330676 0.104788889723673 -0.0644935515746245
0.252477510764575 0.00618120414690549 0.112081069242833 -0.0445345222304523
0.276583195146359 0.133350628271639 0.105272473185132 -0.000154176350499023
0.150612262970491 0.281652457004867 0.0589356266556827 0.0515104051172633
-0.0790954782279255 0.293249016119702 0.0260317191245242 0.0704234968133733
-0.33551940824715 0.120332180200606 0.0112615799203432 0.047131598917664
-0.362607609705513 -0.201296728856834 0.0382301571444837 0.0119732490784451
-0.207901355933544 -0.390715311979215 0.10211164758314 0.0717803550324471
-0.166548201228789 -0.285817673274057 0.0712177388723555 0.411315965673332
-0.291143336120027 -0.0949405589903032 0.197719344907275 0.121191630720921
-0.240765082935119 0.118108700379628 0.0277221819553733 0.0275118777090609
-0.0384149189242588 0.228058386055139 -0.0284803578739159 0.0876652970280855
0.111685611253368 0.192073821794418 0.103207114964472 0.172386972068083
0.192129963287731 0.0955126009740723 0.240254755953386 0.0578317335202754
0.201148091616627 0.00464098214163933 0.225841466977614 -0.0484095850450117
0.192525787020971 -0.00851178773573644 0.190075038332832 -0.0682896976390839
0.188164031405074 0.0269616071798162 0.18659880656638 -0.0428553418304758
0.182154987891392 0.113695899345583 0.159453807451093 0.0188346378357421
0.0723428853931117 0.197872629394694 0.0807422983797567 0.0800444140224179
-0.0789534313031207 0.165966901837683 0.0130972238265564 0.071439539641163
-0.199595088011498 0.0396692514577889 0.0371003845921723 0.0388037083360301
-0.214368756749737 -0.139075071031628 0.0856649069434664 0.036642586229406
-0.140367965837333 -0.253320293469734 0.14432350044748 0.17150011987683
-0.10018344535323 -0.137373479333836 0.134605154360859 0.490478180229001
-0.152830233232824 -0.0361228335285868 0.256406657582074 0.143627794522222
-0.109951314361652 0.060949014307871 0.0568020674790369 0.00800344010313187
-0.0267687244436987 0.10103919402045 -0.04284358030883 0.086055196689905
0.0391342928288832 0.0970841504273852 0.100863217512012 0.20491620809541
0.0882155155120479 0.0621305267478475 0.27738462343867 0.0941979900578694
0.108384732221868 0.0240263591908267 0.288942133028976 -0.0325087117740011
0.106707527933644 0.0231913125926456 0.246821870223355 -0.0634822054465501
0.101483333355673 0.0432381541153118 0.228750392908252 -0.0329219374635541
0.072826718436735 0.0814593114433693 0.178828449345718 0.0356398150245529
-0.0056156684316212 0.102073693928456 0.0790726841341191 0.0914201084035639
-0.070453991414795 0.0418672064053802 -0.00678489276827342 0.0561902455613671
-0.0647251456370488 -0.0286503396575193 0.0488154607170272 0.0215988157211424
-0.0639706843703222 -0.0629323356907249 0.105302348019023 0.0455917643448331
-0.0620590645703805 -0.0922445753387087 0.163267496611329 0.223285548516002
-0.00739519752806014 -0.0355157640347574 -0.179321654839023 -0.279855524376022
-0.0478633168705708 -0.00846033954481442 -0.165405597964174 -0.045733080298881
-0.038969765915011 0.0476688562380146 -0.0523239355544861 0.0192145154786631
0.0386260821365124 0.0495683455596682 0.0386163002200883 -0.0137284343348818
0.0547724624967943 0.00153736202528224 -0.0264728361662331 -0.112111875169291
0.0326028665263184 -0.0359742591459441 -0.170643593814769 -0.0839141542078716
-0.00116989738148271 -0.0485583080122084 -0.240421570345076 -0.00786174717753637
-0.00670988032978292 -0.0472196504233222 -0.262979371554677 0.0279242922418648
-0.00189135975108638 -0.0398811037823175 -0.286178474708476 0.0069258945756441
0.0299485471930117 -0.0213665234476584 -0.256906418326858 -0.0924132970521871
0.0403354728349345 0.00278785803271947 -0.119843425407923 -0.180048570182853
0.0120676015681761 0.0344303855670396 0.0276970265079552 -0.0975920525002014
-0.0453127453858998 0.0137053108479937 -0.0651989213316797 -0.0306186382914046
-0.0172589016694184 -0.0451760104979306 -0.179344584051213 -0.140223953072881
0.0278139888230089 -0.0475085569167568 -0.130402448876343 -0.480117724990203
-0.0599036004395703 -0.173533149328944 -0.185354491124434 -0.240101563351807
-0.135653649409507 -0.0712423365155888 -0.156273105306027 -0.0361112004259459
-0.124134297839134 0.0598804167337806 -0.0595113876422711 0.0393959061331657
0.0120082223044186 0.119434391899941 0.0450558288807045 0.00380991727028775
0.0896516292358276 0.0794634293993085 -0.00144880378437002 -0.0985411709290884
0.112641536728265 0.00961431715531202 -0.13770692173342 -0.0936187132100363
0.0924434277004746 -0.0488441609329141 -0.217677546953137 -0.027133593883471
0.0957342367088554 -0.0613790401521545 -0.242305297290334 0.00748767732932158
0.108591360494212 -0.0406529428181163 -0.255892289262099 -0.00773538236478236
0.1516124869872 0.0349220461752469 -0.22631980863997 -0.0888158588705804
0.105961653064623 0.127884881683412 -0.106166919714975 -0.157125773991888
-0.0262639192399183 0.170178938297768 0.0289871862335163 -0.0684528572254199
-0.205057539166081 0.070215602734583 -0.0786672278796962 -0.016118003537235
-0.186655470398073 -0.138506074320909 -0.180132829145542 -0.140339262638435
-0.0686685553940067 -0.231960277869776 -0.11271759040023 -0.447574417819637
-0.109587088882933 -0.294834514931072 -0.177048629106275 -0.156400965795037
-0.223590830174786 -0.125082262730662 -0.132647240865174 -0.0161494685688799
-0.208984211243727 0.0756592484845614 -0.0611927502848692 0.0539333830365067
-0.0159567872969115 0.190949723360296 0.0406656893757294 0.0163868808076724
0.121220478685988 0.156476483847369 0.0171058252061997 -0.0708148910590336
0.184511444603024 0.0560119613470215 -0.0870208448662564 -0.0871579122159861
0.176245312304941 -0.0420800696047092 -0.163655346466927 -0.0422569270648948
0.184222526413528 -0.066663658395265 -0.184427643267059 -0.0148536502550511
0.202079468540444 -0.0347185896854553 -0.186917061708264 -0.0209903930284433
0.252593544437097 0.087203326563584 -0.163291856944856 -0.0723472977447347
0.160447459009811 0.239485408327128 -0.0774523067347417 -0.113748778266063
-0.0607021679058582 0.288955537414136 0.0273916768401461 -0.0321383085893477
-0.341676558435967 0.121731315693659 -0.0795158128233391 0.00248024783382512
-0.335192340770477 -0.216044826233939 -0.156753201622595 -0.120388893961912
-0.152817240251312 -0.383964201628448 -0.0748028283415795 -0.357144844755805
-0.154030518408915 -0.382107649928304 -0.148586287391334 -0.0319511037899493
-0.309942872314084 -0.160643550011688 -0.0809578446940212 0.0140049128963412
-0.288553066622013 0.105477401609662 -0.0517162442438514 0.0589080889177014
-0.0371089359243582 0.264384658271322 0.0271989619574223 0.0291944327579789
0.15194966739215 0.223744072326489 0.0357644200856104 -0.0228285787659787
0.242827396282342 0.0943919382920151 -0.0170013754735399 -0.0644246862008643
0.238671932966378 -0.0308345619603998 -0.0810899442715645 -0.0506136194951032
0.243948860413752 -0.0620127824355235 -0.098285197911911 -0.0353345275140479
0.260703549786376 -0.020667994904712 -0.0912142557504043 -0.0313873922214566
0.314557644313138 0.126260350513146 -0.0753844524327411 -0.0475258972763219
0.192629616101102 0.312550791139417 -0.0354532836074097 -0.05435945213195
-0.0822821454465155 0.365733732909462 0.0263757499228936 0.00844787790870519
-0.425476445162758 0.158523532498426 -0.0613997572413816 0.0220808698406144
-0.430730806632531 -0.254097041453315 -0.103523206966013 -0.0805067754838684
-0.206286386489548 -0.470571080185154 -0.0196800824523368 -0.221855165038626
-0.183421443603197 -0.41875295934648 -0.0945042803963029 0.119991881083631
-0.368140398004035 -0.168840801571882 0.00238541229034887 0.0520547859210484
-0.338471569324561 0.135253413612794 -0.0301389730759883 0.0556578318157261
-0.0491381039549341 0.313267581834746 0.00759583875505034 0.0486513932064687
0.168177365037199 0.263513940001402 0.0590729200095355 0.042563090223688
0.270307487473455 0.118429346975108 0.0706127456431958 -0.026989162999635
0.267471305701251 -0.0176678219587961 0.0210311948741054 -0.0529153061810591
0.264980201961523 -0.04797540880883 0.00366082670332327 -0.0500378514111978
0.276142796155259 -0.0023689542470326 0.0150299059521297 -0.037802053797021
0.320296015928947 0.143875573561278 0.0215610754074815 -0.0207652636762684
0.187344775692704 0.326621443933868 0.014690795191166 0.00639452856899865
-0.089759985156452 0.366690421345474 0.0272837376882631 0.0468151478808395
-0.422969043013779 0.155314788693979 -0.0278079917055505 0.0378931210825278
-0.435868651563407 -0.252526442487637 -0.0310212013744228 -0.0316795948119201
-0.220212619398096 -0.473756257890622 0.0425234394859266 -0.0668569657427866
-0.185037453364428 -0.386797486841801 -0.0211940870345265 0.275606611208107
-0.363104341759931 -0.150522323946176 0.101393518966427 0.0914690460539633
-0.325423212717894 0.138137420020665 -0.00172286788394689 0.043775043660767
-0.0521487790569941 0.302089594059341 -0.0138843735395089 0.0707542282218345
0.152571714999326 0.252968038096397 0.083349117751385 0.114141131634293
0.251955469917636 0.121011627584974 0.16069528603818 0.0184630310530825
0.253691922434877 -0.00352833226756308 0.128160303178674 -0.0483350564498732
0.245454939903544 -0.0267415560863906 0.105170285601829 -0.0585039683676415
0.247768496128472 0.0168025038817336 0.111918533958216 -0.0392000895674666
0.266183964878191 0.140715588774175 0.103962281708317 0.00423611938758028
0.138592817136104 0.2807671839551 0.0565003878797781 0.0548689999168568
-0.0893297232099965 0.284434581771235 0.0238054296273831 0.0699086129162774
-0.333658274638431 0.104718725856703 0.00840753101040037 0.0431215268196141
-0.348381971418098 -0.211836396770807 0.0374370315108245 0.011387540372107
-0.188178317955468 -0.392530213116431 0.0974739878565972 0.0739024057233471
-0.151404827993046 -0.288955535256463 0.0525119710532887 0.406468465906298
-0.282054081726692 -0.106037967311926 0.188152257135364 0.125480021946361
-0.241123406935689 0.106804104934883 0.0285413752747631 0.0283303525132372
-0.0464789958882778 0.221698774912286 -0.0319169298935578 0.085888982356441
0.102051141368664 0.193191214052705 0.0978106766045816 0.173410381407001
0.184520494805168 0.101756001687288 0.232925241284639 0.0633116202217698
0.196813865307113 0.0128919968739011 0.221025530581421 -0.0370514382524471
0.188518902104852 -0.00098725871240829 0.189124380942284 -0.0594866527989559
0.183789716431891 0.0344016462299854 0.184548840594832 -0.0346859119003008
0.173947455719262 0.117995661516605 0.155054688957643 0.02409383794599
0.0641756081917432 0.195965263297848 0.0764341358149662 0.08289330702657
-0.0841725632418033 0.159055002112719 0.0105809106128545 0.0705789542424111
-0.197144385176606 0.0304055007897178 0.034899991170068 0.035884564540408
-0.204650542449909 -0.144912020972933 0.0822460019175367 0.0390728751885229
-0.126858893631099 -0.255322632449899 0.134265733742286 0.174404683898522
-0.0920597616882866 -0.140584209597128 0.112857019537808 0.488678823028429
-0.148736363635499 -0.0424016685702104 0.244119015110581 0.151748231198752
-0.110604449156179 0.0555165876731902 0.0566603547414776 0.00956157521281963
-0.0297941875436816 0.0984334364353905 -0.0451804896955796 0.0838241557569075
0.0345213220347428 0.0970897108850386 0.0928919445382009 0.20490929792352
0.0837289062275119 0.0655595352991544 0.268220576325213 0.100796635991625
0.105753214152094 0.0277199729505288 0.282500094811134 -0.0201048541048559
0.103831652859717 0.0266967484005933 0.244553598662017 -0.0526401961314336
0.0976729822421905 0.0458700030441019 0.225223217118905 -0.0225199087501017
0.0686660225706967 0.0827363223197451 0.173452588110223 0.0414624651346864
-0.00972029363979985 0.0998727263111703 0.0739559334779092 0.0928070849893002
-0.0710339902411587 0.0383211526569004 -0.00894571819241679 0.0553637414726946
-0.0621020130919307 -0.0307926406920732 0.0468519033735996 0.020155115538495
-0.0600285970712152 -0.064418935709332 0.100177748139441 0.0481250247026823
-0.0564907544895335 -0.093932039297133 0.150324594932505 0.226080881860151
-0.00669477829671409 -0.0361168037997279 -0.172216757491303 -0.295373099050802
-0.047602328569412 -0.0103193517278906 -0.165648466714023 -0.0541131218390842
-0.0409399074080392 0.0467644920904962 -0.0543975778233938 0.0191003752260744
0.0373268670827068 0.0512672917152588 0.0402045301177099 -0.0126461415526677
0.0555978962238387 0.0034672989162711 -0.0226783188619328 -0.116530892775702
0.0339150725007887 -0.0357054760720634 -0.170379253604965 -0.0919290261994762
0.000265119781807273 -0.049745979024119 -0.243360738418062 -0.0187354245634443
-0.00486013483116599 -0.0477068152398183 -0.269796390065642 0.017474770816368
-0.000424483007215267 -0.0400025303325317 -0.291702837314816 -0.00513267017720727
0.0315701418636669 -0.0209157234811438 -0.258316987945828 -0.103317098395561
0.0412130723396494 0.00341457933567979 -0.115713038641016 -0.187416990158234
0.0114437945040825 0.0349745670414904 0.0315727872772131 -0.0999604994491299
-0.0464117274610683 0.0121624685451107 -0.0656410766568233 -0.0337527388899173
-0.015566336840052 -0.0458874716113058 -0.173801520323496 -0.152781110675144
0.0293518001992758 -0.0465839345251721 -0.110068001264291 -0.496364106173022
-0.054200870096585 -0.178492461242687 -0.179395908885295 -0.255818274604355
-0.134924907397163 -0.0774631741580977 -0.156581747926365 -0.0446688206707768
-0.128590147324358 0.0557465897856578 -0.0616683913757507 0.0391113384765013
0.00761797678070687 0.121094452136313 0.0455892633572993 0.00563754398197026
0.0880326106221872 0.08418887616731 0.0028681225918894 -0.101868898315619
0.113649563781062 0.0137046904077322 -0.1364081705272 -0.100981753224052
0.0951304878847775 -0.0454645687356034 -0.219688657121489 -0.0369829452428453
0.0997807834188408 -0.0583664738395823 -0.247935170955069 -0.00253129233595363
0.113014151550673 -0.0358634182856337 -0.260229157775279 -0.0189739099781936
0.153658693328973 0.0406283425189319 -0.226805188001297 -0.0988458123849947
0.103893437343625 0.134002891424687 -0.101940989046852 -0.163277600318603
-0.0346198714231448 0.172495725824808 0.0320366276005531 -0.0705472875187516
-0.211711806491634 0.0627823890369496 -0.0805182144309112 -0.020734828734339
-0.185001095578517 -0.149398270810598 -0.174369107091433 -0.154135268238444
-0.0613496721966205 -0.240236252462956 -0.0949603848294369 -0.463446498394038
-0.100740045726093 -0.303770883754738 -0.174955057080236 -0.170096964172717
-0.221802562528678 -0.135878996761196 -0.133251899079286 -0.0253418104312197
-0.215337433734263 0.0688815860104923 -0.0631954312159438 0.053258915907287
-0.0242221270974631 0.192216099255597 0.0405915682362124 0.018660317037852
0.117508483153086 0.164321142283084 0.021754169621065 -0.0720686637016925
0.185664336503232 0.0639841388249837 -0.0856892463020299 -0.0940389608108249
0.180872351968187 -0.0353279778369072 -0.16398710210733 -0.0487970467275072
0.189741146481777 -0.0605908005537796 -0.188640060751739 -0.0226505686449572
0.207943704611549 -0.0253574466000825 -0.190125047968874 -0.0290566239930745
0.255023571576974 0.098516634575915 -0.163367792694699 -0.0794389029282191
0.154411118796983 0.249514769128691 -0.0747883480387658 -0.116553505146509
-0.0746633641350852 0.292004132563745 0.0295577256465841 -0.0336370659184776
-0.354493714578731 0.110058246484494 -0.0823120179230755 -0.00268101093465274
-0.334263847473829 -0.233497253576929 -0.151376368204074 -0.132209901886435
-0.141006236227239 -0.399035540665674 -0.0605819532413723 -0.37051625561755
-0.143052380686485 -0.397105360437898 -0.15113651011778 -0.0421347571533516
-0.308993210408907 -0.175618705140881 -0.0829238420110774 0.00738331193917945
-0.298431997311861 0.0961352405013112 -0.0536684137700499 0.0590472906463947
-0.0484431303264424 0.266333650398753 0.0259754372577161 0.0318628838798709
0.145813197642157 0.234633214846247 0.0395037934437483 -0.0228103898855845
0.243966258044375 0.106200538507424 -0.0149068595522832 -0.0678941691062335
0.244030978546553 -0.0218426342446376 -0.0805235127583945 -0.0538793866222211
0.250312130612228 -0.0530234606978524 -0.0996177948462557 -0.0393023743364602
0.26791752758334 -0.00922748436639365 -0.0912837350557449 -0.0363785920425613
0.317292803745005 0.140921073711979 -0.073832060831384 -0.0510979131470125
0.184965325804473 0.325964799022258 -0.0335760178630956 -0.0543302007378944
-0.0994725903230861 0.369575763731069 0.0271946988301719 0.00836004873823048
-0.440374376312311 0.144452204559778 -0.0641007956107089 0.0172162216096401
-0.430765894947335 -0.277326295990296 -0.0997611763284096 -0.0896067372855764
-0.194144995910404 -0.490289283940728 -0.00903583138818108 -0.228462610580785
-0.170471610044018 -0.435008697031267 -0.101881084828658 0.115657087709946
-0.368313637217608 -0.188077818510928 0.000110799872268044 0.0496158913375277
-0.34975233798824 0.124972821587854 -0.0314542535712172 0.0552353680420503
-0.0626845232181093 0.315881144055593 0.00540991226099917 0.050969665507798
0.160557526333805 0.27489640152573 0.061421988071471 0.0447147593848194
0.271267501074258 0.131653116288431 0.0725648128974244 -0.02648564827436
0.273350421713591 -0.00680045439264531 0.0239204194964057 -0.0514017217620414
0.271638953272794 -0.0386761816545948 0.00514593518058696 -0.0504482892210179
0.282534901003214 0.00954204271585741 0.0173124358497515 -0.0386276750949894
0.321223825406962 0.158987169449453 0.023093555300847 -0.0198051478930027
0.179887029195107 0.339816824652895 0.015013339915263 0.00990072567667624
-0.107222662734447 0.369393820659856 0.0264159229181097 0.0480811996392798
-0.437540434202293 0.14113253585616 -0.0304225520071181 0.0342274817288598
-0.437630987389519 -0.274634322863813 -0.0284664045912345 -0.0358382613465293
-0.204887707403446 -0.494699204153789 0.0465233399312066 -0.0672135800441236
-0.17254950898491 -0.404171255101195 -0.0340750837870293 0.278618475382139
-0.363309512239554 -0.169573366776252 0.0989836827857656 0.0947495556165264
-0.337569345763685 0.128764163583506 -0.00091325101247449 0.0446865596234633
-0.0650045511788353 0.305779033483715 -0.0167628911739439 0.0729918617313245
0.145104365181561 0.26515061188488 0.0834290646532733 0.119445737061521
0.252085159734332 0.135018009424263 0.163199195529283 0.023038027702415
0.259443145153607 0.00772621464425102 0.131602716350922 -0.0423278154452543
0.250601930324331 -0.0173937919175911 0.109191038087623 -0.054784997468509
0.252386227491634 0.0272475958679997 0.116111276190852 -0.0356919342737342
0.268146836823817 0.153179216916601 0.105884261351819 0.00800830614145118
0.13195713061511 0.291352458992674 0.0563495988880427 0.0608184775320763
-0.103639747620498 0.285715105679604 0.021426325557076 0.0716124870292656
-0.34445419105847 0.0921807453681707 0.00655660312516144 0.0413036230438747
-0.347893716079873 -0.229970217577981 0.0384877366825673 0.0118741275385753
-0.176951434112162 -0.41077033302603 0.0963401715334638 0.0794628563157172
-0.142035229331499 -0.302426675482801 0.0361949897706519 0.415804515369636
-0.283650334251602 -0.12123431789604 0.185599392240572 0.135386065957662
-0.251945284929703 0.0987209489187634 0.0301235353161139 0.0297967112311103
-0.05751998701415 0.224340281256008 -0.0367212926135531 0.08758056468711
0.0967895504584607 0.202014934728698 0.0950156596845645 0.180286947378451
0.184590985739218 0.112033739807817 0.235327279249674 0.0721168994710376
0.200357822627102 0.0215225551007462 0.225364733959235 -0.0278628806595457
0.191867550098465 0.00672356651984977 0.19512233612885 -0.0526954200522416
0.186084897329827 0.0418727592243472 0.18963932456568 -0.027389385411298
0.17336786011046 0.126732584738831 0.157251457307677 0.0311029135812128
0.0587171941664496 0.202198193826099 0.0742459888631353 0.0893141727484346
-0.09306467789872 0.158115201277391 0.00788581245301482 0.072754650741953
-0.201943597114487 0.0220369204385206 0.033798782494314 0.0348962581255683
-0.203594944065874 -0.155889099178804 0.0814636547540035 0.0413668280661277
-0.11837557583164 -0.266661358223011 0.128604435610605 0.183742544687129
-0.0871365355266625 -0.149452889647265 0.092051057190103 0.504117668499304
-0.149845251216974 -0.0511900350368996 0.240757093619777 0.166744380167201
-0.115882098553328 0.0514640837811709 0.0589393459262661 0.0123828333131424
-0.0352283732745818 0.0995397820022254 -0.0501238871872154 0.0846944607557985
0.0308454328657566 0.100781782638892 0.0884120766866705 0.21369094676366
0.0829071236632851 0.0712077702418862 0.269828557899881 0.11191060176954
0.107154213273585 0.0336100573496717 0.287536719994862 -0.00802545664563533
0.10474257217092 0.0311332114960011 0.251751667665188 -0.042596742231703
0.0987178124568854 0.0503303631964727 0.229836607228863 -0.0133405554374253
0.0664956093753356 0.0866760832276217 0.174185035630664 0.0492645367400121
-0.012720056653901 0.102276350128652 0.0713693300270206 0.0981055012778178
-0.0742469373668623 0.036844390497759 -0.0102716301786997 0.0562893666958004
-0.0619146859697501 -0.0342222188203287 0.046638318292815 0.0203354929082952
-0.0585727872428794 -0.0682172359860997 0.0989454476705971 0.0531437524900107
-0.052111365210986 -0.0984615777469768 0.142909051416359 0.237466832161913
-0.00651167943870299 -0.0367867079332861 -0.178411892949884 -0.316985308743429
-0.0492432728246299 -0.0112450233073364 -0.173271977586285 -0.060474106877761
-0.043461903267639 0.0489656847593849 -0.0566066115123944 0.0214669955369538
0.0393105960959648 0.0541047712062879 0.0426468284517879 -0.0135993740480551
0.0589118941236395 0.00395250922940216 -0.0227791153381035 -0.12381663455
0.0354908753326713 -0.0376782923109636 -0.178322266086992 -0.0998320799379611
-3.70379528905652E-05 -0.0516230297936638 -0.256180990640287 -0.0239580547064548
-0.00491339969902167 -0.0499210759045033 -0.28606600435905 0.0132681438653845
0.000878881686510365 -0.0414159530533727 -0.306858792765497 -0.0097611144795308
0.0339701376271216 -0.0220359625323065 -0.271506148482477 -0.112646108660011
0.0434909478780392 0.00340650823307254 -0.119729163406755 -0.199518984032581
0.011641056597832 0.0359624924365834 0.0340174183938677 -0.106221996003596
-0.0491743636128223 0.0126347460606634 -0.0696845419849794 -0.0375058451261166
-0.0161030800924377 -0.048164221819059 -0.178495965341335 -0.167226532823497
0.0304178900986012 -0.047872402830427 -0.106687760599663 -0.52644721893346
-0.0557045421706407 -0.188046186726129 -0.186241221740221 -0.275441873652992
-0.139635622465701 -0.0832255482851235 -0.163240605859803 -0.0523872841237533
-0.135100298460667 0.0564344948119958 -0.0650052774065071 0.0422462337215211
0.00609058478563041 0.126409653915568 0.0483517254600529 0.00634809224226593
0.0921728936016678 0.0900319010539672 0.00505780620383845 -0.108193812454265
0.119333190321598 0.0160766560495398 -0.14199627044923 -0.109885691010687
0.100680005690704 -0.0461655996091892 -0.230150252238228 -0.0428148230033049
0.104909709667066 -0.0595765940009386 -0.26210561825108 -0.00646259195379011
0.11974947866995 -0.0351081807043443 -0.27398918454962 -0.0247873028951491
0.16216851629294 0.0448736658348255 -0.237790195450212 -0.10666948187708
0.107633338000435 0.142205860308351 -0.10517124105374 -0.172203005776224
-0.0392171728605925 0.180280905463677 0.0344581416193107 -0.0761309850709721
-0.224887736560336 0.0634317383327549 -0.0859528210421059 -0.0242070955135644
-0.193395153664773 -0.160671695110658 -0.178630646288018 -0.168872452929022
-0.0615833166313527 -0.254578314877573 -0.09094992584837 -0.493737494536388
-0.102931929400942 -0.320920497606337 -0.182558216439499 -0.18597335373112
-0.231250013250161 -0.145844114038868 -0.139424176194164 -0.0319776816882804
-0.227843869964907 0.0700633214402137 -0.0670282568004775 0.0563392800436314
-0.028345435679368 0.200881472794474 0.0424630354049113 0.0209025707743988
0.122169641220305 0.175070098195418 0.025229844400763 -0.0770032479279056
0.19512864381742 0.0702947519362923 -0.0886514731324276 -0.101773825052046
0.190793482843893 -0.0342217870586109 -0.172049772529913 -0.0540537733011384
0.200193641144663 -0.0606705101134828 -0.199098753455276 -0.026092557533858
0.220440480797595 -0.0220633414971399 -0.19969041788934 -0.0347084380060121
0.26919051609946 0.107154439714571 -0.170602215764928 -0.0862049503889142
0.16094081552611 0.264961823664345 -0.0768417239080319 -0.121447811869484
-0.0838469851394025 0.307151036674328 0.0316046150528483 -0.0374644560978046
-0.376375576318681 0.109974879220443 -0.0872266960466344 -0.00690746622207275
-0.350927853422815 -0.251493142944033 -0.154995706933119 -0.14581342138314
-0.143544458817249 -0.425349297808254 -0.0564474751101506 -0.393756936990363
-0.145700048612133 -0.420632984746371 -0.159328070050147 -0.0506060210506166
-0.324084685505526 -0.189644380493155 -0.0869051933484567 0.00255998024814124
-0.315111753783318 0.0975284819786827 -0.056289499400315 0.0622597504060938
-0.0552513625081096 0.278821667399716 0.026492355475433 0.0348584315099196
0.151203943654985 0.249749679312483 0.0436171591762657 -0.025303607641504
0.256036966273867 0.115896186630875 -0.0147358366709328 -0.0739810405006972
0.257762575428474 -0.0192552193294544 -0.0837888103701003 -0.0568209223231416
0.263186302794135 -0.0522061083807411 -0.104597884915332 -0.0428501961774563
0.283875155949875 -0.00443019684733185 -0.0954066457189429 -0.0404383763665122
0.333606585418054 0.152940587649084 -0.0766007073712868 -0.0548069070086305
0.193098385777519 0.345917063989087 -0.0340386013437723 -0.0550679894293515
-0.111419824914144 0.388254425012567 0.0286221410985206 0.0070399972259433
-0.46767839381064 0.144781242559743 -0.069115350194165 0.0145609819315898
-0.451778317770087 -0.299261670144687 -0.101257614779728 -0.0994517943592113
-0.196705461648802 -0.521830682243931 -0.00646342644527442 -0.243510675207164
-0.174693505720134 -0.462304741080004 -0.109360700860196 0.117135295648882
-0.386488542015882 -0.204467686932161 -0.00104493723017371 0.0492954233255159
-0.37144015677709 0.127371013259488 -0.0315143114607385 0.0581534724542045
-0.0710045008343897 0.33123362183238 0.00456931401021212 0.0548172466744769
0.166438299309127 0.293051239979776 0.0667384655374989 0.0470681859466056
0.28598414629188 0.143782085597143 0.0771516656898058 -0.0298671001308128
0.289169307846699 -0.00308104284532772 0.0257112136924734 -0.0526788129686092
0.285860661659661 -0.0364965756601595 0.00633428069709584 -0.0529666918672242
0.299277963113043 0.0150442152031687 0.0190326016980279 -0.0411866854130843
0.338914440316982 0.171304700864868 0.0255135997766746 -0.0204133666737361
0.186032549348251 0.360488471310643 0.0171495384055508 0.0142356089062294
-0.119820650718397 0.388661247106415 0.0276591968446845 0.0496060620622379
-0.464754101729552 0.14069996687525 -0.0336440488655102 0.032418007963695
-0.458345383962703 -0.297188418063145 -0.0283317682283991 -0.0411361269180605
-0.21044482284393 -0.525677567576291 0.0506642949349384 -0.0715044886089164
-0.17628621568848 -0.428996275241953 -0.0403328384733078 0.291342795543877
-0.382359185462499 -0.184671376138776 0.102690871510638 0.0988383796277105
-0.36010920707948 0.130786869116797 0.000382001027410892 0.0468381385397215
-0.0744945928274451 0.321581847186001 -0.018564356519885 0.0778283875054974
0.149954653625642 0.28267724222121 0.0893846374404722 0.12617651092995
0.265917364919271 0.145697075408276 0.171957343899497 0.023628842869283
0.274126232074657 0.0121087298857107 0.139120350083699 -0.0409662543320439
0.263300848523374 -0.0142660563254718 0.116124080916682 -0.0560515629139444
0.267303783412226 0.0336048302721328 0.123477161929405 -0.0364103551448959
0.280868961530657 0.165311678086528 0.112517309306838 0.0101892911194735
0.136233603238005 0.308963820428403 0.0589901614795639 0.0678126247844042
-0.114483243419103 0.299124072884389 0.022448436758607 0.0754137735990914
-0.364803947221454 0.0907796084515982 0.00546497304584712 0.0398129896222906
-0.365306739360765 -0.249137866690351 0.0415901397370983 0.0107267340307705
-0.179346913365785 -0.4375864628755 0.100353731817929 0.0848914737811763
-0.144443291175345 -0.323232965734812 0.0312768908011548 0.439734686764911
-0.297962535937085 -0.133583142967722 0.192604558413848 0.145283981137032
-0.267872796455169 0.100775208902552 0.0336374825567904 0.0308505047639027
-0.0646531556700408 0.23610515099523 -0.0395330042770248 0.0933331862534053
0.0994560063039709 0.216175491316022 0.101162832921408 0.19153487060171
0.194299520973999 0.122976339697935 0.24662405161188 0.0770178486636852
0.212067922564345 0.0262079078515991 0.237736695434706 -0.0247295242025758
0.201038363817025 0.0100987997297378 0.207087246314197 -0.0519916108598911
0.197071304296618 0.0473253276632192 0.200749479368049 -0.0261962186426344
0.181607492848223 0.135698011232811 0.164963992665299 0.034640088915908
0.0599434759919367 0.214236444730821 0.077354566739034 0.097236688234431
-0.101392667802506 0.165542617888323 0.00828268362887859 0.0769095095417232
-0.213696117907957 0.018998377795769 0.0346778888471158 0.0336849774313292
-0.212344575721395 -0.167795517268994 0.0844521315029417 0.0441926939779273
-0.119850911625952 -0.284601393720028 0.132682878720818 0.196650331451381
-0.0889928809254034 -0.160211180673772 0.0889854103705223 0.534920087860162
-0.157754426930584 -0.0570150516499118 0.250071104143812 0.179911596083334
-0.123849538787646 0.0527469819942685 0.0635772078267235 0.013270152355385
-0.039529620247137 0.104890237978165 -0.0535627509246859 0.0895539258895937
0.0313170149787221 0.108225703137602 0.0921493412488285 0.226687389983619
0.0873408143751838 0.077814651221955 0.283420417353875 0.120373723173931
0.113342223070545 0.0373206035751723 0.302508361930633 -0.00361621993005062
0.109368529303593 0.0343309080886653 0.266878934774872 -0.0413427226712041
0.103573459751951 0.0541445045781142 0.24230831662826 -0.0101803510623082
0.0688572400733601 0.0924338156219106 0.182281514077136 0.0544252438467873
-0.014807923559462 0.10801167116791 0.0735108799319445 0.104935152507664
-0.0792384491493335 0.0377564644723892 -0.0125022910889022 0.059854140956988
-0.0646311143192481 -0.0381664069562509 0.0493679072034761 0.0191095998091154
-0.0603032668375491 -0.0727252699975663 0.101829164070727 0.0568890916372316
-0.0521168289914643 -0.105688061559071 0.146144456123679 0.25403684252711
-0.00886559284042638 -0.0367602178841217 -0.240021065441717 -0.308121763314047
-0.0508863625102749 -0.00615216566240609 -0.190892783095669 -0.0391203375725543
-0.0388783014287941 0.0570198621212135 -0.0551797255704772 0.0294436966521228
0.0482672804265555 0.0514770792463109 0.0405037836712061 -0.0243100438251521
0.0643748404846285 -0.00473373330318764 -0.0477999617317878 -0.127059353229188
0.0326111615065983 -0.0454994774638182 -0.205629827117382 -0.0756703687594162
-0.0068859394277439 -0.055463717212271 -0.278869132582535 0.0170742799954001
-0.0119047738402455 -0.0538198959565405 -0.299111973188738 0.0561806708114479
-0.00516845430924109 -0.0448649336126547 -0.32714278550559 0.0349286060897011
0.0341098668584521 -0.0303572850973133 -0.303092579861968 -0.0777994363212886
0.0481806594142699 -0.00443146944607814 -0.157932899124267 -0.194116763059782
0.0170344871931169 0.0368169452863572 0.019301792132379 -0.120442102870344
-0.0479804903555618 0.0219327024521742 -0.0795919780156576 -0.0284402757861154
-0.0217083777636662 -0.0456153321248987 -0.21134054891125 -0.152536406049313
0.022322389928154 -0.0500850799543936 -0.187461635354594 -0.545713645726791
-0.0873157773963547 -0.190531848223447 -0.229131479994316 -0.257757513026101
-0.157772390188172 -0.0697347678371921 -0.174243269512141 -0.0320515544429689
-0.134347813919741 0.0790277919812552 -0.0556222447143445 0.0485280369386281
0.022759306863203 0.131560842819461 0.0512123603073241 -0.00765905877470991
0.110886035279062 0.0816633739790298 -0.0182845274178907 -0.12042973577439
0.129337470294557 -0.000319951801871184 -0.174039488502157 -0.0940959786308101
0.0995051107718726 -0.0625066842366918 -0.256707713467368 -0.00791399726322863
0.102235935542597 -0.0790857073083342 -0.27750928483737 0.0326660052633758
0.12142121492633 -0.0548302555031836 -0.294381726755378 0.0139426515728905
0.177735473240192 0.0208394108112315 -0.266231786886285 -0.0785032977916783
0.135991549744579 0.131520759708473 -0.137486004913324 -0.168431366425488
-0.0175148564484273 0.19447054464127 0.0271349284117455 -0.0899443029866701
-0.224880605148648 0.100745399081975 -0.0920084110861237 -0.0108373381595041
-0.222804593731728 -0.137331183326421 -0.214711463431206 -0.150609763240123
-0.103747240320206 -0.252460065196822 -0.16692152277901 -0.512895091245783
-0.161123390135377 -0.326324035207761 -0.19973833352805 -0.157233172333499
-0.264659413332986 -0.124029809577603 -0.141432491048055 -0.0148089428016419
-0.229769954273154 0.106464871160625 -0.0501161371449255 0.0609606775063605
-0.0038963399433163 0.214606257410569 0.0489304214628513 0.00565591027370933
0.153980190016226 0.167163607421607 0.00658239922289731 -0.0960273616345413
0.217357949792838 0.0459696908029911 -0.120941681467071 -0.0970275319901271
0.196684337466004 -0.0614540729401822 -0.19832924082552 -0.0313022956398549
0.201710039069671 -0.0926097805953245 -0.213730270255975 0.00286466622137231
0.2284224188173 -0.0567904957144963 -0.217395701012752 -0.00862277650216364
0.298393953367102 0.0702060830862562 -0.190970316462223 -0.0677749202361614
0.209205962152069 0.251377330643191 -0.0997053207690726 -0.120525222498179
-0.0476458918228999 0.332630185195825 0.0321485455858679 -0.0504172291355163
-0.375762718254522 0.172851720486543 -0.0891071242132559 0.0093303153196304
-0.400185341662731 -0.209335973655398 -0.188764147287893 -0.125946865253496
-0.213160084759781 -0.418854746293671 -0.115646470693049 -0.413519422736298
-0.225811907728139 -0.425706614307638 -0.142566250897869 -0.0132901345559589
-0.368866882128423 -0.157155989930303 -0.0762086710480549 0.012605009605995
-0.319420552736275 0.14963548741029 -0.033579253503844 0.0605559513165657
-0.022446759242906 0.3005255230597 0.0358751300957308 0.0191518791663951
0.194474453325419 0.241988087756946 0.0336011161228658 -0.0479739847532667
0.288280748559374 0.0863148616980156 -0.0416226176132659 -0.0815428650231781
0.269329398221428 -0.0540224623605002 -0.106028902070927 -0.0500573561355647
0.269922938336644 -0.0927012704256325 -0.11766252845076 -0.0276625033961946
0.297223666002422 -0.0478691052619662 -0.10794350568373 -0.0302533507335198
0.372353417182005 0.108102570764277 -0.0875353652480982 -0.0493233673598762
0.253512223860532 0.331812129439159 -0.0429838388559953 -0.0564655800852273
-0.0656080995658976 0.422367252242722 0.0371193809400627 -0.00349647332156786
-0.467237220484674 0.222223403992546 -0.0650581905141298 0.0286313820368694
-0.514194397937637 -0.24576977500337 -0.12688883981082 -0.0823188780759117
-0.282308351753999 -0.512134419919863 -0.042306587739721 -0.261044177860616
-0.265139189830911 -0.468289993261262 -0.0579239013964171 0.158950481356676
-0.441002509597522 -0.163334982452736 0.0260939323025494 0.0478262456394838
-0.375063603503374 0.189587573935721 -0.00592260077389622 0.04869398619464
-0.0317814425864164 0.359002082552162 0.0167096014141727 0.0408583542343512
0.214808347310473 0.286204130174616 0.0698363358238923 0.0226100318660346
0.322761350717746 0.111963041434246 0.0613170039780945 -0.0506048630989719
0.305301795718678 -0.0419712568119288 0.0108916027631802 -0.0643874806348042
0.295281039563568 -0.0783444733489401 -0.00287913510840843 -0.0551817976736977
0.316564542389661 -0.0285999579945169 0.0136258787452219 -0.0479927943173772
0.379762875708326 0.128884150751823 0.0260435613293336 -0.0291921741109538
0.249250000280644 0.348090411883613 0.0217714826120354 0.00878407519541132
-0.0743226366443368 0.422269515526501 0.0427377734480695 0.0418992685527781
-0.463297050236386 0.218712809855008 -0.0248635115494959 0.0417457475063947
-0.520627086868618 -0.242223004213925 -0.0413689560893138 -0.0310141633188469
-0.295370967392034 -0.51596520511217 0.0413582327907383 -0.0858282065609227
-0.264577135884951 -0.434865104371327 0.043347815131739 0.33259746346016
-0.434200536309166 -0.142719751074708 0.143298582236798 0.0853751901401579
-0.362216421364944 0.192131629817316 0.0254803616703449 0.0308846023693115
-0.0369550115831149 0.348267652700886 -0.00363152838556814 0.0702503135766254
0.195361668105651 0.279247595315964 0.108323734171492 0.102376807093847
0.301387853551043 0.118207901887911 0.171215808819517 -0.00956406922871687
0.291171356598342 -0.0233022171036974 0.135190077410252 -0.0705954414935443
0.275399365927292 -0.0513210809571515 0.112407606668755 -0.0749647815940826
0.285564706719697 -0.00414130497678418 0.1251652538562 -0.0584520179493291
0.318366321778799 0.1305362472339 0.121720765717786 -0.00969748379733878
0.188430530158963 0.3011009585756 0.0740682522017851 0.0605031961980762
-0.0799779223638131 0.328248319610024 0.0397267698312184 0.0721191030422305
-0.366202761020728 0.150644485710457 0.015800590133882 0.0427475667516644
-0.415924887057288 -0.20566747369331 0.0393545537378213 0.012293693378666
-0.249153670928503 -0.428977492243418 0.116697820930843 0.0735855601443268
-0.213738849480047 -0.326914045880258 0.135028067108444 0.475838848047567
-0.338635520680784 -0.100365275509934 0.242536843324757 0.121278671029943
-0.270722862701924 0.146328399220419 0.0535259572426115 0.0131362982119783
-0.0388787182564069 0.257268194896836 -0.0223383502041603 0.0942183730806132
0.131257504489825 0.215692303154663 0.134733272650163 0.174133788894372
0.222521329206054 0.103807264455942 0.262258475503302 0.0355665019159239
0.227793071862449 -0.000118413020374155 0.24527999960869 -0.0687763706574218
0.212795939388471 -0.0160669281684549 0.20855093954351 -0.0850346474893339
0.213776586105071 0.0212079062047207 0.208441014052178 -0.0582838733477188
0.208820203293097 0.115578985327954 0.180230157893941 0.00982661844384411
0.0941920483176921 0.21471519306967 0.0978324051560812 0.0899512302200355
-0.0838748877988172 0.186349166138045 0.0241872271646008 0.0780506526922376
-0.21939137950225 0.0523741236795274 0.0431423552490135 0.0307733776015963
-0.245698554173674 -0.143800152630652 0.0911237590349181 0.0379170662872162
-0.164589299500027 -0.279641600871787 0.167628487409399 0.18893136667226
-0.127308257961173 -0.161742155778586 0.197479087991728 0.562151691084135
-0.179456196931999 -0.0386064495862047 0.301429126959679 0.152519060094898
-0.124874482340504 0.0742641955683331 0.0760003666794906 -0.00319698753807246
-0.0291079202257367 0.115779912157167 -0.0385606323098139 0.0989757849431052
0.0442320306507274 0.111345919764879 0.13491265277949 0.218459139962995
0.102191402409752 0.0720006693298553 0.314078445968077 0.078522030595735
0.124728864895906 0.025213346783913 0.320231975927041 -0.0557173113789214
0.119889782946271 0.0227493937889873 0.272815565992163 -0.0828086813019381
0.116828648020134 0.0425266832407096 0.25494378273305 -0.0467443934416963
0.085075878523836 0.0878778749975457 0.200643168641858 0.0297467357600569
0.000203365773717912 0.115662651291374 0.0937472539754898 0.0997007087448464
-0.0778931365221856 0.0506912913226286 -0.00178291633517675 0.066141218865509
-0.073192328760571 -0.0305480498792207 0.05384533972799 0.0112111911856498
-0.073863685791106 -0.0677993078725463 0.113135608827851 0.0468094827834207
-0.0675706073215508 -0.104783065634572 0.189680865809169 0.2494033413403
-0.0117939200423767 -0.0360756968036126 -0.272369003072985 -0.300215391380103
-0.0524601245407711 -0.00244493991030352 -0.199325283151282 -0.0267697881484261
-0.0353049625955765 0.0616107055420876 -0.0532205608257682 0.0355646897006638
0.0530920708634902 0.0484616614727567 0.0398123384946304 -0.0280614827939264
0.0660797656115314 -0.0105550903725663 -0.0602243310512005 -0.127695429859708
0.0286545629093225 -0.0493736256196098 -0.216838396274712 -0.0612526244974363
-0.0124760384032789 -0.0558532491353004 -0.284936703192774 0.0377206950379452
-0.0168186187096888 -0.0537631196430148 -0.304096486669087 0.0808188314082113
-0.00791086787002547 -0.0450756610936266 -0.333862966467908 0.0605302104852898
0.0325193204582299 -0.0344718398691429 -0.317361557917035 -0.0558633021460759
0.048637366491376 -0.0091875887855788 -0.177762057177064 -0.186853780319558
0.0198579455660425 0.0356372167892765 0.00919299426023601 -0.126004835221749
-0.0467755920012024 0.0260438357210542 -0.0845211244857284 -0.023120018313388
-0.025310418895482 -0.0444096841635194 -0.226472540133131 -0.143982665086955
0.0176612820151144 -0.0518492280841316 -0.234402794808825 -0.547767752231387
-0.103524846511668 -0.187522354824451 -0.257626434419941 -0.249880174502298
-0.165893308981043 -0.0594610511255093 -0.182112233215722 -0.0231179414428229
-0.131088375644271 0.0911022563798893 -0.051607379064499 0.0554403200962363
0.0331256898028398 0.132482255232978 0.0521059628683472 -0.011661596753422
0.120835651655115 0.0749357846546076 -0.0283166859702209 -0.12298454215174
0.132347958490096 -0.0108246959872866 -0.186176705066897 -0.0833534172729
0.0970157621341915 -0.0711297652002038 -0.264176653789202 0.0102373900467751
0.0984805364615835 -0.0880247416698521 -0.283207269253099 0.0543425779719409
0.121592051397859 -0.0656099414400212 -0.302239937267341 0.0362551722616569
0.184763809218062 0.0070949786814636 -0.278925249418305 -0.0594372696204596
0.149782095478939 0.123302782367811 -0.153451332056456 -0.160977200129889
-0.00424634400360368 0.20142592614492 0.0193232285755226 -0.0966588964495262
-0.222888785089045 0.120717615701239 -0.0966835551192907 -0.00528421502535439
-0.239164486743433 -0.122996886751804 -0.229601182187749 -0.143118992946522
-0.126377593914466 -0.25068324397772 -0.210360843685765 -0.516392030742208
-0.191158711014248 -0.320460475522543 -0.219124039933284 -0.149328062075658
-0.278867216952571 -0.105681084367112 -0.14801038322918 -0.00869951457448671
-0.226809858482324 0.126875094095418 -0.0453511590655925 0.067055775528172
0.0118474993109199 0.219288400130974 0.051445292499255 0.00188846876716988
0.171826215673816 0.159665513759698 -0.000718265689652012 -0.0999529624324702
0.227057693545462 0.030474122365414 -0.132314968504376 -0.0905280268592272
0.196697857588901 -0.0780876525619575 -0.205739212882943 -0.016740355495443
0.199343300239732 -0.109578416865834 -0.219704386046851 0.0193802649455656
0.231530216537833 -0.0751037467959682 -0.224000898236281 0.00695035537820902
0.312356752850884 0.0483721092461292 -0.200977682359762 -0.0546221854673636
0.234735436611126 0.241033831201298 -0.109474692893884 -0.113853227320601
-0.0252724297166039 0.346450373492479 0.0277016609610346 -0.0569702581605558
-0.372494136935302 0.206160589425778 -0.0921941718096413 0.0144959365854078
-0.426642371044463 -0.183880450550702 -0.201234223533371 -0.120172908447211
-0.251578743681167 -0.414137753271478 -0.152350459492257 -0.417649945823939
-0.266128113878612 -0.417446684032193 -0.149441015861109 -0.00636567912808136
-0.39000071149301 -0.131990299607208 -0.0790919741016099 0.0143085964236921
-0.315243356493369 0.178193077737621 -0.0282262783409865 0.065186042218026
-0.000412834660151843 0.308951624172615 0.0390704301254246 0.0169645124397476
0.219774515673574 0.23395212595651 0.0316874121752204 -0.0538167193217014
0.304402870786772 0.0661643191412675 -0.0504477454320215 -0.0820435832949607
0.272685506147358 -0.076370935729632 -0.112207946914397 -0.0423545942995274
0.268963169763951 -0.114793330957665 -0.123277816546389 -0.0197561153123381
0.303523803725992 -0.0715631505869506 -0.11315511194291 -0.0244265366993421
0.39219679883836 0.0812172478187894 -0.0923624899228786 -0.043974855974197
0.287275289655082 0.318523421449595 -0.0461677176847759 -0.0519560689313704
-0.0356628777716791 0.439202527625137 0.0374128646048574 -0.00891838768495281
-0.462695999752083 0.262645396844746 -0.0667146137165729 0.0318288851298602
-0.547337586157404 -0.211110761657703 -0.135360449942397 -0.0792741387763491
-0.330349148945137 -0.505573557066406 -0.064622062887174 -0.266215201448046
-0.308855402990786 -0.458655704848688 -0.048763999708349 0.163714005686305
-0.463956807192673 -0.133050514084739 0.0271598918255874 0.0425174938376286
-0.369687042505024 0.223467589533309 -0.000354539815248351 0.0500638105941849
-0.00655316643830303 0.370018188594717 0.0217934868020294 0.0419198861678708
0.244981781589837 0.278010757239764 0.0750836386010057 0.0149067558508532
0.342423365401745 0.0906022790618671 0.0577307578460519 -0.0590576540013287
0.310402316337013 -0.0659483756947661 0.00706835416066371 -0.0657565973979683
0.296624697376847 -0.101841186095022 -0.00708911921394093 -0.0569207208076037
0.324206153919869 -0.0534500097964991 0.0106804491929547 -0.0516299851387133
0.401017980608504 0.101093912087865 0.0252366209728951 -0.0322419471552681
0.284822551837456 0.336771102947356 0.0256949390325068 0.0104532500970654
-0.0444508413336287 0.439976966923188 0.0470773866546078 0.0375081905520566
-0.460009852475689 0.258849956379133 -0.0248723992159716 0.0419844177156494
-0.552823932922178 -0.205920949174382 -0.0451225891993599 -0.0317796534890704
-0.342253836055339 -0.507082007092015 0.0348296364731302 -0.0930196515780527
-0.304678578158606 -0.425281835736381 0.0689809515675017 0.335517801026104
-0.456619919194411 -0.114465564212697 0.151057208513018 0.0735099768580792
-0.357182161848059 0.225096766110481 0.030217558948375 0.0281669865833982
-0.0115981067895683 0.36079402404085 0.0032205894663359 0.0726443768951889
0.223219943809685 0.272759746881863 0.12118412682219 0.0946344582786232
0.321611057122964 0.0978003537711299 0.173828801460668 -0.0253972982222912
0.297663637349073 -0.0460595214195519 0.133596862404481 -0.0822601139836556
0.277934065909227 -0.0725102713103388 0.110123683023614 -0.0858632083047691
0.293401983973558 -0.0265674865578836 0.123811580444421 -0.0706375136392895
0.338325809387365 0.107992989764388 0.124492293344032 -0.0193647556262905
0.218253177748563 0.294109792379362 0.0835299730725887 0.0588727764216291
-0.0578331970501032 0.343944041346064 0.0470928065103195 0.0698982941296095
-0.364633797550727 0.180811355679828 0.0175149547315996 0.0391916631027529
-0.442142647964912 -0.176723789061936 0.0405027192747171 0.00700001095018132
-0.288528854778611 -0.42139207021596 0.125040228770052 0.0662280502054376
-0.244849408302861 -0.320523667882283 0.174544686440366 0.477235322302633
-0.35562391014041 -0.0785973739562284 0.255945918888456 0.10598022333904
-0.266293590159411 0.170647779217245 0.0566818254945711 0.00849633123173466
-0.0204934498581615 0.268059972099332 -0.0148165941320723 0.0989208731630101
0.152371798522143 0.21285079322348 0.154203440054298 0.166590495731611
0.238569703372197 0.0904247455605614 0.271937857684657 0.0145002154889339
0.234310316909958 -0.0174208955805278 0.246452839191782 -0.0885451910625427
0.217688573815866 -0.0313843621898866 0.208186266830202 -0.103209434243231
0.220722089736506 0.00513582077384648 0.209768509443344 -0.0763078780095895
0.224157254520472 0.101524122524951 0.185507842033656 -0.00419504213086553
0.114412168335848 0.212772723909185 0.108795810752356 0.0867731925803758
-0.0724112214189035 0.198511994099922 0.0312065477899634 0.0776922774886776
-0.221038991916496 0.0684490107843983 0.0450283064390597 0.0253374164327409
-0.26284134634227 -0.127394750365123 0.0952488169235269 0.0308332977123188
-0.188128012409761 -0.276010671907874 0.185066778377603 0.181333893922482
-0.142826799415351 -0.158446851925042 0.246707931187976 0.562870936634265
-0.187245390446438 -0.0269054658620015 0.319743459110595 0.135724167871852
-0.122457715440989 0.0854956785903179 0.078382792954859 -0.0100702754371469
-0.0214541511235556 0.121737607446672 -0.0317057034512164 0.105253341412451
0.0544383501964337 0.111967072517061 0.157172028219492 0.212961027524655
0.112969863403866 0.0670079542077671 0.328523013698531 0.0546946451197421
0.131438028681201 0.015985094629602 0.324127037101735 -0.0818355905249507
0.125611450844876 0.0148545710252641 0.274398695535547 -0.10573570609422
0.123097407816833 0.0342774078992374 0.259243822372064 -0.0674897984997241
0.0944201965791678 0.0831543379454632 0.207265879869203 0.015683702165684
0.0104599495480497 0.119474624780777 0.104257646630674 0.0967220312179582
-0.0765119088691671 0.0586731183531248 0.00379790298664248 0.0674725328414264
-0.077778069341586 -0.0266143569827279 0.0552737667343135 0.00473232006767299
-0.0806470965307381 -0.0635911803133714 0.117973415279553 0.0393148196532665
-0.075949959018534 -0.103831179864031 0.213638819263195 0.241462979934837
-0.0130011914946063 -0.0332948676053234 -0.287559710978541 -0.274805570447897
-0.0503542213675673 0.00109196015311173 -0.196476921861368 -0.0135133181142855
-0.0304906992324226 0.0625337143947854 -0.0474987346759284 0.0393072643562185
0.0547479075032392 0.0429973461798929 0.0371238772237065 -0.0300434224710981
0.06374028738706 -0.0156042158292439 -0.068126840562764 -0.120424833343052
0.0233543218108524 -0.0499409540310154 -0.21671910922179 -0.0439093900411084
-0.0171698213438436 -0.0532065646637696 -0.276647215710895 0.0562108420161332
-0.020405717357059 -0.0512309095098655 -0.292329871312999 0.0995789705279137
-0.0104434100611728 -0.0430574690897625 -0.322829704897725 0.0831050427674498
0.0289397947025974 -0.0368393156667997 -0.313955354918073 -0.0317913123036925
0.0462721615474825 -0.0132635001605455 -0.187269436164809 -0.169678118675563
0.0215322260161748 0.0335543994678906 -0.00132111311865269 -0.124380497560874
-0.0431966140395345 0.0299224430540966 -0.0850296428189357 -0.0160800844433821
-0.0272118381707804 -0.041130399737355 -0.229492404869221 -0.128959221902657
0.0124144341920889 -0.0505230677713002 -0.265852787851782 -0.519923763072293
-0.113516852985483 -0.174329646466131 -0.271887391873451 -0.227513896809979
-0.164718498558329 -0.0461560321653465 -0.180889064172493 -0.0120964007858195
-0.121131644572545 0.0977887391061821 -0.0447420841680527 0.057955525089123
0.041016250420986 0.126185207294106 0.0508237654528345 -0.0142852941642637
0.123861632765014 0.0640041714816321 -0.037385037503808 -0.118577027274514
0.127942797689459 -0.0195233176925026 -0.188403387522343 -0.0683080121709193
0.0887850416408757 -0.0756294212024563 -0.257581229143883 0.0280701214239868
0.0895820318087693 -0.0927695805810623 -0.274625533378476 0.072447655890644
0.115084687209461 -0.072403740688989 -0.29316156676934 0.0558684254644393
0.181234035678578 -0.0067325332485953 -0.276612695622787 -0.03898663177631
0.155109619386882 0.108704792255846 -0.161269728005834 -0.145853099388454
0.00944478603654944 0.197295218519748 0.0108417753131413 -0.0970667448621994
-0.208866190210856 0.134772732400583 -0.0957498394730273 0.00121047986100852
-0.240961389425436 -0.103206188377342 -0.233193563116326 -0.128515545368007
-0.141630394161654 -0.235806226364421 -0.242620216031358 -0.491599283276579
-0.208599982881809 -0.297859254167232 -0.227342205130753 -0.133737807481895
-0.278782460271056 -0.0836946621032131 -0.147903744220546 -0.00126933882209498
-0.211028998335002 0.139471080172557 -0.0377928774147516 0.0688302268826966
0.0261366538346938 0.212364923965834 0.0504419319390022 -0.00116273038689166
0.180794864010528 0.143466051192392 -0.00837607704416941 -0.0987266002898132
0.224659739326399 0.0132968982934246 -0.137259098949725 -0.0800963220547736
0.18603528589302 -0.0892128557894842 -0.202240098738149 -0.0020494647010395
0.1868063448525 -0.120006327690517 -0.21428896436159 0.0334214872815904
0.222011552182411 -0.0904572246959988 -0.21938205430835 0.0212604430018748
0.310008668588366 0.0238050146426829 -0.199804622027023 -0.039679670316322
0.246220794281582 0.217665906402621 -0.113303716817711 -0.101993389173133
-0.00171642662320561 0.340104285549536 0.0215039817611009 -0.0592352987356574
-0.349649179048835 0.227023630569556 -0.0909785371469324 0.0190178693102541
-0.429491064825929 -0.148980455969935 -0.20477479335691 -0.10800441122247
-0.275241038520395 -0.386976967932538 -0.179322276334637 -0.399442749433
-0.289682896547774 -0.387821371917279 -0.149222265995965 0.000960932292507922
-0.389102872988783 -0.100821673099899 -0.0798779725532371 0.0163599057160743
-0.292948118600219 0.195378655466217 -0.0211478078404772 0.0650277366021812
0.0206956009338046 0.301145361566524 0.0402373736109564 0.0140450326899351
0.232662122265748 0.212487597619675 0.0268620733380178 -0.0567328278491962
0.303367572615576 0.0423004120538366 -0.0560174879666448 -0.0777497247846614
0.260539611092827 -0.093800698893315 -0.112399388957078 -0.0337160448426175
0.254548844896085 -0.129519312941143 -0.122389083264269 -0.0109722662261348
0.291799038037192 -0.0910870236971609 -0.112882375521893 -0.0171029669128645
0.390304962193002 0.0501839224117183 -0.0925763105761082 -0.0375013537676811
0.304313094393602 0.289258361610033 -0.0459420187689006 -0.0452366588167503
-0.00580324309553965 0.432941439428158 0.0344912649468319 -0.0132344899432356
-0.434424112224665 0.288832943514807 -0.0650958189522423 0.0334271632456928
-0.548371103042585 -0.168072254153613 -0.139004313181575 -0.072713762058218
-0.356739705220448 -0.472906517226309 -0.0844263677181565 -0.256256805340914
-0.335265136829306 -0.424271438324021 -0.037561921940981 0.159827791560934
-0.460423160566726 -0.0977463478131039 0.0254669002844506 0.0367369824837007
-0.343989051211896 0.244026822955744 0.00456706967278249 0.047733094850202
0.0193015672789554 0.3618009147504 0.0248232242541419 0.0391174956179208
0.260659011379059 0.254506749107623 0.0744279172008421 0.00743052652013752
0.343389651433807 0.062624834589988 0.0509577933390795 -0.0636444451317402
0.298249474824701 -0.0864768256271689 0.0029661427336202 -0.0641195631054537
0.282410372660952 -0.118864247097784 -0.0109131012485556 -0.0555270948601978
0.313850504783167 -0.0756046378138447 0.00675630623318292 -0.053292861822877
0.400465780017792 0.0685800616561405 0.0234749075346838 -0.0342245762237812
0.303531465081251 0.306694391926499 0.0290247010407149 0.0106771614731581
-0.0125593585109006 0.434264396103796 0.0474721715195572 0.0315690238457972
-0.431000365078242 0.284464483881711 -0.0241218944242382 0.0392637637208488
-0.553986512233142 -0.161888086468631 -0.0469855395353627 -0.0318474325468754
-0.370714233558688 -0.474240227967499 0.026220767946803 -0.0937046340406576
-0.328937559856988 -0.394238955305729 0.0897296055278065 0.319977735247426
-0.454490546050527 -0.0801218557928498 0.14907935585326 0.0590159118921938
-0.332848676849559 0.24482040400408 0.0323670824114201 0.0250268599121013
0.0127038304680609 0.35407812199442 0.00883933932530202 0.0714753993337549
0.239857370384215 0.251304340429789 0.126940536184972 0.0812716595214367
0.323696788458192 0.0725035988344408 0.167248254192408 -0.0398018941401456
0.287718026273734 -0.0665829351969102 0.125691388296419 -0.0888836866202731
0.266249272511952 -0.0896418161321102 0.101230976612069 -0.0916671260933941
0.28543104578709 -0.0465003611870125 0.116479709356189 -0.0796366879073094
0.338887123592862 0.0809951058762029 0.120871360560802 -0.0291439852260994
0.23572139910113 0.27023260332108 0.088355712593092 0.0537113953754972
-0.0327614549578182 0.341048433713424 0.0502951542799209 0.0631677713351249
-0.343663302529465 0.202550398358937 0.0173922348856197 0.0338683406500446
-0.444290772469895 -0.140989514290613 0.0386280284929417 0.00160192328125146
-0.310027708387269 -0.393741112672559 0.125292982672312 0.0555179044082077
-0.262197510695094 -0.296181201284111 0.203984044778262 0.452133973939825
-0.353115580949217 -0.0527053536374975 0.254747747370711 0.0848493881371645
-0.248475075502568 0.185197051459827 0.0569188875604287 0.00339890636293704
-0.00199177600691547 0.264250463780126 -0.00681211654810787 0.0976923865690928
0.165713708174982 0.198374160388638 0.164128469992357 0.149559569097787
0.24257792792667 0.0707354267303763 0.265873405782521 -0.00765693313836654
0.229051648030321 -0.0338641941407204 0.23580261195681 -0.103237910968139
0.210282002677293 -0.0450085711743186 0.196967280535346 -0.116151338721614
0.216654612194813 -0.0110522213292164 0.200065868425177 -0.0901401072678893
0.227209997090988 0.0827527889573867 0.180737951380861 -0.0177630225839433
0.128473072499004 0.199289553438335 0.113937967708429 0.0784402660504339
-0.0573436048099216 0.199875576882117 0.0357430533463304 0.0727701276692953
-0.211323919323747 0.0816189995918107 0.0435044752033562 0.0180002642521387
-0.264846914799371 -0.104973626597469 0.0931824768322204 0.0221641518668947
-0.201794959473627 -0.258500729839436 0.192779127110807 0.164255510548701
-0.151521531084657 -0.146101872315869 0.280451772359959 0.532553870959006
-0.185345797586017 -0.014253215618421 0.321102312082302 0.111902814804034
-0.113644012328532 0.091667971942516 0.0754477465351967 -0.0157952119743479
-0.0131324969490743 0.121274044694372 -0.0227419122365215 0.105233249245982
0.0620018074111058 0.10667008475766 0.171658094016495 0.19557071414805
0.117704599591561 0.0576092958052067 0.324812403897927 0.0278149454805306
0.130913852106573 0.00687593498849535 0.3113949607821 -0.101664447610693
0.124173281794571 0.00638612508490049 0.261733932280033 -0.121873506814619
0.122165976599331 0.0249080133373261 0.249012272183365 -0.0837173833465704
0.0984480008772063 0.0748051527424074 0.203091920837272 0.000498773884273344
0.0199098988324084 0.115984026036812 0.109211478698585 0.0880422313343876
-0.0706520079641148 0.0631818522021624 0.00890960454372294 0.0656648381496353
-0.0782372331509258 -0.0217885705588018 0.0531458550350747 -0.00240089946685537
-0.0828280269068023 -0.0561561212605003 0.116375468414775 0.0303489181137662
-0.0800655859873583 -0.0974201420393391 0.225524589147154 0.221701418639144
-0.0130340072684906 -0.0316518328648976 -0.286138228224474 -0.253501689111882
-0.0471950755952279 0.0018466169335904 -0.189110632140109 -0.00755456966342724
-0.0274144137645059 0.0608167764411599 -0.0428284829367288 0.0390259008268797
0.0536173003809427 0.038419014860715 0.0343541606122567 -0.0299745309033657
0.0603826463519065 -0.0177353429883696 -0.0695208548912198 -0.111710909375256
0.0198801699564579 -0.0479073462283557 -0.208025112339446 -0.0343496987979298
-0.0186297812124903 -0.0491578479560563 -0.262749472623532 0.0620323486912265
-0.0212848334406019 -0.0482196323886487 -0.277991707329491 0.104103034053374
-0.0105784301437613 -0.0404367329436368 -0.306365639419006 0.0896562689759702
0.0270736294346739 -0.0363180121050118 -0.301306416665886 -0.020419873449862
0.0430426480939204 -0.0148301476355137 -0.18497515651877 -0.15603297329522
0.0215355581309319 0.0309402460268707 -0.00646530931286538 -0.120105916383697
-0.0388563402364494 0.0302377351422463 -0.0816273369054956 -0.0122067561994079
-0.0268814644168202 -0.0378539860226874 -0.221430375257401 -0.119984004129099
0.00994274653111944 -0.0468044924882176 -0.269584854264185 -0.490015497807538
-0.113050361655661 -0.161574878610737 -0.269045925781184 -0.209184942352497
-0.157906719886169 -0.0392357339400757 -0.175287623853123 -0.00799231157291491
-0.112236611010998 0.0962345249186115 -0.0390239583776254 0.0566553623930048
0.042424078290014 0.11837524780142 0.0483173200436778 -0.016116315167407
0.120840084666311 0.05620338310402 -0.0398121526200073 -0.111148515900217
0.121245048431396 -0.0226774091027947 -0.182395683919927 -0.0589746242504979
0.0813998441350104 -0.0739794064487737 -0.245712642742241 0.0349902214435991
0.0824319286829849 -0.0903838817182896 -0.260726143251099 0.0766655558718728
0.108754303442181 -0.0720825797377241 -0.279448757209127 0.0625634048826423
0.173792335865228 -0.0132319095550209 -0.265318888667916 -0.028743908695675
0.150832808663833 0.0986098508915538 -0.15732526058343 -0.133621429583958
0.0143540394947054 0.187738836338718 0.00551742510242997 -0.0947640586010197
-0.194300519575129 0.133969262139411 -0.0926738536727013 0.00401629196907575
-0.233290425541456 -0.0913216508838461 -0.225659637036457 -0.120517809308977
-0.143011286375028 -0.22052963469241 -0.246786420000979 -0.462734248511933
-0.208220173994493 -0.275118729213143 -0.223245249521533 -0.122709552580013
-0.267193912358114 -0.071561369930692 -0.144420946470684 0.000687553766839921
-0.195919862665089 0.13841436303366 -0.0323264517822101 0.0656560274807385
0.0311854078208501 0.201416115187483 0.048700700410475 -0.00375018439535821
0.178479022109687 0.130654006705123 -0.0114799292412734 -0.0942863214661469
0.215799802975652 0.00464619314290044 -0.133935416751526 -0.0720481314555414
0.174144392075544 -0.090803630100022 -0.1926098988005 0.00393173701537314
0.174110082639739 -0.119254596278911 -0.205028724095054 0.0383684921854906
0.209954711037164 -0.0929193962933867 -0.209496342961219 0.0266570449539246
0.297510307241191 0.0118300610990461 -0.192000036023911 -0.0323939432864421
0.243429906243558 0.199553771332734 -0.109584604903976 -0.0923323170776633
0.00839588841009065 0.325760391175673 0.0168772896682204 -0.0591332533281673
-0.326614852246632 0.227015981686867 -0.0884710202526836 0.0191157190352491
-0.413016280001124 -0.128645903991615 -0.199140303712382 -0.101661270626338
-0.272662959398309 -0.361946605487617 -0.185855348921628 -0.375783460042871
-0.287538120032899 -0.358209460789593 -0.145098891547524 0.00216653914849337
-0.372722127196977 -0.0843576870749575 -0.0799690563085259 0.015070071262853
-0.272914684906825 0.194496982647065 -0.0165096924409884 0.0618260423438208
0.0286355120634704 0.285948242136253 0.0389308872751381 0.011646010473004
0.23119279596083 0.194842879767379 0.0235409950282936 -0.0561087540205118
0.293009848010731 0.0291931810163784 -0.0577601410277562 -0.0734633111570003
0.245504767758085 -0.0973061706073697 -0.107681577767106 -0.0285939770350723
0.238156471380536 -0.130395740858333 -0.117564222588905 -0.00800567203369241
0.277095457980593 -0.0956558694189214 -0.108521550033708 -0.0145159669661612
0.375302810846904 0.0338393084442265 -0.0892436924731498 -0.0333570247770389
0.301504790232436 0.264966667248001 -0.0424812146738636 -0.040259386767509
0.00714263539465874 0.415447811924044 0.0308785394777885 -0.0156045518516675
-0.4051084105903 0.288633888426811 -0.0642154679665144 0.0316782806134788
-0.526954008269568 -0.142593308495496 -0.134820394770537 -0.0685206819871336
-0.355494128865534 -0.441880757010656 -0.0903457287310629 -0.24239922042443
-0.333035522551598 -0.391004591677868 -0.0325015903921478 0.149894788001282
-0.44266167736043 -0.0784267248533667 0.0215951328714324 0.0319201589766535
-0.319680832993083 0.242288494923112 0.006639591888552 0.0448315757346616
0.0293869383036605 0.344948832295735 0.0260676619375853 0.0363517243554938
0.259486753360449 0.234668909037982 0.0720850186400358 0.00173346258013497
0.331554033283175 0.0467331756816022 0.045116288539959 -0.0637930539156615
0.282599780867425 -0.0918506586298108 0.00106570841145257 -0.0615984006238356
0.265370616262406 -0.120400917429774 -0.0122755654049316 -0.0528871484303522
0.297318824863651 -0.0815179465305759 0.00435315720675307 -0.0527023692791448
0.385209662948449 0.0508916193724983 0.0213837133988887 -0.0341884331177581
0.301361354558314 0.281634720698279 0.0316987155973919 0.010740609399826
0.000622574041248472 0.415843216737807 0.0450855000414181 0.0270935133409096
-0.402169494038779 0.283606652658695 -0.0245326437236031 0.035169432744807
-0.532499887351995 -0.136758709935187 -0.0475979079206394 -0.0320969589983386
-0.367242043704738 -0.441840127146759 0.0199747545496567 -0.090688179112235
-0.326319830828239 -0.362653140508288 0.0936486785582781 0.298700254354927
-0.435542703622773 -0.0624984412017222 0.140188171227831 0.0506784157153225
-0.309193741356963 0.242592553069073 0.0328794592403185 0.0223680841452004
0.0225757298733677 0.338569599595287 0.0109678629973638 0.0672380980741281
0.239643668172694 0.233158954094533 0.124020954788112 0.0715166108209656
0.313755924663185 0.0580146780971261 0.156894639231359 -0.0450664940663485
0.273712692440404 -0.0729272822439069 0.117641773500593 -0.0886529695746023
0.251492871030748 -0.0918708818898963 0.093661864141086 -0.0914609983079235
0.271497657775141 -0.0537743819261202 0.108937245950138 -0.0810191046001412
0.326739545052998 0.0647687983106407 0.114370590583086 -0.0322439850639123
0.235575098312417 0.249274922765188 0.0896490977732395 0.0492705012804761
-0.0212937019035799 0.327419253639896 0.0488940927616048 0.056987432467623
-0.32165614209393 0.202557029781219 0.0143860126707517 0.0281810856776633
-0.425919608596918 -0.120297535949297 0.0345756064021443 -0.00169495625310225
-0.307739007979604 -0.368492901429585 0.119833772748387 0.0488729757657708
-0.259404295634718 -0.274177551161122 0.207511257355382 0.42269757389242
-0.338997566329876 -0.0400063869148119 0.243268529122403 0.0735290161474143
-0.230959593075146 0.183249465549375 0.0546986521755142 0.00157022703896209
0.00580462079990054 0.253213553568013 -0.00330074998293025 0.0938538539302029
0.166351156060004 0.185568513612176 0.162297084963018 0.13567561236628
0.236495694964166 0.059312668306351 0.252651272547902 -0.0184433873135726
0.218479462105628 -0.0394001149425881 0.22197544256667 -0.105634376770524
0.19993027902874 -0.0484902001549603 0.184525534908742 -0.11690728571035
0.206845518857726 -0.017249392892977 0.188276457716828 -0.0937767693573153
0.220022126666423 0.0712383910669184 0.172388034915348 -0.0227966226381498
0.130493762810522 0.185171865349155 0.113589477773409 0.0715941690914641
-0.0486687681354779 0.192862654243881 0.0361990755239209 0.0676367514982099
-0.199839461934139 0.0836328385229875 0.0396412090836792 0.012437404652981
-0.25505035172288 -0.0911520664113781 0.087548819795386 0.0179704835458501
-0.199538344438283 -0.242196964769259 0.189244193452731 0.151008540412653
-0.149136364509264 -0.134876055783639 0.28338025665019 0.500370863239003
-0.177569251303104 -0.00890033715810514 0.308431143373646 0.0983658689588277
-0.105224343727107 0.0897710014456448 0.0713608114529813 -0.0166101774236706
-0.00916797521944869 0.117654820350351 -0.0180263878074676 0.101236106520211
0.0632537272461852 0.101526299875685 0.170593640607703 0.179912371347583
0.116044778825528 0.0508220821442084 0.310366333165627 0.0148736761459834
0.126015712511133 0.00218749533802988 0.294838501578303 -0.105794381555487
0.119262850986001 0.00269165968160537 0.246714622797039 -0.123613667027715
0.117335769714667 0.0195681383003757 0.234975501247769 -0.0879837000433341
0.0964054456835266 0.0681238659456157 0.193981896062875 -0.00619993569455933
0.0238560692726766 0.110408675197517 0.108025257464737 0.0809455330620569
-0.0649088949568977 0.0634541200067151 0.0102818720565554 0.062053902971874
-0.0760855266073559 -0.0193149080916953 0.0485949689934436 -0.00667354767903291
-0.0801304171558787 -0.0504585101338802 0.109773876764986 0.0263632568407334
-0.0777374132874485 -0.0931015388495974 0.222288120803756 0.205409731801246
-0.012041185647003 -0.030424465407324 -0.277537542152386 -0.247800449646082
-0.0450706922326468 0.00055868649240523 -0.185172175491369 -0.00929975136533457
-0.0276214608108308 0.0592472881252779 -0.040873503885069 0.0370019592708467
0.0512093337088591 0.0369568583679491 0.0342785447784172 -0.0289109870706106
0.0582094084353477 -0.0175557059615726 -0.0659817423585527 -0.108347301858601
0.0186342408278979 -0.0459164808513889 -0.201138051675347 -0.0332470667953912
-0.0188558884434821 -0.047444383337322 -0.256063149444341 0.0579044967448262
-0.0208539277819771 -0.0463506780430546 -0.271611364053394 0.0992312074065164
-0.00951060288108209 -0.0396618532366207 -0.298461436880142 0.0844734748769366
0.0265734359369454 -0.0360429878247147 -0.292248340380197 -0.021761798347224
0.0414543854063074 -0.0146994103306646 -0.179534746794812 -0.151982795467424
0.0201405806070215 0.0299636748795442 -0.00662876355919478 -0.116241403809472
-0.0366374263917971 0.0293366919335019 -0.0789843522762624 -0.0116119630572278
-0.0250946713140161 -0.0364961030590212 -0.212901021331198 -0.122505705102421
0.00942236726391035 -0.0437046918700354 -0.258185520400273 -0.477664201200392
-0.107586559245403 -0.156082861048246 -0.26138629173929 -0.205735389309404
-0.151519228502049 -0.0401070692480846 -0.17258338569847 -0.0102730654073652
-0.109189269347742 0.0926741721493159 -0.0375605215286527 0.0541284929813394
0.0400011547729577 0.114221029903417 0.0467134702075562 -0.0150283137913469
0.117777589220023 0.054107304220789 -0.0383919682769511 -0.108284930408487
0.117715488617278 -0.0218268186296078 -0.176557932865531 -0.0570392179451975
0.0793382298266558 -0.070831812824266 -0.239253680986554 0.0315305826050677
0.0806202761636167 -0.0864055050958538 -0.255794735610046 0.0731291755968608
0.106476380511458 -0.0693210403972 -0.27249391829325 0.0584367595176701
0.169330399956472 -0.0121237697903599 -0.257367096807824 -0.0302531126572174
0.146160045363181 0.0957925879777453 -0.151275114071792 -0.130116041171157
0.0118072103215068 0.183425015991019 0.00460603401905211 -0.0923659149267204
-0.188842059300153 0.128210941624644 -0.0907509094338787 0.00250343081060141
-0.224320581332505 -0.0910085248559063 -0.217615230649783 -0.122871788577441
-0.137561628629285 -0.214201524455692 -0.236421752526824 -0.450868506193896
-0.197882196745668 -0.265972633635238 -0.219482645325638 -0.122612751448549
-0.257037689623136 -0.0713309550461784 -0.144105510112583 -0.00207014711630202
-0.189848900261997 0.131938246480017 -0.0298342245614245 0.0624902496828705
0.0280301040385445 0.194678707240292 0.0474297077676875 -0.00299050902335968
0.173860689302311 0.126397715904252 -0.010568441385061 -0.0916874590817313
0.20990830240124 0.00500131423553527 -0.130425414345985 -0.0708688327297042
0.169535140963288 -0.0863954455278027 -0.18742923396406 0.00289633785655944
0.169731982104399 -0.1137254456759 -0.200835705826199 0.0356261430443997
0.205614947390269 -0.0878492996418158 -0.204564108708468 0.0231263639865641
0.290068089771471 0.0121770259082102 -0.185355587480678 -0.0332933130860219
0.234818437130424 0.194688292742343 -0.103187346279291 -0.0900776949013529
0.00486241348966973 0.316939371376974 0.0150306394756468 -0.0580829433142392
-0.319201162928638 0.216495135405256 -0.0876434915147494 0.0167554459966334
-0.397865825558919 -0.130080187801732 -0.193475751305125 -0.104239150992885
-0.262414869551959 -0.354032367862637 -0.178555836165759 -0.366372282002761
-0.275852429169397 -0.34618339534895 -0.143374300800321 -0.00156787650429349
-0.359051184883594 -0.0847210933567429 -0.0824913901871063 0.0123268252857847
-0.264778666492959 0.185160960992222 -0.0148697703796718 0.0593010518932537
0.0251689135752571 0.277845435868091 0.0383102253517487 0.0115217297418651
0.225288862009412 0.189198629157067 0.0231016987209319 -0.0550785327319726
0.285280627094038 0.0282895283215697 -0.0570262649060955 -0.0722647672721403
0.238775987059156 -0.093193623086264 -0.104203401547894 -0.0284132867832577
0.232404186268541 -0.123676459958466 -0.114971265617643 -0.00852772285936016
0.270145527442944 -0.091399839535174 -0.106070466742666 -0.0159891133671213
0.365053735287069 0.0347514838728376 -0.0858733691531592 -0.0339666570366756
0.291266889695805 0.258545932306586 -0.0376497186281062 -0.0385850393098741
0.00451106433638243 0.403544644990774 0.0281888460696336 -0.0158608568328385
-0.395928752679472 0.275356238197969 -0.0645094774179605 0.0278420498808016
-0.508997733066244 -0.14354313300762 -0.132543391777574 -0.0710160882104914
-0.342194086681493 -0.432973418463362 -0.0876440775974837 -0.235332800365866
-0.318202207111749 -0.378818602823325 -0.0357185646740825 0.141840915211093
-0.426991977078902 -0.0803173500622855 0.0155951720545462 0.0291834274555157
-0.31083902657644 0.230506869671094 0.00728184007461594 0.0428218431986775
0.025567762706623 0.334885932460453 0.0252091510076864 0.0350420597666969
0.253599981859261 0.227917033808074 0.0686852837725094 0.000627841302496261
0.323041509944628 0.0455305881231022 0.04245461805214 -0.0635197387010969
0.275022141948396 -0.0872975838968126 0.00169029948542875 -0.0593414932522825
0.25867453851716 -0.114304154091087 -0.0119406608461281 -0.0519021504593063
0.289886242308733 -0.077252509327873 0.00353605129460978 -0.0525931396301081
0.374370557741772 0.0507263323986155 0.0212740567911956 -0.0341193327143431
0.291195104453107 0.274542836330621 0.0343738281721379 0.011233860152303
-0.00225431398420463 0.404215384694522 0.0422225967883239 0.0255647353915668
-0.392828104547363 0.271475807893754 -0.0274469426964964 0.0311109481541296
-0.513468798228748 -0.135631683756666 -0.048498258577676 -0.0332893712157587
-0.352258801028246 -0.433144482872888 0.0176939741031944 -0.0874240728219635
-0.311762615029761 -0.35291866000658 0.0866899967389034 0.287058509041869
-0.421510022913742 -0.0646572573129934 0.131468357859306 0.0490849650536825
-0.301115157546094 0.230857813015056 0.0318723759260641 0.0214449661961531
0.0192269864388959 0.328914277362724 0.0113025180289362 0.0649867895631323
0.23323998715329 0.227957000611733 0.119892240115958 0.068158182042965
0.306877337186787 0.0556197857142817 0.151009404788871 -0.045404651865811
0.266468805809505 -0.0691295140694583 0.115285752249546 -0.0853783165581727
0.244746936351487 -0.0860962771232562 0.0915383499321483 -0.0881838622946013
0.264625135489837 -0.0498978495722807 0.10525807374241 -0.0793499972105131
0.316925401786701 0.0637633303735822 0.111142678755834 -0.031504640756914
0.22791217983551 0.241828919878835 0.0895653175609494 0.0488917086738074
-0.0225293699863471 0.317396346893538 0.0462400969380238 0.0551430920112503
-0.313996021004765 0.192030802357764 0.0105735373774055 0.0242160465765458
-0.410518399531742 -0.119688473627058 0.0304045367119443 -0.00182846492641868
-0.2948080376937 -0.361390349331055 0.113710070357048 0.0484227021213996
-0.249151088542981 -0.26651270086024 0.196489993077161 0.409396379915822
-0.328707955385365 -0.0421760808989271 0.233267975407705 0.0730374099199376
-0.225752545985028 0.174787676299539 0.0536642164104986 0.00172452919105465
0.00339825255669804 0.246740693149821 -0.003265850707033 0.0903711474309621
0.162336415853548 0.182179056752416 0.15611464657999 0.130845423578553
0.231422931671522 0.0573853684636274 0.244317583476194 -0.0187097732748261
0.213338700745226 -0.0370948984046303 0.216715677201021 -0.101486263053606
0.194908327665456 -0.0450936643035025 0.180724266097141 -0.111662959443204
0.200809151916469 -0.0152725238822505 0.182867895485447 -0.0902174423084684
0.213848992074837 0.0702146644415842 0.167301589385968 -0.0211030296742249
0.126379875945006 0.179301853754243 0.112300350598964 0.0706560199374207
-0.048166855074569 0.187379140936439 0.033790416622067 0.0651634944821641
-0.194725458280394 0.0783358422789264 0.0353414136285596 0.0100800942895974
-0.245125248111191 -0.0903524550500006 0.082308471007009 0.0183865527647536
-0.190898882499295 -0.238833247997724 0.180759988710471 0.147703057691327
-0.143234164129299 -0.131826255445399 0.271275506746968 0.485874674530648
-0.172466419554966 -0.0106337421414568 0.29736105087362 0.0992084842349659
-0.103471393826414 0.0851076994015836 0.0694015505551627 -0.0150082293160738
-0.0102031314027736 0.115091425524613 -0.0179265296915437 0.0985279260404673
0.0621756972463476 0.100034732801103 0.164978159899072 0.17502767456579
0.114444864127633 0.0492066583254682 0.301391939628369 0.0145802140949356
0.123388971519971 0.00227135714980403 0.287179966367284 -0.101181009303056
0.11639532750565 0.00399112450260808 0.241576961315209 -0.118277250614244
0.113809845212688 0.0196556903483587 0.229053417442374 -0.0849549891147261
0.0930952295267754 0.0662601766311842 0.188487101213601 -0.00452322512366429
0.0236968907982695 0.106937077461296 0.105267709668781 0.0797302589829179
-0.0630047181247921 0.0614431072716106 0.0100117511597345 0.0594466819617857
-0.0743738860801944 -0.0198106903198514 0.0442060114398432 -0.00847762382899404
-0.0767628137233827 -0.0491967471391602 0.105360699858118 0.02760289939459
-0.0739694892466649 -0.0928096135045189 0.213931233834923 0.201136803162399
-0.00643069317043331 -0.0310950820952015 -0.240332793487498 -0.285694969094644
-0.0440896183809075 -0.00771897139817744 -0.183689184885272 -0.039452763900477
-0.036302672047053 0.0546127852511923 -0.0479461978605678 0.0271526957584966
0.043862806170971 0.0448442115737722 0.0347240062014962 -0.023971696086663
0.0603405615975141 -0.00845544177756119 -0.0519434065152068 -0.114458754343593
0.0261304939019015 -0.0402657345965754 -0.195389861074094 -0.060700832354134
-0.012728346936245 -0.0481017133170564 -0.264236618829754 0.0230897429800614
-0.0144392320601426 -0.0487611381953992 -0.287464586836606 0.0530117339259722
-0.00387433024929349 -0.0374816374476403 -0.312743920577523 0.0353777908273815
0.0300914937907236 -0.0303020166466803 -0.288170890443618 -0.0691441653378931
0.0391237435392909 -0.00767634536247895 -0.154905518508662 -0.181651490609547
0.0125631987461092 0.0321519335572461 0.0116663231993835 -0.118812087088976
-0.0404836423469352 0.0244856551338701 -0.0752775161019715 -0.0244544027447739
-0.0207969716138001 -0.0378322678574571 -0.190495400474392 -0.160743418691789
0.00928856553624135 -0.0381477186363613 -0.174963040470345 -0.523726539518714
-0.0825209401204473 -0.168159762724512 -0.219578567234276 -0.244079604320489
-0.142157335342043 -0.064287591257371 -0.167698383098134 -0.0419334055521329
-0.121950214355916 0.0741044885340255 -0.0449857749856497 0.0381775806406962
0.0197946056295898 0.118625851203631 0.0438242700281224 -0.0117075346692818
0.106547285671431 0.0718272035000326 -0.0279532186932026 -0.112787811122889
0.120659796069216 -0.00141874416280838 -0.171790747895054 -0.0794700458561556
0.0900329368818292 -0.0551953332050677 -0.246422916409921 -0.000551128568816013
0.0930333928316842 -0.0707600226630766 -0.266465543241169 0.0294281829796349
0.114786507917687 -0.0479100880089105 -0.282501811008854 0.0116391448710669
0.167068787922895 0.0161220019106918 -0.251614210744818 -0.0754201034150365
0.123921608037178 0.117708259050324 -0.127299304840102 -0.157621926494639
-0.0218957775853764 0.182654052756017 0.0205475840983391 -0.095211272412023
-0.206796963431631 0.0954092578149072 -0.087695957106831 -0.0109473076315631
-0.20679132941636 -0.125302763202667 -0.195360627763286 -0.155969543059281
-0.105439540491124 -0.232553858345652 -0.159924606734135 -0.490420335960203
-0.155752515938569 -0.288588632901281 -0.178792238428186 -0.157448842301714
-0.240956579811609 -0.112233294100232 -0.136567905639851 -0.0330806221015944
-0.207192813874241 0.0994311356388518 -0.038034360055659 0.0424400485144132
-0.00570885046527615 0.194972161825895 0.0418387505729377 -0.00400521095424688
0.14964462466489 0.152310446309417 -0.00688030536796286 -0.095255424117693
0.207396927920517 0.0387969355573139 -0.128205231150213 -0.0844663045512765
0.182697517493497 -0.056287584650364 -0.192837370019353 -0.0226047248113098
0.18695823152501 -0.0827254543811687 -0.205431439053323 0.00157259731209594
0.215573543516409 -0.0503935848570064 -0.20882955014457 -0.012930687071071
0.281515909491238 0.0602682947619055 -0.178463512905123 -0.0691723743004274
0.19555073406599 0.228468887155979 -0.0833319104281338 -0.110615650782795
-0.0522664486301156 0.313236293850318 0.0261489702341522 -0.0609532141975704
-0.348706033671598 0.160884062111212 -0.0852954788899734 0.00462702244914156
-0.370372677303607 -0.193904501763268 -0.173535376254158 -0.128289479292637
-0.204863713201544 -0.392707059307439 -0.116940713013592 -0.39232601757399
-0.22087629092383 -0.377432527943363 -0.111889017537471 -0.0291993488779603
-0.338833658026108 -0.140191401922468 -0.074441733756507 -0.013944501368098
-0.288926166028903 0.139478023743399 -0.0227177030288361 0.0358044446692356
-0.0225510445768397 0.275700503874743 0.0285925110946815 0.00553793243980126
0.189518319836354 0.222719272943636 0.0178290614935433 -0.05679537659432
0.277923028416328 0.0733143600688828 -0.0583763851233276 -0.0742765000350038
0.253557721393593 -0.0523825398959035 -0.106294731744878 -0.0423185651956107
0.251027007744636 -0.0823498278086436 -0.112402343043123 -0.0272829553835647
0.279747044941416 -0.0435263743332726 -0.104454118381684 -0.0367100167699526
0.353028266066345 0.0919829160760963 -0.0784009225457932 -0.0555855371398266
0.241395181883739 0.299951064293218 -0.0246323391854553 -0.0502870943058903
-0.0672888939704347 0.398112929535452 0.0330064749094102 -0.0178270423910174
-0.434037993241214 0.205052355505282 -0.0647315760754624 0.0195471704841396
-0.474134377309802 -0.226433397250588 -0.119591272377251 -0.0808540918906085
-0.265613282518329 -0.485602787930496 -0.0495253045598029 -0.243982443522443
-0.259503873667394 -0.417934287164339 -0.0214744952051606 0.126675697702827
-0.407067643719362 -0.14795782070677 0.0232572726841404 0.0158458314859224
-0.342434093446322 0.176376676133604 0.0016705603377498 0.0190843192029353
-0.0323449456375574 0.33324628630714 0.0112906443574835 0.0243710004693499
0.209698836589359 0.266558532043737 0.0539071315327975 0.00343420016386941
0.313100486601581 0.0962577509075089 0.0372053831178728 -0.0507289286216207
0.288841050163543 -0.041505637598946 0.00367177051318091 -0.0588770700335871
0.275519433145602 -0.0682604329598472 -0.00301403822175056 -0.0532762203098261
0.297264102366555 -0.0282583031683531 0.0116776835910377 -0.055687992183198
0.359349393707544 0.10874153027679 0.028229174075141 -0.0384083381452981
0.240479020854039 0.31400448026192 0.0395712289836086 0.011184397640399
-0.072737017639383 0.398023410217798 0.0404384965859037 0.0259666446873445
-0.429442333757105 0.20145043078902 -0.0287651077746783 0.0288293865582926
-0.479404363251002 -0.219981546683545 -0.0424951843972031 -0.0279714215742573
-0.2730796835308 -0.489944776051902 0.0305763476850155 -0.0769289073534572
-0.25778973166114 -0.390720650969566 0.0787409501794632 0.288638079724503
-0.405869708282777 -0.131785695712482 0.136038871412207 0.0530116433381195
-0.333546841262263 0.178893342394162 0.0294231329119115 0.00223812357339107
-0.0381266793782605 0.326398628513636 -0.00687765542895625 0.0524733067230523
0.190655178875046 0.26443754387506 0.0955996027408668 0.0767807496523485
0.294776412902649 0.102713565041592 0.143578096768296 -0.01775655756383
0.277456424078379 -0.0250751243649414 0.120905690430502 -0.0692202269815996
0.258504796391903 -0.0436196696088461 0.106384011869044 -0.0715903604624152
0.26718481916004 -0.00643284776857605 0.117503190780129 -0.0648032043412502
0.301911372376699 0.111803151486717 0.117411085004696 -0.0199401746630493
0.183954651825527 0.272007270575848 0.0877064089595849 0.059452250881286
-0.076294014990806 0.308626916007765 0.0398010742333408 0.0578929058210603
-0.33942624789933 0.136050455767616 0.0075169032183823 0.0274345672767287
-0.380815210917104 -0.187297458916905 0.0303581139995596 0.0148434331287046
-0.225963474597718 -0.409735344323911 0.104206310827514 0.0745138253795367
-0.208026588025854 -0.299516118717828 0.163186170628938 0.427859445182016
-0.317999484391939 -0.0946897138184151 0.23230754788819 0.0969360772539173
-0.250880305717689 0.134824777149828 0.0529496182663922 -0.00755285816896555
-0.0395991631550421 0.243596578746623 -0.0217995861121035 0.078709125128638
0.127812827659862 0.207984175685627 0.126386331223746 0.145109229306054
0.219827674912209 0.0925564265306427 0.236058571011675 0.0213793856981097
0.22101554628961 -0.00301618352863508 0.226296608896154 -0.0714012817684541
0.202284835812825 -0.0115241089949599 0.198419718926065 -0.0805068144697842
0.199769020733434 0.016021393832082 0.197513783563482 -0.0630062682447585
0.199613813136439 0.101282768815593 0.171123653778582 0.00133060182200075
0.096507352876147 0.194504001264431 0.104482638042716 0.0864251318852745
-0.0787310042823737 0.176288192939142 0.0250967632497203 0.0682496622131715
-0.204098525797209 0.0435980008832977 0.0329695472187638 0.0148860452176554
-0.223034915634988 -0.131259788057767 0.0769992371097747 0.0400572800600717
-0.143858416334176 -0.271988178366072 0.155256985171494 0.183439891102827
-0.123100384707476 -0.152246696275818 0.214289108376952 0.516505882183074
-0.169772096506464 -0.0381370882517719 0.287978653130309 0.139484798105107
-0.11583556081776 0.0662225059582858 0.0714763153721127 -0.0118606783397188
-0.0303912219664151 0.111686616823566 -0.0337076610720071 0.0898463693515755
0.0432005589689653 0.111064139885546 0.134544225004448 0.192552518547613
0.104751646584474 0.0653473225120731 0.292772381566189 0.060149931649236
0.124355544703034 0.0212225806797207 0.29940104136666 -0.0609825569468913
0.116998146844776 0.0230121812087754 0.260079851365348 -0.0767382704335166
0.108985260588237 0.0354980457363797 0.243486830752365 -0.0473249485478177
0.0819715659199118 0.079007195765551 0.189282778087884 0.0242434410533903
0.00794560376955715 0.107068120817505 0.0940872388730921 0.0964119704590535
-0.0715148295998684 0.0502104114182574 0.00162689429724157 0.0603256925316867
-0.0708920448372124 -0.032372300676068 0.0438350128785311 -0.00198764193491246
-0.0651961011920131 -0.0626301032650267 0.0981159886368704 0.0484686136140966
-0.0529083757763893 -0.108097839480124 0.179406097265928 0.240139993543864
-0.00624159435498199 -0.0324763801933921 -0.249278729245901 -0.295278708238962
-0.0459455898237711 -0.00858064382245742 -0.191146519209827 -0.0400447295093162
-0.0375245612047717 0.056895319487544 -0.0500036264261197 0.0272298839793541
0.0453699554730902 0.0451792367700164 0.0361259882568108 -0.0250336141315736
0.0621360508206211 -0.0100689894136358 -0.0528503298145112 -0.117613696978652
0.0264495452930651 -0.0413887380977998 -0.201315396547803 -0.0610641102516981
-0.0139258682402197 -0.0490674297886954 -0.274982322109923 0.0244145404266045
-0.0154197485522832 -0.0506548061458545 -0.300433689024195 0.0548658227402616
-0.00300964110705747 -0.0390732638356112 -0.324820365611095 0.0375575153626724
0.0311213816068956 -0.0319370765364929 -0.298858650609943 -0.0706671230758595
0.0402449119628907 -0.00839308186192372 -0.160418374449918 -0.188574165133224
0.0133953922343748 0.0337030228446575 0.0110273861030784 -0.123174373041917
-0.0409620115196334 0.0244330833306926 -0.0766674647709851 -0.0251998987431616
-0.0211443578711456 -0.0386212686266241 -0.195016874214026 -0.171483416724123
0.00949131253882014 -0.0378982992246604 -0.178793212843292 -0.541014787984141
-0.0843887474510535 -0.173332945647797 -0.227839233925965 -0.253198169309574
-0.146171346181533 -0.0670865169224988 -0.176321409282811 -0.0436909417770773
-0.125123866985935 0.0765422052462074 -0.0469367008334402 0.037377929562447
0.0199256524574771 0.12142696957291 0.0457072767062485 -0.0117935141821822
0.110999171965201 0.0723365578591419 -0.0283004822684901 -0.116027408301453
0.124904962893722 -0.00216669027723062 -0.178363839968432 -0.0813879364882396
0.0922830010299351 -0.0566260033223536 -0.255092865660561 -0.000890420570020179
0.0960671150944535 -0.0724644553689952 -0.278201751212437 0.0304037136464174
0.120230907924467 -0.0493605465608793 -0.294203339519265 0.0118973443995111
0.173585747559425 0.015535119904528 -0.260647721776355 -0.0775747329861161
0.127952897386516 0.12170434344525 -0.13053256591586 -0.163116637673042
-0.0234426446814203 0.189329155451411 0.0200248755444322 -0.098912924369684
-0.214187302468699 0.0979288346822572 -0.091431780741897 -0.0124156787749663
-0.213263577560952 -0.131256926117048 -0.201338863578661 -0.165837399547566
-0.10943744440324 -0.240791866954607 -0.165734911790989 -0.504953078768686
-0.158969668190068 -0.296692614229174 -0.18751666997273 -0.16388901571854
-0.247887489457881 -0.117105396392819 -0.145538126795522 -0.0351783791787345
-0.214152777450578 0.100313352269018 -0.0398445006978386 0.0422562633081628
-0.00592299007905207 0.201000146775529 0.0430703559165883 -0.00345520427083558
0.156442384081094 0.155283101043201 -0.00736040219867675 -0.0982414881301987
0.215178478471903 0.0381175783964879 -0.133995115145834 -0.0871629743802758
0.188964737499207 -0.0582300703424436 -0.199569219967153 -0.0228224847147371
0.193455863792588 -0.0848309177402456 -0.214889985711542 0.00132726039221537
0.224410772188161 -0.0520235826776065 -0.21777934598926 -0.0147286503225915
0.29264731587434 0.0600485319053603 -0.184648832200485 -0.0719619632419933
0.202097854130443 0.236031275568297 -0.0839194913195786 -0.114565921874695
-0.054877158528497 0.32561686798683 0.0257479343966171 -0.0634658457527861
-0.361538157951693 0.164466621570792 -0.0912390706043538 0.00380464094320953
-0.381580685222111 -0.202039018719383 -0.180325431494553 -0.135471441621317
-0.211372442613181 -0.407885041122499 -0.12361726170603 -0.404896614026708
-0.224943679334771 -0.389419290993111 -0.119421350922629 -0.0321836237115578
-0.349891646580641 -0.147386198025433 -0.081580922669528 -0.0145347912079184
-0.298885966595905 0.14144337199332 -0.022717297989995 0.0350480509016078
-0.0236108152680203 0.284400041340999 0.029404450997063 0.00583394487665713
0.198151194422013 0.229316837848339 0.0186279498851018 -0.058540267825583
0.288687762315242 0.0726491758876904 -0.0618074508540649 -0.0773603833604952
0.262685487289654 -0.0539034828679261 -0.109987578852997 -0.0436081896826678
0.259851150892227 -0.0839526712063279 -0.117756561344252 -0.0290800645708416
0.289886690307885 -0.0448889248341565 -0.109766839480718 -0.0400116062362137
0.367050637251862 0.0940926797339678 -0.0810904100796766 -0.0584557299886291
0.25031370744779 0.309376911563312 -0.02161397736077 -0.0520472711820342
-0.0697481797838794 0.412781585901049 0.0324799660742072 -0.0190227357983904
-0.44876582010607 0.20975928508977 -0.0708318045352969 0.0185286191721654
-0.490113333454229 -0.236167580867698 -0.124513858787975 -0.0855464471470158
-0.273210178151649 -0.503044812859871 -0.0540955034378127 -0.250395180173403
-0.263492434010865 -0.430254978774508 -0.0264907814547836 0.127999619779294
-0.420928272715009 -0.154061093589666 0.0192200107904095 0.0160120334921005
-0.354139264631363 0.179267709736491 0.00307642971696712 0.0185793757887559
-0.033690888506506 0.343993144858008 0.0113702800167301 0.0252554064593597
0.219051992047703 0.274941823450311 0.0549903112684181 0.00322373280304427
0.325380567560319 0.0968424975419563 0.0364356643190878 -0.0537314068661943
0.300183477424623 -0.0434008126593968 0.00364919858767401 -0.0603652258244758
0.285729749485986 -0.0688461294994379 -0.00382510978676113 -0.0558740019251468
0.307452623925452 -0.0284081816672368 0.0105367443303178 -0.0590121881702424
0.373910210786081 0.111252182627082 0.0293724275959825 -0.0406678201964741
0.249150257504377 0.323547732873685 0.0450238087820818 0.0117339100916492
-0.0743903833981678 0.411343377168013 0.0396373794464539 0.0266987954158417
-0.445529053988197 0.205170402908415 -0.0351853719395698 0.0281373114177815
-0.493119405948871 -0.230818232487962 -0.0466008659477912 -0.0296342988202769
-0.281552083087636 -0.509694599662272 0.0280926085226756 -0.0770501605458804
-0.262592849154846 -0.405475587839918 0.0775866807454875 0.295431001155657
-0.418071381618425 -0.138142416699803 0.136629354520473 0.0558774182671974
-0.346729205923533 0.181832751511928 0.0317879556401176 0.00174689275133217
-0.0400135583105661 0.338556007700216 -0.00686821208659171 0.0541697359331642
0.199433458757359 0.273463942169271 0.0979644235138633 0.0790340592294765
0.307033060001424 0.103597653621847 0.145793966377529 -0.0193563475033108
0.289318461338094 -0.026739821709239 0.125210020558116 -0.0713220503864949
0.268291683283066 -0.04341682924873 0.110044655294884 -0.0746524982675953
0.276576160701152 -0.00627689965450452 0.120909926061687 -0.0684499667142516
0.314436698090299 0.113984451804282 0.121400282889149 -0.0218063799079423
0.191433897561357 0.280115885831105 0.0946175294677398 0.061202183347989
-0.0790695601075338 0.319450436791601 0.0390842456529297 0.0591648267649369
-0.351824256422215 0.138992410010733 0.00328882872571511 0.0264262030275472
-0.391627379745345 -0.194511343294154 0.0282191461401097 0.0156162192200209
-0.23355449201215 -0.426411422631262 0.10442152564622 0.0782020113011023
-0.212124604285478 -0.309982951838826 0.165132907814567 0.439229470947265
-0.328632690543249 -0.0998969061827552 0.236985724158813 0.101630757727453
-0.261132768903324 0.137277898763624 0.0568704140594632 -0.00770352508111957
-0.0422227104765635 0.253212223862091 -0.022076225438538 0.0821294754474009
0.134309846897427 0.216531668948805 0.130425858780216 0.150175539630802
0.22937590230374 0.0935086838822666 0.242278615249942 0.0205860030882428
0.230031320350208 -0.00366959350125307 0.233577892551392 -0.0731904626115585
0.2107598219846 -0.0101246756614145 0.206592382485404 -0.0831957720368807
0.206320552961029 0.0175477130723032 0.203530256355968 -0.0661978430546415
0.207532612900457 0.104248581713986 0.176824634013729 0.000656898685914104
0.101317738494106 0.200972079954246 0.110368048778625 0.0893800051844758
-0.0812338418832783 0.18275072156721 0.0252995923073511 0.0696493636577907
-0.212154222515428 0.0434446638607545 0.0291060263635947 0.0135510506735556
-0.229180180840186 -0.136159334188858 0.0771236900240434 0.0424984059767446
-0.148364142548813 -0.283556839452793 0.158250778271496 0.190010539894337
-0.12568820084572 -0.158105750262513 0.21884654615257 0.532305952721207
-0.175372371417056 -0.0409992304922786 0.297327493051879 0.14618039199261
-0.120471151524757 0.0668432369926299 0.0759113121594319 -0.0105715204197107
-0.0318819270070375 0.116859428744471 -0.0344957039283459 0.0929151625877359
0.0465952973016414 0.116685479651595 0.139357478029177 0.199365927377794
0.1095464839683 0.0670806597079226 0.302129455488746 0.0607673228587772
0.130179433159321 0.0212310878251614 0.309758636800561 -0.0634885688458306
0.122167452266828 0.0243831516949559 0.271110530362784 -0.0788927296078102
0.112300726688243 0.0372101434235464 0.252425394165711 -0.0502676896053079
0.0856730890185013 0.0818283598249866 0.195191702752881 0.0244894704082942
0.00946805349412193 0.110986891482461 0.0982968047548885 0.0995480445564429
-0.0735114392126138 0.0525877603498484 0.00152301905431855 0.0623347137032692
-0.0736010826687305 -0.0341988666057834 0.0421143154855099 -0.00425388116372257
-0.066876755959392 -0.0645047406673889 0.100104100447515 0.052210077758379
-0.0542338258060258 -0.114291829929841 0.18507560543972 0.248130601437513
-0.00838641994318208 -0.0335037623089139 -0.270871979846878 -0.294416731005892
-0.0476786034042113 -0.00745855076776095 -0.202273762207367 -0.0336866485380817
-0.0359268422109214 0.0611318320275985 -0.0518502642031462 0.0295982956374657
0.048256381368376 0.044179261105144 0.0373417826336738 -0.0267215314274626
0.0630911905270949 -0.014151088725292 -0.0583025037985226 -0.120555478740968
0.0266254982832246 -0.0434387794462586 -0.210560804790339 -0.054793582670444
-0.0171172146203833 -0.04844945977453 -0.285232761696211 0.0363620855296854
-0.019247647772553 -0.0521418197336894 -0.313122600647517 0.0693685018073735
-0.00432327475894226 -0.0410054611559528 -0.337024912996371 0.0521390998574974
0.030901662313233 -0.0354886674142052 -0.313703576950886 -0.0604920428926517
0.0408399871431501 -0.0111200378921915 -0.175746998405213 -0.188691537960921
0.0151568778034548 0.0340663339878137 0.00626215718490996 -0.129034911032986
-0.0399088002586841 0.0263452453810298 -0.079957269525393 -0.0233091260090414
-0.0229029784544662 -0.0393531182984201 -0.209102825024529 -0.174438328592066
0.00842050568299841 -0.0377871858443587 -0.207131624891748 -0.552894948505855
-0.0927468667523858 -0.175756388099262 -0.248526010469496 -0.253163101923534
-0.153852063161963 -0.064395597326753 -0.1877854778748 -0.0377280693979728
-0.127054155300976 0.0835058296643635 -0.0479296509869398 0.0399949148812141
0.0252488201711264 0.124207731987061 0.0475137460069651 -0.0139088958056317
0.118893243106456 0.0691391310757425 -0.0332874614817268 -0.118948883201195
0.12993591914903 -0.0081842481802711 -0.188779612284406 -0.0755402860874298
0.0930963720807072 -0.0616593843181464 -0.26532021373458 0.00995707995566392
0.0963800896773859 -0.0795562381130089 -0.291300234036944 0.0422713491539247
0.12405866171076 -0.0571830444302842 -0.306458210481087 0.0246665167441418
0.181861679839411 0.00798438273820914 -0.27442128793288 -0.0701504499948963
0.13747759240312 0.121498529841493 -0.141632404081306 -0.164740852417795
-0.0171096677853464 0.198294250613655 0.0160311627905903 -0.103683940493525
-0.218434607142972 0.108150323638148 -0.0966394204807089 -0.00913327392664527
-0.226641227229349 -0.129094002198312 -0.215640329703898 -0.167973709776689
-0.123446101582682 -0.244941386202899 -0.191248819487819 -0.516657798251503
-0.17360865066337 -0.299899623580331 -0.203757820960969 -0.163307697742733
-0.260881363081017 -0.112211677696585 -0.156424764948922 -0.0301636505105062
-0.217954739930734 0.112420493508303 -0.0401098639425315 0.044105027257675
0.00125082199152468 0.207663294998669 0.0443869113933844 -0.00466943753725705
0.16932667874885 0.152912264645911 -0.0104529854490381 -0.100651334325403
0.22616215675429 0.0291619047633235 -0.143504645807378 -0.083979349650453
0.194267039625005 -0.0681153908143876 -0.208004416276423 -0.0159230701721305
0.197659144734059 -0.0946315506175428 -0.225404503897446 0.00987329270498572
0.231888859517414 -0.0628860653973483 -0.228832107919962 -0.00679679399544192
0.308347258317106 0.0488916742213309 -0.194903824134566 -0.0677172045190645
0.219868063062466 0.236967852289287 -0.0896747807663945 -0.116399877600326
-0.0440728924825091 0.340846650432752 0.0227989365059991 -0.0666544695510849
-0.370470521707368 0.182601960578325 -0.0981189675123957 0.00682601834615529
-0.403438358838136 -0.197623256717674 -0.193567556348413 -0.136675759727944
-0.235687960032442 -0.416423910322849 -0.144509969560566 -0.411133078294691
-0.244230124986298 -0.392892004091201 -0.128911827321819 -0.0309607047954679
-0.367798346371898 -0.140015512805204 -0.0893057332070485 -0.0109537945491758
-0.304506373954942 0.156896108455553 -0.0221141902720351 0.035977883775902
-0.013793105819468 0.295986820366211 0.03110363955528 0.00577548244228113
0.216549033765078 0.227799472616102 0.0171359240088015 -0.0606575443849668
0.303546255946131 0.0617512496466539 -0.0689869940012354 -0.0771692451629538
0.27071665567729 -0.0671445019224376 -0.115548873939236 -0.0399752926616765
0.266975649321424 -0.0966016321635275 -0.125490946277994 -0.0257540089033861
0.300082861275388 -0.0580384738594531 -0.117126220934002 -0.0373080814734926
0.386188414664895 0.0798522671697194 -0.0866155666710804 -0.0582104322879093
0.2724162122417 0.311636715729905 -0.0212947196148446 -0.0536599073058581
-0.0572243960273209 0.431881462653094 0.0312116897357126 -0.0210338571691632
-0.461260691822184 0.232829265150245 -0.0777519412049452 0.0216856644537457
-0.516943721183926 -0.228379799831193 -0.135007652997151 -0.0845092350307009
-0.304983098257246 -0.512346962203681 -0.0676449174300114 -0.253529567237579
-0.286125409483943 -0.434464910879544 -0.025878315442888 0.130672245571434
-0.441344619341949 -0.144364830143465 0.0155491004420201 0.0172156579170367
-0.362619641698386 0.19760590742 0.00502275170158482 0.0175538638553522
-0.0221745799219699 0.358173889400515 0.012808325221403 0.0263959825190921
0.241240598117929 0.275349024282102 0.0570518247470219 0.00154631698665169
0.342878030546632 0.0839396663867414 0.0336619587966514 -0.0574397878761049
0.310140240248463 -0.0584419447100144 0.00188120077551653 -0.0627896375625707
0.295182727282709 -0.0821235092997264 -0.00682076458398524 -0.0581632079943367
0.319083196271149 -0.0415772752256517 0.00670586322419432 -0.0620372358451673
0.394216206823616 0.0979686682048206 0.0288504888199722 -0.0449306523320587
0.272762706396401 0.324828377195823 0.0510055688597796 0.00952367662851657
-0.0625382535261093 0.430772404934129 0.0405971069683874 0.025741908764146
-0.456581117345786 0.22732701500756 -0.0408279025108397 0.0299993660783355
-0.519527644224166 -0.22169889332695 -0.0517394503819474 -0.0284000749473115
-0.31076277805401 -0.518446539511823 0.0237899434103798 -0.0779763065208468
-0.284432808858348 -0.409608393622272 0.0875034812094146 0.299970936262448
-0.439222272242741 -0.128713580675423 0.140740481818313 0.0541777786931587
-0.355341608829062 0.200246727332486 0.0346047446037914 -0.000225929467269898
-0.0284929770051432 0.353593467358026 -0.00502581653275303 0.0570896315503976
0.220923769653951 0.274920632431256 0.105064101298741 0.0786680982488865
0.323917538555564 0.09359858893863 0.148099140549875 -0.0273418764257187
0.300429546847336 -0.0408084098376912 0.127245701092148 -0.0782814632709484
0.278606984652818 -0.0545812358504395 0.111670030064358 -0.0820870615966499
0.287738763669499 -0.0165037523908953 0.121004023149773 -0.0771058338411451
0.332005259932831 0.104143258009549 0.125163837523093 -0.0279474688369923
0.210864154779597 0.282439039508221 0.103863334460135 0.0588024793065483
-0.0690375418533732 0.334797986235477 0.0417940207642262 0.059679493916683
-0.36167759693691 0.155724945986496 -0.00154763192598054 0.0264641935123383
-0.4120514767202 -0.187709071495864 0.0274693305069429 0.0171161463329308
-0.259351001925395 -0.435514582433449 0.109252813056566 0.0793991420877776
-0.229278925260595 -0.313983848209127 0.185151652181772 0.447845444639191
-0.345034198009166 -0.0923171144882306 0.248279627205006 0.0971060320593492
-0.267996224841447 0.150272932828917 0.0605200024236121 -0.0101521672270995
-0.0333283264551155 0.26593601411585 -0.0202832518689514 0.0862845095080036
0.151193411340745 0.219573847225933 0.141216313528079 0.151461486062729
0.243026238978662 0.086415730745785 0.250377349755653 0.00948662628694211
0.239782030695684 -0.0142980009393487 0.240501638298126 -0.0848457794757127
0.220469608686501 -0.0181831515835485 0.212428524709411 -0.0948449049290654
0.215406825930843 0.0107560508196849 0.208451592398989 -0.0775592606390349
0.221252116775539 0.0983664383855989 0.183574359872591 -0.00774469952463581
0.114000435535314 0.203482129038887 0.121438646028186 0.0880963816308238
-0.0767750751365315 0.193505587119467 0.0281697232668203 0.0711933737783609
-0.219676142193107 0.0528389327855716 0.0260699877063824 0.0120805441187802
-0.241682257458322 -0.132656668798578 0.080243315441427 0.043580761516761
-0.16520770708111 -0.289791580268805 0.16981281790249 0.191769878031624
-0.134758845051128 -0.15972233336761 0.243896964256 0.544575068061688
-0.184388212365318 -0.0366111606870748 0.31430468082226 0.142490788256381
-0.124583909676906 0.0721140537656037 0.0800758688080446 -0.0131267219296702
-0.0282494621720214 0.123666676031438 -0.0328987572068916 0.098565490681401
0.0542150610784789 0.119605307947226 0.152132004249337 0.202586897138826
0.117888077285511 0.0637086530323719 0.314850758678936 0.0489407508132145
0.137493703005109 0.0153899994948117 0.31992106650598 -0.0779210546695601
0.12893807396563 0.021089248519605 0.280879432600343 -0.093076368851412
0.117807389467916 0.03475566833214 0.26021848985764 -0.062274416990253
0.092691360519962 0.0813040437275482 0.204179203334507 0.0172021054128613
0.0153564399724063 0.114703990115998 0.107735219941744 0.0995974786253146
-0.0736535292360756 0.0580054749688572 0.00380276594916367 0.0639160369642841
-0.0791747039066097 -0.0323861043369577 0.0404114307915915 -0.00718952492706757
-0.0711321615924055 -0.0651021443330684 0.104964329094876 0.0519382983298787
-0.0605031719032057 -0.118171803705614 0.201285939583598 0.249564092882866
-0.0109030395491952 -0.0332789040932248 -0.290922802880934 -0.27808983129676
-0.0484989431187083 -0.00533642701624985 -0.207663228182474 -0.0189717774956394
-0.0317391520438176 0.0639973302550132 -0.051706852714296 0.0339838074494721
0.0502706091946612 0.0403193629859941 0.0359313041589122 -0.0288370953392962
0.0616960843992549 -0.0192136788544079 -0.0660823933404962 -0.118552772189932
0.0234417986081707 -0.045515434363334 -0.214837590157518 -0.0396409443038075
-0.0210451739549985 -0.0460999207344006 -0.28531425015891 0.0559483241892386
-0.0238382211204366 -0.0508908526366756 -0.314463847255365 0.0914538863358974
-0.00631430995142482 -0.0424876790072935 -0.337425120350491 0.0755268733311342
0.0286865274472469 -0.0385098042570048 -0.320801331311909 -0.0386527455992429
0.0396120093836257 -0.0140703824080097 -0.191063338261036 -0.178789438575578
0.0172300232370271 0.0330801982508318 -0.00268991760296316 -0.130155728370122
-0.0374803470375632 0.0283306041906854 -0.0814439634707154 -0.0191846823596358
-0.0253421107666835 -0.0381776474148801 -0.221947244520522 -0.166424820173021
0.00636170130795214 -0.0374725432160123 -0.241142961399007 -0.542935262813602
-0.103066045067422 -0.170421359265459 -0.267941253559147 -0.237810180131065
-0.158945002698767 -0.0555302703830454 -0.193982547241266 -0.0246696987065573
-0.121929152865201 0.0922022762480057 -0.0477474684149341 0.0429807912025235
0.0328776610657334 0.12203267614511 0.0469812109485233 -0.0165741637917973
0.123643521795136 0.0601873559874354 -0.0402006894210063 -0.117891990457508
0.130811440961011 -0.0177826979989313 -0.194374818514094 -0.0629440409142544
0.0897538497599643 -0.0674441992042092 -0.267084014424291 0.0281744563583755
0.091955717737736 -0.0857630478124944 -0.294402183137091 0.063247891954797
0.121738655889434 -0.0658916201879662 -0.309528750386529 0.0448768687710906
0.184545081222797 -0.00589552811325535 -0.28135422310275 -0.0522589853891652
0.146209311107239 0.112646718860952 -0.153480418278992 -0.157231915663536
-0.00431597809274639 0.2009669187737 0.00804015800373389 -0.105534157575976
-0.213709899081713 0.121116745507948 -0.0991524340694236 -0.00255786598060509
-0.236424410499787 -0.116453298668022 -0.228789019803667 -0.15903318561389
-0.139409873896997 -0.238784846698063 -0.226082104966622 -0.505915046035499
-0.190962602394811 -0.291155839207446 -0.217777769886834 -0.151475166882609
-0.269313553711742 -0.0960874795735509 -0.162820539593746 -0.0191391514051689
-0.212017234971487 0.126162032165694 -0.0391597100562623 0.0456581646546791
0.0147792023787287 0.208828286888002 0.0448848043742106 -0.00718664753197782
0.181882524425756 0.140218116246676 -0.0160903772183954 -0.100742454591309
0.22978780101193 0.0121319700929854 -0.150779478913025 -0.0741826332351043
0.190343857628542 -0.0811596332581974 -0.211361819801493 -0.00170472460356271
0.194092936546574 -0.108093481533722 -0.229512000746215 0.0256044620626572
0.230176817032113 -0.0790231485648975 -0.233065754019657 0.00778952483274682
0.314870840621658 0.0266782665759555 -0.201260123995447 -0.0558218588972572
0.238190139823012 0.224265548303381 -0.0957200049430792 -0.113089929327618
-0.0230694503265195 0.346373228006813 0.0171412782422862 -0.0692980948801143
-0.363273121581213 0.206461853083132 -0.101454967413209 0.0145055290490861
-0.418352414157682 -0.176047844041042 -0.205126209722066 -0.126816938658757
-0.264055914034718 -0.403615829681495 -0.171579126195116 -0.39974440896718
-0.267035127219465 -0.380008888485717 -0.13552298581646 -0.0241595242014585
-0.37815744804185 -0.117846681434994 -0.095017485887919 -0.00446617717923626
-0.297524886234286 0.175826016607734 -0.0208398989396546 0.0365909906870106
0.00597391188925491 0.298328318626835 0.0315008754931116 0.00389125722672521
0.235006916301373 0.212330182829337 0.013974506791303 -0.0622711626329765
0.309924853489868 0.0391230400614749 -0.0761537311401496 -0.072506067791075
0.268845437411873 -0.0859731173780195 -0.119583783183529 -0.0326290034783037
0.26398950228917 -0.113089158355757 -0.130469116927132 -0.0172440486400632
0.299435365006933 -0.0776695305855883 -0.122516676522094 -0.0300630170239762
0.395657308441531 0.0531149894526333 -0.0911741613673027 -0.0538046558229972
0.295869492091993 0.29563864095126 -0.0220296248936763 -0.0544827184014249
-0.0295047545333388 0.439080464936603 0.0285285979937602 -0.022918328050912
-0.452926726786154 0.261651943353511 -0.0817500634171358 0.0285242212161183
-0.533726394536938 -0.200331419444593 -0.143006597409048 -0.0765892309265366
-0.3395758104293 -0.497676291503625 -0.085119340340644 -0.246319678250911
-0.310632459667618 -0.419887107529739 -0.0227301369405659 0.131726825038633
-0.453112304825027 -0.117687547117664 0.0134014205916603 0.01715757491395
-0.353863027265564 0.220243746374357 0.00599617208366211 0.016075327900283
0.00180126596135198 0.362535156057161 0.0142804196513478 0.0259551692174598
0.263176152868224 0.260034106628731 0.058975828587037 -0.0013133578670766
0.351395526579777 0.0589690892817873 0.0284575796755152 -0.0596979513629142
0.308232127704838 -0.0799978428837236 -0.00234175268430879 -0.0626498344724994
0.293635940124476 -0.100923334019534 -0.0116487766401171 -0.0579940216073399
0.319649966060503 -0.0615794957214028 0.00117833846350375 -0.063756263629224
0.404907582224745 0.0703123337111994 0.025639520105754 -0.0485526359244593
0.296844314534317 0.308649071617064 0.0556257175922319 0.0038734699931786
-0.0344179190019722 0.437201688044214 0.0413087186405244 0.023867445543211
-0.44849258811452 0.255933432947831 -0.0445959084443363 0.0345755464857456
-0.537144436462738 -0.192837028661795 -0.0554421629958234 -0.0238235460423777
-0.349627613010769 -0.502336589609225 0.0183337374280795 -0.0754158246274485
-0.307225272162123 -0.395011654961835 0.101924729126796 0.295075652952903
-0.449848296363908 -0.102091848263569 0.141818491851433 0.0463739730444198
-0.346998756751894 0.222936506514743 0.0355065369064205 -0.00399353793877612
-0.00504792460169087 0.359618628573408 -0.00102187853249904 0.0581854695979522
0.24322670711244 0.261887664630099 0.110828156960081 0.0733128493589861
0.332567232265208 0.0700493022601525 0.145780889927566 -0.0372286852147229
0.300076909488332 -0.0623971831425908 0.124027574758303 -0.0874062934252834
0.279947869192749 -0.0717386075205334 0.107080416031333 -0.0902320469809291
0.288996649707703 -0.0344385672172312 0.115648549925345 -0.0862351846806032
0.343150321766678 0.0807804750541427 0.123122253647838 -0.037670461781863
0.232164236200777 0.269169126912654 0.111890890881832 0.0503489426261915
-0.0479467871564745 0.342244054939934 0.0449640797904886 0.0574473330653383
-0.356493449214027 0.177728032517613 -0.00564139589331846 0.0281080489473286
-0.426197730981776 -0.164732877115036 0.027487964676973 0.0185017373225724
-0.289693179591801 -0.421415140000325 0.113349509743109 0.0763452561292158
-0.246450581384038 -0.303221182448538 0.210218241124427 0.437201669346371
-0.353914543080723 -0.0719616193927833 0.255174964711979 0.0834168460302299
-0.262988715523353 0.167472938056953 0.0624569326200666 -0.0151561204052679
-0.0159674564656807 0.271424525753004 -0.0147453672323605 0.0884343645371666
0.168549611235292 0.211581561218954 0.153583771439551 0.144078519524873
0.251557250053896 0.0690513893374812 0.251259537609697 -0.00725989528888942
0.240964272225967 -0.0318128208935691 0.237657932527927 -0.101199340360645
0.223289474788587 -0.0321075757894025 0.209578480888639 -0.110108480998986
0.217925209997913 -0.00254124233862408 0.204064142772468 -0.0920305596562411
0.229653615461714 0.0827668309385584 0.183457181436419 -0.020779411475822
0.129524522099032 0.196534799267019 0.130384413442203 0.078888025602985
-0.0642900647301633 0.199222668052402 0.0317335229505342 0.0698272238706227
-0.219562746503231 0.0663492149403534 0.0224568494135928 0.0111505799744783
-0.251051076329709 -0.119225491580541 0.0825515037896136 0.0413914949433013
-0.185212585315557 -0.283098805805293 0.181791771752047 0.184181689306791
-0.143593339732773 -0.153888934598551 0.277449968825583 0.530830383497615
-0.188341879254667 -0.0260021150859887 0.325675549690543 0.124697858645139
-0.122338366390627 0.079773707800853 0.082543337104498 -0.0186166981218762
-0.0196277097420771 0.128097349629828 -0.0266343964333855 0.101700626966853
0.0649269165526846 0.118092118683488 0.166954422090789 0.195282222104423
0.123244549060361 0.0554535491762448 0.320103590481182 0.0272060447961628
0.140388792245833 0.0049642446867673 0.317985790776874 -0.099480268755692
0.133196843923781 0.0127880406140253 0.278799090189686 -0.112357980917824
0.121172223367521 0.0278243277734446 0.258359794049656 -0.0807767605370099
0.0995793342572025 0.0754930410381466 0.206154668603442 0.0031617559286573
0.0240170131892305 0.113902285216351 0.116702511857126 0.0918000816497606
-0.070038897942243 0.063265678858805 0.0073329942192785 0.0638448158019633
-0.0829709812422738 -0.0275379952316211 0.0363911352094884 -0.0102842098231245
-0.0750951648908605 -0.0611628232127984 0.108757526953562 0.048144943794778
-0.0691360313396422 -0.116751962638711 0.218094903014044 0.237944131209396
-0.0126465160124569 -0.0310372135743317 -0.296394566939934 -0.251628377631429
-0.0477964279421746 -0.00330829249721829 -0.202147882683575 -0.00484459159792681
-0.0265670651584478 0.0638248617797231 -0.0497463108586405 0.0369876056715884
0.0500126031391314 0.0362474800212382 0.0336549016620229 -0.0301036064214088
0.0571524064136187 -0.0223563744636218 -0.0707048557644722 -0.11183997667476
0.0201257270063951 -0.0453845364375785 -0.208956361055092 -0.0249612943954703
-0.0224954718613164 -0.0423575697394423 -0.273441471842608 0.0706684242361204
-0.0266639893755576 -0.0473092952570661 -0.301950285055434 0.108219476065631
-0.00869184978071054 -0.0415958850943328 -0.323395007368607 0.0927369973488905
0.02534136572054 -0.0397556816729694 -0.313334768135338 -0.0186714259883405
0.036378927354701 -0.016011376398515 -0.196492462399365 -0.161052665047561
0.0184390643875282 0.0313374712948598 -0.010647192796443 -0.126503313650932
-0.0339654114143388 0.0279977842081703 -0.0788758445732694 -0.0148583942020417
-0.0266319008576179 -0.0349731501268803 -0.224396068631372 -0.152547101097974
0.00453500469956504 -0.035187181479424 -0.264599130212888 -0.509344150903796
-0.108424347244193 -0.15927746835923 -0.272294443774632 -0.214347697168816
-0.157399344522546 -0.0451244974811973 -0.191037607292714 -0.0105462196868506
-0.112825156872827 0.0955818859192834 -0.0458226714608326 0.0451688813667673
0.0383479118126123 0.115729377693526 0.0444635737989489 -0.0183613374627327
0.122174760870156 0.0496105530419221 -0.04508756268571 -0.112022956920964
0.125260078416845 -0.0257537518457848 -0.191973656828324 -0.0480655907841879
0.0828301800824114 -0.0694460091142867 -0.257932398025425 0.0430253538352103
0.0838786498258609 -0.0874357925726578 -0.285058141823536 0.0794458408473932
0.115527491965283 -0.0719336389759171 -0.298557328658643 0.0614649099396326
0.179257804219749 -0.0173432125135944 -0.27654141323618 -0.0341341045229919
0.1484634463857 0.100948162158619 -0.158047257500533 -0.143961459234481
0.00704256277797058 0.195178202154439 0.00123023099899011 -0.103321685610827
-0.201282579722775 0.127983759055085 -0.0964810533190812 0.00333542434227218
-0.23565682808542 -0.100985686577365 -0.230885213246116 -0.143115970410149
-0.148695426016858 -0.222411638678146 -0.245218182781763 -0.472907177950531
-0.198552339957844 -0.270943153627745 -0.221256723093841 -0.133864593037453
-0.265461915097992 -0.0785324499697878 -0.161323957742102 -0.00731351415646249
-0.1987577861904 0.133145590876601 -0.0369539146133707 0.0466719117801579
0.0255523539429689 0.199498703761602 0.043528526823218 -0.00908654770955484
0.184005924304377 0.123234673399791 -0.0210260066977402 -0.0963984478728203
0.222632270603092 -0.00307655638318285 -0.150137624942005 -0.0623267349956668
0.179256744860537 -0.0890459075543716 -0.204284864878009 0.0107206054601894
0.181990492692518 -0.11482216031397 -0.224312607059785 0.0385959166349433
0.219418241583705 -0.0903317648289787 -0.227026482910952 0.0220939715684954
0.307395098975725 0.00587456476712846 -0.19906941078599 -0.0426041465972195
0.243638691196071 0.204006334856639 -0.0984775128686906 -0.105624484060445
-0.00256211241617545 0.337341477609896 0.0116360195008395 -0.0679021100103656
-0.34372686932782 0.21808344726759 -0.0994237091950602 0.0211511484339413
-0.416390264439527 -0.149381475103689 -0.205689713633237 -0.112250028422054
-0.278043379714815 -0.374747509482182 -0.187311553955955 -0.373400654289897
-0.275225569130726 -0.35272077934243 -0.135918910528571 -0.0162721539714373
-0.371446890434939 -0.0936939020268571 -0.0958605349978648 0.00298803669079417
-0.279123466056999 0.185782462929796 -0.0197797256577073 0.0354142429898718
0.0219828450497757 0.287740792924316 0.0312740923340471 0.00272961065975689
0.24020283940336 0.189529862809282 0.0109752832784712 -0.0596853880518301
0.302206996303018 0.0175506638448838 -0.0788869705125878 -0.0646018590492122
0.2542710285213 -0.0984285948754536 -0.116755748697561 -0.0238291687255338
0.250610264247492 -0.124097457270539 -0.129157063573035 -0.00916403591036257
0.287569738207354 -0.0921542893749909 -0.121608378488708 -0.021851480091897
0.386791491600703 0.0257289114311472 -0.0924932251612818 -0.0470072073809684
0.305105319829078 0.269153867103058 -0.022382812368116 -0.0544135042621524
-0.00520011629338576 0.427829670159822 0.0249190766058935 -0.0238001727021843
-0.426557606999831 0.277556471054758 -0.0811760186334889 0.0346511728856806
-0.528559760561744 -0.16691901427208 -0.143050826371522 -0.0655153750230567
-0.356796496977831 -0.463085229218251 -0.0943802961224604 -0.227638599144133
-0.318816378870515 -0.390500326179577 -0.019456265972844 0.128445761760596
-0.444277699995633 -0.0911159458392956 0.0103510627980288 0.0177243401123547
-0.333118488893606 0.231667458903687 0.00593465697261087 0.0136824311009693
0.0222437794810409 0.350377813264878 0.0166348630981759 0.0245733894493397
0.271431602544824 0.234467323642898 0.0579875828654542 -0.00392658623844502
0.343463223894154 0.0347672538030921 0.0218888337492799 -0.0593298377701494
0.293257613365694 -0.095574857865754 -0.00546978463007869 -0.0602624564477046
0.281165189730158 -0.11350161945903 -0.0161389364433605 -0.0557697234860881
0.306647587069412 -0.0771134059137064 -0.00382984917829439 -0.061780251130363
0.396497811525923 0.0418422356664019 0.0213766409550953 -0.0493690326567127
0.306284185532764 0.281391240591918 0.0562396625549761 -0.0027626408143609
-0.00813358108000098 0.425693725539293 0.0393221128192554 0.0214377897727623
-0.42308357126012 0.272937109191125 -0.0458107447133443 0.0387083561370448
-0.528741383889014 -0.160122147844965 -0.0559025386386016 -0.0176862910791105
-0.36359025626328 -0.467689463479177 0.0134359686851607 -0.0689545245342942
-0.314455802212463 -0.367391029096063 0.109690212854869 0.279011847917857
-0.441819319648261 -0.0738773420997487 0.137174751021629 0.0374877087844985
-0.325088074304958 0.233753009923642 0.0338798654929064 -0.00777211125038583
0.0161868866980498 0.34783445295967 0.00251455795352469 0.0569574264828204
0.252580056127311 0.237979368763334 0.112858687833445 0.0659359289814556
0.326318344365942 0.0462407504154996 0.137049568661474 -0.0441444890952993
0.286670910193202 -0.0782440752886542 0.115293979385748 -0.091127996015533
0.268759437543683 -0.0846927527568693 0.09927560646579 -0.0939765402550752
0.279034563049685 -0.0490979530694147 0.105662626560754 -0.0900630810394211
0.336629881482028 0.0559967548452165 0.115976544720718 -0.0446445292454054
0.241825718186518 0.246873539910015 0.113791189666382 0.0391214874086715
-0.0270305256446593 0.334106996209239 0.0453587839044591 0.0538135531250587
-0.337522447349917 0.192676820245068 -0.00780471407879128 0.0302495952802035
-0.420582225595679 -0.137822462259777 0.0272648372514751 0.0193397311420506
-0.303972407298827 -0.392345928414514 0.113770858976289 0.0714535509796548
-0.252748582033503 -0.281761323365372 0.222505830333273 0.410783073878055
-0.346312409122987 -0.0507134841504986 0.249623275491682 0.0674998229652578
-0.247042866092661 0.175515814954919 0.0603841757181547 -0.0196125204892334
0.000631134732805975 0.264058652342892 -0.00916080194342747 0.0873684213796965
0.17758913407729 0.194409675329105 0.157245999427525 0.132358395776414
0.247296747736603 0.0508966854686086 0.24182925563405 -0.021501913671795
0.23169976378458 -0.0460419209440634 0.22602165083785 -0.111965573349343
0.216695829391273 -0.0434944270357117 0.197580758171995 -0.11939642996317
0.211770252732142 -0.013519775572957 0.192380452524071 -0.100687427629847
0.227133432879167 0.0657958104449122 0.175999680078496 -0.0306103760597894
0.13849483692597 0.182074032559258 0.132481009617258 0.0658192921616659
-0.0502176574292895 0.196418990517985 0.0336953768657924 0.066128651000353
-0.210903478607538 0.0765978600142954 0.0182026221509063 0.0111355599206846
-0.248862334377244 -0.10248972216097 0.0825600261532509 0.0388961841089679
-0.195559285160194 -0.264271359351436 0.185571895141613 0.16922689601721
-0.145876257470094 -0.142052787334732 0.295296725645199 0.498404278213978
-0.183530482849498 -0.0151441049459488 0.321805347910427 0.102896740181296
-0.116109359875427 0.0835680641480619 0.0802197045068018 -0.0236769959803638
-0.0111186163804945 0.125262183796139 -0.0201538382370869 0.101092880555363
0.0713691827481991 0.110292566892511 0.174096437096818 0.180759046357275
0.12296118978656 0.0459966366842431 0.310781143918951 0.00783384637639703
0.136207001349581 -0.00488118112005422 0.30344091843529 -0.11425313356354
0.131884079563478 0.0048278070844005 0.265947986865298 -0.126390582682708
0.118782958729885 0.0214106817598341 0.246061437867385 -0.0939808854425032
0.100545636873662 0.0661311310990337 0.199122724304208 -0.00890928116136539
0.0311945293532479 0.108172965568736 0.118582238912122 0.0805708636622004
-0.0632014375565569 0.0658376703613589 0.0100001119331719 0.0619380559950889
-0.082835562784476 -0.0210399401564183 0.0317241597689325 -0.0111259261266882
-0.075534113065778 -0.0555961354888394 0.108694300461325 0.0428282617312147
-0.0735803036650609 -0.110128042555536 0.223801820866051 0.217988858930635
-0.00842669189017651 -0.0300453334306207 -0.2469677445116 -0.264429901539186
-0.0442346998934058 -0.00935542856307641 -0.190189503124346 -0.025608556101487
-0.0325511586103515 0.0562014806712458 -0.0554254040447697 0.0302894727977528
0.0405396112707984 0.0404873174054827 0.0322125700951102 -0.022061504059697
0.0559249403035513 -0.0131565386928236 -0.0537319750291879 -0.109281236080716
0.0265715039089577 -0.0404774735141535 -0.190135558858094 -0.044359737064193
-0.0154399986367076 -0.0406038434613402 -0.264913513884544 0.0385748404840622
-0.0212395615692377 -0.046715761486796 -0.301061258280922 0.0698358694067707
-0.00143851664110115 -0.0401060202611851 -0.320673098274368 0.0534897331769251
0.0302057350575982 -0.0346520169124419 -0.297902255519 -0.0509776955374039
0.0365308092804743 -0.00908125210163523 -0.17259599401972 -0.176277098662535
0.0134168221466635 0.0339939395525052 0.00271344520335591 -0.124792128072535
-0.0344059895314741 0.0230985809235541 -0.0721789950046786 -0.0254110362769074
-0.0205165080795181 -0.0339277305783208 -0.198698715167566 -0.174519455106675
0.00868891718521385 -0.0278566957128343 -0.196870807376881 -0.522935728114184
-0.0802974968747164 -0.159954017396068 -0.224832809535718 -0.236301702602667
-0.139142295885252 -0.061430979286795 -0.181857499845835 -0.0353338596362277
-0.115948317957053 0.0743612570319375 -0.0567947315010846 0.0337593494079763
0.019024536643029 0.112760193322932 0.0381145846530935 -0.011270934496152
0.107053320317665 0.0630565595542795 -0.0336842372500202 -0.105318671236745
0.122189303336233 -0.00942222738818727 -0.171569609458974 -0.0594313342693459
0.0867964411081128 -0.054235405755669 -0.248165425525167 0.0162064427432188
0.0903943882989167 -0.071958102105059 -0.282165601798732 0.0436135273438677
0.119425708684417 -0.0542314212732726 -0.295985972436523 0.0244984444218566
0.172911990231754 0.00405054313876771 -0.265001485751047 -0.0654492978789223
0.129264269283018 0.115613240607933 -0.139002708569176 -0.162279326258636
-0.0177803870014015 0.18903409473958 0.011091980452303 -0.10603861424193
-0.206045081612458 0.100413052096954 -0.0860821383433637 -0.0102249299388231
-0.213090409244155 -0.121773734825172 -0.195836516663701 -0.162898096136189
-0.117292335373448 -0.225543846693785 -0.170876979241861 -0.478885474143692
-0.149950350222281 -0.273923570953202 -0.182041157956934 -0.166272822335068
-0.233858786693013 -0.105481027818897 -0.15710875614749 -0.0352775111818844
-0.20082737956203 0.0969425416153947 -0.0526824250334182 0.0319056623132213
-0.00371640481701734 0.188458610536391 0.0332325590144581 -0.00334115411111737
0.154722117853349 0.140203689415545 -0.0158050939385137 -0.0865216540276654
0.209773690559628 0.0231113286475494 -0.131995932375468 -0.064046563800162
0.180976915677259 -0.0626805992177384 -0.195611937097358 -0.00869962194596443
0.187833322315467 -0.0865785984796552 -0.219176317981151 0.0104575982930523
0.221565232872707 -0.058403540903305 -0.224490390559428 -0.00598627672821188
0.292220068536501 0.0405713297375973 -0.193551771888577 -0.0690208566862245
0.207152174615671 0.224576202067342 -0.0874258352990712 -0.124594951683011
-0.0438100641458837 0.323605696738169 0.0171595159036043 -0.0740517160344956
-0.352735766907081 0.169607946430325 -0.0864152932646344 0.00614849185575981
-0.380632688239434 -0.189090274025928 -0.167668296255226 -0.12725942336141
-0.225649240946772 -0.386908770205219 -0.118685053287008 -0.372104013987397
-0.209630173472686 -0.359755296167184 -0.112070392896508 -0.055643390642037
-0.329823492171096 -0.134262370728276 -0.0996527603685598 -0.0235366198929877
-0.283064132924592 0.135510270803145 -0.0392517245576946 0.0196942955316022
-0.0197249319723449 0.269387081783237 0.017647936816549 0.00570725955778745
0.198096270680201 0.210238530339719 0.00643424176546247 -0.0486371407711505
0.280657446244743 0.0531044437389721 -0.0657396493694848 -0.0570454408511174
0.252370195788148 -0.0637870688248586 -0.110059557263344 -0.0315941229440133
0.255145211913012 -0.0876256650490872 -0.12392480468294 -0.024782980480477
0.285633571564582 -0.0523972546403002 -0.120160779586654 -0.0371869767146818
0.364984044294107 0.0691031294893912 -0.0937006976679564 -0.063380175485739
0.257802048791838 0.293144472632208 -0.0216747831125163 -0.070379788190967
-0.0569466072060657 0.408394758735577 0.0251781016242193 -0.031916732563475
-0.439797905807246 0.218489811185617 -0.0681251292255068 0.0210066783550738
-0.484541580430564 -0.219309133692816 -0.106660963964245 -0.0731835242586224
-0.29185712730254 -0.482053996655899 -0.0407874077218819 -0.218435409967464
-0.245053561231862 -0.400398415021734 -0.0192123347448003 0.0862564293922906
-0.398952258949346 -0.140012003852462 -0.00422508304963966 -0.0025033331235839
-0.338495992413237 0.171115595292662 -0.0166905046225691 0.000371075879262231
-0.0282293249355312 0.328460837989703 -0.00101207270272865 0.0239404146007381
0.221487178460161 0.256550748278047 0.0417137723956813 0.00950548068074268
0.316028399691145 0.0739371797877705 0.0275927229448028 -0.0391384665946628
0.28871440486445 -0.0565266476111044 -0.00120497916466503 -0.0532678471903866
0.283697767812622 -0.0744736788564813 -0.00954979123214912 -0.0567808171595582
0.30212563873221 -0.0357822136057196 -0.00311535821368177 -0.0624887980281464
0.370448805466325 0.0844017870197092 0.0153751833744817 -0.0527586375669791
0.25729828892287 0.303506991910315 0.0493116835648319 -0.0126718226132766
-0.0604816687568231 0.406202661684278 0.0344728431093697 0.013525407772649
-0.433729025046824 0.212954094490268 -0.0355665940623607 0.0299506248301748
-0.487803391386504 -0.213329208443811 -0.0275400241140281 -0.0156814249730482
-0.299385843156867 -0.488257949185067 0.0459796874006239 -0.0520644105397397
-0.243688825699344 -0.378351512048433 0.0838901356899096 0.240725891454116
-0.395997491106093 -0.12549810922916 0.11230011085788 0.030417360024858
-0.332512001964858 0.174797550597386 0.0134192674663442 -0.0161768189385755
-0.0333632000050152 0.32560660805639 -0.0175291027107552 0.0519403610367794
0.204398893003627 0.258239926157441 0.0853316429819753 0.079020087330164
0.298128438785033 0.0837995032207785 0.133147438276392 -0.0144505108069172
0.279543829269263 -0.0421832183455679 0.115834753198176 -0.0704501742053668
0.269621595202009 -0.0492019123795508 0.104514416621845 -0.0802910089781186
0.271361847683894 -0.0119568099336731 0.106776647395205 -0.0770382380349933
0.311786093861424 0.0908815426149457 0.106873590352951 -0.0370538446048867
0.200650520845264 0.261861583466449 0.100591883998424 0.0362114131004097
-0.0654272005247263 0.314480899082215 0.0372409710797812 0.0479251883607889
-0.345122334745543 0.146270611250691 -0.00185946449461098 0.0280912835528482
-0.385208489434097 -0.180245733080901 0.0437139700934394 0.0287970907532567
-0.249035302123697 -0.41210084117045 0.122759631467805 0.0932573883303977
-0.197601748312546 -0.291414563339569 0.171882146980726 0.381090494771142
-0.312978924669883 -0.0920123195249521 0.217999771503722 0.0739548772471541
-0.253473709468218 0.13084939597477 0.0442008540287123 -0.0219355001525893
-0.0364886950753168 0.24578172481382 -0.0283085221019608 0.0788477783193011
0.140381228277147 0.207277859370616 0.122867066998087 0.144322760194839
0.223142425745775 0.0782213233883068 0.228571463018765 0.0149437995533099
0.223687795895611 -0.0181662817370696 0.222069009252044 -0.0789981548871959
0.215111246524221 -0.0171058427539856 0.202992832235974 -0.0929146992985587
0.202725786514148 0.0127394901987953 0.191677714054363 -0.0769384693485239
0.207132543794426 0.087177952909755 0.165515939488871 -0.0161866317228998
0.110618832765283 0.187443069017043 0.11860705762629 0.0685701170655374
-0.0711290942124764 0.18085403002843 0.0257920461815425 0.0623757074050939
-0.210815629297725 0.0503914800594318 0.0208905334025648 0.0144537823502657
-0.225896422878295 -0.126649312657347 0.0870780707985434 0.052647652032475
-0.159808884719687 -0.277673114920177 0.174743790293744 0.19258047489367
-0.115922058606208 -0.150053359703899 0.224049398961881 0.479145312274798
-0.167469199220491 -0.0377204300458968 0.286455366551536 0.121964895338298
-0.119514471532303 0.0617505642731957 0.0719241606544563 -0.0185125508247121
-0.0279663960247452 0.114678087020782 -0.0335967597088774 0.0904249537572234
0.0519619110206532 0.114001632319929 0.138136351542764 0.187836055375357
0.106548822868778 0.0587816150973647 0.289826391854209 0.0437332512506417
0.128823964108088 0.00936657215871523 0.297197267002392 -0.0754199394034528
0.127352424184898 0.0191337422394197 0.268712752342822 -0.0909826928209288
0.109862679511529 0.0342195805638925 0.245089852241012 -0.0637926889962675
0.0863761457190406 0.0735825795307626 0.189270442680287 0.00953868710803195
0.0171532653878072 0.104543478271538 0.105643018228347 0.0860300646336129
-0.0673055326552353 0.054052817554146 0.00475823390026695 0.0590961983862589
-0.0775461169900269 -0.0284444762821842 0.0319293571363587 -0.00460441204811735
-0.0657002206497921 -0.0625554101746183 0.104371141644402 0.0578317593072227
-0.0602387837138676 -0.116954306740274 0.198181443234331 0.239171409676928
-0.00837023068571862 -0.028701681514768 -0.234459026858213 -0.259768838787288
-0.0438240137155942 -0.00969195135497015 -0.183521111068252 -0.0263369005833672
-0.0321786522371188 0.0546336602738843 -0.0549285806251805 0.029758160481046
0.0382361986350426 0.0403519363601914 0.0321754628905804 -0.0205157610373533
0.0539889081713466 -0.011611876650501 -0.0509263017546295 -0.10704821729471
0.026237043312497 -0.0387714678540838 -0.182794508597787 -0.0445044577043172
-0.0138129968727892 -0.0380204058840569 -0.257786900555368 0.0342109859956539
-0.0202949783324146 -0.0445156989983975 -0.29563473015648 0.0663832004301435
-0.0016580876975952 -0.040294461373687 -0.313302222290391 0.0474802951646455
0.0297981966617099 -0.0339915025128335 -0.288536224465355 -0.0524776484453289
0.0353194262857324 -0.00808021901375712 -0.16599313585951 -0.172795670530281
0.0124181274076462 0.0330337743859114 0.00337982961286836 -0.122035704228052
-0.033736486367795 0.0212627972639729 -0.0693566015616222 -0.0270845811225937
-0.0189133299385817 -0.033330675518886 -0.191053038558773 -0.17559043936349
0.00909611809006069 -0.0263944696876076 -0.180299776004827 -0.507627131955238
-0.0750828034126759 -0.15581779985982 -0.214164869396218 -0.232604259852647
-0.133537861001348 -0.0615198477077419 -0.176580611018373 -0.0362213725560509
-0.113488013211412 0.0705494306124833 -0.0569092834945916 0.033625115462465
0.0157145739703415 0.109130306222403 0.0373885499685942 -0.00981095717574654
0.102815021372358 0.0619163406157816 -0.0308404896371589 -0.103342888444075
0.118326432664465 -0.00838269630972622 -0.16515466008433 -0.0594080576042142
0.0855643679962845 -0.050145504262586 -0.241614139930796 0.0119227342855398
0.0893651939433105 -0.0677103511040581 -0.276759988513429 0.0408759822324012
0.117097196878394 -0.0514383070000868 -0.28884754602411 0.020653995480746
0.168383914477984 0.00463372710937462 -0.25689607632906 -0.0669548150740913
0.124468403439345 0.11416117197071 -0.133267311327578 -0.159773708640303
-0.0202143512532064 0.183509214526859 0.011699348462909 -0.102642299725014
-0.202725383435497 0.0932441825232717 -0.083426148360389 -0.0112644421113178
-0.205380238483753 -0.122431639929685 -0.187499834434723 -0.163456850081355
-0.10966668768185 -0.219719112699942 -0.154876159950462 -0.464189441872101
-0.139417400018217 -0.268287799866715 -0.17417038530751 -0.163382945764896
-0.224473046967825 -0.106166145938278 -0.153504942940477 -0.0346964717609453
-0.195910488375729 0.0916195597840467 -0.0534457025900559 0.0314175034553108
-0.00695288678766843 0.181686424499461 0.0326032162233062 -0.00284175135913662
0.148284615109656 0.136043384234295 -0.0129758063345447 -0.0847082883042967
0.202401582325935 0.0240546245196401 -0.127445111900413 -0.0631091640998276
0.176032145628252 -0.0566437668108677 -0.1898236762804 -0.0105800990236312
0.18513956338581 -0.0807629859408023 -0.215080103946982 0.00921644065529758
0.216412299265772 -0.0544957268373591 -0.218986241289789 -0.00900886660669666
0.283087050608632 0.0413026897051822 -0.187258027637449 -0.0692370552383445
0.199221423799768 0.220363511977391 -0.0836700172019679 -0.123820197557231
-0.0475715191693892 0.313882804491723 0.0168238771627469 -0.071631925593816
-0.347442488996405 0.158637907233492 -0.0845921659188838 0.00660114704120963
-0.367803009626506 -0.192198634350822 -0.159466286089349 -0.126561418886038
-0.211997328886972 -0.378766593132813 -0.105993913786921 -0.359461550509416
-0.195728288635233 -0.353217352048994 -0.110483669077386 -0.0551526306571941
-0.316614782815575 -0.135207841503513 -0.0993021524931298 -0.0231559862921997
-0.277642321868646 0.126741210572825 -0.0396771807851931 0.0191620559819172
-0.0232492381771103 0.260082447932282 0.0174351833210416 0.00531063435235777
0.190712250497366 0.204885995551701 0.00863908442836732 -0.0473664308285235
0.270546388281548 0.053058844882294 -0.0630765330793019 -0.0555707711560941
0.24552572428345 -0.0577293638913044 -0.106383624945746 -0.0323186235825061
0.251186728059359 -0.0808585997063176 -0.121455569986504 -0.0245788501886732
0.279290743831215 -0.0466604354128351 -0.117773843146965 -0.0384053065331789
0.353600885264827 0.0694170652527506 -0.0908654947667255 -0.0634587186518992
0.247251775846702 0.287969970626002 -0.0192922019166255 -0.0711964051749057
-0.0602790499804738 0.396243059077798 0.0238102609146156 -0.0300735555708108
-0.433128968097281 0.203735640547762 -0.06782500116775 0.0227953855331231
-0.469104719071351 -0.2230937010144 -0.100757390339217 -0.0716785102168671
-0.274449898283109 -0.471496419859668 -0.0327497330609769 -0.208532202384708
-0.229455703018088 -0.394680685991013 -0.0226669822290008 0.083595321841119
-0.382707052016947 -0.142852380339964 -0.00703664188039248 -0.00108802639519476
-0.333165481680343 0.161068286064649 -0.0164441418844196 8.3648629757699E-05
-0.0330344836083181 0.316684043258966 -0.00091138188010608 0.0226754520201376
0.212266062830587 0.25040042967456 0.0428123314192455 0.00960629103059642
0.305190575987286 0.0741001065368069 0.0263886379204166 -0.037693054141338
0.280911911010846 -0.0514032133918812 -0.000283416399950476 -0.0517116424116583
0.27923134262184 -0.0678299838878294 -0.0098393245759123 -0.0544919229154949
0.295335397001918 -0.0294634594927881 -0.00326676056194963 -0.0607558501753293
0.35952346326562 0.0852887832851788 0.0141446555867734 -0.0517516927806818
0.247989282204101 0.297018687118682 0.0485856438891284 -0.0143524710973668
-0.0651614830813661 0.392140808845236 0.0325967589713449 0.0141150407930054
-0.428988369208428 0.201428917162098 -0.0365236338822193 0.0317790844116684
-0.470820373306631 -0.216383038441412 -0.0243281201204254 -0.0139259983064716
-0.283171639716621 -0.477870284396283 0.0476938126507641 -0.0460612343549994
-0.227630561319114 -0.372529434831351 0.0733493961962706 0.234581489052185
-0.382066998128167 -0.129774532963358 0.105431618016789 0.0324505365816098
-0.328273393446509 0.162405550368197 0.0127924021272316 -0.0164696169231454
-0.0377417865266804 0.314654111677577 -0.0170665884592092 0.0497057491590119
0.196134345554278 0.251874249829804 0.0846624449554042 0.0787621506383452
0.288019715647555 0.0834713720264205 0.12833876506987 -0.0123814918285009
0.272114940677896 -0.037521435735472 0.114311664702163 -0.0666784416683047
0.264067009958516 -0.0440144892552038 0.102581089087445 -0.0765675333985892
0.264875389204821 -0.00673357009649835 0.10399100675224 -0.0731667309159226
0.301488811483309 0.090373659099504 0.103408200816702 -0.0352808475386754
0.19266603540471 0.255199775637722 0.0975906150273766 0.0335252933333568
-0.0689204317429417 0.304087926348035 0.0350169816141267 0.0481729578326772
-0.338798272069272 0.136971317028449 -0.00416565610476568 0.0303505047406935
-0.372300978637549 -0.182072364524918 0.0442127931121109 0.0311957556327211
-0.235836923414239 -0.402589170829641 0.119179025042978 0.094490421021463
-0.184885296494685 -0.288171642696007 0.155791160622522 0.371407154900283
-0.301253795544448 -0.0944564077510179 0.207681404257208 0.0759747731240094
-0.249848518640014 0.1207885505861 0.0436121377151299 -0.0217634101727134
-0.0387262848204539 0.237501013426125 -0.0277868382374776 0.0760887691660501
0.134929814509665 0.202121946223655 0.119952402143604 0.142192554187025
0.215106179753295 0.0778497905769952 0.220626690444069 0.0168999764715913
0.217077216849196 -0.0158740380094018 0.217338940280868 -0.0741498318779476
0.210706742162453 -0.0135900764013254 0.19916601986811 -0.0883419519290384
0.19767130107773 0.0160952567942399 0.186882466983009 -0.072853993946992
0.199676311467122 0.0858319805258634 0.159529758890121 -0.0137922762581721
0.105845494347918 0.181772434217437 0.114298932690278 0.0656722071721688
-0.0706940210355971 0.173823558476323 0.0240415446611499 0.0613179915637599
-0.205514084509566 0.0467729437162175 0.0180989952704894 0.0166794915000062
-0.217023303921296 -0.127407777342162 0.0859193909758466 0.0554234855707923
-0.151765340480007 -0.270842982888193 0.167033502757979 0.189960892731405
-0.109097306085284 -0.149269722618326 0.206521888301245 0.470271068158375
-0.161225797326657 -0.0399363491136532 0.27388475009864 0.123028519548182
-0.118428176188436 0.056537905003864 0.0710534693170494 -0.0178801828399525
-0.0284235386261026 0.110306155583224 -0.0340860650443528 0.0876343299788803
0.0498333557082419 0.110689501485995 0.133092994066521 0.185309956592697
0.102700455591626 0.0581365774731305 0.279796381173266 0.0458429769480427
0.124174002748611 0.0100781547193498 0.290451931319436 -0.0699531134549458
0.12477972508626 0.0191078839534533 0.264805518113437 -0.0864251074839503
0.106518197512771 0.0359624649089607 0.239315661729814 -0.05876293453236
0.0821201642360871 0.0720741653947068 0.182121764648162 0.0112017844810676
0.0163708419817599 0.100325701251408 0.101675580217048 0.0828351628066506
-0.0661819533388662 0.0510670241914709 0.0037409158572564 0.0578600940566194
-0.0756753193380516 -0.0281339654298766 0.0295457093031454 -0.00308366619314621
-0.0626899140132015 -0.0624699957027479 0.102093126932412 0.0591457873861868
-0.0572895856466416 -0.114761104879394 0.187988245975003 0.233968522460244
-0.00780317616698874 -0.0278278006882109 -0.226757661492581 -0.267126484107914
-0.0441539225449984 -0.0102429483472277 -0.183618384114651 -0.0303450125003303
-0.0328569092812288 0.0549746698386809 -0.0568967127386297 0.0301047964968798
0.0374583130431706 0.0419920129108668 0.0328645137839274 -0.0194248812918198
0.0537253801791043 -0.00974633529314747 -0.0494048650072194 -0.109343664716525
0.0277571282499721 -0.0384447884759856 -0.181025808494721 -0.0494910489194869
-0.0124637672472462 -0.037481069176925 -0.26041538674779 0.0288224012032533
-0.020043364118674 -0.044570724525969 -0.301056533386156 0.061675951139327
-0.00115840446756021 -0.0413242487644045 -0.317398809311937 0.0406952961122314
0.0310392209906171 -0.0345289312324772 -0.288506366122143 -0.0599346277109848
0.0356453962570421 -0.00704226642841383 -0.162956787976459 -0.176975472062649
0.0115575391570271 0.0336743623864423 0.00639366122953667 -0.123045852736107
-0.034640833896391 0.0194707238500924 -0.0691140371829147 -0.0306963697023795
-0.0184379586195978 -0.033734231316382 -0.187580112093293 -0.184127733417932
0.0101001930188609 -0.0252519877365046 -0.163023101872825 -0.513125698685124
-0.0707760641394829 -0.158002894351813 -0.208896858460954 -0.238960972248786
-0.131751314815334 -0.0645639375273157 -0.1777740526552 -0.0400773967127351
-0.115108296505197 0.0682472995301252 -0.0591389192966937 0.0333822779015247
0.0131633775411286 0.109337811283298 0.0379884177960024 -0.00885667961971811
0.101754068038614 0.0643133399554577 -0.0278155343070039 -0.105506147156494
0.118764475709225 -0.00626775288544068 -0.163436665396073 -0.0629365752386898
0.0877465349495667 -0.0473007305428472 -0.243006578877232 0.00688115820020393
0.0918312583704659 -0.0648045504556183 -0.281669171739028 0.0366368863705587
0.118536677235743 -0.0494071055861543 -0.292582139779422 0.012756496957725
0.169409485663904 0.00767395729943536 -0.25723247931757 -0.0732219711149439
0.122357913092161 0.117947889295867 -0.131120397678691 -0.164301330787937
-0.025488440091196 0.184414646306552 0.0137142697112885 -0.103042526984492
-0.207783219667793 0.0872969706757178 -0.0836310393656647 -0.0133137971200272
-0.203828424024572 -0.129162223390658 -0.183658059596974 -0.172298497877231
-0.103484199408287 -0.222522412835477 -0.138638904310514 -0.46848431299054
-0.131593507556473 -0.273138675177847 -0.171621034874238 -0.16928539015498
-0.221201582589152 -0.112222505762108 -0.155017297280624 -0.0379870643394298
-0.19920125654421 0.0867397859450632 -0.0558333790318271 0.0312649706692603
-0.0122448961764206 0.180997308597071 0.0328207806748746 -0.00231553767759934
0.145872445628399 0.139942338776402 -0.00993571431039353 -0.0864791202968255
0.202274666480941 0.0279508534348035 -0.126386080625836 -0.0661362160892059
0.179731577037176 -0.0518267541051988 -0.190312597854321 -0.0152183805987793
0.189730968215211 -0.0756753061341596 -0.219156121665785 0.0060268912858575
0.218941322502613 -0.0492904551201039 -0.221931098055775 -0.0149033046582681
0.284423779226327 0.0461621413598824 -0.187547018141292 -0.0744750395000556
0.196226905369929 0.226173735822485 -0.0816706807316528 -0.127265317956335
-0.0568416717980748 0.314604894779072 0.0185724972690826 -0.0712369725361511
-0.35609391827171 0.14965646286478 -0.0852951806783928 0.00585029443506844
-0.366578563858167 -0.203938459794749 -0.15469220984222 -0.133309787510774
-0.201508920535025 -0.385114028028441 -0.0930612521187561 -0.360415760785959
-0.185053724342567 -0.361055813432266 -0.11177899835411 -0.0590576285549497
-0.31233592582107 -0.144631624021736 -0.101660679552366 -0.0248798537590006
-0.282809420864094 0.119176425658768 -0.0420072083561874 0.0184864099856617
-0.0305384360645432 0.259498190307695 0.0176585462807173 0.00500480102611679
0.186946068920157 0.209089703955231 0.0116200685411501 -0.0480528262223241
0.270641593309174 0.0584751379163849 -0.0630395009787441 -0.0568420484384128
0.248286898630674 -0.0509270781178048 -0.106176153901808 -0.0352401903757395
0.256986892038751 -0.0744176733977599 -0.123213765122985 -0.0256608310985753
0.283084776910737 -0.0397152779837062 -0.118912433829041 -0.0419488805169067
0.353538690046746 0.0762380467647308 -0.0905992752441711 -0.0660091189979043
0.242861535069382 0.294181768506891 -0.0181126362410061 -0.073760424658868
-0.0730422736665051 0.396194255264745 0.0244460643124216 -0.0293124660749074
-0.443622897717993 0.193337688009348 -0.0695061541278973 0.0239050530359784
-0.467245611292721 -0.238345540733338 -0.0969000173413959 -0.075114845260134
-0.261215993690799 -0.481178503100138 -0.023806453121661 -0.207054440160605
-0.217282104785289 -0.403677211702947 -0.0286491156724657 0.0833191249627441
-0.378379488294179 -0.155306476909779 -0.0103663447060548 0.000261197496638934
-0.340700004811521 0.15126609481053 -0.0176776382516989 -0.000910010700273423
-0.0421239494963581 0.316628609489964 -0.00157728197388075 0.0225161762015633
0.208745539715802 0.254845701017639 0.0450202843953457 0.0104255295559641
0.304423238294188 0.0809606666463246 0.0264482598351398 -0.0368952407999566
0.284037663271882 -0.0436317269379738 0.00180172658342891 -0.0527792226262492
0.285230960490526 -0.0612053740565398 -0.00940664292598794 -0.0540597529936829
0.298991165789528 -0.0216845707319313 -0.00272812566869412 -0.0616212840130374
0.359186990091659 0.0923276822653529 0.0142491939484944 -0.0517692721228867
0.242486501998696 0.304246832772436 0.0483653216989753 -0.015256497816022
-0.0753275962245097 0.392725413356021 0.0316171832090139 0.0157513696888905
-0.438942786066047 0.189775517072296 -0.0383415280288121 0.0349672326411271
-0.46776228494648 -0.232410890808503 -0.0211124335414745 -0.0137309469443886
-0.269268053067524 -0.487568972435514 0.0519932564159508 -0.0421067266863567
-0.216987421105235 -0.384024140179102 0.0639400073197921 0.238008165785266
-0.378625654885842 -0.142847427941744 0.102156401268681 0.0377096781011849
-0.336425789998746 0.153907570927169 0.0133204666170236 -0.017265836283393
-0.04681882704031 0.315175421794878 -0.0179518982484148 0.0495390235566208
0.192244120717842 0.257140011319917 0.0860220408251914 0.0805972200570823
0.287077912575304 0.090104725958444 0.127879518965166 -0.00935290251948445
0.274108530536811 -0.0304132523304959 0.117329740964569 -0.0647683475282691
0.270108495328085 -0.0374989139577917 0.105618436872276 -0.0744588495579149
0.26861512598225 -3.03149474118482E-05 0.106010095807947 -0.071412772235415
0.300357068881816 0.0960437838744278 0.102723778746351 -0.032599578869067
0.18888796706078 0.259846517120353 0.0971643121771493 0.033780371361203
-0.0771787953926778 0.303519095844191 0.0334348304338008 0.0496906971989183
-0.3455456894239 0.129440209869053 -0.00585654944553946 0.0335968887087961
-0.368810304903262 -0.194452203137897 0.04638310308325 0.0340127832535944
-0.225584053038506 -0.409758839222467 0.119577267383962 0.100196978968293
-0.175703682049903 -0.29719517741396 0.142690260316731 0.378602063625524
-0.298648579994876 -0.105396205656882 0.204372077036675 0.0833076911752295
-0.257522514090114 0.113455656129773 0.0449431342629393 -0.021427372701674
-0.0465048106671396 0.237211425258753 -0.0293372357659551 0.0755044504203543
0.131568554679005 0.205343022277327 0.119469920428243 0.146312111673795
0.214540670201927 0.0830851094250856 0.220257812685601 0.0223559367787864
0.218802084915014 -0.0111938912774153 0.221590421625129 -0.0700899388534933
0.214440310647207 -0.00899671418580618 0.20321676568006 -0.0842195419606253
0.199705058130745 0.0221711871765347 0.189374040730359 -0.0684328932937902
0.197891239956804 0.0904928896184453 0.15966818346872 -0.0100959729954506
0.102879422155816 0.183364935340093 0.113068521892218 0.0669069515040505
-0.0754586267176013 0.172289721805366 0.0226711899157832 0.0631200706045013
-0.208957945455658 0.0422341014667931 0.0164483922976362 0.0196558046034589
-0.214981566764454 -0.134428199114665 0.0875108790130698 0.0588113030890191
-0.144186151933732 -0.27570834017455 0.162694168445019 0.195745266596347
-0.103634303869258 -0.155244361685931 0.190730533048989 0.478053089320381
-0.15971919480527 -0.0460016291653103 0.270725026774923 0.13335102012212
-0.122924582663966 0.0524244131209953 0.0727336235506212 -0.0164762802429424
-0.0321677097911916 0.109982945377928 -0.0362538310340987 0.0875694129316558
0.0483853735258874 0.111733715402323 0.131236456973092 0.190440199241465
0.101655666507392 0.0606661826022369 0.279426204823751 0.0520836340005709
0.124176404609744 0.0127813649444994 0.294710600113456 -0.0639766943210732
0.126592648550551 0.0221770034541954 0.270456156231357 -0.0812205647023563
0.107437452094056 0.0394800566197009 0.241792027645148 -0.0528494006465635
0.0805060917597958 0.0740025102897389 0.182338018863287 0.0161270803653898
0.0150802724184156 0.100593759668566 0.100746159579378 0.0845250548261223
-0.066865992432967 0.0488514182582125 0.00238753334583052 0.0582883234357777
-0.0751359889636712 -0.0292328357825905 0.0285904859397746 -0.000755782761711915
-0.0613592101827812 -0.0649578717675291 0.102903331608072 0.0633894371306937
-0.0544226594569291 -0.116599272361073 0.181832648536043 0.238875505520864
